0.1 1.75302e-31 200 -1.30562e-13
0.2 2.92171e-31 400 1.98952e-13
0.3 0 600 2.91323e-13
0.4 -2.16206e-30 800 -9.59233e-14
0.5 -1.86989e-30 1000 4.72511e-13
0.6 2.33737e-30 1200 -6.60805e-13
0.7 1.16868e-30 1400 4.83169e-13
0.8 -3.44761e-30 1600 9.23706e-14
0.9 2.51267e-30 1800 2.13163e-13
1 9.34946e-31 2000 1.07292e-12
0.005 0.001408 2000 -0.609783
0.01 0.00703266 2000 -3.04086
0.015 0.0182686 2000 -7.89428
0.02 0.0351022 2000 -15.1661
0.025 0.0575177 2000 -24.8494
0.03 0.0854985 2000 -36.9371
0.035 0.119027 2000 -51.4215
0.04 0.158083 2000 -68.2943
0.045 0.202648 2000 -87.5466
0.05 0.252699 2000 -109.169
0.055 0.308214 2000 -133.152
0.06 0.369167 2000 -159.485
0.065 0.435535 2000 -188.157
0.07 0.507288 2000 -219.156
0.075 0.584399 2000 -252.469
0.08 0.666836 2000 -288.083
0.085 0.754563 2000 -325.983
0.09 0.847549 2000 -366.155
0.095 0.945762 2000 -408.585
0.1 1.04917 2000 -453.261
0.105 1.15776 2000 -500.171
0.11 1.27149 2000 -549.305
0.115 1.39034 2000 -600.652
0.12 1.51429 2000 -654.202
0.125 1.64331 2000 -709.941
0.13 1.77737 2000 -767.857
0.135 1.91643 2000 -827.935
0.14 2.06045 2000 -890.155
0.145 2.20939 1999.99 -954.5
0.15 2.36319 1999.99 -1020.95
0.155 2.5218 1999.99 -1089.47
0.16 2.68516 1999.99 -1160.04
0.165 2.85321 1999.99 -1232.64
0.17 3.02593 1999.99 -1307.26
0.175 3.20325 1999.99 -1383.87
0.18 3.38516 1999.99 -1462.45
0.185 3.57162 1999.99 -1543.01
0.19 3.76264 1999.99 -1625.53
0.195 3.95819 1999.99 -1710
0.2 4.15823 1999.99 -1796.43
0.205 4.36273 1999.99 -1884.77
0.21 4.57166 1999.99 -1975.03
0.215 4.78495 1999.99 -2067.17
0.22 5.00252 1999.99 -2161.16
0.225 5.22429 1999.99 -2256.97
0.23 5.45019 1999.99 -2354.56
0.235 5.68014 1999.99 -2453.89
0.24 5.91404 1999.99 -2554.94
0.245 6.1518 1999.99 -2657.65
0.25 6.39335 1999.99 -2762
0.255 6.63867 1999.99 -2867.98
0.26 6.88772 1999.99 -2975.57
0.265 7.14054 1999.99 -3084.79
0.27 7.39717 1999.99 -3195.65
0.275 7.65766 1999.99 -3308.19
0.28 7.92201 1999.99 -3422.38
0.285 8.19017 1999.98 -3538.23
0.29 8.46209 1999.98 -3655.7
0.295 8.73775 1999.98 -3774.79
0.3 9.01709 1999.98 -3895.46
0.305 9.30006 1999.98 -4017.71
0.31 9.58662 1999.98 -4141.5
0.315 9.87665 1999.98 -4266.8
0.32 10.17 1999.98 -4393.54
0.325 10.4667 1999.98 -4521.7
0.33 10.7666 1999.98 -4651.25
0.335 11.0697 1999.98 -4782.19
0.34 11.376 1999.98 -4914.51
0.345 11.6854 1999.98 -5048.19
0.35 11.9979 1999.98 -5183.19
0.355 12.3134 1999.98 -5319.49
0.36 12.6317 1999.98 -5457.02
0.365 12.9529 1999.98 -5595.76
0.37 13.2768 1999.98 -5735.67
0.375 13.6033 1999.98 -5876.75
0.38 13.9325 1999.98 -6018.95
0.385 14.2642 1999.98 -6162.26
0.39 14.5985 1999.98 -6306.66
0.395 14.9352 1999.98 -6452.12
0.4 15.2742 1999.98 -6598.61
0.405 15.6157 1999.98 -6746.11
0.41 15.9594 1999.98 -6894.6
0.415 16.3053 1999.98 -7044.05
0.42 16.6535 1999.98 -7194.44
0.425 17.0037 1999.98 -7345.74
0.43 17.356 1999.98 -7497.93
0.435 17.7102 1999.98 -7650.98
0.44 18.0665 1999.98 -7804.87
0.445 18.4246 1999.98 -7959.58
0.45 18.7845 1999.98 -8115.07
0.455 19.1462 1999.98 -8271.32
0.46 19.5096 1999.97 -8428.32
0.465 19.8746 1999.97 -8586.03
0.47 20.2413 1999.97 -8744.42
0.475 20.6095 1999.97 -8903.49
0.48 20.9792 1999.97 -9063.21
0.485 21.3505 1999.97 -9223.63
0.49 21.7235 1999.97 -9384.77
0.495 22.0983 1999.97 -9546.67
0.5 22.4748 1999.97 -9709.33
0.505 22.8531 1999.97 -9872.76
0.51 23.2225 2000.02 -10033.8
0.515 23.5959 2000.03 -10195.7
0.52 23.9743 2000.02 -10358.7
0.525 24.3539 2000.01 -10522.4
0.53 24.731 2000.02 -10685.6
0.535 25.1039 2000.04 -10847.2
0.54 25.4815 2000.03 -11010
0.545 25.86 2000.02 -11173.2
0.55 26.2392 2000.01 -11336.7
0.555 26.6125 2000.03 -11498.7
0.56 26.9758 2000.08 -11656.7
0.565 27.3448 2000.06 -11815.6
0.57 27.7099 2000.06 -11973.1
0.575 28.0518 2000.14 -12121.8
0.58 28.3983 2000.11 -12270.9
0.585 28.7434 2000.08 -12419.5
0.59 29.0874 2000.06 -12567.7
0.595 29.4158 2000.13 -12711.3
0.6 29.7454 2000.15 -12854.3
0.605 30.0549 2000.29 -12989.3
0.61 30.3678 2000.32 -13124.6
0.615 30.6839 2000.26 -13260.1
0.62 30.9987 2000.2 -13395.2
0.625 31.3124 2000.16 -13530.1
0.63 31.6254 2000.12 -13664.8
0.635 31.9378 2000.09 -13799.3
0.64 32.2175 2000.32 -13923
0.645 32.4893 2000.45 -14041.9
0.65 32.7697 2000.36 -14161.8
0.655 33.049 2000.29 -14281.6
0.66 33.3274 2000.23 -14401.1
0.665 33.605 2000.18 -14520.3
0.67 33.8818 2000.14 -14639.4
0.675 34.158 2000.11 -14758.4
0.68 34.4337 2000.08 -14877.1
0.685 34.7092 2000.06 -14995.9
0.69 34.9845 2000.05 -15114.6
0.695 35.2583 2000.05 -15232.9
0.7 35.5076 2000.19 -15341.8
0.705 35.7576 2000.17 -15449.9
0.71 36.0095 2000.13 -15558.3
0.715 36.261 2000.1 -15666.6
0.72 36.5113 2000.08 -15774.4
0.725 36.7597 2000.06 -15881.6
0.73 37.0057 2000.04 -15987.7
0.735 37.2487 2000.03 -16092.5
0.74 37.4882 2000.02 -16195.9
0.745 37.7242 2000.01 -16297.7
0.75 37.9566 2000.01 -16398
0.755 38.1855 2000 -16496.8
0.76 38.4111 2000 -16594.3
0.765 38.6339 2000 -16690.5
0.77 38.8457 2000.09 -16782.6
0.775 39.0444 2000.2 -16869.5
0.78 39.243 2000.18 -16955.4
0.785 39.4413 2000.15 -17040.6
0.79 39.6374 2000.12 -17125.1
0.795 39.8284 2000.11 -17207.7
0.8 40.0187 2000.08 -17289.6
0.805 40.2046 2000.09 -17370.1
0.81 40.3868 2000.09 -17449
0.815 40.5694 2000.07 -17527.6
0.82 40.7509 2000.06 -17605.8
0.825 40.9314 2000.04 -17683.6
0.83 41.1111 2000.03 -17761
0.835 41.2903 2000.02 -17838.3
0.84 41.4574 2000.12 -17912.2
0.845 41.6278 2000.14 -17986.3
0.85 41.8012 2000.11 -18060.7
0.855 41.9744 2000.09 -18135.1
0.86 42.1475 2000.07 -18209.6
0.865 42.3206 2000.06 -18284.1
0.87 42.4935 2000.04 -18358.6
0.875 42.6662 2000.03 -18433
0.88 42.8327 2000.08 -18505.6
0.885 42.9886 2000.21 -18574
0.89 43.1457 2000.23 -18641.5
0.895 43.3004 2000.19 -18708.1
0.9 43.4494 2000.18 -18772.6
0.905 43.5967 2000.14 -18835.8
0.91 43.7403 2000.12 -18897.6
0.915 43.8795 2000.09 -18957.5
0.92 44.0139 2000.07 -19015.3
0.925 44.1315 2000.17 -19067.7
0.93 44.2464 2000.19 -19117.9
0.935 44.3594 2000.15 -19166.1
0.94 44.4676 2000.12 -19212.3
0.945 44.5717 2000.1 -19256.9
0.95 44.6723 2000.08 -19300
0.955 44.7699 2000.06 -19341.9
0.96 44.8652 2000.05 -19382.9
0.965 44.9584 2000.04 -19423
0.97 45.0501 2000.03 -19462.5
0.975 45.1376 2000.05 -19500.6
0.98 45.2202 2000.09 -19536.8
0.985 45.3043 2000.07 -19572.9
0.99 45.3881 2000.06 -19608.8
0.995 45.4718 2000.04 -19644.8
1 45.5553 2000.04 -19680.7
1.005 45.6385 2000.03 -19716.6
1.01 45.7213 2000.02 -19752.2
1.015 45.8032 2000.02 -19787.5
1.02 45.8835 2000.03 -19821.8
1.025 45.9585 2000.04 -19854.4
1.03 46.0319 2000.03 -19886.1
1.035 46.102 2000.03 -19916.5
1.04 46.1642 2000.07 -19943.9
1.045 46.226 2000.05 -19970.5
1.05 46.2857 2000.04 -19996.2
1.055 46.3438 2000.03 -20021.1
1.06 46.4003 2000.03 -20045.5
1.065 46.4556 2000.02 -20069.3
1.07 46.5098 2000.02 -20092.6
1.075 46.5631 2000.01 -20115.6
1.08 46.6157 2000.01 -20138.3
1.085 46.6674 2000.01 -20160.6
1.09 46.7182 2000.01 -20182.5
1.095 46.7675 2000.01 -20203.8
1.1 46.8151 2000.01 -20224.4
1.105 46.8604 2000 -20243.9
1.11 46.9028 2000 -20262.2
1.115 46.9419 2000 -20279.1
1.12 46.975 2000.03 -20293.7
1.125 47.0041 2000.04 -20306.4
1.13 47.0298 2000.03 -20317.5
1.135 47.0515 2000.03 -20326.7
1.14 47.0694 2000.03 -20334.3
1.145 47.0839 2000.03 -20340.5
1.15 47.0954 2000.02 -20345.4
1.155 47.1043 2000.02 -20349.2
1.16 47.1106 2000.01 -20351.9
1.165 47.1146 2000.01 -20353.6
1.17 47.1163 2000.01 -20354.3
1.175 47.1156 2000.01 -20354.1
1.18 47.1117 2000 -20352.4
1.185 47.1057 2000 -20349.8
1.19 47.0978 2000 -20346.4
1.195 47.0886 2000 -20342.4
1.2 47.0786 2000 -20338
1.205 47.0681 2000 -20333.5
1.21 47.0576 2000 -20328.9
1.215 47.047 2000 -20324.4
1.22 47.0363 2000 -20319.7
1.225 47.0249 2000 -20314.8
1.23 47.012 2000.01 -20309.2
1.235 46.997 2000.01 -20302.8
1.24 46.9793 2000.01 -20295.1
1.245 46.9581 2000.01 -20285.9
1.25 46.933 2000 -20275.1
1.255 46.9037 2000 -20262.4
1.26 46.8702 2000 -20247.9
1.265 46.8322 2000 -20231.5
1.27 46.79 2000 -20213.3
1.275 46.7413 2000.02 -20192.6
1.28 46.6883 2000.03 -20169.8
1.285 46.6309 2000.02 -20144.9
1.29 46.5686 2000.02 -20117.9
1.295 46.5013 2000.02 -20088.8
1.3 46.4292 2000.01 -20057.6
1.305 46.3523 2000.01 -20024.4
1.31 46.2711 2000.01 -19989.2
1.315 46.1857 2000.01 -19952.3
1.32 46.0964 2000 -19913.7
1.325 46.0035 2000 -19873.6
1.33 45.9072 2000 -19832
1.335 45.8078 2000 -19789
1.34 45.7055 2000 -19744.8
1.345 45.6015 2000.01 -19699.4
1.35 45.4944 2000.02 -19652.7
1.355 45.3834 2000.02 -19604.9
1.36 45.2712 2000.01 -19556.5
1.365 45.1556 2000.04 -19507.2
1.37 45.0375 2000.06 -19456.7
1.375 44.922 2000.05 -19406.7
1.38 44.8077 2000.04 -19357.3
1.385 44.6936 2000.05 -19308.1
1.39 44.5827 2000.04 -19260.1
1.395 44.4747 2000.03 -19213.4
1.4 44.3696 2000.02 -19167.9
1.405 44.2671 2000.02 -19123.6
1.41 44.1668 2000.01 -19080.2
1.415 44.0677 2000.01 -19037.4
1.42 43.969 2000.01 -18994.7
1.425 43.8695 2000.01 -18951.7
1.43 43.7683 2000 -18907.9
1.435 43.6645 2000 -18863.1
1.44 43.5552 2000.02 -18816.2
1.445 43.4389 2000.05 -18766.5
1.45 43.3204 2000.04 -18715.1
1.455 43.1975 2000.03 -18661.9
1.46 43.0701 2000.03 -18606.7
1.465 42.9382 2000.02 -18549.6
1.47 42.8015 2000.02 -18490.5
1.475 42.66 2000.01 -18429.3
1.48 42.514 2000.01 -18366.2
1.485 42.3635 2000 -18301.1
1.49 42.2084 2000 -18234.1
1.495 42.0458 2000.04 -18164
1.5 41.8665 2000.14 -18087.8
1.505 41.6794 2000.17 -18007.7
1.51 41.4898 2000.14 -17925.4
1.515 41.2952 2000.11 -17840.9
1.52 41.0961 2000.09 -17754.6
1.525 40.8922 2000.08 -17666.5
1.53 40.6818 2000.09 -17575.8
1.535 40.471 2000.07 -17484.5
1.54 40.259 2000.06 -17392.7
1.545 40.0333 2000.15 -17297.1
1.55 39.8104 2000.18 -17201.3
1.555 39.591 2000.14 -17105.9
1.56 39.3711 2000.12 -17010.4
1.565 39.1501 2000.09 -16914.5
1.57 38.9274 2000.08 -16818
1.575 38.7023 2000.06 -16720.4
1.58 38.4741 2000.05 -16621.6
1.585 38.2355 2000.09 -16519.5
1.59 37.9894 2000.13 -16414
1.595 37.7439 2000.1 -16307.4
1.6 37.495 2000.08 -16199.5
1.605 37.243 2000.07 -16090.3
1.61 36.9709 2000.16 -15973.3
1.615 36.6926 2000.18 -15853.7
1.62 36.4131 2000.18 -15733.2
1.625 36.1318 2000.17 -15611.7
1.63 35.8492 2000.16 -15489.6
1.635 35.5681 2000.13 -15367.6
1.64 35.2832 2000.12 -15244.6
1.645 34.9951 2000.13 -15120.3
1.65 34.7081 2000.1 -14995.9
1.655 34.4191 2000.08 -14870.6
1.66 34.127 2000.07 -14744.1
1.665 33.8307 2000.05 -14615.9
1.67 33.5294 2000.04 -14485.5
1.675 33.2226 2000.04 -14352.8
1.68 32.8938 2000.17 -14212.1
1.685 32.546 2000.29 -14062.9
1.69 32.1971 2000.23 -13911.6
1.695 31.8427 2000.19 -13758
1.7 31.4832 2000.15 -13602.3
1.705 31.1125 2000.16 -13442.8
1.71 30.7345 2000.17 -13279.9
1.715 30.3539 2000.13 -13115
1.72 29.9669 2000.11 -12947.4
1.725 29.5737 2000.09 -12777.2
1.73 29.1693 2000.11 -12602.7
1.735 28.7217 2000.28 -12411.3
1.74 28.2789 2000.23 -12219.3
1.745 27.8349 2000.18 -12026.9
1.75 27.3926 2000.15 -11835.4
1.755 26.9403 2000.2 -11641.7
1.76 26.4952 2000.22 -11450.2
1.765 26.0366 2000.37 -11253.8
1.77 25.5896 2000.41 -11061
1.775 25.1586 2000.33 -10873.6
1.78 24.7379 2000.27 -10690.9
1.785 24.3273 2000.22 -10512.7
1.79 23.9258 2000.18 -10338.6
1.795 23.4911 2000.32 -10153.9
1.8 23.0682 2000.32 -9971.81
1.805 22.6591 2000.26 -9793.85
1.81 22.2557 2000.21 -9618.6
1.815 21.857 2000.17 -9445.57
1.82 21.4625 2000.14 -9274.5
1.825 21.0721 2000.11 -9105.3
1.83 20.6854 2000.09 -8937.83
1.835 20.2862 2000.14 -8767.18
1.84 19.8876 2000.17 -8595.98
1.845 19.4973 2000.14 -8426.5
1.85 19.1079 2000.11 -8257.55
1.855 18.7192 2000.09 -8089.07
1.86 18.331 2000.07 -7920.92
1.865 17.9346 2000.09 -7750.39
1.87 17.5358 2000.1 -7578.52
1.875 17.1393 2000.08 -7406.65
1.88 16.7411 2000.07 -7234.15
1.885 16.3411 2000.05 -7060.96
1.89 15.9349 2000.06 -6885.73
1.895 15.52 2000.07 -6707.1
1.9 15.1058 2000.06 -6527.67
1.905 14.6873 2000.05 -6346.51
1.91 14.2643 2000.04 -6163.46
1.915 13.8374 2000.03 -5978.79
1.92 13.4082 2000.02 -5793.19
1.925 12.9788 2000.02 -5607.52
1.93 12.5512 2000.01 -5422.65
1.935 12.127 2000.01 -5239.29
1.94 11.7078 2000.01 -5058.11
1.945 11.2949 2000 -4879.68
1.95 10.889 2000 -4704.27
1.955 10.4901 2000 -4531.89
1.96 10.0978 2000 -4362.36
1.965 9.71104 2000 -4195.24
1.97 9.32883 2000 -4030.11
1.975 8.95025 2000 -3866.55
1.98 8.57493 1999.99 -3704.37
1.985 8.20263 1999.99 -3543.52
1.99 7.83325 1999.99 -3383.93
1.995 7.46685 1999.99 -3225.65
2 7.10345 1999.99 -3068.66
2.005 6.74319 1999.99 -2913.02
2.01 6.38603 1999.98 -2758.72
2.015 6.03108 1999.98 -2605.4
2.02 5.67772 1999.98 -2452.72
2.025 5.32485 1999.98 -2300.25
2.03 4.97144 1999.98 -2147.62
2.035 4.61786 1999.98 -1994.89
2.04 4.26503 1999.98 -1842.5
2.045 3.91441 1999.97 -1691.03
2.05 3.56763 1999.97 -1541.17
2.055 3.22581 1999.97 -1393.48
2.06 2.88967 1999.97 -1248.28
2.065 2.55973 1999.97 -1105.78
2.07 2.23546 1999.97 -965.695
2.075 1.91623 1999.96 -827.729
2.08 1.60054 1999.96 -691.362
2.085 1.28781 1999.96 -556.316
2.09 0.978637 1999.95 -422.776
2.095 0.672765 1999.95 -290.662
2.1 0.37083 1999.96 -160.214
2.105 0.0737568 1999.97 -31.8685
2.11 -0.216815 1999.97 93.6249
2.115 -0.498446 1999.97 215.233
2.12 -0.768143 1999.96 331.848
2.125 -1.02531 1999.97 442.994
2.13 -1.26861 1999.97 548.027
2.135 -1.49639 1999.97 646.376
2.14 -1.70816 1999.97 737.821
2.145 -1.90481 1999.97 822.676
2.15 -2.08705 1999.97 901.381
2.155 -2.25632 1999.97 974.548
2.16 -2.41465 1999.96 1042.86
2.165 -2.56423 1999.96 1107.45
2.17 -2.70746 1999.97 1169.33
2.175 -2.84699 1999.97 1229.58
2.18 -2.98514 1999.97 1289.19
2.185 -3.12405 1999.97 1349.19
2.19 -3.26634 1999.97 1410.75
2.195 -3.41378 1999.97 1474.53
2.2 -3.56761 1999.96 1541.05
2.205 -3.72917 1999.96 1610.74
2.21 -3.89784 1999.96 1683.57
2.215 -4.07277 1999.97 1759.19
2.22 -4.25132 1999.97 1836.49
2.225 -4.43034 1999.96 1914
2.23 -4.60804 1999.97 1990.75
2.235 -4.77889 1999.97 2064.66
2.24 -4.94006 1999.97 2134.35
2.245 -5.08974 1999.97 2198.98
2.25 -5.22428 1999.97 2257.16
2.255 -5.34471 1999.97 2309.14
2.26 -5.4507 1999.98 2354.89
2.265 -5.54328 1999.98 2394.85
2.27 -5.62409 1999.99 2429.74
2.275 -5.69472 1999.99 2460.25
2.28 -5.75687 1999.99 2487.08
2.285 -5.81069 1999.99 2510.31
2.29 -5.85542 1999.99 2529.62
2.295 -5.88978 1999.99 2544.44
2.3 -5.91245 2000 2554.23
2.305 -5.92238 2000 2558.51
2.31 -5.91839 1999.99 2556.78
2.315 -5.89898 1999.98 2548.4
2.32 -5.8643 1999.99 2533.41
2.325 -5.81497 1999.99 2512.09
2.33 -5.75196 1999.99 2484.87
2.335 -5.6764 1999.99 2452.22
2.34 -5.58941 1999.99 2414.64
2.345 -5.49212 2000 2372.61
2.35 -5.38579 2000 2326.67
2.355 -5.272 2000 2277.51
2.36 -5.15283 2000 2226.03
2.365 -5.03111 2000 2173.44
2.37 -4.9105 2000 2121.34
2.375 -4.79512 2000 2071.5
2.38 -4.68898 2000 2025.64
2.385 -4.59539 2000 1985.21
2.39 -4.51688 2000 1951.29
2.395 -4.4554 2000 1924.74
2.4 -4.41233 2000 1906.13
2.405 -4.38825 2000 1895.72
2.41 -4.38291 2000 1893.42
2.415 -4.39548 2000 1898.85
2.42 -4.42486 2000 1911.54
2.425 -4.46987 2000 1930.98
2.43 -4.52943 2000 1956.71
2.435 -4.60293 2000 1988.47
2.44 -4.6904 2000 2026.25
2.445 -4.79211 2000 2070.19
2.45 -4.90832 2000 2120.39
2.455 -5.0393 2000 2176.98
2.46 -5.18566 2000 2240.21
2.465 -5.34833 2000 2310.48
2.47 -5.52841 2000 2388.27
2.475 -5.72683 2000 2473.99
2.48 -5.94239 1999.97 2567.11
2.485 -6.15938 1999.81 2660.86
2.49 -6.39238 1999.84 2761.58
2.495 -6.64182 1999.87 2869.4
2.5 -6.90767 1999.89 2984.35
2.505 -7.19124 1999.9 3106.92
2.51 -7.49444 1999.92 3237.88
2.515 -7.81866 1999.93 3377.95
2.52 -8.16552 1999.93 3527.81
2.525 -8.5356 1999.91 3687.71
2.53 -8.92912 1999.89 3857.76
2.535 -9.34736 1999.88 4038.53
2.54 -9.79237 1999.89 4230.88
2.545 -10.2664 1999.9 4435.71
2.55 -10.7716 1999.9 4653.99
2.555 -11.3103 1999.91 4886.72
2.56 -11.8849 1999.92 5134.93
2.565 -12.4978 1999.92 5399.68
2.57 -13.1515 1999.92 5682.04
2.575 -13.8482 1999.92 5982.92
2.58 -14.589 1999.92 6302.84
2.585 -15.374 1999.91 6641.98
2.59 -16.2033 1999.91 7000.28
2.595 -17.0742 1999.91 7376.81
2.6 -17.9665 1999.96 7764.29
2.605 -18.9047 1999.94 8169.4
2.61 -19.8659 1999.98 8586.22
2.615 -20.8493 2000.02 9012.83
2.62 -21.8348 2000.17 9442.83
2.625 -22.8436 2000.24 9881.01
2.63 -23.8913 2000.16 10331.8
2.635 -24.935 2000.25 10783.4
2.64 -25.9085 2000.59 11209.7
2.645 -26.925 2000.43 11646.2
2.65 -27.8842 2000.81 12064.3
2.655 -28.8519 2000.94 12483.8
2.66 -29.7289 2001.57 12869.4
2.665 -30.6136 2001.7 13251.9
2.67 -31.5196 2001.33 13638.8
2.675 -32.4289 2001.03 14028.1
2.68 -33.2588 2001.58 14391.1
2.685 -34.0769 2001.79 14746.5
2.69 -34.9187 2001.4 15106.1
2.695 -35.7632 2001.09 15467.7
2.7 -36.5938 2001.02 15825.1
2.705 -37.3778 2001.19 16164.1
2.71 -38.1614 2000.98 16501.6
2.715 -38.9216 2000.9 16831
2.72 -39.6808 2000.75 17158.1
2.725 -40.4168 2000.75 17477.4
2.73 -41.1063 2001.06 17778
2.735 -41.7896 2001.09 18071.3
2.74 -42.4416 2001.09 18355.1
2.745 -43.0664 2001.2 18628.7
2.75 -43.6842 2001.17 18896.4
2.755 -44.2724 2001.19 19152
2.76 -44.8758 2001.14 19405.9
2.765 -45.432 2001.26 19645.7
2.77 -45.9653 2001.27 19879
2.775 -46.463 2001.47 20098.8
2.78 -46.9474 2001.71 20307.9
2.785 -47.4131 2001.71 20510.2
2.79 -47.8651 2001.63 20707.8
2.795 -48.3148 2001.77 20901.5
2.8 -48.7645 2001.72 21092.1
2.805 -49.2009 2001.65 21279.7
2.81 -49.6242 2001.62 21461.2
2.815 -50.0283 2001.25 21638.3
2.82 -50.4261 2000.89 21813.1
2.825 -50.7817 2000.87 21976.1
2.83 -51.1311 2001.14 22126.4
2.835 -51.4133 2001.14 22253.5
2.84 -51.335 2000.11 22285.7
2.845 -51.0754 1998.44 22234.5
2.85 -50.7785 1997.09 22117.7
2.855 -50.3555 1997 21933.1
2.86 -49.946 1998.26 21727.5
2.865 -49.4352 1998.37 21485.2
2.87 -48.8019 1997.68 21203.8
2.875 -48.1397 1997.34 20902.4
2.88 -47.4639 1997.78 20589
2.885 -46.7457 1997.99 20259
2.89 -45.9297 1997.67 19899.1
2.895 -45.2474 1998.62 19569.9
2.9 -44.7023 1999.64 19299.9
2.905 -44.0549 1999.41 19022.1
2.91 -43.3714 1998.83 18732.5
2.915 -42.8795 1999.75 18492
2.92 -42.3144 1999.56 18243.8
2.925 -41.7063 1998.79 17991.4
2.93 -41.5556 1999.76 17892.2
2.935 -41.2731 1999.14 17785.7
2.94 -41.075 1998.92 17699.6
2.945 -41.1351 2000.32 17704.2
2.95 -41.0975 2000.1 17701.4
2.955 -41.0645 1999.92 17697.9
2.96 -41.0348 1999.77 17693.8
2.965 -41.0071 1999.65 17688.9
2.97 -40.9733 1999.34 17681.1
2.975 -40.9328 1999 17669.6
2.98 -40.8954 1998.88 17657.2
2.985 -40.851 1998.68 17641.6
2.99 -40.8126 1998.81 17626.5
2.995 -40.7732 1998.92 17610.8
3 -40.7324 1998.99 17594.2
3.005 -40.6897 1999.03 17576.6
3.01 -40.6765 1999.69 17567.2
3.015 -40.6604 2000.03 17558.5
3.02 -40.6315 1999.89 17547.7
3.025 -40.6014 1999.76 17536.2
3.03 -40.5697 1999.64 17523.7
3.035 -40.5358 1999.51 17510.1
3.04 -40.4993 1999.37 17495.3
3.045 -40.4593 1999.21 17478.9
3.05 -40.4151 1999.03 17460.7
3.055 -40.3543 1998.35 17436.9
3.06 -40.2846 1997.83 17408.6
3.065 -40.2143 1997.81 17378.3
3.07 -40.1348 1997.67 17344.4
3.075 -39.994 1994.46 17290.2
3.08 -39.7658 1991.17 17199.7
3.085 -39.5559 1992.29 17107.5
3.09 -39.4436 2000.57 17046.4
3.095 -39.2944 2004.35 16978
3.1 -39.1176 2002.36 16903.6
3.105 -38.9158 2000.75 16818
3.11 -38.7192 1998.29 16728.4
3.115 -38.4317 1993.5 16607.2
3.12 -0.0803562 -67.4783 34.4908
