0.1 9.34946e-31 200 1.76748e-13
0.2 8.76512e-31 400 2.04281e-13
0.3 -1.16868e-31 600 1.63425e-13
0.4 -5.25907e-31 800 -1.9007e-13
0.5 -1.75302e-30 1000 3.12639e-13
0.6 2.33737e-31 1200 2.85993e-13
0.7 -2.33737e-31 1400 -4.03233e-13
0.8 -1.86989e-30 1600 9.29035e-13
0.9 9.9338e-31 1800 1.66978e-13
1 7.0121e-31 2000 -5.40012e-13
0.005 1.1868e-05 2000 -0.00514418
0.01 5.92647e-05 2000 -0.0256351
0.015 0.000153995 2000 -0.0665519
0.02 0.000296043 2000 -0.127912
0.025 0.000485424 2000 -0.20972
0.03 0.000722196 2000 -0.312002
0.035 0.00100643 2000 -0.43479
0.04 0.00133819 2000 -0.578107
0.045 0.00171746 2000 -0.741951
0.05 0.00214416 2000 -0.926281
0.055 0.00261809 2000 -1.13102
0.06 0.00313913 2000 -1.35611
0.065 0.00370737 2000 -1.60159
0.07 0.00432318 2000 -1.86762
0.075 0.00498723 2000 -2.15448
0.08 0.00570034 2000 -2.46255
0.085 0.00646341 2000 -2.7922
0.09 0.00727721 2000 -3.14376
0.095 0.00814209 2000 -3.51739
0.1 0.00905785 2000 -3.91299
0.105 0.010024 2000 -4.33038
0.11 0.0110405 2000 -4.76948
0.115 0.0121079 2000 -5.23062
0.12 0.0132287 2000 -5.71481
0.125 0.0144067 2000 -6.22371
0.13 0.0156464 2000 -6.75924
0.135 0.0169515 2000 -7.32305
0.14 0.0183243 2000 -7.91609
0.145 0.0197654 2000 -8.53864
0.15 0.0212745 2000 -9.1906
0.155 0.0228519 2000 -9.87201
0.16 0.0244986 2000 -10.5834
0.165 0.0262176 2000 -11.326
0.17 0.0280137 2000 -12.1019
0.175 0.0298928 2000 -12.9137
0.18 0.0318608 2000 -13.7639
0.185 0.0339233 2000 -14.6549
0.19 0.0360854 2000 -15.5889
0.195 0.0383528 2000 -16.5684
0.2 0.0407331 2000 -17.5967
0.205 0.0432368 2000 -18.6783
0.21 0.0458815 2000 -19.8208
0.215 0.0486929 2000 -21.0354
0.22 0.0517005 2000 -22.3346
0.225 0.0549296 2000 -23.7296
0.23 0.058395 2000 -25.2267
0.235 0.0620955 2000 -26.8253
0.24 0.0660141 2000 -28.5181
0.245 0.0701227 2000 -30.293
0.25 0.0743914 2000 -32.1371
0.255 0.0787975 2000 -34.0405
0.26 0.0833325 2000 -35.9997
0.265 0.0880035 2000 -38.0175
0.27 0.092829 2000 -40.1021
0.275 0.0978328 2000 -42.2638
0.28 0.103038 2000 -44.5126
0.285 0.108466 2000 -46.8572
0.29 0.11413 2000 -49.3042
0.295 0.120045 2000 -51.8594
0.3 0.126224 2000 -54.5289
0.305 0.132685 2000 -57.3199
0.31 0.139448 2000 -60.2418
0.315 0.146541 2000 -63.3059
0.32 0.153993 2000 -66.5252
0.325 0.161833 2000 -69.9119
0.33 0.170083 2000 -73.4759
0.335 0.178759 2000 -77.2238
0.34 0.187869 2000 -81.1595
0.345 0.197419 2000 -85.2851
0.35 0.207413 2000 -89.6024
0.355 0.217852 2000 -94.1122
0.36 0.228734 2000 -98.8132
0.365 0.24005 2000 -103.702
0.37 0.251787 2000 -108.772
0.375 0.263936 2000 -114.021
0.38 0.276493 2000 -119.445
0.385 0.289452 2000 -125.043
0.39 0.302795 2000 -130.808
0.395 0.316475 2000 -136.717
0.4 0.330405 2000 -142.735
0.405 0.344448 2000 -148.802
0.41 0.358426 2000 -154.84
0.415 0.372125 2000 -160.758
0.42 0.385319 2000 -166.458
0.425 0.397793 2000 -171.847
0.43 0.409384 2000 -176.854
0.435 0.420013 2000 -181.446
0.44 0.429709 2000 -185.635
0.445 0.438607 2000 -189.478
0.45 0.446935 2000 -193.076
0.455 0.454986 2000 -196.554
0.46 0.463085 2000 -200.053
0.465 0.471532 2000 -203.702
0.47 0.480557 2000 -207.601
0.475 0.49027 2000 -211.797
0.48 0.500652 2000 -216.282
0.485 0.511574 2000 -221
0.49 0.52283 2000 -225.863
0.495 0.534171 2000 -230.762
0.5 0.545337 2000 -235.586
0.505 0.556055 2000 -240.216
0.51 0.566039 2000 -244.529
0.515 0.574971 2000 -248.388
0.52 0.582495 2000 -251.638
0.525 0.588236 2000 -254.118
0.53 0.591855 2000 -255.682
0.535 0.593118 2000 -256.227
0.54 0.591804 2000 -255.659
0.545 0.587862 1999.99 -253.957
0.55 0.581561 2000 -251.235
0.555 0.573281 2000 -247.658
0.56 0.563451 2000 -243.411
0.565 0.552488 2000 -238.675
0.57 0.540726 2000 -233.594
0.575 0.528373 2000 -228.257
0.58 0.515497 2000 -222.695
0.585 0.502094 2000 -216.905
0.59 0.488166 2000 -210.888
0.595 0.473807 2000 -204.685
0.6 0.459239 2000 -198.391
0.605 0.444801 2000 -192.154
0.61 0.430878 2000 -186.139
0.615 0.417797 2000 -180.488
0.62 0.405774 2000 -175.295
0.625 0.394906 2000 -170.599
0.63 0.385167 2000 -166.392
0.635 0.376405 2000 -162.607
0.64 0.36834 2000 -159.123
0.645 0.360568 2000 -155.765
0.65 0.352567 2000 -152.309
0.655 0.343708 2000 -148.482
0.66 0.333284 2000 -143.979
0.665 0.320589 2000 -138.495
0.67 0.305053 2000 -131.783
0.675 0.286377 2000 -123.715
0.68 0.264593 2000 -114.304
0.685 0.240066 2000 -103.709
0.69 0.213432 2000 -92.2025
0.695 0.185522 2000 -80.1453
0.7 0.15727 2000 -67.9407
0.705 0.129626 2000 -55.9986
0.71 0.103486 2000 -44.706
0.715 0.0795799 2000 -34.3784
0.72 0.0584282 2000 -25.2408
0.725 0.0403313 2000 -17.4227
0.73 0.0254588 2000 -10.9975
0.735 0.0139068 1999.99 -6.00656
0.74 0.00570417 1999.99 -2.46269
0.745 0.000734655 1999.99 -0.316042
0.75 -0.00125698 2000 0.544083
0.755 -0.000749616 2000 0.324909
0.76 0.0015562 2000 -0.671305
0.765 0.004733 2000 -2.04388
0.77 0.00775796 2000 -3.35081
0.775 0.00959502 2000 -4.14455
0.78 0.00928013 2000 -4.00861
0.785 0.00601286 2000 -2.59723
0.79 -0.000756713 2000 0.326921
0.795 -0.0110556 1999.99 4.78255
0.8 -0.024824 1999.99 10.7373
0.805 -0.0411093 1999.98 17.7766
0.81 -0.0596761 1999.98 25.7982
0.815 -0.0805976 1999.98 34.8325
0.82 -0.103573 1999.99 44.7551
0.825 -0.12828 1999.99 55.4265
0.83 -0.154399 1999.99 66.7082
0.835 -0.181611 1999.99 78.4624
0.84 -0.209598 1999.99 90.5518
0.845 -0.238057 2000 102.845
0.85 -0.266722 2000 115.228
0.855 -0.295397 2000 127.615
0.86 -0.323982 2000 139.963
0.865 -0.352501 2000 152.283
0.87 -0.381099 2000 164.637
0.875 -0.409989 2000 177.118
0.88 -0.439353 2000 189.802
0.885 -0.469234 2000 202.711
0.89 -0.499462 2000 215.769
0.895 -0.529613 2000 228.794
0.9 -0.55904 2000 241.507
0.905 -0.587058 2000 253.61
0.91 -0.613198 2000 264.903
0.915 -0.637424 2000 275.369
0.92 -0.660237 2000 285.224
0.925 -0.682656 2000 294.908
0.93 -0.706017 2000 305
0.935 -0.731626 2000 316.063
0.94 -0.760385 2000 328.487
0.945 -0.792573 2000 342.393
0.95 -0.827792 2000 357.607
0.955 -0.865059 2000 373.707
0.96 -0.90298 2000 390.089
0.965 -0.939944 2000 406.057
0.97 -0.974311 2000 420.904
0.975 -1.00459 2000 433.986
0.98 -1.02957 2000 444.776
0.985 -1.04832 2000 452.874
0.99 -1.06014 2000 457.981
0.995 -1.06447 2000 459.851
1 -1.06035 1999.99 458.072
1.005 -1.04674 1999.99 452.193
1.01 -1.02326 1999.99 442.05
1.015 -0.989743 1999.99 427.571
1.02 -0.946209 1999.99 408.764
1.025 -0.892738 1999.99 385.664
1.03 -0.829423 2000 358.312
1.035 -0.75644 2000 326.783
1.04 -0.674145 2000 291.231
1.045 -0.583123 2000 251.91
1.05 -0.484194 2000 209.172
1.055 -0.378349 2000 163.447
1.06 -0.266645 2000 115.191
1.065 -0.15007 2000 64.8304
1.07 -0.0294863 2000 12.7379
1.075 0.0943438 2000 -40.7569
1.08 0.220656 2000 -95.3238
1.085 0.348542 2000 -150.571
1.09 0.476758 1999.99 -205.961
1.095 0.602806 1999.95 -260.427
1.1 0.718532 1999.84 -310.499
1.105 0.827752 1999.81 -357.692
1.11 0.931975 1999.84 -402.699
1.115 1.0305 1999.87 -445.249
1.12 1.12281 1999.9 -485.114
1.125 1.20877 1999.92 -522.236
1.13 1.28862 1999.93 -556.727
1.135 1.36295 1999.95 -588.83
1.14 1.4325 1999.96 -618.87
1.145 1.49799 1999.97 -647.155
1.15 1.55982 1999.97 -673.863
1.155 1.61786 1999.98 -698.935
1.16 1.67134 1999.98 -722.035
1.165 1.71891 1999.99 -742.582
1.17 1.75886 1999.99 -759.839
1.175 1.7894 1999.99 -773.029
1.18 1.80892 1999.99 -781.46
1.185 1.81629 1999.99 -784.642
1.19 1.81034 1999.98 -782.074
1.195 1.79032 1999.97 -773.431
1.2 1.75698 1999.98 -759.024
1.205 1.7113 1999.98 -739.288
1.21 1.65424 1999.99 -714.636
1.215 1.58639 1999.99 -685.327
1.22 1.50793 1999.99 -651.432
1.225 1.41882 1999.99 -612.933
1.23 1.31929 1999.99 -569.937
1.235 1.21034 2000 -522.869
1.24 1.09385 2000 -472.543
1.245 0.972351 2000 -420.057
1.25 0.848608 2000 -366.599
1.255 0.72516 2000 -313.27
1.26 0.604088 2000 -260.966
1.265 0.486899 2000 -210.34
1.27 0.374569 2000 -161.814
1.275 0.267681 2000 -115.638
1.28 0.166595 2000 -71.9684
1.285 0.0715724 2000 -30.9186
1.29 -0.0171806 2000 7.42278
1.295 -0.0995656 2000 43.0131
1.3 -0.175783 2000 75.9392
1.305 -0.246636 2000 106.548
1.31 -0.313734 2000 135.534
1.315 -0.379424 2000 163.912
1.32 -0.446429 2000 192.858
1.325 -0.51729 2000 223.47
1.33 -0.593768 2000 256.509
1.335 -0.676376 2000 292.196
1.34 -0.764147 2000 330.114
1.345 -0.854655 1999.99 369.215
1.35 -0.944434 1999.99 408.001
1.355 -1.02939 1999.97 444.707
1.36 -1.10558 1999.95 477.629
1.365 -1.16798 1999.91 504.626
1.37 -1.21909 1999.9 526.714
1.375 -1.25942 1999.92 544.121
1.38 -1.28915 1999.94 556.955
1.385 -1.30892 1999.95 565.486
1.39 -1.31962 1999.96 570.104
1.395 -1.32223 1999.97 571.226
1.4 -1.31704 1999.96 568.988
1.405 -1.3046 1999.96 563.612
1.41 -1.28585 1999.97 555.507
1.415 -1.2621 1999.98 545.242
1.42 -1.23528 1999.98 533.653
1.425 -1.20796 1999.98 521.85
1.43 -1.18314 1999.99 511.126
1.435 -1.16387 1999.99 502.796
1.44 -1.15282 1999.99 498.021
1.445 -1.15204 1999.99 497.685
1.45 -1.16281 1999.99 502.338
1.455 -1.18565 2000 512.205
1.46 -1.22043 2000 527.226
1.465 -1.26642 2000 547.096
1.47 -1.32235 2000 571.242
1.475 -1.38006 1999.94 596.224
1.48 -1.44216 1999.95 623.051
1.485 -1.50634 1999.96 650.766
1.49 -1.56938 1999.96 677.997
1.495 -1.62829 1999.97 703.44
1.5 -1.68084 1999.98 726.142
1.505 -1.72623 1999.98 745.747
1.51 -1.76527 1999.98 762.61
1.515 -1.80031 1999.99 777.745
1.52 -1.83473 1999.99 792.611
1.525 -1.87232 1999.99 808.848
1.53 -1.91673 1999.99 828.035
1.535 -1.9711 1999.99 851.523
1.54 -2.03775 2000 880.315
1.545 -2.11803 2000 914.997
1.55 -2.21228 2000 955.714
1.555 -2.31998 2000 1002.24
1.56 -2.44004 2000 1054.11
1.565 -2.5711 2000 1110.73
1.57 -2.71168 2000 1171.46
1.575 -2.86016 2000 1235.61
1.58 -3.01453 2000 1302.3
1.585 -3.17215 2000 1370.39
1.59 -3.32971 2000 1438.46
1.595 -3.48335 2000 1504.84
1.6 -3.62898 2000 1567.75
1.605 -3.7627 2000 1625.51
1.61 -3.88105 2000 1676.64
1.615 -3.98122 2000 1719.91
1.62 -4.06088 2000 1754.33
1.625 -4.11821 2000 1779.09
1.63 -4.15168 2000 1793.54
1.635 -4.16004 2000 1797.15
1.64 -4.14007 1999.96 1788.54
1.645 -4.0906 1999.93 1767.19
1.65 -4.0126 1999.95 1733.48
1.655 -3.90805 1999.96 1688.31
1.66 -3.78008 1999.97 1633.02
1.665 -3.63252 1999.97 1569.27
1.67 -3.4695 1999.98 1498.84
1.675 -3.29526 1999.98 1423.56
1.68 -3.11393 1999.99 1345.23
1.685 -2.92948 1999.99 1265.54
1.69 -2.74563 1999.99 1186.12
1.695 -2.56562 1999.99 1108.35
1.7 -2.39191 1999.99 1033.31
1.705 -2.22581 2000 961.549
1.71 -2.06735 2000 893.093
1.715 -1.9156 2000 827.54
1.72 -1.76929 2000 764.331
1.725 -1.62729 2000 702.987
1.73 -1.48883 2000 643.17
1.735 -1.35331 2000 584.627
1.74 -1.22019 2000 527.12
1.745 -1.08901 2000 470.45
1.75 -0.959504 2000 414.503
1.755 -0.831591 2000 359.244
1.76 -0.705158 2000 304.625
1.765 -0.579778 2000 250.461
1.77 -0.454521 2000 196.349
1.775 -0.327962 2000 141.676
1.78 -0.198551 2000 85.7698
1.785 -0.065236 2000 28.1778
1.79 0.0719131 2000 -31.0706
1.795 0.211366 2000 -91.3147
1.8 0.350279 2000 -151.326
1.805 0.48507 2000 -209.556
1.81 0.612189 2000 -264.472
1.815 0.72866 2000 -314.788
1.82 0.832196 2000 -359.515
1.825 0.921157 2000 -397.946
1.83 0.994546 2000 -429.65
1.835 1.05221 2000 -454.559
1.84 1.09509 2000 -473.082
1.845 1.1254 2000 -486.175
1.85 1.14647 2000 -495.281
1.855 1.16228 2000 -502.11
1.86 1.17666 2000 -508.321
1.865 1.1927 2000 -515.25
1.87 1.21252 2000 -523.809
1.875 1.2374 2000 -534.557
1.88 1.268 2000 -547.777
1.885 1.30442 2000 -563.509
1.89 1.34626 2000 -581.587
1.895 1.39271 2000 -601.655
1.9 1.44281 2000 -623.297
1.905 1.49573 2000 -646.159
1.91 1.55102 1999.99 -670.047
1.915 1.60886 1999.99 -695.033
1.92 1.66947 1999.99 -721.217
1.925 1.73302 1999.98 -748.678
1.93 1.79934 1999.97 -777.331
1.935 1.86849 1999.97 -807.204
1.94 1.9405 1999.96 -838.306
1.945 2.01412 1999.93 -870.153
1.95 2.09377 1999.92 -904.601
1.955 2.18479 1999.94 -943.905
1.96 2.29079 1999.95 -989.686
1.965 2.41491 1999.95 -1043.29
1.97 2.5593 1999.96 -1105.66
1.975 2.72522 1999.97 -1177.34
1.98 2.91319 1999.97 -1258.54
1.985 3.12297 1999.97 -1349.17
1.99 3.35372 1999.98 -1448.86
1.995 3.60418 1999.98 -1557.07
2 3.87311 1999.98 -1673.26
2.005 4.15955 1999.98 -1797.01
2.01 4.46298 1999.98 -1928.11
2.015 4.78297 1999.98 -2066.35
2.02 5.11882 1999.98 -2211.46
2.025 5.46911 1999.98 -2362.8
2.03 5.83144 1999.98 -2519.34
2.035 6.20237 1999.98 -2679.6
2.04 6.57766 1999.98 -2841.73
2.045 6.95245 1999.98 -3003.65
2.05 7.32163 1999.98 -3163.15
2.055 7.68014 1999.98 -3318.03
2.06 8.02352 1999.98 -3466.37
2.065 8.34866 1999.98 -3606.82
2.07 8.65438 1999.98 -3738.89
2.075 8.94139 1999.98 -3862.87
2.08 9.21141 1999.99 -3979.5
2.085 9.46608 1999.99 -4089.51
2.09 9.70613 1999.99 -4193.2
2.095 9.93121 1999.99 -4290.42
2.1 10.1403 1999.99 -4380.76
2.105 10.3328 1999.99 -4463.87
2.11 10.5085 1999.99 -4539.77
2.115 10.6685 1999.99 -4608.89
2.12 10.8147 1999.99 -4672.03
2.125 10.9494 1999.99 -4730.21
2.13 11.075 1999.99 -4784.48
2.135 11.1939 2000 -4835.81
2.14 11.3079 2000 -4885.06
2.145 11.4188 2000 -4932.97
2.15 11.528 2000 -4980.15
2.155 11.6364 2000 -5026.96
2.16 11.7438 2000 -5073.34
2.165 11.8488 2000 -5118.7
2.17 11.9489 2000 -5161.96
2.175 12.0411 2000 -5201.8
2.18 12.1229 2000 -5237.09
2.185 12.1925 2000 -5267.18
2.19 12.2497 2000 -5291.87
2.195 12.2945 2000 -5311.25
2.2 12.3274 2000 -5325.43
2.205 12.3482 2000 -5334.43
2.21 12.3566 2000 -5338.05
2.215 12.3509 1999.99 -5335.63
2.22 12.3292 1999.98 -5326.28
2.225 12.2913 1999.98 -5309.86
2.23 12.2369 1999.98 -5286.37
2.235 12.1663 1999.99 -5255.85
2.24 12.0795 1999.99 -5218.37
2.245 11.9771 1999.99 -5174.14
2.25 11.8604 1999.99 -5123.7
2.255 11.7316 1999.99 -5068.07
2.26 11.5942 2000 -5008.7
2.265 11.4521 2000 -4947.3
2.27 11.3087 2000 -4885.38
2.275 11.1665 2000 -4823.94
2.28 11.0262 2000 -4763.31
2.285 10.8874 2000 -4703.38
2.29 10.7496 2000 -4643.83
2.295 10.6121 2000 -4584.45
2.3 10.4747 2000 -4525.09
2.305 10.3371 2000 -4465.61
2.31 10.1984 2000 -4405.7
2.315 10.0574 2000 -4344.78
2.32 9.9122 2000 -4282.07
2.325 9.76068 2000 -4216.61
2.33 9.60057 2000 -4147.44
2.335 9.4294 2000 -4073.5
2.34 9.24415 2000 -3993.47
2.345 9.0408 2000 -3905.62
2.35 8.8144 2000 -3807.81
2.355 8.55975 2000 -3697.8
2.36 8.27233 2000 -3573.63
2.365 7.94904 2000 -3433.97
2.37 7.58849 2000 -3278.2
2.375 7.19094 2000 -3106.45
2.38 6.75822 2000 -2919.51
2.385 6.29369 2000 -2718.82
2.39 5.80202 2000 -2506.4
2.395 5.28872 2000 -2284.63
2.4 4.75947 2000 -2055.97
2.405 4.21928 2000 -1822.58
2.41 3.67183 2000 -1586.05
2.415 3.11925 2000 -1347.31
2.42 2.56256 2000 -1106.79
2.425 2.00201 2000 -864.606
2.43 1.43738 2000 -620.661
2.435 0.867996 1999.99 -374.668
2.44 0.292766 1999.99 -126.155
2.445 -0.28976 1999.99 125.504
2.45 -0.881286 1999.98 381.033
2.455 -1.48368 1999.98 641.24
2.46 -2.09824 1999.96 906.703
2.465 -2.72582 1999.94 1177.77
2.47 -3.3659 1999.9 1454.22
2.475 -4.01375 1999.76 1734.07
2.48 -4.66271 1999.58 2014.4
2.485 -5.27508 1999.16 2279.45
2.49 -5.88935 1999.13 2544.96
2.495 -6.50757 1999.28 2811.91
2.5 -7.12636 1999.41 3079.16
2.505 -7.74234 1999.51 3345.24
2.51 -8.35179 1999.6 3608.51
2.515 -8.951 1999.66 3867.37
2.52 -9.53662 1999.72 4120.35
2.525 -10.1058 1999.76 4366.23
2.53 -10.6563 1999.8 4604.02
2.535 -11.1861 1999.83 4832.89
2.54 -11.6936 1999.86 5052.12
2.545 -12.1772 1999.88 5261.03
2.55 -12.6356 1999.89 5459.01
2.555 -13.0676 1999.91 5645.59
2.56 -13.4725 1999.92 5820.5
2.565 -13.8501 1999.93 5983.61
2.57 -14.2006 1999.94 6134.97
2.575 -14.5245 1999.95 6274.87
2.58 -14.8232 1999.96 6403.87
2.585 -15.0988 1999.96 6522.91
2.59 -15.3542 1999.97 6633.23
2.595 -15.5929 1999.97 6736.33
2.6 -15.8184 1999.98 6833.71
2.605 -16.0337 1999.98 6926.7
2.61 -16.2408 1999.98 7016.16
2.615 -16.4403 1999.98 7102.34
2.62 -16.6315 1999.99 7184.93
2.625 -16.8128 1999.99 7263.23
2.63 -16.9819 1999.99 7336.27
2.635 -17.1365 1999.99 7403.03
2.64 -17.274 1999.99 7462.44
2.645 -17.392 1999.99 7513.42
2.65 -17.4879 1999.99 7554.82
2.655 -17.5588 1999.99 7585.43
2.66 -17.6018 2000 7604.01
2.665 -17.6143 2000 7609.41
2.67 -17.5896 1999.94 7598.88
2.675 -17.524 1999.9 7570.59
2.68 -17.4167 1999.92 7524.22
2.685 -17.2684 1999.94 7460.09
2.69 -17.0822 1999.95 7379.62
2.695 -16.8641 1999.96 7285.39
2.7 -16.6226 1999.97 7181.05
2.705 -16.3676 1999.97 7070.86
2.71 -16.1092 1999.98 6959.2
2.715 -15.8564 1999.98 6849.98
2.72 -15.6163 1999.99 6746.28
2.725 -15.3939 1999.99 6650.18
2.73 -15.1915 1999.99 6562.74
2.735 -15.0094 1999.99 6484.07
2.74 -14.8459 1999.99 6413.44
2.745 -14.6978 2000 6349.47
2.75 -14.5612 2000 6290.45
2.755 -14.432 2000 6234.63
2.76 -14.3067 2000 6180.51
2.765 -14.1829 2000 6127.02
2.77 -14.0592 2000 6073.57
2.775 -13.9351 2000 6019.94
2.78 -13.8107 2000 5966.22
2.785 -13.6868 2000 5912.7
2.79 -13.5644 2000 5859.81
2.795 -13.4445 2000 5808.03
2.8 -13.3285 2000 5757.92
2.805 -13.2177 2000 5710.06
2.81 -13.1136 2000 5665.07
2.815 -13.0177 2000 5623.63
2.82 -12.9319 2000 5586.57
2.825 -12.8585 2000 5554.88
2.83 -12.8004 2000 5529.78
2.835 -12.7609 2000 5512.71
2.84 -12.7435 2000 5505.2
2.845 -12.7518 2000 5508.76
2.85 -12.7891 2000 5524.87
2.855 -12.8585 2000 5554.88
2.86 -12.9631 2000 5600.06
2.865 -13.1054 2000 5661.54
2.87 -13.2874 2000 5740.17
2.875 -13.5103 2000 5836.43
2.88 -13.7743 2000 5950.51
2.885 -14.0799 2000 6082.5
2.89 -14.4273 2000 6232.62
2.895 -14.8179 2000 6401.37
2.9 -15.2536 2000 6589.61
2.905 -15.7368 2000.01 6798.38
2.91 -16.2697 2000.01 7028.63
2.915 -16.8535 2000.01 7280.89
2.92 -17.4861 1999.98 7554.31
2.925 -18.086 1998.79 7816.44
2.93 -18.713 1998.26 8088.58
2.935 -19.3839 1998.59 8377.64
2.94 -20.0935 1998.85 8683.68
2.945 -20.8415 1999.07 9006.37
2.95 -21.6277 1999.24 9345.72
2.955 -22.4534 1999.37 9702.17
2.96 -23.3137 1999.5 10074.6
2.965 -24.2091 1999.63 10462.8
2.97 -25.1114 1999.89 10858.3
2.975 -26.0609 2000.03 11271.1
2.98 -27.0775 1999.99 11708.2
2.985 -28.0739 2000.34 12145.7
2.99 -29.0936 2000.63 12591
2.995 -30.1137 2000.98 13033.9
3 -31.0556 2001.58 13449.6
3.005 -32.0672 2001.36 13884.6
3.01 -33.1266 2001.03 14336.8
3.015 -34.0619 2002.11 14750.8
3.02 -35.037 2002.38 15174.5
3.025 -36.0681 2001.83 15613.2
3.03 -37.0757 2001.88 16046.9
3.035 -38.0414 2002.09 16465.1
3.04 -39.0172 2001.78 16885.7
3.045 -39.9718 2001.72 17301.1
3.05 -40.9087 2001.83 17707.5
3.055 -41.7805 2002.27 18089
3.06 -42.6299 2002.23 18459.4
3.065 -43.4434 2002.11 18811.6
3.07 -44.2208 2002.16 19150.5
3.075 -44.9405 2002.51 19469
3.08 -45.6072 2002.66 19760.2
3.085 -46.216 2003.02 20023.5
3.09 -46.775 2003.34 20267
3.095 -47.303 2003.18 20493.1
3.1 -47.8095 2002.68 20706.4
3.105 -48.2761 2002.47 20901
3.11 -48.6944 2001.94 21082.5
3.115 -49.0817 2001.48 21252.2
3.12 -49.4001 2001.21 21398.9
3.125 -49.5927 2000.96 21498.2
3.13 -49.7837 2000.83 21577.6
3.135 -49.8538 2000.78 21620.2
3.14 -49.5805 1999.41 21550
3.145 -49.2735 1998.31 21423.9
3.15 -48.9958 1998.27 21279.5
3.155 -48.5329 1997.45 21083
3.16 -48.0571 1997.43 20872.7
3.165 -47.565 1997.67 20646.6
3.17 -47.0299 1997.57 20404
3.175 -46.4662 1997.97 20143.1
3.18 -46.0432 1999.12 19918.6
3.185 -45.8064 2000.32 19773.7
3.19 -45.44 1999.91 19620.7
3.195 -45.0697 1999.59 19463.3
3.2 -44.8211 2000.3 19338.4
3.205 -44.6257 2000.84 19241.8
3.21 -44.3709 2000.49 19139.7
3.215 -44.1131 2000.2 19034.9
3.22 -43.8483 1999.88 18926.8
3.225 -43.5721 1999.49 18813.5
3.23 -43.3176 1999.44 18703.6
3.235 -43.1359 1999.96 18618.3
3.24 -42.9163 1999.73 18528.1
3.245 -42.693 1999.53 18435.5
3.25 -42.4649 1999.34 18340.2
3.255 -42.2311 1999.14 18242
3.26 -42.0082 1999.06 18145.6
3.265 -41.9426 1999.62 18102.5
3.27 -41.8416 1999.4 18060.5
3.275 -41.8435 1999.62 18053.7
3.28 -41.8115 1999.55 18045
3.285 -41.7967 1999.72 18040.3
3.29 -41.7959 1999.94 18040.6
3.295 -41.7849 1999.87 18039.3
3.3 -41.7746 1999.8 18037.5
3.305 -41.7605 1999.64 18034.2
3.31 -41.7424 1999.46 18028.9
3.315 -41.7288 1999.48 18024
3.32 -41.715 1999.49 18018.9
3.325 -41.7008 1999.5 18013.5
3.33 -41.6863 1999.5 18007.8
3.335 -41.6714 1999.5 18001.8
3.34 -41.6562 1999.5 17995.6
3.345 -41.6406 1999.5 17989.2
3.35 -41.6248 1999.49 17982.7
3.355 -41.6088 1999.49 17975.9
3.36 -41.5927 1999.49 17969.1
3.365 -41.5766 1999.49 17962.3
3.37 -41.551 1999.13 17952.6
3.375 -41.5273 1998.97 17943
3.38 -41.5091 1999.12 17934.7
3.385 -41.4919 1999.24 17926.9
3.39 -41.4759 1999.35 17919.6
3.395 -41.4613 1999.44 17913
3.4 -41.4484 1999.52 17907.2
3.405 -41.4373 1999.59 17902.2
3.41 -41.4283 1999.66 17898.1
3.415 -41.4215 1999.72 17894.9
3.42 -41.417 1999.77 17892.9
3.425 -41.415 1999.81 17891.8
3.43 -41.4149 1999.85 17891.8
3.435 -41.3229 1998.85 17863.1
3.44 -41.206 1998.15 17816.7
3.445 -41.0943 1998.38 17761.8
3.45 -40.9692 1998.48 17699.7
3.455 -40.8408 1998.48 17636.4
3.46 -40.7119 1998.54 17574.6
3.465 -40.5791 1998.65 17513.8
3.47 -40.4399 1998.79 17452.6
3.475 -40.2929 1998.94 17389.5
3.48 -40.1369 1999.09 17323.4
3.485 -39.9706 1998.69 17253.1
3.49 -39.8028 1998.42 17182.4
3.495 -39.6347 1998.58 17111.5
3.5 -39.4578 1998.55 17036.8
3.505 -39.2651 2000.01 16957
3.51 -39.0523 2000.67 16867.1
3.515 -38.8202 2000.39 16767.3
3.52 -38.5567 2002.68 16658.3
3.525 -38.2599 2003.75 16530.7
3.53 -37.9327 2003.02 16387.5
3.535 -37.5907 2002.37 16239.6
3.54 -37.2385 2001.85 16087.2
3.545 -36.8785 2001.22 15931.2
3.55 -36.5119 2000.72 15772.5
3.555 -36.1419 2000.15 15612
3.56 -35.7778 1999.41 15453.7
3.565 -35.4062 1999.58 15294.5
3.57 -34.9628 2001.03 15108.3
3.575 -34.5036 2000.58 14908.7
3.58 -34.0376 2000.07 14706.6
3.585 -33.5689 1999.62 14503
3.59 -33.1096 1998.79 14300.2
3.595 -32.5624 2001.32 14074.3
3.6 -32.0086 2001.99 13838
3.605 -31.4495 2001.08 13593.7
3.61 -30.8844 2000.49 13348.8
3.615 -30.3267 1999.74 13106.2
3.62 -29.7899 1998.51 12870.4
3.625 -29.2305 1998.53 12632.1
3.63 -28.5669 2001.27 12361.4
3.635 -27.734 2004.29 12019.2
3.64 -26.6021 2004.71 11547.5
3.645 -25.0926 2007.92 10944.6
3.65 -23.1959 2013.83 10176.1
3.655 -21.0478 2014.55 9260.49
3.66 -18.4161 2015.23 8143.11
3.665 -15.2657 2017.85 6828.76
3.67 -11.7504 2020.46 5364.3
3.675 -7.9308 2020.99 3746.72
3.68 -4.24887 2017.67 2114.18
3.685 -0.407234 2014.7 423.183
3.69 3.63815 2012.45 -1340.8
3.695 8.15683 2010.77 -3288.92
3.7 13.1841 2009.8 -5448.1
3.705 18.631 2006.54 -7768.52
3.71 23.5394 2002.85 -9939.08
3.715 27.8018 2005.38 -11891.8
3.72 31.3969 2008.67 -13552.5
3.725 34.6894 2009.17 -15037.1
3.73 37.6088 2010.2 -16353
3.735 40.2283 2011.33 -17521
3.74 42.5347 2012.11 -18556.2
3.745 44.51 2012.99 -19446.8
3.75 46.2548 2013.11 -20205
3.755 47.7556 2012.39 -20826.4
3.76 48.8682 2010.22 -21333
3.765 49.416 2008.52 -21648.9
3.77 49.0429 2004.02 -21658.7
3.775 47.7777 1995.37 -21199.6
3.78 46.532 1991.8 -20569.6
3.785 45.1378 1990.35 -19899.5
3.79 44.5507 1992.18 -19497.8
3.795 44.2682 1997.05 -19221.6
3.8 43.886 1999.37 -18973.4
3.805 43.2718 1998.08 -18707.4
3.81 42.8283 1998.29 -18499.1
3.815 42.2938 1997.29 -18276.8
3.82 41.9446 1997.06 -18101.1
3.825 41.9584 1998.15 -18048.1
3.83 41.9728 1998.99 -18040
3.835 41.9343 1999.25 -18037.3
3.84 41.8514 1998.23 -18022.6
3.845 41.7835 1997.75 -18008.1
3.85 41.7257 1997.65 -17993.3
3.855 41.6665 1997.5 -17976.2
3.86 41.6022 1997.2 -17955.7
3.865 41.508 1996.26 -17923.3
3.87 41.426 1996.34 -17891.5
3.875 41.3382 1996.27 -17856.8
3.88 41.254 1996.23 -17821.8
3.885 41.1987 1996.85 -17796.2
3.89 41.1293 1996.9 -17768
3.895 41.056 1996.89 -17738
3.9 40.9772 1996.78 -17705.6
3.905 40.8095 1991.91 -17644.6
3.91 0.0798499 -19.2154 -32.371
