0.1 -2.92171e-32 200 -7.37188e-14 2.92171e-32 -200 7.37188e-14
0.2 1.46085e-31 400 -4.44089e-14 -1.46085e-31 -400 4.44089e-14
0.3 6.42776e-31 600 -1.03029e-13 -6.42776e-31 -600 1.03029e-13
0.4 -4.09039e-31 800 -1.27898e-13 4.09039e-31 -800 1.27898e-13
0.5 -1.11025e-30 1000 2.23821e-13 1.11025e-30 -1000 -2.23821e-13
0.6 -5.84341e-32 1200 -1.91847e-13 5.84341e-32 -1200 1.91847e-13
0.7 -5.84341e-32 1400 2.13163e-13 5.84341e-32 -1400 -2.13163e-13
0.8 -2.04519e-30 1600 -1.49214e-13 2.04519e-30 -1600 1.49214e-13
0.9 -4.67473e-31 1800 -4.90274e-13 4.67473e-31 -1800 4.90274e-13
1 3.79822e-31 2000 -8.52651e-14 -3.79822e-31 -2000 8.52651e-14
0.005 0.00144207 2000 -0.624324 -0.00144207 -2000 0.00134953
0.01 0.0072034 2000 -3.11429 -0.0072034 -2000 0.00242267
0.015 0.0187129 2000 -8.08595 -0.0187129 -2000 0.00195667
0.02 0.035957 2000 -15.5351 -0.035957 -2000 0.00163498
0.025 0.0589202 2000 -25.4549 -0.0589202 -2000 0.00142384
0.03 0.0875861 2000 -37.8385 -0.0875861 -2000 0.00131833
0.035 0.121938 2000 -52.6784 -0.121938 -2000 0.00131376
0.04 0.161957 2000 -69.9667 -0.161957 -2000 0.00140633
0.045 0.207624 2000 -89.695 -0.207624 -2000 0.00159296
0.05 0.258918 2000 -111.855 -0.258918 -2000 0.00187124
0.055 0.315819 2000 -136.436 -0.315819 -2000 0.0022393
0.06 0.378303 2000 -163.43 -0.378303 -2000 0.0026957
0.065 0.446346 2000 -192.825 -0.446346 -2000 0.00318468
0.07 0.519924 2000 -224.611 -0.519924 -2000 0.0037067
0.075 0.59901 2000 -258.777 -0.59901 -2000 0.00431632
0.08 0.683573 2000 -295.309 -0.683573 -2000 0.00501102
0.085 0.773583 2000 -334.194 -0.773583 -2000 0.0057897
0.09 0.869008 2000 -375.418 -0.869008 -2000 0.00665152
0.095 0.969823 2000 -418.971 -0.969823 -2000 0.00759805
0.1 1.076 2000 -464.84 -1.076 -2000 0.00863036
0.105 1.18751 2000 -513.016 -1.18751 -2000 0.00974963
0.11 1.30435 2000 -563.489 -1.30435 -2000 0.0109591
0.115 1.42648 2000 -616.252 -1.42648 -2000 0.0122622
0.12 1.55389 2000 -671.294 -1.55389 -2000 0.0136634
0.125 1.68655 2000 -728.605 -1.68655 -2000 0.0151674
0.13 1.82444 2000 -788.173 -1.82444 -2000 0.0167803
0.135 1.96752 2000 -849.985 -1.96752 -2000 0.0185088
0.14 2.11575 2000 -914.024 -2.11575 -2000 0.0203605
0.145 2.26909 2000 -980.271 -2.26909 -2000 0.0223441
0.15 2.4275 2000 -1048.71 -2.4275 -2000 0.0244698
0.155 2.59092 2000 -1119.3 -2.59092 -2000 0.0267484
0.16 2.75928 2000 -1192.04 -2.75928 -2000 0.0291926
0.165 2.93255 2000 -1266.89 -2.93255 -2000 0.031818
0.17 3.11067 2000 -1343.84 -3.11067 -2000 0.034643
0.175 3.29361 2000 -1422.88 -3.29361 -2000 0.0376882
0.18 3.48133 2000 -1503.98 -3.48133 -2000 0.0409773
0.185 3.67381 1999.99 -1587.13 -3.67381 -1999.99 0.0445381
0.19 3.87103 1999.99 -1672.34 -3.87103 -1999.99 0.048402
0.195 4.07299 1999.99 -1759.58 -4.07299 -1999.99 0.052602
0.2 4.27962 1999.99 -1848.86 -4.27962 -1999.99 0.0571701
0.205 4.49091 1999.99 -1940.13 -4.49091 -1999.99 0.0621375
0.21 4.70678 1999.99 -2033.4 -4.70678 -1999.99 0.0675351
0.215 4.92719 1999.99 -2128.62 -4.92719 -1999.99 0.0733895
0.22 5.15204 1999.99 -2225.76 -5.15204 -1999.99 0.0797189
0.225 5.38123 1999.99 -2324.78 -5.38123 -1999.99 0.0865316
0.23 5.61468 1999.99 -2425.63 -5.61468 -1999.99 0.0938276
0.235 5.85229 1999.99 -2528.29 -5.85229 -1999.99 0.101593
0.24 6.09396 1999.99 -2632.7 -6.09396 -1999.99 0.109799
0.245 6.33957 1999.99 -2738.81 -6.33957 -1999.99 0.118394
0.25 6.58905 1999.99 -2846.6 -6.58905 -1999.99 0.127314
0.255 6.84235 1999.99 -2956.03 -6.84235 -1999.99 0.13648
0.26 7.09942 1999.99 -3067.09 -7.09942 -1999.99 0.145797
0.265 7.36028 1999.99 -3179.8 -7.36028 -1999.99 0.155166
0.27 7.62499 1999.98 -3294.16 -7.62499 -1999.98 0.164479
0.275 7.89355 1999.98 -3410.19 -7.89355 -1999.98 0.173616
0.28 8.16595 1999.98 -3527.87 -8.16595 -1999.98 0.182435
0.285 8.44215 1999.98 -3647.2 -8.44215 -1999.98 0.190782
0.29 8.72209 1999.98 -3768.14 -8.72209 -1999.98 0.198503
0.295 9.00571 1999.98 -3890.67 -9.00571 -1999.98 0.205458
0.3 9.29296 1999.98 -4014.77 -9.29296 -1999.98 0.211526
0.305 9.58379 1999.98 -4140.41 -9.58379 -1999.98 0.216614
0.31 9.87812 1999.98 -4267.57 -9.87812 -1999.98 0.220663
0.315 10.1759 1999.98 -4396.19 -10.1759 -1999.98 0.223635
0.32 10.4769 1999.98 -4526.23 -10.4769 -1999.98 0.225509
0.325 10.781 1999.98 -4657.64 -10.781 -1999.98 0.22625
0.33 11.0884 1999.98 -4790.4 -11.0884 -1999.98 0.22588
0.335 11.3988 1999.98 -4924.51 -11.3988 -1999.98 0.224495
0.34 11.7124 1999.98 -5059.96 -11.7124 -1999.98 0.222203
0.345 12.0289 1999.97 -5196.72 -12.0289 -1999.97 0.219122
0.35 12.3485 1999.97 -5334.78 -12.3485 -1999.97 0.215372
0.355 12.671 1999.97 -5474.07 -12.671 -1999.97 0.211076
0.36 12.9962 1999.97 -5614.57 -12.9962 -1999.97 0.206355
0.365 13.3241 1999.97 -5756.23 -13.3241 -1999.97 0.201337
0.37 13.6547 1999.97 -5899.03 -13.6547 -1999.97 0.196154
0.375 13.9879 1999.97 -6042.95 -13.9879 -1999.97 0.190931
0.38 14.3235 1999.97 -6187.96 -14.3235 -1999.97 0.185785
0.385 14.6617 1999.97 -6334.03 -14.6617 -1999.97 0.18082
0.39 15.0023 1999.97 -6481.16 -15.0023 -1999.97 0.176127
0.395 15.3452 1999.97 -6629.3 -15.3452 -1999.97 0.171786
0.4 15.6905 1999.97 -6778.45 -15.6905 -1999.97 0.167861
0.405 16.038 1999.97 -6928.57 -16.038 -1999.97 0.164404
0.41 16.3877 1999.97 -7079.64 -16.3877 -1999.97 0.161455
0.415 16.7395 1999.97 -7231.64 -16.7395 -1999.97 0.159037
0.42 17.0935 1999.97 -7384.54 -17.0935 -1999.97 0.157167
0.425 17.4495 1999.97 -7538.32 -17.4495 -1999.97 0.155846
0.43 17.8074 1999.97 -7692.96 -17.8074 -1999.97 0.155067
0.435 18.1673 1999.97 -7848.42 -18.1673 -1999.97 0.154816
0.44 18.529 1999.97 -8004.7 -18.529 -1999.97 0.155068
0.445 18.8926 1999.97 -8161.76 -18.8926 -1999.97 0.155796
0.45 19.2579 1999.97 -8319.57 -19.2579 -1999.97 0.156966
0.455 19.6249 1999.97 -8478.12 -19.6249 -1999.97 0.158542
0.46 19.9936 1999.97 -8637.38 -19.9936 -1999.97 0.160484
0.465 20.3638 1999.97 -8797.33 -20.3638 -1999.97 0.162754
0.47 20.7356 1999.97 -8957.93 -20.7356 -1999.97 0.165311
0.475 21.1088 1999.97 -9119.18 -21.1088 -1999.97 0.168117
0.48 21.4835 1999.97 -9281.06 -21.4835 -1999.97 0.171139
0.485 21.8598 1999.97 -9443.61 -21.8598 -1999.97 0.174359
0.49 22.2377 1999.97 -9606.86 -22.2377 -1999.97 0.177769
0.495 22.6173 1999.97 -9770.85 -22.6173 -1999.97 0.181358
0.5 22.9986 1999.97 -9935.58 -22.9986 -1999.97 0.185103
0.505 23.3753 1999.99 -10099.2 -23.3753 -1999.99 1.04868
0.51 23.7545 2000.01 -10263.4 -23.7545 -2000.01 1.44706
0.515 24.1376 2000 -10428.6 -24.1376 -2000 1.20649
0.52 24.516 2000.02 -10592.7 -24.516 -2000.02 1.85034
0.525 24.896 2000.03 -10757.2 -24.896 -2000.03 2.10487
0.53 25.2797 2000.02 -10922.6 -25.2797 -2000.02 1.73927
0.535 25.6644 2000.01 -11088.5 -25.6644 -2000.01 1.44866
0.54 26.0446 2000.03 -11253.3 -26.0446 -2000.03 1.98359
0.545 26.414 2000.07 -11414.1 -26.414 -2000.07 3.25062
0.55 26.7907 2000.05 -11576.3 -26.7907 -2000.05 2.67385
0.555 27.1675 2000.04 -11738.6 -27.1675 -2000.04 2.20948
0.56 27.5442 2000.02 -11900.9 -27.5442 -2000.02 1.83986
0.565 27.9193 2000.02 -12062.8 -27.9193 -2000.02 1.63522
0.57 28.2771 2000.08 -12218 -28.2771 -2000.08 2.34071
0.575 28.638 2000.06 -12373.5 -28.638 -2000.06 1.94513
0.58 28.9805 2000.13 -12523.5 -28.9805 -2000.13 3.98247
0.585 29.3228 2000.17 -12672.3 -29.3228 -2000.17 4.84184
0.59 29.6564 2000.19 -12816.3 -29.6564 -2000.19 4.74853
0.595 29.9919 2000.15 -12960.4 -29.9919 -2000.15 3.8758
0.6 30.3262 2000.11 -13104.1 -30.3262 -2000.11 3.18103
0.605 30.6595 2000.09 -13247.5 -30.6595 -2000.09 2.62793
0.61 30.9918 2000.06 -13390.6 -30.9918 -2000.06 2.18177
0.615 31.3231 2000.05 -13533.4 -31.3231 -2000.05 1.8219
0.62 31.6163 2000.32 -13663 -31.6163 -2000.32 4.80489
0.625 31.8996 2000.49 -13788 -31.8996 -2000.49 7.39232
0.63 32.1911 2000.43 -13913.5 -32.1911 -2000.43 6.96132
0.635 32.4853 2000.34 -14039.3 -32.4853 -2000.34 5.66364
0.64 32.7784 2000.27 -14164.9 -32.7784 -2000.27 4.63155
0.645 33.0706 2000.21 -14290.3 -33.0706 -2000.21 3.7989
0.65 33.3619 2000.17 -14415.5 -33.3619 -2000.17 3.12725
0.655 33.6526 2000.13 -14540.5 -33.6526 -2000.13 2.58556
0.66 33.9425 2000.1 -14665.3 -33.9425 -2000.1 2.14878
0.665 34.2318 2000.07 -14789.9 -34.2318 -2000.07 1.79672
0.67 34.5205 2000.06 -14914.4 -34.5205 -2000.06 1.51306
0.675 34.795 2000.16 -15033.9 -34.795 -2000.16 2.42195
0.68 35.0541 2000.28 -15146.8 -35.0541 -2000.28 3.42198
0.685 35.312 2000.26 -15258.5 -35.312 -2000.26 3.74244
0.69 35.57 2000.24 -15369.9 -35.57 -2000.24 3.69601
0.695 35.8302 2000.18 -15481.7 -35.8302 -2000.18 3.04605
0.7 36.0906 2000.14 -15593.7 -36.0906 -2000.14 2.52307
0.705 36.3512 2000.11 -15705.8 -36.3512 -2000.11 2.10268
0.71 36.6118 2000.09 -15818.1 -36.6118 -2000.09 1.76524
0.715 36.8719 2000.06 -15930.2 -36.8719 -2000.06 1.49479
0.72 37.131 2000.05 -16041.9 -37.131 -2000.05 1.27833
0.725 37.3881 2000.03 -16152.8 -37.3881 -2000.03 1.1053
0.73 37.6427 2000.02 -16262.6 -37.6427 -2000.02 0.967102
0.735 37.8942 2000.01 -16371.2 -37.8942 -2000.01 0.856794
0.74 38.1421 2000.01 -16478.2 -38.1421 -2000.01 0.768781
0.745 38.3769 2000.11 -16580.3 -38.3769 -2000.11 1.4407
0.75 38.5981 2000.2 -16676.5 -38.5981 -2000.2 2.11371
0.755 38.8189 2000.16 -16771.6 -38.8189 -2000.16 1.77689
0.76 39.0365 2000.13 -16865.3 -39.0365 -2000.13 1.50545
0.765 39.2511 2000.1 -16957.8 -39.2511 -2000.1 1.28647
0.77 39.4616 2000.09 -17048.7 -39.4616 -2000.09 1.33641
0.775 39.6641 2000.12 -17137 -39.6641 -2000.12 2.12988
0.78 39.8668 2000.11 -17224.6 -39.8668 -2000.11 2.15255
0.785 40.0688 2000.09 -17311.5 -40.0688 -2000.09 1.81951
0.79 40.2672 2000.08 -17397.2 -40.2672 -2000.08 1.78505
0.795 40.4619 2000.08 -17481.4 -40.4619 -2000.08 1.8476
0.8 40.6558 2000.06 -17564.9 -40.6558 -2000.06 1.5777
0.805 40.8477 2000.05 -17647.6 -40.8477 -2000.05 1.35833
0.81 41.038 2000.03 -17729.6 -41.038 -2000.03 1.17933
0.815 41.227 2000.03 -17811.1 -41.227 -2000.03 1.03274
0.82 41.409 2000.07 -17890.5 -41.409 -2000.07 1.7883
0.825 41.5867 2000.1 -17967.9 -41.5867 -2000.1 2.4565
0.83 41.7668 2000.08 -18045.3 -41.7668 -2000.08 2.07275
0.835 41.9461 2000.06 -18122.5 -41.9461 -2000.06 1.7594
0.84 42.125 2000.05 -18199.5 -42.125 -2000.05 1.50317
0.845 42.3038 2000.04 -18276.5 -42.3038 -2000.04 1.29357
0.85 42.4807 2000.05 -18352.9 -42.4807 -2000.05 1.22522
0.855 42.6502 2000.11 -18426.3 -42.6502 -2000.11 1.36014
0.86 42.8206 2000.09 -18499.7 -42.8206 -2000.09 1.16779
0.865 42.9896 2000.08 -18572.7 -42.9896 -2000.08 1.23448
0.87 43.1505 2000.12 -18643.1 -43.1505 -2000.12 2.01901
0.875 43.3144 2000.09 -18713.5 -43.3144 -2000.09 1.71224
0.88 43.4778 2000.07 -18783.9 -43.4778 -2000.07 1.46597
0.885 43.637 2000.09 -18853 -43.637 -2000.09 1.80931
0.89 43.7944 2000.09 -18921.2 -43.7944 -2000.09 2.00232
0.895 43.9516 2000.07 -18988.8 -43.9516 -2000.07 1.71271
0.9 44.1064 2000.06 -19055.5 -44.1064 -2000.06 1.47957
0.905 44.2582 2000.05 -19120.8 -44.2582 -2000.05 1.29029
0.91 44.4037 2000.06 -19183.9 -44.4037 -2000.06 1.49244
0.915 44.5362 2000.11 -19242 -44.5362 -2000.11 2.39415
0.92 44.6671 2000.09 -19298.2 -44.6671 -2000.09 2.03889
0.925 44.7927 2000.07 -19352.2 -44.7927 -2000.07 1.7424
0.93 44.9129 2000.06 -19403.9 -44.9129 -2000.06 1.49286
0.935 45.0279 2000.05 -19453.3 -45.0279 -2000.05 1.28162
0.94 45.1381 2000.04 -19500.8 -45.1381 -2000.04 1.10228
0.945 45.2441 2000.03 -19546.4 -45.2441 -2000.03 0.949949
0.95 45.3465 2000.02 -19590.5 -45.3465 -2000.02 0.820764
0.955 45.446 2000.02 -19633.4 -45.446 -2000.02 0.711478
0.96 45.5429 2000.01 -19675.2 -45.5429 -2000.01 0.619257
0.965 45.6316 2000.07 -19714.4 -45.6316 -2000.07 1.50865
0.97 45.7175 2000.1 -19752 -45.7175 -2000.1 2.03175
0.975 45.8044 2000.08 -19789.2 -45.8044 -2000.08 1.68325
0.98 45.8904 2000.07 -19826.1 -45.8904 -2000.07 1.39961
0.985 45.9758 2000.05 -19862.7 -45.9758 -2000.05 1.16902
0.99 46.0608 2000.04 -19899.3 -46.0608 -2000.04 0.981734
0.995 46.1457 2000.03 -19935.8 -46.1457 -2000.03 0.829769
1 46.2314 2000.04 -19972.2 -46.2314 -2000.04 0.272449
1.005 46.3159 2000.04 -20008.4 -46.3159 -2000.04 -0.0587778
1.01 46.3988 2000.03 -20044.3 -46.3988 -2000.03 0.00715118
1.015 46.4781 2000.04 -20078.9 -46.4781 -2000.04 0.316396
1.02 46.5569 2000.03 -20112.9 -46.5569 -2000.03 0.290424
1.025 46.6339 2000.03 -20146.1 -46.6339 -2000.03 0.267915
1.03 46.7004 2000.1 -20176.1 -46.7004 -2000.1 1.49973
1.035 46.766 2000.12 -20204.8 -46.766 -2000.12 1.92497
1.04 46.8308 2000.1 -20232.5 -46.8308 -2000.1 1.58425
1.045 46.8933 2000.08 -20259.2 -46.8933 -2000.08 1.30737
1.05 46.9536 2000.06 -20285 -46.9536 -2000.06 1.08224
1.055 47.0121 2000.05 -20310.1 -47.0121 -2000.05 0.899186
1.06 47.069 2000.04 -20334.5 -47.069 -2000.04 0.750345
1.065 47.1245 2000.03 -20358.4 -47.1245 -2000.03 0.629331
1.07 47.1789 2000.03 -20381.8 -47.1789 -2000.03 0.531008
1.075 47.2324 2000.02 -20404.9 -47.2324 -2000.02 0.451222
1.08 47.2851 2000.02 -20427.6 -47.2851 -2000.02 0.386537
1.085 47.337 2000.01 -20449.9 -47.337 -2000.01 0.334051
1.09 47.3877 2000.01 -20471.8 -47.3877 -2000.01 0.291292
1.095 47.4371 2000.01 -20493.1 -47.4371 -2000.01 0.25616
1.1 47.4846 2000.01 -20513.6 -47.4846 -2000.01 0.22685
1.105 47.5298 2000 -20533.1 -47.5298 -2000 0.201804
1.11 47.5709 2000.01 -20551 -47.5709 -2000.01 0.332528
1.115 47.6063 2000.04 -20566.5 -47.6063 -2000.04 0.582425
1.12 47.6384 2000.04 -20580.3 -47.6384 -2000.04 0.458775
1.125 47.6666 2000.03 -20592.3 -47.6666 -2000.03 0.38094
1.13 47.6907 2000.02 -20602.7 -47.6907 -2000.02 0.315617
1.135 47.7108 2000.02 -20611.3 -47.7108 -2000.02 0.243943
1.14 47.7269 2000.02 -20618.2 -47.7269 -2000.02 0.183658
1.145 47.7397 2000.02 -20623.7 -47.7397 -2000.02 0.150905
1.15 47.7493 2000.02 -20627.8 -47.7493 -2000.02 0.123528
1.155 47.7562 2000.01 -20630.8 -47.7562 -2000.01 0.10064
1.16 47.7605 2000.01 -20632.6 -47.7605 -2000.01 0.081644
1.165 47.7623 2000.01 -20633.4 -47.7623 -2000.01 0.0660118
1.17 47.7612 2000 -20633 -47.7612 -2000 0.123242
1.175 47.7564 2000 -20631 -47.7564 -2000 0.214817
1.18 47.7488 2000 -20627.7 -47.7488 -2000 0.17348
1.185 47.7387 2000 -20623.3 -47.7387 -2000 0.14
1.19 47.7267 2000 -20618 -47.7267 -2000 0.112982
1.195 47.7132 2000 -20612.2 -47.7132 -2000 0.0911785
1.2 47.6989 2000 -20606 -47.6989 -2000 0.0735817
1.205 47.6839 2000 -20599.5 -47.6839 -2000 0.0679006
1.21 47.6686 2000.01 -20592.9 -47.6686 -2000.01 0.0634578
1.215 47.6533 2000 -20586.3 -47.6533 -2000 0.0512103
1.22 47.6377 2000 -20579.5 -47.6377 -2000 0.0413261
1.225 47.6214 2000 -20572.5 -47.6214 -2000 0.0333492
1.23 47.6039 2000 -20564.9 -47.6039 -2000 0.0269112
1.235 47.5843 2000 -20556.4 -47.5843 -2000 0.0217147
1.24 47.5617 2000 -20546.7 -47.5617 -2000 0.0233409
1.245 47.5352 2000.01 -20535.2 -47.5352 -2000.01 0.0299837
1.25 47.5046 2000.01 -20522 -47.5046 -2000.01 0.024194
1.255 47.4695 2000 -20506.9 -47.4695 -2000 0.0195097
1.26 47.43 2000 -20489.8 -47.43 -2000 0.0157121
1.265 47.3859 2000 -20470.7 -47.3859 -2000 0.0126296
1.27 47.3364 2000.01 -20449.5 -47.3364 -2000.01 0.151862
1.275 47.2811 2000.02 -20425.7 -47.2811 -2000.02 0.312592
1.28 47.2214 2000.02 -20399.9 -47.2214 -2000.02 0.252296
1.285 47.1566 2000.01 -20371.9 -47.1566 -2000.01 0.203431
1.29 47.0867 2000.01 -20341.6 -47.0867 -2000.01 0.156898
1.295 47.0116 2000 -20309.2 -47.0116 -2000 0.122679
1.3 46.9315 2000 -20274.5 -46.9315 -2000 0.0986605
1.305 46.8464 2000 -20237.7 -46.8464 -2000 0.0795001
1.31 46.7567 2000 -20199 -46.7567 -2000 0.0636736
1.315 46.6627 2000 -20158.3 -46.6627 -2000 0.0492129
1.32 46.5645 2000 -20115.9 -46.5645 -2000 0.0352729
1.325 46.4626 2000 -20071.9 -46.4626 -2000 0.026805
1.33 46.357 2000 -20026.3 -46.357 -2000 0.0195902
1.335 46.2482 2000 -19979.2 -46.2482 -2000 0.0133318
1.34 46.1364 2000 -19930.9 -46.1364 -2000 0.00778859
1.345 46.0217 2000 -19881.4 -46.0217 -2000 0.00276529
1.35 45.9058 2000.01 -19830.8 -45.9058 -2000.01 -0.529878
1.355 45.7868 2000.01 -19779.1 -45.7868 -2000.01 -0.830033
1.36 45.6649 2000.01 -19726.6 -45.6649 -2000.01 -0.673123
1.365 45.536 2000.07 -19672 -45.536 -2000.07 0.466698
1.37 45.4077 2000.1 -19617.1 -45.4077 -2000.1 0.993859
1.375 45.2821 2000.08 -19562.7 -45.2821 -2000.08 0.796676
1.38 45.1565 2000.08 -19508.5 -45.1565 -2000.08 0.87354
1.385 45.0322 2000.07 -19454.8 -45.0322 -2000.07 0.929304
1.39 44.9112 2000.06 -19402.4 -44.9112 -2000.06 0.744238
1.395 44.7932 2000.05 -19351.3 -44.7932 -2000.05 0.594816
1.4 44.6782 2000.04 -19301.5 -44.6782 -2000.04 0.465667
1.405 44.566 2000.03 -19252.9 -44.566 -2000.03 0.359812
1.41 44.4559 2000.02 -19205.2 -44.4559 -2000.02 0.284377
1.415 44.3471 2000.02 -19158.2 -44.3471 -2000.02 0.223395
1.42 44.2387 2000.01 -19111.3 -44.2387 -2000.01 0.173984
1.425 44.1294 2000.01 -19064 -44.1294 -2000.01 0.133775
1.43 44.0182 2000.01 -19015.9 -44.0182 -2000.01 0.100836
1.435 43.9042 2000.01 -18966.7 -43.9042 -2000.01 0.0736132
1.44 43.7805 2000.06 -18914.2 -43.7805 -2000.06 1.05016
1.445 43.6535 2000.09 -18859.8 -43.6535 -2000.09 1.48014
1.45 43.5242 2000.07 -18803.6 -43.5242 -2000.07 1.18697
1.455 43.3902 2000.05 -18745.5 -43.3902 -2000.05 0.935601
1.46 43.2516 2000.04 -18685.4 -43.2516 -2000.04 0.736131
1.465 43.108 2000.03 -18623.2 -43.108 -2000.03 0.583592
1.47 42.9594 2000.03 -18558.9 -42.9594 -2000.03 0.459336
1.475 42.8058 2000.02 -18492.4 -42.8058 -2000.02 0.357797
1.48 42.6472 2000.02 -18423.9 -42.6472 -2000.02 0.274502
1.485 42.4839 2000.01 -18353.2 -42.4839 -2000.01 0.205857
1.49 42.3157 2000.01 -18280.5 -42.3157 -2000.01 0.14894
1.495 42.1428 2000 -18205.8 -42.1428 -2000 0.0833639
1.5 41.9553 2000.08 -18126.2 -41.9553 -2000.08 1.47215
1.505 41.7615 2000.12 -18043.2 -41.7615 -2000.12 2.22566
1.51 41.5653 2000.1 -17958 -41.5653 -2000.1 1.77913
1.515 41.353 2000.21 -17866.7 -41.353 -2000.21 2.172
1.52 41.1365 2000.24 -17773.1 -41.1365 -2000.24 2.12893
1.525 40.9165 2000.19 -17677.7 -40.9165 -2000.19 1.76332
1.53 40.6887 2000.18 -17579.4 -40.6887 -2000.18 1.89881
1.535 40.4604 2000.14 -17480.4 -40.4604 -2000.14 1.50115
1.54 40.231 2000.12 -17381 -40.231 -2000.12 1.18832
1.545 39.9899 2000.18 -17278.2 -39.9899 -2000.18 2.6116
1.55 39.7485 2000.2 -17174.6 -39.7485 -2000.2 3.25018
1.555 39.5108 2000.16 -17071.3 -39.5108 -2000.16 2.60616
1.56 39.2726 2000.13 -16967.8 -39.2726 -2000.13 2.08613
1.565 39.0333 2000.11 -16864 -39.0333 -2000.11 1.6659
1.57 38.7922 2000.08 -16759.6 -38.7922 -2000.08 1.3262
1.575 38.5485 2000.07 -16654 -38.5485 -2000.07 1.05183
1.58 38.3016 2000.05 -16547.1 -38.3016 -2000.05 0.827617
1.585 38.0507 2000.05 -16438.7 -38.0507 -2000.05 0.735016
1.59 37.7846 2000.09 -16324.7 -37.7846 -2000.09 1.78476
1.595 37.5191 2000.08 -16209.7 -37.5191 -2000.08 1.42594
1.6 37.2502 2000.06 -16093.2 -37.2502 -2000.06 1.13593
1.605 36.9784 2000.05 -15975.6 -36.9784 -2000.05 0.901437
1.61 36.7043 2000.04 -15857 -36.7043 -2000.04 0.71218
1.615 36.4071 2000.23 -15730.6 -36.4071 -2000.23 2.70504
1.62 36.1038 2000.33 -15600.6 -36.1038 -2000.33 3.71343
1.625 35.8049 2000.27 -15470.7 -35.8049 -2000.27 2.98025
1.63 35.496 2000.28 -15338.1 -35.496 -2000.28 3.82386
1.635 35.1873 2000.27 -15205 -35.1873 -2000.27 4.03088
1.64 34.8817 2000.21 -15072.1 -34.8817 -2000.21 3.2371
1.645 34.5753 2000.17 -14939.1 -34.5753 -2000.17 2.59878
1.65 34.2677 2000.14 -14805.7 -34.2677 -2000.14 2.08435
1.655 33.958 2000.11 -14671.5 -33.958 -2000.11 1.66904
1.66 33.6452 2000.09 -14536 -33.6452 -2000.09 1.3323
1.665 33.328 2000.07 -14398.8 -33.328 -2000.07 1.06023
1.67 33.0056 2000.06 -14259.3 -33.0056 -2000.06 0.841496
1.675 32.6774 2000.05 -14117.3 -32.6774 -2000.05 0.664454
1.68 32.3432 2000.04 -13972.8 -32.3432 -2000.04 0.521033
1.685 31.9682 2000.32 -13813.7 -31.9682 -2000.32 3.46895
1.69 31.5882 2000.43 -13650.7 -31.5882 -2000.43 4.57663
1.695 31.2085 2000.35 -13485.8 -31.2085 -2000.35 3.67386
1.7 30.8233 2000.28 -13318.6 -30.8233 -2000.28 2.94458
1.705 30.4266 2000.26 -13147.5 -30.4266 -2000.26 3.24052
1.71 30.0202 2000.25 -12972.4 -30.0202 -2000.25 3.60948
1.715 29.6115 2000.2 -12795 -29.6115 -2000.2 2.88558
1.72 29.196 2000.16 -12615 -29.196 -2000.16 2.30801
1.725 28.7738 2000.13 -12432.1 -28.7738 -2000.13 1.84322
1.73 28.3455 2000.11 -12246.7 -28.3455 -2000.11 1.46762
1.735 27.8599 2000.46 -12041.3 -27.8599 -2000.46 5.8633
1.74 27.3751 2000.58 -11833.4 -27.3751 -2000.58 7.35981
1.745 26.8988 2000.47 -11626.2 -26.8988 -2000.47 5.89872
1.75 26.4222 2000.39 -11419.3 -26.4222 -2000.39 4.93086
1.755 25.9327 2000.38 -11208.6 -25.9327 -2000.38 5.69355
1.76 25.4419 2000.41 -10996.9 -25.4419 -2000.41 5.98897
1.765 24.9563 2000.4 -10787 -24.9563 -2000.4 5.91532
1.77 24.4855 2000.33 -10582.5 -24.4855 -2000.33 4.74478
1.775 24.023 2000.28 -10382 -24.023 -2000.28 4.04585
1.78 23.5545 2000.3 -10179.9 -23.5545 -2000.3 4.34516
1.785 23.1014 2000.24 -9983.29 -23.1014 -2000.24 3.4901
1.79 22.6466 2000.25 -9787.77 -22.6466 -2000.25 4.44446
1.795 22.1927 2000.27 -9592.75 -22.1927 -2000.27 5.5067
1.8 21.7551 2000.22 -9402.66 -21.7551 -2000.22 4.43359
1.805 21.325 2000.18 -9215.95 -21.325 -2000.18 3.56801
1.81 20.901 2000.14 -9032.1 -20.901 -2000.14 2.86983
1.815 20.4822 2000.11 -8850.62 -20.4822 -2000.11 2.31037
1.82 20.068 2000.09 -8671.23 -20.068 -2000.09 1.85082
1.825 19.6583 2000.07 -8493.85 -19.6583 -2000.07 1.4733
1.83 19.2371 2000.12 -8313.73 -19.2371 -2000.12 3.29139
1.835 18.8159 2000.16 -8132.92 -18.8159 -2000.16 4.46905
1.84 18.4045 2000.13 -7954.32 -18.4045 -2000.13 3.59765
1.845 17.9946 2000.1 -7776.55 -17.9946 -2000.1 2.89071
1.85 17.5859 2000.08 -7599.41 -17.5859 -2000.08 2.3213
1.855 17.1749 2000.08 -7421.85 -17.1749 -2000.08 2.31771
1.86 16.7611 2000.08 -7243.29 -16.7611 -2000.08 2.49558
1.865 16.3499 2000.06 -7065.17 -16.3499 -2000.06 2.00732
1.87 15.9379 2000.05 -6886.8 -15.9379 -2000.05 1.61153
1.875 15.5163 2000.07 -6705.47 -15.5163 -2000.07 2.44002
1.88 15.0952 2000.08 -6523.74 -15.0952 -2000.08 2.59944
1.885 14.6751 2000.06 -6341.72 -14.6751 -2000.06 2.09381
1.89 14.2528 2000.05 -6158.89 -14.2528 -2000.05 1.68425
1.895 13.828 2000.04 -5975.04 -13.828 -2000.04 1.34879
1.9 13.4 2000.03 -5789.88 -13.4 -2000.03 1.07659
1.905 12.968 2000.03 -5603.04 -12.968 -2000.03 0.862981
1.91 12.5316 2000.02 -5414.36 -12.5316 -2000.02 0.700685
1.915 12.0915 2000.01 -5224.1 -12.0915 -2000.01 0.564608
1.92 11.6494 2000.01 -5032.99 -11.6494 -2000.01 0.441137
1.925 11.2074 2000 -4841.92 -11.2074 -2000 0.338853
1.93 10.7671 2000 -4651.66 -10.7671 -2000 0.26707
1.935 10.3305 2000 -4463 -10.3305 -2000 0.209177
1.94 9.89926 2000 -4276.64 -9.89926 -2000 0.16254
1.945 9.47456 2000 -4093.14 -9.47456 -2000 0.126442
1.95 9.05711 2000 -3912.77 -9.05711 -2000 0.0999995
1.955 8.64704 2000 -3735.58 -8.64704 -2000 0.0624101
1.96 8.24375 1999.99 -3561.35 -8.24375 -1999.99 0.0500036
1.965 7.8463 1999.99 -3389.65 -7.8463 -1999.99 0.0449781
1.97 7.45399 1999.99 -3220.12 -7.45399 -1999.99 -0.00133596
1.975 7.06552 1999.98 -3052.28 -7.06552 -1999.98 -0.0286069
1.98 6.68023 1999.99 -2885.83 -6.68023 -1999.99 -0.0286901
1.985 6.29813 1999.99 -2720.76 -6.29813 -1999.99 -0.0374218
1.99 5.91918 1999.99 -2557.05 -5.91918 -1999.99 -0.0362044
1.995 5.5436 1999.99 -2394.8 -5.5436 -1999.99 -0.0319268
2 5.17142 1999.98 -2234.02 -5.17142 -1999.98 -0.036002
2.005 4.80286 1999.98 -2074.75 -4.80286 -1999.98 -0.081407
2.01 4.43754 1999.98 -1916.91 -4.43754 -1999.98 -0.10588
2.015 4.0745 1999.98 -1760.12 -4.0745 -1999.98 -0.0645008
2.02 3.71299 1999.98 -1603.97 -3.71299 -1999.98 -0.0395765
2.025 3.35206 1999.98 -1448.08 -3.35206 -1999.98 -0.00729027
2.03 2.991 1999.98 -1292.11 -2.991 -1999.98 -0.0043679
2.035 2.63098 1999.96 -1136.47 -2.63098 -1999.96 -0.111989
2.04 2.27171 1999.96 -981.232 -2.27171 -1999.96 -0.144647
2.045 1.91453 1999.96 -826.996 -1.91453 -1999.96 -0.0796117
2.05 1.56121 1999.96 -674.396 -1.56121 -1999.96 -0.0446991
2.055 1.21346 1999.95 -524.164 -1.21346 -1999.95 -0.0506894
2.06 0.872455 1999.94 -376.884 -0.872455 -1999.94 -0.016686
2.065 0.537994 1999.94 -232.413 -0.537994 -1999.94 -0.000535581
2.07 0.209266 1999.95 -90.3834 -0.209266 -1999.95 -0.0195057
2.075 -0.115026 1999.96 49.7138 0.115026 -1999.96 -0.0227201
2.08 -0.435935 1999.97 188.294 0.435935 -1999.97 0.0297312
2.085 -0.753667 1999.96 325.467 0.753667 -1999.96 0.117206
2.09 -1.06798 1999.96 461.222 1.06798 -1999.96 0.147221
2.095 -1.3777 1999.96 595.099 1.3777 -1999.96 0.0660768
2.1 -1.68349 1999.96 727.235 1.68349 -1999.96 0.0328478
2.105 -1.98452 1999.95 857.024 1.98452 -1999.95 0.288682
2.11 -2.27831 1999.94 983.688 2.27831 -1999.94 0.54034
2.115 -2.56273 1999.94 1106.31 2.56273 -1999.94 0.790477
2.12 -2.83341 1999.93 1223.3 2.83341 -1999.93 0.729421
2.125 -3.08997 1999.93 1334.38 3.08997 -1999.93 0.488268
2.13 -3.33184 1999.93 1438.78 3.33184 -1999.93 0.57268
2.135 -3.55752 1999.94 1536.29 3.55752 -1999.94 0.552304
2.14 -3.76704 1999.94 1626.71 3.76704 -1999.94 0.649588
2.145 -3.95834 1999.93 1709.64 3.95834 -1999.93 0.358941
2.15 -4.13535 1999.93 1786.33 4.13535 -1999.93 0.135807
2.155 -4.30047 1999.94 1857.7 4.30047 -1999.94 0.108007
2.16 -4.45501 1999.95 1924.48 4.45501 -1999.95 0.0857436
2.165 -4.60051 1999.96 1987.41 4.60051 -1999.96 0.00973587
2.17 -4.73807 1999.96 2046.98 4.73807 -1999.96 -0.136276
2.175 -4.8723 1999.97 2104.94 4.8723 -1999.97 -0.112419
2.18 -5.00513 1999.97 2162.31 5.00513 -1999.97 -0.0931072
2.185 -5.13811 1999.97 2219.85 5.13811 -1999.97 -0.187396
2.19 -5.27452 1999.97 2278.85 5.27452 -1999.97 -0.256828
2.195 -5.41564 1999.97 2339.88 5.41564 -1999.97 -0.321726
2.2 -5.56405 1999.98 2403.93 5.56405 -1999.98 -0.264728
2.205 -5.71984 1999.98 2471.19 5.71984 -1999.98 -0.219293
2.21 -5.88289 1999.98 2541.59 5.88289 -1999.98 -0.183225
2.215 -6.0523 1999.99 2614.75 6.0523 -1999.99 -0.154704
2.22 -6.22611 1999.99 2689.82 6.22611 -1999.99 -0.144479
2.225 -6.40065 1999.99 2765.29 6.40065 -1999.99 -0.210535
2.23 -6.57343 1999.99 2839.9 6.57343 -1999.99 -0.178732
2.235 -6.7403 1999.99 2911.97 6.7403 -1999.99 -0.154912
2.24 -6.89759 1999.99 2979.92 6.89759 -1999.99 -0.166219
2.245 -7.04294 1999.99 3042.71 7.04294 -1999.99 -0.157241
2.25 -7.17417 1999.99 3099.41 7.17417 -1999.99 -0.167021
2.255 -7.29069 1999.99 3149.72 7.29069 -1999.99 -0.139985
2.26 -7.39244 1999.99 3193.65 7.39244 -1999.99 -0.116995
2.265 -7.48046 1999.99 3231.66 7.48046 -1999.99 -0.0974591
2.27 -7.55646 1999.99 3264.47 7.55646 -1999.99 -0.0809262
2.275 -7.62227 2000 3292.89 7.62227 -2000 -0.0670144
2.28 -7.67921 2000 3317.47 7.67921 -2000 -0.055425
2.285 -7.72754 2000 3338.34 7.72754 -2000 -0.0457772
2.29 -7.76648 2000 3355.16 7.76648 -2000 -0.0376599
2.295 -7.79474 2000 3367.36 7.79474 -2000 -0.0308116
2.3 -7.81097 2000 3374.36 7.81097 -2000 -0.0250451
2.305 -7.81409 2000 3375.71 7.81409 -2000 -0.0202471
2.31 -7.80201 1999.98 3370.52 7.80201 -1999.98 -0.0550832
2.315 -7.77413 1999.97 3358.5 7.77413 -1999.97 -0.0768028
2.32 -7.73067 1999.97 3339.71 7.73067 -1999.97 -0.0619806
2.325 -7.67214 1999.98 3314.41 7.67214 -1999.98 -0.050019
2.33 -7.59955 1999.98 3283.04 7.59955 -1999.98 -0.0403658
2.335 -7.51403 1999.99 3246.09 7.51403 -1999.99 -0.0325756
2.34 -7.41674 1999.99 3204.06 7.41674 -1999.99 -0.0262888
2.345 -7.30881 1999.99 3157.43 7.30881 -1999.99 -0.0212152
2.35 -7.19154 1999.99 3106.76 7.19154 -1999.99 -0.0171208
2.355 -7.06653 1999.99 3052.76 7.06653 -1999.99 -0.0138165
2.36 -6.93591 2000 2996.32 6.93591 -2000 -0.0111498
2.365 -6.80254 2000 2938.71 6.80254 -2000 -0.0089976
2.37 -6.67015 2000 2881.51 6.67015 -2000 -0.00726068
2.375 -6.54294 2000 2826.56 6.54294 -2000 -0.00585888
2.38 -6.42498 2000 2775.6 6.42498 -2000 -0.00472758
2.385 -6.31964 2000 2730.09 6.31964 -2000 -0.00381463
2.39 -6.22949 2000 2691.14 6.22949 -2000 -0.00307795
2.395 -6.15653 2000 2659.62 6.15653 -2000 -0.00248355
2.4 -6.10214 2000 2636.13 6.10214 -2000 -0.002004
2.405 -6.06694 2000 2620.92 6.06694 -2000 -0.00161712
2.41 -6.05065 2000 2613.88 6.05065 -2000 -0.00130499
2.415 -6.05244 2000 2614.66 6.05244 -2000 -0.00105305
2.42 -6.07119 2000 2622.75 6.07119 -2000 -0.000849593
2.425 -6.1057 2000 2637.66 6.1057 -2000 -0.000685633
2.43 -6.15488 2000 2658.91 6.15488 -2000 -0.000553343
2.435 -6.21811 2000 2686.22 6.21811 -2000 -0.000446698
2.44 -6.2954 2000 2719.61 6.2954 -2000 -0.000360974
2.445 -6.38705 2000 2759.21 6.38705 -2000 -0.000292621
2.45 -6.49332 2000 2805.11 6.49332 -2000 -0.000239211
2.455 -6.61448 2000 2857.45 6.61448 -2000 -0.000199476
2.46 -6.75114 2000 2916.49 6.75114 -2000 -0.000173462
2.465 -6.90428 2000 2982.65 6.90428 -2000 -0.000162871
2.47 -7.07499 2000 3056.4 7.07499 -2000 -0.000171608
2.475 -7.26423 2000 3138.15 7.26423 -2000 -0.000206436
2.48 -7.47252 2000 3228.13 7.47252 -2000 -0.000277543
2.485 -7.69982 2000 3326.32 7.69982 -2000 -0.000398822
2.49 -7.93401 1999.8 3427.67 7.93401 -1999.8 -0.174474
2.495 -8.17483 1999.65 3531.84 8.17483 -1999.65 -0.31622
2.5 -8.43284 1999.71 3643.26 8.43284 -1999.71 -0.26917
2.505 -8.70887 1999.77 3762.46 8.70887 -1999.77 -0.234148
2.51 -9.0045 1999.81 3890.15 9.0045 -1999.81 -0.208574
2.515 -9.3218 1999.84 4027.21 9.3218 -1999.84 -0.19118
2.52 -9.66287 1999.87 4174.54 9.66287 -1999.87 -0.181105
2.525 -10.0294 1999.89 4332.86 10.0294 -1999.89 -0.177883
2.53 -10.4225 1999.91 4502.69 10.4225 -1999.91 -0.181796
2.535 -10.8432 1999.92 4684.47 10.8432 -1999.92 -0.195366
2.54 -11.2927 1999.93 4878.68 11.2927 -1999.93 -0.227562
2.545 -11.7724 1999.94 5085.96 11.7724 -1999.94 -0.299111
2.55 -12.2839 1999.94 5307.06 12.2839 -1999.94 -0.431008
2.555 -12.8292 1999.93 5542.82 12.8292 -1999.93 -0.621832
2.56 -13.4099 1999.92 5793.97 13.4099 -1999.92 -0.882042
2.565 -14.028 1999.91 6061.28 14.028 -1999.91 -1.20344
2.57 -14.6859 1999.89 6345.79 14.6859 -1999.89 -1.48995
2.575 -15.3864 1999.88 6648.61 15.3864 -1999.88 -1.66092
2.58 -16.1311 1999.87 6970.39 16.1311 -1999.87 -1.74063
2.585 -16.9208 1999.86 7311.47 16.9208 -1999.86 -1.69981
2.59 -17.7441 1999.9 7668.44 17.7441 -1999.9 -3.00981
2.595 -18.6089 1999.91 8042.69 18.6089 -1999.91 -3.6378
2.6 -19.5052 1999.93 8431.05 19.5052 -1999.93 -4.81611
2.605 -20.4381 1999.94 8834.67 20.4381 -1999.94 -5.41614
2.61 -21.3573 2000.17 9238.28 21.3573 -2000.17 -11.921
2.615 -22.3241 2000.23 9657.74 22.3241 -2000.23 -13.738
2.62 -23.3348 2000.14 10092.1 23.3348 -2000.14 -11.471
2.625 -24.3677 2000.09 10537 24.3677 -2000.09 -10.198
2.63 -25.353 2000.38 10967.9 25.353 -2000.38 -15.3898
2.635 -26.3586 2000.45 11402.4 26.3586 -2000.45 -15.448
2.64 -27.3414 2000.67 11828.8 27.3414 -2000.67 -17.3725
2.645 -28.3365 2000.73 12259.2 28.3365 -2000.73 -17.8556
2.65 -29.2157 2001.17 12644.8 29.2157 -2001.17 -23.5744
2.655 -30.1349 2000.91 13037.9 30.1349 -2000.91 -19.6589
2.66 -31.0592 2000.69 13434.1 31.0592 -2000.69 -16.5579
2.665 -31.9884 2000.51 13833.1 31.9884 -2000.51 -14.1028
2.67 -32.8131 2001.35 14197 32.8131 -2001.35 -21.7879
2.675 -33.6418 2001.64 14558.1 33.6418 -2001.64 -24.8483
2.68 -34.4976 2001.28 14923.7 34.4976 -2001.28 -20.7712
2.685 -35.3565 2000.99 15291.5 35.3565 -2000.99 -17.5175
2.69 -36.1939 2001.03 15652.7 36.1939 -2001.03 -16.9054
2.695 -36.9884 2001.23 15996.6 36.9884 -2001.23 -17.6157
2.7 -37.7956 2000.95 16342.7 37.7956 -2000.95 -15.0197
2.705 -38.5812 2000.89 16683.5 38.5812 -2000.89 -16.3724
2.71 -39.3637 2000.8 17021.9 39.3637 -2000.8 -16.7556
2.715 -40.1362 2000.74 17356 40.1362 -2000.74 -17.1417
2.72 -40.8409 2001.34 17667.8 40.8409 -2001.34 -24.5551
2.725 -41.5376 2001.57 17970.4 41.5376 -2001.57 -26.218
2.73 -42.247 2001.22 18272.7 42.247 -2001.22 -21.997
2.735 -42.8989 2001.38 18559.3 42.8989 -2001.38 -26.9342
2.74 -43.537 2001.51 18838.7 43.537 -2001.51 -30.7589
2.745 -44.1598 2001.56 19109.8 44.1598 -2001.56 -32.7462
2.75 -44.7715 2001.57 19371.5 44.7715 -2001.57 -30.251
2.755 -45.376 2001.43 19628.5 45.376 -2001.43 -26.0492
2.76 -45.9358 2001.43 19872 45.9358 -2001.43 -27.7941
2.765 -46.484 2001.4 20109.6 46.484 -2001.4 -28.4993
2.77 -46.9776 2001.71 20326.3 46.9776 -2001.71 -32.0342
2.775 -47.4774 2001.68 20536.8 47.4774 -2001.68 -26.5664
2.78 -47.9439 2001.62 20738.1 47.9439 -2001.62 -26.3535
2.785 -48.3992 2001.64 20934.6 48.3992 -2001.64 -26.0976
2.79 -48.8374 2001.63 21125.3 48.8374 -2001.63 -27.5486
2.795 -49.2758 2001.69 21312.1 49.2758 -2001.69 -24.9753
2.8 -49.712 2001.82 21494.2 49.712 -2001.82 -18.613
2.805 -50.1368 2001.5 21674.3 50.1368 -2001.5 -15.1522
2.81 -50.5412 2001.17 21852.5 50.5412 -2001.17 -18.7577
2.815 -50.9389 2000.88 22028.6 50.9389 -2000.88 -23.0231
2.82 -51.3243 2000.78 22199.1 51.3243 -2000.78 -26.9921
2.825 -51.6573 2001.03 22349.9 51.6573 -2001.03 -33.9405
2.83 -51.9526 2000.64 22486.2 51.9526 -2000.64 -42.6768
2.835 -52.1008 2000.26 22578.5 52.1008 -2000.26 -71.0202
2.84 -52.0072 1999.63 22587.5 52.0072 -1999.63 -120.413
2.845 -51.8995 1998.75 22550.2 51.8995 -1998.75 -129.552
2.85 -51.6498 1997.57 22451.5 51.6498 -1997.57 -138.82
2.855 -51.3458 1997.54 22321.7 51.3458 -1997.54 -140.268
2.86 -51.0059 1997.97 22163 51.0059 -1997.97 -128.499
2.865 -50.517 1997.08 21953 50.517 -1997.08 -129.629
2.87 -50.0471 1997.37 21730.2 50.0471 -1997.37 -109.912
2.875 -49.5493 1997.83 21493.9 49.5493 -1997.83 -88.57
2.88 -48.9816 1997.61 21238.8 48.9816 -1997.61 -78.7281
2.885 -48.3651 1997.29 20960.3 48.3651 -1997.29 -66.553
2.89 -47.6883 1997.08 20658.5 47.6883 -1997.08 -57.1335
2.895 -47.1227 1998.15 20384.2 47.1227 -1998.15 -27.2438
2.9 -46.7481 1999.17 20188.2 46.7481 -1999.17 6.97136
2.905 -46.2732 1999.07 19984.5 46.2732 -1999.07 5.554
2.91 -45.7846 1998.93 19774.6 45.7846 -1998.93 4.33979
2.915 -45.3876 1999.44 19590.3 45.3876 -1999.44 17.1432
2.92 -45.0453 1999.75 19430.9 45.0453 -1999.75 28.716
2.925 -44.6432 1999.25 19265.2 44.6432 -1999.25 20.6233
2.93 -44.3529 1999.52 19129.2 44.3529 -1999.52 31.2162
2.935 -44.2198 2000.04 19054.5 44.2198 -2000.04 48.4366
2.94 -44.1197 2000.4 19006.5 44.1197 -2000.4 53.2111
2.945 -44.1142 2000.9 18996.6 44.1142 -2000.9 60.7046
2.95 -44.1114 2001 19002.4 44.1114 -2001 53.766
2.955 -44.0797 2000.39 19001.6 44.0797 -2000.39 40.8557
2.96 -44.0557 2000.03 19000.7 44.0557 -2000.03 31.3509
2.965 -44.0395 1999.92 19000.3 44.0395 -1999.92 24.7798
2.97 -44.0249 1999.82 18999.3 44.0249 -1999.82 19.4685
2.975 -44.017 2000.36 18999.6 44.017 -2000.36 15.7361
2.98 -44.0034 2000.45 18997.2 44.0034 -2000.45 12.2995
2.985 -43.9793 2000.06 18990.4 43.9793 -2000.06 8.64944
2.99 -43.9603 1999.93 18984.3 43.9603 -1999.93 6.57288
2.995 -43.9411 1999.81 18977.7 43.9411 -1999.81 4.84451
3 -43.9105 1999.32 18967.4 43.9105 -1999.32 1.94214
3.005 -43.8805 1999.03 18956.3 43.8805 -1999.03 0.0599889
3.01 -43.8558 1999.1 18946 43.8558 -1999.1 -0.279701
3.015 -43.8294 1999.13 18934.9 43.8294 -1999.13 -0.613772
3.02 -43.8011 1999.13 18923 43.8011 -1999.13 -0.945558
3.025 -43.8146 2000.12 18923 43.8146 -2000.12 4.92503
3.03 -43.816 2000.51 18921.4 43.816 -2000.51 7.09194
3.035 -43.8025 2000.3 18917.2 43.8025 -2000.3 5.43778
3.04 -43.7889 2000.13 18912.8 43.7889 -2000.13 4.07432
3.045 -43.775 1999.96 18907.9 43.775 -1999.96 2.91372
3.05 -43.76 1999.79 18902.4 43.76 -1999.79 1.89949
3.055 -43.7496 2000.09 18898.2 43.7496 -2000.09 1.64478
3.06 -43.7367 2000.27 18892.9 43.7367 -2000.27 1.33998
3.065 -43.7183 2000.07 18885.7 43.7183 -2000.07 0.621263
3.07 -43.6986 1999.89 18877.8 43.6986 -1999.89 -0.0100146
3.075 -43.6772 1999.73 18869.1 43.6772 -1999.73 -0.590328
3.08 -43.6536 1999.57 18859.5 43.6536 -1999.57 -1.14369
3.085 -43.6274 1999.4 18848.7 43.6274 -1999.4 -1.69399
3.09 -43.5865 1998.77 18833.1 43.5865 -1998.77 -3.78374
3.095 -43.5443 1998.42 18816.1 43.5443 -1998.42 -4.9158
3.1 -43.5058 1998.51 18799.1 43.5058 -1998.51 -4.56437
3.105 -43.4638 1998.54 18780.7 43.4638 -1998.54 -4.37431
3.11 -43.4183 1998.54 18760.9 43.4183 -1998.54 -4.18145
3.115 -43.3685 1998.48 18739.3 43.3685 -1998.48 -4.1367
3.12 -43.3091 1998.21 18714.5 43.3091 -1998.21 -4.99738
3.125 -43.2554 1998.33 18690.3 43.2554 -1998.33 -4.00288
3.13 -43.2197 1998.92 18672.1 43.2197 -1998.92 -1.24802
3.135 -43.1702 1998.83 18651.3 43.1702 -1998.83 -1.76922
3.14 -43.1175 1998.74 18629 43.1175 -1998.74 -2.26567
3.145 -43.0385 1997.2 18598.2 43.0385 -1997.2 -5.51204
3.15 -42.9305 1995.49 18555.4 42.9305 -1995.49 -9.43463
3.155 -42.743 1992.6 18482.6 42.743 -1992.6 -17.6279
3.16 0.00589925 -127.372 46.7234 -0.00589925 127.372 -49.2719
