0.1 -2.48345e-31 200 -3.19744e-14 2.48345e-31 -200 3.19744e-14
0.2 3.50605e-31 400 -5.32907e-14 -3.50605e-31 -400 5.32907e-14
0.3 -1.46085e-31 600 -6.39488e-14 1.46085e-31 -600 6.39488e-14
0.4 -3.50605e-31 800 2.34479e-13 3.50605e-31 -800 -2.34479e-13
0.5 -6.71993e-31 1000 3.90799e-14 6.71993e-31 -1000 -3.90799e-14
0.6 -4.67473e-31 1200 -1.7053e-13 4.67473e-31 -1200 1.7053e-13
0.7 -1.86989e-30 1400 2.98428e-13 1.86989e-30 -1400 -2.98428e-13
0.8 2.5711e-30 1600 5.96856e-13 -2.5711e-30 -1600 -5.96856e-13
0.9 -1.51929e-30 1800 -3.2685e-13 1.51929e-30 -1800 3.2685e-13
1 1.28555e-30 2000 -3.33955e-13 -1.28555e-30 -2000 3.33955e-13
0.005 -1.26818e-05 2000 0.00549127 1.26818e-05 -2000 -1.27508e-05
0.01 -6.34383e-05 2000 0.0274294 6.34383e-05 -2000 -2.40103e-05
0.015 -0.000164935 2000 0.0712714 0.000164935 -2000 -1.93648e-05
0.02 -0.000316905 2000 0.136919 0.000316905 -2000 -1.56201e-05
0.025 -0.000518853 2000 0.224157 0.000518853 -2000 -1.26059e-05
0.03 -0.000770191 2000 0.332733 0.000770191 -2000 -1.01853e-05
0.035 -0.0010703 2000 0.462376 0.0010703 -2000 -8.24539e-06
0.04 -0.00141847 2000 0.612787 0.00141847 -2000 -6.69489e-06
0.045 -0.00181372 2000 0.783534 0.00181372 -2000 -5.46009e-06
0.05 -0.00225461 2000 0.973996 0.00225461 -2000 -4.48127e-06
0.055 -0.00273931 2000 1.18339 0.00273931 -2000 -3.71002e-06
0.06 -0.00326576 2000 1.41081 0.00326576 -2000 -3.10693e-06
0.065 -0.00383192 2000 1.65539 0.00383192 -2000 -2.64e-06
0.07 -0.00443604 2000 1.91637 0.00443604 -2000 -2.28332e-06
0.075 -0.0050763 2000 2.19297 0.0050763 -2000 -2.01586e-06
0.08 -0.00575044 2000 2.48419 0.00575044 -2000 -1.82029e-06
0.085 -0.00645576 2000 2.78889 0.00645576 -2000 -1.6822e-06
0.09 -0.00718949 2000 3.10586 0.00718949 -2000 -1.58957e-06
0.095 -0.00794902 2000 3.43398 0.00794902 -2000 -1.53259e-06
0.1 -0.00873177 2000 3.77213 0.00873177 -2000 -1.5032e-06
0.105 -0.00953474 2000 4.11901 0.00953474 -2000 -1.49458e-06
0.11 -0.0103542 2000 4.47301 0.0103542 -2000 -1.50062e-06
0.115 -0.0111857 2000 4.83221 0.0111857 -2000 -1.51564e-06
0.12 -0.0120248 2000 5.19469 0.0120248 -2000 -1.53474e-06
0.125 -0.0128665 2000 5.55834 0.0128665 -2000 -1.55369e-06
0.13 -0.0137047 2000 5.92042 0.0137047 -2000 -1.56821e-06
0.135 -0.0145323 2000 6.27796 0.0145323 -2000 -1.57408e-06
0.14 -0.0153445 2000 6.62884 0.0153445 -2000 -1.56877e-06
0.145 -0.0161391 2000 6.97209 0.0161391 -2000 -1.55226e-06
0.15 -0.0169154 2000 7.30745 0.0169154 -2000 -1.52618e-06
0.155 -0.0176728 2000 7.63466 0.0176728 -2000 -1.49205e-06
0.16 -0.018409 2000 7.9527 0.018409 -2000 -1.45097e-06
0.165 -0.0191198 2000 8.25975 0.0191198 -2000 -1.40217e-06
0.17 -0.0198004 2000 8.55378 0.0198004 -2000 -1.34491e-06
0.175 -0.0204468 2000 8.83304 0.0204468 -2000 -1.27903e-06
0.18 -0.0210567 2000 9.09651 0.0210567 -2000 -1.20541e-06
0.185 -0.0216302 2000 9.34425 0.0216302 -2000 -1.12615e-06
0.19 -0.0221683 2000 9.57673 0.0221683 -2000 -1.04399e-06
0.195 -0.0226722 2000 9.79438 0.0226722 -2000 -9.61423e-07
0.2 -0.0231438 2000 9.99811 0.0231438 -2000 -8.79886e-07
0.205 -0.0235826 2000 10.1877 0.0235826 -2000 -8.00797e-07
0.21 -0.0239808 2000 10.3597 0.0239808 -2000 -7.22776e-07
0.215 -0.0243252 2000 10.5085 0.0243252 -2000 -6.42753e-07
0.22 -0.0246047 2000 10.6292 0.0246047 -2000 -5.60116e-07
0.225 -0.0248138 2000 10.7196 0.0248138 -2000 -4.76906e-07
0.23 -0.0249523 2000 10.7794 0.0249523 -2000 -3.9698e-07
0.235 -0.0250254 2000 10.811 0.0250254 -2000 -3.24634e-07
0.24 -0.0250451 2000 10.8195 0.0250451 -2000 -2.6238e-07
0.245 -0.0250218 2000 10.8094 0.0250218 -2000 -4.49128e-07
0.25 -0.0249567 2000 10.7813 0.0249567 -2000 -5.72388e-07
0.255 -0.0248355 2000 10.7289 0.0248355 -2000 -4.65379e-07
0.26 -0.0246297 2000 10.6401 0.0246297 -2000 -3.8504e-07
0.265 -0.0243012 2000 10.4981 0.0243012 -2000 -3.10366e-07
0.27 -0.023806 2000 10.2842 0.023806 -2000 -2.50173e-07
0.275 -0.0231005 2000 9.97942 0.0231005 -2000 -2.01654e-07
0.28 -0.0221446 2000 9.56645 0.0221446 -2000 -1.62545e-07
0.285 -0.0209008 2000 9.02917 0.0209008 -2000 -1.3102e-07
0.29 -0.0193318 2000 8.35136 0.0193318 -2000 -1.05609e-07
0.295 -0.0173964 2000 7.51526 0.0173964 -2000 -8.51269e-08
0.3 -0.015051 2000 6.50201 0.015051 -2000 -6.86158e-08
0.305 -0.0122605 2000 5.29652 0.0122605 -2000 -1.30379e-09
0.31 -0.00901199 2000 3.89318 0.00901199 -2000 2.56974e-08
0.315 -0.0053159 2000 2.29647 0.0053159 -2000 3.20183e-07
0.32 -0.00120379 2000 0.520001 0.00120379 -2000 3.58005e-05
0.325 0.00307416 2000 -1.33017 -0.00307416 -2000 0.00213462
0.33 0.0075228 1999.99 -3.25293 -0.0075228 -1999.99 0.00307824
0.335 0.012238 2000 -5.2893 -0.012238 -2000 0.00248463
0.34 0.0171894 2000 -7.42783 -0.0171894 -2000 0.00200822
0.345 0.0223623 2000 -9.66213 -0.0223623 -2000 0.00162472
0.35 0.0277576 2000 -11.9926 -0.0277576 -2000 0.00131612
0.355 0.0333833 2000 -14.4227 -0.0333833 -2000 0.00106795
0.36 0.0392477 2000 -16.9559 -0.0392477 -2000 0.000868518
0.365 0.045362 2000 -19.5971 -0.045362 -2000 0.000708434
0.37 0.0517482 2000 -22.3558 -0.0517482 -2000 0.000580142
0.375 0.0584537 2000 -25.2525 -0.0584537 -2000 0.000477619
0.38 0.0655675 2000 -28.3255 -0.0655675 -2000 0.000396142
0.385 0.0732314 2000 -31.6363 -0.0732314 -2000 0.000332106
0.39 0.081627 2000 -35.2631 -0.081627 -2000 0.000282866
0.395 0.0908967 2000 -39.2676 -0.0908967 -2000 0.000247199
0.4 0.101046 2000 -43.652 -0.101046 -2000 0.000222135
0.405 0.111944 2000 -48.36 -0.111944 -2000 0.000205105
0.41 0.123405 2000 -53.3112 -0.123405 -2000 0.000194587
0.415 0.135249 2000 -58.4277 -0.135249 -2000 0.000188501
0.42 0.147328 2000 -63.6458 -0.147328 -2000 0.000185185
0.425 0.159542 2000 -68.9221 -0.159542 -2000 0.000183469
0.43 0.171843 2000 -74.2362 -0.171843 -2000 0.000182671
0.435 0.184234 2000 -79.5894 -0.184234 -2000 0.000182527
0.44 0.196747 2000 -84.9948 -0.196747 -2000 0.000183039
0.445 0.209407 2000 -90.4642 -0.209407 -2000 0.00018426
0.45 0.22223 2000 -96.0034 -0.22223 -2000 0.000186172
0.455 0.235219 2000 -101.615 -0.235219 -2000 0.000188699
0.46 0.248375 2000 -107.298 -0.248375 -2000 0.000191749
0.465 0.261688 2000 -113.049 -0.261688 -2000 0.000195202
0.47 0.275119 2000 -118.852 -0.275119 -2000 0.000198824
0.475 0.288597 2000 -124.674 -0.288597 -2000 0.000202221
0.48 0.302038 2000 -130.48 -0.302038 -2000 0.00020492
0.485 0.315364 2000 -136.238 -0.315364 -2000 0.000206563
0.49 0.328503 2000 -141.914 -0.328503 -2000 0.000206914
0.495 0.341391 2000 -147.481 -0.341391 -2000 0.000205797
0.5 0.353984 2000 -152.921 -0.353984 -2000 0.000203246
0.505 0.366255 2000 -158.222 -0.366255 -2000 0.000199384
0.51 0.378177 2000 -163.373 -0.378177 -2000 0.000194362
0.515 0.389715 2000 -168.357 -0.389715 -2000 0.000188288
0.52 0.400834 2000 -173.161 -0.400834 -2000 0.000181241
0.525 0.411512 2000 -177.773 -0.411512 -2000 0.000173347
0.53 0.421749 2000 -182.196 -0.421749 -2000 0.000164814
0.535 0.431591 2000 -186.448 -0.431591 -2000 0.000155985
0.54 0.441151 2000 -190.577 -0.441151 -2000 0.000147366
0.545 0.450634 2000 -194.674 -0.450634 -2000 0.000139706
0.55 0.460321 2000 -198.859 -0.460321 -2000 0.000133949
0.555 0.470429 2000 -203.225 -0.470429 -2000 0.000130884
0.56 0.480946 2000 -207.769 -0.480946 -2000 0.000130438
0.565 0.491638 2000 -212.388 -0.491638 -2000 0.000131419
0.57 0.502175 2000 -216.94 -0.502175 -2000 0.000132089
0.575 0.512224 2000 -221.281 -0.512224 -2000 0.000130892
0.58 0.521486 2000 -225.282 -0.521486 -2000 0.00012684
0.585 0.529712 2000 -228.836 -0.529712 -2000 0.000119602
0.59 0.536739 2000 -231.871 -0.536739 -2000 0.000109501
0.595 0.542536 2000 -234.375 -0.542536 -2000 9.7436e-05
0.6 0.547215 2000 -236.397 -0.547215 -2000 8.4616e-05
0.605 0.551 2000 -238.032 -0.551 -2000 7.21596e-05
0.61 0.554166 2000 -239.4 -0.554166 -2000 6.08406e-05
0.615 0.557027 2000 -240.636 -0.557027 -2000 5.1078e-05
0.62 0.55993 2000 -241.89 -0.55993 -2000 4.30792e-05
0.625 0.563289 2000 -243.341 -0.563289 -2000 3.70487e-05
0.63 0.567606 2000 -245.206 -0.567606 -2000 3.34582e-05
0.635 0.573466 2000 -247.738 -0.573466 -2000 3.34021e-05
0.64 0.581489 2000 -251.203 -0.581489 -2000 3.8959e-05
0.645 0.592203 2000 -255.832 -0.592203 -2000 5.32548e-05
0.65 0.605857 2000 -261.73 -0.605857 -2000 7.95659e-05
0.655 0.622252 2000 -268.813 -0.622252 -2000 0.000119156
0.66 0.640756 2000 -276.807 -0.640756 -2000 0.000169195
0.665 0.660455 2000 -285.317 -0.660455 -2000 0.000222828
0.67 0.680358 2000 -293.915 -0.680358 -2000 0.000271382
0.675 0.699598 2000 -302.227 -0.699598 -2000 0.000307443
0.68 0.71765 2000 -310.025 -0.71765 -2000 0.000327622
0.685 0.734485 2000 -317.298 -0.734485 -2000 0.000333611
0.69 0.7505 2000 -324.216 -0.7505 -2000 0.000330679
0.695 0.766323 2000 -331.052 -0.766323 -2000 0.000325047
0.7 0.782661 2000 -338.11 -0.782661 -2000 0.000322327
0.705 0.800193 2000 -345.684 -0.800193 -2000 0.000327451
0.71 0.81951 2000 -354.029 -0.81951 -2000 0.000344546
0.715 0.841133 2000 -363.37 -0.841133 -2000 0.000377662
0.72 0.865532 2000 -373.91 -0.865532 -2000 0.000431007
0.725 0.893053 2000 -385.8 -0.893053 -2000 0.000508725
0.73 0.923841 2000 -399.1 -0.923841 -2000 0.000613352
0.735 0.95782 2000 -413.779 -0.95782 -2000 0.000744632
0.74 0.994754 2000 -429.735 -0.994754 -2000 0.000899326
0.745 1.03427 2000 -446.807 -1.03427 -2000 0.00107155
0.75 1.07583 2000 -464.759 -1.07583 -2000 0.00125232
0.755 1.11867 2000 -483.265 -1.11867 -2000 0.00142899
0.76 1.16191 2000 -501.948 -1.16191 -2000 0.00158663
0.765 1.20474 2000 -520.451 -1.20474 -2000 0.0017119
0.77 1.24671 2000 -538.581 -1.24671 -2000 0.00179889
0.775 1.28793 2000 -556.389 -1.28793 -2000 0.00185329
0.78 1.32893 2000 -574.101 -1.32893 -2000 0.00188922
0.785 1.37034 2000 -591.99 -1.37034 -2000 0.00192225
0.79 1.41273 2000 -610.3 -1.41273 -2000 0.00196508
0.795 1.45655 2000 -629.23 -1.45655 -2000 0.00202701
0.8 1.5022 2000 -648.953 -1.5022 -2000 0.00211543
0.805 1.55007 2000 -669.632 -1.55007 -2000 0.00223792
0.81 1.60043 2000 -691.389 -1.60043 -2000 0.00240289
0.815 1.65332 2000 -714.236 -1.65332 -2000 0.00261796
0.82 1.70844 2000 -738.048 -1.70844 -2000 0.00288937
0.825 1.76531 2000 -762.618 -1.76531 -2000 0.00322677
0.83 1.82339 2000 -787.706 -1.82339 -2000 0.0036507
0.835 1.88209 2000 -813.066 -1.88209 -2000 0.00419774
0.84 1.9411 2000 -838.56 -1.9411 -2000 0.00492934
0.845 2.00063 2000 -864.28 -2.00063 -2000 0.0058434
0.85 2.06133 2000 -890.503 -2.06133 -2000 0.0070903
0.855 2.124 2000 -917.575 -2.124 -2000 0.00897613
0.86 2.1894 2000 -945.834 -2.1894 -2000 0.0117456
0.865 2.25803 2000 -975.483 -2.25803 -2000 0.015613
0.87 2.32978 2000 -1006.49 -2.32978 -2000 0.0206191
0.875 2.40418 2000 -1038.63 -2.40418 -2000 0.0265463
0.88 2.48069 2000 -1071.69 -2.48069 -2000 0.0330313
0.885 2.55883 2000 -1105.46 -2.55883 -2000 0.039793
0.89 2.63828 2000 -1139.78 -2.63828 -2000 0.0467716
0.895 2.71905 2000 -1174.69 -2.71905 -2000 0.054061
0.9 2.80157 2000 -1210.34 -2.80157 -2000 0.0616951
0.905 2.88642 2000 -1247 -2.88642 -2000 0.0694181
0.91 2.97421 2000 -1284.94 -2.97421 -2000 0.0765677
0.915 3.06543 2000 -1324.35 -3.06543 -2000 0.0821952
0.92 3.16048 2000 -1365.41 -3.16048 -2000 0.0854633
0.925 3.25975 1999.99 -1408.3 -3.25975 -1999.99 0.0861197
0.93 3.36371 1999.99 -1453.21 -3.36371 -1999.99 0.0847709
0.935 3.47294 1999.99 -1500.39 -3.47294 -1999.99 0.0825941
0.94 3.58829 1999.99 -1550.22 -3.58829 -1999.99 0.0808253
0.945 3.71075 1999.99 -1603.12 -3.71075 -1999.99 0.0801886
0.95 3.84133 1999.99 -1659.54 -3.84133 -1999.99 0.0801087
0.955 3.98062 1999.99 -1719.71 -3.98062 -1999.99 0.0785207
0.96 4.12836 1999.99 -1783.52 -4.12836 -1999.99 0.0727174
0.965 4.28351 1999.99 -1850.54 -4.28351 -1999.99 0.0607915
0.97 4.44475 1999.99 -1920.18 -4.44475 -1999.99 0.0426055
0.975 4.61078 1999.99 -1991.88 -4.61078 -1999.99 0.0200657
0.98 4.78054 1999.99 -2065.19 -4.78054 -1999.99 -0.00313325
0.985 4.9534 1999.99 -2139.85 -4.9534 -1999.99 -0.0225245
0.99 5.12952 1999.99 -2215.92 -5.12952 -1999.99 -0.0346428
0.995 5.3097 1999.99 -2293.75 -5.3097 -1999.99 -0.038611
1 5.49497 1999.99 -2373.79 -5.49497 -1999.99 -0.0362422
1.005 5.68621 1999.99 -2456.41 -5.68621 -1999.99 -0.0306783
1.01 5.88386 1999.99 -2541.8 -5.88386 -1999.99 -0.0247074
1.015 6.0878 1999.99 -2629.91 -6.0878 -1999.99 -0.0196026
1.02 6.29762 1999.99 -2720.56 -6.29762 -1999.99 -0.0148152
1.025 6.51282 1999.99 -2813.53 -6.51282 -1999.99 -0.00885038
1.03 6.73301 1999.99 -2908.66 -6.73301 -1999.99 -0.000851587
1.035 6.9579 1999.99 -3005.82 -6.9579 -1999.99 0.00869346
1.04 7.1872 1999.99 -3104.89 -7.1872 -1999.99 0.0186437
1.045 7.42059 1999.99 -3205.72 -7.42059 -1999.99 0.0280852
1.05 7.65762 1999.99 -3308.13 -7.65762 -1999.99 0.0365832
1.055 7.89789 1999.99 -3411.93 -7.89789 -1999.99 0.0440338
1.06 8.14119 1999.99 -3517.05 -8.14119 -1999.99 0.0504948
1.065 8.38777 1999.99 -3623.57 -8.38777 -1999.99 0.0561025
1.07 8.63833 1999.99 -3731.82 -8.63833 -1999.99 0.0610309
1.075 8.89388 1999.99 -3842.22 -8.89388 -1999.99 0.0654503
1.08 9.15543 1999.99 -3955.22 -9.15543 -1999.99 0.0694744
1.085 9.42329 1999.99 -4070.94 -9.42329 -1999.99 0.0730816
1.09 9.69673 1999.99 -4189.06 -9.69673 -1999.99 0.0760665
1.095 9.97414 1999.99 -4308.91 -9.97414 -1999.99 0.0781114
1.1 10.2535 1999.99 -4429.58 -10.2535 -1999.99 0.0789639
1.105 10.5327 1999.99 -4550.2 -10.5327 -1999.99 0.0786057
1.11 10.8099 1999.99 -4669.97 -10.8099 -1999.99 0.0772656
1.115 11.0837 1999.98 -4788.24 -11.0837 -1999.98 0.0752459
1.12 11.353 1999.98 -4904.59 -11.353 -1999.98 0.07271
1.125 11.6175 1999.98 -5018.82 -11.6175 -1999.98 0.0696141
1.13 11.8771 1999.98 -5130.97 -11.8771 -1999.98 0.0658011
1.135 12.1324 1999.99 -5241.24 -12.1324 -1999.99 0.0611389
1.14 12.384 1999.99 -5349.93 -12.384 -1999.99 0.0556139
1.145 12.6328 1999.99 -5457.43 -12.6328 -1999.99 0.0493644
1.15 12.8799 1999.99 -5564.16 -12.8799 -1999.99 0.0426622
1.155 13.1261 1999.99 -5670.53 -13.1261 -1999.99 0.0358691
1.16 13.3724 1999.99 -5776.89 -13.3724 -1999.99 0.0293961
1.165 13.6192 1999.99 -5883.5 -13.6192 -1999.99 0.0236694
1.17 13.8671 1999.99 -5990.59 -13.8671 -1999.99 0.0190974
1.175 14.1167 1999.99 -6098.42 -14.1167 -1999.99 0.0160323
1.18 14.3686 1999.99 -6207.25 -14.3686 -1999.99 0.0147281
1.185 14.6234 1999.99 -6317.31 -14.6234 -1999.99 0.0153013
1.19 14.8817 1999.99 -6428.9 -14.8817 -1999.99 0.0177111
1.195 15.1442 1999.99 -6542.3 -15.1442 -1999.99 0.0217688
1.2 15.4115 1999.99 -6657.81 -15.4115 -1999.99 0.0271735
1.205 15.6843 1999.99 -6775.66 -15.6843 -1999.99 0.0335516
1.21 15.9625 1999.99 -6895.85 -15.9625 -1999.99 0.0404756
1.215 16.2454 1999.99 -7018.07 -16.2454 -1999.99 0.0474729
1.22 16.5318 1999.99 -7141.78 -16.5318 -1999.99 0.0540726
1.225 16.82 1999.99 -7266.31 -16.82 -1999.99 0.0598899
1.23 17.1086 1999.98 -7390.99 -17.1086 -1999.98 0.0646949
1.235 17.3961 1999.98 -7515.17 -17.3961 -1999.98 0.0684407
1.24 17.6812 1999.98 -7638.34 -17.6812 -1999.98 0.0712507
1.245 17.9635 1999.98 -7760.32 -17.9635 -1999.98 0.0733858
1.25 18.2436 1999.98 -7881.3 -18.2436 -1999.98 0.0751927
1.255 18.5222 1999.98 -8001.68 -18.5222 -1999.98 0.0770185
1.26 18.8001 1999.98 -8121.71 -18.8001 -1999.98 0.079102
1.265 19.0767 1999.98 -8241.21 -19.0767 -1999.98 0.0814846
1.27 19.3509 1999.98 -8359.66 -19.3509 -1999.98 0.0840092
1.275 19.6211 1999.98 -8476.42 -19.6211 -1999.98 0.0864133
1.28 19.8866 1999.99 -8591.09 -19.8866 -1999.99 0.0884643
1.285 20.1474 1999.99 -8703.77 -20.1474 -1999.99 0.090084
1.29 20.4049 1999.99 -8814.99 -20.4049 -1999.99 0.0913768
1.295 20.6606 1999.99 -8925.49 -20.6606 -1999.99 0.0925454
1.3 20.9164 1999.99 -9035.98 -20.9164 -1999.99 0.0937905
1.305 21.1731 1999.99 -9146.87 -21.1731 -1999.99 0.0952312
1.31 21.4306 1999.99 -9258.11 -21.4306 -1999.99 0.0968343
1.315 21.6878 1999.99 -9369.21 -21.6878 -1999.99 0.0984088
1.32 21.9431 1999.99 -9479.5 -21.9431 -1999.99 0.099701
1.325 22.1951 1999.99 -9588.38 -22.1951 -1999.99 0.1005
1.33 22.4429 1999.99 -9695.42 -22.4429 -1999.99 0.100689
1.335 22.6861 1999.99 -9800.48 -22.6861 -1999.99 0.100276
1.34 22.9253 1999.99 -9903.84 -22.9253 -1999.99 0.0994085
1.345 23.1572 2000.01 -10004.6 -23.1572 -2000.01 0.73812
1.35 23.3893 2000.01 -10105.1 -23.3893 -2000.01 0.944812
1.355 23.6228 2000.01 -10205.8 -23.6228 -2000.01 0.777211
1.36 23.8573 2000.01 -10307 -23.8573 -2000.01 0.64396
1.365 24.0927 2000 -10408.6 -24.0927 -2000 0.543767
1.37 24.3251 2000.01 -10509.2 -24.3251 -2000.01 0.795136
1.375 24.5589 2000.01 -10610.1 -24.5589 -2000.01 0.660802
1.38 24.793 2000 -10711.1 -24.793 -2000 0.552664
1.385 25.0279 2000 -10812.5 -25.0279 -2000 0.465692
1.39 25.2645 2000 -10914.6 -25.2645 -2000 0.395903
1.395 25.5025 2000 -11017.4 -25.5025 -2000 0.340006
1.4 25.7414 2000 -11120.6 -25.7414 -2000 0.31213
1.405 25.9694 2000.03 -11220.1 -25.9694 -2000.03 1.26362
1.41 26.2011 2000.02 -11319.9 -26.2011 -2000.02 1.03986
1.415 26.4318 2000.01 -11419.4 -26.4318 -2000.01 0.859571
1.42 26.6622 2000.01 -11518.8 -26.6622 -2000.01 0.716031
1.425 26.8933 2000.01 -11618.5 -26.8933 -2000.01 0.600467
1.43 27.1263 2000 -11719.1 -27.1263 -2000 0.507704
1.435 27.3629 2000 -11821.2 -27.3629 -2000 0.433624
1.44 27.6047 2000 -11925.6 -27.6047 -2000 0.374958
1.445 27.8461 2000.04 -12030.5 -27.8461 -2000.04 0.99074
1.45 28.0918 2000.08 -12137.1 -28.0918 -2000.08 1.44655
1.455 28.3484 2000.06 -12247.7 -28.3484 -2000.06 1.19329
1.46 28.6049 2000.09 -12359.4 -28.6049 -2000.09 2.02986
1.465 28.8643 2000.11 -12472.1 -28.8643 -2000.11 2.72102
1.47 29.1321 2000.09 -12587.4 -29.1321 -2000.09 2.30106
1.475 29.3931 2000.12 -12700.3 -29.3931 -2000.12 2.48783
1.48 29.6593 2000.09 -12814.9 -29.6593 -2000.09 2.04508
1.485 29.9276 2000.07 -12930.4 -29.9276 -2000.07 1.68927
1.49 30.1975 2000.05 -13046.7 -30.1975 -2000.05 1.40334
1.495 30.469 2000.04 -13163.8 -30.469 -2000.04 1.17365
1.5 30.7422 2000.03 -13281.6 -30.7422 -2000.03 0.989354
1.505 31.0173 2000.02 -13400.3 -31.0173 -2000.02 0.841738
1.51 31.2695 2000.2 -13511.3 -31.2695 -2000.2 2.87452
1.515 31.5143 2000.33 -13618.6 -31.5143 -2000.33 4.43126
1.52 31.7623 2000.29 -13725.7 -31.7623 -2000.29 4.41649
1.525 32.0157 2000.23 -13834.4 -32.0157 -2000.23 3.59736
1.53 32.2725 2000.18 -13944.7 -32.2725 -2000.18 2.94855
1.535 32.5336 2000.14 -14056.9 -32.5336 -2000.14 2.42779
1.54 32.8 2000.11 -14171.6 -32.8 -2000.11 2.01078
1.545 33.0722 2000.09 -14288.9 -33.0722 -2000.09 1.67784
1.55 33.3501 2000.06 -14408.7 -33.3501 -2000.06 1.41297
1.555 33.6328 2000.05 -14530.6 -33.6328 -2000.05 1.20297
1.56 33.9191 2000.03 -14654.1 -33.9191 -2000.03 1.03699
1.565 34.2077 2000.02 -14778.6 -34.2077 -2000.02 0.906166
1.57 34.4891 2000.09 -14900.8 -34.4891 -2000.09 1.49958
1.575 34.7503 2000.22 -15014.8 -34.7503 -2000.22 2.68656
1.58 35.013 2000.2 -15128.5 -35.013 -2000.2 2.87717
1.585 35.2746 2000.19 -15241.6 -35.2746 -2000.19 3.02203
1.59 35.5398 2000.15 -15355.7 -35.5398 -2000.15 2.51691
1.595 35.8067 2000.11 -15470.6 -35.8067 -2000.11 2.11448
1.6 36.0756 2000.09 -15586.5 -36.0756 -2000.09 1.79536
1.605 36.3471 2000.07 -15703.5 -36.3471 -2000.07 1.544
1.61 36.6212 2000.05 -15821.7 -36.6212 -2000.05 1.34771
1.615 36.8982 2000.03 -15941.2 -36.8982 -2000.03 1.19607
1.62 37.1777 2000.02 -16061.9 -37.1777 -2000.02 1.0803
1.625 37.4596 2000.01 -16183.5 -37.4596 -2000.01 0.992982
1.63 37.7434 2000.01 -16306.1 -37.7434 -2000.01 0.927803
1.635 38.0272 2000.02 -16428.8 -38.0272 -2000.02 1.01369
1.64 38.291 2000.16 -16543.7 -38.291 -2000.16 1.96025
1.645 38.5601 2000.12 -16659.7 -38.5601 -2000.12 1.7023
1.65 38.8311 2000.09 -16776.6 -38.8311 -2000.09 1.49646
1.655 39.1045 2000.07 -16894.5 -39.1045 -2000.07 1.33194
1.66 39.3702 2000.13 -17010.7 -39.3702 -2000.13 2.70741
1.665 39.6403 2000.14 -17127.8 -39.6403 -2000.14 3.18062
1.67 39.9154 2000.11 -17246.1 -39.9154 -2000.11 2.70824
1.675 40.1872 2000.1 -17363.7 -40.1872 -2000.1 2.77647
1.68 40.4616 2000.08 -17481.8 -40.4616 -2000.08 2.38324
1.685 40.7362 2000.06 -17600.1 -40.7362 -2000.06 2.06411
1.69 41.0071 2000.06 -17717.3 -41.0071 -2000.06 2.25471
1.695 41.265 2000.12 -17829.8 -41.265 -2000.12 3.3565
1.7 41.5246 2000.09 -17941.5 -41.5246 -2000.09 2.86435
1.705 41.7799 2000.07 -18051.4 -41.7799 -2000.07 2.46619
1.71 42.0305 2000.05 -18159.3 -42.0305 -2000.05 2.14385
1.715 42.2694 2000.13 -18262.6 -42.2694 -2000.13 2.2624
1.72 42.4973 2000.2 -18361.2 -42.4973 -2000.2 2.36417
1.725 42.7112 2000.25 -18454.9 -42.7112 -2000.25 3.64585
1.73 42.9187 2000.27 -18545.3 -42.9187 -2000.27 4.36655
1.735 43.126 2000.21 -18634.1 -43.126 -2000.21 3.67404
1.74 43.3219 2000.23 -18719.3 -43.3219 -2000.23 4.20825
1.745 43.5156 2000.22 -18802.9 -43.5156 -2000.22 4.12028
1.75 43.7079 2000.17 -18885.3 -43.7079 -2000.17 3.46166
1.755 43.8973 2000.14 -18966.6 -43.8973 -2000.14 2.92205
1.76 44.072 2000.23 -19043.6 -44.072 -2000.23 4.46827
1.765 44.2448 2000.26 -19119 -44.2448 -2000.26 5.18195
1.77 44.4226 2000.21 -19194.9 -44.4226 -2000.21 4.30396
1.775 44.6017 2000.17 -19271.5 -44.6017 -2000.17 3.59237
1.78 44.7831 2000.13 -19349.3 -44.7831 -2000.13 3.02407
1.785 44.9677 2000.1 -19428.6 -44.9677 -2000.1 2.56772
1.79 45.1534 2000.1 -19508.8 -45.1534 -2000.1 2.56947
1.795 45.3292 2000.18 -19586 -45.3292 -2000.18 3.77639
1.8 45.5138 2000.14 -19665.2 -45.5138 -2000.14 3.20321
1.805 45.7028 2000.11 -19746.4 -45.7028 -2000.11 2.75024
1.81 45.897 2000.09 -19829.7 -45.897 -2000.09 2.13049
1.815 46.0896 2000.15 -19912.9 -46.0896 -2000.15 2.19449
1.82 46.2725 2000.27 -19994.1 -46.2725 -2000.27 4.3981
1.825 46.4529 2000.33 -20073.3 -46.4529 -2000.33 5.63839
1.83 46.6394 2000.26 -20153.1 -46.6394 -2000.26 4.83409
1.835 46.8256 2000.21 -20232.9 -46.8256 -2000.21 4.22146
1.84 47.0102 2000.17 -20312.2 -47.0102 -2000.17 3.77226
1.845 47.1825 2000.24 -20387.8 -47.1825 -2000.24 4.99138
1.85 47.3456 2000.34 -20459.1 -47.3456 -2000.34 5.76888
1.855 47.5048 2000.36 -20526.9 -47.5048 -2000.36 4.80703
1.86 47.6593 2000.29 -20593.1 -47.6593 -2000.29 4.31095
1.865 47.8111 2000.24 -20658.3 -47.8111 -2000.24 3.89127
1.87 47.9577 2000.22 -20721.7 -47.9577 -2000.22 3.9901
1.875 48.0934 2000.25 -20781.1 -48.0934 -2000.25 4.74219
1.88 48.2308 2000.21 -20839.4 -48.2308 -2000.21 3.72919
1.885 48.3648 2000.23 -20896.1 -48.3648 -2000.23 2.53874
1.89 48.4939 2000.22 -20951.6 -48.4939 -2000.22 2.20785
1.895 48.6205 2000.17 -21006.2 -48.6205 -2000.17 2.10464
1.9 48.7435 2000.16 -21059.6 -48.7435 -2000.16 2.3603
1.905 48.8647 2000.14 -21112 -48.8647 -2000.14 2.49433
1.91 48.9852 2000.11 -21164 -48.9852 -2000.11 2.34729
1.915 49.1045 2000.08 -21215.4 -49.1045 -2000.08 2.23563
1.92 49.2224 2000.06 -21266.2 -49.2224 -2000.06 2.15328
1.925 49.3388 2000.05 -21316.5 -49.3388 -2000.05 2.09444
1.93 49.4534 2000.03 -21365.9 -49.4534 -2000.03 2.0534
1.935 49.5652 2000.1 -21413.7 -49.5652 -2000.1 1.51454
1.94 49.6712 2000.16 -21459 -49.6712 -2000.16 1.01679
1.945 49.7721 2000.12 -21502.7 -49.7721 -2000.12 1.1658
1.95 49.8709 2000.09 -21545.5 -49.8709 -2000.09 1.28634
1.955 49.9663 2000.09 -21587.1 -49.9663 -2000.09 1.64865
1.96 50.0598 2000.08 -21627.7 -50.0598 -2000.08 1.86217
1.965 50.1519 2000.06 -21667.5 -50.1519 -2000.06 1.86391
1.97 50.2422 2000.04 -21706.5 -50.2422 -2000.04 1.87143
1.975 50.3306 2000.03 -21744.7 -50.3306 -2000.03 1.88289
1.98 50.4169 2000.02 -21782 -50.4169 -2000.02 1.89651
1.985 50.5011 2000.01 -21818.4 -50.5011 -2000.01 1.91159
1.99 50.5833 2000 -21853.9 -50.5833 -2000 1.92897
1.995 50.6638 2000 -21888.7 -50.6638 -2000 1.9505
2 50.7428 1999.99 -21922.9 -50.7428 -1999.99 1.97803
2.005 50.8203 1999.99 -21956.4 -50.8203 -1999.99 2.01251
2.01 50.892 2000.04 -21988.2 -50.892 -2000.04 2.80656
2.015 50.9614 2000.06 -22018.6 -50.9614 -2000.06 3.25184
2.02 51.03 2000.05 -22048 -51.03 -2000.05 3.08858
2.025 51.0963 2000.03 -22076.6 -51.0963 -2000.03 2.96794
2.03 51.1605 2000.02 -22104.2 -51.1605 -2000.02 2.88026
2.035 51.2225 2000.01 -22130.9 -51.2225 -2000.01 2.81999
2.04 51.2824 2000 -22156.8 -51.2824 -2000 2.78459
2.045 51.3405 2000 -22181.9 -51.3405 -2000 2.77381
2.05 51.397 1999.99 -22206.3 -51.397 -1999.99 2.78899
2.055 51.4519 1999.99 -22230.1 -51.4519 -1999.99 2.83227
2.06 51.5086 2000.08 -22253 -51.5086 -2000.08 1.31397
2.065 51.5538 2000.1 -22273.2 -51.5538 -2000.1 1.91288
2.07 51.588 2000.05 -22289.8 -51.588 -2000.05 3.81647
2.075 51.626 2000.03 -22306.1 -51.626 -2000.03 3.66983
2.08 51.6619 2000.01 -22321.5 -51.6619 -2000.01 3.57769
2.085 51.6851 1999.98 -22333.4 -51.6851 -1999.98 5.42159
2.09 51.6946 2000.02 -22340.2 -51.6946 -2000.02 8.10375
2.095 51.7086 2000.04 -22345.8 -51.7086 -2000.04 7.71072
2.1 51.7212 2000.03 -22350.4 -51.7212 -2000.03 6.77493
2.105 51.7316 2000.02 -22354.1 -51.7316 -2000.02 6.03275
2.11 51.7397 2000.01 -22357 -51.7397 -2000.01 5.44043
2.115 51.7339 1999.97 -22356.2 -51.7339 -1999.97 7.18547
2.12 51.7231 1999.92 -22352.3 -51.7231 -1999.92 7.94706
2.125 51.7168 1999.92 -22348.2 -51.7168 -1999.92 6.53608
2.13 51.7083 1999.92 -22343.6 -51.7083 -1999.92 5.62029
2.135 51.6984 1999.93 -22338.6 -51.6984 -1999.93 4.8777
2.14 51.687 1999.93 -22333 -51.687 -1999.93 4.27703
2.145 51.6741 1999.93 -22327 -51.6741 -1999.93 3.79337
2.15 51.6598 1999.94 -22320.5 -51.6598 -1999.94 3.40583
2.155 51.6441 1999.94 -22313.3 -51.6441 -1999.94 3.09804
2.16 51.6127 1999.86 -22301.9 -51.6127 -1999.86 5.15704
2.165 51.5818 1999.84 -22289.2 -51.5818 -1999.84 5.8282
2.17 51.5539 1999.86 -22276.2 -51.5539 -1999.86 4.8665
2.175 51.5244 1999.88 -22262.6 -51.5244 -1999.88 4.09611
2.18 51.493 1999.9 -22248.5 -51.493 -1999.9 3.48201
2.185 51.4598 1999.91 -22233.6 -51.4598 -1999.91 2.99614
2.19 51.4248 1999.92 -22218.1 -51.4248 -1999.92 2.54929
2.195 51.3888 1999.93 -22201.8 -51.3888 -1999.93 1.87238
2.2 51.3513 1999.96 -22185.2 -51.3513 -1999.96 1.40554
2.205 51.3134 1999.99 -22168.3 -51.3134 -1999.99 0.89344
2.21 51.2736 1999.99 -22151.1 -51.2736 -1999.99 0.928275
2.215 51.234 1999.98 -22134 -51.234 -1999.98 0.950548
2.22 51.1952 1999.98 -22117.3 -51.1952 -1999.98 0.958257
2.225 51.1575 1999.97 -22101 -51.1575 -1999.97 0.950563
2.23 51.1215 1999.97 -22085.4 -51.1215 -1999.97 0.928152
2.235 51.0849 2000.04 -22070 -51.0849 -2000.04 1.34964
2.24 51.0502 2000.07 -22055.1 -51.0502 -2000.07 1.44825
2.245 51.0177 2000.05 -22040.9 -51.0177 -2000.05 1.27259
2.25 50.9869 2000.03 -22027.5 -50.9869 -2000.03 1.13626
2.255 50.9578 2000.01 -22014.8 -50.9578 -2000.01 1.03742
2.26 50.9308 2000.01 -22003 -50.9308 -2000.01 0.908415
2.265 50.906 2000 -21992.2 -50.906 -2000 0.793738
2.27 50.8832 2000 -21982.2 -50.8832 -2000 0.691244
2.275 50.8625 2000 -21973.2 -50.8625 -2000 0.599627
2.28 50.8437 2000 -21965 -50.8437 -2000 0.518194
2.285 50.8265 1999.99 -21957.5 -50.8265 -1999.99 0.446524
2.29 50.8106 1999.99 -21950.6 -50.8106 -1999.99 0.384132
2.295 50.7959 1999.99 -21944.2 -50.7959 -1999.99 0.330268
2.3 50.7822 1999.99 -21938.2 -50.7822 -1999.99 0.283957
2.305 50.7695 1999.99 -21932.7 -50.7695 -1999.99 0.24418
2.31 50.7576 2000 -21927.5 -50.7576 -2000 0.210053
2.315 50.7464 2000 -21922.6 -50.7464 -2000 0.180917
2.32 50.7356 2000 -21917.9 -50.7356 -2000 0.156305
2.325 50.725 2000 -21913.4 -50.725 -2000 0.135836
2.33 50.7146 2000 -21908.8 -50.7146 -2000 0.119056
2.335 50.7033 1999.99 -21904.1 -50.7033 -1999.99 0.259332
2.34 50.6914 1999.98 -21899.1 -50.6914 -1999.98 0.41601
2.345 50.6811 1999.99 -21894.6 -50.6811 -1999.99 0.338006
2.35 50.6721 1999.99 -21890.6 -50.6721 -1999.99 0.274678
2.355 50.6651 1999.99 -21887.5 -50.6651 -1999.99 0.223
2.36 50.6605 1999.99 -21885.5 -50.6605 -1999.99 0.180578
2.365 50.6589 1999.99 -21884.8 -50.6589 -1999.99 0.145794
2.37 50.6484 1999.96 -21882.2 -50.6484 -1999.96 2.10936
2.375 50.6295 1999.93 -21875.7 -50.6295 -1999.93 3.71734
2.38 50.6074 1999.94 -21865.4 -50.6074 -1999.94 2.99684
2.385 50.5739 1999.95 -21850.3 -50.5739 -1999.95 2.41383
2.39 50.5291 1999.96 -21830.5 -50.5291 -1999.96 1.94119
2.395 50.4737 1999.97 -21806.2 -50.4737 -1999.97 1.55564
2.4 50.4087 1999.98 -21777.8 -50.4087 -1999.98 1.23827
2.405 50.3356 1999.98 -21745.9 -50.3356 -1999.98 0.974078
2.41 50.2556 1999.98 -21711.2 -50.2556 -1999.98 0.752372
2.415 50.1703 1999.98 -21674.1 -50.1703 -1999.98 0.564596
2.42 50.0808 1999.98 -21635.3 -50.0808 -1999.98 0.400685
2.425 49.9883 1999.99 -21595.2 -49.9883 -1999.99 0.258684
2.43 49.8935 1999.99 -21554.1 -49.8935 -1999.99 0.134958
2.435 49.7965 1999.99 -21512.1 -49.7965 -1999.99 0.026289
2.44 49.6973 1999.99 -21469.1 -49.6973 -1999.99 -0.070559
2.445 49.5952 1999.99 -21425 -49.5952 -1999.99 -0.158916
2.45 49.4899 1999.99 -21379.4 -49.4899 -1999.99 -0.241949
2.455 49.3808 1999.99 -21332.2 -49.3808 -1999.99 -0.322259
2.46 49.2651 2000.04 -21282.6 -49.2651 -2000.04 0.062954
2.465 49.1449 2000.06 -21230.8 -49.1449 -2000.06 0.200172
2.47 49.0208 2000.04 -21177 -49.0208 -2000.04 0.00317356
2.475 48.8921 2000.03 -21121.2 -48.8921 -2000.03 -0.170976
2.48 48.7547 2000.13 -21061.6 -48.7547 -2000.13 -0.455656
2.485 48.6085 2000.18 -20998.2 -48.6085 -2000.18 -0.69445
2.49 48.4562 2000.14 -20932.3 -48.4562 -2000.14 -0.812169
2.495 48.3004 2000.1 -20864.9 -48.3004 -2000.1 -0.927839
2.5 48.142 2000.07 -20796.3 -48.142 -2000.07 -1.03847
2.505 47.9821 2000.05 -20727.1 -47.9821 -2000.05 -1.13748
2.51 47.8216 2000.03 -20657.7 -47.8216 -2000.03 -1.24919
2.515 47.6624 2000.02 -20588.4 -47.6624 -2000.02 -1.77825
2.52 47.5035 2000.02 -20519.2 -47.5035 -2000.02 -2.27163
2.525 47.3437 2000 -20450.4 -47.3437 -2000 -2.12687
2.53 47.1848 2000.02 -20381.8 -47.1848 -2000.02 -2.07387
2.535 47.026 2000.03 -20313.2 -47.026 -2000.03 -2.0454
2.54 46.8691 2000.02 -20245.5 -46.8691 -2000.02 -1.9289
2.545 46.7156 2000.01 -20179.3 -46.7156 -2000.01 -1.82055
2.55 46.5663 2000 -20114.9 -46.5663 -2000 -1.71594
2.555 46.4218 1999.99 -20052.6 -46.4218 -1999.99 -1.6127
2.56 46.2824 1999.98 -19992.5 -46.2824 -1999.98 -1.51006
2.565 46.1481 1999.98 -19934.6 -46.1481 -1999.98 -1.40842
2.57 46.0175 2000.02 -19878.1 -46.0175 -2000.02 -1.47883
2.575 45.8891 2000.06 -19822.6 -45.8891 -2000.06 -1.5231
2.58 45.7641 2000.04 -19768.7 -45.7641 -2000.04 -1.38046
2.585 45.6434 2000.03 -19716.7 -45.6434 -2000.03 -1.25187
2.59 45.5273 2000.02 -19666.7 -45.5273 -2000.02 -1.13567
2.595 45.4159 2000.01 -19618.7 -45.4159 -2000.01 -1.02973
2.6 45.3098 2000.01 -19572.9 -45.3098 -2000.01 -0.931792
2.605 45.2094 2000 -19529.6 -45.2094 -2000 -0.840783
2.61 45.1149 2000 -19488.9 -45.1149 -2000 -0.756002
2.615 45.0271 2000.02 -19450.6 -45.0271 -2000.02 -1.1436
2.62 44.9406 2000.05 -19413.4 -44.9406 -2000.05 -0.935844
2.625 44.8587 2000.04 -19378.2 -44.8587 -2000.04 -0.800303
2.63 44.7813 2000.03 -19344.8 -44.7813 -2000.03 -0.685347
2.635 44.7075 2000.02 -19313.1 -44.7075 -2000.02 -0.588233
2.64 44.637 2000.01 -19282.7 -44.637 -2000.01 -0.526824
2.645 44.5695 2000 -19253.5 -44.5695 -2000 -0.490233
2.65 44.5043 2000 -19225.4 -44.5043 -2000 -0.422843
2.655 44.4413 2000 -19198.3 -44.4413 -2000 -0.36636
2.66 44.3807 2000 -19172.2 -44.3807 -2000 -0.31875
2.665 44.3227 2000 -19147.1 -44.3227 -2000 -0.27826
2.67 44.2676 2000 -19123.4 -44.2676 -2000 -0.243432
2.675 44.2159 2000 -19101 -44.2159 -2000 -0.213076
2.68 44.168 2000 -19080.4 -44.168 -2000 -0.186186
2.685 44.125 2000 -19061.8 -44.125 -2000 -0.161925
2.69 44.0875 2000 -19045.7 -44.0875 -2000 -0.13968
2.695 44.0563 2000 -19032.2 -44.0563 -2000 -0.119127
2.7 44.0319 2000 -19021.7 -44.0319 -2000 -0.100221
2.705 44.0144 2000 -19014.1 -44.0144 -2000 -0.0832027
2.71 44.0035 2000 -19009.4 -44.0035 -2000 -0.0682328
2.715 43.9982 2000 -19007.2 -43.9982 -2000 -0.0553649
2.72 43.9974 2000 -19006.8 -43.9974 -2000 -0.0446772
2.725 44.0008 1999.99 -19008.2 -44.0008 -1999.99 -0.193723
2.73 44.0063 1999.99 -19010.4 -44.0063 -1999.99 -0.274818
2.735 44.0118 1999.99 -19012.9 -44.0118 -1999.99 -0.22152
2.74 44.0163 1999.99 -19014.9 -44.0163 -1999.99 -0.178558
2.745 44.0186 1999.99 -19015.9 -44.0186 -1999.99 -0.143928
2.75 44.018 2000 -19015.6 -44.018 -2000 -0.115993
2.755 44.0141 2000 -19014 -44.0141 -2000 -0.0934537
2.76 44.0073 2000 -19011.1 -44.0073 -2000 -0.0754567
2.765 43.9978 2000 -19007 -43.9978 -2000 -0.0612585
2.77 43.986 1999.99 -19001.9 -43.986 -1999.99 -0.057509
2.775 43.9717 1999.99 -18995.7 -43.9717 -1999.99 -0.0524454
2.78 43.9545 1999.99 -18988.3 -43.9545 -1999.99 -0.0459427
2.785 43.9337 2000 -18979.3 -43.9337 -2000 -0.0432442
2.79 43.9088 2000 -18968.6 -43.9088 -2000 -0.0453544
2.795 43.8797 2000 -18956 -43.8797 -2000 -0.0534712
2.8 43.8463 2000 -18941.5 -43.8463 -2000 -0.0688588
2.805 43.8088 2000 -18925.3 -43.8088 -2000 -0.0924015
2.81 43.7678 1999.99 -18907.6 -43.7678 -1999.99 -0.124193
2.815 43.7236 1999.99 -18888.4 -43.7236 -1999.99 -0.163255
2.82 43.6767 1999.99 -18868.1 -43.6767 -1999.99 -0.208596
2.825 43.6269 1999.99 -18846.6 -43.6269 -1999.99 -0.259902
2.83 43.5738 1999.99 -18823.6 -43.5738 -1999.99 -0.318237
2.835 43.5161 1999.98 -18798.6 -43.5161 -1999.98 -0.38723
2.84 43.4524 1999.98 -18771 -43.4524 -1999.98 -0.472901
2.845 43.3813 1999.98 -18740.1 -43.3813 -1999.98 -0.582229
2.85 43.3015 1999.97 -18705.5 -43.3015 -1999.97 -0.720949
2.855 43.2121 1999.97 -18666.7 -43.2121 -1999.97 -0.89151
2.86 43.1123 1999.96 -18623.4 -43.1123 -1999.96 -1.09081
2.865 43.0015 1999.95 -18575.3 -43.0015 -1999.95 -1.31566
2.87 42.8788 1999.94 -18522.1 -42.8788 -1999.94 -1.55883
2.875 42.7432 1999.93 -18463.2 -42.7432 -1999.93 -1.80949
2.88 42.5938 1999.92 -18398.5 -42.5938 -1999.92 -2.05608
2.885 42.4298 1999.91 -18327.4 -42.4298 -1999.91 -2.28621
2.89 42.2503 1999.91 -18249.6 -42.2503 -1999.91 -2.48838
2.895 42.0544 1999.9 -18164.9 -42.0544 -1999.9 -2.618
2.9 41.8349 1999.98 -18070.8 -41.8349 -1999.98 -1.88433
2.905 41.5936 2000.03 -17967 -41.5936 -2000.03 -1.39492
2.91 41.3336 2000 -17854.5 -41.3336 -2000 -1.67613
2.915 41.0533 1999.99 -17733.1 -41.0533 -1999.99 -1.88516
2.92 40.7535 1999.95 -17603.3 -40.7535 -1999.95 -2.20469
2.925 40.4354 1999.9 -17465.5 -40.4354 -1999.9 -2.53131
2.93 40.0973 1999.9 -17319.5 -40.0973 -1999.9 -2.54593
2.935 39.7329 2000.02 -17162.5 -39.7329 -2000.02 -2.0862
2.94 39.3408 2000.11 -16993.2 -39.3408 -2000.11 -2.06701
2.945 38.9275 2000.05 -16814.4 -38.9275 -2000.05 -2.30464
2.95 38.4974 1999.94 -16627.9 -38.4974 -1999.94 -2.92748
2.955 38.0495 1999.87 -16434.1 -38.0495 -1999.87 -3.27921
2.96 37.5736 1999.96 -16229.9 -37.5736 -1999.96 -1.88432
2.965 37.0767 1999.98 -16015.8 -37.0767 -1999.98 -1.28441
2.97 36.541 2000.15 -15787.3 -36.541 -2000.15 1.58833
2.975 35.9497 2000.45 -15536.1 -35.9497 -2000.45 5.81598
2.98 35.317 2000.6 -15265.5 -35.317 -2000.6 8.52558
2.985 34.6028 2001.02 -14961.5 -34.6028 -2001.02 13.1214
2.99 33.758 2001.87 -14606.9 -33.758 -2001.87 23.4833
2.995 32.807 2002.41 -14205.7 -32.807 -2002.41 33.091
3 31.6995 2003.24 -13743 -31.6995 -2003.24 48.8388
3.005 30.5024 2003.89 -13239 -30.5024 -2003.89 61.9519
3.01 29.1071 2004.97 -12646.2 -29.1071 -2004.97 71.9395
3.015 27.4885 2006.06 -11965.3 -27.4885 -2006.06 90.3095
3.02 25.7258 2006.58 -11215.8 -25.7258 -2006.58 102.282
3.025 23.6939 2007.19 -10347.8 -23.6939 -2007.19 112.042
3.03 21.4533 2006.95 -9377.82 -21.4533 -2006.95 109.983
3.035 19.1257 2005.88 -8353.8 -19.1257 -2005.88 91.5103
3.04 16.6163 2005.22 -7264.14 -16.6163 -2005.22 85.9143
3.045 13.9933 2004.57 -6123.77 -13.9933 -2004.57 78.6676
3.05 11.1315 2004.43 -4895.76 -11.1315 -2004.43 86.9283
3.055 8.08784 2004.39 -3592.71 -8.08784 -2004.39 98.7631
3.06 4.91462 2004.3 -2220.4 -4.91462 -2004.3 97.2828
3.065 1.5972 2004.32 -777.194 -1.5972 -2004.32 87.2026
3.07 -1.80043 2003.51 705.67 1.80043 -2003.51 72.1177
3.075 -5.27638 2001.49 2208.55 5.27638 -2001.49 70.8439
3.08 -8.61686 1999.4 3669.42 8.61686 -1999.4 53.0666
3.085 -11.8983 1998.89 5114.2 11.8983 -1998.89 25.8659
3.09 -15.239 1998.44 6571.15 15.239 -1998.44 12.0852
3.095 -18.5801 1998.33 8028.96 18.5801 -1998.33 -2.36713
3.1 -21.8951 1998.6 9474.44 21.8951 -1998.6 -15.7443
3.105 -25.2034 1998.86 10911.9 25.2034 -1998.86 -24.0881
3.11 -28.1313 2001.68 12214.2 28.1313 -2001.68 -61.4393
3.115 -30.8962 2003.47 13433.5 30.8962 -2003.47 -86.3693
3.12 -33.5209 2003.79 14569.5 33.5209 -2003.79 -88.5058
3.125 -36.0658 2004.01 15668.3 36.0658 -2004.01 -87.836
3.13 -38.4539 2004.66 16710.3 38.4539 -2004.66 -98.2696
3.135 -40.6298 2006.03 17673.4 40.6298 -2006.03 -121.289
3.14 -42.6374 2007.4 18567.2 42.6374 -2007.4 -147.848
3.145 -44.4236 2008.96 19374.1 44.4236 -2008.96 -183.134
3.15 -45.986 2011.07 20078.6 45.986 -2011.07 -212.626
3.155 -47.3348 2012.51 20674.4 47.3348 -2012.51 -225.766
3.16 -48.5505 2013.04 21179.8 48.5505 -2013.04 -206.038
3.165 -49.6399 2011.48 21625.9 49.6399 -2011.48 -181.445
3.17 -50.523 2009.41 22011.2 50.523 -2009.41 -185.203
3.175 -51.1526 2008.11 22304 51.1526 -2008.11 -206.059
3.18 -50.9857 2004.77 22369.9 50.9857 -2004.77 -344.075
3.185 -50.2603 1999.3 22174.4 50.2603 -1999.3 -461.951
3.19 -49.5661 1996.55 21852.7 49.5661 -1996.55 -440.132
3.195 -48.6281 1995.25 21414.6 48.6281 -1995.25 -407.233
3.2 -47.6812 1994.75 20939.8 47.6812 -1994.75 -341.515
3.205 -46.4637 1992.57 20386.6 46.4637 -1992.57 -314.303
3.21 -45.9734 1996.83 19992.1 45.9734 -1996.83 -131.554
3.215 -45.4092 1999.77 19630.1 45.4092 -1999.77 -13.3004
3.22 -44.8555 2001.04 19339.3 44.8555 -2001.04 38.3307
3.225 -44.206 2000.46 19042.3 44.206 -2000.46 54.7209
3.23 -43.4957 1998.52 18743.2 43.4957 -1998.52 46.9815
3.235 -43.443 2001.22 18650.5 43.443 -2001.22 116.873
3.24 -43.5332 2002.75 18664.2 43.5332 -2002.75 142.105
3.245 -43.4336 2001.2 18654.4 43.4336 -2001.2 108.901
3.25 -43.3515 2000.28 18643.3 43.3515 -2000.28 84.5192
3.255 -43.2214 1998.13 18614 43.2214 -1998.13 57.6798
3.26 -43.0991 1996.87 18580 43.0991 -1996.87 38.7935
3.265 -43.0738 1998.17 18568.3 43.0738 -1998.17 39.5476
3.27 -43.0555 1998.98 18561.8 43.0555 -1998.98 38.185
3.275 -43.0052 1998.68 18549.1 43.0052 -1998.68 29.1087
3.28 -42.9526 1998.34 18534 42.9526 -1998.34 21.5183
3.285 -42.8952 1997.94 18515.8 42.8952 -1997.94 14.9789
3.29 -42.8298 1997.43 18493.4 42.8298 -1997.43 9.11785
3.295 -42.7265 1995.76 18457.8 42.7265 -1995.76 0.0771696
3.3 -42.6207 1994.81 18417.7 42.6207 -1994.81 -5.61314
3.305 -42.5145 1994.64 18374.2 42.5145 -1994.64 -7.90808
3.31 -42.3888 1993.96 18322.5 42.3888 -1993.96 -10.5728
3.315 -42.2999 1994.47 18281.6 42.2999 -1994.47 -7.9821
3.32 -42.1357 1991.31 18218.2 42.1357 -1991.31 -15.6414
3.325 -41.7327 1981.63 18071.1 41.7327 -1981.63 -42.604
3.33 -10.4251 426.732 7023.25 10.4251 -426.732 -2519.6
3.335 -5.08339 138.536 3456.13 5.08339 -138.536 -1260.11
3.34 -27.8833 645.642 9136.97 27.8833 -645.642 2908.6
3.345 -56.929 1455.45 15145.9 56.929 -1455.45 9447.43
3.35 -54.5814 1599.05 16078 54.5814 -1599.05 7501.13
3.355 -52.0909 1670.32 16597.7 52.0909 -1670.32 5905.57
3.36 -49.923 1724.32 16912.2 49.923 -1724.32 4654.52
3.365 -48.3801 1777.71 17179.5 48.3801 -1777.71 3720.67
3.37 -47.0245 1819.27 17339.3 47.0245 -1819.27 2975.28
3.375 -45.7649 1843.88 17404.3 45.7649 -1843.88 2366.15
3.38 -44.5505 1860.66 17370.4 44.5505 -1860.66 1875.44
3.385 42.3009 293.659 -12604.5 -42.3009 -293.659 -5669.52
