0.1 1.80104e-17 -0.0169098 -8.33814e-20
0.2 1.02159e-17 -0.0340743 -4.72958e-20
0.3 4.0275e-17 -0.0515056 -1.86458e-19
0.4 4.30798e-17 -0.0692164 -1.99443e-19
0.5 3.98998e-17 -0.0872206 -1.84721e-19
0.6 1.35783e-16 -0.105533 -6.28624e-19
0.7 8.32027e-17 -0.124171 -3.85198e-19
0.8 1.8598e-16 -0.143152 -8.6102e-19
0.9 1.67958e-16 -0.162495 -7.77585e-19
1 -1.48443e-16 -0.182228 6.87237e-19
0.005 6.53098e-05 -0.182228 -2.2677e-07
0.01 0.00032631 -0.182229 -1.13302e-06
0.015 0.000847594 -0.18223 -2.94303e-06
0.02 0.00162821 -0.182232 -5.6535e-06
0.025 0.00266721 -0.182235 -9.26112e-06
0.03 0.00396362 -0.182238 -1.37625e-05
0.035 0.00551642 -0.182242 -1.91541e-05
0.04 0.00732456 -0.182246 -2.54322e-05
0.045 0.00938693 -0.182252 -3.2593e-05
0.05 0.0117024 -0.182257 -4.06325e-05
0.055 0.0142698 -0.182264 -4.95466e-05
0.06 0.0170879 -0.182271 -5.9331e-05
0.065 0.0201555 -0.182278 -6.99816e-05
0.07 0.0234715 -0.182287 -8.14945e-05
0.075 0.0270349 -0.182295 -9.38658e-05
0.08 0.0308445 -0.182305 -0.000107092
0.085 0.0348995 -0.182315 -0.00012117
0.09 0.0391985 -0.182326 -0.000136094
0.095 0.0437404 -0.182337 -0.000151862
0.1 0.0485239 -0.182349 -0.000168468
0.105 0.0535477 -0.182362 -0.000185908
0.11 0.0588102 -0.182375 -0.000204176
0.115 0.0643094 -0.182389 -0.000223265
0.12 0.0700432 -0.182403 -0.000243167
0.125 0.0760101 -0.182418 -0.000263879
0.13 0.0822092 -0.182434 -0.000285395
0.135 0.0886399 -0.18245 -0.000307715
0.14 0.0953015 -0.182467 -0.000330835
0.145 0.102193 -0.182485 -0.000354753
0.15 0.109313 -0.182503 -0.000379462
0.155 0.11666 -0.182522 -0.000404958
0.16 0.124232 -0.182542 -0.000431233
0.165 0.132026 -0.182562 -0.00045828
0.17 0.140042 -0.182582 -0.000486094
0.175 0.148279 -0.182604 -0.000514672
0.18 0.156734 -0.182626 -0.000544004
0.185 0.165403 -0.182649 -0.00057408
0.19 0.174284 -0.182672 -0.000604887
0.195 0.183373 -0.182696 -0.000636417
0.2 0.19267 -0.18272 -0.000668665
0.205 0.202175 -0.182746 -0.00070163
0.21 0.211888 -0.182772 -0.000735314
0.215 0.221808 -0.182798 -0.000769717
0.22 0.231936 -0.182825 -0.000804836
0.225 0.242271 -0.182853 -0.000840667
0.23 0.252809 -0.182882 -0.000877203
0.235 0.263551 -0.182911 -0.000914439
0.24 0.274494 -0.182941 -0.000952369
0.245 0.285636 -0.182972 -0.000990987
0.25 0.296976 -0.183003 -0.00103028
0.255 0.308509 -0.183035 -0.00107025
0.26 0.32023 -0.183068 -0.00111085
0.265 0.332135 -0.183101 -0.0011521
0.27 0.344224 -0.183136 -0.00119397
0.275 0.356499 -0.183171 -0.00123648
0.28 0.368962 -0.183206 -0.00127964
0.285 0.381611 -0.183243 -0.00132343
0.29 0.394444 -0.18328 -0.00136786
0.295 0.407457 -0.183318 -0.0014129
0.3 0.420645 -0.183357 -0.00145854
0.305 0.434 -0.183396 -0.00150476
0.31 0.447517 -0.183437 -0.00155153
0.315 0.461193 -0.183478 -0.00159884
0.32 0.475026 -0.183519 -0.00164668
0.325 0.489012 -0.183562 -0.00169505
0.33 0.503145 -0.183605 -0.00174393
0.335 0.517422 -0.183649 -0.00179329
0.34 0.531842 -0.183694 -0.00184314
0.345 0.546405 -0.183739 -0.00189348
0.35 0.561112 -0.183785 -0.00194431
0.355 0.575963 -0.183832 -0.00199563
0.36 0.590961 -0.18388 -0.00204746
0.365 0.606111 -0.183929 -0.0020998
0.37 0.621415 -0.183978 -0.00215267
0.375 0.636873 -0.184028 -0.00220607
0.38 0.652482 -0.184079 -0.00225998
0.385 0.668239 -0.184131 -0.0023144
0.39 0.684137 -0.184184 -0.00236931
0.395 0.700167 -0.184237 -0.00242466
0.4 0.716321 -0.184291 -0.00248044
0.405 0.732591 -0.184346 -0.00253661
0.41 0.748973 -0.184402 -0.00259317
0.415 0.765466 -0.184458 -0.0026501
0.42 0.782066 -0.184515 -0.00270741
0.425 0.798772 -0.184573 -0.00276507
0.43 0.815584 -0.184631 -0.0028231
0.435 0.832509 -0.18469 -0.00288151
0.44 0.849552 -0.18475 -0.00294032
0.445 0.866717 -0.184811 -0.00299955
0.45 0.883996 -0.184872 -0.00305917
0.455 0.901379 -0.184934 -0.00311915
0.46 0.918851 -0.184997 -0.00317943
0.465 0.936395 -0.18506 -0.00323995
0.47 0.953992 -0.185124 -0.00330066
0.475 0.971634 -0.185189 -0.00336151
0.48 0.989314 -0.185253 -0.0034225
0.485 1.00703 -0.185319 -0.0034836
0.49 1.02478 -0.185385 -0.00354482
0.495 1.04256 -0.185451 -0.00360614
0.5 1.06037 -0.185518 -0.00366754
0.505 1.07821 -0.185585 -0.00372905
0.51 1.09609 -0.185653 -0.0037907
0.515 1.11403 -0.185721 -0.00385254
0.52 1.13202 -0.18579 -0.00391456
0.525 1.15007 -0.185859 -0.0039768
0.53 1.16819 -0.185929 -0.00403926
0.535 1.18637 -0.186 -0.0041019
0.54 1.20459 -0.186071 -0.0041647
0.545 1.22285 -0.186142 -0.00422763
0.55 1.24114 -0.186214 -0.00429065
0.555 1.25944 -0.186286 -0.00435371
0.56 1.27774 -0.186359 -0.00441676
0.565 1.29603 -0.186432 -0.00447975
0.57 1.31429 -0.186505 -0.00454267
0.575 1.33253 -0.186579 -0.00460549
0.58 1.35075 -0.186652 -0.00466822
0.585 1.36893 -0.186726 -0.00473083
0.59 1.38707 -0.1868 -0.00479332
0.595 1.40518 -0.186874 -0.00485568
0.6 1.42326 -0.186949 -0.00491793
0.605 1.44131 -0.187023 -0.00498008
0.61 1.45935 -0.187098 -0.00504215
0.615 1.47735 -0.187173 -0.00510412
0.62 1.49533 -0.187246 -0.00516585
0.625 1.51327 -0.187318 -0.00522732
0.63 1.53116 -0.187391 -0.00528862
0.635 1.549 -0.187463 -0.00534974
0.64 1.56681 -0.187534 -0.00541061
0.645 1.5846 -0.187604 -0.00547134
0.65 1.60242 -0.187674 -0.00553213
0.655 1.62027 -0.187745 -0.00559305
0.66 1.63815 -0.187816 -0.0056541
0.665 1.65607 -0.187888 -0.00571525
0.67 1.674 -0.187955 -0.00577605
0.675 1.69186 -0.188018 -0.00583633
0.68 1.70961 -0.188081 -0.00589621
0.685 1.72716 -0.188143 -0.00595544
0.69 1.74447 -0.188205 -0.00601385
0.695 1.76151 -0.188267 -0.00607136
0.7 1.77828 -0.188328 -0.00612796
0.705 1.7948 -0.188388 -0.00618369
0.71 1.81108 -0.188442 -0.00623844
0.715 1.82717 -0.188492 -0.00629233
0.72 1.84308 -0.188541 -0.00634564
0.725 1.85881 -0.188589 -0.00639832
0.73 1.87433 -0.188633 -0.00645004
0.735 1.88963 -0.188672 -0.00650073
0.74 1.90468 -0.188712 -0.0065506
0.745 1.91947 -0.188746 -0.00659945
0.75 1.93398 -0.188776 -0.00664724
0.755 1.9482 -0.188805 -0.0066941
0.76 1.96216 -0.188835 -0.00674011
0.765 1.97591 -0.188865 -0.00678542
0.77 1.98949 -0.188895 -0.00683019
0.775 2.00296 -0.188925 -0.00687461
0.78 2.01638 -0.188955 -0.00691885
0.785 2.02979 -0.188985 -0.00696309
0.79 2.04323 -0.189016 -0.0070074
0.795 2.05669 -0.189047 -0.00705179
0.8 2.07015 -0.189076 -0.00709611
0.805 2.08356 -0.189094 -0.00713988
0.81 2.09686 -0.1891 -0.00718296
0.815 2.11 -0.189105 -0.00722534
0.82 2.12292 -0.189108 -0.00726688
0.825 2.13558 -0.189111 -0.00730761
0.83 2.14795 -0.189115 -0.00734743
0.835 2.16001 -0.18912 -0.00738626
0.84 2.17173 -0.189125 -0.007424
0.845 2.18309 -0.18913 -0.00746059
0.85 2.19408 -0.189135 -0.007496
0.855 2.2047 -0.189141 -0.00753022
0.86 2.21493 -0.189146 -0.00756318
0.865 2.22474 -0.189151 -0.00759477
0.87 2.23406 -0.189157 -0.00762483
0.875 2.24288 -0.189162 -0.00765326
0.88 2.25118 -0.189167 -0.00767999
0.885 2.25894 -0.189171 -0.00770501
0.89 2.26617 -0.189176 -0.00772831
0.895 2.27287 -0.18918 -0.00774991
0.9 2.27906 -0.189184 -0.00776985
0.905 2.28475 -0.189187 -0.00778816
0.91 2.28992 -0.189191 -0.00780485
0.915 2.2946 -0.189194 -0.00781991
0.92 2.29878 -0.189196 -0.00783338
0.925 2.3025 -0.189199 -0.00784539
0.93 2.30582 -0.189201 -0.00785606
0.935 2.30875 -0.189203 -0.0078655
0.94 2.31132 -0.189205 -0.0078738
0.945 2.31356 -0.189206 -0.00788101
0.95 2.31546 -0.189207 -0.00788714
0.955 2.31703 -0.189208 -0.0078922
0.96 2.31826 -0.189209 -0.00789615
0.965 2.31912 -0.18921 -0.00789894
0.97 2.31959 -0.18921 -0.00790044
0.975 2.3196 -0.18921 -0.00790048
0.98 2.31911 -0.18921 -0.0078989
0.985 2.31808 -0.189213 -0.00789555
0.99 2.3165 -0.189219 -0.00789037
0.995 2.31436 -0.189228 -0.00788338
1 2.31169 -0.189238 -0.00787464
1.005 2.30851 -0.18925 -0.00786425
1.01 2.30485 -0.189264 -0.00785227
1.015 2.30071 -0.18928 -0.00783876
1.02 2.29611 -0.189297 -0.00782372
1.025 2.29104 -0.189317 -0.00780715
1.03 2.28549 -0.189337 -0.007789
1.035 2.27943 -0.18936 -0.00776918
1.04 2.2728 -0.189385 -0.00774753
1.045 2.26556 -0.189412 -0.00772386
1.05 2.25765 -0.189442 -0.00769802
1.055 2.24905 -0.189474 -0.00766989
1.06 2.2397 -0.189509 -0.00763935
1.065 2.22959 -0.189547 -0.00760629
1.07 2.21868 -0.189588 -0.00757066
1.075 2.20701 -0.189632 -0.00753252
1.08 2.19461 -0.189678 -0.00749198
1.085 2.1815 -0.189727 -0.00744912
1.09 2.16768 -0.189779 -0.00740398
1.095 2.15319 -0.189834 -0.00735662
1.1 2.13804 -0.18989 -0.00730709
1.105 2.12221 -0.18995 -0.00725537
1.11 2.1057 -0.190012 -0.00720139
1.115 2.08847 -0.190076 -0.00714505
1.12 2.07052 -0.190138 -0.00708607
1.125 2.05184 -0.190185 -0.00702395
1.13 2.03243 -0.19022 -0.00695889
1.135 2.01224 -0.190258 -0.00689128
1.14 1.99125 -0.190298 -0.00682104
1.145 1.96949 -0.190341 -0.00674826
1.15 1.94703 -0.190386 -0.00667316
1.155 1.92394 -0.190432 -0.00659596
1.16 1.90027 -0.190473 -0.00651655
1.165 1.87603 -0.19051 -0.00643503
1.17 1.85124 -0.190542 -0.00635125
1.175 1.82589 -0.190569 -0.00626515
1.18 1.79993 -0.190591 -0.00617671
1.185 1.77329 -0.190606 -0.00608567
1.19 1.74587 -0.190622 -0.00599198
1.195 1.71755 -0.190639 -0.00589522
1.2 1.68824 -0.190658 -0.00579512
1.205 1.65792 -0.190676 -0.0056915
1.21 1.62663 -0.190687 -0.0055839
1.215 1.59445 -0.190692 -0.00547271
1.22 1.5615 -0.190697 -0.00535891
1.225 1.5279 -0.190701 -0.00524268
1.23 1.49377 -0.190703 -0.00512443
1.235 1.4592 -0.190703 -0.00500446
1.24 1.42424 -0.190701 -0.00488294
1.245 1.3889 -0.1907 -0.00476013
1.25 1.35313 -0.190698 -0.00463586
1.255 1.31684 -0.190697 -0.0045098
1.26 1.2799 -0.190696 -0.00438154
1.265 1.24221 -0.190696 -0.00425063
1.27 1.20362 -0.190695 -0.00411666
1.275 1.16405 -0.190695 -0.00397925
1.28 1.12339 -0.190696 -0.00383808
1.285 1.08158 -0.190696 -0.00369296
1.29 1.03862 -0.190696 -0.00354379
1.295 0.994487 -0.190696 -0.0033906
1.3 0.949225 -0.190697 -0.00323348
1.305 0.902875 -0.190698 -0.00307259
1.31 0.85548 -0.190699 -0.00290808
1.315 0.807073 -0.1907 -0.00274006
1.32 0.757695 -0.190703 -0.00256868
1.325 0.707408 -0.190706 -0.00239414
1.33 0.656291 -0.190709 -0.00221673
1.335 0.604431 -0.190715 -0.00203675
1.34 0.551921 -0.190722 -0.00185452
1.345 0.498836 -0.190731 -0.0016703
1.35 0.44523 -0.190745 -0.0014843
1.355 0.39114 -0.190765 -0.00129662
1.36 0.336581 -0.190797 -0.00110732
1.365 0.281545 -0.190842 -0.000916351
1.37 0.226018 -0.190901 -0.000723614
1.375 0.169996 -0.190976 -0.000528782
1.38 0.113482 -0.191086 -0.000331611
1.385 0.0564822 -0.191234 -0.000133221
1.39 -0.00100129 -0.191397 6.60469e-05
1.395 -0.0589645 -0.191561 0.000266903
1.4 -0.117403 -0.191729 0.000469316
1.405 -0.176314 -0.191899 0.000673258
1.41 -0.235692 -0.192075 0.000878696
1.415 -0.295535 -0.192255 0.00108561
1.42 -0.355853 -0.192441 0.00129403
1.425 -0.416673 -0.192634 0.00150406
1.43 -0.478045 -0.192833 0.00171588
1.435 -0.540025 -0.193039 0.0019297
1.44 -0.602654 -0.193253 0.00214567
1.445 -0.665953 -0.193474 0.00236389
1.45 -0.729935 -0.193703 0.00258439
1.455 -0.794629 -0.193938 0.00280729
1.46 -0.860075 -0.194182 0.00303273
1.465 -0.926298 -0.194432 0.00326078
1.47 -0.993276 -0.19469 0.00349135
1.475 -1.06095 -0.194954 0.00372419
1.48 -1.12925 -0.195217 0.0039585
1.485 -1.1981 -0.195474 0.00419361
1.49 -1.26745 -0.195713 0.00442853
1.495 -1.33728 -0.19594 0.00466372
1.5 -1.40759 -0.196172 0.00490041
1.505 -1.47841 -0.196367 0.00513658
1.51 -1.54981 -0.196526 0.00537246
1.515 -1.62186 -0.196665 0.00560957
1.52 -1.69466 -0.196725 0.00584628
1.525 -1.76825 -0.196719 0.00608272
1.53 -1.84263 -0.196708 0.00632088
1.535 -1.91774 -0.196707 0.00656153
1.54 -1.99351 -0.196707 0.00680413
1.545 -2.06986 -0.196647 0.00704679
1.55 -2.14674 -0.196527 0.00728889
1.555 -2.22409 -0.196405 0.00753196
1.56 -2.30194 -0.196293 0.00777662
1.565 -2.38029 -0.196185 0.00802282
1.57 -2.45922 -0.196029 0.0082696
1.575 -2.53879 -0.19583 0.00851722
1.58 -2.61907 -0.195629 0.00876659
1.585 -2.70013 -0.195417 0.00901745
1.59 -2.78203 -0.195193 0.00926996
1.595 -2.86483 -0.194938 0.00952339
1.6 -2.94857 -0.194654 0.00977819
1.605 -3.03321 -0.194331 0.0100349
1.61 -3.11868 -0.193943 0.0102919
1.615 -3.20486 -0.193516 0.0105489
1.62 -3.29161 -0.193076 0.0108066
1.625 -3.37881 -0.192597 0.0110634
1.63 -3.46636 -0.192081 0.0113193
1.635 -3.55421 -0.191521 0.0115745
1.64 -3.64232 -0.190917 0.0118289
1.645 -3.73065 -0.190253 0.0120807
1.65 -3.81918 -0.189528 0.0123301
1.655 -3.90795 -0.188768 0.0125794
1.66 -3.99703 -0.187938 0.0128274
1.665 -4.08656 -0.18707 0.013075
1.67 -4.17669 -0.186152 0.013323
1.675 -4.26758 -0.185191 0.0135711
1.68 -4.35937 -0.184219 0.0138207
1.685 -4.45214 -0.183197 0.0140724
1.69 -4.54595 -0.182136 0.0143263
1.695 -4.64077 -0.181072 0.0145822
1.7 -4.73656 -0.179997 0.0148396
1.705 -4.83319 -0.178907 0.0150993
1.71 -4.93052 -0.177809 0.0153608
1.715 -5.02842 -0.176708 0.0156221
1.72 -5.12677 -0.175578 0.0158819
1.725 -5.22548 -0.174394 0.0161402
1.73 -5.32448 -0.173188 0.0163975
1.735 -5.42371 -0.171991 0.0166524
1.74 -5.52315 -0.170803 0.0168986
1.745 -5.62278 -0.169601 0.0171346
1.75 -5.72259 -0.168398 0.0173622
1.755 -5.8225 -0.16724 0.0175844
1.76 -5.92246 -0.166128 0.0178049
1.765 -6.02243 -0.165066 0.0180206
1.77 -6.12246 -0.164043 0.0182331
1.775 -6.22263 -0.163008 0.0184442
1.78 -6.32303 -0.161963 0.0186542
1.785 -6.42377 -0.160947 0.0188638
1.79 -6.52496 -0.159974 0.019071
1.795 -6.62668 -0.158996 0.0192781
1.8 -6.72894 -0.157997 0.0194875
1.805 -6.83171 -0.157008 0.0196976
1.81 -6.93492 -0.156022 0.0199095
1.815 -7.0385 -0.155041 0.0201229
1.82 -7.14237 -0.154082 0.0203364
1.825 -7.24649 -0.153146 0.0205497
1.83 -7.35084 -0.152231 0.0207628
1.835 -7.4554 -0.15136 0.0209748
1.84 -7.56016 -0.150492 0.0211873
1.845 -7.66515 -0.149602 0.0214015
1.85 -7.77043 -0.148725 0.021616
1.855 -7.87606 -0.147853 0.0218317
1.86 -7.98211 -0.146905 0.0220551
1.865 -8.08861 -0.145883 0.0222856
1.87 -8.1956 -0.144867 0.0225167
1.875 -8.30305 -0.143863 0.0227483
1.88 -8.41096 -0.14287 0.0229804
1.885 -8.5193 -0.141889 0.023213
1.89 -8.62803 -0.140921 0.023446
1.895 -8.73715 -0.139952 0.0236801
1.9 -8.84669 -0.138939 0.0239184
1.905 -8.95669 -0.137892 0.0241603
1.91 -9.06718 -0.136854 0.024403
1.915 -9.17819 -0.13583 0.0246464
1.92 -9.28976 -0.134822 0.0248906
1.925 -9.40187 -0.133829 0.0251356
1.93 -9.51448 -0.132854 0.0253816
1.935 -9.62752 -0.131901 0.0256289
1.94 -9.74088 -0.130889 0.0258818
1.945 -9.85443 -0.129815 0.0261395
1.95 -9.96811 -0.128757 0.026397
1.955 -10.0819 -0.127651 0.0266577
1.96 -10.1957 -0.126487 0.0269217
1.965 -10.3097 -0.12529 0.0271868
1.97 -10.424 -0.124065 0.0274531
1.975 -10.5385 -0.122849 0.0277198
1.98 -10.6534 -0.121656 0.0279869
1.985 -10.7687 -0.120485 0.0282544
1.99 -10.8842 -0.119319 0.0285225
1.995 -11 -0.118159 0.0287909
2 -11.1159 -0.117005 0.0290594
2.005 -11.2318 -0.115859 0.029328
2.01 -11.3477 -0.114721 0.0295963
2.015 -11.4635 -0.113592 0.0298643
2.02 -11.5792 -0.112472 0.0301321
2.025 -11.695 -0.111364 0.0303998
2.03 -11.8109 -0.110284 0.0306675
2.035 -11.927 -0.109208 0.0309356
2.04 -12.0435 -0.108126 0.0312045
2.045 -12.1604 -0.107118 0.0314742
2.05 -12.2779 -0.106176 0.0317447
2.055 -12.3958 -0.105235 0.0320163
2.06 -12.5141 -0.104265 0.032289
2.065 -12.6328 -0.103271 0.0325625
2.07 -12.7518 -0.102282 0.0328366
2.075 -12.871 -0.101297 0.0331111
2.08 -12.9903 -0.100314 0.0333859
2.085 -13.1098 -0.0992893 0.0336618
2.09 -13.2294 -0.0982251 0.0339385
2.095 -13.3493 -0.0971656 0.0342158
2.1 -13.4695 -0.0961098 0.0344937
2.105 -13.59 -0.0950571 0.0347724
2.11 -13.7109 -0.0940072 0.0350519
2.115 -13.8323 -0.0929601 0.0353324
2.12 -13.954 -0.0919161 0.0356138
2.125 -14.076 -0.0908757 0.0358958
2.13 -14.1984 -0.0898397 0.0361785
2.135 -14.3209 -0.0888092 0.0364616
2.14 -14.4434 -0.0877855 0.0367448
2.145 -14.5659 -0.0867699 0.0370278
2.15 -14.6882 -0.0857635 0.0373103
2.155 -14.8103 -0.0847673 0.0375923
2.16 -14.9321 -0.0837815 0.0378736
2.165 -15.0537 -0.0828065 0.0381545
2.17 -15.1752 -0.0818417 0.038435
2.175 -15.2968 -0.0808864 0.0387156
2.18 -15.4185 -0.0799398 0.0389967
2.185 -15.5407 -0.0790011 0.0392788
2.19 -15.6635 -0.07807 0.0395622
2.195 -15.787 -0.0771466 0.0398471
2.2 -15.9112 -0.0762318 0.0401337
2.205 -16.0362 -0.0753301 0.040422
2.21 -16.1619 -0.0744924 0.0407118
2.215 -16.2884 -0.0737118 0.0410029
2.22 -16.4154 -0.0729363 0.0412955
2.225 -16.543 -0.0721681 0.0415893
2.23 -16.671 -0.0714095 0.0418839
2.235 -16.7992 -0.0706629 0.0421791
2.24 -16.9276 -0.0699304 0.0424746
2.245 -17.056 -0.0692141 0.0427701
2.25 -17.1843 -0.0685162 0.0430653
2.255 -17.3125 -0.0678385 0.0433603
2.26 -17.4407 -0.0671827 0.043655
2.265 -17.5687 -0.0665508 0.0439496
2.27 -17.6968 -0.0659486 0.0442441
2.275 -17.8251 -0.0654143 0.0445386
2.28 -17.9535 -0.0649369 0.0448335
2.285 -18.0822 -0.0643826 0.0451295
2.29 -18.2113 -0.0637542 0.0454267
2.295 -18.3407 -0.0631441 0.0457246
2.3 -18.4703 -0.0625535 0.0460229
2.305 -18.5999 -0.061985 0.0463211
2.31 -18.7292 -0.0614415 0.0466187
2.315 -18.858 -0.0609437 0.0469149
2.32 -18.9861 -0.0607704 0.0472087
2.325 -19.1131 -0.0609918 0.0474998
2.33 -19.2393 -0.0614157 0.047788
2.335 -19.3645 -0.062176 0.0480732
2.34 -19.489 -0.0637545 0.0483546
2.345 -19.6127 0.98231 0.0514439
