0.1 -7.30427e-32 200 -1.5099e-14 7.30427e-32 -200 1.5099e-14
0.2 1.67998e-31 400 -2.13163e-14 -1.67998e-31 -400 2.13163e-14
0.3 -5.58776e-31 600 1.06581e-14 5.58776e-31 -600 -1.06581e-14
0.4 -2.92171e-32 800 -7.81597e-14 2.92171e-32 -800 7.81597e-14
0.5 1.0226e-31 1000 -2.84217e-14 -1.0226e-31 -1000 2.84217e-14
0.6 2.04519e-30 1200 -1.77636e-13 -2.04519e-30 -1200 1.77636e-13
0.7 -1.51929e-30 1400 -2.41585e-13 1.51929e-30 -1400 2.41585e-13
0.8 -9.34946e-31 1600 -1.84741e-13 9.34946e-31 -1600 1.84741e-13
0.9 3.73979e-30 1800 5.04485e-13 -3.73979e-30 -1800 -5.04485e-13
1 1.86989e-30 2000 -8.31335e-13 -1.86989e-30 -2000 8.31335e-13
0.005 -0.0010775 2000 0.466506 0.0010775 -2000 -0.00102488
0.01 -0.00538098 2000 2.32642 0.00538098 -2000 -0.00183874
0.015 -0.0139743 2000 6.03838 0.0139743 -2000 -0.00148083
0.02 -0.0268424 2000 11.5972 0.0268424 -2000 -0.00122822
0.025 -0.0439693 2000 18.9958 0.0439693 -2000 -0.00105356
0.03 -0.0653384 2000 28.2271 0.0653384 -2000 -0.000951796
0.035 -0.0909321 2000 39.2836 0.0909321 -2000 -0.000918254
0.04 -0.120732 2000 52.1573 0.120732 -2000 -0.000949159
0.045 -0.15472 2000 66.8401 0.15472 -2000 -0.00104149
0.05 -0.192875 2000 83.3233 0.192875 -2000 -0.00119285
0.055 -0.235178 2000 101.598 0.235178 -2000 -0.00140139
0.06 -0.281605 2000 121.655 0.281605 -2000 -0.0016657
0.065 -0.332138 2000 143.486 0.332138 -2000 -0.00198481
0.07 -0.386755 2000 167.08 0.386755 -2000 -0.00235814
0.075 -0.445437 2000 192.432 0.445437 -2000 -0.00278546
0.08 -0.508166 2000 219.531 0.508166 -2000 -0.00326657
0.085 -0.574923 2000 248.37 0.574923 -2000 -0.00374236
0.09 -0.645685 2000 278.94 0.645685 -2000 -0.00421691
0.095 -0.720432 2000 311.231 0.720432 -2000 -0.00475382
0.1 -0.799139 2000 345.233 0.799139 -2000 -0.00535204
0.105 -0.881783 2000 380.936 0.881783 -2000 -0.00601093
0.11 -0.968333 2000 418.326 0.968333 -2000 -0.00673106
0.115 -1.05875 2000 457.389 1.05875 -2000 -0.00751301
0.12 -1.15301 2000 498.109 1.15301 -2000 -0.00835784
0.125 -1.25107 2000 540.472 1.25107 -2000 -0.00926743
0.13 -1.35292 2000 584.472 1.35292 -2000 -0.0102448
0.135 -1.45855 2000 630.103 1.45855 -2000 -0.011294
0.14 -1.56793 2000 677.358 1.56793 -2000 -0.0124196
0.145 -1.68105 2000 726.229 1.68105 -2000 -0.0136269
0.15 -1.79789 2000 776.704 1.79789 -2000 -0.0149209
0.155 -1.91841 2000 828.769 1.91841 -2000 -0.0163073
0.16 -2.04257 2000 882.407 2.04257 -2000 -0.0177918
0.165 -2.17033 2000 937.604 2.17033 -2000 -0.0193808
0.17 -2.30168 2000 994.347 2.30168 -2000 -0.0210822
0.175 -2.43658 2000 1052.63 2.43658 -2000 -0.0229051
0.18 -2.57499 2000 1112.42 2.57499 -2000 -0.0248578
0.185 -2.71685 2000 1173.71 2.71685 -2000 -0.0269474
0.19 -2.86211 2000 1236.46 2.86211 -2000 -0.0291809
0.195 -3.0107 2000 1300.65 3.0107 -2000 -0.0315663
0.2 -3.16261 2000 1366.28 3.16261 -2000 -0.0341134
0.205 -3.31783 2000 1433.34 3.31783 -2000 -0.0368339
0.21 -3.47635 2000 1501.82 3.47635 -2000 -0.0397401
0.215 -3.63818 2000 1571.73 3.63818 -2000 -0.0428435
0.22 -3.80328 2000 1643.06 3.80328 -2000 -0.0461518
0.225 -3.97164 1999.99 1715.8 3.97164 -1999.99 -0.0496689
0.23 -4.14321 1999.99 1789.92 4.14321 -1999.99 -0.0533941
0.235 -4.31796 1999.99 1865.42 4.31796 -1999.99 -0.0573233
0.24 -4.49586 1999.99 1942.27 4.49586 -1999.99 -0.0614474
0.245 -4.67686 1999.99 2020.47 4.67686 -1999.99 -0.0657532
0.25 -4.86092 1999.99 2099.99 4.86092 -1999.99 -0.0702204
0.255 -5.04797 1999.99 2180.8 5.04797 -1999.99 -0.0748181
0.26 -5.2379 1999.99 2262.85 5.2379 -1999.99 -0.0795047
0.265 -5.43064 1999.99 2346.12 5.43064 -1999.99 -0.0842347
0.27 -5.6262 1999.99 2430.61 5.6262 -1999.99 -0.0889679
0.275 -5.82458 1999.99 2516.31 5.82458 -1999.99 -0.0936701
0.28 -6.02579 1999.99 2603.24 6.02579 -1999.99 -0.0983016
0.285 -6.22982 1999.99 2691.38 6.22982 -1999.99 -0.102811
0.29 -6.4366 1999.99 2780.72 6.4366 -1999.99 -0.107138
0.295 -6.64607 1999.99 2871.21 6.64607 -1999.99 -0.111221
0.3 -6.85813 1999.99 2962.83 6.85813 -1999.99 -0.114993
0.305 -7.07266 1999.99 3055.51 7.07266 -1999.99 -0.118388
0.31 -7.28956 1999.99 3149.21 7.28956 -1999.99 -0.121357
0.315 -7.50878 1999.99 3243.92 7.50878 -1999.99 -0.12386
0.32 -7.73027 1999.99 3339.6 7.73027 -1999.99 -0.125881
0.325 -7.95397 1999.99 3436.24 7.95397 -1999.99 -0.127428
0.33 -8.17978 1999.99 3533.79 8.17978 -1999.99 -0.128486
0.335 -8.40764 1999.99 3632.23 8.40764 -1999.99 -0.129022
0.34 -8.63754 1999.99 3731.54 8.63754 -1999.99 -0.129049
0.345 -8.86946 1999.99 3831.74 8.86946 -1999.99 -0.128607
0.35 -9.10342 1999.99 3932.81 9.10342 -1999.99 -0.127738
0.355 -9.33943 1999.99 4034.76 9.33943 -1999.99 -0.126488
0.36 -9.57753 1999.98 4137.62 9.57753 -1999.98 -0.12491
0.365 -9.81777 1999.98 4241.4 9.81777 -1999.98 -0.123062
0.37 -10.0602 1999.98 4346.13 10.0602 -1999.98 -0.120998
0.375 -10.3048 1999.98 4451.8 10.3048 -1999.98 -0.118762
0.38 -10.5516 1999.98 4558.4 10.5516 -1999.98 -0.116396
0.385 -10.8004 1999.98 4665.89 10.8004 -1999.98 -0.113936
0.39 -11.0512 1999.98 4774.24 11.0512 -1999.98 -0.111416
0.395 -11.3039 1999.98 4883.37 11.3039 -1999.98 -0.108862
0.4 -11.5582 1999.98 4993.24 11.5582 -1999.98 -0.106304
0.405 -11.8141 1999.98 5103.78 11.8141 -1999.98 -0.103774
0.41 -12.0715 1999.98 5214.98 12.0715 -1999.98 -0.101308
0.415 -12.3304 1999.98 5326.81 12.3304 -1999.98 -0.0989452
0.42 -12.5907 1999.98 5439.27 12.5907 -1999.98 -0.0967163
0.425 -12.8524 1999.98 5552.33 12.8524 -1999.98 -0.0946484
0.43 -13.1155 1999.98 5666 13.1155 -1999.98 -0.0927664
0.435 -13.3802 1999.98 5780.32 13.3802 -1999.98 -0.0910969
0.44 -13.6464 1999.98 5895.33 13.6464 -1999.98 -0.0896642
0.445 -13.9143 1999.98 6011.05 13.9143 -1999.98 -0.088481
0.45 -14.1837 1999.98 6127.43 14.1837 -1999.98 -0.087542
0.455 -14.4544 1999.98 6244.4 14.4544 -1999.98 -0.0868281
0.46 -14.7263 1999.98 6361.86 14.7263 -1999.98 -0.0863137
0.465 -14.9991 1999.98 6479.69 14.9991 -1999.98 -0.0859686
0.47 -15.2724 1999.98 6597.77 15.2724 -1999.98 -0.0857635
0.475 -15.5462 1999.98 6716.04 15.5462 -1999.98 -0.0856794
0.48 -15.8203 1999.98 6834.46 15.8203 -1999.98 -0.0857095
0.485 -16.0947 1999.98 6953.02 16.0947 -1999.98 -0.0858507
0.49 -16.3695 1999.98 7071.69 16.3695 -1999.98 -0.0860974
0.495 -16.6444 1999.98 7190.45 16.6444 -1999.98 -0.0864395
0.5 -16.9194 1999.98 7309.29 16.9194 -1999.98 -0.0868672
0.505 -17.1948 1999.98 7428.23 17.1948 -1999.98 -0.08738
0.51 -17.4705 1999.98 7547.35 17.4705 -1999.98 -0.0879893
0.515 -17.7468 1999.98 7666.72 17.7468 -1999.98 -0.0887067
0.52 -18.0238 1999.98 7786.36 18.0238 -1999.98 -0.0895318
0.525 -18.3014 1999.98 7906.32 18.3014 -1999.98 -0.0904585
0.53 -18.5798 1999.98 8026.58 18.5798 -1999.98 -0.0914773
0.535 -18.8589 1999.98 8147.12 18.8589 -1999.98 -0.0925663
0.54 -19.1383 1999.98 8267.86 19.1383 -1999.98 -0.0936959
0.545 -19.4182 1999.98 8388.75 19.4182 -1999.98 -0.0948408
0.55 -19.6982 1999.98 8509.72 19.6982 -1999.98 -0.0959788
0.555 -19.9782 1999.98 8630.67 19.9782 -1999.98 -0.0970818
0.56 -20.2579 1999.98 8751.5 20.2579 -1999.98 -0.0981199
0.565 -20.5371 1999.98 8872.13 20.5371 -1999.98 -0.0990724
0.57 -20.8158 1999.98 8992.51 20.8158 -1999.98 -0.0999339
0.575 -21.0938 1999.98 9112.62 21.0938 -1999.98 -0.100709
0.58 -21.3712 1999.98 9232.45 21.3712 -1999.98 -0.101403
0.585 -21.6478 1999.98 9351.97 21.6478 -1999.98 -0.10202
0.59 -21.9237 1999.98 9471.16 21.9237 -1999.98 -0.102563
0.595 -22.1988 1999.98 9590 22.1988 -1999.98 -0.103036
0.6 -22.4732 1999.98 9708.54 22.4732 -1999.98 -0.103455
0.605 -22.747 1999.98 9826.82 22.747 -1999.98 -0.10384
0.61 -23.0202 1999.98 9944.84 23.0202 -1999.98 -0.104205
0.615 -23.2874 2000.01 10061 23.2874 -2000.01 -0.846127
0.62 -23.5555 2000.01 10177.1 23.5555 -2000.01 -1.09668
0.625 -23.8243 2000.01 10293 23.8243 -2000.01 -0.902446
0.63 -24.092 2000 10408.5 24.092 -2000 -0.747692
0.635 -24.355 2000.02 10522.5 24.355 -2000.02 -1.12049
0.64 -24.6168 2000.02 10635.8 24.6168 -2000.02 -1.31173
0.645 -24.8798 2000.02 10749.2 24.8798 -2000.02 -1.07588
0.65 -25.1427 2000.01 10862.5 25.1427 -2000.01 -0.888109
0.655 -25.4057 2000 10976 25.4057 -2000 -0.738628
0.66 -25.669 2000 11089.6 25.669 -2000 -0.61824
0.665 -25.9296 2000.01 11202.5 25.9296 -2000.01 -0.901924
0.67 -26.1807 2000.05 11311.9 26.1807 -2000.05 -1.84443
0.675 -26.4353 2000.03 11421.6 26.4353 -2000.03 -1.51002
0.68 -26.6877 2000.02 11530.3 26.6877 -2000.02 -1.24035
0.685 -26.937 2000.02 11637.8 26.937 -2000.02 -1.02512
0.69 -27.1825 2000.01 11743.7 27.1825 -2000.01 -0.850981
0.695 -27.4238 2000.01 11847.8 27.4238 -2000.01 -0.709889
0.7 -27.6611 2000 11950.2 27.6611 -2000 -0.595434
0.705 -27.8916 2000.02 12049.9 27.8916 -2000.02 -0.765996
0.71 -28.111 2000.05 12145.2 28.111 -2000.05 -1.22837
0.715 -28.3299 2000.04 12239.5 28.3299 -2000.04 -1.01136
0.72 -28.5461 2000.03 12332.8 28.5461 -2000.03 -0.836033
0.725 -28.7521 2000.06 12422.6 28.7521 -2000.06 -1.7358
0.73 -28.954 2000.08 12510.4 28.954 -2000.08 -2.25504
0.735 -29.1559 2000.06 12597.2 29.1559 -2000.06 -1.83172
0.74 -29.3482 2000.09 12680.4 29.3482 -2000.09 -2.02787
0.745 -29.5345 2000.11 12761 29.5345 -2000.11 -2.10021
0.75 -29.7188 2000.09 12840.2 29.7188 -2000.09 -1.70905
0.755 -29.8991 2000.07 12917.8 29.8991 -2000.07 -1.39304
0.76 -30.0758 2000.05 12993.9 30.0758 -2000.05 -1.14061
0.765 -30.2494 2000.04 13068.7 30.2494 -2000.04 -0.936482
0.77 -30.4208 2000.03 13142.5 30.4208 -2000.03 -0.77145
0.775 -30.5905 2000.02 13215.7 30.5905 -2000.02 -0.638077
0.78 -30.7594 2000.02 13288.6 30.7594 -2000.02 -0.530374
0.785 -30.928 2000.01 13361.3 30.928 -2000.01 -0.4435
0.79 -31.0968 2000.01 13434.2 31.0968 -2000.01 -0.373512
0.795 -31.2656 2000.01 13507.1 31.2656 -2000.01 -0.317168
0.8 -31.4149 2000.15 13573.2 31.4149 -2000.15 -1.97143
0.805 -31.5647 2000.21 13638.5 31.5647 -2000.21 -2.58528
0.81 -31.7115 2000.2 13702.2 31.7115 -2000.2 -2.85743
0.815 -31.8566 2000.18 13764.9 31.8566 -2000.18 -2.79325
0.82 -32.0008 2000.14 13826.6 32.0008 -2000.14 -2.26147
0.825 -32.1416 2000.11 13887 32.1416 -2000.11 -1.83807
0.83 -32.279 2000.09 13946 32.279 -2000.09 -1.496
0.835 -32.4126 2000.07 14003.5 32.4126 -2000.07 -1.21948
0.84 -32.5422 2000.06 14059.2 32.5422 -2000.06 -0.99579
0.845 -32.6676 2000.05 14113.2 32.6676 -2000.05 -0.814679
0.85 -32.7888 2000.04 14165.4 32.7888 -2000.04 -0.667909
0.855 -32.9057 2000.03 14215.8 32.9057 -2000.03 -0.548851
0.86 -33.0183 2000.02 14264.3 33.0183 -2000.02 -0.452144
0.865 -33.126 2000.02 14310.8 33.126 -2000.02 -0.37343
0.87 -33.2284 2000.01 14355 33.2284 -2000.01 -0.309179
0.875 -33.3252 2000.01 14396.7 33.3252 -2000.01 -0.256564
0.88 -33.4161 2000.01 14436 33.4161 -2000.01 -0.21334
0.885 -33.5012 2000.01 14472.7 33.5012 -2000.01 -0.177718
0.89 -33.5804 2000 14506.9 33.5804 -2000 -0.148267
0.895 -33.6537 2000 14538.5 33.6537 -2000 -0.123845
0.9 -33.7214 2000 14567.8 33.7214 -2000 -0.103545
0.905 -33.7836 2000 14594.6 33.7836 -2000 -0.086616
0.91 -33.8402 2000 14619 33.8402 -2000 -0.0724529
0.915 -33.8913 2000 14641.1 33.8913 -2000 -0.0605679
0.92 -33.9369 2000 14660.8 33.9369 -2000 -0.0505708
0.925 -33.9776 2000 14678.4 33.9776 -2000 -0.0422271
0.93 -34.0138 2000 14694 34.0138 -2000 -0.0352666
0.935 -34.0458 2000 14707.8 34.0458 -2000 -0.0293954
0.94 -34.0739 2000 14720 34.0739 -2000 -0.0244486
0.945 -34.0983 2000 14730.5 34.0983 -2000 -0.0202833
0.95 -34.1191 2000 14739.5 34.1191 -2000 -0.0167763
0.955 -34.1362 2000 14746.9 34.1362 -2000 -0.0138227
0.96 -34.1496 2000 14752.6 34.1496 -2000 -0.0113363
0.965 -34.159 2000 14756.7 34.159 -2000 -0.0092468
0.97 -34.1641 2000 14758.9 34.1641 -2000 -0.00749894
0.975 -34.1643 2000 14759 34.1643 -2000 -0.0060544
0.98 -34.1572 1999.98 14756 34.1572 -1999.98 -0.108187
0.985 -34.1429 1999.96 14749.9 34.1429 -1999.96 -0.166811
0.99 -34.1214 1999.97 14740.6 34.1214 -1999.97 -0.134546
0.995 -34.0923 1999.98 14728 34.0923 -1999.98 -0.108527
1 -34.0559 1999.98 14712.3 34.0559 -1999.98 -0.0875314
1.005 -34.0126 1999.99 14693.5 34.0126 -1999.99 -0.0705946
1.01 -33.9626 1999.99 14671.9 33.9626 -1999.99 -0.0569351
1.015 -33.9062 1999.99 14647.5 33.9062 -1999.99 -0.0459185
1.02 -33.8435 1999.99 14620.4 33.8435 -1999.99 -0.0370335
1.025 -33.7743 1999.99 14590.5 33.7743 -1999.99 -0.0298677
1.03 -33.6985 1999.99 14557.8 33.6985 -1999.99 -0.0240884
1.035 -33.6157 2000 14522 33.6157 -2000 -0.0194273
1.04 -33.5253 2000 14482.9 33.5253 -2000 -0.015668
1.045 -33.4264 2000 14440.2 33.4264 -2000 -0.012636
1.05 -33.3185 2000 14393.6 33.3185 -2000 -0.0101906
1.055 -33.201 2000 14342.9 33.201 -2000 -0.00821824
1.06 -33.0735 2000 14287.8 33.0735 -2000 -0.00662729
1.065 -32.9354 2000 14228.1 32.9354 -2000 -0.0051492
1.07 -32.7866 2000 14163.8 32.7866 -2000 -0.00375149
1.075 -32.6272 2000 14095 32.6272 -2000 -0.00279866
1.08 -32.4579 2000 14021.8 32.4579 -2000 -0.00225358
1.085 -32.2789 2000 13944.5 32.2789 -2000 -0.00181292
1.09 -32.0903 2000 13863 32.0903 -2000 -0.00145626
1.095 -31.8925 2000 13777.6 31.8925 -2000 -0.00116875
1.1 -31.6856 2000 13688.2 31.6856 -2000 -0.000933498
1.105 -31.4696 2000 13594.9 31.4696 -2000 -0.000740591
1.11 -31.2441 2000 13497.5 31.2441 -2000 -0.000581748
1.115 -31.0012 2000.04 13393.6 31.0012 -2000.04 -1.1142
1.12 -30.7297 2000.19 13278.6 30.7297 -2000.19 -3.40872
1.125 -30.4391 2000.28 13154.1 30.4391 -2000.28 -4.43453
1.13 -30.1432 2000.23 13025.4 30.1432 -2000.23 -3.55567
1.135 -29.8348 2000.18 12891.5 29.8348 -2000.18 -2.85818
1.14 -29.5136 2000.15 12752.2 29.5136 -2000.15 -2.30508
1.145 -29.1803 2000.12 12607.7 29.1803 -2000.12 -1.8577
1.15 -28.8359 2000.1 12458.6 28.8359 -2000.1 -1.49744
1.155 -28.4786 2000.1 12304.2 28.4786 -2000.1 -1.48704
1.16 -28.0995 2000.14 12141 28.0995 -2000.14 -2.05763
1.165 -27.7144 2000.11 11974.3 27.7144 -2000.11 -1.69724
1.17 -27.3038 2000.14 11798.1 27.3038 -2000.14 -2.85567
1.175 -26.8868 2000.13 11617.7 26.8868 -2000.13 -2.5751
1.18 -26.443 2000.17 11426.6 26.443 -2000.17 -3.18308
1.185 -25.9919 2000.14 11231.1 25.9919 -2000.14 -2.56684
1.19 -25.5269 2000.11 11029.7 25.5269 -2000.11 -2.0698
1.195 -25.0463 2000.09 10821.7 25.0463 -2000.09 -1.66888
1.2 -24.5486 2000.07 10606.3 24.5486 -2000.07 -1.34645
1.205 -24.0059 2000.18 10375.4 24.0059 -2000.18 -4.85755
1.21 -23.4527 2000.21 10137.6 23.4527 -2000.21 -6.01605
1.215 -22.892 2000.17 9894.19 22.892 -2000.17 -4.84113
1.22 -22.3135 2000.15 9643.8 22.3135 -2000.15 -4.36951
1.225 -21.7177 2000.15 9386.37 21.7177 -2000.15 -4.33019
1.23 -21.1149 2000.12 9125.16 21.1149 -2000.12 -3.53313
1.235 -20.4946 2000.12 8857.36 20.4946 -2000.12 -3.6879
1.24 -19.8704 2000.1 8586.99 19.8704 -2000.1 -2.97327
1.245 -19.2389 2000.08 8313.6 19.2389 -2000.08 -2.39716
1.25 -18.5993 2000.06 8036.84 18.5993 -2000.06 -1.93003
1.255 -17.9501 2000.05 7756.01 17.9501 -2000.05 -1.55372
1.26 -17.2892 2000.04 7470.18 17.2892 -2000.04 -1.25147
1.265 -16.6143 2000.03 7178.4 16.6143 -2000.03 -1.00749
1.27 -15.9235 2000.02 6879.77 15.9235 -2000.02 -0.806756
1.275 -15.2148 2000.02 6573.43 15.2148 -2000.02 -0.648323
1.28 -14.4865 2000.02 6258.68 14.4865 -2000.02 -0.520232
1.285 -13.7376 2000.01 5935.07 13.7376 -2000.01 -0.416566
1.29 -12.9679 2000.01 5602.46 12.9679 -2000.01 -0.337548
1.295 -12.1773 2000.01 5260.86 12.1773 -2000.01 -0.271872
1.3 -11.3664 2000 4910.51 11.3664 -2000 -0.209387
1.305 -10.5361 2000 4551.74 10.5361 -2000 -0.158104
1.31 -9.68719 1999.99 4184.97 9.68719 -1999.99 -0.10353
1.315 -8.82028 1999.99 3810.42 8.82028 -1999.99 -0.0570773
1.32 -7.93597 1999.98 3428.38 7.93597 -1999.98 -0.0442055
1.325 -7.03557 1999.98 3039.39 7.03557 -1999.98 -0.0266874
1.33 -6.12078 1999.97 2644.15 6.12078 -1999.97 0.0267213
1.335 -5.19279 1999.96 2243.26 5.19279 -1999.96 0.026449
1.34 -4.25385 1999.95 1837.59 4.25385 -1999.95 0.0713838
1.345 -3.30562 1999.93 1427.9 3.30562 -1999.93 0.125332
1.35 -2.35017 1999.88 1015.05 2.35017 -1999.88 0.225643
1.355 -1.38847 1999.83 599.539 1.38847 -1999.83 0.282454
1.36 -0.423173 1999.73 182.559 0.423173 -1999.73 0.251665
1.365 0.54809 1999.69 -236.79 -0.54809 -1999.69 0.0149457
1.37 1.52383 1999.65 -657.496 -1.52383 -1999.65 -0.797529
1.375 2.4957 1999.42 -1074.64 -2.4957 -1999.42 -3.50606
1.38 3.42244 1999.14 -1477.86 -3.42244 -1999.14 -0.631615
1.385 4.34548 1999.15 -1879.55 -4.34548 -1999.15 2.29697
1.39 5.28411 1999.29 -2284.89 -5.28411 -1999.29 2.15681
1.395 6.22741 1999.39 -2692.33 -6.22741 -1999.39 2.09
1.4 7.17496 1999.47 -3101.67 -7.17496 -1999.47 2.08737
1.405 8.12628 1999.53 -3512.69 -8.12628 -1999.53 2.13656
1.41 9.08095 1999.58 -3925.19 -9.08095 -1999.58 2.21752
1.415 10.0387 1999.61 -4339.01 -10.0387 -1999.61 2.30281
1.42 10.9995 1999.63 -4754.13 -10.9995 -1999.63 2.36283
1.425 11.9637 1999.65 -5170.71 -11.9637 -1999.65 2.37531
1.43 12.9323 1999.67 -5589.1 -12.9323 -1999.67 2.33237
1.435 13.9062 1999.68 -6009.7 -13.9062 -1999.68 2.24156
1.44 14.8859 1999.69 -6432.84 -14.8859 -1999.69 2.12096
1.445 15.872 1999.7 -6858.7 -15.872 -1999.7 1.99158
1.45 16.8647 1999.71 -7287.41 -16.8647 -1999.71 1.87122
1.455 17.8645 1999.72 -7719.22 -17.8645 -1999.72 1.77203
1.46 18.8721 1999.72 -8154.44 -18.8721 -1999.72 1.69979
1.465 19.8879 1999.73 -8593.23 -19.8879 -1999.73 1.65491
1.47 20.9117 1999.74 -9035.47 -20.9117 -1999.74 1.63397
1.475 21.9224 1999.83 -9474.83 -21.9224 -1999.83 4.37096
1.48 22.9284 1999.94 -9912.56 -22.9284 -1999.94 7.4784
1.485 23.9345 2000.01 -10349 -23.9345 -2000.01 9.33641
1.49 24.9137 2000.12 -10774.8 -24.9137 -2000.12 12.1332
1.495 25.9126 2000.05 -11204.4 -25.9126 -2000.05 10.1809
1.5 26.8721 2000.26 -11621.8 -26.8721 -2000.26 12.9973
1.505 27.7884 2000.5 -12021.9 -27.7884 -2000.5 17.2811
1.51 28.6975 2000.61 -12414.8 -28.6975 -2000.61 17.5249
1.515 29.5453 2001.1 -12785.5 -29.5453 -2001.1 21.9741
1.52 30.3396 2001.47 -13133.7 -30.3396 -2001.47 26.9857
1.525 31.1542 2001.26 -13483.6 -31.1542 -2001.26 25.0238
1.53 31.9813 2000.98 -13836.6 -31.9813 -2000.98 20.6789
1.535 32.8099 2000.76 -14191.1 -32.8099 -2000.76 17.2392
1.54 33.5593 2001.32 -14518.7 -33.5593 -2001.32 21.1373
1.545 34.2894 2001.6 -14837.5 -34.2894 -2001.6 24.4636
1.55 35.0341 2001.34 -15156.9 -35.0341 -2001.34 22.2324
1.555 35.7843 2001.05 -15477.3 -35.7843 -2001.05 18.5251
1.56 36.5331 2000.81 -15797.9 -36.5331 -2000.81 15.5491
1.565 37.2496 2000.96 -16107.4 -37.2496 -2000.96 15.6069
1.57 37.9361 2001.13 -16404.3 -37.9361 -2001.13 15.9238
1.575 38.6289 2000.9 -16701.6 -38.6289 -2000.9 13.9646
1.58 39.3045 2000.83 -16994.2 -39.3045 -2000.83 14.6121
1.585 39.9786 2000.74 -17285.4 -39.9786 -2000.74 14.631
1.59 40.6453 2000.69 -17573.8 -40.6453 -2000.69 15.0007
1.595 41.2912 2000.71 -17854.2 -41.2912 -2000.71 16.3894
1.6 41.9187 2001 -18124.8 -41.9187 -2001 15.9316
1.605 42.5264 2001.21 -18389 -42.5264 -2001.21 17.5943
1.61 43.1128 2001.2 -18644.6 -43.1128 -2001.2 19.8877
1.615 43.7012 2001.03 -18897.6 -43.7012 -2001.03 18.6982
1.62 44.2457 2001.23 -19137.6 -44.2457 -2001.23 23.4753
1.625 44.7917 2001.22 -19374.6 -44.7917 -2001.22 24.5691
1.63 45.3235 2001.23 -19603.8 -45.3235 -2001.23 24.0136
1.635 45.8305 2001.29 -19822.1 -45.8305 -2001.29 23.2783
1.64 46.3139 2001.25 -20031.7 -46.3139 -2001.25 24.0344
1.645 46.7521 2001.38 -20224.2 -46.7521 -2001.38 27.2773
1.65 47.1934 2001.32 -20410.8 -47.1934 -2001.32 23.2781
1.655 47.576 2001.67 -20579.5 -47.576 -2001.67 26.6623
1.66 47.9618 2001.59 -20744 -47.9618 -2001.59 24.5457
1.665 48.3215 2001.62 -20898.5 -48.3215 -2001.62 23.6642
1.67 48.661 2001.55 -21045.3 -48.661 -2001.55 23.7303
1.675 48.9975 2001.26 -21188.7 -48.9975 -2001.26 21.8118
1.68 49.3221 2001.2 -21326.9 -49.3221 -2001.2 19.6983
1.685 49.6321 2001.19 -21457.9 -49.6321 -2001.19 16.8563
1.69 49.929 2000.92 -21585.5 -49.929 -2000.92 16.1669
1.695 50.2192 2000.71 -21710.7 -50.2192 -2000.71 16.0131
1.7 50.51 2000.67 -21832.3 -50.51 -2000.67 11.9333
1.705 50.786 2000.57 -21949.5 -50.786 -2000.57 9.9725
1.71 51.0419 2000.4 -22062 -51.0419 -2000.4 11.8634
1.715 51.2755 2000.41 -22167 -51.2755 -2000.41 15.9721
1.72 51.4944 2000.78 -22261.9 -51.4944 -2000.78 16.336
1.725 51.6936 2000.75 -22348.6 -51.6936 -2000.75 16.9647
1.73 51.8677 2000.5 -22426.9 -51.8677 -2000.5 20.0296
1.735 51.9791 2000.22 -22486.3 -51.9791 -2000.22 31.3106
1.74 51.9987 2000.14 -22511.7 -51.9987 -2000.14 48.2688
1.745 51.9748 1999.97 -22513 -51.9748 -1999.97 59.9031
1.75 51.932 1999.56 -22496 -51.932 -1999.56 61.3133
1.755 51.8863 1999.34 -22469 -51.8863 -1999.34 54.1238
1.76 51.7469 1998.94 -22415.4 -51.7469 -1998.94 60.6918
1.765 51.6111 1998.83 -22354.7 -51.6111 -1998.83 58.74
1.77 51.4766 1998.93 -22288.9 -51.4766 -1998.93 51.0311
1.775 51.3128 1999.17 -22213.3 -51.3128 -1999.17 46.205
1.78 51.1344 1999.16 -22130.8 -51.1344 -1999.16 40.7593
1.785 50.9253 1999.11 -22038.5 -50.9253 -1999.11 38.7373
1.79 50.6931 1999.35 -21933.2 -50.6931 -1999.35 33.7509
1.795 50.4624 1999.59 -21825.3 -50.4624 -1999.59 25.5813
1.8 50.213 1999.56 -21714 -50.213 -1999.56 21.9968
1.805 49.9572 1999.55 -21599.9 -49.9572 -1999.55 18.4317
1.81 49.6995 1999.57 -21483.7 -49.6995 -1999.57 13.4883
1.815 49.4258 1999.52 -21364.5 -49.4258 -1999.52 12.5082
1.82 49.1427 1999.44 -21241.6 -49.1427 -1999.44 11.9422
1.825 48.8518 1999.39 -21115.5 -48.8518 -1999.39 11.4894
1.83 48.5497 1999.32 -20985.1 -48.5497 -1999.32 11.6167
1.835 48.2236 1999.2 -20845.2 -48.2236 -1999.2 12.6009
1.84 47.9194 1999.48 -20708.5 -47.9194 -1999.48 7.36953
1.845 47.5981 1999.46 -20569.3 -47.5981 -1999.46 6.95685
1.85 47.2716 1999.45 -20428 -47.2716 -1999.45 6.66631
1.855 47.0932 2000.26 -20326.6 -47.0932 -2000.26 -17.6672
1.86 46.9169 2000.73 -20237.4 -46.9169 -2000.73 -30.7117
1.865 46.6912 2000.55 -20145.8 -46.6912 -2000.55 -24.7555
1.87 46.4631 2000.36 -20052.8 -46.4631 -2000.36 -19.2723
1.875 46.2342 2000.2 -19958.3 -46.2342 -2000.2 -14.846
1.88 46.0035 2000.06 -19862.3 -46.0035 -2000.06 -11.2323
1.885 45.7707 1999.95 -19764.7 -45.7707 -1999.95 -8.27073
1.89 45.5386 1999.91 -19666 -45.5386 -1999.91 -6.73889
1.895 45.3803 2000.38 -19587.4 -45.3803 -2000.38 -16.8787
1.9 45.224 2000.57 -19515 -45.224 -2000.57 -21.7723
1.905 45.0412 2000.39 -19440.4 -45.0412 -2000.39 -17.3965
1.91 44.8557 2000.21 -19364.4 -44.8557 -2000.21 -13.322
1.915 44.6686 2000.06 -19286.9 -44.6686 -2000.06 -9.98324
1.92 44.4792 1999.93 -19207.8 -44.4792 -1999.93 -7.23056
1.925 44.2882 1999.82 -19127 -44.2882 -1999.82 -5.48263
1.93 44.089 1999.63 -19043.1 -44.089 -1999.63 -3.39083
1.935 44.044 2000.4 -19001.9 -44.044 -2000.4 -25.0743
1.94 43.9763 2000.75 -18964.5 -43.9763 -2000.75 -33.2407
1.945 43.8675 2000.52 -18924.4 -43.8675 -2000.52 -26.297
1.95 43.7685 2000.39 -18886.1 -43.7685 -2000.39 -21.9003
1.955 43.7679 2000.67 -18880.6 -43.7679 -2000.67 -27.1331
1.96 43.7764 2000.92 -18884 -43.7764 -2000.92 -27.4204
1.965 43.7775 2000.94 -18886.8 -43.7775 -2000.94 -25.045
1.97 43.7693 2000.72 -18888.4 -43.7693 -2000.72 -19.9927
1.975 43.7614 2000.5 -18889.3 -43.7614 -2000.5 -15.6436
1.98 43.751 2000.27 -18888.6 -43.751 -2000.27 -11.8004
1.985 43.7447 2000.18 -18888.4 -43.7447 -2000.18 -9.34155
1.99 43.7392 2000.11 -18888 -43.7392 -2000.11 -7.34967
1.995 43.7342 2000.05 -18887.5 -43.7342 -2000.05 -5.73549
2 43.7295 2000 -18886.7 -43.7295 -2000 -4.42583
2.005 43.7248 1999.95 -18885.8 -43.7248 -1999.95 -3.36161
2.01 43.7201 1999.92 -18884.6 -43.7201 -1999.92 -2.49517
2.015 43.7151 1999.89 -18883.1 -43.7151 -1999.89 -1.78792
2.02 43.7098 1999.86 -18881.4 -43.7098 -1999.86 -1.20852
2.025 43.6963 1999.64 -18877.2 -43.6963 -1999.64 0.392141
2.03 43.6864 1999.67 -18873.5 -43.6864 -1999.67 0.981468
2.035 43.678 1999.75 -18869.8 -43.678 -1999.75 0.908957
2.04 43.6643 1999.61 -18864.4 -43.6643 -1999.61 1.43432
2.045 43.6464 1999.43 -18857.4 -43.6464 -1999.43 2.11844
2.05 43.6323 1999.5 -18851 -43.6323 -1999.5 1.84198
2.055 43.6202 1999.76 -18845.2 -43.6202 -1999.76 1.29793
2.06 43.6065 1999.91 -18838.9 -43.6065 -1999.91 0.950394
2.065 43.5904 1999.89 -18831.9 -43.5904 -1999.89 0.875913
2.07 43.5739 1999.88 -18824.8 -43.5739 -1999.88 0.818748
2.075 43.5571 1999.87 -18817.5 -43.5571 -1999.87 0.776783
2.08 43.55 2000.04 -18812.9 -43.55 -2000.04 -0.70109
2.085 43.5514 2000.23 -18811.9 -43.5514 -2000.23 -2.34901
2.09 43.5453 2000.16 -18809.7 -43.5453 -2000.16 -1.81386
2.095 43.5393 2000.1 -18807.6 -43.5393 -2000.1 -1.38141
2.1 43.5333 2000.06 -18805.4 -43.5333 -2000.06 -1.02948
2.105 43.5274 2000.02 -18803.1 -43.5274 -2000.02 -0.742275
2.11 43.5213 1999.99 -18800.7 -43.5213 -1999.99 -0.507027
2.115 43.5152 1999.96 -18798.3 -43.5152 -1999.96 -0.313485
2.12 43.5089 1999.94 -18795.7 -43.5089 -1999.94 -0.153451
2.125 43.5024 1999.92 -18793 -43.5024 -1999.92 -0.0202105
2.13 43.4957 1999.9 -18790.3 -43.4957 -1999.9 0.091594
2.135 43.4888 1999.89 -18787.4 -43.4888 -1999.89 0.186229
2.14 43.4816 1999.87 -18784.3 -43.4816 -1999.87 0.267102
2.145 43.4742 1999.86 -18781.2 -43.4742 -1999.86 0.336968
2.15 43.4664 1999.85 -18777.9 -43.4664 -1999.85 0.397997
2.155 43.4584 1999.84 -18774.5 -43.4584 -1999.84 0.452037
2.16 43.45 1999.83 -18770.9 -43.45 -1999.83 0.500796
2.165 43.4413 1999.82 -18767.2 -43.4413 -1999.82 0.545733
2.17 43.4322 1999.81 -18763.3 -43.4322 -1999.81 0.588223
2.175 43.4226 1999.8 -18759.2 -43.4226 -1999.8 0.629622
2.18 43.4126 1999.79 -18754.9 -43.4126 -1999.79 0.671273
2.185 43.4021 1999.77 -18750.4 -43.4021 -1999.77 0.71447
2.19 43.391 1999.76 -18745.7 -43.391 -1999.76 0.760419
2.195 43.3793 1999.75 -18740.7 -43.3793 -1999.75 0.810228
2.2 43.3668 1999.73 -18735.3 -43.3668 -1999.73 0.864921
2.205 43.3499 1999.56 -18728.6 -43.3499 -1999.56 1.43625
2.21 43.3299 1999.41 -18720.5 -43.3299 -1999.41 1.97072
2.215 43.3127 1999.48 -18712.8 -43.3127 -1999.48 1.72327
2.22 43.2948 1999.53 -18704.9 -43.2948 -1999.53 1.53389
2.225 43.2761 1999.57 -18696.7 -43.2761 -1999.57 1.38849
2.23 43.2567 1999.59 -18688.2 -43.2567 -1999.59 1.27942
2.235 43.2365 1999.61 -18679.4 -43.2365 -1999.61 1.20025
2.24 43.2157 1999.63 -18670.3 -43.2157 -1999.63 1.14584
2.245 43.1941 1999.63 -18661 -43.1941 -1999.63 1.11219
2.25 43.1719 1999.63 -18651.3 -43.1719 -1999.63 1.09623
2.255 43.1488 1999.63 -18641.4 -43.1488 -1999.63 1.09573
2.26 43.1249 1999.62 -18631.1 -43.1249 -1999.62 1.10927
2.265 43.1001 1999.61 -18620.4 -43.1001 -1999.61 1.1361
2.27 43.0712 1999.46 -18608.3 -43.0712 -1999.46 1.58527
2.275 43.0412 1999.38 -18595.6 -43.0412 -1999.38 1.83106
2.28 43.0162 1999.55 -18584.1 -43.0162 -1999.55 1.07134
2.285 43.0003 1999.85 -18575.9 -43.0003 -1999.85 -0.281356
2.29 42.9787 1999.82 -18566.7 -42.9787 -1999.82 -0.077112
2.295 42.9566 1999.79 -18557.3 -42.9566 -1999.79 0.0909357
2.3 42.9339 1999.77 -18547.7 -42.9339 -1999.77 0.236297
2.305 42.9106 1999.75 -18537.7 -42.9106 -1999.75 0.363937
2.31 42.8866 1999.73 -18527.5 -42.8866 -1999.73 0.47782
2.315 42.8536 1999.17 -18514.4 -42.8536 -1999.17 1.61086
2.32 42.8148 1998.7 -18498.6 -42.8148 -1998.7 2.58747
2.325 42.7712 1998.67 -18480.3 -42.7712 -1998.67 3.11201
2.33 42.7187 1998.46 -18458.4 -42.7187 -1998.46 3.9051
2.335 42.6515 1997.98 -18430.5 -42.6515 -1997.98 5.04819
2.34 42.5393 1996.46 -18385.8 -42.5393 -1996.46 8.76101
2.345 0.315956 -68.4255 -106.631 -0.315956 68.4255 -29.8622
