0.1 -3.74986e-18 -0.0165432 1.73604e-20
0.2 -1.86635e-17 -0.0333429 8.64051e-20
0.3 -1.87169e-17 -0.0504115 8.66524e-20
0.4 -7.18191e-17 -0.0677622 3.32496e-19
0.5 -1.40795e-16 -0.0854096 6.51827e-19
0.6 -1.08433e-16 -0.10337 5.02002e-19
0.7 -2.05794e-16 -0.121668 9.5275e-19
0.8 -1.62345e-16 -0.140409 7.51597e-19
0.9 -1.34616e-16 -0.159791 6.23224e-19
1 -2.85272e-16 -0.179727 1.3207e-18
0.005 -6.71213e-07 -0.179727 2.3306e-09
0.01 -3.35507e-06 -0.179727 1.16496e-08
0.015 -8.72053e-06 -0.179728 3.02796e-08
0.02 -1.6766e-05 -0.179728 5.82152e-08
0.025 -2.74925e-05 -0.179728 9.54598e-08
0.03 -4.09033e-05 -0.179728 1.42025e-07
0.035 -5.7003e-05 -0.179728 1.97927e-07
0.04 -7.57948e-05 -0.179728 2.63176e-07
0.045 -9.72785e-05 -0.179728 3.37772e-07
0.05 -0.000121449 -0.179728 4.21698e-07
0.055 -0.000148297 -0.179728 5.14918e-07
0.06 -0.000177814 -0.179728 6.17408e-07
0.065 -0.000210006 -0.179728 7.29186e-07
0.07 -0.000244895 -0.179728 8.50329e-07
0.075 -0.000282519 -0.179728 9.80965e-07
0.08 -0.000322924 -0.179728 1.12126e-06
0.085 -0.000366162 -0.179729 1.27139e-06
0.09 -0.000412277 -0.179729 1.43151e-06
0.095 -0.00046129 -0.179729 1.6017e-06
0.1 -0.000513188 -0.179729 1.7819e-06
0.105 -0.000567947 -0.179729 1.97203e-06
0.11 -0.000625558 -0.179729 2.17207e-06
0.115 -0.000686065 -0.17973 2.38216e-06
0.12 -0.000749601 -0.17973 2.60277e-06
0.125 -0.000816382 -0.17973 2.83465e-06
0.13 -0.000886664 -0.17973 3.07868e-06
0.135 -0.000960661 -0.17973 3.33561e-06
0.14 -0.0010385 -0.179731 3.60589e-06
0.145 -0.00112022 -0.179731 3.88962e-06
0.15 -0.0012058 -0.179731 4.18679e-06
0.155 -0.00129526 -0.179731 4.4974e-06
0.16 -0.00138865 -0.179732 4.82169e-06
0.165 -0.00148616 -0.179732 5.16025e-06
0.17 -0.00158805 -0.179732 5.51402e-06
0.175 -0.00169465 -0.179733 5.88415e-06
0.18 -0.0018063 -0.179733 6.27183e-06
0.185 -0.00192332 -0.179733 6.67815e-06
0.19 -0.002046 -0.179734 7.10412e-06
0.195 -0.00217466 -0.179734 7.55087e-06
0.2 -0.00230974 -0.179734 8.01987e-06
0.205 -0.00245183 -0.179735 8.51324e-06
0.21 -0.00260193 -0.179735 9.0344e-06
0.215 -0.00276149 -0.179736 9.58844e-06
0.22 -0.00293219 -0.179736 1.01811e-05
0.225 -0.00311547 -0.179737 1.08175e-05
0.23 -0.00331216 -0.179737 1.15005e-05
0.235 -0.0035222 -0.179738 1.22297e-05
0.24 -0.00374462 -0.179739 1.3002e-05
0.245 -0.00397784 -0.179739 1.38118e-05
0.25 -0.00422017 -0.17974 1.46532e-05
0.255 -0.00447032 -0.179741 1.55218e-05
0.26 -0.00472782 -0.179742 1.64158e-05
0.265 -0.00499306 -0.179742 1.73368e-05
0.27 -0.0052671 -0.179743 1.82883e-05
0.275 -0.00555129 -0.179744 1.9275e-05
0.28 -0.00584697 -0.179745 2.03017e-05
0.285 -0.00615525 -0.179746 2.13721e-05
0.29 -0.00647702 -0.179747 2.24893e-05
0.295 -0.00681304 -0.179748 2.3656e-05
0.3 -0.00716411 -0.179749 2.48749e-05
0.305 -0.0075312 -0.17975 2.61495e-05
0.31 -0.0079155 -0.179751 2.74838e-05
0.315 -0.00831853 -0.179752 2.88832e-05
0.32 -0.008742 -0.179754 3.03535e-05
0.325 -0.00918751 -0.179755 3.19004e-05
0.33 -0.00965635 -0.179757 3.35282e-05
0.335 -0.0101494 -0.179758 3.52402e-05
0.34 -0.0106672 -0.17976 3.70379e-05
0.345 -0.01121 -0.179761 3.89225e-05
0.35 -0.011778 -0.179763 4.08948e-05
0.355 -0.0123715 -0.179765 4.29552e-05
0.36 -0.0129901 -0.179767 4.51031e-05
0.365 -0.0136334 -0.179768 4.73366e-05
0.37 -0.0143007 -0.17977 4.96536e-05
0.375 -0.0149916 -0.179773 5.20523e-05
0.38 -0.0157057 -0.179775 5.45316e-05
0.385 -0.0164427 -0.179777 5.70905e-05
0.39 -0.0172016 -0.179779 5.97255e-05
0.395 -0.0179799 -0.179782 6.24275e-05
0.4 -0.0187724 -0.179784 6.51792e-05
0.405 -0.0195716 -0.179786 6.79539e-05
0.41 -0.0203673 -0.179789 7.07164e-05
0.415 -0.0211473 -0.179791 7.34246e-05
0.42 -0.0218989 -0.179793 7.60341e-05
0.425 -0.0226099 -0.179796 7.85026e-05
0.43 -0.0232711 -0.179798 8.0798e-05
0.435 -0.0238779 -0.179799 8.29048e-05
0.44 -0.024432 -0.179801 8.48286e-05
0.445 -0.0249411 -0.179803 8.6596e-05
0.45 -0.025418 -0.179804 8.82519e-05
0.455 -0.0258795 -0.179805 8.98541e-05
0.46 -0.0263439 -0.179807 9.14663e-05
0.465 -0.0268283 -0.179808 9.31479e-05
0.47 -0.0273456 -0.17981 9.4944e-05
0.475 -0.0279022 -0.179812 9.68762e-05
0.48 -0.0284969 -0.179813 9.89411e-05
0.485 -0.0291225 -0.179815 0.000101113
0.49 -0.0297673 -0.179817 0.000103352
0.495 -0.0304172 -0.179819 0.000105608
0.5 -0.0310573 -0.179821 0.00010783
0.505 -0.0316724 -0.179823 0.000109966
0.51 -0.032246 -0.179825 0.000111957
0.515 -0.0327603 -0.179826 0.000113742
0.52 -0.0331949 -0.179828 0.000115251
0.525 -0.0335287 -0.179829 0.00011641
0.53 -0.0337424 -0.179829 0.000117152
0.535 -0.0338227 -0.179829 0.000117431
0.54 -0.033765 -0.179829 0.000117231
0.545 -0.0335746 -0.179829 0.000116569
0.55 -0.033265 -0.179829 0.000115494
0.555 -0.0328554 -0.179829 0.000114072
0.56 -0.0323676 -0.179829 0.000112378
0.565 -0.0318225 -0.179829 0.000110486
0.57 -0.0312373 -0.179829 0.000108454
0.575 -0.0306223 -0.179829 0.000106318
0.58 -0.0299811 -0.179829 0.000104092
0.585 -0.0293133 -0.179829 0.000101773
0.59 -0.0286192 -0.179829 9.93629e-05
0.595 -0.0279034 -0.179829 9.68775e-05
0.6 -0.0271771 -0.179829 9.43558e-05
0.605 -0.0264576 -0.179829 9.18576e-05
0.61 -0.0257643 -0.179829 8.94503e-05
0.615 -0.0251138 -0.179829 8.71916e-05
0.62 -0.0245171 -0.179829 8.51195e-05
0.625 -0.0239788 -0.179829 8.32506e-05
0.63 -0.0234979 -0.179829 8.15807e-05
0.635 -0.0230665 -0.179829 8.00829e-05
0.64 -0.0226706 -0.179829 7.8708e-05
0.645 -0.0222895 -0.179829 7.73851e-05
0.65 -0.021897 -0.179829 7.60222e-05
0.655 -0.0214612 -0.179829 7.45088e-05
0.66 -0.0209462 -0.179829 7.27207e-05
0.665 -0.0203163 -0.17983 7.05336e-05
0.67 -0.0195427 -0.17983 6.78473e-05
0.675 -0.0186101 -0.17983 6.46091e-05
0.68 -0.0175202 -0.17983 6.08249e-05
0.685 -0.0162915 -0.17983 5.65585e-05
0.69 -0.0149561 -0.17983 5.19217e-05
0.695 -0.013556 -0.17983 4.70602e-05
0.7 -0.0121385 -0.17983 4.21382e-05
0.705 -0.0107516 -0.17983 3.73229e-05
0.71 -0.00944017 -0.17983 3.27692e-05
0.715 -0.00824115 -0.17983 2.8606e-05
0.72 -0.00718039 -0.17983 2.49228e-05
0.725 -0.00627251 -0.17983 2.17706e-05
0.73 -0.00552548 -0.17983 1.91769e-05
0.735 -0.00494487 -0.17983 1.71611e-05
0.74 -0.00453368 -0.179831 1.57338e-05
0.745 -0.00428908 -0.179831 1.48848e-05
0.75 -0.00419846 -0.179831 1.45703e-05
0.755 -0.00423657 -0.179831 1.47026e-05
0.76 -0.00436567 -0.179831 1.51508e-05
0.765 -0.00453882 -0.179831 1.57521e-05
0.77 -0.0047042 -0.179831 1.63263e-05
0.775 -0.00480936 -0.179831 1.66915e-05
0.78 -0.0048055 -0.179831 1.66782e-05
0.785 -0.0046521 -0.179831 1.61455e-05
0.79 -0.00432133 -0.179831 1.4997e-05
0.795 -0.00380084 -0.179831 1.31898e-05
0.8 -0.00309306 -0.179832 1.07322e-05
0.805 -0.00221114 -0.179833 7.67003e-06
0.81 -0.00117359 -0.179834 4.06757e-06
0.815 -1.31856e-07 -0.179837 -5.41685e-09
0.82 0.00129011 -0.179841 -4.47656e-06
0.825 0.00267869 -0.179845 -9.28606e-06
0.83 0.00414749 -0.17985 -1.43773e-05
0.835 0.00567847 -0.179854 -1.96857e-05
0.84 0.00725366 -0.179859 -2.5151e-05
0.845 0.00885587 -0.179864 -3.07132e-05
0.85 0.0104701 -0.179869 -3.63181e-05
0.855 0.0120852 -0.179874 -4.19262e-05
0.86 0.0136956 -0.179879 -4.75182e-05
0.865 0.0153027 -0.179884 -5.30983e-05
0.87 0.0169145 -0.179889 -5.86951e-05
0.875 0.0185434 -0.179894 -6.43509e-05
0.88 0.0201995 -0.179899 -7.0101e-05
0.885 0.0218854 -0.179904 -7.59543e-05
0.89 0.0235914 -0.179909 -8.18777e-05
0.895 0.0252935 -0.179914 -8.77872e-05
0.9 0.026955 -0.17992 -9.35558e-05
0.905 0.0285371 -0.179924 -9.90485e-05
0.91 0.0300132 -0.179929 -0.000104173
0.915 0.0313812 -0.179933 -0.000108922
0.92 0.0326695 -0.179937 -0.000113395
0.925 0.0339359 -0.179941 -0.000117792
0.93 0.0352563 -0.179945 -0.000122376
0.935 0.0367047 -0.179949 -0.000127404
0.94 0.0383324 -0.179954 -0.000133055
0.945 0.0401553 -0.17996 -0.000139383
0.95 0.0421508 -0.179966 -0.000146311
0.955 0.0442632 -0.179972 -0.000153644
0.96 0.0464135 -0.179979 -0.000161109
0.965 0.0485102 -0.179985 -0.000168387
0.97 0.0504602 -0.179991 -0.000175157
0.975 0.0521789 -0.179996 -0.000181123
0.98 0.0535971 -0.180001 -0.000186046
0.985 0.0546622 -0.180004 -0.000189744
0.99 0.0553346 -0.180006 -0.000192078
0.995 0.0555823 -0.180007 -0.000192938
1 0.0553762 -0.180006 -0.000192222
1.005 0.0546903 -0.180006 -0.000189841
1.01 0.053505 -0.180006 -0.000185725
1.015 0.051812 -0.180006 -0.000179847
1.02 0.0496124 -0.180006 -0.000172209
1.025 0.0469101 -0.180006 -0.000162826
1.03 0.0437099 -0.180006 -0.000151714
1.035 0.0400205 -0.180006 -0.000138904
1.04 0.0358601 -0.180006 -0.000124458
1.045 0.0312581 -0.180006 -0.000108479
1.05 0.026256 -0.180007 -9.11101e-05
1.055 0.0209039 -0.180007 -7.25265e-05
1.06 0.0152553 -0.180007 -5.29132e-05
1.065 0.00936014 -0.180007 -3.24439e-05
1.07 0.00326178 -0.180007 -1.1269e-05
1.075 -0.00300127 -0.180007 1.04777e-05
1.08 -0.00939048 -0.180007 3.26624e-05
1.085 -0.0158622 -0.180007 5.51337e-05
1.09 -0.0223633 -0.180007 7.77058e-05
1.095 -0.0288285 -0.180009 0.000100151
1.1 -0.035183 -0.180015 0.000122205
1.105 -0.0413493 -0.180031 0.0001436
1.11 -0.0472556 -0.180051 0.000164092
1.115 -0.0528456 -0.180071 0.000183492
1.12 -0.0580854 -0.180089 0.000201681
1.125 -0.0629663 -0.180105 0.000218624
1.13 -0.0675023 -0.18012 0.000234369
1.135 -0.0717255 -0.180134 0.000249029
1.14 -0.0756783 -0.180148 0.00026275
1.145 -0.0794012 -0.18016 0.000275673
1.15 -0.0829176 -0.180171 0.000287878
1.155 -0.0862198 -0.180182 0.00029934
1.16 -0.0892635 -0.180192 0.000309904
1.165 -0.0919719 -0.1802 0.000319305
1.17 -0.094248 -0.180208 0.000327204
1.175 -0.0959894 -0.180213 0.000333248
1.18 -0.0971046 -0.180217 0.000337119
1.185 -0.0975292 -0.180218 0.000338593
1.19 -0.0972345 -0.180218 0.00033757
1.195 -0.0962284 -0.180217 0.000334077
1.2 -0.0945474 -0.180217 0.000328239
1.205 -0.0922424 -0.180218 0.000320236
1.21 -0.089362 -0.180218 0.000310234
1.215 -0.0859366 -0.180218 0.00029834
1.22 -0.0819741 -0.180218 0.000284581
1.225 -0.0774727 -0.180218 0.000268951
1.23 -0.0724447 -0.180218 0.000251493
1.235 -0.0669399 -0.180218 0.000232379
1.24 -0.0610535 -0.180218 0.00021194
1.245 -0.0549143 -0.180219 0.000190623
1.25 -0.0486613 -0.180219 0.000168911
1.255 -0.0424235 -0.180219 0.000147252
1.26 -0.0363059 -0.180219 0.00012601
1.265 -0.0303849 -0.180219 0.000105452
1.27 -0.0247099 -0.180219 8.57465e-05
1.275 -0.0193102 -0.180219 6.69976e-05
1.28 -0.0142042 -0.180219 4.92683e-05
1.285 -0.00940496 -0.180219 3.26043e-05
1.29 -0.00492294 -0.180219 1.70417e-05
1.295 -0.000763063 -0.180219 2.59769e-06
1.3 0.00308485 -0.180219 -1.07631e-05
1.305 0.00666148 -0.180219 -2.3182e-05
1.31 0.0100485 -0.180219 -3.49423e-05
1.315 0.0133647 -0.180219 -4.6457e-05
1.32 0.0167482 -0.180219 -5.82053e-05
1.325 0.0203278 -0.180219 -7.06346e-05
1.33 0.0241932 -0.180219 -8.40562e-05
1.335 0.0283716 -0.180219 -9.85643e-05
1.34 0.0328154 -0.180219 -0.000113994
1.345 0.0374052 -0.18022 -0.000129931
1.35 0.0419701 -0.18022 -0.000145781
1.355 0.0463213 -0.180222 -0.000160889
1.36 0.0502882 -0.180225 -0.000174662
1.365 0.0537463 -0.18023 -0.000186668
1.37 0.0566255 -0.180237 -0.000196664
1.375 0.0589006 -0.180245 -0.000204561
1.38 0.0605799 -0.180252 -0.000210391
1.385 0.0616968 -0.180256 -0.000214268
1.39 0.0623017 -0.180259 -0.000216368
1.395 0.062449 -0.18026 -0.000216879
1.4 0.0621866 -0.180259 -0.000215969
1.405 0.0615571 -0.180259 -0.000213783
1.41 0.0606081 -0.18026 -0.000210487
1.415 0.0594068 -0.18026 -0.000206315
1.42 0.058051 -0.180261 -0.000201607
1.425 0.0566708 -0.180261 -0.000196814
1.43 0.0554177 -0.180261 -0.000192462
1.435 0.0544457 -0.180261 -0.000189087
1.44 0.0538911 -0.180262 -0.000187161
1.445 0.0538571 -0.180262 -0.000187043
1.45 0.0544086 -0.180262 -0.000188958
1.455 0.0555719 -0.180262 -0.000192997
1.46 0.0573397 -0.180262 -0.000199135
1.465 0.0596765 -0.180262 -0.000207249
1.47 0.0625193 -0.180262 -0.00021712
1.475 0.0657748 -0.180267 -0.000228423
1.48 0.0693138 -0.180278 -0.000240707
1.485 0.0729728 -0.18029 -0.000253408
1.49 0.0765694 -0.180302 -0.000265892
1.495 0.0799319 -0.180313 -0.000277564
1.5 0.0829349 -0.180323 -0.000287987
1.505 0.0855312 -0.180331 -0.000296999
1.51 0.0877677 -0.180338 -0.000304761
1.515 0.0897775 -0.180345 -0.000311737
1.52 0.091753 -0.180351 -0.000318593
1.525 0.0939102 -0.180358 -0.00032608
1.53 0.0964571 -0.180366 -0.00033492
1.535 0.0995717 -0.180376 -0.000345729
1.54 0.103387 -0.180387 -0.00035897
1.545 0.10798 -0.180402 -0.00037491
1.55 0.11337 -0.180419 -0.000393617
1.555 0.119529 -0.180438 -0.000414992
1.56 0.126396 -0.180459 -0.000438821
1.565 0.133892 -0.180482 -0.000464836
1.57 0.141937 -0.180508 -0.00049275
1.575 0.150436 -0.180534 -0.000522243
1.58 0.159276 -0.180562 -0.000552917
1.585 0.168308 -0.18059 -0.000584253
1.59 0.177341 -0.180619 -0.000615596
1.595 0.186157 -0.180647 -0.000646181
1.6 0.19452 -0.180673 -0.000675194
1.605 0.202206 -0.180698 -0.000701858
1.61 0.209019 -0.180719 -0.000725491
1.615 0.214794 -0.180738 -0.000745524
1.62 0.219399 -0.180752 -0.000761499
1.625 0.222729 -0.180763 -0.000773047
1.63 0.224694 -0.180769 -0.000779864
1.635 0.225224 -0.180771 -0.000781701
1.64 0.22427 -0.180768 -0.000778391
1.645 0.221823 -0.180767 -0.000769898
1.65 0.217929 -0.180767 -0.000756376
1.655 0.212694 -0.180768 -0.000738196
1.66 0.206274 -0.180769 -0.000715905
1.665 0.198864 -0.180769 -0.000690176
1.67 0.190673 -0.18077 -0.000661735
1.675 0.181915 -0.18077 -0.000631325
1.68 0.1728 -0.18077 -0.000599674
1.685 0.163528 -0.18077 -0.000567479
1.69 0.154287 -0.180771 -0.000535391
1.695 0.145241 -0.180771 -0.000503982
1.7 0.136515 -0.180771 -0.000473682
1.705 0.128174 -0.180771 -0.000444721
1.71 0.120221 -0.180771 -0.000417106
1.715 0.112608 -0.180771 -0.000390674
1.72 0.105271 -0.180771 -0.000365197
1.725 0.0981526 -0.180771 -0.00034048
1.73 0.0912134 -0.180771 -0.000316385
1.735 0.0844235 -0.180771 -0.000292809
1.74 0.0777553 -0.180771 -0.000269655
1.745 0.071185 -0.180771 -0.000246842
1.75 0.0646994 -0.180771 -0.000224322
1.755 0.0582944 -0.180771 -0.000202083
1.76 0.0519642 -0.180771 -0.000180103
1.765 0.045687 -0.180771 -0.000158307
1.77 0.0394156 -0.180771 -0.000136531
1.775 0.0330779 -0.180771 -0.000114525
1.78 0.0265949 -0.180771 -9.20151e-05
1.785 0.0199134 -0.180772 -6.88153e-05
1.79 0.0130367 -0.180772 -4.49379e-05
1.795 0.00604216 -0.180772 -2.06514e-05
1.8 -0.000926162 -0.180772 3.54421e-06
1.805 -0.00768693 -0.180772 2.70191e-05
1.81 -0.0140604 -0.180772 4.91492e-05
1.815 -0.019896 -0.180772 6.94117e-05
1.82 -0.025078 -0.180772 8.74049e-05
1.825 -0.0295226 -0.180772 0.000102837
1.83 -0.0331788 -0.180773 0.000115533
1.835 -0.0360384 -0.180773 0.000125462
1.84 -0.0381487 -0.180773 0.000132789
1.845 -0.0396221 -0.180773 0.000137905
1.85 -0.040628 -0.180773 0.000141398
1.855 -0.0413672 -0.180773 0.000143964
1.86 -0.0420346 -0.180773 0.000146281
1.865 -0.0427873 -0.180773 0.000148895
1.87 -0.043733 -0.180773 0.000152179
1.875 -0.0449375 -0.180773 0.000156361
1.88 -0.046434 -0.180774 0.000161557
1.885 -0.0482279 -0.180774 0.000167786
1.89 -0.0502995 -0.180774 0.000174979
1.895 -0.052609 -0.180774 0.000182998
1.9 -0.055107 -0.180775 0.000191671
1.905 -0.0577512 -0.180775 0.000200852
1.91 -0.0605231 -0.180776 0.000210477
1.915 -0.0634307 -0.180777 0.000220573
1.92 -0.0664936 -0.180778 0.000231208
1.925 -0.0697237 -0.180779 0.000242423
1.93 -0.0731194 -0.180781 0.000254212
1.935 -0.0766788 -0.180784 0.000266571
1.94 -0.0804296 -0.180788 0.000279593
1.945 -0.0844593 -0.180793 0.000293585
1.95 -0.0889266 -0.180801 0.000309096
1.955 -0.0940393 -0.180815 0.000326844
1.96 -0.100013 -0.180834 0.000347577
1.965 -0.107028 -0.180856 0.000371923
1.97 -0.11521 -0.180881 0.000400321
1.975 -0.124635 -0.180911 0.000433027
1.98 -0.135332 -0.180944 0.000470147
1.985 -0.14729 -0.180982 0.000511641
1.99 -0.160461 -0.181024 0.000557344
1.995 -0.174777 -0.181069 0.000607012
2 -0.190166 -0.181118 0.000660403
2.005 -0.206578 -0.18117 0.000717336
2.01 -0.223984 -0.181226 0.000777712
2.015 -0.242362 -0.181285 0.000841459
2.02 -0.261676 -0.181348 0.000908445
2.025 -0.281848 -0.181413 0.000978398
2.03 -0.30274 -0.181481 0.00105084
2.035 -0.324158 -0.181552 0.00112511
2.04 -0.345858 -0.181623 0.00120034
2.045 -0.36756 -0.181695 0.00127557
2.05 -0.388967 -0.181766 0.00134977
2.055 -0.409784 -0.181836 0.00142192
2.06 -0.429749 -0.181903 0.00149111
2.065 -0.448679 -0.181967 0.0015567
2.07 -0.466502 -0.182028 0.00161846
2.075 -0.483256 -0.182085 0.0016765
2.08 -0.499038 -0.182139 0.00173117
2.085 -0.513943 -0.182191 0.0017828
2.09 -0.528009 -0.182239 0.00183152
2.095 -0.541216 -0.182285 0.00187727
2.1 -0.553504 -0.182328 0.00191982
2.105 -0.564826 -0.182368 0.00195903
2.11 -0.57518 -0.182404 0.00199489
2.115 -0.584625 -0.182437 0.00202759
2.12 -0.593268 -0.182467 0.00205752
2.125 -0.601245 -0.182495 0.00208514
2.13 -0.608699 -0.182522 0.00211094
2.135 -0.615762 -0.182547 0.0021354
2.14 -0.62255 -0.182571 0.0021589
2.145 -0.629163 -0.182594 0.00218179
2.15 -0.635684 -0.182617 0.00220436
2.155 -0.642161 -0.18264 0.00222679
2.16 -0.648589 -0.182663 0.00224904
2.165 -0.654885 -0.182686 0.00227083
2.17 -0.660901 -0.182707 0.00229166
2.175 -0.666458 -0.182727 0.00231089
2.18 -0.671402 -0.182745 0.00232801
2.185 -0.675642 -0.18276 0.00234268
2.19 -0.679151 -0.182773 0.00235483
2.195 -0.68194 -0.182783 0.00236448
2.2 -0.684026 -0.18279 0.0023717
2.205 -0.685409 -0.182795 0.00237648
2.21 -0.686063 -0.182797 0.00237875
2.215 -0.685946 -0.182797 0.00237834
2.22 -0.685021 -0.182796 0.00237513
2.225 -0.683272 -0.182797 0.00236906
2.23 -0.680699 -0.182797 0.00236013
2.235 -0.677307 -0.182797 0.00234835
2.24 -0.673105 -0.182797 0.00233376
2.245 -0.668117 -0.182797 0.00231644
2.25 -0.662406 -0.182797 0.00229661
2.255 -0.65609 -0.182797 0.00227468
2.26 -0.649342 -0.182797 0.00225124
2.265 -0.64236 -0.182797 0.002227
2.27 -0.635322 -0.182797 0.00220256
2.275 -0.628343 -0.182797 0.00217833
2.28 -0.621465 -0.182798 0.00215445
2.285 -0.614671 -0.182798 0.00213086
2.29 -0.607927 -0.182798 0.00210744
2.295 -0.601206 -0.182798 0.0020841
2.3 -0.594491 -0.182798 0.00206079
2.305 -0.587766 -0.182798 0.00203744
2.31 -0.580994 -0.182798 0.00201392
2.315 -0.574108 -0.182798 0.00199001
2.32 -0.567013 -0.182798 0.00196538
2.325 -0.559601 -0.182798 0.00193964
2.33 -0.551756 -0.182798 0.0019124
2.335 -0.543354 -0.182798 0.00188323
2.34 -0.534241 -0.182798 0.00185159
2.345 -0.524213 -0.182798 0.00181677
2.35 -0.513019 -0.182798 0.0017779
2.355 -0.500395 -0.182798 0.00173407
2.36 -0.48611 -0.182798 0.00168447
2.365 -0.470007 -0.182798 0.00162855
2.37 -0.452013 -0.182798 0.00156607
2.375 -0.43214 -0.182798 0.00149707
2.38 -0.410477 -0.182798 0.00142185
2.385 -0.387194 -0.182798 0.001341
2.39 -0.362522 -0.182798 0.00125534
2.395 -0.33674 -0.182798 0.00116582
2.4 -0.310132 -0.182798 0.00107343
2.405 -0.28295 -0.182798 0.00097905
2.41 -0.255378 -0.182798 0.000883313
2.415 -0.227522 -0.182798 0.000786589
2.42 -0.199428 -0.182798 0.000689043
2.425 -0.171109 -0.182799 0.000590714
2.43 -0.142551 -0.182799 0.000491552
2.435 -0.113715 -0.182799 0.000391431
2.44 -0.0845448 -0.1828 0.000290144
2.445 -0.0549604 -0.1828 0.000187421
2.45 -0.0248694 -0.182801 8.29396e-05
2.455 0.00582507 -0.182802 -2.3637e-05
2.46 0.0372077 -0.182803 -0.000132603
2.465 0.0693322 -0.182806 -0.000244144
2.47 0.10221 -0.182811 -0.000358301
2.475 0.135809 -0.182822 -0.000474954
2.48 0.170062 -0.182847 -0.000593861
2.485 0.204875 -0.182898 -0.000714708
2.49 0.240131 -0.182994 -0.000837043
2.495 0.275689 -0.18312 -0.000960357
2.5 0.311377 -0.183246 -0.00108409
2.505 0.346989 -0.183373 -0.00120754
2.51 0.3823 -0.183499 -0.00132993
2.515 0.41709 -0.183623 -0.00145049
2.52 0.451155 -0.183744 -0.00156851
2.525 0.484324 -0.183863 -0.0016834
2.53 0.516456 -0.183978 -0.00179469
2.535 0.547435 -0.184089 -0.00190196
2.54 0.577154 -0.184196 -0.00200486
2.545 0.605515 -0.184299 -0.00210303
2.55 0.632428 -0.184396 -0.00219618
2.555 0.657823 -0.184489 -0.00228407
2.56 0.681655 -0.184576 -0.00236653
2.565 0.703903 -0.184658 -0.0024435
2.57 0.724566 -0.184734 -0.00251498
2.575 0.743678 -0.184805 -0.00258109
2.58 0.761314 -0.18487 -0.00264208
2.585 0.777598 -0.184931 -0.0026984
2.59 0.7927 -0.184987 -0.00275062
2.595 0.806821 -0.18504 -0.00279945
2.6 0.820171 -0.18509 -0.0028456
2.605 0.83293 -0.185138 -0.00288971
2.61 0.845215 -0.185185 -0.00293218
2.615 0.857062 -0.185229 -0.00297314
2.62 0.868428 -0.185272 -0.00301242
2.625 0.879212 -0.185313 -0.00304969
2.63 0.88928 -0.185351 -0.00308449
2.635 0.898488 -0.185386 -0.00311632
2.64 0.906687 -0.185418 -0.00314465
2.645 0.913725 -0.185445 -0.00316897
2.65 0.91944 -0.185467 -0.00318872
2.655 0.923663 -0.185483 -0.00320331
2.66 0.926222 -0.185493 -0.00321215
2.665 0.926953 -0.185495 -0.00321467
2.67 0.925714 -0.185491 -0.00321039
2.675 0.9224 -0.185488 -0.0031989
2.68 0.916968 -0.18549 -0.00318003
2.685 0.909462 -0.185491 -0.00315396
2.69 0.90005 -0.185492 -0.00312128
2.695 0.889034 -0.185493 -0.00308302
2.7 0.87684 -0.185493 -0.00304068
2.705 0.863967 -0.185494 -0.00299598
2.71 0.850929 -0.185494 -0.00295071
2.715 0.838183 -0.185494 -0.00290645
2.72 0.82609 -0.185495 -0.00286446
2.725 0.814894 -0.185495 -0.00282558
2.73 0.804721 -0.185495 -0.00279025
2.735 0.795581 -0.185495 -0.00275852
2.74 0.78739 -0.185495 -0.00273008
2.745 0.779987 -0.185495 -0.00270437
2.75 0.77317 -0.185495 -0.0026807
2.755 0.766735 -0.185496 -0.00265836
2.76 0.760506 -0.185496 -0.00263673
2.765 0.754357 -0.185496 -0.00261538
2.77 0.748218 -0.185496 -0.00259406
2.775 0.742064 -0.185496 -0.00257269
2.78 0.735905 -0.185496 -0.00255131
2.785 0.729775 -0.185496 -0.00253002
2.79 0.723724 -0.185496 -0.00250901
2.795 0.717809 -0.185496 -0.00248848
2.8 0.712096 -0.185496 -0.00246864
2.805 0.706652 -0.185496 -0.00244974
2.81 0.701551 -0.185496 -0.00243202
2.815 0.696873 -0.185496 -0.00241578
2.82 0.692714 -0.185496 -0.00240134
2.825 0.689191 -0.185496 -0.00238911
2.83 0.686449 -0.185496 -0.00237958
2.835 0.684655 -0.185496 -0.00237336
2.84 0.683988 -0.185496 -0.00237104
2.845 0.684628 -0.185496 -0.00237326
2.85 0.686744 -0.185496 -0.00238061
2.855 0.690495 -0.185496 -0.00239363
2.86 0.696029 -0.185496 -0.00241285
2.865 0.703479 -0.185496 -0.00243872
2.87 0.712946 -0.185496 -0.00247159
2.875 0.724485 -0.185496 -0.00251166
2.88 0.738121 -0.185496 -0.002559
2.885 0.753863 -0.185496 -0.00261366
2.89 0.771741 -0.185496 -0.00267574
2.895 0.791816 -0.185496 -0.00274544
2.9 0.814194 -0.185496 -0.00282314
2.905 0.839001 -0.185496 -0.00290928
2.91 0.86636 -0.185496 -0.00300428
2.915 0.896358 -0.185496 -0.00310844
2.92 0.929037 -0.185498 -0.0032219
2.925 0.96439 -0.185572 -0.00334433
2.93 1.00237 -0.185727 -0.00347554
2.935 1.04292 -0.185895 -0.0036156
2.94 1.08598 -0.186074 -0.00376428
2.945 1.1315 -0.186262 -0.00392147
2.95 1.17952 -0.186461 -0.00408723
2.955 1.23011 -0.186671 -0.00426183
2.96 1.28342 -0.186894 -0.00444578
2.965 1.33965 -0.18713 -0.00463974
2.97 1.39903 -0.187382 -0.00484445
2.975 1.46177 -0.187642 -0.00506001
2.98 1.52806 -0.187912 -0.00528702
2.985 1.59805 -0.188192 -0.00552582
2.99 1.67178 -0.188478 -0.00577642
2.995 1.74928 -0.188759 -0.00603797
3 1.83052 -0.188999 -0.00630906
3.005 1.91544 -0.189197 -0.0065895
3.01 2.00399 -0.189351 -0.00687915
3.015 2.0961 -0.189478 -0.00717885
3.02 2.19168 -0.189519 -0.00748618
3.025 2.29064 -0.189484 -0.00780105
3.03 2.39288 -0.189459 -0.00812627
3.035 2.49827 -0.189353 -0.00845865
3.04 2.6067 -0.189171 -0.00879783
3.045 2.71802 -0.189 -0.00914598
3.05 2.83209 -0.188828 -0.00950232
3.055 2.94878 -0.188558 -0.00986343
3.06 3.06796 -0.18818 -0.0102281
3.065 3.18949 -0.187752 -0.0105968
3.07 3.31326 -0.187285 -0.0109699
3.075 3.43915 -0.186701 -0.011345
3.08 3.56706 -0.185949 -0.0117192
3.085 3.69689 -0.18514 -0.0120958
3.09 3.8286 -0.184259 -0.012474
3.095 3.96216 -0.18321 -0.0128511
3.1 4.09756 -0.182003 -0.0132275
3.105 4.23482 -0.180705 -0.0136057
3.11 4.37395 -0.179308 -0.0139858
3.115 4.51493 -0.177829 -0.0143674
3.12 4.65774 -0.176306 -0.0147522
3.125 4.80234 -0.174747 -0.0151401
3.13 4.94867 -0.173114 -0.0155314
3.135 5.09667 -0.17141 -0.0159253
3.14 5.24631 -0.16967 -0.0163185
3.145 5.39756 -0.167896 -0.01671
3.15 5.55041 -0.166111 -0.0170986
3.155 5.70485 -0.164278 -0.0174694
3.16 5.86092 -0.162421 -0.0178212
3.165 6.01864 -0.160688 -0.0181621
3.17 6.17803 -0.159119 -0.0184916
3.175 6.33912 -0.15758 -0.0188174
3.18 6.50188 -0.156029 -0.0191429
3.185 6.66625 -0.154556 -0.0194663
3.19 6.83215 -0.153172 -0.0197902
3.195 6.99945 -0.151767 -0.0201207
3.2 7.16801 -0.150343 -0.0204554
3.205 7.3377 -0.148946 -0.0207923
3.21 7.50843 -0.147628 -0.0211294
3.215 7.68011 -0.146375 -0.0214678
3.22 7.85272 -0.144987 -0.0218203
3.225 8.02623 -0.143491 -0.0221854
3.23 8.20065 -0.142033 -0.0225522
3.235 8.37594 -0.140622 -0.0229197
3.24 8.55205 -0.139171 -0.0232927
3.245 8.7289 -0.137704 -0.0236709
3.25 8.90637 -0.136318 -0.0240491
3.255 9.08431 -0.135007 -0.024427
3.26 9.26255 -0.133791 -0.0248038
3.265 9.44091 -0.132707 -0.0251792
3.27 9.61917 -0.131494 -0.0255667
3.275 9.79718 -0.130023 -0.025968
3.28 9.97477 -0.128542 -0.0263693
3.285 10.1518 -0.127174 -0.0267683
3.29 10.3281 -0.125704 -0.0271726
3.295 10.5036 -0.124081 -0.0275816
3.3 10.6781 -0.122501 -0.0279875
3.305 10.8514 -0.120963 -0.0283899
3.31 11.0232 -0.11947 -0.0287884
3.315 11.1933 -0.118037 -0.0291822
3.32 11.3613 -0.116783 -0.0295699
3.325 11.5267 -0.115687 -0.0299508
3.33 11.6892 -0.114627 -0.0303244
3.335 11.8481 -0.11361 -0.0306898
3.34 12.0028 -0.112633 -0.0310456
3.345 12.1529 -0.111619 -0.0313912
3.35 12.2976 -0.110582 -0.0317253
3.355 12.4363 -0.109604 -0.0320455
3.36 12.5686 -0.108689 -0.0323506
3.365 12.6938 -0.107839 -0.0326394
3.37 12.8115 -0.107055 -0.0329107
3.375 12.9212 -0.106339 -0.0331636
3.38 13.0226 -0.105691 -0.0333972
3.385 13.1153 -0.105111 -0.0336107
3.39 13.1989 -0.104599 -0.0338033
3.395 13.2731 -0.104154 -0.0339743
3.4 13.3377 -0.103776 -0.0341228
3.405 13.3922 -0.103464 -0.0342482
3.41 13.4363 -0.103215 -0.0343499
3.415 13.4699 -0.103031 -0.0344272
3.42 13.4927 -0.102909 -0.0344796
3.425 13.5045 -0.102848 -0.0345068
3.43 13.5052 -0.102849 -0.0345084
3.435 13.4947 -0.102921 -0.0344838
3.44 13.473 -0.103123 -0.0344279
3.445 13.4401 -0.103474 -0.0343394
3.45 13.396 -0.103945 -0.0342218
3.455 13.3408 -0.104546 -0.0340758
3.46 13.2746 -0.105284 -0.0339022
3.465 13.1974 -0.106174 -0.0337021
3.47 13.1094 -0.107225 -0.0334765
3.475 13.0106 -0.108446 -0.0332264
3.48 12.9013 -0.109842 -0.0329523
3.485 12.7815 -0.111411 -0.0326549
3.49 12.6515 -0.113151 -0.0323344
3.495 12.5113 -0.115081 -0.0319912
3.5 12.3612 -0.117243 -0.0316259
3.505 12.2014 -0.119627 -0.0312388
3.51 12.0321 -0.122105 -0.0308289
3.515 11.8535 -0.124664 -0.0303965
3.52 11.6658 -0.127355 -0.0299426
3.525 11.4693 -0.129988 -0.0294655
3.53 11.264 -0.132575 -0.0289657
3.535 11.0504 -0.135296 -0.0284459
3.54 10.8284 -0.138134 -0.0279068
3.545 10.5984 -0.141087 -0.0273489
3.55 10.3606 -0.144178 -0.0267723
3.555 10.115 -0.14742 -0.0261776
3.56 9.86185 -0.150868 -0.0255657
3.565 9.60141 -0.154496 -0.0249369
3.57 9.33384 -0.158021 -0.0242881
3.575 9.05937 -0.161466 -0.0236202
3.58 8.77823 -0.165049 -0.0229366
3.585 8.49068 -0.168767 -0.022238
3.59 8.197 -0.172603 -0.0215247
3.595 7.89749 -0.176393 -0.0207957
3.6 7.59242 -0.180155 -0.0200522
3.605 7.28207 -0.184053 -0.0192967
3.61 6.96665 -0.188081 -0.0185293
3.615 6.64636 -0.19229 -0.0177513
3.62 6.32137 -0.196782 -0.0169637
3.625 5.9918 -0.20143 -0.0161649
3.63 5.65781 -0.205661 -0.0153466
3.635 5.31951 -0.209561 -0.014511
3.64 4.97707 -0.213153 -0.0136567
3.645 4.63068 -0.215808 -0.0127675
3.65 4.28056 -0.217651 -0.0118427
3.655 3.92691 -0.219258 -0.0108988
3.66 3.56996 -0.220409 -0.00992685
3.665 3.20988 -0.220853 -0.00891542
3.67 2.84684 -0.22084 -0.00787575
3.675 2.48096 -0.220425 -0.00680826
3.68 2.11238 -0.219791 -0.00571826
3.685 1.74121 -0.219077 -0.00461209
3.69 1.36751 -0.21837 -0.003495
3.695 0.991328 -0.217597 -0.00236341
3.7 0.61266 -0.216614 -0.00120251
3.705 0.231479 -0.215518 -4.88893e-06
3.71 -0.152248 -0.214706 0.0012346
3.715 -0.538549 -0.214133 0.00249463
3.72 -0.927436 -0.213419 0.00374884
3.725 -1.3189 -0.212277 0.0049844
3.73 -1.71289 -0.210527 0.00619479
3.735 -2.10935 -0.208268 0.00738727
3.74 -2.50817 -0.205593 0.00856374
3.745 -2.90923 -0.20251 0.00972381
3.75 -3.31236 -0.198995 0.0108661
3.755 -3.71738 -0.195124 0.0119941
3.76 -4.12408 -0.19083 0.0131091
3.765 -4.53223 -0.186031 0.0142137
3.77 -4.94157 -0.180959 0.0153064
3.775 -5.35184 -0.175685 0.0163755
3.78 -5.76271 -0.170419 0.0173651
3.785 -6.17386 -0.165871 0.0182225
3.79 -6.58492 -0.162164 0.0190064
3.795 -6.99551 -0.1589 0.0197779
3.8 -7.40519 -0.15592 0.0205471
3.805 -7.81351 -0.152848 0.021351
3.81 -8.21997 -0.149724 0.022183
3.815 -8.62403 -0.146648 0.0230225
3.82 -9.02506 -0.143631 0.0238688
3.825 -9.42238 -0.141029 0.0247063
3.83 -9.81524 -0.138168 0.0255665
3.835 -10.2028 -0.134748 0.02646
3.84 -10.5844 -0.131353 0.0273511
3.845 -10.9591 -0.128306 0.028223
3.85 -11.3263 -0.125755 0.0290733
3.855 -11.6852 -0.123534 0.029902
3.86 -12.0353 -0.121286 0.0307111
3.865 -12.3758 -0.11903 0.031499
3.87 -12.7062 -0.116976 0.0322625
3.875 -13.0259 -0.115146 0.0330004
3.88 -13.3346 -0.113593 0.0337116
3.885 -13.6317 -0.112608 0.0343943
3.89 -13.9169 -0.112195 0.0350476
3.895 -14.1901 -0.112191 0.035672
3.9 -14.4509 -0.112986 0.0362657
3.905 -14.6994 -0.114625 0.036828
3.91 -14.9356 -0.117415 0.0373582
3.915 -15.1595 -0.119499 0.0378616
3.92 -15.371 -0.120164 0.03834
3.925 -15.5705 -0.121087 0.0387899
3.93 -15.7579 -0.122244 0.0392117
3.935 -15.9334 -0.123046 0.0396087
3.94 -16.0972 -0.123717 0.0399804
3.945 -16.2492 -0.124887 0.0403239
3.95 -16.3895 -0.126686 0.040639
3.955 -16.518 -0.12146 0.0409459
3.96 -16.6348 -0.115525 0.0412309
3.965 -16.7395 -0.116245 0.0414739
3.97 -16.8322 -0.11681 0.0416882
3.975 -16.9125 -0.117453 0.0418713
3.98 -16.9803 -0.118244 0.0420235
3.985 -17.0353 -0.119363 0.0421445
3.99 -17.0771 -0.122304 0.0422285
3.995 -17.1044 0.757851 0.0492931
4 -17.1157 -11.225 -0.164919
