0.1 -2.92171e-31 200 7.54952e-14 2.92171e-31 -200 -7.54952e-14
0.2 1.16868e-31 400 7.10543e-14 -1.16868e-31 -400 -7.10543e-14
0.3 7.59644e-31 600 2.04281e-13 -7.59644e-31 -600 -2.04281e-13
0.4 1.86989e-30 800 3.01981e-13 -1.86989e-30 -800 -3.01981e-13
0.5 1.40242e-30 1000 3.6593e-13 -1.40242e-30 -1000 -3.6593e-13
0.6 -1.51929e-30 1200 -3.23297e-13 1.51929e-30 -1200 3.23297e-13
0.7 -2.33737e-31 1400 -8.95284e-13 2.33737e-31 -1400 8.95284e-13
0.8 1.35859e-30 1600 4.9738e-14 -1.35859e-30 -1600 -4.9738e-14
0.9 2.33737e-31 1800 6.39488e-13 -2.33737e-31 -1800 -6.39488e-13
1 -1.40242e-30 2000 -1.35714e-12 1.40242e-30 -2000 1.35714e-12
0.005 1.07791e-05 2000 -0.00467153 -1.07791e-05 -2000 1.49438e-05
0.01 5.38301e-05 2000 -0.0232831 -5.38301e-05 -2000 2.85301e-05
0.015 0.000139876 2000 -0.0604494 -0.000139876 -2000 2.31864e-05
0.02 0.000268904 2000 -0.116185 -0.000268904 -2000 1.88035e-05
0.025 0.000440929 2000 -0.190497 -0.000440929 -2000 1.52536e-05
0.03 0.000656007 2000 -0.283408 -0.000656007 -2000 1.23793e-05
0.035 0.000914208 2000 -0.394948 -0.000914208 -2000 1.0054e-05
0.04 0.00121558 2000 -0.52514 -0.00121558 -2000 8.17473e-06
0.045 0.00156013 2000 -0.673984 -0.00156013 -2000 6.65824e-06
0.05 0.00194777 2000 -0.841443 -0.00194777 -2000 5.43692e-06
0.055 0.00237834 2000 -1.02745 -0.00237834 -2000 4.45593e-06
0.06 0.00285173 2000 -1.23195 -0.00285173 -2000 3.6708e-06
0.065 0.00336802 2000 -1.45499 -0.00336802 -2000 3.04549e-06
0.07 0.00392755 2000 -1.69671 -0.00392755 -2000 2.55086e-06
0.075 0.00453094 2000 -1.95737 -0.00453094 -2000 2.16339e-06
0.08 0.00517895 2000 -2.23731 -0.00517895 -2000 1.8641e-06
0.085 0.00587238 2000 -2.53687 -0.00587238 -2000 1.6377e-06
0.09 0.00661195 2000 -2.85636 -0.00661195 -2000 1.47183e-06
0.095 0.00739798 2000 -3.19593 -0.00739798 -2000 1.3564e-06
0.1 0.0082303 2000 -3.55549 -0.0082303 -2000 1.28306e-06
0.105 0.00910849 2000 -3.93487 -0.00910849 -2000 1.24488e-06
0.11 0.0100324 2000 -4.33401 -0.0100324 -2000 1.23624e-06
0.115 0.0110028 2000 -4.75321 -0.0110028 -2000 1.25288e-06
0.12 0.0120217 2000 -5.19339 -0.0120217 -2000 1.29206e-06
0.125 0.0130927 2000 -5.65606 -0.0130927 -2000 1.35251e-06
0.13 0.0142198 2000 -6.14298 -0.0142198 -2000 1.43398e-06
0.135 0.0154065 2000 -6.65563 -0.0154065 -2000 1.53657e-06
0.14 0.0166549 2000 -7.1949 -0.0166549 -2000 1.65991e-06
0.145 0.0179654 2000 -7.76104 -0.0179654 -2000 1.80285e-06
0.15 0.0193379 2000 -8.35396 -0.0193379 -2000 1.96394e-06
0.155 0.0207725 2000 -8.97371 -0.0207725 -2000 2.14132e-06
0.16 0.0222703 2000 -9.62076 -0.0222703 -2000 2.33471e-06
0.165 0.023834 2000 -10.2963 -0.023834 -2000 2.54531e-06
0.17 0.0254679 2000 -11.0021 -0.0254679 -2000 2.7749e-06
0.175 0.0271774 2000 -11.7406 -0.0271774 -2000 3.02766e-06
0.18 0.0289679 2000 -12.5141 -0.0289679 -2000 3.30743e-06
0.185 0.0308445 2000 -13.3248 -0.0308445 -2000 3.61774e-06
0.19 0.0328119 2000 -14.1747 -0.0328119 -2000 3.96181e-06
0.195 0.0348752 2000 -15.0661 -0.0348752 -2000 4.34303e-06
0.2 0.0370413 2000 -16.0019 -0.0370413 -2000 4.76647e-06
0.205 0.0393199 2000 -16.9862 -0.0393199 -2000 5.24007e-06
0.21 0.0417269 2000 -18.026 -0.0417269 -2000 5.77805e-06
0.215 0.0442857 2000 -19.1314 -0.0442857 -2000 6.40469e-06
0.22 0.047023 2000 -20.3139 -0.047023 -2000 7.15213e-06
0.225 0.049962 2000 -21.5836 -0.049962 -2000 8.05211e-06
0.23 0.053116 2000 -22.9461 -0.053116 -2000 9.12555e-06
0.235 0.0564841 2000 -24.4011 -0.0564841 -2000 1.03722e-05
0.24 0.0600507 2000 -25.9419 -0.0600507 -2000 1.17653e-05
0.245 0.0637905 2000 -27.5575 -0.0637905 -2000 1.32557e-05
0.25 0.0676762 2000 -29.2361 -0.0676762 -2000 1.47862e-05
0.255 0.0716874 2000 -30.969 -0.0716874 -2000 1.63112e-05
0.26 0.0758163 2000 -32.7526 -0.0758163 -2000 1.78124e-05
0.265 0.0800693 2000 -34.59 -0.0800693 -2000 1.93048e-05
0.27 0.0844634 2000 -36.4882 -0.0844634 -2000 2.08293e-05
0.275 0.0890201 2000 -38.4567 -0.0890201 -2000 2.24393e-05
0.28 0.093761 2000 -40.5048 -0.093761 -2000 2.41875e-05
0.285 0.098704 2000 -42.6401 -0.098704 -2000 2.61163e-05
0.29 0.103863 2000 -44.8689 -0.103863 -2000 2.82554e-05
0.295 0.109251 2000 -47.1963 -0.109251 -2000 3.06265e-05
0.3 0.114879 2000 -49.628 -0.114879 -2000 3.32511e-05
0.305 0.120765 2000 -52.1705 -0.120765 -2000 3.61569e-05
0.31 0.126926 2000 -54.8322 -0.126926 -2000 3.93838e-05
0.315 0.133388 2000 -57.6236 -0.133388 -2000 4.29881e-05
0.32 0.140177 2000 -60.5565 -0.140177 -2000 4.70404e-05
0.325 0.147319 2000 -63.642 -0.147319 -2000 5.16125e-05
0.33 0.154836 2000 -66.8891 -0.154836 -2000 5.67624e-05
0.335 0.16274 2000 -70.3037 -0.16274 -2000 6.25245e-05
0.34 0.17104 2000 -73.8896 -0.17104 -2000 6.89082e-05
0.345 0.179742 2000 -77.6486 -0.179742 -2000 7.59073e-05
0.35 0.188848 2000 -81.5824 -0.188848 -2000 8.35116e-05
0.355 0.19836 2000 -85.6917 -0.19836 -2000 9.17082e-05
0.36 0.208276 2000 -89.9755 -0.208276 -2000 0.00010047
0.365 0.218588 2000 -94.4301 -0.218588 -2000 0.000109743
0.37 0.229284 2000 -99.051 -0.229284 -2000 0.000119461
0.375 0.240358 2000 -103.835 -0.240358 -2000 0.000129562
0.38 0.251803 2000 -108.779 -0.251803 -2000 0.000140017
0.385 0.263615 2000 -113.882 -0.263615 -2000 0.000150805
0.39 0.275779 2000 -119.137 -0.275779 -2000 0.000161863
0.395 0.288251 2000 -124.525 -0.288251 -2000 0.000172996
0.4 0.300952 2000 -130.011 -0.300952 -2000 0.000183799
0.405 0.313759 2000 -135.544 -0.313759 -2000 0.000193627
0.41 0.326509 2000 -141.052 -0.326509 -2000 0.000201639
0.415 0.339009 2000 -146.452 -0.339009 -2000 0.000206914
0.42 0.351052 2000 -151.655 -0.351052 -2000 0.000208631
0.425 0.362445 2000 -156.577 -0.362445 -2000 0.000206289
0.43 0.373038 2000 -161.153 -0.373038 -2000 0.000199792
0.435 0.382761 2000 -165.353 -0.382761 -2000 0.000189688
0.44 0.391639 2000 -169.188 -0.391639 -2000 0.000176959
0.445 0.399795 2000 -172.712 -0.399795 -2000 0.000162894
0.45 0.407437 2000 -176.013 -0.407437 -2000 0.000148819
0.455 0.414831 2000 -179.207 -0.414831 -2000 0.000135921
0.46 0.42227 2000 -182.421 -0.42227 -2000 0.000125182
0.465 0.43003 2000 -185.773 -0.43003 -2000 0.000117364
0.47 0.438318 2000 -189.353 -0.438318 -2000 0.000112969
0.475 0.447233 2000 -193.205 -0.447233 -2000 0.000112129
0.48 0.456761 2000 -197.321 -0.456761 -2000 0.000114502
0.485 0.466783 2000 -201.65 -0.466783 -2000 0.00011926
0.49 0.477111 2000 -206.112 -0.477111 -2000 0.000125197
0.495 0.487521 2000 -210.609 -0.487521 -2000 0.000130959
0.5 0.497775 2000 -215.039 -0.497775 -2000 0.000135265
0.505 0.507626 2000 -219.295 -0.507626 -2000 0.000137056
0.51 0.516814 2000 -223.264 -0.516814 -2000 0.000135537
0.515 0.525051 2000 -226.822 -0.525051 -2000 0.000130188
0.52 0.532012 2000 -229.829 -0.532012 -2000 0.000120841
0.525 0.537358 2000 -232.139 -0.537358 -2000 0.000107856
0.53 0.54078 2000 -233.617 -0.54078 -2000 9.23527e-05
0.535 0.542066 2000 -234.173 -0.542066 -2000 7.6269e-05
0.54 0.541036 2000 -233.728 -0.541036 -2000 0.00019925
0.545 0.537631 2000 -232.257 -0.537631 -2000 0.000311165
0.55 0.532096 2000 -229.866 -0.532096 -2000 0.000252845
0.555 0.524774 2000 -226.703 -0.524774 -2000 0.000205396
0.56 0.516053 2000 -222.935 -0.516053 -2000 0.000166545
0.565 0.506309 2000 -218.726 -0.506309 -2000 0.000135044
0.57 0.495848 2000 -214.206 -0.495848 -2000 0.0001095
0.575 0.484853 2000 -209.457 -0.484853 -2000 8.87885e-05
0.58 0.473391 2000 -204.505 -0.473391 -2000 7.19943e-05
0.585 0.461453 2000 -199.348 -0.461453 -2000 5.83767e-05
0.59 0.449044 2000 -193.987 -0.449044 -2000 4.73348e-05
0.595 0.436248 2000 -188.459 -0.436248 -2000 3.83815e-05
0.6 0.423265 2000 -182.85 -0.423265 -2000 3.11217e-05
0.605 0.410403 2000 -177.294 -0.410403 -2000 2.52351e-05
0.61 0.398009 2000 -171.94 -0.398009 -2000 2.04619e-05
0.615 0.38638 2000 -166.916 -0.38638 -2000 1.65915e-05
0.62 0.375711 2000 -162.307 -0.375711 -2000 1.34533e-05
0.625 0.366089 2000 -158.151 -0.366089 -2000 1.09086e-05
0.63 0.357491 2000 -154.436 -0.357491 -2000 1.09291e-06
0.635 0.34978 2000 -151.105 -0.34978 -2000 1.39865e-07
0.64 0.342702 2000 -148.047 -0.342702 -2000 -2.55402e-06
0.645 0.335891 2000 -145.105 -0.335891 -2000 -2.3295e-06
0.65 0.328874 2000 -142.074 -0.328874 -2000 -1.88926e-06
0.655 0.321083 2000 -138.708 -0.321083 -2000 -1.5324e-06
0.66 0.311877 2000 -134.731 -0.311877 -2000 -1.24332e-06
0.665 0.300617 2000 -129.867 -0.300617 -2000 -1.00965e-06
0.67 0.286787 2000 -123.892 -0.286787 -2000 -8.22369e-07
0.675 0.270116 2000 -116.69 -0.270116 -2000 -6.78244e-07
0.68 0.250633 2000 -108.274 -0.250633 -2000 -5.92165e-07
0.685 0.228668 2000 -98.7847 -0.228668 -2000 -6.49944e-07
0.69 0.204796 2000 -88.4721 -0.204796 -2000 -1.21129e-06
0.695 0.17977 2000 -77.6605 -0.17977 -2000 -2.38811e-05
0.7 0.154433 2000 -66.715 -0.154433 -2000 -3.1139e-05
0.705 0.129645 2000 -56.0065 -0.129645 -2000 -5.18438e-05
0.71 0.106212 2000 -45.8835 -0.106212 -2000 -0.000170784
0.715 0.0847935 2000 -36.6305 -0.0847935 -2000 -0.000294239
0.72 0.0658599 2000 -28.4509 -0.0658599 -2000 -0.000577782
0.725 0.0496697 2000 -21.4563 -0.0496697 -2000 -0.000985386
0.73 0.0363748 2000 -15.7124 -0.0363748 -2000 -0.00154242
0.735 0.0260646 2000 -11.258 -0.0260646 -2000 -0.00191925
0.74 0.0187853 2000 -8.11388 -0.0187853 -2000 -0.00137187
0.745 0.0144668 2000 -6.24874 -0.0144668 -2000 -0.000931501
0.75 0.0128699 2000 -5.55894 -0.0128699 -2000 -0.000850363
0.755 0.0135514 2000 -5.85327 -0.0135514 -2000 -0.000921271
0.76 0.0158595 2000 -6.85035 -0.0158595 -2000 -0.000967864
0.765 0.0189542 2000 -8.18742 -0.0189542 -2000 -0.000784794
0.77 0.0219102 2000 -9.46455 -0.0219102 -2000 -0.000636352
0.775 0.0237898 2000 -10.2767 -0.0237898 -2000 -0.000515987
0.78 0.0237204 2000 -10.2468 -0.0237204 -2000 -0.000418389
0.785 0.0209777 2000 -9.06203 -0.0209777 -2000 -0.000339252
0.79 0.0150644 2000 -6.50753 -0.0150644 -2000 -0.000274881
0.795 0.00586155 2000 -2.53154 -0.00586155 -2000 -0.000646238
0.8 -0.00657931 1999.99 2.84372 0.00657931 -1999.99 -0.00145383
0.805 -0.0219159 1999.99 9.47064 0.0219159 -1999.99 -0.0029833
0.81 -0.0391292 1999.98 16.9145 0.0391292 -1999.98 -0.0106422
0.815 -0.0581439 1999.98 25.1536 0.0581439 -1999.98 -0.0354567
0.82 -0.078875 1999.98 34.1137 0.078875 -1999.98 -0.0396326
0.825 -0.101208 1999.98 43.7423 0.101208 -1999.98 -0.0206835
0.83 -0.124782 1999.99 53.9187 0.124782 -1999.99 -0.012881
0.835 -0.149373 1999.99 64.5271 0.149373 -1999.99 0.00189359
0.84 -0.174655 1999.99 75.4381 0.174655 -1999.99 0.0130829
0.845 -0.200334 1999.99 86.5301 0.200334 -1999.99 0.0142098
0.85 -0.226195 1999.99 97.7036 0.226195 -1999.99 0.0126753
0.855 -0.25207 1999.99 108.883 0.25207 -1999.99 0.0113473
0.86 -0.277866 2000 120.029 0.277866 -2000 0.0095768
0.865 -0.303607 2000 131.15 0.303607 -2000 0.00770185
0.87 -0.329425 2000 142.305 0.329425 -2000 0.00608138
0.875 -0.355515 2000 153.578 0.355515 -2000 0.00473969
0.88 -0.38204 2000 165.038 0.38204 -2000 0.00363658
0.885 -0.409041 2000 176.703 0.409041 -2000 0.00272493
0.89 -0.436365 2000 188.508 0.436365 -2000 0.00197777
0.895 -0.463624 2000 200.284 0.463624 -2000 0.0013841
0.9 -0.490232 2000 211.779 0.490232 -2000 0.000922568
0.905 -0.515567 2000 222.724 0.515567 -2000 0.000569185
0.91 -0.539203 2000 232.936 0.539203 -2000 0.000305286
0.915 -0.561107 2000 242.398 0.561107 -2000 0.000113531
0.92 -0.581735 2000 251.31 0.581735 -2000 -2.46226e-05
0.925 -0.602011 2000 260.069 0.602011 -2000 -0.00012842
0.93 -0.62315 2000 269.201 0.62315 -2000 -0.000216521
0.935 -0.646338 2000 279.218 0.646338 -2000 -0.000305801
0.94 -0.672395 2000 290.475 0.672395 -2000 -0.000409775
0.945 -0.701574 2000 303.08 0.701574 -2000 -0.000536205
0.95 -0.733514 2000 316.879 0.733514 -2000 -0.000684235
0.955 -0.767322 2000 331.484 0.767322 -2000 -0.000842909
0.96 -0.801734 2000 346.35 0.801734 -2000 -0.00100129
0.965 -0.835285 2000 360.844 0.835285 -2000 -0.00112092
0.97 -0.866486 2000 374.323 0.866486 -2000 -0.00118203
0.975 -0.893986 2000 386.203 0.893986 -2000 -0.00118079
0.98 -0.916676 2000 396.005 0.916676 -2000 -0.00111801
0.985 -0.933716 2000 403.366 0.933716 -2000 -0.00100558
0.99 -0.944473 2000 408.013 0.944473 -2000 -0.000862824
0.995 -0.948436 2000 409.725 0.948436 -2000 -0.000712747
1 -0.944748 1999.99 408.133 0.944748 -1999.99 -0.0018715
1.005 -0.932481 1999.99 402.835 0.932481 -1999.99 -0.00285754
1.01 -0.911294 1999.99 393.681 0.911294 -1999.99 -0.00231942
1.015 -0.881031 1999.99 380.607 0.881031 -1999.99 -0.00188217
1.02 -0.841709 1999.99 363.62 0.841709 -1999.99 -0.00152616
1.025 -0.793402 1999.99 342.751 0.793402 -1999.99 -0.00123749
1.03 -0.736192 2000 318.036 0.736192 -2000 -0.00100342
1.035 -0.670239 2000 289.544 0.670239 -2000 -0.000813624
1.04 -0.595864 2000 257.414 0.595864 -2000 -0.000659728
1.045 -0.513596 2000 221.874 0.513596 -2000 -0.000534941
1.05 -0.424174 2000 183.243 0.424174 -2000 -0.000433757
1.055 -0.328496 2000 141.91 0.328496 -2000 -0.000351709
1.06 -0.227516 2000 98.2872 0.227516 -2000 -0.000285143
1.065 -0.122129 2000 52.7598 0.122129 -2000 -0.000230709
1.07 -0.013112 2000 5.6645 0.013112 -2000 -0.000119412
1.075 0.0988469 2000 -42.7018 -0.0988469 -2000 -4.97334e-05
1.08 0.213053 2000 -92.0393 -0.213053 -2000 0.000311409
1.085 0.328693 2000 -141.997 -0.328693 -2000 0.00179372
1.09 0.444635 1999.99 -192.09 -0.444635 -1999.99 0.00739529
1.095 0.558515 1999.96 -241.312 -0.558515 -1999.96 0.0333346
1.1 0.662765 1999.85 -286.449 -0.662765 -1999.85 0.134027
1.105 0.761946 1999.82 -329.308 -0.761946 -1999.82 0.147177
1.11 0.856671 1999.85 -370.187 -0.856671 -1999.85 0.105085
1.115 0.946181 1999.88 -408.825 -0.946181 -1999.88 0.0751862
1.12 1.03001 1999.9 -445.021 -1.03001 -1999.9 0.057948
1.125 1.10806 1999.92 -478.727 -1.10806 -1999.92 0.0468791
1.13 1.18057 1999.93 -510.046 -1.18057 -1999.93 0.0387231
1.135 1.24807 1999.95 -539.2 -1.24807 -1999.95 0.0322978
1.14 1.31125 1999.96 -566.485 -1.31125 -1999.96 0.0271004
1.145 1.37074 1999.96 -592.182 -1.37074 -1999.96 0.0228664
1.15 1.42692 1999.97 -616.45 -1.42692 -1999.97 0.0193969
1.155 1.47968 1999.98 -639.237 -1.47968 -1999.98 0.0164959
1.16 1.5283 1999.98 -660.239 -1.5283 -1999.98 0.0140433
1.165 1.57156 1999.98 -678.926 -1.57156 -1999.98 0.0119344
1.17 1.60791 1999.99 -694.629 -1.60791 -1999.99 0.0100851
1.175 1.63572 1999.99 -706.641 -1.63572 -1999.99 0.00843913
1.18 1.65353 1999.99 -714.334 -1.65353 -1999.99 0.00697236
1.185 1.66031 1999.99 -717.261 -1.66031 -1999.99 0.00569049
1.19 1.65504 1999.98 -714.984 -1.65504 -1999.98 0.00802883
1.195 1.63705 1999.98 -707.214 -1.63705 -1999.98 0.00967692
1.2 1.607 1999.98 -694.232 -1.607 -1999.98 0.00784655
1.205 1.5658 1999.98 -676.432 -1.5658 -1999.98 0.00636239
1.21 1.51431 1999.99 -654.188 -1.51431 -1999.99 0.00515895
1.215 1.45308 1999.99 -627.734 -1.45308 -1999.99 0.00418315
1.22 1.38224 1999.99 -597.133 -1.38224 -1999.99 0.00339191
1.225 1.30178 1999.99 -562.37 -1.30178 -1999.99 0.00275034
1.23 1.21189 1999.99 -523.54 -1.21189 -1999.99 0.00223012
1.235 1.11348 2000 -481.027 -1.11348 -2000 0.00180829
1.24 1.00826 2000 -435.568 -1.00826 -2000 0.00146612
1.245 0.898506 2000 -388.156 -0.898506 -2000 0.00118142
1.25 0.786724 2000 -339.866 -0.786724 -2000 0.000961117
1.255 0.675211 2000 -291.692 -0.675211 -2000 0.000779322
1.26 0.565848 2000 -244.447 -0.565848 -2000 0.000631913
1.265 0.46 2000 -198.72 -0.46 -2000 0.000512387
1.27 0.358548 2000 -154.893 -0.358548 -2000 0.000415471
1.275 0.262019 2000 -113.193 -0.262019 -2000 0.000336895
1.28 0.170739 2000 -73.7597 -0.170739 -2000 0.0002732
1.285 0.0849443 2000 -36.6962 -0.0849443 -2000 0.000221597
1.29 0.00481988 2000 -2.08237 -0.00481988 -2000 0.000179845
1.295 -0.0695451 2000 30.0434 0.0695451 -2000 0.000146148
1.3 -0.138333 2000 59.7597 0.138333 -2000 0.000119075
1.305 -0.20227 2000 87.3805 0.20227 -2000 4.80823e-05
1.31 -0.262814 2000 113.535 0.262814 -2000 4.03916e-05
1.315 -0.322091 2000 139.143 0.322091 -2000 8.17963e-05
1.32 -0.382567 2000 165.269 0.382567 -2000 7.00863e-05
1.325 -0.446543 2000 192.906 0.446543 -2000 6.35241e-05
1.33 -0.515614 2000 222.745 0.515614 -2000 6.31807e-05
1.335 -0.590245 2000 254.986 0.590245 -2000 -9.64746e-05
1.34 -0.669572 2000 289.255 0.669572 -2000 -5.6096e-05
1.345 -0.751394 2000 324.603 0.751394 -2000 -0.000502658
1.35 -0.832579 1999.99 359.676 0.832579 -1999.99 -0.0017981
1.355 -0.90948 1999.98 392.902 0.90948 -1999.98 -0.00617214
1.36 -0.978539 1999.96 422.742 0.978539 -1999.96 -0.0126478
1.365 -1.03547 1999.92 447.366 1.03547 -1999.92 -0.0421616
1.37 -1.08189 1999.91 467.426 1.08189 -1999.91 -0.0514114
1.375 -1.11849 1999.93 483.232 1.11849 -1999.93 -0.0424487
1.38 -1.14548 1999.94 494.882 1.14548 -1999.94 -0.0347869
1.385 -1.16341 1999.95 502.623 1.16341 -1999.95 -0.028376
1.39 -1.17312 1999.96 506.811 1.17312 -1999.96 -0.0230662
1.395 -1.17548 1999.97 507.825 1.17548 -1999.97 -0.0187088
1.4 -1.17078 1999.97 505.798 1.17078 -1999.97 -0.0206571
1.405 -1.15953 1999.97 500.936 1.15953 -1999.97 -0.0199964
1.41 -1.14258 1999.97 493.61 1.14258 -1999.97 -0.0162141
1.415 -1.12111 1999.98 484.334 1.12111 -1999.98 -0.0131473
1.42 -1.09688 1999.98 473.865 1.09688 -1999.98 -0.0106605
1.425 -1.07222 1999.99 463.206 1.07222 -1999.99 -0.00864407
1.43 -1.04982 1999.99 453.529 1.04982 -1999.99 -0.00700906
1.435 -1.03245 1999.99 446.024 1.03245 -1999.99 -0.00568331
1.44 -1.02254 1999.99 441.741 1.02254 -1999.99 -0.00460832
1.445 -1.02193 1999.99 441.479 1.02193 -1999.99 -0.00373667
1.45 -1.0318 1999.99 445.739 1.0318 -1999.99 -0.00302988
1.455 -1.05259 2000 454.722 1.05259 -2000 -0.00245679
1.46 -1.0842 2000 468.376 1.0842 -2000 -0.00199209
1.465 -1.12597 2000 486.422 1.12597 -2000 -0.00161351
1.47 -1.17666 1999.99 508.305 1.17666 -1999.99 0.0111319
1.475 -1.2293 1999.95 531.085 1.2293 -1999.95 -0.0282339
1.48 -1.28588 1999.95 555.529 1.28588 -1999.95 -0.0294413
1.485 -1.34435 1999.96 580.786 1.34435 -1999.96 -0.0246765
1.49 -1.40182 1999.97 605.609 1.40182 -1999.97 -0.0209055
1.495 -1.45555 1999.97 628.815 1.45555 -1999.97 -0.0177654
1.5 -1.50352 1999.98 649.537 1.50352 -1999.98 -0.0150789
1.505 -1.545 1999.98 667.451 1.545 -1999.98 -0.0127432
1.51 -1.58072 1999.98 682.882 1.58072 -1999.98 -0.0107156
1.515 -1.61282 1999.99 696.748 1.61282 -1999.99 -0.00898531
1.52 -1.64437 1999.99 710.377 1.64437 -1999.99 -0.00755142
1.525 -1.67882 1999.99 725.258 1.67882 -1999.99 -0.00641624
1.53 -1.71949 1999.99 742.827 1.71949 -1999.99 -0.0055912
1.535 -1.76922 1999.99 764.31 1.76922 -1999.99 -0.00510355
1.54 -1.83013 2000 790.621 1.83013 -2000 -0.00499487
1.545 -1.90344 2000 822.292 1.90344 -2000 -0.0052405
1.55 -1.98947 2000 859.456 1.98947 -2000 -0.00585336
1.555 -2.08774 2000 901.91 2.08774 -2000 -0.00688067
1.56 -2.19727 2000 949.228 2.19727 -2000 -0.00827933
1.565 -2.31682 2000 1000.87 2.31682 -2000 -0.00998147
1.57 -2.44505 2000 1056.28 2.44505 -2000 -0.011906
1.575 -2.58051 2000 1114.79 2.58051 -2000 -0.0139627
1.58 -2.72135 2000 1175.64 2.72135 -2000 -0.0160413
1.585 -2.86518 2000 1237.77 2.86518 -2000 -0.0180037
1.59 -3.009 2000 1299.91 3.009 -2000 -0.0196849
1.595 -3.14929 2000 1360.52 3.14929 -2000 -0.0209032
1.6 -3.28235 2000 1417.99 3.28235 -2000 -0.0215021
1.605 -3.40459 2000 1470.81 3.40459 -2000 -0.0213841
1.61 -3.51292 2000 1517.6 3.51292 -2000 -0.0205387
1.615 -3.60473 2000 1557.26 3.60473 -2000 -0.0190433
1.62 -3.67793 2000 1588.88 3.67793 -2000 -0.0170475
1.625 -3.73084 2000 1611.74 3.73084 -2000 -0.0147828
1.63 -3.76207 2000 1625.23 3.76207 -2000 -0.0124355
1.635 -3.77049 2000 1628.86 3.77049 -2000 -0.0101837
1.64 -3.75339 1999.97 1621.49 3.75339 -1999.97 -0.0244993
1.645 -3.70962 1999.94 1602.59 3.70962 -1999.94 -0.0346469
1.65 -3.64003 1999.95 1572.52 3.64003 -1999.95 -0.0280935
1.655 -3.54645 1999.96 1532.09 3.54645 -1999.96 -0.0227796
1.66 -3.43171 1999.97 1482.52 3.43171 -1999.97 -0.0184681
1.665 -3.29925 1999.98 1425.29 3.29925 -1999.98 -0.0149536
1.67 -3.15284 1999.98 1362.04 3.15284 -1999.98 -0.0121246
1.675 -2.99628 1999.98 1294.4 2.99628 -1999.98 -0.00983859
1.68 -2.83333 1999.99 1224.01 2.83333 -1999.99 -0.00797763
1.685 -2.66758 1999.99 1152.4 2.66758 -1999.99 -0.00646868
1.69 -2.50238 1999.99 1081.03 2.50238 -1999.99 -0.00524513
1.695 -2.34067 1999.99 1011.17 2.34067 -1999.99 -0.00425302
1.7 -2.18468 1999.99 943.784 2.18468 -1999.99 -0.00344857
1.705 -2.03557 2000 879.37 2.03557 -2000 -0.00279627
1.71 -1.8934 2000 817.95 1.8934 -2000 -0.00226736
1.715 -1.75731 2000 759.161 1.75731 -2000 -0.00183849
1.72 -1.62615 2000 702.496 1.62615 -2000 -0.00149074
1.725 -1.49889 2000 647.521 1.49889 -2000 -0.00120876
1.73 -1.37484 2000 593.931 1.37484 -2000 -0.000980124
1.735 -1.25346 2000 541.494 1.25346 -2000 -0.000794732
1.74 -1.13425 2000 489.997 1.13425 -2000 -0.000644407
1.745 -1.01679 2000 439.256 1.01679 -2000 -0.000522518
1.75 -0.900853 2000 389.169 0.900853 -2000 -0.00042369
1.755 -0.786352 2000 339.704 0.786352 -2000 -0.000343566
1.76 -0.673187 2000 290.817 0.673187 -2000 -0.000278617
1.765 -0.560971 2000 242.34 0.560971 -2000 -0.00022599
1.77 -0.448858 2000 193.907 0.448858 -2000 -0.000183385
1.775 -0.335559 2000 144.962 0.335559 -2000 -0.000134804
1.78 -0.219669 2000 94.8967 0.219669 -2000 8.02052e-05
1.785 -0.100228 2000 43.2985 0.100228 -2000 -3.44084e-05
1.79 0.0227002 2000 -9.80637 -0.0227002 -2000 -0.000111517
1.795 0.147732 2000 -63.8203 -0.147732 -2000 -9.33754e-05
1.8 0.272294 2000 -117.631 -0.272294 -2000 -8.092e-05
1.805 0.39314 2000 -169.837 -0.39314 -2000 -7.40884e-05
1.81 0.507058 2000 -219.049 -0.507058 -2000 -7.19358e-05
1.815 0.611348 2000 -264.103 -0.611348 -2000 0.000423629
1.82 0.703943 2000 -304.103 -0.703943 -2000 6.73846e-05
1.825 0.783349 2000 -338.407 -0.783349 -2000 -0.000237538
1.83 0.848662 2000 -366.622 -0.848662 -2000 -0.000209879
1.835 0.899735 2000 -388.685 -0.899735 -2000 -0.000184663
1.84 0.937421 2000 -404.966 -0.937421 -2000 -0.00015956
1.845 0.963729 2000 -416.331 -0.963729 -2000 -0.000128841
1.85 0.981686 2000 -424.089 -0.981686 -2000 0.000364935
1.855 0.994879 2000 -429.788 -0.994879 -2000 0.000264394
1.86 1.00679 2000 -434.933 -1.00679 -2000 -0.00014497
1.865 1.02022 2000 -440.737 -1.02022 -2000 -0.000243331
1.87 1.0371 2000 -448.027 -1.0371 -2000 -7.33763e-05
1.875 1.05859 2000 -457.31 -1.05859 -2000 -3.79643e-05
1.88 1.08528 2000 -468.842 -1.08528 -2000 -0.000283559
1.885 1.11728 2000 -482.664 -1.11728 -2000 -0.000236391
1.89 1.15422 2000 -498.621 -1.15422 -2000 -0.000200951
1.895 1.19539 2000 -516.407 -1.19539 -2000 3.42186e-05
1.9 1.23988 2000 -535.626 -1.23988 -2000 -0.000869557
1.905 1.28696 2000 -555.962 -1.28696 -2000 -0.0026556
1.91 1.33628 2000 -577.27 -1.33628 -2000 -0.00207486
1.915 1.38792 2000 -599.582 -1.38792 -2000 -0.0013756
1.92 1.44225 1999.99 -623.053 -1.44225 -1999.99 5.97878e-06
1.925 1.4994 1999.99 -647.737 -1.4994 -1999.99 -0.00256535
1.93 1.55924 1999.99 -673.589 -1.55924 -1999.99 -0.0017607
1.935 1.62156 1999.98 -700.513 -1.62156 -1999.98 -9.40621e-05
1.94 1.68693 1999.97 -728.753 -1.68693 -1999.97 -0.000508906
1.945 1.75651 1999.97 -758.811 -1.75651 -1999.97 -0.00113989
1.95 1.83062 1999.94 -790.831 -1.83062 -1999.94 0.00390571
1.955 1.91294 1999.92 -826.417 -1.91294 -1999.92 0.0285422
1.96 2.00895 1999.94 -867.893 -2.00895 -1999.94 0.0266072
1.965 2.12149 1999.94 -916.508 -2.12149 -1999.94 0.0260741
1.97 2.2525 1999.95 -973.108 -2.2525 -1999.95 0.0269234
1.975 2.40316 1999.96 -1038.19 -2.40316 -1999.96 0.0288874
1.98 2.57391 1999.96 -1111.96 -2.57391 -1999.96 0.0317121
1.985 2.76459 1999.97 -1194.34 -2.76459 -1999.97 0.0352702
1.99 2.97443 1999.97 -1284.99 -2.97443 -1999.97 0.0395636
1.995 3.20232 1999.97 -1383.45 -3.20232 -1999.97 0.0446383
2 3.44714 1999.98 -1489.22 -3.44714 -1999.98 0.0505161
2.005 3.70805 1999.98 -1601.93 -3.70805 -1999.98 0.0571889
2.01 3.98456 1999.98 -1721.39 -3.98456 -1999.98 0.0646415
2.015 4.27632 1999.98 -1847.44 -4.27632 -1999.98 0.0728538
2.02 4.5827 1999.98 -1979.81 -4.5827 -1999.98 0.081767
2.025 4.90243 1999.98 -2117.94 -4.90243 -1999.98 0.091233
2.03 5.23331 1999.98 -2260.89 -5.23331 -1999.98 0.100958
2.035 5.57225 1999.98 -2407.32 -5.57225 -1999.98 0.110512
2.04 5.91534 1999.98 -2555.54 -5.91534 -1999.98 0.119368
2.045 6.25816 1999.98 -2703.65 -6.25816 -1999.98 0.126928
2.05 6.59604 1999.98 -2849.62 -6.59604 -1999.98 0.13265
2.055 6.92434 1999.98 -2991.45 -6.92434 -1999.98 0.136075
2.06 7.23895 1999.98 -3127.37 -7.23895 -1999.98 0.136928
2.065 7.53702 1999.98 -3256.13 -7.53702 -1999.98 0.135214
2.07 7.81746 1999.98 -3377.28 -7.81746 -1999.98 0.131286
2.075 8.0809 1999.98 -3491.07 -8.0809 -1999.98 0.125657
2.08 8.3289 1999.98 -3598.2 -8.3289 -1999.98 0.118918
2.085 8.56295 1999.98 -3699.31 -8.56295 -1999.98 0.111636
2.09 8.78373 1999.99 -3794.67 -8.78373 -1999.99 0.104115
2.095 8.99089 1999.99 -3884.16 -8.99089 -1999.99 0.0964876
2.1 9.18354 1999.99 -3967.38 -9.18354 -1999.99 0.0887815
2.105 9.36096 1999.99 -4044.02 -9.36096 -1999.99 0.0810273
2.11 9.52315 1999.99 -4114.07 -9.52315 -1999.99 0.0733154
2.115 9.67103 1999.99 -4177.95 -9.67103 -1999.99 0.0658027
2.12 9.80631 1999.99 -4236.38 -9.80631 -1999.99 0.058669
2.125 9.93112 1999.99 -4290.3 -9.93112 -1999.99 0.0520712
2.13 10.0477 1999.99 -4340.66 -10.0477 -1999.99 0.0461166
2.135 10.1581 1999.99 -4388.36 -10.1581 -1999.99 0.0408564
2.14 10.2642 2000 -4434.19 -10.2642 -2000 0.0362959
2.145 10.3676 2000 -4478.83 -10.3676 -2000 0.0324096
2.15 10.4695 2000 -4522.84 -10.4695 -2000 0.0291537
2.155 10.5706 2000 -4566.54 -10.5706 -2000 0.0264649
2.16 10.671 2000 -4609.89 -10.671 -2000 0.0242502
2.165 10.7693 2000 -4652.35 -10.7693 -2000 0.0223752
2.17 10.8632 2000 -4692.9 -10.8632 -2000 0.0206728
2.175 10.9499 2000 -4730.36 -10.9499 -2000 0.018983
2.18 11.027 2000 -4763.67 -11.027 -2000 0.0172049
2.185 11.0931 2000 -4792.23 -11.0931 -2000 0.0153245
2.19 11.1478 2000 -4815.87 -11.1478 -2000 0.0134392
2.195 11.1913 2000 -4834.65 -11.1913 -2000 0.0116034
2.2 11.2238 2000 -4848.7 -11.2238 -2000 0.00982795
2.205 11.2454 2000 -4858.01 -11.2454 -2000 0.00817833
2.21 11.2556 2000 -4862.42 -11.2556 -2000 0.00670222
2.215 11.2535 1999.99 -4861.51 -11.2535 -1999.99 0.0110099
2.22 11.2369 1999.99 -4854.36 -11.2369 -1999.99 0.0207735
2.225 11.2057 1999.99 -4840.86 -11.2057 -1999.99 0.0168463
2.23 11.1597 1999.99 -4820.99 -11.1597 -1999.99 0.013662
2.235 11.099 1999.99 -4794.79 -11.099 -1999.99 0.0110778
2.24 11.0239 1999.99 -4762.34 -11.0239 -1999.99 0.00898249
2.245 10.9348 1999.99 -4723.82 -10.9348 -1999.99 0.00728347
2.25 10.8327 2000 -4679.72 -10.8327 -2000 0.00590581
2.255 10.7198 2000 -4630.94 -10.7198 -2000 0.00478873
2.26 10.5991 2000 -4578.83 -10.5991 -2000 0.00388295
2.265 10.4743 2000 -4524.91 -10.4743 -2000 0.00314849
2.27 10.3485 2000 -4470.55 -10.3485 -2000 0.00255294
2.275 10.2237 2000 -4416.66 -10.2237 -2000 0.00207004
2.28 10.1008 2000 -4363.54 -10.1008 -2000 0.00167847
2.285 9.97933 2000 -4311.07 -9.97933 -2000 0.00136095
2.29 9.85877 2000 -4258.99 -9.85877 -2000 0.00110348
2.295 9.73861 2000 -4207.08 -9.73861 -2000 0.000894698
2.3 9.61858 2000 -4155.23 -9.61858 -2000 0.00072539
2.305 9.49836 2000 -4103.29 -9.49836 -2000 0.000588088
2.31 9.37729 2000 -4050.99 -9.37729 -2000 0.000476732
2.315 9.25419 2000 -3997.81 -9.25419 -2000 0.000386411
2.32 9.12736 2000 -3943.02 -9.12736 -2000 0.000313133
2.325 8.99485 2000 -3885.77 -8.99485 -2000 0.000253291
2.33 8.8546 2000 -3825.19 -8.8546 -2000 0.000204281
2.335 8.70441 2000 -3760.3 -8.70441 -2000 0.000164747
2.34 8.54149 2000 -3689.93 -8.54149 -2000 0.000132857
2.345 8.36222 2000 -3612.48 -8.36222 -2000 0.000106729
2.35 8.16211 2000 -3526.03 -8.16211 -2000 8.52485e-05
2.355 7.93643 2000 -3428.54 -7.93643 -2000 6.71444e-05
2.36 7.68106 2000 -3318.22 -7.68106 -2000 5.13318e-05
2.365 7.39319 2000 -3193.86 -7.39319 -2000 3.66765e-05
2.37 7.07151 2000 -3054.89 -7.07151 -2000 2.19368e-05
2.375 6.71624 2000 -2901.41 -6.71624 -2000 5.60458e-06
2.38 6.32898 2000 -2734.12 -6.32898 -2000 -1.40352e-05
2.385 5.91274 2000 -2554.3 -5.91274 -2000 -3.89248e-05
2.39 5.4717 2000 -2363.77 -5.4717 -2000 -7.11842e-05
2.395 5.01079 2000 -2164.66 -5.01079 -2000 -0.000112958
2.4 4.53513 2000 -1959.17 -4.53513 -2000 -0.000165955
2.405 4.0492 2000 -1749.26 -4.0492 -2000 -0.000231651
2.41 3.55631 2000 -1536.32 -3.55631 -2000 -0.000756502
2.415 3.05833 2000 -1321.2 -3.05833 -2000 -0.00168873
2.42 2.55613 2000 -1104.25 -2.55613 -2000 -0.000734257
2.425 2.04989 2000 -885.554 -2.04989 -2000 -0.000148076
2.43 1.53938 2000 -665.013 -1.53938 -2000 -0.000367868
2.435 1.02393 2000 -442.338 -1.02393 -2000 -0.000588039
2.44 0.502491 2000 -217.075 -0.502491 -2000 -0.000806838
2.445 -0.026285 2000 11.3605 0.026285 -2000 -0.00539611
2.45 -0.564069 1999.99 243.682 0.564069 -1999.99 -0.0039025
2.455 -1.11256 1999.99 480.629 1.11256 -1999.99 -0.00169537
2.46 -1.67297 1999.98 722.737 1.67297 -1999.98 -0.0144155
2.465 -2.24607 1999.96 970.326 2.24607 -1999.96 -0.0226833
2.47 -2.83134 1999.94 1223.17 2.83134 -1999.94 -0.035018
2.475 -3.42563 1999.85 1479.94 3.42563 -1999.85 -0.0720982
2.48 -4.02305 1999.67 1738.03 4.02305 -1999.67 -0.0674534
2.485 -4.59772 1999.28 1986.44 4.59772 -1999.28 -0.221039
2.49 -5.15958 1999.13 2229.54 5.15958 -1999.13 -0.596592
2.495 -5.72433 1999.27 2473.49 5.72433 -1999.27 -0.582452
2.5 -6.28937 1999.38 2717.58 6.28937 -1999.38 -0.566155
2.505 -6.85192 1999.48 2960.58 6.85192 -1999.48 -0.549176
2.51 -7.4087 1999.56 3201.09 7.4087 -1999.56 -0.532026
2.515 -7.95636 1999.63 3437.66 7.95636 -1999.63 -0.514985
2.52 -8.49181 1999.69 3668.96 8.49181 -1999.69 -0.497879
2.525 -9.01244 1999.74 3893.86 9.01244 -1999.74 -0.480338
2.53 -9.51612 1999.78 4111.43 9.51612 -1999.78 -0.462027
2.535 -10.0011 1999.81 4320.91 10.0011 -1999.81 -0.442718
2.54 -10.4657 1999.84 4521.62 10.4657 -1999.84 -0.422286
2.545 -10.9086 1999.86 4712.93 10.9086 -1999.86 -0.400683
2.55 -11.3284 1999.88 4894.27 11.3284 -1999.88 -0.377941
2.555 -11.7241 1999.9 5065.18 11.7241 -1999.9 -0.354187
2.56 -12.0951 1999.91 5225.41 12.0951 -1999.91 -0.329662
2.565 -12.441 1999.93 5374.83 12.441 -1999.93 -0.304679
2.57 -12.7621 1999.94 5513.49 12.7621 -1999.94 -0.279586
2.575 -13.0587 1999.95 5641.63 13.0587 -1999.95 -0.254763
2.58 -13.3323 1999.95 5759.78 13.3323 -1999.95 -0.230616
2.585 -13.5847 1999.96 5868.79 13.5847 -1999.96 -0.207559
2.59 -13.8186 1999.97 5969.82 13.8186 -1999.97 -0.185985
2.595 -14.0372 1999.97 6064.23 14.0372 -1999.97 -0.166215
2.6 -14.2437 1999.97 6153.43 14.2437 -1999.97 -0.148466
2.605 -14.441 1999.98 6238.62 14.441 -1999.98 -0.132824
2.61 -14.6308 1999.98 6320.62 14.6308 -1999.98 -0.119205
2.615 -14.8137 1999.98 6399.64 14.8137 -1999.98 -0.107383
2.62 -14.9892 1999.99 6475.41 14.9892 -1999.99 -0.0970179
2.625 -15.1555 1999.99 6547.27 15.1555 -1999.99 -0.0877199
2.63 -15.3108 1999.99 6614.33 15.3108 -1999.99 -0.0791424
2.635 -15.4527 1999.99 6675.63 15.4527 -1999.99 -0.07101
2.64 -15.579 1999.99 6730.2 15.579 -1999.99 -0.0631389
2.645 -15.6874 1999.99 6777.02 15.6874 -1999.99 -0.0554337
2.65 -15.7754 1999.99 6815.03 15.7754 -1999.99 -0.0478899
2.655 -15.8404 1999.99 6843.11 15.8404 -1999.99 -0.0405921
2.66 -15.8798 2000 6860.12 15.8798 -2000 -0.0337382
2.665 -15.8911 2000 6864.98 15.8911 -2000 -0.0275686
2.67 -15.8687 1999.95 6855.37 15.8687 -1999.95 -0.108881
2.675 -15.8092 1999.91 6829.75 15.8092 -1999.91 -0.167368
2.68 -15.7122 1999.93 6787.81 15.7122 -1999.93 -0.135711
2.685 -15.5781 1999.94 6729.86 15.5781 -1999.94 -0.110041
2.69 -15.4099 1999.95 6657.18 15.4099 -1999.95 -0.0892271
2.695 -15.2131 1999.96 6572.12 15.2131 -1999.96 -0.0723443
2.7 -14.9951 1999.97 6477.95 14.9951 -1999.97 -0.0586529
2.705 -14.765 1999.97 6378.54 14.765 -1999.97 -0.0475584
2.71 -14.532 1999.98 6277.86 14.532 -1999.98 -0.0385622
2.715 -14.3042 1999.98 6179.42 14.3042 -1999.98 -0.0312672
2.72 -14.088 1999.99 6086.03 14.088 -1999.99 -0.0253225
2.725 -13.8879 1999.99 5999.57 13.8879 -1999.99 -0.0205136
2.73 -13.706 1999.99 5921.01 13.706 -1999.99 -0.0166318
2.735 -13.5426 1999.99 5850.43 13.5426 -1999.99 -0.0134842
2.74 -13.3962 1999.99 5787.17 13.3962 -1999.99 -0.010932
2.745 -13.2639 2000 5730 13.2639 -2000 -0.00886262
2.75 -13.142 2000 5677.36 13.142 -2000 -0.00718476
2.755 -13.027 2000 5627.66 13.027 -2000 -0.0058243
2.76 -12.9156 2000 5579.55 12.9156 -2000 -0.00472114
2.765 -12.8057 2000 5532.06 12.8057 -2000 -0.00382655
2.77 -12.696 2000 5484.65 12.696 -2000 -0.00310104
2.775 -12.5859 2000 5437.13 12.5859 -2000 -0.0025126
2.78 -12.4758 2000 5389.56 12.4758 -2000 -0.00203529
2.785 -12.3663 2000 5342.22 12.3663 -2000 -0.0016481
2.79 -12.2581 2000 5295.49 12.2581 -2000 -0.00134007
2.795 -12.1523 2000 5249.81 12.1523 -2000 -0.00109084
2.8 -12.0502 2000 5205.69 12.0502 -2000 -0.00088204
2.805 -11.9529 2000 5163.65 11.9529 -2000 -0.000712778
2.81 -11.8617 2000 5124.26 11.8617 -2000 -0.00057566
2.815 -11.7781 2000 5088.13 11.7781 -2000 -0.000464692
2.82 -11.7037 2000 5056.01 11.7037 -2000 -0.000375016
2.825 -11.6407 2000 5028.8 11.6407 -2000 -0.000302686
2.83 -11.5917 2000 5007.62 11.5917 -2000 -0.000244482
2.835 -11.5596 2000 4993.77 11.5596 -2000 -0.000197736
2.84 -11.5477 2000 4988.62 11.5477 -2000 -0.000160185
2.845 -11.5592 2000 4993.56 11.5592 -2000 -0.000123896
2.85 -11.597 2000 5009.9 11.597 -2000 -9.42329e-05
2.855 -11.664 2000 5038.87 11.664 -2000 -7.6409e-05
2.86 -11.763 2000 5081.61 11.763 -2000 -6.19566e-05
2.865 -11.8962 2000 5139.15 11.8962 -2000 -5.01388e-05
2.87 -12.0654 2000 5212.26 12.0654 -2000 -4.0448e-05
2.875 -12.2717 2000 5301.37 12.2717 -2000 -3.27653e-05
2.88 -12.5155 2000 5406.68 12.5155 -2000 -2.68633e-05
2.885 -12.7969 2000 5528.26 12.7969 -2000 -2.2806e-05
2.89 -13.1165 2000 5666.32 13.1165 -2000 -2.13432e-05
2.895 -13.4754 2000 5821.36 13.4754 -2000 -2.44357e-05
2.9 -13.8754 2000 5994.18 13.8754 -2000 -3.63117e-05
2.905 -14.3189 2000 6185.76 14.3189 -2000 -6.35087e-05
2.91 -14.808 2000 6397.04 14.808 -2000 -0.00012164
2.915 -15.3439 2000 6628.57 15.3439 -2000 -0.000298547
2.92 -15.9201 1999.89 6877.68 15.9201 -1999.89 -0.193777
2.925 -16.4642 1999.25 7114.17 16.4642 -1999.25 -1.64026
2.93 -17.0483 1999.34 7366.34 17.0483 -1999.34 -1.46316
2.935 -17.6705 1999.44 7634.93 17.6705 -1999.44 -1.29407
2.94 -18.3296 1999.53 7919.57 18.3296 -1999.53 -1.17748
2.945 -19.0252 1999.6 8219.98 19.0252 -1999.6 -1.10099
2.95 -19.7572 1999.66 8536.17 19.7572 -1999.66 -1.05805
2.955 -20.5267 1999.7 8868.58 20.5267 -1999.7 -1.04396
2.96 -21.3356 1999.73 9218.05 21.3356 -1999.73 -1.05652
2.965 -22.1866 1999.76 9585.71 22.1866 -1999.76 -1.09462
2.97 -23.0757 1999.8 9970.79 23.0757 -1999.8 -2.10798
2.975 -23.9976 1999.87 10371 23.9976 -1999.87 -3.99777
2.98 -24.9666 1999.91 10790.6 24.9666 -1999.91 -5.04175
2.985 -25.9726 1999.96 11226.8 25.9726 -1999.96 -6.68437
2.99 -26.982 2000.21 11669.6 26.982 -2000.21 -13.325
2.995 -28.0163 2000.51 12121.8 28.0163 -2000.51 -18.7333
3 -29.0583 2000.74 12575.1 29.0583 -2000.74 -21.8749
3.005 -30.1001 2000.92 13028.2 30.1001 -2000.92 -24.9116
3.01 -31.1543 2000.99 13483.2 31.1543 -2000.99 -24.5463
3.015 -32.1572 2001.52 13922.2 32.1572 -2001.52 -30.3188
3.02 -33.1407 2001.89 14351.2 33.1407 -2001.89 -34.4627
3.025 -34.1829 2001.48 14796 34.1829 -2001.48 -29.0044
3.03 -35.202 2001.57 15236 35.202 -2001.57 -28.7625
3.035 -36.1641 2001.88 15654.4 36.1641 -2001.88 -31.5031
3.04 -37.1678 2001.47 16083.4 37.1678 -2001.47 -26.925
3.045 -38.1866 2001.13 16519.9 38.1866 -2001.13 -23.2718
3.05 -39.1322 2001.81 16933.2 39.1322 -2001.81 -28.0827
3.055 -40.0533 2002.18 17335.8 40.0533 -2002.18 -32.8084
3.06 -40.9759 2001.96 17734.7 40.9759 -2001.96 -33.0549
3.065 -41.8778 2001.8 18124.8 41.8778 -2001.8 -33.6176
3.07 -42.7381 2002.08 18499.7 42.7381 -2002.08 -36.8287
3.075 -43.5397 2002.47 18850.8 43.5397 -2002.47 -41.5888
3.08 -44.308 2002.31 19183.5 44.308 -2002.31 -42.412
3.085 -45.0368 2002.35 19501.7 45.0368 -2002.35 -45.8128
3.09 -45.7111 2002.72 19799.9 45.7111 -2002.72 -52.7176
3.095 -46.3544 2002.82 20076.4 46.3544 -2002.82 -51.2817
3.1 -46.9398 2002.76 20327.9 46.9398 -2002.76 -49.9154
3.105 -47.4846 2002.82 20562.2 47.4846 -2002.82 -48.7967
3.11 -47.996 2002.66 20782.5 47.996 -2002.66 -48.2862
3.115 -48.4889 2002.49 20990.6 48.4889 -2002.49 -43.4407
3.12 -48.9607 2002.14 21191.1 48.9607 -2002.14 -40.0892
3.125 -49.4064 2001.99 21380.2 49.4064 -2001.99 -36.6722
3.13 -49.8147 2001.98 21553.3 49.8147 -2001.98 -33.3516
3.135 -50.164 2001.66 21710 50.164 -2001.66 -39.1032
3.14 -50.4746 2001.38 21850.8 50.4746 -2001.38 -45.7702
3.145 -50.7477 2000.95 21974.7 50.7477 -2000.95 -51.6982
3.15 -50.8327 2000.67 22044.2 50.8327 -2000.67 -84.4547
3.155 -50.7602 2000.22 22045.3 50.7602 -2000.22 -116.884
3.16 -50.5396 1998.78 21970.4 50.5396 -1998.78 -137.262
3.165 -50.1761 1997.32 21832.8 50.1761 -1997.32 -156.678
3.17 -49.821 1997.61 21672.8 49.821 -1997.61 -150.068
3.175 -49.4459 1998.03 21494 49.4459 -1998.03 -133.396
3.18 -48.9824 1997.73 21284.7 48.9824 -1997.73 -124.294
3.185 -48.466 1997.35 21051.2 48.466 -1997.35 -113.871
3.19 -47.9976 1998.16 20817.1 47.9976 -1998.16 -82.1418
3.195 -47.4762 1998.56 20574.1 47.4762 -1998.56 -64.3981
3.2 -46.9071 1998.45 20320.2 46.9071 -1998.45 -56.3905
3.205 -46.3026 1998.15 20053.5 46.3026 -1998.15 -50.7654
3.21 -45.6573 1997.89 19770.7 45.6573 -1997.89 -46.7811
3.215 -45.2005 1999.15 19535.7 45.2005 -1999.15 -9.03309
3.22 -44.8151 2000.12 19338.1 44.8151 -2000.12 22.0205
3.225 -44.3326 1999.82 19134 44.3326 -1999.82 17.6986
3.23 -43.8323 1999.49 18924.1 43.8323 -1999.49 11.4107
3.235 -43.3457 1999.38 18715.4 43.3457 -1999.38 9.96451
3.24 -42.9686 1999.71 18543.8 42.9686 -1999.71 18.6589
3.245 -42.5375 1999.24 18364.4 42.5375 -1999.24 11.8315
3.25 -42.0961 1998.91 18179.3 42.0961 -1998.91 6.21392
3.255 -41.6394 1998.56 17987.1 41.6394 -1998.56 1.09833
3.26 -41.1512 1997.92 17783 41.1512 -1997.92 -5.64269
3.265 -40.7717 1998.22 17605.1 40.7717 -1998.22 8.23282
3.27 -40.7117 2000.21 17539.3 40.7117 -2000.21 48.1757
3.275 -40.5498 2000.34 17474.2 40.5498 -2000.34 43.355
3.28 -40.3392 1999.39 17397.2 40.3392 -1999.39 29.4021
3.285 -40.3253 2000.36 17372.1 40.3253 -2000.36 48.4649
3.29 -40.3533 2001.26 17372.3 40.3533 -2001.26 60.2995
3.295 -40.3126 2000.88 17367 40.3126 -2000.88 48.0946
3.3 -40.2764 2000.58 17361.1 40.2764 -2000.58 38.2992
3.305 -40.2432 2000.32 17354.7 40.2432 -2000.32 30.4021
3.31 -40.2118 2000.1 17347.5 40.2118 -2000.1 23.9484
3.315 -40.159 1999.23 17333.1 40.159 -1999.23 15.5595
3.32 -40.1055 1998.7 17316.1 40.1055 -1998.7 9.48161
3.325 -40.0652 1998.84 17300.8 40.0652 -1998.84 7.37402
3.33 -40.0254 1998.95 17285.3 40.0254 -1998.95 5.73712
3.335 -39.9854 1999.03 17269.4 39.9854 -1999.03 4.25836
3.34 -39.9683 1999.54 17260 39.9683 -1999.54 6.29609
3.345 -39.9559 1999.9 17253.5 39.9559 -1999.9 7.48397
3.35 -39.9339 1999.85 17245.6 39.9339 -1999.85 5.82858
3.355 -39.9128 1999.8 17237.8 39.9128 -1999.8 4.49748
3.36 -39.8926 1999.77 17230.2 39.8926 -1999.77 3.4239
3.365 -39.8732 1999.74 17222.7 39.8732 -1999.74 2.56178
3.37 -39.8548 1999.73 17215.4 39.8548 -1999.73 1.87384
3.375 -39.8373 1999.72 17208.4 39.8373 -1999.72 1.32961
3.38 -39.8208 1999.71 17201.7 39.8208 -1999.71 0.904144
3.385 -39.8055 1999.72 17195.4 39.8055 -1999.72 0.577066
3.39 -39.7914 1999.73 17189.6 39.7914 -1999.73 0.331547
3.395 -39.7787 1999.74 17184.2 39.7787 -1999.74 0.153497
3.4 -39.7674 1999.76 17179.5 39.7674 -1999.76 0.0308666
3.405 -39.7578 1999.78 17175.4 39.7578 -1999.78 -0.0469087
3.41 -39.7499 1999.81 17172.1 39.7499 -1999.81 -0.0893523
3.415 -39.7439 1999.83 17169.5 39.7439 -1999.83 -0.105274
3.42 -39.7399 1999.86 17167.7 39.7399 -1999.86 -0.102953
3.425 -39.7378 1999.88 17166.8 39.7378 -1999.88 -0.0901762
3.43 -39.7379 1999.9 17166.8 39.7379 -1999.9 -0.0741614
3.435 -39.6526 1999.51 17143 39.6526 -1999.51 -13.0516
3.44 -39.5351 1999.29 17099.5 39.5351 -1999.29 -20.3294
3.445 -39.406 1999.39 17039.2 39.406 -1999.39 -15.8173
3.45 -39.2357 1999.43 16961.1 39.2357 -1999.43 -11.2431
3.455 -39.0332 1999.44 16868.6 39.0332 -1999.44 -6.21777
3.46 -38.8081 1999.39 16765.8 38.8081 -1999.39 -0.657963
3.465 -38.5699 1999.3 16657 38.5699 -1999.3 5.22434
3.47 -38.3258 1999.19 16545.8 38.3258 -1999.19 10.9663
3.475 -38.0809 1999.1 16434.9 38.0809 -1999.1 16.0301
3.48 -37.8374 1999.03 16325.8 37.8374 -1999.03 19.9878
3.485 -37.5959 1999 16218.8 37.5959 -1999 22.6403
3.49 -37.3552 1998.95 16113.5 37.3552 -1998.95 23.9159
3.495 -37.118 1998.47 16010.4 37.118 -1998.47 24.5988
3.5 -36.8875 1998.24 15911.1 36.8875 -1998.24 24.3591
3.505 -36.652 1999.03 15812.2 36.652 -1999.03 21.4246
3.51 -36.4086 1999.52 15709.5 36.4086 -1999.52 19.0527
3.515 -36.1576 1999.46 15602.4 36.1576 -1999.46 17.6866
3.52 -35.8783 2001.15 15487.5 35.8783 -2001.15 11.9387
3.525 -35.5748 2001.99 15360 35.5748 -2001.99 8.29986
3.53 -35.2539 2001.5 15221.9 35.2539 -2001.5 7.78829
3.535 -34.9301 2001.22 15080.7 34.9301 -2001.22 9.07793
3.54 -34.5958 2000.98 14935.9 34.5958 -2000.98 9.49512
3.545 -34.2502 2000.67 14787.6 34.2502 -2000.67 8.52599
3.55 -33.9003 2000.26 14637.3 33.9003 -2000.26 7.67913
3.555 -33.5472 1999.86 14485.4 33.5472 -1999.86 6.96903
3.56 -33.2022 1999.25 14336.3 33.2022 -1999.25 7.07093
3.565 -32.8143 2001.23 14176.2 32.8143 -2001.23 -0.455097
3.57 -32.4021 2002.12 14001.9 32.4021 -2002.12 -4.17864
3.575 -31.9761 2001.43 13816.7 31.9761 -2001.43 -3.02431
3.58 -31.5473 2000.9 13630.4 31.5473 -2000.9 -1.92472
3.585 -31.117 2000.24 13443.2 31.117 -2000.24 -0.723759
3.59 -30.6356 2001.59 13240.2 30.6356 -2001.59 -5.65255
3.595 -30.1405 2002.04 13026.5 30.1405 -2002.04 -5.79519
3.6 -29.6348 2001.28 12806.1 29.6348 -2001.28 -3.84238
3.605 -29.1195 2000.86 12583.4 29.1195 -2000.86 -3.782
3.61 -28.6118 1999.95 12362.7 28.6118 -1999.95 -2.41066
3.615 -28.1158 1998.85 12146.4 28.1158 -1998.85 -0.353592
3.62 -27.6096 1998.68 11930.4 27.6096 -1998.68 -3.08396
3.625 -27.0575 1999.93 11700.4 27.0575 -1999.93 -11.5984
3.63 -26.3606 2001.77 11407 26.3606 -2001.77 -19.2716
3.635 -25.4277 2005.3 11029.8 25.4277 -2005.3 -45.099
3.64 -24.224 2010.48 10554.9 24.224 -2010.48 -90.1557
3.645 -22.6986 2013.22 9928.39 22.6986 -2013.22 -122.58
3.65 -20.9584 2012.66 9178.73 20.9584 -2012.66 -124.719
3.655 -18.6788 2016.11 8246.07 18.6788 -2016.11 -176.834
3.66 -15.9293 2020.62 7132.82 15.9293 -2020.62 -251.357
3.665 -13.0406 2021.83 5909.47 13.0406 -2021.83 -275.919
3.67 -9.84831 2022.36 4552.04 9.84831 -2022.36 -297.574
3.675 -6.38059 2021.69 3069.02 6.38059 -2021.69 -312.6
3.68 -3.02844 2018.49 1583.77 3.02844 -2018.49 -275.486
3.685 0.495953 2015.52 27.1535 -0.495953 -2015.52 -241.405
3.69 4.26805 2013.37 -1610.88 -4.26805 -2013.37 -232.917
3.695 8.4126 2012.86 -3372.43 -8.4126 -2012.86 -261.812
3.7 12.9676 2011.95 -5295.59 -12.9676 -2011.95 -306.427
3.705 17.9056 2009.21 -7365.82 -17.9056 -2009.21 -369.417
3.71 22.5141 2005.6 -9372.45 -22.5141 -2005.6 -353.657
3.715 26.6572 2005.34 -11255.3 -26.6572 -2005.34 -260.612
3.72 30.1898 2007.86 -12896.2 -30.1898 -2007.86 -145.801
3.725 33.3078 2010.06 -14345 -33.3078 -2010.06 -43.9972
3.73 36.2397 2010.23 -15664.9 -36.2397 -2010.23 9.31789
3.735 38.8793 2010.07 -16844.1 -38.8793 -2010.07 48.2899
3.74 41.254 2010.06 -17903.4 -41.254 -2010.06 81.6583
3.745 43.347 2010.33 -18842.2 -43.347 -2010.33 116.258
3.75 45.2142 2010.58 -19670.1 -45.2142 -2010.58 137.568
3.755 46.8107 2012.1 -20376.6 -46.8107 -2012.1 154.384
3.76 48.2402 2012.41 -20995.3 -48.2402 -2012.41 155.555
3.765 49.4276 2011.48 -21507.3 -49.4276 -2011.48 154.604
3.77 50.3555 2009.94 -21917 -50.3555 -2009.94 163.426
3.775 50.7341 2008 -22152.6 -50.7341 -2008 235.414
3.78 49.7687 2001.45 -21958.9 -49.7687 -2001.45 458.815
3.785 48.4981 1995.61 -21480.4 -48.4981 -1995.61 529.188
3.79 47.2338 1993.45 -20878.6 -47.2338 -1993.45 473.562
3.795 45.9313 1993.07 -20229.5 -45.9313 -1993.07 387.187
3.8 44.6523 1993.53 -19559.4 -44.6523 -1993.53 269.545
3.805 43.7859 1995.55 -19062.8 -43.7859 -1995.55 147.299
3.81 42.8084 1996 -18591.9 -42.8084 -1996 98.687
3.815 41.9679 1996.88 -18173.8 -41.9679 -1996.88 43.6733
3.82 40.8874 1994.56 -17716.1 -40.8874 -1994.56 52.7375
3.825 40.7062 1999.02 -17503.6 -40.7062 -1999.02 -81.5114
3.83 40.6035 2001.36 -17377.8 -40.6035 -2001.36 -162.896
3.835 40.5977 2001.48 -17368.9 -40.5977 -2001.48 -169.319
3.84 40.4721 2000.32 -17350.5 -40.4721 -2000.32 -133.428
3.845 40.3005 1997.99 -17312.1 -40.3005 -1997.99 -97.6711
3.85 40.154 1997.07 -17273.1 -40.154 -1997.07 -73.4656
3.855 40.065 1997.74 -17245.1 -40.065 -1997.74 -62.9542
3.86 40.0072 1998.47 -17227.5 -40.0072 -1998.47 -55.6263
3.865 39.9279 1998.22 -17205.4 -39.9279 -1998.22 -43.456
3.87 39.8491 1997.95 -17181.4 -39.8491 -1997.95 -33.4139
3.875 39.7685 1997.64 -17155 -39.7685 -1997.64 -24.9778
3.88 39.6692 1996.65 -17121.2 -39.6692 -1996.65 -15.8311
3.885 39.5571 1995.8 -17080.3 -39.5571 -1995.8 -8.34367
3.89 39.4465 1995.66 -17036.6 -39.4465 -1995.66 -4.25681
3.895 39.3142 1994.89 -16984.7 -39.3142 -1994.89 0.920044
3.9 39.157 1994.45 -16921.7 -39.157 -1994.45 5.86016
3.905 38.9387 1992.69 -16835.8 -38.9387 -1992.69 14.3061
3.91 38.771 1996.46 -16759.7 -38.771 -1996.46 10.6553
3.915 38.6228 2000.64 -16692.3 -38.6228 -2000.64 7.20296
3.92 38.4788 1999.86 -16630.2 -38.4788 -1999.86 7.32592
3.925 38.3316 1999.28 -16566.5 -38.3316 -1999.28 7.30966
3.93 38.1833 1998.86 -16502.1 -38.1833 -1998.86 6.91335
3.935 38.102 1999.34 -16461.6 -38.102 -1999.34 1.59665
3.94 38.0006 1998.51 -16419.3 -38.0006 -1998.51 3.06463
3.945 37.8919 1998.1 -16373.1 -37.8919 -1998.1 3.83851
3.95 37.7141 1993.76 -16303.3 -37.7141 -1993.76 10.8352
3.955 37.2631 1961.46 -16183.6 -37.2631 -1961.46 85.922
3.96 36.6598 1922.26 -16030.2 -36.6598 -1922.26 193.171
3.965 36.9304 1936.85 -16111.9 -36.9304 -1936.85 157.93
3.97 37.0825 1947.3 -16158 -37.0825 -1947.3 138.327
3.975 37.1908 1955.91 -16186 -37.1908 -1955.91 119.529
3.98 37.2563 1962.61 -16197.6 -37.2563 -1962.61 102.919
3.985 37.2758 1967.48 -16192.9 -37.2758 -1967.48 89.739
3.99 37.0023 1966.58 -16092.7 -37.0023 -1966.58 107.708
3.995 0.162098 -40.1445 -71.4389 -0.162098 40.1445 1.41253
4 -4.49746 24.3966 511.796 4.49746 -24.3966 1431.11
