0.1 1.60694e-31 200 -4.9738e-14
0.2 -1.46085e-31 400 8.17124e-14
0.3 -2.48345e-31 600 -7.10543e-15
0.4 -1.16868e-30 800 -4.83169e-13
0.5 3.50605e-31 1000 -3.12639e-13
0.6 -1.40242e-30 1200 -6.25278e-13
0.7 1.86989e-30 1400 -9.80549e-13
0.8 -1.63616e-30 1600 2.55795e-13
0.9 4.67473e-31 1800 -3.76588e-13
1 2.33737e-31 2000 4.61853e-13
0.005 -0.00104516 2000 0.452678
0.01 -0.00521901 2000 2.25672
0.015 -0.0135531 2000 5.85664
0.02 -0.0260327 2000 11.2476
0.025 -0.042642 2000 18.4226
0.03 -0.0633644 2000 27.3747
0.035 -0.0881824 2000 38.0961
0.04 -0.117078 2000 50.579
0.045 -0.150031 2000 64.8151
0.05 -0.187022 2000 80.7957
0.055 -0.22803 2000 98.5116
0.06 -0.273034 2000 117.954
0.065 -0.322011 2000 139.112
0.07 -0.37494 2000 161.979
0.075 -0.431803 2000 186.544
0.08 -0.492579 2000 212.8
0.085 -0.557248 2000 240.738
0.09 -0.625787 2000 270.348
0.095 -0.698174 2000 301.62
0.1 -0.774384 2000 334.544
0.105 -0.854392 2000 369.108
0.11 -0.938166 2000 405.3
0.115 -1.02567 2000 443.104
0.12 -1.11687 2000 482.503
0.125 -1.21173 2000 523.485
0.13 -1.31024 2000 566.041
0.135 -1.41237 2000 610.165
0.14 -1.51812 2000 655.851
0.145 -1.62746 2000 703.088
0.15 -1.74037 2000 751.865
0.155 -1.85681 2000 802.169
0.16 -1.97674 2000 853.982
0.165 -2.10014 2000 907.289
0.17 -2.22696 2000 962.078
0.175 -2.35719 2000 1018.34
0.18 -2.49079 2000 1076.06
0.185 -2.6277 2000 1135.2
0.19 -2.76785 1999.99 1195.75
0.195 -2.91122 1999.99 1257.68
0.2 -3.05776 1999.99 1320.99
0.205 -3.20748 1999.99 1385.67
0.21 -3.36038 1999.99 1451.73
0.215 -3.51645 1999.99 1519.15
0.22 -3.67568 1999.99 1587.94
0.225 -3.83805 1999.99 1658.08
0.23 -4.00353 1999.99 1729.57
0.235 -4.17208 1999.99 1802.38
0.24 -4.34368 1999.99 1876.51
0.245 -4.51829 1999.99 1951.95
0.25 -4.69589 1999.99 2028.67
0.255 -4.87639 1999.99 2106.65
0.26 -5.05972 1999.99 2185.85
0.265 -5.24582 1999.99 2266.24
0.27 -5.43467 1999.99 2347.83
0.275 -5.62632 1999.99 2430.62
0.28 -5.82077 1999.99 2514.62
0.285 -6.01801 1999.99 2599.83
0.29 -6.21798 1999.99 2686.22
0.295 -6.42064 1999.99 2773.76
0.3 -6.62589 1999.99 2862.43
0.305 -6.83362 1999.99 2952.17
0.31 -7.04374 1999.99 3042.95
0.315 -7.25621 1999.99 3134.73
0.32 -7.47098 1999.99 3227.51
0.325 -7.68799 1999.99 3321.26
0.33 -7.90716 1999.99 3415.95
0.335 -8.12843 1999.99 3511.53
0.34 -8.35177 1999.99 3608.02
0.345 -8.5772 1999.99 3705.4
0.35 -8.80471 1999.99 3803.69
0.355 -9.03431 1999.99 3902.88
0.36 -9.26606 1999.99 4003
0.365 -9.50001 1999.99 4104.06
0.37 -9.73619 1999.99 4206.09
0.375 -9.97459 1999.99 4309.08
0.38 -10.2152 1999.99 4413.02
0.385 -10.4579 1999.99 4517.88
0.39 -10.7027 1999.99 4623.61
0.395 -10.9493 1999.99 4730.15
0.4 -11.1976 1999.99 4837.45
0.405 -11.4476 1999.99 4945.45
0.41 -11.6992 1999.99 5054.13
0.415 -11.9523 1999.99 5163.47
0.42 -12.2069 1999.99 5273.46
0.425 -12.463 1999.99 5384.08
0.43 -12.7205 1999.99 5495.33
0.435 -12.9796 1999.99 5607.25
0.44 -13.2403 1999.99 5719.89
0.445 -13.5027 1999.99 5833.25
0.45 -13.7667 1999.99 5947.3
0.455 -14.0321 1999.99 6061.95
0.46 -14.2987 1999.99 6177.12
0.465 -14.5662 1999.99 6292.68
0.47 -14.8343 1999.99 6408.52
0.475 -15.103 1999.99 6524.58
0.48 -15.372 1999.99 6640.81
0.485 -15.6415 1999.99 6757.22
0.49 -15.9113 1999.99 6873.76
0.495 -16.1813 1999.99 6990.43
0.5 -16.4516 1999.99 7107.19
0.505 -16.7222 1999.99 7224.09
0.51 -16.9933 1999.99 7341.19
0.515 -17.265 1999.99 7458.56
0.52 -17.5373 1999.99 7576.23
0.525 -17.8105 1999.99 7694.23
0.53 -18.0844 1999.99 7812.56
0.535 -18.359 1999.99 7931.18
0.54 -18.6341 1999.99 8050.03
0.545 -18.9096 1999.99 8169.04
0.55 -19.1853 1999.99 8288.16
0.555 -19.4611 1999.99 8407.29
0.56 -19.7366 1999.98 8526.32
0.565 -20.0117 1999.98 8645.18
0.57 -20.2864 1999.98 8763.82
0.575 -20.5604 1999.98 8882.22
0.58 -20.8339 1999.98 9000.37
0.585 -21.1068 1999.98 9118.23
0.59 -21.3789 1999.98 9235.79
0.595 -21.6503 1999.98 9353.05
0.6 -21.9211 1999.98 9470.02
0.605 -22.1913 1999.98 9586.75
0.61 -22.461 1999.98 9703.26
0.615 -22.7302 1999.99 9819.55
0.62 -22.9953 2000 9934.55
0.625 -23.2568 2000.02 10048
0.63 -23.5199 2000.01 10161.5
0.635 -23.7819 2000.01 10274.5
0.64 -24.0431 2000 10387.3
0.645 -24.304 2000 10499.8
0.65 -24.5648 2000 10612.5
0.655 -24.819 2000.03 10723.1
0.66 -25.0746 2000.04 10833.9
0.665 -25.3328 2000.03 10945.2
0.67 -25.5907 2000.02 11056.3
0.675 -25.8474 2000.01 11167
0.68 -26.1021 2000.01 11276.9
0.685 -26.3537 2000 11385.5
0.69 -26.5956 2000.03 11490.7
0.695 -26.8291 2000.06 11592.3
0.7 -27.0626 2000.05 11692.8
0.705 -27.2923 2000.03 11791.7
0.71 -27.5184 2000.03 11889.1
0.715 -27.7355 2000.06 11983.3
0.72 -27.9411 2000.11 12072.7
0.725 -28.1477 2000.08 12161.5
0.73 -28.3512 2000.07 12249.1
0.735 -28.5514 2000.05 12335.4
0.74 -28.7483 2000.04 12420.2
0.745 -28.9415 2000.03 12503.5
0.75 -29.1308 2000.02 12585.2
0.755 -29.3072 2000.07 12662.5
0.76 -29.4825 2000.08 12738.6
0.765 -29.6576 2000.06 12813.9
0.77 -29.8241 2000.1 12886
0.775 -29.9847 2000.12 12955.6
0.78 -30.1467 2000.1 13025.1
0.785 -30.3082 2000.08 13094.6
0.79 -30.4697 2000.06 13164.1
0.795 -30.6313 2000.05 13233.7
0.8 -30.7926 2000.04 13303.2
0.805 -30.9531 2000.03 13372.4
0.81 -31.1123 2000.02 13441.1
0.815 -31.2694 2000.02 13508.8
0.82 -31.4237 2000.01 13575.4
0.825 -31.5749 2000.01 13640.7
0.83 -31.7226 2000.01 13704.5
0.835 -31.8666 2000 13766.6
0.84 -32.0066 2000 13827
0.845 -32.1248 2000.14 13879.8
0.85 -32.2395 2000.19 13930
0.855 -32.3541 2000.16 13979.1
0.86 -32.4643 2000.13 14026.3
0.865 -32.5698 2000.1 14071.6
0.87 -32.6702 2000.08 14114.7
0.875 -32.7652 2000.06 14155.5
0.88 -32.8546 2000.05 14193.9
0.885 -32.9383 2000.04 14230
0.89 -33.0165 2000.03 14263.6
0.895 -33.0891 2000.03 14294.9
0.9 -33.1564 2000.02 14323.9
0.905 -33.2185 2000.02 14350.7
0.91 -33.2753 2000.01 14375.1
0.915 -33.3268 2000.01 14397.4
0.92 -33.3733 2000.01 14417.4
0.925 -33.4151 2000.01 14435.5
0.93 -33.4527 2000.01 14451.7
0.935 -33.4863 2000 14466.2
0.94 -33.5162 2000 14479.1
0.945 -33.5427 2000 14490.5
0.95 -33.5658 2000 14500.5
0.955 -33.5854 2000 14508.9
0.96 -33.6016 2000 14515.9
0.965 -33.614 2000 14521.3
0.97 -33.6223 2000 14524.9
0.975 -33.6261 2000 14526.5
0.98 -33.6241 1999.99 14525.7
0.985 -33.6153 1999.99 14521.9
0.99 -33.5995 1999.99 14515
0.995 -33.5766 1999.99 14505.1
1 -33.5468 1999.99 14492.3
1.005 -33.5105 1999.99 14476.6
1.01 -33.468 2000 14458.2
1.015 -33.4194 2000 14437.2
1.02 -33.3649 2000 14413.7
1.025 -33.3044 2000 14387.5
1.03 -33.2376 2000 14358.7
1.035 -33.1643 2000 14327
1.04 -33.0838 2000 14292.2
1.045 -32.9953 2000 14254
1.05 -32.8983 2000 14212.1
1.055 -32.7923 2000 14166.3
1.06 -32.6769 2000 14116.4
1.065 -32.5515 2000 14062.3
1.07 -32.416 2000 14003.7
1.075 -32.2706 2000 13940.9
1.08 -32.1158 2000 13874
1.085 -31.9519 2000 13803.2
1.09 -31.7747 2000.03 13727.1
1.095 -31.5669 2000.13 13638.9
1.1 -31.3556 2000.11 13547.2
1.105 -31.1344 2000.09 13451.3
1.11 -30.9031 2000.07 13351.2
1.115 -30.6614 2000.06 13246.6
1.12 -30.4092 2000.05 13137.5
1.125 -30.1466 2000.04 13023.9
1.13 -29.8732 2000.03 12905.7
1.135 -29.5886 2000.02 12782.6
1.14 -29.2925 2000.02 12654.6
1.145 -28.9684 2000.13 12516.2
1.15 -28.6315 2000.18 12371.4
1.155 -28.2823 2000.18 12221
1.16 -27.9175 2000.19 12064
1.165 -27.5485 2000.15 11903.9
1.17 -27.1705 2000.12 11740
1.175 -26.7793 2000.12 11570.9
1.18 -26.3547 2000.2 11388.6
1.185 -25.9249 2000.16 11202.3
1.19 -25.4818 2000.13 11010.4
1.195 -25.0061 2000.19 10806.8
1.2 -24.5123 2000.21 10594.5
1.205 -24.0081 2000.17 10375.7
1.21 -23.4868 2000.14 10149.7
1.215 -22.9451 2000.13 9915.67
1.22 -22.382 2000.14 9672.92
1.225 -21.8121 2000.12 9425.97
1.23 -21.2325 2000.09 9174.98
1.235 -20.6312 2000.13 8916.61
1.24 -20.0237 2000.14 8654.67
1.245 -19.4142 2000.11 8390.51
1.25 -18.7966 2000.09 8123.02
1.255 -18.1694 2000.07 7851.52
1.26 -17.5306 2000.06 7575.12
1.265 -16.8781 2000.05 7292.88
1.27 -16.2099 2000.04 7003.91
1.275 -15.524 2000.03 6707.38
1.28 -14.819 2000.02 6402.61
1.285 -14.0938 2000.02 6089.17
1.29 -13.3481 2000.02 5766.9
1.295 -12.582 2000.01 5435.84
1.3 -11.796 2000.01 5096.19
1.305 -10.9909 2000 4748.33
1.31 -10.1677 2000 4392.61
1.315 -9.32667 2000 4029.25
1.32 -8.46869 1999.99 3658.58
1.325 -7.59495 1999.99 3281.09
1.33 -6.70711 1999.98 2897.48
1.335 -5.80632 1999.97 2508.32
1.34 -4.89471 1999.96 2114.45
1.345 -3.9739 1999.94 1716.61
1.35 -3.04562 1999.91 1315.5
1.355 -2.11036 1999.86 911.496
1.36 -1.17044 1999.79 505.498
1.365 -0.227179 1999.7 98.1902
1.37 0.720341 1999.65 -311.047
1.375 1.67085 1999.55 -720.924
1.38 2.61038 1999.26 -1124.84
1.385 3.50685 1999.01 -1515.19
1.39 4.40375 1999.06 -1904.96
1.395 5.31235 1999.19 -2297.31
1.4 6.22428 1999.29 -2691.11
1.405 7.13963 1999.37 -3086.38
1.41 8.05853 1999.44 -3483.19
1.415 8.98122 1999.5 -3881.64
1.42 9.90802 1999.55 -4281.87
1.425 10.8395 1999.6 -4684.15
1.43 11.7766 1999.64 -5088.86
1.435 12.7202 1999.67 -5496.39
1.44 13.6708 1999.7 -5907.02
1.445 14.6289 1999.72 -6320.87
1.45 15.5945 1999.74 -6738.01
1.455 16.5681 1999.76 -7158.61
1.46 17.5502 1999.77 -7582.9
1.465 18.541 1999.78 -8010.99
1.47 19.5402 1999.78 -8442.71
1.475 20.5469 1999.79 -8877.64
1.48 21.539 1999.88 -9309.08
1.485 22.5333 1999.94 -9740.43
1.49 23.5143 2000.04 -10167
1.495 24.5 2000.08 -10594
1.5 25.4544 2000.17 -11008.8
1.505 26.4162 2000.18 -11423.4
1.51 27.3219 2000.4 -11817
1.515 28.212 2000.43 -12202.8
1.52 29.0898 2000.53 -12582.3
1.525 29.9462 2000.65 -12952.7
1.53 30.7019 2001.42 -13287.4
1.535 31.4645 2001.66 -13619.7
1.54 32.2544 2001.31 -13956.2
1.545 33.0436 2001.03 -14293.5
1.55 33.8119 2001 -14624.1
1.555 34.5151 2001.26 -14930.2
1.56 35.2256 2001.06 -15235.6
1.565 35.9414 2000.82 -15542
1.57 36.6572 2000.63 -15848.9
1.575 37.3737 2000.48 -16156.6
1.58 38.0417 2000.94 -16447.4
1.585 38.7024 2001.13 -16734.3
1.59 39.3517 2001.06 -17016.2
1.595 40.0016 2000.96 -17297.2
1.6 40.649 2000.85 -17576.5
1.605 41.2703 2000.84 -17846.1
1.61 41.9017 2000.68 -18116.5
1.615 42.4846 2000.94 -18370.3
1.62 43.0445 2001.01 -18615
1.625 43.6063 2000.89 -18856.7
1.63 44.1272 2000.94 -19083.5
1.635 44.6571 2000.73 -19309.6
1.64 45.1412 2000.98 -19522.7
1.645 45.6222 2001.11 -19729.4
1.65 46.0557 2001.27 -19920.5
1.655 46.4764 2001.27 -20103.5
1.66 46.8807 2001.33 -20277.4
1.665 47.2578 2001.45 -20439.9
1.67 47.6232 2001.32 -20595.6
1.675 47.9629 2001.21 -20742.6
1.68 48.3027 2001.05 -20886.7
1.685 48.6248 2001.03 -21024.6
1.69 48.9435 2000.88 -21159.9
1.695 49.2564 2000.72 -21292.7
1.7 49.554 2000.91 -21419.2
1.705 49.8322 2000.97 -21538.9
1.71 50.0967 2000.74 -21654.1
1.715 50.353 2000.55 -21765.9
1.72 50.5895 2000.5 -21871.2
1.725 50.8096 2000.45 -21969.3
1.73 51.0187 2000.3 -22061
1.735 51.2113 2000.26 -22145.4
1.74 51.379 2000.33 -22219.2
1.745 51.4074 2000.04 -22254.8
1.75 51.3891 1999.66 -22263
1.755 51.3387 1999.24 -22246.6
1.76 51.2177 1998.83 -22199.2
1.765 51.1047 1998.8 -22142.9
1.77 50.9047 1998.49 -22060.5
1.775 50.7064 1998.87 -21968.8
1.78 50.5085 1999.14 -21871.5
1.785 50.281 1999.22 -21766.9
1.79 50.0372 1999.18 -21656.1
1.795 49.7704 1999.1 -21537.6
1.8 49.4629 1998.96 -21403.8
1.805 49.1577 1999 -21266.8
1.81 48.8389 1998.96 -21125.3
1.815 48.5135 1999.03 -20981
1.82 48.2058 1999.38 -20839.2
1.825 47.8761 1999.38 -20693.9
1.83 47.5325 1999.34 -20545.2
1.835 47.1795 1999.28 -20392.6
1.84 46.8214 1999.31 -20235.9
1.845 46.4422 1999.28 -20071.7
1.85 46.0564 1999.26 -19904.8
1.855 45.6686 1999.32 -19735.8
1.86 45.4007 2000.09 -19599.7
1.865 45.1508 2000.57 -19479.6
1.87 44.8569 2000.42 -19357.2
1.875 44.5565 2000.22 -19232.4
1.88 44.2566 2000.07 -19105.5
1.885 43.9533 1999.94 -18976.5
1.89 43.6409 1999.8 -18845
1.895 43.3277 1999.7 -18711.9
1.9 43.091 1999.95 -18604.2
1.905 42.8244 1999.71 -18492.6
1.91 42.5545 1999.59 -18378.7
1.915 42.2787 1999.47 -18261.9
1.92 41.996 1999.34 -18141.8
1.925 41.7055 1999.22 -18018.2
1.93 41.5894 2000.13 -17942.3
1.935 41.5158 2000.75 -17894.3
1.94 41.3768 2000.49 -17842.7
1.945 41.2388 2000.26 -17790
1.95 41.0919 1999.89 -17733.5
1.955 40.9569 1999.77 -17678
1.96 41 2000.77 -17681.7
1.965 40.9829 2000.58 -17680.3
1.97 40.9683 2000.43 -17678.8
1.975 40.9554 2000.3 -17677.1
1.98 40.9438 2000.2 -17675.3
1.985 40.9332 2000.11 -17673.3
1.99 40.9231 2000.04 -17671
1.995 40.9133 1999.98 -17668.5
2 40.9035 1999.92 -17665.7
2.005 40.8937 1999.88 -17662.6
2.01 40.8795 1999.73 -17658
2.015 40.8596 1999.53 -17651
2.02 40.8438 1999.56 -17644.5
2.025 40.8242 1999.48 -17636.7
2.03 40.7996 1999.35 -17626.9
2.035 40.7783 1999.43 -17617.6
2.04 40.7563 1999.49 -17607.9
2.045 40.7336 1999.54 -17598.1
2.05 40.7102 1999.58 -17587.9
2.055 40.686 1999.6 -17577.4
2.06 40.6611 1999.62 -17566.6
2.065 40.6354 1999.63 -17555.5
2.07 40.6233 1999.93 -17548.3
2.075 40.6153 2000.15 -17543.3
2.08 40.5998 2000.08 -17537.2
2.085 40.5842 2000.02 -17531
2.09 40.5684 1999.96 -17524.6
2.095 40.5524 1999.92 -17518
2.1 40.5359 1999.88 -17511.2
2.105 40.5191 1999.84 -17504.1
2.11 40.5016 1999.81 -17496.8
2.115 40.4836 1999.78 -17489.2
2.12 40.4648 1999.75 -17481.3
2.125 40.4453 1999.72 -17473
2.13 40.4249 1999.68 -17464.3
2.135 40.4035 1999.65 -17455.2
2.14 40.3811 1999.62 -17445.7
2.145 40.3575 1999.58 -17435.6
2.15 40.3276 1999.33 -17423.5
2.155 40.2932 1999.11 -17409.4
2.16 40.2609 1999.17 -17395.2
2.165 40.2271 1999.22 -17380.4
2.17 40.1917 1999.24 -17365
2.175 40.1544 1999.25 -17348.8
2.18 40.112 1999.06 -17330.9
2.185 40.0498 1998.49 -17305.4
2.19 39.9625 1997.73 -17270.3
2.195 39.8413 1996.63 -17220.5
2.2 39.7171 2000.56 -17163
2.205 39.6238 2004.63 -17116.3
2.21 39.5859 2006.79 -17097.8
2.215 39.5158 2005.5 -17072.6
2.22 39.4484 2004.09 -17044.1
2.225 39.3809 2003.23 -17014.7
2.23 39.3112 2002.52 -16984.4
2.235 39.2385 2001.85 -16952.8
2.24 39.158 2001.16 -16918.2
2.245 39.0729 2000.72 -16881.6
2.25 38.9826 2000.32 -16842.8
2.255 38.8858 1999.94 -16801.3
2.26 38.7744 1998.57 -16753.9
2.265 38.692 1998.41 -16716
2.27 38.5826 1997.69 -16670.4
2.275 38.4111 1996.22 -16601
2.28 37.8514 1990.17 -16393.5
2.285 37.4538 1994.55 -16231.2
2.29 37.2808 1993.85 -16153.2
2.295 36.4125 1984.09 -15819.6
2.3 0.0315655 -64.9701 -27.1694
