0.1 -1.75302e-31 200 7.10543e-14 1.75302e-31 -200 -7.10543e-14
0.2 3.50605e-31 400 4.61853e-14 -3.50605e-31 -400 -4.61853e-14
0.3 -7.0121e-31 600 -1.01252e-13 7.0121e-31 -600 1.01252e-13
0.4 2.04519e-31 800 -8.70415e-14 -2.04519e-31 -800 8.70415e-14
0.5 0 1000 -3.49942e-13 -0 -1000 3.49942e-13
0.6 -1.98676e-30 1200 -2.55795e-13 1.98676e-30 -1200 2.55795e-13
0.7 4.67473e-31 1400 -5.3646e-13 -4.67473e-31 -1400 5.3646e-13
0.8 4.67473e-31 1600 -3.71259e-13 -4.67473e-31 -1600 3.71259e-13
0.9 -1.16868e-30 1800 6.2883e-13 1.16868e-30 -1800 -6.2883e-13
1 -9.34946e-31 2000 -4.28102e-13 9.34946e-31 -2000 4.28102e-13
0.005 0.00155443 2000 -0.673885 -0.00155443 -2000 0.00237044
0.01 0.00776242 1999.99 -3.35761 -0.00776242 -1999.99 0.00424172
0.015 0.0201627 2000 -8.71365 -0.0201627 -2000 0.00337908
0.02 0.0387408 2000 -16.7388 -0.0387408 -2000 0.00277647
0.025 0.0634799 2000 -27.4257 -0.0634799 -2000 0.00236503
0.03 0.0943621 2000 -40.7665 -0.0943621 -2000 0.00211926
0.035 0.131368 2000 -56.7531 -0.131368 -2000 0.0020268
0.04 0.174478 2000 -75.3766 -0.174478 -2000 0.00207771
0.045 0.22367 2000 -96.6277 -0.22367 -2000 0.00226398
0.05 0.278922 2000 -120.497 -0.278922 -2000 0.0025792
0.055 0.340208 2000 -146.973 -0.340208 -2000 0.00301823
0.06 0.407505 2000 -176.046 -0.407505 -2000 0.00351606
0.065 0.480786 2000 -207.703 -0.480786 -2000 0.00407009
0.07 0.560021 2000 -241.934 -0.560021 -2000 0.0047384
0.075 0.645182 2000 -278.724 -0.645182 -2000 0.00551714
0.08 0.736235 2000 -318.06 -0.736235 -2000 0.0064025
0.085 0.833144 2000 -359.926 -0.833144 -2000 0.00739089
0.09 0.935876 2000 -404.307 -0.935876 -2000 0.00848342
0.095 1.0444 2000 -451.19 -1.0444 -2000 0.00967823
0.1 1.15869 2000 -500.564 -1.15869 -2000 0.0109766
0.105 1.27871 2000 -552.414 -1.27871 -2000 0.012379
0.11 1.40444 2000 -606.732 -1.40444 -2000 0.0138867
0.115 1.53586 2000 -663.508 -1.53586 -2000 0.0155013
0.12 1.67295 2000 -722.73 -1.67295 -2000 0.0172243
0.125 1.81567 2000 -784.387 -1.81567 -2000 0.0190578
0.13 1.96399 2000 -848.465 -1.96399 -2000 0.0210039
0.135 2.11788 2000 -914.948 -2.11788 -2000 0.0230644
0.14 2.2773 2000 -983.819 -2.2773 -2000 0.0252407
0.145 2.44219 2000 -1055.06 -2.44219 -2000 0.0275343
0.15 2.61251 2000 -1128.64 -2.61251 -2000 0.0299458
0.155 2.78819 2000 -1204.53 -2.78819 -2000 0.0324753
0.16 2.96916 2000 -1282.71 -2.96916 -2000 0.0351224
0.165 3.15538 2000 -1363.16 -3.15538 -2000 0.0378879
0.17 3.34679 2000 -1445.86 -3.34679 -2000 0.0407731
0.175 3.54336 2000 -1530.78 -3.54336 -2000 0.0437792
0.18 3.74503 1999.99 -1617.9 -3.74503 -1999.99 0.0469075
0.185 3.9518 1999.99 -1707.23 -3.9518 -1999.99 0.0501603
0.19 4.16363 1999.99 -1798.74 -4.16363 -1999.99 0.0535412
0.195 4.38052 1999.99 -1892.44 -4.38052 -1999.99 0.0570533
0.2 4.60242 1999.99 -1988.31 -4.60242 -1999.99 0.0606961
0.205 4.82928 1999.99 -2086.31 -4.82928 -1999.99 0.0644672
0.21 5.06106 1999.99 -2186.45 -5.06106 -1999.99 0.0683634
0.215 5.29768 1999.99 -2288.67 -5.29768 -1999.99 0.0723797
0.22 5.53906 1999.99 -2392.95 -5.53906 -1999.99 0.0765066
0.225 5.78509 1999.99 -2499.24 -5.78509 -1999.99 0.0807317
0.23 6.03569 1999.99 -2607.5 -6.03569 -1999.99 0.085044
0.235 6.29076 1999.99 -2717.7 -6.29076 -1999.99 0.0894326
0.24 6.55018 1999.99 -2829.77 -6.55018 -1999.99 0.0938836
0.245 6.81384 1999.99 -2943.68 -6.81384 -1999.99 0.0983825
0.25 7.08168 1999.99 -3059.39 -7.08168 -1999.99 0.102919
0.255 7.35363 1999.99 -3176.87 -7.35363 -1999.99 0.107485
0.26 7.62966 1999.99 -3296.12 -7.62966 -1999.99 0.11208
0.265 7.90979 1999.99 -3417.15 -7.90979 -1999.99 0.116707
0.27 8.19409 1999.99 -3539.97 -8.19409 -1999.99 0.121375
0.275 8.48257 1999.99 -3664.6 -8.48257 -1999.99 0.126093
0.28 8.77523 1999.99 -3791.03 -8.77523 -1999.99 0.130856
0.285 9.07202 1999.99 -3919.25 -9.07202 -1999.99 0.135652
0.29 9.37287 1999.99 -4049.22 -9.37287 -1999.99 0.140466
0.295 9.67773 1999.99 -4180.93 -9.67773 -1999.99 0.145284
0.3 9.98655 1999.99 -4314.34 -9.98655 -1999.99 0.150093
0.305 10.2993 1999.99 -4449.43 -10.2993 -1999.99 0.154881
0.31 10.6158 1999.99 -4586.18 -10.6158 -1999.99 0.159636
0.315 10.936 1999.99 -4724.52 -10.936 -1999.99 0.164337
0.32 11.2598 1999.99 -4864.4 -11.2598 -1999.99 0.168962
0.325 11.587 1999.99 -5005.77 -11.587 -1999.99 0.173492
0.33 11.9177 1999.99 -5148.6 -11.9177 -1999.99 0.177924
0.335 12.2517 1999.99 -5292.9 -12.2517 -1999.99 0.182267
0.34 12.589 1999.99 -5438.63 -12.589 -1999.99 0.186528
0.345 12.9296 1999.98 -5585.79 -12.9296 -1999.98 0.190709
0.35 13.2734 1999.98 -5734.32 -13.2734 -1999.98 0.194806
0.355 13.6204 1999.98 -5884.19 -13.6204 -1999.98 0.198807
0.36 13.9702 1999.98 -6035.34 -13.9702 -1999.98 0.2027
0.365 14.323 1999.98 -6187.72 -14.323 -1999.98 0.206479
0.37 14.6785 1999.98 -6341.31 -14.6785 -1999.98 0.210148
0.375 15.0367 1999.98 -6496.08 -15.0367 -1999.98 0.21372
0.38 15.3976 1999.98 -6652 -15.3976 -1999.98 0.217201
0.385 15.7611 1999.98 -6809.04 -15.7611 -1999.98 0.220591
0.39 16.1272 1999.98 -6967.16 -16.1272 -1999.98 0.223898
0.395 16.4957 1999.98 -7126.35 -16.4957 -1999.98 0.227144
0.4 16.8665 1999.98 -7286.58 -16.8665 -1999.98 0.230332
0.405 17.2397 1999.98 -7447.8 -17.2397 -1999.98 0.233451
0.41 17.6152 1999.98 -7610.01 -17.6152 -1999.98 0.236509
0.415 17.9929 1999.98 -7773.16 -17.9929 -1999.98 0.239513
0.42 18.3726 1999.98 -7937.22 -18.3726 -1999.98 0.242478
0.425 18.7545 1999.98 -8102.18 -18.7545 -1999.98 0.24544
0.43 19.1383 1999.98 -8268 -19.1383 -1999.98 0.24839
0.435 19.5241 1999.98 -8434.64 -19.5241 -1999.98 0.251295
0.44 19.9117 1999.98 -8602.09 -19.9117 -1999.98 0.254166
0.445 20.3011 1999.98 -8770.32 -20.3011 -1999.98 0.257009
0.45 20.6922 1999.98 -8939.29 -20.6922 -1999.98 0.259829
0.455 21.085 1999.98 -9108.97 -21.085 -1999.98 0.262632
0.46 21.4794 1999.98 -9279.35 -21.4794 -1999.98 0.265423
0.465 21.8753 1999.97 -9450.38 -21.8753 -1999.97 0.268206
0.47 22.2726 1999.97 -9622.04 -22.2726 -1999.97 0.270984
0.475 22.6714 1999.97 -9794.31 -22.6714 -1999.97 0.273761
0.48 23.0691 1999.98 -9966.46 -23.0691 -1999.98 0.604062
0.485 23.4661 1999.99 -10138.3 -23.4661 -1999.99 0.967612
0.49 23.866 1999.99 -10311 -23.866 -1999.99 0.894067
0.495 24.2631 2000 -10482.9 -24.2631 -2000 1.20533
0.5 24.6635 1999.99 -10655.7 -24.6635 -1999.99 1.02822
0.505 25.0654 1999.99 -10829.1 -25.0654 -1999.99 0.886883
0.51 25.4492 2000.08 -10997.5 -25.4492 -2000.08 3.41928
0.515 25.8357 2000.12 -11165.6 -25.8357 -2000.12 4.59422
0.52 26.2307 2000.09 -11335.4 -26.2307 -2000.09 3.74204
0.525 26.6264 2000.06 -11505.7 -26.6264 -2000.06 3.07026
0.53 27.0228 2000.05 -11676.4 -27.0228 -2000.05 2.54062
0.535 27.4199 2000.03 -11847.5 -27.4199 -2000.03 2.11617
0.54 27.8128 2000.05 -12017.4 -27.8128 -2000.05 2.23782
0.545 28.1765 2000.2 -12177.8 -28.1765 -2000.2 5.56008
0.55 28.5479 2000.22 -12339 -28.5479 -2000.22 6.26347
0.555 28.9214 2000.2 -12499.6 -28.9214 -2000.2 5.49882
0.56 29.2868 2000.21 -12657 -29.2868 -2000.21 5.12052
0.565 29.6536 2000.16 -12814.5 -29.6536 -2000.16 4.19736
0.57 30.0188 2000.12 -12971.6 -30.0188 -2000.12 3.45637
0.575 30.3824 2000.09 -13128.1 -30.3824 -2000.09 2.86141
0.58 30.6971 2000.43 -13267.6 -30.6971 -2000.43 6.49213
0.585 31.0001 2000.63 -13401.8 -31.0001 -2000.63 9.73845
0.59 31.3141 2000.54 -13536.8 -31.3141 -2000.54 9.08322
0.595 31.6307 2000.43 -13671.8 -31.6307 -2000.43 7.35187
0.6 31.9454 2000.34 -13806.4 -31.9454 -2000.34 5.98742
0.605 32.2584 2000.27 -13940.5 -32.2584 -2000.27 4.89191
0.61 32.57 2000.21 -14074.3 -32.57 -2000.21 4.01238
0.615 32.8801 2000.16 -14207.5 -32.8801 -2000.16 3.30625
0.62 33.189 2000.12 -14340.4 -33.189 -2000.12 2.73942
0.625 33.4967 2000.09 -14472.9 -33.4967 -2000.09 2.28443
0.63 33.7886 2000.21 -14599.8 -33.7886 -2000.21 3.16087
0.635 34.0567 2000.37 -14717.4 -34.0567 -2000.37 4.90322
0.64 34.3267 2000.32 -14833.9 -34.3267 -2000.32 4.80999
0.645 34.5987 2000.25 -14950.6 -34.5987 -2000.25 3.94307
0.65 34.8698 2000.2 -15067 -34.8698 -2000.2 3.24745
0.655 35.1399 2000.15 -15183.1 -35.1399 -2000.15 2.6892
0.66 35.4092 2000.12 -15299 -35.4092 -2000.12 2.24125
0.665 35.6777 2000.09 -15414.7 -35.6777 -2000.09 1.88185
0.67 35.9455 2000.07 -15530 -35.9455 -2000.07 1.59355
0.675 36.2125 2000.05 -15645.2 -36.2125 -2000.05 1.36238
0.68 36.479 2000.03 -15760.1 -36.479 -2000.03 1.17713
0.685 36.7451 2000.02 -15874.9 -36.7451 -2000.02 1.02885
0.69 37.011 2000.01 -15989.7 -37.011 -2000.01 0.9104
0.695 37.2626 2000.16 -16099.4 -37.2626 -2000.16 1.93348
0.7 37.5046 2000.28 -16204.7 -37.5046 -2000.28 2.71354
0.705 37.7505 2000.22 -16310.5 -37.7505 -2000.22 2.25845
0.71 37.9948 2000.18 -16415.9 -37.9948 -2000.18 2.1177
0.715 38.2357 2000.16 -16520.1 -38.2357 -2000.16 2.22412
0.72 38.4746 2000.14 -16623.3 -38.4746 -2000.14 2.22924
0.725 38.7112 2000.12 -16725.4 -38.7112 -2000.12 2.173
0.73 38.9461 2000.09 -16826.5 -38.9461 -2000.09 1.83092
0.735 39.175 2000.08 -16925.4 -39.175 -2000.08 1.84679
0.74 39.4014 2000.06 -17023 -39.4014 -2000.06 1.56249
0.745 39.6241 2000.05 -17119 -39.6241 -2000.05 1.33243
0.75 39.8376 2000.08 -17211.9 -39.8376 -2000.08 2.00568
0.755 40.0417 2000.12 -17300.9 -40.0417 -2000.12 2.88036
0.76 40.2466 2000.09 -17388.9 -40.2466 -2000.09 2.38929
0.765 40.4485 2000.07 -17475.7 -40.4485 -2000.07 1.99367
0.77 40.6477 2000.05 -17561.5 -40.6477 -2000.05 1.67476
0.775 40.8445 2000.04 -17646.3 -40.8445 -2000.04 1.41768
0.78 41.039 2000.03 -17730.1 -41.039 -2000.03 1.22679
0.785 41.2197 2000.11 -17808.3 -41.2197 -2000.11 1.44232
0.79 41.3973 2000.1 -17885.2 -41.3973 -2000.1 1.57265
0.795 41.5646 2000.14 -17958.3 -41.5646 -2000.14 2.42772
0.8 41.7337 2000.11 -18031 -41.7337 -2000.11 2.0169
0.805 41.901 2000.08 -18102.9 -41.901 -2000.08 1.68635
0.81 42.0613 2000.11 -18172.8 -42.0613 -2000.11 2.29472
0.815 42.2212 2000.11 -18242 -42.2212 -2000.11 2.42292
0.82 42.3815 2000.09 -18310.8 -42.3815 -2000.09 2.01352
0.825 42.5409 2000.07 -18379.3 -42.5409 -2000.07 1.6848
0.83 42.6993 2000.05 -18447.5 -42.6993 -2000.05 1.4209
0.835 42.8451 2000.15 -18512.2 -42.8451 -2000.15 3.10926
0.84 42.9904 2000.19 -18575.7 -42.9904 -2000.19 3.89068
0.845 43.1394 2000.15 -18639.4 -43.1394 -2000.15 3.20094
0.85 43.2881 2000.12 -18703.1 -43.2881 -2000.12 2.64828
0.855 43.4365 2000.09 -18766.8 -43.4365 -2000.09 2.20553
0.86 43.5848 2000.07 -18830.5 -43.5848 -2000.07 1.85107
0.865 43.733 2000.05 -18894.2 -43.733 -2000.05 1.56752
0.87 43.881 2000.04 -18958 -43.881 -2000.04 1.34089
0.875 44.0154 2000.16 -19017.9 -44.0154 -2000.16 3.26441
0.88 44.15 2000.2 -19076.9 -44.15 -2000.2 4.05337
0.885 44.2879 2000.16 -19135.7 -44.2879 -2000.16 3.34946
0.89 44.4245 2000.13 -19194.2 -44.4245 -2000.13 2.78481
0.895 44.5595 2000.1 -19252 -44.5595 -2000.1 2.33109
0.9 44.6923 2000.08 -19309.1 -44.6923 -2000.08 1.96571
0.905 44.8168 2000.11 -19363.4 -44.8168 -2000.11 2.52977
0.91 44.9389 2000.12 -19416.2 -44.9389 -2000.12 2.59525
0.915 45.0427 2000.25 -19463.1 -45.0427 -2000.25 4.61096
0.92 45.146 2000.27 -19508.1 -45.146 -2000.27 5.0298
0.925 45.248 2000.22 -19551.3 -45.248 -2000.22 4.12784
0.93 45.3451 2000.17 -19592.5 -45.3451 -2000.17 3.39765
0.935 45.4377 2000.14 -19631.9 -45.4377 -2000.14 2.80518
0.94 45.526 2000.11 -19669.6 -45.526 -2000.11 2.32383
0.945 45.6107 2000.09 -19705.7 -45.6107 -2000.09 1.93244
0.95 45.6921 2000.07 -19740.6 -45.6921 -2000.07 1.61413
0.955 45.771 2000.05 -19774.4 -45.771 -2000.05 1.35534
0.96 45.8432 2000.09 -19806 -45.8432 -2000.09 1.78984
0.965 45.9105 2000.16 -19835.2 -45.9105 -2000.16 1.84239
0.97 45.977 2000.14 -19863.5 -45.977 -2000.14 1.45736
0.975 46.0419 2000.11 -19891.3 -46.0419 -2000.11 1.22545
0.98 46.1062 2000.09 -19918.9 -46.1062 -2000.09 1.0387
0.985 46.1699 2000.07 -19946.3 -46.1699 -2000.07 0.888615
0.99 46.2333 2000.06 -19973.6 -46.2333 -2000.06 0.768322
0.995 46.2965 2000.04 -20000.8 -46.2965 -2000.04 0.672234
1 46.3594 2000.04 -20027.8 -46.3594 -2000.04 0.553994
1.005 46.4215 2000.05 -20054.5 -46.4215 -2000.05 0.447264
1.01 46.4828 2000.04 -20081 -46.4828 -2000.04 0.414248
1.015 46.5433 2000.03 -20107.1 -46.5433 -2000.03 0.38745
1.02 46.6021 2000.03 -20132.6 -46.6021 -2000.03 0.474222
1.025 46.6557 2000.06 -20156.3 -46.6557 -2000.06 1.04627
1.03 46.7072 2000.07 -20178.8 -46.7072 -2000.07 1.27103
1.035 46.7575 2000.06 -20200.3 -46.7575 -2000.06 1.07092
1.04 46.8056 2000.05 -20220.9 -46.8056 -2000.05 0.907057
1.045 46.8519 2000.04 -20240.8 -46.8519 -2000.04 0.772413
1.05 46.8965 2000.03 -20259.9 -46.8965 -2000.03 0.661692
1.055 46.9396 2000.02 -20278.5 -46.9396 -2000.02 0.57062
1.06 46.9814 2000.02 -20296.5 -46.9814 -2000.02 0.495662
1.065 47.0221 2000.01 -20314 -47.0221 -2000.01 0.433944
1.07 47.0619 2000.01 -20331.1 -47.0619 -2000.01 0.383188
1.075 47.1009 2000.02 -20347.8 -47.1009 -2000.02 0.281543
1.08 47.1388 2000.02 -20364.2 -47.1388 -2000.02 0.214467
1.085 47.1759 2000.02 -20380.2 -47.1759 -2000.02 0.204061
1.09 47.2121 2000.01 -20395.8 -47.2121 -2000.01 0.194682
1.095 47.2473 2000.01 -20411 -47.2473 -2000.01 0.185882
1.1 47.281 2000.01 -20425.6 -47.281 -2000.01 0.177034
1.105 47.3128 2000.01 -20439.3 -47.3128 -2000.01 0.16752
1.11 47.3418 2000.01 -20451.9 -47.3418 -2000.01 0.246175
1.115 47.3679 2000.01 -20463.2 -47.3679 -2000.01 0.281164
1.12 47.3913 2000.01 -20473.3 -47.3913 -2000.01 0.241317
1.125 47.4115 2000.01 -20482 -47.4115 -2000.01 0.205741
1.13 47.4283 2000.01 -20489.2 -47.4283 -2000.01 0.173858
1.135 47.442 2000 -20495.1 -47.442 -2000 0.145441
1.14 47.4525 2000 -20499.6 -47.4525 -2000 0.120601
1.145 47.4603 2000 -20502.9 -47.4603 -2000 0.0991677
1.15 47.4655 2000 -20505.2 -47.4655 -2000 0.0807726
1.155 47.4683 2000 -20506.4 -47.4683 -2000 0.0652807
1.16 47.469 2000 -20506.7 -47.469 -2000 0.05249
1.165 47.4649 1999.99 -20505.2 -47.4649 -1999.99 0.372327
1.17 47.4572 1999.98 -20502.1 -47.4572 -1999.98 0.576622
1.175 47.4469 1999.99 -20497.5 -47.4469 -1999.99 0.461223
1.18 47.4332 1999.99 -20491.5 -47.4332 -1999.99 0.369672
1.185 47.417 1999.99 -20484.4 -47.417 -1999.99 0.295485
1.19 47.3988 1999.99 -20476.5 -47.3988 -1999.99 0.234777
1.195 47.3791 1999.99 -20468 -47.3791 -1999.99 0.185118
1.2 47.3586 2000 -20459.1 -47.3586 -2000 0.144612
1.205 47.3376 2000 -20450 -47.3376 -2000 0.111634
1.21 47.3165 2000 -20440.8 -47.3165 -2000 0.0846917
1.215 47.2955 2000 -20431.7 -47.2955 -2000 0.0627216
1.22 47.2742 2000 -20422.5 -47.2742 -2000 0.0447181
1.225 47.2523 2000 -20413 -47.2523 -2000 0.0297052
1.23 47.2292 2000 -20403 -47.2292 -2000 0.0167531
1.235 47.2041 2000 -20392.2 -47.2041 -2000 0.00492635
1.24 47.1763 2000 -20380.2 -47.1763 -2000 -0.00677297
1.245 47.1451 2000 -20366.7 -47.1451 -2000 -0.0193482
1.25 47.1101 2000 -20351.5 -47.1101 -2000 -0.0290321
1.255 47.0707 2000 -20334.5 -47.0707 -2000 -0.0146402
1.26 47.0271 2000 -20315.7 -47.0271 -2000 -0.0405148
1.265 46.9794 2000 -20295 -46.9794 -2000 -0.0682119
1.27 46.9269 2000.01 -20272.3 -46.9269 -2000.01 -0.0902179
1.275 46.8699 2000.01 -20247.7 -46.8699 -2000.01 -0.119932
1.28 46.8085 2000.01 -20221.1 -46.8085 -2000.01 -0.159137
1.285 46.7426 2000 -20192.6 -46.7426 -2000 -0.200556
1.29 46.6722 2000 -20162.2 -46.6722 -2000 -0.244169
1.295 46.5975 2000 -20129.8 -46.5975 -2000 -0.289414
1.3 46.5186 1999.99 -20095.7 -46.5186 -1999.99 -0.335485
1.305 46.4356 1999.99 -20059.8 -46.4356 -1999.99 -0.381261
1.31 46.3489 1999.99 -20022.3 -46.3489 -1999.99 -0.425354
1.315 46.2588 1999.99 -19983.3 -46.2588 -1999.99 -0.466388
1.32 46.1654 1999.99 -19943 -46.1654 -1999.99 -0.503192
1.325 46.0694 1999.98 -19901.4 -46.0694 -1999.98 -0.565108
1.33 45.97 1999.99 -19858.4 -45.97 -1999.99 -0.614898
1.335 45.8674 2000 -19814.1 -45.8674 -2000 -0.631027
1.34 45.7624 1999.99 -19768.7 -45.7624 -1999.99 -0.639054
1.345 45.6533 2000.01 -19721.9 -45.6533 -2000.01 -0.271618
1.35 45.5397 2000.05 -19673.2 -45.5397 -2000.05 0.0439452
1.355 45.4251 2000.05 -19623.5 -45.4251 -2000.05 -0.203794
1.36 45.3063 2000.06 -19572.1 -45.3063 -2000.06 -0.269564
1.365 45.1869 2000.05 -19520.4 -45.1869 -2000.05 -0.310774
1.37 45.068 2000.04 -19469 -45.068 -2000.04 -0.337221
1.375 44.9502 2000.03 -19418.1 -44.9502 -2000.03 -0.351924
1.38 44.8346 2000 -19368.1 -44.8346 -2000 -0.430247
1.385 44.7212 1999.99 -19319.1 -44.7212 -1999.99 -0.45555
1.39 44.6103 1999.99 -19271.2 -44.6103 -1999.99 -0.42643
1.395 44.5024 1999.99 -19224.6 -44.5024 -1999.99 -0.396389
1.4 44.397 1999.99 -19179.2 -44.397 -1999.99 -0.3198
1.405 44.2865 2000.04 -19132.2 -44.2865 -2000.04 0.465058
1.41 44.1801 2000.03 -19086.2 -44.1801 -2000.03 0.342051
1.415 44.0751 2000.03 -19040.7 -44.0751 -2000.03 0.245985
1.42 43.9705 2000.02 -18995.4 -43.9705 -2000.02 0.170734
1.425 43.8652 2000.01 -18949.9 -43.8652 -2000.01 0.111548
1.43 43.7587 2000 -18903.7 -43.7587 -2000 -0.0126479
1.435 43.6497 1999.99 -18856.6 -43.6497 -1999.99 -0.0749367
1.44 43.5379 1999.99 -18808.3 -43.5379 -1999.99 -0.0853196
1.445 43.4229 1999.99 -18758.6 -43.4229 -1999.99 -0.0936811
1.45 43.3043 1999.99 -18707.4 -43.3043 -1999.99 -0.100503
1.455 43.182 1999.99 -18654.5 -43.182 -1999.99 -0.106145
1.46 43.043 2000.11 -18596.5 -43.043 -2000.11 1.89056
1.465 42.9009 2000.16 -18535.9 -42.9009 -2000.16 2.70264
1.47 42.7543 2000.15 -18472.5 -42.7543 -2000.15 2.6409
1.475 42.6015 2000.15 -18406.4 -42.6015 -2000.15 2.58418
1.48 42.4451 2000.12 -18338.3 -42.4451 -2000.12 2.05459
1.485 42.2841 2000.1 -18268.4 -42.2841 -2000.1 1.62927
1.49 42.1185 2000.08 -18196.5 -42.1185 -2000.08 1.28803
1.495 41.9481 2000.06 -18122.6 -41.9481 -2000.06 1.01403
1.5 41.7712 2000.06 -18046.2 -41.7712 -2000.06 1.0193
1.505 41.5745 2000.13 -17962.6 -41.5745 -2000.13 2.36896
1.51 41.3771 2000.1 -17876.8 -41.3771 -2000.1 1.88487
1.515 41.1746 2000.08 -17788.9 -41.1746 -2000.08 1.49444
1.52 40.9678 2000.07 -17699.3 -40.9678 -2000.07 1.18105
1.525 40.7575 2000.05 -17608.2 -40.7575 -2000.05 0.929691
1.53 40.5445 2000.04 -17516 -40.5445 -2000.04 0.724453
1.535 40.3302 2000.03 -17423.2 -40.3302 -2000.03 0.514693
1.54 40.0971 2000.16 -17325.1 -40.0971 -2000.16 3.17639
1.545 39.8639 2000.22 -17225.6 -39.8639 -2000.22 4.38965
1.55 39.6363 2000.18 -17126.4 -39.6363 -2000.18 3.50866
1.555 39.4022 2000.22 -17024.9 -39.4022 -2000.22 3.19185
1.56 39.1575 2000.29 -16919.5 -39.1575 -2000.29 3.48033
1.565 38.9081 2000.27 -16811.8 -38.9081 -2000.27 3.53824
1.57 38.6592 2000.22 -16703.6 -38.6592 -2000.22 2.82622
1.575 38.3971 2000.25 -16591.4 -38.3971 -2000.25 3.90076
1.58 38.1262 2000.28 -16475.3 -38.1262 -2000.28 4.77747
1.585 37.8568 2000.23 -16358 -37.8568 -2000.23 3.82392
1.59 37.5836 2000.18 -16239.2 -37.5836 -2000.18 3.05774
1.595 37.3067 2000.14 -16118.9 -37.3067 -2000.14 2.44297
1.6 37.0262 2000.12 -15997.3 -37.0262 -2000.12 1.94999
1.605 36.7428 2000.09 -15874.5 -36.7428 -2000.09 1.55468
1.61 36.4529 2000.1 -15749.5 -36.4529 -2000.1 1.89446
1.615 36.1492 2000.16 -15619.6 -36.1492 -2000.16 3.17114
1.62 35.8501 2000.13 -15489.8 -35.8501 -2000.13 2.53579
1.625 35.5505 2000.1 -15359.8 -35.5505 -2000.1 2.02605
1.63 35.2476 2000.1 -15229.1 -35.2476 -2000.1 2.08603
1.635 34.9442 2000.1 -15097.9 -34.9442 -2000.1 2.05075
1.64 34.6242 2000.25 -14960.8 -34.6242 -2000.25 3.16301
1.645 34.2887 2000.38 -14817 -34.2887 -2000.38 4.32076
1.65 33.9508 2000.34 -14671.3 -33.9508 -2000.34 4.49128
1.655 33.6116 2000.3 -14524.4 -33.6116 -2000.3 4.24301
1.66 33.271 2000.24 -14376.5 -33.271 -2000.24 3.40268
1.665 32.9256 2000.2 -14226.6 -32.9256 -2000.2 2.72889
1.67 32.5746 2000.16 -14074.4 -32.5746 -2000.16 2.18843
1.675 32.2172 2000.13 -13919.6 -32.2172 -2000.13 1.75465
1.68 31.8534 2000.1 -13762.1 -31.8534 -2000.1 1.40689
1.685 31.4833 2000.08 -13601.9 -31.4833 -2000.08 1.12836
1.69 31.1073 2000.07 -13439.3 -31.1073 -2000.07 0.905269
1.695 30.726 2000.05 -13274.3 -30.726 -2000.05 0.716648
1.7 30.2962 2000.4 -13092.3 -30.2962 -2000.4 4.32131
1.705 29.8611 2000.54 -12905.7 -29.8611 -2000.54 5.73844
1.71 29.4278 2000.43 -12717.4 -29.4278 -2000.43 4.61353
1.715 28.979 2000.4 -12523.9 -28.979 -2000.4 4.98501
1.72 28.5179 2000.38 -12325.1 -28.5179 -2000.38 5.39174
1.725 28.0545 2000.3 -12123.9 -28.0545 -2000.3 4.33555
1.73 27.5842 2000.24 -11919.9 -27.5842 -2000.24 3.48828
1.735 27.1085 2000.19 -11713.7 -27.1085 -2000.19 2.79887
1.74 26.6112 2000.28 -11499.9 -26.6112 -2000.28 3.86648
1.745 26.0694 2000.49 -11268.3 -26.0694 -2000.49 6.36871
1.75 25.542 2000.39 -11039.3 -25.542 -2000.39 5.09007
1.755 25.0156 2000.33 -10811.4 -25.0156 -2000.33 4.64734
1.76 24.4663 2000.42 -10576.4 -24.4663 -2000.42 6.96223
1.765 23.9307 2000.4 -10344.6 -23.9307 -2000.4 6.5283
1.77 23.409 2000.33 -10118 -23.409 -2000.33 5.35104
1.775 22.8835 2000.33 -9890.9 -22.8835 -2000.33 5.24094
1.78 22.3741 2000.26 -9669.85 -22.3741 -2000.26 4.22141
1.785 21.8768 2000.21 -9454.19 -21.8768 -2000.21 3.40221
1.79 21.3867 2000.19 -9242.35 -21.3867 -2000.19 3.30909
1.795 20.8855 2000.23 -9027.53 -20.8855 -2000.23 4.99433
1.8 20.4034 2000.18 -8818.27 -20.4034 -2000.18 4.01038
1.805 19.9294 2000.14 -8612.75 -19.9294 -2000.14 3.22942
1.81 19.4625 2000.12 -8410.4 -19.4625 -2000.12 2.59717
1.815 19.0014 2000.09 -8210.68 -19.0014 -2000.09 2.09568
1.82 18.5454 2000.07 -8013.29 -18.5454 -2000.07 1.69278
1.825 18.0943 2000.06 -7818.09 -18.0943 -2000.06 1.36905
1.83 17.6224 2000.15 -7617.47 -17.6224 -2000.15 4.60828
1.835 17.1585 2000.19 -7418.32 -17.1585 -2000.19 5.84754
1.84 16.706 2000.15 -7221.72 -16.706 -2000.15 4.70466
1.845 16.2552 2000.12 -7026.03 -16.2552 -2000.12 3.78711
1.85 15.7993 2000.12 -6829.23 -15.7993 -2000.12 3.9262
1.855 15.3462 2000.11 -6633.2 -15.3462 -2000.11 3.64565
1.86 14.8937 2000.09 -6437.32 -14.8937 -2000.09 3.22399
1.865 14.438 2000.09 -6240.32 -14.438 -2000.09 3.10723
1.87 13.9835 2000.07 -6043.4 -13.9835 -2000.07 2.50491
1.875 13.5278 2000.06 -5846.03 -13.5278 -2000.06 2.02154
1.88 13.0706 2000.05 -5648.13 -13.0706 -2000.05 1.63369
1.885 12.6118 2000.03 -5449.65 -12.6118 -2000.03 1.33456
1.89 12.1512 2000.02 -5250.41 -12.1512 -2000.02 1.08977
1.895 11.6882 2000.02 -5050.2 -11.6882 -2000.02 0.887481
1.9 11.2223 2000.01 -4848.73 -11.2223 -2000.01 0.712956
1.905 10.7525 2000 -4645.63 -10.7525 -2000 0.571237
1.91 10.2782 2000 -4440.65 -10.2782 -2000 0.4771
1.915 9.80026 2000 -4234.1 -9.80026 -2000 0.388395
1.92 9.32045 2000 -4026.75 -9.32045 -2000 0.313338
1.925 8.84076 2000 -3819.48 -8.84076 -2000 0.266379
1.93 8.36334 1999.99 -3613.2 -8.36334 -1999.99 0.239681
1.935 7.89018 1999.99 -3408.78 -7.89018 -1999.99 0.223602
1.94 7.42306 1999.99 -3206.95 -7.42306 -1999.99 0.190983
1.945 6.96384 1999.98 -3008.51 -6.96384 -1999.98 0.128934
1.95 6.51248 1999.98 -2813.51 -6.51248 -1999.98 0.121688
1.955 6.06917 1999.99 -2622 -6.06917 -1999.99 0.113157
1.96 5.63373 1999.98 -2433.83 -5.63373 -1999.98 0.0612804
1.965 5.20505 1999.97 -2248.63 -5.20505 -1999.97 0.04849
1.97 4.78167 1999.98 -2065.74 -4.78167 -1999.98 0.0538318
1.975 4.36344 1999.96 -1885.01 -4.36344 -1999.96 0.00519697
1.98 3.94898 1999.96 -1705.96 -3.94898 -1999.96 0.00076492
1.985 3.53803 1999.96 -1528.48 -3.53803 -1999.96 0.056035
1.99 3.13101 1999.96 -1352.69 -3.13101 -1999.96 0.094477
1.995 2.72814 1999.96 -1178.65 -2.72814 -1999.96 0.0941188
2 2.33001 1999.95 -1006.61 -2.33001 -1999.95 0.0425189
2.005 1.93542 1999.94 -836.252 -1.93542 -1999.94 0.149094
2.01 1.54463 1999.94 -667.533 -1.54463 -1999.94 0.251813
2.015 1.15768 1999.93 -500.342 -1.15768 -1999.93 0.224512
2.02 0.77373 1999.92 -334.442 -0.77373 -1999.92 0.190955
2.025 0.390472 1999.93 -168.858 -0.390472 -1999.93 0.174004
2.03 0.00726708 1999.94 -3.28994 -0.00726708 -1999.94 0.150561
2.035 -0.375797 1999.95 162.213 0.375797 -1999.95 0.131343
2.04 -0.757972 1999.95 327.199 0.757972 -1999.95 0.245275
2.045 -1.13713 1999.95 490.901 1.13713 -1999.95 0.34158
2.05 -1.50999 1999.94 652.194 1.50999 -1999.94 0.121238
2.055 -1.87798 1999.93 811.109 1.87798 -1999.93 0.177396
2.06 -2.239 1999.93 966.864 2.239 -1999.93 0.382528
2.065 -2.59216 1999.94 1119.37 2.59216 -1999.94 0.443468
2.07 -2.93782 1999.89 1268.09 2.93782 -1999.89 1.05238
2.075 -3.27644 1999.86 1413.91 3.27644 -1999.86 1.51115
2.08 -3.6079 1999.86 1556.95 3.6079 -1999.86 1.66558
2.085 -3.9315 1999.85 1697.09 3.9315 -1999.85 1.3222
2.09 -4.24965 1999.86 1834.96 4.24965 -1999.86 0.888579
2.095 -4.56353 1999.88 1970.89 4.56353 -1999.88 0.56123
2.1 -4.86739 1999.87 2102.74 4.86739 -1999.87 -0.0235143
2.105 -5.1659 1999.88 2231.88 5.1659 -1999.88 -0.211094
2.11 -5.45598 1999.89 2357.35 5.45598 -1999.89 -0.371255
2.115 -5.73737 1999.91 2478.85 5.73737 -1999.91 -0.305853
2.12 -6.00606 1999.92 2595.03 6.00606 -1999.92 -0.410967
2.125 -6.26148 1999.93 2705.4 6.26148 -1999.93 -0.437468
2.13 -6.50233 1999.94 2809.37 6.50233 -1999.94 -0.359192
2.135 -6.72713 1999.95 2906.42 6.72713 -1999.95 -0.295504
2.14 -6.93455 1999.96 2996.1 6.93455 -1999.96 -0.373096
2.145 -7.12563 1999.96 3078.7 7.12563 -1999.96 -0.428481
2.15 -7.30234 1999.97 3154.96 7.30234 -1999.97 -0.350482
2.155 -7.46563 1999.97 3225.47 7.46563 -1999.97 -0.319867
2.16 -7.61768 1999.98 3291.13 7.61768 -1999.98 -0.29398
2.165 -7.7606 1999.98 3352.85 7.7606 -1999.98 -0.265517
2.17 -7.89686 1999.98 3411.66 7.89686 -1999.98 -0.217706
2.175 -8.02878 1999.99 3468.61 8.02878 -1999.99 -0.179008
2.18 -8.15898 1999.99 3524.83 8.15898 -1999.99 -0.147791
2.185 -8.29014 1999.99 3581.46 8.29014 -1999.99 -0.122746
2.19 -8.4248 1999.99 3639.62 8.4248 -1999.99 -0.102824
2.195 -8.56503 1999.99 3700.18 8.56503 -1999.99 -0.0871687
2.2 -8.71222 1999.99 3763.75 8.71222 -1999.99 -0.0750705
2.205 -8.86693 1999.99 3830.58 8.86693 -1999.99 -0.0659182
2.21 -9.02901 1999.99 3900.59 9.02901 -1999.99 -0.0591731
2.215 -9.19753 1999.99 3973.39 9.19753 -1999.99 -0.0543429
2.22 -9.37052 1999.99 4048.12 9.37052 -1999.99 -0.0509462
2.225 -9.54492 1999.99 4123.45 9.54492 -1999.99 -0.0484863
2.23 -9.71687 1999.99 4197.73 9.71687 -1999.99 -0.0464683
2.235 -9.88239 1999.99 4269.24 9.88239 -1999.99 -0.0444625
2.24 -10.038 1999.99 4336.44 10.038 -1999.99 -0.0421669
2.245 -10.1807 1999.99 4398.09 10.1807 -1999.99 -0.0394298
2.25 -10.3085 2000 4453.33 10.3085 -2000 -0.0362359
2.255 -10.4205 2000 4501.69 10.4205 -2000 -0.0326804
2.26 -10.5166 2000 4543.22 10.5166 -2000 -0.0289322
2.265 -10.598 2000 4578.38 10.598 -2000 -0.0251858
2.27 -10.6665 2000 4607.96 10.6665 -2000 -0.0216148
2.275 -10.724 2000 4632.79 10.724 -2000 -0.0183865
2.28 -10.7719 2000 4653.47 10.7719 -2000 -0.0155321
2.285 -10.8104 2000 4670.12 10.8104 -2000 -0.0129876
2.29 -10.8388 2000 4682.38 10.8388 -2000 -0.0107348
2.295 -10.8557 2000 4689.67 10.8557 -2000 -0.00875627
2.3 -10.8596 2000 4691.36 10.8596 -2000 -0.0070596
2.305 -10.8477 1999.98 4686.25 10.8477 -1999.98 -0.034808
2.31 -10.8186 1999.96 4673.69 10.8186 -1999.96 -0.0531891
2.315 -10.7719 1999.97 4653.5 10.7719 -1999.97 -0.0426706
2.32 -10.7076 1999.98 4625.72 10.7076 -1999.98 -0.0341635
2.325 -10.6265 1999.98 4590.66 10.6265 -1999.98 -0.0272154
2.33 -10.5296 1999.98 4548.8 10.5296 -1999.98 -0.0214489
2.335 -10.4182 1999.99 4500.69 10.4182 -1999.99 -0.0165555
2.34 -10.2936 1999.99 4446.86 10.2936 -1999.99 -0.0122875
2.345 -10.1571 1999.99 4387.87 10.1571 -1999.99 -0.0085294
2.35 -10.01 1999.99 4324.33 10.01 -1999.99 -0.00514662
2.355 -9.85419 1999.99 4257.01 9.85419 -1999.99 -0.00197812
2.36 -9.69195 2000 4186.92 9.69195 -2000 0.00101128
2.365 -9.52647 2000 4115.43 9.52647 -2000 0.00379377
2.37 -9.36184 2000 4044.31 9.36184 -2000 0.00627547
2.375 -9.20269 2000 3975.55 9.20269 -2000 0.00831708
2.38 -9.05349 2000 3911.1 9.05349 -2000 0.00978354
2.385 -8.91796 2000 3852.55 8.91796 -2000 0.0105967
2.39 -8.79893 2000 3801.13 8.79893 -2000 0.0107584
2.395 -8.69857 2000 3757.77 8.69857 -2000 0.0103407
2.4 -8.61842 2000 3723.15 8.61842 -2000 0.00951952
2.405 -8.55914 2000 3697.54 8.55914 -2000 0.00842015
2.41 -8.52045 2000 3680.83 8.52045 -2000 0.00714111
2.415 -8.5014 2000 3672.6 8.5014 -2000 0.00586301
2.42 -8.50079 2000 3672.34 8.50079 -2000 0.00472418
2.425 -8.51733 2000 3679.48 8.51733 -2000 0.00827185
2.43 -8.5498 2000 3693.5 8.5498 -2000 0.0100859
2.435 -8.59749 2000 3714.11 8.59749 -2000 0.00798276
2.44 -8.66046 2000 3741.31 8.66046 -2000 0.00606045
2.445 -8.73903 2000 3775.26 8.73903 -2000 0.00404685
2.45 -8.83345 2000 3816.05 8.83345 -2000 0.00171662
2.455 -8.94403 2000 3863.82 8.94403 -2000 -0.00124939
2.46 -9.07144 2000 3918.87 9.07144 -2000 -0.00529403
2.465 -9.21671 2000 3981.63 9.21671 -2000 -0.0108299
2.47 -9.38103 2000 4052.62 9.38103 -2000 -0.0182709
2.475 -9.56541 2000 4132.29 9.56541 -2000 -0.027938
2.48 -9.77038 2000 4220.85 9.77038 -2000 -0.0399055
2.485 -9.99586 2000 4318.27 9.99586 -2000 -0.053858
2.49 -10.2414 2000 4424.36 10.2414 -2000 -0.0691019
2.495 -10.5068 2000.01 4539.03 10.5068 -2000.01 -0.0845838
2.5 -10.7924 2000.01 4662.39 10.7924 -2000.01 -0.0946937
2.505 -11.073 1999.58 4784.2 11.073 -1999.58 -0.657642
2.51 -11.3667 1999.37 4911.37 11.3667 -1999.37 -0.953376
2.515 -11.6815 1999.47 5047.3 11.6815 -1999.47 -0.883569
2.52 -12.0193 1999.55 5193.14 12.0193 -1999.55 -0.795178
2.525 -12.3824 1999.62 5349.9 12.3824 -1999.62 -0.696154
2.53 -12.7726 1999.69 5518.36 12.7726 -1999.69 -0.620561
2.535 -13.1911 1999.75 5699.1 13.1911 -1999.75 -0.56112
2.54 -13.6393 1999.79 5892.68 13.6393 -1999.79 -0.515535
2.545 -14.1189 1999.83 6099.83 14.1189 -1999.83 -0.482907
2.55 -14.632 1999.86 6321.49 14.632 -1999.86 -0.462348
2.555 -15.1811 1999.88 6558.69 15.1811 -1999.88 -0.453362
2.56 -15.7644 1999.91 6811.27 15.7644 -1999.91 -1.03897
2.565 -16.3863 1999.94 7080.43 16.3863 -1999.94 -1.57294
2.57 -17.0279 2000.06 7360.97 17.0279 -2000.06 -4.90753
2.575 -17.7055 2000.15 7656.13 17.7055 -2000.15 -7.36541
2.58 -18.4414 2000.1 7972.76 18.4414 -2000.1 -6.06941
2.585 -19.2222 2000.06 8309.06 19.2222 -2000.06 -5.0737
2.59 -20.0478 2000.03 8664.96 20.0478 -2000.03 -4.31773
2.595 -20.9174 1999.99 9040.04 20.9174 -1999.99 -3.74333
2.6 -21.787 2000.18 9420.98 21.787 -2000.18 -9.00564
2.605 -22.6997 2000.26 9817.48 22.6997 -2000.26 -11.2252
2.61 -23.6623 2000.17 10231.5 23.6623 -2000.17 -9.38924
2.615 -24.64 2000.21 10654 24.64 -2000.21 -9.49399
2.62 -25.6247 2000.3 11080.4 25.6247 -2000.3 -10.5845
2.625 -26.5269 2000.87 11478.1 26.5269 -2000.87 -18.4516
2.63 -27.4139 2001.14 11863.6 27.4139 -2001.14 -20.7525
2.635 -28.3387 2000.87 12259.5 28.3387 -2000.87 -17.1493
2.64 -29.2771 2000.65 12662 29.2771 -2000.65 -14.3529
2.645 -30.1954 2000.75 13059.2 30.1954 -2000.75 -14.8478
2.65 -31.031 2001.22 13426.3 31.031 -2001.22 -20.9045
2.655 -31.8933 2001.02 13797.7 31.8933 -2001.02 -19.7425
2.66 -32.7698 2000.77 14173.1 32.7698 -2000.77 -16.5221
2.665 -33.6509 2000.56 14551.2 33.6509 -2000.56 -14.0203
2.67 -34.4715 2001.09 14908.8 34.4715 -2001.09 -17.1433
2.675 -35.2841 2001.3 15260.8 35.2841 -2001.3 -18.0876
2.68 -36.1075 2001.02 15614.5 36.1075 -2001.02 -16.1074
2.685 -36.926 2000.83 15967.2 36.926 -2000.83 -15.1966
2.69 -37.7494 2000.64 16321.5 37.7494 -2000.64 -13.7395
2.695 -38.523 2000.99 16660.5 38.523 -2000.99 -18.5273
2.7 -39.2495 2001.37 16978.6 39.2495 -2001.37 -22.8011
2.705 -39.999 2001.03 17298.8 39.999 -2001.03 -19.2126
2.71 -40.7089 2001.09 17608.6 40.7089 -2001.09 -22.3915
2.715 -41.3945 2001.21 17908.8 41.3945 -2001.21 -26.4012
2.72 -42.0756 2001.14 18203.3 42.0756 -2001.14 -26.5923
2.725 -42.7151 2001.18 18481.2 42.7151 -2001.18 -28.2717
2.73 -43.3664 2000.89 18758.3 43.3664 -2000.89 -24.044
2.735 -43.9486 2001.08 19012.3 43.9486 -2001.08 -26.4772
2.74 -44.5178 2001.1 19256.1 44.5178 -2001.1 -24.4645
2.745 -45.0035 2001.59 19475.4 45.0035 -2001.59 -33.9097
2.75 -45.5023 2001.61 19690.7 45.5023 -2001.61 -33.6396
2.755 -45.9473 2001.9 19887.3 45.9473 -2001.9 -38.0364
2.76 -46.3927 2001.89 20079.6 46.3927 -2001.89 -37.9137
2.765 -46.8032 2002.02 20254.2 46.8032 -2002.02 -35.2477
2.77 -47.2085 2002.08 20418.3 47.2085 -2002.08 -24.2178
2.775 -47.5771 2001.7 20575.6 47.5771 -2001.7 -22.2636
2.78 -47.9411 2001.3 20732.5 47.9411 -2001.3 -21.9417
2.785 -48.3031 2000.97 20889.4 48.3031 -2000.97 -22.4475
2.79 -48.6546 2000.76 21043.8 48.6546 -2000.76 -25.0403
2.795 -48.9967 2000.58 21194.7 48.9967 -2000.58 -28.122
2.8 -49.3161 2000.67 21334.1 49.3161 -2000.67 -29.5746
2.805 -49.5197 2000.43 21442.2 49.5197 -2000.43 -49.6549
2.81 -49.6864 2000.07 21528.3 49.6864 -2000.07 -63.7825
2.815 -49.8421 1999.87 21598.8 49.8421 -1999.87 -67.0115
2.82 -49.8063 1999.68 21615.3 49.8063 -1999.68 -99.0211
2.825 -49.4901 1998.14 21516.8 49.4901 -1998.14 -137.032
2.83 -49.1741 1997.08 21369.3 49.1741 -1997.08 -126.129
2.835 -48.7183 1996.37 21173.2 48.7183 -1996.37 -126.837
2.84 -48.1586 1996.28 20931.4 48.1586 -1996.28 -126.853
2.845 -47.6049 1997.06 20671.5 47.6049 -1997.06 -106.153
2.85 -46.9585 1996.78 20382.8 46.9585 -1996.78 -96.6962
2.855 -46.1724 1995.99 20046.8 46.1724 -1995.99 -100.312
2.86 -45.8983 1998.74 19828.6 45.8983 -1998.74 -0.510553
2.865 -45.6355 2001.11 19646.1 45.6355 -2001.11 68.4954
2.87 -45.1538 2000.57 19449.5 45.1538 -2000.57 56.9105
2.875 -44.8735 2001.43 19308.2 44.8735 -2001.43 77.1913
2.88 -44.5999 2001.92 19182 44.5999 -2001.92 85.107
2.885 -44.2408 2001.19 19045.5 44.2408 -2001.19 66.5609
2.89 -43.8704 2000.48 18902 43.8704 -2000.48 50.0587
2.895 -43.4713 1999.51 18745.8 43.4713 -1999.51 33.8159
2.9 -43.2335 2000.49 18629.7 43.2335 -2000.49 47.1795
2.905 -42.9637 2000.85 18511.1 42.9637 -2000.85 49.1958
2.91 -42.6417 2000.21 18384.5 42.6417 -2000.21 36.7054
2.915 -42.3156 1999.66 18253.6 42.3156 -1999.66 26.7679
2.92 -42.0704 1999.71 18142.5 42.0704 -1999.71 31.892
2.925 -41.9641 2000.15 18083.7 41.9641 -2000.15 44.7964
2.93 -41.9522 2000.26 18064.9 41.9522 -2000.26 58.4254
2.935 -41.9326 2000.33 18054.3 41.9326 -2000.33 60.6107
2.94 -41.9053 2000.48 18050.6 41.9053 -2000.48 52.5017
2.945 -41.8866 2000.58 18049.9 41.8866 -2000.58 45.1661
2.95 -41.8583 2000.33 18047.1 41.8583 -2000.33 35.6823
2.955 -41.8269 1999.96 18042.1 41.8269 -1999.96 27.1566
2.96 -41.7955 1999.65 18035.4 41.7955 -1999.65 20.3071
2.965 -41.7713 1999.6 18029.3 41.7713 -1999.6 15.9013
2.97 -41.7485 1999.56 18023 41.7485 -1999.56 12.3498
2.975 -41.7264 1999.52 18016.3 41.7264 -1999.52 9.48514
2.98 -41.7047 1999.48 18009.3 41.7047 -1999.48 7.16593
2.985 -41.6829 1999.44 18001.7 41.6829 -1999.44 5.27596
2.99 -41.6604 1999.4 17993.6 41.6604 -1999.4 3.71926
2.995 -41.6368 1999.35 17984.7 41.6368 -1999.35 2.41602
3 -41.6115 1999.29 17974.9 41.6115 -1999.29 1.29909
3.005 -41.5789 1999.02 17962.5 41.5789 -1999.02 -0.387547
3.01 -41.5338 1998.58 17945.1 41.5338 -1998.58 -2.49753
3.015 -41.4941 1998.67 17928 41.4941 -1998.67 -2.57873
3.02 -41.4507 1998.7 17909.5 41.4507 -1998.7 -2.74805
3.025 -41.4034 1998.7 17889.2 41.4034 -1998.7 -2.99369
3.03 -41.3512 1998.64 17867.1 41.3512 -1998.64 -3.33499
3.035 -41.3122 1999.01 17848 41.3122 -1999.01 -1.14172
3.04 -41.2765 1999.28 17830.8 41.2765 -1999.28 0.626681
3.045 -41.2276 1999.05 17810.8 41.2276 -1999.05 -0.419867
3.05 -41.1492 1997.83 17779.8 41.1492 -1997.83 -3.40961
3.055 -41.0443 1996.74 17738 41.0443 -1996.74 -6.83197
3.06 -40.8727 1994.56 17670.4 40.8727 -1994.56 -13.3294
3.065 -40.6789 1992.81 17592.3 40.6789 -1992.81 -18.9637
3.07 -40.6636 1998.51 17571.4 40.6636 -1998.51 -4.72354
3.075 -40.6462 2002.75 17557.5 40.6462 -2002.75 1.69722
3.08 -40.5908 2001.9 17534.1 40.5908 -2001.9 1.13758
3.085 -40.5332 2001.43 17510 40.5332 -2001.43 0.402824
3.09 -40.4697 2000.88 17483.6 40.4697 -2000.88 -0.64109
3.095 -40.4006 2000.3 17454.6 40.4006 -2000.3 -1.587
3.1 -40.3284 1999.92 17424 40.3284 -1999.92 -2.06908
3.105 -40.2509 1999.52 17391 40.2509 -1999.52 -2.58474
3.11 -40.2 2000.34 17365.2 40.2 -2000.34 1.25209
3.115 -40.169 2001.2 17347.8 40.169 -2001.2 5.20948
3.12 -40.1069 2000.1 17323.4 40.1069 -2000.1 2.80071
3.125 -40.0393 1999.33 17296.1 40.0393 -1999.33 0.914339
3.13 -39.9419 1997.22 17258 39.9419 -1997.22 -3.12734
3.135 -39.8541 1996.52 17220.8 39.8541 -1996.52 -3.85124
3.14 -39.7386 1995.27 17172.6 39.7386 -1995.27 -5.56459
3.145 -39.5037 1989.8 17078.8 39.5037 -1989.8 -13.195
3.15 -0.540584 -10.9547 168.001 0.540584 10.9547 65.5312
