0.1 -2.92171e-32 200 6.30607e-14 2.92171e-32 -200 -6.30607e-14
0.2 0 400 -1.63425e-13 -0 -400 1.63425e-13
0.3 1.22712e-30 600 1.56319e-13 -1.22712e-30 -600 -1.56319e-13
0.4 -9.34946e-31 800 3.23297e-13 9.34946e-31 -800 -3.23297e-13
0.5 0 1000 -6.00409e-13 -0 -1000 6.00409e-13
0.6 9.34946e-31 1200 5.96856e-13 -9.34946e-31 -1200 -5.96856e-13
0.7 2.33737e-30 1400 -1.11555e-12 -2.33737e-30 -1400 1.11555e-12
0.8 3.73979e-30 1600 9.09495e-13 -3.73979e-30 -1600 -9.09495e-13
0.9 -1.16868e-30 1800 4.83169e-13 1.16868e-30 -1800 -4.83169e-13
1 1.05181e-30 2000 3.12639e-13 -1.05181e-30 -2000 -3.12639e-13
0.005 0.00136803 2000 -0.592236 -0.00136803 -2000 0.0012449
0.01 0.0068337 2000 -2.9544 -0.0068337 -2000 0.00223842
0.015 0.0177527 2000 -7.67098 -0.0177527 -2000 0.00181407
0.02 0.0341122 2000 -14.738 -0.0341122 -2000 0.00151941
0.025 0.0558977 2000 -24.1491 -0.0558977 -2000 0.00132205
0.03 0.0830939 2000 -35.8978 -0.0830939 -2000 0.00121715
0.035 0.115685 2000 -49.9771 -0.115685 -2000 0.0012005
0.04 0.153654 2000 -66.3798 -0.153654 -2000 0.0012686
0.045 0.196982 2000 -85.0978 -0.196982 -2000 0.00141848
0.05 0.245652 2000 -106.123 -0.245652 -2000 0.00164768
0.055 0.299642 2000 -129.447 -0.299642 -2000 0.00195408
0.06 0.358932 2000 -155.061 -0.358932 -2000 0.00233587
0.065 0.423499 2000 -182.955 -0.423499 -2000 0.00279146
0.07 0.493321 2000 -213.118 -0.493321 -2000 0.00326679
0.075 0.568374 2000 -245.541 -0.568374 -2000 0.00376236
0.08 0.648628 2000 -280.212 -0.648628 -2000 0.00433026
0.085 0.734055 2000 -317.117 -0.734055 -2000 0.00496706
0.09 0.824627 2000 -356.245 -0.824627 -2000 0.00567104
0.095 0.920319 2000 -397.584 -0.920319 -2000 0.00644068
0.1 1.02111 2000 -441.126 -1.02111 -2000 0.00727462
0.105 1.12697 2000 -486.86 -1.12697 -2000 0.00817219
0.11 1.23789 2000 -534.778 -1.23789 -2000 0.00913282
0.115 1.35385 2000 -584.873 -1.35385 -2000 0.0101562
0.12 1.47483 2000 -637.137 -1.47483 -2000 0.0112422
0.125 1.6008 2000 -691.559 -1.6008 -2000 0.0123906
0.13 1.73175 2000 -748.131 -1.73175 -2000 0.0136014
0.135 1.86765 2000 -806.838 -1.86765 -2000 0.0148747
0.14 2.00845 2000 -867.667 -2.00845 -2000 0.0162103
0.145 2.15413 2000 -930.601 -2.15413 -2000 0.017608
0.15 2.30463 2000 -995.62 -2.30463 -2000 0.0190679
0.155 2.45991 2000 -1062.7 -2.45991 -2000 0.0205896
0.16 2.61992 2000 -1131.83 -2.61992 -2000 0.0221729
0.165 2.7846 2000 -1202.97 -2.7846 -2000 0.0238187
0.17 2.95393 2000 -1276.12 -2.95393 -2000 0.0255288
0.175 3.12787 2000 -1351.27 -3.12787 -2000 0.0273055
0.18 3.30638 2000 -1428.39 -3.30638 -2000 0.0291516
0.185 3.48946 2000 -1507.48 -3.48946 -2000 0.0310719
0.19 3.67709 2000 -1588.54 -3.67709 -2000 0.0330727
0.195 3.86927 2000 -1671.56 -3.86927 -2000 0.0351603
0.2 4.06595 2000 -1756.53 -4.06595 -2000 0.0373408
0.205 4.2671 1999.99 -1843.43 -4.2671 -1999.99 0.0396203
0.21 4.47269 1999.99 -1932.24 -4.47269 -1999.99 0.0420063
0.215 4.68266 1999.99 -2022.95 -4.68266 -1999.99 0.0445065
0.22 4.89693 1999.99 -2115.52 -4.89693 -1999.99 0.0471281
0.225 5.11542 1999.99 -2209.91 -5.11542 -1999.99 0.0498786
0.23 5.33806 1999.99 -2306.09 -5.33806 -1999.99 0.0527686
0.235 5.56476 1999.99 -2404.03 -5.56476 -1999.99 0.0558108
0.24 5.79543 1999.99 -2503.68 -5.79543 -1999.99 0.0590187
0.245 6.02998 1999.99 -2605.01 -6.02998 -1999.99 0.0624077
0.25 6.26835 1999.99 -2707.99 -6.26835 -1999.99 0.0659983
0.255 6.51048 1999.99 -2812.6 -6.51048 -1999.99 0.0698158
0.26 6.75636 1999.99 -2918.82 -6.75636 -1999.99 0.0738911
0.265 7.00601 1999.99 -3026.67 -7.00601 -1999.99 0.0782624
0.27 7.25947 1999.99 -3136.18 -7.25947 -1999.99 0.0829742
0.275 7.51679 1999.99 -3247.34 -7.51679 -1999.99 0.0880708
0.28 7.77794 1999.99 -3360.17 -7.77794 -1999.99 0.0935939
0.285 8.0429 1999.99 -3474.63 -8.0429 -1999.99 0.0995769
0.29 8.31159 1999.99 -3590.71 -8.31159 -1999.99 0.106049
0.295 8.58398 1999.99 -3708.39 -8.58398 -1999.99 0.113036
0.3 8.86001 1999.99 -3827.64 -8.86001 -1999.99 0.120557
0.305 9.13962 1999.99 -3948.45 -9.13962 -1999.99 0.128623
0.31 9.42276 1999.99 -4070.77 -9.42276 -1999.99 0.137233
0.315 9.7093 1999.99 -4194.56 -9.7093 -1999.99 0.146361
0.32 9.99913 1999.98 -4319.78 -9.99913 -1999.98 0.15596
0.325 10.2921 1999.98 -4446.37 -10.2921 -1999.98 0.165965
0.33 10.5883 1999.98 -4574.3 -10.5883 -1999.98 0.176306
0.335 10.8875 1999.98 -4703.58 -10.8875 -1999.98 0.186905
0.34 11.1898 1999.98 -4834.19 -11.1898 -1999.98 0.197668
0.345 11.4951 1999.98 -4966.1 -11.4951 -1999.98 0.208478
0.35 11.8034 1999.98 -5099.27 -11.8034 -1999.98 0.219197
0.355 12.1144 1999.98 -5233.67 -12.1144 -1999.98 0.229676
0.36 12.4282 1999.98 -5369.23 -12.4282 -1999.98 0.239755
0.365 12.7446 1999.98 -5505.93 -12.7446 -1999.98 0.249285
0.37 13.0636 1999.98 -5643.74 -13.0636 -1999.98 0.258134
0.375 13.3851 1999.98 -5782.62 -13.3851 -1999.98 0.266189
0.38 13.709 1999.98 -5922.55 -13.709 -1999.98 0.27335
0.385 14.0353 1999.97 -6063.52 -14.0353 -1999.97 0.279535
0.39 14.3639 1999.97 -6205.48 -14.3639 -1999.97 0.284687
0.395 14.6948 1999.97 -6348.42 -14.6948 -1999.97 0.288764
0.4 15.0278 1999.97 -6492.32 -15.0278 -1999.97 0.291789
0.405 15.3631 1999.97 -6637.15 -15.3631 -1999.97 0.293821
0.41 15.7004 1999.97 -6782.88 -15.7004 -1999.97 0.294816
0.415 16.0398 1999.97 -6929.5 -16.0398 -1999.97 0.294751
0.42 16.3812 1999.97 -7076.98 -16.3812 -1999.97 0.293697
0.425 16.7246 1999.97 -7225.3 -16.7246 -1999.97 0.291741
0.43 17.0698 1999.97 -7374.44 -17.0698 -1999.97 0.288975
0.435 17.4168 1999.97 -7524.36 -17.4168 -1999.97 0.285501
0.44 17.7657 1999.97 -7675.07 -17.7657 -1999.97 0.281423
0.445 18.1163 1999.97 -7826.52 -18.1163 -1999.97 0.276844
0.45 18.4686 1999.97 -7978.69 -18.4686 -1999.97 0.271869
0.455 18.8225 1999.97 -8131.57 -18.8225 -1999.97 0.266595
0.46 19.178 1999.97 -8285.14 -19.178 -1999.97 0.26112
0.465 19.535 1999.97 -8439.36 -19.535 -1999.97 0.255531
0.47 19.8935 1999.97 -8594.22 -19.8935 -1999.97 0.249914
0.475 20.2534 1999.97 -8749.7 -20.2534 -1999.97 0.244347
0.48 20.6147 1999.97 -8905.8 -20.6147 -1999.97 0.23891
0.485 20.9776 1999.97 -9062.54 -20.9776 -1999.97 0.233686
0.49 21.342 1999.97 -9219.96 -21.342 -1999.97 0.228758
0.495 21.708 1999.97 -9378.1 -21.708 -1999.97 0.224196
0.5 22.0758 1999.97 -9536.95 -22.0758 -1999.97 0.220048
0.505 22.4452 1999.97 -9696.54 -22.4452 -1999.97 0.216352
0.51 22.8163 1999.97 -9856.86 -22.8163 -1999.97 0.213141
0.515 23.1891 1999.97 -10017.9 -23.1891 -1999.97 0.210437
0.52 23.553 2000.01 -10176.5 -23.553 -2000.01 1.62394
0.525 23.9201 2000.03 -10335.7 -23.9201 -2000.03 2.22744
0.53 24.2919 2000.02 -10496 -24.2919 -2000.02 1.84101
0.535 24.6648 2000.01 -10656.7 -24.6648 -2000.01 1.53151
0.54 25.0365 2000.01 -10817.4 -25.0365 -2000.01 1.60827
0.545 25.4017 2000.03 -10975.8 -25.4017 -2000.03 2.24111
0.55 25.7715 2000.02 -11135.1 -25.7715 -2000.02 1.85992
0.555 26.1416 2000.01 -11294.7 -26.1416 -2000.01 1.55127
0.56 26.5116 2000 -11454.3 -26.5116 -2000 1.30418
0.565 26.8812 1999.99 -11613.8 -26.8812 -1999.99 1.10407
0.57 27.2357 2000.06 -11768.7 -27.2357 -2000.06 2.90319
0.575 27.5886 2000.1 -11922.1 -27.5886 -2000.1 3.85772
0.58 27.9462 2000.07 -12075.9 -27.9462 -2000.07 3.17012
0.585 28.2858 2000.16 -12223.6 -28.2858 -2000.16 4.13545
0.59 28.6164 2000.23 -12367.1 -28.6164 -2000.23 4.76647
0.595 28.9517 2000.18 -12511 -28.9517 -2000.18 3.90151
0.6 29.2858 2000.14 -12654.7 -29.2858 -2000.14 3.20964
0.605 29.619 2000.11 -12798 -29.619 -2000.11 2.65613
0.61 29.9353 2000.17 -12936.5 -29.9353 -2000.17 4.4196
0.615 30.2484 2000.23 -13072.7 -30.2484 -2000.23 5.3952
0.62 30.5504 2000.27 -13203.3 -30.5504 -2000.27 5.53452
0.625 30.8559 2000.21 -13334.3 -30.8559 -2000.21 4.52568
0.63 31.1604 2000.17 -13465 -31.1604 -2000.17 3.71844
0.635 31.4642 2000.13 -13595.6 -31.4642 -2000.13 3.07249
0.64 31.7675 2000.1 -13726.1 -31.7675 -2000.1 2.54871
0.645 32.0702 2000.08 -13856.5 -32.0702 -2000.08 2.12407
0.65 32.3724 2000.06 -13986.7 -32.3724 -2000.06 1.77989
0.655 32.6656 2000.1 -14114 -32.6656 -2000.1 2.49578
0.66 32.9277 2000.26 -14229.2 -32.9277 -2000.26 4.4402
0.665 33.1983 2000.21 -14345.3 -33.1983 -2000.21 3.65792
0.67 33.468 2000.16 -14461.2 -33.468 -2000.16 3.02378
0.675 33.7371 2000.13 -14576.9 -33.7371 -2000.13 2.50939
0.68 34.0057 2000.1 -14692.6 -34.0057 -2000.1 2.09232
0.685 34.274 2000.08 -14808.1 -34.274 -2000.08 1.75427
0.69 34.5423 2000.06 -14923.8 -34.5423 -2000.06 1.48046
0.695 34.8108 2000.04 -15039.5 -34.8108 -2000.04 1.25888
0.7 35.0798 2000.03 -15155.6 -35.0798 -2000.03 1.07982
0.705 35.3494 2000.02 -15271.9 -35.3494 -2000.02 0.935318
0.71 35.6191 2000.01 -15388.3 -35.6191 -2000.01 0.818811
0.715 35.8833 2000.05 -15502.8 -35.8833 -2000.05 1.16101
0.72 36.1241 2000.2 -15608.3 -36.1241 -2000.2 2.70247
0.725 36.3663 2000.18 -15713 -36.3663 -2000.18 2.74542
0.73 36.6078 2000.14 -15816.9 -36.6078 -2000.14 2.28451
0.735 36.8464 2000.11 -15919.6 -36.8464 -2000.11 1.90991
0.74 37.0817 2000.09 -16020.9 -37.0817 -2000.09 1.60512
0.745 37.3134 2000.06 -16120.8 -37.3134 -2000.06 1.3569
0.75 37.5417 2000.05 -16219.2 -37.5417 -2000.05 1.15459
0.755 37.7667 2000.04 -16316.2 -37.7667 -2000.04 0.989601
0.76 37.9886 2000.02 -16411.9 -37.9886 -2000.02 0.855021
0.765 38.2077 2000.02 -16506.5 -38.2077 -2000.02 0.745288
0.77 38.4243 2000.01 -16600 -38.4243 -2000.01 0.655919
0.775 38.6389 2000 -16692.6 -38.6389 -2000 0.583278
0.78 38.8515 2000 -16784.4 -38.8515 -2000 0.524383
0.785 39.0623 2000 -16875.4 -39.0623 -2000 0.476775
0.79 39.2713 1999.99 -16965.6 -39.2713 -1999.99 0.43841
0.795 39.4666 2000.12 -17051.1 -39.4666 -2000.12 1.49558
0.8 39.6539 2000.21 -17132.8 -39.6539 -2000.21 2.3122
0.805 39.843 2000.17 -17214.1 -39.843 -2000.17 1.92737
0.81 40.0306 2000.13 -17294.8 -40.0306 -2000.13 1.61572
0.815 40.2169 2000.11 -17375.1 -40.2169 -2000.11 1.36351
0.82 40.3994 2000.1 -17454.1 -40.3994 -2000.1 1.57374
0.825 40.5811 2000.1 -17532.7 -40.5811 -2000.1 1.61803
0.83 40.7599 2000.1 -17610.1 -40.7599 -2000.1 1.86368
0.835 40.9369 2000.1 -17686.8 -40.9369 -2000.1 2.04244
0.84 41.1152 2000.08 -17763.5 -41.1152 -2000.08 1.72689
0.845 41.2934 2000.06 -17840.2 -41.2934 -2000.06 1.47358
0.85 41.4715 2000.05 -17916.9 -41.4715 -2000.05 1.27065
0.855 41.6496 2000.04 -17993.7 -41.6496 -2000.04 1.10851
0.86 41.8279 2000.03 -18070.6 -41.8279 -2000.03 0.979251
0.865 42.0055 2000.03 -18147.4 -42.0055 -2000.03 0.981197
0.87 42.1752 2000.07 -18221.4 -42.1752 -2000.07 1.73557
0.875 42.3476 2000.05 -18295.7 -42.3476 -2000.05 1.51403
0.88 42.5194 2000.04 -18369.7 -42.5194 -2000.04 1.33481
0.885 42.6906 2000.03 -18443.5 -42.6906 -2000.03 1.18875
0.89 42.8607 2000.03 -18516.9 -42.8607 -2000.03 1.06839
0.895 43.0293 2000.02 -18589.6 -43.0293 -2000.02 0.967564
0.9 43.1955 2000.01 -18661.3 -43.1955 -2000.01 0.881263
0.905 43.3586 2000.01 -18731.7 -43.3586 -2000.01 0.805596
0.91 43.5173 2000.02 -18800.2 -43.5173 -2000.02 0.771506
0.915 43.6556 2000.15 -18861.6 -43.6556 -2000.15 2.40487
0.92 43.7919 2000.17 -18920.9 -43.7919 -2000.17 2.82343
0.925 43.9254 2000.13 -18978.1 -43.9254 -2000.13 2.36264
0.93 44.0534 2000.11 -19033.1 -44.0534 -2000.11 1.98138
0.935 44.1721 2000.12 -19084.6 -44.1721 -2000.12 2.29406
0.94 44.287 2000.12 -19134.2 -44.287 -2000.12 2.23729
0.945 44.3987 2000.09 -19182.1 -44.3987 -2000.09 1.86751
0.95 44.5066 2000.08 -19228.4 -44.5066 -2000.08 1.5638
0.955 44.6115 2000.06 -19273.5 -44.6115 -2000.06 1.3146
0.96 44.7139 2000.05 -19317.5 -44.7139 -2000.05 1.11042
0.965 44.8142 2000.04 -19360.7 -44.8142 -2000.04 0.943376
0.97 44.9064 2000.09 -19401.4 -44.9064 -2000.09 1.81216
0.975 44.9973 2000.11 -19441.1 -44.9973 -2000.11 2.20917
0.98 45.0894 2000.09 -19480.5 -45.0894 -2000.09 1.84457
0.985 45.1809 2000.07 -19519.7 -45.1809 -2000.07 1.54948
0.99 45.2719 2000.06 -19558.8 -45.2719 -2000.06 1.3109
0.995 45.3627 2000.05 -19597.8 -45.3627 -2000.05 1.11834
1 45.4533 2000.04 -19636.8 -45.4533 -2000.04 0.96305
1.005 45.5436 2000.03 -19675.7 -45.5436 -2000.03 0.837674
1.01 45.6333 2000.03 -19714.3 -45.6333 -2000.03 0.736023
1.015 45.7221 2000.02 -19752.6 -45.7221 -2000.02 0.652866
1.02 45.8093 2000.02 -19790.2 -45.8093 -2000.02 0.583778
1.025 45.8945 2000.01 -19826.9 -45.8945 -2000.01 0.52516
1.03 45.9767 2000.02 -19862.5 -45.9767 -2000.02 0.535507
1.035 46.0502 2000.05 -19894.8 -46.0502 -2000.05 1.10327
1.04 46.1228 2000.04 -19926 -46.1228 -2000.04 0.946369
1.045 46.1929 2000.03 -19956.1 -46.1929 -2000.03 0.813723
1.05 46.2608 2000.03 -19985.4 -46.2608 -2000.03 0.701877
1.055 46.3267 2000.02 -20013.8 -46.3267 -2000.02 0.607515
1.06 46.391 2000.02 -20041.4 -46.391 -2000.02 0.52784
1.065 46.4539 2000.01 -20068.5 -46.4539 -2000.01 0.460526
1.07 46.5156 2000.01 -20095.1 -46.5156 -2000.01 0.403684
1.075 46.5778 2000.03 -20121.3 -46.5778 -2000.03 -0.351007
1.08 46.6377 2000.03 -20146.9 -46.6377 -2000.03 -0.615457
1.085 46.6955 2000.02 -20172 -46.6955 -2000.02 -0.472705
1.09 46.7519 2000.02 -20196.5 -46.7519 -2000.02 -0.296059
1.095 46.8056 2000.03 -20220 -46.8056 -2000.03 -0.0381885
1.1 46.858 2000.02 -20242.7 -46.858 -2000.02 -0.00968133
1.105 46.908 2000.02 -20264.3 -46.908 -2000.02 0.0113268
1.11 46.9549 2000.02 -20284.5 -46.9549 -2000.02 0.0259837
1.115 46.9952 2000.04 -20302.5 -46.9952 -2000.04 0.514926
1.12 47.0313 2000.06 -20318.3 -47.0313 -2000.06 0.793579
1.125 47.0643 2000.05 -20332.4 -47.0643 -2000.05 0.654906
1.13 47.0931 2000.04 -20344.8 -47.0931 -2000.04 0.539762
1.135 47.1178 2000.03 -20355.3 -47.1178 -2000.03 0.444059
1.14 47.1386 2000.02 -20364.2 -47.1386 -2000.02 0.364665
1.145 47.1558 2000.02 -20371.6 -47.1558 -2000.02 0.29904
1.15 47.1697 2000.02 -20377.6 -47.1697 -2000.02 0.244875
1.155 47.1806 2000.01 -20382.2 -47.1806 -2000.01 0.200106
1.16 47.1888 2000.01 -20385.7 -47.1888 -2000.01 0.163193
1.165 47.1943 2000.01 -20388.1 -47.1943 -2000.01 0.132835
1.17 47.1973 2000.01 -20389.3 -47.1973 -2000.01 0.107948
1.175 47.198 2000.01 -20389.6 -47.198 -2000.01 0.0876267
1.18 47.1955 2000 -20388.7 -47.1955 -2000 0.216513
1.185 47.1906 1999.99 -20386.6 -47.1906 -1999.99 0.300914
1.19 47.1842 1999.99 -20383.8 -47.1842 -1999.99 0.243971
1.195 47.1764 1999.99 -20380.4 -47.1764 -1999.99 0.197789
1.2 47.1678 1999.99 -20376.6 -47.1678 -1999.99 0.160504
1.205 47.1587 2000 -20372.7 -47.1587 -2000 0.130248
1.21 47.1494 2000 -20368.7 -47.1494 -2000 0.105706
1.215 47.1402 2000 -20364.7 -47.1402 -2000 0.0857872
1.22 47.1308 2000 -20360.6 -47.1308 -2000 0.0696155
1.225 47.1207 2000 -20356.2 -47.1207 -2000 0.0564923
1.23 47.1093 2000 -20351.3 -47.1093 -2000 0.0458429
1.235 47.096 2000 -20345.5 -47.096 -2000 0.0372011
1.24 47.0799 2000 -20338.5 -47.0799 -2000 0.0301882
1.245 47.0603 2000 -20330.1 -47.0603 -2000 0.0244974
1.25 47.0368 2000 -20319.9 -47.0368 -2000 0.0198794
1.255 47.0091 2000 -20307.9 -47.0091 -2000 0.0161316
1.26 46.9771 2000 -20294.1 -46.9771 -2000 0.0130901
1.265 46.9407 2000 -20278.4 -46.9407 -2000 0.0106216
1.27 46.8999 2000 -20260.8 -46.8999 -2000 0.00861786
1.275 46.8547 2000 -20241.2 -46.8547 -2000 0.00699108
1.28 46.8048 2000 -20219.7 -46.8048 -2000 0.0056697
1.285 46.749 2000.01 -20195.8 -46.749 -2000.01 0.209569
1.29 46.687 2000.02 -20169.2 -46.687 -2000.02 0.430188
1.295 46.6209 2000.02 -20140.6 -46.6209 -2000.02 0.349081
1.3 46.5497 2000.01 -20109.8 -46.5497 -2000.01 0.283258
1.305 46.4739 2000.01 -20076.9 -46.4739 -2000.01 0.229836
1.31 46.3944 2000.02 -20042.1 -46.3944 -2000.02 -0.255892
1.315 46.3083 2000.04 -20004.8 -46.3083 -2000.04 -0.40963
1.32 46.2165 2000.04 -19965.3 -46.2165 -2000.04 -0.184159
1.325 46.1214 2000.04 -19924.3 -46.1214 -2000.04 -0.149394
1.33 46.0229 2000.03 -19881.8 -46.0229 -2000.03 -0.120907
1.335 45.9211 2000.02 -19837.8 -45.9211 -2000.02 -0.0978762
1.34 45.8163 2000.02 -19792.6 -45.8163 -2000.02 -0.0795885
1.345 45.7088 2000.01 -19746.1 -45.7088 -2000.01 -0.0737738
1.35 45.599 2000.01 -19698.7 -45.599 -2000.01 -0.0672253
1.355 45.4871 2000.01 -19650.4 -45.4871 -2000.01 -0.0548881
1.36 45.3739 2000.01 -19601.5 -45.3739 -2000.01 -0.0449391
1.365 45.26 2000 -19552.3 -45.26 -2000 -0.0369317
1.37 45.1462 2000 -19503.1 -45.1462 -2000 -0.0305007
1.375 45.0286 2000.04 -19453.1 -45.0286 -2000.04 0.704599
1.38 44.9119 2000.07 -19403.1 -44.9119 -2000.07 1.11964
1.385 44.7989 2000.05 -19354 -44.7989 -2000.05 0.908061
1.39 44.6884 2000.04 -19306.1 -44.6884 -2000.04 0.733016
1.395 44.5808 2000.03 -19259.5 -44.5808 -2000.03 0.587939
1.4 44.4761 2000.03 -19214.1 -44.4761 -2000.03 0.476493
1.405 44.3739 2000.02 -19169.9 -44.3739 -2000.02 0.386037
1.41 44.2739 2000.02 -19126.6 -44.2739 -2000.02 0.312614
1.415 44.1752 2000.01 -19083.9 -44.1752 -2000.01 0.253005
1.42 44.0767 2000.01 -19041.3 -44.0767 -2000.01 0.204594
1.425 43.9774 2000.01 -18998.4 -43.9774 -2000.01 0.165253
1.43 43.8762 2000.01 -18954.6 -43.8762 -2000.01 0.133248
1.435 43.7723 2000.01 -18909.7 -43.7723 -2000.01 0.101313
1.44 43.6652 2000 -18863.5 -43.6652 -2000 0.0780868
1.445 43.5547 2000 -18815.7 -43.5547 -2000 0.0485186
1.45 43.4402 2000 -18766.2 -43.4402 -2000 0.0292532
1.455 43.3152 2000.05 -18713.2 -43.3152 -2000.05 1.01089
1.46 43.1861 2000.08 -18657.9 -43.1861 -2000.08 1.45759
1.465 43.0541 2000.06 -18600.6 -43.0541 -2000.06 1.18146
1.47 42.9165 2000.06 -18540.9 -42.9165 -2000.06 1.00114
1.475 42.7682 2000.09 -18476.9 -42.7682 -2000.09 1.03498
1.48 42.6153 2000.07 -18410.7 -42.6153 -2000.07 0.837681
1.485 42.4575 2000.06 -18342.3 -42.4575 -2000.06 0.675533
1.49 42.2938 2000.05 -18271.6 -42.2938 -2000.05 0.684787
1.495 42.1224 2000.06 -18197.8 -42.1224 -2000.06 0.901156
1.5 41.9465 2000.05 -18121.6 -41.9465 -2000.05 0.727974
1.505 41.765 2000.04 -18043.1 -41.765 -2000.04 0.587003
1.51 41.5758 2000.05 -17961.5 -41.5758 -2000.05 0.788518
1.515 41.3745 2000.09 -17875.3 -41.3745 -2000.09 1.52327
1.52 41.1715 2000.07 -17787.3 -41.1715 -2000.07 1.23314
1.525 40.9647 2000.06 -17697.7 -40.9647 -2000.06 0.995556
1.53 40.755 2000.04 -17606.9 -40.755 -2000.04 0.795832
1.535 40.5433 2000.04 -17515.3 -40.5433 -2000.04 0.636873
1.54 40.3304 2000.03 -17423.2 -40.3304 -2000.03 0.511707
1.545 40.1169 2000.02 -17330.9 -40.1169 -2000.02 0.409828
1.55 39.9032 2000.02 -17238.5 -39.9032 -2000.02 0.326867
1.555 39.6896 2000.01 -17146.2 -39.6896 -2000.01 0.25927
1.56 39.4657 2000.09 -17050.9 -39.4657 -2000.09 1.75275
1.565 39.242 2000.12 -16954.9 -39.242 -2000.12 2.3775
1.57 39.0197 2000.09 -16858.5 -39.0197 -2000.09 1.92451
1.575 38.7949 2000.08 -16760.9 -38.7949 -2000.08 1.55636
1.58 38.5668 2000.06 -16662.1 -38.5668 -2000.06 1.25731
1.585 38.3354 2000.05 -16561.9 -38.3354 -2000.05 1.01366
1.59 38.1005 2000.04 -16460.2 -38.1005 -2000.04 0.81693
1.595 37.8424 2000.22 -16350.6 -37.8424 -2000.22 2.68257
1.6 37.5784 2000.31 -16237.5 -37.5784 -2000.31 3.60555
1.605 37.3111 2000.28 -16122 -37.3111 -2000.28 3.61327
1.61 37.042 2000.25 -16005.5 -37.042 -2000.25 3.33958
1.615 36.7723 2000.2 -15888.4 -36.7723 -2000.2 2.70392
1.62 36.5015 2000.16 -15770.8 -36.5015 -2000.16 2.18781
1.625 36.2231 2000.18 -15651.2 -36.2231 -2000.18 2.82046
1.63 35.9458 2000.17 -15531.5 -35.9458 -2000.17 2.87587
1.635 35.6704 2000.14 -15411.9 -35.6704 -2000.14 2.32798
1.64 35.3947 2000.11 -15292.4 -35.3947 -2000.11 1.88154
1.645 35.1184 2000.09 -15172.7 -35.1184 -2000.09 1.51847
1.65 34.8411 2000.07 -15052.6 -34.8411 -2000.07 1.22523
1.655 34.5619 2000.06 -14931.7 -34.5619 -2000.06 0.9878
1.66 34.2798 2000.05 -14809.7 -34.2798 -2000.05 0.794867
1.665 33.9936 2000.04 -14685.9 -33.9936 -2000.04 0.637645
1.67 33.6873 2000.17 -14554.8 -33.6873 -2000.17 1.86327
1.675 33.3638 2000.27 -14416.1 -33.3638 -2000.27 2.88793
1.68 33.0388 2000.22 -14275.1 -33.0388 -2000.22 2.33383
1.685 32.7075 2000.18 -14131.5 -32.7075 -2000.18 1.88336
1.69 32.37 2000.15 -13985.4 -32.37 -2000.15 1.59669
1.695 32.02 2000.15 -13834.6 -32.02 -2000.15 1.99857
1.7 31.6677 2000.12 -13682.1 -31.6677 -2000.12 1.61171
1.705 31.3105 2000.1 -13527.4 -31.3105 -2000.1 1.29719
1.71 30.9483 2000.08 -13370.7 -30.9483 -2000.08 1.04146
1.715 30.5806 2000.06 -13211.6 -30.5806 -2000.06 0.832364
1.72 30.2069 2000.05 -13050 -30.2069 -2000.05 0.657768
1.725 29.8045 2000.21 -12878.1 -29.8045 -2000.21 2.56275
1.73 29.3788 2000.36 -12695.9 -29.3788 -2000.36 4.21748
1.735 28.9557 2000.29 -12512.3 -28.9557 -2000.29 3.40414
1.74 28.529 2000.23 -12327.3 -28.529 -2000.23 2.74342
1.745 28.0969 2000.21 -12140.7 -28.0969 -2000.21 2.8286
1.75 27.657 2000.22 -11951.4 -27.657 -2000.22 3.57031
1.755 27.2265 2000.18 -11764.7 -27.2265 -2000.18 2.88297
1.76 26.7837 2000.27 -11574.6 -26.7837 -2000.27 4.0749
1.765 26.3409 2000.34 -11384.1 -26.3409 -2000.34 4.84306
1.77 25.9139 2000.27 -11198.7 -25.9139 -2000.27 3.91251
1.775 25.497 2000.22 -11017.8 -25.497 -2000.22 3.15098
1.78 25.0904 2000.18 -10841.6 -25.0904 -2000.18 2.53407
1.785 24.6937 2000.14 -10669.7 -24.6937 -2000.14 2.04286
1.79 24.2672 2000.34 -10489.5 -24.2672 -2000.34 6.10123
1.795 23.8467 2000.43 -10309.7 -23.8467 -2000.43 7.9394
1.8 23.446 2000.35 -10135.1 -23.446 -2000.35 6.39948
1.805 23.0517 2000.28 -9963.52 -23.0517 -2000.28 5.16872
1.81 22.6629 2000.23 -9794.56 -22.6629 -2000.23 4.18512
1.815 22.2786 2000.19 -9627.74 -22.2786 -2000.19 3.38713
1.82 21.8983 2000.15 -9462.8 -21.8983 -2000.15 2.73973
1.825 21.5218 2000.12 -9299.62 -21.5218 -2000.12 2.21452
1.83 21.1358 2000.16 -9134.25 -21.1358 -2000.16 3.56944
1.835 20.7498 2000.18 -8968.35 -20.7498 -2000.18 4.43038
1.84 20.3722 2000.14 -8804.35 -20.3722 -2000.14 3.58141
1.845 19.9957 2000.12 -8641.03 -19.9957 -2000.12 2.895
1.85 19.6201 2000.09 -8478.23 -19.6201 -2000.09 2.3435
1.855 19.2453 2000.08 -8315.88 -19.2453 -2000.08 1.89402
1.86 18.8711 2000.06 -8153.83 -18.8711 -2000.06 1.52605
1.865 18.4849 2000.1 -7988.31 -18.4849 -2000.1 2.85286
1.87 18.1004 2000.11 -7822.61 -18.1004 -2000.11 3.22467
1.875 17.7182 2000.09 -7656.89 -17.7182 -2000.09 2.6121
1.88 17.3343 2000.07 -7490.53 -17.3343 -2000.07 2.11496
1.885 16.9485 2000.06 -7323.48 -16.9485 -2000.06 1.70915
1.89 16.5556 2000.06 -7154.1 -16.5556 -2000.06 2.07441
1.895 16.1552 2000.08 -6981.67 -16.1552 -2000.08 2.61529
1.9 15.7553 2000.06 -6808.43 -15.7553 -2000.06 2.11823
1.905 15.3513 2000.05 -6633.48 -15.3513 -2000.05 1.71541
1.91 14.9428 2000.04 -6456.66 -14.9428 -2000.04 1.38889
1.915 14.5304 2000.03 -6278.24 -14.5304 -2000.03 1.12093
1.92 14.1157 2000.03 -6098.88 -14.1157 -2000.03 0.900442
1.925 13.7006 2000.02 -5919.39 -13.7006 -2000.02 0.726162
1.93 13.2871 2000.02 -5740.59 -13.2871 -2000.02 0.584731
1.935 12.8767 2000.01 -5563.22 -12.8767 -2000.01 0.47602
1.94 12.4712 2000.01 -5387.94 -12.4712 -2000.01 0.383853
1.945 12.0718 2000 -5215.34 -12.0718 -2000 0.297374
1.95 11.6791 2000 -5045.62 -11.6791 -2000 0.239749
1.955 11.2931 2000 -4878.81 -11.2931 -2000 0.192251
1.96 10.9132 2000 -4714.68 -10.9132 -2000 0.151998
1.965 10.5387 2000 -4552.85 -10.5387 -2000 0.119433
1.97 10.1685 2000 -4392.89 -10.1685 -2000 0.0930869
1.975 9.80168 2000 -4234.4 -9.80168 -2000 0.0717663
1.98 9.43773 2000 -4077.16 -9.43773 -2000 0.0568523
1.985 9.07659 2000 -3921.12 -9.07659 -2000 0.0373725
1.99 8.71818 2000 -3766.29 -8.71818 -2000 0.0321013
1.995 8.36264 1999.99 -3612.69 -8.36264 -1999.99 0.0265833
2 8.01016 1999.99 -3460.39 -8.01016 -1999.99 0.00205806
2.005 7.66045 1999.99 -3309.31 -7.66045 -1999.99 -0.00197074
2.01 7.3134 1999.99 -3159.38 -7.3134 -1999.99 -0.00519894
2.015 6.96847 1999.99 -3010.37 -6.96847 -1999.99 -0.0154761
2.02 6.62466 2000 -2861.83 -6.62466 -2000 -0.0203359
2.025 6.2811 1999.99 -2713.41 -6.2811 -1999.99 -0.0258745
2.03 5.93712 1999.99 -2564.81 -5.93712 -1999.99 -0.0295537
2.035 5.59289 1999.99 -2416.1 -5.59289 -1999.99 -0.0279146
2.04 5.24961 1999.98 -2267.78 -5.24961 -1999.98 -0.0524138
2.045 4.908 1999.99 -2120.21 -4.908 -1999.99 -0.046455
2.05 4.56952 1999.99 -1974 -4.56952 -1999.99 -0.0319721
2.055 4.23548 1999.99 -1829.72 -4.23548 -1999.99 -0.0127668
2.06 3.90703 1999.99 -1687.85 -3.90703 -1999.99 0.00917689
2.065 3.58442 1999.98 -1548.5 -3.58442 -1999.98 0.0272651
2.07 3.2679 1999.97 -1411.66 -3.2679 -1999.97 -0.0766856
2.075 2.95523 1999.97 -1276.56 -2.95523 -1999.97 -0.100402
2.08 2.64552 1999.97 -1142.8 -2.64552 -1999.97 -0.0635188
2.085 2.33867 1999.97 -1010.28 -2.33867 -1999.97 -0.0252061
2.09 2.0349 1999.97 -879.037 -2.0349 -1999.97 -0.0409196
2.095 1.73476 1999.96 -749.322 -1.73476 -1999.96 -0.0958811
2.1 1.43835 1999.96 -621.278 -1.43835 -1999.96 -0.0897992
2.105 1.14686 1999.96 -495.372 -1.14686 -1999.96 -0.0728895
2.11 0.86191 1999.95 -372.332 -0.86191 -1999.95 -0.0125
2.115 0.585599 1999.95 -252.996 -0.585599 -1999.95 0.0170724
2.12 0.319854 1999.96 -138.188 -0.319854 -1999.96 0.0104793
2.125 0.0663332 1999.97 -28.6621 -0.0663332 -1999.97 0.0061806
2.13 -0.173527 1999.97 74.9352 0.173527 -1999.97 0.0286251
2.135 -0.398376 1999.97 172.049 0.398376 -1999.97 0.0497804
2.14 -0.607674 1999.98 262.499 0.607674 -1999.98 0.0158725
2.145 -0.801918 1999.98 346.433 0.801918 -1999.98 -0.0040289
2.15 -0.98259 1999.98 424.45 0.98259 -1999.98 0.0287876
2.155 -1.15099 1999.98 497.208 1.15099 -1999.98 0.0218902
2.16 -1.30918 1999.99 565.547 1.30918 -1999.99 0.0201416
2.165 -1.4592 1999.98 630.263 1.4592 -1999.98 0.112556
2.17 -1.60293 1999.98 692.344 1.60293 -1999.98 0.123095
2.175 -1.74291 1999.99 752.836 1.74291 -1999.99 0.0989917
2.18 -1.88217 1999.99 812.89 1.88217 -1999.99 0.207404
2.185 -2.02263 1999.99 873.541 2.02263 -1999.99 0.236741
2.19 -2.16681 1999.98 935.768 2.16681 -1999.98 0.293358
2.195 -2.31614 1999.98 1000.22 2.31614 -1999.98 0.354414
2.2 -2.47246 1999.98 1067.74 2.47246 -1999.98 0.358445
2.205 -2.63628 1999.98 1138.58 2.63628 -1999.98 0.290108
2.21 -2.80769 1999.97 1212.52 2.80769 -1999.97 0.397514
2.215 -2.98535 1999.97 1289.25 2.98535 -1999.97 0.421326
2.22 -3.16741 1999.97 1367.86 3.16741 -1999.97 0.457055
2.225 -3.35015 1999.96 1446.83 3.35015 -1999.96 0.43485
2.23 -3.5295 1999.95 1524.4 3.5295 -1999.95 0.339659
2.235 -3.70337 1999.96 1599.58 3.70337 -1999.96 0.275694
2.24 -3.86839 1999.97 1670.92 3.86839 -1999.97 0.22377
2.245 -4.02183 1999.97 1737.25 4.02183 -1999.97 0.181616
2.25 -4.1607 1999.97 1797.39 4.1607 -1999.97 0.0358747
2.255 -4.28462 1999.97 1851.03 4.28462 -1999.97 -0.0754882
2.26 -4.39462 1999.97 1898.54 4.39462 -1999.97 -0.0619281
2.265 -4.49131 1999.98 1940.3 4.49131 -1999.98 -0.0507803
2.27 -4.57635 1999.98 1977.02 4.57635 -1999.98 -0.0416172
2.275 -4.651 1999.98 2009.33 4.651 -1999.98 -0.0982366
2.28 -4.7169 1999.98 2037.84 4.7169 -1999.98 -0.138984
2.285 -4.77482 1999.99 2062.84 4.77482 -1999.99 -0.113248
2.29 -4.82377 1999.99 2083.96 4.82377 -1999.99 -0.092244
2.295 -4.86245 1999.99 2100.65 4.86245 -1999.99 -0.0750847
2.3 -4.88957 1999.99 2112.35 4.88957 -1999.99 -0.061058
2.305 -4.90406 1999.99 2118.6 4.90406 -1999.99 -0.0495978
2.31 -4.90518 1999.99 2119.08 4.90518 -1999.99 -0.040256
2.315 -4.89166 1999.98 2113.21 4.89166 -1999.98 -0.00845948
2.32 -4.86342 1999.97 2100.98 4.86342 -1999.97 0.0115438
2.325 -4.82102 1999.97 2082.67 4.82102 -1999.97 0.0093677
2.33 -4.76551 1999.98 2058.69 4.76551 -1999.98 0.0076018
2.335 -4.69796 1999.98 2029.51 4.69796 -1999.98 0.00616879
2.34 -4.61945 1999.99 1995.6 4.61945 -1999.99 0.00500591
2.345 -4.53108 1999.99 1957.42 4.53108 -1999.99 0.00406225
2.35 -4.43405 1999.99 1915.51 4.43405 -1999.99 0.00329648
2.355 -4.3299 1999.99 1870.51 4.3299 -1999.99 0.00267506
2.36 -4.22063 1999.99 1823.31 4.22063 -1999.99 0.00217079
2.365 -4.10897 1999.99 1775.07 4.10897 -1999.99 0.00176158
2.37 -3.99845 2000 1727.33 3.99845 -2000 0.0014295
2.375 -3.89306 2000 1681.8 3.89306 -2000 0.00116003
2.38 -3.79665 2000 1640.15 3.79665 -2000 0.000941355
2.385 -3.71242 2000 1603.77 3.71242 -2000 0.000763903
2.39 -3.64283 2000 1573.7 3.64283 -2000 0.000619902
2.395 -3.58975 2000 1550.77 3.58975 -2000 0.000503045
2.4 -3.55451 2000 1535.55 3.55451 -2000 0.000408217
2.405 -3.53766 2000 1528.27 3.53766 -2000 0.000331265
2.41 -3.53899 2000 1528.84 3.53899 -2000 0.000268819
2.415 -3.55766 2000 1536.91 3.55766 -2000 0.000218144
2.42 -3.59263 2000 1552.02 3.59263 -2000 0.000177022
2.425 -3.64275 2000 1573.67 3.64275 -2000 0.000143648
2.43 -3.707 2000 1601.42 3.707 -2000 0.000116549
2.435 -3.78476 2000 1635.02 3.78476 -2000 9.45087e-05
2.44 -3.87607 2000 1674.46 3.87607 -2000 7.64976e-05
2.445 -3.9812 2000 1719.88 3.9812 -2000 6.16079e-05
2.45 -4.10039 2000 1771.37 4.10039 -2000 4.89856e-05
2.455 -4.23391 2000 1829.05 4.23391 -2000 3.77586e-05
2.46 -4.38233 2000 1893.17 4.38233 -2000 2.69456e-05
2.465 -4.54657 2000 1964.12 4.54657 -2000 1.53275e-05
2.47 -4.72768 2000 2042.36 4.72768 -2000 1.27866e-06
2.475 -4.92537 1999.97 2127.71 4.92537 -1999.97 0.0509977
2.48 -5.12664 1999.83 2214.67 5.12664 -1999.83 0.0338055
2.485 -5.34336 1999.85 2308.47 5.34336 -1999.85 -0.141411
2.49 -5.5772 1999.88 2409.47 5.5772 -1999.88 -0.121477
2.495 -5.82614 1999.89 2517.17 5.82614 -1999.89 -0.272618
2.5 -6.09193 1999.91 2632.04 6.09193 -1999.91 -0.323719
2.505 -6.37497 1999.92 2754.34 6.37497 -1999.92 -0.35546
2.51 -6.67658 1999.93 2884.68 6.67658 -1999.93 -0.398572
2.515 -6.99827 1999.94 3023.71 6.99827 -1999.94 -0.455858
2.52 -7.34321 1999.95 3172.66 7.34321 -1999.95 -0.395364
2.525 -7.71256 1999.95 3332.17 7.71256 -1999.95 -0.350496
2.53 -8.10745 1999.96 3502.74 8.10745 -1999.96 -0.319265
2.535 -8.5289 1999.96 3684.78 8.5289 -1999.96 -0.300614
2.54 -8.97803 1999.96 3878.8 8.97803 -1999.96 -0.294852
2.545 -9.45637 1999.96 4085.46 9.45637 -1999.96 -0.304391
2.55 -9.96585 1999.96 4305.58 9.96585 -1999.96 -0.334213
2.555 -10.5086 1999.96 4540.11 10.5086 -1999.96 -0.390105
2.56 -11.0869 1999.96 4789.99 11.0869 -1999.96 -0.472401
2.565 -11.703 1999.95 5056.27 11.703 -1999.95 -0.569716
2.57 -12.3596 1999.94 5340.03 12.3596 -1999.94 -0.665316
2.575 -13.0589 1999.94 5642.18 13.0589 -1999.94 -0.753232
2.58 -13.8021 1999.93 5963.34 13.8021 -1999.93 -0.838663
2.585 -14.5898 1999.92 6303.71 14.5898 -1999.92 -0.923092
2.59 -15.4218 1999.92 6663.23 15.4218 -1999.92 -1.00947
2.595 -16.2969 1999.9 7041.37 16.2969 -1999.9 -1.13024
2.6 -17.212 1999.89 7436.94 17.212 -1999.89 -1.36363
2.605 -18.1495 1999.91 7844.2 18.1495 -1999.91 -3.62571
2.61 -19.1112 1999.94 8261.88 19.1112 -1999.94 -5.83361
2.615 -20.1129 1999.89 8694.24 20.1129 -1999.89 -5.48577
2.62 -21.1102 2000.01 9129.29 21.1102 -2000.01 -9.65727
2.625 -22.144 2000.03 9577.05 22.144 -2000.03 -10.8295
2.63 -23.1719 2000.16 10024.9 23.1719 -2000.16 -14.6216
2.635 -24.2171 2000.23 10478.1 24.2171 -2000.23 -16.3192
2.64 -25.2532 2000.4 10926.7 25.2532 -2000.4 -17.358
2.645 -26.2586 2000.63 11363.9 26.2586 -2000.63 -20.1655
2.65 -27.2543 2000.67 11795 27.2543 -2000.67 -21.211
2.655 -28.2151 2000.77 12210 28.2151 -2000.77 -21.1028
2.66 -29.1951 2000.57 12630 29.1951 -2000.57 -17.6861
2.665 -30.1068 2000.98 13028.4 30.1068 -2000.98 -22.2575
2.67 -30.9741 2001.32 13406.9 30.9741 -2001.32 -26.1562
2.675 -31.873 2001.03 13791 31.873 -2001.03 -21.8184
2.68 -32.7751 2000.79 14177.2 32.7751 -2000.79 -18.3774
2.685 -33.6387 2001.01 14551 33.6387 -2001.01 -19.1242
2.69 -34.4512 2001.34 14905.7 34.4512 -2001.34 -22.7934
2.695 -35.2811 2001.13 15262.6 35.2811 -2001.13 -21.1251
2.7 -36.1192 2000.88 15621.5 36.1192 -2000.88 -17.9616
2.705 -36.9579 2000.67 15981.2 36.9579 -2000.67 -15.4152
2.71 -37.7395 2001.16 16321.2 37.7395 -2001.16 -17.7261
2.715 -38.5126 2001.33 16656.1 38.5126 -2001.33 -18.588
2.72 -39.2742 2001.16 16984.8 39.2742 -2001.16 -18.4131
2.725 -40.0251 2001 17308.7 40.0251 -2001 -17.831
2.73 -40.7589 2000.88 17625.5 40.7589 -2000.88 -17.6154
2.735 -41.477 2000.84 17936.3 41.477 -2000.84 -18.2025
2.74 -42.1577 2001.07 18232.6 42.1577 -2001.07 -20.5012
2.745 -42.8306 2001.09 18521.3 42.8306 -2001.09 -18.513
2.75 -43.4641 2001.18 18798.8 43.4641 -2001.18 -22.2822
2.755 -44.083 2001.34 19068.9 44.083 -2001.34 -25.0265
2.76 -44.6919 2001.49 19330.9 44.6919 -2001.49 -23.9993
2.765 -45.276 2001.44 19585 45.276 -2001.44 -25.7475
2.77 -45.8606 2001.32 19837.4 45.8606 -2001.32 -25.5742
2.775 -46.4242 2001.32 20082.7 46.4242 -2001.32 -27.4286
2.78 -46.9639 2001.52 20319.9 46.9639 -2001.52 -31.5342
2.785 -47.4751 2001.82 20543.8 47.4751 -2001.82 -34.5807
2.79 -47.9797 2001.95 20760.7 47.9797 -2001.95 -33.4364
2.795 -48.4761 2002.01 20972.7 48.4761 -2002.01 -31.0738
2.8 -48.9321 2002.25 21172.2 48.9321 -2002.25 -33.4914
2.805 -49.3898 2002.17 21370.2 49.3898 -2002.17 -33.7963
2.81 -49.8461 2001.76 21566.7 49.8461 -2001.76 -33.1929
2.815 -50.3003 2001.78 21759.8 50.3003 -2001.78 -30.1317
2.82 -50.7331 2001.77 21946.1 50.7331 -2001.77 -29.3853
2.825 -51.1448 2001.36 22126.7 51.1448 -2001.36 -32.1691
2.83 -51.5355 2001.09 22300.4 51.5355 -2001.09 -37.0315
2.835 -51.8952 2000.99 22459.6 51.8952 -2000.99 -40.8386
2.84 -52.1587 2000.91 22588.1 52.1587 -2000.91 -55.5723
2.845 -52.2822 2000.83 22667.8 52.2822 -2000.83 -81.8409
2.85 -52.1483 1999.78 22664 52.1483 -1999.78 -135.961
2.855 -51.9397 1998.27 22593.7 51.9397 -1998.27 -155.729
2.86 -51.7238 1997.93 22486.5 51.7238 -1997.93 -141.879
2.865 -51.29 1997.6 22312.7 51.29 -1997.6 -155.423
2.87 -50.859 1997.61 22115.8 50.859 -1997.61 -144.691
2.875 -50.4062 1997.63 21895.3 50.4062 -1997.63 -119.803
2.88 -49.821 1997.07 21635.2 49.821 -1997.07 -112.532
2.885 -49.1911 1996.57 21355.7 49.1911 -1996.57 -105.11
2.89 -48.5671 1996.98 21065.8 48.5671 -1996.98 -84.7905
2.895 -47.9071 1997.42 20764.2 47.9071 -1997.42 -68.3431
2.9 -47.1614 1996.96 20439.5 47.1614 -1996.96 -65.7357
2.905 -46.4059 1997.14 20096.3 46.4059 -1997.14 -48.9821
2.91 -45.6319 1997.61 19744.9 45.6319 -1997.61 -31.9237
2.915 -45.1072 1999.35 19468.3 45.1072 -1999.35 17.9522
2.92 -44.5262 1999.99 19197.1 44.5262 -1999.99 38.181
2.925 -43.8472 1999.28 18916.7 43.8472 -1999.28 25.3374
2.93 -43.2165 1998.79 18645.7 43.2165 -1998.79 23.8692
2.935 -43.1673 2001.05 18564.3 43.1673 -2001.05 83.9578
2.94 -42.9493 2001.06 18477 42.9493 -2001.06 77.1563
2.945 -42.7499 2000.65 18400.2 42.7499 -2000.65 67.7389
2.95 -42.7537 2001.05 18393 42.7537 -2001.05 76.6084
2.955 -42.6885 2000.62 18380.5 42.6885 -2000.62 60.9144
2.96 -42.6321 2000.37 18368.3 42.6321 -2000.37 48.8109
2.965 -42.5802 2000.17 18355.7 42.5802 -2000.17 38.9762
2.97 -42.5316 2000 18342.7 42.5316 -2000 30.9826
2.975 -42.4925 1999.96 18331.2 42.4925 -1999.96 25.5432
2.98 -42.4889 2000.19 18331.1 42.4889 -2000.19 24.0941
2.985 -42.4551 1999.59 18323.9 42.4551 -1999.59 16.6456
2.99 -42.429 1999.34 18317.5 42.429 -1999.34 11.851
2.995 -42.4093 1999.37 18311.6 42.4093 -1999.37 9.23974
3 -42.3893 1999.38 18305.1 42.3893 -1999.38 7.08688
3.005 -42.3685 1999.39 18297.9 42.3685 -1999.39 5.30339
3.01 -42.3467 1999.38 18289.9 42.3467 -1999.38 3.81105
3.015 -42.3233 1999.35 18281.1 42.3233 -1999.35 2.54538
3.02 -42.296 1999.26 18270.7 42.296 -1999.26 1.17645
3.025 -42.2591 1999.03 18256.5 42.2591 -1999.03 -0.557699
3.03 -42.2264 1999.11 18242.6 42.2264 -1999.11 -0.781218
3.035 -42.1918 1999.16 18227.8 42.1918 -1999.16 -1.00391
3.04 -42.155 1999.18 18212.2 42.155 -1999.18 -1.22574
3.045 -42.1159 1999.19 18195.5 42.1159 -1999.19 -1.45462
3.05 -42.0743 1999.18 18177.8 42.0743 -1999.18 -1.69831
3.055 -42.0651 1999.86 18169 42.0651 -1999.86 3.07599
3.06 -42.0475 2000.13 18159.6 42.0475 -2000.13 4.9533
3.065 -42.0172 1999.95 18147.9 42.0172 -1999.95 3.5321
3.07 -41.9855 1999.78 18135.4 41.9855 -1999.78 2.32394
3.075 -41.9517 1999.61 18121.9 41.9517 -1999.61 1.26348
3.08 -41.9154 1999.45 18107.2 41.9154 -1999.45 0.30526
3.085 -41.876 1999.27 18091 41.876 -1999.27 -0.594679
3.09 -41.8326 1999.07 18073.1 41.8326 -1999.07 -1.48167
3.095 -41.7825 1998.78 18052.7 41.7825 -1998.78 -2.61818
3.1 -41.7151 1998.21 18025.4 41.7151 -1998.21 -4.54464
3.105 -41.6488 1998.17 17997 41.6488 -1998.17 -4.69724
3.11 -41.5758 1998.05 17965.8 41.5758 -1998.05 -5.05266
3.115 -41.4944 1997.85 17931.2 41.4944 -1997.85 -5.6197
3.12 -41.3804 1996.31 17885.5 41.3804 -1996.31 -9.13252
3.125 -41.184 1994.27 17807.8 41.184 -1994.27 -16.3691
3.13 -40.9025 1994.12 17690.1 40.9025 -1994.12 -20.1958
3.135 -40.6833 1998.55 17590.2 40.6833 -1998.55 -14.9837
3.14 -40.5485 2002.2 17526.8 40.5485 -2002.2 -9.88552
3.145 -40.3898 2000.53 17459 40.3898 -2000.53 -10.5954
3.15 -40.2147 1999.21 17383.9 40.2147 -1999.21 -11.1205
3.155 -40.0392 1998.33 17305.2 40.0392 -1998.33 -8.25133
3.16 -39.8568 1996.71 17224.2 39.8568 -1996.71 -6.06119
3.165 -39.5319 1991.41 17093.6 39.5319 -1991.41 -15.8467
3.17 -0.0695764 -98.3691 36.4988 0.0695764 98.3691 -6.44177
