0.1 -1.83457e-17 -0.0174666 8.49337e-20
0.2 -3.41977e-17 -0.0351956 1.58323e-19
0.3 -5.49096e-17 -0.0531992 2.54211e-19
0.4 -1.37489e-16 -0.0714905 6.36521e-19
0.5 3.43573e-17 -0.0900838 -1.59061e-19
0.6 -1.15358e-16 -0.108995 5.34064e-19
0.7 -8.13346e-17 -0.12824 3.76549e-19
0.8 -4.41354e-17 -0.147838 2.0433e-19
0.9 -1.30834e-16 -0.167809 6.05711e-19
1 -3.05285e-16 -0.188178 1.41336e-18
0.005 -6.71212e-07 -0.188178 2.3306e-09
0.01 -3.35508e-06 -0.188178 1.16496e-08
0.015 -8.72057e-06 -0.188178 3.02797e-08
0.02 -1.67661e-05 -0.188178 5.82158e-08
0.025 -2.74928e-05 -0.188179 9.5461e-08
0.03 -4.09039e-05 -0.188179 1.42028e-07
0.035 -5.70041e-05 -0.188179 1.97931e-07
0.04 -7.57964e-05 -0.188179 2.63182e-07
0.045 -9.72811e-05 -0.188179 3.37781e-07
0.05 -0.000121453 -0.188179 4.21711e-07
0.055 -0.000148302 -0.188179 5.14937e-07
0.06 -0.000177821 -0.188179 6.17433e-07
0.065 -0.000210015 -0.188179 7.29219e-07
0.07 -0.000244907 -0.188179 8.50371e-07
0.075 -0.000282534 -0.188179 9.81019e-07
0.08 -0.000322943 -0.188179 1.12133e-06
0.085 -0.000366185 -0.188179 1.27148e-06
0.09 -0.000412306 -0.188179 1.43162e-06
0.095 -0.000461324 -0.18818 1.60182e-06
0.1 -0.000513229 -0.18818 1.78204e-06
0.105 -0.000567996 -0.18818 1.9722e-06
0.11 -0.000625615 -0.18818 2.17227e-06
0.115 -0.000686133 -0.18818 2.3824e-06
0.12 -0.000749679 -0.18818 2.60305e-06
0.125 -0.000816473 -0.18818 2.83497e-06
0.13 -0.000886768 -0.188181 3.07905e-06
0.135 -0.00096078 -0.188181 3.33604e-06
0.14 -0.00103864 -0.188181 3.60637e-06
0.145 -0.00112037 -0.188181 3.89017e-06
0.15 -0.00120598 -0.188181 4.18741e-06
0.155 -0.00129545 -0.188182 4.49809e-06
0.16 -0.00138888 -0.188182 4.82247e-06
0.165 -0.00148641 -0.188182 5.16112e-06
0.17 -0.00158832 -0.188182 5.51499e-06
0.175 -0.00169495 -0.188183 5.88524e-06
0.18 -0.00180664 -0.188183 6.27303e-06
0.185 -0.0019237 -0.188183 6.67948e-06
0.19 -0.00204642 -0.188183 7.10559e-06
0.195 -0.00217513 -0.188184 7.55249e-06
0.2 -0.00231025 -0.188184 8.02165e-06
0.205 -0.00245239 -0.188184 8.51519e-06
0.21 -0.00260254 -0.188185 9.03654e-06
0.215 -0.00276216 -0.188185 9.59078e-06
0.22 -0.00293292 -0.188186 1.01837e-05
0.225 -0.00311626 -0.188186 1.08203e-05
0.23 -0.00331303 -0.188187 1.15035e-05
0.235 -0.00352314 -0.188187 1.2233e-05
0.24 -0.00374564 -0.188188 1.30056e-05
0.245 -0.00397895 -0.188188 1.38157e-05
0.25 -0.00422137 -0.188189 1.46574e-05
0.255 -0.00447162 -0.188189 1.55263e-05
0.26 -0.00472922 -0.18819 1.64208e-05
0.265 -0.00499458 -0.188191 1.73421e-05
0.27 -0.00526874 -0.188191 1.8294e-05
0.275 -0.00555305 -0.188192 1.92812e-05
0.28 -0.00584887 -0.188193 2.03083e-05
0.285 -0.00615729 -0.188193 2.13792e-05
0.29 -0.00647922 -0.188194 2.2497e-05
0.295 -0.0068154 -0.188195 2.36643e-05
0.3 -0.00716664 -0.188196 2.48838e-05
0.305 -0.00753391 -0.188197 2.6159e-05
0.31 -0.0079184 -0.188198 2.7494e-05
0.315 -0.00832164 -0.188199 2.88941e-05
0.32 -0.00874533 -0.1882 3.03652e-05
0.325 -0.00919106 -0.188201 3.19128e-05
0.33 -0.00966015 -0.188202 3.35415e-05
0.335 -0.0101535 -0.188203 3.52544e-05
0.34 -0.0106715 -0.188205 3.70531e-05
0.345 -0.0112146 -0.188206 3.89387e-05
0.35 -0.011783 -0.188207 4.0912e-05
0.355 -0.0123767 -0.188209 4.29735e-05
0.36 -0.0129956 -0.18821 4.51226e-05
0.365 -0.0136393 -0.188212 4.73574e-05
0.37 -0.014307 -0.188213 4.96757e-05
0.375 -0.0149983 -0.188215 5.20757e-05
0.38 -0.0157128 -0.188217 5.45565e-05
0.385 -0.0164502 -0.188219 5.71169e-05
0.39 -0.0172096 -0.188221 5.97536e-05
0.395 -0.0179883 -0.188222 6.24572e-05
0.4 -0.0187814 -0.188224 6.52107e-05
0.405 -0.0195811 -0.188226 6.79873e-05
0.41 -0.0203773 -0.188228 7.07518e-05
0.415 -0.021158 -0.18823 7.3462e-05
0.42 -0.0219102 -0.188232 7.60737e-05
0.425 -0.0226219 -0.188234 7.85445e-05
0.43 -0.0232837 -0.188235 8.08422e-05
0.435 -0.0238912 -0.188237 8.29514e-05
0.44 -0.024446 -0.188238 8.48778e-05
0.445 -0.0249558 -0.18824 8.66478e-05
0.45 -0.0254336 -0.188241 8.83065e-05
0.455 -0.0258959 -0.188242 8.99116e-05
0.46 -0.0263611 -0.188243 9.15267e-05
0.465 -0.0268464 -0.188244 9.32114e-05
0.47 -0.0273646 -0.188245 9.50107e-05
0.475 -0.0279221 -0.188247 9.69462e-05
0.48 -0.0285179 -0.188248 9.90145e-05
0.485 -0.0291445 -0.18825 0.00010119
0.49 -0.0297903 -0.188251 0.000103432
0.495 -0.0304413 -0.188253 0.000105692
0.5 -0.0310825 -0.188255 0.000107919
0.505 -0.0316987 -0.188256 0.000110058
0.51 -0.0322736 -0.188258 0.000112054
0.515 -0.032789 -0.188259 0.000113843
0.52 -0.033225 -0.18826 0.000115357
0.525 -0.0335601 -0.188261 0.00011652
0.53 -0.0337751 -0.188261 0.000117266
0.535 -0.0338567 -0.188261 0.00011755
0.54 -0.0338005 -0.188261 0.000117355
0.545 -0.0336116 -0.188261 0.000116699
0.55 -0.0333034 -0.188261 0.000115629
0.555 -0.0328953 -0.188261 0.000114212
0.56 -0.032409 -0.188261 0.000112523
0.565 -0.0318655 -0.188261 0.000110636
0.57 -0.0312818 -0.188261 0.000108609
0.575 -0.0306684 -0.188261 0.000106479
0.58 -0.0300287 -0.188261 0.000104258
0.585 -0.0293625 -0.188261 0.000101945
0.59 -0.02867 -0.188261 9.95405e-05
0.595 -0.0279558 -0.188261 9.70606e-05
0.6 -0.0272312 -0.188261 9.45445e-05
0.605 -0.0265133 -0.188261 9.20519e-05
0.61 -0.0258216 -0.188261 8.96501e-05
0.615 -0.0251727 -0.188261 8.7397e-05
0.62 -0.0245775 -0.188261 8.53303e-05
0.625 -0.0240409 -0.188261 8.34669e-05
0.63 -0.0235615 -0.188261 8.18024e-05
0.635 -0.0231317 -0.188261 8.03101e-05
0.64 -0.0227373 -0.188261 7.89406e-05
0.645 -0.0223578 -0.188261 7.76229e-05
0.65 -0.0219668 -0.188261 7.62653e-05
0.655 -0.0215325 -0.188261 7.47572e-05
0.66 -0.021019 -0.188261 7.29743e-05
0.665 -0.0203905 -0.188261 7.07922e-05
0.67 -0.0196183 -0.188261 6.8111e-05
0.675 -0.0186871 -0.188261 6.48777e-05
0.68 -0.0175987 -0.188261 6.10982e-05
0.685 -0.0163713 -0.188261 5.68365e-05
0.69 -0.0150372 -0.188261 5.22041e-05
0.695 -0.0136383 -0.188261 4.73468e-05
0.7 -0.0122219 -0.188262 4.24289e-05
0.705 -0.0108362 -0.188262 3.76173e-05
0.71 -0.00952573 -0.188262 3.30672e-05
0.715 -0.00832767 -0.188262 2.89073e-05
0.72 -0.00726779 -0.188262 2.52271e-05
0.725 -0.00636072 -0.188262 2.20776e-05
0.73 -0.00561443 -0.188262 1.94863e-05
0.735 -0.00503447 -0.188262 1.74726e-05
0.74 -0.00462387 -0.188262 1.60469e-05
0.745 -0.00437979 -0.188262 1.51994e-05
0.75 -0.00428962 -0.188262 1.48863e-05
0.755 -0.00432811 -0.188262 1.50199e-05
0.76 -0.00445753 -0.188262 1.54693e-05
0.765 -0.00463092 -0.188262 1.60714e-05
0.77 -0.0047965 -0.188262 1.66463e-05
0.775 -0.00490179 -0.188262 1.70119e-05
0.78 -0.00489799 -0.188262 1.69987e-05
0.785 -0.00474459 -0.188262 1.64661e-05
0.79 -0.00441375 -0.188262 1.53173e-05
0.795 -0.00389311 -0.188262 1.35096e-05
0.8 -0.00318511 -0.188262 1.10512e-05
0.805 -0.00230289 -0.188263 7.98798e-06
0.81 -0.00126495 -0.188264 4.38494e-06
0.815 -9.10178e-05 -0.188267 3.09506e-07
0.82 0.00119979 -0.18827 -4.1728e-06
0.825 0.00258903 -0.188274 -8.99678e-06
0.83 0.00405857 -0.188278 -1.40995e-05
0.835 0.00559037 -0.188281 -1.94184e-05
0.84 0.00716649 -0.188285 -2.4891e-05
0.845 0.00876971 -0.188289 -3.04577e-05
0.85 0.0103851 -0.188293 -3.60664e-05
0.855 0.0120014 -0.188297 -4.16785e-05
0.86 0.0136131 -0.188301 -4.72745e-05
0.865 0.0152215 -0.188305 -5.2859e-05
0.87 0.0168349 -0.188309 -5.84607e-05
0.875 0.0184654 -0.188313 -6.41217e-05
0.88 0.0201232 -0.188317 -6.98776e-05
0.885 0.0218109 -0.188322 -7.57371e-05
0.89 0.0235189 -0.188326 -8.1667e-05
0.895 0.025223 -0.18833 -8.75836e-05
0.9 0.0268867 -0.188334 -9.33596e-05
0.905 0.028471 -0.188338 -9.88602e-05
0.91 0.0299495 -0.188342 -0.000103993
0.915 0.0313199 -0.188345 -0.000108751
0.92 0.0326109 -0.188348 -0.000113233
0.925 0.03388 -0.188351 -0.000117639
0.93 0.0352032 -0.188355 -0.000122233
0.935 0.0366546 -0.188358 -0.000127272
0.94 0.0382854 -0.188362 -0.000132933
0.945 0.0401114 -0.188367 -0.000139273
0.95 0.0421102 -0.188372 -0.000146212
0.955 0.0442261 -0.188377 -0.000153557
0.96 0.04638 -0.188382 -0.000161035
0.965 0.0484804 -0.188387 -0.000168327
0.97 0.0504342 -0.188392 -0.000175109
0.975 0.0521569 -0.188396 -0.00018109
0.98 0.0535793 -0.1884 -0.000186027
0.985 0.0546486 -0.188402 -0.00018974
0.99 0.0553254 -0.188404 -0.000192089
0.995 0.0555776 -0.188405 -0.000192964
1 0.0553762 -0.188404 -0.000192265
1.005 0.0546949 -0.188404 -0.0001899
1.01 0.0535145 -0.188404 -0.000185801
1.015 0.0518265 -0.188404 -0.00017994
1.02 0.0496319 -0.188404 -0.00017232
1.025 0.0469347 -0.188404 -0.000162955
1.03 0.0437396 -0.188404 -0.00015186
1.035 0.0400554 -0.188405 -0.000139068
1.04 0.0359001 -0.188405 -0.00012464
1.045 0.0313033 -0.188405 -0.000108679
1.05 0.0263063 -0.188405 -9.13279e-05
1.055 0.0209592 -0.188405 -7.27618e-05
1.06 0.0153155 -0.188405 -5.31656e-05
1.065 0.00942518 -0.188405 -3.2713e-05
1.07 0.00333151 -0.188405 -1.15543e-05
1.075 -0.00292703 -0.188405 1.01767e-05
1.08 -0.0093119 -0.188405 3.23464e-05
1.085 -0.0157795 -0.188405 5.48035e-05
1.09 -0.0222767 -0.188405 7.73631e-05
1.095 -0.0287382 -0.188406 9.97988e-05
1.1 -0.0350894 -0.18841 0.00012185
1.105 -0.0412525 -0.188422 0.000143247
1.11 -0.0471558 -0.188439 0.000163741
1.115 -0.0527431 -0.188455 0.000183138
1.12 -0.0579805 -0.18847 0.000201319
1.125 -0.0628592 -0.188483 0.000218255
1.13 -0.0673931 -0.188495 0.000233994
1.135 -0.0716145 -0.188507 0.000248647
1.14 -0.0755657 -0.188517 0.000262362
1.145 -0.0792873 -0.188527 0.000275281
1.15 -0.0828026 -0.188536 0.000287482
1.155 -0.0861039 -0.188545 0.000298941
1.16 -0.0891469 -0.188553 0.000309504
1.165 -0.091855 -0.18856 0.000318903
1.17 -0.0941309 -0.188566 0.000326803
1.175 -0.0958724 -0.18857 0.000332847
1.18 -0.096988 -0.188573 0.000336719
1.185 -0.0974131 -0.188574 0.000338195
1.19 -0.0971192 -0.188574 0.000337174
1.195 -0.0961141 -0.188573 0.000333685
1.2 -0.0944343 -0.188573 0.000327852
1.205 -0.0921307 -0.188574 0.000319853
1.21 -0.0892519 -0.188574 0.000309857
1.215 -0.0858282 -0.188574 0.000297969
1.22 -0.0818675 -0.188574 0.000284216
1.225 -0.0773681 -0.188574 0.000268593
1.23 -0.0723421 -0.188574 0.000251142
1.235 -0.0668393 -0.188574 0.000232035
1.24 -0.0609551 -0.188574 0.000211603
1.245 -0.054818 -0.188575 0.000190294
1.25 -0.0485671 -0.188575 0.000168589
1.255 -0.0423313 -0.188575 0.000146937
1.26 -0.0362157 -0.188575 0.000125703
1.265 -0.0302966 -0.188575 0.00010515
1.27 -0.0246233 -0.188575 8.54513e-05
1.275 -0.0192254 -0.188575 6.67084e-05
1.28 -0.0141209 -0.188575 4.89845e-05
1.285 -0.00932307 -0.188575 3.23254e-05
1.29 -0.00484232 -0.188575 1.67673e-05
1.295 -0.000683577 -0.188575 2.32716e-06
1.3 0.00316338 -0.188575 -1.10303e-05
1.305 0.00673922 -0.188575 -2.34464e-05
1.31 0.0101256 -0.188575 -3.52046e-05
1.315 0.0134414 -0.188575 -4.67179e-05
1.32 0.0168247 -0.188575 -5.84654e-05
1.325 0.0204043 -0.188575 -7.08946e-05
1.33 0.0242699 -0.188575 -8.43169e-05
1.335 0.0284487 -0.188575 -9.88267e-05
1.34 0.0328933 -0.188575 -0.000114259
1.345 0.0374841 -0.188575 -0.0001302
1.35 0.0420502 -0.188575 -0.000146054
1.355 0.046403 -0.188576 -0.000161168
1.36 0.0503718 -0.188577 -0.000174948
1.365 0.0538322 -0.18858 -0.000186962
1.37 0.0567138 -0.188586 -0.000196967
1.375 0.0589917 -0.188593 -0.000204874
1.38 0.0606739 -0.188598 -0.000210714
1.385 0.0617942 -0.188601 -0.000214602
1.39 0.0624026 -0.188604 -0.000216715
1.395 0.0625538 -0.188604 -0.000217239
1.4 0.0622955 -0.188604 -0.000216343
1.405 0.0616703 -0.188604 -0.000214172
1.41 0.0607259 -0.188605 -0.000210892
1.415 0.0595295 -0.188605 -0.000206737
1.42 0.0581787 -0.188605 -0.000202047
1.425 0.0568037 -0.188606 -0.000197272
1.43 0.0555561 -0.188606 -0.00019294
1.435 0.0545899 -0.188606 -0.000189585
1.44 0.0540411 -0.188606 -0.000187679
1.445 0.0540134 -0.188606 -0.000187582
1.45 0.0545712 -0.188606 -0.000189519
1.455 0.0557411 -0.188606 -0.000193581
1.46 0.0575158 -0.188606 -0.000199743
1.465 0.0598598 -0.188606 -0.000207882
1.47 0.06271 -0.188606 -0.000217779
1.475 0.0659732 -0.188611 -0.000229108
1.48 0.0695203 -0.188621 -0.000241421
1.485 0.0731876 -0.188631 -0.000254151
1.49 0.0767929 -0.18864 -0.000266666
1.495 0.0801643 -0.188649 -0.000278369
1.5 0.0831765 -0.188657 -0.000288824
1.505 0.0857823 -0.188663 -0.000297869
1.51 0.0880285 -0.188669 -0.000305666
1.515 0.0900485 -0.188674 -0.000312677
1.52 0.0920344 -0.18868 -0.00031957
1.525 0.0942022 -0.188685 -0.000327095
1.53 0.0967601 -0.188692 -0.000335973
1.535 0.0998859 -0.1887 -0.000346822
1.54 0.103713 -0.188709 -0.000360103
1.545 0.108317 -0.188721 -0.000376085
1.55 0.11372 -0.188734 -0.000394836
1.555 0.119892 -0.18875 -0.000416256
1.56 0.126771 -0.188767 -0.000440131
1.565 0.134281 -0.188786 -0.000466194
1.57 0.142339 -0.188807 -0.000494157
1.575 0.150852 -0.188828 -0.000523701
1.58 0.159707 -0.188851 -0.000554428
1.585 0.168753 -0.188874 -0.000585818
1.59 0.177802 -0.188897 -0.000617216
1.595 0.186633 -0.18892 -0.000647858
1.6 0.195012 -0.188941 -0.000676929
1.605 0.202714 -0.188961 -0.000703654
1.61 0.209544 -0.188979 -0.000727347
1.615 0.215336 -0.188994 -0.000747442
1.62 0.219959 -0.189006 -0.000763481
1.625 0.223307 -0.189015 -0.000775092
1.63 0.22529 -0.18902 -0.000781974
1.635 0.225839 -0.189021 -0.000783876
1.64 0.224904 -0.189019 -0.000780633
1.645 0.222477 -0.189018 -0.000772207
1.65 0.218603 -0.189018 -0.000758755
1.655 0.213387 -0.189019 -0.000740644
1.66 0.206988 -0.18902 -0.000718425
1.665 0.199599 -0.18902 -0.000692767
1.67 0.191429 -0.18902 -0.000664398
1.675 0.182692 -0.18902 -0.00063406
1.68 0.173597 -0.189021 -0.000602482
1.685 0.164346 -0.189021 -0.000570359
1.69 0.155126 -0.189021 -0.000538345
1.695 0.146101 -0.189021 -0.000507008
1.7 0.137396 -0.189021 -0.00047678
1.705 0.129076 -0.189021 -0.000447891
1.71 0.121143 -0.189021 -0.000420348
1.715 0.113551 -0.189021 -0.000393987
1.72 0.106234 -0.189021 -0.000368581
1.725 0.099136 -0.189021 -0.000343934
1.73 0.0922168 -0.189021 -0.000319909
1.735 0.0854467 -0.189022 -0.000296402
1.74 0.078798 -0.189022 -0.000273316
1.745 0.0722471 -0.189022 -0.00025057
1.75 0.0657806 -0.189022 -0.000228117
1.755 0.0593943 -0.189022 -0.000205942
1.76 0.0530825 -0.189022 -0.000184026
1.765 0.0468234 -0.189022 -0.000162293
1.77 0.0405697 -0.189022 -0.000140579
1.775 0.0342492 -0.189022 -0.000118633
1.78 0.0277832 -0.189022 -9.61813e-05
1.785 0.0211182 -0.189022 -7.30387e-05
1.79 0.0142575 -0.189022 -4.92169e-05
1.795 0.00727849 -0.189022 -2.49843e-05
1.8 0.000325178 -0.189022 -8.4086e-07
1.805 -0.00642111 -0.189022 2.25837e-05
1.81 -0.0127807 -0.189022 4.46655e-05
1.815 -0.0186029 -0.189022 6.48816e-05
1.82 -0.0237722 -0.189022 8.28305e-05
1.825 -0.0282045 -0.189022 9.82205e-05
1.83 -0.0318491 -0.189022 0.000110876
1.835 -0.0346977 -0.189022 0.000120766
1.84 -0.0367975 -0.189022 0.000128057
1.845 -0.038261 -0.189022 0.000133139
1.85 -0.0392577 -0.189022 0.0001366
1.855 -0.0399881 -0.189022 0.000139136
1.86 -0.0406473 -0.189022 0.000141425
1.865 -0.0413924 -0.189022 0.000144012
1.87 -0.0423311 -0.189022 0.000147271
1.875 -0.0435291 -0.189022 0.000151431
1.88 -0.0450198 -0.189022 0.000156607
1.885 -0.0468085 -0.189022 0.000162817
1.89 -0.0488754 -0.189022 0.000169994
1.895 -0.0511809 -0.189022 0.000178
1.9 -0.0536755 -0.189023 0.000186661
1.905 -0.056317 -0.189023 0.000195833
1.91 -0.0590868 -0.189023 0.00020545
1.915 -0.061993 -0.189023 0.000215541
1.92 -0.0650551 -0.189024 0.000226173
1.925 -0.0682852 -0.189024 0.000237389
1.93 -0.0716815 -0.189025 0.000249181
1.935 -0.0752422 -0.189026 0.000261545
1.94 -0.0789949 -0.189027 0.000274575
1.945 -0.0830274 -0.18903 0.000288576
1.95 -0.0874981 -0.189034 0.000304099
1.955 -0.0926149 -0.189042 0.000321864
1.96 -0.0985931 -0.189056 0.000342616
1.965 -0.105614 -0.189075 0.000366982
1.97 -0.113802 -0.189097 0.000395403
1.975 -0.123234 -0.189122 0.000428136
1.98 -0.133939 -0.189149 0.000465286
1.985 -0.145905 -0.189181 0.000506813
1.99 -0.159086 -0.189215 0.000552552
1.995 -0.173412 -0.189252 0.000602262
2 -0.188812 -0.189292 0.000655697
2.005 -0.205236 -0.189334 0.000712679
2.01 -0.222654 -0.18938 0.000773107
2.015 -0.241046 -0.189428 0.00083691
2.02 -0.260375 -0.189479 0.000903957
2.025 -0.280562 -0.189532 0.000973975
2.03 -0.301471 -0.189587 0.00104649
2.035 -0.322907 -0.189645 0.00112083
2.04 -0.344625 -0.189703 0.00119613
2.045 -0.366347 -0.189762 0.00127144
2.05 -0.387774 -0.18982 0.00134571
2.055 -0.408613 -0.189878 0.00141793
2.06 -0.428601 -0.189933 0.00148718
2.065 -0.447555 -0.189986 0.00155283
2.07 -0.465403 -0.190037 0.00161462
2.075 -0.482183 -0.190085 0.0016727
2.08 -0.497993 -0.19013 0.0017274
2.085 -0.512926 -0.190174 0.00177904
2.09 -0.527022 -0.190216 0.00182778
2.095 -0.54026 -0.190255 0.00187354
2.1 -0.55258 -0.190292 0.00191612
2.105 -0.563935 -0.190326 0.00195535
2.11 -0.574324 -0.190358 0.00199123
2.115 -0.583805 -0.190387 0.00202398
2.12 -0.592485 -0.190414 0.00205395
2.125 -0.600501 -0.190438 0.00208163
2.13 -0.607994 -0.190462 0.0021075
2.135 -0.615098 -0.190484 0.00213202
2.14 -0.621928 -0.190505 0.0021556
2.145 -0.628584 -0.190526 0.00217858
2.15 -0.63515 -0.190546 0.00220124
2.155 -0.641674 -0.190567 0.00222376
2.16 -0.648149 -0.190587 0.00224611
2.165 -0.654494 -0.190607 0.002268
2.17 -0.66056 -0.190626 0.00228894
2.175 -0.666169 -0.190644 0.00230829
2.18 -0.671165 -0.19066 0.00232554
2.185 -0.675459 -0.190674 0.00234035
2.19 -0.679023 -0.190685 0.00235265
2.195 -0.681869 -0.190694 0.00236247
2.2 -0.684014 -0.190701 0.00236987
2.205 -0.685456 -0.190706 0.00237484
2.21 -0.68617 -0.190708 0.00237731
2.215 -0.686115 -0.190708 0.00237711
2.22 -0.685254 -0.190707 0.00237413
2.225 -0.683569 -0.190707 0.00236828
2.23 -0.681062 -0.190707 0.00235957
2.235 -0.677737 -0.190708 0.00234802
2.24 -0.673603 -0.190708 0.00233367
2.245 -0.668684 -0.190708 0.00231659
2.25 -0.663043 -0.190708 0.002297
2.255 -0.656799 -0.190708 0.00227532
2.26 -0.650123 -0.190708 0.00225214
2.265 -0.643214 -0.190708 0.00222815
2.27 -0.63625 -0.190708 0.00220397
2.275 -0.629346 -0.190708 0.00218
2.28 -0.622544 -0.190708 0.00215638
2.285 -0.615827 -0.190708 0.00213306
2.29 -0.609161 -0.190708 0.00210991
2.295 -0.602518 -0.190708 0.00208684
2.3 -0.595883 -0.190708 0.00206381
2.305 -0.589238 -0.190708 0.00204073
2.31 -0.582546 -0.190708 0.0020175
2.315 -0.575742 -0.190708 0.00199387
2.32 -0.568729 -0.190708 0.00196952
2.325 -0.5614 -0.190708 0.00194407
2.33 -0.553638 -0.190708 0.00191712
2.335 -0.54532 -0.190708 0.00188824
2.34 -0.536291 -0.190708 0.00185689
2.345 -0.526348 -0.190708 0.00182236
2.35 -0.515239 -0.190708 0.00178379
2.355 -0.5027 -0.190708 0.00174025
2.36 -0.488502 -0.190708 0.00169095
2.365 -0.472484 -0.190708 0.00163534
2.37 -0.454576 -0.190708 0.00157316
2.375 -0.434788 -0.190708 0.00150445
2.38 -0.413212 -0.190708 0.00142953
2.385 -0.390014 -0.190708 0.00134898
2.39 -0.365427 -0.190708 0.00126361
2.395 -0.33973 -0.190708 0.00117438
2.4 -0.313206 -0.190708 0.00108229
2.405 -0.286108 -0.190708 0.000988196
2.41 -0.258618 -0.190708 0.000892746
2.415 -0.230843 -0.190708 0.000796305
2.42 -0.20283 -0.190708 0.000699038
2.425 -0.174591 -0.190709 0.000600985
2.43 -0.146111 -0.190709 0.000502096
2.435 -0.117353 -0.190709 0.000402241
2.44 -0.0882575 -0.190709 0.000301217
2.445 -0.0587472 -0.190709 0.000198751
2.45 -0.0287286 -0.19071 9.45196e-05
2.455 0.00189511 -0.19071 -1.18124e-05
2.46 0.0332089 -0.190711 -0.00012054
2.465 0.0652666 -0.190712 -0.00023185
2.47 0.0980796 -0.190714 -0.000345782
2.475 0.131616 -0.190718 -0.000462225
2.48 0.165809 -0.190729 -0.000580935
2.485 0.200563 -0.190756 -0.000701603
2.49 0.235763 -0.190829 -0.000823776
2.495 0.271268 -0.190934 -0.000946935
2.5 0.306904 -0.191039 -0.00107052
2.505 0.342466 -0.191143 -0.00119381
2.51 0.377731 -0.191246 -0.00131603
2.515 0.412475 -0.191348 -0.00143639
2.52 0.446498 -0.191449 -0.00155419
2.525 0.479626 -0.191548 -0.00166883
2.53 0.511721 -0.191645 -0.00177983
2.535 0.542664 -0.19174 -0.00188678
2.54 0.57235 -0.191832 -0.00198934
2.545 0.600681 -0.191922 -0.00208717
2.55 0.627566 -0.192007 -0.00217998
2.555 0.652936 -0.192089 -0.00226753
2.56 0.676746 -0.192167 -0.00234968
2.565 0.698973 -0.19224 -0.00242636
2.57 0.719619 -0.192308 -0.00249757
2.575 0.738717 -0.192372 -0.00256343
2.58 0.756342 -0.192431 -0.00262422
2.585 0.772618 -0.192486 -0.00268034
2.59 0.787714 -0.192537 -0.0027324
2.595 0.801833 -0.192586 -0.00278109
2.6 0.815183 -0.192631 -0.00282713
2.605 0.827945 -0.192675 -0.00287114
2.61 0.840236 -0.192718 -0.00291352
2.615 0.852093 -0.192759 -0.00295441
2.62 0.86347 -0.192798 -0.00299365
2.625 0.874269 -0.192836 -0.00303089
2.63 0.884355 -0.192871 -0.00306567
2.635 0.893585 -0.192904 -0.0030975
2.64 0.901808 -0.192933 -0.00312585
2.645 0.908873 -0.192958 -0.00315022
2.65 0.914618 -0.192978 -0.00317003
2.655 0.918874 -0.192994 -0.00318471
2.66 0.921469 -0.193003 -0.00319365
2.665 0.922239 -0.193006 -0.00319631
2.67 0.921042 -0.193002 -0.00319218
2.675 0.917773 -0.192999 -0.00318085
2.68 0.912389 -0.193001 -0.00316214
2.685 0.904934 -0.193002 -0.00313625
2.69 0.895575 -0.193002 -0.00310375
2.695 0.884615 -0.193003 -0.00306569
2.7 0.87248 -0.193004 -0.00302355
2.705 0.859669 -0.193004 -0.00297906
2.71 0.846695 -0.193005 -0.00293401
2.715 0.834015 -0.193005 -0.00288998
2.72 0.82199 -0.193005 -0.00284823
2.725 0.810865 -0.193005 -0.0028096
2.73 0.800765 -0.193005 -0.00277453
2.735 0.791701 -0.193006 -0.00274305
2.74 0.783588 -0.193006 -0.00271488
2.745 0.776265 -0.193006 -0.00268946
2.75 0.769531 -0.193006 -0.00266607
2.755 0.76318 -0.193006 -0.00264402
2.76 0.757038 -0.193006 -0.00262269
2.765 0.750979 -0.193006 -0.00260165
2.77 0.744931 -0.193006 -0.00258065
2.775 0.73887 -0.193006 -0.00255961
2.78 0.732806 -0.193006 -0.00253855
2.785 0.726774 -0.193006 -0.00251761
2.79 0.720822 -0.193006 -0.00249694
2.795 0.71501 -0.193006 -0.00247676
2.8 0.7094 -0.193006 -0.00245728
2.805 0.704062 -0.193006 -0.00243875
2.81 0.699068 -0.193006 -0.00242141
2.815 0.6945 -0.193006 -0.00240554
2.82 0.690452 -0.193006 -0.00239149
2.825 0.687042 -0.193006 -0.00237965
2.83 0.684415 -0.193006 -0.00237053
2.835 0.682738 -0.193006 -0.0023647
2.84 0.68219 -0.193006 -0.0023628
2.845 0.682951 -0.193006 -0.00236544
2.85 0.68519 -0.193006 -0.00237322
2.855 0.689065 -0.193006 -0.00238667
2.86 0.694726 -0.193006 -0.00240633
2.865 0.702305 -0.193006 -0.00243265
2.87 0.711902 -0.193006 -0.00246597
2.875 0.723574 -0.193006 -0.0025065
2.88 0.737344 -0.193006 -0.00255431
2.885 0.753224 -0.193006 -0.00260945
2.89 0.771241 -0.193006 -0.00267201
2.895 0.791458 -0.193006 -0.00274221
2.9 0.81398 -0.193006 -0.00282041
2.905 0.838934 -0.193006 -0.00290705
2.91 0.866442 -0.193006 -0.00300257
2.915 0.896593 -0.193006 -0.00310726
2.92 0.929428 -0.193009 -0.00322122
2.925 0.96494 -0.193082 -0.00334403
2.93 1.00308 -0.193228 -0.00347549
2.935 1.0438 -0.193387 -0.00361579
2.94 1.08702 -0.193555 -0.00376473
2.945 1.13272 -0.193733 -0.00392219
2.95 1.18091 -0.193922 -0.00408825
2.955 1.23168 -0.194124 -0.00426319
2.96 1.28517 -0.194339 -0.00444748
2.965 1.34159 -0.194567 -0.0046418
2.97 1.40116 -0.194809 -0.00484689
2.975 1.46409 -0.195067 -0.00506347
2.98 1.53059 -0.195332 -0.00529145
2.985 1.60077 -0.195607 -0.00553123
2.99 1.67472 -0.195889 -0.00578292
2.995 1.75243 -0.196178 -0.00604641
3 1.83388 -0.196459 -0.00632067
3.005 1.91903 -0.196694 -0.00660417
3.01 2.00781 -0.196882 -0.00689675
3.015 2.10014 -0.197025 -0.00719829
3.02 2.19595 -0.197138 -0.00750969
3.025 2.29515 -0.19717 -0.00782862
3.03 2.39762 -0.197126 -0.00815494
3.035 2.50326 -0.197096 -0.00849141
3.04 2.61193 -0.196999 -0.00883548
3.045 2.7235 -0.196828 -0.009186
3.05 2.83782 -0.196657 -0.00954445
3.055 2.95477 -0.196489 -0.0099108
3.06 3.0742 -0.196239 -0.0102822
3.065 3.19599 -0.195884 -0.0106569
3.07 3.32002 -0.195504 -0.0110364
3.075 3.44617 -0.195083 -0.0114197
3.08 3.57433 -0.194533 -0.011804
3.085 3.70443 -0.193867 -0.0121895
3.09 3.8364 -0.193117 -0.0125759
3.095 3.97021 -0.19224 -0.0129617
3.1 4.10587 -0.191258 -0.0133496
3.105 4.24339 -0.190163 -0.0137392
3.11 4.38276 -0.188912 -0.0141278
3.115 4.524 -0.187531 -0.0145171
3.12 4.66706 -0.186054 -0.0149071
3.125 4.8119 -0.184478 -0.0152993
3.13 4.95847 -0.182854 -0.0156952
3.135 5.10671 -0.181214 -0.0160933
3.14 5.25659 -0.179506 -0.0164936
3.145 5.40808 -0.177745 -0.0168955
3.15 5.56116 -0.175951 -0.0172966
3.155 5.71583 -0.174127 -0.0176956
3.16 5.87211 -0.172288 -0.0180863
3.165 6.03003 -0.170388 -0.0184643
3.17 6.18962 -0.168524 -0.0188229
3.175 6.35088 -0.166767 -0.019169
3.18 6.5138 -0.165053 -0.0195113
3.185 6.67833 -0.163373 -0.019849
3.19 6.84436 -0.161706 -0.0201879
3.195 7.01177 -0.160069 -0.0205272
3.2 7.18044 -0.15852 -0.0208643
3.205 7.35022 -0.15706 -0.0212003
3.21 7.52102 -0.155588 -0.0215404
3.215 7.69276 -0.154089 -0.0218854
3.22 7.86541 -0.152628 -0.0222324
3.225 8.03895 -0.151199 -0.022581
3.23 8.21338 -0.149816 -0.0229309
3.235 8.38868 -0.148494 -0.0232811
3.24 8.56479 -0.147181 -0.0236343
3.245 8.74162 -0.145772 -0.0239983
3.25 8.91908 -0.1443 -0.0243715
3.255 9.09699 -0.142876 -0.0247454
3.26 9.2752 -0.141516 -0.0251183
3.265 9.4535 -0.140252 -0.0254903
3.27 9.63171 -0.138992 -0.0258655
3.275 9.80966 -0.13769 -0.0262451
3.28 9.98718 -0.136232 -0.026637
3.285 10.1641 -0.134643 -0.0270386
3.29 10.3404 -0.133142 -0.0274369
3.295 10.5158 -0.1316 -0.027839
3.3 10.6902 -0.129985 -0.0282447
3.305 10.8633 -0.128408 -0.0286467
3.31 11.0351 -0.126861 -0.0290447
3.315 11.205 -0.125286 -0.0294395
3.32 11.3729 -0.123693 -0.02983
3.325 11.5383 -0.122147 -0.0302142
3.33 11.7006 -0.120652 -0.030591
3.335 11.8593 -0.119255 -0.0309587
3.34 12.0139 -0.117955 -0.0313162
3.345 12.1638 -0.116712 -0.0316626
3.35 12.3083 -0.115528 -0.0319964
3.355 12.4469 -0.114409 -0.0323164
3.36 12.5789 -0.113358 -0.0326211
3.365 12.704 -0.112384 -0.0329094
3.37 12.8214 -0.111519 -0.0331801
3.375 12.931 -0.110752 -0.0334321
3.38 13.0321 -0.110048 -0.0336649
3.385 13.1246 -0.109409 -0.0338776
3.39 13.208 -0.108837 -0.0340694
3.395 13.2819 -0.108334 -0.0342396
3.4 13.3462 -0.1079 -0.0343874
3.405 13.4004 -0.107536 -0.0345121
3.41 13.4443 -0.107244 -0.0346131
3.415 13.4777 -0.107025 -0.0346897
3.42 13.5002 -0.106878 -0.0347414
3.425 13.5117 -0.106806 -0.0347679
3.43 13.5121 -0.106808 -0.0347688
3.435 13.5012 -0.106891 -0.0347435
3.44 13.4792 -0.107105 -0.0346862
3.445 13.446 -0.107464 -0.0345955
3.45 13.4015 -0.107942 -0.0344751
3.455 13.346 -0.10854 -0.0343254
3.46 13.2794 -0.109254 -0.0341471
3.465 13.2019 -0.110092 -0.0339408
3.47 13.1135 -0.11107 -0.0337075
3.475 13.0144 -0.112197 -0.033448
3.48 12.9047 -0.113481 -0.0331633
3.485 12.7845 -0.114928 -0.0328545
3.49 12.6541 -0.116542 -0.0325222
3.495 12.5135 -0.118323 -0.0321671
3.5 12.3631 -0.12027 -0.0317899
3.505 12.2029 -0.122382 -0.031391
3.51 12.0332 -0.124674 -0.0309708
3.515 11.8542 -0.12714 -0.0305296
3.52 11.6661 -0.12976 -0.0300678
3.525 11.4692 -0.132531 -0.0295858
3.53 11.2636 -0.135421 -0.0290834
3.535 11.0495 -0.138421 -0.0285615
3.54 10.8272 -0.141534 -0.0280205
3.545 10.5968 -0.144596 -0.0274579
3.55 10.3585 -0.147621 -0.0268745
3.555 10.1125 -0.150771 -0.0262729
3.56 9.85904 -0.154043 -0.0256534
3.565 9.59821 -0.157435 -0.0250166
3.57 9.33025 -0.160963 -0.0243631
3.575 9.05539 -0.164623 -0.0236933
3.58 8.77387 -0.16827 -0.0230055
3.585 8.48594 -0.171898 -0.0223011
3.59 8.19188 -0.175634 -0.0215829
3.595 7.89199 -0.179483 -0.020851
3.6 7.58654 -0.183274 -0.020103
3.605 7.27581 -0.187052 -0.0193403
3.61 6.96002 -0.190986 -0.0185663
3.615 6.63936 -0.194984 -0.0177801
3.62 6.314 -0.19909 -0.0169831
3.625 5.98408 -0.203359 -0.0161775
3.63 5.64972 -0.207711 -0.0153616
3.635 5.31107 -0.211817 -0.0145276
3.64 4.96828 -0.215719 -0.0136762
3.645 4.62153 -0.219349 -0.0128056
3.65 4.27104 -0.222155 -0.0118999
3.655 3.91703 -0.224167 -0.0109569
3.66 3.55971 -0.225588 -0.00998099
3.665 3.19925 -0.226353 -0.00896729
3.67 2.83583 -0.226541 -0.00791859
3.675 2.46957 -0.226353 -0.00684031
3.68 2.10061 -0.225928 -0.00573831
3.685 1.72905 -0.225353 -0.00462239
3.69 1.35497 -0.224694 -0.00350242
3.695 0.978395 -0.223923 -0.00237407
3.7 0.599328 -0.222922 -0.00121896
3.705 0.217741 -0.221787 -1.43314e-05
3.71 -0.166396 -0.220942 0.00123997
3.715 -0.55311 -0.220487 0.00250954
3.72 -0.942413 -0.219995 0.00377149
3.725 -1.33429 -0.219095 0.00501609
3.73 -1.72871 -0.217692 0.00624088
3.735 -2.12559 -0.215972 0.00745293
3.74 -2.52483 -0.213882 0.00865229
3.745 -2.9263 -0.211213 0.00983263
3.75 -3.32984 -0.208087 0.010995
3.755 -3.73527 -0.204548 0.0121421
3.76 -4.14238 -0.200359 0.0132682
3.765 -4.55093 -0.195677 0.0143801
3.77 -4.96068 -0.190749 0.0154849
3.775 -5.37133 -0.185614 0.0165746
3.78 -5.78259 -0.180284 0.0176304
3.785 -6.19411 -0.175118 0.0185693
3.79 -6.60552 -0.170648 0.0193976
3.795 -7.01643 -0.1667 0.020205
3.8 -7.42641 -0.163089 0.0210039
3.805 -7.83502 -0.159852 0.0217923
3.81 -8.24176 -0.156976 0.0225745
3.815 -8.64608 -0.154052 0.0233785
3.82 -9.04738 -0.151046 0.0242017
3.825 -9.44495 -0.148136 0.0250275
3.83 -9.83805 -0.14492 0.0258829
3.835 -10.2259 -0.141619 0.026754
3.84 -10.6077 -0.138326 0.0276252
3.845 -10.9826 -0.134852 0.028497
3.85 -11.35 -0.131449 0.0293522
3.855 -11.7092 -0.128338 0.030186
3.86 -12.0594 -0.125493 0.030997
3.865 -12.4001 -0.122831 0.031785
3.87 -12.7307 -0.120443 0.032548
3.875 -13.0506 -0.118296 0.0332852
3.88 -13.3594 -0.11629 0.0339963
3.885 -13.6567 -0.114416 0.0346806
3.89 -13.9421 -0.112539 0.0353385
3.895 -14.2153 -0.110676 0.0359694
3.9 -14.4763 -0.108962 0.0365716
3.905 -14.725 -0.107396 0.037145
3.91 -14.9612 -0.105981 0.0376895
3.915 -15.1852 -0.104718 0.0382053
3.92 -15.3968 -0.103613 0.0386925
3.925 -15.5964 -0.102788 0.0391509
3.93 -15.7838 -0.102211 0.039581
3.935 -15.9594 -0.10174 0.0399834
3.94 -16.1231 -0.101378 0.0403586
3.945 -16.2751 -0.101122 0.0407066
3.95 -16.4154 -0.10097 0.0410275
3.955 -16.5439 -0.10093 0.0413213
3.96 -16.6606 -0.101051 0.0415876
3.965 -16.7653 -0.101273 0.0418261
3.97 -16.8579 -0.101509 0.0420368
3.975 -16.9382 -0.101784 0.0422192
3.98 -17.0059 -0.10322 0.0423695
3.985 -17.0608 -0.105634 0.0424864
3.99 -17.1025 -0.107048 0.0425765
3.995 -17.1306 -0.107481 0.0426399
4 -17.1448 -0.107641 0.0426718
4.005 -17.1444 -0.107579 0.0426709
4.01 -17.1291 -0.107645 0.0426332
4.015 -17.0988 -0.107969 0.0425532
4.02 -17.0536 -0.108406 0.0424314
4.025 -16.9938 -0.108996 0.0422713
4.03 -16.92 -0.109739 0.042075
4.035 -16.8329 -0.110636 0.0418451
4.04 -16.7335 -0.111696 0.0415848
4.045 -16.6227 -0.112923 0.0412977
4.05 -16.5017 -0.114313 0.0409875
4.055 -16.3716 -0.115796 0.0406569
4.06 -16.2337 -0.117358 0.0403093
4.065 -16.0894 -0.119036 0.0399485
4.07 -15.9397 -0.120816 0.0395776
4.075 -15.7859 -0.122683 0.0391988
4.08 -15.6292 -0.124617 0.0388148
4.085 -15.4708 -0.126599 0.038428
4.09 -15.3117 -0.128609 0.0380408
4.095 -15.153 -0.13063 0.0376556
4.1 -14.9958 -0.132646 0.0372747
4.105 -14.841 -0.134641 0.0369003
4.11 -14.6897 -0.136601 0.0365346
4.115 -14.5426 -0.138513 0.0361795
4.12 -14.4004 -0.140367 0.0358367
4.125 -14.2639 -0.142175 0.0355078
4.13 -14.1335 -0.143927 0.035194
4.135 -14.0097 -0.145596 0.0348963
4.14 -13.8929 -0.147174 0.0346156
4.145 -13.7835 -0.148657 0.0343526
4.15 -13.6816 -0.150041 0.034108
4.155 -13.5875 -0.151328 0.033882
4.16 -13.5011 -0.152557 0.0336751
4.165 -13.4224 -0.153721 0.033487
4.17 -13.3513 -0.154778 0.0333171
4.175 -13.2877 -0.155727 0.0331651
4.18 -13.2315 -0.156559 0.0330308
4.185 -13.1827 -0.157227 0.0329135
4.19 -13.1412 -0.157749 0.0328134
4.195 -13.1072 -0.158178 0.0327312
4.2 -13.0805 -0.158516 0.0326667
4.205 -13.0611 -0.15876 0.03262
4.21 -13.0491 -0.15891 0.032591
4.215 -13.0444 -0.158967 0.0325797
4.22 -13.047 -0.158931 0.032586
4.225 -13.0568 -0.158836 0.0326116
4.23 -13.0737 -0.158697 0.0326571
4.235 -13.0977 -0.1585 0.0327213
4.24 -13.1285 -0.158245 0.032804
4.245 -13.1662 -0.15793 0.0329048
4.25 -13.2107 -0.157555 0.0330235
4.255 -13.262 -0.157117 0.0331598
4.26 -13.32 -0.156613 0.0333136
4.265 -13.3849 -0.156039 0.0334847
4.27 -13.4565 -0.155393 0.0336728
4.275 -13.535 -0.15469 0.0338772
4.28 -13.6201 -0.153922 0.0340975
4.285 -13.7118 -0.153041 0.0343327
4.29 -13.8098 -0.152048 0.0345822
4.295 -13.9139 -0.150969 0.0348453
4.3 -14.024 -0.149807 0.0351216
4.305 -14.1398 -0.148565 0.0354103
4.31 -14.2611 -0.147246 0.035711
4.315 -14.3878 -0.145853 0.0360233
4.32 -14.5194 -0.144392 0.0363468
4.325 -14.6559 -0.142866 0.0366808
4.33 -14.7969 -0.141282 0.0370247
4.335 -14.942 -0.139641 0.0373781
4.34 -15.0908 -0.137949 0.0377399
4.345 -15.243 -0.136254 0.038109
4.35 -15.398 -0.134577 0.0384843
4.355 -15.5556 -0.132889 0.0388652
4.36 -15.7153 -0.131241 0.0392501
4.365 -15.8766 -0.129637 0.0396381
4.37 -16.0391 -0.128014 0.0400288
4.375 -16.2023 -0.126383 0.0404212
4.38 -16.366 -0.124792 0.0408138
4.385 -16.5297 -0.123267 0.0412058
4.39 -16.6932 -0.121844 0.0415955
4.395 -16.856 -0.120723 0.0419771
4.4 -17.0179 -0.119881 0.0423496
4.405 -17.1784 -0.119099 0.0427173
4.41 -17.3373 -0.118669 0.0430801
4.415 -17.4943 -0.118577 0.0434371
4.42 -17.649 -0.118459 0.0437894
4.425 -17.8014 -0.118323 0.0441365
4.43 -17.9511 -0.118173 0.0444778
4.435 -18.0982 -0.11802 0.044813
4.44 -18.2424 -0.118194 0.0451413
4.445 -18.3835 -0.118675 0.0454621
4.45 -18.5214 -0.119168 0.0457754
4.455 -18.6559 -0.119725 0.0460806
4.46 -18.7865 -0.120378 0.0463769
4.465 -18.9133 -0.121709 0.0466622
4.47 -19.036 -0.10718 0.0469818
4.475 -19.1545 -0.0936572 0.0473006
4.48 -19.2689 -0.0971514 0.0475716
4.485 -19.3792 -0.0998815 0.0478261
4.49 -19.4855 -0.102075 0.0480645
4.495 -19.5878 -0.103794 0.048293
4.5 -19.6863 -0.105183 0.0485127
4.505 -19.781 -0.10647 0.0487222
4.51 -19.8719 -0.107771 0.0489219
4.515 -19.9589 -0.109072 0.0491129
4.52 -20.0421 -0.110678 0.0492941
4.525 -20.1214 -0.117244 0.0494488
4.53 -20.1961 0.551335 0.0551493
4.535 -20.2654 0.591994 0.0438504
4.54 -20.3298 -0.328436 0.0468321
4.545 -20.39 -0.570912 0.0659388
4.55 -20.446 -0.517683 0.0733761
4.555 -20.4976 -0.542198 0.0811453
4.56 -20.5446 -5.83336 1.8018
4.565 -20.5872 -7.15478 2.30624
4.57 -20.6251 -3.16948 0.894284
