0.1 -7.30427e-32 200 3.01981e-14
0.2 1.16868e-31 400 1.61648e-13
0.3 5.84341e-31 600 2.30926e-13
0.4 0 800 -5.61329e-13
0.5 7.0121e-31 1000 -7.0699e-13
0.6 -8.18078e-31 1200 -3.33955e-13
0.7 0 1400 -1.05871e-12
0.8 1.16868e-30 1600 3.90799e-13
0.9 0 1800 9.30811e-13
1 -6.13558e-31 2000 -6.39488e-14
0.005 1.06179e-05 2000 -0.0045965
0.01 5.30435e-05 2000 -0.0229328
0.015 0.000137846 2000 -0.0595639
0.02 0.000265009 2000 -0.114496
0.025 0.000434548 2000 -0.187734
0.03 0.000646518 2000 -0.279304
0.035 0.000900989 2000 -0.389234
0.04 0.00119801 2000 -0.517546
0.045 0.00153759 2000 -0.664242
0.05 0.00191963 2000 -0.829286
0.055 0.002344 2000 -1.01261
0.06 0.00281056 2000 -1.21416
0.065 0.00331941 2000 -1.43399
0.07 0.00387089 2000 -1.67223
0.075 0.0044656 2000 -1.92914
0.08 0.00510428 2000 -2.20505
0.085 0.00578775 2000 -2.50031
0.09 0.00651669 2000 -2.81521
0.095 0.00729145 2000 -3.14991
0.1 0.00811182 2000 -3.50431
0.105 0.00897743 2000 -3.87825
0.11 0.00988812 2000 -4.27167
0.115 0.0108446 2000 -4.68487
0.12 0.011849 2000 -5.11876
0.125 0.0129047 2000 -5.57482
0.13 0.0140157 2000 -6.05478
0.135 0.0151855 2000 -6.56012
0.14 0.016416 2000 -7.0917
0.145 0.0177078 2000 -7.64977
0.15 0.0190608 2000 -8.23425
0.155 0.020475 2000 -8.84519
0.16 0.0219515 2000 -9.48303
0.165 0.0234929 2000 -10.149
0.17 0.0251037 2000 -10.8448
0.175 0.0267889 2000 -11.5728
0.18 0.0285541 2000 -12.3354
0.185 0.0304041 2000 -13.1346
0.19 0.0323437 2000 -13.9725
0.195 0.0343778 2000 -14.8512
0.2 0.0365133 2000 -15.7738
0.205 0.0387597 2000 -16.7442
0.21 0.0411327 2000 -17.7693
0.215 0.0436554 2000 -18.8591
0.22 0.0463541 2000 -20.025
0.225 0.0492516 2000 -21.2767
0.23 0.0523612 2000 -22.62
0.235 0.0556818 2000 -24.0545
0.24 0.0591981 2000 -25.5736
0.245 0.0628851 2000 -27.1664
0.25 0.0667161 2000 -28.8214
0.255 0.0706709 2000 -30.5298
0.26 0.0747417 2000 -32.2884
0.265 0.0789351 2000 -34.1
0.27 0.0832675 2000 -35.9716
0.275 0.0877604 2000 -37.9125
0.28 0.0924349 2000 -39.9319
0.285 0.0973087 2000 -42.0374
0.29 0.102396 2000 -44.235
0.295 0.107708 2000 -46.5299
0.3 0.113258 2000 -48.9276
0.305 0.119061 2000 -51.4346
0.31 0.125137 2000 -54.0592
0.315 0.131508 2000 -56.8117
0.32 0.138203 2000 -59.7037
0.325 0.145246 2000 -62.7462
0.33 0.152657 2000 -65.948
0.335 0.160452 2000 -69.3151
0.34 0.168636 2000 -72.851
0.345 0.177217 2000 -76.5577
0.35 0.186196 2000 -80.4368
0.355 0.195576 2000 -84.489
0.36 0.205355 2000 -88.7133
0.365 0.215523 2000 -93.1061
0.37 0.226071 2000 -97.6629
0.375 0.236991 2000 -102.38
0.38 0.248277 2000 -107.256
0.385 0.259927 2000 -112.288
0.39 0.271922 2000 -117.47
0.395 0.284222 2000 -122.784
0.4 0.296748 2000 -128.195
0.405 0.309379 2000 -133.652
0.41 0.321955 2000 -139.085
0.415 0.334284 2000 -144.411
0.42 0.346163 2000 -149.543
0.425 0.357402 2000 -154.398
0.43 0.367853 2000 -158.913
0.435 0.377447 2000 -163.057
0.44 0.386209 2000 -166.843
0.445 0.39426 2000 -170.32
0.45 0.401804 2000 -173.579
0.455 0.409104 2000 -176.733
0.46 0.41645 2000 -179.907
0.465 0.424112 2000 -183.217
0.47 0.432295 2000 -186.752
0.475 0.441098 2000 -190.554
0.48 0.450504 2000 -194.618
0.485 0.460398 2000 -198.892
0.49 0.470594 2000 -203.297
0.495 0.480871 2000 -207.736
0.5 0.490995 2000 -212.11
0.505 0.500723 2000 -216.313
0.51 0.509799 2000 -220.233
0.515 0.517936 2000 -223.748
0.52 0.524817 2000 -226.721
0.525 0.530107 2000 -229.006
0.53 0.533501 2000 -230.473
0.535 0.53479 2000 -231.029
0.54 0.533824 2000 -230.612
0.545 0.530575 2000 -229.209
0.55 0.525277 2000 -226.92
0.555 0.518262 2000 -223.889
0.56 0.509901 2000 -220.277
0.565 0.500557 2000 -216.241
0.57 0.490523 2000 -211.906
0.575 0.479978 2000 -207.351
0.58 0.468982 2000 -202.6
0.585 0.457529 2000 -197.653
0.59 0.445624 2000 -192.509
0.595 0.433345 2000 -187.205
0.6 0.420888 2000 -181.824
0.605 0.408547 2000 -176.492
0.61 0.396655 2000 -171.355
0.615 0.3855 2000 -166.536
0.62 0.375267 2000 -162.116
0.625 0.366042 2000 -158.13
0.63 0.3578 2000 -154.57
0.635 0.350411 2000 -151.378
0.64 0.343631 2000 -148.449
0.645 0.337107 2000 -145.63
0.65 0.330385 2000 -142.727
0.655 0.322919 2000 -139.501
0.66 0.314091 2000 -135.687
0.665 0.303287 2000 -131.02
0.67 0.290012 2000 -125.285
0.675 0.274004 2000 -118.37
0.68 0.255292 2000 -110.286
0.685 0.234192 2000 -101.171
0.69 0.211257 2000 -91.2632
0.695 0.187209 2000 -80.8744
0.7 0.162861 2000 -70.3558
0.705 0.139041 2000 -60.0656
0.71 0.116516 2000 -50.3347
0.715 0.0959232 2000 -41.4388
0.72 0.0777121 2000 -33.5716
0.725 0.0621306 2000 -26.8404
0.73 0.0493159 2000 -21.3044
0.735 0.0393663 2000 -17.0061
0.74 0.0323286 2000 -13.9657
0.745 0.0281527 2000 -12.1617
0.75 0.0266099 2000 -11.4953
0.755 0.0272715 2000 -11.7812
0.76 0.0294964 2000 -12.7423
0.765 0.0324773 2000 -14.0301
0.77 0.0353236 2000 -15.2597
0.775 0.0371337 2000 -16.0417
0.78 0.0370684 2000 -16.0135
0.785 0.0344311 2000 -14.8742
0.79 0.0287434 2000 -12.4171
0.795 0.0198336 2000 -8.56793
0.8 0.00779246 2000 -3.36559
0.805 -0.0071269 1999.99 3.08001
0.81 -0.0241733 1999.99 10.4444
0.815 -0.0427458 1999.98 18.4676
0.82 -0.0631467 1999.99 27.2806
0.825 -0.0851041 1999.99 36.7661
0.83 -0.108331 1999.99 46.7999
0.835 -0.132541 1999.99 57.2588
0.84 -0.157452 1999.99 68.0201
0.845 -0.18279 2000 78.9661
0.85 -0.208319 2000 89.9945
0.855 -0.233862 2000 101.029
0.86 -0.259331 2000 112.032
0.865 -0.284747 2000 123.012
0.87 -0.31024 2000 134.025
0.875 -0.336002 2000 145.154
0.88 -0.362195 2000 156.469
0.885 -0.388858 2000 167.987
0.89 -0.41584 2000 179.644
0.895 -0.44276 2000 191.273
0.9 -0.469039 2000 202.626
0.905 -0.494064 2000 213.436
0.91 -0.517416 2000 223.524
0.915 -0.53906 2000 232.875
0.92 -0.559448 2000 241.682
0.925 -0.57949 2000 250.34
0.93 -0.600386 2000 259.367
0.935 -0.623304 2000 269.268
0.94 -0.649054 2000 280.392
0.945 -0.677885 2000 292.847
0.95 -0.709443 2000 306.48
0.955 -0.742845 2000 320.91
0.96 -0.776846 2000 335.598
0.965 -0.809999 2000 349.921
0.97 -0.840837 2000 363.243
0.975 -0.868026 2000 374.988
0.98 -0.890473 2000 384.685
0.985 -0.907349 2000 391.976
0.99 -0.918029 2000 396.589
0.995 -0.922009 2000 398.309
1 -0.918544 1999.99 396.812
1.005 -0.90683 1999.99 391.753
1.01 -0.886538 1999.99 382.986
1.015 -0.85752 1999.99 370.45
1.02 -0.819792 1999.99 354.151
1.025 -0.773425 2000 334.12
1.03 -0.718497 2000 310.391
1.035 -0.655161 2000 283.03
1.04 -0.583726 2000 252.17
1.045 -0.5047 2000 218.031
1.05 -0.418794 2000 180.919
1.055 -0.326871 2000 141.209
1.06 -0.229848 2000 99.2946
1.065 -0.128585 2000 55.5488
1.07 -0.0238258 2000 10.2929
1.075 0.083766 2000 -36.1868
1.08 0.193528 2000 -83.6038
1.085 0.304707 2000 -131.633
1.09 0.416365 2000 -179.87
1.095 0.5269 1999.98 -227.625
1.1 0.629581 1999.89 -272.043
1.105 0.726897 1999.86 -314.102
1.11 0.820068 1999.89 -354.338
1.115 0.908237 1999.91 -392.416
1.12 0.99087 1999.93 -428.104
1.125 1.06783 1999.94 -461.344
1.13 1.13935 1999.95 -492.231
1.135 1.20592 1999.96 -520.986
1.14 1.26823 1999.97 -547.898
1.145 1.32691 1999.97 -573.243
1.15 1.38232 1999.98 -597.181
1.155 1.43436 1999.98 -619.66
1.16 1.48233 1999.99 -640.378
1.165 1.52501 1999.99 -658.814
1.17 1.56088 1999.99 -674.307
1.175 1.58832 1999.99 -686.161
1.18 1.6059 1999.99 -693.754
1.185 1.6126 1999.99 -696.647
1.19 1.60754 1999.99 -694.463
1.195 1.59026 1999.98 -686.998
1.2 1.56138 1999.99 -674.523
1.205 1.52178 1999.99 -657.416
1.21 1.4723 1999.99 -636.036
1.215 1.41344 1999.99 -610.61
1.22 1.34535 1999.99 -581.195
1.225 1.268 1999.99 -547.78
1.23 1.1816 2000 -510.453
1.235 1.087 2000 -469.586
1.24 0.985844 2000 -425.886
1.245 0.880338 2000 -380.307
1.25 0.772877 2000 -333.884
1.255 0.665675 2000 -287.572
1.26 0.560539 2000 -242.153
1.265 0.458782 2000 -198.194
1.27 0.361251 2000 -156.061
1.275 0.268452 2000 -115.972
1.28 0.180699 2000 -78.0622
1.285 0.0982181 2000 -42.4304
1.29 0.0211877 2000 -9.15322
1.295 -0.050307 2000 21.7325
1.3 -0.116442 2000 50.3027
1.305 -0.177915 2000 76.8593
1.31 -0.236132 2000 102.009
1.315 -0.293135 2000 126.634
1.32 -0.351298 2000 151.761
1.325 -0.412835 2000 178.345
1.33 -0.479288 2000 207.053
1.335 -0.551126 2000 238.086
1.34 -0.627528 2000 271.092
1.345 -0.70644 2000 305.182
1.35 -0.784897 2000 339.076
1.355 -0.859577 1999.99 371.337
1.36 -0.927062 1999.98 400.495
1.365 -0.983521 1999.94 424.909
1.37 -1.02898 1999.93 444.559
1.375 -1.06491 1999.94 460.074
1.38 -1.09145 1999.95 471.53
1.385 -1.10911 1999.96 479.157
1.39 -1.11871 1999.97 483.298
1.395 -1.12109 1999.98 484.324
1.4 -1.11664 1999.97 482.405
1.405 -1.1059 1999.97 477.762
1.41 -1.08967 1999.98 470.75
1.415 -1.06911 1999.98 461.866
1.42 -1.0459 1999.99 451.835
1.425 -1.02226 1999.99 441.624
1.43 -1.00082 1999.99 432.359
1.435 -0.984211 1999.99 425.183
1.44 -0.97478 1999.99 421.108
1.445 -0.974305 2000 420.902
1.45 -0.983897 2000 425.046
1.455 -1.00401 2000 433.734
1.46 -1.03452 2000 446.915
1.465 -1.07482 2000 464.322
1.47 -1.12358 1999.99 485.38
1.475 -1.17505 1999.96 507.641
1.48 -1.23098 1999.97 531.801
1.485 -1.2888 1999.97 556.778
1.49 -1.34564 1999.98 581.331
1.495 -1.39879 1999.98 604.289
1.5 -1.44627 1999.98 624.799
1.505 -1.48734 1999.99 642.541
1.51 -1.52275 1999.99 657.833
1.515 -1.55458 1999.99 671.584
1.52 -1.58587 1999.99 685.102
1.525 -1.62003 1999.99 699.858
1.53 -1.66033 2000 717.268
1.535 -1.70958 2000 738.542
1.54 -1.76986 2000 764.583
1.545 -1.84238 2000 795.914
1.55 -1.92746 2000 832.668
1.555 -2.02463 2000 874.645
1.56 -2.13291 2000 921.426
1.565 -2.2511 2000 972.482
1.57 -2.37786 2000 1027.25
1.575 -2.51176 2000 1085.09
1.58 -2.65098 2000 1145.24
1.585 -2.79317 2000 1206.67
1.59 -2.93536 2000 1268.09
1.595 -3.07409 2000 1328.02
1.6 -3.20567 2000 1384.87
1.605 -3.3266 2000 1437.11
1.61 -3.4338 2000 1483.42
1.615 -3.5247 2000 1522.69
1.62 -3.59724 2000 1554.02
1.625 -3.64976 2000 1576.71
1.63 -3.68088 2000 1590.15
1.635 -3.68949 2000 1593.87
1.64 -3.67338 1999.97 1586.92
1.645 -3.63163 1999.96 1568.89
1.65 -3.56505 1999.96 1540.12
1.655 -3.4754 1999.97 1501.39
1.66 -3.3654 1999.98 1453.87
1.665 -3.23838 1999.98 1398.99
1.67 -3.09793 1999.98 1338.32
1.675 -2.94773 1999.99 1273.43
1.68 -2.79139 1999.99 1205.89
1.685 -2.63235 1999.99 1137.18
1.69 -2.47385 1999.99 1068.71
1.695 -2.3187 1999.99 1001.68
1.7 -2.16904 2000 937.029
1.705 -2.02601 2000 875.239
1.71 -1.88964 2000 816.328
1.715 -1.75913 2000 759.945
1.72 -1.63334 2000 705.605
1.725 -1.51131 2000 652.888
1.73 -1.39236 2000 601.501
1.735 -1.27597 2000 551.222
1.74 -1.16167 2000 501.844
1.745 -1.04906 2000 453.192
1.75 -0.937886 2000 405.167
1.755 -0.828098 2000 357.738
1.76 -0.719588 2000 310.862
1.765 -0.611986 2000 264.378
1.77 -0.504476 2000 217.934
1.775 -0.395819 2000 170.994
1.78 -0.284659 2000 122.973
1.785 -0.170077 2000 73.4733
1.79 -0.0521317 2000 22.521
1.795 0.0678466 2000 -29.3097
1.8 0.187381 2000 -80.9485
1.805 0.303356 2000 -131.05
1.81 0.412682 2000 -178.279
1.815 0.512771 2000 -221.517
1.82 0.601635 2000 -259.906
1.825 0.677831 2000 -292.823
1.83 0.740486 2000 -319.89
1.835 0.78945 2000 -341.043
1.84 0.825545 2000 -356.636
1.845 0.850701 2000 -367.503
1.85 0.867833 2000 -374.904
1.855 0.880388 2000 -380.328
1.86 0.891719 2000 -385.222
1.865 0.904527 2000 -390.756
1.87 0.920662 2000 -397.726
1.875 0.941255 2000 -406.622
1.88 0.966879 2000 -417.692
1.885 0.997623 2000 -430.973
1.89 1.03315 2000 -446.322
1.895 1.07278 2000 -463.441
1.9 1.11565 2000 -481.96
1.905 1.16104 2000 -501.567
1.91 1.20863 2000 -522.126
1.915 1.25855 2000 -543.692
1.92 1.31113 2000 -566.407
1.925 1.36657 2000 -590.361
1.93 1.42481 2000 -615.52
1.935 1.48574 1999.99 -641.842
1.94 1.54967 1999.98 -669.466
1.945 1.61795 1999.97 -698.966
1.95 1.69296 1999.97 -731.368
1.955 1.77475 1999.92 -766.717
1.96 1.86888 1999.91 -807.401
1.965 1.97942 1999.93 -855.149
1.97 2.10833 1999.94 -910.832
1.975 2.25676 1999.95 -974.952
1.98 2.42517 1999.96 -1047.7
1.985 2.61336 1999.97 -1129
1.99 2.82055 1999.97 -1218.51
1.995 3.04564 1999.98 -1315.75
2 3.28748 1999.98 -1420.24
2.005 3.54525 1999.98 -1531.6
2.01 3.81847 1999.98 -1649.63
2.015 4.10679 1999.98 -1774.19
2.02 4.40958 1999.98 -1905.01
2.025 4.72559 1999.98 -2041.53
2.03 5.05265 1999.98 -2182.84
2.035 5.38768 1999.98 -2327.58
2.04 5.7268 1999.98 -2474.1
2.045 6.0656 1999.98 -2620.48
2.05 6.39939 1999.98 -2764.71
2.055 6.72357 1999.98 -2904.79
2.06 7.03404 1999.98 -3038.94
2.065 7.32797 1999.98 -3165.95
2.07 7.6043 1999.98 -3285.35
2.075 7.86367 1999.98 -3397.41
2.08 8.10765 1999.98 -3502.82
2.085 8.33773 1999.98 -3602.21
2.09 8.5546 1999.98 -3695.89
2.095 8.75799 1999.98 -3783.74
2.1 8.94706 1999.98 -3865.4
2.105 9.12113 1999.98 -3940.58
2.11 9.28025 1999.98 -4009.3
2.115 9.42535 1999.99 -4071.95
2.12 9.5581 1999.99 -4129.27
2.125 9.6806 1999.99 -4182.18
2.13 9.79506 1999.99 -4231.6
2.135 9.90349 1999.99 -4278.42
2.14 10.0077 1999.99 -4323.42
2.145 10.1092 1999.99 -4367.26
2.15 10.2092 1999.99 -4410.47
2.155 10.3086 1999.99 -4453.39
2.16 10.4072 1999.99 -4495.96
2.165 10.5037 2000 -4537.66
2.17 10.596 2000 -4577.52
2.175 10.6813 2000 -4614.35
2.18 10.7572 2000 -4647.15
2.185 10.8224 2000 -4675.32
2.19 10.8766 2000 -4698.71
2.195 10.9198 2000 -4717.38
2.2 10.9524 2000 -4731.44
2.205 10.9743 2000 -4740.9
2.21 10.9851 2000 -4745.58
2.215 10.9842 2000 -4745.17
2.22 10.9693 1999.99 -4738.77
2.225 10.9404 1999.99 -4726.26
2.23 10.8973 1999.99 -4707.64
2.235 10.8401 1999.99 -4682.95
2.24 10.7691 2000 -4652.25
2.245 10.6845 2000 -4615.72
2.25 10.5875 2000 -4573.83
2.255 10.4802 2000 -4527.45
2.26 10.3654 2000 -4477.87
2.265 10.2467 2000 -4426.56
2.27 10.1269 2000 -4374.84
2.275 10.0083 2000 -4323.57
2.28 9.89132 2000 -4273.05
2.285 9.77586 2000 -4223.17
2.29 9.66126 2000 -4173.67
2.295 9.54706 2000 -4124.33
2.3 9.43299 2000 -4075.05
2.305 9.31875 2000 -4025.7
2.31 9.20372 2000 -3976.01
2.315 9.08673 2000 -3925.47
2.32 8.96618 2000 -3873.39
2.325 8.84017 2000 -3818.96
2.33 8.70674 2000 -3761.31
2.335 8.56374 2000 -3699.54
2.34 8.40853 2000 -3632.48
2.345 8.23759 2000 -3558.64
2.35 8.04661 2000 -3476.14
2.355 7.83105 2000 -3383.01
2.36 7.58695 2000 -3277.56
2.365 7.31159 2000 -3158.61
2.37 7.00373 2000 -3025.61
2.375 6.66355 2000 -2878.65
2.38 6.29262 2000 -2718.41
2.385 5.8938 2000 -2546.12
2.39 5.47113 2000 -2363.53
2.395 5.02936 2000 -2172.68
2.4 4.57337 2000 -1975.7
2.405 4.10751 2000 -1774.45
2.41 3.63493 2000 -1570.29
2.415 3.15744 2000 -1364.01
2.42 2.67585 2000 -1155.97
2.425 2.19039 2000 -946.246
2.43 1.70078 2000 -734.737
2.435 1.2064 2000 -521.166
2.44 0.706232 2000 -305.093
2.445 0.198925 2000 -85.9356
2.45 -0.317116 2000 136.994
2.455 -0.843508 2000 364.4
2.46 -1.38177 1999.99 596.926
2.465 -1.93266 1999.99 834.923
2.47 -2.49628 1999.98 1078.42
2.475 -3.07142 1999.95 1326.91
2.48 -3.65349 1999.83 1578.4
2.485 -4.22954 1999.55 1826.86
2.49 -4.77998 1999.33 2065.09
2.495 -5.33483 1999.45 2304.85
2.5 -5.89088 1999.54 2545.13
2.505 -6.44474 1999.62 2784.48
2.51 -6.99274 1999.68 3021.32
2.515 -7.53127 1999.72 3254.08
2.52 -8.05713 1999.76 3481.37
2.525 -8.5677 1999.79 3702.03
2.53 -9.06094 1999.81 3915.18
2.535 -9.53525 1999.83 4120.12
2.54 -9.98924 1999.85 4316.24
2.545 -10.4216 1999.87 4502.98
2.55 -10.8311 1999.88 4679.83
2.555 -11.2168 1999.9 4846.4
2.56 -11.5783 1999.91 5002.47
2.565 -11.9152 1999.92 5147.95
2.57 -12.2278 1999.93 5282.89
2.575 -12.5165 1999.94 5407.55
2.58 -12.7827 1999.94 5522.47
2.585 -13.0282 1999.95 5628.48
2.59 -13.2557 1999.96 5726.7
2.595 -13.4682 1999.96 5818.49
2.6 -13.669 1999.97 5905.2
2.605 -13.8608 1999.97 5988.03
2.61 -14.0454 1999.98 6067.74
2.615 -14.2233 1999.98 6144.58
2.62 -14.3939 1999.98 6218.26
2.625 -14.5557 1999.98 6288.14
2.63 -14.7068 1999.98 6353.38
2.635 -14.8449 1999.99 6413.04
2.64 -14.9679 1999.99 6466.17
2.645 -15.0735 1999.99 6511.79
2.65 -15.1594 1999.99 6548.88
2.655 -15.223 1999.99 6576.35
2.66 -15.2617 1999.99 6593.09
2.665 -15.2732 2000 6598.06
2.67 -15.2523 1999.95 6589.11
2.675 -15.1958 1999.92 6564.8
2.68 -15.1034 1999.94 6524.83
2.685 -14.9753 1999.95 6469.48
2.69 -14.8145 1999.96 6399.99
2.695 -14.6262 1999.97 6318.6
2.7 -14.4176 1999.97 6228.48
2.705 -14.1974 1999.98 6133.35
2.71 -13.9744 1999.98 6037
2.715 -13.7565 1999.99 5942.83
2.72 -13.5498 1999.99 5853.53
2.725 -13.3585 1999.99 5770.92
2.73 -13.1849 1999.99 5695.91
2.735 -13.0291 1999.99 5628.59
2.74 -12.8896 1999.99 5568.34
2.745 -12.7638 2000 5513.96
2.75 -12.648 2000 5463.95
2.755 -12.5388 2000 5416.78
2.76 -12.4332 2000 5371.16
2.765 -12.3291 2000 5326.16
2.77 -12.2251 2000 5281.25
2.775 -12.1209 2000 5236.24
2.78 -12.0167 2000 5191.2
2.785 -11.913 2000 5146.4
2.79 -11.8107 2000 5102.2
2.795 -11.7107 2000 5059.03
2.8 -11.6143 2000 5017.37
2.805 -11.5225 2000 4977.73
2.81 -11.4367 2000 4940.64
2.815 -11.3581 2000 4906.71
2.82 -11.2885 2000 4876.65
2.825 -11.2299 2000 4851.33
2.83 -11.1848 2000 4831.82
2.835 -11.1559 2000 4819.36
2.84 -11.1465 2000 4815.3
2.845 -11.1596 2000 4820.95
2.85 -11.1981 2000 4837.57
2.855 -11.2647 2000 4866.35
2.86 -11.362 2000 4908.39
2.865 -11.4923 2000 4964.68
2.87 -11.6573 2000 5035.95
2.875 -11.858 2000 5122.64
2.88 -12.0947 2000 5224.91
2.885 -12.3677 2000 5342.84
2.89 -12.6774 2000 5476.65
2.895 -13.025 2000 5626.8
2.9 -13.4122 2000 5794.06
2.905 -13.8412 2000 5979.39
2.91 -14.314 2000 6183.67
2.915 -14.8319 2000 6407.43
2.92 -15.377 1999.75 6643.8
2.925 -15.9054 1999.22 6873.69
2.93 -16.4743 1999.32 7119.14
2.935 -17.0802 1999.43 7380.52
2.94 -17.7217 1999.52 7657.38
2.945 -18.3978 1999.58 7949.22
2.95 -19.1084 1999.62 8256.04
2.955 -19.855 1999.67 8578.46
2.96 -20.6397 1999.71 8917.41
2.965 -21.4653 1999.74 9274.05
2.97 -22.3347 1999.76 9649.66
2.975 -23.2339 1999.85 10040.5
2.98 -24.1765 1999.91 10449.4
2.985 -25.1548 1999.99 10874.5
2.99 -26.1805 2000.03 11318.9
2.995 -27.208 2000.26 11769.1
3 -28.2276 2000.76 12217.4
3.005 -29.2827 2000.96 12675.7
3.01 -30.3083 2001.3 13123.4
3.015 -31.3723 2001.3 13581.6
3.02 -32.3864 2001.75 14024.2
3.025 -33.3817 2002.04 14457.4
3.03 -34.4348 2001.59 14906.1
3.035 -35.4668 2001.63 15350.7
3.04 -36.4371 2001.99 15774
3.045 -37.4489 2001.63 16208
3.05 -38.482 2001.25 16650
3.055 -39.4485 2001.82 17071
3.06 -40.3947 2002.13 17483.7
3.065 -41.3419 2001.87 17892.5
3.07 -42.2546 2001.91 18290.9
3.075 -43.1527 2002.09 18681.5
3.08 -43.987 2002.4 19045.5
3.085 -44.7793 2002.5 19392.7
3.09 -45.5473 2002.52 19727.2
3.095 -46.2932 2002.62 20042.1
3.1 -46.9528 2002.95 20330.1
3.105 -47.5658 2003.27 20599.2
3.11 -48.1504 2003.2 20850.9
3.115 -48.6674 2003.22 21077.6
3.12 -49.1638 2003.28 21289.6
3.125 -49.6486 2002.93 21492.1
3.13 -50.1026 2002.32 21686.1
3.135 -50.5291 2002.44 21866
3.14 -50.9241 2002.2 22034.8
3.145 -51.2606 2001.92 22186.6
3.15 -51.5657 2001.57 22324.2
3.155 -51.788 2001.04 22433.7
3.16 -51.8697 2001 22492.3
3.165 -51.7083 2000.01 22469.2
3.17 -51.5228 1998.94 22402.5
3.175 -51.3497 1998.71 22311.7
3.18 -51.0298 1998.55 22170.7
3.185 -50.7049 1998.69 22014.8
3.19 -50.3401 1998.65 21844.4
3.195 -49.915 1998.31 21653.4
3.2 -49.4365 1997.98 21440.5
3.205 -48.9947 1998.63 21227.1
3.21 -48.5186 1998.98 21006.2
3.215 -48.0055 1998.86 20777
3.22 -47.4745 1998.87 20541.4
3.225 -46.906 1998.66 20293.1
3.23 -46.311 1998.45 20034.8
3.235 -45.7105 1998.49 19771.1
3.24 -45.2906 1999.62 19556.8
3.245 -44.872 2000.13 19358.1
3.25 -44.3869 1999.8 19153.8
3.255 -43.8844 1999.45 18943.9
3.26 -43.369 1999.1 18727.5
3.265 -42.9513 1999.5 18535.5
3.27 -42.531 1999.7 18349.3
3.275 -42.4915 2001.73 18277.2
3.28 -42.3685 2002.38 18207.4
3.285 -42.1403 2001.53 18129.8
3.29 -41.9603 2000.85 18061.9
3.295 -41.9522 2001.24 18052.2
3.3 -41.8895 2000.9 18039.2
3.305 -41.832 2000.61 18025.7
3.31 -41.8184 2000.9 18023.2
3.315 -41.8061 2000.98 18022.5
3.32 -41.7825 2000.7 18019.9
3.325 -41.7615 2000.48 18016.9
3.33 -41.738 2000.17 18012.4
3.335 -41.7092 1999.83 18005
3.34 -41.6874 1999.78 17998.4
3.345 -41.6664 1999.74 17991.7
3.35 -41.6462 1999.71 17984.8
3.355 -41.6265 1999.68 17977.9
3.36 -41.6075 1999.66 17970.9
3.365 -41.5798 1999.36 17961.2
3.37 -41.5571 1999.28 17952.4
3.375 -41.5389 1999.38 17944.7
3.38 -41.5217 1999.47 17937.4
3.385 -41.5058 1999.54 17930.6
3.39 -41.4913 1999.6 17924.4
3.395 -41.4782 1999.66 17918.8
3.4 -41.4668 1999.71 17913.9
3.405 -41.4571 1999.75 17909.7
3.41 -41.4492 1999.79 17906.3
3.415 -41.4433 1999.83 17903.7
3.42 -41.4393 1999.86 17901.9
3.425 -41.4374 1999.88 17901.1
3.43 -41.4375 1999.9 17901.1
3.435 -41.3469 1999.57 17875.9
3.44 -41.2233 1999.39 17830.4
3.445 -41.086 1999.49 17766.6
3.45 -40.9001 1999.56 17682.2
3.455 -40.6685 1999.7 17577.6
3.46 -40.397 1999.74 17455.8
3.465 -40.0931 1999.66 17320.2
3.47 -39.7668 1999.57 17174.5
3.475 -39.4258 1999.45 17022.2
3.48 -39.0766 1999.33 16866.5
3.485 -38.7245 1999.22 16709.9
3.49 -38.373 1999.12 16554.2
3.495 -38.0242 1999.05 16400.6
3.5 -37.6789 1999.01 16249.5
3.505 -37.335 1998.84 16100.2
3.51 -36.9958 1998.76 15953.7
3.515 -36.6614 1998.8 15809.7
3.52 -36.3287 1998.86 15667
3.525 -35.9959 1998.92 15524.8
3.53 -35.6574 1999.2 15379.1
3.535 -35.314 1999.22 15231.5
3.54 -34.9314 2000.9 15073.6
3.545 -34.5293 2001.68 14904.5
3.55 -34.1157 2001.26 14726.5
3.555 -33.697 2000.92 14546.4
3.56 -33.2728 2000.64 14364
3.565 -32.8451 2000.29 14179.7
3.57 -32.4152 1999.98 13994.5
3.575 -31.9669 2000.19 13803.8
3.58 -31.4812 2000.76 13597.6
3.585 -30.9893 2000.49 13382.7
3.59 -30.4869 2000.15 13165.8
3.595 -29.9716 2000.18 12944.7
3.6 -29.399 2000.44 12701.2
3.605 -28.8275 1999.75 12452.7
3.61 -28.2507 1999.68 12203.8
3.615 -27.6678 1999.39 11951.2
3.62 -27.0996 1998.86 11700.1
3.625 -26.5163 1998.85 11447.7
3.63 -25.8931 1998.88 11183.8
3.635 -25.0964 2000.19 10854
3.64 -24.096 2003.22 10448.2
3.645 -22.7664 2008.68 9925.73
3.65 -21.0523 2012.86 9233.83
3.655 -19.0252 2014.73 8387.24
3.66 -16.515 2017.37 7347.7
3.665 -13.7391 2018.36 6167.17
3.67 -10.5807 2018.11 4817.06
3.675 -7.05536 2017.75 3312.58
3.68 -3.67724 2015.35 1813.7
3.685 -0.263604 2013.58 288.219
3.69 3.31197 2012.57 -1279.3
3.695 7.22167 2013.07 -2946.6
3.7 11.8896 2012.58 -4870.6
3.705 17.0145 2009.54 -6997.6
3.71 21.5878 2003.89 -9008.14
3.715 25.7978 2002.63 -10914.6
3.72 29.5233 2004.18 -12620.4
3.725 32.7409 2006.03 -14106.5
3.73 35.8002 2006.3 -15476.1
3.735 38.6007 2007.33 -16721.6
3.74 41.1297 2008.44 -17852.7
3.745 43.3542 2009.09 -18847.9
3.75 45.3423 2010.16 -19724.1
3.755 46.9896 2012.19 -20469.4
3.76 48.4617 2012.94 -21106
3.765 49.7573 2012.11 -21654.7
3.77 50.7982 2010.99 -22112.3
3.775 51.5463 2009.97 -22461.5
3.78 51.3735 2006.56 -22544.8
3.785 50.4658 2001 -22287.3
3.79 49.5639 1997.01 -21860.7
3.795 48.4736 1994.86 -21349.8
3.8 47.297 1993.44 -20792.5
3.805 46.0515 1993.13 -20195.8
3.81 44.8395 1993.84 -19590.6
3.815 43.9636 1995.57 -19116.1
3.82 42.89 1995.04 -18629.4
3.825 42.2444 1996.7 -18278.5
3.83 42.0491 1998.31 -18120.3
3.835 41.9121 1998.6 -18031.5
3.84 41.9268 1999.82 -18011.6
3.845 41.8937 2000.05 -18010.3
3.85 41.8229 1999.2 -18000.2
3.855 41.7419 1998.39 -17982.6
3.86 41.6757 1998.23 -17965.3
3.865 41.5906 1997.45 -17940.5
3.87 41.5124 1997.15 -17914.9
3.875 41.4447 1997.36 -17890.2
3.88 41.3771 1997.5 -17864.8
3.885 41.3528 1998.49 -17851.2
3.89 41.3266 1999.04 -17839.2
3.895 41.2853 1998.96 -17824.8
3.9 41.2446 1998.88 -17810
3.905 41.204 1998.81 -17794.8
3.91 41.1633 1998.74 -17779.1
3.915 41.1222 1998.68 -17762.9
3.92 41.0757 1998.41 -17744.8
3.925 41.0219 1998.1 -17723.4
3.93 40.9741 1998.23 -17703
3.935 40.9266 1998.33 -17682.7
3.94 40.8795 1998.42 -17662.5
3.945 40.833 1998.49 -17642.6
3.95 40.7872 1998.55 -17622.9
3.955 40.7359 1998.32 -17601.6
3.96 40.6881 1998.38 -17581.1
3.965 40.6437 1998.58 -17561.7
3.97 40.6025 1998.71 -17543.5
3.975 40.5571 1998.41 -17524.5
3.98 40.4564 1997.54 -17484.4
3.985 40.3353 1999.52 -17433
3.99 40.2895 2001.06 -17408.7
3.995 40.2731 2000.89 -17400.8
4 40.2609 2000.76 -17396
4.005 40.2498 2000.2 -17392.6
4.01 40.1452 1999.49 -17359.3
4.015 40.0113 1999.76 -17304
4.02 39.8321 1999.73 -17222.3
4.025 39.5991 1999.7 -17117.2
4.03 39.3232 1999.66 -16993
4.035 39.0166 1999.55 -16854.9
4.04 38.6926 1999.41 -16708.7
4.045 38.3632 1999.26 -16560.1
4.05 38.0341 1999.3 -16412.5
4.055 37.7048 1999.52 -16266.2
4.06 37.3845 1999.41 -16123.3
4.065 37.0752 1999.32 -15986.8
4.07 36.7771 1999.24 -15857.3
4.075 36.4929 1999.21 -15734.8
4.08 36.2219 1999.21 -15618.9
4.085 35.9635 1999.24 -15509
4.09 35.7169 1999.28 -15404.6
4.095 35.4817 1999.34 -15305.3
4.1 35.2575 1999.39 -15210.8
4.105 35.0442 1999.45 -15120.9
4.11 34.8415 1999.51 -15035.5
4.115 34.6494 1999.56 -14954.6
4.12 34.4685 1999.52 -14878.1
4.125 34.3007 1999.46 -14807.1
4.13 34.1445 1999.52 -14741.2
4.135 33.9987 1999.58 -14679.5
4.14 33.8632 1999.63 -14622.1
4.145 33.7378 1999.67 -14568.9
4.15 33.6224 1999.71 -14520
4.155 33.5198 1999.45 -14475.9
4.16 33.4312 1999.3 -14437.9
4.165 33.354 1999.4 -14405.2
4.17 33.285 1999.48 -14376
4.175 33.2241 1999.56 -14350.2
4.18 33.1616 2000.18 -14325.1
4.185 33.1038 2000.44 -14301.1
4.19 33.053 2000.35 -14279.1
4.195 33.0113 2000.28 -14261
4.2 32.9787 2000.22 -14246.9
4.205 32.9551 2000.18 -14236.7
4.21 32.9404 2000.15 -14230.3
4.215 32.9344 2000.12 -14227.7
4.22 32.9505 2000.01 -14232.6
4.225 32.9988 1999.9 -14251.5
4.23 33.0722 1999.91 -14284
4.235 33.1768 1999.93 -14329.9
4.24 33.3113 1999.95 -14388.7
4.245 33.4736 1999.98 -14459.6
4.25 33.6616 2000.01 -14541.8
4.255 33.8727 2000.04 -14634.2
4.26 34.1039 2000.09 -14735.6
4.265 34.3517 2000.14 -14844.5
4.27 34.6079 2000.05 -14958
4.275 34.8739 2000.04 -15075.5
4.28 35.1453 2000.32 -15195.4
4.285 35.4144 2000.55 -15314.3
4.29 35.6802 2000.58 -15431.2
4.295 35.9416 2000.59 -15545.9
4.3 36.1976 2000.6 -15657.9
4.305 36.4475 2000.59 -15766.7
4.31 36.6915 2000.57 -15872.5
4.315 36.9298 2000.54 -15975.3
4.32 37.1629 2000.51 -16075.5
4.325 37.3912 2000.46 -16173.4
4.33 37.6171 2000.47 -16269
4.335 37.8376 2000.45 -16362.7
4.34 38.0453 2000.16 -16452.4
4.345 38.2459 1999.82 -16539.3
4.35 38.4489 1999.76 -16625.8
4.355 38.6481 1999.71 -16710.8
4.36 38.8294 1999.41 -16789.5
4.365 39.0188 1999.53 -16869.3
4.37 39.2056 1999.64 -16948.3
4.375 39.3751 1999.44 -17022.1
4.38 39.5367 1999.18 -17092.4
4.385 39.6742 1998.8 -17154.5
4.39 39.7492 1997.98 -17196.5
4.395 39.7045 1996.95 -17193.1
4.4 39.6922 1997.22 -17185.6
4.405 39.6828 1997.37 -17175.6
4.41 39.6347 1996.68 -17152.4
4.415 39.5953 1997.31 -17129.9
4.42 39.5535 1997.81 -17107.3
4.425 39.5099 1998.22 -17084.8
4.43 39.4651 1998.56 -17062.4
4.435 39.4138 1998.5 -17038.4
4.44 39.3557 1998.07 -17011.8
4.445 39.2939 1998.35 -16983.7
4.45 39.23 1998.47 -16954.9
4.455 39.1637 1998.55 -16925.3
4.46 39.0846 1997.95 -16891.6
4.465 38.9471 1994.95 -16837
4.47 37.1297 1890.76 -16360.7
4.475 35.3616 1795.02 -15913.4
4.48 36.1727 1833.1 -16169.2
4.485 36.7167 1863.25 -16332.1
4.49 37.1988 1888.44 -16460.6
4.495 37.5905 1908.96 -16560.7
4.5 37.8432 1924.35 -16620.7
4.505 38.0439 1937.36 -16663
4.51 38.1775 1947.59 -16683.8
4.515 38.2324 1954.2 -16681.5
4.52 38.2078 1956.86 -16654.1
4.525 37.4963 1952.42 -16403.4
4.53 1.5853 9.01227 -1553.02
4.535 8.55627 21.9584 -1973.23
4.54 54.9376 2174.4 -15296
4.545 -33.3222 3018.32 -11632.5
4.55 -10.972 2443.44 -13339.3
4.555 -4.02537 2257.16 -13802
4.56 -93.5083 2254.58 16435.3
4.565 -98.8279 2182.12 17363.4
4.57 -26.8622 883.546 3768.98
