0.1 -1.5339e-31 200 -1.06581e-14
0.2 -5.84341e-32 400 -1.01252e-13
0.3 -2.33737e-31 600 5.08038e-13
0.4 2.04519e-31 800 -6.39488e-14
0.5 -2.33737e-31 1000 4.90274e-13
0.6 3.50605e-31 1200 -3.19744e-13
0.7 3.50605e-31 1400 -2.84217e-13
0.8 0 1600 -1.84741e-13
0.9 -2.33737e-31 1800 -3.41061e-13
1 8.18078e-31 2000 -3.41061e-13
0.005 -1.15996e-05 2000 0.00502023
0.01 -5.80334e-05 2000 0.0250878
0.015 -0.000150891 2000 0.0651988
0.02 -0.000289926 2000 0.125259
0.025 -0.000474688 2000 0.205074
0.03 -0.000704641 2000 0.304412
0.035 -0.000979219 2000 0.423029
0.04 -0.00129779 2000 0.560648
0.045 -0.00165943 2000 0.71688
0.05 -0.00206285 2000 0.891156
0.055 -0.00250638 2000 1.08276
0.06 -0.00298811 2000 1.29087
0.065 -0.00350622 2000 1.51469
0.07 -0.00405909 2000 1.75353
0.075 -0.00464505 2000 2.00666
0.08 -0.00526205 2000 2.27321
0.085 -0.00590763 2000 2.5521
0.09 -0.00657925 2000 2.84224
0.095 -0.00727454 2000 3.1426
0.1 -0.00799113 2000 3.45217
0.105 -0.00872629 2000 3.76976
0.11 -0.00947658 2000 4.09388
0.115 -0.010238 2000 4.42281
0.12 -0.0110064 2000 4.75477
0.125 -0.0117774 2000 5.08784
0.13 -0.0125452 2000 5.41951
0.135 -0.0133034 2000 5.74708
0.14 -0.0140477 2000 6.06859
0.145 -0.0147759 2000 6.38318
0.15 -0.0154875 2000 6.69059
0.155 -0.0161819 2000 6.9906
0.16 -0.0168571 2000 7.28228
0.165 -0.0175091 2000 7.56395
0.17 -0.0181337 2000 7.83376
0.175 -0.0187271 2000 8.09012
0.18 -0.0192873 2000 8.3321
0.185 -0.0198142 2000 8.55974
0.19 -0.020309 2000 8.77348
0.195 -0.0207725 2000 8.97373
0.2 -0.0212067 2000 9.16129
0.205 -0.0216111 2000 9.33598
0.21 -0.0219783 2000 9.49464
0.215 -0.0222966 2000 9.63214
0.22 -0.0225557 2000 9.74406
0.225 -0.0227505 2000 9.82821
0.23 -0.0228808 2000 9.88449
0.235 -0.0229515 2000 9.91505
0.24 -0.0229734 2000 9.92453
0.245 -0.0229568 2000 9.91733
0.25 -0.0229024 2000 9.89384
0.255 -0.0227974 2000 9.84848
0.26 -0.0226161 2000 9.77014
0.265 -0.0223237 2000 9.64382
0.27 -0.0218805 2000 9.45239
0.275 -0.0212472 2000 9.17877
0.28 -0.0203871 2000 8.80725
0.285 -0.0192667 2000 8.32323
0.29 -0.0178519 2000 7.71203
0.295 -0.0161054 2000 6.95755
0.3 -0.0139878 2000 6.04272
0.305 -0.0114672 2000 4.95384
0.31 -0.00853198 2000 3.68582
0.315 -0.00519134 2000 2.24266
0.32 -0.00147132 2000 0.635602
0.325 0.00243354 2000 -1.0528
0.33 0.00647834 2000 -2.80106
0.335 0.0107662 2000 -4.65294
0.34 0.0152692 2000 -6.59789
0.345 0.0199741 2000 -8.63011
0.35 0.0248817 2000 -10.75
0.355 0.0299994 2000 -12.9606
0.36 0.0353348 2000 -15.2654
0.365 0.040898 2000 -17.6685
0.37 0.0467092 2000 -20.1789
0.375 0.0528116 2000 -22.815
0.38 0.0592863 2000 -25.612
0.385 0.0662625 2000 -28.6257
0.39 0.0739054 2000 -31.9274
0.395 0.0823449 2000 -35.5732
0.4 0.0915858 2000 -39.5653
0.405 0.101509 2000 -43.8522
0.41 0.111947 2000 -48.3612
0.415 0.122734 2000 -53.0211
0.42 0.133736 2000 -57.7739
0.425 0.144862 2000 -62.5803
0.43 0.156068 2000 -67.4217
0.435 0.167359 2000 -72.2993
0.44 0.178761 2000 -77.2251
0.445 0.1903 2000 -82.2098
0.45 0.201988 2000 -87.2589
0.455 0.213829 2000 -92.3742
0.46 0.225824 2000 -97.5562
0.465 0.237964 2000 -102.801
0.47 0.250214 2000 -108.092
0.475 0.262508 2000 -113.403
0.48 0.27477 2000 -118.701
0.485 0.286932 2000 -123.955
0.49 0.298924 2000 -129.135
0.495 0.31069 2000 -134.218
0.5 0.322191 2000 -139.187
0.505 0.333401 2000 -144.029
0.51 0.344295 2000 -148.736
0.515 0.354843 2000 -153.292
0.52 0.365012 2000 -157.686
0.525 0.374782 2000 -161.906
0.53 0.384154 2000 -165.955
0.535 0.39317 2000 -169.85
0.54 0.401931 2000 -173.634
0.545 0.410625 2000 -177.39
0.55 0.419509 2000 -181.228
0.555 0.428778 2000 -185.232
0.56 0.438423 2000 -189.399
0.565 0.448232 2000 -193.636
0.57 0.457902 2000 -197.814
0.575 0.467131 2000 -201.801
0.58 0.475647 2000 -205.48
0.585 0.483224 2000 -208.753
0.59 0.489712 2000 -211.556
0.595 0.495084 2000 -213.876
0.6 0.499442 2000 -215.759
0.605 0.502988 2000 -217.291
0.61 0.505976 2000 -218.582
0.615 0.508688 2000 -219.753
0.62 0.511443 2000 -220.943
0.625 0.514616 2000 -222.314
0.63 0.518665 2000 -224.063
0.635 0.524124 2000 -226.421
0.64 0.531554 2000 -229.631
0.645 0.54144 2000 -233.902
0.65 0.554006 2000 -239.331
0.655 0.569072 2000 -245.839
0.66 0.586062 2000 -253.179
0.665 0.604146 2000 -260.991
0.67 0.62242 2000 -268.886
0.675 0.640094 2000 -276.521
0.68 0.656692 2000 -283.691
0.685 0.672186 2000 -290.385
0.69 0.686939 2000 -296.758
0.695 0.701521 2000 -303.058
0.7 0.716578 2000 -309.562
0.705 0.732727 2000 -316.538
0.71 0.750506 2000 -324.219
0.715 0.770392 2000 -332.81
0.72 0.79281 2000 -342.494
0.725 0.818078 2000 -353.41
0.73 0.846327 2000 -365.614
0.735 0.877488 2000 -379.076
0.74 0.911348 2000 -393.703
0.745 0.947569 2000 -409.351
0.75 0.985651 2000 -425.802
0.755 1.02491 2000 -442.762
0.76 1.06455 2000 -459.886
0.765 1.10382 2000 -476.851
0.77 1.14231 2000 -493.479
0.775 1.18013 2000 -509.818
0.78 1.21776 2000 -526.072
0.785 1.25577 2000 -542.493
0.79 1.29467 2000 -559.301
0.795 1.3349 2000 -576.678
0.8 1.37681 2000 -594.782
0.805 1.42074 2000 -613.761
0.81 1.46696 2000 -633.727
0.815 1.51548 2000 -654.69
0.82 1.56605 2000 -676.538
0.825 1.61824 2000 -699.082
0.83 1.67153 2000 -722.104
0.835 1.72541 2000 -745.379
0.84 1.77959 2000 -768.784
0.845 1.83426 2000 -792.403
0.85 1.89001 2000 -816.489
0.855 1.94758 2000 -841.359
0.86 2.00769 2000 -867.323
0.865 2.07076 2000 -894.571
0.87 2.13674 2000 -923.073
0.875 2.20519 2000 -952.645
0.88 2.27563 2000 -983.074
0.885 2.34763 2000 -1014.18
0.89 2.42091 2000 -1045.84
0.895 2.49551 2000 -1078.06
0.9 2.57181 2000 -1111.03
0.905 2.65038 2000 -1144.97
0.91 2.73176 2000 -1180.13
0.915 2.81642 2000 -1216.7
0.92 2.90471 2000 -1254.84
0.925 2.997 2000 -1294.71
0.93 3.09368 2000 -1336.48
0.935 3.19533 2000 -1380.39
0.94 3.30272 2000 -1426.78
0.945 3.41679 2000 -1476.06
0.95 3.5385 2000 -1528.64
0.955 3.66838 2000 -1584.75
0.96 3.8062 2000 -1644.29
0.965 3.951 2000 -1706.85
0.97 4.10155 2000 -1771.89
0.975 4.25668 2000 -1838.9
0.98 4.41543 2000 -1907.48
0.985 4.57723 2000 -1977.38
0.99 4.74223 2000 -2048.67
0.995 4.91117 2000 -2121.65
1 5.085 2000 -2196.74
1.005 5.26452 2000 -2274.3
1.01 5.45014 2000 -2354.49
1.015 5.64176 2000 -2437.27
1.02 5.83901 2000 -2522.49
1.025 6.04145 2000 -2609.94
1.03 6.2487 2000 -2699.47
1.035 6.46048 1999.99 -2790.97
1.04 6.67651 1999.99 -2884.29
1.045 6.89645 1999.99 -2979.31
1.05 7.1199 1999.99 -3075.84
1.055 7.34645 1999.99 -3173.71
1.06 7.57592 1999.99 -3272.84
1.065 7.80853 1999.99 -3373.33
1.07 8.04494 1999.99 -3475.47
1.075 8.28612 1999.99 -3579.66
1.08 8.533 1999.99 -3686.31
1.085 8.78588 1999.99 -3795.56
1.09 9.04409 1999.99 -3907.11
1.095 9.30611 1999.99 -4020.3
1.1 9.57004 1999.99 -4134.33
1.105 9.83396 1999.99 -4248.34
1.11 10.0962 1999.99 -4361.61
1.115 10.3552 1999.99 -4473.52
1.12 10.6102 1999.99 -4583.67
1.125 10.8607 1999.99 -4691.88
1.13 11.1067 1999.99 -4798.18
1.135 11.3488 1999.99 -4902.76
1.14 11.5875 1999.99 -5005.89
1.145 11.8238 1999.99 -5107.95
1.15 12.0585 1999.99 -5209.32
1.155 12.2925 1999.99 -5310.41
1.16 12.5265 1999.99 -5411.52
1.165 12.7612 1999.99 -5512.92
1.17 12.9971 1999.99 -5614.81
1.175 13.2347 1999.99 -5717.45
1.18 13.4745 1999.99 -5821.06
1.185 13.7172 1999.99 -5925.89
1.19 13.9633 1999.99 -6032.2
1.195 14.2134 1999.99 -6140.27
1.2 14.4683 1999.99 -6250.37
1.205 14.7283 1999.99 -6362.72
1.21 14.9936 1999.99 -6477.32
1.215 15.2635 1999.99 -6593.89
1.22 15.5367 1999.99 -6711.91
1.225 15.8118 1999.99 -6830.77
1.23 16.0873 1999.99 -6949.81
1.235 16.3619 1999.99 -7068.43
1.24 16.6344 1999.99 -7186.16
1.245 16.9045 1999.99 -7302.81
1.25 17.1724 1999.99 -7418.58
1.255 17.4392 1999.99 -7533.83
1.26 17.7053 1999.99 -7648.8
1.265 17.9704 1999.99 -7763.33
1.27 18.2334 1999.99 -7876.91
1.275 18.4927 1999.99 -7988.94
1.28 18.7476 1999.99 -8099.06
1.285 18.9982 1999.99 -8207.33
1.29 19.2458 1999.99 -8314.28
1.295 19.4919 1999.99 -8420.59
1.3 19.7381 1999.99 -8526.94
1.305 19.9852 1999.99 -8633.71
1.31 20.2332 1999.99 -8740.84
1.315 20.4809 1999.99 -8847.88
1.32 20.727 1999.99 -8954.2
1.325 20.9701 1999.99 -9059.21
1.33 21.2093 1999.99 -9162.52
1.335 21.4441 1999.99 -9263.99
1.34 21.6754 1999.99 -9363.89
1.345 21.9042 1999.99 -9462.72
1.35 22.1319 1999.99 -9561.1
1.355 22.3597 1999.99 -9659.54
1.36 22.5886 1999.99 -9758.42
1.365 22.8187 1999.99 -9857.82
1.37 23.0495 1999.99 -9957.51
1.375 23.2804 1999.99 -10057.3
1.38 23.5116 1999.99 -10157.2
1.385 23.7421 2000 -10257
1.39 23.9728 2000 -10356.9
1.395 24.2063 2000 -10457.7
1.4 24.4406 2000 -10558.8
1.405 24.6733 2000 -10659.6
1.41 24.9041 2000.01 -10759.5
1.415 25.1354 2000.01 -10859.3
1.42 25.3664 2000 -10958.9
1.425 25.598 2000 -11058.9
1.43 25.8316 2000 -11159.7
1.435 26.0686 1999.99 -11262.1
1.44 26.3107 1999.99 -11366.6
1.445 26.5574 2000 -11473.5
1.45 26.8025 2000.03 -11580.3
1.455 27.0598 2000.02 -11691.2
1.46 27.3245 2000.01 -11805.4
1.465 27.5955 2000.01 -11922.3
1.47 27.8716 2000 -12041.4
1.475 28.1517 2000 -12162.3
1.48 28.4348 1999.99 -12284.5
1.485 28.7135 2000.03 -12405.5
1.49 28.9896 2000.07 -12525.2
1.495 29.27 2000.05 -12646.1
1.5 29.5393 2000.1 -12764
1.505 29.8067 2000.16 -12880.5
1.51 30.0748 2000.17 -12996.2
1.515 30.3466 2000.13 -13113
1.52 30.6203 2000.1 -13230.7
1.525 30.8968 2000.08 -13349.6
1.53 31.1771 2000.06 -13470.4
1.535 31.4624 2000.04 -13593.3
1.54 31.7535 2000.03 -13718.8
1.545 32.0509 2000.02 -13847.2
1.55 32.3151 2000.31 -13964.6
1.555 32.5804 2000.46 -14081.7
1.56 32.8575 2000.41 -14201.1
1.565 33.1396 2000.32 -14321.8
1.57 33.4223 2000.26 -14442.9
1.575 33.7051 2000.21 -14564.3
1.58 33.9882 2000.16 -14686
1.585 34.272 2000.13 -14808.1
1.59 34.5573 2000.1 -14930.9
1.595 34.8444 2000.07 -15054.6
1.6 35.134 2000.05 -15179.4
1.605 35.4262 2000.04 -15305.5
1.61 35.6899 2000.31 -15421.9
1.615 35.9568 2000.42 -15538.4
1.62 36.2277 2000.36 -15655.2
1.625 36.5029 2000.29 -15773.3
1.63 36.7798 2000.23 -15892.2
1.635 37.0583 2000.18 -16011.9
1.64 37.3383 2000.14 -16132.5
1.645 37.6201 2000.11 -16253.8
1.65 37.9041 2000.08 -16376.3
1.655 38.1907 2000.06 -16499.8
1.66 38.4798 2000.04 -16624.5
1.665 38.7715 2000.03 -16750.4
1.67 39.0657 2000.02 -16877.3
1.675 39.3387 2000.25 -16997
1.68 39.6127 2000.35 -17116
1.685 39.8909 2000.28 -17235.7
1.69 40.1685 2000.22 -17355.1
1.695 40.4398 2000.21 -17472.7
1.7 40.7059 2000.2 -17587.9
1.705 40.9704 2000.16 -17701.7
1.71 41.2271 2000.14 -17812.6
1.715 41.4803 2000.11 -17921.6
1.72 41.7286 2000.08 -18028.5
1.725 41.9721 2000.06 -18133.5
1.73 42.2111 2000.04 -18236.5
1.735 42.4404 2000.08 -18336.1
1.74 42.6612 2000.11 -18432.3
1.745 42.8818 2000.09 -18527.1
1.75 43.099 2000.07 -18620.6
1.755 43.3136 2000.05 -18713.1
1.76 43.5169 2000.17 -18801.3
1.765 43.7181 2000.22 -18888.3
1.77 43.9213 2000.17 -18975.8
1.775 44.1266 2000.14 -19064.2
1.78 44.3286 2000.16 -19152.3
1.785 44.5316 2000.18 -19240.6
1.79 44.7417 2000.15 -19331
1.795 44.9543 2000.14 -19422.9
1.8 45.1689 2000.14 -19515.7
1.805 45.3901 2000.11 -19611
1.81 45.6167 2000.09 -19708.7
1.815 45.8487 2000.07 -19808.8
1.82 46.0673 2000.22 -19905.9
1.825 46.2933 2000.27 -20004.5
1.83 46.5254 2000.22 -20104
1.835 46.7576 2000.18 -20203.7
1.84 46.9887 2000.15 -20303.1
1.845 47.2178 2000.12 -20401.6
1.85 47.4277 2000.3 -20493.8
1.855 47.6362 2000.36 -20584.1
1.86 47.8439 2000.29 -20673.2
1.865 48.0486 2000.24 -20761.1
1.87 48.2477 2000.22 -20847.1
1.875 48.441 2000.22 -20930.8
1.88 48.6141 2000.37 -21008.2
1.885 48.7861 2000.47 -21083.2
1.89 48.9555 2000.46 -21155.3
1.895 49.1213 2000.38 -21226.1
1.9 49.2872 2000.33 -21296
1.905 49.4494 2000.29 -21365.1
1.91 49.5935 2000.4 -21429.3
1.915 49.7379 2000.43 -21492.1
1.92 49.8837 2000.35 -21554.4
1.925 50.0281 2000.28 -21616.2
1.93 50.1708 2000.22 -21677.3
1.935 50.3114 2000.18 -21737.6
1.94 50.445 2000.19 -21795.7
1.945 50.5719 2000.21 -21851
1.95 50.6987 2000.17 -21905.3
1.955 50.8233 2000.13 -21958.7
1.96 50.9458 2000.11 -22011.3
1.965 51.0664 2000.09 -22063.1
1.97 51.1849 2000.07 -22114.1
1.975 51.2982 2000.21 -22162.3
1.98 51.4057 2000.26 -22208.6
1.985 51.5094 2000.21 -22253.4
1.99 51.6111 2000.17 -22297.5
1.995 51.7111 2000.14 -22340.7
2 51.8097 2000.12 -22383.4
2.005 51.9068 2000.1 -22425.4
2.01 52.0025 2000.08 -22466.8
2.015 52.0966 2000.07 -22507.4
2.02 52.1889 2000.06 -22547.3
2.025 52.2794 2000.05 -22586.4
2.03 52.3679 2000.04 -22624.6
2.035 52.4547 2000.03 -22662.1
2.04 52.5399 2000.02 -22698.9
2.045 52.624 2000.02 -22735.1
2.05 52.7058 2000.02 -22770.6
2.055 52.7876 2000.02 -22805.9
2.06 52.8691 2000.01 -22841
2.065 52.9504 2000.01 -22876.1
2.07 53.0312 2000 -22911
2.075 53.1145 2000.03 -22945.6
2.08 53.1936 2000.04 -22979.1
2.085 53.2677 2000.03 -23011.5
2.09 53.3394 2000.02 -23042.8
2.095 53.4083 2000.02 -23072.7
2.1 53.4744 2000.04 -23101.3
2.105 53.5365 2000.07 -23127.9
2.11 53.5946 2000.06 -23153.2
2.115 53.6484 2000.07 -23177.1
2.12 53.6994 2000.08 -23199.6
2.125 53.7494 2000.07 -23221.2
2.13 53.7983 2000.05 -23242.2
2.135 53.84 2000.03 -23261.3
2.14 53.8812 2000.02 -23279.6
2.145 53.924 2000.01 -23297.7
2.15 53.966 2000.01 -23315.6
2.155 54.0074 2000 -23333.2
2.16 54.0483 2000 -23350.7
2.165 54.089 2000 -23368.1
2.17 54.1269 1999.99 -23384.9
2.175 54.1609 1999.98 -23400.2
2.18 54.1976 1999.98 -23415.8
2.185 54.2343 1999.98 -23431.4
2.19 54.2714 1999.99 -23447.2
2.195 54.3082 2000 -23462.9
2.2 54.3442 2000 -23478.3
2.205 54.3793 1999.99 -23493.5
2.21 54.4133 1999.99 -23508.2
2.215 54.4455 1999.99 -23522.1
2.22 54.4759 1999.98 -23535.2
2.225 54.5004 2000.03 -23546.5
2.23 54.5228 2000.05 -23556.4
2.235 54.544 2000.03 -23565.4
2.24 54.5633 2000.02 -23573.4
2.245 54.5807 2000.02 -23580.8
2.25 54.5964 2000.01 -23587.4
2.255 54.6107 2000.01 -23593.3
2.26 54.6234 2000 -23598.7
2.265 54.6348 2000 -23603.5
2.27 54.6448 2000 -23607.7
2.275 54.6537 2000 -23611.4
2.28 54.6615 2000 -23614.6
2.285 54.6685 2000 -23617.5
2.29 54.6724 1999.99 -23619.5
2.295 54.6747 1999.99 -23620.8
2.3 54.6781 1999.99 -23622
2.305 54.6811 1999.99 -23623.1
2.31 54.6838 1999.99 -23624.2
2.315 54.6862 1999.99 -23625.1
2.32 54.6885 1999.99 -23625.9
2.325 54.6906 2000 -23626.8
2.33 54.6926 2000 -23627.6
2.335 54.6946 2000 -23628.3
2.34 54.6963 2000 -23629.1
2.345 54.698 2000 -23629.7
2.35 54.6993 2000 -23630.3
2.355 54.7003 2000 -23630.7
2.36 54.701 2000 -23630.9
2.365 54.7011 2000 -23631
2.37 54.6888 1999.96 -23627.6
2.375 54.6698 1999.94 -23620.6
2.38 54.6472 1999.95 -23610.2
2.385 54.6138 1999.96 -23595.3
2.39 54.57 1999.97 -23576
2.395 54.5163 1999.97 -23552.4
2.4 54.4537 1999.98 -23525.1
2.405 54.3834 1999.98 -23494.5
2.41 54.3065 1999.98 -23461.2
2.415 54.2244 1999.99 -23425.5
2.42 54.1379 1999.99 -23388.1
2.425 54.046 2000.02 -23348.3
2.43 53.9512 2000.02 -23307.3
2.435 53.8541 2000.01 -23265.3
2.44 53.7544 2000.01 -23222.1
2.445 53.6515 2000.01 -23177.6
2.45 53.545 2000.01 -23131.6
2.455 53.4343 2000 -23083.7
2.46 53.3191 2000 -23033.9
2.465 53.1992 2000 -22982.1
2.47 53.0684 2000.13 -22925.8
2.475 52.9296 2000.19 -22866
2.48 52.787 2000.18 -22803.2
2.485 52.6371 2000.18 -22737.1
2.49 52.4765 2000.15 -22668.1
2.495 52.3106 2000.14 -22596.9
2.5 52.1398 2000.13 -22523.5
2.505 51.967 2000.11 -22449
2.51 51.7926 2000.08 -22373.7
2.515 51.6173 2000.07 -22298.1
2.52 51.442 2000.05 -22222.4
2.525 51.2668 2000.04 -22146.7
2.53 51.0922 2000.03 -22071.3
2.535 50.9188 2000.02 -21996.4
2.54 50.747 2000.01 -21922.2
2.545 50.578 2000.01 -21849.2
2.55 50.4075 2000.11 -21775.7
2.555 50.2355 2000.19 -21701.5
2.56 50.0676 2000.15 -21628.9
2.565 49.9052 2000.11 -21558.7
2.57 49.748 2000.08 -21490.7
2.575 49.5957 2000.07 -21425
2.58 49.4481 2000.05 -21361.2
2.585 49.3048 2000.04 -21299.3
2.59 49.1661 2000.03 -21239.4
2.595 49.0324 2000.02 -21181.6
2.6 48.9043 2000.02 -21126.3
2.605 48.7822 2000.01 -21073.5
2.61 48.6666 2000.01 -21023.6
2.615 48.5576 2000 -20976.5
2.62 48.4537 2000.03 -20931.5
2.625 48.3544 2000.05 -20888.4
2.63 48.2585 2000.04 -20847.1
2.635 48.1662 2000.03 -20807.3
2.64 48.0773 2000.03 -20769
2.645 47.9901 2000.04 -20731.6
2.65 47.9055 2000.04 -20695.2
2.655 47.8237 2000.03 -20659.8
2.66 47.7444 2000.03 -20625.5
2.665 47.6679 2000.02 -20592.5
2.67 47.5937 2000.03 -20560.4
2.675 47.5223 2000.05 -20529.5
2.68 47.4544 2000.05 -20500.2
2.685 47.3921 2000.04 -20473.3
2.69 47.3365 2000.03 -20449.3
2.695 47.2884 2000.03 -20428.5
2.7 47.2484 2000.02 -20411.2
2.705 47.2167 2000.02 -20397.5
2.71 47.1928 2000.01 -20387.2
2.715 47.1756 2000.01 -20379.8
2.72 47.1639 2000.01 -20374.8
2.725 47.1558 2000.01 -20371.3
2.73 47.1497 2000.01 -20368.7
2.735 47.144 2000 -20366.2
2.74 47.1372 2000 -20363.2
2.745 47.1281 2000 -20359.3
2.75 47.1161 2000 -20354.1
2.755 47.1009 2000 -20347.6
2.76 47.0829 2000 -20339.8
2.765 47.0622 2000 -20330.9
2.77 47.0391 2000 -20320.9
2.775 47.0136 2000 -20309.9
2.78 46.9851 2000 -20297.5
2.785 46.953 2000 -20283.7
2.79 46.917 2000 -20268.1
2.795 46.8768 2000 -20250.7
2.8 46.8322 2000 -20231.5
2.805 46.7834 2000 -20210.4
2.81 46.7309 2000 -20187.7
2.815 46.6751 2000 -20163.6
2.82 46.6163 2000 -20138.2
2.825 46.5542 2000 -20111.4
2.83 46.4883 2000 -20082.9
2.835 46.4173 2000 -20052.2
2.84 46.3402 2000.01 -20018.6
2.845 46.254 2000.01 -19981.1
2.85 46.1569 2000.01 -19939.2
2.855 46.0484 2000 -19892.4
2.86 45.9275 2000 -19840.3
2.865 45.7929 2000 -19782.1
2.87 45.6433 2000 -19717.5
2.875 45.4773 1999.99 -19645.8
2.88 45.2935 1999.99 -19566.3
2.885 45.0894 2000 -19478.3
2.89 44.8653 1999.99 -19381.4
2.895 44.6205 1999.97 -19275.5
2.9 44.3535 1999.97 -19160
2.905 44.0634 1999.96 -19034.5
2.91 43.7494 1999.96 -18898.6
2.915 43.4111 1999.95 -18752.3
2.92 43.0486 1999.94 -18595.5
2.925 42.6625 1999.93 -18428.4
2.93 42.2535 1999.91 -18251.4
2.935 41.8185 1999.91 -18063.5
2.94 41.3613 1999.9 -17865.7
2.945 40.8733 2000.02 -17654.3
2.95 40.3283 2000.38 -17422.7
2.955 39.76 2000.44 -17178.8
2.96 39.1602 2000.46 -16920.6
2.965 38.5075 2000.59 -16641.2
2.97 37.8286 2000.54 -16347.5
2.975 37.0424 2000.96 -16015.3
2.98 36.2192 2001.02 -15661.4
2.985 35.2605 2001.68 -15253.2
2.99 34.2172 2002.06 -14806.8
2.995 33.0623 2002.3 -14314.8
3 31.7808 2002.66 -13770.9
3.005 30.3429 2003.56 -13159.4
3.01 28.7602 2003.94 -12480.5
3.015 27.0508 2003.83 -11743.8
3.02 25.0957 2004.23 -10903.7
3.025 23.0667 2003.76 -10019
3.03 20.7574 2004.39 -9033.9
3.035 18.3927 2004.14 -8010.86
3.04 15.8226 2004.09 -6908.83
3.045 13.1039 2004.1 -5743.41
3.05 10.2343 2003.82 -4505.8
3.055 7.15659 2003.52 -3177.95
3.06 3.9408 2003.03 -1785.84
3.065 0.665917 2002.12 -360.379
3.07 -2.65228 2001.16 1087.71
3.075 -5.99962 1999.76 2535.55
3.08 -9.26033 1998.49 3959.72
3.085 -12.4565 1998.8 5370.05
3.09 -15.6723 1998.94 6781.89
3.095 -18.9099 1999.18 8195.82
3.1 -22.1493 1999.4 9606.71
3.105 -25.2591 2000.43 10968.8
3.11 -28.144 2002.18 12242.2
3.115 -30.9329 2002.77 13453.1
3.12 -33.4422 2004.69 14559.9
3.125 -35.9408 2005.42 15646.8
3.13 -38.334 2005.21 16673.9
3.135 -40.626 2004.81 17668.7
3.14 -42.6848 2006.21 18574.4
3.145 -44.6513 2006.94 19433.6
3.15 -46.421 2008.07 20223.4
3.155 -47.974 2009.91 20918
3.16 -49.3779 2011.1 21519.5
3.165 -50.5891 2011.72 22036.9
3.17 -51.6471 2010.96 22496.6
3.175 -52.6133 2009.36 22911.7
3.18 -53.4026 2008.49 23259.6
3.185 -53.8372 2006.51 23491.3
3.19 -53.9735 2004.63 23609.8
3.195 -53.9129 2002.78 23621.2
3.2 -53.5769 2000.68 23496
3.205 -53.1336 1999.52 23294.2
3.21 -52.5165 1997.25 23010.8
3.215 -51.865 1996.04 22695.4
3.22 -51.1705 1995.74 22354
3.225 -50.3769 1995.85 21975.4
3.23 -49.5131 1995.79 21570.2
3.235 -48.9982 1997.93 21257.6
3.24 -48.7852 2000.94 21058.6
3.245 -48.8776 2004.01 21000
3.25 -48.9733 2005.86 20999.7
3.255 -48.9177 2005.28 20991
3.26 -48.8029 2003.58 20971.9
3.265 -48.6907 2002.07 20948.7
3.27 -48.5928 2001.14 20925.2
3.275 -48.577 2001.39 20921.1
3.28 -48.5809 2001.7 20926.1
3.285 -48.5523 2001.15 20926
3.29 -48.5274 2000.67 20925.3
3.295 -48.5045 2000.26 20923.8
3.3 -48.4822 1999.88 20921
3.305 -48.4591 1999.52 20916.9
3.31 -48.4242 1998.84 20908
3.315 -48.3915 1998.45 20898
3.32 -48.4192 1999.25 20906.6
3.325 -48.4249 1999.26 20911.4
3.33 -48.4308 1999.26 20915.9
3.335 -48.4366 1999.25 20920
3.34 -48.4421 1999.22 20923.7
3.345 -48.447 1999.19 20926.9
3.35 -48.4511 1999.14 20929.6
3.355 -48.4543 1999.08 20931.8
3.36 -48.4561 1999.01 20933.4
3.365 -48.4474 1998.37 20931.2
3.37 -48.4375 1997.86 20928.3
3.375 -48.4279 1997.65 20925.1
3.38 -48.4115 1997.28 20919.2
3.385 -48.3741 1996.2 20905.9
3.39 -48.3184 1995 20884.8
3.395 -48.2888 1995.38 20868.9
3.4 -48.2432 1994.87 20848.5
3.405 -48.1037 1990.67 20797.2
3.41 -0.29129 -206.691 116.934
3.415 -20.511 639.781 9110.18
