0.1 5.93477e-18 -0.0195832 -2.74758e-20
0.2 3.73336e-17 -0.0394387 -1.72841e-19
0.3 4.61212e-17 -0.0595781 -2.13524e-19
0.4 1.48293e-17 -0.080014 -6.86541e-20
0.5 8.48967e-17 -0.10076 -3.9304e-19
0.6 -1.37639e-17 -0.12183 6.37219e-20
0.7 3.05399e-17 -0.143241 -1.41388e-19
0.8 1.31712e-16 -0.165009 -6.09778e-19
0.9 1.76875e-16 -0.187152 -8.18865e-19
1 -1.39993e-16 -0.209692 6.48116e-19
0.005 -8.79713e-05 -0.209692 3.05456e-07
0.01 -0.000439644 -0.209693 1.52654e-06
0.015 -0.00114235 -0.209694 3.96648e-06
0.02 -0.00219521 -0.209697 7.62225e-06
0.025 -0.00359735 -0.2097 1.24908e-05
0.03 -0.00534784 -0.209704 1.85688e-05
0.035 -0.00744573 -0.209709 2.5853e-05
0.04 -0.00989 -0.209715 3.43398e-05
0.045 -0.0126796 -0.209721 4.40256e-05
0.05 -0.0158134 -0.209728 5.49064e-05
0.055 -0.0192903 -0.209737 6.69783e-05
0.06 -0.0231089 -0.209745 8.02368e-05
0.065 -0.0272682 -0.209755 9.46774e-05
0.07 -0.0317666 -0.209766 0.000110296
0.075 -0.0366029 -0.209777 0.000127087
0.08 -0.0417754 -0.209789 0.000145044
0.085 -0.0472824 -0.209802 0.000164163
0.09 -0.0531223 -0.209816 0.000184438
0.095 -0.0592938 -0.20983 0.000205863
0.1 -0.0657956 -0.209845 0.000228434
0.105 -0.0726265 -0.209861 0.000252147
0.11 -0.0797855 -0.209878 0.000276998
0.115 -0.0872719 -0.209896 0.000302986
0.12 -0.0950846 -0.209915 0.000330106
0.125 -0.103223 -0.209934 0.000358353
0.13 -0.111684 -0.209954 0.000387725
0.135 -0.120469 -0.209975 0.000418215
0.14 -0.129574 -0.209997 0.000449816
0.145 -0.138997 -0.210019 0.000482522
0.15 -0.148736 -0.210043 0.000516323
0.155 -0.158788 -0.210067 0.000551209
0.16 -0.16915 -0.210092 0.000587168
0.165 -0.17982 -0.210118 0.000624195
0.17 -0.190795 -0.210145 0.00066228
0.175 -0.202074 -0.210172 0.000701417
0.18 -0.213655 -0.2102 0.0007416
0.185 -0.225537 -0.21023 0.000782827
0.19 -0.23772 -0.210259 0.0008251
0.195 -0.250205 -0.21029 0.000868414
0.2 -0.262989 -0.210322 0.000912765
0.205 -0.27607 -0.210354 0.000958145
0.21 -0.289447 -0.210388 0.00100455
0.215 -0.303116 -0.210422 0.00105197
0.22 -0.317074 -0.210457 0.00110038
0.225 -0.331314 -0.210493 0.00114977
0.23 -0.345834 -0.21053 0.00120013
0.235 -0.360628 -0.210567 0.00125144
0.24 -0.37569 -0.210606 0.00130368
0.245 -0.391016 -0.210645 0.00135682
0.25 -0.406602 -0.210685 0.00141087
0.255 -0.422445 -0.210726 0.0014658
0.26 -0.438545 -0.210767 0.00152162
0.265 -0.454903 -0.21081 0.00157834
0.27 -0.471525 -0.210853 0.00163596
0.275 -0.488413 -0.210897 0.00169451
0.28 -0.505566 -0.210943 0.00175397
0.285 -0.522984 -0.210989 0.00181434
0.29 -0.540663 -0.211036 0.00187562
0.295 -0.558602 -0.211083 0.00193779
0.3 -0.576798 -0.211132 0.00200085
0.305 -0.595249 -0.211182 0.00206478
0.31 -0.613951 -0.211232 0.00212959
0.315 -0.632898 -0.211284 0.00219524
0.32 -0.652084 -0.211336 0.00226171
0.325 -0.671503 -0.211389 0.00232899
0.33 -0.691152 -0.211443 0.00239705
0.335 -0.711032 -0.211498 0.00246591
0.34 -0.731141 -0.211554 0.00253556
0.345 -0.751477 -0.211611 0.002606
0.35 -0.772036 -0.211669 0.00267719
0.355 -0.792812 -0.211727 0.00274914
0.36 -0.813799 -0.211787 0.00282181
0.365 -0.834992 -0.211847 0.00289519
0.37 -0.856388 -0.211908 0.00296926
0.375 -0.877983 -0.211971 0.00304402
0.38 -0.899776 -0.212034 0.00311945
0.385 -0.921761 -0.212098 0.00319555
0.39 -0.943937 -0.212162 0.0032723
0.395 -0.9663 -0.212228 0.00334969
0.4 -0.988847 -0.212295 0.00342771
0.405 -1.01158 -0.212362 0.00350635
0.41 -1.03448 -0.21243 0.0035856
0.415 -1.05756 -0.212499 0.00366544
0.42 -1.08081 -0.21257 0.00374587
0.425 -1.10423 -0.212641 0.00382688
0.43 -1.12782 -0.212712 0.00390844
0.435 -1.15156 -0.212785 0.00399056
0.44 -1.17547 -0.212859 0.00407322
0.445 -1.19953 -0.212933 0.0041564
0.45 -1.22374 -0.213009 0.0042401
0.455 -1.2481 -0.213085 0.0043243
0.46 -1.2726 -0.213162 0.004409
0.465 -1.29725 -0.21324 0.00449418
0.47 -1.32204 -0.213319 0.00457983
0.475 -1.34696 -0.213399 0.00466593
0.48 -1.37201 -0.213479 0.00475249
0.485 -1.39721 -0.213561 0.00483953
0.49 -1.42255 -0.213643 0.00492706
0.495 -1.44805 -0.213727 0.0050151
0.5 -1.4737 -0.213811 0.00510366
0.505 -1.4995 -0.213897 0.00519274
0.51 -1.52546 -0.213983 0.00528236
0.515 -1.55158 -0.214071 0.00537249
0.52 -1.57784 -0.21416 0.00546312
0.525 -1.60424 -0.214249 0.00555421
0.53 -1.63079 -0.21434 0.00564576
0.535 -1.65746 -0.214432 0.00573775
0.54 -1.68426 -0.214522 0.00582995
0.545 -1.71119 -0.214611 0.00592237
0.55 -1.73823 -0.214701 0.00601513
0.555 -1.76535 -0.214789 0.00610795
0.56 -1.79252 -0.214875 0.00620072
0.565 -1.81971 -0.214962 0.00629356
0.57 -1.84691 -0.21505 0.00638638
0.575 -1.87408 -0.215139 0.00647911
0.58 -1.90122 -0.215228 0.0065717
0.585 -1.92834 -0.215311 0.00666364
0.59 -1.95542 -0.215387 0.00675498
0.595 -1.9825 -0.215464 0.00684627
0.6 -2.00957 -0.215543 0.00693755
0.605 -2.03664 -0.215621 0.00702879
0.61 -2.06371 -0.21569 0.0071196
0.615 -2.09077 -0.215751 0.00721004
0.62 -2.11781 -0.215812 0.00730042
0.625 -2.14486 -0.215868 0.00739033
0.63 -2.17192 -0.215909 0.00747951
0.635 -2.19901 -0.215942 0.00756849
0.64 -2.22612 -0.215977 0.00765757
0.645 -2.25325 -0.216013 0.00774673
0.65 -2.28041 -0.216051 0.00783596
0.655 -2.30758 -0.216089 0.00792524
0.66 -2.33476 -0.216129 0.00801455
0.665 -2.36195 -0.21617 0.00810388
0.67 -2.38915 -0.216209 0.0081931
0.675 -2.41636 -0.216218 0.00828126
0.68 -2.44359 -0.216203 0.00836854
0.685 -2.47086 -0.216191 0.008456
0.69 -2.49819 -0.216181 0.00854369
0.695 -2.5256 -0.216173 0.00863167
0.7 -2.55311 -0.216167 0.00872
0.705 -2.58073 -0.216162 0.00880867
0.71 -2.60843 -0.216159 0.0088976
0.715 -2.63614 -0.216156 0.00898659
0.72 -2.66381 -0.216155 0.00907543
0.725 -2.69135 -0.216155 0.00916385
0.73 -2.71868 -0.216154 0.00925154
0.735 -2.74575 -0.216132 0.00933781
0.74 -2.77251 -0.216089 0.00942237
0.745 -2.79893 -0.216045 0.00950571
0.75 -2.82501 -0.216004 0.00958801
0.755 -2.85076 -0.215964 0.00966929
0.76 -2.87622 -0.215926 0.00974962
0.765 -2.9014 -0.21589 0.00982911
0.77 -2.92635 -0.215854 0.00990786
0.775 -2.9511 -0.215821 0.00998597
0.78 -2.97567 -0.215788 0.0100635
0.785 -3.00007 -0.215756 0.0101405
0.79 -3.0243 -0.215725 0.010217
0.795 -3.04836 -0.215695 0.0102929
0.8 -3.07226 -0.215665 0.0103683
0.805 -3.09599 -0.215637 0.0104432
0.81 -3.1196 -0.215608 0.0105177
0.815 -3.1431 -0.215566 0.0105915
0.82 -3.16652 -0.215511 0.0106647
0.825 -3.18988 -0.215456 0.0107378
0.83 -3.21319 -0.215402 0.0108107
0.835 -3.2365 -0.215347 0.0108834
0.84 -3.25984 -0.21529 0.0109562
0.845 -3.28321 -0.215232 0.0110289
0.85 -3.30665 -0.215172 0.0111018
0.855 -3.33015 -0.215112 0.0111748
0.86 -3.35373 -0.21505 0.0112479
0.865 -3.37737 -0.214985 0.0113211
0.87 -3.40107 -0.214922 0.0113945
0.875 -3.42481 -0.214859 0.011468
0.88 -3.44856 -0.214796 0.0115415
0.885 -3.47228 -0.214734 0.011615
0.89 -3.49594 -0.214673 0.0116882
0.895 -3.51945 -0.214612 0.0117609
0.9 -3.5427 -0.214545 0.0118325
0.905 -3.56557 -0.214473 0.0119027
0.91 -3.58796 -0.214403 0.0119714
0.915 -3.60976 -0.214336 0.0120382
0.92 -3.63088 -0.214272 0.012103
0.925 -3.65125 -0.21421 0.0121655
0.93 -3.67086 -0.214151 0.0122256
0.935 -3.68973 -0.214086 0.0122834
0.94 -3.70791 -0.214017 0.0123388
0.945 -3.72547 -0.21395 0.0123924
0.95 -3.74252 -0.213885 0.0124445
0.955 -3.75915 -0.213823 0.0124952
0.96 -3.77542 -0.213757 0.0125447
0.965 -3.79141 -0.213688 0.0125931
0.97 -3.80718 -0.213621 0.0126408
0.975 -3.8228 -0.213554 0.012688
0.98 -3.83832 -0.213488 0.012735
0.985 -3.85379 -0.213422 0.0127818
0.99 -3.86925 -0.213357 0.0128285
0.995 -3.88473 -0.213289 0.0128752
1 -3.90023 -0.213219 0.0129218
1.005 -3.91572 -0.213149 0.0129685
1.01 -3.93116 -0.21308 0.0130149
1.015 -3.94649 -0.213011 0.013061
1.02 -3.96159 -0.212943 0.0131065
1.025 -3.97638 -0.212877 0.0131509
1.03 -3.99077 -0.212813 0.0131942
1.035 -4.00471 -0.212751 0.0132361
1.04 -4.01819 -0.212685 0.0132763
1.045 -4.03125 -0.212617 0.0133151
1.05 -4.04395 -0.212551 0.0133528
1.055 -4.05633 -0.212486 0.0133896
1.06 -4.06843 -0.212423 0.0134255
1.065 -4.08029 -0.212361 0.0134607
1.07 -4.09196 -0.2123 0.0134953
1.075 -4.10349 -0.21224 0.0135295
1.08 -4.11488 -0.212181 0.0135633
1.085 -4.12613 -0.212122 0.0135966
1.09 -4.13719 -0.212064 0.0136293
1.095 -4.14799 -0.212007 0.0136613
1.1 -4.15844 -0.211953 0.0136923
1.105 -4.16843 -0.2119 0.0137218
1.11 -4.17784 -0.211851 0.0137496
1.115 -4.18656 -0.211805 0.0137754
1.12 -4.19451 -0.211763 0.0137989
1.125 -4.20162 -0.211726 0.01382
1.13 -4.20788 -0.211693 0.0138384
1.135 -4.21328 -0.211665 0.0138544
1.14 -4.21787 -0.211641 0.013868
1.145 -4.22172 -0.21162 0.0138794
1.15 -4.2249 -0.211603 0.0138888
1.155 -4.22745 -0.211589 0.0138963
1.16 -4.22941 -0.211579 0.0139022
1.165 -4.23082 -0.211571 0.0139064
1.17 -4.23171 -0.211566 0.013909
1.175 -4.23213 -0.211564 0.0139102
1.18 -4.23213 -0.211564 0.0139103
1.185 -4.2318 -0.211566 0.0139092
1.19 -4.23121 -0.211572 0.0139074
1.195 -4.23044 -0.211579 0.0139051
1.2 -4.22956 -0.211587 0.0139024
1.205 -4.22862 -0.211596 0.0138995
1.21 -4.22766 -0.211605 0.0138966
1.215 -4.22671 -0.211614 0.0138936
1.22 -4.22573 -0.211623 0.0138906
1.225 -4.22466 -0.211633 0.0138873
1.23 -4.22343 -0.211644 0.0138836
1.235 -4.22193 -0.211658 0.013879
1.24 -4.22008 -0.211675 0.0138733
1.245 -4.21777 -0.211696 0.0138663
1.25 -4.21495 -0.211722 0.0138577
1.255 -4.21159 -0.211752 0.0138474
1.26 -4.20766 -0.211788 0.0138354
1.265 -4.20316 -0.211829 0.0138217
1.27 -4.19808 -0.211875 0.0138062
1.275 -4.19243 -0.211927 0.013789
1.28 -4.18618 -0.211984 0.0137699
1.285 -4.17931 -0.212046 0.0137489
1.29 -4.17182 -0.212115 0.0137261
1.295 -4.16369 -0.212189 0.0137013
1.3 -4.15495 -0.212268 0.0136746
1.305 -4.14562 -0.212353 0.0136461
1.31 -4.13572 -0.212444 0.0136159
1.315 -4.12529 -0.212539 0.0135841
1.32 -4.11436 -0.212638 0.0135508
1.325 -4.10296 -0.212742 0.013516
1.33 -4.09113 -0.21285 0.0134799
1.335 -4.0789 -0.212962 0.0134426
1.34 -4.0663 -0.213077 0.0134041
1.345 -4.05336 -0.213196 0.0133647
1.35 -4.04012 -0.213317 0.0133243
1.355 -4.02663 -0.21344 0.0132831
1.36 -4.01297 -0.213565 0.0132414
1.365 -3.99922 -0.21369 0.0131995
1.37 -3.98549 -0.213811 0.0131574
1.375 -3.97185 -0.213927 0.0131153
1.38 -3.9584 -0.214042 0.0130739
1.385 -3.94519 -0.214155 0.0130332
1.39 -3.93229 -0.214265 0.0129935
1.395 -3.91973 -0.214372 0.0129548
1.4 -3.90751 -0.214477 0.0129172
1.405 -3.89561 -0.214579 0.0128805
1.41 -3.88396 -0.214679 0.0128446
1.415 -3.87246 -0.214777 0.0128092
1.42 -3.861 -0.214876 0.012774
1.425 -3.84943 -0.214973 0.0127383
1.43 -3.83764 -0.215072 0.0127018
1.435 -3.82553 -0.215173 0.0126644
1.44 -3.81305 -0.215277 0.0126259
1.445 -3.80014 -0.215385 0.012586
1.45 -3.78677 -0.215497 0.0125447
1.455 -3.7729 -0.215613 0.0125018
1.46 -3.75851 -0.215729 0.0124572
1.465 -3.74359 -0.215847 0.0124107
1.47 -3.72811 -0.215962 0.0123623
1.475 -3.71207 -0.216075 0.0123121
1.48 -3.69548 -0.216193 0.0122602
1.485 -3.67836 -0.216315 0.0122066
1.49 -3.66071 -0.216441 0.0121514
1.495 -3.6425 -0.216571 0.0120944
1.5 -3.6237 -0.216706 0.0120356
1.505 -3.60429 -0.216845 0.0119749
1.51 -3.58429 -0.216988 0.0119123
1.515 -3.56373 -0.217135 0.011848
1.52 -3.54271 -0.217286 0.0117823
1.525 -3.5213 -0.217434 0.011715
1.53 -3.4996 -0.217579 0.0116465
1.535 -3.47769 -0.217725 0.0115774
1.54 -3.45567 -0.217872 0.011508
1.545 -3.43358 -0.21802 0.0114383
1.55 -3.41148 -0.218168 0.0113686
1.555 -3.38939 -0.218316 0.0112989
1.56 -3.36727 -0.218464 0.0112292
1.565 -3.34506 -0.218613 0.0111592
1.57 -3.32269 -0.21876 0.0110885
1.575 -3.30008 -0.218907 0.0110169
1.58 -3.27716 -0.219053 0.0109442
1.585 -3.25391 -0.2192 0.0108704
1.59 -3.23033 -0.219348 0.0107955
1.595 -3.20642 -0.219482 0.010719
1.6 -3.18221 -0.219604 0.0106413
1.605 -3.15774 -0.219729 0.0105627
1.61 -3.13305 -0.219855 0.0104834
1.615 -3.10822 -0.219982 0.0104037
1.62 -3.0833 -0.22011 0.0103238
1.625 -3.05835 -0.220239 0.0102437
1.63 -3.03339 -0.220368 0.0101636
1.635 -3.00843 -0.220497 0.0100835
1.64 -2.98347 -0.220626 0.0100035
1.645 -2.95847 -0.220755 0.00992326
1.65 -2.93339 -0.220885 0.0098428
1.655 -2.90815 -0.221016 0.00976184
1.66 -2.88265 -0.221148 0.00968006
1.665 -2.85679 -0.221282 0.00959712
1.67 -2.8305 -0.221418 0.00951278
1.675 -2.80371 -0.22154 0.00942635
1.68 -2.77643 -0.221643 0.00933754
1.685 -2.74864 -0.221744 0.0092469
1.69 -2.72038 -0.221848 0.00915474
1.695 -2.69168 -0.221955 0.00906118
1.7 -2.66258 -0.222063 0.00896633
1.705 -2.6331 -0.222173 0.00887022
1.71 -2.6032 -0.222284 0.0087728
1.715 -2.57286 -0.222398 0.00867391
1.72 -2.54202 -0.222514 0.00857343
1.725 -2.51069 -0.222631 0.00847135
1.73 -2.4789 -0.222749 0.00836769
1.735 -2.44673 -0.222843 0.00826196
1.74 -2.41432 -0.22291 0.00815427
1.745 -2.38185 -0.222972 0.00804601
1.75 -2.34951 -0.223036 0.00793825
1.755 -2.31752 -0.2231 0.00783169
1.76 -2.28605 -0.223163 0.00772689
1.765 -2.25522 -0.223225 0.00762424
1.77 -2.22511 -0.223276 0.00752361
1.775 -2.19575 -0.223318 0.00742514
1.78 -2.16713 -0.223358 0.00732918
1.785 -2.13923 -0.223392 0.00723515
1.79 -2.11199 -0.223409 0.00714256
1.795 -2.08536 -0.223419 0.0070517
1.8 -2.05927 -0.22343 0.00696274
1.805 -2.03365 -0.223441 0.00687543
1.81 -2.00843 -0.223453 0.00678951
1.815 -1.98353 -0.223465 0.00670473
1.82 -1.95892 -0.223477 0.00662094
1.825 -1.93458 -0.22349 0.00653804
1.83 -1.91048 -0.223496 0.00645552
1.835 -1.88659 -0.223498 0.00637329
1.84 -1.86285 -0.2235 0.00629161
1.845 -1.83921 -0.223503 0.00621031
1.85 -1.81565 -0.223505 0.0061293
1.855 -1.79216 -0.223508 0.00604854
1.86 -1.76871 -0.223511 0.00596793
1.865 -1.74526 -0.223512 0.00588714
1.87 -1.72176 -0.223512 0.00580602
1.875 -1.69819 -0.223511 0.00572466
1.88 -1.67453 -0.223511 0.005643
1.885 -1.65077 -0.223508 0.00556081
1.89 -1.6269 -0.223504 0.00547805
1.895 -1.60287 -0.2235 0.00539479
1.9 -1.57866 -0.223496 0.00531089
1.905 -1.55421 -0.223492 0.00522617
1.91 -1.52949 -0.223489 0.00514056
1.915 -1.50456 -0.223485 0.00505418
1.92 -1.47948 -0.223482 0.00496733
1.925 -1.45439 -0.223479 0.00488042
1.93 -1.42939 -0.223476 0.00479383
1.935 -1.40458 -0.223473 0.00470792
1.94 -1.38006 -0.22347 0.004623
1.945 -1.3559 -0.223468 0.00453933
1.95 -1.33214 -0.223465 0.00445705
1.955 -1.30877 -0.223463 0.00437614
1.96 -1.28578 -0.22346 0.00429652
1.965 -1.2631 -0.223458 0.00421799
1.97 -1.24067 -0.223456 0.00414034
1.975 -1.21845 -0.223453 0.00406338
1.98 -1.19639 -0.223451 0.00398701
1.985 -1.17449 -0.223449 0.00391118
1.99 -1.15275 -0.223447 0.00383591
1.995 -1.13118 -0.223446 0.00376121
2 -1.10976 -0.223445 0.00368707
2.005 -1.08852 -0.223444 0.0036135
2.01 -1.06742 -0.223443 0.00354046
2.015 -1.04644 -0.223441 0.00346784
2.02 -1.02553 -0.22344 0.00339542
2.025 -1.00461 -0.223439 0.00332301
2.03 -0.983664 -0.223438 0.00325047
2.035 -0.962684 -0.223437 0.00317784
2.04 -0.941728 -0.223437 0.00310529
2.045 -0.920873 -0.223437 0.00303308
2.05 -0.900198 -0.223437 0.00296151
2.055 -0.879785 -0.223438 0.00289085
2.06 -0.859697 -0.223438 0.0028213
2.065 -0.83995 -0.223439 0.00275295
2.07 -0.820506 -0.22344 0.00268564
2.075 -0.801299 -0.223441 0.00261915
2.08 -0.782276 -0.223444 0.00255331
2.085 -0.763406 -0.223447 0.00248801
2.09 -0.744691 -0.22345 0.00242323
2.095 -0.72615 -0.223453 0.00235906
2.1 -0.70782 -0.223456 0.00229561
2.105 -0.689764 -0.22346 0.0022331
2.11 -0.672084 -0.223465 0.0021719
2.115 -0.654909 -0.223471 0.00211246
2.12 -0.638365 -0.223477 0.0020552
2.125 -0.622562 -0.223483 0.00200049
2.13 -0.60759 -0.223489 0.00194866
2.135 -0.593517 -0.223496 0.00189995
2.14 -0.580368 -0.223504 0.00185443
2.145 -0.568122 -0.223512 0.00181203
2.15 -0.556711 -0.22352 0.00177251
2.155 -0.546037 -0.223527 0.00173556
2.16 -0.535984 -0.223534 0.00170075
2.165 -0.526425 -0.223541 0.00166765
2.17 -0.517225 -0.223547 0.0016358
2.175 -0.508243 -0.223553 0.00160469
2.18 -0.499321 -0.22356 0.0015738
2.185 -0.490301 -0.223566 0.00154255
2.19 -0.481032 -0.223573 0.00151044
2.195 -0.47139 -0.22358 0.00147703
2.2 -0.461293 -0.223588 0.00144205
2.205 -0.450706 -0.223596 0.00140537
2.21 -0.439638 -0.223606 0.00136702
2.215 -0.428144 -0.223616 0.00132719
2.22 -0.416342 -0.223627 0.00128624
2.225 -0.404414 -0.223638 0.00124485
2.23 -0.39259 -0.22365 0.0012038
2.235 -0.38111 -0.223663 0.00116386
2.24 -0.370186 -0.223676 0.0011258
2.245 -0.35999 -0.223689 0.00109024
2.25 -0.350645 -0.223703 0.00105764
2.255 -0.342215 -0.223716 0.00102821
2.26 -0.334696 -0.223728 0.00100193
2.265 -0.328022 -0.223739 0.000978591
2.27 -0.322088 -0.223749 0.000957837
2.275 -0.316775 -0.223758 0.000939262
2.28 -0.312004 -0.223766 0.00092258
2.285 -0.307756 -0.223773 0.000907744
2.29 -0.304082 -0.22378 0.000894921
2.295 -0.301065 -0.223786 0.000884394
2.3 -0.298789 -0.22379 0.000876455
2.305 -0.297324 -0.223793 0.000871342
2.31 -0.296717 -0.223794 0.000869224
2.315 -0.296993 -0.223793 0.000870184
2.32 -0.298145 -0.223793 0.000874177
2.325 -0.300135 -0.223794 0.000881066
2.33 -0.302906 -0.223794 0.000890661
2.335 -0.306394 -0.223795 0.000902738
2.34 -0.310533 -0.223796 0.000917073
2.345 -0.31526 -0.223797 0.000933439
2.35 -0.320499 -0.223798 0.000951584
2.355 -0.326161 -0.223799 0.000971191
2.36 -0.332124 -0.2238 0.000991842
2.365 -0.338225 -0.223801 0.00101297
2.37 -0.344252 -0.223802 0.00103384
2.375 -0.349966 -0.223803 0.00105363
2.38 -0.355135 -0.223804 0.00107153
2.385 -0.359567 -0.223804 0.00108688
2.39 -0.363115 -0.223805 0.00109917
2.395 -0.365667 -0.223805 0.001108
2.4 -0.367143 -0.223805 0.00111311
2.405 -0.367509 -0.223806 0.00111438
2.41 -0.366779 -0.223805 0.00111186
2.415 -0.365003 -0.223805 0.0011057
2.42 -0.362244 -0.223805 0.00109615
2.425 -0.358569 -0.223804 0.00108342
2.43 -0.354042 -0.223803 0.00106774
2.435 -0.348698 -0.223803 0.00104924
2.44 -0.342537 -0.223802 0.0010279
2.445 -0.335541 -0.223801 0.00100367
2.45 -0.327696 -0.223799 0.000976502
2.455 -0.318986 -0.223798 0.000946337
2.46 -0.309376 -0.223796 0.000913057
2.465 -0.298812 -0.223795 0.000876471
2.47 -0.28723 -0.223794 0.000836343
2.475 -0.274576 -0.223809 0.000792295
2.48 -0.260821 -0.223838 0.000744244
2.485 -0.245966 -0.223869 0.000692428
2.49 -0.23003 -0.223903 0.000636916
2.495 -0.213023 -0.22394 0.000577753
2.5 -0.194922 -0.223982 0.000514909
2.505 -0.175667 -0.224027 0.000448105
2.51 -0.155155 -0.224074 0.000376944
2.515 -0.133254 -0.224125 0.00030101
2.52 -0.10983 -0.22418 0.000219861
2.525 -0.0847742 -0.224239 0.000133121
2.53 -0.058006 -0.224303 4.04865e-05
2.535 -0.0294554 -0.224371 -5.83158e-05
2.54 0.000959208 -0.224445 -0.000163565
2.545 0.0333471 -0.224523 -0.000275635
2.55 0.0678479 -0.224607 -0.000395009
2.555 0.104618 -0.224697 -0.000522222
2.56 0.143822 -0.224794 -0.000657841
2.565 0.185634 -0.224899 -0.000802465
2.57 0.230234 -0.225011 -0.000956708
2.575 0.277777 -0.225133 -0.00112111
2.58 0.328373 -0.225263 -0.00129604
2.585 0.382075 -0.225404 -0.00148167
2.59 0.438895 -0.225554 -0.00167804
2.595 0.498789 -0.225715 -0.001885
2.6 0.561653 -0.225887 -0.00210216
2.605 0.62734 -0.226069 -0.00232902
2.61 0.695706 -0.226261 -0.00256508
2.615 0.766617 -0.226464 -0.00280978
2.62 0.839936 -0.226669 -0.00306212
2.625 0.915508 -0.226872 -0.00332109
2.63 0.99316 -0.227078 -0.00358656
2.635 1.0727 -0.227294 -0.0038584
2.64 1.15396 -0.2275 -0.00413451
2.645 1.23676 -0.227691 -0.00441415
2.65 1.32095 -0.227858 -0.00469711
2.655 1.40642 -0.227974 -0.00498198
2.66 1.49306 -0.22805 -0.00526824
2.665 1.5808 -0.228115 -0.0055568
2.67 1.66963 -0.228119 -0.00584671
2.675 1.75954 -0.228061 -0.00613782
2.68 1.85055 -0.227996 -0.00643125
2.685 1.94268 -0.227924 -0.00672716
2.69 2.03596 -0.227796 -0.00702481
2.695 2.13032 -0.227614 -0.00732401
2.7 2.22568 -0.22743 -0.00762542
2.705 2.32189 -0.227245 -0.00792865
2.71 2.41881 -0.227069 -0.00823397
2.715 2.5163 -0.226893 -0.00854072
2.72 2.61425 -0.226659 -0.00884728
2.725 2.71257 -0.226376 -0.00915359
2.73 2.81119 -0.226094 -0.00946019
2.735 2.91011 -0.22579 -0.0097659
2.74 3.00935 -0.225473 -0.0100714
2.745 3.10904 -0.22516 -0.010378
2.75 3.20941 -0.224775 -0.0106842
2.755 3.31072 -0.224312 -0.0109921
2.76 3.41335 -0.223839 -0.0113045
2.765 3.51775 -0.22333 -0.0116202
2.77 3.62443 -0.222763 -0.0119401
2.775 3.73397 -0.222115 -0.0122664
2.78 3.84695 -0.221398 -0.0126012
2.785 3.96398 -0.220657 -0.0129472
2.79 4.08559 -0.219805 -0.0133031
2.795 4.21223 -0.218813 -0.013669
2.8 4.34428 -0.217645 -0.0140458
2.805 4.48203 -0.216324 -0.0144349
2.81 4.62569 -0.214907 -0.0148375
2.815 4.77537 -0.213354 -0.015252
2.82 4.93112 -0.211626 -0.0156827
2.825 5.09295 -0.209753 -0.0161302
2.83 5.26084 -0.207807 -0.0165911
2.835 5.43472 -0.205789 -0.0170647
2.84 5.61449 -0.203686 -0.0175495
2.845 5.80002 -0.201444 -0.0180451
2.85 5.99113 -0.199055 -0.0185455
2.855 6.18761 -0.19658 -0.0190458
2.86 6.38926 -0.194056 -0.0195498
2.865 6.59588 -0.191458 -0.0200563
2.87 6.80726 -0.188807 -0.0205614
2.875 7.02326 -0.186177 -0.0210605
2.88 7.24369 -0.183541 -0.0215546
2.885 7.46836 -0.180931 -0.0220449
2.89 7.69691 -0.178376 -0.0225331
2.895 7.92889 -0.175845 -0.0230244
2.9 8.1637 -0.173368 -0.0235174
2.905 8.40063 -0.170977 -0.0240096
2.91 8.63886 -0.168677 -0.024501
2.915 8.87753 -0.166385 -0.0249944
2.92 9.11572 -0.164049 -0.0254874
2.925 9.35245 -0.161759 -0.0259755
2.93 9.58676 -0.159592 -0.0264566
2.935 9.8177 -0.157598 -0.0269283
2.94 10.0445 -0.155736 -0.0273923
2.945 10.2664 -0.153902 -0.0278507
2.95 10.4831 -0.152086 -0.0283024
2.955 10.6943 -0.150035 -0.0287629
2.96 10.9 -0.147765 -0.0292298
2.965 11.1005 -0.145457 -0.0296911
2.97 11.2961 -0.143119 -0.0301468
2.975 11.4878 -0.140859 -0.030592
2.98 11.6767 -0.138659 -0.0310296
2.985 11.864 -0.136503 -0.0314627
2.99 12.0511 -0.134367 -0.0318948
2.995 12.2391 -0.132196 -0.0323307
3 12.4289 -0.129985 -0.0327722
3.005 12.6213 -0.127761 -0.0332191
3.01 12.8169 -0.125519 -0.0336728
3.015 13.0162 -0.123251 -0.0341346
3.02 13.2194 -0.120955 -0.0346054
3.025 13.4269 -0.118629 -0.0350856
3.03 13.6388 -0.116277 -0.0355756
3.035 13.8552 -0.113944 -0.0360753
3.04 14.0761 -0.111621 -0.036585
3.045 14.3016 -0.10926 -0.0371051
3.05 14.5317 -0.106861 -0.0376356
3.055 14.7663 -0.104413 -0.0381768
3.06 15.0055 -0.101845 -0.0387301
3.065 15.249 -0.0991689 -0.0392949
3.07 15.4971 -0.0964599 -0.0398698
3.075 15.7495 -0.0937181 -0.0404548
3.08 16.0062 -0.0909445 -0.0410497
3.085 16.2674 -0.0881405 -0.0416545
3.09 16.5327 -0.0853079 -0.042269
3.095 16.8022 -0.0824496 -0.0428929
3.1 17.0755 -0.0795691 -0.0435257
3.105 17.3525 -0.0766712 -0.0441667
3.11 17.6326 -0.0737616 -0.0448151
3.115 17.9157 -0.070847 -0.0454699
3.12 18.201 -0.0679349 -0.0461299
3.125 18.488 -0.0650341 -0.0467938
3.13 18.7763 -0.0622044 -0.04746
3.135 19.0652 -0.0594396 -0.0481276
3.14 19.3543 -0.0566806 -0.0487955
3.145 19.6432 -0.0538523 -0.0494638
3.15 19.9315 -0.0509594 -0.0501315
3.155 20.2189 -0.0480847 -0.0507971
3.16 20.5052 -0.0452313 -0.05146
3.165 20.7899 -0.0424019 -0.0521194
3.17 21.0731 -0.0395986 -0.0527751
3.175 21.3545 -0.0368225 -0.0534267
3.18 21.6343 -0.0340734 -0.0540743
3.185 21.9126 -0.0313489 -0.0547187
3.19 22.19 -0.0286442 -0.0553609
3.195 22.4672 -0.0259529 -0.0560027
3.2 22.745 -0.0232684 -0.0566456
3.205 23.0239 -0.020585 -0.0572913
3.21 23.3046 -0.0178982 -0.0579409
3.215 23.5875 -0.0152103 -0.0585956
3.22 23.873 -0.012579 -0.0592563
3.225 24.1615 -0.0100035 -0.0599239
3.23 24.4534 -0.00743154 -0.0605991
3.235 24.7488 -0.00486775 -0.0612826
3.24 25.0482 -0.00231793 -0.061975
3.245 25.3516 0.000209216 -0.0626768
3.25 25.6593 0.00270091 -0.0633881
3.255 25.9711 0.00513858 -0.064109
3.26 26.2871 0.0074947 -0.0648393
3.265 26.6069 0.00972693 -0.0655782
3.27 26.9302 0.0117442 -0.0663245
3.275 27.2561 0.0131105 -0.0670759
3.28 27.5841 0.0136709 -0.0678306
3.285 27.9133 0.013269 -0.0685867
3.29 28.2433 0.0115163 -0.0693414
3.295 28.5734 0.00752795 -0.0700914
3.3 28.9021 3.44562 -0.0787236
