0.1 -1.89911e-31 200 -3.01981e-14 1.89911e-31 -200 3.01981e-14
0.2 1.75302e-31 400 3.19744e-14 -1.75302e-31 -400 -3.19744e-14
0.3 2.92171e-31 600 -8.88178e-14 -2.92171e-31 -600 8.88178e-14
0.4 -2.04519e-31 800 -4.9738e-14 2.04519e-31 -800 4.9738e-14
0.5 -7.0121e-31 1000 5.32907e-13 7.0121e-31 -1000 -5.32907e-13
0.6 -4.67473e-31 1200 -1.42109e-13 4.67473e-31 -1200 1.42109e-13
0.7 -4.56517e-31 1400 7.10543e-15 4.56517e-31 -1400 -7.10543e-15
0.8 -1.75302e-30 1600 -1.42109e-13 1.75302e-30 -1600 1.42109e-13
0.9 -1.40242e-30 1800 1.39266e-12 1.40242e-30 -1800 -1.39266e-12
1 3.65213e-32 2000 -1.42109e-14 -3.65213e-32 -2000 1.42109e-14
0.005 0.00130105 2000 -0.563105 -0.00130105 -2000 0.00105359
0.01 0.00649935 2000 -2.80963 -0.00649935 -2000 0.00191462
0.015 0.0168846 2000 -7.29573 -0.0168846 -2000 0.00157553
0.02 0.0324447 2000 -14.0174 -0.0324447 -2000 0.00132449
0.025 0.0531658 2000 -22.9688 -0.0531658 -2000 0.00115435
0.03 0.0790339 2000 -34.1437 -0.0790339 -2000 0.00106168
0.035 0.110034 2000 -47.5357 -0.110034 -2000 0.00104321
0.04 0.14615 2000 -63.1378 -0.14615 -2000 0.00109616
0.045 0.187365 2000 -80.9429 -0.187365 -2000 0.00121817
0.05 0.233662 2000 -100.943 -0.233662 -2000 0.00140722
0.055 0.285021 2000 -123.131 -0.285021 -2000 0.00166156
0.06 0.341424 2000 -147.497 -0.341424 -2000 0.00197968
0.065 0.40285 2000 -174.034 -0.40285 -2000 0.00236021
0.07 0.469277 2000 -202.73 -0.469277 -2000 0.0028019
0.075 0.540682 2000 -233.578 -0.540682 -2000 0.00325401
0.08 0.617041 2000 -266.565 -0.617041 -2000 0.0037175
0.085 0.698325 2000 -301.681 -0.698325 -2000 0.00424145
0.09 0.784508 2000 -338.912 -0.784508 -2000 0.0048235
0.095 0.875569 2000 -378.251 -0.875569 -2000 0.00546162
0.1 0.971484 2000 -419.687 -0.971484 -2000 0.00615465
0.105 1.07223 2000 -463.212 -1.07223 -2000 0.00690132
0.11 1.1778 2000 -508.818 -1.1778 -2000 0.00770061
0.115 1.28817 2000 -556.499 -1.28817 -2000 0.00855173
0.12 1.40333 2000 -606.248 -1.40333 -2000 0.00945386
0.125 1.52325 2000 -658.055 -1.52325 -2000 0.0104062
0.13 1.64792 2000 -711.912 -1.64792 -2000 0.0114081
0.135 1.7773 2000 -767.806 -1.7773 -2000 0.0124588
0.14 1.91137 2000 -825.724 -1.91137 -2000 0.0135573
0.145 2.05008 2000 -885.651 -2.05008 -2000 0.0147025
0.15 2.19341 2000 -947.57 -2.19341 -2000 0.0158931
0.155 2.3413 2000 -1011.46 -2.3413 -2000 0.0171274
0.16 2.4937 2000 -1077.3 -2.4937 -2000 0.0184039
0.165 2.65057 2000 -1145.07 -2.65057 -2000 0.0197214
0.17 2.81189 2000 -1214.76 -2.81189 -2000 0.0210794
0.175 2.97761 2000 -1286.35 -2.97761 -2000 0.0224772
0.18 3.14771 2000 -1359.84 -3.14771 -2000 0.0239146
0.185 3.32218 2000 -1435.21 -3.32218 -2000 0.025392
0.19 3.50101 2000 -1512.46 -3.50101 -2000 0.0269107
0.195 3.68419 2000 -1591.6 -3.68419 -2000 0.0284717
0.2 3.87168 2000 -1672.6 -3.87168 -2000 0.0300746
0.205 4.06347 2000 -1755.45 -4.06347 -2000 0.0317187
0.21 4.25951 2000 -1840.14 -4.25951 -2000 0.033403
0.215 4.45976 2000 -1926.65 -4.45976 -2000 0.035126
0.22 4.66414 2000 -2014.94 -4.66414 -2000 0.0368848
0.225 4.87257 1999.99 -2104.99 -4.87257 -1999.99 0.0386754
0.23 5.085 1999.99 -2196.76 -5.085 -1999.99 0.0404948
0.235 5.30135 1999.99 -2290.22 -5.30135 -1999.99 0.0423404
0.24 5.52152 1999.99 -2385.34 -5.52152 -1999.99 0.0442087
0.245 5.74544 1999.99 -2482.08 -5.74544 -1999.99 0.0460962
0.25 5.97305 1999.99 -2580.4 -5.97305 -1999.99 0.0480014
0.255 6.2043 1999.99 -2680.31 -6.2043 -1999.99 0.0499248
0.26 6.43919 1999.99 -2781.78 -6.43919 -1999.99 0.0518686
0.265 6.67774 1999.99 -2884.84 -6.67774 -1999.99 0.0538386
0.27 6.91999 1999.99 -2989.49 -6.91999 -1999.99 0.0558425
0.275 7.166 1999.99 -3095.77 -7.166 -1999.99 0.0578872
0.28 7.41575 1999.99 -3203.66 -7.41575 -1999.99 0.0599755
0.285 7.66921 1999.99 -3313.16 -7.66921 -1999.99 0.062106
0.29 7.92634 1999.99 -3424.24 -7.92634 -1999.99 0.0642761
0.295 8.1871 1999.99 -3536.89 -8.1871 -1999.99 0.0664835
0.3 8.45145 1999.99 -3651.1 -8.45145 -1999.99 0.0687266
0.305 8.71935 1999.99 -3766.83 -8.71935 -1999.99 0.0710039
0.31 8.99075 1999.99 -3884.08 -8.99075 -1999.99 0.073313
0.315 9.26554 1999.99 -4002.79 -9.26554 -1999.99 0.0756487
0.32 9.54362 1999.99 -4122.92 -9.54362 -1999.99 0.0780033
0.325 9.82491 1999.99 -4244.44 -9.82491 -1999.99 0.0803714
0.33 10.1094 1999.99 -4367.33 -10.1094 -1999.99 0.0827534
0.335 10.397 1999.99 -4491.58 -10.397 -1999.99 0.0851545
0.34 10.6877 1999.99 -4617.18 -10.6877 -1999.99 0.0875797
0.345 10.9816 1999.99 -4744.12 -10.9816 -1999.99 0.0900307
0.35 11.2784 1999.99 -4872.37 -11.2784 -1999.99 0.092507
0.355 11.5782 1999.99 -5001.9 -11.5782 -1999.99 0.0950049
0.36 11.8809 1999.99 -5132.64 -11.8809 -1999.99 0.0975198
0.365 12.1863 1999.99 -5264.59 -12.1863 -1999.99 0.100049
0.37 12.4944 1999.99 -5397.7 -12.4944 -1999.99 0.102595
0.375 12.8052 1999.99 -5531.97 -12.8052 -1999.99 0.105161
0.38 13.1186 1999.99 -5667.36 -13.1186 -1999.99 0.107753
0.385 13.4346 1999.99 -5803.86 -13.4346 -1999.99 0.110373
0.39 13.7531 1999.99 -5941.44 -13.7531 -1999.99 0.113027
0.395 14.074 1999.99 -6080.08 -14.074 -1999.99 0.115721
0.4 14.3973 1999.99 -6219.77 -14.3973 -1999.99 0.11846
0.405 14.723 1999.98 -6360.47 -14.723 -1999.98 0.121252
0.41 15.051 1999.98 -6502.16 -15.051 -1999.98 0.124105
0.415 15.3812 1999.98 -6644.82 -15.3812 -1999.98 0.127028
0.42 15.7137 1999.98 -6788.44 -15.7137 -1999.98 0.130032
0.425 16.0482 1999.98 -6932.98 -16.0482 -1999.98 0.13313
0.43 16.3849 1999.98 -7078.42 -16.3849 -1999.98 0.136335
0.435 16.7236 1999.98 -7224.74 -16.7236 -1999.98 0.139663
0.44 17.0643 1999.98 -7371.92 -17.0643 -1999.98 0.143133
0.445 17.4069 1999.98 -7519.93 -17.4069 -1999.98 0.146764
0.45 17.7514 1999.98 -7668.75 -17.7514 -1999.98 0.150579
0.455 18.0977 1999.98 -7818.35 -18.0977 -1999.98 0.154602
0.46 18.4457 1999.98 -7968.72 -18.4457 -1999.98 0.158859
0.465 18.7955 1999.98 -8119.83 -18.7955 -1999.98 0.16338
0.47 19.1469 1999.98 -8271.65 -19.1469 -1999.98 0.168196
0.475 19.5 1999.98 -8424.16 -19.5 -1999.98 0.173338
0.48 19.8546 1999.98 -8577.35 -19.8546 -1999.98 0.178844
0.485 20.2108 1999.98 -8731.26 -20.2108 -1999.98 0.184766
0.49 20.5688 1999.98 -8885.92 -20.5688 -1999.98 0.191161
0.495 20.9286 1999.98 -9041.35 -20.9286 -1999.98 0.198081
0.5 21.2902 1999.98 -9197.55 -21.2902 -1999.98 0.205562
0.505 21.6535 1999.98 -9354.54 -21.6535 -1999.98 0.213628
0.51 22.0187 1999.98 -9512.31 -22.0187 -1999.98 0.222303
0.515 22.3857 1999.98 -9670.85 -22.3857 -1999.98 0.231589
0.52 22.7543 1999.98 -9830.12 -22.7543 -1999.98 0.241455
0.525 23.1245 1999.98 -9990.04 -23.1245 -1999.98 0.25185
0.53 23.4962 1999.98 -10150.6 -23.4962 -1999.98 0.262724
0.535 23.8667 1999.98 -10311 -23.8667 -1999.98 0.609419
0.54 24.2346 2000 -10470.5 -24.2346 -2000 1.16234
0.545 24.6062 2000 -10630.9 -24.6062 -2000 1.01254
0.55 24.9774 2000 -10791.3 -24.9774 -2000 1.05714
0.555 25.3435 2000.01 -10949.9 -25.3435 -2000.01 1.56031
0.56 25.7122 2000 -11109 -25.7122 -2000 1.34771
0.565 26.0806 2000 -11268 -26.0806 -2000 1.17603
0.57 26.4483 1999.99 -11426.7 -26.4483 -1999.99 1.03914
0.575 26.815 1999.99 -11585 -26.815 -1999.99 0.928455
0.58 27.1741 2000.01 -11741 -27.1741 -2000.01 1.75071
0.585 27.5229 2000.06 -11892.9 -27.5229 -2000.06 2.96736
0.59 27.8767 2000.04 -12045.2 -27.8767 -2000.04 2.50032
0.595 28.2294 2000.03 -12197.2 -28.2294 -2000.03 2.1243
0.6 28.5812 2000.02 -12348.9 -28.5812 -2000.02 1.82136
0.605 28.9193 2000.09 -12495.9 -28.9193 -2000.09 2.76145
0.61 29.2524 2000.14 -12640.3 -29.2524 -2000.14 3.31054
0.615 29.5886 2000.11 -12785 -29.5886 -2000.11 2.77425
0.62 29.9194 2000.1 -12928.1 -29.9194 -2000.1 2.93349
0.625 30.2334 2000.17 -13065.2 -30.2334 -2000.17 4.31998
0.63 30.5428 2000.2 -13198.9 -30.5428 -2000.2 4.43714
0.635 30.8548 2000.16 -13333 -30.8548 -2000.16 3.6889
0.64 31.1661 2000.12 -13466.9 -31.1661 -2000.12 3.08644
0.645 31.4768 2000.09 -13600.6 -31.4768 -2000.09 2.60121
0.65 31.7868 2000.07 -13734.1 -31.7868 -2000.07 2.20491
0.655 32.0962 2000.05 -13867.4 -32.0962 -2000.05 1.88103
0.66 32.405 2000.04 -14000.6 -32.405 -2000.04 1.61614
0.665 32.7132 2000.02 -14133.5 -32.7132 -2000.02 1.39929
0.67 32.9769 2000.34 -14251.4 -32.9769 -2000.34 5.35756
0.675 33.244 2000.46 -14368.4 -33.244 -2000.46 6.97515
0.68 33.52 2000.37 -14486.4 -33.52 -2000.37 5.73757
0.685 33.7951 2000.3 -14604.2 -33.7951 -2000.3 4.74159
0.69 34.0697 2000.24 -14722 -34.0697 -2000.24 3.93991
0.695 34.3442 2000.19 -14840 -34.3442 -2000.19 3.28561
0.7 34.6188 2000.15 -14958.1 -34.6188 -2000.15 2.75164
0.705 34.8938 2000.11 -15076.4 -34.8938 -2000.11 2.31586
0.71 35.1688 2000.09 -15194.9 -35.1688 -2000.09 1.96011
0.715 35.4433 2000.07 -15313.2 -35.4433 -2000.07 1.66941
0.72 35.7167 2000.05 -15431 -35.7167 -2000.05 1.43149
0.725 35.9883 2000.03 -15548.2 -35.9883 -2000.03 1.23628
0.73 36.2374 2000.2 -15657.3 -36.2374 -2000.2 2.74927
0.735 36.4759 2000.31 -15761.5 -36.4759 -2000.31 3.94526
0.74 36.7128 2000.27 -15863.7 -36.7128 -2000.27 3.80817
0.745 36.948 2000.22 -15964.7 -36.948 -2000.22 3.16324
0.75 37.1795 2000.17 -16064.2 -37.1795 -2000.17 2.63543
0.755 37.4075 2000.14 -16162.3 -37.4075 -2000.14 2.20325
0.76 37.6323 2000.11 -16259 -37.6323 -2000.11 1.84919
0.765 37.8542 2000.08 -16354.6 -37.8542 -2000.08 1.55902
0.77 38.0735 2000.07 -16449.1 -38.0735 -2000.07 1.32113
0.775 38.2907 2000.05 -16542.7 -38.2907 -2000.05 1.12605
0.78 38.5059 2000.04 -16635.5 -38.5059 -2000.04 0.966023
0.785 38.7192 2000.03 -16727.5 -38.7192 -2000.03 0.834657
0.79 38.9308 2000.02 -16818.8 -38.9308 -2000.02 0.726705
0.795 39.1404 2000.01 -16909.3 -39.1404 -2000.01 0.63786
0.8 39.3483 2000.01 -16999 -39.3483 -2000.01 0.564612
0.805 39.5545 2000 -17088.1 -39.5545 -2000 0.504133
0.81 39.7567 2000.02 -17175.6 -39.7567 -2000.02 0.656458
0.815 39.9446 2000.11 -17257.4 -39.9446 -2000.11 1.28708
0.82 40.134 2000.09 -17339 -40.134 -2000.09 1.08881
0.825 40.3224 2000.07 -17420.2 -40.3224 -2000.07 0.926737
0.83 40.5081 2000.07 -17500.6 -40.5081 -2000.07 1.11898
0.835 40.6931 2000.07 -17580.6 -40.6931 -2000.07 1.21778
0.84 40.8782 2000.06 -17660.5 -40.8782 -2000.06 1.14025
0.845 41.0611 2000.06 -17739.7 -41.0611 -2000.06 1.25467
0.85 41.2452 2000.04 -17819 -41.2452 -2000.04 1.06216
0.855 41.4261 2000.06 -17897.5 -41.4261 -2000.06 1.43479
0.86 41.6077 2000.06 -17976.1 -41.6077 -2000.06 1.52603
0.865 41.7907 2000.05 -18054.9 -41.7907 -2000.05 1.28472
0.87 41.9737 2000.04 -18133.7 -41.9737 -2000.04 1.08835
0.875 42.1566 2000.03 -18212.6 -42.1566 -2000.03 0.928555
0.88 42.3392 2000.02 -18291.4 -42.3392 -2000.02 0.798555
0.885 42.5214 2000.01 -18369.9 -42.5214 -2000.01 0.692803
0.89 42.7028 2000.01 -18448.2 -42.7028 -2000.01 0.606738
0.895 42.8772 2000.05 -18524.3 -42.8772 -2000.05 1.38589
0.9 43.0477 2000.08 -18598.5 -43.0477 -2000.08 1.92704
0.905 43.2177 2000.06 -18671.7 -43.2177 -2000.06 1.61506
0.91 43.3837 2000.05 -18743.1 -43.3837 -2000.05 1.35997
0.915 43.545 2000.04 -18812.6 -43.545 -2000.04 1.15093
0.92 43.701 2000.03 -18879.8 -43.701 -2000.03 0.979127
0.925 43.8512 2000.02 -18944.5 -43.8512 -2000.02 0.837447
0.93 43.995 2000.02 -19006.6 -43.995 -2000.02 0.751606
0.935 44.1267 2000.07 -19063.6 -44.1267 -2000.07 0.895237
0.94 44.254 2000.06 -19118.5 -44.254 -2000.06 0.761562
0.945 44.3769 2000.04 -19171.5 -44.3769 -2000.04 0.65123
0.95 44.4959 2000.03 -19222.8 -44.4959 -2000.03 0.560244
0.955 44.6114 2000.03 -19272.7 -44.6114 -2000.03 0.551947
0.96 44.7197 2000.05 -19319.9 -44.7197 -2000.05 0.985408
0.965 44.8276 2000.04 -19366.4 -44.8276 -2000.04 0.836342
0.97 44.9338 2000.03 -19412.1 -44.9338 -2000.03 0.715076
0.975 45.0387 2000.03 -19457.4 -45.0387 -2000.03 0.616688
0.98 45.1429 2000.02 -19502.2 -45.1429 -2000.02 0.537193
0.985 45.2464 2000.02 -19546.9 -45.2464 -2000.02 0.473305
0.99 45.3473 2000.03 -19590.8 -45.3473 -2000.03 0.800811
0.995 45.4485 2000.04 -19634.7 -45.4485 -2000.04 0.913916
1 45.5504 2000.03 -19678.5 -45.5504 -2000.03 0.788272
1.005 45.6519 2000.03 -19722.3 -45.6519 -2000.03 0.687354
1.01 45.7529 2000.02 -19765.8 -45.7529 -2000.02 0.60627
1.015 45.8528 2000.02 -19809 -45.8528 -2000.02 0.540907
1.02 45.9511 2000.01 -19851.4 -45.9511 -2000.01 0.487702
1.025 46.0472 2000.01 -19892.8 -46.0472 -2000.01 0.443651
1.03 46.1405 2000.01 -19933.1 -46.1405 -2000.01 0.406351
1.035 46.2305 2000.01 -19972 -46.2305 -2000.01 0.401231
1.04 46.3124 2000.04 -20007.9 -46.3124 -2000.04 0.879908
1.045 46.3932 2000.03 -20042.6 -46.3932 -2000.03 0.767746
1.05 46.4714 2000.03 -20076.3 -46.4714 -2000.03 0.673992
1.055 46.5475 2000.02 -20109.1 -46.5475 -2000.02 0.595364
1.06 46.6217 2000.02 -20141.1 -46.6217 -2000.02 0.529262
1.065 46.6943 2000.01 -20172.4 -46.6943 -2000.01 0.473551
1.07 46.7655 2000.01 -20203.1 -46.7655 -2000.01 0.426545
1.075 46.8357 2000.01 -20233.4 -46.8357 -2000.01 0.386868
1.08 46.9048 2000.01 -20263.2 -46.9048 -2000.01 0.353278
1.085 46.973 2000.01 -20292.7 -46.973 -2000.01 0.324569
1.09 47.0398 2000.01 -20321.5 -47.0398 -2000.01 0.299598
1.095 47.105 2000.01 -20349.7 -47.105 -2000.01 0.27732
1.1 47.168 2000 -20376.8 -47.168 -2000 0.256789
1.105 47.2281 2000 -20402.8 -47.2281 -2000 0.237176
1.11 47.2845 2000 -20427.1 -47.2845 -2000 0.217867
1.115 47.3368 2000 -20449.7 -47.3368 -2000 0.198554
1.12 47.3843 2000 -20470.2 -47.3843 -2000 0.179212
1.125 47.4269 2000 -20488.6 -47.4269 -2000 0.159991
1.13 47.4643 2000 -20504.7 -47.4643 -2000 0.141156
1.135 47.4965 2000 -20518.6 -47.4965 -2000 0.123075
1.14 47.5239 2000 -20530.4 -47.5239 -2000 0.106134
1.145 47.5471 2000 -20540.3 -47.5471 -2000 -0.0313229
1.15 47.5661 2000.01 -20548.4 -47.5661 -2000.01 -0.106815
1.155 47.581 2000 -20554.9 -47.581 -2000 -0.0850473
1.16 47.5925 2000 -20559.9 -47.5925 -2000 -0.0680981
1.165 47.6008 2000 -20563.5 -47.6008 -2000 -0.054853
1.17 47.606 2000 -20565.7 -47.606 -2000 -0.0444204
1.175 47.6084 2000 -20566.8 -47.6084 -2000 -0.0361256
1.18 47.6084 2000 -20566.8 -47.6084 -2000 -0.0293806
1.185 47.6054 2000 -20565.6 -47.6054 -2000 0.0345147
1.19 47.6005 2000 -20563.5 -47.6005 -2000 0.0509729
1.195 47.5941 2000 -20560.7 -47.5941 -2000 0.0415756
1.2 47.5869 2000 -20557.6 -47.5869 -2000 0.0339028
1.205 47.5791 2000 -20554.2 -47.5791 -2000 0.0276476
1.21 47.5712 2000 -20550.8 -47.5712 -2000 0.0225461
1.215 47.5633 2000 -20547.4 -47.5633 -2000 0.0183848
1.22 47.5552 2000 -20543.9 -47.5552 -2000 0.0149916
1.225 47.5464 2000 -20540 -47.5464 -2000 0.0122246
1.23 47.5362 2000 -20535.6 -47.5362 -2000 0.00996839
1.235 47.5238 2000 -20530.3 -47.5238 -2000 0.000929284
1.24 47.5084 2000 -20523.6 -47.5084 -2000 -0.0496457
1.245 47.4891 2000 -20515.2 -47.4891 -2000 -0.0404828
1.25 47.4655 2000 -20505.1 -47.4655 -2000 -0.0330112
1.255 47.4373 2000 -20492.9 -47.4373 -2000 -0.0269186
1.26 47.4043 2000 -20478.7 -47.4043 -2000 -0.0219506
1.265 47.3667 2000 -20462.4 -47.3667 -2000 -0.0178995
1.27 47.3242 2000 -20444 -47.3242 -2000 -0.0145963
1.275 47.2769 2000 -20423.6 -47.2769 -2000 -0.0119028
1.28 47.2245 2000 -20401 -47.2245 -2000 -0.00970661
1.285 47.167 2000 -20376.1 -47.167 -2000 -0.00791587
1.29 47.1042 2000 -20349 -47.1042 -2000 -0.0064558
1.295 47.0362 2000 -20319.6 -47.0362 -2000 -0.00526538
1.3 46.963 2000 -20288 -46.963 -2000 -0.00429485
1.305 46.8849 2000 -20254.3 -46.8849 -2000 -0.00347784
1.31 46.802 2000 -20218.5 -46.802 -2000 -0.00277437
1.315 46.7147 2000 -20180.7 -46.7147 -2000 -0.00210889
1.32 46.6232 2000 -20141.2 -46.6232 -2000 -0.00565669
1.325 46.5278 2000 -20100 -46.5278 -2000 -0.00810999
1.33 46.4288 2000 -20057.2 -46.4288 -2000 -0.00662515
1.335 46.3264 2000 -20013 -46.3264 -2000 -0.00541525
1.34 46.221 2000 -19967.4 -46.221 -2000 -0.00442952
1.345 46.1127 2000 -19920.7 -46.1127 -2000 -0.00362655
1.35 46.0019 2000 -19872.8 -46.0019 -2000 -0.00344795
1.355 45.889 2000 -19824.1 -45.889 -2000 -0.00513189
1.36 45.7747 2000 -19774.7 -45.7747 -2000 -0.00660732
1.365 45.656 2000.03 -19724 -45.656 -2000.03 0.57663
1.37 45.5357 2000.05 -19672.5 -45.5357 -2000.05 1.03562
1.375 45.418 2000.04 -19621.4 -45.418 -2000.04 0.844463
1.38 45.3017 2000.04 -19571 -45.3017 -2000.04 0.688584
1.385 45.1874 2000.03 -19521.5 -45.1874 -2000.03 0.561477
1.39 45.0758 2000.02 -19473.2 -45.0758 -2000.02 0.457829
1.395 44.9671 2000.02 -19426.2 -44.9671 -2000.02 0.373313
1.4 44.8614 2000.02 -19380.4 -44.8614 -2000.02 0.304396
1.405 44.7583 2000.01 -19335.8 -44.7583 -2000.01 0.248199
1.41 44.6574 2000.01 -19292.2 -44.6574 -2000.01 0.202375
1.415 44.5577 2000.01 -19249.1 -44.5577 -2000.01 0.16439
1.42 44.4571 2000.02 -19205.8 -44.4571 -2000.02 0.334731
1.425 44.3551 2000.02 -19161.9 -44.3551 -2000.02 0.464648
1.43 44.2516 2000.02 -19117.1 -44.2516 -2000.02 0.378985
1.435 44.1453 2000.02 -19071.1 -44.1453 -2000.02 0.309017
1.44 44.0357 2000.01 -19023.7 -44.0357 -2000.01 0.251961
1.445 43.9223 2000.01 -18974.7 -43.9223 -2000.01 0.205434
1.45 43.8048 2000.01 -18923.9 -43.8048 -2000.01 0.167492
1.455 43.6813 2000.02 -18870.7 -43.6813 -2000.02 0.398943
1.46 43.5495 2000.04 -18814.3 -43.5495 -2000.04 0.853751
1.465 43.4139 2000.04 -18755.6 -43.4139 -2000.04 0.751375
1.47 43.2665 2000.08 -18692.1 -43.2665 -2000.08 0.931217
1.475 43.1145 2000.07 -18626.2 -43.1145 -2000.07 0.759722
1.48 42.9572 2000.05 -18558.1 -42.9572 -2000.05 0.618773
1.485 42.7948 2000.04 -18487.9 -42.7948 -2000.04 0.501134
1.49 42.6274 2000.03 -18415.4 -42.6274 -2000.03 0.406301
1.495 42.4545 2000.03 -18340.7 -42.4545 -2000.03 0.331269
1.5 42.276 2000.02 -18263.5 -42.276 -2000.02 0.270082
1.505 42.0917 2000.02 -18183.8 -42.0917 -2000.02 0.220184
1.51 41.9017 2000.02 -18101.7 -41.9017 -2000.02 0.179491
1.515 41.7065 2000.01 -18017.3 -41.7065 -2000.01 0.146304
1.52 41.505 2000.02 -17930.6 -41.505 -2000.02 0.387599
1.525 41.2931 2000.06 -17839.8 -41.2931 -2000.06 1.15886
1.53 41.0811 2000.05 -17748 -41.0811 -2000.05 0.944943
1.535 40.867 2000.04 -17655.3 -40.867 -2000.04 0.770503
1.54 40.6517 2000.03 -17562.2 -40.6517 -2000.03 0.628257
1.545 40.4357 2000.03 -17468.7 -40.4357 -2000.03 0.512263
1.55 40.2195 2000.02 -17375.2 -40.2195 -2000.02 0.417675
1.555 40.0033 2000.02 -17281.8 -40.0033 -2000.02 0.339149
1.56 39.7868 2000.01 -17188.2 -39.7868 -2000.01 0.275712
1.565 39.5655 2000.04 -17093.1 -39.5655 -2000.04 0.828333
1.57 39.3431 2000.05 -16997.3 -39.3431 -2000.05 1.03745
1.575 39.1174 2000.05 -16899.9 -39.1174 -2000.05 1.16383
1.58 38.8874 2000.06 -16800.7 -38.8874 -2000.06 1.28616
1.585 38.6543 2000.05 -16699.8 -38.6543 -2000.05 1.1722
1.59 38.4143 2000.07 -16596.3 -38.4143 -2000.07 1.37615
1.595 38.1534 2000.16 -16484.4 -38.1534 -2000.16 2.10752
1.6 37.8922 2000.13 -16371.2 -37.8922 -2000.13 1.71847
1.605 37.6279 2000.11 -16256.7 -37.6279 -2000.11 1.40123
1.61 37.3612 2000.09 -16141.2 -37.3612 -2000.09 1.14253
1.615 37.0928 2000.07 -16025 -37.0928 -2000.07 0.931578
1.62 36.8233 2000.06 -15908.4 -36.8233 -2000.06 0.759552
1.625 36.5534 2000.05 -15791.7 -36.5534 -2000.05 0.61927
1.63 36.2833 2000.04 -15674.9 -36.2833 -2000.04 0.504873
1.635 36.0131 2000.03 -15558.1 -36.0131 -2000.03 0.411585
1.64 35.7429 2000.03 -15441.3 -35.7429 -2000.03 0.335508
1.645 35.4722 2000.02 -15324.3 -35.4722 -2000.02 0.273466
1.65 35.2006 2000.02 -15206.9 -35.2006 -2000.02 0.222867
1.655 34.9273 2000.01 -15088.8 -34.9273 -2000.01 0.180164
1.66 34.6511 2000.01 -14969.4 -34.6511 -2000.01 0.145914
1.665 34.3711 2000.01 -14848.4 -34.3711 -2000.01 0.115503
1.67 34.084 2000.02 -14724.6 -34.084 -2000.02 0.302033
1.675 33.7628 2000.17 -14587.6 -33.7628 -2000.17 2.04881
1.68 33.4355 2000.17 -14446.5 -33.4355 -2000.17 2.36751
1.685 33.1046 2000.13 -14303.1 -33.1046 -2000.13 1.93047
1.69 32.7678 2000.11 -14157.3 -32.7678 -2000.11 1.57388
1.695 32.4256 2000.09 -14009.2 -32.4256 -2000.09 1.28309
1.7 32.0785 2000.07 -13858.9 -32.0785 -2000.07 1.04593
1.705 31.7265 2000.06 -13706.7 -31.7265 -2000.06 0.852537
1.71 31.3696 2000.05 -13552.4 -31.3696 -2000.05 0.695436
1.715 31.0072 2000.04 -13395.7 -31.0072 -2000.04 0.567181
1.72 30.639 2000.03 -13236.5 -30.639 -2000.03 0.456624
1.725 30.2647 2000.02 -13074.7 -30.2647 -2000.02 0.365693
1.73 29.8523 2000.25 -12899.5 -29.8523 -2000.25 3.27585
1.735 29.4229 2000.41 -12716.1 -29.4229 -2000.41 5.39527
1.74 28.9872 2000.38 -12528.2 -28.9872 -2000.38 5.71011
1.745 28.555 2000.31 -12340.4 -28.555 -2000.31 4.65564
1.75 28.1241 2000.25 -12153.4 -28.1241 -2000.25 3.79559
1.755 27.6974 2000.21 -11968.4 -27.6974 -2000.21 3.09425
1.76 27.2772 2000.17 -11786.3 -27.2772 -2000.17 2.52232
1.765 26.8513 2000.23 -11603.1 -26.8513 -2000.23 3.3617
1.77 26.4293 2000.26 -11421.3 -26.4293 -2000.26 3.86684
1.775 26.0216 2000.22 -11244.5 -26.0216 -2000.22 3.15219
1.78 25.6175 2000.21 -11070.2 -25.6175 -2000.21 3.45782
1.785 25.1999 2000.3 -10892 -25.1999 -2000.3 5.62589
1.79 24.7917 2000.32 -10715.8 -24.7917 -2000.32 5.75881
1.795 24.3965 2000.26 -10544 -24.3965 -2000.26 4.69509
1.8 24.0088 2000.21 -10375.6 -24.0088 -2000.21 3.82778
1.805 23.6276 2000.17 -10210.3 -23.6276 -2000.17 3.12046
1.81 23.252 2000.14 -10047.4 -23.252 -2000.14 2.54367
1.815 22.8809 2000.12 -9886.61 -22.8809 -2000.12 2.07333
1.82 22.5137 2000.09 -9727.62 -22.5137 -2000.09 1.68978
1.825 22.1416 2000.11 -9567.75 -22.1416 -2000.11 2.57507
1.83 21.7663 2000.14 -9406.58 -21.7663 -2000.14 3.55681
1.835 21.3997 2000.11 -9247.56 -21.3997 -2000.11 2.89969
1.84 21.035 2000.09 -9089.49 -21.035 -2000.09 2.36385
1.845 20.6716 2000.08 -8932.06 -20.6716 -2000.08 1.92688
1.85 20.3092 2000.06 -8775.13 -20.3092 -2000.06 1.57055
1.855 19.9475 2000.05 -8618.61 -19.9475 -2000.05 1.27997
1.86 19.5839 2000.05 -8461.62 -19.5839 -2000.05 1.3834
1.865 19.2161 2000.06 -8303.08 -19.2161 -2000.06 1.72789
1.87 18.8499 2000.05 -8144.56 -18.8499 -2000.05 1.40655
1.875 18.4823 2000.04 -7985.5 -18.4823 -2000.04 1.14332
1.88 18.1099 2000.04 -7824.85 -18.1099 -2000.04 1.38644
1.885 17.7327 2000.05 -7662.26 -17.7327 -2000.05 1.72958
1.89 17.356 2000.04 -7499.19 -17.356 -2000.04 1.4097
1.895 16.9767 2000.03 -7335.07 -16.9767 -2000.03 1.1494
1.9 16.5942 2000.03 -7169.65 -16.5942 -2000.03 0.936947
1.905 16.2079 2000.02 -7002.59 -16.2079 -2000.02 0.763262
1.91 15.8174 2000.02 -6833.72 -15.8174 -2000.02 0.621597
1.915 15.4232 2000.01 -6663.32 -15.4232 -2000.01 0.499635
1.92 15.0268 2000.01 -6492 -15.0268 -2000.01 0.401759
1.925 14.6301 2000.01 -6320.53 -14.6301 -2000.01 0.326694
1.93 14.2348 2000.01 -6149.68 -14.2348 -2000.01 0.265463
1.935 13.8425 2000 -5980.17 -13.8425 -2000 0.211916
1.94 13.4547 2000 -5812.61 -13.4547 -2000 0.171324
1.945 13.0726 2000 -5647.51 -13.0726 -2000 0.139861
1.95 12.6968 2000 -5485.14 -12.6968 -2000 0.113094
1.955 12.3273 2000 -5325.49 -12.3273 -2000 0.0912761
1.96 11.9636 2000 -5168.36 -11.9636 -2000 0.0699607
1.965 11.605 2000 -5013.41 -11.605 -2000 0.0518935
1.97 11.2503 2000 -4860.19 -11.2503 -2000 0.0413619
1.975 10.8988 2000 -4708.33 -10.8988 -2000 0.0327714
1.98 10.55 2000 -4557.62 -10.55 -2000 0.0294808
1.985 10.2037 2000 -4408.01 -10.2037 -2000 0.0264386
1.99 9.86003 2000 -4259.55 -9.86003 -2000 0.0116365
1.995 9.51893 2000 -4112.19 -9.51893 -2000 0.0104683
2 9.18042 2000 -3965.95 -9.18042 -2000 0.00919649
2.005 8.84452 2000 -3820.84 -8.84452 -2000 0.0064789
2.01 8.51105 2000 -3676.78 -8.51105 -2000 0.00637016
2.015 8.17945 2000 -3533.53 -8.17945 -2000 0.0067881
2.02 7.84883 2000 -3390.7 -7.84883 -2000 0.00449231
2.025 7.51829 2000 -3247.9 -7.51829 -2000 -0.00463471
2.03 7.1872 2000 -3104.86 -7.1872 -2000 -0.0108377
2.035 6.85563 1999.99 -2961.63 -6.85563 -1999.99 0.00127613
2.04 6.52467 1999.99 -2818.64 -6.52467 -1999.99 -0.0126106
2.045 6.19538 1999.99 -2676.38 -6.19538 -1999.99 -0.0273205
2.05 5.8689 1999.99 -2535.34 -5.8689 -1999.99 -0.0235399
2.055 5.54657 1999.99 -2396.1 -5.54657 -1999.99 -0.0199097
2.06 5.22939 1999.99 -2259.08 -5.22939 -1999.99 -0.0160685
2.065 4.91776 1999.99 -2124.45 -4.91776 -1999.99 -0.029178
2.07 4.61098 1999.99 -1991.91 -4.61098 -1999.99 -0.0291295
2.075 4.30805 1999.98 -1861.05 -4.30805 -1999.98 -0.0286372
2.08 4.00838 1999.98 -1731.57 -4.00838 -1999.98 -0.0488616
2.085 3.711 1999.98 -1603.13 -3.711 -1999.98 -0.024713
2.09 3.41613 1999.98 -1475.76 -3.41613 -1999.98 -0.00585301
2.095 3.12408 1999.99 -1349.61 -3.12408 -1999.99 0.00481208
2.1 2.83541 1999.98 -1224.93 -2.83541 -1999.98 0.0313096
2.105 2.55127 1999.98 -1102.17 -2.55127 -1999.98 0.0233423
2.11 2.27368 1999.98 -982.208 -2.27368 -1999.98 -0.0196524
2.115 2.00387 1999.98 -865.663 -2.00387 -1999.98 -0.0105319
2.12 1.74409 1999.98 -753.466 -1.74409 -1999.98 0.0169812
2.125 1.49613 1999.98 -646.361 -1.49613 -1999.98 0.0306978
2.13 1.26153 1999.98 -545.006 -1.26153 -1999.98 0.027088
2.135 1.04139 1999.97 -449.91 -1.04139 -1999.97 0.0282591
2.14 0.835982 1999.97 -361.217 -0.835982 -1999.97 0.0727299
2.145 0.644875 1999.97 -278.661 -0.644875 -1999.97 0.0752824
2.15 0.46692 1999.97 -201.762 -0.46692 -1999.97 0.0525091
2.155 0.300436 1999.98 -129.83 -0.300436 -1999.98 0.0420207
2.16 0.143627 1999.98 -62.0803 -0.143627 -1999.98 0.0335583
2.165 -0.00548341 1999.98 2.34211 0.00548341 -1999.98 0.026727
2.17 -0.148977 1999.99 64.3354 0.148977 -1999.99 0.0227478
2.175 -0.289126 1999.99 124.87 0.289126 -1999.99 0.0325838
2.18 -0.428251 1999.99 184.949 0.428251 -1999.99 0.0556901
2.185 -0.568825 1999.99 245.669 0.568825 -1999.99 0.0630187
2.19 -0.713203 1999.99 308.053 0.713203 -1999.99 0.0508545
2.195 -0.863397 1999.99 372.947 0.863397 -1999.99 0.0409205
2.2 -1.02045 1999.99 440.792 1.02045 -1999.99 0.0430441
2.205 -1.185 1999.99 511.881 1.185 -1999.99 0.0379798
2.21 -1.35699 1999.98 586.141 1.35699 -1999.98 0.0782213
2.215 -1.53564 1999.98 663.212 1.53564 -1999.98 0.183685
2.22 -1.71869 1999.98 742.278 1.71869 -1999.98 0.196921
2.225 -1.90373 1999.98 822.152 1.90373 -1999.98 0.259809
2.23 -2.08714 1999.97 901.149 2.08714 -1999.97 0.493269
2.235 -2.26483 1999.97 977.766 2.26483 -1999.97 0.63997
2.24 -2.43237 1999.96 1050.23 2.43237 -1999.96 0.558182
2.245 -2.58813 1999.96 1117.57 2.58813 -1999.96 0.501381
2.25 -2.73069 1999.96 1179.19 2.73069 -1999.96 0.472102
2.255 -2.85906 1999.96 1234.61 2.85906 -1999.96 0.502776
2.26 -2.97313 1999.96 1283.93 2.97313 -1999.96 0.465356
2.265 -3.07417 1999.97 1327.66 3.07417 -1999.97 0.380042
2.27 -3.16405 1999.98 1366.56 3.16405 -1999.98 0.310374
2.275 -3.24452 1999.98 1401.38 3.24452 -1999.98 0.253488
2.28 -3.31621 1999.98 1432.46 3.31621 -1999.98 0.144668
2.285 -3.37999 1999.98 1460.09 3.37999 -1999.98 0.0705347
2.29 -3.43528 1999.98 1483.99 3.43528 -1999.98 0.0489871
2.295 -3.48071 1999.99 1503.63 3.48071 -1999.99 0.0399861
2.3 -3.51497 1999.99 1518.43 3.51497 -1999.99 0.0326308
2.305 -3.53702 1999.99 1527.97 3.53702 -1999.99 0.0266204
2.31 -3.54615 1999.99 1531.91 3.54615 -1999.99 0.0217109
2.315 -3.54184 1999.99 1530.04 3.54184 -1999.99 0.0407046
2.32 -3.5237 1999.99 1522.17 3.5237 -1999.99 0.0642438
2.325 -3.49215 1999.99 1508.56 3.49215 -1999.99 0.0523866
2.33 -3.44825 1999.99 1489.6 3.44825 -1999.99 0.0427178
2.335 -3.39301 1999.99 1465.74 3.39301 -1999.99 0.0348335
2.34 -3.32745 1999.99 1437.43 3.32745 -1999.99 0.0284044
2.345 -3.25261 1999.99 1405.11 3.25261 -1999.99 0.0231619
2.35 -3.16965 2000 1369.27 3.16965 -2000 0.018887
2.355 -3.08001 2000 1330.55 3.08001 -2000 0.0154011
2.36 -2.98559 2000 1289.76 2.98559 -2000 0.0125586
2.365 -2.889 2000 1248.04 2.889 -2000 0.0102407
2.37 -2.79358 2000 1206.82 2.79358 -2000 0.00835058
2.375 -2.70313 2000 1167.74 2.70313 -2000 0.00680934
2.38 -2.62129 2000 1132.39 2.62129 -2000 0.00555257
2.385 -2.55113 2000 1102.08 2.55113 -2000 0.00452775
2.39 -2.49495 2000 1077.82 2.49495 -2000 0.00369208
2.395 -2.45455 2000 1060.36 2.45455 -2000 0.00301064
2.4 -2.43118 2000 1050.27 2.43118 -2000 0.00245498
2.405 -2.42539 2000 1047.77 2.42539 -2000 0.00200187
2.41 -2.43694 2000 1052.75 2.43694 -2000 0.00163239
2.415 -2.46506 2000 1064.9 2.46506 -2000 0.00133111
2.42 -2.50874 2000 1083.77 2.50874 -2000 0.00108543
2.425 -2.56691 2000 1108.9 2.56691 -2000 0.000885096
2.43 -2.63857 2000 1139.86 2.63857 -2000 0.000721737
2.435 -2.72317 2000 1176.41 2.72317 -2000 0.000588528
2.44 -2.82071 2000 1218.55 2.82071 -2000 0.000479905
2.445 -2.93147 2000 1266.39 2.93147 -2000 0.000391329
2.45 -3.05566 2000 1320.04 3.05566 -2000 0.000319098
2.455 -3.19355 2000 1379.61 3.19355 -2000 0.000260194
2.46 -3.34568 2000 1445.33 3.34568 -2000 0.00021215
2.465 -3.51292 2000 1517.58 3.51292 -2000 0.000172954
2.47 -3.69206 1999.84 1594.22 3.69206 -1999.84 0.752986
2.475 -3.88421 1999.77 1676.88 3.88421 -1999.77 1.09677
2.48 -4.08882 1999.8 1765.69 4.08882 -1999.8 0.683188
2.485 -4.30939 1999.83 1861.28 4.30939 -1999.83 0.379193
2.49 -4.54469 1999.84 1963.23 4.54469 -1999.84 0.0808209
2.495 -4.7926 1999.85 2070.83 4.7926 -1999.85 -0.426675
2.5 -5.05783 1999.86 2185.5 5.05783 -1999.86 -0.514672
2.505 -5.34046 1999.89 2307.51 5.34046 -1999.89 -0.429026
2.51 -5.63975 1999.9 2436.95 5.63975 -1999.9 -0.580154
2.515 -5.9591 1999.91 2575 5.9591 -1999.91 -0.673339
2.52 -6.29957 1999.92 2722.2 6.29957 -1999.92 -0.784535
2.525 -6.66377 1999.93 2879.51 6.66377 -1999.93 -0.763589
2.53 -7.05286 1999.94 3047.49 7.05286 -1999.94 -0.651393
2.535 -7.4674 1999.94 3226.48 7.4674 -1999.94 -0.564349
2.54 -7.90853 1999.95 3416.98 7.90853 -1999.95 -0.49825
2.545 -8.37777 1999.95 3619.64 8.37777 -1999.95 -0.449603
2.55 -8.87704 1999.96 3835.3 8.87704 -1999.96 -0.415939
2.555 -9.40854 1999.96 4064.88 9.40854 -1999.96 -0.395402
2.56 -9.9745 1999.96 4309.37 9.9745 -1999.96 -0.386624
2.565 -10.5773 1999.95 4569.8 10.5773 -1999.95 -0.38865
2.57 -11.2195 1999.95 4847.21 11.2195 -1999.95 -0.400893
2.575 -11.903 1999.95 5142.5 11.903 -1999.95 -0.423023
2.58 -12.6292 1999.94 5456.28 12.6292 -1999.94 -0.454827
2.585 -13.3988 1999.94 5788.76 13.3988 -1999.94 -0.496133
2.59 -14.2115 1999.93 6139.93 14.2115 -1999.93 -0.546887
2.595 -15.0667 1999.93 6509.42 15.0667 -1999.93 -0.607239
2.6 -15.9624 1999.92 6896.45 15.9624 -1999.92 -0.677614
2.605 -16.8964 1999.91 7300.01 16.8964 -1999.91 -0.758964
2.61 -17.8663 1999.9 7719.08 17.8663 -1999.9 -0.853105
2.615 -18.8531 1999.96 8147.78 18.8531 -1999.96 -3.21693
2.62 -19.8683 2000 8588.1 19.8683 -2000 -5.00578
2.625 -20.9048 2000.01 9036.88 20.9048 -2000.01 -5.99823
2.63 -21.9726 1999.98 9497.48 21.9726 -1999.98 -5.31141
2.635 -23.0552 1999.97 9965.61 23.0552 -1999.97 -5.76563
2.64 -24.1178 2000.08 10428.2 24.1178 -2000.08 -9.35077
2.645 -25.1538 2000.41 10880.1 25.1538 -2000.41 -13.6456
2.65 -26.1889 2000.66 11330.4 26.1889 -2000.66 -16.7658
2.655 -27.1817 2000.89 11764.8 27.1817 -2000.89 -22.2768
2.66 -28.1944 2000.82 12202.4 28.1944 -2000.82 -22.4517
2.665 -29.1996 2000.85 12635.7 29.1996 -2000.85 -21.4822
2.67 -30.131 2001.14 13040.4 30.131 -2001.14 -23.8041
2.675 -31.0505 2001.09 13439.4 31.0505 -2001.09 -25.5895
2.68 -31.9828 2000.94 13841.2 31.9828 -2000.94 -24.6602
2.685 -32.9105 2000.86 14240 32.9105 -2000.86 -22.6878
2.69 -33.7691 2001.09 14612.3 33.7691 -2001.09 -23.9946
2.695 -34.6362 2000.88 14984.8 34.6362 -2000.88 -21.9788
2.7 -35.4922 2000.74 15353.7 35.4922 -2000.74 -21.0708
2.705 -36.3558 2000.54 15723.9 36.3558 -2000.54 -18.2542
2.71 -37.2184 2000.39 16094.3 37.2184 -2000.39 -15.8992
2.715 -38.0084 2001.03 16439.2 38.0084 -2001.03 -19.5517
2.72 -38.8039 2001.19 16783.1 38.8039 -2001.19 -19.8001
2.725 -39.5956 2000.99 17123.9 39.5956 -2000.99 -18.5724
2.73 -40.3713 2000.89 17459.2 40.3713 -2000.89 -18.7953
2.735 -41.128 2000.82 17786.5 41.128 -2000.82 -19.1945
2.74 -41.8906 2000.63 18113.4 41.8906 -2000.63 -16.6348
2.745 -42.6213 2000.76 18430.5 42.6213 -2000.76 -18.1256
2.75 -43.3121 2001.14 18728.5 43.3121 -2001.14 -17.7261
2.755 -44.0124 2000.98 19026.2 44.0124 -2000.98 -12.8186
2.76 -44.6793 2000.98 19317.1 44.6793 -2000.98 -15.662
2.765 -45.3284 2001.07 19601.7 45.3284 -2001.07 -19.8369
2.77 -45.998 2001.06 19887.1 45.998 -2001.06 -15.9265
2.775 -46.6273 2001.18 20159.9 46.6273 -2001.18 -16.8764
2.78 -47.274 2000.93 20437.8 47.274 -2000.93 -15.468
2.785 -47.8737 2001.36 20705.1 47.8737 -2001.36 -23.6193
2.79 -48.4788 2001.6 20970.8 48.4788 -2001.6 -27.9473
2.795 -49.0339 2002.22 21218.5 49.0339 -2002.22 -35.8287
2.8 -49.5977 2002.4 21463.1 49.5977 -2002.4 -36.8874
2.805 -50.1328 2002.39 21698.9 50.1328 -2002.39 -41.5166
2.81 -50.6793 2002.25 21936.8 50.6793 -2002.25 -43.2939
2.815 -51.2222 2002.19 22167.8 51.2222 -2002.19 -39.8726
2.82 -51.7493 2002.3 22387.4 51.7493 -2002.3 -31.7071
2.825 -52.2386 2001.91 22600.5 52.2386 -2001.91 -33.422
2.83 -52.7172 2001.57 22809.8 52.7172 -2001.57 -35.9587
2.835 -53.1754 2001.33 23012.1 53.1754 -2001.33 -40.3565
2.84 -53.6176 2001.39 23204.8 53.6176 -2001.39 -42.0367
2.845 -53.9766 2001.45 23371.2 53.9766 -2001.45 -53.2694
2.85 -54.2463 2001.11 23505.1 54.2463 -2001.11 -70.6562
2.855 -54.485 2000.7 23614.9 54.485 -2000.7 -77.3642
2.86 -54.6709 2000.65 23702.7 54.6709 -2000.65 -84.8262
2.865 -54.7952 2000.38 23765.1 54.7952 -2000.38 -93.5259
2.87 -54.7657 1999.59 23776.2 54.7657 -1999.59 -117.437
2.875 -54.7058 1999.12 23759.1 54.7058 -1999.12 -126.175
2.88 -54.579 1998.92 23703.2 54.579 -1998.92 -125.017
2.885 -54.3216 1998.5 23594 54.3216 -1998.5 -127.103
2.89 -54.0519 1998.41 23465.8 54.0519 -1998.41 -115.377
2.895 -53.7331 1998.21 23318 53.7331 -1998.21 -105.322
2.9 -53.3492 1997.99 23145.3 53.3492 -1997.99 -98.4164
2.905 -52.9196 1997.6 22952 52.9196 -1997.6 -90.7474
2.91 -52.499 1997.84 22754.4 52.499 -1997.84 -74.8193
2.915 -52.0626 1998.55 22552.5 52.0626 -1998.55 -61.4807
2.92 -51.5867 1998.64 22340.8 51.5867 -1998.64 -55.3213
2.925 -51.0895 1998.39 22120.7 51.0895 -1998.39 -50.0662
2.93 -50.5517 1997.8 21887.7 50.5517 -1997.8 -49.3817
2.935 -50.0368 1997.7 21652.5 50.0368 -1997.7 -36.5874
2.94 -49.5471 1998.3 21423.4 49.5471 -1998.3 -19.0669
2.945 -49.0323 1998.49 21195.2 49.0323 -1998.49 -13.2956
2.95 -49.0104 2001.39 21108.7 49.0104 -2001.39 63.7646
2.955 -48.9238 2002.66 21039.8 48.9238 -2002.66 95.3225
2.96 -48.8938 2003.18 21016.7 48.8938 -2003.18 105.388
2.965 -48.8484 2003.18 21000.3 48.8484 -2003.18 102.228
2.97 -48.7576 2002.51 20980.5 48.7576 -2002.51 82.8011
2.975 -48.6766 2001.97 20961.2 48.6766 -2001.97 67.1123
2.98 -48.6027 2001.53 20942 48.6027 -2001.53 54.3105
2.985 -48.5341 2001.17 20922.9 48.5341 -2001.17 43.8551
2.99 -48.5288 2001.31 20920 48.5288 -2001.31 44.3985
2.995 -48.5144 2001.23 20917.3 48.5144 -2001.23 40.9065
3 -48.4871 2000.95 20913.3 48.4871 -2000.95 33.1089
3.005 -48.4629 2000.72 20909.3 48.4629 -2000.72 26.7358
3.01 -48.441 2000.52 20905 48.441 -2000.52 21.5184
3.015 -48.4205 2000.36 20900.4 48.4205 -2000.36 17.2399
3.02 -48.401 2000.22 20895.5 48.401 -2000.22 13.7238
3.025 -48.3819 2000.1 20890.2 48.3819 -2000.1 10.8255
3.03 -48.3549 1999.78 20882 48.3549 -1999.78 7.34779
3.035 -48.3261 1999.54 20872.2 48.3261 -1999.54 4.61256
3.04 -48.3032 1999.57 20863.4 48.3032 -1999.57 3.56975
3.045 -48.2795 1999.59 20854.1 48.2795 -1999.59 2.70112
3.05 -48.2551 1999.61 20844.2 48.2551 -1999.61 1.97628
3.055 -48.2822 2000.3 20848.8 48.2822 -2000.3 9.12549
3.06 -48.2926 2000.55 20851.2 48.2926 -2000.55 11.2073
3.065 -48.2883 2000.39 20851.6 48.2883 -2000.39 8.95877
3.07 -48.2847 2000.27 20851.9 48.2847 -2000.27 7.11552
3.075 -48.2817 2000.16 20852.1 48.2817 -2000.16 5.59782
3.08 -48.2789 2000.07 20852.2 48.2789 -2000.07 4.34395
3.085 -48.2762 1999.99 20852 48.2762 -1999.99 3.30383
3.09 -48.2733 1999.92 20851.6 48.2733 -1999.92 2.43645
3.095 -48.2701 1999.85 20851 48.2701 -1999.85 1.70825
3.1 -48.2665 1999.79 20850 48.2665 -1999.79 1.09172
3.105 -48.2623 1999.74 20848.7 48.2623 -1999.74 0.564357
3.11 -48.2573 1999.69 20847 48.2573 -1999.69 0.107678
3.115 -48.2514 1999.63 20844.9 48.2514 -1999.63 -0.29349
3.12 -48.2446 1999.58 20842.3 48.2446 -1999.58 -0.651636
3.125 -48.2358 1999.5 20838.9 48.2358 -1999.5 -1.07924
3.13 -48.2199 1999.3 20832.9 48.2199 -1999.3 -1.93414
3.135 -48.209 1999.38 20828 48.209 -1999.38 -1.70829
3.14 -48.2003 1999.5 20823.7 48.2003 -1999.5 -1.11814
3.145 -48.212 1999.86 20826.3 48.212 -1999.86 1.27447
3.15 -48.2133 1999.85 20827.2 48.2133 -1999.85 0.944687
3.155 -48.2147 1999.84 20828.1 48.2147 -1999.84 0.675986
3.16 -48.2159 1999.83 20828.8 48.2159 -1999.83 0.454592
3.165 -48.217 1999.82 20829.5 48.217 -1999.82 0.271846
3.17 -48.2179 1999.81 20830 48.2179 -1999.81 0.120663
3.175 -48.2186 1999.81 20830.5 48.2186 -1999.81 -0.00479029
3.18 -48.2192 1999.8 20830.8 48.2192 -1999.8 -0.109362
3.185 -48.2196 1999.79 20831.1 48.2196 -1999.79 -0.19716
3.19 -48.2197 1999.79 20831.2 48.2197 -1999.79 -0.271758
3.195 -48.2196 1999.78 20831.2 48.2196 -1999.78 -0.336293
3.2 -48.2193 1999.77 20831.1 48.2193 -1999.77 -0.393483
3.205 -48.2186 1999.77 20830.9 48.2186 -1999.77 -0.445617
3.21 -48.2176 1999.76 20830.5 48.2176 -1999.76 -0.4946
3.215 -48.2124 1999.5 20828.7 48.2124 -1999.5 -0.937781
3.22 -48.2077 1999.34 20827 48.2077 -1999.34 -1.22903
3.225 -48.2047 1999.35 20825.7 48.2047 -1999.35 -1.2436
3.23 -48.2006 1999.35 20824 48.2006 -1999.35 -1.28723
3.235 -48.1955 1999.34 20821.8 48.1955 -1999.34 -1.35678
3.24 -48.1892 1999.3 20819.2 48.1892 -1999.3 -1.45599
3.245 -48.1815 1999.25 20816 48.1815 -1999.25 -1.59083
3.25 -48.172 1999.18 20812.1 48.172 -1999.18 -1.77072
3.255 -48.1604 1999.08 20807.3 48.1604 -1999.08 -2.01062
3.26 -48.1459 1998.93 20801.3 48.1459 -1998.93 -2.33524
3.265 -48.1274 1998.73 20793.8 48.1274 -1998.73 -2.78785
3.27 -48.0934 1997.95 20780.9 48.0934 -1997.95 -4.59237
3.275 -48.051 1997.32 20764 48.051 -1997.32 -5.94722
3.28 -48.0008 1996.92 20742.9 48.0008 -1996.92 -6.52915
3.285 -47.9236 1996.2 20711.8 47.9236 -1996.2 -8.7898
3.29 -47.8334 1995.83 20672.3 47.8334 -1995.83 -8.25612
3.295 -47.6226 1991.41 20588.7 47.6226 -1991.41 -15.7141
3.3 -0.189548 -164.904 68.6262 0.189548 164.904 13.2584
