0.1 -4.67473e-31 200 -2.66454e-14 4.67473e-31 -200 2.66454e-14
0.2 6.71993e-31 400 -1.13687e-13 -6.71993e-31 -400 1.13687e-13
0.3 0 600 2.13163e-13 -0 -600 -2.13163e-13
0.4 -1.28555e-30 800 -3.90799e-13 1.28555e-30 -800 3.90799e-13
0.5 7.0121e-31 1000 4.83169e-13 -7.0121e-31 -1000 -4.83169e-13
0.6 7.0121e-31 1200 5.32907e-13 -7.0121e-31 -1200 -5.32907e-13
0.7 7.0121e-31 1400 -6.32383e-13 -7.0121e-31 -1400 6.32383e-13
0.8 0 1600 4.54747e-13 -0 -1600 -4.54747e-13
0.9 -4.67473e-31 1800 -1.50635e-12 4.67473e-31 -1800 1.50635e-12
1 1.05181e-30 2000 -4.26326e-13 -1.05181e-30 -2000 4.26326e-13
0.005 0.00124333 2000 -0.538129 -0.00124333 -2000 0.00101154
0.01 0.00621107 2000 -2.68501 -0.00621107 -2000 0.00183254
0.015 0.0161357 2000 -6.97213 -0.0161357 -2000 0.00150532
0.02 0.0310056 2000 -13.3957 -0.0310056 -2000 0.00127053
0.025 0.0508079 2000 -21.9501 -0.0508079 -2000 0.00111054
0.03 0.0755291 2000 -32.6296 -0.0755291 -2000 0.00102258
0.035 0.105155 2000 -45.428 -0.105155 -2000 0.00100397
0.04 0.139671 2000 -60.3388 -0.139671 -2000 0.00105238
0.045 0.17906 2000 -77.355 -0.17906 -2000 0.00116584
0.05 0.223306 2000 -96.4697 -0.223306 -2000 0.00134265
0.055 0.272392 2000 -117.675 -0.272392 -2000 0.0015813
0.06 0.326299 2000 -140.963 -0.326299 -2000 0.00188049
0.065 0.385007 2000 -166.325 -0.385007 -2000 0.00223902
0.07 0.448497 2000 -193.753 -0.448497 -2000 0.00265579
0.075 0.516747 2000 -223.238 -0.516747 -2000 0.00308434
0.08 0.589732 2000 -254.768 -0.589732 -2000 0.00352535
0.085 0.667427 2000 -288.332 -0.667427 -2000 0.00402382
0.09 0.749807 2000 -323.921 -0.749807 -2000 0.00457716
0.095 0.836851 2000 -361.525 -0.836851 -2000 0.00518403
0.1 0.928538 2000 -401.134 -0.928538 -2000 0.00584327
0.105 1.02485 2000 -442.742 -1.02485 -2000 0.0065535
0.11 1.12577 2000 -486.34 -1.12577 -2000 0.00731408
0.115 1.23129 2000 -531.924 -1.23129 -2000 0.00812429
0.12 1.34138 2000 -579.485 -1.34138 -2000 0.00898343
0.125 1.45603 2000 -629.017 -1.45603 -2000 0.00989081
0.13 1.57523 2000 -680.509 -1.57523 -2000 0.0108458
0.135 1.69893 2000 -733.952 -1.69893 -2000 0.0118475
0.14 1.82713 2000 -789.332 -1.82713 -2000 0.0128952
0.145 1.95977 2000 -846.635 -1.95977 -2000 0.0139876
0.15 2.09683 2000 -905.845 -2.09683 -2000 0.0151238
0.155 2.23825 2000 -966.941 -2.23825 -2000 0.016302
0.16 2.384 2000 -1029.9 -2.384 -2000 0.0175208
0.165 2.53403 2000 -1094.72 -2.53403 -2000 0.0187791
0.17 2.68831 2000 -1161.37 -2.68831 -2000 0.0200763
0.175 2.84682 2000 -1229.85 -2.84682 -2000 0.021412
0.18 3.00952 2000 -1300.14 -3.00952 -2000 0.0227856
0.185 3.17641 2000 -1372.23 -3.17641 -2000 0.0241978
0.19 3.34748 2000 -1446.14 -3.34748 -2000 0.0256498
0.195 3.52272 2000 -1521.84 -3.52272 -2000 0.0271423
0.2 3.7021 2000 -1599.34 -3.7021 -2000 0.0286752
0.205 3.88559 2000 -1678.61 -3.88559 -2000 0.0302475
0.21 4.07317 2000 -1759.64 -4.07317 -2000 0.0318586
0.215 4.26478 2000 -1842.42 -4.26478 -2000 0.033507
0.22 4.46036 2000 -1926.91 -4.46036 -2000 0.0351897
0.225 4.65983 2000 -2013.08 -4.65983 -2000 0.0369032
0.23 4.86314 1999.99 -2100.91 -4.86314 -1999.99 0.0386446
0.235 5.0702 1999.99 -2190.37 -5.0702 -1999.99 0.0404113
0.24 5.28094 1999.99 -2281.41 -5.28094 -1999.99 0.0422
0.245 5.49529 1999.99 -2374.01 -5.49529 -1999.99 0.0440073
0.25 5.71318 1999.99 -2468.14 -5.71318 -1999.99 0.0458319
0.255 5.93457 1999.99 -2563.78 -5.93457 -1999.99 0.047674
0.26 6.15947 1999.99 -2660.94 -6.15947 -1999.99 0.0495357
0.265 6.38788 1999.99 -2759.61 -6.38788 -1999.99 0.0514221
0.27 6.61986 1999.99 -2859.83 -6.61986 -1999.99 0.0533407
0.275 6.85545 1999.99 -2961.61 -6.85545 -1999.99 0.0552977
0.28 7.09464 1999.99 -3064.94 -7.09464 -1999.99 0.0572956
0.285 7.33741 1999.99 -3169.82 -7.33741 -1999.99 0.0593332
0.29 7.58371 1999.99 -3276.22 -7.58371 -1999.99 0.0614078
0.295 7.8335 1999.99 -3384.14 -7.8335 -1999.99 0.0635171
0.3 8.08676 1999.99 -3493.55 -8.08676 -1999.99 0.0656593
0.305 8.34344 1999.99 -3604.43 -8.34344 -1999.99 0.0678328
0.31 8.60349 1999.99 -3716.78 -8.60349 -1999.99 0.070035
0.315 8.86682 1999.99 -3830.54 -8.86682 -1999.99 0.0722606
0.32 9.13332 1999.99 -3945.67 -9.13332 -1999.99 0.0745021
0.325 9.40292 1999.99 -4062.14 -9.40292 -1999.99 0.0767536
0.33 9.67558 1999.99 -4179.93 -9.67558 -1999.99 0.0790149
0.335 9.95129 1999.99 -4299.04 -9.95129 -1999.99 0.0812901
0.34 10.23 1999.99 -4419.46 -10.23 -1999.99 0.0835829
0.345 10.5118 1999.99 -4541.18 -10.5118 -1999.99 0.0858941
0.35 10.7965 1999.99 -4664.16 -10.7965 -1999.99 0.0882217
0.355 11.084 1999.99 -4788.37 -11.084 -1999.99 0.0905612
0.36 11.3743 1999.99 -4913.77 -11.3743 -1999.99 0.0929062
0.365 11.6672 1999.99 -5040.33 -11.6672 -1999.99 0.0952529
0.37 11.9628 1999.99 -5168.03 -11.9628 -1999.99 0.0976007
0.375 12.261 1999.99 -5296.85 -12.261 -1999.99 0.0999508
0.38 12.5617 1999.99 -5426.76 -12.5617 -1999.99 0.102304
0.385 12.8649 1999.99 -5557.76 -12.8649 -1999.99 0.104661
0.39 13.1706 1999.99 -5689.8 -13.1706 -1999.99 0.107022
0.395 13.4786 1999.99 -5822.88 -13.4786 -1999.99 0.109388
0.4 13.789 1999.99 -5956.98 -13.789 -1999.99 0.111759
0.405 14.1017 1999.99 -6092.06 -14.1017 -1999.99 0.114136
0.41 14.4167 1999.99 -6228.12 -14.4167 -1999.99 0.116518
0.415 14.7338 1999.99 -6365.14 -14.7338 -1999.99 0.118906
0.42 15.0531 1999.99 -6503.08 -15.0531 -1999.99 0.121301
0.425 15.3745 1999.98 -6641.93 -15.3745 -1999.98 0.123704
0.43 15.698 1999.98 -6781.67 -15.698 -1999.98 0.126116
0.435 16.0235 1999.98 -6922.27 -16.0235 -1999.98 0.128537
0.44 16.3509 1999.98 -7063.72 -16.3509 -1999.98 0.130969
0.445 16.6802 1999.98 -7206 -16.6802 -1999.98 0.133414
0.45 17.0114 1999.98 -7349.08 -17.0114 -1999.98 0.135873
0.455 17.3444 1999.98 -7492.93 -17.3444 -1999.98 0.13835
0.46 17.6792 1999.98 -7637.55 -17.6792 -1999.98 0.140846
0.465 18.0157 1999.98 -7782.91 -18.0157 -1999.98 0.143367
0.47 18.3538 1999.98 -7928.98 -18.3538 -1999.98 0.145914
0.475 18.6935 1999.98 -8075.75 -18.6935 -1999.98 0.148494
0.48 19.0349 1999.98 -8223.21 -19.0349 -1999.98 0.151116
0.485 19.3779 1999.98 -8371.4 -19.3779 -1999.98 0.153802
0.49 19.7226 1999.98 -8520.34 -19.7226 -1999.98 0.156577
0.495 20.0692 1999.98 -8670.07 -20.0692 -1999.98 0.159468
0.5 20.4176 1999.98 -8820.58 -20.4176 -1999.98 0.162489
0.505 20.7679 1999.98 -8971.89 -20.7679 -1999.98 0.165654
0.51 21.12 1999.98 -9124.01 -21.12 -1999.98 0.168981
0.515 21.474 1999.98 -9276.92 -21.474 -1999.98 0.172484
0.52 21.8296 1999.98 -9430.58 -21.8296 -1999.98 0.176164
0.525 22.1869 1999.98 -9584.94 -22.1869 -1999.98 0.180018
0.53 22.5458 1999.98 -9739.97 -22.5458 -1999.98 0.184056
0.535 22.9062 1999.98 -9895.66 -22.9062 -1999.98 0.188298
0.54 23.268 1999.98 -10052 -23.268 -1999.98 0.192767
0.545 23.6313 1999.98 -10208.9 -23.6313 -1999.98 0.197477
0.55 23.9956 1999.98 -10366.3 -23.9956 -1999.98 0.20242
0.555 24.3513 2000.02 -10521.3 -24.3513 -2000.02 1.4997
0.56 24.7072 2000.04 -10675.7 -24.7072 -2000.04 2.20232
0.565 25.0669 2000.03 -10830.7 -25.0669 -2000.03 1.84499
0.57 25.426 2000.02 -10985.6 -25.426 -2000.02 1.55704
0.575 25.7843 2000.01 -11140.1 -25.7843 -2000.01 1.32514
0.58 26.1303 2000.06 -11291 -26.1303 -2000.06 2.68912
0.585 26.4771 2000.07 -11441.3 -26.4771 -2000.07 3.21557
0.59 26.8269 2000.05 -11591.9 -26.8269 -2000.05 2.68253
0.595 27.1758 2000.04 -11742.2 -27.1758 -2000.04 2.25274
0.6 27.5241 2000.03 -11892.3 -27.5241 -2000.03 1.9065
0.605 27.8717 2000.02 -12042.2 -27.8717 -2000.02 1.62448
0.61 28.2188 2000.01 -12191.9 -28.2188 -2000.01 1.39504
0.615 28.5544 2000.06 -12338.2 -28.5544 -2000.06 2.66741
0.62 28.8864 2000.09 -12482.5 -28.8864 -2000.09 3.55733
0.625 29.2145 2000.12 -12624.4 -29.2145 -2000.12 3.75666
0.63 29.5248 2000.2 -12759.3 -29.5248 -2000.2 4.54122
0.635 29.8404 2000.16 -12894.8 -29.8404 -2000.16 3.77808
0.64 30.1554 2000.13 -13030.3 -30.1554 -2000.13 3.16231
0.645 30.4698 2000.1 -13165.6 -30.4698 -2000.1 2.66545
0.65 30.7837 2000.08 -13300.8 -30.7837 -2000.08 2.25914
0.655 31.096 2000.06 -13435.6 -31.096 -2000.06 2.07506
0.66 31.3841 2000.19 -13561.9 -31.3841 -2000.19 4.00461
0.665 31.6668 2000.25 -13684.6 -31.6668 -2000.25 4.54356
0.67 31.9534 2000.2 -13807.7 -31.9534 -2000.2 3.79201
0.675 32.2394 2000.16 -13930.6 -32.2394 -2000.16 3.17658
0.68 32.5247 2000.12 -14053.3 -32.5247 -2000.12 2.6796
0.685 32.8097 2000.1 -14176.1 -32.8097 -2000.1 2.27273
0.69 33.0946 2000.07 -14298.8 -33.0946 -2000.07 1.9398
0.695 33.3797 2000.05 -14421.7 -33.3797 -2000.05 1.66757
0.7 33.6654 2000.04 -14544.9 -33.6654 -2000.04 1.44524
0.705 33.9514 2000.03 -14668.3 -33.9514 -2000.03 1.26385
0.71 34.231 2000.06 -14789.9 -34.231 -2000.06 2.07887
0.715 34.485 2000.28 -14902.1 -34.485 -2000.28 4.59971
0.72 34.7395 2000.35 -15012.6 -34.7395 -2000.35 5.13275
0.725 34.9967 2000.28 -15122.8 -34.9967 -2000.28 4.26312
0.73 35.2512 2000.23 -15232.1 -35.2512 -2000.23 3.55987
0.735 35.5023 2000.18 -15340 -35.5023 -2000.18 2.99065
0.74 35.75 2000.14 -15446.5 -35.75 -2000.14 2.52266
0.745 35.994 2000.11 -15551.5 -35.994 -2000.11 2.13745
0.75 36.2343 2000.09 -15655 -36.2343 -2000.09 1.81998
0.755 36.4711 2000.07 -15757.1 -36.4711 -2000.07 1.55803
0.76 36.7048 2000.05 -15857.8 -36.7048 -2000.05 1.34167
0.765 36.9355 2000.04 -15957.3 -36.9355 -2000.04 1.16278
0.77 37.1637 2000.03 -16055.7 -37.1637 -2000.03 1.01476
0.775 37.3896 2000.02 -16153.2 -37.3896 -2000.02 0.8922
0.78 37.6083 2000.06 -16248 -37.6083 -2000.06 1.26087
0.785 37.8082 2000.16 -16335.5 -37.8082 -2000.16 2.34305
0.79 38.0107 2000.13 -16422.6 -38.0107 -2000.13 1.97356
0.795 38.2113 2000.1 -16508.9 -38.2113 -2000.1 1.66986
0.8 38.4101 2000.08 -16594.6 -38.4101 -2000.08 1.42002
0.805 38.6073 2000.06 -16679.6 -38.6073 -2000.06 1.21433
0.81 38.803 2000.05 -16763.9 -38.803 -2000.05 1.04491
0.815 38.9975 2000.04 -16847.8 -38.9975 -2000.04 0.905352
0.82 39.1911 2000.03 -16931.3 -39.1911 -2000.03 0.790365
0.825 39.3838 2000.02 -17014.5 -39.3838 -2000.02 0.695593
0.83 39.5759 2000.01 -17097.4 -39.5759 -2000.01 0.617477
0.835 39.7677 2000.01 -17180.2 -39.7677 -2000.01 0.553141
0.84 39.9593 2000 -17262.9 -39.9593 -2000 0.500231
0.845 40.1511 2000 -17345.7 -40.1511 -2000 0.456791
0.85 40.343 1999.99 -17428.6 -40.343 -1999.99 0.421196
0.855 40.5352 1999.99 -17511.6 -40.5352 -1999.99 0.392087
0.86 40.7249 2000.01 -17594 -40.7249 -2000.01 0.808049
0.865 40.9132 2000.03 -17675.7 -40.9132 -2000.03 1.1765
0.87 41.1033 2000.02 -17757.6 -41.1033 -2000.02 1.01136
0.875 41.2846 2000.12 -17836.5 -41.2846 -2000.12 1.53887
0.88 41.4625 2000.17 -17913.6 -41.4625 -2000.17 1.82122
0.885 41.6416 2000.14 -17990.7 -41.6416 -2000.14 1.53669
0.89 41.8199 2000.11 -18067.5 -41.8199 -2000.11 1.30317
0.895 41.9941 2000.11 -18142.9 -41.9941 -2000.11 1.50909
0.9 42.1615 2000.12 -18215.8 -42.1615 -2000.12 2.02402
0.905 42.3284 2000.1 -18287.6 -42.3284 -2000.1 1.70029
0.91 42.4916 2000.08 -18357.8 -42.4916 -2000.08 1.43353
0.915 42.6503 2000.06 -18426.1 -42.6503 -2000.06 1.21308
0.92 42.8039 2000.05 -18492.3 -42.8039 -2000.05 1.03031
0.925 42.952 2000.04 -18556.1 -42.952 -2000.04 0.878239
0.93 43.0945 2000.03 -18617.6 -43.0945 -2000.03 0.751304
0.935 43.2315 2000.02 -18676.7 -43.2315 -2000.02 0.645079
0.94 43.3635 2000.02 -18733.6 -43.3635 -2000.02 0.555998
0.945 43.4911 2000.01 -18788.6 -43.4911 -2000.01 0.48125
0.95 43.6149 2000.01 -18842 -43.6149 -2000.01 0.41855
0.955 43.7313 2000.04 -18893 -43.7313 -2000.04 1.02546
0.96 43.8448 2000.06 -18942.3 -43.8448 -2000.06 1.36115
0.965 43.9579 2000.05 -18990.9 -43.9579 -2000.05 1.13734
0.97 44.0693 2000.04 -19038.9 -44.0693 -2000.04 0.953492
0.975 44.1794 2000.03 -19086.3 -44.1794 -2000.03 0.802541
0.98 44.2888 2000.02 -19133.4 -44.2888 -2000.02 0.678717
0.985 44.3976 2000.02 -19180.3 -44.3976 -2000.02 0.577265
0.99 44.5062 2000.01 -19227.2 -44.5062 -2000.01 0.49427
0.995 44.6149 2000.01 -19274.1 -44.6149 -2000.01 0.426507
1 44.7235 2000.01 -19320.9 -44.7235 -2000.01 0.371279
1.005 44.8321 2000 -19367.8 -44.8321 -2000 0.326303
1.01 44.9401 2000 -19414.4 -44.9401 -2000 0.28965
1.015 45.0473 2000 -19460.7 -45.0473 -2000 0.25967
1.02 45.1528 2000 -19506.3 -45.1528 -2000 0.234928
1.025 45.2562 2000 -19550.9 -45.2562 -2000 0.214214
1.03 45.3545 2000.02 -19593.7 -45.3545 -2000.02 0.554675
1.035 45.4474 2000.05 -19634.2 -45.4474 -2000.05 0.929745
1.04 45.5356 2000.07 -19672.2 -45.5356 -2000.07 0.880827
1.045 45.6212 2000.05 -19709.1 -45.6212 -2000.05 0.740773
1.05 45.7044 2000.04 -19744.9 -45.7044 -2000.04 0.625416
1.055 45.7856 2000.04 -19779.9 -45.7856 -2000.04 0.530428
1.06 45.8649 2000.03 -19814.1 -45.8649 -2000.03 0.452239
1.065 45.9422 2000.03 -19847.5 -45.9422 -2000.03 0.459154
1.07 46.0172 2000.03 -19880 -46.0172 -2000.03 0.546528
1.075 46.0918 2000.02 -19912.1 -46.0918 -2000.02 0.466045
1.08 46.1654 2000.02 -19943.8 -46.1654 -2000.02 0.400242
1.085 46.238 2000.02 -19975.2 -46.238 -2000.02 0.346435
1.09 46.3094 2000.01 -20006 -46.3094 -2000.01 0.30235
1.095 46.3792 2000.01 -20036.1 -46.3792 -2000.01 0.266042
1.1 46.4468 2000.01 -20065.2 -46.4468 -2000.01 0.235821
1.105 46.5115 2000.01 -20093.2 -46.5115 -2000.01 0.210215
1.11 46.5726 2000 -20119.5 -46.5726 -2000 0.187995
1.115 46.6295 2000 -20144.1 -46.6295 -2000 0.168215
1.12 46.6817 2000 -20166.6 -46.6817 -2000 0.15021
1.125 46.7289 2000 -20187 -46.7289 -2000 0.13354
1.13 46.7708 2000 -20205.1 -46.7708 -2000 0.117959
1.135 46.8076 2000 -20221 -46.8076 -2000 0.103404
1.14 46.8394 2000 -20234.7 -46.8394 -2000 0.106272
1.145 46.8654 2000.01 -20246.1 -46.8654 -2000.01 0.241064
1.15 46.888 2000.01 -20255.8 -46.888 -2000.01 0.201161
1.155 46.907 2000.01 -20264 -46.907 -2000.01 0.167503
1.16 46.9225 2000.01 -20270.7 -46.9225 -2000.01 0.139216
1.165 46.9349 2000 -20276 -46.9349 -2000 0.11536
1.17 46.9443 2000 -20280 -46.9443 -2000 0.0953015
1.175 46.9509 2000 -20282.9 -46.9509 -2000 0.078503
1.18 46.9551 2000 -20284.7 -46.9551 -2000 0.0645096
1.185 46.9574 2000 -20285.7 -46.9574 -2000 0.0529212
1.19 46.9583 2000 -20286 -46.9583 -2000 0.0433745
1.195 46.958 2000 -20285.9 -46.958 -2000 0.0448984
1.2 46.9568 2000 -20285.4 -46.9568 -2000 0.052482
1.205 46.9553 2000 -20284.7 -46.9553 -2000 0.0430092
1.21 46.9536 2000 -20284 -46.9536 -2000 0.0352402
1.215 46.952 2000 -20283.3 -46.952 -2000 0.028873
1.22 46.9502 2000 -20282.5 -46.9502 -2000 0.0236564
1.225 46.9477 2000 -20281.4 -46.9477 -2000 0.0193823
1.23 46.944 2000 -20279.8 -46.944 -2000 0.0158803
1.235 46.9382 2000 -20277.3 -46.9382 -2000 0.0130111
1.24 46.9297 2000 -20273.6 -46.9297 -2000 0.0106602
1.245 46.9176 2000 -20268.4 -46.9176 -2000 0.0081482
1.25 46.9015 2000 -20261.4 -46.9015 -2000 0.00624685
1.255 46.8811 2000 -20252.7 -46.8811 -2000 0.0051179
1.26 46.8564 2000 -20242 -46.8564 -2000 0.0041928
1.265 46.8272 2000 -20229.4 -46.8272 -2000 0.00343467
1.27 46.7928 2000.01 -20214.6 -46.7928 -2000.01 0.12721
1.275 46.7529 2000.01 -20197.5 -46.7529 -2000.01 0.266912
1.28 46.7088 2000.01 -20178.4 -46.7088 -2000.01 0.218749
1.285 46.6596 2000.01 -20157.1 -46.6596 -2000.01 0.179225
1.29 46.6053 2000.01 -20133.6 -46.6053 -2000.01 0.146842
1.295 46.546 2000.01 -20108 -46.546 -2000.01 0.12031
1.3 46.4816 2000.01 -20080.2 -46.4816 -2000.01 0.0985721
1.305 46.4125 2000 -20050.3 -46.4125 -2000 0.0779813
1.31 46.3388 2000 -20018.4 -46.3388 -2000 0.0622034
1.315 46.2609 2000 -19984.7 -46.2609 -2000 0.0509604
1.32 46.1789 2000 -19949.3 -46.1789 -2000 0.0417483
1.325 46.0931 2000 -19912.2 -46.0931 -2000 0.0342134
1.33 46.0038 2000 -19873.7 -46.0038 -2000 0.0280705
1.335 45.9113 2000 -19833.7 -45.9113 -2000 0.0231662
1.34 45.8158 2000 -19792.4 -45.8158 -2000 0.0187243
1.345 45.7176 2000 -19750 -45.7176 -2000 0.0140368
1.35 45.6151 2000.01 -19706 -45.6151 -2000.01 0.304233
1.355 45.5108 2000.02 -19661.1 -45.5108 -2000.02 0.431692
1.36 45.4056 2000.02 -19615.6 -45.4056 -2000.02 0.353677
1.365 45.2997 2000.01 -19569.8 -45.2997 -2000.01 0.289758
1.37 45.1934 2000.02 -19523.8 -45.1934 -2000.02 0.276104
1.375 45.084 2000.04 -19476.7 -45.084 -2000.04 0.393641
1.38 44.9765 2000.04 -19430.2 -44.9765 -2000.04 0.322521
1.385 44.8659 2000.07 -19383.1 -44.8659 -2000.07 1.08003
1.39 44.7591 2000.08 -19337.2 -44.7591 -2000.08 1.31944
1.395 44.6566 2000.07 -19292.7 -44.6566 -2000.07 1.08103
1.4 44.5571 2000.05 -19249.5 -44.5571 -2000.05 0.885709
1.405 44.4602 2000.04 -19207.5 -44.4602 -2000.04 0.725674
1.41 44.3654 2000.04 -19166.5 -44.3654 -2000.04 0.591859
1.415 44.272 2000.03 -19126 -44.272 -2000.03 0.483257
1.42 44.1788 2000.02 -19085.7 -44.1788 -2000.02 0.395933
1.425 44.0848 2000.02 -19044.9 -44.0848 -2000.02 0.324387
1.43 43.9887 2000.02 -19003.4 -43.9887 -2000.02 0.265767
1.435 43.8897 2000.01 -18960.6 -43.8897 -2000.01 0.217738
1.44 43.7875 2000.01 -18916.4 -43.7875 -2000.01 0.178387
1.445 43.6816 2000.01 -18870.6 -43.6816 -2000.01 0.146144
1.45 43.5716 2000.01 -18823 -43.5716 -2000.01 0.119727
1.455 43.4572 2000.01 -18773.6 -43.4572 -2000.01 0.0980813
1.46 43.3382 2000 -18722.2 -43.3382 -2000 0.0803457
1.465 43.2145 2000 -18668.7 -43.2145 -2000 0.0658134
1.47 43.086 2000 -18613.2 -43.086 -2000 0.0539055
1.475 42.95 2000.02 -18554.8 -42.95 -2000.02 0.428901
1.48 42.8062 2000.04 -18493.2 -42.8062 -2000.04 0.906853
1.485 42.6594 2000.04 -18429.6 -42.6594 -2000.04 0.740328
1.49 42.5078 2000.03 -18364 -42.5078 -2000.03 0.605218
1.495 42.351 2000.02 -18296.1 -42.351 -2000.02 0.495851
1.5 42.1888 2000.02 -18226 -42.1888 -2000.02 0.406244
1.505 42.021 2000.02 -18153.4 -42.021 -2000.02 0.332825
1.51 41.8478 2000.01 -18078.5 -41.8478 -2000.01 0.27267
1.515 41.6697 2000.01 -18001.5 -41.6697 -2000.01 0.223383
1.52 41.4873 2000.01 -17922.7 -41.4873 -2000.01 0.183
1.525 41.3013 2000.01 -17842.3 -41.3013 -2000.01 0.149913
1.53 41.1126 2000.01 -17760.8 -41.1126 -2000.01 0.122803
1.535 40.9192 2000.03 -17677.6 -40.9192 -2000.03 0.56201
1.54 40.7197 2000.06 -17592.2 -40.7197 -2000.06 1.26087
1.545 40.5224 2000.05 -17506.7 -40.5224 -2000.05 1.03305
1.55 40.3248 2000.04 -17421.1 -40.3248 -2000.04 0.846389
1.555 40.118 2000.12 -17332.5 -40.118 -2000.12 1.47692
1.56 39.9071 2000.18 -17241.7 -39.9071 -2000.18 1.85318
1.565 39.6971 2000.14 -17150.7 -39.6971 -2000.14 1.5185
1.57 39.4853 2000.12 -17058.9 -39.4853 -2000.12 1.24428
1.575 39.2662 2000.13 -16964.7 -39.2662 -2000.13 1.73562
1.58 39.0438 2000.13 -16868.9 -39.0438 -2000.13 1.93403
1.585 38.8197 2000.1 -16771.7 -38.8197 -2000.1 1.5843
1.59 38.5921 2000.09 -16673.1 -38.5921 -2000.09 1.29804
1.595 38.361 2000.07 -16573 -38.361 -2000.07 1.0635
1.6 38.1268 2000.06 -16471.7 -38.1268 -2000.06 0.871337
1.605 37.8898 2000.05 -16369.1 -37.8898 -2000.05 0.713894
1.61 37.6506 2000.04 -16265.7 -37.6506 -2000.04 0.584897
1.615 37.4099 2000.03 -16161.5 -37.4099 -2000.03 0.479206
1.62 37.1682 2000.03 -16057.1 -37.1682 -2000.03 0.392612
1.625 36.9261 2000.02 -15952.4 -36.9261 -2000.02 0.321662
1.63 36.6838 2000.02 -15847.7 -36.6838 -2000.02 0.263532
1.635 36.4416 2000.01 -15743 -36.4416 -2000.01 0.215904
1.64 36.1991 2000.01 -15638.2 -36.1991 -2000.01 0.176881
1.645 35.9498 2000.07 -15531 -35.9498 -2000.07 0.730006
1.65 35.6839 2000.17 -15417.3 -35.6839 -2000.17 1.85605
1.655 35.4161 2000.16 -15301.7 -35.4161 -2000.16 1.99556
1.66 35.1469 2000.13 -15185.1 -35.1469 -2000.13 1.6342
1.665 34.8736 2000.1 -15066.7 -34.8736 -2000.1 1.33836
1.67 34.5954 2000.09 -14946.3 -34.5954 -2000.09 1.09534
1.675 34.3117 2000.07 -14823.5 -34.3117 -2000.07 0.896222
1.68 34.0223 2000.06 -14698.4 -34.0223 -2000.06 0.733423
1.685 33.7273 2000.05 -14570.8 -33.7273 -2000.05 0.600447
1.69 33.4271 2000.04 -14441 -33.4271 -2000.04 0.49192
1.695 33.1219 2000.03 -14309.1 -33.1219 -2000.03 0.403166
1.7 32.8123 2000.02 -14175.3 -32.8123 -2000.02 0.330631
1.705 32.4984 2000.02 -14039.6 -32.4984 -2000.02 0.270846
1.71 32.1775 2000.03 -13901.1 -32.1775 -2000.03 0.437936
1.715 31.8211 2000.17 -13748.8 -31.8211 -2000.17 2.0872
1.72 31.4648 2000.14 -13594.5 -31.4648 -2000.14 1.70856
1.725 31.0906 2000.18 -13434.2 -31.0906 -2000.18 3.0792
1.73 30.7131 2000.18 -13271.5 -30.7131 -2000.18 3.47784
1.735 30.3343 2000.15 -13107.3 -30.3343 -2000.15 2.84937
1.74 29.9521 2000.12 -12941.6 -29.9521 -2000.12 2.33444
1.745 29.5688 2000.1 -12775.6 -29.5688 -2000.1 1.91254
1.75 29.1868 2000.08 -12610.2 -29.1868 -2000.08 1.56687
1.755 28.8087 2000.07 -12446.6 -28.8087 -2000.07 1.28365
1.76 28.414 2000.21 -12278 -28.414 -2000.21 3.15725
1.765 28.0218 2000.29 -12109.6 -28.0218 -2000.29 4.1762
1.77 27.6392 2000.26 -11944.3 -27.6392 -2000.26 4.15047
1.775 27.258 2000.26 -11780.1 -27.258 -2000.26 4.63155
1.78 26.8908 2000.21 -11620.6 -26.8908 -2000.21 3.79467
1.785 26.5326 2000.17 -11465.2 -26.5326 -2000.17 3.1093
1.79 26.1793 2000.16 -11312.3 -26.1793 -2000.16 2.86282
1.795 25.8089 2000.24 -11153.4 -25.8089 -2000.24 3.94693
1.8 25.4521 2000.19 -10998.5 -25.4521 -2000.19 3.22982
1.805 25.1014 2000.16 -10846.4 -25.1014 -2000.16 2.64611
1.81 24.7558 2000.13 -10696.7 -24.7558 -2000.13 2.16787
1.815 24.4129 2000.11 -10548.4 -24.4129 -2000.11 1.99329
1.82 24.0612 2000.14 -10397.3 -24.0612 -2000.14 2.91017
1.825 23.7181 2000.11 -10248.6 -23.7181 -2000.11 2.38427
1.83 23.3782 2000.09 -10101.3 -23.3782 -2000.09 1.95338
1.835 23.0409 2000.07 -9955.25 -23.0409 -2000.07 1.60034
1.84 22.7054 2000.06 -9810.03 -22.7054 -2000.06 1.31109
1.845 22.3711 2000.05 -9665.39 -22.3711 -2000.05 1.0741
1.85 22.0377 2000.04 -9521.17 -22.0377 -2000.04 0.87992
1.855 21.705 2000.03 -9377.29 -21.705 -2000.03 0.720825
1.86 21.371 2000.03 -9233.1 -21.371 -2000.03 0.832683
1.865 21.0286 2000.06 -9085.95 -21.0286 -2000.06 1.58175
1.87 20.689 2000.05 -8938.94 -20.689 -2000.05 1.29587
1.875 20.3479 2000.04 -8791.37 -20.3479 -2000.04 1.06163
1.88 20.0053 2000.03 -8643.15 -20.0053 -2000.03 0.866882
1.885 19.6609 2000.02 -8494.24 -19.6609 -2000.02 0.70761
1.89 19.3146 2000.02 -8344.48 -19.3146 -2000.02 0.579632
1.895 18.9538 2000.06 -8190.17 -18.9538 -2000.06 2.12001
1.9 18.5929 2000.08 -8034.8 -18.5929 -2000.08 2.64246
1.905 18.2318 2000.06 -7878.31 -18.2318 -2000.06 2.16378
1.91 17.8663 2000.05 -7720 -17.8663 -2000.05 1.77371
1.915 17.4969 2000.04 -7560.12 -17.4969 -2000.04 1.45411
1.92 17.1252 2000.03 -7399.26 -17.1252 -2000.03 1.19125
1.925 16.7528 2000.03 -7238.18 -16.7528 -2000.03 0.975885
1.93 16.3815 2000.02 -7077.61 -16.3815 -2000.02 0.799426
1.935 16.0129 2000.02 -6918.24 -16.0129 -2000.02 0.649193
1.94 15.6484 2000.01 -6760.66 -15.6484 -2000.01 0.528513
1.945 15.2892 2000.01 -6605.35 -15.2892 -2000.01 0.43287
1.95 14.9357 2000.01 -6452.56 -14.9357 -2000.01 0.35451
1.955 14.588 2000.01 -6302.31 -14.588 -2000.01 0.288996
1.96 14.2457 2000 -6154.39 -14.2457 -2000 0.235879
1.965 13.908 2000 -6008.46 -13.908 -2000 0.193109
1.97 13.574 2000 -5864.11 -13.574 -2000 0.158067
1.975 13.2427 2000 -5720.99 -13.2427 -2000 0.127129
1.98 12.9139 2000 -5578.9 -12.9139 -2000 0.101199
1.985 12.5872 2000 -5437.76 -12.5872 -2000 0.0827467
1.99 12.2628 2000 -5297.59 -12.2628 -2000 0.0676273
1.995 11.9406 2000 -5158.4 -11.9406 -2000 0.0552388
2 11.6207 2000 -5020.2 -11.6207 -2000 0.045088
2.005 11.3032 2000 -4883 -11.3032 -2000 0.0391863
2.01 10.9877 2000 -4746.73 -10.9877 -2000 0.0342841
2.015 10.6739 2000 -4611.17 -10.6739 -2000 0.0232112
2.02 10.361 2000 -4475.95 -10.361 -2000 0.0132631
2.025 10.0478 2000 -4340.65 -10.0478 -2000 0.0118101
2.03 9.73386 2000 -4205.04 -9.73386 -2000 0.0094762
2.035 9.41932 2000 -4069.15 -9.41932 -2000 0.00755968
2.04 9.10493 2000 -3933.34 -9.10493 -2000 0.00807287
2.045 8.7919 2000 -3798.11 -8.7919 -2000 0.00521685
2.05 8.48145 2000 -3663.99 -8.48145 -2000 -0.000893434
2.055 8.17473 2000 -3531.49 -8.17473 -2000 0.000529335
2.06 7.87275 2000 -3401.03 -7.87275 -2000 0.00107191
2.065 7.57573 2000 -3272.72 -7.57573 -2000 0.0044415
2.07 7.28312 2000 -3146.31 -7.28312 -2000 0.00745751
2.075 6.99408 1999.99 -3021.44 -6.99408 -1999.99 -0.00426774
2.08 6.70759 2000 -2897.67 -6.70759 -2000 -0.00757936
2.085 6.42323 2000 -2774.83 -6.42323 -2000 -0.00903451
2.09 6.14099 2000 -2652.9 -6.14099 -2000 -0.00465774
2.095 5.86119 2000 -2532.03 -5.86119 -2000 -0.000605626
2.1 5.58455 1999.99 -2412.5 -5.58455 -1999.99 -0.0200782
2.105 5.31183 1999.99 -2294.68 -5.31183 -1999.99 -0.02955
2.11 5.04456 1999.99 -2179.24 -5.04456 -1999.99 -0.0105923
2.115 4.78486 1999.99 -2067.05 -4.78486 -1999.99 -0.0121716
2.12 4.53464 1999.99 -1958.94 -4.53464 -1999.99 -0.0252283
2.125 4.29532 1999.99 -1855.56 -4.29532 -1999.99 -0.0194084
2.13 4.06836 1999.99 -1757.52 -4.06836 -1999.99 -0.00614336
2.135 3.85478 1999.99 -1665.26 -3.85478 -1999.99 -0.00171068
2.14 3.65496 1999.99 -1578.94 -3.65496 -1999.99 -0.00163131
2.145 3.46864 1999.99 -1498.45 -3.46864 -1999.99 0.000424763
2.15 3.29474 1999.99 -1423.33 -3.29474 -1999.99 0.00353183
2.155 3.13177 1999.99 -1352.93 -3.13177 -1999.99 0.00272233
2.16 2.97819 1999.99 -1286.55 -2.97819 -1999.99 -0.0223799
2.165 2.83178 1999.99 -1223.3 -2.83178 -1999.99 -0.0265414
2.17 2.69057 1999.99 -1162.31 -2.69057 -1999.99 -0.0219148
2.175 2.55242 1999.99 -1102.63 -2.55242 -1999.99 -0.0181156
2.18 2.41498 1999.99 -1043.26 -2.41498 -1999.99 -0.0149995
2.185 2.27586 1999.99 -983.179 -2.27586 -1999.99 0.00532399
2.19 2.13288 1999.99 -921.415 -2.13288 -1999.99 0.0096366
2.195 1.98416 1999.99 -857.161 -1.98416 -1999.99 0.00372156
2.2 1.82871 1999.99 -789.976 -1.82871 -1999.99 -0.0268296
2.205 1.66582 1999.98 -719.574 -1.66582 -1999.98 -0.0577737
2.21 1.49542 1999.98 -645.985 -1.49542 -1999.98 -0.0385602
2.215 1.31847 1999.98 -569.582 -1.31847 -1999.98 0.00512585
2.22 1.13699 1999.98 -491.185 -1.13699 -1999.98 0.00739818
2.225 0.953858 1999.97 -412.063 -0.953858 -1999.97 -0.00386677
2.23 0.771967 1999.97 -333.538 -0.771967 -1999.97 0.0483629
2.235 0.595158 1999.98 -257.164 -0.595158 -1999.98 0.0558516
2.24 0.426515 1999.98 -184.3 -0.426515 -1999.98 0.0453211
2.245 0.26854 1999.99 -116.046 -0.26854 -1999.99 0.0367222
2.25 0.123072 1999.99 -53.1968 -0.123072 -1999.99 0.0297156
2.255 -0.00897033 1999.99 3.84265 0.00897033 -1999.99 0.0325302
2.26 -0.127604 1999.99 55.076 0.127604 -1999.99 0.0489068
2.265 -0.233728 1999.99 100.92 0.233728 -1999.99 0.0506229
2.27 -0.328994 1999.99 142.084 0.328994 -1999.99 0.041338
2.275 -0.415136 1999.99 179.309 0.415136 -1999.99 0.0298471
2.28 -0.493302 1999.99 213.092 0.493302 -1999.99 0.0143295
2.285 -0.563902 1999.99 243.594 0.563902 -1999.99 0.0116402
2.29 -0.626165 2000 270.494 0.626165 -2000 0.00945726
2.295 -0.678841 2000 293.251 0.678841 -2000 0.00768917
2.3 -0.720666 2000 311.321 0.720666 -2000 0.00626019
2.305 -0.750634 2000 324.265 0.750634 -2000 0.00914088
2.31 -0.768003 2000 331.766 0.768003 -2000 0.0110348
2.315 -0.772406 2000 333.671 0.772406 -2000 0.00841244
2.32 -0.76384 1999.99 329.97 0.76384 -1999.99 0.00843063
2.325 -0.74278 1999.99 320.873 0.74278 -1999.99 0.00828353
2.33 -0.710086 1999.99 306.75 0.710086 -1999.99 0.00678686
2.335 -0.666745 1999.99 288.028 0.666745 -1999.99 0.00556061
2.34 -0.613735 2000 265.129 0.613735 -2000 0.00455592
2.345 -0.552043 2000 238.479 0.552043 -2000 0.00373275
2.35 -0.482773 2000 208.555 0.482773 -2000 0.00305832
2.355 -0.407305 2000 175.953 0.407305 -2000 0.00250574
2.36 -0.327466 2000 141.463 0.327466 -2000 0.002053
2.365 -0.245733 2000 106.155 0.245733 -2000 0.00168207
2.37 -0.165308 2000 71.4116 0.165308 -2000 0.00137815
2.375 -0.0898145 2000 38.7987 0.0898145 -2000 0.00112914
2.38 -0.0227508 2000 9.82742 0.0227508 -2000 0.000925131
2.385 0.0329758 2000 -14.2463 -0.0329758 -2000 0.000757978
2.39 0.0751423 2000 -32.4621 -0.0751423 -2000 0.000621026
2.395 0.102044 2000 -44.0835 -0.102044 -2000 0.000508819
2.4 0.112479 2000 -48.5913 -0.112479 -2000 0.000416885
2.405 0.105934 2000 -45.7637 -0.105934 -2000 0.000341562
2.41 0.0826272 2000 -35.6952 -0.0826272 -2000 0.000279849
2.415 0.0432976 2000 -18.7048 -0.0432976 -2000 0.000229286
2.42 -0.0110898 2000 4.7906 0.0110898 -2000 0.000187858
2.425 -0.0795055 2000 34.3462 0.0795055 -2000 0.000153916
2.43 -0.161001 2000 69.5524 0.161001 -2000 0.000126106
2.435 -0.255034 2000 110.175 0.255034 -2000 0.000103321
2.44 -0.361621 2000 156.22 0.361621 -2000 8.46533e-05
2.445 -0.481021 2000 207.801 0.481021 -2000 6.93581e-05
2.45 -0.613437 2000 265.005 0.613437 -2000 5.68264e-05
2.455 -0.759122 2000 327.941 0.759122 -2000 4.65588e-05
2.46 -0.916354 1999.92 395.846 0.916354 -1999.92 0.0187953
2.465 -1.08767 1999.89 469.833 1.08767 -1999.89 0.0413811
2.47 -1.27408 1999.91 550.338 1.27408 -1999.91 0.0648089
2.475 -1.47673 1999.92 637.808 1.47673 -1999.92 0.137851
2.48 -1.69575 1999.94 732.397 1.69575 -1999.94 0.165783
2.485 -1.93065 1999.93 833.767 1.93065 -1999.93 0.275645
2.49 -2.18165 1999.93 941.961 2.18165 -1999.93 0.512877
2.495 -2.44816 1999.92 1056.73 2.44816 -1999.92 0.880444
2.5 -2.72887 1999.91 1177.88 2.72887 -1999.91 0.989348
2.505 -3.02351 1999.88 1305.04 3.02351 -1999.88 1.11486
2.51 -3.33522 1999.88 1439.8 3.33522 -1999.88 1.01881
2.515 -3.66461 1999.88 1582.5 3.66461 -1999.88 0.609465
2.52 -4.01323 1999.88 1733.66 4.01323 -1999.88 0.0572841
2.525 -4.38054 1999.86 1892.97 4.38054 -1999.86 -0.575693
2.53 -4.76948 1999.86 2061.39 4.76948 -1999.86 -0.973606
2.535 -5.18404 1999.88 2240.48 5.18404 -1999.88 -0.976643
2.54 -5.62272 1999.89 2430.11 5.62272 -1999.89 -1.0935
2.545 -6.08783 1999.9 2631.08 6.08783 -1999.9 -1.13547
2.55 -6.58261 1999.91 2844.66 6.58261 -1999.91 -0.978081
2.555 -7.10834 1999.92 3071.66 7.10834 -1999.92 -0.856238
2.56 -7.6672 1999.92 3313 7.6672 -1999.92 -0.76438
2.565 -8.2615 1999.93 3569.67 8.2615 -1999.93 -0.697814
2.57 -8.89358 1999.93 3842.68 8.89358 -1999.93 -0.653254
2.575 -9.56546 1999.93 4132.91 9.56546 -1999.93 -0.628109
2.58 -10.2784 1999.93 4440.9 10.2784 -1999.93 -0.620245
2.585 -11.0331 1999.93 4766.91 11.0331 -1999.93 -0.627806
2.59 -11.8293 1999.92 5110.9 11.8293 -1999.92 -0.649141
2.595 -12.6663 1999.92 5472.52 12.6663 -1999.92 -0.682722
2.6 -13.5424 1999.91 5851.05 13.5424 -1999.91 -0.726987
2.605 -14.4554 1999.91 6245.52 14.4554 -1999.91 -0.780338
2.61 -15.4031 1999.9 6654.97 15.4031 -1999.9 -0.841313
2.615 -16.3834 1999.89 7078.52 16.3834 -1999.89 -0.908692
2.62 -17.3942 1999.88 7515.26 17.3942 -1999.88 -0.981415
2.625 -18.4264 1999.9 7962.18 18.4264 -1999.9 -1.97359
2.63 -19.4645 1999.96 8412.93 19.4645 -1999.96 -4.28049
2.635 -20.5348 1999.93 8874.81 20.5348 -1999.93 -3.79902
2.64 -21.5868 2000.08 9334.04 21.5868 -2000.08 -8.52839
2.645 -22.6672 2000.12 9802.2 22.6672 -2000.12 -9.94992
2.65 -23.7727 2000.06 10278.3 23.7727 -2000.06 -8.49887
2.655 -24.8074 2000.52 10732.5 24.8074 -2000.52 -15.7404
2.66 -25.8157 2000.84 11173.9 25.8157 -2000.84 -21.5096
2.665 -26.8369 2000.85 11614.1 26.8369 -2000.85 -20.5946
2.67 -27.8166 2000.99 12038.3 27.8166 -2000.99 -21.4995
2.675 -28.7765 2000.99 12455.6 28.7765 -2000.99 -24.1133
2.68 -29.7544 2000.88 12877.3 29.7544 -2000.88 -23.4317
2.685 -30.7067 2001.02 13288.9 30.7067 -2001.02 -23.6563
2.69 -31.6056 2001.28 13679.6 31.6056 -2001.28 -25.9442
2.695 -32.5085 2001.09 14068.1 32.5085 -2001.09 -24.4052
2.7 -33.4222 2000.85 14459.3 33.4222 -2000.85 -20.8784
2.705 -34.3366 2000.64 14851.5 34.3366 -2000.64 -18.052
2.71 -35.1832 2001.12 15220.5 35.1832 -2001.12 -21.3537
2.715 -36.0225 2001.27 15583.8 36.0225 -2001.27 -22.0732
2.72 -36.8538 2001.08 15942.5 36.8538 -2001.08 -21.6341
2.725 -37.6815 2000.89 16298.9 37.6815 -2000.89 -20.456
2.73 -38.5094 2000.66 16654 38.5094 -2000.66 -17.9356
2.735 -39.3056 2000.76 16998.3 39.3056 -2000.76 -18.3144
2.74 -40.0532 2001 17323.3 40.0532 -2001 -20.2851
2.745 -40.8118 2000.76 17648.3 40.8118 -2000.76 -17.629
2.75 -41.54 2000.8 17965.2 41.54 -2000.8 -19.8828
2.755 -42.2644 2000.78 18279.1 42.2644 -2000.78 -20.8507
2.76 -43.0033 2000.59 18595.6 43.0033 -2000.59 -18.1809
2.765 -43.7393 2000.82 18907.7 43.7393 -2000.82 -12.3377
2.77 -44.4414 2001.14 19210.1 44.4414 -2001.14 -11.4736
2.775 -45.1354 2001.11 19510.2 45.1354 -2001.11 -11.7526
2.78 -45.8046 2001.21 19805.4 45.8046 -2001.21 -17.8361
2.785 -46.4754 2001.34 20101.2 46.4754 -2001.34 -23.8091
2.79 -47.1449 2001.55 20395 47.1449 -2001.55 -28.4319
2.795 -47.8185 2001.89 20684.3 47.8185 -2001.89 -26.67
2.8 -48.4504 2002.15 20962.4 48.4504 -2002.15 -31.8011
2.805 -49.0851 2002.06 21240.1 49.0851 -2002.06 -35.3398
2.81 -49.6709 2002.54 21501.4 49.6709 -2002.54 -43.548
2.815 -50.2512 2002.89 21755 50.2512 -2002.89 -46.4666
2.82 -50.8141 2002.71 21998.1 50.8141 -2002.71 -46.4435
2.825 -51.3638 2002.41 22236.5 51.3638 -2002.41 -47.3236
2.83 -51.9059 2002.12 22471.5 51.9059 -2002.12 -48.1103
2.835 -52.4396 2002.07 22699.3 52.4396 -2002.07 -45.3578
2.84 -52.9469 2002.02 22916.8 52.9469 -2002.02 -43.7662
2.845 -53.4125 2001.68 23122.3 53.4125 -2001.68 -48.1534
2.85 -53.7988 2001.36 23303.3 53.7988 -2001.36 -62.2629
2.855 -54.1026 2001.2 23448.8 54.1026 -2001.2 -76.5031
2.86 -54.3097 2001.13 23553.3 54.3097 -2001.13 -91.5092
2.865 -54.482 2000.83 23634.6 54.482 -2000.83 -98.41
2.87 -54.6179 2000.61 23692.9 54.6179 -2000.61 -97.9633
2.875 -54.7076 2000.16 23730.8 54.7076 -2000.16 -97.1372
2.88 -54.7254 1999.69 23742.7 54.7254 -1999.69 -101.385
2.885 -54.5873 1999.37 23701.3 54.5873 -1999.37 -119.604
2.89 -54.3607 1998.88 23611.6 54.3607 -1998.88 -127.776
2.895 -54.0969 1998.43 23491.7 54.0969 -1998.43 -121.878
2.9 -53.7136 1997.96 23329.1 53.7136 -1997.96 -124.781
2.905 -53.3118 1998 23142.9 53.3118 -1998 -112.208
2.91 -52.8808 1997.97 22941 52.8808 -1997.97 -96.4571
2.915 -52.3904 1998.29 22722.7 52.3904 -1998.29 -90.0178
2.92 -51.8331 1998.03 22480.2 51.8331 -1998.03 -88.261
2.925 -51.2638 1997.63 22226.3 51.2638 -1997.63 -80.3508
2.93 -50.7184 1997.84 21975 50.7184 -1997.84 -64.6013
2.935 -50.1415 1997.71 21718.8 50.1415 -1997.71 -57.7102
2.94 -49.5509 1997.56 21458.5 49.5509 -1997.56 -52.4822
2.945 -48.9466 1997.36 21193.6 48.9466 -1997.36 -48.7267
2.95 -48.4053 1997.53 20944 48.4053 -1997.53 -32.939
2.955 -48.2755 1999.18 20837 48.2755 -1999.18 18.0709
2.96 -48.0172 1999.24 20727.8 48.0172 -1999.24 15.6065
2.965 -47.7584 1999.22 20619 47.7584 -1999.22 12.5865
2.97 -47.8009 2001.12 20595.2 47.8009 -2001.12 54.7203
2.975 -47.7728 2001.81 20570 47.7728 -2001.81 67.8368
2.98 -47.665 2001.2 20537.5 47.665 -2001.2 53.8228
2.985 -47.5776 2000.83 20508.2 47.5776 -2000.83 45.3595
2.99 -47.5514 2001 20498.3 47.5514 -2001 43.8797
2.995 -47.5046 2000.76 20486.3 47.5046 -2000.76 35.7096
3 -47.4607 2000.57 20474 47.4607 -2000.57 29.0053
3.005 -47.4187 2000.4 20461.4 47.4187 -2000.4 23.4941
3.01 -47.3779 2000.26 20448.3 47.3779 -2000.26 18.9573
3.015 -47.3376 2000.14 20434.6 47.3376 -2000.14 15.2152
3.02 -47.2973 2000.04 20420.3 47.2973 -2000.04 12.1202
3.025 -47.2565 1999.94 20405.3 47.2565 -1999.94 9.55144
3.03 -47.2148 1999.86 20389.4 47.2148 -1999.86 7.40921
3.035 -47.1813 1999.59 20375 47.1813 -1999.59 7.3009
3.04 -47.1759 1999.71 20370.7 47.1759 -1999.71 9.33564
3.045 -47.1593 1999.7 20365.4 47.1593 -1999.7 7.40971
3.05 -47.1423 1999.69 20359.7 47.1423 -1999.69 5.81408
3.055 -47.1249 1999.67 20353.5 47.1249 -1999.67 4.48565
3.06 -47.1067 1999.65 20346.7 47.1067 -1999.65 3.37409
3.065 -47.0877 1999.63 20339.5 47.0877 -1999.63 2.43786
3.07 -47.0676 1999.6 20331.6 47.0676 -1999.6 1.6425
3.075 -47.0436 1999.49 20322.2 47.0436 -1999.49 0.605174
3.08 -47.0187 1999.43 20312.2 47.0187 -1999.43 -0.112479
3.085 -46.9947 1999.45 20302 46.9947 -1999.45 -0.334159
3.09 -46.9695 1999.47 20291.4 46.9695 -1999.47 -0.536027
3.095 -46.943 1999.47 20280.1 46.943 -1999.47 -0.722631
3.1 -46.9584 2000.13 20280.7 46.9584 -2000.13 5.34135
3.105 -46.9603 2000.37 20279.5 46.9603 -2000.37 7.35091
3.11 -46.9494 2000.22 20276.4 46.9494 -2000.22 5.78216
3.115 -46.9386 2000.1 20273 46.9386 -2000.1 4.48374
3.12 -46.9277 1999.99 20269.4 46.9277 -1999.99 3.40099
3.125 -46.9164 1999.89 20265.4 46.9164 -1999.89 2.4941
3.13 -46.9046 1999.81 20261.1 46.9046 -1999.81 1.73037
3.135 -46.8921 1999.73 20256.3 46.8921 -1999.73 1.08281
3.14 -46.8789 1999.66 20251.1 46.8789 -1999.66 0.529095
3.145 -46.8647 1999.59 20245.5 46.8647 -1999.59 0.0507511
3.15 -46.8495 1999.53 20239.4 46.8495 -1999.53 -0.368136
3.155 -46.8331 1999.46 20232.6 46.8331 -1999.46 -0.741169
3.16 -46.8139 1999.34 20224.9 46.8139 -1999.34 -1.26324
3.165 -46.7891 1999.15 20214.9 46.7891 -1999.15 -1.98206
3.17 -46.7682 1999.23 20205.7 46.7682 -1999.23 -1.79324
3.175 -46.7403 1998.88 20194.1 46.7403 -1998.88 -2.24639
3.18 -46.7129 1998.71 20182.4 46.7129 -1998.71 -2.47683
3.185 -46.6869 1998.78 20171.1 46.6869 -1998.78 -2.36448
3.19 -46.68 1999.32 20165.3 46.68 -1999.32 0.472881
3.195 -46.6708 1999.62 20159.8 46.6708 -1999.62 1.95307
3.2 -46.6529 1999.54 20152.7 46.6529 -1999.54 1.31119
3.205 -46.634 1999.47 20145.1 46.634 -1999.47 0.759178
3.21 -46.6138 1999.38 20136.9 46.6138 -1999.38 0.261488
3.215 -46.5917 1999.28 20127.8 46.5917 -1999.28 -0.205485
3.22 -46.5673 1999.15 20117.8 46.5673 -1999.15 -0.667888
3.225 -46.5398 1998.99 20106.4 46.5398 -1998.99 -1.15867
3.23 -46.5079 1998.77 20093.1 46.5079 -1998.77 -1.72574
3.235 -46.4695 1998.45 20077.3 46.4695 -1998.45 -2.45366
3.24 -46.4204 1997.93 20057.1 46.4204 -1997.93 -3.52589
3.245 -46.3494 1996.94 20028.4 46.3494 -1996.94 -5.4777
3.25 -46.1854 1994.67 19967.4 46.1854 -1994.67 -15.2929
3.255 -46.2121 2011.14 19956.2 46.2121 -2011.14 7.36394
3.26 -46.2004 2019.67 19934.9 46.2004 -2019.67 23.6574
3.265 -46.1033 2015.53 19898.8 46.1033 -2015.53 17.8113
3.27 -46.0049 2012.33 19860.5 46.0049 -2012.33 13.5503
3.275 -45.9038 2009.8 19820.1 45.9038 -2009.8 10.3486
3.28 -45.9047 2010.31 19808.7 45.9047 -2010.31 22.1119
3.285 -45.8824 2009.31 19796 45.8824 -2009.31 25.2333
3.29 -45.8339 2007.52 19780.5 45.8339 -2007.52 19.7046
3.295 -45.7992 2006.75 19768.2 45.7992 -2006.75 17.0498
3.3 -45.7627 2005.65 19755 45.7627 -2005.65 14.4799
3.305 -45.7202 2004.27 19739.9 45.7202 -2004.27 11.2189
3.31 -45.6726 2002.98 19722.3 45.6726 -2002.98 8.28401
3.315 -45.663 2003.43 19714.9 45.663 -2003.43 11.5226
3.32 -45.6783 2003.88 19718 45.6783 -2003.88 14.9923
3.325 -45.672 2002.99 19718.3 45.672 -2002.99 11.9639
3.33 -45.6687 2002.41 19719.1 45.6687 -2002.41 9.75688
3.335 -45.6662 2001.92 19719.9 45.6662 -2001.92 7.93436
3.34 -45.6644 2001.51 19720.6 45.6644 -2001.51 6.42947
3.345 -45.6629 2001.17 19721.2 45.6629 -2001.17 5.18369
3.35 -45.6614 2000.87 19721.6 45.6614 -2000.87 4.14858
3.355 -45.6597 2000.62 19721.7 45.6597 -2000.62 3.28354
3.36 -45.6575 2000.39 19721.5 45.6575 -2000.39 2.55376
3.365 -45.6653 2000.67 19724.2 45.6653 -2000.67 3.25958
3.37 -45.6845 2001.36 19731.2 45.6845 -2001.36 4.49191
3.375 -45.6932 2001.16 19735.8 45.6932 -2001.16 3.70286
3.38 -45.7016 2000.94 19740.1 45.7016 -2000.94 3.02543
3.385 -45.71 2000.77 19744.3 45.71 -2000.77 2.47064
3.39 -45.7183 2000.62 19748.3 45.7183 -2000.62 2.01628
3.395 -45.7265 2000.5 19752.2 45.7265 -2000.5 1.64433
3.4 -45.7344 2000.41 19755.9 45.7344 -2000.41 1.34003
3.405 -45.7419 2000.33 19759.4 45.7419 -2000.33 1.09125
3.41 -45.749 2000.26 19762.7 45.749 -2000.26 0.888002
3.415 -45.7558 2000.21 19765.8 45.7558 -2000.21 0.722113
3.42 -45.762 2000.17 19768.6 45.762 -2000.17 0.586845
3.425 -45.7677 2000.13 19771.2 45.7677 -2000.13 0.476662
3.43 -45.773 2000.11 19773.6 45.773 -2000.11 0.387004
3.435 -45.7778 2000.08 19775.7 45.7778 -2000.08 0.314117
3.44 -45.7821 2000.07 19777.6 45.7821 -2000.07 0.25491
3.445 -45.786 2000.05 19779.3 45.786 -2000.05 0.206838
3.45 -45.7895 2000.04 19780.9 45.7895 -2000.04 0.16782
3.455 -45.7927 2000.03 19782.3 45.7927 -2000.03 0.136152
3.46 -45.7955 2000.03 19783.6 45.7955 -2000.03 0.110448
3.465 -45.7981 2000.02 19784.7 45.7981 -2000.02 0.0895781
3.47 -45.8005 2000.02 19785.7 45.8005 -2000.02 0.0726266
3.475 -45.8027 2000.01 19786.7 45.8027 -2000.01 0.0588499
3.48 -45.8047 2000.01 19787.6 45.8047 -2000.01 0.0476456
3.485 -45.8067 2000.01 19788.5 45.8067 -2000.01 0.038525
3.49 -45.8086 2000.01 19789.3 45.8086 -2000.01 0.0310922
3.495 -45.8104 2000 19790.1 45.8104 -2000 0.0250265
3.5 -45.8122 2000 19790.9 45.8122 -2000 0.020068
3.505 -45.8141 2000 19791.7 45.8141 -2000 0.0160063
3.51 -45.8159 2000 19792.5 45.8159 -2000 0.0126702
3.515 -45.8178 2000 19793.3 45.8178 -2000 0.00992078
3.52 -45.8197 2000 19794.1 45.8197 -2000 0.00764553
3.525 -45.8217 2000 19795 45.8217 -2000 0.00575446
3.53 -45.8237 2000 19795.8 45.8237 -2000 0.00417637
3.535 -45.8258 2000 19796.7 45.8258 -2000 0.00285551
3.54 -45.8278 2000 19797.6 45.8278 -2000 0.00174842
3.545 -45.83 2000 19798.5 45.83 -2000 0.000820334
3.55 -45.8321 2000 19799.5 45.8321 -2000 4.21757e-05
3.555 -45.8343 2000 19800.4 45.8343 -2000 -0.000611008
3.56 -45.8364 2000 19801.3 45.8364 -2000 -0.00116028
3.565 -45.8386 2000 19802.3 45.8386 -2000 -0.00162289
3.57 -45.8408 2000 19803.2 45.8408 -2000 -0.00201234
3.575 -45.843 2000 19804.2 45.843 -2000 -0.00233883
3.58 -45.8452 2000 19805.1 45.8452 -2000 -0.00261068
3.585 -45.8473 2000 19806.1 45.8473 -2000 -0.0028358
3.59 -45.8495 2000 19807 45.8495 -2000 -0.00302157
3.595 -45.8517 2000 19807.9 45.8517 -2000 -0.00317396
3.6 -45.8538 2000 19808.8 45.8538 -2000 -0.00329701
3.605 -45.8559 2000 19809.8 45.8559 -2000 -0.00339314
3.61 -45.858 2000 19810.7 45.858 -2000 -0.00346373
3.615 -45.8601 2000 19811.6 45.8601 -2000 -0.00350977
3.62 -45.8621 2000 19812.4 45.8621 -2000 -0.00353234
3.625 -45.8641 2000 19813.3 45.8641 -2000 -0.00353307
3.63 -45.8661 2000 19814.2 45.8661 -2000 -0.00351404
3.635 -45.868 2000 19815 45.868 -2000 -0.00347728
3.64 -45.8699 2000 19815.8 45.8699 -2000 -0.00342478
3.645 -45.8717 2000 19816.6 45.8717 -2000 -0.00335886
3.65 -45.8735 2000 19817.4 45.8735 -2000 -0.00328266
3.655 -45.8753 2000 19818.1 45.8753 -2000 -0.00320045
3.66 -45.877 2000 19818.9 45.877 -2000 -0.00311797
3.665 -45.8787 2000 19819.6 45.8787 -2000 -0.00304236
3.67 -45.8804 2000 19820.3 45.8804 -2000 -0.00298132
3.675 -45.8821 2000 19821.1 45.8821 -2000 -0.00294183
3.68 -45.8839 2000 19821.8 45.8839 -2000 -0.00292941
3.685 -45.8857 2000 19822.6 45.8857 -2000 -0.00294797
3.69 -45.8875 2000 19823.4 45.8875 -2000 -0.00300018
3.695 -45.8894 2000 19824.2 45.8894 -2000 -0.00308826
3.7 -45.8914 2000 19825.1 45.8914 -2000 -0.00321516
3.705 -45.8935 2000 19826 45.8935 -2000 -0.0033848
3.71 -45.8957 2000 19826.9 45.8957 -2000 -0.00360093
3.715 -45.898 2000 19827.9 45.898 -2000 -0.00386609
3.72 -45.9003 2000 19829 45.9003 -2000 -0.0041814
3.725 -45.9028 2000 19830 45.9028 -2000 -0.0045466
3.73 -45.9054 2000 19831.1 45.9054 -2000 -0.0049598
3.735 -45.9081 2000 19832.3 45.9081 -2000 -0.00541645
3.74 -45.9109 1999.99 19833.5 45.9109 -1999.99 -0.0059079
3.745 -45.9138 1999.99 19834.8 45.9138 -1999.99 -0.00642023
3.75 -45.9167 1999.99 19836 45.9167 -1999.99 -0.00693541
3.755 -45.9196 1999.99 19837.3 45.9196 -1999.99 -0.00743545
3.76 -45.9226 1999.99 19838.6 45.9226 -1999.99 -0.00790736
3.765 -45.9256 1999.99 19839.9 45.9256 -1999.99 -0.00834536
3.77 -45.9286 1999.99 19841.2 45.9286 -1999.99 -0.00875032
3.775 -45.9316 1999.99 19842.5 45.9316 -1999.99 -0.00912834
3.78 -45.9347 1999.99 19843.8 45.9347 -1999.99 -0.00948976
3.785 -45.9377 1999.99 19845.1 45.9377 -1999.99 -0.00984865
3.79 -45.9408 1999.99 19846.4 45.9408 -1999.99 -0.0102217
3.795 -45.9439 1999.99 19847.8 45.9439 -1999.99 -0.0106278
3.8 -45.9471 1999.99 19849.2 45.9471 -1999.99 -0.0110882
3.805 -45.9504 1999.99 19850.6 45.9504 -1999.99 -0.0116273
3.81 -45.9538 1999.99 19852.1 45.9538 -1999.99 -0.0122713
3.815 -45.9573 1999.99 19853.6 45.9573 -1999.99 -0.0130466
3.82 -45.9609 1999.99 19855.1 45.9609 -1999.99 -0.0139807
3.825 -45.9647 1999.99 19856.8 45.9647 -1999.99 -0.0151051
3.83 -45.9687 1999.99 19858.5 45.9687 -1999.99 -0.0164556
3.835 -45.9728 1999.98 19860.3 45.9728 -1999.98 -0.0180707
3.84 -45.9771 1999.98 19862.1 45.9771 -1999.98 -0.0199906
3.845 -45.9817 1999.98 19864.1 45.9817 -1999.98 -0.022259
3.85 -45.9864 1999.98 19866.2 45.9864 -1999.98 -0.0249269
3.855 -45.9914 1999.98 19868.3 45.9914 -1999.98 -0.0280527
3.86 -45.9967 1999.97 19870.6 45.9967 -1999.97 -0.0316998
3.865 -46.0021 1999.97 19873 46.0021 -1999.97 -0.0359337
3.87 -46.0078 1999.96 19875.4 46.0078 -1999.96 -0.0408303
3.875 -46.0138 1999.96 19878 46.0138 -1999.96 -0.0465005
3.88 -46.02 1999.95 19880.7 46.02 -1999.95 -0.0531076
3.885 -46.0264 1999.95 19883.5 46.0264 -1999.95 -0.0608454
3.89 -46.0361 2000.09 19887.3 46.0361 -2000.09 0.284103
3.895 -46.0485 2000.27 19892.3 46.0485 -2000.27 0.69746
3.9 -46.0586 2000.22 19896.8 46.0586 -2000.22 0.563858
3.905 -46.0693 2000.17 19901.5 46.0693 -2000.17 0.488864
3.91 -46.0805 2000.14 19906.3 46.0805 -2000.14 0.438788
3.915 -46.092 2000.1 19911.4 46.092 -2000.1 0.351256
3.92 -46.1038 2000.07 19916.6 46.1038 -2000.07 0.278632
3.925 -46.116 2000.05 19921.9 46.116 -2000.05 0.218208
3.93 -46.1284 2000.03 19927.3 46.1284 -2000.03 0.167789
3.935 -46.1411 2000.01 19932.8 46.1411 -2000.01 0.125589
3.94 -46.1538 2000 19938.4 46.1538 -2000 0.0901523
3.945 -46.1667 1999.98 19943.9 46.1667 -1999.98 0.0602814
3.95 -46.1795 1999.97 19949.5 46.1795 -1999.97 0.0349964
3.955 -46.1924 1999.96 19955.1 46.1924 -1999.96 0.0135007
3.96 -46.2052 1999.95 19960.6 46.2052 -1999.95 -0.0048517
3.965 -46.2178 1999.94 19966.1 46.2178 -1999.94 -0.0205879
3.97 -46.2304 1999.94 19971.6 46.2304 -1999.94 -0.0341406
3.975 -46.2427 1999.93 19976.9 46.2427 -1999.93 -0.0458625
3.98 -46.2548 1999.92 19982.1 46.2548 -1999.92 -0.0560393
3.985 -46.2667 1999.92 19987.3 46.2667 -1999.92 -0.064901
3.99 -46.2782 1999.91 19992.3 46.2782 -1999.91 -0.0726335
3.995 -46.2894 1999.9 19997.1 46.2894 -1999.9 -0.0810225
4 -46.2997 1999.85 20001.6 46.2997 -1999.85 -0.114586
4.005 -46.3111 1999.92 20006.4 46.3111 -1999.92 0.00918115
4.01 -46.3231 2000 20011.4 46.3231 -2000 0.153925
4.015 -46.3336 1999.98 20016 46.3336 -1999.98 0.108101
4.02 -46.3427 1999.85 20020 46.3427 -1999.85 0.0886825
4.025 -46.3516 1999.79 20023.8 46.3516 -1999.79 0.0824599
4.03 -46.3604 1999.82 20027.6 46.3604 -1999.82 0.0661504
4.035 -46.3688 1999.85 20031.3 46.3688 -1999.85 0.0527075
4.04 -46.3767 1999.87 20034.7 46.3767 -1999.87 0.0417856
4.045 -46.3846 1999.92 20038.1 46.3846 -1999.92 0.0359663
4.05 -46.3962 2000.5 20043.1 46.3962 -2000.5 0.0818398
4.055 -46.4031 2000.41 20046.1 46.4031 -2000.41 0.0669934
4.06 -46.4096 2000.34 20048.9 46.4096 -2000.34 0.0548561
4.065 -46.4159 2000.28 20051.6 46.4159 -2000.28 0.0449142
4.07 -46.4217 2000.23 20054.1 46.4217 -2000.23 0.0367714
4.075 -46.4271 2000.19 20056.5 46.4271 -2000.19 0.0301029
4.08 -46.4321 2000.15 20058.6 46.4321 -2000.15 0.0246425
4.085 -46.4366 2000.12 20060.6 46.4366 -2000.12 0.0201719
4.09 -46.4407 2000.1 20062.4 46.4407 -2000.1 0.0165122
4.095 -46.4444 2000.08 20064 46.4444 -2000.08 0.0135166
4.1 -46.4476 2000.07 20065.3 46.4476 -2000.07 0.0110648
4.105 -46.4503 2000.06 20066.5 46.4503 -2000.06 0.00905832
4.11 -46.4527 2000.05 20067.5 46.4527 -2000.05 0.00741637
4.115 -46.4546 2000.04 20068.4 46.4546 -2000.04 0.00607277
4.12 -46.456 2000.03 20069 46.456 -2000.03 0.00497328
4.125 -46.4571 2000.03 20069.5 46.4571 -2000.03 0.00407347
4.13 -46.4577 2000.02 20069.7 46.4577 -2000.02 0.00333694
4.135 -46.4579 2000.02 20069.8 46.4579 -2000.02 0.00273389
4.14 -46.4379 1999.98 20064.3 46.4379 -1999.98 -3.12277
4.145 -46.3895 1999.95 20046.4 46.3895 -1999.95 -6.16041
4.15 -46.3251 1999.96 20017.5 46.3251 -1999.96 -5.02888
4.155 -46.2359 1999.99 19976.9 46.2359 -1999.99 -3.00339
4.16 -46.1191 2000.01 19925.1 46.1191 -2000.01 -1.65908
4.165 -45.9745 2000.06 19862 45.9745 -2000.06 -1.00195
4.17 -45.8053 2000.1 19788.2 45.8053 -2000.1 -0.342429
4.175 -45.6145 2000.07 19705.3 45.6145 -2000.07 0.192923
4.18 -45.4055 2000.05 19614.4 45.4055 -2000.05 0.803585
4.185 -45.181 2000.02 19516.7 45.181 -2000.02 1.4937
4.19 -44.9441 2000 19413.6 44.9441 -2000 2.25714
4.195 -44.698 1999.98 19306.5 44.698 -1999.98 3.07711
4.2 -44.4464 1999.95 19196.9 44.4464 -1999.95 3.92505
4.205 -44.193 1999.93 19086.6 44.193 -1999.93 4.76519
4.21 -43.9413 1999.91 18977.1 43.9413 -1999.91 5.55625
4.215 -43.6941 1999.9 18869.6 43.6941 -1999.9 6.26386
4.22 -43.4537 1999.88 18765.1 43.4537 -1999.88 6.8594
4.225 -43.2219 1999.87 18664.5 43.2219 -1999.87 7.32442
4.23 -43 1999.86 18568.3 43 -1999.86 7.64841
4.235 -42.7891 1999.86 18477 42.7891 -1999.86 7.82944
4.24 -42.5899 1999.86 18391 42.5899 -1999.86 7.87275
4.245 -42.4031 1999.86 18310.4 42.4031 -1999.86 7.78743
4.25 -42.2287 1999.86 18235.2 42.2287 -1999.86 7.58839
4.255 -42.0669 1999.87 18165.6 42.0669 -1999.87 7.2935
4.26 -41.9214 1999.93 18101.2 41.9214 -1999.93 8.86457
4.265 -41.7841 1999.98 18041.5 41.7841 -1999.98 9.23826
4.27 -41.6554 1999.97 17986.9 41.6554 -1999.97 8.26424
4.275 -41.5389 1999.96 17937.5 41.5389 -1999.96 7.35502
4.28 -41.4343 1999.96 17893.1 41.4343 -1999.96 6.50815
4.285 -41.3413 1999.96 17853.7 41.3413 -1999.96 5.72232
4.29 -41.2596 1999.96 17819.2 41.2596 -1999.96 4.99637
4.295 -41.189 1999.96 17789.3 41.189 -1999.96 4.32927
4.3 -41.1292 1999.96 17764.1 41.1292 -1999.96 3.72008
4.305 -41.0803 1999.97 17743.5 41.0803 -1999.97 3.16781
4.31 -41.0422 1999.97 17727.6 41.0422 -1999.97 2.67151
4.315 -41.0151 1999.98 17716.3 41.0151 -1999.98 2.23066
4.32 -40.9988 1999.98 17709.6 40.9988 -1999.98 1.84536
4.325 -40.9933 1999.98 17707.6 40.9933 -1999.98 1.51604
4.33 -41.0065 1999.96 17712.3 41.0065 -1999.96 2.46005
4.335 -41.0383 1999.94 17725.4 41.0383 -1999.94 3.17735
4.34 -41.0859 1999.95 17746.5 41.0859 -1999.95 2.60326
4.345 -41.1524 1999.96 17775.7 41.1524 -1999.96 2.1329
4.35 -41.2376 1999.97 17812.9 41.2376 -1999.97 1.74747
4.355 -41.3411 1999.97 17857.9 41.3411 -1999.97 1.43149
4.36 -41.4622 1999.98 17910.5 41.4622 -1999.98 1.17205
4.365 -41.5997 1999.97 17970.2 41.5997 -1999.97 0.928155
4.37 -41.7527 1999.96 18036.4 41.7527 -1999.96 0.726796
4.375 -41.9194 1999.97 18108.6 41.9194 -1999.97 0.58298
4.38 -42.0975 2000.05 18184.6 42.0975 -2000.05 1.48129
4.385 -42.282 2000.11 18263.4 42.282 -2000.11 2.38079
4.39 -42.4677 2000.09 18344.1 42.4677 -2000.09 1.88234
4.395 -42.6566 2000.08 18426.2 42.6566 -2000.08 1.4382
4.4 -42.8465 2000.07 18508.6 42.8465 -2000.07 1.02922
4.405 -43.0355 2000.06 18590.7 43.0355 -2000.06 0.640387
4.41 -43.222 2000.06 18671.6 43.222 -2000.06 0.260904
4.415 -43.4045 2000.06 18750.9 43.4045 -2000.06 -0.115508
4.42 -43.582 2000.06 18827.9 43.582 -2000.06 -0.491166
4.425 -43.7534 2000.07 18902.3 43.7534 -2000.07 -0.865329
4.43 -43.9181 2000.07 18973.8 43.9181 -2000.07 -1.23452
4.435 -44.0755 2000.07 19042.2 44.0755 -2000.07 -1.59369
4.44 -44.2255 2000.08 19107.4 44.2255 -2000.08 -1.93827
4.445 -44.3684 2000.08 19169.4 44.3684 -2000.08 -2.26609
4.45 -44.5049 2000.09 19228.7 44.5049 -2000.09 -2.57873
4.455 -44.6357 2000.09 19285.5 44.6357 -2000.09 -2.88252
4.46 -44.7623 2000.09 19340.5 44.7623 -2000.09 -3.18964
4.465 -44.8859 2000.09 19394.2 44.8859 -2000.09 -3.51883
4.47 -45.0079 2000.09 19447.3 45.0079 -2000.09 -3.89782
4.475 -45.1296 2000.1 19500.4 45.1296 -2000.1 -4.356
4.48 -45.2517 2000.1 19553.7 45.2517 -2000.1 -4.92674
4.485 -45.3742 2000.1 19607.3 45.3742 -2000.1 -5.64674
4.49 -45.4966 2000.11 19661.1 45.4966 -2000.11 -6.54794
4.495 -45.6178 2000.12 19714.5 45.6178 -2000.12 -7.65533
4.5 -45.7364 2000.12 19767.1 45.7364 -2000.12 -8.98188
4.505 -45.8508 2000.13 19818 45.8508 -2000.13 -10.5147
4.51 -45.9592 2000.14 19866.6 45.9592 -2000.14 -12.1912
4.515 -46.0607 2000.17 19911.9 46.0607 -2000.17 -13.6865
4.52 -46.1538 2000.19 19953.4 46.1538 -2000.19 -14.9646
4.525 -46.238 2000.2 19991.1 46.238 -2000.2 -16.2814
4.53 -46.2926 1999.76 20018.2 46.2926 -1999.76 -19.8197
4.535 -46.3164 1999.32 20032.3 46.3164 -1999.32 -23.6126
4.54 -46.3489 1999.45 20044.8 46.3489 -1999.45 -22.0514
4.545 -46.377 1999.56 20054.9 46.377 -1999.56 -20.0281
4.55 -46.3986 1999.42 20062.3 46.3986 -1999.42 -18.0414
4.555 -46.4181 1999.37 20068.6 46.4181 -1999.37 -15.9477
4.56 -46.4369 1999.5 20074.5 46.4369 -1999.5 -13.7873
4.565 -46.4539 1999.61 20079.9 46.4539 -1999.61 -11.8196
4.57 -46.4695 1999.69 20084.9 46.4695 -1999.69 -10.0661
4.575 -46.484 1999.76 20089.6 46.484 -1999.76 -8.52732
4.58 -46.4977 1999.81 20094.2 46.4977 -1999.81 -7.19253
4.585 -46.5108 1999.85 20098.7 46.5108 -1999.85 -6.04512
4.59 -46.5235 1999.88 20103.2 46.5235 -1999.88 -5.06583
4.595 -46.536 1999.91 20107.8 46.536 -1999.91 -4.2348
4.6 -46.5482 1999.92 20112.4 46.5482 -1999.92 -3.53429
4.605 -46.5603 1999.91 20117 46.5603 -1999.91 -2.94924
4.61 -46.5726 1999.93 20121.8 46.5726 -1999.93 -2.45246
4.615 -46.585 1999.95 20126.8 46.585 -1999.95 -2.03689
4.62 -46.5976 1999.96 20131.8 46.5976 -1999.96 -1.69002
4.625 -46.6103 1999.96 20137.1 46.6103 -1999.96 -1.401
4.63 -46.6233 1999.97 20142.4 46.6233 -1999.97 -1.16055
4.635 -46.6365 1999.98 20147.9 46.6365 -1999.98 -0.960748
4.64 -46.65 1999.98 20153.6 46.65 -1999.98 -0.794895
4.645 -46.6636 1999.98 20159.3 46.6636 -1999.98 -0.657345
4.65 -46.6775 1999.99 20165.2 46.6775 -1999.99 -0.543357
4.655 -46.6915 1999.99 20171.2 46.6915 -1999.99 -0.448963
4.66 -46.7057 1999.99 20177.2 46.7057 -1999.99 -0.370848
4.665 -46.72 1999.99 20183.4 46.72 -1999.99 -0.306245
4.67 -46.7344 1999.99 20189.5 46.7344 -1999.99 -0.252848
4.675 -46.7489 1999.99 20195.7 46.7489 -1999.99 -0.208735
4.68 -46.7633 1999.99 20201.9 46.7633 -1999.99 -0.17231
4.685 -46.7778 1999.99 20208.2 46.7778 -1999.99 -0.142245
4.69 -46.7923 1999.99 20214.4 46.7923 -1999.99 -0.117439
4.695 -46.8067 1999.99 20220.6 46.8067 -1999.99 -0.0969781
4.7 -46.8211 2000 20226.8 46.8211 -2000 -0.0801063
4.705 -46.8355 2000 20233 46.8355 -2000 -0.0661972
4.71 -46.8498 2000 20239.2 46.8498 -2000 -0.054733
4.715 -46.8641 2000 20245.3 46.8641 -2000 -0.0452855
4.72 -46.8783 2000 20251.5 46.8783 -2000 -0.0375012
4.725 -46.8925 2000 20257.6 46.8925 -2000 -0.031088
4.73 -46.9082 2000.09 20264.2 46.9082 -2000.09 0.120626
4.735 -46.9248 2000.19 20271.2 46.9248 -2000.19 0.284391
4.74 -46.94 2000.16 20277.9 46.94 -2000.16 0.232836
4.745 -46.9553 2000.13 20284.5 46.9553 -2000.13 0.190618
4.75 -46.9706 2000.11 20291.1 46.9706 -2000.11 0.15604
4.755 -46.9859 2000.09 20297.8 46.9859 -2000.09 0.127721
4.76 -47.0012 2000.07 20304.4 47.0012 -2000.07 0.104527
4.765 -47.0165 2000.06 20311.1 47.0165 -2000.06 0.0855315
4.77 -47.0318 2000.05 20317.7 47.0318 -2000.05 0.069975
4.775 -47.0471 2000.04 20324.3 47.0471 -2000.04 0.0572352
4.78 -47.0622 2000.03 20330.8 47.0622 -2000.03 0.0468025
4.785 -47.0774 2000.03 20337.4 47.0774 -2000.03 0.0382594
4.79 -47.0924 2000.02 20343.9 47.0924 -2000.02 0.031264
4.795 -47.1074 2000.02 20350.4 47.1074 -2000.02 0.0255364
4.8 -47.1222 2000.01 20356.8 47.1222 -2000.01 0.0208471
4.805 -47.1369 2000.01 20363.1 47.1369 -2000.01 0.0170083
4.81 -47.1515 2000.01 20369.4 47.1515 -2000.01 0.0138662
4.815 -47.1659 2000.01 20375.6 47.1659 -2000.01 0.0112948
4.82 -47.1801 2000.01 20381.8 47.1801 -2000.01 0.00919078
4.825 -47.1941 2000 20387.8 47.1941 -2000 0.00746976
4.83 -47.2079 2000 20393.8 47.2079 -2000 0.00606249
4.835 -47.2214 2000 20399.6 47.2214 -2000 0.00491229
4.84 -47.2346 2000 20405.3 47.2346 -2000 0.00397273
4.845 -47.2475 2000 20410.9 47.2475 -2000 0.00320578
4.85 -47.2601 2000 20416.4 47.2601 -2000 0.00257802
4.855 -47.2724 2000 20421.7 47.2724 -2000 0.00206443
4.86 -47.2842 2000 20426.8 47.2842 -2000 0.00164671
4.865 -47.2957 2000 20431.7 47.2957 -2000 0.00130747
4.87 -47.3068 2000 20436.5 47.3068 -2000 0.00103242
4.875 -47.3175 2000 20441.2 47.3175 -2000 0.000809841
4.88 -47.3279 2000 20445.6 47.3279 -2000 0.000630163
4.885 -47.3378 2000 20449.9 47.3378 -2000 0.000485555
4.89 -47.3473 2000 20454 47.3473 -2000 0.000369626
4.895 -47.3564 2000 20458 47.3564 -2000 0.000277164
4.9 -47.365 2000 20461.7 47.365 -2000 0.000203912
4.905 -47.3732 2000 20465.2 47.3732 -2000 0.000146385
4.91 -47.3808 2000 20468.5 47.3808 -2000 0.000101712
4.915 -47.3879 2000 20471.6 47.3879 -2000 6.75142e-05
4.92 -47.3944 2000 20474.4 47.3944 -2000 4.18179e-05
4.925 -47.4003 2000 20476.9 47.4003 -2000 2.29776e-05
4.93 -47.4057 2000 20479.2 47.4057 -2000 9.60932e-06
4.935 -47.4104 2000 20481.3 47.4104 -2000 5.44397e-07
4.94 -47.4145 2000 20483.1 47.4145 -2000 -5.19943e-06
4.945 -47.418 2000 20484.6 47.418 -2000 -8.44228e-06
4.95 -47.421 2000 20485.9 47.421 -2000 -9.86629e-06
4.955 -47.4233 2000 20486.9 47.4233 -2000 -1.00339e-05
4.96 -47.4251 2000 20487.6 47.4251 -2000 -9.40018e-06
4.965 -47.4263 2000 20488.2 47.4263 -2000 -8.32258e-06
4.97 -47.427 2000 20488.5 47.427 -2000 -7.07366e-06
4.975 -47.4272 2000 20488.6 47.4272 -2000 -5.85398e-06
4.98 -47.3989 1999.98 20480.8 47.3989 -1999.98 -4.45254
4.985 -47.3442 1999.96 20460.6 47.3442 -1999.96 -7.94064
4.99 -47.2757 1999.97 20429.6 47.2757 -1999.97 -6.4805
4.995 -47.1806 1999.97 20387.2 47.1806 -1999.97 -5.24329
5 -47.0608 1999.98 20334.4 47.0608 -1999.98 -4.16301
5.005 -46.9182 1999.98 20271.9 46.9182 -1999.98 -3.18449
5.01 -46.7552 1999.98 20200.5 46.7552 -1999.98 -2.26343
5.015 -46.5736 1999.97 20121.2 46.5736 -1999.97 -1.36566
5.02 -46.3756 1999.97 20034.7 46.3756 -1999.97 -0.465882
5.025 -46.1679 2000.02 19941.8 46.1679 -2000.02 2.68639
5.03 -45.9419 2000.12 19841.9 45.9419 -2000.12 4.98199
5.035 -45.6975 2000.16 19735.7 45.6975 -2000.16 5.64599
5.04 -45.4426 2000.1 19625.1 45.4426 -2000.1 6.13592
5.045 -45.1802 2000.06 19511.1 45.1802 -2000.06 6.76664
5.05 -44.9115 2000.01 19394.3 44.9115 -2000.01 7.5159
5.055 -44.638 1999.97 19275.3 44.638 -1999.97 8.36235
5.06 -44.3608 1999.93 19154.6 44.3608 -1999.93 9.28641
5.065 -44.0808 1999.9 19032.6 44.0808 -1999.9 10.2706
5.07 -43.7988 1999.87 18909.8 43.7988 -1999.87 11.3004
5.075 -43.5156 1999.84 18786.4 43.5156 -1999.84 12.3627
5.08 -43.2319 1999.8 18662.8 43.2319 -1999.8 13.4388
5.085 -42.9489 1999.76 18539.4 42.9489 -1999.76 14.5188
5.09 -42.6675 1999.74 18416.8 42.6675 -1999.74 15.58
5.095 -42.3887 1999.72 18295.3 42.3887 -1999.72 16.5923
5.1 -42.1137 1999.7 18175.6 42.1137 -1999.7 17.5285
5.105 -41.8515 1999.81 18057.5 41.8515 -1999.81 22.3588
5.11 -41.5874 1999.85 17941.1 41.5874 -1999.85 24.6248
5.115 -41.3226 1999.8 17827.2 41.3226 -1999.8 24.1096
5.12 -41.0653 1999.76 17716.6 41.0653 -1999.76 23.6254
5.125 -40.8156 1999.72 17609.2 40.8156 -1999.72 23.1308
5.13 -40.5736 1999.7 17505.2 40.5736 -1999.7 22.6118
5.135 -40.3391 1999.68 17404.4 40.3391 -1999.68 22.0576
5.14 -40.1117 1999.67 17306.8 40.1117 -1999.67 21.4602
5.145 -39.8912 1999.67 17212.2 39.8912 -1999.67 20.8197
5.15 -39.6773 1999.67 17120.5 39.6773 -1999.67 20.1381
5.155 -39.4686 1999.53 17031.2 39.4686 -1999.53 19.2871
5.16 -39.2669 1999.45 16944.8 39.2669 -1999.45 18.4549
5.165 -39.0725 1999.49 16861.6 39.0725 -1999.49 17.7156
5.17 -38.8838 1999.52 16780.8 38.8838 -1999.52 16.9463
5.175 -38.7004 1999.55 16702.4 38.7004 -1999.55 16.1537
5.18 -38.5223 1999.58 16626.3 38.5223 -1999.58 15.345
5.185 -38.3489 1999.44 16552.2 38.3489 -1999.44 14.5289
5.19 -38.1816 1999.36 16480.8 38.1816 -1999.36 13.714
5.195 -38.0205 1999.41 16412 38.0205 -1999.41 12.9065
5.2 -37.8638 1999.46 16345.1 37.8638 -1999.46 12.1124
5.205 -37.7113 1999.49 16279.9 37.7113 -1999.49 11.3382
5.21 -37.5627 1999.52 16216.5 37.5627 -1999.52 10.5896
5.215 -37.4177 1999.55 16154.6 37.4177 -1999.55 9.87086
5.22 -37.2762 1999.57 16094.2 37.2762 -1999.57 9.18459
5.225 -37.138 1999.59 16035.1 37.138 -1999.59 8.53249
5.23 -37.003 1999.61 15977.4 37.003 -1999.61 7.91518
5.235 -36.8709 1999.62 15920.9 36.8709 -1999.62 7.33275
5.24 -36.7417 1999.63 15865.6 36.7417 -1999.63 6.7862
5.245 -36.6152 1999.64 15811.5 36.6152 -1999.64 6.27421
5.25 -36.4913 1999.65 15758.5 36.4913 -1999.65 5.79595
5.255 -36.3699 1999.65 15706.5 36.3699 -1999.65 5.3503
5.26 -36.2509 1999.66 15655.5 36.2509 -1999.66 4.93593
5.265 -36.1343 1999.66 15605.5 36.1343 -1999.66 4.5514
5.27 -36.0199 1999.66 15556.4 36.0199 -1999.66 4.19517
5.275 -35.9076 1999.66 15508.2 35.9076 -1999.66 3.86558
5.28 -35.7994 1999.69 15461 35.7994 -1999.69 4.34561
5.285 -35.6919 1999.7 15414.6 35.6919 -1999.7 4.32206
5.29 -35.5853 1999.69 15369 35.5853 -1999.69 3.85622
5.295 -35.4784 1999.49 15323.5 35.4784 -1999.49 3.13045
5.3 -35.3752 1999.35 15279.5 35.3752 -1999.35 2.5717
5.305 -35.2769 1999.38 15237.3 35.2769 -1999.38 2.33602
5.31 -35.1806 1999.41 15195.9 35.1806 -1999.41 2.12225
5.315 -35.0864 1999.42 15155.4 35.0864 -1999.42 1.92832
5.32 -34.994 1999.43 15115.7 34.994 -1999.43 1.75221
5.325 -34.9037 1999.44 15076.8 34.9037 -1999.44 1.5921
5.33 -34.8153 1999.44 15038.8 34.8153 -1999.44 1.4463
5.335 -34.7288 1999.44 15001.5 34.7288 -1999.44 1.31331
5.34 -34.6443 1999.43 14965.2 34.6443 -1999.43 1.19174
5.345 -34.5618 1999.42 14929.6 34.5618 -1999.42 1.08037
5.35 -34.4813 1999.4 14894.9 34.4813 -1999.4 0.978059
5.355 -34.4026 1999.36 14861.1 34.4026 -1999.36 0.872522
5.36 -34.3267 1999.31 14828.3 34.3267 -1999.31 0.775034
5.365 -34.2535 1999.32 14796.8 34.2535 -1999.32 0.711802
5.37 -34.1819 1999.33 14765.9 34.1819 -1999.33 0.652388
5.375 -34.112 1999.33 14735.8 34.112 -1999.33 0.59672
5.38 -34.0437 1999.32 14706.3 34.0437 -1999.32 0.54454
5.385 -33.9754 1999.17 14677.1 33.9754 -1999.17 0.274392
5.39 -33.9105 1999.05 14649.2 33.9105 -1999.05 0.095706
5.395 -33.8501 1999.05 14623.1 33.8501 -1999.05 0.127367
5.4 -33.7919 1999.04 14597.9 33.7919 -1999.04 0.148017
5.405 -33.7362 1999 14573.9 33.7362 -1999 0.159628
5.41 -33.6828 1998.66 14550.8 33.6828 -1998.66 0.114659
5.415 -33.6363 1998.66 14530.7 33.6363 -1998.66 0.12179
5.42 -33.5939 1998.89 14512.4 33.5939 -1998.89 0.163821
5.425 -33.5357 2000.42 14489.6 33.5357 -2000.42 -2.14836
5.43 -33.4487 2002.7 14453.2 33.4487 -2002.7 -3.33365
5.435 -33.3319 2002.15 14402.2 33.3319 -2002.15 -2.80809
5.44 -33.216 2001.75 14351.6 33.216 -2001.75 -2.27388
5.445 -33.1006 2001.44 14301.2 33.1006 -2001.44 -1.75754
5.45 -32.9851 2001.2 14250.9 32.9851 -2001.2 -1.32995
5.455 -32.8696 2001 14200.6 32.8696 -2001 -0.977256
5.46 -32.7544 2000.41 14150.4 32.7544 -2000.41 -0.535425
5.465 -32.6438 2000 14102.3 32.6438 -2000 -0.215157
5.47 -32.5379 1999.92 14056.4 32.5379 -1999.92 -0.0620348
5.475 -32.4332 1999.84 14011.1 32.4332 -1999.84 0.0576774
5.48 -32.3285 1999.69 13965.9 32.3285 -1999.69 -0.0384803
5.485 -32.2259 1999.57 13921.7 32.2259 -1999.57 -0.100961
5.49 -32.1264 1999.53 13878.6 32.1264 -1999.53 -0.0066257
5.495 -32.0288 1999.48 13836.4 32.0288 -1999.48 0.0653632
5.5 -31.9332 1999.44 13795 31.9332 -1999.44 0.119806
5.505 -31.8397 1999.4 13754.6 31.8397 -1999.4 0.160451
5.51 -31.7486 1999.35 13715.2 31.7486 -1999.35 0.190504
5.515 -31.6599 1999.3 13676.9 31.6599 -1999.3 0.212731
5.52 -31.574 1999.25 13639.7 31.574 -1999.25 0.229641
5.525 -31.491 1999.2 13603.9 31.491 -1999.2 0.260871
5.53 -31.413 1999.38 13569.9 31.413 -1999.38 0.512093
5.535 -31.3353 1999.5 13536.2 31.3353 -1999.5 0.675317
5.54 -31.2571 1999.39 13502.5 31.2571 -1999.39 0.629169
5.545 -31.1826 1999.29 13470.3 31.1826 -1999.29 0.593471
5.55 -31.1119 1999.2 13439.8 31.1119 -1999.2 0.567427
5.555 -31.0454 1999.11 13411.1 31.0454 -1999.11 0.549921
5.56 -30.9835 1999.01 13384.3 30.9835 -1999.01 0.540202
5.565 -30.922 1999.94 13358.6 30.922 -1999.94 -0.278166
5.57 -30.8413 2002.61 13326 30.8413 -2002.61 -2.503
5.575 -30.7297 2003.59 13278.5 30.7297 -2003.59 -3.29146
5.58 -30.6019 2002.74 13222.7 30.6019 -2002.74 -2.66072
5.585 -30.4793 2002.11 13168.7 30.4793 -2002.11 -1.66926
5.59 -30.3597 2001.67 13116.6 30.3597 -2001.67 -1.22211
5.595 -30.2429 2001.16 13065.6 30.2429 -2001.16 -0.733131
5.6 -30.1307 2000.68 13016.8 30.1307 -2000.68 -0.304403
5.605 -30.0228 2000.46 12969.9 30.0228 -2000.46 -0.103013
5.61 -29.9167 2000.27 12924 29.9167 -2000.27 0.0557922
5.615 -29.8103 1999.97 12878.2 29.8103 -1999.97 -0.145326
5.62 -29.7073 1999.76 12833.8 29.7073 -1999.76 -0.182888
5.625 -29.6082 1999.66 12790.8 29.6082 -1999.66 -0.0417555
5.63 -29.5113 1999.55 12748.8 29.5113 -1999.55 0.0720067
5.635 -29.417 1999.46 12708 29.417 -1999.46 0.165301
5.64 -29.3255 1999.36 12668.4 29.3255 -1999.36 0.243864
5.645 -29.2371 1999.27 12630.1 29.2371 -1999.27 0.312847
5.65 -29.1528 1999.19 12593.6 29.1528 -1999.19 0.446576
5.655 -29.0723 1999.12 12558.7 29.0723 -1999.12 0.568043
5.66 -28.9959 1999.02 12525.6 28.9959 -1999.02 0.629293
5.665 -28.9227 1999.15 12494.2 28.9227 -1999.15 0.434805
5.67 -28.8346 1999.85 12456.9 28.8346 -1999.85 -0.353287
5.675 -28.7397 1999.73 12415.7 28.7397 -1999.73 -0.112721
5.68 -28.6479 1999.62 12375.8 28.6479 -1999.62 0.108707
5.685 -28.5624 1999.29 12338.5 28.5624 -1999.29 0.419617
5.69 -28.485 1999.03 12304.9 28.485 -1999.03 0.62399
5.695 -28.4166 1998.68 12275.1 28.4166 -1998.68 0.879317
5.7 -28.3584 1998.7 12249.8 28.3584 -1998.7 1.01762
5.705 -28.3023 1999.11 12225.5 28.3023 -1999.11 1.09129
5.71 -28.2422 1999.16 12199.6 28.2422 -1999.16 1.02121
5.715 -28.1843 1999.2 12174.6 28.1843 -1999.2 0.965593
5.72 -28.1287 1999.23 12150.7 28.1287 -1999.23 0.923345
5.725 -28.0757 1999.25 12127.8 28.0757 -1999.25 0.892129
5.73 -28.0253 1999.26 12106 28.0253 -1999.26 0.86997
5.735 -27.9777 1999.27 12085.5 27.9777 -1999.27 0.855144
5.74 -27.933 1999.27 12066.2 27.933 -1999.27 0.846088
5.745 -27.8871 1999.61 12047 27.8871 -1999.61 0.218313
5.75 -27.808 2000.64 12014.7 27.808 -2000.64 -1.6527
5.755 -27.7167 2000.45 11974.9 27.7167 -2000.45 -1.27147
5.76 -27.6302 2000.08 11936.7 27.6302 -2000.08 -0.522292
5.765 -27.5493 1999.8 11901.2 27.5493 -1999.8 0.0620801
5.77 -27.4741 1999.7 11868.5 27.4741 -1999.7 0.290157
5.775 -27.4024 1999.62 11837.4 27.4024 -1999.62 0.484619
5.78 -27.3345 1999.63 11807.9 27.3345 -1999.63 0.642778
5.785 -27.2663 1999.77 11778.3 27.2663 -1999.77 0.761104
5.79 -27.155 2002.38 11736.2 27.155 -2002.38 -5.29278
5.795 -26.9642 2005.87 11662.3 26.9642 -2005.87 -13.781
5.8 -26.7528 2004.9 11570.8 26.7528 -2004.9 -13.5543
5.805 -26.5483 2003.84 11479.9 26.5483 -2003.84 -11.0237
5.81 -26.36 2002.77 11395.1 26.36 -2002.77 -7.6354
5.815 -26.1802 2002.01 11315.1 26.1802 -2002.01 -5.22715
5.82 -26.0066 2001.44 11238.3 26.0066 -2001.44 -3.45608
5.825 -25.8389 2000.95 11164.4 25.8389 -2000.95 -1.99312
5.83 -25.6783 2000.53 11093.5 25.6783 -2000.53 -0.450131
5.835 -25.5245 2000.16 11025.4 25.5245 -2000.16 1.16568
5.84 -25.3763 1999.78 10960.7 25.3763 -1999.78 1.87478
5.845 -25.2337 1999.34 10898.8 25.2337 -1999.34 2.13142
5.85 -24.9635 2005.93 10800.8 24.9635 -2005.93 -16.5622
5.855 -24.6932 2008.12 10690.2 24.6932 -2008.12 -22.7608
5.86 -24.4237 2006.38 10569.5 24.4237 -2006.38 -18.5056
5.865 -24.1586 2005.04 10450.8 24.1586 -2005.04 -14.3415
5.87 -23.9115 2003.56 10339.4 23.9115 -2003.56 -9.58515
5.875 -23.6686 2002.6 10231.5 23.6686 -2002.6 -6.66566
5.88 -23.4309 2001.71 10126.4 23.4309 -2001.71 -4.23494
5.885 -23.2002 2000.94 10024.6 23.2002 -2000.94 -2.10676
5.89 -22.9779 2000.23 9926.67 22.9779 -2000.23 -0.233374
5.895 -22.7663 1999.6 9833.5 22.7663 -1999.6 1.52497
5.9 -22.421 2004.84 9703.3 22.421 -2004.84 -17.4421
5.905 -22.0154 2008.02 9540.67 22.0154 -2008.02 -30.0037
5.91 -21.6175 2006.63 9365.38 21.6175 -2006.63 -26.6427
5.915 -21.178 2006.46 9174.34 21.178 -2006.46 -25.4339
5.92 -20.7563 2004.82 8984.3 20.7563 -2004.82 -17.5908
5.925 -20.3419 2003.27 8799.45 20.3419 -2003.27 -11.7601
5.93 -19.9275 2002.38 8617.11 19.9275 -2002.38 -8.42835
5.935 -19.5315 2001.02 8441.26 19.5315 -2001.02 -3.67446
5.94 -19.1456 1999.99 8270.94 19.1456 -1999.99 -0.0643869
5.945 -18.7707 1999.36 8106.72 18.7707 -1999.36 2.20627
5.95 -18.1676 2006.69 7876.48 18.1676 -2006.69 -28.0709
5.955 -17.5942 2009.46 7639.22 17.5942 -2009.46 -38.5209
5.96 -17.0637 2007.53 7402.36 17.0637 -2007.53 -30.8474
5.965 -16.5326 2005.97 7166.66 16.5326 -2005.97 -24.568
5.97 -16.0171 2004.19 6936.71 16.0171 -2004.19 -17.3449
5.975 -15.5331 2002.23 6719.72 15.5331 -2002.23 -9.43109
5.98 -15.0561 2001.1 6509.3 15.0561 -2001.1 -5.0706
5.985 -14.5926 2000.18 6305.43 14.5926 -2000.18 -1.41916
5.99 -13.8986 2006.18 6035.53 13.8986 -2006.18 -31.3261
5.995 -13.1809 2009.38 5741.64 13.1809 -2009.38 -47.4814
6 -12.5325 2007.4 5452.19 12.5325 -2007.4 -38.1592
6.005 -11.8811 2005.87 5163.12 11.8811 -2005.87 -30.4928
6.01 -11.2278 2004.59 4874.57 11.2278 -2004.59 -24.1598
6.015 -10.4965 2005.28 4563.84 10.4965 -2005.28 -29.3621
6.02 -9.78862 2004.82 4256.39 9.78862 -2004.82 -27.7079
6.025 -9.05949 2004.46 3940.02 9.05949 -2004.46 -26.3214
6.03 -8.1322 2006.74 3554.04 8.1322 -2006.74 -40.9309
6.035 -7.27173 2005.32 3174.36 7.27173 -2005.32 -32.9775
6.04 -6.4087 2004.12 2794.31 6.4087 -2004.12 -25.7496
6.045 -5.54926 2003 2416.37 5.54926 -2003 -19.0908
6.05 -4.68242 2002.25 2037.4 4.68242 -2002.25 -14.5978
6.055 -3.81865 2001.49 1659.73 3.81865 -2001.49 -10.0694
6.06 -2.90676 2002 1271.06 2.90676 -2002 -15.3395
6.065 -1.78963 2004.88 809.878 1.78963 -2004.88 -36.7563
6.07 -0.763506 2003.74 358.926 0.763506 -2003.74 -29.0913
6.075 0.269394 2002.9 -93.5498 -0.269394 -2002.9 -22.8283
6.08 1.30752 2002.2 -547.205 -1.30752 -2002.2 -17.643
6.085 2.4285 2002.9 -1025.06 -2.4285 -2002.9 -24.0526
6.09 3.76572 2005.57 -1578.01 -3.76572 -2005.57 -48.7766
6.095 5.02139 2004.8 -2125.16 -5.02139 -2004.8 -44.08
6.1 6.25425 2003.47 -2669.27 -6.25425 -2003.47 -32.5716
6.105 7.6678 2004.88 -3264.8 -7.6678 -2004.88 -47.686
6.11 9.11162 2005.57 -3880.91 -9.11162 -2005.57 -55.3109
6.115 10.5039 2004.52 -4492.89 -10.5039 -2004.52 -44.7898
6.12 11.9101 2003.66 -5108.98 -11.9101 -2003.66 -36.1731
6.125 13.2777 2002.15 -5713.88 -13.2777 -2002.15 -22.0708
6.13 14.641 2000.97 -6313.95 -14.641 -2000.97 -10.9603
6.135 16.121 2001.43 -6944.64 -16.121 -2001.43 -19.6215
6.14 17.6786 2001.48 -7611.24 -17.6786 -2001.48 -25.928
6.145 19.1738 2000.4 -8269.47 -19.1738 -2000.4 -13.6084
6.15 20.6821 2000.33 -8922.6 -20.6821 -2000.33 -12.0546
6.155 22.2256 2000.46 -9585.86 -22.2256 -2000.46 -15.6023
6.16 24.1828 2002.8 -10389.7 -24.1828 -2002.8 -57.2465
6.165 25.8996 2002.14 -11151.1 -25.8996 -2002.14 -37.4947
6.17 27.9252 2003.86 -11996 -27.9252 -2003.86 -67.7288
6.175 30.0868 2006.9 -12899 -30.0868 -2006.9 -98.5332
6.18 32.1977 2009.18 -13811.6 -32.1977 -2009.18 -97.8521
6.185 34.3044 2012.59 -14723.3 -34.3044 -2012.59 -96.2518
6.19 36.7885 2012.88 -15748.2 -36.7885 -2012.88 -144.452
6.195 39.4817 2013.28 -16866.5 -39.4817 -2013.28 -189.573
6.2 41.8093 2011.87 -17921.8 -41.8093 -2011.87 -139.804
6.205 44.2261 2010.18 -18969.8 -44.2261 -2010.18 -135.838
6.21 46.5625 2008.35 -19988.3 -46.5625 -2008.35 -126.736
6.215 48.7562 2007.18 -20943.1 -48.7562 -2007.18 -119.52
6.22 50.5814 2003.92 -21744.8 -50.5814 -2003.92 -106.373
6.225 51.9904 2002.81 -22422.9 -51.9904 -2002.81 -36.9271
6.23 53.0239 2003.27 -22958.1 -53.0239 -2003.27 51.7792
6.235 54.0855 2003.41 -23437.4 -54.0855 -2003.41 72.5327
6.24 54.9315 2003.36 -23827.5 -54.9315 -2003.36 97.1259
6.245 54.94 2002.76 -23985 -54.94 -2002.76 250.886
6.25 54.7195 2001.01 -23996.8 -54.7195 -2001.01 358.031
6.255 54.3228 1997.26 -23854.3 -54.3228 -1997.26 386.865
6.26 53.5727 1994.87 -23557.1 -53.5727 -1994.87 413.706
6.265 52.6235 1992.64 -23142.3 -52.6235 -1992.64 408.951
6.27 51.6813 1992.41 -22682.9 -51.6813 -1992.41 356.598
6.275 50.6001 1991.18 -22159.2 -50.6001 -1991.18 299.972
6.28 49.3694 1989.74 -21582.1 -49.3694 -1989.74 254.577
6.285 48.0159 1989.43 -20967.4 -48.0159 -1989.43 224.544
6.29 47.8334 1995.71 -20669.3 -47.8334 -1995.71 5.27245
6.295 47.9251 1999.58 -20524.9 -47.9251 -1999.58 -178.789
6.3 47.8823 2001.31 -20465.4 -47.8823 -2001.31 -219.722
6.305 47.7178 2000.74 -20421.2 -47.7178 -2000.74 -192.89
6.31 47.5182 1999.8 -20373.5 -47.5182 -1999.8 -154.313
6.315 47.3422 1999.51 -20326.8 -47.3422 -1999.51 -125.035
6.32 47.2876 2000.53 -20310.4 -47.2876 -2000.53 -117.789
6.325 47.224 2000.77 -20295.6 -47.224 -2000.77 -105.183
6.33 47.1346 2000.35 -20277.1 -47.1346 -2000.35 -85.0234
6.335 47.0557 2000.14 -20258.9 -47.0557 -2000.14 -69.1242
6.34 46.9822 1999.96 -20240.3 -46.9822 -1999.96 -56.075
6.345 46.9129 1999.8 -20221 -46.9129 -1999.8 -45.3624
6.35 46.8976 2000.42 -20215.8 -46.8976 -2000.42 -43.9806
6.355 46.8849 2000.72 -20213.5 -46.8849 -2000.72 -40.7777
6.36 46.8545 2000.46 -20208.2 -46.8545 -2000.46 -32.9365
6.365 46.8265 2000.23 -20202.5 -46.8265 -2000.23 -26.5019
6.37 46.7803 1999.1 -20190.1 -46.7803 -1999.1 -18.9756
6.375 46.7192 1997.82 -20170.8 -46.7192 -1997.82 -11.9028
6.38 46.6793 1998.05 -20156.1 -46.6793 -1998.05 -9.36478
6.385 46.6387 1998.22 -20140.7 -46.6387 -1998.22 -7.23888
6.39 46.5972 1998.34 -20124.5 -46.5972 -1998.34 -5.47345
6.395 46.5546 1998.44 -20107.6 -46.5546 -1998.44 -3.99956
6.4 46.5148 1998.59 -20091.1 -46.5148 -1998.59 -3.30008
6.405 46.5015 1999.13 -20083.5 -46.5015 -1999.13 -5.10219
6.41 46.4586 1998.2 -20068.1 -46.4586 -1998.2 -2.01255
6.415 46.4105 1997.43 -20049.9 -46.4105 -1997.43 0.533359
6.42 46.3648 1997.34 -20031.2 -46.3648 -1997.34 1.63842
6.425 46.3112 1997.1 -20009.3 -46.3112 -1997.1 2.87185
6.43 46.2397 1996.37 -19980.6 -46.2397 -1996.37 5.07562
6.435 46.1499 1995.75 -19943.6 -46.1499 -1995.75 6.86795
6.44 46.0558 1996.08 -19903.2 -46.0558 -1996.08 7.08741
6.445 45.981 1998.3 -19868.8 -45.981 -1998.3 5.04199
6.45 45.8339 1995.95 -19813.6 -45.8339 -1995.95 13.332
6.455 45.6457 1992.78 -19738.2 -45.6457 -1992.78 19.2474
6.46 45.5289 1995.44 -19673.8 -45.5289 -1995.44 5.30129
6.465 45.502 1998.55 -19646.6 -45.502 -1998.55 -10.2196
6.47 45.4322 1997.66 -19619.4 -45.4322 -1997.66 -7.32606
6.475 45.3582 1997.4 -19590 -45.3582 -1997.4 -4.77564
6.48 45.3646 2000.49 -19584.3 -45.3646 -2000.49 -13.2366
6.485 45.4085 2002.97 -19596.4 -45.4085 -2002.97 -20.0504
6.49 45.4149 2002.52 -19603 -45.4149 -2002.52 -16.2219
6.495 45.4214 2002.29 -19609.3 -45.4214 -2002.29 -12.8086
6.5 45.4281 2002.09 -19614.9 -45.4281 -2002.09 -10.021
6.505 45.4347 2001.89 -19620 -45.4347 -2001.89 -7.8213
6.51 45.4414 2001.68 -19624.6 -45.4414 -2001.68 -6.11745
6.515 45.461 2002.03 -19632.9 -45.461 -2002.03 -6.2827
6.52 45.4841 2002.26 -19642.7 -45.4841 -2002.26 -6.38375
6.525 45.499 2001.92 -19650.5 -45.499 -2001.92 -5.07866
6.53 45.5142 2001.61 -19658.1 -45.5142 -2001.61 -4.0577
6.535 45.5296 2001.35 -19665.5 -45.5296 -2001.35 -3.256
6.54 45.5453 2001.13 -19673 -45.5453 -2001.13 -2.62076
6.545 45.5611 2000.94 -19680.3 -45.5611 -2000.94 -2.1141
6.55 45.5771 2000.78 -19687.6 -45.5771 -2000.78 -1.70806
6.555 45.5931 2000.64 -19694.8 -45.5931 -2000.64 -1.38152
6.56 45.6092 2000.53 -19702.1 -45.6092 -2000.53 -1.11824
6.565 45.6253 2000.44 -19709.2 -45.6253 -2000.44 -0.905552
6.57 45.6415 2000.37 -19716.4 -45.6415 -2000.37 -0.733496
6.575 45.6576 2000.3 -19723.5 -45.6576 -2000.3 -0.594159
6.58 45.6738 2000.25 -19730.6 -45.6738 -2000.25 -0.481233
6.585 45.6899 2000.21 -19737.7 -45.6899 -2000.21 -0.389661
6.59 45.706 2000.17 -19744.7 -45.706 -2000.17 -0.315378
6.595 45.7221 2000.14 -19751.7 -45.7221 -2000.14 -0.255107
6.6 45.7381 2000.12 -19758.7 -45.7381 -2000.12 -0.2062
6.605 45.7541 2000.1 -19765.6 -45.7541 -2000.1 -0.166515
6.61 45.77 2000.08 -19772.5 -45.77 -2000.08 -0.134318
6.615 45.7859 2000.07 -19779.4 -45.7859 -2000.07 -0.108202
6.62 45.7964 1999.54 -19784.3 -45.7964 -1999.54 0.243221
6.625 0.410765 -190.149 -126.309 -0.410765 190.149 -51.1418
