0.1 -5.84341e-32 200 -3.64153e-14
0.2 -5.91646e-31 400 1.42109e-14
0.3 -4.09039e-31 600 -1.68754e-13
0.4 -1.08103e-30 800 -1.13687e-13
0.5 8.18078e-31 1000 3.37508e-13
0.6 1.63616e-30 1200 4.90274e-13
0.7 3.50605e-31 1400 3.83693e-13
0.8 8.18078e-31 1600 4.33431e-13
0.9 -1.40242e-30 1800 -4.12115e-13
1 2.92171e-30 2000 -4.12115e-13
0.005 -0.0010489 2000 0.454655
0.01 -0.00523684 2000 2.26507
0.015 -0.0135986 2000 5.87683
0.02 -0.0261201 2000 11.2857
0.025 -0.0427857 2000 18.485
0.03 -0.0635794 2000 27.4677
0.035 -0.0884841 2000 38.2264
0.04 -0.117482 2000 50.7535
0.045 -0.150555 2000 65.0411
0.05 -0.187684 2000 81.0809
0.055 -0.228849 2000 98.8641
0.06 -0.274028 2000 118.382
0.065 -0.323203 2000 139.626
0.07 -0.376353 2000 162.587
0.075 -0.433459 2000 187.257
0.08 -0.494505 2000 213.63
0.085 -0.559472 2000 241.696
0.09 -0.628339 2000 271.446
0.095 -0.701084 2000 302.873
0.1 -0.777687 2000 335.966
0.105 -0.858123 2000 370.715
0.11 -0.942363 2000 407.107
0.115 -1.03037 2000 445.129
0.12 -1.12212 2000 484.765
0.125 -1.21758 2000 526.003
0.13 -1.31673 2000 568.836
0.135 -1.41956 2000 613.259
0.14 -1.52605 2000 659.266
0.145 -1.6362 2000 706.849
0.15 -1.74997 2000 755.998
0.155 -1.86733 2000 806.699
0.16 -1.98825 2000 858.937
0.165 -2.11269 2000 912.697
0.17 -2.24063 2000 967.969
0.175 -2.37205 2000 1024.74
0.18 -2.50691 2000 1083
0.185 -2.64515 2000 1142.72
0.19 -2.78672 2000 1203.88
0.195 -2.93156 2000 1266.46
0.2 -3.07967 2000 1330.44
0.205 -3.23103 2000 1395.83
0.21 -3.38565 2000 1462.62
0.215 -3.54352 2000 1530.83
0.22 -3.70463 2000 1600.43
0.225 -3.86896 2000 1671.42
0.23 -4.03648 2000 1743.79
0.235 -4.20715 2000 1817.52
0.24 -4.38095 2000 1892.6
0.245 -4.55785 2000 1969.03
0.25 -4.73781 2000 2046.77
0.255 -4.92075 1999.99 2125.8
0.26 -5.1066 1999.99 2206.09
0.265 -5.29529 1999.99 2287.6
0.27 -5.4868 1999.99 2370.34
0.275 -5.68118 1999.99 2454.32
0.28 -5.87844 1999.99 2539.53
0.285 -6.07856 1999.99 2625.98
0.29 -6.28148 1999.99 2713.65
0.295 -6.48715 1999.99 2802.5
0.3 -6.69547 1999.99 2892.5
0.305 -6.90634 1999.99 2983.59
0.31 -7.11966 1999.99 3075.75
0.315 -7.33538 1999.99 3168.94
0.32 -7.55346 1999.99 3263.15
0.325 -7.77383 1999.99 3358.35
0.33 -7.99641 1999.99 3454.51
0.335 -8.22113 1999.99 3551.59
0.34 -8.44797 1999.99 3649.59
0.345 -8.67694 1999.99 3748.5
0.35 -8.90803 1999.99 3848.34
0.355 -9.14127 1999.99 3949.1
0.36 -9.37668 1999.99 4050.8
0.365 -9.61434 1999.99 4153.47
0.37 -9.85426 1999.99 4257.12
0.375 -10.0965 1999.99 4361.74
0.38 -10.3409 1999.99 4467.33
0.385 -10.5874 1999.99 4573.86
0.39 -10.8361 1999.99 4681.27
0.395 -11.0866 1999.99 4789.51
0.4 -11.3389 1999.99 4898.51
0.405 -11.5929 1999.99 5008.23
0.41 -11.8485 1999.99 5118.63
0.415 -12.1056 1999.99 5229.7
0.42 -12.3642 1999.99 5341.43
0.425 -12.6243 1999.99 5453.79
0.43 -12.8859 1999.99 5566.8
0.435 -13.149 1999.99 5680.48
0.44 -13.4138 1999.99 5794.88
0.445 -13.6804 1999.99 5910.01
0.45 -13.9485 1999.99 6025.84
0.455 -14.218 1999.99 6142.27
0.46 -14.4887 1999.99 6259.23
0.465 -14.7603 1999.99 6376.57
0.47 -15.0326 1999.99 6494.19
0.475 -15.3054 1999.99 6612.03
0.48 -15.5785 1999.99 6730.04
0.485 -15.8521 1999.99 6848.21
0.49 -16.1259 1999.99 6966.52
0.495 -16.4001 1999.99 7084.94
0.5 -16.6744 1999.99 7203.46
0.505 -16.949 1999.99 7322.1
0.51 -17.2241 1999.99 7440.93
0.515 -17.4998 1999.99 7560.04
0.52 -17.7762 1999.99 7679.43
0.525 -18.0533 1999.99 7799.16
0.53 -18.3312 1999.99 7919.21
0.535 -18.6098 1999.99 8039.54
0.54 -18.8888 1999.99 8160.09
0.545 -19.1682 1999.98 8280.81
0.55 -19.4479 1999.98 8401.62
0.555 -19.7275 1999.98 8522.43
0.56 -20.0069 1999.98 8643.12
0.565 -20.2859 1999.98 8763.63
0.57 -20.5643 1999.98 8883.91
0.575 -20.8421 1999.98 9003.93
0.58 -21.1193 1999.98 9123.68
0.585 -21.3958 1999.98 9243.13
0.59 -21.6716 1999.98 9362.26
0.595 -21.9466 1999.98 9481.06
0.6 -22.2209 1999.98 9599.57
0.605 -22.4946 1999.98 9717.82
0.61 -22.7678 1999.98 9835.83
0.615 -23.0352 2000.01 9952.05
0.62 -23.3011 2000.02 10067.4
0.625 -23.5686 2000.01 10182.7
0.63 -23.8349 2000.01 10297.6
0.635 -24.1002 2000 10412
0.64 -24.3647 2000 10526.2
0.645 -24.6279 2000 10639.9
0.65 -24.8856 2000.02 10751.7
0.655 -25.146 2000.01 10864
0.66 -25.4065 2000.01 10976.4
0.665 -25.6673 2000 11088.9
0.67 -25.9277 2000 11201.3
0.675 -26.1871 2000 11313.3
0.68 -26.443 2000 11424
0.685 -26.6859 2000.04 11529.9
0.69 -26.9294 2000.03 11634.8
0.695 -27.1688 2000.02 11738
0.7 -27.404 2000.01 11839.4
0.705 -27.6354 2000.01 11939.3
0.71 -27.8462 2000.12 12031.8
0.715 -28.057 2000.16 12123.2
0.72 -28.2686 2000.12 12214.1
0.725 -28.4773 2000.1 12303.9
0.73 -28.6829 2000.08 12392.4
0.735 -28.8851 2000.06 12479.6
0.74 -29.0827 2000.05 12564.9
0.745 -29.2697 2000.07 12646.2
0.75 -29.4558 2000.06 12726.3
0.755 -29.6379 2000.04 12804.7
0.76 -29.8106 2000.08 12879.7
0.765 -29.9756 2000.11 12951.2
0.77 -30.1407 2000.09 13022.2
0.775 -30.3041 2000.07 13092.6
0.78 -30.4666 2000.06 13162.6
0.785 -30.6288 2000.04 13232.5
0.79 -30.7911 2000.03 13302.4
0.795 -30.9534 2000.03 13372.5
0.8 -31.1155 2000.02 13442.4
0.805 -31.2769 2000.01 13512
0.81 -31.4369 2000.01 13581.1
0.815 -31.5947 2000.01 13649.2
0.82 -31.7497 2000 13716.2
0.825 -31.9016 2000 13781.7
0.83 -32.0314 2000.15 13839.6
0.835 -32.1572 2000.21 13894.8
0.84 -32.2837 2000.17 13948.9
0.845 -32.4059 2000.14 14001.2
0.85 -32.524 2000.11 14051.9
0.855 -32.6378 2000.09 14100.8
0.86 -32.7474 2000.07 14147.9
0.865 -32.8522 2000.06 14193
0.87 -32.9519 2000.05 14235.9
0.875 -33.0462 2000.04 14276.5
0.88 -33.1348 2000.03 14314.7
0.885 -33.2178 2000.02 14350.5
0.89 -33.2952 2000.02 14383.8
0.895 -33.3669 2000.01 14414.8
0.9 -33.4332 2000.01 14443.4
0.905 -33.4943 2000.01 14469.7
0.91 -33.55 2000.01 14493.8
0.915 -33.6004 2000.01 14515.5
0.92 -33.6457 2000 14535
0.925 -33.6862 2000 14552.5
0.93 -33.7224 2000 14568.2
0.935 -33.7546 2000 14582.1
0.94 -33.7831 2000 14594.4
0.945 -33.8081 2000 14605.2
0.95 -33.8297 2000 14614.4
0.955 -33.8477 2000 14622.2
0.96 -33.8622 2000 14628.5
0.965 -33.8729 2000 14633.1
0.97 -33.8795 2000 14636
0.975 -33.8814 2000 14636.8
0.98 -33.8769 1999.99 14634.9
0.985 -33.8655 1999.98 14630
0.99 -33.847 1999.98 14622
0.995 -33.8213 1999.98 14610.9
1 -33.7885 1999.99 14596.7
1.005 -33.749 1999.99 14579.6
1.01 -33.7032 1999.99 14559.8
1.015 -33.6513 1999.99 14537.4
1.02 -33.5932 1999.99 14512.3
1.025 -33.5289 2000 14484.5
1.03 -33.4584 2000 14454
1.035 -33.3811 2000 14420.6
1.04 -33.2964 2000 14384.1
1.045 -33.2036 2000 14344
1.05 -33.1022 2000 14300.1
1.055 -32.9915 2000 14252.3
1.06 -32.8712 2000 14200.4
1.065 -32.7407 2000 14144
1.07 -32.5999 2000 14083.2
1.075 -32.449 2000 14018
1.08 -32.2885 2000 13948.6
1.085 -32.1187 2000 13875.3
1.09 -31.9397 2000 13797.9
1.095 -31.7518 2000 13716.8
1.1 -31.5405 2000.11 13626.9
1.105 -31.3057 2000.21 13527
1.11 -31.0675 2000.17 13423.6
1.115 -30.8185 2000.14 13315.5
1.12 -30.5586 2000.11 13202.9
1.125 -30.2879 2000.09 13085.7
1.13 -30.0062 2000.07 12963.7
1.135 -29.7129 2000.06 12836.8
1.14 -29.4077 2000.05 12704.8
1.145 -29.0873 2000.06 12566.6
1.15 -28.74 2000.13 12417.5
1.155 -28.387 2000.11 12264.7
1.16 -28.0156 2000.13 12105.2
1.165 -27.6307 2000.16 11939.8
1.17 -27.2419 2000.13 11771.2
1.175 -26.8438 2000.1 11598.7
1.18 -26.4096 2000.24 11413.2
1.185 -25.9633 2000.3 11221.2
1.19 -25.5098 2000.24 11024.3
1.195 -25.0373 2000.21 10819.8
1.2 -24.5298 2000.23 10601.7
1.205 -24.0121 2000.19 10377.2
1.21 -23.477 2000.15 10145.3
1.215 -22.9256 2000.13 9906.52
1.22 -22.3479 2000.14 9657.63
1.225 -21.7634 2000.11 9404.47
1.23 -21.1691 2000.09 9147.24
1.235 -20.5561 2000.12 8883.46
1.24 -19.9335 2000.13 8615.14
1.245 -19.309 2000.11 8344.59
1.25 -18.6763 2000.09 8070.69
1.255 -18.034 2000.07 7792.74
1.26 -17.3801 2000.05 7509.84
1.265 -16.7123 2000.04 7221.02
1.27 -16.0285 2000.04 6925.38
1.275 -15.327 2000.03 6622.09
1.28 -14.606 2000.02 6310.46
1.285 -13.8646 2000.02 5990.04
1.29 -13.1025 2000.02 5660.68
1.295 -12.3197 2000.01 5322.44
1.3 -11.5169 2000.01 4975.52
1.305 -10.6949 2000 4620.34
1.31 -9.85445 2000 4257.2
1.315 -8.99615 1999.99 3886.38
1.32 -8.12083 1999.99 3508.21
1.325 -7.22992 1999.98 3123.27
1.33 -6.32465 1999.97 2732.15
1.335 -5.40667 1999.96 2335.56
1.34 -4.47862 1999.94 1934.53
1.345 -3.54172 1999.91 1529.71
1.35 -2.59798 1999.87 1122.02
1.355 -1.64921 1999.81 712.105
1.36 -0.698417 1999.69 301.202
1.365 0.256717 1999.63 -111.291
1.37 1.21415 1999.6 -524.615
1.375 2.17021 1999.42 -935.728
1.38 3.0929 1999.08 -1334.13
1.385 3.99212 1999 -1725.3
1.39 4.90231 1999.14 -2118.86
1.395 5.81783 1999.26 -2514.38
1.4 6.73769 1999.36 -2911.8
1.405 7.66207 1999.45 -3311.18
1.41 8.59104 1999.52 -3712.54
1.415 9.52466 1999.58 -4115.9
1.42 10.4631 1999.63 -4521.33
1.425 11.4067 1999.67 -4929.02
1.43 12.3564 1999.7 -5339.29
1.435 13.3128 1999.73 -5752.49
1.44 14.2765 1999.75 -6168.85
1.445 15.2478 1999.76 -6588.48
1.45 16.2268 1999.78 -7011.43
1.455 17.2138 1999.79 -7437.85
1.46 18.2093 1999.79 -7867.96
1.465 19.2137 1999.8 -8301.86
1.47 20.2263 1999.8 -8739.37
1.475 21.2318 1999.86 -9175.75
1.48 22.234 1999.92 -9610.59
1.485 23.2292 1999.99 -10042.7
1.49 24.223 2000.04 -10473.5
1.495 25.1853 2000.15 -10891.9
1.5 26.1665 2000.08 -11313.9
1.505 27.0735 2000.53 -11711.5
1.51 27.9586 2000.8 -12098.3
1.515 28.8621 2000.7 -12486.4
1.52 29.725 2000.78 -12859.2
1.525 30.4705 2001.65 -13191
1.53 31.2383 2001.86 -13525.1
1.535 32.0347 2001.47 -13863.8
1.54 32.8311 2001.16 -14203.7
1.545 33.5798 2001.36 -14527.6
1.55 34.2817 2001.62 -14833.8
1.555 34.9989 2001.35 -15141.3
1.56 35.721 2001.06 -15449.7
1.565 36.4422 2000.82 -15758.4
1.57 37.1524 2000.76 -16063.8
1.575 37.8186 2000.94 -16351.9
1.58 38.482 2000.81 -16638.2
1.585 39.1333 2000.75 -16920.2
1.59 39.7842 2000.67 -17201.2
1.595 40.4158 2000.73 -17476.3
1.6 41.0376 2000.75 -17746.1
1.605 41.6568 2000.82 -18011.8
1.61 42.2264 2001.18 -18262.2
1.615 42.7823 2001.28 -18505.7
1.62 43.3298 2001.28 -18743.5
1.625 43.8554 2001.26 -18971.3
1.63 44.3832 2001.06 -19196.7
1.635 44.869 2001.09 -19407.8
1.64 45.3574 2001 -19614.7
1.645 45.7774 2001.48 -19801.2
1.65 46.199 2001.45 -19984.5
1.655 46.5851 2001.68 -20153.5
1.66 46.9604 2001.85 -20314.1
1.665 47.3108 2001.8 -20465.3
1.67 47.6497 2001.59 -20611.3
1.675 47.9849 2001.41 -20753.1
1.68 48.3059 2001.29 -20889.5
1.685 48.6189 2001.01 -21023.1
1.69 48.9275 2000.98 -21153.2
1.695 49.2165 2001.07 -21275
1.7 49.4836 2000.85 -21391.4
1.705 49.7444 2000.64 -21504.8
1.71 49.9935 2000.5 -21613.8
1.715 50.2177 2000.48 -21714.1
1.72 50.4314 2000.36 -21808.2
1.725 50.6291 2000.22 -21895.4
1.73 50.8118 2000.41 -21973.5
1.735 50.9101 2000.46 -22028.1
1.74 50.8699 2000 -22040.5
1.745 50.8433 1999.64 -22038.6
1.75 50.7416 1998.95 -22001.1
1.755 50.5731 1998.38 -21933.5
1.76 50.3687 1998.2 -21841
1.765 50.1757 1999 -21743.9
1.77 49.9602 1999.41 -21639.8
1.775 49.7155 1999.44 -21527.5
1.78 49.4517 1999.42 -21408.2
1.785 49.1284 1999.02 -21270.4
1.79 48.8062 1998.89 -21128.2
1.795 48.4771 1998.75 -20980.4
1.8 48.1446 1998.77 -20829.4
1.805 47.8226 1999.22 -20679.1
1.81 47.4855 1999.49 -20527.3
1.815 47.1241 1999.41 -20370.7
1.82 46.7519 1999.3 -20209.6
1.825 46.363 1999.14 -20042
1.83 45.9571 1998.97 -19868.1
1.835 45.5506 1998.99 -19691.3
1.84 45.3008 1999.97 -19557
1.845 45.0515 2000.53 -19435.5
1.85 44.7564 2000.39 -19312.8
1.855 44.4556 2000.19 -19187.9
1.86 44.1561 2000.06 -19061.2
1.865 43.8484 1999.91 -18932.1
1.87 43.5361 1999.77 -18800.4
1.875 43.2837 2000.12 -18684.3
1.88 43.0508 2000.36 -18579
1.885 42.7866 2000.04 -18469.9
1.89 42.5191 1999.78 -18358.4
1.895 42.2486 1999.64 -18244.7
1.9 41.9726 1999.5 -18128.2
1.905 41.6901 1999.37 -18008.5
1.91 41.3949 1999.14 -17883.8
1.915 41.0872 1998.91 -17753.4
1.92 40.7862 1998.9 -17622.8
1.925 40.7271 1999.92 -17573.8
1.93 40.6332 2000.12 -17533.9
1.935 40.5257 1999.98 -17491.8
1.94 40.4144 1999.8 -17447.7
1.945 40.2883 1999.48 -17397.7
1.95 40.2372 1999.99 -17367.2
1.955 40.2649 2000.66 -17368
1.96 40.2461 2000.48 -17365.1
1.965 40.2292 2000.33 -17362.1
1.97 40.2137 2000.21 -17358.9
1.975 40.1991 2000.11 -17355.4
1.98 40.1849 2000.02 -17351.6
1.985 40.1709 1999.95 -17347.4
1.99 40.1566 1999.88 -17342.8
1.995 40.1333 1999.54 -17335.2
2 40.0978 1998.99 -17323.4
2.005 40.0694 1998.9 -17312.3
2.01 40.0454 1999.05 -17301.7
2.015 40.0205 1999.17 -17290.7
2.02 39.9947 1999.26 -17279.4
2.025 39.968 1999.34 -17267.8
2.03 39.9502 1999.59 -17258.6
2.035 39.9432 1999.9 -17253.6
2.04 39.9277 1999.87 -17247.5
2.045 39.9121 1999.84 -17241.1
2.05 39.896 1999.82 -17234.5
2.055 39.8795 1999.8 -17227.6
2.06 39.8625 1999.78 -17220.5
2.065 39.845 1999.76 -17213.2
2.07 39.8268 1999.73 -17205.5
2.075 39.808 1999.71 -17197.5
2.08 39.7884 1999.69 -17189.2
2.085 39.7679 1999.66 -17180.5
2.09 39.7465 1999.63 -17171.4
2.095 39.7241 1999.6 -17161.8
2.1 39.7003 1999.56 -17151.7
2.105 39.6752 1999.52 -17141
2.11 39.6402 1999.14 -17127.1
2.115 39.6025 1998.9 -17111.6
2.12 39.5666 1998.99 -17095.8
2.125 39.5286 1999.03 -17079.2
2.13 39.4881 1999.06 -17061.6
2.135 39.4271 1997.94 -17037.4
2.14 39.3524 1997.39 -17006.9
2.145 39.2327 1996.11 -16959.4
2.15 39.1264 1999.62 -16909
2.155 39.0259 2003.43 -16860.8
2.16 38.9823 2005.94 -16841
2.165 38.921 2005 -16818.1
2.17 38.8665 2003.89 -16794.1
2.175 38.7996 2002.57 -16766.1
2.18 38.7292 2001.68 -16735.9
2.185 38.6579 2001.25 -16704.4
2.19 38.5794 2000.64 -16670.5
2.195 38.4935 2000.1 -16633.5
2.2 38.4014 1999.79 -16593.5
2.205 38.3013 1999.47 -16550.3
2.21 38.1758 1997.95 -16497.9
2.215 38.0918 1997.86 -16458.5
2.22 37.975 1997.02 -16409.7
2.225 37.7579 1994.99 -16323.7
2.23 36.8186 2001.17 -15976.5
2.235 35.947 1997.5 -15617.9
2.24 36.2424 1984.63 -15703.4
2.245 35.3397 1979.39 -15210.8
2.25 35.4147 1976.93 -14931
2.255 35.1413 1965.39 -14831.7
2.26 0.166191 -56.0988 -51.6331
