0.1 -4.69809e-18 -0.0162713 2.17504e-20
0.2 -2.1089e-17 -0.0327974 9.7634e-20
0.3 -5.31551e-17 -0.0495907 2.46088e-19
0.4 -1.04523e-16 -0.0666645 4.83903e-19
0.5 -1.29388e-16 -0.0840344 5.99018e-19
0.6 -1.58877e-16 -0.101747 7.35543e-19
0.7 -2.4717e-16 -0.120014 1.14431e-18
0.8 -2.15233e-16 -0.138829 9.96447e-19
0.9 -1.57578e-16 -0.158064 7.2953e-19
1 -2.8733e-16 -0.177725 1.33023e-18
0.005 1.29337e-06 -0.177725 -4.49086e-09
0.01 6.46798e-06 -0.177725 -2.24583e-08
0.015 1.68205e-05 -0.177725 -5.84044e-08
0.02 3.2355e-05 -0.177726 -1.12344e-07
0.025 5.30751e-05 -0.177726 -1.84288e-07
0.03 7.8984e-05 -0.177726 -2.7425e-07
0.035 0.000110084 -0.177726 -3.82237e-07
0.04 0.000146378 -0.177726 -5.08257e-07
0.045 0.000187868 -0.177726 -6.52318e-07
0.05 0.000234554 -0.177726 -8.14422e-07
0.055 0.000286437 -0.177726 -9.94571e-07
0.06 0.000343517 -0.177726 -1.19276e-06
0.065 0.000405794 -0.177727 -1.409e-06
0.07 0.000473267 -0.177727 -1.64328e-06
0.075 0.000545936 -0.177727 -1.89561e-06
0.08 0.000623799 -0.177727 -2.16596e-06
0.085 0.000706853 -0.177728 -2.45434e-06
0.09 0.000795095 -0.177728 -2.76074e-06
0.095 0.00088852 -0.177728 -3.08513e-06
0.1 0.000987124 -0.177728 -3.4275e-06
0.105 0.0010909 -0.177729 -3.78784e-06
0.11 0.00119985 -0.177729 -4.16613e-06
0.115 0.00131397 -0.177729 -4.56236e-06
0.12 0.00143324 -0.17773 -4.97651e-06
0.125 0.00155767 -0.17773 -5.40855e-06
0.13 0.00168725 -0.177731 -5.85847e-06
0.135 0.00182196 -0.177731 -6.32622e-06
0.14 0.00196181 -0.177731 -6.81179e-06
0.145 0.00210677 -0.177732 -7.31514e-06
0.15 0.00225684 -0.177732 -7.83622e-06
0.155 0.00241202 -0.177733 -8.37502e-06
0.16 0.00257229 -0.177733 -8.9315e-06
0.165 0.00273764 -0.177734 -9.50564e-06
0.17 0.00290807 -0.177734 -1.00974e-05
0.175 0.00308357 -0.177735 -1.07068e-05
0.18 0.00326412 -0.177735 -1.13337e-05
0.185 0.00344972 -0.177736 -1.19781e-05
0.19 0.00364034 -0.177736 -1.264e-05
0.195 0.00383597 -0.177737 -1.33192e-05
0.2 0.00403659 -0.177738 -1.40158e-05
0.205 0.00424219 -0.177738 -1.47297e-05
0.21 0.00445275 -0.177739 -1.54608e-05
0.215 0.00466825 -0.17774 -1.6209e-05
0.22 0.0048887 -0.17774 -1.69745e-05
0.225 0.00511406 -0.177741 -1.7757e-05
0.23 0.00534432 -0.177742 -1.85564e-05
0.235 0.00557946 -0.177742 -1.93729e-05
0.24 0.00581947 -0.177743 -2.02062e-05
0.245 0.00606434 -0.177744 -2.10565e-05
0.25 0.00631405 -0.177745 -2.19235e-05
0.255 0.00656857 -0.177745 -2.28072e-05
0.26 0.00682788 -0.177746 -2.37076e-05
0.265 0.00709196 -0.177747 -2.46245e-05
0.27 0.00736077 -0.177748 -2.55578e-05
0.275 0.0076343 -0.177748 -2.65076e-05
0.28 0.00791256 -0.177749 -2.74737e-05
0.285 0.00819551 -0.17775 -2.84561e-05
0.29 0.00848313 -0.177751 -2.94548e-05
0.295 0.00877537 -0.177752 -3.04695e-05
0.3 0.00907222 -0.177753 -3.15001e-05
0.305 0.00937365 -0.177754 -3.25467e-05
0.31 0.00967966 -0.177755 -3.36092e-05
0.315 0.00999021 -0.177756 -3.46875e-05
0.32 0.0103053 -0.177757 -3.57815e-05
0.325 0.0106249 -0.177758 -3.6891e-05
0.33 0.0109489 -0.177759 -3.8016e-05
0.335 0.0112773 -0.17776 -3.91564e-05
0.34 0.0116102 -0.177761 -4.03121e-05
0.345 0.0119474 -0.177762 -4.14829e-05
0.35 0.012289 -0.177763 -4.26689e-05
0.355 0.0126349 -0.177764 -4.387e-05
0.36 0.0129851 -0.177765 -4.5086e-05
0.365 0.0133396 -0.177766 -4.63169e-05
0.37 0.0136984 -0.177767 -4.75625e-05
0.375 0.0140614 -0.177768 -4.88227e-05
0.38 0.0144285 -0.177769 -5.00974e-05
0.385 0.0147998 -0.17777 -5.13866e-05
0.39 0.0151752 -0.177771 -5.269e-05
0.395 0.0155547 -0.177772 -5.40077e-05
0.4 0.0159383 -0.177774 -5.53394e-05
0.405 0.0163259 -0.177775 -5.66852e-05
0.41 0.0167175 -0.177776 -5.80448e-05
0.415 0.0171131 -0.177777 -5.94184e-05
0.42 0.0175127 -0.177778 -6.08058e-05
0.425 0.0179162 -0.17778 -6.22066e-05
0.43 0.0183235 -0.177781 -6.36208e-05
0.435 0.0187347 -0.177782 -6.50483e-05
0.44 0.0191496 -0.177783 -6.6489e-05
0.445 0.0195684 -0.177785 -6.79429e-05
0.45 0.0199909 -0.177786 -6.941e-05
0.455 0.0204172 -0.177787 -7.089e-05
0.46 0.0208472 -0.177788 -7.23828e-05
0.465 0.0212808 -0.17779 -7.38882e-05
0.47 0.021718 -0.177791 -7.5406e-05
0.475 0.0221587 -0.177792 -7.69362e-05
0.48 0.0226029 -0.177794 -7.84786e-05
0.485 0.0230507 -0.177795 -8.0033e-05
0.49 0.0235018 -0.177797 -8.15994e-05
0.495 0.0239564 -0.177798 -8.31775e-05
0.5 0.0244143 -0.177799 -8.47673e-05
0.505 0.0248755 -0.177801 -8.63686e-05
0.51 0.02534 -0.177802 -8.79813e-05
0.515 0.0258078 -0.177804 -8.96053e-05
0.52 0.0262787 -0.177805 -9.12404e-05
0.525 0.0267529 -0.177806 -9.28866e-05
0.53 0.0272302 -0.177808 -9.45436e-05
0.535 0.0277106 -0.177809 -9.62114e-05
0.54 0.028194 -0.177811 -9.78897e-05
0.545 0.0286803 -0.177812 -9.95782e-05
0.55 0.0291696 -0.177814 -0.000101277
0.555 0.0296619 -0.177815 -0.000102986
0.56 0.030157 -0.177817 -0.000104705
0.565 0.0306549 -0.177818 -0.000106433
0.57 0.0311555 -0.17782 -0.000108172
0.575 0.0316589 -0.177821 -0.000109919
0.58 0.0321649 -0.177823 -0.000111676
0.585 0.0326735 -0.177824 -0.000113442
0.59 0.0331848 -0.177826 -0.000115217
0.595 0.0336986 -0.177828 -0.000117001
0.6 0.034215 -0.177829 -0.000118793
0.605 0.0347339 -0.177831 -0.000120595
0.61 0.0352551 -0.177832 -0.000122404
0.615 0.0357786 -0.177834 -0.000124222
0.62 0.0363045 -0.177835 -0.000126047
0.625 0.0368327 -0.177837 -0.000127881
0.63 0.0373632 -0.177839 -0.000129723
0.635 0.0378959 -0.17784 -0.000131572
0.64 0.0384306 -0.177842 -0.000133428
0.645 0.0389674 -0.177844 -0.000135292
0.65 0.0395062 -0.177845 -0.000137162
0.655 0.0400468 -0.177847 -0.000139039
0.66 0.0405893 -0.177849 -0.000140923
0.665 0.0411337 -0.17785 -0.000142813
0.67 0.04168 -0.177852 -0.000144709
0.675 0.0422281 -0.177853 -0.000146612
0.68 0.042778 -0.177855 -0.000148521
0.685 0.0433296 -0.177857 -0.000150436
0.69 0.0438828 -0.177859 -0.000152356
0.695 0.0444378 -0.17786 -0.000154283
0.7 0.0449944 -0.177862 -0.000156215
0.705 0.0455525 -0.177864 -0.000158153
0.71 0.046112 -0.177865 -0.000160095
0.715 0.046673 -0.177867 -0.000162042
0.72 0.0472354 -0.177869 -0.000163995
0.725 0.047799 -0.177871 -0.000165952
0.73 0.0483639 -0.177872 -0.000167912
0.735 0.0489298 -0.177874 -0.000169877
0.74 0.0494968 -0.177876 -0.000171845
0.745 0.0500649 -0.177877 -0.000173817
0.75 0.0506338 -0.177879 -0.000175792
0.755 0.0512037 -0.177881 -0.000177771
0.76 0.0517744 -0.177883 -0.000179752
0.765 0.0523459 -0.177884 -0.000181736
0.77 0.0529183 -0.177886 -0.000183723
0.775 0.0534914 -0.177888 -0.000185712
0.78 0.0540652 -0.17789 -0.000187704
0.785 0.0546397 -0.177891 -0.000189698
0.79 0.0552148 -0.177893 -0.000191695
0.795 0.0557906 -0.177895 -0.000193694
0.8 0.0563669 -0.177897 -0.000195694
0.805 0.0569437 -0.177898 -0.000197697
0.81 0.0575211 -0.1779 -0.000199701
0.815 0.0580988 -0.177902 -0.000201706
0.82 0.0586769 -0.177904 -0.000203713
0.825 0.0592552 -0.177906 -0.00020572
0.83 0.0598335 -0.177907 -0.000207728
0.835 0.060412 -0.177909 -0.000209736
0.84 0.0609905 -0.177911 -0.000211744
0.845 0.061569 -0.177913 -0.000213752
0.85 0.0621475 -0.177914 -0.00021576
0.855 0.0627258 -0.177916 -0.000217768
0.86 0.063304 -0.177918 -0.000219775
0.865 0.0638821 -0.17792 -0.000221782
0.87 0.0644598 -0.177922 -0.000223787
0.875 0.0650372 -0.177923 -0.000225791
0.88 0.0656141 -0.177925 -0.000227794
0.885 0.0661905 -0.177927 -0.000229795
0.89 0.0667665 -0.177929 -0.000231794
0.895 0.0673419 -0.17793 -0.000233791
0.9 0.0679168 -0.177932 -0.000235787
0.905 0.0684912 -0.177934 -0.000237781
0.91 0.069065 -0.177936 -0.000239773
0.915 0.069638 -0.177937 -0.000241762
0.92 0.0702101 -0.177939 -0.000243747
0.925 0.0707813 -0.177941 -0.00024573
0.93 0.0713517 -0.177943 -0.00024771
0.935 0.0719213 -0.177944 -0.000249687
0.94 0.0724899 -0.177946 -0.000251661
0.945 0.0730574 -0.177948 -0.000253631
0.95 0.0736237 -0.17795 -0.000255597
0.955 0.0741889 -0.177951 -0.000257559
0.96 0.0747528 -0.177953 -0.000259516
0.965 0.0753154 -0.177955 -0.000261468
0.97 0.0758765 -0.177957 -0.000263416
0.975 0.0764363 -0.177958 -0.000265359
0.98 0.0769947 -0.17796 -0.000267297
0.985 0.0775515 -0.177962 -0.00026923
0.99 0.0781068 -0.177963 -0.000271158
0.995 0.0786605 -0.177965 -0.00027308
1 0.0792127 -0.177967 -0.000274996
1.005 0.0797632 -0.177969 -0.000276907
1.01 0.0803121 -0.17797 -0.000278812
1.015 0.0808592 -0.177972 -0.000280711
1.02 0.0814046 -0.177974 -0.000282604
1.025 0.081948 -0.177975 -0.000284491
1.03 0.0824896 -0.177977 -0.00028637
1.035 0.0830291 -0.177979 -0.000288243
1.04 0.0835667 -0.17798 -0.000290109
1.045 0.0841022 -0.177982 -0.000291967
1.05 0.0846353 -0.177984 -0.000293818
1.055 0.0851661 -0.177985 -0.00029566
1.06 0.0856946 -0.177987 -0.000297495
1.065 0.0862207 -0.177988 -0.000299321
1.07 0.0867444 -0.17799 -0.000301138
1.075 0.0872657 -0.177992 -0.000302948
1.08 0.0877847 -0.177993 -0.000304749
1.085 0.0883012 -0.177995 -0.000306542
1.09 0.0888149 -0.177996 -0.000308325
1.095 0.0893259 -0.177998 -0.000310098
1.1 0.089834 -0.178 -0.000311862
1.105 0.0903395 -0.178001 -0.000313616
1.11 0.0908421 -0.178003 -0.000315361
1.115 0.0913418 -0.178004 -0.000317095
1.12 0.0918384 -0.178006 -0.000318819
1.125 0.0923319 -0.178007 -0.000320532
1.13 0.0928222 -0.178009 -0.000322234
1.135 0.0933093 -0.17801 -0.000323924
1.14 0.0937932 -0.178012 -0.000325604
1.145 0.0942739 -0.178013 -0.000327272
1.15 0.0947512 -0.178015 -0.000328929
1.155 0.0952251 -0.178016 -0.000330574
1.16 0.0956955 -0.178018 -0.000332206
1.165 0.0961623 -0.178019 -0.000333826
1.17 0.0966255 -0.178021 -0.000335434
1.175 0.0970853 -0.178022 -0.00033703
1.18 0.0975418 -0.178023 -0.000338614
1.185 0.0979951 -0.178025 -0.000340188
1.19 0.098445 -0.178026 -0.000341749
1.195 0.098891 -0.178028 -0.000343297
1.2 0.0993332 -0.178029 -0.000344832
1.205 0.0997714 -0.17803 -0.000346353
1.21 0.100206 -0.178032 -0.00034786
1.215 0.100636 -0.178033 -0.000349355
1.22 0.101063 -0.178034 -0.000350835
1.225 0.101485 -0.178036 -0.000352301
1.23 0.101904 -0.178037 -0.000353754
1.235 0.102319 -0.178038 -0.000355193
1.24 0.102729 -0.17804 -0.000356618
1.245 0.103136 -0.178041 -0.000358029
1.25 0.103538 -0.178042 -0.000359425
1.255 0.103936 -0.178043 -0.000360805
1.26 0.104329 -0.178044 -0.000362171
1.265 0.104718 -0.178046 -0.000363521
1.27 0.105103 -0.178047 -0.000364857
1.275 0.105483 -0.178048 -0.000366176
1.28 0.105859 -0.178049 -0.000367481
1.285 0.10623 -0.17805 -0.00036877
1.29 0.106597 -0.178052 -0.000370043
1.295 0.10696 -0.178053 -0.0003713
1.3 0.107317 -0.178054 -0.000372541
1.305 0.10767 -0.178055 -0.000373767
1.31 0.108019 -0.178056 -0.000374977
1.315 0.108363 -0.178057 -0.000376171
1.32 0.108702 -0.178058 -0.000377348
1.325 0.109037 -0.178059 -0.000378509
1.33 0.109367 -0.17806 -0.000379654
1.335 0.109692 -0.178061 -0.000380784
1.34 0.110013 -0.178062 -0.000381897
1.345 0.110328 -0.178063 -0.000382991
1.35 0.110638 -0.178064 -0.000384068
1.355 0.110944 -0.178065 -0.000385127
1.36 0.111244 -0.178066 -0.00038617
1.365 0.11154 -0.178067 -0.000387196
1.37 0.11183 -0.178068 -0.000388204
1.375 0.112116 -0.178069 -0.000389194
1.38 0.112396 -0.17807 -0.000390166
1.385 0.112671 -0.17807 -0.000391121
1.39 0.112941 -0.178071 -0.000392059
1.395 0.113206 -0.178072 -0.00039298
1.4 0.113466 -0.178073 -0.000393882
1.405 0.113721 -0.178074 -0.000394767
1.41 0.113971 -0.178074 -0.000395634
1.415 0.114216 -0.178075 -0.000396484
1.42 0.114456 -0.178076 -0.000397315
1.425 0.11469 -0.178077 -0.000398129
1.43 0.114919 -0.178077 -0.000398922
1.435 0.115142 -0.178078 -0.000399697
1.44 0.11536 -0.178079 -0.000400453
1.445 0.115572 -0.178079 -0.000401191
1.45 0.115779 -0.17808 -0.000401909
1.455 0.115981 -0.178081 -0.000402608
1.46 0.116176 -0.178081 -0.000403287
1.465 0.116366 -0.178082 -0.000403946
1.47 0.116551 -0.178082 -0.000404587
1.475 0.11673 -0.178083 -0.000405209
1.48 0.116903 -0.178084 -0.000405809
1.485 0.11707 -0.178084 -0.000406387
1.49 0.11723 -0.178085 -0.000406943
1.495 0.117384 -0.178085 -0.000407477
1.5 0.117532 -0.178085 -0.000407991
1.505 0.117674 -0.178086 -0.000408486
1.51 0.117811 -0.178086 -0.00040896
1.515 0.117942 -0.178087 -0.000409414
1.52 0.118067 -0.178087 -0.000409847
1.525 0.118185 -0.178088 -0.000410259
1.53 0.118298 -0.178088 -0.000410648
1.535 0.118404 -0.178088 -0.000411017
1.54 0.118504 -0.178089 -0.000411364
1.545 0.118598 -0.178089 -0.000411691
1.55 0.118686 -0.178089 -0.000411997
1.555 0.118768 -0.178089 -0.000412283
1.56 0.118844 -0.17809 -0.000412546
1.565 0.118914 -0.17809 -0.000412788
1.57 0.118977 -0.17809 -0.000413008
1.575 0.119035 -0.17809 -0.000413206
1.58 0.119086 -0.17809 -0.000413384
1.585 0.119131 -0.17809 -0.00041354
1.59 0.119169 -0.178091 -0.000413674
1.595 0.119202 -0.178091 -0.000413786
1.6 0.119228 -0.178091 -0.000413879
1.605 0.119249 -0.178091 -0.00041395
1.61 0.119263 -0.178091 -0.000413999
1.615 0.119271 -0.178091 -0.000414025
1.62 0.119272 -0.178091 -0.00041403
1.625 0.119267 -0.178091 -0.000414013
1.63 0.119256 -0.178091 -0.000413974
1.635 0.119239 -0.178091 -0.000413914
1.64 0.119215 -0.178091 -0.000413832
1.645 0.119185 -0.178091 -0.000413727
1.65 0.119148 -0.178091 -0.000413599
1.655 0.119105 -0.178091 -0.00041345
1.66 0.119055 -0.178091 -0.000413278
1.665 0.118999 -0.178091 -0.000413084
1.67 0.118937 -0.178091 -0.000412867
1.675 0.118868 -0.178091 -0.000412627
1.68 0.118793 -0.178091 -0.000412366
1.685 0.118711 -0.178091 -0.000412082
1.69 0.118622 -0.178091 -0.000411775
1.695 0.118527 -0.178091 -0.000411444
1.7 0.118426 -0.178091 -0.000411091
1.705 0.118317 -0.178091 -0.000410714
1.71 0.118202 -0.178091 -0.000410314
1.715 0.11808 -0.178091 -0.00040989
1.72 0.11795 -0.178091 -0.00040944
1.725 0.117813 -0.178091 -0.000408963
1.73 0.117668 -0.178091 -0.00040846
1.735 0.117516 -0.178091 -0.000407934
1.74 0.117358 -0.178091 -0.000407386
1.745 0.117194 -0.178091 -0.000406815
1.75 0.117023 -0.178091 -0.000406221
1.755 0.116845 -0.178091 -0.000405604
1.76 0.11666 -0.178091 -0.000404962
1.765 0.116469 -0.178091 -0.000404297
1.77 0.11627 -0.178091 -0.000403608
1.775 0.116066 -0.178091 -0.000402897
1.78 0.115854 -0.178091 -0.000402163
1.785 0.115636 -0.178091 -0.000401406
1.79 0.115412 -0.178091 -0.000400627
1.795 0.115181 -0.178091 -0.000399825
1.8 0.114944 -0.178091 -0.000399001
1.805 0.114699 -0.178091 -0.000398153
1.81 0.114448 -0.178091 -0.000397282
1.815 0.11419 -0.178091 -0.000396386
1.82 0.113926 -0.178091 -0.000395467
1.825 0.113655 -0.178091 -0.000394527
1.83 0.113379 -0.178091 -0.000393568
1.835 0.113097 -0.178091 -0.000392588
1.84 0.112808 -0.178091 -0.000391586
1.845 0.112513 -0.178091 -0.000390562
1.85 0.112212 -0.178091 -0.000389517
1.855 0.111904 -0.178091 -0.000388448
1.86 0.11159 -0.178091 -0.000387358
1.865 0.11127 -0.178091 -0.000386244
1.87 0.110943 -0.178091 -0.000385109
1.875 0.11061 -0.178091 -0.000383953
1.88 0.110271 -0.178091 -0.000382776
1.885 0.109926 -0.178091 -0.000381578
1.89 0.109574 -0.178091 -0.000380358
1.895 0.109217 -0.178091 -0.000379118
1.9 0.108854 -0.178091 -0.000377855
1.905 0.108484 -0.178091 -0.000376572
1.91 0.108108 -0.178091 -0.000375266
1.915 0.107725 -0.178091 -0.000373937
1.92 0.107337 -0.178091 -0.000372588
1.925 0.106942 -0.178091 -0.000371218
1.93 0.106542 -0.178091 -0.000369828
1.935 0.106135 -0.178091 -0.000368415
1.94 0.105721 -0.178091 -0.000366979
1.945 0.105301 -0.178091 -0.000365519
1.95 0.104874 -0.178091 -0.000364037
1.955 0.10444 -0.178091 -0.000362531
1.96 0.104 -0.178091 -0.000361003
1.965 0.103554 -0.178091 -0.000359453
1.97 0.103102 -0.178091 -0.000357883
1.975 0.102643 -0.178091 -0.000356291
1.98 0.102178 -0.178091 -0.000354678
1.985 0.101707 -0.178091 -0.000353042
1.99 0.10123 -0.178091 -0.000351385
1.995 0.100747 -0.178091 -0.000349709
2 0.100259 -0.178091 -0.000348013
2.005 0.0997653 -0.178091 -0.000346298
2.01 0.0992658 -0.178091 -0.000344564
2.015 0.0987605 -0.178091 -0.00034281
2.02 0.0982493 -0.178091 -0.000341035
2.025 0.0977324 -0.178091 -0.00033924
2.03 0.0972096 -0.178091 -0.000337424
2.035 0.0966811 -0.178091 -0.000335589
2.04 0.0961473 -0.178091 -0.000333736
2.045 0.0956079 -0.178091 -0.000331863
2.05 0.0950623 -0.178091 -0.000329969
2.055 0.0945104 -0.178091 -0.000328052
2.06 0.0939529 -0.178091 -0.000326117
2.065 0.0933901 -0.178091 -0.000324163
2.07 0.0928224 -0.178091 -0.000322191
2.075 0.0922495 -0.178091 -0.000320202
2.08 0.0916713 -0.178091 -0.000318194
2.085 0.0910876 -0.178091 -0.000316168
2.09 0.0904986 -0.178091 -0.000314122
2.095 0.0899039 -0.178091 -0.000312058
2.1 0.0893036 -0.178091 -0.000309973
2.105 0.0886979 -0.178091 -0.00030787
2.11 0.0880868 -0.178091 -0.000305748
2.115 0.08747 -0.178091 -0.000303606
2.12 0.0868473 -0.178091 -0.000301444
2.125 0.0862189 -0.178091 -0.000299263
2.13 0.085585 -0.178091 -0.000297062
2.135 0.0849458 -0.178091 -0.000294842
2.14 0.0843013 -0.178091 -0.000292604
2.145 0.0836516 -0.178091 -0.000290348
2.15 0.0829962 -0.178091 -0.000288073
2.155 0.0823351 -0.178091 -0.000285777
2.16 0.0816688 -0.178091 -0.000283463
2.165 0.0809977 -0.178091 -0.000281133
2.17 0.0803219 -0.178091 -0.000278787
2.175 0.0796413 -0.178091 -0.000276424
2.18 0.0789558 -0.178091 -0.000274043
2.185 0.0782655 -0.178091 -0.000271646
2.19 0.0775704 -0.178091 -0.000269233
2.195 0.0768704 -0.178091 -0.000266802
2.2 0.0761653 -0.178091 -0.000264354
2.205 0.0754549 -0.178091 -0.000261887
2.21 0.0747397 -0.178091 -0.000259404
2.215 0.0740203 -0.178091 -0.000256906
2.22 0.0732966 -0.178091 -0.000254393
2.225 0.0725684 -0.178091 -0.000251865
2.23 0.0718358 -0.178091 -0.000249321
2.235 0.0710991 -0.178091 -0.000246763
2.24 0.0703584 -0.178091 -0.000244191
2.245 0.0696133 -0.178091 -0.000241604
2.25 0.068864 -0.178091 -0.000239002
2.255 0.0681106 -0.178091 -0.000236386
2.26 0.067353 -0.178091 -0.000233756
2.265 0.066591 -0.178091 -0.00023111
2.27 0.0658245 -0.178091 -0.000228449
2.275 0.0650537 -0.178091 -0.000225772
2.28 0.0642788 -0.178091 -0.000223081
2.285 0.0634997 -0.178091 -0.000220376
2.29 0.0627162 -0.178091 -0.000217656
2.295 0.0619284 -0.178091 -0.000214921
2.3 0.0611368 -0.178091 -0.000212172
2.305 0.0603416 -0.178091 -0.000209411
2.31 0.059543 -0.178091 -0.000206638
2.315 0.0587408 -0.178091 -0.000203852
2.32 0.0579351 -0.178091 -0.000201055
2.325 0.0571254 -0.178091 -0.000198243
2.33 0.0563113 -0.178091 -0.000195417
2.335 0.0554929 -0.178091 -0.000192575
2.34 0.0546703 -0.178091 -0.000189719
2.345 0.0538438 -0.178091 -0.000186849
2.35 0.0530137 -0.178091 -0.000183967
2.355 0.05218 -0.178091 -0.000181072
2.36 0.0513431 -0.178091 -0.000178166
2.365 0.050503 -0.178091 -0.000175249
2.37 0.0496599 -0.178091 -0.000172321
2.375 0.0488136 -0.178091 -0.000169383
2.38 0.0479641 -0.178091 -0.000166433
2.385 0.0471112 -0.178091 -0.000163472
2.39 0.046255 -0.178091 -0.000160499
2.395 0.0453952 -0.178091 -0.000157514
2.4 0.0445321 -0.178091 -0.000154517
2.405 0.043666 -0.178092 -0.000151509
2.41 0.0427971 -0.178092 -0.000148492
2.415 0.0419256 -0.178092 -0.000145466
2.42 0.0410515 -0.178092 -0.000142431
2.425 0.0401749 -0.178092 -0.000139387
2.43 0.0392955 -0.178092 -0.000136334
2.435 0.0384134 -0.178092 -0.000133271
2.44 0.0375284 -0.178092 -0.000130198
2.445 0.0366407 -0.178092 -0.000127116
2.45 0.0357506 -0.178092 -0.000124025
2.455 0.0348581 -0.178092 -0.000120927
2.46 0.0339634 -0.178092 -0.00011782
2.465 0.0330667 -0.178092 -0.000114706
2.47 0.0321685 -0.178092 -0.000111587
2.475 0.0312688 -0.178092 -0.000108464
2.48 0.0303673 -0.178092 -0.000105333
2.485 0.0294635 -0.178092 -0.000102195
2.49 0.0285577 -0.178092 -9.90502e-05
2.495 0.0276506 -0.178093 -9.59008e-05
2.5 0.0267425 -0.178093 -9.27475e-05
2.505 0.0258327 -0.178093 -8.95886e-05
2.51 0.0249211 -0.178093 -8.64231e-05
2.515 0.024008 -0.178093 -8.32525e-05
2.52 0.0230937 -0.178093 -8.0078e-05
2.525 0.0221783 -0.178094 -7.68997e-05
2.53 0.021262 -0.178094 -7.3718e-05
2.535 0.0203451 -0.178094 -7.05341e-05
2.54 0.0194273 -0.178095 -6.73474e-05
2.545 0.0185077 -0.178095 -6.41545e-05
2.55 0.0175858 -0.178096 -6.09533e-05
2.555 0.0166622 -0.178096 -5.77465e-05
2.56 0.0157383 -0.178097 -5.45384e-05
2.565 0.0148142 -0.178098 -5.133e-05
2.57 0.0138896 -0.178099 -4.81194e-05
2.575 0.0129639 -0.1781 -4.49052e-05
2.58 0.0120371 -0.178101 -4.16872e-05
2.585 0.0111093 -0.178102 -3.84657e-05
2.59 0.0101806 -0.178103 -3.52412e-05
2.595 0.00925119 -0.178104 -3.20139e-05
2.6 0.00832109 -0.178106 -2.87843e-05
2.605 0.00739046 -0.178107 -2.55528e-05
2.61 0.00645946 -0.17811 -2.23198e-05
2.615 0.00552871 -0.178112 -1.90861e-05
2.62 0.0045988 -0.178115 -1.58556e-05
2.625 0.00366944 -0.178118 -1.26289e-05
2.63 0.00273984 -0.17812 -9.40125e-06
2.635 0.00180946 -0.178123 -6.17096e-06
2.64 0.00087827 -0.178126 -2.93783e-06
2.645 -5.3492e-05 -0.178129 2.97286e-07
2.65 -0.000985345 -0.178132 3.53272e-06
2.655 -0.0019169 -0.178134 6.76712e-06
2.66 -0.00284819 -0.178137 1.00006e-05
2.665 -0.0037794 -0.17814 1.32338e-05
2.67 -0.0047106 -0.178143 1.64669e-05
2.675 -0.00564167 -0.178146 1.96996e-05
2.68 -0.00657223 -0.178148 2.29305e-05
2.685 -0.00750184 -0.178151 2.61581e-05
2.69 -0.00843051 -0.178154 2.93824e-05
2.695 -0.00935879 -0.178157 3.26053e-05
2.7 -0.0102871 -0.17816 3.58283e-05
2.705 -0.0112153 -0.178162 3.90508e-05
2.71 -0.012143 -0.178165 4.22718e-05
2.715 -0.0130698 -0.178168 4.54896e-05
2.72 -0.0139954 -0.178171 4.87034e-05
2.725 -0.0149203 -0.178174 5.19144e-05
2.73 -0.0158456 -0.178176 5.51268e-05
2.735 -0.0167718 -0.178179 5.83425e-05
2.74 -0.0176977 -0.178182 6.15571e-05
2.745 -0.018622 -0.178185 6.4766e-05
2.75 -0.019545 -0.178188 6.79705e-05
2.755 -0.0204677 -0.17819 7.11739e-05
2.76 -0.0213901 -0.178193 7.43764e-05
2.765 -0.0223115 -0.178196 7.75753e-05
2.77 -0.0232314 -0.178199 8.07687e-05
2.775 -0.0241494 -0.178202 8.39558e-05
2.78 -0.0250654 -0.178204 8.71358e-05
2.785 -0.0259794 -0.178207 9.03093e-05
2.79 -0.0268922 -0.17821 9.34779e-05
2.795 -0.0278036 -0.178213 9.66422e-05
2.8 -0.0287131 -0.178215 9.97998e-05
2.805 -0.0296202 -0.178218 0.000102949
2.81 -0.0305253 -0.178221 0.000106091
2.815 -0.0314289 -0.178224 0.000109228
2.82 -0.0323308 -0.178227 0.000112359
2.825 -0.0332306 -0.178229 0.000115483
2.83 -0.0341281 -0.178232 0.000118598
2.835 -0.0350236 -0.178235 0.000121707
2.84 -0.0359175 -0.178237 0.00012481
2.845 -0.0368096 -0.17824 0.000127907
2.85 -0.0376997 -0.178243 0.000130997
2.855 -0.0385875 -0.178246 0.000134079
2.86 -0.0394725 -0.178248 0.000137152
2.865 -0.040354 -0.178251 0.000140212
2.87 -0.0412321 -0.178254 0.00014326
2.875 -0.0421078 -0.178256 0.0001463
2.88 -0.0429819 -0.178259 0.000149334
2.885 -0.043854 -0.178262 0.000152362
2.89 -0.0447234 -0.178264 0.00015538
2.895 -0.045589 -0.178267 0.000158385
2.9 -0.0464505 -0.17827 0.000161375
2.905 -0.0473086 -0.178272 0.000164354
2.91 -0.0481641 -0.178275 0.000167324
2.915 -0.0490171 -0.178278 0.000170285
2.92 -0.0498674 -0.17828 0.000173237
2.925 -0.0507151 -0.178283 0.000176179
2.93 -0.05156 -0.178285 0.000179112
2.935 -0.0524022 -0.178288 0.000182035
2.94 -0.0532415 -0.17829 0.000184949
2.945 -0.054078 -0.178293 0.000187853
2.95 -0.0549112 -0.178296 0.000190745
2.955 -0.0557413 -0.178298 0.000193626
2.96 -0.0565686 -0.178301 0.000196498
2.965 -0.0573932 -0.178303 0.00019936
2.97 -0.058214 -0.178306 0.00020221
2.975 -0.0590304 -0.178308 0.000205044
2.98 -0.0598425 -0.178311 0.000207863
2.985 -0.0606513 -0.178313 0.00021067
2.99 -0.0614577 -0.178316 0.000213469
2.995 -0.0622616 -0.178318 0.00021626
3 -0.0630625 -0.178321 0.00021904
3.005 -0.0638599 -0.178323 0.000221807
3.01 -0.0646538 -0.178326 0.000224563
3.015 -0.0654446 -0.178328 0.000227308
3.02 -0.0662321 -0.17833 0.000230042
3.025 -0.0670155 -0.178333 0.000232761
3.03 -0.0677941 -0.178335 0.000235463
3.035 -0.0685678 -0.178338 0.000238149
3.04 -0.0693374 -0.17834 0.00024082
3.045 -0.0701034 -0.178342 0.000243479
3.05 -0.070866 -0.178345 0.000246126
3.055 -0.0716247 -0.178347 0.000248759
3.06 -0.0723795 -0.178349 0.00025138
3.065 -0.0731308 -0.178352 0.000253987
3.07 -0.073878 -0.178354 0.000256581
3.075 -0.0746198 -0.178356 0.000259155
3.08 -0.0753556 -0.178358 0.000261709
3.085 -0.0760858 -0.178361 0.000264244
3.09 -0.0768117 -0.178363 0.000266763
3.095 -0.0775339 -0.178365 0.00026927
3.1 -0.078252 -0.178367 0.000271763
3.105 -0.0789656 -0.17837 0.000274239
3.11 -0.0796748 -0.178372 0.000276701
3.115 -0.0803802 -0.178374 0.000279149
3.12 -0.0810817 -0.178376 0.000281584
3.125 -0.0817788 -0.178378 0.000284003
3.13 -0.0824713 -0.17838 0.000286407
3.135 -0.0831599 -0.178383 0.000288797
3.14 -0.0838448 -0.178385 0.000291174
3.145 -0.0845253 -0.178387 0.000293536
3.15 -0.0852007 -0.178389 0.00029588
3.155 -0.0858708 -0.178391 0.000298206
3.16 -0.0865353 -0.178393 0.000300512
3.165 -0.0871937 -0.178395 0.000302797
3.17 -0.0878461 -0.178397 0.000305062
3.175 -0.088493 -0.178399 0.000307307
3.18 -0.0891341 -0.178401 0.000309532
3.185 -0.0897682 -0.178403 0.000311733
3.19 -0.0903954 -0.178405 0.00031391
3.195 -0.0910174 -0.178407 0.000316068
3.2 -0.0916352 -0.178409 0.000318213
3.205 -0.0922489 -0.178411 0.000320343
3.21 -0.0928574 -0.178413 0.000322455
3.215 -0.0934598 -0.178414 0.000324545
3.22 -0.0940554 -0.178416 0.000326613
3.225 -0.0946443 -0.178418 0.000328656
3.23 -0.0952274 -0.17842 0.00033068
3.235 -0.095806 -0.178422 0.000332688
3.24 -0.0963807 -0.178424 0.000334683
3.245 -0.0969512 -0.178425 0.000336663
3.25 -0.0975171 -0.178427 0.000338627
3.255 -0.0980777 -0.178429 0.000340572
3.26 -0.0986323 -0.178431 0.000342497
3.265 -0.0991806 -0.178432 0.0003444
3.27 -0.0997233 -0.178434 0.000346283
3.275 -0.100261 -0.178436 0.000348148
3.28 -0.100793 -0.178437 0.000349995
3.285 -0.101319 -0.178439 0.000351822
3.29 -0.101839 -0.17844 0.000353625
3.295 -0.102352 -0.178442 0.000355405
3.3 -0.102858 -0.178444 0.000357163
3.305 -0.103359 -0.178445 0.0003589
3.31 -0.103853 -0.178447 0.000360615
3.315 -0.104341 -0.178448 0.000362309
3.32 -0.104822 -0.17845 0.00036398
3.325 -0.105298 -0.178451 0.000365631
3.33 -0.105769 -0.178453 0.000367265
3.335 -0.106235 -0.178454 0.000368883
3.34 -0.106696 -0.178456 0.000370483
3.345 -0.107151 -0.178457 0.000372063
3.35 -0.1076 -0.178458 0.00037362
3.355 -0.108043 -0.17846 0.000375156
3.36 -0.10848 -0.178461 0.000376674
3.365 -0.108913 -0.178462 0.000378176
3.37 -0.109341 -0.178464 0.000379661
3.375 -0.109764 -0.178465 0.000381129
3.38 -0.110181 -0.178466 0.000382576
3.385 -0.110592 -0.178468 0.000384002
3.39 -0.110996 -0.178469 0.000385406
3.395 -0.111394 -0.17847 0.000386785
3.4 -0.111784 -0.178471 0.00038814
3.405 -0.112167 -0.178473 0.000389469
3.41 -0.112544 -0.178474 0.000390776
3.415 -0.112915 -0.178475 0.000392064
3.42 -0.113281 -0.178476 0.000393335
3.425 -0.113643 -0.178477 0.00039459
3.43 -0.113999 -0.178478 0.000395827
3.435 -0.11435 -0.178479 0.000397045
3.44 -0.114695 -0.17848 0.000398242
3.445 -0.115034 -0.178482 0.000399419
3.45 -0.115367 -0.178483 0.000400575
3.455 -0.115695 -0.178484 0.000401712
3.46 -0.116017 -0.178485 0.000402831
3.465 -0.116334 -0.178486 0.000403931
3.47 -0.116645 -0.178487 0.000405008
3.475 -0.116949 -0.178487 0.000406063
3.48 -0.117248 -0.178488 0.000407101
3.485 -0.117542 -0.178489 0.00040812
3.49 -0.117829 -0.17849 0.000409116
3.495 -0.118108 -0.178491 0.000410087
3.5 -0.11838 -0.178492 0.000411031
3.505 -0.118645 -0.178493 0.000411951
3.51 -0.118904 -0.178494 0.000412848
3.515 -0.119156 -0.178494 0.000413724
3.52 -0.119402 -0.178495 0.000414578
3.525 -0.119641 -0.178496 0.000415407
3.53 -0.119873 -0.178497 0.000416212
3.535 -0.120098 -0.178497 0.000416993
3.54 -0.120317 -0.178498 0.000417751
3.545 -0.120528 -0.178499 0.000418483
3.55 -0.120732 -0.178499 0.000419193
3.555 -0.120931 -0.1785 0.000419882
3.56 -0.121123 -0.178501 0.000420549
3.565 -0.121309 -0.178501 0.000421195
3.57 -0.12149 -0.178502 0.000421823
3.575 -0.121667 -0.178502 0.000422437
3.58 -0.121839 -0.178503 0.000423035
3.585 -0.122006 -0.178503 0.000423613
3.59 -0.122167 -0.178504 0.000424171
3.595 -0.12232 -0.178504 0.000424704
3.6 -0.122466 -0.178505 0.00042521
3.605 -0.122604 -0.178505 0.00042569
3.61 -0.122735 -0.178506 0.000426143
3.615 -0.122859 -0.178506 0.000426573
3.62 -0.122976 -0.178506 0.000426979
3.625 -0.123085 -0.178507 0.000427357
3.63 -0.123186 -0.178507 0.000427709
3.635 -0.12328 -0.178507 0.000428034
3.64 -0.123366 -0.178508 0.000428334
3.645 -0.123446 -0.178508 0.000428612
3.65 -0.123521 -0.178508 0.000428869
3.655 -0.12359 -0.178508 0.000429109
3.66 -0.123653 -0.178508 0.00042933
3.665 -0.12371 -0.178509 0.000429525
3.67 -0.123758 -0.178509 0.000429693
3.675 -0.123799 -0.178509 0.000429834
3.68 -0.123833 -0.178509 0.000429954
3.685 -0.123862 -0.178509 0.000430055
3.69 -0.123884 -0.178509 0.000430131
3.695 -0.123899 -0.178509 0.00043018
3.7 -0.123905 -0.178509 0.000430203
3.705 -0.123905 -0.178509 0.000430202
3.71 -0.123898 -0.178509 0.000430179
3.715 -0.123886 -0.178509 0.000430136
3.72 -0.123867 -0.178509 0.000430072
3.725 -0.123844 -0.178509 0.000429989
3.73 -0.123815 -0.178509 0.00042989
3.735 -0.123781 -0.178509 0.000429771
3.74 -0.12374 -0.178509 0.000429629
3.745 -0.123692 -0.178509 0.000429463
3.75 -0.123637 -0.178509 0.000429274
3.755 -0.123577 -0.178509 0.000429063
3.76 -0.12351 -0.178509 0.000428832
3.765 -0.123439 -0.178509 0.000428584
3.77 -0.123362 -0.178509 0.000428319
3.775 -0.123281 -0.178509 0.000428035
3.78 -0.123193 -0.178509 0.000427732
3.785 -0.1231 -0.178509 0.000427407
3.79 -0.122999 -0.178509 0.000427058
3.795 -0.122892 -0.178509 0.000426686
3.8 -0.122778 -0.178509 0.00042629
3.805 -0.122657 -0.178509 0.000425871
3.81 -0.12253 -0.178509 0.000425427
3.815 -0.122395 -0.178509 0.00042496
3.82 -0.122254 -0.178509 0.000424471
3.825 -0.122106 -0.178509 0.000423958
3.83 -0.121952 -0.178509 0.00042342
3.835 -0.12179 -0.178509 0.00042286
3.84 -0.121623 -0.178509 0.000422278
3.845 -0.121449 -0.178509 0.000421676
3.85 -0.12127 -0.178509 0.000421054
3.855 -0.121086 -0.178509 0.000420414
3.86 -0.120896 -0.178509 0.000419756
3.865 -0.120701 -0.178509 0.000419078
3.87 -0.1205 -0.178509 0.000418379
3.875 -0.120293 -0.178509 0.000417662
3.88 -0.120081 -0.178509 0.000416926
3.885 -0.119863 -0.178509 0.00041617
3.89 -0.11964 -0.178509 0.000415393
3.895 -0.11941 -0.178509 0.000414595
3.9 -0.119173 -0.178509 0.000413774
3.905 -0.11893 -0.178509 0.000412928
3.91 -0.11868 -0.178509 0.000412061
3.915 -0.118425 -0.178509 0.000411175
3.92 -0.118165 -0.178509 0.000410271
3.925 -0.117899 -0.178509 0.000409347
3.93 -0.117628 -0.178509 0.000408407
3.935 -0.117352 -0.178509 0.000407451
3.94 -0.117072 -0.178509 0.000406478
3.945 -0.116787 -0.178509 0.000405488
3.95 -0.116498 -0.178509 0.000404483
3.955 -0.116204 -0.178509 0.000403463
3.96 -0.115905 -0.178509 0.000402426
3.965 -0.115602 -0.178509 0.000401373
3.97 -0.115294 -0.178509 0.000400303
3.975 -0.114982 -0.178509 0.000399219
3.98 -0.114665 -0.178509 0.000398119
3.985 -0.114343 -0.178509 0.000397002
3.99 -0.114017 -0.178509 0.000395868
3.995 -0.113685 -0.178509 0.000394716
4 -0.113348 -0.178509 0.000393546
4.005 -0.113005 -0.178509 0.000392356
4.01 -0.112657 -0.178509 0.000391146
4.015 -0.112303 -0.178509 0.000389917
4.02 -0.111943 -0.178509 0.000388668
4.025 -0.111577 -0.178509 0.000387398
4.03 -0.111206 -0.178509 0.000386109
4.035 -0.11083 -0.178509 0.000384802
4.04 -0.110448 -0.178509 0.000383479
4.045 -0.110062 -0.178509 0.000382137
4.05 -0.10967 -0.178509 0.000380775
4.055 -0.109272 -0.178509 0.000379394
4.06 -0.108869 -0.178509 0.000377994
4.065 -0.108462 -0.178509 0.000376581
4.07 -0.108052 -0.178509 0.000375158
4.075 -0.107639 -0.178509 0.000373724
4.08 -0.107222 -0.178509 0.000372276
4.085 -0.1068 -0.178509 0.000370809
4.09 -0.106372 -0.178509 0.000369324
4.095 -0.10594 -0.178509 0.000367824
4.1 -0.105504 -0.178509 0.000366311
4.105 -0.105065 -0.178509 0.000364787
4.11 -0.104622 -0.178509 0.000363249
4.115 -0.104175 -0.178509 0.000361695
4.12 -0.103723 -0.178509 0.000360127
4.125 -0.103269 -0.178509 0.000358549
4.13 -0.10281 -0.178509 0.000356957
4.135 -0.102347 -0.178509 0.000355349
4.14 -0.101879 -0.178509 0.000353724
4.145 -0.101407 -0.178509 0.000352084
4.15 -0.100931 -0.178509 0.000350433
4.155 -0.100452 -0.178509 0.00034877
4.16 -0.0999705 -0.178509 0.000347097
4.165 -0.0994853 -0.178509 0.000345412
4.17 -0.0989964 -0.178509 0.000343715
4.175 -0.0985042 -0.178509 0.000342006
4.18 -0.0980086 -0.178509 0.000340285
4.185 -0.0975092 -0.178509 0.000338551
4.19 -0.0970056 -0.178509 0.000336802
4.195 -0.0964977 -0.178509 0.000335039
4.2 -0.0959851 -0.178509 0.000333259
4.205 -0.0954678 -0.178509 0.000331463
4.21 -0.094946 -0.178509 0.000329651
4.215 -0.0944201 -0.178509 0.000327825
4.22 -0.0938906 -0.178509 0.000325986
4.225 -0.0933582 -0.178509 0.000324138
4.23 -0.0928234 -0.178509 0.000322281
4.235 -0.0922863 -0.178509 0.000320416
4.24 -0.0917463 -0.178509 0.000318541
4.245 -0.0912034 -0.178509 0.000316656
4.25 -0.0906579 -0.178509 0.000314762
4.255 -0.0901101 -0.178509 0.000312859
4.26 -0.0895597 -0.178509 0.000310948
4.265 -0.0890062 -0.178509 0.000309027
4.27 -0.0884495 -0.178509 0.000307094
4.275 -0.0878899 -0.178509 0.000305151
4.28 -0.0873278 -0.178509 0.000303199
4.285 -0.0867633 -0.178509 0.000301239
4.29 -0.086196 -0.178509 0.000299269
4.295 -0.0856258 -0.178509 0.000297289
4.3 -0.0850528 -0.178509 0.000295299
4.305 -0.0844775 -0.178509 0.000293302
4.31 -0.0839002 -0.178509 0.000291297
4.315 -0.0833205 -0.178509 0.000289285
4.32 -0.0827381 -0.178509 0.000287262
4.325 -0.0821526 -0.178509 0.00028523
4.33 -0.081565 -0.178509 0.000283189
4.335 -0.0809758 -0.178509 0.000281143
4.34 -0.0803852 -0.178509 0.000279093
4.345 -0.079793 -0.178509 0.000277036
4.35 -0.0791983 -0.178509 0.000274971
4.355 -0.0785999 -0.178509 0.000272893
4.36 -0.077998 -0.178509 0.000270804
4.365 -0.077394 -0.178509 0.000268707
4.37 -0.0767895 -0.178509 0.000266608
4.375 -0.0761846 -0.178509 0.000264507
4.38 -0.0755781 -0.178509 0.000262401
4.385 -0.0749699 -0.178509 0.000260289
4.39 -0.0743605 -0.178509 0.000258173
4.395 -0.0737505 -0.178509 0.000256055
4.4 -0.0731392 -0.178509 0.000253933
4.405 -0.0725255 -0.178509 0.000251802
4.41 -0.0719093 -0.178509 0.000249662
4.415 -0.0712917 -0.178509 0.000247518
4.42 -0.0706738 -0.178509 0.000245372
4.425 -0.0700553 -0.178509 0.000243225
4.43 -0.0694347 -0.178509 0.00024107
4.435 -0.0688114 -0.178509 0.000238906
4.44 -0.0681863 -0.178509 0.000236735
4.445 -0.0675606 -0.178509 0.000234563
4.45 -0.0669349 -0.178509 0.00023239
4.455 -0.0663088 -0.178509 0.000230216
4.46 -0.0656819 -0.178509 0.000228039
4.465 -0.0650538 -0.178509 0.000225858
4.47 -0.0644249 -0.178509 0.000223675
4.475 -0.0637956 -0.178509 0.00022149
4.48 -0.0631657 -0.178509 0.000219303
4.485 -0.0625338 -0.178509 0.000217109
4.49 -0.0618985 -0.178509 0.000214903
4.495 -0.0612599 -0.178509 0.000212685
4.5 -0.0606193 -0.178509 0.000210461
4.505 -0.0599776 -0.178509 0.000208233
4.51 -0.0593354 -0.178509 0.000206003
4.515 -0.0586924 -0.178509 0.00020377
4.52 -0.0580486 -0.178509 0.000201535
4.525 -0.0574047 -0.178509 0.000199299
4.53 -0.0567618 -0.178509 0.000197067
4.535 -0.0561203 -0.178509 0.000194839
4.54 -0.0554796 -0.178509 0.000192615
4.545 -0.054839 -0.178509 0.000190391
4.55 -0.0541984 -0.178509 0.000188166
4.555 -0.0535577 -0.178509 0.000185941
4.56 -0.0529168 -0.178509 0.000183716
4.565 -0.0522758 -0.178509 0.00018149
4.57 -0.0516339 -0.178509 0.000179262
4.575 -0.0509905 -0.178509 0.000177028
4.58 -0.0503462 -0.178509 0.00017479
4.585 -0.0497021 -0.178509 0.000172554
4.59 -0.0490593 -0.178509 0.000170322
4.595 -0.0484178 -0.178509 0.000168095
4.6 -0.0477777 -0.178509 0.000165872
4.605 -0.0471393 -0.178509 0.000163655
4.61 -0.0465027 -0.178509 0.000161445
4.615 -0.0458677 -0.178509 0.00015924
4.62 -0.0452336 -0.178509 0.000157038
4.625 -0.0446002 -0.178509 0.000154839
4.63 -0.0439673 -0.178509 0.000152641
4.635 -0.0433346 -0.178509 0.000150445
4.64 -0.042702 -0.178509 0.000148248
4.645 -0.0420698 -0.178509 0.000146053
4.65 -0.0414393 -0.178509 0.000143864
4.655 -0.04081 -0.178509 0.000141679
4.66 -0.0401807 -0.178509 0.000139494
4.665 -0.0395515 -0.178509 0.000137309
4.67 -0.0389232 -0.178509 0.000135127
4.675 -0.0382965 -0.178509 0.000132951
4.68 -0.0376719 -0.178509 0.000130783
4.685 -0.0370496 -0.178509 0.000128622
4.69 -0.0364292 -0.178509 0.000126467
4.695 -0.0358108 -0.178509 0.00012432
4.7 -0.0351948 -0.178509 0.000122181
4.705 -0.0345811 -0.178509 0.000120051
4.71 -0.0339689 -0.178509 0.000117925
4.715 -0.0333574 -0.178509 0.000115801
4.72 -0.0327465 -0.178509 0.00011368
4.725 -0.0321371 -0.178509 0.000111564
4.73 -0.0315304 -0.178509 0.000109458
4.735 -0.0309265 -0.178509 0.000107361
4.74 -0.0303239 -0.178509 0.000105269
4.745 -0.0297217 -0.178509 0.000103178
4.75 -0.0291203 -0.178509 0.000101089
4.755 -0.0285215 -0.178509 9.90103e-05
4.76 -0.0279264 -0.178509 9.69438e-05
4.765 -0.0273343 -0.178509 9.48881e-05
4.77 -0.0267445 -0.178509 9.28402e-05
4.775 -0.0261567 -0.178509 9.07992e-05
4.78 -0.0255706 -0.178509 8.87642e-05
4.785 -0.0249863 -0.178509 8.67352e-05
4.79 -0.0244044 -0.178509 8.47148e-05
4.795 -0.0238253 -0.178509 8.2704e-05
4.8 -0.0232477 -0.178509 8.06985e-05
4.805 -0.0226707 -0.178509 7.86951e-05
4.81 -0.0220955 -0.178509 7.66976e-05
4.815 -0.0215235 -0.178509 7.47116e-05
4.82 -0.0209545 -0.178509 7.27359e-05
4.825 -0.0203873 -0.178509 7.07665e-05
4.83 -0.0198215 -0.178509 6.88018e-05
4.835 -0.019257 -0.178509 6.68418e-05
4.84 -0.0186938 -0.178509 6.48865e-05
4.845 -0.0181326 -0.178509 6.29376e-05
4.85 -0.0175739 -0.178509 6.09978e-05
4.855 -0.0170175 -0.178509 5.90657e-05
4.86 -0.0164625 -0.178509 5.71387e-05
4.865 -0.0159096 -0.178509 5.52188e-05
4.87 -0.0153601 -0.178509 5.33108e-05
4.875 -0.0148146 -0.178509 5.14168e-05
4.88 -0.0142729 -0.178509 4.95361e-05
4.885 -0.0137341 -0.178509 4.76649e-05
4.89 -0.0131969 -0.178509 4.58e-05
4.895 -0.0126621 -0.178509 4.39428e-05
4.9 -0.0121309 -0.178509 4.20984e-05
4.905 -0.0116036 -0.178509 4.02677e-05
4.91 -0.0110794 -0.178509 3.84475e-05
4.915 -0.0105577 -0.178509 3.6636e-05
4.92 -0.010039 -0.178509 3.4835e-05
4.925 -0.00952362 -0.178509 3.30454e-05
4.93 -0.00901079 -0.178509 3.12647e-05
4.935 -0.00850008 -0.178509 2.94914e-05
4.94 -0.00799247 -0.178509 2.77289e-05
4.945 -0.00748941 -0.178509 2.59822e-05
4.95 -0.00699099 -0.178509 2.42515e-05
4.955 -0.00649612 -0.178509 2.25332e-05
4.96 -0.00600431 -0.178509 2.08255e-05
4.965 -0.00551646 -0.178509 1.91316e-05
4.97 -0.00503325 -0.178509 1.74538e-05
4.975 -0.00455385 -0.178509 1.57892e-05
4.98 -0.00407712 -0.178509 1.41339e-05
4.985 -0.00360305 -0.178509 1.24878e-05
4.99 -0.0031327 -0.178509 1.08547e-05
4.995 -0.00266703 -0.178509 9.23777e-06
5 -0.00220596 -0.178509 7.63686e-06
5.005 -0.00174869 -0.178509 6.0491e-06
5.01 -0.00129473 -0.178509 4.47286e-06
5.015 -0.000844794 -0.178509 2.91057e-06
5.02 -0.000399823 -0.178509 1.36553e-06
5.025 4.03709e-05 -0.178509 -1.62919e-07
5.03 0.000476786 -0.178509 -1.67825e-06
5.035 0.000909917 -0.178509 -3.18217e-06
5.04 0.00133931 -0.178509 -4.67312e-06
5.045 0.00176417 -0.178509 -6.14834e-06
5.05 0.00218417 -0.178509 -7.60668e-06
5.055 0.0025996 -0.178509 -9.04914e-06
5.06 0.0030107 -0.178509 -1.04766e-05
5.065 0.00341733 -0.178509 -1.18885e-05
5.07 0.00381926 -0.178509 -1.32841e-05
5.075 0.00421643 -0.178509 -1.46631e-05
5.08 0.00460907 -0.178509 -1.60265e-05
5.085 0.00499763 -0.178509 -1.73756e-05
5.09 0.00538222 -0.178509 -1.8711e-05
5.095 0.0057624 -0.178509 -2.00311e-05
5.1 0.00613776 -0.178509 -2.13344e-05
5.105 0.00650844 -0.178509 -2.26215e-05
5.11 0.0068749 -0.178509 -2.38939e-05
5.115 0.00723688 -0.178509 -2.51508e-05
5.12 0.0075933 -0.178509 -2.63884e-05
5.125 0.00794323 -0.178509 -2.76034e-05
5.13 0.00828684 -0.178509 -2.87965e-05
5.135 0.00862548 -0.178509 -2.99723e-05
5.14 0.0089606 -0.178509 -3.11359e-05
5.145 0.00929266 -0.178509 -3.22889e-05
5.15 0.00962119 -0.178509 -3.34297e-05
5.155 0.00994544 -0.178509 -3.45555e-05
5.16 0.0102651 -0.178509 -3.56653e-05
5.165 0.0105803 -0.178509 -3.676e-05
5.17 0.0108916 -0.178509 -3.78409e-05
5.175 0.011199 -0.178509 -3.89083e-05
5.18 0.011502 -0.178509 -3.99603e-05
5.185 0.0117999 -0.178509 -4.09945e-05
5.19 0.0120925 -0.178509 -4.20107e-05
5.195 0.0123813 -0.178509 -4.30133e-05
5.2 0.0126679 -0.178509 -4.40084e-05
5.205 0.0129524 -0.178509 -4.49964e-05
5.21 0.0132329 -0.178509 -4.59702e-05
5.215 0.0135076 -0.178509 -4.69241e-05
5.22 0.0137772 -0.178509 -4.78601e-05
5.225 0.0140425 -0.178509 -4.87815e-05
5.23 0.0143035 -0.178509 -4.96877e-05
5.235 0.01456 -0.178509 -5.05783e-05
5.24 0.0148127 -0.178509 -5.14557e-05
5.245 0.0150618 -0.178509 -5.23206e-05
5.25 0.0153071 -0.178509 -5.31723e-05
5.255 0.0155489 -0.178509 -5.40119e-05
5.26 0.0157873 -0.178509 -5.48398e-05
5.265 0.0160212 -0.178509 -5.56519e-05
5.27 0.0162492 -0.178509 -5.64435e-05
5.275 0.0164709 -0.178509 -5.72135e-05
5.28 0.0166868 -0.178509 -5.79631e-05
5.285 0.016897 -0.178509 -5.8693e-05
5.29 0.0171019 -0.178509 -5.94045e-05
5.295 0.0173017 -0.178509 -6.0098e-05
5.3 0.017496 -0.178509 -6.07727e-05
5.305 0.0176846 -0.178509 -6.14276e-05
5.31 0.0178678 -0.178509 -6.20636e-05
5.315 0.0180458 -0.178509 -6.26818e-05
5.32 0.0182188 -0.178509 -6.32825e-05
5.325 0.0183864 -0.178509 -6.38643e-05
5.33 0.0185482 -0.178509 -6.44262e-05
5.335 0.018704 -0.178509 -6.49673e-05
5.34 0.0188537 -0.178509 -6.54869e-05
5.345 0.0189976 -0.178509 -6.59867e-05
5.35 0.0191372 -0.178509 -6.64713e-05
5.355 0.0192735 -0.178509 -6.69446e-05
5.36 0.0194061 -0.178509 -6.7405e-05
5.365 0.0195337 -0.178509 -6.78482e-05
5.37 0.019656 -0.178509 -6.82726e-05
5.375 0.0197729 -0.178509 -6.86788e-05
5.38 0.0198844 -0.178509 -6.90659e-05
5.385 0.0199898 -0.178509 -6.94318e-05
5.39 0.020089 -0.178509 -6.97761e-05
5.395 0.0201826 -0.178509 -7.01011e-05
5.4 0.0202711 -0.178509 -7.04086e-05
5.405 0.0203546 -0.178509 -7.06983e-05
5.41 0.0204326 -0.178509 -7.09691e-05
5.415 0.0205048 -0.178509 -7.12198e-05
5.42 0.020571 -0.178509 -7.14499e-05
5.425 0.0206315 -0.178509 -7.16598e-05
5.43 0.0206869 -0.178509 -7.18524e-05
5.435 0.0207384 -0.178509 -7.20312e-05
5.44 0.0207863 -0.178509 -7.21975e-05
5.445 0.0208297 -0.178509 -7.23482e-05
5.45 0.020868 -0.178509 -7.24811e-05
5.455 0.0209016 -0.178509 -7.25977e-05
5.46 0.020931 -0.178509 -7.26997e-05
5.465 0.0209555 -0.178509 -7.2785e-05
5.47 0.0209747 -0.178509 -7.28515e-05
5.475 0.0209887 -0.178509 -7.29001e-05
5.48 0.0209986 -0.178509 -7.29347e-05
5.485 0.0210056 -0.178509 -7.29589e-05
5.49 0.0210098 -0.178509 -7.29735e-05
5.495 0.0210108 -0.178509 -7.29771e-05
5.5 0.0210085 -0.178509 -7.29689e-05
5.505 0.0210021 -0.178509 -7.29469e-05
5.51 0.0209913 -0.178509 -7.29091e-05
5.515 0.020976 -0.178509 -7.28561e-05
5.52 0.0209559 -0.178509 -7.27863e-05
5.525 0.0209301 -0.178509 -7.26968e-05
5.53 0.0208986 -0.178509 -7.25873e-05
5.535 0.020862 -0.178509 -7.24603e-05
5.54 0.020821 -0.178509 -7.2318e-05
5.545 0.0207759 -0.178509 -7.21614e-05
5.55 0.0207263 -0.178509 -7.19891e-05
5.555 0.0206714 -0.178509 -7.17985e-05
5.56 0.0206106 -0.178509 -7.15874e-05
5.565 0.020544 -0.178509 -7.13561e-05
5.57 0.020472 -0.178509 -7.1106e-05
5.575 0.0203948 -0.178509 -7.08379e-05
5.58 0.0203131 -0.178509 -7.05543e-05
5.585 0.020228 -0.178509 -7.02588e-05
5.59 0.0201395 -0.178509 -6.99515e-05
5.595 0.0200464 -0.178509 -6.96283e-05
5.6 0.0199483 -0.178509 -6.92878e-05
5.605 0.0198462 -0.178509 -6.89332e-05
5.61 0.0197408 -0.178509 -6.85674e-05
5.615 0.0196321 -0.178509 -6.81897e-05
5.62 0.019519 -0.178509 -6.77971e-05
5.625 0.0194009 -0.178509 -6.73869e-05
5.63 0.0192775 -0.178509 -6.69587e-05
5.635 0.0191496 -0.178509 -6.65145e-05
5.64 0.0190174 -0.178509 -6.60552e-05
5.645 0.0188803 -0.178509 -6.55792e-05
5.65 0.018738 -0.178509 -6.50853e-05
5.655 0.0185909 -0.178509 -6.45744e-05
5.66 0.0184391 -0.178509 -6.40474e-05
5.665 0.0182826 -0.178509 -6.35041e-05
5.67 0.0181219 -0.178509 -6.29459e-05
5.675 0.0179573 -0.178509 -6.23744e-05
5.68 0.0177882 -0.178509 -6.17874e-05
5.685 0.0176139 -0.178509 -6.11822e-05
5.69 0.0174345 -0.178509 -6.05592e-05
5.695 0.017251 -0.178509 -5.99221e-05
5.7 0.0170645 -0.178509 -5.92745e-05
5.705 0.0168756 -0.178509 -5.86185e-05
5.71 0.0166843 -0.178509 -5.79543e-05
5.715 0.0164899 -0.178509 -5.72794e-05
5.72 0.0162913 -0.178509 -5.65899e-05
5.725 0.0160875 -0.178509 -5.58822e-05
5.73 0.0158785 -0.178509 -5.51563e-05
5.735 0.015665 -0.178509 -5.4415e-05
5.74 0.0154477 -0.178509 -5.36607e-05
5.745 0.0152268 -0.178509 -5.28935e-05
5.75 0.015002 -0.178509 -5.2113e-05
5.755 0.0147738 -0.178509 -5.13207e-05
5.76 0.0145428 -0.178509 -5.05185e-05
5.765 0.0143091 -0.178509 -4.97072e-05
5.77 0.0140725 -0.178509 -4.88857e-05
5.775 0.0138321 -0.178509 -4.80507e-05
5.78 0.0135871 -0.178509 -4.72002e-05
5.785 0.013338 -0.178509 -4.63353e-05
5.79 0.0130854 -0.178509 -4.54581e-05
5.795 0.012829 -0.178509 -4.45678e-05
5.8 0.0125683 -0.178509 -4.36628e-05
5.805 0.0123035 -0.178509 -4.27432e-05
5.81 0.0120349 -0.178509 -4.18105e-05
5.815 0.0117632 -0.178509 -4.08671e-05
5.82 0.0114899 -0.178509 -3.99182e-05
5.825 0.0112161 -0.178509 -3.89676e-05
5.83 0.0109415 -0.178509 -3.80141e-05
5.835 0.0106652 -0.178509 -3.70546e-05
5.84 0.0103866 -0.178509 -3.60872e-05
5.845 0.0101053 -0.178509 -3.51108e-05
5.85 0.00982129 -0.178509 -3.41245e-05
5.855 0.00953441 -0.178509 -3.31283e-05
5.86 0.00924461 -0.178509 -3.21221e-05
5.865 0.00895202 -0.178509 -3.11062e-05
5.87 0.00865723 -0.178509 -3.00826e-05
5.875 0.00836057 -0.178509 -2.90525e-05
5.88 0.00806201 -0.178509 -2.80158e-05
5.885 0.00776149 -0.178509 -2.69724e-05
5.89 0.0074587 -0.178509 -2.5921e-05
5.895 0.00715296 -0.178509 -2.48594e-05
5.9 0.00684428 -0.178509 -2.37876e-05
5.905 0.00653356 -0.178509 -2.27087e-05
5.91 0.0062214 -0.178509 -2.16248e-05
5.915 0.0059074 -0.178509 -2.05346e-05
5.92 0.00559049 -0.178509 -1.94342e-05
5.925 0.00526999 -0.178509 -1.83213e-05
5.93 0.00494626 -0.178509 -1.71972e-05
5.935 0.0046201 -0.178509 -1.60648e-05
5.94 0.00429192 -0.178509 -1.49252e-05
5.945 0.00396134 -0.178509 -1.37774e-05
5.95 0.00362779 -0.178509 -1.26192e-05
5.955 0.0032912 -0.178509 -1.14505e-05
5.96 0.00295183 -0.178509 -1.02722e-05
5.965 0.00261011 -0.178509 -9.08561e-06
5.97 0.00226653 -0.178509 -7.89265e-06
5.975 0.00192105 -0.178509 -6.69305e-06
5.98 0.00157291 -0.178509 -5.48424e-06
5.985 0.00122155 -0.178509 -4.26422e-06
5.99 0.000866988 -0.178509 -3.03311e-06
5.995 0.000509777 -0.178509 -1.7928e-06
6 0.000150634 -0.178509 -5.45775e-07
6.005 -0.000210094 -0.178509 7.06755e-07
6.01 -0.000572633 -0.178509 1.96557e-06
6.015 -0.000937334 -0.178509 3.23189e-06
6.02 -0.00130427 -0.178509 4.50598e-06
6.025 -0.00167323 -0.178509 5.78707e-06
6.03 -0.00204389 -0.178509 7.0741e-06
6.035 -0.00241632 -0.178509 8.36726e-06
6.04 -0.00279098 -0.178509 9.66817e-06
6.045 -0.00316835 -0.178509 1.09785e-05
6.05 -0.00354882 -0.178509 1.22995e-05
6.055 -0.00393265 -0.178509 1.36323e-05
6.06 -0.00431939 -0.178509 1.49752e-05
6.065 -0.00470777 -0.178509 1.63237e-05
6.07 -0.00509663 -0.178509 1.76739e-05
6.075 -0.00548578 -0.178509 1.90251e-05
6.08 -0.00587501 -0.178509 2.03766e-05
6.085 -0.00626354 -0.178509 2.17256e-05
6.09 -0.00665126 -0.178509 2.30719e-05
6.095 -0.00703896 -0.178509 2.44181e-05
6.1 -0.00742713 -0.178509 2.57659e-05
6.105 -0.00781625 -0.178509 2.7117e-05
6.11 -0.00820699 -0.178509 2.84738e-05
6.115 -0.00859941 -0.178509 2.98363e-05
6.12 -0.00899282 -0.178509 3.12023e-05
6.125 -0.00938689 -0.178509 3.25706e-05
6.13 -0.00978217 -0.178509 3.39431e-05
6.135 -0.0101792 -0.178509 3.53217e-05
6.14 -0.010578 -0.178509 3.67063e-05
6.145 -0.0109783 -0.178509 3.80963e-05
6.15 -0.0113799 -0.178509 3.94906e-05
6.155 -0.0117821 -0.178509 4.08874e-05
6.16 -0.0121847 -0.178509 4.22852e-05
6.165 -0.0125876 -0.178509 4.36841e-05
6.17 -0.0129904 -0.178509 4.50829e-05
6.175 -0.0133922 -0.178509 4.64779e-05
6.18 -0.0137925 -0.178509 4.78677e-05
6.185 -0.0141926 -0.178509 4.92573e-05
6.19 -0.0145942 -0.178509 5.06517e-05
6.195 -0.0149969 -0.178509 5.20499e-05
6.2 -0.0153991 -0.178509 5.34463e-05
6.205 -0.0157998 -0.178509 5.48377e-05
6.21 -0.0161999 -0.178509 5.6227e-05
6.215 -0.0166004 -0.178509 5.76177e-05
