0.1 8.76512e-32 200 5.41789e-14
0.2 2.92171e-31 400 1.35003e-13
0.3 1.16868e-31 600 -3.73035e-14
0.4 8.18078e-31 800 3.83693e-13
0.5 3.50605e-31 1000 4.29878e-13
0.6 -1.63616e-30 1200 -5.71987e-13
0.7 0 1400 -9.05942e-13
0.8 2.29354e-30 1600 -4.26326e-14
0.9 -1.05181e-30 1800 1.49214e-13
1 -9.34946e-31 2000 -7.24754e-13
0.005 -2.10117e-05 2000 0.00910659
0.01 -0.000104979 2000 0.0454073
0.015 -0.000272927 2000 0.11795
0.02 -0.000524948 2000 0.226815
0.025 -0.000861101 2000 0.372026
0.03 -0.00128144 2000 0.553605
0.035 -0.001786 2000 0.77157
0.04 -0.00237482 2000 1.02594
0.045 -0.00304793 2000 1.31672
0.05 -0.00380534 2000 1.64392
0.055 -0.00464707 2000 2.00754
0.06 -0.00557311 2000 2.40759
0.065 -0.00658346 2000 2.84406
0.07 -0.00767811 2000 3.31695
0.075 -0.00885706 2000 3.82625
0.08 -0.0101203 2000 4.37196
0.085 -0.0114677 2000 4.95404
0.09 -0.0128992 2000 5.57248
0.095 -0.0144149 2000 6.22724
0.1 -0.0160146 2000 6.9183
0.105 -0.0176982 2000 7.64562
0.11 -0.0194657 2000 8.40917
0.115 -0.0213169 2000 9.20892
0.12 -0.0232519 2000 10.0448
0.125 -0.0252705 2000 10.9169
0.13 -0.0273726 2000 11.825
0.135 -0.029558 2000 12.7691
0.14 -0.0318267 2000 13.7491
0.145 -0.0341784 2000 14.7651
0.15 -0.0366129 2000 15.8168
0.155 -0.0391302 2000 16.9043
0.16 -0.0417301 2000 18.0274
0.165 -0.0444125 2000 19.1862
0.17 -0.0471772 2000 20.3806
0.175 -0.0500241 2000 21.6104
0.18 -0.052953 2000 22.8757
0.185 -0.0559637 2000 24.1763
0.19 -0.0590558 2000 25.5121
0.195 -0.0622292 2000 26.883
0.2 -0.0654836 2000 28.2889
0.205 -0.0688186 2000 29.7296
0.21 -0.072234 2000 31.2051
0.215 -0.0757297 2000 32.7152
0.22 -0.0793055 2000 34.26
0.225 -0.082961 2000 35.8392
0.23 -0.0866959 2000 37.4527
0.235 -0.0905099 2000 39.1003
0.24 -0.094403 2000 40.7821
0.245 -0.0983748 2000 42.4979
0.25 -0.102425 2000 44.2476
0.255 -0.106553 2000 46.031
0.26 -0.110759 2000 47.848
0.265 -0.115042 2000 49.6983
0.27 -0.119402 2000 51.5817
0.275 -0.123839 2000 53.4983
0.28 -0.128352 2000 55.4479
0.285 -0.132941 2000 57.4304
0.29 -0.137605 2000 59.4455
0.295 -0.142345 2000 61.4931
0.3 -0.147159 2000 63.5729
0.305 -0.152048 2000 65.6847
0.31 -0.157011 2000 67.8286
0.315 -0.162047 2000 70.0044
0.32 -0.167157 2000 72.2118
0.325 -0.172339 2000 74.4506
0.33 -0.177594 2000 76.7205
0.335 -0.18292 2000 79.0215
0.34 -0.188318 2000 81.3533
0.345 -0.193786 2000 83.7157
0.35 -0.199325 2000 86.1086
0.355 -0.204935 2000 88.5318
0.36 -0.210614 2000 90.9852
0.365 -0.216363 2000 93.4687
0.37 -0.22218 2000 95.9818
0.375 -0.228065 2000 98.5243
0.38 -0.234018 2000 101.096
0.385 -0.240039 2000 103.697
0.39 -0.246126 2000 106.326
0.395 -0.252279 2000 108.985
0.4 -0.258498 2000 111.671
0.405 -0.264783 2000 114.386
0.41 -0.271132 2000 117.129
0.415 -0.277546 2000 119.9
0.42 -0.284024 2000 122.699
0.425 -0.290566 2000 125.525
0.43 -0.29717 2000 128.377
0.435 -0.303835 2000 131.257
0.44 -0.310562 2000 134.163
0.445 -0.317351 2000 137.096
0.45 -0.324201 2000 140.055
0.455 -0.331111 2000 143.04
0.46 -0.338081 2000 146.051
0.465 -0.34511 2000 149.088
0.47 -0.352197 2000 152.149
0.475 -0.359341 2000 155.235
0.48 -0.366542 2000 158.346
0.485 -0.373799 2000 161.481
0.49 -0.381112 2000 164.64
0.495 -0.388479 2000 167.823
0.5 -0.395901 2000 171.029
0.505 -0.403377 2000 174.259
0.51 -0.410906 2000 177.511
0.515 -0.418487 2000 180.786
0.52 -0.42612 2000 184.084
0.525 -0.433804 2000 187.403
0.53 -0.441539 2000 190.745
0.535 -0.449324 2000 194.108
0.54 -0.457158 2000 197.493
0.545 -0.46504 2000 200.897
0.55 -0.47297 2000 204.323
0.555 -0.480946 2000 207.769
0.56 -0.488969 2000 211.235
0.565 -0.497037 2000 214.72
0.57 -0.50515 2000 218.225
0.575 -0.513306 2000 221.748
0.58 -0.521505 2000 225.29
0.585 -0.529746 2000 228.851
0.59 -0.53803 2000 232.429
0.595 -0.546356 2000 236.026
0.6 -0.554723 2000 239.64
0.605 -0.563129 2000 243.272
0.61 -0.571573 2000 246.92
0.615 -0.580055 2000 250.584
0.62 -0.588575 2000 254.264
0.625 -0.597132 2000 257.961
0.63 -0.605726 2000 261.674
0.635 -0.614355 2000 265.401
0.64 -0.623018 2000 269.144
0.645 -0.631713 2000 272.9
0.65 -0.64044 2000 276.67
0.655 -0.649198 2000 280.454
0.66 -0.657985 2000 284.25
0.665 -0.666803 2000 288.059
0.67 -0.675651 2000 291.881
0.675 -0.684529 2000 295.716
0.68 -0.693435 2000 299.564
0.685 -0.702369 2000 303.423
0.69 -0.711329 2000 307.294
0.695 -0.720317 2000 311.177
0.7 -0.729331 2000 315.071
0.705 -0.738369 2000 318.976
0.71 -0.747431 2000 322.89
0.715 -0.756515 2000 326.815
0.72 -0.765622 2000 330.749
0.725 -0.77475 2000 334.692
0.73 -0.783897 2000 338.643
0.735 -0.793061 2000 342.602
0.74 -0.802242 2000 346.569
0.745 -0.811439 2000 350.542
0.75 -0.820652 2000 354.522
0.755 -0.829878 2000 358.507
0.76 -0.839118 2000 362.499
0.765 -0.848373 2000 366.497
0.77 -0.85764 2000 370.5
0.775 -0.866918 2000 374.509
0.78 -0.876207 2000 378.522
0.785 -0.885507 2000 382.539
0.79 -0.894818 2000 386.561
0.795 -0.904138 2000 390.588
0.8 -0.913468 2000 394.618
0.805 -0.922805 2000 398.652
0.81 -0.932151 2000 402.689
0.815 -0.941503 2000 406.729
0.82 -0.95086 2000 410.772
0.825 -0.960219 2000 414.815
0.83 -0.969581 2000 418.859
0.835 -0.978943 2000 422.904
0.84 -0.988307 2000 426.949
0.845 -0.997669 2000 430.993
0.85 -1.00703 2000 435.038
0.855 -1.01639 2000 439.081
0.86 -1.02575 2000 443.124
0.865 -1.0351 2000 447.165
0.87 -1.04445 2000 451.204
0.875 -1.0538 2000 455.24
0.88 -1.06313 2000 459.273
0.885 -1.07246 2000 463.302
0.89 -1.08178 2000 467.328
0.895 -1.09109 2000 471.351
0.9 -1.10039 2000 475.369
0.905 -1.10969 2000 479.384
0.91 -1.11897 2000 483.395
0.915 -1.12824 2000 487.4
0.92 -1.1375 2000 491.398
0.925 -1.14674 2000 495.391
0.93 -1.15597 2000 499.377
0.935 -1.16518 2000 503.358
0.94 -1.17438 2000 507.331
0.945 -1.18356 2000 511.298
0.95 -1.19272 2000 515.256
0.955 -1.20186 2000 519.205
0.96 -1.21099 2000 523.146
0.965 -1.22008 2000 527.077
0.97 -1.22916 2000 530.998
0.975 -1.23822 2000 534.91
0.98 -1.24725 2000 538.811
0.985 -1.25625 2000 542.702
0.99 -1.26523 2000 546.581
0.995 -1.27419 2000 550.45
1 -1.28312 2000 554.308
1.005 -1.29202 2000 558.155
1.01 -1.3009 2000 561.989
1.015 -1.30975 2000 565.812
1.02 -1.31857 2000 569.622
1.025 -1.32736 2000 573.419
1.03 -1.33611 2000 577.202
1.035 -1.34484 2000 580.971
1.04 -1.35353 2000 584.726
1.045 -1.36219 2000 588.467
1.05 -1.37081 2000 592.191
1.055 -1.3794 2000 595.899
1.06 -1.38794 2000 599.59
1.065 -1.39645 2000 603.265
1.07 -1.40491 2000 606.923
1.075 -1.41334 2000 610.564
1.08 -1.42173 2000 614.189
1.085 -1.43008 2000 617.796
1.09 -1.43839 2000 621.384
1.095 -1.44665 2000 624.953
1.1 -1.45486 2000 628.501
1.105 -1.46304 2000 632.031
1.11 -1.47116 2000 635.542
1.115 -1.47924 2000 639.031
1.12 -1.48727 2000 642.499
1.125 -1.49524 2000 645.945
1.13 -1.50317 2000 649.369
1.135 -1.51104 2000 652.77
1.14 -1.51886 2000 656.149
1.145 -1.52663 2000 659.506
1.15 -1.53435 2000 662.839
1.155 -1.54201 2000 666.148
1.16 -1.54961 2000 669.432
1.165 -1.55716 2000 672.691
1.17 -1.56464 2000 675.926
1.175 -1.57207 2000 679.136
1.18 -1.57945 2000 682.323
1.185 -1.58678 2000 685.488
1.19 -1.59405 2000 688.628
1.195 -1.60126 2000 691.743
1.2 -1.6084 2000 694.829
1.205 -1.61548 2000 697.889
1.21 -1.6225 2000 700.922
1.215 -1.62946 2000 703.927
1.22 -1.63635 2000 706.905
1.225 -1.64318 2000 709.854
1.23 -1.64994 2000 712.776
1.235 -1.65664 2000 715.67
1.24 -1.66328 2000 718.537
1.245 -1.66985 2000 721.374
1.25 -1.67634 2000 724.181
1.255 -1.68277 2000 726.957
1.26 -1.68913 2000 729.703
1.265 -1.69542 2000 732.419
1.27 -1.70163 2000 735.105
1.275 -1.70778 2000 737.759
1.28 -1.71385 2000 740.382
1.285 -1.71985 2000 742.974
1.29 -1.72577 2000 745.534
1.295 -1.73163 2000 748.062
1.3 -1.7374 2000 750.559
1.305 -1.74311 2000 753.023
1.31 -1.74874 2000 755.457
1.315 -1.7543 2000 757.857
1.32 -1.75978 2000 760.224
1.325 -1.76518 2000 762.558
1.33 -1.77051 2000 764.861
1.335 -1.77577 2000 767.133
1.34 -1.78095 2000 769.37
1.345 -1.78604 2000 771.571
1.35 -1.79105 2000 773.735
1.355 -1.79598 2000 775.865
1.36 -1.80084 2000 777.962
1.365 -1.80561 2000 780.025
1.37 -1.81031 2000 782.052
1.375 -1.81491 2000 784.043
1.38 -1.81944 2000 785.997
1.385 -1.82388 2000 787.917
1.39 -1.82825 2000 789.802
1.395 -1.83253 2000 791.653
1.4 -1.83673 2000 793.468
1.405 -1.84085 2000 795.247
1.41 -1.84488 2000 796.99
1.415 -1.84884 2000 798.698
1.42 -1.85271 2000 800.37
1.425 -1.85649 2000 802.005
1.43 -1.86019 2000 803.601
1.435 -1.86379 2000 805.158
1.44 -1.86731 2000 806.678
1.445 -1.87074 2000 808.161
1.45 -1.87409 2000 809.605
1.455 -1.87734 2000 811.01
1.46 -1.8805 2000 812.374
1.465 -1.88357 2000 813.7
1.47 -1.88655 2000 814.989
1.475 -1.88944 2000 816.238
1.48 -1.89223 2000 817.444
1.485 -1.89492 2000 818.606
1.49 -1.89751 2000 819.723
1.495 -1.89999 2000 820.797
1.5 -1.90239 2000 821.831
1.505 -1.90469 2000 822.825
1.51 -1.90689 2000 823.779
1.515 -1.90901 2000 824.691
1.52 -1.91102 2000 825.562
1.525 -1.91294 2000 826.39
1.53 -1.91475 2000 827.173
1.535 -1.91646 2000 827.913
1.54 -1.91808 2000 828.611
1.545 -1.9196 2000 829.268
1.55 -1.92103 2000 829.884
1.555 -1.92236 2000 830.457
1.56 -1.92358 2000 830.987
1.565 -1.92471 2000 831.473
1.57 -1.92573 2000 831.915
1.575 -1.92665 2000 832.314
1.58 -1.92748 2000 832.671
1.585 -1.9282 2000 832.984
1.59 -1.92883 2000 833.254
1.595 -1.92935 2000 833.48
1.6 -1.92978 2000 833.666
1.605 -1.93011 2000 833.809
1.61 -1.93034 2000 833.907
1.615 -1.93046 2000 833.96
1.62 -1.93049 2000 833.97
1.625 -1.9304 2000 833.931
1.63 -1.9302 2000 833.845
1.635 -1.92988 2000 833.709
1.64 -1.92945 2000 833.523
1.645 -1.92891 2000 833.287
1.65 -1.92824 2000 833
1.655 -1.92746 2000 832.664
1.66 -1.92657 2000 832.277
1.665 -1.92555 2000 831.84
1.67 -1.92442 2000 831.351
1.675 -1.92318 2000 830.812
1.68 -1.92181 2000 830.224
1.685 -1.92033 2000 829.584
1.69 -1.91873 2000 828.893
1.695 -1.91701 2000 828.15
1.7 -1.91517 2000 827.354
1.705 -1.91321 2000 826.507
1.71 -1.91113 2000 825.606
1.715 -1.90891 2000 824.65
1.72 -1.90657 2000 823.637
1.725 -1.90408 2000 822.563
1.73 -1.90146 2000 821.432
1.735 -1.89872 2000 820.248
1.74 -1.89586 2000 819.013
1.745 -1.89289 2000 817.729
1.75 -1.8898 2000 816.392
1.755 -1.88658 2000 815.002
1.76 -1.88324 2000 813.558
1.765 -1.87977 2000 812.06
1.77 -1.87618 2000 810.51
1.775 -1.87247 2000 808.909
1.78 -1.86865 2000 807.256
1.785 -1.86471 2000 805.553
1.79 -1.86065 2000 803.8
1.795 -1.85647 2000 801.995
1.8 -1.85217 2000 800.139
1.805 -1.84776 2000 798.231
1.81 -1.84322 2000 796.269
1.815 -1.83855 2000 794.252
1.82 -1.83376 2000 792.184
1.825 -1.82886 2000 790.069
1.83 -1.82387 2000 787.91
1.835 -1.81876 2000 785.704
1.84 -1.81354 2000 783.449
1.845 -1.8082 2000 781.144
1.85 -1.80275 2000 778.79
1.855 -1.79719 2000 776.386
1.86 -1.79151 2000 773.93
1.865 -1.7857 2000 771.424
1.87 -1.77979 2000 768.868
1.875 -1.77376 2000 766.266
1.88 -1.76763 2000 763.617
1.885 -1.76139 2000 760.919
1.89 -1.75503 2000 758.174
1.895 -1.74857 2000 755.382
1.9 -1.74199 2000 752.541
1.905 -1.7353 2000 749.651
1.91 -1.7285 2000 746.711
1.915 -1.72158 2000 743.721
1.92 -1.71454 2000 740.683
1.925 -1.70741 2000 737.599
1.93 -1.70016 2000 734.47
1.935 -1.6928 2000 731.29
1.94 -1.68532 2000 728.057
1.945 -1.67771 2000 724.772
1.95 -1.66999 2000 721.435
1.955 -1.66214 2000 718.045
1.96 -1.65418 2000 714.605
1.965 -1.6461 2000 711.116
1.97 -1.63792 2000 707.581
1.975 -1.62963 2000 703.999
1.98 -1.62122 2000 700.367
1.985 -1.6127 2000 696.686
1.99 -1.60407 2000 692.956
1.995 -1.59533 2000 689.182
2 -1.58649 2000 685.365
2.005 -1.57756 2000 681.505
2.01 -1.56852 2000 677.602
2.015 -1.55938 2000 673.652
2.02 -1.55013 2000 669.657
2.025 -1.54078 2000 665.616
2.03 -1.53132 2000 661.53
2.035 -1.52176 2000 657.399
2.04 -1.5121 2000 653.227
2.045 -1.50234 2000 649.011
2.05 -1.49247 2000 644.747
2.055 -1.48248 2000 640.433
2.06 -1.4724 2000 636.076
2.065 -1.46222 2000 631.677
2.07 -1.45194 2000 627.24
2.075 -1.44158 2000 622.762
2.08 -1.43112 2000 618.242
2.085 -1.42056 2000 613.681
2.09 -1.4099 2000 609.077
2.095 -1.39914 2000 604.429
2.1 -1.38828 2000 599.737
2.105 -1.37732 2000 595.003
2.11 -1.36626 2000 590.226
2.115 -1.3551 2000 585.405
2.12 -1.34384 2000 580.538
2.125 -1.33247 2000 575.627
2.13 -1.321 2000 570.672
2.135 -1.30944 2000 565.676
2.14 -1.29778 2000 560.639
2.145 -1.28602 2000 555.561
2.15 -1.27416 2000 550.439
2.155 -1.2622 2000 545.272
2.16 -1.25015 2000 540.064
2.165 -1.23801 2000 534.819
2.17 -1.22578 2000 529.537
2.175 -1.21347 2000 524.218
2.18 -1.20106 2000 518.86
2.185 -1.18858 2000 513.465
2.19 -1.176 2000 508.032
2.195 -1.16334 2000 502.561
2.2 -1.15058 2000 497.05
2.205 -1.13773 2000 491.498
2.21 -1.12479 2000 485.908
2.215 -1.11177 2000 480.285
2.22 -1.09868 2000 474.629
2.225 -1.0855 2000 468.938
2.23 -1.07225 2000 463.212
2.235 -1.05892 2000 457.454
2.24 -1.04552 2000 451.665
2.245 -1.03204 2000 445.842
2.25 -1.01848 2000 439.985
2.255 -1.00485 2000 434.096
2.26 -0.991146 2000 428.175
2.265 -0.977361 2000 422.22
2.27 -0.963494 2000 416.229
2.275 -0.949548 2000 410.205
2.28 -0.935528 2000 404.148
2.285 -0.921433 2000 398.059
2.29 -0.907258 2000 391.935
2.295 -0.893006 2000 385.779
2.3 -0.878684 2000 379.592
2.305 -0.864298 2000 373.377
2.31 -0.849848 2000 367.135
2.315 -0.835336 2000 360.865
2.32 -0.820758 2000 354.568
2.325 -0.806109 2000 348.239
2.33 -0.791382 2000 341.877
2.335 -0.776574 2000 335.48
2.34 -0.761692 2000 329.051
2.345 -0.74674 2000 322.592
2.35 -0.731721 2000 316.104
2.355 -0.71664 2000 309.588
2.36 -0.701499 2000 303.047
2.365 -0.686302 2000 296.482
2.37 -0.67105 2000 289.894
2.375 -0.655742 2000 283.28
2.38 -0.640374 2000 276.642
2.385 -0.624946 2000 269.977
2.39 -0.609457 2000 263.285
2.395 -0.593904 2000 256.567
2.4 -0.578291 2000 249.822
2.405 -0.562623 2000 243.053
2.41 -0.546905 2000 236.263
2.415 -0.53114 2000 229.453
2.42 -0.515329 2000 222.622
2.425 -0.499471 2000 215.772
2.43 -0.483565 2000 208.9
2.435 -0.467608 2000 202.007
2.44 -0.451602 2000 195.092
2.445 -0.43555 2000 188.157
2.45 -0.419454 2000 181.204
2.455 -0.40332 2000 174.234
2.46 -0.387145 2000 167.246
2.465 -0.370934 2000 160.244
2.47 -0.354697 2000 153.229
2.475 -0.338434 2000 146.204
2.48 -0.322139 2000 139.164
2.485 -0.305805 2000 132.108
2.49 -0.289444 2000 125.04
2.495 -0.273061 2000 117.964
2.5 -0.256664 2000 110.88
2.505 -0.240239 2000 103.784
2.51 -0.223783 2000 96.6749
2.515 -0.207309 2000 89.5575
2.52 -0.190832 2000 82.4393
2.525 -0.174338 2000 75.3141
2.53 -0.15784 2000 68.1866
2.535 -0.141348 2000 61.0616
2.54 -0.124872 2000 53.9438
2.545 -0.108369 2000 46.8147
2.55 -0.0918499 2000 39.678
2.555 -0.0753437 2000 32.5474
2.56 -0.0588583 2000 25.4254
2.565 -0.0424307 2000 18.3285
2.57 -0.0260339 2000 11.2452
2.575 -0.00962891 2000 4.1585
2.58 0.00675123 2000 -2.91767
2.585 0.0231 2000 -9.98036
2.59 0.0394385 2000 -17.0378
2.595 0.0556623 2000 -24.0469
2.6 0.071787 1999.99 -31.0116
2.605 0.0877106 1999.99 -37.8887
2.61 0.103292 1999.99 -44.6199
2.615 0.118522 1999.99 -51.2057
2.62 0.133702 1999.99 -57.7701
2.625 0.148888 1999.99 -64.3284
2.63 0.164066 1999.99 -70.8837
2.635 0.179245 1999.99 -77.4401
2.64 0.194428 2000 -83.9979
2.645 0.20961 2000 -90.5559
2.65 0.224786 2000 -97.111
2.655 0.239948 2000 -103.661
2.66 0.255099 2000 -110.206
2.665 0.270243 2000 -116.747
2.67 0.28538 2000 -123.286
2.675 0.300511 2000 -129.822
2.68 0.315628 2000 -136.353
2.685 0.330726 2000 -142.875
2.69 0.345804 2000 -149.389
2.695 0.360874 2000 -155.898
2.7 0.37594 2000 -162.407
2.705 0.391001 2000 -168.913
2.71 0.406053 2000 -175.416
2.715 0.421088 2000 -181.911
2.72 0.436102 2000 -188.397
2.725 0.451102 2000 -194.877
2.73 0.466107 2000 -201.359
2.735 0.481125 2000 -207.847
2.74 0.496137 2000 -214.332
2.745 0.511122 2000 -220.805
2.75 0.526085 2000 -227.269
2.755 0.541041 2000 -233.73
2.76 0.555992 2000 -240.189
2.765 0.570926 2000 -246.64
2.77 0.585833 2000 -253.08
2.775 0.60071 2000 -259.507
2.78 0.615553 2000 -265.919
2.785 0.630365 2000 -272.318
2.79 0.645154 2000 -278.707
2.795 0.659921 2000 -285.086
2.8 0.674657 2000 -291.452
2.805 0.689352 2000 -297.801
2.81 0.704014 2000 -304.134
2.815 0.718651 2000 -310.458
2.82 0.733262 2000 -316.769
2.825 0.747837 2000 -323.066
2.83 0.762374 2000 -329.346
2.835 0.776878 2000 -335.611
2.84 0.791354 2000 -341.865
2.845 0.805803 2000 -348.107
2.85 0.820217 2000 -354.334
2.855 0.834595 2000 -360.545
2.86 0.848926 2000 -366.736
2.865 0.8632 2000 -372.903
2.87 0.877419 2000 -379.045
2.875 0.891598 2000 -385.171
2.88 0.90575 2000 -391.284
2.885 0.91987 2000 -397.384
2.89 0.933946 2000 -403.465
2.895 0.94796 2000 -409.519
2.9 0.961906 2000 -415.544
2.905 0.975797 2000 -421.545
2.91 0.989645 2000 -427.527
2.915 1.00345 2000 -433.492
2.92 1.01722 2000 -439.438
2.925 1.03094 2000 -445.365
2.93 1.04461 2000 -451.273
2.935 1.05824 2000 -457.161
2.94 1.07183 2000 -463.03
2.945 1.08536 2000 -468.878
2.95 1.09885 2000 -474.703
2.955 1.11228 2000 -480.506
2.96 1.12567 2000 -486.29
2.965 1.13901 2000 -492.054
2.97 1.15229 2000 -497.792
2.975 1.1655 2000 -503.498
2.98 1.17864 2000 -509.174
2.985 1.19173 2000 -514.828
2.99 1.20478 2000 -520.464
2.995 1.21778 2000 -526.082
3 1.23074 2000 -531.68
3.005 1.24364 2000 -537.252
3.01 1.25648 2000 -542.801
3.015 1.26928 2000 -548.327
3.02 1.28201 2000 -553.83
3.025 1.29468 2000 -559.304
3.03 1.30728 2000 -564.745
3.035 1.31979 2000 -570.151
3.04 1.33224 2000 -575.528
3.045 1.34463 2000 -580.881
3.05 1.35696 2000 -586.208
3.055 1.36923 2000 -591.509
3.06 1.38144 2000 -596.783
3.065 1.39359 2000 -602.031
3.07 1.40567 2000 -607.251
3.075 1.41767 2000 -612.433
3.08 1.42957 2000 -617.573
3.085 1.44137 2000 -622.673
3.09 1.45311 2000 -627.744
3.095 1.46479 2000 -632.788
3.1 1.4764 2000 -637.804
3.105 1.48793 2000 -642.788
3.11 1.4994 2000 -647.742
3.115 1.5108 2000 -652.668
3.12 1.52215 2000 -657.567
3.125 1.53341 2000 -662.435
3.13 1.54461 2000 -667.272
3.135 1.55574 2000 -672.08
3.14 1.56681 2000 -676.863
3.145 1.57781 2000 -681.614
3.15 1.58873 2000 -686.331
3.155 1.59956 2000 -691.01
3.16 1.6103 2000 -695.65
3.165 1.62094 2000 -700.246
3.17 1.63148 2000 -704.802
3.175 1.64194 2000 -709.318
3.18 1.6523 2000 -713.794
3.185 1.66255 2000 -718.221
3.19 1.67268 2000 -722.6
3.195 1.68273 2000 -726.942
3.2 1.69272 2000 -731.255
3.205 1.70264 2000 -735.539
3.21 1.71247 2000 -739.787
3.215 1.7222 2000 -743.992
3.22 1.73183 2000 -748.149
3.225 1.74134 2000 -752.26
3.23 1.75076 2000 -756.33
3.235 1.76011 2000 -760.368
3.24 1.7694 2000 -764.379
3.245 1.77861 2000 -768.361
3.25 1.78776 2000 -772.311
3.255 1.79681 2000 -776.223
3.26 1.80577 2000 -780.093
3.265 1.81463 2000 -783.92
3.27 1.8234 2000 -787.707
3.275 1.83208 2000 -791.457
3.28 1.84067 2000 -795.171
3.285 1.84917 2000 -798.843
3.29 1.85757 2000 -802.469
3.295 1.86585 2000 -806.048
3.3 1.87403 2000 -809.583
3.305 1.88212 2000 -813.075
3.31 1.8901 2000 -816.524
3.315 1.89798 2000 -819.928
3.32 1.90576 2000 -823.288
3.325 1.91344 2000 -826.607
3.33 1.92105 2000 -829.892
3.335 1.92858 2000 -833.146
3.34 1.93602 2000 -836.362
3.345 1.94337 2000 -839.537
3.35 1.95062 2000 -842.668
3.355 1.95777 2000 -845.757
3.36 1.96483 2000 -848.808
3.365 1.97182 2000 -851.826
3.37 1.97873 2000 -854.812
3.375 1.98556 2000 -857.763
3.38 1.99229 2000 -860.671
3.385 1.99893 2000 -863.537
3.39 2.00546 2000 -866.359
3.395 2.01188 2000 -869.132
3.4 2.01818 2000 -871.854
3.405 2.02437 2000 -874.526
3.41 2.03045 2000 -877.153
3.415 2.03644 2000 -879.74
3.42 2.04235 2000 -882.295
3.425 2.04819 2000 -884.818
3.43 2.05395 2000 -887.305
3.435 2.05961 2000 -889.752
3.44 2.06518 2000 -892.158
3.445 2.07066 2000 -894.524
3.45 2.07603 2000 -896.847
3.455 2.08132 2000 -899.131
3.46 2.08653 2000 -901.38
3.465 2.09164 2000 -903.59
3.47 2.09665 2000 -905.754
3.475 2.10157 2000 -907.876
3.48 2.10639 2000 -909.962
3.485 2.11113 2000 -912.01
3.49 2.11577 2000 -914.011
3.495 2.12028 2000 -915.961
3.5 2.12467 2000 -917.858
3.505 2.12895 2000 -919.707
3.51 2.13313 2000 -921.51
3.515 2.1372 2000 -923.271
3.52 2.14117 2000 -924.986
3.525 2.14503 2000 -926.652
3.53 2.14877 2000 -928.269
3.535 2.15241 2000 -929.839
3.54 2.15593 2000 -931.361
3.545 2.15934 2000 -932.833
3.55 2.16264 2000 -934.26
3.555 2.16584 2000 -935.644
3.56 2.16894 2000 -936.983
3.565 2.17195 2000 -938.281
3.57 2.17487 2000 -939.544
3.575 2.17773 2000 -940.778
3.58 2.1805 2000 -941.978
3.585 2.1832 2000 -943.141
3.59 2.18579 2000 -944.262
3.595 2.18827 2000 -945.333
3.6 2.19062 2000 -946.35
3.605 2.19285 2000 -947.312
3.61 2.19496 2000 -948.224
3.615 2.19696 2000 -949.088
3.62 2.19885 2000 -949.902
3.625 2.20061 2000 -950.663
3.63 2.20224 2000 -951.369
3.635 2.20376 2000 -952.022
3.64 2.20515 2000 -952.626
3.645 2.20644 2000 -953.183
3.65 2.20764 2000 -953.701
3.655 2.20876 2000 -954.183
3.66 2.20978 2000 -954.626
3.665 2.21069 2000 -955.019
3.67 2.21147 2000 -955.356
3.675 2.21213 2000 -955.64
3.68 2.21269 2000 -955.881
3.685 2.21315 2000 -956.082
3.69 2.21351 2000 -956.236
3.695 2.21374 2000 -956.335
3.7 2.21384 2000 -956.38
3.705 2.21384 2000 -956.378
3.71 2.21372 2000 -956.327
3.715 2.21349 2000 -956.23
3.72 2.21316 2000 -956.085
3.725 2.21273 2000 -955.9
3.73 2.21221 2000 -955.676
3.735 2.21159 2000 -955.408
3.74 2.21085 2000 -955.088
3.745 2.20999 2000 -954.714
3.75 2.209 2000 -954.289
3.755 2.2079 2000 -953.814
3.76 2.2067 2000 -953.295
3.765 2.20541 2000 -952.736
3.77 2.20402 2000 -952.138
3.775 2.20255 2000 -951.5
3.78 2.20097 2000 -950.817
3.785 2.19927 2000 -950.086
3.79 2.19746 2000 -949.301
3.795 2.19552 2000 -948.463
3.8 2.19346 2000 -947.573
3.805 2.19127 2000 -946.629
3.81 2.18896 2000 -945.63
3.815 2.18652 2000 -944.578
3.82 2.18397 2000 -943.477
3.825 2.1813 2000 -942.323
3.83 2.1785 2000 -941.112
3.835 2.17558 2000 -939.85
3.84 2.17255 2000 -938.541
3.845 2.16941 2000 -937.186
3.85 2.16617 2000 -935.786
3.855 2.16284 2000 -934.346
3.86 2.15941 2000 -932.864
3.865 2.15587 2000 -931.337
3.87 2.15223 2000 -929.765
3.875 2.1485 2000 -928.151
3.88 2.14466 2000 -926.494
3.885 2.14072 2000 -924.791
3.89 2.13667 2000 -923.042
3.895 2.13252 2000 -921.247
3.9 2.12824 2000 -919.399
3.905 2.12383 2000 -917.494
3.91 2.11931 2000 -915.542
3.915 2.1147 2000 -913.548
3.92 2.10998 2000 -911.513
3.925 2.10517 2000 -909.434
3.93 2.10027 2000 -907.317
3.935 2.09529 2000 -905.165
3.94 2.09022 2000 -902.975
3.945 2.08506 2000 -900.747
3.95 2.07982 2000 -898.484
3.955 2.07451 2000 -896.188
3.96 2.06911 2000 -893.855
3.965 2.06362 2000 -891.483
3.97 2.05805 2000 -889.076
3.975 2.05239 2000 -886.635
3.98 2.04666 2000 -884.158
3.985 2.04084 2000 -881.645
3.99 2.03494 2000 -879.092
3.995 2.02893 2000 -876.5
4 2.02284 2000 -873.865
4.005 2.01664 2000 -871.186
4.01 2.01033 2000 -868.463
4.015 2.00393 2000 -865.696
4.02 1.99742 2000 -862.885
4.025 1.9908 2000 -860.026
4.03 1.98408 2000 -857.124
4.035 1.97728 2000 -854.183
4.04 1.97038 2000 -851.204
4.045 1.96339 2000 -848.182
4.05 1.95629 2000 -845.117
4.055 1.94909 2000 -842.008
4.06 1.9418 2000 -838.858
4.065 1.93444 2000 -835.677
4.07 1.92702 2000 -832.474
4.075 1.91955 2000 -829.246
4.08 1.912 2000 -825.985
4.085 1.90436 2000 -822.684
4.09 1.89662 2000 -819.342
4.095 1.88881 2000 -815.964
4.1 1.88092 2000 -812.559
4.105 1.87298 2000 -809.128
4.11 1.86497 2000 -805.665
4.115 1.85687 2000 -802.167
4.12 1.8487 2000 -798.639
4.125 1.84048 2000 -795.086
4.13 1.83218 2000 -791.503
4.135 1.8238 2000 -787.883
4.14 1.81534 2000 -784.225
4.145 1.80679 2000 -780.534
4.15 1.79819 2000 -776.816
4.155 1.78952 2000 -773.074
4.16 1.78081 2000 -769.308
4.165 1.77203 2000 -765.515
4.17 1.76318 2000 -761.694
4.175 1.75428 2000 -757.847
4.18 1.74531 2000 -753.974
4.185 1.73627 2000 -750.07
4.19 1.72716 2000 -746.134
4.195 1.71797 2000 -742.164
4.2 1.7087 2000 -738.158
4.205 1.69934 2000 -734.115
4.21 1.6899 2000 -730.036
4.215 1.68038 2000 -725.926
4.22 1.6708 2000 -721.787
4.225 1.66117 2000 -717.626
4.23 1.6515 2000 -713.446
4.235 1.64178 2000 -709.248
4.24 1.63201 2000 -705.028
4.245 1.62218 2000 -700.784
4.25 1.61232 2000 -696.52
4.255 1.6024 2000 -692.239
4.26 1.59245 2000 -687.937
4.265 1.58243 2000 -683.611
4.27 1.57236 2000 -679.26
4.275 1.56224 2000 -674.886
4.28 1.55207 2000 -670.493
4.285 1.54185 2000 -666.08
4.29 1.53159 2000 -661.647
4.295 1.52127 2000 -657.189
4.3 1.5109 2000 -652.711
4.305 1.5005 2000 -648.214
4.31 1.49005 2000 -643.702
4.315 1.47956 2000 -639.172
4.32 1.46903 2000 -634.619
4.325 1.45843 2000 -630.043
4.33 1.4478 2000 -625.45
4.335 1.43714 2000 -620.845
4.34 1.42646 2000 -616.229
4.345 1.41574 2000 -611.6
4.35 1.40498 2000 -606.952
4.355 1.39415 2000 -602.275
4.36 1.38326 2000 -597.57
4.365 1.37234 2000 -592.85
4.37 1.3614 2000 -588.125
4.375 1.35046 2000 -583.397
4.38 1.33948 2000 -578.657
4.385 1.32848 2000 -573.903
4.39 1.31745 2000 -569.14
4.395 1.30642 2000 -564.372
4.4 1.29536 2000 -559.594
4.405 1.28425 2000 -554.797
4.41 1.27311 2000 -549.981
4.415 1.26193 2000 -545.154
4.42 1.25075 2000 -540.324
4.425 1.23956 2000 -535.49
4.43 1.22833 2000 -530.64
4.435 1.21706 2000 -525.768
4.44 1.20575 2000 -520.882
4.445 1.19443 2000 -515.992
4.45 1.1831 2000 -511.101
4.455 1.17178 2000 -506.208
4.46 1.16043 2000 -501.307
4.465 1.14907 2000 -496.398
4.47 1.13769 2000 -491.483
4.475 1.12631 2000 -486.564
4.48 1.11491 2000 -481.641
4.485 1.10348 2000 -476.702
4.49 1.09198 2000 -471.737
4.495 1.08043 2000 -466.746
4.5 1.06884 2000 -461.738
4.505 1.05723 2000 -456.723
4.51 1.04561 2000 -451.703
4.515 1.03398 2000 -446.678
4.52 1.02233 2000 -441.646
4.525 1.01068 2000 -436.613
4.53 0.999046 2000 -431.588
4.535 0.987439 2000 -426.574
4.54 0.975847 2000 -421.566
4.545 0.964259 2000 -416.56
4.55 0.952668 2000 -411.553
4.555 0.941075 2000 -406.545
4.56 0.929481 2000 -401.536
4.565 0.917883 2000 -396.526
4.57 0.906269 2000 -391.508
4.575 0.894629 2000 -386.48
4.58 0.882971 2000 -381.443
4.585 0.871318 2000 -376.41
4.59 0.859688 2000 -371.385
4.595 0.848082 2000 -366.371
4.6 0.836501 2000 -361.368
4.605 0.82495 2000 -356.379
4.61 0.813433 2000 -351.403
4.615 0.801943 2000 -346.439
4.62 0.790471 2000 -341.484
4.625 0.779011 2000 -336.533
4.63 0.76756 2000 -331.586
4.635 0.756114 2000 -326.641
4.64 0.744668 2000 -321.696
4.645 0.733231 2000 -316.756
4.65 0.721822 2000 -311.827
4.655 0.710436 2000 -306.908
4.66 0.699052 2000 -301.99
4.665 0.687668 2000 -297.072
4.67 0.6763 2000 -292.162
4.675 0.664961 2000 -287.263
4.68 0.653661 2000 -282.381
4.685 0.642401 2000 -277.517
4.69 0.631176 2000 -272.668
4.695 0.619987 2000 -267.835
4.7 0.608843 2000 -263.02
4.705 0.59774 2000 -258.224
4.71 0.586663 2000 -253.439
4.715 0.575599 2000 -248.659
4.72 0.564546 2000 -243.884
4.725 0.553521 2000 -239.121
4.73 0.542545 2000 -234.379
4.735 0.531617 2000 -229.659
4.74 0.520716 2000 -224.95
4.745 0.509821 2000 -220.243
4.75 0.498939 2000 -215.542
4.755 0.488106 2000 -210.862
4.76 0.477338 2000 -206.21
4.765 0.466626 2000 -201.583
4.77 0.455955 2000 -196.973
4.775 0.445321 2000 -192.378
4.78 0.434717 2000 -187.798
4.785 0.424144 2000 -183.23
4.79 0.413617 2000 -178.682
4.795 0.403139 2000 -174.156
4.8 0.392689 2000 -169.642
4.805 0.38225 2000 -165.132
4.81 0.371842 2000 -160.636
4.815 0.361493 2000 -156.165
4.82 0.351199 2000 -151.718
4.825 0.340936 2000 -147.285
4.83 0.330699 2000 -142.862
4.835 0.320486 2000 -138.45
4.84 0.310298 2000 -134.049
4.845 0.300143 2000 -129.662
4.85 0.290035 2000 -125.295
4.855 0.279968 2000 -120.946
4.86 0.269926 2000 -116.608
4.865 0.259923 2000 -112.287
4.87 0.24998 2000 -107.992
4.875 0.240112 2000 -103.728
4.88 0.230312 2000 -99.4946
4.885 0.220562 2000 -95.2827
4.89 0.210844 2000 -91.0847
4.895 0.201167 2000 -86.9042
4.9 0.191557 2000 -82.7524
4.905 0.182017 2000 -78.6315
4.91 0.172533 2000 -74.534
4.915 0.163094 2000 -70.4565
4.92 0.153709 2000 -66.4025
4.925 0.144384 2000 -62.3739
4.93 0.135106 2000 -58.3656
4.935 0.125865 2000 -54.3739
4.94 0.116682 2000 -50.4065
4.945 0.10758 2000 -46.4745
4.95 0.0985622 2000 -42.5789
4.955 0.0896086 2000 -38.7109
4.96 0.0807105 2000 -34.8669
4.965 0.0718841 2000 -31.0539
4.97 0.0631415 2000 -27.2771
4.975 0.0544679 2000 -23.5301
4.98 0.0458426 2000 -19.804
4.985 0.0372654 2000 -16.0987
4.99 0.0287557 2000 -12.4225
4.995 0.0203304 2000 -8.78272
5 0.0119885 2000 -5.17905
5.005 0.00371527 2000 -1.605
5.01 -0.00449802 2000 1.94315
5.015 -0.0126386 2000 5.45987
5.02 -0.0206893 2000 8.93777
5.025 -0.0286535 2000 12.3783
5.03 -0.0365494 2000 15.7894
5.035 -0.0443859 2000 19.1747
5.04 -0.0521547 2000 22.5309
5.045 -0.0598416 2000 25.8516
5.05 -0.0674406 2000 29.1343
5.055 -0.0749567 2000 32.3813
5.06 -0.0823946 2000 35.5945
5.065 -0.0897516 2000 38.7727
5.07 -0.0970236 2000 41.9142
5.075 -0.104209 2000 45.0185
5.08 -0.111313 2000 48.0873
5.085 -0.118343 2000 51.1243
5.09 -0.125302 2000 54.1303
5.095 -0.13218 2000 57.1018
5.1 -0.138971 2000 60.0356
5.105 -0.145678 2000 62.9328
5.11 -0.152308 2000 65.7971
5.115 -0.158857 2000 68.6263
5.12 -0.165306 2000 71.4121
5.125 -0.171637 2000 74.1472
5.13 -0.177854 2000 76.8328
5.135 -0.183981 2000 79.4796
5.14 -0.190044 2000 82.0989
5.145 -0.196052 2000 84.6943
5.15 -0.201996 2000 87.2621
5.155 -0.207862 2000 89.7964
5.16 -0.213645 2000 92.2946
5.165 -0.219349 2000 94.7587
5.17 -0.224981 2000 97.1919
5.175 -0.230543 2000 99.5945
5.18 -0.236025 2000 101.963
5.185 -0.241414 2000 104.291
5.19 -0.246708 2000 106.578
5.195 -0.251933 2000 108.835
5.2 -0.257118 2000 111.075
5.205 -0.262266 2000 113.299
5.21 -0.26734 2000 115.491
5.215 -0.272311 2000 117.638
5.22 -0.277188 2000 119.745
5.225 -0.281989 2000 121.819
5.23 -0.286711 2000 123.859
5.235 -0.291351 2000 125.864
5.24 -0.295923 2000 127.839
5.245 -0.30043 2000 129.786
5.25 -0.304868 2000 131.703
5.255 -0.309243 2000 133.593
5.26 -0.313557 2000 135.456
5.265 -0.317788 2000 137.285
5.27 -0.321913 2000 139.066
5.275 -0.325925 2000 140.8
5.28 -0.329831 2000 142.487
5.285 -0.333635 2000 144.13
5.29 -0.337342 2000 145.732
5.295 -0.340955 2000 147.293
5.3 -0.344471 2000 148.811
5.305 -0.347884 2000 150.286
5.31 -0.351197 2000 151.717
5.315 -0.354419 2000 153.109
5.32 -0.357549 2000 154.461
5.325 -0.36058 2000 155.771
5.33 -0.363508 2000 157.036
5.335 -0.366328 2000 158.254
5.34 -0.369035 2000 159.423
5.345 -0.371639 2000 160.548
5.35 -0.374165 2000 161.639
5.355 -0.376631 2000 162.705
5.36 -0.37903 2000 163.741
5.365 -0.381339 2000 164.738
5.37 -0.383551 2000 165.694
5.375 -0.385667 2000 166.608
5.38 -0.387684 2000 167.48
5.385 -0.389591 2000 168.303
5.39 -0.391385 2000 169.078
5.395 -0.393078 2000 169.81
5.4 -0.39468 2000 170.502
5.405 -0.39619 2000 171.154
5.41 -0.397601 2000 171.764
5.415 -0.398907 2000 172.328
5.42 -0.400106 2000 172.846
5.425 -0.4012 2000 173.318
5.43 -0.402203 2000 173.752
5.435 -0.403135 2000 174.155
5.44 -0.404002 2000 174.529
5.445 -0.404787 2000 174.868
5.45 -0.40548 2000 175.167
5.455 -0.406087 2000 175.43
5.46 -0.406618 2000 175.659
5.465 -0.407063 2000 175.851
5.47 -0.407409 2000 176.001
5.475 -0.407663 2000 176.11
5.48 -0.407843 2000 176.188
5.485 -0.407969 2000 176.243
5.49 -0.408045 2000 176.275
5.495 -0.408064 2000 176.284
5.5 -0.408021 2000 176.265
5.505 -0.407907 2000 176.216
5.51 -0.40771 2000 176.131
5.515 -0.407433 2000 176.011
5.52 -0.40707 2000 175.854
5.525 -0.406603 2000 175.653
5.53 -0.406033 2000 175.406
5.535 -0.405371 2000 175.12
5.54 -0.40463 2000 174.8
5.545 -0.403814 2000 174.447
5.55 -0.402916 2000 174.06
5.555 -0.401923 2000 173.631
5.56 -0.400823 2000 173.155
5.565 -0.399617 2000 172.635
5.57 -0.398314 2000 172.072
5.575 -0.396917 2000 171.468
5.58 -0.39544 2000 170.83
5.585 -0.3939 2000 170.165
5.59 -0.392298 2000 169.473
5.595 -0.390614 2000 168.745
5.6 -0.38884 2000 167.979
5.605 -0.386992 2000 167.181
5.61 -0.385086 2000 166.357
5.615 -0.383118 2000 165.507
5.62 -0.381073 2000 164.624
5.625 -0.378935 2000 163.7
5.63 -0.376704 2000 162.736
5.635 -0.374389 2000 161.736
5.64 -0.371996 2000 160.702
5.645 -0.369516 2000 159.631
5.65 -0.366943 2000 158.519
5.655 -0.364281 2000 157.369
5.66 -0.361534 2000 156.183
5.665 -0.358703 2000 154.96
5.67 -0.355795 2000 153.703
5.675 -0.352817 2000 152.417
5.68 -0.349758 2000 151.096
5.685 -0.346605 2000 149.733
5.69 -0.343359 2000 148.331
5.695 -0.340039 2000 146.897
5.7 -0.336664 2000 145.439
5.705 -0.333246 2000 143.962
5.71 -0.329785 2000 142.467
5.715 -0.326269 2000 140.948
5.72 -0.322676 2000 139.396
5.725 -0.318988 2000 137.803
5.73 -0.315206 2000 136.169
5.735 -0.311343 2000 134.5
5.74 -0.307412 2000 132.802
5.745 -0.303415 2000 131.075
5.75 -0.299348 2000 129.318
5.755 -0.295219 2000 127.535
5.76 -0.291039 2000 125.729
5.765 -0.286812 2000 123.903
5.77 -0.282531 2000 122.054
5.775 -0.278181 2000 120.174
5.78 -0.273749 2000 118.259
5.785 -0.269242 2000 116.313
5.79 -0.264671 2000 114.338
5.795 -0.260032 2000 112.334
5.8 -0.255316 2000 110.297
5.805 -0.250525 2000 108.227
5.81 -0.245665 2000 106.127
5.815 -0.240749 2000 104.004
5.82 -0.235805 2000 101.868
5.825 -0.230851 2000 99.7278
5.83 -0.225883 2000 97.5815
5.835 -0.220883 2000 95.4216
5.84 -0.215843 2000 93.2441
5.845 -0.210755 2000 91.046
5.85 -0.205615 2000 88.8258
5.855 -0.200425 2000 86.5835
5.86 -0.195181 2000 84.3184
5.865 -0.189888 2000 82.0316
5.87 -0.184554 2000 79.7274
5.875 -0.179187 2000 77.4088
5.88 -0.173785 2000 75.0752
5.885 -0.168348 2000 72.7263
5.89 -0.16287 2000 70.3597
5.895 -0.157338 2000 67.9701
5.9 -0.151753 2000 65.5574
5.905 -0.146131 2000 63.1288
5.91 -0.140484 2000 60.689
5.915 -0.134803 2000 58.2347
5.92 -0.129069 2000 55.7577
5.925 -0.12327 2000 53.2527
5.93 -0.117413 2000 50.7224
5.935 -0.111512 2000 48.1732
5.94 -0.105574 2000 45.6081
5.945 -0.0995931 2000 43.0242
5.95 -0.0935584 2000 40.4172
5.955 -0.0874686 2000 37.7864
5.96 -0.0813285 2000 35.1339
5.965 -0.0751458 2000 32.463
5.97 -0.0689296 2000 29.7776
5.975 -0.0626789 2000 27.0773
5.98 -0.0563801 2000 24.3562
5.985 -0.050023 2000 21.6099
5.99 -0.0436081 2000 18.8387
5.995 -0.0371452 2000 16.0467
6 -0.0306474 2000 13.2397
6.005 -0.0241208 2000 10.4202
6.01 -0.0175615 2000 7.58659
6.015 -0.0109632 2000 4.73608
6.02 -0.00432429 2000 1.86809
6.025 0.00235108 2000 -1.01567
6.03 0.00905738 2000 -3.91279
6.035 0.0157956 2000 -6.8237
6.04 0.0225743 2000 -9.75208
6.045 0.0294018 2000 -12.7016
6.05 0.0362855 2000 -15.6753
6.055 0.0432301 2000 -18.6754
6.06 0.0502273 2000 -21.6982
6.065 0.057254 2000 -24.7337
6.07 0.0642896 2000 -27.7731
6.075 0.0713303 2000 -30.8147
6.08 0.0783726 2000 -33.8569
6.085 0.085402 2000 -36.8936
6.09 0.0924168 2000 -39.9241
6.095 0.0994314 2000 -42.9544
6.1 0.106455 2000 -45.9884
6.105 0.113495 2000 -49.0297
6.11 0.120564 2000 -52.0838
6.115 0.127664 2000 -55.1509
6.12 0.134782 2000 -58.2258
6.125 0.141912 2000 -61.3059
6.13 0.149063 2000 -64.3954
6.135 0.156247 2000 -67.4987
6.14 0.163461 2000 -70.6154
6.145 0.170704 2000 -73.7441
6.15 0.17797 2000 -76.8829
6.155 0.185248 2000 -80.0271
6.16 0.192531 2000 -83.1736
6.165 0.199821 2000 -86.3225
6.17 0.207109 2000 -89.4713
6.175 0.214378 2000 -92.6114
6.18 0.22162 2000 -95.7399
6.185 0.228861 2000 -98.8677
6.19 0.236126 2000 -102.007
6.195 0.243412 2000 -105.154
6.2 0.250688 2000 -108.297
6.205 0.257938 2000 -111.429
6.21 0.265178 2000 -114.557
6.215 0.272424 2000 -117.687
