0.1 -5.84341e-32 200 8.08242e-14 5.84341e-32 -200 -8.08242e-14
0.2 -3.9443e-31 400 -5.68434e-14 3.9443e-31 -400 5.68434e-14
0.3 5.84341e-32 600 -1.82965e-13 -5.84341e-32 -600 1.82965e-13
0.4 2.92171e-32 800 -8.88178e-14 -2.92171e-32 -800 8.88178e-14
0.5 9.9338e-31 1000 -4.9738e-14 -9.9338e-31 -1000 4.9738e-14
0.6 -2.07441e-30 1200 -8.17124e-14 2.07441e-30 -1200 8.17124e-14
0.7 1.40242e-30 1400 1.26121e-12 -1.40242e-30 -1400 -1.26121e-12
0.8 3.50605e-31 1600 -7.81597e-14 -3.50605e-31 -1600 7.81597e-14
0.9 6.71993e-31 1800 -2.13163e-14 -6.71993e-31 -1800 2.13163e-14
1 -1.86989e-30 2000 9.98313e-13 1.86989e-30 -2000 -9.98313e-13
0.005 1.15939e-05 2000 -0.00502523 -1.15939e-05 -2000 1.66847e-05
0.01 5.78961e-05 2000 -0.0250429 -5.78961e-05 -2000 3.17865e-05
0.015 0.000150439 2000 -0.0650152 -0.000150439 -2000 2.55277e-05
0.02 0.000289208 2000 -0.124958 -0.000289208 -2000 2.04762e-05
0.025 0.000474218 2000 -0.204879 -0.000474218 -2000 1.6486e-05
0.03 0.000705527 2000 -0.304801 -0.000705527 -2000 1.32796e-05
0.035 0.000983207 2000 -0.424756 -0.000983207 -2000 1.07051e-05
0.04 0.00130731 2000 -0.564768 -0.00130731 -2000 8.64025e-06
0.045 0.00167784 2000 -0.724835 -0.00167784 -2000 6.98684e-06
0.05 0.0020947 2000 -0.904916 -0.0020947 -2000 5.66565e-06
0.055 0.00255771 2000 -1.10494 -0.00255771 -2000 4.6129e-06
0.06 0.00306676 2000 -1.32484 -0.00306676 -2000 3.77723e-06
0.065 0.00362191 2000 -1.56467 -0.00362191 -2000 3.11736e-06
0.07 0.00422355 2000 -1.82458 -0.00422355 -2000 2.60014e-06
0.075 0.00487233 2000 -2.10485 -0.00487233 -2000 2.19904e-06
0.08 0.00556905 2000 -2.40583 -0.00556905 -2000 1.89284e-06
0.085 0.00631459 2000 -2.7279 -0.00631459 -2000 1.66458e-06
0.09 0.0071097 2000 -3.07139 -0.0071097 -2000 1.50063e-06
0.095 0.00795473 2000 -3.43645 -0.00795473 -2000 1.38997e-06
0.1 0.00884949 2000 -3.82298 -0.00884949 -2000 1.32353e-06
0.105 0.00979351 2000 -4.2308 -0.00979351 -2000 1.29382e-06
0.11 0.0107867 2000 -4.65984 -0.0107867 -2000 1.29484e-06
0.115 0.0118297 2000 -5.11043 -0.0118297 -2000 1.32207e-06
0.12 0.0129249 2000 -5.58354 -0.0129249 -2000 1.37267e-06
0.125 0.0140759 2000 -6.0808 -0.0140759 -2000 1.44542e-06
0.13 0.0152873 2000 -6.6041 -0.0152873 -2000 1.54024e-06
0.135 0.0165626 2000 -7.15503 -0.0165626 -2000 1.65734e-06
0.14 0.017904 2000 -7.73455 -0.017904 -2000 1.79679e-06
0.145 0.0193123 2000 -8.34289 -0.0193123 -2000 1.95746e-06
0.15 0.020787 2000 -8.98 -0.020787 -2000 2.13696e-06
0.155 0.0223285 2000 -9.6459 -0.0223285 -2000 2.33428e-06
0.16 0.0239377 2000 -10.3411 -0.0239377 -2000 2.54894e-06
0.165 0.0256176 2000 -11.0668 -0.0256176 -2000 2.78157e-06
0.17 0.027373 2000 -11.8251 -0.027373 -2000 3.03534e-06
0.175 0.0292094 2000 -12.6184 -0.0292094 -2000 3.31402e-06
0.18 0.0311327 2000 -13.4493 -0.0311327 -2000 3.62206e-06
0.185 0.0331485 2000 -14.3201 -0.0331485 -2000 3.96348e-06
0.19 0.0352616 2000 -15.233 -0.0352616 -2000 4.34176e-06
0.195 0.0374777 2000 -16.1904 -0.0374777 -2000 4.76092e-06
0.2 0.0398041 2000 -17.1954 -0.0398041 -2000 5.2265e-06
0.205 0.0422512 2000 -18.2525 -0.0422512 -2000 5.74702e-06
0.21 0.0448361 2000 -19.3692 -0.0448361 -2000 6.33856e-06
0.215 0.047584 2000 -20.5563 -0.047584 -2000 7.02814e-06
0.22 0.0505236 2000 -21.8262 -0.0505236 -2000 7.85152e-06
0.225 0.0536798 2000 -23.1897 -0.0536798 -2000 8.84391e-06
0.23 0.0570669 2000 -24.6529 -0.0570669 -2000 1.00282e-05
0.235 0.0606838 2000 -26.2154 -0.0606838 -2000 1.14037e-05
0.24 0.0645139 2000 -27.87 -0.0645139 -2000 1.29397e-05
0.245 0.0685298 2000 -29.6049 -0.0685298 -2000 1.4581e-05
0.25 0.0727022 2000 -31.4074 -0.0727022 -2000 1.62636e-05
0.255 0.077009 2000 -33.2679 -0.077009 -2000 1.79366e-05
0.26 0.0814419 2000 -35.1829 -0.0814419 -2000 1.95804e-05
0.265 0.0860078 2000 -37.1554 -0.0860078 -2000 2.12122e-05
0.27 0.0907249 2000 -39.1932 -0.0907249 -2000 2.28788e-05
0.275 0.0956163 2000 -41.3063 -0.0956163 -2000 2.46403e-05
0.28 0.100705 2000 -43.5047 -0.100705 -2000 2.65555e-05
0.285 0.106011 2000 -45.7967 -0.106011 -2000 2.86718e-05
0.29 0.111548 2000 -48.1888 -0.111548 -2000 3.10219e-05
0.295 0.11733 2000 -50.6867 -0.11733 -2000 3.36296e-05
0.3 0.123371 2000 -53.2965 -0.123371 -2000 3.65183e-05
0.305 0.129688 2000 -56.0251 -0.129688 -2000 3.97188e-05
0.31 0.1363 2000 -58.8815 -0.1363 -2000 4.32753e-05
0.315 0.143234 2000 -61.8771 -0.143234 -2000 4.72506e-05
0.32 0.15052 2000 -65.0245 -0.15052 -2000 5.17235e-05
0.325 0.158184 2000 -68.3355 -0.158184 -2000 5.6774e-05
0.33 0.16625 2000 -71.8199 -0.16625 -2000 6.24665e-05
0.335 0.174732 2000 -75.4841 -0.174732 -2000 6.88387e-05
0.34 0.183638 2000 -79.3319 -0.183638 -2000 7.59005e-05
0.345 0.192975 2000 -83.3654 -0.192975 -2000 8.36444e-05
0.35 0.202746 2000 -87.5864 -0.202746 -2000 9.20588e-05
0.355 0.212953 2000 -91.9956 -0.212953 -2000 0.000101129
0.36 0.223592 2000 -96.5918 -0.223592 -2000 0.000110826
0.365 0.234655 2000 -101.371 -0.234655 -2000 0.000121089
0.37 0.246131 2000 -106.329 -0.246131 -2000 0.000131844
0.375 0.25801 2000 -111.461 -0.25801 -2000 0.000143023
0.38 0.270288 2000 -116.765 -0.270288 -2000 0.000154594
0.385 0.282959 2000 -122.238 -0.282959 -2000 0.000166537
0.39 0.296006 2000 -127.875 -0.296006 -2000 0.000178781
0.395 0.309383 2000 -133.653 -0.309383 -2000 0.000191107
0.4 0.323004 2000 -139.538 -0.323004 -2000 0.000203058
0.405 0.336737 2000 -145.471 -0.336737 -2000 0.000213906
0.41 0.350407 2000 -151.376 -0.350407 -2000 0.000222704
0.415 0.363805 2000 -157.164 -0.363805 -2000 0.000228412
0.42 0.37671 2000 -162.739 -0.37671 -2000 0.00023011
0.425 0.388913 2000 -168.011 -0.388913 -2000 0.000227254
0.43 0.400254 2000 -172.91 -0.400254 -2000 0.000219734
0.435 0.410657 2000 -177.404 -0.410657 -2000 0.000208194
0.44 0.420148 2000 -181.504 -0.420148 -2000 0.000193748
0.445 0.42886 2000 -185.268 -0.42886 -2000 0.000177862
0.45 0.437017 2000 -188.792 -0.437017 -2000 0.000162035
0.455 0.444905 2000 -192.199 -0.444905 -2000 0.000147604
0.46 0.452838 2000 -195.626 -0.452838 -2000 0.000135665
0.465 0.461115 2000 -199.202 -0.461115 -2000 0.000127066
0.47 0.469955 2000 -203.021 -0.469955 -2000 0.000122351
0.475 0.479469 2000 -207.131 -0.479469 -2000 0.000121653
0.48 0.489638 2000 -211.524 -0.489638 -2000 0.000124567
0.485 0.500336 2000 -216.145 -0.500336 -2000 0.00013014
0.49 0.51136 2000 -220.908 -0.51136 -2000 0.000136995
0.495 0.522469 2000 -225.707 -0.522469 -2000 0.000143592
0.5 0.533407 2000 -230.432 -0.533407 -2000 0.000148483
0.505 0.543909 2000 -234.969 -0.543909 -2000 0.000150477
0.51 0.553695 2000 -239.196 -0.553695 -2000 0.000148688
0.515 0.562454 2000 -242.98 -0.562454 -2000 0.000142547
0.52 0.569839 2000 -246.171 -0.569839 -2000 0.000131893
0.525 0.575483 2000 -248.609 -0.575483 -2000 0.000117167
0.53 0.579055 2000 -250.152 -0.579055 -2000 9.96837e-05
0.535 0.580326 2000 -250.701 -0.580326 -2000 8.16875e-05
0.54 0.579086 2000 -250.165 -0.579086 -2000 0.000237353
0.545 0.575283 2000 -248.523 -0.575283 -2000 0.000368407
0.55 0.569178 2000 -245.885 -0.569178 -2000 0.000297233
0.555 0.561143 2000 -242.414 -0.561143 -2000 0.000239723
0.56 0.551595 2000 -238.289 -0.551595 -2000 0.000192919
0.565 0.540942 2000 -233.687 -0.540942 -2000 0.000155252
0.57 0.529511 2000 -228.749 -0.529511 -2000 0.000124937
0.575 0.517504 2000 -223.562 -0.517504 -2000 0.000100539
0.58 0.504988 2000 -218.155 -0.504988 -2000 8.09029e-05
0.585 0.491957 2000 -212.525 -0.491957 -2000 6.5098e-05
0.59 0.478415 2000 -206.675 -0.478415 -2000 5.23758e-05
0.595 0.464454 2000 -200.644 -0.464454 -2000 4.21329e-05
0.6 0.450288 2000 -194.525 -0.450288 -2000 3.38843e-05
0.605 0.436251 2000 -188.461 -0.436251 -2000 2.72405e-05
0.61 0.422717 2000 -182.614 -0.422717 -2000 2.18897e-05
0.615 0.410005 2000 -177.122 -0.410005 -2000 1.75817e-05
0.62 0.398328 2000 -172.078 -0.398328 -2000 1.41154e-05
0.625 0.387777 2000 -167.52 -0.387777 -2000 1.13285e-05
0.63 0.378329 2000 -163.438 -0.378329 -2000 9.08923e-06
0.635 0.369836 2000 -159.769 -0.369836 -2000 -1.35383e-07
0.64 0.362024 2000 -156.394 -0.362024 -2000 -9.05502e-07
0.645 0.354498 2000 -153.143 -0.354498 -2000 -3.30926e-06
0.65 0.346749 2000 -149.795 -0.346749 -2000 -2.94675e-06
0.655 0.338163 2000 -146.086 -0.338163 -2000 -2.39833e-06
0.66 0.32805 2000 -141.718 -0.32805 -2000 -1.96786e-06
0.665 0.31572 2000 -136.391 -0.31572 -2000 -1.64205e-06
0.67 0.300618 2000 -129.867 -0.300618 -2000 -1.41528e-06
0.675 0.282451 2000 -122.019 -0.282451 -2000 -1.28794e-06
0.68 0.261251 2000 -112.86 -0.261251 -2000 -1.26296e-06
0.685 0.237373 2000 -102.545 -0.237373 -2000 -1.34001e-06
0.69 0.211439 2000 -91.3416 -0.211439 -2000 -1.50762e-06
0.695 0.184259 2000 -79.6 -0.184259 -2000 -2.11319e-05
0.7 0.156746 2000 -67.7142 -0.156746 -2000 -2.09788e-05
0.705 0.129825 2000 -56.0845 -0.129825 -2000 -1.74823e-05
0.71 0.104372 2000 -45.0885 -0.104372 -2000 -7.91113e-05
0.715 0.0810965 2000 -35.0335 -0.0810965 -2000 -0.000153851
0.72 0.0605087 2000 -26.1396 -0.0605087 -2000 -0.000156419
0.725 0.0428973 2000 -18.5313 -0.0428973 -2000 -0.000333699
0.73 0.0284288 2000 -12.2807 -0.0284288 -2000 -0.000601595
0.735 0.0171941 2000 -7.42689 -0.0171941 -2000 -0.000979828
0.74 0.00923127 1999.99 -3.98651 -0.00923127 -1999.99 -0.00140274
0.745 0.00443614 2000 -1.91514 -0.00443614 -2000 -0.00126979
0.75 0.00254931 2000 -1.10028 -0.00254931 -2000 -0.00102328
0.755 0.00310406 2000 -1.33994 -0.00310406 -2000 -0.00101775
0.76 0.00541392 2000 -2.33789 -0.00541392 -2000 -0.000917733
0.765 0.00857359 2000 -3.70305 -0.00857359 -2000 -0.00073846
0.77 0.0115847 2000 -5.00399 -0.0115847 -2000 -0.000594283
0.775 0.0134359 2000 -5.80383 -0.0134359 -2000 -0.000478256
0.78 0.0131863 2000 -5.69608 -0.0131863 -2000 -0.000384883
0.785 0.0100544 2000 -4.34321 -0.0100544 -2000 -0.000309741
0.79 0.00350426 2000 -1.51362 -0.00350426 -2000 -0.000222785
0.795 -0.00653827 1999.99 2.82592 0.00653827 -1999.99 -0.00138706
0.8 -0.0199991 1999.99 8.64301 0.0199991 -1999.99 -0.00337597
0.805 -0.0360704 1999.98 15.5917 0.0360704 -1999.98 -0.00934894
0.81 -0.0541841 1999.98 23.4209 0.0541841 -1999.98 -0.0133457
0.815 -0.0745702 1999.98 32.2254 0.0745702 -1999.98 -0.0110123
0.82 -0.0969642 1999.98 41.8975 0.0969642 -1999.98 -0.00896739
0.825 -0.121052 1999.99 52.3017 0.121052 -1999.99 -0.00736437
0.83 -0.14652 1999.99 63.3025 0.14652 -1999.99 -0.00609387
0.835 -0.173056 1999.99 74.7654 0.173056 -1999.99 -0.00508781
0.84 -0.200352 1999.99 86.5562 0.200352 -1999.99 -0.00429081
0.845 -0.228109 1999.99 98.5466 0.228109 -1999.99 -0.00365798
0.85 -0.256069 2000 110.625 0.256069 -2000 -0.00315331
0.855 -0.28404 2000 122.708 0.28404 -2000 -0.0027485
0.86 -0.311924 2000 134.754 0.311924 -2000 -0.00242202
0.865 -0.339746 2000 146.772 0.339746 -2000 -0.00215819
0.87 -0.367645 2000 158.825 0.367645 -2000 -0.00194623
0.875 -0.395833 2000 171.001 0.395833 -2000 -0.00177886
0.88 -0.424483 2000 183.378 0.424483 -2000 -0.00165038
0.885 -0.45364 2000 195.974 0.45364 -2000 -0.00155486
0.89 -0.483139 2000 208.718 0.483139 -2000 -0.00148472
0.895 -0.512564 2000 221.429 0.512564 -2000 -0.00143004
0.9 -0.541283 2000 233.835 0.541283 -2000 -0.00137907
0.905 -0.568626 2000 245.648 0.568626 -2000 -0.00132097
0.91 -0.594138 2000 256.669 0.594138 -2000 -0.00124983
0.915 -0.617781 2000 266.883 0.617781 -2000 -0.00116686
0.92 -0.640046 2000 276.501 0.640046 -2000 -0.00107966
0.925 -0.661926 2000 285.953 0.661926 -2000 -0.000999878
0.93 -0.684731 2000 295.805 0.684731 -2000 -0.000940721
0.935 -0.709732 2000 306.605 0.709732 -2000 -0.000915064
0.94 -0.737814 2000 318.736 0.737814 -2000 -0.00093308
0.945 -0.769247 2000 332.316 0.769247 -2000 -0.000998689
0.95 -0.803644 2000 347.175 0.803644 -2000 -0.00110645
0.955 -0.840044 2000 362.9 0.840044 -2000 -0.00123824
0.96 -0.877086 2000 378.903 0.877086 -2000 -0.00136858
0.965 -0.913195 2000 394.502 0.913195 -2000 -0.0014794
0.97 -0.94677 2000 409.006 0.94677 -2000 -0.00152743
0.975 -0.976355 2000 421.787 0.976355 -2000 -0.00149762
0.98 -1.00076 2000 432.33 1.00076 -2000 -0.00139893
0.985 -1.01908 2000 440.245 1.01908 -2000 -0.00124532
0.99 -1.03064 2000 445.237 1.03064 -2000 -0.00105937
0.995 -1.03488 2000 447.069 1.03488 -2000 -0.000868316
1 -1.03087 1999.99 445.338 1.03087 -1999.99 -0.00224288
1.005 -1.0176 1999.99 439.607 1.0176 -1999.99 -0.00340429
1.01 -0.994705 1999.99 429.715 0.994705 -1999.99 -0.002743
1.015 -0.962012 1999.99 415.591 0.962012 -1999.99 -0.00220942
1.02 -0.919543 1999.99 397.245 0.919543 -1999.99 -0.00177793
1.025 -0.867378 1999.99 374.709 0.867378 -1999.99 -0.00143043
1.03 -0.805605 2000 348.022 0.805605 -2000 -0.00115025
1.035 -0.734397 2000 317.26 0.734397 -2000 -0.000923755
1.04 -0.654101 2000 282.572 0.654101 -2000 -0.00073976
1.045 -0.565289 2000 244.205 0.565289 -2000 -0.000588993
1.05 -0.468758 2000 202.504 0.468758 -2000 -0.000463758
1.055 -0.365479 2000 157.887 0.365479 -2000 -0.0003577
1.06 -0.25648 2000 110.8 0.25648 -2000 -0.000265646
1.065 -0.142727 2000 61.6582 0.142727 -2000 -0.000183453
1.07 -0.0250595 2000 10.8258 0.0250595 -2000 -7.4003e-05
1.075 0.095778 2000 -41.3761 -0.095778 -2000 -4.17507e-06
1.08 0.219039 2000 -94.6251 -0.219039 -2000 9.34153e-05
1.085 0.343841 2000 -148.539 -0.343841 -2000 -0.000323886
1.09 0.46896 1999.99 -202.591 -0.46896 -1999.99 2.77218e-05
1.095 0.591903 1999.95 -255.716 -0.591903 -1999.95 0.0142839
1.1 0.704625 1999.84 -304.508 -0.704625 -1999.84 0.109556
1.105 0.811245 1999.81 -350.591 -0.811245 -1999.81 0.132686
1.11 0.913069 1999.84 -394.555 -0.913069 -1999.84 0.109643
1.115 1.00933 1999.87 -436.122 -1.00933 -1999.87 0.0904454
1.12 1.09952 1999.9 -475.068 -1.09952 -1999.9 0.0749527
1.125 1.1835 1999.92 -511.335 -1.1835 -1999.92 0.062233
1.13 1.26153 1999.93 -545.032 -1.26153 -1999.93 0.0517414
1.135 1.33415 1999.95 -576.397 -1.33415 -1999.95 0.0430758
1.14 1.40211 1999.96 -605.748 -1.40211 -1999.96 0.03592
1.145 1.4661 1999.96 -633.386 -1.4661 -1999.96 0.0300162
1.15 1.52652 1999.97 -659.483 -1.52652 -1999.97 0.025197
1.155 1.58325 1999.98 -683.984 -1.58325 -1999.98 0.0212538
1.16 1.63551 1999.98 -706.56 -1.63551 -1999.98 0.0179491
1.165 1.68201 1999.98 -726.642 -1.68201 -1999.98 0.015136
1.17 1.72106 1999.99 -743.51 -1.72106 -1999.99 0.0126956
1.175 1.75091 1999.99 -756.406 -1.75091 -1999.99 0.0105468
1.18 1.77001 1999.99 -764.652 -1.77001 -1999.99 0.00865094
1.185 1.77723 1999.99 -767.77 -1.77723 -1999.99 0.00700867
1.19 1.77145 1999.98 -765.275 -1.77145 -1999.98 0.00959949
1.195 1.75194 1999.97 -756.851 -1.75194 -1999.97 0.0114931
1.2 1.71943 1999.98 -742.803 -1.71943 -1999.98 0.00924919
1.205 1.67488 1999.98 -723.554 -1.67488 -1999.98 0.00744326
1.21 1.61922 1999.99 -699.508 -1.61922 -1999.99 0.0059896
1.215 1.55304 1999.99 -670.918 -1.55304 -1999.99 0.00481905
1.22 1.4765 1999.99 -637.852 -1.4765 -1999.99 0.00387565
1.225 1.38956 1999.99 -600.295 -1.38956 -1999.99 0.00311399
1.23 1.29247 1999.99 -558.348 -1.29247 -1999.99 0.00249706
1.235 1.18617 2000 -512.427 -1.18617 -2000 0.00199467
1.24 1.07251 2000 -463.326 -1.07251 -2000 0.00158243
1.245 0.953974 2000 -412.118 -0.953974 -2000 0.00123373
1.25 0.833241 2000 -359.961 -0.833241 -2000 0.000955336
1.255 0.712798 2000 -307.929 -0.712798 -2000 0.000724812
1.26 0.594672 2000 -256.899 -0.594672 -2000 0.000523488
1.265 0.480337 2000 -207.506 -0.480337 -2000 0.000355644
1.27 0.370743 2000 -160.161 -0.370743 -2000 0.000216994
1.275 0.26646 2000 -115.111 -0.26646 -2000 0.000103907
1.28 0.167839 2000 -72.5065 -0.167839 -2000 1.31729e-05
1.285 0.0751359 2000 -32.4587 -0.0751359 -2000 -5.81029e-05
1.29 -0.0114488 2000 4.94601 0.0114488 -2000 -0.000112578
1.295 -0.0918191 2000 39.666 0.0918191 -2000 -0.000152807
1.3 -0.166171 2000 71.786 0.166171 -2000 -0.000181457
1.305 -0.235288 2000 101.644 0.235288 -2000 -0.00020166
1.31 -0.30074 2000 129.92 0.30074 -2000 -0.000296435
1.315 -0.364821 2000 157.603 0.364821 -2000 -0.000306474
1.32 -0.430189 2000 185.842 0.430189 -2000 -0.000316691
1.325 -0.499326 2000 215.709 0.499326 -2000 -0.000347911
1.33 -0.57395 2000 247.947 0.57395 -2000 -0.000408092
1.335 -0.654564 2000 282.772 0.654564 -2000 -0.000654955
1.34 -0.74023 2000 319.78 0.74023 -2000 -0.000836877
1.345 -0.828577 1999.99 357.947 0.828577 -1999.99 -0.00153263
1.35 -0.916223 1999.99 395.811 0.916223 -1999.99 -0.00301123
1.355 -0.999187 1999.98 431.653 0.999187 -1999.98 -0.0045575
1.36 -1.07361 1999.95 463.808 1.07361 -1999.95 -0.0108943
1.365 -1.13461 1999.91 490.201 1.13461 -1999.91 -0.0516087
1.37 -1.18455 1999.9 511.787 1.18455 -1999.9 -0.0601971
1.375 -1.22395 1999.92 528.798 1.22395 -1999.92 -0.0491571
1.38 -1.25301 1999.94 541.339 1.25301 -1999.94 -0.0398905
1.385 -1.27232 1999.95 549.675 1.27232 -1999.95 -0.0322526
1.39 -1.28278 1999.96 554.187 1.28278 -1999.96 -0.0260063
1.395 -1.28533 1999.97 555.283 1.28533 -1999.97 -0.0209333
1.4 -1.28027 1999.96 553.1 1.28027 -1999.96 -0.023195
1.405 -1.26813 1999.96 547.855 1.26813 -1999.96 -0.0225183
1.41 -1.24984 1999.97 539.948 1.24984 -1999.97 -0.0181218
1.415 -1.22667 1999.98 529.934 1.22667 -1999.98 -0.0145837
1.42 -1.2005 1999.98 518.629 1.2005 -1999.98 -0.0117364
1.425 -1.17386 1999.98 507.116 1.17386 -1999.98 -0.0094449
1.43 -1.14965 1999.99 496.659 1.14965 -1999.99 -0.00760079
1.435 -1.13086 1999.99 488.538 1.13086 -1999.99 -0.00611674
1.44 -1.1201 1999.99 483.89 1.1201 -1999.99 -0.00492248
1.445 -1.11938 1999.99 483.574 1.11938 -1999.99 -0.00396146
1.45 -1.12992 1999.99 488.131 1.12992 -1999.99 -0.00318789
1.455 -1.15226 2000 497.778 1.15226 -2000 -0.00256542
1.46 -1.18624 2000 512.457 1.18624 -2000 -0.0020647
1.465 -1.23118 2000 531.87 1.23118 -2000 -0.00166037
1.47 -1.28579 1999.99 555.447 1.28579 -1999.99 0.0128501
1.475 -1.34224 1999.94 579.882 1.34224 -1999.94 -0.033879
1.48 -1.40296 1999.95 606.114 1.40296 -1999.95 -0.0332473
1.485 -1.46571 1999.96 633.214 1.46571 -1999.96 -0.0271828
1.49 -1.52736 1999.96 659.843 1.52736 -1999.96 -0.0229401
1.495 -1.58497 1999.97 684.728 1.58497 -1999.97 -0.0194318
1.5 -1.63639 1999.98 706.936 1.63639 -1999.98 -0.0164416
1.505 -1.6808 1999.98 726.12 1.6808 -1999.98 -0.0138476
1.51 -1.71902 1999.98 742.627 1.71902 -1999.98 -0.0116001
1.515 -1.75333 1999.99 757.447 1.75333 -1999.99 -0.00968848
1.52 -1.78703 1999.99 772.006 1.78703 -1999.99 -0.00811315
1.525 -1.82384 1999.99 787.907 1.82384 -1999.99 -0.00687844
1.53 -1.86733 1999.99 806.692 1.86733 -1999.99 -0.00599945
1.535 -1.92054 1999.99 829.68 1.92054 -1999.99 -0.00551037
1.54 -1.98576 2000 857.855 1.98576 -2000 -0.00540483
1.545 -2.06431 2000 891.785 2.06431 -2000 -0.00572218
1.55 -2.1565 2000 931.616 2.1565 -2000 -0.00653653
1.555 -2.26185 2000 977.127 2.26185 -2000 -0.00783951
1.56 -2.37928 2000 1027.86 2.37928 -2000 -0.00958433
1.565 -2.50746 2000 1083.24 2.50746 -2000 -0.0116952
1.57 -2.64497 2000 1142.64 2.64497 -2000 -0.0140796
1.575 -2.79021 2000 1205.39 2.79021 -2000 -0.0166289
1.58 -2.9412 2000 1270.62 2.9412 -2000 -0.0192128
1.585 -3.09539 2000 1337.23 3.09539 -2000 -0.0216702
1.59 -3.24954 2000 1403.83 3.24954 -2000 -0.0237936
1.595 -3.39987 2000 1468.77 3.39987 -2000 -0.0253587
1.6 -3.54238 2000 1530.34 3.54238 -2000 -0.0261599
1.605 -3.67326 2000 1586.87 3.67326 -2000 -0.0260657
1.61 -3.78914 2000 1636.93 3.78914 -2000 -0.0250536
1.615 -3.88724 2000 1679.31 3.88724 -2000 -0.0232159
1.62 -3.96532 2000 1713.04 3.96532 -2000 -0.02074
1.625 -4.02157 2000 1737.34 4.02157 -2000 -0.0179198
1.63 -4.0545 2000 1751.56 4.0545 -2000 -0.014993
1.635 -4.0629 2000 1755.18 4.0629 -2000 -0.0121903
1.64 -4.04367 1999.96 1746.9 4.04367 -1999.96 -0.0304283
1.645 -3.99566 1999.94 1726.17 3.99566 -1999.94 -0.0429745
1.65 -3.9198 1999.95 1693.39 3.9198 -1999.95 -0.0345834
1.655 -3.81803 1999.96 1649.42 3.81803 -1999.96 -0.0278275
1.66 -3.69342 1999.97 1595.58 3.69342 -1999.97 -0.0223828
1.665 -3.54968 1999.97 1533.48 3.54968 -1999.97 -0.0179857
1.67 -3.39087 1999.98 1464.87 3.39087 -1999.98 -0.0143978
1.675 -3.2211 1999.98 1391.53 3.2211 -1999.98 -0.0115103
1.68 -3.04442 1999.99 1315.2 3.04442 -1999.99 -0.00916224
1.685 -2.8647 1999.99 1237.56 2.8647 -1999.99 -0.00720456
1.69 -2.68556 1999.99 1160.17 2.68556 -1999.99 -0.00558788
1.695 -2.51018 1999.99 1084.4 2.51018 -1999.99 -0.00425255
1.7 -2.34095 1999.99 1011.29 2.34095 -1999.99 -0.00315375
1.705 -2.17913 2000 941.388 2.17913 -2000 -0.00225554
1.71 -2.02479 2000 874.71 2.02479 -2000 -0.00152618
1.715 -1.877 2000 810.865 1.877 -2000 -0.000935934
1.72 -1.73451 2000 749.308 1.73451 -2000 -0.00045755
1.725 -1.59623 2000 689.571 1.59623 -2000 -6.78443e-05
1.73 -1.4614 2000 631.326 1.4614 -2000 0.000251599
1.735 -1.32945 2000 574.323 1.32945 -2000 0.000515233
1.74 -1.19984 2000 518.331 1.19984 -2000 0.000734822
1.745 -1.07212 2000 463.155 1.07212 -2000 0.000920025
1.75 -0.94603 2000 408.684 0.94603 -2000 0.00107821
1.755 -0.821494 2000 354.884 0.821494 -2000 0.00121449
1.76 -0.6984 2000 301.707 0.6984 -2000 0.00133284
1.765 -0.576331 2000 248.974 0.576331 -2000 0.00143354
1.77 -0.454378 2000 196.29 0.454378 -2000 0.00152049
1.775 -0.33115 2000 143.055 0.33115 -2000 0.00161209
1.78 -0.205132 2000 88.6153 0.205132 -2000 0.00196115
1.785 -0.0752969 2000 32.5262 0.0752969 -2000 0.00200966
1.79 0.0582903 2000 -25.1834 -0.0582903 -2000 0.00199156
1.795 0.194136 2000 -83.8687 -0.194136 -2000 0.00216874
1.8 0.329462 2000 -142.33 -0.329462 -2000 0.00232531
1.805 0.460771 2000 -199.056 -0.460771 -2000 0.00247216
1.81 0.584597 2000 -252.549 -0.584597 -2000 0.0025842
1.815 0.698031 2000 -301.552 -0.698031 -2000 0.00320431
1.82 0.798841 2000 -345.102 -0.798841 -2000 0.00281046
1.825 0.885421 2000 -382.504 -0.885421 -2000 0.00230532
1.83 0.956796 2000 -413.338 -0.956796 -2000 0.00217488
1.835 1.01281 2000 -437.537 -1.01281 -2000 0.00198098
1.84 1.05439 2000 -455.497 -1.05439 -2000 0.00174505
1.845 1.08369 2000 -468.154 -1.08369 -2000 0.00174866
1.85 1.10397 2000 -476.918 -1.10397 -2000 0.00179165
1.855 1.11911 2000 -483.458 -1.11911 -2000 0.000936729
1.86 1.13286 2000 -489.397 -1.13286 -2000 0.000594654
1.865 1.14824 2000 -496.038 -1.14824 -2000 0.000597623
1.87 1.1673 2000 -504.276 -1.1673 -2000 0.000593674
1.875 1.19133 2000 -514.655 -1.19133 -2000 0.000113347
1.88 1.22095 2000 -527.451 -1.22095 -2000 -1.39046e-05
1.885 1.25627 2000 -542.707 -1.25627 -2000 7.98005e-05
1.89 1.29689 2000 -560.258 -1.29689 -2000 0.000190398
1.895 1.34203 2000 -579.76 -1.34203 -2000 0.0018638
1.9 1.39075 2000 -600.804 -1.39075 -2000 0.00176585
1.905 1.44223 2000 -623.043 -1.44223 -2000 0.00163139
1.91 1.49605 2000 -646.298 -1.49605 -2000 0.00358267
1.915 1.55237 1999.99 -670.63 -1.55237 -1999.99 0.00428746
1.92 1.61145 1999.99 -696.152 -1.61145 -1999.99 0.00672269
1.925 1.67346 1999.98 -722.945 -1.67346 -1999.98 0.0094789
1.93 1.73819 1999.98 -750.909 -1.73819 -1999.98 0.0128507
1.935 1.80571 1999.97 -780.08 -1.80571 -1999.97 0.0129672
1.94 1.87617 1999.97 -810.517 -1.87617 -1999.97 0.0123904
1.945 1.9494 1999.94 -842.145 -1.9494 -1999.94 0.00490819
1.95 2.02719 1999.92 -875.797 -2.02719 -1999.92 0.0524
1.955 2.11601 1999.94 -914.179 -2.11601 -1999.94 0.0621813
1.96 2.21957 1999.95 -958.909 -2.21957 -1999.95 0.0535609
1.965 2.34086 1999.95 -1011.3 -2.34086 -1999.95 0.047748
1.97 2.48198 1999.96 -1072.26 -2.48198 -1999.96 0.0444955
1.975 2.64418 1999.96 -1142.33 -2.64418 -1999.96 0.0436222
1.98 2.82794 1999.97 -1221.72 -2.82794 -1999.97 0.0449804
1.985 3.03307 1999.97 -1310.34 -3.03307 -1999.97 0.048422
1.99 3.25874 1999.98 -1407.83 -3.25874 -1999.98 0.0537694
1.995 3.50372 1999.98 -1513.67 -3.50372 -1999.98 0.0608118
2 3.76681 1999.98 -1627.33 -3.76681 -1999.98 0.069333
2.005 4.04708 1999.98 -1748.42 -4.04708 -1999.98 0.0791561
2.01 4.344 1999.98 -1876.7 -4.344 -1999.98 0.0901705
2.015 4.65718 1999.98 -2012.01 -4.65718 -1999.98 0.102269
2.02 4.98594 1999.98 -2154.04 -4.98594 -1999.98 0.115321
2.025 5.32888 1999.98 -2302.21 -5.32888 -1999.98 0.129135
2.03 5.68366 1999.98 -2455.49 -5.68366 -1999.98 0.143318
2.035 6.04693 1999.98 -2612.43 -6.04693 -1999.98 0.157248
2.04 6.4145 1999.98 -2771.23 -6.4145 -1999.98 0.170129
2.045 6.78164 1999.98 -2929.85 -6.78164 -1999.98 0.181084
2.05 7.14333 1999.98 -3086.11 -7.14333 -1999.98 0.189294
2.055 7.49462 1999.98 -3237.87 -7.49462 -1999.98 0.194086
2.06 7.83113 1999.98 -3383.24 -7.83113 -1999.98 0.195073
2.065 8.14979 1999.98 -3520.9 -8.14979 -1999.98 0.192281
2.07 8.44948 1999.98 -3650.36 -8.44948 -1999.98 0.186207
2.075 8.73085 1999.98 -3771.91 -8.73085 -1999.98 0.177782
2.08 8.99561 1999.98 -3886.27 -8.99561 -1999.98 0.167941
2.085 9.24535 1999.99 -3994.15 -9.24535 -1999.99 0.157291
2.09 9.4808 1999.99 -4095.85 -9.4808 -1999.99 0.146274
2.095 9.7016 1999.99 -4191.22 -9.7016 -1999.99 0.135145
2.1 9.9068 1999.99 -4279.86 -9.9068 -1999.99 0.123937
2.105 10.0956 1999.99 -4361.43 -10.0956 -1999.99 0.112704
2.11 10.2681 1999.99 -4435.93 -10.2681 -1999.99 0.101583
2.115 10.4252 1999.99 -4503.8 -10.4252 -1999.99 0.0907985
2.12 10.5688 1999.99 -4565.82 -10.5688 -1999.99 0.0806087
2.125 10.7012 1999.99 -4622.98 -10.7012 -1999.99 0.0712307
2.13 10.8247 1999.99 -4676.32 -10.8247 -1999.99 0.0628086
2.135 10.9415 2000 -4726.78 -10.9415 -2000 0.0554048
2.14 11.0536 2000 -4775.22 -11.0536 -2000 0.049016
2.145 11.1628 2000 -4822.36 -11.1628 -2000 0.0435978
2.15 11.2702 2000 -4868.78 -11.2702 -2000 0.0390797
2.155 11.3769 2000 -4914.85 -11.3769 -2000 0.0353645
2.16 11.4826 2000 -4960.52 -11.4826 -2000 0.0323153
2.165 11.586 2000 -5005.19 -11.586 -2000 0.0297404
2.17 11.6847 2000 -5047.81 -11.6847 -2000 0.027405
2.175 11.7756 2000 -5087.09 -11.7756 -2000 0.0250865
2.18 11.8562 2000 -5121.92 -11.8562 -2000 0.0226481
2.185 11.9251 2000 -5151.65 -11.9251 -2000 0.0200746
2.19 11.9817 2000 -5176.1 -11.9817 -2000 0.0175044
2.195 12.0262 2000 -5195.35 -12.0262 -2000 0.0150137
2.2 12.059 2000 -5209.52 -12.059 -2000 0.012619
2.205 12.0801 2000 -5218.61 -12.0801 -2000 0.0104111
2.21 12.089 2000 -5222.44 -12.089 -2000 0.00845612
2.215 12.0842 1999.99 -5220.41 -12.0842 -1999.99 0.0238398
2.22 12.0639 1999.98 -5211.63 -12.0639 -1999.98 0.041544
2.225 12.0276 1999.98 -5195.96 -12.0276 -1999.98 0.0334379
2.23 11.9754 1999.99 -5173.4 -11.9754 -1999.99 0.0269114
2.235 11.9073 1999.99 -5143.98 -11.9073 -1999.99 0.0216529
2.24 11.8235 1999.99 -5107.78 -11.8235 -1999.99 0.0174145
2.245 11.7245 1999.99 -5065.01 -11.7245 -1999.99 0.0139916
2.25 11.6115 1999.99 -5016.18 -11.6115 -1999.99 0.0112175
2.255 11.4868 2000 -4962.29 -11.4868 -2000 0.00895762
2.26 11.3536 2000 -4904.76 -11.3536 -2000 0.00710533
2.265 11.2159 2000 -4845.26 -11.2159 -2000 0.005579
2.27 11.077 2000 -4785.26 -11.077 -2000 0.00431773
2.275 10.9392 2000 -4725.73 -10.9392 -2000 0.00327512
2.28 10.8033 2000 -4667.01 -10.8033 -2000 0.00241312
2.285 10.6689 2000 -4608.97 -10.6689 -2000 0.00169829
2.29 10.5355 2000 -4551.32 -10.5355 -2000 0.0011012
2.295 10.4024 2000 -4493.83 -10.4024 -2000 0.000597372
2.3 10.2694 2000 -4436.38 -10.2694 -2000 0.000167394
2.305 10.1361 2000 -4378.81 -10.1361 -2000 -0.000204584
2.31 10.0019 2000 -4320.83 -10.0019 -2000 -0.000532455
2.315 9.86545 2000 -4261.87 -9.86545 -2000 -0.000831101
2.32 9.72491 2000 -4201.16 -9.72491 -2000 -0.00111766
2.325 9.5782 2000 -4137.78 -9.5782 -2000 -0.00141452
2.33 9.42311 2000 -4070.78 -9.42311 -2000 -0.00174394
2.335 9.25723 2000 -3999.12 -9.25723 -2000 -0.00209404
2.34 9.07761 2000 -3921.52 -9.07761 -2000 -0.00249657
2.345 8.88031 2000 -3836.29 -8.88031 -2000 -0.00303808
2.35 8.66051 2000 -3741.34 -8.66051 -2000 -0.00379058
2.355 8.41312 2000 -3634.46 -8.41312 -2000 -0.00485517
2.36 8.13371 2000 -3513.75 -8.13371 -2000 -0.00636338
2.365 7.81924 2000 -3377.9 -7.81924 -2000 -0.00845705
2.37 7.46834 2000 -3226.31 -7.46834 -2000 -0.0112962
2.375 7.08125 2000 -3059.08 -7.08125 -2000 -0.0150485
2.38 6.65973 2000 -2876.98 -6.65973 -2000 -0.0198735
2.385 6.20703 2000 -2681.41 -6.20703 -2000 -0.0258989
2.39 5.72768 2000 -2474.32 -5.72768 -2000 -0.0332178
2.395 5.22704 2000 -2258.04 -5.22704 -2000 -0.0419053
2.4 4.71063 2000 -2034.94 -4.71063 -2000 -0.0520492
2.405 4.18333 2000 -1807.14 -4.18333 -2000 -0.063793
2.41 3.6487 2000 -1576.16 -3.6487 -2000 -0.0773876
2.415 3.10884 2000 -1342.92 -3.10884 -2000 -0.0947955
2.42 2.56469 2000 -1107.83 -2.56469 -2000 -0.113503
2.425 2.01652 2000 -871.002 -2.01652 -2000 -0.134036
2.43 1.46413 2000 -632.345 -1.46413 -2000 -0.159543
2.435 0.906876 2000 -391.582 -0.906876 -2000 -0.189002
2.44 0.343716 2000 -148.264 -0.343716 -2000 -0.221897
2.445 -0.22672 1999.99 98.2036 0.22672 -1999.99 -0.260722
2.45 -0.806085 1999.99 348.523 0.806085 -1999.99 -0.293895
2.455 -1.39615 1999.98 603.459 1.39615 -1999.98 -0.320296
2.46 -1.99814 1999.97 863.544 1.99814 -1999.97 -0.347318
2.465 -2.61285 1999.94 1129.1 2.61285 -1999.94 -0.345826
2.47 -3.23973 1999.91 1399.88 3.23973 -1999.91 -0.31527
2.475 -3.87446 1999.77 1674.06 3.87446 -1999.77 -0.297171
2.48 -4.51123 1999.6 1949.06 4.51123 -1999.6 -0.203972
2.485 -5.11344 1999.2 2209.58 5.11344 -1999.2 -0.577686
2.49 -5.7147 1999.15 2469.48 5.7147 -1999.15 -0.72702
2.495 -6.31965 1999.3 2730.7 6.31965 -1999.3 -0.607175
2.5 -6.92506 1999.42 2992.18 6.92506 -1999.42 -0.552293
2.505 -7.52768 1999.52 3252.49 7.52768 -1999.52 -0.534644
2.51 -8.12391 1999.6 3510.06 8.12391 -1999.6 -0.532683
2.515 -8.71014 1999.67 3763.32 8.71014 -1999.67 -0.534261
2.52 -9.28309 1999.72 4010.83 9.28309 -1999.72 -0.533603
2.525 -9.83998 1999.77 4251.4 9.83998 -1999.77 -0.528458
2.53 -10.3786 1999.8 4484.05 10.3786 -1999.8 -0.518337
2.535 -10.897 1999.83 4707.99 10.897 -1999.83 -0.503542
2.54 -11.3935 1999.86 4922.5 11.3935 -1999.86 -0.484667
2.545 -11.8668 1999.88 5126.91 11.8668 -1999.88 -0.462363
2.55 -12.3152 1999.89 5320.62 12.3152 -1999.89 -0.437265
2.555 -12.7379 1999.91 5503.18 12.7379 -1999.91 -0.410008
2.56 -13.1341 1999.92 5674.3 13.1341 -1999.92 -0.381245
2.565 -13.5036 1999.93 5833.89 13.5036 -1999.93 -0.351618
2.57 -13.8464 1999.94 5981.97 13.8464 -1999.94 -0.321732
2.575 -14.1633 1999.95 6118.82 14.1633 -1999.95 -0.292162
2.58 -14.4554 1999.96 6245.01 14.4554 -1999.96 -0.263464
2.585 -14.725 1999.96 6361.45 14.725 -1999.96 -0.236165
2.59 -14.9749 1999.97 6469.37 14.9749 -1999.97 -0.210735
2.595 -15.2084 1999.97 6570.2 15.2084 -1999.97 -0.187547
2.6 -15.4289 1999.98 6665.46 15.4289 -1999.98 -0.166838
2.605 -15.6395 1999.98 6756.42 15.6395 -1999.98 -0.148673
2.61 -15.8421 1999.98 6843.93 15.8421 -1999.98 -0.132933
2.615 -16.0373 1999.98 6928.25 16.0373 -1999.98 -0.119328
2.62 -16.2244 1999.99 7009.07 16.2244 -1999.99 -0.107446
2.625 -16.4018 1999.99 7085.68 16.4018 -1999.99 -0.0968366
2.63 -16.5673 1999.99 7157.16 16.5673 -1999.99 -0.0870867
2.635 -16.7186 1999.99 7222.5 16.7186 -1999.99 -0.0778734
2.64 -16.8532 1999.99 7280.65 16.8532 -1999.99 -0.0689856
2.645 -16.9687 1999.99 7330.54 16.9687 -1999.99 -0.0603215
2.65 -17.0625 1999.99 7371.06 17.0625 -1999.99 -0.0518765
2.655 -17.1319 1999.99 7401.01 17.1319 -1999.99 -0.0437408
2.66 -17.174 2000 7419.19 17.174 -2000 -0.0361364
2.665 -17.1862 2000 7424.45 17.1862 -2000 -0.0293246
2.67 -17.1621 1999.94 7414.15 17.1621 -1999.94 -0.146658
2.675 -17.098 1999.91 7386.55 17.098 -1999.91 -0.230955
2.68 -16.9933 1999.92 7341.31 16.9933 -1999.92 -0.185851
2.685 -16.8486 1999.94 7278.74 16.8486 -1999.94 -0.149513
2.69 -16.667 1999.95 7200.24 16.667 -1999.95 -0.120177
2.695 -16.4543 1999.96 7108.34 16.4543 -1999.96 -0.0963995
2.7 -16.2187 1999.97 7006.57 16.2187 -1999.97 -0.077053
2.705 -15.97 1999.97 6899.11 15.97 -1999.97 -0.0612399
2.71 -15.718 1999.98 6790.22 15.718 -1999.98 -0.0482576
2.715 -15.4715 1999.98 6683.72 15.4715 -1999.98 -0.0376126
2.72 -15.2375 1999.99 6582.62 15.2375 -1999.99 -0.0289428
2.725 -15.0207 1999.99 6488.94 15.0207 -1999.99 -0.0219634
2.73 -14.8234 1999.99 6403.74 14.8234 -1999.99 -0.0164266
2.735 -14.6461 1999.99 6327.11 14.6461 -1999.99 -0.0121
2.74 -14.4869 1999.99 6258.34 14.4869 -1999.99 -0.00876083
2.745 -14.3428 2000 6196.08 14.3428 -2000 -0.00614774
2.75 -14.2099 2000 6138.67 14.2099 -2000 -0.0041046
2.755 -14.0842 2000 6084.39 14.0842 -2000 -0.00253254
2.76 -13.9625 2000 6031.79 13.9625 -2000 -0.00129464
2.765 -13.8422 2000 5979.82 13.8422 -2000 -0.000295329
2.77 -13.722 2000 5927.89 13.722 -2000 0.000532318
2.775 -13.6014 2000 5875.8 13.6014 -2000 0.0012315
2.78 -13.4806 2000 5823.63 13.4806 -2000 0.00182039
2.785 -13.3603 2000 5771.67 13.3603 -2000 0.00234293
2.79 -13.2415 2000 5720.32 13.2415 -2000 0.00277565
2.795 -13.1252 2000 5670.08 13.1252 -2000 0.00310893
2.8 -13.0127 2000 5621.47 13.0127 -2000 0.00335534
2.805 -12.9053 2000 5575.07 12.9053 -2000 0.00350999
2.81 -12.8044 2000 5531.49 12.8044 -2000 0.00356925
2.815 -12.7116 2000 5491.4 12.7116 -2000 0.00353028
2.82 -12.6287 2000 5455.59 12.6287 -2000 0.00339209
2.825 -12.5579 2000 5425.03 12.5579 -2000 0.00315639
2.83 -12.5022 2000 5400.94 12.5022 -2000 0.0028311
2.835 -12.4646 2000 5384.7 12.4646 -2000 0.0024357
2.84 -12.4486 2000 5377.81 12.4486 -2000 0.0020115
2.845 -12.4578 2000 5381.75 12.4578 -2000 0.00324792
2.85 -12.4953 2000 5397.96 12.4953 -2000 0.00457937
2.855 -12.5642 2000 5427.74 12.5642 -2000 0.00367934
2.86 -12.6675 2000 5472.34 12.6675 -2000 0.00294484
2.865 -12.8076 2000 5532.87 12.8076 -2000 0.00230565
2.87 -12.9865 2000 5610.15 12.9865 -2000 0.00164023
2.875 -13.2052 2000 5704.65 13.2052 -2000 0.000774813
2.88 -13.4643 2000 5816.57 13.4643 -2000 -0.000606601
2.885 -13.7639 2000 5945.99 13.7639 -2000 -0.00302086
2.89 -14.1045 2000 6093.13 14.1045 -2000 -0.00718172
2.895 -14.4873 2000 6258.51 14.4873 -2000 -0.014058
2.9 -14.9142 2000 6442.97 14.9142 -2000 -0.0248997
2.905 -15.3877 2000 6647.54 15.3877 -2000 -0.0412581
2.91 -15.91 2000 6873.19 15.91 -2000 -0.0657556
2.915 -16.4823 2000 7120.47 16.4823 -2000 -0.111637
2.92 -17.1029 1999.98 7388.68 17.1029 -1999.98 -0.214152
2.925 -17.6866 1998.73 7643.92 17.6866 -1998.73 -3.29939
2.93 -18.3028 1998.23 7911.33 18.3028 -1998.23 -4.51792
2.935 -18.962 1998.55 8195.41 18.962 -1998.55 -3.80999
2.94 -19.6595 1998.82 8496.21 19.6595 -1998.82 -3.28745
2.945 -20.3947 1999.04 8813.39 20.3947 -1999.04 -2.88879
2.95 -21.1675 1999.21 9146.94 21.1675 -1999.21 -2.58464
2.955 -21.979 1999.35 9497.3 21.979 -1999.35 -2.3546
2.96 -22.8314 1999.46 9865.33 22.8314 -1999.46 -2.18453
2.965 -23.7093 1999.61 10246.9 23.7093 -1999.61 -4.5025
2.97 -24.6268 1999.76 10645.7 24.6268 -1999.76 -6.8672
2.975 -25.5518 2000.03 11051.6 25.5518 -2000.03 -13.2723
2.98 -26.5317 2000.15 11477.1 26.5317 -2000.15 -15.4452
2.985 -27.5788 2000.08 11926.9 27.5788 -2000.08 -12.886
2.99 -28.5583 2000.71 12361.4 28.5583 -2000.71 -24.2628
2.995 -29.5813 2001.09 12808.9 29.5813 -2001.09 -29.7895
3 -30.5954 2001.52 13250 30.5954 -2001.52 -32.7255
3.005 -31.5549 2001.91 13668.8 31.5549 -2001.91 -37.0626
3.01 -32.5856 2001.47 14107.5 32.5856 -2001.47 -30.5162
3.015 -33.6308 2001.26 14555.2 33.6308 -2001.26 -26.667
3.02 -34.5746 2001.74 14968.3 34.5746 -2001.74 -32.1166
3.025 -35.5659 2001.45 15394.1 35.5659 -2001.45 -29.6272
3.03 -36.5896 2001.09 15831.7 36.5896 -2001.09 -24.9877
3.035 -37.5725 2001.48 16257.4 37.5725 -2001.48 -26.0525
3.04 -38.524 2001.84 16671.7 38.524 -2001.84 -29.3063
3.045 -39.4835 2001.63 17086.6 39.4835 -2001.63 -29.7126
3.05 -40.4104 2001.72 17492.2 40.4104 -2001.72 -34.9407
3.055 -41.3284 2001.95 17890.7 41.3284 -2001.95 -36.8224
3.06 -42.1754 2002.31 18260.2 42.1754 -2002.31 -40.4179
3.065 -42.9977 2002.25 18618 42.9977 -2002.25 -42.9681
3.07 -43.7992 2002.13 18965.1 43.7992 -2002.13 -43.8176
3.075 -44.5318 2002.48 19289.6 44.5318 -2002.48 -51.8665
3.08 -45.1964 2003.22 19590.3 45.1964 -2003.22 -65.4265
3.085 -45.8431 2003.44 19871.9 45.8431 -2003.44 -67.6906
3.09 -46.4486 2003.42 20127 46.4486 -2003.42 -61.1588
3.095 -46.9826 2003.38 20358.8 46.9826 -2003.38 -62.3144
3.1 -47.4945 2003.22 20578.5 47.4945 -2003.22 -60.9099
3.105 -47.9906 2002.71 20787.9 47.9906 -2002.71 -55.9462
3.11 -48.4625 2002.84 20981.7 48.4625 -2002.84 -45.8735
3.115 -48.8821 2002.6 21160.7 48.8821 -2002.6 -43.6064
3.12 -49.262 2001.95 21326.6 49.262 -2001.95 -45.3788
3.125 -49.5685 2001.74 21469.5 49.5685 -2001.74 -55.8842
3.13 -49.7631 2001.35 21569.8 49.7631 -2001.35 -72.1901
3.135 -49.9489 2001.09 21650.4 49.9489 -2001.09 -72.4291
3.14 -49.9791 2001.11 21683.8 49.9791 -2001.11 -92.8234
3.145 -49.6611 1999.31 21598.9 49.6611 -1999.31 -145.264
3.15 -49.3429 1998.19 21463.8 49.3429 -1998.19 -147.634
3.155 -49.0451 1998.16 21312.4 49.0451 -1998.16 -124.892
3.16 -48.5719 1997.51 21111.7 48.5719 -1997.51 -128.595
3.165 -48.0813 1997.5 20892 48.0813 -1997.5 -120.915
3.17 -47.577 1997.48 20657.6 47.577 -1997.48 -104.338
3.175 -47.043 1997.66 20410 47.043 -1997.66 -87.4477
3.18 -46.4794 1997.83 20150.5 46.4794 -1997.83 -71.4286
3.185 -45.8813 1997.75 19880.6 45.8813 -1997.75 -59.8151
3.19 -45.622 1999.18 19721.7 45.622 -1999.18 -13.0357
3.195 -45.2383 1999.08 19555.6 45.2383 -1999.08 -12.6759
3.2 -44.8531 1999.11 19386 44.8531 -1999.11 -9.41457
3.205 -44.4945 1999.21 19222.3 44.4945 -1999.21 -0.643153
3.21 -44.2678 1999.82 19107.9 44.2678 -1999.82 15.8311
3.215 -43.9788 1999.6 18987.9 43.9788 -1999.6 10.93
3.22 -43.6837 1999.4 18864.5 43.6837 -1999.4 6.82856
3.225 -43.381 1999.21 18737.3 43.381 -1999.21 3.31646
3.23 -43.0695 1999.01 18605.8 43.0695 -1999.01 0.219838
3.235 -42.7294 1998.47 18464.3 42.7294 -1998.47 -5.19558
3.24 -42.5104 1999.44 18354.2 42.5104 -1999.44 10.2917
3.245 -42.2659 1999.9 18242.5 42.2659 -1999.9 16.3728
3.25 -41.9822 1999.59 18125.1 41.9822 -1999.59 11.1579
3.255 -41.6921 1999.3 18004.3 41.6921 -1999.3 6.73649
3.26 -41.4014 1999.06 17881.4 41.4014 -1999.06 3.97107
3.265 -41.3314 1999.79 17832.3 41.3314 -1999.79 22.8493
3.27 -41.1912 1999.54 17777.8 41.1912 -1999.54 16.7849
3.275 -41.1766 2000.18 17757.3 41.1766 -2000.18 30.9829
3.28 -41.1768 2000.32 17750.6 41.1768 -2000.32 37.747
3.285 -41.1248 1999.89 17737.7 41.1248 -1999.89 28.2294
3.29 -41.0818 1999.78 17725.2 41.0818 -1999.78 22.1034
3.295 -41.0887 2000.53 17726.1 41.0887 -2000.53 24.2773
3.3 -41.0834 2000.77 17725.2 41.0834 -2000.77 22.8604
3.305 -41.0601 2000.4 17720.6 41.0601 -2000.4 17.3593
3.31 -41.0329 2000.03 17713.6 41.0329 -2000.03 12.5601
3.315 -41.0122 1999.94 17707.4 41.0122 -1999.94 9.8283
3.32 -40.9921 1999.86 17701 40.9921 -1999.86 7.61304
3.325 -40.9726 1999.8 17694.3 40.9726 -1999.8 5.81845
3.33 -40.9534 1999.74 17687.5 40.9534 -1999.74 4.36316
3.335 -40.9343 1999.69 17680.4 40.9343 -1999.69 3.18227
3.34 -40.9153 1999.65 17673.2 40.9153 -1999.65 2.22382
3.345 -40.8963 1999.61 17665.8 40.8963 -1999.61 1.44652
3.35 -40.8773 1999.58 17658.2 40.8773 -1999.58 0.817804
3.355 -40.8584 1999.56 17650.5 40.8584 -1999.56 0.311395
3.36 -40.8397 1999.54 17642.8 40.8397 -1999.54 -0.0931194
3.365 -40.8211 1999.52 17635.1 40.8211 -1999.52 -0.411847
3.37 -40.8028 1999.52 17627.5 40.8028 -1999.52 -0.657653
3.375 -40.7726 1999.04 17616.3 40.7726 -1999.04 -2.5143
3.38 -40.7482 1998.91 17606.3 40.7482 -1998.91 -3.08897
3.385 -40.729 1999.07 17597.6 40.729 -1999.07 -2.64882
3.39 -40.7111 1999.2 17589.5 40.7111 -1999.2 -2.27816
3.395 -40.6948 1999.31 17582.1 40.6948 -1999.31 -1.95586
3.4 -40.6803 1999.41 17575.5 40.6803 -1999.41 -1.67264
3.405 -40.6678 1999.5 17569.9 40.6678 -1999.5 -1.42154
3.41 -40.6576 1999.58 17565.3 40.6576 -1999.58 -1.19764
3.415 -40.6499 1999.65 17561.7 40.6499 -1999.65 -0.998044
3.42 -40.6447 1999.71 17559.4 40.6447 -1999.71 -0.821523
3.425 -40.6424 1999.77 17558.2 40.6424 -1999.77 -0.668134
3.43 -40.6428 1999.81 17558.2 40.6428 -1999.81 -0.546941
3.435 -40.5493 1999.15 17531.8 40.5493 -1999.15 -14.5462
3.44 -40.4302 1998.71 17487.3 40.4302 -1998.71 -21.5146
3.445 -40.3166 1998.85 17431.5 40.3166 -1998.85 -14.7561
3.45 -40.1823 1998.87 17365.7 40.1823 -1998.87 -6.93664
3.455 -40.0406 1998.82 17296.2 40.0406 -1998.82 1.3275
3.46 -39.8981 1998.8 17227.3 39.8981 -1998.8 8.65326
3.465 -39.7542 1998.82 17160 39.7542 -1998.82 13.8343
3.47 -39.6071 1998.89 17093.6 39.6071 -1998.89 16.6516
3.475 -39.4548 1998.98 17026.9 39.4548 -1998.98 17.5405
3.48 -39.2971 1998.52 16958.8 39.2971 -1998.52 17.4938
3.485 -39.1377 1998.3 16891.2 39.1377 -1998.3 16.3255
3.49 -38.9788 1998.49 16824.1 38.9788 -1998.49 14.7444
3.495 -38.8136 1998.62 16754.4 38.8136 -1998.62 13.0381
3.5 -38.633 2000 16679.5 38.633 -2000 9.94503
3.505 -38.4346 2000.59 16595.4 38.4346 -2000.59 8.2937
3.51 -38.2165 2000.35 16502.4 38.2165 -2000.35 7.13616
3.515 -37.9723 2002.19 16401.2 37.9723 -2002.19 2.80547
3.52 -37.6873 2002.98 16281.6 37.6873 -2002.98 -0.68858
3.525 -37.3774 2002.16 16148 37.3774 -2002.16 -0.967887
3.53 -37.0619 2001.69 16011.3 37.0619 -2001.69 -0.598784
3.535 -36.7361 2001.3 15870.3 36.7361 -2001.3 -0.320506
3.54 -36.4012 2000.88 15725.2 36.4012 -2000.88 0.0880528
3.545 -36.0602 2000.48 15577.5 36.0602 -2000.48 0.520299
3.55 -35.7118 2000.26 15426.9 35.7118 -2000.26 0.610166
3.555 -35.3707 1999.59 15278.4 35.3707 -1999.59 1.76526
3.56 -35.0296 1999.32 15130.8 35.0296 -1999.32 1.9854
3.565 -34.632 2001.68 14967.7 34.632 -2001.68 -6.67517
3.57 -34.2072 2002.68 14788 34.2072 -2002.68 -10.4327
3.575 -33.7703 2001.95 14595.7 33.7703 -2001.95 -6.88169
3.58 -33.3256 2001.11 14399.9 33.3256 -2001.11 -3.28039
3.585 -32.8804 2000.02 14205.5 32.8804 -2000.02 -1.15587
3.59 -32.391 2001.52 14000.9 32.391 -2001.52 -8.01652
3.595 -31.8691 2002.54 13779.9 31.8691 -2002.54 -12.4255
3.6 -31.34 2001.6 13548.1 31.34 -2001.6 -9.2667
3.605 -30.8093 2000.78 13316.7 30.8093 -2000.78 -7.04969
3.61 -30.2776 2000.01 13085 30.2776 -2000.01 -5.10768
3.615 -29.7599 1999.04 12858.2 29.7599 -1999.04 -1.97194
3.62 -29.2553 1998.51 12636.1 29.2553 -1998.51 2.24468
3.625 -28.7308 1997.63 12408.6 28.7308 -1997.63 3.12467
3.63 -27.9773 2003.06 12116.9 27.9773 -2003.06 -30.6591
3.635 -27.045 2009.27 11751.5 27.045 -2009.27 -68.062
3.64 -25.9273 2010.46 11288.9 25.9273 -2010.46 -88.3271
3.645 -24.3509 2012.65 10637.4 24.3509 -2012.65 -117.845
3.65 -22.3985 2016.24 9833.07 22.3985 -2016.24 -156.906
3.655 -20.1493 2019.05 8898.61 20.1493 -2019.05 -194.126
3.66 -17.4118 2021.22 7761.66 17.4118 -2021.22 -239.745
3.665 -14.4559 2020.88 6492.59 14.4559 -2020.88 -247.648
3.67 -11.1653 2019.31 5063.09 11.1653 -2019.31 -239.674
3.675 -7.48229 2018.48 3487.18 7.48229 -2018.48 -254.831
3.68 -3.89689 2015.74 1911.53 3.89689 -2015.74 -228.072
3.685 -0.104511 2013.44 260.061 0.104511 -2013.44 -214.912
3.69 3.86767 2011.68 -1458.66 -3.86767 -2011.68 -212.172
3.695 8.27584 2010.32 -3348.39 -8.27584 -2010.32 -226.771
3.7 13.2054 2008.98 -5450.28 -13.2054 -2008.98 -254.457
3.705 18.4838 2005.77 -7692.32 -18.4838 -2005.77 -292.708
3.71 23.29 2002.38 -9809.94 -23.29 -2002.38 -251.332
3.715 27.55 2004.02 -11749.5 -27.55 -2004.02 -152.065
3.72 31.0822 2007.6 -13389.5 -31.0822 -2007.6 -38.0123
3.725 34.303 2008.15 -14854 -34.303 -2008.15 35.0804
3.73 37.176 2008.67 -16144.5 -37.176 -2008.67 84.4718
3.735 39.7958 2009.06 -17307 -39.7958 -2009.06 115.156
3.74 42.1108 2009.55 -18337.8 -42.1108 -2009.55 145.894
3.745 44.1135 2009.83 -19237.6 -44.1135 -2009.83 180.613
3.75 45.8685 2010.75 -20010.5 -45.8685 -2010.75 195.311
3.755 47.4572 2012.06 -20670.9 -47.4572 -2012.06 169.417
3.76 48.7467 2011.19 -21219.5 -48.7467 -2011.19 160.951
3.765 49.5888 2010.09 -21623.7 -49.5888 -2010.09 201.362
3.77 49.754 2008.2 -21799 -49.754 -2008.2 305.291
3.775 48.4027 1999.25 -21492.1 -48.4027 -1999.25 582.146
3.78 46.8174 1992.48 -20921.6 -46.8174 -1992.48 696.522
3.785 45.5112 1991.33 -20258.4 -45.5112 -1991.33 597.564
3.79 44.5716 1993.12 -19663.2 -44.5716 -1993.12 408.288
3.795 44.1466 1998.05 -19245.2 -44.1466 -1998.05 173.899
3.8 43.6889 1999.67 -18955.2 -43.6889 -1999.67 81.591
3.805 42.9799 1998.22 -18641.3 -42.9799 -1998.22 73.9327
3.81 42.3577 1998.05 -18346.8 -42.3577 -1998.05 48.2358
3.815 41.7974 1998.46 -18080.4 -41.7974 -1998.46 23.9095
3.82 41.3221 1998 -17849.9 -41.3221 -1998 -1.25806
3.825 41.2206 1998.31 -17753.1 -41.2206 -1998.31 -54.1733
3.83 41.1824 1997.7 -17725.5 -41.1824 -1997.7 -65.2656
3.835 41.1531 1998.51 -17718.7 -41.1531 -1998.51 -59.4561
3.84 41.1044 1998.49 -17707 -41.1044 -1998.49 -50.1051
3.845 41.0329 1997.84 -17690 -41.0329 -1997.84 -36.2064
3.85 40.9733 1997.72 -17673.1 -40.9733 -1997.72 -27.3663
3.855 40.9118 1997.54 -17654 -40.9118 -1997.54 -19.9683
3.86 40.8467 1997.29 -17632.1 -40.8467 -1997.29 -13.6832
3.865 40.7474 1995.86 -17598.5 -40.7474 -1995.86 -4.38592
3.87 40.6486 1995.11 -17561.7 -40.6486 -1995.11 1.53438
3.875 40.5551 1995.18 -17523.6 -40.5551 -1995.18 3.792
3.88 40.4389 1994.54 -17477.4 -40.4389 -1994.54 7.74042
3.885 40.3658 1995.72 -17440.8 -40.3658 -1995.72 2.81079
3.89 40.2928 1996.7 -17405.9 -40.2928 -1996.7 -0.596893
3.895 40.1908 1996.17 -17364.9 -40.1908 -1996.17 2.49059
3.9 0.0840414 -19.5232 -30.6098 -0.0840414 19.5232 -5.69607
