0.1 -5.96679e-18 -0.0158338 2.7624e-20
0.2 -1.22977e-17 -0.0319198 5.69337e-20
0.3 1.88593e-17 -0.0483403 -8.73114e-20
0.4 -1.36151e-16 -0.0653189 6.30327e-19
0.5 -1.15249e-16 -0.0826282 5.33562e-19
0.6 -1.49613e-16 -0.100268 6.92652e-19
0.7 -1.35079e-16 -0.118259 6.25364e-19
0.8 -7.67789e-17 -0.136623 3.55458e-19
0.9 -2.21166e-16 -0.155382 1.02392e-18
1 -2.16301e-16 -0.174565 1.00139e-18
0.005 -2.37062e-06 -0.174565 8.23133e-09
0.01 -1.18464e-05 -0.174565 4.11331e-08
0.015 -3.07746e-05 -0.174565 1.06856e-07
0.02 -5.91158e-05 -0.174565 2.05263e-07
0.025 -9.68212e-05 -0.174566 3.36184e-07
0.03 -0.000143842 -0.174566 4.9945e-07
0.035 -0.000200139 -0.174566 6.94928e-07
0.04 -0.0002657 -0.174566 9.22567e-07
0.045 -0.000340542 -0.174566 1.18244e-06
0.05 -0.000424728 -0.174567 1.47475e-06
0.055 -0.000518373 -0.174567 1.7999e-06
0.06 -0.000621652 -0.174567 2.15851e-06
0.065 -0.000734808 -0.174568 2.55141e-06
0.07 -0.000858135 -0.174568 2.97963e-06
0.075 -0.000991965 -0.174568 3.44432e-06
0.08 -0.00113665 -0.174569 3.94669e-06
0.085 -0.00129253 -0.174569 4.48792e-06
0.09 -0.00145986 -0.17457 5.06895e-06
0.095 -0.00163883 -0.17457 5.69035e-06
0.1 -0.00182946 -0.174571 6.35227e-06
0.105 -0.00203169 -0.174571 7.05443e-06
0.11 -0.00224532 -0.174572 7.79621e-06
0.115 -0.00247011 -0.174573 8.57673e-06
0.12 -0.00270576 -0.174573 9.39493e-06
0.125 -0.00295191 -0.174574 1.02496e-05
0.13 -0.00320822 -0.174575 1.11396e-05
0.135 -0.00347433 -0.174576 1.20636e-05
0.14 -0.00374994 -0.174577 1.30205e-05
0.145 -0.00403489 -0.174578 1.40099e-05
0.15 -0.00432918 -0.174578 1.50317e-05
0.155 -0.0046331 -0.174579 1.6087e-05
0.16 -0.00494714 -0.17458 1.71774e-05
0.165 -0.00527203 -0.174581 1.83055e-05
0.17 -0.00560865 -0.174582 1.94742e-05
0.175 -0.00595796 -0.174583 2.06871e-05
0.18 -0.0063209 -0.174584 2.19473e-05
0.185 -0.00669818 -0.174586 2.32572e-05
0.19 -0.00709003 -0.174587 2.46178e-05
0.195 -0.00749602 -0.174588 2.60274e-05
0.2 -0.00791488 -0.174589 2.74817e-05
0.205 -0.00834452 -0.174591 2.89735e-05
0.21 -0.00878207 -0.174592 3.04927e-05
0.215 -0.00922416 -0.174593 3.20277e-05
0.22 -0.00966736 -0.174595 3.35665e-05
0.225 -0.0101089 -0.174596 3.50995e-05
0.23 -0.010547 -0.174597 3.66206e-05
0.235 -0.0109813 -0.174599 3.81287e-05
0.24 -0.0114132 -0.1746 3.96282e-05
0.245 -0.0118453 -0.174601 4.11284e-05
0.25 -0.0122813 -0.174603 4.26423e-05
0.255 -0.0127257 -0.174604 4.41851e-05
0.26 -0.0131829 -0.174605 4.57726e-05
0.265 -0.0136573 -0.174607 4.74197e-05
0.27 -0.0141527 -0.174608 4.91396e-05
0.275 -0.0146721 -0.17461 5.09432e-05
0.28 -0.0152178 -0.174611 5.28379e-05
0.285 -0.0157908 -0.174613 5.48272e-05
0.29 -0.0163908 -0.174615 5.69104e-05
0.295 -0.0170167 -0.174617 5.90835e-05
0.3 -0.0176666 -0.174619 6.134e-05
0.305 -0.0183385 -0.174621 6.36729e-05
0.31 -0.0190306 -0.174623 6.60755e-05
0.315 -0.0197411 -0.174625 6.85426e-05
0.32 -0.0204694 -0.174627 7.10711e-05
0.325 -0.0212154 -0.17463 7.36611e-05
0.33 -0.02198 -0.174632 7.63158e-05
0.335 -0.0227653 -0.174634 7.90423e-05
0.34 -0.0235742 -0.174637 8.18504e-05
0.345 -0.0244097 -0.174639 8.47512e-05
0.35 -0.0252749 -0.174642 8.7755e-05
0.355 -0.0261715 -0.174645 9.0868e-05
0.36 -0.0270996 -0.174648 9.409e-05
0.365 -0.0280566 -0.174651 9.74126e-05
0.37 -0.0290376 -0.174654 0.000100818
0.375 -0.0300347 -0.174657 0.00010428
0.38 -0.0310378 -0.17466 0.000107763
0.385 -0.0320353 -0.174663 0.000111226
0.39 -0.0330161 -0.174666 0.000114631
0.395 -0.0339701 -0.174669 0.000117943
0.4 -0.0348893 -0.174671 0.000121134
0.405 -0.0357675 -0.174674 0.000124183
0.41 -0.0366015 -0.174677 0.000127078
0.415 -0.0373914 -0.174679 0.00012982
0.42 -0.0381405 -0.174681 0.000132421
0.425 -0.038855 -0.174684 0.000134901
0.43 -0.0395426 -0.174686 0.000137288
0.435 -0.0402109 -0.174688 0.000139608
0.44 -0.0408666 -0.17469 0.000141885
0.445 -0.0415155 -0.174692 0.000144138
0.45 -0.0421631 -0.174694 0.000146386
0.455 -0.0428152 -0.174696 0.000148649
0.46 -0.0434782 -0.174698 0.000150951
0.465 -0.0441589 -0.1747 0.000153314
0.47 -0.0448632 -0.174702 0.000155759
0.475 -0.0455965 -0.174704 0.000158305
0.48 -0.0463628 -0.174707 0.000160965
0.485 -0.0471653 -0.174709 0.000163751
0.49 -0.0480056 -0.174712 0.000166668
0.495 -0.0488837 -0.174714 0.000169716
0.5 -0.0497979 -0.174717 0.00017289
0.505 -0.0507465 -0.17472 0.000176183
0.51 -0.0517286 -0.174723 0.000179592
0.515 -0.0527454 -0.174726 0.000183122
0.52 -0.0538 -0.174729 0.000186783
0.525 -0.0548981 -0.174733 0.000190594
0.53 -0.0560463 -0.174736 0.00019458
0.535 -0.0572508 -0.17474 0.000198761
0.54 -0.0585148 -0.174744 0.000203149
0.545 -0.059837 -0.174748 0.000207739
0.55 -0.0612115 -0.174752 0.00021251
0.555 -0.0626282 -0.174757 0.000217428
0.56 -0.0640749 -0.174761 0.00022245
0.565 -0.0655388 -0.174766 0.000227531
0.57 -0.0670084 -0.17477 0.000232632
0.575 -0.068473 -0.174775 0.000237716
0.58 -0.0699239 -0.174779 0.000242752
0.585 -0.0713556 -0.174784 0.000247722
0.59 -0.0727661 -0.174788 0.000252618
0.595 -0.0741572 -0.174792 0.000257446
0.6 -0.0755337 -0.174796 0.000262224
0.605 -0.0769023 -0.174801 0.000266974
0.61 -0.0782692 -0.174805 0.000271719
0.615 -0.0796384 -0.174809 0.000276471
0.62 -0.0810093 -0.174813 0.00028123
0.625 -0.0823769 -0.174818 0.000285976
0.63 -0.0837317 -0.174822 0.000290679
0.635 -0.0850624 -0.174826 0.000295297
0.64 -0.0863575 -0.17483 0.000299793
0.645 -0.0876095 -0.174834 0.000304138
0.65 -0.0888165 -0.174838 0.000308327
0.655 -0.0899835 -0.174841 0.000312377
0.66 -0.09112 -0.174845 0.000316322
0.665 -0.0922379 -0.174848 0.000320202
0.67 -0.0933494 -0.174852 0.00032406
0.675 -0.094466 -0.174855 0.000327935
0.68 -0.0955972 -0.174859 0.000331861
0.685 -0.0967499 -0.174862 0.000335862
0.69 -0.0979293 -0.174866 0.000339955
0.695 -0.0991419 -0.17487 0.000344163
0.7 -0.100398 -0.174874 0.000348522
0.705 -0.101712 -0.174878 0.000353082
0.71 -0.103102 -0.174882 0.000357909
0.715 -0.104592 -0.174887 0.000363077
0.72 -0.1062 -0.174892 0.000368657
0.725 -0.107943 -0.174897 0.000374708
0.73 -0.109834 -0.174903 0.000381271
0.735 -0.111879 -0.174909 0.000388369
0.74 -0.11408 -0.174916 0.000396007
0.745 -0.116434 -0.174924 0.000404173
0.75 -0.118932 -0.174931 0.000412843
0.755 -0.121566 -0.17494 0.000421984
0.76 -0.124326 -0.174948 0.000431562
0.765 -0.127203 -0.174957 0.000441546
0.77 -0.130189 -0.174967 0.000451907
0.775 -0.133275 -0.174976 0.000462616
0.78 -0.136452 -0.174986 0.000473641
0.785 -0.139709 -0.174996 0.000484941
0.79 -0.143028 -0.175007 0.000496457
0.795 -0.146385 -0.175017 0.000508105
0.8 -0.149747 -0.175028 0.000519773
0.805 -0.153078 -0.175039 0.00053133
0.81 -0.156339 -0.175049 0.000542645
0.815 -0.159497 -0.175059 0.000553602
0.82 -0.162526 -0.175068 0.00056411
0.825 -0.16541 -0.175078 0.000574116
0.83 -0.168147 -0.175086 0.000583612
0.835 -0.170752 -0.175094 0.000592647
0.84 -0.173251 -0.175102 0.000601319
0.845 -0.175684 -0.17511 0.000609759
0.85 -0.178092 -0.175118 0.000618112
0.855 -0.180515 -0.175125 0.000626517
0.86 -0.182982 -0.175133 0.000635076
0.865 -0.185506 -0.175141 0.000643834
0.87 -0.188087 -0.175149 0.000652784
0.875 -0.190709 -0.175158 0.000661881
0.88 -0.193352 -0.175166 0.000671051
0.885 -0.195994 -0.175175 0.000680214
0.89 -0.198611 -0.175183 0.000689291
0.895 -0.201186 -0.175191 0.000698225
0.9 -0.203711 -0.175199 0.000706982
0.905 -0.206182 -0.175207 0.000715553
0.91 -0.208601 -0.175215 0.000723945
0.915 -0.210972 -0.175223 0.000732169
0.92 -0.213295 -0.17523 0.000740227
0.925 -0.215566 -0.175237 0.000748103
0.93 -0.217774 -0.175244 0.000755763
0.935 -0.219907 -0.175251 0.000763159
0.94 -0.221947 -0.175258 0.000770235
0.945 -0.22388 -0.175264 0.000776938
0.95 -0.225691 -0.17527 0.000783219
0.955 -0.227369 -0.175275 0.000789039
0.96 -0.228908 -0.17528 0.000794378
0.965 -0.230309 -0.175285 0.000799235
0.97 -0.231571 -0.175289 0.000803615
0.975 -0.232697 -0.175292 0.000807519
0.98 -0.233682 -0.175295 0.000810936
0.985 -0.234522 -0.175298 0.000813846
0.99 -0.235208 -0.1753 0.000816225
0.995 -0.235733 -0.175302 0.000818049
1 -0.236094 -0.175303 0.0008193
1.005 -0.236287 -0.175304 0.000819968
1.01 -0.236314 -0.175304 0.000820062
1.015 -0.236185 -0.175303 0.000819614
1.02 -0.235917 -0.175303 0.000818686
1.025 -0.235541 -0.175303 0.000817379
1.03 -0.235097 -0.175303 0.000815838
1.035 -0.234641 -0.175304 0.000814252
1.04 -0.234235 -0.175304 0.000812844
1.045 -0.23395 -0.175304 0.000811853
1.05 -0.233854 -0.175304 0.00081152
1.055 -0.234011 -0.175304 0.000812066
1.06 -0.234466 -0.175304 0.000813646
1.065 -0.235238 -0.175304 0.000816326
1.07 -0.236318 -0.175304 0.000820077
1.075 -0.237676 -0.175306 0.000824774
1.08 -0.239266 -0.175311 0.000830274
1.085 -0.241031 -0.175317 0.000836401
1.09 -0.24291 -0.175324 0.000842924
1.095 -0.244843 -0.17533 0.000849631
1.1 -0.246779 -0.175337 0.000856347
1.105 -0.248688 -0.175343 0.00086297
1.11 -0.250564 -0.175349 0.000869477
1.115 -0.252418 -0.175355 0.000875909
1.12 -0.254274 -0.175362 0.000882348
1.125 -0.256162 -0.175368 0.000888896
1.13 -0.258112 -0.175374 0.000895661
1.135 -0.26015 -0.175381 0.000902728
1.14 -0.262286 -0.175388 0.000910137
1.145 -0.264514 -0.175395 0.000917863
1.15 -0.2668 -0.175403 0.000925791
1.155 -0.269083 -0.17541 0.000933711
1.16 -0.271272 -0.175417 0.000941301
1.165 -0.273243 -0.175424 0.000948137
1.17 -0.274849 -0.175429 0.000953706
1.175 -0.275933 -0.175432 0.000957464
1.18 -0.276344 -0.175434 0.000958892
1.185 -0.27595 -0.175433 0.000957522
1.19 -0.27463 -0.175432 0.000952942
1.195 -0.272294 -0.175432 0.000944831
1.2 -0.268884 -0.175432 0.000932988
1.205 -0.264365 -0.175433 0.000917298
1.21 -0.258715 -0.175433 0.000897679
1.215 -0.251914 -0.175433 0.000874067
1.22 -0.243952 -0.175433 0.000846417
1.225 -0.23482 -0.175433 0.000814711
1.23 -0.224525 -0.175434 0.000778964
1.235 -0.213087 -0.175434 0.000739249
1.24 -0.20055 -0.175434 0.000695718
1.245 -0.186987 -0.175434 0.000648626
1.25 -0.172503 -0.175434 0.000598333
1.255 -0.157224 -0.175434 0.000545283
1.26 -0.141281 -0.175434 0.000489929
1.265 -0.124786 -0.175434 0.000432657
1.27 -0.107823 -0.175435 0.000373761
1.275 -0.0904536 -0.175435 0.000313457
1.28 -0.0727259 -0.175436 0.000251909
1.285 -0.0546842 -0.175437 0.000189272
1.29 -0.0363859 -0.175441 0.000125748
1.295 -0.0179146 -0.175455 6.16296e-05
1.3 0.000610667 -0.17549 -2.65851e-06
1.305 0.019033 -0.175546 -6.65907e-05
1.31 0.0371656 -0.175607 -0.000129531
1.315 0.0548079 -0.175666 -0.000190764
1.32 0.0717634 -0.175723 -0.000249606
1.325 0.087853 -0.175776 -0.000305436
1.33 0.102916 -0.175825 -0.000357698
1.335 0.116801 -0.175871 -0.000405868
1.34 0.129358 -0.175912 -0.000449427
1.345 0.140436 -0.175948 -0.000487849
1.35 0.149887 -0.175979 -0.000520628
1.355 0.157585 -0.176004 -0.000547325
1.36 0.163426 -0.176024 -0.000567579
1.365 0.167331 -0.176037 -0.00058112
1.37 0.169253 -0.176043 -0.000587783
1.375 0.169179 -0.176044 -0.000587525
1.38 0.167129 -0.176042 -0.000580407
1.385 0.163145 -0.176043 -0.000566572
1.39 0.15728 -0.176043 -0.000546206
1.395 0.149588 -0.176044 -0.000519495
1.4 0.140114 -0.176044 -0.000486601
1.405 0.128893 -0.176044 -0.000447637
1.41 0.115938 -0.176045 -0.000402652
1.415 0.101243 -0.176045 -0.000351628
1.42 0.0847933 -0.176045 -0.000294512
1.425 0.0665762 -0.176045 -0.000231259
1.43 0.0465945 -0.176045 -0.00016188
1.435 0.0248794 -0.176045 -8.64827e-05
1.44 0.00150248 -0.176045 -5.31702e-06
1.445 -0.0234161 -0.176045 8.11997e-05
1.45 -0.0497063 -0.176045 0.000172477
1.455 -0.077158 -0.176045 0.000267783
1.46 -0.105539 -0.176044 0.000366312
1.465 -0.134605 -0.176044 0.000467216
1.47 -0.164102 -0.176043 0.000569604
1.475 -0.193767 -0.176043 0.00067256
1.48 -0.223356 -0.176045 0.000775223
1.485 -0.252658 -0.176049 0.000876863
1.49 -0.281493 -0.176075 0.000976856
1.495 -0.309704 -0.176149 0.00107462
1.5 -0.337164 -0.17625 0.00116974
1.505 -0.363768 -0.176348 0.0012619
1.51 -0.389423 -0.176442 0.00135076
1.515 -0.414045 -0.176531 0.00143603
1.52 -0.437565 -0.176615 0.00151747
1.525 -0.459935 -0.176695 0.00159492
1.53 -0.481127 -0.17677 0.00166828
1.535 -0.50113 -0.176841 0.00173752
1.54 -0.519948 -0.176907 0.00180264
1.545 -0.537597 -0.17697 0.00186371
1.55 -0.554102 -0.177028 0.00192082
1.555 -0.569496 -0.177082 0.00197408
1.56 -0.583817 -0.177132 0.00202362
1.565 -0.597116 -0.177179 0.00206962
1.57 -0.60946 -0.177223 0.00211231
1.575 -0.620929 -0.177263 0.00215198
1.58 -0.631621 -0.177301 0.00218895
1.585 -0.641643 -0.177336 0.00222361
1.59 -0.651114 -0.177369 0.00225636
1.595 -0.660154 -0.177401 0.00228761
1.6 -0.668869 -0.177432 0.00231775
1.605 -0.677342 -0.177462 0.00234704
1.61 -0.685634 -0.177491 0.00237571
1.615 -0.693793 -0.17752 0.00240391
1.62 -0.701858 -0.177548 0.00243179
1.625 -0.709866 -0.177577 0.00245948
1.63 -0.717843 -0.177605 0.00248705
1.635 -0.725802 -0.177633 0.00251456
1.64 -0.733737 -0.177661 0.00254198
1.645 -0.741628 -0.177689 0.00256926
1.65 -0.749446 -0.177717 0.00259628
1.655 -0.757154 -0.177744 0.00262291
1.66 -0.764702 -0.177771 0.002649
1.665 -0.772018 -0.177797 0.00267428
1.67 -0.779002 -0.177822 0.00269841
1.675 -0.785528 -0.177846 0.00272096
1.68 -0.79145 -0.177867 0.00274142
1.685 -0.796607 -0.177886 0.00275923
1.69 -0.800826 -0.177901 0.00277381
1.695 -0.803942 -0.177912 0.00278458
1.7 -0.805812 -0.177919 0.00279104
1.705 -0.806316 -0.17792 0.00279278
1.71 -0.805359 -0.177917 0.00278947
1.715 -0.802862 -0.177915 0.00278081
1.72 -0.798748 -0.177916 0.00276652
1.725 -0.792942 -0.177917 0.00274636
1.73 -0.785373 -0.177918 0.00272007
1.735 -0.775979 -0.177918 0.00268745
1.74 -0.76472 -0.177919 0.00264835
1.745 -0.75159 -0.177919 0.00260276
1.75 -0.736637 -0.177919 0.00255084
1.755 -0.71995 -0.17792 0.0024929
1.76 -0.701663 -0.17792 0.00242941
1.765 -0.681944 -0.17792 0.00236094
1.77 -0.660986 -0.17792 0.00228817
1.775 -0.638998 -0.17792 0.00221183
1.78 -0.616191 -0.17792 0.00213265
1.785 -0.59277 -0.17792 0.00205134
1.79 -0.568936 -0.177919 0.00196859
1.795 -0.544875 -0.177919 0.00188507
1.8 -0.520754 -0.177918 0.00180133
1.805 -0.496708 -0.177918 0.00171787
1.81 -0.472852 -0.177917 0.00163507
1.815 -0.449272 -0.177916 0.00155323
1.82 -0.426013 -0.177916 0.00147251
1.825 -0.403059 -0.177915 0.00139285
1.83 -0.380335 -0.177914 0.001314
1.835 -0.357735 -0.177913 0.00123559
1.84 -0.335146 -0.177912 0.00115722
1.845 -0.312484 -0.177912 0.00107861
1.85 -0.289716 -0.177911 0.000999631
1.855 -0.266883 -0.17791 0.000920442
1.86 -0.24411 -0.177909 0.00084147
1.865 -0.221591 -0.177909 0.000763389
1.87 -0.199558 -0.177908 0.000687001
1.875 -0.178244 -0.177908 0.000613113
1.88 -0.157869 -0.177908 0.000542492
1.885 -0.138653 -0.177908 0.000475893
1.89 -0.120814 -0.177908 0.000414073
1.895 -0.104557 -0.177908 0.000357739
1.9 -0.0900419 -0.177908 0.000307447
1.905 -0.0773588 -0.177909 0.000263503
1.91 -0.0665278 -0.177909 0.000225978
1.915 -0.0575181 -0.17791 0.000194764
1.92 -0.0502582 -0.177911 0.000169613
1.925 -0.0446499 -0.177911 0.000150184
1.93 -0.0405894 -0.177911 0.000136117
1.935 -0.0379892 -0.177912 0.00012711
1.94 -0.0367967 -0.177912 0.000122979
1.945 -0.0370071 -0.177912 0.00012371
1.95 -0.0386613 -0.177912 0.000129451
1.955 -0.0418274 -0.177912 0.000140446
1.96 -0.0465858 -0.177912 0.00015697
1.965 -0.0530217 -0.177912 0.000179318
1.97 -0.0612169 -0.177912 0.000207774
1.975 -0.071232 -0.177912 0.000242549
1.98 -0.0830894 -0.177912 0.000283722
1.985 -0.0967702 -0.177912 0.000331224
1.99 -0.112216 -0.177912 0.000384856
1.995 -0.129327 -0.177912 0.000444269
2 -0.147957 -0.177912 0.000508953
2.005 -0.167906 -0.177912 0.000578221
2.01 -0.188934 -0.177912 0.000651231
2.015 -0.210764 -0.177912 0.000727024
2.02 -0.233088 -0.177911 0.000804533
2.025 -0.255569 -0.177911 0.000882584
2.03 -0.277857 -0.177911 0.000959961
2.035 -0.299624 -0.177911 0.00103553
2.04 -0.320586 -0.17791 0.0011083
2.045 -0.340505 -0.17791 0.00117744
2.05 -0.359192 -0.177909 0.00124231
2.055 -0.376518 -0.177909 0.00130245
2.06 -0.392389 -0.177909 0.00135753
2.065 -0.406736 -0.177908 0.00140732
2.07 -0.419525 -0.177908 0.00145171
2.075 -0.430775 -0.177908 0.00149074
2.08 -0.440565 -0.177907 0.00152472
2.085 -0.449031 -0.177907 0.00155409
2.09 -0.456339 -0.177907 0.00157945
2.095 -0.462666 -0.177907 0.0016014
2.1 -0.46817 -0.177906 0.00162049
2.105 -0.472965 -0.177906 0.00163713
2.11 -0.477107 -0.177906 0.0016515
2.115 -0.480615 -0.177906 0.00166367
2.12 -0.483511 -0.177906 0.00167371
2.125 -0.485841 -0.177906 0.0016818
2.13 -0.487693 -0.177906 0.00168822
2.135 -0.489204 -0.177906 0.00169346
2.14 -0.490559 -0.177906 0.00169816
2.145 -0.491969 -0.177906 0.00170305
2.15 -0.493646 -0.177906 0.00170887
2.155 -0.495787 -0.177906 0.0017163
2.16 -0.498559 -0.177906 0.00172591
2.165 -0.502076 -0.177906 0.00173811
2.17 -0.506406 -0.177906 0.00175313
2.175 -0.511595 -0.177905 0.00177113
2.18 -0.517681 -0.177905 0.00179224
2.185 -0.524703 -0.177905 0.0018166
2.19 -0.532711 -0.177905 0.00184437
2.195 -0.541781 -0.177905 0.00187583
2.2 -0.552012 -0.177905 0.00191131
2.205 -0.563522 -0.177905 0.00195122
2.21 -0.576442 -0.177904 0.00199602
2.215 -0.590898 -0.177904 0.00204614
2.22 -0.606988 -0.177904 0.00210192
2.225 -0.624763 -0.177905 0.00216353
2.23 -0.644212 -0.177905 0.00223095
2.235 -0.665241 -0.177906 0.00230383
2.24 -0.687649 -0.177907 0.00238148
2.245 -0.711136 -0.177908 0.00246287
2.25 -0.735341 -0.17791 0.00254675
2.255 -0.7599 -0.177913 0.00263186
2.26 -0.784476 -0.177916 0.00271703
2.265 -0.808745 -0.177921 0.00280116
2.27 -0.832412 -0.177969 0.00288303
2.275 -0.855211 -0.178059 0.00296173
2.28 -0.876889 -0.178144 0.00303657
2.285 -0.897161 -0.178223 0.00310656
2.29 -0.915701 -0.178295 0.00317056
2.295 -0.932148 -0.17836 0.00322734
2.3 -0.946115 -0.178414 0.00327555
2.305 -0.9572 -0.178458 0.00331381
2.31 -0.965029 -0.178489 0.00334083
2.315 -0.969275 -0.178507 0.00335548
2.32 -0.969659 -0.17851 0.0033568
2.325 -0.965945 -0.178499 0.00334397
2.33 -0.95793 -0.178492 0.00331618
2.335 -0.945425 -0.178497 0.00327273
2.34 -0.928245 -0.1785 0.00321306
2.345 -0.90621 -0.178503 0.00313653
2.35 -0.87918 -0.178505 0.00304267
2.355 -0.847074 -0.178507 0.00293118
2.36 -0.809879 -0.178509 0.00280203
2.365 -0.767661 -0.178509 0.00265545
2.37 -0.720584 -0.17851 0.00249201
2.375 -0.668952 -0.17851 0.00231278
2.38 -0.613247 -0.178509 0.00211943
2.385 -0.554157 -0.178507 0.00191436
2.39 -0.492554 -0.178506 0.00170062
2.395 -0.429443 -0.178504 0.0014817
2.4 -0.365914 -0.178502 0.00126139
2.405 -0.30312 -0.1785 0.00104371
2.41 -0.242244 -0.178499 0.000832727
2.415 -0.184396 -0.178499 0.000632294
2.42 -0.130532 -0.1785 0.000445698
2.425 -0.081447 -0.178502 0.000275673
2.43 -0.0377947 -0.178506 0.000124473
2.435 -7.38734e-05 -0.178513 -6.18483e-06
2.44 0.0313582 -0.178522 -0.00011507
2.445 0.0562463 -0.178534 -0.000201283
2.45 0.0744286 -0.178549 -0.000264274
2.455 0.0858297 -0.178563 -0.000303784
2.46 0.0904307 -0.178571 -0.000319728
2.465 0.0882451 -0.178572 -0.00031215
2.47 0.0793093 -0.178571 -0.000281134
2.475 0.0636791 -0.178574 -0.000226855
2.48 0.0414254 -0.178576 -0.000149579
2.485 0.0126334 -0.178578 -4.96026e-05
2.49 -0.0225941 -0.178579 7.27173e-05
2.495 -0.0641272 -0.17858 0.000216928
2.5 -0.111782 -0.178581 0.000382386
2.505 -0.165274 -0.178581 0.000568102
2.51 -0.224178 -0.178581 0.000772587
2.515 -0.287906 -0.17858 0.000993786
2.52 -0.355712 -0.178579 0.0012291
2.525 -0.426738 -0.178578 0.00147551
2.53 -0.500097 -0.178576 0.00172993
2.535 -0.574967 -0.178575 0.0019895
2.54 -0.650647 -0.178574 0.00225177
2.545 -0.726587 -0.178575 0.00251487
2.55 -0.802375 -0.178578 0.00277739
2.555 -0.877692 -0.178583 0.00303828
2.56 -0.952299 -0.178591 0.00329675
2.565 -1.02601 -0.178621 0.0035521
2.57 -1.09866 -0.178809 0.00380306
2.575 -1.17005 -0.17913 0.00404903
2.58 -1.23997 -0.179443 0.00428989
2.585 -1.30823 -0.179745 0.004525
2.59 -1.3747 -0.180039 0.00475383
2.595 -1.43927 -0.180323 0.00497603
2.6 -1.50191 -0.18059 0.00519081
2.605 -1.56259 -0.180842 0.00539811
2.61 -1.62125 -0.181078 0.00559785
2.615 -1.67783 -0.181298 0.00578972
2.62 -1.7322 -0.181494 0.00597286
2.625 -1.78419 -0.181666 0.00614682
2.63 -1.83362 -0.181806 0.00631125
2.635 -1.88033 -0.181909 0.00646499
2.64 -1.92418 -0.181994 0.00660854
2.645 -1.96513 -0.182059 0.00674207
2.65 -2.00323 -0.182106 0.00686579
2.655 -2.03859 -0.182153 0.00698067
2.66 -2.07138 -0.182188 0.00708672
2.665 -2.10184 -0.18219 0.00718405
2.67 -2.13021 -0.182172 0.00727412
2.675 -2.15679 -0.182158 0.00735854
2.68 -2.18187 -0.182147 0.00743828
2.685 -2.20576 -0.182138 0.00751429
2.69 -2.22874 -0.182131 0.00758742
2.695 -2.25102 -0.182126 0.00765837
2.7 -2.27279 -0.182122 0.00772771
2.705 -2.29417 -0.182119 0.00779583
2.71 -2.31523 -0.182117 0.00786294
2.715 -2.336 -0.182116 0.00792916
2.72 -2.35651 -0.182113 0.00799446
2.725 -2.37677 -0.182092 0.00805839
2.73 -2.39682 -0.182055 0.00812114
2.735 -2.41669 -0.18202 0.00818335
2.74 -2.43641 -0.181987 0.00824513
2.745 -2.45602 -0.181955 0.00830659
2.75 -2.47555 -0.181925 0.00836783
2.755 -2.49504 -0.181895 0.00842893
2.76 -2.51449 -0.181866 0.0084899
2.765 -2.53386 -0.181838 0.00855065
2.77 -2.55307 -0.18181 0.00861089
2.775 -2.57197 -0.181784 0.00867016
2.78 -2.59034 -0.181759 0.00872776
2.785 -2.60787 -0.181735 0.00878275
2.79 -2.62419 -0.181713 0.00883389
2.795 -2.63881 -0.181694 0.00887972
2.8 -2.65123 -0.181678 0.00891864
2.805 -2.66096 -0.181665 0.00894914
2.81 -2.66758 -0.181657 0.0089699
2.815 -2.67077 -0.181653 0.00897988
2.82 -2.67026 -0.181654 0.00897827
2.825 -2.66582 -0.181673 0.00896413
2.83 -2.65724 -0.18172 0.00893667
2.835 -2.64433 -0.181791 0.00889536
2.84 -2.62692 -0.181885 0.00883966
2.845 -2.60486 -0.182004 0.0087691
2.85 -2.578 -0.182149 0.00868322
2.855 -2.54623 -0.18232 0.00858164
2.86 -2.50949 -0.182518 0.00846417
2.865 -2.4678 -0.182743 0.00833093
2.87 -2.42134 -0.182994 0.00818252
2.875 -2.37045 -0.18327 0.00802
2.88 -2.31562 -0.183561 0.00784471
2.885 -2.25743 -0.18382 0.00765699
2.89 -2.19646 -0.184051 0.00745893
2.895 -2.13322 -0.184296 0.0072537
2.9 -2.06811 -0.184548 0.00704251
2.905 -2.00145 -0.184748 0.0068239
2.91 -1.93345 -0.184898 0.0065986
2.915 -1.86428 -0.185029 0.00636866
2.92 -1.79418 -0.185139 0.0061347
2.925 -1.72346 -0.18523 0.0058973
2.93 -1.6525 -0.185278 0.00565664
2.935 -1.58164 -0.185287 0.00541401
2.94 -1.51121 -0.185284 0.00517171
2.945 -1.44147 -0.185277 0.00493125
2.95 -1.37261 -0.18526 0.00469267
2.955 -1.30481 -0.185239 0.00445729
2.96 -1.23832 -0.185221 0.0042266
2.965 -1.1734 -0.185206 0.00400152
2.97 -1.11043 -0.185194 0.00378326
2.975 -1.04982 -0.185184 0.00357327
2.98 -0.992039 -0.185175 0.00337311
2.985 -0.937509 -0.185168 0.00318427
2.99 -0.886608 -0.185162 0.00300802
2.995 -0.839643 -0.185157 0.00284542
3 -0.796831 -0.185153 0.00269721
3.005 -0.758292 -0.18515 0.0025638
3.01 -0.724035 -0.185147 0.00244521
3.015 -0.693924 -0.185145 0.00234098
3.02 -0.667652 -0.185144 0.00225005
3.025 -0.644727 -0.185143 0.0021707
3.03 -0.624485 -0.185142 0.00210064
3.035 -0.606154 -0.185142 0.00203719
3.04 -0.588915 -0.185142 0.00197753
3.045 -0.571956 -0.185142 0.00191885
3.05 -0.554562 -0.185142 0.00185866
3.055 -0.536208 -0.185142 0.00179515
3.06 -0.516583 -0.185142 0.00172725
3.065 -0.495549 -0.185143 0.00165447
3.07 -0.47309 -0.185144 0.00157677
3.075 -0.449268 -0.185145 0.00149434
3.08 -0.424182 -0.185148 0.00140755
3.085 -0.397941 -0.18515 0.00131675
3.09 -0.370636 -0.185153 0.00122227
3.095 -0.342312 -0.185158 0.00112427
3.1 -0.312952 -0.185164 0.00102268
3.105 -0.282477 -0.185172 0.00091724
3.11 -0.250751 -0.185183 0.000807471
3.115 -0.217593 -0.1852 0.000692752
3.12 -0.182796 -0.185224 0.000572343
3.125 -0.146158 -0.185257 0.000445516
3.13 -0.107526 -0.185298 0.000311708
3.135 -0.0668243 -0.18535 0.000170617
3.14 -0.0240416 -0.185418 2.20148e-05
3.145 0.0208106 -0.185517 -0.000134304
3.15 0.0677468 -0.185651 -0.000297493
3.155 0.116841 -0.185804 -0.000467355
3.16 0.168241 -0.185965 -0.000645047
3.165 0.222175 -0.186135 -0.000831478
3.17 0.278915 -0.186315 -0.00102759
3.175 0.338722 -0.186505 -0.00123425
3.18 0.401763 -0.186709 -0.00145205
3.185 0.468093 -0.186926 -0.00168115
3.19 0.53767 -0.187156 -0.0019214
3.195 0.610361 -0.187401 -0.00217232
3.2 0.685926 -0.18766 -0.00243307
3.205 0.764001 -0.187933 -0.00270239
3.21 0.844106 -0.188218 -0.00297859
3.215 0.925657 -0.188513 -0.00325958
3.22 1.00798 -0.188806 -0.00354219
3.225 1.09031 -0.189086 -0.00382305
3.23 1.17187 -0.189337 -0.0040988
3.235 1.25189 -0.189569 -0.00436777
3.24 1.32968 -0.189766 -0.00462771
3.245 1.4045 -0.189909 -0.00487509
3.25 1.47576 -0.190031 -0.00510935
3.255 1.54312 -0.190121 -0.00532966
3.26 1.6065 -0.190123 -0.00553375
3.265 1.66597 -0.190073 -0.0057231
3.27 1.72169 -0.190032 -0.00590059
3.275 1.77387 -0.189999 -0.00606688
3.28 1.82279 -0.189972 -0.0062228
3.285 1.86875 -0.189946 -0.00636921
3.29 1.91205 -0.189884 -0.0065059
3.295 1.95288 -0.189794 -0.00663373
3.3 1.99135 -0.189713 -0.00675425
3.305 2.02752 -0.18964 -0.00686757
3.31 2.06135 -0.189575 -0.00697362
3.315 2.09283 -0.189516 -0.00707233
3.32 2.12197 -0.189464 -0.00716368
3.325 2.14881 -0.189416 -0.00724786
3.33 2.1735 -0.189374 -0.00732531
3.335 2.19631 -0.189336 -0.00739683
3.34 2.21759 -0.189299 -0.00746355
3.345 2.23781 -0.189251 -0.00752665
3.35 2.25755 -0.189193 -0.00758798
3.355 2.27749 -0.189137 -0.00764998
3.36 2.2985 -0.189078 -0.0077153
3.365 2.32153 -0.189016 -0.00778696
3.37 2.34762 -0.188947 -0.00786817
3.375 2.37771 -0.188869 -0.0079618
3.38 2.41248 -0.188777 -0.00806986
3.385 2.45246 -0.188668 -0.00819387
3.39 2.49806 -0.18854 -0.0083349
3.395 2.5496 -0.188391 -0.00849395
3.4 2.60731 -0.188226 -0.00867198
3.405 2.67138 -0.188034 -0.00886888
3.41 2.74197 -0.187789 -0.0090839
3.415 2.81916 -0.18747 -0.00931733
3.42 2.903 -0.187096 -0.00957018
3.425 2.99344 -0.186665 -0.00984104
3.43 3.09027 -0.18616 -0.0101285
3.435 3.19317 -0.185569 -0.0104306
3.44 3.30161 -0.184906 -0.0107465
3.445 3.4149 -0.184166 -0.0110735
3.45 3.53221 -0.183325 -0.0114081
3.455 3.6527 -0.182372 -0.0117484
3.46 3.77552 -0.181267 -0.0120906
3.465 3.89985 -0.18006 -0.0124338
3.47 4.02495 -0.17879 -0.0127762
3.475 4.1501 -0.17748 -0.0131155
3.48 4.27464 -0.176151 -0.0134517
3.485 4.39798 -0.174772 -0.0137837
3.49 4.5196 -0.173372 -0.0141098
3.495 4.63911 -0.172001 -0.014429
3.5 4.75622 -0.170664 -0.0147403
3.505 4.87082 -0.169341 -0.0150414
3.51 4.98288 -0.168031 -0.015332
3.515 5.09248 -0.166733 -0.0156115
3.52 5.19981 -0.165424 -0.0158799
3.525 5.3052 -0.164132 -0.0161384
3.53 5.40906 -0.162897 -0.016381
3.535 5.51185 -0.161738 -0.0166091
3.54 5.61399 -0.160744 -0.0168224
3.545 5.71579 -0.15988 -0.0170234
3.55 5.81738 -0.159005 -0.0172241
3.555 5.91879 -0.158086 -0.0174256
3.56 6.01993 -0.157187 -0.0176243
3.565 6.12058 -0.156342 -0.0178187
3.57 6.2204 -0.155543 -0.018011
3.575 6.319 -0.15479 -0.0182009
3.58 6.41604 -0.15407 -0.0183878
3.585 6.51129 -0.153343 -0.0185727
3.59 6.60461 -0.152611 -0.0187552
3.595 6.69594 -0.151928 -0.0189328
3.6 6.78528 -0.151296 -0.0191057
3.605 6.87269 -0.15069 -0.0192753
3.61 6.95826 -0.150026 -0.019448
3.615 7.04215 -0.149312 -0.0196232
3.62 7.12456 -0.148624 -0.0197946
3.625 7.20573 -0.147948 -0.0199636
3.63 7.28599 -0.147274 -0.0201311
3.635 7.36569 -0.146611 -0.0202973
3.64 7.44517 -0.145959 -0.0204632
3.645 7.52481 -0.14531 -0.0206299
3.65 7.60495 -0.14462 -0.0208002
3.655 7.68592 -0.14389 -0.0209744
3.66 7.76793 -0.143164 -0.0211505
3.665 7.85103 -0.14244 -0.0213286
3.67 7.93507 -0.141723 -0.0215083
3.675 8.01966 -0.141027 -0.0216887
3.68 8.10422 -0.140359 -0.0218688
3.685 8.18804 -0.139713 -0.0220469
3.69 8.27032 -0.139098 -0.0222214
3.695 8.35031 -0.138518 -0.0223907
3.7 8.42727 -0.137981 -0.0225532
3.705 8.50056 -0.137505 -0.0227074
3.71 8.56971 -0.137079 -0.0228527
3.715 8.63444 -0.136649 -0.0229899
3.72 8.69456 -0.136223 -0.0231184
3.725 8.74995 -0.135841 -0.0232366
3.73 8.80053 -0.135501 -0.0233444
3.735 8.84623 -0.135203 -0.0234416
3.74 8.88706 -0.134944 -0.0235284
3.745 8.92307 -0.134721 -0.0236049
3.75 8.9544 -0.134533 -0.0236713
3.755 8.98122 -0.134375 -0.0237281
3.76 9.0037 -0.134246 -0.0237757
3.765 9.02201 -0.134143 -0.0238144
3.77 9.03622 -0.134065 -0.0238445
3.775 9.04633 -0.13401 -0.0238658
3.78 9.05229 -0.133979 -0.0238784
3.785 9.05403 -0.133971 -0.0238821
3.79 9.05155 -0.133994 -0.0238764
3.795 9.04489 -0.134066 -0.0238593
3.8 9.03427 -0.13419 -0.0238306
3.805 9.02 -0.134359 -0.0237922
3.81 9.00253 -0.134567 -0.0237456
3.815 8.98242 -0.134812 -0.0236923
3.82 8.96022 -0.135088 -0.023634
3.825 8.93651 -0.135391 -0.0235723
3.83 8.91195 -0.135712 -0.0235089
3.835 8.88727 -0.136042 -0.0234457
3.84 8.86329 -0.136368 -0.0233848
3.845 8.84101 -0.136675 -0.0233284
3.85 8.82142 -0.136948 -0.0232791
3.855 8.8054 -0.137174 -0.0232389
3.86 8.79349 -0.137343 -0.0232091
3.865 8.78596 -0.137451 -0.0231904
3.87 8.78286 -0.137497 -0.0231827
3.875 8.78407 -0.137482 -0.0231859
3.88 8.78935 -0.137421 -0.0231999
3.885 8.79831 -0.137324 -0.0232241
3.89 8.81047 -0.137191 -0.0232569
3.895 8.82534 -0.137027 -0.0232968
3.9 8.84245 -0.136836 -0.0233425
3.905 8.86141 -0.136621 -0.0233929
3.91 8.88195 -0.136383 -0.0234471
3.915 8.90391 -0.136122 -0.0235044
3.92 8.92718 -0.135838 -0.0235646
3.925 8.95172 -0.135529 -0.0236273
3.93 8.97744 -0.135202 -0.0236924
3.935 9.00417 -0.134858 -0.0237594
3.94 9.03165 -0.134502 -0.0238279
3.945 9.05946 -0.134154 -0.0238962
3.95 9.08705 -0.133869 -0.0239602
3.955 9.11373 -0.133636 -0.0240192
3.96 9.13879 -0.133415 -0.0240746
3.965 9.16148 -0.133214 -0.0241249
3.97 9.18111 -0.13304 -0.0241683
3.975 9.19705 -0.132904 -0.0242036
3.98 9.20886 -0.132811 -0.0242296
3.985 9.21628 -0.132753 -0.0242459
3.99 9.21918 -0.132734 -0.024252
3.995 9.21755 -0.132752 -0.024248
4 9.21146 -0.13282 -0.0242321
4.005 9.20098 -0.13294 -0.0242037
4.01 9.18623 -0.13311 -0.024164
4.015 9.16724 -0.133329 -0.0241133
4.02 9.144 -0.133604 -0.0240519
4.025 9.11648 -0.133939 -0.0239798
4.03 9.08462 -0.13434 -0.0238973
4.035 9.04839 -0.134807 -0.0238044
4.04 9.00782 -0.135345 -0.0237013
4.045 8.96304 -0.135959 -0.0235886
4.05 8.91431 -0.136646 -0.0234667
4.055 8.86196 -0.137392 -0.0233365
4.06 8.80644 -0.138189 -0.0231988
4.065 8.74825 -0.139029 -0.0230548
4.07 8.68791 -0.139904 -0.0229058
4.075 8.62592 -0.140805 -0.0227529
4.08 8.56275 -0.141727 -0.0225972
4.085 8.4988 -0.142639 -0.0224395
4.09 8.43439 -0.143538 -0.0222805
4.095 8.36976 -0.144442 -0.022121
4.1 8.30516 -0.145347 -0.0219616
4.105 8.24082 -0.146249 -0.0218029
4.11 8.17694 -0.14714 -0.0216452
4.115 8.11373 -0.147981 -0.0214884
4.12 8.05136 -0.148778 -0.0213331
4.125 7.98999 -0.149575 -0.0211804
4.13 7.92973 -0.150369 -0.0210307
4.135 7.87068 -0.151149 -0.020884
4.14 7.8129 -0.151913 -0.0207405
4.145 7.75644 -0.152662 -0.0206003
4.15 7.70135 -0.153394 -0.0204636
4.155 7.64768 -0.154108 -0.0203303
4.16 7.59546 -0.154805 -0.0202007
4.165 7.54474 -0.155482 -0.0200749
4.17 7.49557 -0.156139 -0.0199529
4.175 7.44799 -0.156776 -0.0198348
4.18 7.40205 -0.157391 -0.0197209
4.185 7.35782 -0.157985 -0.0196112
4.19 7.31538 -0.158554 -0.0195059
4.195 7.27481 -0.1591 -0.0194053
4.2 7.23625 -0.159618 -0.0193096
4.205 7.19984 -0.160108 -0.0192193
4.21 7.16575 -0.160568 -0.0191348
4.215 7.13415 -0.160994 -0.0190564
4.22 7.1052 -0.161385 -0.0189847
4.225 7.07904 -0.161738 -0.0189198
4.23 7.05586 -0.162051 -0.0188623
4.235 7.03588 -0.162321 -0.0188128
4.24 7.01936 -0.162544 -0.0187718
4.245 7.00659 -0.162717 -0.0187402
4.25 6.99782 -0.162836 -0.0187184
4.255 6.99317 -0.162899 -0.0187069
4.26 6.99255 -0.162907 -0.0187054
4.265 6.99565 -0.162866 -0.0187131
4.27 7.00188 -0.162797 -0.0187295
4.275 7.0104 -0.162713 -0.0187526
4.28 7.02026 -0.162613 -0.0187791
4.285 7.03047 -0.162509 -0.0188065
4.29 7.04013 -0.162408 -0.0188323
4.295 7.04847 -0.16232 -0.0188545
4.3 7.05503 -0.16225 -0.0188718
4.305 7.05959 -0.162201 -0.0188839
4.31 7.06226 -0.162172 -0.0188909
4.315 7.06331 -0.162161 -0.0188937
4.32 7.06311 -0.162163 -0.0188931
4.325 7.06201 -0.162175 -0.0188902
4.33 7.06031 -0.162192 -0.0188856
4.335 7.05824 -0.162214 -0.0188801
4.34 7.05598 -0.162237 -0.018874
4.345 7.0537 -0.162261 -0.0188679
4.35 7.05163 -0.162283 -0.0188624
4.355 7.05004 -0.1623 -0.0188581
4.36 7.0492 -0.162309 -0.0188559
4.365 7.04937 -0.162307 -0.0188563
4.37 7.05077 -0.162292 -0.0188601
4.375 7.05359 -0.162263 -0.0188677
4.38 7.05795 -0.162218 -0.0188794
4.385 7.06393 -0.162156 -0.0188954
4.39 7.07148 -0.162078 -0.0189156
4.395 7.08054 -0.161983 -0.0189398
4.4 7.09097 -0.161872 -0.0189675
4.405 7.1026 -0.161747 -0.0189982
4.41 7.11518 -0.161609 -0.0190312
4.415 7.1284 -0.161461 -0.0190657
4.42 7.14186 -0.161308 -0.0191007
4.425 7.15506 -0.161155 -0.0191347
4.43 7.16746 -0.16101 -0.0191666
4.435 7.17852 -0.16088 -0.0191948
4.44 7.18775 -0.16077 -0.0192184
4.445 7.19479 -0.160685 -0.0192363
4.45 7.19939 -0.16063 -0.0192479
4.455 7.20134 -0.160605 -0.0192528
4.46 7.20045 -0.160615 -0.0192504
4.465 7.19649 -0.160657 -0.0192399
4.47 7.18918 -0.160731 -0.0192202
4.475 7.17821 -0.160845 -0.0191907
4.48 7.1632 -0.161002 -0.0191506
4.485 7.14379 -0.161209 -0.0190991
4.49 7.11962 -0.161474 -0.0190355
4.495 7.09042 -0.161803 -0.0189595
4.5 7.05599 -0.162201 -0.0188708
4.505 7.01625 -0.162672 -0.0187695
4.51 6.97123 -0.163221 -0.0186555
4.515 6.92108 -0.163843 -0.0185292
4.52 6.86612 -0.164533 -0.018391
4.525 6.80675 -0.165284 -0.0182423
4.53 6.74351 -0.166088 -0.0180841
4.535 6.67695 -0.166936 -0.0179178
4.54 6.60762 -0.167824 -0.0177447
4.545 6.53599 -0.168756 -0.0175661
4.55 6.46245 -0.169724 -0.017383
4.555 6.38736 -0.170714 -0.0171961
4.56 6.311 -0.171722 -0.017006
4.565 6.23361 -0.172747 -0.0168135
4.57 6.15542 -0.173784 -0.0166189
4.575 6.07667 -0.174829 -0.016423
4.58 5.99756 -0.175861 -0.0162262
4.585 5.91827 -0.176851 -0.0160281
4.59 5.83896 -0.177819 -0.0158294
4.595 5.75978 -0.178789 -0.015631
4.6 5.6809 -0.17976 -0.0154336
4.605 5.60251 -0.180739 -0.0152375
4.61 5.52477 -0.181723 -0.0150433
4.615 5.4478 -0.1827 -0.0148512
4.62 5.37173 -0.183669 -0.0146612
4.625 5.29664 -0.184616 -0.0144735
4.63 5.22264 -0.185543 -0.0142883
4.635 5.14977 -0.186459 -0.014106
4.64 5.07806 -0.187365 -0.0139266
4.645 5.00749 -0.18826 -0.0137502
4.65 4.93805 -0.189154 -0.0135768
4.655 4.86972 -0.190046 -0.0134065
4.66 4.80251 -0.190927 -0.013239
4.665 4.73645 -0.191796 -0.0130744
4.67 4.67159 -0.19264 -0.0129126
4.675 4.60798 -0.193459 -0.0127535
4.68 4.54563 -0.194266 -0.0125977
4.685 4.48453 -0.195063 -0.0124452
4.69 4.42462 -0.195852 -0.0122957
4.695 4.36579 -0.196621 -0.012149
4.7 4.30795 -0.197323 -0.0120035
4.705 4.25102 -0.19797 -0.011859
4.71 4.19504 -0.198613 -0.0117171
4.715 4.14011 -0.199247 -0.0115779
4.72 4.08653 -0.199867 -0.0114426
4.725 4.03466 -0.200462 -0.0113119
4.73 3.98499 -0.200988 -0.0111854
4.735 3.93798 -0.201446 -0.0110647
4.74 3.89405 -0.201876 -0.0109525
4.745 3.85354 -0.202275 -0.0108491
4.75 3.81672 -0.202639 -0.0107551
4.755 3.78383 -0.202965 -0.0106711
4.76 3.75503 -0.203252 -0.0105976
4.765 3.73045 -0.203494 -0.0105348
4.77 3.71018 -0.203675 -0.0104823
4.775 3.69426 -0.2038 -0.0104403
4.78 3.68268 -0.20389 -0.0104097
4.785 3.67538 -0.203945 -0.0103904
4.79 3.67234 -0.203966 -0.0103823
4.795 3.67352 -0.203952 -0.0103853
4.8 3.6789 -0.20391 -0.0103998
4.805 3.68842 -0.203844 -0.0104261
4.81 3.70196 -0.20375 -0.0104634
4.815 3.71925 -0.20363 -0.0105109
4.82 3.73993 -0.203486 -0.0105675
4.825 3.76345 -0.203322 -0.0106316
4.83 3.78922 -0.203124 -0.0107008
4.835 3.81661 -0.202893 -0.0107733
4.84 3.84504 -0.20265 -0.0108481
4.845 3.87399 -0.202399 -0.0109238
4.85 3.90288 -0.202145 -0.0109991
4.855 3.93113 -0.201895 -0.0110725
4.86 3.95822 -0.201653 -0.0111427
4.865 3.98375 -0.20143 -0.0112087
4.87 4.00733 -0.201227 -0.0112694
4.875 4.02866 -0.201043 -0.0113243
4.88 4.04747 -0.200881 -0.0113727
4.885 4.06342 -0.200742 -0.0114139
4.89 4.07612 -0.20063 -0.0114468
4.895 4.08511 -0.20055 -0.01147
4.9 4.08991 -0.200508 -0.0114824
4.905 4.0901 -0.200505 -0.0114829
4.91 4.08531 -0.200546 -0.0114704
4.915 4.0753 -0.200626 -0.0114433
4.92 4.05991 -0.200744 -0.0114011
4.925 4.0391 -0.200908 -0.0113444
4.93 4.01297 -0.201118 -0.0112737
4.935 3.98187 -0.201374 -0.0111905
4.94 3.94639 -0.201674 -0.0110967
4.945 3.90741 -0.202012 -0.0109944
4.95 3.86594 -0.202378 -0.0108864
4.955 3.82305 -0.202762 -0.0107752
4.96 3.77974 -0.203155 -0.0106633
4.965 3.73691 -0.203545 -0.0105529
4.97 3.69529 -0.203896 -0.0104444
4.975 3.65546 -0.204212 -0.0103394
4.98 3.61784 -0.204511 -0.01024
4.985 3.58269 -0.204785 -0.0101469
4.99 3.55003 -0.205043 -0.0100605
4.995 3.51965 -0.205284 -0.00998025
5 3.4912 -0.205511 -0.00990508
5.005 3.46415 -0.205727 -0.00983366
5.01 3.43789 -0.205937 -0.00976435
5.015 3.41171 -0.206144 -0.00969517
5.02 3.38487 -0.206333 -0.00962313
5.025 3.35667 -0.20651 -0.00954652
5.03 3.32658 -0.206693 -0.00946491
5.035 3.29415 -0.206887 -0.00937708
5.04 3.25899 -0.207098 -0.00928194
5.045 3.22078 -0.207329 -0.00917857
5.05 3.17921 -0.207581 -0.00906617
5.055 3.13405 -0.207857 -0.00894412
5.06 3.08512 -0.208156 -0.00881184
5.065 3.0323 -0.208425 -0.0086668
5.07 2.97551 -0.208665 -0.00850882
5.075 2.91476 -0.208925 -0.00833994
5.08 2.85005 -0.209184 -0.00815905
5.085 2.78138 -0.209437 -0.00796597
5.09 2.70875 -0.209655 -0.00775908
5.095 2.63212 -0.209826 -0.00753827
5.1 2.55141 -0.210001 -0.00730601
5.105 2.46651 -0.210191 -0.00706182
5.11 2.3773 -0.210332 -0.00680187
5.115 2.28368 -0.210427 -0.00652587
5.12 2.18566 -0.210499 -0.00623519
5.125 2.08335 -0.210527 -0.00592875
5.13 1.97706 -0.210513 -0.00560742
5.135 1.86725 -0.210481 -0.00527415
5.14 1.75452 -0.210456 -0.00493244
5.145 1.63957 -0.210435 -0.00458419
5.15 1.52306 -0.210417 -0.00423133
5.155 1.40569 -0.210371 -0.00387366
5.16 1.28827 -0.210298 -0.00351386
5.165 1.17172 -0.210221 -0.00315829
5.17 1.057 -0.210138 -0.00280949
5.175 0.944968 -0.210014 -0.00246676
5.18 0.836325 -0.209855 -0.00213263
5.185 0.731729 -0.209693 -0.00181245
5.19 0.631866 -0.20949 -0.00150529
5.195 0.537384 -0.209265 -0.001212
5.2 0.448774 -0.209055 -0.00093677
5.205 0.36633 -0.208842 -0.000677186
5.21 0.290192 -0.208628 -0.00043413
5.215 0.220421 -0.208427 -0.000209918
5.22 0.157014 -0.208239 -4.77594e-06
5.225 0.0998905 -0.208071 0.000180145
5.23 0.048897 -0.207918 0.000346421
5.235 0.00381757 -0.207781 0.000494397
5.24 -0.0355936 -0.207662 0.000623697
5.245 -0.0695551 -0.20756 0.000735073
5.25 -0.0981944 -0.207473 0.000828972
5.255 -0.121525 -0.207403 0.000905464
5.26 -0.139453 -0.207349 0.000964261
5.265 -0.151783 -0.207312 0.00100475
5.27 -0.158243 -0.207291 0.00102605
5.275 -0.158518 -0.207289 0.00102715
5.28 -0.1523 -0.207306 0.00100705
5.285 -0.139319 -0.207342 0.000964696
5.29 -0.119372 -0.207397 0.000899394
5.295 -0.0923402 -0.207472 0.00081088
5.3 -0.0582068 -0.207567 0.000699128
5.305 -0.0170493 -0.207683 0.000564435
5.31 0.0309739 -0.207819 0.000407364
5.315 0.0856253 -0.207976 0.000228738
5.32 0.146572 -0.208152 2.96803e-05
5.325 0.213357 -0.208346 -0.000188091
5.33 0.285375 -0.208551 -0.000421007
5.335 0.361847 -0.208766 -0.000666549
5.34 0.441814 -0.208985 -0.000921408
5.345 0.524156 -0.209204 -0.00118189
5.35 0.607647 -0.20941 -0.00144249
5.355 0.691084 -0.209601 -0.00169973
5.36 0.773457 -0.209791 -0.00195389
5.365 0.853976 -0.209963 -0.00220272
5.37 0.93192 -0.210099 -0.00244126
5.375 1.00653 -0.210202 -0.00266811
5.38 1.07711 -0.210293 -0.00288385
5.385 1.14315 -0.210378 -0.00308584
5.39 1.20437 -0.210435 -0.00327217
5.395 1.26061 -0.210467 -0.0034424
5.4 1.31177 -0.210498 -0.00359736
5.405 1.35788 -0.210526 -0.00373707
5.41 1.39905 -0.210552 -0.0038619
5.415 1.4355 -0.210572 -0.00397277
5.42 1.46744 -0.210587 -0.00407028
5.425 1.49507 -0.2106 -0.00415464
5.43 1.51848 -0.210611 -0.00422613
5.435 1.53766 -0.21062 -0.00428469
5.44 1.55249 -0.210627 -0.00432998
5.445 1.56279 -0.210631 -0.00436142
5.45 1.56832 -0.210633 -0.00437828
5.455 1.56884 -0.210632 -0.00437983
5.46 1.56413 -0.210628 -0.00436537
5.465 1.55401 -0.210622 -0.00433405
5.47 1.53831 -0.210612 -0.00428526
5.475 1.5169 -0.210598 -0.00421882
5.48 1.48971 -0.210582 -0.00413449
5.485 1.45668 -0.210561 -0.00403224
5.49 1.41786 -0.210537 -0.00391221
5.495 1.37334 -0.210509 -0.0037748
5.5 1.32333 -0.210477 -0.0036208
5.505 1.26816 -0.210435 -0.00345172
5.51 1.2082 -0.210385 -0.00326872
5.515 1.14389 -0.210332 -0.00307264
5.52 1.07563 -0.210273 -0.00286455
5.525 1.00379 -0.210185 -0.00264436
5.53 0.928709 -0.210067 -0.00241323
5.535 0.850754 -0.209946 -0.00217345
5.54 0.770272 -0.209812 -0.00192715
5.545 0.687554 -0.209662 -0.00167474
5.55 0.602812 -0.209475 -0.00141349
5.555 0.516192 -0.209255 -0.00114429
5.56 0.427796 -0.209032 -0.00086938
5.565 0.337706 -0.208789 -0.000585358
5.57 0.246001 -0.208525 -0.00029258
5.575 0.152767 -0.208252 7.0679e-06
5.58 0.0581181 -0.207969 0.000313351
5.585 -0.0378027 -0.207679 0.000625882
5.59 -0.134815 -0.207382 0.000943706
5.595 -0.2327 -0.207085 0.00126403
5.6 -0.331206 -0.206794 0.00158607
5.605 -0.430076 -0.206508 0.00190906
5.61 -0.529076 -0.206224 0.00223233
5.615 -0.628021 -0.205941 0.00255529
5.62 -0.726761 -0.20566 0.00287742
5.625 -0.825149 -0.205351 0.00319711
5.63 -0.923026 -0.205018 0.00351389
5.635 -1.02023 -0.204659 0.00382735
5.64 -1.11657 -0.204222 0.00413522
5.645 -1.2119 -0.203737 0.00443805
5.65 -1.30604 -0.203237 0.00473586
5.655 -1.39889 -0.202723 0.00502829
5.66 -1.49034 -0.202172 0.00531506
5.665 -1.58034 -0.201588 0.00559612
5.67 -1.66887 -0.201024 0.00587273
5.675 -1.75596 -0.200476 0.00614481
5.68 -1.84174 -0.199926 0.0064118
5.685 -1.92647 -0.199311 0.00667259
5.69 -2.01055 -0.198652 0.00692952
5.695 -2.09453 -0.198013 0.00718648
5.7 -2.17909 -0.197383 0.00744523
5.705 -2.26489 -0.19674 0.00770617
5.71 -2.35261 -0.196084 0.00797065
5.715 -2.44292 -0.195465 0.00824065
5.72 -2.53649 -0.194845 0.00851797
5.725 -2.63391 -0.194198 0.00880547
5.73 -2.7356 -0.193551 0.00910341
5.735 -2.84182 -0.192838 0.00941062
5.74 -2.95272 -0.192049 0.00972908
5.745 -3.06838 -0.191156 0.0100577
5.75 -3.18877 -0.190158 0.0103962
5.755 -3.3138 -0.189078 0.0107453
5.76 -3.44329 -0.187887 0.0111054
5.765 -3.57705 -0.186567 0.0114757
5.77 -3.71482 -0.18515 0.0118543
5.775 -3.85635 -0.183693 0.0122413
5.78 -4.00135 -0.182163 0.0126361
5.785 -4.14952 -0.18051 0.0130379
5.79 -4.30053 -0.178773 0.0134455
5.795 -4.45399 -0.177018 0.0138581
5.8 -4.60945 -0.175207 0.0142742
5.805 -4.76641 -0.173348 0.0146907
5.81 -4.92433 -0.171436 0.0151049
5.815 -5.08263 -0.16947 0.0155089
5.82 -5.24078 -0.167504 0.015899
5.825 -5.39819 -0.165613 0.0162654
5.83 -5.55434 -0.164009 0.0165896
5.835 -5.70874 -0.162651 0.0168891
5.84 -5.86103 -0.161358 0.0171825
5.845 -6.01091 -0.16014 0.0174665
5.85 -6.15818 -0.15897 0.0177455
5.855 -6.30279 -0.157843 0.018022
5.86 -6.44492 -0.156784 0.0182934
5.865 -6.58502 -0.155843 0.0185583
5.87 -6.72379 -0.154956 0.0188211
5.875 -6.86213 -0.153912 0.0190965
5.88 -7.00111 -0.152752 0.0193844
5.885 -7.14184 -0.151625 0.0196748
5.89 -7.28527 -0.150511 0.0199699
5.895 -7.43209 -0.149379 0.0202728
5.9 -7.5827 -0.148131 0.0205905
5.905 -7.73723 -0.146785 0.0209219
5.91 -7.89569 -0.14544 0.0212611
5.915 -8.05802 -0.144112 0.0216073
5.92 -8.22409 -0.142811 0.0219602
5.925 -8.39365 -0.141577 0.0223188
5.93 -8.56634 -0.14033 0.0226855
5.935 -8.74172 -0.139102 0.0230597
5.94 -8.91927 -0.138007 0.0234367
5.945 -9.09844 -0.136984 0.0238176
5.95 -9.27867 -0.135761 0.0242145
5.955 -9.45946 -0.134446 0.0246229
5.96 -9.64034 -0.1333 0.0250296
5.965 -9.82089 -0.132036 0.0254428
5.97 -10.0007 -0.130642 0.0258611
5.975 -10.1792 -0.129305 0.0262754
5.98 -10.356 -0.128024 0.0266849
5.985 -10.5305 -0.126778 0.027089
5.99 -10.7022 -0.125569 0.0274867
5.995 -10.8708 -0.124415 0.0278766
6 -11.0359 -0.12332 0.028258
6.005 -11.1971 -0.122287 0.0286302
6.01 -11.3543 -0.121319 0.0289925
6.015 -11.507 -0.12042 0.0293444
6.02 -11.6549 -0.119595 0.029685
6.025 -11.7976 -0.118848 0.0300134
6.03 -11.9347 -0.11819 0.0303285
6.035 -12.0656 -0.117757 0.0306287
6.04 -12.1899 -0.117537 0.0309129
6.045 -12.3071 -0.11739 0.0311807
6.05 -12.4169 -0.117322 0.0314314
6.055 -12.5191 -0.117335 0.0316645
6.06 -12.6136 -0.11743 0.0318796
6.065 -12.7001 -0.11772 0.032076
6.07 -12.7787 -0.11832 0.0322528
6.075 -12.8491 -0.119193 0.0324101
6.08 -12.9114 -0.120402 0.0325477
6.085 -12.9656 -0.121664 0.0326665
6.09 -13.0117 -0.12211 0.0327702
6.095 -13.0497 -0.121902 0.0328579
6.1 -13.0799 -0.121713 0.0329271
6.105 -13.1023 -0.121567 0.0329785
6.11 -13.1172 -0.121452 0.0330125
6.115 -13.1246 -0.121362 0.0330296
6.12 -13.1248 -0.121299 0.0330304
6.125 -13.1184 -0.121327 0.0330146
6.13 -13.1058 -0.121447 0.0329817
6.135 -13.0876 -0.121613 0.0329336
6.14 -13.0647 -0.121836 0.0328734
6.145 -13.0379 -0.12211 0.0328038
6.15 -13.008 -0.12243 0.032727
6.155 -12.9757 -0.122792 0.032645
6.16 -12.9415 -0.123188 0.0325593
6.165 -12.9062 -0.123613 0.0324714
6.17 -12.8703 -0.124057 0.0323828
6.175 -12.8346 -0.124505 0.0322952
6.18 -12.7999 -0.124946 0.0322104
6.185 -12.7669 -0.12537 0.0321297
6.19 -12.7361 -0.125766 0.0320549
6.195 -12.7084 -0.126125 0.0319876
6.2 -12.6845 -0.126436 0.0319295
6.205 -12.665 -0.126689 0.0318824
6.21 -12.6507 -0.126876 0.0318478
6.215 -12.642 -0.126989 0.0318269
6.22 -12.6393 -0.127026 0.0318204
6.225 -12.6429 -0.126983 0.0318291
6.23 -12.6528 -0.126882 0.0318549
6.235 -12.6691 -0.126729 0.0318983
6.24 -12.692 -0.126511 0.0319586
6.245 -12.7211 -0.126224 0.032035
6.25 -12.7564 -0.125863 0.0321264
6.255 -12.7976 -0.125425 0.0322314
6.26 -12.8443 -0.124908 0.0323487
6.265 -12.8962 -0.124325 0.0324774
6.27 -12.9532 -0.123681 0.0326173
6.275 -13.0154 -0.122976 0.0327688
6.28 -13.0828 -0.122261 0.0329321
6.285 -13.156 -0.121592 0.0331072
6.29 -13.2354 -0.121062 0.0332916
6.295 -13.3216 -0.120637 0.033488
6.3 -13.4152 -0.120342 0.0337006
6.305 -13.5164 -0.120261 0.03393
6.31 -13.6255 -0.120614 0.0341755
6.315 -13.7419 -0.121317 0.0344367
6.32 -13.8649 -0.122067 0.0347126
6.325 -13.9931 -0.122946 0.035
6.33 -14.1248 -0.124015 0.0352947
6.335 -14.2581 -0.124923 0.0355949
6.34 -14.3912 -0.125664 0.0358965
6.345 -14.5226 -0.126815 0.0361928
6.35 -14.6501 0.996641 0.0396227
