0.1 1.85863e-17 -0.015335 -8.60476e-20
0.2 1.92282e-17 -0.0309115 -8.90196e-20
0.3 4.03482e-17 -0.0467416 -1.86797e-19
0.4 2.0215e-17 -0.0628631 -9.35881e-20
0.5 1.21927e-16 -0.0795088 -5.64477e-19
0.6 5.27627e-17 -0.0965599 -2.44272e-19
0.7 1.36283e-16 -0.113948 -6.30938e-19
0.8 8.65345e-17 -0.131691 -4.00623e-19
0.9 2.56616e-16 -0.149811 -1.18804e-18
1 1.55793e-16 -0.168333 -7.21265e-19
0.005 7.60899e-07 -0.168333 -2.64201e-09
0.01 3.8087e-06 -0.168333 -1.32246e-08
0.015 9.90434e-06 -0.168333 -3.43901e-08
0.02 1.9031e-05 -0.168333 -6.60798e-08
0.025 3.11589e-05 -0.168333 -1.08191e-07
0.03 4.62527e-05 -0.168333 -1.606e-07
0.035 6.42748e-05 -0.168333 -2.23176e-07
0.04 8.51833e-05 -0.168333 -2.95775e-07
0.045 0.000108918 -0.168333 -3.78189e-07
0.05 0.000135394 -0.168334 -4.70116e-07
0.055 0.000164499 -0.168334 -5.71177e-07
0.06 0.00019611 -0.168334 -6.80938e-07
0.065 0.000230106 -0.168334 -7.98978e-07
0.07 0.00026638 -0.168334 -9.2493e-07
0.075 0.000304823 -0.168334 -1.05841e-06
0.08 0.000345298 -0.168334 -1.19895e-06
0.085 0.000387644 -0.168334 -1.34599e-06
0.09 0.000431695 -0.168334 -1.49894e-06
0.095 0.000477293 -0.168335 -1.65727e-06
0.1 0.000524282 -0.168335 -1.82042e-06
0.105 0.000572484 -0.168335 -1.98779e-06
0.11 0.000621671 -0.168335 -2.15858e-06
0.115 0.00067158 -0.168335 -2.33187e-06
0.12 0.000721941 -0.168335 -2.50673e-06
0.125 0.00077246 -0.168336 -2.68215e-06
0.13 0.000822757 -0.168336 -2.85679e-06
0.135 0.000872419 -0.168336 -3.02923e-06
0.14 0.000921151 -0.168336 -3.19844e-06
0.145 0.000968818 -0.168336 -3.36395e-06
0.15 0.00101538 -0.168336 -3.52563e-06
0.155 0.00106081 -0.168336 -3.68337e-06
0.16 0.00110496 -0.168337 -3.83666e-06
0.165 0.00114758 -0.168337 -3.98463e-06
0.17 0.00118837 -0.168337 -4.12629e-06
0.175 0.00122712 -0.168337 -4.2608e-06
0.18 0.00126366 -0.168337 -4.38768e-06
0.185 0.001298 -0.168337 -4.50694e-06
0.19 0.00133022 -0.168337 -4.61881e-06
0.195 0.00136037 -0.168337 -4.72351e-06
0.2 0.00138859 -0.168337 -4.82146e-06
0.205 0.00141482 -0.168338 -4.91256e-06
0.21 0.00143861 -0.168338 -4.99515e-06
0.215 0.00145916 -0.168338 -5.06652e-06
0.22 0.00147581 -0.168338 -5.12434e-06
0.225 0.00148823 -0.168338 -5.16744e-06
0.23 0.00149639 -0.168338 -5.19578e-06
0.235 0.00150063 -0.168338 -5.2105e-06
0.24 0.00150165 -0.168338 -5.21403e-06
0.245 0.0015002 -0.168338 -5.209e-06
0.25 0.00149645 -0.168338 -5.19598e-06
0.255 0.00148961 -0.168338 -5.17224e-06
0.26 0.00147813 -0.168338 -5.13236e-06
0.265 0.00145989 -0.168338 -5.06906e-06
0.27 0.00143251 -0.168338 -4.97396e-06
0.275 0.00139357 -0.168338 -4.83876e-06
0.28 0.00134088 -0.168338 -4.6558e-06
0.285 0.00127238 -0.168338 -4.41797e-06
0.29 0.00118602 -0.168338 -4.11811e-06
0.295 0.00107954 -0.168338 -3.7484e-06
0.3 0.000950553 -0.168338 -3.30051e-06
0.305 0.000797128 -0.168338 -2.76779e-06
0.31 0.000618555 -0.168338 -2.14774e-06
0.315 0.000415395 -0.168338 -1.44233e-06
0.32 0.000189101 -0.168338 -6.56581e-07
0.325 -5.82685e-05 -0.168338 2.02243e-07
0.33 -0.000324229 -0.168339 1.12561e-06
0.335 -0.000606243 -0.16834 2.10483e-06
0.34 -0.000902359 -0.168341 3.13304e-06
0.345 -0.0012117 -0.168342 4.20715e-06
0.35 -0.00153431 -0.168343 5.32737e-06
0.355 -0.00187068 -0.168344 6.49534e-06
0.36 -0.00222131 -0.168345 7.71279e-06
0.365 -0.00258685 -0.168346 8.98203e-06
0.37 -0.00296863 -0.168347 1.03076e-05
0.375 -0.00336947 -0.168349 1.16994e-05
0.38 -0.00379471 -0.16835 1.31759e-05
0.385 -0.0042528 -0.168351 1.47665e-05
0.39 -0.00475462 -0.168353 1.65089e-05
0.395 -0.00530866 -0.168355 1.84326e-05
0.4 -0.00591525 -0.168356 2.05388e-05
0.405 -0.00656658 -0.168358 2.28003e-05
0.41 -0.00725156 -0.168361 2.51786e-05
0.415 -0.00795939 -0.168363 2.76363e-05
0.42 -0.00868125 -0.168365 3.01426e-05
0.425 -0.00941113 -0.168367 3.26768e-05
0.43 -0.0101462 -0.16837 3.52291e-05
0.435 -0.0108867 -0.168372 3.78e-05
0.44 -0.0116343 -0.168374 4.03959e-05
0.445 -0.0123908 -0.168377 4.30224e-05
0.45 -0.0131569 -0.168379 4.56823e-05
0.455 -0.0139329 -0.168381 4.83766e-05
0.46 -0.0147189 -0.168384 5.11056e-05
0.465 -0.0155142 -0.168386 5.38669e-05
0.47 -0.0163165 -0.168389 5.66525e-05
0.475 -0.0171216 -0.168391 5.94476e-05
0.48 -0.0179244 -0.168394 6.22349e-05
0.485 -0.0187203 -0.168396 6.49982e-05
0.49 -0.019505 -0.168399 6.77224e-05
0.495 -0.0202745 -0.168401 7.03941e-05
0.5 -0.0210263 -0.168403 7.30044e-05
0.505 -0.0217588 -0.168406 7.55476e-05
0.51 -0.0224704 -0.168408 7.8018e-05
0.515 -0.0231589 -0.16841 8.04084e-05
0.52 -0.0238223 -0.168412 8.27116e-05
0.525 -0.0244592 -0.168414 8.49226e-05
0.53 -0.0250696 -0.168416 8.70421e-05
0.535 -0.0256564 -0.168418 8.90791e-05
0.54 -0.0262261 -0.168419 9.1057e-05
0.545 -0.0267911 -0.168421 9.30188e-05
0.55 -0.0273683 -0.168423 9.50226e-05
0.555 -0.0279705 -0.168425 9.71134e-05
0.56 -0.0285972 -0.168427 9.92888e-05
0.565 -0.0292342 -0.168429 0.0001015
0.57 -0.0298618 -0.168431 0.000103679
0.575 -0.0304601 -0.168433 0.000105756
0.58 -0.0310111 -0.168434 0.00010767
0.585 -0.0315002 -0.168436 0.000109367
0.59 -0.0319173 -0.168437 0.000110815
0.595 -0.0322607 -0.168438 0.000112008
0.6 -0.0325372 -0.168439 0.000112967
0.605 -0.0327599 -0.16844 0.000113741
0.61 -0.0329456 -0.16844 0.000114385
0.615 -0.0331129 -0.168441 0.000114966
0.62 -0.0332825 -0.168441 0.000115555
0.625 -0.0334794 -0.168442 0.000116238
0.63 -0.0337334 -0.168443 0.00011712
0.635 -0.0340796 -0.168444 0.000118322
0.64 -0.0345551 -0.168445 0.000119973
0.645 -0.0351916 -0.168447 0.000122183
0.65 -0.0360038 -0.16845 0.000125002
0.655 -0.03698 -0.168453 0.000128391
0.66 -0.0380822 -0.168456 0.000132218
0.665 -0.0392559 -0.16846 0.000136292
0.67 -0.0404417 -0.168464 0.000140409
0.675 -0.0415876 -0.168467 0.000144387
0.68 -0.0426624 -0.168471 0.000148118
0.685 -0.0436642 -0.168474 0.000151596
0.69 -0.0446167 -0.168477 0.000154903
0.695 -0.0455577 -0.16848 0.000158169
0.7 -0.0465293 -0.168483 0.000161542
0.705 -0.0475723 -0.168486 0.000165163
0.71 -0.0487219 -0.16849 0.000169154
0.715 -0.0500095 -0.168494 0.000173623
0.72 -0.0514632 -0.168498 0.00017867
0.725 -0.0531038 -0.168503 0.000184364
0.73 -0.0549398 -0.168509 0.000190738
0.735 -0.0569668 -0.168515 0.000197774
0.74 -0.0591708 -0.168522 0.000205425
0.745 -0.0615296 -0.16853 0.000213613
0.75 -0.0640102 -0.168537 0.000222224
0.755 -0.0665678 -0.168545 0.000231101
0.76 -0.0691497 -0.168554 0.000240063
0.765 -0.0717067 -0.168562 0.000248939
0.77 -0.074212 -0.168569 0.000257635
0.775 -0.0766724 -0.168577 0.000266175
0.78 -0.0791195 -0.168585 0.000274668
0.785 -0.0815911 -0.168593 0.000283247
0.79 -0.084121 -0.168601 0.000292028
0.795 -0.0867369 -0.168609 0.000301107
0.8 -0.0894627 -0.168618 0.000310567
0.805 -0.0923212 -0.168627 0.000320488
0.81 -0.0953293 -0.168636 0.000330928
0.815 -0.0984886 -0.168646 0.000341893
0.82 -0.101782 -0.168657 0.000353323
0.825 -0.105181 -0.168667 0.000365119
0.83 -0.108651 -0.168679 0.000377163
0.835 -0.11216 -0.16869 0.00038934
0.84 -0.115688 -0.168701 0.000401581
0.845 -0.119247 -0.168712 0.000413932
0.85 -0.122876 -0.168724 0.000426528
0.855 -0.126625 -0.168736 0.000439534
0.86 -0.130539 -0.168748 0.000453117
0.865 -0.134648 -0.168761 0.000467376
0.87 -0.138948 -0.168775 0.000482295
0.875 -0.143409 -0.16879 0.000497777
0.88 -0.148001 -0.168804 0.000513709
0.885 -0.152696 -0.168819 0.000529997
0.89 -0.157473 -0.168835 0.000546573
0.895 -0.162336 -0.168851 0.000563446
0.9 -0.167311 -0.168867 0.000580704
0.905 -0.172434 -0.168883 0.000598479
0.91 -0.177742 -0.1689 0.000616895
0.915 -0.183265 -0.168918 0.000636054
0.92 -0.189028 -0.168937 0.000656044
0.925 -0.195052 -0.168957 0.000676943
0.93 -0.201367 -0.168977 0.000698847
0.935 -0.208008 -0.168999 0.000721885
0.94 -0.215028 -0.169022 0.000746234
0.945 -0.222489 -0.169046 0.000772112
0.95 -0.230454 -0.169073 0.000799737
0.955 -0.23896 -0.169101 0.000829235
0.96 -0.247989 -0.16913 0.000860551
0.965 -0.257481 -0.169162 0.000893467
0.97 -0.267354 -0.169195 0.000927702
0.975 -0.27753 -0.169228 0.000962987
0.98 -0.287945 -0.169263 0.0009991
0.985 -0.298563 -0.169299 0.00103592
0.99 -0.309394 -0.169335 0.00107346
0.995 -0.320486 -0.169372 0.00111192
1 -0.331903 -0.169411 0.00115149
1.005 -0.343698 -0.169451 0.00119238
1.01 -0.355898 -0.169492 0.00123466
1.015 -0.368499 -0.169535 0.00127833
1.02 -0.381474 -0.169579 0.0013233
1.025 -0.394794 -0.169625 0.00136946
1.03 -0.408437 -0.169672 0.00141673
1.035 -0.422383 -0.16972 0.00146505
1.04 -0.436613 -0.16977 0.00151434
1.045 -0.451104 -0.16982 0.00156455
1.05 -0.465832 -0.169871 0.00161556
1.055 -0.480768 -0.169924 0.00166729
1.06 -0.495901 -0.169977 0.0017197
1.065 -0.511246 -0.170031 0.00177284
1.07 -0.526847 -0.170086 0.00182685
1.075 -0.542768 -0.170143 0.00188198
1.08 -0.559073 -0.170201 0.00193842
1.085 -0.575782 -0.170261 0.00199626
1.09 -0.59285 -0.170323 0.00205533
1.095 -0.610177 -0.170385 0.00211529
1.1 -0.627635 -0.170449 0.0021757
1.105 -0.645096 -0.170512 0.00223612
1.11 -0.662444 -0.170576 0.00229613
1.115 -0.679585 -0.170639 0.00235542
1.12 -0.696454 -0.170701 0.00241377
1.125 -0.713024 -0.170762 0.00247107
1.13 -0.729299 -0.170823 0.00252735
1.135 -0.745308 -0.170882 0.0025827
1.14 -0.761093 -0.170941 0.00263727
1.145 -0.776711 -0.171 0.00269125
1.15 -0.792223 -0.171058 0.00274487
1.155 -0.80769 -0.171117 0.00279832
1.16 -0.823162 -0.171176 0.00285179
1.165 -0.838677 -0.171235 0.00290539
1.17 -0.854271 -0.171294 0.00295927
1.175 -0.86998 -0.171354 0.00301353
1.18 -0.885843 -0.171415 0.00306832
1.185 -0.901896 -0.171477 0.00312376
1.19 -0.91818 -0.17154 0.00318
1.195 -0.934739 -0.171605 0.00323717
1.2 -0.951618 -0.17167 0.00329545
1.205 -0.96885 -0.171738 0.00335493
1.21 -0.986437 -0.171807 0.00341564
1.215 -1.00433 -0.171877 0.0034774
1.22 -1.02246 -0.171949 0.00353995
1.225 -1.04072 -0.172021 0.00360295
1.23 -1.05901 -0.172094 0.00366605
1.235 -1.07724 -0.172167 0.00372892
1.24 -1.09532 -0.17224 0.0037913
1.245 -1.11324 -0.172312 0.00385309
1.25 -1.13102 -0.172384 0.0039144
1.255 -1.14872 -0.172456 0.00397542
1.26 -1.16638 -0.172528 0.00403629
1.265 -1.18397 -0.172599 0.0040969
1.27 -1.20141 -0.172671 0.004157
1.275 -1.2186 -0.172742 0.00421625
1.28 -1.23549 -0.172812 0.00427445
1.285 -1.25209 -0.17288 0.00433163
1.29 -1.26848 -0.172949 0.00438808
1.295 -1.28477 -0.173017 0.00444418
1.3 -1.30106 -0.173085 0.00450029
1.305 -1.31743 -0.173153 0.00455662
1.31 -1.33384 -0.173223 0.00461315
1.315 -1.35025 -0.173292 0.00466962
1.32 -1.36654 -0.173361 0.00472568
1.325 -1.38262 -0.173428 0.00478094
1.33 -1.39844 -0.173494 0.00483518
1.335 -1.41396 -0.173558 0.00488842
1.34 -1.42923 -0.173621 0.00494072
1.345 -1.44433 -0.173682 0.00499236
1.35 -1.45936 -0.173744 0.00504375
1.355 -1.47439 -0.173805 0.00509517
1.36 -1.4895 -0.173867 0.00514684
1.365 -1.5047 -0.17393 0.00519877
1.37 -1.51994 -0.173988 0.00525052
1.375 -1.5352 -0.174042 0.00530201
1.38 -1.55048 -0.174097 0.0053536
1.385 -1.56583 -0.174153 0.00540544
1.39 -1.5813 -0.174209 0.00545768
1.395 -1.59688 -0.174266 0.00551029
1.4 -1.61254 -0.174324 0.00556316
1.405 -1.62821 -0.174382 0.00561609
1.41 -1.64386 -0.174441 0.00566892
1.415 -1.65946 -0.174499 0.0057216
1.42 -1.67505 -0.174557 0.00577422
1.425 -1.6907 -0.174611 0.00582683
1.43 -1.7065 -0.174656 0.00587945
1.435 -1.72256 -0.174699 0.00593265
1.44 -1.739 -0.174744 0.00598712
1.445 -1.75593 -0.17479 0.00604324
1.45 -1.77344 -0.174835 0.00610115
1.455 -1.79157 -0.174877 0.00616098
1.46 -1.81027 -0.174923 0.00622274
1.465 -1.82948 -0.17497 0.00628616
1.47 -1.84909 -0.175019 0.00635093
1.475 -1.86903 -0.175068 0.00641672
1.48 -1.88922 -0.175099 0.00648273
1.485 -1.90962 -0.175109 0.00654853
1.49 -1.93018 -0.175116 0.00661461
1.495 -1.95089 -0.175125 0.00668123
1.5 -1.97178 -0.175135 0.0067484
1.505 -1.99284 -0.175147 0.00681616
1.51 -2.01407 -0.175159 0.00688448
1.515 -2.03547 -0.175172 0.00695336
1.52 -2.05709 -0.175186 0.00702293
1.525 -2.07899 -0.175201 0.0070934
1.53 -2.10126 -0.175217 0.00716505
1.535 -2.12398 -0.175234 0.00723816
1.54 -2.14724 -0.17525 0.00731292
1.545 -2.17106 -0.175246 0.00738892
1.55 -2.19545 -0.17522 0.00746594
1.555 -2.22031 -0.175191 0.00754428
1.56 -2.24555 -0.175164 0.0076238
1.565 -2.27104 -0.175137 0.00770413
1.57 -2.29669 -0.175112 0.00778495
1.575 -2.32244 -0.175088 0.00786611
1.58 -2.34829 -0.175064 0.00794759
1.585 -2.37429 -0.175041 0.00802952
1.59 -2.40049 -0.175019 0.00811206
1.595 -2.42693 -0.174998 0.00819536
1.6 -2.45366 -0.174976 0.00827955
1.605 -2.48071 -0.174955 0.00836471
1.61 -2.50811 -0.174914 0.0084505
1.615 -2.53586 -0.174854 0.00853695
1.62 -2.56395 -0.174796 0.00862446
1.625 -2.59234 -0.174735 0.00871276
1.63 -2.62101 -0.174671 0.00880172
1.635 -2.64993 -0.174606 0.00889133
1.64 -2.67909 -0.174539 0.00898159
1.645 -2.70853 -0.17447 0.00907256
1.65 -2.73826 -0.1744 0.00916434
1.655 -2.76834 -0.17433 0.00925714
1.66 -2.79876 -0.174249 0.00935048
1.665 -2.82953 -0.174159 0.00944436
1.67 -2.86061 -0.174068 0.00953921
1.675 -2.89197 -0.173978 0.00963489
1.68 -2.92355 -0.173888 0.0097312
1.685 -2.95526 -0.173783 0.00982763
1.69 -2.98699 -0.173661 0.00992376
1.695 -3.01858 -0.173529 0.0100189
1.7 -3.04991 -0.173388 0.0101126
1.705 -3.08083 -0.173245 0.0102049
1.71 -3.11127 -0.173101 0.0102955
1.715 -3.14119 -0.172961 0.0103845
1.72 -3.17059 -0.172823 0.0104719
1.725 -3.19946 -0.172673 0.010557
1.73 -3.22782 -0.172513 0.01064
1.735 -3.25569 -0.172358 0.0107216
1.74 -3.2831 -0.172207 0.0108018
1.745 -3.3101 -0.17206 0.0108809
1.75 -3.33675 -0.171914 0.0109589
1.755 -3.36313 -0.171756 0.0110354
1.76 -3.38935 -0.171585 0.0111108
1.765 -3.41559 -0.171417 0.0111863
1.77 -3.44202 -0.171249 0.0112624
1.775 -3.46883 -0.171078 0.0113395
1.78 -3.49615 -0.170899 0.0114178
1.785 -3.52409 -0.170694 0.0114969
1.79 -3.55273 -0.170469 0.0115773
1.795 -3.58214 -0.17024 0.0116598
1.8 -3.61239 -0.170005 0.0117447
1.805 -3.64356 -0.169764 0.0118321
1.81 -3.67572 -0.169515 0.0119222
1.815 -3.70886 -0.169234 0.0120145
1.82 -3.7429 -0.168925 0.0121086
1.825 -3.77765 -0.168611 0.0122047
1.83 -3.81291 -0.16829 0.0123021
1.835 -3.84843 -0.167963 0.0124001
1.84 -3.88402 -0.167622 0.0124976
1.845 -3.9195 -0.167269 0.012594
1.85 -3.95475 -0.166919 0.0126898
1.855 -3.98973 -0.16657 0.0127847
1.86 -4.02445 -0.166221 0.0128789
1.865 -4.05893 -0.165872 0.0129721
1.87 -4.09321 -0.165523 0.0130646
1.875 -4.12729 -0.165175 0.0131565
1.88 -4.16118 -0.164829 0.0132478
1.885 -4.1949 -0.164486 0.0133386
1.89 -4.22844 -0.164144 0.0134288
1.895 -4.26183 -0.163791 0.0135185
1.9 -4.29511 -0.163427 0.0136079
1.905 -4.32829 -0.163066 0.0136969
1.91 -4.36143 -0.162706 0.0137855
1.915 -4.39455 -0.162345 0.0138739
1.92 -4.42764 -0.161983 0.0139619
1.925 -4.46063 -0.161622 0.0140495
1.93 -4.49344 -0.161264 0.0141365
1.935 -4.52597 -0.160909 0.0142225
1.94 -4.55815 -0.160559 0.0143073
1.945 -4.58994 -0.160213 0.014391
1.95 -4.62135 -0.159872 0.0144734
1.955 -4.65244 -0.159534 0.0145548
1.96 -4.68325 -0.159199 0.0146352
1.965 -4.71382 -0.158858 0.0147144
1.97 -4.74415 -0.158512 0.0147923
1.975 -4.77419 -0.158169 0.0148684
1.98 -4.80389 -0.15783 0.0149426
1.985 -4.83326 -0.157495 0.0150158
1.99 -4.86234 -0.157163 0.0150881
1.995 -4.89123 -0.156834 0.0151598
2 -4.92001 -0.156507 0.0152311
2.005 -4.94871 -0.156181 0.0153019
2.01 -4.9773 -0.155856 0.0153722
2.015 -5.00575 -0.155533 0.0154419
2.02 -5.03397 -0.155213 0.0155109
2.025 -5.0619 -0.154895 0.0155788
2.03 -5.08953 -0.154578 0.0156459
2.035 -5.11687 -0.154252 0.0157117
2.04 -5.14401 -0.153922 0.0157764
2.045 -5.17104 -0.153594 0.0158404
2.05 -5.1981 -0.153269 0.0159031
2.055 -5.22529 -0.152954 0.0159641
2.06 -5.25272 -0.152648 0.0160249
2.065 -5.28038 -0.152342 0.016086
2.07 -5.30822 -0.152042 0.0161466
2.075 -5.33604 -0.151745 0.0162065
2.08 -5.36362 -0.151446 0.016266
2.085 -5.39071 -0.151154 0.0163244
2.09 -5.41712 -0.15087 0.0163813
2.095 -5.44273 -0.150596 0.0164365
2.1 -5.46751 -0.150335 0.0164897
2.105 -5.49153 -0.150086 0.0165413
2.11 -5.51486 -0.149844 0.0165912
2.115 -5.53756 -0.149611 0.0166398
2.12 -5.5597 -0.149384 0.0166871
2.125 -5.58138 -0.149164 0.0167334
2.13 -5.60272 -0.148948 0.0167788
2.135 -5.62383 -0.148735 0.0168237
2.14 -5.6448 -0.148525 0.0168682
2.145 -5.6657 -0.148323 0.016912
2.15 -5.68657 -0.148128 0.0169553
2.155 -5.70749 -0.147933 0.0169986
2.16 -5.72856 -0.147736 0.0170422
2.165 -5.74987 -0.147538 0.0170863
2.17 -5.77153 -0.147337 0.0171312
2.175 -5.79362 -0.147133 0.0171769
2.18 -5.81626 -0.146925 0.0172237
2.185 -5.83953 -0.146711 0.0172717
2.19 -5.86347 -0.146492 0.0173211
2.195 -5.88805 -0.146262 0.0173717
2.2 -5.91307 -0.146025 0.0174231
2.205 -5.93821 -0.145789 0.0174746
2.21 -5.96312 -0.145556 0.0175256
2.215 -5.98743 -0.14533 0.0175754
2.22 -6.01087 -0.145114 0.0176233
2.225 -6.0332 -0.14491 0.017669
2.23 -6.05429 -0.144718 0.017712
2.235 -6.07407 -0.144539 0.0177524
2.24 -6.09253 -0.144372 0.01779
2.245 -6.10975 -0.144218 0.017825
2.25 -6.12579 -0.144075 0.0178577
2.255 -6.14068 -0.143943 0.0178879
2.26 -6.15442 -0.143822 0.0179158
2.265 -6.16701 -0.143711 0.0179414
2.27 -6.17843 -0.143611 0.0179646
2.275 -6.18876 -0.143521 0.0179855
2.28 -6.1981 -0.14344 0.0180044
2.285 -6.2066 -0.143366 0.0180216
2.29 -6.2144 -0.143299 0.0180374
2.295 -6.22162 -0.143237 0.018052
2.3 -6.22831 -0.143179 0.0180656
2.305 -6.23453 -0.143125 0.0180782
2.31 -6.24033 -0.143076 0.0180899
2.315 -6.24579 -0.143029 0.0181009
2.32 -6.25102 -0.142984 0.0181115
2.325 -6.25615 -0.14294 0.0181219
2.33 -6.26122 -0.142895 0.0181322
2.335 -6.26622 -0.142849 0.0181425
2.34 -6.27104 -0.142804 0.0181523
2.345 -6.27549 -0.142763 0.0181615
2.35 -6.27938 -0.142728 0.0181694
2.355 -6.28249 -0.142699 0.0181758
2.36 -6.2846 -0.14268 0.0181801
2.365 -6.28551 -0.142672 0.018182
2.37 -6.28498 -0.142677 0.0181809
2.375 -6.28283 -0.142703 0.0181752
2.38 -6.27888 -0.142754 0.018164
2.385 -6.27306 -0.14283 0.0181475
2.39 -6.26536 -0.14293 0.0181259
2.395 -6.25588 -0.143053 0.0180993
2.4 -6.2448 -0.143197 0.0180683
2.405 -6.23232 -0.14336 0.0180335
2.41 -6.21868 -0.14354 0.0179955
2.415 -6.20411 -0.143733 0.0179551
2.42 -6.18882 -0.143937 0.0179127
2.425 -6.17299 -0.14415 0.017869
2.43 -6.15673 -0.144371 0.0178242
2.435 -6.14007 -0.144599 0.0177785
2.44 -6.12298 -0.144836 0.0177318
2.445 -6.10535 -0.145081 0.0176837
2.45 -6.08709 -0.145337 0.017634
2.455 -6.06809 -0.145606 0.0175824
2.46 -6.04829 -0.145886 0.0175288
2.465 -6.02767 -0.146177 0.0174731
2.47 -6.00619 -0.146472 0.0174149
2.475 -5.9838 -0.146773 0.0173542
2.48 -5.96046 -0.147089 0.017291
2.485 -5.93615 -0.147421 0.0172253
2.49 -5.91095 -0.147766 0.0171573
2.495 -5.88497 -0.148123 0.0170873
2.5 -5.85837 -0.148492 0.0170159
2.505 -5.83131 -0.148869 0.0169434
2.51 -5.80396 -0.149251 0.0168704
2.515 -5.77645 -0.149636 0.016797
2.52 -5.74889 -0.150022 0.0167236
2.525 -5.72136 -0.150406 0.0166502
2.53 -5.69389 -0.150788 0.0165772
2.535 -5.66659 -0.151168 0.0165046
2.54 -5.63955 -0.151546 0.0164328
2.545 -5.61294 -0.151918 0.0163622
2.55 -5.58691 -0.152282 0.0162931
2.555 -5.56158 -0.152637 0.0162259
2.56 -5.53704 -0.152982 0.0161608
2.565 -5.51331 -0.153316 0.0160978
2.57 -5.49037 -0.153639 0.016037
2.575 -5.4682 -0.153951 0.0159783
2.58 -5.44673 -0.154254 0.0159214
2.585 -5.42595 -0.154547 0.0158663
2.59 -5.40588 -0.15483 0.0158131
2.595 -5.38659 -0.155103 0.0157621
2.6 -5.36818 -0.155363 0.0157133
2.605 -5.35074 -0.15561 0.0156671
2.61 -5.33434 -0.155842 0.0156237
2.615 -5.31898 -0.156058 0.015583
2.62 -5.3046 -0.156254 0.0155447
2.625 -5.2911 -0.156433 0.0155086
2.63 -5.27835 -0.156602 0.0154746
2.635 -5.26622 -0.156763 0.0154422
2.64 -5.25463 -0.156918 0.0154112
2.645 -5.24349 -0.157066 0.0153815
2.65 -5.23276 -0.15721 0.0153528
2.655 -5.22242 -0.157348 0.0153252
2.66 -5.21248 -0.157481 0.0152987
2.665 -5.203 -0.157608 0.0152734
2.67 -5.19405 -0.157728 0.0152495
2.675 -5.18569 -0.15784 0.0152272
2.68 -5.17805 -0.157942 0.0152068
2.685 -5.17127 -0.158033 0.0151887
2.69 -5.16551 -0.158111 0.0151733
2.695 -5.16089 -0.158173 0.015161
2.7 -5.15753 -0.158218 0.015152
2.705 -5.15543 -0.158246 0.0151464
2.71 -5.15453 -0.158258 0.015144
2.715 -5.15468 -0.158256 0.0151444
2.72 -5.15566 -0.158244 0.0151472
2.725 -5.15722 -0.158227 0.0151516
2.73 -5.15911 -0.158206 0.0151569
2.735 -5.16107 -0.158185 0.0151624
2.74 -5.16289 -0.158165 0.0151675
2.745 -5.16439 -0.158148 0.0151718
2.75 -5.16548 -0.158136 0.0151748
2.755 -5.16612 -0.158129 0.0151766
2.76 -5.16633 -0.158126 0.0151772
2.765 -5.16618 -0.158128 0.0151768
2.77 -5.16568 -0.158134 0.0151754
2.775 -5.16484 -0.158143 0.015173
2.78 -5.16356 -0.158157 0.0151694
2.785 -5.16178 -0.158177 0.0151644
2.79 -5.15941 -0.158204 0.0151578
2.795 -5.15642 -0.158238 0.0151494
2.8 -5.15279 -0.158281 0.0151393
2.805 -5.14855 -0.158332 0.0151276
2.81 -5.14376 -0.158391 0.0151144
2.815 -5.13847 -0.158457 0.0151
2.82 -5.13274 -0.158531 0.0150844
2.825 -5.12654 -0.158611 0.0150676
2.83 -5.11976 -0.1587 0.0150493
2.835 -5.11221 -0.158799 0.0150289
2.84 -5.10365 -0.158913 0.0150059
2.845 -5.09379 -0.159044 0.0149795
2.85 -5.08241 -0.159196 0.014949
2.855 -5.06929 -0.159372 0.0149139
2.86 -5.05425 -0.159574 0.0148737
2.865 -5.03709 -0.159805 0.0148279
2.87 -5.01759 -0.16007 0.0147759
2.875 -4.99552 -0.160373 0.0147172
2.88 -4.97065 -0.160716 0.0146511
2.885 -4.94276 -0.1611 0.0145769
2.89 -4.91165 -0.161528 0.0144942
2.895 -4.87713 -0.162004 0.0144025
2.9 -4.83901 -0.162529 0.0143012
2.905 -4.79709 -0.163107 0.0141899
2.91 -4.75121 -0.163721 0.0140674
2.915 -4.70125 -0.164374 0.0139336
2.92 -4.64717 -0.165082 0.0137887
2.925 -4.58899 -0.165846 0.0136329
2.93 -4.52673 -0.166666 0.0134663
2.935 -4.46036 -0.167544 0.0132887
2.94 -4.38984 -0.168475 0.0131005
2.945 -4.31513 -0.169454 0.012901
2.95 -4.23625 -0.170481 0.0126902
2.955 -4.15326 -0.171565 0.0124685
2.96 -4.06617 -0.172706 0.0122358
2.965 -3.97491 -0.173914 0.0119923
2.97 -3.87933 -0.175176 0.0117371
2.975 -3.77916 -0.176491 0.0114692
2.98 -3.67412 -0.177875 0.0111884
2.985 -3.56395 -0.179268 0.0108914
2.99 -3.44844 -0.180647 0.0105776
2.995 -3.32749 -0.181989 0.0102458
3 -3.20099 -0.18321 0.00989126
3.005 -3.06884 -0.184354 0.00951489
3.01 -2.93093 -0.185427 0.00911624
3.015 -2.78712 -0.1864 0.0086955
3.02 -2.63727 -0.187253 0.00825075
3.025 -2.48122 -0.187914 0.00777582
3.03 -2.31885 -0.18839 0.00727315
3.035 -2.15003 -0.188649 0.00674097
3.04 -1.97467 -0.188739 0.00617847
3.045 -1.79272 -0.188822 0.00559329
3.05 -1.60418 -0.188893 0.0049853
3.055 -1.40909 -0.188912 0.00435959
3.06 -1.20759 -0.188862 0.0037153
3.065 -0.999828 -0.18872 0.00304048
3.07 -0.785975 -0.188492 0.00233465
3.075 -0.566189 -0.188243 0.00160039
3.08 -0.340593 -0.188165 0.000838484
3.085 -0.109257 -0.188316 5.62315e-05
3.09 0.127774 -0.18854 -0.000738976
3.095 0.370434 -0.188786 -0.00154712
3.1 0.618622 -0.189097 -0.00236985
3.105 0.872231 -0.189459 -0.00320788
3.11 1.13121 -0.189698 -0.00405411
3.115 1.3956 -0.189625 -0.00490271
3.12 1.6655 -0.189223 -0.00575595
3.125 1.94114 -0.188515 -0.00661645
3.13 2.22276 -0.18763 -0.00748689
3.135 2.51065 -0.186483 -0.00836351
3.14 2.80507 -0.184964 -0.00924177
3.145 3.10628 -0.183016 -0.0101162
3.15 3.41448 -0.180464 -0.0109842
3.155 3.72981 -0.177281 -0.0118474
3.16 4.05232 -0.173559 -0.0127182
3.165 4.38198 -0.169604 -0.0136021
3.17 4.71864 -0.165461 -0.014484
3.175 5.06213 -0.161138 -0.0153422
3.18 5.41229 -0.156901 -0.0161257
3.185 5.769 -0.153176 -0.0168485
3.19 6.13226 -0.150041 -0.017557
3.195 6.50216 -0.147093 -0.0182658
3.2 6.87885 -0.143927 -0.0190212
3.205 7.26252 -0.140433 -0.0198319
3.21 7.6533 -0.136702 -0.0206809
3.215 8.05129 -0.132898 -0.0215578
3.22 8.45647 -0.129279 -0.0224489
3.225 8.86873 -0.12563 -0.0233613
3.23 9.28788 -0.121922 -0.0242952
3.235 9.7137 -0.118135 -0.0252568
3.24 10.146 -0.11414 -0.0262541
3.245 10.5847 -0.110028 -0.027275
3.25 11.0297 -0.105943 -0.02831
3.255 11.4812 -0.101983 -0.0293579
3.26 11.9394 -0.0980828 -0.0304199
3.265 12.4046 -0.0942726 -0.0314968
3.27 12.877 -0.0906117 -0.0325889
3.275 13.3567 -0.0874204 -0.0336956
3.28 13.8438 -0.0847245 -0.034817
3.285 14.3384 -0.0823202 -0.0359543
3.29 14.8403 -0.0800451 -0.037109
3.295 15.3496 -0.0794111 -0.0382783
3.3 15.8662 -0.0868096 -0.0394483
3.305 16.3901 -0.0919304 -0.0406392
3.31 16.9213 -0.0889008 -0.0418628
3.315 17.4597 -0.0866952 -0.0431014
3.32 18.0054 -0.0843872 -0.044358
3.325 18.5581 -0.0824046 -0.0456317
3.33 19.1177 -0.0837507 -0.0469153
3.335 19.6839 -0.0886831 -0.0482085
3.34 20.2563 0.0223354 -0.0496738
3.345 20.8346 0.1196 -0.0511527
3.35 21.4187 0.0824306 -0.0524576
3.355 22.0082 0.0490036 -0.0537836
3.36 22.603 0.0280862 -0.0551462
3.365 23.2026 0.0150135 -0.0564956
3.37 23.8068 0.00642342 -0.0578609
3.375 24.4149 -0.000113234 -0.0592523
3.38 25.0263 -0.00524447 -0.0606496
3.385 25.6405 -0.00830548 -0.0620564
3.39 26.2566 -0.0102591 -0.063475
3.395 26.874 -0.011473 -0.0649008
3.4 27.4922 -0.0116284 -0.0663301
3.405 28.1106 -0.012012 -0.0677597
3.41 28.7288 -0.0125255 -0.0691886
3.415 29.3462 -0.0121422 -0.0706169
3.42 29.9624 -0.0114849 -0.072043
3.425 30.5771 -0.0108438 -0.0734658
3.43 31.1898 -0.0164238 -0.074883
3.435 31.8002 0.0819749 -0.0763161
3.44 32.4078 0.169299 -0.0777535
3.445 33.0124 0.134987 -0.0791461
3.45 33.6138 0.105554 -0.0805346
3.455 34.2117 0.0861322 -0.0819326
3.46 34.806 0.0728664 -0.0833123
3.465 35.3965 0.0633321 -0.0846808
3.47 35.9831 0.057723 -0.0860288
3.475 36.5655 0.0541831 -0.087365
3.48 37.1436 0.0513323 -0.0886983
3.485 37.7173 0.0492447 -0.0900246
3.49 38.2867 0.0482313 -0.0913423
3.495 38.8518 0.0474351 -0.0926501
3.5 39.4124 0.0468853 -0.0939477
3.505 39.9687 0.0470771 -0.0952359
3.51 40.5206 0.0471855 -0.0965142
3.515 41.0679 0.00841723 -0.0977711
3.52 41.6109 -0.0288925 -0.0990192
3.525 42.1492 -0.0310996 -0.100268
3.53 42.6829 2.0312 -0.103104
