0.1 -7.21296e-32 200 1.77636e-15 7.21296e-32 -200 -1.77636e-15
0.2 2.33737e-31 400 -1.1724e-13 -2.33737e-31 -400 1.1724e-13
0.3 -2.92171e-32 600 -6.21725e-14 2.92171e-32 -600 6.21725e-14
0.4 9.9338e-31 800 -1.56319e-13 -9.9338e-31 -800 1.56319e-13
0.5 -3.50605e-31 1000 3.44613e-13 3.50605e-31 -1000 -3.44613e-13
0.6 7.0121e-31 1200 -3.87246e-13 -7.0121e-31 -1200 3.87246e-13
0.7 -3.50605e-30 1400 -6.18172e-13 3.50605e-30 -1400 6.18172e-13
0.8 9.34946e-31 1600 -5.68434e-13 -9.34946e-31 -1600 5.68434e-13
0.9 2.33737e-30 1800 -5.82645e-13 -2.33737e-30 -1800 5.82645e-13
1 8.87469e-31 2000 -7.10543e-15 -8.87469e-31 -2000 7.10543e-15
0.005 -1.33572e-05 2000 0.00578955 1.33572e-05 -2000 -1.92504e-05
0.01 -6.67949e-05 2000 0.0288921 6.67949e-05 -2000 -3.66564e-05
0.015 -0.000173646 2000 0.0750447 0.000173646 -2000 -2.93973e-05
0.02 -0.000333633 2000 0.144153 0.000333633 -2000 -2.35465e-05
0.025 -0.000546231 2000 0.235991 0.000546231 -2000 -1.89275e-05
0.03 -0.000810821 2000 0.35029 0.000810821 -2000 -1.52227e-05
0.035 -0.00112675 2000 0.486767 0.00112675 -2000 -1.22537e-05
0.04 -0.00149327 2000 0.645102 0.00149327 -2000 -9.87715e-06
0.045 -0.00190934 2000 0.824844 0.00190934 -2000 -7.97785e-06
0.05 -0.00237345 2000 1.02534 0.00237345 -2000 -6.46298e-06
0.055 -0.00288366 2000 1.24575 0.00288366 -2000 -5.25773e-06
0.06 -0.0034378 2000 1.48513 0.0034378 -2000 -4.30177e-06
0.065 -0.00403374 2000 1.74258 0.00403374 -2000 -3.54644e-06
0.07 -0.00466962 2000 2.01728 0.00466962 -2000 -2.95259e-06
0.075 -0.00534351 2000 2.3084 0.00534351 -2000 -2.48868e-06
0.08 -0.00605303 2000 2.61491 0.00605303 -2000 -2.12917e-06
0.085 -0.00679535 2000 2.93559 0.00679535 -2000 -1.85319e-06
0.09 -0.00756754 2000 3.26918 0.00756754 -2000 -1.64378e-06
0.095 -0.00836686 2000 3.61448 0.00836686 -2000 -1.48717e-06
0.1 -0.00919057 2000 3.97033 0.00919057 -2000 -1.37222e-06
0.105 -0.0100355 2000 4.33535 0.0100355 -2000 -1.28979e-06
0.11 -0.0108978 2000 4.70783 0.0108978 -2000 -1.23208e-06
0.115 -0.0117726 2000 5.08577 0.0117726 -2000 -1.19236e-06
0.12 -0.0126554 2000 5.46714 0.0126554 -2000 -1.165e-06
0.125 -0.013541 2000 5.84971 0.013541 -2000 -1.1453e-06
0.13 -0.0144227 2000 6.2306 0.0144227 -2000 -1.12889e-06
0.135 -0.0152932 2000 6.60667 0.0152932 -2000 -1.11177e-06
0.14 -0.0161475 2000 6.97571 0.0161475 -2000 -1.0913e-06
0.145 -0.016983 2000 7.33667 0.016983 -2000 -1.0667e-06
0.15 -0.0177993 2000 7.6893 0.0177993 -2000 -1.03843e-06
0.155 -0.0185956 2000 8.03331 0.0185956 -2000 -1.00716e-06
0.16 -0.0193695 2000 8.36762 0.0193695 -2000 -9.72942e-07
0.165 -0.0201165 2000 8.69033 0.0201165 -2000 -9.35047e-07
0.17 -0.0208317 2000 8.99928 0.0208317 -2000 -8.92522e-07
0.175 -0.0215108 2000 9.29265 0.0215108 -2000 -8.45346e-07
0.18 -0.0221513 2000 9.56935 0.0221513 -2000 -7.93817e-07
0.185 -0.0227533 2000 9.82945 0.0227533 -2000 -7.39311e-07
0.19 -0.0233181 2000 10.0734 0.0233181 -2000 -6.83527e-07
0.195 -0.0238467 2000 10.3018 0.0238467 -2000 -6.27619e-07
0.2 -0.0243412 2000 10.5154 0.0243412 -2000 -5.73012e-07
0.205 -0.0248011 2000 10.7141 0.0248011 -2000 -5.20211e-07
0.21 -0.025218 2000 10.8942 0.025218 -2000 -4.68359e-07
0.215 -0.0255783 2000 11.0498 0.0255783 -2000 -4.15442e-07
0.22 -0.0258702 2000 11.1759 0.0258702 -2000 -3.61245e-07
0.225 -0.0260878 2000 11.2699 0.0260878 -2000 -3.06672e-07
0.23 -0.0262309 2000 11.3317 0.0262309 -2000 -2.54448e-07
0.235 -0.0263052 2000 11.3638 0.0263052 -2000 -2.06973e-07
0.24 -0.026323 2000 11.3715 0.026323 -2000 -1.66934e-07
0.245 -0.0262946 2000 11.3593 0.0262946 -2000 -2.52353e-06
0.25 -0.026221 2000 11.3275 0.026221 -2000 -3.94722e-07
0.255 -0.026087 2000 11.2696 0.026087 -2000 -3.18126e-07
0.26 -0.0258618 2000 11.1723 0.0258618 -2000 -2.6832e-07
0.265 -0.0255043 2000 11.0179 0.0255043 -2000 -2.1557e-07
0.27 -0.0249673 2000 10.7859 0.0249673 -2000 -1.73183e-07
0.275 -0.0242038 2000 10.456 0.0242038 -2000 -1.39103e-07
0.28 -0.0231706 2000 10.0097 0.0231706 -2000 -1.1166e-07
0.285 -0.0218275 2000 9.42948 0.0218275 -2000 -8.953e-08
0.29 -0.0201342 2000 8.69795 0.0201342 -2000 -7.16877e-08
0.295 -0.0180463 2000 7.79601 0.0180463 -2000 -5.73328e-08
0.3 -0.0155171 2000 6.70337 0.0155171 -2000 1.8105e-08
0.305 -0.0125088 2000 5.4038 0.0125088 -2000 4.60284e-08
0.31 -0.00900745 2000 3.89122 0.00900745 -2000 3.7462e-08
0.315 -0.00502505 2000 2.17082 0.00502505 -2000 1.90078e-06
0.32 -0.00060953 2000 0.263156 0.00060953 -2000 0.000160656
0.325 0.00389433 1999.99 -1.68587 -0.00389433 -1999.99 0.00351248
0.33 0.0085633 1999.99 -3.70393 -0.0085633 -1999.99 0.00458736
0.335 0.0135062 1999.99 -5.83829 -0.0135062 -1999.99 0.00361809
0.34 0.0186957 2000 -8.07943 -0.0186957 -2000 0.00290352
0.345 0.024117 2000 -10.4209 -0.024117 -2000 0.00234015
0.35 0.0297713 2000 -12.8631 -0.0297713 -2000 0.0018884
0.355 0.0356667 2000 -15.4095 -0.0356667 -2000 0.00152619
0.36 0.041812 2000 -18.064 -0.041812 -2000 0.00123598
0.365 0.0482188 2000 -20.8315 -0.0482188 -2000 0.00100501
0.37 0.0549102 2000 -23.722 -0.0549102 -2000 0.000820271
0.375 0.0619357 2000 -26.7569 -0.0619357 -2000 0.000671739
0.38 0.0693886 2000 -29.9764 -0.0693886 -2000 0.000553932
0.385 0.0774175 2000 -33.4448 -0.0774175 -2000 0.000461368
0.39 0.0862123 2000 -37.2441 -0.0862123 -2000 0.000390017
0.395 0.0959223 2000 -41.4388 -0.0959223 -2000 0.000336813
0.4 0.106553 2000 -46.0312 -0.106553 -2000 0.000298937
0.405 0.117968 2000 -50.9623 -0.117968 -2000 0.000273318
0.41 0.129972 2000 -56.148 -0.129972 -2000 0.000256802
0.415 0.142376 2000 -61.5065 -0.142376 -2000 0.000246564
0.42 0.155025 2000 -66.9711 -0.155025 -2000 0.000240349
0.425 0.167815 2000 -72.4962 -0.167815 -2000 0.000236562
0.43 0.180695 2000 -78.0606 -0.180695 -2000 0.000234255
0.435 0.19367 2000 -83.6655 -0.19367 -2000 0.000233028
0.44 0.206769 2000 -89.3246 -0.206769 -2000 0.000232833
0.445 0.220023 2000 -95.0504 -0.220023 -2000 0.000233695
0.45 0.233446 2000 -100.849 -0.233446 -2000 0.00023556
0.455 0.247041 2000 -106.722 -0.247041 -2000 0.000238304
0.46 0.260811 2000 -112.671 -0.260811 -2000 0.000241788
0.465 0.274744 2000 -118.689 -0.274744 -2000 0.000245842
0.47 0.288798 2000 -124.761 -0.288798 -2000 0.000250127
0.475 0.302901 2000 -130.853 -0.302901 -2000 0.000254123
0.48 0.316963 2000 -136.928 -0.316963 -2000 0.000257276
0.485 0.330905 2000 -142.951 -0.330905 -2000 0.000259146
0.49 0.344648 2000 -148.888 -0.344648 -2000 0.000259391
0.495 0.358126 2000 -154.711 -0.358126 -2000 0.000257846
0.5 0.371294 2000 -160.399 -0.371294 -2000 0.000254499
0.505 0.384123 2000 -165.941 -0.384123 -2000 0.000249511
0.51 0.396584 2000 -171.325 -0.396584 -2000 0.000243069
0.515 0.408642 2000 -176.534 -0.408642 -2000 0.00023532
0.52 0.420259 2000 -181.552 -0.420259 -2000 0.000226358
0.525 0.431412 2000 -186.37 -0.431412 -2000 0.000216348
0.53 0.442102 2000 -190.988 -0.442102 -2000 0.000205556
0.535 0.452376 2000 -195.427 -0.452376 -2000 0.000194404
0.54 0.462352 2000 -199.736 -0.462352 -2000 0.000183537
0.545 0.472246 2000 -204.01 -0.472246 -2000 0.000173887
0.55 0.482352 2000 -208.376 -0.482352 -2000 0.000166654
0.555 0.492896 2000 -212.931 -0.492896 -2000 0.000162836
0.56 0.503867 2000 -217.671 -0.503867 -2000 0.000162326
0.565 0.51502 2000 -222.489 -0.51502 -2000 0.000163662
0.57 0.526008 2000 -227.236 -0.526008 -2000 0.000164574
0.575 0.536482 2000 -231.76 -0.536482 -2000 0.000163133
0.58 0.54613 2000 -235.928 -0.54613 -2000 0.000158038
0.585 0.554691 2000 -239.627 -0.554691 -2000 0.000148891
0.59 0.561993 2000 -242.781 -0.561993 -2000 0.000136115
0.595 0.568005 2000 -245.378 -0.568005 -2000 0.000120872
0.6 0.572844 2000 -247.469 -0.572844 -2000 0.000104702
0.605 0.576744 2000 -249.153 -0.576744 -2000 8.90209e-05
0.61 0.579995 2000 -250.558 -0.579995 -2000 7.48096e-05
0.615 0.582922 2000 -251.822 -0.582922 -2000 6.2587e-05
0.62 0.585892 2000 -253.105 -0.585892 -2000 5.26069e-05
0.625 0.589338 2000 -254.594 -0.589338 -2000 4.51151e-05
0.63 0.593784 2000 -256.515 -0.593784 -2000 4.06927e-05
0.635 0.599845 2000 -259.133 -0.599845 -2000 4.07159e-05
0.64 0.608167 2000 -262.728 -0.608167 -2000 4.77842e-05
0.645 0.619308 2000 -267.541 -0.619308 -2000 6.58831e-05
0.65 0.633524 2000 -273.683 -0.633524 -2000 9.91637e-05
0.655 0.650609 2000 -281.063 -0.650609 -2000 0.000149231
0.66 0.669899 2000 -289.397 -0.669899 -2000 0.000212475
0.665 0.690439 2000 -298.27 -0.690439 -2000 0.00028019
0.67 0.71119 2000 -307.234 -0.71119 -2000 0.000341347
0.675 0.731243 2000 -315.897 -0.731243 -2000 0.000386556
0.68 0.750049 2000 -324.022 -0.750049 -2000 0.000411555
0.685 0.767577 2000 -331.594 -0.767577 -2000 0.000418554
0.69 0.784243 2000 -338.793 -0.784243 -2000 0.000414354
0.695 0.800706 2000 -345.905 -0.800706 -2000 0.000406766
0.7 0.817704 2000 -353.249 -0.817704 -2000 0.000403013
0.705 0.835949 2000 -361.131 -0.835949 -2000 0.000409231
0.71 0.856061 2000 -369.819 -0.856061 -2000 0.000430676
0.715 0.878584 2000 -379.549 -0.878584 -2000 0.00047248
0.72 0.904011 2000 -390.533 -0.904011 -2000 0.000539959
0.725 0.932704 2000 -402.929 -0.932704 -2000 0.000638378
0.73 0.964813 2000 -416.8 -0.964813 -2000 0.000770945
0.735 1.00026 2000 -432.113 -1.00026 -2000 0.000937316
0.74 1.0388 2000 -448.762 -1.0388 -2000 0.00113336
0.745 1.08004 2000 -466.578 -1.08004 -2000 0.00135156
0.75 1.1234 2000 -485.312 -1.1234 -2000 0.00158048
0.755 1.16811 2000 -504.625 -1.16811 -2000 0.001804
0.76 1.21324 2000 -524.12 -1.21324 -2000 0.00200308
0.765 1.25792 2000 -543.425 -1.25792 -2000 0.00216071
0.77 1.3017 2000 -562.337 -1.3017 -2000 0.00226938
0.775 1.34469 2000 -580.909 -1.34469 -2000 0.00233638
0.78 1.38744 2000 -599.378 -1.38744 -2000 0.00237969
0.785 1.43062 2000 -618.029 -1.43062 -2000 0.00241897
0.79 1.47481 2000 -637.119 -1.47481 -2000 0.00246996
0.795 1.52049 2000 -656.855 -1.52049 -2000 0.00254366
0.8 1.56809 2000 -677.419 -1.56809 -2000 0.00264792
0.805 1.618 2000 -698.98 -1.618 -2000 0.00278945
0.81 1.67052 2000 -721.667 -1.67052 -2000 0.00297339
0.815 1.72567 2000 -745.492 -1.72567 -2000 0.00319925
0.82 1.78315 2000 -770.323 -1.78315 -2000 0.00345722
0.825 1.84246 2000 -795.946 -1.84246 -2000 0.00373042
0.83 1.90302 2000 -822.107 -1.90302 -2000 0.00399979
0.835 1.96423 2000 -848.55 -1.96423 -2000 0.0042472
0.84 2.02575 2000 -875.13 -2.02575 -2000 0.00446184
0.845 2.08783 2000 -901.946 -2.08783 -2000 0.00465032
0.85 2.15112 2000 -929.287 -2.15112 -2000 0.00483615
0.855 2.21646 2000 -957.517 -2.21646 -2000 0.00499008
0.86 2.28469 2000 -986.993 -2.28469 -2000 0.00514643
0.865 2.35631 2000 -1017.93 -2.35631 -2000 0.00538646
0.87 2.43123 2000 -1050.3 -2.43123 -2000 0.00570476
0.875 2.50896 2000 -1083.88 -2.50896 -2000 0.00607815
0.88 2.58894 2000 -1118.43 -2.58894 -2000 0.00647872
0.885 2.67069 2000 -1153.74 -2.67069 -2000 0.00688339
0.89 2.75387 2000 -1189.68 -2.75387 -2000 0.00727703
0.895 2.83852 2000 -1226.25 -2.83852 -2000 0.0076584
0.9 2.92509 2000 -1263.65 -2.92509 -2000 0.00804476
0.905 3.01424 2000 -1302.16 -3.01424 -2000 0.00846419
0.91 3.10658 2000 -1342.05 -3.10658 -2000 0.00894385
0.915 3.20262 2000 -1383.54 -3.20262 -2000 0.0095047
0.92 3.30281 2000 -1426.82 -3.30281 -2000 0.0101619
0.925 3.40752 2000 -1472.06 -3.40752 -2000 0.0109278
0.93 3.51725 2000 -1519.46 -3.51725 -2000 0.0118177
0.935 3.63262 2000 -1569.31 -3.63262 -2000 0.012856
0.94 3.75453 2000 -1621.97 -3.75453 -2000 0.0140812
0.945 3.88406 2000 -1677.93 -3.88406 -2000 0.0155483
0.95 4.02228 2000 -1737.64 -4.02228 -2000 0.0173211
0.955 4.16983 2000 -1801.38 -4.16983 -2000 0.0194459
0.96 4.32641 2000 -1869.03 -4.32641 -2000 0.0219118
0.965 4.49093 2000 -1940.11 -4.49093 -2000 0.0246357
0.97 4.66197 2000 -2014 -4.66197 -2000 0.0274927
0.975 4.83819 2000 -2090.13 -4.83819 -2000 0.0303611
0.98 5.01847 2000 -2168.01 -5.01847 -2000 0.0331464
0.985 5.20217 2000 -2247.37 -5.20217 -2000 0.0357985
0.99 5.38945 2000 -2328.28 -5.38945 -2000 0.0383418
0.995 5.58115 2000 -2411.1 -5.58115 -2000 0.0408759
1 5.77835 1999.99 -2496.29 -5.77835 -1999.99 0.0435316
1.005 5.98198 1999.99 -2584.26 -5.98198 -1999.99 0.0464242
1.01 6.19249 1999.99 -2675.2 -6.19249 -1999.99 0.0496178
1.015 6.40976 1999.99 -2769.07 -6.40976 -1999.99 0.0531066
1.02 6.63336 1999.99 -2865.67 -6.63336 -1999.99 0.0568325
1.025 6.86277 1999.99 -2964.78 -6.86277 -1999.99 0.0607242
1.03 7.09757 1999.99 -3066.21 -7.09757 -1999.99 0.0647243
1.035 7.33741 1999.99 -3169.83 -7.33741 -1999.99 0.0687944
1.04 7.58198 1999.99 -3275.49 -7.58198 -1999.99 0.0729053
1.045 7.83088 1999.99 -3383.02 -7.83088 -1999.99 0.0770239
1.05 8.08363 1999.99 -3492.21 -8.08363 -1999.99 0.0811075
1.055 8.33978 1999.99 -3602.87 -8.33978 -1999.99 0.0851127
1.06 8.59911 1999.99 -3714.9 -8.59911 -1999.99 0.0890225
1.065 8.86186 1999.99 -3828.42 -8.86186 -1999.99 0.0928829
1.07 9.12878 1999.99 -3943.73 -9.12878 -1999.99 0.0968161
1.075 9.40098 1999.99 -4061.32 -9.40098 -1999.99 0.100999
1.08 9.67948 1999.99 -4181.64 -9.67948 -1999.99 0.10561
1.085 9.96465 1999.99 -4304.84 -9.96465 -1999.99 0.110727
1.09 10.2557 1999.99 -4430.57 -10.2557 -1999.99 0.116234
1.095 10.5509 1999.99 -4558.1 -10.5509 -1999.99 0.121829
1.1 10.848 1999.99 -4686.47 -10.848 -1999.99 0.127122
1.105 11.1449 1999.99 -4814.74 -11.1449 -1999.99 0.131741
1.11 11.4397 1999.99 -4942.07 -11.4397 -1999.99 0.135404
1.115 11.7306 1999.99 -5067.75 -11.7306 -1999.99 0.137938
1.12 12.0167 1999.99 -5191.34 -12.0167 -1999.99 0.139299
1.125 12.2974 1999.99 -5312.62 -12.2974 -1999.99 0.139571
1.13 12.5729 1999.99 -5431.63 -12.5729 -1999.99 0.138944
1.135 12.8436 1999.99 -5548.59 -12.8436 -1999.99 0.137657
1.14 13.1104 1999.99 -5663.82 -13.1104 -1999.99 0.135993
1.145 13.3741 1999.99 -5777.73 -13.3741 -1999.99 0.134216
1.15 13.6357 1999.99 -5890.77 -13.6357 -1999.99 0.132501
1.155 13.8964 1999.99 -6003.38 -13.8964 -1999.99 0.130993
1.16 14.1569 1999.99 -6115.93 -14.1569 -1999.99 0.129818
1.165 14.418 1999.99 -6228.69 -14.418 -1999.99 0.129042
1.17 14.6801 1999.99 -6341.93 -14.6801 -1999.99 0.128696
1.175 14.9439 1999.99 -6455.9 -14.9439 -1999.99 0.128809
1.18 15.2101 1999.99 -6570.88 -15.2101 -1999.99 0.129411
1.185 15.4792 1999.99 -6687.13 -15.4792 -1999.99 0.1305
1.19 15.7519 1999.99 -6804.95 -15.7519 -1999.99 0.132085
1.195 16.029 1999.99 -6924.65 -16.029 -1999.99 0.134247
1.2 16.3111 1999.99 -7046.53 -16.3111 -1999.99 0.137072
1.205 16.5989 1999.99 -7170.85 -16.5989 -1999.99 0.140589
1.21 16.8923 1999.99 -7297.6 -16.8923 -1999.99 0.144737
1.215 17.1905 1999.99 -7426.45 -17.1905 -1999.99 0.149315
1.22 17.4923 1999.99 -7556.81 -17.4923 -1999.99 0.153997
1.225 17.7959 1999.99 -7687.99 -17.7959 -1999.99 0.158424
1.23 18.0998 1999.99 -7819.26 -18.0998 -1999.99 0.16226
1.235 18.4022 1999.99 -7949.92 -18.4022 -1999.99 0.165241
1.24 18.702 1999.99 -8079.44 -18.702 -1999.99 0.16721
1.245 18.9988 1999.99 -8207.63 -18.9988 -1999.99 0.168186
1.25 19.2929 1999.99 -8334.7 -19.2929 -1999.99 0.16839
1.255 19.5854 1999.99 -8461.06 -19.5854 -1999.99 0.168161
1.26 19.8769 1999.99 -8586.97 -19.8769 -1999.99 0.167886
1.265 20.1669 1999.99 -8712.26 -20.1669 -1999.99 0.167566
1.27 20.4542 1999.99 -8836.36 -20.4542 -1999.99 0.166859
1.275 20.7371 1999.99 -8958.6 -20.7371 -1999.99 0.165509
1.28 21.0148 1999.99 -9078.56 -21.0148 -1999.99 0.163375
1.285 21.2874 1999.99 -9196.34 -21.2874 -1999.99 0.160572
1.29 21.5563 1999.99 -9312.5 -21.5563 -1999.99 0.157448
1.295 21.8233 1999.99 -9427.84 -21.8233 -1999.99 0.154427
1.3 22.0902 1999.99 -9543.1 -22.0902 -1999.99 0.151864
1.305 22.3578 1999.99 -9658.72 -22.3578 -1999.99 0.149944
1.31 22.6261 1999.99 -9774.64 -22.6261 -1999.99 0.148608
1.315 22.894 1999.99 -9890.34 -22.894 -1999.99 0.147566
1.32 23.1568 2000 -10004.3 -23.1568 -2000 0.533255
1.325 23.416 2000.01 -10116.5 -23.416 -2000.01 0.736827
1.33 23.6718 2000 -10226.8 -23.6718 -2000 0.616168
1.335 23.9221 2000 -10334.9 -23.9221 -2000 0.563972
1.34 24.1655 2000.01 -10440.3 -24.1655 -2000.01 0.746864
1.345 24.4071 2000 -10544.5 -24.4071 -2000 0.623885
1.35 24.6472 2000 -10648.1 -24.6472 -2000 0.524731
1.355 24.8872 2000 -10751.7 -24.8872 -2000 0.446278
1.36 25.128 2000 -10855.7 -25.128 -2000 0.38339
1.365 25.3627 2000.03 -10958 -25.3627 -2000.03 1.30016
1.37 25.5938 2000.06 -11058.6 -25.5938 -2000.06 2.12497
1.375 25.8291 2000.04 -11159.9 -25.8291 -2000.04 1.72642
1.38 26.0643 2000.03 -11261.2 -26.0643 -2000.03 1.41159
1.385 26.3002 2000.03 -11362.8 -26.3002 -2000.03 1.16297
1.39 26.5374 2000.02 -11465.1 -26.5374 -2000.02 0.963557
1.395 26.7759 2000.01 -11568 -26.7759 -2000.01 0.803732
1.4 27.0152 2000.01 -11671.3 -27.0152 -2000.01 0.675624
1.405 27.2545 2000 -11774.5 -27.2545 -2000 0.572817
1.41 27.493 2000 -11877.5 -27.493 -2000 0.490146
1.415 27.7306 2000 -11980 -27.7306 -2000 0.423548
1.42 27.9596 2000.05 -12079.7 -27.9596 -2000.05 1.11229
1.425 28.1757 2000.14 -12175.2 -28.1757 -2000.14 3.25565
1.43 28.3992 2000.15 -12272.1 -28.3992 -2000.15 3.6645
1.435 28.63 2000.12 -12371.1 -28.63 -2000.12 2.96131
1.44 28.8653 2000.09 -12472.2 -28.8653 -2000.09 2.40748
1.445 29.0985 2000.13 -12573.3 -29.0985 -2000.13 2.71259
1.45 29.3404 2000.14 -12677.7 -29.3404 -2000.14 2.63171
1.455 29.5918 2000.11 -12785.8 -29.5918 -2000.11 2.15664
1.46 29.8505 2000.08 -12897.2 -29.8505 -2000.08 1.77777
1.465 30.1154 2000.06 -13011.3 -30.1154 -2000.06 1.47593
1.47 30.3854 2000.05 -13127.7 -30.3854 -2000.05 1.2356
1.475 30.6407 2000.18 -13239.5 -30.6407 -2000.18 2.66629
1.48 30.8824 2000.3 -13345.4 -30.8824 -2000.3 4.22706
1.485 31.1251 2000.28 -13450.4 -31.1251 -2000.28 4.37816
1.49 31.3725 2000.22 -13556.5 -31.3725 -2000.22 3.55804
1.495 31.6209 2000.17 -13663.1 -31.6209 -2000.17 2.91246
1.5 31.8705 2000.14 -13770.4 -31.8705 -2000.14 2.39646
1.505 32.1214 2000.11 -13878.4 -32.1214 -2000.11 1.98275
1.51 32.3738 2000.08 -13987.1 -32.3738 -2000.08 1.65127
1.515 32.6276 2000.06 -14096.5 -32.6276 -2000.06 1.38586
1.52 32.8833 2000.05 -14206.8 -32.8833 -2000.05 1.17369
1.525 33.1419 2000.03 -14318.3 -33.1419 -2000.03 1.00466
1.53 33.4042 2000.02 -14431.5 -33.4042 -2000.02 0.870799
1.535 33.6714 2000.01 -14546.8 -33.6714 -2000.01 0.765756
1.54 33.9275 2000.16 -14658.7 -33.9275 -2000.16 2.0559
1.545 34.1725 2000.31 -14766.3 -34.1725 -2000.31 3.71503
1.55 34.4246 2000.27 -14875.2 -34.4246 -2000.27 3.78383
1.555 34.6835 2000.21 -14986.4 -34.6835 -2000.21 3.11604
1.56 34.9453 2000.17 -15098.9 -34.9453 -2000.17 2.58218
1.565 35.2088 2000.13 -15212.4 -35.2088 -2000.13 2.15513
1.57 35.4733 2000.1 -15326.3 -35.4733 -2000.1 1.81328
1.575 35.738 2000.08 -15440.4 -35.738 -2000.08 1.53947
1.58 36.0032 2000.06 -15554.7 -36.0032 -2000.06 1.32025
1.585 36.2692 2000.04 -15669.4 -36.2692 -2000.04 1.14508
1.59 36.5366 2000.03 -15784.8 -36.5366 -2000.03 1.00567
1.595 36.8059 2000.02 -15901 -36.8059 -2000.02 0.89536
1.6 37.0774 2000.01 -16018.3 -37.0774 -2000.01 0.808766
1.605 37.3443 2000.08 -16134 -37.3443 -2000.08 1.30491
1.61 37.5959 2000.22 -16243.7 -37.5959 -2000.22 2.2401
1.615 37.8539 2000.17 -16354.8 -37.8539 -2000.17 1.88892
1.62 38.1136 2000.13 -16466.8 -38.1136 -2000.13 1.72767
1.625 38.3715 2000.13 -16578.4 -38.3715 -2000.13 1.9512
1.63 38.63 2000.12 -16690.3 -38.63 -2000.12 2.0909
1.635 38.8898 2000.1 -16802.5 -38.8898 -2000.1 2.11003
1.64 39.1509 2000.09 -16915.2 -39.1509 -2000.09 1.99206
1.645 39.4116 2000.08 -17027.9 -39.4116 -2000.08 2.04184
1.65 39.6755 2000.06 -17141.6 -39.6755 -2000.06 1.7493
1.655 39.9395 2000.06 -17255.7 -39.9395 -2000.06 1.82313
1.66 40.1931 2000.12 -17366.4 -40.1931 -2000.12 3.04156
1.665 40.4538 2000.09 -17478.6 -40.4538 -2000.09 2.56845
1.67 40.7163 2000.06 -17591.6 -40.7163 -2000.06 2.19184
1.675 40.9802 2000.04 -17705.4 -40.9802 -2000.04 1.8923
1.68 41.2417 2000.08 -17818.3 -41.2417 -2000.08 1.85529
1.685 41.4903 2000.18 -17926 -41.4903 -2000.18 2.14553
1.69 41.7228 2000.28 -18028.8 -41.7228 -2000.28 4.51243
1.695 41.9568 2000.3 -18130.6 -41.9568 -2000.3 5.26611
1.7 42.1882 2000.27 -18230.3 -42.1882 -2000.27 5.06477
1.705 42.4132 2000.25 -18327.4 -42.4132 -2000.25 4.91309
1.71 42.636 2000.2 -18422.8 -42.636 -2000.2 4.08159
1.715 42.854 2000.15 -18516.3 -42.854 -2000.15 3.41003
1.72 43.0492 2000.28 -18603 -43.0492 -2000.28 5.709
1.725 43.2418 2000.32 -18686.9 -43.2418 -2000.32 6.44708
1.73 43.4354 2000.25 -18769.4 -43.4354 -2000.25 5.28602
1.735 43.6245 2000.2 -18850.2 -43.6245 -2000.2 4.36481
1.74 43.8096 2000.15 -18929.4 -43.8096 -2000.15 3.63382
1.745 43.991 2000.12 -19007.2 -43.991 -2000.12 3.0435
1.75 44.1578 2000.2 -19080.5 -44.1578 -2000.2 4.37101
1.755 44.3181 2000.25 -19150.6 -44.3181 -2000.25 5.23246
1.76 44.4814 2000.2 -19220.3 -44.4814 -2000.2 4.3375
1.765 44.6437 2000.16 -19289.7 -44.6437 -2000.16 3.61939
1.77 44.8064 2000.12 -19359.4 -44.8064 -2000.12 3.04498
1.775 44.9656 2000.14 -19428.5 -44.9656 -2000.14 3.35538
1.78 45.1231 2000.18 -19497.1 -45.1231 -2000.18 3.93003
1.785 45.2704 2000.25 -19561.8 -45.2704 -2000.25 5.02909
1.79 45.4251 2000.19 -19627.9 -45.4251 -2000.19 4.24182
1.795 45.5827 2000.15 -19695.3 -45.5827 -2000.15 3.61889
1.8 45.7437 2000.12 -19764.4 -45.7437 -2000.12 3.13359
1.805 45.9083 2000.09 -19835.2 -45.9083 -2000.09 2.76114
1.81 46.066 2000.23 -19904 -46.066 -2000.23 3.54952
1.815 46.2198 2000.34 -19971 -46.2198 -2000.34 4.05911
1.82 46.3779 2000.27 -20038.8 -46.3779 -2000.27 3.58566
1.825 46.5375 2000.23 -20107.3 -46.5375 -2000.23 3.14626
1.83 46.6962 2000.21 -20175.5 -46.6962 -2000.21 2.7524
1.835 46.8467 2000.24 -20241.6 -46.8467 -2000.24 3.79634
1.84 46.9901 2000.27 -20304.6 -46.9901 -2000.27 4.80655
1.845 47.135 2000.22 -20366.6 -47.135 -2000.22 4.2868
1.85 47.277 2000.19 -20427.4 -47.277 -2000.19 3.76278
1.855 47.4151 2000.17 -20486.6 -47.4151 -2000.17 3.29264
1.86 47.5484 2000.15 -20544.2 -47.5484 -2000.15 3.31661
1.865 47.6778 2000.13 -20600.2 -47.6778 -2000.13 3.40971
1.87 47.8057 2000.11 -20655.2 -47.8057 -2000.11 3.12297
1.875 47.9318 2000.09 -20709.1 -47.9318 -2000.09 2.60332
1.88 48.0543 2000.07 -20762 -48.0543 -2000.07 2.56058
1.885 48.1747 2000.05 -20814 -48.1747 -2000.05 2.53559
1.89 48.2923 2000.11 -20864.2 -48.2923 -2000.11 1.92638
1.895 48.4041 2000.18 -20911.9 -48.4041 -2000.18 1.34265
1.9 48.5109 2000.14 -20958.2 -48.5109 -2000.14 1.55011
1.905 48.6161 2000.1 -21003.9 -48.6161 -2000.1 1.7296
1.91 48.7191 2000.08 -21048.6 -48.7191 -2000.08 2.00926
1.915 48.8193 2000.07 -21092.3 -48.8193 -2000.07 2.35166
1.92 48.9183 2000.05 -21135.1 -48.9183 -2000.05 2.43342
1.925 49.0155 2000.04 -21177.2 -49.0155 -2000.04 2.51937
1.93 49.1104 2000.02 -21218.3 -49.1104 -2000.02 2.60705
1.935 49.2028 2000.01 -21258.3 -49.2028 -2000.01 2.694
1.94 49.2924 2000 -21297.1 -49.2924 -2000 2.77835
1.945 49.3791 1999.99 -21334.7 -49.3791 -1999.99 2.8595
1.95 49.463 1999.99 -21370.9 -49.463 -1999.99 2.93865
1.955 49.544 1999.98 -21406 -49.544 -1999.98 3.01862
1.96 49.6183 2000.03 -21438.9 -49.6183 -2000.03 3.81622
1.965 49.6879 2000.06 -21469.6 -49.6879 -2000.06 4.44166
1.97 49.7444 2000.03 -21496 -49.7444 -2000.03 6.38397
1.975 49.7922 2000 -21518.2 -49.7922 -2000 8.02199
1.98 49.8444 1999.99 -21539.8 -49.8444 -1999.99 7.04556
1.985 49.8937 1999.99 -21560.4 -49.8937 -1999.99 6.27397
1.99 49.9403 1999.98 -21579.9 -49.9403 -1999.98 5.66639
1.995 49.9843 1999.98 -21598.4 -49.9843 -1999.98 5.19435
2 50.0259 1999.97 -21616 -50.0259 -1999.97 4.83613
2.005 50.0651 1999.97 -21632.7 -50.0651 -1999.97 4.57347
2.01 50.1018 1999.97 -21648.4 -50.1018 -1999.97 4.3897
2.015 50.1359 1999.97 -21663 -50.1359 -1999.97 4.26919
2.02 50.1673 1999.96 -21676.5 -50.1673 -1999.96 4.19802
2.025 50.197 2000 -21688.8 -50.197 -2000 3.68546
2.03 50.2206 2000.05 -21699.2 -50.2206 -2000.05 3.88008
2.035 50.2367 2000.07 -21706.9 -50.2367 -2000.07 4.64583
2.04 50.2513 2000.04 -21713.2 -50.2513 -2000.04 4.65004
2.045 50.2578 2000.01 -21717 -50.2578 -2000.01 5.67881
2.05 50.2225 1999.82 -21707.8 -50.2225 -1999.82 11.7031
2.055 50.1999 1999.75 -21698.1 -50.1999 -1999.75 11.7416
2.06 50.1805 1999.78 -21687.8 -50.1805 -1999.78 9.87504
2.065 50.1405 1999.73 -21672 -50.1405 -1999.73 11.3139
2.07 50.0965 1999.75 -21653 -50.0965 -1999.75 11.2562
2.075 50.0575 1999.83 -21633.6 -50.0575 -1999.83 8.81552
2.08 50.0147 1999.85 -21613.8 -50.0147 -1999.85 7.4167
2.085 49.9709 1999.87 -21593.7 -49.9709 -1999.87 6.2883
2.09 49.9265 1999.88 -21573.6 -49.9265 -1999.88 5.37273
2.095 49.8818 1999.88 -21553.6 -49.8818 -1999.88 4.65277
2.1 49.8362 1999.87 -21533.4 -49.8362 -1999.87 4.14995
2.105 49.7913 1999.88 -21513.5 -49.7913 -1999.88 3.62879
2.11 49.7464 1999.89 -21493.6 -49.7464 -1999.89 3.19852
2.115 49.7015 1999.9 -21473.9 -49.7015 -1999.9 2.84263
2.12 49.6566 1999.91 -21454.2 -49.6566 -1999.91 2.54806
2.125 49.6115 1999.92 -21434.5 -49.6115 -1999.92 2.3047
2.13 49.5661 1999.92 -21414.7 -49.5661 -1999.92 2.10493
2.135 49.5202 1999.93 -21394.7 -49.5202 -1999.93 1.94285
2.14 49.4728 1999.92 -21374.2 -49.4728 -1999.92 1.92873
2.145 49.4123 1999.88 -21349.1 -49.4123 -1999.88 3.03458
2.15 49.3553 1999.9 -21324 -49.3553 -1999.9 2.53464
2.155 49.2977 1999.91 -21298.7 -49.2977 -1999.91 2.13486
2.16 49.2391 1999.92 -21273.1 -49.2391 -1999.92 1.81577
2.165 49.1792 1999.93 -21247 -49.1792 -1999.93 1.5626
2.17 49.1178 1999.94 -21220.2 -49.1178 -1999.94 1.36356
2.175 49.0545 1999.94 -21192.8 -49.0545 -1999.94 1.21404
2.18 48.9892 1999.95 -21164.4 -48.9892 -1999.95 1.09957
2.185 48.9215 1999.95 -21135.1 -48.9215 -1999.95 1.01212
2.19 48.8493 2000.01 -21104.2 -48.8493 -2000.01 1.3157
2.195 48.7744 2000.04 -21072 -48.7744 -2000.04 1.4192
2.2 48.6978 2000.02 -21038.7 -48.6978 -2000.02 1.28868
2.205 48.6201 2000 -21005.1 -48.6201 -2000 1.18926
2.21 48.5426 1999.99 -20971.5 -48.5426 -1999.99 1.11088
2.215 48.4663 1999.98 -20938.5 -48.4663 -1999.98 1.04496
2.22 48.3922 1999.98 -20906.4 -48.3922 -1999.98 0.985104
2.225 48.3212 1999.97 -20875.7 -48.3212 -1999.97 0.927142
2.23 48.2536 1999.97 -20846.4 -48.2536 -1999.97 0.868761
2.235 48.1899 1999.97 -20818.9 -48.1899 -1999.97 0.809186
2.24 48.1301 1999.97 -20793 -48.1301 -1999.97 0.748852
2.245 48.074 1999.97 -20768.7 -48.074 -1999.97 0.688826
2.25 48.0215 1999.97 -20745.9 -48.0215 -1999.97 0.63015
2.255 47.9724 1999.97 -20724.7 -47.9724 -1999.97 0.573455
2.26 47.927 1999.97 -20705 -47.927 -1999.97 0.518933
2.265 47.8852 1999.97 -20686.9 -47.8852 -1999.97 0.466575
2.27 47.8471 1999.98 -20670.4 -47.8471 -1999.98 0.416482
2.275 47.8126 1999.98 -20655.4 -47.8126 -1999.98 0.369039
2.28 47.7812 1999.98 -20641.8 -47.7812 -1999.98 0.324848
2.285 47.7526 1999.98 -20629.4 -47.7526 -1999.98 0.284517
2.29 47.7263 1999.98 -20618 -47.7263 -1999.98 0.248417
2.295 47.7019 1999.99 -20607.4 -47.7019 -1999.99 0.216562
2.3 47.6791 1999.99 -20597.6 -47.6791 -1999.99 0.188662
2.305 47.658 1999.99 -20588.4 -47.658 -1999.99 0.164294
2.31 47.6382 1999.99 -20579.9 -47.6382 -1999.99 0.14307
2.315 47.6196 1999.99 -20571.8 -47.6196 -1999.99 0.125198
2.32 47.6016 1999.99 -20564 -47.6016 -1999.99 0.109831
2.325 47.5848 2000 -20556.5 -47.5848 -2000 -0.0833024
2.33 47.5684 2000.02 -20549.3 -47.5684 -2000.02 -0.277512
2.335 47.5516 2000.01 -20542.1 -47.5516 -2000.01 -0.215726
2.34 47.5355 2000.01 -20535.2 -47.5355 -2000.01 -0.166504
2.345 47.5205 2000.01 -20528.7 -47.5205 -2000.01 -0.127855
2.35 47.5074 2000.01 -20523.1 -47.5074 -2000.01 -0.0979657
2.355 47.497 2000 -20518.6 -47.497 -2000 -0.0752631
2.36 47.4899 2000 -20515.6 -47.4899 -2000 -0.0584581
2.365 47.4868 2000 -20514.2 -47.4868 -2000 -0.0463045
2.37 47.4791 1999.98 -20512.4 -47.4791 -1999.98 1.42732
2.375 47.4611 1999.95 -20506.2 -47.4611 -1999.95 2.96244
2.38 47.4387 1999.96 -20495.9 -47.4387 -1999.96 2.3746
2.385 47.4046 1999.97 -20480.6 -47.4046 -1999.97 1.8026
2.39 47.3589 1999.97 -20460.3 -47.3589 -1999.97 1.29592
2.395 47.3021 1999.98 -20435.5 -47.3021 -1999.98 0.950252
2.4 47.2361 1999.98 -20406.6 -47.2361 -1999.98 0.617358
2.405 47.1624 1999.97 -20374.5 -47.1624 -1999.97 0.288433
2.41 47.0829 1999.97 -20339.8 -47.0829 -1999.97 -0.03662
2.415 46.9991 1999.96 -20303.2 -46.9991 -1999.96 -0.351121
2.42 46.9124 1999.96 -20265.5 -46.9124 -1999.96 -0.644625
2.425 46.8241 1999.95 -20227.1 -46.8241 -1999.95 -0.905118
2.43 46.7349 1999.95 -20188.4 -46.7349 -1999.95 -1.12659
2.435 46.645 1999.95 -20149.3 -46.645 -1999.95 -1.30824
2.44 46.5543 1999.94 -20110 -46.5543 -1999.94 -1.45422
2.445 46.4623 1999.94 -20070.1 -46.4623 -1999.94 -1.57069
2.45 46.3684 1999.94 -20029.5 -46.3684 -1999.94 -1.66397
2.455 46.2723 1999.94 -19987.8 -46.2723 -1999.94 -1.78257
2.46 46.1729 1999.95 -19944.8 -46.1729 -1999.95 -1.90845
2.465 46.0655 2000.06 -19899.2 -46.0655 -2000.06 -1.07278
2.47 45.9546 2000.1 -19851.7 -45.9546 -2000.1 -0.697675
2.475 45.8411 2000.07 -19802.5 -45.8411 -2000.07 -0.909385
2.48 45.7241 2000.05 -19751.7 -45.7241 -2000.05 -1.07222
2.485 45.6035 2000.03 -19699.5 -45.6035 -2000.03 -1.1948
2.49 45.4797 2000.01 -19646 -45.4797 -2000.01 -1.28124
2.495 45.3537 1999.99 -19591.3 -45.3537 -1999.99 -1.43101
2.5 45.2265 1999.99 -19535.8 -45.2265 -1999.99 -2.07305
2.505 45.0971 1999.99 -19479.7 -45.0971 -1999.99 -2.26486
2.51 44.9661 1999.98 -19423.3 -44.9661 -1999.98 -2.06253
2.515 44.8355 1999.98 -19367.1 -44.8355 -1999.98 -1.8788
2.52 44.7051 2000.01 -19310.6 -44.7051 -2000.01 -2.00845
2.525 44.5744 2000.03 -19254.2 -44.5744 -2000.03 -1.97612
2.53 44.444 2000.02 -19198 -44.444 -2000.02 -1.74896
2.535 44.315 2000.01 -19142.5 -44.315 -2000.01 -1.54875
2.54 44.188 2000 -19087.8 -44.188 -2000 -1.37282
2.545 44.0635 2000 -19034.2 -44.0635 -2000 -1.21585
2.55 43.9423 1999.99 -18982 -43.9423 -1999.99 -1.07521
2.555 43.8248 1999.99 -18931.3 -43.8248 -1999.99 -0.948956
2.56 43.7112 1999.99 -18882.4 -43.7112 -1999.99 -0.835712
2.565 43.6018 1999.99 -18835.2 -43.6018 -1999.99 -0.733734
2.57 43.4963 1999.99 -18789.8 -43.4963 -1999.99 -0.643196
2.575 43.3945 1999.99 -18745.9 -43.3945 -1999.99 -0.563841
2.58 43.2962 1999.99 -18703.5 -43.2962 -1999.99 -0.494034
2.585 43.2013 1999.99 -18662.5 -43.2013 -1999.99 -0.432561
2.59 43.1097 1999.99 -18623 -43.1097 -1999.99 -0.378654
2.595 43.0219 1999.99 -18585.1 -43.0219 -1999.99 -0.331677
2.6 42.9382 1999.99 -18549 -42.9382 -1999.99 -0.290212
2.605 42.859 1999.99 -18514.8 -42.859 -1999.99 -0.253448
2.61 42.7846 1999.99 -18482.7 -42.7846 -1999.99 -0.220768
2.615 42.7099 2000.09 -18451.3 -42.7099 -2000.09 0.63729
2.62 42.6403 2000.12 -18421.5 -42.6403 -2000.12 0.926208
2.625 42.5755 2000.09 -18393.4 -42.5755 -2000.09 0.735177
2.63 42.5144 2000.07 -18366.8 -42.5144 -2000.07 0.583
2.635 42.4562 2000.06 -18341.6 -42.4562 -2000.06 0.461716
2.64 42.4007 2000.05 -18317.5 -42.4007 -2000.05 0.365068
2.645 42.3473 2000.04 -18294.3 -42.3473 -2000.04 0.288057
2.65 42.2959 2000.03 -18272 -42.2959 -2000.03 0.22671
2.655 42.2463 2000.02 -18250.6 -42.2463 -2000.02 0.177878
2.66 42.1987 2000.02 -18230 -42.1987 -2000.02 0.139069
2.665 42.1533 2000.02 -18210.4 -42.1533 -2000.02 0.108307
2.67 42.1105 2000.01 -18191.8 -42.1105 -2000.01 0.0840092
2.675 42.0705 2000.01 -18174.5 -42.0705 -2000.01 0.0649104
2.68 42.0339 2000.01 -18158.7 -42.0339 -2000.01 0.049999
2.685 42.0015 2000.01 -18144.7 -42.0015 -2000.01 0.038466
2.69 41.9739 2000 -18132.8 -41.9739 -2000 0.0295894
2.695 41.9519 2000 -18123.2 -41.9519 -2000 0.0228404
2.7 41.9358 2000 -18116.3 -41.9358 -2000 0.0178137
2.705 41.9257 2000 -18111.9 -41.9257 -2000 0.0140676
2.71 41.9214 2000 -18110.1 -41.9214 -2000 0.0112314
2.715 41.9226 2000 -18110.5 -41.9226 -2000 -0.0645868
2.72 41.9297 1999.99 -18113.4 -41.9297 -1999.99 -0.206543
2.725 41.9404 1999.99 -18118.1 -41.9404 -1999.99 -0.165636
2.73 41.9533 2000 -18123.7 -41.9533 -2000 -0.132279
2.735 41.9667 2000 -18129.5 -41.9667 -2000 -0.104982
2.74 41.9791 2000 -18134.9 -41.9791 -2000 -0.0828451
2.745 41.9894 2000 -18139.4 -41.9894 -2000 -0.0652487
2.75 41.9969 2000 -18142.6 -41.9969 -2000 -0.0515614
2.755 42.0012 2000 -18144.5 -42.0012 -2000 -0.0410315
2.76 42.0027 2000 -18145.1 -42.0027 -2000 -0.0328692
2.765 42.0016 2000 -18144.6 -42.0016 -2000 -0.0253732
2.77 41.9982 2000 -18143.2 -41.9982 -2000 -0.0199463
2.775 41.9923 2000 -18140.7 -41.9923 -2000 -0.0197097
2.78 41.9837 2000 -18136.9 -41.9837 -2000 -0.0270281
2.785 41.9717 2000 -18131.7 -41.9717 -2000 -0.0490751
2.79 41.956 2000 -18124.9 -41.956 -2000 -0.096148
2.795 41.9367 1999.99 -18116.5 -41.9367 -1999.99 -0.175879
2.8 41.9141 1999.98 -18106.6 -41.9141 -1999.98 -0.307546
2.805 41.8886 1999.97 -18095.4 -41.8886 -1999.97 -0.456024
2.81 41.8607 1999.97 -18083.2 -41.8607 -1999.97 -0.591454
2.815 41.8309 1999.97 -18070.2 -41.8309 -1999.97 -0.704024
2.82 41.7992 1999.97 -18056.5 -41.7992 -1999.97 -0.780793
2.825 41.7657 1999.97 -18042 -41.7657 -1999.97 -0.822124
2.83 41.7298 1999.97 -18026.4 -41.7298 -1999.97 -0.837201
2.835 41.6905 1999.97 -18009.4 -41.6905 -1999.97 -0.836601
2.84 41.6464 1999.97 -17990.4 -41.6464 -1999.97 -0.829489
2.845 41.5965 1999.97 -17968.9 -41.5965 -1999.97 -0.821344
2.85 41.5394 1999.97 -17944.2 -41.5394 -1999.97 -0.813592
2.855 41.4742 1999.97 -17916.1 -41.4742 -1999.97 -0.804925
2.86 41.4002 1999.98 -17884.1 -41.4002 -1999.98 -0.793042
2.865 41.3172 1999.95 -17848.1 -41.3172 -1999.95 -0.915363
2.87 41.2236 1999.94 -17807.6 -41.2236 -1999.94 -0.964602
2.875 41.1182 1999.95 -17762.2 -41.1182 -1999.95 -0.892702
2.88 41 1999.96 -17711.2 -41 -1999.96 -0.828127
2.885 40.8679 1999.96 -17654.1 -40.8679 -1999.96 -0.765975
2.89 40.721 1999.97 -17590.8 -40.721 -1999.97 -0.70255
2.895 40.5584 1999.97 -17520.6 -40.5584 -1999.97 -0.640684
2.9 40.3794 1999.97 -17443.3 -40.3794 -1999.97 -0.582861
2.905 40.178 2000.05 -17357.1 -40.178 -2000.05 0.2511
2.91 39.9484 2000.16 -17259.2 -39.9484 -2000.16 1.46154
2.915 39.7011 2000.12 -17152 -39.7011 -2000.12 1.14608
2.92 39.4338 2000.09 -17036.3 -39.4338 -2000.09 0.890981
2.925 39.147 2000.06 -16912.1 -39.147 -2000.06 0.635058
2.93 38.8417 2000.03 -16780 -38.8417 -2000.03 0.352906
2.935 38.5162 2000.08 -16638 -38.5162 -2000.08 -1.00352
2.94 38.1655 2000.12 -16486.2 -38.1655 -2000.12 -1.33555
2.945 37.7872 2000.15 -16323.6 -37.7872 -2000.15 -0.455853
2.95 37.3902 2000.1 -16152.1 -37.3902 -2000.1 -0.44071
2.955 36.9735 2000.06 -15972.1 -36.9735 -2000.06 -0.438521
2.96 36.5403 1999.98 -15784.5 -36.5403 -1999.98 -0.882855
2.965 36.0883 1999.93 -15589.2 -36.0883 -1999.93 -0.944585
2.97 35.6046 2000.01 -15381.5 -35.6046 -2000.01 0.297495
2.975 35.1053 1999.92 -15165 -35.1053 -1999.92 -0.485814
2.98 34.5165 2000.63 -14920.8 -34.5165 -2000.63 9.6613
2.985 33.9034 2000.96 -14659.9 -33.9034 -2000.96 13.6777
2.99 33.1601 2001.92 -14349 -33.1601 -2001.92 23.8108
2.995 32.3639 2002.29 -14011 -32.3639 -2002.29 29.7853
3 31.3803 2002.98 -13598.6 -31.3803 -2002.98 42.3515
3.005 30.3072 2003.26 -13141.8 -30.3072 -2003.26 49.0573
3.01 29.0893 2003.8 -12619.8 -29.0893 -2003.8 53.2213
3.015 27.6223 2005.01 -12003.4 -27.6223 -2005.01 70.5003
3.02 25.9452 2006.16 -11304.7 -25.9452 -2006.16 96.3591
3.025 24.0377 2007.4 -10492.1 -24.0377 -2007.4 107.779
3.03 21.7938 2008.94 -9546.21 -21.7938 -2008.94 131.287
3.035 19.3319 2009.45 -8499.06 -19.3319 -2009.45 147.695
3.04 16.8605 2008.06 -7413.32 -16.8605 -2008.06 129.585
3.045 14.299 2006.56 -6284.45 -14.299 -2006.56 107.288
3.05 11.6528 2005.98 -5113.94 -11.6528 -2005.98 79.9223
3.055 8.93482 2005.64 -3917.46 -8.93482 -2005.64 57.6138
3.06 5.92117 2005.29 -2628.52 -5.92117 -2005.29 70.5722
3.065 2.65883 2004.8 -1232.23 -2.65883 -2004.8 83.6178
3.07 -0.859519 2004.18 272.408 0.859519 -2004.18 98.9042
3.075 -4.46494 2002.39 1824.92 4.46494 -2002.39 103.928
3.08 -7.92062 1999.57 3336.26 7.92062 -1999.57 85.4507
3.085 -11.323 1998.89 4840.46 11.323 -1998.89 51.0959
3.09 -14.7503 1998.92 6346.94 14.7503 -1998.92 25.1935
3.095 -18.2058 1998.52 7857.94 18.2058 -1998.52 6.96947
3.1 -21.7262 1998.28 9387.33 21.7262 -1998.28 -1.61344
3.105 -25.1252 1999.11 10880.2 25.1252 -1999.11 -26.1508
3.11 -28.0576 2002.64 12195.7 28.0576 -2002.64 -74.8078
3.115 -30.8942 2004.85 13445.3 30.8942 -2004.85 -98.997
3.12 -33.6667 2005.11 14646.3 33.6667 -2005.11 -102.3
3.125 -36.2166 2005.33 15752.2 36.2166 -2005.33 -106.586
3.13 -38.6009 2005.68 16798.3 38.6009 -2005.68 -122.776
3.135 -40.7511 2006.95 17751.6 40.7511 -2006.95 -147.099
3.14 -42.7145 2007.64 18627.6 42.7145 -2007.64 -174.949
3.145 -44.4026 2009.45 19387 44.4026 -2009.45 -205.043
3.15 -45.8555 2010.79 20032.5 45.8555 -2010.79 -222.932
3.155 -47.1625 2012.49 20567.4 47.1625 -2012.49 -193.218
3.16 -48.2981 2011.3 21032.8 48.2981 -2011.3 -168.058
3.165 -49.1786 2009.26 21424.3 49.1786 -2009.26 -179.132
3.17 -49.5997 2007.63 21670 49.5997 -2007.63 -242.912
3.175 -49.4637 2004.75 21724.8 49.4637 -2004.75 -356.531
3.18 -48.5096 1998.18 21426.4 48.5096 -1998.18 -470.236
3.185 -47.3969 1992.91 20948 47.3969 -1992.91 -472.5
3.19 -46.2726 1993 20410.1 46.2726 -1993 -420.311
3.195 -45.3074 1993.65 19883.1 45.3074 -1993.65 -310.348
3.2 -44.8207 1996.02 19531.8 44.8207 -1996.02 -169.264
3.205 -44.4868 1998.86 19279.7 44.4868 -1998.86 -61.3646
3.21 -44.0464 1999.37 19043.7 44.0464 -1999.37 -15.6677
3.215 -43.4134 1997.68 18777.5 43.4134 -1997.68 -22.8651
3.22 -43.0342 1999.21 18574.8 43.0342 -1999.21 15.9526
3.225 -42.5516 1999.39 18354.6 42.5516 -1999.39 27.7171
3.23 -42.2818 1999.89 18203.3 42.2818 -1999.89 62.4802
3.235 -42.3835 2001.67 18178.6 42.3835 -2001.67 131.008
3.24 -42.3357 2001.16 18158.2 42.3357 -2001.16 130.813
3.245 -42.2765 2000.93 18154.3 42.2765 -2000.93 109.084
3.25 -42.1818 1999.82 18139.1 42.1818 -1999.82 83.4325
3.255 -42.1041 1999.3 18123.8 42.1041 -1999.3 65.1211
3.26 -42.0269 1998.75 18105.7 42.0269 -1998.75 49.9707
3.265 -41.9464 1998.13 18083.6 41.9464 -1998.13 37.2172
3.27 -41.8411 1996.76 18051.5 41.8411 -1996.76 23.9107
3.275 -41.7117 1995.31 18007.3 41.7117 -1995.31 12.177
3.28 -41.5874 1994.95 17959.8 41.5874 -1994.95 5.96657
3.285 -41.4996 1995.64 17919.9 41.4996 -1995.64 7.93253
3.29 -41.397 1995.66 17876.3 41.397 -1995.66 7.24149
3.295 -41.1517 1990.29 17786 41.1517 -1990.29 -8.45896
3.3 -40.8825 2000.06 17660.9 40.8825 -2000.06 0.399639
3.305 -40.9841 2030.34 17656.1 40.9841 -2030.34 48.998
3.31 -40.8029 2022.35 17589.7 40.8029 -2022.35 37.1473
3.315 -40.6285 2017.2 17522.5 40.6285 -2017.2 29.033
3.32 -40.52 2013.93 17477.2 40.52 -2013.93 27.4791
3.325 -40.3496 2007.96 17415.2 40.3496 -2007.96 15.7881
3.33 -40.159 2005.08 17336.1 40.159 -2005.08 12.5599
3.335 -39.8242 1995.76 17202.3 39.8242 -1995.76 1.72143
3.34 -26.5834 1210.15 13058.7 26.5834 -1210.15 -1574.64
3.345 -18.7043 776.111 9968.38 18.7043 -776.111 -1888.12
3.35 -24.0614 1001.25 11902.4 24.0614 -1001.25 -1507.92
3.355 -28.7546 1222.67 13619.4 28.7546 -1222.67 -1197.36
3.36 -31.3732 1386.81 14627.8 31.3732 -1386.81 -1074.58
3.365 -33.4133 1510.46 15312.9 33.4133 -1510.46 -878.367
3.37 -35.0096 1602.25 15793.9 35.0096 -1602.25 -669.739
3.375 -35.9903 1673.1 16115.8 35.9903 -1673.1 -567.971
3.38 -36.7779 1730.85 16357.4 36.7779 -1730.85 -469.361
3.385 -37.4779 1781.29 16556.5 37.4779 -1781.29 -366.116
3.39 -38.0011 1820.93 16707.5 38.0011 -1820.93 -291.059
3.395 -38.457 1856.26 16844.1 38.457 -1856.26 -230.645
3.4 -38.7368 1878.49 16929.1 38.7368 -1878.49 -194.764
3.405 -38.9707 1897.95 16999.6 38.9707 -1897.95 -164.275
3.41 -39.2154 1918.08 17071.9 39.2154 -1918.08 -130.872
3.415 -39.4055 1933.32 17129.4 39.4055 -1933.32 -106.267
3.42 -39.5538 1944.82 17174.6 39.5538 -1944.82 -87.402
3.425 -39.6335 1949.51 17198.4 39.6335 -1949.51 -76.6637
3.43 -39.6138 1948.3 17189.7 39.6138 -1948.3 -76.5152
3.435 -30.9459 1369.16 14313.8 30.9459 -1369.16 -945.122
3.44 -25.4733 1051.2 12241.2 25.4733 -1051.2 -1236.72
3.445 -29.3754 1233.44 13653 29.3754 -1233.44 -962.809
3.45 -32.5997 1391.29 14787 32.5997 -1391.29 -703.913
3.455 -34.4437 1513.77 15502.1 34.4437 -1513.77 -622.443
3.46 -35.8754 1608.7 16015 35.8754 -1608.7 -516.791
3.465 -36.8879 1691.27 16394.1 36.8879 -1691.27 -458.499
3.47 -37.6458 1752.87 16647.4 37.6458 -1752.87 -384.421
3.475 -38.2686 1798.46 16825.9 38.2686 -1798.46 -293.854
3.48 -38.7201 1835.08 16961 38.7201 -1835.08 -233.886
3.485 -39.115 1867.52 17083 39.115 -1867.52 -185.298
3.49 -39.3625 1888.41 17161.2 39.3625 -1888.41 -156.613
3.495 -39.591 1907.72 17233.8 39.591 -1907.72 -130.53
3.5 -39.812 1925.92 17303 39.812 -1925.92 -104.246
3.505 -39.9621 1937.4 17350.6 39.9621 -1937.4 -86.9593
3.51 -40.0388 1941.7 17375.4 40.0388 -1941.7 -78.619
3.515 -39.3771 1959.68 17184.6 39.3771 -1959.68 -173.727
3.52 -39.7011 2013.89 17281.5 39.7011 -2013.89 -130.62
3.525 -40.2878 1999.93 17439 40.2878 -1999.93 -34.6373
3.53 -1.72647 -12.6384 499.009 1.72647 12.6384 246.824
