0.1 -4.69809e-18 -0.0162713 2.17504e-20
0.2 -2.1089e-17 -0.0327974 9.7634e-20
0.3 -5.31551e-17 -0.0495907 2.46088e-19
0.4 -1.04523e-16 -0.0666645 4.83903e-19
0.5 -1.29388e-16 -0.0840344 5.99018e-19
0.6 -1.58877e-16 -0.101747 7.35543e-19
0.7 -2.4717e-16 -0.120014 1.14431e-18
0.8 -2.15233e-16 -0.138829 9.96447e-19
0.9 -1.57578e-16 -0.158064 7.2953e-19
1 -2.8733e-16 -0.177725 1.33023e-18
0.005 -8.79708e-05 -0.177725 3.05454e-07
0.01 -0.000439638 -0.177726 1.52651e-06
0.015 -0.00114232 -0.177729 3.96637e-06
0.02 -0.00219514 -0.177732 7.62196e-06
0.025 -0.00359718 -0.177736 1.24901e-05
0.03 -0.00534752 -0.177741 1.85676e-05
0.035 -0.00744518 -0.177748 2.5851e-05
0.04 -0.00988912 -0.177755 3.43366e-05
0.045 -0.0126782 -0.177764 4.40207e-05
0.05 -0.0158114 -0.177773 5.48993e-05
0.055 -0.0192875 -0.177784 6.69681e-05
0.06 -0.0231052 -0.177795 8.02228e-05
0.065 -0.0272632 -0.177808 9.46588e-05
0.07 -0.0317601 -0.177822 0.000110271
0.075 -0.0365945 -0.177836 0.000127055
0.08 -0.0417647 -0.177852 0.000145004
0.085 -0.0472691 -0.177869 0.000164113
0.09 -0.053106 -0.177887 0.000184376
0.095 -0.0592739 -0.177905 0.000205787
0.1 -0.0657716 -0.177925 0.000228342
0.105 -0.0725977 -0.177946 0.000252037
0.11 -0.0797513 -0.177968 0.000276868
0.115 -0.0872316 -0.177991 0.000302832
0.12 -0.0950375 -0.178016 0.000329925
0.125 -0.103168 -0.178041 0.000358144
0.13 -0.111621 -0.178067 0.000387482
0.135 -0.120396 -0.178094 0.000417935
0.14 -0.12949 -0.178123 0.000449496
0.145 -0.138902 -0.178152 0.000482156
0.15 -0.148629 -0.178182 0.000515908
0.155 -0.158667 -0.178214 0.000550739
0.16 -0.169013 -0.178246 0.000586639
0.165 -0.179666 -0.17828 0.0006236
0.17 -0.190623 -0.178315 0.000661615
0.175 -0.201883 -0.178351 0.000700675
0.18 -0.213442 -0.178387 0.000740776
0.185 -0.225301 -0.178425 0.000781914
0.19 -0.23746 -0.178464 0.000824089
0.195 -0.249918 -0.178504 0.000867299
0.2 -0.262673 -0.178545 0.000911539
0.205 -0.275724 -0.178588 0.0009568
0.21 -0.289068 -0.178631 0.00100308
0.215 -0.302703 -0.178675 0.00105036
0.22 -0.316623 -0.178721 0.00109862
0.225 -0.330824 -0.178767 0.00114786
0.23 -0.345302 -0.178815 0.00119805
0.235 -0.360051 -0.178864 0.00124919
0.24 -0.375066 -0.178914 0.00130124
0.245 -0.390342 -0.178965 0.00135419
0.25 -0.405875 -0.179017 0.00140802
0.255 -0.421661 -0.17907 0.00146274
0.26 -0.437702 -0.179124 0.00151832
0.265 -0.453999 -0.179179 0.00157479
0.27 -0.470555 -0.179235 0.00163216
0.275 -0.487373 -0.179292 0.00169043
0.28 -0.504454 -0.179351 0.00174961
0.285 -0.521795 -0.179411 0.00180968
0.29 -0.539395 -0.179471 0.00187064
0.295 -0.55725 -0.179533 0.00193248
0.3 -0.575358 -0.179597 0.00199519
0.305 -0.593717 -0.179661 0.00205877
0.31 -0.612323 -0.179726 0.0021232
0.315 -0.63117 -0.179793 0.00218845
0.32 -0.650252 -0.179861 0.00225451
0.325 -0.669561 -0.179929 0.00232135
0.33 -0.689096 -0.179999 0.00238897
0.335 -0.708857 -0.180071 0.00245736
0.34 -0.728843 -0.180143 0.00252652
0.345 -0.749051 -0.180216 0.00259644
0.35 -0.769476 -0.180291 0.00266711
0.355 -0.790114 -0.180367 0.00273851
0.36 -0.810957 -0.180443 0.00281061
0.365 -0.832 -0.180521 0.0028834
0.37 -0.853241 -0.1806 0.00295685
0.375 -0.874675 -0.180681 0.00303097
0.38 -0.896301 -0.180762 0.00310575
0.385 -0.918114 -0.180844 0.00318116
0.39 -0.940111 -0.180928 0.0032572
0.395 -0.962289 -0.181013 0.00333386
0.4 -0.984645 -0.181098 0.00341112
0.405 -1.00718 -0.181185 0.00348898
0.41 -1.02988 -0.181273 0.00356741
0.415 -1.05275 -0.181362 0.00364642
0.42 -1.07578 -0.181453 0.00372599
0.425 -1.09898 -0.181544 0.0038061
0.43 -1.12233 -0.181636 0.00388675
0.435 -1.14584 -0.18173 0.00396792
0.44 -1.1695 -0.181824 0.0040496
0.445 -1.1933 -0.18192 0.00413178
0.45 -1.21726 -0.182017 0.00421445
0.455 -1.24135 -0.182114 0.00429759
0.46 -1.26558 -0.182213 0.00438119
0.465 -1.28994 -0.182313 0.00446525
0.47 -1.31443 -0.182414 0.00454974
0.475 -1.33906 -0.182516 0.00463466
0.48 -1.3638 -0.182619 0.00472
0.485 -1.38868 -0.182723 0.00480579
0.49 -1.4137 -0.182828 0.00489204
0.495 -1.43887 -0.182935 0.00497877
0.5 -1.46417 -0.183042 0.00506597
0.505 -1.48963 -0.183147 0.00515338
0.51 -1.51523 -0.183251 0.00524104
0.515 -1.54098 -0.183355 0.0053292
0.52 -1.56686 -0.183461 0.00541783
0.525 -1.59288 -0.183568 0.00550687
0.53 -1.61903 -0.183672 0.00559603
0.535 -1.6453 -0.183774 0.00568536
0.54 -1.67169 -0.183878 0.00577511
0.545 -1.6982 -0.183982 0.00586524
0.55 -1.72481 -0.18408 0.00595516
0.555 -1.75149 -0.184172 0.00604483
0.56 -1.77821 -0.184265 0.00613465
0.565 -1.80495 -0.184357 0.00622447
0.57 -1.83168 -0.184438 0.00631374
0.575 -1.85838 -0.184507 0.00640249
0.58 -1.88504 -0.184578 0.00649113
0.585 -1.91166 -0.184644 0.00657922
0.59 -1.93825 -0.184704 0.00666676
0.595 -1.96482 -0.184763 0.00675419
0.6 -1.99138 -0.184812 0.00684118
0.605 -2.01793 -0.184851 0.0069278
0.61 -2.04446 -0.184892 0.00701439
0.615 -2.07098 -0.184934 0.00710095
0.62 -2.09748 -0.184978 0.00718745
0.625 -2.12398 -0.185021 0.00727389
0.63 -2.15048 -0.18504 0.0073594
0.635 -2.177 -0.185034 0.00744405
0.64 -2.20354 -0.18503 0.00752879
0.645 -2.23009 -0.185028 0.00761359
0.65 -2.25666 -0.185027 0.00769845
0.655 -2.28323 -0.185027 0.00778333
0.66 -2.30982 -0.185028 0.00786824
0.665 -2.3364 -0.18503 0.00795315
0.67 -2.36299 -0.185033 0.00803805
0.675 -2.38958 -0.185036 0.00812296
0.68 -2.41619 -0.18504 0.0082079
0.685 -2.44283 -0.185042 0.00829284
0.69 -2.46952 -0.18502 0.00837716
0.695 -2.49628 -0.184977 0.00846106
0.7 -2.52315 -0.184936 0.0085453
0.705 -2.55011 -0.184896 0.00862986
0.71 -2.57714 -0.184858 0.00871465
0.715 -2.60419 -0.184821 0.0087995
0.72 -2.63118 -0.184785 0.00888417
0.725 -2.65804 -0.184751 0.00896842
0.73 -2.6847 -0.184717 0.00905201
0.735 -2.71107 -0.184684 0.00913472
0.74 -2.73713 -0.184653 0.00921642
0.745 -2.76285 -0.184623 0.00929704
0.75 -2.78823 -0.184593 0.00937657
0.755 -2.81328 -0.184562 0.00945498
0.76 -2.83801 -0.184512 0.00953187
0.765 -2.86247 -0.184446 0.00960744
0.77 -2.88669 -0.184382 0.00968227
0.775 -2.91071 -0.184317 0.00975632
0.78 -2.93454 -0.184251 0.00982969
0.785 -2.9582 -0.184184 0.00990235
0.79 -2.98169 -0.184114 0.00997431
0.795 -3.005 -0.184045 0.0100457
0.8 -3.02814 -0.183978 0.0101166
0.805 -3.05112 -0.183912 0.010187
0.81 -3.07396 -0.183847 0.010257
0.815 -3.09669 -0.183774 0.0103262
0.82 -3.11934 -0.183695 0.0103948
0.825 -3.14193 -0.183617 0.0104632
0.83 -3.16447 -0.18354 0.0105315
0.835 -3.18699 -0.183463 0.0105997
0.84 -3.20954 -0.183387 0.010668
0.845 -3.23212 -0.183312 0.0107364
0.85 -3.25477 -0.183237 0.010805
0.855 -3.27747 -0.18316 0.0108737
0.86 -3.30025 -0.183073 0.0109421
0.865 -3.32309 -0.18297 0.0110102
0.87 -3.34599 -0.182859 0.0110784
0.875 -3.36891 -0.182744 0.0111464
0.88 -3.39185 -0.182627 0.0112144
0.885 -3.41476 -0.182511 0.0112822
0.89 -3.4376 -0.182396 0.0113499
0.895 -3.46029 -0.182281 0.011417
0.9 -3.48272 -0.182156 0.0114828
0.905 -3.50477 -0.182024 0.0115471
0.91 -3.52634 -0.181896 0.0116099
0.915 -3.54732 -0.181773 0.0116711
0.92 -3.56761 -0.181654 0.0117302
0.925 -3.58716 -0.181541 0.0117872
0.93 -3.60594 -0.181432 0.011842
0.935 -3.62398 -0.181328 0.0118945
0.94 -3.64133 -0.181218 0.0119447
0.945 -3.65806 -0.181105 0.0119927
0.95 -3.67428 -0.180996 0.0120392
0.955 -3.69007 -0.18089 0.0120845
0.96 -3.70552 -0.180787 0.0121289
0.965 -3.72068 -0.180687 0.0121724
0.97 -3.73562 -0.180588 0.0122153
0.975 -3.75041 -0.18049 0.0122577
0.98 -3.7651 -0.180391 0.0122997
0.985 -3.77974 -0.180289 0.0123415
0.99 -3.79436 -0.180187 0.0123832
0.995 -3.80901 -0.180077 0.0124246
1 -3.82368 -0.179959 0.0124657
1.005 -3.83835 -0.179843 0.0125069
1.01 -3.85297 -0.179727 0.0125479
1.015 -3.86746 -0.179612 0.0125886
1.02 -3.88174 -0.179499 0.0126286
1.025 -3.89571 -0.179389 0.012668
1.03 -3.90928 -0.179281 0.0127063
1.035 -3.9224 -0.179176 0.0127433
1.04 -3.93507 -0.179076 0.0127791
1.045 -3.94731 -0.178979 0.0128136
1.05 -3.95919 -0.178884 0.0128471
1.055 -3.97076 -0.178788 0.0128795
1.06 -3.98205 -0.178689 0.0129109
1.065 -3.9931 -0.178592 0.0129417
1.07 -4.00397 -0.178497 0.0129719
1.075 -4.0147 -0.178404 0.0130017
1.08 -4.02529 -0.178311 0.0130312
1.085 -4.03574 -0.17822 0.0130602
1.09 -4.046 -0.178129 0.0130888
1.095 -4.05601 -0.178038 0.0131166
1.1 -4.06568 -0.17795 0.0131435
1.105 -4.07488 -0.177867 0.013169
1.11 -4.08351 -0.177789 0.013193
1.115 -4.09145 -0.177717 0.013215
1.12 -4.09862 -0.177652 0.013235
1.125 -4.10497 -0.177595 0.0132526
1.13 -4.11045 -0.177545 0.0132678
1.135 -4.11508 -0.177504 0.0132807
1.14 -4.11892 -0.177469 0.0132913
1.145 -4.12201 -0.177441 0.0132999
1.15 -4.12443 -0.177419 0.0133066
1.155 -4.12623 -0.177403 0.0133116
1.16 -4.12744 -0.177392 0.0133149
1.165 -4.12811 -0.177386 0.0133168
1.17 -4.12826 -0.177384 0.0133172
1.175 -4.12794 -0.177387 0.0133163
1.18 -4.12721 -0.177395 0.0133142
1.185 -4.12614 -0.177408 0.013311
1.19 -4.12483 -0.177423 0.0133071
1.195 -4.12334 -0.177441 0.0133027
1.2 -4.12174 -0.177459 0.013298
1.205 -4.12008 -0.177478 0.0132931
1.21 -4.11841 -0.177497 0.0132882
1.215 -4.11675 -0.177516 0.0132833
1.22 -4.11507 -0.177536 0.0132783
1.225 -4.1133 -0.177556 0.013273
1.23 -4.11137 -0.177578 0.0132673
1.235 -4.10918 -0.177604 0.0132609
1.24 -4.10663 -0.177633 0.0132534
1.245 -4.10364 -0.177667 0.0132445
1.25 -4.10014 -0.177707 0.0132342
1.255 -4.0961 -0.177754 0.0132223
1.26 -4.09149 -0.177807 0.0132087
1.265 -4.08632 -0.177867 0.0131934
1.27 -4.08058 -0.177933 0.0131765
1.275 -4.07427 -0.178006 0.0131578
1.28 -4.06736 -0.178086 0.0131374
1.285 -4.05983 -0.178173 0.0131152
1.29 -4.05168 -0.178267 0.0130912
1.295 -4.04291 -0.178365 0.0130653
1.3 -4.03353 -0.178469 0.0130376
1.305 -4.02355 -0.178579 0.0130081
1.31 -4.01302 -0.178696 0.012977
1.315 -4.00195 -0.178819 0.0129443
1.32 -3.9904 -0.178948 0.0129102
1.325 -3.97837 -0.179082 0.0128747
1.33 -3.96592 -0.179221 0.0128379
1.335 -3.95307 -0.179365 0.0128001
1.34 -3.93985 -0.179511 0.0127613
1.345 -3.9263 -0.179661 0.0127217
1.35 -3.91245 -0.179811 0.012681
1.355 -3.89836 -0.179961 0.0126396
1.36 -3.8841 -0.180113 0.0125976
1.365 -3.86975 -0.180266 0.0125554
1.37 -3.85542 -0.18042 0.0125133
1.375 -3.8412 -0.180574 0.0124715
1.38 -3.82716 -0.180726 0.0124302
1.385 -3.81336 -0.180875 0.0123898
1.39 -3.79988 -0.181021 0.0123502
1.395 -3.78674 -0.181164 0.0123116
1.4 -3.77395 -0.181304 0.0122742
1.405 -3.76148 -0.181441 0.0122376
1.41 -3.74926 -0.181575 0.0122018
1.415 -3.7372 -0.181707 0.0121665
1.42 -3.72517 -0.181834 0.012131
1.425 -3.71305 -0.181957 0.0120951
1.43 -3.70071 -0.182083 0.0120585
1.435 -3.68804 -0.182211 0.0120209
1.44 -3.67501 -0.182342 0.0119822
1.445 -3.66156 -0.182476 0.0119422
1.45 -3.64765 -0.182616 0.0119009
1.455 -3.63324 -0.182762 0.0118582
1.46 -3.61832 -0.182914 0.0118139
1.465 -3.60286 -0.183071 0.0117681
1.47 -3.58685 -0.183235 0.0117207
1.475 -3.57028 -0.183403 0.0116716
1.48 -3.55317 -0.183571 0.0116205
1.485 -3.53553 -0.183737 0.0115676
1.49 -3.51736 -0.183909 0.0115132
1.495 -3.49863 -0.184088 0.0114571
1.5 -3.47932 -0.184272 0.0113992
1.505 -3.4594 -0.184463 0.0113396
1.51 -3.43888 -0.184659 0.0112782
1.515 -3.41782 -0.18486 0.0112152
1.52 -3.3963 -0.185059 0.0111507
1.525 -3.37438 -0.185245 0.0110844
1.53 -3.35218 -0.185425 0.0110168
1.535 -3.32977 -0.185608 0.0109487
1.54 -3.30725 -0.185793 0.0108803
1.545 -3.28467 -0.185978 0.0108116
1.55 -3.26208 -0.18616 0.0107428
1.555 -3.23949 -0.186339 0.0106738
1.56 -3.21689 -0.186512 0.0106043
1.565 -3.1942 -0.186677 0.0105343
1.57 -3.17134 -0.186845 0.0104637
1.575 -3.14825 -0.187015 0.0103925
1.58 -3.12486 -0.187188 0.0103203
1.585 -3.10113 -0.187363 0.0102472
1.59 -3.07708 -0.187542 0.010173
1.595 -3.05271 -0.187723 0.0100979
1.6 -3.02803 -0.187898 0.0100214
1.605 -3.00309 -0.188068 0.00994371
1.61 -2.97794 -0.18824 0.00986538
1.615 -2.95265 -0.188414 0.00978663
1.62 -2.92727 -0.188587 0.0097076
1.625 -2.90187 -0.188743 0.00962792
1.63 -2.87645 -0.188883 0.00954775
1.635 -2.85104 -0.189024 0.00946761
1.64 -2.82563 -0.189163 0.0093873
1.645 -2.80018 -0.189301 0.00930676
1.65 -2.77466 -0.189436 0.0092258
1.655 -2.74898 -0.18957 0.00914418
1.66 -2.72305 -0.189705 0.0090618
1.665 -2.69676 -0.189844 0.00897831
1.67 -2.67004 -0.189985 0.00889347
1.675 -2.64283 -0.190129 0.00880712
1.68 -2.61512 -0.190276 0.00871919
1.685 -2.58692 -0.190426 0.0086297
1.69 -2.55824 -0.190576 0.00853866
1.695 -2.52913 -0.190708 0.00844568
1.7 -2.49963 -0.190826 0.00835097
1.705 -2.46973 -0.190946 0.00825508
1.71 -2.43944 -0.19107 0.0081579
1.715 -2.4087 -0.191191 0.008059
1.72 -2.37747 -0.191311 0.00795832
1.725 -2.34575 -0.191434 0.00785609
1.73 -2.31358 -0.191559 0.00775243
1.735 -2.28103 -0.191686 0.0076476
1.74 -2.24825 -0.191793 0.00754129
1.745 -2.21541 -0.191879 0.0074341
1.75 -2.1827 -0.191965 0.00732741
1.755 -2.15035 -0.192051 0.00722187
1.76 -2.11853 -0.19213 0.00711763
1.765 -2.08735 -0.192201 0.00701509
1.77 -2.0569 -0.192259 0.00691451
1.775 -2.02719 -0.192306 0.00681604
1.78 -1.99824 -0.192352 0.00672009
1.785 -1.97001 -0.192398 0.00662658
1.79 -1.94246 -0.192443 0.00653532
1.795 -1.91551 -0.192486 0.00644601
1.8 -1.88911 -0.192511 0.00635758
1.805 -1.86318 -0.19252 0.0062699
1.81 -1.83767 -0.19253 0.00618365
1.815 -1.81248 -0.192541 0.00609859
1.82 -1.78759 -0.192553 0.00601455
1.825 -1.76297 -0.192565 0.00593147
1.83 -1.73861 -0.192578 0.00584928
1.835 -1.71445 -0.19259 0.00576777
1.84 -1.69046 -0.192597 0.0056863
1.845 -1.66658 -0.192598 0.00560477
1.85 -1.64278 -0.1926 0.00552357
1.855 -1.61906 -0.192603 0.00544266
1.86 -1.59539 -0.192606 0.00536195
1.865 -1.57173 -0.192609 0.00528125
1.87 -1.54803 -0.192609 0.00520016
1.875 -1.52426 -0.192607 0.00511863
1.88 -1.50042 -0.192605 0.00503685
1.885 -1.47648 -0.192603 0.00495481
1.89 -1.45244 -0.192602 0.00487237
1.895 -1.42826 -0.192597 0.0047892
1.9 -1.4039 -0.192591 0.00470518
1.905 -1.37931 -0.192585 0.0046204
1.91 -1.35447 -0.192579 0.00453478
1.915 -1.32942 -0.192573 0.00444845
1.92 -1.30424 -0.192568 0.0043617
1.925 -1.27906 -0.192562 0.00427493
1.93 -1.25397 -0.192558 0.00418853
1.935 -1.2291 -0.192554 0.00410285
1.94 -1.20452 -0.19255 0.0040182
1.945 -1.18031 -0.192546 0.00393484
1.95 -1.15651 -0.192542 0.00385289
1.955 -1.13312 -0.192539 0.00377237
1.96 -1.11012 -0.192535 0.00369317
1.965 -1.08744 -0.192532 0.00361509
1.97 -1.06503 -0.19253 0.00353793
1.975 -1.04283 -0.192527 0.00346151
1.98 -1.02082 -0.192525 0.00338571
1.985 -0.99897 -0.192524 0.00331052
1.99 -0.977298 -0.192523 0.00323591
1.995 -0.955801 -0.192521 0.00316192
2 -0.934481 -0.192521 0.00308853
2.005 -0.91334 -0.19252 0.00301576
2.01 -0.892366 -0.192521 0.00294357
2.015 -0.871524 -0.192522 0.00287184
2.02 -0.850757 -0.192524 0.00280037
2.025 -0.830005 -0.192527 0.00272894
2.03 -0.809232 -0.192529 0.00265744
2.035 -0.788444 -0.192533 0.00258587
2.04 -0.767694 -0.192537 0.00251443
2.045 -0.747059 -0.192542 0.0024434
2.05 -0.72662 -0.192549 0.00237305
2.055 -0.706457 -0.192556 0.00230363
2.06 -0.686635 -0.192564 0.00223536
2.065 -0.667169 -0.192572 0.00216833
2.07 -0.64802 -0.192582 0.0021024
2.075 -0.629125 -0.192594 0.00203733
2.08 -0.610427 -0.192607 0.00197292
2.085 -0.591899 -0.19262 0.00190909
2.09 -0.573541 -0.192634 0.00184584
2.095 -0.555374 -0.192647 0.00178324
2.1 -0.537432 -0.192661 0.00172141
2.105 -0.51978 -0.192675 0.00166054
2.11 -0.50252 -0.19269 0.00160103
2.115 -0.485781 -0.192706 0.00154333
2.12 -0.469688 -0.192721 0.00148784
2.125 -0.454352 -0.192737 0.00143492
2.13 -0.439864 -0.192753 0.00138488
2.135 -0.426291 -0.192768 0.00133798
2.14 -0.413657 -0.192784 0.00129431
2.145 -0.401942 -0.1928 0.00125377
2.15 -0.391079 -0.192816 0.00121613
2.155 -0.380969 -0.192831 0.00118105
2.16 -0.371495 -0.192846 0.00114813
2.165 -0.362531 -0.192861 0.00111695
2.17 -0.353944 -0.192877 0.0010871
2.175 -0.345588 -0.192894 0.00105806
2.18 -0.33731 -0.19291 0.00102928
2.185 -0.328949 -0.192928 0.00100019
2.19 -0.320355 -0.192945 0.000970288
2.195 -0.311404 -0.192964 0.000939152
2.2 -0.302013 -0.192984 0.000906536
2.205 -0.292148 -0.193006 0.000872313
2.21 -0.281818 -0.19303 0.000836473
2.215 -0.271077 -0.193055 0.000799238
2.22 -0.260043 -0.193081 0.000761028
2.225 -0.2489 -0.193109 0.000722486
2.23 -0.237876 -0.193137 0.000684391
2.235 -0.227211 -0.193164 0.000647531
2.24 -0.217118 -0.19319 0.000612645
2.245 -0.207768 -0.193213 0.000580329
2.25 -0.199285 -0.193235 0.000551026
2.255 -0.191731 -0.193255 0.00052495
2.26 -0.185104 -0.193272 0.000502071
2.265 -0.179337 -0.193288 0.000482164
2.27 -0.174325 -0.193301 0.000464858
2.275 -0.16995 -0.193312 0.000449755
2.28 -0.16613 -0.193322 0.000436573
2.285 -0.16285 -0.193331 0.000425256
2.29 -0.160158 -0.193338 0.000415967
2.295 -0.158137 -0.193344 0.000408997
2.3 -0.156873 -0.193347 0.000404636
2.305 -0.156434 -0.193348 0.000403122
2.31 -0.156868 -0.193347 0.000404622
2.315 -0.158199 -0.193347 0.000409222
2.32 -0.16042 -0.193348 0.0004169
2.325 -0.163493 -0.193349 0.000427526
2.33 -0.167362 -0.19335 0.000440902
2.335 -0.171962 -0.193352 0.000456801
2.34 -0.177226 -0.193354 0.000475001
2.345 -0.183091 -0.193355 0.000495276
2.35 -0.189483 -0.193357 0.000517371
2.355 -0.19631 -0.193359 0.000540971
2.36 -0.203452 -0.193361 0.000565659
2.365 -0.210744 -0.193364 0.000590866
2.37 -0.217975 -0.193366 0.000615862
2.375 -0.224905 -0.193368 0.000639818
2.38 -0.231303 -0.19337 0.000661934
2.385 -0.236977 -0.193371 0.000681545
2.39 -0.241778 -0.193373 0.000698143
2.395 -0.245596 -0.193374 0.000711339
2.4 -0.248349 -0.193375 0.000720856
2.405 -0.250004 -0.193375 0.000726577
2.41 -0.250575 -0.193375 0.000728553
2.415 -0.250112 -0.193375 0.00072695
2.42 -0.248676 -0.193375 0.000721989
2.425 -0.246338 -0.193374 0.000713904
2.43 -0.243158 -0.193373 0.000702913
2.435 -0.239173 -0.193372 0.000689138
2.44 -0.234382 -0.193371 0.000672575
2.445 -0.228767 -0.193369 0.000653165
2.45 -0.222314 -0.193367 0.000630862
2.455 -0.215008 -0.193365 0.000605607
2.46 -0.206814 -0.193363 0.000577282
2.465 -0.197676 -0.19336 0.000545697
2.47 -0.187533 -0.193357 0.000510634
2.475 -0.176328 -0.193354 0.000471905
2.48 -0.164034 -0.193351 0.000429411
2.485 -0.150651 -0.193348 0.000383157
2.49 -0.1362 -0.193369 0.000333192
2.495 -0.120689 -0.193413 0.000279548
2.5 -0.104096 -0.193462 0.000222127
2.505 -0.0863596 -0.193514 0.000160692
2.51 -0.0673781 -0.193569 9.49343e-05
2.515 -0.0470191 -0.193629 2.44413e-05
2.52 -0.0251482 -0.193693 -5.12176e-05
2.525 -0.00165719 -0.193764 -0.000132392
2.53 0.0235344 -0.19384 -0.000219356
2.535 0.0504968 -0.193923 -0.000312372
2.54 0.0793114 -0.194012 -0.000411739
2.545 0.110088 -0.194107 -0.000517837
2.55 0.142965 -0.194209 -0.000631149
2.555 0.1781 -0.194318 -0.000752209
2.56 0.215656 -0.194436 -0.000881579
2.565 0.255809 -0.194562 -0.00101985
2.57 0.298737 -0.194698 -0.00116764
2.575 0.344597 -0.194844 -0.00132548
2.58 0.393496 -0.195002 -0.00149373
2.585 0.44549 -0.19517 -0.00167257
2.59 0.500588 -0.19535 -0.00186196
2.595 0.558748 -0.195535 -0.00206117
2.6 0.619865 -0.195724 -0.00226989
2.605 0.683793 -0.195925 -0.00248809
2.61 0.750387 -0.196125 -0.00271446
2.615 0.819515 -0.196311 -0.00294744
2.62 0.891039 -0.196492 -0.00318732
2.625 0.964805 -0.196685 -0.00343475
2.63 1.04064 -0.196884 -0.0036889
2.635 1.11835 -0.197039 -0.00394661
2.64 1.19777 -0.197153 -0.00420748
2.645 1.27872 -0.197272 -0.00447328
2.65 1.36106 -0.197359 -0.00474215
2.655 1.44466 -0.197341 -0.00501099
2.66 1.52943 -0.197258 -0.00528085
2.665 1.6153 -0.197186 -0.00555439
2.67 1.70224 -0.197122 -0.00583139
2.675 1.79026 -0.197002 -0.0061101
2.68 1.87938 -0.196819 -0.00638994
2.685 1.96961 -0.196633 -0.00667271
2.69 2.06098 -0.196456 -0.00695905
2.695 2.15344 -0.196281 -0.00724861
2.7 2.24688 -0.196052 -0.00753987
2.705 2.34117 -0.195776 -0.00783246
2.71 2.43617 -0.195486 -0.00812598
2.715 2.53173 -0.195184 -0.00841998
2.72 2.62774 -0.194869 -0.00871427
2.725 2.72412 -0.194473 -0.00900644
2.73 2.82081 -0.194015 -0.0092973
2.735 2.91778 -0.193533 -0.00958728
2.74 3.01508 -0.19301 -0.00987573
2.745 3.11283 -0.192473 -0.0101644
2.75 3.21125 -0.191891 -0.0104525
2.755 3.31063 -0.191265 -0.010741
2.76 3.41132 -0.190585 -0.0110307
2.765 3.51377 -0.189823 -0.0113232
2.77 3.61852 -0.188966 -0.0116195
2.775 3.72612 -0.187957 -0.0119192
2.78 3.83718 -0.186848 -0.0122262
2.785 3.95229 -0.185678 -0.0125422
2.79 4.07198 -0.184435 -0.0128684
2.795 4.19672 -0.183111 -0.013207
2.8 4.32688 -0.181653 -0.0135593
2.805 4.46275 -0.180087 -0.0139268
2.81 4.60453 -0.178459 -0.0143089
2.815 4.75235 -0.176769 -0.0147042
2.82 4.90625 -0.174991 -0.015111
2.825 5.06624 -0.173064 -0.0155304
2.83 5.23231 -0.171029 -0.015961
2.835 5.40438 -0.16893 -0.0163906
2.84 5.58236 -0.166815 -0.016804
2.845 5.76613 -0.164935 -0.0171904
2.85 5.95551 -0.163241 -0.017565
2.855 6.15032 -0.161467 -0.0179484
2.86 6.35033 -0.159699 -0.0183394
2.865 6.55537 -0.158046 -0.0187362
2.87 6.76523 -0.156464 -0.0191418
2.875 6.97976 -0.154853 -0.0195595
2.88 7.19879 -0.153247 -0.0199878
2.885 7.42211 -0.151544 -0.0204375
2.89 7.64939 -0.149713 -0.0209081
2.895 7.88015 -0.147886 -0.0213866
2.9 8.11379 -0.145945 -0.0218802
2.905 8.34961 -0.143956 -0.0223847
2.91 8.58679 -0.142101 -0.0228899
2.915 8.82446 -0.140426 -0.0233933
2.92 9.06171 -0.138972 -0.0238925
2.925 9.29755 -0.137561 -0.0243927
2.93 9.53103 -0.135828 -0.0249088
2.935 9.76119 -0.134022 -0.0254307
2.94 9.98721 -0.132171 -0.0259502
2.945 10.2084 -0.130173 -0.0264669
2.95 10.4244 -0.128284 -0.0269702
2.955 10.635 -0.126564 -0.0274593
2.96 10.8401 -0.125009 -0.0279345
2.965 11.04 -0.123637 -0.0283961
2.97 11.2352 -0.122417 -0.0288457
2.975 11.4264 -0.12114 -0.029287
2.98 11.6148 -0.119806 -0.0297226
2.985 11.8018 -0.118514 -0.0301544
2.99 11.9885 -0.117257 -0.0305854
2.995 12.1762 -0.11603 -0.0310183
3 12.3658 -0.114834 -0.0314553
3.005 12.558 -0.113672 -0.0318981
3.01 12.7534 -0.112551 -0.0323479
3.015 12.9525 -0.111484 -0.032806
3.02 13.1557 -0.11051 -0.0332729
3.025 13.3632 -0.109825 -0.0337486
3.03 13.5751 -0.109445 -0.0342333
3.035 13.7915 -0.11006 -0.0347259
3.04 14.0125 -0.113133 -0.0352211
3.045 14.2382 -0.116415 -0.0357247
3.05 14.4685 -0.117035 -0.0362464
3.055 14.7034 -0.116733 -0.0367813
3.06 14.9428 -0.116978 -0.0373244
3.065 15.1868 -0.117762 -0.0378757
3.07 15.4352 -0.119374 -0.0384343
3.075 15.6881 -0.122083 -0.0390021
3.08 15.9454 -0.136667 -0.0395474
3.085 16.2071 -0.155208 -0.0400862
3.09 16.4731 -0.17789 -0.0406065
3.095 16.7433 0.248803 -0.0420149
3.1 17.0171 0.510597 -0.041042
