0.1 8.76512e-32 200 5.41789e-14 -8.76512e-32 -200 -5.41789e-14
0.2 2.92171e-31 400 1.35003e-13 -2.92171e-31 -400 -1.35003e-13
0.3 1.16868e-31 600 -3.73035e-14 -1.16868e-31 -600 3.73035e-14
0.4 8.18078e-31 800 3.83693e-13 -8.18078e-31 -800 -3.83693e-13
0.5 3.50605e-31 1000 4.29878e-13 -3.50605e-31 -1000 -4.29878e-13
0.6 -1.63616e-30 1200 -5.71987e-13 1.63616e-30 -1200 5.71987e-13
0.7 0 1400 -9.05942e-13 -0 -1400 9.05942e-13
0.8 2.29354e-30 1600 -4.26326e-14 -2.29354e-30 -1600 4.26326e-14
0.9 -1.05181e-30 1800 1.49214e-13 1.05181e-30 -1800 -1.49214e-13
1 -9.34946e-31 2000 -7.24754e-13 9.34946e-31 -2000 7.24754e-13
0.005 0.00142889 2000 -0.61939 -0.00142889 -2000 0.00211117
0.01 0.00713566 1999.99 -3.0864 -0.00713566 -1999.99 0.00379916
0.015 0.018535 2000 -8.01017 -0.018535 -2000 0.00306984
0.02 0.0356139 2000 -15.3877 -0.0356139 -2000 0.00252839
0.025 0.0583572 2000 -25.2124 -0.0583572 -2000 0.00214828
0.03 0.0867485 2000 -37.4773 -0.0867485 -2000 0.00192177
0.035 0.120771 2000 -52.1749 -0.120771 -2000 0.0018246
0.04 0.160406 2000 -69.2973 -0.160406 -2000 0.00184867
0.045 0.205635 2000 -88.8363 -0.205635 -2000 0.00198729
0.05 0.256437 2000 -110.783 -0.256437 -2000 0.0022349
0.055 0.312792 2000 -135.129 -0.312792 -2000 0.00258687
0.06 0.374675 2000 -161.863 -0.374675 -2000 0.00303923
0.065 0.442065 2000 -190.975 -0.442065 -2000 0.00353155
0.07 0.514935 2000 -222.456 -0.514935 -2000 0.00406213
0.075 0.593259 2000 -256.293 -0.593259 -2000 0.00468576
0.08 0.677009 2000 -292.473 -0.677009 -2000 0.00539797
0.085 0.766151 2000 -330.983 -0.766151 -2000 0.00619471
0.09 0.860657 2000 -371.811 -0.860657 -2000 0.00707375
0.095 0.960499 2000 -414.944 -0.960499 -2000 0.00803199
0.1 1.06565 2000 -460.371 -1.06565 -2000 0.00906875
0.105 1.17609 2000 -508.082 -1.17609 -2000 0.0101824
0.11 1.2918 2000 -558.068 -1.2918 -2000 0.0113717
0.115 1.41275 2000 -610.322 -1.41275 -2000 0.0126358
0.12 1.53893 2000 -664.833 -1.53893 -2000 0.0139735
0.125 1.67032 2000 -721.592 -1.67032 -2000 0.0153844
0.13 1.80688 2000 -780.587 -1.80688 -2000 0.0168675
0.135 1.94858 2000 -841.805 -1.94858 -2000 0.0184219
0.14 2.09539 2000 -905.229 -2.09539 -2000 0.0200461
0.145 2.24727 2000 -970.842 -2.24727 -2000 0.0217388
0.15 2.40417 2000 -1038.62 -2.40417 -2000 0.0234981
0.155 2.56603 2000 -1108.55 -2.56603 -2000 0.0253219
0.16 2.73279 2000 -1180.59 -2.73279 -2000 0.0272077
0.165 2.90443 2000 -1254.74 -2.90443 -2000 0.029154
0.17 3.08088 2000 -1330.97 -3.08088 -2000 0.0311601
0.175 3.26212 2000 -1409.27 -3.26212 -2000 0.0332255
0.18 3.4481 2000 -1489.62 -3.4481 -2000 0.0353495
0.185 3.63882 2000 -1572.01 -3.63882 -2000 0.0375333
0.19 3.83427 1999.99 -1656.44 -3.83427 -1999.99 0.039779
0.195 4.03442 1999.99 -1742.91 -4.03442 -1999.99 0.042088
0.2 4.23924 1999.99 -1831.4 -4.23924 -1999.99 0.0444601
0.205 4.4487 1999.99 -1921.89 -4.4487 -1999.99 0.0468942
0.21 4.66276 1999.99 -2014.36 -4.66276 -1999.99 0.049389
0.215 4.88135 1999.99 -2108.79 -4.88135 -1999.99 0.0519426
0.22 5.1044 1999.99 -2205.15 -5.1044 -1999.99 0.0545506
0.225 5.33181 1999.99 -2303.4 -5.33181 -1999.99 0.0572072
0.23 5.56352 1999.99 -2403.5 -5.56352 -1999.99 0.0599081
0.235 5.79943 1999.99 -2505.42 -5.79943 -1999.99 0.0626498
0.24 6.03945 1999.99 -2609.11 -6.03945 -1999.99 0.0654272
0.245 6.28349 1999.99 -2714.53 -6.28349 -1999.99 0.0682352
0.25 6.53147 1999.99 -2821.66 -6.53147 -1999.99 0.0710721
0.255 6.78334 1999.99 -2930.48 -6.78334 -1999.99 0.0739387
0.26 7.0391 1999.99 -3040.97 -7.0391 -1999.99 0.0768389
0.265 7.29876 1999.99 -3153.14 -7.29876 -1999.99 0.0797817
0.27 7.56238 1999.99 -3267.03 -7.56238 -1999.99 0.0827795
0.275 7.82999 1999.99 -3382.64 -7.82999 -1999.99 0.0858428
0.28 8.10158 1999.99 -3499.97 -8.10158 -1999.99 0.0889762
0.285 8.37712 1999.99 -3619.01 -8.37712 -1999.99 0.092178
0.29 8.65655 1999.99 -3739.73 -8.65655 -1999.99 0.0954445
0.295 8.93983 1999.99 -3862.11 -8.93983 -1999.99 0.0987724
0.3 9.22691 1999.99 -3986.13 -9.22691 -1999.99 0.10216
0.305 9.51775 1999.99 -4111.77 -9.51775 -1999.99 0.105604
0.31 9.81226 1999.99 -4239.01 -9.81226 -1999.99 0.109103
0.315 10.1104 1999.99 -4367.79 -10.1104 -1999.99 0.112649
0.32 10.4119 1999.99 -4498.06 -10.4119 -1999.99 0.116229
0.325 10.7168 1999.98 -4629.78 -10.7168 -1999.98 0.119836
0.33 11.025 1999.98 -4762.94 -11.025 -1999.98 0.123471
0.335 11.3366 1999.98 -4897.52 -11.3366 -1999.98 0.127141
0.34 11.6513 1999.98 -5033.51 -11.6513 -1999.98 0.130854
0.345 11.9693 1999.98 -5170.89 -11.9693 -1999.98 0.134612
0.35 12.2905 1999.98 -5309.63 -12.2905 -1999.98 0.138414
0.355 12.6147 1999.98 -5449.69 -12.6147 -1999.98 0.142252
0.36 12.9418 1999.98 -5591.02 -12.9418 -1999.98 0.146119
0.365 13.2718 1999.98 -5733.57 -13.2718 -1999.98 0.150007
0.37 13.6046 1999.98 -5877.32 -13.6046 -1999.98 0.153918
0.375 13.94 1999.98 -6022.25 -13.94 -1999.98 0.157855
0.38 14.2782 1999.98 -6168.33 -14.2782 -1999.98 0.161819
0.385 14.6189 1999.98 -6315.54 -14.6189 -1999.98 0.165814
0.39 14.9622 1999.98 -6463.84 -14.9622 -1999.98 0.16984
0.395 15.308 1999.98 -6613.22 -15.308 -1999.98 0.173898
0.4 15.6562 1999.98 -6763.64 -15.6562 -1999.98 0.17799
0.405 16.0067 1999.98 -6915.09 -16.0067 -1999.98 0.182116
0.41 16.3596 1999.98 -7067.53 -16.3596 -1999.98 0.186276
0.415 16.7147 1999.98 -7220.93 -16.7147 -1999.98 0.19047
0.42 17.072 1999.98 -7375.28 -17.072 -1999.98 0.194701
0.425 17.4313 1999.98 -7530.54 -17.4313 -1999.98 0.198967
0.43 17.7928 1999.98 -7686.69 -17.7928 -1999.98 0.203268
0.435 18.1562 1999.98 -7843.7 -18.1562 -1999.98 0.207604
0.44 18.5216 1999.98 -8001.55 -18.5216 -1999.98 0.211975
0.445 18.8889 1999.98 -8160.21 -18.8889 -1999.98 0.216381
0.45 19.2579 1999.98 -8319.65 -19.2579 -1999.98 0.22082
0.455 19.6287 1999.97 -8479.84 -19.6287 -1999.97 0.225291
0.46 20.0012 1999.97 -8640.76 -20.0012 -1999.97 0.229793
0.465 20.3753 1999.97 -8802.38 -20.3753 -1999.97 0.234324
0.47 20.751 1999.97 -8964.68 -20.751 -1999.97 0.238881
0.475 21.1282 1999.97 -9127.62 -21.1282 -1999.97 0.243461
0.48 21.5069 1999.97 -9291.22 -21.5069 -1999.97 0.24807
0.485 21.8871 1999.97 -9455.48 -21.8871 -1999.97 0.252728
0.49 22.269 1999.97 -9620.46 -22.269 -1999.97 0.257468
0.495 22.6526 1999.97 -9786.17 -22.6526 -1999.97 0.262311
0.5 23.0332 1999.99 -9951.23 -23.0332 -1999.99 0.897121
0.505 23.4114 2000.01 -10115.3 -23.4114 -2000.01 1.59972
0.51 23.7947 2000.01 -10280.7 -23.7947 -2000.01 1.34995
0.515 24.1795 2000 -10446.7 -24.1795 -2000 1.15231
0.52 24.5657 1999.99 -10613.4 -24.5657 -1999.99 0.996076
0.525 24.9424 2000.04 -10777.4 -24.9424 -2000.04 2.32837
0.53 25.3228 2000.05 -10942.2 -25.3228 -2000.05 2.77605
0.535 25.7078 2000.04 -11108.1 -25.7078 -2000.04 2.30759
0.54 26.0936 2000.02 -11274.4 -26.0936 -2000.02 1.93568
0.545 26.4737 2000.05 -11439.2 -26.4737 -2000.05 2.52586
0.55 26.8437 2000.09 -11600.2 -26.8437 -2000.09 3.6966
0.555 27.2204 2000.07 -11762.3 -27.2204 -2000.07 3.07247
0.56 27.5967 2000.05 -11924.4 -27.5967 -2000.05 2.56831
0.565 27.9477 2000.2 -12077.8 -27.9477 -2000.2 4.37256
0.57 28.2988 2000.26 -12230 -28.2988 -2000.26 4.94132
0.575 28.6541 2000.2 -12382.6 -28.6541 -2000.2 4.06233
0.58 29.0065 2000.16 -12534.3 -29.0065 -2000.16 3.52887
0.585 29.3434 2000.18 -12680.7 -29.3434 -2000.18 4.30609
0.59 29.6845 2000.14 -12827.3 -29.6845 -2000.14 3.58269
0.595 30.004 2000.26 -12966.5 -30.004 -2000.26 4.7456
0.6 30.323 2000.3 -13104.5 -30.323 -2000.3 4.98568
0.605 30.6451 2000.24 -13242.8 -30.6451 -2000.24 4.11733
0.61 30.966 2000.19 -13380.7 -30.966 -2000.19 3.41451
0.615 31.2856 2000.15 -13518.2 -31.2856 -2000.15 2.856
0.62 31.604 2000.11 -13655.3 -31.604 -2000.11 2.40349
0.625 31.9113 2000.16 -13788.9 -31.9113 -2000.16 3.17572
0.63 32.1848 2000.33 -13909.1 -32.1848 -2000.33 5.24196
0.635 32.4675 2000.26 -14030.3 -32.4675 -2000.26 4.3241
0.64 32.7493 2000.21 -14151.3 -32.7493 -2000.21 3.5808
0.645 33.0303 2000.17 -14272.1 -33.0303 -2000.17 2.98993
0.65 33.3104 2000.13 -14392.6 -33.3104 -2000.13 2.51123
0.655 33.5899 2000.1 -14512.9 -33.5899 -2000.1 2.12337
0.66 33.8686 2000.08 -14633 -33.8686 -2000.08 1.80908
0.665 34.1466 2000.06 -14752.9 -34.1466 -2000.06 1.55435
0.67 34.424 2000.04 -14872.5 -34.424 -2000.04 1.34787
0.675 34.7007 2000.03 -14991.9 -34.7007 -2000.03 1.18047
0.68 34.977 2000.02 -15111.1 -34.977 -2000.02 1.0448
0.685 35.2242 2000.28 -15220.5 -35.2242 -2000.28 3.61775
0.69 35.4691 2000.4 -15327.5 -35.4691 -2000.4 4.80465
0.695 35.7203 2000.32 -15435.1 -35.7203 -2000.32 3.97049
0.7 35.9714 2000.25 -15542.9 -35.9714 -2000.25 3.29511
0.705 36.2225 2000.2 -15650.9 -36.2225 -2000.2 2.75584
0.71 36.4734 2000.16 -15758.8 -36.4734 -2000.16 2.31934
0.715 36.7237 2000.12 -15866.6 -36.7237 -2000.12 1.96582
0.72 36.9727 2000.1 -15973.9 -36.9727 -2000.1 1.6791
0.725 37.2199 2000.07 -16080.4 -37.2199 -2000.07 1.44602
0.73 37.4645 2000.06 -16185.9 -37.4645 -2000.06 1.25593
0.735 37.706 2000.04 -16290.1 -37.706 -2000.04 1.10024
0.74 37.944 2000.03 -16392.8 -37.944 -2000.03 0.972139
0.745 38.1784 2000.02 -16494 -38.1784 -2000.02 0.866244
0.75 38.4092 2000.01 -16593.6 -38.4092 -2000.01 0.778324
0.755 38.6155 2000.23 -16684.6 -38.6155 -2000.23 2.67665
0.76 38.8186 2000.32 -16773.1 -38.8186 -2000.32 3.42081
0.765 39.0228 2000.26 -16860.7 -39.0228 -2000.26 2.83917
0.77 39.2197 2000.24 -16946 -39.2197 -2000.24 3.08415
0.775 39.4156 2000.21 -17030.5 -39.4156 -2000.21 2.92633
0.78 39.6106 2000.17 -17114.2 -39.6106 -2000.17 2.45335
0.785 39.7985 2000.16 -17195.5 -39.7985 -2000.16 2.56342
0.79 39.9863 2000.13 -17276.2 -39.9863 -2000.13 2.14142
0.795 40.1721 2000.1 -17356.1 -40.1721 -2000.1 1.79867
0.8 40.356 2000.08 -17435.3 -40.356 -2000.08 1.52006
0.805 40.5381 2000.06 -17513.8 -40.5381 -2000.06 1.29345
0.81 40.7139 2000.09 -17590.3 -40.7139 -2000.09 1.85381
0.815 40.8837 2000.12 -17664.3 -40.8837 -2000.12 2.54754
0.82 41.0557 2000.1 -17738.2 -41.0557 -2000.1 2.12834
0.825 41.2266 2000.07 -17811.7 -41.2266 -2000.07 1.78839
0.83 41.3967 2000.06 -17884.9 -41.3967 -2000.06 1.51273
0.835 41.5662 2000.04 -17957.9 -41.5662 -2000.04 1.28933
0.84 41.7354 2000.03 -18030.8 -41.7354 -2000.03 1.10846
0.845 41.9045 2000.02 -18103.7 -41.9045 -2000.02 0.962193
0.85 42.0735 2000.02 -18176.6 -42.0735 -2000.02 0.844079
0.855 42.2299 2000.13 -18246 -42.2299 -2000.13 2.7284
0.86 42.3885 2000.18 -18315.2 -42.3885 -2000.18 3.36285
0.865 42.5441 2000.2 -18382 -42.5441 -2000.2 2.94954
0.87 42.6951 2000.2 -18447.4 -42.6951 -2000.2 3.18212
0.875 42.8459 2000.19 -18512.6 -42.8459 -2000.19 3.11447
0.88 42.9978 2000.15 -18577.6 -42.9978 -2000.15 2.59409
0.885 43.1489 2000.12 -18642.5 -43.1489 -2000.12 2.17265
0.89 43.299 2000.09 -18707 -43.299 -2000.09 1.83101
0.895 43.434 2000.2 -18767.2 -43.434 -2000.2 3.69248
0.9 43.5697 2000.23 -18826.4 -43.5697 -2000.23 4.24671
0.905 43.7061 2000.18 -18884.6 -43.7061 -2000.18 3.51626
0.91 43.8389 2000.15 -18941.3 -43.8389 -2000.15 2.92161
0.915 43.9674 2000.12 -18996.4 -43.9674 -2000.12 2.43625
0.92 44.0914 2000.09 -19049.5 -44.0914 -2000.09 2.03891
0.925 44.2104 2000.07 -19100.6 -44.2104 -2000.07 1.71257
0.93 44.3244 2000.06 -19149.6 -44.3244 -2000.06 1.4437
0.935 44.4274 2000.11 -19194.8 -44.4274 -2000.11 2.19227
0.94 44.5235 2000.14 -19236.9 -44.5235 -2000.14 2.72737
0.945 44.6184 2000.11 -19277.4 -44.6184 -2000.11 2.2611
0.95 44.71 2000.09 -19316.6 -44.71 -2000.09 1.87907
0.955 44.799 2000.07 -19354.7 -44.799 -2000.07 1.56701
0.96 44.8856 2000.06 -19391.9 -44.8856 -2000.06 1.31218
0.965 44.9704 2000.04 -19428.3 -44.9704 -2000.04 1.10413
0.97 45.0537 2000.04 -19464.1 -45.0537 -2000.04 0.934348
0.975 45.1347 2000.04 -19499.2 -45.1347 -2000.04 0.988426
0.98 45.2135 2000.05 -19533.3 -45.2135 -2000.05 1.11276
0.985 45.2925 2000.04 -19567.3 -45.2925 -2000.04 0.941294
0.99 45.366 2000.08 -19599.7 -45.366 -2000.08 1.62988
0.995 45.4374 2000.11 -19631 -45.4374 -2000.11 2.09351
1 45.5106 2000.09 -19662.3 -45.5106 -2000.09 1.74129
1.005 45.5834 2000.07 -19693.5 -45.5834 -2000.07 1.45604
1.01 45.6557 2000.06 -19724.5 -45.6557 -2000.06 1.22476
1.015 45.7271 2000.05 -19755.2 -45.7271 -2000.05 1.03731
1.02 45.7978 2000.04 -19785.3 -45.7978 -2000.04 0.647502
1.025 45.8666 2000.04 -19814.5 -45.8666 -2000.04 0.17874
1.03 45.9319 2000.03 -19842.8 -45.9319 -2000.03 0.185091
1.035 45.9949 2000.03 -19870 -45.9949 -2000.03 0.187803
1.04 46.0556 2000.02 -19896.2 -46.0556 -2000.02 0.187541
1.045 46.1142 2000.02 -19921.5 -46.1142 -2000.02 0.185101
1.05 46.1686 2000.04 -19945.4 -46.1686 -2000.04 0.565097
1.055 46.2193 2000.06 -19967.7 -46.2193 -2000.06 0.941595
1.06 46.2699 2000.05 -19989.4 -46.2699 -2000.05 0.793428
1.065 46.3192 2000.04 -20010.6 -46.3192 -2000.04 0.672293
1.07 46.3676 2000.03 -20031.4 -46.3676 -2000.03 0.573207
1.075 46.4152 2000.02 -20051.8 -46.4152 -2000.02 0.492232
1.08 46.462 2000.02 -20072 -46.462 -2000.02 0.426076
1.085 46.5075 2000.04 -20091.5 -46.5075 -2000.04 0.25885
1.09 46.5515 2000.05 -20110.4 -46.5515 -2000.05 0.174817
1.095 46.5941 2000.04 -20128.8 -46.5941 -2000.04 0.165556
1.1 46.6351 2000.03 -20146.5 -46.6351 -2000.03 0.156692
1.105 46.6742 2000.03 -20163.4 -46.6742 -2000.03 0.147648
1.11 46.7107 2000.02 -20179.1 -46.7107 -2000.02 0.138103
1.115 46.7442 2000.02 -20193.6 -46.7442 -2000.02 0.127835
1.12 46.7745 2000.01 -20206.7 -46.7745 -2000.01 0.11684
1.125 46.8013 2000.01 -20218.3 -46.8013 -2000.01 0.105267
1.13 46.8244 2000.01 -20228.2 -46.8244 -2000.01 0.0933786
1.135 46.8439 2000.01 -20236.6 -46.8439 -2000.01 0.0815483
1.14 46.86 2000.01 -20243.6 -46.86 -2000.01 0.0701807
1.145 46.8731 2000 -20249.2 -46.8731 -2000 0.059722
1.15 46.8832 2000 -20253.6 -46.8832 -2000 0.0503053
1.155 46.8908 2000 -20256.9 -46.8908 -2000 0.0458861
1.16 46.8958 2000 -20259 -46.8958 -2000 0.0484978
1.165 46.8986 2000 -20260.2 -46.8986 -2000 0.0394984
1.17 46.8992 2000 -20260.5 -46.8992 -2000 0.0320316
1.175 46.8961 1999.99 -20259.3 -46.8961 -1999.99 0.24302
1.18 46.8901 1999.99 -20256.9 -46.8901 -1999.99 0.381125
1.185 46.8824 1999.99 -20253.5 -46.8824 -1999.99 0.3088
1.19 46.8727 1999.99 -20249.2 -46.8727 -1999.99 0.257464
1.195 46.8616 1999.99 -20244.4 -46.8616 -1999.99 0.216016
1.2 46.8496 1999.99 -20239.2 -46.8496 -1999.99 0.174905
1.205 46.8373 2000 -20233.8 -46.8373 -2000 0.14159
1.21 46.8248 2000 -20228.4 -46.8248 -2000 0.114594
1.215 46.8124 2000 -20223 -46.8124 -2000 0.0927169
1.22 46.7997 2000 -20217.5 -46.7997 -2000 0.0749852
1.225 46.7864 2000 -20211.8 -46.7864 -2000 0.060603
1.23 46.7719 2000 -20205.5 -46.7719 -2000 0.0489192
1.235 46.7554 2000 -20198.4 -46.7554 -2000 0.0393951
1.24 46.7363 2000 -20190.1 -46.7363 -2000 0.0315763
1.245 46.7138 2000 -20180.4 -46.7138 -2000 0.0250722
1.25 46.6874 2000 -20169 -46.6874 -2000 0.019542
1.255 46.657 2000 -20155.8 -46.657 -2000 0.0142861
1.26 46.6223 2000 -20140.9 -46.6223 -2000 0.00830683
1.265 46.5834 2000 -20124 -46.5834 -2000 0.00448021
1.27 46.5403 2000 -20105.4 -46.5403 -2000 0.00066038
1.275 46.4928 2000 -20084.9 -46.4928 -2000 -0.00346013
1.28 46.4409 2000 -20062.5 -46.4409 -2000 -0.00809186
1.285 46.3844 2000 -20038 -46.3844 -2000 -0.0134589
1.29 46.322 2000.02 -20011.1 -46.322 -2000.02 0.0261812
1.295 46.254 2000.03 -19981.8 -46.254 -2000.03 0.0487289
1.3 46.1812 2000.03 -19950.3 -46.1812 -2000.03 0.0244141
1.305 46.1038 2000.02 -19916.9 -46.1038 -2000.02 0.00133761
1.31 46.0222 2000.02 -19881.6 -46.0222 -2000.02 -0.0211498
1.315 45.9367 2000.01 -19844.6 -45.9367 -2000.01 -0.0434112
1.32 45.8474 2000.01 -19806 -45.8474 -2000.01 -0.0657288
1.325 45.7547 2000.01 -19766 -45.7547 -2000.01 -0.088268
1.33 45.6589 2000 -19724.5 -45.6589 -2000 -0.111088
1.335 45.5616 2000.02 -19681.7 -45.5616 -2000.02 -0.878482
1.34 45.4601 2000.03 -19637.5 -45.4601 -2000.03 -1.24675
1.345 45.3536 2000.02 -19591.8 -45.3536 -2000.02 -0.932647
1.35 45.2416 2000.04 -19544 -45.2416 -2000.04 -0.379944
1.355 45.1291 2000.03 -19495.4 -45.1291 -2000.03 -0.359
1.36 45.0155 2000.02 -19446.3 -45.0155 -2000.02 -0.343854
1.365 44.9015 2000.01 -19397.1 -44.9015 -2000.01 -0.342258
1.37 44.7879 2000.01 -19348 -44.7879 -2000.01 -0.340288
1.375 44.6754 2000 -19299.5 -44.6754 -2000 -0.332213
1.38 44.5646 2000 -19251.6 -44.5646 -2000 -0.324746
1.385 44.4559 2000 -19204.6 -44.4559 -2000 -0.317064
1.39 44.3499 2000 -19158.8 -44.3499 -2000 -0.30862
1.395 44.2469 1999.99 -19114.4 -44.2469 -1999.99 -0.317956
1.4 44.147 1999.99 -19071.2 -44.147 -1999.99 -0.325525
1.405 44.0496 1999.99 -19029.1 -44.0496 -1999.99 -0.30829
1.41 43.9544 1999.99 -18988 -43.9544 -1999.99 -0.292116
1.415 43.8534 2000.06 -18945.5 -43.8534 -2000.06 0.858268
1.42 43.7544 2000.08 -18903.2 -43.7544 -2000.08 1.25527
1.425 43.6562 2000.07 -18860.5 -43.6562 -2000.07 0.986633
1.43 43.5547 2000.07 -18816.6 -43.5547 -2000.07 1.01181
1.435 43.4498 2000.07 -18771.3 -43.4498 -2000.07 1.02509
1.44 43.3425 2000.05 -18724.7 -43.3425 -2000.05 0.800606
1.445 43.2317 2000.04 -18676.7 -43.2317 -2000.04 0.617356
1.45 43.1175 2000.03 -18627.2 -43.1175 -2000.03 0.431802
1.455 42.9991 2000.02 -18575.9 -42.9991 -2000.02 0.296384
1.46 42.8766 2000.01 -18522.9 -42.8766 -2000.01 0.202967
1.465 42.7499 2000.01 -18468.1 -42.7499 -2000.01 0.125297
1.47 42.6187 2000.01 -18411.3 -42.6187 -2000.01 0.0603366
1.475 42.479 2000.04 -18351.6 -42.479 -2000.04 0.650597
1.48 42.3296 2000.08 -18287.8 -42.3296 -2000.08 1.42974
1.485 42.1784 2000.06 -18222.2 -42.1784 -2000.06 1.11722
1.49 42.0229 2000.05 -18154.7 -42.0229 -2000.05 0.850718
1.495 41.8626 2000.04 -18085.3 -41.8626 -2000.04 0.652124
1.5 41.6973 2000.03 -18013.7 -41.6973 -2000.03 0.489671
1.505 41.5269 2000.02 -17940 -41.5269 -2000.02 0.356384
1.51 41.3515 2000.02 -17864.1 -41.3515 -2000.02 0.24719
1.515 41.1659 2000.09 -17784.1 -41.1659 -2000.09 0.455145
1.52 40.9646 2000.21 -17698.8 -40.9646 -2000.21 2.06001
1.525 40.7561 2000.25 -17609.7 -40.7561 -2000.25 3.03996
1.53 40.5491 2000.2 -17519.6 -40.5491 -2000.2 2.42916
1.535 40.3401 2000.16 -17428.9 -40.3401 -2000.16 1.93339
1.54 40.13 2000.13 -17337.7 -40.13 -2000.13 1.53208
1.545 39.9118 2000.16 -17244.3 -39.9118 -2000.16 2.3639
1.55 39.6955 2000.16 -17150.9 -39.6955 -2000.16 2.46499
1.555 39.4807 2000.13 -17057.7 -39.4807 -2000.13 2.01075
1.56 39.2526 2000.17 -16960 -39.2526 -2000.17 2.91303
1.565 39.0277 2000.14 -16862.3 -39.0277 -2000.14 2.33917
1.57 38.801 2000.11 -16763.9 -38.801 -2000.11 1.87326
1.575 38.5718 2000.09 -16664.5 -38.5718 -2000.09 1.49566
1.58 38.3395 2000.07 -16563.9 -38.3395 -2000.07 1.18945
1.585 38.1039 2000.06 -16461.8 -38.1039 -2000.06 0.940967
1.59 37.865 2000.05 -16358.4 -37.865 -2000.05 0.739234
1.595 37.6179 2000.07 -16252.3 -37.6179 -2000.07 1.37306
1.6 37.3594 2000.12 -16141.7 -37.3594 -2000.12 2.45395
1.605 37.1027 2000.1 -16030.3 -37.1027 -2000.1 1.96803
1.61 36.8437 2000.08 -15918 -36.8437 -2000.08 1.57373
1.615 36.5831 2000.06 -15805.2 -36.5831 -2000.06 1.25418
1.62 36.305 2000.22 -15686.3 -36.305 -2000.22 2.5074
1.625 36.0165 2000.33 -15562.8 -36.0165 -2000.33 3.64176
1.63 35.7329 2000.26 -15439.5 -35.7329 -2000.26 2.9304
1.635 35.4429 2000.26 -15314.6 -35.4429 -2000.26 3.28975
1.64 35.1537 2000.23 -15189.6 -35.1537 -2000.23 3.18574
1.645 34.8637 2000.2 -15064 -34.8637 -2000.2 2.89456
1.65 34.5682 2000.19 -14936.4 -34.5682 -2000.19 2.98785
1.655 34.273 2000.15 -14808.3 -34.273 -2000.15 2.40091
1.66 33.9747 2000.12 -14679 -33.9747 -2000.12 1.92614
1.665 33.6722 2000.1 -14547.9 -33.6722 -2000.1 1.54093
1.67 33.3646 2000.08 -14414.7 -33.3646 -2000.08 1.22736
1.675 33.0514 2000.06 -14279.2 -33.0514 -2000.06 0.974109
1.68 32.7323 2000.05 -14141.1 -32.7323 -2000.05 0.768343
1.685 32.4077 2000.04 -14000.7 -32.4077 -2000.04 0.601039
1.69 32.0449 2000.32 -13846.7 -32.0449 -2000.32 3.29286
1.695 31.6783 2000.43 -13689.3 -31.6783 -2000.43 4.26424
1.7 31.3118 2000.35 -13530.1 -31.3118 -2000.35 3.43156
1.705 30.9402 2000.28 -13368.9 -30.9402 -2000.28 2.7565
1.71 30.5545 2000.28 -13203.1 -30.5545 -2000.28 3.51404
1.715 30.1627 2000.26 -13034 -30.1627 -2000.26 3.76341
1.72 29.7679 2000.21 -12862.7 -29.7679 -2000.21 3.02325
1.725 29.3666 2000.17 -12688.8 -29.3666 -2000.17 2.42535
1.73 28.9593 2000.14 -12512.4 -28.9593 -2000.14 1.94069
1.735 28.5422 2000.15 -12332.2 -28.5422 -2000.15 1.99278
1.74 28.0802 2000.33 -12134.6 -28.0802 -2000.33 4.00673
1.745 27.6258 2000.27 -11937.6 -27.6258 -2000.27 3.22372
1.75 27.1731 2000.22 -11741.4 -27.1731 -2000.22 2.58984
1.755 26.7196 2000.21 -11545.7 -26.7196 -2000.21 2.85222
1.76 26.2623 2000.23 -11349.2 -26.2623 -2000.23 3.8496
1.765 25.8063 2000.28 -11152.7 -25.8063 -2000.28 4.35466
1.77 25.3474 2000.34 -10955 -25.3474 -2000.34 4.97803
1.775 24.9049 2000.27 -10762.9 -24.9049 -2000.27 4.01646
1.78 24.4732 2000.22 -10575.7 -24.4732 -2000.22 3.23872
1.785 24.0519 2000.18 -10393.1 -24.0519 -2000.18 2.60989
1.79 23.6405 2000.14 -10214.8 -23.6405 -2000.14 2.10145
1.795 23.2051 2000.31 -10029.7 -23.2051 -2000.31 5.12679
1.8 22.7662 2000.42 -9842.37 -22.7662 -2000.42 7.35333
1.805 22.3475 2000.34 -9660.05 -22.3475 -2000.34 5.92718
1.81 21.9345 2000.27 -9480.5 -21.9345 -2000.27 4.77297
1.815 21.5263 2000.22 -9303.22 -21.5263 -2000.22 3.85695
1.82 21.1225 2000.18 -9128.01 -21.1225 -2000.18 3.10251
1.825 20.7226 2000.14 -8954.68 -20.7226 -2000.14 2.50476
1.83 20.3267 2000.12 -8783.13 -20.3267 -2000.12 2.01545
1.835 19.9198 2000.16 -8608.9 -19.9198 -2000.16 3.56409
1.84 19.5109 2000.19 -8433.37 -19.5109 -2000.19 4.6468
1.845 19.1109 2000.15 -8259.65 -19.1109 -2000.15 3.74878
1.85 18.7118 2000.12 -8086.5 -18.7118 -2000.12 3.02575
1.855 18.3135 2000.09 -7913.86 -18.3135 -2000.09 2.44383
1.86 17.9157 2000.08 -7741.58 -17.9157 -2000.08 1.9727
1.865 17.5052 2000.11 -7565.59 -17.5052 -2000.11 3.33978
1.87 17.0975 2000.12 -7389.75 -17.0975 -2000.12 3.61071
1.875 16.6921 2000.1 -7213.91 -16.6921 -2000.1 2.91793
1.88 16.2849 2000.08 -7037.45 -16.2849 -2000.08 2.35315
1.885 15.876 2000.06 -6860.34 -15.876 -2000.06 1.89099
1.89 15.4547 2000.09 -6679.38 -15.4547 -2000.09 2.93322
1.895 15.0315 2000.1 -6496.92 -15.0315 -2000.1 3.32048
1.9 14.6087 2000.08 -6313.64 -14.6087 -2000.08 2.68675
1.905 14.1816 2000.06 -6128.63 -14.1816 -2000.06 2.17471
1.91 13.7499 2000.05 -5941.71 -13.7499 -2000.05 1.75531
1.915 13.3142 2000.04 -5753.16 -13.3142 -2000.04 1.41662
1.92 12.8763 2000.03 -5563.69 -12.8763 -2000.03 1.14403
1.925 12.4382 2000.02 -5374.22 -12.4382 -2000.02 0.899357
1.93 12.0019 2000.01 -5185.54 -12.0019 -2000.01 0.712264
1.935 11.569 2000.01 -4998.4 -11.569 -2000.01 0.575835
1.94 11.1414 2000.01 -4813.53 -11.1414 -2000.01 0.46196
1.945 10.7202 2000 -4631.49 -10.7202 -2000 0.366586
1.95 10.3062 2000 -4452.58 -10.3062 -2000 0.284774
1.955 9.89942 2000 -4276.78 -9.89942 -2000 0.227656
1.96 9.49926 2000 -4103.88 -9.49926 -2000 0.199168
1.965 9.10488 1999.99 -3933.48 -9.10488 -1999.99 0.168969
1.97 8.71521 2000 -3765.11 -8.71521 -2000 0.135476
1.975 8.3296 1999.99 -3598.46 -8.3296 -1999.99 0.0755467
1.98 7.9472 1999.98 -3433.23 -7.9472 -1999.98 0.0410394
1.985 7.56773 1999.99 -3269.3 -7.56773 -1999.99 0.040535
1.99 7.19136 1999.99 -3106.7 -7.19136 -1999.99 0.0336131
1.995 6.8182 1999.99 -2945.47 -6.8182 -1999.99 0.0131354
2 6.44843 1999.98 -2785.72 -6.44843 -1999.98 0.000926246
2.005 6.08179 1999.98 -2627.34 -6.08179 -1999.98 0.00851412
2.01 5.71821 1999.98 -2470.27 -5.71821 -1999.98 0.00257696
2.015 5.35741 1999.97 -2314.39 -5.35741 -1999.97 -0.0116084
2.02 4.99787 1999.97 -2159.11 -4.99787 -1999.97 0.0253756
2.025 4.63876 1999.98 -2003.98 -4.63876 -1999.98 0.035452
2.03 4.27936 1999.97 -1848.77 -4.27936 -1999.97 0.0864743
2.035 3.92022 1999.97 -1693.6 -3.92022 -1999.97 0.0672612
2.04 3.56213 1999.96 -1538.87 -3.56213 -1999.96 0.0343045
2.045 3.20653 1999.96 -1385.23 -3.20653 -1999.96 0.00610464
2.05 2.85427 1999.96 -1233.1 -2.85427 -1999.96 0.0506104
2.055 2.507 1999.96 -1083.13 -2.507 -1999.96 0.0997722
2.06 2.16624 1999.96 -935.886 -2.16624 -1999.96 0.0712206
2.065 1.83256 1999.95 -791.651 -1.83256 -1999.95 -0.0152775
2.07 1.50416 1999.94 -649.861 -1.50416 -1999.94 0.063909
2.075 1.18084 1999.94 -510.203 -1.18084 -1999.94 0.0804134
2.08 0.861361 1999.94 -372.199 -0.861361 -1999.94 0.0908545
2.085 0.544846 1999.95 -235.482 -0.544846 -1999.95 0.108104
2.09 0.231393 1999.95 -100.064 -0.231393 -1999.95 0.102001
2.095 -0.0787708 1999.96 33.9191 0.0787708 -1999.96 0.109832
2.1 -0.385034 1999.96 166.119 0.385034 -1999.96 0.215951
2.105 -0.68509 1999.95 295.81 0.68509 -1999.95 0.149452
2.11 -0.978167 1999.95 422.491 0.978167 -1999.95 0.0770943
2.115 -1.26269 1999.96 545.336 1.26269 -1999.96 0.14707
2.12 -1.53585 1999.95 663.235 1.53585 -1999.95 0.251065
2.125 -1.79571 1999.95 775.436 1.79571 -1999.95 0.312383
2.13 -2.04103 1999.96 881.368 2.04103 -1999.96 0.356051
2.135 -2.26935 1999.95 980.155 2.26935 -1999.95 0.203602
2.14 -2.48199 1999.94 1071.79 2.48199 -1999.94 0.425949
2.145 -2.67867 1999.95 1156.67 2.67867 -1999.95 0.512096
2.15 -2.86066 1999.95 1235.3 2.86066 -1999.95 0.502152
2.155 -3.02982 1999.95 1308.18 3.02982 -1999.95 0.701049
2.16 -3.18751 1999.95 1376.32 3.18751 -1999.95 0.687207
2.165 -3.33504 1999.94 1440.27 3.33504 -1999.94 0.471013
2.17 -3.47577 1999.94 1501.2 3.47577 -1999.94 0.328225
2.175 -3.6129 1999.95 1560.44 3.6129 -1999.95 0.335114
2.18 -3.74845 1999.95 1618.98 3.74845 -1999.95 0.345637
2.185 -3.88506 1999.96 1678.06 3.88506 -1999.96 0.28422
2.19 -4.0255 1999.97 1738.78 4.0255 -1999.97 0.234584
2.195 -4.16985 1999.96 1801.39 4.16985 -1999.96 -0.0104643
2.2 -4.32111 1999.96 1866.87 4.32111 -1999.96 -0.151886
2.205 -4.48056 1999.97 1935.72 4.48056 -1999.97 -0.11947
2.21 -4.6469 1999.97 2007.61 4.6469 -1999.97 -0.152329
2.215 -4.81842 1999.97 2081.84 4.81842 -1999.97 -0.281508
2.22 -4.9943 1999.97 2157.88 4.9943 -1999.97 -0.33955
2.225 -5.17069 1999.96 2234.14 5.17069 -1999.96 -0.400429
2.23 -5.34554 1999.97 2309.6 5.34554 -1999.97 -0.324686
2.235 -5.51459 1999.97 2382.57 5.51459 -1999.97 -0.263515
2.24 -5.67449 1999.98 2451.59 5.67449 -1999.98 -0.214079
2.245 -5.82199 1999.98 2515.35 5.82199 -1999.98 -0.24949
2.25 -5.95563 1999.98 2573.1 5.95563 -1999.98 -0.267388
2.255 -6.0748 1999.98 2624.53 6.0748 -1999.98 -0.217749
2.26 -6.17931 1999.99 2669.64 6.17931 -1999.99 -0.177335
2.265 -6.27021 1999.99 2708.88 6.27021 -1999.99 -0.144402
2.27 -6.34921 1999.99 2742.98 6.34921 -1999.99 -0.11756
2.275 -6.41808 1999.99 2772.72 6.41808 -1999.99 -0.10393
2.28 -6.47808 1999.99 2798.63 6.47808 -1999.99 -0.101144
2.285 -6.52965 1999.99 2820.89 6.52965 -1999.99 -0.0823133
2.29 -6.57198 2000 2839.16 6.57198 -2000 -0.0669489
2.295 -6.60374 2000 2852.87 6.60374 -2000 -0.0543979
2.3 -6.62362 2000 2861.45 6.62362 -2000 -0.0441411
2.305 -6.63054 2000 2864.43 6.63054 -2000 -0.0357722
2.31 -6.6228 1999.98 2861.09 6.6228 -1999.98 -0.0402834
2.315 -6.59912 1999.97 2850.87 6.59912 -1999.97 -0.0442044
2.32 -6.55967 1999.98 2833.81 6.55967 -1999.98 -0.0358001
2.325 -6.50504 1999.98 2810.21 6.50504 -1999.98 -0.0289924
2.33 -6.43627 1999.99 2780.49 6.43627 -1999.99 -0.0234772
2.335 -6.35451 1999.99 2745.17 6.35451 -1999.99 -0.0190067
2.34 -6.26092 1999.99 2704.73 6.26092 -1999.99 -0.01538
2.345 -6.15665 1999.99 2659.68 6.15665 -1999.99 -0.0124344
2.35 -6.04301 1999.99 2610.59 6.04301 -1999.99 -0.0100378
2.355 -5.92163 1999.99 2558.15 5.92163 -1999.99 -0.00808357
2.36 -5.79466 2000 2503.3 5.79466 -2000 -0.00648618
2.365 -5.66501 2000 2447.29 5.66501 -2000 -0.00517811
2.37 -5.53644 2000 2391.75 5.53644 -2000 -0.0041074
2.375 -5.41323 2000 2338.52 5.41323 -2000 -0.0032349
2.38 -5.29948 2000 2289.38 5.29948 -2000 -0.00253079
2.385 -5.19861 2000 2245.8 5.19861 -2000 -0.00197067
2.39 -5.11324 2000 2208.92 5.11324 -2000 -0.00153275
2.395 -5.04537 2000 2179.6 5.04537 -2000 -0.00119652
2.4 -4.99642 2000 2158.45 4.99642 -2000 -0.000942248
2.405 -4.96699 2000 2145.74 4.96699 -2000 -0.000750963
2.41 -4.95683 2000 2141.35 4.95683 -2000 -0.0006051
2.415 -4.96508 2000 2144.91 4.96508 -2000 -0.000426966
2.42 -4.9906 2000 2155.94 4.9906 -2000 -0.000280712
2.425 -5.03218 2000 2173.9 5.03218 -2000 -0.000230573
2.43 -5.08872 2000 2198.33 5.08872 -2000 -0.000201186
2.435 -5.15957 2000 2228.93 5.15957 -2000 -0.000206124
2.44 -5.24476 2000 2265.74 5.24476 -2000 -0.000269657
2.445 -5.34459 2000 2308.86 5.34459 -2000 -0.00043019
2.45 -5.45931 2000 2358.42 5.45931 -2000 -0.000742926
2.455 -5.5892 2000 2414.53 5.5892 -2000 -0.00128226
2.46 -5.73488 2000 2477.47 5.73488 -2000 -0.00208464
2.465 -5.89732 2000 2547.65 5.89732 -2000 -0.00326029
2.47 -6.07763 2000 2625.54 6.07763 -2000 -0.00500849
2.475 -6.27678 2000 2711.58 6.27678 -2000 -0.00742934
2.48 -6.49527 2000 2805.97 6.49527 -2000 -0.009291
2.485 -6.72415 1999.84 2904.9 6.72415 -1999.84 -0.0713562
2.49 -6.9578 1999.67 3005.92 6.9578 -1999.67 -0.153759
2.495 -7.20762 1999.71 3113.73 7.20762 -1999.71 -0.0343654
2.5 -7.47419 1999.75 3228.69 7.47419 -1999.75 0.162517
2.505 -7.75776 1999.79 3351.17 7.75776 -1999.79 0.185624
2.51 -8.05998 1999.82 3481.85 8.05998 -1999.82 0.0637271
2.515 -8.38273 1999.85 3621.48 8.38273 -1999.85 -0.140926
2.52 -8.72767 1999.86 3770.74 8.72767 -1999.86 -0.391456
2.525 -9.09655 1999.87 3930.32 9.09655 -1999.87 -0.606497
2.53 -9.49119 1999.89 4100.9 9.49119 -1999.89 -0.710738
2.535 -9.91287 1999.9 4283.09 9.91287 -1999.9 -0.726794
2.54 -10.3627 1999.91 4477.41 10.3627 -1999.91 -0.712145
2.545 -10.8423 1999.92 4684.57 10.8423 -1999.92 -0.695816
2.55 -11.3536 1999.93 4905.43 11.3536 -1999.93 -0.685561
2.555 -11.8988 1999.94 5140.99 11.8988 -1999.94 -0.684316
2.56 -12.4804 1999.94 5392.24 12.4804 -1999.94 -0.693815
2.565 -13.1008 1999.94 5660.27 13.1008 -1999.94 -0.714641
2.57 -13.7625 1999.94 5946.16 13.7625 -1999.94 -0.746516
2.575 -14.4677 1999.94 6250.83 14.4677 -1999.94 -0.788824
2.58 -15.2176 1999.94 6574.86 15.2176 -1999.94 -0.84077
2.585 -16.0129 1999.93 6918.46 16.0129 -1999.93 -0.901426
2.59 -16.8352 2000 7276.21 16.8352 -2000 -3.41298
2.595 -17.7008 2000.04 7651.54 17.7008 -2000.04 -4.80577
2.6 -18.6149 2000 8045.82 18.6149 -2000 -4.16668
2.605 -19.5434 2000.08 8449.68 19.5434 -2000.08 -6.93239
2.61 -20.4758 2000.28 8858.22 20.4758 -2000.28 -12.651
2.615 -21.4452 2000.33 9278.59 21.4452 -2000.33 -14.252
2.62 -22.4583 2000.23 9713.9 22.4583 -2000.23 -11.9235
2.625 -23.4971 2000.15 10160.8 23.4971 -2000.15 -10.0992
2.63 -24.4998 2000.42 10599.9 24.4998 -2000.42 -16.0085
2.635 -25.4755 2000.72 11026.1 25.4755 -2000.72 -20.7284
2.64 -26.4962 2000.54 11463.7 26.4962 -2000.54 -17.2755
2.645 -27.4644 2000.87 11884.8 27.4644 -2000.87 -20.2046
2.65 -28.3966 2001.29 12293.5 28.3966 -2001.29 -26.1625
2.655 -29.2705 2001.61 12674.3 29.2705 -2001.61 -29.4521
2.66 -30.179 2001.25 13061.7 30.179 -2001.25 -24.3563
2.665 -31.0913 2000.96 13451.8 31.0913 -2000.96 -20.33
2.67 -31.9866 2000.94 13837.1 31.9866 -2000.94 -18.8743
2.675 -32.8006 2001.33 14192.9 32.8006 -2001.33 -23.0914
2.68 -33.6361 2001.11 14552.1 33.6361 -2001.11 -21.2886
2.685 -34.4823 2000.85 14914.3 34.4823 -2000.85 -17.9675
2.69 -35.3324 2000.63 15278.9 35.3324 -2000.63 -15.3066
2.695 -36.1341 2001.06 15627.1 36.1341 -2001.06 -17.1485
2.7 -36.9264 2001.24 15969.7 36.9264 -2001.24 -17.4899
2.705 -37.7116 2001.08 16309.1 37.7116 -2001.08 -17.6259
2.71 -38.4838 2000.97 16643.3 38.4838 -2000.97 -18.2669
2.715 -39.2534 2000.83 16975 39.2534 -2000.83 -17.5283
2.72 -39.9623 2001.18 17288 39.9623 -2001.18 -24.3093
2.725 -40.6501 2001.42 17586.7 40.6501 -2001.42 -25.8777
2.73 -41.3384 2001.2 17881.9 41.3384 -2001.2 -23.7038
2.735 -41.9853 2001.21 18163.2 41.9853 -2001.21 -25.5291
2.74 -42.6289 2001.04 18439.4 42.6289 -2001.04 -23.7394
2.745 -43.2154 2001.33 18698.8 43.2154 -2001.33 -29.7835
2.75 -43.8108 2001.32 18956.8 43.8108 -2001.32 -30.5633
2.755 -44.3669 2001.53 19201 44.3669 -2001.53 -34.4929
2.76 -44.9283 2001.69 19440.4 44.9283 -2001.69 -31.3957
2.765 -45.4287 2002.08 19660.2 45.4287 -2002.08 -35.0419
2.77 -45.9198 2002.3 19872.7 45.9198 -2002.3 -35.332
2.775 -46.3766 2002.35 20068.6 46.3766 -2002.35 -33.8828
2.78 -46.8304 2001.96 20262.5 46.8304 -2001.96 -31.7376
2.785 -47.2652 2001.75 20450.8 47.2652 -2001.75 -32.2312
2.79 -47.7021 2001.73 20636.2 47.7021 -2001.73 -28.8646
2.795 -48.1307 2001.74 20818.8 48.1307 -2001.74 -26.3484
2.8 -48.5456 2001.73 20993.9 48.5456 -2001.73 -22.2313
2.805 -48.9441 2001.41 21165.8 48.9441 -2001.41 -21.9334
2.81 -49.3288 2001.08 21335.3 49.3288 -2001.08 -25.2505
2.815 -49.6981 2000.84 21499.9 49.6981 -2000.84 -30.3349
2.82 -50.0417 2000.85 21651.8 50.0417 -2000.85 -33.8347
2.825 -50.3493 2000.88 21786 50.3493 -2000.88 -35.1267
2.83 -50.4995 2000.38 21879.4 50.4995 -2000.38 -63.6802
2.835 -50.4162 1999.5 21899.3 50.4162 -1999.5 -119.479
2.84 -50.1593 1997.86 21834.1 50.1593 -1997.86 -165.34
2.845 -49.6872 1996.27 21650.1 49.6872 -1996.27 -185.29
2.85 -49.2328 1996.56 21432.6 49.2328 -1996.56 -164.057
2.855 -48.7014 1996.93 21179.4 48.7014 -1996.93 -140.403
2.86 -48.0474 1996.49 20883.1 48.0474 -1996.49 -126.624
2.865 -47.345 1996.29 20563.7 47.345 -1996.29 -110.649
2.87 -46.6079 1996.55 20225.5 46.6079 -1996.55 -90.8923
2.875 -45.8019 1996.56 19864.6 45.8019 -1996.56 -78.154
2.88 -45.0863 1997.15 19524.3 45.0863 -1997.15 -47.0577
2.885 -44.56 1998.37 19256.9 44.56 -1998.37 -6.95686
2.89 -43.9134 1998.28 18977.8 43.9134 -1998.28 -7.22871
2.895 -43.3105 1998.7 18704.3 43.3105 -1998.7 5.80954
2.9 -42.8226 1999.27 18476.8 42.8226 -1999.27 22.5641
2.905 -42.2391 1998.43 18235 42.2391 -1998.43 12.2679
2.91 -41.6303 1997.64 17981.3 41.6303 -1997.64 2.97963
2.915 -40.976 1996.66 17709.6 40.976 -1996.66 -7.91443
2.92 -40.3713 1996.66 17445.1 40.3713 -1996.66 -4.71004
2.925 -40.3637 2000.65 17352.5 40.3637 -2000.65 84.5739
2.93 -40.2118 2001.54 17262.7 40.2118 -2001.54 108.761
2.935 -39.9706 2000.75 17175.4 39.9706 -2000.75 91.9359
2.94 -39.9884 2001.77 17173.2 39.9884 -2001.77 101.792
2.945 -39.9189 2001.18 17163.7 39.9189 -2001.18 81.3184
2.95 -39.8463 2000.37 17150.3 39.8463 -2000.37 63.2957
2.955 -39.7776 1999.76 17135 39.7776 -1999.76 48.9297
2.96 -39.6993 1999.02 17114.3 39.6993 -1999.02 35.8321
2.965 -39.6253 1998.59 17092 39.6253 -1998.59 26.1891
2.97 -39.5876 1999.15 17077.7 39.5876 -1999.15 24.1201
2.975 -39.5641 1999.65 17069 39.5641 -1999.65 22.6973
2.98 -39.528 1999.58 17058.1 39.528 -1999.58 17.9575
2.985 -39.4929 1999.52 17046.8 39.4929 -1999.52 14.1045
2.99 -39.458 1999.45 17034.9 39.458 -1999.45 10.9445
2.995 -39.4225 1999.38 17022.2 39.4225 -1999.38 8.33193
3 -39.3858 1999.3 17008.5 39.3858 -1999.3 6.14549
3.005 -39.347 1999.2 16993.6 39.347 -1999.2 4.28169
3.01 -39.3053 1999.09 16977.3 39.3053 -1999.09 2.64817
3.015 -39.2596 1998.93 16959 39.2596 -1998.93 1.15726
3.02 -39.1899 1997.97 16932.8 39.1899 -1997.97 -2.75411
3.025 -39.1176 1997.48 16903.7 39.1176 -1997.48 -4.90746
3.03 -39.0359 1997.03 16869.7 39.0359 -1997.03 -6.142
3.035 -38.8926 1995.26 16813 38.8926 -1995.26 -11.3486
3.04 -38.6887 1997.14 16726 38.6887 -1997.14 -12.4442
3.045 -38.5974 2007.18 16668.8 38.5974 -2007.18 5.2864
3.05 -38.4979 2009.56 16620.3 38.4979 -2009.56 10.8179
3.055 -38.3464 2006.63 16559.9 38.3464 -2006.63 5.70709
3.06 -38.177 2004.25 16490.2 38.177 -2004.25 2.23793
3.065 -37.9832 2002.13 16409.7 37.9832 -2002.13 -0.965641
3.07 -37.7709 1999.37 16317.7 37.7709 -1999.37 -0.636981
3.075 -37.5425 1995.99 16218.6 37.5425 -1995.99 -0.216533
3.08 -36.4474 1998.06 15821.5 36.4474 -1998.06 -76.2285
3.085 -34.9295 1974.52 15260.9 34.9295 -1974.52 -171.353
3.09 -34.0272 1948.11 14806.9 34.0272 -1948.11 -107.108
3.095 -3.59916 170.082 3185.35 3.59916 -170.082 -1630.51
3.1 -1.93936 -11.4399 513.696 1.93936 11.4399 324.11
