0.1 -2.19623e-17 -0.0161991 1.01677e-19
0.2 -5.51508e-17 -0.0326526 2.55328e-19
0.3 -4.62276e-17 -0.0493728 2.14017e-19
0.4 -9.43028e-17 -0.0663732 4.36587e-19
0.5 -3.67407e-17 -0.0836727 1.70096e-19
0.6 -5.50659e-17 -0.101387 2.54935e-19
0.7 -6.12937e-18 -0.119702 2.83767e-20
0.8 -2.48718e-16 -0.138457 1.15147e-18
0.9 -1.41239e-16 -0.157615 6.53883e-19
1 -7.23475e-17 -0.177198 3.34942e-19
0.005 6.53101e-05 -0.177198 -2.26771e-07
0.01 0.000326311 -0.177198 -1.13302e-06
0.015 0.000847596 -0.1772 -2.94302e-06
0.02 0.00162821 -0.177203 -5.65349e-06
0.025 0.00266722 -0.177206 -9.26112e-06
0.03 0.00396363 -0.17721 -1.37625e-05
0.035 0.00551643 -0.177214 -1.91541e-05
0.04 0.00732457 -0.17722 -2.54322e-05
0.045 0.00938695 -0.177226 -3.2593e-05
0.05 0.0117024 -0.177233 -4.06326e-05
0.055 0.0142699 -0.177241 -4.95468e-05
0.06 0.017088 -0.177249 -5.93313e-05
0.065 0.0201556 -0.177259 -6.99822e-05
0.07 0.0234717 -0.177269 -8.14953e-05
0.075 0.0270351 -0.17728 -9.38669e-05
0.08 0.0308449 -0.177291 -0.000107094
0.085 0.0348999 -0.177304 -0.000121172
0.09 0.0391991 -0.177317 -0.000136097
0.095 0.0437412 -0.177331 -0.000151865
0.1 0.0485249 -0.177345 -0.000168472
0.105 0.053549 -0.177361 -0.000185913
0.11 0.0588118 -0.177377 -0.000204182
0.115 0.0643113 -0.177393 -0.000223273
0.12 0.0700455 -0.177411 -0.000243178
0.125 0.0760129 -0.177429 -0.000263891
0.13 0.0822125 -0.177449 -0.00028541
0.135 0.0886438 -0.177468 -0.000307733
0.14 0.095306 -0.177489 -0.000330856
0.145 0.102198 -0.17751 -0.000354778
0.15 0.109319 -0.177532 -0.000379492
0.155 0.116667 -0.177555 -0.000404992
0.16 0.12424 -0.177579 -0.000431273
0.165 0.132036 -0.177603 -0.000458326
0.17 0.140053 -0.177628 -0.000486148
0.175 0.148291 -0.177654 -0.000514733
0.18 0.156747 -0.177681 -0.000544075
0.185 0.165418 -0.177708 -0.000574161
0.19 0.1743 -0.177736 -0.00060498
0.195 0.183392 -0.177765 -0.000636523
0.2 0.192691 -0.177794 -0.000668785
0.205 0.202198 -0.177825 -0.000701767
0.21 0.211913 -0.177855 -0.000735468
0.215 0.221836 -0.177887 -0.000769891
0.22 0.231967 -0.17792 -0.000805032
0.225 0.242304 -0.177953 -0.000840887
0.23 0.252846 -0.177987 -0.000877451
0.235 0.263591 -0.178022 -0.000914716
0.24 0.274538 -0.178057 -0.000952679
0.245 0.285684 -0.178093 -0.000991333
0.25 0.297028 -0.17813 -0.00103067
0.255 0.308565 -0.178168 -0.00107067
0.26 0.32029 -0.178206 -0.00111133
0.265 0.3322 -0.178245 -0.00115262
0.27 0.344294 -0.178285 -0.00119455
0.275 0.356575 -0.178326 -0.00123713
0.28 0.369043 -0.178367 -0.00128035
0.285 0.381698 -0.178409 -0.00132421
0.29 0.394537 -0.178452 -0.00136872
0.295 0.407556 -0.178496 -0.00141384
0.3 0.42075 -0.17854 -0.00145956
0.305 0.434112 -0.178585 -0.00150587
0.31 0.447637 -0.178631 -0.00155274
0.315 0.46132 -0.178678 -0.00160015
0.32 0.47516 -0.178725 -0.0016481
0.325 0.489154 -0.178773 -0.00169658
0.33 0.503296 -0.178821 -0.00174558
0.335 0.517581 -0.17887 -0.00179506
0.34 0.532009 -0.17892 -0.00184504
0.345 0.546581 -0.178971 -0.00189551
0.35 0.561297 -0.179022 -0.00194648
0.355 0.576157 -0.179074 -0.00199794
0.36 0.591166 -0.179126 -0.00204991
0.365 0.606325 -0.17918 -0.0021024
0.37 0.62164 -0.179234 -0.00215542
0.375 0.637107 -0.179289 -0.00220897
0.38 0.652727 -0.179344 -0.00226304
0.385 0.668495 -0.179401 -0.00231762
0.39 0.684404 -0.179458 -0.00237269
0.395 0.700446 -0.179515 -0.00242821
0.4 0.71661 -0.179574 -0.00248415
0.405 0.732892 -0.179633 -0.00254049
0.41 0.749286 -0.179693 -0.00259721
0.415 0.76579 -0.179753 -0.00265431
0.42 0.782402 -0.179814 -0.00271178
0.425 0.79912 -0.179875 -0.00276961
0.43 0.815945 -0.179938 -0.00282781
0.435 0.832882 -0.18 -0.00288638
0.44 0.849938 -0.180064 -0.00294537
0.445 0.867115 -0.180128 -0.00300476
0.45 0.884407 -0.180193 -0.00306455
0.455 0.901803 -0.180259 -0.00312469
0.46 0.919288 -0.180325 -0.00318514
0.465 0.936845 -0.180392 -0.00324582
0.47 0.954455 -0.180459 -0.00330669
0.475 0.972109 -0.180527 -0.0033677
0.48 0.989803 -0.180595 -0.00342884
0.485 1.00753 -0.180663 -0.0034901
0.49 1.0253 -0.180732 -0.00355148
0.495 1.04309 -0.180801 -0.00361294
0.5 1.06091 -0.180871 -0.0036745
0.505 1.07876 -0.180941 -0.00373615
0.51 1.09666 -0.181011 -0.00379795
0.515 1.11461 -0.181082 -0.00385993
0.52 1.13261 -0.181154 -0.0039221
0.525 1.15068 -0.181226 -0.00398447
0.53 1.16881 -0.181298 -0.00404706
0.535 1.187 -0.181371 -0.00410984
0.54 1.20523 -0.181445 -0.00417277
0.545 1.22351 -0.181518 -0.00423582
0.55 1.24181 -0.181593 -0.00429897
0.555 1.26012 -0.181667 -0.00436216
0.56 1.27844 -0.181742 -0.00442533
0.565 1.29673 -0.181817 -0.00448844
0.57 1.31501 -0.181893 -0.00455147
0.575 1.33326 -0.181968 -0.0046144
0.58 1.35148 -0.182044 -0.00467724
0.585 1.36968 -0.18212 -0.00473995
0.59 1.38783 -0.182196 -0.00480254
0.595 1.40595 -0.182272 -0.004865
0.6 1.42404 -0.182348 -0.00492734
0.605 1.4421 -0.182424 -0.00498959
0.61 1.46015 -0.182501 -0.00505173
0.615 1.47816 -0.182575 -0.00511359
0.62 1.49615 -0.182647 -0.00517516
0.625 1.5141 -0.18272 -0.00523661
0.63 1.532 -0.182792 -0.00529788
0.635 1.54985 -0.182865 -0.00535897
0.64 1.56766 -0.182938 -0.00541994
0.645 1.58547 -0.183009 -0.0054807
0.65 1.60329 -0.183078 -0.00554134
0.655 1.62115 -0.183147 -0.00560209
0.66 1.63904 -0.183217 -0.00566298
0.665 1.65697 -0.183288 -0.00572398
0.67 1.6749 -0.183358 -0.00578497
0.675 1.69277 -0.183429 -0.00584574
0.68 1.71053 -0.183494 -0.00590574
0.685 1.72809 -0.183554 -0.00596475
0.69 1.7454 -0.183614 -0.00602294
0.695 1.76245 -0.183673 -0.00608024
0.7 1.77922 -0.183732 -0.00613663
0.705 1.79574 -0.183782 -0.00619188
0.71 1.81203 -0.183826 -0.00624609
0.715 1.82813 -0.183869 -0.00629964
0.72 1.84404 -0.183912 -0.00635261
0.725 1.85978 -0.183956 -0.00640499
0.73 1.87531 -0.183998 -0.00645669
0.735 1.89061 -0.18404 -0.00650759
0.74 1.90567 -0.184078 -0.00655738
0.745 1.92047 -0.184111 -0.00660606
0.75 1.93498 -0.184144 -0.00665383
0.755 1.94921 -0.184176 -0.00670064
0.76 1.96317 -0.184201 -0.00674638
0.765 1.97692 -0.184221 -0.00679123
0.77 1.99051 -0.184242 -0.00683557
0.775 2.00399 -0.184262 -0.00687957
0.78 2.01741 -0.184284 -0.0069234
0.785 2.03083 -0.184305 -0.00696724
0.79 2.04428 -0.184327 -0.00701115
0.795 2.05775 -0.18435 -0.00705514
0.8 2.07121 -0.184372 -0.00709912
0.805 2.08463 -0.184395 -0.00714296
0.81 2.09795 -0.184418 -0.00718645
0.815 2.1111 -0.184441 -0.00722937
0.82 2.12402 -0.184459 -0.00727135
0.825 2.13669 -0.184463 -0.007312
0.83 2.14907 -0.184459 -0.00735149
0.835 2.16114 -0.184456 -0.00738999
0.84 2.17287 -0.184453 -0.00742742
0.845 2.18424 -0.184451 -0.00746372
0.85 2.19524 -0.18445 -0.00749885
0.855 2.20587 -0.184449 -0.00753281
0.86 2.21611 -0.184448 -0.00756553
0.865 2.22593 -0.184448 -0.00759689
0.87 2.23527 -0.184448 -0.00762673
0.875 2.2441 -0.184448 -0.00765495
0.88 2.25241 -0.184448 -0.0076815
0.885 2.26018 -0.184448 -0.00770635
0.89 2.26743 -0.184449 -0.0077295
0.895 2.27414 -0.184449 -0.00775096
0.9 2.28034 -0.184449 -0.00777078
0.905 2.28604 -0.18445 -0.00778899
0.91 2.29124 -0.18445 -0.00780558
0.915 2.29593 -0.184451 -0.00782056
0.92 2.30012 -0.184451 -0.00783398
0.925 2.30387 -0.184451 -0.00784594
0.93 2.3072 -0.184452 -0.00785658
0.935 2.31015 -0.184452 -0.007866
0.94 2.31274 -0.184452 -0.00787429
0.945 2.315 -0.184453 -0.0078815
0.95 2.31692 -0.184453 -0.00788765
0.955 2.31851 -0.184453 -0.00789273
0.96 2.31976 -0.184453 -0.00789672
0.965 2.32065 -0.184453 -0.00789955
0.97 2.32114 -0.184453 -0.00790111
0.975 2.32117 -0.184453 -0.00790123
0.98 2.32071 -0.184453 -0.00789974
0.985 2.31971 -0.184457 -0.00789649
0.99 2.31815 -0.184463 -0.00789142
0.995 2.31604 -0.184472 -0.00788456
1 2.31339 -0.184484 -0.00787595
1.005 2.31024 -0.184497 -0.0078657
1.01 2.3066 -0.184512 -0.00785388
1.015 2.3025 -0.184529 -0.00784054
1.02 2.29792 -0.184548 -0.00782568
1.025 2.29288 -0.184569 -0.0078093
1.03 2.28736 -0.184591 -0.00779135
1.035 2.28133 -0.184616 -0.00777174
1.04 2.27473 -0.184643 -0.0077503
1.045 2.26752 -0.184673 -0.00772687
1.05 2.25965 -0.184705 -0.00770128
1.055 2.25107 -0.18474 -0.00767342
1.06 2.24176 -0.184779 -0.00764316
1.065 2.23168 -0.18482 -0.00761039
1.07 2.22081 -0.184865 -0.00757507
1.075 2.20917 -0.184913 -0.00753725
1.08 2.1968 -0.184963 -0.00749706
1.085 2.18372 -0.185017 -0.00745455
1.09 2.16994 -0.185074 -0.00740978
1.095 2.15549 -0.185133 -0.00736281
1.1 2.14037 -0.185195 -0.00731368
1.105 2.12458 -0.185259 -0.00726235
1.11 2.1081 -0.185314 -0.00720834
1.115 2.09091 -0.185357 -0.0071514
1.12 2.07299 -0.1854 -0.00709188
1.125 2.05436 -0.185445 -0.00703001
1.13 2.03498 -0.185492 -0.0069657
1.135 2.01483 -0.185542 -0.00689884
1.14 1.99388 -0.185595 -0.00682934
1.145 1.97216 -0.185649 -0.00675731
1.15 1.94975 -0.185704 -0.00668293
1.155 1.9267 -0.185752 -0.00660608
1.16 1.90306 -0.185793 -0.00652698
1.165 1.87886 -0.185835 -0.006446
1.17 1.85412 -0.185873 -0.00636277
1.175 1.8288 -0.185908 -0.00627729
1.18 1.80289 -0.185943 -0.00618977
1.185 1.77629 -0.185968 -0.00609951
1.19 1.74891 -0.185984 -0.00600618
1.195 1.72063 -0.186002 -0.00590983
1.2 1.69136 -0.186021 -0.00581011
1.205 1.66108 -0.186034 -0.0057064
1.21 1.62983 -0.186041 -0.00559885
1.215 1.5977 -0.186049 -0.00548832
1.22 1.56479 -0.186058 -0.00537514
1.225 1.53124 -0.186063 -0.00525942
1.23 1.49715 -0.186065 -0.00514159
1.235 1.46263 -0.186068 -0.00502226
1.24 1.42771 -0.186067 -0.00490127
1.245 1.39242 -0.186064 -0.00477866
1.25 1.35669 -0.18606 -0.00465461
1.255 1.32045 -0.186057 -0.00452879
1.26 1.28356 -0.186054 -0.00440079
1.265 1.24591 -0.186052 -0.00427016
1.27 1.20738 -0.18605 -0.00413649
1.275 1.16785 -0.186048 -0.00399941
1.28 1.12724 -0.186046 -0.00385858
1.285 1.08549 -0.186044 -0.0037138
1.29 1.04257 -0.186042 -0.00356502
1.295 0.998496 -0.18604 -0.00341223
1.3 0.953287 -0.186039 -0.00325554
1.305 0.90699 -0.186038 -0.0030951
1.31 0.859649 -0.186037 -0.00293107
1.315 0.811297 -0.186037 -0.00276355
1.32 0.761975 -0.186038 -0.0025927
1.325 0.711745 -0.18604 -0.00241872
1.33 0.660684 -0.186043 -0.00224189
1.335 0.608883 -0.186049 -0.00206252
1.34 0.556432 -0.186057 -0.00188094
1.345 0.503406 -0.186068 -0.00169739
1.35 0.44986 -0.186086 -0.00151207
1.355 0.39583 -0.186114 -0.00132512
1.36 0.341333 -0.186155 -0.00113654
1.365 0.286359 -0.18621 -0.000946238
1.37 0.230894 -0.186277 -0.000754145
1.375 0.174933 -0.186366 -0.00056002
1.38 0.118482 -0.186498 -0.000363616
1.385 0.0615444 -0.186669 -0.000165821
1.39 0.00412304 -0.186851 3.30538e-05
1.395 -0.0537782 -0.187036 0.000233566
1.4 -0.112156 -0.187223 0.000435688
1.405 -0.171005 -0.187414 0.000639394
1.41 -0.230322 -0.187608 0.000844663
1.415 -0.290105 -0.187805 0.00105148
1.42 -0.350362 -0.188006 0.00125988
1.425 -0.411123 -0.188211 0.00146994
1.43 -0.472437 -0.18842 0.00168186
1.435 -0.534359 -0.188634 0.0018958
1.44 -0.596931 -0.188852 0.00211191
1.445 -0.660172 -0.189076 0.00233027
1.45 -0.724097 -0.189306 0.00255091
1.455 -0.788735 -0.189541 0.00277394
1.46 -0.854126 -0.189782 0.00299948
1.465 -0.920293 -0.19003 0.00322762
1.47 -0.987216 -0.190284 0.00345827
1.475 -1.05484 -0.190536 0.00369052
1.48 -1.12308 -0.190785 0.00392411
1.485 -1.19188 -0.191031 0.00415877
1.49 -1.26118 -0.191271 0.00439417
1.495 -1.33095 -0.191497 0.00462963
1.5 -1.40121 -0.191709 0.00486532
1.505 -1.47199 -0.191892 0.00510125
1.51 -1.54333 -0.192031 0.00533653
1.515 -1.61534 -0.192157 0.00557276
1.52 -1.68809 -0.19225 0.00581005
1.525 -1.76163 -0.192243 0.00604606
1.53 -1.83596 -0.192177 0.00628217
1.535 -1.91103 -0.192124 0.00652089
1.54 -1.98676 -0.192076 0.00676174
1.545 -2.06307 -0.191976 0.00700288
1.55 -2.13991 -0.19182 0.00724368
1.555 -2.21723 -0.191665 0.00748553
1.56 -2.29504 -0.19152 0.00772901
1.565 -2.37336 -0.191381 0.00797409
1.57 -2.45226 -0.191199 0.00821989
1.575 -2.53181 -0.190977 0.00846662
1.58 -2.61206 -0.190743 0.00871453
1.585 -2.6931 -0.190496 0.00896383
1.59 -2.77498 -0.19024 0.00921494
1.595 -2.85777 -0.189947 0.00946668
1.6 -2.94149 -0.189628 0.00971981
1.605 -3.02613 -0.189273 0.0099749
1.61 -3.11159 -0.188853 0.0102302
1.615 -3.19777 -0.188392 0.0104853
1.62 -3.28452 -0.187881 0.0107394
1.625 -3.37173 -0.187337 0.0109929
1.63 -3.45929 -0.186758 0.0112455
1.635 -3.54716 -0.186142 0.0114969
1.64 -3.63529 -0.18547 0.0117463
1.645 -3.72364 -0.184736 0.0119943
1.65 -3.8122 -0.183965 0.0122419
1.655 -3.901 -0.183129 0.0124882
1.66 -3.99012 -0.182262 0.0127348
1.665 -4.0797 -0.181367 0.0129807
1.67 -4.16989 -0.180443 0.0132264
1.675 -4.26083 -0.179491 0.0134734
1.68 -4.35268 -0.178511 0.013722
1.685 -4.44552 -0.177523 0.0139725
1.69 -4.5394 -0.176489 0.0142253
1.695 -4.6343 -0.175406 0.0144805
1.7 -4.73017 -0.174312 0.0147375
1.705 -4.82688 -0.173215 0.0149955
1.71 -4.92431 -0.172096 0.0152529
1.715 -5.02231 -0.170957 0.0155091
1.72 -5.12077 -0.169817 0.0157645
1.725 -5.21959 -0.168652 0.0160186
1.73 -5.31871 -0.167448 0.0162677
1.735 -5.41807 -0.166242 0.0165103
1.74 -5.51765 -0.16506 0.016743
1.745 -5.61743 -0.163918 0.0169664
1.75 -5.71738 -0.162877 0.0171813
1.755 -5.81746 -0.161957 0.0173862
1.76 -5.9176 -0.161035 0.017588
1.765 -6.01777 -0.160077 0.0177901
1.77 -6.11801 -0.159141 0.0179914
1.775 -6.2184 -0.158222 0.0181915
1.78 -6.31904 -0.157344 0.0183891
1.785 -6.42004 -0.156523 0.0185851
1.79 -6.5215 -0.155726 0.0187826
1.795 -6.62351 -0.154937 0.0189816
1.8 -6.72608 -0.154119 0.0191834
1.805 -6.82918 -0.153278 0.0193875
1.81 -6.93273 -0.152467 0.0195916
1.815 -7.03667 -0.151693 0.0197957
1.82 -7.14093 -0.150947 0.0199996
1.825 -7.24546 -0.15021 0.0202046
1.83 -7.35023 -0.149391 0.0204177
1.835 -7.45524 -0.148491 0.0206379
1.84 -7.56046 -0.147588 0.0208589
1.845 -7.66593 -0.14669 0.0210808
1.85 -7.7717 -0.145809 0.0213032
1.855 -7.87785 -0.144946 0.0215257
1.86 -7.98443 -0.144044 0.0217519
1.865 -8.09149 -0.143103 0.0219818
1.87 -8.19904 -0.142178 0.0222122
1.875 -8.30708 -0.141285 0.0224431
1.88 -8.4156 -0.140426 0.0226744
1.885 -8.52456 -0.139591 0.0229061
1.89 -8.63393 -0.138785 0.0231381
1.895 -8.74372 -0.138012 0.0233704
1.9 -8.85395 -0.137296 0.0236026
1.905 -8.96466 -0.136639 0.0238348
1.91 -9.07588 -0.135953 0.0240697
1.915 -9.18765 -0.135234 0.0243074
1.92 -9.29999 -0.134399 0.0245539
1.925 -9.41289 -0.13344 0.024809
1.93 -9.52633 -0.1325 0.0250648
1.935 -9.6402 -0.131585 0.0253211
1.94 -9.75441 -0.130743 0.0255771
1.945 -9.86884 -0.12996 0.0258331
1.95 -9.98341 -0.129051 0.0260947
1.955 -10.0981 -0.128021 0.0263611
1.96 -10.2129 -0.127008 0.0266274
1.965 -10.3278 -0.12601 0.0268938
1.97 -10.443 -0.125063 0.0271602
1.975 -10.5586 -0.124163 0.027427
1.98 -10.6745 -0.123273 0.0276944
1.985 -10.7908 -0.122397 0.0279625
1.99 -10.9074 -0.121591 0.0282308
1.995 -11.0242 -0.120851 0.0284991
2 -11.1412 -0.12012 0.0287677
2.005 -11.2583 -0.11933 0.0290371
2.01 -11.3753 -0.118486 0.029307
2.015 -11.4923 -0.117653 0.0295768
2.02 -11.6092 -0.116834 0.0298463
2.025 -11.7261 -0.116026 0.0301159
2.03 -11.8432 -0.115231 0.0303857
2.035 -11.9606 -0.114448 0.0306561
2.04 -12.0784 -0.113679 0.0309274
2.045 -12.1966 -0.112923 0.0311996
2.05 -12.3153 -0.112183 0.0314729
2.055 -12.4346 -0.11146 0.0317473
2.06 -12.5543 -0.110757 0.0320227
2.065 -12.6744 -0.110077 0.0322988
2.07 -12.7947 -0.109425 0.0325756
2.075 -12.9153 -0.108804 0.0328527
2.08 -13.0361 -0.108232 0.03313
2.085 -13.157 -0.107817 0.0334072
2.09 -13.2781 -0.107545 0.0336843
2.095 -13.3995 -0.107317 0.0339619
2.1 -13.5212 -0.107496 0.0342392
2.105 -13.6433 -0.108195 0.0345159
2.11 -13.7658 -0.109419 0.0347918
2.115 -13.8887 -0.110651 0.035068
2.12 -14.0121 -0.111837 0.0353447
2.125 -14.1358 -0.112493 0.0356237
2.13 -14.2598 -0.112248 0.0359064
2.135 -14.384 -0.112002 0.03619
2.14 -14.5083 -0.111835 0.0364736
2.145 -14.6325 -0.111762 0.0367566
2.15 -14.7566 -0.111904 0.0370383
2.155 -14.8805 -0.112238 0.0373188
2.16 -15.0042 -0.112748 0.0375981
2.165 -15.1276 -0.113473 0.0378762
2.17 -15.251 -0.114382 0.0381535
2.175 -15.3745 -0.116482 0.0384271
2.18 -15.4982 -0.118929 0.0387016
2.185 -15.6224 -0.12217 0.0389756
2.19 -15.7467 0.917839 0.0431119
