0.1 -1.16868e-31 200 -1.10134e-13
0.2 -4.38256e-31 400 -1.04805e-13
0.3 2.62954e-31 600 4.79616e-14
0.4 -5.84341e-32 800 2.20268e-13
0.5 -5.84341e-31 1000 -3.90799e-13
0.6 0 1200 5.79092e-13
0.7 3.50605e-31 1400 3.94351e-13
0.8 -3.50605e-31 1600 -2.27374e-13
0.9 4.67473e-31 1800 5.71987e-13
1 2.10363e-30 2000 8.7752e-13
0.005 -0.00106418 2000 0.461304
0.01 -0.00531309 2000 2.29809
0.015 -0.0137966 2000 5.9624
0.02 -0.0265003 2000 11.45
0.025 -0.0434084 2000 18.754
0.03 -0.0645045 2000 27.8673
0.035 -0.0897714 2000 38.7825
0.04 -0.119191 2000 51.4918
0.045 -0.152745 2000 65.9872
0.05 -0.190414 2000 82.2602
0.055 -0.232177 2000 100.302
0.06 -0.278013 2000 120.103
0.065 -0.327902 2000 141.656
0.07 -0.381824 2000 164.95
0.075 -0.43976 2000 189.979
0.08 -0.501692 2000 216.734
0.085 -0.567602 2000 245.208
0.09 -0.637467 2000 275.39
0.095 -0.711268 2000 307.272
0.1 -0.78898 2000 340.845
0.105 -0.870582 2000 376.097
0.11 -0.956042 2000 413.016
0.115 -1.04533 2000 451.588
0.12 -1.1384 2000 491.797
0.125 -1.23524 2000 533.632
0.13 -1.33582 2000 577.083
0.135 -1.44013 2000 622.147
0.14 -1.54816 2000 668.818
0.145 -1.65989 2000 717.086
0.15 -1.7753 2000 766.942
0.155 -1.89435 2000 818.372
0.16 -2.017 2000 871.36
0.165 -2.14323 2000 925.891
0.17 -2.27301 2000 981.956
0.175 -2.40631 2000 1039.54
0.18 -2.54309 2000 1098.64
0.185 -2.68331 2000 1159.21
0.19 -2.82689 2000 1221.24
0.195 -2.9738 2000 1284.7
0.2 -3.12401 2000 1349.6
0.205 -3.27752 2000 1415.91
0.21 -3.43432 2000 1483.65
0.215 -3.59442 2000 1552.82
0.22 -3.75781 2000 1623.4
0.225 -3.92445 2000 1695.39
0.23 -4.09432 2000 1768.78
0.235 -4.26739 2000 1843.55
0.24 -4.44362 2000 1919.68
0.245 -4.623 2000 1997.17
0.25 -4.80546 2000 2076
0.255 -4.99095 1999.99 2156.13
0.26 -5.17937 1999.99 2237.53
0.265 -5.37067 1999.99 2320.17
0.27 -5.56483 1999.99 2404.05
0.275 -5.76189 1999.99 2489.18
0.28 -5.96185 1999.99 2575.57
0.285 -6.16471 1999.99 2663.2
0.29 -6.3704 1999.99 2752.06
0.295 -6.57887 1999.99 2842.12
0.3 -6.79002 1999.99 2933.34
0.305 -7.00374 1999.99 3025.67
0.31 -7.21994 1999.99 3119.07
0.315 -7.43856 1999.99 3213.52
0.32 -7.65956 1999.99 3308.99
0.325 -7.88287 1999.99 3405.46
0.33 -8.10841 1999.99 3502.9
0.335 -8.33611 1999.99 3601.27
0.34 -8.56595 1999.99 3700.56
0.345 -8.79793 1999.99 3800.77
0.35 -9.03205 1999.99 3901.92
0.355 -9.26833 1999.99 4003.99
0.36 -9.5068 1999.99 4107.01
0.365 -9.74753 1999.99 4211.01
0.37 -9.99055 1999.99 4315.99
0.375 -10.2358 1999.99 4421.96
0.38 -10.4834 1999.99 4528.9
0.385 -10.7331 1999.99 4636.78
0.39 -10.9849 1999.99 4745.55
0.395 -11.2386 1999.99 4855.15
0.4 -11.494 1999.99 4965.52
0.405 -11.7512 1999.99 5076.6
0.41 -12.0099 1999.99 5188.37
0.415 -12.2702 1999.99 5300.81
0.42 -12.532 1999.99 5413.9
0.425 -12.7952 1999.99 5527.63
0.43 -13.0599 1999.99 5642
0.435 -13.3262 1999.99 5757.04
0.44 -13.5942 1999.99 5872.81
0.445 -13.8639 1999.99 5989.3
0.45 -14.1351 1999.99 6106.49
0.455 -14.4078 1999.99 6224.28
0.46 -14.6817 1999.99 6342.59
0.465 -14.9564 1999.99 6461.28
0.47 -15.2318 1999.99 6580.24
0.475 -15.5076 1999.99 6699.41
0.48 -15.7838 1999.99 6818.74
0.485 -16.0604 1999.99 6938.22
0.49 -16.3373 1999.99 7057.82
0.495 -16.6144 1999.99 7177.53
0.5 -16.8916 1999.99 7297.31
0.505 -17.1692 1999.99 7417.21
0.51 -17.4471 1999.99 7537.3
0.515 -17.7257 1999.99 7657.63
0.52 -18.0049 1999.99 7778.26
0.525 -18.2849 1999.99 7899.19
0.53 -18.5655 1999.99 8020.44
0.535 -18.8468 1999.99 8141.96
0.54 -19.1286 1999.99 8263.69
0.545 -19.4107 1999.99 8385.56
0.55 -19.693 1999.99 8507.52
0.555 -19.9752 1999.99 8629.45
0.56 -20.2572 1999.99 8751.25
0.565 -20.5387 1999.98 8872.85
0.57 -20.8195 1999.98 8994.19
0.575 -21.0998 1999.98 9115.25
0.58 -21.3793 1999.98 9236.02
0.585 -21.6582 1999.98 9356.47
0.59 -21.9362 1999.99 9476.58
0.595 -22.2134 1999.99 9596.33
0.6 -22.4899 1999.99 9715.77
0.605 -22.7657 1999.99 9834.93
0.61 -23.036 2000.01 9952.37
0.615 -23.3045 2000.02 10068.8
0.62 -23.5747 2000.01 10185.3
0.625 -23.8438 2000.01 10301.4
0.63 -24.1119 2000 10417.1
0.635 -24.3788 2000 10532.3
0.64 -24.6436 2000 10646.8
0.645 -24.903 2000.02 10759.3
0.65 -25.1646 2000.01 10872.1
0.655 -25.4264 2000.01 10985.1
0.66 -25.6884 2000 11098.1
0.665 -25.9506 2000 11211.2
0.67 -26.2123 2000 11324.3
0.675 -26.4655 2000.03 11434.6
0.68 -26.7127 2000.06 11542.2
0.685 -26.9613 2000.05 11649.1
0.69 -27.2058 2000.04 11754.4
0.695 -27.446 2000.03 11858
0.7 -27.6802 2000.03 11959.1
0.705 -27.897 2000.09 12053.4
0.71 -28.1138 2000.07 12146.7
0.715 -28.3276 2000.05 12238.8
0.72 -28.5386 2000.04 12329.8
0.725 -28.747 2000.03 12419.6
0.73 -28.9524 2000.02 12508.2
0.735 -29.1431 2000.08 12592
0.74 -29.334 2000.09 12674.9
0.745 -29.5243 2000.08 12756.6
0.75 -29.7105 2000.06 12836.6
0.755 -29.8815 2000.13 12911.2
0.76 -30.0497 2000.15 12984
0.765 -30.2171 2000.12 13055.8
0.77 -30.382 2000.1 13126.7
0.775 -30.5453 2000.08 13196.9
0.78 -30.7075 2000.06 13266.8
0.785 -30.8695 2000.05 13336.6
0.79 -31.0314 2000.04 13406.4
0.795 -31.1934 2000.03 13476.2
0.8 -31.3551 2000.02 13546
0.805 -31.516 2000.02 13615.4
0.81 -31.6755 2000.01 13684.2
0.815 -31.8296 2000.03 13751.2
0.82 -31.9628 2000.18 13810.4
0.825 -32.0958 2000.22 13868.2
0.83 -32.2283 2000.18 13924.9
0.835 -32.357 2000.14 13980.1
0.84 -32.4818 2000.12 14033.6
0.845 -32.6024 2000.09 14085.5
0.85 -32.719 2000.07 14135.6
0.855 -32.8314 2000.06 14184
0.86 -32.9396 2000.05 14230.6
0.865 -33.043 2000.04 14275.2
0.87 -33.1414 2000.03 14317.6
0.875 -33.2343 2000.02 14357.6
0.88 -33.3216 2000.02 14395.3
0.885 -33.4033 2000.01 14430.5
0.89 -33.4793 2000.01 14463.3
0.895 -33.5497 2000.01 14493.7
0.9 -33.6147 2000.01 14521.7
0.905 -33.6744 2000.01 14547.5
0.91 -33.7288 2000 14570.9
0.915 -33.7778 2000 14592.1
0.92 -33.8217 2000 14611.1
0.925 -33.8609 2000 14628
0.93 -33.8957 2000 14643
0.935 -33.9265 2000 14656.3
0.94 -33.9536 2000 14668
0.945 -33.9772 2000 14678.2
0.95 -33.9972 2000 14686.8
0.955 -34.0138 2000 14694
0.96 -34.0269 2000 14699.6
0.965 -34.0361 2000 14703.6
0.97 -34.0412 2000 14705.8
0.975 -34.0416 2000 14706
0.98 -34.035 1999.98 14703.2
0.985 -34.0213 1999.97 14697.4
0.99 -34.0007 1999.97 14688.4
0.995 -33.9726 1999.98 14676.3
1 -33.9374 1999.98 14661
1.005 -33.8953 1999.99 14642.9
1.01 -33.8469 1999.99 14621.9
1.015 -33.7921 1999.99 14598.2
1.02 -33.7311 1999.99 14571.9
1.025 -33.6639 1999.99 14542.8
1.03 -33.5902 1999.99 14511
1.035 -33.5096 2000 14476.2
1.04 -33.4216 2000 14438.2
1.045 -33.3254 2000 14396.6
1.05 -33.2203 2000 14351.2
1.055 -33.1058 2000 14301.7
1.06 -32.9816 2000 14248
1.065 -32.847 2000 14189.9
1.07 -32.7019 2000 14127.2
1.075 -32.5466 2000 14060.1
1.08 -32.3815 2000 13988.8
1.085 -32.2069 2000 13913.4
1.09 -32.023 2000 13834
1.095 -31.8301 2000 13750.6
1.1 -31.6283 2000 13663.4
1.105 -31.4076 2000.08 13569
1.11 -31.1586 2000.19 13463.2
1.115 -30.9009 2000.19 13352.1
1.12 -30.635 2000.15 13236.7
1.125 -30.3579 2000.12 13116.5
1.13 -30.0696 2000.1 12991.6
1.135 -29.7694 2000.08 12861.6
1.14 -29.4572 2000.06 12726.5
1.145 -29.1334 2000.05 12586.4
1.15 -28.7804 2000.17 12435.5
1.155 -28.4163 2000.22 12278.9
1.16 -28.0471 2000.18 12118.8
1.165 -27.657 2000.2 11951.4
1.17 -27.2554 2000.21 11778.6
1.175 -26.8498 2000.17 11602.5
1.18 -26.416 2000.25 11416.2
1.185 -25.9611 2000.3 11220.4
1.19 -25.4988 2000.25 11019.6
1.195 -25.0205 2000.2 10812.2
1.2 -24.509 2000.23 10592.7
1.205 -23.9745 2000.26 10362.9
1.21 -23.4307 2000.21 10126.8
1.215 -22.8707 2000.17 9883.97
1.22 -22.2841 2000.19 9631.51
1.225 -21.686 2000.19 9373.42
1.23 -21.083 2000.16 9111.91
1.235 -20.4648 2000.15 8844.97
1.24 -19.8323 2000.16 8572.2
1.245 -19.1978 2000.13 8297.21
1.25 -18.5552 2000.11 8018.84
1.255 -17.9029 2000.08 7736.44
1.26 -17.2388 2000.07 7449.07
1.265 -16.5608 2000.05 7155.77
1.27 -15.8668 2000.05 6855.64
1.275 -15.1549 2000.03 6547.84
1.28 -14.4236 2000.03 6231.69
1.285 -13.6718 2000.02 5906.75
1.29 -12.8992 2000.02 5572.86
1.295 -12.1062 2000.01 5230.12
1.3 -11.2931 2000.01 4878.75
1.305 -10.4609 2000 4519.16
1.31 -9.61051 1999.99 4151.69
1.315 -8.74244 1999.99 3776.63
1.32 -7.85764 1999.98 3394.33
1.325 -6.95758 1999.97 3005.42
1.33 -6.04336 1999.96 2610.44
1.335 -5.1169 1999.94 2210.19
1.34 -4.18067 1999.92 1805.68
1.345 -3.23647 1999.88 1397.73
1.35 -2.28523 1999.83 986.902
1.355 -1.32974 1999.76 574.309
1.36 -0.371873 1999.67 160.83
1.365 0.589654 1999.62 -254.276
1.37 1.55307 1999.54 -669.858
1.375 2.50756 1999.27 -1079.96
1.38 3.41907 1999.01 -1475.87
1.385 4.32691 1999.07 -1870.36
1.39 5.24764 1999.21 -2268.01
1.395 6.17302 1999.33 -2667.74
1.4 7.10311 1999.42 -3069.54
1.405 8.03794 1999.5 -3473.41
1.41 8.97748 1999.57 -3879.33
1.415 9.92171 1999.62 -4287.28
1.42 10.8707 1999.66 -4697.31
1.425 11.825 1999.69 -5109.6
1.43 12.7852 1999.72 -5524.45
1.435 13.7522 1999.74 -5942.21
1.44 14.7264 1999.76 -6363.13
1.445 15.7082 1999.77 -6787.31
1.45 16.6977 1999.78 -7214.79
1.455 17.6951 1999.79 -7645.72
1.46 18.701 1999.79 -8080.33
1.465 19.7157 1999.79 -8518.73
1.47 20.7353 1999.81 -8959.68
1.475 21.7408 1999.88 -9396.26
1.48 22.7514 1999.91 -9833.77
1.485 23.7522 1999.96 -10267.8
1.49 24.7137 2000.19 -10689.2
1.495 25.6877 2000.27 -11112
1.5 26.642 2000.43 -11525.3
1.505 27.5214 2000.85 -11913.1
1.51 28.4323 2000.79 -12306.1
1.515 29.3049 2001.01 -12683.8
1.52 30.0708 2001.89 -13024
1.525 30.8442 2002.06 -13359.4
1.53 31.6464 2001.63 -13699.7
1.535 32.4488 2001.28 -14041.4
1.54 33.198 2001.52 -14365.5
1.545 33.9035 2001.76 -14673
1.55 34.6264 2001.47 -14982.5
1.555 35.354 2001.15 -15292.9
1.56 36.0803 2000.89 -15603.4
1.565 36.7884 2000.88 -15908.1
1.57 37.4574 2001.05 -16197.2
1.575 38.1254 2000.88 -16484.9
1.58 38.7783 2000.8 -16767.4
1.585 39.4339 2000.68 -17049.7
1.59 40.064 2000.75 -17324.5
1.595 40.6864 2000.76 -17594.5
1.6 41.3011 2000.91 -17858.6
1.605 41.87 2001.28 -18108.8
1.61 42.4269 2001.36 -18352.8
1.615 42.9749 2001.36 -18591
1.62 43.5037 2001.33 -18820.1
1.625 44.0327 2001.13 -19046.3
1.63 44.5223 2001.15 -19258.8
1.635 45.0057 2001.04 -19466.4
1.64 45.4458 2001.3 -19654.8
1.645 45.8862 2001.09 -19840
1.65 46.2724 2001.22 -20008.2
1.655 46.649 2001.19 -20168.2
1.66 46.9874 2001.21 -20317.8
1.665 47.3226 2001.12 -20463.7
1.67 47.6528 2001.03 -20605
1.675 47.97 2000.97 -20740.7
1.68 48.279 2000.75 -20873.4
1.685 48.5801 2000.9 -21000.8
1.69 48.8646 2001.02 -21121.5
1.695 49.1328 2000.84 -21237.1
1.7 49.3892 2000.63 -21349.2
1.705 49.6298 2000.53 -21455.9
1.71 49.8503 2000.48 -21554.5
1.715 50.0601 2000.32 -21646.9
1.72 50.2531 2000.25 -21731.9
1.725 50.3826 2000.18 -21796.5
1.73 50.4718 2000.06 -21844
1.735 50.452 1999.63 -21856.3
1.74 50.4081 1999.29 -21848.5
1.745 50.2895 1998.65 -21804.6
1.75 50.0248 1997.73 -21708.3
1.755 49.8048 1997.77 -21606.4
1.76 49.591 1998.41 -21498.7
1.765 49.3469 1998.51 -21382.9
1.77 49.078 1998.72 -21259.3
1.775 48.7391 1998.45 -21114.5
1.78 48.4052 1998.38 -20965.6
1.785 48.0704 1998.45 -20811.5
1.79 47.7249 1998.6 -20653.9
1.795 47.3808 1998.99 -20495.7
1.8 47.0294 1999.31 -20336.1
1.805 46.65 1999.24 -20171
1.81 46.263 1999.24 -20000.9
1.815 45.8463 1999.16 -19820.1
1.82 45.4223 1999.14 -19636
1.825 45.201 2000.31 -19507.2
1.83 44.9434 2000.81 -19382.6
1.835 44.6443 2000.71 -19257.7
1.84 44.3417 2000.55 -19131.3
1.845 44.0351 2000.35 -19003
1.85 43.7216 2000.14 -18872.6
1.855 43.4169 2000.05 -18743.2
1.86 43.1933 2000.33 -18641.2
1.865 42.9402 2000.14 -18536.3
1.87 42.683 1999.93 -18428.9
1.875 42.4204 1999.7 -18318.8
1.88 42.1545 1999.58 -18206.5
1.885 41.8832 1999.47 -18091.5
1.89 41.6055 1999.35 -17973.5
1.895 41.3161 1999.14 -17850.9
1.9 41.0139 1998.92 -17722.6
1.905 40.7072 1998.85 -17591.1
1.91 40.4574 1999.23 -17477.9
1.915 40.2173 1999.34 -17370.5
1.92 40.1761 2000.23 -17332.1
1.925 40.0651 2000.06 -17289.4
1.93 39.9535 1999.92 -17245.5
1.935 39.8286 1999.53 -17196.8
1.94 39.6972 1999.22 -17144.3
1.945 39.6632 1999.96 -17117.5
1.95 39.688 2000.67 -17116.9
1.955 39.6648 2000.47 -17112.6
1.96 39.6436 2000.31 -17108
1.965 39.6227 2000.15 -17102.9
1.97 39.5959 1999.87 -17095.1
1.975 39.5736 1999.83 -17087.7
1.98 39.5512 1999.79 -17079.9
1.985 39.5248 1999.65 -17070.5
1.99 39.4891 1999.4 -17057.4
1.995 39.4585 1999.44 -17044.8
2 39.4361 1999.65 -17034.3
2.005 39.4279 1999.97 -17029.1
2.01 39.4108 1999.92 -17022.6
2.015 39.3936 1999.89 -17015.9
2.02 39.3763 1999.85 -17009
2.025 39.3588 1999.82 -17001.9
2.03 39.3408 1999.8 -16994.5
2.035 39.3223 1999.77 -16986.9
2.04 39.3033 1999.74 -16978.9
2.045 39.2835 1999.71 -16970.6
2.05 39.2629 1999.69 -16962
2.055 39.2414 1999.66 -16952.9
2.06 39.2188 1999.62 -16943.3
2.065 39.195 1999.58 -16933.2
2.07 39.1699 1999.54 -16922.5
2.075 39.1432 1999.49 -16911.2
2.08 39.1041 1999 -16895.9
2.085 39.0637 1998.75 -16879.3
2.09 39.0251 1998.84 -16862.3
2.095 38.9832 1998.86 -16844.1
2.1 38.9172 1998.24 -16817
2.105 38.8335 1997.81 -16782.3
2.11 38.7322 1998.21 -16739.5
2.115 38.6291 1998.65 -16695.1
2.12 38.5265 1999.21 -16649.8
2.125 38.4994 2002.79 -16629.4
2.13 38.448 2002.35 -16606.3
2.135 38.3894 2001.71 -16582.1
2.14 38.3283 2001.2 -16556.6
2.145 38.2488 2000.11 -16525.2
2.15 38.1688 1999.58 -16491.8
2.155 38.0846 1999.27 -16455.7
2.16 37.9913 1998.92 -16415.9
2.165 37.891 1998.75 -16372.7
2.17 37.7794 1998.4 -16325
2.175 37.6645 1998.9 -16268.7
2.18 37.5326 1998.88 -16208.4
2.185 37.2995 1995.36 -16115.7
2.19 0.120863 -28.5913 -43.3389
