0.1 -1.16868e-31 200 -1.10134e-13 1.16868e-31 -200 1.10134e-13
0.2 -4.38256e-31 400 -1.04805e-13 4.38256e-31 -400 1.04805e-13
0.3 2.62954e-31 600 4.79616e-14 -2.62954e-31 -600 -4.79616e-14
0.4 -5.84341e-32 800 2.20268e-13 5.84341e-32 -800 -2.20268e-13
0.5 -5.84341e-31 1000 -3.90799e-13 5.84341e-31 -1000 3.90799e-13
0.6 0 1200 5.79092e-13 -0 -1200 -5.79092e-13
0.7 3.50605e-31 1400 3.94351e-13 -3.50605e-31 -1400 -3.94351e-13
0.8 -3.50605e-31 1600 -2.27374e-13 3.50605e-31 -1600 2.27374e-13
0.9 4.67473e-31 1800 5.71987e-13 -4.67473e-31 -1800 -5.71987e-13
1 2.10363e-30 2000 8.7752e-13 -2.10363e-30 -2000 -8.7752e-13
0.005 -1.24005e-05 2000 0.00537459 1.24005e-05 -2000 -1.75883e-05
0.01 -6.20156e-05 2000 0.026824 6.20156e-05 -2000 -3.32216e-05
0.015 -0.000161224 2000 0.0696755 0.000161224 -2000 -2.69123e-05
0.02 -0.000309767 2000 0.133841 0.000309767 -2000 -2.17922e-05
0.025 -0.000507163 2000 0.219112 0.000507163 -2000 -1.77074e-05
0.03 -0.000752832 2000 0.325239 0.000752832 -2000 -1.52489e-05
0.035 -0.00104617 2000 0.451958 0.00104617 -2000 -1.29721e-05
0.04 -0.0013865 2000 0.598977 0.0013865 -2000 -1.04676e-05
0.045 -0.00177284 2000 0.765874 0.00177284 -2000 -8.49675e-06
0.05 -0.00220379 2000 0.952044 0.00220379 -2000 -6.92251e-06
0.055 -0.00267757 2000 1.15672 0.00267757 -2000 -5.60305e-06
0.06 -0.00319216 2000 1.37902 0.00319216 -2000 -4.30617e-06
0.065 -0.00374558 2000 1.61809 0.00374558 -2000 -3.34806e-06
0.07 -0.00433611 2000 1.8732 0.00433611 -2000 -2.77375e-06
0.075 -0.00496197 2000 2.14357 0.00496197 -2000 -2.34323e-06
0.08 -0.00562095 2000 2.42825 0.00562095 -2000 -2.0072e-06
0.085 -0.00631042 2000 2.7261 0.00631042 -2000 -1.74622e-06
0.09 -0.00702768 2000 3.03596 0.00702768 -2000 -1.54544e-06
0.095 -0.00777017 2000 3.35671 0.00777017 -2000 -1.39284e-06
0.1 -0.00853536 2000 3.68728 0.00853536 -2000 -1.27859e-06
0.105 -0.00932035 2000 4.02639 0.00932035 -2000 -1.19456e-06
0.11 -0.0101214 2000 4.37246 0.0101214 -2000 -1.13382e-06
0.115 -0.0109343 2000 4.72364 0.0109343 -2000 -1.09034e-06
0.12 -0.0117547 2000 5.07802 0.0117547 -2000 -1.05905e-06
0.125 -0.0125777 2000 5.43356 0.0125777 -2000 -1.03569e-06
0.13 -0.0133971 2000 5.78757 0.0133971 -2000 -1.01633e-06
0.135 -0.0142064 2000 6.13716 0.0142064 -2000 -9.97352e-07
0.14 -0.0150006 2000 6.48024 0.0150006 -2000 -9.76311e-07
0.145 -0.0157775 2000 6.81589 0.0157775 -2000 -9.52381e-07
0.15 -0.0165366 2000 7.14383 0.0165366 -2000 -9.25801e-07
0.155 -0.0172774 2000 7.46382 0.0172774 -2000 -8.97047e-07
0.16 -0.0179974 2000 7.77487 0.0179974 -2000 -8.6611e-07
0.165 -0.0186925 2000 8.07518 0.0186925 -2000 -8.32314e-07
0.17 -0.0193583 2000 8.36278 0.0193583 -2000 -7.94875e-07
0.175 -0.0199906 2000 8.63596 0.0199906 -2000 -7.53443e-07
0.18 -0.0205873 2000 8.89372 0.0205873 -2000 -7.08336e-07
0.185 -0.0211484 2000 9.13613 0.0211484 -2000 -6.6057e-07
0.19 -0.0216751 2000 9.36363 0.0216751 -2000 -6.11669e-07
0.195 -0.0221682 2000 9.57666 0.0221682 -2000 -5.62693e-07
0.2 -0.0226298 2000 9.77609 0.0226298 -2000 -5.14696e-07
0.205 -0.0230595 2000 9.96172 0.0230595 -2000 -4.68205e-07
0.21 -0.0234495 2000 10.1302 0.0234495 -2000 -4.22454e-07
0.215 -0.0237869 2000 10.276 0.0237869 -2000 -3.75915e-07
0.22 -0.024061 2000 10.3944 0.024061 -2000 -3.28216e-07
0.225 -0.0242663 2000 10.4831 0.0242663 -2000 -2.80128e-07
0.23 -0.0244026 2000 10.5419 0.0244026 -2000 -2.33851e-07
0.235 -0.0244751 2000 10.5732 0.0244751 -2000 -1.9187e-07
0.24 -0.0244953 2000 10.582 0.0244953 -2000 -1.55859e-07
0.245 -0.0244733 2000 10.5725 0.0244733 -2000 -1.33321e-06
0.25 -0.0244096 2000 10.545 0.0244096 -2000 -3.1594e-07
0.255 -0.0242901 2000 10.4933 0.0242901 -2000 -2.56718e-07
0.26 -0.0240864 2000 10.4053 0.0240864 -2000 -2.16718e-07
0.265 -0.0237604 2000 10.2645 0.0237604 -2000 -1.75459e-07
0.27 -0.0232683 2000 10.0519 0.0232683 -2000 -1.42055e-07
0.275 -0.0225667 2000 9.74882 0.0225667 -2000 -1.1501e-07
0.28 -0.0216156 2000 9.33792 0.0216156 -2000 -9.31142e-08
0.285 -0.0203777 2000 8.80317 0.0203777 -2000 -7.53875e-08
0.29 -0.0188157 2000 8.12839 0.0188157 -2000 -6.10343e-08
0.295 -0.0168886 2000 7.29589 0.0168886 -2000 -4.94136e-08
0.3 -0.014553 2000 6.2869 0.014553 -2000 3.51974e-08
0.305 -0.011774 2000 5.08636 0.011774 -2000 5.1711e-08
0.31 -0.00853857 2000 3.68866 0.00853857 -2000 2.56653e-07
0.315 -0.00485777 2000 2.09855 0.00485777 -2000 3.23016e-06
0.32 -0.000773471 2000 0.333989 0.000773471 -2000 0.000150327
0.325 0.00341091 2000 -1.47659 -0.00341091 -2000 0.00308219
0.33 0.00774156 1999.99 -3.34836 -0.00774156 -1999.99 0.00400529
0.335 0.0123261 1999.99 -5.32802 -0.0123261 -1999.99 0.00312355
0.34 0.0171396 2000 -7.40683 -0.0171396 -2000 0.00252048
0.345 0.0221685 2000 -9.57885 -0.0221685 -2000 0.00204666
0.35 0.0274139 2000 -11.8445 -0.0274139 -2000 0.00166402
0.355 0.0328835 2000 -14.207 -0.0328835 -2000 0.00135487
0.36 0.0385854 2000 -16.67 -0.0385854 -2000 0.00110614
0.365 0.0445304 2000 -19.2381 -0.0445304 -2000 0.000905614
0.37 0.0507401 2000 -21.9205 -0.0507401 -2000 0.000742989
0.375 0.0572604 2000 -24.7371 -0.0572604 -2000 0.000612337
0.38 0.064178 2000 -27.7254 -0.064178 -2000 0.000507816
0.385 0.0716308 2000 -30.9449 -0.0716308 -2000 0.000424967
0.39 0.0797954 2000 -34.472 -0.0797954 -2000 0.000360461
0.395 0.0888104 2000 -38.3664 -0.0888104 -2000 0.00031175
0.4 0.0986809 2000 -42.6304 -0.0986809 -2000 0.000276463
0.405 0.10928 2000 -47.2092 -0.10928 -2000 0.000251996
0.41 0.120427 2000 -52.0247 -0.120427 -2000 0.000235658
0.415 0.131947 2000 -57.0011 -0.131947 -2000 0.000225018
0.42 0.143695 2000 -62.0764 -0.143695 -2000 0.000218124
0.425 0.155575 2000 -67.2085 -0.155575 -2000 0.000213579
0.43 0.16754 2000 -72.3775 -0.16754 -2000 0.000210534
0.435 0.179593 2000 -77.5846 -0.179593 -2000 0.000208611
0.44 0.191765 2000 -82.8426 -0.191765 -2000 0.000207736
0.445 0.204081 2000 -88.1631 -0.204081 -2000 0.000207905
0.45 0.216554 2000 -93.5517 -0.216554 -2000 0.000209048
0.455 0.22919 2000 -99.0104 -0.22919 -2000 0.000211043
0.46 0.24199 2000 -104.54 -0.24199 -2000 0.000213757
0.465 0.254942 2000 -110.135 -0.254942 -2000 0.000217034
0.47 0.26801 2000 -115.78 -0.26801 -2000 0.000220598
0.475 0.281123 2000 -121.445 -0.281123 -2000 0.000224005
0.48 0.294201 2000 -127.095 -0.294201 -2000 0.000226744
0.485 0.307169 2000 -132.697 -0.307169 -2000 0.000228366
0.49 0.319955 2000 -138.221 -0.319955 -2000 0.000228622
0.495 0.332498 2000 -143.639 -0.332498 -2000 0.000227347
0.5 0.344754 2000 -148.934 -0.344754 -2000 0.000224532
0.505 0.356698 2000 -154.094 -0.356698 -2000 0.000220275
0.51 0.368303 2000 -159.107 -0.368303 -2000 0.000214776
0.515 0.379535 2000 -163.96 -0.379535 -2000 0.000208137
0.52 0.390361 2000 -168.636 -0.390361 -2000 0.000200438
0.525 0.400758 2000 -173.128 -0.400758 -2000 0.000191808
0.53 0.410729 2000 -177.435 -0.410729 -2000 0.000182487
0.535 0.420315 2000 -181.576 -0.420315 -2000 0.000172823
0.54 0.429628 2000 -185.599 -0.429628 -2000 0.000163387
0.545 0.438867 2000 -189.591 -0.438867 -2000 0.000154978
0.55 0.448305 2000 -193.668 -0.448305 -2000 0.000148628
0.555 0.458154 2000 -197.923 -0.458154 -2000 0.000145203
0.56 0.468401 2000 -202.349 -0.468401 -2000 0.00014462
0.565 0.47882 2000 -206.851 -0.47882 -2000 0.000145608
0.57 0.489089 2000 -211.287 -0.489089 -2000 0.000146276
0.575 0.498884 2000 -215.518 -0.498884 -2000 0.000144941
0.58 0.507915 2000 -219.419 -0.507915 -2000 0.000140526
0.585 0.51594 2000 -222.886 -0.51594 -2000 0.000132649
0.59 0.522799 2000 -225.849 -0.522799 -2000 0.000121653
0.595 0.528463 2000 -228.296 -0.528463 -2000 0.000108496
0.6 0.533042 2000 -230.274 -0.533042 -2000 9.44834e-05
0.605 0.536751 2000 -231.876 -0.536751 -2000 8.0832e-05
0.61 0.539861 2000 -233.22 -0.539861 -2000 6.83884e-05
0.615 0.542673 2000 -234.435 -0.542673 -2000 5.76183e-05
0.62 0.545529 2000 -235.669 -0.545529 -2000 4.87588e-05
0.625 0.548829 2000 -237.094 -0.548829 -2000 4.20439e-05
0.63 0.553062 2000 -238.923 -0.553062 -2000 3.79967e-05
0.635 0.558797 2000 -241.4 -0.558797 -2000 3.7816e-05
0.64 0.566635 2000 -244.786 -0.566635 -2000 4.37686e-05
0.645 0.577093 2000 -249.304 -0.577093 -2000 5.9259e-05
0.65 0.590411 2000 -255.058 -0.590411 -2000 8.78589e-05
0.655 0.606396 2000 -261.963 -0.606396 -2000 0.000130961
0.66 0.624433 2000 -269.755 -0.624433 -2000 0.000185528
0.665 0.643634 2000 -278.05 -0.643634 -2000 0.000244111
0.67 0.663034 2000 -286.431 -0.663034 -2000 0.00029733
0.675 0.68179 2000 -294.534 -0.68179 -2000 0.000337094
0.68 0.699394 2000 -302.138 -0.699394 -2000 0.000359664
0.685 0.715814 2000 -309.232 -0.715814 -2000 0.000366809
0.69 0.731439 2000 -315.982 -0.731439 -2000 0.00036419
0.695 0.746878 2000 -322.652 -0.746878 -2000 0.000358545
0.7 0.76282 2000 -329.539 -0.76282 -2000 0.000355964
0.705 0.779924 2000 -336.928 -0.779924 -2000 0.000361837
0.71 0.798766 2000 -345.067 -0.798766 -2000 0.000380665
0.715 0.819852 2000 -354.176 -0.819852 -2000 0.000416902
0.72 0.843638 2000 -364.452 -0.843638 -2000 0.00047516
0.725 0.870464 2000 -376.041 -0.870464 -2000 0.000559995
0.73 0.900467 2000 -389.002 -0.900467 -2000 0.000674217
0.735 0.933575 2000 -403.305 -0.933575 -2000 0.000817608
0.74 0.96956 2000 -418.851 -0.96956 -2000 0.000986704
0.745 1.00806 2000 -435.483 -1.00806 -2000 0.00117515
0.75 1.04854 2000 -452.971 -1.04854 -2000 0.00137321
0.755 1.09027 2000 -470.999 -1.09027 -2000 0.00156713
0.76 1.1324 2000 -489.199 -1.1324 -2000 0.00174064
0.765 1.17413 2000 -507.225 -1.17413 -2000 0.00187913
0.77 1.21502 2000 -524.89 -1.21502 -2000 0.001976
0.775 1.25519 2000 -542.243 -1.25519 -2000 0.00203721
0.78 1.29514 2000 -559.502 -1.29514 -2000 0.00207785
0.785 1.33549 2000 -576.936 -1.33549 -2000 0.00211455
0.79 1.3768 2000 -594.78 -1.3768 -2000 0.00216073
0.795 1.4195 2000 -613.228 -1.4195 -2000 0.00222582
0.8 1.46399 2000 -632.448 -1.46399 -2000 0.00231662
0.805 1.51064 2000 -652.598 -1.51064 -2000 0.00243894
0.81 1.55971 2000 -673.799 -1.55971 -2000 0.00259727
0.815 1.61124 2000 -696.06 -1.61124 -2000 0.00279131
0.82 1.66495 2000 -719.26 -1.66495 -2000 0.0030129
0.825 1.72036 2000 -743.2 -1.72036 -2000 0.00324777
0.83 1.77695 2000 -767.645 -1.77695 -2000 0.0034798
0.835 1.83415 2000 -792.356 -1.83415 -2000 0.0036936
0.84 1.89166 2000 -817.2 -1.89166 -2000 0.00387985
0.845 1.94968 2000 -842.268 -1.94968 -2000 0.00404392
0.85 2.00885 2000 -867.829 -2.00885 -2000 0.00420548
0.855 2.06995 2000 -894.221 -2.06995 -2000 0.00438929
0.86 2.13373 2000 -921.777 -2.13373 -2000 0.00461909
0.865 2.20067 2000 -950.696 -2.20067 -2000 0.004853
0.87 2.2707 2000 -980.948 -2.2707 -2000 0.00509493
0.875 2.34335 2000 -1012.33 -2.34335 -2000 0.00538902
0.88 2.41811 2000 -1044.63 -2.41811 -2000 0.00571075
0.885 2.49452 2000 -1077.64 -2.49452 -2000 0.00603977
0.89 2.57228 2000 -1111.23 -2.57228 -2000 0.00636247
0.895 2.65143 2000 -1145.42 -2.65143 -2000 0.00667707
0.9 2.73237 2000 -1180.39 -2.73237 -2000 0.00699734
0.905 2.81572 2000 -1216.4 -2.81572 -2000 0.00734624
0.91 2.90206 2000 -1253.7 -2.90206 -2000 0.00774608
0.915 2.99186 2000 -1292.49 -2.99186 -2000 0.00821406
0.92 3.08553 2000 -1332.96 -3.08553 -2000 0.00876251
0.925 3.18343 2000 -1375.25 -3.18343 -2000 0.00940149
0.93 3.286 2000 -1419.56 -3.286 -2000 0.0101433
0.935 3.39385 2000 -1466.15 -3.39385 -2000 0.0110076
0.94 3.50778 2000 -1515.37 -3.50778 -2000 0.0120257
0.945 3.62882 2000 -1567.67 -3.62882 -2000 0.0132423
0.95 3.75798 2000 -1623.46 -3.75798 -2000 0.0147088
0.955 3.89582 2000 -1683.01 -3.89582 -2000 0.0164619
0.96 4.04208 2000 -1746.2 -4.04208 -2000 0.0184908
0.965 4.19576 2000 -1812.59 -4.19576 -2000 0.0207257
0.97 4.35553 2000 -1881.61 -4.35553 -2000 0.0230628
0.975 4.52015 2000 -1952.73 -4.52015 -2000 0.025401
0.98 4.68857 2000 -2025.49 -4.68857 -2000 0.027662
0.985 4.86022 2000 -2099.64 -4.86022 -2000 0.0298041
0.99 5.03523 2000 -2175.25 -5.03523 -2000 0.0318453
0.995 5.21439 2000 -2252.65 -5.21439 -2000 0.0338647
1 5.39871 2000 -2332.28 -5.39871 -2000 0.0359653
1.005 5.58905 1999.99 -2414.51 -5.58905 -1999.99 0.0382373
1.01 5.78583 1999.99 -2499.52 -5.78583 -1999.99 0.0407297
1.015 5.98895 1999.99 -2587.27 -5.98895 -1999.99 0.0434362
1.02 6.19801 1999.99 -2677.59 -6.19801 -1999.99 0.046309
1.025 6.41253 1999.99 -2770.26 -6.41253 -1999.99 0.0492905
1.03 6.63212 1999.99 -2865.13 -6.63212 -1999.99 0.0523338
1.035 6.85646 1999.99 -2962.05 -6.85646 -1999.99 0.0554081
1.04 7.08527 1999.99 -3060.89 -7.08527 -1999.99 0.0584905
1.045 7.31816 1999.99 -3161.51 -7.31816 -1999.99 0.0615556
1.05 7.55471 1999.99 -3263.7 -7.55471 -1999.99 0.0645711
1.055 7.79449 1999.99 -3367.29 -7.79449 -1999.99 0.0675049
1.06 8.0373 1999.99 -3472.19 -8.0373 -1999.99 0.070345
1.065 8.28338 1999.99 -3578.49 -8.28338 -1999.99 0.0731283
1.07 8.53342 1999.99 -3686.51 -8.53342 -1999.99 0.0759486
1.075 8.78845 1999.99 -3796.69 -8.78845 -1999.99 0.0789396
1.08 9.04945 1999.99 -3909.44 -9.04945 -1999.99 0.0822354
1.085 9.31674 1999.99 -4024.92 -9.31674 -1999.99 0.0858959
1.09 9.58959 1999.99 -4142.79 -9.58959 -1999.99 0.0898372
1.095 9.8664 1999.99 -4262.38 -9.8664 -1999.99 0.0938387
1.1 10.1451 1999.99 -4382.8 -10.1451 -1999.99 0.0976159
1.105 10.4238 1999.99 -4503.17 -10.4238 -1999.99 0.100901
1.11 10.7005 1999.99 -4622.71 -10.7005 -1999.99 0.103489
1.115 10.9737 1999.99 -4740.76 -10.9737 -1999.99 0.105259
1.12 11.2426 1999.99 -4856.9 -11.2426 -1999.99 0.106181
1.125 11.5065 1999.99 -4970.93 -11.5065 -1999.99 0.106319
1.13 11.7657 1999.99 -5082.9 -11.7657 -1999.99 0.105811
1.135 12.0206 1999.99 -5193 -12.0206 -1999.99 0.104835
1.14 12.2718 1999.99 -5301.53 -12.2718 -1999.99 0.103594
1.145 12.5203 1999.99 -5408.86 -12.5203 -1999.99 0.102263
1.15 12.767 1999.99 -5515.44 -12.767 -1999.99 0.100977
1.155 13.0129 1999.99 -5621.67 -13.0129 -1999.99 0.0998713
1.16 13.2587 1999.99 -5727.88 -13.2587 -1999.99 0.099036
1.165 13.5052 1999.99 -5834.34 -13.5052 -1999.99 0.0985216
1.17 13.7528 1999.99 -5941.29 -13.7528 -1999.99 0.0983512
1.175 14.002 1999.99 -6048.97 -14.002 -1999.99 0.0985409
1.18 14.2536 1999.99 -6157.65 -14.2536 -1999.99 0.0991178
1.185 14.508 1999.99 -6267.57 -14.508 -1999.99 0.100108
1.19 14.766 1999.99 -6379.01 -14.766 -1999.99 0.101547
1.195 15.0281 1999.99 -6492.25 -15.0281 -1999.99 0.103481
1.2 15.2951 1999.99 -6607.59 -15.2951 -1999.99 0.105954
1.205 15.5675 1999.99 -6725.26 -15.5675 -1999.99 0.108994
1.21 15.8453 1999.99 -6845.27 -15.8453 -1999.99 0.112567
1.215 16.1277 1999.99 -6967.29 -16.1277 -1999.99 0.116529
1.22 16.4136 1999.99 -7090.8 -16.4136 -1999.99 0.120641
1.225 16.7014 1999.99 -7215.12 -16.7014 -1999.99 0.12463
1.23 16.9895 1999.99 -7339.58 -16.9895 -1999.99 0.128236
1.235 17.2764 1999.99 -7463.54 -17.2764 -1999.99 0.131244
1.24 17.561 1999.99 -7586.49 -17.561 -1999.99 0.13352
1.245 17.8429 1999.99 -7708.26 -17.8429 -1999.99 0.13506
1.25 18.1224 1999.99 -7829.02 -18.1224 -1999.99 0.136024
1.255 18.4006 1999.99 -7949.18 -18.4006 -1999.99 0.136669
1.26 18.6779 1999.99 -8068.99 -18.6779 -1999.99 0.137198
1.265 18.954 1999.99 -8188.27 -18.954 -1999.99 0.137627
1.27 19.2277 1999.99 -8306.49 -19.2277 -1999.99 0.137791
1.275 19.4974 1999.99 -8423.03 -19.4974 -1999.99 0.137467
1.28 19.7624 1999.99 -8537.48 -19.7624 -1999.99 0.136522
1.285 20.0227 1999.99 -8649.93 -20.0227 -1999.99 0.135027
1.29 20.2796 1999.99 -8760.94 -20.2796 -1999.99 0.133294
1.295 20.5349 1999.99 -8871.22 -20.5349 -1999.99 0.131675
1.3 20.7902 1999.99 -8981.49 -20.7902 -1999.99 0.130417
1.305 21.0463 1999.99 -9092.15 -21.0463 -1999.99 0.129651
1.31 21.3033 1999.99 -9203.15 -21.3033 -1999.99 0.129343
1.315 21.5599 1999.99 -9314 -21.5599 -1999.99 0.129254
1.32 21.8146 1999.99 -9424.04 -21.8146 -1999.99 0.129067
1.325 22.0661 1999.99 -9532.67 -22.0661 -1999.99 0.12852
1.33 22.3133 1999.99 -9639.46 -22.3133 -1999.99 0.127461
1.335 22.5559 1999.99 -9744.28 -22.5559 -1999.99 0.125934
1.34 22.7946 1999.99 -9847.4 -22.7946 -1999.99 0.124097
1.345 23.0261 2000.01 -9948.01 -23.0261 -2000.01 0.737918
1.35 23.2557 2000.02 -10047.6 -23.2557 -2000.02 1.11741
1.355 23.4875 2000.01 -10147.5 -23.4875 -2000.01 0.922973
1.36 23.7201 2000.01 -10247.8 -23.7201 -2000.01 0.768338
1.365 23.9537 2000.01 -10348.6 -23.9537 -2000.01 0.645482
1.37 24.1879 2000 -10449.7 -24.1879 -2000 0.546306
1.375 24.4221 2000 -10550.8 -24.4221 -2000 0.466185
1.38 24.6549 2000.01 -10651.5 -24.6549 -2000.01 0.620762
1.385 24.8848 2000.02 -10751.3 -24.8848 -2000.02 1.0337
1.39 25.1183 2000.01 -10852 -25.1183 -2000.01 0.863099
1.395 25.3532 2000.01 -10953.3 -25.3532 -2000.01 0.725534
1.4 25.5889 2000.01 -11055 -25.5889 -2000.01 0.61459
1.405 25.8248 2000 -11156.8 -25.8248 -2000 0.525002
1.41 26.0601 2000 -11258.4 -26.0601 -2000 0.452529
1.415 26.2946 2000 -11359.7 -26.2946 -2000 0.393809
1.42 26.5178 2000.05 -11457.5 -26.5178 -2000.05 1.8153
1.425 26.7427 2000.08 -11555.3 -26.7427 -2000.08 2.4537
1.43 26.9735 2000.06 -11654.5 -26.9735 -2000.06 2.00823
1.435 27.2074 2000.05 -11755.2 -27.2074 -2000.05 1.65443
1.44 27.4461 2000.03 -11858.1 -27.4461 -2000.03 1.37406
1.445 27.6889 2000.04 -11963 -27.6889 -2000.04 1.38065
1.45 27.9254 2000.1 -12065.8 -27.9254 -2000.1 2.04661
1.455 28.1735 2000.08 -12172.7 -28.1735 -2000.08 1.69656
1.46 28.4288 2000.06 -12282.7 -28.4288 -2000.06 1.41598
1.465 28.6903 2000.05 -12395.4 -28.6903 -2000.05 1.19159
1.47 28.9566 2000.04 -12510.3 -28.9566 -2000.04 1.03348
1.475 29.2152 2000.07 -12622.9 -29.2152 -2000.07 1.93447
1.48 29.481 2000.05 -12737.4 -29.481 -2000.05 1.62282
1.485 29.748 2000.04 -12852.6 -29.748 -2000.04 1.43269
1.49 30.0011 2000.1 -12962.5 -30.0011 -2000.1 2.05274
1.495 30.2589 2000.08 -13073.6 -30.2589 -2000.08 1.71816
1.5 30.5183 2000.06 -13185.4 -30.5183 -2000.06 1.44827
1.505 30.7793 2000.05 -13297.9 -30.7793 -2000.05 1.23131
1.51 31.0419 2000.04 -13411.2 -31.0419 -2000.04 1.05656
1.515 31.3062 2000.03 -13525.2 -31.3062 -2000.03 0.91598
1.52 31.5726 2000.02 -13640.2 -31.5726 -2000.02 0.803209
1.525 31.8382 2000.03 -13755.3 -31.8382 -2000.03 1.23627
1.53 32.0707 2000.33 -13859 -32.0707 -2000.33 4.4992
1.535 32.3155 2000.4 -13965.3 -32.3155 -2000.4 5.04642
1.54 32.5702 2000.32 -14074.5 -32.5702 -2000.32 4.12936
1.545 32.83 2000.26 -14185.9 -32.83 -2000.26 3.40463
1.55 33.0947 2000.2 -14299.7 -33.0947 -2000.2 2.83278
1.555 33.3637 2000.16 -14415.5 -33.3637 -2000.16 2.37276
1.56 33.6359 2000.13 -14532.7 -33.6359 -2000.13 2.00271
1.565 33.9101 2000.1 -14650.9 -33.9101 -2000.1 1.7048
1.57 34.1852 2000.08 -14769.5 -34.1852 -2000.08 1.46464
1.575 34.4608 2000.06 -14888.3 -34.4608 -2000.06 1.27083
1.58 34.7369 2000.04 -15007.5 -34.7369 -2000.04 1.11443
1.585 35.0114 2000.05 -15126.2 -35.0114 -2000.05 1.23403
1.59 35.2571 2000.21 -15234 -35.2571 -2000.21 2.88877
1.595 35.511 2000.17 -15343.2 -35.511 -2000.17 2.42418
1.6 35.7668 2000.13 -15453.3 -35.7668 -2000.13 2.04977
1.605 36.0249 2000.1 -15564.5 -36.0249 -2000.1 1.7484
1.61 36.2856 2000.08 -15676.9 -36.2856 -2000.08 1.50639
1.615 36.5488 2000.06 -15790.4 -36.5488 -2000.06 1.3126
1.62 36.8146 2000.04 -15905 -36.8146 -2000.04 1.15784
1.625 37.0825 2000.03 -16020.7 -37.0825 -2000.03 1.03455
1.63 37.3523 2000.02 -16137.1 -37.3523 -2000.02 0.93656
1.635 37.6238 2000.01 -16254.3 -37.6238 -2000.01 0.858894
1.64 37.897 2000 -16372.3 -37.897 -2000 0.797661
1.645 38.172 2000 -16491 -38.172 -2000 0.749877
1.65 38.4423 2000.06 -16608.5 -38.4423 -2000.06 1.36808
1.655 38.6948 2000.22 -16718.8 -38.6948 -2000.22 2.67232
1.66 38.9543 2000.17 -16830.5 -38.9543 -2000.17 2.28226
1.665 39.2112 2000.16 -16941.7 -39.2112 -2000.16 2.42921
1.67 39.4716 2000.12 -17053.8 -39.4716 -2000.12 2.07919
1.675 39.7269 2000.14 -17164.8 -39.7269 -2000.14 2.80836
1.68 39.9833 2000.15 -17275.9 -39.9833 -2000.15 3.08592
1.685 40.2423 2000.11 -17387.3 -40.2423 -2000.11 2.6196
1.69 40.5005 2000.09 -17498.5 -40.5005 -2000.09 2.24271
1.695 40.7438 2000.17 -17605.3 -40.7438 -2000.17 3.9631
1.7 40.9843 2000.21 -17709.9 -40.9843 -2000.21 4.73789
1.705 41.2255 2000.17 -17813.4 -41.2255 -2000.17 3.96209
1.71 41.4621 2000.13 -17915 -41.4621 -2000.13 3.33083
1.715 41.6939 2000.1 -18014.6 -41.6939 -2000.1 2.81594
1.72 41.921 2000.08 -18112.3 -41.921 -2000.08 2.39522
1.725 42.132 2000.16 -18204.8 -42.132 -2000.16 3.81605
1.73 42.3347 2000.24 -18293.2 -42.3347 -2000.24 4.6545
1.735 42.5293 2000.28 -18376.9 -42.5293 -2000.28 4.27965
1.74 42.7158 2000.26 -18457.4 -42.7158 -2000.26 4.15427
1.745 42.9006 2000.21 -18536.5 -42.9006 -2000.21 3.46817
1.75 43.0824 2000.16 -18614.5 -43.0824 -2000.16 2.91012
1.755 43.2586 2000.16 -18690.7 -43.2586 -2000.16 2.95264
1.76 43.4222 2000.21 -18762.3 -43.4222 -2000.21 3.91722
1.765 43.5895 2000.16 -18833.9 -43.5895 -2000.16 3.28294
1.77 43.7573 2000.13 -18905.9 -43.7573 -2000.13 2.77066
1.775 43.9267 2000.1 -18978.7 -43.9267 -2000.1 2.35861
1.78 44.0985 2000.08 -19052.6 -44.0985 -2000.08 2.02914
1.785 44.2734 2000.06 -19127.9 -44.2734 -2000.06 1.76775
1.79 44.4345 2000.21 -19200 -44.4345 -2000.21 4.2859
1.795 44.6023 2000.26 -19273.3 -44.6023 -2000.26 5.15286
1.8 44.7784 2000.21 -19348.6 -44.7784 -2000.21 4.33723
1.805 44.9585 2000.16 -19425.8 -44.9585 -2000.16 3.68786
1.81 45.1377 2000.18 -19503.5 -45.1377 -2000.18 4.0109
1.815 45.3106 2000.28 -19579.8 -45.3106 -2000.28 5.64362
1.82 45.4812 2000.34 -19654.4 -45.4812 -2000.34 6.53167
1.825 45.6587 2000.27 -19730.1 -45.6587 -2000.27 5.5408
1.83 45.8393 2000.24 -19806.4 -45.8393 -2000.24 3.80011
1.835 46.0185 2000.21 -19882.4 -46.0185 -2000.21 2.36505
1.84 46.1796 2000.31 -19954 -46.1796 -2000.31 4.38677
1.845 46.339 2000.34 -20023.7 -46.339 -2000.34 5.28818
1.85 46.4979 2000.34 -20091.4 -46.4979 -2000.34 4.29331
1.855 46.6524 2000.32 -20157.4 -46.6524 -2000.32 3.57708
1.86 46.8032 2000.26 -20222.2 -46.8032 -2000.26 3.21545
1.865 46.9422 2000.3 -20283.4 -46.9422 -2000.3 4.35658
1.87 47.0792 2000.29 -20342.9 -47.0792 -2000.29 4.6737
1.875 47.214 2000.27 -20400.4 -47.214 -2000.27 3.91565
1.88 47.3459 2000.21 -20456.9 -47.3459 -2000.21 3.50165
1.885 47.4758 2000.17 -20512.7 -47.4758 -2000.17 3.17064
1.89 47.6022 2000.15 -20567.3 -47.6022 -2000.15 3.1786
1.895 47.7262 2000.14 -20620.9 -47.7262 -2000.14 3.16214
1.9 47.8486 2000.15 -20673.2 -47.8486 -2000.15 2.64045
1.905 47.9674 2000.16 -20724.1 -47.9674 -2000.16 2.19412
1.91 48.0834 2000.13 -20774.1 -48.0834 -2000.13 2.13127
1.915 48.1981 2000.1 -20823.7 -48.1981 -2000.1 2.08918
1.92 48.3116 2000.08 -20872.7 -48.3116 -2000.08 2.06461
1.925 48.4236 2000.06 -20921.1 -48.4236 -2000.06 2.05373
1.93 48.5338 2000.04 -20968.7 -48.5338 -2000.04 2.05251
1.935 48.6419 2000.03 -21015.4 -48.6419 -2000.03 2.05728
1.94 48.7468 2000.03 -21060.8 -48.7468 -2000.03 2.21558
1.945 48.8484 2000.03 -21104.9 -48.8484 -2000.03 2.3706
1.95 48.948 2000.02 -21147.9 -48.948 -2000.02 2.32858
1.955 49.0453 2000.03 -21189.8 -49.0453 -2000.03 2.21246
1.96 49.1378 2000.09 -21229.1 -49.1378 -2000.09 1.57964
1.965 49.226 2000.07 -21267.1 -49.226 -2000.07 1.46337
1.97 49.3128 2000.07 -21304.2 -49.3128 -2000.07 1.08312
1.975 49.396 2000.05 -21340.4 -49.396 -2000.05 1.27997
1.98 49.4773 2000.03 -21375.7 -49.4773 -2000.03 1.44443
1.985 49.5567 2000.02 -21410.1 -49.5567 -2000.02 1.58296
1.99 49.6314 2000.04 -21443 -49.6314 -2000.04 2.2266
1.995 49.7025 2000.07 -21474.4 -49.7025 -2000.07 2.90738
2 49.7732 2000.06 -21505 -49.7732 -2000.06 2.94929
2.005 49.8426 2000.04 -21534.9 -49.8426 -2000.04 2.86012
2.01 49.9105 2000.03 -21564.1 -49.9105 -2000.03 2.80444
2.015 49.9765 2000.02 -21592.6 -49.9765 -2000.02 2.7754
2.02 50.0405 2000.01 -21620.3 -50.0405 -2000.01 2.76668
2.025 50.1024 2000 -21647 -50.1024 -2000 2.77305
2.03 50.1621 1999.99 -21672.8 -50.1621 -1999.99 2.79102
2.035 50.2196 1999.99 -21697.7 -50.2196 -1999.99 2.8195
2.04 50.2751 1999.98 -21721.7 -50.2751 -1999.98 2.8598
2.045 50.3286 1999.98 -21744.9 -50.3286 -1999.98 2.91499
2.05 50.3683 1999.95 -21764.3 -50.3683 -1999.95 5.21412
2.055 50.4081 1999.93 -21782.5 -50.4081 -1999.93 6.24764
2.06 50.4495 1999.96 -21800.1 -50.4495 -1999.96 5.90541
2.065 50.4851 2000 -21815.6 -50.4851 -2000 6.00937
2.07 50.5192 1999.98 -21829.9 -50.5192 -1999.98 5.63349
2.075 50.5509 1999.97 -21843.3 -50.5509 -1999.97 5.3736
2.08 50.5752 1999.96 -21854.5 -50.5752 -1999.96 6.00191
2.085 50.5721 1999.93 -21856.3 -50.5721 -1999.93 9.14944
2.09 50.5769 1999.93 -21857.3 -50.5769 -1999.93 8.08247
2.095 50.579 1999.93 -21857.3 -50.579 -1999.93 7.21621
2.1 50.5787 1999.93 -21856.5 -50.5787 -1999.93 6.46395
2.105 50.5761 1999.92 -21854.7 -50.5761 -1999.92 5.82164
2.11 50.5714 1999.92 -21852.1 -50.5714 -1999.92 5.28705
2.115 50.5646 1999.92 -21848.8 -50.5646 -1999.92 4.84246
2.12 50.5559 1999.92 -21844.6 -50.5559 -1999.92 4.47354
2.125 50.5253 1999.84 -21834.4 -50.5253 -1999.84 7.41923
2.13 50.4888 1999.79 -21820.3 -50.4888 -1999.79 9.11353
2.135 50.4545 1999.79 -21804.8 -50.4545 -1999.79 8.43232
2.14 50.408 1999.77 -21784.9 -50.408 -1999.77 8.65044
2.145 50.3653 1999.8 -21765 -50.3653 -1999.8 7.1647
2.15 50.3213 1999.83 -21744.8 -50.3213 -1999.83 5.96372
2.155 50.2761 1999.86 -21724.3 -50.2761 -1999.86 4.99326
2.16 50.2295 1999.88 -21703.4 -50.2295 -1999.88 4.21096
2.165 50.1814 1999.89 -21681.9 -50.1814 -1999.89 3.5828
2.17 50.1315 1999.9 -21659.9 -50.1315 -1999.9 3.08134
2.175 50.0797 1999.91 -21637.1 -50.0797 -1999.91 2.68438
2.18 50.0255 1999.92 -21613.4 -50.0255 -1999.92 2.38795
2.185 49.9662 1999.97 -21587.9 -49.9662 -1999.97 2.45134
2.19 49.9045 1999.96 -21560.9 -49.9045 -1999.96 2.19979
2.195 49.8402 1999.96 -21533 -49.8402 -1999.96 2.01913
2.2 49.7737 1999.95 -21504.1 -49.7737 -1999.95 1.88298
2.205 49.706 1999.95 -21474.8 -49.706 -1999.95 1.77775
2.21 49.6378 1999.94 -21445.2 -49.6378 -1999.94 1.69523
2.215 49.5703 1999.94 -21416 -49.5703 -1999.94 1.62405
2.22 49.5042 1999.94 -21387.4 -49.5042 -1999.94 1.55579
2.225 49.4403 1999.94 -21359.7 -49.4403 -1999.94 1.49056
2.23 49.3783 1999.96 -21332.9 -49.3783 -1999.96 1.50837
2.235 49.3194 1999.96 -21307.4 -49.3194 -1999.96 1.40275
2.24 49.2636 1999.96 -21283.2 -49.2636 -1999.96 1.29787
2.245 49.2105 1999.95 -21260.2 -49.2105 -1999.95 1.27014
2.25 49.1531 1999.92 -21236.1 -49.1531 -1999.92 1.91617
2.255 49.1017 1999.93 -21213.5 -49.1017 -1999.93 1.59343
2.26 49.0539 1999.94 -21192.6 -49.0539 -1999.94 1.3269
2.265 49.0097 1999.95 -21173.3 -49.0097 -1999.95 1.10586
2.27 48.9703 1999.97 -21155.7 -48.9703 -1999.97 0.488584
2.275 48.9338 1999.98 -21139.6 -48.9338 -1999.98 0.209706
2.28 48.9 1999.98 -21125 -48.9 -1999.98 0.191235
2.285 48.8689 1999.98 -21111.5 -48.8689 -1999.98 0.17027
2.29 48.8402 1999.98 -21099.1 -48.8402 -1999.98 0.15103
2.295 48.8134 1999.99 -21087.5 -48.8134 -1999.99 0.133694
2.3 48.7883 1999.99 -21076.7 -48.7883 -1999.99 0.118226
2.305 48.7648 1999.99 -21066.5 -48.7648 -1999.99 0.104485
2.31 48.7426 1999.99 -21056.9 -48.7426 -1999.99 0.0923255
2.315 48.7216 1999.99 -21047.8 -48.7216 -1999.99 0.0970301
2.32 48.701 1999.98 -21038.9 -48.701 -1999.98 0.115678
2.325 48.6809 1999.99 -21030.3 -48.6809 -1999.99 0.100253
2.33 48.661 1999.99 -21021.7 -48.661 -1999.99 0.08764
2.335 48.6414 1999.99 -21013.1 -48.6414 -1999.99 0.077313
2.34 48.6223 1999.99 -21004.9 -48.6223 -1999.99 0.0686673
2.345 48.6045 1999.99 -20997.2 -48.6045 -1999.99 0.0610582
2.35 48.5887 1999.99 -20990.4 -48.5887 -1999.99 0.0539465
2.355 48.5755 1999.99 -20984.7 -48.5755 -1999.99 0.0469858
2.36 48.5658 2000 -20980.5 -48.5658 -2000 0.0401415
2.365 48.5602 2000 -20978.1 -48.5602 -2000 0.0334802
2.37 48.5597 2000 -20977.8 -48.5597 -2000 0.0272845
2.375 48.5388 1999.9 -20973 -48.5388 -1999.9 4.20917
2.38 48.5136 1999.85 -20964.6 -48.5136 -1999.85 6.71221
2.385 48.4897 1999.9 -20952.9 -48.4897 -1999.9 5.39047
2.39 48.4536 1999.94 -20936.3 -48.4536 -1999.94 4.31196
2.395 48.4065 1999.95 -20915.1 -48.4065 -1999.95 3.46404
2.4 48.3501 1999.96 -20890 -48.3501 -1999.96 2.75749
2.405 48.2857 1999.96 -20861.6 -48.2857 -1999.96 2.16089
2.41 48.2149 1999.97 -20830.5 -48.2149 -1999.97 1.65087
2.415 48.1392 1999.97 -20797.3 -48.1392 -1999.97 1.21093
2.42 48.0598 1999.97 -20762.7 -48.0598 -1999.97 0.829921
2.425 47.9779 1999.97 -20726.9 -47.9779 -1999.97 0.50024
2.43 47.8941 1999.97 -20690.5 -47.8941 -1999.97 0.215889
2.435 47.8089 1999.97 -20653.4 -47.8089 -1999.97 -0.0289942
2.44 47.722 1999.97 -20615.7 -47.722 -1999.97 -0.240914
2.445 47.633 1999.97 -20577 -47.633 -1999.97 -0.426542
2.45 47.5415 1999.96 -20537.3 -47.5415 -1999.96 -0.591896
2.455 47.4462 1999.98 -20496.2 -47.4462 -1999.98 -0.589125
2.46 47.3472 1999.99 -20453.4 -47.3472 -1999.99 -0.603166
2.465 47.2451 1999.98 -20409.1 -47.2451 -1999.98 -0.771115
2.47 47.1397 1999.98 -20363.4 -47.1397 -1999.98 -0.92125
2.475 47.0308 1999.97 -20316.2 -47.0308 -1999.97 -1.057
2.48 46.9183 1999.97 -20267.5 -46.9183 -1999.97 -1.17866
2.485 46.8007 2000.03 -20216.3 -46.8007 -2000.03 -1.55606
2.49 46.6788 2000.04 -20163.5 -46.6788 -2000.04 -1.75319
2.495 46.5535 2000.02 -20109.3 -46.5535 -2000.02 -1.77749
2.5 46.4214 2000.1 -20053.1 -46.4214 -2000.1 -0.908081
2.505 46.2876 2000.13 -19995.7 -46.2876 -2000.13 -0.473752
2.51 46.1543 2000.09 -19938 -46.1543 -2000.09 -0.708137
2.515 46.0215 2000.06 -19880.4 -46.0215 -2000.06 -0.888698
2.52 45.8875 2000.07 -19822.3 -45.8875 -2000.07 -1.10787
2.525 45.7538 2000.05 -19764.5 -45.7538 -2000.05 -1.14887
2.53 45.6213 2000.03 -19707.2 -45.6213 -2000.03 -1.16256
2.535 45.4904 2000.02 -19650.7 -45.4904 -2000.02 -1.15471
2.54 45.3616 2000.01 -19595.1 -45.3616 -2000.01 -1.12988
2.545 45.2355 2000 -19540.6 -45.2355 -2000 -1.09097
2.55 45.1125 2000.01 -19487.5 -45.1125 -2000.01 -1.10912
2.555 44.9944 2000.05 -19435.2 -44.9944 -2000.05 -2.37055
2.56 44.8774 2000.05 -19384.4 -44.8774 -2000.05 -2.65658
2.565 44.7627 2000.04 -19335.3 -44.7627 -2000.04 -2.24987
2.57 44.6526 2000.03 -19288 -44.6526 -2000.03 -1.91281
2.575 44.5466 2000.02 -19242.5 -44.5466 -2000.02 -1.63305
2.58 44.4445 2000.01 -19198.6 -44.4445 -2000.01 -1.39662
2.585 44.3461 2000.01 -19156.3 -44.3461 -2000.01 -1.19666
2.59 44.2515 2000 -19115.6 -44.2515 -2000 -1.02719
2.595 44.1609 2000 -19076.6 -44.1609 -2000 -0.882996
2.6 44.0747 2000 -19039.5 -44.0747 -2000 -0.759639
2.605 43.9934 2000 -19004.5 -43.9934 -2000 -0.653516
2.61 43.9171 2000 -18971.6 -43.9171 -2000 -0.56181
2.615 43.846 2000 -18941 -43.846 -2000 -0.48241
2.62 43.7796 2000 -18912.4 -43.7796 -2000 -0.413757
2.625 43.7175 2000 -18885.6 -43.7175 -2000 -0.354625
2.63 43.6592 1999.99 -18860.4 -43.6592 -1999.99 -0.336398
2.635 43.6044 1999.98 -18836.7 -43.6044 -1999.98 -0.341691
2.64 43.5521 1999.98 -18814.2 -43.5521 -1999.98 -0.290327
2.645 43.5019 1999.99 -18792.6 -43.5019 -1999.99 -0.247302
2.65 43.4537 1999.99 -18771.8 -43.4537 -1999.99 -0.211258
2.655 43.4045 2000.04 -18751 -43.4045 -2000.04 0.279586
2.66 43.3575 2000.05 -18730.9 -43.3575 -2000.05 0.455113
2.665 43.3132 2000.04 -18711.7 -43.3132 -2000.04 0.361265
2.67 43.2714 2000.04 -18693.5 -43.2714 -2000.04 0.28617
2.675 43.2325 2000.03 -18676.7 -43.2325 -2000.03 0.226246
2.68 43.197 2000.02 -18661.3 -43.197 -2000.02 0.178649
2.685 43.1657 2000.02 -18647.7 -43.1657 -2000.02 0.141071
2.69 43.1394 2000.01 -18636.3 -43.1394 -2000.01 0.111614
2.695 43.1186 2000.01 -18627.3 -43.1186 -2000.01 0.0885966
2.7 43.1039 2000.01 -18620.9 -43.1039 -2000.01 0.070685
2.705 43.0953 2000.01 -18617.2 -43.0953 -2000.01 0.0567904
2.71 43.0925 2000.01 -18616 -43.0925 -2000.01 0.0458775
2.715 43.096 2000 -18617.3 -43.096 -2000 -0.150417
2.72 43.1048 1999.99 -18620.9 -43.1048 -1999.99 -0.310396
2.725 43.1168 1999.99 -18626.2 -43.1168 -1999.99 -0.251223
2.73 43.131 1999.99 -18632.4 -43.131 -1999.99 -0.203172
2.735 43.1456 1999.99 -18638.7 -43.1456 -1999.99 -0.164176
2.74 43.1593 2000 -18644.7 -43.1593 -2000 -0.132529
2.745 43.1709 2000 -18649.7 -43.1709 -2000 -0.106926
2.75 43.1798 2000 -18653.6 -43.1798 -2000 -0.0862957
2.755 43.1856 2000 -18656.1 -43.1856 -2000 -0.069714
2.76 43.1887 2000 -18657.5 -43.1887 -2000 -0.0563836
2.765 43.1894 2000 -18657.8 -43.1894 -2000 -0.0456387
2.77 43.1878 2000 -18657.1 -43.1878 -2000 -0.0365391
2.775 43.1838 2000 -18655.4 -43.1838 -2000 -0.0294567
2.78 43.1771 2000 -18652.5 -43.1771 -2000 -0.0251731
2.785 43.167 2000 -18648.1 -43.167 -2000 -0.0248539
2.79 43.1531 2000 -18642.1 -43.1531 -2000 -0.0309227
2.795 43.1353 2000 -18634.4 -43.1353 -2000 -0.0472896
2.8 43.1135 2000 -18624.9 -43.1135 -2000 -0.0784824
2.805 43.0881 1999.99 -18613.9 -43.0881 -1999.99 -0.136554
2.81 43.0597 1999.98 -18601.6 -43.0597 -1999.98 -0.216027
2.815 43.0289 1999.98 -18588.2 -43.0289 -1999.98 -0.293096
2.82 42.9958 1999.98 -18573.8 -42.9958 -1999.98 -0.376697
2.825 42.9605 1999.98 -18558.5 -42.9605 -1999.98 -0.461167
2.83 42.9225 1999.98 -18542 -42.9225 -1999.98 -0.545035
2.835 42.8808 1999.97 -18523.9 -42.8808 -1999.97 -0.630776
2.84 42.8342 1999.97 -18503.6 -42.8342 -1999.97 -0.722607
2.845 42.7814 1999.97 -18480.7 -42.7814 -1999.97 -0.822953
2.85 42.7213 1999.96 -18454.7 -42.7213 -1999.96 -0.929766
2.855 42.653 1999.96 -18425.1 -42.653 -1999.96 -1.03548
2.86 42.5759 1999.96 -18391.6 -42.5759 -1999.96 -1.13276
2.865 42.4889 1999.95 -18354 -42.4889 -1999.95 -1.21725
2.87 42.3911 1999.95 -18311.7 -42.3911 -1999.95 -1.28405
2.875 42.2816 1999.95 -18264.3 -42.2816 -1999.95 -1.33288
2.88 42.1591 1999.95 -18211.4 -42.1591 -1999.95 -1.36482
2.885 42.0228 1999.95 -18152.5 -42.0228 -1999.95 -1.38126
2.89 41.8718 1999.95 -18087.2 -41.8718 -1999.95 -1.38325
2.895 41.7051 1999.95 -18015.2 -41.7051 -1999.95 -1.37152
2.9 41.522 1999.95 -17936.1 -41.522 -1999.95 -1.34672
2.905 41.3214 1999.96 -17849.6 -41.3214 -1999.96 -1.30971
2.91 41.1018 1999.97 -17754.9 -41.1018 -1999.97 -1.10775
2.915 40.8521 2000.13 -17648.8 -40.8521 -2000.13 0.625456
2.92 40.5828 2000.17 -17533 -40.5828 -2000.17 1.23095
2.925 40.2981 2000.1 -17409.4 -40.2981 -2000.1 0.600176
2.93 39.9935 2000.08 -17277.4 -39.9935 -2000.08 0.260554
2.935 39.6639 2000.13 -17134.5 -39.6639 -2000.13 -0.345036
2.94 39.3114 2000.1 -16982.2 -39.3114 -2000.1 -0.32438
2.945 38.933 2000.12 -16819.2 -38.933 -2000.12 0.156632
2.95 38.5371 2000.06 -16647.9 -38.5371 -2000.06 -0.136974
2.955 38.1267 1999.93 -16469.7 -38.1267 -1999.93 -1.08556
2.96 37.6969 1999.86 -16283.6 -37.6969 -1999.86 -1.4876
2.965 37.244 1999.9 -16088.5 -37.244 -1999.9 -0.876014
2.97 36.767 1999.91 -15882.9 -36.767 -1999.91 -0.479976
2.975 36.2689 1999.88 -15667.7 -36.2689 -1999.88 -0.513188
2.98 35.6966 2000.29 -15426 -35.6966 -2000.29 5.12907
2.985 35.104 2000.35 -15170.5 -35.104 -2000.35 5.54735
2.99 34.3975 2000.87 -14870 -34.3975 -2000.87 10.2941
2.995 33.6182 2001.19 -14539.1 -33.6182 -2001.19 16.0205
3 32.7041 2001.86 -14154.8 -32.7041 -2001.86 26.6715
3.005 31.6685 2002.54 -13719.9 -31.6685 -2002.54 39.0394
3.01 30.5167 2003.45 -13233.8 -30.5167 -2003.45 50.5779
3.015 29.1827 2004.15 -12666 -29.1827 -2004.15 59.0674
3.02 27.6553 2004.74 -12021.5 -27.6553 -2004.74 74.3772
3.025 25.9172 2006.04 -11286.7 -25.9172 -2006.04 90.5072
3.03 23.9534 2006.98 -10450.5 -23.9534 -2006.98 102.625
3.035 21.7431 2007.23 -9502.83 -21.7431 -2007.23 109.797
3.04 19.3843 2006.66 -8474.71 -19.3843 -2006.66 100.683
3.045 16.8999 2005.76 -7391.48 -16.8999 -2005.76 90.7288
3.05 14.2892 2004.99 -6255.14 -14.2892 -2004.99 82.2123
3.055 11.4741 2004.67 -5042.75 -11.4741 -2004.67 85.9484
3.06 8.53191 2004.59 -3773.26 -8.53191 -2004.59 87.4799
3.065 5.43834 2004.31 -2434.88 -5.43834 -2004.31 85.52
3.07 2.21331 2004.42 -1031.94 -2.21331 -2004.42 75.7932
3.075 -1.21604 2003.83 445.599 1.21604 -2003.83 79.7318
3.08 -4.72585 2001.99 1951.57 4.72585 -2001.99 89.9986
3.085 -8.03426 1999.84 3402.6 8.03426 -1999.84 68.206
3.09 -11.3116 1999.28 4847.42 11.3116 -1999.28 39.2105
3.095 -14.6586 1998.9 6308.8 14.6586 -1998.9 23.7248
3.1 -17.9932 1998.74 7767.65 17.9932 -1998.74 5.39748
3.105 -21.3176 1998.9 9218.66 21.3176 -1998.9 -9.4416
3.11 -24.6078 1999.27 10652.5 24.6078 -1999.27 -21.9118
3.115 -27.6137 2001.27 11980.3 27.6137 -2001.27 -51.1561
3.12 -30.3286 2003.08 13178.7 30.3286 -2003.08 -76.7938
3.125 -32.9287 2004.28 14312.1 32.9287 -2004.28 -86.9158
3.13 -35.4648 2005.07 15413.7 35.4648 -2005.07 -92.9511
3.135 -37.8199 2005.54 16442.3 37.8199 -2005.54 -104.14
3.14 -39.9891 2006.31 17401.9 39.9891 -2006.31 -126.619
3.145 -41.9487 2007.76 18277.2 41.9487 -2007.76 -155.331
3.15 -43.7217 2008.47 19067.8 43.7217 -2008.47 -180.015
3.155 -45.2428 2010.3 19747.4 45.2428 -2010.3 -202.537
3.16 -46.5138 2011.41 20316.8 46.5138 -2011.41 -222.863
3.165 -47.7038 2011.13 20814.8 47.7038 -2011.13 -206.819
3.17 -48.7575 2010.39 21249.5 48.7575 -2010.39 -186.323
3.175 -49.5885 2008.71 21613.2 49.5885 -2008.71 -191.006
3.18 -50.0626 2007.14 21862.9 50.0626 -2007.14 -235.853
3.185 -49.6308 2002.98 21840.1 49.6308 -2002.98 -399.625
3.19 -48.4685 1995.73 21439.8 48.4685 -1995.73 -501.45
3.195 -47.3721 1993.4 20906.5 47.3721 -1993.4 -441.738
3.2 -46.0902 1992.29 20297.7 46.0902 -1992.29 -386.713
3.205 -44.688 1991.57 19615.6 44.688 -1991.57 -310.364
3.21 -44.014 1996.58 19131.6 44.014 -1996.58 -117.555
3.215 -43.1377 1998.78 18655.7 43.1377 -1998.78 -20.1867
3.22 -42.2947 1999.38 18249.8 42.2947 -1999.38 21.5552
3.225 -41.1941 1996.23 17795 41.1941 -1996.23 0.831202
3.23 -40.173 1994.85 17347.9 40.173 -1994.85 6.81105
3.235 -40.0139 1997.9 17192.2 40.0139 -1997.9 93.7366
3.24 -39.8885 1998.94 17107.6 39.8885 -1998.94 124.168
3.245 -39.9028 2000.02 17090.4 39.9028 -2000.02 147.608
3.25 -39.7066 1997.51 17045.1 39.7066 -1997.51 108.094
3.255 -39.5905 1997.64 17012.6 39.5905 -1997.64 90.5106
3.26 -39.5062 1998.36 16987.5 39.5062 -1998.36 79.2011
3.265 -39.3857 1997.65 16953.6 39.3857 -1997.65 61.0036
3.27 -39.2555 1996.76 16913.1 39.2555 -1996.76 45.3087
3.275 -39.0716 1994.11 16852.4 39.0716 -1994.11 26.5332
3.28 -38.8491 1991.31 16772.3 38.8491 -1991.31 10.4633
3.285 -38.398 1986.34 16604.6 38.398 -1986.34 -16.689
3.29 -38.1258 2001.55 16478.7 38.1258 -2001.55 -8.32981
3.295 -37.684 1999.43 16299.6 37.684 -1999.43 -20.135
3.3 -37.223 1988.72 16106.3 37.223 -1988.72 -26.0103
3.305 -2.98026 158.79 3014.07 2.98026 -158.79 -1726.59
3.31 -2.73456 -0.993086 697.601 2.73456 0.993086 483.728
3.315 -8.93251 1319.57 12430.3 8.93251 -1319.57 -8571.45
3.32 17.9109 2354.92 13377.8 -17.9109 -2354.92 -21115.3
3.325 2.65744 2188.05 14091 -2.65744 -2188.05 -15239
3.33 -8.99369 2119.27 14350.8 8.99369 -2119.27 -10465.6
3.335 -14.2257 2104.04 14420.5 14.2257 -2104.04 -8274.99
3.34 -18.3787 2089.74 14476.8 18.3787 -2089.74 -6537.21
3.345 -21.644 2073.61 14535.4 21.644 -2073.61 -5185.23
3.35 -24.101 2059.75 14587.4 24.101 -2059.75 -4175.75
3.355 -26.1012 2048.89 14631.3 26.1012 -2048.89 -3355.61
3.36 -27.7111 2039.93 14670.2 27.7111 -2039.93 -2699.03
3.365 -28.9929 2032.42 14705.3 28.9929 -2032.42 -2180.33
3.37 -30.0202 2026.69 14735.3 30.0202 -2026.69 -1766.57
3.375 -30.8534 2022.3 14761 30.8534 -2022.3 -1432.29
3.38 -31.5428 2018.06 14786.2 31.5428 -2018.06 -1159.71
3.385 -32.1092 2014.15 14809.7 32.1092 -2014.15 -938.543
3.39 -32.5726 2010.88 14830.7 32.5726 -2010.88 -759.328
3.395 -32.9496 2008.66 14848.8 32.9496 -2008.66 -614.639
3.4 -33.2589 2007.01 14865.5 33.2589 -2007.01 -497.642
3.405 -33.4974 2007.09 14877.1 33.4974 -2007.09 -406.23
3.41 -33.7014 2006.57 14889.8 33.7014 -2006.57 -330.832
3.415 -33.8815 2005.32 14904 33.8815 -2005.32 -267.201
3.42 -34.0317 2004.31 14917.6 34.0317 -2004.31 -215.954
3.425 -34.1573 2003.49 14930.8 34.1573 -2003.49 -174.848
3.43 -34.2639 2002.84 14943.6 34.2639 -2002.84 -141.575
3.435 -34.355 2002.38 14956.1 34.355 -2002.38 -114.715
3.44 -34.4342 2001.93 14968.5 34.4342 -2001.93 -92.8803
3.445 -34.5033 2001.56 14980.6 34.5033 -2001.56 -75.2015
3.45 -34.564 2001.28 14992.6 34.564 -2001.28 -60.9067
3.455 -34.6181 2001.06 15004.3 34.6181 -2001.06 -49.3452
3.46 -34.6668 2000.86 15016 34.6668 -2000.86 -39.9534
3.465 -34.7111 2000.7 15027.5 34.7111 -2000.7 -32.3531
3.47 -34.7517 2000.57 15038.9 34.7517 -2000.57 -26.1982
3.475 -34.7893 2000.46 15050.2 34.7893 -2000.46 -21.2124
3.48 -34.8244 2000.37 15061.3 34.8244 -2000.37 -17.1753
3.485 -34.8574 2000.3 15072.3 34.8574 -2000.3 -13.9068
3.49 -34.8888 2000.24 15083.2 34.8888 -2000.24 -11.2607
3.495 -34.9187 2000.2 15094 34.9187 -2000.2 -9.12037
3.5 -34.9475 2000.16 15104.7 34.9475 -2000.16 -7.38822
3.505 -34.9753 2000.13 15115.3 34.9753 -2000.13 -5.9842
3.51 -35.0022 2000.1 15125.8 35.0022 -2000.1 -4.84577
3.515 -35.0284 2000.09 15136.2 35.0284 -2000.09 -3.92393
3.52 -35.0541 2000.07 15146.5 35.0541 -2000.07 -3.14937
3.525 -35.0794 2000.06 15156.7 35.0794 -2000.06 -2.436
3.53 -35.1039 2000.05 15166.9 35.1039 -2000.05 -1.9728
3.535 -35.128 2000.04 15176.9 35.128 -2000.04 -1.59773
3.54 -35.1517 2000.03 15186.8 35.1517 -2000.03 -1.29403
3.545 -35.1751 2000.02 15196.7 35.1751 -2000.02 -1.0481
3.55 -35.1982 2000.02 15206.5 35.1982 -2000.02 -0.848965
3.555 -35.2209 2000.02 15216.1 35.2209 -2000.02 -0.687706
3.56 -35.2434 2000.01 15225.7 35.2434 -2000.01 -0.557118
3.565 -35.2656 2000.01 15235.2 35.2656 -2000.01 -0.451365
3.57 -35.2875 2000.01 15244.6 35.2875 -2000.01 -0.365721
3.575 -35.3091 2000.01 15253.8 35.3091 -2000.01 -0.296359
3.58 -35.3305 2000.01 15263 35.3305 -2000.01 -0.240182
3.585 -35.3517 2000 15272.1 35.3517 -2000 -0.194681
3.59 -35.3726 2000 15281.1 35.3726 -2000 -0.157825
3.595 -35.3932 2000 15290 35.3932 -2000 -0.12797
3.6 -35.4136 2000 15298.8 35.4136 -2000 -0.103785
3.605 -35.4338 2000 15307.5 35.4338 -2000 -0.0841907
3.61 -35.4538 2000 15316.1 35.4538 -2000 -0.0683146
3.615 -35.4735 2000 15324.6 35.4735 -2000 -0.0554497
3.62 -35.493 2000 15333 35.493 -2000 -0.0450237
3.625 -35.5123 2000 15341.4 35.5123 -2000 -0.0365728
3.63 -35.5314 2000 15349.6 35.5314 -2000 -0.0297219
3.635 -35.5502 2000 15357.7 35.5502 -2000 -0.0241669
3.64 -35.5688 2000 15365.7 35.5688 -2000 -0.0196617
3.645 -35.5871 2000 15373.6 35.5871 -2000 -0.0160069
3.65 -35.6052 2000 15381.4 35.6052 -2000 -0.0130412
3.655 -35.623 2000 15389.1 35.623 -2000 -0.0106338
3.66 -35.6405 2000 15396.7 35.6405 -2000 -0.00867885
3.665 -35.6578 2000 15404.2 35.6578 -2000 -0.00709065
3.67 -35.6749 2000 15411.5 35.6749 -2000 -0.00579975
3.675 -35.6916 2000 15418.8 35.6916 -2000 -0.00474995
3.68 -35.7081 2000 15425.9 35.7081 -2000 -0.00389572
3.685 -35.7243 2000 15432.9 35.7243 -2000 -0.00320015
3.69 -35.7403 2000 15439.8 35.7403 -2000 -0.00263337
3.695 -35.7561 2000 15446.6 35.7561 -2000 -0.00217114
3.7 -35.7716 2000 15453.3 35.7716 -2000 -0.00179384
3.705 -35.7868 2000 15459.9 35.7868 -2000 -0.00148553
3.71 -35.8019 2000 15466.4 35.8019 -2000 -0.00123329
3.715 -35.8167 2000 15472.8 35.8167 -2000 -0.00102666
3.72 -35.8312 2000 15479.1 35.8312 -2000 -0.000857133
3.725 -35.8456 2000 15485.3 35.8456 -2000 -0.000717814
3.73 -35.8597 2000 15491.4 35.8597 -2000 -0.000603092
3.735 -35.8736 2000 15497.4 35.8736 -2000 -0.000508411
3.74 -35.8872 2000 15503.3 35.8872 -2000 -0.000430048
3.745 -35.9006 2000 15509.1 35.9006 -2000 -0.000365044
3.75 -35.9138 2000 15514.7 35.9138 -2000 -0.000310945
3.755 -35.9267 2000 15520.3 35.9267 -2000 -0.00026577
3.76 -35.9393 2000 15525.8 35.9393 -2000 -0.000227878
3.765 -35.9516 2000 15531.1 35.9516 -2000 -0.000196044
3.77 -35.9637 2000 15536.3 35.9637 -2000 -0.000169098
3.775 -35.9755 2000 15541.4 35.9755 -2000 -0.000146291
3.78 -35.9871 2000 15546.4 35.9871 -2000 -0.00012682
3.785 -35.9983 2000 15551.3 35.9983 -2000 -0.000110243
3.79 -36.0092 2000 15556 36.0092 -2000 -9.59413e-05
3.795 -36.0199 2000 15560.6 36.0199 -2000 -8.36926e-05
3.8 -36.0302 2000 15565 36.0302 -2000 -7.30685e-05
3.805 -36.0402 2000 15569.4 36.0402 -2000 -6.3849e-05
3.81 -36.0499 2000 15573.5 36.0499 -2000 -5.58244e-05
3.815 -36.0592 2000 15577.6 36.0592 -2000 -4.88216e-05
3.82 -36.0683 2000 15581.5 36.0683 -2000 -4.27002e-05
3.825 -36.077 2000 15585.3 36.077 -2000 -3.73419e-05
3.83 -36.0854 2000 15588.9 36.0854 -2000 -3.26163e-05
3.835 -36.0936 2000 15592.4 36.0936 -2000 -2.85032e-05
3.84 -36.1014 2000 15595.8 36.1014 -2000 -2.48975e-05
3.845 -36.109 2000 15599.1 36.109 -2000 -2.1736e-05
3.85 -36.1163 2000 15602.2 36.1163 -2000 -1.89243e-05
3.855 -36.1234 2000 15605.3 36.1234 -2000 -1.64988e-05
3.86 -36.1302 2000 15608.2 36.1302 -2000 -1.4351e-05
3.865 -36.1368 2000 15611.1 36.1368 -2000 -1.24895e-05
3.87 -36.1431 2000 15613.8 36.1431 -2000 -1.08584e-05
3.875 -36.1492 2000 15616.5 36.1492 -2000 -9.42942e-06
3.88 -36.1551 2000 15619 36.1551 -2000 -8.1783e-06
3.885 -36.1609 2000 15621.5 36.1609 -2000 -7.08235e-06
3.89 -36.1664 2000 15623.9 36.1664 -2000 -6.12268e-06
3.895 -36.1717 2000 15626.2 36.1717 -2000 -5.28199e-06
3.9 -36.1768 2000 15628.4 36.1768 -2000 -4.54619e-06
3.905 -36.1817 2000 15630.5 36.1817 -2000 -3.9024e-06
3.91 -36.1864 2000 15632.5 36.1864 -2000 -3.34e-06
3.915 -36.191 2000 15634.5 36.191 -2000 -2.84911e-06
3.92 -36.1954 2000 15636.4 36.1954 -2000 -2.42168e-06
3.925 -36.1997 2000 15638.3 36.1997 -2000 -2.04996e-06
3.93 -36.2038 2000 15640 36.2038 -2000 -1.72725e-06
3.935 -36.2077 2000 15641.7 36.2077 -2000 -1.44735e-06
3.94 -36.2116 2000 15643.4 36.2116 -2000 -1.20495e-06
3.945 -36.2153 2000 15645 36.2153 -2000 -9.95079e-07
3.95 -36.2189 2000 15646.6 36.2189 -2000 -8.13842e-07
3.955 -36.2224 2000 15648.1 36.2224 -2000 -6.57201e-07
3.96 -36.2258 2000 15649.5 36.2258 -2000 -5.21965e-07
3.965 -36.2291 2000 15651 36.2291 -2000 -4.05272e-07
3.97 -36.2323 2000 15652.3 36.2323 -2000 -3.04932e-07
3.975 -36.2354 2000 15653.7 36.2354 -2000 -2.18118e-07
3.98 -36.2384 2000 15655 36.2384 -2000 -1.43374e-07
3.985 -36.2414 2000 15656.3 36.2414 -2000 -7.85693e-08
3.99 -36.2443 2000 15657.6 36.2443 -2000 -2.27786e-08
3.995 -36.2472 2000 15658.8 36.2472 -2000 2.54918e-08
4 -36.25 2000 15660 36.25 -2000 6.70194e-08
4.005 -36.2527 2000 15661.2 36.2527 -2000 1.02697e-07
4.01 -36.2554 2000 15662.3 36.2554 -2000 1.32933e-07
4.015 -36.258 2000 15663.4 36.258 -2000 1.5893e-07
4.02 -36.2605 2000 15664.5 36.2605 -2000 1.81161e-07
4.025 -36.263 2000 15665.6 36.263 -2000 2.00488e-07
4.03 -36.2655 2000 15666.7 36.2655 -2000 2.17834e-07
4.035 -36.2679 2000 15667.8 36.2679 -2000 2.33911e-07
4.04 -36.2704 2000 15668.8 36.2704 -2000 2.49605e-07
4.045 -36.2729 2000 15669.9 36.2729 -2000 2.65855e-07
4.05 -36.2754 2000 15671 36.2754 -2000 2.8355e-07
4.055 -36.278 2000 15672.1 36.278 -2000 3.03991e-07
4.06 -36.2807 2000 15673.2 36.2807 -2000 3.27733e-07
4.065 -36.2834 2000 15674.4 36.2834 -2000 3.56175e-07
4.07 -36.2862 2000 15675.7 36.2862 -2000 2.72963e-07
4.075 -36.2891 2000 15676.9 36.2891 -2000 3.30827e-07
4.08 -36.2921 2000 15678.2 36.2921 -2000 3.88496e-07
4.085 -36.2952 2000 15679.5 36.2952 -2000 4.4671e-07
4.09 -36.2983 2000 15680.9 36.2983 -2000 5.05586e-07
4.095 -36.3015 2000 15682.3 36.3015 -2000 5.65453e-07
4.1 -36.3048 2000 15683.7 36.3048 -2000 6.25645e-07
4.105 -36.3081 2000 15685.1 36.3081 -2000 6.85223e-07
4.11 -36.3114 2000 15686.5 36.3114 -2000 7.42358e-07
4.115 -36.3147 2000 15688 36.3147 -2000 7.95642e-07
4.12 -36.318 2000 15689.4 36.318 -2000 8.43381e-07
4.125 -36.3212 2000 15690.8 36.3212 -2000 8.84483e-07
4.13 -36.3244 2000 15692.1 36.3244 -2000 9.17442e-07
4.135 -36.3275 2000 15693.5 36.3275 -2000 9.42102e-07
4.14 -36.3306 2000 15694.8 36.3306 -2000 9.57859e-07
4.145 -36.3335 2000 15696.1 36.3335 -2000 9.66165e-07
4.15 -36.3364 2000 15697.3 36.3364 -2000 9.67451e-07
4.155 -36.3393 2000 15698.6 36.3393 -2000 9.6325e-07
4.16 -36.342 2000 15699.7 36.342 -2000 9.53982e-07
4.165 -36.3447 2000 15700.9 36.3447 -2000 9.40683e-07
4.17 -36.3472 2000 15702 36.3472 -2000 9.23364e-07
4.175 -36.3497 2000 15703.1 36.3497 -2000 9.02745e-07
4.18 -36.3522 2000 15704.1 36.3522 -2000 8.78397e-07
4.185 -36.3545 2000 15705.1 36.3545 -2000 8.5069e-07
4.19 -36.3567 2000 15706.1 36.3567 -2000 8.19279e-07
4.195 -36.3589 2000 15707 36.3589 -2000 7.84365e-07
4.2 -36.3609 2000 15707.9 36.3609 -2000 7.45848e-07
4.205 -36.3628 2000 15708.7 36.3628 -2000 7.04434e-07
4.21 -36.3646 2000 15709.5 36.3646 -2000 6.60921e-07
4.215 -36.3663 2000 15710.2 36.3663 -2000 6.16661e-07
4.22 -36.3679 2000 15710.9 36.3679 -2000 5.73053e-07
4.225 -36.3694 2000 15711.6 36.3694 -2000 5.31465e-07
4.23 -36.3709 2000 15712.2 36.3709 -2000 4.92685e-07
4.235 -36.3723 2000 15712.8 36.3723 -2000 4.5761e-07
4.24 -36.3737 2000 15713.4 36.3737 -2000 4.26128e-07
4.245 -36.3751 2000 15714 36.3751 -2000 3.98327e-07
4.25 -36.3764 2000 15714.6 36.3764 -2000 3.73668e-07
4.255 -36.3777 2000 15715.2 36.3777 -2000 3.51981e-07
4.26 -36.379 2000 15715.7 36.379 -2000 3.32507e-07
4.265 -36.3802 2000 15716.2 36.3802 -2000 3.14993e-07
4.27 -36.3814 2000 15716.8 36.3814 -2000 2.9843e-07
4.275 -36.3825 2000 15717.3 36.3825 -2000 2.82442e-07
4.28 -36.3836 2000 15717.7 36.3836 -2000 2.65866e-07
4.285 -36.3846 2000 15718.2 36.3846 -2000 2.48236e-07
4.29 -36.3856 2000 15718.6 36.3856 -2000 2.28744e-07
4.295 -36.3864 2000 15718.9 36.3864 -2000 2.0728e-07
4.3 -36.387 2000 15719.2 36.387 -2000 1.83978e-07
4.305 -36.3876 2000 15719.4 36.3876 -2000 1.59513e-07
4.31 -36.3879 2000 15719.6 36.3879 -2000 1.34695e-07
4.315 -36.3881 2000 15719.7 36.3881 -2000 1.11013e-07
4.32 -36.3844 1999.98 15718.6 36.3844 -1999.98 -0.548909
4.325 -36.3615 1999.94 15709.9 36.3615 -1999.94 -1.73376
4.33 -36.3244 1999.95 15693.5 36.3244 -1999.95 -1.33039
4.335 -36.2685 1999.95 15668.8 36.2685 -1999.95 -0.829157
4.34 -36.1949 1999.96 15636.3 36.1949 -1999.96 -0.0802013
4.345 -36.1056 1999.96 15596.5 36.1056 -1999.96 1.06886
4.35 -36.0039 1999.96 15551 36.0039 -1999.96 2.72445
4.355 -35.8942 1999.95 15501.4 35.8942 -1999.95 4.89826
4.36 -35.7808 1999.94 15449.8 35.7808 -1999.94 7.46769
4.365 -35.6674 1999.92 15398.1 35.6674 -1999.92 10.1878
4.37 -35.557 1999.9 15347.9 35.557 -1999.9 12.7495
4.375 -35.451 1999.88 15300 35.451 -1999.88 14.8617
4.38 -35.3504 1999.87 15255 35.3504 -1999.87 16.3255
4.385 -35.2549 1999.86 15213 35.2549 -1999.86 17.0693
4.39 -35.1642 1999.86 15173.8 35.1642 -1999.86 17.1393
4.395 -35.079 1999.86 15136.8 35.079 -1999.86 17.2937
4.4 -34.9964 1999.88 15101.7 34.9964 -1999.88 16.696
4.405 -34.9152 1999.89 15068 34.9152 -1999.89 15.3472
4.41 -34.8364 1999.91 15035.4 34.8364 -1999.91 13.911
4.415 -34.7591 1999.93 15003.5 34.7591 -1999.93 12.4658
4.42 -34.683 1999.94 14972 34.683 -1999.94 11.0684
4.425 -34.6077 1999.96 14940.8 34.6077 -1999.96 9.7556
4.43 -34.5327 1999.97 14909.6 34.5327 -1999.97 8.54826
4.435 -34.4578 1999.98 14878.3 34.4578 -1999.98 7.4557
4.44 -34.3827 1999.99 14846.9 34.3827 -1999.99 6.4791
4.445 -34.3072 2000 14815.1 34.3072 -2000 5.61436
4.45 -34.231 2000 14782.9 34.231 -2000 4.8542
4.455 -34.1541 2000.01 14750.4 34.1541 -2000.01 4.18966
4.46 -34.0765 2000.01 14717.4 34.0765 -2000.01 3.61117
4.465 -33.998 2000.01 14684 33.998 -2000.01 3.10924
4.47 -33.9195 1999.95 14650.4 33.9195 -1999.95 2.80039
4.475 -33.9016 1998.6 14640.3 33.9016 -1998.6 5.22093
4.48 -33.926 1999.34 14649.5 33.926 -1999.34 6.57342
4.485 -33.9401 1999.61 14655.7 33.9401 -1999.61 6.37168
4.49 -33.9461 1999.39 14659.8 33.9461 -1999.39 4.88498
4.495 -33.9581 1999.23 14666.3 33.9581 -1999.23 3.60215
4.5 -33.9753 1999.11 14674.9 33.9753 -1999.11 2.38334
4.505 -33.998 1998.96 14685.9 33.998 -1998.96 1.19083
4.51 -33.986 2000.15 14683.6 33.986 -2000.15 -1.62157
4.515 -33.9609 2000.07 14672.5 33.9609 -2000.07 -1.38844
4.52 -33.9366 1999.98 14661.8 33.9366 -1999.98 -1.24857
4.525 -33.9143 1999.98 14652 33.9143 -1999.98 -1.00248
4.53 -33.8922 1999.98 14642.2 33.8922 -1999.98 -0.806986
4.535 -33.7315 2007.41 14593.3 33.7315 -2007.41 -21.2656
4.54 -33.5969 2008.97 14540.4 33.5969 -2008.97 -26.4755
4.545 -33.4941 2007.29 14489.7 33.4941 -2007.29 -20.2824
4.55 -33.3946 2006.09 14441.7 33.3946 -2006.09 -15.2734
4.555 -33.2954 2005.07 14395.3 33.2954 -2005.07 -11.6754
4.56 -33.1962 2004.19 14349.8 33.1962 -2004.19 -9.03707
4.565 -33.0968 2003.45 14304.9 33.0968 -2003.45 -7.0573
4.57 -32.9972 2002.83 14260.4 32.9972 -2002.83 -5.54517
4.575 -32.8973 2002.31 14216 32.8973 -2002.31 -4.37558
4.58 -32.7972 2001.89 14171.8 32.7972 -2001.89 -3.46298
4.585 -32.6969 2001.54 14127.8 32.6969 -2001.54 -2.74656
4.59 -32.5967 2001.26 14084 32.5967 -2001.26 -2.18172
4.595 -32.4969 2001.03 14040.4 32.4969 -2001.03 -1.735
4.6 -32.3975 2000.84 13997.1 32.3975 -2000.84 -1.38084
4.605 -32.2984 2000.68 13954 32.2984 -2000.68 -1.09954
4.61 -32.1998 2000.56 13911.2 32.1998 -2000.56 -0.875787
4.615 -32.1012 2000.45 13868.4 32.1012 -2000.45 -0.697603
4.62 -32.0027 2000.37 13825.7 32.0027 -2000.37 -0.555603
4.625 -31.9039 2000.3 13782.9 31.9039 -2000.3 -0.442389
4.63 -31.8048 2000.25 13740 31.8048 -2000.25 -0.352112
4.635 -31.7051 2000.2 13696.9 31.7051 -2000.2 -0.280136
4.64 -31.6045 2000.16 13653.4 31.6045 -2000.16 -0.222777
4.645 -31.4883 2000.99 13605.6 31.4883 -2000.99 -2.62163
4.65 -31.3743 2001.3 13557.2 31.3743 -2001.3 -3.51255
4.655 -31.2635 2001.05 13508.7 31.2635 -2001.05 -2.84129
4.66 -31.1514 2000.88 13459.4 31.1514 -2000.88 -1.9653
4.665 -31.0374 2000.75 13409.3 31.0374 -2000.75 -1.1573
4.67 -30.9205 2000.61 13358.6 30.9205 -2000.61 -0.935979
4.675 -30.8019 2000.5 13307.2 30.8019 -2000.5 -0.757018
4.68 -30.6815 2000.41 13255 30.6815 -2000.41 -0.611526
4.685 -30.5594 2000.34 13202.1 30.5594 -2000.34 -0.494217
4.69 -30.4353 2000.28 13148.5 30.4353 -2000.28 -0.399691
4.695 -30.3092 2000.23 13093.9 30.3092 -2000.23 -0.323585
4.7 -30.1808 2000.19 13038.4 30.1808 -2000.19 -0.262374
4.705 -30.05 2000.16 12981.8 30.05 -2000.16 -0.213668
4.71 -29.9166 2000.13 12924.1 29.9166 -2000.13 -0.174589
4.715 -29.8093 1998.18 12873.2 29.8093 -1998.18 4.43535
4.72 -29.713 1996.68 12827.8 29.713 -1996.68 8.19022
4.725 -29.6122 1996.95 12784.7 29.6122 -1996.95 7.73486
4.73 -29.5081 1997.51 12741.2 29.5081 -1997.51 6.27986
4.735 -29.4025 1997.94 12696.8 29.4025 -1997.94 5.10775
4.74 -29.2952 1998.28 12651.4 29.2952 -1998.28 4.15763
4.745 -29.1864 1998.51 12605.1 29.1864 -1998.51 3.40539
4.75 -29.0808 1998.4 12559.4 29.0808 -1998.4 3.48857
4.755 -29.054 1996.27 12543 29.054 -1996.27 8.29274
4.76 -29.1354 1995.12 12570.4 29.1354 -1995.12 16.1088
4.765 -29.266 1994.99 12624.7 29.266 -1994.99 18.1853
4.77 -29.4138 1995.29 12693 29.4138 -1995.29 13.8118
4.775 -29.1137 2015.43 12628 29.1137 -2015.43 -50.9024
4.78 -28.7353 2029.34 12502.5 28.7353 -2029.34 -88.8612
4.785 -28.5746 2023.54 12411 28.5746 -2023.54 -66.7311
4.79 -28.4085 2019.31 12323 28.4085 -2019.31 -50.5266
4.795 -28.23 2015.9 12235 28.23 -2015.9 -39.6769
4.8 -28.0428 2013.01 12146.1 28.0428 -2013.01 -31.6117
4.805 -27.8484 2010.62 12055.8 27.8484 -2010.62 -25.3422
4.81 -27.6476 2008.66 11964.1 27.6476 -2008.66 -20.3802
4.815 -27.4413 2007.05 11871.1 27.4413 -2007.05 -16.42
4.82 -27.2302 2005.74 11776.7 27.2302 -2005.74 -13.2458
4.825 -27.015 2004.67 11681.2 27.015 -2004.67 -10.6954
4.83 -26.7962 2003.8 11584.6 26.7962 -2003.8 -8.64334
4.835 -26.5743 2003.09 11487.1 26.5743 -2003.09 -6.97753
4.84 -26.3847 2001.25 11399.9 26.3847 -2001.25 -1.67228
4.845 -26.1887 2000.6 11312.9 26.1887 -2000.6 0.609409
4.85 -25.9933 2000.03 11227.5 25.9933 -2000.03 1.66036
4.855 -25.8032 1999.47 11144.2 25.8032 -1999.47 2.75396
4.86 -25.6204 1998.94 11064 25.6204 -1998.94 3.96519
4.865 -25.448 1998.36 10988.1 25.448 -1998.36 5.38541
4.87 -25.2864 1997.87 10917.1 25.2864 -1997.87 6.58475
4.875 -25.143 1996.98 10853.3 25.143 -1996.98 8.49555
4.88 -25.0426 1995.03 10805.3 25.0426 -1995.03 13.1357
4.885 -25.0817 1992.31 10816 25.0817 -1992.31 19.2608
4.89 -25.2172 1992.3 10875.5 25.2172 -1992.3 18.3594
4.895 -25.379 1992.5 10949.9 25.379 -1992.5 13.8441
4.9 -24.9317 2020.17 10840 24.9317 -2020.17 -69.4633
4.905 -24.364 2038.66 10652.7 24.364 -2038.66 -127.514
4.91 -24.1568 2030.2 10537.2 24.1568 -2030.2 -101.491
4.915 -23.9467 2024.49 10423.7 23.9467 -2024.49 -78.7681
4.92 -23.7204 2020.1 10310 23.7204 -2020.1 -62.7357
4.925 -23.4856 2016.42 10196.1 23.4856 -2016.42 -50.3823
4.93 -23.244 2013.39 10082 23.244 -2013.39 -40.5989
4.935 -22.9973 2010.9 9967.6 22.9973 -2010.9 -32.7753
4.94 -22.7469 2008.86 9853.14 22.7469 -2008.86 -26.4908
4.945 -22.494 2007.2 9738.83 22.494 -2007.2 -21.4306
4.95 -22.2396 2005.85 9624.88 22.2396 -2005.85 -17.35
4.955 -21.9848 2004.75 9511.49 21.9848 -2004.75 -14.0547
4.96 -21.7722 2002.04 9409.72 21.7722 -2002.04 -4.1497
4.965 -21.5586 2000.25 9311.44 21.5586 -2000.25 1.87515
4.97 -21.3378 1999.59 9214.96 21.3378 -1999.59 2.97696
4.975 -21.1274 1998.93 9122.84 21.1274 -1998.93 4.19838
4.98 -20.9214 1998.81 9033.59 20.9214 -1998.81 4.45998
4.985 -20.7191 1998.86 8946.26 20.7191 -1998.86 4.37383
4.99 -20.5324 1998.37 8864.47 20.5324 -1998.37 5.51023
4.995 -20.3607 1997.83 8788.96 20.3607 -1997.83 6.84317
5 -20.2088 1997.29 8721.6 20.2088 -1997.29 8.60507
5.005 -20.0877 1996.19 8666.37 20.0877 -1996.19 11.4968
5.01 -19.8686 2000.57 8586.46 19.8686 -2000.57 -3.22828
5.015 -19.6313 2004.13 8494.79 19.6313 -2004.13 -14.0559
5.02 -19.4371 2003.34 8408.21 19.4371 -2003.34 -11.3974
5.025 -19.2435 2002.74 8322.42 19.2435 -2002.74 -9.22681
5.03 -19.0507 2002.27 8237.39 19.0507 -2002.27 -7.46457
5.035 -18.8589 2001.88 8153.07 18.8589 -2001.88 -6.04195
5.04 -18.6679 2001.55 8069.43 18.6679 -2001.55 -4.89368
5.045 -18.4798 2001.2 7987 18.4798 -2001.2 -3.73422
5.05 -18.3509 1999.45 7925.98 18.3509 -1999.45 1.61968
5.055 -18.2314 1999 7872.59 18.2314 -1999 3.37706
5.06 -17.8791 2008.44 7750.95 17.8791 -2008.44 -27.1863
5.065 -17.5419 2014.09 7623.13 17.5419 -2014.09 -45.0383
5.07 -17.3397 2011.33 7526.3 17.3397 -2011.33 -35.5504
5.075 -17.1319 2009.15 7429.35 17.1319 -2009.15 -28.3778
5.08 -16.9199 2007.51 7331.61 16.9199 -2007.51 -22.2265
5.085 -16.7049 2006.13 7234.08 16.7049 -2006.13 -17.5739
5.09 -16.4876 2004.96 7136.86 16.4876 -2004.96 -14.2097
5.095 -16.2694 2004.01 7039.87 16.2694 -2004.01 -11.49
5.1 -16.0507 2003.23 6943.2 16.0507 -2003.23 -9.28815
5.105 -15.8319 2002.6 6846.9 15.8319 -2002.6 -7.50412
5.11 -15.6132 2002.1 6750.97 15.6132 -2002.1 -6.05775
5.115 -15.3948 2001.68 6655.42 15.3948 -2001.68 -4.88464
5.12 -15.1767 2001.35 6560.25 15.1767 -2001.35 -3.93287
5.125 -14.959 2001.08 6465.47 14.959 -2001.08 -3.16049
5.13 -14.742 2000.86 6371.07 14.742 -2000.86 -2.53412
5.135 -14.5256 2000.68 6277.1 14.5256 -2000.68 -2.02452
5.14 -14.3101 2000.53 6183.58 14.3101 -2000.53 -1.61051
5.145 -14.0954 2000.42 6090.5 14.0954 -2000.42 -1.28405
5.15 -13.8816 2000.32 5997.86 13.8816 -2000.32 -1.01386
5.155 -13.6685 2000.24 5905.59 13.6685 -2000.24 -0.788483
5.16 -13.456 2000.18 5813.61 13.456 -2000.18 -0.604976
5.165 -13.2442 2000.11 5721.92 13.2442 -2000.11 -0.418036
5.17 -13.0621 1998.77 5639.18 13.0621 -1998.77 3.62802
5.175 -12.8942 1997.48 5562.8 12.8942 -1997.48 7.49111
5.18 -12.7159 1997.47 5485.79 12.7159 -1997.47 7.48693
5.185 -12.5411 1997.57 5410.58 12.5411 -1997.57 7.18776
5.19 -12.3728 1997.59 5337.92 12.3728 -1997.59 7.13815
5.195 -12.2123 1997.53 5268.37 12.2123 -1997.53 7.34874
5.2 -12.0617 1997.38 5202.81 12.0617 -1997.38 7.85508
5.205 -11.9245 1997.08 5142.63 11.9245 -1997.08 8.76286
5.21 -11.8109 1996.44 5091.49 11.8109 -1996.44 10.8248
5.215 -11.7383 1995.02 5056.22 11.7383 -1995.02 14.7129
5.22 -11.8144 1990.09 5075.87 11.8144 -1990.09 27.9383
5.225 -3.25158 -4.43351 803.04 3.25158 4.43351 601.641
