0.1 1.16868e-31 200 8.9706e-14
0.2 -1.75302e-31 400 1.35003e-13
0.3 -2.33737e-31 600 -1.15463e-13
0.4 -4.67473e-31 800 3.8014e-13
0.5 -9.9338e-31 1000 -1.91847e-13
0.6 2.80484e-30 1200 -5.54223e-13
0.7 4.67473e-31 1400 -6.07514e-13
0.8 1.62155e-30 1600 -2.84217e-14
0.9 -3.50605e-31 1800 2.84217e-13
1 1.86989e-30 2000 7.60281e-13
0.005 1.09485e-05 2000 -0.00474529
0.01 5.46774e-05 2000 -0.02365
0.015 0.000142077 2000 -0.0614009
0.02 0.000273135 2000 -0.118013
0.025 0.000447862 2000 -0.193493
0.03 0.000666318 2000 -0.287863
0.035 0.000928572 2000 -0.401154
0.04 0.00123468 2000 -0.533389
0.045 0.00158463 2000 -0.684568
0.05 0.00197835 2000 -0.854653
0.055 0.00241567 2000 -1.04357
0.06 0.00289648 2000 -1.25128
0.065 0.00342085 2000 -1.47781
0.07 0.00398915 2000 -1.72331
0.075 0.00460198 2000 -1.98806
0.08 0.00526012 2000 -2.27237
0.085 0.0059644 2000 -2.57662
0.09 0.00671552 2000 -2.90111
0.095 0.00751383 2000 -3.24598
0.1 0.00835915 2000 -3.61115
0.105 0.00925104 2000 -3.99645
0.11 0.0101894 2000 -4.40181
0.115 0.0111749 2000 -4.82754
0.12 0.0122097 2000 -5.27458
0.125 0.0132973 2000 -5.74445
0.13 0.014442 2000 -6.23894
0.135 0.0156471 2000 -6.75956
0.14 0.0169148 2000 -7.30721
0.145 0.0182457 2000 -7.88214
0.15 0.0196395 2000 -8.48426
0.155 0.0210963 2000 -9.11361
0.16 0.0226173 2000 -9.77068
0.165 0.0242052 2000 -10.4567
0.17 0.0258644 2000 -11.1734
0.175 0.0276004 2000 -11.9234
0.18 0.0294185 2000 -12.7088
0.185 0.0313241 2000 -13.532
0.19 0.0333218 2000 -14.395
0.195 0.035417 2000 -15.3002
0.2 0.0376165 2000 -16.2503
0.205 0.0399302 2000 -17.2498
0.21 0.0423742 2000 -18.3057
0.215 0.0449724 2000 -19.4281
0.22 0.0477519 2000 -20.6288
0.225 0.0507361 2000 -21.918
0.23 0.0539387 2000 -23.3015
0.235 0.0573587 2000 -24.779
0.24 0.0609802 2000 -26.3434
0.245 0.0647775 2000 -27.9839
0.25 0.0687229 2000 -29.6883
0.255 0.0727957 2000 -31.4478
0.26 0.076988 2000 -33.2588
0.265 0.0813062 2000 -35.1243
0.27 0.0857676 2000 -37.0516
0.275 0.0903941 2000 -39.0503
0.28 0.0952075 2000 -41.1297
0.285 0.100226 2000 -43.2977
0.29 0.105464 2000 -45.5605
0.295 0.110934 2000 -47.9235
0.3 0.116649 2000 -50.3923
0.305 0.122624 2000 -52.9736
0.31 0.128879 2000 -55.6759
0.315 0.13544 2000 -58.5099
0.32 0.142332 2000 -61.4876
0.325 0.149583 2000 -64.6201
0.33 0.157214 2000 -67.9167
0.335 0.165239 2000 -71.3834
0.34 0.173666 2000 -75.0239
0.345 0.1825 2000 -78.8401
0.35 0.191745 2000 -82.8339
0.355 0.201402 2000 -87.0058
0.36 0.211469 2000 -91.3548
0.365 0.221938 2000 -95.8772
0.37 0.232797 2000 -100.568
0.375 0.244038 2000 -105.425
0.38 0.255657 2000 -110.444
0.385 0.267649 2000 -115.624
0.39 0.279997 2000 -120.959
0.395 0.292658 2000 -126.428
0.4 0.305551 2000 -131.998
0.405 0.318552 2000 -137.615
0.41 0.331494 2000 -143.206
0.415 0.344182 2000 -148.687
0.42 0.356405 2000 -153.967
0.425 0.367968 2000 -158.962
0.43 0.378717 2000 -163.606
0.435 0.388582 2000 -167.868
0.44 0.397589 2000 -171.759
0.445 0.405862 2000 -175.332
0.45 0.413611 2000 -178.68
0.455 0.421109 2000 -181.919
0.46 0.428652 2000 -185.178
0.465 0.43652 2000 -188.577
0.47 0.444924 2000 -192.207
0.475 0.453966 2000 -196.113
0.48 0.463628 2000 -200.287
0.485 0.473792 2000 -204.678
0.49 0.484266 2000 -209.203
0.495 0.494823 2000 -213.764
0.5 0.50522 2000 -218.255
0.505 0.515209 2000 -222.57
0.51 0.524523 2000 -226.594
0.515 0.532869 2000 -230.2
0.52 0.53992 2000 -233.246
0.525 0.54533 2000 -235.583
0.53 0.548784 2000 -237.075
0.535 0.550068 2000 -237.63
0.54 0.548996 2000 -237.166
0.545 0.54551 2000 -235.661
0.55 0.539859 2000 -233.219
0.555 0.53239 2000 -229.993
0.56 0.523499 2000 -226.152
0.565 0.513569 2000 -221.862
0.57 0.502908 2000 -217.256
0.575 0.491706 2000 -212.417
0.58 0.480026 2000 -207.371
0.585 0.467863 2000 -202.117
0.59 0.455222 2000 -196.656
0.595 0.442186 2000 -191.024
0.6 0.42896 2000 -185.311
0.605 0.415856 2000 -179.65
0.61 0.403227 2000 -174.194
0.615 0.391376 2000 -169.074
0.62 0.3805 2000 -164.376
0.625 0.370688 2000 -160.137
0.63 0.361916 2000 -156.348
0.635 0.354044 2000 -152.947
0.64 0.346816 2000 -149.824
0.645 0.339859 2000 -146.819
0.65 0.332692 2000 -143.723
0.655 0.324738 2000 -140.287
0.66 0.315346 2000 -136.23
0.665 0.303866 2000 -131.27
0.67 0.289775 2000 -125.183
0.675 0.272795 2000 -117.848
0.68 0.252959 2000 -109.278
0.685 0.2306 2000 -99.6192
0.69 0.206303 2000 -89.1227
0.695 0.180832 2000 -78.1195
0.7 0.155046 2000 -66.9801
0.705 0.129819 2000 -56.0818
0.71 0.105972 2000 -45.7798
0.715 0.0841741 2000 -36.3631
0.72 0.0649049 2000 -28.0388
0.725 0.0484317 2000 -20.9223
0.73 0.0349095 2000 -15.0804
0.735 0.0244242 2000 -10.5505
0.74 0.0170155 2000 -7.34988
0.745 0.0126115 2000 -5.44759
0.75 0.0109616 2000 -4.73516
0.755 0.011618 2000 -5.01877
0.76 0.013928 2000 -6.01664
0.765 0.0170379 2000 -7.36019
0.77 0.0200071 2000 -8.64288
0.775 0.0218824 2000 -9.45307
0.78 0.0217773 2000 -9.40767
0.785 0.0189554 2000 -8.18865
0.79 0.0129116 2000 -5.57773
0.795 0.0035334 2000 -1.52605
0.8 -0.00911916 1999.99 3.94086
0.805 -0.0246209 1999.99 10.6404
0.81 -0.0418025 1999.98 18.0702
0.815 -0.060951 1999.98 26.3428
0.82 -0.0819922 1999.98 35.4303
0.825 -0.104633 1999.99 45.2095
0.83 -0.12858 1999.99 55.5531
0.835 -0.153538 1999.99 66.3338
0.84 -0.179214 1999.99 77.4252
0.845 -0.205329 1999.99 88.706
0.85 -0.231638 2000 100.071
0.855 -0.257959 2000 111.441
0.86 -0.284201 2000 122.778
0.865 -0.310387 2000 134.089
0.87 -0.336649 2000 145.434
0.875 -0.363185 2000 156.898
0.88 -0.390162 2000 168.552
0.885 -0.417621 2000 180.414
0.89 -0.445406 2000 192.417
0.895 -0.473125 2000 204.391
0.9 -0.50018 2000 216.079
0.905 -0.52594 2000 227.207
0.91 -0.549974 2000 237.59
0.915 -0.572246 2000 247.211
0.92 -0.593221 2000 256.272
0.925 -0.613837 2000 265.178
0.93 -0.635329 2000 274.463
0.935 -0.658901 2000 284.646
0.94 -0.685387 2000 296.088
0.945 -0.715043 2000 308.899
0.95 -0.747503 2000 322.922
0.955 -0.78186 2000 337.765
0.96 -0.816829 2000 352.871
0.965 -0.850922 2000 367.6
0.97 -0.882626 2000 381.296
0.975 -0.910568 2000 393.367
0.98 -0.933623 2000 403.326
0.985 -0.950936 2000 410.805
0.99 -0.961865 2000 415.527
0.995 -0.965889 2000 417.265
1 -0.962139 1999.99 415.646
1.005 -0.949668 1999.99 410.26
1.01 -0.92813 1999.99 400.955
1.015 -0.897368 1999.99 387.665
1.02 -0.857399 1999.99 370.398
1.025 -0.808297 1999.99 349.185
1.03 -0.750146 2000 324.064
1.035 -0.683109 2000 295.104
1.04 -0.607512 2000 262.446
1.045 -0.523894 2000 226.323
1.05 -0.433004 2000 187.058
1.055 -0.335756 2000 145.047
1.06 -0.233121 2000 100.708
1.065 -0.126006 2000 54.4347
1.07 -0.0152026 2000 6.56769
1.075 0.0985903 2000 -42.5909
1.08 0.214666 2000 -92.7356
1.085 0.332193 2000 -143.507
1.09 0.450004 1999.99 -194.403
1.095 0.565674 1999.95 -244.384
1.1 0.671506 1999.84 -290.196
1.105 0.772123 1999.82 -333.684
1.11 0.86824 1999.85 -375.185
1.115 0.959122 1999.88 -414.428
1.12 1.04427 1999.9 -451.198
1.125 1.12357 1999.92 -485.443
1.13 1.19725 1999.93 -517.262
1.135 1.26583 1999.95 -546.882
1.14 1.33002 1999.96 -574.602
1.145 1.39046 1999.96 -600.708
1.15 1.44754 1999.97 -625.361
1.155 1.50113 1999.98 -648.509
1.16 1.55052 1999.98 -669.842
1.165 1.59446 1999.98 -688.823
1.17 1.63138 1999.99 -704.771
1.175 1.65963 1999.99 -716.968
1.18 1.67771 1999.99 -724.777
1.185 1.68458 1999.99 -727.744
1.19 1.67919 1999.98 -725.421
1.195 1.66089 1999.98 -717.514
1.2 1.63033 1999.98 -704.311
1.205 1.58843 1999.98 -686.21
1.21 1.53608 1999.99 -663.591
1.215 1.47382 1999.99 -636.695
1.22 1.4018 1999.99 -605.582
1.225 1.31999 1999.99 -570.24
1.23 1.22861 1999.99 -530.764
1.235 1.12857 2000 -487.544
1.24 1.02159 2000 -441.331
1.245 0.910024 2000 -393.132
1.25 0.796387 2000 -344.04
1.255 0.683023 2000 -295.067
1.26 0.571844 2000 -247.037
1.265 0.464236 2000 -200.551
1.27 0.361096 2000 -155.994
1.275 0.26296 2000 -113.599
1.28 0.170158 2000 -73.5084
1.285 0.08293 2000 -35.826
1.29 0.00146559 2000 -0.63333
1.295 -0.0741453 2000 32.0306
1.3 -0.144088 2000 62.2457
1.305 -0.209099 2000 90.3308
1.31 -0.270662 2000 116.926
1.315 -0.330937 2000 142.965
1.32 -0.392429 2000 169.529
1.325 -0.457477 2000 197.63
1.33 -0.527702 2000 227.967
1.335 -0.603578 2000 260.746
1.34 -0.684226 2000 295.586
1.345 -0.767409 1999.99 331.521
1.35 -0.849943 1999.99 367.177
1.355 -0.928099 1999.98 400.945
1.36 -0.99827 1999.96 431.265
1.365 -1.05598 1999.92 456.229
1.37 -1.10313 1999.91 476.606
1.375 -1.14031 1999.93 492.662
1.38 -1.16773 1999.94 504.498
1.385 -1.18596 1999.95 512.365
1.39 -1.19583 1999.96 516.621
1.395 -1.19823 1999.97 517.654
1.4 -1.19346 1999.97 515.596
1.405 -1.18203 1999.96 510.657
1.41 -1.1648 1999.97 503.212
1.415 -1.14299 1999.98 493.785
1.42 -1.11836 1999.98 483.144
1.425 -1.09329 1999.98 472.311
1.43 -1.07053 1999.99 462.474
1.435 -1.05286 1999.99 454.843
1.44 -1.04278 1999.99 450.486
1.445 -1.04216 1999.99 450.216
1.45 -1.05217 1999.99 454.538
1.455 -1.07329 2000 463.662
1.46 -1.10539 2000 477.529
1.465 -1.14782 2000 495.861
1.47 -1.19932 1999.99 518.094
1.475 -1.25274 1999.95 541.212
1.48 -1.3102 1999.95 566.035
1.485 -1.36958 1999.96 591.682
1.49 -1.42793 1999.97 616.888
1.495 -1.48248 1999.97 640.45
1.5 -1.53119 1999.98 661.488
1.505 -1.57329 1999.98 679.673
1.51 -1.60954 1999.98 695.333
1.515 -1.64211 1999.99 709.403
1.52 -1.67413 1999.99 723.231
1.525 -1.70908 1999.99 738.33
1.53 -1.75035 1999.99 756.158
1.535 -1.80082 1999.99 777.961
1.54 -1.86265 2000 804.668
1.545 -1.93707 2000 836.819
1.55 -2.0244 2000 874.548
1.555 -2.12417 2000 917.65
1.56 -2.23538 2000 965.691
1.565 -2.35675 2000 1018.13
1.57 -2.48695 2000 1074.38
1.575 -2.62448 2000 1133.79
1.58 -2.76747 2000 1195.56
1.585 -2.91349 2000 1258.65
1.59 -3.0595 2000 1321.72
1.595 -3.20192 2000 1383.25
1.6 -3.33698 2000 1441.6
1.605 -3.46106 2000 1495.2
1.61 -3.57098 2000 1542.69
1.615 -3.66413 2000 1582.92
1.62 -3.73837 2000 1614.99
1.625 -3.792 2000 1638.16
1.63 -3.8236 2000 1651.81
1.635 -3.83203 2000 1655.45
1.64 -3.8145 1999.96 1647.89
1.645 -3.76986 1999.94 1628.61
1.65 -3.69898 1999.95 1597.99
1.655 -3.60372 1999.96 1556.83
1.66 -3.48695 1999.97 1506.38
1.665 -3.35217 1999.97 1448.15
1.67 -3.2032 1999.98 1383.79
1.675 -3.04391 1999.98 1314.98
1.68 -2.87813 1999.99 1243.36
1.685 -2.7095 1999.99 1170.51
1.69 -2.54143 1999.99 1097.9
1.695 -2.3769 1999.99 1026.83
1.7 -2.21817 1999.99 958.255
1.705 -2.06645 2000 892.709
1.71 -1.92177 2000 830.205
1.715 -1.78327 2000 770.374
1.72 -1.64977 2000 712.7
1.725 -1.52024 2000 656.744
1.73 -1.39396 2000 602.194
1.735 -1.2704 2000 548.815
1.74 -1.14905 2000 496.391
1.745 -1.02948 2000 444.735
1.75 -0.911444 2000 393.744
1.755 -0.794872 2000 343.385
1.76 -0.679658 2000 293.613
1.765 -0.565409 2000 244.257
1.77 -0.451265 2000 194.946
1.775 -0.335915 2000 145.115
1.78 -0.217932 2000 94.1468
1.785 -0.0963426 2000 41.6202
1.79 0.0287899 2000 -12.437
1.795 0.15606 2000 -67.4176
1.8 0.28285 2000 -122.191
1.805 0.405863 2000 -175.333
1.81 0.521834 2000 -225.432
1.815 0.628016 2000 -271.303
1.82 0.722313 2000 -312.039
1.825 0.803205 2000 -346.985
1.83 0.869773 2000 -375.742
1.835 0.921869 2000 -398.248
1.84 0.960358 2000 -414.875
1.845 0.987278 2000 -426.505
1.85 1.00571 2000 -434.468
1.855 1.0193 2000 -440.339
1.86 1.03159 2000 -445.646
1.865 1.04542 2000 -451.621
1.87 1.06274 2000 -459.105
1.875 1.08475 2000 -468.614
1.88 1.11206 2000 -480.408
1.885 1.14474 2000 -494.526
1.89 1.18244 2000 -510.815
1.895 1.22443 2000 -528.956
1.9 1.26981 2000 -548.556
1.905 1.3178 2000 -569.29
1.91 1.36806 2000 -591.004
1.915 1.42069 2000 -613.741
1.92 1.47601 1999.99 -637.639
1.925 1.5342 1999.99 -662.777
1.93 1.59508 1999.99 -689.071
1.935 1.6585 1999.98 -716.468
1.94 1.72498 1999.98 -745.189
1.945 1.79549 1999.96 -775.65
1.95 1.87016 1999.93 -807.925
1.955 1.95384 1999.91 -844.095
1.96 2.05142 1999.93 -886.247
1.965 2.16578 1999.94 -935.65
1.97 2.29893 1999.95 -993.167
1.975 2.45202 1999.95 -1059.3
1.98 2.62553 1999.96 -1134.27
1.985 2.81929 1999.97 -1217.97
1.99 3.0325 1999.97 -1310.08
1.995 3.26405 1999.97 -1410.12
2 3.51278 1999.98 -1517.57
2.005 3.77784 1999.98 -1632.09
2.01 4.05873 1999.98 -1753.44
2.015 4.35509 1999.98 -1881.48
2.02 4.66629 1999.98 -2015.93
2.025 4.99103 1999.98 -2156.22
2.03 5.32707 1999.98 -2301.4
2.035 5.67127 1999.98 -2450.1
2.04 6.01966 1999.98 -2600.62
2.045 6.36775 1999.98 -2751.01
2.05 6.7108 1999.98 -2899.21
2.055 7.0441 1999.98 -3043.2
2.06 7.36348 1999.98 -3181.17
2.065 7.66604 1999.98 -3311.87
2.07 7.95068 1999.98 -3434.83
2.075 8.21803 1999.98 -3550.32
2.08 8.46969 1999.98 -3659.03
2.085 8.70718 1999.98 -3761.62
2.09 8.93116 1999.99 -3858.38
2.095 9.14131 1999.99 -3949.15
2.1 9.33672 1999.99 -4033.56
2.105 9.51665 1999.99 -4111.28
2.11 9.6811 1999.99 -4182.31
2.115 9.83101 1999.99 -4247.07
2.12 9.96812 1999.99 -4306.29
2.125 10.0946 1999.99 -4360.93
2.13 10.2127 1999.99 -4411.94
2.135 10.3246 1999.99 -4460.26
2.14 10.432 2000 -4506.67
2.145 10.5366 2000 -4551.87
2.15 10.6398 2000 -4596.41
2.155 10.7422 2000 -4640.64
2.16 10.8437 2000 -4684.51
2.165 10.9431 2000 -4727.46
2.17 11.0381 2000 -4768.47
2.175 11.1257 2000 -4806.34
2.18 11.2036 2000 -4840
2.185 11.2704 2000 -4868.83
2.19 11.3256 2000 -4892.65
2.195 11.3693 2000 -4911.55
2.2 11.4019 2000 -4925.64
2.205 11.4234 2000 -4934.92
2.21 11.4333 2000 -4939.21
2.215 11.4307 1999.99 -4938.08
2.22 11.4134 1999.98 -4930.61
2.225 11.3811 1999.99 -4916.67
2.23 11.3339 1999.99 -4896.25
2.235 11.2717 1999.99 -4869.4
2.24 11.1948 1999.99 -4836.18
2.245 11.1036 1999.99 -4796.79
2.25 10.9993 2000 -4751.71
2.255 10.884 2000 -4701.89
2.26 10.7608 2000 -4648.66
2.265 10.6333 2000 -4593.6
2.27 10.5048 2000 -4538.08
2.275 10.3774 2000 -4483.03
2.28 10.2518 2000 -4428.76
2.285 10.1277 2000 -4375.15
2.29 10.0045 2000 -4321.93
2.295 9.88165 2000 -4268.88
2.3 9.75896 2000 -4215.87
2.305 9.63606 2000 -4162.78
2.31 9.51229 2000 -4109.31
2.315 9.38644 2000 -4054.94
2.32 9.2568 2000 -3998.94
2.325 9.12137 2000 -3940.43
2.33 8.97807 2000 -3878.53
2.335 8.82465 2000 -3812.25
2.34 8.65829 2000 -3740.38
2.345 8.47531 2000 -3661.33
2.35 8.27113 2000 -3573.13
2.355 8.04096 2000 -3473.7
2.36 7.78062 2000 -3361.23
2.365 7.48724 2000 -3234.49
2.37 7.1595 2000 -3092.9
2.375 6.79761 2000 -2936.57
2.38 6.40323 2000 -2766.19
2.385 5.97939 2000 -2583.09
2.39 5.53035 2000 -2389.11
2.395 5.06113 2000 -2186.4
2.4 4.57692 2000 -1977.23
2.405 4.0823 2000 -1763.55
2.41 3.58061 2000 -1546.82
2.415 3.07378 2000 -1327.86
2.42 2.56266 2000 -1107.06
2.425 2.04748 2000 -884.499
2.43 1.52797 2000 -660.071
2.435 1.00348 2000 -433.488
2.44 0.472942 2000 -204.293
2.445 -0.064994 2000 28.1035
2.45 -0.612028 1999.99 264.425
2.455 -1.16986 1999.99 505.411
2.46 -1.73965 1999.98 751.582
2.465 -2.32216 1999.96 1003.25
2.47 -2.91674 1999.93 1260.14
2.475 -3.51985 1999.83 1520.76
2.48 -4.12571 1999.66 1782.52
2.485 -4.70596 1999.24 2033.39
2.49 -5.27604 1999.1 2280.01
2.495 -5.84925 1999.24 2527.57
2.5 -6.42279 1999.36 2775.3
2.505 -6.99374 1999.47 3021.92
2.51 -7.55875 1999.56 3265.98
2.515 -8.11441 1999.63 3506.01
2.52 -8.65762 1999.69 3740.65
2.525 -9.1857 1999.74 3968.77
2.53 -9.69652 1999.78 4189.42
2.535 -10.1883 1999.81 4401.84
2.54 -10.6594 1999.84 4605.35
2.545 -11.1084 1999.87 4799.29
2.55 -11.534 1999.88 4983.1
2.555 -11.935 1999.9 5156.33
2.56 -12.311 1999.92 5318.72
2.565 -12.6616 1999.93 5470.15
2.57 -12.9869 1999.94 5610.65
2.575 -13.2875 1999.95 5740.5
2.58 -13.5647 1999.95 5860.22
2.585 -13.8205 1999.96 5970.67
2.59 -14.0575 1999.97 6073.03
2.595 -14.2789 1999.97 6168.68
2.6 -14.4881 1999.97 6259.05
2.605 -14.688 1999.98 6345.35
2.61 -14.8802 1999.98 6428.4
2.615 -15.0655 1999.98 6508.44
2.62 -15.2432 1999.99 6585.17
2.625 -15.4117 1999.99 6657.93
2.63 -15.5688 1999.99 6725.83
2.635 -15.7125 1999.99 6787.9
2.64 -15.8404 1999.99 6843.14
2.645 -15.9502 1999.99 6890.55
2.65 -16.0393 1999.99 6929.03
2.655 -16.1052 1999.99 6957.47
2.66 -16.1451 2000 6974.71
2.665 -16.1565 2000 6979.66
2.67 -16.1338 1999.95 6969.91
2.675 -16.0734 1999.91 6943.89
2.68 -15.9748 1999.93 6901.29
2.685 -15.8386 1999.94 6842.39
2.69 -15.6676 1999.95 6768.52
2.695 -15.4675 1999.96 6682.06
2.7 -15.246 1999.97 6586.33
2.705 -15.0121 1999.97 6485.27
2.71 -14.7751 1999.98 6382.9
2.715 -14.5435 1999.98 6282.82
2.72 -14.3236 1999.99 6187.84
2.725 -14.1201 1999.99 6099.91
2.73 -13.9351 1999.99 6019.98
2.735 -13.7689 1999.99 5948.16
2.74 -13.6198 1999.99 5883.78
2.745 -13.4851 2000 5825.57
2.75 -13.361 2000 5771.96
2.755 -13.2438 2000 5721.33
2.76 -13.1303 2000 5672.31
2.765 -13.0183 2000 5623.92
2.77 -12.9065 2000 5575.59
2.775 -12.7943 2000 5527.14
2.78 -12.682 2000 5478.64
2.785 -12.5703 2000 5430.36
2.79 -12.4599 2000 5382.7
2.795 -12.3521 2000 5336.1
2.8 -12.2478 2000 5291.07
2.805 -12.1485 2000 5248.14
2.81 -12.0553 2000 5207.9
2.815 -11.9699 2000 5170.98
2.82 -11.8938 2000 5138.12
2.825 -11.8293 2000 5110.24
2.83 -11.7789 2000 5088.49
2.835 -11.7458 2000 5074.17
2.84 -11.7331 2000 5068.69
2.845 -11.7441 2000 5073.45
2.85 -11.7819 2000 5089.8
2.855 -11.8495 2000 5118.97
2.86 -11.9494 2000 5162.12
2.865 -12.0841 2000 5220.31
2.87 -12.2554 2000 5294.32
2.875 -12.4643 2000 5384.59
2.88 -12.7113 2000 5491.3
2.885 -12.9966 2000 5614.54
2.89 -13.3207 2000 5754.52
2.895 -13.6846 2000 5911.75
2.9 -14.0903 2000 6087.03
2.905 -14.5402 2000 6281.37
2.91 -15.0363 2000 6495.71
2.915 -15.5801 2000 6730.62
2.92 -16.1676 1999.93 6984.54
2.925 -16.7187 1999.27 7224.11
2.93 -17.3104 1999.35 7479.54
2.935 -17.9403 1999.46 7751.53
2.94 -18.6076 1999.54 8039.7
2.945 -19.3115 1999.61 8343.75
2.95 -20.052 1999.67 8663.65
2.955 -20.8302 1999.71 8999.83
2.96 -21.6478 1999.75 9353.09
2.965 -22.5075 1999.77 9724.55
2.97 -23.3938 1999.87 10110
2.975 -24.3253 1999.93 10514.1
2.98 -25.2914 2000.01 10933.9
2.985 -26.2827 2000.18 11366.6
2.99 -27.3087 2000.27 11812.3
2.995 -28.3375 2000.59 12260.1
3 -29.3526 2000.99 12706.3
3.005 -30.3773 2001.31 13153.4
3.01 -31.4348 2001.35 13609.3
3.015 -32.3899 2001.74 14026
3.02 -33.4057 2001.36 14459.4
3.025 -34.4465 2001.04 14904.7
3.03 -35.3887 2001.91 15319.7
3.035 -36.3525 2002.17 15738.2
3.04 -37.3592 2001.68 16167.8
3.045 -38.3517 2001.63 16594.5
3.05 -39.2734 2001.98 16996.4
3.055 -40.196 2001.81 17396.3
3.06 -41.0824 2001.96 17785.4
3.065 -41.9759 2001.91 18173
3.07 -42.7886 2002.29 18527.6
3.075 -43.5611 2002.42 18866.2
3.08 -44.3118 2002.47 19193.4
3.085 -45.0269 2002.39 19502.9
3.09 -45.6619 2002.8 19784.4
3.095 -46.2715 2003.13 20049.4
3.1 -46.8407 2003.34 20293.5
3.105 -47.3676 2003.24 20517.3
3.11 -47.8691 2002.81 20729.8
3.115 -48.3466 2002.46 20932.3
3.12 -48.7981 2001.96 21126
3.125 -49.2253 2002.26 21304.6
3.13 -49.611 2002.2 21468.9
3.135 -49.929 2001.81 21612.8
3.14 -50.2133 2001.29 21741
3.145 -50.3517 2000.86 21826.1
3.15 -50.3065 2000.31 21848.3
3.155 -50.1542 1999.28 21808.1
3.16 -49.7613 1997.55 21661.3
3.165 -49.3979 1997.53 21494.5
3.17 -49.0044 1997.84 21307.1
3.175 -48.4962 1997.39 21081.6
3.18 -47.9639 1997.04 20835.7
3.185 -47.4713 1997.98 20589.4
3.19 -46.9162 1998.39 20332
3.195 -46.3174 1998.35 20063.5
3.2 -45.6458 1997.82 19772.2
3.205 -45.1362 1998.72 19519.9
3.21 -44.7687 2000.08 19321
3.215 -44.2901 1999.92 19115.8
3.22 -43.7866 1999.58 18904.6
3.225 -43.3271 1999.67 18703
3.23 -42.9576 2000.06 18534.3
3.235 -42.5298 1999.46 18357.3
3.24 -42.0919 1998.99 18174.7
3.245 -41.642 1998.66 17985.8
3.25 -41.1647 1998.11 17786.1
3.255 -40.6718 1997.68 17577.6
3.26 -40.2635 1998.11 17394.8
3.265 -40.1889 2000.27 17310.3
3.27 -40.0916 2001.3 17245.5
3.275 -39.8664 2000.26 17167.3
3.28 -39.7066 2000.03 17102.9
3.285 -39.73 2000.98 17101.3
3.29 -39.6838 2000.62 17093.9
3.295 -39.633 2000.06 17083.3
3.3 -39.5833 1999.62 17071
3.305 -39.5411 1999.54 17058.9
3.31 -39.4788 1998.88 17040
3.315 -39.4215 1998.58 17020.5
3.32 -39.4143 1999.53 17013.7
3.325 -39.3969 1999.95 17005.8
3.33 -39.3678 1999.85 16996.2
3.335 -39.3396 1999.77 16986.4
3.34 -39.3121 1999.7 16976.4
3.345 -39.2851 1999.65 16966.3
3.35 -39.2586 1999.6 16956.2
3.355 -39.2325 1999.56 16945.9
3.36 -39.2069 1999.52 16935.7
3.365 -39.1818 1999.5 16925.5
3.37 -39.1572 1999.48 16915.5
3.375 -39.1335 1999.47 16905.6
3.38 -39.1105 1999.46 16896.1
3.385 -39.08 1999.11 16884.3
3.39 -39.0521 1998.98 16872.9
3.395 -39.0294 1999.11 16862.8
3.4 -39.0091 1999.23 16853.8
3.405 -38.9915 1999.33 16845.9
3.41 -38.9769 1999.43 16839.4
3.415 -38.9606 1999.21 16832.8
3.42 -38.9491 1999.22 16827.9
3.425 -38.9431 1999.37 16825
3.43 -38.9422 1999.51 16824.4
3.435 -38.8526 1998.24 16797.9
3.44 -38.7346 1997.34 16753.5
3.445 -38.6185 1997.73 16698.3
3.45 -38.469 1997.99 16628.3
3.455 -38.2988 1998.15 16548.6
3.46 -38.1193 1998.26 16464.3
3.465 -37.9375 1998.31 16379.3
3.47 -37.7567 1998.3 16296.1
3.475 -37.5783 1998.23 16215.5
3.48 -37.3977 1998.95 16136.6
3.485 -37.212 1999.3 16056.2
3.49 -37.0203 1999.27 15973.5
3.495 -36.8256 1999.26 15890.3
3.5 -36.6139 2000.31 15802.4
3.505 -36.3748 2001.17 15702.5
3.51 -36.1175 2000.83 15592.4
3.515 -35.8528 2000.59 15479
3.52 -35.5802 2000.42 15362.2
3.525 -35.2988 2000.29 15241.6
3.53 -35.0101 2000.08 15117.5
3.535 -34.7191 1999.94 14990.7
3.54 -34.4182 1999.89 14860.5
3.545 -34.1129 1998.91 14728.6
3.55 -33.811 1998.39 14598.5
3.555 -33.4708 2000.82 14458.9
3.56 -33.1031 2001.94 14303.8
3.565 -32.717 2001.24 14136.3
3.57 -32.328 2000.73 13967.4
3.575 -31.9367 1999.93 13797.3
3.58 -31.5311 2000.27 13625
3.585 -31.0819 2001.42 13435.2
3.59 -30.6231 2000.69 13234.3
3.595 -30.1681 2000.16 13033.5
3.6 -29.6971 1999.64 12829.5
3.605 -29.2336 1998.75 12627.9
3.61 -28.7905 1997.69 12434.4
3.615 -28.3375 1997.48 12242.1
3.62 -27.8345 1999.14 12036
3.625 -27.192 2001.68 11770.9
3.63 -26.3241 2005.62 11420.5
3.635 -25.2563 2010.06 10990.5
3.64 -23.896 2011.56 10421.2
3.645 -22.1479 2014.51 9703.42
3.65 -20.1523 2018.28 8882.55
3.655 -17.7608 2020.89 7891.71
3.66 -15.1838 2020.15 6783.79
3.665 -12.2019 2020.64 5521.84
3.67 -8.92444 2021.66 4134.59
3.675 -5.66723 2018.98 2698.72
3.68 -2.39894 2015.38 1245.18
3.685 1.08161 2012.85 -280.454
3.69 4.8186 2011.2 -1890.44
3.695 8.99699 2010.67 -3650.89
3.7 13.5852 2009.69 -5585.49
3.705 18.4639 2006.33 -7641.34
3.71 22.9734 2004.43 -9626.7
3.715 27.0138 2005.26 -11472.8
3.72 30.4905 2007.78 -13075.9
3.725 33.4613 2010.98 -14466.2
3.73 36.2335 2012.6 -15731.1
3.735 38.7771 2012.95 -16870.8
3.74 41.0934 2013.14 -17898.9
3.745 43.1188 2013.78 -18811.5
3.75 44.9357 2014.27 -19617.6
3.755 46.5531 2014.32 -20314.2
3.76 47.9898 2013.84 -20918.1
3.765 49.1724 2012.98 -21420.8
3.77 50.0173 2011.54 -21806.1
3.775 50.1607 2008.6 -21978.6
3.78 48.8895 2000.41 -21675.3
3.785 47.4272 1993.22 -21104.8
3.79 46.0711 1991.22 -20437.6
3.795 44.5883 1990.46 -19707.4
3.8 43.8235 1994.13 -19166.2
3.805 42.9634 1996.17 -18670.5
3.81 42.1387 1996.98 -18255.2
3.815 41.0881 1995.05 -17804.2
3.82 40.0995 1994.51 -17365
3.825 40.1259 2000.25 -17213.8
3.83 40.079 2002.7 -17111.8
3.835 40.0215 2002.01 -17086.6
3.84 39.8156 1999.54 -17045.7
3.845 39.6589 1998.82 -17008.8
3.85 39.5682 1999.39 -16987.9
3.855 39.4562 1998.84 -16961.7
3.86 39.3472 1998.29 -16932.8
3.865 39.2364 1997.66 -16900.2
3.87 39.083 1995.42 -16851.8
3.875 38.9323 1994.26 -16798.8
3.88 38.757 1993.19 -16733.2
3.885 38.5785 1994.51 -16661.1
3.89 38.3326 1991.04 -16565.2
3.895 38.1696 1991.81 -16497.4
3.9 37.9747 1991.29 -16417.3
3.905 37.7695 1991.66 -16329.1
3.91 37.5989 1993.44 -16249.1
3.915 37.4789 1994.88 -16190.2
3.92 37.3043 1993.55 -16119.1
3.925 36.7746 1977.98 -15927.5
3.93 36.0987 1979.87 -15652.3
3.935 34.8166 1959.21 -15079.9
3.94 0.194186 -26.6009 -67.5364
3.945 2.15048 1724.97 -14705.2
