0.1 1.48013e-17 -0.0164455 -6.85243e-20
0.2 1.74769e-17 -0.0331426 -8.09118e-20
0.3 3.33889e-17 -0.0501031 -1.54578e-19
0.4 3.71815e-17 -0.06734 -1.72137e-19
0.5 5.14415e-17 -0.0848672 -2.38155e-19
0.6 1.19893e-16 -0.1027 -5.55058e-19
0.7 1.7265e-16 -0.120855 -7.99304e-19
0.8 1.397e-16 -0.139352 -6.4676e-19
0.9 1.77859e-16 -0.158228 -8.23421e-19
1 8.26152e-17 -0.177606 -3.82478e-19
0.005 6.53098e-05 -0.177606 -2.2677e-07
0.01 0.00032631 -0.177607 -1.13301e-06
0.015 0.000847592 -0.177608 -2.94301e-06
0.02 0.0016282 -0.17761 -5.65345e-06
0.025 0.0026672 -0.177613 -9.261e-06
0.03 0.00396359 -0.177617 -1.37623e-05
0.035 0.00551636 -0.177621 -1.91536e-05
0.04 0.00732446 -0.177626 -2.54314e-05
0.045 0.00938678 -0.177632 -3.25917e-05
0.05 0.0117022 -0.177638 -4.06306e-05
0.055 0.0142695 -0.177645 -4.95438e-05
0.06 0.0170875 -0.177653 -5.9327e-05
0.065 0.020155 -0.177662 -6.99762e-05
0.07 0.0234708 -0.177671 -8.14871e-05
0.075 0.027034 -0.177681 -9.38562e-05
0.08 0.0308434 -0.177691 -0.00010708
0.085 0.0348981 -0.177703 -0.000121154
0.09 0.0391968 -0.177715 -0.000136075
0.095 0.0437384 -0.177728 -0.000151837
0.1 0.0485216 -0.177741 -0.000168438
0.105 0.053545 -0.177755 -0.000185872
0.11 0.058807 -0.17777 -0.000204133
0.115 0.0643056 -0.177786 -0.000223213
0.12 0.0700388 -0.177802 -0.000243107
0.125 0.0760051 -0.177819 -0.000263809
0.13 0.0822035 -0.177837 -0.000285314
0.135 0.0886334 -0.177856 -0.000307622
0.14 0.0952941 -0.177875 -0.000330729
0.145 0.102185 -0.177895 -0.000354632
0.15 0.109304 -0.177916 -0.000379326
0.155 0.11665 -0.177938 -0.000404805
0.16 0.12422 -0.17796 -0.000431062
0.165 0.132014 -0.177983 -0.00045809
0.17 0.140028 -0.178007 -0.000485884
0.175 0.148264 -0.178031 -0.000514441
0.18 0.156717 -0.178057 -0.000543751
0.185 0.165384 -0.178083 -0.000573804
0.19 0.174263 -0.178109 -0.000604588
0.195 0.183351 -0.178137 -0.000636095
0.2 0.192647 -0.178165 -0.000668318
0.205 0.202149 -0.178194 -0.000701259
0.21 0.21186 -0.178224 -0.000734918
0.215 0.221778 -0.178255 -0.000769296
0.22 0.231904 -0.178286 -0.000804392
0.225 0.242236 -0.178318 -0.000840199
0.23 0.252772 -0.178351 -0.000876713
0.235 0.263511 -0.178385 -0.000913927
0.24 0.274451 -0.17842 -0.000951836
0.245 0.285591 -0.178455 -0.000990435
0.25 0.296928 -0.178491 -0.00102972
0.255 0.308458 -0.178528 -0.00106966
0.26 0.320175 -0.178565 -0.00111026
0.265 0.332077 -0.178604 -0.00115149
0.27 0.344163 -0.178643 -0.00119336
0.275 0.356434 -0.178682 -0.00123587
0.28 0.368894 -0.178723 -0.00127902
0.285 0.381539 -0.178765 -0.00132282
0.29 0.394368 -0.178807 -0.00136726
0.295 0.407377 -0.17885 -0.00141231
0.3 0.42056 -0.178893 -0.00145797
0.305 0.43391 -0.178938 -0.0015042
0.31 0.447423 -0.178983 -0.00155099
0.315 0.461094 -0.179029 -0.00159833
0.32 0.474922 -0.179076 -0.00164621
0.325 0.488902 -0.179123 -0.00169461
0.33 0.50303 -0.179171 -0.00174353
0.335 0.517302 -0.17922 -0.00179293
0.34 0.531715 -0.179269 -0.00184283
0.345 0.546272 -0.179319 -0.00189322
0.35 0.560972 -0.17937 -0.0019441
0.355 0.575816 -0.179421 -0.00199548
0.36 0.590807 -0.179474 -0.00204736
0.365 0.60595 -0.179527 -0.00209977
0.37 0.621246 -0.17958 -0.0021527
0.375 0.636695 -0.179635 -0.00220616
0.38 0.652296 -0.17969 -0.00226014
0.385 0.668044 -0.179746 -0.00231462
0.39 0.683933 -0.179803 -0.00236959
0.395 0.699953 -0.17986 -0.00242502
0.4 0.716097 -0.179918 -0.00248086
0.405 0.732356 -0.179977 -0.0025371
0.41 0.748727 -0.180036 -0.00259372
0.415 0.765208 -0.180097 -0.00265072
0.42 0.781796 -0.180157 -0.00270809
0.425 0.798489 -0.180219 -0.00276581
0.43 0.815289 -0.180281 -0.0028239
0.435 0.8322 -0.180343 -0.00288237
0.44 0.849229 -0.180407 -0.00294124
0.445 0.866378 -0.180471 -0.00300052
0.45 0.883642 -0.180536 -0.0030602
0.455 0.901009 -0.180601 -0.00312023
0.46 0.918464 -0.180667 -0.00318055
0.465 0.935989 -0.180734 -0.00324112
0.47 0.953569 -0.180801 -0.00330187
0.475 0.971191 -0.180868 -0.00336276
0.48 0.988852 -0.180936 -0.00342377
0.485 1.00655 -0.181005 -0.00348491
0.49 1.02428 -0.181074 -0.00354615
0.495 1.04204 -0.181143 -0.00360749
0.5 1.05982 -0.181212 -0.00366891
0.505 1.07763 -0.181282 -0.00373044
0.51 1.09549 -0.181353 -0.0037921
0.515 1.1134 -0.181424 -0.00385394
0.52 1.13137 -0.181495 -0.00391597
0.525 1.14939 -0.181567 -0.00397821
0.53 1.16748 -0.18164 -0.00404065
0.535 1.18563 -0.181713 -0.00410329
0.54 1.20382 -0.181787 -0.00416607
0.545 1.22205 -0.181861 -0.00422898
0.55 1.24031 -0.181935 -0.00429198
0.555 1.25858 -0.18201 -0.00435501
0.56 1.27684 -0.182085 -0.00441803
0.565 1.29509 -0.18216 -0.00448098
0.57 1.31332 -0.182236 -0.00454385
0.575 1.33152 -0.182312 -0.00460663
0.58 1.34969 -0.182388 -0.0046693
0.585 1.36783 -0.182464 -0.00473185
0.59 1.38593 -0.18254 -0.00479427
0.595 1.404 -0.182616 -0.00485656
0.6 1.42203 -0.182693 -0.00491873
0.605 1.44004 -0.18277 -0.00498079
0.61 1.45802 -0.182845 -0.00504264
0.615 1.47598 -0.182919 -0.00510429
0.62 1.49391 -0.182994 -0.00516583
0.625 1.5118 -0.183068 -0.00522723
0.63 1.52964 -0.183141 -0.00528833
0.635 1.54742 -0.183213 -0.00534913
0.64 1.56517 -0.183285 -0.00540981
0.645 1.58291 -0.183357 -0.00547046
0.65 1.60066 -0.18343 -0.00553116
0.655 1.61845 -0.183503 -0.00559197
0.66 1.63628 -0.183572 -0.00565255
0.665 1.65414 -0.183637 -0.0057129
0.67 1.67199 -0.183702 -0.00577324
0.675 1.6898 -0.183767 -0.00583341
0.68 1.70748 -0.183832 -0.00589316
0.685 1.72496 -0.183897 -0.00595225
0.69 1.7422 -0.183962 -0.00601051
0.695 1.75917 -0.184025 -0.00606785
0.7 1.77587 -0.184083 -0.00612407
0.705 1.79231 -0.184135 -0.00617923
0.71 1.80851 -0.184187 -0.00623361
0.715 1.82452 -0.184238 -0.00628729
0.72 1.84035 -0.184283 -0.00634004
0.725 1.856 -0.184325 -0.00639194
0.73 1.87145 -0.184367 -0.00644315
0.735 1.88666 -0.184403 -0.00649345
0.74 1.90163 -0.184435 -0.00654279
0.745 1.91633 -0.184467 -0.00659128
0.75 1.93075 -0.1845 -0.00663886
0.755 1.94489 -0.184532 -0.00668549
0.76 1.95876 -0.184564 -0.00673126
0.765 1.97241 -0.184596 -0.00677632
0.77 1.9859 -0.184627 -0.00682084
0.775 1.99927 -0.184659 -0.00686499
0.78 2.0126 -0.184691 -0.00690896
0.785 2.02591 -0.184712 -0.00695256
0.79 2.03925 -0.184722 -0.00699588
0.795 2.05261 -0.184732 -0.00703926
0.8 2.06597 -0.18474 -0.00708244
0.805 2.07928 -0.184746 -0.00712533
0.81 2.09248 -0.184752 -0.00716788
0.815 2.10552 -0.184759 -0.00720991
0.82 2.11833 -0.184766 -0.00725122
0.825 2.13089 -0.184773 -0.00729171
0.83 2.14315 -0.184781 -0.00733127
0.835 2.1551 -0.184788 -0.00736981
0.84 2.16671 -0.184795 -0.00740725
0.845 2.17796 -0.184803 -0.00744353
0.85 2.18884 -0.18481 -0.00747861
0.855 2.19934 -0.184817 -0.0075125
0.86 2.20946 -0.184824 -0.00754513
0.865 2.21914 -0.184831 -0.00757636
0.87 2.22835 -0.184837 -0.00760606
0.875 2.23705 -0.184844 -0.00763412
0.88 2.24523 -0.184849 -0.00766048
0.885 2.25287 -0.184855 -0.00768512
0.89 2.25998 -0.18486 -0.00770804
0.895 2.26656 -0.184865 -0.00772924
0.9 2.27262 -0.18487 -0.00774879
0.905 2.27817 -0.184874 -0.0077667
0.91 2.28322 -0.184878 -0.00778298
0.915 2.28777 -0.184881 -0.00779762
0.92 2.29182 -0.184885 -0.00781067
0.925 2.29541 -0.184887 -0.00782226
0.93 2.29859 -0.18489 -0.0078325
0.935 2.30139 -0.184892 -0.00784152
0.94 2.30382 -0.184894 -0.00784938
0.945 2.30592 -0.184895 -0.00785614
0.95 2.30769 -0.184897 -0.00786183
0.955 2.30912 -0.184897 -0.00786641
0.96 2.3102 -0.184896 -0.00786986
0.965 2.31093 -0.184895 -0.00787215
0.97 2.31125 -0.184895 -0.00787317
0.975 2.31112 -0.184895 -0.00787275
0.98 2.31048 -0.184897 -0.0078707
0.985 2.30931 -0.184903 -0.00786691
0.99 2.30758 -0.184912 -0.00786132
0.995 2.30529 -0.184923 -0.00785393
1 2.30247 -0.184934 -0.00784473
1.005 2.29914 -0.184946 -0.00783382
1.01 2.29532 -0.18496 -0.00782133
1.015 2.29104 -0.184975 -0.00780731
1.02 2.28628 -0.184993 -0.00779176
1.025 2.28106 -0.185012 -0.00777467
1.03 2.27535 -0.185033 -0.007756
1.035 2.26913 -0.185056 -0.00773566
1.04 2.26234 -0.185081 -0.00771349
1.045 2.25494 -0.185108 -0.0076893
1.05 2.24687 -0.185138 -0.00766293
1.055 2.23811 -0.18517 -0.00763428
1.06 2.2286 -0.185206 -0.00760321
1.065 2.21832 -0.185244 -0.00756962
1.07 2.20726 -0.185285 -0.00753345
1.075 2.19542 -0.185329 -0.00749477
1.08 2.18285 -0.185375 -0.00745369
1.085 2.16957 -0.185425 -0.00741029
1.09 2.1556 -0.185477 -0.00736461
1.095 2.14094 -0.185531 -0.00731671
1.1 2.12562 -0.185588 -0.00726663
1.105 2.10962 -0.185647 -0.00721437
1.11 2.09294 -0.185709 -0.00715985
1.115 2.07554 -0.185774 -0.00710298
1.12 2.05742 -0.185841 -0.00704376
1.125 2.03858 -0.185908 -0.00698193
1.13 2.019 -0.185971 -0.00691737
1.135 1.99863 -0.18602 -0.0068496
1.14 1.97747 -0.186058 -0.00677866
1.145 1.95554 -0.186097 -0.0067052
1.15 1.93291 -0.18614 -0.00662945
1.155 1.90965 -0.186184 -0.00655161
1.16 1.8858 -0.18623 -0.00647182
1.165 1.86139 -0.186271 -0.00638991
1.17 1.83642 -0.186307 -0.00630592
1.175 1.81089 -0.186338 -0.00621959
1.18 1.78476 -0.186365 -0.00613079
1.185 1.75795 -0.186386 -0.00603939
1.19 1.73035 -0.1864 -0.00594503
1.195 1.70186 -0.186416 -0.00584762
1.2 1.67237 -0.186433 -0.00574688
1.205 1.64188 -0.186451 -0.00564268
1.21 1.61041 -0.186462 -0.00553456
1.215 1.57806 -0.186467 -0.00542284
1.22 1.54494 -0.186472 -0.00530849
1.225 1.51117 -0.186478 -0.00519191
1.23 1.47687 -0.186482 -0.00507326
1.235 1.44212 -0.186483 -0.00495288
1.24 1.40699 -0.186482 -0.00483095
1.245 1.37148 -0.18648 -0.00470751
1.25 1.33554 -0.186478 -0.00458262
1.255 1.29908 -0.186476 -0.00445596
1.26 1.26199 -0.186474 -0.0043271
1.265 1.22412 -0.186473 -0.00419562
1.27 1.18538 -0.186472 -0.00406109
1.275 1.14564 -0.186471 -0.00392313
1.28 1.10482 -0.186471 -0.00378142
1.285 1.06286 -0.18647 -0.00363576
1.29 1.01973 -0.18647 -0.00348608
1.295 0.975447 -0.18647 -0.00333238
1.3 0.930032 -0.18647 -0.00317477
1.305 0.88353 -0.18647 -0.00301339
1.31 0.835986 -0.186471 -0.00284841
1.315 0.787432 -0.186473 -0.00267994
1.32 0.73791 -0.186475 -0.00250811
1.325 0.68748 -0.186478 -0.00233314
1.33 0.636223 -0.186483 -0.00215531
1.335 0.584227 -0.186489 -0.00197492
1.34 0.531583 -0.186498 -0.00179231
1.345 0.478366 -0.18651 -0.00160774
1.35 0.424632 -0.186528 -0.0014214
1.355 0.370416 -0.186557 -0.00123345
1.36 0.315735 -0.1866 -0.00104389
1.365 0.26058 -0.186656 -0.000852653
1.37 0.204937 -0.186722 -0.000659612
1.375 0.148802 -0.186816 -0.000464312
1.38 0.092178 -0.186959 -0.000267376
1.385 0.0350706 -0.187135 -6.94374e-05
1.39 -0.0225173 -0.187316 0.000129985
1.395 -0.0805819 -0.187502 0.00033099
1.4 -0.139119 -0.187692 0.000533574
1.405 -0.198126 -0.187888 0.000737728
1.41 -0.257596 -0.188088 0.000943444
1.415 -0.317529 -0.188293 0.00115071
1.42 -0.377933 -0.188502 0.00135957
1.425 -0.438837 -0.188717 0.0015701
1.43 -0.50029 -0.188936 0.00178248
1.435 -0.562347 -0.18916 0.00199689
1.44 -0.625051 -0.189389 0.00221347
1.445 -0.68842 -0.189624 0.00243228
1.45 -0.75247 -0.189864 0.00265336
1.455 -0.817227 -0.190111 0.00287681
1.46 -0.882734 -0.190363 0.00310276
1.465 -0.949013 -0.190622 0.00333128
1.47 -1.01604 -0.190887 0.00356226
1.475 -1.08377 -0.191152 0.003795
1.48 -1.15211 -0.191411 0.0040288
1.485 -1.22101 -0.191652 0.00426257
1.49 -1.2904 -0.191881 0.00449664
1.495 -1.36026 -0.192115 0.00473219
1.5 -1.4306 -0.192314 0.00496716
1.505 -1.50145 -0.192478 0.00520164
1.51 -1.57288 -0.192623 0.00543706
1.515 -1.64495 -0.192687 0.00567169
1.52 -1.71777 -0.192683 0.0059058
1.525 -1.79138 -0.192675 0.00614163
1.53 -1.86577 -0.192676 0.00638006
1.535 -1.94089 -0.192626 0.0066193
1.54 -2.01668 -0.192515 0.00685844
1.545 -2.09304 -0.192401 0.00709877
1.55 -2.16992 -0.192294 0.00734074
1.555 -2.24728 -0.192193 0.0075842
1.56 -2.32513 -0.192092 0.00782897
1.565 -2.40348 -0.19194 0.008074
1.57 -2.48241 -0.191742 0.00831959
1.575 -2.56198 -0.191543 0.00856665
1.58 -2.64225 -0.191333 0.00881497
1.585 -2.72329 -0.19111 0.00906467
1.59 -2.80519 -0.190854 0.00931503
1.595 -2.88798 -0.190537 0.00956614
1.6 -2.9717 -0.190184 0.00981926
1.605 -3.05632 -0.189801 0.0100734
1.61 -3.14178 -0.189378 0.0103278
1.615 -3.22794 -0.188904 0.0105816
1.62 -3.31467 -0.188395 0.0108353
1.625 -3.40185 -0.187887 0.0110898
1.63 -3.48938 -0.187333 0.0113431
1.635 -3.57721 -0.186715 0.0115947
1.64 -3.66529 -0.186029 0.0118445
1.645 -3.7536 -0.185283 0.0120923
1.65 -3.84211 -0.184474 0.0123386
1.655 -3.93085 -0.183619 0.0125836
1.66 -4.01991 -0.182736 0.0128278
1.665 -4.10942 -0.18181 0.0130719
1.67 -4.19953 -0.180869 0.0133176
1.675 -4.2904 -0.179914 0.0135643
1.68 -4.38217 -0.178908 0.0138127
1.685 -4.47492 -0.177864 0.0140633
1.69 -4.56871 -0.176817 0.0143157
1.695 -4.66351 -0.175759 0.0145697
1.7 -4.75928 -0.174684 0.0148261
1.705 -4.85589 -0.173599 0.0150843
1.71 -4.9532 -0.172486 0.0153417
1.715 -5.05109 -0.171319 0.0155981
1.72 -5.14942 -0.170125 0.0158537
1.725 -5.24812 -0.168943 0.016105
1.73 -5.34711 -0.167769 0.016351
1.735 -5.44634 -0.166575 0.016589
1.74 -5.54578 -0.165369 0.0168184
1.745 -5.64541 -0.164215 0.017041
1.75 -5.74522 -0.163144 0.0172557
1.755 -5.84515 -0.162122 0.0174669
1.76 -5.94513 -0.16112 0.0176774
1.765 -6.04514 -0.160134 0.017887
1.77 -6.1452 -0.159143 0.0180946
1.775 -6.24541 -0.158163 0.0182997
1.78 -6.34586 -0.1572 0.0185036
1.785 -6.44666 -0.156235 0.0187079
1.79 -6.54791 -0.155272 0.0189142
1.795 -6.6497 -0.154312 0.0191226
1.8 -6.75205 -0.153367 0.0193316
1.805 -6.8549 -0.152442 0.0195411
1.81 -6.95821 -0.151542 0.0197509
1.815 -7.06189 -0.150666 0.0199606
1.82 -7.16587 -0.149831 0.0201693
1.825 -7.27011 -0.148993 0.0203791
1.83 -7.37459 -0.14813 0.0205911
1.835 -7.47929 -0.147267 0.0208049
1.84 -7.5842 -0.146319 0.0210264
1.845 -7.68934 -0.1453 0.0212544
1.85 -7.79477 -0.144296 0.0214823
1.855 -7.90056 -0.143306 0.0217103
1.86 -8.00678 -0.142329 0.0219387
1.865 -8.11346 -0.141364 0.0221676
1.87 -8.22062 -0.140401 0.0223976
1.875 -8.32826 -0.139395 0.0226318
1.88 -8.43636 -0.138356 0.0228696
1.885 -8.54488 -0.137326 0.0231082
1.89 -8.65381 -0.136303 0.0233476
1.895 -8.76314 -0.135293 0.0235877
1.9 -8.87288 -0.134298 0.0238283
1.905 -8.98309 -0.133319 0.0240696
1.91 -9.0938 -0.13236 0.0243116
1.915 -9.20504 -0.131435 0.0245541
1.92 -9.31683 -0.130541 0.0247973
1.925 -9.42917 -0.129661 0.0250417
1.93 -9.54203 -0.128702 0.0252923
1.935 -9.65531 -0.12762 0.0255499
1.94 -9.76891 -0.126505 0.0258092
1.945 -9.88271 -0.125399 0.0260688
1.95 -9.99664 -0.12424 0.0263317
1.955 -10.1107 -0.123032 0.0265976
1.96 -10.2248 -0.121836 0.0268633
1.965 -10.339 -0.12065 0.0271291
1.97 -10.4535 -0.119492 0.0273949
1.975 -10.5683 -0.118359 0.0276611
1.98 -10.6835 -0.11723 0.027928
1.985 -10.7991 -0.116108 0.0281956
1.99 -10.9149 -0.114991 0.0284637
1.995 -11.031 -0.113883 0.0287322
2 -11.1471 -0.112783 0.0290008
2.005 -11.2634 -0.111696 0.0292695
2.01 -11.3795 -0.110652 0.0295377
2.015 -11.4956 -0.109674 0.0298053
2.02 -11.6117 -0.108726 0.0300725
2.025 -11.7277 -0.107781 0.0303397
2.03 -11.8439 -0.106838 0.0306072
2.035 -11.9604 -0.105898 0.0308753
2.04 -12.0772 -0.104959 0.0311443
2.045 -12.1945 -0.10397 0.0314149
2.05 -12.3122 -0.102936 0.0316872
2.055 -12.4305 -0.101903 0.0319605
2.06 -12.5492 -0.100872 0.0322349
2.065 -12.6682 -0.0998433 0.0325101
2.07 -12.7876 -0.098819 0.0327859
2.075 -12.9071 -0.0977993 0.0330621
2.08 -13.0268 -0.0967848 0.0333387
2.085 -13.1466 -0.0957757 0.0336156
2.09 -13.2666 -0.0947723 0.0338928
2.095 -13.3869 -0.0937744 0.0341706
2.1 -13.5074 -0.0927818 0.034449
2.105 -13.6283 -0.0917945 0.0347283
2.11 -13.7496 -0.0908125 0.0350084
2.115 -13.8714 -0.0898365 0.0352894
2.12 -13.9935 -0.0888673 0.0355713
2.125 -14.1159 -0.0879059 0.035854
2.13 -14.2386 -0.0869535 0.0361372
2.135 -14.3615 -0.0860119 0.0364209
2.14 -14.4845 -0.0850829 0.0367046
2.145 -14.6074 -0.0841684 0.0369881
2.15 -14.7301 -0.0832702 0.0372712
2.155 -14.8526 -0.0823901 0.0375537
2.16 -14.9749 -0.081538 0.0378355
2.165 -15.0969 -0.0807664 0.0381165
2.17 -15.2188 -0.0800609 0.0383971
2.175 -15.3408 -0.0793645 0.0386778
2.18 -15.463 -0.0786783 0.038959
2.185 -15.5857 -0.0780031 0.0392411
2.19 -15.7089 -0.07734 0.0395246
2.195 -15.8329 -0.0766906 0.0398096
2.2 -15.9575 -0.0760571 0.0400963
2.205 -16.083 -0.075442 0.0403847
2.21 -16.2092 -0.0748488 0.0406747
2.215 -16.3361 -0.074283 0.0409663
2.22 -16.4636 -0.0737937 0.0412591
2.225 -16.5917 -0.0733742 0.0415529
2.23 -16.7202 -0.0728692 0.0418481
2.235 -16.8489 -0.0722812 0.0421443
2.24 -16.9778 -0.0717166 0.0424408
2.245 -17.1067 -0.0711896 0.0427373
2.25 -17.2356 -0.070961 0.0430331
2.255 -17.3643 -0.0711042 0.0433279
2.26 -17.4929 -0.0714567 0.0436221
2.265 -17.6216 -0.072157 0.0439151
2.27 -17.7502 -0.0736525 0.0442063
2.275 -17.879 -0.0780948 0.0444901
2.28 -18.008 -0.0824234 0.0447737
2.285 -18.1373 -0.0829462 0.045069
2.29 -18.2669 -0.0822288 0.0453703
2.295 -18.3969 -0.081502 0.0456708
2.3 -18.5271 -0.0807439 0.0459701
2.305 -18.6573 -0.0800619 0.0462693
2.31 -18.7872 -0.0794445 0.046568
2.315 -18.9166 -0.0788857 0.0468654
2.32 -19.0453 -0.0784051 0.0471609
2.325 -19.173 -0.0779969 0.0474542
2.33 -19.2998 -0.0776326 0.0477453
2.335 -19.4256 -0.0773093 0.0480342
2.34 -19.5507 -0.0770243 0.0483213
2.345 -19.6755 -0.0767759 0.0486075
2.35 -19.8002 -0.0765631 0.0488937
2.355 -19.9253 -0.0763861 0.0491806
2.36 -20.0511 -0.0762463 0.0494689
2.365 -20.1777 -0.0761466 0.049759
2.37 -20.3052 -0.0760982 0.0500511
2.375 -20.4338 -0.0763389 0.0503448
2.38 -20.5634 -0.0769216 0.0506402
2.385 -20.6941 -0.0772955 0.0509391
2.39 -20.826 -0.0774866 0.0512415
2.395 -20.959 -0.0782108 0.0515453
2.4 -21.0933 -0.0795591 0.0518506
2.405 -21.2288 -0.0815666 0.0521573
2.41 -21.3656 -0.085075 0.052464
2.415 -21.5035 -0.0880004 0.0527769
2.42 -21.6426 -0.0900658 0.053096
2.425 -21.7827 -0.0936191 0.053414
2.43 -21.9237 -0.0954135 0.0537384
2.435 -22.0656 -0.0947955 0.0540705
2.44 -22.2082 -0.0940849 0.0544025
2.445 -22.3514 -0.0931753 0.0547347
2.45 -22.4954 -0.0922656 0.0550688
2.455 -22.6402 -0.09143 0.0554047
2.46 -22.7858 -0.0906551 0.0557424
2.465 -22.9324 -0.0899221 0.0560824
2.47 -23.08 -0.0892223 0.0564249
2.475 -23.2289 -0.0885486 0.0567701
2.48 -23.379 -0.0878951 0.0571183
2.485 -23.5305 -0.0872571 0.0574697
2.49 -23.6836 -0.0866303 0.0578246
2.495 -23.8382 -0.0860117 0.0581831
2.5 -23.9945 -0.0853985 0.0585456
2.505 -24.1525 -0.0847888 0.0589119
2.51 -24.3123 -0.0841808 0.0592824
2.515 -24.474 -0.0835734 0.0596572
2.52 -24.6375 -0.0829657 0.0600362
2.525 -24.8028 -0.0823574 0.0604195
2.53 -24.97 -0.0817485 0.0608071
2.535 -25.139 -0.0811392 0.0611987
2.54 -25.3097 -0.0805302 0.0615944
2.545 -25.4821 -0.079922 0.0619941
2.55 -25.6562 -0.0793216 0.0623977
2.555 -25.832 -0.0787993 0.0628049
2.56 -26.0093 -0.0783415 0.0632157
2.565 -26.188 -0.0778723 0.0636299
2.57 -26.3681 -0.0773932 0.0640471
2.575 -26.5493 -0.0769055 0.064467
2.58 -26.7315 -0.0764103 0.0648891
2.585 -26.9144 -0.0759089 0.0653129
2.59 -27.0978 -0.0754027 0.0657377
2.595 -27.2812 -0.0748975 0.0661628
2.6 -27.4646 -0.0745157 0.0665875
2.605 -27.6474 -0.0742606 0.067011
2.61 -27.8293 -0.0740212 0.0674324
2.615 -28.0099 -0.0738022 0.0678508
2.62 -28.1889 -0.0736062 0.0682653
2.625 -28.3658 -0.0734361 0.0686752
2.63 -28.5405 -0.0732947 0.0690797
2.635 -28.7127 -0.0731851 0.0694785
2.64 -28.8823 -0.0730874 0.0698714
2.645 -29.0493 -0.0727012 0.0702584
2.65 -29.2136 -0.072042 0.0706394
2.655 -29.3753 -0.0714024 0.0710144
2.66 -29.5344 -0.0707794 0.0713834
2.665 -29.6911 -0.0701718 0.0717465
2.67 -29.8452 -0.0695786 0.0721038
2.675 -29.9968 -0.0689989 0.0724554
2.68 -30.146 -0.0684322 0.0728013
2.685 -30.2927 -0.0678781 0.0731414
2.69 -30.4368 -0.0673363 0.0734755
2.695 -30.5782 -0.066807 0.0738034
2.7 -30.7169 -0.0662901 0.074125
2.705 -30.8527 -0.0657862 0.0744397
2.71 -30.9853 -0.0652955 0.0747471
2.715 -31.1145 -0.0648189 0.0750468
2.72 -31.2402 -0.0643571 0.0753381
2.725 -31.3619 -0.0639111 0.0756203
2.73 -31.4794 -0.0634819 0.0758927
2.735 -31.5924 -0.0630702 0.0761547
2.74 -31.7006 -0.0626768 0.0764056
2.745 -31.804 -0.0623022 0.0766452
2.75 -31.9023 -0.0619468 0.0768731
2.755 -31.9955 -0.0616107 0.0770892
2.76 -32.0835 -0.0612939 0.0772932
2.765 -32.1664 -0.0609961 0.0774855
2.77 -32.2443 -0.0607168 0.0776662
2.775 -32.3176 -0.0604548 0.077836
2.78 -32.3865 -0.0602089 0.0779958
2.785 -32.4515 -0.0599771 0.0781466
2.79 -32.5132 -0.0597576 0.0782896
2.795 -32.5721 -0.0595487 0.078426
2.8 -32.6286 -0.0593483 0.078557
2.805 -32.6833 -0.0591544 0.0786839
2.81 -32.7369 -0.0589648 0.0788082
2.815 -32.79 -0.0587772 0.0789313
2.82 -32.8432 -0.0585895 0.0790546
2.825 -32.897 -0.0583999 0.0791794
2.83 -32.9519 -0.0582068 0.0793067
2.835 -33.0084 -0.0580087 0.0794375
2.84 -33.0667 -0.0578042 0.0795727
2.845 -33.1272 -0.0575921 0.0797131
2.85 -33.1903 -0.0573716 0.0798594
2.855 -33.2562 -0.0571418 0.0800121
2.86 -33.3251 -0.0569018 0.0801719
2.865 -33.3974 -0.0566508 0.0803394
2.87 -33.4731 -0.0563882 0.080515
2.875 -33.5525 -0.0561137 0.080699
2.88 -33.6357 -0.0558267 0.0808919
2.885 -33.7231 -0.0555261 0.0810946
2.89 -33.8153 -0.05521 0.0813083
2.895 -33.9127 -0.054877 0.0815342
2.9 -34.0156 -0.0545268 0.0817726
2.905 -34.1239 -0.0541595 0.0820237
2.91 -34.2376 -0.0537754 0.0822873
2.915 -34.3565 -0.0533756 0.0825631
2.92 -34.4802 -0.0529619 0.0828498
2.925 -34.6081 -0.0525366 0.0831463
2.93 -34.7398 -0.0521013 0.0834515
2.935 -34.8749 -0.0516575 0.0837648
2.94 -35.0132 -0.0512063 0.0840855
2.945 -35.1543 -0.0507495 0.0844127
2.95 -35.2979 -0.0502887 0.0847454
2.955 -35.4434 -0.0498256 0.0850827
2.96 -35.5905 -0.0493618 0.0854238
2.965 -35.7388 -0.0488988 0.0857677
2.97 -35.888 -0.0484383 0.0861135
2.975 -36.0376 -0.047982 0.0864603
2.98 -36.187 -0.0475317 0.0868068
2.985 -36.3359 -0.0470893 0.087152
2.99 -36.4838 -0.0466564 0.0874947
2.995 -36.6302 -0.0462344 0.0878342
3 -36.775 -0.0458244 0.0881698
3.005 -36.9178 -0.0454272 0.088501
3.01 -37.0586 -0.0450436 0.0888274
3.015 -37.1972 -0.0446742 0.0891486
3.02 -37.3334 -0.0443196 0.0894644
3.025 -37.4673 -0.0439802 0.0897747
3.03 -37.5987 -0.0436562 0.0900795
3.035 -37.7278 -0.043348 0.0903788
3.04 -37.8545 -0.043056 0.0906725
3.045 -37.9789 -0.0427805 0.0909608
3.05 -38.1009 -0.0425222 0.0912435
3.055 -38.2204 -0.0422817 0.0915206
3.06 -38.3375 -0.0420598 0.091792
3.065 -38.4521 -0.0418573 0.0920577
3.07 -38.5642 -0.0416523 0.0923175
3.075 -38.6737 -0.0413501 0.0925716
3.08 -38.7807 -0.0409728 0.0928195
3.085 -38.8849 -0.0406136 0.0930611
3.09 -38.9863 -0.040271 0.0932961
3.095 -39.0846 -0.0399447 0.0935242
3.1 -39.1798 -0.0396343 0.0937449
3.105 -39.2716 -0.03934 0.0939577
3.11 -39.3597 -0.0390619 0.094162
3.115 -39.4439 -0.0388003 0.0943571
3.12 -39.5238 -0.0385552 0.0945426
3.125 -39.5995 -0.0383267 0.094718
3.13 -39.6707 -0.0381147 0.094883
3.135 -39.7373 -0.037919 0.0950374
3.14 -39.7992 -0.0377393 0.0951811
3.145 -39.8565 -0.0375752 0.0953139
3.15 -39.9092 -0.0374262 0.095436
3.155 -39.9571 -0.0372921 0.0955471
3.16 -40.0003 -0.0371727 0.0956472
3.165 -40.0385 -0.0370679 0.0957359
3.17 -40.0717 -0.036978 0.0958127
3.175 -40.0994 -0.0369035 0.095877
3.18 -40.1214 -0.036845 0.0959279
3.185 -40.1373 -0.0368028 0.0959649
3.19 -40.1471 -0.0367771 0.0959877
3.195 -40.151 -0.0367672 0.0959967
3.2 -40.1495 -0.0367752 0.095993
3.205 -40.1433 -0.0368127 0.0959773
3.21 -40.1336 -0.0368795 0.0959515
3.215 -40.1213 -0.0369633 0.0959191
3.22 -40.1074 -0.0370586 0.0958824
3.225 -40.0925 -0.0371613 0.0958431
3.23 -40.077 -0.0372683 0.0958025
3.235 -40.0615 -0.0373769 0.0957617
3.24 -40.0462 -0.037485 0.0957217
3.245 -40.0313 -0.0375914 0.0956829
3.25 -40.0172 -0.0376944 0.095646
3.255 -40.0039 -0.0377918 0.0956116
3.26 -39.9919 -0.037882 0.0955803
3.265 -39.9811 -0.0379634 0.0955523
3.27 -39.9717 -0.0380345 0.0955282
3.275 -39.964 -0.0380941 0.0955082
3.28 -39.958 -0.0381407 0.0954927
3.285 -39.9539 -0.0381731 0.0954821
3.29 -39.9518 -0.0381897 0.0954768
3.295 -39.9519 -0.038189 0.0954772
3.3 -39.9545 -0.0381718 0.095484
3.305 -39.9598 -0.038138 0.0954978
3.31 -39.9679 -0.038086 0.0955191
3.315 -39.9789 -0.0380147 0.0955481
3.32 -39.993 -0.0379234 0.0955853
3.325 -40.0102 -0.0378121 0.0956306
3.33 -40.0304 -0.037681 0.0956838
3.335 -40.0535 -0.0375311 0.0957446
3.34 -40.0793 -0.0373637 0.0958125
3.345 -40.1074 -0.0371814 0.0958867
3.35 -40.1377 -0.0369808 0.0959657
3.355 -40.1697 -0.0367899 0.0960459
3.36 -40.203 -0.036669 0.0961245
3.365 -40.2372 -0.0365722 0.0962027
3.37 -40.272 -0.0364416 0.0962822
3.375 -40.307 -0.0362993 0.0963625
3.38 -40.3419 -0.0361537 0.0964426
3.385 -40.3764 -0.0360105 0.0965218
3.39 -40.41 -0.0359204 0.0965993
3.395 -40.4427 -0.0358784 0.0966747
3.4 -40.4741 -0.0358332 0.0967472
3.405 -40.5041 -0.035787 0.0968164
3.41 -40.5322 -0.0357415 0.0968813
3.415 -40.5579 -0.0356986 0.0969408
3.42 -40.5808 -0.03566 0.0969936
3.425 -40.6001 -0.0356275 0.0970384
3.43 -40.6152 -0.035603 0.0970733
3.435 -40.6255 -0.0355882 0.0970969
3.44 -40.6301 -0.0355847 0.0971076
3.445 -40.6285 -0.0355952 0.0971039
3.45 -40.6203 -0.0356442 0.0970828
3.455 -40.6051 -0.0357478 0.0970426
3.46 -40.5826 -0.0359006 0.0969833
3.465 -40.5528 -0.0361053 0.0969047
3.47 -40.5154 -0.036365 0.0968068
3.475 -40.4707 -0.0366846 0.0966901
3.48 -40.4189 -0.0370694 0.0965557
3.485 -40.3604 -0.0375233 0.096405
3.49 -40.2959 -0.0380524 0.0962402
3.495 -40.2262 -0.0386597 0.0960634
3.5 -40.1519 -0.0393442 0.0958769
3.505 -40.074 -0.040104 0.0956829
3.51 -39.9932 -0.0409354 0.0954834
3.515 -39.9102 -0.0418471 0.0952802
3.52 -39.8259 -0.0428327 0.0950749
3.525 -39.7408 -0.0438704 0.0948691
3.53 -39.6556 -0.0449509 0.0946639
3.535 -39.5706 -0.0460653 0.0944601
3.54 -39.4862 -0.0472078 0.0942585
3.545 -39.4027 -0.0483982 0.0940598
3.55 -39.3206 -0.0496298 0.0938647
3.555 -39.24 -0.0508718 0.0936738
3.56 -39.1612 -0.0521196 0.0934875
3.565 -39.0845 -0.0533807 0.0933064
3.57 -39.01 -0.0546409 0.0931309
3.575 -38.9381 -0.0558268 0.0929615
3.58 -38.8691 -0.0569654 0.092799
3.585 -38.8033 -0.0581035 0.0926441
3.59 -38.7408 -0.0592058 0.0924973
3.595 -38.6826 -0.0602651 0.0923606
3.6 -38.6296 -0.0613086 0.0922367
3.605 -38.5829 -0.0622922 0.0921276
3.61 -38.5429 -0.0631396 0.0920341
3.615 -38.5096 -0.0638483 0.0919564
3.62 -38.483 -0.0644176 0.0918944
3.625 -38.4632 -0.0648466 0.0918481
3.63 -38.45 -0.0651353 0.0918174
3.635 -38.4435 -0.0652848 0.0918023
3.64 -38.4435 -0.0652957 0.0918025
3.645 -38.4502 -0.0651659 0.0918184
3.65 -38.4633 -0.0650309 0.0918522
3.655 -38.4829 -0.0649432 0.0919041
3.66 -38.5087 -0.0648158 0.0919723
3.665 -38.5406 -0.0646582 0.0920563
3.67 -38.5784 -0.0644691 0.0921555
3.675 -38.6219 -0.0642351 0.0922692
3.68 -38.6709 -0.0639536 0.0923967
3.685 -38.7252 -0.0636223 0.0925372
3.69 -38.7847 -0.0632411 0.0926899
3.695 -38.8491 -0.062814 0.0928539
3.7 -38.9183 -0.0623445 0.0930285
3.705 -38.992 -0.0618336 0.0932128
3.71 -39.0701 -0.0612906 0.0934063
3.715 -39.1524 -0.0607182 0.0936082
3.72 -39.2385 -0.0601074 0.0938179
3.725 -39.328 -0.0594576 0.0940343
3.73 -39.4203 -0.058774 0.0942562
3.735 -39.5144 -0.0580634 0.0944814
3.74 -39.6093 -0.0573354 0.0947077
3.745 -39.704 -0.0566212 0.0949327
3.75 -39.7974 -0.055927 0.095154
3.755 -39.8886 -0.0552411 0.0953697
3.76 -39.9768 -0.0546013 0.0955776
3.765 -40.061 -0.0540154 0.0957759
3.77 -40.1407 -0.0534982 0.0959629
3.775 -40.2152 -0.0530936 0.0961367
3.78 -40.2841 -0.0527816 0.0962966
3.785 -40.3469 -0.052513 0.0964424
3.79 -40.4036 -0.0522707 0.0965738
3.795 -40.454 -0.0520865 0.0966907
3.8 -40.4981 -0.051952 0.0967929
3.805 -40.5359 -0.0518342 0.0968806
3.81 -40.5675 -0.0517346 0.0969537
3.815 -40.5927 -0.0516548 0.0970121
3.82 -40.6116 -0.0515956 0.097056
3.825 -40.6243 -0.051558 0.0970853
3.83 -40.6308 -0.0515424 0.0971002
3.835 -40.6311 -0.051549 0.0971009
3.84 -40.6253 -0.051579 0.0970871
3.845 -40.6134 -0.0516511 0.0970567
3.85 -40.5955 -0.0517725 0.0970093
3.855 -40.5717 -0.051933 0.0969463
3.86 -40.542 -0.0521343 0.0968679
3.865 -40.5062 -0.0523792 0.0967741
3.87 -40.4644 -0.0526712 0.0966651
3.875 -40.4165 -0.0530148 0.0965409
3.88 -40.3624 -0.0534172 0.0964017
3.885 -40.3022 -0.053885 0.0962479
3.89 -40.2358 -0.0544231 0.0960796
3.895 -40.1632 -0.0550395 0.0958973
3.9 -40.0845 -0.0557395 0.0957012
3.905 -39.9996 -0.0565254 0.0954914
3.91 -39.9085 -0.0574003 0.0952679
3.915 -39.811 -0.0583666 0.0950304
3.92 -39.7069 -0.0594477 0.0947785
3.925 -39.596 -0.0608684 0.0945124
3.93 -39.4781 -0.062643 0.0942313
3.935 -39.3529 -0.0645931 0.0939341
3.94 -39.2202 -0.0667994 0.0936204
3.945 -39.08 -0.0692708 0.0932901
3.95 -38.9323 -0.0719881 0.0929431
3.955 -38.7773 -0.0750315 0.0925796
3.96 -38.615 -0.0779697 0.0921988
3.965 -38.4459 -0.0801807 0.0917995
3.97 -38.2702 -0.0819986 0.0913834
3.975 -38.0882 -0.0839227 0.0909527
3.98 -37.9002 -0.0859392 0.090508
3.985 -37.7064 -0.0880246 0.09005
3.99 -37.507 -0.0902003 0.089579
3.995 -37.3022 -0.0924698 0.0890956
4 -37.0921 -0.0949026 0.0886003
4.005 -36.877 -0.0975099 0.0880936
4.01 -36.657 -0.10022 0.0875757
4.015 -36.4322 -0.10304 0.0870468
4.02 -36.2028 -0.105976 0.0865074
4.025 -35.969 -0.109036 0.0859578
4.03 -35.7309 -0.112246 0.0853986
4.035 -35.4888 -0.115618 0.0848301
4.04 -35.2429 -0.119155 0.0842532
4.045 -34.9934 -0.122879 0.0836683
4.05 -34.7406 -0.126918 0.0830764
4.055 -34.4849 -0.131304 0.0824784
4.06 -34.2265 -0.136005 0.0818751
4.065 -33.9659 -0.141123 0.0812675
4.07 -33.7032 -0.14689 0.0806573
4.075 -33.439 -0.153339 0.0800454
4.08 -33.1737 -0.158789 0.0794275
4.085 -32.9077 -0.163227 0.0788046
4.09 -32.6415 -0.168017 0.0781822
4.095 -32.3757 -0.173004 0.077561
4.1 -32.1105 -0.178216 0.0769419
4.105 -31.8463 -0.183704 0.076326
4.11 -31.5835 -0.189562 0.075714
4.115 -31.3224 -0.195928 0.0751071
4.12 -31.0633 -0.202989 0.0745064
4.125 -30.8066 -0.211439 0.0739137
4.13 -30.5524 -0.220842 0.0733296
4.135 -30.3011 -0.229007 0.0727489
4.14 -30.0529 -0.234523 0.0721673
4.145 -29.808 -0.238628 0.0715901
4.15 -29.5667 -0.242643 0.0710232
4.155 -29.3293 -0.246557 0.0704662
4.16 -29.0958 -0.25058 0.0699192
4.165 -28.8663 -0.254796 0.0693824
4.17 -28.641 -0.259258 0.0688559
4.175 -28.4199 -0.26401 0.0683399
4.18 -28.2031 -0.268864 0.0678342
4.185 -27.9905 -0.271605 0.067334
4.19 -27.782 -0.27267 0.0668376
4.195 -27.5774 -0.27414 0.0663489
4.2 -27.3764 -0.275639 0.065869
4.205 -27.1784 -0.277207 0.0653971
4.21 -26.9827 -0.278857 0.0649314
4.215 -26.7886 -0.280574 0.0644702
4.22 -26.5956 -0.282365 0.0640121
4.225 -26.403 -0.284207 0.0635555
4.23 -26.2105 -0.28611 0.0630994
4.235 -26.0175 -0.288082 0.0626427
4.24 -25.8238 -0.290136 0.0621846
4.245 -25.6291 -0.292314 0.0617246
4.25 -25.4331 -0.294626 0.0612625
4.255 -25.2358 -0.297066 0.0607978
4.26 -25.037 -0.299659 0.0603304
4.265 -24.8367 -0.30243 0.0598601
4.27 -24.6348 -0.305104 0.0593854
4.275 -24.4313 -0.306649 0.0589011
4.28 -24.2262 -0.307363 0.0584083
4.285 -24.0195 -0.308221 0.057912
4.29 -23.8111 -0.309158 0.0574122
4.295 -23.6009 -0.310319 0.0569094
4.3 -23.3886 -0.311742 0.0564033
4.305 -23.1742 -0.313299 0.0558924
4.31 -22.9571 -0.314972 0.0553761
4.315 -22.7372 -0.316772 0.0548534
4.32 -22.5139 -0.318714 0.0543236
4.325 -22.287 -0.320821 0.0537859
4.33 -22.056 -0.323161 0.0532395
4.335 -21.8207 -0.325796 0.0526838
4.34 -21.5806 -0.328556 0.0521172
4.345 -21.3356 -0.330029 0.0515311
4.35 -21.0855 -0.330358 0.0509254
4.355 -20.8302 -0.330845 0.0503075
4.36 -20.5697 -0.331379 0.0496772
4.365 -20.3039 -0.331736 0.0490329
4.37 -20.033 -0.332041 0.0483766
4.375 -19.7574 -0.332527 0.0477107
4.38 -19.4777 -0.333158 0.0470356
4.385 -19.1947 -0.333939 0.0463537
4.39 -18.9096 -0.334935 0.0456679
4.395 -18.6233 -0.336172 0.0449808
4.4 -18.3367 -0.33759 0.044294
4.405 -18.0505 -0.339112 0.0436091
4.41 -17.7657 -0.339698 0.0429202
4.415 -17.4828 -0.339384 0.0422292
4.42 -17.2024 -0.339146 0.0415451
4.425 -16.9252 -0.338939 0.0408696
4.43 -16.6515 -0.338763 0.0402038
4.435 -16.3818 -0.338799 0.0395495
4.44 -16.1164 -0.339082 0.0389075
4.445 -15.8555 -0.339507 0.0382775
4.45 -15.5996 -0.340116 0.0376606
4.455 -15.3493 -0.340949 0.0370585
4.46 -15.105 -0.342047 0.0364727
4.465 -14.8669 -0.342277 0.0358956
4.47 -14.6351 -0.341543 0.0353262
4.475 -14.4095 -0.340891 0.0347725
4.48 -14.1902 -0.3403 0.0342345
4.485 -13.9772 -0.339761 0.0337124
4.49 -13.7707 -0.339263 0.0332062
4.495 -13.5708 -0.338806 0.0327162
4.5 -13.3773 -0.33853 0.0322435
4.505 -13.1905 -0.338417 0.0317881
4.51 -13.0104 -0.338091 0.031347
4.515 -12.8369 -0.337578 0.0309206
4.52 -12.6701 -0.337121 0.0305108
4.525 -12.5099 -0.336714 0.0301176
4.53 -12.3564 -0.336353 0.0297409
4.535 -12.2096 -0.336018 0.0293806
4.54 -12.0693 -0.335429 0.0290341
4.545 -11.9357 -0.334621 0.0287014
4.55 -11.8087 -0.333874 0.0283852
4.555 -11.6881 -0.333173 0.0280853
4.56 -11.5741 -0.332519 0.0278016
4.565 -11.4664 -0.331918 0.0275341
4.57 -11.365 -0.331368 0.0272822
4.575 -11.2693 -0.330854 0.0270446
4.58 -11.1788 -0.330372 0.0268199
4.585 -11.0928 -0.329918 0.0266063
4.59 -11.0107 -0.329487 0.0264025
4.595 -10.9319 -0.329077 0.026207
4.6 -10.8558 -0.328682 0.026018
4.605 -10.7815 -0.3283 0.0258338
4.61 -10.7084 -0.327926 0.0256524
4.615 -10.6357 -0.327555 0.025472
4.62 -10.5626 -0.327184 0.0252906
4.625 -10.4883 -0.326809 0.0251064
4.63 -10.4121 -0.326426 0.0249174
4.635 -10.3332 -0.326031 0.0247217
4.64 -10.2508 -0.325621 0.0245175
4.645 -10.1644 -0.325193 0.0243032
4.65 -10.0734 -0.32475 0.0240775
4.655 -9.97709 -0.324336 0.0238394
4.66 -9.87507 -0.323947 0.0235876
4.665 -9.76679 -0.323542 0.0233203
4.67 -9.65183 -0.323133 0.0230367
4.675 -9.52986 -0.322722 0.022736
4.68 -9.40065 -0.322275 0.0224172
4.685 -9.264 -0.321519 0.0220768
4.69 -9.11976 -0.320478 0.0217146
4.695 -8.96778 -0.319411 0.0213331
4.7 -8.80789 -0.318303 0.020932
4.705 -8.63992 -0.317152 0.0205107
4.71 -8.46365 -0.315955 0.0200688
4.715 -8.27891 -0.314712 0.0196057
4.72 -8.08551 -0.313421 0.0191211
4.725 -7.88331 -0.312082 0.0186145
4.73 -7.67219 -0.310685 0.0180856
4.735 -7.45207 -0.309134 0.0175325
4.74 -7.22285 -0.307434 0.0169552
4.745 -6.98448 -0.305734 0.0163556
4.75 -6.7369 -0.3039 0.0157313
4.755 -6.48008 -0.301804 0.0150801
4.76 -6.21396 -0.299579 0.0144039
4.765 -5.93841 -0.297296 0.0137042
4.77 -5.65329 -0.294951 0.0129805
4.775 -5.35849 -0.292545 0.0122324
4.78 -5.05388 -0.290079 0.0114598
4.785 -4.73946 -0.287578 0.010663
4.79 -4.41529 -0.285088 0.00984305
4.795 -4.08155 -0.282638 0.00900079
4.8 -3.73852 -0.280193 0.00813605
4.805 -3.38657 -0.277441 0.00724063
4.81 -3.02615 -0.274384 0.00631588
4.815 -2.65776 -0.271303 0.00537141
4.82 -2.28187 -0.2682 0.00440834
4.825 -1.89893 -0.264735 0.00341254
4.83 -1.5094 -0.260992 0.00238675
4.835 -1.1138 -0.257272 0.00134638
4.84 -0.712633 -0.253238 0.000268767
4.845 -0.306436 -0.248863 -0.000847199
4.85 0.104299 -0.244338 -0.00200065
4.855 0.519076 -0.239675 -0.00319557
4.86 0.937397 -0.23492 -0.00441429
4.865 1.35879 -0.230506 -0.00564329
4.87 1.78283 -0.226298 -0.00686988
4.875 2.20915 -0.22175 -0.00808697
4.88 2.63744 -0.216861 -0.00928121
4.885 3.06741 -0.211624 -0.0104526
4.89 3.49883 -0.206142 -0.0116158
4.895 3.93154 -0.200472 -0.0127792
4.9 4.36543 -0.194552 -0.0139361
4.905 4.80046 -0.188418 -0.0150687
4.91 5.2366 -0.182253 -0.0161416
4.915 5.67387 -0.176642 -0.0170916
4.92 6.11226 -0.171983 -0.017956
4.925 6.55172 -0.168147 -0.0188078
4.93 6.99217 -0.164673 -0.0196566
4.935 7.43345 -0.161266 -0.0205413
4.94 7.87534 -0.157963 -0.021464
4.945 8.31753 -0.154499 -0.0224062
4.95 8.75967 -0.150933 -0.0233612
4.955 9.20139 -0.147446 -0.0243222
4.96 9.64233 -0.144178 -0.0253054
4.965 10.0822 -0.140846 -0.0263153
4.97 10.5207 -0.137264 -0.0273335
4.975 10.9576 -0.13377 -0.0283462
4.98 11.3927 -0.130385 -0.0293551
4.985 11.826 -0.127317 -0.0303591
4.99 12.2573 -0.124527 -0.0313567
4.995 12.6864 -0.121803 -0.0323485
5 13.1133 -0.119225 -0.0333341
5.005 13.5379 -0.116753 -0.0343137
5.01 13.9602 -0.114348 -0.0352873
5.015 14.3799 -0.12566 -0.0362223
5.02 14.7971 -0.140459 -0.037142
5.025 15.2106 2.08827 -0.0450017
