0.1 -2.92171e-32 200 6.30607e-14
0.2 0 400 -1.63425e-13
0.3 1.22712e-30 600 1.56319e-13
0.4 -9.34946e-31 800 3.23297e-13
0.5 0 1000 -6.00409e-13
0.6 9.34946e-31 1200 5.96856e-13
0.7 2.33737e-30 1400 -1.11555e-12
0.8 3.73979e-30 1600 9.09495e-13
0.9 -1.16868e-30 1800 4.83169e-13
1 1.05181e-30 2000 3.12639e-13
0.005 -0.00101564 2000 0.43968
0.01 -0.00507216 2000 2.19284
0.015 -0.0131725 2000 5.69186
0.02 -0.0253025 2000 10.9318
0.025 -0.0414474 2000 17.9062
0.03 -0.0615916 2000 26.6084
0.035 -0.0857189 2000 37.0314
0.04 -0.113812 2000 49.1677
0.045 -0.145855 2000 63.01
0.05 -0.181827 2000 78.5503
0.055 -0.221711 2000 95.7801
0.06 -0.265486 2000 114.691
0.065 -0.313134 2000 135.275
0.07 -0.364635 2000 157.524
0.075 -0.419973 2000 181.431
0.08 -0.479131 2000 206.987
0.085 -0.54209 2000 234.186
0.09 -0.608833 2000 263.019
0.095 -0.679338 2000 293.478
0.1 -0.753585 2000 325.553
0.105 -0.831551 2000 359.235
0.11 -0.91321 2000 394.512
0.115 -0.99853 2000 431.37
0.12 -1.08748 2000 469.796
0.125 -1.18002 2000 509.777
0.13 -1.27616 2000 551.308
0.135 -1.37587 2000 594.382
0.14 -1.47914 2000 638.996
0.145 -1.58595 2000 685.141
0.15 -1.69629 2000 732.807
0.155 -1.81012 2000 781.982
0.16 -1.92741 2000 832.652
0.165 -2.04812 2000 884.802
0.17 -2.17225 2000 938.423
0.175 -2.29975 2000 993.507
0.18 -2.4306 2000 1050.03
0.185 -2.56474 2000 1107.99
0.19 -2.70212 2000 1167.33
0.195 -2.8427 2000 1228.07
0.2 -2.98645 2000 1290.17
0.205 -3.13337 2000 1353.64
0.21 -3.28347 2000 1418.48
0.215 -3.43674 2000 1484.69
0.22 -3.59316 2000 1552.27
0.225 -3.75273 2000 1621.2
0.23 -3.91541 2000 1691.48
0.235 -4.08116 2000 1763.09
0.24 -4.24997 2000 1836.01
0.245 -4.4218 2000 1910.25
0.25 -4.59662 2000 1985.77
0.255 -4.77435 2000 2062.55
0.26 -4.95492 2000 2140.56
0.265 -5.13826 2000 2219.76
0.27 -5.32437 2000 2300.16
0.275 -5.51327 1999.99 2381.77
0.28 -5.70499 1999.99 2464.6
0.285 -5.89949 1999.99 2548.63
0.29 -6.09675 1999.99 2633.84
0.295 -6.29668 1999.99 2720.21
0.3 -6.4992 1999.99 2807.71
0.305 -6.70422 1999.99 2896.27
0.31 -6.91162 1999.99 2985.88
0.315 -7.12137 1999.99 3076.49
0.32 -7.33341 1999.99 3168.1
0.325 -7.5477 1999.99 3260.67
0.33 -7.76413 1999.99 3354.17
0.335 -7.98265 1999.99 3448.57
0.34 -8.20323 1999.99 3543.87
0.345 -8.42587 1999.99 3640.05
0.35 -8.65058 1999.99 3737.13
0.355 -8.87735 1999.99 3835.1
0.36 -9.10623 1999.99 3933.98
0.365 -9.33727 1999.99 4033.8
0.37 -9.5705 1999.99 4134.56
0.375 -9.8059 1999.99 4236.25
0.38 -10.0434 1999.99 4338.87
0.385 -10.283 1999.99 4442.39
0.39 -10.5246 1999.99 4546.75
0.395 -10.768 1999.99 4651.89
0.4 -11.013 1999.99 4757.75
0.405 -11.2596 1999.99 4864.29
0.41 -11.5077 1999.99 4971.47
0.415 -11.7572 1999.99 5079.27
0.42 -12.0081 1999.99 5187.68
0.425 -12.2604 1999.99 5296.67
0.43 -12.5141 1999.99 5406.26
0.435 -12.7692 1999.98 5516.48
0.44 -13.0259 1999.98 5627.36
0.445 -13.2841 1999.98 5738.91
0.45 -13.5438 1999.98 5851.11
0.455 -13.8048 1999.98 5963.86
0.46 -14.0669 1999.98 6077.07
0.465 -14.3297 1999.98 6190.64
0.47 -14.5932 1999.98 6304.44
0.475 -14.857 1999.98 6418.42
0.48 -15.1212 1999.98 6532.53
0.485 -15.3856 1999.98 6646.78
0.49 -15.6503 1999.98 6761.13
0.495 -15.9152 1999.98 6875.56
0.5 -16.1803 1999.98 6990.06
0.505 -16.4455 1999.98 7104.66
0.51 -16.7112 1999.98 7219.42
0.515 -16.9774 1999.98 7334.43
0.52 -17.2443 1999.98 7449.7
0.525 -17.5118 1999.98 7565.26
0.53 -17.78 1999.98 7681.12
0.535 -18.0488 1999.98 7797.24
0.54 -18.3181 1999.98 7913.56
0.545 -18.5877 1999.98 8030.03
0.55 -18.8575 1999.98 8146.58
0.555 -19.1272 1999.98 8263.12
0.56 -19.3968 1999.98 8379.55
0.565 -19.6658 1999.98 8495.79
0.57 -19.9344 1999.98 8611.8
0.575 -20.2024 1999.98 8727.57
0.58 -20.4698 1999.98 8843.08
0.585 -20.7365 1999.98 8958.31
0.59 -21.0025 1999.98 9073.23
0.595 -21.2679 1999.98 9187.84
0.6 -21.5325 1999.98 9302.17
0.605 -21.7966 1999.98 9416.26
0.61 -22.0602 1999.98 9530.13
0.615 -22.3233 1999.98 9643.77
0.62 -22.5858 1999.98 9757.16
0.625 -22.8475 1999.98 9870.22
0.63 -23.1083 1999.98 9982.9
0.635 -23.3645 2000 10094.1
0.64 -23.6174 2000.01 10203.8
0.645 -23.8724 2000.01 10313.8
0.65 -24.1274 2000 10423.8
0.655 -24.3826 2000 10533.9
0.66 -24.6381 2000 10644.2
0.665 -24.8939 1999.99 10754.6
0.67 -25.1432 2000.02 10863.1
0.675 -25.3916 2000.03 10970.8
0.68 -25.6405 2000.02 11078
0.685 -25.8865 2000.02 11184
0.69 -26.1287 2000.01 11288.5
0.695 -26.367 2000.01 11391.3
0.7 -26.6014 2000 11492.4
0.705 -26.8321 2000 11592
0.71 -27.0562 2000.01 11689.2
0.715 -27.2709 2000.04 11782.7
0.72 -27.4867 2000.03 11875.6
0.725 -27.6999 2000.02 11967.5
0.73 -27.9102 2000.02 12058.1
0.735 -28.1167 2000.01 12147.2
0.74 -28.3056 2000.07 12229.5
0.745 -28.4945 2000.05 12310.8
0.75 -28.6796 2000.04 12390.6
0.755 -28.861 2000.03 12468.8
0.76 -29.0389 2000.02 12545.5
0.765 -29.214 2000.02 12621
0.77 -29.387 2000.01 12695.7
0.775 -29.5585 2000.01 12769.7
0.78 -29.7251 2000.03 12842.1
0.785 -29.8892 2000.05 12913.5
0.79 -30.0559 2000.04 12985.3
0.795 -30.2196 2000.05 13056.1
0.8 -30.3751 2000.09 13123.6
0.805 -30.5323 2000.07 13191.2
0.81 -30.6881 2000.06 13258.3
0.815 -30.8417 2000.04 13324.5
0.82 -30.9927 2000.03 13389.6
0.825 -31.1406 2000.03 13453.4
0.83 -31.2852 2000.02 13515.7
0.835 -31.4262 2000.02 13576.5
0.84 -31.5632 2000.01 13635.7
0.845 -31.6962 2000.01 13693
0.85 -31.8249 2000.01 13748.6
0.855 -31.9494 2000 13802.4
0.86 -32.0696 2000 13854.2
0.865 -32.1849 2000 13904
0.87 -32.2948 2000 13951.5
0.875 -32.3991 2000 13996.5
0.88 -32.4974 2000 14039
0.885 -32.5888 2000.01 14078.6
0.89 -32.6688 2000.05 14113.7
0.895 -32.7399 2000.08 14144.7
0.9 -32.8073 2000.06 14173.6
0.905 -32.8697 2000.05 14200.4
0.91 -32.9269 2000.04 14225
0.915 -32.979 2000.03 14247.4
0.92 -33.0262 2000.03 14267.7
0.925 -33.0688 2000.02 14286
0.93 -33.1074 2000.02 14302.6
0.935 -33.1421 2000.01 14317.6
0.94 -33.1733 2000.01 14331
0.945 -33.2011 2000.01 14343
0.95 -33.2257 2000.01 14353.6
0.955 -33.2469 2000.01 14362.8
0.96 -33.2648 2000 14370.5
0.965 -33.2791 2000 14376.6
0.97 -33.2895 2000 14381.1
0.975 -33.2954 2000 14383.6
0.98 -33.2963 2000 14384
0.985 -33.2905 1999.98 14381.6
0.99 -33.278 1999.97 14376.2
0.995 -33.259 1999.98 14368
1 -33.2334 1999.98 14356.9
1.005 -33.2016 1999.99 14343.2
1.01 -33.1639 1999.99 14326.9
1.015 -33.1203 1999.99 14308
1.02 -33.0711 1999.99 14286.7
1.025 -33.016 1999.99 14263
1.03 -32.955 1999.99 14236.6
1.035 -32.8878 2000 14207.5
1.04 -32.8136 2000 14175.5
1.045 -32.7319 2000 14140.2
1.05 -32.6419 2000 14101.3
1.055 -32.5424 2000.01 14058.4
1.06 -32.4222 2000.06 14007.2
1.065 -32.291 2000.06 13950.7
1.07 -32.1502 2000.05 13889.7
1.075 -31.9987 2000.04 13824.1
1.08 -31.8371 2000.03 13754.2
1.085 -31.6657 2000.03 13680
1.09 -31.4846 2000.02 13601.7
1.095 -31.2942 2000.02 13519.4
1.1 -31.0947 2000.01 13433.1
1.105 -30.8859 2000.01 13342.9
1.11 -30.6676 2000.01 13248.5
1.115 -30.4394 2000.01 13150
1.12 -30.2014 2000.01 13047.1
1.125 -29.9534 2000 12939.9
1.13 -29.6896 2000.04 12826.5
1.135 -29.4027 2000.1 12703.4
1.14 -29.1079 2000.08 12575.8
1.145 -28.7882 2000.14 12439.3
1.15 -28.4609 2000.15 12298.5
1.155 -28.1281 2000.12 12154
1.16 -27.7861 2000.1 12005.8
1.165 -27.4354 2000.08 11853.9
1.17 -27.0474 2000.24 11688.7
1.175 -26.6545 2000.29 11519.6
1.18 -26.2574 2000.24 11347.1
1.185 -25.841 2000.23 11167.6
1.19 -25.4024 2000.24 10978.9
1.195 -24.9549 2000.19 10784.6
1.2 -24.4907 2000.16 10583.3
1.205 -24.0096 2000.13 10374.8
1.21 -23.5088 2000.12 10158.5
1.215 -22.9841 2000.13 9932.41
1.22 -22.4509 2000.11 9701.44
1.225 -21.9065 2000.09 9465.77
1.23 -21.3446 2000.1 9223.75
1.235 -20.7702 2000.12 8976.32
1.24 -20.194 2000.1 8726.74
1.245 -19.6109 2000.08 8474.3
1.25 -19.0202 2000.06 8218.65
1.255 -18.4203 2000.05 7959.15
1.26 -17.8094 2000.04 7694.93
1.265 -17.1853 2000.03 7425.07
1.27 -16.546 2000.03 7148.72
1.275 -15.8898 2000.02 6865.09
1.28 -15.2152 2000.02 6573.51
1.285 -14.5211 2000.01 6273.55
1.29 -13.8072 2000.01 5965.07
1.295 -13.0736 2000.01 5648.08
1.3 -12.3207 2000 5322.8
1.305 -11.5494 2000 4989.54
1.31 -10.7604 2000 4648.64
1.315 -9.95422 2000 4300.34
1.32 -9.13166 1999.99 3944.96
1.325 -8.29368 1999.99 3582.93
1.33 -7.4416 1999.99 3214.83
1.335 -6.57708 1999.98 2841.34
1.34 -5.70171 1999.98 2463.16
1.345 -4.81663 1999.97 2080.81
1.35 -3.92341 1999.95 1694.88
1.355 -3.02276 1999.92 1305.74
1.36 -2.11528 1999.88 913.751
1.365 -1.20238 1999.83 519.354
1.37 -0.28589 1999.71 123.488
1.375 0.636471 1999.65 -274.726
1.38 1.5637 1999.57 -674.071
1.385 2.47753 1999.28 -1067.03
1.39 3.35292 1999.09 -1448.53
1.395 4.23546 1999.18 -1831.47
1.4 5.12994 1999.31 -2217.73
1.405 6.02991 1999.42 -2606.41
1.41 6.93524 1999.5 -2997.43
1.415 7.84579 1999.57 -3390.74
1.42 8.76157 1999.63 -3786.34
1.425 9.68285 1999.67 -4184.34
1.43 10.6102 1999.7 -4584.99
1.435 11.5442 1999.73 -4988.54
1.44 12.4852 1999.74 -5395.13
1.445 13.4331 1999.76 -5804.77
1.45 14.3879 1999.76 -6217.38
1.455 15.3496 1999.76 -6633.03
1.46 16.3188 1999.76 -7051.86
1.465 17.2955 1999.76 -7473.94
1.47 18.2795 1999.76 -7899.1
1.475 19.2697 1999.75 -8326.95
1.48 20.2652 1999.75 -8757.01
1.485 21.2569 1999.78 -9186.46
1.49 22.235 1999.84 -9611.02
1.495 23.2126 1999.88 -10034.4
1.5 24.1808 1999.93 -10454.1
1.505 25.1461 1999.97 -10872
1.51 26.0862 2000.08 -11280.7
1.515 26.9796 2000.29 -11668.5
1.52 27.8835 2000.24 -12058.1
1.525 28.7432 2000.45 -12432.8
1.53 29.5838 2000.58 -12796.4
1.535 30.4399 2000.43 -13163.6
1.54 31.2252 2000.9 -13507.3
1.545 31.9754 2001.21 -13835.2
1.55 32.751 2000.95 -14166.5
1.555 33.5256 2000.73 -14498.3
1.56 34.2997 2000.56 -14830.3
1.565 34.9993 2001.15 -15136.9
1.57 35.6921 2001.36 -15438.3
1.575 36.4028 2001.07 -15742.2
1.58 37.1144 2000.83 -16047.2
1.585 37.8279 2000.64 -16353.5
1.59 38.5205 2000.76 -16652.9
1.595 39.1801 2000.99 -16939.8
1.6 39.8385 2000.88 -17224.6
1.605 40.4884 2000.83 -17506.1
1.61 41.136 2000.73 -17785.7
1.615 41.7662 2000.77 -18059.6
1.62 42.3869 2000.78 -18328.9
1.625 43.0017 2000.84 -18592.8
1.63 43.5601 2001.23 -18839.2
1.635 44.1078 2001.33 -19079.1
1.64 44.6437 2001.35 -19312.1
1.645 45.1697 2001.4 -19536.1
1.65 45.6912 2001.24 -19756.1
1.655 46.1619 2001.22 -19961.4
1.66 46.6337 2001.03 -20163.9
1.665 47.0539 2001.3 -20351.3
1.67 47.469 2001.49 -20531.4
1.675 47.8651 2001.55 -20702.6
1.68 48.2429 2001.52 -20865.8
1.685 48.6138 2001.42 -21023.5
1.69 48.9578 2001.52 -21169.9
1.695 49.2887 2001.37 -21311
1.7 49.6047 2001.16 -21447.7
1.705 49.9157 2000.96 -21581.9
1.71 50.2214 2000.76 -21713.3
1.715 50.5164 2001.02 -21837.6
1.72 50.791 2001.07 -21955.8
1.725 51.0508 2000.86 -22068.9
1.73 51.303 2000.65 -22178.4
1.735 51.5385 2000.55 -22282.1
1.74 51.7548 2000.5 -22378
1.745 51.9609 2000.34 -22468.1
1.75 52.1451 2000.27 -22549.8
1.755 52.2552 2000.21 -22605.1
1.76 52.35 2000.28 -22649.1
1.765 52.3968 2000.18 -22676.4
1.77 52.3392 1999.66 -22666.9
1.775 52.2709 1999.25 -22637.4
1.78 52.2044 1999.17 -22601.7
1.785 52.1151 1999.18 -22557.8
1.79 51.9866 1999.41 -22501.5
1.795 51.7978 1999.4 -22423.9
1.8 51.6015 1999.47 -22336.9
1.805 51.4005 1999.52 -22244.5
1.81 51.1867 1999.48 -22147.3
1.815 50.96 1999.43 -22045.5
1.82 50.7203 1999.38 -21938.9
1.825 50.4545 1999.23 -21823.8
1.83 50.1674 1999.12 -21699.4
1.835 49.8816 1999.12 -21572.3
1.84 49.5865 1999.08 -21442.1
1.845 49.3063 1999.48 -21313.4
1.85 49.0149 1999.69 -21183
1.855 48.7053 1999.62 -21049
1.86 48.388 1999.55 -20912
1.865 48.0626 1999.49 -20771.5
1.87 47.7383 1999.49 -20627.7
1.875 47.4062 1999.58 -20480.6
1.88 47.0495 1999.53 -20327.2
1.885 46.6921 1999.57 -20172.1
1.89 46.3296 1999.59 -20015.2
1.895 45.9563 1999.51 -19855.2
1.9 45.5986 1999.64 -19697.5
1.905 45.3477 2000.11 -19577.1
1.91 45.054 1999.96 -19453.7
1.915 44.7562 1999.84 -19328
1.92 44.4534 1999.72 -19199.6
1.925 44.145 1999.61 -19068.4
1.93 43.8351 1999.55 -18934.5
1.935 43.5186 1999.48 -18797.8
1.94 43.1929 1999.17 -18658.7
1.945 43.1564 2000.28 -18614.6
1.95 43.0573 2000.42 -18572.8
1.955 42.9425 2000.25 -18529.1
1.96 42.8283 2000.11 -18484.5
1.965 42.7139 1999.98 -18439
1.97 42.6175 1999.89 -18397.7
1.975 42.6326 2000.27 -18394.9
1.98 42.6101 2000.16 -18389.7
1.985 42.5867 2000.04 -18383.5
1.99 42.5658 1999.99 -18377.3
1.995 42.5456 1999.95 -18370.8
2 42.5258 1999.92 -18364.2
2.005 42.5062 1999.89 -18357.2
2.01 42.4867 1999.86 -18350
2.015 42.467 1999.84 -18342.6
2.02 42.447 1999.82 -18334.8
2.025 42.4424 2000 -18331.2
2.03 42.4458 2000.17 -18331.2
2.035 42.4344 1999.94 -18328.3
2.04 42.4217 1999.76 -18324.4
2.045 42.4128 1999.77 -18321
2.05 42.4036 1999.78 -18317.5
2.055 42.3941 1999.78 -18313.7
2.06 42.3842 1999.78 -18309.7
2.065 42.3739 1999.78 -18305.5
2.07 42.3632 1999.78 -18301
2.075 42.352 1999.77 -18296.3
2.08 42.3402 1999.77 -18291.4
2.085 42.3279 1999.76 -18286.2
2.09 42.315 1999.75 -18280.7
2.095 42.3014 1999.74 -18275
2.1 42.2797 1999.49 -18266.7
2.105 42.26 1999.41 -18258.6
2.11 42.2428 1999.49 -18250.8
2.115 42.2248 1999.55 -18242.8
2.12 42.2063 1999.59 -18234.6
2.125 42.1871 1999.63 -18226.2
2.13 42.1674 1999.66 -18217.5
2.135 42.1472 1999.68 -18208.7
2.14 42.1264 1999.7 -18199.7
2.145 42.1051 1999.71 -18190.4
2.15 42.0833 1999.71 -18180.9
2.155 42.0735 1999.97 -18174.9
2.16 42.066 2000.14 -18170.4
2.165 42.0524 2000.08 -18165.1
2.17 42.0389 2000.02 -18159.6
2.175 42.0252 1999.98 -18154.1
2.18 42.0112 1999.94 -18148.3
2.185 41.997 1999.91 -18142.4
2.19 41.9824 1999.88 -18136.3
2.195 41.9674 1999.85 -18130
2.2 41.9518 1999.82 -18123.4
2.205 41.9357 1999.8 -18116.6
2.21 41.9188 1999.78 -18109.4
2.215 41.9013 1999.75 -18102
2.22 41.883 1999.72 -18094.2
2.225 41.8639 1999.7 -18086
2.23 41.8439 1999.67 -18077.5
2.235 41.8228 1999.64 -18068.5
2.24 41.8007 1999.61 -18059
2.245 41.7692 1999.24 -18046.6
2.25 41.7391 1999.1 -18034
2.255 41.7106 1999.19 -18021.4
2.26 41.6808 1999.25 -18008.3
2.265 41.6498 1999.29 -17994.8
2.27 41.6174 1999.32 -17980.7
2.275 41.5834 1999.34 -17965.9
2.28 41.5477 1999.33 -17950.5
2.285 41.5101 1999.32 -17934.2
2.29 41.4659 1999.06 -17915.7
2.295 41.395 1998.51 -17887
2.3 41.3088 1998.32 -17850.9
2.305 41.1983 1997.51 -17804.8
2.31 41.0398 1997.75 -17738.9
2.315 40.9354 2000.04 -17689.6
2.32 40.8186 1999.03 -17640.5
2.325 40.7657 2002.1 -17615.7
2.33 40.701 2001.99 -17590
2.335 40.6435 2001.54 -17564
2.34 40.5846 2001.17 -17537.6
2.345 40.5222 2000.75 -17510.1
2.35 40.4543 2000.33 -17480.5
2.355 40.3831 2000.1 -17449.3
2.36 40.3079 1999.89 -17416.5
2.365 40.2285 1999.7 -17381.7
2.37 40.1426 1999.48 -17344.4
2.375 40.0643 1999.95 -17306.2
2.38 39.9805 2000.22 -17267.3
2.385 39.8753 1999.31 -17224.3
2.39 39.7189 1997.98 -17161.2
2.395 39.3425 1993.07 -17017.1
2.4 -0.167315 -122.542 -12.9756
