0.1 2.08378e-17 -0.0162037 -9.64714e-20
0.2 4.36497e-17 -0.0326573 -2.02082e-19
0.3 4.83574e-17 -0.0493727 -2.23877e-19
0.4 5.08497e-17 -0.0663627 -2.35415e-19
0.5 8.3737e-17 -0.0836414 -3.87671e-19
0.6 4.13846e-17 -0.101224 -1.91595e-19
0.7 1.56449e-16 -0.119129 -7.243e-19
0.8 4.21532e-17 -0.137394 -1.95154e-19
0.9 1.16979e-16 -0.156162 -5.41568e-19
1 2.34278e-16 -0.175569 -1.08462e-18
0.005 7.60903e-07 -0.175569 -2.64203e-09
0.01 3.80873e-06 -0.175569 -1.32247e-08
0.015 9.90447e-06 -0.175569 -3.43905e-08
0.02 1.90314e-05 -0.175569 -6.60811e-08
0.025 3.11597e-05 -0.175569 -1.08193e-07
0.03 4.62541e-05 -0.175569 -1.60605e-07
0.035 6.42774e-05 -0.175569 -2.23185e-07
0.04 8.51874e-05 -0.175569 -2.9579e-07
0.045 0.000108925 -0.17557 -3.7821e-07
0.05 0.000135403 -0.17557 -4.70148e-07
0.055 0.000164512 -0.17557 -5.71221e-07
0.06 0.000196128 -0.17557 -6.80999e-07
0.065 0.000230129 -0.17557 -7.9906e-07
0.07 0.000266411 -0.17557 -9.25037e-07
0.075 0.000304862 -0.17557 -1.05855e-06
0.08 0.000345348 -0.17557 -1.19912e-06
0.085 0.000387707 -0.17557 -1.3462e-06
0.09 0.000431772 -0.175571 -1.49921e-06
0.095 0.000477387 -0.175571 -1.65759e-06
0.1 0.000524396 -0.175571 -1.82082e-06
0.105 0.000572619 -0.175571 -1.98826e-06
0.11 0.000621832 -0.175571 -2.15913e-06
0.115 0.000671768 -0.175571 -2.33252e-06
0.12 0.00072216 -0.175571 -2.5075e-06
0.125 0.000772715 -0.175572 -2.68303e-06
0.13 0.000823051 -0.175572 -2.85781e-06
0.135 0.000872756 -0.175572 -3.03039e-06
0.14 0.000921535 -0.175572 -3.19977e-06
0.145 0.000969253 -0.175572 -3.36545e-06
0.15 0.00101588 -0.175572 -3.52733e-06
0.155 0.00106136 -0.175572 -3.68528e-06
0.16 0.00110558 -0.175573 -3.8388e-06
0.165 0.00114826 -0.175573 -3.98701e-06
0.17 0.00118914 -0.175573 -4.12894e-06
0.175 0.00122796 -0.175573 -4.26374e-06
0.18 0.00126459 -0.175573 -4.39091e-06
0.185 0.00129903 -0.175573 -4.51049e-06
0.19 0.00133134 -0.175573 -4.62271e-06
0.195 0.0013616 -0.175573 -4.72777e-06
0.2 0.00138992 -0.175573 -4.8261e-06
0.205 0.00141628 -0.175573 -4.91761e-06
0.21 0.00144019 -0.175574 -5.00062e-06
0.215 0.00146087 -0.175574 -5.07244e-06
0.22 0.00147765 -0.175574 -5.13072e-06
0.225 0.00149021 -0.175574 -5.17432e-06
0.23 0.00149852 -0.175574 -5.20317e-06
0.235 0.00150291 -0.175574 -5.21841e-06
0.24 0.00150409 -0.175574 -5.2225e-06
0.245 0.0015028 -0.175574 -5.21805e-06
0.25 0.00149922 -0.175574 -5.20562e-06
0.255 0.00149257 -0.175574 -5.1825e-06
0.26 0.00148127 -0.175574 -5.14326e-06
0.265 0.00146322 -0.175574 -5.08061e-06
0.27 0.00143603 -0.175574 -4.9862e-06
0.275 0.00139729 -0.175574 -4.85169e-06
0.28 0.00134481 -0.175574 -4.66944e-06
0.285 0.00127652 -0.175574 -4.43234e-06
0.29 0.00119037 -0.175574 -4.13322e-06
0.295 0.00108411 -0.175574 -3.76426e-06
0.3 0.000955341 -0.175574 -3.31713e-06
0.305 0.000802136 -0.175574 -2.78517e-06
0.31 0.000623782 -0.175574 -2.16589e-06
0.315 0.000420842 -0.175574 -1.46123e-06
0.32 0.000194764 -0.175574 -6.76239e-07
0.325 -5.23926e-05 -0.175574 1.819e-07
0.33 -0.000318144 -0.175574 1.10461e-06
0.335 -0.000599952 -0.175575 2.08313e-06
0.34 -0.000895866 -0.175576 3.11061e-06
0.345 -0.001205 -0.175577 4.18402e-06
0.35 -0.00152743 -0.175578 5.30355e-06
0.355 -0.00186361 -0.175579 6.47085e-06
0.36 -0.00221406 -0.17558 7.68767e-06
0.365 -0.00257942 -0.17558 8.9563e-06
0.37 -0.00296104 -0.175581 1.02813e-05
0.375 -0.00336173 -0.175583 1.16726e-05
0.38 -0.00378682 -0.175584 1.31486e-05
0.385 -0.00424478 -0.175585 1.47387e-05
0.39 -0.00474647 -0.175586 1.64806e-05
0.395 -0.00530041 -0.175587 1.84039e-05
0.4 -0.00590691 -0.175589 2.05095e-05
0.405 -0.00655817 -0.175591 2.27697e-05
0.41 -0.00724309 -0.175592 2.51455e-05
0.415 -0.00795089 -0.175594 2.75988e-05
0.42 -0.00867274 -0.175596 3.00988e-05
0.425 -0.00940264 -0.175598 3.26254e-05
0.43 -0.0101378 -0.1756 3.51693e-05
0.435 -0.0108783 -0.175602 3.77316e-05
0.44 -0.0116261 -0.175604 4.03189e-05
0.445 -0.0123828 -0.175606 4.29375e-05
0.45 -0.0131491 -0.175609 4.55905e-05
0.455 -0.0139253 -0.175611 4.8279e-05
0.46 -0.0147116 -0.175613 5.10028e-05
0.465 -0.0155073 -0.175615 5.37595e-05
0.47 -0.0163101 -0.175618 5.65409e-05
0.475 -0.0171156 -0.17562 5.93323e-05
0.48 -0.017919 -0.175622 6.21163e-05
0.485 -0.0187155 -0.175625 6.48767e-05
0.49 -0.0195008 -0.175627 6.75983e-05
0.495 -0.0202711 -0.175629 7.02677e-05
0.5 -0.0210238 -0.175632 7.28762e-05
0.505 -0.0217572 -0.175634 7.54179e-05
0.51 -0.0224698 -0.175636 7.78872e-05
0.515 -0.0231594 -0.175638 8.0277e-05
0.52 -0.023824 -0.17564 8.258e-05
0.525 -0.0244621 -0.175642 8.47915e-05
0.53 -0.025074 -0.175644 8.69118e-05
0.535 -0.0256622 -0.175645 8.89502e-05
0.54 -0.0262335 -0.175647 9.093e-05
0.545 -0.0268002 -0.175649 9.2894e-05
0.55 -0.0273792 -0.175651 9.49004e-05
0.555 -0.0279833 -0.175652 9.6994e-05
0.56 -0.0286119 -0.175654 9.91726e-05
0.565 -0.029251 -0.175656 0.000101388
0.57 -0.0298808 -0.175658 0.000103571
0.575 -0.0304814 -0.17566 0.000105652
0.58 -0.0310349 -0.175662 0.000107571
0.585 -0.0315265 -0.175663 0.000109275
0.59 -0.0319464 -0.175664 0.00011073
0.595 -0.0322926 -0.175665 0.000111931
0.6 -0.032572 -0.175666 0.000112899
0.605 -0.0327978 -0.175667 0.000113682
0.61 -0.0329867 -0.175667 0.000114337
0.615 -0.0331572 -0.175668 0.000114928
0.62 -0.0333303 -0.175668 0.000115528
0.625 -0.0335306 -0.175669 0.000116223
0.63 -0.0337883 -0.17567 0.000117116
0.635 -0.0341384 -0.175671 0.00011833
0.64 -0.0346178 -0.175672 0.000119992
0.645 -0.0352583 -0.175674 0.000122213
0.65 -0.0360747 -0.175677 0.000125045
0.655 -0.0370552 -0.17568 0.000128445
0.66 -0.0381619 -0.175683 0.000132284
0.665 -0.0393403 -0.175687 0.000136371
0.67 -0.0405308 -0.17569 0.000140502
0.675 -0.0416817 -0.175694 0.000144495
0.68 -0.0427616 -0.175697 0.000148242
0.685 -0.0437687 -0.1757 0.000151736
0.69 -0.0447267 -0.175703 0.00015506
0.695 -0.0456733 -0.175706 0.000158345
0.7 -0.0466507 -0.175709 0.000161737
0.705 -0.0476997 -0.175712 0.000165377
0.71 -0.0488555 -0.175716 0.000169389
0.715 -0.0501495 -0.17572 0.00017388
0.72 -0.0516097 -0.175724 0.000178948
0.725 -0.0532571 -0.175729 0.000184665
0.73 -0.0551001 -0.175735 0.000191062
0.735 -0.0571344 -0.175741 0.000198123
0.74 -0.0593459 -0.175748 0.000205799
0.745 -0.0617124 -0.175755 0.000214012
0.75 -0.064201 -0.175763 0.00022265
0.755 -0.0667668 -0.175771 0.000231555
0.76 -0.0693572 -0.175779 0.000240546
0.765 -0.0719231 -0.175787 0.000249451
0.77 -0.0744375 -0.175794 0.000258178
0.775 -0.0769074 -0.175802 0.00026675
0.78 -0.0793642 -0.17581 0.000275277
0.785 -0.0818459 -0.175817 0.00028389
0.79 -0.0843862 -0.175825 0.000292707
0.795 -0.0870129 -0.175833 0.000301823
0.8 -0.0897499 -0.175842 0.000311323
0.805 -0.0926199 -0.175851 0.000321284
0.81 -0.0956399 -0.17586 0.000331765
0.815 -0.0988116 -0.17587 0.000342773
0.82 -0.102118 -0.17588 0.000354248
0.825 -0.10553 -0.175891 0.000366089
0.83 -0.109014 -0.175902 0.000378182
0.835 -0.112537 -0.175913 0.000390408
0.84 -0.116079 -0.175924 0.0004027
0.845 -0.119653 -0.175935 0.000415104
0.85 -0.123298 -0.175946 0.000427754
0.855 -0.127062 -0.175958 0.000440817
0.86 -0.130993 -0.175971 0.000454458
0.865 -0.13512 -0.175984 0.000468777
0.87 -0.139437 -0.175997 0.000483758
0.875 -0.143917 -0.176011 0.000499305
0.88 -0.148528 -0.176026 0.000515304
0.885 -0.153241 -0.176041 0.00053166
0.89 -0.158039 -0.176056 0.000548307
0.895 -0.162923 -0.176072 0.000565253
0.9 -0.167919 -0.176087 0.000582588
0.905 -0.173065 -0.176104 0.000600441
0.91 -0.178396 -0.176121 0.000618938
0.915 -0.183943 -0.176138 0.000638181
0.92 -0.18973 -0.176157 0.000658257
0.925 -0.19578 -0.176176 0.000679246
0.93 -0.20212 -0.176197 0.000701242
0.935 -0.208789 -0.176218 0.000724376
0.94 -0.215837 -0.176241 0.000748823
0.945 -0.223327 -0.176265 0.000774804
0.95 -0.231321 -0.176291 0.000802536
0.955 -0.239857 -0.176318 0.000832143
0.96 -0.248919 -0.176348 0.000863573
0.965 -0.258444 -0.176379 0.000896607
0.97 -0.26835 -0.176411 0.000930964
0.975 -0.278561 -0.176444 0.000966375
0.98 -0.289013 -0.176479 0.00100262
0.985 -0.299669 -0.176514 0.00103957
0.99 -0.310539 -0.176549 0.00107726
0.995 -0.321671 -0.176586 0.00111586
1 -0.333129 -0.176624 0.00115558
1.005 -0.344967 -0.176664 0.00119663
1.01 -0.357212 -0.176704 0.00123907
1.015 -0.369859 -0.176747 0.00128291
1.02 -0.382881 -0.176791 0.00132805
1.025 -0.396251 -0.176836 0.00137439
1.03 -0.409945 -0.176882 0.00142185
1.035 -0.423943 -0.176929 0.00147037
1.04 -0.438227 -0.176978 0.00151987
1.045 -0.452776 -0.177028 0.00157028
1.05 -0.467561 -0.177078 0.00162151
1.055 -0.482558 -0.17713 0.00167346
1.06 -0.497753 -0.177183 0.00172611
1.065 -0.513162 -0.177236 0.00177948
1.07 -0.528829 -0.177291 0.00183375
1.075 -0.544819 -0.177347 0.00188914
1.08 -0.561195 -0.177404 0.00194585
1.085 -0.577977 -0.177463 0.00200397
1.09 -0.595121 -0.177524 0.00206333
1.095 -0.612526 -0.177586 0.0021236
1.1 -0.630064 -0.177648 0.00218432
1.105 -0.647608 -0.177711 0.00224505
1.11 -0.665042 -0.177774 0.0023054
1.115 -0.682272 -0.177837 0.00236503
1.12 -0.699232 -0.177898 0.00242373
1.125 -0.715896 -0.177959 0.0024814
1.13 -0.732268 -0.178019 0.00253805
1.135 -0.748377 -0.178078 0.00259379
1.14 -0.764265 -0.178137 0.00264876
1.145 -0.779988 -0.178195 0.00270315
1.15 -0.79561 -0.178253 0.00275719
1.155 -0.811189 -0.178312 0.00281108
1.16 -0.826776 -0.17837 0.00286499
1.165 -0.84241 -0.178429 0.00291905
1.17 -0.858125 -0.178488 0.0029734
1.175 -0.873959 -0.178548 0.00302815
1.18 -0.889949 -0.178609 0.00308344
1.185 -0.906134 -0.178671 0.00313939
1.19 -0.922553 -0.178734 0.00319615
1.195 -0.939251 -0.178798 0.00325387
1.2 -0.956272 -0.178864 0.0033127
1.205 -0.97365 -0.178931 0.00337276
1.21 -0.991386 -0.179 0.00343405
1.215 -1.00944 -0.179071 0.00349642
1.22 -1.02772 -0.179142 0.00355959
1.225 -1.04614 -0.179215 0.00362322
1.23 -1.06459 -0.179288 0.00368697
1.235 -1.08299 -0.179361 0.00375051
1.24 -1.10125 -0.179434 0.00381357
1.245 -1.11934 -0.179507 0.00387606
1.25 -1.1373 -0.179579 0.00393808
1.255 -1.15519 -0.179651 0.00399983
1.26 -1.17303 -0.179724 0.00406143
1.265 -1.19081 -0.179796 0.00412281
1.27 -1.20845 -0.179868 0.00418368
1.275 -1.22585 -0.17994 0.00424372
1.28 -1.24294 -0.18001 0.00430272
1.285 -1.25975 -0.18008 0.00436072
1.29 -1.27635 -0.180149 0.00441801
1.295 -1.29286 -0.180218 0.00447496
1.3 -1.30938 -0.180287 0.00453193
1.305 -1.32597 -0.180356 0.00458915
1.31 -1.34262 -0.180427 0.00464658
1.315 -1.35926 -0.180497 0.00470396
1.32 -1.37579 -0.180567 0.00476097
1.325 -1.39212 -0.180637 0.00481727
1.33 -1.40818 -0.180705 0.00487265
1.335 -1.42396 -0.180773 0.00492703
1.34 -1.43948 -0.180839 0.00498045
1.345 -1.45485 -0.180903 0.0050332
1.35 -1.47014 -0.180966 0.00508571
1.355 -1.48546 -0.181031 0.00513828
1.36 -1.50084 -0.181095 0.0051911
1.365 -1.51632 -0.181159 0.00524412
1.37 -1.53185 -0.181222 0.00529721
1.375 -1.5474 -0.181286 0.00535038
1.38 -1.56297 -0.18135 0.00540364
1.385 -1.57863 -0.181415 0.00545717
1.39 -1.5944 -0.18148 0.0055111
1.395 -1.61029 -0.181546 0.00556539
1.4 -1.62626 -0.181607 0.0056196
1.405 -1.64225 -0.181665 0.0056736
1.41 -1.65822 -0.181723 0.00572753
1.415 -1.67415 -0.181781 0.00578134
1.42 -1.69008 -0.18184 0.00583513
1.425 -1.70606 -0.1819 0.00588915
1.43 -1.72221 -0.18196 0.00594369
1.435 -1.73861 -0.182022 0.00599913
1.44 -1.7554 -0.182085 0.00605581
1.445 -1.77268 -0.182144 0.00611395
1.45 -1.79055 -0.1822 0.00617388
1.455 -1.80905 -0.182255 0.00623556
1.46 -1.82812 -0.182306 0.00629887
1.465 -1.8477 -0.18236 0.00636385
1.47 -1.86769 -0.18241 0.00643
1.475 -1.88801 -0.182455 0.00649705
1.48 -1.90858 -0.182503 0.00656497
1.485 -1.92937 -0.182551 0.00663358
1.49 -1.95032 -0.1826 0.00670274
1.495 -1.97143 -0.182651 0.00677242
1.5 -1.99271 -0.182702 0.00684265
1.505 -2.01418 -0.182735 0.00691288
1.51 -2.03581 -0.182752 0.00698308
1.515 -2.05763 -0.182764 0.00705356
1.52 -2.07966 -0.182774 0.00712448
1.525 -2.10198 -0.182785 0.00719635
1.53 -2.12467 -0.182798 0.00726944
1.535 -2.14782 -0.182811 0.00734402
1.54 -2.1715 -0.182826 0.00742031
1.545 -2.19576 -0.182842 0.00749846
1.55 -2.22058 -0.182859 0.00757841
1.555 -2.24589 -0.182877 0.00765991
1.56 -2.27157 -0.182896 0.0077426
1.565 -2.29751 -0.182913 0.00782604
1.57 -2.3236 -0.18291 0.00790939
1.575 -2.3498 -0.182884 0.00799232
1.58 -2.37612 -0.182857 0.00807539
1.585 -2.40257 -0.182831 0.00815894
1.59 -2.42923 -0.182806 0.00824313
1.595 -2.45614 -0.182782 0.0083281
1.6 -2.48334 -0.182758 0.00841398
1.605 -2.51086 -0.182736 0.00850087
1.61 -2.53873 -0.182714 0.00858884
1.615 -2.56696 -0.182692 0.00867792
1.62 -2.59553 -0.182671 0.00876806
1.625 -2.62441 -0.182651 0.00885915
1.63 -2.65357 -0.18263 0.00895105
1.635 -2.68297 -0.182589 0.00904327
1.64 -2.71263 -0.18253 0.00913584
1.645 -2.74255 -0.182472 0.00922926
1.65 -2.77279 -0.182414 0.0093236
1.655 -2.80336 -0.182351 0.00941862
1.66 -2.83429 -0.182281 0.00951442
1.665 -2.86556 -0.182212 0.00961127
1.67 -2.89715 -0.18214 0.00970892
1.675 -2.92902 -0.182065 0.00980725
1.68 -2.96111 -0.181991 0.00990624
1.685 -2.99333 -0.181906 0.0100051
1.69 -3.02557 -0.181811 0.0101034
1.695 -3.05769 -0.181718 0.0102014
1.7 -3.08953 -0.181626 0.0102985
1.705 -3.12098 -0.181537 0.0103944
1.71 -3.15194 -0.181447 0.0104887
1.715 -3.18239 -0.181342 0.0105811
1.72 -3.21231 -0.181215 0.0106711
1.725 -3.2417 -0.181082 0.0107591
1.73 -3.27059 -0.180947 0.0108453
1.735 -3.29899 -0.180812 0.0109298
1.74 -3.32694 -0.18068 0.011013
1.745 -3.35447 -0.180552 0.0110949
1.75 -3.38166 -0.180413 0.0111752
1.755 -3.40857 -0.180263 0.0112541
1.76 -3.43533 -0.180116 0.0113326
1.765 -3.4621 -0.179969 0.0114111
1.77 -3.48908 -0.179823 0.0114902
1.775 -3.51642 -0.179675 0.0115704
1.78 -3.54429 -0.179525 0.011652
1.785 -3.57277 -0.179356 0.0117348
1.79 -3.60195 -0.179169 0.0118189
1.795 -3.6319 -0.178979 0.0119052
1.8 -3.6627 -0.178784 0.011994
1.805 -3.69442 -0.178583 0.0120853
1.81 -3.72712 -0.178368 0.0121791
1.815 -3.7608 -0.178118 0.0122747
1.82 -3.79538 -0.177844 0.0123722
1.825 -3.83068 -0.177565 0.0124717
1.83 -3.86648 -0.177284 0.0125726
1.835 -3.90255 -0.176999 0.0126741
1.84 -3.93868 -0.176697 0.0127748
1.845 -3.9747 -0.176379 0.0128746
1.85 -4.0105 -0.176053 0.0129736
1.855 -4.04602 -0.175721 0.0130718
1.86 -4.08128 -0.175392 0.0131693
1.865 -4.1163 -0.175053 0.0132654
1.87 -4.15112 -0.174705 0.0133603
1.875 -4.18574 -0.17436 0.0134546
1.88 -4.22018 -0.174014 0.0135484
1.885 -4.25443 -0.173666 0.0136416
1.89 -4.28851 -0.173318 0.0137344
1.895 -4.32244 -0.172968 0.0138266
1.9 -4.35625 -0.172621 0.0139185
1.905 -4.38997 -0.172275 0.0140099
1.91 -4.42365 -0.17193 0.0141012
1.915 -4.4573 -0.171586 0.0141922
1.92 -4.49092 -0.171243 0.0142831
1.925 -4.52444 -0.170901 0.0143735
1.93 -4.55778 -0.170547 0.0144635
1.935 -4.59085 -0.170186 0.0145526
1.94 -4.62355 -0.169829 0.0146407
1.945 -4.65587 -0.169475 0.0147275
1.95 -4.68781 -0.169124 0.014813
1.955 -4.71941 -0.168777 0.0148975
1.96 -4.75075 -0.168434 0.0149811
1.965 -4.78184 -0.168094 0.015064
1.97 -4.81269 -0.167757 0.0151461
1.975 -4.84325 -0.167424 0.0152272
1.98 -4.87346 -0.167094 0.0153073
1.985 -4.90334 -0.166769 0.0153863
1.99 -4.93293 -0.166447 0.0154644
1.995 -4.96233 -0.166126 0.0155418
2 -4.99161 -0.165799 0.0156184
2.005 -5.0208 -0.165467 0.0156943
2.01 -5.0499 -0.165136 0.0157698
2.015 -5.07884 -0.164807 0.0158447
2.02 -5.10755 -0.164481 0.0159188
2.025 -5.13597 -0.164159 0.015992
2.03 -5.16408 -0.16384 0.0160641
2.035 -5.1919 -0.163525 0.0161352
2.04 -5.21951 -0.163212 0.0162049
2.045 -5.24701 -0.1629 0.0162734
2.05 -5.27453 -0.162588 0.0163418
2.055 -5.30219 -0.162269 0.0164105
2.06 -5.33007 -0.161942 0.0164797
2.065 -5.35818 -0.161614 0.0165493
2.07 -5.38646 -0.161284 0.016619
2.075 -5.41472 -0.160946 0.0166879
2.08 -5.44273 -0.160605 0.0167544
2.085 -5.47024 -0.160271 0.0168186
2.09 -5.49706 -0.159947 0.0168809
2.095 -5.52307 -0.159634 0.0169411
2.1 -5.54826 -0.159332 0.0169991
2.105 -5.57267 -0.159047 0.0170544
2.11 -5.59638 -0.158777 0.0171072
2.115 -5.61945 -0.158517 0.0171586
2.12 -5.64196 -0.158265 0.0172085
2.125 -5.664 -0.158027 0.0172566
2.13 -5.6857 -0.157799 0.0173033
2.135 -5.70715 -0.157575 0.0173496
2.14 -5.72846 -0.157352 0.0173955
2.145 -5.74968 -0.157131 0.0174412
2.15 -5.77088 -0.15691 0.0174868
2.155 -5.79211 -0.156686 0.0175327
2.16 -5.81347 -0.156457 0.017579
2.165 -5.83508 -0.156226 0.0176257
2.17 -5.85702 -0.155993 0.0176731
2.175 -5.8794 -0.155756 0.0177214
2.18 -5.9023 -0.155514 0.0177708
2.185 -5.92583 -0.155267 0.0178215
2.19 -5.95003 -0.155014 0.0178736
2.195 -5.97485 -0.154755 0.0179269
2.2 -6.00009 -0.154493 0.0179811
2.205 -6.02546 -0.154231 0.0180354
2.21 -6.05057 -0.153976 0.0180891
2.215 -6.07509 -0.153723 0.0181412
2.22 -6.09872 -0.153474 0.0181912
2.225 -6.12123 -0.153238 0.0182389
2.23 -6.1425 -0.153017 0.0182837
2.235 -6.16243 -0.152811 0.0183258
2.24 -6.18105 -0.152625 0.0183646
2.245 -6.1984 -0.152457 0.0184005
2.25 -6.21457 -0.1523 0.0184339
2.255 -6.22958 -0.152155 0.0184649
2.26 -6.24344 -0.152021 0.0184935
2.265 -6.25612 -0.151899 0.0185198
2.27 -6.26763 -0.151788 0.0185435
2.275 -6.27804 -0.151688 0.018565
2.28 -6.28745 -0.151598 0.0185845
2.285 -6.296 -0.151516 0.0186021
2.29 -6.30385 -0.15144 0.0186183
2.295 -6.3111 -0.151371 0.0186333
2.3 -6.31782 -0.151307 0.0186472
2.305 -6.32406 -0.151247 0.0186601
2.31 -6.32986 -0.151192 0.0186721
2.315 -6.33532 -0.15114 0.0186833
2.32 -6.34054 -0.15109 0.0186941
2.325 -6.34563 -0.151041 0.0187046
2.33 -6.35067 -0.150993 0.018715
2.335 -6.35562 -0.150944 0.0187252
2.34 -6.36038 -0.150898 0.018735
2.345 -6.36477 -0.150855 0.0187441
2.35 -6.36858 -0.150818 0.0187519
2.355 -6.37159 -0.150789 0.0187581
2.36 -6.3736 -0.150769 0.0187623
2.365 -6.3744 -0.150762 0.0187639
2.37 -6.37375 -0.150768 0.0187625
2.375 -6.37147 -0.150798 0.0187564
2.38 -6.36738 -0.150856 0.0187447
2.385 -6.3614 -0.15094 0.0187276
2.39 -6.35354 -0.151051 0.0187052
2.395 -6.34388 -0.151186 0.0186777
2.4 -6.33261 -0.151343 0.0186457
2.405 -6.31994 -0.151519 0.0186096
2.41 -6.3061 -0.15171 0.0185703
2.415 -6.29131 -0.151916 0.0185283
2.42 -6.27579 -0.152131 0.0184843
2.425 -6.25972 -0.152355 0.0184388
2.43 -6.24321 -0.152585 0.0183921
2.435 -6.22629 -0.152822 0.0183442
2.44 -6.20893 -0.153065 0.0182952
2.445 -6.19102 -0.153316 0.0182446
2.45 -6.17247 -0.153578 0.0181923
2.455 -6.15317 -0.153849 0.0181379
2.46 -6.13306 -0.154124 0.0180814
2.465 -6.11212 -0.154404 0.0180225
2.47 -6.09031 -0.154698 0.0179613
2.475 -6.06758 -0.154999 0.0178975
2.48 -6.04388 -0.155309 0.0178309
2.485 -6.01922 -0.155633 0.0177616
2.49 -5.99364 -0.15597 0.0176901
2.495 -5.96728 -0.156318 0.0176167
2.5 -5.94029 -0.156676 0.0175415
2.505 -5.91284 -0.157042 0.0174652
2.51 -5.88508 -0.157414 0.0173882
2.515 -5.85716 -0.157786 0.0173109
2.52 -5.82918 -0.158158 0.0172334
2.525 -5.80121 -0.158531 0.0171562
2.53 -5.77331 -0.158905 0.0170792
2.535 -5.74555 -0.159278 0.0170027
2.54 -5.71806 -0.15965 0.0169271
2.545 -5.69098 -0.160017 0.0168526
2.55 -5.66447 -0.160377 0.0167798
2.555 -5.63866 -0.160723 0.0167091
2.56 -5.61363 -0.161054 0.0166405
2.565 -5.5894 -0.161375 0.0165742
2.57 -5.56597 -0.161688 0.0165102
2.575 -5.54328 -0.161991 0.0164482
2.58 -5.52129 -0.162285 0.0163883
2.585 -5.49998 -0.162569 0.0163304
2.59 -5.47937 -0.162845 0.0162744
2.595 -5.45954 -0.163112 0.0162206
2.6 -5.44058 -0.163369 0.0161692
2.605 -5.42258 -0.163616 0.0161205
2.61 -5.40562 -0.163848 0.0160746
2.615 -5.38969 -0.164067 0.0160315
2.62 -5.37473 -0.164273 0.0159911
2.625 -5.36064 -0.164466 0.015953
2.63 -5.34729 -0.164645 0.0159167
2.635 -5.33457 -0.16481 0.015882
2.64 -5.32237 -0.16497 0.0158488
2.645 -5.31062 -0.165124 0.0158168
2.65 -5.29926 -0.165273 0.0157859
2.655 -5.28829 -0.165417 0.015756
2.66 -5.27771 -0.165556 0.0157273
2.665 -5.26759 -0.165689 0.0156998
2.67 -5.25799 -0.165815 0.0156736
2.675 -5.24897 -0.165934 0.0156491
2.68 -5.24067 -0.166044 0.0156266
2.685 -5.23322 -0.166142 0.0156063
2.69 -5.22678 -0.166227 0.0155888
2.695 -5.22148 -0.166297 0.0155744
2.7 -5.21742 -0.166351 0.0155634
2.705 -5.21462 -0.166388 0.0155558
2.71 -5.21302 -0.166409 0.0155514
2.715 -5.21246 -0.166417 0.0155499
2.72 -5.21272 -0.166413 0.0155506
2.725 -5.21356 -0.166403 0.015553
2.73 -5.21471 -0.166391 0.0155563
2.735 -5.21594 -0.166377 0.0155598
2.74 -5.21701 -0.166366 0.0155628
2.745 -5.21776 -0.166357 0.015565
2.75 -5.21809 -0.166354 0.0155659
2.755 -5.21797 -0.166355 0.0155656
2.76 -5.21741 -0.166361 0.015564
2.765 -5.21647 -0.166372 0.0155613
2.77 -5.2152 -0.166386 0.0155577
2.775 -5.21356 -0.166404 0.015553
2.78 -5.21149 -0.166427 0.0155472
2.785 -5.2089 -0.166457 0.0155398
2.79 -5.20573 -0.166493 0.0155308
2.795 -5.20192 -0.166537 0.01552
2.8 -5.19746 -0.166588 0.0155074
2.805 -5.1924 -0.166647 0.015493
2.81 -5.18677 -0.166712 0.0154771
2.815 -5.18065 -0.166784 0.0154599
2.82 -5.17407 -0.166862 0.0154414
2.825 -5.16701 -0.166946 0.0154216
2.83 -5.15937 -0.167038 0.0154002
2.835 -5.15096 -0.167139 0.0153767
2.84 -5.14153 -0.167255 0.0153504
2.845 -5.1308 -0.167387 0.0153205
2.85 -5.11853 -0.16754 0.0152865
2.855 -5.10452 -0.167716 0.0152478
2.86 -5.08859 -0.167919 0.0152039
2.865 -5.07053 -0.168151 0.0151543
2.87 -5.05013 -0.168415 0.0150984
2.875 -5.02716 -0.168715 0.0150356
2.88 -5.00137 -0.169054 0.0149652
2.885 -4.97256 -0.169436 0.0148868
2.89 -4.94053 -0.169862 0.0147998
2.895 -4.90509 -0.170336 0.0147036
2.9 -4.86604 -0.17086 0.0145978
2.905 -4.82319 -0.171433 0.0144817
2.91 -4.77637 -0.172045 0.0143545
2.915 -4.72547 -0.172708 0.0142161
2.92 -4.67044 -0.173431 0.0140667
2.925 -4.61131 -0.17421 0.0139063
2.93 -4.54809 -0.175045 0.013735
2.935 -4.48077 -0.175935 0.0135526
2.94 -4.40929 -0.176866 0.013359
2.945 -4.33361 -0.177841 0.013154
2.95 -4.25377 -0.178882 0.0129381
2.955 -4.1698 -0.179988 0.0127114
2.96 -4.08174 -0.181151 0.0124736
2.965 -3.9895 -0.18236 0.0122243
2.97 -3.89294 -0.183627 0.0119632
2.975 -3.79179 -0.184958 0.0116898
2.98 -3.68577 -0.186302 0.011401
2.985 -3.57461 -0.187659 0.0110962
2.99 -3.45812 -0.188987 0.0107737
2.995 -3.33617 -0.190199 0.0104295
3 -3.20869 -0.191343 0.0100641
3.005 -3.07556 -0.192425 0.00967702
3.01 -2.93667 -0.19346 0.00926889
3.015 -2.79187 -0.194349 0.00883571
3.02 -2.64104 -0.195031 0.00837357
3.025 -2.48402 -0.195527 0.00788305
3.03 -2.32067 -0.19587 0.00736545
3.035 -2.15088 -0.196093 0.00682117
3.04 -1.97456 -0.19623 0.00625191
3.045 -1.79165 -0.196359 0.00565961
3.05 -1.60215 -0.196469 0.00504373
3.055 -1.40611 -0.196552 0.00440307
3.06 -1.20366 -0.196597 0.0037394
3.065 -0.994948 -0.196553 0.0030559
3.07 -0.780151 -0.19639 0.00234197
3.075 -0.559426 -0.196236 0.00159641
3.08 -0.332892 -0.196273 0.000826113
3.085 -0.10062 -0.196494 3.84181e-05
3.09 0.137346 -0.196784 -0.000763064
3.095 0.380941 -0.197138 -0.00157955
3.1 0.630064 -0.197504 -0.00240752
3.105 0.88461 -0.197874 -0.00324867
3.11 1.14453 -0.198209 -0.00410224
3.115 1.40985 -0.198209 -0.00495763
3.12 1.6807 -0.19778 -0.00581365
3.125 1.95728 -0.197215 -0.00668134
3.13 2.23985 -0.196512 -0.00756191
3.135 2.52868 -0.195576 -0.00845101
3.14 2.82405 -0.194339 -0.00934564
3.145 3.1262 -0.192602 -0.010237
3.15 3.43534 -0.190403 -0.0111266
3.155 3.7516 -0.187546 -0.0120107
3.16 4.07505 -0.184028 -0.0128904
3.165 4.40564 -0.180145 -0.0137838
3.17 4.74323 -0.176056 -0.014688
3.175 5.08764 -0.171762 -0.0155894
3.18 5.43869 -0.167305 -0.0164655
3.185 5.79629 -0.163061 -0.0172475
3.19 6.16042 -0.159308 -0.0179742
3.195 6.53116 -0.155958 -0.0187102
3.2 6.90869 -0.152715 -0.0194457
3.205 7.29318 -0.149705 -0.020192
3.21 7.6848 -0.146489 -0.0209865
3.215 8.08362 -0.142861 -0.0218365
3.22 8.48964 -0.13912 -0.0227148
3.225 8.90273 -0.135377 -0.023618
3.23 9.32272 -0.131915 -0.024534
3.235 9.74938 -0.128168 -0.0254877
3.24 10.1825 -0.123822 -0.0264896
3.245 10.622 -0.119422 -0.0275145
3.25 11.0678 -0.115208 -0.0285507
3.255 11.5202 -0.111316 -0.0295982
3.26 11.9792 -0.1075 -0.0306608
3.265 12.4453 -0.103521 -0.0317408
3.27 12.9185 -0.0995819 -0.0328365
3.275 13.399 -0.0957049 -0.0339482
3.28 13.8869 -0.0919271 -0.0350759
3.285 14.3823 -0.0883181 -0.0362197
3.29 14.885 -0.0851857 -0.0373783
3.295 15.3951 -0.0825502 -0.0385519
3.3 15.9125 -0.0802655 -0.0397411
3.305 16.4372 -0.0781987 -0.0409471
3.31 16.9692 -0.0779124 -0.0421672
3.315 17.5084 -0.0837768 -0.043389
3.32 18.0549 -0.0899152 -0.0446265
3.325 18.6084 -0.0899314 -0.0458946
3.33 19.1687 -0.0884566 -0.0471807
3.335 19.7357 -0.0894966 -0.0484759
3.34 20.3089 -0.0950077 -0.0497778
3.345 20.8878 1.32478 -0.0536471
