0.1 -2.92171e-32 200 9.76996e-14 2.92171e-32 -200 -9.76996e-14
0.2 -5.25907e-31 400 1.57208e-13 5.25907e-31 -400 -1.57208e-13
0.3 9.64163e-31 600 6.83897e-14 -9.64163e-31 -600 -6.83897e-14
0.4 4.67473e-31 800 -4.64517e-13 -4.67473e-31 -800 4.64517e-13
0.5 -2.33737e-31 1000 2.40696e-13 2.33737e-31 -1000 -2.40696e-13
0.6 -4.67473e-31 1200 2.98428e-13 4.67473e-31 -1200 -2.98428e-13
0.7 -7.30427e-32 1400 -4.26326e-14 7.30427e-32 -1400 4.26326e-14
0.8 -2.33737e-30 1600 -1.18217e-12 2.33737e-30 -1600 1.18217e-12
0.9 -1.25633e-30 1800 2.30926e-14 1.25633e-30 -1800 -2.30926e-14
1 0 2000 7.01661e-13 -0 -2000 -7.01661e-13
0.005 0.00146613 2000 -0.63558 -0.00146613 -2000 0.00221239
0.01 0.00732152 1999.99 -3.16687 -0.00732152 -1999.99 0.00397535
0.015 0.0190176 2000 -8.2188 -0.0190176 -2000 0.00319019
0.02 0.036541 2000 -15.7883 -0.036541 -2000 0.00263373
0.025 0.0598759 2000 -25.8686 -0.0598759 -2000 0.00225277
0.03 0.0890054 2000 -38.4524 -0.0890054 -2000 0.00202618
0.035 0.123912 2000 -53.5319 -0.123912 -2000 0.00194634
0.04 0.164577 2000 -71.0991 -0.164577 -2000 0.00200827
0.045 0.210979 2000 -91.1451 -0.210979 -2000 0.00220912
0.05 0.263097 2000 -113.661 -0.263097 -2000 0.00254781
0.055 0.32091 2000 -138.636 -0.32091 -2000 0.00302465
0.06 0.384393 2000 -166.061 -0.384393 -2000 0.00357883
0.065 0.45352 2000 -195.925 -0.45352 -2000 0.00421151
0.07 0.528265 2000 -228.215 -0.528265 -2000 0.00498461
0.075 0.608599 2000 -262.921 -0.608599 -2000 0.00589524
0.08 0.694491 2000 -300.027 -0.694491 -2000 0.00694498
0.085 0.785907 2000 -339.52 -0.785907 -2000 0.0081364
0.09 0.882814 2000 -381.385 -0.882814 -2000 0.00947169
0.095 0.985182 2000 -425.61 -0.985182 -2000 0.010952
0.1 1.09298 2000 -472.181 -1.09298 -2000 0.0125786
0.105 1.20619 2000 -521.089 -1.20619 -2000 0.0143514
0.11 1.32478 2000 -572.321 -1.32478 -2000 0.0162694
0.115 1.44873 2000 -625.87 -1.44873 -2000 0.0183319
0.12 1.57801 2000 -681.723 -1.57801 -2000 0.0205358
0.125 1.71261 2000 -739.869 -1.71261 -2000 0.0228777
0.13 1.85248 2000 -800.295 -1.85248 -2000 0.025352
0.135 1.99758 2000 -862.984 -1.99758 -2000 0.0279514
0.14 2.14789 2000 -927.92 -2.14789 -2000 0.0306669
0.145 2.30335 2000 -995.082 -2.30335 -2000 0.0334882
0.15 2.46392 2000 -1064.45 -2.46392 -2000 0.0364027
0.155 2.62952 2000 -1135.99 -2.62952 -2000 0.0393962
0.16 2.80009 2000 -1209.68 -2.80009 -2000 0.0424536
0.165 2.9756 2000 -1285.5 -2.9756 -2000 0.0455609
0.17 3.15599 2000 -1363.44 -3.15599 -2000 0.0487044
0.175 3.34122 2000 -1443.46 -3.34122 -2000 0.0518706
0.18 3.53124 2000 -1525.55 -3.53124 -2000 0.0550468
0.185 3.72605 2000 -1609.71 -3.72605 -2000 0.0582226
0.19 3.92562 2000 -1695.93 -3.92562 -2000 0.0613901
0.195 4.12993 2000 -1784.19 -4.12993 -2000 0.064541
0.2 4.33895 2000 -1874.49 -4.33895 -2000 0.0676655
0.205 4.55263 2000 -1966.81 -4.55263 -2000 0.0707535
0.21 4.77093 2000 -2061.12 -4.77093 -2000 0.0737965
0.215 4.99379 2000 -2157.39 -4.99379 -2000 0.0767865
0.22 5.22111 2000 -2255.6 -5.22111 -2000 0.0797135
0.225 5.45282 2000 -2355.7 -5.45282 -2000 0.0825668
0.23 5.68881 2000 -2457.65 -5.68881 -2000 0.0853419
0.235 5.92902 2000 -2561.42 -5.92902 -2000 0.0880386
0.24 6.17333 1999.99 -2666.97 -6.17333 -1999.99 0.0906494
0.245 6.42164 1999.99 -2774.24 -6.42164 -1999.99 0.093168
0.25 6.67389 1999.99 -2883.22 -6.67389 -1999.99 0.0956022
0.255 6.93002 1999.99 -2993.87 -6.93002 -1999.99 0.0979598
0.26 7.19002 1999.99 -3106.19 -7.19002 -1999.99 0.100258
0.265 7.45391 1999.99 -3220.19 -7.45391 -1999.99 0.102517
0.27 7.72174 1999.99 -3335.89 -7.72174 -1999.99 0.104767
0.275 7.99354 1999.99 -3453.31 -7.99354 -1999.99 0.10702
0.28 8.2693 1999.99 -3572.45 -8.2693 -1999.99 0.109272
0.285 8.54899 1999.99 -3693.28 -8.54899 -1999.99 0.111555
0.29 8.83256 1999.99 -3815.78 -8.83256 -1999.99 0.113867
0.295 9.11994 1999.99 -3939.93 -9.11994 -1999.99 0.116187
0.3 9.41111 1999.99 -4065.72 -9.41111 -1999.99 0.11853
0.305 9.70599 1999.99 -4193.11 -9.70599 -1999.99 0.120912
0.31 10.0045 1999.99 -4322.08 -10.0045 -1999.99 0.123328
0.315 10.3066 1999.99 -4452.59 -10.3066 -1999.99 0.125761
0.32 10.6122 1999.99 -4584.58 -10.6122 -1999.99 0.12821
0.325 10.921 1999.99 -4718 -10.921 -1999.99 0.130677
0.33 11.2331 1999.99 -4852.84 -11.2331 -1999.99 0.13317
0.335 11.5485 1999.99 -4989.09 -11.5485 -1999.99 0.135695
0.34 11.8671 1999.99 -5126.74 -11.8671 -1999.99 0.138267
0.345 12.189 1999.99 -5265.77 -12.189 -1999.99 0.140891
0.35 12.5139 1999.99 -5406.14 -12.5139 -1999.99 0.143569
0.355 12.8418 1999.99 -5547.81 -12.8418 -1999.99 0.146296
0.36 13.1726 1999.98 -5690.73 -13.1726 -1999.98 0.14906
0.365 13.5063 1999.98 -5834.87 -13.5063 -1999.98 0.151858
0.37 13.8427 1999.98 -5980.19 -13.8427 -1999.98 0.154696
0.375 14.1817 1999.98 -6126.67 -14.1817 -1999.98 0.157579
0.38 14.5234 1999.98 -6274.28 -14.5234 -1999.98 0.160507
0.385 14.8677 1999.98 -6423.01 -14.8677 -1999.98 0.163482
0.39 15.2145 1999.98 -6572.82 -15.2145 -1999.98 0.166503
0.395 15.5637 1999.98 -6723.68 -15.5637 -1999.98 0.169572
0.4 15.9153 1999.98 -6875.58 -15.9153 -1999.98 0.172686
0.405 16.2692 1999.98 -7028.48 -16.2692 -1999.98 0.175845
0.41 16.6254 1999.98 -7182.36 -16.6254 -1999.98 0.179047
0.415 16.9838 1999.98 -7337.2 -16.9838 -1999.98 0.18229
0.42 17.3444 1999.98 -7492.96 -17.3444 -1999.98 0.185561
0.425 17.707 1999.98 -7649.62 -17.707 -1999.98 0.188858
0.43 18.0717 1999.98 -7807.16 -18.0717 -1999.98 0.192188
0.435 18.4383 1999.98 -7965.54 -18.4383 -1999.98 0.195546
0.44 18.8068 1999.98 -8124.75 -18.8068 -1999.98 0.198936
0.445 19.1772 1999.98 -8284.75 -19.1772 -1999.98 0.202357
0.45 19.5493 1999.98 -8445.52 -19.5493 -1999.98 0.205806
0.455 19.9232 1999.98 -8607.03 -19.9232 -1999.98 0.209279
0.46 20.2987 1999.98 -8769.26 -20.2987 -1999.98 0.212772
0.465 20.6758 1999.97 -8932.18 -20.6758 -1999.97 0.216283
0.47 21.0545 1999.97 -9095.76 -21.0545 -1999.97 0.219808
0.475 21.4346 1999.97 -9259.98 -21.4346 -1999.97 0.223344
0.48 21.8162 1999.97 -9424.84 -21.8162 -1999.97 0.226896
0.485 22.1994 1999.97 -9590.36 -22.1994 -1999.97 0.230485
0.49 22.5841 1999.97 -9756.58 -22.5841 -1999.97 0.234112
0.495 22.9604 2000.02 -9920.5 -22.9604 -2000.02 1.61935
0.5 23.3402 2000.03 -10085.1 -23.3402 -2000.03 2.18022
0.505 23.7251 2000.02 -10251 -23.7251 -2000.02 1.80535
0.51 24.1113 2000.01 -10417.6 -24.1113 -2000.01 1.50835
0.515 24.494 2000.03 -10583.4 -24.494 -2000.03 1.96402
0.52 24.8743 2000.04 -10748.2 -24.8743 -2000.04 2.47142
0.525 25.2593 2000.03 -10914.1 -25.2593 -2000.03 2.05106
0.53 25.6453 2000.02 -11080.5 -25.6453 -2000.02 1.7126
0.535 26.0279 2000.03 -11246.1 -26.0279 -2000.03 2.05378
0.54 26.3977 2000.08 -11407.2 -26.3977 -2000.08 3.3759
0.545 26.7752 2000.06 -11569.7 -26.7752 -2000.06 2.78991
0.55 27.1531 2000.04 -11732.5 -27.1531 -2000.04 2.3179
0.555 27.5182 2000.11 -11891 -27.5182 -2000.11 3.12771
0.56 27.8718 2000.18 -12044.6 -27.8718 -2000.18 3.92452
0.565 28.2304 2000.14 -12198.8 -28.2304 -2000.14 3.22607
0.57 28.5834 2000.13 -12351.3 -28.5834 -2000.13 3.28506
0.575 28.9237 2000.16 -12499.2 -28.9237 -2000.16 4.17762
0.58 29.2686 2000.12 -12647.5 -29.2686 -2000.12 3.44428
0.585 29.5978 2000.2 -12790.3 -29.5978 -2000.2 4.0762
0.59 29.9199 2000.24 -12929.8 -29.9199 -2000.24 4.40694
0.595 30.2451 2000.19 -13069.5 -30.2451 -2000.19 3.61152
0.6 30.569 2000.15 -13208.8 -30.569 -2000.15 2.98104
0.605 30.8919 2000.11 -13347.8 -30.8919 -2000.11 2.48151
0.61 31.2138 2000.09 -13486.4 -31.2138 -2000.09 2.0783
0.615 31.5028 2000.3 -13614.4 -31.5028 -2000.3 5.16797
0.62 31.7787 2000.45 -13735.4 -31.7787 -2000.45 6.93496
0.625 32.0639 2000.36 -13857.2 -32.0639 -2000.36 5.63894
0.63 32.3478 2000.28 -13978.9 -32.3478 -2000.28 4.61132
0.635 32.6308 2000.22 -14100.3 -32.6308 -2000.22 3.7968
0.64 32.9131 2000.17 -14221.6 -32.9131 -2000.17 3.13929
0.645 33.1946 2000.14 -14342.7 -33.1946 -2000.14 2.6086
0.65 33.4754 2000.1 -14463.6 -33.4754 -2000.1 2.18035
0.655 33.7557 2000.08 -14584.3 -33.7557 -2000.08 1.83485
0.66 34.0353 2000.06 -14704.8 -34.0353 -2000.06 1.55618
0.665 34.3143 2000.04 -14825.1 -34.3143 -2000.04 1.33149
0.67 34.5733 2000.2 -14938.7 -34.5733 -2000.2 3.05959
0.675 34.8181 2000.34 -15045.9 -34.8181 -2000.34 4.43947
0.68 35.0692 2000.27 -15153.5 -35.0692 -2000.27 3.65655
0.685 35.3196 2000.21 -15261.1 -35.3196 -2000.21 3.02466
0.69 35.5697 2000.17 -15368.6 -35.5697 -2000.17 2.51469
0.695 35.8198 2000.13 -15476.3 -35.8198 -2000.13 2.10347
0.7 36.0702 2000.1 -15584.1 -36.0702 -2000.1 1.77214
0.705 36.3208 2000.07 -15692.1 -36.3208 -2000.07 1.50543
0.71 36.5715 2000.06 -15800.2 -36.5715 -2000.06 1.29083
0.715 36.8218 2000.04 -15908.1 -36.8218 -2000.04 1.11809
0.72 37.071 2000.03 -16015.7 -37.071 -2000.03 0.978795
0.725 37.3185 2000.02 -16122.5 -37.3185 -2000.02 0.866104
0.73 37.5635 2000.01 -16228.2 -37.5635 -2000.01 0.774462
0.735 37.8041 2000.02 -16332.2 -37.8041 -2000.02 0.814211
0.74 38.0185 2000.17 -16426.3 -38.0185 -2000.17 2.30338
0.745 38.2329 2000.16 -16519 -38.2329 -2000.16 2.39747
0.75 38.443 2000.14 -16609.8 -38.443 -2000.14 2.40276
0.755 38.6487 2000.13 -16698.6 -38.6487 -2000.13 2.39613
0.76 38.8527 2000.1 -16786.4 -38.8527 -2000.1 1.99822
0.765 39.0519 2000.09 -16872.4 -39.0519 -2000.09 1.97271
0.77 39.2456 2000.1 -16956.3 -39.2456 -2000.1 2.16995
0.775 39.439 2000.07 -17039.4 -39.439 -2000.07 1.81393
0.78 39.6303 2000.06 -17121.8 -39.6303 -2000.06 1.52576
0.785 39.8198 2000.04 -17203.4 -39.8198 -2000.04 1.2924
0.79 40.0039 2000.06 -17283.3 -40.0039 -2000.06 1.66355
0.795 40.1796 2000.1 -17360 -40.1796 -2000.1 2.44644
0.8 40.357 2000.08 -17436.3 -40.357 -2000.08 2.03754
0.805 40.5327 2000.06 -17511.8 -40.5327 -2000.06 1.7067
0.81 40.7069 2000.04 -17586.8 -40.7069 -2000.04 1.43902
0.815 40.8798 2000.03 -17661.3 -40.8798 -2000.03 1.22252
0.82 41.0517 2000.02 -17735.4 -41.0517 -2000.02 1.04748
0.825 41.2227 2000.01 -17809.1 -41.2227 -2000.01 0.906023
0.83 41.3916 2000.02 -17882.2 -41.3916 -2000.02 1.00198
0.835 41.5507 2000.08 -17951.8 -41.5507 -2000.08 1.93553
0.84 41.7081 2000.14 -18019.7 -41.7081 -2000.14 1.83968
0.845 41.8626 2000.17 -18086.4 -41.8626 -2000.17 1.71998
0.85 42.0116 2000.19 -18151.4 -42.0116 -2000.19 2.35634
0.855 42.162 2000.17 -18216.4 -42.162 -2000.17 2.44546
0.86 42.314 2000.14 -18281.7 -42.314 -2000.14 2.0401
0.865 42.466 2000.11 -18347 -42.466 -2000.11 1.71353
0.87 42.6156 2000.1 -18411.7 -42.6156 -2000.1 1.80082
0.875 42.7549 2000.15 -18472.9 -42.7549 -2000.15 2.76676
0.88 42.8976 2000.12 -18534.1 -42.8976 -2000.12 2.31097
0.885 43.0397 2000.09 -18595.1 -43.0397 -2000.09 1.9419
0.89 43.1809 2000.07 -18655.8 -43.1809 -2000.07 1.64395
0.895 43.3207 2000.06 -18715.9 -43.3207 -2000.06 1.40301
0.9 43.4584 2000.04 -18775.3 -43.4584 -2000.04 1.20749
0.905 43.5935 2000.03 -18833.5 -43.5935 -2000.03 1.04791
0.91 43.7165 2000.11 -18887.8 -43.7165 -2000.11 2.29556
0.915 43.8336 2000.15 -18939.2 -43.8336 -2000.15 3.05633
0.92 43.9497 2000.12 -18988.8 -43.9497 -2000.12 2.54069
0.925 44.0611 2000.1 -19036.5 -44.0611 -2000.1 2.11845
0.93 44.1677 2000.08 -19082.2 -44.1677 -2000.08 1.77281
0.935 44.2698 2000.06 -19126 -44.2698 -2000.06 1.48921
0.94 44.3675 2000.05 -19168 -44.3675 -2000.05 1.26569
0.945 44.4583 2000.06 -19207.4 -44.4583 -2000.06 1.40207
0.95 44.5469 2000.05 -19245.4 -44.5469 -2000.05 1.18111
0.955 44.6268 2000.1 -19280.7 -44.6268 -2000.1 1.9587
0.96 44.7027 2000.13 -19314 -44.7027 -2000.13 2.44612
0.965 44.7791 2000.1 -19346.6 -44.7791 -2000.1 2.02371
0.97 44.854 2000.08 -19378.6 -44.854 -2000.08 1.68124
0.975 44.9279 2000.07 -19410.2 -44.9279 -2000.07 1.40404
0.98 45.001 2000.05 -19441.6 -45.001 -2000.05 1.17971
0.985 45.0735 2000.04 -19472.8 -45.0735 -2000.04 0.99826
0.99 45.1458 2000.03 -19503.9 -45.1458 -2000.03 0.851865
0.995 45.218 2000.03 -19534.9 -45.218 -2000.03 0.734012
1 45.2901 2000.02 -19565.9 -45.2901 -2000.02 0.616642
1.005 45.3624 2000.02 -19596.7 -45.3624 -2000.02 0.142511
1.01 45.4284 2000.07 -19625.9 -45.4284 -2000.07 0.886494
1.015 45.4924 2000.09 -19654.1 -45.4924 -2000.09 1.35775
1.02 45.5568 2000.07 -19681.7 -45.5568 -2000.07 1.14589
1.025 45.6195 2000.06 -19708.6 -45.6195 -2000.06 0.973403
1.03 45.6803 2000.05 -19734.7 -45.6803 -2000.05 0.831959
1.035 45.7388 2000.04 -19759.9 -45.7388 -2000.04 0.715193
1.04 45.7944 2000.06 -19783.7 -45.7944 -2000.06 0.498954
1.045 45.8474 2000.06 -19806.4 -45.8474 -2000.06 0.36976
1.05 45.8983 2000.05 -19828.4 -45.8983 -2000.05 0.333085
1.055 45.9478 2000.04 -19849.7 -45.9478 -2000.04 0.301782
1.06 45.9959 2000.03 -19870.5 -45.9959 -2000.03 0.275069
1.065 46.043 2000.03 -19890.8 -46.043 -2000.03 0.252335
1.07 46.0892 2000.02 -19910.8 -46.0892 -2000.02 0.233068
1.075 46.1343 2000.02 -19930.3 -46.1343 -2000.02 0.279193
1.08 46.1771 2000.03 -19949 -46.1771 -2000.03 0.532949
1.085 46.2182 2000.04 -19967 -46.2182 -2000.04 0.715542
1.09 46.259 2000.03 -19984.5 -46.259 -2000.03 0.606561
1.095 46.2988 2000.03 -20001.6 -46.2988 -2000.03 0.517541
1.1 46.337 2000.02 -20018 -46.337 -2000.02 0.44415
1.105 46.3731 2000.03 -20033.4 -46.3731 -2000.03 0.288736
1.11 46.4064 2000.04 -20047.8 -46.4064 -2000.04 0.202379
1.115 46.4367 2000.03 -20060.9 -46.4367 -2000.03 0.181405
1.12 46.4641 2000.02 -20072.7 -46.4641 -2000.02 0.161462
1.125 46.4883 2000.02 -20083.1 -46.4883 -2000.02 0.142361
1.13 46.5092 2000.02 -20092.1 -46.5092 -2000.02 0.124104
1.135 46.5268 2000.01 -20099.7 -46.5268 -2000.01 0.10688
1.14 46.5413 2000.01 -20105.9 -46.5413 -2000.01 0.0909559
1.145 46.553 2000.01 -20111 -46.553 -2000.01 0.0766849
1.15 46.5621 2000.01 -20114.9 -46.5621 -2000.01 0.0640941
1.155 46.5689 2000.01 -20117.8 -46.5689 -2000.01 0.0530111
1.16 46.5734 2000 -20119.8 -46.5734 -2000 0.0434363
1.165 46.5759 2000 -20120.8 -46.5759 -2000 0.0353147
1.17 46.5763 2000 -20121 -46.5763 -2000 0.0285647
1.175 46.573 1999.99 -20119.8 -46.573 -1999.99 0.270727
1.18 46.567 1999.99 -20117.3 -46.567 -1999.99 0.419093
1.185 46.5593 1999.99 -20114 -46.5593 -1999.99 0.33547
1.19 46.5499 1999.99 -20109.8 -46.5499 -1999.99 0.269681
1.195 46.5391 1999.99 -20105.1 -46.5391 -1999.99 0.215639
1.2 46.5275 1999.99 -20100.1 -46.5275 -1999.99 0.171165
1.205 46.5155 2000 -20094.8 -46.5155 -2000 0.134643
1.21 46.5035 2000 -20089.6 -46.5035 -2000 0.104818
1.215 46.4915 2000 -20084.4 -46.4915 -2000 0.0802882
1.22 46.4793 2000 -20079.1 -46.4793 -2000 0.0601786
1.225 46.4666 2000 -20073.6 -46.4666 -2000 0.0433757
1.23 46.4527 2000 -20067.6 -46.4527 -2000 0.0290998
1.235 46.437 2000 -20060.8 -46.437 -2000 0.0162112
1.24 46.4188 2000 -20052.9 -46.4188 -2000 0.00312398
1.245 46.3974 2000 -20043.7 -46.3974 -2000 -0.0115101
1.25 46.3726 2000 -20032.9 -46.3726 -2000 -0.0289407
1.255 46.344 2000 -20020.6 -46.344 -2000 -0.0501536
1.26 46.3116 2000 -20006.5 -46.3116 -2000 -0.0757512
1.265 46.2752 2000 -19990.8 -46.2752 -2000 -0.103739
1.27 46.2343 2000.01 -19973.1 -46.2343 -2000.01 -0.133252
1.275 46.1894 2000 -19953.6 -46.1894 -2000 -0.175797
1.28 46.1406 2000 -19932.5 -46.1406 -2000 -0.227283
1.285 46.0879 1999.99 -19909.7 -46.0879 -1999.99 -0.27331
1.29 46.0312 1999.99 -19885.2 -46.0312 -1999.99 -0.319632
1.295 45.9706 1999.99 -19859 -45.9706 -1999.99 -0.364541
1.3 45.9063 1999.99 -19831.1 -45.9063 -1999.99 -0.406193
1.305 45.8383 1999.99 -19801.7 -45.8383 -1999.99 -0.442555
1.31 45.7669 1999.98 -19770.8 -45.7669 -1999.98 -0.472184
1.315 45.6892 2000.02 -19737.8 -45.6892 -2000.02 0.0413188
1.32 45.6082 2000.03 -19703.1 -45.6082 -2000.03 0.297814
1.325 45.5248 2000.03 -19666.9 -45.5248 -2000.03 0.15312
1.33 45.4368 2000.04 -19628.7 -45.4368 -2000.04 0.0427189
1.335 45.3459 2000.03 -19589.4 -45.3459 -2000.03 -0.050852
1.34 45.2528 2000.02 -19549.1 -45.2528 -2000.02 -0.120223
1.345 45.1576 2000.02 -19507.9 -45.1576 -2000.02 -0.170121
1.35 45.0615 2000.01 -19466 -45.0615 -2000.01 -0.578289
1.355 44.9637 2000.01 -19423.3 -44.9637 -2000.01 -1.02806
1.36 44.8632 2000.01 -19380 -44.8632 -2000.01 -0.881932
1.365 44.7624 2000.01 -19336.6 -44.7624 -2000.01 -0.759952
1.37 44.6622 2000 -19293.4 -44.6622 -2000 -0.687896
1.375 44.5622 2000 -19250.4 -44.5622 -2000 -0.470936
1.38 44.4577 2000.04 -19206 -44.4577 -2000.04 0.244479
1.385 44.3569 2000.03 -19162.4 -44.3569 -2000.03 0.173957
1.39 44.2585 2000.02 -19119.8 -44.2585 -2000.02 0.119486
1.395 44.1628 2000.02 -19078.4 -44.1628 -2000.02 0.0687674
1.4 44.07 2000.01 -19038.3 -44.07 -2000.01 0.00831668
1.405 43.9796 2000.01 -18999.2 -43.9796 -2000.01 -0.00725712
1.41 43.8911 2000 -18960.9 -43.8911 -2000 -0.018154
1.415 43.8037 2000 -18923.2 -43.8037 -2000 -0.0256395
1.42 43.7168 2000 -18885.6 -43.7168 -2000 -0.0307088
1.425 43.6292 2000 -18847.8 -43.6292 -2000 -0.0341308
1.43 43.54 2000 -18809.3 -43.54 -2000 -0.0364667
1.435 43.4487 2000 -18769.8 -43.4487 -2000 -0.0346105
1.44 43.3462 2000.05 -18726.3 -43.3462 -2000.05 0.775619
1.445 43.2431 2000.03 -18681.6 -43.2431 -2000.03 0.574506
1.45 43.1355 2000.03 -18635.1 -43.1355 -2000.03 0.570986
1.455 43.0216 2000.04 -18586.1 -43.0216 -2000.04 0.788192
1.46 42.9046 2000.04 -18535.4 -42.9046 -2000.04 0.629728
1.465 42.7833 2000.03 -18482.9 -42.7833 -2000.03 0.501789
1.47 42.6577 2000.02 -18428.5 -42.6577 -2000.02 0.398504
1.475 42.5279 2000.02 -18372.4 -42.5279 -2000.02 0.304189
1.48 42.3939 2000.01 -18314.4 -42.3939 -2000.01 0.225539
1.485 42.2561 2000 -18254.8 -42.2561 -2000 0.111455
1.49 42.1035 2000.09 -18190.5 -42.1035 -2000.09 1.77427
1.495 41.9454 2000.15 -18123.1 -41.9454 -2000.15 2.65674
1.5 41.786 2000.12 -18053.7 -41.786 -2000.12 2.14085
1.505 41.6213 2000.09 -17982.1 -41.6213 -2000.09 1.72362
1.51 41.4516 2000.08 -17908.5 -41.4516 -2000.08 1.38692
1.515 41.2775 2000.06 -17833 -41.2775 -2000.06 1.0889
1.52 41.0996 2000.04 -17755.9 -41.0996 -2000.04 0.847238
1.525 40.9184 2000.03 -17677.4 -40.9184 -2000.03 0.679666
1.53 40.72 2000.15 -17594 -40.72 -2000.15 2.89663
1.535 40.5171 2000.25 -17507.4 -40.5171 -2000.25 4.07827
1.54 40.3114 2000.27 -17418.1 -40.3114 -2000.27 3.58951
1.545 40.1053 2000.22 -17328.4 -40.1053 -2000.22 2.89517
1.55 39.8966 2000.19 -17238 -39.8966 -2000.19 2.69199
1.555 39.6839 2000.19 -17146.2 -39.6839 -2000.19 2.79552
1.56 39.4728 2000.15 -17054.5 -39.4728 -2000.15 2.25728
1.565 39.2537 2000.18 -16960.5 -39.2537 -2000.18 2.91033
1.57 39.0264 2000.21 -16863.2 -39.0264 -2000.21 3.73673
1.575 38.801 2000.17 -16765.1 -38.801 -2000.17 3.02022
1.58 38.5724 2000.14 -16665.7 -38.5724 -2000.14 2.4403
1.585 38.3402 2000.11 -16564.9 -38.3402 -2000.11 1.97234
1.59 38.1047 2000.09 -16462.8 -38.1047 -2000.09 1.59191
1.595 37.8658 2000.07 -16359.3 -37.8658 -2000.07 1.2843
1.6 37.6239 2000.06 -16254.6 -37.6239 -2000.06 1.03942
1.605 37.3645 2000.16 -16144.6 -37.3645 -2000.16 3.16871
1.61 37.1047 2000.19 -16033.2 -37.1047 -2000.19 3.99028
1.615 36.848 2000.16 -15921.6 -36.848 -2000.16 3.22594
1.62 36.59 2000.13 -15809.5 -36.59 -2000.13 2.60892
1.625 36.331 2000.1 -15697.2 -36.331 -2000.1 2.17376
1.63 36.0654 2000.11 -15582.7 -36.0654 -2000.11 2.43748
1.635 35.7793 2000.33 -15460.5 -35.7793 -2000.33 3.84414
1.64 35.4924 2000.41 -15337.2 -35.4924 -2000.41 4.43063
1.645 35.2044 2000.35 -15212.4 -35.2044 -2000.35 4.13799
1.65 34.917 2000.29 -15087.5 -34.917 -2000.29 3.34914
1.655 34.6189 2000.29 -14959.4 -34.6189 -2000.29 4.00142
1.66 34.3203 2000.26 -14830.2 -34.3203 -2000.26 3.88944
1.665 34.0195 2000.21 -14699.5 -34.0195 -2000.21 3.14143
1.67 33.7133 2000.17 -14566.7 -33.7133 -2000.17 2.54168
1.675 33.4013 2000.13 -14431.4 -33.4013 -2000.13 2.06031
1.68 33.0833 2000.11 -14293.6 -33.0833 -2000.11 1.67171
1.685 32.7593 2000.09 -14153.4 -32.7593 -2000.09 1.35785
1.69 32.4299 2000.07 -14010.8 -32.4299 -2000.07 1.10461
1.695 32.0952 2000.06 -13866 -32.0952 -2000.06 0.909078
1.7 31.7202 2000.23 -13705.6 -31.7202 -2000.23 2.50461
1.705 31.3461 2000.18 -13543.5 -31.3461 -2000.18 2.03438
1.71 30.9667 2000.15 -13379.3 -30.9667 -2000.15 1.64856
1.715 30.5772 2000.15 -13211.3 -30.5772 -2000.15 1.98371
1.72 30.1757 2000.16 -13038.5 -30.1757 -2000.16 2.61173
1.725 29.7713 2000.13 -12863.3 -29.7713 -2000.13 2.1219
1.73 29.3609 2000.1 -12685.6 -29.3609 -2000.1 1.72643
1.735 28.9455 2000.08 -12505.9 -28.9455 -2000.08 1.40721
1.74 28.5269 2000.07 -12324.8 -28.5269 -2000.07 1.1495
1.745 28.0647 2000.39 -12128.7 -28.0647 -2000.39 4.75899
1.75 27.5994 2000.53 -11929.4 -27.5994 -2000.53 6.42489
1.755 27.1479 2000.43 -11733.1 -27.1479 -2000.43 5.19255
1.76 26.7027 2000.35 -11539.8 -26.7027 -2000.35 4.25226
1.765 26.2495 2000.34 -11344.8 -26.2495 -2000.34 5.02423
1.77 25.7971 2000.38 -11149.8 -25.7971 -2000.38 5.45964
1.775 25.3442 2000.42 -10954.6 -25.3442 -2000.42 5.87951
1.78 24.9077 2000.34 -10764.9 -24.9077 -2000.34 4.76283
1.785 24.4814 2000.27 -10579.8 -24.4814 -2000.27 3.86015
1.79 24.0647 2000.22 -10399.1 -24.0647 -2000.22 3.13026
1.795 23.6568 2000.18 -10222.3 -23.6568 -2000.18 2.54002
1.8 23.2318 2000.3 -10040.5 -23.2318 -2000.3 4.36841
1.805 22.7884 2000.47 -9853.12 -22.7884 -2000.47 8.53243
1.81 22.3649 2000.45 -9670.3 -22.3649 -2000.45 8.68126
1.815 21.953 2000.36 -9490.69 -21.953 -2000.36 6.99178
1.82 21.5449 2000.29 -9313.03 -21.5449 -2000.29 5.64285
1.825 21.1404 2000.23 -9137.23 -21.1404 -2000.23 4.55749
1.83 20.7394 2000.19 -8963.13 -20.7394 -2000.19 3.69163
1.835 20.3414 2000.15 -8790.48 -20.3414 -2000.15 2.98067
1.84 19.9426 2000.13 -8618.02 -19.9426 -2000.13 2.82181
1.845 19.5284 2000.17 -8440.37 -19.5284 -2000.17 4.09462
1.85 19.1227 2000.13 -8264.33 -19.1227 -2000.13 3.31752
1.855 18.7178 2000.11 -8088.78 -18.7178 -2000.11 2.68419
1.86 18.3134 2000.08 -7913.57 -18.3134 -2000.08 2.17264
1.865 17.9088 2000.07 -7738.37 -17.9088 -2000.07 1.76638
1.87 17.4928 2000.1 -7559.77 -17.4928 -2000.1 2.87961
1.875 17.0769 2000.1 -7380.45 -17.0769 -2000.1 3.23265
1.88 16.663 2000.08 -7201.01 -16.663 -2000.08 2.61792
1.885 16.2472 2000.07 -7020.89 -16.2472 -2000.07 2.10806
1.89 15.8291 2000.05 -6839.89 -15.8291 -2000.05 1.70319
1.895 15.3994 2000.08 -6655.18 -15.3994 -2000.08 2.61657
1.9 14.9657 2000.09 -6468.26 -14.9657 -2000.09 3.06672
1.905 14.5315 2000.07 -6280.11 -14.5315 -2000.07 2.48677
1.91 14.0925 2000.06 -6089.99 -14.0925 -2000.06 2.01844
1.915 13.6494 2000.04 -5898.18 -13.6494 -2000.04 1.64348
1.92 13.2039 2000.03 -5705.41 -13.2039 -2000.03 1.34277
1.925 12.758 2000.03 -5512.53 -12.758 -2000.03 1.09422
1.93 12.3138 2000.02 -5320.44 -12.3138 -2000.02 0.88743
1.935 11.8732 2000.01 -5129.95 -11.8732 -2000.01 0.714596
1.94 11.4378 2000.01 -4941.71 -11.4378 -2000.01 0.585946
1.945 11.0088 2000.01 -4756.29 -11.0088 -2000.01 0.485713
1.95 10.5871 2000 -4574.02 -10.5871 -2000 0.378714
1.955 10.1726 2000 -4394.87 -10.1726 -2000 0.304421
1.96 9.7647 2000 -4218.61 -9.7647 -2000 0.254807
1.965 9.36255 2000 -4044.83 -9.36255 -2000 0.212455
1.97 8.96507 2000 -3873.1 -8.96507 -2000 0.192473
1.975 8.57134 1999.99 -3702.99 -8.57134 -1999.99 0.172044
1.98 8.18109 1999.99 -3534.35 -8.18109 -1999.99 0.114283
1.985 7.79398 1999.98 -3367.07 -7.79398 -1999.98 0.069246
1.99 7.40976 1999.99 -3201.09 -7.40976 -1999.99 0.0728222
1.995 7.02865 1999.99 -3036.45 -7.02865 -1999.99 0.0683617
2 6.65084 1999.99 -2873.21 -6.65084 -1999.99 0.042915
2.005 6.27629 1999.98 -2711.38 -6.27629 -1999.98 0.0249897
2.01 5.90475 1999.98 -2550.88 -5.90475 -1999.98 0.0302257
2.015 5.53564 1999.98 -2391.42 -5.53564 -1999.98 0.0193374
2.02 5.16832 1999.98 -2232.71 -5.16832 -1999.98 -0.0069809
2.025 4.80113 1999.98 -2074.11 -4.80113 -1999.98 0.0254193
2.03 4.43366 1999.98 -1915.37 -4.43366 -1999.98 0.0340605
2.035 4.06616 1999.97 -1756.63 -4.06616 -1999.97 0.0530283
2.04 3.69954 1999.97 -1598.26 -3.69954 -1999.97 0.0574765
2.045 3.33557 1999.96 -1440.99 -3.33557 -1999.96 0.0180558
2.05 2.9753 1999.96 -1285.31 -2.9753 -1999.96 -0.0165204
2.055 2.61974 1999.95 -1131.78 -2.61974 -1999.95 0.0505875
2.06 2.27035 1999.95 -980.899 -2.27035 -1999.95 0.106157
2.065 1.9283 1999.95 -833.04 -1.9283 -1999.95 0.0166271
2.07 1.59207 1999.94 -687.784 -1.59207 -1999.94 0.00940708
2.075 1.26026 1999.94 -544.514 -1.26026 -1999.94 0.0817583
2.08 0.93272 1999.93 -403.032 -0.93272 -1999.93 0.0971144
2.085 0.608169 1999.94 -262.84 -0.608169 -1999.94 0.110408
2.09 0.286704 1999.95 -123.946 -0.286704 -1999.95 0.0899255
2.095 -0.0314766 1999.96 13.5156 0.0314766 -1999.96 0.0822944
2.1 -0.345777 1999.96 149.184 0.345777 -1999.96 0.192143
2.105 -0.653882 1999.95 282.349 0.653882 -1999.95 0.127747
2.11 -0.954772 1999.95 412.422 0.954772 -1999.95 0.0396747
2.115 -1.24726 1999.96 538.66 1.24726 -1999.96 0.155543
2.12 -1.52796 1999.95 659.756 1.52796 -1999.95 0.32133
2.125 -1.79539 1999.94 775.154 1.79539 -1999.94 0.455947
2.13 -2.04774 1999.95 884.152 2.04774 -1999.95 0.471743
2.135 -2.28277 1999.93 985.575 2.28277 -1999.93 0.581773
2.14 -2.50132 1999.92 1079.91 2.50132 -1999.92 0.660095
2.145 -2.70371 1999.93 1167.33 2.70371 -1999.93 0.666387
2.15 -2.89083 1999.93 1248.08 2.89083 -1999.93 0.764265
2.155 -3.06431 1999.94 1323.16 3.06431 -1999.94 0.625389
2.16 -3.22599 1999.94 1393.14 3.22599 -1999.94 0.482846
2.165 -3.37801 1999.94 1458.96 3.37801 -1999.94 0.338276
2.17 -3.52367 1999.95 1521.91 3.52367 -1999.95 0.321239
2.175 -3.66528 1999.96 1583.14 3.66528 -1999.96 0.260587
2.18 -3.80562 1999.96 1643.82 3.80562 -1999.96 0.211555
2.185 -3.94735 1999.97 1705.08 3.94735 -1999.97 0.171944
2.19 -4.0902 1999.96 1767.12 4.0902 -1999.96 -0.152246
2.195 -4.23945 1999.95 1831.72 4.23945 -1999.95 -0.278985
2.2 -4.39648 1999.96 1899.51 4.39648 -1999.96 -0.225851
2.205 -4.56023 1999.96 1970.31 4.56023 -1999.96 -0.288151
2.21 -4.73118 1999.96 2044.19 4.73118 -1999.96 -0.322933
2.215 -4.90726 1999.96 2120.41 4.90726 -1999.96 -0.472863
2.22 -5.08743 1999.96 2198.33 5.08743 -1999.96 -0.562519
2.225 -5.26994 1999.97 2277.07 5.26994 -1999.97 -0.459137
2.23 -5.45036 1999.97 2354.93 5.45036 -1999.97 -0.375636
2.235 -5.62488 1999.98 2430.26 5.62488 -1999.98 -0.307978
2.24 -5.79008 1999.98 2501.57 5.79008 -1999.98 -0.252941
2.245 -5.94249 1999.98 2567.47 5.94249 -1999.98 -0.311008
2.25 -6.08093 1999.98 2627.29 6.08093 -1999.98 -0.325717
2.255 -6.20467 1999.98 2680.68 6.20467 -1999.98 -0.266233
2.26 -6.31349 1999.99 2727.65 6.31349 -1999.99 -0.21751
2.265 -6.40846 1999.99 2768.63 6.40846 -1999.99 -0.17758
2.27 -6.4913 1999.99 2804.39 6.4913 -1999.99 -0.144877
2.275 -6.56366 1999.99 2835.65 6.56366 -1999.99 -0.149041
2.28 -6.62716 1999.99 2863.07 6.62716 -1999.99 -0.137974
2.285 -6.68208 1999.99 2886.77 6.68208 -1999.99 -0.112203
2.29 -6.72757 1999.99 2906.4 6.72757 -1999.99 -0.0912033
2.295 -6.7623 2000 2921.39 6.7623 -2000 -0.0740289
2.3 -6.78492 2000 2931.14 6.78492 -2000 -0.0599751
2.305 -6.79434 2000 2935.2 6.79434 -2000 -0.048497
2.31 -6.78915 1999.99 2932.96 6.78915 -1999.99 -0.0411728
2.315 -6.7676 1999.98 2923.64 6.7676 -1999.98 -0.0360443
2.32 -6.72984 1999.98 2907.32 6.72984 -1999.98 -0.0290323
2.325 -6.67652 1999.99 2884.28 6.67652 -1999.99 -0.0231952
2.33 -6.6087 1999.99 2854.98 6.6087 -1999.99 -0.0181677
2.335 -6.52756 1999.99 2819.92 6.52756 -1999.99 -0.0136435
2.34 -6.4343 1999.99 2779.63 6.4343 -1999.99 -0.00947418
2.345 -6.33011 1999.99 2734.61 6.33011 -1999.99 -0.00550631
2.35 -6.21633 2000 2685.45 6.21633 -2000 -0.00156465
2.355 -6.09463 2000 2632.88 6.09463 -2000 0.00237766
2.36 -5.96722 2000 2577.83 5.96722 -2000 0.00626181
2.365 -5.83709 2000 2521.61 5.83709 -2000 0.0099315
2.37 -5.70809 2000 2465.88 5.70809 -2000 0.0131372
2.375 -5.58458 2000 2412.52 5.58458 -2000 0.0155881
2.38 -5.47076 2000 2363.35 5.47076 -2000 0.0170516
2.385 -5.37012 2000 2319.88 5.37012 -2000 0.0174396
2.39 -5.28532 2000 2283.24 5.28532 -2000 0.0168281
2.395 -5.2184 2000 2254.33 5.2184 -2000 0.0154155
2.4 -5.17079 2000 2233.77 5.17079 -2000 0.0135143
2.405 -5.14311 2000 2221.81 5.14311 -2000 0.0113983
2.41 -5.1351 2000 2218.35 5.1351 -2000 0.00931391
2.415 -5.14592 2000 2223.02 5.14592 -2000 0.0122862
2.42 -5.17441 2000 2235.33 5.17441 -2000 0.014242
2.425 -5.21932 2000 2254.74 5.21932 -2000 0.011079
2.43 -5.27952 2000 2280.75 5.27952 -2000 0.00782926
2.435 -5.35435 2000 2313.07 5.35435 -2000 0.00406
2.44 -5.4438 2000 2351.72 5.4438 -2000 -0.000666394
2.445 -5.54816 2000 2396.81 5.54816 -2000 -0.00664662
2.45 -5.66764 2000 2448.43 5.66764 -2000 -0.013971
2.455 -5.8025 2000 2506.7 5.8025 -2000 -0.0224544
2.46 -5.95334 2000 2571.88 5.95334 -2000 -0.0316697
2.465 -6.1211 2000 2644.36 6.1211 -2000 -0.0410417
2.47 -6.30687 2000.01 2724.62 6.30687 -2000.01 -0.0502159
2.475 -6.51157 2000.01 2813.06 6.51157 -2000.01 -0.0628364
2.48 -6.73535 2000.01 2909.78 6.73535 -2000.01 -0.110568
2.485 -6.96017 1999.69 3007.22 6.96017 -1999.69 -0.428245
2.49 -7.19469 1999.53 3108.8 7.19469 -1999.53 -0.68811
2.495 -7.44578 1999.6 3217.09 7.44578 -1999.6 -0.512305
2.5 -7.71347 1999.66 3332.49 7.71347 -1999.66 -0.26752
2.505 -7.99847 1999.72 3455.47 7.99847 -1999.72 -0.1251
2.51 -8.30252 1999.77 3586.77 8.30252 -1999.77 -0.0841944
2.515 -8.62793 1999.82 3727.35 8.62793 -1999.82 -0.0831363
2.52 -8.97689 1999.85 3878.11 8.97689 -1999.85 -0.091684
2.525 -9.35107 1999.88 4039.77 9.35107 -1999.88 -0.103062
2.53 -9.75167 1999.9 4212.84 9.75167 -1999.9 -0.116339
2.535 -10.1797 1999.91 4397.76 10.1797 -1999.91 -0.131705
2.54 -10.6364 1999.92 4595.06 10.6364 -1999.92 -0.149581
2.545 -11.1232 1999.93 4805.41 11.1232 -1999.93 -0.170499
2.55 -11.6424 1999.94 5029.73 11.6424 -1999.94 -0.195104
2.555 -12.1962 1999.94 5269 12.1962 -1999.94 -0.224154
2.56 -12.787 1999.94 5524.26 12.787 -1999.94 -0.25849
2.565 -13.4174 1999.94 5796.62 13.4174 -1999.94 -0.29906
2.57 -14.0899 1999.94 6087.19 14.0899 -1999.94 -0.346936
2.575 -14.8067 1999.93 6396.91 14.8067 -1999.93 -0.403234
2.58 -15.5669 1999.94 6725.68 15.5669 -1999.94 -0.790488
2.585 -16.3575 1999.98 7068.84 16.3575 -1999.98 -2.40972
2.59 -17.2 1999.96 7432.55 17.2 -1999.96 -2.14323
2.595 -18.0866 1999.93 7815.38 18.0866 -1999.93 -1.95716
2.6 -18.9665 2000.15 8201.97 18.9665 -2000.15 -8.41855
2.605 -19.8776 2000.27 8599.55 19.8776 -2000.27 -12.4251
2.61 -20.8451 2000.18 9015.43 20.8451 -2000.18 -10.3535
2.615 -21.844 2000.11 9445.37 21.844 -2000.11 -8.74807
2.62 -22.8599 2000.11 9884.69 22.8599 -2000.11 -9.21251
2.625 -23.8626 2000.27 10321.3 23.8626 -2000.27 -12.6651
2.63 -24.8491 2000.43 10748.9 24.8491 -2000.43 -14.1161
2.635 -25.8685 2000.29 11187.1 25.8685 -2000.29 -11.9175
2.64 -26.8407 2000.65 11611 26.8407 -2000.65 -15.8428
2.645 -27.74 2001.35 12007.9 27.74 -2001.35 -24.2264
2.65 -28.6313 2001.52 12393.7 28.6313 -2001.52 -24.9981
2.655 -29.5479 2001.17 12785.4 29.5479 -2001.17 -20.7193
2.66 -30.4699 2000.89 13180.4 30.4699 -2000.89 -17.3619
2.665 -31.3412 2001.2 13558.7 31.3412 -2001.2 -19.313
2.67 -32.1674 2001.49 13918.6 32.1674 -2001.49 -22.328
2.675 -33.0192 2001.15 14283 33.0192 -2001.15 -18.7523
2.68 -33.8748 2000.87 14649.8 33.8748 -2000.87 -15.8961
2.685 -34.7293 2000.71 15017.1 34.7293 -2000.71 -14.0386
2.69 -35.526 2000.94 15362.3 35.526 -2000.94 -15.0422
2.695 -36.3361 2000.7 15710.1 36.3361 -2000.7 -12.9311
2.7 -37.1298 2000.65 16054.3 37.1298 -2000.65 -14.2032
2.705 -37.9143 2000.62 16394.5 37.9143 -2000.62 -15.4755
2.71 -38.6911 2000.59 16730.8 38.6911 -2000.59 -16.2687
2.715 -39.3973 2001.14 17041.4 39.3973 -2001.14 -21.8129
2.72 -40.1104 2001.16 17347.4 40.1104 -2001.16 -19.7267
2.725 -40.788 2001.18 17642.7 40.788 -2001.18 -22.3456
2.73 -41.4376 2001.29 17927.3 41.4376 -2001.29 -26.264
2.735 -42.0732 2001.3 18203.5 42.0732 -2001.3 -27.8555
2.74 -42.6804 2001.3 18466.9 42.6804 -2001.3 -28.9776
2.745 -43.2809 2001.17 18724.8 43.2809 -2001.17 -27.5019
2.75 -43.8428 2001.21 18969 43.8428 -2001.21 -28.8962
2.755 -44.3855 2001.47 19201.2 44.3855 -2001.47 -26.6398
2.76 -44.8803 2001.87 19415.5 44.8803 -2001.87 -27.1485
2.765 -45.3477 2002.05 19617.6 45.3477 -2002.05 -27.349
2.77 -45.7932 2002.03 19810.5 45.7932 -2002.03 -27.8585
2.775 -46.2187 2001.89 19996.3 46.2187 -2001.89 -29.8276
2.78 -46.6422 2001.7 20179.9 46.6422 -2001.7 -30.5302
2.785 -47.0576 2001.6 20357.6 47.0576 -2001.6 -28.7077
2.79 -47.4551 2001.61 20526.5 47.4551 -2001.61 -25.9049
2.795 -47.8473 2001.24 20694.5 47.8473 -2001.24 -24.4494
2.8 -48.2329 2001.02 20860.9 48.2329 -2001.02 -24.2725
2.805 -48.6172 2000.86 21025.6 48.6172 -2000.86 -22.9215
2.81 -48.9736 2000.83 21182.1 48.9736 -2000.83 -25.5121
2.815 -49.2895 2001.13 21324.1 49.2895 -2001.13 -30.9848
2.82 -49.5083 2000.82 21436 49.5083 -2000.82 -48.3981
2.825 -49.6572 2000.46 21521.2 49.6572 -2000.46 -69.35
2.83 -49.6411 1999.85 21550 49.6411 -1999.85 -105.077
2.835 -49.3039 1997.59 21459.8 49.3039 -1997.59 -160.572
2.84 -48.7765 1996.09 21251.6 48.7765 -1996.09 -180.122
2.845 -48.236 1996.37 21000.1 48.236 -1996.37 -162.171
2.85 -47.5441 1996.42 20689.1 47.5441 -1996.42 -150.081
2.855 -46.826 1996.4 20347.5 46.826 -1996.4 -118.665
2.86 -46.0347 1996.48 19978.6 46.0347 -1996.48 -91.6175
2.865 -45.2128 1997.48 19590.6 45.2128 -1997.48 -58.6268
2.87 -44.7848 2000.55 19312.8 44.7848 -2000.55 34.2188
2.875 -44.2192 2001.34 19037.7 44.2192 -2001.34 64.9802
2.88 -43.5353 2000.9 18752.9 43.5353 -2000.9 54.3986
2.885 -43.1329 2002.66 18538.1 43.1329 -2002.66 95.282
2.89 -42.6172 2002.72 18310.6 42.6172 -2002.72 100.031
2.895 -41.9957 2001.32 18067.4 41.9957 -2001.32 74.7465
2.9 -41.3541 2000.16 17811.2 41.3541 -2000.16 53.7178
2.905 -40.762 1999.83 17560.5 40.762 -1999.83 48.6495
2.91 -40.2011 1999.78 17320.6 40.2011 -1999.78 46.2438
2.915 -39.5732 1998.67 17065.8 39.5732 -1998.67 29.8316
2.92 -39.3851 2000.75 16928.1 39.3851 -2000.75 86.2501
2.925 -39.2058 2001.37 16826.1 39.2058 -2001.37 110.827
2.93 -38.8812 1999.44 16711.6 38.8812 -1999.44 85.0961
2.935 -38.8754 2000.33 16698 38.8754 -2000.33 96.2079
2.94 -38.7887 2000.01 16679.9 38.7887 -2000.01 76.8447
2.945 -38.751 2000.32 16675.1 38.751 -2000.32 65.3049
2.95 -38.6807 1999.43 16661.2 38.6807 -1999.43 48.8695
2.955 -38.6176 1998.92 16646.1 38.6176 -1998.92 36.6904
2.96 -38.5671 1998.92 16632 38.5671 -1998.92 28.9818
2.965 -38.5184 1998.89 16617.3 38.5184 -1998.89 22.6939
2.97 -38.4707 1998.85 16601.8 38.4707 -1998.85 17.5587
2.975 -38.423 1998.8 16585.4 38.423 -1998.8 13.3371
2.98 -38.3741 1998.72 16567.8 38.3741 -1998.72 9.82464
2.985 -38.3227 1998.6 16548.6 38.3227 -1998.6 6.83873
2.99 -38.2433 1997.47 16520.1 38.2433 -1997.47 1.04865
2.995 -38.1629 1996.89 16488.7 38.1629 -1996.89 -2.34898
3 -38.031 1995.45 16436.7 38.031 -1995.45 -7.27421
3.005 -37.8685 1997.1 16368.3 37.8685 -1997.1 -9.14813
3.01 -37.7611 2003.92 16312.5 37.7611 -2003.92 0.336568
3.015 -37.6924 2007.58 16274.4 37.6924 -2007.58 8.70482
3.02 -37.5815 2005.42 16229.5 37.5815 -2005.42 5.66544
3.025 -37.4355 2002.72 16172.3 37.4355 -2002.72 -0.154523
3.03 -37.2635 2000.31 16102.7 37.2635 -2000.31 -4.84393
3.035 -37.0585 1998.44 16016.5 37.0585 -1998.44 -7.20987
3.04 -36.8714 1996.71 15926.7 36.8714 -1996.71 1.74034
3.045 -36.4508 1988.98 15756.8 36.4508 -1988.98 -10.0542
3.05 -35.9849 1986.33 15573.9 35.9849 -1986.33 -28.4339
3.055 -35.5099 1975.56 15378.2 35.5099 -1975.56 -37.914
3.06 -35.0502 1941.35 15291 35.0502 -1941.35 -149.334
3.065 -34.0177 1875.02 15056.8 34.0177 -1875.02 -361.169
3.07 -34.407 1898.26 15163.7 34.407 -1898.26 -299.868
3.075 -34.5331 1912.12 15193.3 34.5331 -1912.12 -275.017
3.08 -34.5661 1921.46 15178.9 34.5661 -1921.46 -246.377
3.085 -34.3911 1920.5 15086.5 34.3911 -1920.5 -229.509
3.09 -1.04556 11.1097 447.477 1.04556 -11.1097 4.20497
3.095 -4.75214 45.5968 1105.11 4.75214 -45.5968 947.816
3.1 -48.4661 814.618 3264.85 48.4661 -814.618 17672.5
