0.1 2.04519e-31 200 6.66134e-14
0.2 5.84341e-32 400 1.19016e-13
0.3 6.42776e-31 600 1.97176e-13
0.4 -2.33737e-31 800 -4.76064e-13
0.5 2.33737e-31 1000 -2.98428e-13
0.6 -1.45355e-30 1200 2.66454e-14
0.7 -7.0121e-31 1400 6.60805e-13
0.8 4.67473e-31 1600 5.41789e-13
0.9 1.40242e-30 1800 -7.70939e-13
1 3.15544e-30 2000 -3.0731e-13
0.005 3.81528e-06 2000 -0.00165359
0.01 1.89679e-05 2000 -0.0082045
0.015 4.90012e-05 2000 -0.0211769
0.02 9.3568e-05 2000 -0.0404281
0.025 0.000152315 2000 -0.0658055
0.03 0.000224887 2000 -0.0971555
0.035 0.000310928 2000 -0.134324
0.04 0.00041008 2000 -0.177157
0.045 0.00052198 2000 -0.225497
0.05 0.000646263 2000 -0.279187
0.055 0.000782568 2000 -0.338071
0.06 0.000930539 2000 -0.401994
0.065 0.00108981 2000 -0.470799
0.07 0.00126 2000 -0.544322
0.075 0.00144072 2000 -0.622393
0.08 0.00163157 2000 -0.704841
0.085 0.00183214 2000 -0.791485
0.09 0.00204201 2000 -0.882147
0.095 0.0022608 2000 -0.976668
0.1 0.00248819 2000 -1.0749
0.105 0.00272375 2000 -1.17666
0.11 0.00296694 2000 -1.28172
0.115 0.0032172 2000 -1.38983
0.12 0.00347412 2000 -1.50082
0.125 0.00373744 2000 -1.61457
0.13 0.00400686 2000 -1.73096
0.135 0.00428196 2000 -1.84981
0.14 0.00456245 2000 -1.97098
0.145 0.00484839 2000 -2.09451
0.15 0.00513974 2000 -2.22037
0.155 0.00543564 2000 -2.3482
0.16 0.00573432 2000 -2.47722
0.165 0.00603397 2000 -2.60668
0.17 0.00633366 2000 -2.73614
0.175 0.00663309 2000 -2.8655
0.18 0.00693229 2000 -2.99475
0.185 0.00723132 2000 -3.12393
0.19 0.00752991 2000 -3.25292
0.195 0.00782718 2000 -3.38134
0.2 0.00812182 2000 -3.50863
0.205 0.00841301 2000 -3.63442
0.21 0.00870094 2000 -3.75881
0.215 0.0089871 2000 -3.88243
0.22 0.00927392 2000 -4.00633
0.225 0.00956332 2000 -4.13135
0.23 0.00985528 2000 -4.25748
0.235 0.0101477 2000 -4.38383
0.24 0.0104375 2000 -4.50901
0.245 0.0107219 2000 -4.63186
0.25 0.0110007 2000 -4.75231
0.255 0.0112757 2000 -4.8711
0.26 0.0115465 2000 -4.98809
0.265 0.0118072 2000 -5.10071
0.27 0.0120482 2000 -5.20481
0.275 0.0122618 2000 -5.29709
0.28 0.0124444 2000 -5.37598
0.285 0.0125947 2000 -5.44093
0.29 0.012713 2000 -5.49203
0.295 0.0128 2000 -5.52959
0.3 0.0128537 2000 -5.55279
0.305 0.0128676 2000 -5.55882
0.31 0.0128282 2000 -5.54178
0.315 0.0127266 2000 -5.4979
0.32 0.0125654 2000 -5.42826
0.325 0.0123517 2000 -5.33592
0.33 0.0120839 2000 -5.22025
0.335 0.0117458 2000 -5.0742
0.34 0.0113151 2000 -4.88811
0.345 0.0107771 2000 -4.65572
0.35 0.0101291 2000 -4.37577
0.355 0.00937632 2000 -4.05057
0.36 0.00852722 2000 -3.68376
0.365 0.00758539 2000 -3.27689
0.37 0.00654479 2000 -2.82735
0.375 0.00539541 2000 -2.33082
0.38 0.00413129 2000 -1.78472
0.385 0.00275013 2000 -1.18806
0.39 0.0012592 2000 -0.543968
0.395 -0.00030064 2000 0.130112
0.4 -0.00180131 2000 0.7794
0.405 -0.00331107 2000 1.43153
0.41 -0.00484046 2000 2.09199
0.415 -0.00639126 2000 2.76176
0.42 -0.00797464 2000 3.44564
0.425 -0.00961941 2000 4.15606
0.43 -0.0113622 2000 4.90886
0.435 -0.0132266 2000 5.71422
0.44 -0.0152132 2000 6.57234
0.445 -0.0173094 2000 7.47788
0.45 -0.0195039 2000 8.42586
0.455 -0.0217743 2000 9.40663
0.46 -0.0240723 2000 10.3994
0.465 -0.0263515 2000 11.3839
0.47 -0.0286093 2000 12.3593
0.475 -0.0308838 2000 13.3418
0.48 -0.03321 2000 14.3468
0.485 -0.03559 2000 15.3749
0.49 -0.0380017 2000 16.4168
0.495 -0.0404312 2000 17.4663
0.5 -0.0429024 2000 18.5339
0.505 -0.0454813 2000 19.6479
0.51 -0.0482466 2000 20.8426
0.515 -0.0512468 2000 22.1386
0.52 -0.054479 2000 23.535
0.525 -0.057903 2000 25.0141
0.53 -0.0614612 2000 26.5513
0.535 -0.0650872 2000 28.1177
0.54 -0.0687194 2000 29.6868
0.545 -0.0723319 2000 31.2474
0.55 -0.0759489 2000 32.8099
0.555 -0.0796248 2000 34.3979
0.56 -0.0834237 2000 36.039
0.565 -0.0874029 2000 37.7581
0.57 -0.0915793 2000 39.5623
0.575 -0.0958961 2000 41.4272
0.58 -0.100253 2000 43.3094
0.585 -0.104631 2000 45.2005
0.59 -0.109221 2000 47.1834
0.595 -0.114402 2000 49.4216
0.6 -0.120583 2000 52.0917
0.605 -0.128072 2000 55.3272
0.61 -0.137041 2000 59.2017
0.615 -0.147552 2000 63.7423
0.62 -0.159602 2000 68.9483
0.625 -0.173095 2000 74.7773
0.63 -0.187798 2000 81.1287
0.635 -0.203421 2000 87.8779
0.64 -0.219757 2000 94.9352
0.645 -0.236734 2000 102.269
0.65 -0.254363 2000 109.885
0.655 -0.272639 2000 117.78
0.66 -0.291458 2000 125.91
0.665 -0.310601 2000 134.18
0.67 -0.329791 2000 142.47
0.675 -0.348762 2000 150.666
0.68 -0.367313 2000 158.68
0.685 -0.385308 2000 166.454
0.69 -0.402657 2000 173.948
0.695 -0.419358 2000 181.163
0.7 -0.435565 2000 188.164
0.705 -0.451562 2000 195.075
0.71 -0.467631 2000 202.017
0.715 -0.483913 2000 209.051
0.72 -0.500336 2000 216.146
0.725 -0.516647 2000 223.192
0.73 -0.532545 2000 230.06
0.735 -0.547805 2000 236.652
0.74 -0.562317 2000 242.921
0.745 -0.576079 2000 248.867
0.75 -0.589208 2000 254.538
0.755 -0.60194 2000 260.039
0.76 -0.614611 2000 265.512
0.765 -0.627599 2000 271.123
0.77 -0.64123 2000 277.012
0.775 -0.655672 2000 283.25
0.78 -0.670906 2000 289.832
0.785 -0.686827 2000 296.709
0.79 -0.703333 2000 303.84
0.795 -0.72031 2000 311.174
0.8 -0.737559 2000 318.626
0.805 -0.754859 2000 326.1
0.81 -0.772183 2000 333.584
0.815 -0.789822 2000 341.203
0.82 -0.808206 2000 349.145
0.825 -0.827613 2000 357.529
0.83 -0.848047 2000 366.357
0.835 -0.869313 2000 375.544
0.84 -0.891153 2000 384.979
0.845 -0.9134 2000 394.589
0.85 -0.936004 2000 404.354
0.855 -0.958995 2000 414.287
0.86 -0.982498 2000 424.44
0.865 -1.00668 2000 434.887
0.87 -1.03167 2000 445.683
0.875 -1.05753 2000 456.854
0.88 -1.08425 2000 468.399
0.885 -1.11175 2000 480.278
0.89 -1.13987 2000 492.427
0.895 -1.1685 2000 504.792
0.9 -1.19757 2000 517.353
0.905 -1.22705 2000 530.085
0.91 -1.25677 2000 542.926
0.915 -1.28642 2000 555.737
0.92 -1.31551 2000 568.303
0.925 -1.34353 2000 580.408
0.93 -1.37017 2000 591.913
0.935 -1.39536 2000 602.796
0.94 -1.41937 2000 613.169
0.945 -1.44271 2000 623.253
0.95 -1.46598 2000 633.305
0.955 -1.48968 2000 643.541
0.96 -1.51419 2000 654.129
0.965 -1.53974 2000 665.169
0.97 -1.56626 2000 676.623
0.975 -1.5933 2000 688.308
0.98 -1.62041 2000 700.017
0.985 -1.64716 2000 711.574
0.99 -1.67281 2000 722.654
0.995 -1.69581 2000 732.591
1 -1.71384 2000 740.378
1.005 -1.72428 2000 744.888
1.01 -1.72492 2000 745.165
1.015 -1.7131 1999.98 740.068
1.02 -1.68822 1999.96 729.322
1.025 -1.65038 1999.97 712.972
1.03 -1.60008 1999.98 691.241
1.035 -1.53826 1999.98 664.536
1.04 -1.46668 1999.98 633.609
1.045 -1.38854 1999.99 599.852
1.05 -1.30833 1999.99 565.203
1.055 -1.2303 1999.99 531.491
1.06 -1.15701 1999.99 499.832
1.065 -1.08925 1999.99 470.558
1.07 -1.02681 2000 443.583
1.075 -0.969618 2000 418.876
1.08 -0.918351 2000 396.729
1.085 -0.874285 2000 377.692
1.09 -0.838658 2000 362.301
1.095 -0.812048 2000 350.805
1.1 -0.794056 2000 343.033
1.105 -0.783312 2000 338.391
1.11 -0.777913 2000 336.059
1.115 -0.776519 2000 335.456
1.12 -0.779409 2000 336.705
1.125 -0.788172 2000 340.491
1.13 -0.803841 2000 347.259
1.135 -0.825011 2000 356.405
1.14 -0.84762 2000 366.172
1.145 -0.866668 2000 374.401
1.15 -0.878624 2000 379.566
1.155 -0.882687 2000 381.321
1.16 -0.880207 2000 380.25
1.165 -0.873137 2000 377.195
1.17 -0.862872 2000 372.761
1.175 -0.850235 2000 367.302
1.18 -0.83627 2000 361.269
1.185 -0.823137 2000 355.595
1.19 -0.814483 2000 351.857
1.195 -0.814724 2000 351.961
1.2 -0.827493 2000 357.477
1.205 -0.854636 2000 369.203
1.21 -0.896481 2000 387.28
1.215 -0.952507 2000 411.483
1.22 -1.02143 2000 441.259
1.225 -1.10064 2000 475.478
1.23 -1.18547 2000 512.122
1.235 -1.2693 2000 548.338
1.24 -1.34511 2000 581.089
1.245 -1.40755 2000 608.061
1.25 -1.45402 2000 628.138
1.255 -1.48398 2000 641.079
1.26 -1.49716 2000 646.775
1.265 -1.49243 2000 644.731
1.27 -1.46798 2000 634.167
1.275 -1.42286 2000 614.675
1.28 -1.35846 2000 586.855
1.285 -1.27864 2000 552.374
1.29 -1.18823 2000 513.313
1.295 -1.0908 2000 471.226
1.3 -0.987907 2000 426.776
1.305 -0.880328 2000 380.302
1.31 -0.770194 2000 332.724
1.315 -0.662087 2000 286.021
1.32 -0.562411 2000 242.961
1.325 -0.477718 2000 206.374
1.33 -0.413234 2000 178.517
1.335 -0.372302 2000 160.834
1.34 -0.356256 2000 153.902
1.345 -0.363735 2000 157.133
1.35 -0.3897 2000 168.35
1.355 -0.425795 2000 183.943
1.36 -0.462726 2000 199.897
1.365 -0.49373 2000 213.291
1.37 -0.517231 2000 223.443
1.375 -0.537031 2000 231.997
1.38 -0.560187 2000 242
1.385 -0.594214 2000 256.7
1.39 -0.645135 2000 278.698
1.395 -0.716692 2000 309.611
1.4 -0.810305 2000 350.052
1.405 -0.925424 2000 399.783
1.41 -1.05996 2000 457.903
1.415 -1.2107 2000 523.024
1.42 -1.37381 2000 593.485
1.425 -1.54529 2000 667.568
1.43 -1.72086 1999.99 743.412
1.435 -1.88021 1999.7 812.501
1.44 -2.03641 1999.61 880.053
1.445 -2.18779 1999.68 945.391
1.45 -2.33361 1999.74 1008.34
1.455 -2.47465 1999.79 1069.23
1.46 -2.61274 1999.83 1128.86
1.465 -2.75028 1999.86 1188.25
1.47 -2.89041 1999.89 1248.77
1.475 -3.03744 1999.91 1312.27
1.48 -3.1968 1999.93 1381.1
1.485 -3.37416 1999.94 1457.71
1.49 -3.57378 1999.95 1543.95
1.495 -3.79671 1999.96 1640.25
1.5 -4.04012 1999.96 1745.41
1.505 -4.29872 1999.97 1857.12
1.51 -4.56746 1999.97 1973.23
1.515 -4.84355 1999.98 2092.51
1.52 -5.1264 1999.98 2214.7
1.525 -5.41634 1999.98 2339.96
1.53 -5.71345 1999.98 2468.32
1.535 -6.01708 1999.98 2599.5
1.54 -6.32602 1999.98 2732.97
1.545 -6.6391 1999.98 2868.23
1.55 -6.95568 1999.98 3005
1.555 -7.27568 1999.98 3143.24
1.56 -7.59911 1999.98 3282.97
1.565 -7.92535 1999.98 3423.91
1.57 -8.25295 1999.98 3565.44
1.575 -8.57994 1999.98 3706.71
1.58 -8.90473 1999.98 3847.02
1.585 -9.22652 1999.98 3986.03
1.59 -9.54511 1999.98 4123.67
1.595 -9.86033 1999.98 4259.84
1.6 -10.1717 1999.98 4394.36
1.605 -10.4786 1999.99 4526.95
1.61 -10.7802 1999.99 4657.21
1.615 -11.0751 1999.99 4784.61
1.62 -11.3623 1999.99 4908.7
1.625 -11.6418 1999.99 5029.42
1.63 -11.9145 1999.99 5147.23
1.635 -12.1823 1999.99 5262.91
1.64 -12.447 1999.99 5377.25
1.645 -12.7101 1999.99 5490.89
1.65 -12.9725 1999.99 5604.25
1.655 -13.2343 1999.99 5717.36
1.66 -13.4941 1999.99 5829.6
1.665 -13.7477 1999.99 5939.14
1.67 -13.9872 1999.99 6042.59
1.675 -14.203 1999.99 6135.81
1.68 -14.3869 1999.99 6215.27
1.685 -14.5353 1999.99 6279.33
1.69 -14.6501 1999.99 6328.91
1.695 -14.7397 1999.99 6367.61
1.7 -14.8168 1999.99 6400.94
1.705 -14.8951 2000 6434.72
1.71 -14.9843 2000 6473.28
1.715 -15.0894 2000 6518.67
1.72 -15.2102 2000 6570.82
1.725 -15.3433 2000 6628.34
1.73 -15.4845 2000 6689.34
1.735 -15.6294 2000 6751.93
1.74 -15.7737 2000 6814.3
1.745 -15.9136 2000 6874.71
1.75 -16.0457 2000 6931.77
1.755 -16.168 2000 6984.61
1.76 -16.2795 2000 7032.78
1.765 -16.3796 2000 7076.02
1.77 -16.4676 2000 7114.04
1.775 -16.5427 2000 7146.49
1.78 -16.6038 2000 7172.85
1.785 -16.6487 2000 7192.28
1.79 -16.6749 2000 7203.58
1.795 -16.6798 2000 7205.7
1.8 -16.6594 1999.95 7196.99
1.805 -16.6159 1999.92 7178.25
1.81 -16.5558 1999.94 7152.23
1.815 -16.4882 1999.95 7123
1.82 -16.4249 1999.96 7095.63
1.825 -16.3777 1999.97 7075.23
1.83 -16.3563 1999.97 7065.99
1.835 -16.3667 1999.98 7070.48
1.84 -16.4116 1999.98 7089.83
1.845 -16.491 1999.99 7124.16
1.85 -16.6039 1999.99 7172.9
1.855 -16.7368 1999.84 7230.66
1.86 -16.8797 1999.7 7292.74
1.865 -17.0365 1999.75 7360.36
1.87 -17.1963 1999.8 7429.25
1.875 -17.3469 1999.84 7494.25
1.88 -17.4748 1999.87 7549.45
1.885 -17.5651 1999.89 7588.41
1.89 -17.603 1999.91 7604.73
1.895 -17.5715 1999.86 7591.2
1.9 -17.4561 1999.8 7541.46
1.905 -17.255 1999.83 7454.53
1.91 -16.9697 1999.87 7331.18
1.915 -16.6053 1999.89 7173.71
1.92 -16.1697 1999.91 6985.48
1.925 -15.6726 1999.93 6770.7
1.93 -15.1246 1999.94 6533.9
1.935 -14.5354 1999.96 6279.36
1.94 -13.9133 1999.97 6010.56
1.945 -13.2647 1999.97 5730.35
1.95 -12.5958 1999.98 5441.35
1.955 -11.9132 1999.99 5146.44
1.96 -11.2249 1999.99 4849.08
1.965 -10.5396 1999.99 4553
1.97 -9.86478 2000 4261.44
1.975 -9.20506 2000 3976.41
1.98 -8.56223 2000 3698.69
1.985 -7.93608 2000 3428.17
1.99 -7.32585 2000 3164.53
1.995 -6.73108 2000 2907.57
2 -6.15115 2000 2657.03
2.005 -5.58448 1999.99 2412.21
2.01 -5.02762 1999.99 2171.64
2.015 -4.47555 1999.99 1933.13
2.02 -3.92303 1999.98 1694.45
2.025 -3.36648 1999.97 1454.04
2.03 -2.80529 1999.96 1211.6
2.035 -2.23932 1999.95 967.125
2.04 -1.66888 1999.92 720.712
2.045 -1.09213 1999.87 471.605
2.05 -0.506084 1999.8 218.452
2.055 0.0928735 1999.72 -40.237
2.06 0.705942 1999.67 -304.892
2.065 1.30957 1999.38 -565.706
2.07 1.90527 1999.27 -823.718
2.075 2.50417 1999.39 -1082.34
2.08 3.0946 1999.49 -1337.35
2.085 3.66778 1999.58 -1584.94
2.09 4.21773 1999.65 -1822.5
2.095 4.74273 1999.71 -2049.29
2.1 5.24511 1999.75 -2266.3
2.105 5.72973 1999.79 -2475.64
2.11 6.20236 1999.83 -2679.81
2.115 6.66885 1999.85 -2881.31
2.12 7.13438 1999.87 -3082.41
2.125 7.60286 1999.89 -3284.79
2.13 8.07657 1999.9 -3489.42
2.135 8.55616 1999.92 -3696.6
2.14 9.03997 1999.92 -3905.61
2.145 9.52329 1999.93 -4114.4
2.15 9.99865 1999.94 -4319.75
2.155 10.4579 1999.94 -4518.16
2.16 10.895 1999.95 -4706.95
2.165 11.307 1999.95 -4884.93
2.17 11.6939 1999.96 -5052.06
2.175 12.0565 1999.96 -5208.68
2.18 12.395 1999.96 -5354.89
2.185 12.709 1999.97 -5490.51
2.19 12.9978 1999.97 -5615.29
2.195 13.2617 1999.97 -5729.27
2.2 13.5017 1999.98 -5832.91
2.205 13.7201 1999.98 -5927.26
2.21 13.9217 1999.98 -6014.32
2.215 14.1135 1999.98 -6097.17
2.22 14.3039 1999.99 -6179.38
2.225 14.4994 1999.99 -6263.83
2.23 14.7038 1999.99 -6352.15
2.235 14.9185 1999.99 -6444.89
2.24 15.1439 1999.99 -6542.25
2.245 15.3811 1999.99 -6644.73
2.25 15.6318 1999.99 -6753.01
2.255 15.8966 1999.99 -6867.42
2.26 16.1739 1999.99 -6987.23
2.265 16.4591 1999.99 -7110.43
2.27 16.7456 1999.99 -7234.21
2.275 17.0273 1999.99 -7355.89
2.28 17.3001 1999.99 -7473.78
2.285 17.5633 1999.99 -7587.46
2.29 17.8182 1999.99 -7697.56
2.295 18.0669 1999.99 -7805.01
2.3 18.3109 1999.99 -7910.4
2.305 18.55 1999.99 -8013.73
2.31 18.7829 1999.99 -8114.3
2.315 19.0058 1999.99 -8210.62
2.32 19.2138 1999.99 -8300.47
2.325 19.4015 1999.99 -8381.54
2.33 19.5661 1999.99 -8452.64
2.335 19.7092 1999.99 -8514.45
2.34 19.8361 1999.99 -8569.27
2.345 19.9544 1999.99 -8620.37
2.35 20.0727 1999.99 -8671.44
2.355 20.2007 1999.99 -8726.74
2.36 20.3495 1999.99 -8791.02
2.365 20.5294 1999.99 -8868.76
2.37 20.7471 1999.99 -8962.78
2.375 21.0032 1999.99 -9073.43
2.38 21.2936 1999.99 -9198.92
2.385 21.6122 1999.99 -9336.58
2.39 21.9535 1999.99 -9484.01
2.395 22.3139 1999.98 -9639.75
2.4 22.6823 2000.02 -9800.2
2.405 23.0677 2000.04 -9967.27
2.41 23.4698 2000.02 -10140.6
2.415 23.8823 2000.01 -10318.6
2.42 24.2999 2000.02 -10499.2
2.425 24.7176 2000.04 -10680.3
2.43 25.1402 2000.06 -10863.5
2.435 25.5623 2000.11 -11047.2
2.44 26.0086 2000.08 -11239.3
2.445 26.4756 2000.05 -11440.4
2.45 26.9648 2000.03 -11651.3
2.455 27.4524 2000.17 -11863.6
2.46 27.9343 2000.32 -12074.4
2.465 28.4218 2000.33 -12285.8
2.47 28.9175 2000.25 -12498.7
2.475 29.401 2000.22 -12706.8
2.48 29.8436 2000.29 -12898.6
2.485 30.2707 2000.23 -13082.1
2.49 30.6562 2000.3 -13249
2.495 30.9726 2000.53 -13388.9
2.5 31.2731 2000.46 -13518.2
2.505 31.5478 2000.37 -13635.3
2.51 31.7916 2000.29 -13739.4
2.515 32.0052 2000.23 -13830.7
2.52 32.1908 2000.19 -13910
2.525 32.3532 2000.15 -13979.6
2.53 32.4997 2000.12 -14042.3
2.535 32.6386 2000.09 -14101.8
2.54 32.7787 2000.08 -14162
2.545 32.9277 2000.06 -14226.1
2.55 33.0924 2000.05 -14297
2.555 33.2789 2000.04 -14377.4
2.56 33.4921 2000.03 -14469.4
2.565 33.7353 2000.02 -14574.3
2.57 33.9869 2000.23 -14684.8
2.575 34.2542 2000.39 -14802.4
2.58 34.5524 2000.34 -14931.1
2.585 34.8742 2000.27 -15069.4
2.59 35.2131 2000.21 -15215.2
2.595 35.5645 2000.16 -15366.5
2.6 35.9235 2000.12 -15521.2
2.605 36.2848 2000.08 -15677.1
2.61 36.6425 2000.06 -15831.4
2.615 36.9909 2000.04 -15981.7
2.62 37.3226 2000.06 -16125.1
2.625 37.6171 2000.21 -16253.2
2.63 37.9019 2000.16 -16375.9
2.635 38.1675 2000.17 -16491.3
2.64 38.4181 2000.19 -16600.2
2.645 38.6614 2000.14 -16704.7
2.65 38.8947 2000.11 -16805
2.655 39.1201 2000.09 -16902
2.66 39.3365 2000.1 -16995.8
2.665 39.5545 2000.07 -17089.5
2.67 39.7739 2000.05 -17184
2.675 39.9862 2000.11 -17276.9
2.68 40.1964 2000.15 -17368.5
2.685 40.4088 2000.12 -17459.6
2.69 40.6155 2000.09 -17548.4
2.695 40.8131 2000.07 -17633.4
2.7 40.9979 2000.05 -17712.9
2.705 41.1671 2000.04 -17785.7
2.71 41.3168 2000.06 -17850.3
2.715 41.4365 2000.18 -17903.1
2.72 41.5405 2000.18 -17948.3
2.725 41.6293 2000.15 -17986.2
2.73 41.6998 2000.12 -18016.2
2.735 41.7512 2000.09 -18038
2.74 41.7829 2000.08 -18051.5
2.745 41.7947 2000.06 -18056.3
2.75 41.7806 2000 -18050.5
2.755 41.7383 1999.94 -18032.5
2.76 41.6703 1999.95 -18002.8
2.765 41.5748 1999.96 -17961.3
2.77 41.4531 1999.97 -17908.5
2.775 41.3063 1999.97 -17844.9
2.78 41.132 2000.01 -17769.9
2.785 40.9178 2000.11 -17678.5
2.79 40.6829 2000.09 -17576.5
2.795 40.4257 2000.07 -17465
2.8 40.1509 2000.05 -17346
2.805 39.8658 2000.04 -17222.5
2.81 39.5781 2000.03 -17098
2.815 39.2949 2000.02 -16975.5
2.82 39.0049 2000.13 -16852.5
2.825 38.7276 2000.16 -16733.5
2.83 38.4623 2000.13 -16618.2
2.835 38.1971 2000.12 -16503.5
2.84 37.926 2000.13 -16386.5
2.845 37.6483 2000.1 -16266
2.85 37.3556 2000.08 -16139.1
2.855 37.0402 2000.08 -16002.9
2.86 36.6934 2000.12 -15854
2.865 36.3206 2000.12 -15693.1
2.87 35.8882 2000.45 -15508.8
2.875 35.4326 2000.56 -15312.6
2.88 34.9572 2000.45 -15106.1
2.885 34.4613 2000.36 -14890.9
2.89 33.9505 2000.29 -14669.4
2.895 33.4305 2000.23 -14444.2
2.9 32.9057 2000.18 -14216.9
2.905 32.3782 2000.15 -13988.7
2.91 31.7981 2000.52 -13742.9
2.915 31.1972 2000.76 -13486.2
2.92 30.6037 2000.61 -13228
2.925 30.0004 2000.49 -12965.9
2.93 29.3848 2000.4 -12698.8
2.935 28.7558 2000.32 -12426.2
2.94 28.0803 2000.51 -12137
2.945 27.3298 2000.84 -11817.9
2.95 26.5862 2000.79 -11495.9
2.955 25.8257 2000.82 -11167.7
2.96 25.101 2000.66 -10852.5
2.965 24.403 2000.6 -10551.2
2.97 23.6987 2000.86 -10252
2.975 23.0714 2000.85 -9980.7
2.98 22.5202 2000.69 -9739.87
2.985 22.035 2000.55 -9528.15
2.99 21.6128 2000.45 -9344.03
2.995 21.2397 2000.4 -9182.44
3 20.9059 2000.37 -9038.4
3.005 20.6169 2000.3 -8912.2
3.01 20.3566 2000.24 -8798.66
3.015 20.1125 2000.21 -8692.72
3.02 19.875 2000.18 -8589.85
3.025 19.6377 2000.15 -8486.61
3.03 19.3882 2000.12 -8378.21
3.035 19.1188 2000.1 -8261.37
3.04 18.8266 2000.08 -8134.74
3.045 18.5131 2000.06 -7998.98
3.05 18.1837 2000.05 -7856.42
3.055 17.841 2000.06 -7708.95
3.06 17.4979 2000.07 -7561.17
3.065 17.169 2000.06 -7418.66
3.07 16.8609 2000.05 -7285.28
3.075 16.5846 2000.04 -7165.65
3.08 16.3508 2000.03 -7064.42
3.085 16.1684 2000.02 -6985.46
3.09 16.044 2000.02 -6931.59
3.095 15.9817 2000.02 -6904.59
3.1 15.9839 2000.01 -6905.4
3.105 16.0527 2000.01 -6935.01
3.11 16.1864 2000.01 -6992.74
3.115 16.3811 2000.01 -7076.8
3.12 16.6297 2000.01 -7184.16
3.125 16.9233 2000 -7310.96
3.13 17.2528 2000 -7453.32
3.135 17.6106 2000 -7607.86
3.14 17.9903 2000 -7771.87
3.145 18.377 2000.04 -7940.14
3.15 18.7725 2000.05 -8111.58
3.155 19.1696 2000.04 -8282.79
3.16 19.5536 2000.03 -8448.39
3.165 19.9137 2000.03 -8603.75
3.17 20.242 2000.02 -8745.4
3.175 20.5284 2000.04 -8869.69
3.18 20.7753 2000.05 -8976.64
3.185 20.9829 2000.04 -9066
3.19 21.1451 2000.03 -9135.8
3.195 21.2566 2000.03 -9183.78
3.2 21.3117 2000.02 -9207.39
3.205 21.3048 2000.02 -9204.28
3.21 21.2317 2000.01 -9172.6
3.215 21.0896 2000.01 -9111.1
3.22 20.8753 2000.01 -9018.47
3.225 20.5852 2000.01 -8893.07
3.23 20.2115 2000.02 -8732.07
3.235 19.7496 2000.04 -8533.16
3.24 19.2059 2000.04 -8297.93
3.245 18.5766 2000.03 -8025.74
3.25 17.8548 2000.05 -7714.6
3.255 17.037 2000.08 -7362.42
3.26 16.1383 2000.07 -6973.46
3.265 15.1506 2000.05 -6546.2
3.27 14.0722 2000.03 -6079.9
3.275 12.9019 2000.02 -5573.97
3.28 11.6383 2000.01 -5027.87
3.285 10.28 2000 -4440.97
3.29 8.82599 2000 -3812.78
3.295 7.27618 2000 -3143.28
3.3 5.63171 1999.99 -2432.91
3.305 3.89373 1999.98 -1682.17
3.31 2.06307 1999.99 -891.413
3.315 0.140156 1999.98 -60.8277
3.32 -1.87428 1999.98 809.308
3.325 -3.97875 1999.95 1718.36
3.33 -6.1715 1999.94 2665.49
3.335 -8.44881 1999.9 3649.09
3.34 -10.8056 1999.85 4667.03
3.345 -13.2309 1999.72 5714.82
3.35 -15.7106 1999.39 6786.09
3.355 -18.2238 1998.78 7871.56
3.36 -20.6908 1997.84 8938.08
3.365 -22.8224 1996.77 9890.48
3.37 -24.9115 1997.46 10814.8
3.375 -26.8801 1998.95 11679.8
3.38 -28.7186 2000.4 12484.9
3.385 -30.4301 2001.35 13227.1
3.39 -32.1415 2001.45 13958
3.395 -33.7051 2002.07 14633.4
3.4 -35.3075 2001.47 15314.3
3.405 -36.7799 2001.82 15947
3.41 -38.2165 2001.62 16566.5
3.415 -39.5645 2002.09 17158.5
3.42 -40.8257 2002.76 17709.4
3.425 -42.0316 2002.73 18232.5
3.43 -43.1393 2003.27 18722.3
3.435 -44.172 2004.04 19182.7
3.44 -45.1159 2005.21 19596.5
3.445 -45.9565 2006.3 19961.9
3.45 -46.7096 2006.39 20292.4
3.455 -47.431 2006 20599.1
3.46 -48.1155 2006.21 20878.6
3.465 -48.7282 2005.51 21134.7
3.47 -49.2325 2004.45 21360.7
3.475 -49.6339 2004.17 21541.1
3.48 -49.8354 2003.51 21653.3
3.485 -49.5562 2001.24 21622.1
3.49 -48.7768 1996.82 21380.2
3.495 -48.1199 1995.86 21080.7
3.5 -47.3562 1995.46 20712
3.505 -46.519 1994.73 20317
3.51 -45.6851 1995.46 19911.4
3.515 -44.8603 1996.28 19508
3.52 -44.3497 1997.7 19226.5
3.525 -43.7194 1997.76 18942.7
3.53 -43.1793 1998.52 18681.8
3.535 -42.75 1999.24 18471.4
3.54 -42.2437 1998.76 18256.4
3.545 -41.7282 1998.19 18037.5
3.55 -41.2057 1997.78 17815.2
3.555 -40.7005 1997.63 17595
3.56 -40.2722 1998.12 17401.4
3.565 -39.8058 1997.75 17203.9
3.57 -39.5614 1998.89 17067.8
3.575 -39.4764 2000.16 17001.9
3.58 -39.2687 1999.4 16926.6
3.585 -39.0574 1998.74 16847.2
3.59 -39.0674 2000.07 16827.5
3.595 -39.0699 2000.71 16820
3.6 -39.0191 2000.46 16809.8
3.605 -38.9745 2000.28 16799.9
3.61 -38.9351 2000.14 16790.4
3.615 -38.9129 2000.28 16784.9
3.62 -38.8948 2000.26 16781.1
3.625 -38.8696 2000 16775.3
3.63 -38.8516 1999.98 16770.8
3.635 -38.8362 1999.96 16766.7
3.64 -38.8234 1999.95 16763.2
3.645 -38.8127 1999.95 16760.3
3.65 -38.8041 1999.95 16757.9
3.655 -38.7974 1999.96 16756
3.66 -38.7922 1999.96 16754.7
3.665 -38.7886 1999.97 16753.8
3.67 -38.7863 1999.97 16753.4
3.675 -38.7825 1999.97 16752.6
3.68 -38.7395 1999.89 16736.8
3.685 -38.673 1999.89 16707.4
3.69 -38.5778 1999.86 16664.6
3.695 -38.4629 1999.78 16611.9
3.7 -38.3375 1999.67 16553.6
3.705 -38.2063 1999.51 16492.8
3.71 -38.0711 1999.4 16431.4
3.715 -37.9313 1999.37 16369.5
3.72 -37.7849 1999.38 16306
3.725 -37.631 1999.42 16240.3
3.73 -37.4695 1999.47 16171.9
3.735 -37.3011 1999.52 16100.7
3.74 -37.1227 1999.96 16025.2
3.745 -36.9349 1999.92 15945.3
3.75 -36.7438 1999.68 15863.9
3.755 -36.552 1999.83 15782.9
3.76 -36.3325 2000.52 15691.7
3.765 -36.111 2000.39 15596.5
3.77 -35.8917 2000.29 15502.3
3.775 -35.674 2000.21 15408.7
3.78 -35.4563 2000.14 15315
3.785 -35.2368 2000.08 15220.5
3.79 -35.014 2000.03 15124.5
3.795 -34.7871 1999.99 15026.8
3.8 -34.556 1999.96 14927.1
3.805 -34.3224 1999.84 14826.1
3.81 -34.0875 1999.74 14724.5
3.815 -33.8506 1999.73 14622.3
3.82 -33.5892 2000.45 14513.2
3.825 -33.3211 2000.77 14399
3.83 -33.0521 2000.55 14281.8
3.835 -32.7832 2000.36 14164.9
3.84 -32.5146 2000.19 14048.2
3.845 -32.2472 2000.04 13931.9
3.85 -31.9807 1999.99 13815.3
3.855 -31.6921 2000.51 13693.4
3.86 -31.3815 2000.8 13561.5
3.865 -31.0756 2000.36 13427.8
3.87 -30.7715 2000.2 13295.5
3.875 -30.4678 2000.05 13163.6
3.88 -30.1599 2000.07 13030.9
3.885 -29.8459 2000.13 12895.8
3.89 -29.5454 1999.77 12764
3.895 -29.2549 1999.52 12637.1
3.9 -28.9708 1999.24 12514.4
3.905 -28.6998 1999.07 12397.3
3.91 -28.4263 1999.24 12280.1
3.915 -28.1701 1999.14 12168.7
3.92 -27.9275 1999.2 12063.9
3.925 -27.6198 2000.4 11937.6
3.93 -27.3308 2000.39 11813.1
3.935 -27.0636 2000.22 11696.1
3.94 -26.7638 2000.94 11572.7
3.945 -26.446 2001.52 11440.3
3.95 -26.156 2001.17 11312.1
3.955 -25.8806 2000.92 11190.6
3.96 -25.5885 2001.1 11066.6
3.965 -25.2459 2001.54 10924.4
3.97 -24.9051 2001.42 10776.5
3.975 -24.5817 2001.14 10633.4
3.98 -24.2714 2000.93 10495.9
3.985 -23.9695 2000.83 10363.1
3.99 -23.5843 2001.4 10201.2
3.995 -23.2195 2001.21 10040.2
4 -22.8545 2000.93 9880.14
4.005 -22.4937 2000.76 9721.63
4.01 -22.1323 2000.63 9563.4
4.015 -21.6826 2001.3 9379.15
4.02 -21.2058 2001.71 9179.09
4.025 -20.7532 2001.37 8980.08
4.03 -20.2822 2001.31 8776.99
4.035 -19.8114 2001.21 8573.43
4.04 -19.331 2001.24 8367.66
4.045 -18.8144 2001.6 8148.48
4.05 -18.3461 2001.38 7942.06
4.055 -17.9057 2001.11 7748.61
4.06 -17.4967 2000.9 7569.34
4.065 -17.1218 2000.72 7405.32
4.07 -16.784 2000.58 7257.72
4.075 -16.4604 2000.67 7120.1
4.08 -16.1618 2000.77 6993.53
4.085 -15.9301 2000.62 6891.18
4.09 -15.7544 2000.5 6813.5
4.095 -15.6384 2000.4 6761.94
4.1 -15.5844 2000.33 6737.42
4.105 -15.5949 2000.26 6740.78
4.11 -15.6786 2000.2 6775.67
4.115 -15.8312 2000.17 6841.18
4.12 -16.0518 2000.14 6936.38
4.125 -16.3366 2000.11 7059.63
4.13 -16.6808 2000.09 7208.89
4.135 -17.0469 2000.32 7372.18
4.14 -17.4419 2000.51 7547.14
4.145 -17.8875 2000.43 7738.95
4.15 -18.3654 2000.36 7944.64
4.155 -18.8718 2000.3 8162.59
4.16 -19.4024 2000.25 8390.94
4.165 -19.9404 2000.31 8622.52
4.17 -20.4428 2000.69 8845.96
4.175 -20.9331 2000.96 9062.54
4.18 -21.439 2000.9 9280.23
4.185 -21.9338 2000.93 9494.15
4.19 -22.4429 2000.89 9710.42
4.195 -22.9344 2000.94 9923.25
4.2 -23.3587 2001.28 10112.3
4.205 -23.8322 2001.06 10311.5
4.21 -24.3049 2000.89 10512.7
4.215 -24.7739 2000.8 10712.6
4.22 -25.2163 2000.92 10907.1
4.225 -25.6142 2001.02 11085
4.23 -26.042 2000.66 11267
4.235 -26.4635 2000.64 11448.7
4.24 -26.8092 2001.25 11606.9
4.245 -27.1424 2001.72 11753.2
4.25 -27.4937 2001.33 11899.7
4.255 -27.8491 2001.08 12049
4.26 -28.1353 2002.04 12179.7
4.265 -28.4308 2002.34 12307.3
4.27 -28.7339 2001.97 12432.3
4.275 -29.0245 2001.75 12555.6
4.28 -29.2726 2001.85 12664
4.285 -29.5286 2001.46 12771.2
4.29 -29.7863 2001.18 12879.7
4.295 -30.0416 2001.01 12988.3
4.3 -30.2905 2000.92 13094.8
4.305 -30.5425 2000.75 13201.9
4.31 -30.7958 2000.6 13309.9
4.315 -31.0502 2000.49 13418.6
4.32 -31.3017 2000.31 13526.8
4.325 -31.548 2000.08 13633.3
4.33 -31.799 2000.07 13740.8
4.335 -32.0421 2000.2 13846.3
4.34 -32.2778 2000.12 13948.7
4.345 -32.5174 2000.1 14051.2
4.35 -32.7565 2000.09 14153.6
4.355 -32.9936 2000.09 14254.7
4.36 -33.2269 2000.05 14355.3
4.365 -33.4603 2000.04 14455.8
4.37 -33.6847 2000.35 14554
4.375 -33.8966 2000.53 14646.9
4.38 -34.0943 2000.12 14733.4
4.385 -34.3002 2000.04 14821.6
4.39 -34.5066 1999.99 14910.1
4.395 -34.7132 1999.99 14998.7
4.4 -34.9186 2000 15086.9
4.405 -35.1214 2000 15174.2
4.41 -35.3201 2000 15259.7
4.415 -35.513 2000 15342.7
4.42 -35.6983 2000 15422.5
4.425 -35.8745 2000 15498.5
4.43 -36.0351 2000.38 15568.6
4.435 -36.1776 2000.55 15630.8
4.44 -36.3069 2000.38 15686.3
4.445 -36.4251 2000.31 15737.1
4.45 -36.5239 2000.13 15780.5
4.455 -36.6095 2000 15817.9
4.46 -36.6867 2000 15850.8
4.465 -36.7512 2000 15878.3
4.47 -36.8026 2000 15900.1
4.475 -36.8402 2000 15916.1
4.48 -36.8638 2000 15926.1
4.485 -36.8728 2000 15929.8
4.49 -36.847 2000.02 15921.5
4.495 -36.779 2000.04 15894.4
4.5 -36.6844 1999.99 15851.2
4.505 -36.5646 1999.91 15795.9
4.51 -36.4314 1999.79 15733.9
4.515 -36.2924 1999.68 15669.4
4.52 -36.1493 1999.54 15604.5
4.525 -36.0044 1999.47 15540.3
4.53 -35.8584 1999.49 15477
4.535 -35.7107 1999.54 15413.8
4.54 -35.5611 1999.59 15350.3
4.545 -35.3999 1999.93 15283.4
4.55 -35.2296 2000.17 15212.2
4.555 -35.0562 2000.13 15138.2
4.56 -34.8794 2000.1 15062.6
4.565 -34.6991 2000.07 14985.4
4.57 -34.515 2000.06 14906.5
4.575 -34.3265 2000.04 14825.7
4.58 -34.1331 2000.03 14742.6
4.585 -33.9337 1999.94 14657
4.59 -33.7295 1999.9 14569.2
4.595 -33.5206 1999.92 14479.3
4.6 -33.3053 1999.95 14386.6
4.605 -33.0663 2000.35 14286.1
4.61 -32.8163 2000.52 14179.3
4.615 -32.5614 2000.42 14068.7
4.62 -32.3031 2000.46 13954.8
4.625 -32.0348 2000.44 13837.9
4.63 -31.757 2000.35 13718.1
4.635 -31.4726 2000.25 13595.7
4.64 -31.1781 2000.09 13469.3
4.645 -30.8852 2000.07 13342.7
4.65 -30.5922 2000.06 13216.1
4.655 -30.3017 2000.05 13090.6
4.66 -30.0166 2000.04 12967.4
4.665 -29.7391 2000.03 12847.5
4.67 -29.462 1999.88 12729
4.675 -29.1974 1999.76 12615.3
4.68 -28.9486 1999.8 12507.4
4.685 -28.7058 1999.85 12403.1
4.69 -28.4295 2000.25 12288.6
4.695 -28.1802 2000.11 12180.2
4.7 -27.9509 2000.13 12078.8
4.705 -27.7354 2000.14 11984
4.71 -27.4706 2001.17 11878.4
4.715 -27.2376 2001.38 11780.1
4.72 -27.0352 2001.11 11690.1
4.725 -26.8537 2000.89 11609.5
4.73 -26.6903 2000.72 11537.3
4.735 -26.5317 2000.7 11468.7
4.74 -26.3447 2000.92 11390.8
4.745 -26.1742 2000.73 11315.6
4.75 -25.9992 2000.68 11239.7
4.755 -25.8347 2000.55 11167.1
4.76 -25.677 2000.44 11097.7
4.765 -25.5255 2000.36 11031.2
4.77 -25.3789 2000.29 10967.1
4.775 -25.2356 2000.23 10904.5
4.78 -25.0932 2000.19 10842.5
4.785 -24.9476 2000.16 10779.2
4.79 -24.7573 2000.36 10700
4.795 -24.5634 2000.28 10615.4
4.8 -24.3547 2000.22 10524.4
4.805 -24.1311 2000.17 10427.2
4.81 -23.891 2000.23 10322.5
4.815 -23.6342 2000.27 10210.9
4.82 -23.366 2000.22 10094.8
4.825 -23.0917 2000.18 9976.23
4.83 -22.8157 2000.14 9856.87
4.835 -22.542 2000.12 9738.56
4.84 -22.2032 2000.78 9602.2
4.845 -21.8892 2001.02 9469.66
4.85 -21.6061 2000.89 9343.89
4.855 -21.3433 2000.73 9227.78
4.86 -21.1011 2000.59 9121.7
4.865 -20.8851 2000.48 9027.24
4.87 -20.6897 2000.46 8943.11
4.875 -20.5226 2000.45 8871.13
4.88 -20.3953 2000.37 8815.11
4.885 -20.3057 2000.3 8775.57
4.89 -20.2548 2000.24 8752.9
4.895 -20.2432 2000.19 8747.34
4.9 -20.2814 2000.14 8762.08
4.905 -20.3675 2000.1 8798.06
4.91 -20.4983 2000.08 8854.89
4.915 -20.676 2000.07 8932.23
4.92 -20.8981 2000.07 9029
4.925 -21.1489 2000.19 9140.17
4.93 -21.4345 2000.26 9265.8
4.935 -21.7584 2000.23 9406.35
4.94 -22.1128 2000.24 9559.86
4.945 -22.5018 2000.32 9726.4
4.95 -22.9129 2000.26 9903.41
4.955 -23.2657 2000.93 10066.6
4.96 -23.635 2001.21 10230.5
4.965 -24.0259 2000.98 10396.2
4.97 -24.4076 2001.02 10557.4
4.975 -24.7791 2000.96 10715.1
4.98 -25.1405 2000.75 10869.6
4.985 -25.4967 2000.61 11022
4.99 -25.7849 2001.17 11154.6
4.995 -26.0723 2001.34 11281.8
5 -26.374 2001.04 11408.9
5.005 -26.6761 2000.79 11536.8
5.01 -26.9726 2000.57 11663.9
5.015 -27.2527 2000.53 11785.3
5.02 -27.4863 2001.22 11892.3
5.025 -27.7186 2001.49 11994.5
5.03 -27.9637 2001.21 12096.6
5.035 -28.2104 2000.98 12200.1
5.04 -28.4588 2000.88 12303.9
5.045 -28.6947 2000.93 12404.8
5.05 -28.8898 2001.13 12491.7
5.055 -29.0931 2000.91 12577.4
5.06 -29.2955 2000.74 12663.1
5.065 -29.4965 2000.6 12748.5
5.07 -29.6958 2000.48 12833.4
5.075 -29.887 2000.48 12916
5.08 -30.0449 2000.67 12986.4
5.085 -30.2051 2000.53 13054.3
5.09 -30.3616 2000.43 13120.9
5.095 -30.5136 2000.34 13185.6
5.1 -30.66 2000.28 13248.2
5.105 -30.8004 2000.23 13308.2
5.11 -30.9314 2000.22 13364.8
5.115 -31.0525 2000.23 13417.2
5.12 -31.1679 2000.19 13466.6
5.125 -31.2767 2000.15 13513.1
5.13 -31.3785 2000.12 13556.8
5.135 -31.4732 2000.1 13597.5
5.14 -31.5588 2000.02 13634.5
5.145 -31.6378 1999.99 13668.5
5.15 -31.7099 1999.99 13699.5
5.155 -31.7743 1999.99 13727.2
5.16 -31.8311 1999.99 13751.6
5.165 -31.8802 1999.99 13772.7
5.17 -31.9218 2000 13790.6
5.175 -31.9558 2000 13805.2
5.18 -31.9821 2000 13816.5
5.185 -32.0005 2000 13824.4
5.19 -32.0104 2000 13828.6
5.195 -32.0109 2000 13828.8
5.2 -31.981 2000.07 13818.8
5.205 -31.9288 2000.11 13797.8
5.21 -31.858 2000.07 13765.9
5.215 -31.7648 2000.02 13723.8
5.22 -31.654 1999.96 13673.6
5.225 -31.5306 1999.88 13617.6
5.23 -31.3975 1999.81 13557.5
5.235 -31.256 1999.76 13494.3
5.24 -31.1062 1999.73 13428.1
5.245 -30.9472 1999.72 13358.8
5.25 -30.7782 1999.73 13285.8
5.255 -30.5984 1999.75 13208.6
5.26 -30.407 1999.77 13126.5
5.265 -30.1948 1999.92 13037
5.27 -29.9681 2000 12940.6
5.275 -29.7286 1999.99 12837.6
5.28 -29.4747 1999.99 12728.5
5.285 -29.1808 2000.32 12606
5.29 -28.8349 2000.72 12461.7
5.295 -28.4815 2000.58 12307.9
5.3 -28.1104 2000.53 12145.9
5.305 -27.601 2001.88 11940.8
5.31 -27.0818 2002.24 11722.1
5.315 -26.4833 2002.52 11470.3
5.32 -25.721 2003.72 11158.2
5.325 -24.9591 2003.47 10827.8
5.33 -24.0242 2003.79 10431.4
5.335 -23.0923 2003.62 10015.9
5.34 -22.0136 2004.39 9557.69
5.345 -20.8195 2005.29 9047.54
5.35 -19.5535 2005.49 8503.07
5.355 -18.0828 2006.57 7877.85
5.36 -16.6823 2005.38 7254.6
5.365 -15.0289 2005.84 6559.85
5.37 -13.2701 2006.36 5817.53
5.375 -11.4069 2006.32 5019.31
5.38 -9.40663 2006.05 4156.91
5.385 -7.43184 2004.75 3284.59
5.39 -5.40155 2003.71 2392.15
5.395 -3.19814 2003.55 1444.22
5.4 -0.901872 2003.3 453.117
5.405 1.39469 2002.49 -552.664
5.41 4.02472 2002.72 -1675.16
5.415 6.63159 2002.56 -2813.87
5.42 9.52191 2003.16 -4055.76
5.425 12.6715 2004.08 -5391.72
5.43 16.1184 2005.39 -6836.81
5.435 19.6633 2005.15 -8356.75
5.44 22.927 2005.22 -9809.14
5.445 25.8775 2006.91 -11136.1
5.45 28.6954 2007.42 -12382.3
5.455 31.1796 2009.17 -13499.2
5.46 33.6734 2009.05 -14590.9
5.465 35.9008 2009.21 -15573.1
5.47 38.0294 2008.55 -16506.9
5.475 40.02 2008.08 -17369.7
5.48 41.8464 2006.98 -18159.7
5.485 43.2328 2003.27 -18788.6
5.49 44.2446 2001.57 -19270.8
5.495 45.2499 2002.75 -19704
5.5 46.1796 2002.89 -20093.1
5.505 47.0308 2002.83 -20443.2
5.51 47.7643 2003.09 -20744.3
5.515 48.4146 2002.46 -21012.4
5.52 48.9774 2002.31 -21243.9
5.525 49.4491 2002.37 -21439.4
5.53 49.7631 2002.26 -21586.6
5.535 49.9423 2001.65 -21680.8
5.54 49.9893 2000.75 -21721.9
5.545 49.7532 1999.1 -21659.3
5.55 49.2942 1997.66 -21478.3
5.555 48.916 1997.61 -21288
5.56 48.45 1996.88 -21075.8
5.565 48.0052 1997.17 -20863.6
5.57 47.6058 1997.66 -20660.4
5.575 47.211 1998.02 -20467.5
5.58 46.8217 1998.2 -20286.5
5.585 46.451 1998.33 -20118
5.59 46.1046 1998.43 -19961.8
5.595 45.8173 1999.1 -19822.9
5.6 45.5663 1999.62 -19702.8
5.605 45.3477 1999.68 -19602.7
5.61 45.2432 1999.92 -19546.6
5.615 45.1379 1999.91 -19500.9
5.62 45.0535 1999.92 -19464.3
5.625 44.9862 1999.93 -19435.1
5.63 44.9318 1999.94 -19411.4
5.635 44.8866 1999.95 -19391.8
5.64 44.848 1999.95 -19374.9
5.645 44.8139 1999.96 -19360.1
5.65 44.7832 1999.97 -19346.8
5.655 44.7548 1999.97 -19334.4
5.66 44.7282 1999.98 -19322.9
5.665 44.7026 1999.98 -19311.8
5.67 44.6778 1999.98 -19301
5.675 44.6533 1999.99 -19290.4
5.68 44.6291 1999.99 -19279.9
5.685 44.6051 1999.99 -19269.5
5.69 44.5806 1999.99 -19258.9
5.695 44.5553 1999.99 -19248
5.7 44.5285 1999.99 -19236.4
5.705 44.4995 1999.99 -19223.9
5.71 44.4676 1999.99 -19210.1
5.715 44.4325 1999.99 -19194.9
5.72 44.394 1999.99 -19178.3
5.725 44.3519 1999.99 -19160.1
5.73 44.3065 1999.99 -19140.5
5.735 44.2583 1999.99 -19119.7
5.74 44.2084 1999.99 -19098.1
5.745 44.1581 1999.99 -19076.4
5.75 44.1087 1999.98 -19055.1
5.755 44.0611 1999.98 -19034.6
5.76 44.0161 1999.98 -19015.1
5.765 43.9735 1999.98 -18996.7
5.77 43.9327 1999.98 -18979.1
5.775 43.8925 1999.99 -18961.7
5.78 43.8509 1999.99 -18943.7
5.785 43.8061 1999.99 -18924.3
5.79 43.7575 2000 -18903.1
5.795 43.7016 2000 -18879
5.8 43.6385 1999.99 -18851.8
5.805 43.5678 1999.99 -18821.3
5.81 43.4913 1999.99 -18788
5.815 43.4356 2000.11 -18761
5.82 43.366 2000.08 -18731.6
5.825 43.2933 2000.06 -18700.8
5.83 43.2186 2000.03 -18669
5.835 43.1434 1999.99 -18637
5.84 43.0709 1999.99 -18605.8
5.845 43.0023 1999.99 -18576.1
5.85 42.9374 1999.99 -18548.3
5.855 42.8782 1999.98 -18522.9
5.86 42.8257 1999.98 -18500.4
5.865 42.7804 1999.98 -18480.9
5.87 42.7428 1999.98 -18464.7
5.875 42.713 1999.98 -18451.9
5.88 42.6911 1999.98 -18442.5
5.885 42.6772 1999.98 -18436.5
5.89 42.6709 1999.99 -18433.8
5.895 42.6673 1999.98 -18432.9
5.9 42.648 1999.94 -18426.3
5.905 42.6263 1999.95 -18416.4
5.91 42.5997 1999.96 -18404.5
5.915 42.5728 1999.97 -18392.6
5.92 42.549 1999.97 -18382
5.925 42.5313 1999.97 -18374.1
5.93 42.522 1999.98 -18370
5.935 42.5231 1999.98 -18370.4
5.94 42.5372 1999.98 -18376.3
5.945 42.5655 1999.99 -18388.5
5.95 42.6094 1999.99 -18407.5
5.955 42.6655 2000 -18432.3
5.96 42.5885 1999.63 -18420.5
5.965 42.529 1999.42 -18402.2
5.97 42.4908 1999.46 -18380.4
5.975 42.4442 1999.56 -18355.7
5.98 42.3891 1999.63 -18328.2
5.985 42.3268 1999.69 -18298.3
5.99 42.2587 1999.74 -18266.5
5.995 42.1861 1999.77 -18233.2
6 42.11 1999.8 -18198.8
6.005 42.0313 1999.82 -18163.5
6.01 41.9503 1999.84 -18127.5
6.015 41.8674 1999.85 -18090.9
6.02 41.7826 1999.86 -18053.6
6.025 41.6957 1999.86 -18015.6
6.03 41.6069 1999.87 -17976.8
6.035 41.5129 1999.81 -17936.4
6.04 41.4172 1999.79 -17895
6.045 41.3209 1999.8 -17853
6.05 41.2229 1999.82 -17810.4
6.055 41.1233 1999.83 -17767.2
6.06 41.0219 1999.83 -17723.2
6.065 40.9395 2000.05 -17684.4
6.07 40.8562 2000.16 -17646.8
6.075 40.7651 2000.11 -17608.2
6.08 40.6731 2000.06 -17569
6.085 40.5804 2000.03 -17529.5
6.09 40.4877 2000 -17489.9
6.095 40.3959 1999.97 -17450.6
6.1 40.3062 1999.95 -17412.1
6.105 40.2196 1999.94 -17374.9
6.11 40.1375 1999.93 -17339.6
6.115 40.0613 1999.92 -17306.7
6.12 39.9922 1999.92 -17277
6.125 39.9315 1999.92 -17250.8
6.13 39.8804 1999.93 -17228.7
6.135 39.84 1999.93 -17211.2
6.14 39.811 1999.94 -17198.7
6.145 39.7939 1999.95 -17191.2
6.15 39.7888 1999.96 -17189
6.155 39.7599 1999.82 -17181.9
6.16 39.713 1999.71 -17165.6
6.165 39.6632 1999.76 -17142
6.17 39.5943 1999.78 -17110.1
6.175 39.5104 1999.78 -17071.6
6.18 39.4154 1999.76 -17028.2
6.185 39.313 1999.73 -16981.5
6.19 39.2056 1999.71 -16933
6.195 39.095 1999.69 -16883.6
6.2 38.9821 1999.68 -16833.7
6.205 38.8674 1999.69 -16783.6
6.21 38.7518 1999.64 -16733.4
6.215 38.6368 1999.59 -16683.8
6.22 38.5216 1999.64 -16634.5
6.225 38.4057 1999.68 -16585
6.23 38.2896 1999.69 -16535.5
6.235 38.1749 1999.72 -16486.6
6.24 38.0631 1999.76 -16439
6.245 37.9554 1999.79 -16393
6.25 37.8529 1999.81 -16349.3
6.255 37.7574 1999.82 -16308.5
6.26 37.6677 1999.94 -16270.5
6.265 37.5833 2000.05 -16234.8
6.27 37.507 2000.03 -16202
6.275 37.439 2000.02 -16172.8
6.28 37.3789 2000.02 -16146.9
6.285 37.3264 2000.01 -16124.4
6.29 37.2811 2000.01 -16104.9
6.295 37.243 2000.01 -16088.6
6.3 37.2118 2000 -16075.2
6.305 37.1874 2000 -16064.7
6.31 37.1693 2000 -16056.9
6.315 37.1569 2000 -16051.6
6.32 37.1492 2000 -16048.3
6.325 37.145 2000 -16046.5
6.33 37.1433 2000 -16045.8
6.335 37.1436 2000 -16045.9
6.34 37.1476 1999.99 -16047.5
6.345 37.1549 1999.99 -16050.7
6.35 37.1664 2000 -16055.7
6.355 37.1826 2000 -16062.8
6.36 37.2043 2000 -16072.2
6.365 37.2319 2000 -16084.2
6.37 37.2654 2000 -16098.8
6.375 37.3048 2000.01 -16115.9
6.38 37.3499 2000.02 -16135.6
6.385 37.4001 2000.02 -16157.6
6.39 37.4548 2000.04 -16181.5
6.395 37.5132 2000.05 -16207.1
6.4 37.5747 2000.06 -16234.1
6.405 37.6387 2000.07 -16262.2
6.41 37.7047 2000.08 -16291.1
6.415 37.7725 2000.09 -16320.7
6.42 37.842 2000.09 -16351
6.425 37.9131 2000.1 -16381.9
6.43 37.9856 2000.1 -16413.3
6.435 38.0594 2000.1 -16445.2
6.44 38.1345 2000.09 -16477.6
6.445 38.2108 2000.09 -16510.5
6.45 38.2884 2000.08 -16543.8
6.455 38.3669 2000.08 -16577.6
6.46 38.4437 2000.12 -16610.8
6.465 38.52 2000.08 -16643.6
6.47 38.5962 2000.04 -16676.3
6.475 38.6723 2000.04 -16708.9
6.48 38.747 2000.04 -16740.9
6.485 38.8196 2000.03 -16772
6.49 38.8898 2000.03 -16802
6.495 38.9572 2000.02 -16830.9
6.5 39.022 2000.02 -16858.7
6.505 39.0842 2000.02 -16885.4
6.51 39.1439 2000.02 -16911
6.515 39.2011 2000.01 -16935.6
6.52 39.2559 2000.01 -16959.2
6.525 39.3084 2000.01 -16981.8
6.53 39.3587 2000.01 -17003.4
6.535 39.4056 1999.99 -17023.8
6.54 39.449 1999.96 -17042.7
6.545 39.4917 1999.96 -17061.1
6.55 39.5323 1999.97 -17078.5
6.555 39.5706 1999.98 -17095
6.56 39.6066 1999.98 -17110.5
6.565 39.6364 1999.95 -17123.7
6.57 39.666 1999.96 -17136.4
6.575 39.6887 1999.93 -17146.8
6.58 39.7069 1999.9 -17155.3
6.585 39.7095 1999.85 -17158.3
6.59 39.6735 1999.69 -17148.5
6.595 39.6472 1999.67 -17138
6.6 39.6283 1999.73 -17127.8
6.605 39.6086 1999.79 -17117.7
6.61 39.5881 1999.83 -17107.6
6.615 39.5669 1999.86 -17097.4
6.62 39.5523 1999.82 -17089.1
6.625 39.5476 1999.85 -17084.9
6.63 39.5381 1999.88 -17080.7
6.635 39.5282 1999.9 -17076.4
6.64 39.518 1999.92 -17072
6.645 39.5074 1999.93 -17067.4
6.65 39.4963 1999.95 -17062.5
6.655 39.4845 1999.96 -17057.4
6.66 39.472 1999.96 -17052
6.665 39.4586 1999.97 -17046.2
6.67 39.4441 1999.97 -17039.9
6.675 39.4284 1999.98 -17033.2
6.68 39.4115 1999.98 -17025.9
6.685 39.3904 1999.93 -17017.2
6.69 39.3685 1999.9 -17007.9
6.695 39.3461 1999.92 -16998.1
6.7 39.3222 1999.93 -16987.7
6.705 39.2968 1999.94 -16976.7
6.71 39.2698 1999.95 -16964.9
6.715 39.2411 1999.96 -16952.5
6.72 39.2107 1999.96 -16939.3
6.725 39.1784 1999.96 -16925.3
6.73 39.1398 1999.85 -16909.2
6.735 39.0923 1999.65 -16889.6
6.74 39.0457 1999.71 -16869.2
6.745 38.9956 1999.75 -16847.4
6.75 38.9421 1999.79 -16824.1
6.755 38.9706 2000.46 -16823.6
6.76 38.9743 2000.63 -16821.1
6.765 38.9586 2000.5 -16817.4
6.77 38.9441 2000.39 -16813.6
6.775 38.9304 2000.3 -16809.7
6.78 38.9172 2000.23 -16805.7
6.785 38.9045 2000.18 -16801.5
6.79 38.8919 2000.13 -16797.2
6.795 38.8795 2000.09 -16792.6
6.8 38.8669 2000.05 -16787.9
6.805 38.8543 2000.02 -16783.1
6.81 38.8473 1999.98 -16780.2
6.815 38.8369 1999.87 -16776.7
6.82 38.8291 1999.88 -16773.5
6.825 38.8195 1999.81 -16769.8
6.83 38.8078 1999.67 -16765.2
6.835 38.7982 1999.71 -16761.1
6.84 38.7884 1999.74 -16756.9
6.845 38.7786 1999.77 -16752.6
6.85 38.7686 1999.79 -16748.3
6.855 38.7586 1999.81 -16744
6.86 38.7486 1999.82 -16739.7
6.865 38.7385 1999.83 -16735.4
6.87 38.7285 1999.84 -16731.1
6.875 38.7186 1999.85 -16726.8
6.88 38.7088 1999.86 -16722.5
6.885 38.6991 1999.86 -16718.4
6.89 38.6898 1999.87 -16714.3
6.895 38.6808 1999.88 -16710.4
6.9 38.6722 1999.88 -16706.7
6.905 38.6642 1999.89 -16703.2
6.91 38.6567 1999.9 -16700
6.915 38.6499 1999.91 -16697
6.92 38.6437 1999.91 -16694.3
6.925 38.6383 1999.92 -16692
6.93 38.6337 1999.93 -16689.9
6.935 38.6298 1999.94 -16688.3
6.94 38.6267 1999.95 -16686.9
6.945 38.6243 1999.96 -16685.8
6.95 38.6226 1999.96 -16685.1
6.955 38.6215 1999.97 -16684.6
6.96 38.6209 1999.98 -16684.3
6.965 38.6208 1999.98 -16684.2
6.97 38.6109 1999.93 -16681.5
6.975 38.595 1999.89 -16675.6
6.98 38.5773 1999.91 -16667.5
6.985 38.5538 1999.92 -16656.9
6.99 38.5258 1999.93 -16644.3
6.995 38.4943 1999.94 -16630.3
7 38.4604 1999.94 -16615.3
7.005 38.425 1999.94 -16599.6
7.01 38.3888 1999.94 -16583.6
7.015 38.3525 1999.94 -16567.6
7.02 38.3167 1999.94 -16551.8
7.025 38.2814 1999.93 -16536.4
7.03 38.2468 1999.93 -16521.3
7.035 38.2124 1999.93 -16506.3
7.04 38.1778 1999.93 -16491.2
7.045 38.1425 1999.93 -16475.8
7.05 38.1056 1999.92 -16459.8
7.055 38.0668 1999.91 -16443
7.06 38.026 1999.91 -16425.2
7.065 37.9827 1999.91 -16406.4
7.07 37.937 1999.91 -16386.5
7.075 37.8892 1999.91 -16365.7
7.08 37.8398 1999.9 -16344.3
7.085 37.789 1999.9 -16322.3
7.09 37.7373 1999.91 -16300
7.095 37.685 1999.91 -16277.4
7.1 37.6324 1999.91 -16254.8
7.105 37.5794 1999.92 -16232.1
7.11 37.526 1999.92 -16209.2
7.115 37.4721 1999.93 -16186
7.12 37.4172 1999.91 -16162.5
7.125 37.3617 1999.89 -16138.7
7.13 37.3057 1999.91 -16114.6
7.135 37.2485 1999.92 -16090
7.14 37.1895 1999.94 -16064.7
7.145 37.1246 2000.07 -16037.1
7.15 37.0566 2000.05 -16007.8
7.155 36.9865 2000.04 -15977.5
7.16 36.9141 2000.03 -15946.3
7.165 36.8391 2000.02 -15913.9
7.17 36.7613 2000.01 -15880.4
7.175 36.6805 2000 -15845.5
7.18 36.5965 2000 -15809.2
7.185 36.5104 2000.02 -15771.5
7.19 36.4086 2000.72 -15729.2
7.195 36.2977 2000.94 -15682.1
7.2 36.1799 2000.74 -15631
7.205 36.0585 2000.59 -15578.2
7.21 35.9329 2000.48 -15523.8
7.215 35.8031 2000.38 -15467.5
7.22 35.6718 2000.07 -15410.2
7.225 35.5388 1999.9 -15352.4
7.23 35.4038 1999.9 -15294.1
7.235 35.2652 1999.88 -15234.3
7.24 35.124 1999.86 -15173.4
7.245 34.9816 1999.86 -15111.9
7.25 34.8376 1999.87 -15049.7
7.255 34.6924 1999.87 -14987
7.26 34.5464 1999.88 -14923.9
7.265 34.3998 1999.88 -14860.6
7.27 34.2529 1999.88 -14797.1
7.275 34.106 1999.88 -14733.7
7.28 33.959 1999.84 -14670.2
7.285 33.8129 1999.83 -14607.1
7.29 33.6603 2000.2 -14542.4
7.295 33.4932 2000.58 -14471.8
7.3 33.3252 2000.42 -14398.8
7.305 33.1592 2000.33 -14326.6
7.31 32.9946 2000.26 -14255.1
7.315 32.8324 2000.13 -14184.6
7.32 32.6738 2000.02 -14115.7
7.325 32.5177 2000 -14048.1
7.33 32.3641 1999.99 -13981.6
7.335 32.2133 1999.98 -13916.4
7.34 32.0691 1999.77 -13853.5
7.345 31.9331 1999.6 -13794.1
7.35 31.8019 1999.65 -13737.6
7.355 31.6728 1999.68 -13682.1
7.36 31.5351 2000.03 -13624.4
7.365 31.3934 2000.26 -13564.2
7.37 31.2555 2000.19 -13503.8
7.375 31.1209 2000.17 -13444.8
7.38 30.9878 2000.12 -13387.1
7.385 30.8583 2000.08 -13331.1
7.39 30.7324 2000.05 -13276.6
7.395 30.6101 2000.03 -13223.7
7.4 30.4912 2000.01 -13172.3
7.405 30.3756 1999.99 -13122.3
7.41 30.2633 1999.98 -13073.8
7.415 30.1541 1999.94 -13026.6
7.42 30.0481 1999.91 -12980.8
7.425 29.9399 2000.06 -12934.8
7.43 29.8335 2000.1 -12889
7.435 29.728 2000.08 -12843.3
7.44 29.6224 2000.05 -12797.5
7.445 29.5208 1999.81 -12752.7
7.45 29.4193 1999.71 -12708.4
7.455 29.3159 1999.69 -12663.9
7.46 29.2109 1999.68 -12618.8
7.465 29.1053 1999.71 -12573.2
7.47 28.998 1999.73 -12526.8
7.475 28.8891 1999.75 -12479.8
7.48 28.7788 1999.76 -12432.1
7.485 28.6671 1999.77 -12383.9
7.49 28.5542 1999.77 -12335.1
7.495 28.4368 1999.87 -12284.9
7.5 28.3119 1999.99 -12231.6
7.505 28.1858 1999.95 -12176.9
7.51 28.064 1999.67 -12123.2
7.515 27.9489 1999.42 -12072.7
7.52 27.8362 1999.44 -12024
7.525 27.7107 1999.8 -11971.9
7.53 27.546 2000.49 -11905.3
7.535 27.3823 2000.44 -11834.3
7.54 27.2183 2000.3 -11762.4
7.545 27.0528 2000.19 -11690
7.55 26.8868 2000.07 -11617.5
7.555 26.6772 2001.07 -11533.1
7.56 26.4463 2001.6 -11435.8
7.565 26.2154 2001.18 -11333.4
7.57 25.9831 2000.92 -11231.4
7.575 25.7505 2000.71 -11129.6
7.58 25.484 2001.17 -11018.4
7.585 25.1693 2001.62 -10888.2
7.59 24.8446 2001.4 -10747.8
7.595 24.5328 2001.11 -10610.2
7.6 24.2277 2000.87 -10476.1
7.605 23.9305 2000.69 -10345.8
7.61 23.6102 2000.95 -10210.6
7.615 23.2638 2001.28 -10065
7.62 22.9438 2001.03 -9923.84
7.625 22.6427 2000.86 -9790.35
7.63 22.3565 2000.69 -9663.89
7.635 22.0759 2000.67 -9540.44
7.64 21.8034 2000.63 -9421.35
7.645 21.5413 2000.51 -9307.6
7.65 21.2496 2000.98 -9187.6
7.655 20.9674 2001.13 -9068.76
7.66 20.7099 2000.91 -8955.46
7.665 20.4616 2000.8 -8846.13
7.67 20.2228 2000.69 -8741.46
7.675 19.9939 2000.56 -8641.56
7.68 19.7673 2000.52 -8543.9
7.685 19.5401 2000.52 -8446.31
7.69 19.3227 2000.42 -8351.43
7.695 19.1078 2000.34 -8257.84
7.7 18.8923 2000.27 -8164.09
7.705 18.671 2000.24 -8068.34
7.71 18.4105 2000.4 -7958.42
7.715 18.1532 2000.32 -7846.32
7.72 17.8899 2000.26 -7731.78
7.725 17.6172 2000.29 -7613.12
7.73 17.3369 2000.28 -7491.41
7.735 17.0504 2000.23 -7367.31
7.74 16.7595 2000.16 -7241.21
7.745 16.4638 2000.11 -7113.12
7.75 16.1631 2000.07 -6982.95
7.755 15.8568 2000.05 -6850.5
7.76 15.5452 2000.04 -6715.8
7.765 15.2282 2000.03 -6578.82
7.77 14.8978 2000.09 -6437.15
7.775 14.5215 2000.33 -6278.43
7.78 14.1516 2000.26 -6117.63
7.785 13.7745 2000.21 -5953.96
7.79 13.3903 2000.17 -5787.34
7.795 12.9717 2000.35 -5609.71
7.8 12.5412 2000.44 -5425.42
7.805 12.1118 2000.36 -5238.49
7.81 11.6748 2000.29 -5048.51
7.815 11.2311 2000.23 -4855.91
7.82 10.7824 2000.19 -4661.27
7.825 10.3298 2000.15 -4465.15
7.83 9.87459 2000.12 -4267.98
7.835 9.40628 2000.18 -4066.77
7.84 8.9132 2000.3 -3856.08
7.845 8.41625 2000.32 -3641.81
7.85 7.90902 2000.34 -3423.04
7.855 7.40075 2000.28 -3202.26
7.86 6.88507 2000.22 -2978.51
7.865 6.36344 2000.13 -2752.09
7.87 5.83374 2000.08 -2522.47
7.875 5.29535 2000.06 -2289.45
7.88 4.74908 2000.05 -2053.11
7.885 4.19482 2000.04 -1813.39
7.89 3.63226 2000.03 -1570.13
7.895 3.06107 2000.02 -1323.2
7.9 2.48096 2000.02 -1072.44
7.905 1.89168 2000.01 -817.752
7.91 1.29298 2000.01 -559.015
7.915 0.684723 2000.01 -296.172
7.92 0.0861623 2000.12 -34.8892
7.925 -0.432703 2000.51 201.6
7.93 -0.965867 2000.59 435.654
7.935 -1.52679 2000.48 674.438
7.94 -2.2029 2000.82 948.591
7.945 -2.91586 2001.15 1243.01
7.95 -3.59316 2000.97 1537.1
7.955 -4.27339 2000.74 1834.13
7.96 -4.9659 2000.59 2135.58
7.965 -5.67022 2000.48 2441.69
7.97 -6.38551 2000.35 2752.4
7.975 -7.11349 2000.26 3068.22
7.98 -7.8553 2000.2 3389.59
7.985 -8.61049 2000.16 3716.57
7.99 -9.37912 2000.13 4049.22
7.995 -10.1612 2000.1 4387.55
8 -10.9524 2000.11 4730.33
8.005 -11.6747 2000.63 5051.87
8.01 -12.4314 2000.66 5379.86
8.015 -13.2014 2000.4 5711.51
8.02 -13.9778 2000.18 6046.19
8.025 -14.7671 2000.14 6385.73
8.03 -15.5659 2000.1 6729.62
8.035 -16.3133 2000.6 7059.85
8.04 -17.0729 2000.82 7390.77
8.045 -17.8119 2001.08 7713.22
8.05 -18.5048 2001.45 8017.34
8.055 -19.206 2001.21 8316.52
8.06 -19.9044 2000.89 8615.53
8.065 -20.6083 2000.75 8916.68
8.07 -21.2229 2001.22 9187.43
8.075 -21.8322 2001.25 9449.52
8.08 -22.4146 2001.3 9701.3
8.085 -23.0066 2001.06 9953.53
8.09 -23.4929 2001.86 10172.7
8.095 -23.98 2001.95 10386.2
8.1 -24.4848 2001.58 10599.1
8.105 -25.0052 2001.34 10817.8
8.11 -25.4774 2001.59 11024.2
8.115 -25.8989 2001.92 11210
8.12 -26.3311 2001.52 11392.6
8.125 -26.758 2001.23 11573.6
8.13 -27.1464 2001.45 11743.5
8.135 -27.4591 2002.49 11888.5
8.14 -27.7669 2002.59 12022.4
8.145 -28.0741 2001.92 12150.8
8.15 -28.3809 2001.55 12279
8.155 -28.6827 2001.26 12405.9
8.16 -28.93 2001.46 12514.1
8.165 -29.181 2001.17 12619.5
8.17 -29.4287 2000.95 12723.9
8.175 -29.673 2000.77 12827.4
8.18 -29.914 2000.62 12929.9
8.185 -30.1246 2000.97 13023.6
8.19 -30.3228 2001.12 13110.5
8.195 -30.5228 2000.91 13194.8
8.2 -30.7197 2000.73 13278.1
8.205 -30.9135 2000.59 13360.5
8.21 -31.1044 2000.48 13441.8
8.215 -31.2856 2000.5 13520.2
8.22 -31.4632 2000.48 13596.6
8.225 -31.639 2000.39 13671.7
8.23 -31.8123 2000.31 13745.9
8.235 -31.9837 2000.25 13819.3
8.24 -32.1548 2000.26 13892
8.245 -32.323 2000.25 13963.8
8.25 -32.4882 2000.2 14035.1
8.255 -32.6486 2000.04 14105
8.26 -32.8084 1999.93 14174.4
8.265 -32.9703 1999.95 14244.1
8.27 -33.1267 1999.84 14312.1
8.275 -33.2799 1999.86 14378.9
8.28 -33.4323 1999.95 14444.7
8.285 -33.5829 1999.96 14509.4
8.29 -33.7312 1999.96 14573.2
8.295 -33.8772 1999.97 14636
8.3 -34.0209 1999.98 14697.9
8.305 -34.1513 1999.73 14755.6
8.31 -34.2811 1999.61 14812.3
8.315 -34.4136 1999.68 14869
8.32 -34.5434 1999.74 14924.6
8.325 -34.6704 1999.79 14979.2
8.33 -34.7947 1999.83 15032.5
8.335 -34.9162 1999.86 15084.8
8.34 -35.0331 1999.97 15135.4
8.345 -35.1425 2000.11 15183.1
8.35 -35.2476 2000.13 15228.3
8.355 -35.3501 2000.11 15272.4
8.36 -35.4502 2000.09 15315.4
8.365 -35.5398 1999.92 15355.1
8.37 -35.6281 1999.84 15393.8
8.375 -35.7186 1999.87 15432.4
8.38 -35.8077 1999.89 15470.5
8.385 -35.896 1999.91 15508.3
8.39 -35.9836 1999.93 15546
8.395 -36.0709 1999.94 15583.4
8.4 -36.1577 1999.95 15620.8
8.405 -36.2441 1999.96 15658
8.41 -36.33 1999.97 15695
8.415 -36.4156 1999.98 15731.9
8.42 -36.5006 1999.98 15768.6
8.425 -36.5851 1999.98 15805
8.43 -36.669 1999.99 15841.2
8.435 -36.7524 1999.99 15877.2
8.44 -36.8351 1999.99 15912.9
8.445 -36.9006 1999.71 15943.6
8.45 -36.9676 1999.59 15973.7
8.455 -37.0408 1999.67 16004.6
8.46 -37.1134 1999.73 16035.4
8.465 -37.1857 1999.78 16066.2
8.47 -37.2583 1999.82 16097.1
8.475 -37.332 1999.88 16128.4
8.48 -37.406 1999.92 16159.9
8.485 -37.4803 1999.95 16191.9
8.49 -37.5514 2000.09 16223
8.495 -37.5968 1999.84 16245.1
8.5 -37.6535 1999.87 16269
8.505 -37.7109 1999.9 16293.3
8.51 -37.769 1999.92 16318
8.515 -37.8271 1999.93 16342.8
8.52 -37.8355 1999.59 16351
8.525 -37.8605 1999.67 16360.6
8.53 -37.8705 1999.59 16366.2
8.535 -37.8738 1999.54 16368.5
8.54 -37.8574 1999.48 16362.4
8.545 -37.8424 1999.37 16355
8.55 -37.822 1999.23 16345.7
8.555 -37.8043 1999.38 16336.8
8.56 -37.7857 1999.5 16327.7
8.565 -37.7663 1999.59 16318.5
8.57 -37.7461 1999.67 16309.1
8.575 -37.7253 1999.73 16299.6
8.58 -37.7038 1999.78 16289.9
8.585 -37.6857 1999.93 16281.2
8.59 -37.6716 2000.1 16274.1
8.595 -37.6541 2000.08 16266.5
8.6 -37.6363 2000.06 16258.8
8.605 -37.6182 2000.05 16251
8.61 -37.5639 1998.38 16232.3
8.615 -37.5031 1997.81 16207.9
8.62 -37.442 1998.4 16180.3
8.625 -37.396 1999.44 16158.6
8.63 -37.3479 1999.54 16137.1
8.635 -37.2989 1999.63 16115.4
8.64 -37.2492 1999.7 16093.5
8.645 -37.1994 1999.77 16071.5
8.65 -37.1493 1999.82 16049.4
8.655 -37.1194 2000.47 16033.5
8.66 -37.0956 2000.88 16021.2
8.665 -37.0645 2000.71 16008.6
8.67 -37.0339 2000.58 15996
8.675 -37.0035 2000.47 15983.4
8.68 -36.9736 2000.39 15970.9
8.685 -36.9129 1998.66 15948.9
8.69 -36.8321 1997.92 15916.2
8.695 -36.7428 1998.33 15876.8
8.7 -36.6549 1998.52 15838
8.705 -36.5659 1998.7 15799
8.71 -36.4768 1998.89 15760
8.715 -36.4214 2000.27 15731.6
8.72 -36.3605 1999.77 15705
8.725 -36.2874 1999.18 15675
8.73 -36.1332 1996.38 15617.2
8.735 -0.0756934 -13.748 28.3573
