0.1 2.4585e-17 -0.0170497 -1.13819e-19
0.2 2.43503e-17 -0.0343536 -1.12733e-19
0.3 1.99639e-17 -0.0519235 -9.24253e-20
0.4 8.96445e-17 -0.069772 -4.15021e-19
0.5 4.11116e-17 -0.0879129 -1.90331e-19
0.6 8.29856e-17 -0.106361 -3.84193e-19
0.7 1.87834e-16 -0.125132 -8.69603e-19
0.8 -1.55696e-17 -0.144244 7.20816e-20
0.9 1.29987e-16 -0.163717 -6.0179e-19
1 1.36577e-16 -0.183572 -6.32301e-19
0.005 6.53098e-05 -0.183572 -2.2677e-07
0.01 0.00032631 -0.183572 -1.13302e-06
0.015 0.000847594 -0.183574 -2.94303e-06
0.02 0.00162821 -0.183576 -5.6535e-06
0.025 0.00266721 -0.183578 -9.26112e-06
0.03 0.00396362 -0.183581 -1.37625e-05
0.035 0.00551642 -0.183585 -1.91541e-05
0.04 0.00732454 -0.18359 -2.54322e-05
0.045 0.00938691 -0.183595 -3.2593e-05
0.05 0.0117024 -0.1836 -4.06325e-05
0.055 0.0142698 -0.183607 -4.95466e-05
0.06 0.0170878 -0.183614 -5.9331e-05
0.065 0.0201554 -0.183621 -6.99817e-05
0.07 0.0234714 -0.183629 -8.14946e-05
0.075 0.0270347 -0.183638 -9.38661e-05
0.08 0.0308444 -0.183648 -0.000107092
0.085 0.0348992 -0.183658 -0.00012117
0.09 0.0391982 -0.183668 -0.000136095
0.095 0.0437401 -0.183679 -0.000151863
0.1 0.0485235 -0.183691 -0.000168469
0.105 0.0535473 -0.183704 -0.000185909
0.11 0.0588097 -0.183717 -0.000204177
0.115 0.0643087 -0.183731 -0.000223267
0.12 0.0700424 -0.183745 -0.00024317
0.125 0.0760092 -0.18376 -0.000263882
0.13 0.0822081 -0.183775 -0.000285399
0.135 0.0886386 -0.183791 -0.00030772
0.14 0.0953001 -0.183808 -0.000330841
0.145 0.102191 -0.183826 -0.00035476
0.15 0.109311 -0.183844 -0.000379471
0.155 0.116658 -0.183862 -0.000404969
0.16 0.124229 -0.183881 -0.000431245
0.165 0.132023 -0.183901 -0.000458294
0.17 0.140039 -0.183922 -0.000486112
0.175 0.148275 -0.183943 -0.000514692
0.18 0.15673 -0.183964 -0.000544028
0.185 0.165398 -0.183987 -0.000574108
0.19 0.174279 -0.184009 -0.00060492
0.195 0.183368 -0.184033 -0.000636456
0.2 0.192664 -0.184057 -0.00066871
0.205 0.202168 -0.184082 -0.000701683
0.21 0.21188 -0.184107 -0.000735374
0.215 0.2218 -0.184133 -0.000769786
0.22 0.231927 -0.18416 -0.000804916
0.225 0.24226 -0.184187 -0.000840758
0.23 0.252798 -0.184215 -0.000877308
0.235 0.263539 -0.184243 -0.000914559
0.24 0.27448 -0.184272 -0.000952505
0.245 0.285621 -0.184302 -0.00099114
0.25 0.29696 -0.184332 -0.00103046
0.255 0.308491 -0.184363 -0.00107044
0.26 0.32021 -0.184395 -0.00111107
0.265 0.332114 -0.184427 -0.00115234
0.27 0.344201 -0.18446 -0.00119424
0.275 0.356474 -0.184494 -0.00123679
0.28 0.368935 -0.184528 -0.00127998
0.285 0.381582 -0.184563 -0.00132381
0.29 0.394413 -0.184598 -0.00136827
0.295 0.407423 -0.184635 -0.00141335
0.3 0.420607 -0.184672 -0.00145903
0.305 0.433959 -0.184709 -0.00150528
0.31 0.447473 -0.184747 -0.0015521
0.315 0.461146 -0.184786 -0.00159945
0.32 0.474975 -0.184826 -0.00164734
0.325 0.488957 -0.184866 -0.00169575
0.33 0.503086 -0.184907 -0.00174467
0.335 0.517359 -0.184948 -0.00179407
0.34 0.531774 -0.184991 -0.00184396
0.345 0.546331 -0.185033 -0.00189434
0.35 0.561033 -0.185077 -0.00194521
0.355 0.575878 -0.185121 -0.00199656
0.36 0.59087 -0.185166 -0.00204842
0.365 0.606014 -0.185212 -0.00210079
0.37 0.621311 -0.185259 -0.00215368
0.375 0.636761 -0.185306 -0.00220709
0.38 0.652362 -0.185354 -0.00226101
0.385 0.668111 -0.185403 -0.00231544
0.39 0.684001 -0.185453 -0.00237034
0.395 0.700023 -0.185503 -0.00242569
0.4 0.716167 -0.185554 -0.00248145
0.405 0.732427 -0.185606 -0.00253761
0.41 0.748799 -0.185659 -0.00259414
0.415 0.765281 -0.185712 -0.00265104
0.42 0.78187 -0.185766 -0.0027083
0.425 0.798564 -0.185821 -0.00276591
0.43 0.815364 -0.185876 -0.00282389
0.435 0.832276 -0.185933 -0.00288224
0.44 0.849307 -0.18599 -0.00294099
0.445 0.866457 -0.186047 -0.00300015
0.45 0.883722 -0.186106 -0.00305969
0.455 0.901091 -0.186165 -0.00311958
0.46 0.918547 -0.186225 -0.00317978
0.465 0.936075 -0.186286 -0.0032402
0.47 0.953656 -0.186347 -0.00330081
0.475 0.97128 -0.186409 -0.00336156
0.48 0.988943 -0.186471 -0.00342244
0.485 1.00664 -0.186534 -0.00348343
0.49 1.02437 -0.186597 -0.00354454
0.495 1.04213 -0.186661 -0.00360573
0.5 1.05992 -0.186725 -0.00366702
0.505 1.07774 -0.18679 -0.0037284
0.51 1.0956 -0.186855 -0.00378993
0.515 1.11351 -0.186921 -0.00385163
0.52 1.13148 -0.186988 -0.00391352
0.525 1.14952 -0.187055 -0.00397563
0.53 1.16761 -0.187122 -0.00403794
0.535 1.18576 -0.187191 -0.00410044
0.54 1.20396 -0.187259 -0.0041631
0.545 1.22219 -0.187329 -0.00422588
0.55 1.24046 -0.187398 -0.00428876
0.555 1.25873 -0.187469 -0.00435167
0.56 1.27701 -0.187539 -0.00441457
0.565 1.29526 -0.18761 -0.00447741
0.57 1.3135 -0.187681 -0.00454017
0.575 1.33171 -0.187753 -0.00460284
0.58 1.34989 -0.187825 -0.00466541
0.585 1.36804 -0.187897 -0.00472786
0.59 1.38615 -0.187969 -0.00479019
0.595 1.40423 -0.188041 -0.00485239
0.6 1.42228 -0.188114 -0.00491447
0.605 1.44029 -0.188187 -0.00497645
0.61 1.45829 -0.18826 -0.00503836
0.615 1.47626 -0.188332 -0.00510008
0.62 1.49421 -0.188403 -0.0051616
0.625 1.51211 -0.188475 -0.00522298
0.63 1.52996 -0.188546 -0.00528417
0.635 1.54776 -0.188617 -0.00534508
0.64 1.56553 -0.188686 -0.00540577
0.645 1.58329 -0.188756 -0.00546644
0.65 1.60106 -0.188826 -0.00552716
0.655 1.61887 -0.188897 -0.005588
0.66 1.63672 -0.188968 -0.00564895
0.665 1.65459 -0.189034 -0.00570964
0.67 1.67247 -0.189097 -0.00576998
0.675 1.6903 -0.189159 -0.00583016
0.68 1.708 -0.189222 -0.00588994
0.685 1.72551 -0.189284 -0.00594906
0.69 1.74277 -0.189346 -0.00600736
0.695 1.75976 -0.189408 -0.00606475
0.7 1.77649 -0.189469 -0.00612123
0.705 1.79295 -0.189529 -0.00617684
0.71 1.80919 -0.189584 -0.0062315
0.715 1.82522 -0.189635 -0.00628533
0.72 1.84108 -0.189685 -0.00633854
0.725 1.85676 -0.189731 -0.00639082
0.73 1.87224 -0.189772 -0.00644216
0.735 1.88748 -0.189812 -0.00649274
0.74 1.90248 -0.189849 -0.00654237
0.745 1.91722 -0.189881 -0.00659102
0.75 1.93167 -0.189914 -0.00663876
0.755 1.94584 -0.189947 -0.00668556
0.76 1.95974 -0.18998 -0.00673151
0.765 1.97343 -0.190012 -0.00677674
0.77 1.98695 -0.190045 -0.00682144
0.775 2.00036 -0.190077 -0.00686578
0.78 2.01372 -0.19011 -0.00690994
0.785 2.02707 -0.190143 -0.00695409
0.79 2.04045 -0.190175 -0.00699826
0.795 2.05385 -0.190193 -0.00704207
0.8 2.06724 -0.190202 -0.00708552
0.805 2.08059 -0.190208 -0.00712868
0.81 2.09383 -0.190213 -0.00717135
0.815 2.10691 -0.190219 -0.0072135
0.82 2.11976 -0.190225 -0.00725495
0.825 2.13235 -0.190231 -0.00729558
0.83 2.14466 -0.190238 -0.0073353
0.835 2.15665 -0.190245 -0.007374
0.84 2.1683 -0.190253 -0.00741161
0.845 2.17959 -0.19026 -0.00744805
0.85 2.19051 -0.190267 -0.00748331
0.855 2.20106 -0.190274 -0.00751737
0.86 2.21122 -0.190282 -0.00755017
0.865 2.22095 -0.190289 -0.00758159
0.87 2.2302 -0.190295 -0.00761147
0.875 2.23895 -0.190302 -0.00763971
0.88 2.24717 -0.190308 -0.00766625
0.885 2.25486 -0.190314 -0.00769108
0.89 2.26201 -0.19032 -0.00771417
0.895 2.26863 -0.190325 -0.00773556
0.9 2.27474 -0.19033 -0.00775528
0.905 2.28035 -0.190334 -0.00777337
0.91 2.28545 -0.190338 -0.00778983
0.915 2.29004 -0.190342 -0.00780466
0.92 2.29414 -0.190345 -0.00781789
0.925 2.29778 -0.190348 -0.00782965
0.93 2.30101 -0.190351 -0.00784008
0.935 2.30386 -0.190353 -0.00784927
0.94 2.30635 -0.190355 -0.00785731
0.945 2.3085 -0.190357 -0.00786425
0.95 2.31032 -0.190358 -0.00787012
0.955 2.3118 -0.19036 -0.0078749
0.96 2.31294 -0.190361 -0.00787858
0.965 2.31371 -0.190361 -0.00788108
0.97 2.31409 -0.190362 -0.0078823
0.975 2.31401 -0.190361 -0.00788205
0.98 2.31343 -0.190363 -0.00788016
0.985 2.31231 -0.190367 -0.00787649
0.99 2.31064 -0.190373 -0.007871
0.995 2.30841 -0.190381 -0.00786369
1 2.30564 -0.190391 -0.00785463
1.005 2.30237 -0.190403 -0.0078439
1.01 2.29861 -0.190417 -0.00783158
1.015 2.29438 -0.190432 -0.00781773
1.02 2.28968 -0.190449 -0.00780234
1.025 2.28452 -0.190467 -0.00778541
1.03 2.27887 -0.190487 -0.0077669
1.035 2.2727 -0.190509 -0.00774671
1.04 2.26598 -0.190533 -0.00772468
1.045 2.25864 -0.19056 -0.00770063
1.05 2.25063 -0.190588 -0.0076744
1.055 2.24193 -0.190619 -0.00764587
1.06 2.23248 -0.190653 -0.00761493
1.065 2.22226 -0.19069 -0.00758146
1.07 2.21126 -0.190729 -0.0075454
1.075 2.19949 -0.190771 -0.00750683
1.08 2.18698 -0.190816 -0.00746586
1.085 2.17376 -0.190863 -0.00742256
1.09 2.15985 -0.190913 -0.00737697
1.095 2.14525 -0.190965 -0.00732915
1.1 2.12999 -0.191019 -0.00727916
1.105 2.11406 -0.191076 -0.00722698
1.11 2.09744 -0.191136 -0.00717252
1.115 2.08011 -0.191198 -0.00711573
1.12 2.06205 -0.191262 -0.00705653
1.125 2.04327 -0.191324 -0.00699466
1.13 2.02375 -0.191369 -0.00692954
1.135 2.00345 -0.191402 -0.00686129
1.14 1.98235 -0.191437 -0.00679042
1.145 1.96049 -0.191474 -0.00671701
1.15 1.93792 -0.191513 -0.00664127
1.155 1.91472 -0.191554 -0.00656344
1.16 1.89094 -0.191596 -0.00648364
1.165 1.86659 -0.191634 -0.00640174
1.17 1.8417 -0.191667 -0.00631776
1.175 1.81623 -0.191695 -0.00623139
1.18 1.79017 -0.191712 -0.00614229
1.185 1.76342 -0.191724 -0.00605067
1.19 1.73589 -0.191738 -0.00595642
1.195 1.70746 -0.191753 -0.00585911
1.2 1.67804 -0.191769 -0.00575846
1.205 1.64761 -0.191786 -0.00565434
1.21 1.61621 -0.191796 -0.00554627
1.215 1.58392 -0.191799 -0.00543458
1.22 1.55086 -0.191804 -0.00532028
1.225 1.51716 -0.191807 -0.0052036
1.23 1.48292 -0.191808 -0.00508492
1.235 1.44824 -0.191808 -0.00496455
1.24 1.41317 -0.191806 -0.00484268
1.245 1.37772 -0.191805 -0.00471951
1.25 1.34184 -0.191804 -0.00459487
1.255 1.30544 -0.191803 -0.00446845
1.26 1.2684 -0.191802 -0.00433981
1.265 1.2306 -0.191802 -0.00420853
1.27 1.19191 -0.191802 -0.00407419
1.275 1.15223 -0.191801 -0.00393641
1.28 1.11146 -0.191801 -0.00379487
1.285 1.06955 -0.191802 -0.00364937
1.29 1.02647 -0.191802 -0.00349983
1.295 0.982239 -0.191803 -0.00334627
1.3 0.936871 -0.191803 -0.00318878
1.305 0.890414 -0.191804 -0.00302751
1.31 0.842913 -0.191805 -0.00286262
1.315 0.794402 -0.191807 -0.00269423
1.32 0.744919 -0.191809 -0.00252248
1.325 0.694528 -0.191812 -0.00234757
1.33 0.643305 -0.191816 -0.00216979
1.335 0.591342 -0.191822 -0.00198944
1.34 0.538729 -0.191829 -0.00180683
1.345 0.485541 -0.191839 -0.00162224
1.35 0.431832 -0.191852 -0.00143587
1.355 0.377639 -0.191872 -0.00124784
1.36 0.322979 -0.191903 -0.00105818
1.365 0.267842 -0.19195 -0.000866825
1.37 0.212214 -0.192009 -0.000673685
1.375 0.156091 -0.192091 -0.000478187
1.38 0.0994771 -0.192213 -0.000280666
1.385 0.0423771 -0.192365 -8.21617e-05
1.39 -0.0152057 -0.192525 0.000117553
1.395 -0.0732676 -0.192686 0.000318872
1.4 -0.131805 -0.19285 0.000521773
1.405 -0.190813 -0.193017 0.000726234
1.41 -0.250287 -0.193187 0.000932228
1.415 -0.310227 -0.193361 0.00113973
1.42 -0.370639 -0.19354 0.00134877
1.425 -0.431553 -0.193724 0.00155941
1.43 -0.493019 -0.193913 0.00177182
1.435 -0.55509 -0.194109 0.00198618
1.44 -0.617811 -0.194311 0.00220262
1.445 -0.681199 -0.194521 0.00242122
1.45 -0.745269 -0.194738 0.00264203
1.455 -0.810049 -0.194963 0.00286517
1.46 -0.875582 -0.195196 0.00309078
1.465 -0.941888 -0.195438 0.00331898
1.47 -1.00895 -0.195687 0.00354968
1.475 -1.07671 -0.19594 0.00378232
1.48 -1.14508 -0.196192 0.00401628
1.485 -1.21401 -0.196444 0.00425153
1.49 -1.28344 -0.196684 0.00448694
1.495 -1.35334 -0.196913 0.0047226
1.5 -1.42373 -0.197144 0.00495965
1.505 -1.49463 -0.197341 0.00519615
1.51 -1.56609 -0.19749 0.00543194
1.515 -1.63822 -0.19757 0.00566739
1.52 -1.71108 -0.197583 0.00590241
1.525 -1.78474 -0.197589 0.00613909
1.53 -1.85918 -0.197604 0.00637837
1.535 -1.93436 -0.197622 0.00661991
1.54 -2.0102 -0.197585 0.00686184
1.545 -2.08661 -0.197484 0.00710333
1.55 -2.16355 -0.19738 0.00734579
1.555 -2.24097 -0.197283 0.00758979
1.56 -2.31887 -0.197192 0.00783526
1.565 -2.39728 -0.197055 0.00808109
1.57 -2.47627 -0.196871 0.00832749
1.575 -2.55589 -0.196693 0.00857577
1.58 -2.63622 -0.196509 0.00882567
1.585 -2.71733 -0.196314 0.00907704
1.59 -2.79928 -0.196107 0.0093301
1.595 -2.88213 -0.195864 0.00958401
1.6 -2.96591 -0.195557 0.0098387
1.605 -3.0506 -0.195212 0.0100953
1.61 -3.13611 -0.194838 0.0103527
1.615 -3.22233 -0.194425 0.0106101
1.62 -3.30912 -0.193962 0.0108666
1.625 -3.39636 -0.193466 0.0111225
1.63 -3.48395 -0.192966 0.0113796
1.635 -3.57183 -0.19242 0.0116359
1.64 -3.65997 -0.191832 0.0118905
1.645 -3.74833 -0.191178 0.0121426
1.65 -3.83689 -0.190441 0.0123925
1.655 -3.92568 -0.189671 0.0126428
1.66 -4.01478 -0.188849 0.0128917
1.665 -4.10434 -0.187978 0.0131395
1.67 -4.19449 -0.187061 0.013387
1.675 -4.28539 -0.18611 0.0136347
1.68 -4.3772 -0.18511 0.0138841
1.685 -4.46998 -0.18406 0.0141355
1.69 -4.5638 -0.183 0.0143905
1.695 -4.65864 -0.181929 0.0146486
1.7 -4.75443 -0.180853 0.0149082
1.705 -4.85106 -0.179767 0.0151687
1.71 -4.9484 -0.178673 0.0154294
1.715 -5.0463 -0.177572 0.0156902
1.72 -5.14465 -0.176411 0.0159499
1.725 -5.24335 -0.1752 0.0162082
1.73 -5.34235 -0.173996 0.0164651
1.735 -5.44158 -0.172787 0.0167199
1.74 -5.54101 -0.171584 0.016967
1.745 -5.64063 -0.170378 0.0172022
1.75 -5.74041 -0.169161 0.0174311
1.755 -5.84031 -0.167968 0.0176583
1.76 -5.94025 -0.166808 0.0178833
1.765 -6.0402 -0.165701 0.0181033
1.77 -6.1402 -0.164636 0.0183197
1.775 -6.24034 -0.163584 0.0185354
1.78 -6.34071 -0.162517 0.0187501
1.785 -6.44141 -0.161441 0.0189638
1.79 -6.54256 -0.160386 0.0191772
1.795 -6.64423 -0.159363 0.0193886
1.8 -6.74644 -0.158361 0.0195991
1.805 -6.84915 -0.157363 0.0198106
1.81 -6.9523 -0.156341 0.0200241
1.815 -7.05581 -0.155304 0.0202392
1.82 -7.15961 -0.154287 0.0204543
1.825 -7.26365 -0.153291 0.0206695
1.83 -7.36792 -0.152312 0.0208845
1.835 -7.47239 -0.151353 0.0210993
1.84 -7.57706 -0.150424 0.0213143
1.845 -7.68194 -0.149519 0.0215299
1.85 -7.78711 -0.148625 0.0217458
1.855 -7.89263 -0.14774 0.0219622
1.86 -7.99856 -0.146825 0.0221813
1.865 -8.10494 -0.145811 0.0224086
1.87 -8.21179 -0.144738 0.0226422
1.875 -8.31911 -0.143675 0.0228763
1.88 -8.42688 -0.142622 0.0231108
1.885 -8.53506 -0.141577 0.0233458
1.89 -8.64363 -0.140542 0.0235813
1.895 -8.75259 -0.139513 0.0238174
1.9 -8.86196 -0.138487 0.0240544
1.905 -8.97178 -0.137417 0.0242953
1.91 -9.08208 -0.136306 0.0245401
1.915 -9.19291 -0.135211 0.0247857
1.92 -9.30427 -0.134132 0.0250321
1.925 -9.41617 -0.133063 0.0252794
1.93 -9.52857 -0.132 0.0255277
1.935 -9.64139 -0.130947 0.0257767
1.94 -9.75451 -0.1299 0.0260268
1.945 -9.86783 -0.128814 0.0262812
1.95 -9.98125 -0.127695 0.026539
1.955 -10.0948 -0.12658 0.0267971
1.96 -10.2084 -0.12542 0.0270583
1.965 -10.3221 -0.12422 0.0273223
1.97 -10.4361 -0.123027 0.0275864
1.975 -10.5503 -0.121802 0.027852
1.98 -10.6649 -0.120547 0.0281191
1.985 -10.7799 -0.119298 0.0283868
1.99 -10.8952 -0.118052 0.0286549
1.995 -11.0106 -0.116754 0.0289231
2 -11.1262 -0.11543 0.0291911
2.005 -11.2418 -0.114133 0.029459
2.01 -11.3573 -0.112844 0.0297267
2.015 -11.4728 -0.111563 0.029994
2.02 -11.5882 -0.110289 0.0302612
2.025 -11.7036 -0.109021 0.0305283
2.03 -11.8191 -0.107758 0.0307956
2.035 -11.9349 -0.106498 0.0310635
2.04 -12.051 -0.105245 0.0313321
2.045 -12.1676 -0.104011 0.0316016
2.05 -12.2846 -0.102796 0.031872
2.055 -12.4021 -0.101593 0.0321435
2.06 -12.52 -0.100404 0.0324159
2.065 -12.6384 -0.0992198 0.0326892
2.07 -12.7569 -0.0980495 0.032963
2.075 -12.8756 -0.0969384 0.033237
2.08 -12.9945 -0.0958766 0.0335112
2.085 -13.1136 -0.0948166 0.0337857
2.09 -13.2328 -0.0937599 0.0340606
2.095 -13.3522 -0.0927072 0.0343359
2.1 -13.4719 -0.0916589 0.034612
2.105 -13.592 -0.0906024 0.0348889
2.11 -13.7124 -0.0894615 0.0351673
2.115 -13.8333 -0.0882495 0.0354472
2.12 -13.9545 -0.0870427 0.0357279
2.125 -14.076 -0.0858408 0.0360093
2.13 -14.1979 -0.0846441 0.0362913
2.135 -14.3198 -0.0834533 0.0365736
2.14 -14.4419 -0.0822697 0.036856
2.145 -14.5638 -0.0810945 0.0371383
2.15 -14.6856 -0.0799287 0.03742
2.155 -14.8071 -0.078773 0.0377012
2.16 -14.9284 -0.0776279 0.0379818
2.165 -15.0494 -0.0764933 0.0382619
2.17 -15.1703 -0.0753686 0.0385416
2.175 -15.2913 -0.0742529 0.0388214
2.18 -15.4125 -0.073145 0.0391017
2.185 -15.5341 -0.0720439 0.039383
2.19 -15.6563 -0.0709492 0.0396656
2.195 -15.7791 -0.069861 0.0399497
2.2 -15.9027 -0.0687802 0.0402356
2.205 -16.0271 -0.0677083 0.0405231
2.21 -16.1522 -0.0666477 0.0408124
2.215 -16.278 -0.0656011 0.0411031
2.22 -16.4044 -0.064572 0.0413953
2.225 -16.5313 -0.063565 0.0416887
2.23 -16.6586 -0.0625857 0.0419829
2.235 -16.7862 -0.0616411 0.0422776
2.24 -16.9138 -0.0607402 0.0425726
2.245 -17.0415 -0.0598948 0.0428674
2.25 -17.1692 -0.0591215 0.043162
2.255 -17.2967 -0.0584594 0.0434562
2.26 -17.4241 -0.0584452 0.0437492
2.265 -17.5514 -0.0588823 0.0440412
2.27 -17.6788 -0.0585533 0.0443343
2.275 -17.8062 -0.0575584 0.0446285
2.28 -17.9339 -0.0565561 0.0449229
2.285 -18.0619 -0.0555884 0.0452179
2.29 -18.1902 -0.0546502 0.0455136
2.295 -18.3188 -0.0537388 0.0458101
2.3 -18.4476 -0.0528526 0.0461069
2.305 -18.5764 -0.0519915 0.0464037
2.31 -18.7049 -0.0511558 0.0466998
2.315 -18.8329 -0.0503467 0.0469946
2.32 -18.9601 -0.0495626 0.0472875
2.325 -19.0863 -0.0487642 0.0475785
2.33 -19.2116 -0.0479499 0.0478675
2.335 -19.3359 -0.0471544 0.0481543
2.34 -19.4595 -0.0463757 0.0484394
2.345 -19.5828 -0.0456116 0.0487236
2.35 -19.7059 -0.0448593 0.0490077
2.355 -19.8295 -0.0441168 0.0492925
2.36 -19.9537 -0.0433827 0.0495788
2.365 -20.0786 -0.0426566 0.0498669
2.37 -20.2045 -0.0419382 0.0501571
2.375 -20.3314 -0.0412281 0.0504496
2.38 -20.4594 -0.040527 0.0507445
2.385 -20.5884 -0.0398357 0.0510418
2.39 -20.7186 -0.0391556 0.0513417
2.395 -20.8499 -0.038488 0.0516443
2.4 -20.9825 -0.0378345 0.0519495
2.405 -21.1162 -0.0371971 0.0522575
2.41 -21.2512 -0.0365783 0.0525683
2.415 -21.3874 -0.0359812 0.0528818
2.42 -21.5246 -0.0354344 0.0531977
2.425 -21.6629 -0.0352927 0.0535151
2.43 -21.8021 -0.0356822 0.0538337
2.435 -21.942 -0.0364119 0.0541531
2.44 -22.0827 -0.0371964 0.0544746
2.445 -22.2241 -0.0380111 0.0547983
2.45 -22.3661 -0.0392076 0.0551229
2.455 -22.5089 -0.0411061 0.0554479
2.46 -22.6526 -0.0441892 0.0557728
2.465 -22.7972 -0.0463172 0.0561025
2.47 -22.9429 -0.0466551 0.0564375
2.475 -23.0897 -0.0470374 0.0567737
2.48 -23.2378 -0.0476682 0.0571123
2.485 -23.3873 -0.0476256 0.0574553
2.49 -23.5383 -0.0468707 0.0578031
2.495 -23.6908 -0.0461824 0.0581545
2.5 -23.845 -0.0455388 0.0585096
2.505 -24.001 -0.0449666 0.0588684
2.51 -24.1586 -0.0444537 0.0592313
2.515 -24.3181 -0.043828 0.0595992
2.52 -24.4795 -0.0429897 0.0599726
2.525 -24.6427 -0.0420712 0.0603507
2.53 -24.8077 -0.0411698 0.0607328
2.535 -24.9745 -0.0402819 0.061119
2.54 -25.143 -0.0394036 0.0615092
2.545 -25.3132 -0.0385288 0.0619032
2.55 -25.4851 -0.0376373 0.062301
2.555 -25.6585 -0.0366238 0.0627031
2.56 -25.8336 -0.0354927 0.0631091
2.565 -26.01 -0.0343429 0.0635182
2.57 -26.1878 -0.0331852 0.0639304
2.575 -26.3667 -0.0320274 0.0643451
2.58 -26.5466 -0.0308732 0.064762
2.585 -26.7272 -0.0297247 0.0651805
2.59 -26.9081 -0.0285811 0.0656
2.595 -27.0892 -0.0274136 0.0660198
2.6 -27.2702 -0.0262518 0.0664393
2.605 -27.4506 -0.0251242 0.0668575
2.61 -27.6301 -0.0240032 0.0672736
2.615 -27.8083 -0.0228914 0.0676867
2.62 -27.9848 -0.0217911 0.0680959
2.625 -28.1593 -0.0207042 0.0685003
2.63 -28.3314 -0.0196322 0.0688994
2.635 -28.5011 -0.0185762 0.0692928
2.64 -28.6682 -0.017537 0.0696802
2.645 -28.8327 -0.0165147 0.0700614
2.65 -28.9945 -0.0155094 0.0704364
2.655 -29.1536 -0.014521 0.0708053
2.66 -29.3102 -0.013549 0.0711682
2.665 -29.4642 -0.0125932 0.0715252
2.67 -29.6157 -0.0116533 0.0718765
2.675 -29.7647 -0.010729 0.0722219
2.68 -29.9113 -0.00982056 0.0725616
2.685 -30.0553 -0.00892796 0.0728955
2.69 -30.1967 -0.00805162 0.0732233
2.695 -30.3355 -0.00719209 0.073545
2.7 -30.4715 -0.00635014 0.0738602
2.705 -30.6045 -0.00552668 0.0741686
2.71 -30.7344 -0.00472287 0.0744697
2.715 -30.8609 -0.00394013 0.0747629
2.72 -30.9838 -0.00318013 0.0750478
2.725 -31.1027 -0.00244469 0.0753235
2.73 -31.2174 -0.00173564 0.0755894
2.735 -31.3276 -0.00105467 0.0758448
2.74 -31.4331 -0.000403178 0.0760892
2.745 -31.5336 0.00021771 0.0763222
2.75 -31.629 0.00080722 0.0765434
2.755 -31.7193 0.00136489 0.0767528
2.76 -31.8045 0.00189055 0.0769501
2.765 -31.8845 0.00238449 0.0771356
2.77 -31.9595 0.00284759 0.0773096
2.775 -32.0298 0.00328147 0.0774726
2.78 -32.0958 0.00368846 0.0776255
2.785 -32.1579 0.00407144 0.0777694
2.79 -32.2166 0.00443355 0.0779055
2.795 -32.2724 0.00477795 0.0780349
2.8 -32.3259 0.00510787 0.0781589
2.805 -32.3777 0.00542681 0.0782788
2.81 -32.4282 0.0057386 0.078396
2.815 -32.4783 0.00604658 0.0785121
2.82 -32.5284 0.00634702 0.0786283
2.825 -32.5792 0.00664378 0.0787459
2.83 -32.631 0.0069471 0.078866
2.835 -32.6843 0.00725941 0.0789896
2.84 -32.7395 0.00758294 0.0791175
2.845 -32.7969 0.00791962 0.0792506
2.85 -32.8568 0.00827105 0.0793895
2.855 -32.9195 0.00864386 0.0795349
2.86 -32.9853 0.0090703 0.0796873
2.865 -33.0543 0.0095471 0.0798474
2.87 -33.1268 0.0100454 0.0800157
2.875 -33.203 0.0105664 0.0801923
2.88 -33.283 0.0111117 0.0803778
2.885 -33.3671 0.0116842 0.0805729
2.89 -33.456 0.0122878 0.0807792
2.895 -33.5501 0.0129259 0.0809975
2.9 -33.6497 0.0135998 0.0812283
2.905 -33.7547 0.01431 0.0814718
2.91 -33.865 0.0150562 0.0817278
2.915 -33.9806 0.0158371 0.0819959
2.92 -34.1009 0.0166496 0.0822749
2.925 -34.2254 0.01749 0.0825637
2.93 -34.3537 0.0183555 0.0828611
2.935 -34.4854 0.0192441 0.0831666
2.94 -34.6203 0.0201539 0.0834795
2.945 -34.758 0.0210822 0.0837988
2.95 -34.898 0.0220264 0.0841236
2.955 -35.04 0.0229837 0.084453
2.96 -35.1837 0.0239515 0.0847861
2.965 -35.3285 0.0249274 0.085122
2.97 -35.4742 0.0259087 0.0854598
2.975 -35.6202 0.0268923 0.0857985
2.98 -35.7661 0.027875 0.086137
2.985 -35.9114 0.0288535 0.086474
2.99 -36.0557 0.0298248 0.0868086
2.995 -36.1985 0.0307864 0.0871399
3 -36.3397 0.0317364 0.0874673
3.005 -36.4789 0.0326733 0.0877902
3.01 -36.616 0.0335961 0.0881082
3.015 -36.7509 0.0345036 0.0884211
3.02 -36.8835 0.0353952 0.0887285
3.025 -37.0136 0.0362706 0.0890304
3.03 -37.1414 0.0371298 0.0893267
3.035 -37.2668 0.0379728 0.0896174
3.04 -37.3897 0.0387996 0.0899027
3.045 -37.5103 0.0396103 0.0901823
3.05 -37.6285 0.0404047 0.0904565
3.055 -37.7443 0.0411827 0.0907249
3.06 -37.8576 0.0419439 0.0909877
3.065 -37.9683 0.0426883 0.0912446
3.07 -38.0766 0.0434156 0.0914957
3.075 -38.1823 0.0441258 0.0917409
3.08 -38.2854 0.0448181 0.0919799
3.085 -38.3857 0.0454919 0.0922126
3.09 -38.4832 0.0461464 0.0924387
3.095 -38.5776 0.0467807 0.0926577
3.1 -38.6689 0.0473934 0.0928694
3.105 -38.7567 0.0479831 0.0930731
3.11 -38.8409 0.0485479 0.0932683
3.115 -38.9211 0.0490862 0.0934543
3.12 -38.9971 0.0495963 0.0936305
3.125 -39.0687 0.0500771 0.0937967
3.13 -39.1359 0.0505277 0.0939525
3.135 -39.1984 0.0509475 0.0940976
3.14 -39.2563 0.0513361 0.0942319
3.145 -39.3096 0.0516933 0.0943554
3.15 -39.3581 0.052019 0.094468
3.155 -39.402 0.0523131 0.0945696
3.16 -39.441 0.052575 0.0946602
3.165 -39.4752 0.0528041 0.0947394
3.17 -39.5042 0.0529986 0.0948066
3.175 -39.5277 0.0531566 0.0948613
3.18 -39.5455 0.0532758 0.0949025
3.185 -39.5572 0.0533547 0.0949298
3.19 -39.5629 0.0533925 0.0949428
3.195 -39.5625 0.0533902 0.094942
3.2 -39.5567 0.0533475 0.094927
3.205 -39.5463 0.0532689 0.0948991
3.21 -39.5323 0.0531637 0.0948617
3.215 -39.5158 0.0530392 0.0948177
3.22 -39.4976 0.0529014 0.0947692
3.225 -39.4783 0.0527551 0.094718
3.23 -39.4586 0.0526039 0.0946655
3.235 -39.4387 0.0524508 0.0946128
3.24 -39.419 0.0522982 0.0945608
3.245 -39.3998 0.0521479 0.09451
3.25 -39.3813 0.0520019 0.0944612
3.255 -39.3636 0.0518621 0.0944148
3.26 -39.3471 0.0517301 0.0943715
3.265 -39.3319 0.0516076 0.0943316
3.27 -39.3181 0.0514959 0.0942956
3.275 -39.306 0.0513965 0.0942637
3.28 -39.2955 0.0513106 0.0942364
3.285 -39.2869 0.0512396 0.094214
3.29 -39.2803 0.0511851 0.0941969
3.295 -39.276 0.0511488 0.0941856
3.3 -39.274 0.0511326 0.0941806
3.305 -39.2748 0.0511381 0.0941825
3.31 -39.2783 0.0511647 0.0941918
3.315 -39.2847 0.0512124 0.0942091
3.32 -39.2943 0.051283 0.0942345
3.325 -39.3069 0.0513765 0.0942681
3.33 -39.3225 0.0514925 0.0943098
3.335 -39.341 0.05163 0.0943591
3.34 -39.3621 0.0517873 0.0944155
3.345 -39.3857 0.0519625 0.0944782
3.35 -39.4113 0.0521531 0.0945465
3.355 -39.4386 0.0523563 0.0946193
3.36 -39.4672 0.0525692 0.0946955
3.365 -39.4968 0.0527885 0.094774
3.37 -39.5269 0.0530177 0.0948535
3.375 -39.5572 0.0532671 0.0949318
3.38 -39.5873 0.0535191 0.0950062
3.385 -39.617 0.0537305 0.0950756
3.39 -39.6459 0.0539137 0.0951415
3.395 -39.6738 0.0540979 0.0952051
3.4 -39.7004 0.0542763 0.0952659
3.405 -39.7256 0.0544457 0.0953234
3.41 -39.7488 0.0546027 0.0953767
3.415 -39.7697 0.0547426 0.0954246
3.42 -39.7877 0.0548618 0.095466
3.425 -39.8021 0.0549576 0.0954992
3.43 -39.8124 0.0550252 0.0955226
3.435 -39.8177 0.0550597 0.0955347
3.44 -39.8173 0.0550564 0.0955337
3.445 -39.8108 0.0550087 0.0955167
3.45 -39.7977 0.0549101 0.0954814
3.455 -39.7775 0.0547587 0.0954274
3.46 -39.75 0.054553 0.0953542
3.465 -39.7152 0.0542898 0.0952615
3.47 -39.6728 0.0539671 0.0951491
3.475 -39.623 0.0535831 0.0950176
3.48 -39.5662 0.0531361 0.0948681
3.485 -39.5027 0.0526227 0.0947019
3.49 -39.4331 0.0520434 0.0945211
3.495 -39.3583 0.0514029 0.0943279
3.5 -39.2789 0.0507048 0.0941246
3.505 -39.1959 0.0499538 0.0939135
3.51 -39.11 0.0491557 0.0936966
3.515 -39.0219 0.0483049 0.0934759
3.52 -38.9324 0.0474067 0.0932532
3.525 -38.8422 0.0464788 0.0930301
3.53 -38.7517 0.0455287 0.0928077
3.535 -38.6616 0.0445634 0.092587
3.54 -38.572 0.043589 0.0923686
3.545 -38.4833 0.0426115 0.0921534
3.55 -38.396 0.0416361 0.0919419
3.555 -38.3102 0.040668 0.0917348
3.56 -38.2262 0.0397113 0.0915325
3.565 -38.1442 0.0387701 0.0913354
3.57 -38.0645 0.0378483 0.0911442
3.575 -37.9874 0.0369505 0.0909594
3.58 -37.9132 0.0360808 0.0907817
3.585 -37.842 0.0352431 0.0906117
3.59 -37.7743 0.0344421 0.09045
3.595 -37.7108 0.0336871 0.0902984
3.6 -37.6526 0.0329919 0.0901596
3.605 -37.6006 0.0323689 0.0900357
3.61 -37.5552 0.0318239 0.0899278
3.615 -37.5166 0.0313582 0.0898359
3.62 -37.4847 0.0309717 0.08976
3.625 -37.4595 0.0306613 0.0897002
3.63 -37.441 0.0304291 0.0896562
3.635 -37.4292 0.0302792 0.0896281
3.64 -37.4239 0.0302109 0.0896156
3.645 -37.4252 0.0302232 0.0896188
3.65 -37.433 0.0302858 0.089639
3.655 -37.4472 0.0303818 0.089677
3.66 -37.4676 0.0305226 0.0897316
3.665 -37.4941 0.0307071 0.0898024
3.67 -37.5265 0.0309349 0.0898887
3.675 -37.5646 0.0312057 0.08999
3.68 -37.6082 0.0315202 0.0901058
3.685 -37.6571 0.0318793 0.0902353
3.69 -37.7112 0.0322844 0.0903779
3.695 -37.7702 0.0327376 0.0905329
3.7 -37.8339 0.0332411 0.0906995
3.705 -37.9022 0.0337974 0.0908769
3.71 -37.9749 0.0344082 0.0910642
3.715 -38.0517 0.0350724 0.0912607
3.72 -38.1323 0.0357875 0.0914653
3.725 -38.2164 0.0365505 0.0916768
3.73 -38.3031 0.0373554 0.0918933
3.735 -38.3917 0.0381924 0.0921127
3.74 -38.4811 0.0390472 0.0923324
3.745 -38.5702 0.039908 0.0925502
3.75 -38.6581 0.0407658 0.0927637
3.755 -38.7438 0.0416089 0.0929709
3.76 -38.8263 0.042418 0.0931698
3.765 -38.905 0.0431838 0.0933587
3.77 -38.9791 0.0439071 0.0935361
3.775 -39.048 0.0445809 0.0937007
3.78 -39.1112 0.0452001 0.0938515
3.785 -39.1684 0.0457611 0.0939878
3.79 -39.2194 0.0462607 0.0941092
3.795 -39.2642 0.0466902 0.0942155
3.8 -39.3026 0.0470518 0.0943067
3.805 -39.3347 0.0473545 0.0943828
3.81 -39.3605 0.0475971 0.094444
3.815 -39.38 0.0477776 0.0944901
3.82 -39.3932 0.0478974 0.0945213
3.825 -39.4001 0.0479599 0.0945375
3.83 -39.4008 0.0479655 0.094539
3.835 -39.3953 0.0479156 0.0945257
3.84 -39.3837 0.0478241 0.0944955
3.845 -39.366 0.047695 0.094448
3.85 -39.3423 0.0475201 0.0943846
3.855 -39.3127 0.0472991 0.0943054
3.86 -39.277 0.0470306 0.0942107
3.865 -39.2354 0.0467127 0.0941004
3.87 -39.1877 0.0463428 0.0939746
3.875 -39.1339 0.0459177 0.0938334
3.88 -39.0739 0.0454339 0.0936769
3.885 -39.0078 0.044888 0.0935054
3.89 -38.9355 0.0442766 0.0933192
3.895 -38.857 0.0435964 0.0931186
3.9 -38.7723 0.0428447 0.0929038
3.905 -38.6814 0.042019 0.0926751
3.91 -38.5843 0.0411172 0.0924325
3.915 -38.4808 0.0401372 0.0921758
3.92 -38.3708 0.0390768 0.0919045
3.925 -38.254 0.0379338 0.0916182
3.93 -38.13 0.036706 0.0913162
3.935 -37.9988 0.0353915 0.0909978
3.94 -37.8601 0.0339896 0.0906627
3.945 -37.7139 0.0325004 0.0903106
3.95 -37.5601 0.0309138 0.0899415
3.955 -37.399 0.0290907 0.0895563
3.96 -37.2308 0.027034 0.0891553
3.965 -37.0556 0.0248743 0.0887386
3.97 -36.8738 0.0226124 0.088307
3.975 -36.6858 0.0202501 0.0878611
3.98 -36.4917 0.0177887 0.0874015
3.985 -36.2918 0.0151767 0.0869287
3.99 -36.0863 0.0124072 0.0864432
3.995 -35.8754 0.00952226 0.0859453
4 -35.6593 0.00651769 0.0854355
4.005 -35.438 0.00339138 0.0849143
4.01 -35.2119 0.000136342 0.0843821
4.015 -34.981 -0.00325991 0.0838391
4.02 -34.7456 -0.00685556 0.0832858
4.025 -34.5056 -0.0107201 0.0827227
4.03 -34.2614 -0.0148143 0.0821502
4.035 -34.0131 -0.019112 0.0815688
4.04 -33.761 -0.023919 0.0809796
4.045 -33.5054 -0.0293529 0.0803835
4.05 -33.2465 -0.0354185 0.0797816
4.055 -32.9846 -0.0419839 0.0791741
4.06 -32.7201 -0.0467183 0.0785539
4.065 -32.4532 -0.0495903 0.0779219
4.07 -32.1843 -0.0526057 0.0772856
4.075 -31.9139 -0.0557305 0.076646
4.08 -31.6424 -0.0590594 0.0760046
4.085 -31.3703 -0.0626205 0.0753626
4.09 -31.0979 -0.0662895 0.0747207
4.095 -30.8258 -0.0699647 0.0740796
4.1 -30.5544 -0.0736793 0.0734403
4.105 -30.284 -0.0775188 0.0728038
4.11 -30.015 -0.0814573 0.072171
4.115 -29.7477 -0.0854996 0.0715426
4.12 -29.4824 -0.089653 0.0709196
4.125 -29.2195 -0.0939277 0.0703026
4.13 -28.9591 -0.0983287 0.0696922
4.135 -28.7016 -0.102869 0.0690892
4.14 -28.4472 -0.107577 0.0684941
4.145 -28.1961 -0.112437 0.0679077
4.15 -27.9486 -0.11684 0.0673281
4.155 -27.705 -0.120079 0.0667531
4.16 -27.4653 -0.122703 0.066185
4.165 -27.2296 -0.125428 0.0656271
4.17 -26.9981 -0.128243 0.0650795
4.175 -26.7708 -0.131177 0.0645428
4.18 -26.5478 -0.134217 0.0640168
4.185 -26.329 -0.137276 0.0635011
4.19 -26.1144 -0.140412 0.0629956
4.195 -25.9036 -0.143634 0.0624997
4.2 -25.6964 -0.146907 0.0620125
4.205 -25.4922 -0.150247 0.0615328
4.21 -25.2903 -0.153656 0.0610589
4.215 -25.09 -0.157088 0.0605892
4.22 -24.8908 -0.160569 0.0601223
4.225 -24.6921 -0.164184 0.059657
4.23 -24.4933 -0.167889 0.0591921
4.235 -24.2942 -0.17134 0.0587249
4.24 -24.0943 -0.174448 0.0582544
4.245 -23.8933 -0.177578 0.0577817
4.25 -23.6912 -0.181001 0.057307
4.255 -23.4876 -0.184832 0.0568305
4.26 -23.2826 -0.189183 0.0563522
4.265 -23.0761 -0.193917 0.0558714
4.27 -22.868 -0.198808 0.0553874
4.275 -22.6582 -0.203879 0.0549002
4.28 -22.4469 -0.209161 0.0544097
4.285 -22.2339 -0.214717 0.0539161
4.29 -22.0193 -0.220692 0.0534195
4.295 -21.8028 -0.227027 0.052919
4.3 -21.5843 -0.231999 0.0524092
4.305 -21.3635 -0.23576 0.0518903
4.31 -21.1401 -0.239907 0.0513664
4.315 -20.9138 -0.244347 0.0508363
4.32 -20.6843 -0.249151 0.0502994
4.325 -20.451 -0.254103 0.0497539
4.33 -20.2137 -0.257194 0.0491928
4.335 -19.9719 -0.258824 0.048614
4.34 -19.7255 -0.26087 0.0480225
4.345 -19.4741 -0.263124 0.0474204
4.35 -19.2176 -0.265623 0.0468079
4.355 -18.9559 -0.268352 0.0461843
4.36 -18.6889 -0.271303 0.0455492
4.365 -18.4167 -0.274474 0.0449029
4.37 -18.1394 -0.27787 0.0442456
4.375 -17.8573 -0.2804 0.0435701
4.38 -17.571 -0.282032 0.0428775
4.385 -17.2816 -0.283782 0.0421777
4.39 -16.99 -0.285616 0.0414733
4.395 -16.6971 -0.28768 0.0407682
4.4 -16.4039 -0.290007 0.0400646
4.405 -16.1112 -0.29251 0.0393642
4.41 -15.8198 -0.295238 0.0386691
4.415 -15.5303 -0.298015 0.0379786
4.42 -15.2433 -0.299697 0.0372845
4.425 -14.9594 -0.300206 0.0365872
4.43 -14.6791 -0.300601 0.0358974
4.435 -14.4027 -0.301158 0.035219
4.44 -14.1307 -0.301877 0.0345529
4.445 -13.8631 -0.302684 0.0338989
4.45 -13.6005 -0.303635 0.0332586
4.455 -13.3434 -0.304728 0.0326335
4.46 -13.0924 -0.305261 0.0320181
4.465 -12.8476 -0.305235 0.0314125
4.47 -12.609 -0.30527 0.0308228
4.475 -12.3767 -0.305335 0.0302489
4.48 -12.1506 -0.305426 0.0296911
4.485 -11.9309 -0.305553 0.0291493
4.49 -11.7176 -0.305815 0.028625
4.495 -11.5108 -0.306239 0.0281186
4.5 -11.3106 -0.306739 0.027629
4.505 -11.117 -0.307268 0.0271559
4.51 -10.93 -0.307331 0.0266936
4.515 -10.7497 -0.306959 0.0262424
4.52 -10.5761 -0.306633 0.0258081
4.525 -10.4091 -0.306342 0.0253906
4.53 -10.2487 -0.30608 0.0249901
4.535 -10.095 -0.305846 0.0246062
4.54 -9.94791 -0.305637 0.0242391
4.545 -9.80742 -0.305441 0.0238885
4.55 -9.67348 -0.305161 0.0235528
4.555 -9.54605 -0.304813 0.0232324
4.56 -9.42512 -0.30454 0.0229289
4.565 -9.31061 -0.304332 0.0226422
4.57 -9.20229 -0.304147 0.0223711
4.575 -9.09973 -0.303982 0.0221145
4.58 -9.00232 -0.303806 0.0218705
4.585 -8.9094 -0.303482 0.0216354
4.59 -8.8204 -0.303046 0.0214083
4.595 -8.7347 -0.302637 0.0211898
4.6 -8.65163 -0.30225 0.0209782
4.605 -8.57048 -0.301878 0.0207715
4.61 -8.49048 -0.301518 0.0205678
4.615 -8.41085 -0.301165 0.0203652
4.62 -8.33082 -0.300814 0.0201617
4.625 -8.24964 -0.300463 0.0199552
4.63 -8.16652 -0.300107 0.0197439
4.635 -8.0807 -0.299743 0.0195258
4.64 -7.99145 -0.299376 0.0192991
4.645 -7.89814 -0.299003 0.0190623
4.65 -7.80018 -0.298617 0.0188137
4.655 -7.69703 -0.298215 0.018552
4.66 -7.58812 -0.297794 0.0182758
4.665 -7.47296 -0.297353 0.0179837
4.67 -7.35112 -0.296892 0.0176747
4.675 -7.22228 -0.296408 0.0173481
4.68 -7.08621 -0.295897 0.017003
4.685 -6.94271 -0.295199 0.016636
4.69 -6.79163 -0.294327 0.0162468
4.695 -6.63282 -0.29343 0.0158379
4.7 -6.46612 -0.292499 0.0154089
4.705 -6.29133 -0.291532 0.0149593
4.71 -6.10828 -0.290529 0.0144885
4.715 -5.91676 -0.289482 0.013996
4.72 -5.7166 -0.288329 0.0134798
4.725 -5.50765 -0.287072 0.0129398
4.73 -5.28982 -0.285698 0.012375
4.735 -5.063 -0.284135 0.0117833
4.74 -4.82711 -0.282454 0.0111663
4.745 -4.58208 -0.280761 0.0105266
4.75 -4.32789 -0.279056 0.00986398
4.755 -4.06448 -0.277305 0.00917768
4.76 -3.7918 -0.275509 0.00846754
4.765 -3.50972 -0.273684 0.00773365
4.77 -3.21811 -0.271841 0.00697588
4.775 -2.91684 -0.270016 0.00619456
4.78 -2.60581 -0.267996 0.00538091
4.785 -2.285 -0.265736 0.00453397
4.79 -1.95449 -0.263443 0.00366247
4.795 -1.61446 -0.261073 0.00276618
4.8 -1.26519 -0.25839 0.00183037
4.805 -0.907061 -0.255472 0.000857641
4.81 -0.540542 -0.252346 -0.000156792
4.815 -0.166131 -0.248882 -0.00121401
4.82 0.215693 -0.245116 -0.0023101
4.825 0.604468 -0.240992 -0.00344318
4.83 0.999726 -0.236597 -0.00459274
4.835 1.40097 -0.232262 -0.00575235
4.84 1.80767 -0.227936 -0.00691688
4.845 2.21933 -0.223394 -0.00808387
4.85 2.63547 -0.218793 -0.00924943
4.855 3.0556 -0.214033 -0.0104078
4.86 3.47924 -0.209041 -0.0115624
4.865 3.90593 -0.203767 -0.0127234
4.87 4.33525 -0.198211 -0.0138818
4.875 4.76684 -0.19246 -0.0150263
4.88 5.20038 -0.186567 -0.0161502
4.885 5.6356 -0.180602 -0.0172005
4.89 6.07229 -0.174891 -0.0181495
4.895 6.51029 -0.169978 -0.0190446
4.9 6.94953 -0.165733 -0.0199254
4.905 7.38995 -0.161794 -0.0208015
4.91 7.83154 -0.158213 -0.0216784
4.915 8.27432 -0.154556 -0.0225888
4.92 8.71823 -0.150537 -0.023538
4.925 9.16323 -0.146331 -0.0245067
4.93 9.60922 -0.142034 -0.0254899
4.935 10.056 -0.137801 -0.0264917
4.94 10.5034 -0.133195 -0.0275237
4.945 10.9511 -0.128327 -0.0285686
4.95 11.3987 -0.123786 -0.02961
4.955 11.8459 -0.119456 -0.0306481
4.96 12.2922 -0.115187 -0.0316829
4.965 12.7375 -0.110989 -0.032714
4.97 13.1814 -0.106798 -0.0337428
4.975 13.6236 -0.102628 -0.0347689
4.98 14.0642 -0.0985667 -0.0357901
4.985 14.5028 -0.0946293 -0.0368062
4.99 14.9394 -0.0908359 -0.037817
4.995 15.3739 -0.0872299 -0.0388223
5 15.8061 -0.0841007 -0.0398212
5.005 16.236 -0.0813865 -0.0408138
5.01 16.6635 -0.0787808 -0.0418005
5.015 17.0886 -0.0762405 -0.0427812
5.02 17.5109 -0.0734179 -0.0437556
5.025 17.9306 -0.0714132 -0.0447211
5.03 18.3474 -0.0702531 -0.0456789
5.035 18.7612 -0.0691161 -0.0466307
5.04 19.1719 -0.068678 -0.047574
5.045 19.5796 -0.0695608 -0.0485071
5.05 19.9839 -0.0723346 -0.0494276
5.055 20.3849 -0.0739903 -0.0503441
5.06 20.7823 -0.0734947 -0.0512594
5.065 21.1759 -0.0724755 -0.0521668
5.07 21.5655 -0.071127 -0.0530652
5.075 21.95 3.58998 -0.0612102
