0.1 1.75302e-31 200 9.76996e-14 -1.75302e-31 -200 -9.76996e-14
0.2 1.46085e-31 400 -1.01252e-13 -1.46085e-31 -400 1.01252e-13
0.3 -1.46085e-31 600 -7.81597e-14 1.46085e-31 -600 7.81597e-14
0.4 2.92171e-31 800 2.16716e-13 -2.92171e-31 -800 -2.16716e-13
0.5 4.67473e-31 1000 3.90799e-13 -4.67473e-31 -1000 -3.90799e-13
0.6 -4.67473e-31 1200 -2.91323e-13 4.67473e-31 -1200 2.91323e-13
0.7 3.50605e-31 1400 -1.20792e-13 -3.50605e-31 -1400 1.20792e-13
0.8 -1.40242e-30 1600 -3.76588e-13 1.40242e-30 -1600 3.76588e-13
0.9 -2.68797e-30 1800 3.76588e-13 2.68797e-30 -1800 -3.76588e-13
1 -2.92171e-31 2000 1.98952e-13 2.92171e-31 -2000 -1.98952e-13
0.005 -0.00108001 2000 0.467563 0.00108001 -2000 -0.000998319
0.01 -0.00539352 2000 2.33181 0.00539352 -2000 -0.00180423
0.015 -0.014007 2000 6.05249 0.014007 -2000 -0.0014651
0.02 -0.0269054 2000 11.6244 0.0269054 -2000 -0.00121128
0.025 -0.0440728 2000 19.0405 0.0440728 -2000 -0.00103243
0.03 -0.0654924 2000 28.2936 0.0654924 -2000 -0.000922812
0.035 -0.0911468 2000 39.3763 0.0911468 -2000 -0.000877234
0.04 -0.121018 2000 52.2806 0.121018 -2000 -0.00089142
0.045 -0.155087 2000 66.9984 0.155087 -2000 -0.000961845
0.05 -0.193334 2000 83.5212 0.193334 -2000 -0.00108559
0.055 -0.235738 2000 101.84 0.235738 -2000 -0.00126023
0.06 -0.282278 2000 121.946 0.282278 -2000 -0.00148373
0.065 -0.332934 2000 143.829 0.332934 -2000 -0.00175442
0.07 -0.387685 2000 167.482 0.387685 -2000 -0.00207091
0.075 -0.446512 2000 192.895 0.446512 -2000 -0.00243208
0.08 -0.509397 2000 220.062 0.509397 -2000 -0.00283699
0.085 -0.576321 2000 248.974 0.576321 -2000 -0.0032844
0.09 -0.647263 2000 279.621 0.647263 -2000 -0.00371671
0.095 -0.722201 2000 311.995 0.722201 -2000 -0.00413795
0.1 -0.801113 2000 346.085 0.801113 -2000 -0.00460815
0.105 -0.883973 2000 381.881 0.883973 -2000 -0.00512484
0.11 -0.970753 2000 419.371 0.970753 -2000 -0.00568564
0.115 -1.06142 2000 458.539 1.06142 -2000 -0.00628902
0.12 -1.15593 2000 499.37 1.15593 -2000 -0.00693341
0.125 -1.25427 2000 541.851 1.25427 -2000 -0.00761782
0.13 -1.3564 2000 585.975 1.3564 -2000 -0.00834198
0.135 -1.46233 2000 631.737 1.46233 -2000 -0.00910628
0.14 -1.57204 2000 679.13 1.57204 -2000 -0.00991134
0.145 -1.6855 2000 728.147 1.6855 -2000 -0.0107578
0.15 -1.8027 2000 778.776 1.8027 -2000 -0.0116463
0.155 -1.92359 2000 831.004 1.92359 -2000 -0.0125773
0.16 -2.04815 2000 884.814 2.04815 -2000 -0.0135516
0.165 -2.17634 2000 940.192 2.17634 -2000 -0.0145698
0.17 -2.30813 2000 997.127 2.30813 -2000 -0.0156338
0.175 -2.4435 2000 1055.61 2.4435 -2000 -0.016746
0.18 -2.58241 2000 1115.62 2.58241 -2000 -0.0179085
0.185 -2.7248 2000 1177.13 2.7248 -2000 -0.0191226
0.19 -2.87061 2000 1240.12 2.87061 -2000 -0.0203897
0.195 -3.0198 2000 1304.58 3.0198 -2000 -0.0217129
0.2 -3.17234 2000 1370.48 3.17234 -2000 -0.0230967
0.205 -3.32823 2000 1437.82 3.32823 -2000 -0.0245479
0.21 -3.48746 2000 1506.61 3.48746 -2000 -0.0260749
0.215 -3.65004 2000 1576.84 3.65004 -2000 -0.027687
0.22 -3.81594 2000 1648.52 3.81594 -2000 -0.0293929
0.225 -3.98515 2000 1721.62 3.98515 -2000 -0.0312009
0.23 -4.15763 2000 1796.13 4.15763 -2000 -0.0331205
0.235 -4.33335 2000 1872.04 4.33335 -2000 -0.0351615
0.24 -4.51228 2000 1949.34 4.51228 -2000 -0.0373355
0.245 -4.69438 2000 2028.01 4.69438 -2000 -0.0396551
0.25 -4.87961 2000 2108.03 4.87961 -2000 -0.0421334
0.255 -5.06789 1999.99 2189.38 5.06789 -1999.99 -0.0447817
0.26 -5.25914 1999.99 2272 5.25914 -1999.99 -0.0476096
0.265 -5.45328 1999.99 2355.87 5.45328 -1999.99 -0.0506283
0.27 -5.65031 1999.99 2440.99 5.65031 -1999.99 -0.053856
0.275 -5.85025 1999.99 2527.37 5.85025 -1999.99 -0.0573173
0.28 -6.05312 1999.99 2615.01 6.05312 -1999.99 -0.0610359
0.285 -6.25887 1999.99 2703.9 6.25887 -1999.99 -0.0650288
0.29 -6.46748 1999.99 2794.02 6.46748 -1999.99 -0.0693066
0.295 -6.67886 1999.99 2885.34 6.67886 -1999.99 -0.0738728
0.3 -6.8929 1999.99 2977.81 6.8929 -1999.99 -0.0787234
0.305 -7.10951 1999.99 3071.39 7.10951 -1999.99 -0.0838449
0.31 -7.32856 1999.99 3166.03 7.32856 -1999.99 -0.0892184
0.315 -7.55 1999.99 3261.7 7.55 -1999.99 -0.0948243
0.32 -7.77379 1999.99 3358.38 7.77379 -1999.99 -0.10064
0.325 -7.99984 1999.99 3456.04 7.99984 -1999.99 -0.106634
0.33 -8.22807 1999.99 3554.64 8.22807 -1999.99 -0.112756
0.335 -8.45839 1999.99 3654.14 8.45839 -1999.99 -0.118949
0.34 -8.69078 1999.99 3754.54 8.69078 -1999.99 -0.12516
0.345 -8.92524 1999.99 3855.84 8.92524 -1999.99 -0.13134
0.35 -9.16176 1999.99 3958.02 9.16176 -1999.99 -0.137432
0.355 -9.40035 1999.99 4061.09 9.40035 -1999.99 -0.143375
0.36 -9.64104 1999.99 4165.08 9.64104 -1999.99 -0.149116
0.365 -9.88388 1999.99 4269.99 9.88388 -1999.99 -0.154606
0.37 -10.1289 1999.99 4375.85 10.1289 -1999.99 -0.159792
0.375 -10.3761 1999.99 4482.65 10.3761 -1999.99 -0.16461
0.38 -10.6254 1999.99 4590.36 10.6254 -1999.99 -0.168995
0.385 -10.8768 1999.98 4698.96 10.8768 -1999.98 -0.172881
0.39 -11.1302 1999.98 4808.41 11.1302 -1999.98 -0.176207
0.395 -11.3853 1999.98 4918.63 11.3853 -1999.98 -0.178915
0.4 -11.6421 1999.98 5029.56 11.6421 -1999.98 -0.180969
0.405 -11.9004 1999.98 5141.15 11.9004 -1999.98 -0.182374
0.41 -12.1602 1999.98 5253.38 12.1602 -1999.98 -0.183118
0.415 -12.4214 1999.98 5366.22 12.4214 -1999.98 -0.183179
0.42 -12.684 1999.98 5479.65 12.684 -1999.98 -0.182584
0.425 -12.9479 1999.98 5593.68 12.9479 -1999.98 -0.181379
0.43 -13.2132 1999.98 5708.29 13.2132 -1999.98 -0.179628
0.435 -13.48 1999.98 5823.52 13.48 -1999.98 -0.177408
0.44 -13.7483 1999.98 5939.43 13.7483 -1999.98 -0.174804
0.445 -14.0182 1999.98 6056.02 14.0182 -1999.98 -0.171883
0.45 -14.2895 1999.98 6173.25 14.2895 -1999.98 -0.168686
0.455 -14.5622 1999.98 6291.05 14.5622 -1999.98 -0.165236
0.46 -14.836 1999.98 6409.31 14.836 -1999.98 -0.161549
0.465 -15.1106 1999.98 6527.92 15.1106 -1999.98 -0.157646
0.47 -15.3857 1999.98 6646.76 15.3857 -1999.98 -0.15355
0.475 -15.6611 1999.98 6765.76 15.6611 -1999.98 -0.149311
0.48 -15.9369 1999.98 6884.88 15.9369 -1999.98 -0.144994
0.485 -16.2129 1999.98 7004.13 16.2129 -1999.98 -0.140667
0.49 -16.4892 1999.98 7123.46 16.4892 -1999.98 -0.136388
0.495 -16.7656 1999.98 7242.86 16.7656 -1999.98 -0.132204
0.5 -17.0421 1999.98 7362.31 17.0421 -1999.98 -0.128156
0.505 -17.3188 1999.98 7481.85 17.3188 -1999.98 -0.124289
0.51 -17.5959 1999.98 7601.54 17.5959 -1999.98 -0.120657
0.515 -17.8735 1999.98 7721.46 17.8735 -1999.98 -0.117302
0.52 -18.1517 1999.98 7841.64 18.1517 -1999.98 -0.114246
0.525 -18.4305 1999.98 7962.11 18.4305 -1999.98 -0.111502
0.53 -18.7101 1999.98 8082.87 18.7101 -1999.98 -0.10907
0.535 -18.9902 1999.98 8203.88 18.9902 -1999.98 -0.106938
0.54 -19.2708 1999.98 8325.08 19.2708 -1999.98 -0.105083
0.545 -19.5516 1999.98 8446.4 19.5516 -1999.98 -0.103483
0.55 -19.8326 1999.98 8567.79 19.8326 -1999.98 -0.102119
0.555 -20.1135 1999.98 8689.15 20.1135 -1999.98 -0.100962
0.56 -20.3941 1999.98 8810.36 20.3941 -1999.98 -0.099981
0.565 -20.6742 1999.98 8931.34 20.6742 -1999.98 -0.0991514
0.57 -20.9536 1999.98 9052.07 20.9536 -1999.98 -0.0984599
0.575 -21.2324 1999.98 9172.51 21.2324 -1999.98 -0.0979006
0.58 -21.5105 1999.98 9292.64 21.5105 -1999.98 -0.097467
0.585 -21.7878 1999.98 9412.45 21.7878 -1999.98 -0.0971492
0.59 -22.0644 1999.98 9531.91 22.0644 -1999.98 -0.0969352
0.595 -22.3401 1999.98 9651.01 22.3401 -1999.98 -0.0968152
0.6 -22.615 1999.98 9769.79 22.615 -1999.98 -0.0967879
0.605 -22.8893 1999.98 9888.28 22.8893 -1999.98 -0.0968575
0.61 -23.163 1999.98 10006.5 23.163 -1999.98 -0.0976611
0.615 -23.4325 1999.99 10123.3 23.4325 -1999.99 -0.415047
0.62 -23.7027 1999.99 10239.9 23.7027 -1999.99 -0.353888
0.625 -23.972 1999.99 10356.2 23.972 -1999.99 -0.304725
0.63 -24.2377 2000 10471.3 24.2377 -2000 -0.61931
0.635 -24.5016 2000.01 10585.5 24.5016 -2000.01 -0.83136
0.64 -24.7661 2000 10699.6 24.7661 -2000 -0.688447
0.645 -25.0301 2000 10813.6 25.0301 -2000 -0.574725
0.65 -25.294 2000 10927.5 25.294 -2000 -0.48427
0.655 -25.5581 1999.99 11041.5 25.5581 -1999.99 -0.41157
0.66 -25.8172 2000.02 11154.1 25.8172 -2000.02 -1.07893
0.665 -26.0698 2000.05 11264.1 26.0698 -2000.05 -1.99672
0.67 -26.3266 2000.04 11374.7 26.3266 -2000.04 -1.62744
0.675 -26.5823 2000.03 11484.9 26.5823 -2000.03 -1.33355
0.68 -26.8357 2000.02 11594.1 26.8357 -2000.02 -1.09937
0.685 -27.086 2000.01 11702 27.086 -2000.01 -0.91024
0.69 -27.3324 2000.01 11808.4 27.3324 -2000.01 -0.757281
0.695 -27.5747 2000 11912.9 27.5747 -2000 -0.633388
0.7 -27.8128 2000 12015.7 27.8128 -2000 -0.532907
0.705 -28.0448 2000.01 12116 28.0448 -2000.01 -0.66262
0.71 -28.2669 2000.04 12212.4 28.2669 -2000.04 -1.03788
0.715 -28.4882 2000.03 12307.8 28.4882 -2000.03 -0.857069
0.72 -28.6956 2000.08 12398.7 28.6956 -2000.08 -2.22745
0.725 -28.9026 2000.1 12488.6 28.9026 -2000.1 -2.69843
0.73 -29.11 2000.08 12577.7 29.11 -2000.08 -2.1873
0.735 -29.3055 2000.12 12662.5 29.3055 -2000.12 -2.53042
0.74 -29.4991 2000.12 12746 29.4991 -2000.12 -2.43554
0.745 -29.6904 2000.1 12828.2 29.6904 -2000.1 -1.98045
0.75 -29.8776 2000.08 12908.7 29.8776 -2000.08 -1.61481
0.755 -30.0608 2000.06 12987.6 30.0608 -2000.06 -1.31954
0.76 -30.2402 2000.05 13064.9 30.2402 -2000.05 -1.08085
0.765 -30.4166 2000.04 13140.9 30.4166 -2000.04 -0.887901
0.77 -30.5906 2000.03 13215.9 30.5906 -2000.03 -0.731941
0.775 -30.763 2000.02 13290.2 30.763 -2000.02 -0.605936
0.78 -30.9345 2000.01 13364.2 30.9345 -2000.01 -0.504217
0.785 -31.1057 2000.01 13438.1 31.1057 -2000.01 -0.422203
0.79 -31.2537 2000.18 13504 31.2537 -2000.18 -2.42615
0.795 -31.4064 2000.24 13570.6 31.4064 -2000.24 -3.00742
0.8 -31.5608 2000.2 13637 31.5608 -2000.2 -2.70271
0.805 -31.7108 2000.18 13701.8 31.7108 -2000.18 -2.70997
0.81 -31.8611 2000.14 13766.2 31.8611 -2000.14 -2.20007
0.815 -32.0092 2000.12 13829.7 32.0092 -2000.12 -1.78871
0.82 -32.1543 2000.09 13892.1 32.1543 -2000.09 -1.45663
0.825 -32.2963 2000.07 13953.2 32.2963 -2000.07 -1.18837
0.83 -32.4348 2000.06 14012.8 32.4348 -2000.06 -0.971516
0.835 -32.5696 2000.05 14070.8 32.5696 -2000.05 -0.796059
0.84 -32.7003 2000.04 14127.2 32.7003 -2000.04 -0.653933
0.845 -32.8268 2000.03 14181.7 32.8268 -2000.03 -0.538653
0.85 -32.9491 2000.02 14234.5 32.9491 -2000.02 -0.445015
0.855 -33.0671 2000.02 14285.4 33.0671 -2000.02 -0.368837
0.86 -33.1806 2000.01 14334.3 33.1806 -2000.01 -0.306737
0.865 -33.2893 2000.01 14381.2 33.2893 -2000.01 -0.255953
0.87 -33.3926 2000.01 14425.8 33.3926 -2000.01 -0.214243
0.875 -33.4901 2000 14467.9 33.4901 -2000 -0.179822
0.88 -33.5817 2000 14507.4 33.5817 -2000 -0.151283
0.885 -33.6673 2000 14544.4 33.6673 -2000 -0.127516
0.89 -33.747 2000 14578.8 33.747 -2000 -0.107638
0.895 -33.8207 2000 14610.6 33.8207 -2000 -0.0909528
0.9 -33.8886 2000 14640 33.8886 -2000 -0.0768904
0.905 -33.951 2000 14666.9 33.951 -2000 -0.0650012
0.91 -34.0076 2000 14691.4 34.0076 -2000 -0.0549182
0.915 -34.0587 2000 14713.4 34.0587 -2000 -0.0463335
0.92 -34.1042 2000 14733.1 34.1042 -2000 -0.0390076
0.925 -34.1447 2000 14750.5 34.1447 -2000 -0.0328242
0.93 -34.1805 2000 14766 34.1805 -2000 -0.0276116
0.935 -34.2121 2000 14779.7 34.2121 -2000 -0.0231584
0.94 -34.2398 2000 14791.6 34.2398 -2000 -0.0193628
0.945 -34.2636 2000 14801.9 34.2636 -2000 -0.0161333
0.95 -34.2838 2000 14810.6 34.2838 -2000 -0.0133879
0.955 -34.3003 2000 14817.7 34.3003 -2000 -0.0110555
0.96 -34.3129 2000 14823.2 34.3129 -2000 -0.00907695
0.965 -34.3215 2000 14826.9 34.3215 -2000 -0.00740426
0.97 -34.3257 2000 14828.7 34.3257 -2000 -0.00600011
0.975 -34.3246 2000 14828.2 34.3246 -2000 -0.0232071
0.98 -34.3164 1999.99 14824.7 34.3164 -1999.99 -0.0550102
0.985 -34.3009 1999.99 14818 34.3009 -1999.99 -0.0443533
0.99 -34.2777 1999.99 14808 34.2777 -1999.99 -0.0357619
0.995 -34.2468 1999.99 14794.7 34.2468 -1999.99 -0.0288319
1 -34.2085 2000 14778.1 34.2085 -2000 -0.0232445
1.005 -34.1631 2000 14758.5 34.1631 -2000 -0.0187398
1.01 -34.111 2000 14736 34.111 -2000 -0.0151081
1.015 -34.0524 2000 14710.7 34.0524 -2000 -0.0121802
1.02 -33.9873 2000 14682.5 33.9873 -2000 -0.0098197
1.025 -33.9157 2000 14651.6 33.9157 -2000 -0.00791662
1.03 -33.8373 2000 14617.7 33.8373 -2000 -0.00638232
1.035 -33.7519 2000 14580.8 33.7519 -2000 -0.00514533
1.04 -33.6587 2000 14540.6 33.6587 -2000 -0.00414803
1.045 -33.5569 2000 14496.6 33.5569 -2000 -0.00334396
1.05 -33.4459 2000 14448.6 33.4459 -2000 -0.00269566
1.055 -33.3252 2000 14396.5 33.3252 -2000 -0.00217399
1.06 -33.1943 2000 14339.9 33.1943 -2000 -0.0017389
1.065 -33.0526 2000 14278.7 33.0526 -2000 -0.00115368
1.07 -32.9 2000 14212.8 32.9 -2000 -0.00073615
1.075 -32.7368 2000 14142.3 32.7368 -2000 -0.000592358
1.08 -32.5634 2000 14067.4 32.5634 -2000 -0.000475617
1.085 -32.3802 2000 13988.2 32.3802 -2000 -0.000381056
1.09 -32.1872 2000 13904.9 32.1872 -2000 -0.000304267
1.095 -31.9849 2000 13817.5 31.9849 -2000 -0.000241673
1.1 -31.7733 2000 13726.1 31.7733 -2000 -0.000190356
1.105 -31.5525 2000 13630.7 31.5525 -2000 -0.000147921
1.11 -31.3221 2000 13531.1 31.3221 -2000 -0.000112366
1.115 -31.0817 2000 13427.3 31.0817 -2000 -8.20044e-05
1.12 -30.8205 2000.06 13316 30.8205 -2000.06 -1.55617
1.125 -30.5377 2000.17 13195.7 30.5377 -2000.17 -3.43046
1.13 -30.228 2000.28 13063.1 30.228 -2000.28 -4.61919
1.135 -29.9128 2000.22 12926 29.9128 -2000.22 -3.7079
1.14 -29.5845 2000.18 12783.5 29.5845 -2000.18 -2.97795
1.145 -29.2438 2000.15 12635.7 29.2438 -2000.15 -2.40081
1.15 -28.8916 2000.12 12483.1 28.8916 -2000.12 -1.9355
1.155 -28.5293 2000.09 12326.2 28.5293 -2000.09 -1.55952
1.16 -28.1484 2000.13 12162.2 28.1484 -2000.13 -2.1148
1.165 -27.755 2000.16 11992.6 27.755 -2000.16 -2.43314
1.17 -27.3433 2000.18 11815.9 27.3433 -2000.18 -3.5975
1.175 -26.9096 2000.25 11630.2 26.9096 -2000.25 -5.22068
1.18 -26.4641 2000.26 11437.6 26.4641 -2000.26 -5.1012
1.185 -26.01 2000.21 11240.4 26.01 -2000.21 -4.0998
1.19 -25.5418 2000.17 11037.4 25.5418 -2000.17 -3.30407
1.195 -25.0576 2000.13 10827.6 25.0576 -2000.13 -2.66354
1.2 -24.5561 2000.11 10610.4 24.5561 -2000.11 -2.1471
1.205 -24.0217 2000.15 10381.2 24.0217 -2000.15 -3.81541
1.21 -23.4627 2000.19 10141.1 23.4627 -2000.19 -5.23061
1.215 -22.8965 2000.15 9895.49 22.8965 -2000.15 -4.21783
1.22 -22.3154 2000.13 9643.73 22.3154 -2000.13 -3.46138
1.225 -21.7156 2000.12 9384.6 21.7156 -2000.12 -3.4406
1.23 -21.1063 2000.11 9121 21.1063 -2000.11 -3.09299
1.235 -20.4836 2000.1 8852.07 20.4836 -2000.1 -3.16651
1.24 -19.8563 2000.08 8580.49 19.8563 -2000.08 -2.55234
1.245 -19.2218 2000.07 8305.89 19.2218 -2000.07 -2.05713
1.25 -18.5793 2000.05 8027.91 18.5793 -2000.05 -1.65782
1.255 -17.9272 2000.04 7745.87 17.9272 -2000.04 -1.33468
1.26 -17.2633 2000.03 7458.83 17.2633 -2000.03 -1.07425
1.265 -16.5856 2000.03 7165.83 16.5856 -2000.03 -0.865316
1.27 -15.8918 2000.02 6865.96 15.8918 -2000.02 -0.696539
1.275 -15.1802 2000.01 6558.4 15.1802 -2000.01 -0.553185
1.28 -14.449 2000.01 6242.42 14.449 -2000.01 -0.440385
1.285 -13.6972 2000.01 5917.56 13.6972 -2000.01 -0.353385
1.29 -12.9245 2000.01 5583.68 12.9245 -2000.01 -0.283002
1.295 -12.131 2000 5240.82 12.131 -2000 -0.230915
1.3 -11.3171 2000 4889.17 11.3171 -2000 -0.187477
1.305 -10.4837 2000 4529.11 10.4837 -2000 -0.137821
1.31 -9.63166 2000 4160.97 9.63166 -2000 -0.0971924
1.315 -8.76163 1999.99 3785.09 8.76163 -1999.99 -0.0605441
1.32 -7.87425 1999.99 3401.71 7.87425 -1999.99 -0.0377208
1.325 -6.97063 1999.98 3011.35 6.97063 -1999.98 -0.0404745
1.33 -6.05249 1999.97 2614.69 6.05249 -1999.97 -0.013476
1.335 -5.12138 1999.97 2212.43 5.12138 -1999.97 0.0102209
1.34 -4.17895 1999.96 1805.29 4.17895 -1999.96 0.0208226
1.345 -3.22737 1999.95 1394.16 3.22737 -1999.95 0.0650721
1.35 -2.2684 1999.91 979.809 2.2684 -1999.91 0.141543
1.355 -1.30297 1999.84 562.792 1.30297 -1999.84 0.0903795
1.36 -0.334033 1999.73 144.36 0.334033 -1999.73 -0.0579672
1.365 0.640521 1999.7 -276.411 -0.640521 -1999.7 -0.294663
1.37 1.62023 1999.63 -698.398 -1.62023 -1999.63 -1.54187
1.375 2.58881 1999.4 -1114.84 -2.58881 -1999.4 -3.52127
1.38 3.51503 1999.22 -1518.23 -3.51503 -1999.22 -0.26072
1.385 4.44683 1999.29 -1922.45 -4.44683 -1999.29 1.41698
1.39 5.39026 1999.4 -2329.96 -5.39026 -1999.4 1.37031
1.395 6.33921 1999.49 -2739.89 -6.33921 -1999.49 1.35347
1.4 7.29343 1999.56 -3152.13 -7.29343 -1999.56 1.36628
1.405 8.2526 1999.61 -3566.53 -8.2526 -1999.61 1.41057
1.41 9.21636 1999.66 -3982.96 -9.21636 -1999.66 1.48851
1.415 10.1843 1999.69 -4401.24 -10.1843 -1999.69 1.60101
1.42 11.1563 1999.71 -4821.27 -11.1563 -1999.71 1.74542
1.425 12.1324 1999.72 -5243.09 -12.1324 -1999.72 1.91287
1.43 13.113 1999.73 -5666.9 -13.113 -1999.73 2.08755
1.435 14.0988 1999.74 -6092.94 -14.0988 -1999.74 2.24998
1.44 15.0904 1999.74 -6521.43 -15.0904 -1999.74 2.37899
1.445 16.088 1999.74 -6952.47 -16.088 -1999.74 2.45715
1.45 17.0918 1999.73 -7386.13 -17.0918 -1999.73 2.47544
1.455 18.1023 1999.73 -7822.62 -18.1023 -1999.73 2.4353
1.46 19.1201 1999.73 -8262.22 -19.1201 -1999.73 2.34933
1.465 20.1454 1999.73 -8705.06 -20.1454 -1999.73 2.23554
1.47 21.1757 1999.74 -9150.34 -21.1757 -1999.74 2.42749
1.475 22.1984 1999.79 -9593.57 -22.1984 -1999.79 3.86011
1.48 23.2207 1999.81 -10036 -23.2207 -1999.81 4.63481
1.485 24.2092 2000 -10468.2 -24.2092 -2000 9.81849
1.49 25.1984 2000.1 -10898.3 -25.1984 -2000.1 12.5683
1.495 26.2071 2000.03 -11332 -26.2071 -2000.03 10.499
1.5 27.1387 2000.44 -11741.9 -27.1387 -2000.44 17.9366
1.505 28.0576 2000.72 -12143.3 -28.0576 -2000.72 22.4183
1.51 28.9747 2000.77 -12538.4 -28.9747 -2000.77 21.3482
1.515 29.803 2001.07 -12898.4 -29.803 -2001.07 23.4636
1.52 30.6257 2000.95 -13252.6 -30.6257 -2000.95 22.3609
1.525 31.4623 2000.73 -13610.3 -31.4623 -2000.73 18.5471
1.53 32.3013 2000.55 -13969.7 -32.3013 -2000.55 15.5354
1.535 33.1 2000.79 -14315.9 -33.1 -2000.79 16.7196
1.54 33.8525 2001.09 -14643.2 -33.8525 -2001.09 18.9553
1.545 34.6046 2000.93 -14967.1 -34.6046 -2000.93 17.9087
1.55 35.3637 2000.72 -15292.2 -35.3637 -2000.72 15.0615
1.555 36.122 2000.54 -15617.5 -36.122 -2000.54 12.7786
1.56 36.8761 2000.44 -15941.7 -36.8761 -2000.44 11.2252
1.565 37.5681 2000.72 -16242 -37.5681 -2000.72 12.5889
1.57 38.2704 2000.54 -16543.6 -38.2704 -2000.54 10.7745
1.575 38.9627 2000.48 -16842.9 -38.9627 -2000.48 10.957
1.58 39.6455 2000.49 -17139.2 -39.6455 -2000.49 12.3066
1.585 40.3258 2000.49 -17433.9 -40.3258 -2000.49 13.1849
1.59 40.9862 2000.63 -17722.5 -40.9862 -2000.63 16.4788
1.595 41.6264 2000.92 -18001.4 -41.6264 -2000.92 18.8179
1.6 42.261 2000.99 -18274 -42.261 -2000.99 17.2589
1.605 42.8676 2001.04 -18538.6 -42.8676 -2001.04 19.8174
1.61 43.459 2001.12 -18797 -43.459 -2001.12 22.7385
1.615 44.0558 2001 -19053.6 -44.0558 -2001 21.5127
1.62 44.6127 2001.03 -19295.6 -44.6127 -2001.03 22.9593
1.625 45.1801 2000.81 -19537.4 -45.1801 -2000.81 19.5937
1.63 45.7068 2001.01 -19766.6 -45.7068 -2001.01 21.2914
1.635 46.2159 2001.06 -19988.4 -46.2159 -2001.06 23.1268
1.64 46.6984 2001.18 -20199.3 -46.6984 -2001.18 25.5825
1.645 47.1402 2001.49 -20392.7 -47.1402 -2001.49 28.1447
1.65 47.5864 2001.41 -20580.1 -47.5864 -2001.41 22.7382
1.655 47.97 2001.64 -20750.3 -47.97 -2001.64 27.24
1.66 48.3541 2001.59 -20916.4 -48.3541 -2001.59 27.4417
1.665 48.7147 2001.57 -21072.4 -48.7147 -2001.57 27.6851
1.67 49.0607 2001.44 -21221.9 -49.0607 -2001.44 27.6283
1.675 49.4035 2001.32 -21366.5 -49.4035 -2001.32 24.2054
1.68 49.7238 2001.33 -21501.9 -49.7238 -2001.33 21.2048
1.685 50.0456 2001.17 -21633.9 -50.0456 -2001.17 14.2149
1.69 50.3521 2000.99 -21762.8 -50.3521 -2000.99 10.7115
1.695 50.6411 2000.76 -21888.4 -50.6411 -2000.76 11.484
1.7 50.9179 2000.64 -22010 -50.9179 -2000.64 13.4979
1.705 51.1883 2000.51 -22128.3 -51.1883 -2000.51 14.9116
1.71 51.4506 2000.36 -22242.5 -51.4506 -2000.36 15.8792
1.715 51.6962 2000.72 -22348 -51.6962 -2000.72 15.2245
1.72 51.9107 2000.85 -22442.6 -51.9107 -2000.85 17.2265
1.725 52.1069 2000.6 -22529.4 -52.1069 -2000.6 19.2746
1.73 52.2869 2000.46 -22609.1 -52.2869 -2000.46 21.1507
1.735 52.3994 2000.23 -22668.7 -52.3994 -2000.23 32.1193
1.74 52.4378 2000.02 -22700 -52.4378 -2000.02 46.8738
1.745 52.4381 1999.96 -22706.1 -52.4381 -1999.96 52.8814
1.75 52.4432 1999.79 -22703.6 -52.4432 -1999.79 48.1175
1.755 52.4224 1999.61 -22691.3 -52.4224 -1999.61 44.8215
1.76 52.3217 1999.2 -22654.7 -52.3217 -1999.2 51.7341
1.765 52.2134 1999.03 -22608.4 -52.2134 -1999.03 52.1718
1.77 52.1098 1999.08 -22557.1 -52.1098 -1999.08 45.6974
1.775 51.9846 1999.27 -22499 -51.9846 -1999.27 41.6103
1.78 51.8372 1999.44 -22431.8 -51.8372 -1999.44 38.1604
1.785 51.6743 1999.37 -22357.6 -51.6743 -1999.37 34.3393
1.79 51.454 1999.17 -22266.3 -51.454 -1999.17 38.1711
1.795 51.2343 1999.13 -22170.1 -51.2343 -1999.13 36.8641
1.8 51.0189 1999.2 -22071.2 -51.0189 -1999.2 31.0524
1.805 50.8151 1999.61 -21973.4 -50.8151 -1999.61 21.3025
1.81 50.5936 1999.77 -21872.3 -50.5936 -1999.77 15.8905
1.815 50.3552 1999.68 -21767.8 -50.3552 -1999.68 14.3095
1.82 50.1088 1999.58 -21660.2 -50.1088 -1999.58 13.165
1.825 49.8556 1999.53 -21549.8 -49.8556 -1999.53 12.2302
1.83 49.5946 1999.48 -21436.4 -49.5946 -1999.48 11.5765
1.835 49.3178 1999.35 -21316.5 -49.3178 -1999.35 11.2046
1.84 49.0336 1999.29 -21191.8 -49.0336 -1999.29 9.27967
1.845 48.7443 1999.33 -21065.9 -48.7443 -1999.33 8.3224
1.85 48.4503 1999.36 -20938.1 -48.4503 -1999.36 7.60632
1.855 48.1617 1999.54 -20810.3 -48.1617 -1999.54 4.43808
1.86 48.0008 2000.39 -20718.2 -48.0008 -2000.39 -18.1629
1.865 47.8497 2000.74 -20642.2 -47.8497 -2000.74 -28.8467
1.87 47.6537 2000.52 -20563.8 -47.6537 -2000.52 -22.6596
1.875 47.4581 2000.35 -20484.2 -47.4581 -2000.35 -17.6957
1.88 47.2621 2000.21 -20403.5 -47.2621 -2000.21 -13.6962
1.885 47.0651 2000.09 -20321.7 -47.0651 -2000.09 -10.4401
1.89 46.8677 2000.01 -20238.7 -46.8677 -2000.01 -8.08699
1.895 46.6694 1999.95 -20154.8 -46.6694 -1999.95 -6.35371
1.9 46.4933 2000.04 -20076.6 -46.4933 -2000.04 -8.534
1.905 46.3746 2000.32 -20018.9 -46.3746 -2000.32 -14.9276
1.91 46.2261 2000.11 -19958.4 -46.2261 -2000.11 -11.3263
1.915 46.0773 1999.96 -19896.9 -46.0773 -1999.96 -8.45979
1.92 45.9279 1999.88 -19834.6 -45.9279 -1999.88 -6.22635
1.925 45.7784 1999.84 -19771.4 -45.7784 -1999.84 -4.91467
1.93 45.6262 1999.8 -19706.9 -45.6262 -1999.8 -3.65036
1.935 45.4703 1999.73 -19641 -45.4703 -1999.73 -2.22522
1.94 45.4402 2000.29 -19609.7 -45.4402 -2000.29 -20.4135
1.945 45.3788 2000.47 -19577.7 -45.3788 -2000.47 -25.9652
1.95 45.2882 2000.32 -19543.9 -45.2882 -2000.32 -20.5702
1.955 45.2946 2000.78 -19536.6 -45.2946 -2000.78 -30.6401
1.96 45.2854 2000.91 -19530.8 -45.2854 -2000.91 -32.5482
1.965 45.2522 2000.69 -19523 -45.2522 -2000.69 -25.9126
1.97 45.246 2000.77 -19522.1 -45.246 -2000.77 -24.1914
1.975 45.2497 2000.81 -19525.3 -45.2497 -2000.81 -22.5401
1.98 45.2437 2000.62 -19527.3 -45.2437 -2000.62 -17.993
1.985 45.2396 2000.47 -19529.2 -45.2396 -2000.47 -14.3225
1.99 45.2384 2000.54 -19531.5 -45.2384 -2000.54 -11.4851
1.995 45.2302 2000.5 -19531.1 -45.2302 -2000.5 -8.36234
2 45.2218 2000.26 -19529.6 -45.2218 -2000.26 -6.15424
2.005 45.2169 2000.19 -19528.8 -45.2169 -2000.19 -4.85383
2.01 45.2125 2000.12 -19528 -45.2125 -2000.12 -3.79832
2.015 45.2084 2000.07 -19527.1 -45.2084 -2000.07 -2.94359
2.02 45.2044 2000.03 -19526.1 -45.2044 -2000.03 -2.25343
2.025 45.2006 1999.99 -19525 -45.2006 -1999.99 -1.69257
2.03 45.1967 1999.96 -19523.8 -45.1967 -1999.96 -1.23201
2.035 45.1928 1999.94 -19522.4 -45.1928 -1999.94 -0.855503
2.04 45.183 1999.76 -19519.3 -45.183 -1999.76 0.239534
2.045 45.1756 1999.69 -19516.6 -45.1756 -1999.69 0.724889
2.05 45.1687 1999.65 -19513.7 -45.1687 -1999.65 0.860827
2.055 45.1619 1999.63 -19510.9 -45.1619 -1999.63 0.937494
2.06 45.1553 1999.66 -19508 -45.1553 -1999.66 0.924269
2.065 45.1481 1999.67 -19504.9 -45.1481 -1999.67 0.924492
2.07 45.1323 1999.4 -19499.2 -45.1323 -1999.4 2.0487
2.075 45.1187 1999.31 -19493.8 -45.1187 -1999.31 2.46009
2.08 45.1087 1999.41 -19489 -45.1087 -1999.41 2.07234
2.085 45.098 1999.49 -19484.1 -45.098 -1999.49 1.76614
2.09 45.0868 1999.56 -19479 -45.0868 -1999.56 1.52304
2.095 45.075 1999.61 -19473.8 -45.075 -1999.61 1.33145
2.1 45.0629 1999.64 -19468.3 -45.0629 -1999.64 1.18214
2.105 45.0749 2000.2 -19469.9 -45.0749 -2000.2 -2.44497
2.11 45.0794 2000.42 -19470.5 -45.0794 -2000.42 -3.81706
2.115 45.0757 2000.32 -19469.7 -45.0757 -2000.32 -3.02676
2.12 45.0724 2000.24 -19468.9 -45.0724 -2000.24 -2.3904
2.125 45.0694 2000.18 -19468.1 -45.0694 -2000.18 -1.87465
2.13 45.0667 2000.12 -19467.3 -45.0667 -2000.12 -1.45599
2.135 45.0641 2000.08 -19466.6 -45.0641 -2000.08 -1.11559
2.14 45.0616 2000.04 -19465.8 -45.0616 -2000.04 -0.838261
2.145 45.0592 2000.01 -19465 -45.0592 -2000.01 -0.611752
2.15 45.0568 1999.98 -19464.1 -45.0568 -1999.98 -0.426161
2.155 45.0544 1999.96 -19463.2 -45.0544 -1999.96 -0.273451
2.16 45.0519 1999.94 -19462.3 -45.0519 -1999.94 -0.147067
2.165 45.0494 1999.93 -19461.3 -45.0494 -1999.93 -0.0416295
2.17 45.0467 1999.91 -19460.2 -45.0467 -1999.91 0.0473276
2.175 45.0439 1999.9 -19459.1 -45.0439 -1999.9 0.123563
2.18 45.041 1999.88 -19457.9 -45.041 -1999.88 0.190275
2.185 45.0378 1999.87 -19456.6 -45.0378 -1999.87 0.250199
2.19 45.0345 1999.86 -19455.2 -45.0345 -1999.86 0.305687
2.195 45.0309 1999.84 -19453.7 -45.0309 -1999.84 0.358777
2.2 45.0269 1999.83 -19452.1 -45.0269 -1999.83 0.411278
2.205 45.0227 1999.81 -19450.3 -45.0227 -1999.81 0.46486
2.21 45.0181 1999.8 -19448.3 -45.0181 -1999.8 0.521165
2.215 45.013 1999.78 -19446.2 -45.013 -1999.78 0.581948
2.22 45.0075 1999.75 -19443.9 -45.0075 -1999.75 0.649208
2.225 45.0013 1999.72 -19441.3 -45.0013 -1999.72 0.725352
2.23 44.9945 1999.69 -19438.4 -44.9945 -1999.69 0.813459
2.235 44.9869 1999.65 -19435.3 -44.9869 -1999.65 0.917761
2.24 44.9783 1999.61 -19431.7 -44.9783 -1999.61 1.0445
2.245 44.9685 1999.55 -19427.6 -44.9685 -1999.55 1.20338
2.25 44.9571 1999.47 -19422.9 -44.9571 -1999.47 1.41079
2.255 44.9375 1999.1 -19415.4 -44.9375 -1999.1 2.44133
2.26 44.9024 1998.55 -19401.8 -44.9024 -1998.55 3.94146
2.265 44.9068 2001.35 -19399 -44.9068 -2001.35 -0.733913
2.27 44.9191 2003.74 -19400.3 -44.9191 -2003.74 -4.75171
2.275 44.8969 2003.16 -19392.2 -44.8969 -2003.16 -3.27871
2.28 44.8756 2002.51 -19383.7 -44.8756 -2002.51 -2.54548
2.285 44.8552 2001.99 -19375.5 -44.8552 -2001.99 -1.95475
2.29 44.8353 2001.57 -19367.4 -44.8353 -2001.57 -1.46826
2.295 44.8157 2001.22 -19359.3 -44.8157 -2001.22 -1.06584
2.3 44.7962 2000.94 -19351.2 -44.7962 -2000.94 -0.73127
2.305 44.7767 2000.71 -19343.1 -44.7767 -2000.71 -0.451528
2.31 44.7571 2000.52 -19334.9 -44.7571 -2000.52 -0.216211
2.315 44.7374 2000.36 -19326.5 -44.7374 -2000.36 -0.0169662
2.32 44.7218 2000.33 -19319.4 -44.7218 -2000.33 -0.457875
2.325 44.7105 2000.35 -19313.9 -44.7105 -2000.35 -1.06206
2.33 44.6962 2000.25 -19308 -44.6962 -2000.25 -0.780707
2.335 44.6821 2000.17 -19302.1 -44.6821 -2000.17 -0.553164
2.34 44.6679 2000.11 -19296.2 -44.6679 -2000.11 -0.367359
2.345 44.6537 2000.06 -19290.2 -44.6537 -2000.06 -0.214831
2.35 44.6393 2000.01 -19284.1 -44.6393 -2000.01 -0.0885402
2.355 44.6247 1999.98 -19277.9 -44.6247 -1999.98 0.0172767
2.36 44.6097 1999.94 -19271.5 -44.6097 -1999.94 0.107269
2.365 44.5944 1999.92 -19265 -44.5944 -1999.92 0.185165
2.37 44.5787 1999.89 -19258.2 -44.5787 -1999.89 0.253964
2.375 44.5625 1999.87 -19251.3 -44.5625 -1999.87 0.3161
2.38 44.5457 1999.85 -19244.1 -44.5457 -1999.85 0.373581
2.385 44.5284 1999.83 -19236.7 -44.5284 -1999.83 0.42811
2.39 44.5105 1999.81 -19229 -44.5105 -1999.81 0.481185
2.395 44.4918 1999.79 -19221 -44.4918 -1999.79 0.534169
2.4 44.4724 1999.77 -19212.7 -44.4724 -1999.77 0.588463
2.405 44.4522 1999.74 -19204 -44.4522 -1999.74 0.645243
2.41 44.4311 1999.72 -19194.9 -44.4311 -1999.72 0.705587
2.415 44.4089 1999.7 -19185.4 -44.4089 -1999.7 0.770925
2.42 44.3744 1998.95 -19171.9 -44.3744 -1998.95 2.16525
2.425 44.3337 1998.41 -19155.4 -44.3337 -1998.41 3.22704
2.43 44.2838 1998.35 -19134.7 -44.2838 -1998.35 4.10979
2.435 44.2205 1997.87 -19108.3 -44.2205 -1997.87 5.01111
2.44 44.1863 1998.23 -19090.7 -44.1863 -1998.23 2.25141
2.445 44.1397 1998.16 -19070.8 -44.1397 -1998.16 2.49833
2.45 44.0817 1997.95 -19046.4 -44.0817 -1997.95 3.11148
2.455 44.0029 1997.41 -19013.5 -44.0029 -1997.41 4.27213
2.46 43.9363 2000.55 -18981.4 -43.9363 -2000.55 0.850663
2.465 43.8946 2003.5 -18961.4 -43.8946 -2003.5 -1.06555
2.47 43.8391 2002.92 -18941.6 -43.8391 -2002.92 3.13212
2.475 43.7888 2002.06 -18919.9 -43.7888 -2002.06 3.11891
2.48 43.7525 2002.92 -18901.9 -43.7525 -2002.92 0.850547
2.485 43.7454 2004.95 -18894.9 -43.7454 -2004.95 -3.12694
2.49 43.7163 2003.89 -18883 -43.7163 -2003.89 -2.47598
2.495 43.6876 2003.1 -18871.1 -43.6876 -2003.1 -1.8888
2.5 43.6572 2002.34 -18858.7 -43.6572 -2002.34 -1.22056
2.505 43.626 2001.73 -18845.8 -43.626 -2001.73 -0.676752
2.51 43.6078 2001.65 -18836.4 -43.6078 -2001.65 -2.17422
2.515 43.6162 2002.23 -18836.3 -43.6162 -2002.23 -5.92423
2.52 43.616 2002.14 -18836 -43.616 -2002.14 -6.10723
2.525 43.6106 2001.7 -18834.9 -43.6106 -2001.7 -4.86708
2.53 43.606 2001.34 -18833.9 -43.606 -2001.34 -3.86184
2.535 43.6018 2001.06 -18833 -43.6018 -2001.06 -3.03723
2.54 43.5979 2000.84 -18831.9 -43.5979 -2000.84 -2.34585
2.545 43.5938 2000.69 -18830.8 -43.5938 -2000.69 -1.74518
2.55 43.604 2001.02 -18833.7 -43.604 -2001.02 -3.27274
2.555 43.6152 2001.23 -18837.7 -43.6152 -2001.23 -4.06331
2.56 43.619 2001.07 -18840.3 -43.619 -2001.07 -3.08639
2.565 43.6229 2000.89 -18842.7 -43.6229 -2000.89 -2.37377
2.57 43.6271 2000.73 -18845 -43.6271 -2000.73 -1.84834
2.575 43.6315 2000.58 -18847.4 -43.6315 -2000.58 -1.44563
2.58 43.6362 2000.45 -18849.7 -43.6362 -2000.45 -1.1282
2.585 43.6411 2000.35 -18852.1 -43.6411 -2000.35 -0.874146
2.59 43.6481 2000.35 -18855.1 -43.6481 -2000.35 -0.932797
2.595 43.6543 2000.2 -18857.9 -43.6543 -2000.2 -0.759587
2.6 43.6602 2000.07 -18860.8 -43.6602 -2000.07 -0.446171
2.605 43.6673 2000.06 -18863.9 -43.6673 -2000.06 -0.358098
2.61 43.6745 2000.05 -18867.1 -43.6745 -2000.05 -0.287083
2.615 43.6816 2000.04 -18870.2 -43.6816 -2000.04 -0.22987
2.62 43.6887 2000.03 -18873.3 -43.6887 -2000.03 -0.183775
2.625 43.6958 2000.02 -18876.4 -43.6958 -2000.02 -0.146646
2.63 43.7027 2000.02 -18879.5 -43.7027 -2000.02 -0.116745
2.635 43.7096 2000.01 -18882.5 -43.7096 -2000.01 -0.0926747
2.64 43.7164 2000.01 -18885.4 -43.7164 -2000.01 -0.0733062
2.645 43.7231 2000.01 -18888.3 -43.7231 -2000.01 -0.0577291
2.65 43.7297 2000 -18891.2 -43.7297 -2000 -0.0452089
2.655 43.7362 2000 -18894 -43.7362 -2000 -0.0351527
2.66 43.7426 2000 -18896.8 -43.7426 -2000 -0.0270822
2.665 43.7489 2000 -18899.5 -43.7489 -2000 -0.0206115
2.67 43.7551 2000 -18902.2 -43.7551 -2000 -0.0154296
2.675 43.7612 2000 -18904.8 -43.7612 -2000 -0.0112861
2.68 43.7672 2000 -18907.4 -43.7672 -2000 -0.00797946
2.685 43.7731 2000 -18910 -43.7731 -2000 -0.0053475
2.69 43.7789 2000 -18912.5 -43.7789 -2000 -0.00325987
2.695 43.7845 2000 -18914.9 -43.7845 -2000 -0.00161194
2.7 43.7901 2000 -18917.3 -43.7901 -2000 -0.0003197
2.705 43.7955 2000 -18919.7 -43.7955 -2000 0.000684247
2.71 43.8009 2000 -18922 -43.8009 -2000 0.00145392
2.715 43.806 2000 -18924.2 -43.806 -2000 0.00203249
2.72 43.811 2000 -18926.4 -43.811 -2000 0.0024544
2.725 43.8159 2000 -18928.5 -43.8159 -2000 0.00274732
2.73 43.8206 2000 -18930.5 -43.8206 -2000 0.00293371
2.735 43.8251 2000 -18932.4 -43.8251 -2000 0.0030323
2.74 43.8294 2000 -18934.3 -43.8294 -2000 0.00305897
2.745 43.8335 2000 -18936.1 -43.8335 -2000 0.00302743
2.75 43.8374 2000 -18937.8 -43.8374 -2000 0.00294961
2.755 43.8411 2000 -18939.4 -43.8411 -2000 0.0028359
2.76 43.8446 2000 -18940.9 -43.8446 -2000 0.00269534
2.765 43.8478 2000 -18942.3 -43.8478 -2000 0.00253586
2.77 43.8509 2000 -18943.6 -43.8509 -2000 0.00238097
2.775 43.8538 2000 -18944.8 -43.8538 -2000 0.00223202
2.78 43.8565 2000 -18946 -43.8565 -2000 0.00207462
2.785 43.859 2000 -18947.1 -43.859 -2000 0.001916
2.79 43.8614 2000 -18948.1 -43.8614 -2000 0.00176182
2.795 43.8637 2000 -18949.1 -43.8637 -2000 0.00161618
2.8 43.8658 2000 -18950 -43.8658 -2000 0.00148186
2.805 43.8679 2000 -18951 -43.8679 -2000 0.00136085
2.81 43.87 2000 -18951.8 -43.87 -2000 0.00125472
2.815 43.8718 1999.98 -18952.7 -43.8718 -1999.98 0.0228098
2.82 43.8737 1999.96 -18953.5 -43.8737 -1999.96 0.0386634
2.825 43.8758 1999.97 -18954.4 -43.8758 -1999.97 0.0316386
2.83 43.8779 1999.98 -18955.3 -43.8779 -1999.98 0.0259878
2.835 43.88 1999.98 -18956.2 -43.88 -1999.98 0.0214555
2.84 43.8822 1999.98 -18957.1 -43.8822 -1999.98 0.0178343
2.845 43.8845 1999.99 -18958.1 -43.8845 -1999.99 0.014957
2.85 43.8869 1999.99 -18959.1 -43.8869 -1999.99 0.0126883
2.855 43.892 2000.13 -18961 -43.892 -2000.13 -0.329914
2.86 43.8965 2000.19 -18962.8 -43.8965 -2000.19 -0.470692
2.865 43.8999 2000.15 -18964.4 -43.8999 -2000.15 -0.379389
2.87 43.9037 2000.12 -18966.1 -43.9037 -2000.12 -0.305789
2.875 43.9077 2000.1 -18967.9 -43.9077 -2000.1 -0.246436
2.88 43.9121 2000.08 -18969.8 -43.9121 -2000.08 -0.198568
2.885 43.9167 2000.06 -18971.8 -43.9167 -2000.06 -0.159958
2.89 43.9216 2000.05 -18974 -43.9216 -2000.05 -0.128809
2.895 43.9268 2000.04 -18976.3 -43.9268 -2000.04 -0.103674
2.9 43.9324 2000.03 -18978.7 -43.9324 -2000.03 -0.0833836
2.905 43.9383 2000.03 -18981.3 -43.9383 -2000.03 -0.0669982
2.91 43.9445 2000.02 -18984 -43.9445 -2000.02 -0.0537597
2.915 43.951 2000.02 -18986.8 -43.951 -2000.02 -0.0430576
2.92 43.9578 2000.01 -18989.7 -43.9578 -2000.01 -0.0344011
2.925 43.9649 2000.01 -18992.8 -43.9649 -2000.01 -0.0273957
2.93 43.9721 2000.01 -18995.9 -43.9721 -2000.01 -0.0217232
2.935 43.9796 2000.01 -18999.2 -43.9796 -2000.01 -0.0171267
2.94 43.9873 2000 -19002.5 -43.9873 -2000 -0.0134189
2.945 43.9951 2000 -19005.9 -43.9951 -2000 -0.0104302
2.95 44.003 2000 -19009.3 -44.003 -2000 -0.00800415
2.955 44.0111 2000 -19012.8 -44.0111 -2000 -0.00603374
2.96 44.0193 2000 -19016.3 -44.0193 -2000 -0.00443276
2.965 44.0275 2000 -19019.9 -44.0275 -2000 -0.00313174
2.97 44.0358 2000 -19023.5 -44.0358 -2000 -0.00207487
2.975 44.0441 2000 -19027.1 -44.0441 -2000 -0.00121742
2.98 44.0524 2000 -19030.6 -44.0524 -2000 -0.000523671
2.985 44.0607 2000 -19034.2 -44.0607 -2000 3.49994e-05
2.99 44.0689 2000 -19037.8 -44.0689 -2000 0.000481794
2.995 44.077 2000 -19041.3 -44.077 -2000 0.000835845
3 44.085 2000 -19044.7 -44.085 -2000 0.00111314
3.005 44.093 2000 -19048.2 -44.093 -2000 0.00132711
3.01 44.1008 2000 -19051.5 -44.1008 -2000 0.00148897
3.015 44.1084 2000 -19054.8 -44.1084 -2000 0.00160791
3.02 44.116 2000 -19058.1 -44.116 -2000 0.00169156
3.025 44.1234 2000 -19061.3 -44.1234 -2000 0.00174647
3.03 44.1306 2000 -19064.4 -44.1306 -2000 0.00179786
3.035 44.1378 2000 -19067.5 -44.1378 -2000 0.00184588
3.04 44.1448 2000 -19070.5 -44.1448 -2000 0.00187112
3.045 44.1516 2000 -19073.5 -44.1516 -2000 0.00187816
3.05 44.1583 2000 -19076.4 -44.1583 -2000 0.00187067
3.055 44.1649 2000 -19079.2 -44.1649 -2000 0.0018515
3.06 44.1714 2000 -19082 -44.1714 -2000 0.00182285
3.065 44.1777 2000 -19084.8 -44.1777 -2000 0.00178655
3.07 44.1838 2000 -19087.4 -44.1838 -2000 0.00174419
3.075 44.1898 2000 -19090 -44.1898 -2000 0.001697
3.08 44.1957 2000 -19092.5 -44.1957 -2000 0.00164583
3.085 44.2014 2000 -19095 -44.2014 -2000 0.00159116
3.09 44.2069 2000 -19097.4 -44.2069 -2000 0.00153332
3.095 44.2123 2000 -19099.7 -44.2123 -2000 0.00147261
3.1 44.2175 2000 -19102 -44.2175 -2000 0.00140913
3.105 44.2225 2000 -19104.1 -44.2225 -2000 0.00134284
3.11 44.2273 2000 -19106.2 -44.2273 -2000 0.0012736
3.115 44.2318 2000 -19108.2 -44.2318 -2000 0.00120141
3.12 44.2362 2000 -19110 -44.2362 -2000 0.00112654
3.125 44.2402 2000 -19111.8 -44.2402 -2000 0.00104953
3.13 44.244 2000 -19113.4 -44.244 -2000 0.00097112
3.135 44.2476 2000 -19115 -44.2476 -2000 0.00089217
3.14 44.2509 2000 -19116.4 -44.2509 -2000 0.000813573
3.145 44.2539 2000 -19117.7 -44.2539 -2000 0.000736213
3.15 44.2567 2000 -19118.9 -44.2567 -2000 0.000660888
3.155 44.2592 2000 -19120 -44.2592 -2000 -0.012679
3.16 44.2614 2000 -19120.9 -44.2614 -2000 -0.018111
3.165 44.2634 2000 -19121.8 -44.2634 -2000 -0.0145703
3.17 44.265 2000 -19122.5 -44.265 -2000 -0.0117238
3.175 44.2663 2000 -19123.1 -44.2663 -2000 -0.00943605
3.18 44.2673 2000 -19123.5 -44.2673 -2000 -0.00759777
3.185 44.268 2000 -19123.8 -44.268 -2000 -0.00612054
3.19 44.2683 2000 -19123.9 -44.2683 -2000 -0.00493278
3.195 44.2658 2000 -19123.2 -44.2658 -2000 0.373812
3.2 44.2354 1999.99 -19111.8 -44.2354 -1999.99 2.08548
3.205 44.1907 1999.99 -19091.9 -44.1907 -1999.99 1.55858
3.21 44.1299 1999.99 -19065.3 -44.1299 -1999.99 1.20015
3.215 44.0583 1999.99 -19034 -44.0583 -1999.99 0.862763
3.22 43.9799 1999.99 -18999.9 -43.9799 -1999.99 0.540973
3.225 43.8978 1999.99 -18964.1 -43.8978 -1999.99 0.237693
3.23 43.8142 1999.98 -18927.7 -43.8142 -1999.98 -0.0405529
3.235 43.7312 1999.98 -18891.6 -43.7312 -1999.98 -0.286771
3.24 43.65 1999.98 -18856.3 -43.65 -1999.98 -0.495665
3.245 43.5717 1999.98 -18822.3 -43.5717 -1999.98 -0.664339
3.25 43.4971 1999.97 -18789.9 -43.4971 -1999.97 -0.79164
3.255 43.427 1999.97 -18759.6 -43.427 -1999.97 -0.877542
3.26 43.3622 1999.97 -18731.5 -43.3622 -1999.97 -0.923479
3.265 43.3031 1999.97 -18706 -43.3031 -1999.97 -0.932374
3.27 43.2501 1999.97 -18683.1 -43.2501 -1999.97 -0.909441
3.275 43.2037 1999.98 -18663.1 -43.2037 -1999.98 -0.859993
3.28 43.1641 1999.98 -18646.1 -43.1641 -1999.98 -0.789353
3.285 43.1318 1999.98 -18632.2 -43.1318 -1999.98 -0.704174
3.29 43.1072 1999.98 -18621.7 -43.1072 -1999.98 -0.610212
3.295 43.0909 1999.99 -18614.7 -43.0909 -1999.99 -0.513554
3.3 43.0836 1999.99 -18611.7 -43.0836 -1999.99 -0.421083
3.305 43.0869 1999.99 -18613.1 -43.0869 -1999.99 -0.472921
3.31 43.1028 1999.98 -18619.8 -43.1028 -1999.98 -0.576433
3.315 43.1312 1999.99 -18632.2 -43.1312 -1999.99 -0.464724
3.32 43.1733 1999.99 -18650.5 -43.1733 -1999.99 -0.374664
3.325 43.2291 1999.99 -18674.7 -43.2291 -1999.99 -0.302057
3.33 43.2983 1999.99 -18704.6 -43.2983 -1999.99 -0.24352
3.335 43.3803 1999.99 -18740.1 -43.3803 -1999.99 -0.196326
3.34 43.4742 2000 -18780.7 -43.4742 -2000 -0.158245
3.345 43.5787 2000 -18825.9 -43.5787 -2000 -0.127117
3.35 43.6924 2000 -18875 -43.6924 -2000 -0.0977669
3.355 43.8133 2000 -18927.3 -43.8133 -2000 -0.0420944
3.36 43.9382 1999.98 -18981.5 -43.9382 -1999.98 0.235891
3.365 44.0608 2000 -19035.6 -44.0608 -2000 1.29127
3.37 44.1628 2000.09 -19083.3 -44.1628 -2000.09 4.93573
3.375 44.2162 2000.13 -19114.2 -44.2162 -2000.13 12.8474
3.38 44.2112 1999.84 -19122 -44.2112 -1999.84 22.7459
3.385 44.2131 1999.77 -19124 -44.2131 -1999.77 23.9572
3.39 44.2249 1999.84 -19125.3 -44.2249 -1999.84 20.1091
3.395 44.2356 1999.88 -19126.2 -44.2356 -1999.88 16.364
3.4 44.2447 1999.9 -19126.9 -44.2447 -1999.9 13.2277
3.405 44.2522 1999.92 -19127.6 -44.2522 -1999.92 10.6739
3.41 44.2583 1999.93 -19128.2 -44.2583 -1999.93 8.61683
3.415 44.2634 1999.94 -19128.8 -44.2634 -1999.94 6.95345
3.42 44.2677 1999.95 -19129.2 -44.2677 -1999.95 5.60634
3.425 44.2711 1999.96 -19129.6 -44.2711 -1999.96 4.52005
3.43 44.2738 1999.97 -19129.9 -44.2738 -1999.97 3.64416
3.435 44.2757 1999.97 -19130.1 -44.2757 -1999.97 2.93796
3.44 44.2751 1999.98 -19129.5 -44.2751 -1999.98 2.66858
3.445 44.2427 1999.97 -19116.9 -44.2427 -1999.97 3.99953
3.45 44.1875 1999.98 -19091.9 -44.1875 -1999.98 2.90417
3.455 44.1011 1999.98 -19053.7 -44.1011 -1999.98 2.02094
3.46 43.9834 1999.98 -19002.1 -43.9834 -1999.98 1.33625
3.465 43.8361 1999.97 -18937.7 -43.8361 -1999.97 0.492599
3.47 43.6617 1999.95 -18861.2 -43.6617 -1999.95 -0.608943
3.475 43.4638 1999.93 -18774.3 -43.4638 -1999.93 -2.04217
3.48 43.2469 1999.87 -18678.8 -43.2469 -1999.87 -3.8234
3.485 43.0171 1999.81 -18577.4 -43.0171 -1999.81 -5.94092
3.49 42.7803 1999.76 -18472.8 -42.7803 -1999.76 -8.29507
3.495 42.5421 1999.71 -18367.5 -42.5421 -1999.71 -10.7171
3.5 42.3073 1999.66 -18263.7 -42.3073 -1999.66 -13.0227
3.505 42.0797 1999.62 -18163.4 -42.0797 -1999.62 -15.0417
3.51 41.8618 1999.58 -18067.7 -41.8618 -1999.58 -16.63
3.515 41.6552 1999.5 -17977.4 -41.6552 -1999.5 -17.6741
3.52 41.462 1999.48 -17893.3 -41.462 -1999.48 -18.2826
3.525 41.2818 1999.48 -17815.3 -41.2818 -1999.48 -18.4003
3.53 41.1141 1999.49 -17743.2 -41.1141 -1999.49 -18.0923
3.535 40.9584 1999.51 -17676.6 -40.9584 -1999.51 -17.4454
3.54 40.8139 1999.54 -17615 -40.8139 -1999.54 -16.549
3.545 40.6798 1999.57 -17558.2 -40.6798 -1999.57 -15.4847
3.55 40.5553 1999.6 -17505.6 -40.5553 -1999.6 -14.3217
3.555 40.4398 1999.63 -17456.9 -40.4398 -1999.63 -13.1161
3.56 40.3325 1999.66 -17411.7 -40.3325 -1999.66 -11.9112
3.565 40.2328 1999.69 -17369.8 -40.2328 -1999.69 -10.7394
3.57 40.1402 1999.72 -17330.9 -40.1402 -1999.72 -9.62225
3.575 40.0542 1999.74 -17294.8 -40.0542 -1999.74 -8.57253
3.58 39.9746 1999.77 -17261.4 -39.9746 -1999.77 -7.5972
3.585 39.9009 1999.79 -17230.5 -39.9009 -1999.79 -6.69981
3.59 39.833 1999.81 -17202 -39.833 -1999.81 -5.88042
3.595 39.7711 1999.83 -17176 -39.7711 -1999.83 -5.13375
3.6 39.7157 1999.85 -17152.7 -39.7157 -1999.85 -4.45086
3.605 39.6674 1999.87 -17132.5 -39.6674 -1999.87 -3.82535
3.61 39.6259 1999.89 -17115.1 -39.6259 -1999.89 -3.25668
3.615 39.5911 1999.9 -17100.6 -39.5911 -1999.9 -2.74671
3.62 39.5622 1999.88 -17088.6 -39.5622 -1999.88 -2.23515
3.625 39.5398 1999.88 -17079.4 -39.5398 -1999.88 -1.82294
3.63 39.5236 1999.9 -17072.7 -39.5236 -1999.9 -1.49809
3.635 39.5132 1999.92 -17068.5 -39.5132 -1999.92 -1.22091
3.64 39.5084 1999.94 -17066.7 -39.5084 -1999.94 -0.988293
3.645 39.5163 1999.92 -17069.2 -39.5163 -1999.92 -1.8875
3.65 39.5547 1999.87 -17084.1 -39.5547 -1999.87 -3.50743
3.655 39.6158 1999.89 -17111.2 -39.6158 -1999.89 -2.81787
3.66 39.7046 1999.91 -17150.2 -39.7046 -1999.91 -2.23237
3.665 39.8199 1999.93 -17200.5 -39.8199 -1999.93 -1.69253
3.67 39.96 1999.96 -17261.6 -39.96 -1999.96 -1.12825
3.675 40.1228 1999.98 -17332.6 -40.1228 -1999.98 -0.465697
3.68 40.3057 2000.01 -17412.5 -40.3057 -2000.01 0.370001
3.685 40.5058 2000.04 -17500 -40.5058 -2000.04 1.44506
3.69 40.7195 2000.08 -17593.6 -40.7195 -2000.08 2.80748
3.695 40.943 2000.13 -17691.9 -40.943 -2000.13 4.48084
3.7 41.1722 2000.18 -17792.8 -41.1722 -2000.18 6.45351
3.705 41.4029 2000.24 -17894.7 -41.4029 -2000.24 8.67368
3.71 41.6313 2000.29 -17995.8 -41.6313 -2000.29 11.055
3.715 41.8537 2000.32 -18094.3 -41.8537 -2000.32 13.4703
3.72 42.0675 2000.35 -18188.9 -42.0675 -2000.35 15.747
3.725 42.2701 2000.37 -18278.4 -42.2701 -2000.37 17.7246
3.73 42.4597 2000.38 -18361.9 -42.4597 -2000.38 19.2477
3.735 42.6347 2000.35 -18438.5 -42.6347 -2000.35 20.28
3.74 42.7954 2000.32 -18508.2 -42.7954 -2000.32 20.6258
3.745 42.9422 2000.31 -18571.3 -42.9422 -2000.31 20.3034
3.75 43.0752 2000.29 -18627.9 -43.0752 -2000.29 19.4643
3.755 43.1952 2000.26 -18678.6 -43.1952 -2000.26 18.2396
3.76 43.3014 2000.18 -18723.2 -43.3014 -2000.18 16.9316
3.765 43.3974 2000.16 -18763 -43.3974 -2000.16 15.2954
3.77 43.4827 2000.13 -18798.2 -43.4827 -2000.13 13.6263
3.775 43.5582 2000.11 -18829.1 -43.5582 -2000.11 11.9863
3.78 43.6246 2000.09 -18856.2 -43.6246 -2000.09 10.4192
3.785 43.6825 2000.08 -18879.8 -43.6825 -2000.08 8.9572
3.79 43.7302 1999.99 -18899.4 -43.7302 -1999.99 7.96045
3.795 43.7713 1999.95 -18916.1 -43.7713 -1999.95 6.90685
3.8 43.8069 1999.96 -18930.3 -43.8069 -1999.96 5.76372
3.805 43.8359 1999.96 -18941.9 -43.8359 -1999.96 4.81112
3.81 43.8587 1999.96 -18951 -43.8587 -1999.96 4.02764
3.815 43.8756 1999.95 -18957.6 -43.8756 -1999.95 3.37686
3.82 43.8875 1999.96 -18962.1 -43.8875 -1999.96 2.74527
3.825 43.8942 1999.97 -18964.5 -43.8942 -1999.97 2.22139
3.83 43.8958 1999.98 -18964.8 -43.8958 -1999.98 1.7921
3.835 43.8594 2000.03 -18953.7 -43.8594 -2000.03 6.45966
3.84 43.8013 2000.07 -18931.2 -43.8013 -2000.07 9.09441
3.845 43.7283 2000.05 -18897.9 -43.7283 -2000.05 7.2391
3.85 43.6292 2000.04 -18853.4 -43.6292 -2000.04 5.61168
3.855 43.5056 2000.02 -18798.5 -43.5056 -2000.02 4.08846
3.86 43.3595 2000 -18733.8 -43.3595 -2000 2.56238
3.865 43.1929 1999.97 -18660.3 -43.1929 -1999.97 0.944866
3.87 43.0085 1999.94 -18578.8 -43.0085 -1999.94 -0.830222
3.875 42.8092 1999.91 -18490.8 -42.8092 -1999.91 -2.80103
3.88 42.5985 1999.87 -18397.6 -42.5985 -1999.87 -4.97158
3.885 42.3797 1999.82 -18300.7 -42.3797 -1999.82 -7.30831
3.89 42.1563 1999.77 -18201.8 -42.1563 -1999.77 -9.74208
3.895 41.9314 1999.73 -18102.2 -41.9314 -1999.73 -12.1761
3.9 41.7079 1999.68 -18003.3 -41.7079 -1999.68 -14.4987
3.905 41.4879 1999.65 -17906.2 -41.4879 -1999.65 -16.5996
3.91 41.2728 1999.62 -17811.5 -41.2728 -1999.62 -18.387
3.915 41.0635 1999.6 -17719.7 -41.0635 -1999.6 -19.799
3.92 40.8605 1999.58 -17630.9 -40.8605 -1999.58 -20.8063
3.925 40.6636 1999.58 -17545.3 -40.6636 -1999.58 -21.41
3.93 40.4725 1999.59 -17462.5 -40.4725 -1999.59 -21.6346
3.935 40.2867 1999.6 -17382.3 -40.2867 -1999.6 -21.5188
3.94 40.1057 1999.61 -17304.6 -40.1057 -1999.61 -21.1072
3.945 39.9291 1999.63 -17228.9 -39.9291 -1999.63 -20.4471
3.95 39.7534 1998.92 -17154.1 -39.7534 -1998.92 -19.4209
3.955 39.5891 1998.43 -17084.1 -39.5891 -1998.43 -18.3495
3.96 39.4376 1998.62 -17019.7 -39.4376 -1998.62 -17.3159
3.965 39.2896 1998.76 -16956.9 -39.2896 -1998.76 -16.1863
3.97 39.1451 1998.88 -16895.7 -39.1451 -1998.88 -15.0065
3.975 39.0038 1998.97 -16835.8 -39.0038 -1998.97 -13.8159
3.98 38.8652 1999.04 -16777.2 -38.8652 -1999.04 -12.6297
3.985 38.7279 1998.9 -16719.3 -38.7279 -1998.9 -11.2041
3.99 38.5969 1998.94 -16663.7 -38.5969 -1998.94 -10.1666
3.995 38.4685 1998.96 -16609.2 -38.4685 -1998.96 -9.18662
4 38.3431 1998.97 -16555.8 -38.3431 -1998.97 -8.3669
4.005 38.221 1998.96 -16503.5 -38.221 -1998.96 -7.92538
4.01 38.1004 1998.91 -16452.4 -38.1004 -1998.91 -7.00093
4.015 37.9828 1998.83 -16402.5 -37.9828 -1998.83 -6.12427
4.02 37.868 1998.51 -16353.9 -37.868 -1998.51 -5.11378
4.025 37.7631 1998.33 -16309.2 -37.7631 -1998.33 -4.49529
4.03 37.6664 1998.3 -16267.8 -37.6664 -1998.3 -4.02351
4.035 37.5684 1997.78 -16226.9 -37.5684 -1997.78 -2.64283
4.04 37.4835 1997.11 -16191.6 -37.4835 -1997.11 -1.26814
4.045 37.4253 1996.8 -16166.6 -37.4253 -1996.8 -1.09988
4.05 37.3848 1995.19 -16149.6 -37.3848 -1995.19 -0.630731
4.055 37.3708 2004.09 -16146.7 -37.3708 -2004.09 2.49585
4.06 37.273 2009.63 -16106 -37.273 -2009.63 4.03036
4.065 37.0831 2007.52 -16023.6 -37.0831 -2007.52 3.69142
4.07 36.9006 2005.97 -15944.1 -36.9006 -2005.97 3.02734
4.075 36.7237 2004.66 -15866.8 -36.7237 -2004.66 2.12148
4.08 36.5568 2003.18 -15793.8 -36.5568 -2003.18 1.27181
4.085 36.4006 2002.33 -15725.9 -36.4006 -2002.33 0.875438
4.09 36.2524 2001.88 -15661.3 -36.2524 -2001.88 0.266199
4.095 36.107 2001.55 -15598 -36.107 -2001.55 -0.252377
4.1 35.9607 2000.93 -15534.8 -35.9607 -2000.93 -0.199587
4.105 35.8222 2000.48 -15474.8 -35.8222 -2000.48 -0.33844
4.11 35.6898 2000.09 -15417.6 -35.6898 -2000.09 -0.443379
4.115 35.5642 1999.75 -15363.2 -35.5642 -1999.75 -0.524077
4.12 35.446 1999.43 -15312.1 -35.446 -1999.43 -0.589653
4.125 35.3363 1999.16 -15264.6 -35.3363 -1999.16 -0.69963
4.13 35.2357 1998.89 -15221 -35.2357 -1998.89 -0.806422
4.135 35.1447 1998.62 -15181.7 -35.1447 -1998.62 -0.869998
4.14 35.0653 1998.34 -15147.3 -35.0653 -1998.34 -0.941255
4.145 34.993 1999.16 -15117 -34.993 -1999.16 0.0222619
4.15 34.8876 2003.82 -15076.1 -34.8876 -2003.82 4.59955
4.155 34.7389 2005.09 -15013 -34.7389 -2005.09 5.76113
4.16 34.568 2003.67 -14938.4 -34.568 -2003.67 5.00636
4.165 34.4093 2002.58 -14868.8 -34.4093 -2002.58 3.94304
4.17 34.262 2001.76 -14803.9 -34.262 -2001.76 2.75714
4.175 34.127 2000.98 -14744.6 -34.127 -2000.98 1.7174
4.18 34.0024 2000.61 -14690.2 -34.0024 -2000.61 1.13878
4.185 33.8813 2000.14 -14637.8 -33.8813 -2000.14 1.06758
4.19 33.7683 1999.77 -14588.8 -33.7683 -1999.77 0.921934
4.195 33.6647 1999.58 -14543.7 -33.6647 -1999.58 0.520025
4.2 33.5677 1999.4 -14501.4 -33.5677 -1999.4 0.186876
4.205 33.4778 1999.26 -14462.3 -33.4778 -1999.26 -0.139587
4.21 33.3955 1999.34 -14426.3 -33.3955 -1999.34 -0.510323
4.215 33.3167 1999.32 -14392.1 -33.3167 -1999.32 -0.762311
4.22 33.2417 1999.14 -14359.5 -33.2417 -1999.14 -0.911801
4.225 33.1742 1998.97 -14330.2 -33.1742 -1998.97 -1.05961
4.23 33.0962 2000.45 -14299.3 -33.0962 -2000.45 1.77757
4.235 33.0088 2001.2 -14262.8 -33.0088 -2001.2 2.98614
4.24 32.9133 2001.04 -14220.6 -32.9133 -2001.04 2.05611
4.245 32.8182 2000.35 -14178.6 -32.8182 -2000.35 1.15868
4.25 32.7341 1999.71 -14141.4 -32.7341 -1999.71 0.287843
4.255 32.6655 1999.03 -14110.9 -32.6655 -1999.03 -0.592296
4.26 32.6156 1998.67 -14089.1 -32.6156 -1998.67 -0.857323
4.265 32.5798 1998.73 -14073.6 -32.5798 -1998.73 -0.900556
4.27 32.5492 1998.75 -14060.3 -32.5492 -1998.75 -0.950459
4.275 32.5246 1998.74 -14049.7 -32.5246 -1998.74 -0.981767
4.28 32.5067 1998.68 -14042 -32.5067 -1998.68 -0.928979
4.285 32.4961 1998.51 -14037.7 -32.4961 -1998.51 -0.634866
4.29 32.4948 1998.14 -14037.9 -32.4948 -1998.14 0.118438
4.295 32.4658 2001.63 -14032.2 -32.4658 -2001.63 7.01695
4.3 32.402 2003.43 -14006.6 -32.402 -2003.43 8.90971
4.305 32.3074 2002.42 -13963.5 -32.3074 -2002.42 6.66074
4.31 32.2226 2001.74 -13925.2 -32.2226 -2001.74 5.07287
4.315 32.1437 2001.11 -13890 -32.1437 -2001.11 3.91622
4.32 32.0737 2000.56 -13858.7 -32.0737 -2000.56 2.91702
4.325 31.9665 2003.6 -13818.2 -31.9665 -2003.6 8.70139
4.33 31.7221 2007.88 -13727 -31.7221 -2007.88 23.0568
4.335 31.4326 2004.87 -13605.2 -31.4326 -2004.87 26.3054
4.34 31.18 2003.68 -13490.5 -31.18 -2003.68 20.751
4.345 30.9437 2002.35 -13382.2 -30.9437 -2002.35 14.4659
4.35 30.7125 2001.29 -13278 -30.7125 -2001.29 10.2522
4.355 30.4881 2000.53 -13177.8 -30.4881 -2000.53 6.98294
4.36 30.2725 1999.95 -13081.8 -30.2725 -1999.95 4.04143
4.365 30.0675 1999.36 -12990.5 -30.0675 -1999.36 1.33341
4.37 29.8593 1999.66 -12900.6 -29.8593 -1999.66 1.35901
4.375 29.4601 2003.99 -12743.7 -29.4601 -2003.99 16.9543
4.38 29.0714 2002.82 -12572.2 -29.0714 -2002.82 13.3492
4.385 28.685 2002.12 -12401.9 -28.685 -2002.12 10.0028
4.39 28.3252 2000.63 -12239.8 -28.3252 -2000.63 3.32209
4.395 27.9848 1999.41 -12087.4 -27.9848 -1999.41 -2.00204
4.4 27.66 1998.81 -11944 -27.66 -1998.81 -5.15334
4.405 27.3547 1998.19 -11808.8 -27.3547 -1998.19 -8.4711
4.41 27.0709 1997.5 -11684.5 -27.0709 -1997.5 -10.0773
4.415 26.5027 2008 -11482.6 -26.5027 -2008 33.4549
4.42 25.9722 2012.03 -11269.3 -25.9722 -2012.03 49.2738
4.425 25.4273 2010.67 -11029.2 -25.4273 -2010.67 44.576
4.43 24.9027 2008.43 -10793 -24.9027 -2008.43 35.0509
4.435 24.4147 2006.09 -10572 -24.4147 -2006.09 24.8935
4.44 23.9358 2004.59 -10358.8 -23.9358 -2004.59 18.5415
4.445 23.4838 2002.98 -10156.6 -23.4838 -2002.98 11.5732
4.45 23.057 2001.62 -9966.33 -23.057 -2001.62 5.70396
4.455 22.6414 2001.23 -9781.7 -22.6414 -2001.23 0.61284
4.46 22.0176 2004.51 -9528.33 -22.0176 -2004.51 16.7091
4.465 21.4589 2003.38 -9283.18 -21.4589 -2003.38 12.9518
4.47 20.9165 2002.67 -9044.78 -20.9165 -2002.67 8.87438
4.475 20.3883 2002.05 -8813.78 -20.3883 -2002.05 6.03408
4.48 19.875 2001.51 -8590.27 -19.875 -2001.51 4.27204
4.485 19.3908 2000.8 -8377.24 -19.3908 -2000.8 0.407988
4.49 18.9539 1999.66 -8183.48 -18.9539 -1999.66 -4.60874
4.495 18.5334 1999.22 -8000.68 -18.5334 -1999.22 -5.75562
4.5 18.1358 1998.96 -7828.21 -18.1358 -1998.96 -6.46075
4.505 17.6828 2000.66 -7642.47 -17.6828 -2000.66 3.50571
4.51 17.1127 2003.57 -7412.75 -17.1127 -2003.57 20.0599
4.515 16.6206 2002.75 -7195.94 -16.6206 -2002.75 15.8504
4.52 16.1461 2002.14 -6987.57 -16.1461 -2002.14 12.4665
4.525 15.6897 2001.65 -6787.69 -15.6897 -2001.65 9.75191
4.53 15.2516 2001.27 -6596.26 -15.2516 -2001.27 7.57755
4.535 14.8319 2000.96 -6413.24 -14.8319 -2000.96 5.83923
4.54 14.4308 2000.71 -6238.57 -14.4308 -2000.71 4.45281
4.545 14.0211 2001.1 -6064.13 -14.0211 -2001.1 7.01971
4.55 13.6064 2001.57 -5887.95 -13.6064 -2001.57 9.9621
4.555 13.2478 2000.71 -5728.09 -13.2478 -2000.71 5.02793
4.56 12.9049 2000.23 -5577.15 -12.9049 -2000.23 2.2154
4.565 12.5764 2000.12 -5434.45 -12.5764 -2000.12 1.45756
4.57 12.2666 2000.03 -5300.04 -12.2666 -2000.03 0.867408
4.575 11.9743 1999.97 -5173.32 -11.9743 -1999.97 0.41397
4.58 11.5939 2002.03 -5022.69 -11.5939 -2002.03 14.1388
4.585 11.2555 2002.69 -4880.88 -11.2555 -2002.69 18.5081
4.59 10.9565 2002.15 -4748.06 -10.9565 -2002.15 14.8614
4.595 10.6669 2001.72 -4620.02 -10.6669 -2001.72 11.932
4.6 10.3848 2001.38 -4495.83 -10.3848 -2001.38 9.57705
4.605 10.1082 2001.11 -4374.43 -10.1082 -2001.11 7.68006
4.61 9.83459 2000.88 -4254.7 -9.83459 -2000.88 6.1516
4.615 9.56151 2000.71 -4135.49 -9.56151 -2000.71 4.91953
4.62 9.28647 2000.56 -4015.68 -9.28647 -2000.56 3.92567
4.625 9.00699 2000.45 -3894.14 -9.00699 -2000.45 3.1231
4.63 8.72052 2000.35 -3769.74 -8.72052 -2000.35 2.47392
4.635 8.42541 2000.26 -3641.6 -8.42541 -2000.26 1.81948
4.64 8.12201 2000.13 -3509.71 -8.12201 -2000.13 1.00753
4.645 7.8035 2000.09 -3371.82 -7.8035 -2000.09 0.712215
4.65 7.46949 2000.04 -3227.27 -7.46949 -2000.04 0.455172
4.655 7.11805 2000.01 -3075.24 -7.11805 -2000.01 0.243824
4.66 6.7475 1999.98 -2914.98 -6.7475 -1999.98 0.0572903
4.665 6.35628 1999.96 -2745.8 -6.35628 -1999.96 -0.112084
4.67 5.94309 1999.93 -2567.14 -5.94309 -1999.93 -0.27047
4.675 5.50701 1999.91 -2378.6 -5.50701 -1999.91 -0.423756
4.68 5.00533 2000.49 -2167.46 -5.00533 -2000.49 5.15348
4.685 4.41028 2001.43 -1919.04 -4.41028 -2001.43 13.799
4.69 3.82309 2001.06 -1662.5 -3.82309 -2001.06 10.9237
4.695 3.2043 2000.82 -1392.83 -3.2043 -2000.82 8.57198
4.7 2.55418 2000.62 -1110.05 -2.55418 -2000.62 6.64679
4.705 1.87246 2000.45 -813.965 -1.87246 -2000.45 5.06276
4.71 1.15879 2000.32 -504.347 -1.15879 -2000.32 3.75029
4.715 0.367897 2000.85 -167.724 -0.367897 -2000.85 8.79217
4.72 -0.46285 2001.13 188.432 0.46285 -2001.13 11.5191
4.725 -1.32018 2000.98 560.149 1.32018 -2000.98 10.1693
4.73 -2.3579 2002.37 992.868 2.3579 -2002.37 25.7445
4.735 -3.39187 2002.48 1438.1 3.39187 -2002.48 27.1853
4.74 -4.42708 2001.71 1893.06 4.42708 -2001.71 19.4353
4.745 -5.49505 2001.03 2361.06 5.49505 -2001.03 12.8015
4.75 -6.61267 2000.75 2847.02 6.61267 -2000.75 9.65225
4.755 -7.76975 2000.5 3349.49 7.76975 -2000.5 7.04282
4.76 -8.96362 2000.27 3867.73 8.96362 -2000.27 4.55742
4.765 -10.1831 1999.95 4397.75 10.1831 -1999.95 1.34867
4.77 -11.396 1999.16 4929.88 11.396 -1999.16 -6.79358
4.775 -12.8114 2000.13 5522.7 12.8114 -2000.13 11.8126
4.78 -14.4087 2001.63 6189.34 14.4087 -2001.63 35.2023
4.785 -15.948 2001.08 6862.94 15.948 -2001.08 26.5787
4.79 -17.503 2000.87 7545.65 17.503 -2000.87 15.6439
4.795 -19.5068 2003.02 8363.15 19.5068 -2003.02 63.7874
4.8 -21.6791 2004.16 9269.12 21.6791 -2004.16 96.2753
4.805 -23.8497 2003.53 10209.1 23.8497 -2003.53 93.9973
4.81 -26.6623 2004.84 11374.4 26.6623 -2004.84 143.687
4.815 -29.4589 2005.8 12567.3 29.4589 -2005.8 158.929
4.82 -32.5845 2007.06 13886.2 32.5845 -2007.06 190.3
4.825 -35.5635 2007.33 15189.7 35.5635 -2007.33 173.785
4.83 -37.9932 2006.41 16303.3 37.9932 -2006.41 109.751
4.835 -40.2236 2003.81 17313.1 40.2236 -2003.81 63.4927
4.84 -42.2481 2004.31 18234.4 42.2481 -2004.31 16.7629
4.845 -44.2555 2003.3 19131.9 44.2555 -2003.3 -13.5562
4.85 -46.0064 2002.5 19930.9 46.0064 -2002.5 -56.0906
4.855 -47.6133 2003.01 20645.4 47.6133 -2003.01 -76.3994
4.86 -49.144 2003.84 21294.8 49.144 -2003.84 -64.6444
4.865 -50.4576 2004.28 21862.8 50.4576 -2004.28 -65.156
4.87 -51.4943 2004.04 22341.3 51.4943 -2004.04 -95.7614
4.875 -52.3224 2003.74 22728.9 52.3224 -2003.74 -125.667
4.88 -52.66 2002.06 22964.6 52.66 -2002.06 -215.46
4.885 -51.885 1998.46 22830.5 51.885 -1998.46 -416.202
4.89 -51.035 1993 22504.7 51.035 -1993 -457.558
4.895 -50.0882 1989.38 22061.8 50.0882 -1989.38 -423.724
4.9 -49.1518 1989.83 21594.6 49.1518 -1989.83 -360.978
4.905 -48.0282 1989.17 21053.8 48.0282 -1989.17 -305.642
4.91 -47.2478 1991.22 20600.5 47.2478 -1991.22 -189.4
4.915 -46.7158 1994.51 20254 46.7158 -1994.51 -72.8019
4.92 -46.2338 1997.3 19978.2 46.2338 -1997.3 -5.1763
4.925 -45.6869 1998.14 19715.7 45.6869 -1998.14 21.0601
4.93 -45.4111 1999.76 19546.2 45.4111 -1999.76 71.3735
4.935 -45.5948 2002.92 19533.1 45.5948 -2002.92 163.841
4.94 -45.6213 2004.21 19533.9 45.6213 -2004.21 174.498
4.945 -45.4864 2002.39 19513.8 45.4864 -2002.39 136.348
4.95 -45.3647 2001.1 19490.9 45.3647 -2001.1 106.674
4.955 -45.2698 2000.7 19471.1 45.2698 -2000.7 85.424
4.96 -45.1834 2000.36 19451 45.1834 -2000.36 68.2289
4.965 -45.1103 1999.93 19432.2 45.1103 -1999.93 55.4734
4.97 -45.0871 1999.96 19428.6 45.0871 -1999.96 48.9652
4.975 -45.0501 1999.67 19423 45.0501 -1999.67 38.6246
4.98 -45.0156 1999.39 19416.6 45.0156 -1999.39 30.1861
4.985 -44.9821 1999.12 19409 44.9821 -1999.12 23.2397
4.99 -44.948 1998.84 19400.1 44.948 -1998.84 17.4546
4.995 -44.9009 1998.04 19386.1 44.9009 -1998.04 11.1441
5 -44.8484 1997.4 19368.4 44.8484 -1997.4 6.11861
5.005 -44.8069 1997.63 19352.4 44.8069 -1997.63 4.22668
5.01 -44.7631 1997.78 19335.1 44.7631 -1997.78 2.60801
5.015 -44.7386 1999.55 19323.6 44.7386 -1999.55 3.51269
5.02 -44.6488 1997.8 19291.9 44.6488 -1997.8 -3.56568
5.025 -44.5557 1996.16 19254.1 44.5557 -1996.16 -6.08245
5.03 -44.4965 1996.9 19224.9 44.4965 -1996.9 -2.38346
5.035 -44.4051 1996.29 19187.9 44.4051 -1996.29 -4.8666
5.04 -44.2903 1995.32 19141.4 44.2903 -1995.32 -8.00228
5.045 -44.0876 1992.18 19064.2 44.0876 -1992.18 -18.3996
5.05 -43.9873 1995.75 19008.8 43.9873 -1995.75 -6.23078
5.055 -43.9655 2000.49 18982.9 43.9655 -2000.49 10.2272
5.06 -43.9115 2001.48 18960 43.9115 -2001.48 9.74548
5.065 -43.8691 2002.57 18941.9 43.8691 -2002.57 9.56794
5.07 -43.7436 1997.66 18898.1 43.7436 -1997.66 -0.872979
5.075 -0.14444 -88.5024 52.8958 0.14444 88.5024 9.50245
