0.1 3.06779e-31 200 -4.26326e-14 -3.06779e-31 -200 4.26326e-14
0.2 6.86601e-31 400 3.37508e-14 -6.86601e-31 -400 -3.37508e-14
0.3 1.16868e-31 600 -1.20792e-13 -1.16868e-31 -600 1.20792e-13
0.4 -5.84341e-32 800 -1.1724e-13 5.84341e-32 -800 1.1724e-13
0.5 -4.67473e-31 1000 4.40536e-13 4.67473e-31 -1000 -4.40536e-13
0.6 1.16868e-31 1200 -1.77636e-13 -1.16868e-31 -1200 1.77636e-13
0.7 7.0121e-31 1400 -3.12639e-13 -7.0121e-31 -1400 3.12639e-13
0.8 -9.34946e-31 1600 -4.05009e-13 9.34946e-31 -1600 4.05009e-13
0.9 0 1800 -5.8975e-13 -0 -1800 5.8975e-13
1 -2.33737e-30 2000 -3.90799e-13 2.33737e-30 -2000 3.90799e-13
0.005 -1.29019e-05 2000 0.00558931 1.29019e-05 -2000 -1.56711e-05
0.01 -6.45294e-05 2000 0.0279064 6.45294e-05 -2000 -2.97296e-05
0.015 -0.000167764 2000 0.0724982 0.000167764 -2000 -2.39932e-05
0.02 -0.000322337 2000 0.139269 0.000322337 -2000 -1.93428e-05
0.025 -0.000527742 2000 0.228 0.000527742 -2000 -1.56024e-05
0.03 -0.000783382 2000 0.338434 0.000783382 -2000 -1.2602e-05
0.035 -0.00108862 2000 0.470295 0.00108862 -2000 -1.02004e-05
0.04 -0.00144275 2000 0.623278 0.00144275 -2000 -8.28374e-06
0.045 -0.00184476 2000 0.796944 0.00184476 -2000 -6.76022e-06
0.05 -0.00229319 2000 0.990662 0.00229319 -2000 -5.5555e-06
0.055 -0.00278617 2000 1.20363 0.00278617 -2000 -4.60923e-06
0.06 -0.0033216 2000 1.43493 0.0033216 -2000 -3.87236e-06
0.065 -0.00389742 2000 1.68369 0.00389742 -2000 -3.30497e-06
0.07 -0.00451185 2000 1.94912 0.00451185 -2000 -2.87477e-06
0.075 -0.00516302 2000 2.23043 0.00516302 -2000 -2.55557e-06
0.08 -0.00584864 2000 2.52661 0.00584864 -2000 -2.32573e-06
0.085 -0.00656596 2000 2.8365 0.00656596 -2000 -2.16721e-06
0.09 -0.00731216 2000 3.15886 0.00731216 -2000 -2.06496e-06
0.095 -0.0080846 2000 3.49255 0.0080846 -2000 -2.00663e-06
0.1 -0.00888063 2000 3.83643 0.00888063 -2000 -1.98213e-06
0.105 -0.00969721 2000 4.1892 0.00969721 -2000 -1.98284e-06
0.11 -0.0105305 2000 4.54919 0.0105305 -2000 -2.001e-06
0.115 -0.0113761 2000 4.91447 0.0113761 -2000 -2.02936e-06
0.12 -0.0122293 2000 5.28307 0.0122293 -2000 -2.06159e-06
0.125 -0.0130853 2000 5.65286 0.0130853 -2000 -2.09225e-06
0.13 -0.0139376 2000 6.02103 0.0139376 -2000 -2.11578e-06
0.135 -0.0147791 2000 6.38457 0.0147791 -2000 -2.12662e-06
0.14 -0.0156049 2000 6.74134 0.0156049 -2000 -2.12153e-06
0.145 -0.0164128 2000 7.09033 0.0164128 -2000 -2.1005e-06
0.15 -0.017202 2000 7.43128 0.017202 -2000 -2.06583e-06
0.155 -0.0179721 2000 7.76393 0.0179721 -2000 -2.01999e-06
0.16 -0.0187205 2000 8.08725 0.0187205 -2000 -1.96445e-06
0.165 -0.019443 2000 8.39937 0.019443 -2000 -1.89851e-06
0.17 -0.0201348 2000 8.69823 0.0201348 -2000 -1.82091e-06
0.175 -0.0207918 2000 8.98206 0.0207918 -2000 -1.73145e-06
0.18 -0.0214116 2000 9.24981 0.0214116 -2000 -1.6314e-06
0.185 -0.0219943 2000 9.50156 0.0219943 -2000 -1.52378e-06
0.19 -0.0225411 2000 9.73776 0.0225411 -2000 -1.41243e-06
0.195 -0.0230529 2000 9.95887 0.0230529 -2000 -1.3002e-06
0.2 -0.023532 2000 10.1658 0.023532 -2000 -1.18966e-06
0.205 -0.0239776 2000 10.3583 0.0239776 -2000 -1.08231e-06
0.21 -0.0243819 2000 10.533 0.0243819 -2000 -9.7643e-07
0.215 -0.0247314 2000 10.684 0.0247314 -2000 -8.68068e-07
0.22 -0.025015 2000 10.8065 0.025015 -2000 -7.56095e-07
0.225 -0.0252268 2000 10.898 0.0252268 -2000 -6.43309e-07
0.23 -0.0253668 2000 10.9584 0.0253668 -2000 -5.35116e-07
0.235 -0.0254403 2000 10.9902 0.0254403 -2000 -4.37156e-07
0.24 -0.0254594 2000 10.9985 0.0254594 -2000 -3.53236e-07
0.245 -0.0254344 2000 10.9876 0.0254344 -2000 -1.32571e-06
0.25 -0.0253662 2000 10.9582 0.0253662 -2000 -8.37276e-07
0.255 -0.0252404 2000 10.9038 0.0252404 -2000 -6.77498e-07
0.26 -0.0250274 2000 10.8119 0.0250274 -2000 -5.56949e-07
0.265 -0.0246881 2000 10.6653 0.0246881 -2000 -4.48664e-07
0.27 -0.0241772 2000 10.4445 0.0241772 -2000 -3.61431e-07
0.275 -0.0234498 2000 10.1303 0.0234498 -2000 -2.9116e-07
0.28 -0.0224646 2000 9.70471 0.0224646 -2000 -2.34551e-07
0.285 -0.0211832 2000 9.15116 0.0211832 -2000 -1.88948e-07
0.29 -0.019567 2000 8.45296 0.019567 -2000 -1.52211e-07
0.295 -0.0175737 2000 7.59185 0.0175737 -2000 -1.22616e-07
0.3 -0.0151584 2000 6.54841 0.0151584 -2000 -9.8775e-08
0.305 -0.012285 2000 5.30714 0.012285 -2000 1.03534e-07
0.31 -0.00894032 2000 3.86222 0.00894032 -2000 1.26165e-07
0.315 -0.00513508 2000 2.21835 0.00513508 -2000 7.59914e-07
0.32 -0.000904575 2000 0.390717 0.000904575 -2000 5.98808e-05
0.325 0.00348168 2000 -1.50653 -0.00348168 -2000 0.00244412
0.33 0.00805739 1999.99 -3.48415 -0.00805739 -1999.99 0.00335998
0.335 0.0129071 1999.99 -5.57856 -0.0129071 -1999.99 0.00271026
0.34 0.0179995 2000 -7.77799 -0.0179995 -2000 0.00218914
0.345 0.0233197 2000 -10.0759 -0.0233197 -2000 0.0017699
0.35 0.0288684 2000 -12.4726 -0.0288684 -2000 0.00143273
0.355 0.0346539 2000 -14.9716 -0.0346539 -2000 0.00116172
0.36 0.0406847 2000 -17.5768 -0.0406847 -2000 0.000944064
0.365 0.0469723 2000 -20.2928 -0.0469723 -2000 0.000769433
0.37 0.0535393 2000 -23.1296 -0.0535393 -2000 0.000629551
0.375 0.0604345 2000 -26.1082 -0.0604345 -2000 0.000517813
0.38 0.0677493 2000 -29.2681 -0.0677493 -2000 0.000429038
0.385 0.0756296 2000 -32.6724 -0.0756296 -2000 0.000359273
0.39 0.084262 2000 -36.4015 -0.084262 -2000 0.000305608
0.395 0.093793 2000 -40.5189 -0.093793 -2000 0.000266278
0.4 0.104228 2000 -45.0268 -0.104228 -2000 0.000238873
0.405 0.115433 2000 -49.8672 -0.115433 -2000 0.000220225
0.41 0.127216 2000 -54.9577 -0.127216 -2000 0.000208624
0.415 0.139393 2000 -60.2179 -0.139393 -2000 0.000201831
0.42 0.151811 2000 -65.5824 -0.151811 -2000 0.000198051
0.425 0.164367 2000 -71.0065 -0.164367 -2000 0.000196025
0.43 0.177012 2000 -76.4693 -0.177012 -2000 0.000195015
0.435 0.18975 2000 -81.9721 -0.18975 -2000 0.00019473
0.44 0.202611 2000 -87.5282 -0.202611 -2000 0.000195168
0.445 0.215624 2000 -93.1499 -0.215624 -2000 0.00019638
0.45 0.228803 2000 -98.8431 -0.228803 -2000 0.000198344
0.455 0.242153 2000 -104.61 -0.242153 -2000 0.000200975
0.46 0.255673 2000 -110.451 -0.255673 -2000 0.000204175
0.465 0.269355 2000 -116.361 -0.269355 -2000 0.000207815
0.47 0.283157 2000 -122.324 -0.283157 -2000 0.000211652
0.475 0.297005 2000 -128.307 -0.297005 -2000 0.000215275
0.48 0.310816 2000 -134.273 -0.310816 -2000 0.000218197
0.485 0.324508 2000 -140.188 -0.324508 -2000 0.000220061
0.49 0.338006 2000 -146.019 -0.338006 -2000 0.000220638
0.495 0.351245 2000 -151.738 -0.351245 -2000 0.000219835
0.5 0.36418 2000 -157.326 -0.36418 -2000 0.000217746
0.505 0.376782 2000 -162.77 -0.376782 -2000 0.000214607
0.51 0.389025 2000 -168.059 -0.389025 -2000 0.000210707
0.515 0.400872 2000 -173.177 -0.400872 -2000 0.000206287
0.52 0.412287 2000 -178.108 -0.412287 -2000 0.000201586
0.525 0.423247 2000 -182.843 -0.423247 -2000 0.000196865
0.53 0.433753 2000 -187.382 -0.433753 -2000 0.000192472
0.535 0.443852 2000 -191.744 -0.443852 -2000 0.000188918
0.54 0.453659 2000 -195.981 -0.453659 -2000 0.000187054
0.545 0.463386 2000 -200.183 -0.463386 -2000 0.000188384
0.55 0.473321 2000 -204.475 -0.473321 -2000 0.000195548
0.555 0.483688 2000 -208.953 -0.483688 -2000 0.000212124
0.56 0.494474 2000 -213.613 -0.494474 -2000 0.000241265
0.565 0.50544 2000 -218.35 -0.50544 -2000 0.000283907
0.57 0.516243 2000 -223.017 -0.516243 -2000 0.000337636
0.575 0.526543 2000 -227.467 -0.526543 -2000 0.0003966
0.58 0.536033 2000 -231.567 -0.536033 -2000 0.000451863
0.585 0.544455 2000 -235.205 -0.544455 -2000 0.000492814
0.59 0.551644 2000 -238.311 -0.551644 -2000 0.000510498
0.595 0.557566 2000 -240.869 -0.557566 -2000 0.000501739
0.6 0.562338 2000 -242.931 -0.562338 -2000 0.000470888
0.605 0.566189 2000 -244.594 -0.566189 -2000 0.000426326
0.61 0.569404 2000 -245.983 -0.569404 -2000 0.000377554
0.615 0.572302 2000 -247.235 -0.572302 -2000 0.000331486
0.62 0.575243 2000 -248.505 -0.575243 -2000 0.00029386
0.625 0.578651 2000 -249.977 -0.578651 -2000 0.000271083
0.63 0.583041 2000 -251.874 -0.583041 -2000 0.000274676
0.635 0.589017 2000 -254.456 -0.589017 -2000 0.000329303
0.64 0.597211 2000 -257.995 -0.597211 -2000 0.000485394
0.645 0.608168 2000 -262.729 -0.608168 -2000 0.000830202
0.65 0.622139 2000 -268.765 -0.622139 -2000 0.00149836
0.655 0.638916 2000 -276.014 -0.638916 -2000 0.00261755
0.66 0.657847 2000 -284.194 -0.657847 -2000 0.00422025
0.665 0.677991 2000 -292.898 -0.677991 -2000 0.0061642
0.67 0.698327 2000 -301.685 -0.698327 -2000 0.00815884
0.675 0.717967 2000 -310.172 -0.717967 -2000 0.00988718
0.68 0.736376 2000 -318.126 -0.736376 -2000 0.011135
0.685 0.753525 2000 -325.535 -0.753525 -2000 0.0118696
0.69 0.769821 2000 -332.575 -0.769821 -2000 0.0122215
0.695 0.785908 2000 -339.525 -0.785908 -2000 0.0123947
0.7 0.802504 2000 -346.694 -0.802504 -2000 0.0125902
0.705 0.820301 2000 -354.383 -0.820301 -2000 0.0129633
0.71 0.839897 2000 -362.849 -0.839897 -2000 0.0135933
0.715 0.861821 2000 -372.321 -0.861821 -2000 0.0144755
0.72 0.886545 2000 -383.003 -0.886545 -2000 0.0155297
0.725 0.914421 2000 -395.047 -0.914421 -2000 0.016628
0.73 0.945591 2000 -408.513 -0.945591 -2000 0.0174566
0.735 0.979975 2000 -423.367 -0.979975 -2000 0.0180415
0.74 1.01733 2000 -439.504 -1.01733 -2000 0.0186401
0.745 1.05727 2000 -456.759 -1.05727 -2000 0.0190237
0.75 1.09924 2000 -474.89 -1.09924 -2000 0.0185562
0.755 1.14248 2000 -493.57 -1.14248 -2000 0.0165195
0.76 1.18612 2000 -512.415 -1.18612 -2000 0.0126874
0.765 1.2293 2000 -531.067 -1.2293 -2000 0.00753645
0.77 1.27159 2000 -549.329 -1.27159 -2000 0.00197511
0.775 1.3131 2000 -567.254 -1.3131 -2000 -0.00313294
0.78 1.35435 2000 -585.07 -1.35435 -2000 -0.00725141
0.785 1.39598 2000 -603.054 -1.39598 -2000 -0.0101564
0.79 1.43857 2000 -621.452 -1.43857 -2000 -0.01184
0.795 1.48259 2000 -640.464 -1.48259 -2000 -0.0124664
0.8 1.52842 2000 -660.266 -1.52842 -2000 -0.0123429
0.805 1.57647 2000 -681.022 -1.57647 -2000 -0.0118334
0.81 1.627 2000 -702.854 -1.627 -2000 -0.0112603
0.815 1.68005 2000 -725.772 -1.68005 -2000 -0.0107781
0.82 1.73532 2000 -749.649 -1.73532 -2000 -0.0103036
0.825 1.79233 2000 -774.278 -1.79233 -2000 -0.00959628
0.83 1.85052 2000 -799.415 -1.85052 -2000 -0.0084786
0.835 1.90932 2000 -824.818 -1.90932 -2000 -0.00699314
0.84 1.96841 2000 -850.349 -1.96841 -2000 -0.00534561
0.845 2.02803 2000 -876.104 -2.02803 -2000 -0.00373943
0.85 2.08881 2000 -902.362 -2.08881 -2000 -0.00228264
0.855 2.15156 2000 -929.474 -2.15156 -2000 -0.000999371
0.86 2.21708 2000 -957.78 -2.21708 -2000 0.000128411
0.865 2.28586 2000 -987.491 -2.28586 -2000 0.00112661
0.87 2.3578 2000 -1018.57 -2.3578 -2000 0.00200432
0.875 2.43244 2000 -1050.82 -2.43244 -2000 0.0027469
0.88 2.50925 2000 -1084 -2.50925 -2000 0.00332374
0.885 2.58776 2000 -1117.92 -2.58776 -2000 0.00369575
0.89 2.66765 2000 -1152.43 -2.66765 -2000 0.0038209
0.895 2.74896 2000 -1187.55 -2.74896 -2000 0.00366467
0.9 2.83211 2000 -1223.47 -2.83211 -2000 0.00320955
0.905 2.91773 2000 -1260.46 -2.91773 -2000 0.00245785
0.91 3.00642 2000 -1298.77 -3.00642 -2000 0.00142834
0.915 3.09866 2000 -1338.62 -3.09866 -2000 0.000130568
0.92 3.19488 2000 -1380.19 -3.19488 -2000 -0.00149538
0.925 3.29545 2000 -1423.63 -3.29545 -2000 -0.00364035
0.93 3.40082 2000 -1469.15 -3.40082 -2000 -0.00662354
0.935 3.51161 2000 -1517.01 -3.51161 -2000 -0.0107858
0.94 3.62868 2000 -1567.57 -3.62868 -2000 -0.0162971
0.945 3.75305 2000 -1621.3 -3.75305 -2000 -0.0229034
0.95 3.88577 2000 -1678.62 -3.88577 -2000 -0.0298176
0.955 4.02743 2000 -1739.81 -4.02743 -2000 -0.03568
0.96 4.17774 2000 -1804.74 -4.17774 -2000 -0.0389958
0.965 4.33566 2000 -1872.96 -4.33566 -2000 -0.0390561
0.97 4.49983 2000 -1943.89 -4.49983 -2000 -0.0365588
0.975 4.66898 2000 -2016.96 -4.66898 -2000 -0.0330426
0.98 4.84203 2000 -2091.73 -4.84203 -2000 -0.0297358
0.985 5.01839 1999.99 -2167.92 -5.01839 -1999.99 -0.0268232
0.99 5.19819 1999.99 -2245.6 -5.19819 -1999.99 -0.0235669
0.995 5.38225 1999.99 -2325.11 -5.38225 -1999.99 -0.019096
1 5.5716 1999.99 -2406.92 -5.5716 -1999.99 -0.0130598
1.005 5.76713 1999.99 -2491.4 -5.76713 -1999.99 -0.00569602
1.01 5.96929 1999.99 -2578.73 -5.96929 -1999.99 0.00245859
1.015 6.17796 1999.99 -2668.89 -6.17796 -1999.99 0.0108434
1.02 6.39273 1999.99 -2761.68 -6.39273 -1999.99 0.019014
1.025 6.61311 1999.99 -2856.89 -6.61311 -1999.99 0.026682
1.03 6.8387 1999.99 -2954.35 -6.8387 -1999.99 0.0336934
1.035 7.06917 1999.99 -3053.92 -7.06917 -1999.99 0.0399793
1.04 7.30422 1999.99 -3155.47 -7.30422 -1999.99 0.0455039
1.045 7.54347 1999.99 -3258.83 -7.54347 -1999.99 0.0502288
1.05 7.78647 1999.99 -3363.81 -7.78647 -1999.99 0.0541085
1.055 8.03278 1999.99 -3470.22 -8.03278 -1999.99 0.0571292
1.06 8.2822 1999.99 -3577.97 -8.2822 -1999.99 0.0593854
1.065 8.53496 1999.99 -3687.16 -8.53496 -1999.99 0.0611528
1.07 8.79178 1999.99 -3798.11 -8.79178 -1999.99 0.0628774
1.075 9.05372 1999.99 -3911.27 -9.05372 -1999.99 0.0650601
1.08 9.32178 1999.99 -4027.08 -9.32178 -1999.99 0.0680917
1.085 9.5963 1999.99 -4145.67 -9.5963 -1999.99 0.0721114
1.09 9.87652 1999.99 -4266.74 -9.87652 -1999.99 0.0769539
1.095 10.1608 1999.99 -4389.55 -10.1608 -1999.99 0.0822164
1.1 10.447 1999.99 -4513.21 -10.447 -1999.99 0.0874177
1.105 10.7332 1999.99 -4636.81 -10.7332 -1999.99 0.0921283
1.11 11.0172 1999.99 -4759.54 -11.0172 -1999.99 0.0960288
1.115 11.2978 1999.99 -4880.74 -11.2978 -1999.99 0.0989458
1.12 11.5737 1999.99 -4999.95 -11.5737 -1999.99 0.100833
1.125 11.8446 1999.99 -5116.98 -11.8446 -1999.99 0.101754
1.13 12.1106 1999.99 -5231.87 -12.1106 -1999.99 0.101865
1.135 12.372 1999.99 -5344.82 -12.372 -1999.99 0.101367
1.14 12.6297 1999.99 -5456.15 -12.6297 -1999.99 0.10047
1.145 12.8846 1999.99 -5566.24 -12.8846 -1999.99 0.0993748
1.15 13.1376 1999.99 -5675.53 -13.1376 -1999.99 0.0982612
1.155 13.3897 1999.99 -5784.45 -13.3897 -1999.99 0.0972781
1.16 13.6418 1999.99 -5893.35 -13.6418 -1999.99 0.0965212
1.165 13.8944 1999.99 -6002.49 -13.8944 -1999.99 0.0960371
1.17 14.1482 1999.99 -6112.12 -14.1482 -1999.99 0.0958507
1.175 14.4037 1999.99 -6222.5 -14.4037 -1999.99 0.0959802
1.18 14.6616 1999.99 -6333.89 -14.6616 -1999.99 0.0964483
1.185 14.9223 1999.99 -6446.55 -14.9223 -1999.99 0.0972867
1.19 15.1867 1999.99 -6560.75 -15.1867 -1999.99 0.0985306
1.195 15.4553 1999.99 -6676.81 -15.4553 -1999.99 0.10022
1.2 15.729 1999.99 -6795.02 -15.729 -1999.99 0.102398
1.205 16.0081 1999.99 -6915.62 -16.0081 -1999.99 0.105095
1.21 16.2928 1999.99 -7038.61 -16.2928 -1999.99 0.108277
1.215 16.5823 1999.99 -7163.68 -16.5823 -1999.99 0.111802
1.22 16.8753 1999.99 -7290.25 -16.8753 -1999.99 0.115439
1.225 17.1702 1999.99 -7417.66 -17.1702 -1999.99 0.118923
1.23 17.4655 1999.99 -7545.2 -17.4655 -1999.99 0.122008
1.235 17.7594 1999.98 -7672.21 -17.7594 -1999.98 0.124495
1.24 18.051 1999.98 -7798.17 -18.051 -1999.98 0.126261
1.245 18.3397 1999.98 -7922.9 -18.3397 -1999.98 0.127314
1.25 18.6261 1999.98 -8046.58 -18.6261 -1999.98 0.127813
1.255 18.9109 1999.98 -8169.64 -18.9109 -1999.98 0.128009
1.26 19.1949 1999.98 -8292.31 -19.1949 -1999.98 0.128097
1.265 19.4776 1999.98 -8414.44 -19.4776 -1999.98 0.128095
1.27 19.7577 1999.98 -8535.46 -19.7577 -1999.98 0.127847
1.275 20.0338 1999.98 -8654.73 -20.0338 -1999.98 0.127146
1.28 20.3049 1999.98 -8771.84 -20.3049 -1999.98 0.125898
1.285 20.5712 1999.99 -8886.89 -20.5712 -1999.99 0.124177
1.29 20.834 1999.99 -9000.42 -20.834 -1999.99 0.122211
1.295 21.0951 1999.99 -9113.21 -21.0951 -1999.99 0.120318
1.3 21.3561 1999.99 -9225.96 -21.3561 -1999.99 0.118771
1.305 21.618 1999.99 -9339.11 -21.618 -1999.99 0.11772
1.31 21.8807 1999.99 -9452.59 -21.8807 -1999.99 0.117121
1.315 22.143 1999.99 -9565.91 -22.143 -1999.99 0.116751
1.32 22.4034 1999.99 -9678.38 -22.4034 -1999.99 0.116317
1.325 22.6604 1999.99 -9789.4 -22.6604 -1999.99 0.115575
1.33 22.9129 1999.99 -9898.49 -22.9129 -1999.99 0.114385
1.335 23.1572 2000 -10004.5 -23.1572 -2000 0.593364
1.34 23.3982 2000.01 -10108.8 -23.3982 -2000.01 0.765881
1.345 23.6376 2000 -10212.1 -23.6376 -2000 0.634586
1.35 23.8756 2000 -10314.8 -23.8756 -2000 0.539288
1.355 24.1107 2000.01 -10416.5 -24.1107 -2000.01 0.717343
1.36 24.3478 2000 -10518.8 -24.3478 -2000 0.598141
1.365 24.586 2000 -10621.7 -24.586 -2000 0.502424
1.37 24.8248 2000 -10724.7 -24.8248 -2000 0.425549
1.375 25.0636 2000 -10827.8 -25.0636 -2000 0.363751
1.38 25.3026 1999.99 -10931 -25.3026 -1999.99 0.314078
1.385 25.5332 2000.04 -11031.9 -25.5332 -2000.04 1.54497
1.39 25.7642 2000.06 -11132.4 -25.7642 -2000.06 2.26885
1.395 26.0008 2000.05 -11234.2 -26.0008 -2000.05 1.844
1.4 26.238 2000.04 -11336.3 -26.238 -2000.04 1.50644
1.405 26.4752 2000.03 -11438.5 -26.4752 -2000.03 1.23808
1.41 26.7116 2000.02 -11540.4 -26.7116 -2000.02 1.02194
1.415 26.9471 2000.01 -11642 -26.9471 -2000.01 0.847772
1.42 27.1822 2000.01 -11743.4 -27.1822 -2000.01 0.707463
1.425 27.4179 2000 -11845.1 -27.4179 -2000 0.594614
1.43 27.6556 2000 -11947.7 -27.6556 -2000 0.50416
1.435 27.8897 2000.05 -12049.4 -27.8897 -2000.05 1.09861
1.44 28.128 2000.07 -12152.7 -28.128 -2000.07 1.38956
1.445 28.3632 2000.12 -12255.7 -28.3632 -2000.12 2.77179
1.45 28.6078 2000.13 -12361.8 -28.6078 -2000.13 3.28414
1.455 28.8639 2000.11 -12471.9 -28.8639 -2000.11 2.72397
1.46 29.1192 2000.12 -12582.2 -29.1192 -2000.12 2.68151
1.465 29.3826 2000.09 -12695.5 -29.3826 -2000.09 2.19917
1.47 29.6508 2000.07 -12811 -29.6508 -2000.07 1.81269
1.475 29.9229 2000.05 -12928.2 -29.9229 -2000.05 1.5031
1.48 30.198 2000.04 -13046.8 -30.198 -2000.04 1.2552
1.485 30.4752 2000.03 -13166.4 -30.4752 -2000.03 1.05683
1.49 30.7452 2000.09 -13283.6 -30.7452 -2000.09 1.69869
1.495 30.9931 2000.22 -13392.1 -30.9931 -2000.22 3.11314
1.5 31.2457 2000.19 -13501.2 -31.2457 -2000.19 3.09363
1.505 31.4945 2000.19 -13609 -31.4945 -2000.19 3.4007
1.51 31.748 2000.15 -13717.9 -31.748 -2000.15 2.7859
1.515 32.0029 2000.11 -13827.5 -32.0029 -2000.11 2.29238
1.52 32.2596 2000.09 -13938.1 -32.2596 -2000.09 1.90046
1.525 32.5191 2000.07 -14049.8 -32.5191 -2000.07 1.58708
1.53 32.7822 2000.05 -14163.3 -32.7822 -2000.05 1.33764
1.535 33.0502 2000.04 -14278.8 -33.0502 -2000.04 1.14043
1.54 33.3237 2000.03 -14396.8 -33.3237 -2000.03 0.986113
1.545 33.6034 2000.02 -14517.5 -33.6034 -2000.02 0.867091
1.55 33.889 2000.01 -14640.8 -33.889 -2000.01 0.777027
1.555 34.1648 2000.14 -14761.1 -34.1648 -2000.14 1.94198
1.56 34.4287 2000.27 -14876.3 -34.4287 -2000.27 3.12646
1.565 34.6969 2000.23 -14992.1 -34.6969 -2000.23 3.08394
1.57 34.9622 2000.21 -15106.9 -34.9622 -2000.21 3.25684
1.575 35.2304 2000.17 -15222.3 -35.2304 -2000.17 2.72253
1.58 35.4988 2000.13 -15337.8 -35.4988 -2000.13 2.29549
1.585 35.7679 2000.1 -15453.7 -35.7679 -2000.1 1.95465
1.59 36.0382 2000.08 -15570.2 -36.0382 -2000.08 1.68323
1.595 36.3103 2000.06 -15687.5 -36.3103 -2000.06 1.46769
1.6 36.5846 2000.04 -15805.9 -36.5846 -2000.04 1.29701
1.605 36.8615 2000.03 -15925.3 -36.8615 -2000.03 1.16226
1.61 37.1411 2000.02 -16046 -37.1411 -2000.02 1.05616
1.615 37.4236 2000.01 -16168 -37.4236 -2000.01 0.972813
1.62 37.7056 2000.04 -16290 -37.7056 -2000.04 1.15332
1.625 37.9687 2000.18 -16404.6 -37.9687 -2000.18 2.11285
1.63 38.2373 2000.14 -16520.3 -38.2373 -2000.14 1.81486
1.635 38.5075 2000.1 -16636.8 -38.5075 -2000.1 1.57603
1.64 38.7792 2000.08 -16754 -38.7792 -2000.08 1.38472
1.645 39.0472 2000.1 -16870.4 -39.0472 -2000.1 2.05267
1.65 39.3146 2000.13 -16986.7 -39.3146 -2000.13 2.81731
1.655 39.5865 2000.11 -17104.1 -39.5865 -2000.11 2.74238
1.66 39.8594 2000.1 -17222 -39.8594 -2000.1 2.71036
1.665 40.1333 2000.1 -17340.3 -40.1333 -2000.1 2.678
1.67 40.4103 2000.07 -17459.6 -40.4103 -2000.07 2.30309
1.675 40.6885 2000.06 -17579.5 -40.6885 -2000.06 2.04469
1.68 40.9528 2000.12 -17694.9 -40.9528 -2000.12 3.25181
1.685 41.2223 2000.09 -17810.8 -41.2223 -2000.09 2.79797
1.69 41.4907 2000.07 -17926.4 -41.4907 -2000.07 2.43425
1.695 41.7569 2000.05 -18041.1 -41.7569 -2000.05 2.14023
1.7 42.008 2000.21 -18150 -42.008 -2000.21 2.60284
1.705 42.2522 2000.27 -18255.7 -42.2522 -2000.27 2.73069
1.71 42.4813 2000.32 -18356.1 -42.4813 -2000.32 4.14325
1.715 42.704 2000.33 -18453 -42.704 -2000.33 4.87622
1.72 42.9256 2000.27 -18548 -42.9256 -2000.27 4.17566
1.725 43.1365 2000.25 -18639.1 -43.1365 -2000.25 4.14767
1.73 43.3447 2000.2 -18728.4 -43.3447 -2000.2 3.48321
1.735 43.5484 2000.15 -18815.8 -43.5484 -2000.15 2.93875
1.74 43.7479 2000.12 -18901.6 -43.7479 -2000.12 2.49724
1.745 43.9278 2000.19 -18980.5 -43.9278 -2000.19 3.68603
1.75 44.1095 2000.15 -19058.4 -44.1095 -2000.15 3.09443
1.755 44.2885 2000.12 -19135.2 -44.2885 -2000.12 2.61306
1.76 44.4656 2000.09 -19211.4 -44.4656 -2000.09 2.22198
1.765 44.6421 2000.07 -19287.3 -44.6421 -2000.07 1.90556
1.77 44.8192 2000.05 -19363.5 -44.8192 -2000.05 1.65147
1.775 44.9937 2000.08 -19439.4 -44.9937 -2000.08 2.11631
1.78 45.1597 2000.15 -19512.3 -45.1597 -2000.15 3.34574
1.785 45.3332 2000.12 -19586.8 -45.3332 -2000.12 2.84013
1.79 45.5099 2000.09 -19662.7 -45.5099 -2000.09 2.44355
1.795 45.6904 2000.07 -19740.4 -45.6904 -2000.07 2.13687
1.8 45.8711 2000.09 -19818.8 -45.8711 -2000.09 2.49099
1.805 46.0522 2000.15 -19897.2 -46.0522 -2000.15 2.65256
1.81 46.221 2000.23 -19971.7 -46.221 -2000.23 4.19804
1.815 46.3985 2000.18 -20047.8 -46.3985 -2000.18 3.70602
1.82 46.579 2000.15 -20125.5 -46.579 -2000.15 3.34392
1.825 46.7615 2000.12 -20204 -46.7615 -2000.12 3.08162
1.83 46.9442 2000.12 -20282.7 -46.9442 -2000.12 2.82518
1.835 47.1041 2000.34 -20354.6 -47.1041 -2000.34 5.65497
1.84 47.266 2000.39 -20425.4 -47.266 -2000.39 6.49159
1.845 47.428 2000.34 -20494.4 -47.428 -2000.34 5.48493
1.85 47.5866 2000.27 -20562.2 -47.5866 -2000.27 4.79017
1.855 47.7425 2000.22 -20628.9 -47.7425 -2000.22 4.16665
1.86 47.8849 2000.29 -20691.2 -47.8849 -2000.29 4.94227
1.865 48.0233 2000.3 -20751.3 -48.0233 -2000.3 5.26764
1.87 48.1604 2000.26 -20809.8 -48.1604 -2000.26 4.45797
1.875 48.2946 2000.21 -20867.2 -48.2946 -2000.21 3.94303
1.88 48.4267 2000.16 -20923.8 -48.4267 -2000.16 3.52802
1.885 48.5555 2000.14 -20979.4 -48.5555 -2000.14 3.39081
1.89 48.6809 2000.13 -21033.5 -48.6809 -2000.13 3.37134
1.895 48.805 2000.1 -21086.8 -48.805 -2000.1 3.08358
1.9 48.9273 2000.08 -21139.5 -48.9273 -2000.08 2.85825
1.905 49.0479 2000.06 -21191.4 -49.0479 -2000.06 2.68439
1.91 49.167 2000.04 -21242.7 -49.167 -2000.04 2.55354
1.915 49.2833 2000.19 -21291.7 -49.2833 -2000.19 1.30085
1.92 49.3946 2000.24 -21339.3 -49.3946 -2000.24 0.823426
1.925 49.5015 2000.19 -21385.7 -49.5015 -2000.19 1.05196
1.93 49.6068 2000.14 -21431.4 -49.6068 -2000.14 1.24295
1.935 49.7101 2000.11 -21476.2 -49.7101 -2000.11 1.40275
1.94 49.81 2000.1 -21519.7 -49.81 -2000.1 1.74711
1.945 49.907 2000.09 -21561.8 -49.907 -2000.09 2.01453
1.95 50.002 2000.06 -21602.9 -50.002 -2000.06 2.04248
1.955 50.0949 2000.05 -21643 -50.0949 -2000.05 2.07068
1.96 50.1856 2000.03 -21682.3 -50.1856 -2000.03 2.10069
1.965 50.2743 2000.02 -21720.6 -50.2743 -2000.02 2.13387
1.97 50.361 2000.01 -21758.1 -50.361 -2000.01 2.17034
1.975 50.4455 2000 -21794.6 -50.4455 -2000 2.20897
1.98 50.5276 2000 -21830.2 -50.5276 -2000 2.24829
1.985 50.6073 1999.99 -21864.7 -50.6073 -1999.99 2.28804
1.99 50.6849 1999.99 -21898.2 -50.6849 -1999.99 2.3298
1.995 50.7555 2000.05 -21929.6 -50.7555 -2000.05 3.2482
2 50.8271 2000.1 -21959.8 -50.8271 -2000.1 2.43938
2.005 50.8958 2000.1 -21988.7 -50.8958 -2000.1 1.73765
2.01 50.9599 2000.07 -22016.7 -50.9599 -2000.07 1.97111
2.015 51.0221 2000.05 -22043.7 -51.0221 -2000.05 2.18061
2.02 51.082 2000.04 -22069.8 -51.082 -2000.04 2.37092
2.025 51.1396 2000.02 -22094.8 -51.1396 -2000.02 2.54442
2.03 51.1824 2000.03 -22115.5 -51.1824 -2000.03 4.6484
2.035 51.2216 2000.04 -22133.4 -51.2216 -2000.04 5.63286
2.04 51.2627 2000.03 -22150.5 -51.2627 -2000.03 5.06023
2.045 51.3017 2000.01 -22167 -51.3017 -2000.01 4.61807
2.05 51.339 2000 -22182.8 -51.339 -2000 4.28469
2.055 51.3747 2000 -22197.9 -51.3747 -2000 4.04565
2.06 51.4086 1999.99 -22212.4 -51.4086 -1999.99 3.88923
2.065 51.4408 1999.98 -22226.2 -51.4408 -1999.98 3.8045
2.07 51.4701 1999.98 -22239 -51.4701 -1999.98 3.94464
2.075 51.4765 2000.03 -22244.8 -51.4765 -2000.03 6.98091
2.08 51.4869 2000.06 -22249.4 -51.4869 -2000.06 7.03432
2.085 51.4959 2000.04 -22252.7 -51.4959 -2000.04 6.40302
2.09 51.5024 2000.02 -22254.9 -51.5024 -2000.02 5.91102
2.095 51.4888 1999.95 -22251.7 -51.4888 -1999.95 8.54493
2.1 51.4771 1999.91 -22247.2 -51.4771 -1999.91 9.09761
2.105 51.4689 1999.91 -22242.3 -51.4689 -1999.91 7.72386
2.11 51.4588 1999.91 -22236.9 -51.4588 -1999.91 6.67938
2.115 51.4337 1999.85 -22227.3 -51.4337 -1999.85 7.99803
2.12 51.4064 1999.82 -22215.9 -51.4064 -1999.82 8.39208
2.125 51.3837 1999.85 -22204.7 -51.3837 -1999.85 6.93842
2.13 51.3601 1999.87 -22193.3 -51.3601 -1999.87 5.76227
2.135 51.3357 1999.89 -22181.8 -51.3357 -1999.89 4.81186
2.14 51.3104 1999.9 -22170.2 -51.3104 -1999.9 4.04474
2.145 51.2843 1999.91 -22158.2 -51.2843 -1999.91 3.42633
2.15 51.2574 1999.92 -22146.1 -51.2574 -1999.92 2.92633
2.155 51.2295 1999.93 -22133.7 -51.2295 -1999.93 2.52508
2.16 51.2007 1999.94 -22120.9 -51.2007 -1999.94 2.20489
2.165 51.1707 1999.94 -22107.7 -51.1707 -1999.94 1.95184
2.17 51.1394 1999.95 -22094 -51.1394 -1999.95 1.75494
2.175 51.1067 1999.95 -22079.7 -51.1067 -1999.95 1.6053
2.18 51.0721 1999.94 -22064.7 -51.0721 -1999.94 1.52661
2.185 51.036 1999.95 -22048.9 -51.036 -1999.95 1.29233
2.19 50.9992 1999.98 -22032.5 -50.9992 -1999.98 0.863579
2.195 50.9591 1999.97 -22015.3 -50.9591 -1999.97 0.934011
2.2 50.9173 1999.97 -21997.3 -50.9173 -1999.97 1.00446
2.205 50.8743 1999.96 -21978.8 -50.8743 -1999.96 1.0706
2.21 50.8308 1999.96 -21960 -50.8308 -1999.96 1.12625
2.215 50.7874 1999.95 -21941.3 -50.7874 -1999.95 1.16592
2.22 50.7447 1999.95 -21922.9 -50.7447 -1999.95 1.18606
2.225 50.7016 2000.01 -21904.6 -50.7016 -2000.01 1.5414
2.23 50.657 2000.03 -21885.7 -50.657 -2000.03 1.90139
2.235 50.6095 1999.99 -21865.5 -50.6095 -1999.99 2.13844
2.24 50.5666 1999.99 -21846.6 -50.5666 -1999.99 1.7746
2.245 50.5264 1999.99 -21828.9 -50.5264 -1999.99 1.47519
2.25 50.4888 1999.99 -21812.4 -50.4888 -1999.99 1.22815
2.255 50.4538 1999.99 -21797.1 -50.4538 -1999.99 1.02387
2.26 50.4214 1999.99 -21782.9 -50.4214 -1999.99 0.854429
2.265 50.3917 1999.99 -21769.9 -50.3917 -1999.99 0.713343
2.27 50.3646 1999.99 -21758.1 -50.3646 -1999.99 0.595437
2.275 50.3402 1999.99 -21747.5 -50.3402 -1999.99 0.496684
2.28 50.3182 1999.99 -21737.9 -50.3182 -1999.99 0.413977
2.285 50.2981 1999.99 -21729.1 -50.2981 -1999.99 0.34486
2.29 50.2797 1999.99 -21721.1 -50.2797 -1999.99 0.287284
2.295 50.2628 1999.99 -21713.8 -50.2628 -1999.99 0.239443
2.3 50.2471 1999.99 -21706.9 -50.2471 -1999.99 0.19973
2.305 50.2326 1999.99 -21700.6 -50.2326 -1999.99 0.16675
2.31 50.2191 2000 -21694.8 -50.2191 -2000 0.139355
2.315 50.2064 2000 -21689.3 -50.2064 -2000 0.116637
2.32 50.1943 2000 -21684 -50.1943 -2000 0.0978883
2.325 50.1825 2000 -21678.9 -50.1825 -2000 0.083798
2.33 50.1708 2000 -21673.9 -50.1708 -2000 0.0717124
2.335 50.1594 2000 -21668.9 -50.1594 -2000 0.0612388
2.34 50.1484 2000 -21664.1 -50.1484 -2000 0.052587
2.345 50.1383 2000 -21659.8 -50.1383 -2000 0.0452004
2.35 50.1296 2000 -21656 -50.1296 -2000 0.0387288
2.355 50.1229 2000 -21653.1 -50.1229 -2000 0.0328195
2.36 50.1188 2000 -21651.3 -50.1188 -2000 0.0272341
2.365 50.1176 2000 -21650.8 -50.1176 -2000 0.0221343
2.37 50.1038 1999.95 -21647.5 -50.1038 -1999.95 2.60576
2.375 50.0827 1999.92 -21640.1 -50.0827 -1999.92 4.40851
2.38 50.059 1999.93 -21629.1 -50.059 -1999.93 3.5518
2.385 50.0237 1999.95 -21613.1 -50.0237 -1999.95 2.85876
2.39 49.9767 1999.96 -21592.2 -49.9767 -1999.96 2.29524
2.395 49.9188 1999.97 -21566.7 -49.9188 -1999.97 1.83382
2.4 49.8511 1999.97 -21537.1 -49.8511 -1999.97 1.45178
2.405 49.7751 1999.98 -21504 -49.7751 -1999.98 1.13123
2.41 49.6922 1999.98 -21467.9 -49.6922 -1999.98 0.858539
2.415 49.6039 1999.98 -21429.5 -49.6039 -1999.98 0.623732
2.42 49.5114 1999.98 -21389.3 -49.5114 -1999.98 0.419788
2.425 49.416 1999.98 -21347.9 -49.416 -1999.98 0.229563
2.43 49.3184 1999.98 -21305.6 -49.3184 -1999.98 0.0647485
2.435 49.2187 1999.98 -21262.4 -49.2187 -1999.98 -0.0696585
2.44 49.117 1999.98 -21218.3 -49.117 -1999.98 -0.190068
2.445 49.0125 1999.98 -21173.1 -49.0125 -1999.98 -0.300378
2.45 48.9049 1999.98 -21126.5 -48.9049 -1999.98 -0.404447
2.455 48.793 1999.99 -21078.2 -48.793 -1999.99 -0.371279
2.46 48.6747 2000.03 -21027.3 -48.6747 -2000.03 -0.169875
2.465 48.5528 2000.01 -20974.5 -48.5528 -2000.01 -0.328721
2.47 48.4259 2000.03 -20919.5 -48.4259 -2000.03 -0.515072
2.475 48.2883 2000.1 -20859.7 -48.2883 -2000.1 -0.808579
2.48 48.1443 2000.07 -20797.4 -48.1443 -2000.07 -0.933144
2.485 47.9956 2000.04 -20733 -47.9956 -2000.04 -1.05671
2.49 47.8428 2000.03 -20666.9 -47.8428 -2000.03 -1.17869
2.495 47.6867 2000.01 -20599.4 -47.6867 -2000.01 -1.29376
2.5 47.5283 2000 -20530.8 -47.5283 -2000 -1.39797
2.505 47.3685 1999.99 -20461.7 -47.3685 -1999.99 -1.48703
2.51 47.2089 1999.98 -20392.4 -47.2089 -1999.98 -1.80821
2.515 47.0496 1999.99 -20323.2 -47.0496 -1999.99 -2.22516
2.52 46.889 2000 -20253.9 -46.889 -2000 -2.20869
2.525 46.7286 2000.01 -20184.6 -46.7286 -2000.01 -2.19348
2.53 46.5693 2000 -20115.9 -46.5693 -2000 -2.09158
2.535 46.4122 1999.99 -20048.1 -46.4122 -1999.99 -1.99683
2.54 46.2576 1999.98 -19981.4 -46.2576 -1999.98 -1.90588
2.545 46.1065 1999.98 -19916.2 -46.1065 -1999.98 -1.81315
2.55 45.9593 1999.98 -19852.6 -45.9593 -1999.98 -1.76882
2.555 45.8155 2000 -19790.5 -45.8155 -2000 -1.74497
2.56 45.6763 1999.99 -19730.5 -45.6763 -1999.99 -1.62239
2.565 45.5418 2000.01 -19672.5 -45.5418 -2000.01 -1.58953
2.57 45.4109 2000.02 -19615.9 -45.4109 -2000.02 -1.56841
2.575 45.2841 2000.01 -19561.3 -45.2841 -2000.01 -1.4258
2.58 45.1623 1999.99 -19508.7 -45.1623 -1999.99 -1.36487
2.585 45.0464 1999.98 -19458.2 -45.0464 -1999.98 -1.85005
2.59 44.9339 1999.99 -19409.5 -44.9339 -1999.99 -1.91758
2.595 44.825 1999.98 -19362.8 -44.825 -1999.98 -1.65517
2.6 44.7213 1999.98 -19318.2 -44.7213 -1999.98 -1.43153
2.605 44.6232 1999.98 -19276 -44.6232 -1999.98 -1.23937
2.61 44.531 1999.98 -19236.3 -44.531 -1999.98 -1.07316
2.615 44.4411 2000.04 -19198.2 -44.4411 -2000.04 -0.392387
2.62 44.3559 2000.07 -19161.8 -44.3559 -2000.07 0.0184159
2.625 44.2763 2000.06 -19127.3 -44.2763 -2000.06 -0.0280781
2.63 44.2009 2000.04 -19094.7 -44.2009 -2000.04 -0.0600913
2.635 44.1291 2000.03 -19063.7 -44.1291 -2000.03 -0.0816672
2.64 44.0603 2000.03 -19033.9 -44.0603 -2000.03 -0.0956701
2.645 43.994 2000.02 -19005.3 -43.994 -2000.02 -0.104213
2.65 43.93 2000.02 -18977.6 -43.93 -2000.02 -0.108822
2.655 43.8682 2000.01 -18950.9 -43.8682 -2000.01 -0.110528
2.66 43.8086 2000.01 -18925.2 -43.8086 -2000.01 -0.109993
2.665 43.7516 2000.01 -18900.6 -43.7516 -2000.01 -0.107632
2.67 43.6974 2000 -18877.2 -43.6974 -2000 -0.103743
2.675 43.6465 2000 -18855.2 -43.6465 -2000 -0.0985499
2.68 43.5994 2000 -18834.9 -43.5994 -2000 -0.0921949
2.685 43.557 2000 -18816.6 -43.557 -2000 -0.0847667
2.69 43.5201 2000 -18800.6 -43.5201 -2000 -0.076393
2.695 43.4894 2000 -18787.4 -43.4894 -2000 -0.0673253
2.7 43.4653 2000 -18777 -43.4653 -2000 -0.0579514
2.705 43.448 2000 -18769.5 -43.448 -2000 -0.0488301
2.71 43.4372 2000 -18764.8 -43.4372 -2000 -0.0403761
2.715 43.4319 2000 -18762.6 -43.4319 -2000 -0.0328553
2.72 43.4311 2000 -18762.2 -43.4311 -2000 -0.026514
2.725 43.4344 1999.99 -18763.5 -43.4344 -1999.99 -0.194492
2.73 43.4399 1999.99 -18765.7 -43.4399 -1999.99 -0.288927
2.735 43.4454 1999.99 -18768.2 -43.4454 -1999.99 -0.232716
2.74 43.4499 1999.99 -18770.2 -43.4499 -1999.99 -0.18747
2.745 43.4522 1999.99 -18771.2 -43.4522 -1999.99 -0.15102
2.75 43.4515 2000 -18770.9 -43.4515 -2000 -0.121603
2.755 43.4476 2000 -18769.3 -43.4476 -2000 -0.0978688
2.76 43.4407 2000 -18766.3 -43.4407 -2000 -0.0791204
2.765 43.4311 2000 -18762.2 -43.4311 -2000 -0.0647745
2.77 43.4192 2000 -18757 -43.4192 -2000 -0.0569922
2.775 43.4048 2000 -18750.8 -43.4048 -2000 -0.0495765
2.78 43.3874 2000 -18743.3 -43.3874 -2000 -0.0468623
2.785 43.3665 2000 -18734.3 -43.3665 -2000 -0.0497226
2.79 43.3415 2000 -18723.5 -43.3415 -2000 -0.0599298
2.795 43.3123 2000 -18710.8 -43.3123 -2000 -0.0796532
2.8 43.2789 2000 -18696.4 -43.2789 -2000 -0.110897
2.805 43.2416 1999.99 -18680.2 -43.2416 -1999.99 -0.154502
2.81 43.2008 1999.99 -18662.5 -43.2008 -1999.99 -0.209637
2.815 43.1571 1999.99 -18643.6 -43.1571 -1999.99 -0.273813
2.82 43.1109 1999.99 -18623.6 -43.1109 -1999.99 -0.343902
2.825 43.0621 1999.98 -18602.4 -43.0621 -1999.98 -0.417899
2.83 43.0102 1999.98 -18579.9 -43.0102 -1999.98 -0.496446
2.835 42.9541 1999.98 -18555.6 -42.9541 -1999.98 -0.583368
2.84 42.8924 1999.97 -18528.8 -42.8924 -1999.97 -0.684725
2.845 42.8237 1999.97 -18499 -42.8237 -1999.97 -0.806339
2.85 42.7468 1999.96 -18465.6 -42.7468 -1999.96 -0.950893
2.855 42.6608 1999.96 -18428.3 -42.6608 -1999.96 -1.11618
2.86 42.565 1999.95 -18386.8 -42.565 -1999.95 -1.29552
2.865 42.4586 1999.94 -18340.6 -42.4586 -1999.94 -1.47519
2.87 42.3406 1999.94 -18289.5 -42.3406 -1999.94 -1.65389
2.875 42.2101 1999.93 -18232.9 -42.2101 -1999.93 -1.82407
2.88 42.0659 1999.93 -18170.5 -42.0659 -1999.93 -1.97415
2.885 41.9073 1999.92 -18101.8 -41.9073 -1999.92 -2.09817
2.89 41.7332 1999.92 -18026.5 -41.7332 -1999.92 -2.19603
2.895 41.5422 1999.93 -17944 -41.5422 -1999.93 -2.16746
2.9 41.3263 2000.03 -17851.8 -41.3263 -2000.03 -1.12348
2.905 41.0896 2000.07 -17750 -41.0896 -2000.07 -0.657634
2.91 40.8362 2000.01 -17640.1 -40.8362 -2000.01 -1.15744
2.915 40.5624 1999.99 -17521.6 -40.5624 -1999.99 -1.37131
2.92 40.2683 1999.98 -17394.4 -40.2683 -1999.98 -1.53668
2.925 39.9541 1999.97 -17258.5 -39.9541 -1999.97 -1.65922
2.93 39.6201 1999.96 -17114.1 -39.6201 -1999.96 -1.7416
2.935 39.2599 2000.05 -16959 -39.2599 -2000.05 -1.24226
2.94 38.8725 2000.12 -16791.4 -38.8725 -2000.12 -1.54671
2.945 38.466 1999.99 -16615 -38.466 -1999.99 -2.29422
2.95 38.0401 1999.91 -16430.7 -38.0401 -1999.91 -2.62785
2.955 37.5936 1999.91 -16238 -37.5936 -1999.91 -2.46797
2.96 37.1199 1999.99 -16034.6 -37.1199 -1999.99 -1.21609
2.965 36.6271 1999.94 -15821.7 -36.6271 -1999.94 -1.18748
2.97 36.0992 2000.04 -15595.4 -36.0992 -2000.04 0.549288
2.975 35.5047 2000.34 -15343.1 -35.5047 -2000.34 5.10928
2.98 34.8803 2000.37 -15074.3 -34.8803 -2000.37 5.99992
2.985 34.1561 2000.82 -14767.2 -34.1561 -2000.82 11.7952
2.99 33.3297 2001.43 -14416.2 -33.3297 -2001.43 17.8033
2.995 32.3496 2002.11 -14004.7 -32.3496 -2002.11 29.719
3 31.2403 2002.76 -13538.3 -31.2403 -2002.76 42.5384
3.005 30.0441 2003.23 -13031 -30.0441 -2003.23 51.9798
3.01 28.6176 2004.35 -12425.3 -28.6176 -2004.35 62.4789
3.015 26.9755 2005.37 -11731.8 -26.9755 -2005.37 78.419
3.02 25.1916 2005.72 -10969.6 -25.1916 -2005.72 86.8192
3.025 23.1028 2006.34 -10076 -23.1028 -2006.34 95.5934
3.03 20.7706 2006.49 -9074.2 -20.7706 -2006.49 101.29
3.035 18.3768 2005.7 -8028.21 -18.3768 -2005.7 89.4228
3.04 15.8453 2004.91 -6925.66 -15.8453 -2004.91 80.489
3.045 13.1599 2004.34 -5760.29 -13.1599 -2004.34 75.2202
3.05 10.2682 2004.07 -4515.96 -10.2682 -2004.07 80.0889
3.055 7.22531 2004.04 -3205.33 -7.22531 -2004.04 83.998
3.06 4.17643 2004.44 -1863.51 -4.17643 -2004.44 59.2869
3.065 0.772691 2004.09 -397.677 -0.772691 -2004.09 63.8744
3.07 -2.75816 2002.83 1125.02 2.75816 -2002.83 66.5075
3.075 -6.20436 2000.94 2621.8 6.20436 -2000.94 58.4832
3.08 -9.54259 1999.31 4081.28 9.54259 -1999.31 41.12
3.085 -12.9445 1998.85 5561.55 12.9445 -1998.85 30.4771
3.09 -16.3002 1998.68 7033.19 16.3002 -1998.68 8.48576
3.095 -19.6294 1998.81 8492.36 19.6294 -1998.81 -12.445
3.1 -23.0504 1998.58 9973.52 23.0504 -1998.58 -15.7492
3.105 -26.342 1999.42 11412.7 26.342 -1999.42 -32.9734
3.11 -29.1206 2003.3 12663.4 29.1206 -2003.3 -83.3158
3.115 -31.8413 2005.6 13861.9 31.8413 -2005.6 -106.417
3.12 -34.5249 2005.8 15022.5 34.5249 -2005.8 -107.759
3.125 -37.0197 2005.77 16099.8 37.0197 -2005.77 -107.301
3.13 -39.3746 2005.67 17126.5 39.3746 -2005.67 -116.648
3.135 -41.508 2006.51 18064.8 41.508 -2006.51 -133.325
3.14 -43.4583 2006.85 18928.6 43.4583 -2006.85 -154.61
3.145 -45.1677 2008.77 19696.4 45.1677 -2008.77 -183.999
3.15 -46.6136 2010.66 20344.1 46.6136 -2010.66 -206.973
3.155 -47.9166 2011.89 20892.5 47.9166 -2011.89 -192.518
3.16 -49.042 2011.51 21363.4 49.042 -2011.51 -177.234
3.165 -49.991 2009.09 21777.7 49.991 -2009.09 -181.625
3.17 -50.7031 2008.13 22106.7 50.7031 -2008.13 -202.935
3.175 -50.8948 2005.61 22275 50.8948 -2005.61 -288.484
3.18 -50.2636 2000.87 22155.8 50.2636 -2000.87 -441.925
3.185 -49.5912 1996.8 21885.5 49.5912 -1996.8 -462.069
3.19 -48.6785 1994.69 21473.4 48.6785 -1994.69 -444.292
3.195 -47.761 1994.48 21019 47.761 -1994.48 -386.268
3.2 -46.6425 1993.16 20489.1 46.6425 -1993.16 -339.591
3.205 -46.2004 1996.46 20132.9 46.2004 -1996.46 -174.294
3.21 -45.7468 1999.47 19810.6 45.7468 -1999.47 -47.9313
3.215 -45.4079 2001.77 19585.9 45.4079 -2001.77 30.2643
3.22 -44.903 2001.56 19345.6 44.903 -2001.56 52.4923
3.225 -44.2218 1999.31 19073.9 44.2218 -1999.31 29.9041
3.23 -43.9622 2001.25 18910.7 43.9622 -2001.25 80.9197
3.235 -44.0879 2004.28 18890.7 44.0879 -2004.28 155.308
3.24 -44.0783 2003.94 18891.3 44.0783 -2003.94 150.521
3.245 -43.9532 2001.81 18874.4 43.9532 -2001.81 113.359
3.25 -43.8085 1999.32 18844.9 43.8085 -1999.32 80.3629
3.255 -43.6847 1998.08 18813.1 43.6847 -1998.08 58.7064
3.26 -43.6717 1999.01 18811.7 43.6717 -1999.01 54.464
3.265 -43.6268 1998.79 18804.3 43.6268 -1998.79 42.4893
3.27 -43.5825 1998.56 18795 43.5825 -1998.56 32.6533
3.275 -43.5366 1998.28 18783.4 43.5366 -1998.28 24.4426
3.28 -43.4868 1997.94 18768.8 43.4868 -1997.94 17.4471
3.285 -43.4302 1997.51 18750.5 43.4302 -1997.51 11.2859
3.29 -43.3372 1995.94 18719.6 43.3372 -1995.94 2.10011
3.295 -43.2429 1995.07 18684.7 43.2429 -1995.07 -3.74241
3.3 -43.1523 1995.03 18647.7 43.1523 -1995.03 -5.90738
3.305 -43.0731 1995.34 18612.1 43.0731 -1995.34 -4.53466
3.31 -43.0054 1995.86 18580.6 43.0054 -1995.86 -2.25766
3.315 -42.9128 1995.64 18542.8 42.9128 -1995.64 -4.49737
3.32 -42.7755 1993.36 18489.5 42.7755 -1993.36 -10.5005
3.325 -42.4716 1985.86 18376.2 42.4716 -1985.86 -28.5111
3.33 -42.2584 1989.38 18275.2 42.2584 -1989.38 -19.5694
3.335 -42.2632 2011.24 18247.4 42.2632 -2011.24 10.3114
3.34 -42.1509 2013.75 18195.9 42.1509 -2013.75 13.3136
3.345 -42.0783 2012.75 18157.8 42.0783 -2012.75 20.0455
3.35 -41.9959 2011.27 18120.6 41.9959 -2011.27 21.67
3.355 -41.8271 2004.58 18060.2 41.8271 -2004.58 9.08978
3.36 -41.7603 2003.55 18026.2 41.7603 -2003.55 14.3006
3.365 -41.7312 2003.82 18007.8 41.7312 -2003.82 20.115
3.37 -41.778 2006.05 18018.1 41.778 -2006.05 29.9461
3.375 -41.795 2006.27 18024.3 41.795 -2006.27 31.1771
3.38 -41.7982 2005.5 18030.6 41.7982 -2005.5 26.2545
3.385 -41.826 2005.67 18044.8 41.826 -2005.67 24.0744
3.39 -41.8397 2004.54 18055.4 41.8397 -2004.54 19.3606
3.395 -41.857 2003.62 18066.7 41.857 -2003.62 15.5633
3.4 -41.8769 2002.86 18078.3 41.8769 -2002.86 12.473
3.405 -41.8996 2002.29 18090.6 41.8996 -2002.29 10.0355
3.41 -41.9239 2001.83 18103.1 41.9239 -2001.83 8.06693
3.415 -41.9496 2001.45 18115.8 41.9496 -2001.45 6.47644
3.42 -41.9764 2001.15 18128.6 41.9764 -2001.15 5.19034
3.425 -42.0039 2000.9 18141.5 42.0039 -2000.9 4.14925
3.43 -42.032 2000.69 18154.5 42.032 -2000.69 3.30524
3.435 -42.0606 2000.51 18167.5 42.0606 -2000.51 2.61957
3.44 -42.0893 2000.37 18180.5 42.0893 -2000.37 2.06081
3.445 -42.1182 2000.25 18193.5 42.1182 -2000.25 1.60337
3.45 -42.1472 2000.14 18206.3 42.1472 -2000.14 1.22618
3.455 -42.176 2000.04 18219.1 42.176 -2000.04 0.911647
3.46 -42.2046 1999.95 18231.8 42.2046 -1999.95 0.644542
3.465 -42.233 1999.86 18244.2 42.233 -1999.86 0.410855
3.47 -42.2609 1999.76 18256.5 42.2609 -1999.76 0.195995
3.475 -42.2859 1999.44 18267.8 42.2859 -1999.44 -0.252408
3.48 -42.3099 1999.16 18278.5 42.3099 -1999.16 -0.626228
3.485 -42.3305 1998.78 18287.9 42.3305 -1998.78 -1.07284
3.49 -42.3387 1999.23 18292.9 42.3387 -1999.23 -2.5668
3.495 -42.3489 1998.59 18298.4 42.3489 -1998.59 -3.67727
3.5 -12.0753 245.353 5453.23 12.0753 -245.353 -236.721
3.505 -11.4345 68.3118 2914.92 11.4345 -68.3118 2024.8
3.51 -2.05281 1005.87 11548.2 2.05281 -1005.87 -10661.4
3.515 8.42705 2177.19 17824.7 -8.42705 -2177.19 -21465.2
3.52 -14.5147 2196.02 17851.4 14.5147 -2196.02 -11581.1
3.525 -28.3752 1940.08 17386.8 28.3752 -1940.08 -5128.68
3.53 -23.4092 1412.26 14375 23.4092 -1412.26 -4262.17
3.535 -27.5973 1543.78 15410.3 27.5973 -1543.78 -3488.23
3.54 -30.8247 1638.33 16036.6 30.8247 -1638.33 -2720.38
3.545 -33.1994 1706.61 16513.3 33.1994 -1706.61 -2171.17
3.55 -35.198 1763.19 16923.8 35.198 -1763.19 -1718.28
3.555 -36.6353 1806.38 17226.8 36.6353 -1806.38 -1400.36
3.56 -37.7179 1841.84 17452.7 37.7179 -1841.84 -1158.52
3.565 -38.6181 1871.46 17629.6 38.6181 -1871.46 -946.581
3.57 -39.3587 1895.82 17774.5 39.3587 -1895.82 -771.593
3.575 -39.9532 1915.61 17886.9 39.9532 -1915.61 -627.08
3.58 -40.4568 1932.17 17983.7 40.4568 -1932.17 -506.341
3.585 -40.8726 1945.31 18065.5 40.8726 -1945.31 -408.599
3.59 -41.2064 1954.94 18128.9 41.2064 -1954.94 -327.711
3.595 -41.4865 1963.22 18185.7 41.4865 -1963.22 -263.5
3.6 -41.7097 1969.79 18233.2 41.7097 -1969.79 -214.569
3.605 -41.8896 1975.01 18271.7 41.8896 -1975.01 -175.371
3.61 -42.0539 1979.93 18308.7 42.0539 -1979.93 -141.415
3.615 -42.1948 1983.91 18342.3 42.1948 -1983.91 -114.088
3.62 -42.3074 1986.69 18370 42.3074 -1986.69 -93.1818
3.625 -42.3996 1988.86 18393.1 42.3996 -1988.86 -76.4746
3.63 -42.4865 1991.09 18415.9 42.4865 -1991.09 -61.7478
3.635 -42.556 1992.51 18434.8 42.556 -1992.51 -50.6444
3.64 -42.6198 1993.84 18453 42.6198 -1993.84 -41.2882
3.645 -42.679 1995.08 18470.7 42.679 -1995.08 -33.3561
3.65 -42.7321 1996.08 18487.2 42.7321 -1996.08 -26.9562
3.655 -42.7804 1996.88 18502.9 42.7804 -1996.88 -21.794
3.66 -42.8218 1997.35 18516.9 42.8218 -1997.35 -17.9095
3.665 -42.8561 1997.6 18528.8 42.8561 -1997.6 -14.9805
3.67 -42.8912 1998.08 18541.1 42.8912 -1998.08 -12.0902
3.675 -42.9239 1998.47 18552.9 42.9239 -1998.47 -9.74418
3.68 -42.9546 1998.78 18564.3 42.9546 -1998.78 -7.87734
3.685 -42.9836 1999.03 18575.3 42.9836 -1999.03 -6.37025
3.69 -43.0111 1999.23 18586 43.0111 -1999.23 -5.15329
3.695 -43.0375 1999.39 18596.4 43.0375 -1999.39 -4.17144
3.7 -43.0627 1999.51 18606.5 43.0627 -1999.51 -3.3785
3.705 -43.0871 1999.61 18616.4 43.0871 -1999.61 -2.73651
3.71 -43.1107 1999.69 18626 43.1107 -1999.69 -2.21721
3.715 -43.1336 1999.76 18635.5 43.1336 -1999.76 -1.79738
3.72 -43.1558 1999.81 18644.8 43.1558 -1999.81 -1.45789
3.725 -43.1775 1999.85 18653.8 43.1775 -1999.85 -1.18327
3.73 -43.1986 1999.88 18662.7 43.1986 -1999.88 -0.961117
3.735 -43.2192 1999.91 18671.5 43.2192 -1999.91 -0.781257
3.74 -43.2393 1999.93 18680 43.2393 -1999.93 -0.635554
3.745 -43.2589 1999.95 18688.4 43.2589 -1999.95 -0.517498
3.75 -43.2781 1999.96 18696.6 43.2781 -1999.96 -0.421811
3.755 -43.2969 1999.97 18704.6 43.2969 -1999.97 -0.344204
3.76 -43.3152 1999.98 18712.4 43.3152 -1999.98 -0.281218
3.765 -43.333 1999.98 18720.1 43.333 -1999.98 -0.230067
3.77 -43.3504 1999.99 18727.6 43.3504 -1999.99 -0.188496
3.775 -43.3674 1999.99 18734.9 43.3674 -1999.99 -0.15468
3.78 -43.3839 1999.99 18742 43.3839 -1999.99 -0.127148
3.785 -43.3998 1999.98 18748.8 43.3998 -1999.98 -0.12058
3.79 -43.4135 1999.87 18754.9 43.4135 -1999.87 -0.228197
3.795 -43.4278 1999.9 18761 43.4278 -1999.9 -0.185441
3.8 -43.4417 1999.92 18766.9 43.4417 -1999.92 -0.150741
3.805 -43.455 1999.94 18772.7 43.455 -1999.94 -0.1226
3.81 -43.4679 1999.95 18778.3 43.4679 -1999.95 -0.099816
3.815 -43.4804 1999.96 18783.6 43.4804 -1999.96 -0.0813587
3.82 -43.4924 1999.97 18788.8 43.4924 -1999.97 -0.066396
3.825 -43.504 1999.97 18793.8 43.504 -1999.97 -0.0542579
3.83 -43.5151 1999.98 18798.6 43.5151 -1999.98 -0.0444036
3.835 -43.5259 1999.98 18803.2 43.5259 -1999.98 -0.0363969
3.84 -43.5362 1999.99 18807.7 43.5362 -1999.99 -0.0298919
3.845 -43.5462 1999.99 18812 43.5462 -1999.99 -0.0246431
3.85 -43.5558 1999.99 18816.1 43.5558 -1999.99 -0.0203522
3.855 -43.5651 1999.99 18820.1 43.5651 -1999.99 -0.0168252
3.86 -43.574 1999.99 18824 43.574 -1999.99 -0.0139379
3.865 -43.5826 2000 18827.7 43.5826 -2000 -0.0115761
3.87 -43.5909 2000 18831.3 43.5909 -2000 -0.00964167
3.875 -43.5989 2000 18834.7 43.5989 -2000 -0.0080548
3.88 -43.6066 2000 18838.1 43.6066 -2000 -0.00675074
3.885 -43.614 2000 18841.3 43.614 -2000 -0.00567682
3.89 -43.6212 2000 18844.4 43.6212 -2000 -0.00479032
3.895 -43.6281 2000 18847.3 43.6281 -2000 -0.00405656
3.9 -43.6347 2000 18850.2 43.6347 -2000 -0.00344752
3.905 -43.6411 2000 18852.9 43.6411 -2000 -0.00294051
3.91 -43.6472 2000 18855.6 43.6472 -2000 -0.00251721
3.915 -43.6531 2000 18858.1 43.6531 -2000 -0.00216283
3.92 -43.6587 2000 18860.6 43.6587 -2000 -0.00186542
3.925 -43.6642 2000 18862.9 43.6642 -2000 -0.00161522
3.93 -43.6695 2000 18865.2 43.6695 -2000 -0.00140424
3.935 -43.6745 2000 18867.4 43.6745 -2000 -0.00122584
3.94 -43.6794 2000 18869.5 43.6794 -2000 -0.00107456
3.945 -43.6842 2000 18871.6 43.6842 -2000 -0.000945861
3.95 -43.6887 2000 18873.5 43.6887 -2000 -0.00083601
3.955 -43.6932 2000 18875.5 43.6932 -2000 -0.000741946
3.96 -43.6975 2000 18877.3 43.6975 -2000 -0.000661188
3.965 -43.7016 2000 18879.1 43.7016 -2000 -0.000591695
3.97 -43.7057 2000 18880.8 43.7057 -2000 -0.000531772
3.975 -43.7096 2000 18882.5 43.7096 -2000 -0.000480005
3.98 -43.7134 2000 18884.2 43.7134 -2000 -0.000435193
3.985 -43.7172 2000 18885.8 43.7172 -2000 -0.000396182
3.99 -43.7208 2000 18887.4 43.7208 -2000 -0.000362168
3.995 -43.7244 2000 18888.9 43.7244 -2000 -0.00033196
4 -43.7279 2000 18890.4 43.7279 -2000 -0.000305283
4.005 -43.7312 2000 18891.9 43.7312 -2000 -0.000281537
4.01 -43.7345 2000 18893.3 43.7345 -2000 -0.000260289
4.015 -43.7377 2000 18894.7 43.7377 -2000 -0.000241254
4.02 -43.7409 2000 18896.1 43.7409 -2000 -0.000224276
4.025 -43.744 2000 18897.4 43.744 -2000 -0.000209268
4.03 -43.747 2000 18898.7 43.747 -2000 -0.00019616
4.035 -43.75 2000 18900 43.75 -2000 -0.000184891
4.04 -43.7531 2000 18901.3 43.7531 -2000 -0.000175446
4.045 -43.7561 2000 18902.6 43.7561 -2000 -0.000167877
4.05 -43.7592 2000 18904 43.7592 -2000 -0.00016228
4.055 -43.7624 2000 18905.3 43.7624 -2000 -0.000158747
4.06 -43.7656 2000 18906.8 43.7656 -2000 -0.000157322
4.065 -43.769 2000 18908.2 43.769 -2000 -0.000157917
4.07 -43.7725 2000 18909.7 43.7725 -2000 -0.000160288
4.075 -43.7761 2000 18911.3 43.7761 -2000 -0.000164071
4.08 -43.7798 2000 18912.9 43.7798 -2000 -0.000168898
4.085 -43.7837 2000 18914.5 43.7837 -2000 -0.000174462
4.09 -43.7876 2000 18916.2 43.7876 -2000 -0.00018053
4.095 -43.7915 2000 18917.9 43.7915 -2000 -0.000186853
4.1 -43.7956 2000 18919.7 43.7956 -2000 -0.000193108
4.105 -43.7997 2000 18921.5 43.7997 -2000 -0.000198875
4.11 -43.8038 2000 18923.2 43.8038 -2000 -0.000203721
4.115 -43.8079 2000 18925 43.8079 -2000 -0.000207278
4.12 -43.812 2000 18926.8 43.812 -2000 -0.000209279
4.125 -43.816 2000 18928.5 43.816 -2000 -0.000209551
4.13 -43.8199 2000 18930.2 43.8199 -2000 -0.000208026
4.135 -43.8238 2000 18931.9 43.8238 -2000 -0.000204768
4.14 -43.8276 2000 18933.5 43.8276 -2000 -0.000199983
4.145 -43.8312 2000 18935.1 43.8312 -2000 -0.000193959
4.15 -43.8347 2000 18936.6 43.8347 -2000 -0.000187007
4.155 -43.8382 2000 18938.1 43.8382 -2000 -0.000179409
4.16 -43.8415 2000 18939.5 43.8415 -2000 -0.000171398
4.165 -43.8448 2000 18940.9 43.8448 -2000 -0.000163138
4.17 -43.8479 2000 18942.3 43.8479 -2000 -0.000154735
4.175 -43.8509 2000 18943.6 43.8509 -2000 -0.000146248
4.18 -43.8538 2000 18944.8 43.8538 -2000 -0.00013771
4.185 -43.8566 2000 18946 43.8566 -2000 -0.000129129
4.19 -43.8592 2000 18947.2 43.8592 -2000 -0.000120506
4.195 -43.8618 2000 18948.3 43.8618 -2000 -0.000111846
4.2 -43.8641 2000 18949.3 43.8641 -2000 -0.000103175
4.205 -43.8663 2000 18950.3 43.8663 -2000 -9.45607e-05
4.21 -43.8684 2000 18951.1 43.8684 -2000 -8.61201e-05
4.215 -43.8703 2000 18952 43.8703 -2000 -7.80042e-05
4.22 -43.8721 2000 18952.8 43.8721 -2000 -7.03652e-05
4.225 -43.8738 2000 18953.5 43.8738 -2000 -6.33251e-05
4.23 -43.8755 2000 18954.2 43.8755 -2000 -5.69634e-05
4.235 -43.877 2000 18954.9 43.877 -2000 -5.13076e-05
4.24 -43.8785 2000 18955.5 43.8785 -2000 -4.63372e-05
4.245 -43.88 2000 18956.2 43.88 -2000 -4.19942e-05
4.25 -43.8814 2000 18956.8 43.8814 -2000 -3.82053e-05
4.255 -43.8828 2000 18957.4 43.8828 -2000 -3.48928e-05
4.26 -43.8841 2000 18957.9 43.8841 -2000 -3.19793e-05
4.265 -43.8854 2000 18958.5 43.8854 -2000 -2.93836e-05
4.27 -43.8866 2000 18959 43.8866 -2000 -2.70206e-05
4.275 -43.8878 2000 18959.5 43.8878 -2000 -2.48019e-05
4.28 -43.8889 2000 18960 43.8889 -2000 -2.26415e-05
4.285 -43.8899 2000 18960.4 43.8899 -2000 -2.0464e-05
4.29 -43.8907 2000 18960.8 43.8907 -2000 -1.82233e-05
4.295 -43.8914 2000 18961.1 43.8914 -2000 -1.5914e-05
4.3 -43.892 2000 18961.3 43.892 -2000 -1.35762e-05
4.305 -43.8923 2000 18961.5 43.8923 -2000 -1.12927e-05
4.31 -43.8924 2000 18961.5 43.8924 -2000 -9.1865e-06
4.315 -43.8762 1999.99 18957 43.8762 -1999.99 -2.53858
4.32 -43.8434 1999.99 18944.8 43.8434 -1999.99 -4.47024
4.325 -43.7988 1999.99 18924.6 43.7988 -1999.99 -3.54601
4.33 -43.7334 1999.99 18895.5 43.7334 -1999.99 -2.69498
4.335 -43.647 1999.99 18857.3 43.647 -1999.99 -1.80739
4.34 -43.5399 1999.98 18810 43.5399 -1999.98 -0.764229
4.345 -43.4135 1999.97 18754.1 43.4135 -1999.97 0.554727
4.35 -43.2701 1999.94 18690.4 43.2701 -1999.94 2.2522
4.355 -43.113 1999.91 18620.4 43.113 -1999.91 4.39097
4.36 -42.9462 1999.87 18545.7 42.9462 -1999.87 7.05729
4.365 -42.7736 1999.83 18468 42.7736 -1999.83 10.1946
4.37 -42.5998 1999.76 18389.7 42.5998 -1999.76 13.3667
4.375 -42.4293 1999.69 18312.9 42.4293 -1999.69 16.5087
4.38 -42.2653 1999.61 18239.3 42.2653 -1999.61 19.3494
4.385 -42.11 1999.54 18169.9 42.11 -1999.54 21.6442
4.39 -41.9644 1999.49 18105.4 41.9644 -1999.49 23.2306
4.395 -41.8287 1999.45 18045.9 41.8287 -1999.45 24.0533
4.4 -41.7026 1999.42 17991.4 41.7026 -1999.42 24.1539
4.405 -41.5855 1999.42 17941.3 41.5855 -1999.42 23.6418
4.41 -41.4764 1999.42 17895.1 41.4764 -1999.42 22.6533
4.415 -41.3745 1999.44 17852.4 41.3745 -1999.44 21.325
4.42 -41.2789 1999.46 17812.7 41.2789 -1999.46 19.7849
4.425 -41.1894 1999.5 17775.4 41.1894 -1999.5 18.4592
4.43 -41.1033 1999.46 17739.8 41.1033 -1999.46 16.8446
4.435 -41.0213 1999.46 17706.1 41.0213 -1999.46 15.0795
4.44 -40.9433 1999.51 17674 40.9433 -1999.51 13.4584
4.445 -40.8681 1999.56 17643.1 40.8681 -1999.56 11.9554
4.45 -40.7953 1999.61 17613 40.7953 -1999.61 10.5804
4.455 -40.7243 1999.65 17583.6 40.7243 -1999.65 9.33529
4.46 -40.655 1999.69 17554.7 40.655 -1999.69 8.21683
4.465 -40.5869 1999.73 17526.3 40.5869 -1999.73 7.21839
4.47 -40.52 1999.76 17498.3 40.52 -1999.76 6.33151
4.475 -40.454 1999.79 17470.6 40.454 -1999.79 5.54657
4.48 -40.3889 1999.82 17443.1 40.3889 -1999.82 4.85369
4.485 -40.3246 1999.84 17416 40.3246 -1999.84 4.24334
4.49 -40.2611 1999.87 17389.1 40.2611 -1999.87 3.7067
4.495 -40.198 1999.82 17362.3 40.198 -1999.82 3.20959
4.5 -40.1359 1999.77 17336 40.1359 -1999.77 2.73377
4.505 -40.0761 1999.81 17310.5 40.0761 -1999.81 2.38718
4.51 -40.0171 1999.84 17285.3 40.0171 -1999.84 2.0831
4.515 -39.959 1999.87 17260.5 39.959 -1999.87 1.81704
4.52 -39.9018 1999.89 17236 39.9018 -1999.89 1.58454
4.525 -39.8454 1999.91 17211.9 39.8454 -1999.91 1.38175
4.53 -39.79 1999.93 17188.1 39.79 -1999.93 1.20527
4.535 -39.7352 1999.94 17164.6 39.7352 -1999.94 1.05201
4.54 -39.6812 1999.95 17141.4 39.6812 -1999.95 0.919161
4.545 -39.6279 1999.96 17118.4 39.6279 -1999.96 0.804195
4.55 -39.5741 1999.79 17095.3 39.5741 -1999.79 0.664945
4.555 -39.5226 1999.69 17073.2 39.5226 -1999.69 0.552076
4.56 -39.4738 1999.75 17052.2 39.4738 -1999.75 0.487022
4.565 -39.425 1999.8 17031.2 39.425 -1999.8 0.430776
4.57 -39.3764 1999.83 17010.2 39.3764 -1999.83 0.383102
4.575 -39.3278 1999.87 16989.2 39.3278 -1999.87 0.341787
4.58 -39.2792 1999.89 16968.3 39.2792 -1999.89 0.305841
4.585 -39.2307 1999.91 16947.4 39.2307 -1999.91 0.274448
4.59 -39.1823 1999.93 16926.5 39.1823 -1999.93 0.24689
4.595 -39.1342 1999.94 16905.8 39.1342 -1999.94 0.222572
4.6 -39.0864 1999.95 16885.1 39.0864 -1999.95 0.201031
4.605 -39.0386 1999.94 16864.5 39.0386 -1999.94 0.139734
4.61 -38.9911 1999.94 16844.1 38.9911 -1999.94 0.104521
4.615 -38.9433 2000.09 16823.6 38.9433 -2000.09 -0.117965
4.62 -38.8935 2000.2 16802.3 38.8935 -2000.2 -0.26939
4.625 -38.8423 2000.16 16780.1 38.8423 -2000.16 -0.201078
4.63 -38.7911 2000.13 16757.9 38.7911 -2000.13 -0.146786
4.635 -38.7396 2000.1 16735.6 38.7396 -2000.1 -0.103868
4.64 -38.6878 2000.09 16713.2 38.6878 -2000.09 -0.0700471
4.645 -38.6356 2000.07 16690.6 38.6356 -2000.07 -0.0434557
4.65 -38.5829 2000.06 16667.9 38.5829 -2000.06 -0.0226076
4.655 -38.5297 2000.05 16644.8 38.5297 -2000.05 -0.00632512
4.66 -38.4758 2000.04 16621.5 38.4758 -2000.04 0.00632147
4.665 -38.4213 2000.03 16598 38.4213 -2000.03 0.0160669
4.67 -38.3661 2000.03 16574.1 38.3661 -2000.03 0.0234955
4.675 -38.3102 2000.02 16550 38.3102 -2000.02 0.0290756
4.68 -38.2537 2000.02 16525.5 38.2537 -2000.02 0.0331854
4.685 -38.1964 2000.01 16500.8 38.1964 -2000.01 0.036133
4.69 -38.1382 2000.01 16475.7 38.1382 -2000.01 0.0381702
4.695 -38.0792 2000.01 16450.2 38.0792 -2000.01 0.0395015
4.7 -38.0193 2000.01 16424.3 38.0193 -2000.01 0.0402901
4.705 -37.9575 1999.61 16397.5 37.9575 -1999.61 0.180776
4.71 -37.8986 1999.46 16372 37.8986 -1999.46 0.23327
4.715 -37.842 1999.57 16347.6 37.842 -1999.57 0.193899
4.72 -37.784 1999.65 16322.5 37.784 -1999.65 0.15988
4.725 -37.7247 1999.72 16296.9 37.7247 -1999.72 0.133028
4.73 -37.664 1999.77 16270.7 37.664 -1999.77 0.112537
4.735 -37.602 1999.82 16244 37.602 -1999.82 0.0959347
4.74 -37.5387 1999.85 16216.6 37.5387 -1999.85 0.0824931
4.745 -37.4741 1999.88 16188.7 37.4741 -1999.88 0.0714891
4.75 -37.4083 1999.9 16160.3 37.4083 -1999.9 0.0624418
4.755 -37.3412 1999.92 16131.3 37.3412 -1999.92 0.0549648
4.76 -37.2729 1999.94 16101.9 37.2729 -1999.94 0.0487478
4.765 -37.2037 1999.86 16071.9 37.2037 -1999.86 0.132496
4.77 -37.1366 1999.11 16042.1 37.1366 -1999.11 0.843573
4.775 -37.0755 1998.75 16015.8 37.0755 -1998.75 0.808963
4.78 -37.0236 1998.95 15993.5 37.0236 -1998.95 0.699533
4.785 -36.9707 1999.15 15970.8 36.9707 -1999.15 0.560839
4.79 -36.9108 1999.78 15946.2 36.9108 -1999.78 -0.70176
4.795 -36.8223 2000.86 15910.3 36.8223 -2000.86 -3.09725
4.8 -36.7261 2000.41 15867.4 36.7261 -2000.41 -1.77789
4.805 -36.6326 2000.21 15826.1 36.6326 -2000.21 -0.840534
4.81 -36.5398 2000.22 15785.7 36.5398 -2000.22 -0.514049
4.815 -36.4457 2000.22 15744.8 36.4457 -2000.22 -0.281498
4.82 -36.3545 2000.22 15703.6 36.3545 -2000.22 1.5766
4.825 -36.2599 2000.21 15661.9 36.2599 -2000.21 2.3942
4.83 -36.1617 2000.19 15619.8 36.1617 -2000.19 2.01381
4.835 -36.0685 1999.51 15578.8 36.0685 -1999.51 2.76812
4.84 -36.0257 1998.85 15557.4 36.0257 -1998.85 5.67342
4.845 -36.0064 1999.63 15548.3 36.0064 -1999.63 6.40908
4.85 -35.9672 1999.66 15532.8 35.9672 -1999.66 5.03778
4.855 -35.7788 2010.41 15478 35.7788 -2010.41 -21.5907
4.86 -35.5395 2014.88 15387.6 35.5395 -2014.88 -34.5179
4.865 -35.3215 2011.64 15285.6 35.3215 -2011.64 -26.7081
4.87 -35.1116 2009.63 15188.1 35.1116 -2009.63 -19.9149
4.875 -34.9069 2007.21 15093.6 34.9069 -2007.21 -13.8382
4.88 -34.7109 2005.17 15003.4 34.7109 -2005.17 -8.33622
4.885 -34.52 2003.65 14917.5 34.52 -2003.65 -4.85294
4.89 -34.3359 2002.34 14835.5 34.3359 -2002.34 -2.42747
4.895 -34.1611 2001.46 14757.5 34.1611 -2001.46 0.104456
4.9 -33.9933 2000.66 14683.2 33.9933 -2000.66 1.91638
4.905 -33.8333 1999.78 14613.2 33.8333 -1999.78 2.81397
4.91 -33.6865 1999.08 14548.9 33.6865 -1999.08 3.63332
4.915 -33.556 1998.44 14491.5 33.556 -1998.44 4.69085
4.92 -33.4469 1997.58 14442.9 33.4469 -1997.58 6.17645
4.925 -33.3766 1995.73 14409.4 33.3766 -1995.73 9.3179
4.93 -33.3592 1995.29 14400.2 33.3592 -1995.29 11.0267
4.935 -33.3695 1996.48 14405.3 33.3695 -1996.48 10.3576
4.94 -33.3608 1996.53 14404.4 33.3608 -1996.53 7.41023
4.945 -33.1332 2009.54 14342.1 33.1332 -2009.54 -28.5882
4.95 -32.8388 2017.57 14233.5 32.8388 -2017.57 -47.1378
4.955 -32.6047 2014.54 14119.1 32.6047 -2014.54 -33.9216
4.96 -32.3683 2011.94 14008.8 32.3683 -2011.94 -25.6868
4.965 -32.132 2009.71 13900.6 32.132 -2009.71 -19.5431
4.97 -31.9111 2006.9 13798.2 31.9111 -2006.9 -12.5995
4.975 -31.7072 2004.4 13704.7 31.7072 -2004.4 -7.18821
4.98 -31.5107 2003.13 13617.4 31.5107 -2003.13 -4.76785
4.985 -31.3241 2002.06 13534.7 31.3241 -2002.06 -2.66659
4.99 -31.1487 2001.14 13457.1 31.1487 -2001.14 -0.821776
4.995 -30.986 2000.26 13385.1 30.986 -2000.26 0.850376
5 -30.8389 1999.41 13319.9 30.8389 -1999.41 2.4707
5.005 -30.7114 1998.64 13263.1 30.7114 -1998.64 4.18879
5.01 -30.6027 1998.22 13215.1 30.6027 -1998.22 5.30484
5.015 -30.5133 1997.74 13175.3 30.5133 -1997.74 6.42359
5.02 -30.4737 1995.53 13153.4 30.4737 -1995.53 11.2564
5.025 -30.481 1995.58 13154.3 30.481 -1995.58 13.4689
5.03 -30.5005 1996.43 13164.3 30.5005 -1996.43 11.8693
5.035 -30.3097 2005.83 13113.7 30.3097 -2005.83 -19.9412
5.04 -29.9703 2015.84 12995 29.9703 -2015.84 -47.797
5.045 -29.7454 2013.04 12884 29.7454 -2013.04 -34.01
5.05 -29.5107 2010.51 12775.1 29.5107 -2010.51 -26.5079
5.055 -29.2735 2008.49 12667.3 29.2735 -2008.49 -21.2046
5.06 -29.0358 2006.85 12560.5 29.0358 -2006.85 -17.0421
5.065 -28.7991 2005.55 12454.5 28.7991 -2005.55 -13.2972
5.07 -28.5631 2004.54 12349 28.5631 -2004.54 -9.75959
5.075 -28.3253 2003.66 12244.4 28.3253 -2003.66 -7.87088
5.08 -28.0827 2003.17 12139 28.0827 -2003.17 -7.27073
5.085 -27.8426 2002.63 12034.3 27.8426 -2002.63 -6.30865
5.09 -27.6076 2002 11931.2 27.6076 -2002 -4.73542
5.095 -27.3754 2001.48 11829.6 27.3754 -2001.48 -3.4528
5.1 -27.1463 2001.05 11729.6 27.1463 -2001.05 -2.40011
5.105 -26.9202 2000.7 11631 26.9202 -2000.7 -1.53139
5.11 -26.6972 2000.41 11534 26.6972 -2000.41 -0.80931
5.115 -26.4773 2000.17 11438.4 26.4773 -2000.17 -0.203552
5.12 -26.2607 1999.97 11344.3 26.2607 -1999.97 0.310638
5.125 -26.0531 1999.51 11253.3 26.0531 -1999.51 1.6256
5.13 -25.8634 1998.8 11169.3 25.8634 -1998.8 3.73789
5.135 -25.6788 1998.59 11088.9 25.6788 -1998.59 4.30717
5.14 -25.5034 1998.34 11012.5 25.5034 -1998.34 4.98249
5.145 -25.339 1998.05 10940.6 25.339 -1998.05 5.78783
5.15 -25.1897 1997.35 10874.9 25.1897 -1997.35 7.02672
5.155 -25.0629 1996.6 10818.4 25.0629 -1996.6 8.72375
5.16 -24.9839 1995.02 10779.7 24.9839 -1995.02 13.3341
5.165 -24.9676 1994.01 10769.5 24.9676 -1994.01 16.4741
5.17 -24.782 2002.59 10717.2 24.782 -2002.59 -11.3696
5.175 -24.4256 2011.7 10593.9 24.4256 -2011.7 -42.0258
5.18 -24.1892 2008.96 10483.6 24.1892 -2008.96 -33.8313
5.185 -23.9471 2007.04 10372.5 23.9471 -2007.04 -27.3285
5.19 -23.7028 2005.82 10260 23.7028 -2005.82 -20.4025
5.195 -23.4529 2004.79 10147.1 23.4529 -2004.79 -15.4189
5.2 -23.1978 2003.86 10033.9 23.1978 -2003.86 -12.4264
5.205 -22.9408 2003.12 9920.43 22.9408 -2003.12 -10.0157
5.21 -22.682 2002.52 9806.7 22.682 -2002.52 -8.0709
5.215 -22.4218 2002.03 9692.73 22.4218 -2002.03 -6.50659
5.22 -22.1604 2001.64 9578.54 22.1604 -2001.64 -5.24232
5.225 -21.8981 2001.32 9464.19 21.8981 -2001.32 -4.22391
5.23 -21.6819 1998.92 9363.28 21.6819 -1998.92 3.2784
5.235 -21.4671 1997.64 9266.52 21.4671 -1997.64 7.25285
5.24 -21.2499 1997.73 9172.85 21.2499 -1997.73 7.10926
5.245 -21.0411 1997.72 9082.55 21.0411 -1997.72 7.21723
5.25 -20.842 1997.62 8996.25 20.842 -1997.62 7.50942
5.255 -20.6547 1997.46 8914.8 20.6547 -1997.46 8.01288
5.26 -20.482 1997.19 8839.41 20.482 -1997.19 8.79919
5.265 -20.3284 1996.79 8771.91 20.3284 -1996.79 9.95956
5.27 -20.2009 1996.18 8715.11 20.2009 -1996.18 11.6959
5.275 -20.1168 1994.71 8675.63 20.1168 -1994.71 14.8344
5.28 -20.0603 1994.58 8653.42 20.0603 -1994.58 12.6384
5.285 -19.5807 2007.98 8493.9 19.5807 -2007.98 -35.0316
5.29 -19.296 2005.83 8364.39 19.296 -2005.83 -28.5315
5.295 -19.0076 2004.52 8233.46 19.0076 -2004.52 -22.1641
5.3 -18.7147 2003.78 8101.48 18.7147 -2003.78 -16.723
5.305 -18.4181 2003.06 7970.08 18.4181 -2003.06 -13.4555
5.31 -18.1214 2002.49 7839.25 18.1214 -2002.49 -10.8245
5.315 -17.8253 2002.01 7709.22 17.8253 -2002.01 -8.69816
5.32 -17.5304 2001.63 7580.11 17.5304 -2001.63 -6.95912
5.325 -17.2372 2001.36 7451.76 17.2372 -2001.36 -5.29825
5.33 -16.9456 2001.11 7324.75 16.9456 -2001.11 -4.26458
5.335 -16.6568 2000.91 7199.18 16.6568 -2000.91 -3.43157
5.34 -16.3714 2000.75 7075.2 16.3714 -2000.75 -2.76016
5.345 -16.0897 2000.61 6952.97 16.0897 -2000.61 -2.22073
5.35 -15.8747 1997.94 6851.21 15.8747 -1997.94 6.65535
5.355 -15.6589 1996.71 6753.81 15.6589 -1996.71 10.8408
5.36 -15.4415 1996.92 6660.64 15.4415 -1996.92 10.0733
5.365 -15.2224 1997.6 6568.34 15.2224 -1997.6 7.72115
5.37 -14.9268 2000.14 6449.73 14.9268 -2000.14 -1.36301
5.375 -14.6732 1999.99 6339.47 14.6732 -1999.99 -0.646639
5.38 -14.4268 1999.88 6232.49 14.4268 -1999.88 -0.100637
5.385 -14.1881 1999.79 6128.93 14.1881 -1999.79 0.338828
5.39 -13.9573 1999.72 6028.88 13.9573 -1999.72 0.690367
5.395 -13.7324 1999.82 5931.71 13.7324 -1999.82 0.686069
5.4 -13.5161 1999.83 5838.19 13.5161 -1999.83 0.790616
5.405 -13.3086 1999.76 5748.3 13.3086 -1999.76 1.01203
5.41 -13.1088 1999.7 5661.83 13.1088 -1999.7 1.1849
5.415 -12.9168 1999.64 5578.72 12.9168 -1999.64 1.32099
5.42 -12.7322 1999.6 5498.9 12.7322 -1999.6 1.42796
5.425 -12.4379 2003.58 5387.03 12.4379 -2003.58 -13.8662
5.43 -12.1856 2005.02 5283.77 12.1856 -2005.02 -19.5893
5.435 -11.9839 2003.96 5192.71 11.9839 -2003.96 -15.6664
5.44 -11.7858 2003.19 5104.05 11.7858 -2003.19 -12.5872
5.445 -11.5928 2002.57 5018.22 11.5928 -2002.57 -10.1104
5.45 -11.4053 2002.08 4935.2 11.4053 -2002.08 -8.12026
5.455 -11.2232 2001.67 4854.94 11.2232 -2001.67 -6.52285
5.46 -11.0464 2001.35 4777.3 11.0464 -2001.35 -5.23856
5.465 -10.8781 2000.97 4703.12 10.8781 -2000.97 -3.78372
5.47 -10.7156 2000.66 4631.74 10.7156 -2000.66 -2.61609
5.475 -10.5557 2000.53 4562.13 10.5557 -2000.53 -2.07764
5.48 -10.4003 2000.42 4494.58 10.4003 -2000.42 -1.64656
5.485 -10.2492 2000.33 4428.94 10.2492 -2000.33 -1.29991
5.49 -10.1019 2000.26 4365.06 10.1019 -2000.26 -1.02103
5.495 -9.95828 2000.2 4302.78 9.95828 -2000.2 -0.797616
5.5 -9.81789 2000.16 4241.95 9.81789 -2000.16 -0.618712
5.505 -9.68044 2000.12 4182.43 9.68044 -2000.12 -0.475514
5.51 -9.54563 2000.09 4124.07 9.54563 -2000.09 -0.360948
5.515 -9.41323 2000.07 4066.79 9.41323 -2000.07 -0.269738
5.52 -9.28306 2000.05 4010.48 9.28306 -2000.05 -0.196823
5.525 -9.155 2000.03 3955.1 9.155 -2000.03 -0.138239
5.53 -9.02893 2000.02 3900.59 9.02893 -2000.02 -0.0915373
5.535 -8.90472 2000.01 3846.89 8.90472 -2000.01 -0.054363
5.54 -8.78218 2000 3793.93 8.78218 -2000 -0.0248054
5.545 -8.66107 2000 3741.58 8.66107 -2000 -0.00130749
5.55 -8.54109 1999.99 3689.73 8.54109 -1999.99 0.0173988
5.555 -8.42195 1999.99 3638.25 8.42195 -1999.99 0.0323382
5.56 -8.3034 1999.98 3587.03 8.3034 -1999.98 0.0443261
5.565 -8.18528 1999.98 3535.99 8.18528 -1999.98 0.0540016
5.57 -8.06747 1999.98 3485.08 8.06747 -1999.98 0.0618616
5.575 -7.94986 1999.98 3434.27 7.94986 -1999.98 0.0682946
5.58 -7.8324 1999.98 3383.52 7.8324 -1999.98 0.0736066
5.585 -7.71654 1999.91 3333.27 7.71654 -1999.91 0.280068
5.59 -7.60029 1999.88 3282.96 7.60029 -1999.88 0.365081
5.595 -7.48336 1999.9 3232.51 7.48336 -1999.9 0.304149
5.6 -7.36653 1999.92 3182.08 7.36653 -1999.92 0.255109
5.605 -7.24986 1999.93 3131.73 7.24986 -1999.93 0.21561
5.61 -7.13351 1999.94 3081.49 7.13351 -1999.94 0.183754
5.615 -7.01767 1999.95 3031.48 7.01767 -1999.95 0.158134
5.62 -6.90257 1999.96 2981.77 6.90257 -1999.96 0.137425
5.625 -6.78843 1999.96 2932.48 6.78843 -1999.96 0.120635
5.63 -6.67545 1999.97 2883.69 6.67545 -1999.97 0.106965
5.635 -6.56383 1999.97 2835.48 6.56383 -1999.97 0.0957787
5.64 -6.45374 1999.97 2787.93 6.45374 -1999.97 0.0865625
5.645 -6.34535 1999.98 2741.11 6.34535 -1999.98 0.0789056
5.65 -6.23886 1999.98 2695.11 6.23886 -1999.98 0.0724765
5.655 -6.13443 1999.98 2650.01 6.13443 -1999.98 0.0670095
5.66 -6.03226 1999.98 2605.87 6.03226 -1999.98 0.0622915
5.665 -5.93371 1999.94 2563.15 5.93371 -1999.94 0.21686
5.67 -5.85295 1999.59 2526.84 5.85295 -1999.59 1.6323
5.675 -5.7693 1999.64 2490.92 5.7693 -1999.64 1.41392
5.68 -5.68899 1999.69 2456.41 5.68899 -1999.69 1.23527
5.685 -5.61222 1999.72 2423.39 5.61222 -1999.72 1.09078
5.69 -5.53924 1999.75 2391.98 5.53924 -1999.75 0.969081
5.695 -5.47025 1999.78 2362.28 5.47025 -1999.78 0.864997
5.7 -5.40548 1999.8 2334.39 5.40548 -1999.8 0.774345
5.705 -5.34516 1999.82 2308.41 5.34516 -1999.82 0.693913
5.71 -5.28952 1999.84 2284.45 5.28952 -1999.84 0.621201
5.715 -5.23901 1999.84 2262.67 5.23901 -1999.84 0.58072
5.72 -5.19407 1999.83 2243.26 5.19407 -1999.83 0.573601
5.725 -5.15419 1999.85 2226.11 5.15419 -1999.85 0.503408
5.73 -5.11987 1999.87 2211.35 5.11987 -1999.87 0.437932
5.735 -5.09127 1999.89 2199.05 5.09127 -1999.89 0.376528
5.74 -5.06844 1999.91 2189.25 5.06844 -1999.91 0.319389
5.745 -5.05134 1999.92 2181.91 5.05134 -1999.92 0.267031
5.75 -5.03983 1999.94 2176.98 5.03983 -1999.94 0.220095
5.755 -5.03364 1999.95 2174.35 5.03364 -1999.95 0.179172
5.76 -5.03242 1999.96 2173.86 5.03242 -1999.96 0.144661
5.765 -5.05286 1999.92 2180.45 5.05286 -1999.92 2.39193
5.77 -5.0873 1999.9 2193.96 5.0873 -1999.9 3.75003
5.775 -5.12941 1999.92 2212.93 5.12941 -1999.92 2.97032
5.78 -5.18267 1999.93 2236.58 5.18267 -1999.93 2.33371
5.785 -5.24435 1999.94 2263.77 5.24435 -1999.94 1.78272
5.79 -5.31199 1999.95 2293.48 5.31199 -1999.95 1.29921
5.795 -5.3831 1999.95 2324.63 5.3831 -1999.95 0.874544
5.8 -5.45496 1999.96 2356.04 5.45496 -1999.96 0.508345
5.805 -5.52475 1999.96 2386.48 5.52475 -1999.96 0.20579
5.81 -5.58985 1999.96 2414.84 5.58985 -1999.96 -0.0272382
5.815 -5.64811 1999.97 2440.17 5.64811 -1999.97 -0.188709
5.82 -5.69776 1999.97 2461.71 5.69776 -1999.97 -0.282418
5.825 -5.73729 1999.97 2478.83 5.73729 -1999.97 -0.317498
5.83 -5.76525 1999.98 2490.9 5.76525 -1999.98 -0.307093
5.835 -5.78018 1999.98 2497.3 5.78018 -1999.98 -0.267596
5.84 -5.78062 1999.98 2497.45 5.78062 -1999.98 -0.218476
5.845 -5.76198 1999.97 2489.79 5.76198 -1999.97 -0.615545
5.85 -5.7252 1999.97 2474.04 5.7252 -1999.97 -0.751205
5.855 -5.6717 1999.99 2450.45 5.6717 -1999.99 -0.277118
5.86 -5.60312 2000.01 2419.99 5.60312 -2000.01 0.554565
5.865 -5.5234 2000.04 2384.27 5.5234 -2000.04 1.84354
5.87 -5.43675 2000.08 2345.14 5.43675 -2000.08 3.53076
5.875 -5.34646 2000.12 2304.29 5.34646 -2000.12 5.38506
5.88 -5.25437 2000.16 2262.8 5.25437 -2000.16 7.08615
5.885 -5.17281 1999.78 2224.74 5.17281 -1999.78 9.91729
5.89 -5.09743 1999.36 2190.02 5.09743 -1999.36 12.0733
5.895 -5.0157 1999.42 2154.9 5.0157 -1999.42 11.8845
5.9 -4.9322 1999.5 2119.48 4.9322 -1999.5 11.231
5.905 -4.84658 1999.57 2083.36 4.84658 -1999.57 10.3571
5.91 -4.75834 1999.62 2046.2 4.75834 -1999.62 9.40078
5.915 -4.66726 1999.64 2007.8 4.66726 -1999.64 8.45878
5.92 -4.57563 1999.49 1968.79 4.57563 -1999.49 7.88416
5.925 -4.39086 2002.1 1901.56 4.39086 -2002.1 -4.70635
5.93 -4.2054 2003.6 1828.92 4.2054 -2003.6 -12.1857
5.935 -4.05878 2002.71 1762.76 4.05878 -2002.71 -9.37055
5.94 -3.90114 2002.15 1692.58 3.90114 -2002.15 -7.28426
5.945 -3.73526 2001.73 1619.35 3.73526 -2001.73 -5.71682
5.95 -3.56294 2001.4 1543.68 3.56294 -2001.4 -4.48953
5.955 -3.38532 2001.12 1465.98 3.38532 -2001.12 -3.524
5.96 -3.20357 2000.9 1386.71 3.20357 -2000.9 -2.76368
5.965 -3.01889 2000.72 1306.33 3.01889 -2000.72 -2.16649
5.97 -2.83252 2000.57 1225.34 2.83252 -2000.57 -1.69386
5.975 -2.64564 2000.46 1144.24 2.64564 -2000.46 -1.31928
5.98 -2.4594 2000.36 1063.48 2.4594 -2000.36 -1.02298
5.985 -2.27487 2000.28 983.533 2.27487 -2000.28 -0.789199
5.99 -2.09314 2000.22 904.839 2.09314 -2000.22 -0.603963
5.995 -1.91522 2000.17 827.831 1.91522 -2000.17 -0.457114
6 -1.74205 2000.13 752.908 1.74205 -2000.13 -0.341088
6.005 -1.57441 2000.1 680.395 1.57441 -2000.1 -0.249885
6.01 -1.41284 2000.07 610.527 1.41284 -2000.07 -0.178727
6.015 -1.25773 2000.05 543.464 1.25773 -2000.05 -0.123347
6.02 -1.10931 2000.04 479.303 1.10931 -2000.04 -0.0805491
6.025 -0.967788 2000.02 418.132 0.967788 -2000.02 -0.0477785
6.03 -0.833417 2000.02 360.059 0.833417 -2000.02 -0.0230432
6.035 -0.706525 2000.01 305.223 0.706525 -2000.01 -0.00477267
6.04 -0.587465 2000 253.776 0.587465 -2000 0.00843041
6.045 -0.476589 2000 205.869 0.476589 -2000 0.0176067
6.05 -0.374234 2000 161.646 0.374234 -2000 0.0235121
6.055 -0.280732 1999.99 121.25 0.280732 -1999.99 0.0268338
6.06 -0.196403 1999.99 84.818 0.196403 -1999.99 0.0281396
6.065 -0.12154 1999.99 52.4773 0.12154 -1999.99 0.0279041
6.07 -0.0566685 1999.98 24.4168 0.0566685 -1999.98 0.0639637
6.075 -0.00158291 1999.98 0.608848 0.00158291 -1999.98 0.0749705
6.08 0.0436197 1999.98 -18.9059 -0.0436197 -1999.98 0.0621394
6.085 0.0788104 1999.99 -34.0972 -0.0788104 -1999.99 0.0511711
6.09 0.104093 1999.99 -45.0101 -0.104093 -1999.99 0.0418439
6.095 0.119632 1999.99 -51.7151 -0.119632 -1999.99 0.0339854
6.1 0.125598 1999.99 -54.2859 -0.125598 -1999.99 0.027452
6.105 0.110884 2000.02 -49.4172 -0.110884 -2000.02 1.51529
6.11 0.0673764 2000.04 -32.0424 -0.0673764 -2000.04 2.93576
6.115 0.000953326 2000.03 -2.68256 -0.000953326 -2000.03 2.27073
6.12 -0.0928713 2000.02 38.459 0.0928713 -2000.02 1.66139
6.125 -0.212263 2000 90.7108 0.212263 -2000 0.9868
6.13 -0.355001 1999.98 153.178 0.355001 -1999.98 0.18271
6.135 -0.518392 1999.96 224.738 0.518392 -1999.96 -0.792599
6.14 -0.699359 1999.92 304.074 0.699359 -1999.92 -1.95043
6.145 -0.894676 1999.88 389.768 0.894676 -1999.88 -3.26845
6.15 -1.10133 1999.84 480.47 1.10133 -1999.84 -4.69569
6.155 -1.31683 1999.8 575.034 1.31683 -1999.8 -6.16467
6.16 -1.5393 1999.76 672.58 1.5393 -1999.76 -7.60427
6.165 -1.76745 1999.72 772.488 1.76745 -1999.72 -8.94897
6.17 -2.00049 1999.69 874.354 2.00049 -1999.69 -10.1439
6.175 -2.23788 1999.67 977.91 2.23788 -1999.67 -11.1455
6.18 -2.47923 1999.65 1082.95 2.47923 -1999.65 -11.9212
6.185 -2.72415 1999.64 1189.28 2.72415 -1999.64 -12.4495
6.19 -2.97224 1999.64 1296.73 2.97224 -1999.64 -12.7223
6.195 -3.22317 1999.65 1405.16 3.22317 -1999.65 -12.7474
6.2 -3.47681 1999.66 1514.53 3.47681 -1999.66 -12.5485
6.205 -3.73316 1999.67 1624.89 3.73316 -1999.67 -12.1618
6.21 -3.99239 1999.69 1736.34 3.99239 -1999.69 -11.6291
6.215 -4.25503 1999.65 1849.13 4.25503 -1999.65 -10.9538
6.22 -4.5205 1999.62 1963.08 4.5205 -1999.62 -10.2229
6.225 -4.78883 1999.66 2078.27 4.78883 -1999.66 -9.49797
6.23 -5.06124 1999.7 2195.22 5.06124 -1999.7 -8.76229
6.235 -5.33814 1999.74 2314.11 5.33814 -1999.74 -8.03684
6.24 -5.6199 1999.76 2435.14 5.6199 -1999.76 -7.34186
6.245 -5.90572 1999.65 2558.04 5.90572 -1999.65 -6.77337
6.25 -6.19501 1999.61 2682.46 6.19501 -1999.61 -6.21239
6.255 -6.48914 1999.67 2808.91 6.48914 -1999.67 -5.60357
6.26 -6.78946 1999.72 2938.09 6.78946 -1999.72 -5.04634
6.265 -7.09646 1999.76 3070.21 7.09646 -1999.76 -4.53964
6.27 -7.41062 1999.8 3205.47 7.41062 -1999.8 -4.08146
6.275 -7.73234 1999.84 3344.03 7.73234 -1999.84 -3.6632
6.28 -8.06208 1999.88 3486.1 8.06208 -1999.88 -3.2841
6.285 -8.37418 2000.59 3623.98 8.37418 -2000.59 -6.33185
6.29 -8.65183 2001.72 3749.19 8.65183 -2001.72 -11.5969
6.295 -8.96608 2001.33 3882.87 8.96608 -2001.33 -9.52149
6.3 -9.28506 2001.07 4019.07 9.28506 -2001.07 -7.92699
6.305 -9.61013 2000.87 4158.2 9.61013 -2000.87 -6.61811
6.31 -9.94176 2000.7 4300.38 9.94176 -2000.7 -5.54206
6.315 -10.2804 2000.57 4445.78 10.2804 -2000.57 -4.65636
6.32 -10.6253 2000.38 4594.11 10.6253 -2000.38 -3.9735
6.325 -10.9773 2000.31 4745.56 10.9773 -2000.31 -3.35941
6.33 -11.3373 2000.25 4900.55 11.3373 -2000.25 -2.85108
6.335 -11.7053 2000.2 5059.11 11.7053 -2000.2 -2.42925
6.34 -12.0813 2000.17 5221.21 12.0813 -2000.17 -2.07818
6.345 -12.4653 2000.14 5386.81 12.4653 -2000.14 -1.78506
6.35 -12.8572 2000.11 5555.84 12.8572 -2000.11 -1.53948
6.355 -13.2567 2000.09 5728.21 13.2567 -2000.09 -1.33296
6.36 -13.6631 2000.04 5903.69 13.6631 -2000.04 -1.21652
6.365 -14.0745 1999.94 6081.38 14.0745 -1999.94 -1.20774
6.37 -14.4919 1999.95 6261.53 14.4919 -1999.95 -1.04327
6.375 -14.9155 1999.96 6444.4 14.9155 -1999.96 -0.904579
6.38 -15.3453 1999.97 6629.94 15.3453 -1999.97 -0.787223
6.385 -15.7813 1999.98 6818.19 15.7813 -1999.98 -0.687624
6.39 -16.2236 1999.98 7009.18 16.2236 -1999.98 -0.602837
6.395 -16.6712 1999.99 7202.36 16.6712 -1999.99 -0.400234
6.4 -17.1237 2000.02 7397.49 17.1237 -2000.02 -0.0729349
6.405 -17.5811 2000.02 7595.11 17.5811 -2000.02 -0.0959316
6.41 -18.0435 2000.02 7794.92 18.0435 -2000.02 -0.111175
6.415 -18.4998 2000.46 7992.89 18.4998 -2000.46 -0.986979
6.42 -18.8777 2002.39 8163.83 18.8777 -2002.39 -8.65392
6.425 -19.2962 2001.74 8342.82 19.2962 -2001.74 -6.86209
6.43 -19.7153 2001.38 8522.61 19.7153 -2001.38 -5.62174
6.435 -20.1381 2001.38 8702.04 20.1381 -2001.38 -2.38612
6.44 -20.5609 2001.29 8882.79 20.5609 -2001.29 -0.506234
6.445 -20.9836 2001.04 9065.33 20.9836 -2001.04 -0.428887
6.45 -21.4091 2000.84 9249.11 21.4091 -2000.84 -0.364349
6.455 -21.7966 2002.03 9422.14 21.7966 -2002.03 -6.0206
6.46 -22.1803 2002.73 9591.42 22.1803 -2002.73 -9.5143
6.465 -22.5842 2002.19 9764.04 22.5842 -2002.19 -7.66318
6.47 -22.9863 2001.65 9936.54 22.9863 -2001.65 -6.47647
6.475 -23.3871 2001.23 10108.7 23.3871 -2001.23 -5.497
6.48 -23.7883 2000.99 10281 23.7883 -2000.99 -4.4396
6.485 -24.1893 2000.8 10453.4 24.1893 -2000.8 -3.58632
6.49 -24.5899 2000.64 10625.8 24.5899 -2000.64 -2.89761
6.495 -24.9913 2000.72 10796.8 24.9913 -2000.72 -0.517933
6.5 -25.3891 2000.75 10967 25.3891 -2000.75 1.04026
6.505 -25.7823 2000.6 11137.1 25.7823 -2000.6 0.835865
6.51 -26.1399 2001.43 11296.8 26.1399 -2001.43 -4.40245
6.515 -26.4243 2003.31 11428.7 26.4243 -2003.31 -13.4204
6.52 -26.7378 2002.61 11561.5 26.7378 -2002.61 -10.7536
6.525 -27.0481 2002.1 11693.4 27.0481 -2002.1 -8.66775
6.53 -27.3556 2001.69 11824.6 27.3556 -2001.69 -6.98677
6.535 -27.6603 2001.36 11954.9 27.6603 -2001.36 -5.63169
6.54 -27.9622 2001.1 12084.2 27.9622 -2001.1 -4.53929
6.545 -28.2613 2000.89 12212.6 28.2613 -2000.89 -3.65857
6.55 -28.5523 2000.44 12338.3 28.5523 -2000.44 -3.71347
6.555 -28.8393 2000.13 12462.2 28.8393 -2000.13 -3.63293
6.56 -29.1233 2000.04 12584.4 29.1233 -2000.04 -3.13945
6.565 -29.4049 2000.03 12705.4 29.4049 -2000.03 -2.52897
6.57 -29.6835 2000.02 12825.3 29.6835 -2000.02 -2.03633
6.575 -29.9599 2000.06 12943.7 29.9599 -2000.06 -1.0403
6.58 -30.2328 2000.13 13060.3 30.2328 -2000.13 0.220782
6.585 -30.4923 1999.81 13173.5 30.4923 -1999.81 -0.836292
6.59 -30.7472 1999.63 13284.2 30.7472 -1999.63 -1.41223
6.595 -30.9809 2000.6 13388 30.9809 -2000.6 -4.21406
6.6 -31.1714 2001.97 13474.9 31.1714 -2001.97 -8.84585
6.605 -31.3707 2001.43 13559.2 31.3707 -2001.43 -7.05373
6.61 -31.5665 2001.15 13642.4 31.5665 -2001.15 -5.68359
6.615 -31.7586 2000.93 13724.3 31.7586 -2000.93 -4.5797
6.62 -31.947 2000.76 13804.8 31.947 -2000.76 -3.69033
6.625 -32.1316 2000.62 13883.8 32.1316 -2000.62 -2.97375
6.63 -32.3122 2000.5 13961.3 32.3122 -2000.5 -2.39635
6.635 -32.4887 2000.41 14037.1 32.4887 -2000.41 -1.93106
6.64 -32.66 2000.29 14110.8 32.66 -2000.29 -1.68689
6.645 -32.8221 2000.06 14180.7 32.8221 -2000.06 -1.52994
6.65 -32.9815 2000.06 14248.8 32.9815 -2000.06 -0.807246
6.655 -33.1351 2000.05 14315 33.1351 -2000.05 -0.650025
6.66 -33.284 2000.04 14379.2 33.284 -2000.04 -0.523319
6.665 -33.4282 2000.04 14441.4 33.4282 -2000.04 -0.421209
6.67 -33.5674 2000.03 14501.5 33.5674 -2000.03 -0.338924
6.675 -33.6953 2000.36 14557.7 33.6953 -2000.36 -1.29442
6.68 -33.8134 2000.63 14609.5 33.8134 -2000.63 -2.09642
6.685 -33.9259 2000.45 14657.9 33.9259 -2000.45 -1.90489
6.69 -34.0343 2000.36 14704.3 34.0343 -2000.36 -1.53628
6.695 -34.1374 2000.3 14748.6 34.1374 -2000.3 -1.23904
6.7 -34.2353 2000.24 14790.7 34.2353 -2000.24 -0.999383
6.705 -34.3278 2000.2 14830.4 34.3278 -2000.2 -0.806128
6.71 -34.4149 2000.16 14867.9 34.4149 -2000.16 -0.650278
6.715 -34.4935 2000.03 14902.1 34.4935 -2000.03 -0.915755
6.72 -34.5645 1999.9 14933 34.5645 -1999.9 -1.18125
6.725 -34.6313 1999.92 14961.7 34.6313 -1999.92 -0.95164
6.73 -34.6923 1999.94 14987.9 34.6923 -1999.94 -0.766631
6.735 -34.7474 1999.95 15011.5 34.7474 -1999.95 -0.617586
6.74 -34.7935 2000.13 15031.8 34.7935 -2000.13 -0.965947
6.745 -34.8261 2000.41 15046.5 34.8261 -2000.41 -1.66653
6.75 -34.8539 2000.3 15058.3 34.8539 -2000.3 -1.35906
6.755 -34.8772 2000.24 15068 34.8772 -2000.24 -1.10122
6.76 -34.8957 2000.2 15075.9 34.8957 -2000.2 -0.888254
6.765 -34.9097 2000.16 15081.7 34.9097 -2000.16 -0.716222
6.77 -34.9191 2000.13 15085.6 34.9191 -2000.13 -0.577311
6.775 -34.9243 2000.1 15087.8 34.9243 -2000.1 -0.465328
6.78 -34.9255 2000.08 15088.2 34.9255 -2000.08 -0.375931
6.785 -34.8877 2000.11 15077 34.8877 -2000.11 -5.50955
6.79 -34.8243 2000.14 15052.8 34.8243 -2000.14 -8.72011
6.795 -34.7474 2000.11 15017.7 34.7474 -2000.11 -6.82323
6.8 -34.6482 2000.08 14973.1 34.6482 -2000.08 -5.04387
6.805 -34.5318 2000.06 14921 34.5318 -2000.06 -3.27355
6.81 -34.403 2000.03 14863.6 34.403 -2000.03 -1.4632
6.815 -34.2658 2000.01 14802.5 34.2658 -2000.01 0.388715
6.82 -34.1239 1999.98 14739.3 34.1239 -1999.98 2.25067
6.825 -33.9798 1999.95 14675.2 33.9798 -1999.95 4.07437
6.83 -33.8359 1999.92 14611.3 33.8359 -1999.92 5.80589
6.835 -33.694 1999.9 14548.4 33.694 -1999.9 7.39098
6.84 -33.5554 1999.87 14487.1 33.5554 -1999.87 8.77906
6.845 -33.4159 2000.11 14426.6 33.4159 -2000.11 9.09258
6.85 -33.2783 2000.28 14366.9 33.2783 -2000.28 9.34096
6.855 -33.1467 2000.22 14309.2 33.1467 -2000.22 10.1212
6.86 -33.0201 2000.17 14254.1 33.0201 -2000.17 10.5991
6.865 -32.8985 2000.13 14201.4 32.8985 -2000.13 10.8076
6.87 -32.7819 2000.1 14150.9 32.7819 -2000.1 10.8787
6.875 -32.6699 2000.09 14102.4 32.6699 -2000.09 10.9611
6.88 -32.5609 2000.07 14055.8 32.5609 -2000.07 10.5429
6.885 -32.4552 2000.05 14010.6 32.4552 -2000.05 10.0482
6.89 -32.3522 2000.04 13966.6 32.3522 -2000.04 9.50697
6.895 -32.2515 2000.04 13923.7 32.2515 -2000.04 8.94359
6.9 -32.1525 2000.03 13881.5 32.1525 -2000.03 8.37617
6.905 -32.0548 2000.03 13839.8 32.0548 -2000.03 7.81734
6.91 -31.958 2000.02 13798.6 31.958 -2000.02 7.27493
6.915 -31.8618 2000.02 13757.5 31.8618 -2000.02 6.75404
6.92 -31.7659 2000.02 13716.6 31.7659 -2000.02 6.2593
6.925 -31.6701 2000.01 13675.7 31.6701 -2000.01 5.79106
6.93 -31.5742 2000.01 13634.7 31.5742 -2000.01 5.35127
6.935 -31.4778 2000 13593.5 31.4778 -2000 4.94056
6.94 -31.3807 2000 13551.9 31.3807 -2000 4.55851
6.945 -31.2748 2000.36 13507.7 31.2748 -2000.36 3.0142
6.95 -31.1667 2000.52 13461.9 31.1667 -2000.52 2.15113
6.955 -31.0581 2000.42 13414.9 31.0581 -2000.42 2.18331
6.96 -30.9474 2000.34 13367.1 30.9474 -2000.34 2.17722
6.965 -30.8346 2000.27 13318.4 30.8346 -2000.27 2.13955
6.97 -30.7198 2000.22 13268.9 30.7198 -2000.22 2.07785
6.975 -30.6031 2000.17 13218.5 30.6031 -2000.17 1.99802
6.98 -30.4846 2000.14 13167.4 30.4846 -2000.14 1.90495
6.985 -30.3644 2000.11 13115.6 30.3644 -2000.11 1.80277
6.99 -30.2428 2000.08 13063.2 30.2428 -2000.08 1.6949
6.995 -30.12 2000.07 13010.2 30.12 -2000.07 1.58418
7 -29.996 2000.05 12956.8 29.996 -2000.05 1.47292
7.005 -29.8713 2000.04 12903 29.8713 -2000.04 1.36301
7.01 -29.7458 2000.03 12849 29.7458 -2000.03 1.25598
7.015 -29.6218 2000.07 12794.5 29.6218 -2000.07 2.1127
7.02 -29.496 2000.08 12739.9 29.496 -2000.08 2.34529
7.025 -29.3687 2000.06 12685.3 29.3687 -2000.06 2.00571
7.03 -29.2419 2000.04 12630.8 29.2419 -2000.04 1.72461
7.035 -29.1157 2000.03 12576.5 29.1157 -2000.03 1.47702
7.04 -28.9901 2000.02 12522.5 28.9901 -2000.02 1.26787
7.045 -28.8656 2000.02 12468.8 28.8656 -2000.02 1.09073
7.05 -28.7421 2000.02 12415.7 28.7421 -2000.02 0.940277
7.055 -28.6201 2000.02 12363.1 28.6201 -2000.02 0.812132
7.06 -28.4526 2002.04 12297.6 28.4526 -2002.04 -6.06437
7.065 -28.2911 2002.83 12230.7 28.2911 -2002.83 -8.91832
7.07 -28.1442 2002.24 12165.4 28.1442 -2002.24 -7.15132
7.075 -27.9992 2001.81 12101.4 27.9992 -2001.81 -5.72508
7.08 -27.8565 2001.46 12038.6 27.8565 -2001.46 -4.58083
7.085 -27.7164 2001.18 11977.1 27.7164 -2001.18 -3.66302
7.09 -27.5789 2000.95 11917 27.5789 -2000.95 -2.92709
7.095 -27.4441 2000.77 11858.2 27.4441 -2000.77 -2.33719
7.1 -27.3122 2000.62 11800.7 27.3122 -2000.62 -1.86444
7.105 -27.1832 2000.5 11744.6 27.1832 -2000.5 -1.48579
7.11 -27.057 2000.4 11689.8 27.057 -2000.4 -1.18278
7.115 -26.9336 2000.33 11636.3 26.9336 -2000.33 -0.940345
7.12 -26.813 2000.26 11584 26.813 -2000.26 -0.746482
7.125 -26.6952 2000.21 11532.9 26.6952 -2000.21 -0.591568
7.13 -26.5801 2000.17 11483.1 26.5801 -2000.17 -0.467875
7.135 -26.4678 2000.14 11434.4 26.4678 -2000.14 -0.369206
7.14 -26.3583 2000.1 11387.1 26.3583 -2000.1 -0.271724
7.145 -26.2517 2000.06 11340.9 26.2517 -2000.06 -0.196678
7.15 -26.1477 2000.05 11296 26.1477 -2000.05 -0.147276
7.155 -26.0463 2000.04 11252.1 26.0463 -2000.04 -0.11385
7.16 -25.9472 2000.03 11209.3 25.9472 -2000.03 -0.0874318
7.165 -25.8504 2000.02 11167.4 25.8504 -2000.02 -0.0665907
7.17 -25.7555 2000.02 11126.4 25.7555 -2000.02 -0.0501826
7.175 -25.6623 2000.02 11086.2 25.6623 -2000.02 -0.0372929
7.18 -25.5706 2000.01 11046.5 25.5706 -2000.01 -0.0271925
7.185 -25.4802 2000.01 11007.5 25.4802 -2000.01 -0.0193008
7.19 -25.3907 2000.01 10968.8 25.3907 -2000.01 -0.0131553
7.195 -25.302 2000.01 10930.5 25.302 -2000.01 -0.00838743
7.2 -25.2137 2000.01 10892.3 25.2137 -2000.01 -0.00470396
7.205 -25.1255 2000.01 10854.2 25.1255 -2000.01 -0.00187233
7.21 -25.0373 2000 10816.1 25.0373 -2000 0.000291106
7.215 -24.9486 2000 10777.8 24.9486 -2000 0.00193032
7.22 -24.8595 2000 10739.3 24.8595 -2000 0.00315753
7.225 -24.7696 2000 10700.5 24.7696 -2000 0.00406002
7.23 -24.6789 2000 10661.3 24.6789 -2000 0.00470531
7.235 -24.588 1999.96 10621.9 24.588 -1999.96 0.0821571
7.24 -24.4973 1999.93 10582.3 24.4973 -1999.93 0.535574
7.245 -24.405 1999.97 10542.1 24.405 -1999.97 0.829936
7.25 -24.3107 1999.97 10501.5 24.3107 -1999.97 0.670122
7.255 -24.2153 1999.98 10460.5 24.2153 -1999.98 0.541324
7.26 -24.1187 1999.98 10418.8 24.1187 -1999.98 0.437508
7.265 -24.0205 1999.99 10376.5 24.0205 -1999.99 0.353822
7.27 -23.9205 1999.99 10333.4 23.9205 -1999.99 0.286357
7.275 -23.8183 1999.99 10289.3 23.8183 -1999.99 0.231963
7.28 -23.669 2001.63 10231 23.669 -2001.63 -5.98835
7.285 -23.5214 2002.36 10170 23.5214 -2002.36 -8.80927
7.29 -23.3862 2001.89 10109.9 23.3862 -2001.89 -7.08841
7.295 -23.2465 2001.53 10048.2 23.2465 -2001.53 -5.70431
7.3 -23.1023 2001.24 9984.78 23.1023 -2001.24 -4.58948
7.305 -22.9537 2001 9919.69 22.9537 -2001 -3.69156
7.31 -22.8008 2000.81 9852.9 22.8008 -2000.81 -2.96838
7.315 -22.6435 2000.66 9784.39 22.6435 -2000.66 -2.38598
7.32 -22.482 2000.53 9714.12 22.482 -2000.53 -1.917
7.325 -22.316 2000.43 9642.07 22.316 -2000.43 -1.53939
7.33 -22.1457 2000.35 9568.19 22.1457 -2000.35 -1.23542
7.335 -21.971 2000.29 9492.45 21.971 -2000.29 -0.990789
7.34 -21.7917 2000.24 9414.82 21.7917 -2000.24 -0.793981
7.345 -21.608 2000.2 9335.3 21.608 -2000.2 -0.635726
7.35 -21.4198 2000.16 9253.87 21.4198 -2000.16 -0.508556
7.355 -21.227 2000.14 9170.49 21.227 -2000.14 -0.406452
7.36 -21.0296 2000.11 9085.13 21.0296 -2000.11 -0.324569
7.365 -20.8275 2000.1 8997.73 20.8275 -2000.1 -0.259001
7.37 -20.6204 2000.08 8908.22 20.6204 -2000.08 -0.206603
7.375 -20.4082 2000.07 8816.51 20.4082 -2000.07 -0.164842
7.38 -20.1918 1999.97 8722.83 20.1918 -1999.97 0.0317228
7.385 -19.9707 1999.86 8627.1 19.9707 -1999.86 0.254707
7.39 -19.7426 1999.89 8528.6 19.7426 -1999.89 0.204361
7.395 -19.5101 1999.98 8427 19.5101 -1999.98 1.35156
7.4 -19.2634 2000.25 8320.6 19.2634 -2000.25 1.17189
7.405 -18.9783 2001.06 8200.95 18.9783 -2001.06 -2.33941
7.41 -18.7013 2000.83 8080.82 18.7013 -2000.83 -1.86898
7.415 -18.4168 2000.68 7957.54 18.4168 -2000.68 -1.50347
7.42 -18.1251 2000.55 7831.26 18.1251 -2000.55 -1.21018
7.425 -17.8268 2000.49 7701.76 17.8268 -2000.49 -0.575598
7.43 -17.5213 2000.43 7569.38 17.5213 -2000.43 -0.172261
7.435 -17.2087 2000.35 7434.3 17.2087 -2000.35 -0.140691
7.44 -16.8898 2000.29 7296.52 16.8898 -2000.29 -0.116439
7.445 -16.5663 2000.16 7156.55 16.5663 -2000.16 0.0838089
7.45 -16.2323 2000.2 7013.04 16.2323 -2000.2 -0.665531
7.455 -15.7939 2002.85 6833.44 15.7939 -2002.85 -10.467
7.46 -15.4041 2002.19 6662.93 15.4041 -2002.19 -8.36274
7.465 -15.006 2001.77 6489.32 15.006 -2001.77 -6.74132
7.47 -14.6016 2001.43 6313.31 14.6016 -2001.43 -5.43789
7.475 -14.1915 2001.16 6135.1 14.1915 -2001.16 -4.3903
7.48 -13.7762 2000.94 5954.86 13.7762 -2000.94 -3.54864
7.485 -13.3561 2000.76 5772.7 13.3561 -2000.76 -2.87273
7.49 -12.9315 2000.61 5588.74 12.9315 -2000.61 -2.3302
7.495 -12.5026 2000.5 5403.03 12.5026 -2000.5 -1.895
7.5 -12.0696 2000.4 5215.63 12.0696 -2000.4 -1.54616
7.505 -11.6327 2000.32 5026.58 11.6327 -2000.32 -1.2668
7.51 -11.1918 2000.26 4835.9 11.1918 -2000.26 -1.04333
7.515 -10.7471 2000.21 4643.62 10.7471 -2000.21 -0.864793
7.52 -10.2987 2000.17 4449.76 10.2987 -2000.17 -0.722392
7.525 -9.8466 2000.14 4254.34 9.8466 -2000.14 -0.60903
7.53 -9.39088 2000.11 4057.38 9.39088 -2000.11 -0.518996
7.535 -8.93158 2000.09 3858.89 8.93158 -2000.09 -0.447688
7.54 -8.46877 2000.08 3658.9 8.46877 -2000.08 -0.3914
7.545 -8.00252 2000.06 3457.43 8.00252 -2000.06 -0.347146
7.55 -7.53294 2000.05 3254.54 7.53294 -2000.05 -0.312513
7.555 -7.08699 1998.81 3058.42 7.08699 -1998.81 3.16139
7.56 -6.63397 1998.18 2860.94 6.63397 -1998.18 4.9371
7.565 -5.97519 2003.79 2602.19 5.97519 -2003.79 -20.9106
7.57 -5.36007 2006.21 2347.65 5.36007 -2006.21 -32.1059
7.575 -4.81963 2005 2107.99 4.81963 -2005 -25.9078
7.58 -4.27193 2004.03 1866.39 4.27193 -2004.03 -20.9147
7.585 -3.71823 2003.25 1623.17 3.71823 -2003.25 -16.8934
7.59 -3.16612 2002.33 1380.56 3.16612 -2002.33 -12.7901
7.595 -2.6085 2001.66 1136.59 2.6085 -2001.66 -9.71971
7.6 -2.05661 2000.86 894.617 2.05661 -2000.86 -6.16339
7.605 -1.5191 1999.83 658.214 1.5191 -1999.83 -1.96312
7.61 -0.964612 1999.79 418.089 0.964612 -1999.79 -1.37656
7.615 -0.410605 1999.76 178.272 0.410605 -1999.76 -0.890287
7.62 0.142457 1999.72 -61.0293 -0.142457 -1999.72 -0.512047
7.625 0.766625 2001.47 -321.272 -0.766625 -2001.47 -9.90964
7.63 1.36979 2002.15 -578.326 -1.36979 -2002.15 -13.4258
7.635 1.9451 2001.7 -829.54 -1.9451 -2001.7 -10.7421
7.64 2.51957 2001.32 -1079.92 -2.51957 -2001.32 -8.53482
7.645 3.07448 2000.82 -1321 -3.07448 -2000.82 -7.17917
7.65 3.76682 2003.31 -1606.2 -3.76682 -2003.31 -21.0675
7.655 4.375 2002.47 -1873.53 -4.375 -2002.47 -16.4727
7.66 4.98202 2001.86 -2139.4 -4.98202 -2001.86 -12.833
7.665 5.58762 2001.44 -2403.74 -5.58762 -2001.44 -10.1082
7.67 6.18954 2001.1 -2665.97 -6.18954 -2001.1 -7.90683
7.675 6.78722 2000.82 -2925.95 -6.78722 -2000.82 -6.12778
7.68 7.3803 2000.6 -3183.6 -7.3803 -2000.6 -4.68946
7.685 7.96857 2000.42 -3438.89 -7.96857 -2000.42 -3.5258
7.69 8.55196 2000.27 -3691.86 -8.55196 -2000.27 -2.59092
7.695 9.13048 2000.15 -3942.53 -9.13048 -2000.15 -1.8365
7.7 9.70411 2000.06 -4190.96 -9.70411 -2000.06 -1.21223
7.705 10.25 1999.43 -4430.37 -10.25 -1999.43 2.37861
7.71 10.798 1999.15 -4668.72 -10.798 -1999.15 3.95857
7.715 11.3477 1999.2 -4905.96 -11.3477 -1999.2 3.73083
7.72 11.891 1999.21 -5140.52 -11.891 -1999.21 3.6058
7.725 12.3083 1996.12 -5336.71 -12.3083 -1996.12 19.5189
7.73 12.7341 1994.64 -5528.45 -12.7341 -1994.64 27.3148
7.735 13.1668 1994.66 -5714.96 -13.1668 -1994.66 26.901
7.74 13.5648 1994.39 -5888 -13.5648 -1994.39 27.9932
7.745 14.1989 1998.76 -6127.34 -14.1989 -1998.76 -6.59822
7.75 14.8968 2002.69 -6401.34 -14.8968 -2002.69 -34.0768
7.755 15.4558 2001.96 -6650.4 -15.4558 -2001.96 -26.5145
7.76 16.0107 2001.38 -6896.11 -16.0107 -2001.38 -20.501
7.765 16.5592 2000.9 -7137.97 -16.5592 -2000.9 -15.6085
7.77 17.1 2000.51 -7375.61 -17.1 -2000.51 -11.5815
7.775 17.6318 2000.18 -7608.66 -17.6318 -2000.18 -8.28332
7.78 18.1454 1999.66 -7834.36 -18.1454 -1999.66 -4.46011
7.785 18.649 1999.33 -8054.59 -18.649 -1999.33 -1.76053
7.79 19.1839 1999.88 -8281.83 -19.1839 -1999.88 -5.62525
7.795 19.9931 2002.33 -8602.73 -19.9931 -2002.33 -34.3022
7.8 20.649 2000.85 -8893.41 -20.649 -2000.85 -26.9547
7.805 21.3113 2000.67 -9184.74 -21.3113 -2000.67 -21.736
7.81 21.9617 2000.57 -9468.88 -21.9617 -2000.57 -18.598
7.815 22.5201 1999.23 -9723.84 -22.5201 -1999.23 -4.82873
7.82 23.0661 1998.58 -9965.59 -23.0661 -1998.58 1.04709
7.825 23.6206 1998.82 -10204 -23.6206 -1998.82 -0.0731122
7.83 24.1505 1998.83 -10434.2 -24.1505 -1998.83 1.18696
7.835 25.0265 2002.23 -10763 -25.0265 -2002.23 -48.4639
7.84 25.8014 2003.65 -11079.4 -25.8014 -2003.65 -66.8187
7.845 26.4488 2002.84 -11372.3 -26.4488 -2002.84 -53.6391
7.85 27.0815 2002.16 -11656.9 -27.0815 -2002.16 -42.2938
7.855 27.7012 2001.78 -11931.4 -27.7012 -2001.78 -35.5115
7.86 28.3014 2001.54 -12195.8 -28.3014 -2001.54 -30.4304
7.865 28.8809 2001.24 -12452 -28.8809 -2001.24 -24.5609
7.87 29.5917 2001.78 -12742.8 -29.5917 -2001.78 -40.8079
7.875 30.3532 2002.07 -13058.6 -30.3532 -2002.07 -53.9933
7.88 31.0146 2001.6 -13355.5 -31.0146 -2001.6 -42.7632
7.885 31.7157 2001.47 -13659.4 -31.7157 -2001.47 -41.7759
7.89 32.4047 2001.4 -13958.3 -32.4047 -2001.4 -40.5325
7.895 33.0595 2001.29 -14245.7 -33.0595 -2001.29 -35.9615
7.9 33.7378 2001.15 -14540.3 -33.7378 -2001.15 -34.4542
7.905 34.3852 2000.92 -14826.6 -34.3852 -2000.92 -27.7829
7.91 35.0225 2000.74 -15107.3 -35.0225 -2000.74 -22.4426
7.915 35.6484 2000.61 -15382.4 -35.6484 -2000.61 -17.7332
7.92 36.2648 2000.51 -15652.5 -36.2648 -2000.51 -13.962
7.925 36.8747 2000.41 -15918.6 -36.8747 -2000.41 -11.2634
7.93 37.4749 2000.36 -16179.8 -37.4749 -2000.36 -9.37242
7.935 38.0564 2000.39 -16432.1 -38.0564 -2000.39 -8.27309
7.94 38.5966 1999.94 -16671.2 -38.5966 -1999.94 -2.5348
7.945 39.1368 1999.73 -16906.6 -39.1368 -1999.73 -0.450454
7.95 39.6795 1999.78 -17141.2 -39.6795 -1999.78 -0.373991
7.955 40.2159 1999.82 -17373 -40.2159 -1999.82 -0.311705
7.96 40.746 1999.84 -17601.9 -40.746 -1999.84 -0.352027
7.965 41.2741 1999.9 -17828.2 -41.2741 -1999.9 -2.20307
7.97 41.7929 1999.95 -18051.4 -41.7929 -1999.95 -3.14474
7.975 42.3011 1999.95 -18271.5 -42.3011 -1999.95 -2.58745
7.98 42.8088 2000.01 -18489.1 -42.8088 -2000.01 -4.26977
7.985 43.3116 2000.12 -18702.5 -43.3116 -2000.12 -8.14995
7.99 43.7905 2000.1 -18910.9 -43.7905 -2000.1 -6.62381
7.995 44.2401 2000.26 -19109 -44.2401 -2000.26 -2.70503
8 44.6574 2000.41 -19294.8 -44.6574 -2000.41 2.74168
8.005 45.033 2000.74 -19464.5 -45.033 -2000.74 10.2045
8.01 45.3812 2001.02 -19620.3 -45.3812 -2001.02 15.584
8.015 45.7252 2001.04 -19767.7 -45.7252 -2001.04 14.4221
8.02 46.0624 2000.91 -19910.9 -46.0624 -2000.91 11.9102
8.025 46.3898 2000.78 -20050.4 -46.3898 -2000.78 10.0441
8.03 46.7065 2000.73 -20185.6 -46.7065 -2000.73 8.39172
8.035 47.0103 2000.73 -20314.9 -47.0103 -2000.73 6.44592
8.04 47.2309 2000.32 -20418.9 -47.2309 -2000.32 15.1023
8.045 47.4423 2000.05 -20515.2 -47.4423 -2000.05 20.1067
8.05 47.6767 2000.03 -20612.5 -47.6767 -2000.03 16.1451
8.055 47.9047 2000.02 -20707.9 -47.9047 -2000.02 13.0041
8.06 48.127 2000.02 -20801.4 -48.127 -2000.02 10.4724
8.065 48.344 2000.02 -20893 -48.344 -2000.02 8.43312
8.07 48.556 2000.01 -20983 -48.556 -2000.01 6.79488
8.075 48.7635 2000.01 -21071.3 -48.7635 -2000.01 5.47526
8.08 48.9668 2000 -21158.1 -48.9668 -2000 4.40795
8.085 49.1658 1999.99 -21243.2 -49.1658 -1999.99 3.57168
8.09 49.2748 1999.46 -21303.5 -49.2748 -1999.46 16.7992
8.095 49.3088 1998.91 -21332.5 -49.3088 -1998.91 31.138
8.1 49.4019 1999.12 -21366.7 -49.4019 -1999.12 25.0644
8.105 49.4616 1999.14 -21392.2 -49.4616 -1999.14 24.8313
8.11 49.4061 1998.79 -21378.5 -49.4061 -1998.79 35.0981
8.115 49.1727 1998.27 -21292 -49.1727 -1998.27 49.3863
8.12 48.9993 1998.61 -21206.7 -48.9993 -1998.61 39.0482
8.125 48.8215 1998.88 -21122.3 -48.8215 -1998.88 31.458
8.13 48.6419 1999.1 -21038.6 -48.6419 -1999.1 25.345
8.135 48.4612 1999.27 -20955.7 -48.4612 -1999.27 20.4236
8.14 48.2696 1999.23 -20870.3 -48.2696 -1999.23 17.8718
8.145 48.0177 1998.61 -20764.1 -48.0177 -1998.61 20.4252
8.15 47.7697 1998.6 -20655.1 -47.7697 -1998.6 18.5929
8.155 47.5122 1998.51 -20542.9 -47.5122 -1998.51 17.6663
8.16 47.2076 1998.12 -20412.8 -47.2076 -1998.12 19.1337
8.165 46.9706 1998.92 -20298.7 -46.9706 -1998.92 7.39684
8.17 46.8636 2000.04 -20234.1 -46.8636 -2000.04 -11.0039
8.175 46.7102 2000.03 -20169.9 -46.7102 -2000.03 -8.85732
8.18 46.5639 2000.09 -20107.6 -46.5639 -2000.09 -8.05938
8.185 46.4243 2000.15 -20047.5 -46.4243 -2000.15 -7.82505
8.19 46.2847 2000.12 -19988.7 -46.2847 -2000.12 -6.3003
8.195 46.131 1999.66 -19925.8 -46.131 -1999.66 -2.76547
8.2 45.9696 1999.33 -19852.3 -45.9696 -1999.33 -6.52809
8.205 45.8655 2000.37 -19797.6 -45.8655 -2000.37 -16.3059
8.21 45.7384 2000.28 -19745.8 -45.7384 -2000.28 -13.1767
8.215 45.6171 2000.24 -19696 -45.6171 -2000.24 -10.5707
8.22 45.502 2000.2 -19648.4 -45.502 -2000.2 -8.48911
8.225 45.393 2000.17 -19602.9 -45.393 -2000.17 -6.82454
8.23 45.2904 2000.14 -19560 -45.2904 -2000.14 -5.48959
8.235 45.1943 2000.11 -19519.5 -45.1943 -2000.11 -4.41716
8.24 45.1049 2000.09 -19481.8 -45.1049 -2000.09 -3.55485
8.245 45.0225 2000.07 -19446.9 -45.0225 -2000.07 -2.86117
8.25 44.9475 2000.07 -19414.9 -44.9475 -2000.07 -2.43458
8.255 44.8798 2000.06 -19386 -44.8798 -2000.06 -2.1058
8.26 44.8382 2000.32 -19365.7 -44.8382 -2000.32 -4.40166
8.265 44.8029 2000.44 -19349.5 -44.8029 -2000.44 -5.35324
8.27 44.7667 2000.36 -19334.9 -44.7667 -2000.36 -4.31151
8.275 44.735 2000.29 -19322 -44.735 -2000.29 -3.47261
8.28 44.7073 2000.23 -19310.7 -44.7073 -2000.23 -2.79704
8.285 44.6832 2000.19 -19300.9 -44.6832 -2000.19 -2.25296
8.29 44.6624 2000.15 -19292.4 -44.6624 -2000.15 -1.81474
8.295 44.6447 2000.12 -19285 -44.6447 -2000.12 -1.46179
8.3 44.6296 2000.1 -19278.8 -44.6296 -2000.1 -1.17749
8.305 44.617 2000.08 -19273.6 -44.617 -2000.08 -0.948501
8.31 44.6065 2000.06 -19269.2 -44.6065 -2000.06 -0.764049
8.315 44.5978 2000.05 -19265.6 -44.5978 -2000.05 -0.615473
8.32 44.5906 2000.04 -19262.6 -44.5906 -2000.04 -0.495792
8.325 44.5847 2000.03 -19260.2 -44.5847 -2000.03 -0.399386
8.33 44.5798 2000.03 -19258.2 -44.5798 -2000.03 -0.321728
8.335 44.5756 2000.02 -19256.4 -44.5756 -2000.02 -0.25917
8.34 44.5717 2000.02 -19254.8 -44.5717 -2000.02 -0.208776
8.345 44.5679 2000.01 -19253.2 -44.5679 -2000.01 -0.168181
8.35 44.5641 2000.01 -19251.5 -44.5641 -2000.01 -0.135478
8.355 44.5599 2000.01 -19249.8 -44.5599 -2000.01 -0.109133
8.36 44.5554 2000.01 -19247.9 -44.5554 -2000.01 -0.0879098
8.365 44.5504 2000.01 -19245.7 -44.5504 -2000.01 -0.0708115
8.37 44.5448 2000 -19243.3 -44.5448 -2000 -0.0570359
8.375 44.5385 2000 -19240.6 -44.5385 -2000 -0.0459367
8.38 44.5314 2000 -19237.5 -44.5314 -2000 -0.036993
8.385 44.5234 2000 -19234.1 -44.5234 -2000 -0.029785
8.39 44.5144 2000 -19230.2 -44.5144 -2000 -0.0239746
8.395 44.5043 2000 -19225.8 -44.5043 -2000 -0.0192887
8.4 44.4927 2000 -19220.8 -44.4927 -2000 -0.0155072
8.405 44.4795 2000 -19215.1 -44.4795 -2000 -0.012452
8.41 44.4643 2000 -19208.6 -44.4643 -2000 -0.00997928
8.415 44.4469 2000 -19201.1 -44.4469 -2000 -0.00797222
8.42 44.4271 2000 -19192.5 -44.4271 -2000 -0.0063364
8.425 44.4045 2000 -19182.8 -44.4045 -2000 -0.00499557
8.43 44.3792 2000 -19171.8 -44.3792 -2000 -0.00388852
8.435 44.3509 2000 -19159.6 -44.3509 -2000 -0.00296628
8.44 44.3198 2000 -19146.1 -44.3198 -2000 -0.00218976
8.445 44.2857 2000 -19131.4 -44.2857 -2000 -0.00152767
8.45 44.2486 2000 -19115.4 -44.2486 -2000 -0.000954894
8.455 44.2086 2000 -19098.1 -44.2086 -2000 -0.000451264
8.46 44.1656 2000 -19079.5 -44.1656 -2000 -6.02129e-07
8.465 44.1197 2000 -19059.7 -44.1197 -2000 0.000409932
8.47 44.037 1998.84 -19027.9 -44.037 -1998.84 3.8928
8.475 43.9183 1998.53 -18978.7 -43.9183 -1998.53 6.06263
8.48 43.7787 1999.1 -18917.9 -43.7787 -1999.1 5.55024
8.485 43.6487 1999.49 -18860.2 -43.6487 -1999.49 3.99955
8.49 43.5211 1999.83 -18804.1 -43.5211 -1999.83 2.97399
8.495 43.3974 2000.18 -18750 -43.3974 -2000.18 2.30838
8.5 43.2871 2000.2 -18700.2 -43.2871 -2000.2 0.194522
8.505 43.1578 1999.81 -18644.2 -43.1578 -1999.81 0.042151
8.51 43.0181 1999.85 -18583.7 -43.0181 -1999.85 -0.127139
8.515 42.8781 1999.88 -18522.9 -42.8781 -1999.88 -0.478907
8.52 42.7368 1999.89 -18461.9 -42.7368 -1999.89 -0.396006
8.525 42.5992 1999.95 -18401.9 -42.5992 -1999.95 -0.889514
8.53 42.5592 2000.61 -18376.8 -42.5592 -2000.61 -8.80402
8.535 42.5027 2000.49 -18354.1 -42.5027 -2000.49 -7.09159
8.54 42.4474 2000.4 -18331.6 -42.4474 -2000.4 -5.71224
8.545 42.3934 2000.32 -18309.4 -42.3934 -2000.32 -4.60161
8.55 42.4013 2000.98 -18305.2 -42.4013 -2000.98 -12.1513
8.555 42.3973 2001.14 -18301.2 -42.3973 -2001.14 -14.3961
8.56 42.3691 2000.34 -18293.1 -42.3691 -2000.34 -10.309
8.565 3.09775 123.945 -2674.14 -3.09775 -123.945 1335.91
8.57 0.186748 -39.5582 -157.598 -0.186748 39.5582 76.9225
