0.1 -2.92171e-31 200 6.83897e-14
0.2 7.88861e-31 400 -6.75016e-14
0.3 1.16868e-31 600 2.30926e-13
0.4 1.28555e-30 800 3.2685e-13
0.5 2.33737e-31 1000 3.83693e-13
0.6 0 1200 4.47642e-13
0.7 -4.09039e-31 1400 -1.98952e-13
0.8 -3.4184e-30 1600 4.26326e-14
0.9 -4.67473e-31 1800 -5.54223e-13
1 -1.40242e-30 2000 -4.54747e-13
0.005 9.77491e-06 2000 -0.00423064
0.01 4.88354e-05 2000 -0.0211118
0.015 0.000126913 2000 -0.0548387
0.02 0.000243994 2000 -0.105415
0.025 0.000400094 2000 -0.172849
0.03 0.000595264 2000 -0.25716
0.035 0.00082957 2000 -0.35838
0.04 0.00110306 2000 -0.476527
0.045 0.00141574 2000 -0.611605
0.05 0.00176754 2000 -0.763581
0.055 0.00215831 2000 -0.932394
0.06 0.00258796 2000 -1.118
0.065 0.00305656 2000 -1.32043
0.07 0.00356443 2000 -1.53984
0.075 0.00411214 2000 -1.77644
0.08 0.00470036 2000 -2.03056
0.085 0.00532986 2000 -2.3025
0.09 0.00600127 2000 -2.59255
0.095 0.0067149 2000 -2.90084
0.1 0.00747058 2000 -3.22729
0.105 0.00826797 2000 -3.57176
0.11 0.00910693 2000 -3.93419
0.115 0.00998812 2000 -4.31487
0.12 0.0109135 2000 -4.71462
0.125 0.0118861 2000 -5.13481
0.13 0.0129098 2000 -5.57706
0.135 0.0139877 2000 -6.0427
0.14 0.0151217 2000 -6.53256
0.145 0.0163121 2000 -7.04684
0.15 0.017559 2000 -7.5855
0.155 0.0188624 2000 -8.14856
0.16 0.0202233 2000 -8.73646
0.165 0.0216441 2000 -9.35027
0.17 0.0231289 2000 -9.99169
0.175 0.0246824 2000 -10.6628
0.18 0.0263097 2000 -11.3658
0.185 0.0280153 2000 -12.1026
0.19 0.0298035 2000 -12.8751
0.195 0.031679 2000 -13.6853
0.2 0.0336481 2000 -14.536
0.205 0.0357195 2000 -15.4308
0.21 0.0379077 2000 -16.3761
0.215 0.0402339 2000 -17.3811
0.22 0.0427225 2000 -18.4561
0.225 0.0453945 2000 -19.6104
0.23 0.048262 2000 -20.8492
0.235 0.0513241 2000 -22.172
0.24 0.0545668 2000 -23.5729
0.245 0.0579671 2000 -25.0418
0.25 0.0615003 2000 -26.5681
0.255 0.0651478 2000 -28.1439
0.26 0.0689028 2000 -29.766
0.265 0.0727709 2000 -31.437
0.27 0.0767676 2000 -33.1636
0.275 0.0809126 2000 -34.9543
0.28 0.0852254 2000 -36.8174
0.285 0.0897222 2000 -38.76
0.29 0.0944159 2000 -40.7877
0.295 0.0993177 2000 -42.9053
0.3 0.104439 2000 -45.1178
0.305 0.109794 2000 -47.4312
0.31 0.115401 2000 -49.8533
0.315 0.121281 2000 -52.3934
0.32 0.127459 2000 -55.0624
0.325 0.133959 2000 -57.8703
0.33 0.140799 2000 -60.8252
0.335 0.147993 2000 -63.9328
0.34 0.155547 2000 -67.1962
0.345 0.163466 2000 -70.6174
0.35 0.171754 2000 -74.1977
0.355 0.180412 2000 -77.938
0.36 0.189438 2000 -81.8372
0.365 0.198824 2000 -85.8921
0.37 0.208562 2000 -90.0987
0.375 0.218642 2000 -94.4536
0.38 0.229063 2000 -98.9552
0.385 0.239818 2000 -103.602
0.39 0.250894 2000 -108.386
0.395 0.262252 2000 -113.293
0.4 0.273821 2000 -118.291
0.405 0.285487 2000 -123.331
0.41 0.297105 2000 -128.349
0.415 0.308497 2000 -133.271
0.42 0.319478 2000 -138.014
0.425 0.32987 2000 -142.504
0.43 0.33954 2000 -146.681
0.435 0.348422 2000 -150.518
0.44 0.35654 2000 -154.026
0.445 0.364006 2000 -157.251
0.45 0.371007 2000 -160.275
0.455 0.377786 2000 -163.204
0.46 0.384609 2000 -166.151
0.465 0.391726 2000 -169.226
0.47 0.399325 2000 -172.509
0.475 0.407497 2000 -176.039
0.48 0.416227 2000 -179.81
0.485 0.425409 2000 -183.777
0.49 0.434872 2000 -187.865
0.495 0.444412 2000 -191.986
0.5 0.453814 2000 -196.048
0.505 0.462854 2000 -199.953
0.51 0.471296 2000 -203.6
0.515 0.478876 2000 -206.875
0.52 0.485303 2000 -209.651
0.525 0.490267 2000 -211.796
0.53 0.493488 2000 -213.187
0.535 0.494774 2000 -213.742
0.54 0.493997 2000 -213.407
0.545 0.491128 2000 -212.167
0.55 0.486382 2000 -210.117
0.555 0.480062 2000 -207.387
0.56 0.47251 2000 -204.125
0.565 0.464059 2000 -200.474
0.57 0.454978 2000 -196.55
0.575 0.445429 2000 -192.425
0.58 0.435469 2000 -188.123
0.585 0.425092 2000 -183.64
0.59 0.414302 2000 -178.979
0.595 0.403172 2000 -174.171
0.6 0.39188 2000 -169.292
0.605 0.380696 2000 -164.461
0.61 0.369927 2000 -159.809
0.615 0.359835 2000 -155.449
0.62 0.350592 2000 -151.456
0.625 0.342275 2000 -147.863
0.63 0.334862 2000 -144.661
0.635 0.328234 2000 -141.797
0.64 0.322165 2000 -139.175
0.645 0.316333 2000 -136.656
0.65 0.310321 2000 -134.059
0.655 0.303627 2000 -131.167
0.66 0.295685 2000 -127.736
0.665 0.285931 2000 -123.522
0.67 0.273909 2000 -118.329
0.675 0.25938 2000 -112.052
0.68 0.242371 2000 -104.704
0.685 0.223171 2000 -96.4101
0.69 0.202288 2000 -87.3885
0.695 0.180383 2000 -77.9255
0.7 0.158203 2000 -68.3435
0.705 0.136505 2000 -58.9703
0.71 0.115998 2000 -50.1109
0.715 0.0972619 2000 -42.0171
0.72 0.0807075 2000 -34.8656
0.725 0.0665661 2000 -28.7565
0.73 0.0549619 2000 -23.7435
0.735 0.0459821 2000 -19.8642
0.74 0.0396728 2000 -17.1386
0.745 0.0359888 2000 -15.5471
0.75 0.0347278 2000 -15.0024
0.755 0.0354937 2000 -15.3332
0.76 0.0376935 2000 -16.2835
0.765 0.0405864 2000 -17.5333
0.77 0.0433553 2000 -18.7295
0.775 0.0451725 2000 -19.5145
0.78 0.045268 2000 -19.5558
0.785 0.0430024 2000 -18.577
0.79 0.0379368 2000 -16.3887
0.795 0.0298868 2000 -12.9111
0.8 0.0189124 2000 -8.16993
0.805 0.0052752 2000 -2.27819
0.81 -0.010676 1999.99 4.61339
0.815 -0.0279711 1999.99 12.0904
0.82 -0.0466204 1999.98 20.149
0.825 -0.0666977 1999.98 28.8209
0.83 -0.0879447 1999.99 37.9983
0.835 -0.110099 1999.99 47.5678
0.84 -0.132899 1999.99 57.4166
0.845 -0.156094 1999.99 67.4364
0.85 -0.179468 1999.99 77.5332
0.855 -0.202857 2000 87.6369
0.86 -0.226181 2000 97.7124
0.865 -0.249458 2000 107.768
0.87 -0.27281 2000 117.856
0.875 -0.296412 2000 128.052
0.88 -0.320414 2000 138.42
0.885 -0.344852 2000 148.977
0.89 -0.369587 2000 159.663
0.895 -0.394269 2000 170.326
0.9 -0.418366 2000 180.735
0.905 -0.441312 2000 190.648
0.91 -0.462722 2000 199.897
0.915 -0.482564 2000 208.469
0.92 -0.501254 2000 216.543
0.925 -0.519631 2000 224.481
0.93 -0.538798 2000 232.761
0.935 -0.559832 2000 241.848
0.94 -0.583477 2000 252.063
0.945 -0.609964 2000 263.505
0.95 -0.638965 2000 276.034
0.955 -0.669671 2000 289.299
0.96 -0.700933 2000 302.804
0.965 -0.731422 2000 315.975
0.97 -0.759785 2000 328.228
0.975 -0.784796 2000 339.033
0.98 -0.805447 2000 347.954
0.985 -0.820976 2000 354.662
0.99 -0.830807 2000 358.909
0.995 -0.834477 2000 360.494
1 -0.83131 2000 359.127
1.005 -0.820579 1999.99 354.492
1.01 -0.801983 1999.99 346.458
1.015 -0.775384 1999.99 334.967
1.02 -0.740798 2000 320.026
1.025 -0.698288 2000 301.661
1.03 -0.647928 2000 279.906
1.035 -0.589856 2000 254.818
1.04 -0.524355 2000 226.522
1.045 -0.451892 2000 195.217
1.05 -0.373117 2000 161.187
1.055 -0.288822 2000 124.771
1.06 -0.199848 2000 86.3344
1.065 -0.106983 2000 46.2168
1.07 -0.0109103 2000 4.71339
1.075 0.0877634 2000 -37.9137
1.08 0.18843 2000 -81.4016
1.085 0.290401 2000 -125.453
1.09 0.39282 2000 -169.698
1.095 0.494225 1999.98 -213.506
1.1 0.588252 1999.9 -254.166
1.105 0.677806 1999.88 -292.862
1.11 0.763525 1999.9 -329.885
1.115 0.844648 1999.92 -364.924
1.12 0.920685 1999.93 -397.766
1.125 0.991508 1999.95 -428.358
1.13 1.05733 1999.96 -456.787
1.135 1.1186 1999.96 -483.256
1.14 1.17596 1999.97 -508.032
1.145 1.22999 1999.98 -531.369
1.15 1.28102 1999.98 -553.414
1.155 1.32896 1999.98 -574.119
1.16 1.37315 1999.99 -593.208
1.165 1.41248 1999.99 -610.198
1.17 1.44555 1999.99 -624.483
1.175 1.47087 1999.99 -635.421
1.18 1.48712 1999.99 -642.44
1.185 1.49336 2000 -645.135
1.19 1.48881 1999.99 -643.17
1.195 1.47304 1999.98 -636.361
1.2 1.44665 1999.99 -624.959
1.205 1.41043 1999.99 -609.308
1.21 1.36513 1999.99 -589.741
1.215 1.31125 1999.99 -566.462
1.22 1.2489 1999.99 -539.527
1.225 1.17806 2000 -508.922
1.23 1.09891 2000 -474.731
1.235 1.01225 2000 -437.293
1.24 0.919571 2000 -397.256
1.245 0.822908 2000 -355.497
1.25 0.724452 2000 -312.964
1.255 0.626235 2000 -270.534
1.26 0.529916 2000 -228.924
1.265 0.436698 2000 -188.654
1.27 0.347359 2000 -150.059
1.275 0.262362 2000 -113.341
1.28 0.181994 2000 -78.6217
1.285 0.106463 2000 -45.9923
1.29 0.0359323 2000 -15.5229
1.295 -0.0295209 2000 12.7529
1.3 -0.0900577 2000 38.9049
1.305 -0.14632 2000 63.2103
1.31 -0.199597 2000 86.2259
1.315 -0.251765 2000 108.762
1.32 -0.305001 2000 131.76
1.325 -0.361338 2000 156.098
1.33 -0.422192 2000 182.387
1.335 -0.487992 2000 210.813
1.34 -0.55799 2000 241.052
1.345 -0.630297 2000 272.288
1.35 -0.702205 2000 303.353
1.355 -0.770692 2000 332.94
1.36 -0.832711 1999.98 359.736
1.365 -0.885058 1999.96 382.362
1.37 -0.926857 1999.94 400.425
1.375 -0.959871 1999.95 414.683
1.38 -0.984243 1999.96 425.208
1.385 -1.00046 1999.97 432.212
1.39 -1.00925 1999.98 436.009
1.395 -1.01142 1999.98 436.94
1.4 -1.00731 1999.98 435.169
1.405 -0.997435 1999.98 430.902
1.41 -0.982535 1999.98 424.463
1.415 -0.963665 1999.98 416.31
1.42 -0.942368 1999.99 407.108
1.425 -0.920694 1999.99 397.744
1.43 -0.901037 1999.99 389.252
1.435 -0.885826 1999.99 382.68
1.44 -0.877208 1999.99 378.956
1.445 -0.876817 2000 378.787
1.45 -0.885672 2000 382.612
1.455 -0.90419 2000 390.611
1.46 -0.932259 2000 402.737
1.465 -0.969317 2000 418.746
1.47 -1.01413 1999.99 438.097
1.475 -1.0616 1999.96 458.627
1.48 -1.11319 1999.97 480.912
1.485 -1.16653 1999.97 503.955
1.49 -1.21898 1999.98 526.61
1.495 -1.26804 1999.98 547.802
1.5 -1.31189 1999.99 566.744
1.505 -1.34985 1999.99 583.141
1.51 -1.3826 1999.99 597.288
1.515 -1.41207 1999.99 610.02
1.52 -1.44106 1999.99 622.542
1.525 -1.4727 1999.99 636.209
1.53 -1.51 2000 652.324
1.535 -1.55555 2000 672.002
1.54 -1.61128 2000 696.074
1.545 -1.67829 2000 725.024
1.55 -1.75687 2000 758.973
1.555 -1.84661 2000 797.739
1.56 -1.94659 2000 840.934
1.565 -2.05571 2000 888.075
1.57 -2.17276 2000 938.639
1.575 -2.29639 2000 992.049
1.58 -2.42494 2000 1047.59
1.585 -2.55626 2000 1104.31
1.59 -2.68759 2000 1161.05
1.595 -2.81575 2000 1216.42
1.6 -2.93737 2000 1268.96
1.605 -3.04919 2000 1317.27
1.61 -3.14839 2000 1360.12
1.615 -3.2326 2000 1396.49
1.62 -3.29991 2000 1425.57
1.625 -3.3488 2000 1446.69
1.63 -3.37801 2000 1459.31
1.635 -3.38649 2000 1462.97
1.64 -3.37234 1999.98 1456.87
1.645 -3.33467 1999.96 1440.6
1.65 -3.27424 1999.97 1414.49
1.655 -3.19266 1999.98 1379.24
1.66 -3.09242 1999.98 1335.94
1.665 -2.97658 1999.98 1285.89
1.67 -2.84844 1999.99 1230.53
1.675 -2.71136 1999.99 1171.32
1.68 -2.56866 1999.99 1109.67
1.685 -2.42351 1999.99 1046.96
1.69 -2.27885 1999.99 984.466
1.695 -2.13728 2000 923.31
1.7 -2.00077 2000 864.335
1.705 -1.87035 2000 807.993
1.71 -1.74605 2000 754.296
1.715 -1.62713 2000 702.923
1.72 -1.51256 2000 653.427
1.725 -1.40144 2000 605.425
1.73 -1.29316 2000 558.645
1.735 -1.18723 2000 512.885
1.74 -1.08322 2000 467.954
1.745 -0.980763 2000 423.69
1.75 -0.879636 2000 380.003
1.755 -0.779778 2000 336.864
1.76 -0.681096 2000 294.234
1.765 -0.583246 2000 251.963
1.77 -0.485482 2000 209.728
1.775 -0.386664 2000 167.039
1.78 -0.285548 2000 123.357
1.785 -0.181289 2000 78.3171
1.79 -0.0739413 2000 31.9427
1.795 0.0352771 2000 -15.2397
1.8 0.144095 2000 -62.2489
1.805 0.24965 2000 -107.849
1.81 0.34911 2000 -150.815
1.815 0.4401 2000 -190.123
1.82 0.520795 2000 -224.984
1.825 0.589873 2000 -254.825
1.83 0.646531 2000 -279.302
1.835 0.690639 2000 -298.356
1.84 0.722944 2000 -312.312
1.845 0.745216 2000 -321.933
1.85 0.760132 2000 -328.377
1.855 0.770858 2000 -333.011
1.86 0.780468 2000 -337.162
1.865 0.791443 2000 -341.903
1.87 0.80548 2000 -347.968
1.875 0.823618 2000 -355.803
1.88 0.846382 2000 -365.637
1.885 0.873856 2000 -377.506
1.89 0.905731 2000 -391.276
1.895 0.94138 2000 -406.676
1.9 0.980022 2000 -423.369
1.905 1.02099 2000 -441.068
1.91 1.06399 2000 -459.643
1.915 1.10915 2000 -479.15
1.92 1.15677 2000 -499.725
1.925 1.20704 2000 -521.441
1.93 1.25993 2000 -544.291
1.935 1.31539 2000 -568.248
1.94 1.37379 1999.99 -593.477
1.945 1.43638 1999.99 -620.52
1.95 1.50535 1999.98 -650.318
1.955 1.58348 1999.96 -684.069
1.96 1.67006 1999.92 -721.5
1.965 1.77136 1999.91 -765.272
1.97 1.8896 1999.93 -816.347
1.975 2.02584 1999.94 -875.2
1.98 2.18051 1999.95 -942.016
1.985 2.35343 1999.96 -1016.71
1.99 2.54388 1999.97 -1098.99
1.995 2.75085 1999.97 -1188.4
2 2.97329 1999.98 -1284.5
2.005 3.21045 1999.98 -1386.96
2.01 3.46189 1999.98 -1495.58
2.015 3.72728 1999.98 -1610.24
2.02 4.00607 1999.98 -1730.68
2.025 4.29711 1999.98 -1856.42
2.03 4.59841 1999.98 -1986.58
2.035 4.90714 1999.99 -2119.96
2.04 5.21977 1999.99 -2255.03
2.045 5.53228 1999.99 -2390.03
2.05 5.8404 1999.99 -2523.14
2.055 6.1399 1999.99 -2652.53
2.06 6.42705 1999.99 -2776.58
2.065 6.69922 1999.99 -2894.16
2.07 6.95544 1999.99 -3004.84
2.075 7.19624 1999.99 -3108.87
2.08 7.42308 1999.99 -3206.85
2.085 7.63729 1999.99 -3299.39
2.09 7.83949 1999.99 -3386.73
2.095 8.02935 1999.99 -3468.75
2.1 8.20608 1999.99 -3545.09
2.105 8.36898 1999.99 -3615.46
2.11 8.51808 1999.99 -3679.86
2.115 8.6542 1999.99 -3738.66
2.12 8.7789 1999.99 -3792.53
2.125 8.89413 2000 -3842.3
2.13 9.00193 2000 -3888.87
2.135 9.10419 2000 -3933.04
2.14 9.20258 2000 -3975.54
2.145 9.29853 2000 -4016.99
2.15 9.39321 2000 -4057.89
2.155 9.48733 2000 -4098.55
2.16 9.5808 2000 -4138.92
2.165 9.67244 2000 -4178.51
2.17 9.76016 2000 -4216.4
2.175 9.84139 2000 -4251.49
2.18 9.91395 2000 -4282.84
2.185 9.97654 2000 -4309.88
2.19 10.0288 2000 -4332.45
2.195 10.0709 2000 -4350.62
2.2 10.103 2000 -4364.5
2.205 10.1252 2000 -4374.08
2.21 10.1371 2000 -4379.22
2.215 10.138 2000 -4379.64
2.22 10.1264 1999.98 -4374.63
2.225 10.1018 1999.97 -4364.04
2.23 10.0645 1999.98 -4347.88
2.235 10.0142 1999.98 -4326.17
2.24 9.95127 1999.98 -4298.97
2.245 9.87601 1999.99 -4266.45
2.25 9.78941 1999.99 -4229.04
2.255 9.69334 1999.99 -4187.54
2.26 9.59053 1999.99 -4143.12
2.265 9.48409 1999.99 -4097.13
2.27 9.37683 2000 -4050.8
2.275 9.27058 2000 -4004.9
2.28 9.16599 2000 -3959.71
2.285 9.06279 2000 -3915.13
2.29 8.96045 2000 -3870.92
2.295 8.85852 2000 -3826.88
2.3 8.75676 2000 -3782.92
2.305 8.65489 2000 -3738.91
2.31 8.55234 2000 -3694.61
2.315 8.44805 2000 -3649.56
2.32 8.34052 2000 -3603.11
2.325 8.22804 2000 -3554.51
2.33 8.10878 2000 -3502.99
2.335 7.98079 2000 -3447.7
2.34 7.84163 2000 -3387.58
2.345 7.68808 2000 -3321.25
2.35 7.51617 2000 -3246.99
2.355 7.32174 2000 -3162.99
2.36 7.10116 2000 -3067.7
2.365 6.85191 2000 -2960.03
2.37 6.57287 2000 -2839.48
2.375 6.2642 2000 -2706.13
2.38 5.92733 2000 -2560.61
2.385 5.56489 2000 -2404.03
2.39 5.18057 2000 -2238.01
2.395 4.77874 2000 -2064.41
2.4 4.36388 2000 -1885.19
2.405 3.93996 2000 -1702.06
2.41 3.50987 2000 -1516.26
2.415 3.07528 2000 -1328.52
2.42 2.63693 2000 -1139.16
2.425 2.19501 2000 -948.244
2.43 1.74928 2000 -755.687
2.435 1.29915 2000 -561.233
2.44 0.8437 2000 -364.478
2.445 0.381675 2000 -164.884
2.45 -0.0883903 2000 38.1845
2.455 -0.568029 2000 245.389
2.46 -1.05854 2000 457.293
2.465 -1.56083 1999.99 674.28
2.47 -2.07491 1999.99 896.37
2.475 -2.60016 1999.97 1123.29
2.48 -3.13425 1999.92 1354.02
2.485 -3.67018 1999.75 1585.47
2.49 -4.17998 1999.37 1805.91
2.495 -4.68871 1999.31 2025.9
2.5 -5.19918 1999.43 2246.4
2.505 -5.70812 1999.53 2466.26
2.51 -6.21232 1999.61 2684.06
2.515 -6.7086 1999.67 2898.44
2.52 -7.19408 1999.73 3108.16
2.525 -7.66633 1999.77 3312.17
2.53 -8.12338 1999.81 3509.6
2.535 -8.5636 1999.84 3699.76
2.54 -8.98553 1999.86 3882.03
2.545 -9.38781 1999.88 4055.8
2.55 -9.76921 1999.9 4220.55
2.555 -10.1288 1999.91 4375.86
2.56 -10.4659 1999.93 4521.5
2.565 -10.7804 1999.94 4657.34
2.57 -11.0723 1999.95 4783.4
2.575 -11.342 1999.95 4899.92
2.58 -11.5908 1999.96 5007.36
2.585 -11.8203 1999.97 5106.51
2.59 -12.0331 1999.97 5198.42
2.595 -12.232 1999.97 5284.33
2.6 -12.42 1999.98 5365.53
2.605 -12.5997 1999.98 5443.14
2.61 -12.7727 1999.98 5517.87
2.615 -12.9395 1999.99 5589.96
2.62 -13.0997 1999.99 5659.12
2.625 -13.2516 1999.99 5724.76
2.63 -13.3936 1999.99 5786.07
2.635 -13.5234 1999.99 5842.16
2.64 -13.6391 1999.99 5892.13
2.645 -13.7385 1999.99 5935.05
2.65 -13.8193 1999.99 5969.95
2.655 -13.8791 2000 5995.8
2.66 -13.9156 2000 6011.54
2.665 -13.9263 2000 6016.19
2.67 -13.9072 1999.96 6007.99
2.675 -13.8556 1999.94 5985.73
2.68 -13.7709 1999.95 5949.12
2.685 -13.6536 1999.96 5898.44
2.69 -13.5064 1999.97 5834.82
2.695 -13.334 1999.97 5760.33
2.7 -13.1431 1999.98 5677.86
2.705 -12.9417 1999.98 5590.84
2.71 -12.7378 1999.99 5502.74
2.715 -12.5386 1999.99 5416.68
2.72 -12.3498 1999.99 5335.13
2.725 -12.1753 1999.99 5259.75
2.73 -12.0171 1999.99 5191.39
2.735 -11.8753 1999.99 5130.13
2.74 -11.7486 2000 5075.38
2.745 -11.6344 2000 5026.06
2.75 -11.5296 2000 4980.79
2.755 -11.4309 2000 4938.16
2.76 -11.3356 2000 4896.99
2.765 -11.2417 2000 4856.43
2.77 -11.1481 2000 4815.97
2.775 -11.0543 2000 4775.46
2.78 -10.9606 2000 4734.97
2.785 -10.8674 2000 4694.72
2.79 -10.7756 2000 4655.05
2.795 -10.686 2000 4616.37
2.8 -10.5998 2000 4579.1
2.805 -10.5179 2000 4543.72
2.81 -10.4415 2000 4510.71
2.815 -10.3718 2000 4480.64
2.82 -10.3105 2000 4454.14
2.825 -10.2593 2000 4432.03
2.83 -10.2205 2000 4415.27
2.835 -10.1968 2000 4405.03
2.84 -10.191 2000 4402.52
2.845 -10.2059 2000 4408.95
2.85 -10.2442 2000 4425.49
2.855 -10.3084 2000 4453.21
2.86 -10.4008 2000 4493.13
2.865 -10.5235 2000 4546.16
2.87 -10.6782 2000 4612.98
2.875 -10.8657 2000 4693.97
2.88 -11.0863 2000 4789.29
2.885 -11.3404 2000 4899.03
2.89 -11.6282 2000 5023.37
2.895 -11.9508 2000 5162.74
2.9 -12.3098 2000 5317.85
2.905 -12.7074 2000 5489.59
2.91 -13.1453 2000 5678.76
2.915 -13.625 2000 5885.99
2.92 -14.1225 1999.64 6101.65
2.925 -14.6257 1999.26 6319.85
2.93 -15.1675 1999.39 6553.69
2.935 -15.7448 1999.49 6802.89
2.94 -16.3565 1999.57 7067.02
2.945 -17.002 1999.64 7345.8
2.95 -17.6815 1999.69 7639.29
2.955 -18.396 1999.73 7947.91
2.96 -19.1474 1999.77 8272.48
2.965 -19.9381 1999.79 8614.08
2.97 -20.7711 1999.81 8973.95
2.975 -21.6492 1999.82 9353.31
2.98 -22.5746 1999.83 9753.15
2.985 -23.537 1999.88 10170.6
2.99 -24.5327 1999.94 10603.1
2.995 -25.5631 2000.01 11050.9
3 -26.6304 2000.05 11514.1
3.005 -27.7404 2000.04 11994.2
3.01 -28.7974 2000.52 12459.2
3.015 -29.8815 2000.69 12929.6
3.02 -30.9234 2001.08 13387
3.025 -31.965 2001.29 13841.2
3.03 -33.0628 2000.96 14310.7
3.035 -34.0579 2001.68 14749.4
3.04 -35.0668 2001.96 15187.9
3.045 -36.1247 2001.52 15638.6
3.05 -37.1333 2001.75 16075.2
3.055 -38.1097 2001.94 16498.3
3.06 -39.119 2001.5 16929.1
3.065 -40.1321 2001.18 17363.4
3.07 -41.0718 2001.77 17773
3.075 -41.9864 2002.14 18173.1
3.08 -42.9216 2001.88 18575.9
3.085 -43.8226 2001.91 18968.3
3.09 -44.7231 2001.94 19358
3.095 -45.567 2002.16 19724.5
3.1 -46.3876 2002.07 20080.6
3.105 -47.1777 2002.05 20422.8
3.11 -47.923 2002.31 20745.3
3.115 -48.6089 2002.71 21047.7
3.12 -49.235 2002.95 21322.1
3.125 -49.8206 2002.86 21578.2
3.13 -50.3696 2003.2 21813.7
3.135 -50.8951 2003.1 22033.2
3.14 -51.3986 2002.61 22244.4
3.145 -51.8666 2002.16 22446.5
3.15 -52.3029 2002.35 22633.4
3.155 -52.6977 2002.28 22805.7
3.16 -53.0625 2001.85 22965.8
3.165 -53.3374 2001.48 23098.6
3.17 -53.5557 2001.18 23204.6
3.175 -53.7089 2000.71 23281.5
3.18 -53.8023 2000.67 23330.9
3.185 -53.8846 2000.6 23363.6
3.19 -53.9209 2000.22 23377.4
3.195 -53.8877 1999.69 23365.8
3.2 -53.7467 1999.42 23312.4
3.205 -53.5965 1999.65 23242.1
3.21 -53.3984 1999.61 23151
3.215 -53.1077 1999.09 23028.4
3.22 -52.7977 1998.81 22890.8
3.225 -52.4811 1998.76 22744.4
3.23 -52.1378 1998.67 22588.3
3.235 -51.7663 1998.56 22421.9
3.24 -51.3389 1998.26 22236.8
3.245 -50.9247 1998.52 22049.8
3.25 -50.4918 1998.59 21856.9
3.255 -50.0459 1998.57 21658.4
3.26 -49.5925 1998.56 21455.4
3.265 -49.1162 1998.48 21247
3.27 -48.6515 1998.71 21038.7
3.275 -48.152 1998.49 20822.1
3.28 -47.6219 1998.18 20594.7
3.285 -47.095 1998.2 20364.2
3.29 -46.654 1998.74 20157
3.295 -46.5074 2000.03 20057.8
3.3 -46.2522 1999.83 19953.7
3.305 -46.0656 2000.18 19868.8
3.31 -46.007 2001.13 19825.7
3.315 -46.0112 2001.66 19818.3
3.32 -45.9469 2001.03 19803.4
3.325 -45.8886 2000.58 19788.1
3.33 -45.8403 2000.42 19774
3.335 -45.795 2000.29 19760.1
3.34 -45.7525 2000.18 19746.2
3.345 -45.7124 2000.1 19732.6
3.35 -45.6745 2000.03 19719.3
3.355 -45.6386 1999.97 19706.2
3.36 -45.6486 2000.4 19706
3.365 -45.646 2000.52 19704.5
3.37 -45.6332 2000.4 19701.8
3.375 -45.6221 2000.3 19699.2
3.38 -45.6122 2000.22 19696.8
3.385 -45.6036 2000.16 19694.6
3.39 -45.596 2000.12 19692.5
3.395 -45.5856 1999.97 19689.5
3.4 -45.5769 1999.89 19686.8
3.405 -45.5713 1999.91 19684.8
3.41 -45.5667 1999.92 19683.2
3.415 -45.5633 1999.93 19682
3.42 -45.5609 1999.94 19681.3
3.425 -45.5596 1999.95 19680.9
3.43 -45.5554 1999.96 19679.8
3.435 -45.4867 1999.92 19654.3
3.44 -45.3771 1999.94 19606.2
3.445 -45.2129 1999.94 19534.5
3.45 -44.9953 1999.95 19439.8
3.455 -44.7263 1999.94 19322.7
3.46 -44.4087 1999.92 19184.4
3.465 -44.0459 1999.89 19026.2
3.47 -43.6421 1999.83 18850
3.475 -43.2026 1999.76 18657.9
3.48 -42.7321 1999.72 18451.5
3.485 -42.2317 1999.7 18231.6
3.49 -41.7109 1999.54 18003.1
3.495 -41.1788 1999.39 17769.5
3.5 -40.6418 1999.17 17533.7
3.505 -40.106 1998.94 17298.6
3.51 -39.5717 1998.96 17065.1
3.515 -39.0212 1999.35 16826.5
3.52 -38.4722 1999.22 16587.4
3.525 -37.9279 1999.12 16351
3.53 -37.3901 1999.19 16116.1
3.535 -36.8525 1999.21 15882.6
3.54 -36.3147 1999.14 15651.3
3.545 -35.7823 1999.09 15422.6
3.55 -35.2544 1999.05 15196.2
3.555 -34.7213 1999.34 14969.1
3.56 -34.1775 1999.64 14737.5
3.565 -33.5947 2000.7 14493.3
3.57 -33.0064 2001.19 14241
3.575 -32.4109 2000.94 13982.3
3.58 -31.8061 2000.64 13722.1
3.585 -31.1996 2000.39 13461.3
3.59 -30.5688 2000.71 13193.2
3.595 -29.9027 2001.05 12909.9
3.6 -29.2448 2000.55 12624.4
3.605 -28.5812 2000.38 12335.6
3.61 -27.8381 2001.4 12023.8
3.615 -27.1013 2001.33 11707.3
3.62 -26.354 2001 11384.5
3.625 -25.6032 2000.71 11059.7
3.63 -24.8554 2000.28 10733.3
3.635 -24.0784 2000.12 10398.8
3.64 -23.1243 2002.35 10010.4
3.645 -21.9579 2005.86 9541.45
3.65 -20.3894 2010.64 8921.86
3.655 -18.4504 2015.15 8143.74
3.66 -16.1222 2019.87 7196.16
3.665 -13.478 2022.04 6085.19
3.67 -10.8253 2021.76 4901.5
3.675 -7.75878 2021.64 3572.42
3.68 -4.57912 2018.93 2191.78
3.685 -1.31729 2015.96 760.959
3.69 2.35391 2014.57 -800.203
3.695 6.61631 2014.73 -2556.1
3.7 11.226 2013.94 -4486.3
3.705 16.0127 2010.28 -6545.59
3.71 20.3589 2004.88 -8485.19
3.715 24.6103 2002.92 -10389.4
3.72 28.3894 2004.1 -12113.5
3.725 31.7747 2005.62 -13662.7
3.73 34.9815 2006.77 -15098.3
3.735 37.9111 2007.22 -16405.3
3.74 40.6595 2006.8 -17614.9
3.745 43.2137 2007.04 -18735.5
3.75 45.3943 2008.65 -19707.6
3.755 47.2675 2010.6 -20552.5
3.76 48.8225 2012.27 -21257.8
3.765 50.1339 2012.68 -21844.1
3.77 51.3377 2011.35 -22369
3.775 52.3914 2009.91 -22817.2
3.78 53.0866 2007.99 -23151.7
3.785 53.2561 2006.71 -23309.7
3.79 53.2252 2004.76 -23347.1
3.795 52.7807 2001.09 -23197.7
3.8 52.1419 1997.23 -22929.6
3.805 51.4353 1996.24 -22590.7
3.81 50.6105 1996.26 -22194.5
3.815 49.6736 1995.69 -21750.1
3.82 48.7601 1996.25 -21297.3
3.825 47.716 1995.41 -20812
3.83 46.5347 1993.74 -20287.5
3.835 46.0995 1997.11 -19961.3
3.84 45.939 2000.47 -19780.5
3.845 46.0206 2002.42 -19767.4
3.85 45.8858 2001.24 -19734.1
3.855 45.7722 2000.74 -19702.5
3.86 45.6639 2000.31 -19670.1
3.865 45.676 2001.21 -19669.9
3.87 45.6554 2001.36 -19665
3.875 45.5891 2000.32 -19650.5
3.88 45.5333 1999.75 -19636.7
3.885 45.4856 1999.53 -19623.4
3.89 45.4401 1999.38 -19609.5
3.895 45.4 1999.38 -19596.3
3.9 45.3621 1999.38 -19583.3
3.905 45.3265 1999.4 -19570.5
3.91 45.3278 1999.79 -19569.8
3.915 45.3164 1999.76 -19567.3
3.92 45.3059 1999.74 -19564.7
3.925 45.2961 1999.73 -19562
3.93 45.287 1999.73 -19559.3
3.935 45.2784 1999.73 -19556.6
3.94 45.2704 1999.74 -19554
3.945 45.2629 1999.74 -19551.4
3.95 45.2558 1999.76 -19548.9
3.955 45.2493 1999.77 -19546.4
3.96 45.2432 1999.78 -19544.1
3.965 45.2377 1999.8 -19542
3.97 45.2328 1999.82 -19540.1
3.975 45.2284 1999.84 -19538.3
3.98 45.2247 1999.86 -19536.8
3.985 45.2217 1999.87 -19535.6
3.99 45.2195 1999.89 -19534.7
3.995 45.2179 1999.91 -19534.1
4 45.2172 1999.93 -19533.8
4.005 45.2142 1999.94 -19533
4.01 45.1309 1999.87 -19502
4.015 44.9979 1999.88 -19443.5
4.02 44.7962 2000.01 -19355
4.025 44.529 2000.06 -19238.1
4.03 44.2026 2000.01 -19095.5
4.035 43.8266 1999.95 -18931
4.04 43.4103 1999.87 -18748.5
4.045 42.9637 1999.77 -18552.3
4.05 42.4973 1999.66 -18347.1
4.055 42.0208 1999.54 -18137.3
4.06 41.543 1999.42 -17926.9
4.065 41.0713 1999.31 -17719.4
4.07 40.6229 1999.18 -17517.7
4.075 40.1847 1999.07 -17323.7
4.08 39.7586 1999.09 -17138.1
4.085 39.3517 1999.06 -16961.8
4.09 38.9647 1998.9 -16795.8
4.095 38.6041 1998.88 -16641.4
4.1 38.2674 1998.89 -16497.8
4.105 37.9539 1998.92 -16364.5
4.11 37.659 1999.22 -16240.1
4.115 37.3669 1999.86 -16117.8
4.12 37.0894 1999.81 -16000.2
4.125 36.8312 1999.78 -15890.9
4.13 36.5917 1999.77 -15789.6
4.135 36.3701 1999.77 -15695.9
4.14 36.166 1999.77 -15609.5
4.145 35.9785 1999.78 -15530.3
4.15 35.8073 1999.8 -15457.9
4.155 35.6515 1999.81 -15392.1
4.16 35.5106 1999.83 -15332.5
4.165 35.3838 1999.85 -15278.8
4.17 35.2703 1999.86 -15230.8
4.175 35.1698 1999.87 -15188.3
4.18 35.0817 1999.89 -15151
4.185 35.0055 1999.91 -15118.8
4.19 34.9411 1999.92 -15091.5
4.195 34.8883 1999.93 -15069.2
4.2 34.8467 1999.94 -15051.7
4.205 34.8163 1999.95 -15038.9
4.21 34.797 1999.96 -15030.9
4.215 34.7887 1999.97 -15027.5
4.22 34.8014 1999.92 -15031.7
4.225 34.8495 1999.85 -15050.7
4.23 34.9256 1999.88 -15084.4
4.235 35.0354 1999.9 -15132.5
4.24 35.1784 1999.92 -15194.8
4.245 35.3535 1999.94 -15271
4.25 35.5601 1999.96 -15360.7
4.255 35.797 1999.98 -15463.6
4.26 36.0632 2000 -15579.3
4.265 36.3574 2000.03 -15707.2
4.27 36.6776 2000.07 -15846.5
4.275 37.021 2000.11 -15996.2
4.28 37.3847 2000.16 -16154.8
4.285 37.7647 2000.21 -16320.8
4.29 38.1569 2000.27 -16492.3
4.295 38.5574 2000.33 -16667.6
4.3 38.9622 2000.41 -16844.8
4.305 39.3673 2000.48 -17022.3
4.31 39.7651 2000.41 -17197.2
4.315 40.1586 2000.52 -17368.7
4.32 40.5432 2000.65 -17536.1
4.325 40.9156 2000.6 -17697.7
4.33 41.2782 2000.59 -17854
4.335 41.6236 2000.59 -18004.9
4.34 41.9575 2000.58 -18150.3
4.345 42.2797 2000.56 -18290
4.35 42.5892 2000.5 -18423.9
4.355 42.8795 2000.28 -18549.9
4.36 43.1646 2000.28 -18672.2
4.365 43.4396 2000.28 -18789.8
4.37 43.7005 2001.02 -18902.2
4.375 43.9412 2001.35 -19005.5
4.38 44.1667 2001.06 -19101.3
4.385 44.371 2000.7 -19189.3
4.39 44.5765 2000.62 -19275.8
4.395 44.7327 2000.01 -19347.5
4.4 44.7492 1998.39 -19374
4.405 44.7442 1997.57 -19379.6
4.41 44.784 1998.02 -19388.6
4.415 44.8168 1998.39 -19395.8
4.42 44.8436 1998.69 -19401.6
4.425 44.8655 1998.94 -19406.2
4.43 44.8833 1999.14 -19409.9
4.435 44.8977 1999.3 -19412.7
4.44 44.9092 1999.44 -19414.9
4.445 44.9106 1999.19 -19414.1
4.45 44.9065 1998.93 -19411.3
4.455 44.9074 1999.11 -19409.8
4.46 44.9067 1999.26 -19407.9
4.465 44.9048 1999.38 -19405.7
4.47 44.9144 1999.76 -19407
4.475 44.9189 1999.93 -19407.4
4.48 44.919 1999.94 -19407.1
4.485 44.9135 1999.68 -19405.1
4.49 44.91 1999.59 -19403.5
4.495 44.9081 1999.65 -19402.3
4.5 44.9059 1999.7 -19401.1
4.505 44.9033 1999.74 -19399.7
4.51 44.9006 1999.78 -19398.3
4.515 44.8977 1999.8 -19396.9
4.52 44.8946 1999.83 -19395.4
4.525 44.8915 1999.85 -19394
4.53 44.8884 1999.87 -19392.5
4.535 44.8853 1999.88 -19391.1
4.54 44.8822 1999.9 -19389.7
4.545 44.8793 1999.91 -19388.3
4.55 44.8764 1999.92 -19387
4.555 44.8736 1999.93 -19385.8
4.56 44.8711 1999.94 -19384.6
4.565 44.8687 1999.94 -19383.6
4.57 44.8666 1999.95 -19382.6
4.575 44.8647 1999.96 -19381.7
4.58 44.863 1999.96 -19381
4.585 44.8616 1999.97 -19380.4
4.59 44.8605 1999.97 -19379.8
4.595 44.8596 1999.98 -19379.4
4.6 44.8589 1999.98 -19379.1
4.605 44.8584 1999.98 -19378.9
4.61 44.8581 1999.99 -19378.8
4.615 44.8581 1999.99 -19378.7
4.62 44.8481 1999.97 -19376
4.625 44.8267 1999.94 -19368.1
4.63 44.7998 1999.95 -19355.9
4.635 44.7624 1999.96 -19339.3
4.64 44.7153 1999.97 -19318.6
4.645 44.6591 1999.97 -19294
4.65 44.5944 1999.98 -19265.8
4.655 44.5217 1999.98 -19234.1
4.66 44.4416 1999.98 -19199.3
4.665 44.3546 1999.98 -19161.5
4.67 44.2612 1999.98 -19121.1
4.675 44.1621 1999.98 -19078.1
4.68 44.0578 1999.98 -19032.8
4.685 43.9484 1999.98 -18985.4
4.69 43.8345 1999.98 -18936
4.695 43.716 1999.97 -18884.7
4.7 43.593 1999.97 -18831.4
4.705 43.4657 1999.97 -18776.2
4.71 43.3338 1999.96 -18719.1
4.715 43.1972 1999.96 -18659.9
4.72 43.0557 1999.95 -18598.5
4.725 42.9086 1999.95 -18534.8
4.73 42.7555 1999.94 -18468.4
4.735 42.5956 1999.93 -18399
4.74 42.4283 1999.92 -18326.4
4.745 42.2531 1999.91 -18250.4
4.75 42.0694 1999.89 -18170.6
4.755 41.8774 1999.87 -18087.2
4.76 41.6767 1999.86 -17999.9
4.765 41.4674 1999.84 -17908.9
4.77 41.2497 1999.82 -17814.1
4.775 41.0239 1999.75 -17715.8
4.78 40.7944 1999.69 -17614.4
4.785 40.5581 1999.7 -17510.2
4.79 40.3115 1999.66 -17403.2
4.795 40.0609 1999.63 -17294.4
4.8 39.805 2000.04 -17183.2
4.805 39.54 2000.29 -17068
4.81 39.2679 2000.14 -16950
4.815 38.9952 2000.03 -16831.7
4.82 38.7223 1999.93 -16713.4
4.825 38.4498 1999.85 -16595.3
4.83 38.1782 1999.78 -16477.7
4.835 37.9074 1999.73 -16360.6
4.84 37.6377 1999.69 -16244
4.845 37.3689 1999.66 -16127.9
4.85 37.1007 1999.63 -16012.1
4.855 36.833 1999.62 -15896.7
4.86 36.5654 1999.6 -15781.3
4.865 36.2975 1999.6 -15665.9
4.87 36.029 1999.59 -15550.3
4.875 35.7594 1999.59 -15434.2
4.88 35.4884 1999.58 -15317.6
4.885 35.2155 1999.58 -15200.2
4.89 34.9403 1999.58 -15081.8
4.895 34.6611 1999.51 -14961.9
4.9 34.3785 1999.38 -14840.6
4.905 34.1003 1998.68 -14720
4.91 33.8163 1999.11 -14599.1
4.915 33.5244 1999.64 -14474.6
4.92 33.2281 1999.62 -14344.7
4.925 32.8947 2002.06 -14205
4.93 32.5326 2002.94 -14051.4
4.935 32.1513 2002.24 -13886.4
4.94 31.7664 2001.75 -13719.8
4.945 31.3762 2001.34 -13550.9
4.95 30.9808 2001.01 -13380
4.955 30.5826 2000.59 -13207.6
4.96 30.1843 2000.19 -13035.1
4.965 29.789 1999.7 -12863.7
4.97 29.3474 2001.58 -12681
4.975 28.8973 2002.36 -12490.1
4.98 28.4417 2001.71 -12290.6
4.985 27.9856 2001.23 -12090.3
4.99 27.5224 2000.77 -11889.5
4.995 26.9952 2002.3 -11669.2
5 26.4673 2002 -11441.4
5.005 25.9461 2000.9 -11212.8
5.01 25.4175 2000.75 -10984.8
5.015 24.879 2000.63 -10752.4
5.02 24.3631 1999.3 -10525.2
5.025 23.8679 1998.33 -10308.2
5.03 23.3526 1998.51 -10085.4
5.035 22.7435 2000.45 -9836.3
5.04 22.0496 2002.26 -9548.61
5.045 21.0926 2007.04 -9169.33
5.05 19.9417 2011.68 -8712.43
5.055 18.562 2013.34 -8136.1
5.06 16.9025 2013.05 -7425.06
5.065 15.0307 2013.52 -6628.58
5.07 12.7828 2016.18 -5695.94
5.075 10.2882 2016.38 -4633.24
5.08 7.58791 2016.04 -3478.87
5.085 4.84501 2015.19 -2290.38
5.09 1.86904 2016.13 -1017.78
5.095 -0.908077 2015.69 209.994
5.1 -3.58792 2014.63 1424.78
5.105 -6.0014 2013.36 2536.62
5.11 -8.50372 2011.38 3639.83
5.115 -11.0348 2009.29 4739.78
5.12 -13.3359 2010.26 5768.85
5.125 -15.7006 2009.95 6801.7
5.13 -18.0804 2008.1 7826.61
5.135 -20.2305 2007.93 8773.23
5.14 -22.109 2008.29 9610.78
5.145 -23.6347 2010.4 10312.9
5.15 -25.1527 2013.72 10987.6
5.155 -26.6686 2015.54 11629.1
5.16 -28.0639 2016.5 12222.3
5.165 -29.2364 2015.7 12728.3
5.17 -30.2424 2014.62 13168.1
5.175 -31.1428 2013.82 13563
5.18 -32.0032 2012.19 13926
5.185 -32.8307 2010.04 14268.8
5.19 -33.6485 2008.24 14606.8
5.195 -34.4439 2006.83 14938.5
5.2 -35.2105 2005.92 15258.6
5.205 -35.9561 2005.01 15570
5.21 -36.6469 2004.77 15866.7
5.215 -37.2887 2004.16 16144.1
5.22 -37.9147 2003.01 16410.6
5.225 -38.5399 2002.47 16675.1
5.23 -39.1191 2003.09 16925.9
5.235 -39.6759 2003.2 17165.1
5.24 -40.22 2002.6 17395.7
5.245 -40.7524 2002.13 17622
5.25 -41.2748 2001.84 17843.3
5.255 -41.7883 2001.99 18057.3
5.26 -42.2432 2002.37 18253.3
5.265 -42.6682 2002.28 18437.8
5.27 -43.0536 2001.77 18608
5.275 -43.4287 2001.13 18771
5.28 -43.8062 2000.93 18932.3
5.285 -44.1729 2000.76 19089.3
5.29 -44.5172 2000.49 19238.5
5.295 -44.7919 1999.82 19363.2
5.3 -45.0257 1999.32 19471.1
5.305 -45.0841 1998.2 19522.3
5.31 -45.031 1997.66 19520.4
5.315 -45.0316 1997.51 19514.8
5.32 -45.0256 1997.21 19503.9
5.325 -45.0297 1997.68 19496.2
5.33 -45.0294 1998.07 19488.3
5.335 -45.0256 1998.38 19480.3
5.34 -45.041 1998.97 19478.5
5.345 -45.0543 1999.37 19478.3
5.35 -45.0567 1999.46 19476.7
5.355 -45.0579 1999.54 19475.1
5.36 -45.0581 1999.61 19473.4
5.365 -45.0545 1999.56 19470.8
5.37 -45.0511 1999.56 19468.3
5.375 -45.0489 1999.64 19466.2
5.38 -45.0464 1999.71 19464.2
5.385 -45.0436 1999.76 19462.2
5.39 -45.0407 1999.8 19460.3
5.395 -45.0376 1999.84 19458.5
5.4 -45.0345 1999.87 19456.8
5.405 -45.0315 1999.89 19455.1
5.41 -45.0285 1999.91 19453.5
5.415 -45.0256 1999.93 19452.1
5.42 -45.0229 1999.94 19450.7
5.425 -45.0203 1999.95 19449.5
5.43 -45.0179 1999.96 19448.3
5.435 -45.0158 1999.97 19447.3
5.44 -45.0138 1999.97 19446.3
5.445 -45.0121 1999.98 19445.5
5.45 -45.0107 1999.98 19444.9
5.455 -45.0095 1999.99 19444.3
5.46 -45.0086 1999.99 19443.9
5.465 -45.008 1999.99 19443.6
5.47 -45.0077 1999.99 19443.5
5.475 -45.0077 1999.99 19443.4
5.48 -44.9641 1999.93 19431.3
5.485 -44.8965 1999.89 19406.4
5.49 -44.8159 1999.91 19369.5
5.495 -44.7036 1999.92 19319.2
5.5 -44.56 1999.93 19255.7
5.505 -44.386 1999.94 19179.2
5.51 -44.1823 1999.93 19089.9
5.515 -43.95 1999.92 18988.2
5.52 -43.6903 1999.91 18874.7
5.525 -43.405 1999.88 18749.9
5.53 -43.0956 1999.85 18614.6
5.535 -42.7643 1999.81 18469.7
5.54 -42.4131 1999.76 18315.9
5.545 -42.0446 1999.71 18154.4
5.55 -41.6613 1999.64 17986.5
5.555 -41.2699 1999.61 17813.3
5.56 -40.8702 1999.58 17635.7
5.565 -40.4537 1999.56 17453.2
5.57 -40.0283 1999.74 17268.4
5.575 -39.5977 1999.87 17081.4
5.58 -39.1669 1999.73 16893.7
5.585 -38.7389 1999.61 16707.7
5.59 -38.3147 1999.52 16523.6
5.595 -37.8935 1999.23 16341.3
5.6 -37.4791 1999.07 16162.2
5.605 -37.0716 1999.1 15986.3
5.61 -36.6676 1999.09 15812.4
5.615 -36.2668 1999.03 15640.2
5.62 -35.871 1999.08 15470.2
5.625 -35.4776 1999.13 15301.3
5.63 -35.0858 1999.19 15133.3
5.635 -34.6944 1999.26 14965.6
5.64 -34.2902 1999.71 14792.2
5.645 -33.8798 1999.68 14615
5.65 -33.4368 2000.83 14429.7
5.655 -32.9806 2001.47 14236.2
5.66 -32.5155 2001.15 14035.7
5.665 -32.0457 2000.9 13833.2
5.67 -31.5707 2000.7 13628.6
5.675 -31.0903 2000.54 13421.6
5.68 -30.6039 2000.41 13212.1
5.685 -30.0755 2001.33 12989.9
5.69 -29.5274 2001.38 12756.3
5.695 -28.9839 2000.95 12516.3
5.7 -28.4283 2000.84 12274.4
5.705 -27.8341 2001.22 12021.6
5.71 -27.1941 2001.74 11749.6
5.715 -26.547 2001.39 11469.2
5.72 -25.8827 2001.26 11182.7
5.725 -25.2047 2000.32 10889.2
5.73 -24.5284 1999.84 10592.5
5.735 -23.835 1999.84 10291.4
5.74 -23.1283 1998.65 9985.49
5.745 -22.2952 2000.26 9642.92
5.75 -21.3617 2002.44 9261.28
5.755 -20.2774 2004.09 8807.87
5.76 -18.8239 2006.48 8208.08
5.765 -17.0264 2009.9 7476.79
5.77 -14.922 2013.76 6613.28
5.775 -12.4283 2017.27 5583.78
5.78 -10.0093 2018.14 4519.38
5.785 -7.60417 2018.28 3418.83
5.79 -5.46054 2016.39 2417.22
5.795 -3.12114 2013.37 1395.32
5.8 -0.514613 2012.7 293.397
5.805 2.17598 2011.79 -855.548
5.81 4.72817 2010 -1984.04
5.815 7.3796 2010.1 -3131.28
5.82 10.3169 2010.15 -4374.43
5.825 13.12 2011.04 -5591.77
5.83 16.136 2010.19 -6871.9
5.835 18.7938 2011.19 -8061.05
5.84 21.2184 2011.38 -9154.6
5.845 23.2265 2012.06 -10072.2
5.85 24.9242 2012.81 -10861.2
5.855 26.4532 2013.73 -11547.4
5.86 27.731 2011.73 -12115.8
5.865 28.7865 2012.42 -12592
5.87 29.8244 2013.11 -13031.3
5.875 30.7034 2012.83 -13396.7
5.88 31.5295 2011.51 -13737.8
5.885 32.2557 2011.01 -14042.6
5.89 32.9675 2009.47 -14333.9
5.895 33.6574 2008.18 -14618.3
5.9 34.3411 2006.76 -14899.9
5.905 34.9982 2005.39 -15172.5
5.91 35.6174 2004.23 -15433.2
5.915 36.2081 2002.65 -15684.7
5.92 36.8004 2001.69 -15935.7
5.925 37.3622 2003.22 -16177.8
5.93 37.9071 2003.67 -16410
5.935 38.3899 2001.7 -16619.7
5.94 38.8695 2000.41 -16826
5.945 39.3682 2000.36 -17035.2
5.95 39.8474 2001.51 -17239.1
5.955 40.2998 2002.33 -17431.8
5.96 40.7342 2001.91 -17615.4
5.965 41.1739 2001.74 -17796.6
5.97 41.5928 2001.44 -17972.8
5.975 41.9476 2000.44 -18130.3
5.98 42.3195 2000.36 -18289.3
5.985 42.6835 2000.3 -18445.3
5.99 43.0397 2000.25 -18598.1
5.995 43.2822 1998.52 -18717.4
6 43.5516 1998.93 -18838.7
6.005 43.6965 1997.9 -18917.8
6.01 43.7088 1995.21 -18949
6.015 43.61 1992.87 -18927.3
6.02 43.5563 1993.37 -18898.1
6.025 43.5274 1994.59 -18870.6
6.03 43.5111 1997.32 -18849.8
6.035 43.4825 1998.64 -18827
6.04 43.4028 1996.48 -18789.6
6.045 43.2932 1994.99 -18739.7
6.05 43.1929 1996.25 -18690
6.055 43.1949 1999.72 -18672.1
6.06 43.1984 2001.5 -18662.6
6.065 43.1721 2001.24 -18651.1
6.07 43.1466 2001.07 -18640.1
6.075 43.122 2000.95 -18629.4
6.08 43.0984 2000.84 -18619.2
6.085 43.0758 2000.74 -18609.4
6.09 43.0623 2000.9 -18602.5
6.095 43.0778 2001.77 -18605.2
6.1 43.0913 2002.02 -18609.5
6.105 43.0938 2001.67 -18611.7
6.11 43.0965 2001.37 -18613.7
6.115 43.0992 2001.13 -18615.6
6.12 43.1018 2000.92 -18617.4
6.125 43.1042 2000.76 -18618.9
6.13 43.1063 2000.62 -18620.2
6.135 43.1081 2000.51 -18621.3
6.14 43.1094 2000.41 -18622.1
6.145 43.1102 2000.34 -18622.7
6.15 43.1106 2000.28 -18623
6.155 43.1103 2000.23 -18623
6.16 43.0607 2000.07 -18609.2
6.165 42.9479 1999.95 -18567.3
6.17 42.7975 1999.95 -18499.6
6.175 42.5842 1999.95 -18405
6.18 42.312 1999.94 -18284.9
6.185 41.9867 1999.91 -18141.6
6.19 41.6154 1999.87 -17977.9
6.195 41.2064 1999.8 -17797.4
6.2 40.7731 1999.76 -17604
6.205 40.3182 1999.92 -17398.8
6.21 39.8411 1999.85 -17187.9
6.215 39.3603 1999.66 -16976.1
6.22 38.8858 1999.49 -16767.1
6.225 38.4221 1999.34 -16563.2
6.23 37.9722 1999.23 -16365.9
6.235 37.5373 1999.06 -16176
6.24 37.1198 1999 -15994.3
6.245 36.7187 1998.97 -15820.6
6.25 36.3333 1998.68 -15654.4
6.255 35.9692 1998.27 -15497.9
6.26 35.6267 1998.39 -15351.4
6.265 35.2979 1998.43 -15211.2
6.27 34.9825 1998.46 -15077.3
6.275 34.6809 1998.6 -14949.4
6.28 34.39 1998.73 -14826.1
6.285 34.099 1999.99 -14703.4
6.29 33.7982 2000.79 -14576.4
6.295 33.4936 2000.59 -14447
6.3 33.1937 2000.36 -14319.7
6.305 32.899 2000.18 -14194.5
6.31 32.6102 2000.11 -14071.5
6.315 32.3251 2000.05 -13950
6.32 32.0435 2000.01 -13829.8
6.325 31.765 1999.98 -13710.8
6.33 31.4896 1999.67 -13592.9
6.335 31.2235 1999.25 -13478.9
6.34 30.9662 1999.37 -13368.8
6.345 30.706 1998.82 -13258
6.35 30.4342 1998.87 -13143.1
6.355 30.1724 1998.9 -13030.3
6.36 29.9147 1999.08 -12919.3
6.365 29.6592 1999.24 -12809.2
6.37 29.4059 1999.37 -12700.1
6.375 29.157 1999.49 -12591.9
6.38 28.9098 1999.6 -12484.5
6.385 28.6506 2000.41 -12374.8
6.39 28.3954 1999.89 -12264.9
6.395 28.1643 1998.72 -12164.2
6.4 27.9549 1998.81 -12073.8
6.405 27.7513 1998.75 -11985.9
6.41 27.5552 1998.76 -11901.3
6.415 27.3639 1998.98 -11819
6.42 27.1859 1997.57 -11740.7
6.425 27.0229 1997.03 -11670.1
6.43 26.8817 1997.28 -11609.3
6.435 26.7504 1997.33 -11552.4
6.44 26.5297 2002.15 -11473.5
6.445 26.2806 2004.67 -11373.4
6.45 26.0159 2003.77 -11255.2
6.455 25.7552 2003.04 -11139.5
6.46 25.4002 2006.06 -10997.9
6.465 25.011 2006.86 -10835.6
6.47 24.6297 2005.05 -10665.7
6.475 24.2675 2004.03 -10502.4
6.48 23.9046 2003.23 -10342.2
6.485 23.4099 2005.78 -10144.9
6.49 22.8764 2007.3 -9925.13
6.495 22.3528 2006.49 -9695.14
6.5 21.8443 2005.31 -9468.22
6.505 21.3563 2003.95 -9249.56
6.51 20.8397 2003.68 -9026.51
6.515 20.2296 2004.45 -8770.65
6.52 19.6574 2003.73 -8515.86
6.525 19.0916 2003.14 -8265.72
6.53 18.5323 2002.56 -8020.56
6.535 17.9836 2002.09 -7780.66
6.54 17.3731 2002.81 -7524.66
6.545 16.7064 2003.7 -7243.91
6.55 16.0793 2003.15 -6967
6.555 15.4742 2002.23 -6699.94
6.56 14.8419 2002.18 -6428.32
6.565 14.2075 2002.25 -6155.7
6.57 13.5904 2001.96 -5887.05
6.575 12.8786 2002.58 -5586.56
6.58 12.2147 2002.11 -5295.45
6.585 11.5679 2001.72 -5012.53
6.59 10.939 2001.41 -4737.97
6.595 10.3288 2001.14 -4472.03
6.6 9.73787 2000.93 -4214.87
6.605 9.16695 2000.76 -3966.7
6.61 8.61663 2000.62 -3727.71
6.615 7.98443 2001.7 -3467.64
6.62 7.39559 2002.03 -3217.37
6.625 6.85474 2001.66 -2979.58
6.63 6.33766 2001.36 -2752.82
6.635 5.84758 2001.04 -2538.01
6.64 5.38543 2000.76 -2335.71
6.645 4.94728 2000.62 -2144.72
6.65 4.53496 2000.5 -1965.21
6.655 4.14858 2000.41 -1797.16
6.66 3.78804 2000.33 -1640.48
6.665 3.45306 2000.27 -1495.01
6.67 3.14534 2000.17 -1361.17
6.675 2.86181 2000.11 -1238.09
6.68 2.60174 2000.09 -1125.4
6.685 2.36501 2000.07 -1022.86
6.69 2.15093 2000.06 -930.153
6.695 1.95878 2000.05 -846.964
6.7 1.78776 2000.04 -772.94
6.705 1.63703 2000.03 -707.707
6.71 1.50564 2000.02 -650.85
6.715 1.39253 2000.02 -601.909
6.72 1.29649 2000.02 -560.358
6.725 1.21614 2000.01 -525.593
6.73 1.14988 2000.01 -496.929
6.735 1.096 2000.01 -473.619
6.74 1.0527 2000.01 -454.887
6.745 1.01822 2000.01 -439.969
6.75 0.990931 2000 -428.162
6.755 0.969435 2000 -418.861
6.76 0.952576 2000 -411.566
6.765 0.939433 2000 -405.879
6.77 0.92929 2000 -401.489
6.775 0.921611 2000 -398.165
6.78 0.916051 2000 -395.758
6.785 0.912493 2000 -394.216
6.79 0.911121 2000 -393.62
6.795 0.913674 2000 -394.556
6.8 0.921768 2000 -397.903
6.805 0.936688 2000 -404.404
6.81 0.961156 2000 -415.019
6.815 0.99739 2000 -430.71
6.82 1.04754 2000 -452.406
6.825 1.11352 2000 -480.939
6.83 1.19692 2000 -516.995
6.835 1.29893 2000 -561.094
6.84 1.4204 2000 -613.604
6.845 1.56188 2000 -674.765
6.85 1.72369 2000 -744.724
6.855 1.90605 2000 -823.572
6.86 2.10905 2000 -911.357
6.865 2.33274 2000 -1008.1
6.87 2.57707 2000 -1113.79
6.875 2.84194 2000 -1228.37
6.88 3.12708 2000 -1351.74
6.885 3.43212 2000 -1483.74
6.89 3.75654 2000 -1624.14
6.895 4.09966 2000 -1772.64
6.9 4.46068 1999.99 -1928.91
6.905 4.83872 1999.99 -2092.55
6.91 5.23277 1999.99 -2263.13
6.915 5.64174 1999.99 -2440.16
6.92 6.06436 1999.99 -2623.09
6.925 6.49912 1999.99 -2811.27
6.93 6.9442 1999.99 -3003.9
6.935 7.39747 1999.99 -3200.04
6.94 7.85654 1999.98 -3398.65
6.945 8.31883 1999.98 -3598.61
6.95 8.78163 1999.98 -3798.73
6.955 9.2421 1999.98 -3997.79
6.96 9.69737 1999.98 -4194.54
6.965 10.1445 1999.98 -4387.7
6.97 10.5805 1999.98 -4575.99
6.975 11.0023 1999.98 -4758.1
6.98 11.407 1999.98 -4932.75
6.985 11.7916 1999.98 -5098.65
6.99 12.1533 1999.98 -5254.61
6.995 12.4894 1999.98 -5399.51
7 12.7978 1999.99 -5532.38
7.005 13.0766 1999.99 -5652.46
7.01 13.3108 2000.14 -5755.13
7.015 13.504 2000.28 -5839.96
7.02 13.673 2000.22 -5911.98
7.025 13.8104 2000.18 -5970.46
7.03 13.9152 2000.15 -6015.01
7.035 13.9864 2000.12 -6045.14
7.04 14.0229 2000.1 -6060.34
7.045 14.023 2000.08 -6059.99
7.05 13.9714 2000.07 -6038.07
7.055 13.8717 2000.05 -5994.51
7.06 13.721 2000.04 -5929.02
7.065 13.5202 2000.04 -5841.85
7.07 13.2707 2000.03 -5733.57
7.075 12.9743 2000.03 -5604.96
7.08 12.6165 2000.22 -5451.97
7.085 12.2064 2000.37 -5275.79
7.09 11.761 2000.31 -5081.64
7.095 11.2749 2000.26 -4869.83
7.1 10.7502 2000.22 -4641.33
7.105 10.189 2000.19 -4397
7.11 9.59289 2000.16 -4137.61
7.115 8.96319 2000.14 -3863.74
7.12 8.30071 2000.13 -3575.78
7.125 7.60585 2000.11 -3273.96
7.13 6.87869 2000.1 -2958.37
7.135 6.11901 2000.09 -2628.93
7.14 5.32632 2000.08 -2285.48
7.145 4.49988 2000.07 -1927.71
7.15 3.63859 2000.07 -1555.15
7.155 2.74093 2000.06 -1167.15
7.16 1.80599 2000.03 -763.153
7.165 0.745774 2000.75 -317.86
7.17 -0.373569 2001.36 157.392
7.175 -1.50947 2001.12 651.092
7.18 -2.69714 2000.92 1166.41
7.185 -3.9358 2000.73 1703.29
7.19 -5.20397 2000.27 2254.22
7.195 -6.59948 2000.95 2847.75
7.2 -8.0435 2001.41 3467.59
7.205 -9.48507 2001.42 4096.93
7.21 -10.9754 2001.26 4743.77
7.215 -12.5137 2000.99 5409.05
7.22 -14.0376 2000.07 6072.6
7.225 -15.6102 1999.9 6752.07
7.23 -17.1225 1999.13 7418
7.235 -18.4662 1996.8 8028.07
7.24 -19.7726 2000.18 8605.34
7.245 -20.6959 2005.48 9037.92
7.25 -21.5316 2004.54 9409.76
7.255 -22.9046 2006.84 9930.9
7.26 -24.0203 2010.21 10405.5
7.265 -25.0841 2009.84 10871.7
7.27 -26.1507 2009.92 11327.8
7.275 -27.1114 2009.75 11747.9
7.28 -28.0513 2008.43 12152.8
7.285 -28.8177 2009.5 12504.5
7.29 -29.5988 2008.96 12844.1
7.295 -30.3378 2008.46 13158.8
7.3 -31.0172 2007.94 13449.1
7.305 -31.6839 2006.46 13729.6
7.31 -32.2564 2005.64 13977.8
7.315 -32.839 2004.64 14221.9
7.32 -33.3996 2003.89 14459.7
7.325 -33.935 2003.13 14688
7.33 -34.4685 2002.58 14913.5
7.335 -34.9936 2002.21 15135
7.34 -35.5054 2001.93 15351.2
7.345 -35.9945 2001.73 15561.1
7.35 -36.468 2001.57 15764.5
7.355 -36.9316 2001.29 15963
7.36 -37.3577 2000.37 16149.5
7.365 -37.7696 2000.14 16329.6
7.37 -38.1675 2000.62 16501.2
7.375 -38.5549 2000.52 16666.3
7.38 -38.9334 2000.43 16827.9
7.385 -39.3036 2000.35 16986.3
7.39 -39.6661 2000.29 17141.6
7.395 -40.0215 2000.24 17294
7.4 -40.3542 2001.08 17439.6
7.405 -40.6746 2001.4 17578.4
7.41 -40.9865 2001.15 17711.9
7.415 -41.2959 2001.01 17843.3
7.42 -41.6055 2000.93 17972.5
7.425 -41.8949 2000.64 18097
7.43 -42.1511 2000.07 18211.2
7.435 -42.4189 2000.06 18326.5
7.44 -42.6822 2000.05 18440
7.445 -42.9411 2000.04 18551.6
7.45 -43.1956 2000.04 18661.3
7.455 -43.4395 2000.81 18768
7.46 -43.6335 2000.61 18858
7.465 -43.8144 1999.99 18939.3
7.47 -44.0122 2000 19022.6
7.475 -44.159 1999.73 19091.5
7.48 -44.2724 1999.33 19145.7
7.485 -44.2922 1998.19 19168.3
7.49 -44.2668 1997.25 19169.8
7.495 -44.2595 1997.37 19164.6
7.5 -44.2827 1998.11 19164.6
7.505 -44.3008 1998.64 19164.9
7.51 -44.3105 1998.89 19164.1
7.515 -44.3177 1999.09 19163.2
7.52 -44.323 1999.26 19162.2
7.525 -44.3267 1999.39 19161.1
7.53 -44.3291 1999.51 19160
7.535 -44.3173 1999.02 19154.8
7.54 -44.2936 1998.42 19144.9
7.545 -44.2804 1998.71 19137.4
7.55 -44.2666 1998.94 19129.9
7.555 -44.2523 1999.14 19122.5
7.56 -44.2377 1999.3 19115.2
7.565 -44.2229 1999.42 19108
7.57 -44.2081 1999.53 19100.9
7.575 -44.1932 1999.62 19093.9
7.58 -44.1785 1999.69 19087.1
7.585 -44.1519 1999.16 19076.7
7.59 -44.122 1998.83 19064.5
7.595 -44.0971 1999.05 19053.1
7.6 -44.0725 1999.22 19041.8
7.605 -44.0482 1999.36 19030.9
7.61 -44.0258 1999.61 19020.7
7.615 -44.0055 1999.88 19011.4
7.62 -43.9842 1999.9 19002.1
7.625 -43.9634 1999.92 18992.9
7.63 -43.943 1999.93 18984
7.635 -43.9231 1999.94 18975.2
7.64 -43.9036 1999.95 18966.7
7.645 -43.8845 1999.96 18958.4
7.65 -43.8659 1999.97 18950.4
7.655 -43.8478 1999.98 18942.5
7.66 -43.83 1999.98 18934.7
7.665 -43.8126 1999.98 18927.2
7.67 -43.7956 1999.99 18919.8
7.675 -43.7789 1999.99 18912.6
7.68 -43.7591 1999.81 18904.4
7.685 -0.170325 -155.975 59.8489
