0.1 1.97805e-17 -0.0155533 -9.15766e-20
0.2 3.99859e-17 -0.0313518 -1.8512e-19
0.3 4.58259e-17 -0.0474074 -2.12157e-19
0.4 4.36496e-17 -0.0637418 -2.02081e-19
0.5 8.04253e-17 -0.0805483 -3.72339e-19
0.6 8.98587e-17 -0.0978412 -4.16012e-19
0.7 1.64486e-16 -0.115484 -7.61508e-19
0.8 1.33988e-16 -0.133487 -6.20317e-19
0.9 1.28605e-16 -0.151873 -5.95393e-19
1 1.87906e-16 -0.170668 -8.69934e-19
0.005 -2.37062e-06 -0.170668 8.2313e-09
0.01 -1.18463e-05 -0.170668 4.11328e-08
0.015 -3.07744e-05 -0.170668 1.06855e-07
0.02 -5.9115e-05 -0.170668 2.0526e-07
0.025 -9.68195e-05 -0.170668 3.36178e-07
0.03 -0.000143838 -0.170669 4.99439e-07
0.035 -0.000200134 -0.170669 6.94908e-07
0.04 -0.000265691 -0.170669 9.22536e-07
0.045 -0.000340528 -0.170669 1.18239e-06
0.05 -0.000424708 -0.170669 1.47468e-06
0.055 -0.000518345 -0.17067 1.79981e-06
0.06 -0.000621614 -0.17067 2.15838e-06
0.065 -0.000734756 -0.17067 2.55123e-06
0.07 -0.000858067 -0.170671 2.97939e-06
0.075 -0.000991878 -0.170671 3.44401e-06
0.08 -0.00113654 -0.170672 3.94631e-06
0.085 -0.00129239 -0.170672 4.48744e-06
0.09 -0.00145969 -0.170673 5.06835e-06
0.095 -0.00163861 -0.170673 5.68961e-06
0.1 -0.0018292 -0.170674 6.35137e-06
0.105 -0.00203138 -0.170674 7.05336e-06
0.11 -0.00224495 -0.170675 7.79493e-06
0.115 -0.00246967 -0.170676 8.57521e-06
0.12 -0.00270524 -0.170676 9.39315e-06
0.125 -0.00295131 -0.170677 1.02475e-05
0.13 -0.00320753 -0.170678 1.11372e-05
0.135 -0.00347352 -0.170679 1.20608e-05
0.14 -0.00374902 -0.17068 1.30173e-05
0.145 -0.00403383 -0.17068 1.40062e-05
0.15 -0.00432797 -0.170681 1.50275e-05
0.155 -0.00463173 -0.170682 1.60822e-05
0.16 -0.00494559 -0.170683 1.7172e-05
0.165 -0.00527029 -0.170684 1.82994e-05
0.17 -0.00560668 -0.170685 1.94674e-05
0.175 -0.00595576 -0.170686 2.06794e-05
0.18 -0.00631845 -0.170687 2.19388e-05
0.185 -0.00669546 -0.170689 2.32478e-05
0.19 -0.00708701 -0.17069 2.46073e-05
0.195 -0.00749268 -0.170691 2.60158e-05
0.2 -0.00791119 -0.170692 2.74689e-05
0.205 -0.00834046 -0.170694 2.89594e-05
0.21 -0.00877761 -0.170695 3.04772e-05
0.215 -0.00921927 -0.170696 3.20107e-05
0.22 -0.00966202 -0.170698 3.35479e-05
0.225 -0.010103 -0.170699 3.50792e-05
0.23 -0.0105406 -0.1707 3.65984e-05
0.235 -0.0109744 -0.170702 3.81047e-05
0.24 -0.0114057 -0.170703 3.96021e-05
0.245 -0.0118372 -0.170704 4.11001e-05
0.25 -0.0122725 -0.170706 4.26117e-05
0.255 -0.0127161 -0.170707 4.4152e-05
0.26 -0.0131726 -0.170709 4.57369e-05
0.265 -0.0136462 -0.17071 4.73813e-05
0.27 -0.0141408 -0.170711 4.90983e-05
0.275 -0.0146594 -0.170713 5.08989e-05
0.28 -0.0152042 -0.170715 5.27904e-05
0.285 -0.0157762 -0.170717 5.47763e-05
0.29 -0.0163751 -0.170718 5.6856e-05
0.295 -0.017 -0.17072 5.90253e-05
0.3 -0.0176488 -0.170722 6.12779e-05
0.305 -0.0183195 -0.170724 6.36067e-05
0.31 -0.0190103 -0.170726 6.6005e-05
0.315 -0.0197196 -0.170729 6.84675e-05
0.32 -0.0204465 -0.170731 7.09914e-05
0.325 -0.021191 -0.170733 7.35763e-05
0.33 -0.0219542 -0.170736 7.62259e-05
0.335 -0.0227379 -0.170738 7.8947e-05
0.34 -0.0235451 -0.17074 8.17494e-05
0.345 -0.0243789 -0.170743 8.46443e-05
0.35 -0.0252423 -0.170746 8.76419e-05
0.355 -0.0261371 -0.170748 9.07484e-05
0.36 -0.0270632 -0.170751 9.39636e-05
0.365 -0.0280183 -0.170754 9.72793e-05
0.37 -0.0289971 -0.170757 0.000100678
0.375 -0.029992 -0.17076 0.000104132
0.38 -0.0309928 -0.170763 0.000107606
0.385 -0.031988 -0.170767 0.000111061
0.39 -0.0329662 -0.17077 0.000114457
0.395 -0.0339177 -0.170772 0.00011776
0.4 -0.0348342 -0.170775 0.000120942
0.405 -0.0357096 -0.170778 0.000123981
0.41 -0.0365407 -0.170781 0.000126867
0.415 -0.0373275 -0.170783 0.000129598
0.42 -0.0380735 -0.170785 0.000132188
0.425 -0.0387848 -0.170788 0.000134657
0.43 -0.039469 -0.17079 0.000137033
0.435 -0.0401339 -0.170792 0.000139341
0.44 -0.040786 -0.170794 0.000141605
0.445 -0.0414313 -0.170796 0.000143845
0.45 -0.042075 -0.170798 0.000146079
0.455 -0.0427232 -0.1708 0.00014833
0.46 -0.0433821 -0.170802 0.000150617
0.465 -0.0440586 -0.170804 0.000152965
0.47 -0.0447586 -0.170806 0.000155395
0.475 -0.0454874 -0.170808 0.000157926
0.48 -0.0462492 -0.170811 0.00016057
0.485 -0.047047 -0.170813 0.00016334
0.49 -0.0478824 -0.170816 0.00016624
0.495 -0.0487555 -0.170819 0.000169271
0.5 -0.0496646 -0.170821 0.000172426
0.505 -0.050608 -0.170824 0.000175701
0.51 -0.0515847 -0.170827 0.000179092
0.515 -0.0525958 -0.17083 0.000182602
0.52 -0.0536448 -0.170834 0.000186243
0.525 -0.054737 -0.170837 0.000190035
0.53 -0.0558792 -0.170841 0.000193999
0.535 -0.0570775 -0.170844 0.000198159
0.54 -0.0583351 -0.170848 0.000202525
0.545 -0.0596509 -0.170852 0.000207092
0.55 -0.0610187 -0.170857 0.00021184
0.555 -0.0624286 -0.170861 0.000216734
0.56 -0.0638682 -0.170866 0.000221731
0.565 -0.0653249 -0.17087 0.000226788
0.57 -0.0667871 -0.170875 0.000231863
0.575 -0.0682441 -0.170879 0.000236921
0.58 -0.0696872 -0.170884 0.00024193
0.585 -0.0711109 -0.170888 0.000246872
0.59 -0.0725132 -0.170893 0.000251739
0.595 -0.073896 -0.170897 0.000256539
0.6 -0.0752639 -0.170901 0.000261287
0.605 -0.0766237 -0.170905 0.000266007
0.61 -0.0779816 -0.17091 0.00027072
0.615 -0.0793416 -0.170914 0.00027544
0.62 -0.080703 -0.170918 0.000280166
0.625 -0.0820609 -0.170922 0.000284879
0.63 -0.0834059 -0.170927 0.000289547
0.635 -0.0847264 -0.170931 0.00029413
0.64 -0.0860112 -0.170935 0.00029859
0.645 -0.0872526 -0.170939 0.000302898
0.65 -0.0884488 -0.170943 0.00030705
0.655 -0.0896047 -0.170946 0.000311062
0.66 -0.0907299 -0.17095 0.000314967
0.665 -0.0918363 -0.170953 0.000318807
0.67 -0.092936 -0.170957 0.000322624
0.675 -0.0940406 -0.17096 0.000326457
0.68 -0.0951595 -0.170964 0.000330341
0.685 -0.0962996 -0.170967 0.000334298
0.69 -0.0974663 -0.170971 0.000338347
0.695 -0.0986658 -0.170975 0.00034251
0.7 -0.0999083 -0.170979 0.000346822
0.705 -0.101209 -0.170983 0.000351335
0.71 -0.102586 -0.170987 0.000356114
0.715 -0.104061 -0.170992 0.000361233
0.72 -0.105654 -0.170997 0.000366764
0.725 -0.107383 -0.171002 0.000372764
0.73 -0.109259 -0.171008 0.000379274
0.735 -0.111289 -0.171015 0.000386319
0.74 -0.113475 -0.171021 0.000393904
0.745 -0.115812 -0.171029 0.000402015
0.75 -0.118294 -0.171037 0.000410629
0.755 -0.120912 -0.171045 0.000419713
0.76 -0.123655 -0.171054 0.000429233
0.765 -0.126515 -0.171063 0.000439158
0.77 -0.129483 -0.171072 0.000449458
0.775 -0.132552 -0.171082 0.000460105
0.78 -0.135711 -0.171092 0.000471067
0.785 -0.138949 -0.171102 0.000482303
0.79 -0.142249 -0.171113 0.000493754
0.795 -0.145587 -0.171123 0.000505335
0.8 -0.14893 -0.171134 0.000516935
0.805 -0.152241 -0.171145 0.000528423
0.81 -0.155481 -0.171155 0.000539668
0.815 -0.158618 -0.171165 0.000550552
0.82 -0.161626 -0.171175 0.000560987
0.825 -0.164488 -0.171184 0.000570918
0.83 -0.167203 -0.171193 0.000580338
0.835 -0.169785 -0.171201 0.000589294
0.84 -0.172262 -0.171209 0.000597887
0.845 -0.174671 -0.171217 0.000606246
0.85 -0.177055 -0.171224 0.000614516
0.855 -0.179453 -0.171232 0.000622837
0.86 -0.181896 -0.17124 0.00063131
0.865 -0.184395 -0.171248 0.000639981
0.87 -0.18695 -0.171256 0.000648843
0.875 -0.189546 -0.171265 0.000657848
0.88 -0.192163 -0.171273 0.000666926
0.885 -0.194777 -0.171282 0.000675995
0.89 -0.197366 -0.17129 0.000684977
0.895 -0.199913 -0.171298 0.000693814
0.9 -0.202409 -0.171306 0.000702471
0.905 -0.204851 -0.171314 0.000710942
0.91 -0.207241 -0.171322 0.000719231
0.915 -0.209582 -0.17133 0.000727351
0.92 -0.211874 -0.171337 0.000735302
0.925 -0.214114 -0.171344 0.000743071
0.93 -0.21629 -0.171351 0.000750621
0.935 -0.21839 -0.171358 0.000757905
0.94 -0.220398 -0.171365 0.000764868
0.945 -0.222297 -0.171371 0.000771456
0.95 -0.224074 -0.171377 0.00077762
0.955 -0.225718 -0.171382 0.000783321
0.96 -0.227222 -0.171387 0.000788539
0.965 -0.228587 -0.171392 0.000793272
0.97 -0.229814 -0.171396 0.000797528
0.975 -0.230903 -0.171399 0.000801305
0.98 -0.231851 -0.171402 0.000804593
0.985 -0.232653 -0.171405 0.000807373
0.99 -0.233301 -0.171407 0.00080962
0.995 -0.233788 -0.171409 0.00081131
1 -0.234109 -0.17141 0.000812424
1.005 -0.234262 -0.17141 0.000812955
1.01 -0.234249 -0.17141 0.000812909
1.015 -0.234079 -0.17141 0.000812319
1.02 -0.23377 -0.17141 0.000811247
1.025 -0.233352 -0.17141 0.000809795
1.03 -0.232866 -0.17141 0.000808108
1.035 -0.232367 -0.17141 0.000806373
1.04 -0.231918 -0.17141 0.000804814
1.045 -0.231588 -0.17141 0.000803671
1.05 -0.231448 -0.17141 0.000803185
1.055 -0.231561 -0.17141 0.000803575
1.06 -0.231971 -0.17141 0.000804999
1.065 -0.232697 -0.17141 0.00080752
1.07 -0.233731 -0.17141 0.000811111
1.075 -0.235043 -0.17141 0.000815664
1.08 -0.236585 -0.171414 0.000821015
1.085 -0.238302 -0.17142 0.000826971
1.09 -0.240134 -0.171427 0.000833321
1.095 -0.242018 -0.171433 0.000839856
1.1 -0.243905 -0.17144 0.000846399
1.105 -0.245764 -0.171446 0.000852846
1.11 -0.247589 -0.171453 0.000859178
1.115 -0.249393 -0.171459 0.000865433
1.12 -0.251198 -0.171465 0.000871692
1.125 -0.253034 -0.171471 0.000878061
1.13 -0.254933 -0.171477 0.000884644
1.135 -0.256918 -0.171484 0.000891527
1.14 -0.259001 -0.171491 0.000898752
1.145 -0.261175 -0.171498 0.000906291
1.15 -0.263407 -0.171506 0.000914031
1.155 -0.265636 -0.171513 0.00092176
1.16 -0.267769 -0.17152 0.000929159
1.165 -0.269685 -0.171526 0.000935801
1.17 -0.271235 -0.171532 0.000941176
1.175 -0.272262 -0.171535 0.000944737
1.18 -0.272616 -0.171536 0.000945966
1.185 -0.272163 -0.171535 0.000944397
1.19 -0.270786 -0.171534 0.000939615
1.195 -0.268391 -0.171534 0.0009313
1.2 -0.264922 -0.171535 0.000919252
1.205 -0.260344 -0.171535 0.000903356
1.21 -0.254634 -0.171535 0.000883528
1.215 -0.247773 -0.171536 0.000859708
1.22 -0.23975 -0.171536 0.000831849
1.225 -0.230558 -0.171536 0.000799932
1.23 -0.220202 -0.171536 0.000763973
1.235 -0.208703 -0.171536 0.000724045
1.24 -0.196105 -0.171536 0.000680302
1.245 -0.182481 -0.171536 0.000632996
1.25 -0.167935 -0.171536 0.00058249
1.255 -0.152595 -0.171537 0.000529227
1.26 -0.136592 -0.171537 0.00047366
1.265 -0.120036 -0.171537 0.000416174
1.27 -0.103012 -0.171537 0.000357065
1.275 -0.0855829 -0.171538 0.000296548
1.28 -0.0677955 -0.171539 0.000234788
1.285 -0.0496947 -0.17154 0.00017194
1.29 -0.0313379 -0.171546 0.000108203
1.295 -0.0128087 -0.171563 4.38697e-05
1.3 0.00577381 -0.171606 -2.06488e-05
1.305 0.0242528 -0.171669 -8.48055e-05
1.31 0.0424414 -0.17173 -0.000147947
1.315 0.0601388 -0.171791 -0.000209378
1.32 0.0771486 -0.171848 -0.000268415
1.325 0.0932915 -0.171902 -0.000324438
1.33 0.108407 -0.171953 -0.000376889
1.335 0.122343 -0.171999 -0.000425245
1.34 0.134951 -0.172041 -0.000468987
1.345 0.146078 -0.172078 -0.000507587
1.35 0.155577 -0.17211 -0.000540539
1.355 0.163322 -0.172136 -0.000567404
1.36 0.169209 -0.172156 -0.000587822
1.365 0.173159 -0.172169 -0.00060152
1.37 0.175124 -0.172176 -0.000608336
1.375 0.175092 -0.172176 -0.000608225
1.38 0.173084 -0.172175 -0.000601244
1.385 0.16914 -0.172176 -0.000587545
1.39 0.163314 -0.172176 -0.000567317
1.395 0.15566 -0.172176 -0.00054074
1.4 0.146224 -0.172177 -0.000507975
1.405 0.135038 -0.172177 -0.000469138
1.41 0.122118 -0.172177 -0.000424276
1.415 0.107458 -0.172177 -0.000373372
1.42 0.0910416 -0.172178 -0.000316372
1.425 0.0728574 -0.172178 -0.000253233
1.43 0.0529079 -0.172178 -0.000183964
1.435 0.0312245 -0.172178 -0.000108675
1.44 0.00787879 -0.172178 -2.76139e-05
1.445 -0.0170089 -0.172178 5.88009e-05
1.45 -0.0432685 -0.172178 0.000149979
1.455 -0.0706898 -0.172178 0.00024519
1.46 -0.0990402 -0.172178 0.000343626
1.465 -0.128076 -0.172178 0.000444442
1.47 -0.157543 -0.172178 0.000546751
1.475 -0.187177 -0.172178 0.00064964
1.48 -0.216734 -0.17218 0.000752256
1.485 -0.246004 -0.172184 0.000853869
1.49 -0.274807 -0.172206 0.000953827
1.495 -0.302985 -0.172277 0.00105153
1.5 -0.33041 -0.17238 0.00114658
1.505 -0.35698 -0.17248 0.00123864
1.51 -0.382599 -0.172576 0.00132741
1.515 -0.407184 -0.172668 0.00141258
1.52 -0.430667 -0.172755 0.00149392
1.525 -0.452998 -0.172837 0.00157127
1.53 -0.47415 -0.172914 0.00164451
1.535 -0.494112 -0.172987 0.00171363
1.54 -0.512887 -0.173056 0.00177863
1.545 -0.530493 -0.17312 0.00183957
1.55 -0.546953 -0.17318 0.00189654
1.555 -0.5623 -0.173236 0.00194965
1.56 -0.576573 -0.173288 0.00199905
1.565 -0.589823 -0.173336 0.00204489
1.57 -0.602115 -0.173381 0.00208742
1.575 -0.613533 -0.173422 0.00212692
1.58 -0.62417 -0.173461 0.00216372
1.585 -0.634137 -0.173498 0.0021982
1.59 -0.643551 -0.173532 0.00223076
1.595 -0.652532 -0.173565 0.00226182
1.6 -0.661186 -0.173596 0.00229176
1.605 -0.669598 -0.173627 0.00232085
1.61 -0.677827 -0.173657 0.00234931
1.615 -0.68592 -0.173687 0.00237729
1.62 -0.693918 -0.173716 0.00240495
1.625 -0.701858 -0.173745 0.0024324
1.63 -0.709764 -0.173775 0.00245974
1.635 -0.717651 -0.173804 0.00248701
1.64 -0.725512 -0.173832 0.00251419
1.645 -0.733328 -0.173861 0.00254121
1.65 -0.741068 -0.17389 0.00256796
1.655 -0.748697 -0.173918 0.00259433
1.66 -0.756164 -0.173946 0.00262014
1.665 -0.763396 -0.173973 0.00264514
1.67 -0.770296 -0.173998 0.00266899
1.675 -0.776735 -0.174022 0.00269124
1.68 -0.782569 -0.174044 0.0027114
1.685 -0.787634 -0.174063 0.00272891
1.69 -0.791761 -0.174078 0.00274317
1.695 -0.794784 -0.17409 0.00275361
1.7 -0.796557 -0.174096 0.00275974
1.705 -0.796963 -0.174098 0.00276114
1.71 -0.795907 -0.174094 0.00275749
1.715 -0.793308 -0.174092 0.00274848
1.72 -0.78909 -0.174093 0.00273383
1.725 -0.783179 -0.174094 0.0027133
1.73 -0.775504 -0.174095 0.00268664
1.735 -0.766001 -0.174096 0.00265365
1.74 -0.754631 -0.174096 0.00261417
1.745 -0.741391 -0.174096 0.00256819
1.75 -0.726324 -0.174097 0.00251587
1.755 -0.709523 -0.174097 0.00245753
1.76 -0.691121 -0.174097 0.00239364
1.765 -0.671285 -0.174097 0.00232476
1.77 -0.650209 -0.174098 0.00225158
1.775 -0.628102 -0.174098 0.00217483
1.78 -0.605175 -0.174098 0.00209522
1.785 -0.581634 -0.174098 0.00201348
1.79 -0.557678 -0.174098 0.0019303
1.795 -0.533496 -0.174098 0.00184634
1.8 -0.509252 -0.174098 0.00176217
1.805 -0.485083 -0.174098 0.00167826
1.81 -0.461104 -0.174097 0.00159501
1.815 -0.437401 -0.174097 0.00151271
1.82 -0.414019 -0.174097 0.00143154
1.825 -0.390941 -0.174097 0.00135142
1.83 -0.368094 -0.174096 0.00127211
1.835 -0.345371 -0.174096 0.00119322
1.84 -0.32266 -0.174096 0.00111438
1.845 -0.299875 -0.174095 0.00103529
1.85 -0.276985 -0.174095 0.000955835
1.855 -0.254031 -0.174094 0.00087616
1.86 -0.231138 -0.174094 0.000796699
1.865 -0.2085 -0.174093 0.000718126
1.87 -0.186348 -0.174093 0.000641246
1.875 -0.164915 -0.174093 0.000566866
1.88 -0.144424 -0.174092 0.000495759
1.885 -0.125093 -0.174092 0.000428679
1.89 -0.107139 -0.174092 0.000366387
1.895 -0.0907691 -0.174092 0.000309593
1.9 -0.0761429 -0.174092 0.000258854
1.905 -0.0633498 -0.174092 0.000214478
1.91 -0.0524102 -0.174092 0.000176534
1.915 -0.0432935 -0.174092 0.000144915
1.92 -0.0359281 -0.174093 0.000119372
1.925 -0.0302158 -0.174093 9.95624e-05
1.93 -0.0260529 -0.174093 8.5127e-05
1.935 -0.0233519 -0.174093 7.57617e-05
1.94 -0.0220602 -0.174093 7.12835e-05
1.945 -0.022173 -0.174093 7.1676e-05
1.95 -0.023731 -0.174093 7.70853e-05
1.955 -0.0268026 -0.174093 8.77518e-05
1.96 -0.0314681 -0.174093 0.000103952
1.965 -0.0378125 -0.174093 0.000125982
1.97 -0.0459177 -0.174093 0.000154126
1.975 -0.0558443 -0.174093 0.000188594
1.98 -0.0676146 -0.174093 0.000229463
1.985 -0.0812096 -0.174093 0.000276668
1.99 -0.096571 -0.174093 0.000330007
1.995 -0.113599 -0.174093 0.000389132
2 -0.132146 -0.174093 0.000453532
2.005 -0.152015 -0.174093 0.00052252
2.01 -0.172963 -0.174093 0.000595256
2.015 -0.194713 -0.174093 0.000670778
2.02 -0.21696 -0.174093 0.000748022
2.025 -0.239363 -0.174093 0.000825812
2.03 -0.261575 -0.174093 0.000902932
2.035 -0.283265 -0.174093 0.000978246
2.04 -0.304152 -0.174093 0.00105077
2.045 -0.323996 -0.174093 0.00111967
2.05 -0.342609 -0.174093 0.00118429
2.055 -0.359861 -0.174093 0.00124419
2.06 -0.375658 -0.174093 0.00129904
2.065 -0.389932 -0.174093 0.0013486
2.07 -0.402648 -0.174093 0.00139275
2.075 -0.413825 -0.174093 0.00143155
2.08 -0.423543 -0.174093 0.00146529
2.085 -0.431936 -0.174092 0.00149443
2.09 -0.439173 -0.174092 0.00151955
2.095 -0.445428 -0.174092 0.00154127
2.1 -0.45086 -0.174092 0.00156013
2.105 -0.455583 -0.174092 0.00157652
2.11 -0.459654 -0.174092 0.00159066
2.115 -0.463092 -0.174092 0.00160259
2.12 -0.465917 -0.174092 0.0016124
2.125 -0.468176 -0.174092 0.00162024
2.13 -0.469957 -0.174092 0.00162643
2.135 -0.471398 -0.174092 0.00163143
2.14 -0.472683 -0.174092 0.00163589
2.145 -0.474024 -0.174092 0.00164054
2.15 -0.47563 -0.174092 0.00164612
2.155 -0.477702 -0.174092 0.00165331
2.16 -0.480405 -0.174092 0.00166269
2.165 -0.483853 -0.174092 0.00167467
2.17 -0.488114 -0.174092 0.00168946
2.175 -0.493234 -0.174092 0.00170723
2.18 -0.499252 -0.174092 0.00172812
2.185 -0.506204 -0.174092 0.00175226
2.19 -0.514144 -0.174092 0.00177982
2.195 -0.523145 -0.174092 0.00181107
2.2 -0.533308 -0.174091 0.00184635
2.205 -0.54475 -0.174091 0.00188606
2.21 -0.557601 -0.174091 0.00193067
2.215 -0.571988 -0.174091 0.00198061
2.22 -0.588008 -0.174091 0.00203621
2.225 -0.605713 -0.174091 0.00209766
2.23 -0.625093 -0.174091 0.00216491
2.235 -0.646051 -0.174091 0.00223763
2.24 -0.668388 -0.174091 0.00231512
2.245 -0.691803 -0.174092 0.00239635
2.25 -0.715935 -0.174093 0.00248004
2.255 -0.740421 -0.174095 0.00256496
2.26 -0.764921 -0.174098 0.00264991
2.265 -0.789115 -0.174102 0.00273381
2.27 -0.812704 -0.174112 0.00281559
2.275 -0.835424 -0.174168 0.00289417
2.28 -0.85702 -0.174263 0.0029687
2.285 -0.87721 -0.17435 0.00303839
2.29 -0.895666 -0.17443 0.00310209
2.295 -0.912028 -0.1745 0.00315857
2.3 -0.925907 -0.17456 0.00320647
2.305 -0.936904 -0.174608 0.00324443
2.31 -0.944643 -0.174642 0.00327113
2.315 -0.948798 -0.174662 0.00328546
2.32 -0.949089 -0.174666 0.00328645
2.325 -0.94528 -0.174655 0.00327329
2.33 -0.937169 -0.174649 0.00324516
2.335 -0.924567 -0.174655 0.00320137
2.34 -0.907288 -0.174659 0.00314135
2.345 -0.885154 -0.174663 0.00306447
2.35 -0.858023 -0.174665 0.00297025
2.355 -0.825816 -0.174668 0.00285841
2.36 -0.788519 -0.174669 0.0027289
2.365 -0.746198 -0.174671 0.00258195
2.37 -0.699019 -0.174672 0.00241813
2.375 -0.647284 -0.174672 0.0022385
2.38 -0.591477 -0.174673 0.00204474
2.385 -0.532284 -0.174673 0.00183924
2.39 -0.470581 -0.174672 0.00162504
2.395 -0.40737 -0.174671 0.00140562
2.4 -0.343741 -0.17467 0.00118477
2.405 -0.280851 -0.174668 0.000966515
2.41 -0.219878 -0.174666 0.000754956
2.415 -0.161937 -0.174665 0.000553961
2.42 -0.107983 -0.174664 0.00036685
2.425 -0.0588093 -0.174664 0.000196375
2.43 -0.0150715 -0.174667 4.47908e-05
2.435 0.0227321 -0.174674 -8.61889e-05
2.44 0.054244 -0.174685 -0.000195353
2.445 0.0792091 -0.174701 -0.000281842
2.45 0.0974654 -0.174721 -0.000345093
2.455 0.108938 -0.174739 -0.00038484
2.46 0.113607 -0.17475 -0.000401015
2.465 0.111487 -0.17475 -0.00039366
2.47 0.102614 -0.174749 -0.000362858
2.475 0.0870435 -0.174752 -0.000308783
2.48 0.0648472 -0.174755 -0.000231704
2.485 0.0361102 -0.174757 -0.000131915
2.49 0.00093546 -0.174759 -9.77461e-06
2.495 -0.040547 -0.17476 0.000134266
2.5 -0.0881529 -0.174761 0.000299567
2.505 -0.141598 -0.174762 0.000485141
2.51 -0.200456 -0.174763 0.000689507
2.515 -0.26414 -0.174763 0.000910619
2.52 -0.331903 -0.174763 0.00114589
2.525 -0.402886 -0.174763 0.00139232
2.53 -0.476201 -0.174762 0.00164682
2.535 -0.551028 -0.174762 0.00190653
2.54 -0.626665 -0.174761 0.00216898
2.545 -0.702561 -0.174761 0.00243225
2.55 -0.778304 -0.174762 0.00269486
2.555 -0.853574 -0.174766 0.00295573
2.56 -0.928132 -0.174774 0.00321408
2.565 -1.0018 -0.174806 0.00346927
2.57 -1.07439 -0.175 0.00372005
2.575 -1.14572 -0.175331 0.0039658
2.58 -1.21558 -0.175654 0.00420646
2.585 -1.28379 -0.175967 0.00444132
2.59 -1.35019 -0.176271 0.00466989
2.595 -1.4147 -0.176564 0.0048918
2.6 -1.47727 -0.176843 0.00510644
2.605 -1.53787 -0.177103 0.00531339
2.61 -1.59646 -0.177334 0.0055118
2.615 -1.65296 -0.177542 0.00570194
2.62 -1.70725 -0.177743 0.00588456
2.625 -1.75916 -0.177907 0.00605756
2.63 -1.8085 -0.178034 0.00622043
2.635 -1.85511 -0.178144 0.0063738
2.64 -1.89887 -0.178237 0.00651738
2.645 -1.93972 -0.178321 0.00665123
2.65 -1.97772 -0.178355 0.00677399
2.655 -2.01297 -0.178351 0.00688644
2.66 -2.04566 -0.178351 0.00699079
2.665 -2.076 -0.178354 0.00708772
2.67 -2.10426 -0.178358 0.00717804
2.675 -2.13071 -0.178364 0.00726263
2.68 -2.15567 -0.178372 0.00734246
2.685 -2.17944 -0.17838 0.00741852
2.69 -2.20228 -0.178387 0.00749159
2.695 -2.22443 -0.178376 0.00756188
2.7 -2.24605 -0.178345 0.00762989
2.705 -2.26729 -0.178313 0.00769651
2.71 -2.2882 -0.178284 0.00776217
2.715 -2.30882 -0.178257 0.00782695
2.72 -2.32917 -0.178232 0.00789092
2.725 -2.34928 -0.178208 0.00795413
2.73 -2.36917 -0.178185 0.00801667
2.735 -2.38887 -0.178163 0.00807863
2.74 -2.40842 -0.178142 0.00814012
2.745 -2.42786 -0.178122 0.00820126
2.75 -2.44721 -0.178103 0.00826214
2.755 -2.46652 -0.178084 0.00832287
2.76 -2.48578 -0.178065 0.00838344
2.765 -2.50496 -0.178047 0.00844376
2.77 -2.52397 -0.17803 0.00850356
2.775 -2.54267 -0.178012 0.00856233
2.78 -2.56084 -0.177981 0.00861912
2.785 -2.57817 -0.177941 0.00867303
2.79 -2.59427 -0.177904 0.00872313
2.795 -2.60868 -0.177872 0.00876795
2.8 -2.62088 -0.177845 0.00880589
2.805 -2.63039 -0.177822 0.0088354
2.81 -2.63679 -0.177807 0.00885521
2.815 -2.63974 -0.177798 0.00886434
2.82 -2.639 -0.177799 0.00886198
2.825 -2.63432 -0.177824 0.00884723
2.83 -2.6255 -0.177882 0.00881928
2.835 -2.61234 -0.177966 0.00877755
2.84 -2.59468 -0.178076 0.00872141
2.845 -2.57236 -0.178214 0.00865041
2.85 -2.54525 -0.178381 0.00856417
2.855 -2.51322 -0.178576 0.00846222
2.86 -2.4762 -0.178776 0.00834374
2.865 -2.43425 -0.178982 0.0082089
2.87 -2.38752 -0.179214 0.00805882
2.875 -2.33635 -0.17947 0.00789458
2.88 -2.28124 -0.179748 0.00771775
2.885 -2.22277 -0.180043 0.00753021
2.89 -2.16152 -0.180338 0.00733305
2.895 -2.09799 -0.180587 0.00712652
2.9 -2.0326 -0.180804 0.00691277
2.905 -1.96565 -0.18103 0.00669418
2.91 -1.89735 -0.181256 0.00647095
2.915 -1.82789 -0.181415 0.00624085
2.92 -1.75749 -0.181501 0.00600448
2.925 -1.68648 -0.181573 0.00576546
2.93 -1.61522 -0.181612 0.00552351
2.935 -1.54406 -0.181621 0.0052801
2.94 -1.47333 -0.181619 0.00503703
2.945 -1.4033 -0.181601 0.00479479
2.95 -1.33414 -0.181579 0.00455499
2.955 -1.26605 -0.181556 0.00431868
2.96 -1.19926 -0.181536 0.00408708
2.965 -1.13405 -0.181519 0.00386112
2.97 -1.07079 -0.181505 0.00364201
2.975 -1.00989 -0.181492 0.00343118
2.98 -0.951817 -0.181482 0.00323021
2.985 -0.897002 -0.181473 0.00304055
2.99 -0.845819 -0.181465 0.0028635
2.995 -0.798574 -0.181459 0.00270009
3 -0.755485 -0.181454 0.00255108
3.005 -0.716673 -0.18145 0.00241686
3.01 -0.682144 -0.181446 0.00229747
3.015 -0.651766 -0.181444 0.00219243
3.02 -0.62523 -0.181442 0.00210069
3.025 -0.602044 -0.18144 0.00202052
3.03 -0.581545 -0.181439 0.00194965
3.035 -0.562959 -0.181438 0.0018854
3.04 -0.54547 -0.181438 0.00182494
3.045 -0.528265 -0.181438 0.00176547
3.05 -0.510628 -0.181438 0.00170451
3.055 -0.492035 -0.181438 0.00164025
3.06 -0.472176 -0.181438 0.00157161
3.065 -0.45091 -0.181439 0.00149811
3.07 -0.428224 -0.18144 0.0014197
3.075 -0.40418 -0.181442 0.00133661
3.08 -0.378875 -0.181444 0.00124915
3.085 -0.35242 -0.181447 0.00115772
3.09 -0.324906 -0.181451 0.00106262
3.095 -0.296378 -0.181456 0.000964016
3.1 -0.266818 -0.181463 0.000861854
3.105 -0.236148 -0.181474 0.000755867
3.11 -0.204233 -0.181489 0.000645561
3.115 -0.170891 -0.18151 0.000530322
3.12 -0.135914 -0.18154 0.000409433
3.125 -0.0991023 -0.181579 0.000282136
3.13 -0.0603026 -0.181626 0.000147855
3.135 -0.0194382 -0.181694 5.99751e-06
3.14 0.0235015 -0.181791 -0.000143619
3.145 0.0685054 -0.181922 -0.000299922
3.15 0.115588 -0.182071 -0.000462656
3.155 0.164822 -0.182228 -0.000632732
3.16 0.216357 -0.182393 -0.000810748
3.165 0.270418 -0.182567 -0.000997472
3.17 0.32728 -0.182751 -0.00119384
3.175 0.387202 -0.182948 -0.00140073
3.18 0.450351 -0.183158 -0.00161871
3.185 0.516782 -0.183383 -0.00184795
3.19 0.586453 -0.183622 -0.00208829
3.195 0.65923 -0.183875 -0.00233927
3.2 0.734873 -0.184144 -0.00260002
3.205 0.81302 -0.184427 -0.0028693
3.21 0.893189 -0.184722 -0.00314536
3.215 0.974794 -0.18502 -0.0034256
3.22 1.05716 -0.185311 -0.00370696
3.225 1.13954 -0.185577 -0.00398586
3.23 1.22112 -0.185825 -0.00426032
3.235 1.30117 -0.186029 -0.0045271
3.24 1.37897 -0.186189 -0.00478398
3.245 1.4538 -0.186319 -0.00502992
3.25 1.52507 -0.186347 -0.00526024
3.255 1.59242 -0.186311 -0.00547522
3.26 1.65579 -0.186287 -0.00567766
3.265 1.71524 -0.186267 -0.00586759
3.27 1.77093 -0.186208 -0.00604422
3.275 1.82308 -0.186108 -0.00620804
3.28 1.87196 -0.186014 -0.00636124
3.285 1.91787 -0.185931 -0.00650527
3.29 1.96112 -0.185858 -0.00664097
3.295 2.00189 -0.185792 -0.00676898
3.3 2.0403 -0.185733 -0.00688959
3.305 2.07639 -0.185656 -0.00700238
3.31 2.11014 -0.185562 -0.00710736
3.315 2.14153 -0.185478 -0.00720503
3.32 2.17057 -0.185401 -0.00729541
3.325 2.19731 -0.185333 -0.00737864
3.33 2.2219 -0.185271 -0.00745517
3.335 2.24459 -0.185212 -0.00752567
3.34 2.26575 -0.185157 -0.00759132
3.345 2.28584 -0.185105 -0.00765369
3.35 2.30545 -0.185055 -0.00771453
3.355 2.32525 -0.185006 -0.00777601
3.36 2.3461 -0.184954 -0.00784076
3.365 2.36898 -0.184896 -0.00791168
3.37 2.39491 -0.184829 -0.00799196
3.375 2.42482 -0.184753 -0.00808459
3.38 2.45942 -0.184666 -0.00819168
3.385 2.49921 -0.184561 -0.00831452
3.39 2.54461 -0.184421 -0.00845361
3.395 2.59595 -0.184225 -0.00860968
3.4 2.65346 -0.183985 -0.00878411
3.405 2.71732 -0.183723 -0.00897776
3.41 2.78769 -0.183412 -0.00918979
3.415 2.86466 -0.18304 -0.00941977
3.42 2.94827 -0.182627 -0.00966872
3.425 3.03847 -0.182142 -0.00993496
3.43 3.13507 -0.181586 -0.0102178
3.435 3.23772 -0.180949 -0.0105157
3.44 3.34591 -0.180229 -0.0108267
3.445 3.45893 -0.17939 -0.0111471
3.45 3.57598 -0.178409 -0.011475
3.455 3.69621 -0.177311 -0.0118092
3.46 3.81876 -0.176088 -0.0121445
3.465 3.94282 -0.1748 -0.012481
3.47 4.06763 -0.173437 -0.0128182
3.475 4.1925 -0.172024 -0.0131546
3.48 4.31676 -0.170628 -0.0134883
3.485 4.43981 -0.16924 -0.0138179
3.49 4.56114 -0.167866 -0.0141416
3.495 4.68035 -0.166501 -0.0144558
3.5 4.79717 -0.165107 -0.0147592
3.505 4.91147 -0.163724 -0.0150492
3.51 5.02323 -0.162392 -0.0153261
3.515 5.13253 -0.161075 -0.015591
3.52 5.23956 -0.159784 -0.0158383
3.525 5.34464 -0.158629 -0.0160645
3.53 5.44821 -0.1576 -0.0162787
3.535 5.55071 -0.156612 -0.01649
3.54 5.65257 -0.155665 -0.0166984
3.545 5.75409 -0.154799 -0.0169014
3.55 5.8554 -0.153937 -0.0171014
3.555 5.95653 -0.153032 -0.017302
3.56 6.0574 -0.15215 -0.0175017
3.565 6.15777 -0.151282 -0.0177014
3.57 6.25732 -0.150434 -0.0178999
3.575 6.35565 -0.149627 -0.0180951
3.58 6.45242 -0.148865 -0.0182866
3.585 6.5474 -0.148165 -0.0184732
3.59 6.64045 -0.147465 -0.0186575
3.595 6.73151 -0.146657 -0.0188475
3.6 6.82058 -0.145794 -0.0190399
3.605 6.90771 -0.144963 -0.0192275
3.61 6.993 -0.144163 -0.0194107
3.615 7.0766 -0.143391 -0.0195898
3.62 7.15872 -0.142644 -0.0197654
3.625 7.2396 -0.141919 -0.019938
3.63 7.31957 -0.141212 -0.020109
3.635 7.39896 -0.140467 -0.0202818
3.64 7.47814 -0.139684 -0.0204569
3.645 7.55746 -0.138911 -0.0206319
3.65 7.63729 -0.138143 -0.0208077
3.655 7.71793 -0.137378 -0.020985
3.66 7.79961 -0.136615 -0.0211643
3.665 7.88238 -0.135852 -0.0213457
3.67 7.96607 -0.135092 -0.0215289
3.675 8.05031 -0.134334 -0.0217132
3.68 8.13452 -0.133585 -0.0218975
3.685 8.21797 -0.132869 -0.0220796
3.69 8.29989 -0.132193 -0.0222579
3.695 8.3795 -0.131543 -0.0224312
3.7 8.45607 -0.130886 -0.0225992
3.705 8.52896 -0.130229 -0.0227603
3.71 8.59771 -0.129617 -0.0229121
3.715 8.66202 -0.129053 -0.023054
3.72 8.72172 -0.128536 -0.0231856
3.725 8.77668 -0.128066 -0.0233067
3.73 8.82681 -0.127642 -0.0234171
3.735 8.87206 -0.127264 -0.0235166
3.74 8.91242 -0.12693 -0.0236054
3.745 8.94796 -0.126639 -0.0236835
3.75 8.97881 -0.12639 -0.0237513
3.755 9.00513 -0.126178 -0.0238091
3.76 9.02711 -0.126003 -0.0238574
3.765 9.04491 -0.125862 -0.0238964
3.77 9.05859 -0.125755 -0.0239264
3.775 9.06817 -0.12568 -0.0239474
3.78 9.07358 -0.125639 -0.0239593
3.785 9.07477 -0.12563 -0.0239619
3.79 9.07172 -0.125657 -0.0239551
3.795 9.06449 -0.125735 -0.0239365
3.8 9.05328 -0.125868 -0.0239058
3.805 9.03841 -0.126044 -0.0238655
3.81 9.02035 -0.126259 -0.0238167
3.815 8.99962 -0.126508 -0.0237612
3.82 8.97679 -0.126787 -0.0237004
3.825 8.95246 -0.12709 -0.023636
3.83 8.92726 -0.127411 -0.0235699
3.835 8.90192 -0.12774 -0.0235038
3.84 8.87729 -0.128067 -0.02344
3.845 8.85433 -0.128376 -0.0233809
3.85 8.83407 -0.128652 -0.023329
3.855 8.81736 -0.128883 -0.0232863
3.86 8.80475 -0.129059 -0.0232543
3.865 8.79653 -0.129176 -0.0232335
3.87 8.79271 -0.129231 -0.0232239
3.875 8.7932 -0.129226 -0.0232253
3.88 8.79775 -0.129174 -0.0232375
3.885 8.80597 -0.129084 -0.0232598
3.89 8.81738 -0.128958 -0.0232907
3.895 8.8315 -0.128802 -0.0233288
3.9 8.84783 -0.12862 -0.0233729
3.905 8.86602 -0.128416 -0.0234219
3.91 8.88578 -0.128192 -0.023475
3.915 8.90694 -0.127948 -0.0235316
3.92 8.92942 -0.127684 -0.0235913
3.925 8.95314 -0.127398 -0.0236537
3.93 8.97803 -0.12709 -0.0237185
3.935 9.00393 -0.126763 -0.0237851
3.94 9.03057 -0.126419 -0.0238527
3.945 9.05753 -0.126064 -0.0239205
3.95 9.08425 -0.125728 -0.0239862
3.955 9.11007 -0.125461 -0.0240452
3.96 9.13424 -0.125249 -0.0240972
3.965 9.15603 -0.125044 -0.0241451
3.97 9.17476 -0.124861 -0.0241869
3.975 9.18978 -0.124719 -0.0242203
3.98 9.20067 -0.124622 -0.0242445
3.985 9.20715 -0.124565 -0.0242587
3.99 9.2091 -0.124551 -0.0242628
3.995 9.20652 -0.12458 -0.0242565
4 9.19946 -0.124659 -0.024238
4.005 9.18802 -0.124792 -0.0242067
4.01 9.17227 -0.124973 -0.024164
4.015 9.15229 -0.125205 -0.0241101
4.02 9.12805 -0.125489 -0.0240453
4.025 9.09952 -0.125831 -0.0239695
4.03 9.06663 -0.126235 -0.0238829
4.035 9.02937 -0.126703 -0.0237857
4.04 8.98776 -0.127239 -0.023678
4.045 8.94193 -0.127853 -0.0235607
4.05 8.89214 -0.128544 -0.0234342
4.055 8.83873 -0.129297 -0.0232994
4.06 8.78213 -0.130106 -0.0231573
4.065 8.72286 -0.130963 -0.0230092
4.07 8.66143 -0.131858 -0.0228562
4.075 8.59835 -0.132783 -0.0226994
4.08 8.53407 -0.133729 -0.0225401
4.085 8.46901 -0.134691 -0.022379
4.09 8.40348 -0.135663 -0.0222169
4.095 8.33772 -0.136638 -0.0220544
4.1 8.27199 -0.137593 -0.0218917
4.105 8.2065 -0.138526 -0.0217293
4.11 8.14148 -0.139456 -0.0215681
4.115 8.0771 -0.140377 -0.0214086
4.12 8.01357 -0.141288 -0.0212512
4.125 7.95102 -0.142146 -0.0210956
4.13 7.88958 -0.142953 -0.020942
4.135 7.82934 -0.143756 -0.0207916
4.14 7.77036 -0.144551 -0.0206446
4.145 7.7127 -0.145331 -0.0205008
4.15 7.6564 -0.146093 -0.0203605
4.155 7.60151 -0.146837 -0.0202237
4.16 7.54806 -0.147563 -0.0200905
4.165 7.49612 -0.148269 -0.0199611
4.17 7.44571 -0.148955 -0.0198355
4.175 7.39688 -0.14962 -0.0197139
4.18 7.34969 -0.150261 -0.0195965
4.185 7.3042 -0.150877 -0.0194834
4.19 7.26049 -0.151469 -0.0193747
4.195 7.21865 -0.152037 -0.0192707
4.2 7.17881 -0.152577 -0.0191717
4.205 7.14111 -0.15309 -0.019078
4.21 7.10573 -0.153571 -0.0189901
4.215 7.07283 -0.154019 -0.0189083
4.22 7.04257 -0.154431 -0.0188331
4.225 7.0151 -0.154805 -0.0187648
4.23 6.9906 -0.15514 -0.018704
4.235 6.96929 -0.15543 -0.018651
4.24 6.95144 -0.155674 -0.0186066
4.245 6.93733 -0.155867 -0.0185716
4.25 6.92722 -0.156005 -0.0185465
4.255 6.92122 -0.156087 -0.0185316
4.26 6.91924 -0.156114 -0.0185267
4.265 6.92097 -0.156091 -0.018531
4.27 6.92583 -0.156037 -0.0185439
4.275 6.93298 -0.155966 -0.0185633
4.28 6.94146 -0.15588 -0.0185863
4.285 6.95028 -0.155791 -0.0186101
4.29 6.95854 -0.155706 -0.0186324
4.295 6.96548 -0.155634 -0.0186511
4.3 6.97063 -0.155581 -0.0186649
4.305 6.97378 -0.155548 -0.0186734
4.31 6.97503 -0.155535 -0.0186768
4.315 6.97465 -0.155539 -0.0186758
4.32 6.97302 -0.155556 -0.0186714
4.325 6.97048 -0.155583 -0.0186645
4.33 6.96734 -0.155616 -0.018656
4.335 6.96382 -0.155653 -0.0186466
4.34 6.9601 -0.155692 -0.0186366
4.345 6.95636 -0.155732 -0.0186266
4.35 6.95282 -0.155771 -0.0186172
4.355 6.94975 -0.155805 -0.0186091
4.36 6.94743 -0.155831 -0.018603
4.365 6.94611 -0.155846 -0.0185995
4.37 6.94602 -0.155847 -0.0185993
4.375 6.94735 -0.155832 -0.0186028
4.38 6.95021 -0.155802 -0.0186105
4.385 6.95467 -0.155756 -0.0186226
4.39 6.96072 -0.155694 -0.018639
4.395 6.96826 -0.155616 -0.0186593
4.4 6.97716 -0.155523 -0.0186834
4.405 6.98725 -0.155418 -0.0187105
4.41 6.9983 -0.155302 -0.0187402
4.415 7.00998 -0.155179 -0.0187714
4.42 7.02189 -0.155052 -0.0188032
4.425 7.03354 -0.154926 -0.0188341
4.43 7.04438 -0.154807 -0.0188628
4.435 7.05387 -0.154703 -0.0188879
4.44 7.06153 -0.154617 -0.018908
4.445 7.06699 -0.154556 -0.0189223
4.45 7.07 -0.154521 -0.0189302
4.455 7.07036 -0.154517 -0.0189311
4.46 7.06787 -0.154544 -0.0189245
4.465 7.06231 -0.154603 -0.0189095
4.47 7.05339 -0.154695 -0.0188854
4.475 7.0408 -0.154826 -0.0188515
4.48 7.02418 -0.155003 -0.0188069
4.485 7.00314 -0.155231 -0.018751
4.49 6.97734 -0.15552 -0.0186831
4.495 6.9465 -0.155875 -0.0186028
4.5 6.91044 -0.156312 -0.01851
4.505 6.86905 -0.156842 -0.0184048
4.51 6.82238 -0.157458 -0.0182872
4.515 6.77057 -0.158151 -0.0181574
4.52 6.71395 -0.158914 -0.018016
4.525 6.65291 -0.159715 -0.0178633
4.53 6.588 -0.160546 -0.0177006
4.535 6.51976 -0.161422 -0.0175297
4.54 6.44875 -0.162336 -0.0173519
4.545 6.37543 -0.163283 -0.0171685
4.55 6.3002 -0.164267 -0.0169805
4.555 6.22341 -0.165282 -0.0167889
4.56 6.14535 -0.166315 -0.0165942
4.565 6.06626 -0.167365 -0.0163969
4.57 5.98636 -0.168426 -0.0161976
4.575 5.90589 -0.169498 -0.0159969
4.58 5.82507 -0.170575 -0.0157953
4.585 5.74406 -0.171643 -0.0155929
4.59 5.66302 -0.172674 -0.0153895
4.595 5.58211 -0.173681 -0.0151857
4.6 5.5015 -0.174687 -0.0149827
4.605 5.42137 -0.175692 -0.0147811
4.61 5.34189 -0.1767 -0.0145813
4.615 5.26318 -0.17771 -0.0143837
4.62 5.18536 -0.178711 -0.0141885
4.625 5.10852 -0.179695 -0.0139959
4.63 5.03276 -0.180651 -0.013806
4.635 4.95814 -0.181587 -0.0136188
4.64 4.88467 -0.182512 -0.0134344
4.645 4.81234 -0.183425 -0.013253
4.65 4.74113 -0.18433 -0.0130745
4.655 4.67103 -0.185232 -0.0128991
4.66 4.60205 -0.186129 -0.0127266
4.665 4.53422 -0.187015 -0.0125571
4.67 4.46759 -0.187886 -0.0123906
4.675 4.4022 -0.188732 -0.0122268
4.68 4.33807 -0.189553 -0.0120659
4.685 4.27519 -0.190361 -0.0119082
4.69 4.21349 -0.19116 -0.0117537
4.695 4.15288 -0.191947 -0.0116022
4.7 4.09325 -0.192684 -0.0114524
4.705 4.03454 -0.193363 -0.0113038
4.71 3.97676 -0.194022 -0.0111577
4.715 3.92005 -0.194672 -0.0110142
4.72 3.86466 -0.195311 -0.0108742
4.725 3.811 -0.195929 -0.0107385
4.73 3.75953 -0.196478 -0.0106067
4.735 3.71072 -0.196961 -0.0104803
4.74 3.66499 -0.197413 -0.0103622
4.745 3.62268 -0.197828 -0.010253
4.75 3.58405 -0.198208 -0.0101534
4.755 3.54936 -0.19855 -0.010064
4.76 3.51875 -0.198853 -0.00998509
4.765 3.49237 -0.199111 -0.00991697
4.77 3.4703 -0.199304 -0.00985904
4.775 3.45257 -0.19944 -0.00981174
4.78 3.43918 -0.199542 -0.00977599
4.785 3.43008 -0.19961 -0.00975164
4.79 3.42523 -0.199643 -0.00973853
4.795 3.4246 -0.199642 -0.00973665
4.8 3.42817 -0.199611 -0.00974607
4.805 3.43589 -0.199557 -0.00976735
4.81 3.44762 -0.199483 -0.0098003
4.815 3.46311 -0.199381 -0.0098436
4.82 3.48197 -0.199254 -0.0098961
4.825 3.50369 -0.199107 -0.00995637
4.83 3.52764 -0.198944 -0.0100226
4.835 3.55322 -0.198767 -0.0100931
4.84 3.57984 -0.198561 -0.0101653
4.845 3.60698 -0.198334 -0.0102379
4.85 3.63405 -0.198107 -0.0103101
4.855 3.66048 -0.197877 -0.0103804
4.86 3.68576 -0.197652 -0.0104475
4.865 3.70945 -0.19744 -0.0105102
4.87 3.73121 -0.197244 -0.0105676
4.875 3.75072 -0.197068 -0.0106191
4.88 3.7677 -0.196914 -0.0106637
4.885 3.78183 -0.196785 -0.0107009
4.89 3.7927 -0.196686 -0.0107294
4.895 3.79985 -0.19662 -0.0107481
4.9 3.80283 -0.196592 -0.0107558
4.905 3.80118 -0.196606 -0.0107514
4.91 3.79455 -0.196659 -0.0107333
4.915 3.7827 -0.196752 -0.0107005
4.92 3.76548 -0.19689 -0.0106531
4.925 3.74283 -0.197073 -0.010591
4.93 3.71487 -0.197302 -0.0105147
4.935 3.68192 -0.197579 -0.0104254
4.94 3.6446 -0.197898 -0.010325
4.945 3.60378 -0.198248 -0.0102161
4.95 3.56048 -0.198619 -0.0101016
4.955 3.51575 -0.199008 -0.00998388
4.96 3.4706 -0.199374 -0.00986409
4.965 3.42593 -0.199711 -0.00974449
4.97 3.38248 -0.200038 -0.009628
4.975 3.34081 -0.200352 -0.0095161
4.98 3.30137 -0.200653 -0.00941037
4.985 3.26439 -0.200939 -0.00931144
4.99 3.2299 -0.201206 -0.00921924
4.995 3.1977 -0.201456 -0.00913319
5 3.16743 -0.201665 -0.00905112
5.005 3.13856 -0.20184 -0.00897175
5.01 3.11049 -0.202012 -0.00889463
5.015 3.0825 -0.202184 -0.00881776
5.02 3.05385 -0.202361 -0.00873912
5.025 3.02386 -0.202547 -0.00865682
5.03 2.99197 -0.202745 -0.00856935
5.035 2.95774 -0.202958 -0.0084755
5.04 2.9208 -0.203189 -0.00837423
5.045 2.8808 -0.203427 -0.00826463
5.05 2.83745 -0.20364 -0.00814411
5.055 2.79052 -0.203835 -0.0080119
5.06 2.73983 -0.204048 -0.00786918
5.065 2.68524 -0.204272 -0.00771553
5.07 2.62671 -0.204489 -0.00754976
5.075 2.56422 -0.2047 -0.00737171
5.08 2.49778 -0.204876 -0.00717988
5.085 2.42738 -0.205011 -0.00697426
5.09 2.35304 -0.205149 -0.00675722
5.095 2.27471 -0.205302 -0.00652881
5.1 2.19232 -0.205415 -0.00628562
5.105 2.10575 -0.205484 -0.00602712
5.11 2.01488 -0.205544 -0.00575488
5.115 1.91962 -0.205574 -0.00546735
5.12 1.81997 -0.205571 -0.00516425
5.125 1.71605 -0.205553 -0.00484716
5.13 1.60817 -0.205539 -0.00451818
5.135 1.49678 -0.205532 -0.00417886
5.14 1.3825 -0.205519 -0.00383219
5.145 1.266 -0.205493 -0.00347963
5.15 1.14797 -0.205431 -0.00311956
5.155 1.02909 -0.205327 -0.00275605
5.16 0.910184 -0.205214 -0.00239427
5.165 0.792167 -0.205038 -0.00203458
5.17 0.676 -0.204803 -0.00167966
5.175 0.562537 -0.204577 -0.00133244
5.18 0.452483 -0.20433 -0.000990657
5.185 0.346499 -0.204069 -0.000657035
5.19 0.245273 -0.203802 -0.000334162
5.195 0.149454 -0.203525 -2.32085e-05
5.2 0.0595372 -0.20326 0.000270867
5.205 -0.0241852 -0.203011 0.000545649
5.21 -0.101572 -0.202783 0.000799419
5.215 -0.172563 -0.202575 0.00103205
5.22 -0.237161 -0.202387 0.00124362
5.225 -0.295447 -0.202218 0.00143442
5.23 -0.347574 -0.202067 0.00160499
5.235 -0.393758 -0.201935 0.00175607
5.24 -0.434246 -0.20182 0.00188848
5.245 -0.469255 -0.201721 0.00200294
5.25 -0.498914 -0.201638 0.00209989
5.255 -0.523235 -0.20157 0.00217938
5.26 -0.542124 -0.201518 0.00224112
5.265 -0.555387 -0.201481 0.0022845
5.27 -0.56275 -0.20146 0.00230861
5.275 -0.563899 -0.201457 0.00231245
5.28 -0.558526 -0.201471 0.002295
5.285 -0.546361 -0.201503 0.00225519
5.29 -0.527201 -0.201554 0.00219229
5.295 -0.500927 -0.201624 0.00210604
5.3 -0.467523 -0.201714 0.00199641
5.305 -0.427066 -0.201823 0.00186367
5.31 -0.379715 -0.201952 0.00170837
5.315 -0.325707 -0.2021 0.00153134
5.32 -0.265376 -0.202266 0.0013337
5.325 -0.199179 -0.202449 0.00111698
5.33 -0.127722 -0.202649 0.000883192
5.335 -0.0517848 -0.202862 0.0006349
5.34 0.0276717 -0.203086 0.00037525
5.345 0.109526 -0.203318 0.000107904
5.35 0.192552 -0.203553 -0.000163076
5.355 0.275543 -0.203786 -0.000432615
5.36 0.357488 -0.204009 -0.000696406
5.365 0.437596 -0.204223 -0.000952853
5.37 0.515148 -0.204415 -0.00119769
5.375 0.589385 -0.204586 -0.00142899
5.38 0.659604 -0.204748 -0.00164789
5.385 0.72531 -0.204898 -0.0018524
5.39 0.786212 -0.205021 -0.0020393
5.395 0.842142 -0.205121 -0.0022087
5.4 0.89302 -0.205212 -0.00236294
5.405 0.938863 -0.205295 -0.00250202
5.41 0.979792 -0.20537 -0.00262626
5.415 1.01601 -0.20543 -0.0027365
5.42 1.04774 -0.205464 -0.00283287
5.425 1.07517 -0.205482 -0.00291574
5.43 1.09841 -0.205498 -0.00298594
5.435 1.11743 -0.205511 -0.00304342
5.44 1.13213 -0.205521 -0.00308781
5.445 1.14231 -0.205527 -0.00311851
5.45 1.14773 -0.205529 -0.00313481
5.455 1.14817 -0.205527 -0.00313595
5.46 1.1434 -0.205521 -0.00312125
5.465 1.13323 -0.205511 -0.00308979
5.47 1.1175 -0.205496 -0.00304096
5.475 1.09608 -0.205477 -0.00297458
5.48 1.0689 -0.205452 -0.00289041
5.485 1.0359 -0.205422 -0.00278839
5.49 0.997125 -0.205387 -0.00266863
5.495 0.95267 -0.205345 -0.00253155
5.5 0.902749 -0.20527 -0.00237758
5.505 0.847677 -0.205162 -0.00220774
5.51 0.787845 -0.205046 -0.00202353
5.515 0.723679 -0.204921 -0.0018263
5.52 0.655583 -0.204789 -0.00161727
5.525 0.583924 -0.204647 -0.0013971
5.53 0.509052 -0.204478 -0.00116389
5.535 0.431325 -0.204285 -0.000919185
5.54 0.351095 -0.204086 -0.00066674
5.545 0.268656 -0.203867 -0.000403974
5.55 0.18422 -0.203627 -0.000131559
5.555 0.0979338 -0.203379 0.000147978
5.56 0.00990238 -0.20312 0.000435395
5.565 -0.079791 -0.202854 0.000729114
5.57 -0.171069 -0.202585 0.0010277
5.575 -0.263844 -0.202314 0.00133094
5.58 -0.358004 -0.20204 0.00163852
5.585 -0.453405 -0.201764 0.00195
5.59 -0.549868 -0.201486 0.00226485
5.595 -0.647172 -0.201207 0.00258235
5.6 -0.745068 -0.200935 0.00290163
5.605 -0.843297 -0.200649 0.0032211
5.61 -0.941628 -0.200321 0.00353929
5.615 -1.03988 -0.199904 0.00385388
5.62 -1.13789 -0.199426 0.00416532
5.625 -1.23554 -0.198956 0.00447563
5.63 -1.33264 -0.198474 0.00478348
5.635 -1.42905 -0.197927 0.00508689
5.64 -1.52458 -0.197338 0.00538619
5.645 -1.61907 -0.196754 0.00568187
5.65 -1.71235 -0.19617 0.00597329
5.655 -1.80431 -0.195526 0.00625805
5.66 -1.89486 -0.194831 0.00653613
5.665 -1.98394 -0.194167 0.00680992
5.67 -2.07151 -0.193537 0.00707918
5.675 -2.15763 -0.192903 0.00734266
5.68 -2.24242 -0.192218 0.00759959
5.685 -2.32614 -0.191531 0.00785188
5.69 -2.40919 -0.190951 0.00810085
5.695 -2.49213 -0.19042 0.00834681
5.7 -2.57563 -0.189875 0.0085923
5.705 -2.66035 -0.189353 0.00884026
5.71 -2.74698 -0.188793 0.00909135
5.715 -2.83619 -0.188179 0.00934803
5.72 -2.92865 -0.187523 0.00961296
5.725 -3.02495 -0.186769 0.00988558
5.73 -3.1255 -0.185917 0.0101678
5.735 -3.23057 -0.18497 0.0104604
5.74 -3.34031 -0.18394 0.0107644
5.745 -3.4548 -0.182814 0.0110797
5.75 -3.57401 -0.181595 0.0114057
5.755 -3.69785 -0.180307 0.011743
5.76 -3.82615 -0.178897 0.0120913
5.765 -3.95869 -0.177397 0.0124508
5.77 -4.09525 -0.175844 0.0128218
5.775 -4.23556 -0.174243 0.0132021
5.78 -4.37933 -0.172587 0.0135877
5.785 -4.52627 -0.170821 0.0139773
5.79 -4.67603 -0.168986 0.0143698
5.795 -4.82825 -0.167148 0.0147584
5.8 -4.98247 -0.16526 0.0151396
5.805 -5.13818 -0.163343 0.0155129
5.81 -5.29485 -0.161563 0.0158624
5.815 -5.45193 -0.159996 0.0161868
5.82 -5.60885 -0.158511 0.0165027
5.825 -5.76506 -0.157108 0.0168097
5.83 -5.92002 -0.155834 0.017108
5.835 -6.07325 -0.154566 0.0174045
5.84 -6.22437 -0.153311 0.0176984
5.845 -6.37309 -0.152133 0.0179881
5.85 -6.5192 -0.151072 0.0182727
5.855 -6.66267 -0.149954 0.0185636
5.86 -6.80366 -0.148684 0.018863
5.865 -6.94262 -0.147415 0.0191593
5.87 -7.08023 -0.146179 0.0194524
5.875 -7.21742 -0.144965 0.0197445
5.88 -7.35525 -0.143682 0.0200431
5.885 -7.49483 -0.142318 0.0203502
5.89 -7.6371 -0.140947 0.0206631
5.895 -7.78276 -0.139571 0.0209827
5.9 -7.9322 -0.138189 0.02131
5.905 -8.08555 -0.136806 0.0216451
5.91 -8.24283 -0.13545 0.0219877
5.915 -8.40398 -0.134069 0.0223406
5.92 -8.56885 -0.132641 0.0227039
5.925 -8.73721 -0.131216 0.0230746
5.93 -8.90869 -0.129806 0.0234519
5.935 -9.08285 -0.128422 0.0238349
5.94 -9.25917 -0.126932 0.0242295
5.945 -9.43709 -0.125347 0.0246341
5.95 -9.61606 -0.123686 0.0250455
5.955 -9.79558 -0.121997 0.0254621
5.96 -9.97516 -0.120431 0.0258777
5.965 -10.1544 -0.118932 0.0262917
5.97 -10.3329 -0.117452 0.0267036
5.975 -10.5101 -0.115917 0.0271135
5.98 -10.6855 -0.114378 0.0275198
5.985 -10.8587 -0.112917 0.0279203
5.99 -11.0291 -0.111497 0.0283143
5.995 -11.1963 -0.11012 0.0287007
6 -11.3599 -0.10879 0.0290789
6.005 -11.5198 -0.10751 0.029448
6.01 -11.6755 -0.106282 0.0298076
6.015 -11.8268 -0.105108 0.0301567
6.02 -11.9733 -0.103992 0.0304947
6.025 -12.1146 -0.102936 0.0308207
6.03 -12.2502 -0.101943 0.0311334
6.035 -12.3796 -0.101018 0.0314318
6.04 -12.5024 -0.100161 0.0317148
6.045 -12.6181 -0.0993789 0.0319813
6.05 -12.7264 -0.0987361 0.0322305
6.055 -12.8271 -0.09822 0.0324618
6.06 -12.92 -0.0977556 0.0326753
6.065 -13.005 -0.0973426 0.0328705
6.07 -13.082 -0.0969793 0.0330473
6.075 -13.1508 -0.0966641 0.0332053
6.08 -13.2115 -0.0963946 0.0333447
6.085 -13.2641 -0.0961682 0.0334653
6.09 -13.3086 -0.0959826 0.0335673
6.095 -13.345 -0.0958351 0.033651
6.1 -13.3736 -0.0957233 0.0337164
6.105 -13.3943 -0.0956451 0.033764
6.11 -13.4074 -0.0955986 0.0337941
6.115 -13.4131 -0.0955819 0.0338072
6.12 -13.4117 -0.0955949 0.0338038
6.125 -13.4035 -0.0956723 0.0337829
6.13 -13.3892 -0.0958306 0.0337445
6.135 -13.3693 -0.0960495 0.0336916
6.14 -13.3446 -0.0963239 0.0336265
6.145 -13.3161 -0.0966503 0.0335516
6.15 -13.2843 -0.0970244 0.0334694
6.155 -13.2502 -0.0974406 0.0333817
6.16 -13.2143 -0.0978933 0.0332902
6.165 -13.1771 -0.0983751 0.0331965
6.17 -13.1393 -0.0988756 0.0331022
6.175 -13.1018 -0.0993829 0.0330091
6.18 -13.0652 -0.099885 0.0329188
6.185 -13.0303 -0.100371 0.032833
6.19 -12.9976 -0.100829 0.032753
6.195 -12.968 -0.101247 0.0326807
6.2 -12.9422 -0.101614 0.0326178
6.205 -12.9208 -0.10192 0.0325658
6.21 -12.9046 -0.102153 0.0325264
6.215 -12.8939 -0.102306 0.0325007
6.22 -12.8892 -0.102375 0.0324895
6.225 -12.8908 -0.102357 0.0324934
6.23 -12.8987 -0.102269 0.0325141
6.235 -12.913 -0.102123 0.0325525
6.24 -12.9339 -0.101908 0.0326078
6.245 -12.961 -0.101624 0.0326798
6.25 -12.9942 -0.101274 0.0327674
6.255 -13.0333 -0.100852 0.0328695
6.26 -13.078 -0.100348 0.0329844
6.265 -13.1278 -0.0997608 0.033111
6.27 -13.1827 -0.0990901 0.0332484
6.275 -13.2427 -0.0983454 0.0333965
6.28 -13.3081 -0.097548 0.0335559
6.285 -13.3791 -0.0966928 0.0337278
6.29 -13.4563 -0.0958598 0.0339104
6.295 -13.5404 -0.0951452 0.0341042
6.3 -13.6317 -0.0945096 0.0343136
6.305 -13.7308 -0.0938765 0.0345405
6.31 -13.8376 -0.0935072 0.0347846
6.315 -13.9518 -0.0934054 0.0350449
6.32 -14.0726 -0.0931464 0.035321
6.325 -14.1985 -0.0927506 0.0356097
6.33 -14.3279 -0.0923739 0.0359063
6.335 -14.4589 -0.0920932 0.0362065
6.34 -14.5897 -0.0931147 0.0365037
6.345 -14.7187 -0.0959502 0.0367922
6.35 -14.8444 -0.0985643 0.0370726
6.355 -14.9656 -0.099513 0.037347
6.36 -15.0815 -0.0995153 0.0376111
6.365 -15.1912 -0.0992642 0.0378616
6.37 -15.2942 -0.0988801 0.0380979
6.375 -15.39 -0.0985402 0.0383178
6.38 -15.4786 -0.0982401 0.0385209
6.385 -15.5598 -0.0979761 0.0387072
6.39 -15.6338 -0.0977447 0.038877
6.395 -15.7008 -0.0975424 0.0390309
6.4 -15.7612 -0.0973661 0.0391695
6.405 -15.8154 -0.0972127 0.0392938
6.41 -15.8637 -0.0970797 0.0394047
6.415 -15.9064 -0.0969651 0.0395026
6.42 -15.9436 -0.0968675 0.0395879
6.425 -15.9753 -0.0967858 0.0396606
6.43 -16.0015 -0.0967192 0.0397207
6.435 -16.0222 -0.0966671 0.0397683
6.44 -16.0374 -0.0966291 0.0398031
6.445 -16.0471 -0.0966047 0.0398253
6.45 -16.0513 -0.0965935 0.0398349
6.455 -16.05 -0.0965974 0.0398318
6.46 -16.0432 -0.0966493 0.0398145
6.465 -16.0312 -0.0967663 0.0397825
6.47 -16.0139 -0.096934 0.0397368
6.475 -15.9916 -0.0971527 0.039678
6.48 -15.9642 -0.0974258 0.0396066
6.485 -15.9321 -0.0977567 0.0395233
6.49 -15.8953 -0.0981481 0.0394288
6.495 -15.8539 -0.0986025 0.0393237
6.5 -15.8081 -0.0991212 0.0392084
6.505 -15.758 -0.0997038 0.0390836
6.51 -15.7037 -0.10035 0.0389496
6.515 -15.6457 -0.101056 0.0388071
6.52 -15.5841 -0.101816 0.0386569
6.525 -15.5195 -0.102631 0.0384999
6.53 -15.4523 -0.103493 0.0383372
6.535 -15.383 -0.104389 0.0381696
6.54 -15.3118 -0.105322 0.037998
6.545 -15.2392 -0.106289 0.0378231
6.55 -15.1653 -0.107275 0.0376455
6.555 -15.0908 -0.108273 0.0374663
6.56 -15.0161 -0.109276 0.0372868
6.565 -14.9417 -0.110277 0.0371082
6.57 -14.8681 -0.111269 0.0369316
6.575 -14.7959 -0.112246 0.0367583
6.58 -14.7254 -0.113202 0.0365891
6.585 -14.6571 -0.114129 0.0364253
6.59 -14.5917 -0.115025 0.0362685
6.595 -14.5297 -0.115923 0.0361204
6.6 -14.4719 -0.116805 0.0359824
6.605 -14.4188 -0.117618 0.0358556
6.61 -14.3708 -0.118355 0.0357414
6.615 -14.3286 -0.119007 0.0356407
6.62 -14.2926 -0.119567 0.0355548
6.625 -14.2632 -0.120024 0.0354849
6.63 -14.2411 -0.120371 0.0354322
6.635 -14.2267 -0.120601 0.0353978
6.64 -14.2199 -0.12071 0.0353817
6.645 -14.2206 -0.120704 0.0353835
6.65 -14.2282 -0.120627 0.0354031
6.655 -14.2418 -0.12051 0.035439
6.66 -14.2601 -0.120348 0.0354875
6.665 -14.282 -0.12015 0.0355452
6.67 -14.3064 -0.119922 0.0356092
6.675 -14.3325 -0.119671 0.0356768
6.68 -14.3592 -0.119406 0.0357458
6.685 -14.386 -0.119133 0.0358143
6.69 -14.4122 -0.118861 0.0358806
6.695 -14.437 -0.118596 0.0359432
6.7 -14.46 -0.118347 0.0360008
6.705 -14.4807 -0.118121 0.0360523
6.71 -14.4986 -0.117923 0.0360966
6.715 -14.5133 -0.117759 0.0361329
6.72 -14.5247 -0.11763 0.0361609
6.725 -14.5326 -0.11754 0.0361804
6.73 -14.5371 -0.117489 0.0361914
6.735 -14.5382 -0.117475 0.036194
6.74 -14.536 -0.117498 0.0361883
6.745 -14.5304 -0.117552 0.0361738
6.75 -14.5216 -0.117633 0.0361503
6.755 -14.5095 -0.117746 0.0361183
6.76 -14.4941 -0.117892 0.0360776
6.765 -14.4753 -0.118073 0.0360285
6.77 -14.4531 -0.118293 0.035971
6.775 -14.4276 -0.118552 0.0359053
6.78 -14.3986 -0.118855 0.0358314
6.785 -14.3662 -0.119202 0.0357498
6.79 -14.3305 -0.119593 0.0356606
6.795 -14.2915 -0.120028 0.0355641
6.8 -14.2496 -0.120507 0.0354609
6.805 -14.2049 -0.121074 0.0353519
6.81 -14.1578 -0.121735 0.0352382
6.815 -14.109 -0.122438 0.0351205
6.82 -14.0589 -0.123193 0.0350004
6.825 -14.0081 -0.123991 0.0348789
6.83 -13.9572 -0.124801 0.0347571
6.835 -13.9063 -0.125615 0.0346359
6.84 -13.856 -0.126429 0.0345158
6.845 -13.8063 -0.127237 0.0343975
6.85 -13.7575 -0.128037 0.0342812
6.855 -13.7096 -0.128828 0.0341674
6.86 -13.6629 -0.129619 0.0340563
6.865 -13.6174 -0.130305 0.0339476
6.87 -13.5734 -0.130876 0.0338416
6.875 -13.531 -0.131434 0.0337395
6.88 -13.4904 -0.131975 0.0336418
6.885 -13.4517 -0.132492 0.0335488
6.89 -13.4152 -0.132982 0.033461
6.895 -13.381 -0.133443 0.0333787
6.9 -13.3493 -0.133871 0.0333024
6.905 -13.3201 -0.134266 0.0332323
6.91 -13.2938 -0.134623 0.0331689
6.915 -13.2703 -0.134942 0.0331126
6.92 -13.2501 -0.135217 0.0330639
6.925 -13.2332 -0.135447 0.0330234
6.93 -13.22 -0.135627 0.0329917
6.935 -13.2109 -0.135752 0.0329697
6.94 -13.206 -0.135818 0.032958
6.945 -13.2058 -0.135821 0.0329574
6.95 -13.2103 -0.135762 0.0329685
6.955 -13.2196 -0.13567 0.0329926
6.96 -13.2334 -0.135558 0.0330293
6.965 -13.2511 -0.13541 0.0330763
6.97 -13.272 -0.135231 0.0331314
6.975 -13.2952 -0.135033 0.0331922
6.98 -13.3199 -0.134821 0.0332563
6.985 -13.3454 -0.134596 0.0333219
6.99 -13.3709 -0.134364 0.0333873
6.995 -13.3961 -0.134129 0.0334512
7 -13.4202 -0.133899 0.0335121
7.005 -13.4427 -0.133681 0.0335686
7.01 -13.4629 -0.133482 0.0336191
7.015 -13.4802 -0.133311 0.0336621
7.02 -13.494 -0.133172 0.0336963
7.025 -13.5038 -0.133072 0.0337208
7.03 -13.5095 -0.133014 0.0337347
7.035 -13.5107 -0.133001 0.0337375
7.04 -13.507 -0.133037 0.0337282
7.045 -13.4982 -0.133118 0.0337052
7.05 -13.484 -0.133244 0.0336675
7.055 -13.4643 -0.133423 0.0336154
7.06 -13.4389 -0.13366 0.0335488
7.065 -13.4076 -0.133958 0.0334678
7.07 -13.3706 -0.134324 0.033373
7.075 -13.3277 -0.134762 0.0332646
7.08 -13.279 -0.135276 0.033143
7.085 -13.2246 -0.135895 0.0330087
7.09 -13.1646 -0.136642 0.0328621
7.095 -13.0993 -0.137492 0.0327036
7.1 -13.0288 -0.138426 0.0325332
7.105 -12.9533 -0.139438 0.0323513
7.11 -12.873 -0.140519 0.0321583
7.115 -12.7882 -0.141689 0.0319546
7.12 -12.6988 -0.142948 0.0317403
7.125 -12.6051 -0.144272 0.0315157
7.13 -12.5073 -0.14566 0.0312814
7.135 -12.4057 -0.147109 0.0310378
7.14 -12.3004 -0.148616 0.0307858
7.145 -12.192 -0.150177 0.0305261
7.15 -12.0807 -0.151789 0.0302598
7.155 -11.967 -0.153456 0.0299878
7.16 -11.8514 -0.155286 0.0297121
7.165 -11.7342 -0.157271 0.0294338
7.17 -11.6161 -0.159218 0.0291526
7.175 -11.4974 -0.160934 0.0288681
7.18 -11.3787 -0.1625 0.0285821
7.185 -11.2603 -0.164099 0.028297
7.19 -11.1424 -0.165732 0.0280135
7.195 -11.0254 -0.167386 0.0277322
7.2 -10.9092 -0.169049 0.027453
7.205 -10.7939 -0.170737 0.0271762
7.21 -10.6796 -0.17246 0.026902
7.215 -10.5662 -0.174258 0.0266304
7.22 -10.4537 -0.176122 0.0263612
7.225 -10.3419 -0.177992 0.0260941
7.23 -10.2308 -0.179814 0.0258282
7.235 -10.1203 -0.181745 0.025564
7.24 -10.01 -0.18387 0.0253019
7.245 -9.90007 -0.186051 0.0250409
7.25 -9.79044 -0.188194 0.0247808
7.255 -9.68129 -0.190313 0.024522
7.26 -9.57295 -0.192508 0.0242657
7.265 -9.46583 -0.194788 0.024013
7.27 -9.36046 -0.197199 0.0237653
7.275 -9.2574 -0.20005 0.0235259
7.28 -9.15729 -0.20318 0.0232939
7.285 -9.06073 -0.206297 0.0230695
7.29 -8.96827 -0.20964 0.0228564
7.295 -8.88056 0.172197 0.0214732
7.3 -8.7982 0.258301 0.0195796
7.305 -8.72141 4.67142 -0.201861
