0.1 9.49555e-32 200 2.84217e-14
0.2 -8.76512e-32 400 2.66454e-14
0.3 -5.84341e-31 600 1.63425e-13
0.4 1.51929e-30 800 2.94875e-13
0.5 -2.92171e-31 1000 2.13163e-14
0.6 4.61995e-31 1200 3.55271e-15
0.7 0 1400 -1.38556e-13
0.8 -5.84341e-31 1600 -3.69482e-13
0.9 2.99475e-31 1800 -1.77636e-14
1 2.10363e-30 2000 -5.7554e-13
0.005 4.07295e-05 2000 -0.0176566
0.01 0.000203381 2000 -0.0879705
0.015 0.000528183 2000 -0.228262
0.02 0.00101451 2000 -0.438337
0.025 0.00166152 2000 -0.717833
0.03 0.00246837 2000 -1.06638
0.035 0.00343441 2000 -1.4837
0.04 0.00455938 2000 -1.96968
0.045 0.0058436 2000 -2.52446
0.05 0.00728814 2000 -3.1485
0.055 0.00889495 2000 -3.84264
0.06 0.0106671 2000 -4.60818
0.065 0.0126086 2000 -5.44692
0.07 0.0147246 2000 -6.36102
0.075 0.0170207 2000 -7.35297
0.08 0.0195031 2000 -8.42534
0.085 0.0221773 2000 -9.58062
0.09 0.0250482 2000 -10.8208
0.095 0.0281184 2000 -12.1472
0.1 0.0313888 2000 -13.56
0.105 0.0348579 2000 -15.0586
0.11 0.0385226 2000 -16.6418
0.115 0.0423785 2000 -18.3075
0.12 0.0464206 2000 -20.0537
0.125 0.0506428 2000 -21.8777
0.13 0.0550389 2000 -23.7768
0.135 0.0596029 2000 -25.7485
0.14 0.0643298 2000 -27.7905
0.145 0.0692164 2000 -29.9015
0.15 0.0742632 2000 -32.0817
0.155 0.0794748 2000 -34.3331
0.16 0.0848598 2000 -36.6595
0.165 0.0904305 2000 -39.066
0.17 0.0962019 2000 -41.5593
0.175 0.102191 2000 -44.1464
0.18 0.108413 2000 -46.8345
0.185 0.114881 2000 -49.6286
0.19 0.121598 2000 -52.5305
0.195 0.128557 2000 -55.5369
0.2 0.135737 2000 -58.6384
0.205 0.143101 2000 -61.8197
0.21 0.1506 2000 -65.0592
0.215 0.158176 2000 -68.3321
0.22 0.165771 2000 -71.6131
0.225 0.173336 2000 -74.8811
0.23 0.180841 2000 -78.1236
0.235 0.188282 2000 -81.3381
0.24 0.19568 2000 -84.5339
0.245 0.20308 2000 -87.7308
0.25 0.210547 2000 -90.9565
0.255 0.218156 2000 -94.2436
0.26 0.225986 2000 -97.6258
0.265 0.234108 2000 -101.135
0.27 0.24259 2000 -104.799
0.275 0.251484 2000 -108.641
0.28 0.260827 2000 -112.677
0.285 0.270636 2000 -116.915
0.29 0.280908 2000 -121.352
0.295 0.291622 2000 -125.981
0.3 0.302748 2000 -130.787
0.305 0.314249 2000 -135.756
0.31 0.326094 2000 -140.873
0.315 0.338256 2000 -146.127
0.32 0.35072 2000 -151.511
0.325 0.363485 2000 -157.026
0.33 0.376569 2000 -162.678
0.335 0.390006 2000 -168.483
0.34 0.403844 2000 -174.461
0.345 0.418138 2000 -180.636
0.35 0.432939 2000 -187.03
0.355 0.448277 2000 -193.656
0.36 0.464152 2000 -200.514
0.365 0.480521 2000 -207.586
0.37 0.497299 2000 -214.833
0.375 0.514351 2000 -222.2
0.38 0.531503 2000 -229.609
0.385 0.548557 2000 -236.977
0.39 0.565321 2000 -244.219
0.395 0.581626 2000 -251.263
0.4 0.59733 2000 -258.047
0.405 0.61233 2000 -264.527
0.41 0.626571 2000 -270.679
0.415 0.640052 2000 -276.503
0.42 0.652834 2000 -282.024
0.425 0.66502 2000 -287.289
0.43 0.676742 2000 -292.353
0.435 0.688132 2000 -297.273
0.44 0.699305 2000 -302.1
0.445 0.710358 2000 -306.875
0.45 0.721386 2000 -311.639
0.455 0.732488 2000 -316.435
0.46 0.743776 2000 -321.311
0.465 0.755362 2000 -326.317
0.47 0.767352 2000 -331.496
0.475 0.779835 2000 -336.889
0.48 0.792883 2000 -342.525
0.485 0.806546 2000 -348.428
0.49 0.820854 2000 -354.609
0.495 0.835805 2000 -361.068
0.5 0.851374 2000 -367.794
0.505 0.867528 2000 -374.772
0.51 0.884252 2000 -381.997
0.515 0.901566 2000 -389.477
0.52 0.919526 2000 -397.236
0.525 0.938226 2000 -405.314
0.53 0.95778 2000 -413.761
0.535 0.978294 2000 -422.623
0.54 0.999823 2000 -431.924
0.545 1.02235 2000 -441.654
0.55 1.04576 2000 -451.768
0.555 1.06989 2000 -462.193
0.56 1.09453 2000 -472.836
0.565 1.11946 2000 -483.606
0.57 1.14448 2000 -494.415
0.575 1.16941 2000 -505.186
0.58 1.1941 2000 -515.853
0.585 1.21846 2000 -526.376
0.59 1.24245 2000 -536.74
0.595 1.26611 2000 -546.959
0.6 1.28951 2000 -557.068
0.605 1.31277 2000 -567.116
0.61 1.33599 2000 -577.15
0.615 1.35925 2000 -587.198
0.62 1.38254 2000 -597.257
0.625 1.40576 2000 -607.288
0.63 1.42876 2000 -617.224
0.635 1.45134 2000 -626.979
0.64 1.47331 2000 -636.469
0.645 1.49453 2000 -645.638
0.65 1.51498 2000 -654.473
0.655 1.53474 2000 -663.009
0.66 1.55398 2000 -671.319
0.665 1.57289 2000 -679.49
0.67 1.59169 2000 -687.61
0.675 1.61057 2000 -695.766
0.68 1.62969 2000 -704.028
0.685 1.64918 2000 -712.446
0.69 1.66912 2000 -721.059
0.695 1.68962 2000 -729.914
0.7 1.71085 2000 -739.087
0.705 1.73307 2000 -748.685
0.71 1.75659 2000 -758.849
0.715 1.7818 2000 -769.737
0.72 1.80902 2000 -781.497
0.725 1.83855 2000 -794.256
0.73 1.8706 2000 -808.1
0.735 1.90527 2000 -823.079
0.74 1.9426 2000 -839.203
0.745 1.98251 2000 -856.447
0.75 2.0249 2000 -874.756
0.755 2.06959 2000 -894.063
0.76 2.11642 2000 -914.294
0.765 2.16523 2000 -935.383
0.77 2.21589 2000 -957.269
0.775 2.26825 2000 -979.888
0.78 2.32216 2000 -1003.17
0.785 2.3774 2000 -1027.04
0.79 2.43369 2000 -1051.36
0.795 2.49061 2000 -1075.95
0.8 2.54762 2000 -1100.58
0.805 2.60408 2000 -1124.96
0.81 2.65932 2000 -1148.83
0.815 2.7128 2000 -1171.93
0.82 2.76406 2000 -1194.08
0.825 2.81283 2000 -1215.15
0.83 2.8591 2000 -1235.13
0.835 2.90308 2000 -1254.14
0.84 2.94527 2000 -1272.36
0.845 2.98632 2000 -1290.09
0.85 3.02692 2000 -1307.63
0.855 3.06776 2000 -1325.28
0.86 3.10935 2000 -1343.24
0.865 3.15191 2000 -1361.63
0.87 3.1954 2000 -1380.41
0.875 3.23959 2000 -1399.51
0.88 3.28413 2000 -1418.75
0.885 3.32862 2000 -1437.97
0.89 3.37268 2000 -1457
0.895 3.41602 2000 -1475.73
0.9 3.45849 2000 -1494.07
0.905 3.50002 2000 -1512.01
0.91 3.54067 2000 -1529.57
0.915 3.58048 2000 -1546.77
0.92 3.61947 2000 -1563.61
0.925 3.65755 2000 -1580.06
0.93 3.69456 2000 -1596.05
0.935 3.73027 2000 -1611.48
0.94 3.76439 2000 -1626.22
0.945 3.79668 2000 -1640.17
0.95 3.82688 2000 -1653.22
0.955 3.85482 2000 -1665.28
0.96 3.88038 2000 -1676.33
0.965 3.90358 2000 -1686.35
0.97 3.92442 2000 -1695.35
0.975 3.94293 2000 -1703.35
0.98 3.95904 2000 -1710.31
0.985 3.97266 2000 -1716.19
0.99 3.98366 2000 -1720.94
0.995 3.99194 2000 -1724.52
1 3.9974 2000 -1726.88
1.005 4 2000 -1728
1.01 3.99975 2000 -1727.89
1.015 3.99648 2000 -1726.48
1.02 3.99056 2000 -1723.93
1.025 3.98254 2000 -1720.46
1.03 3.97322 2000 -1716.43
1.035 3.96364 2000 -1712.29
1.04 3.95503 2000 -1708.58
1.045 3.94872 2000 -1705.85
1.05 3.94604 2000 -1704.69
1.055 3.94819 2000 -1705.62
1.06 3.95605 2000 -1709.02
1.065 3.96998 2000 -1715.03
1.07 3.98981 2000 -1723.6
1.075 4.01324 1999.97 -1733.75
1.08 4.03944 1999.95 -1745.09
1.085 4.06862 1999.96 -1757.68
1.09 4.09973 1999.97 -1771.12
1.095 4.13173 1999.98 -1784.94
1.1 4.16377 1999.98 -1798.77
1.105 4.19535 1999.98 -1812.41
1.11 4.22635 1999.99 -1825.8
1.115 4.25697 1999.99 -1839.02
1.12 4.28762 1999.99 -1852.26
1.125 4.31879 1999.99 -1865.73
1.13 4.35101 1999.99 -1879.65
1.135 4.3847 2000 -1894.2
1.14 4.42006 2000 -1909.47
1.145 4.45695 2000 -1925.41
1.15 4.49483 2000 -1941.77
1.155 4.53264 2000 -1958.11
1.16 4.56884 2000 -1973.74
1.165 4.60134 2000 -1987.78
1.17 4.62763 2000 -1999.14
1.175 4.64505 2000 -2006.66
1.18 4.65106 2000 -2009.26
1.185 4.64234 1999.98 -2005.5
1.19 4.61589 1999.97 -1994.09
1.195 4.56998 1999.97 -1974.25
1.2 4.50345 1999.98 -1945.5
1.205 4.41565 1999.98 -1907.57
1.21 4.30615 1999.99 -1860.26
1.215 4.17457 1999.99 -1803.42
1.22 4.0207 1999.99 -1736.95
1.225 3.8444 1999.99 -1660.79
1.23 3.64578 1999.99 -1574.98
1.235 3.42524 2000 -1479.71
1.24 3.18362 2000 -1375.33
1.245 2.92234 2000 -1262.45
1.25 2.64338 2000 -1141.94
1.255 2.34919 2000 -1014.85
1.26 2.04228 2000 -882.264
1.265 1.72478 2000 -745.103
1.27 1.39836 1999.99 -604.088
1.275 1.06418 1999.99 -459.721
1.28 0.723367 1999.98 -312.491
1.285 0.377261 1999.96 -162.968
1.29 0.0297168 1999.87 -12.7949
1.295 -0.309093 1999.68 133.659
1.3 -0.629519 1999.55 272.198
1.305 -0.946555 1999.62 409.142
1.31 -1.25794 1999.68 543.644
1.315 -1.56056 1999.74 674.36
1.32 -1.85118 1999.79 799.892
1.325 -2.12678 1999.83 918.939
1.33 -2.38467 1999.86 1030.33
1.335 -2.6223 1999.88 1132.98
1.34 -2.83716 1999.9 1225.78
1.345 -3.02668 1999.92 1307.64
1.35 -3.18841 1999.94 1377.49
1.355 -3.32023 1999.95 1434.42
1.36 -3.42039 1999.96 1477.68
1.365 -3.48759 1999.97 1506.7
1.37 -3.52103 1999.97 1521.14
1.375 -3.52045 1999.98 1520.88
1.38 -3.48201 1999.96 1504.25
1.385 -3.40648 1999.97 1471.59
1.39 -3.29474 1999.97 1423.32
1.395 -3.14793 1999.98 1359.89
1.4 -2.96694 1999.98 1281.71
1.405 -2.75241 1999.99 1189.03
1.41 -2.5046 1999.99 1081.98
1.415 -2.22342 1999.99 960.514
1.42 -1.90857 1999.99 824.5
1.425 -1.55981 1999.99 673.837
1.43 -1.1772 2000 508.548
1.435 -0.761338 2000 328.895
1.44 -0.313602 2000 135.473
1.445 0.163698 2000 -70.7212
1.45 0.667295 2000 -288.276
1.455 1.19315 2000 -515.448
1.46 1.7368 2000 -750.307
1.465 2.29356 2000 -990.828
1.47 2.85845 2000 -1234.87
1.475 3.42626 1999.99 -1480.18
1.48 3.99159 1999.98 -1724.42
1.485 4.54747 1999.88 -1964.62
1.49 5.05919 1999.37 -2186.31
1.495 5.53786 1999.13 -2393.42
1.5 6.00233 1999.28 -2593.91
1.505 6.45115 1999.4 -2787.68
1.51 6.88318 1999.51 -2974.21
1.515 7.29718 1999.6 -3152.99
1.52 7.69214 1999.67 -3323.54
1.525 8.06732 1999.73 -3485.56
1.53 8.4223 1999.78 -3638.86
1.535 8.75697 1999.82 -3783.39
1.54 9.07144 1999.85 -3919.2
1.545 9.36605 1999.88 -4046.44
1.55 9.64126 1999.9 -4165.29
1.555 9.89765 1999.92 -4276.03
1.56 10.1359 1999.93 -4378.93
1.565 10.357 1999.94 -4474.4
1.57 10.5619 1999.95 -4562.9
1.575 10.7521 1999.96 -4645.06
1.58 10.9293 1999.97 -4721.57
1.585 11.0951 1999.97 -4793.21
1.59 11.2517 1999.98 -4860.84
1.595 11.401 1999.98 -4925.33
1.6 11.5448 1999.98 -4987.45
1.605 11.6845 1999.99 -5047.8
1.61 11.8212 1999.99 -5106.8
1.615 11.9555 1999.99 -5164.82
1.62 12.0881 1999.99 -5222.12
1.625 12.2198 1999.99 -5278.99
1.63 12.3508 1999.99 -5335.59
1.635 12.4814 1999.99 -5392.02
1.64 12.6116 1999.99 -5448.25
1.645 12.741 2000 -5504.13
1.65 12.869 2000 -5559.45
1.655 12.9952 2000 -5613.95
1.66 13.1186 2000 -5667.27
1.665 13.2381 2000 -5718.9
1.67 13.3521 2000 -5768.13
1.675 13.4584 2000 -5814.06
1.68 13.5547 2000 -5855.65
1.685 13.6383 2000 -5891.76
1.69 13.7064 2000 -5921.18
1.695 13.7562 2000 -5942.71
1.7 13.7855 2000 -5955.34
1.705 13.7922 2000 -5958.24
1.71 13.7717 1999.95 -5949.45
1.715 13.7216 1999.92 -5927.89
1.72 13.6408 1999.94 -5892.96
1.725 13.5276 1999.95 -5843.99
1.73 13.3804 1999.96 -5780.41
1.735 13.1982 1999.97 -5701.68
1.74 12.9802 1999.97 -5607.48
1.745 12.7263 1999.98 -5497.79
1.75 12.4373 1999.98 -5372.96
1.755 12.1151 1999.99 -5233.76
1.76 11.7622 1999.99 -5081.3
1.765 11.3818 1999.99 -4916.96
1.77 10.9776 1999.99 -4742.35
1.775 10.5537 1999.99 -4559.21
1.78 10.1141 2000 -4369.28
1.785 9.66266 2000 -4174.27
1.79 9.20334 2000 -3975.84
1.795 8.7397 2000 -3775.54
1.8 8.27491 2000 -3574.75
1.805 7.81162 2000 -3374.6
1.81 7.35198 2000 -3176.04
1.815 6.89769 2000 -2979.78
1.82 6.44958 2000 -2786.2
1.825 6.00736 2000 -2595.15
1.83 5.56961 2000 -2406.04
1.835 5.1343 2000 -2217.99
1.84 4.69926 2000 -2030.05
1.845 4.26289 2000 -1841.53
1.85 3.82457 2000 -1652.18
1.855 3.38512 2000 -1462.33
1.86 2.94692 2000 -1273.02
1.865 2.51371 2000 -1085.87
1.87 2.08992 2000 -902.784
1.875 1.68002 2000 -725.701
1.88 1.28825 2000 -556.451
1.885 0.918787 2000 -396.836
1.89 0.575793 2000 -248.658
1.895 0.263181 2000 -113.607
1.9 -0.0159816 2000 6.99328
1.905 -0.260069 2000 112.434
1.91 -0.46871 2000 202.56
1.915 -0.642527 2000 277.642
1.92 -0.782914 2000 338.281
1.925 -0.89177 2000 385.298
1.93 -0.97109 2000 419.555
1.935 -1.02255 2000 441.78
1.94 -1.04717 2000 452.41
1.945 -1.04502 2000 451.477
1.95 -1.01513 2000 438.566
1.955 -0.95624 2000 413.119
1.96 -0.866776 2000 374.466
1.965 -0.745107 2000 321.901
1.97 -0.589665 2000 254.748
1.975 -0.399288 2000 172.502
1.98 -0.173547 2000 74.9802
1.985 0.0871897 2000 -37.6596
1.99 0.381805 2000 -164.935
1.995 0.708385 2000 -306.018
2 1.0641 2000 -459.689
2.005 1.44516 2000 -624.306
2.01 1.84691 2000 -797.863
2.015 2.26405 2000 -978.07
2.02 2.69069 2000 -1162.38
2.025 3.12034 2000 -1347.99
2.03 3.54628 2000 -1532
2.035 3.96223 2000 -1711.69
2.04 4.36275 2000 -1884.71
2.045 4.74325 2000 -2049.09
2.05 5.10014 2000 -2203.27
2.055 5.43092 2000 -2346.16
2.06 5.73378 2000 -2477
2.065 6.00743 2000 -2595.22
2.07 6.2512 2000 -2700.53
2.075 6.46546 2000 -2793.09
2.08 6.65174 2000 -2873.56
2.085 6.81263 2000 -2943.06
2.09 6.95133 2000 -3002.98
2.095 7.07122 2000 -3054.78
2.1 7.17534 2000 -3099.75
2.105 7.26587 2000 -3138.86
2.11 7.34389 2000 -3172.57
2.115 7.40978 2000 -3201.03
2.12 7.46392 2000 -3224.42
2.125 7.50722 2000 -3243.12
2.13 7.54135 2000 -3257.87
2.135 7.56897 2000 -3269.8
2.14 7.5936 2000 -3280.44
2.145 7.61928 2000 -3291.53
2.15 7.65007 2000 -3304.83
2.155 7.68977 2000 -3321.98
2.16 7.74156 2000 -3344.36
2.165 7.80764 2000 -3372.9
2.17 7.88928 2000 -3408.17
2.175 7.98738 2000 -3450.55
2.18 8.10268 2000 -3500.36
2.185 8.23589 2000 -3557.91
2.19 8.38798 2000 -3623.61
2.195 8.56041 2000 -3698.1
2.2 8.75506 2000 -3782.19
2.205 8.97417 2000 -3876.85
2.21 9.22022 2000 -3983.15
2.215 9.49561 2000 -4102.13
2.22 9.80217 2000 -4234.57
2.225 10.1408 2000 -4380.88
2.23 10.5113 2000 -4540.94
2.235 10.9116 2000 -4713.9
2.24 11.3378 1999.99 -4898.06
2.245 11.784 1999.99 -5090.85
2.25 12.2432 1999.98 -5289.23
2.255 12.7083 1999.98 -5490.15
2.26 13.1728 1999.97 -5690.77
2.265 13.6306 1999.96 -5888.48
2.27 14.0377 1999.39 -6065.61
2.275 14.4129 1999.08 -6228.36
2.28 14.7704 1999.24 -6382.4
2.285 15.1037 1999.38 -6526.09
2.29 15.4078 1999.5 -6657.21
2.295 15.6769 1999.59 -6773.28
2.3 15.9049 1999.67 -6871.64
2.305 16.0854 1999.73 -6949.49
2.31 16.2124 1999.78 -7004.25
2.315 16.2806 1999.82 -7033.62
2.32 16.2855 1999.86 -7035.66
2.325 16.2115 1999.72 -7003.96
2.33 16.0554 1999.64 -6936.68
2.335 15.8142 1999.71 -6832.34
2.34 15.4832 1999.77 -6689.23
2.345 15.059 1999.81 -6505.89
2.35 14.539 1999.85 -6281.15
2.355 13.9215 1999.88 -6014.34
2.36 13.2064 1999.9 -5705.38
2.365 12.3951 1999.92 -5354.82
2.37 11.4906 1999.94 -4964.05
2.375 10.499 1999.95 -4535.62
2.38 9.42951 1999.96 -4073.56
2.385 8.29547 1999.97 -3583.61
2.39 7.11377 1999.98 -3073.06
2.395 5.90377 1999.99 -2550.27
2.4 4.68654 1999.99 -2024.35
2.405 3.48443 2000 -1504.94
2.41 2.32025 2000 -1001.9
2.415 1.21546 1999.99 -524.504
2.42 0.188368 1999.98 -80.6856
2.425 -0.745782 1999.95 322.951
2.43 -1.57476 1999.92 681.066
2.435 -2.28932 1999.89 989.662
2.44 -2.88204 1999.83 1245.59
2.445 -3.34732 1999.74 1446.53
2.45 -3.68536 1999.72 1592.47
2.455 -3.89661 1999.75 1683.59
2.46 -3.98166 1999.79 1720.29
2.465 -3.94088 1999.79 1702.71
2.47 -3.77058 1999.78 1629.17
2.475 -3.47214 1999.82 1500.19
2.48 -3.04658 1999.86 1316.31
2.485 -2.49555 1999.88 1078.23
2.49 -1.82104 1999.91 786.805
2.495 -1.02554 1999.93 443.125
2.5 -0.112622 1999.94 48.7229
2.505 0.912218 1999.95 -394.031
2.51 2.04074 1999.96 -881.581
2.515 3.26156 1999.97 -1409.01
2.52 4.56023 1999.98 -1970.08
2.525 5.91999 1999.99 -2557.57
2.53 7.32344 1999.99 -3163.98
2.535 8.75428 1999.99 -3782.27
2.54 10.1983 1999.99 -4406.31
2.545 11.644 1999.98 -5031.16
2.55 13.0829 1999.96 -5653.04
2.555 14.5087 1999.92 -6269.01
2.56 15.9168 1999.88 -6876.98
2.565 17.1607 1997.74 -7419.02
2.57 18.3406 1996.73 -7931.09
2.575 19.5 1997.29 -8430.7
2.58 20.6294 1997.76 -8917.71
2.585 21.727 1998.15 -9391.19
2.59 22.7912 1998.47 -9850.38
2.595 23.8042 1998.8 -10289.8
2.6 24.7726 1999.1 -10710.5
2.605 25.6964 1999.36 -11111.6
2.61 26.5624 1999.59 -11488
2.615 27.4098 1999.64 -11851.9
2.62 28.1946 1999.85 -12191.6
2.625 28.8984 2000.12 -12498.7
2.63 29.5642 2000.21 -12785.5
2.635 30.1839 2000.26 -13052.2
2.64 30.7682 2000.2 -13302.4
2.645 31.23 2000.76 -13507.7
2.65 31.6606 2000.95 -13695.4
2.655 32.0754 2000.75 -13871.2
2.66 32.4577 2000.6 -14033.6
2.665 32.8107 2000.47 -14183.9
2.67 33.138 2000.38 -14323.5
2.675 33.443 2000.3 -14453.8
2.68 33.7297 2000.23 -14576.5
2.685 34.0017 2000.18 -14693.1
2.69 34.2386 2000.36 -14796.6
2.695 34.4566 2000.49 -14892.2
2.7 34.6752 2000.41 -14985.9
2.705 34.8912 2000.33 -15078.1
2.71 35.1029 2000.26 -15168.6
2.715 35.3108 2000.21 -15257.7
2.72 35.5153 2000.17 -15345.4
2.725 35.7167 2000.13 -15431.9
2.73 35.9154 2000.1 -15517.3
2.735 36.1116 2000.08 -15601.8
2.74 36.306 2000.06 -15685.5
2.745 36.4987 2000.05 -15768.6
2.75 36.6903 2000.03 -15851.2
2.755 36.8811 2000.03 -15933.4
2.76 37.071 2000.02 -16015.3
2.765 37.2598 2000.01 -16096.8
2.77 37.4466 2000.01 -16177.5
2.775 37.6187 2000.13 -16252.6
2.78 37.7812 2000.2 -16323.3
2.785 37.9382 2000.16 -16390.8
2.79 38.0838 2000.13 -16453.4
2.795 38.2138 2000.1 -16509.4
2.8 38.3222 2000.09 -16556.3
2.805 38.4066 2000.08 -16592.7
2.81 38.4632 2000.07 -16617.1
2.815 38.4895 2000.06 -16628.3
2.82 38.4802 2000.01 -16624.3
2.825 38.4235 1999.95 -16600.1
2.83 38.3178 1999.97 -16554.4
2.835 38.1598 1999.99 -16486.2
2.84 37.9457 2000 -16393.8
2.845 37.6762 2000 -16277.1
2.85 37.3484 2000 -16135.3
2.855 36.9268 2000.32 -15956
2.86 36.4408 2000.46 -15747.2
2.865 35.8964 2000.37 -15511
2.87 35.2898 2000.29 -15248.1
2.875 34.6257 2000.23 -14960.6
2.88 33.9109 2000.19 -14651.2
2.885 33.1512 2000.16 -14322.7
2.89 32.2348 2001.05 -13937.6
2.895 31.3126 2001.27 -13541.4
2.9 30.3804 2001.02 -13135.6
2.905 29.4258 2000.82 -12720.7
2.91 28.2867 2001.75 -12243.7
2.915 27.1352 2002.1 -11752.1
2.92 25.9685 2001.86 -11244.3
2.925 24.689 2002.08 -10699.2
2.93 23.4121 2002.03 -10148.7
2.935 22.1399 2001.75 -9595.56
2.94 20.8369 2001.59 -9032.14
2.945 19.5483 2001.33 -8471.14
2.95 18.2613 2001.12 -7911.66
2.955 16.999 2000.91 -7361.83
2.96 15.7591 2000.73 -6822.54
2.965 14.5474 2000.59 -6296.15
2.97 13.3709 2000.47 -5785.57
2.975 12.2379 2000.38 -5294.28
2.98 11.1573 2000.3 -4825.96
2.985 10.1372 2000.24 -4384.08
2.99 9.18473 2000.19 -3971.67
2.995 8.30567 2000.15 -3591.16
3 7.50403 2000.12 -3244.25
3.005 6.78207 2000.09 -2931.88
3.01 6.13994 2000.07 -2654.1
3.015 5.57514 2000.05 -2409.79
3.02 5.08187 2000.04 -2196.44
3.025 4.65093 2000.03 -2010.07
3.03 4.27009 2000.02 -1845.37
3.035 3.92482 2000.01 -1696.08
3.04 3.59992 2000.01 -1555.62
3.045 3.28031 2000.01 -1417.46
3.05 2.95265 2000.01 -1275.85
3.055 2.60727 2000 -1126.58
3.06 2.23844 2000 -967.211
3.065 1.84353 2000 -796.588
3.07 1.42252 1999.99 -614.674
3.075 0.976489 1999.99 -421.96
3.08 0.507129 1999.99 -219.191
3.085 0.0167312 1999.98 -7.33082
3.09 -0.492774 1999.97 212.804
3.095 -1.02058 1999.96 440.847
3.1 -1.56664 1999.94 676.765
3.105 -2.13196 1999.91 920.977
3.11 -2.71874 1999.89 1174.46
3.115 -3.32931 1999.84 1438.16
3.12 -3.96723 1999.8 1713.49
3.125 -4.63665 1999.79 2002.43
3.13 -5.33789 1999.71 2304.6
3.135 -6.06348 1999.54 2616.53
3.14 -6.78933 1999.36 2932.11
3.145 -7.5302 1999.34 3255.13
3.15 -8.31265 1999.43 3593.15
3.155 -9.12997 1999.52 3945.92
3.16 -9.98304 1999.59 4314.23
3.165 -10.8754 1999.64 4699.57
3.17 -11.8112 1999.68 5103.75
3.175 -12.7943 1999.71 5528.44
3.18 -13.8272 1999.73 5974.65
3.185 -14.9101 1999.74 6442.55
3.19 -16.042 1999.74 6931.61
3.195 -17.2202 1999.74 7440.69
3.2 -18.4402 1999.74 7967.86
3.205 -19.6957 1999.73 8510.4
3.21 -20.962 1999.79 9059.84
3.215 -22.2275 1999.9 9610.24
3.22 -23.4306 2000.26 10140.7
3.225 -24.6554 2000.34 10672.2
3.23 -25.8347 2000.48 11184
3.235 -26.93 2000.72 11660.8
3.24 -27.9831 2000.77 12114.1
3.245 -28.8347 2001.85 12493.5
3.25 -29.6536 2002.09 12849.4
3.255 -30.4541 2001.64 13187.9
3.26 -31.201 2001.28 13504.8
3.265 -31.8438 2001.49 13782.2
3.27 -32.4116 2001.63 14028.2
3.275 -32.9498 2001.36 14257.3
3.28 -33.4561 2001.07 14471.8
3.285 -33.9287 2000.85 14672.6
3.29 -34.3712 2000.67 14860.9
3.295 -34.7862 2000.52 15037.9
3.3 -35.1668 2000.5 15201.2
3.305 -35.4987 2000.6 15344.4
3.31 -35.8123 2000.47 15478.3
3.315 -36.103 2000.37 15602.5
3.32 -36.3708 2000.29 15717.1
3.325 -36.6167 2000.23 15822.5
3.33 -36.8402 2000.2 15918.6
3.335 -37.0444 2000.17 16006.5
3.34 -37.2355 2000.14 16088.5
3.345 -37.4166 2000.11 16166.2
3.35 -37.5927 2000.08 16241.9
3.355 -37.7701 2000.06 16318.2
3.36 -37.9552 2000.06 16398.1
3.365 -38.156 2000.06 16484.9
3.37 -38.3842 2000.04 16583.3
3.375 -38.6466 2000.03 16696.5
3.38 -38.9455 2000.04 16826
3.385 -39.268 2000.21 16968.7
3.39 -39.6358 2000.3 17129
3.395 -40.0353 2000.4 17301.4
3.4 -40.4821 2000.3 17493.5
3.405 -40.9653 2000.3 17703.2
3.41 -41.4735 2000.38 17925.2
3.415 -42.0195 2000.36 18161.8
3.42 -42.5899 2000.46 18410.9
3.425 -43.174 2000.61 18667
3.43 -43.7951 2000.57 18935.8
3.435 -44.4024 2000.74 19202.3
3.44 -44.9998 2001.04 19466.4
3.445 -45.5724 2001.7 19716.1
3.45 -46.1195 2002.02 19954.8
3.455 -46.6374 2002.1 20182
3.46 -47.1219 2001.95 20392.9
3.465 -47.5914 2001.81 20593.2
3.47 -48.0287 2001.87 20776.6
3.475 -48.4337 2001.45 20950
3.48 -48.8179 2001.24 21113.5
3.485 -49.1719 2001.05 21265
3.49 -49.4833 2000.76 21403.1
3.495 -49.7443 2001 21520.1
3.5 -49.9027 2000.78 21603.3
3.505 -50.0403 2000.37 21671
3.51 -50.1594 2000.23 21724.2
3.515 -50.1887 2000.08 21747.5
3.52 -50.0636 1999.22 21713.8
3.525 -49.8521 1998.46 21628.9
3.53 -49.6767 1998.49 21539
3.535 -49.4743 1998.53 21441.7
3.54 -49.2293 1998.31 21330.8
3.545 -48.9333 1998.83 21197.6
3.55 -48.6448 1999.38 21060.8
3.555 -48.3311 1999.33 20918.7
3.56 -48.0168 1999.41 20773.1
3.565 -47.6861 1999.43 20623.7
3.57 -47.337 1999.32 20471.2
3.575 -46.9835 1999.25 20315.9
3.58 -46.5863 1998.82 20148.1
3.585 -46.2402 1999.32 19988.8
3.59 -46.0762 2000.62 19882.4
3.595 -45.9108 2001.13 19795.7
3.6 -45.6906 2000.84 19708.5
3.605 -45.4767 2000.61 19622.5
3.61 -45.268 2000.42 19537.5
3.615 -45.0636 2000.27 19453.3
3.62 -44.8626 2000.15 19369.8
3.625 -44.6662 2000.02 19286.8
3.63 -44.5692 2000.61 19231.7
3.635 -44.4556 2000.83 19178.2
3.64 -44.3159 2000.62 19123
3.645 -44.1763 2000.45 19067.3
3.65 -44.0369 2000.3 19010.8
3.655 -43.8963 2000.18 18953
3.66 -43.7539 2000.08 18894
3.665 -43.609 1999.99 18833.4
3.67 -43.4652 1999.98 18771.9
3.675 -43.3173 1999.93 18709.1
3.68 -43.1663 1999.85 18645.2
3.685 -43.0082 1999.7 18578.7
3.69 -42.8545 1999.68 18513
3.695 -42.7313 1999.94 18456.3
3.7 -42.6293 2000.18 18408.9
3.705 -42.5178 2000.09 18362.4
3.71 -42.4123 2000.03 18318.2
3.715 -42.3134 1999.98 18276.5
3.72 -42.2212 1999.94 18237.4
3.725 -42.1359 1999.92 18201.2
3.73 -42.0578 1999.9 18167.9
3.735 -41.9869 1999.9 18137.7
3.74 -41.9235 1999.89 18110.6
3.745 -41.8674 1999.9 18086.5
3.75 -41.8186 1999.9 18065.5
3.755 -41.7768 1999.91 18047.6
3.76 -41.7418 1999.92 18032.5
3.765 -41.7134 1999.93 18020.3
3.77 -41.6915 1999.94 18010.8
3.775 -41.6763 1999.95 18004.2
3.78 -41.6677 1999.96 18000.5
3.785 -41.6658 1999.97 17999.7
3.79 -41.6339 1999.85 17991.5
3.795 -41.5869 1999.77 17974.8
3.8 -41.5366 1999.81 17951.1
3.805 -41.4689 1999.84 17920.1
3.81 -41.3876 1999.85 17883.3
3.815 -41.297 1999.85 17842.6
3.82 -41.2011 1999.84 17799.6
3.825 -41.1033 1999.83 17756
3.83 -41.0068 1999.82 17713.2
3.835 -40.9141 1999.81 17672.3
3.84 -40.8278 1999.81 17634.4
3.845 -40.7503 1999.82 17600.7
3.85 -40.6839 1999.83 17572.1
3.855 -40.6304 1999.85 17549.2
3.86 -40.5905 1999.87 17532.3
3.865 -40.5645 1999.89 17521.5
3.87 -40.5521 1999.91 17516.6
3.875 -40.5543 1999.92 17517.7
3.88 -40.5784 1999.91 17527.8
3.885 -40.6199 1999.93 17546.1
3.89 -40.6779 1999.94 17571.6
3.895 -40.7497 1999.96 17602.9
3.9 -40.8322 1999.97 17638.9
3.905 -40.9223 1999.99 17678.3
3.91 -41.0171 2000.01 17719.9
3.915 -41.1136 2000.04 17762.5
3.92 -41.2092 2000.08 17805
3.925 -41.302 2000.12 17846.4
3.93 -41.3892 2000.14 17885.6
3.935 -41.4704 2000.15 17922
3.94 -41.5454 2000.17 17955.4
3.945 -41.6084 2000.08 17983.9
3.95 -41.5444 1999.35 17974.7
3.955 -41.4973 1999.12 17960.2
3.96 -41.5133 1999.45 17956.2
3.965 -41.5197 1999.64 17952.3
3.97 -41.5153 1999.63 17947.8
3.975 -41.5122 1999.66 17944.1
3.98 -41.5111 1999.73 17941.6
3.985 -41.5116 1999.78 17940.1
3.99 -41.514 1999.82 17939.7
3.995 -41.4934 1999.8 17933.5
4 -41.452 1999.79 17917.6
4.005 -41.4005 1999.82 17893.2
4.01 -41.3284 1999.85 17860.1
4.015 -41.238 1999.86 17819.1
4.02 -41.1323 1999.84 17771.5
4.025 -41.0143 1999.81 17718.4
4.03 -40.8867 1999.78 17661.2
4.035 -40.7518 1999.75 17600.8
4.04 -40.6119 1999.63 17538.4
4.045 -40.4692 1999.54 17475.2
4.05 -40.3251 1999.55 17411.9
4.055 -40.1793 1999.56 17348.3
4.06 -40.0325 1999.58 17284.7
4.065 -39.8852 1999.61 17221.2
4.07 -39.7379 1999.64 17158
4.075 -39.5912 1999.67 17095.3
4.08 -39.4455 1999.7 17033
4.085 -39.3011 1999.74 16971.4
4.09 -39.1582 1999.76 16910.4
4.095 -39.012 1999.98 16848.8
4.1 -38.864 2000.11 16786
4.105 -38.7175 2000.08 16723.1
4.11 -38.5734 2000.05 16661.1
4.115 -38.4317 2000.03 16600.2
4.12 -38.2904 2000.1 16539.9
4.125 -38.137 2000.37 16475.2
4.13 -37.9872 2000.25 16410.3
4.135 -37.843 2000.13 16347.7
4.14 -37.7027 2000.1 16287.1
4.145 -37.566 2000.07 16228.1
4.15 -37.4329 2000.05 16170.6
4.155 -37.3035 2000.04 16114.7
4.16 -37.1778 2000.02 16060.5
4.165 -37.0559 2000.01 16007.9
4.17 -36.9379 2000.01 15956.9
4.175 -36.8243 2000.02 15907.5
4.18 -36.7139 2000.04 15859.5
4.185 -36.6062 2000.02 15813.1
4.19 -36.5029 2000.02 15768.7
4.195 -36.4043 2000.01 15726.1
4.2 -36.3105 2000 15685.7
4.205 -36.2219 2000 15647.5
4.21 -36.1389 2000 15611.7
4.215 -36.0618 2000 15578.4
4.22 -35.9909 1999.99 15547.9
4.225 -35.9267 1999.99 15520.2
4.23 -35.8694 1999.99 15495.5
4.235 -35.8197 1999.99 15474
4.24 -35.778 1999.99 15456
4.245 -35.7451 2000 15441.8
4.25 -35.7215 2000 15431.6
4.255 -35.7075 2000 15425.6
4.26 -35.7029 2000 15423.6
4.265 -35.715 1999.95 15427.6
4.27 -35.7433 1999.91 15438.9
4.275 -35.7805 1999.93 15455.4
4.28 -35.8245 1999.95 15474.9
4.285 -35.87 1999.96 15494.9
4.29 -35.9122 1999.97 15513.4
4.295 -35.9473 1999.98 15528.8
4.3 -35.9731 1999.99 15540.1
4.305 -35.9889 1999.99 15547
4.31 -35.995 1999.99 15549.7
4.315 -35.9929 1999.99 15548.8
4.32 -35.9839 2000 15545
4.325 -35.9705 2000 15539.2
4.33 -35.9541 2000 15532.1
4.335 -35.9362 1999.99 15524.3
4.34 -35.9179 1999.99 15516.3
4.345 -35.9 1999.99 15508.5
4.35 -35.8835 1999.99 15501.3
4.355 -35.8695 1999.99 15495.2
4.36 -35.8591 1999.99 15490.7
4.365 -35.8532 1999.99 15488.2
4.37 -35.8527 1999.99 15488.1
4.375 -35.8605 1999.98 15491.2
4.38 -35.8762 1999.98 15497.8
4.385 -35.8998 1999.98 15508.2
4.39 -35.9318 1999.99 15522.1
4.395 -35.9714 1999.99 15539.4
4.4 -36.0174 1999.99 15559.5
4.405 -36.0688 1999.99 15581.9
4.41 -36.124 2000 15606
4.415 -36.1812 2000.01 15630.9
4.42 -36.2381 2000.02 15655.7
4.425 -36.2924 2000.03 15679.3
4.43 -36.3419 2000.03 15700.8
4.435 -36.3845 2000.03 15719.2
4.44 -36.4184 2000.03 15733.8
4.445 -36.4424 2000.03 15744
4.45 -36.4557 2000.02 15749.6
4.455 -36.4576 2000.02 15750.3
4.46 -36.4429 2000.03 15744.5
4.465 -36.4125 2000.04 15731.6
4.47 -36.3667 2000.03 15711.4
4.475 -36.304 2000.01 15683.7
4.48 -36.2258 1999.98 15648.9
4.485 -36.134 1999.94 15607.8
4.49 -36.0312 1999.89 15561.7
4.495 -35.9193 1999.81 15511.5
4.5 -35.8022 1999.64 15459
4.505 -35.6797 1999.58 15404.7
4.51 -35.5501 1999.59 15348.2
4.515 -35.4129 1999.62 15289
4.52 -35.2627 1999.76 15225.4
4.525 -35.0941 1999.96 15154.5
4.53 -34.9187 1999.95 15079.3
4.535 -34.7365 1999.94 15001.2
4.54 -34.5488 1999.94 14920.7
4.545 -34.3593 1999.84 14839
4.55 -34.168 1999.79 14756.6
4.555 -33.974 1999.81 14673.4
4.56 -33.778 1999.83 14589.3
4.565 -33.5805 1999.84 14504.3
4.57 -33.3818 1999.85 14418.9
4.575 -33.1827 1999.86 14333.2
4.58 -32.9803 1999.93 14246.5
4.585 -32.7556 2000.37 14153.1
4.59 -32.5323 2000.48 14057.7
4.595 -32.3117 2000.38 13961.6
4.6 -32.0922 2000.29 13866.1
4.605 -31.8763 2000.17 13772.1
4.61 -31.6656 2000.06 13680.3
4.615 -31.4574 2000.02 13590.1
4.62 -31.2532 2000.06 13500.6
4.625 -31.0409 2000.22 13409.4
4.63 -30.8297 2000.24 13318.8
4.635 -30.6232 2000.17 13229.5
4.64 -30.4206 2000.12 13141.8
4.645 -30.2218 2000.08 13055.8
4.65 -30.0304 1999.98 12972.6
4.655 -29.8444 1999.91 12891.9
4.66 -29.662 1999.9 12813.2
4.665 -29.4837 1999.89 12736.2
4.67 -29.3018 2000 12658.8
4.675 -29.121 2000.07 12581.4
4.68 -28.9457 2000.03 12505.3
4.685 -28.7761 1999.97 12431.6
4.69 -28.6195 1999.97 12362.3
4.695 -28.4591 2000.08 12293.4
4.7 -28.2779 2000.51 12217.4
4.705 -28.1011 2000.5 12140.4
4.71 -27.9254 2000.39 12064.3
4.715 -27.7535 2000.3 11989.9
4.72 -27.5861 2000.23 11917.4
4.725 -27.4078 2000.38 11842.8
4.73 -27.2052 2000.63 11759
4.735 -27.0225 2000.49 11678.6
4.74 -26.8485 2000.44 11601.9
4.745 -26.6852 2000.35 11530.6
4.75 -26.5362 2000.28 11465.7
4.755 -26.4023 2000.22 11407.5
4.76 -26.2844 2000.17 11356.2
4.765 -26.1529 2000.45 11303.4
4.77 -26.0403 2000.56 11256.4
4.775 -25.9553 2000.45 11218.3
4.78 -25.8912 2000.36 11189.5
4.785 -25.8448 2000.32 11169
4.79 -25.82 2000.28 11157.8
4.795 -25.8181 2000.22 11156.3
4.8 -25.8508 2000.13 11168.1
4.805 -25.9123 2000.07 11193.2
4.81 -25.9955 2000.09 11229.9
4.815 -26.1045 2000.09 11277.6
4.82 -26.2365 2000.08 11335
4.825 -26.3855 2000.07 11399.8
4.83 -26.5466 2000.07 11469.9
4.835 -26.6952 2000.28 11537.5
4.84 -26.8435 2000.38 11603.5
4.845 -26.9945 2000.32 11668.5
4.85 -27.1406 2000.31 11731
4.855 -27.2771 2000.31 11789.3
4.86 -27.4039 2000.26 11843.6
4.865 -27.5209 2000.22 11893.6
4.87 -27.6268 2000.19 11938.9
4.875 -27.7207 2000.16 11978.9
4.88 -27.8018 2000.13 12013.5
4.885 -27.8688 2000.11 12041.9
4.89 -27.9202 2000.09 12063.7
4.895 -27.9541 2000.07 12078
4.9 -27.9686 2000.06 12083.9
4.905 -27.957 2000.06 12079.3
4.91 -27.9137 2000.06 12061
4.915 -27.8404 2000.05 12028.8
4.92 -27.7354 2000.03 11982.7
4.925 -27.6016 2000 11923.8
4.93 -27.4432 1999.97 11854
4.935 -27.2658 1999.93 11775.6
4.94 -27.0737 1999.93 11690.7
4.945 -26.8685 1999.95 11600.2
4.95 -26.6573 1999.91 11508.1
4.955 -26.4314 2000.02 11412.4
4.96 -26.174 2000.24 11305.2
4.965 -25.9251 2000.19 11198.4
4.97 -25.6792 2000.16 11093.1
4.975 -25.4511 2000.09 10993.8
4.98 -25.2365 2000.04 10900.7
4.985 -25.0356 2000.03 10814
4.99 -24.8489 2000.02 10733.5
4.995 -24.67 2000.06 10657
5 -24.4664 2000.27 10572.7
5.005 -24.2823 2000.22 10492.5
5.01 -24.1034 2000.17 10414.7
5.015 -23.9249 2000.14 10337.1
5.02 -23.7422 2000.11 10257.9
5.025 -23.551 2000.09 10175
5.03 -23.3477 2000.07 10087
5.035 -23.1297 2000.05 9992.58
5.04 -22.8926 2000.08 9889.88
5.045 -22.6188 2000.22 9772.42
5.05 -22.2669 2000.48 9625.39
5.055 -21.9032 2000.38 9467.04
5.06 -21.5045 2000.39 9293.74
5.065 -21.0591 2000.47 9102.49
5.07 -20.5601 2000.55 8888.97
5.075 -19.9986 2000.73 8650.33
5.08 -19.3418 2001.13 8372.55
5.085 -18.6683 2001 8078.56
5.09 -17.9582 2000.77 7768.76
5.095 -17.1946 2000.7 7438.59
5.1 -16.2879 2001.05 7054.86
5.105 -15.3488 2000.97 6648.56
5.11 -14.3417 2000.96 6213.91
5.115 -13.219 2001.16 5734.16
5.12 -12.0473 2001.13 5227.74
5.125 -10.8387 2000.91 4701.18
5.13 -9.58627 2000.67 4155.88
5.135 -8.29931 2000.53 3595.58
5.14 -7.01364 2000.54 3034.23
5.145 -5.56978 2001 2425.93
5.15 -4.16613 2001.26 1820
5.155 -2.80721 2001.09 1223.49
5.16 -1.44169 2001.5 629.465
5.165 -0.0331 2001.89 23.2751
5.17 1.33783 2001.5 -570.881
5.175 2.86721 2001.72 -1206.85
5.18 4.3384 2001.71 -1831.87
5.185 5.78294 2001.54 -2452.14
5.19 7.26703 2001.53 -3084.27
5.195 8.66606 2001.3 -3693.39
5.2 10.0122 2001.1 -4279.77
5.205 11.2513 2000.89 -4823.89
5.21 12.4 2000.71 -5327.23
5.215 13.4563 2000.57 -5789.26
5.22 14.4194 2000.46 -6209.91
5.225 15.2897 2000.37 -6589.61
5.23 16.069 2000.3 -6929.29
5.235 16.7601 2000.23 -7230.26
5.24 17.3665 2000.19 -7494.18
5.245 17.8906 2000.14 -7722.25
5.25 18.3348 2000.1 -7915.47
5.255 18.6993 2000.08 -8073.92
5.26 18.9822 2000.07 -8196.97
5.265 19.1806 2000.05 -8283.33
5.27 19.2902 2000.04 -8331.2
5.275 19.3062 2000.03 -8338.53
5.28 19.2177 2000.03 -8301.16
5.285 19.0219 2000.02 -8217.16
5.29 18.7165 2000.02 -8085.3
5.295 18.2983 2000.01 -7904.61
5.3 17.7673 2000.01 -7675.15
5.305 17.1253 2000 -7397.65
5.31 16.3752 1999.99 -7073.43
5.315 15.5215 1999.99 -6704.38
5.32 14.57 1999.98 -6293.03
5.325 13.5282 1999.97 -5842.7
5.33 12.4061 1999.96 -5357.68
5.335 11.2161 1999.96 -4843.37
5.34 9.9733 1999.96 -4306.33
5.345 8.6953 1999.96 -3754.15
5.35 7.42111 1999.99 -3200.96
5.355 6.181 2000.03 -2660.87
5.36 4.98527 2000.07 -2141.5
5.365 3.88962 2000.23 -1658.31
5.37 2.87424 2000.35 -1211.75
5.375 1.86238 2000.28 -780.154
5.38 0.908832 2000.23 -372.748
5.385 0.136438 2000.49 -26.7214
5.39 -0.594178 2000.56 291.857
5.395 -1.29359 2000.45 587.279
5.4 -1.92719 2000.37 855.548
5.405 -2.49612 2000.29 1096.91
5.41 -3.00338 2000.24 1312.37
5.415 -3.4293 2000.47 1497.16
5.42 -3.81043 2000.52 1660.82
5.425 -4.14605 2000.42 1802.96
5.43 -4.42987 2000.34 1923.27
5.435 -4.66207 2000.27 2021.73
5.44 -4.84162 2000.22 2097.79
5.445 -4.96649 2000.18 2150.53
5.45 -5.03408 2000.14 2178.76
5.455 -5.04168 2000.11 2181.25
5.46 -4.97957 2000.09 2154.72
5.465 -4.84911 2000.07 2098.38
5.47 -4.64983 2000.06 2011.57
5.475 -4.37783 2000.05 1893.42
5.48 -4.03286 2000.04 1743.76
5.485 -3.61546 2000.03 1562.79
5.49 -3.12714 2000.03 1351.12
5.495 -2.5691 2000.25 1109.45
5.5 -1.93582 2000.45 836.098
5.505 -1.24584 2000.37 537.072
5.51 -0.500051 2000.31 214.088
5.515 0.296034 2000.26 -130.441
5.52 1.13732 2000.22 -494.305
5.525 2.15741 2000.55 -916.368
5.53 3.18772 2000.65 -1354.59
5.535 4.21651 2000.53 -1803.87
5.54 5.3455 2000.56 -2286.41
5.545 6.57677 2000.64 -2810.51
5.55 7.84235 2000.6 -3356.18
5.555 9.17136 2000.59 -3926.55
5.56 10.5186 2000.52 -4511
5.565 11.8759 2000.42 -5103.86
5.57 13.2598 2000.33 -5706.89
5.575 14.668 2000.26 -6319.41
5.58 16.0983 2000.2 -6940.63
5.585 17.548 2000.16 -7569.55
5.59 19.014 2000.12 -8204.98
5.595 20.4889 1999.97 -8844.28
5.6 21.955 2000.01 -9480.73
5.605 23.3914 2000.2 -10104.6
5.61 24.7354 2000.7 -10692.8
5.615 25.9819 2001.19 -11238.4
5.62 27.2511 2000.92 -11784
5.625 28.4976 2000.83 -12322.6
5.63 29.635 2001.57 -12821.4
5.635 30.7555 2001.74 -13306.9
5.64 31.8785 2001.38 -13788.1
5.645 32.9675 2001.16 -14257
5.65 33.9848 2001.43 -14698.6
5.655 34.9191 2001.74 -15106.7
5.66 35.856 2001.27 -15507.6
5.665 36.7723 2000.86 -15900.3
5.67 37.6496 2000.74 -16279.4
5.675 38.4814 2000.74 -16640.7
5.68 39.2375 2000.73 -16968.7
5.685 39.9306 1999.81 -17270.1
5.69 40.5263 1999.5 -17535.9
5.695 41.1307 1999.64 -17796.3
5.7 41.6976 1999.38 -18040.7
5.705 42.2369 1999.58 -18275.5
5.71 42.7726 1999.89 -18506.8
5.715 43.3205 1999.96 -18740.4
5.72 43.8213 2000.54 -18962.6
5.725 44.3362 2000.86 -19185
5.73 44.8432 2001.07 -19403.7
5.735 45.3498 2001.12 -19620.8
5.74 45.85 2001.22 -19835.2
5.745 46.3313 2001.28 -20044
5.75 46.8171 2001.08 -20252.9
5.755 47.2906 2001.51 -20453.1
5.76 47.7482 2001.53 -20648
5.765 48.2072 2001.4 -20838.9
5.77 48.6382 2001.2 -21024.3
5.775 49.0407 2000.87 -21203.4
5.78 49.4011 2001.05 -21366.4
5.785 49.7308 2001.05 -21513.4
5.79 49.9695 2000.49 -21633.2
5.795 50.1177 2000.54 -21717.4
5.8 50.2341 2000.41 -21777.3
5.805 50.0838 1999.22 -21758.3
5.81 49.683 1997.26 -21631.9
5.815 49.3529 1997.04 -21479.9
5.82 48.9481 1997.09 -21293.5
5.825 48.4611 1996.98 -21073.7
5.83 48.0225 1997.93 -20851.9
5.835 47.5408 1998.36 -20622.2
5.84 47.0151 1998.19 -20384.3
5.845 46.4398 1997.61 -20126.9
5.85 45.9783 1998.05 -19901.7
5.855 45.7571 1999.65 -19762.2
5.86 45.4432 1999.87 -19623.6
5.865 45.1154 1999.77 -19484
5.87 44.7827 1999.61 -19343.1
5.875 44.5646 2000.28 -19233.1
5.88 44.3703 2000.71 -19139
5.885 44.1302 2000.47 -19040.6
5.89 43.8802 2000.22 -18938.5
5.895 43.6224 1999.99 -18831.9
5.9 43.3546 1999.78 -18720.3
5.905 43.0654 1999.41 -18600.4
5.91 42.7662 1998.85 -18474.2
5.915 42.546 1999.17 -18372.6
5.92 42.2928 1999.11 -18265.5
5.925 42.0292 1999.03 -18153.6
5.93 41.7509 1998.86 -18036.1
5.935 41.587 1999.48 -17948.8
5.94 41.5107 2000.15 -17899.5
5.945 41.3711 1999.88 -17846.2
5.95 41.3869 2000.24 -17844.3
5.955 41.3333 1999.45 -17831.9
5.96 41.2895 1999.19 -17819.7
5.965 41.2525 1999.21 -17807.7
5.97 41.2506 1999.83 -17805
5.975 41.2497 2000.18 -17804.3
5.98 41.224 1999.85 -17797.7
5.985 41.2049 1999.79 -17791.9
5.99 41.1863 1999.74 -17785.9
5.995 41.1682 1999.7 -17779.6
6 41.1503 1999.67 -17773.2
6.005 41.1325 1999.63 -17766.5
6.01 41.1147 1999.61 -17759.7
6.015 41.0969 1999.58 -17752.7
6.02 41.0789 1999.56 -17745.5
6.025 41.0609 1999.54 -17738.2
6.03 41.0428 1999.53 -17730.7
6.035 41.0248 1999.52 -17723.2
6.04 41.0068 1999.51 -17715.7
6.045 40.9852 1999.36 -17707.1
6.05 40.959 1999.15 -17696.6
6.055 40.9382 1999.26 -17687.3
6.06 40.9183 1999.35 -17678.5
6.065 40.8995 1999.42 -17670.2
6.07 40.8821 1999.49 -17662.5
6.075 40.8662 1999.55 -17655.4
6.08 40.8518 1999.61 -17649.1
6.085 40.8391 1999.66 -17643.4
6.09 40.8283 1999.71 -17638.6
6.095 40.8193 1999.75 -17634.6
6.1 40.8122 1999.79 -17631.5
6.105 40.8071 1999.83 -17629.1
6.11 40.8039 1999.86 -17627.7
6.115 40.8027 1999.88 -17627.1
6.12 40.7912 1999.86 -17623.9
6.125 40.7456 1999.75 -17607
6.13 40.6854 1999.79 -17579.9
6.135 40.6041 1999.81 -17543.3
6.14 40.5081 1999.79 -17500.2
6.145 40.4047 1999.76 -17453.5
6.15 40.2993 1999.73 -17406
6.155 40.1956 1999.7 -17359.3
6.16 40.0956 1999.68 -17314.7
6.165 40.0007 1999.66 -17272.7
6.17 39.9117 1999.67 -17233.8
6.175 39.8292 1999.68 -17198.1
6.18 39.7534 1999.7 -17165.7
6.185 39.6846 1999.73 -17136.5
6.19 39.623 1999.76 -17110.6
6.195 39.569 1999.79 -17088
6.2 39.5232 1999.82 -17069
6.205 39.4859 1999.85 -17053.6
6.21 39.4578 1999.87 -17042.2
6.215 39.4394 1999.9 -17034.9
6.22 39.4307 1999.92 -17031.7
6.225 39.439 1999.89 -17034.7
6.23 39.4776 1999.85 -17050.4
6.235 39.5414 1999.88 -17078.7
6.24 39.6329 1999.91 -17119.2
6.245 39.7457 1999.9 -17169.6
6.25 39.8751 1999.95 -17227.8
6.255 40.0119 2000.08 -17289.9
6.26 40.1466 2000.2 -17351.9
6.265 40.2741 2000.3 -17410.8
6.27 40.3924 2000.32 -17465.1
6.275 40.4995 2000.2 -17514
6.28 40.6023 2000.09 -17559.4
6.285 40.6828 1999.8 -17597.2
6.29 40.651 1998.7 -17596.3
6.295 40.6484 1998.32 -17593.9
6.3 40.6511 1998.39 -17590.1
6.305 40.635 1997.85 -17580.4
6.31 40.6044 1997.39 -17564.8
6.315 40.5883 1998.16 -17551.9
6.32 40.5752 1998.82 -17541.3
6.325 40.5506 1998.94 -17528.5
6.33 40.5224 1999.02 -17514.7
6.335 40.4605 1997.19 -17490.3
6.34 40.3669 1996.26 -17452.3
6.345 40.2441 1998.56 -17398.5
6.35 40.0424 1996.67 -17320.3
6.355 40.0095 2000.21 -17299.7
6.36 39.9876 2001.37 -17285.2
6.365 39.975 2001.74 -17274.5
6.37 39.9515 2001.37 -17263.4
6.375 39.9293 2001.08 -17253
6.38 39.9084 2000.84 -17243.3
6.385 39.8889 2000.66 -17234.4
6.39 39.8709 2000.51 -17226.2
6.395 39.8544 2000.4 -17218.7
6.4 39.8394 2000.31 -17211.9
6.405 39.8257 2000.24 -17205.8
6.41 39.8134 2000.18 -17200.3
6.415 39.8025 2000.14 -17195.4
6.42 39.7929 2000.11 -17191.2
6.425 39.7847 2000.08 -17187.5
6.43 39.7779 2000.07 -17184.5
6.435 39.7724 2000.05 -17182
6.44 39.7685 2000.04 -17180.3
6.445 39.766 2000.03 -17179.1
6.45 39.7649 2000.03 -17178.6
6.455 39.7539 1999.94 -17175.5
6.46 39.7171 1999.82 -17161.9
6.465 39.6673 1999.85 -17139.4
6.47 39.5972 1999.86 -17108.1
6.475 39.5103 1999.86 -17069.1
6.48 39.4111 1999.83 -17024.6
6.485 39.3041 1999.8 -16976.3
6.49 39.1931 1999.76 -16926.1
6.495 39.0809 1999.72 -16875.6
6.5 38.9694 1999.68 -16825.6
6.505 38.8593 1999.66 -16776.8
6.51 38.7508 1999.64 -16729.1
6.515 38.6443 1999.64 -16682.8
6.52 38.5399 1999.58 -16637.8
6.525 38.4378 1999.57 -16594.1
6.53 38.3377 1999.61 -16551.6
6.535 38.2381 1999.6 -16509.6
6.54 38.1402 1999.59 -16468.3
6.545 38.0446 1999.64 -16427.9
6.55 37.9501 1999.69 -16387.9
6.555 37.8569 1999.73 -16348.5
6.56 37.7652 1999.76 -16309.6
6.565 37.6756 1999.79 -16271.6
6.57 37.5882 1999.81 -16234.4
6.575 37.5035 1999.83 -16198.3
6.58 37.4216 1999.85 -16163.4
6.585 37.3432 1999.87 -16129.9
6.59 37.2708 1999.46 -16098.6
6.595 37.2064 1999.33 -16070.9
6.6 37.1498 1999.43 -16046.8
6.605 37.0983 1999.51 -16024.9
6.61 37.0524 1999.59 -16005.3
6.615 37.0123 1999.65 -15988.2
6.62 36.9784 1999.7 -15973.7
6.625 36.951 1999.75 -15962.1
6.63 36.9305 1999.79 -15953.4
6.635 36.9173 1999.83 -15947.7
6.64 36.9112 1999.86 -15945.2
6.645 36.9156 1999.87 -15946.7
6.65 36.9527 1999.8 -15961.1
6.655 37.0107 1999.84 -15986.8
6.66 37.0872 1999.89 -16020.6
6.665 37.1747 1999.94 -16059.5
6.67 37.2667 1999.99 -16100.5
6.675 37.3582 2000.03 -16141.3
6.68 37.446 2000.07 -16180.4
6.685 37.5279 2000.1 -16216.6
6.69 37.6027 2000.11 -16249.4
6.695 37.6698 2000.12 -16278.6
6.7 37.7288 2000.12 -16304
6.705 37.7795 2000.11 -16325.6
6.71 37.8219 2000.1 -16343.4
6.715 37.856 2000.08 -16357.6
6.72 37.8819 2000.07 -16368.2
6.725 37.9001 2000.06 -16375.5
6.73 37.9106 2000.05 -16379.6
6.735 37.9139 2000.04 -16380.6
6.74 37.9017 2000.06 -16376.2
6.745 37.8758 2000.07 -16365.6
6.75 37.8393 2000.05 -16349.1
6.755 37.7899 2000.04 -16326.9
6.76 37.7295 2000.01 -16299.9
6.765 37.6604 1999.99 -16268.9
6.77 37.5851 1999.95 -16235
6.775 37.5059 1999.92 -16199.3
6.78 37.4248 1999.89 -16162.7
6.785 37.3432 1999.86 -16126.1
6.79 37.2621 1999.83 -16090
6.795 37.1816 1999.82 -16054.5
6.8 37.1016 1999.66 -16019.6
6.805 37.0287 1999.36 -15987.9
6.81 36.962 1999.38 -15959.3
6.815 36.8975 1999.4 -15932
6.82 36.8353 1999.33 -15906
6.825 36.7784 1999.41 -15882
6.83 36.7237 1999.48 -15859.1
6.835 36.6713 1999.54 -15837.1
6.84 36.6213 1999.59 -15816.1
6.845 36.5734 1999.63 -15796.1
6.85 36.5277 1999.67 -15776.8
6.855 36.4842 1999.64 -15758.4
6.86 36.4385 1999.99 -15740.1
6.865 36.3855 2000.45 -15718.5
6.87 36.3296 2000.31 -15694.4
6.875 36.2767 2000.23 -15671.5
6.88 36.227 2000.18 -15650
6.885 36.1799 2000.14 -15629.7
6.89 36.1357 2000.11 -15610.5
6.895 36.0945 2000.08 -15592.7
6.9 36.0565 2000.06 -15576.3
6.905 36.0216 2000.05 -15561.2
6.91 35.9902 2000.04 -15547.7
6.915 35.9624 2000.03 -15535.7
6.92 35.9384 2000.02 -15525.3
6.925 35.9184 2000.01 -15516.7
6.93 35.9029 2000.01 -15510
6.935 35.892 2000.01 -15505.3
6.94 35.8863 2000.01 -15502.8
6.945 35.886 2000.01 -15502.7
6.95 35.9142 1999.84 -15511.4
6.955 35.9598 1999.74 -15529.2
6.96 36.0169 1999.79 -15555.1
6.965 36.0892 1999.84 -15587.7
6.97 36.1699 1999.85 -15624.1
6.975 36.2552 1999.87 -15662.5
6.98 36.3415 1999.93 -15701.1
6.985 36.4252 1999.98 -15738.3
6.99 36.5043 2000.02 -15773.3
6.995 36.5778 2000.04 -15805.6
7 36.6446 2000.06 -15834.7
7.005 36.7042 2000.06 -15860.5
7.01 36.7557 2000.06 -15882.5
7.015 36.7985 2000.06 -15900.6
7.02 36.832 2000.05 -15914.6
7.025 36.8559 2000.05 -15924.5
7.03 36.8698 2000.04 -15930
7.035 36.8734 2000.03 -15931.1
7.04 36.8526 2000.05 -15923.8
7.045 36.8111 2000.06 -15906.9
7.05 36.7531 2000.04 -15880.5
7.055 36.6761 2000.01 -15845.7
7.06 36.5849 1999.97 -15804.2
7.065 36.4848 1999.91 -15758.3
7.07 36.3804 1999.86 -15710.3
7.075 36.2743 1999.81 -15661.8
7.08 36.1672 1999.61 -15613.5
7.085 36.0637 1999.21 -15567.1
7.09 35.9639 1999.13 -15523.4
7.095 35.8642 1999.19 -15480.7
7.1 35.7633 1999.24 -15437.9
7.105 35.6619 1999.36 -15394.8
7.11 35.555 1999.29 -15349.8
7.115 35.4458 1999.27 -15304.1
7.12 35.3364 1999.37 -15258
7.125 35.2241 1999.45 -15210.5
7.13 35.109 1999.51 -15161.6
7.135 34.9912 1999.56 -15111.5
7.14 34.8709 1999.59 -15060.3
7.145 34.7487 1999.62 -15008.1
7.15 34.6248 1999.63 -14955.1
7.155 34.5046 1999.1 -14902.7
7.16 34.3959 1998.68 -14855.4
7.165 34.2947 1998.86 -14812.4
7.17 34.1678 1999.92 -14761.3
7.175 34.0223 2000.61 -14700.4
7.18 33.8707 2000.31 -14634.6
7.185 33.723 2000.07 -14570.3
7.19 33.5796 1999.91 -14507.8
7.195 33.4398 1999.83 -14447
7.2 33.3018 1999.72 -14387.2
7.205 33.1666 1999.61 -14328.7
7.21 33.0358 1999.33 -14271.9
7.215 32.9119 1999.16 -14218.2
7.22 32.7943 1999.24 -14167.2
7.225 32.6784 1999.3 -14117.2
7.23 32.5606 1998.92 -14065.8
7.235 32.4534 1998.5 -14018.7
7.24 32.3592 1998.53 -13977.9
7.245 32.2793 1999.18 -13942.2
7.25 32.1963 1999.4 -13905.9
7.255 32.1116 1999.23 -13869.5
7.26 32.0353 1999.07 -13836.6
7.265 31.9683 1998.87 -13807.9
7.27 31.9205 1997.73 -13786.1
7.275 31.8982 1997.2 -13777.9
7.28 31.8712 1997.54 -13770.3
7.285 31.8665 1997.5 -13767
7.29 31.8595 1995.87 -13766.6
7.295 2.73709 16.2367 -784.06
7.3 0.810532 -11.8269 -199.662
7.305 -81.7056 2709.2 11127.7
