0.1 -2.92171e-31 200 1.36779e-13
0.2 3.50605e-31 400 -1.26121e-13
0.3 -1.46085e-31 600 -9.76996e-14
0.4 2.33737e-31 800 -3.44613e-13
0.5 7.0121e-31 1000 6.11067e-13
0.6 2.5711e-30 1200 4.83169e-13
0.7 -1.63616e-30 1400 -2.8777e-13
0.8 3.50605e-31 1600 -1.45661e-13
0.9 -9.34946e-31 1800 -2.55795e-13
1 -1.46085e-31 2000 6.39488e-14
0.005 -1.32936e-05 2000 0.0057621
0.01 -6.64797e-05 2000 0.0287557
0.015 -0.000172826 2000 0.0746904
0.02 -0.000332056 2000 0.143472
0.025 -0.000543651 2000 0.234876
0.03 -0.000806991 2000 0.348636
0.035 -0.00112142 2000 0.484468
0.04 -0.00148622 2000 0.642056
0.045 -0.00190033 2000 0.820949
0.05 -0.00236224 2000 1.0205
0.055 -0.00287005 2000 1.23987
0.06 -0.00342158 2000 1.47813
0.065 -0.00401471 2000 1.73436
0.07 -0.00464759 2000 2.00776
0.075 -0.00531831 2000 2.29751
0.08 -0.0060245 2000 2.60259
0.085 -0.00676333 2000 2.92176
0.09 -0.00753189 2000 3.25378
0.095 -0.00832746 2000 3.59746
0.1 -0.00914731 2000 3.95164
0.105 -0.0099883 2000 4.31495
0.11 -0.0108465 2000 4.68569
0.115 -0.0117173 2000 5.06186
0.12 -0.012596 2000 5.44145
0.125 -0.0134774 2000 5.82224
0.13 -0.014355 2000 6.20135
0.135 -0.0152215 2000 6.57568
0.14 -0.0160718 2000 6.943
0.145 -0.0169035 2000 7.3023
0.15 -0.017716 2000 7.6533
0.155 -0.0185086 2000 7.99572
0.16 -0.0192789 2000 8.3285
0.165 -0.0200225 2000 8.64973
0.17 -0.0207344 2000 8.95728
0.175 -0.0214105 2000 9.24932
0.18 -0.0220481 2000 9.52477
0.185 -0.0226475 2000 9.7837
0.19 -0.0232097 2000 10.0266
0.195 -0.0237359 2000 10.2539
0.2 -0.0242283 2000 10.4666
0.205 -0.0246862 2000 10.6644
0.21 -0.0251014 2000 10.8438
0.215 -0.0254602 2000 10.9988
0.22 -0.0257509 2000 11.1244
0.225 -0.0259677 2000 11.2181
0.23 -0.0261104 2000 11.2797
0.235 -0.0261845 2000 11.3117
0.24 -0.0262025 2000 11.3195
0.245 -0.0261746 2000 11.3074
0.25 -0.0261017 2000 11.2759
0.255 -0.0259686 2000 11.2184
0.26 -0.0257448 2000 11.1218
0.265 -0.0253894 2000 10.9682
0.27 -0.0248553 2000 10.7375
0.275 -0.0240958 2000 10.4094
0.28 -0.023068 2000 9.96535
0.285 -0.0217317 2000 9.38809
0.29 -0.0200469 2000 8.66025
0.295 -0.0179694 2000 7.7628
0.3 -0.0154527 2000 6.67558
0.305 -0.0124593 2000 5.38242
0.31 -0.00897516 2000 3.87727
0.315 -0.00501226 2000 2.16529
0.32 -0.000618097 2000 0.26686
0.325 0.00386538 1999.99 -1.67331
0.33 0.00851204 1999.99 -3.68174
0.335 0.0134313 1999.99 -5.80589
0.34 0.0185959 2000 -8.0363
0.345 0.0239913 2000 -10.3666
0.35 0.0296186 2000 -12.7971
0.355 0.0354858 2000 -15.3314
0.36 0.0416019 2000 -17.9732
0.365 0.0479781 2000 -20.7276
0.37 0.0546377 2000 -23.6043
0.375 0.0616298 2000 -26.6248
0.38 0.0690474 2000 -29.829
0.385 0.0770382 2000 -33.2809
0.39 0.0857914 2000 -37.0623
0.395 0.0954555 2000 -41.2371
0.4 0.106036 2000 -45.8079
0.405 0.117397 2000 -50.7157
0.41 0.129344 2000 -55.8769
0.415 0.14169 2000 -61.2102
0.42 0.15428 2000 -66.6491
0.425 0.167009 2000 -72.1483
0.43 0.17983 2000 -77.6866
0.435 0.192743 2000 -83.2652
0.44 0.205782 2000 -88.8979
0.445 0.218974 2000 -94.5969
0.45 0.232333 2000 -100.368
0.455 0.245866 2000 -106.214
0.46 0.259571 2000 -112.135
0.465 0.273439 2000 -118.126
0.47 0.287429 2000 -124.17
0.475 0.301466 2000 -130.234
0.48 0.315464 2000 -136.281
0.485 0.329341 2000 -142.276
0.49 0.343021 2000 -148.185
0.495 0.356437 2000 -153.981
0.5 0.369545 2000 -159.644
0.505 0.382316 2000 -165.161
0.51 0.394721 2000 -170.52
0.515 0.406725 2000 -175.705
0.52 0.41829 2000 -180.701
0.525 0.429393 2000 -185.498
0.53 0.440035 2000 -190.095
0.535 0.450264 2000 -194.514
0.54 0.460197 2000 -198.805
0.545 0.470048 2000 -203.061
0.55 0.48011 2000 -207.408
0.555 0.490609 2000 -211.943
0.56 0.501532 2000 -216.662
0.565 0.512637 2000 -221.459
0.57 0.523577 2000 -226.186
0.575 0.534007 2000 -230.691
0.58 0.543614 2000 -234.842
0.585 0.55214 2000 -238.525
0.59 0.559414 2000 -241.667
0.595 0.565403 2000 -244.254
0.6 0.570225 2000 -246.337
0.605 0.574113 2000 -248.017
0.61 0.577355 2000 -249.417
0.615 0.580275 2000 -250.679
0.62 0.583238 2000 -251.959
0.625 0.586674 2000 -253.443
0.63 0.591106 2000 -255.358
0.635 0.597146 2000 -257.967
0.64 0.605438 2000 -261.549
0.645 0.616533 2000 -266.342
0.65 0.630691 2000 -272.459
0.655 0.647703 2000 -279.808
0.66 0.666912 2000 -288.106
0.665 0.687364 2000 -296.942
0.67 0.708026 2000 -305.868
0.675 0.727994 2000 -314.494
0.68 0.746722 2000 -322.584
0.685 0.764177 2000 -330.125
0.69 0.780776 2000 -337.295
0.695 0.797171 2000 -344.378
0.7 0.8141 2000 -351.692
0.705 0.832271 2000 -359.542
0.71 0.8523 2000 -368.194
0.715 0.874729 2000 -377.883
0.72 0.900048 2000 -388.821
0.725 0.928619 2000 -401.164
0.73 0.96059 2000 -414.976
0.735 0.995884 2000 -430.223
0.74 1.03425 2000 -446.799
0.745 1.07532 2000 -464.537
0.75 1.11849 2000 -483.19
0.755 1.163 2000 -502.419
0.76 1.20793 2000 -521.829
0.765 1.25243 2000 -541.05
0.77 1.29601 2000 -559.88
0.775 1.33882 2000 -578.372
0.78 1.38139 2000 -596.762
0.785 1.42438 2000 -615.334
0.79 1.46838 2000 -634.342
0.795 1.51387 2000 -653.994
0.8 1.56127 2000 -674.469
0.805 1.61096 2000 -695.938
0.81 1.66325 2000 -718.528
0.815 1.71817 2000 -742.251
0.82 1.7754 2000 -766.976
0.825 1.83446 2000 -792.488
0.83 1.89475 2000 -818.537
0.835 1.9557 2000 -844.867
0.84 2.01697 2000 -871.334
0.845 2.07878 2000 -898.036
0.85 2.1418 2000 -925.261
0.855 2.20687 2000 -953.371
0.86 2.27481 2000 -982.722
0.865 2.34612 2000 -1013.53
0.87 2.42072 2000 -1045.76
0.875 2.49812 2000 -1079.19
0.88 2.57776 2000 -1113.6
0.885 2.65916 2000 -1148.76
0.89 2.74199 2000 -1184.55
0.895 2.82629 2000 -1220.96
0.9 2.91249 2000 -1258.2
0.905 3.00126 2000 -1296.55
0.91 3.09321 2000 -1336.28
0.915 3.18885 2000 -1377.59
0.92 3.28862 2000 -1420.69
0.925 3.39289 2000 -1465.74
0.93 3.50216 2000 -1512.94
0.935 3.61705 2000 -1562.58
0.94 3.73844 2000 -1615.02
0.945 3.86742 2000 -1670.74
0.95 4.00506 2000 -1730.2
0.955 4.15199 2000 -1793.68
0.96 4.30791 2000 -1861.04
0.965 4.47174 2000 -1931.81
0.97 4.64206 2000 -2005.4
0.975 4.81755 2000 -2081.21
0.98 4.99708 2000 -2158.77
0.985 5.18002 2000 -2237.8
0.99 5.36653 2000 -2318.38
0.995 5.55745 2000 -2400.86
1 5.75385 1999.99 -2485.7
1.005 5.95666 1999.99 -2573.32
1.01 6.16632 1999.99 -2663.9
1.015 6.38273 1999.99 -2757.39
1.02 6.60544 1999.99 -2853.6
1.025 6.83395 1999.99 -2952.32
1.03 7.06783 1999.99 -3053.36
1.035 7.30676 1999.99 -3156.58
1.04 7.5504 1999.99 -3261.84
1.045 7.79836 1999.99 -3368.96
1.05 8.05017 1999.99 -3477.75
1.055 8.30538 1999.99 -3588
1.06 8.56377 1999.99 -3699.63
1.065 8.82559 1999.99 -3812.74
1.07 9.09158 1999.99 -3927.65
1.075 9.36283 1999.99 -4044.84
1.08 9.64039 1999.99 -4164.75
1.085 9.92461 1999.99 -4287.53
1.09 10.2147 1999.99 -4412.86
1.095 10.5089 1999.99 -4539.97
1.1 10.8051 1999.99 -4667.94
1.105 11.1011 1999.99 -4795.82
1.11 11.395 1999.99 -4922.76
1.115 11.6851 1999.99 -5048.08
1.12 11.9703 1999.99 -5171.32
1.125 12.2503 1999.99 -5292.27
1.13 12.5251 1999.99 -5410.96
1.135 12.7951 1999.99 -5527.62
1.14 13.0612 1999.99 -5642.56
1.145 13.3242 1999.99 -5756.19
1.15 13.5853 1999.99 -5868.97
1.155 13.8454 1999.99 -5981.33
1.16 14.1053 1999.99 -6093.63
1.165 14.3658 1999.99 -6206.15
1.17 14.6274 1999.99 -6319.15
1.175 14.8907 1999.99 -6432.9
1.18 15.1563 1999.99 -6547.65
1.185 15.4249 1999.99 -6663.69
1.19 15.6971 1999.99 -6781.29
1.195 15.9737 1999.99 -6900.77
1.2 16.2554 1999.99 -7022.45
1.205 16.5427 1999.99 -7146.56
1.21 16.8356 1999.99 -7273.1
1.215 17.1333 1999.99 -7401.75
1.22 17.4346 1999.99 -7531.92
1.225 17.7378 1999.99 -7662.9
1.23 18.0413 1999.99 -7793.98
1.235 18.3433 1999.99 -7924.46
1.24 18.6427 1999.99 -8053.82
1.245 18.9391 1999.99 -8181.86
1.25 19.2329 1999.99 -8308.77
1.255 19.525 1999.99 -8434.98
1.26 19.8162 1999.99 -8560.76
1.265 20.1059 1999.99 -8685.92
1.27 20.3929 1999.99 -8809.9
1.275 20.6756 1999.99 -8932.03
1.28 20.953 1999.99 -9051.88
1.285 21.2254 1999.99 -9169.56
1.29 21.4941 1999.99 -9285.63
1.295 21.7609 1999.99 -9400.88
1.3 22.0276 1999.99 -9516.06
1.305 22.295 1999.99 -9631.6
1.31 22.5632 1999.99 -9747.44
1.315 22.8308 1999.99 -9863.07
1.32 23.0949 1999.99 -9977.36
1.325 23.3539 2000 -10089.5
1.33 23.6094 2000 -10199.7
1.335 23.8599 2000 -10307.9
1.34 24.1032 2000.01 -10413.3
1.345 24.3438 2000.01 -10517.4
1.35 24.584 2000.01 -10621
1.355 24.824 2000 -10724.6
1.36 25.0649 2000 -10828.5
1.365 25.3068 2000 -10933
1.37 25.5336 2000.07 -11033
1.375 25.7655 2000.09 -11133.8
1.38 26.0016 2000.07 -11235.2
1.385 26.2382 2000.05 -11336.9
1.39 26.4759 2000.04 -11439.3
1.395 26.7149 2000.03 -11542.2
1.4 26.9546 2000.02 -11645.5
1.405 27.1941 2000.02 -11748.8
1.41 27.4329 2000.01 -11851.8
1.415 27.6706 2000.01 -11954.4
1.42 27.9035 2000.03 -12055.3
1.425 28.127 2000.09 -12153
1.43 28.3498 2000.11 -12249.9
1.435 28.5799 2000.09 -12348.8
1.44 28.8147 2000.07 -12449.8
1.445 29.0509 2000.09 -12552
1.45 29.2922 2000.1 -12656.3
1.455 29.5431 2000.08 -12764.3
1.46 29.8014 2000.06 -12875.6
1.465 30.0661 2000.04 -12989.7
1.47 30.3358 2000.03 -13106
1.475 30.6066 2000.04 -13223.2
1.48 30.8496 2000.18 -13329.7
1.485 31.0918 2000.2 -13435.2
1.49 31.3358 2000.19 -13540.9
1.495 31.5844 2000.15 -13647.6
1.5 31.8342 2000.12 -13754.9
1.505 32.0853 2000.09 -13863
1.51 32.3378 2000.07 -13971.7
1.515 32.5917 2000.05 -14081.1
1.52 32.8475 2000.04 -14191.4
1.525 33.106 2000.03 -14302.9
1.53 33.3684 2000.02 -14416.1
1.535 33.6356 2000.01 -14531.4
1.54 33.9056 2000.03 -14648.2
1.545 34.1538 2000.18 -14756.7
1.55 34.4033 2000.2 -14865.5
1.555 34.6596 2000.19 -14976.4
1.56 34.9217 2000.15 -15089
1.565 35.1855 2000.11 -15202.5
1.57 35.4501 2000.09 -15316.5
1.575 35.715 2000.06 -15430.6
1.58 35.9803 2000.05 -15544.9
1.585 36.2464 2000.03 -15659.7
1.59 36.5138 2000.02 -15775
1.595 36.783 2000.01 -15891.2
1.6 37.0546 2000 -16008.5
1.605 37.3287 2000 -16126.8
1.61 37.5812 2000.26 -16237.7
1.615 37.8363 2000.36 -16348.6
1.62 38.0976 2000.28 -16460.9
1.625 38.3565 2000.25 -16572.9
1.63 38.6158 2000.23 -16685.1
1.635 38.8761 2000.2 -16797.4
1.64 39.1389 2000.15 -16910.4
1.645 39.3992 2000.15 -17023.1
1.65 39.6623 2000.13 -17136.7
1.655 39.9287 2000.1 -17251.4
1.66 40.1841 2000.18 -17363.4
1.665 40.441 2000.21 -17475.2
1.67 40.7046 2000.17 -17588.3
1.675 40.9693 2000.13 -17702
1.68 41.2348 2000.09 -17816.2
1.685 41.4868 2000.26 -17925.5
1.69 41.7271 2000.4 -18030.6
1.695 41.9609 2000.4 -18132.4
1.7 42.1961 2000.32 -18233.1
1.705 42.4207 2000.29 -18330.1
1.71 42.6431 2000.22 -18425.5
1.715 42.8607 2000.17 -18518.9
1.72 43.0663 2000.2 -18608.4
1.725 43.2578 2000.26 -18692.3
1.73 43.4504 2000.2 -18774.7
1.735 43.6389 2000.16 -18855.4
1.74 43.8234 2000.12 -18934.6
1.745 44.0043 2000.09 -19012.3
1.75 44.1817 2000.08 -19088.7
1.755 44.341 2000.15 -19158.8
1.76 44.5034 2000.12 -19228.4
1.765 44.6651 2000.09 -19297.8
1.77 44.8273 2000.07 -19367.5
1.775 44.9902 2000.06 -19437.7
1.78 45.1502 2000.08 -19507.2
1.785 45.3014 2000.19 -19574.3
1.79 45.4519 2000.26 -19640.4
1.795 45.6102 2000.21 -19708
1.8 45.7717 2000.16 -19777.1
1.805 45.9369 2000.13 -19848
1.81 46.105 2000.14 -19920
1.815 46.2603 2000.28 -19987.7
1.82 46.4193 2000.26 -20055.9
1.825 46.5793 2000.21 -20124.8
1.83 46.739 2000.21 -20193.4
1.835 46.8969 2000.2 -20261.5
1.84 47.0392 2000.3 -20325.2
1.845 47.1822 2000.3 -20387.5
1.85 47.3253 2000.24 -20448.8
1.855 47.465 2000.23 -20508.5
1.86 47.6012 2000.21 -20566.8
1.865 47.731 2000.2 -20623.3
1.87 47.8589 2000.18 -20678.6
1.875 47.9859 2000.15 -20732.8
1.88 48.1093 2000.11 -20786
1.885 48.2305 2000.09 -20838.3
1.89 48.3496 2000.07 -20889.7
1.895 48.4656 2000.21 -20938.5
1.9 48.5759 2000.25 -20985.7
1.905 48.6813 2000.2 -21031.5
1.91 48.7855 2000.15 -21076.8
1.915 48.8866 2000.13 -21121
1.92 48.9859 2000.12 -21164.2
1.925 49.084 2000.09 -21206.7
1.93 49.1799 2000.06 -21248.2
1.935 49.2734 2000.04 -21288.7
1.94 49.3641 2000.03 -21328
1.945 49.4521 2000.02 -21366
1.95 49.5372 2000.01 -21402.9
1.955 49.6197 2000 -21438.6
1.96 49.6994 1999.99 -21473.1
1.965 49.7714 2000.03 -21504.9
1.97 49.8408 2000.03 -21535
1.975 49.9002 2000 -21562
1.98 49.9466 1999.98 -21583.9
1.985 49.9976 1999.98 -21605.1
1.99 50.0459 1999.97 -21625.4
1.995 50.0917 1999.97 -21644.7
2 50.1352 1999.97 -21663.1
2.005 50.1763 1999.97 -21680.6
2.01 50.2151 1999.97 -21697.2
2.015 50.2513 1999.97 -21712.7
2.02 50.285 1999.96 -21727.2
2.025 50.3168 1999.99 -21740.5
2.03 50.3456 2000.01 -21752.6
2.035 50.3667 2000.04 -21762.5
2.04 50.3831 2000.07 -21770.3
2.045 50.398 2000.04 -21776.7
2.05 50.3943 1999.99 -21778
2.055 50.37 1999.85 -21771.7
2.06 50.3479 1999.78 -21762.2
2.065 50.329 1999.8 -21752.1
2.07 50.2796 1999.71 -21733.8
2.075 50.2358 1999.69 -21715
2.08 50.2009 1999.81 -21696.7
2.085 50.1625 1999.88 -21677.9
2.09 50.1214 1999.89 -21658.9
2.095 50.0801 1999.9 -21640.1
2.1 50.0387 1999.91 -21621.4
2.105 49.9964 1999.89 -21602.6
2.11 49.954 1999.88 -21583.9
2.115 49.9121 1999.89 -21565.3
2.12 49.8701 1999.9 -21546.8
2.125 49.8279 1999.91 -21528.2
2.13 49.7854 1999.92 -21509.6
2.135 49.7423 1999.92 -21490.7
2.14 49.6985 1999.93 -21471.7
2.145 49.6539 1999.93 -21452.2
2.15 49.6074 1999.93 -21432.2
2.155 49.5482 1999.89 -21407.7
2.16 49.492 1999.9 -21383
2.165 49.4346 1999.92 -21357.8
2.17 49.3756 1999.93 -21332
2.175 49.3149 1999.93 -21305.5
2.18 49.2521 1999.94 -21278.2
2.185 49.187 1999.94 -21250
2.19 49.1191 1999.96 -21220.6
2.195 49.0474 2000.01 -21189.7
2.2 48.9734 1999.98 -21157.7
2.205 48.8983 1999.97 -21125.2
2.21 48.8237 1999.96 -21092.9
2.215 48.7503 1999.96 -21061.1
2.22 48.6791 1999.96 -21030.3
2.225 48.6107 1999.96 -21000.7
2.23 48.5458 1999.96 -20972.6
2.235 48.4846 1999.96 -20946.1
2.24 48.4271 1999.96 -20921.2
2.245 48.3732 1999.96 -20897.9
2.25 48.3228 1999.96 -20876
2.255 48.2758 1999.97 -20855.7
2.26 48.2322 1999.97 -20836.8
2.265 48.1922 1999.97 -20819.4
2.27 48.1557 1999.98 -20803.6
2.275 48.1226 1999.98 -20789.3
2.28 48.0927 1999.98 -20776.3
2.285 48.0654 1999.98 -20764.5
2.29 48.0402 1999.98 -20753.6
2.295 48.017 1999.99 -20743.5
2.3 47.9953 1999.99 -20734.2
2.305 47.9752 1999.99 -20725.4
2.31 47.9564 1999.99 -20717.3
2.315 47.9387 1999.99 -20709.6
2.32 47.9217 1999.99 -20702.3
2.325 47.9051 1999.99 -20695.1
2.33 47.8885 1999.99 -20687.9
2.335 47.8722 2000 -20680.9
2.34 47.8565 2000 -20674.1
2.345 47.8419 2000 -20667.8
2.35 47.8293 2000 -20662.3
2.355 47.8192 2000 -20657.9
2.36 47.8124 2000 -20655
2.365 47.8096 2000 -20653.8
2.37 47.8008 1999.96 -20651.7
2.375 47.7829 1999.93 -20645.6
2.38 47.7615 1999.95 -20635.7
2.385 47.729 1999.96 -20621.1
2.39 47.685 1999.97 -20601.6
2.395 47.6282 2000.01 -20576.6
2.4 47.561 2000 -20547.2
2.405 47.486 2000 -20514.5
2.41 47.4056 2000 -20479.1
2.415 47.3198 2000 -20441.5
2.42 47.2301 1999.99 -20402.6
2.425 47.1385 1999.98 -20362.9
2.43 47.0458 1999.97 -20322.7
2.435 46.9522 1999.96 -20282.1
2.44 46.8575 1999.96 -20241.1
2.445 46.7614 1999.95 -20199.4
2.45 46.6633 1999.95 -20157
2.455 46.5628 1999.95 -20113.5
2.46 46.4596 1999.94 -20068.8
2.465 46.3501 2000.03 -20022
2.47 46.2349 2000.09 -19972.5
2.475 46.1165 2000.06 -19921.2
2.48 45.9945 2000.03 -19868.3
2.485 45.8689 2000.02 -19814
2.49 45.7401 2000 -19758.3
2.495 45.6088 1999.99 -19701.5
2.5 45.4756 1999.98 -19643.9
2.505 45.3414 2000 -19585.6
2.51 45.2073 1999.99 -19527.2
2.515 45.0719 1999.98 -19468.9
2.52 44.9373 1999.98 -19410.9
2.525 44.8034 2000.01 -19353
2.53 44.6695 2000.02 -19295.2
2.535 44.5364 2000.01 -19237.9
2.54 44.4054 2000 -19181.5
2.545 44.2771 2000 -19126.3
2.55 44.1523 1999.99 -19072.5
2.555 44.0313 1999.99 -19020.4
2.56 43.9146 1999.99 -18970.1
2.565 43.8021 1999.99 -18921.6
2.57 43.6937 1999.99 -18874.9
2.575 43.5892 1999.99 -18829.8
2.58 43.4883 1999.99 -18786.3
2.585 43.3908 1999.99 -18744.3
2.59 43.2969 1999.99 -18703.8
2.595 43.2068 1999.99 -18664.9
2.6 43.1209 1999.99 -18627.8
2.605 43.0397 1999.99 -18592.8
2.61 42.9633 1999.99 -18559.9
2.615 42.8878 2000.06 -18527.9
2.62 42.8164 2000.1 -18497.4
2.625 42.7499 2000.08 -18468.5
2.63 42.6871 2000.06 -18441.3
2.635 42.6274 2000.05 -18415.4
2.64 42.5703 2000.04 -18390.7
2.645 42.5155 2000.03 -18366.9
2.65 42.4626 2000.03 -18344
2.655 42.4116 2000.02 -18321.9
2.66 42.3626 2000.02 -18300.8
2.665 42.3159 2000.01 -18280.5
2.67 42.2717 2000.01 -18261.4
2.675 42.2305 2000.01 -18243.6
2.68 42.1927 2000.01 -18227.3
2.685 42.1591 2000 -18212.7
2.69 42.1304 2000 -18200.4
2.695 42.1074 2000 -18190.4
2.7 42.0903 2000 -18183
2.705 42.0794 2000 -18178.3
2.71 42.0743 2000 -18176.1
2.715 42.0743 2000 -18176.1
2.72 42.0809 1999.99 -18178.6
2.725 42.0912 1999.98 -18182.8
2.73 42.1029 1999.98 -18187.9
2.735 42.1151 1999.98 -18193.3
2.74 42.1264 1999.99 -18198.3
2.745 42.1355 1999.99 -18202.3
2.75 42.1418 1999.99 -18205.1
2.755 42.145 1999.99 -18206.5
2.76 42.1453 1999.99 -18206.6
2.765 42.1431 2000 -18205.7
2.77 42.1385 2000 -18203.8
2.775 42.1315 2000 -18200.8
2.78 42.1217 2000 -18196.5
2.785 42.1085 2000 -18190.8
2.79 42.0917 2000 -18183.5
2.795 42.0711 1999.99 -18174.5
2.8 42.0471 1999.98 -18164.1
2.805 42.0201 1999.98 -18152.3
2.81 41.9906 1999.98 -18139.4
2.815 41.9589 1999.97 -18125.6
2.82 41.9255 1999.97 -18111.1
2.825 41.8902 1999.97 -18095.8
2.83 41.8524 1999.97 -18079.4
2.835 41.8111 1999.97 -18061.6
2.84 41.7651 1999.97 -18041.7
2.845 41.7131 1999.97 -18019.2
2.85 41.6539 1999.97 -17993.6
2.855 41.5866 1999.97 -17964.5
2.86 41.5103 1999.97 -17931.6
2.865 41.4241 1999.97 -17894.3
2.87 41.3272 1999.97 -17852.4
2.875 41.2195 1999.95 -17805.8
2.88 41.0989 1999.96 -17753.7
2.885 40.9643 1999.96 -17695.7
2.89 40.815 1999.96 -17631.2
2.895 40.6499 1999.97 -17559.9
2.9 40.4683 1999.97 -17481.5
2.905 40.2611 2000.09 -17393.4
2.91 40.0289 2000.2 -17294.1
2.915 39.7789 2000.15 -17185.7
2.92 39.5086 2000.12 -17068.7
2.925 39.2183 2000.09 -16943
2.93 38.9098 2000.03 -16809.3
2.935 38.5803 2000.07 -16665.7
2.94 38.2245 2000.14 -16511.9
2.945 37.8426 2000.16 -16347.8
2.95 37.4419 2000.11 -16174.6
2.955 37.0214 2000.07 -15992.9
2.96 36.5841 1999.99 -15803.6
2.965 36.1247 1999.97 -15605.5
2.97 35.6369 2000.04 -15395.9
2.975 35.1283 2000 -15176.1
2.98 34.5334 2000.44 -14925.8
2.985 33.9241 2000.41 -14662.3
2.99 33.1695 2001.05 -14342.1
2.995 32.3534 2001.22 -13993
3 31.3495 2002.23 -13576.1
3.005 30.2343 2002.95 -13107.9
3.01 29.0046 2003.62 -12582.1
3.015 27.5295 2004.3 -11952.6
3.02 25.869 2004.54 -11245.3
3.025 23.9241 2006.03 -10419.9
3.03 21.6961 2007.14 -9470.88
3.035 19.2406 2007.3 -8419.13
3.04 16.743 2006.35 -7330.07
3.045 14.1302 2005.35 -6189.51
3.05 11.4349 2004.91 -5006.83
3.055 8.66325 2004.94 -3796.04
3.06 5.59486 2004.91 -2491.79
3.065 2.25859 2004.5 -1074.12
3.07 -1.27019 2003.94 433.731
3.075 -4.84995 2002.08 1977.32
3.08 -8.28113 1999.51 3479.87
3.085 -11.6851 1998.96 4982.74
3.09 -15.0799 1998.96 6479.47
3.095 -18.5172 1998.57 7983.66
3.1 -22.0217 1998.34 9506.73
3.105 -25.3915 1999.23 10989.1
3.11 -28.29 2002.87 12292.3
3.115 -31.1001 2005.14 13532
3.12 -33.8522 2005.43 14725.1
3.125 -36.3906 2005.6 15826.2
3.13 -38.7604 2005.94 16866.6
3.135 -40.901 2007.17 17815.7
3.14 -42.8544 2007.83 18687.7
3.145 -44.5368 2009.61 19444
3.15 -45.9854 2010.92 20087.3
3.155 -47.2869 2012.58 20620.5
3.16 -48.4207 2011.37 21084.9
3.165 -49.3035 2009.31 21476.8
3.17 -49.7447 2007.71 21727.7
3.175 -49.6416 2004.89 21792.1
3.18 -48.7125 1998.48 21505.4
3.185 -47.6501 1993.38 21047.1
3.19 -46.5539 1993.3 20524.9
3.195 -45.4698 1993.14 19973.4
3.2 -44.977 1995.16 19626.9
3.205 -44.5712 1997.69 19353.3
3.21 -44.1586 1998.49 19121.8
3.215 -43.5559 1997.14 18862.7
3.22 -43.1237 1998.05 18643.7
3.225 -42.6615 1998.45 18426.8
3.23 -42.4041 1999.13 18277.1
3.235 -42.5268 2001.37 18257.2
3.24 -42.4565 2000.35 18229.1
3.245 -42.4369 2001.28 18229.8
3.25 -42.3704 2000.79 18218
3.255 -42.285 1999.72 18201.9
3.26 -42.2117 1999.16 18185.1
3.265 -42.1361 1998.54 18164.9
3.27 -42.0544 1997.84 18140.2
3.275 -41.9162 1995.29 18096
3.28 -41.7899 1994.15 18050.6
3.285 -41.6827 1994.33 18006.1
3.29 -41.5969 1994.84 17968.1
3.295 -41.4501 1992.58 17912.4
3.3 -41.1331 1985.32 17795.7
3.305 -41.2404 2031.95 17751
3.31 -41.1562 2057.76 17672.2
3.315 -40.8448 2047.66 17585
3.32 -40.5163 2036.31 17461.4
3.325 -40.3414 2025.11 17392.5
3.33 -40.1737 2010.08 17333.6
3.335 -39.3051 1940.27 17089.7
3.34 -38.3046 1865.59 16821.1
3.345 -38.6338 1888.3 16930.1
3.35 -38.779 1902.69 16979.5
3.355 -38.9323 1915.28 17017
3.36 -39.1386 1930.47 17068.2
3.365 -39.3018 1940 17108
3.37 -39.4549 1949.69 17149
3.375 -39.5945 1959.19 17189.3
3.38 -39.7034 1966.08 17221.1
3.385 -39.7569 1967.56 17236
3.39 -39.7383 1965.99 17228.1
3.395 -16.0274 593.129 8455.84
3.4 -8.81361 258.99 4823.17
3.405 -23.0142 639.041 8704.79
3.41 -43.4906 1256.47 13671
3.415 -43.7028 1450.6 14846.6
3.42 -43.7581 1556.46 15606.3
3.425 -43.41 1643.14 16116.7
3.43 -42.9371 1720.6 16478.2
3.435 -42.5047 1778.36 16717.7
3.44 -42.0933 1818.09 16876.9
3.445 -41.7804 1851.27 17005.8
3.45 -41.5728 1880.53 17121.2
3.455 -41.296 1896.02 17180.9
3.46 -41.1224 1912.53 17242.3
3.465 -41.0511 1930.99 17310.9
3.47 -40.971 1942.85 17360.9
3.475 -40.8862 1949.91 17395.7
3.48 -40.3496 1951.41 17283.1
3.485 -40.3905 2003.15 17382.2
3.49 -40.4594 1999.97 17465.5
3.495 -40.4918 2001.48 17490.7
3.5 -40.5195 2001.51 17507.7
3.505 -40.5524 2001.45 17522.5
3.51 -40.5845 2001.33 17536.1
3.515 -40.6155 2001.2 17549.1
3.52 -40.6454 2001.06 17561.6
3.525 -40.6745 2000.93 17573.7
3.53 -40.7028 2000.8 17585.6
3.535 -40.7304 2000.68 17597.2
3.54 -40.7576 2000.57 17608.7
3.545 -40.7843 2000.48 17620
3.55 -40.8106 2000.39 17631.1
3.555 -40.8365 2000.32 17642.2
3.56 -40.8621 2000.26 17653.1
3.565 -40.8873 2000.2 17663.9
3.57 -40.9122 2000.15 17674.5
3.575 -40.9368 2000.11 17685.1
3.58 -40.9609 2000.06 17695.5
3.585 -40.9846 2000 17705.7
3.59 -40.9975 1998.92 17712.3
3.595 -40.9847 1996.86 17707.6
3.6 -40.7925 1993.61 17633.3
3.605 -40.879 2026.06 17642.6
3.61 -41.0705 2044.45 17733.2
3.615 -41.0395 2036.45 17772.2
3.62 -41.0358 2028.9 17778.2
3.625 -41.0613 2023.82 17782.7
3.63 -41.0894 2019.36 17786.8
3.635 -41.1162 2015.66 17791.6
3.64 -41.1417 2012.65 17796.9
3.645 -41.1663 2010.2 17803
3.65 -41.1899 2008.22 17809.5
3.655 -41.2129 2006.62 17816.4
3.66 -41.2352 2005.33 17823.6
3.665 -41.2568 2004.27 17831
3.67 -41.2765 2003.29 17838
3.675 -41.2964 2002.65 17845.3
3.68 -41.3158 2002.13 17852.7
3.685 -41.3348 2001.72 17860
3.69 -41.3533 2001.38 17867.4
3.695 -41.3714 2001.11 17874.7
3.7 -41.3892 2000.89 17881.9
3.705 -41.4066 2000.72 17889.1
3.71 -41.4237 2000.58 17896.2
3.715 -41.4405 2000.47 17903.2
3.72 -41.457 2000.38 17910.2
3.725 -41.4733 2000.3 17917.1
3.73 -41.4892 2000.24 17923.8
3.735 -41.5048 2000.2 17930.5
3.74 -41.5202 2000.16 17937
3.745 -41.5353 2000.13 17943.5
3.75 -41.55 2000.1 17949.8
3.755 -41.5645 2000.08 17956
3.76 -41.5787 2000.07 17962.1
3.765 -41.5925 2000.05 17968.1
3.77 -41.6061 2000.04 17973.9
3.775 -41.6193 2000.04 17979.6
3.78 -41.6322 2000.03 17985.2
3.785 -41.6447 2000.02 17990.6
3.79 -41.657 2000.02 17995.8
3.795 -41.6688 2000.02 18001
3.8 -41.6804 2000.01 18005.9
3.805 -41.6915 2000.01 18010.8
3.81 -41.7023 2000.01 18015.4
3.815 -41.7128 2000.01 18019.9
3.82 -41.7228 2000.01 18024.3
3.825 -41.7325 2000 18028.5
3.83 -41.7419 2000 18032.5
3.835 -41.751 2000 18036.4
3.84 -41.7597 2000 18040.2
3.845 -41.7681 2000 18043.8
3.85 -41.7762 2000 18047.3
3.855 -41.784 2000 18050.7
3.86 -41.7916 2000 18054
3.865 -41.7988 2000 18057.1
3.87 -41.8058 2000 18060.1
3.875 -41.8126 2000 18063.1
3.88 -41.8191 2000 18065.9
3.885 -41.8254 2000 18068.6
3.89 -41.8315 2000 18071.2
3.895 -41.8373 2000 18073.7
3.9 -41.8429 2000 18076.1
3.905 -41.8483 2000 18078.5
3.91 -41.8535 2000 18080.7
3.915 -41.8585 2000 18082.9
3.92 -41.8633 2000 18085
3.925 -41.868 2000 18087
3.93 -41.8724 2000 18088.9
3.935 -41.8767 2000 18090.7
3.94 -41.8809 2000 18092.5
3.945 -41.8849 2000 18094.3
3.95 -41.8888 2000 18096
3.955 -41.8926 2000 18097.6
3.96 -41.8962 2000 18099.2
3.965 -41.8998 2000 18100.7
3.97 -41.9032 2000 18102.2
3.975 -41.9066 2000 18103.6
3.98 -41.9098 2000 18105
3.985 -41.913 2000 18106.4
3.99 -41.9161 2000 18107.8
3.995 -41.9192 2000 18109.1
4 -41.9221 2000 18110.4
4.005 -41.925 2000 18111.6
4.01 -41.9278 2000 18112.8
4.015 -41.9306 2000 18114
4.02 -41.9332 2000 18115.2
4.025 -41.9359 2000 18116.3
4.03 -41.9385 2000 18117.4
4.035 -41.9411 2000 18118.5
4.04 -41.9437 2000 18119.7
4.045 -41.9463 2000 18120.8
4.05 -41.9489 2000 18121.9
4.055 -41.9516 2000 18123.1
4.06 -41.9544 2000 18124.3
4.065 -41.9573 2000 18125.6
4.07 -41.9603 2000 18126.8
4.075 -41.9634 2000 18128.2
4.08 -41.9666 2000 18129.6
4.085 -41.9698 2000 18131
4.09 -41.9731 2000 18132.4
4.095 -41.9765 2000 18133.9
4.1 -41.98 2000 18135.4
4.105 -41.9835 2000 18136.9
4.11 -41.987 2000 18138.4
4.115 -41.9905 2000 18139.9
4.12 -41.994 2000 18141.4
4.125 -41.9975 2000 18142.9
4.13 -42.0008 2000 18144.4
4.135 -42.0041 2000 18145.8
4.14 -42.0074 2000 18147.2
4.145 -42.0105 2000 18148.5
4.15 -42.0135 2000 18149.8
4.155 -42.0165 2000 18151.1
4.16 -42.0193 2000 18152.4
4.165 -42.0221 2000 18153.6
4.17 -42.0248 2000 18154.7
4.175 -42.0274 2000 18155.8
4.18 -42.0299 2000 18156.9
4.185 -42.0323 2000 18157.9
4.19 -42.0346 2000 18158.9
4.195 -42.0367 2000 18159.9
4.2 -42.0388 2000 18160.8
4.205 -42.0407 2000 18161.6
4.21 -42.0425 2000 18162.4
4.215 -42.0442 2000 18163.1
4.22 -42.0457 2000 18163.8
4.225 -42.0472 2000 18164.4
4.23 -42.0486 2000 18165
4.235 -42.05 2000 18165.6
4.24 -42.0513 2000 18166.2
4.245 -42.0526 2000 18166.7
4.25 -42.0538 2000 18167.3
4.255 -42.0551 2000 18167.8
4.26 -42.0562 2000 18168.3
4.265 -42.0574 2000 18168.8
4.27 -42.0585 2000 18169.3
4.275 -42.0595 2000 18169.7
4.28 -42.0605 2000 18170.1
4.285 -42.0614 2000 18170.5
4.29 -42.0621 2000 18170.8
4.295 -42.0628 2000 18171.1
4.3 -42.0633 2000 18171.3
4.305 -42.0636 2000 18171.5
4.31 -42.0637 2000 18171.5
4.315 -42.0546 1999.98 18169
4.32 -42.0272 1999.97 18158.7
4.325 -41.9868 1999.97 18140.5
4.33 -41.9277 1999.97 18114.1
4.335 -41.8514 1999.99 18079.8
4.34 -41.7609 1999.98 18038.9
4.345 -41.6608 1999.94 17993.3
4.35 -41.5566 1999.9 17945.5
4.355 -41.4529 1999.84 17897.6
4.36 -41.353 1999.79 17851.4
4.365 -41.2585 1999.75 17808.2
4.37 -41.1696 1999.73 17768.2
4.375 -41.086 1999.72 17731.3
4.38 -41.007 1999.73 17697.2
4.385 -40.9316 1999.74 17665.3
4.39 -40.8592 1999.76 17635.2
4.395 -40.789 1999.78 17606.2
4.4 -40.7205 1999.81 17578.1
4.405 -40.653 1999.82 17550.4
4.41 -40.5863 1999.83 17523
4.415 -40.5201 1999.85 17495.7
4.42 -40.454 1999.87 17468.4
4.425 -40.3877 1999.89 17440.8
4.43 -40.321 1999.91 17412.9
4.435 -40.2538 1999.79 17384.6
4.44 -40.1867 1999.72 17356.3
4.445 -40.1197 1999.67 17328
4.45 -40.0555 1999.37 17300.6
4.455 -39.994 1999.42 17274.5
4.46 -39.9323 1999.45 17248.2
4.465 -39.8705 1999.47 17221.9
4.47 -39.8089 1999.48 17195.6
4.475 -39.7476 1999.47 17169.3
4.48 -39.6868 1999.46 17143.3
4.485 -39.627 1999.44 17117.6
4.49 -39.5684 1999.41 17092.4
4.495 -39.5112 1999.36 17067.8
4.5 -39.4556 1999.22 17044
4.505 -39.4042 1999.16 17021.8
4.51 -39.3561 1999.05 17001
4.515 -39.3136 1998.89 16982.6
4.52 -39.2772 1998.84 16966.9
4.525 -39.2474 1998.52 16953.7
4.53 -39.23 1998.35 16946.1
4.535 -39.2209 1998.64 16942.5
4.54 -39.211 1998.61 16939
4.545 -39.2074 1998.79 16937.7
4.55 -39.2037 1998.93 16936.4
4.555 -39.1981 1998.88 16934.5
4.56 -39.1964 1998.89 16934.1
4.565 -39.1938 1998.67 16933.8
4.57 -39.2029 1998.53 16938.2
4.575 -39.2343 1998.89 16950.3
4.58 -39.2564 1999.03 16959.9
4.585 -39.2733 1999.25 16968.1
4.59 -39.2851 1999.98 16974.6
4.595 -39.2739 2001.69 16970.8
4.6 -39.2259 2003.2 16948
4.605 -39.1675 2002.82 16918.7
4.61 -39.1003 2002.15 16889.4
4.615 -39.038 2001.81 16862.4
4.62 -38.976 2001.51 16835.8
4.625 -38.9165 2000.86 16809.9
4.63 -38.8612 2000.46 16786
4.635 -38.8096 2000.3 16764
4.64 -38.7596 2000.17 16742.7
4.645 -38.711 2000.06 16721.8
4.65 -38.6624 1999.89 16701.2
4.655 -38.6161 1999.76 16681.4
4.66 -38.5726 1999.69 16662.6
4.665 -38.5316 1999.65 16644.9
4.67 -38.4928 1999.6 16628
4.675 -38.456 1999.52 16612.1
4.68 -38.4223 1999.44 16597.6
4.685 -38.3929 1999.2 16584.7
4.69 -38.3641 1998.86 16573.1
4.695 -38.3416 1998.79 16564.3
4.7 -38.3222 1998.75 16556.7
4.705 -38.3058 1998.72 16550.2
4.71 -38.2941 1998.77 16545.4
4.715 -38.2868 1998.91 16542.1
4.72 -38.2813 1999.1 16539.4
4.725 -38.2673 1998.92 16534.1
4.73 -38.2617 1998.94 16531.8
4.735 -38.259 1999.76 16530.8
4.74 -38.2424 2000.15 16523.5
4.745 -38.2199 2000.24 16512.3
4.75 -38.197 2000.33 16501.2
4.755 -38.1698 2000.33 16489
4.76 -38.1401 2000.29 16476.1
4.765 -38.0728 2004.49 16453.3
4.77 -37.9578 2004.73 16408.8
4.775 -37.8202 2002.46 16351.5
4.78 -37.7212 2001.47 16304.5
4.785 -37.6288 2000.64 16261.6
4.79 -37.5418 2000.19 16222.4
4.795 -37.4598 1999.8 16185.7
4.8 -37.3841 1999.45 16151.8
4.805 -37.3161 1999.1 16121.5
4.81 -37.2569 1998.61 16095.1
4.815 -37.2168 1997.96 16076.2
4.82 -37.1886 1998.01 16063.9
4.825 -37.1532 1997.79 16050.7
4.83 -37.1203 1997.43 16038.9
4.835 -37.1021 1997.3 16032.5
4.84 -36.9523 2009.25 15991.8
4.845 -36.6881 2013.2 15900.7
4.85 -36.4449 2008.07 15794.7
4.855 -36.2514 2006.9 15699.2
4.86 -36.0544 2005.51 15605.2
4.865 -35.8689 2003.72 15516.8
4.87 -35.6835 2002.79 15431.7
4.875 -35.5077 2001.68 15350.9
4.88 -35.3374 2000.86 15273.8
4.885 -35.1747 2000.11 15200.3
4.89 -35.0232 1999.37 15131.6
4.895 -34.885 1998.54 15068.9
4.9 -34.7655 1997.67 15015
4.905 -34.6823 1996.03 14975.1
4.91 -34.6513 1994.59 14958.6
4.915 -34.6579 1994.7 14962.2
4.92 -34.6707 1995.13 14970.7
4.925 -34.6921 1995.32 14982.8
4.93 -34.4343 2013.18 14918.7
4.935 -34.118 2020.56 14805.2
4.94 -33.8735 2016.06 14686.2
4.945 -33.6403 2013.21 14573
4.95 -33.4031 2010.74 14462
4.955 -33.1826 2007.57 14357.2
4.96 -32.9822 2004.76 14262.3
4.965 -32.7875 2003.38 14174.2
4.97 -32.598 2002.39 14089.3
4.975 -32.419 2001.39 14009
4.98 -32.252 2000.51 13934.3
4.985 -32.1009 1999.5 13866.4
4.99 -31.9716 1998.46 13807.8
4.995 -31.8725 1997.38 13761.9
5 -31.839 1994.68 13739.8
5.005 -31.8655 1994.59 13748.4
5.01 -31.9127 1996.01 13770.9
5.015 -31.9438 1996.03 13788.3
5.02 -31.4989 2018.93 13674.7
5.025 -31.1737 2025.39 13553.5
5.03 -30.9601 2020.44 13440.6
5.035 -30.7379 2016.52 13330.4
5.04 -30.5099 2013.35 13221.5
5.045 -30.2789 2010.76 13113.5
5.05 -30.0461 2008.67 13006.4
5.055 -29.8123 2006.98 12900.2
5.06 -29.5834 2005.61 12795
5.065 -29.3448 2004.64 12688.4
5.07 -29.1079 2003.59 12583.4
5.075 -28.8737 2002.74 12480
5.08 -28.6424 2002.05 12378.3
5.085 -28.4143 2001.48 12278.4
5.09 -28.1898 2001.01 12180.2
5.095 -27.969 2000.62 12083.8
5.1 -27.752 2000.29 11989.2
5.105 -27.5391 2000.01 11896.5
5.11 -27.3363 1999.49 11807.3
5.115 -27.1582 1998.54 11727.3
5.12 -26.9844 1998.42 11651.8
5.125 -26.8177 1998.33 11579.3
5.13 -26.6668 1997.75 11512.6
5.135 -26.5476 1996.35 11457.4
5.14 -26.4867 1994.9 11427
5.145 -26.4691 1994.64 11418.5
5.15 -26.525 1993.72 11437.2
5.155 -25.9873 2018.86 11297.6
5.16 -25.6395 2027.21 11175.5
5.165 -25.4444 2021.47 11070.4
5.17 -25.2344 2017.05 10964.1
5.175 -25.0147 2013.69 10856.8
5.18 -24.7893 2011.09 10748.3
5.185 -24.5561 2009.02 10639
5.19 -24.3158 2007.27 10529.1
5.195 -24.0716 2005.86 10418.8
5.2 -23.8244 2004.72 10308.2
5.205 -23.5746 2003.8 10197.1
5.21 -23.3226 2003.07 10085.8
5.215 -23.1125 2000.46 9986.24
5.22 -22.9094 1998.77 9892.82
5.225 -22.7026 1998.61 9802.75
5.23 -22.5071 1998.14 9717.01
5.235 -22.3244 1997.66 9636.68
5.24 -22.1581 1997.23 9563.34
5.245 -22.0151 1996.58 9499.44
5.25 -21.9092 1995.39 9450.3
5.255 -21.8782 1993.1 9430.41
5.26 -22.0948 1988.62 9503.01
5.265 -21.2873 2025.71 9295.06
5.27 -20.8433 2035.34 9136.63
5.275 -20.6387 2028.31 9017.54
5.28 -20.4078 2022.68 8897.02
5.285 -20.1626 2018.37 8774.25
5.29 -19.9059 2014.92 8649.85
5.295 -19.6402 2011.99 8525.04
5.3 -19.3682 2009.67 8399.59
5.305 -19.0921 2007.81 8273.78
5.31 -18.813 2006.32 8147.82
5.315 -18.5316 2005.09 8022.21
5.32 -18.2495 2004.1 7897.13
5.325 -17.9673 2003.34 7772.67
5.33 -17.6866 2002.69 7649.29
5.335 -17.4778 1999.36 7547.11
5.34 -17.2599 1997.78 7447.33
5.345 -17.0358 1997.77 7350.76
5.35 -16.8244 1997.69 7259.33
5.355 -16.5212 2001.36 7142.65
5.36 -16.2344 2003.14 7025.92
5.365 -15.9897 2002.37 6917.19
5.37 -15.7498 2001.76 6811.18
5.375 -15.5157 2001.26 6708.12
5.38 -15.288 2000.85 6608.18
5.385 -15.0673 2000.52 6511.53
5.39 -14.8539 2000.24 6418.31
5.395 -14.6484 2000.02 6328.63
5.4 -14.4508 1999.83 6242.57
5.405 -14.2615 1999.67 6160.18
5.41 -13.9561 2003.91 6045.06
5.415 -13.6792 2005.9 5933.53
5.42 -13.4668 2004.64 5836.88
5.425 -13.2566 2003.72 5742.29
5.43 -13.0507 2002.99 5650.32
5.435 -12.8499 2002.4 5561.12
5.44 -12.6546 2001.92 5474.76
5.445 -12.4665 2001.48 5391.73
5.45 -12.2901 2000.92 5313.31
5.455 -12.1176 2000.57 5237.37
5.46 -11.9476 2000.45 5163.4
5.465 -11.7832 2000.36 5091.94
5.47 -11.6239 2000.28 5022.8
5.475 -11.4695 2000.22 4955.83
5.48 -11.3196 2000.17 4890.87
5.485 -11.1739 2000.13 4827.76
5.49 -11.0321 2000.1 4766.35
5.495 -10.8938 2000.08 4706.5
5.5 -10.7587 2000.06 4648.05
5.505 -10.6265 2000.04 4590.85
5.51 -10.4969 2000.03 4534.79
5.515 -10.3695 2000.02 4479.75
5.52 -10.2444 2000.01 4425.65
5.525 -10.1213 2000 4372.43
5.53 -10.0001 2000 4320.05
5.535 -9.88066 2000 4268.44
5.54 -9.76285 1999.99 4217.54
5.545 -9.6464 1999.99 4167.22
5.55 -9.53101 1999.99 4117.37
5.555 -9.41643 1999.99 4067.86
5.56 -9.30239 1999.99 4018.59
5.565 -9.18875 1999.99 3969.49
5.57 -9.07536 1999.98 3920.51
5.575 -8.96216 1999.98 3871.6
5.58 -8.84907 1999.98 3822.74
5.585 -8.73603 1999.98 3773.9
5.59 -8.623 1999.98 3725.08
5.595 -8.50998 1999.98 3676.25
5.6 -8.39698 1999.98 3627.43
5.605 -8.2841 1999.98 3578.67
5.61 -8.17148 1999.98 3530.02
5.615 -8.05933 1999.98 3481.56
5.62 -7.94786 1999.98 3433.41
5.625 -7.8373 1999.98 3385.65
5.63 -7.72785 1999.98 3338.37
5.635 -7.61971 1999.98 3291.65
5.64 -7.51304 1999.98 3245.57
5.645 -7.40802 1999.98 3200.2
5.65 -7.31486 1999.64 3158.53
5.655 -7.23478 1999.2 3122.14
5.66 -7.14968 1999.31 3085.83
5.665 -7.06764 1999.4 3050.74
5.67 -6.98871 1999.46 3016.93
5.675 -6.91303 1999.52 2984.47
5.68 -6.84077 1999.57 2953.44
5.685 -6.77211 1999.61 2923.94
5.69 -6.7079 1999.6 2896.24
5.695 -6.64798 1999.59 2870.39
5.7 -6.59188 1999.62 2846.28
5.705 -6.54011 1999.66 2824.02
5.71 -6.49282 1999.69 2803.7
5.715 -6.45011 1999.71 2785.35
5.72 -6.41211 1999.74 2769.03
5.725 -6.3789 1999.77 2754.78
5.73 -6.35056 1999.79 2742.64
5.735 -6.32714 1999.82 2732.62
5.74 -6.3086 1999.84 2724.71
5.745 -6.29482 1999.87 2718.85
5.75 -6.28626 1999.85 2715.15
5.755 -6.28182 1999.86 2713.28
5.76 -6.28105 1999.89 2713.04
5.765 -6.30338 1999.78 2720.11
5.77 -6.33825 1999.72 2733.68
5.775 -6.37867 1999.77 2752.1
5.78 -6.42898 1999.81 2774.7
5.785 -6.48616 1999.84 2800.19
5.79 -6.54755 1999.86 2827.45
5.795 -6.61064 1999.87 2855.37
5.8 -6.67293 1999.88 2882.85
5.805 -6.7321 1999.89 2908.86
5.81 -6.78622 1999.9 2932.54
5.815 -6.83384 1999.91 2953.29
5.82 -6.87393 1999.92 2970.65
5.825 -6.90563 1999.93 2984.3
5.83 -6.92809 1999.94 2993.89
5.835 -6.94041 1999.95 2999.06
5.84 -6.94157 1999.96 2999.41
5.845 -6.92334 1999.94 2992.38
5.85 -6.88833 1999.93 2977.63
5.855 -6.83896 1999.95 2955.55
5.86 -6.77605 1999.98 2927.28
5.865 -6.70383 2000.03 2894.56
5.87 -6.62626 2000.07 2859.22
5.875 -6.54598 2000.12 2822.71
5.88 -6.46399 2000.16 2785.77
5.885 -6.39653 1999.6 2753.29
5.89 -6.33915 1998.95 2725.79
5.895 -6.27921 1998.89 2700.02
5.9 -6.19911 1999.57 2669.05
5.905 -6.04527 2001.61 2612.47
5.91 -5.93326 2001.22 2562.87
5.915 -5.81225 2000.95 2509.92
5.92 -5.68187 2000.79 2453.35
5.925 -5.54328 2000.64 2393.4
5.93 -5.39675 2000.52 2330.12
5.935 -5.24282 2000.42 2263.68
5.94 -5.08217 2000.34 2194.38
5.945 -4.91562 2000.27 2122.52
5.95 -4.74399 2000.21 2048.48
5.955 -4.56817 2000.16 1972.63
5.96 -4.38911 2000.13 1895.36
5.965 -4.20783 2000.09 1817.13
5.97 -4.0254 2000.07 1738.39
5.975 -3.84286 2000.05 1659.59
5.98 -3.66124 2000.03 1581.19
5.985 -3.48154 2000.01 1503.6
5.99 -3.30473 2000 1427.26
5.995 -3.13177 1999.99 1352.58
6 -2.96352 1999.99 1279.93
6.005 -2.80072 1999.98 1209.62
6.01 -2.64388 1999.98 1141.89
6.015 -2.49334 1999.98 1076.88
6.02 -2.34932 1999.97 1014.69
6.025 -2.21202 1999.97 955.392
6.03 -2.08166 1999.97 899.096
6.035 -1.95856 1999.97 845.934
6.04 -1.84305 1999.98 796.051
6.045 -1.73548 1999.98 749.594
6.05 -1.63616 1999.98 706.701
6.055 -1.54541 1999.98 667.511
6.06 -1.46354 1999.98 632.156
6.065 -1.39083 1999.98 600.757
6.07 -1.32753 1999.98 573.419
6.075 -1.2738 1999.99 550.22
6.08 -1.22977 1999.99 531.207
6.085 -1.19542 1999.99 516.379
6.09 -1.17067 1999.99 505.695
6.095 -1.15536 1999.99 499.086
6.1 -1.14931 1999.99 496.48
6.105 -1.16233 2000.01 500.772
6.11 -1.20318 2000.03 517.07
6.115 -1.26539 2000.02 544.644
6.12 -1.35156 2000 582.72
6.125 -1.45796 1999.97 629.823
6.13 -1.58022 1999.93 684.115
6.135 -1.71394 1999.88 743.623
6.14 -1.85521 1999.82 806.504
6.145 -2.00111 1999.77 871.29
6.15 -2.14988 1999.73 937.042
6.155 -2.30085 1999.71 1003.35
6.16 -2.45412 1999.69 1070.25
6.165 -2.61034 1999.69 1138.02
6.17 -2.77037 1999.7 1207.12
6.175 -2.93514 1999.72 1278
6.18 -3.10543 1999.74 1351.09
6.185 -3.28181 1999.76 1426.68
6.19 -3.46457 1999.78 1504.95
6.195 -3.65386 1999.8 1586.01
6.2 -3.85003 1999.77 1669.98
6.205 -4.05235 1999.74 1756.62
6.21 -4.26033 1999.78 1845.82
6.215 -4.47498 1999.81 1937.94
6.22 -4.69629 1999.84 2032.98
6.225 -4.92432 1999.87 2130.98
6.23 -5.15919 1999.89 2231.99
6.235 -5.40106 1999.91 2336.07
6.24 -5.64998 1999.87 2443.25
6.245 -5.90509 1999.7 2553.2
6.25 -6.16588 1999.66 2665.6
6.255 -6.43311 1999.73 2780.79
6.26 -6.70802 1999.78 2899.33
6.265 -6.99091 1999.82 3021.35
6.27 -7.2821 1999.86 3146.97
6.275 -7.58181 1999.88 3276.3
6.28 -7.89017 1999.91 3409.39
6.285 -8.20721 1999.93 3546.25
6.29 -8.53298 1999.94 3686.89
6.295 -8.86749 1999.95 3831.31
6.3 -9.18903 2000.56 3973.2
6.305 -9.46229 2001.87 4098.24
6.31 -9.77913 2001.43 4232.96
6.315 -10.1014 2001.16 4370.58
6.32 -10.4306 2000.93 4511.52
6.325 -10.7673 2000.75 4655.9
6.33 -11.1116 2000.6 4803.8
6.335 -11.4638 2000.49 4955.26
6.34 -11.8238 2000.39 5110.24
6.345 -12.1917 2000.32 5268.72
6.35 -12.5672 2000.26 5430.6
6.355 -12.9504 2000.21 5595.82
6.36 -13.3408 2000.17 5764.24
6.365 -13.7381 2000.14 5935.68
6.37 -14.1417 2000.09 6109.92
6.375 -14.5502 1999.94 6286.4
6.38 -14.964 1999.88 6465.11
6.385 -15.3836 1999.91 6646.23
6.39 -15.8094 1999.93 6830.09
6.395 -16.2414 1999.94 7016.63
6.4 -16.6792 1999.95 7205.7
6.405 -17.122 1999.93 7396.98
6.41 -17.5694 1999.92 7590.26
6.415 -18.0215 1999.93 7785.49
6.42 -18.4779 2000.03 7982.07
6.425 -18.9381 2000.08 8180.58
6.43 -19.3333 2002.33 8361.19
6.435 -19.7065 2004.03 8530.27
6.44 -20.1261 2003.14 8707.14
6.445 -20.5438 2002.57 8884.66
6.45 -20.9627 2002.21 9062.39
6.455 -21.3809 2001.94 9240.24
6.46 -21.7971 2001.56 9419.32
6.465 -22.2017 2001.67 9595.45
6.47 -22.5671 2002.37 9757.84
6.475 -22.9535 2001.86 9923.03
6.48 -23.3395 2001.49 10088.4
6.485 -23.725 2001.2 10253.8
6.49 -24.1101 2000.97 10419.2
6.495 -24.4943 2000.78 10584.5
6.5 -24.8774 2000.63 10749.4
6.505 -25.2593 2000.5 10913.9
6.51 -25.6392 2000.42 11077.1
6.515 -26.0126 2000.35 11237
6.52 -26.3747 2000.51 11394.5
6.525 -26.6378 2002.71 11518.2
6.53 -26.9296 2002.09 11642
6.535 -27.2182 2001.68 11765
6.54 -27.5041 2001.35 11887.2
6.545 -27.7872 2001.09 12008.4
6.55 -28.0665 2000.81 12128.4
6.555 -28.34 2000.51 12246.1
6.56 -28.61 2000.33 12362.3
6.565 -28.8768 2000.2 12477.1
6.57 -29.1411 2000.16 12590.9
6.575 -29.4025 2000.13 12703.4
6.58 -29.661 2000.1 12814.8
6.585 -29.9164 2000.08 12924.8
6.59 -30.1615 1999.74 13031.5
6.595 -30.4033 1999.6 13136.1
6.6 -30.5962 2001.93 13226.3
6.605 -30.7746 2003.02 13306.6
6.61 -30.9587 2002.24 13383.6
6.615 -31.1391 2001.83 13459.7
6.62 -31.3158 2001.5 13534.6
6.625 -31.4886 2001.23 13608
6.63 -31.6576 2001.01 13680.1
6.635 -31.8225 2000.83 13750.5
6.64 -31.9833 2000.68 13819.4
6.645 -32.1382 2000.48 13886
6.65 -32.2855 2000.24 13949.6
6.655 -32.4302 2000.2 14011.7
6.66 -32.5703 2000.17 14071.9
6.665 -32.7059 2000.14 14130.1
6.67 -32.8367 2000.12 14186.4
6.675 -32.9627 2000.1 14240.7
6.68 -33.0838 2000.08 14292.8
6.685 -33.1999 2000.07 14342.9
6.69 -33.3109 2000.06 14390.7
6.695 -33.4154 1999.99 14436
6.7 -33.514 1999.94 14478.6
6.705 -33.6077 1999.95 14519
6.71 -33.696 1999.96 14557
6.715 -33.7785 1999.97 14592.6
6.72 -33.8517 2000.17 14624.8
6.725 -33.9163 2000.33 14653.2
6.73 -33.9762 2000.26 14678.8
6.735 -34.0298 2000.19 14701.8
6.74 -34.0754 2000.08 14721.5
6.745 -34.116 2000.06 14738.9
6.75 -34.1507 2000.05 14753.7
6.755 -34.1795 2000.04 14766.1
6.76 -34.2025 2000.03 14775.9
6.765 -34.2197 2000.03 14783.3
6.77 -34.2315 2000.02 14788.3
6.775 -34.2379 2000.02 14791
6.78 -34.2393 2000.01 14791.5
6.785 -34.2032 2000 14780.8
6.79 -34.1427 1999.99 14757.6
6.795 -34.0713 1999.99 14724.6
6.8 -33.9832 1999.99 14684.2
6.805 -33.8856 1999.97 14639.4
6.81 -33.7846 1999.96 14592.9
6.815 -33.6843 1999.94 14546.9
6.82 -33.5873 1999.93 14502.6
6.825 -33.4946 1999.91 14460.7
6.83 -33.4067 1999.91 14421.4
6.835 -33.3233 1999.9 14384.7
6.84 -33.2441 1999.9 14350.2
6.845 -33.1685 1999.9 14317.7
6.85 -33.0961 1999.91 14286.9
6.855 -33.0265 1999.92 14257.5
6.86 -32.9592 1999.93 14229.2
6.865 -32.8939 1999.94 14201.9
6.87 -32.8254 2000.07 14173.5
6.875 -32.7585 2000.06 14145.4
6.88 -32.6923 2000.05 14117.4
6.885 -32.6262 2000.04 14089.5
6.89 -32.56 2000.04 14061.5
6.895 -32.4933 2000.03 14033.2
6.9 -32.4259 2000.03 14004.5
6.905 -32.3574 2000.02 13975.3
6.91 -32.2877 2000.01 13945.6
6.915 -32.2165 2000.01 13915.2
6.92 -32.1438 2000.01 13884
6.925 -32.0694 2000 13852.1
6.93 -31.9932 2000 13819.4
6.935 -31.915 2000 13785.8
6.94 -31.8347 1999.99 13751.3
6.945 -31.752 1999.99 13715.7
6.95 -31.6668 1999.99 13679.1
6.955 -31.5789 1999.99 13641.2
6.96 -31.4883 1999.99 13602.2
6.965 -31.395 1999.99 13561.9
6.97 -31.299 1999.99 13520.5
6.975 -31.2005 1999.99 13478
6.98 -31.0996 1999.99 13434.5
6.985 -30.9966 1999.99 13390.1
6.99 -30.8916 1999.98 13344.8
6.995 -30.7849 1999.98 13298.7
7 -30.6767 1999.98 13252
7.005 -30.5671 1999.98 13204.7
7.01 -30.4565 1999.99 13157
7.015 -30.3451 1999.99 13108.9
7.02 -30.2348 2000.02 13060.4
7.025 -30.1228 2000.03 13011.7
7.03 -30.0092 2000.03 12962.8
7.035 -29.8958 2000.02 12914.1
7.04 -29.7828 2000.01 12865.4
7.045 -29.6707 1999.99 12817.1
7.05 -29.5593 1999.99 12769.1
7.055 -29.3894 2002.54 12705.1
7.06 -29.2374 2003.27 12642.2
7.065 -29.0996 2002.56 12580.4
7.07 -28.963 2002.03 12519.5
7.075 -28.8279 2001.63 12459.7
7.08 -28.6948 2001.31 12401
7.085 -28.564 2001.06 12343.5
7.09 -28.4355 2000.85 12287.3
7.095 -28.3095 2000.68 12232.2
7.1 -28.1861 2000.55 12178.4
7.105 -28.0653 2000.44 12125.8
7.11 -27.947 2000.36 12074.4
7.115 -27.8314 2000.29 12024.2
7.12 -27.7183 2000.23 11975.2
7.125 -27.6077 2000.19 11927.2
7.13 -27.4997 2000.15 11880.4
7.135 -27.3942 2000.12 11834.7
7.14 -27.2913 2000.1 11790.2
7.145 -27.191 2000.08 11746.8
7.15 -27.0931 2000.06 11704.5
7.155 -26.9978 2000.02 11663.2
7.16 -26.9048 1999.99 11623
7.165 -26.8137 1999.99 11583.6
7.17 -26.7244 2000 11545
7.175 -26.6368 2000 11507.1
7.18 -26.5505 2000 11469.9
7.185 -26.4654 2000 11433.1
7.19 -26.3811 2000 11396.7
7.195 -26.2976 2000 11360.6
7.2 -26.2144 2000 11324.6
7.205 -26.1313 2000 11288.8
7.21 -26.0481 2000 11252.8
7.215 -25.9646 2000 11216.7
7.22 -25.8806 2000 11180.4
7.225 -25.7972 1999.9 11144.2
7.23 -25.7129 1999.86 11107.7
7.235 -25.6275 1999.88 11070.8
7.24 -25.5413 1999.91 11033.6
7.245 -25.4335 2000.66 10990.4
7.25 -25.3059 2001.51 10939
7.255 -25.1942 2001.27 10888.8
7.26 -25.0791 2001.07 10837.7
7.265 -24.9603 2000.86 10785.7
7.27 -24.8388 2000.7 10732.6
7.275 -24.7143 2000.57 10678.4
7.28 -24.5866 2000.46 10622.8
7.285 -24.4555 2000.38 10565.9
7.29 -24.3211 2000.31 10507.7
7.295 -24.1833 2000.25 10447.9
7.3 -24.042 2000.21 10386.7
7.305 -23.897 2000.17 10324
7.31 -23.7484 2000.14 10259.7
7.315 -23.596 2000.12 10193.8
7.32 -23.4399 2000.1 10126.3
7.325 -23.2797 2000.08 10057
7.33 -23.1156 2000.07 9986.09
7.335 -22.9473 2000.06 9913.36
7.34 -22.7748 2000.05 9838.84
7.345 -22.5982 2000.04 9762.5
7.35 -22.4172 2000.04 9684.33
7.355 -22.232 2000.03 9604.29
7.36 -22.0423 2000.03 9522.34
7.365 -21.8481 2000.02 9438.43
7.37 -21.6492 2000.02 9352.48
7.375 -21.4483 1999.81 9265.24
7.38 -21.2368 1999.88 9174.35
7.385 -20.9907 2000.65 9071.39
7.39 -20.7534 2000.48 8968.11
7.395 -20.5086 2000.39 8861.87
7.4 -20.2583 2000.5 8751.51
7.405 -19.9986 2000.5 8638.37
7.41 -19.7298 2000.4 8522.47
7.415 -19.4544 2000.33 8403.6
7.42 -19.1722 2000.29 8281.56
7.425 -18.8829 2000.24 8156.78
7.43 -18.5875 2000.19 8029.27
7.435 -18.2685 2000.61 7894.02
7.44 -17.8728 2002.37 7731.55
7.445 -17.5133 2001.86 7573.77
7.45 -17.1439 2001.49 7412.64
7.455 -16.7671 2001.2 7248.6
7.46 -16.3836 2000.97 7081.92
7.465 -15.994 2000.78 6912.82
7.47 -15.5989 2000.63 6741.49
7.475 -15.1988 2000.5 6568.12
7.48 -14.7941 2000.41 6392.84
7.485 -14.3849 2000.33 6215.76
7.49 -13.971 2000.3 6036.78
7.495 -13.5535 2000.27 5856.2
7.5 -13.1324 2000.22 5674.11
7.505 -12.7075 2000.17 5490.41
7.51 -12.2789 2000.14 5305.13
7.515 -11.8467 2000.11 5118.29
7.52 -11.4108 2000.09 4929.91
7.525 -10.9714 2000.07 4740.01
7.53 -10.5284 2000.06 4548.61
7.535 -10.082 2000.05 4355.71
7.54 -9.63214 2000.04 4161.34
7.545 -9.21492 1998.41 3975.95
7.55 -8.77962 1997.86 3786.15
7.555 -8.1626 2002.9 3543.95
7.56 -7.55752 2005.57 3296.2
7.565 -7.03626 2004.3 3064.7
7.57 -6.50471 2003.46 2830.19
7.575 -5.96687 2002.78 2593.93
7.58 -5.4238 2002.23 2356.17
7.585 -4.87908 2001.68 2117.92
7.59 -4.333 2001.15 1879.42
7.595 -3.77988 2000.93 1639.03
7.6 -3.25778 1999.48 1407.56
7.605 -2.73405 1998.5 1177.2
7.61 -2.1926 1998.58 943.303
7.615 -1.65813 1998.53 711.944
7.62 -1.04508 2000.72 458.235
7.625 -0.447941 2001.81 205.63
7.63 0.115644 2001.45 -40.1812
7.635 0.67923 2001.17 -285.534
7.64 1.13822 1997.74 -500.075
7.645 1.8078 2000.27 -774.269
7.65 2.45668 2001.77 -1046.86
7.655 3.05268 2001.23 -1307.75
7.66 3.6481 2000.91 -1567.46
7.665 4.23984 2000.65 -1825.1
7.67 4.8273 2000.45 -2080.51
7.675 5.41005 2000.28 -2333.57
7.68 5.98782 2000.14 -2584.23
7.685 6.56046 2000.03 -2832.47
7.69 7.12796 1999.94 -3078.33
7.695 7.69037 1999.86 -3321.86
7.7 8.23918 1999.58 -3560.63
7.705 8.77247 1999.2 -3793.22
7.71 9.30847 1999.2 -4024.84
7.715 9.83826 1999.19 -4253.8
7.72 10.3317 1998.2 -4471.37
7.725 10.67 1994.44 -4636.31
7.73 10.9938 1992.98 -4783.47
7.735 11.2732 1992.24 -4908.55
7.74 11.7997 1997.78 -5097.78
7.745 12.539 2004.68 -5371.21
7.75 13.0492 2003.16 -5603.4
7.755 13.5672 2002.36 -5834.67
7.76 14.0809 2001.7 -6062.65
7.765 14.5888 2001.16 -6287
7.77 15.0896 2000.71 -6507.37
7.775 15.5821 2000.34 -6723.42
7.78 16.0593 1999.84 -6933.09
7.785 16.5763 2000.36 -7151.74
7.79 17.3955 2004.09 -7471.84
7.795 18.0186 2001.83 -7752.31
7.8 18.5894 2000.06 -8015.51
7.805 19.0792 1997.77 -8246.11
7.81 19.5821 1996.9 -8468.1
7.815 20.0933 1997.15 -8687.92
7.82 20.5862 1997.12 -8900.92
7.825 21.2835 2000.57 -9170.35
7.83 22.1335 2003.62 -9499.47
7.835 22.7462 2000.45 -9778.03
7.84 23.3918 2000.36 -10066.4
7.845 24.0259 2000.29 -10347.9
7.85 24.6472 2000.23 -10622.4
7.855 25.2548 2000.19 -10889.8
7.86 25.8478 2000.15 -11150
7.865 26.5122 2000.75 -11426.6
7.87 27.2846 2001.55 -11741.4
7.875 27.9447 2001.11 -12035.8
7.88 28.6759 2001.23 -12346.5
7.885 29.3671 2001.16 -12646.9
7.89 30.0336 2000.86 -12940.7
7.895 30.6918 2000.44 -13230.3
7.9 31.3336 2000.42 -13512.3
7.905 31.9501 2000.45 -13781.9
7.91 32.5472 2000.39 -14044.3
7.915 33.1341 2000.34 -14301.4
7.92 33.7137 2000.27 -14554.2
7.925 34.286 2000.22 -14803.4
7.93 34.8514 2000.18 -15049.3
7.935 35.4104 2000.14 -15292
7.94 35.9601 2000.14 -15531
7.945 36.5018 2000.16 -15765.7
7.95 37.0292 2000.23 -15993.1
7.955 37.5461 2000.18 -16217.1
7.96 38.0578 2000.14 -16438.7
7.965 38.5638 2000.1 -16657.8
7.97 39.0646 2000.08 -16874.5
7.975 39.5603 2000.06 -17088.9
7.98 40.0507 2000.05 -17301
7.985 40.5357 2000.04 -17510.7
7.99 41.0151 2000.03 -17717.9
7.995 41.4888 2000.02 -17922.6
8 41.8777 1999.31 -18102.8
8.005 42.2544 1998.88 -18272.8
8.01 42.6625 1999.1 -18445.4
8.015 43.0616 1999.37 -18613.9
8.02 43.4491 1999.57 -18778.4
8.025 43.8256 1999.65 -18939.4
8.03 44.1828 1999.78 -19094.2
8.035 44.5192 1999.96 -19241.3
8.04 44.8445 2000.09 -19382.1
8.045 45.1614 2000.18 -19517.6
8.05 45.4644 2000.22 -19647.3
8.055 45.4723 1998.3 -19694.6
8.06 45.5435 1997.76 -19741.1
8.065 45.6749 1998.3 -19788.1
8.07 45.679 1997.74 -19797.3
8.075 45.5082 1996.81 -19741.5
8.08 45.0467 1995.09 -19563.6
8.085 44.8995 1996.58 -19460.4
8.09 44.6985 1997.31 -19360.8
8.095 44.6362 1999.31 -19302.6
8.1 44.483 1998.6 -19229.7
8.105 44.2473 1997.35 -19134.3
8.11 44.0859 1998.68 -19052.5
8.115 43.9697 1999.77 -18991.8
8.12 43.829 1999.86 -18931.8
8.125 43.6894 1999.93 -18872.1
8.13 43.5514 1999.95 -18812.8
8.135 43.4192 2000.04 -18755.3
8.14 43.321 2000.43 -18709.9
8.145 43.2133 2000.35 -18664.4
8.15 43.1024 2000.13 -18617.8
8.155 42.9025 1998.94 -18537.8
8.16 42.7008 1999.32 -18450
8.165 42.4883 1998.93 -18359.4
8.17 42.1724 1998.7 -18223.8
8.175 41.8876 2000.27 -18094
8.18 41.5479 1996.96 -17957.5
8.185 61.7647 422.521 -14344.2
