0.1 1.99251e-17 -0.0192193 -9.22458e-20
0.2 9.2301e-18 -0.0387086 -4.2732e-20
0.3 9.73868e-18 -0.0584797 -4.50865e-20
0.4 7.80129e-17 -0.078545 -3.61171e-19
0.5 1.15747e-16 -0.0989181 -5.35864e-19
0.6 1.236e-16 -0.119614 -5.72221e-19
0.7 1.02911e-16 -0.140648 -4.76441e-19
0.8 1.08794e-16 -0.162037 -5.03675e-19
0.9 7.68486e-17 -0.1838 -3.5578e-19
1 1.7234e-16 -0.205958 -7.97869e-19
0.005 7.60909e-07 -0.205958 -2.64205e-09
0.01 3.80879e-06 -0.205958 -1.3225e-08
0.015 9.90472e-06 -0.205958 -3.43914e-08
0.02 1.90321e-05 -0.205958 -6.60836e-08
0.025 3.11613e-05 -0.205958 -1.08199e-07
0.03 4.62572e-05 -0.205958 -1.60615e-07
0.035 6.42827e-05 -0.205958 -2.23204e-07
0.04 8.5196e-05 -0.205958 -2.95819e-07
0.045 0.000108938 -0.205958 -3.78256e-07
0.05 0.000135422 -0.205958 -4.70214e-07
0.055 0.000164539 -0.205958 -5.71314e-07
0.06 0.000196164 -0.205958 -6.81126e-07
0.065 0.000230178 -0.205959 -7.99229e-07
0.07 0.000266474 -0.205959 -9.25257e-07
0.075 0.000304943 -0.205959 -1.05883e-06
0.08 0.000345451 -0.205959 -1.19948e-06
0.085 0.000387834 -0.205959 -1.34665e-06
0.09 0.000431929 -0.205959 -1.49975e-06
0.095 0.000477577 -0.205959 -1.65825e-06
0.1 0.000524625 -0.205959 -1.82161e-06
0.105 0.000572892 -0.205959 -1.98921e-06
0.11 0.000622154 -0.205959 -2.16026e-06
0.115 0.000672146 -0.20596 -2.33384e-06
0.12 0.000722601 -0.20596 -2.50903e-06
0.125 0.000773225 -0.20596 -2.68481e-06
0.13 0.000823637 -0.20596 -2.85985e-06
0.135 0.000873427 -0.20596 -3.03273e-06
0.14 0.000922299 -0.20596 -3.20242e-06
0.145 0.000970118 -0.20596 -3.36846e-06
0.15 0.00101685 -0.20596 -3.53072e-06
0.155 0.00106246 -0.20596 -3.68908e-06
0.16 0.0011068 -0.205961 -3.84305e-06
0.165 0.00114962 -0.205961 -3.99174e-06
0.17 0.00119065 -0.205961 -4.13418e-06
0.175 0.00122963 -0.205961 -4.26953e-06
0.18 0.00126642 -0.205961 -4.39729e-06
0.185 0.00130104 -0.205961 -4.5175e-06
0.19 0.00133355 -0.205961 -4.63038e-06
0.195 0.00136401 -0.205961 -4.73614e-06
0.2 0.00139255 -0.205961 -4.83522e-06
0.205 0.00141912 -0.205961 -4.9275e-06
0.21 0.00144327 -0.205961 -5.01134e-06
0.215 0.0014642 -0.205961 -5.08402e-06
0.22 0.00148125 -0.205961 -5.1432e-06
0.225 0.00149407 -0.205961 -5.18775e-06
0.23 0.00150267 -0.205962 -5.21758e-06
0.235 0.00150735 -0.205962 -5.23385e-06
0.24 0.00150884 -0.205962 -5.23901e-06
0.245 0.00150788 -0.205962 -5.23566e-06
0.25 0.00150463 -0.205962 -5.22438e-06
0.255 0.00149831 -0.205962 -5.20245e-06
0.26 0.00148736 -0.205962 -5.16443e-06
0.265 0.00146968 -0.205962 -5.10305e-06
0.27 0.00144286 -0.205962 -5.00993e-06
0.275 0.00140451 -0.205962 -4.87675e-06
0.28 0.00135241 -0.205962 -4.69586e-06
0.285 0.00128452 -0.205962 -4.46014e-06
0.29 0.00119878 -0.205962 -4.16243e-06
0.295 0.00109293 -0.205962 -3.79488e-06
0.3 0.000964566 -0.205962 -3.34918e-06
0.305 0.00081177 -0.205962 -2.81863e-06
0.31 0.000633823 -0.205962 -2.20076e-06
0.315 0.000431283 -0.205962 -1.4975e-06
0.32 0.000205595 -0.205962 -7.1386e-07
0.325 -4.1183e-05 -0.205962 1.42973e-07
0.33 -0.000306571 -0.205962 1.06443e-06
0.335 -0.000588034 -0.205963 2.04174e-06
0.34 -0.000883624 -0.205964 3.0681e-06
0.345 -0.00119246 -0.205964 4.14047e-06
0.35 -0.00151462 -0.205965 5.25906e-06
0.355 -0.00185056 -0.205966 6.42552e-06
0.36 -0.0022008 -0.205967 7.64163e-06
0.365 -0.002566 -0.205968 8.90968e-06
0.37 -0.00294749 -0.205969 1.02343e-05
0.375 -0.00334811 -0.20597 1.16253e-05
0.38 -0.00377317 -0.205971 1.31012e-05
0.385 -0.00423117 -0.205972 1.46915e-05
0.39 -0.00473296 -0.205973 1.64338e-05
0.395 -0.00528707 -0.205974 1.83577e-05
0.4 -0.00589381 -0.205976 2.04644e-05
0.405 -0.0065454 -0.205977 2.27269e-05
0.41 -0.00723074 -0.205979 2.51065e-05
0.415 -0.00793906 -0.20598 2.75658e-05
0.42 -0.00866153 -0.205982 3.00744e-05
0.425 -0.00939217 -0.205984 3.26112e-05
0.43 -0.0101282 -0.205985 3.51666e-05
0.435 -0.0108697 -0.205987 3.77413e-05
0.44 -0.0116185 -0.205989 4.03414e-05
0.445 -0.0123764 -0.205991 4.29728e-05
0.45 -0.0131441 -0.205992 4.56383e-05
0.455 -0.0139219 -0.205994 4.83388e-05
0.46 -0.0147099 -0.205996 5.10747e-05
0.465 -0.0155074 -0.205998 5.38437e-05
0.47 -0.0163121 -0.206 5.66378e-05
0.475 -0.0171198 -0.206002 5.94421e-05
0.48 -0.0179255 -0.206004 6.22395e-05
0.485 -0.0187246 -0.206006 6.50139e-05
0.49 -0.0195126 -0.206007 6.77499e-05
0.495 -0.0202858 -0.206009 7.04345e-05
0.5 -0.0210416 -0.206011 7.30586e-05
0.505 -0.0217783 -0.206013 7.56165e-05
0.51 -0.0224944 -0.206014 7.81027e-05
0.515 -0.0231878 -0.206016 8.051e-05
0.52 -0.0238563 -0.206018 8.28311e-05
0.525 -0.0244986 -0.206019 8.50612e-05
0.53 -0.0251149 -0.206021 8.72008e-05
0.535 -0.0257077 -0.206022 8.92591e-05
0.54 -0.0262839 -0.206023 9.12595e-05
0.545 -0.0268557 -0.206025 9.32449e-05
0.55 -0.02744 -0.206026 9.52735e-05
0.555 -0.0280497 -0.206027 9.73903e-05
0.56 -0.0286842 -0.206029 9.95931e-05
0.565 -0.0293294 -0.20603 0.000101833
0.57 -0.0299656 -0.206032 0.000104042
0.575 -0.0305729 -0.206033 0.00010615
0.58 -0.0311333 -0.206035 0.000108096
0.585 -0.0316321 -0.206036 0.000109828
0.59 -0.0320594 -0.206037 0.000111311
0.595 -0.0324133 -0.206038 0.00011254
0.6 -0.0327007 -0.206038 0.000113538
0.605 -0.0329348 -0.206039 0.000114351
0.61 -0.0331322 -0.206039 0.000115036
0.615 -0.0333116 -0.20604 0.000115659
0.62 -0.0334938 -0.20604 0.000116291
0.625 -0.0337035 -0.206041 0.000117019
0.63 -0.0339708 -0.206041 0.000117948
0.635 -0.0343308 -0.206042 0.000119197
0.64 -0.0348204 -0.206043 0.000120897
0.645 -0.0354715 -0.206045 0.000123158
0.65 -0.0362987 -0.206047 0.00012603
0.655 -0.0372903 -0.206049 0.000129472
0.66 -0.0384085 -0.206052 0.000133354
0.665 -0.0395986 -0.206055 0.000137486
0.67 -0.0408013 -0.206057 0.000141661
0.675 -0.0419647 -0.20606 0.0001457
0.68 -0.0430574 -0.206063 0.000149494
0.685 -0.0440776 -0.206065 0.000153036
0.69 -0.0450492 -0.206067 0.000156409
0.695 -0.0460096 -0.20607 0.000159743
0.7 -0.0470014 -0.206072 0.000163186
0.705 -0.048065 -0.206075 0.000166879
0.71 -0.0492359 -0.206077 0.000170944
0.715 -0.0505454 -0.20608 0.00017549
0.72 -0.0520215 -0.206084 0.000180614
0.725 -0.0536852 -0.206088 0.00018639
0.73 -0.0555449 -0.206092 0.000192846
0.735 -0.0575965 -0.206097 0.000199968
0.74 -0.0598257 -0.206102 0.000207707
0.745 -0.0622104 -0.206108 0.000215986
0.75 -0.0647177 -0.206114 0.00022469
0.755 -0.0673028 -0.20612 0.000233664
0.76 -0.0699131 -0.206126 0.000242725
0.765 -0.0724994 -0.206132 0.000251704
0.77 -0.0750348 -0.206138 0.000260505
0.775 -0.0775264 -0.206144 0.000269154
0.78 -0.0800054 -0.20615 0.00027776
0.785 -0.08251 -0.206156 0.000286454
0.79 -0.085074 -0.206162 0.000295354
0.795 -0.087725 -0.206169 0.000304556
0.8 -0.0904869 -0.206175 0.000314143
0.805 -0.0933826 -0.206182 0.000324195
0.81 -0.0964291 -0.206189 0.000334769
0.815 -0.0996281 -0.206197 0.000345873
0.82 -0.102962 -0.206205 0.000357446
0.825 -0.106403 -0.206213 0.000369389
0.83 -0.109917 -0.206222 0.000381587
0.835 -0.11347 -0.20623 0.00039392
0.84 -0.117044 -0.206239 0.000406324
0.845 -0.120651 -0.206248 0.000418842
0.85 -0.124329 -0.206256 0.000431609
0.855 -0.128128 -0.206266 0.000444794
0.86 -0.132094 -0.206275 0.000458559
0.865 -0.136257 -0.206285 0.000473007
0.87 -0.140612 -0.206296 0.000488121
0.875 -0.145131 -0.206307 0.000503804
0.88 -0.149781 -0.206318 0.000519944
0.885 -0.154536 -0.20633 0.000536445
0.89 -0.159376 -0.206341 0.000553242
0.895 -0.164304 -0.206353 0.000570342
0.9 -0.169345 -0.206366 0.000587835
0.905 -0.174536 -0.206378 0.000605852
0.91 -0.179915 -0.206391 0.000624517
0.915 -0.185511 -0.206405 0.000643934
0.92 -0.191348 -0.206419 0.000664189
0.925 -0.19745 -0.206434 0.000685362
0.93 -0.203844 -0.20645 0.000707548
0.935 -0.210567 -0.206467 0.000730878
0.94 -0.217672 -0.206484 0.000755528
0.945 -0.22522 -0.206503 0.000781718
0.95 -0.233275 -0.206523 0.000809665
0.955 -0.241873 -0.206544 0.000839495
0.96 -0.250998 -0.206567 0.000871155
0.965 -0.260589 -0.206591 0.000904427
0.97 -0.270564 -0.206616 0.00093903
0.975 -0.280845 -0.206642 0.000974695
0.98 -0.291369 -0.206668 0.0010112
0.985 -0.302099 -0.206695 0.00104842
0.99 -0.313046 -0.206723 0.00108639
0.995 -0.324258 -0.206751 0.00112528
1 -0.335798 -0.206781 0.00116531
1.005 -0.347721 -0.206811 0.00120666
1.01 -0.360053 -0.206843 0.00124942
1.015 -0.372789 -0.206875 0.00129359
1.02 -0.385905 -0.206909 0.00133907
1.025 -0.399371 -0.206944 0.00138577
1.03 -0.413164 -0.20698 0.00143359
1.035 -0.427264 -0.207016 0.00148248
1.04 -0.441654 -0.207054 0.00153237
1.045 -0.456312 -0.207092 0.00158319
1.05 -0.47121 -0.207132 0.00163484
1.055 -0.486322 -0.207172 0.00168723
1.06 -0.501638 -0.207212 0.00174031
1.065 -0.51717 -0.207254 0.00179415
1.07 -0.532965 -0.207296 0.00184889
1.075 -0.549087 -0.207339 0.00190477
1.08 -0.565599 -0.207384 0.00196199
1.085 -0.582521 -0.207429 0.00202063
1.09 -0.599809 -0.207476 0.00208054
1.095 -0.617363 -0.207524 0.00214136
1.1 -0.635055 -0.207573 0.00220266
1.105 -0.652758 -0.207622 0.00226398
1.11 -0.670355 -0.20767 0.00232494
1.115 -0.687752 -0.207719 0.00238521
1.12 -0.704886 -0.207766 0.00244456
1.125 -0.721728 -0.207814 0.00250289
1.13 -0.738284 -0.20786 0.00256023
1.135 -0.754581 -0.207906 0.00261667
1.14 -0.770664 -0.207952 0.00267236
1.145 -0.786587 -0.207997 0.00272749
1.15 -0.802414 -0.208043 0.00278229
1.155 -0.818204 -0.208088 0.00283697
1.16 -0.834008 -0.208133 0.00289168
1.165 -0.849865 -0.208179 0.00294657
1.17 -0.865809 -0.208225 0.00300177
1.175 -0.881878 -0.208272 0.00305739
1.18 -0.89811 -0.20832 0.00311357
1.185 -0.914542 -0.208368 0.00317044
1.19 -0.931215 -0.208417 0.00322814
1.195 -0.948173 -0.208467 0.00328683
1.2 -0.96546 -0.208518 0.00334665
1.205 -0.983112 -0.208571 0.00340772
1.21 -1.00113 -0.208625 0.00347006
1.215 -1.01947 -0.20868 0.0035335
1.22 -1.03804 -0.208736 0.00359777
1.225 -1.05676 -0.208793 0.00366253
1.23 -1.07553 -0.20885 0.00372743
1.235 -1.09424 -0.208907 0.00379214
1.24 -1.11282 -0.208964 0.0038564
1.245 -1.13124 -0.209021 0.00392012
1.25 -1.14954 -0.209077 0.0039834
1.255 -1.16777 -0.209134 0.00404643
1.26 -1.18597 -0.209191 0.00410935
1.265 -1.20411 -0.209248 0.00417207
1.27 -1.22212 -0.209304 0.0042343
1.275 -1.23989 -0.20936 0.00429574
1.28 -1.25737 -0.209416 0.00435616
1.285 -1.27458 -0.209471 0.00441562
1.29 -1.29158 -0.209525 0.00447438
1.295 -1.3085 -0.209579 0.00453284
1.3 -1.32543 -0.209634 0.00459135
1.305 -1.34244 -0.209689 0.00465014
1.31 -1.35953 -0.209744 0.00470916
1.315 -1.37661 -0.2098 0.00476818
1.32 -1.3936 -0.209855 0.00482684
1.325 -1.41039 -0.209911 0.00488484
1.33 -1.42692 -0.209965 0.00494193
1.335 -1.44317 -0.210019 0.00499806
1.34 -1.45919 -0.210072 0.00505336
1.345 -1.47505 -0.210125 0.00510812
1.35 -1.49085 -0.210178 0.00516266
1.355 -1.50668 -0.210231 0.00521729
1.36 -1.52259 -0.210285 0.0052722
1.365 -1.5386 -0.210339 0.00532744
1.37 -1.55467 -0.210393 0.0053829
1.375 -1.57077 -0.210448 0.00543844
1.38 -1.5869 -0.210504 0.0054941
1.385 -1.60313 -0.21056 0.00555006
1.39 -1.61948 -0.210616 0.00560645
1.395 -1.63596 -0.210673 0.00566324
1.4 -1.65252 -0.210729 0.00572019
1.405 -1.66912 -0.210784 0.00577713
1.41 -1.6857 -0.210839 0.00583402
1.415 -1.70226 -0.210894 0.0058908
1.42 -1.71881 -0.21095 0.00594757
1.425 -1.73544 -0.211004 0.00600444
1.43 -1.75224 -0.211058 0.00606175
1.435 -1.7693 -0.211113 0.00611999
1.44 -1.78676 -0.211169 0.00617956
1.445 -1.80472 -0.211228 0.00624085
1.45 -1.82329 -0.211289 0.00630418
1.455 -1.84248 -0.211352 0.00636965
1.46 -1.86226 -0.211418 0.00643711
1.465 -1.88255 -0.211481 0.0065059
1.47 -1.90326 -0.21154 0.00657573
1.475 -1.92431 -0.211601 0.0066467
1.48 -1.94563 -0.211663 0.00671856
1.485 -1.96717 -0.211727 0.00679115
1.49 -1.98888 -0.211792 0.00686432
1.495 -2.01076 -0.211851 0.00693776
1.5 -2.03281 -0.211903 0.00701151
1.505 -2.05506 -0.211957 0.00708588
1.51 -2.07749 -0.212011 0.00716084
1.515 -2.10011 -0.212061 0.00723603
1.52 -2.12295 -0.212106 0.00731153
1.525 -2.14608 -0.212143 0.00738771
1.53 -2.16959 -0.212175 0.0074649
1.535 -2.19358 -0.212209 0.00754364
1.54 -2.2181 -0.212244 0.00762417
1.545 -2.2432 -0.212282 0.00770662
1.55 -2.26888 -0.212322 0.00779094
1.555 -2.29505 -0.212363 0.00787688
1.56 -2.3216 -0.212406 0.00796406
1.565 -2.34841 -0.212427 0.00805139
1.57 -2.37539 -0.212424 0.00813826
1.575 -2.40248 -0.212417 0.00822522
1.58 -2.42969 -0.212411 0.00831257
1.585 -2.45705 -0.212407 0.00840044
1.59 -2.48463 -0.212404 0.00848898
1.595 -2.51245 -0.212403 0.00857835
1.6 -2.54058 -0.212402 0.00866867
1.605 -2.56904 -0.212403 0.00876005
1.61 -2.59785 -0.212404 0.00885256
1.615 -2.62703 -0.212407 0.00894623
1.62 -2.65655 -0.212409 0.009041
1.625 -2.68639 -0.212391 0.00913618
1.63 -2.71651 -0.212352 0.00923166
1.635 -2.74689 -0.212309 0.0093277
1.64 -2.77753 -0.212264 0.00942434
1.645 -2.80845 -0.21222 0.00952188
1.65 -2.83968 -0.212177 0.00962042
1.655 -2.87126 -0.212135 0.00972004
1.66 -2.90319 -0.212093 0.0098208
1.665 -2.93548 -0.212053 0.00992266
1.67 -2.9681 -0.212013 0.0100255
1.675 -3.001 -0.211973 0.0101293
1.68 -3.03412 -0.211935 0.0102338
1.685 -3.06738 -0.211896 0.0103387
1.69 -3.10067 -0.211838 0.0104431
1.695 -3.13384 -0.21176 0.0105468
1.7 -3.16675 -0.211685 0.0106496
1.705 -3.19926 -0.211609 0.010751
1.71 -3.23129 -0.211529 0.0108507
1.715 -3.26282 -0.211449 0.0109486
1.72 -3.29382 -0.211368 0.0110447
1.725 -3.3243 -0.211286 0.0111391
1.73 -3.35429 -0.211206 0.0112319
1.735 -3.38378 -0.211129 0.0113232
1.74 -3.41283 -0.211054 0.0114131
1.745 -3.44148 -0.21098 0.0115017
1.75 -3.46977 -0.210907 0.0115892
1.755 -3.4978 -0.210827 0.0116755
1.76 -3.52568 -0.21074 0.0117609
1.765 -3.55358 -0.210654 0.0118464
1.77 -3.58168 -0.210568 0.0119325
1.775 -3.61016 -0.210482 0.0120198
1.78 -3.63916 -0.210382 0.0121085
1.785 -3.66878 -0.210269 0.0121988
1.79 -3.6991 -0.210154 0.0122913
1.795 -3.73019 -0.210028 0.0123857
1.8 -3.76213 -0.20989 0.0124822
1.805 -3.795 -0.209749 0.0125815
1.81 -3.82885 -0.2096 0.0126835
1.815 -3.86369 -0.209442 0.0127883
1.82 -3.89942 -0.20928 0.0128956
1.825 -3.93587 -0.209116 0.013005
1.83 -3.97283 -0.208935 0.0131152
1.835 -4.01005 -0.208738 0.0132255
1.84 -4.04734 -0.20854 0.0133359
1.845 -4.08452 -0.208343 0.0134458
1.85 -4.12147 -0.208147 0.0135549
1.855 -4.15814 -0.207952 0.0136631
1.86 -4.19456 -0.207743 0.0137698
1.865 -4.23073 -0.207516 0.0138755
1.87 -4.2667 -0.207289 0.0139807
1.875 -4.30247 -0.207063 0.0140852
1.88 -4.33805 -0.206839 0.014189
1.885 -4.37344 -0.206608 0.0142919
1.89 -4.40866 -0.206355 0.0143932
1.895 -4.44373 -0.20608 0.0144932
1.9 -4.47868 -0.205799 0.0145926
1.905 -4.51353 -0.205518 0.0146917
1.91 -4.54833 -0.20523 0.0147904
1.915 -4.58311 -0.204936 0.014889
1.92 -4.61785 -0.204629 0.0149867
1.925 -4.65249 -0.20431 0.0150836
1.93 -4.68694 -0.203985 0.0151801
1.935 -4.72111 -0.203657 0.015276
1.94 -4.75493 -0.203333 0.0153708
1.945 -4.78834 -0.203014 0.0154644
1.95 -4.82137 -0.202699 0.0155568
1.955 -4.85407 -0.202377 0.0156478
1.96 -4.88649 -0.202049 0.0157375
1.965 -4.91867 -0.201725 0.0158266
1.97 -4.9506 -0.201405 0.0159148
1.975 -4.98222 -0.201087 0.0160022
1.98 -5.01351 -0.200774 0.0160885
1.985 -5.04444 -0.200464 0.0161738
1.99 -5.07509 -0.200155 0.0162581
1.995 -5.10554 -0.199844 0.0163417
2 -5.13587 -0.199523 0.0164249
2.005 -5.1661 -0.199192 0.0165077
2.01 -5.19623 -0.198862 0.0165902
2.015 -5.22619 -0.198533 0.0166721
2.02 -5.25592 -0.198207 0.0167532
2.025 -5.28535 -0.197884 0.0168334
2.03 -5.31447 -0.197563 0.0169125
2.035 -5.34329 -0.197245 0.0169907
2.04 -5.37189 -0.196929 0.0170682
2.045 -5.40038 -0.196614 0.0171453
2.05 -5.42888 -0.196299 0.0172223
2.055 -5.45751 -0.195982 0.0172995
2.06 -5.48634 -0.195662 0.0173772
2.065 -5.51541 -0.195338 0.0174553
2.07 -5.54463 -0.19501 0.0175336
2.075 -5.57383 -0.194682 0.0176118
2.08 -5.60276 -0.194358 0.0176892
2.085 -5.63119 -0.194039 0.0177651
2.09 -5.65891 -0.193729 0.017839
2.095 -5.68582 -0.193428 0.0179106
2.1 -5.71189 -0.193136 0.01798
2.105 -5.73717 -0.192853 0.0180471
2.11 -5.76174 -0.192579 0.0181123
2.115 -5.78566 -0.192311 0.0181757
2.12 -5.80901 -0.192051 0.0182374
2.125 -5.83187 -0.191795 0.0182978
2.13 -5.85437 -0.19154 0.018357
2.135 -5.87662 -0.191281 0.0184153
2.14 -5.89871 -0.191017 0.0184731
2.145 -5.9207 -0.190749 0.0185301
2.15 -5.94264 -0.190482 0.0185866
2.155 -5.96461 -0.190215 0.0186431
2.16 -5.98669 -0.189948 0.0186999
2.165 -6.009 -0.189677 0.0187574
2.17 -6.03163 -0.189401 0.0188159
2.175 -6.05467 -0.189121 0.0188754
2.18 -6.07823 -0.188835 0.018936
2.185 -6.10239 -0.188542 0.0189981
2.19 -6.1272 -0.188243 0.0190612
2.195 -6.15261 -0.187937 0.0191252
2.2 -6.17844 -0.187626 0.0191902
2.205 -6.20436 -0.187315 0.0192554
2.21 -6.23002 -0.187007 0.0193198
2.215 -6.25505 -0.186707 0.0193825
2.22 -6.27918 -0.186419 0.0194428
2.225 -6.30217 -0.186144 0.0195003
2.23 -6.32389 -0.185884 0.0195544
2.235 -6.34426 -0.185636 0.0196048
2.24 -6.36329 -0.185399 0.0196516
2.245 -6.38104 -0.185179 0.0196952
2.25 -6.39758 -0.184973 0.0197358
2.255 -6.41294 -0.184782 0.0197734
2.26 -6.42711 -0.184605 0.0198082
2.265 -6.4401 -0.184443 0.0198399
2.27 -6.4519 -0.184297 0.0198687
2.275 -6.46256 -0.184164 0.0198948
2.28 -6.4722 -0.184044 0.0199183
2.285 -6.48097 -0.183936 0.0199396
2.29 -6.48901 -0.183836 0.0199592
2.295 -6.49642 -0.183744 0.0199772
2.3 -6.50329 -0.183659 0.0199939
2.305 -6.50964 -0.18358 0.0200093
2.31 -6.51554 -0.183508 0.0200236
2.315 -6.52107 -0.183439 0.020037
2.32 -6.52634 -0.183374 0.0200498
2.325 -6.53146 -0.183311 0.0200622
2.33 -6.5365 -0.183249 0.0200745
2.335 -6.54143 -0.183188 0.0200864
2.34 -6.54614 -0.18313 0.0200978
2.345 -6.55046 -0.183077 0.0201083
2.35 -6.55418 -0.183031 0.0201172
2.355 -6.55708 -0.182995 0.0201242
2.36 -6.55895 -0.182972 0.0201288
2.365 -6.55958 -0.182965 0.0201303
2.37 -6.55874 -0.182975 0.0201282
2.375 -6.55625 -0.183011 0.0201211
2.38 -6.55192 -0.183078 0.0201083
2.385 -6.54569 -0.183174 0.0200899
2.39 -6.53755 -0.183299 0.0200658
2.395 -6.52758 -0.183451 0.0200365
2.4 -6.51598 -0.183626 0.0200023
2.405 -6.50296 -0.183819 0.0199639
2.41 -6.48873 -0.184031 0.0199219
2.415 -6.47355 -0.184256 0.0198772
2.42 -6.45761 -0.184493 0.0198302
2.425 -6.44109 -0.184739 0.0197815
2.43 -6.4241 -0.184992 0.0197315
2.435 -6.40669 -0.185251 0.0196802
2.44 -6.38881 -0.185515 0.0196279
2.445 -6.37036 -0.185785 0.0195742
2.45 -6.35123 -0.186064 0.0195185
2.455 -6.33134 -0.186344 0.0194605
2.46 -6.31062 -0.186625 0.0194
2.465 -6.28904 -0.186918 0.019337
2.47 -6.26657 -0.187224 0.0192713
2.475 -6.24316 -0.187543 0.0192029
2.48 -6.21875 -0.187875 0.0191317
2.485 -6.19335 -0.188222 0.0190575
2.49 -6.16703 -0.188582 0.0189807
2.495 -6.13989 -0.18895 0.0189013
2.5 -6.1121 -0.189324 0.01882
2.505 -6.08382 -0.189704 0.0187373
2.51 -6.05521 -0.19009 0.0186536
2.515 -6.02642 -0.190478 0.0185695
2.52 -5.99755 -0.190868 0.0184851
2.525 -5.96866 -0.191259 0.0184007
2.53 -5.93982 -0.191649 0.0183164
2.535 -5.9111 -0.192038 0.0182325
2.54 -5.88263 -0.192422 0.0181494
2.545 -5.85454 -0.192784 0.0180672
2.55 -5.82701 -0.193127 0.0179866
2.555 -5.80015 -0.193462 0.017908
2.56 -5.77404 -0.193788 0.0178316
2.565 -5.74872 -0.194106 0.0177576
2.57 -5.72417 -0.194415 0.0176858
2.575 -5.70035 -0.194715 0.0176162
2.58 -5.6772 -0.195008 0.0175486
2.585 -5.65471 -0.195293 0.0174829
2.59 -5.63291 -0.195569 0.0174193
2.595 -5.61185 -0.195837 0.0173579
2.6 -5.59165 -0.196094 0.0172991
2.605 -5.5724 -0.196338 0.0172433
2.61 -5.55415 -0.196569 0.0171905
2.615 -5.53692 -0.196784 0.0171405
2.62 -5.52064 -0.196984 0.0170933
2.625 -5.5052 -0.197173 0.0170486
2.63 -5.49049 -0.197354 0.0170059
2.635 -5.47638 -0.197527 0.016965
2.64 -5.46278 -0.197693 0.0169255
2.645 -5.44961 -0.197852 0.0168872
2.65 -5.43681 -0.198004 0.01685
2.655 -5.42437 -0.19815 0.0168138
2.66 -5.41231 -0.198291 0.0167787
2.665 -5.40069 -0.198428 0.016745
2.67 -5.38956 -0.198559 0.0167126
2.675 -5.37901 -0.198684 0.0166819
2.68 -5.36915 -0.1988 0.0166533
2.685 -5.36012 -0.198905 0.016627
2.69 -5.35208 -0.198998 0.0166037
2.695 -5.34517 -0.199077 0.0165836
2.7 -5.33947 -0.199143 0.016567
2.705 -5.33502 -0.199194 0.0165541
2.71 -5.33175 -0.199231 0.0165446
2.715 -5.32949 -0.199257 0.016538
2.72 -5.32804 -0.199274 0.0165338
2.725 -5.32715 -0.199284 0.0165312
2.73 -5.32656 -0.199291 0.0165295
2.735 -5.32602 -0.199297 0.016528
2.74 -5.3253 -0.199305 0.0165259
2.745 -5.32425 -0.199317 0.0165228
2.75 -5.32276 -0.199335 0.0165185
2.755 -5.32079 -0.199357 0.0165128
2.76 -5.31837 -0.199385 0.0165058
2.765 -5.31556 -0.199418 0.0164976
2.77 -5.31239 -0.199455 0.0164884
2.775 -5.30884 -0.199496 0.0164781
2.78 -5.30484 -0.199543 0.0164664
2.785 -5.3003 -0.199595 0.0164533
2.79 -5.29516 -0.199655 0.0164383
2.795 -5.28936 -0.199722 0.0164215
2.8 -5.28291 -0.199798 0.0164028
2.805 -5.27582 -0.19988 0.0163822
2.81 -5.26815 -0.19997 0.01636
2.815 -5.25997 -0.200065 0.0163362
2.82 -5.25132 -0.200167 0.0163111
2.825 -5.24217 -0.200274 0.0162846
2.83 -5.23243 -0.200388 0.0162563
2.835 -5.22189 -0.200511 0.0162258
2.84 -5.21031 -0.200647 0.0161922
2.845 -5.19742 -0.200797 0.016155
2.85 -5.18298 -0.200965 0.0161134
2.855 -5.16678 -0.201153 0.0160668
2.86 -5.14863 -0.201364 0.0160145
2.865 -5.12835 -0.201601 0.0159561
2.87 -5.10571 -0.201866 0.0158909
2.875 -5.08047 -0.202161 0.0158183
2.88 -5.05241 -0.20249 0.0157376
2.885 -5.02131 -0.202855 0.0156482
2.89 -4.98698 -0.203258 0.0155495
2.895 -4.94922 -0.2037 0.015441
2.9 -4.90783 -0.204186 0.0153221
2.905 -4.86264 -0.204721 0.0151924
2.91 -4.81346 -0.205307 0.0150515
2.915 -4.76018 -0.205944 0.0148989
2.92 -4.70277 -0.206634 0.0147347
2.925 -4.64124 -0.207376 0.0145589
2.93 -4.57562 -0.20817 0.0143715
2.935 -4.50587 -0.209018 0.0141727
2.94 -4.43196 -0.209918 0.0139621
2.945 -4.35384 -0.210858 0.0137396
2.95 -4.27155 -0.211836 0.0135053
2.955 -4.18513 -0.212846 0.0132586
2.96 -4.0946 -0.213887 0.0129996
2.965 -3.99989 -0.214946 0.0127274
2.97 -3.90084 -0.216026 0.0124417
2.975 -3.79721 -0.217155 0.0121427
2.98 -3.6887 -0.21826 0.0118262
2.985 -3.57505 -0.219287 0.0114891
2.99 -3.45607 -0.220267 0.0111331
2.995 -3.33164 -0.221193 0.0107573
3 -3.20167 -0.222072 0.0103603
3.005 -3.06606 -0.222905 0.0099418
3.01 -2.92469 -0.22359 0.00949809
3.015 -2.77742 -0.224184 0.00903134
3.02 -2.62412 -0.224649 0.00853908
3.025 -2.46464 -0.224984 0.00802094
3.03 -2.29884 -0.225298 0.00748122
3.035 -2.1266 -0.225508 0.00691554
3.04 -1.94782 -0.225661 0.00632497
3.045 -1.76246 -0.225785 0.00570948
3.05 -1.57051 -0.225827 0.00506507
3.055 -1.37202 -0.22579 0.00439093
3.06 -1.16713 -0.225706 0.00368931
3.065 -0.955986 -0.225615 0.00296324
3.07 -0.738761 -0.22556 0.00221511
3.075 -0.515609 -0.225593 0.00144672
3.08 -0.286649 -0.225776 0.000656373
3.085 -0.0519491 -0.226123 -0.000151405
3.09 0.188446 -0.226558 -0.000973089
3.095 0.434472 -0.226994 -0.00180684
3.1 0.686028 -0.227432 -0.00265269
3.105 0.943011 -0.227852 -0.003511
3.11 1.20537 -0.228171 -0.00437833
3.115 1.47314 -0.228303 -0.00525201
3.12 1.74644 -0.228143 -0.00612973
3.125 2.02547 -0.227621 -0.00701149
3.13 2.31048 -0.226924 -0.00790368
3.135 2.60177 -0.226103 -0.00881032
3.14 2.8996 -0.225061 -0.00972696
3.145 3.20421 -0.223706 -0.0106535
3.15 3.5158 -0.222018 -0.0115901
3.155 3.83452 -0.220019 -0.0125338
3.16 4.16041 -0.217563 -0.0134807
3.165 4.49343 -0.214505 -0.0144252
3.17 4.83344 -0.210808 -0.0153682
3.175 5.18025 -0.206665 -0.0163161
3.18 5.5337 -0.202321 -0.0172696
3.185 5.89366 -0.197809 -0.0182254
3.19 6.26011 -0.193086 -0.0191621
3.195 6.63312 -0.188251 -0.020068
3.2 7.01285 -0.183475 -0.0209429
3.205 7.39949 -0.178941 -0.0217856
3.21 7.79319 -0.174563 -0.0226153
3.215 8.19405 -0.17039 -0.0234408
3.22 8.60207 -0.166456 -0.0242703
3.225 9.01713 -0.162534 -0.0251165
3.23 9.43905 -0.158636 -0.0259752
3.235 9.86761 -0.155012 -0.0268401
3.24 10.3026 -0.151498 -0.0277275
3.245 10.744 -0.147297 -0.0286812
3.25 11.1917 -0.142284 -0.0297028
3.255 11.6459 -0.137047 -0.0307528
3.26 12.1068 -0.13173 -0.0318217
3.265 12.5746 -0.126339 -0.0329096
3.27 13.0496 -0.120968 -0.0340121
3.275 13.5319 -0.115661 -0.0351294
3.28 14.0215 -0.110469 -0.0362618
3.285 14.5185 -0.105166 -0.0374132
3.29 15.0229 -0.099681 -0.0385841
3.295 15.5347 -0.094179 -0.0397711
3.3 16.0537 -0.0886663 -0.0409743
3.305 16.58 -0.0831527 -0.0421936
3.31 17.1135 -0.0776503 -0.043429
3.315 17.6542 -0.0721814 -0.0446804
3.32 18.2021 -0.066852 -0.0459473
3.325 18.7571 -0.0616048 -0.0472297
3.33 19.3188 -0.0561468 -0.0485297
3.335 19.8871 -0.0505026 -0.0498463
3.34 20.4617 -0.0448436 -0.051177
3.345 21.0421 -0.0391762 -0.0525212
3.35 21.6283 -0.0335204 -0.0538784
3.355 22.22 -0.0280096 -0.0552479
3.36 22.8168 -0.0226789 -0.056629
3.365 23.4186 -0.0174745 -0.0580211
3.37 24.0248 -0.012465 -0.0594231
3.375 24.635 -0.00776167 -0.0608336
3.38 25.2484 -0.00360114 -0.0622507
3.385 25.8646 -0.00127035 -0.0636706
3.39 26.4826 -0.00257881 -0.0650891
3.395 27.102 -0.00810288 -0.0665018
3.4 27.7221 -0.0101934 -0.0679212
3.405 28.3424 -0.00720266 -0.0693503
3.41 28.9624 -0.00418358 -0.0707811
3.415 29.5816 -0.00151637 -0.072212
3.42 30.1996 0.000863553 -0.0736394
3.425 30.816 0.00469779 -0.0750669
3.43 31.4305 0.00940987 -0.0764923
3.435 32.0425 0.0139779 -0.0779121
3.44 32.6518 0.0184188 -0.0793254
3.445 33.2581 0.0227356 -0.0807315
3.45 33.861 0.0269284 -0.0821299
3.455 34.4606 0.0309947 -0.0835204
3.46 35.0565 0.0349283 -0.0849023
3.465 35.6486 0.0387182 -0.0862754
3.47 36.2367 0.0423479 -0.0876392
3.475 36.8206 0.0457923 -0.0889932
3.48 37.4002 0.0490128 -0.090337
3.485 37.9754 0.052055 -0.0916706
3.49 38.5463 0.0557594 -0.0929948
3.495 39.1127 0.0601216 -0.0943095
3.5 39.6747 0.0643772 -0.095614
3.505 40.2323 0.0685383 -0.0969081
3.51 40.7855 0.0726039 -0.0981919
3.515 41.3342 0.0765711 -0.0994652
3.52 41.8783 0.0804348 -0.100728
3.525 42.4179 0.084187 -0.10198
3.53 42.9529 0.0878153 -0.103222
3.535 43.4833 0.0913385 -0.104452
3.54 44.0089 0.0950596 -0.105672
3.545 44.5299 0.0989657 -0.106882
3.55 45.046 0.102772 -0.108079
3.555 45.5572 0.106478 -0.109266
3.56 46.0634 0.110074 -0.110441
3.565 46.5646 0.113546 -0.111604
3.57 47.0607 0.116873 -0.112755
3.575 47.5516 0.120018 -0.113895
3.58 48.0374 0.122915 -0.115022
3.585 48.5179 0.125422 -0.116137
3.59 48.9933 0.127091 -0.11724
3.595 49.4635 0.123982 -0.11833
3.6 49.9282 3.97173 -0.122894
