0.1 1.46085e-31 200 6.4837e-14 -1.46085e-31 -200 -6.4837e-14
0.2 -5.84341e-32 400 -1.42109e-14 5.84341e-32 -400 1.42109e-14
0.3 1.16868e-31 600 -1.24345e-13 -1.16868e-31 -600 1.24345e-13
0.4 -2.92171e-32 800 6.03961e-14 2.92171e-32 -800 -6.03961e-14
0.5 1.28555e-30 1000 2.70006e-13 -1.28555e-30 -1000 -2.70006e-13
0.6 -5.84341e-32 1200 -1.06581e-13 5.84341e-32 -1200 1.06581e-13
0.7 4.38256e-31 1400 -7.10543e-14 -4.38256e-31 -1400 7.10543e-14
0.8 4.67473e-31 1600 -1.42109e-13 -4.67473e-31 -1600 1.42109e-13
0.9 -3.21388e-31 1800 -4.26326e-14 3.21388e-31 -1800 4.26326e-14
1 0 2000 8.2423e-13 -0 -2000 -8.2423e-13
0.005 -1.1412e-05 2000 0.00493904 1.1412e-05 -2000 -9.0507e-06
0.01 -5.70948e-05 2000 0.024682 5.70948e-05 -2000 -1.70754e-05
0.015 -0.00014845 2000 0.0641445 0.00014845 -2000 -1.39108e-05
0.02 -0.000285237 2000 0.123234 0.000285237 -2000 -1.13351e-05
0.025 -0.000467012 2000 0.201759 0.000467012 -2000 -9.23628e-06
0.03 -0.000693249 2000 0.299491 0.000693249 -2000 -7.53047e-06
0.035 -0.00096339 2000 0.41619 0.00096339 -2000 -6.14572e-06
0.04 -0.00127681 2000 0.551587 0.00127681 -2000 -5.02319e-06
0.045 -0.00163262 2000 0.705295 0.00163262 -2000 -4.11486e-06
0.05 -0.00202952 2000 0.876757 0.00202952 -2000 -3.38155e-06
0.055 -0.00246589 2000 1.06527 0.00246589 -2000 -2.79122e-06
0.06 -0.00293985 2000 1.27002 0.00293985 -2000 -2.31766e-06
0.065 -0.0034496 2000 1.49023 0.0034496 -2000 -1.93941e-06
0.07 -0.00399355 2000 1.72522 0.00399355 -2000 -1.63896e-06
0.075 -0.00457008 2000 1.97427 0.00457008 -2000 -1.40201e-06
0.08 -0.00517714 2000 2.23653 0.00517714 -2000 -1.21675e-06
0.085 -0.00581233 2000 2.51093 0.00581233 -2000 -1.0734e-06
0.09 -0.00647314 2000 2.7964 0.00647314 -2000 -9.63841e-07
0.095 -0.00715726 2000 3.09194 0.00715726 -2000 -8.8142e-07
0.1 -0.00786233 2000 3.39653 0.00786233 -2000 -8.20659e-07
0.105 -0.00858569 2000 3.70902 0.00858569 -2000 -7.76971e-07
0.11 -0.00932395 2000 4.02795 0.00932395 -2000 -7.46383e-07
0.115 -0.0100732 2000 4.3516 0.0100732 -2000 -7.25384e-07
0.12 -0.0108293 2000 4.67826 0.0108293 -2000 -7.1097e-07
0.125 -0.011588 2000 5.006 0.011588 -2000 -7.00606e-07
0.13 -0.0123435 2000 5.33237 0.0123435 -2000 -6.9189e-07
0.135 -0.0130896 2000 5.65472 0.0130896 -2000 -6.82564e-07
0.14 -0.013822 2000 5.97112 0.013822 -2000 -6.71128e-07
0.145 -0.0145387 2000 6.2807 0.0145387 -2000 -6.57143e-07
0.15 -0.015239 2000 6.58325 0.015239 -2000 -6.40867e-07
0.155 -0.0159225 2000 6.87851 0.0159225 -2000 -6.22711e-07
0.16 -0.016587 2000 7.16559 0.016587 -2000 -6.02732e-07
0.165 -0.0172288 2000 7.44283 0.0172288 -2000 -5.80522e-07
0.17 -0.0178436 2000 7.70842 0.0178436 -2000 -5.55587e-07
0.175 -0.0184277 2000 7.96078 0.0184277 -2000 -5.27719e-07
0.18 -0.0189792 2000 8.19899 0.0189792 -2000 -4.97155e-07
0.185 -0.019498 2000 8.42312 0.019498 -2000 -4.64657e-07
0.19 -0.0199851 2000 8.63358 0.0199851 -2000 -4.31179e-07
0.195 -0.0204416 2000 8.83078 0.0204416 -2000 -3.97539e-07
0.2 -0.0208692 2000 9.01551 0.0208692 -2000 -3.64446e-07
0.205 -0.0212675 2000 9.18758 0.0212675 -2000 -3.32281e-07
0.21 -0.0216294 2000 9.34389 0.0216294 -2000 -3.00625e-07
0.215 -0.0219431 2000 9.4794 0.0219431 -2000 -2.68266e-07
0.22 -0.0221985 2000 9.58975 0.0221985 -2000 -2.35038e-07
0.225 -0.0223907 2000 9.6728 0.0223907 -2000 -2.0141e-07
0.23 -0.0225195 2000 9.72844 0.0225195 -2000 -1.69102e-07
0.235 -0.0225898 2000 9.75877 0.0225898 -2000 -1.39554e-07
0.24 -0.022612 2000 9.76839 0.022612 -2000 -1.14054e-07
0.245 -0.0225964 2000 9.76163 0.0225964 -2000 -6.71359e-07
0.25 -0.0225436 2000 9.73885 0.0225436 -2000 -1.97363e-07
0.255 -0.0224411 2000 9.69457 0.0224411 -2000 -1.65208e-07
0.26 -0.0222635 2000 9.61783 0.0222635 -2000 -1.41453e-07
0.265 -0.0219766 2000 9.4939 0.0219766 -2000 -1.15185e-07
0.27 -0.0215414 2000 9.3059 0.0215414 -2000 -9.37963e-08
0.275 -0.0209191 2000 9.03704 0.0209191 -2000 -7.63787e-08
0.28 -0.0200737 2000 8.67184 0.0200737 -2000 -6.21954e-08
0.285 -0.0189721 2000 8.19595 0.0189721 -2000 -5.06451e-08
0.29 -0.0175808 2000 7.5949 0.0175808 -2000 -4.12412e-08
0.295 -0.0158631 2000 6.85288 0.0158631 -2000 -3.35818e-08
0.3 -0.0137802 2000 5.95306 0.0137802 -2000 -2.73458e-08
0.305 -0.0113008 2000 4.88196 0.0113008 -2000 -2.2268e-08
0.31 -0.00841341 2000 3.63459 0.00841341 -2000 2.39156e-08
0.315 -0.00512702 2000 2.21487 0.00512702 -2000 1.90039e-07
0.32 -0.0014672 2000 0.633824 0.0014672 -2000 7.90678e-06
0.325 0.00237622 2000 -1.02801 -0.00237622 -2000 0.0014836
0.33 0.00635469 2000 -2.74761 -0.00635469 -2000 0.00238474
0.335 0.0105723 2000 -4.56916 -0.0105723 -2000 0.00194448
0.34 0.0150016 2000 -6.48228 -0.0150016 -2000 0.00158741
0.345 0.0196296 2000 -8.48127 -0.0196296 -2000 0.00129702
0.35 0.0244571 2000 -10.5665 -0.0244571 -2000 0.00106096
0.355 0.0294912 2000 -12.7411 -0.0294912 -2000 0.000869142
0.36 0.0347396 2000 -15.0082 -0.0347396 -2000 0.000713401
0.365 0.0402122 2000 -17.3723 -0.0402122 -2000 0.000587071
0.37 0.0459289 2000 -19.8418 -0.0459289 -2000 0.00048475
0.375 0.0519321 2000 -22.435 -0.0519321 -2000 0.000402085
0.38 0.0583016 2000 -25.1866 -0.0583016 -2000 0.000335627
0.385 0.0651646 2000 -28.1514 -0.0651646 -2000 0.000282719
0.39 0.0726837 2000 -31.3996 -0.0726837 -2000 0.000241388
0.395 0.0809865 2000 -34.9864 -0.0809865 -2000 0.000210126
0.4 0.090078 2000 -38.9139 -0.090078 -2000 0.0001875
0.405 0.0998413 2000 -43.1316 -0.0998413 -2000 0.000171872
0.41 0.11011 2000 -47.5677 -0.11011 -2000 0.000161828
0.415 0.120723 2000 -52.1524 -0.120723 -2000 0.000155462
0.42 0.131548 2000 -56.8287 -0.131548 -2000 0.000151094
0.425 0.142494 2000 -61.5577 -0.142494 -2000 0.000148247
0.43 0.153521 2000 -66.3213 -0.153521 -2000 0.000146365
0.435 0.164631 2000 -71.1205 -0.164631 -2000 0.000145208
0.44 0.17585 2000 -75.9673 -0.17585 -2000 0.000144736
0.445 0.187204 2000 -80.8721 -0.187204 -2000 0.000144955
0.45 0.198704 2000 -85.8404 -0.198704 -2000 0.000145825
0.455 0.210356 2000 -90.8739 -0.210356 -2000 0.00014727
0.46 0.22216 2000 -95.9732 -0.22216 -2000 0.000149202
0.465 0.234106 2000 -101.134 -0.234106 -2000 0.000151519
0.47 0.246161 2000 -106.342 -0.246161 -2000 0.000154035
0.475 0.258259 2000 -111.568 -0.258259 -2000 0.000156447
0.48 0.270328 2000 -116.782 -0.270328 -2000 0.000158407
0.485 0.282296 2000 -121.952 -0.282296 -2000 0.000159633
0.49 0.2941 2000 -127.051 -0.2941 -2000 0.00015991
0.495 0.30568 2000 -132.054 -0.30568 -2000 0.000159122
0.5 0.317 2000 -136.944 -0.317 -2000 0.000157271
0.505 0.328034 2000 -141.711 -0.328034 -2000 0.000154436
0.51 0.338759 2000 -146.344 -0.338759 -2000 0.000150725
0.515 0.349143 2000 -150.83 -0.349143 -2000 0.000146218
0.52 0.359155 2000 -155.155 -0.359155 -2000 0.00014097
0.525 0.368774 2000 -159.311 -0.368774 -2000 0.000135069
0.53 0.378003 2000 -163.297 -0.378003 -2000 0.000128667
0.535 0.386881 2000 -167.133 -0.386881 -2000 0.000122023
0.54 0.395509 2000 -170.86 -0.395509 -2000 0.000115509
0.545 0.404072 2000 -174.559 -0.404072 -2000 0.000109692
0.55 0.412821 2000 -178.339 -0.412821 -2000 0.000105279
0.555 0.421951 2000 -182.283 -0.421951 -2000 0.000102867
0.56 0.431451 2000 -186.387 -0.431451 -2000 0.000102418
0.565 0.441113 2000 -190.561 -0.441113 -2000 0.000103061
0.57 0.450639 2000 -194.676 -0.450639 -2000 0.000103506
0.575 0.459731 2000 -198.604 -0.459731 -2000 0.000102593
0.58 0.468122 2000 -202.229 -0.468122 -2000 9.95731e-05
0.585 0.47559 2000 -205.455 -0.47559 -2000 9.41715e-05
0.59 0.481988 2000 -208.219 -0.481988 -2000 8.6609e-05
0.595 0.487287 2000 -210.508 -0.487287 -2000 7.75271e-05
0.6 0.49159 2000 -212.367 -0.49159 -2000 6.78157e-05
0.605 0.495094 2000 -213.881 -0.495094 -2000 5.83117e-05
0.61 0.49805 2000 -215.158 -0.49805 -2000 4.96064e-05
0.615 0.500736 2000 -216.318 -0.500736 -2000 4.20334e-05
0.62 0.503463 2000 -217.496 -0.503463 -2000 3.57719e-05
0.625 0.506604 2000 -218.853 -0.506604 -2000 3.09994e-05
0.63 0.510606 2000 -220.582 -0.510606 -2000 2.80922e-05
0.635 0.515995 2000 -222.91 -0.515995 -2000 2.78892e-05
0.64 0.523325 2000 -226.077 -0.523325 -2000 3.196e-05
0.645 0.533072 2000 -230.287 -0.533072 -2000 4.26509e-05
0.65 0.545456 2000 -235.637 -0.545456 -2000 6.24207e-05
0.655 0.5603 2000 -242.05 -0.5603 -2000 9.22339e-05
0.66 0.577039 2000 -249.281 -0.577039 -2000 0.00013
0.665 0.594853 2000 -256.977 -0.594853 -2000 0.000170691
0.67 0.612855 2000 -264.754 -0.612855 -2000 0.000207803
0.675 0.630269 2000 -272.276 -0.630269 -2000 0.000235777
0.68 0.646624 2000 -279.342 -0.646624 -2000 0.000251983
0.685 0.661894 2000 -285.938 -0.661894 -2000 0.000257569
0.69 0.676434 2000 -292.22 -0.676434 -2000 0.000256373
0.695 0.690809 2000 -298.43 -0.690809 -2000 0.000253
0.7 0.705651 2000 -304.841 -0.705651 -2000 0.000251646
0.705 0.721568 2000 -311.718 -0.721568 -2000 0.000256037
0.71 0.73909 2000 -319.287 -0.73909 -2000 0.000269313
0.715 0.758685 2000 -327.752 -0.758685 -2000 0.000294571
0.72 0.780773 2000 -337.294 -0.780773 -2000 0.000335019
0.725 0.805666 2000 -348.048 -0.805666 -2000 0.000393818
0.73 0.833492 2000 -360.069 -0.833492 -2000 0.000472936
0.735 0.864184 2000 -373.328 -0.864184 -2000 0.000572267
0.74 0.897533 2000 -387.735 -0.897533 -2000 0.000689475
0.745 0.933205 2000 -403.146 -0.933205 -2000 0.00082023
0.75 0.97071 2000 -419.348 -0.97071 -2000 0.000957876
0.755 1.00937 2000 -436.051 -1.00937 -2000 0.00109298
0.76 1.04841 2000 -452.915 -1.04841 -2000 0.00121436
0.765 1.08709 2000 -469.623 -1.08709 -2000 0.00131192
0.77 1.125 2000 -486.002 -1.125 -2000 0.00138101
0.775 1.16225 2000 -502.095 -1.16225 -2000 0.00142559
0.78 1.19932 2000 -518.107 -1.19932 -2000 0.00145589
0.785 1.23676 2000 -534.283 -1.23676 -2000 0.00148325
0.79 1.27509 2000 -550.841 -1.27509 -2000 0.0015169
0.795 1.31472 2000 -567.959 -1.31472 -2000 0.00156335
0.8 1.356 2000 -585.792 -1.356 -2000 0.00162735
0.805 1.39927 2000 -604.487 -1.39927 -2000 0.00171295
0.81 1.4448 2000 -624.155 -1.4448 -2000 0.00182333
0.815 1.4926 2000 -644.804 -1.4926 -2000 0.00195835
0.82 1.54241 2000 -666.324 -1.54241 -2000 0.0021125
0.825 1.59381 2000 -688.53 -1.59381 -2000 0.00227609
0.83 1.64631 2000 -711.207 -1.64631 -2000 0.00243808
0.835 1.69938 2000 -734.134 -1.69938 -2000 0.00258786
0.84 1.75275 2000 -757.189 -1.75275 -2000 0.00271898
0.845 1.8066 2000 -780.456 -1.8066 -2000 0.002835
0.85 1.86153 2000 -804.183 -1.86153 -2000 0.00294927
0.855 1.91824 2000 -828.683 -1.91824 -2000 0.00307873
0.86 1.97745 2000 -854.261 -1.97745 -2000 0.00323966
0.865 2.03958 2000 -881.102 -2.03958 -2000 0.00344307
0.87 2.10457 2000 -909.179 -2.10457 -2000 0.00368804
0.875 2.172 2000 -938.308 -2.172 -2000 0.00391614
0.88 2.24139 2000 -968.283 -2.24139 -2000 0.00411683
0.885 2.31231 2000 -998.924 -2.31231 -2000 0.00432734
0.89 2.38451 2000 -1030.11 -2.38451 -2000 0.00453751
0.895 2.45799 2000 -1061.86 -2.45799 -2000 0.00474533
0.9 2.53315 2000 -1094.33 -2.53315 -2000 0.00495963
0.905 2.61055 2000 -1127.76 -2.61055 -2000 0.00519562
0.91 2.69073 2000 -1162.4 -2.69073 -2000 0.00546825
0.915 2.77412 2000 -1198.43 -2.77412 -2000 0.00578907
0.92 2.8611 2000 -1236 -2.8611 -2000 0.00616639
0.925 2.95201 2000 -1275.27 -2.95201 -2000 0.00660701
0.93 3.04725 2000 -1316.42 -3.04725 -2000 0.00711926
0.935 3.14738 2000 -1359.67 -3.14738 -2000 0.00771656
0.94 3.25315 2000 -1405.37 -3.25315 -2000 0.0084203
0.945 3.36551 2000 -1453.91 -3.36551 -2000 0.00926094
0.95 3.48539 2000 -1505.7 -3.48539 -2000 0.0102737
0.955 3.61331 2000 -1560.96 -3.61331 -2000 0.0114836
0.96 3.74904 2000 -1619.6 -3.74904 -2000 0.0128836
0.965 3.89165 2000 -1681.21 -3.89165 -2000 0.014426
0.97 4.03992 2000 -1745.26 -4.03992 -2000 0.0160403
0.975 4.19271 2000 -1811.27 -4.19271 -2000 0.0176571
0.98 4.34905 2000 -1878.81 -4.34905 -2000 0.0192227
0.985 4.50841 2000 -1947.66 -4.50841 -2000 0.0207078
0.99 4.67093 2000 -2017.86 -4.67093 -2000 0.0221241
0.995 4.83732 2000 -2089.75 -4.83732 -2000 0.0235247
1 5.00853 2000 -2163.71 -5.00853 -2000 0.0249791
1.005 5.18534 2000 -2240.09 -5.18534 -2000 0.0265485
1.01 5.36816 2000 -2319.07 -5.36816 -2000 0.0282664
1.015 5.5569 2000 -2400.61 -5.5569 -2000 0.0301284
1.02 5.75118 2000 -2484.54 -5.75118 -2000 0.032102
1.025 5.95057 2000 -2570.68 -5.95057 -2000 0.0341482
1.03 6.15471 2000 -2658.87 -6.15471 -2000 0.0362349
1.035 6.36331 1999.99 -2748.99 -6.36331 -1999.99 0.0383407
1.04 6.5761 1999.99 -2840.92 -6.5761 -1999.99 0.0404491
1.045 6.79275 1999.99 -2934.51 -6.79275 -1999.99 0.042542
1.05 7.01285 1999.99 -3029.6 -7.01285 -1999.99 0.0445969
1.055 7.23602 1999.99 -3126.01 -7.23602 -1999.99 0.0465917
1.06 7.46207 1999.99 -3223.66 -7.46207 -1999.99 0.0485177
1.065 7.69122 1999.99 -3322.66 -7.69122 -1999.99 0.0503991
1.07 7.92412 1999.99 -3423.27 -7.92412 -1999.99 0.052298
1.075 8.16172 1999.99 -3525.92 -8.16172 -1999.99 0.0543034
1.08 8.40494 1999.99 -3630.99 -8.40494 -1999.99 0.0565042
1.085 8.65408 1999.99 -3738.62 -8.65408 -1999.99 0.0589395
1.09 8.90846 1999.99 -3848.52 -8.90846 -1999.99 0.0615528
1.095 9.16661 1999.99 -3960.04 -9.16661 -1999.99 0.0641968
1.1 9.42666 1999.99 -4072.38 -9.42666 -1999.99 0.066682
1.105 9.6867 1999.99 -4184.72 -9.6867 -1999.99 0.0688303
1.11 9.94505 1999.99 -4296.33 -9.94505 -1999.99 0.0705067
1.115 10.2003 1999.99 -4406.62 -10.2003 -1999.99 0.0716311
1.12 10.4516 1999.99 -4515.17 -10.4516 -1999.99 0.072185
1.125 10.6985 1999.99 -4621.82 -10.6985 -1999.99 0.0722114
1.13 10.941 1999.99 -4726.59 -10.941 -1999.99 0.0718027
1.135 11.1796 1999.99 -4829.68 -11.1796 -1999.99 0.0710882
1.14 11.415 1999.99 -4931.35 -11.415 -1999.99 0.070187
1.145 11.6479 1999.99 -5031.97 -11.6479 -1999.99 0.0692027
1.15 11.8793 1999.99 -5131.92 -11.8793 -1999.99 0.0682437
1.155 12.11 1999.99 -5231.59 -12.11 -1999.99 0.0673976
1.16 12.3408 1999.99 -5331.3 -12.3408 -1999.99 0.0667243
1.165 12.5723 1999.99 -5431.29 -12.5723 -1999.99 0.0662568
1.17 12.8049 1999.99 -5531.78 -12.8049 -1999.99 0.0660119
1.175 13.0392 1999.99 -5633 -13.0392 -1999.99 0.0660044
1.18 13.2758 1999.99 -5735.19 -13.2758 -1999.99 0.0662508
1.185 13.5151 1999.99 -5838.59 -13.5151 -1999.99 0.0667671
1.19 13.7578 1999.99 -5943.45 -13.7578 -1999.99 0.0675704
1.195 14.0046 1999.99 -6050.04 -14.0046 -1999.99 0.0686793
1.2 14.256 1999.99 -6158.65 -14.256 -1999.99 0.0701166
1.205 14.5125 1999.99 -6269.47 -14.5125 -1999.99 0.0719006
1.21 14.7742 1999.99 -6382.52 -14.7742 -1999.99 0.0740132
1.215 15.0404 1999.99 -6497.51 -15.0404 -1999.99 0.076368
1.22 15.3099 1999.99 -6613.94 -15.3099 -1999.99 0.0788143
1.225 15.5813 1999.99 -6731.19 -15.5813 -1999.99 0.0811819
1.23 15.8531 1999.99 -6848.64 -15.8531 -1999.99 0.083311
1.235 16.1241 1999.99 -6965.68 -16.1241 -1999.99 0.085072
1.24 16.393 1999.99 -7081.85 -16.393 -1999.99 0.0863863
1.245 16.6595 1999.99 -7196.97 -16.6595 -1999.99 0.0872582
1.25 16.9239 1999.99 -7311.23 -16.9239 -1999.99 0.0877936
1.255 17.1873 1999.99 -7424.99 -17.1873 -1999.99 0.08816
1.26 17.45 1999.99 -7538.48 -17.45 -1999.99 0.088494
1.265 17.7117 1999.99 -7651.54 -17.7117 -1999.99 0.0888198
1.27 17.9713 1999.99 -7763.68 -17.9713 -1999.99 0.0890501
1.275 18.2274 1999.99 -7874.32 -18.2274 -1999.99 0.0890606
1.28 18.4791 1999.99 -7983.07 -18.4791 -1999.99 0.0887808
1.285 18.7267 1999.99 -8090.03 -18.7267 -1999.99 0.0882679
1.29 18.9713 1999.99 -8195.68 -18.9713 -1999.99 0.0877071
1.295 19.2145 1999.99 -8300.73 -19.2145 -1999.99 0.0873389
1.3 19.4577 1999.99 -8405.83 -19.4577 -1999.99 0.0873841
1.305 19.702 1999.99 -8511.35 -19.702 -1999.99 0.0879927
1.31 19.9471 1999.99 -8617.25 -19.9471 -1999.99 0.0891852
1.315 20.1921 1999.99 -8723.08 -20.1921 -1999.99 0.0908404
1.32 20.4355 1999.99 -8828.21 -20.4355 -1999.99 0.0927604
1.325 20.6759 1999.99 -8932.08 -20.6759 -1999.99 0.0947492
1.33 20.9125 1999.99 -9034.29 -20.9125 -1999.99 0.0966575
1.335 21.1449 1999.99 -9134.7 -21.1449 -1999.99 0.0984212
1.34 21.3738 1999.99 -9233.58 -21.3738 -1999.99 0.100102
1.345 21.6003 1999.99 -9331.44 -21.6003 -1999.99 0.101867
1.35 21.8258 1999.99 -9428.86 -21.8258 -1999.99 0.103917
1.355 22.0515 1999.99 -9526.37 -22.0515 -1999.99 0.106422
1.36 22.2783 1999.99 -9624.32 -22.2783 -1999.99 0.10948
1.365 22.5062 1999.99 -9722.81 -22.5062 -1999.99 0.113066
1.37 22.7349 1999.99 -9821.6 -22.7349 -1999.99 0.117004
1.375 22.9638 1999.99 -9920.48 -22.9638 -1999.99 0.121064
1.38 23.193 1999.99 -10019.5 -23.193 -1999.99 0.125136
1.385 23.4233 1999.99 -10119 -23.4233 -1999.99 0.129279
1.39 23.6553 1999.99 -10219.2 -23.6553 -1999.99 0.133582
1.395 23.8845 2000.01 -10318.8 -23.8845 -2000.01 0.710707
1.4 24.1152 2000.01 -10418.8 -24.1152 -2000.01 0.98391
1.405 24.3477 2000.01 -10519 -24.3477 -2000.01 0.830704
1.41 24.5796 2000.01 -10619.1 -24.5796 -2000.01 0.707733
1.415 24.8108 2000 -10718.9 -24.8108 -2000 0.608913
1.42 25.0375 2000.02 -10817.3 -25.0375 -2000.02 1.10431
1.425 25.2653 2000.02 -10915.9 -25.2653 -2000.02 1.31507
1.43 25.4966 2000.02 -11015.6 -25.4966 -2000.02 1.10191
1.435 25.7312 2000.01 -11116.8 -25.7312 -2000.01 0.931588
1.44 25.9708 2000.01 -11220.2 -25.9708 -2000.01 0.796355
1.445 26.2169 2000 -11326.4 -26.2169 -2000 0.688676
1.45 26.4709 2000 -11436 -26.4709 -2000 0.604151
1.455 26.733 2000 -11549.2 -26.733 -2000 0.539035
1.46 26.9989 2000.01 -11664.5 -26.9989 -2000.01 1.0257
1.465 27.263 2000.04 -11779.6 -27.263 -2000.04 1.999
1.47 27.5367 2000.03 -11897.5 -27.5367 -2000.03 1.68476
1.475 27.8142 2000.02 -12017.2 -27.8142 -2000.02 1.43204
1.48 28.0946 2000.01 -12138.1 -28.0946 -2000.01 1.23148
1.485 28.3773 2000.01 -12260.1 -28.3773 -2000.01 1.07026
1.49 28.6614 2000 -12382.7 -28.6614 -2000 0.972719
1.495 28.9329 2000.05 -12500.7 -28.9329 -2000.05 1.65586
1.5 29.2095 2000.04 -12619.9 -29.2095 -2000.04 1.41761
1.505 29.4878 2000.03 -12740 -29.4878 -2000.03 1.22375
1.51 29.7642 2000.04 -12859.7 -29.7642 -2000.04 1.57745
1.515 30.0343 2000.07 -12977.2 -30.0343 -2000.07 2.42747
1.52 30.2963 2000.15 -13091.3 -30.2963 -2000.15 3.3177
1.525 30.563 2000.17 -13206.7 -30.563 -2000.17 3.46034
1.53 30.8362 2000.14 -13324.1 -30.8362 -2000.14 2.87118
1.535 31.114 2000.11 -13443.6 -31.114 -2000.11 2.39768
1.54 31.3972 2000.08 -13565.6 -31.3972 -2000.08 2.01753
1.545 31.6865 2000.06 -13690.3 -31.6865 -2000.06 1.70845
1.55 31.9817 2000.05 -13817.5 -31.9817 -2000.05 1.45751
1.555 32.2819 2000.03 -13947 -32.2819 -2000.03 1.25391
1.56 32.5824 2000.05 -14077 -32.5824 -2000.05 1.40222
1.565 32.8486 2000.22 -14194.5 -32.8486 -2000.22 3.87293
1.57 33.1206 2000.21 -14312.2 -33.1206 -2000.21 4.07051
1.575 33.3963 2000.17 -14430.6 -33.3963 -2000.17 3.36646
1.58 33.6722 2000.13 -14549.2 -33.6722 -2000.13 2.80126
1.585 33.949 2000.1 -14668.3 -33.949 -2000.1 2.3473
1.59 34.2271 2000.08 -14788.1 -34.2271 -2000.08 1.97879
1.595 34.5071 2000.06 -14908.8 -34.5071 -2000.06 1.6802
1.6 34.7895 2000.04 -15030.5 -34.7895 -2000.04 1.4388
1.605 35.0746 2000.03 -15153.5 -35.0746 -2000.03 1.24411
1.61 35.3626 2000.02 -15277.7 -35.3626 -2000.02 1.08749
1.615 35.6537 2000.01 -15403.3 -35.6537 -2000.01 0.961809
1.62 35.9424 2000.05 -15528.4 -35.9424 -2000.05 1.30028
1.625 36.2102 2000.18 -15645.3 -36.2102 -2000.18 2.52628
1.63 36.4769 2000.2 -15761.4 -36.4769 -2000.2 3.34
1.635 36.7478 2000.18 -15878.4 -36.7478 -2000.18 3.40255
1.64 37.0224 2000.14 -15996.5 -37.0224 -2000.14 2.84621
1.645 37.2988 2000.11 -16115.5 -37.2988 -2000.11 2.39352
1.65 37.5772 2000.08 -16235.4 -37.5772 -2000.08 2.02527
1.655 37.8579 2000.06 -16356.3 -37.8579 -2000.06 1.72594
1.66 38.1412 2000.04 -16478.5 -38.1412 -2000.04 1.48287
1.665 38.427 2000.03 -16601.7 -38.427 -2000.03 1.2857
1.67 38.715 2000.02 -16726 -38.715 -2000.02 1.1259
1.675 39.005 2000.01 -16851.2 -39.005 -2000.01 0.996452
1.68 39.2964 2000 -16976.9 -39.2964 -2000 0.891568
1.685 39.5834 2000.05 -17101.2 -39.5834 -2000.05 1.20536
1.69 39.8524 2000.17 -17218.3 -39.8524 -2000.17 2.08568
1.695 40.1234 2000.14 -17335.1 -40.1234 -2000.14 1.77234
1.7 40.3892 2000.12 -17450 -40.3892 -2000.12 1.89836
1.705 40.6501 2000.11 -17562.8 -40.6501 -2000.11 1.99221
1.71 40.9039 2000.11 -17672.6 -40.9039 -2000.11 2.09616
1.715 41.154 2000.09 -17780.4 -41.154 -2000.09 1.86283
1.72 41.3958 2000.09 -17885 -41.3958 -2000.09 2.00193
1.725 41.6344 2000.07 -17987.8 -41.6344 -2000.07 1.69588
1.73 41.8687 2000.05 -18088.7 -41.8687 -2000.05 1.4452
1.735 42.0986 2000.04 -18187.8 -42.0986 -2000.04 1.23975
1.74 42.3246 2000.02 -18285.3 -42.3246 -2000.02 1.0714
1.745 42.5469 2000.02 -18381.2 -42.5469 -2000.02 0.933572
1.75 42.7562 2000.09 -18473 -42.7562 -2000.09 2.3403
1.755 42.9644 2000.12 -18563.5 -42.9644 -2000.12 2.89852
1.76 43.1741 2000.1 -18653.6 -43.1741 -2000.1 2.42881
1.765 43.3833 2000.07 -18743.6 -43.3833 -2000.07 2.04925
1.77 43.5934 2000.06 -18834.1 -43.5934 -2000.06 1.74442
1.775 43.8036 2000.07 -18924.8 -43.8036 -2000.07 1.63371
1.78 44.0083 2000.14 -19013.4 -44.0083 -2000.14 1.79161
1.785 44.2178 2000.11 -19103.7 -44.2178 -2000.11 1.54923
1.79 44.4297 2000.1 -19195.3 -44.4297 -2000.1 1.67095
1.795 44.6385 2000.13 -19286.3 -44.6385 -2000.13 2.4624
1.8 44.8555 2000.11 -19379.7 -44.8555 -2000.11 2.1581
1.805 45.0768 2000.09 -19475.3 -45.0768 -2000.09 2.08408
1.81 45.2997 2000.1 -19571.9 -45.2997 -2000.1 2.40211
1.815 45.5295 2000.08 -19670.9 -45.5295 -2000.08 2.20093
1.82 45.7639 2000.07 -19772 -45.7639 -2000.07 2.06206
1.825 46.0006 2000.06 -19874.4 -46.0006 -2000.06 2.12987
1.83 46.2256 2000.14 -19973 -46.2256 -2000.14 3.52098
1.835 46.4551 2000.11 -20071.9 -46.4551 -2000.11 3.26745
1.84 46.6833 2000.1 -20170.2 -46.6833 -2000.1 3.04748
1.845 46.9094 2000.08 -20267.7 -46.9094 -2000.08 2.84185
1.85 47.1328 2000.07 -20364 -47.1328 -2000.07 2.64308
1.855 47.3519 2000.07 -20458.7 -47.3519 -2000.07 2.68269
1.86 47.5571 2000.18 -20547.4 -47.5571 -2000.18 2.75009
1.865 47.7617 2000.17 -20634.8 -47.7617 -2000.17 1.73294
1.87 47.9607 2000.14 -20720.7 -47.9607 -2000.14 1.72858
1.875 48.1574 2000.11 -20805.7 -48.1574 -2000.11 1.72837
1.88 48.3484 2000.13 -20888.8 -48.3484 -2000.13 2.28969
1.885 48.534 2000.15 -20969.6 -48.534 -2000.15 2.95025
1.89 48.7037 2000.25 -21044.3 -48.7037 -2000.25 4.27213
1.895 48.8725 2000.25 -21116.8 -48.8725 -2000.25 3.89242
1.9 49.0383 2000.21 -21188.2 -49.0383 -2000.21 3.62445
1.905 49.2009 2000.21 -21258.1 -49.2009 -2000.21 3.31209
1.91 49.3598 2000.22 -21326.4 -49.3598 -2000.22 2.99782
1.915 49.5166 2000.18 -21394 -49.5166 -2000.18 2.81734
1.92 49.6609 2000.22 -21457.3 -49.6609 -2000.22 3.7561
1.925 49.8069 2000.24 -21519.1 -49.8069 -2000.24 2.56491
1.93 49.9487 2000.25 -21579.5 -49.9487 -2000.25 1.62626
1.935 50.0856 2000.2 -21638.5 -50.0856 -2000.2 1.56511
1.94 50.2203 2000.16 -21696.7 -50.2203 -2000.16 1.49717
1.945 50.3529 2000.13 -21753.9 -50.3529 -2000.13 1.42917
1.95 50.479 2000.14 -21809 -50.479 -2000.14 2.0934
1.955 50.5993 2000.17 -21861.7 -50.5993 -2000.17 2.78175
1.96 50.7201 2000.13 -21913.6 -50.7201 -2000.13 2.47752
1.965 50.8392 2000.11 -21964.7 -50.8392 -2000.11 2.23074
1.97 50.9565 2000.08 -22015.2 -50.9565 -2000.08 2.0348
1.975 51.0718 2000.07 -22064.9 -51.0718 -2000.07 1.88248
1.98 51.1851 2000.05 -22113.7 -51.1851 -2000.05 1.76768
1.985 51.2958 2000.05 -22161.5 -51.2958 -2000.05 1.7598
1.99 51.4031 2000.05 -22208 -51.4031 -2000.05 1.88512
1.995 51.5085 2000.09 -22253.3 -51.5085 -2000.09 1.58955
2 51.6093 2000.14 -22296.5 -51.6093 -2000.14 1.23777
2.005 51.7069 2000.11 -22338.7 -51.7069 -2000.11 1.31042
2.01 51.8031 2000.09 -22380.3 -51.8031 -2000.09 1.38734
2.015 51.8978 2000.08 -22421.3 -51.8978 -2000.08 1.46387
2.02 51.9907 2000.07 -22461.5 -51.9907 -2000.07 1.53349
2.025 52.0816 2000.06 -22500.8 -52.0816 -2000.06 1.59007
2.03 52.1705 2000.05 -22539.3 -52.1705 -2000.05 1.62946
2.035 52.2576 2000.04 -22576.9 -52.2576 -2000.04 1.65053
2.04 52.343 2000.03 -22613.9 -52.343 -2000.03 1.65508
2.045 52.4273 2000.03 -22650.2 -52.4273 -2000.03 1.64685
2.05 52.5106 2000.02 -22686.2 -52.5106 -2000.02 1.63046
2.055 52.5935 2000.02 -22722 -52.5935 -2000.02 1.61051
2.06 52.6749 2000.03 -22757.3 -52.6749 -2000.03 1.81336
2.065 52.7559 2000.03 -22792.5 -52.7559 -2000.03 1.90453
2.07 52.8369 2000.02 -22827.4 -52.8369 -2000.02 1.83566
2.075 52.9168 2000.01 -22861.9 -52.9168 -2000.01 1.77823
2.08 52.9952 2000.01 -22895.7 -52.9952 -2000.01 1.72639
2.085 53.0714 2000.01 -22928.5 -53.0714 -2000.01 1.67764
2.09 53.1449 2000 -22960.2 -53.1449 -2000 1.62861
2.095 53.2155 2000 -22990.7 -53.2155 -2000 1.57754
2.1 53.2832 2000 -23019.9 -53.2832 -2000 1.52453
2.105 53.3481 1999.99 -23047.9 -53.3481 -1999.99 1.47094
2.11 53.4106 1999.99 -23074.8 -53.4106 -1999.99 1.41833
2.115 53.4707 1999.99 -23100.7 -53.4707 -1999.99 1.36792
2.12 53.5288 1999.99 -23125.8 -53.5288 -1999.99 1.32062
2.125 53.5839 2000.01 -23149.7 -53.5839 -2000.01 1.48596
2.13 53.6356 2000.03 -23172.4 -53.6356 -2000.03 1.75695
2.135 53.6866 2000.06 -23194 -53.6866 -2000.06 1.41232
2.14 53.7261 2000.07 -23212.4 -53.7261 -2000.07 2.73802
2.145 53.766 2000.05 -23230.3 -53.766 -2000.05 3.34433
2.15 53.8081 2000.03 -23248 -53.8081 -2000.03 2.89822
2.155 53.8496 2000.03 -23265.6 -53.8496 -2000.03 2.53912
2.16 53.8919 2000.03 -23283 -53.8919 -2000.03 1.76696
2.165 53.9332 2000.03 -23300.4 -53.9332 -2000.03 1.20016
2.17 53.9731 2000.02 -23317.6 -53.9731 -2000.02 1.17627
2.175 54.0131 2000.01 -23334.8 -54.0131 -2000.01 1.16807
2.18 54.0533 2000.01 -23352.2 -54.0533 -2000.01 1.17563
2.185 54.0844 1999.99 -23367.4 -54.0844 -1999.99 2.93143
2.19 54.1171 1999.97 -23382.3 -54.1171 -1999.97 3.72308
2.195 54.1532 1999.97 -23397.5 -54.1532 -1999.97 3.27335
2.2 54.1889 1999.97 -23412.5 -54.1889 -1999.97 2.92353
2.205 54.2238 1999.97 -23427.3 -54.2238 -1999.97 2.64963
2.21 54.2574 1999.98 -23441.6 -54.2574 -1999.98 2.43073
2.215 54.2894 1999.98 -23455.3 -54.2894 -1999.98 2.24914
2.22 54.3194 1999.98 -23468.1 -54.3194 -1999.98 2.09109
2.225 54.3473 1999.98 -23480 -54.3473 -1999.98 1.94685
2.23 54.3717 1999.99 -23490.7 -54.3717 -1999.99 2.07162
2.235 54.392 2000.02 -23499.6 -54.392 -2000.02 2.29483
2.24 54.4111 2000.01 -23507.7 -54.4111 -2000.01 2.05333
2.245 54.4285 2000.01 -23514.9 -54.4285 -2000.01 1.83675
2.25 54.4443 2000 -23521.6 -54.4443 -2000 1.63149
2.255 54.4587 2000.01 -23527.5 -54.4587 -2000.01 1.39404
2.26 54.4714 2000 -23532.9 -54.4714 -2000 1.24819
2.265 54.4828 2000 -23537.7 -54.4828 -2000 1.11334
2.27 54.493 2000 -23542 -54.493 -2000 0.988459
2.275 54.502 2000 -23545.7 -54.502 -2000 0.873065
2.28 54.51 2000 -23549.1 -54.51 -2000 0.767399
2.285 54.5171 2000 -23552.1 -54.5171 -2000 0.671946
2.29 54.5236 2000 -23554.8 -54.5236 -2000 0.586925
2.295 54.5294 2000 -23557.2 -54.5294 -2000 0.512
2.3 54.5347 2000 -23559.4 -54.5347 -2000 0.446331
2.305 54.5396 2000 -23561.5 -54.5396 -2000 0.388879
2.31 54.544 2000 -23563.3 -54.544 -2000 0.338713
2.315 54.5481 2000 -23565.1 -54.5481 -2000 0.295168
2.32 54.5519 2000 -23566.7 -54.5519 -2000 0.25782
2.325 54.5556 2000 -23568.2 -54.5556 -2000 0.226319
2.33 54.5592 2000 -23569.8 -54.5592 -2000 0.200144
2.335 54.5626 2000 -23571.2 -54.5626 -2000 0.178371
2.34 54.5658 2000 -23572.6 -54.5658 -2000 0.159687
2.345 54.5688 2000 -23573.8 -54.5688 -2000 0.142667
2.35 54.5712 2000 -23574.9 -54.5712 -2000 0.12611
2.355 54.5732 2000 -23575.7 -54.5732 -2000 0.109346
2.36 54.5745 2000 -23576.3 -54.5745 -2000 0.0925369
2.365 54.5749 2000 -23576.4 -54.5749 -2000 0.0763926
2.37 54.5665 1999.97 -23574.1 -54.5665 -1999.97 1.33364
2.375 54.5505 1999.95 -23568.1 -54.5505 -1999.95 2.29545
2.38 54.5297 1999.96 -23558.7 -54.5297 -1999.96 1.8156
2.385 54.4987 1999.97 -23544.9 -54.4987 -1999.97 1.47947
2.39 54.4576 1999.97 -23526.9 -54.4576 -1999.97 1.20469
2.395 54.4068 1999.98 -23504.7 -54.4068 -1999.98 0.990632
2.4 54.3458 2000 -23478.2 -54.3458 -2000 0.844928
2.405 54.2769 2000 -23448.3 -54.2769 -2000 0.687447
2.41 54.2017 2000 -23415.7 -54.2017 -2000 0.559048
2.415 54.1212 2000 -23380.8 -54.1212 -2000 0.454061
2.42 54.0367 2000 -23344.2 -54.0367 -2000 0.367472
2.425 53.949 2000 -23306.3 -53.949 -2000 0.29942
2.43 53.859 2000 -23267.3 -53.859 -2000 0.241614
2.435 53.7675 2000.01 -23227.4 -53.7675 -2000.01 -0.199124
2.44 53.6735 2000.03 -23185.9 -53.6735 -2000.03 -1.04847
2.445 53.5731 2000.02 -23142.7 -53.5731 -2000.02 -0.858395
2.45 53.469 2000.02 -23097.9 -53.469 -2000.02 -0.70043
2.455 53.354 2000.09 -23048.4 -53.354 -2000.09 -0.496863
2.46 53.2333 2000.07 -22996.4 -53.2333 -2000.07 -0.416885
2.465 53.1079 2000.06 -22942.3 -53.1079 -2000.06 -0.354979
2.47 52.9774 2000.05 -22885.9 -52.9774 -2000.05 -0.307801
2.475 52.8416 2000.04 -22827.3 -52.8416 -2000.04 -0.272736
2.48 52.7002 2000.03 -22766.2 -52.7002 -2000.03 -0.244181
2.485 52.5532 2000.02 -22702.8 -52.5532 -2000.02 -0.226843
2.49 52.3998 2000.04 -22636.7 -52.3998 -2000.04 0.00248784
2.495 52.2411 2000.05 -22568.3 -52.2411 -2000.05 0.194906
2.5 52.0791 2000.04 -22498.3 -52.0791 -2000.04 0.117045
2.505 51.9144 2000.03 -22427.1 -51.9144 -2000.03 0.0493148
2.51 51.748 2000.02 -22355.1 -51.748 -2000.02 -0.00986506
2.515 51.5807 2000.02 -22282.8 -51.5807 -2000.02 -0.0616758
2.52 51.4131 2000.01 -22210.3 -51.4131 -2000.01 -0.107089
2.525 51.2456 2000.01 -22137.9 -51.2456 -2000.01 -0.146945
2.53 51.0786 2000 -22065.8 -51.0786 -2000 -0.180979
2.535 50.9125 2000 -21994 -50.9125 -2000 -0.209708
2.54 50.7395 2000.18 -21919.5 -50.7395 -2000.18 0.0118688
2.545 50.5666 2000.25 -21844.9 -50.5666 -2000.25 0.0850058
2.55 50.3964 2000.2 -21771.2 -50.3964 -2000.2 -0.00380007
2.555 50.2306 2000.16 -21699.6 -50.2306 -2000.16 -0.0765098
2.56 50.0698 2000.13 -21630 -50.0698 -2000.13 -0.136304
2.565 49.9142 2000.1 -21562.7 -49.9142 -2000.1 -0.182594
2.57 49.7635 2000.08 -21497.6 -49.7635 -2000.08 -0.217673
2.575 49.6175 2000.06 -21434.5 -49.6175 -2000.06 -0.243635
2.58 49.4759 2000.05 -21373.3 -49.4759 -2000.05 -0.262275
2.585 49.3386 2000.04 -21314 -49.3386 -2000.04 -0.275005
2.59 49.2057 2000.03 -21256.6 -49.2057 -2000.03 -0.286418
2.595 49.0791 2000.03 -21201.2 -49.0791 -2000.03 -0.967247
2.6 48.9567 2000.04 -21148 -48.9567 -2000.04 -1.32012
2.605 48.8384 2000.03 -21097.1 -48.8384 -2000.03 -1.12333
2.61 48.7243 2000.07 -21048 -48.7243 -2000.07 -0.929783
2.615 48.6162 2000.08 -21001.4 -48.6162 -2000.08 -0.783872
2.62 48.514 2000.06 -20957.4 -48.514 -2000.06 -0.676719
2.625 48.4171 2000.05 -20915.6 -48.4171 -2000.05 -0.556435
2.63 48.3247 2000.05 -20875.8 -48.3247 -2000.05 -0.442171
2.635 48.236 2000.04 -20837.6 -48.236 -2000.04 -0.336993
2.64 48.1497 2000.04 -20800.5 -48.1497 -2000.04 -0.1859
2.645 48.065 2000.07 -20763.9 -48.065 -2000.07 -0.148648
2.65 47.9823 2000.07 -20728.2 -47.9823 -2000.07 -0.129899
2.655 47.9019 2000.06 -20693.5 -47.9019 -2000.06 -0.128192
2.66 47.8241 2000.05 -20659.9 -47.8241 -2000.05 -0.125574
2.665 47.7492 2000.04 -20627.5 -47.7492 -2000.04 -0.122121
2.67 47.6775 2000.03 -20596.6 -47.6775 -2000.03 -0.117831
2.675 47.6096 2000.02 -20567.2 -47.6096 -2000.02 -0.112679
2.68 47.5455 2000.03 -20539.6 -47.5455 -2000.03 -0.0957393
2.685 47.4863 2000.04 -20514 -47.4863 -2000.04 -0.0821248
2.69 47.4334 2000.03 -20491.2 -47.4334 -2000.03 -0.0776743
2.695 47.3881 2000.02 -20471.6 -47.3881 -2000.02 -0.0714911
2.7 47.3507 2000.02 -20455.4 -47.3507 -2000.02 -0.0640275
2.705 47.3215 2000.02 -20442.8 -47.3215 -2000.02 -0.0558611
2.71 47.3 2000.01 -20433.5 -47.3 -2000.01 -0.0477005
2.715 47.2852 2000.01 -20427.2 -47.2852 -2000.01 -0.0400382
2.72 47.2756 2000.01 -20423 -47.2756 -2000.01 -0.0331307
2.725 47.2698 2000.01 -20420.5 -47.2698 -2000.01 -0.0271849
2.73 47.2659 2000.01 -20418.8 -47.2659 -2000.01 -0.0222187
2.735 47.2623 2000 -20417.3 -47.2623 -2000 -0.0181434
2.74 47.2576 2000 -20415.3 -47.2576 -2000 -0.0148434
2.745 47.2507 2000 -20412.3 -47.2507 -2000 -0.0122309
2.75 47.241 2000 -20408.1 -47.241 -2000 -0.0102586
2.755 47.2281 2000 -20402.5 -47.2281 -2000 -0.00889856
2.76 47.2123 2000 -20395.7 -47.2123 -2000 -0.00810643
2.765 47.1939 2000 -20387.8 -47.1939 -2000 -0.0078066
2.77 47.1732 2000 -20378.8 -47.1732 -2000 -0.0079212
2.775 47.15 2000 -20368.8 -47.15 -2000 -0.00842081
2.78 47.1238 2000 -20357.5 -47.1238 -2000 -0.00934814
2.785 47.0942 2000 -20344.7 -47.0942 -2000 -0.0106396
2.79 47.0607 2000 -20330.2 -47.0607 -2000 -0.0123986
2.795 47.0229 2000 -20313.9 -47.0229 -2000 -0.0161706
2.8 46.9809 2000 -20295.7 -46.9809 -2000 -0.0217989
2.805 46.9348 2000 -20275.8 -46.9348 -2000 -0.0250812
2.81 46.8849 2000 -20254.3 -46.8849 -2000 -0.0290984
2.815 46.8318 2000 -20231.3 -46.8318 -2000 -0.0336738
2.82 46.7756 2000 -20207 -46.7756 -2000 -0.038664
2.825 46.7163 2000 -20181.4 -46.7163 -2000 -0.0440586
2.83 46.6531 2000 -20154.1 -46.6531 -2000 -0.0500718
2.835 46.5849 2000 -20124.6 -46.5849 -2000 -0.0571979
2.84 46.5109 2000.01 -20092.2 -46.5109 -2000.01 -0.511454
2.845 46.4276 2000.01 -20056 -46.4276 -2000.01 -0.737397
2.85 46.3333 2000.01 -20015.4 -46.3333 -2000.01 -0.630631
2.855 46.2278 2000.01 -19969.8 -46.2278 -2000.01 -0.551519
2.86 46.1099 2000 -19919 -46.1099 -2000 -0.496841
2.865 45.9784 2000 -19862.2 -45.9784 -2000 -0.464329
2.87 45.832 2000 -19799 -45.832 -2000 -0.452641
2.875 45.6693 1999.99 -19728.7 -45.6693 -1999.99 -0.461252
2.88 45.489 1999.99 -19650.7 -45.489 -1999.99 -0.490255
2.885 45.2885 2000 -19564.3 -45.2885 -2000 -0.354828
2.89 45.0679 2000.01 -19469 -45.0679 -2000.01 -0.327434
2.895 44.8263 2000 -19364.5 -44.8263 -2000 -0.469288
2.9 44.563 1999.98 -19250.5 -44.563 -1999.98 -0.693273
2.905 44.2771 1999.96 -19126.8 -44.2771 -1999.96 -0.925198
2.91 43.9674 1999.95 -18992.8 -43.9674 -1999.95 -1.09925
2.915 43.6335 1999.94 -18848.4 -43.6335 -1999.94 -1.29815
2.92 43.2757 1999.94 -18693.6 -43.2757 -1999.94 -1.52078
2.925 42.8943 1999.93 -18528.6 -42.8943 -1999.93 -1.76455
2.93 42.49 1999.92 -18353.6 -42.49 -1999.92 -2.02594
2.935 42.0584 1999.95 -18167.6 -42.0584 -1999.95 -1.5957
2.94 41.6024 2000 -17970.4 -41.6024 -2000 -1.79192
2.945 41.1145 2000.07 -17759.1 -41.1145 -2000.07 -2.3368
2.95 40.5788 2000.26 -17530.9 -40.5788 -2000.26 0.841856
2.955 40.0206 2000.32 -17291 -40.0206 -2000.32 2.08817
2.96 39.4376 2000.3 -17039 -39.4376 -2000.3 1.9846
2.965 38.7979 2000.43 -16765.1 -38.7979 -2000.43 4.36694
2.97 38.1424 2000.3 -16480.1 -38.1424 -2000.3 2.55706
2.975 37.3667 2001.06 -16157.7 -37.3667 -2001.06 15.2463
2.98 36.5629 2001.36 -15815.8 -36.5629 -2001.36 20.6386
2.985 35.6258 2002.05 -15415.7 -35.6258 -2002.05 25.3367
2.99 34.6293 2002.24 -14986.6 -34.6293 -2002.24 26.7657
2.995 33.5189 2002.39 -14512.2 -33.5189 -2002.39 32.0776
3 32.2909 2002.65 -13989.5 -32.2909 -2002.65 39.8133
3.005 30.9051 2003.5 -13399.3 -30.9051 -2003.5 48.304
3.01 29.386 2003.83 -12747.1 -29.386 -2003.83 52.3465
3.015 27.7308 2003.87 -12037.1 -27.7308 -2003.87 57.3987
3.02 25.828 2004.44 -11223.6 -25.828 -2004.44 65.8887
3.025 23.8675 2003.94 -10367.9 -23.8675 -2003.94 57.1735
3.03 21.6418 2004.44 -9415.82 -21.6418 -2004.44 66.5428
3.035 19.3209 2004.25 -8412.21 -19.3209 -2004.25 65.5972
3.04 16.828 2004.05 -7339.53 -16.828 -2004.05 69.8186
3.045 14.1946 2003.93 -6206.92 -14.1946 -2003.93 74.8577
3.05 11.4143 2003.57 -5004.74 -11.4143 -2003.57 73.7565
3.055 8.41104 2003.31 -3709.17 -8.41104 -2003.31 75.6003
3.06 5.25115 2002.94 -2343.55 -5.25115 -2002.94 75.0477
3.065 2.01194 2002.29 -936.316 -2.01194 -2002.29 67.1572
3.07 -1.28475 2001.21 499.446 1.28475 -2001.21 55.5645
3.075 -4.61532 2000.04 1944.02 4.61532 -2000.04 49.7993
3.08 -7.83723 1998.73 3355.63 7.83723 -1998.73 30.0494
3.085 -11.0767 1998.27 4775.12 11.0767 -1998.27 10.0117
3.09 -14.2505 1998.74 6174.13 14.2505 -1998.74 -17.9215
3.095 -17.4815 1998.94 7585.29 17.4815 -1998.94 -33.2964
3.1 -20.6976 1999.37 8988.14 20.6976 -1999.37 -46.766
3.105 -23.8742 1999.95 10373.6 23.8742 -1999.95 -59.9659
3.11 -26.8302 2001.5 11674.6 26.8302 -2001.5 -83.9458
3.115 -29.575 2003.61 12886.8 29.575 -2003.61 -110.344
3.12 -32.2658 2004.46 14055.7 32.2658 -2004.46 -116.928
3.125 -34.7598 2004.79 15135.9 34.7598 -2004.79 -119.708
3.13 -37.21 2004.64 16187.3 37.21 -2004.64 -112.517
3.135 -39.5331 2004.84 17191.8 39.5331 -2004.84 -113.479
3.14 -41.7177 2005.04 18143 41.7177 -2005.04 -120.958
3.145 -43.7594 2005.7 19024 43.7594 -2005.7 -119.936
3.15 -45.6264 2006.29 19838.7 45.6264 -2006.29 -128.146
3.155 -47.3196 2007.26 20585.7 47.3196 -2007.26 -143.614
3.16 -48.7207 2009.7 21222.2 48.7207 -2009.7 -174.89
3.165 -49.9652 2011.17 21780 49.9652 -2011.17 -195.025
3.17 -51.1039 2011.75 22263.2 51.1039 -2011.75 -186.347
3.175 -52.1255 2010.31 22697.8 52.1255 -2010.31 -179.554
3.18 -53.0145 2008.88 23080.6 53.0145 -2008.88 -178.364
3.185 -53.5634 2007.96 23358.3 53.5634 -2007.96 -218.934
3.19 -53.8318 2006.2 23525.2 53.8318 -2006.2 -269.878
3.195 -53.8257 2003.83 23572.4 53.8257 -2003.83 -319.685
3.2 -53.6094 2001.34 23507.9 53.6094 -2001.34 -348.586
3.205 -53.141 1999.92 23309.6 53.141 -1999.92 -352.704
3.21 -52.6016 1998.83 23050 52.6016 -1998.83 -326.114
3.215 -51.8937 1997.33 22714.1 51.8937 -1997.33 -296.03
3.22 -51.1735 1997.09 22354.5 51.1735 -1997.09 -247.516
3.225 -50.3671 1997.42 21968.9 50.3671 -1997.42 -210.342
3.23 -49.3854 1995.85 21530.5 49.3854 -1995.85 -196.039
3.235 -48.3754 1994.78 21066.1 48.3754 -1994.78 -167.92
3.24 -48.1264 1999.65 20800.9 48.1264 -1999.65 -10.2481
3.245 -48.1886 2003.65 20705 48.1886 -2003.65 112.448
3.25 -48.1214 2003.9 20662.6 48.1214 -2003.9 125.888
3.255 -48.0859 2004.03 20651 48.0859 -2004.03 122.103
3.26 -48.0329 2003.44 20639.9 48.0329 -2003.44 110.292
3.265 -47.9456 2002.43 20624.5 47.9456 -2002.43 88.015
3.27 -47.8581 2001.43 20605.7 47.8581 -2001.43 68.9953
3.275 -47.7528 2000.06 20578.4 47.7528 -2000.06 50.8502
3.28 -47.7107 2000.03 20565.5 47.7107 -2000.03 45.5873
3.285 -47.719 2000.54 20569.6 47.719 -2000.54 44.9741
3.29 -47.6955 2000.19 20568.8 47.6955 -2000.19 35.7095
3.295 -47.6738 1999.88 20567 47.6738 -1999.88 28.0814
3.3 -47.6525 1999.59 20564.1 47.6525 -1999.59 21.7481
3.305 -47.6304 1999.31 20559.9 47.6304 -1999.31 16.4442
3.31 -47.6062 1999.03 20553.9 47.6062 -1999.03 11.9448
3.315 -47.5698 1998.42 20543.3 47.5698 -1998.42 6.89896
3.32 -47.5308 1998.01 20530.1 47.5308 -1998.01 3.14643
3.325 -47.5501 1999.13 20532.7 47.5501 -1999.13 8.89906
3.33 -47.5652 1999.77 20536.6 47.5652 -1999.77 11.5549
3.335 -47.5596 1999.64 20536.8 47.5596 -1999.64 8.96453
3.34 -47.554 1999.52 20536.5 47.554 -1999.52 6.82708
3.345 -47.5482 1999.41 20535.8 47.5482 -1999.41 5.04102
3.35 -47.5338 1998.79 20531.9 47.5338 -1998.79 2.73073
3.355 -47.5194 1998.33 20527.5 47.5194 -1998.33 0.868004
3.36 -47.5062 1998.17 20523.1 47.5062 -1998.17 -0.395052
3.365 -47.4885 1997.91 20516.7 47.4885 -1997.91 -1.69651
3.37 -47.4644 1997.52 20507.8 47.4644 -1997.52 -3.14367
3.375 -47.4303 1996.91 20494.9 47.4303 -1996.91 -4.96046
3.38 -47.3682 1995.36 20471.9 47.3682 -1995.36 -8.82493
3.385 -47.261 1993.03 20430.7 47.261 -1993.03 -13.9868
3.39 -47.0684 1989.85 20356 47.0684 -1989.85 -22.4506
3.395 -46.9171 1996.94 20287.4 46.9171 -1996.94 -19.2039
3.4 -46.9442 2011.54 20281.9 46.9442 -2011.54 -1.98408
3.405 -46.846 2008.12 20241.2 46.846 -2008.12 -3.67103
3.41 -46.8416 2007.25 20231.8 46.8416 -2007.25 3.70985
3.415 -46.7547 2003.98 20201.4 46.7547 -2003.98 -3.37975
3.42 -46.7524 2004.33 20195.7 46.7524 -2004.33 1.33855
3.425 -46.7994 2005.16 20209.9 46.7994 -2005.16 7.4653
3.43 -46.8159 2004.15 20218.4 46.8159 -2004.15 6.0262
3.435 -46.8341 2003.33 20227.5 46.8341 -2003.33 4.86188
3.44 -46.8534 2002.66 20236.8 46.8534 -2002.66 3.90392
3.445 -46.8736 2002.1 20246.3 46.8736 -2002.1 3.11355
3.45 -46.8943 2001.63 20255.9 46.8943 -2001.63 2.45868
3.455 -46.9153 2001.23 20265.5 46.9153 -2001.23 1.91279
3.46 -46.9363 2000.89 20275 46.9363 -2000.89 1.45362
3.465 -46.9572 2000.6 20284.4 46.9572 -2000.6 1.06215
3.47 -46.9776 2000.34 20293.6 46.9776 -2000.34 0.721505
3.475 -46.9974 2000.09 20302.5 46.9974 -2000.09 0.415592
3.48 -47.0162 1999.85 20310.8 47.0162 -1999.85 0.127155
3.485 -47.0559 2000.76 20325.8 47.0559 -2000.76 2.31274
3.49 -47.0984 2001.47 20342.6 47.0984 -2001.47 3.93103
3.495 -47.1275 2001.16 20355.9 47.1275 -2001.16 3.1662
3.5 -47.1572 2000.91 20369.3 47.1572 -2000.91 2.54995
3.505 -47.187 2000.71 20382.7 47.187 -2000.71 2.04356
3.51 -47.2169 2000.53 20396.1 47.2169 -2000.53 1.62637
3.515 -47.2468 2000.38 20409.3 47.2468 -2000.38 1.28115
3.52 -47.2766 2000.26 20422.5 47.2766 -2000.26 0.993599
3.525 -47.3062 2000.14 20435.5 47.3062 -2000.14 0.751635
3.53 -47.3354 2000.04 20448.4 47.3354 -2000.04 0.544742
3.535 -47.3701 2000.28 20462.9 47.3701 -2000.28 0.975436
3.54 -47.4044 2000.43 20477.5 47.4044 -2000.43 1.22702
3.545 -47.4352 2000.31 20491 47.4352 -2000.31 0.967842
3.55 -47.4659 2000.22 20504.5 47.4659 -2000.22 0.756954
3.555 -47.4963 2000.13 20517.8 47.4963 -2000.13 0.580201
3.56 -47.5265 2000.06 20531 47.5265 -2000.06 0.430139
3.565 -47.5563 1999.99 20544 47.5563 -1999.99 0.299933
3.57 -47.5857 1999.92 20556.8 47.5857 -1999.92 0.182831
3.575 -47.6144 1999.84 20569.3 47.6144 -1999.84 0.0709833
3.58 -47.6423 1999.75 20581.5 47.6423 -1999.75 -0.0473975
3.585 -47.6688 1999.61 20593.1 47.6688 -1999.61 -0.197372
3.59 -47.692 1999.31 20603.4 47.692 -1999.31 -0.471954
3.595 -47.6722 1999.22 20600.9 47.6722 -1999.22 -6.50765
3.6 -0.486048 -153.227 150.311 0.486048 153.227 59.662
