0.1 9.49555e-32 200 2.84217e-14
0.2 -8.76512e-32 400 2.66454e-14
0.3 -5.84341e-31 600 1.63425e-13
0.4 1.51929e-30 800 2.94875e-13
0.5 -2.92171e-31 1000 2.13163e-14
0.6 4.61995e-31 1200 3.55271e-15
0.7 0 1400 -1.38556e-13
0.8 -5.84341e-31 1600 -3.69482e-13
0.9 2.99475e-31 1800 -1.77636e-14
1 2.10363e-30 2000 -5.7554e-13
0.005 0.00151141 2000 -0.655212
0.01 0.00754765 1999.99 -3.26467
0.015 0.0196049 2000 -8.47259
0.02 0.0376693 2000 -16.2758
0.025 0.0617245 2000 -26.6673
0.03 0.0917532 2000 -39.6394
0.035 0.127737 2000 -55.1843
0.04 0.169656 2000 -73.2935
0.045 0.21749 2000 -93.958
0.05 0.271218 2000 -117.168
0.055 0.330815 2000 -142.915
0.06 0.396257 2000 -171.186
0.065 0.46752 2000 -201.972
0.07 0.544575 2000 -235.261
0.075 0.627395 2000 -271.04
0.08 0.715947 2000 -309.295
0.085 0.810197 2000 -350.012
0.09 0.910113 2000 -393.177
0.095 1.01567 2000 -438.777
0.1 1.12683 2000 -486.8
0.105 1.24357 2000 -537.234
0.11 1.36588 2000 -590.071
0.115 1.49372 2000 -645.301
0.12 1.62708 2000 -702.914
0.125 1.76593 2000 -762.898
0.13 1.91024 2000 -825.242
0.135 2.05997 2000 -889.929
0.14 2.21509 2000 -956.942
0.145 2.37555 2000 -1026.26
0.15 2.54131 2000 -1097.87
0.155 2.71229 2000 -1171.74
0.16 2.88843 2000 -1247.83
0.165 3.0697 2000 -1326.15
0.17 3.25605 2000 -1406.65
0.175 3.44743 2000 -1489.33
0.18 3.6438 1999.99 -1574.16
0.185 3.84515 1999.99 -1661.15
0.19 4.05147 1999.99 -1750.28
0.195 4.26274 1999.99 -1841.55
0.2 4.47891 1999.99 -1934.94
0.205 4.69994 1999.99 -2030.43
0.21 4.9258 1999.99 -2128
0.215 5.15642 1999.99 -2227.63
0.22 5.3917 1999.99 -2329.28
0.225 5.63157 1999.99 -2432.9
0.23 5.87592 1999.99 -2538.47
0.235 6.12467 1999.99 -2645.93
0.24 6.37772 1999.99 -2755.25
0.245 6.63495 1999.99 -2866.38
0.25 6.89631 1999.99 -2979.29
0.255 7.16173 1999.99 -3093.95
0.26 7.43118 1999.99 -3210.36
0.265 7.70471 1999.99 -3328.53
0.27 7.98235 1999.99 -3448.47
0.275 8.26414 1999.99 -3570.21
0.28 8.55007 1999.99 -3693.74
0.285 8.84009 1999.99 -3819.03
0.29 9.13416 1999.99 -3946.07
0.295 9.43221 1999.99 -4074.83
0.3 9.73419 1999.99 -4205.29
0.305 10.04 1999.99 -4337.43
0.31 10.3497 1999.99 -4471.2
0.315 10.663 1999.99 -4606.57
0.32 10.9799 1999.98 -4743.48
0.325 11.3003 1999.98 -4881.87
0.33 11.624 1999.98 -5021.73
0.335 11.9511 1999.98 -5163.05
0.34 12.2816 1999.98 -5305.81
0.345 12.6153 1999.98 -5449.99
0.35 12.9523 1999.98 -5595.56
0.355 13.2923 1999.98 -5742.46
0.36 13.6353 1999.98 -5890.64
0.365 13.9812 1999.98 -6040.06
0.37 14.3299 1999.98 -6190.7
0.375 14.6813 1999.98 -6342.51
0.38 15.0354 1999.98 -6495.49
0.385 15.3921 1999.98 -6649.58
0.39 15.7513 1999.98 -6804.77
0.395 16.113 1999.98 -6961.03
0.4 16.4771 1999.98 -7118.33
0.405 16.8435 1999.98 -7276.64
0.41 17.2122 1999.98 -7435.93
0.415 17.5832 1999.98 -7596.17
0.42 17.9562 1999.98 -7757.33
0.425 18.3313 1999.98 -7919.39
0.43 18.7085 1999.98 -8082.31
0.435 19.0875 1999.98 -8246.07
0.44 19.4684 1999.98 -8410.63
0.445 19.8512 1999.98 -8575.98
0.45 20.2356 1999.98 -8742.07
0.455 20.6218 1999.98 -8908.89
0.46 21.0095 1999.98 -9076.39
0.465 21.3988 1999.98 -9244.57
0.47 21.7895 1999.97 -9413.37
0.475 22.1817 1999.97 -9582.79
0.48 22.5753 1999.97 -9752.81
0.485 22.9694 1999.98 -9923.2
0.49 23.36 1999.99 -10092.5
0.495 23.7545 1999.99 -10262.8
0.5 24.149 1999.99 -10433.3
0.505 24.5406 2000.01 -10602.9
0.51 24.9361 2000 -10773.5
0.515 25.3329 1999.99 -10944.8
0.52 25.7187 2000.05 -11113
0.525 26.0997 2000.1 -11278.9
0.53 26.4889 2000.07 -11446.4
0.535 26.8787 2000.05 -11614.2
0.54 27.2692 2000.04 -11782.5
0.545 27.6604 2000.02 -11951.1
0.55 28.034 2000.13 -12113.9
0.555 28.3974 2000.23 -12273
0.56 28.7597 2000.25 -12430.1
0.565 29.1258 2000.2 -12587.4
0.57 29.4772 2000.22 -12739
0.575 29.8301 2000.17 -12890.6
0.58 30.1812 2000.13 -13041.6
0.585 30.5306 2000.1 -13192
0.59 30.8764 2000.09 -13341.1
0.595 31.1753 2000.3 -13472.8
0.6 31.4765 2000.28 -13603.2
0.605 31.7807 2000.22 -13733.6
0.61 32.0835 2000.17 -13863.7
0.615 32.385 2000.13 -13993.3
0.62 32.6854 2000.1 -14122.6
0.625 32.9847 2000.08 -14251.5
0.63 33.2833 2000.06 -14380.1
0.635 33.5812 2000.04 -14508.6
0.64 33.8786 2000.03 -14636.9
0.645 34.1663 2000.1 -14761.7
0.65 34.4256 2000.28 -14875.8
0.655 34.6881 2000.25 -14989.2
0.66 34.9524 2000.2 -15102.7
0.665 35.2158 2000.16 -15215.9
0.67 35.4782 2000.12 -15328.9
0.675 35.74 2000.09 -15441.6
0.68 36.0011 2000.07 -15554.1
0.685 36.2618 2000.05 -15666.5
0.69 36.5223 2000.04 -15778.8
0.695 36.7829 2000.02 -15891.3
0.7 37.0438 2000.01 -16003.8
0.705 37.305 2000.01 -16116.6
0.71 37.5637 2000.03 -16228.5
0.715 37.8014 2000.16 -16332
0.72 38.0414 2000.13 -16435.4
0.725 38.2795 2000.1 -16538.1
0.73 38.5078 2000.13 -16637.7
0.735 38.7333 2000.14 -16735.5
0.74 38.9581 2000.11 -16832.2
0.745 39.1789 2000.08 -16927.2
0.75 39.3928 2000.08 -17019.7
0.755 39.6045 2000.06 -17110.8
0.76 39.813 2000.04 -17200.6
0.765 40.0185 2000.03 -17289.2
0.77 40.2095 2000.12 -17373.4
0.775 40.4001 2000.15 -17456.3
0.78 40.5923 2000.12 -17538.7
0.785 40.7823 2000.09 -17620.3
0.79 40.9702 2000.07 -17701.1
0.795 41.1562 2000.05 -17781.1
0.8 41.3401 2000.04 -17860.4
0.805 41.5171 2000.1 -17936.9
0.81 41.6813 2000.21 -18008.8
0.815 41.8411 2000.22 -18078.5
0.82 42.0031 2000.18 -18147.9
0.825 42.1634 2000.14 -18216.9
0.83 42.3186 2000.14 -18284
0.835 42.4748 2000.11 -18351.1
0.84 42.6306 2000.09 -18418.1
0.845 42.7861 2000.07 -18485
0.85 42.9416 2000.05 -18552
0.855 43.0811 2000.18 -18614.6
0.86 43.2249 2000.22 -18677.4
0.865 43.3726 2000.17 -18740.4
0.87 43.5198 2000.14 -18803.5
0.875 43.6666 2000.11 -18866.4
0.88 43.8129 2000.08 -18929.2
0.885 43.9584 2000.06 -18991.7
0.89 44.1007 2000.07 -19053.3
0.895 44.231 2000.13 -19110.6
0.9 44.363 2000.1 -19167.2
0.905 44.4921 2000.08 -19222.6
0.91 44.6179 2000.06 -19276.6
0.915 44.7396 2000.05 -19329
0.92 44.8569 2000.04 -19379.4
0.925 44.9644 2000.08 -19426.5
0.93 45.0684 2000.09 -19471.5
0.935 45.1591 2000.17 -19511.9
0.94 45.2457 2000.19 -19549.7
0.945 45.3314 2000.16 -19586.1
0.95 45.4139 2000.12 -19621.2
0.955 45.4937 2000.1 -19655.3
0.96 45.5713 2000.08 -19688.5
0.965 45.647 2000.06 -19720.9
0.97 45.7213 2000.05 -19752.8
0.975 45.7946 2000.04 -19784.3
0.98 45.8673 2000.03 -19815.4
0.985 45.9395 2000.03 -19846.2
0.99 46.0037 2000.1 -19875
0.995 46.0685 2000.12 -19903.4
1 46.1347 2000.09 -19931.7
1.005 46.2006 2000.08 -19959.9
1.01 46.266 2000.06 -19988
1.015 46.3298 2000.07 -20015.3
1.02 46.3919 2000.07 -20041.9
1.025 46.4516 2000.07 -20067.6
1.03 46.5086 2000.07 -20092.1
1.035 46.5632 2000.06 -20115.6
1.04 46.6156 2000.05 -20138.3
1.045 46.6661 2000.04 -20160.1
1.05 46.7149 2000.03 -20181.1
1.055 46.7612 2000.03 -20201.2
1.06 46.8036 2000.04 -20219.8
1.065 46.8456 2000.03 -20237.8
1.07 46.8868 2000.03 -20255.5
1.075 46.9272 2000.02 -20273
1.08 46.967 2000.02 -20290.1
1.085 47.0061 2000.01 -20306.9
1.09 47.0443 2000.01 -20323.4
1.095 47.0814 2000.01 -20339.4
1.1 47.117 2000.01 -20354.8
1.105 47.1507 2000 -20369.3
1.11 47.182 2000 -20382.8
1.115 47.2105 2000 -20395.1
1.12 47.236 2000 -20406.1
1.125 47.2581 2000 -20415.6
1.13 47.2768 2000 -20423.7
1.135 47.2922 2000 -20430.3
1.14 47.3044 2000 -20435.6
1.145 47.3137 2000 -20439.6
1.15 47.3203 2000 -20442.4
1.155 47.3245 2000 -20444.2
1.16 47.3264 2000 -20445
1.165 47.3257 2000 -20444.8
1.17 47.3208 1999.99 -20442.8
1.175 47.3127 2000 -20439.2
1.18 47.3014 2000 -20434.3
1.185 47.2876 2000 -20428.3
1.19 47.2718 2000 -20421.5
1.195 47.2546 2000 -20414.1
1.2 47.2365 2000 -20406.2
1.205 47.218 2000 -20398.2
1.21 47.1994 2000 -20390.2
1.215 47.1809 2000 -20382.2
1.22 47.1621 2000 -20374.1
1.225 47.1427 2000 -20365.7
1.23 47.122 2000 -20356.7
1.235 47.0994 2000 -20346.9
1.24 47.074 2000 -20336
1.245 47.0452 2000 -20323.5
1.25 47.0125 2000 -20309.4
1.255 46.9757 2000 -20293.5
1.26 46.9346 2000 -20275.7
1.265 46.8893 2000 -20256.1
1.27 46.8396 2000 -20234.7
1.275 46.7857 2000 -20211.4
1.28 46.7274 2000 -20186.1
1.285 46.6644 2000 -20158.9
1.29 46.597 2000 -20129.8
1.295 46.525 1999.99 -20098.6
1.3 46.4486 1999.99 -20065.6
1.305 46.368 1999.99 -20030.8
1.31 46.2835 1999.99 -19994.2
1.315 46.1953 1999.99 -19956.1
1.32 46.1024 2000.02 -19915.9
1.325 46.0032 2000.05 -19873.5
1.33 45.8972 2000.09 -19828
1.335 45.7891 2000.07 -19781.2
1.34 45.6787 2000.05 -19733.4
1.345 45.567 2000.05 -19684.5
1.35 45.4525 2000.04 -19634.6
1.355 45.3351 2000.03 -19584
1.36 45.217 2000.02 -19533
1.365 45.0988 2000.01 -19482
1.37 44.9811 2000 -19431.2
1.375 44.8646 2000 -19380.9
1.38 44.75 2000 -19331.4
1.385 44.6379 1999.98 -19282.9
1.39 44.5205 2000.06 -19233.5
1.395 44.4077 2000.09 -19185.2
1.4 44.2995 2000.07 -19138.2
1.405 44.1939 2000.05 -19092.4
1.41 44.0904 2000.04 -19047.5
1.415 43.9883 2000.03 -19003.3
1.42 43.8866 2000.02 -18959.2
1.425 43.7842 2000.02 -18914.9
1.43 43.6802 2000.01 -18869.9
1.435 43.5741 2000 -18824
1.44 43.4653 2000 -18776.9
1.445 43.3534 1999.99 -18728.5
1.45 43.2272 2000.1 -18675.7
1.455 43.0981 2000.14 -18620.6
1.46 42.9659 2000.12 -18563.3
1.465 42.8268 2000.12 -18503.1
1.47 42.684 2000.09 -18441
1.475 42.5366 2000.07 -18377
1.48 42.3848 2000.05 -18311.1
1.485 42.2284 2000.04 -18243.4
1.49 42.0677 2000.03 -18173.7
1.495 41.8968 2000.07 -18100.7
1.5 41.7123 2000.13 -18022.1
1.505 41.5265 2000.11 -17941.3
1.51 41.3356 2000.08 -17858.4
1.515 41.1397 2000.06 -17773.4
1.52 40.9395 2000.05 -17686.7
1.525 40.736 2000.04 -17598.6
1.53 40.53 2000.03 -17509.4
1.535 40.3071 2000.14 -17415.4
1.54 40.0824 2000.2 -17319.5
1.545 39.8552 2000.25 -17221
1.55 39.6231 2000.28 -17120.4
1.555 39.3888 2000.24 -17018.9
1.56 39.1497 2000.23 -16915.8
1.565 38.9118 2000.19 -16812.4
1.57 38.6636 2000.22 -16706
1.575 38.4062 2000.25 -16595.6
1.58 38.1505 2000.2 -16484.3
1.585 37.891 2000.16 -16371.6
1.59 37.6278 2000.13 -16257.3
1.595 37.3612 2000.1 -16141.7
1.6 37.0912 2000.08 -16024.8
1.605 36.8177 2000.07 -15906.4
1.61 36.5269 2000.13 -15782.1
1.615 36.2398 2000.1 -15657.6
1.62 35.9517 2000.08 -15532.7
1.625 35.6629 2000.07 -15407.7
1.63 35.3696 2000.07 -15281.2
1.635 35.0636 2000.2 -15149.9
1.64 34.7463 2000.31 -15013.5
1.645 34.4204 2000.33 -14873.9
1.65 34.0948 2000.31 -14733.5
1.655 33.7709 2000.25 -14592.6
1.66 33.4435 2000.2 -14450.5
1.665 33.1115 2000.16 -14306.5
1.67 32.7741 2000.13 -14160.3
1.675 32.4306 2000.1 -14011.5
1.68 32.0809 2000.08 -13860.1
1.685 31.7252 2000.07 -13706.2
1.69 31.3637 2000.05 -13549.8
1.695 30.9865 2000.13 -13387.6
1.7 30.5737 2000.31 -13211.1
1.705 30.1629 2000.25 -13032.9
1.71 29.7463 2000.2 -12852.5
1.715 29.3109 2000.23 -12665.8
1.72 28.8693 2000.24 -12475.6
1.725 28.4254 2000.19 -12283
1.73 27.975 2000.15 -12087.8
1.735 27.5194 2000.12 -11890.5
1.74 27.0393 2000.25 -11684.5
1.745 26.5229 2000.45 -11463.7
1.75 26.0194 2000.36 -11245
1.755 25.5179 2000.3 -11027.8
1.76 25.0034 2000.33 -10806.9
1.765 24.4882 2000.35 -10584.4
1.77 23.9884 2000.28 -10367.4
1.775 23.5003 2000.23 -10155.7
1.78 23.0056 2000.3 -9943
1.785 22.5222 2000.31 -9734.35
1.79 22.0539 2000.25 -9531.11
1.795 21.5679 2000.33 -9324.21
1.8 21.0971 2000.34 -9121.58
1.805 20.6426 2000.27 -8923.72
1.81 20.1943 2000.22 -8728.84
1.815 19.7512 2000.18 -8536.46
1.82 19.3128 2000.14 -8346.29
1.825 18.8788 2000.11 -8158.19
1.83 18.4367 2000.14 -7968.42
1.835 17.9892 2000.18 -7776.37
1.84 17.5525 2000.14 -7586.77
1.845 17.1175 2000.11 -7398.06
1.85 16.6837 2000.09 -7210.03
1.855 16.2443 2000.09 -7020.3
1.86 15.8083 2000.07 -6831.41
1.865 15.3724 2000.06 -6642.69
1.87 14.9294 2000.07 -6451.85
1.875 14.4852 2000.07 -6260.15
1.88 14.0422 2000.06 -6068.28
1.885 13.5975 2000.05 -5875.78
1.89 13.1509 2000.03 -5682.52
1.895 12.7018 2000.02 -5488.27
1.9 12.2496 2000.02 -5292.7
1.905 11.7934 2000.01 -5095.46
1.91 11.333 2000.01 -4896.45
1.915 10.8689 2000 -4695.85
1.92 10.4028 2000 -4494.4
1.925 9.93679 2000 -4293.02
1.93 9.47302 2000 -4092.61
1.935 9.01322 2000 -3893.93
1.94 8.55916 1999.99 -3697.77
1.945 8.11222 1999.99 -3504.67
1.95 7.67325 1999.99 -3315
1.955 7.24246 1999.98 -3128.85
1.96 6.81878 1999.98 -2945.81
1.965 6.40139 1999.99 -2765.49
1.97 5.98937 1999.98 -2587.46
1.975 5.58178 1999.97 -2411.39
1.98 5.17774 1999.97 -2236.87
1.985 4.7777 1999.97 -2064.02
1.99 4.38133 1999.96 -1892.77
1.995 3.98838 1999.96 -1723.04
2 3.59898 1999.96 -1554.9
2.005 3.21359 1999.95 -1388.42
2.01 2.8324 1999.95 -1223.65
2.015 2.45428 1999.95 -1060.24
2.02 2.07755 1999.94 -897.625
2.025 1.70195 1999.93 -735.412
2.03 1.32722 1999.93 -573.464
2.035 0.953441 1999.92 -411.988
2.04 0.58073 1999.92 -250.995
2.045 0.210511 1999.94 -91.0526
2.05 -0.155879 1999.95 67.2344
2.055 -0.517134 1999.96 223.259
2.06 -0.871908 1999.95 376.352
2.065 -1.21828 1999.94 526.087
2.07 -1.55867 1999.94 673.142
2.075 -1.89439 1999.93 817.983
2.08 -2.22537 1999.93 960.832
2.085 -2.55249 1999.93 1102.1
2.09 -2.8735 1999.91 1240.59
2.095 -3.19017 1999.92 1377.23
2.1 -3.50087 1999.91 1511.24
2.105 -3.80198 1999.9 1641.58
2.11 -4.09407 1999.89 1768.07
2.115 -4.37703 1999.91 1890.47
2.12 -4.64369 1999.89 2006.28
2.125 -4.89734 1999.89 2116.17
2.13 -5.13599 1999.9 2219.32
2.135 -5.35821 1999.91 2315.31
2.14 -5.56425 1999.93 2404.29
2.145 -5.75443 1999.94 2486.41
2.15 -5.93036 1999.95 2562.32
2.155 -6.0934 1999.96 2632.68
2.16 -6.24555 1999.96 2698.34
2.165 -6.38891 1999.97 2760.22
2.17 -6.52544 1999.97 2819.2
2.175 -6.6573 1999.98 2876.2
2.18 -6.78789 1999.98 2932.57
2.185 -6.91953 1999.98 2989.4
2.19 -7.05469 1999.99 3047.76
2.195 -7.19517 1999.99 3108.45
2.2 -7.34267 1999.99 3172.15
2.205 -7.4972 1999.99 3238.95
2.21 -7.65919 1999.99 3308.94
2.215 -7.82771 1999.99 3381.71
2.22 -8.00071 1999.99 3456.43
2.225 -8.17517 1999.99 3531.78
2.23 -8.34733 1999.99 3606.14
2.235 -8.5133 1999.99 3677.83
2.24 -8.6696 1999.99 3745.34
2.245 -8.81344 1999.99 3807.47
2.25 -8.94281 1999.99 3863.35
2.255 -9.05671 2000 3912.55
2.26 -9.15521 2000 3955.09
2.265 -9.23938 2000 3991.45
2.27 -9.31099 2000 4022.38
2.275 -9.37194 2000 4048.7
2.28 -9.42358 2000 4071.01
2.285 -9.46618 2000 4089.41
2.29 -9.49895 2000 4103.56
2.295 -9.52053 2000 4112.88
2.3 -9.52953 2000 4116.77
2.305 -9.52408 1999.99 4114.42
2.31 -9.50196 1999.98 4104.88
2.315 -9.46279 1999.98 4087.95
2.32 -9.40664 1999.99 4063.69
2.325 -9.3342 1999.99 4032.39
2.33 -9.24656 1999.99 3994.53
2.335 -9.14494 1999.99 3950.63
2.34 -9.03057 1999.99 3901.21
2.345 -8.90467 2000 3846.82
2.35 -8.76863 2000 3788.05
2.355 -8.62416 2000 3725.64
2.36 -8.47355 2000 3660.58
2.365 -8.31988 2000 3594.19
2.37 -8.16713 2000 3528.2
2.375 -8.01981 2000 3464.56
2.38 -7.88227 2000 3405.14
2.385 -7.75812 2000 3351.51
2.39 -7.65013 2000 3304.85
2.395 -7.56043 2000 3266.1
2.4 -7.49049 2000 3235.89
2.405 -7.44098 2000 3214.5
2.41 -7.41162 2000 3201.82
2.415 -7.40149 2000 3197.44
2.42 -7.40941 2000 3200.86
2.425 -7.4341 2000 3211.53
2.43 -7.47439 2000 3228.93
2.435 -7.5296 2000 3252.79
2.44 -7.59977 2000 3283.1
2.445 -7.6852 2000 3320.01
2.45 -7.78616 2000 3363.62
2.455 -7.90296 2000 3414.08
2.46 -8.03623 2000 3471.66
2.465 -8.187 2000 3536.79
2.47 -8.35644 2000 3609.99
2.475 -8.54554 2000 3691.69
2.48 -8.75484 2000 3782.12
2.485 -8.98427 2000 3881.24
2.49 -9.23344 2000 3988.89
2.495 -9.50214 2000 4104.97
2.5 -9.76427 1999.56 4218.64
2.505 -10.0425 1999.38 4338.94
2.51 -10.34 1999.49 4467.32
2.515 -10.6576 1999.56 4604.58
2.52 -10.9976 1999.63 4751.58
2.525 -11.3623 1999.68 4909.25
2.53 -11.7537 1999.74 5078.39
2.535 -12.1732 1999.78 5259.56
2.54 -12.6218 1999.82 5453.34
2.545 -13.1013 1999.85 5660.43
2.55 -13.6137 1999.88 5881.75
2.555 -14.1613 1999.89 6118.31
2.56 -14.7467 1999.91 6371.19
2.565 -15.3724 1999.92 6641.48
2.57 -16.0354 1999.94 6928.69
2.575 -16.7392 1999.97 7233.51
2.58 -17.4928 1999.96 7558.79
2.585 -18.245 2000.17 7889.98
2.59 -19.0473 2000.26 8239.36
2.595 -19.9093 2000.19 8609.86
2.6 -20.8114 2000.12 8998.07
2.605 -21.7511 2000.07 9402.91
2.61 -22.6826 2000.25 9810.38
2.615 -23.6508 2000.32 10230.6
2.62 -24.6441 2000.35 10659.3
2.625 -25.6409 2000.4 11090.1
2.63 -26.6118 2000.67 11513.4
2.635 -27.4858 2001.57 11901.7
2.64 -28.3886 2001.72 12292.1
2.645 -29.3223 2001.33 12690.5
2.65 -30.2641 2001.02 13093.4
2.655 -31.1253 2001.55 13470.1
2.66 -31.9632 2001.81 13834.9
2.665 -32.8302 2001.41 14204.9
2.67 -33.7008 2001.08 14577.4
2.675 -34.5595 2000.98 14946.7
2.68 -35.3622 2001.2 15294.3
2.685 -36.1803 2000.91 15645
2.69 -36.9873 2000.79 15993.8
2.695 -37.794 2000.69 16342.5
2.7 -38.598 2000.59 16689.7
2.705 -39.316 2001.26 17005.7
2.71 -40.0471 2001.3 17319.9
2.715 -40.7638 2001.12 17629.1
2.72 -41.4424 2001.15 17925.3
2.725 -42.1192 2000.98 18216.6
2.73 -42.738 2001.27 18490.5
2.735 -43.3603 2001.28 18760.8
2.74 -43.9465 2001.43 19017.2
2.745 -44.5147 2001.57 19263.7
2.75 -45.0265 2001.93 19487.2
2.755 -45.5246 2001.88 19701
2.76 -45.9852 2001.98 19901.4
2.765 -46.4342 2001.94 20094.8
2.77 -46.8534 2001.92 20277.8
2.775 -47.2636 2002.1 20452.5
2.78 -47.6584 2002.09 20617.9
2.785 -48.0554 2001.82 20781.6
2.79 -48.4409 2001.5 20944.1
2.795 -48.8033 2001.18 21103.9
2.8 -49.1588 2000.89 21261.3
2.805 -49.5019 2000.96 21411.7
2.81 -49.79 2001.14 21543.6
2.815 -49.9706 2000.61 21638.7
2.82 -50.1435 2000.38 21719.1
2.825 -50.1537 2000.07 21749.8
2.83 -49.7885 1997.83 21653.2
2.835 -49.4105 1996.6 21501.1
2.84 -49.016 1996.43 21315.9
2.845 -48.4359 1996.23 21063.1
2.85 -47.8819 1996.99 20797.5
2.855 -47.2288 1996.81 20504.3
2.86 -46.499 1996.35 20176.8
2.865 -45.8842 1997.18 19867.5
2.87 -45.5676 1999.49 19669
2.875 -45.0642 1999.25 19456.7
2.88 -44.5866 1999.23 19248.3
2.885 -44.2782 1999.86 19097.3
2.89 -43.8923 1999.54 18936.8
2.895 -43.4851 1999.13 18768.2
2.9 -43.0497 1998.54 18588.8
2.905 -42.6566 1998.63 18416.2
2.91 -42.3328 1999.27 18267.6
2.915 -41.9508 1998.83 18110.1
2.92 -41.5957 1998.62 17957.5
2.925 -41.4996 1999.48 17893.2
2.93 -41.384 1999.61 17842
2.935 -41.3996 2000 17838.8
2.94 -41.3298 1999.14 17822.2
2.945 -41.2799 1999.11 17807.8
2.95 -41.2713 1999.77 17804.1
2.955 -41.2657 2000.14 17803
2.96 -41.2333 1999.75 17795.4
2.965 -41.2093 1999.69 17788.8
2.97 -41.1865 1999.63 17781.9
2.975 -41.1643 1999.59 17774.8
2.98 -41.1424 1999.55 17767.4
2.985 -41.1204 1999.5 17759.5
2.99 -41.0977 1999.46 17751
2.995 -41.074 1999.41 17741.9
3 -41.0489 1999.35 17732
3.005 -41.0217 1999.28 17721.1
3.01 -40.9919 1999.19 17709
3.015 -40.9413 1998.41 17690.3
3.02 -40.8917 1998.05 17670.4
3.025 -40.8453 1998.17 17650.1
3.03 -40.7938 1998.22 17627.8
3.035 -40.7363 1998.2 17603
3.04 -40.6665 1997.89 17573.9
3.045 -40.6036 1997.56 17544.7
3.05 -40.5161 1996.61 17507.2
3.055 -40.374 1994.87 17451.1
3.06 -40.1876 1997.41 17371.3
3.065 -40.1753 2020.74 17328.8
3.07 -40.1927 2033.58 17313.1
3.075 -40.0676 2027.24 17277.4
3.08 -39.969 2021.64 17241
3.085 -39.8713 2017.38 17204.2
3.09 -39.7726 2013.88 17166
3.095 -39.6601 2010.14 17122.4
3.1 -39.5224 2006.59 17067.9
3.105 -39.3828 2004.82 17007.3
3.11 -39.2325 2001.32 16944.4
3.115 -38.8571 1994.28 16796
3.12 -6.41753 316.31 5069.55
3.125 -3.10267 57.0321 1546.82
3.13 -22.7723 612.872 8251.98
3.135 -51.8447 1920.97 16292.6
3.14 -49.0089 1926.87 16438.9
3.145 -47.0096 1938.16 16512.1
3.15 -45.2346 1944.26 16520.1
3.155 -43.6544 1939.88 16460
3.16 -4.39903 26.3472 1184.07
3.165 1.52435 284.726 4085.26
3.17 -42.8553 3285.26 10472
