0.1 7.30427e-33 200 -1.68754e-14 -7.30427e-33 -200 1.68754e-14
0.2 -4.67473e-31 400 2.56684e-13 4.67473e-31 -400 -2.56684e-13
0.3 1.46085e-31 600 -2.4869e-14 -1.46085e-31 -600 2.4869e-14
0.4 7.0121e-31 800 -9.76996e-14 -7.0121e-31 -800 9.76996e-14
0.5 2.33737e-31 1000 -2.40696e-13 -2.33737e-31 -1000 2.40696e-13
0.6 1.40242e-30 1200 -2.66454e-13 -1.40242e-30 -1200 2.66454e-13
0.7 1.16868e-31 1400 -7.19425e-14 -1.16868e-31 -1400 7.19425e-14
0.8 2.92171e-30 1600 -2.0961e-13 -2.92171e-30 -1600 2.0961e-13
0.9 -9.34946e-31 1800 1.26565e-12 9.34946e-31 -1800 -1.26565e-12
1 1.98676e-30 2000 -4.42313e-13 -1.98676e-30 -2000 4.42313e-13
0.005 4.1329e-05 2000 -0.0179172 -4.1329e-05 -2000 6.30504e-05
0.01 0.000206373 2000 -0.0892658 -0.000206373 -2000 0.000112797
0.015 0.000535951 2000 -0.23162 -0.000535951 -2000 8.92802e-05
0.02 0.00102942 2000 -0.444783 -0.00102942 -2000 7.15934e-05
0.025 0.00168595 2000 -0.728387 -0.00168595 -2000 5.76524e-05
0.03 0.00250466 2000 -1.08206 -0.00250466 -2000 4.65041e-05
0.035 0.00348489 2000 -1.50551 -0.00348489 -2000 3.7615e-05
0.04 0.00462638 2000 -1.99863 -0.00462638 -2000 3.05562e-05
0.045 0.00592946 2000 -2.56155 -0.00592946 -2000 2.49834e-05
0.05 0.00739521 2000 -3.19475 -0.00739521 -2000 2.062e-05
0.055 0.0090256 2000 -3.89908 -0.0090256 -2000 1.72449e-05
0.06 0.0108237 2000 -4.67585 -0.0108237 -2000 1.46813e-05
0.065 0.0127937 2000 -5.52688 -0.0127937 -2000 1.27893e-05
0.07 0.0149407 2000 -6.45439 -0.0149407 -2000 1.14587e-05
0.075 0.0172705 2000 -7.46086 -0.0172705 -2000 1.06033e-05
0.08 0.0197892 2000 -8.54893 -0.0197892 -2000 1.01562e-05
0.085 0.0225026 2000 -9.72112 -0.0225026 -2000 1.00656e-05
0.09 0.0254154 2000 -10.9795 -0.0254154 -2000 1.02908e-05
0.095 0.0285305 2000 -12.3252 -0.0285305 -2000 1.07983e-05
0.1 0.0318487 2000 -13.7586 -0.0318487 -2000 1.15587e-05
0.105 0.0353684 2000 -15.2792 -0.0353684 -2000 1.25453e-05
0.11 0.0390866 2000 -16.8854 -0.0390866 -2000 1.37326e-05
0.115 0.0429988 2000 -18.5755 -0.0429988 -2000 1.50974e-05
0.12 0.0470997 2000 -20.3471 -0.0470997 -2000 1.66198e-05
0.125 0.0513834 2000 -22.1976 -0.0513834 -2000 1.82735e-05
0.13 0.0558435 2000 -24.1244 -0.0558435 -2000 2.00385e-05
0.135 0.0604739 2000 -26.1247 -0.0604739 -2000 2.18895e-05
0.14 0.0652694 2000 -28.1964 -0.0652694 -2000 2.38224e-05
0.145 0.0702269 2000 -30.3381 -0.0702269 -2000 2.58225e-05
0.15 0.0753469 2000 -32.5499 -0.0753469 -2000 2.78935e-05
0.155 0.0806339 2000 -34.8339 -0.0806339 -2000 3.00468e-05
0.16 0.0860968 2000 -37.1939 -0.0860968 -2000 3.23051e-05
0.165 0.091748 2000 -39.6352 -0.091748 -2000 3.47018e-05
0.17 0.0976028 2000 -42.1644 -0.0976028 -2000 3.72775e-05
0.175 0.103678 2000 -44.7889 -0.103678 -2000 4.00773e-05
0.18 0.10999 2000 -47.5157 -0.10999 -2000 4.31455e-05
0.185 0.116551 2000 -50.3501 -0.116551 -2000 4.65138e-05
0.19 0.123365 2000 -53.2937 -0.123365 -2000 5.01908e-05
0.195 0.130424 2000 -56.3433 -0.130424 -2000 5.41451e-05
0.2 0.137707 2000 -59.4894 -0.137707 -2000 5.82957e-05
0.205 0.145176 2000 -62.7162 -0.145176 -2000 6.25092e-05
0.21 0.152783 2000 -66.0021 -0.152783 -2000 6.66061e-05
0.215 0.160467 2000 -69.3218 -0.160467 -2000 7.03812e-05
0.22 0.16817 2000 -72.6495 -0.16817 -2000 7.36401e-05
0.225 0.175843 2000 -75.9641 -0.175843 -2000 7.62466e-05
0.23 0.183455 2000 -79.2525 -0.183455 -2000 7.81608e-05
0.235 0.191001 2000 -82.5126 -0.191001 -2000 7.94519e-05
0.24 0.198503 2000 -85.7535 -0.198503 -2000 8.02908e-05
0.245 0.206008 2000 -88.9954 -0.206008 -2000 8.09279e-05
0.25 0.21358 2000 -92.2664 -0.21358 -2000 8.16589e-05
0.255 0.221295 2000 -95.5996 -0.221295 -2000 8.27911e-05
0.26 0.229234 2000 -99.0292 -0.229234 -2000 8.46156e-05
0.265 0.23747 2000 -102.587 -0.23747 -2000 8.73885e-05
0.27 0.246071 2000 -106.303 -0.246071 -2000 9.1318e-05
0.275 0.255089 2000 -110.198 -0.255089 -2000 9.65624e-05
0.28 0.264562 2000 -114.291 -0.264562 -2000 0.000103213
0.285 0.274508 2000 -118.588 -0.274508 -2000 0.000111268
0.29 0.284924 2000 -123.087 -0.284924 -2000 0.000120627
0.295 0.295788 2000 -127.78 -0.295788 -2000 0.000131093
0.3 0.307068 2000 -132.654 -0.307068 -2000 0.000142409
0.305 0.31873 2000 -137.692 -0.31873 -2000 0.000154298
0.31 0.330739 2000 -142.88 -0.330739 -2000 0.000166512
0.315 0.34307 2000 -148.206 -0.34307 -2000 0.00017887
0.32 0.355707 2000 -153.665 -0.355707 -2000 0.000191277
0.325 0.368649 2000 -159.256 -0.368649 -2000 0.00020375
0.33 0.381914 2000 -164.987 -0.381914 -2000 0.000216432
0.335 0.395536 2000 -170.872 -0.395536 -2000 0.000229594
0.34 0.409565 2000 -176.932 -0.409565 -2000 0.000243609
0.345 0.424056 2000 -183.193 -0.424056 -2000 0.0002589
0.35 0.439061 2000 -189.675 -0.439061 -2000 0.000275857
0.355 0.45461 2000 -196.392 -0.45461 -2000 0.000294719
0.36 0.470702 2000 -203.344 -0.470702 -2000 0.000315449
0.365 0.487297 2000 -210.512 -0.487297 -2000 0.000337647
0.37 0.504304 2000 -217.86 -0.504304 -2000 0.000360497
0.375 0.521589 2000 -225.327 -0.521589 -2000 0.00038276
0.38 0.538974 2000 -232.837 -0.538974 -2000 0.000402873
0.385 0.55626 2000 -240.305 -0.55626 -2000 0.000419165
0.39 0.573251 2000 -247.645 -0.573251 -2000 0.000430201
0.395 0.589775 2000 -254.783 -0.589775 -2000 0.000435067
0.4 0.605688 2000 -261.658 -0.605688 -2000 0.000433432
0.405 0.620887 2000 -268.224 -0.620887 -2000 0.000425674
0.41 0.635314 2000 -274.456 -0.635314 -2000 0.000412369
0.415 0.64897 2000 -280.355 -0.64897 -2000 0.000394837
0.42 0.661915 2000 -285.948 -0.661915 -2000 0.000374419
0.425 0.674255 2000 -291.279 -0.674255 -2000 0.000352692
0.43 0.686124 2000 -296.406 -0.686124 -2000 0.00033112
0.435 0.697655 2000 -301.387 -0.697655 -2000 0.000310856
0.44 0.708964 2000 -306.273 -0.708964 -2000 0.000292648
0.445 0.720151 2000 -311.106 -0.720151 -2000 0.00027691
0.45 0.731312 2000 -315.927 -0.731312 -2000 0.000263877
0.455 0.742547 2000 -320.781 -0.742547 -2000 0.000253748
0.46 0.75397 2000 -325.715 -0.75397 -2000 0.000246767
0.465 0.765694 2000 -330.78 -0.765694 -2000 0.000243218
0.47 0.777827 2000 -336.022 -0.777827 -2000 0.000243364
0.475 0.790459 2000 -341.479 -0.790459 -2000 0.000247393
0.48 0.803663 2000 -347.183 -0.803663 -2000 0.000255393
0.485 0.817491 2000 -353.156 -0.817491 -2000 0.000267364
0.49 0.831971 2000 -359.412 -0.831971 -2000 0.000283173
0.495 0.847103 2000 -365.949 -0.847103 -2000 0.000302487
0.5 0.86286 2000 -372.756 -0.86286 -2000 0.000324739
0.505 0.879209 2000 -379.819 -0.879209 -2000 0.00034935
0.51 0.896136 2000 -387.131 -0.896136 -2000 0.000375786
0.515 0.91366 2000 -394.701 -0.91366 -2000 0.0004038
0.52 0.931838 2000 -402.554 -0.931838 -2000 0.000434099
0.525 0.950765 2000 -410.731 -0.950765 -2000 0.000467503
0.53 0.970558 2000 -419.281 -0.970558 -2000 0.000505411
0.535 0.991323 2000 -428.252 -0.991323 -2000 0.000549067
0.54 1.01312 2000 -437.667 -1.01312 -2000 0.000599183
0.545 1.03591 2000 -447.516 -1.03591 -2000 0.000655452
0.55 1.05962 2000 -457.755 -1.05962 -2000 0.000716318
0.555 1.08404 2000 -468.307 -1.08404 -2000 0.000779105
0.56 1.10898 2000 -479.081 -1.10898 -2000 0.000840513
0.565 1.13422 2000 -489.983 -1.13422 -2000 0.000897287
0.57 1.15954 2000 -500.923 -1.15954 -2000 0.000946721
0.575 1.18477 2000 -511.823 -1.18477 -2000 0.000986855
0.58 1.20976 2000 -522.619 -1.20976 -2000 0.00101658
0.585 1.23441 2000 -533.266 -1.23441 -2000 0.00103579
0.59 1.25868 2000 -543.753 -1.25868 -2000 0.00104555
0.595 1.28262 2000 -554.091 -1.28262 -2000 0.00104786
0.6 1.30629 2000 -564.317 -1.30629 -2000 0.00104531
0.605 1.32981 2000 -574.48 -1.32981 -2000 0.00104062
0.61 1.3533 2000 -584.628 -1.3533 -2000 0.00103621
0.615 1.37682 2000 -594.789 -1.37682 -2000 0.00103337
0.62 1.40037 2000 -604.961 -1.40037 -2000 0.00103224
0.625 1.42385 2000 -615.104 -1.42385 -2000 0.00103139
0.63 1.4471 2000 -625.15 -1.4471 -2000 0.00102851
0.635 1.46993 2000 -635.01 -1.46993 -2000 0.00102097
0.64 1.49213 2000 -644.602 -1.49213 -2000 0.00100685
0.645 1.51358 2000 -653.867 -1.51358 -2000 0.000984568
0.65 1.53424 2000 -662.793 -1.53424 -2000 0.000955258
0.655 1.5542 2000 -671.415 -1.5542 -2000 0.000920668
0.66 1.57362 2000 -679.806 -1.57362 -2000 0.00088423
0.665 1.59272 2000 -688.055 -1.59272 -2000 0.000849277
0.67 1.6117 2000 -696.253 -1.6117 -2000 0.000818585
0.675 1.63075 2000 -704.486 -1.63075 -2000 0.000794259
0.68 1.65006 2000 -712.825 -1.65006 -2000 0.000777639
0.685 1.66972 2000 -721.322 -1.66972 -2000 0.000769257
0.69 1.68985 2000 -730.016 -1.68985 -2000 0.000769106
0.695 1.71054 2000 -738.954 -1.71054 -2000 0.000777291
0.7 1.73197 2000 -748.213 -1.73197 -2000 0.000794791
0.705 1.7544 2000 -757.902 -1.7544 -2000 0.000823934
0.71 1.77816 2000 -768.165 -1.77816 -2000 0.00086843
0.715 1.80361 2000 -779.159 -1.80361 -2000 0.000933096
0.72 1.8311 2000 -791.038 -1.8311 -2000 0.00102199
0.725 1.86094 2000 -803.927 -1.86094 -2000 0.0011412
0.73 1.89332 2000 -817.915 -1.89332 -2000 0.00129417
0.735 1.92836 2000 -833.052 -1.92836 -2000 0.0014838
0.74 1.96608 2000 -849.349 -1.96608 -2000 0.0017103
0.745 2.00643 2000 -866.778 -2.00643 -2000 0.00197158
0.75 2.04927 2000 -885.286 -2.04927 -2000 0.00226349
0.755 2.09445 2000 -904.803 -2.09445 -2000 0.00258046
0.76 2.14179 2000 -925.255 -2.14179 -2000 0.00291649
0.765 2.19114 2000 -946.575 -2.19114 -2000 0.00326614
0.77 2.24235 2000 -968.7 -2.24235 -2000 0.00362471
0.775 2.29528 2000 -991.566 -2.29528 -2000 0.00398773
0.78 2.34977 2000 -1015.11 -2.34977 -2000 0.00435083
0.785 2.40561 2000 -1039.23 -2.40561 -2000 0.00470831
0.79 2.46251 2000 -1063.81 -2.46251 -2000 0.00505157
0.795 2.52004 2000 -1088.66 -2.52004 -2000 0.00536774
0.8 2.57765 2000 -1113.55 -2.57765 -2000 0.00563946
0.805 2.6347 2000 -1138.19 -2.6347 -2000 0.00584698
0.81 2.69051 2000 -1162.31 -2.69051 -2000 0.00597272
0.815 2.74453 2000 -1185.64 -2.74453 -2000 0.006006
0.82 2.79629 2000 -1208 -2.79629 -2000 0.00594487
0.825 2.84554 2000 -1229.28 -2.84554 -2000 0.00580196
0.83 2.89224 2000 -1249.45 -2.89224 -2000 0.00559288
0.835 2.93662 2000 -1268.63 -2.93662 -2000 0.00533438
0.84 2.97918 2000 -1287.01 -2.97918 -2000 0.00505434
0.845 3.02058 2000 -1304.89 -3.02058 -2000 0.00478034
0.85 3.06152 2000 -1322.58 -3.06152 -2000 0.004536
0.855 3.10271 2000 -1340.37 -3.10271 -2000 0.00433956
0.86 3.14464 2000 -1358.49 -3.14464 -2000 0.00420162
0.865 3.18755 2000 -1377.03 -3.18755 -2000 0.00412268
0.87 3.2314 2000 -1395.97 -3.2314 -2000 0.004094
0.875 3.27595 2000 -1415.21 -3.27595 -2000 0.00410071
0.88 3.32085 2000 -1434.61 -3.32085 -2000 0.0041248
0.885 3.36569 2000 -1453.98 -3.36569 -2000 0.00414844
0.89 3.4101 2000 -1473.17 -3.4101 -2000 0.00415707
0.895 3.45377 2000 -1492.03 -3.45377 -2000 0.00414151
0.9 3.49655 2000 -1510.51 -3.49655 -2000 0.00409906
0.905 3.53838 2000 -1528.58 -3.53838 -2000 0.00403242
0.91 3.57931 2000 -1546.27 -3.57931 -2000 0.00394721
0.915 3.61939 2000 -1563.58 -3.61939 -2000 0.00384939
0.92 3.65863 2000 -1580.53 -3.65863 -2000 0.00374301
0.925 3.69695 2000 -1597.09 -3.69695 -2000 0.00362896
0.93 3.73418 2000 -1613.17 -3.73418 -2000 0.00350516
0.935 3.77008 2000 -1628.68 -3.77008 -2000 0.00336784
0.94 3.80438 2000 -1643.5 -3.80438 -2000 0.00321334
0.945 3.83682 2000 -1657.51 -3.83682 -2000 0.00303941
0.95 3.86715 2000 -1670.61 -3.86715 -2000 0.00284586
0.955 3.89517 2000 -1682.72 -3.89517 -2000 0.00263476
0.96 3.9208 2000 -1693.79 -3.9208 -2000 0.00241064
0.965 3.94403 2000 -1703.82 -3.94403 -2000 0.00217986
0.97 3.96487 2000 -1712.83 -3.96487 -2000 0.0019489
0.975 3.98335 2000 -1720.81 -3.98335 -2000 0.00172281
0.98 3.9994 2000 -1727.74 -3.9994 -2000 0.00150487
0.985 4.01292 2000 -1733.58 -4.01292 -2000 0.00129729
0.99 4.0238 2000 -1738.28 -4.0238 -2000 0.00110204
0.995 4.03192 2000 -1741.79 -4.03192 -2000 0.000921347
1 4.03719 2000 -1744.07 -4.03719 -2000 0.000757941
1.005 4.03956 2000 -1745.09 -4.03956 -2000 0.000614812
1.01 4.039 2000 -1744.85 -4.039 -2000 0.00126226
1.015 4.03539 2000 -1743.29 -4.03539 -2000 0.0024436
1.02 4.02908 2000 -1740.56 -4.02908 -2000 0.00196546
1.025 4.02063 2000 -1736.91 -4.02063 -2000 0.00158045
1.03 4.01086 2000 -1732.69 -4.01086 -2000 0.00127016
1.035 4.00082 2000 -1728.36 -4.00082 -2000 0.00102048
1.04 3.99177 2000 -1724.44 -3.99177 -2000 0.000819682
1.045 3.98504 2000 -1721.54 -3.98504 -2000 0.000658423
1.05 3.98199 2000 -1720.22 -3.98199 -2000 0.000529116
1.055 3.98385 2000 -1721.02 -3.98385 -2000 0.000424677
1.06 3.9915 2000 -1724.33 -3.9915 -2000 0.000340699
1.065 4.0053 2000 -1730.29 -4.0053 -2000 0.000274679
1.07 4.02509 2000 -1738.84 -4.02509 -2000 0.000224031
1.075 4.04904 1999.98 -1749.21 -4.04904 -1999.98 0.0219454
1.08 4.07531 1999.96 -1760.58 -4.07531 -1999.96 0.0457269
1.085 4.10461 1999.97 -1773.23 -4.10461 -1999.97 0.0365631
1.09 4.13585 1999.97 -1786.72 -4.13585 -1999.97 0.0296793
1.095 4.16801 1999.98 -1800.6 -4.16801 -1999.98 0.0242062
1.1 4.2002 1999.98 -1814.5 -4.2002 -1999.98 0.0198135
1.105 4.2319 1999.99 -1828.2 -4.2319 -1999.99 0.0162813
1.11 4.26303 1999.99 -1841.64 -4.26303 -1999.99 0.0134365
1.115 4.29377 1999.99 -1854.92 -4.29377 -1999.99 0.0111455
1.12 4.32453 1999.99 -1868.21 -4.32453 -1999.99 0.00930656
1.125 4.35582 1999.99 -1881.72 -4.35582 -1999.99 0.00784173
1.13 4.38817 2000 -1895.7 -4.38817 -2000 0.0066906
1.135 4.422 2000 -1910.31 -4.422 -2000 0.00580478
1.14 4.45753 2000 -1925.66 -4.45753 -2000 0.00514273
1.145 4.4946 2000 -1941.67 -4.4946 -2000 0.00466412
1.15 4.53267 2000 -1958.12 -4.53267 -2000 0.00432462
1.155 4.57067 2000 -1974.54 -4.57067 -2000 0.00407216
1.16 4.60703 2000 -1990.24 -4.60703 -2000 0.00384672
1.165 4.63963 2000 -2004.32 -4.63963 -2000 0.00358638
1.17 4.66593 2000 -2015.69 -4.66593 -2000 0.00324192
1.175 4.68324 2000 -2023.16 -4.68324 -2000 0.00280009
1.18 4.68897 2000 -2025.64 -4.68897 -2000 0.00230558
1.185 4.6797 1999.98 -2021.65 -4.6797 -1999.98 0.0135356
1.19 4.65244 1999.97 -2009.88 -4.65244 -1999.97 0.0221245
1.195 4.60542 1999.97 -1989.56 -4.60542 -1999.97 0.0177786
1.2 4.53747 1999.98 -1960.2 -4.53747 -1999.98 0.0142416
1.205 4.44794 1999.98 -1921.52 -4.44794 -1999.98 0.0112983
1.21 4.33637 1999.99 -1873.32 -4.33637 -1999.99 0.00875022
1.215 4.20241 1999.99 -1815.45 -4.20241 -1999.99 0.00639687
1.22 4.04582 1999.99 -1747.8 -4.04582 -1999.99 0.00410374
1.225 3.8665 1999.99 -1670.33 -3.8665 -1999.99 0.00169726
1.23 3.66454 1999.99 -1583.08 -3.66454 -1999.99 -0.00104557
1.235 3.44037 2000 -1486.24 -3.44037 -2000 -0.00427813
1.24 3.19486 2000 -1380.17 -3.19486 -2000 -0.00811335
1.245 2.92945 2000 -1265.51 -2.92945 -2000 -0.0130354
1.25 2.64619 2000 -1143.14 -2.64619 -2000 -0.0179671
1.255 2.34757 2000 -1014.13 -2.34757 -2000 -0.0233181
1.26 2.03614 2000 -879.582 -2.03614 -2000 -0.0294038
1.265 1.7141 2000 -740.453 -1.7141 -2000 -0.0369934
1.27 1.38319 2000 -597.49 -1.38319 -2000 -0.0497557
1.275 1.04471 2000 -451.243 -1.04471 -2000 -0.0725687
1.28 0.699998 1999.98 -302.292 -0.699998 -1999.98 -0.106774
1.285 0.350754 1999.95 -151.362 -0.350754 -1999.95 -0.163265
1.29 0.000976558 1999.85 -0.201489 -0.000976558 -1999.85 -0.220384
1.295 -0.338 1999.64 146.311 0.338 -1999.64 -0.295258
1.3 -0.661449 1999.52 286.054 0.661449 -1999.52 -0.308113
1.305 -0.981882 1999.6 424.405 0.981882 -1999.6 -0.231811
1.31 -1.29656 1999.68 560.321 1.29656 -1999.68 -0.205501
1.315 -1.6023 1999.74 692.389 1.6023 -1999.74 -0.195816
1.32 -1.89584 1999.79 819.189 1.89584 -1999.79 -0.187901
1.325 -2.17415 1999.83 939.412 2.17415 -1999.83 -0.1785
1.33 -2.43454 1999.86 1051.89 2.43454 -1999.86 -0.167305
1.335 -2.67444 1999.88 1155.51 2.67444 -1999.88 -0.154592
1.34 -2.89133 1999.91 1249.19 2.89133 -1999.91 -0.140712
1.345 -3.08265 1999.92 1331.83 3.08265 -1999.92 -0.126019
1.35 -3.24595 1999.94 1402.36 3.24595 -1999.94 -0.110879
1.355 -3.37908 1999.95 1459.86 3.37908 -1999.95 -0.0957102
1.36 -3.4803 1999.96 1503.57 3.4803 -1999.96 -0.0809735
1.365 -3.54831 1999.97 1532.94 3.54831 -1999.97 -0.0671467
1.37 -3.58231 1999.97 1547.61 3.58231 -1999.97 -0.0547205
1.375 -3.58206 1999.98 1547.5 3.58206 -1999.98 -0.0460829
1.38 -3.54399 1999.95 1530.85 3.54399 -1999.95 0.153393
1.385 -3.46817 1999.95 1497.92 3.46817 -1999.95 0.329748
1.39 -3.35486 1999.96 1449.04 3.35486 -1999.96 0.265245
1.395 -3.20601 1999.96 1384.78 3.20601 -1999.96 0.213745
1.4 -3.02252 1999.97 1305.55 3.02252 -1999.97 0.172932
1.405 -2.80502 1999.98 1211.63 2.80502 -1999.98 0.141035
1.41 -2.55381 1999.98 1103.13 2.55381 -1999.98 0.116799
1.415 -2.26879 1999.99 980.02 2.26879 -1999.99 0.0993061
1.42 -1.94971 1999.99 842.188 1.94971 -1999.99 0.0879349
1.425 -1.59635 1999.99 689.54 1.59635 -1999.99 0.0824451
1.43 -1.20881 2000 522.124 1.20881 -2000 0.083041
1.435 -0.787787 2000 340.233 0.787787 -2000 0.090703
1.44 -0.334765 2000 144.511 0.334765 -2000 0.107507
1.445 0.147778 2000 -63.9768 -0.147778 -2000 0.136583
1.45 0.656353 2000 -283.726 -0.656353 -2000 0.181737
1.455 1.18665 2000 -512.877 -1.18665 -2000 0.245132
1.46 1.73391 2000 -749.372 -1.73391 -2000 0.322874
1.465 2.29321 1999.99 -991.066 -2.29321 -1999.99 0.399937
1.47 2.85945 1999.98 -1235.73 -2.85945 -1999.98 0.448768
1.475 3.42753 1999.97 -1481.13 -3.42753 -1999.97 0.437695
1.48 3.99265 1999.95 -1725.17 -3.99265 -1999.95 0.345958
1.485 4.54943 1999.88 -1965.56 -4.54943 -1999.88 0.207216
1.49 5.06455 1999.4 -2188.63 -5.06455 -1999.4 0.747046
1.495 5.54526 1999.17 -2396.56 -5.54526 -1999.17 1.00621
1.5 6.0124 1999.32 -2598.16 -6.0124 -1999.32 0.80527
1.505 6.46385 1999.44 -2793.07 -6.46385 -1999.44 0.685996
1.51 6.89833 1999.55 -2980.68 -6.89833 -1999.55 0.604603
1.515 7.31459 1999.63 -3160.44 -7.31459 -1999.63 0.539705
1.52 7.7116 1999.7 -3331.9 -7.7116 -1999.7 0.483707
1.525 8.08865 1999.75 -3494.73 -8.08865 -1999.75 0.433746
1.53 8.44533 1999.8 -3648.77 -8.44533 -1999.8 0.388581
1.535 8.78153 1999.83 -3793.97 -8.78153 -1999.83 0.347553
1.54 9.0974 1999.86 -3930.39 -9.0974 -1999.86 0.310237
1.545 9.39327 1999.89 -4058.17 -9.39327 -1999.89 0.276314
1.55 9.66961 1999.91 -4177.52 -9.66961 -1999.91 0.245516
1.555 9.92703 1999.92 -4288.69 -9.92703 -1999.92 0.217607
1.56 10.1662 1999.94 -4392 -10.1662 -1999.94 0.192371
1.565 10.3881 1999.95 -4487.81 -10.3881 -1999.95 0.169622
1.57 10.5937 1999.96 -4576.64 -10.5937 -1999.96 0.149199
1.575 10.7846 1999.96 -4659.08 -10.7846 -1999.96 0.130968
1.58 10.9623 1999.97 -4735.83 -10.9623 -1999.97 0.114803
1.585 11.1287 1999.98 -4807.7 -11.1287 -1999.98 0.100585
1.59 11.2857 1999.98 -4875.53 -11.2857 -1999.98 0.0881948
1.595 11.4355 1999.98 -4940.21 -11.4355 -1999.98 0.0775102
1.6 11.5797 1999.99 -5002.5 -11.5797 -1999.99 0.0683929
1.605 11.7198 1999.99 -5063.01 -11.7198 -1999.99 0.0606825
1.61 11.8568 1999.99 -5122.17 -11.8568 -1999.99 0.054206
1.615 11.9914 1999.99 -5180.33 -11.9914 -1999.99 0.0487958
1.62 12.1244 1999.99 -5237.79 -12.1244 -1999.99 0.0443021
1.625 12.2564 1999.99 -5294.79 -12.2564 -1999.99 0.0405949
1.63 12.3877 1999.99 -5351.53 -12.3877 -1999.99 0.0375591
1.635 12.5187 1999.99 -5408.1 -12.5187 -1999.99 0.0350863
1.64 12.6491 2000 -5464.46 -12.6491 -2000 0.0330688
1.645 12.7788 2000 -5520.47 -12.7788 -2000 0.0313996
1.65 12.9072 2000 -5575.92 -12.9072 -2000 0.0299786
1.655 13.0336 2000 -5630.54 -13.0336 -2000 0.0287171
1.66 13.1573 2000 -5683.98 -13.1573 -2000 0.0275329
1.665 13.2771 2000 -5735.71 -13.2771 -2000 0.0263412
1.67 13.3912 2000 -5785.04 -13.3912 -2000 0.025052
1.675 13.4977 2000 -5831.05 -13.4977 -2000 0.0235856
1.68 13.5942 2000 -5872.7 -13.5942 -2000 0.0218512
1.685 13.6778 2000 -5908.84 -13.6778 -2000 0.0198248
1.69 13.7459 2000 -5938.25 -13.7459 -2000 0.0175223
1.695 13.7957 2000 -5959.74 -13.7957 -2000 0.0150633
1.7 13.8247 2000 -5972.29 -13.8247 -2000 0.0125686
1.705 13.8311 2000 -5975.06 -13.8311 -2000 0.0101999
1.71 13.8099 1999.95 -5965.96 -13.8099 -1999.95 0.0971192
1.715 13.7587 1999.92 -5943.91 -13.7587 -1999.92 0.154036
1.72 13.6763 1999.94 -5908.28 -13.6763 -1999.94 0.123718
1.725 13.5609 1999.95 -5858.41 -13.5609 -1999.95 0.099065
1.73 13.4112 1999.96 -5793.7 -13.4112 -1999.96 0.078731
1.735 13.2259 1999.97 -5713.64 -13.2259 -1999.97 0.0614164
1.74 13.0043 1999.98 -5617.88 -13.0043 -1999.98 0.0458281
1.745 12.7463 1999.98 -5506.42 -12.7463 -1999.98 0.0307248
1.75 12.4528 1999.98 -5379.64 -12.4528 -1999.98 0.0149467
1.755 12.1258 1999.99 -5238.34 -12.1258 -1999.99 -0.00262583
1.76 11.7678 1999.99 -5083.65 -11.7678 -1999.99 -0.0227885
1.765 11.3821 1999.99 -4917.02 -11.3821 -1999.99 -0.0459832
1.77 10.9726 2000 -4740.09 -10.9726 -2000 -0.0721498
1.775 10.5434 2000 -4554.67 -10.5434 -2000 -0.100088
1.78 10.0988 2000 -4362.53 -10.0988 -2000 -0.128915
1.785 9.64258 2000 -4165.44 -9.64258 -2000 -0.157297
1.79 9.17883 2000 -3965.07 -9.17883 -2000 -0.183721
1.795 8.7112 2000 -3763.03 -8.7112 -2000 -0.206528
1.8 8.24286 2000 -3560.69 -8.24286 -2000 -0.224368
1.805 7.77648 2000 -3359.2 -7.77648 -2000 -0.236372
1.81 7.31423 2000 -3159.51 -7.31423 -2000 -0.242202
1.815 6.85778 2000 -2962.32 -6.85778 -2000 -0.24199
1.82 6.40796 2000 -2768 -6.40796 -2000 -0.236749
1.825 5.96443 2000 -2576.41 -5.96443 -2000 -0.227323
1.83 5.52576 2000 -2386.91 -5.52576 -2000 -0.21436
1.835 5.08988 2000 -2198.63 -5.08988 -2000 -0.199009
1.84 4.65463 2000 -2010.62 -4.65463 -2000 -0.182214
1.845 4.21837 2000 -1822.17 -4.21837 -2000 -0.164657
1.85 3.78047 2000 -1633.02 -3.78047 -2000 -0.146793
1.855 3.34174 2000 -1443.5 -3.34174 -2000 -0.128919
1.86 2.90453 1999.99 -1254.64 -2.90453 -1999.99 -0.112175
1.865 2.47254 1999.99 -1068.04 -2.47254 -1999.99 -0.0957728
1.87 2.05014 1999.99 -885.584 -2.05014 -1999.99 -0.0774846
1.875 1.64174 1999.99 -709.171 -1.64174 -1999.99 -0.0610105
1.88 1.25152 1999.99 -540.609 -1.25152 -1999.99 -0.0464116
1.885 0.883573 1999.99 -381.67 -0.883573 -1999.99 -0.0330059
1.89 0.542015 1999.99 -234.129 -0.542015 -1999.99 -0.0209875
1.895 0.230697 1999.99 -99.6504 -0.230697 -1999.99 -0.0105919
1.9 -0.0473581 1999.99 20.4629 0.0473581 -1999.99 -0.00423861
1.905 -0.290501 1999.99 125.496 0.290501 -1999.99 0.000962619
1.91 -0.498407 1999.99 215.303 0.498407 -1999.99 0.00863892
1.915 -0.671672 1999.99 290.15 0.671672 -1999.99 0.0119654
1.92 -0.81168 1999.99 350.633 0.81168 -1999.99 0.0127607
1.925 -0.920318 2000 397.565 0.920318 -2000 0.0123716
1.93 -0.999563 2000 431.8 0.999563 -2000 0.0112588
1.935 -1.05109 2000 454.059 1.05109 -2000 0.00975044
1.94 -1.07589 2000 464.775 1.07589 -2000 0.00807806
1.945 -1.074 2000 463.965 1.074 -2000 0.00303009
1.95 -1.04394 2000 450.995 1.04394 -2000 -0.0110173
1.955 -0.984481 2000 425.305 0.984481 -2000 -0.00883866
1.96 -0.89399 2000 386.211 0.89399 -2000 -0.0070094
1.965 -0.770815 2000 332.997 0.770815 -2000 -0.0053186
1.97 -0.61337 2000 264.979 0.61337 -2000 -0.00352075
1.975 -0.420485 2000 181.651 0.420485 -2000 -0.00123914
1.98 -0.191741 2000 82.8299 0.191741 -2000 0.00207742
1.985 0.0724655 2000 -31.3122 -0.0724655 -2000 0.00708835
1.99 0.370966 2000 -160.272 -0.370966 -2000 0.0145573
1.995 0.701775 2000 -303.192 -0.701775 -2000 0.0252743
2 1.06197 2000 -458.81 -1.06197 -2000 0.0399161
2.005 1.44763 2000 -625.437 -1.44763 -2000 0.0588437
2.01 1.854 2000 -801.008 -1.854 -2000 0.0818857
2.015 2.27562 2000 -983.177 -2.27562 -2000 0.108181
2.02 2.70649 2000 -1169.34 -2.70649 -2000 0.13612
2.025 3.14001 2000 -1356.65 -3.14001 -2000 0.163437
2.03 3.56937 2000 -1542.16 -3.56937 -2000 0.187531
2.035 3.98826 2000 -1723.13 -3.98826 -2000 0.206024
2.04 4.39121 2000 -1897.22 -4.39121 -2000 0.217315
2.045 4.77365 2000 -2062.44 -4.77365 -2000 0.220803
2.05 5.13203 2000 -2217.25 -5.13203 -2000 0.216856
2.055 5.4639 2000 -2360.61 -5.4639 -2000 0.206614
2.06 5.76751 2000 -2491.76 -5.76751 -2000 0.191644
2.065 6.04162 2000 -2610.15 -6.04162 -2000 0.173599
2.07 6.28562 2000 -2715.54 -6.28562 -2000 0.15401
2.075 6.49992 2000 -2808.1 -6.49992 -2000 0.134187
2.08 6.68611 2000 -2888.51 -6.68611 -2000 0.115155
2.085 6.84681 2000 -2957.92 -6.84681 -2000 0.0976121
2.09 6.98525 2000 -3017.71 -6.98525 -2000 0.0819463
2.095 7.10483 2000 -3069.36 -7.10483 -2000 0.0682915
2.1 7.20861 2000 -3114.18 -7.20861 -2000 0.0566005
2.105 7.29877 2000 -3153.12 -7.29877 -2000 0.0467132
2.11 7.37641 2000 -3186.65 -7.37641 -2000 0.0384134
2.115 7.4419 2000 -3214.93 -7.4419 -2000 0.0315033
2.12 7.49565 2000 -3238.14 -7.49565 -2000 0.0257648
2.125 7.53855 2000 -3256.67 -7.53855 -2000 0.0209891
2.13 7.57229 2000 -3271.25 -7.57229 -2000 0.0170413
2.135 7.59951 2000 -3283 -7.59951 -2000 0.0138033
2.14 7.62375 2000 -3293.47 -7.62375 -2000 0.0111699
2.145 7.64903 2000 -3304.39 -7.64903 -2000 0.00904857
2.15 7.67941 2000 -3317.51 -7.67941 -2000 0.00736305
2.155 7.71867 2000 -3334.47 -7.71867 -2000 0.00605829
2.16 7.77 2000 -3356.65 -7.77 -2000 0.00510039
2.165 7.83559 2000 -3384.98 -7.83559 -2000 0.00446768
2.17 7.91669 2000 -3420.02 -7.91669 -2000 0.00410701
2.175 8.01422 2000 -3462.15 -8.01422 -2000 0.00398346
2.18 8.12888 2000 -3511.68 -8.12888 -2000 0.00408266
2.185 8.26136 2000 -3568.91 -8.26136 -2000 0.00435244
2.19 8.41265 2000 -3634.27 -8.41265 -2000 0.0047299
2.195 8.58417 2000 -3708.37 -8.58417 -2000 0.00514033
2.2 8.77779 2000 -3792.01 -8.77779 -2000 0.00548891
2.205 8.99572 2000 -3886.15 -8.99572 -2000 0.00564553
2.21 9.24041 2000 -3991.86 -9.24041 -2000 0.00542179
2.215 9.51424 2000 -4110.16 -9.51424 -2000 0.00453674
2.22 9.81904 2000 -4241.83 -9.81904 -2000 0.00256768
2.225 10.1557 2000 -4387.27 -10.1557 -2000 -0.00112121
2.23 10.524 2000 -4546.37 -10.524 -2000 -0.00748509
2.235 10.9221 1999.99 -4718.32 -10.9221 -1999.99 -0.017916
2.24 11.3461 1999.99 -4901.47 -11.3461 -1999.99 -0.034213
2.245 11.7903 1999.99 -5093.34 -11.7903 -1999.99 -0.0580603
2.25 12.2478 1999.99 -5290.95 -12.2478 -1999.99 -0.0897256
2.255 12.7117 1999.99 -5491.33 -12.7117 -1999.99 -0.126441
2.26 13.1756 1999.99 -5691.71 -13.1756 -1999.99 -0.16199
2.265 13.6335 1999.99 -5889.47 -13.6335 -1999.99 -0.188819
2.27 14.0457 1999.48 -6068.65 -14.0457 -1999.48 0.917395
2.275 14.4207 1999.15 -6231.43 -14.4207 -1999.15 1.67437
2.28 14.7786 1999.31 -6385.71 -14.7786 -1999.31 1.3543
2.285 15.1126 1999.44 -6529.74 -15.1126 -1999.44 1.10398
2.29 15.4174 1999.54 -6661.24 -15.4174 -1999.54 0.905873
2.295 15.6873 1999.63 -6777.67 -15.6873 -1999.63 0.745871
2.3 15.916 1999.7 -6876.34 -15.916 -1999.7 0.614157
2.305 16.097 1999.76 -6954.42 -16.097 -1999.76 0.504027
2.31 16.2243 1999.8 -7009.3 -16.2243 -1999.8 0.411122
2.315 16.2925 1999.84 -7038.67 -16.2925 -1999.84 0.33287
2.32 16.297 1999.87 -7040.58 -16.297 -1999.87 0.267961
2.325 16.2214 1999.73 -7008.22 -16.2214 -1999.73 0.592682
2.33 16.0625 1999.66 -6939.76 -16.0625 -1999.66 0.766482
2.335 15.8173 1999.73 -6833.7 -15.8173 -1999.73 0.613791
2.34 15.4811 1999.78 -6688.33 -15.4811 -1999.78 0.485837
2.345 15.0505 1999.82 -6502.2 -15.0505 -1999.82 0.372037
2.35 14.523 1999.86 -6274.2 -14.523 -1999.86 0.261089
2.355 13.8973 1999.89 -6003.79 -13.8973 -1999.89 0.141648
2.36 13.1737 1999.91 -5691.05 -13.1737 -1999.91 0.00428696
2.365 12.354 1999.93 -5336.75 -12.354 -1999.93 -0.155279
2.37 11.4418 1999.95 -4942.55 -11.4418 -1999.95 -0.332463
2.375 10.4439 1999.96 -4511.24 -10.4439 -1999.96 -0.511298
2.38 9.36979 1999.97 -4047.08 -9.36979 -1999.97 -0.664799
2.385 8.23321 1999.97 -3555.98 -8.23321 -1999.97 -0.769097
2.39 7.0511 1999.97 -3045.27 -7.0511 -1999.97 -0.807746
2.395 5.84269 1999.97 -2523.27 -5.84269 -1999.97 -0.779098
2.4 4.62871 1999.97 -1998.91 -4.62871 -1999.97 -0.697214
2.405 3.43094 1999.97 -1481.59 -3.43094 -1999.97 -0.581361
2.41 2.2715 1999.96 -980.842 -2.2715 -1999.96 -0.444362
2.415 1.1711 1999.96 -505.619 -1.1711 -1999.96 -0.293847
2.42 0.147512 1999.96 -63.5862 -0.147512 -1999.96 -0.139028
2.425 -0.784337 1999.94 338.837 0.784337 -1999.94 -0.00352512
2.43 -1.61216 1999.92 696.334 1.61216 -1999.92 0.119874
2.435 -2.32643 1999.89 1004.83 2.32643 -1999.89 0.185909
2.44 -2.9196 1999.84 1261.06 2.9196 -1999.84 0.204225
2.445 -3.38581 1999.76 1462.52 3.38581 -1999.76 0.148226
2.45 -3.72454 1999.74 1608.89 3.72454 -1999.74 0.108364
2.455 -3.93619 1999.77 1700.32 3.93619 -1999.77 0.116133
2.46 -4.02156 1999.8 1737.23 4.02156 -1999.8 0.0861819
2.465 -3.98034 1999.8 1719.5 3.98034 -1999.8 0.00464527
2.47 -3.8077 1999.79 1644.99 3.8077 -1999.79 -0.0669598
2.475 -3.50502 1999.83 1514.22 3.50502 -1999.83 -0.0512924
2.48 -3.07346 1999.86 1327.77 3.07346 -1999.86 -0.0305342
2.485 -2.5149 1999.89 1086.43 2.5149 -1999.89 0.00597336
2.49 -1.83173 1999.92 791.234 1.83173 -1999.92 0.0725168
2.495 -1.02705 1999.93 443.501 1.02705 -1999.93 0.183335
2.5 -0.105199 1999.95 45.1005 0.105199 -1999.95 0.345575
2.505 0.927459 1999.96 -401.213 -0.927459 -1999.96 0.550661
2.51 2.0619 1999.97 -891.506 -2.0619 -1999.97 0.766257
2.515 3.28613 1999.98 -1420.56 -3.28613 -1999.98 0.949031
2.52 4.58541 1999.98 -1981.95 -4.58541 -1999.98 1.05812
2.525 5.94305 1999.97 -2568.47 -5.94305 -1999.97 1.0712
2.53 7.34205 1999.97 -3172.76 -7.34205 -1999.97 0.99203
2.535 8.76687 1999.97 -3788.13 -8.76687 -1999.97 0.847382
2.54 10.2044 1999.96 -4408.96 -10.2044 -1999.96 0.660669
2.545 11.6446 1999.96 -5030.88 -11.6446 -1999.96 0.432542
2.55 13.08 1999.96 -5650.69 -13.08 -1999.96 0.141854
2.555 14.505 1999.95 -6265.94 -14.505 -1999.95 -0.20683
2.56 15.915 1999.95 -6874.77 -15.915 -1999.95 -0.52948
2.565 17.1624 1997.83 -7418.74 -17.1624 -1997.83 4.56177
2.57 18.3456 1996.8 -7932.54 -18.3456 -1996.8 7.25953
2.575 19.5103 1997.37 -8434.61 -19.5103 -1997.37 6.16778
2.58 20.646 1997.83 -8924.41 -20.646 -1997.83 5.33495
2.585 21.7503 1998.21 -9400.81 -21.7503 -1998.21 4.67548
2.59 22.8213 1998.51 -9862.93 -22.8213 -1998.51 4.14993
2.595 23.842 1998.8 -10304.9 -23.842 -1998.8 5.15594
2.6 24.8171 1999.07 -10727.9 -24.8171 -1999.07 6.87533
2.605 25.7265 1999.43 -11125.8 -25.7265 -1999.43 11.9726
2.61 26.5993 1999.65 -11504.9 -26.5993 -1999.65 14.0467
2.615 27.4537 1999.68 -11871.6 -27.4537 -1999.68 11.6061
2.62 28.2114 2000.08 -12203.4 -28.2114 -2000.08 16.0589
2.625 28.9232 2000.3 -12513.2 -28.9232 -2000.3 18.3577
2.63 29.5849 2000.44 -12798.5 -29.5849 -2000.44 17.7984
2.635 30.2124 2000.44 -13067.7 -30.2124 -2000.44 15.8992
2.64 30.7568 2000.7 -13304.2 -30.7568 -2000.7 17.2389
2.645 31.2236 2000.93 -13507.8 -31.2236 -2000.93 19.266
2.65 31.6746 2000.73 -13699 -31.6746 -2000.73 15.5746
2.655 32.0906 2000.58 -13875.8 -32.0906 -2000.58 12.6346
2.66 32.4742 2000.45 -14039.1 -32.4742 -2000.45 10.2904
2.665 32.8287 2000.36 -14190.4 -32.8287 -2000.36 8.38779
2.67 33.1575 2000.28 -14330.9 -33.1575 -2000.28 6.84309
2.675 33.4641 2000.22 -14462.1 -33.4641 -2000.22 5.5889
2.68 33.7502 2000.19 -14584.8 -33.7502 -2000.19 4.74727
2.685 33.9911 2000.33 -14689.9 -33.9911 -2000.33 5.73427
2.69 34.2232 2000.29 -14789.7 -34.2232 -2000.29 5.33098
2.695 34.4496 2000.23 -14886.6 -34.4496 -2000.23 4.3421
2.7 34.67 2000.18 -14981 -34.67 -2000.18 3.54459
2.705 34.8856 2000.14 -15073.5 -34.8856 -2000.14 2.90143
2.71 35.0973 2000.11 -15164.4 -35.0973 -2000.11 2.38279
2.715 35.3055 2000.08 -15253.9 -35.3055 -2000.08 1.96456
2.72 35.5104 2000.06 -15342.1 -35.5104 -2000.06 1.62719
2.725 35.7124 2000.05 -15429.1 -35.7124 -2000.05 1.35495
2.73 35.9117 2000.04 -15515 -35.9117 -2000.04 1.13519
2.735 36.1088 2000.03 -15600 -36.1088 -2000.03 0.957751
2.74 36.3041 2000.02 -15684.2 -36.3041 -2000.02 0.81453
2.745 36.4978 2000.01 -15767.8 -36.4978 -2000.01 0.698958
2.75 36.6905 2000.01 -15850.9 -36.6905 -2000.01 0.605778
2.755 36.8823 2000 -15933.7 -36.8823 -2000 0.530754
2.76 37.0733 2000 -16016.1 -37.0733 -2000 0.470389
2.765 37.2518 2000.12 -16094.1 -37.2518 -2000.12 1.30591
2.77 37.4233 2000.2 -16168.7 -37.4233 -2000.2 1.83457
2.775 37.594 2000.16 -16242.1 -37.594 -2000.16 1.51414
2.78 37.7596 2000.13 -16313.4 -37.7596 -2000.13 1.25442
2.785 37.9167 2000.1 -16381.1 -37.9167 -2000.1 1.12018
2.79 38.0604 2000.09 -16443.3 -38.0604 -2000.09 1.19256
2.795 38.1884 2000.08 -16498.6 -38.1884 -2000.08 1.17629
2.8 38.296 2000.07 -16545 -38.296 -2000.07 1.15586
2.805 38.3804 2000.06 -16581.3 -38.3804 -2000.06 0.941952
2.81 38.4373 2000.05 -16605.7 -38.4373 -2000.05 0.763942
2.815 38.4637 2000.04 -16616.9 -38.4637 -2000.04 0.61644
2.82 38.454 1999.99 -16612.8 -38.454 -1999.99 0.712316
2.825 38.3964 1999.93 -16588.2 -38.3964 -1999.93 0.98427
2.83 38.2909 1999.95 -16542.4 -38.2909 -1999.95 0.787179
2.835 38.1332 1999.96 -16474.2 -38.1332 -1999.96 0.61743
2.84 37.9195 1999.98 -16382 -37.9195 -1999.98 0.770551
2.845 37.6472 2000.01 -16264.8 -37.6472 -2000.01 1.15707
2.85 37.316 2000.02 -16121.7 -37.316 -2000.02 1.24971
2.855 36.9274 2000.01 -15953.4 -36.9274 -2000.01 0.81625
2.86 36.4408 2000.38 -15746.2 -36.4408 -2000.38 3.82371
2.865 35.8906 2000.53 -15509.7 -35.8906 -2000.53 4.93469
2.87 35.287 2000.42 -15247.6 -35.287 -2000.42 3.59846
2.875 34.6277 2000.33 -14961.7 -34.6277 -2000.33 2.50786
2.88 33.9194 2000.25 -14654.8 -33.9194 -2000.25 1.63506
2.885 33.1698 2000.2 -14330.3 -33.1698 -2000.2 0.962212
2.89 32.3086 2000.74 -13965.9 -32.3086 -2000.74 8.63084
2.895 31.3841 2001.12 -13571.6 -31.3841 -2001.12 13.7077
2.9 30.4583 2000.9 -13168.8 -30.4583 -2000.9 10.8609
2.905 29.5103 2000.72 -12757 -29.5103 -2000.72 8.61361
2.91 28.4349 2001.29 -12302.2 -28.4349 -2001.29 18.351
2.915 27.2882 2001.71 -11813.7 -27.2882 -2001.71 25.1515
2.92 26.117 2001.68 -11307.1 -26.117 -2001.68 24.6094
2.925 24.854 2001.98 -10769.3 -24.854 -2001.98 32.4336
2.93 23.5755 2001.96 -10218.8 -23.5755 -2001.96 34.2004
2.935 22.3147 2001.63 -9669.27 -22.3147 -2001.63 29.3377
2.94 21.0106 2001.49 -9105.8 -21.0106 -2001.49 29.2163
2.945 19.7144 2001.29 -8543.58 -19.7144 -2001.29 26.967
2.95 18.416 2001.18 -7982.39 -18.416 -2001.18 26.6914
2.955 17.1482 2001 -7431.3 -17.1482 -2001 23.2681
2.96 15.909 2000.8 -6891.5 -15.909 -2000.8 18.8087
2.965 14.697 2000.64 -6364.33 -14.697 -2000.64 15.2216
2.97 13.5194 2000.51 -5852.71 -13.5194 -2000.51 12.3357
2.975 12.3846 2000.41 -5360.16 -12.3846 -2000.41 10.0068
2.98 11.3016 2000.33 -4890.42 -11.3016 -2000.33 8.12685
2.985 10.2786 2000.26 -4446.97 -10.2786 -2000.26 6.61162
2.99 9.32294 2000.21 -4032.89 -9.32294 -2000.21 5.37823
2.995 8.44048 2000.16 -3650.66 -8.44048 -2000.16 4.3757
3 7.63534 2000.13 -3302.03 -7.63534 -2000.13 3.56628
3.005 6.90989 2000.11 -2987.98 -6.90989 -2000.11 2.90641
3.01 6.26434 2000.08 -2708.56 -6.26434 -2000.08 2.36764
3.015 5.69629 2000.06 -2462.72 -5.69629 -2000.06 1.92435
3.02 5.19996 2000.05 -2247.94 -5.19996 -2000.05 1.5636
3.025 4.76614 2000.04 -2060.24 -4.76614 -2000.04 1.26741
3.03 4.38249 2000.03 -1894.26 -4.38249 -2000.03 1.0254
3.035 4.0346 2000.02 -1743.78 -4.0346 -2000.02 0.828303
3.04 3.70708 2000.02 -1602.13 -3.70708 -2000.02 0.674246
3.045 3.38483 2000.01 -1462.79 -3.38483 -2000.01 0.544191
3.05 3.05441 2000.01 -1319.95 -3.05441 -2000.01 0.440998
3.055 2.70603 2000.01 -1169.37 -2.70603 -2000.01 0.361469
3.06 2.33396 2000 -1008.56 -2.33396 -2000 0.289706
3.065 1.93556 2000 -836.409 -1.93556 -2000 0.246185
3.07 1.51058 2000 -652.786 -1.51058 -2000 0.216738
3.075 1.06049 1999.99 -458.308 -1.06049 -1999.99 0.173927
3.08 0.586788 1999.99 -253.65 -0.586788 -1999.99 0.158095
3.085 0.0916984 1999.99 -39.7469 -0.0916984 -1999.99 0.133178
3.09 -0.422907 1999.98 182.588 0.422907 -1999.98 0.107724
3.095 -0.955904 1999.97 412.88 0.955904 -1999.97 0.0707182
3.1 -1.50769 1999.96 651.272 1.50769 -1999.96 0.0512247
3.105 -2.07877 1999.93 898.054 2.07877 -1999.93 -0.026254
3.11 -2.67224 1999.89 1154.38 2.67224 -1999.89 0.0300173
3.115 -3.28988 1999.84 1421.09 3.28988 -1999.84 0.137304
3.12 -3.93458 1999.79 1699.4 3.93458 -1999.79 0.336789
3.125 -4.61168 1999.77 1991.64 4.61168 -1999.77 0.602977
3.13 -5.32158 1999.69 2297.31 5.32158 -1999.69 1.61247
3.135 -6.05572 1999.51 2612.54 6.05572 -1999.51 3.53207
3.14 -6.78858 1999.34 2931.33 6.78858 -1999.34 1.33277
3.145 -7.53637 1999.32 3257.54 7.53637 -1999.32 -1.82853
3.15 -8.32646 1999.42 3598.97 8.32646 -1999.42 -1.93948
3.155 -9.15198 1999.51 3955.38 9.15198 -1999.51 -1.72149
3.16 -10.0138 1999.58 4327.55 10.0138 -1999.58 -1.56488
3.165 -10.9156 1999.63 4716.98 10.9156 -1999.63 -1.46011
3.17 -11.8614 1999.68 5125.5 11.8614 -1999.68 -1.40076
3.175 -12.8551 1999.7 5554.8 12.8551 -1999.7 -1.38203
3.18 -13.8993 1999.72 6005.88 13.8993 -1999.72 -1.40005
3.185 -14.9941 1999.73 6478.92 14.9941 -1999.73 -1.45112
3.19 -16.1385 1999.74 6973.38 16.1385 -1999.74 -1.53146
3.195 -17.3297 1999.74 7488.09 17.3297 -1999.74 -1.63716
3.2 -18.5633 1999.73 8021.1 18.5633 -1999.73 -1.76378
3.205 -19.8328 1999.72 8569.66 19.8328 -1999.72 -1.90602
3.21 -21.1061 1999.81 9123.13 21.1061 -1999.81 -5.29039
3.215 -22.3522 2000.07 9669.59 22.3522 -2000.07 -13.4623
3.22 -23.5867 2000.23 10208 23.5867 -2000.23 -18.5351
3.225 -24.844 2000.12 10748.1 24.844 -2000.12 -15.5171
3.23 -25.9813 2000.6 11249.1 25.9813 -2000.6 -25.1964
3.235 -27.0902 2000.81 11731.6 27.0902 -2000.81 -28.611
3.24 -28.0716 2001.49 12160.9 28.0716 -2001.49 -33.9851
3.245 -28.9284 2002.1 12539 28.9284 -2002.1 -41.9003
3.25 -29.7788 2001.76 12901.6 29.7788 -2001.76 -37.1894
3.255 -30.587 2001.37 13243.9 30.587 -2001.37 -30.3282
3.26 -31.3086 2001.37 13552.9 31.3086 -2001.37 -27.5772
3.265 -31.9299 2001.53 13821.1 31.9299 -2001.53 -27.4382
3.27 -32.5124 2001.27 14069.4 32.5124 -2001.27 -24.0311
3.275 -33.0598 2001 14301.5 33.0598 -2001 -19.6294
3.28 -33.5696 2000.78 14518.1 33.5696 -2000.78 -16.0557
3.285 -34.0458 2000.61 14720.9 34.0458 -2000.61 -13.1519
3.29 -34.4919 2000.47 14911.3 34.4919 -2000.47 -10.7912
3.295 -34.8901 2000.59 15083 34.8901 -2000.59 -10.4483
3.3 -35.2482 2000.68 15237.4 35.2482 -2000.68 -10.1509
3.305 -35.5882 2000.54 15382.4 35.5882 -2000.54 -8.30281
3.31 -35.9049 2000.42 15517.7 35.9049 -2000.42 -6.80005
3.315 -36.1983 2000.33 15643.3 36.1983 -2000.33 -5.57615
3.32 -36.466 2000.28 15758.3 36.466 -2000.28 -5.01799
3.325 -36.7104 2000.24 15863.4 36.7104 -2000.24 -4.55056
3.33 -36.9359 2000.19 15960 36.9359 -2000.19 -3.7277
3.335 -37.1434 2000.15 16049 37.1434 -2000.15 -3.05598
3.34 -37.3365 2000.12 16131.9 37.3365 -2000.12 -2.50799
3.345 -37.5194 2000.09 16210.4 37.5194 -2000.09 -2.06192
3.35 -37.6962 2000.08 16286.6 37.6962 -2000.08 -1.86521
3.355 -37.8728 2000.07 16362.9 37.8728 -2000.07 -1.81975
3.36 -38.0592 2000.05 16443.1 38.0592 -2000.05 -1.5094
3.365 -38.2631 2000.04 16530.9 38.2631 -2000.04 -1.26794
3.37 -38.4936 2000.03 16630.3 38.4936 -2000.03 -1.08813
3.375 -38.7458 2000.12 16741.1 38.7458 -2000.12 -2.93206
3.38 -39.0312 2000.19 16865.9 39.0312 -2000.19 -4.46421
3.385 -39.3501 2000.36 17003.9 39.3501 -2000.36 -4.70559
3.39 -39.7074 2000.44 17158.3 39.7074 -2000.44 -4.68888
3.395 -40.1112 2000.34 17332.1 40.1112 -2000.34 -4.04493
3.4 -40.5548 2000.3 17524.2 40.5548 -2000.3 -4.55656
3.405 -41.0221 2000.37 17728.5 41.0221 -2000.37 -7.00219
3.41 -41.5268 2000.41 17948.4 41.5268 -2000.41 -8.8913
3.415 -42.0716 2000.43 18185.4 42.0716 -2000.43 -10.4263
3.42 -42.6209 2000.58 18426.3 42.6209 -2000.58 -14.0715
3.425 -43.2227 2000.41 18684.7 43.2227 -2000.41 -12.5009
3.43 -43.7984 2000.86 18942 43.7984 -2000.86 -21.0902
3.435 -44.3991 2001.09 19206.7 44.3991 -2001.09 -26.2887
3.44 -44.9429 2001.98 19452 44.9429 -2001.98 -36.691
3.445 -45.4971 2002.35 19694.3 45.4971 -2002.35 -39.5613
3.45 -46.0266 2002.3 19923.3 46.0266 -2002.3 -39.8594
3.455 -46.5231 2002.32 20139.8 46.5231 -2002.32 -41.8604
3.46 -47.0005 2002.25 20346.4 47.0005 -2002.25 -42.1784
3.465 -47.4585 2002.55 20536.5 47.4585 -2002.55 -34.4077
3.47 -47.8848 2002.37 20715.4 47.8848 -2002.37 -29.2056
3.475 -48.2883 2001.99 20883.7 48.2883 -2001.99 -23.1921
3.48 -48.6525 2001.66 21039.7 48.6525 -2001.66 -21.831
3.485 -48.9759 2001.22 21183.1 48.9759 -2001.22 -25.5008
3.49 -49.2475 2001.3 21307.1 49.2475 -2001.3 -32.1999
3.495 -49.4172 2001.22 21392.2 49.4172 -2001.22 -43.9592
3.5 -49.5795 2000.82 21463.5 49.5795 -2000.82 -45.1495
3.505 -49.7006 2000.53 21519.1 49.7006 -2000.53 -48.4707
3.51 -49.7577 2000.38 21550.7 49.7577 -2000.38 -55.3914
3.515 -49.5711 1999.22 21508.8 49.5711 -1999.22 -94.0474
3.52 -49.3157 1998.16 21423.8 49.3157 -1998.16 -119.414
3.525 -49.0983 1997.9 21322.3 49.0983 -1997.9 -111.861
3.53 -48.8794 1997.93 21212 48.8794 -1997.93 -96.0831
3.535 -48.5767 1997.67 21077 48.5767 -1997.67 -91.8209
3.54 -48.2622 1998.17 20931.8 48.2622 -1998.17 -82.5094
3.545 -47.9397 1998.51 20780.4 47.9397 -1998.51 -70.4361
3.55 -47.5989 1998.53 20622.9 47.5989 -1998.53 -60.1532
3.555 -47.2523 1998.63 20460.5 47.2523 -1998.63 -47.4915
3.56 -46.8886 1998.84 20293.7 46.8886 -1998.84 -37.8438
3.565 -46.5021 1998.87 20121.5 46.5021 -1998.87 -32.5444
3.57 -46.0895 1998.97 19936.9 46.0895 -1998.97 -26.1868
3.575 -45.8235 2000.07 19792.1 45.8235 -2000.07 3.61203
3.58 -45.6542 2000.78 19696.3 45.6542 -2000.78 26.3012
3.585 -45.4168 2000.54 19599.6 45.4168 -2000.54 20.4065
3.59 -45.1844 2000.35 19504 45.1844 -2000.35 15.6879
3.595 -44.9565 2000.2 19409.3 44.9565 -2000.2 11.8914
3.6 -44.7331 2000.08 19315.7 44.7331 -2000.08 8.94843
3.605 -44.5151 1999.96 19223.5 44.5151 -1999.96 7.05012
3.61 -44.3666 2000.28 19151.1 44.3666 -2000.28 15.305
3.615 -44.2498 2000.59 19094.2 44.2498 -2000.59 21.6899
3.62 -44.1061 2000.43 19036.4 44.1061 -2000.43 17.4253
3.625 -43.9642 2000.29 18978.9 43.9642 -2000.29 13.5923
3.63 -43.8243 2000.17 18921.6 43.8243 -2000.17 10.5022
3.635 -43.6854 2000.08 18864.1 43.6854 -2000.08 8.00528
3.64 -43.5465 2000 18806.1 43.5465 -2000 5.9805
3.645 -43.4067 1999.93 18747.4 43.4067 -1999.93 4.32985
3.65 -43.2682 1999.93 18688 43.2682 -1999.93 3.87619
3.655 -43.1257 1999.89 18627.2 43.1257 -1999.89 3.11162
3.66 -42.9783 1999.83 18564.7 42.9783 -1999.83 1.92395
3.665 -42.8233 1999.7 18499.3 42.8233 -1999.7 0.349522
3.67 -42.6616 1999.58 18430.9 42.6616 -1999.58 -1.07126
3.675 -42.5538 2000.1 18376.7 42.5538 -2000.1 6.58537
3.68 -42.4409 2000.34 18324.6 42.4409 -2000.34 9.92592
3.685 -42.312 2000.21 18271.2 42.312 -2000.21 7.58035
3.69 -42.1852 2000.1 18218.3 42.1852 -2000.1 5.69361
3.695 -42.0615 2000.02 18166.4 42.0615 -2000.02 4.1759
3.7 -41.942 1999.95 18116 41.942 -1999.95 2.96289
3.705 -41.8274 1999.9 18067.4 41.8274 -1999.9 2.00272
3.71 -41.7186 1999.86 18021.2 41.7186 -1999.86 1.25241
3.715 -41.616 1999.83 17977.4 41.616 -1999.83 0.675134
3.72 -41.52 1999.82 17936.4 41.52 -1999.82 0.240239
3.725 -41.431 1999.81 17898.3 41.431 -1999.81 -0.0769715
3.73 -41.3492 1999.81 17863.1 41.3492 -1999.81 -0.299002
3.735 -41.2747 1999.81 17831.1 41.2747 -1999.81 -0.44396
3.74 -41.2079 1999.82 17802.3 41.2079 -1999.82 -0.527399
3.745 -41.1486 1999.83 17776.8 41.1486 -1999.83 -0.562891
3.75 -41.0968 1999.85 17754.4 41.0968 -1999.85 -0.562312
3.755 -41.0524 1999.86 17735.2 41.0524 -1999.86 -0.535912
3.76 -41.0399 2000.04 17726 41.0399 -2000.04 3.25393
3.765 -41.0326 2000.14 17721 41.0326 -2000.14 5.12758
3.77 -41.0204 2000.11 17716.7 41.0204 -2000.11 4.10971
3.775 -41.0116 2000.09 17713.7 41.0116 -2000.09 3.29738
3.78 -41.006 2000.07 17712 41.006 -2000.07 2.64808
3.785 -41.0037 2000.05 17711.5 41.0037 -2000.05 2.12781
3.79 -40.976 1999.95 17704.3 40.976 -1999.95 -2.66021
3.795 -40.9332 1999.87 17688.9 40.9332 -1999.87 -5.81182
3.8 -40.8873 1999.88 17667.5 40.8873 -1999.88 -4.17216
3.805 -40.8296 1999.87 17640.7 40.8296 -1999.87 -2.28037
3.81 -40.7656 1999.84 17611 40.7656 -1999.84 -0.203456
3.815 -40.699 1999.8 17580.2 40.699 -1999.8 1.74367
3.82 -40.6322 1999.78 17549.8 40.6322 -1999.78 3.28223
3.825 -40.5662 1999.77 17520.4 40.5662 -1999.77 4.25271
3.83 -40.5019 1999.78 17492.2 40.5019 -1999.78 4.68293
3.835 -40.4403 1999.79 17465.5 40.4403 -1999.79 4.69431
3.84 -40.3824 1999.81 17440.8 40.3824 -1999.81 4.42502
3.845 -40.3299 1999.84 17418.5 40.3299 -1999.84 3.99138
3.85 -40.2845 1999.86 17399.4 40.2845 -1999.86 3.48048
3.855 -40.2475 1999.88 17384 40.2475 -1999.88 2.95476
3.86 -40.2199 1999.9 17372.5 40.2199 -1999.9 2.45603
3.865 -40.202 1999.92 17365.3 40.202 -1999.92 2.00886
3.87 -40.1937 1999.94 17362.1 40.1937 -1999.94 1.62478
3.875 -40.1981 1999.93 17363.8 40.1981 -1999.93 1.80168
3.88 -40.2237 1999.91 17374.2 40.2237 -1999.91 2.38557
3.885 -40.2644 1999.93 17392.4 40.2644 -1999.93 1.78289
3.89 -40.3184 1999.96 17416.6 40.3184 -1999.96 0.964298
3.895 -40.38 2000 17444.4 40.38 -2000 -0.211615
3.9 -40.4441 2000.04 17473.6 40.4441 -2000.04 -1.6937
3.905 -40.5082 2000.08 17502.7 40.5082 -2000.08 -3.15621
3.91 -40.5711 2000.11 17531 40.5711 -2000.11 -4.32662
3.915 -40.6325 2000.13 17558.3 40.6325 -2000.13 -5.09457
3.92 -40.6926 2000.12 17584.7 40.6926 -2000.12 -5.48981
3.925 -40.7523 2000.11 17610.5 40.7523 -2000.11 -5.52468
3.93 -40.8125 2000.1 17636.2 40.8125 -2000.1 -5.23425
3.935 -40.8731 2000.09 17661.9 40.8731 -2000.09 -4.77602
3.94 -40.931 2000.04 17686.8 40.931 -2000.04 -4.66458
3.945 -40.9422 1999.69 17698.2 40.9422 -1999.69 -11.2047
3.95 -40.9098 1999.38 17691 40.9098 -1999.38 -17.9909
3.955 -40.9044 1999.5 17685.4 40.9044 -1999.5 -14.6582
3.96 -40.8979 1999.6 17679.8 40.8979 -1999.6 -11.9063
3.965 -40.8911 1999.67 17674.6 40.8911 -1999.67 -9.64679
3.97 -40.8849 1999.74 17670.1 40.8849 -1999.74 -7.80077
3.975 -40.8778 1999.72 17665.8 40.8778 -1999.72 -6.56828
3.98 -40.873 1999.74 17662.6 40.873 -1999.74 -5.46558
3.985 -40.8714 1999.79 17660.9 40.8714 -1999.79 -4.40079
3.99 -40.8722 1999.83 17660.3 40.8722 -1999.83 -3.53967
3.995 -40.8542 1999.81 17655.1 40.8542 -1999.81 -6.06763
4 -40.8158 1999.79 17640.5 40.8158 -1999.79 -8.08113
4.005 -40.7698 1999.81 17618.5 40.7698 -1999.81 -5.99033
4.01 -40.7094 1999.81 17590.1 40.7094 -1999.81 -3.62978
4.015 -40.6397 1999.79 17557.3 40.6397 -1999.79 -0.98518
4.02 -40.5641 1999.76 17522 40.5641 -1999.76 1.64115
4.025 -40.4838 1999.72 17485.1 40.4838 -1999.72 3.86066
4.03 -40.3986 1999.67 17446.8 40.3986 -1999.67 5.3579
4.035 -40.3088 1999.66 17407.2 40.3088 -1999.66 6.17711
4.04 -40.2145 1999.58 17366.1 40.2145 -1999.58 6.61013
4.045 -40.116 1999.55 17323.6 40.116 -1999.55 6.55794
4.05 -40.0131 1999.61 17279.6 40.0131 -1999.61 6.10583
4.055 -39.9051 1999.67 17233.5 39.9051 -1999.67 5.51762
4.06 -39.7925 1999.72 17185.5 39.7925 -1999.72 4.87536
4.065 -39.676 1999.76 17135.8 39.676 -1999.76 4.23586
4.07 -39.5562 1999.78 17084.7 39.5562 -1999.78 3.60406
4.075 -39.4344 1999.79 17032.6 39.4344 -1999.79 3.03423
4.08 -39.3114 1999.82 16980 39.3114 -1999.82 2.56032
4.085 -39.1873 1999.86 16926.8 39.1873 -1999.86 2.10297
4.09 -39.0546 2000.04 16870.5 39.0546 -2000.04 1.09672
4.095 -38.9211 2000.03 16813 38.9211 -2000.03 0.92559
4.1 -38.788 2000.01 16755.7 38.788 -2000.01 0.776576
4.105 -38.6558 2000 16698.7 38.6558 -2000 0.648584
4.11 -38.5248 2000 16642.2 38.5248 -2000 0.539666
4.115 -38.3892 2000.22 16584.7 38.3892 -2000.22 -0.603116
4.12 -38.247 2000.42 16524.4 38.247 -2000.42 -1.66693
4.125 -38.107 2000.33 16463.6 38.107 -2000.33 -1.32769
4.13 -37.9698 2000.26 16404 37.9698 -2000.26 -1.05681
4.135 -37.8354 2000.2 16345.7 37.8354 -2000.2 -0.840253
4.14 -37.7041 2000.16 16288.8 37.7041 -2000.16 -0.667115
4.145 -37.5759 2000.12 16233.3 37.5759 -2000.12 -0.528711
4.15 -37.4509 2000.09 16179.2 37.4509 -2000.09 -0.418084
4.155 -37.3292 2000.07 16126.5 37.3292 -2000.07 -0.329682
4.16 -37.2109 2000.05 16075.4 37.2109 -2000.05 -0.259084
4.165 -37.096 2000.03 16025.7 37.096 -2000.03 -0.202746
4.17 -36.9847 2000.02 15977.5 36.9847 -2000.02 -0.157831
4.175 -36.877 2000.01 15931 36.877 -2000.01 -0.122073
4.18 -36.7741 2000.05 15885.8 36.7741 -2000.05 0.645646
4.185 -36.6735 2000.06 15842.1 36.6735 -2000.06 0.890878
4.19 -36.5756 2000.04 15799.9 36.5756 -2000.04 0.719755
4.195 -36.4821 2000.03 15759.7 36.4821 -2000.03 0.581881
4.2 -36.3933 2000.02 15721.4 36.3933 -2000.02 0.470735
4.205 -36.3093 2000.01 15685.3 36.3093 -2000.01 0.381079
4.21 -36.2307 2000.01 15651.4 36.2307 -2000.01 0.308699
4.215 -36.1578 2000.01 15619.9 36.1578 -2000.01 0.250208
4.22 -36.0908 2000 15591 36.0908 -2000 0.202886
4.225 -36.0302 2000 15564.9 36.0302 -2000 0.164553
4.23 -35.9762 2000 15541.6 35.9762 -2000 0.133457
4.235 -35.9294 2000 15521.4 35.9294 -2000 0.108191
4.24 -35.8903 2000 15504.5 35.8903 -2000 0.0876302
4.245 -35.8596 2000 15491.3 35.8596 -2000 0.0708751
4.25 -35.8379 2000 15481.9 35.8379 -2000 0.0572255
4.255 -35.8253 2000 15476.5 35.8253 -2000 0.0461169
4.26 -35.8217 2000 15474.9 35.8217 -2000 0.0370993
4.265 -35.836 1999.94 15479.7 35.836 -1999.94 1.45209
4.27 -35.8653 1999.9 15491.4 35.8653 -1999.9 2.40419
4.275 -35.9018 1999.93 15507.8 35.9018 -1999.93 1.71925
4.28 -35.9431 1999.95 15526.4 35.9431 -1999.95 0.994387
4.285 -35.9842 1999.98 15544.9 35.9842 -1999.98 0.316496
4.29 -36.0212 1999.99 15561.4 36.0212 -1999.99 -0.199427
4.295 -36.0515 2000.01 15574.7 36.0515 -2000.01 -0.497359
4.3 -36.0738 2000.01 15584.5 36.0738 -2000.01 -0.599261
4.305 -36.088 2000.01 15590.6 36.088 -2000.01 -0.572062
4.31 -36.0946 2000.01 15593.3 36.0946 -2000.01 -0.486554
4.315 -36.0948 2000.01 15593.3 36.0948 -2000.01 -0.39399
4.32 -36.0874 2000.02 15590.4 36.0874 -2000.02 -0.705897
4.325 -36.0758 2000.02 15585.6 36.0758 -2000.02 -0.819327
4.33 -36.0622 2000.02 15579.5 36.0622 -2000.02 -0.595437
4.335 -36.0471 2000.01 15572.7 36.0471 -2000.01 -0.376674
4.34 -36.0316 2000 15565.8 36.0316 -2000 -0.172819
4.345 -36.0165 2000 15559.1 36.0165 -2000 0.00148543
4.35 -36.0027 2000 15553 36.0027 -2000 0.130944
4.355 -35.9913 1999.99 15548.1 35.9913 -1999.99 0.204497
4.36 -35.9832 1999.99 15544.5 35.9832 -1999.99 0.222604
4.365 -35.9793 1999.99 15542.9 35.9793 -1999.99 0.200093
4.37 -35.9808 1999.99 15543.5 35.9808 -1999.99 0.237985
4.375 -35.9899 1999.99 15547.3 35.9899 -1999.99 0.316906
4.38 -36.0064 1999.99 15554.5 36.0064 -1999.99 0.219
4.385 -36.0306 2000 15565.1 36.0306 -2000 0.0571393
4.39 -36.0613 2000.01 15578.7 36.0613 -2000.01 -0.215744
4.395 -36.0971 2000.02 15594.6 36.0971 -2000.02 -0.614289
4.4 -36.1362 2000.03 15611.9 36.1362 -2000.03 -1.11998
4.405 -36.1775 2000.04 15630.3 36.1775 -2000.04 -1.60557
4.41 -36.2196 2000.05 15648.9 36.2196 -2000.05 -2.02049
4.415 -36.2614 2000.06 15667.2 36.2614 -2000.06 -2.30258
4.42 -36.302 2000.06 15684.9 36.302 -2000.06 -2.42625
4.425 -36.3401 2000.06 15701.3 36.3401 -2000.06 -2.39953
4.43 -36.3746 2000.06 15716.1 36.3746 -2000.06 -2.25251
4.435 -36.4042 2000.05 15728.7 36.4042 -2000.05 -2.02465
4.44 -36.4281 2000.05 15738.7 36.4281 -2000.05 -1.75475
4.445 -36.4453 2000.04 15745.8 36.4453 -2000.04 -1.47552
4.45 -36.4554 2000.03 15749.9 36.4554 -2000.03 -1.21129
4.455 -36.4579 2000.02 15750.8 36.4579 -2000.02 -0.978519
4.46 -36.4442 2000.05 15745.9 36.4442 -2000.05 -2.00553
4.465 -36.4159 2000.06 15734.2 36.4159 -2000.06 -2.57332
4.47 -36.375 2000.04 15715.8 36.375 -2000.04 -1.74749
4.475 -36.3203 2000.01 15691 36.3203 -2000.01 -0.604985
4.48 -36.2542 1999.97 15660.9 36.2542 -1999.97 0.962638
4.485 -36.1793 1999.92 15626.6 36.1793 -1999.92 2.8233
4.49 -36.0966 1999.87 15589.1 36.0966 -1999.87 4.62373
4.495 -36.006 1999.84 15548.6 36.006 -1999.84 5.99088
4.5 -35.9064 1999.78 15504.8 35.9064 -1999.78 6.73767
4.505 -35.8013 1999.65 15459 35.8013 -1999.65 7.12033
4.51 -35.6884 1999.68 15410.5 35.6884 -1999.68 6.83219
4.515 -35.567 1999.68 15358.5 35.567 -1999.68 6.42726
4.52 -35.4286 1999.91 15300.7 35.4286 -1999.91 4.49628
4.525 -35.2724 2000.13 15235.1 35.2724 -2000.13 2.54592
4.53 -35.1085 2000.1 15164.6 35.1085 -2000.1 2.28206
4.535 -34.9372 2000.07 15090.9 34.9372 -2000.07 2.00059
4.54 -34.7624 1999.96 15015.2 34.7624 -1999.96 2.14188
4.545 -34.5845 1999.88 14938.3 34.5845 -1999.88 2.17263
4.55 -34.403 1999.89 14860.2 34.403 -1999.89 1.84545
4.555 -34.2185 1999.89 14780.8 34.2185 -1999.89 1.56954
4.56 -34.0317 1999.9 14700.3 34.0317 -1999.9 1.3392
4.565 -33.843 1999.9 14619 33.843 -1999.9 1.14855
4.57 -33.6532 1999.9 14537.2 33.6532 -1999.9 0.991859
4.575 -33.4626 1999.9 14455 33.4626 -1999.9 0.863809
4.58 -33.2702 1999.93 14372.2 33.2702 -1999.93 0.491629
4.585 -33.0584 2000.3 14283.6 33.0584 -2000.3 -2.38113
4.59 -32.843 2000.43 14191.7 32.843 -2000.43 -3.49924
4.595 -32.63 2000.34 14098.9 32.63 -2000.34 -2.77864
4.6 -32.418 2000.26 14006.8 32.418 -2000.26 -2.1999
4.605 -32.2109 2000.11 13916.3 32.2109 -2000.11 -1.20759
4.61 -32.0076 2000 13827.8 32.0076 -2000 -0.498783
4.615 -31.8068 1999.98 13740.8 31.8068 -1999.98 -0.317001
4.62 -31.6089 1999.97 13655.1 31.6089 -1999.97 -0.0268554
4.625 -31.4087 2000.08 13568.3 31.4087 -2000.08 0.213816
4.63 -31.205 2000.12 13481 31.205 -2000.12 -0.430806
4.635 -31.0058 2000.08 13394.8 31.0058 -2000.08 -0.27821
4.64 -30.8102 2000.04 13310.2 30.8102 -2000.04 -0.156463
4.645 -30.6184 2000.01 13227.2 30.6184 -2000.01 -0.0593482
4.65 -30.433 1999.92 13146.6 30.433 -1999.92 0.470366
4.655 -30.2538 1999.85 13068.7 30.2538 -1999.85 0.902338
4.66 -30.078 1999.85 12992.9 30.078 -1999.85 0.849998
4.665 -29.9062 1999.85 12918.7 29.9062 -1999.85 0.806684
4.67 -29.7383 1999.85 12846.2 29.7383 -1999.85 0.770069
4.675 -29.5641 2000.01 12772.5 29.5641 -2000.01 -0.801958
4.68 -29.3937 2000.08 12699.5 29.3937 -2000.08 -1.4341
4.685 -29.2295 2000.02 12628 29.2295 -2000.02 -0.918385
4.69 -29.0697 1999.98 12558.6 29.0697 -1999.98 -0.502998
4.695 -28.9134 1999.96 12490.9 28.9134 -1999.96 -0.290417
4.7 -28.7645 2000.13 12425.8 28.7645 -2000.13 0.463555
4.705 -28.5902 2000.56 12353 28.5902 -2000.56 -2.01256
4.71 -28.418 2000.52 12279 28.418 -2000.52 -2.41383
4.715 -28.2508 2000.41 12206.2 28.2508 -2000.41 -1.8885
4.72 -28.0879 2000.31 12135.4 28.0879 -2000.31 -1.46774
4.725 -27.9305 2000.24 12067.1 27.9305 -2000.24 -1.13151
4.73 -27.7785 2000.2 12001.4 27.7785 -2000.2 -1.05894
4.735 -27.5896 2000.47 11923.6 27.5896 -2000.47 -4.93553
4.74 -27.4214 2000.34 11850 27.4214 -2000.34 -3.93503
4.745 -27.2659 2000.28 11781.8 27.2659 -2000.28 -2.90916
4.75 -27.1219 2000.27 11718.4 27.1219 -2000.27 -1.80091
4.755 -26.9906 2000.21 11661.4 26.9906 -2000.21 -1.43292
4.76 -26.875 2000.17 11611.1 26.875 -2000.17 -1.1401
4.765 -26.7755 2000.13 11567.9 26.7755 -2000.13 -0.907516
4.77 -26.6925 2000.11 11531.9 26.6925 -2000.11 -0.723064
4.775 -26.626 2000.08 11503 26.626 -2000.08 -0.576934
4.78 -26.576 2000.07 11481.3 26.576 -2000.07 -0.461193
4.785 -26.5319 2000.17 11463.6 26.5319 -2000.17 -1.86467
4.79 -26.5084 2000.19 11453.9 26.5084 -2000.19 -2.24605
4.795 -26.5073 2000.15 11453 26.5073 -2000.15 -1.80781
4.8 -26.5401 2000.07 11464.9 26.5401 -2000.07 0.388834
4.805 -26.5995 2000.02 11489.4 26.5995 -2000.02 1.61121
4.81 -26.6715 2000.11 11522.5 26.6715 -2000.11 -0.386094
4.815 -26.7609 2000.18 11562.9 26.7609 -2000.18 -2.21524
4.82 -26.8657 2000.18 11609.1 26.8657 -2000.18 -3.17025
4.825 -26.9792 2000.19 11659.1 26.9792 -2000.19 -4.13018
4.83 -27.0984 2000.19 11711.3 27.0984 -2000.19 -4.82555
4.835 -27.2209 2000.18 11764.6 27.2209 -2000.18 -5.14892
4.84 -27.344 2000.15 11817.8 27.344 -2000.15 -5.1579
4.845 -27.4645 2000.16 11869.3 27.4645 -2000.16 -4.63113
4.85 -27.5819 2000.13 11919.6 27.5819 -2000.13 -4.24806
4.855 -27.6952 2000.11 11968.1 27.6952 -2000.11 -3.79216
4.86 -27.8025 2000.1 12014 27.8025 -2000.1 -3.31433
4.865 -27.9025 2000.08 12056.7 27.9025 -2000.08 -2.84985
4.87 -27.9937 2000.07 12095.7 27.9937 -2000.07 -2.41885
4.875 -28.0753 2000.05 12130.6 28.0753 -2000.05 -2.03121
4.88 -28.1462 2000.04 12160.8 28.1462 -2000.04 -1.6902
4.885 -28.2051 2000.04 12186 28.2051 -2000.04 -1.39487
4.89 -28.2506 2000.03 12205.4 28.2506 -2000.03 -1.14207
4.895 -28.2809 2000.02 12218.3 28.2809 -2000.02 -0.927927
4.9 -28.292 2000.04 12223.2 28.292 -2000.04 -1.06527
4.905 -28.2816 2000.06 12219.4 28.2816 -2000.06 -1.75789
4.91 -28.2393 2000.1 12202.3 28.2393 -2000.1 -2.92094
4.915 -28.1701 2000.1 12171.8 28.1701 -2000.1 -2.35693
4.92 -28.0755 2000.06 12129.5 28.0755 -2000.06 -0.829983
4.925 -27.9594 2000.01 12077.3 27.9594 -2000.01 1.18345
4.93 -27.8254 1999.96 12017.3 27.8254 -1999.96 3.29417
4.935 -27.6759 1999.92 11951 27.6759 -1999.92 4.97967
4.94 -27.5129 1999.9 11879.6 27.5129 -1999.9 5.95678
4.945 -27.339 1999.91 11804 27.339 -1999.91 6.42438
4.95 -27.1547 1999.96 11724.1 27.1547 -1999.96 6.74
4.955 -26.9646 1999.95 11642.6 26.9646 -1999.95 6.12026
4.96 -26.7748 1999.95 11561.3 26.7748 -1999.95 5.36668
4.965 -26.5785 2000 11478.7 26.5785 -2000 3.16989
4.97 -26.3522 2000.16 11385.4 26.3522 -2000.16 -1.27332
4.975 -26.1384 2000.18 11293.8 26.1384 -2000.18 -2.01263
4.98 -25.9269 2000.24 11203.5 25.9269 -2000.24 -3.02471
4.985 -25.7344 2000.17 11119.4 25.7344 -2000.17 -2.12326
4.99 -25.5546 2000.13 11041.2 25.5546 -2000.13 -1.61786
4.995 -25.3868 2000.1 10968.4 25.3868 -2000.1 -1.27586
5 -25.2291 2000.08 10900 25.2291 -2000.08 -1.00611
5.005 -25.0788 2000.06 10834.8 25.0788 -2000.06 -0.792656
5.01 -24.9327 2000.05 10771.5 24.9327 -2000.05 -0.623144
5.015 -24.7444 2000.43 10696.2 24.7444 -2000.43 -6.63967
5.02 -24.5592 2000.56 10618.2 24.5592 -2000.56 -8.66145
5.025 -24.3742 2000.45 10536.6 24.3742 -2000.45 -6.96195
5.03 -24.1766 2000.36 10449.9 24.1766 -2000.36 -5.59671
5.035 -23.9636 2000.29 10356.8 23.9636 -2000.29 -4.49739
5.04 -23.7331 2000.23 10256.3 23.7331 -2000.23 -3.61292
5.045 -23.483 2000.18 10147.5 23.483 -2000.18 -2.90135
5.05 -23.2123 2000.14 10029.9 23.2123 -2000.14 -2.22227
5.055 -22.9129 2000.28 9899.02 22.9129 -2000.28 -0.647538
5.06 -22.4891 2001.15 9728.82 22.4891 -2001.15 -13.5451
5.065 -22.0509 2001.41 9543.95 22.0509 -2001.41 -17.9655
5.07 -21.5991 2001.18 9345.22 21.5991 -2001.18 -14.3984
5.075 -21.0829 2001.19 9123.73 21.0829 -2001.19 -15.9023
5.08 -20.5252 2001.16 8883.19 20.5252 -2001.16 -16.3166
5.085 -19.836 2001.78 8596.35 19.836 -2001.78 -27.1742
5.09 -19.1084 2002 8285.73 19.1084 -2002 -30.9004
5.095 -18.3735 2001.56 7961.7 18.3735 -2001.56 -24.3315
5.1 -17.5979 2001.21 7621.39 17.5979 -2001.21 -19.1029
5.105 -16.6486 2001.85 7225.33 16.6486 -2001.85 -33.1471
5.11 -15.6472 2002.14 6799.63 15.6472 -2002.14 -40.0536
5.115 -14.6087 2001.89 6346.86 14.6087 -2001.89 -35.8984
5.12 -13.4458 2002.03 5849.1 13.4458 -2002.03 -40.529
5.125 -12.222 2002.02 5321.21 12.222 -2002.02 -41.3103
5.13 -10.9802 2001.6 4776.5 10.9802 -2001.6 -33.055
5.135 -9.69597 2001.25 4214.86 9.69597 -2001.25 -26.1959
5.14 -8.37274 2001 3638.13 8.37274 -2001 -21.1077
5.145 -7.02084 2000.79 3050.01 7.02084 -2000.79 -17.0094
5.15 -5.5282 2001.24 2418.44 5.5282 -2001.24 -30.2612
5.155 -4.09243 2001.44 1797.68 4.09243 -2001.44 -29.748
5.16 -2.72427 2001.2 1195.94 2.72427 -2001.2 -19.0603
5.165 -1.33025 2001.42 591.851 1.33025 -2001.42 -17.1807
5.17 0.115178 2001.7 -28.6984 -0.115178 -2001.7 -21.0586
5.175 1.43776 2001.47 -610.504 -1.43776 -2001.47 -10.6077
5.18 2.89845 2001.6 -1222.63 -2.89845 -2001.6 -29.4942
5.185 4.32608 2001.56 -1829.26 -4.32608 -2001.56 -39.6084
5.19 5.65877 2001.28 -2409.53 -5.65877 -2001.28 -35.0521
5.195 7.07377 2001.28 -3011.83 -7.07377 -2001.28 -44.0422
5.2 8.40354 2001.13 -3587.03 -8.40354 -2001.13 -43.295
5.205 9.68038 2001.03 -4136.61 -9.68038 -2001.03 -45.3096
5.21 10.8504 2000.87 -4646.67 -10.8504 -2000.87 -40.7022
5.215 11.9118 2000.7 -5113.14 -11.9118 -2000.7 -32.745
5.22 12.8807 2000.57 -5538.1 -12.8807 -2000.57 -26.3433
5.225 13.7573 2000.45 -5921.95 -13.7573 -2000.45 -21.1924
5.23 14.5432 2000.37 -6265.6 -14.5432 -2000.37 -17.0481
5.235 15.241 2000.29 -6570.41 -15.241 -2000.29 -13.7136
5.24 15.854 2000.23 -6837.89 -15.854 -2000.23 -11.0234
5.245 16.3845 2000.18 -7069.31 -16.3845 -2000.18 -8.79894
5.25 16.8348 2000.14 -7265.59 -16.8348 -2000.14 -7.02772
5.255 17.2049 2000.11 -7426.87 -17.2049 -2000.11 -5.65165
5.26 17.4931 2000.09 -7552.48 -17.4931 -2000.09 -4.54474
5.265 17.6962 2000.07 -7641.11 -17.6962 -2000.07 -3.65501
5.27 17.8099 2000.06 -7690.94 -17.8099 -2000.06 -2.93941
5.275 17.8292 2000.04 -7699.87 -17.8292 -2000.04 -2.36314
5.28 17.7441 2000.04 -7663.91 -17.7441 -2000.04 -1.52554
5.285 17.5507 2000.03 -7580.96 -17.5507 -2000.03 -0.94528
5.29 17.2471 2000.02 -7449.9 -17.2471 -2000.02 -0.856201
5.295 16.831 2000.01 -7270.08 -16.831 -2000.01 -0.911882
5.3 16.3032 2000 -7041.86 -16.3032 -2000 -1.11133
5.305 15.6658 1999.99 -6766.23 -15.6658 -1999.99 -1.40535
5.31 14.9222 1999.98 -6444.66 -14.9222 -1999.98 -1.71671
5.315 14.0765 1999.97 -6079.06 -14.0765 -1999.97 -1.9744
5.32 13.1343 1999.97 -5671.9 -13.1343 -1999.97 -2.13513
5.325 12.1032 1999.97 -5226.38 -12.1032 -1999.97 -2.18547
5.33 10.9926 1999.97 -4746.68 -10.9926 -1999.97 -2.13335
5.335 9.81494 1999.97 -4238.06 -9.81494 -1999.97 -1.99814
5.34 8.58505 1999.97 -3706.94 -8.58505 -1999.97 -1.80327
5.345 7.37357 2000.05 -3176.48 -7.37357 -2000.05 -8.90628
5.35 6.174 2000.14 -2650.52 -6.174 -2000.14 -16.647
5.355 4.986 2000.19 -2133.93 -4.986 -2000.19 -20.0249
5.36 3.926 2000.33 -1667.18 -3.926 -2000.33 -28.8517
5.365 2.84591 2000.26 -1206.22 -2.84591 -2000.26 -23.2165
5.37 1.80425 2000.21 -760.767 -1.80425 -2000.21 -18.6686
5.375 0.91233 2000.43 -365.077 -0.91233 -2000.43 -29.0499
5.38 0.0843034 2000.55 -2.50207 -0.0843034 -2000.55 -33.917
5.385 -0.742445 2000.5 345.523 0.742445 -2000.5 -24.7872
5.39 -1.52453 2000.49 675.197 1.52453 -2000.49 -16.5993
5.395 -2.22913 2000.39 976.317 2.22913 -2000.39 -13.3326
5.4 -2.82403 2000.47 1236.78 2.82403 -2000.47 -16.8024
5.405 -3.37041 2000.62 1471.03 3.37041 -2000.62 -15.0138
5.41 -3.86831 2000.55 1681.22 3.86831 -2000.55 -10.1058
5.415 -4.3011 2000.44 1866.19 4.3011 -2000.44 -8.11807
5.42 -4.68586 2000.39 2029.89 4.68586 -2000.39 -5.60246
5.425 -5.02149 2000.34 2172.84 5.02149 -2000.34 -3.55619
5.43 -5.3018 2000.27 2293.23 5.3018 -2000.27 -2.85543
5.435 -5.53029 2000.22 2391.38 5.53029 -2000.22 -2.29307
5.44 -5.70567 2000.18 2466.69 5.70567 -2000.18 -1.8419
5.445 -5.82571 2000.14 2518.19 5.82571 -2000.14 -1.47993
5.45 -5.88762 2000.11 2544.64 5.88762 -2000.11 -1.18946
5.455 -5.88851 2000.09 2544.79 5.88851 -2000.09 -0.954805
5.46 -5.81771 2000.08 2514.95 5.81771 -2000.08 -1.69863
5.465 -5.67721 2000.07 2454.59 5.67721 -2000.07 -2.03717
5.47 -5.46712 2000.06 2363.26 5.46712 -2000.06 -1.46702
5.475 -5.18451 2000.05 2240.51 5.18451 -2000.05 -0.796152
5.48 -4.82998 2000.04 2086.56 4.82998 -2000.04 -0.00590109
5.485 -4.40436 2000.04 1901.85 4.40436 -2000.04 0.833734
5.49 -3.92526 2000.11 1691.85 3.92526 -2000.11 3.86161
5.495 -3.37611 2000.14 1453.13 3.37611 -2000.14 5.34988
5.5 -2.75862 2000.11 1186.57 2.75862 -2000.11 5.15026
5.505 -2.07894 2000.32 893.591 2.07894 -2000.32 4.51217
5.51 -1.29834 2000.49 560.851 1.29834 -2000.49 0.0306992
5.515 -0.480341 2000.4 207.165 0.480341 -2000.4 0.342216
5.52 0.348622 2000.45 -156.188 -0.348622 -2000.45 5.58296
5.525 1.21792 2000.45 -534.438 -1.21792 -2000.45 8.29874
5.53 2.22175 2000.58 -954.992 -2.22175 -2000.58 -4.80291
5.535 3.29945 2000.69 -1410.01 -3.29945 -2000.69 -15.3496
5.54 4.36638 2000.55 -1873.88 -4.36638 -2000.55 -12.3988
5.545 5.48773 2000.49 -2357.31 -5.48773 -2000.49 -13.3911
5.55 6.76054 2000.57 -2896.43 -6.76054 -2000.57 -24.1275
5.555 8.05468 2000.53 -3453.85 -8.05468 -2000.53 -25.7719
5.56 9.4137 2000.52 -4036.46 -9.4137 -2000.52 -30.2569
5.565 10.7974 2000.46 -4635.25 -10.7974 -2000.46 -29.2246
5.57 12.1898 2000.37 -5242.28 -12.1898 -2000.37 -23.6942
5.575 13.6079 2000.29 -5859.37 -13.6079 -2000.29 -19.2499
5.58 15.0495 2000.23 -6485.72 -15.0495 -2000.23 -15.6715
5.585 16.5118 2000.18 -7120.33 -16.5118 -2000.18 -12.7861
5.59 17.9912 2000.13 -7761.82 -17.9912 -2000.13 -10.3846
5.595 19.4816 2000.03 -8407.83 -19.4816 -2000.03 -8.21208
5.6 20.9831 2000.01 -9057.96 -20.9831 -2000.01 -6.72859
5.605 22.4428 2000.3 -9693.79 -22.4428 -2000.3 -1.48672
5.61 23.8467 2000.79 -10309 -23.8467 -2000.79 7.20281
5.615 25.1002 2001.91 -10865.4 -25.1002 -2001.91 22.1072
5.62 26.3737 2002.05 -11417.9 -26.3737 -2002.05 24.4325
5.625 27.6487 2001.72 -11965.8 -27.6487 -2001.72 21.5843
5.63 28.8482 2001.97 -12486.5 -28.8482 -2001.97 24.0648
5.635 29.9896 2002.1 -12980 -29.9896 -2002.1 24.475
5.64 31.1329 2001.65 -13469.1 -31.1329 -2001.65 19.6653
5.645 32.2384 2001.49 -13946.2 -32.2384 -2001.49 19.2336
5.65 33.2775 2001.74 -14398.9 -33.2775 -2001.74 23.0469
5.655 34.2313 2002.01 -14814.6 -34.2313 -2002.01 26.6607
5.66 35.1926 2001.56 -15224.3 -35.1926 -2001.56 21.0945
5.665 36.1299 2001.13 -15625.2 -36.1299 -2001.13 17.0731
5.67 37.0189 2001 -16010.1 -37.0189 -2001 17.9667
5.675 37.8696 2000.97 -16379 -37.8696 -2000.97 19.3671
5.68 38.6596 2001.25 -16721.1 -38.6596 -2001.25 20.1766
5.685 39.4121 2000.88 -17046.3 -39.4121 -2000.88 20.315
5.69 40.0319 2000.15 -17325.2 -40.0319 -2000.15 31.4237
5.695 40.6431 1999.72 -17592 -40.6431 -1999.72 34.1525
5.7 41.2524 1999.53 -17852.9 -41.2524 -1999.53 31.8545
5.705 41.7873 1999.67 -18090.7 -41.7873 -1999.67 38.5782
5.71 42.3336 1999.91 -18326.3 -42.3336 -1999.91 38.1729
5.715 42.8952 1999.99 -18564.3 -42.8952 -1999.99 33.6296
5.72 43.4045 2000.62 -18789.7 -43.4045 -2000.62 38.9186
5.725 43.9309 2000.97 -19015.7 -43.9309 -2000.97 37.505
5.73 44.4452 2001.21 -19237.2 -44.4452 -2001.21 36.8285
5.735 44.9615 2001.23 -19458.1 -44.9615 -2001.23 34.6873
5.74 45.4685 2001.31 -19675.4 -45.4685 -2001.31 32.963
5.745 45.9593 2001.36 -19887.4 -45.9593 -2001.36 33.0138
5.75 46.4526 2001.13 -20099.3 -46.4526 -2001.13 31.7329
5.755 46.9348 2001.84 -20300.9 -46.9348 -2001.84 25.0833
5.76 47.4142 2002.04 -20498.8 -47.4142 -2002.04 15.8377
5.765 47.8628 2001.77 -20689.1 -47.8628 -2001.77 12.4119
5.77 48.2789 2001.37 -20873.9 -48.2789 -2001.37 17.4223
5.775 48.6795 2001.05 -21052.6 -48.6795 -2001.05 23.0556
5.78 49.0399 2001.34 -21213.2 -49.0399 -2001.34 27.989
5.785 49.365 2001.23 -21357.8 -49.365 -2001.23 32.1514
5.79 49.5393 2000.53 -21460.3 -49.5393 -2000.53 59.3424
5.795 49.6743 2000.32 -21536.3 -49.6743 -2000.32 77.0278
5.8 49.7705 1999.85 -21585.8 -49.7705 -1999.85 84.9908
5.805 49.5061 1998.16 -21530.5 -49.5061 -1998.16 143.912
5.81 49.0423 1996.18 -21381.1 -49.0423 -1996.18 194.791
5.815 48.6526 1996.31 -21205 -48.6526 -1996.31 187.106
5.82 48.1224 1995.95 -20972.2 -48.1224 -1995.95 183.373
5.825 47.6096 1996.14 -20728.2 -47.6096 -1996.14 160.791
5.83 47.0999 1996.65 -20477.4 -47.0999 -1996.65 130.23
5.835 46.534 1996.69 -20216 -46.534 -1996.69 113.356
5.84 45.8961 1996.19 -19928.5 -45.8961 -1996.19 101.375
5.845 45.5968 1998.08 -19727.5 -45.5968 -1998.08 29.6716
5.85 45.3828 2000.26 -19580.6 -45.3828 -2000.26 -24.7673
5.855 45.0359 2000.36 -19431.5 -45.0359 -2000.36 -24.0292
5.86 44.6725 2000.06 -19281.1 -44.6725 -2000.06 -17.4594
5.865 44.404 2000.44 -19156 -44.404 -2000.44 -26.5109
5.87 44.2089 2000.94 -19060.9 -44.2089 -2000.94 -37.2909
5.875 43.9648 2000.66 -18962.5 -43.9648 -2000.66 -30.273
5.88 43.7152 2000.38 -18861.8 -43.7152 -2000.38 -23.1321
5.885 43.4615 2000.13 -18758.1 -43.4615 -2000.13 -17.2788
5.89 43.2006 1999.91 -18650.2 -43.2006 -1999.91 -12.4216
5.895 42.9266 1999.65 -18536.4 -42.9266 -1999.65 -7.84227
5.9 42.6434 1999.33 -18416.9 -42.6434 -1999.33 -5.09805
5.905 42.4339 1999.61 -18320.3 -42.4339 -1999.61 -11.1622
5.91 42.1903 1999.48 -18218.2 -42.1903 -1999.48 -8.03209
5.915 41.9382 1999.36 -18111.6 -41.9382 -1999.36 -5.68853
5.92 41.6718 1999.17 -17999.6 -41.6718 -1999.17 -2.65115
5.925 41.3927 1998.96 -17881.8 -41.3927 -1998.96 0.122945
5.93 41.0993 1998.71 -17757.7 -41.0993 -1998.71 2.7762
5.935 41.0219 2000 -17691.9 -41.0219 -2000 -29.6095
5.94 40.9146 2000.18 -17633.1 -40.9146 -2000.18 -41.963
5.945 40.8324 2000.24 -17594.3 -40.8324 -2000.24 -45.2834
5.95 40.822 2000.56 -17584.3 -40.822 -2000.56 -50.7663
5.955 40.7894 2000.6 -17577.8 -40.7894 -2000.6 -43.2152
5.96 40.7759 2000.85 -17576.8 -40.7759 -2000.85 -38.3567
5.965 40.7492 2000.57 -17573.3 -40.7492 -2000.57 -30.3734
5.97 40.7253 2000.34 -17569.4 -40.7253 -2000.34 -23.9405
5.975 40.6884 1999.75 -17560.7 -40.6884 -1999.75 -16.6497
5.98 40.6584 1999.47 -17552.6 -40.6584 -1999.47 -11.8538
5.985 40.6347 1999.46 -17545.1 -40.6347 -1999.46 -9.14826
5.99 40.6113 1999.44 -17537.2 -40.6113 -1999.44 -6.94813
5.995 40.5881 1999.42 -17528.9 -40.5881 -1999.42 -5.16027
6 40.5647 1999.4 -17520.3 -40.5647 -1999.4 -3.7034
6.005 40.5411 1999.38 -17511.3 -40.5411 -1999.38 -2.51186
6.01 40.5172 1999.35 -17501.9 -40.5172 -1999.35 -1.5327
6.015 40.4927 1999.32 -17492.1 -40.4927 -1999.32 -0.723611
6.02 40.4677 1999.29 -17482 -40.4677 -1999.29 -0.0509429
6.025 40.4267 1998.67 -17466.9 -40.4267 -1998.67 2.58218
6.03 40.39 1998.45 -17452.2 -40.39 -1998.45 3.71161
6.035 40.3589 1998.63 -17438.4 -40.3589 -1998.63 3.35894
6.04 40.3278 1998.77 -17424.7 -40.3278 -1998.77 3.08205
6.045 40.297 1998.88 -17411.1 -40.297 -1998.88 2.8486
6.05 40.2666 1998.98 -17397.8 -40.2666 -1998.98 2.64765
6.055 40.2371 1999.07 -17384.9 -40.2371 -1999.07 2.46943
6.06 40.2085 1999.14 -17372.4 -40.2085 -1999.14 2.30675
6.065 40.1784 1999.1 -17359.6 -40.1784 -1999.1 2.5009
6.07 40.1477 1999.05 -17346.5 -40.1477 -1999.05 2.68262
6.075 40.1277 1999.38 -17336.5 -40.1277 -1999.38 1.37919
6.08 40.1166 1999.72 -17330.4 -40.1166 -1999.72 -0.0256721
6.085 40.1029 1999.75 -17324.5 -40.1029 -1999.75 0.0486342
6.09 40.0911 1999.78 -17319.4 -40.0911 -1999.78 0.088489
6.095 40.0812 1999.81 -17315.2 -40.0812 -1999.81 0.106948
6.1 40.0735 1999.84 -17311.8 -40.0735 -1999.84 0.109972
6.105 40.0677 1999.86 -17309.4 -40.0677 -1999.86 0.102744
6.11 40.064 1999.89 -17307.7 -40.064 -1999.89 0.0896916
6.115 40.0623 1999.91 -17307 -40.0623 -1999.91 0.0745804
6.12 40.0582 1999.92 -17305.9 -40.0582 -1999.92 0.718947
6.125 40.0187 1999.8 -17291.3 -40.0187 -1999.8 3.1789
6.13 39.9672 1999.82 -17267.6 -39.9672 -1999.82 1.79004
6.135 39.9038 1999.77 -17237.9 -39.9038 -1999.77 -0.510592
6.14 39.8378 1999.7 -17206.5 -39.8378 -1999.7 -3.43852
6.145 39.7743 1999.62 -17176.3 -39.7743 -1999.62 -6.1594
6.15 39.7156 1999.52 -17149.1 -39.7156 -1999.52 -8.03574
6.155 39.6611 1999.53 -17124.8 -39.6611 -1999.53 -8.79637
6.16 39.6068 1999.42 -17101.7 -39.6068 -1999.42 -8.42464
6.165 39.5566 1999.41 -17080.7 -39.5566 -1999.41 -7.7427
6.17 39.5106 1999.48 -17061.6 -39.5106 -1999.48 -6.99681
6.175 39.4669 1999.55 -17043.6 -39.4669 -1999.55 -6.14514
6.18 39.425 1999.57 -17026.5 -39.425 -1999.57 -5.15667
6.185 39.3866 1999.59 -17010.7 -39.3866 -1999.59 -4.25977
6.19 39.3527 1999.65 -16996.8 -39.3527 -1999.65 -3.57716
6.195 39.322 1999.83 -16984.3 -39.322 -1999.83 -2.84317
6.2 39.2928 2000.02 -16972.3 -39.2928 -2000.02 -2.1825
6.205 39.2668 2000 -16961.5 -39.2668 -2000 -1.75513
6.21 39.2475 2000 -16953.5 -39.2475 -2000 -1.42762
6.215 39.2351 2000 -16948.4 -39.2351 -2000 -1.1568
6.22 39.2301 2000 -16946.5 -39.2301 -2000 -0.932426
6.225 39.2443 1999.91 -16951 -39.2443 -1999.91 -2.54523
6.23 39.2851 1999.8 -16967.3 -39.2851 -1999.8 -3.88894
6.235 39.3431 1999.84 -16994 -39.3431 -1999.84 -2.17225
6.24 39.4137 1999.9 -17027.5 -39.4137 -1999.9 0.729834
6.245 39.4874 1999.99 -17063.2 -39.4874 -1999.99 4.60869
6.25 39.5608 2000.1 -17098.4 -39.5608 -2000.1 8.18659
6.255 39.6331 2000.17 -17132.1 -39.6331 -2000.17 10.647
6.26 39.7064 2000.19 -17164.8 -39.7064 -2000.19 11.6249
6.265 39.7822 2000.39 -17197.4 -39.7822 -2000.39 11.543
6.27 39.8538 2000.35 -17228.4 -39.8538 -2000.35 11.5399
6.275 39.9237 2000.15 -17258.4 -39.9237 -2000.15 11.3647
6.28 39.9517 1999.59 -17275.9 -39.9517 -1999.59 16.7895
6.285 39.9249 1998.81 -17271.3 -39.9249 -1998.81 23.8145
6.29 39.9253 1998.78 -17267.9 -39.9253 -1998.78 20.2313
6.295 39.9027 1998.32 -17256.3 -39.9027 -1998.32 18.3115
6.3 39.8654 1997.73 -17238.7 -39.8654 -1997.73 16.8827
6.305 39.8178 1997.55 -17216.8 -39.8178 -1997.55 15.5057
6.31 39.7533 1997.35 -17187.6 -39.7533 -1997.35 14.1858
6.315 39.6241 1995.15 -17135.8 -39.6241 -1995.15 18.1831
6.32 0.0646316 -16.3664 -30.3072 -0.0646316 16.3664 2.3863
