0.1 1.64346e-31 200 7.10543e-15 -1.64346e-31 -200 -7.10543e-15
0.2 5.84341e-32 400 -1.35003e-13 -5.84341e-32 -400 1.35003e-13
0.3 8.18078e-31 600 -1.68754e-13 -8.18078e-31 -600 1.68754e-13
0.4 -5.55124e-31 800 -1.10134e-13 5.55124e-31 -800 1.10134e-13
0.5 2.92171e-31 1000 -1.45661e-13 -2.92171e-31 -1000 1.45661e-13
0.6 -9.34946e-31 1200 -1.24345e-13 9.34946e-31 -1200 1.24345e-13
0.7 2.33737e-31 1400 -4.1922e-13 -2.33737e-31 -1400 4.1922e-13
0.8 -2.5711e-30 1600 -5.32907e-13 2.5711e-30 -1600 5.32907e-13
0.9 -7.0121e-31 1800 -2.98428e-13 7.0121e-31 -1800 2.98428e-13
1 -9.34946e-31 2000 9.23706e-13 9.34946e-31 -2000 -9.23706e-13
0.005 -0.00112526 2000 0.487801 0.00112526 -2000 -0.00168769
0.01 -0.00561799 2000 2.43 0.00561799 -2000 -0.00302329
0.015 -0.0145882 2000 6.3045 0.0145882 -2000 -0.00242
0.02 -0.0280205 2000 12.1068 0.0280205 -2000 -0.00198551
0.025 -0.0458982 2000 19.8297 0.0458982 -2000 -0.00166821
0.03 -0.0682037 2000 29.4655 0.0682037 -2000 -0.00145332
0.035 -0.0949188 2000 41.0062 0.0949188 -2000 -0.00131756
0.04 -0.126024 2000 54.4437 0.126024 -2000 -0.00128189
0.045 -0.1615 2000 69.7691 0.1615 -2000 -0.00133533
0.05 -0.201324 2000 86.9736 0.201324 -2000 -0.00146169
0.055 -0.245477 2000 106.048 0.245477 -2000 -0.0016564
0.06 -0.293934 2000 126.981 0.293934 -2000 -0.0019157
0.065 -0.346674 2000 149.766 0.346674 -2000 -0.00223644
0.07 -0.403676 2000 174.391 0.403676 -2000 -0.00261596
0.075 -0.464919 2000 200.848 0.464919 -2000 -0.00305204
0.08 -0.530384 2000 229.129 0.530384 -2000 -0.00348713
0.085 -0.600051 2000 259.226 0.600051 -2000 -0.00392262
0.09 -0.673896 2000 291.127 0.673896 -2000 -0.00441479
0.095 -0.751896 2000 324.824 0.751896 -2000 -0.00496089
0.1 -0.834028 2000 360.306 0.834028 -2000 -0.00555844
0.105 -0.920265 2000 397.561 0.920265 -2000 -0.00620479
0.11 -1.01058 2000 436.576 1.01058 -2000 -0.00689808
0.115 -1.10492 2000 477.335 1.10492 -2000 -0.00763618
0.12 -1.20327 2000 519.822 1.20327 -2000 -0.00841713
0.125 -1.30559 2000 564.024 1.30559 -2000 -0.00923933
0.13 -1.41186 2000 609.932 1.41186 -2000 -0.0101019
0.135 -1.52206 2000 657.54 1.52206 -2000 -0.0110045
0.14 -1.63618 2000 706.843 1.63618 -2000 -0.0119469
0.145 -1.75421 2000 757.83 1.75421 -2000 -0.0129286
0.15 -1.8761 2000 810.491 1.8761 -2000 -0.0139488
0.155 -2.00184 2000 864.811 2.00184 -2000 -0.0150065
0.16 -2.13138 2000 920.772 2.13138 -2000 -0.0161004
0.165 -2.26468 2000 978.359 2.26468 -2000 -0.0172289
0.17 -2.40172 2000 1037.56 2.40172 -2000 -0.0183916
0.175 -2.54247 2000 1098.37 2.54247 -2000 -0.0195882
0.18 -2.68688 2000 1160.75 2.68688 -2000 -0.0208176
0.185 -2.83491 2000 1224.7 2.83491 -2000 -0.0220775
0.19 -2.98647 2000 1290.18 2.98647 -2000 -0.0233651
0.195 -3.14154 2000 1357.17 3.14154 -2000 -0.0246789
0.2 -3.30007 2000 1425.66 3.30007 -2000 -0.0260186
0.205 -3.46207 2000 1495.64 3.46207 -2000 -0.0273855
0.21 -3.62754 2000 1567.13 3.62754 -2000 -0.0287821
0.215 -3.79647 2000 1640.1 3.79647 -2000 -0.0302102
0.22 -3.96884 2000 1714.57 3.96884 -2000 -0.0316709
0.225 -4.14464 2000 1790.52 4.14464 -2000 -0.0331634
0.23 -4.32382 2000 1867.92 4.32382 -2000 -0.0346867
0.235 -4.50635 2000 1946.78 4.50635 -2000 -0.0362395
0.24 -4.69221 2000 2027.07 4.69221 -2000 -0.0378209
0.245 -4.88135 1999.99 2108.78 4.88135 -1999.99 -0.0394301
0.25 -5.07374 1999.99 2191.9 5.07374 -1999.99 -0.0410656
0.255 -5.26929 1999.99 2276.37 5.26929 -1999.99 -0.0427237
0.26 -5.46791 1999.99 2362.18 5.46791 -1999.99 -0.0443986
0.265 -5.66953 1999.99 2449.28 5.66953 -1999.99 -0.0460861
0.27 -5.87415 1999.99 2537.68 5.87415 -1999.99 -0.0477876
0.275 -6.0818 1999.99 2627.39 6.0818 -1999.99 -0.04951
0.28 -6.29248 1999.99 2718.4 6.29248 -1999.99 -0.0512589
0.285 -6.50619 1999.99 2810.72 6.50619 -1999.99 -0.0530356
0.29 -6.72285 1999.99 2904.33 6.72285 -1999.99 -0.0548379
0.295 -6.94241 1999.99 2999.18 6.94241 -1999.99 -0.0566613
0.3 -7.16477 1999.99 3095.24 7.16477 -1999.99 -0.0584989
0.305 -7.3898 1999.99 3192.45 7.3898 -1999.99 -0.060342
0.31 -7.61741 1999.99 3290.78 7.61741 -1999.99 -0.0621835
0.315 -7.84753 1999.99 3390.2 7.84753 -1999.99 -0.0640211
0.32 -8.08012 1999.99 3490.68 8.08012 -1999.99 -0.0658564
0.325 -8.31512 1999.99 3592.2 8.31512 -1999.99 -0.0676895
0.33 -8.55243 1999.99 3694.72 8.55243 -1999.99 -0.0695163
0.335 -8.79196 1999.99 3798.2 8.79196 -1999.99 -0.0713332
0.34 -9.03371 1999.99 3902.64 9.03371 -1999.99 -0.0731428
0.345 -9.27768 1999.99 4008.03 9.27768 -1999.99 -0.0749529
0.35 -9.52386 1999.99 4114.39 9.52386 -1999.99 -0.0767697
0.355 -9.77227 1999.99 4221.7 9.77227 -1999.99 -0.0785985
0.36 -10.0229 1999.99 4329.99 10.0229 -1999.99 -0.0804484
0.365 -10.2759 1999.99 4439.29 10.2759 -1999.99 -0.0823303
0.37 -10.5313 1999.99 4549.61 10.5313 -1999.99 -0.0842519
0.375 -10.789 1999.99 4660.95 10.789 -1999.99 -0.0862135
0.38 -11.0491 1999.99 4773.29 11.0491 -1999.99 -0.0882112
0.385 -11.3113 1999.99 4886.59 11.3113 -1999.99 -0.0902375
0.39 -11.5758 1999.99 5000.82 11.5758 -1999.99 -0.0922809
0.395 -11.8421 1999.99 5115.89 11.8421 -1999.99 -0.0943238
0.4 -12.1103 1999.99 5231.75 12.1103 -1999.99 -0.0963492
0.405 -12.3802 1999.99 5348.33 12.3802 -1999.99 -0.098347
0.41 -12.6517 1999.99 5465.62 12.6517 -1999.99 -0.100316
0.415 -12.9247 1999.99 5583.59 12.9247 -1999.99 -0.102261
0.42 -13.1993 1999.99 5702.22 13.1993 -1999.99 -0.104185
0.425 -13.4754 1999.99 5821.49 13.4754 -1999.99 -0.106092
0.43 -13.753 1999.99 5941.42 13.753 -1999.99 -0.107992
0.435 -14.0322 1999.99 6062.03 14.0322 -1999.99 -0.109901
0.44 -14.3131 1999.99 6183.37 14.3131 -1999.99 -0.111843
0.445 -14.5957 1999.99 6305.45 14.5957 -1999.99 -0.113831
0.45 -14.8799 1999.99 6428.23 14.8799 -1999.99 -0.115855
0.455 -15.1655 1999.99 6551.63 15.1655 -1999.99 -0.117889
0.46 -15.4523 1999.99 6675.53 15.4523 -1999.99 -0.119899
0.465 -15.74 1999.99 6799.81 15.74 -1999.99 -0.121848
0.47 -16.0283 1999.99 6924.35 16.0283 -1999.99 -0.123702
0.475 -16.317 1999.99 7049.07 16.317 -1999.99 -0.125446
0.48 -16.606 1999.99 7173.93 16.606 -1999.99 -0.127086
0.485 -16.8953 1999.98 7298.92 16.8953 -1999.98 -0.128639
0.49 -17.1849 1999.98 7424.01 17.1849 -1999.98 -0.130116
0.495 -17.4746 1999.98 7549.17 17.4746 -1999.98 -0.131525
0.5 -17.7645 1999.98 7674.39 17.7645 -1999.98 -0.132873
0.505 -18.0545 1999.98 7799.69 18.0545 -1999.98 -0.134181
0.51 -18.3449 1999.98 7925.15 18.3449 -1999.98 -0.13549
0.515 -18.6359 1999.98 8050.85 18.6359 -1999.98 -0.136839
0.52 -18.9275 1999.98 8176.81 18.9275 -1999.98 -0.138246
0.525 -19.2197 1999.98 8303.07 19.2197 -1999.98 -0.13972
0.53 -19.5127 1999.98 8429.63 19.5127 -1999.98 -0.141262
0.535 -19.8062 1999.98 8556.44 19.8062 -1999.98 -0.142853
0.54 -20.1002 1999.98 8683.43 20.1002 -1999.98 -0.14446
0.545 -20.3944 1999.98 8810.54 20.3944 -1999.98 -0.146057
0.55 -20.6888 1999.98 8937.7 20.6888 -1999.98 -0.147619
0.555 -20.983 1999.98 9064.8 20.983 -1999.98 -0.149114
0.56 -21.2768 1999.98 9191.73 21.2768 -1999.98 -0.150504
0.565 -21.57 1999.98 9318.4 21.57 -1999.98 -0.151764
0.57 -21.8625 1999.98 9444.77 21.8625 -1999.98 -0.152893
0.575 -22.1543 1999.98 9570.8 22.1543 -1999.98 -0.153902
0.58 -22.4452 1999.98 9696.49 22.4452 -1999.98 -0.154804
0.585 -22.7353 1999.98 9821.81 22.7353 -1999.98 -0.155609
0.59 -23.0243 1999.98 9946.67 23.0243 -1999.98 -0.17944
0.595 -23.309 1999.99 10070 23.309 -1999.99 -0.482034
0.6 -23.5942 1999.99 10193.1 23.5942 -1999.99 -0.418896
0.605 -23.8786 1999.99 10315.9 23.8786 -1999.99 -0.368743
0.61 -24.1589 2000 10437.4 24.1589 -2000 -0.786494
0.615 -24.4386 2000.01 10558.5 24.4386 -2000.01 -0.966739
0.62 -24.7188 2000 10679.3 24.7188 -2000 -0.807892
0.625 -24.9979 2000 10799.8 24.9979 -2000 -0.68224
0.63 -25.2757 2000 10919.7 25.2757 -2000 -0.582812
0.635 -25.5416 2000.05 11035.9 25.5416 -2000.05 -1.93356
0.64 -25.8049 2000.08 11150.5 25.8049 -2000.08 -2.75668
0.645 -26.0725 2000.06 11265.5 26.0725 -2000.06 -2.24562
0.65 -26.3395 2000.04 11380.5 26.3395 -2000.04 -1.84137
0.655 -26.6064 2000.03 11495.5 26.6064 -2000.03 -1.52169
0.66 -26.8733 2000.02 11610.5 26.8733 -2000.02 -1.26473
0.665 -27.1401 2000.02 11725.6 27.1401 -2000.02 -1.05824
0.67 -27.4064 2000.01 11840.5 27.4064 -2000.01 -0.892295
0.675 -27.6714 2000.01 11954.8 27.6714 -2000.01 -0.758763
0.68 -27.9292 2000.03 12066.5 27.9292 -2000.03 -1.10365
0.685 -28.1778 2000.07 12174.5 28.1778 -2000.07 -1.69773
0.69 -28.4147 2000.1 12277.6 28.4147 -2000.1 -2.47628
0.695 -28.6517 2000.08 12379.6 28.6517 -2000.08 -2.03515
0.7 -28.8842 2000.06 12479.7 28.8842 -2000.06 -1.67899
0.705 -29.106 2000.09 12575.8 29.106 -2000.09 -1.96536
0.71 -29.3237 2000.1 12669.8 29.3237 -2000.1 -2.00439
0.715 -29.5397 2000.08 12762.8 29.5397 -2000.08 -1.65091
0.72 -29.7527 2000.06 12854.5 29.7527 -2000.06 -1.36555
0.725 -29.9628 2000.05 12945.1 29.9628 -2000.05 -1.13504
0.73 -30.1697 2000.04 13034.3 30.1697 -2000.04 -0.948599
0.735 -30.373 2000.03 13121.9 30.373 -2000.03 -0.797527
0.74 -30.5726 2000.02 13208 30.5726 -2000.02 -0.674841
0.745 -30.7561 2000.11 13288.3 30.7561 -2000.11 -1.63962
0.75 -30.9253 2000.19 13362.2 30.9253 -2000.19 -2.52423
0.755 -31.0943 2000.16 13434.9 31.0943 -2000.16 -2.1854
0.76 -31.2542 2000.15 13504.2 31.2542 -2000.15 -2.38478
0.765 -31.4133 2000.12 13572.5 31.4133 -2000.12 -1.94732
0.77 -31.5701 2000.09 13639.9 31.5701 -2000.09 -1.59443
0.775 -31.725 2000.07 13706.5 31.725 -2000.07 -1.30977
0.78 -31.879 2000.06 13772.8 31.879 -2000.06 -1.08026
0.785 -32.0325 2000.05 13839 32.0325 -2000.05 -0.89537
0.79 -32.186 2000.04 13905.1 32.186 -2000.04 -0.746531
0.795 -32.3395 2000.03 13971.3 32.3395 -2000.03 -0.626758
0.8 -32.4926 2000.02 14037.3 32.4926 -2000.02 -0.53032
0.805 -32.6449 2000.02 14103 32.6449 -2000.02 -0.452524
0.81 -32.7957 2000.01 14168.1 32.7957 -2000.01 -0.38953
0.815 -32.9443 2000.01 14232.3 32.9443 -2000.01 -0.33821
0.82 -33.0901 2000.01 14295.2 33.0901 -2000.01 -0.296074
0.825 -33.2326 2000 14356.7 33.2326 -2000 -0.261187
0.83 -33.3715 2000 14416.7 33.3715 -2000 -0.232045
0.835 -33.5066 2000 14475.1 33.5066 -2000 -0.207457
0.84 -33.6375 2000 14531.6 33.6375 -2000 -0.18647
0.845 -33.764 2000 14586.2 33.764 -2000 -0.168343
0.85 -33.886 2000 14638.9 33.886 -2000 -0.152525
0.855 -34.0036 2000 14689.7 34.0036 -2000 -0.138598
0.86 -34.1051 2000.1 14734.5 34.1051 -2000.1 -1.05541
0.865 -34.2017 2000.14 14776.6 34.2017 -2000.14 -1.42823
0.87 -34.2951 2000.11 14816.6 34.2951 -2000.11 -1.16124
0.875 -34.3828 2000.09 14854.3 34.3828 -2000.09 -0.960327
0.88 -34.4625 2000.08 14888.8 34.4625 -2000.08 -1.01508
0.885 -34.5373 2000.07 14920.9 34.5373 -2000.07 -0.825251
0.89 -34.6064 2000.05 14950.7 34.6064 -2000.05 -0.671282
0.895 -34.67 2000.04 14978 34.67 -2000.04 -0.546285
0.9 -34.728 2000.03 15003 34.728 -2000.03 -0.444717
0.905 -34.7808 2000.03 15025.7 34.7808 -2000.03 -0.362114
0.91 -34.8282 2000.02 15046.1 34.8282 -2000.02 -0.294862
0.915 -34.8703 2000.02 15064.2 34.8703 -2000.02 -0.240043
0.92 -34.9073 2000.01 15080.2 34.9073 -2000.01 -0.195319
0.925 -34.9396 2000.01 15094 34.9396 -2000.01 -0.158901
0.93 -34.9675 2000.01 15106.1 34.9675 -2000.01 -0.129251
0.935 -34.9914 2000.01 15116.4 34.9914 -2000.01 -0.105037
0.94 -35.0116 2000.01 15125.1 35.0116 -2000.01 -0.0852712
0.945 -35.0282 2000 15132.3 35.0282 -2000 -0.0691418
0.95 -35.0414 2000 15137.9 35.0414 -2000 -0.0559843
0.955 -35.0511 2000 15142.1 35.0511 -2000 -0.0452569
0.96 -35.0572 2000 15144.7 35.0572 -2000 -0.0365213
0.965 -35.0596 2000 15145.8 35.0596 -2000 -0.0294258
0.97 -35.057 1999.99 15144.7 35.057 -1999.99 -0.0709539
0.975 -35.0485 1999.99 15141 35.0485 -1999.99 -0.110101
0.98 -35.0334 1999.99 15134.5 35.0334 -1999.99 -0.0886435
0.985 -35.0111 1999.99 15124.9 35.0111 -1999.99 -0.0713722
0.99 -34.9814 1999.99 15112 34.9814 -1999.99 -0.0574596
0.995 -34.9442 1999.99 15095.9 34.9442 -1999.99 -0.0462562
1 -34.8998 2000 15076.8 34.8998 -2000 -0.0372162
1.005 -34.8486 2000 15054.6 34.8486 -2000 -0.0296888
1.01 -34.791 2000 15029.7 34.791 -2000 -0.0236522
1.015 -34.727 2000 15002.1 34.727 -2000 -0.0190328
1.02 -34.6568 2000 14971.7 34.6568 -2000 -0.0152847
1.025 -34.5803 2000 14938.7 34.5803 -2000 -0.0120492
1.03 -34.4973 2000 14902.8 34.4973 -2000 -0.00940397
1.035 -34.4074 2000 14864 34.4074 -2000 -0.00747828
1.04 -34.3101 2000 14822 34.3101 -2000 -0.00597139
1.045 -34.2038 2000 14776.1 34.2038 -2000 -0.107035
1.05 -34.0865 2000.01 14725.7 34.0865 -2000.01 -0.350087
1.055 -33.9607 2000.01 14671.3 33.9607 -2000.01 -0.281824
1.06 -33.8218 2000.03 14611.5 33.8218 -2000.03 -0.494093
1.065 -33.6588 2000.1 14541.9 33.6588 -2000.1 -1.25203
1.07 -33.487 2000.08 14467.4 33.487 -2000.08 -1.00753
1.075 -33.3037 2000.06 14388 33.3037 -2000.06 -0.810729
1.08 -33.1093 2000.05 14303.9 33.1093 -2000.05 -0.651938
1.085 -32.9042 2000.04 14215.1 32.9042 -2000.04 -0.523984
1.09 -32.6887 2000.03 14121.9 32.6887 -2000.03 -0.421095
1.095 -32.463 2000.03 14024.3 32.463 -2000.03 -0.338116
1.1 -32.2273 2000.02 13922.5 32.2273 -2000.02 -0.271036
1.105 -31.9817 2000.02 13816.3 31.9817 -2000.02 -0.216507
1.11 -31.7258 2000.01 13705.7 31.7258 -2000.01 -0.171719
1.115 -31.4592 2000.01 13590.5 31.4592 -2000.01 -0.134962
1.12 -31.1819 2000.01 13470.7 31.1819 -2000.01 -0.105414
1.125 -30.8938 2000.01 13346.2 30.8938 -2000.01 -0.081788
1.13 -30.5948 2000.01 13217 30.5948 -2000.01 -0.0621817
1.135 -30.2842 2000 13082.8 30.2842 -2000 -0.0441623
1.14 -29.9477 2000.08 12939.3 29.9477 -2000.08 -1.91597
1.145 -29.5592 2000.28 12774.5 29.5592 -2000.28 -4.9609
1.15 -29.1721 2000.22 12606.3 29.1721 -2000.22 -3.97521
1.155 -28.7737 2000.18 12433.4 28.7737 -2000.18 -3.18018
1.16 -28.365 2000.14 12256.2 28.365 -2000.14 -2.55191
1.165 -27.9461 2000.12 12074.8 27.9461 -2000.12 -2.08053
1.17 -27.5043 2000.15 11884.3 27.5043 -2000.15 -2.41548
1.175 -27.0555 2000.12 11689.9 27.0555 -2000.12 -1.92634
1.18 -26.5879 2000.14 11488.5 26.5879 -2000.14 -2.55252
1.185 -26.0791 2000.23 11271.1 26.0791 -2000.23 -4.89056
1.19 -25.5672 2000.19 11049 25.5672 -2000.19 -3.92168
1.195 -25.0383 2000.15 10819.7 25.0383 -2000.15 -3.13976
1.2 -24.4909 2000.12 10582.6 24.4909 -2000.12 -2.50834
1.205 -23.9248 2000.1 10337.5 23.9248 -2000.1 -1.99745
1.21 -23.3368 2000.1 10083.6 23.3368 -2000.1 -2.12228
1.215 -22.7086 2000.16 9814.3 22.7086 -2000.16 -4.1866
1.22 -22.0759 2000.13 9540.15 22.0759 -2000.13 -3.34814
1.225 -21.4269 2000.12 9259.61 21.4269 -2000.12 -3.19058
1.23 -20.7641 2000.12 8973.32 20.7641 -2000.12 -3.21681
1.235 -20.0881 2000.12 8681.63 20.0881 -2000.12 -3.57337
1.24 -19.4047 2000.12 8386.39 19.4047 -2000.12 -3.54717
1.245 -18.7167 2000.1 8088.44 18.7167 -2000.1 -2.82697
1.25 -18.0202 2000.08 7786.96 18.0202 -2000.08 -2.24771
1.255 -17.3136 2000.06 7481.24 17.3136 -2000.06 -1.77423
1.26 -16.5947 2000.05 7170.31 16.5947 -2000.05 -1.39231
1.265 -15.8612 2000.04 6853.14 15.8612 -2000.04 -1.08706
1.27 -15.1109 2000.03 6528.76 15.1109 -2000.03 -0.83872
1.275 -14.3418 2000.02 6196.31 14.3418 -2000.02 -0.642162
1.28 -13.5522 2000.02 5855.04 13.5522 -2000.02 -0.477916
1.285 -12.7411 2000.01 5504.5 12.7411 -2000.01 -0.338263
1.29 -11.9081 2000.01 5144.53 11.9081 -2000.01 -0.219922
1.295 -11.0535 2000.01 4775.23 11.0535 -2000.01 -0.112867
1.3 -10.178 2000 4396.89 10.178 -2000 0.00334163
1.305 -9.28235 1999.99 4009.88 9.28235 -1999.99 0.100756
1.31 -8.36741 1999.98 3614.58 8.36741 -1999.98 0.14107
1.315 -7.43405 1999.97 3211.33 7.43405 -1999.97 0.175743
1.32 -6.48362 1999.96 2800.65 6.48362 -1999.96 0.269897
1.325 -5.51697 1999.94 2383.02 5.51697 -1999.94 0.312512
1.33 -4.53599 1999.93 1959.2 4.53599 -1999.93 0.347514
1.335 -3.54348 1999.9 1530.36 3.54348 -1999.9 0.418029
1.34 -2.54205 1999.85 1097.69 2.54205 -1999.85 0.472498
1.345 -1.53393 1999.78 662.195 1.53393 -1999.78 0.460801
1.35 -0.522829 1999.68 225.517 0.522829 -1999.68 0.345416
1.355 0.492496 1999.65 -212.861 -0.492496 -1999.65 0.10287
1.36 1.50857 1999.59 -651.57 -1.50857 -1999.59 -0.131561
1.365 2.51989 1999.33 -1086.44 -2.51989 -1999.33 -2.15533
1.37 3.48652 1998.97 -1505.56 -3.48652 -1998.97 -0.615154
1.375 4.43922 1998.96 -1920.17 -4.43922 -1998.96 2.42501
1.38 5.40708 1999.12 -2338.09 -5.40708 -1999.12 2.22674
1.385 6.37979 1999.25 -2758.04 -6.37979 -1999.25 1.9653
1.39 7.3569 1999.36 -3179.98 -7.3569 -1999.36 1.79868
1.395 8.33852 1999.45 -3603.94 -8.33852 -1999.45 1.69606
1.4 9.32471 1999.52 -4029.91 -9.32471 -1999.52 1.63474
1.405 10.3155 1999.58 -4457.88 -10.3155 -1999.58 1.59953
1.41 11.3107 1999.63 -4887.82 -11.3107 -1999.63 1.58089
1.415 12.3105 1999.67 -5319.69 -12.3105 -1999.67 1.57306
1.42 13.3148 1999.7 -5753.55 -13.3148 -1999.7 1.5727
1.425 14.324 1999.72 -6189.56 -14.324 -1999.72 1.57803
1.43 15.339 1999.74 -6628.06 -15.339 -1999.74 1.58827
1.435 16.3606 1999.76 -7069.39 -16.3606 -1999.76 1.60317
1.44 17.3893 1999.77 -7513.81 -17.3893 -1999.77 1.62256
1.445 18.4254 1999.78 -7961.42 -18.4254 -1999.78 1.64606
1.45 19.4689 1999.78 -8412.26 -19.4689 -1999.78 1.67321
1.455 20.5203 1999.78 -8866.48 -20.5203 -1999.78 1.70423
1.46 21.5676 1999.84 -9320.63 -21.5676 -1999.84 3.41699
1.465 22.6104 1999.92 -9773.8 -22.6104 -1999.92 6.10932
1.47 23.6142 2000.18 -10214.9 -23.6142 -2000.18 13.6174
1.475 24.6361 2000.26 -10658.7 -24.6361 -2000.26 15.8705
1.48 25.6805 2000.17 -11107.2 -25.6805 -2000.17 13.1914
1.485 26.664 2000.42 -11538.4 -26.664 -2000.42 19.527
1.49 27.6322 2000.61 -11959.6 -27.6322 -2000.61 22.495
1.495 28.5512 2001 -12359.2 -28.5512 -2001 25.1233
1.5 29.3732 2001.57 -12721.3 -29.3732 -2001.57 32.1257
1.505 30.2208 2001.35 -13084.8 -30.2208 -2001.35 29.4423
1.51 31.0797 2001.04 -13450.6 -31.0797 -2001.04 24.2022
1.515 31.9066 2001.09 -13806.4 -31.9066 -2001.09 22.7433
1.52 32.6683 2001.36 -14137 -32.6683 -2001.36 24.2651
1.525 33.4328 2001.15 -14465.3 -33.4328 -2001.15 22.2805
1.53 34.207 2000.88 -14796 -34.207 -2000.88 18.5463
1.535 34.9826 2000.67 -15128 -34.9826 -2000.67 15.5589
1.54 35.7533 2000.56 -15459.1 -35.7533 -2000.56 13.6183
1.545 36.459 2000.84 -15765 -36.459 -2000.84 14.6958
1.55 37.175 2000.63 -16072.1 -37.175 -2000.63 12.4534
1.555 37.8753 2000.58 -16375.1 -37.8753 -2000.58 12.9692
1.56 38.5753 2000.51 -16677.4 -38.5753 -2000.51 12.8865
1.565 39.2705 2000.44 -16977.4 -39.2705 -2000.44 12.5135
1.57 39.9255 2000.66 -17265.3 -39.9255 -2000.66 17.5238
1.575 40.5557 2001.13 -17540.6 -40.5557 -2001.13 20.5312
1.58 41.1898 2001.17 -17812.6 -41.1898 -2001.17 18.6291
1.585 41.7837 2001.27 -18073.3 -41.7837 -2001.27 22.7321
1.59 42.3678 2001.36 -18329 -42.3678 -2001.36 26.156
1.595 42.9494 2001.32 -18580.9 -42.9494 -2001.32 26.7713
1.6 43.5072 2001.3 -18822.6 -43.5072 -2001.3 27.4828
1.605 44.0795 2001 -19065.6 -44.0795 -2001 23.2303
1.61 44.5878 2001.35 -19291.6 -44.5878 -2001.35 29.6414
1.615 45.1024 2001.42 -19515.4 -45.1024 -2001.42 31.216
1.62 45.5633 2001.77 -19719.3 -45.5633 -2001.77 35.8974
1.625 46.0186 2001.9 -19913 -46.0186 -2001.9 32.9682
1.63 46.4426 2001.84 -20095.2 -46.4426 -2001.84 31.9956
1.635 46.8433 2001.8 -20267.6 -46.8433 -2001.8 31.3189
1.64 47.2254 2001.69 -20431.3 -47.2254 -2001.69 29.9506
1.645 47.5814 2001.62 -20584.4 -47.5814 -2001.62 29.2221
1.65 47.9356 2001.4 -20732.3 -47.9356 -2001.4 24.1704
1.655 48.2642 2001.65 -20868.9 -48.2642 -2001.65 18.7784
1.66 48.5729 2001.55 -20999.7 -48.5729 -2001.55 16.1916
1.665 48.865 2001.21 -21125.7 -48.865 -2001.21 16.0081
1.67 49.1624 2001.07 -21248.7 -49.1624 -2001.07 10.487
1.675 49.4357 2000.93 -21365.5 -49.4357 -2000.93 9.31426
1.68 49.6895 2000.7 -21477.5 -49.6895 -2000.7 11.5894
1.685 49.9328 2000.51 -21584.9 -49.9328 -2000.51 13.9921
1.69 50.1511 2000.67 -21683 -50.1511 -2000.67 17.6692
1.695 50.3314 2000.76 -21766.1 -50.3314 -2000.76 22.9466
1.7 50.453 2000.44 -21827.2 -50.453 -2000.44 31.5356
1.705 50.5792 2000.25 -21882.4 -50.5792 -2000.25 32.1446
1.71 50.6816 2000.08 -21928.4 -50.6816 -2000.08 33.8993
1.715 50.7009 2000.18 -21949.9 -50.7009 -2000.18 47.1437
1.72 50.6006 1999.74 -21927.9 -50.6006 -1999.74 68.4319
1.725 50.4404 1999.1 -21864.6 -50.4404 -1999.1 74.3396
1.73 50.309 1999.06 -21796.3 -50.309 -1999.06 62.8324
1.735 50.1503 1998.99 -21720.3 -50.1503 -1998.99 55.3714
1.74 49.9656 1998.87 -21635.2 -49.9656 -1998.87 50.0493
1.745 49.7196 1998.58 -21530.9 -49.7196 -1998.58 52.0354
1.75 49.4618 1999.08 -21415.3 -49.4618 -1999.08 47.8195
1.755 49.2076 1999.56 -21295.8 -49.2076 -1999.56 38.0783
1.76 48.9293 1999.44 -21170.4 -48.9293 -1999.44 32.9336
1.765 48.6397 1999.36 -21041.3 -48.6397 -1999.36 28.943
1.77 48.3471 1999.45 -20908.4 -48.3471 -1999.45 22.4708
1.775 48.0433 1999.45 -20771.7 -48.0433 -1999.45 17.0111
1.78 47.7181 1999.35 -20630.5 -47.7181 -1999.35 16.3008
1.785 47.3443 1998.91 -20474.2 -47.3443 -1998.91 21.4089
1.79 46.9765 1998.79 -20315.2 -46.9765 -1998.79 21.3687
1.795 46.72 1999.8 -20180.6 -46.72 -1999.8 -2.3837
1.8 46.5827 2000.69 -20097.5 -46.5827 -2000.69 -26.229
1.805 46.3672 2000.48 -20010.2 -46.3672 -2000.48 -20.4211
1.81 46.1546 2000.36 -19922.2 -46.1546 -2000.36 -16.64
1.815 45.9398 2000.23 -19832.8 -45.9398 -2000.23 -13.2203
1.82 45.7209 2000.06 -19741.6 -45.7209 -2000.06 -9.7842
1.825 45.4985 1999.86 -19648.6 -45.4985 -1999.86 -6.82206
1.83 45.3303 2000.15 -19569.7 -45.3303 -2000.15 -12.9622
1.835 45.2161 2000.55 -19512.3 -45.2161 -2000.55 -20.9896
1.84 45.0668 2000.38 -19452.2 -45.0668 -2000.38 -16.6654
1.845 44.9174 2000.23 -19391.1 -44.9174 -2000.23 -13.1876
1.85 44.7674 2000.1 -19329.1 -44.7674 -2000.1 -10.3718
1.855 44.6152 1999.99 -19266.1 -44.6152 -1999.99 -7.70403
1.86 44.4613 1999.89 -19201.8 -44.4613 -1999.89 -5.51327
1.865 44.3054 1999.81 -19136.2 -44.3054 -1999.81 -3.70097
1.87 44.1446 1999.69 -19068.6 -44.1446 -1999.69 -1.87274
1.875 43.9754 1999.53 -18997.4 -43.9754 -1999.53 0.0535794
1.88 43.8091 1999.55 -18925.7 -43.8091 -1999.55 0.133491
1.885 43.6765 1999.91 -18863.1 -43.6765 -1999.91 -5.158
1.89 43.5622 2000.21 -18809.6 -43.5622 -2000.21 -9.30088
1.895 43.4271 2000.08 -18753.6 -43.4271 -2000.08 -6.95078
1.9 43.2909 1999.97 -18696.7 -43.2909 -1999.97 -5.03203
1.905 43.1531 1999.87 -18638.7 -43.1531 -1999.87 -3.4473
1.91 43.0133 1999.79 -18579.6 -43.0133 -1999.79 -2.12644
1.915 42.9483 2000.18 -18541.1 -42.9483 -2000.18 -12.5741
1.92 42.9084 2000.46 -18516.6 -42.9084 -2000.46 -19.7884
1.925 42.8363 2000.29 -18489.8 -42.8363 -2000.29 -15.4886
1.93 42.8135 2000.48 -18476.1 -42.8135 -2000.48 -19.3259
1.935 42.824 2000.67 -18476.8 -42.824 -2000.67 -23.2125
1.94 42.8095 2000.48 -18475.3 -42.8095 -2000.48 -18.3866
1.945 42.7968 2000.33 -18473.7 -42.7968 -2000.33 -14.4948
1.95 42.7851 2000.2 -18471.8 -42.7851 -2000.2 -11.3463
1.955 42.7692 1999.96 -18468.2 -42.7692 -1999.96 -8.12223
1.96 42.7447 1999.64 -18460.9 -42.7447 -1999.64 -4.79836
1.965 42.7277 1999.67 -18454.7 -42.7277 -1999.67 -3.67579
1.97 42.7106 1999.68 -18448.2 -42.7106 -1999.68 -2.76061
1.975 42.6933 1999.7 -18441.5 -42.6933 -1999.7 -2.01557
1.98 42.6755 1999.71 -18434.4 -42.6755 -1999.71 -1.40653
1.985 42.6869 2000.21 -18435.5 -42.6869 -2000.21 -5.20323
1.99 42.6838 2000.22 -18434 -42.6838 -2000.22 -5.42492
1.995 42.6739 2000.05 -18431.4 -42.6739 -2000.05 -3.713
2 42.667 2000.01 -18429.3 -42.667 -2000.01 -2.89294
2.005 42.6604 1999.98 -18427.1 -42.6604 -1999.98 -2.22809
2.01 42.6538 1999.95 -18424.8 -42.6538 -1999.95 -1.68931
2.015 42.6472 1999.93 -18422.4 -42.6472 -1999.93 -1.25196
2.02 42.6406 1999.91 -18419.9 -42.6406 -1999.91 -0.896075
2.025 42.6339 1999.89 -18417.2 -42.6339 -1999.89 -0.605387
2.03 42.627 1999.88 -18414.5 -42.627 -1999.88 -0.366785
2.035 42.6199 1999.87 -18411.6 -42.6199 -1999.87 -0.169599
2.04 42.6125 1999.85 -18408.6 -42.6125 -1999.85 -0.0050323
2.045 42.6048 1999.84 -18405.4 -42.6048 -1999.84 0.133915
2.05 42.5968 1999.83 -18402.1 -42.5968 -1999.83 0.252895
2.055 42.5884 1999.82 -18398.5 -42.5884 -1999.82 0.356471
2.06 42.5795 1999.81 -18394.8 -42.5795 -1999.81 0.448352
2.065 42.5702 1999.79 -18390.9 -42.5702 -1999.79 0.531267
2.07 42.5605 1999.78 -18386.7 -42.5605 -1999.78 0.60752
2.075 42.5502 1999.77 -18382.4 -42.5502 -1999.77 0.679185
2.08 42.5393 1999.75 -18377.7 -42.5393 -1999.75 0.74807
2.085 42.5279 1999.74 -18372.9 -42.5279 -1999.74 0.815884
2.09 42.5158 1999.72 -18367.7 -42.5158 -1999.72 0.884271
2.095 42.503 1999.7 -18362.3 -42.503 -1999.7 0.954908
2.1 42.4885 1999.65 -18356.2 -42.4885 -1999.65 1.1498
2.105 42.4657 1999.42 -18347.1 -42.4657 -1999.42 1.98299
2.11 42.4466 1999.48 -18338.7 -42.4466 -1999.48 1.75931
2.115 42.4266 1999.52 -18329.9 -42.4266 -1999.52 1.59365
2.12 42.4058 1999.55 -18320.8 -42.4058 -1999.55 1.46992
2.125 42.3842 1999.57 -18311.4 -42.3842 -1999.57 1.38163
2.13 42.3618 1999.58 -18301.6 -42.3618 -1999.58 1.3231
2.135 42.3385 1999.59 -18291.5 -42.3385 -1999.59 1.28983
2.14 42.3143 1999.59 -18281 -42.3143 -1999.59 1.27838
2.145 42.2891 1999.58 -18270.2 -42.2891 -1999.58 1.28598
2.15 42.263 1999.57 -18258.9 -42.263 -1999.57 1.3107
2.155 42.2358 1999.55 -18247.2 -42.2358 -1999.55 1.35177
2.16 42.2198 1999.8 -18238.6 -42.2198 -1999.8 -0.344998
2.165 42.2034 1999.96 -18230.6 -42.2034 -1999.96 -1.26598
2.17 42.1823 1999.91 -18221.9 -42.1823 -1999.91 -0.87218
2.175 42.161 1999.87 -18213 -42.161 -1999.87 -0.550547
2.18 42.1392 1999.84 -18203.8 -42.1392 -1999.84 -0.282101
2.185 42.1168 1999.81 -18194.4 -42.1168 -1999.81 -0.0550071
2.19 42.0937 1999.78 -18184.6 -42.0937 -1999.78 0.140531
2.195 42.0587 1999.05 -18171 -42.0587 -1999.05 1.67834
2.2 42.0203 1998.58 -18155.5 -42.0203 -1998.58 2.72805
2.205 41.977 1998.47 -18137.3 -41.977 -1998.47 3.25943
2.21 41.9227 1998.19 -18114.8 -41.9227 -1998.19 4.21071
2.215 41.8485 1997.54 -18084.4 -41.8485 -1997.54 5.8508
2.22 41.6865 1994.34 -18022.3 -41.6865 -1994.34 13.7085
2.225 41.2225 1966.62 -17899.8 -41.2225 -1966.62 91.659
2.23 40.4924 1927.48 -17710.3 -40.4924 -1927.48 217.582
2.235 40.7865 1941.49 -17797.7 -40.7865 -1941.49 177.945
2.24 40.9665 1951.3 -17850.9 -40.9665 -1951.3 153.427
2.245 41.1041 1959.42 -17887.4 -41.1041 -1959.42 130.424
2.25 41.2008 1965.81 -17908.5 -41.2008 -1965.81 109.782
2.255 41.2388 1968.94 -17911.9 -41.2388 -1968.94 96.7748
2.26 41.2096 1969.92 -17893 -41.2096 -1969.92 90.4773
2.265 41.0947 1985.02 -17832 -41.0947 -1985.02 79.1255
2.27 41.267 2014.11 -17863.5 -41.267 -2014.11 36.1244
2.275 41.2804 2013.94 -17871.4 -41.2804 -2013.94 38.2568
2.28 41.2607 2011.97 -17866.9 -41.2607 -2011.97 42.2297
2.285 41.2369 2010.14 -17852.7 -41.2369 -2010.14 38.3017
2.29 41.2184 2008.2 -17837.8 -41.2184 -2008.2 31.4442
2.295 41.1981 2006.57 -17823 -41.1981 -2006.57 25.4031
2.3 41.1753 2005.24 -17808.3 -41.1753 -2005.24 20.5586
2.305 41.1502 2004.17 -17793.6 -41.1502 -2004.17 16.6825
2.31 41.1229 2003.29 -17778.7 -41.1229 -2003.29 13.5852
2.315 41.0938 2002.58 -17763.6 -41.0938 -2002.58 11.114
2.32 41.0879 2002.89 -17755.8 -41.0879 -2002.89 5.80836
2.325 41.0777 2002.81 -17748.4 -41.0777 -2002.81 2.82099
2.33 41.0594 2002.24 -17740 -41.0594 -2002.24 2.38366
2.335 41.0409 2001.79 -17731.7 -41.0409 -2001.79 2.0331
2.34 41.0222 2001.42 -17723.3 -41.0222 -2001.42 1.754
2.345 41.0028 2001.09 -17714.8 -41.0028 -2001.09 1.57235
2.35 40.9788 2000.61 -17704.6 -40.9788 -2000.61 1.71296
2.355 40.9546 2000.37 -17694 -40.9546 -2000.37 1.61268
2.36 40.9285 2000.15 -17682.7 -40.9285 -2000.15 1.58197
2.365 40.8909 1999.38 -17667.6 -40.8909 -1999.38 2.74241
2.37 40.8507 1999.16 -17650.5 -40.8507 -1999.16 3.02783
2.375 40.822 1999.6 -17636.7 -40.822 -1999.6 1.61584
2.38 40.7885 1999.5 -17622.2 -40.7885 -1999.5 1.573
2.385 40.752 1999.39 -17606.5 -40.752 -1999.39 1.57363
2.39 40.7116 1999.24 -17589 -40.7116 -1999.24 1.65099
2.395 40.6654 1999.03 -17569.3 -40.6654 -1999.03 1.83287
2.4 40.61 1998.68 -17545.7 -40.61 -1998.68 2.19589
2.405 40.5358 1997.96 -17514.5 -40.5358 -1997.96 3.00722
2.41 40.4764 1999.39 -17482.4 -40.4764 -1999.39 -3.42815
2.415 40.4529 2002.12 -17462.3 -40.4529 -2002.12 -13.3777
2.42 40.4727 2004.06 -17464.7 -40.4727 -2004.06 -19.5337
2.425 40.5137 2006.16 -17482.4 -40.5137 -2006.16 -19.4999
2.43 40.4983 2005.29 -17484.1 -40.4983 -2005.29 -11.1517
2.435 40.4954 2004.16 -17485.3 -40.4954 -2004.16 -8.73915
2.44 40.4954 2003.35 -17487 -40.4954 -2003.35 -7.0229
2.445 40.4967 2002.69 -17488.9 -40.4967 -2002.69 -5.63445
2.45 40.499 2002.17 -17491.1 -40.499 -2002.17 -4.51037
2.455 40.5021 2001.75 -17493.3 -40.5021 -2001.75 -3.59981
2.46 40.5058 2001.41 -17495.6 -40.5058 -2001.41 -2.86217
2.465 40.5099 2001.14 -17498 -40.5099 -2001.14 -2.26488
2.47 40.5144 2000.93 -17500.4 -40.5144 -2000.93 -1.78174
2.475 40.5191 2000.75 -17502.9 -40.5191 -2000.75 -1.39153
2.48 40.524 2000.61 -17505.3 -40.524 -2000.61 -1.07701
2.485 40.529 2000.49 -17507.7 -40.529 -2000.49 -0.824051
2.49 40.5341 2000.39 -17510.1 -40.5341 -2000.39 -0.621048
2.495 40.5392 2000.31 -17512.5 -40.5392 -2000.31 -0.458442
2.5 40.5443 2000.24 -17514.8 -40.5443 -2000.24 -0.328357
2.505 40.5494 2000.19 -17517.1 -40.5494 -2000.19 -0.224315
2.51 40.5545 2000.14 -17519.4 -40.5545 -2000.14 -0.140996
2.515 40.5596 2000.1 -17521.7 -40.5596 -2000.1 -0.0740396
2.52 40.5646 2000.06 -17523.9 -40.5646 -2000.06 -0.0198896
2.525 40.5696 2000.03 -17526.1 -40.5696 -2000.03 0.024332
2.53 40.5716 1999.75 -17527.3 -40.5716 -1999.75 0.364093
2.535 40.5744 1999.64 -17528.6 -40.5744 -1999.64 0.49451
2.54 40.5781 1999.71 -17530.1 -40.5781 -1999.71 0.400305
2.545 40.5818 1999.77 -17531.6 -40.5818 -1999.77 0.324157
2.55 40.5854 1999.82 -17533.2 -40.5854 -1999.82 0.262741
2.555 40.589 1999.86 -17534.7 -40.589 -1999.86 0.21318
2.56 40.5926 1999.89 -17536.2 -40.5926 -1999.89 0.173159
2.565 40.5962 1999.91 -17537.7 -40.5962 -1999.91 0.140821
2.57 40.5998 1999.93 -17539.2 -40.5998 -1999.93 0.11467
2.575 40.6034 1999.94 -17540.8 -40.6034 -1999.94 0.093505
2.58 40.607 1999.96 -17542.3 -40.607 -1999.96 0.07636
2.585 40.6105 1999.97 -17543.8 -40.6105 -1999.97 0.0624574
2.59 40.6141 1999.97 -17545.3 -40.6141 -1999.97 0.0511713
2.595 40.6279 2000.65 -17550.1 -40.6279 -2000.65 -1.18447
2.6 40.6383 2000.88 -17554.1 -40.6383 -2000.88 -1.6044
2.605 40.6453 2000.71 -17557.5 -40.6453 -2000.71 -1.28969
2.61 40.6524 2000.57 -17560.8 -40.6524 -2000.57 -1.03655
2.615 40.6596 2000.44 -17564.1 -40.6596 -2000.44 -0.820968
2.62 40.6668 2000.32 -17567.4 -40.6668 -2000.32 -0.638936
2.625 40.6742 2000.25 -17570.7 -40.6742 -2000.25 -0.512775
2.63 40.6816 2000.2 -17574 -40.6816 -2000.2 -0.411263
2.635 40.689 2000.16 -17577.3 -40.689 -2000.16 -0.32962
2.64 40.6963 2000.13 -17580.6 -40.6963 -2000.13 -0.263962
2.645 40.7036 2000.1 -17583.8 -40.7036 -2000.1 -0.211165
2.65 40.7108 2000.08 -17586.9 -40.7108 -2000.08 -0.168714
2.655 40.7179 2000.06 -17590 -40.7179 -2000.06 -0.134587
2.66 40.7249 2000.05 -17593.1 -40.7249 -2000.05 -0.107155
2.665 40.7319 2000.04 -17596.1 -40.7319 -2000.04 -0.0851103
2.67 40.7387 2000.03 -17599.1 -40.7387 -2000.03 -0.0673986
2.675 40.7454 2000.02 -17602 -40.7454 -2000.02 -0.0531728
2.68 40.7521 2000.02 -17604.9 -40.7521 -2000.02 -0.0417517
2.685 40.7586 2000.01 -17607.7 -40.7586 -2000.01 -0.0325874
2.69 40.765 2000.01 -17610.5 -40.765 -2000.01 -0.0252394
2.695 40.7713 2000 -17613.2 -40.7713 -2000 -0.0193537
2.7 40.7775 2000 -17615.9 -40.7775 -2000 -0.0146459
2.705 40.7835 2000 -17618.5 -40.7835 -2000 -0.0108875
2.71 40.7894 2000 -17621 -40.7894 -2000 -0.00789496
2.715 40.7952 2000 -17623.5 -40.7952 -2000 -0.00552099
2.72 40.8008 2000 -17625.9 -40.8008 -2000 -0.00364755
2.725 40.8062 2000 -17628.3 -40.8062 -2000 -0.00217988
2.73 40.8115 2000 -17630.6 -40.8115 -2000 -0.00104165
2.735 40.8165 2000 -17632.7 -40.8165 -2000 -0.000170977
2.74 40.8213 2000 -17634.8 -40.8213 -2000 0.000482618
2.745 40.8259 2000 -17636.8 -40.8259 -2000 0.000960558
2.75 40.8303 2000 -17638.7 -40.8303 -2000 0.001297
2.755 40.8345 2000 -17640.5 -40.8345 -2000 0.0015202
2.76 40.8384 2000 -17642.2 -40.8384 -2000 0.00165355
2.765 40.8421 2000 -17643.8 -40.8421 -2000 0.00171658
2.77 40.8456 2000 -17645.3 -40.8456 -2000 0.00172584
2.775 40.8488 2000 -17646.7 -40.8488 -2000 0.00169549
2.78 40.8519 2000 -17648 -40.8519 -2000 0.00163764
2.785 40.8548 2000 -17649.3 -40.8548 -2000 0.00156243
2.79 40.8576 2000 -17650.5 -40.8576 -2000 0.001478
2.795 40.8602 2000 -17651.6 -40.8602 -2000 0.00139057
2.8 40.8627 2000 -17652.7 -40.8627 -2000 0.00130475
2.805 40.8651 2000 -17653.7 -40.8651 -2000 0.00122413
2.81 40.8675 2000 -17654.8 -40.8675 -2000 0.00115162
2.815 40.8699 2000 -17655.8 -40.8699 -2000 0.00108958
2.82 40.8723 2000 -17656.8 -40.8723 -2000 0.00103972
2.825 40.8747 2000 -17657.9 -40.8747 -2000 0.00100308
2.83 40.8771 2000 -17658.9 -40.8771 -2000 0.000980173
2.835 40.8796 2000 -17660 -40.8796 -2000 0.000971348
2.84 40.8822 2000 -17661.1 -40.8822 -2000 0.000976962
2.845 40.8849 2000 -17662.3 -40.8849 -2000 0.000997301
2.85 40.8877 2000 -17663.5 -40.8877 -2000 0.00103252
2.855 40.8906 2000 -17664.8 -40.8906 -2000 0.00108278
2.86 40.8937 2000 -17666.1 -40.8937 -2000 0.00114855
2.865 40.8969 2000 -17667.5 -40.8969 -2000 0.0012306
2.87 40.9003 2000 -17668.9 -40.9003 -2000 0.00132965
2.875 40.9038 2000 -17670.4 -40.9038 -2000 0.00144604
2.88 40.9075 2000 -17672 -40.9075 -2000 0.00158037
2.885 40.9113 2000 -17673.7 -40.9113 -2000 0.0017352
2.89 40.9154 2000 -17675.5 -40.9154 -2000 0.00191565
2.895 40.9197 2000 -17677.3 -40.9197 -2000 0.00212716
2.9 40.9242 2000 -17679.3 -40.9242 -2000 0.00237282
2.905 40.929 2000 -17681.3 -40.929 -2000 0.00265339
2.91 40.934 1999.99 -17683.5 -40.934 -1999.99 0.00296868
2.915 40.9393 1999.99 -17685.8 -40.9393 -1999.99 0.00331705
2.92 40.9447 1999.99 -17688.1 -40.9447 -1999.99 0.00369357
2.925 40.9504 1999.99 -17690.6 -40.9504 -1999.99 0.00409074
2.93 40.9561 1999.99 -17693.1 -40.9561 -1999.99 0.00450244
2.935 40.9621 1999.99 -17695.6 -40.9621 -1999.99 0.00492592
2.94 40.9682 1999.99 -17698.2 -40.9682 -1999.99 0.00535949
2.945 40.9743 1999.99 -17700.9 -40.9743 -1999.99 0.00580007
2.95 40.9806 1999.99 -17703.6 -40.9806 -1999.99 0.00624334
2.955 40.987 1999.99 -17706.4 -40.987 -1999.99 0.00668519
2.96 40.9934 1999.99 -17709.2 -40.9934 -1999.99 0.00712231
2.965 40.9999 1999.99 -17712 -40.9999 -1999.99 0.00755152
2.97 41.0064 1999.99 -17714.8 -41.0064 -1999.99 0.00796915
2.975 41.0129 1999.98 -17717.6 -41.0129 -1999.98 0.00837067
2.98 41.0194 1999.98 -17720.4 -41.0194 -1999.98 0.00875049
2.985 41.0259 1999.98 -17723.2 -41.0259 -1999.98 0.00910251
2.99 41.0323 1999.98 -17726 -41.0323 -1999.98 0.00942149
2.995 41.0387 1999.98 -17728.7 -41.0387 -1999.98 0.0097041
3 41.045 1999.98 -17731.4 -41.045 -1999.98 0.00994936
3.005 41.0512 1999.98 -17734.1 -41.0512 -1999.98 0.0101583
3.01 41.0572 1999.98 -17736.7 -41.0572 -1999.98 0.0103328
3.015 41.0632 1999.98 -17739.3 -41.0632 -1999.98 0.0104749
3.02 41.0691 1999.98 -17741.9 -41.0691 -1999.98 0.0105866
3.025 41.0757 2000.05 -17744.6 -41.0757 -2000.05 -0.0769609
3.03 41.0823 2000.1 -17747.4 -41.0823 -2000.1 -0.141126
3.035 41.0882 2000.08 -17750 -41.0882 -2000.08 -0.112993
3.04 41.0941 2000.07 -17752.6 -41.0941 -2000.07 -0.0904381
3.045 41.0999 2000.05 -17755.1 -41.0999 -2000.05 -0.0722753
3.05 41.1056 2000.04 -17757.6 -41.1056 -2000.04 -0.0576522
3.055 41.1112 2000.03 -17760 -41.1112 -2000.03 -0.045882
3.06 41.1167 2000.02 -17762.4 -41.1167 -2000.02 -0.0364113
3.065 41.1221 2000.02 -17764.7 -41.1221 -2000.02 -0.0287943
3.07 41.1273 2000.01 -17767 -41.1273 -2000.01 -0.0226714
3.075 41.1325 2000.01 -17769.2 -41.1325 -2000.01 -0.017753
3.08 41.1375 2000.01 -17771.4 -41.1375 -2000.01 -0.0138059
3.085 41.1424 2000.01 -17773.5 -41.1424 -2000.01 -0.0106428
3.09 41.1472 2000 -17775.6 -41.1472 -2000 -0.00811246
3.095 41.1518 2000 -17777.6 -41.1518 -2000 -0.00609336
3.1 41.1563 2000 -17779.5 -41.1563 -2000 -0.00448765
3.105 41.1607 2000 -17781.4 -41.1607 -2000 -0.00321683
3.11 41.1648 2000 -17783.2 -41.1648 -2000 -0.00221785
3.115 41.1688 2000 -17784.9 -41.1688 -2000 -0.00143975
3.12 41.1726 2000 -17786.5 -41.1726 -2000 -0.00084103
3.125 41.1761 2000 -17788.1 -41.1761 -2000 -0.000387618
3.13 41.1795 2000 -17789.5 -41.1795 -2000 -5.14669e-05
3.135 41.1826 2000 -17790.9 -41.1826 -2000 0.000190528
3.14 41.1856 2000 -17792.2 -41.1856 -2000 0.000357465
3.145 41.1883 2000 -17793.3 -41.1883 -2000 0.000465136
3.15 41.1908 2000 -17794.4 -41.1908 -2000 0.00052649
3.155 41.193 2000 -17795.4 -41.193 -2000 0.000552065
3.16 41.1951 2000 -17796.3 -41.1951 -2000 0.000550388
3.165 41.1969 2000 -17797.1 -41.1969 -2000 0.000528259
3.17 41.1985 2000 -17797.7 -41.1985 -2000 0.000491045
3.175 41.1998 2000 -17798.3 -41.1998 -2000 0.000443162
3.18 41.2008 2000 -17798.8 -41.2008 -2000 0.000388614
3.185 41.2016 2000 -17799.1 -41.2016 -2000 0.000331339
3.19 41.2021 2000 -17799.3 -41.2021 -2000 0.000275248
3.195 41.2023 2000 -17799.4 -41.2023 -2000 0.000224005
3.2 41.1934 1999.98 -17796.9 -41.1934 -1999.98 1.3353
3.205 41.1643 1999.95 -17786 -41.1643 -1999.95 3.07604
3.21 41.1273 1999.96 -17769.4 -41.1273 -1999.96 2.41869
3.215 41.0804 1999.97 -17748.5 -41.0804 -1999.97 1.81236
3.22 41.0275 1999.97 -17725.1 -41.0275 -1999.97 1.23765
3.225 40.9717 1999.97 -17700.5 -40.9717 -1999.97 0.698335
3.23 40.9152 1999.96 -17675.6 -40.9152 -1999.96 0.211528
3.235 40.8598 1999.96 -17651.2 -40.8598 -1999.96 -0.210529
3.24 40.8065 1999.95 -17627.9 -40.8065 -1999.95 -0.559052
3.245 40.7563 1999.95 -17605.9 -40.7563 -1999.95 -0.826589
3.25 40.7098 1999.95 -17585.6 -40.7098 -1999.95 -1.01336
3.255 40.6674 1999.95 -17567.2 -40.6674 -1999.95 -1.12185
3.26 40.6297 1999.95 -17550.9 -40.6297 -1999.95 -1.16039
3.265 40.5968 1999.95 -17536.7 -40.5968 -1999.95 -1.14104
3.27 40.569 1999.96 -17524.7 -40.569 -1999.96 -1.07455
3.275 40.5464 1999.96 -17515.1 -40.5464 -1999.96 -0.973882
3.28 40.5292 1999.97 -17507.8 -40.5292 -1999.97 -0.851719
3.285 40.5177 1999.97 -17502.9 -40.5177 -1999.97 -0.720326
3.29 40.5121 1999.98 -17500.6 -40.5121 -1999.98 -0.591567
3.295 40.5139 1999.98 -17501.4 -40.5139 -1999.98 -0.601763
3.3 40.5261 1999.97 -17506.5 -40.5261 -1999.97 -0.725571
3.305 40.5486 1999.98 -17516.4 -40.5486 -1999.98 -0.584107
3.31 40.5828 1999.98 -17531.3 -40.5828 -1999.98 -0.470223
3.315 40.6294 1999.99 -17551.5 -40.6294 -1999.99 -0.378529
3.32 40.6887 1999.99 -17577.2 -40.6887 -1999.99 -0.304422
3.325 40.7608 1999.99 -17608.4 -40.7608 -1999.99 -0.241231
3.33 40.8453 1999.99 -17645 -40.8453 -1999.99 -0.160499
3.335 40.9402 2000 -17686.3 -40.9402 -2000 0.110121
3.34 41.039 2000.03 -17730.1 -41.039 -2000.03 1.25016
3.345 41.121 2000.08 -17769.6 -41.121 -2000.08 5.34231
3.35 41.1555 1999.99 -17793.2 -41.1555 -1999.99 14.0725
3.355 41.1493 1999.75 -17798 -41.1493 -1999.75 21.4483
3.36 41.1564 1999.78 -17799.7 -41.1564 -1999.78 20.0936
3.365 41.167 1999.86 -17800.8 -41.167 -1999.86 16.6548
3.37 41.1763 1999.9 -17801.7 -41.1763 -1999.9 13.5179
3.375 41.1842 1999.92 -17802.5 -41.1842 -1999.92 10.9125
3.38 41.1909 1999.94 -17803.2 -41.1909 -1999.94 8.79453
3.385 41.1966 1999.95 -17804 -41.1966 -1999.95 7.08333
3.39 41.2015 1999.96 -17804.7 -41.2015 -1999.96 5.70368
3.395 41.2057 1999.97 -17805.4 -41.2057 -1999.97 4.59224
3.4 41.2093 1999.97 -17806.1 -41.2093 -1999.97 3.69718
3.405 41.2123 1999.96 -17806.7 -41.2123 -1999.96 2.98561
3.41 41.215 1999.95 -17807.3 -41.215 -1999.95 2.41076
3.415 41.2173 1999.96 -17807.8 -41.2173 -1999.96 1.94083
3.42 41.2193 1999.97 -17808.3 -41.2193 -1999.97 1.56249
3.425 41.2209 1999.98 -17808.7 -41.2209 -1999.98 1.2579
3.43 41.2222 1999.98 -17809 -41.2222 -1999.98 1.01267
3.435 41.2232 1999.98 -17809.2 -41.2232 -1999.98 0.815249
3.44 41.2238 1999.99 -17809.3 -41.2238 -1999.99 0.656305
3.445 41.2151 1999.98 -17806.8 -41.2151 -1999.98 1.88104
3.45 41.1769 1999.95 -17792.3 -41.1769 -1999.95 3.86564
3.455 41.1182 1999.95 -17766 -41.1182 -1999.95 2.96214
3.46 41.0325 1999.95 -17727.9 -41.0325 -1999.95 1.90017
3.465 40.9228 1999.93 -17679.1 -40.9228 -1999.93 0.439652
3.47 40.7943 1999.89 -17621.5 -40.7943 -1999.89 -1.60115
3.475 40.6537 1999.83 -17558.1 -40.6537 -1999.83 -4.28315
3.48 40.5079 1999.73 -17492 -40.5079 -1999.73 -7.44555
3.485 40.3633 1999.63 -17426.2 -40.3633 -1999.63 -10.7764
3.49 40.2248 1999.54 -17363.3 -40.2248 -1999.54 -13.8502
3.495 40.095 1999.47 -17304.8 -40.095 -1999.47 -16.271
3.5 39.9746 1999.35 -17251.3 -39.9746 -1999.35 -17.7512
3.505 39.8646 1999.28 -17203.2 -39.8646 -1999.28 -18.3587
3.51 39.765 1999.28 -17160.3 -39.765 -1999.28 -18.2417
3.515 39.6743 1999.3 -17121.8 -39.6743 -1999.3 -17.511
3.52 39.5916 1999.33 -17087.2 -39.5916 -1999.33 -16.3635
3.525 39.516 1999.36 -17056 -39.516 -1999.36 -14.9724
3.53 39.4454 1999.29 -17027.1 -39.4454 -1999.29 -13.2823
3.535 39.3817 1999.28 -17001.2 -39.3817 -1999.28 -11.7164
3.54 39.3245 1999.34 -16977.9 -39.3245 -1999.34 -10.3274
3.545 39.2719 1999.4 -16956.4 -39.2719 -1999.4 -9.02913
3.55 39.2232 1999.43 -16936.6 -39.2232 -1999.43 -7.8069
3.555 39.1794 1999.73 -16918.7 -39.1794 -1999.73 -6.77821
3.56 39.1369 1999.88 -16901.2 -39.1369 -1999.88 -5.87703
3.565 39.0948 1999.86 -16883.9 -39.0948 -1999.86 -5.03433
3.57 39.0559 1999.85 -16867.8 -39.0559 -1999.85 -4.30088
3.575 39.0198 1999.84 -16852.9 -39.0198 -1999.84 -3.66576
3.58 38.9858 1999.79 -16838.8 -38.9858 -1999.79 -3.01148
3.585 38.9548 1999.75 -16826 -38.9548 -1999.75 -2.46672
3.59 38.9275 1999.76 -16814.6 -38.9275 -1999.76 -2.09501
3.595 38.9029 1999.78 -16804.3 -38.9029 -1999.78 -1.77752
3.6 38.8813 1999.79 -16795.2 -38.8813 -1999.79 -1.50065
3.605 38.8629 1999.81 -16787.5 -38.8629 -1999.81 -1.25986
3.61 38.8476 1999.83 -16781.1 -38.8476 -1999.83 -1.0509
3.615 38.8352 1999.85 -16775.9 -38.8352 -1999.85 -0.870799
3.62 38.8255 1999.87 -16771.9 -38.8255 -1999.87 -0.716781
3.625 38.8185 1999.89 -16769 -38.8185 -1999.89 -0.586109
3.63 38.8139 1999.91 -16767.1 -38.8139 -1999.91 -0.476228
3.635 38.8117 1999.93 -16766.3 -38.8117 -1999.93 -0.384858
3.64 38.8127 1999.94 -16766.7 -38.8127 -1999.94 -0.439807
3.645 38.8436 1999.85 -16778.5 -38.8436 -1999.85 -1.90976
3.65 38.8966 1999.87 -16801.8 -38.8966 -1999.87 -1.47691
3.655 38.9745 1999.9 -16836 -38.9745 -1999.9 -0.949783
3.66 39.0745 1999.93 -16880 -39.0745 -1999.93 -0.178272
3.665 39.1925 1999.98 -16932.2 -39.1925 -1999.98 1.0124
3.67 39.3231 2000.04 -16990.3 -39.3231 -2000.04 2.72993
3.675 39.461 2000.11 -17052.1 -39.461 -2000.11 4.97789
3.68 39.6005 2000.16 -17115 -39.6005 -2000.16 7.63955
3.685 39.7372 2000.22 -17176.9 -39.7372 -2000.22 10.4545
3.69 39.8682 2000.27 -17236.2 -39.8682 -2000.27 13.0962
3.695 39.9903 2000.26 -17291.3 -39.9903 -2000.26 15.4679
3.7 40.103 2000.22 -17341.7 -40.103 -2000.22 17.2498
3.705 40.2084 2000.22 -17388.1 -40.2084 -2000.22 18.1045
3.71 40.3057 2000.18 -17430.4 -40.3057 -2000.18 18.3497
3.715 40.3965 2000.15 -17469.3 -40.3965 -2000.15 17.9811
3.72 40.4818 2000.12 -17505.3 -40.4818 -2000.12 17.1149
3.725 40.5604 2000.05 -17538.3 -40.5604 -2000.05 16.1927
3.73 40.6349 2000 -17569.2 -40.6349 -2000 14.9453
3.735 40.7071 2000.03 -17598.7 -40.7071 -2000.03 13.2871
3.74 40.7756 2000.05 -17626.7 -40.7756 -2000.05 11.6688
3.745 40.8404 2000.07 -17653.2 -40.8404 -2000.07 10.1415
3.75 40.8992 2000.02 -17677.5 -40.8992 -2000.02 9.07658
3.755 40.9519 1999.96 -17699.5 -40.9519 -1999.96 8.24406
3.76 41.0032 1999.98 -17720.3 -41.0032 -1999.98 6.96601
3.765 41.0421 1999.84 -17737.3 -41.0421 -1999.84 7.11788
3.77 41.0755 1999.74 -17751.8 -41.0755 -1999.74 7.18388
3.775 41.0978 1999.65 -17761.7 -41.0978 -1999.65 7.43222
3.78 41.1059 1999.57 -17765.7 -41.1059 -1999.57 7.93018
3.785 41.1158 1999.63 -17768.9 -41.1158 -1999.63 6.82061
3.79 41.1252 1999.7 -17771.7 -41.1252 -1999.7 5.54743
3.795 41.1332 1999.76 -17774.1 -41.1332 -1999.76 4.50647
3.8 41.1399 1999.81 -17776.1 -41.1399 -1999.81 3.65654
3.805 41.1455 1999.84 -17777.8 -41.1455 -1999.84 2.96343
3.81 41.15 1999.88 -17779.2 -41.15 -1999.88 2.39883
3.815 41.1536 1999.9 -17780.3 -41.1536 -1999.9 1.93941
3.82 41.1564 1999.92 -17781.1 -41.1564 -1999.92 1.56603
3.825 41.1584 1999.94 -17781.7 -41.1584 -1999.94 1.26301
3.83 41.1596 1999.95 -17782 -41.1596 -1999.95 1.01756
3.835 41.1602 1999.96 -17782 -41.1602 -1999.96 0.819276
3.84 41.1212 1999.93 -17770.9 -41.1212 -1999.93 6.5366
3.845 41.0645 1999.91 -17749.5 -41.0645 -1999.91 9.66534
3.85 40.9986 1999.92 -17718.9 -40.9986 -1999.92 7.49102
3.855 40.9114 1999.92 -17679.1 -40.9114 -1999.92 5.36118
3.86 40.8065 1999.91 -17631.5 -40.8065 -1999.91 3.08299
3.865 40.6882 1999.88 -17577.8 -40.6882 -1999.88 0.536406
3.87 40.561 1999.84 -17520.1 -40.561 -1999.84 -2.30141
3.875 40.4295 1999.79 -17460.2 -40.4295 -1999.79 -5.34216
3.88 40.2976 1999.74 -17400.2 -40.2976 -1999.74 -8.39896
3.885 40.1683 1999.69 -17341.5 -40.1683 -1999.69 -11.2318
3.89 40.0436 1999.65 -17285.2 -40.0436 -1999.65 -13.6133
3.895 39.9242 1999.62 -17231.9 -39.9242 -1999.62 -15.3851
3.9 39.8102 1999.6 -17181.5 -39.8102 -1999.6 -16.4764
3.905 39.7015 1999.58 -17134.1 -39.7015 -1999.58 -16.9227
3.91 39.5974 1999.6 -17089.3 -39.5974 -1999.6 -16.8324
3.915 39.4961 1999.46 -17046.1 -39.4961 -1999.46 -16.2282
3.92 39.3988 1999.35 -17005 -39.3988 -1999.35 -15.3313
3.925 39.3059 1999.42 -16965.8 -39.3059 -1999.42 -14.3387
3.93 39.2142 1999.49 -16927.3 -39.2142 -1999.49 -13.2312
3.935 39.1234 1999 -16889 -39.1234 -1999 -12.3143
3.94 39.045 1998.38 -16856 -39.045 -1998.38 -11.4613
3.945 38.9804 1998.51 -16829.2 -38.9804 -1998.51 -10.3233
3.95 38.9146 1998.26 -16802.4 -38.9146 -1998.26 -8.74928
3.955 38.8575 1997.64 -16778.7 -38.8575 -1997.64 -7.75387
3.96 38.815 1997.46 -16761.4 -38.815 -1997.46 -6.71193
3.965 38.7785 1997.34 -16747.5 -38.7785 -1997.34 -4.83113
3.97 38.7539 1997.41 -16738.1 -38.7539 -1997.41 -3.51996
3.975 38.7406 1997.8 -16733 -38.7406 -1997.8 -3.00193
3.98 38.706 1996.97 -16721.7 -38.706 -1996.97 0.652103
3.985 38.6845 2000.43 -16717 -38.6845 -2000.43 5.26693
3.99 38.6182 2006.45 -16691.4 -38.6182 -2006.45 8.35852
3.995 38.4501 2003.42 -16622.8 -38.4501 -2003.42 12.4026
4 38.3058 2001.88 -16560.6 -38.3058 -2001.88 12.4983
4.005 38.1792 2001.34 -16503.1 -38.1792 -2001.34 9.6505
4.01 38.0524 2001.01 -16446 -38.0524 -2001.01 7.34921
4.015 37.9257 2000.49 -16389.2 -37.9257 -2000.49 5.26322
4.02 37.8023 2000.01 -16334.2 -37.8023 -2000.01 3.57377
4.025 37.6819 1999.86 -16281.1 -37.6819 -1999.86 2.53272
4.03 37.5608 1999.63 -16228.1 -37.5608 -1999.63 1.85768
4.035 37.4412 1999.42 -16175.9 -37.4412 -1999.42 1.31967
4.04 37.3249 1999.29 -16125.1 -37.3249 -1999.29 0.738873
4.045 37.2111 1999.15 -16075.5 -37.2111 -1999.15 0.260958
4.05 37.1011 1999 -16027.3 -37.1011 -1999 -0.341798
4.055 36.9957 1998.83 -15981.1 -36.9957 -1998.83 -1.03992
4.06 36.8925 1998.49 -15936.7 -36.8925 -1998.49 -0.881108
4.065 36.7985 1998.19 -15896.1 -36.7985 -1998.19 -0.909245
4.07 36.7174 1997.94 -15860.6 -36.7174 -1997.94 -1.31079
4.075 36.6482 1997.29 -15830.9 -36.6482 -1997.29 -1.15801
4.08 36.6075 1997.12 -15812.7 -36.6075 -1997.12 -1.72616
4.085 36.5912 1997.18 -15805.4 -36.5912 -1997.18 -2.02176
4.09 36.558 2000.72 -15795.6 -36.558 -2000.72 2.55925
4.095 36.4755 2001.83 -15763.4 -36.4755 -2001.83 5.95915
4.1 36.385 2000.96 -15723 -36.385 -2000.96 4.69335
4.105 36.308 2000.46 -15688.6 -36.308 -2000.46 3.60312
4.11 36.2394 1999.98 -15658.2 -36.2394 -1999.98 2.78002
4.115 36.1815 1999.52 -15632.5 -36.1815 -1999.52 2.14504
4.12 36.1367 1999.07 -15612.7 -36.1367 -1999.07 1.63228
4.125 36.109 1998.56 -15600.4 -36.109 -1998.56 1.26716
4.13 36.105 1997.92 -15598.3 -36.105 -1997.92 0.972803
4.135 36.1475 1996.96 -15616.3 -36.1475 -1996.96 0.581414
4.14 36.2103 1999.47 -15645.2 -36.2103 -1999.47 2.39064
4.145 36.2273 2000.72 -15653.6 -36.2273 -2000.72 3.47112
4.15 36.1222 2003.03 -15612.6 -36.1222 -2003.03 7.82394
4.155 36.0085 2002.7 -15558.7 -36.0085 -2002.7 2.96783
4.16 35.9111 2002.16 -15512.3 -35.9111 -2002.16 -1.31868
4.165 35.8156 2001.66 -15469.9 -35.8156 -2001.66 -2.43771
4.17 35.7251 2001.15 -15430.6 -35.7251 -2001.15 -2.61693
4.175 35.6421 2000.66 -15394.9 -35.6421 -2000.66 -2.48622
4.18 35.5685 2000.25 -15363.3 -35.5685 -2000.25 -2.33993
4.185 35.5045 1999.84 -15335.8 -35.5045 -1999.84 -2.11968
4.19 35.454 1999.61 -15313.9 -35.454 -1999.61 -2.16367
4.195 35.4103 1999.5 -15295.1 -35.4103 -1999.5 -2.1544
4.2 35.2738 2007.29 -15251.3 -35.2738 -2007.29 12.9849
4.205 35.0586 2008.24 -15172.6 -35.0586 -2008.24 27.2721
4.21 34.8392 2004.42 -15080.1 -34.8392 -2004.42 29.5976
4.215 34.6663 2003.66 -14999.2 -34.6663 -2003.66 23.3656
4.22 34.5019 2002.53 -14921.8 -34.5019 -2002.53 17.0278
4.225 34.3432 2001.62 -14848.3 -34.3432 -2001.62 12.0472
4.23 34.1896 2001.05 -14778.7 -34.1896 -2001.05 8.76416
4.235 34.0391 2000.64 -14711.3 -34.0391 -2000.64 6.41321
4.24 33.8921 2000.29 -14645.9 -33.8921 -2000.29 4.50547
4.245 33.7488 1999.99 -14582.4 -33.7488 -1999.99 2.93148
4.25 33.6098 1999.75 -14521 -33.6098 -1999.75 1.60125
4.255 33.4754 1999.53 -14461.8 -33.4754 -1999.53 0.47646
4.26 33.3463 1999.32 -14405.1 -33.3463 -1999.32 -0.497685
4.265 33.2234 1999.11 -14351.1 -33.2234 -1999.11 -1.36786
4.27 33.1068 1998.8 -14300.1 -33.1068 -1998.8 -2.0456
4.275 33.0002 1998.46 -14253.4 -33.0002 -1998.46 -2.72472
4.28 32.9075 1998.21 -14212.4 -32.9075 -1998.21 -3.64661
4.285 32.7398 2002.4 -14153.3 -32.7398 -2002.4 9.72716
4.29 32.4925 2006.26 -14059.2 -32.4925 -2006.26 22.475
4.295 32.2573 2004.58 -13953.6 -32.2573 -2004.58 18.4539
4.3 32.027 2003.34 -13849.8 -32.027 -2003.34 14.1373
4.305 31.7954 2002.51 -13746.4 -31.7954 -2002.51 10.8403
4.31 31.5838 2000.96 -13648.7 -31.5838 -2000.96 4.51054
4.315 31.3767 1999.95 -13554.6 -31.3767 -1999.95 -0.119915
4.32 31.1694 1999.58 -13464 -31.1694 -1999.58 -1.13649
4.325 30.9672 1999.27 -13375.7 -30.9672 -1999.27 -2.14141
4.33 30.7707 1998.97 -13289.8 -30.7707 -1998.97 -3.12036
4.335 30.5816 1998.66 -13207.2 -30.5816 -1998.66 -4.11869
4.34 30.4021 1998.33 -13128.5 -30.4021 -1998.33 -5.1891
4.345 30.2336 1997.69 -13054.7 -30.2336 -1997.69 -6.19252
4.35 30.0828 1997.12 -12988.5 -30.0828 -1997.12 -7.25548
4.355 29.7451 2005.59 -12873.1 -29.7451 -2005.59 23.211
4.36 29.3316 2010.92 -12714.9 -29.3316 -2010.92 43.7109
4.365 28.9627 2008.22 -12547.5 -28.9627 -2008.22 35.6252
4.37 28.5807 2006.77 -12376.4 -28.5807 -2006.77 29.583
4.375 28.151 2006.32 -12188.8 -28.151 -2006.32 27.6146
4.38 27.7483 2004.23 -12006.3 -27.7483 -2004.23 19.0426
4.385 27.344 2002.91 -11826.2 -27.344 -2002.91 13.6391
4.39 26.9392 2002.04 -11647.5 -26.9392 -2002.04 9.802
4.395 26.5526 2000.95 -11473.3 -26.5526 -2000.95 2.58914
4.4 26.1809 1999.85 -11306.6 -26.1809 -1999.85 -3.52764
4.405 25.8166 1999.1 -11147.2 -25.8166 -1999.1 -5.58939
4.41 25.4725 1998.37 -10996.4 -25.4725 -1998.37 -7.70457
4.415 25.1535 1997.62 -10856.3 -25.1535 -1997.62 -9.96588
4.42 24.5251 2008.73 -10631.7 -24.5251 -2008.73 36.8204
4.425 23.9692 2012.73 -10408.3 -23.9692 -2012.73 53.6587
4.43 23.4946 2010 -10192.2 -23.4946 -2010 42.5744
4.435 23.0235 2007.91 -9979.81 -23.0235 -2007.91 33.6728
4.44 22.5581 2006.3 -9770.91 -22.5581 -2006.3 25.8308
4.445 22.1322 2003.82 -9574.62 -22.1322 -2003.82 13.525
4.45 21.7252 2001.74 -9390.35 -21.7252 -2001.74 5.06986
4.455 21.3304 2000.71 -9215.9 -21.3304 -2000.71 1.15114
4.46 20.959 1999.74 -9052.37 -20.959 -1999.74 -1.92973
4.465 20.6278 1998.19 -8904.71 -20.6278 -1998.19 -6.48485
4.47 20.3311 1997.03 -8772.86 -20.3311 -1997.03 -10.1778
4.475 19.9011 2001.85 -8606.95 -19.9011 -2001.85 9.69107
4.48 19.3348 2007.6 -8386.55 -19.3348 -2007.6 33.928
4.485 18.8812 2005.87 -8183.77 -18.8812 -2005.87 27.106
4.49 18.4382 2004.65 -7986.9 -18.4382 -2004.65 21.5884
4.495 18.0073 2003.69 -7796.31 -18.0073 -2003.69 17.158
4.5 17.5892 2002.92 -7612.14 -17.5892 -2002.92 13.5969
4.505 17.1845 2002.29 -7434.45 -17.1845 -2002.29 10.737
4.51 16.7936 2001.79 -7263.29 -16.7936 -2001.79 8.44254
4.515 16.4482 2000.4 -7107.93 -16.4482 -2000.4 2.32398
4.52 16.126 1999.33 -6964.29 -16.126 -1999.33 -2.11877
4.525 15.7416 2001.19 -6807.15 -15.7416 -2001.19 6.77788
4.53 15.3727 2002.19 -6652.32 -15.3727 -2002.19 11.3358
4.535 15.0433 2001.63 -6507.37 -15.0433 -2001.63 8.66695
4.54 14.729 2001.2 -6369.49 -14.729 -2001.2 6.56232
4.545 14.43 2000.87 -6238.65 -14.43 -2000.87 4.88853
4.55 14.1464 2000.6 -6114.79 -14.1464 -2000.6 3.55818
4.555 13.8781 2000.39 -5997.84 -13.8781 -2000.39 2.50436
4.56 13.6227 2000.29 -5887 -13.6227 -2000.29 2.00192
4.565 13.293 2001.79 -5752.59 -13.293 -2001.79 9.99394
4.57 13.017 2001.35 -5631.37 -13.017 -2001.35 8.00492
4.575 12.7552 2001.09 -5516.65 -12.7552 -2001.09 6.40799
4.58 12.5066 2000.87 -5407.98 -12.5066 -2000.87 5.12644
4.585 12.2697 2000.7 -5304.62 -12.2697 -2000.7 4.09816
4.59 12.043 2000.56 -5205.87 -12.043 -2000.56 3.27314
4.595 11.825 2000.44 -5111.01 -11.825 -2000.44 2.61121
4.6 11.6179 2000.24 -5020.45 -11.6179 -2000.24 1.53041
4.605 11.4147 2000.12 -4932.03 -11.4147 -2000.12 0.897054
4.61 11.2132 2000.09 -4844.79 -11.2132 -2000.09 0.682328
4.615 11.0128 2000.06 -4758.03 -11.0128 -2000.06 0.509712
4.62 10.8113 2000.04 -4670.84 -10.8113 -2000.04 0.370333
4.625 10.6067 2000.03 -4582.33 -10.6067 -2000.03 0.256859
4.63 10.3969 2000.01 -4491.61 -10.3969 -2000.01 0.163327
4.635 10.1798 2000 -4397.76 -10.1798 -2000 0.0848343
4.64 9.95358 1999.99 -4299.96 -9.95358 -1999.99 0.0173563
4.645 9.71647 1999.98 -4197.47 -9.71647 -1999.98 -0.0423916
4.65 9.46697 1999.97 -4089.64 -9.46697 -1999.97 -0.0971293
4.655 9.2036 1999.96 -3975.81 -9.2036 -1999.96 -0.149191
4.66 8.92493 1999.95 -3855.37 -8.92493 -1999.95 -0.20065
4.665 8.62966 1999.94 -3727.76 -8.62966 -1999.94 -0.253368
4.67 8.31673 1999.92 -3592.52 -8.31673 -1999.92 -0.308999
4.675 7.98622 1999.87 -3449.56 -7.98622 -1999.87 -0.489629
4.68 7.65895 1999.23 -3304.99 -7.65895 -1999.23 -3.67847
4.685 7.31767 1998.81 -3155.42 -7.31767 -1998.81 -5.81836
4.69 6.95194 1998.89 -2997.8 -6.95194 -1998.89 -5.43695
4.695 6.57119 1998.91 -2833.48 -6.57119 -1998.91 -5.27985
4.7 6.16062 1999.24 -2658.15 -6.16062 -1999.24 -3.2339
4.705 5.57376 2001.72 -2420.47 -5.57376 -2001.72 12.6035
4.71 5.02971 2001.2 -2182.7 -5.02971 -2001.2 9.86954
4.715 4.45653 2000.93 -1932.98 -4.45653 -2000.93 7.75974
4.72 3.85578 2000.7 -1671.74 -3.85578 -2000.7 6.03805
4.725 3.22742 2000.51 -1398.87 -3.22742 -2000.51 4.62706
4.73 2.57142 2000.36 -1114.32 -2.57142 -2000.36 3.46342
4.735 1.88784 2000.22 -818.042 -1.88784 -2000.22 2.49583
4.74 1.16069 2000.39 -505.309 -1.16069 -2000.39 3.89228
4.745 0.36814 2000.89 -166.811 -0.36814 -2000.89 7.77455
4.75 -0.433886 2000.66 181.397 0.433886 -2000.66 6.04199
4.755 -1.28299 2000.66 547.305 1.28299 -2000.66 6.94848
4.76 -2.25874 2001.38 960.277 2.25874 -2001.38 15.5005
4.765 -3.22492 2000.88 1381.32 3.22492 -2000.88 11.8478
4.77 -4.22694 2000.61 1817.03 4.22694 -2000.61 9.01314
4.775 -5.26254 2000.38 2266.75 5.26254 -2000.38 6.67167
4.78 -6.33143 2000.19 2730.46 6.33143 -2000.19 4.721
4.785 -7.42361 1999.85 3205.23 7.42361 -1999.85 1.77067
4.79 -8.54316 1999.56 3691.44 8.54316 -1999.56 -0.791742
4.795 -9.6357 1998.45 4172.88 9.6357 -1998.45 -10.2624
4.8 -10.7426 1997.62 4657.98 10.7426 -1997.62 -17.1604
4.805 -12.0054 1998.79 5187.51 12.0054 -1998.79 -1.18741
4.81 -13.5626 2001.38 5827.21 13.5626 -2001.38 31.8161
4.815 -15.0132 2000.82 6461.81 15.0132 -2000.82 23.8927
4.82 -16.491 2000.34 7106.79 16.491 -2000.34 17.3449
4.825 -18.2792 2002.17 7845.28 18.2792 -2002.17 51.3373
4.83 -20.345 2003.79 8706.3 20.345 -2003.79 82.7218
4.835 -22.2427 2002.36 9553.35 22.2427 -2002.36 55.5018
4.84 -25.3217 2006.62 10738.5 25.3217 -2006.62 200.479
4.845 -28.2892 2009.17 11938 28.2892 -2009.17 282.937
4.85 -31.5807 2009.08 13325.2 31.5807 -2009.08 317.687
4.855 -34.8977 2007.65 14765.8 34.8977 -2007.65 310.008
4.86 -37.8985 2005.84 16110.8 37.8985 -2005.84 261.386
4.865 -40.4697 2001.69 17285.7 40.4697 -2001.69 197.185
4.87 -42.8388 2002.47 18366.9 42.8388 -2002.47 139.478
4.875 -44.8 2004.14 19311.4 44.8 -2004.14 42.1589
4.88 -46.2885 2004.93 20056.2 46.2885 -2004.93 -59.5504
4.885 -47.7678 2004.87 20715.7 47.7678 -2004.87 -79.98
4.89 -49.1101 2004.79 21290.3 49.1101 -2004.79 -74.7261
4.895 -50.1492 2004.24 21769.7 50.1492 -2004.24 -105.263
4.9 -50.8565 2004.25 22124.2 50.8565 -2004.25 -154.224
4.905 -50.7626 2001.17 22235 50.7626 -2001.17 -305.532
4.91 -49.4621 1993.25 21905.3 49.4621 -1993.25 -537.704
4.915 -47.9904 1985.35 21325.1 47.9904 -1985.35 -593.271
4.92 -46.6206 1983.77 20657.4 46.6206 -1983.77 -517.286
4.925 -45.5952 1985.66 20064.7 45.5952 -1985.66 -367.591
4.93 -44.9738 1987.42 19636.1 44.9738 -1987.42 -207.469
4.935 -44.5872 1991.62 19360.1 44.5872 -1991.62 -98.4227
4.94 -43.946 1992.57 19063.4 43.946 -1992.57 -78.6718
4.945 -43.511 1995.11 18824 43.511 -1995.11 -27.2589
4.95 -42.846 1991.88 18534.1 42.846 -1991.88 -24.6435
4.955 -42.6784 1993.2 18385.4 42.6784 -1993.2 51.687
4.96 -42.8069 1997.97 18367.5 42.8069 -1997.97 125.063
4.965 -42.7239 1997.63 18352.3 42.7239 -1997.63 104.449
4.97 -42.5848 1995.41 18321.4 42.5848 -1995.41 75.2604
4.975 -42.4814 1995.23 18295 42.4814 -1995.23 56.9553
4.98 -42.3937 1995.77 18269.4 42.3937 -1995.77 44.6536
4.985 -42.3028 1996.11 18240.3 42.3028 -1996.11 34.4551
4.99 -42.2228 1996.87 18212.5 42.2228 -1996.87 27.7306
4.995 -42.1074 1995.6 18172.9 42.1074 -1995.6 17.5572
5 -41.2752 1992.59 17850.9 41.2752 -1992.59 -19.9938
5.005 -41.1951 2023.67 17746.9 41.1951 -2023.67 49.3601
5.01 -0.185105 -31.9395 56.9806 0.185105 31.9395 22.985
