0.1 1.64346e-32 0.0105555 7.38298e-15
0.2 8.2173e-33 0.0107821 1.46549e-14
0.3 0 0.0109386 -4.4631e-14
0.4 -1.64346e-31 0.0110982 3.01981e-14
0.5 1.31477e-31 0.0112613 3.77476e-14
0.6 4.60169e-31 0.0114281 -7.50511e-14
0.7 -2.62954e-31 0.0115987 4.52971e-14
0.8 1.15042e-31 0.0117731 1.95399e-14
0.9 -3.9443e-31 0.0119515 -3.41949e-14
1 4.60169e-31 0.012134 9.14824e-14
21.7354 -11.0795 -0.158237 0.276638
46.7331 -17.7587 -6.33595 11.2312
73.203 -22.3838 -0.251079 0.0765886
103.414 -26.7512 -0.287287 0.149113
137.582 -30.9044 -0.848111 -2.00178
136.87 -26.3722 -0.652547 -1.39757
136.336 -21.632 -0.41131 -0.673341
135.974 -16.5909 -0.401748 -0.798705
135.878 -9.46741 -12.6594 131.383
136.287 2.03573 0.886588 -5.01762
137.062 11.3683 0.355622 0.808213
137.952 17.8037 -6.44064 -11.7165
138.903 22.3856 0.673401 1.46956
139.979 26.7213 0.781852 1.79865
141.183 30.8264 0.904523 2.11146
140.45 26.3225 0.779295 1.79766
139.884 21.6431 0.681803 1.3309
139.478 16.6535 0.457674 1.05637
139.315 9.75878 -2.58366 -20.4165
139.55 0.0139404 0.124689 0.0474048
140.194 -9.73647 -0.463171 2.40501
140.956 -16.7367 -7.1174 11.2026
141.783 -21.7111 -1.65038 -3.72162
142.731 -26.4093 -0.67657 -1.39051
143.817 -30.9622 -1.26932 -3.69491
143.103 -26.4252 -1.07711 -3.13542
142.566 -21.7199 -0.873337 -2.52693
142.201 -16.6952 -0.467372 -0.906713
142.096 -9.7487 -2.8642 19.8123
142.414 0.0259022 0.183577 0.140335
143.166 9.75537 0.119982 -1.98843
144.042 16.7173 -6.41344 -10.8928
144.984 21.6581 0.961674 2.77876
146.055 26.3402 1.1719 3.28212
147.272 30.8424 1.36168 3.82085
146.539 26.3381 1.16906 3.28037
145.973 21.657 0.97579 2.67711
145.567 16.664 0.932214 1.04232
145.404 9.76765 -2.39509 -20.724
145.639 0.0208776 0.138899 0.104477
146.283 -9.73766 -0.422949 2.68228
147.045 -16.7437 -7.3284 10.3779
147.872 -21.7234 -1.91025 -4.73442
148.82 -26.4259 -1.02668 -2.65828
149.907 -30.9855 -1.65914 -5.13075
151.098 -34.8964 -1.44774 -4.05537
152.4 -38.6252 -1.56844 -4.15723
153.798 -41.9456 -1.71509 -4.71362
155.263 -44.6268 -1.85783 -5.21353
156.774 -46.7264 -1.9484 -5.45125
155.904 -42.6308 -1.50253 -3.35367
155.173 -38.5073 -1.59769 -4.46752
154.536 -34.3014 -1.41788 -3.96265
153.994 -30.0132 -1.23578 -3.45403
153.551 -25.6165 -1.04877 -2.93402
153.21 -21.0879 -0.777104 -2.01821
152.971 -16.4859 -0.80975 -1.98424
152.836 -11.7653 -0.263469 -0.485745
152.854 -5.21812 -5.63099 91.5722
153.11 2.91718 -2.21834 25.6386
153.581 11.5718 0.659895 -0.592951
154.168 17.9779 0.617568 -0.468438
154.804 22.8071 0.373234 4.49833
155.526 27.3566 0.456053 6.12193
156.339 31.7164 1.40796 3.80208
157.231 35.6135 1.56304 4.3419
158.191 39.1835 1.76143 4.35809
159.213 42.3321 1.86157 5.05503
160.28 44.9068 1.9624 5.45921
161.377 46.9007 2.11408 6.34242
160.497 42.8418 2.10535 4.70658
159.753 38.7473 1.75432 5.26174
159.095 34.5888 1.82988 3.04335
158.529 30.3433 1.38354 4.14779
158.055 25.9944 1.19178 3.57074
157.676 21.5421 1.04496 2.74159
157.395 16.9653 0.818313 2.29467
157.213 12.3334 0.706336 1.63553
157.165 6.13156 -1.54831 -35.5644
157.328 -1.09906 0.0267995 0.00922736
157.648 -8.32909 0.348033 1.59485
158.093 -14.6614 -6.28054 6.96418
158.579 -19.36 -0.25849 0.0273536
159.152 -23.8618 -1.0086 -3.0251
159.812 -28.1993 -1.17968 -3.48953
160.556 -32.3821 -1.38478 -4.15218
161.38 -36.354 -1.48833 -4.21422
162.276 -40.0561 -1.72165 -5.15802
163.235 -43.4114 -1.87159 -5.62115
164.247 -46.3114 -1.92996 -5.45994
163.395 -42.2221 -1.76822 -5.0268
162.667 -38.0972 -1.57972 -4.46689
162.032 -33.9038 -1.40115 -3.96144
161.494 -29.6243 -1.21765 -3.43954
161.054 -25.2452 -1.03196 -2.91491
160.715 -20.7534 -0.840305 -2.37152
160.481 -16.1644 -0.326047 -0.502076
160.349 -11.5563 -0.266372 -0.554353
160.36 -5.38304 -0.56753 23.2776
160.583 1.70331 0.14823 0.307359
160.976 8.80142 1.52351 -3.2697
161.494 14.9028 -2.20788 -1.5513
162.058 19.5553 1.25188 0.792456
162.71 24.0148 1.06621 3.01019
163.453 28.3037 1.28944 3.31112
164.285 32.4397 1.42449 4.02785
165.198 36.3613 1.41091 5.21157
166.188 40.0081 1.7617 4.84432
167.243 43.3281 1.88771 5.34797
168.354 46.1966 1.99819 5.75786
167.495 42.1354 1.81527 5.32222
166.754 38.0361 1.65273 4.76139
166.102 33.8691 2.06965 0.708864
165.543 29.6389 1.36088 3.4409
165.077 25.266 1.11248 3.20033
164.708 20.8007 0.923637 2.65421
164.439 16.2375 0.785629 1.34465
164.267 11.67 0.92637 -0.0319073
164.228 5.65635 -1.92891 -29.4593
164.393 -1.394 0.0192468 -0.0196632
164.704 -8.42706 -1.02248 3.20987
165.152 -14.5521 -2.34191 3.663
165.642 -19.2101 -0.322741 -0.153812
166.219 -23.6939 -0.947391 -2.69757
166.885 -28.0085 -1.11461 -3.14004
167.635 -32.1749 -1.31963 -3.80026
168.466 -36.1322 -1.48722 -4.28384
169.37 -39.826 -1.64234 -4.72726
170.339 -43.1905 -1.78608 -5.15173
171.362 -46.1362 -1.91942 -5.5625
170.512 -42.0495 -1.75177 -5.09245
169.785 -37.9222 -1.55854 -4.47437
169.152 -33.7269 -1.39138 -4.02976
168.615 -29.4455 -1.20925 -3.50111
168.179 -25.0716 -1.10397 -3.20502
167.842 -20.5808 -1.38076 -3.61015
167.611 -15.9949 -0.328454 -0.566075
167.481 -11.4104 -0.248473 -0.522674
167.494 -5.34745 -2.85389 26.442
167.717 1.65592 0.147608 0.307968
168.091 8.65932 0.446701 -2.47702
168.606 14.6673 -1.63098 -3.34197
169.164 19.2797 1.3899 0.196086
169.812 23.7396 1.05737 3.02064
170.552 28.0251 1.27247 3.37386
171.38 32.16 1.41211 4.08815
172.291 36.0845 1.6788 3.91049
173.279 39.7366 1.8 4.58233
174.333 43.0732 1.87424 5.43551
175.444 45.9906 1.99447 5.82054
174.587 41.9292 1.87778 5.34546
173.847 37.8288 1.65686 4.75158
173.198 33.6581 1.47113 4.2914
172.64 29.4122 1.31016 3.67578
172.177 25.0557 1.10633 3.22348
171.811 20.5876 0.916914 2.66847
171.545 16.0282 0.944145 1.19208
171.377 11.4726 0.657815 1.07504
171.337 5.53858 -1.64393 -28.4564
171.505 -1.4515 -0.00624611 -0.0572085
171.817 -8.4048 -0.946384 2.99579
172.264 -14.4629 -2.19885 3.56419
172.754 -19.0936 -0.322819 -0.246234
173.331 -23.5753 -0.943216 -2.71705
173.996 -27.884 -1.11394 -3.1844
174.747 -32.0445 -1.31741 -3.84235
175.578 -35.9952 -1.48514 -4.33255
176.483 -39.6791 -1.64053 -4.78384
177.453 -43.0376 -1.7841 -5.21139
178.478 -45.9936 -1.91631 -5.61829
179.54 -48.1782 -1.04796 1.45712
180.616 -49.7479 -2.62254 -0.257702
181.709 -50.9482 -2.81869 -0.0873656
182.813 -51.8112 -3.10521 2.60212
183.926 -52.5139 -3.19092 4.37777
183.014 -48.8353 -3.24598 3.05411
182.241 -44.7174 -2.70704 3.72729
181.547 -40.7441 -2.46187 3.37755
180.93 -36.7465 -2.21191 3.05017
180.393 -32.719 -1.96431 2.698
179.935 -28.6542 -1.71298 2.35012
179.556 -24.5866 -1.43909 2.12082
179.256 -20.5231 -1.20768 1.67332
179.032 -16.562 -0.958227 1.33436
178.879 -12.7551 -0.726916 1.00395
178.794 -9.07549 -0.477853 0.747298
178.776 -5.56288 -1.3979 -10.5074
178.83 -1.8366 -14.9539 111.688
178.954 1.63484 0.178224 -0.259406
179.184 6.71309 0.234037 -3.68864
179.54 12.431 -4.61843 -22.551
180.001 17.4718 0.893842 -3.69754
180.531 21.8028 1.56658 -2.75523
181.136 25.9248 1.62397 -2.15119
181.813 29.8628 1.91172 -2.62265
182.559 33.5772 2.14158 -2.93767
183.368 37.0573 2.35741 -3.23434
184.234 40.29 2.78695 -4.9927
185.154 43.2663 2.74164 -3.75751
186.12 45.9382 2.90595 -3.97871
187.12 48.0019 3.30757 -8.9152
188.131 49.4534 2.85993 -6.90496
189.158 50.5728 2.50945 -10.3413
190.195 51.4031 2.32483 -13.0039
191.241 52.0912 2.3372 -14.1416
190.325 48.4087 1.90814 -12.0266
189.544 44.3376 1.9966 -12.086
188.839 40.3752 1.82144 -11.0209
188.21 36.3987 1.64658 -9.96275
187.656 32.3973 1.49402 -9.00803
187.179 28.3489 1.29341 -7.8286
186.779 24.309 1.11424 -6.74191
186.453 20.2915 0.938257 -5.68012
186.202 16.361 0.772076 -4.65588
186.019 12.5793 0.662921 -3.87764
185.902 8.91616 0.495132 -2.81916
185.849 5.43871 0.55093 -3.42907
185.863 1.81982 1.03287 -9.25927
185.931 -1.29213 -0.0119496 0.0793163
186.084 -5.75427 -0.93896 -2.882
186.349 -10.5847 -3.88631 15.0432
186.699 -14.4299 0.251012 5.86274
187.087 -18.1988 -1.40833 3.53815
187.553 -21.9407 -0.877032 5.77629
188.083 -25.4887 -1.07715 6.52816
188.674 -28.8902 -1.22597 7.43913
189.322 -32.0998 -1.36933 8.28426
190.024 -35.1198 -1.50165 9.0905
190.775 -37.9484 -1.62695 9.84055
191.572 -40.589 -1.7428 10.5449
192.412 -43.0416 -1.85072 11.1984
193.291 -45.298 -1.9484 11.8091
194.205 -47.3833 -2.04263 12.3524
195.152 -49.281 -2.12592 12.8587
196.125 -50.8866 -2.19833 13.2772
195.232 -47.0167 -2.0606 12.1081
194.468 -43.0472 -1.8529 11.1906
193.785 -39.0631 -1.67741 10.1299
193.182 -35.0494 -1.50049 9.06196
192.662 -31.0091 -1.32245 7.98674
192.223 -26.956 -1.14382 6.90815
191.865 -22.9222 -0.966039 5.83464
191.586 -18.9373 -0.957876 4.27645
191.382 -15.0794 -0.620294 3.74601
191.251 -11.3571 -0.45603 2.75373
191.188 -7.79071 -0.205726 2.20038
191.188 -4.38889 -8.00399 40.6369
191.265 -0.812945 -1.46029 -10.0131
191.391 2.06191 0.134991 -0.814337
191.597 6.2116 0.119716 -4.18999
191.924 10.9006 -5.08483 -9.70066
192.334 14.5905 0.623844 -5.13405
192.787 18.3207 0.611083 -4.96044
193.325 22.0271 1.16351 -6.82634
193.929 25.542 0.968169 -4.91146
194.597 28.9155 1.32048 -7.97693
195.325 32.0897 1.45812 -8.80682
196.111 35.0705 1.6629 -9.99135
196.947 37.8641 1.71252 -10.3436
197.833 40.4689 1.82739 -11.0365
198.763 42.8764 2.0324 -12.3176
199.733 45.1075 2.0317 -12.2716
200.742 47.1792 2.12292 -12.8228
201.786 49.0659 2.20596 -13.3229
202.857 50.6749 2.27594 -13.7512
201.96 46.8132 2.01508 -12.3286
201.186 42.8753 1.93271 -11.6842
200.49 38.9099 1.75773 -10.6202
199.872 34.9204 1.42496 -8.90932
199.332 30.9 1.40496 -8.48888
198.871 26.8601 1.2271 -7.41426
198.488 22.8414 1.05005 -6.34472
198.181 18.8682 0.875118 -5.28768
197.947 15.0329 0.706243 -4.26561
197.781 11.3349 0.535776 -3.2669
197.681 7.78587 0.43717 -2.62815
197.642 4.40443 -6.29027 -31.3579
197.675 0.878342 0.119258 -0.566642
197.754 -1.95391 -0.041061 0.255851
197.904 -5.95756 -1.60505 -4.43537
198.174 -10.5369 -4.70078 17.4936
198.507 -14.1369 -0.0723819 7.16282
198.894 -17.7969 -0.794051 4.81502
199.365 -21.525 -0.889381 5.52754
199.901 -25.0549 -1.05944 6.40167
200.498 -28.4406 -1.11616 7.79265
201.155 -31.6389 -1.34967 8.15335
201.867 -34.6553 -1.48207 8.95719
202.629 -37.4793 -1.60672 9.70781
203.439 -40.1198 -1.72296 10.4097
204.293 -42.5693 -1.83085 11.0615
205.186 -44.8396 -1.93084 11.6663
206.118 -46.948 -2.02385 12.2275
207.084 -48.8886 -2.10975 12.742
208.079 -50.5892 -2.17074 13.2844
207.189 -46.7341 -1.94841 12.5018
206.426 -42.7407 -1.8272 11.1818
205.745 -38.7537 -1.65265 10.1138
205.145 -34.7406 -1.47702 9.03857
204.628 -30.6978 -1.30015 7.95514
204.192 -26.6428 -1.12253 6.86946
203.838 -22.6117 -0.946042 5.78962
203.564 -18.6326 -0.943463 3.05153
203.364 -14.7947 -0.60353 3.69258
203.237 -11.086 -0.440653 2.69544
203.179 -7.54896 -0.285344 1.74381
203.184 -4.13888 -6.80891 36.9759
203.264 -0.629353 -0.966187 -6.70703
203.392 2.16752 0.138769 -0.847717
203.591 6.10423 0.297828 -5.42749
203.915 10.6584 -3.472 -9.30201
204.313 14.2438 0.967548 -6.0685
204.761 17.9369 -0.00364599 -3.803
205.294 21.6346 1.08062 -6.4542
205.894 25.143 1.14464 -7.00567
206.558 28.5059 1.34816 -8.20667
207.283 31.6809 1.43062 -8.75641
208.065 34.66 1.61914 -9.86232
208.898 37.4574 1.68332 -10.3024
209.781 40.0656 1.3136 -9.00144
210.708 42.4779 1.90318 -11.6469
211.677 44.7211 2.00132 -12.2482
212.685 46.8111 2.09284 -12.8083
213.728 48.7253 2.17591 -13.316
214.802 50.4216 2.25126 -13.7807
213.907 46.5588 2.01809 -12.4669
213.135 42.6139 1.90934 -11.6912
212.441 38.6475 1.73575 -10.6251
211.825 34.6535 1.56093 -9.55499
211.288 30.6311 1.38479 -8.4769
210.83 26.5928 1.20817 -7.39585
210.45 22.5738 1.03206 -6.318
210.146 18.6055 0.858519 -5.25565
209.916 14.7793 0.690919 -4.22791
209.753 11.0948 0.403587 -3.02138
209.657 7.56794 0.472831 -2.64697
209.622 4.18385 -7.38758 -41.199
209.659 0.685309 0.105774 -0.400992
209.742 -2.10203 -0.0476735 0.292852
209.893 -5.93207 -2.0263 -10.4132
210.163 -10.4796 -4.52747 17.1132
210.492 -14.0108 -0.0461593 7.62273
210.878 -17.6399 -0.603713 5.10395
211.348 -21.3647 -0.881875 5.5011
211.884 -24.8886 -1.04583 6.40285
212.481 -28.2683 -1.08858 7.86616
213.137 -31.4655 -1.33402 8.1646
213.849 -34.478 -1.46551 8.97276
214.611 -37.3007 -1.58931 9.72865
215.422 -39.9386 -1.70477 10.4347
216.276 -42.3834 -1.81179 11.0899
217.171 -44.6541 -1.91119 11.6989
218.103 -46.7631 -2.00368 12.2644
219.071 -48.7029 -2.08904 12.7822
220.068 -50.4302 -2.16447 13.2461
221.086 -51.7867 -2.22631 13.6304
222.112 -52.6919 -2.45545 16.3082
223.144 -53.3463 -3.25686 24.3448
224.185 -53.835 -8.50546 12.7702
225.233 -54.3197 -4.64528 31.9934
224.311 -50.7908 -4.33037 30.2302
223.523 -46.7982 -3.98925 27.4917
222.808 -42.9576 -3.6554 25.1758
222.165 -39.1166 -3.32077 22.8711
221.594 -35.2872 -2.98261 20.5975
221.094 -31.4842 -2.6607 18.2714
220.664 -27.7161 -2.32756 16.0308
220.302 -24.0172 -2.00531 13.8114
220.007 -20.4092 -1.69096 11.6467
219.774 -16.9649 -1.38958 9.56736
219.598 -13.7367 -1.10358 7.59502
219.474 -10.7359 -0.847435 5.83561
219.399 -7.91919 -0.593163 4.18868
219.366 -5.39924 -0.37867 2.61764
219.371 -3.06572 -6.18912 23.544
219.432 -0.359113 -10.4118 74.5663
219.543 2.17013 0.277626 -1.91187
219.679 4.20968 0.453879 -3.12588
219.849 6.03751 0.613188 -4.22194
220.064 8.81013 -0.336585 -11.0646
220.4 12.8527 -5.29944 -22.8481
220.789 16.109 1.98878 -12.7066
221.23 19.4517 1.77965 -12.3077
221.746 22.9189 1.57801 -13.0099
222.318 26.1965 2.36898 -16.3227
222.948 29.3372 2.64282 -18.2038
223.63 32.3058 2.90161 -19.9845
224.36 35.0826 3.14335 -21.6524
225.137 37.6967 3.37114 -23.2188
225.956 40.1298 3.58326 -24.6786
226.814 42.4069 3.78161 -26.0451
227.709 44.541 3.96753 -27.326
228.639 46.5275 4.14005 -28.5149
229.601 48.3649 4.30055 -29.6201
230.591 50.0133 4.44396 -30.6091
231.6 51.2853 4.55226 -31.3938
232.615 52.156 4.79239 -32.1725
233.639 52.8257 4.27944 -45.858
234.67 53.3364 2.3649 -53.7885
235.706 53.7408 2.12231 -52.9642
234.782 50.2013 1.73383 -48.6556
233.988 46.237 1.85216 -45.8017
233.264 42.3962 1.68285 -41.9925
232.612 38.5611 1.53379 -38.2772
232.028 34.7505 1.38604 -34.5902
231.514 30.9606 1.23911 -30.9235
231.068 27.2131 1.09398 -27.2988
230.687 23.5409 0.951425 -23.7449
230.371 19.9665 0.813194 -20.289
230.114 16.5511 0.680826 -16.9784
229.913 13.3316 0.555881 -13.8648
229.763 10.3141 0.438653 -10.9469
229.662 7.46792 0.328534 -8.19186
229.606 4.86978 0.61756 -7.04907
229.588 2.47896 0.140444 -3.38539
229.611 0.0395355 -4.34009 -34.7654
229.681 -2.27376 -1.77805 -7.9306
229.776 -4.19775 -0.123887 3.09456
229.899 -5.87056 -0.18841 4.71
230.056 -8.01063 -0.259841 6.94693
230.319 -11.5755 -2.33347 15.2885
230.608 -14.1287 -2.38645 15.9145
230.941 -16.8218 -0.623995 15.4185
231.331 -19.6245 -0.682802 18.2023
231.785 -22.7175 -0.644444 21.8638
232.29 -25.6433 -0.868465 24.2208
232.843 -28.4213 -1.06309 26.5316
233.441 -31.0349 -1.16338 29.0659
234.082 -33.5201 -1.26089 31.4665
234.763 -35.8719 -1.35207 33.7399
235.482 -38.0868 -1.43722 35.8895
236.238 -40.1948 -1.51962 37.9227
237.028 -42.204 -1.5975 39.8668
237.851 -44.0917 -1.63813 41.8656
238.704 -45.871 -1.73975 43.4142
239.586 -47.5324 -1.80414 45.0224
240.493 -49.0532 -1.86325 46.4913
241.422 -50.4186 -1.91627 47.814
242.37 -51.6362 -1.96339 48.9927
243.335 -52.6628 -2.00443 49.972
242.426 -48.9593 -1.7581 46.8482
241.646 -45.0863 -1.71055 42.6438
240.942 -41.2383 -1.56118 38.9214
240.312 -37.3901 -1.41188 35.1992
239.756 -33.5642 -1.26344 31.4986
239.272 -29.7706 -1.1163 27.8292
238.861 -26.0195 -0.970778 24.2014
238.519 -22.3663 -0.828998 20.6675
238.244 -18.8163 -0.691171 17.233
238.032 -15.4423 -0.560162 13.9681
237.877 -12.2812 -0.534434 10.5949
237.775 -9.31398 -0.322573 8.04207
237.723 -6.58337 -0.200972 5.33107
237.713 -4.10827 -0.119221 3.00354
237.744 -1.77216 -3.27065 11.5108
237.826 0.781238 -1.67353 11.2405
237.951 2.92878 0.15304 -3.80148
238.101 4.7973 0.224929 -5.60758
238.278 6.35513 0.285483 -7.11146
238.488 8.28466 -0.296414 -11.842
238.801 11.6994 -2.49263 -20.9104
239.144 14.1866 0.533188 -15.3454
239.543 16.906 0.728298 -17.4798
239.997 19.7575 0.523538 -19.4925
240.52 22.8456 0.932583 -23.0972
241.095 25.7396 1.10859 -26.3579
241.721 28.4875 1.14409 -28.5224
242.393 31.0811 1.24453 -31.0348
243.111 33.5499 1.34039 -33.4193
243.871 35.8763 1.43105 -35.6722
244.671 38.0799 1.51619 -37.8012
245.51 40.1807 1.59771 -39.8329
246.385 42.1557 1.75267 -42.1585
247.294 44.0244 1.74688 -43.5508
248.235 45.7836 1.81499 -45.2523
249.204 47.403 1.87756 -46.8198
250.2 48.8828 1.93518 -48.2497
251.219 50.2221 1.98714 -49.5461
252.257 51.386 2.03215 -50.6673
253.312 52.3903 2.07082 -51.6411
252.399 48.6775 1.86356 -47.83
251.612 44.835 1.7777 -44.3331
250.897 40.9964 1.64601 -40.6966
250.254 37.1555 1.47985 -36.9053
249.682 33.335 1.33169 -33.2103
249.181 29.5481 1.18482 -29.5477
248.75 25.8071 1.03986 -25.9307
248.385 22.163 0.898386 -22.4046
248.085 18.6276 0.761315 -18.9849
247.845 15.2737 0.631191 -15.7407
247.66 12.1217 0.509201 -12.6899
247.527 9.16116 0.394114 -9.82847
247.442 6.42296 0.264299 -7.11975
247.398 3.92624 0.192161 -4.76523
247.393 1.60391 -4.75301 -20.3198
247.438 -0.89453 -1.19102 -6.09357
247.522 -2.99548 -0.0759488 1.9341
247.628 -4.80262 -0.147459 3.67797
247.761 -6.31123 -0.194974 5.15315
247.92 -8.03594 -0.183927 8.01497
248.176 -11.2998 -2.44427 16.268
248.461 -13.7407 -0.631398 12.9261
248.794 -16.3981 -0.591402 14.9391
249.184 -19.1441 -0.699252 17.6726
249.635 -22.226 -0.652104 21.0434
250.144 -25.1514 -0.883483 23.5913
250.701 -27.9254 -1.04433 26.043
251.305 -30.5463 -1.1461 28.5781
251.953 -33.0338 -1.24257 30.9852
252.642 -35.3824 -1.33358 33.256
253.371 -37.608 -1.41999 35.4096
254.136 -39.7229 -1.50193 37.4543
254.938 -41.7291 -1.57979 39.3945
255.773 -43.6223 -1.64539 41.2673
256.639 -45.4113 -1.7228 42.9552
257.535 -47.0806 -1.78728 44.5709
258.456 -48.6083 -1.84704 46.0459
259.401 -49.987 -1.90049 47.3799
260.366 -51.2148 -1.94792 48.569
261.348 -52.2825 -1.98928 49.6024
260.441 -48.5163 -1.93524 45.5797
259.663 -44.6948 -1.69496 42.2634
258.961 -40.8432 -1.54554 38.5378
258.334 -36.9955 -1.39629 34.8162
257.782 -33.1676 -1.24781 31.1139
257.303 -29.3719 -1.10059 27.4427
256.896 -25.6216 -0.955145 23.8155
256.559 -21.9716 -0.813524 20.285
256.29 -18.4268 -0.675848 16.8553
256.083 -15.0659 -0.545017 13.6004
255.934 -11.9135 -0.422988 10.5532
255.838 -8.95682 -0.308659 7.69641
255.791 -6.26107 -0.185757 5.00273
255.787 -3.80971 -0.104386 2.69129
255.824 -1.47478 -9.70229 43.4762
255.915 1.09275 0.0842725 -2.04606
256.045 3.14958 -0.022297 -3.03939
256.198 4.97198 0.208584 -5.89978
256.374 6.46023 0.28939 -7.21568
256.578 8.15117 0.387277 -9.26821
256.881 11.423 -2.97705 -26.2542
257.217 13.8439 0.467066 -17.0594
257.606 16.5333 0.819428 -17.5465
258.054 19.3408 0.790744 -19.7022
258.573 22.4253 0.909882 -22.6667
259.145 25.3288 1.20041 -26.2441
259.767 28.0757 1.12774 -28.1225
260.437 30.6688 1.22815 -30.6323
261.152 33.1355 1.32406 -33.0173
261.91 35.4677 1.41459 -35.2732
262.708 37.6776 1.50023 -37.4104
263.545 39.776 1.58732 -39.4699
264.419 41.7577 1.70827 -41.6207
265.327 43.6343 1.73139 -43.1719
266.267 45.4015 1.79982 -44.881
267.237 47.0297 1.86257 -46.455
268.233 48.5193 1.92076 -47.8967
269.253 49.8673 1.97294 -49.2003
270.292 51.0567 2.01905 -50.3508
271.35 52.1051 2.05943 -51.3634
270.439 48.3937 1.95927 -48.0192
269.652 44.545 1.78158 -44.1189
268.939 40.6945 1.61703 -40.3279
268.299 36.8571 1.46811 -36.6155
267.73 33.0353 1.31989 -32.9193
267.232 29.2473 1.17294 -29.2557
266.804 25.5053 1.028 -25.6381
266.443 21.8635 0.886626 -22.1141
266.146 18.3344 0.749865 -18.7009
265.91 14.9883 0.620021 -15.4641
265.73 11.8427 0.498087 -12.4213
265.601 8.89001 0.364001 -9.51318
265.519 6.168 0.280323 -6.92669
265.48 3.69138 0.182941 -4.53388
265.479 1.36803 -10.7048 -49.4603
265.53 -1.14257 -0.683308 -2.78743
265.617 -3.19015 -0.0828278 2.11701
265.726 -4.97229 -0.154005 3.84218
265.861 -6.43907 -0.210266 5.25549
266.021 -8.01491 -0.16601 6.28313
266.267 -11.1731 -4.22184 22.653
266.549 -13.5978 -1.81579 15.0807
266.881 -16.228 -1.03556 14.2573
267.27 -18.9598 -0.679984 17.4577
267.719 -22.0258 -0.703574 20.7931
268.227 -24.9548 -0.887113 23.3508
268.784 -27.7256 -1.03641 25.8488
269.387 -30.3468 -1.13819 28.3839
270.035 -32.8306 -1.23448 30.7874
270.723 -35.1795 -1.3255 33.0585
271.452 -37.4073 -1.41195 35.2139
272.218 -39.523 -1.49394 37.2596
273.02 -41.5249 -1.57163 39.1955
273.856 -43.4196 -1.64491 41.0291
274.723 -45.2108 -1.71305 42.7685
275.62 -46.8762 -1.77937 44.3696
276.542 -48.404 -1.83892 45.8471
277.488 -49.7861 -1.8923 47.189
278.455 -51.0088 -1.94067 48.361
279.439 -52.0873 -1.9814 49.4117
280.437 -53.0195 -2.01793 50.3132
281.442 -53.5974 -2.03694 50.9168
282.449 -54.0182 -2.05647 51.2798
283.461 -54.359 -1.10601 60.405
284.476 -54.6227 -1.74033 61.4263
283.548 -51.1378 -1.87548 56.6169
282.755 -47.2419 -1.45411 53.1709
282.033 -43.472 -1.37823 48.6548
281.381 -39.7294 -1.25697 44.3656
280.797 -36.0309 -1.13694 40.1289
280.28 -32.3794 -1.01846 35.9461
279.83 -28.794 -0.902092 31.839
279.443 -25.2928 -0.78845 27.8285
279.117 -21.9135 -0.678705 23.9568
278.85 -18.6677 -0.573424 20.2393
278.636 -15.6103 -0.474109 16.7361
278.472 -12.7592 -0.379943 13.457
278.354 -10.1045 -0.295465 10.4293
278.278 -7.61256 -0.214544 7.57456
278.242 -5.37172 -0.114951 4.85264
278.239 -3.31732 -0.0737518 2.65969
278.269 -1.37219 -2.4619 7.28926
278.338 0.672962 -5.4481 27.26
278.443 2.62135 0.118049 -4.15207
278.576 4.26396 0.170982 -6.02884
278.727 5.66258 0.216237 -7.63209
278.902 6.98531 0.262651 -9.1392
279.095 8.08443 -0.116686 -12.2012
279.301 9.04088 0.359625 -11.4822
279.523 10.0209 0.425087 -13.3176
279.811 12.6793 -5.4824 -28.1632
280.146 14.8468 0.304665 -18.4987
280.529 17.3183 0.810866 -21.8645
280.965 19.8756 0.705628 -24.0367
281.459 22.7797 0.775388 -27.312
282.007 25.5256 1.02674 -31.1061
282.6 28.1377 0.874508 -33.1528
283.237 30.5924 1.02514 -36.1904
283.915 32.9441 1.10162 -38.8841
284.632 35.1808 1.17426 -41.446
285.387 37.2924 1.24259 -43.8643
286.177 39.3031 1.308 -46.1682
287.001 41.221 1.37031 -48.3654
287.857 43.0256 1.42874 -50.4319
288.742 44.7162 1.48366 -52.3685
289.654 46.2855 1.52233 -54.1139
290.59 47.6909 1.57945 -55.7721
291.547 48.9693 1.62167 -57.2417
292.523 50.1293 1.65915 -58.5696
293.517 51.1927 1.69384 -59.7884
294.528 52.1761 1.72571 -60.9144
295.55 52.879 1.69866 -61.1385
296.575 53.4044 1.76559 -62.3226
297.607 53.8338 1.78579 -62.8593
298.643 54.164 0.993619 -68.9773
297.714 50.7059 0.77295 -64.2161
296.915 46.7909 0.875851 -59.8279
296.184 43.0393 0.793386 -55.0714
295.521 39.3038 0.725953 -50.3961
294.925 35.6169 0.659541 -45.786
294.393 31.9813 0.594045 -41.2403
293.926 28.4127 0.529757 -36.7781
293.52 24.9315 0.467054 -32.4252
293.173 21.5749 0.407001 -28.2244
292.881 18.355 0.348616 -24.202
292.642 15.3237 0.29407 -20.4113
292.451 12.4893 0.2432 -16.8654
292.304 9.84336 0.195318 -13.5587
292.199 7.36131 0.150745 -10.4542
292.132 5.11227 0.127052 -7.5498
292.097 3.04699 0.0740572 -5.0564
292.095 1.10361 -2.44745 -9.5859
292.13 -0.915322 -2.96299 -13.2353
292.199 -2.819 -0.0319445 2.28054
292.291 -4.37275 -0.0607108 4.21712
292.402 -5.73082 -0.085196 5.91553
292.534 -6.96196 -0.107385 7.45483
292.679 -7.98136 -0.125753 8.72917
292.84 -8.84908 -0.0169829 9.52604
293.012 -9.67137 -0.149599 10.8672
293.223 -11.6847 -4.15946 25.9757
293.492 -13.7231 -1.19837 17.7363
293.801 -15.877 -0.268802 18.6096
294.157 -18.2526 -0.0970986 22.4549
294.553 -20.5534 -0.347712 24.4723
294.998 -23.0988 -0.124917 28.792
295.491 -25.6182 -0.366971 31.1154
296.026 -28.0202 -0.486688 33.7861
296.599 -30.2912 -0.527721 36.6253
297.209 -32.4581 -0.566664 39.3356
297.855 -34.5232 -0.603835 41.9176
298.535 -36.4826 -0.639416 44.3657
299.246 -38.3312 -0.67256 46.6787
299.988 -40.0894 -0.704128 48.8774
300.758 -41.753 -0.734095 50.9577
301.554 -43.3108 -0.762035 52.9058
302.374 -44.766 -0.78865 54.7235
303.218 -46.1239 -0.813011 56.4215
304.082 -47.3752 -0.835375 57.9877
304.966 -48.5466 -0.912069 59.2118
305.868 -49.6435 -0.876632 60.8272
306.788 -50.6762 -0.894793 62.1154
307.724 -51.6452 -0.912275 63.3268
308.676 -52.537 -0.928381 64.4419
309.639 -53.3237 -0.942933 65.4239
308.724 -49.68 -1.06374 60.2561
307.937 -45.8907 -0.809005 56.1299
307.223 -42.1267 -0.741188 51.4234
306.58 -38.3854 -0.673733 46.7457
306.007 -34.6853 -0.607057 42.1193
305.503 -31.0436 -0.541437 37.5659
305.066 -27.4734 -0.477108 33.1021
304.694 -24.0042 -0.414586 28.7642
304.384 -20.6608 -0.354298 24.5836
304.132 -17.4668 -0.296752 20.5899
303.934 -14.4658 -0.242442 16.8355
303.785 -11.6712 -0.192052 13.3411
303.683 -9.05531 -0.143821 10.0634
303.623 -6.64861 -0.0922482 7.01851
303.601 -4.46238 -0.0620732 4.3274
303.612 -2.45342 -0.187387 1.84755
303.659 -0.47454 -9.96296 52.2951
303.748 1.56294 0.0482152 -3.21958
303.869 3.38704 0.0790775 -5.48549
304.013 4.87035 0.105913 -7.33992
304.177 6.19626 0.12968 -8.9979
304.361 7.36445 0.150738 -10.4581
304.559 8.34135 0.168329 -11.6799
304.77 9.17177 0.183305 -12.7184
304.994 9.93624 0.212806 -13.7089
305.256 11.8128 -5.81005 -21.8481
305.579 13.8337 0.256407 -19.9582
305.945 15.9915 0.30636 -21.2486
306.361 18.3568 0.348989 -24.2039
306.82 20.6978 0.414611 -27.2224
307.33 23.2389 0.436628 -30.312
307.891 25.7473 0.659621 -34.2169
308.494 28.1279 0.524808 -36.4198
309.138 30.3804 0.565344 -39.2382
309.822 32.5382 0.604319 -41.9362
310.542 34.5856 0.641166 -44.4946
311.297 36.5233 0.676573 -46.9214
312.085 38.3616 0.709307 -49.2165
312.905 40.1052 0.740727 -51.3967
313.754 41.7427 0.770279 -53.4442
314.631 43.274 0.797839 -55.359
315.533 44.7058 0.8235 -57.1477
316.457 46.0283 0.847473 -58.803
317.404 47.2633 0.869464 -60.345
318.372 48.4192 0.890566 -61.7923
319.358 49.5085 0.910199 -63.1544
320.364 50.536 0.928604 -64.4384
321.386 51.5012 0.946112 -65.646
322.424 52.384 0.961923 -66.7496
323.475 53.1536 0.971789 -67.686
322.555 49.6157 0.196321 -60.5835
321.76 45.7476 0.839558 -58.4405
321.036 41.9886 0.771392 -53.7309
320.38 38.2536 0.704366 -49.0626
319.792 34.5627 0.638163 -44.4498
319.27 30.9282 0.572939 -39.907
318.813 27.3682 0.509052 -35.4574
318.418 23.9076 0.446929 -31.1325
318.082 20.5742 0.38788 -26.9692
317.803 17.3887 0.330119 -22.9839
317.576 14.3983 0.276308 -19.2465
317.396 11.6086 0.226392 -15.7585
317.261 8.99639 0.180966 -12.4844
317.168 6.57927 0.137968 -9.46476
317.111 4.381 0.0748172 -6.68855
317.088 2.36724 0.0688056 -4.22496
317.098 0.403523 -11.8763 -63.2082
317.148 -1.60984 -0.676752 -2.11312
317.228 -3.41596 -0.0430937 3.02155
317.329 -4.87893 -0.0695011 4.84736
317.45 -6.18798 -0.0931051 6.48433
317.59 -7.32444 -0.113496 7.90368
317.743 -8.2799 -0.247333 9.60431
317.909 -9.09475 -0.144781 10.1157
318.086 -9.80969 0.0192535 10.495
318.293 -11.4651 -1.84309 17.6533
318.562 -13.4824 -1.1883 16.8444
318.872 -15.6121 -0.262655 18.2673
319.23 -17.9876 0.034731 22.6273
319.629 -20.2786 -0.344696 24.1028
320.076 -22.8042 -0.152083 28.2711
320.574 -25.3347 -0.373806 30.6887
321.113 -27.7371 -0.479795 33.4183
321.692 -30.0157 -0.520721 36.2664
322.309 -32.1878 -0.559706 38.9815
322.963 -34.2575 -0.596893 41.5683
323.65 -36.218 -0.631998 44.0186
324.37 -38.0726 -0.665298 46.3368
325.12 -39.836 -0.697002 48.5405
325.9 -41.4986 -0.726807 50.6186
326.706 -43.0588 -0.754753 52.5688
327.538 -44.5206 -0.781056 54.3958
328.393 -45.8756 -0.805511 56.0879
329.269 -47.1352 -0.827946 57.664
330.165 -48.3152 -0.849104 59.139
331.08 -49.4219 -0.869275 60.5236
332.013 -50.4645 -0.887664 61.8253
332.963 -51.4447 -0.905283 63.0502
333.929 -52.353 -0.921647 64.1852
334.908 -53.1641 -0.936538 65.1974
333.994 -49.5073 -0.940936 60.4721
333.208 -45.7262 -0.803015 55.9011
332.495 -41.9613 -0.735448 51.1955
331.853 -38.2185 -0.668216 46.5179
331.282 -34.5183 -0.601787 41.8932
330.779 -30.8761 -0.536406 37.3412
330.344 -27.3055 -0.472311 32.8787
329.974 -23.8391 -0.410071 28.5459
329.666 -20.4982 -0.350067 24.3704
329.416 -17.3077 -0.292775 20.3824
329.22 -14.3117 -0.23869 16.6354
329.074 -11.5217 -0.188664 13.1488
328.974 -8.90789 -0.140115 9.87153
328.917 -6.51158 -0.0870452 6.83226
328.896 -4.33379 -0.0595025 4.16532
328.91 -2.32265 -0.0776102 1.6583
328.961 -0.328946 -9.1986 50.8635
329.053 1.70126 0.0505436 -3.39126
329.176 3.50441 0.0808982 -5.62992
329.322 4.96646 -0.195291 -9.06049
329.488 6.2862 0.13081 -9.10661
329.674 7.42688 0.151259 -10.5311
329.873 8.37794 0.168344 -11.7207
330.085 9.19882 0.183106 -12.747
330.31 9.90785 0.53614 -12.2871
330.567 11.638 -4.64019 -20.1095
330.888 13.6639 -1.39302 -20.2577
331.251 15.8032 0.301244 -21.0103
331.665 18.1692 0.393404 -24.1524
332.121 20.4944 0.406921 -26.9571
332.63 23.0605 0.484812 -30.3009
333.188 25.5497 0.636895 -33.88
333.79 27.9298 0.51927 -36.157
334.432 30.1863 0.559758 -38.9792
335.114 32.3472 0.598608 -41.6797
335.833 34.3941 0.635082 -44.2357
336.587 36.3367 0.670187 -46.6656
337.374 38.1789 0.70335 -48.9678
338.193 39.9235 0.73468 -51.1482
339.042 41.5651 0.764172 -53.2001
339.917 43.1024 0.791774 -55.1217
340.819 44.5365 0.817349 -56.9122
341.744 45.8665 0.841387 -58.5763
342.691 47.1107 0.863641 -60.1305
343.658 48.2743 0.884553 -61.5852
344.646 49.3712 0.904328 -62.9567
345.651 50.4045 0.922797 -64.2476
346.675 51.3743 0.940282 -65.4603
347.714 52.2634 0.956144 -66.5713
348.766 53.0471 0.970185 -67.5513
347.847 49.4421 0.454731 -61.3815
347.052 45.6373 0.837565 -58.2962
346.329 41.8778 0.769652 -53.5912
345.674 38.1427 0.702595 -48.9229
345.086 34.4508 0.636355 -44.3089
344.566 30.817 0.571125 -39.7671
344.11 27.2576 0.507217 -35.3185
343.716 23.798 0.445101 -30.9948
343.381 20.4648 0.385346 -26.8287
343.104 17.2828 0.328217 -22.851
342.878 14.2956 0.274552 -19.1176
342.7 11.5092 0.224671 -15.6339
342.567 8.89881 0.179637 -12.3597
342.475 6.48874 0.137271 -9.34729
342.419 4.29157 0.0919571 -6.58948
342.396 2.28332 -0.0148025 -4.11677
342.408 0.307097 -10.9728 -60.1942
342.459 -1.69995 -0.418705 -0.876383
342.541 -3.49419 -0.0444839 3.1192
342.644 -4.94643 -0.0707277 4.93151
342.766 -6.25089 -0.0942638 6.5628
342.907 -7.37446 -0.114444 7.96565
343.061 -8.31884 -0.131387 9.1473
343.227 -9.13072 -0.156801 10.206
343.405 -9.82177 0.220612 10.0213
343.611 -11.4187 -1.62814 16.9746
343.88 -13.4322 -1.14972 16.7109
344.19 -15.559 -0.261707 18.1998
344.547 -17.9338 0.0409789 22.5811
344.946 -20.223 -0.341296 24.0426
345.394 -22.7451 -0.155519 28.1778
345.891 -25.2764 -0.375736 30.6027
346.43 -27.6784 -0.478891 33.3441
347.009 -29.9581 -0.519848 36.1934
347.627 -32.1306 -0.558856 38.9091
348.28 -34.2 -0.596049 41.4954
348.968 -36.1613 -0.631184 43.9468
349.688 -38.0168 -0.664507 46.2661
350.439 -39.7811 -0.696166 48.471
351.219 -41.4443 -0.722537 50.5679
352.026 -43.0037 -0.754016 52.4986
352.858 -44.4664 -0.780333 54.3269
353.714 -45.8205 -0.804778 56.0178
354.591 -47.0815 -0.827239 57.5955
355.488 -48.2629 -0.848431 59.0722
356.404 -49.3714 -0.868625 60.4586
357.338 -50.4164 -0.887079 61.7637
358.289 -51.4004 -0.904773 62.9934
359.256 -52.3157 -0.921271 64.1371
360.237 -53.1365 -0.936333 65.1614
361.228 -53.7665 -0.948687 65.962
362.217 -54.09 -0.953775 66.3578
363.21 -54.3524 -0.957793 66.6831
364.206 -54.5841 -0.962217 66.972
365.205 -54.79 -0.932411 71.7704
364.275 -51.3583 -1.16014 66.3407
363.478 -47.5353 -0.796203 62.1394
362.748 -43.8615 -0.742556 57.1941
362.088 -40.2154 -0.679774 52.324
361.493 -36.6366 -0.617735 47.5489
360.961 -33.1182 -0.556783 42.855
360.492 -29.6812 -0.497222 38.2691
360.084 -26.3371 -0.439255 33.8075
359.734 -23.1222 -0.383514 29.5177
359.439 -20.0335 -0.329956 25.3967
359.195 -17.1117 -0.279277 21.4974
358.999 -14.3753 -0.231787 17.8462
358.847 -11.8304 -0.187622 14.4499
358.735 -9.45639 -0.146565 11.2831
358.662 -7.22912 -0.165255 7.79353
358.624 -5.22902 -0.049948 5.50338
358.615 -3.37939 -0.0405415 3.17718
358.636 -1.63818 -0.191149 0.968527
358.688 0.0964274 -8.96591 49.3759
358.774 1.83611 -0.293999 -2.30276
358.888 3.43647 0.0770016 -5.92015
359.025 4.83161 0.101147 -7.78044
359.179 5.99694 0.207403 -8.90933
359.351 7.08677 0.14018 -10.7899
359.539 8.09146 0.157589 -12.1304
359.742 8.94878 0.172336 -13.2725
359.955 9.67398 0.184987 -14.2416
360.177 10.3032 0.195927 -15.0815
360.409 10.888 0.206051 -15.8619
360.65 11.4117 0.314218 -16.1732
360.919 12.8903 -3.83291 -25.6871
361.246 14.725 0.168928 -21.2766
361.613 16.7214 0.314311 -23.652
362.027 18.9546 0.353196 -26.6559
362.479 21.1384 0.458025 -29.859
362.979 23.5403 0.366653 -32.5891
363.525 25.9365 0.466905 -35.9406
364.112 28.2173 0.506436 -38.9837
364.737 30.3838 0.543861 -41.8753
365.398 32.4582 0.579866 -44.6429
366.094 34.4291 0.614125 -47.2721
366.824 36.307 0.646569 -49.7776
367.584 38.0865 0.677481 -52.1517
368.374 39.7684 0.706641 -54.3959
369.192 41.3532 0.734126 -56.5106
370.035 42.8347 0.822959 -58.8219
370.902 44.2137 0.783722 -60.3274
371.792 45.5027 0.80598 -62.047
372.702 46.7107 0.82694 -63.6588
373.632 47.8392 0.846422 -65.1659
374.58 48.8994 0.864943 -66.5794
375.545 49.8947 0.882152 -67.9072
376.526 50.8283 0.898338 -69.1527
377.523 51.6996 0.91333 -70.3146
378.533 52.5047 0.927358 -71.3894
379.555 53.1847 0.938549 -72.3005
380.578 53.5564 0.90072 -72.4161
381.604 53.8653 0.953812 -73.2235
382.634 54.139 0.953582 -73.5585
383.669 54.3746 0.472374 -78.1008
382.737 50.9651 0.218964 -72.6739
381.933 47.1429 0.411026 -67.9097
381.195 43.4938 0.379572 -62.7576
380.523 39.8638 0.348571 -57.6347
379.915 36.2937 0.318127 -52.5995
379.368 32.7889 0.288193 -47.6567
378.883 29.3644 0.258995 -42.827
378.455 26.0345 0.230593 -38.1311
378.084 22.8348 0.203279 -33.6175
377.765 19.7624 0.177345 -29.2861
377.497 16.8588 0.152383 -25.188
377.274 14.1398 0.129235 -21.3536
377.094 11.6056 0.107577 -17.7788
376.953 9.23854 0.0875229 -14.4395
376.85 7.01975 0.0701259 -11.3042
376.78 5.018 0.071243 -8.37294
376.739 3.16544 -0.240945 -5.53593
376.728 1.42842 -0.528799 -4.07829
376.746 -0.302263 -10.0428 -54.6076
376.796 -2.0188 -0.568158 -0.980085
376.873 -3.59568 -0.0220319 3.66176
376.971 -4.92936 -0.106191 5.15363
377.084 -6.07581 -0.0432833 7.15909
377.215 -7.13465 -0.0523381 8.65231
377.362 -8.11312 -0.0606865 10.0324
377.519 -8.90235 -0.0674178 11.1455
377.688 -9.57351 -0.0737837 12.0865
377.865 -10.1795 -0.0783483 12.9466
378.051 -10.7229 -0.0829466 13.7132
378.245 -11.2299 -0.087272 14.4284
378.455 -12.1799 0.00248637 19.4283
378.72 -13.9476 -0.112955 18.8925
379.018 -15.776 -0.127211 20.8504
379.355 -17.7533 -0.130017 23.6765
379.735 -19.8661 -0.0861796 26.9174
380.15 -21.8891 -0.0911739 29.8232
380.6 -23.9529 -0.303685 32.0875
381.091 -26.1021 -0.214583 35.4075
381.621 -28.2157 -0.232165 38.3853
382.187 -30.2289 -0.249457 41.2242
382.785 -32.1526 -0.265776 43.9382
383.414 -33.9795 -0.281404 46.5147
384.073 -35.716 -0.296161 48.9639
384.761 -37.3649 -0.310262 51.2898
385.475 -38.9325 -0.323599 53.5004
386.214 -40.4098 -0.336291 55.5834
386.977 -41.8071 -0.348151 57.5546
387.762 -43.128 -0.359371 59.4177
388.568 -44.3621 -0.370228 61.1565
389.394 -45.5233 -0.379827 62.7961
390.238 -46.6209 -0.389192 64.3442
391.1 -47.6608 -0.398096 65.8106
391.979 -48.645 -0.406434 67.199
392.873 -49.5719 -0.41439 68.5061
393.782 -50.443 -0.421793 69.735
394.705 -51.2559 -0.428754 70.8813
395.64 -52.009 -0.435249 71.9432
396.587 -52.702 -0.441153 72.9207
397.544 -53.3371 -0.446666 73.8157
398.511 -53.9215 -0.451566 74.6405
397.589 -50.4409 -1.12316 67.3222
396.796 -46.6411 -0.388801 64.3833
396.072 -42.9691 -0.358139 59.1932
395.417 -39.3345 -0.327104 54.0671
394.828 -35.7566 -0.296584 49.0211
394.305 -32.2476 -0.266647 44.0719
393.845 -28.8202 -0.237417 39.2381
393.447 -25.4894 -0.208996 34.5404
393.106 -22.2926 -0.181726 30.0318
392.821 -19.2285 -0.155529 25.7096
392.587 -16.3398 -0.130888 21.6356
392.402 -13.6382 -0.107195 17.82
392.259 -11.125 -0.0863382 14.2801
392.158 -8.77358 -0.0653351 10.9573
392.096 -6.60508 -0.0396663 7.86612
392.066 -4.62602 -0.0308918 5.11391
392.068 -2.81211 -0.0119651 2.53991
392.1 -1.08327 -3.36227 10.9583
392.166 0.706934 -3.1536 11.5428
392.263 2.39365 0.0295225 -4.79069
392.387 3.93739 0.042131 -6.9637
392.531 5.23128 -0.100263 -9.60244
392.692 6.36396 0.0628318 -10.3861
392.872 7.41132 0.0717654 -11.8633
393.068 8.36468 0.0799088 -13.2079
393.274 9.13437 0.0864749 -14.2935
393.491 9.78746 0.0920393 -15.2146
393.718 10.3754 0.096767 -16.042
393.954 10.9114 0.101594 -16.8002
394.198 11.4112 -0.0434198 -17.9056
394.458 12.2992 -0.0679952 -20.6226
394.775 14.0722 0.153709 -21.4313
395.127 15.9126 0.142683 -23.871
395.52 17.9076 0.270338 -27.1158
395.957 19.9994 0.0949604 -29.4329
396.431 22.0206 0.397946 -33.3483
396.942 24.0913 0.22274 -35.4372
397.496 26.2476 0.185045 -38.2955
398.091 28.3484 0.250407 -41.3931
398.722 30.3443 0.267358 -44.2088
399.388 32.252 0.283689 -46.899
400.085 34.0611 0.299153 -49.4503
400.814 35.7853 0.329596 -51.9653
401.571 37.4204 0.327755 -54.1881
402.357 38.966 0.340939 -56.3677
403.168 40.4278 0.353466 -58.4299
404.004 41.8091 0.365224 -60.3779
404.862 43.1026 0.375958 -62.2004
405.742 44.3174 0.386598 -63.9155
406.643 45.4645 0.396461 -65.5337
407.562 46.5517 0.405718 -67.067
408.5 47.5798 0.414522 -68.517
409.455 48.551 0.422778 -69.8868
410.427 49.4678 0.430611 -71.1799
411.414 50.3277 0.437879 -72.3923
412.414 51.129 0.444763 -73.5229
413.428 51.8693 0.450978 -74.5664
414.453 52.5486 0.456835 -75.5249
415.489 53.1717 0.462135 -76.4037
416.535 53.7459 0.467104 -77.2139
415.61 50.2837 -0.0110356 -71.4994
414.809 46.5254 0.468906 -67.2785
414.074 42.849 0.374383 -61.8489
413.406 39.2189 0.343151 -56.725
412.803 35.651 0.312704 -51.6929
412.262 32.1462 0.282791 -46.7499
411.782 28.737 0.280564 -42.0582
411.361 25.4014 0.225372 -37.2391
410.997 22.2111 0.198001 -32.7377
410.686 19.1552 0.171967 -28.4272
410.425 16.2747 0.14743 -24.3643
410.209 13.5814 0.12451 -20.5651
410.036 11.0729 0.103031 -17.0276
409.903 8.7254 0.0841794 -13.709
409.806 6.55086 0.0669679 -10.6379
409.742 4.57151 0.0475954 -7.8578
409.709 2.75043 0.017177 -5.27055
409.704 1.0245 -3.52395 -14.1578
409.732 -0.747787 -3.88757 -17.6751
409.789 -2.41879 -0.0114958 2.00564
409.873 -3.95169 -0.0251845 4.16307
409.975 -5.23291 -0.0360914 5.97014
410.094 -6.35283 -0.0456768 7.54959
410.23 -7.38753 -0.054506 9.00895
410.382 -8.31774 -0.0624378 10.3208
410.544 -9.07453 -0.0689143 11.3883
410.716 -9.72193 -0.0744304 12.3015
410.897 -10.2962 -0.0800245 13.107
411.087 -10.8291 -0.0838806 13.8631
411.285 -11.3263 -0.088134 14.5645
411.495 -12.0973 0.0131644 21.4088
411.761 -13.8412 -0.143042 18.6988
412.06 -15.6603 -0.126021 20.6858
412.399 -17.6277 -0.129962 23.4963
412.781 -19.742 -0.0845928 26.7443
413.198 -21.7681 -0.0266086 29.9279
413.652 -23.828 -0.230092 32.1052
414.146 -25.9722 -0.213459 35.2236
414.68 -28.0896 -0.231143 38.2073
415.25 -30.1072 -0.24848 41.0524
415.853 -32.0345 -0.264827 43.7714
416.487 -33.8625 -0.280459 46.3496
417.152 -35.6027 -0.295253 48.804
417.845 -37.2559 -0.309384 51.136
418.566 -38.8246 -0.322744 53.3481
419.311 -40.3051 -0.335418 55.4359
420.081 -41.7042 -0.347347 57.4094
420.874 -43.0289 -0.358617 59.2776
421.687 -44.2614 -0.369459 61.0141
422.521 -45.4258 -0.379068 62.6585
423.373 -46.5265 -0.388466 64.2108
424.243 -47.5693 -0.397383 65.6816
425.13 -48.5564 -0.405768 67.0738
426.034 -49.4857 -0.413778 68.3841
426.952 -50.3596 -0.421164 69.6172
427.884 -51.1755 -0.428153 70.7678
428.828 -51.9324 -0.434703 71.8348
429.785 -52.6299 -0.440618 72.8188
430.752 -53.2694 -0.455688 73.6558
431.728 -53.8593 -0.451127 74.5526
430.807 -50.3798 -1.13117 67.203
430.014 -46.5769 -0.388334 64.2926
429.29 -42.9064 -0.357678 59.1047
428.636 -39.2717 -0.326635 53.9785
428.047 -35.6932 -0.296104 48.9315
427.525 -32.1841 -0.266156 43.9823
427.066 -28.7565 -0.236916 39.1482
426.668 -25.4261 -0.208499 34.4511
426.328 -22.2298 -0.181227 29.9432
426.044 -19.1664 -0.155036 25.6221
425.811 -16.279 -0.130391 21.5498
425.626 -13.5793 -0.106657 17.7363
425.485 -11.0676 -0.0858677 14.199
425.385 -8.71679 -0.0646988 10.8761
425.323 -6.55196 -0.0383309 7.78653
425.294 -4.57371 -0.0304878 5.04038
425.297 -2.76195 -0.0108145 2.47139
425.33 -1.03566 -4.82724 17.5024
425.398 0.762117 -3.05637 10.9982
425.496 2.44651 0.0299829 -4.86525
425.621 3.98219 0.0425251 -7.02689
425.765 5.26757 -0.000113713 -9.12425
425.927 6.39849 0.063139 -10.4347
426.108 7.44405 0.072059 -11.9094
426.304 8.38531 0.0800955 -13.2369
426.512 9.14401 0.086547 -14.3067
426.729 9.79634 0.0921339 -15.2271
426.956 10.3757 0.00239357 -16.3834
427.192 10.9112 0.101603 -16.7999
427.436 11.4106 -0.099327 -18.0547
427.695 12.2234 0.19314 -20.9853
428.01 13.9876 0.148849 -21.2884
428.361 15.8249 0.142055 -23.7456
428.753 17.8168 0.134613 -27.1319
429.189 19.9084 0.178571 -29.4898
429.662 21.9298 0.390933 -33.165
430.172 24.0003 0.214211 -35.2744
430.725 26.1552 0.231074 -38.3037
431.319 28.2581 0.249682 -41.2656
431.949 30.2567 0.266658 -44.0849
432.614 32.1654 0.283011 -46.7767
433.311 33.977 0.298496 -49.3315
434.039 35.7043 0.313257 -51.7677
434.796 37.3426 0.327146 -54.0782
435.581 38.8899 0.340342 -56.2602
436.391 40.3542 0.352905 -58.3259
437.227 41.739 0.36711 -60.2917
438.085 43.0339 0.443837 -62.4658
438.965 44.2519 0.386181 -63.8234
439.865 45.4021 0.395988 -65.4454
440.785 46.4918 0.405273 -66.9823
441.723 47.5222 0.414117 -68.4356
442.678 48.4948 0.42235 -69.8071
443.65 49.4125 0.430228 -71.1018
444.637 50.2731 0.437502 -72.3151
445.638 51.0755 0.444381 -73.447
446.652 51.8176 0.450619 -74.4932
447.677 52.4997 0.456502 -75.4556
448.713 53.1264 0.461841 -76.3395
449.76 53.7046 0.466847 -77.1555
448.835 50.2452 0.0168833 -71.6536
448.034 46.4821 0.462553 -67.194
447.3 42.8068 0.374102 -61.7893
446.632 39.1767 0.342861 -56.6653
446.029 35.6084 0.312404 -51.6327
445.488 32.1039 0.282491 -46.6901
445.009 28.6918 0.273783 -41.9665
444.589 25.359 0.225056 -37.1793
444.225 22.1691 0.197711 -32.6781
443.914 19.1141 0.171646 -28.3692
443.653 16.2346 0.147127 -24.3075
443.439 13.5425 0.124209 -20.5101
443.266 11.0351 0.102728 -16.9743
443.133 8.68829 0.083999 -13.6558
443.037 6.51635 0.0670727 -10.5873
442.974 4.53791 0.0472866 -7.8106
442.941 2.71857 0.0138047 -5.22371
442.937 0.988872 -3.18925 -13.1161
442.965 -0.7824 -3.69733 -16.8346
443.023 -2.45144 -0.0117761 2.05169
443.107 -3.98044 -0.0254339 4.20362
443.21 -5.25785 -0.0363091 6.00528
443.329 -6.3761 -0.0458847 7.58239
443.466 -7.40918 -0.0547019 9.03947
443.618 -8.33463 -0.0625984 10.3445
443.781 -9.08722 -0.0690488 11.406
443.953 -9.73364 -0.0745465 12.318
444.134 -10.3048 -0.0802458 13.1182
444.324 -10.8369 -0.0839664 13.8741
444.522 -11.3334 -0.088217 14.5745
444.733 -12.0546 -0.322454 18.0353
444.998 -13.8241 -0.138581 18.6658
445.298 -15.6422 -0.125861 20.6598
445.637 -17.6082 -0.129999 23.4681
446.019 -19.7228 -0.0827201 26.7242
446.436 -21.7491 -0.0271976 29.8981
446.889 -23.8087 -0.204185 32.1468
447.383 -25.9524 -0.213321 35.1954
447.918 -28.0702 -0.231024 38.1798
448.487 -30.0884 -0.248371 41.0258
449.09 -32.0162 -0.264724 43.7454
449.725 -33.8443 -0.280361 46.3238
450.39 -35.5851 -0.295163 48.779
451.084 -37.2389 -0.3093 51.1118
451.804 -38.8077 -0.322665 53.3241
452.55 -40.2887 -0.335349 55.4127
453.32 -41.6881 -0.347282 57.3866
454.113 -43.0133 -0.358561 59.2555
454.927 -44.2457 -0.3694 60.9918
455.761 -45.4107 -0.379016 62.637
456.614 -46.5119 -0.388422 64.1901
457.484 -47.5554 -0.397343 65.6618
458.372 -48.5432 -0.40574 67.0551
459.276 -49.4734 -0.413762 68.3665
460.194 -50.3483 -0.421153 69.601
461.127 -51.1653 -0.428153 70.7532
462.072 -51.9234 -0.434716 71.8218
463.029 -52.6221 -0.440641 72.8076
463.997 -53.2627 -0.454898 73.6516
464.974 -53.8535 -0.451169 74.5442
465.958 -54.2771 -0.457126 75.1552
466.942 -54.5295 -0.456894 75.4984
467.929 -54.7559 -0.458997 75.8166
468.919 -54.9588 -0.370983 80.9592
469.912 -55.1417 -0.874691 79.2362
468.98 -51.7615 -1.17104 73.3629
468.178 -48.0265 -0.759597 68.8272
467.441 -44.4431 -0.701141 63.5822
466.771 -40.8855 -0.644392 58.3724
466.164 -37.3915 -0.587936 53.259
465.619 -33.9758 -0.532779 48.2604
465.133 -30.6444 -0.478954 43.3851
464.706 -27.4147 -0.426786 38.6585
464.334 -24.3068 -0.37657 34.11
464.015 -21.3346 -0.32796 29.7548
463.745 -18.507 -0.282855 25.6219
463.522 -15.8532 -0.239949 21.7376
463.34 -13.3788 -0.199963 18.1165
463.198 -11.0758 -0.162767 14.7459
463.093 -8.92711 -0.128071 11.6015
463.022 -6.92008 -0.0949914 8.66082
462.981 -5.10956 -0.0663287 6.01428
462.968 -3.42859 -0.0387076 3.55325
462.982 -1.84646 -0.0127078 1.23148
463.024 -0.321932 -6.64772 27.0172
463.095 1.2475 -2.56326 7.89951
463.191 2.71102 0.060292 -5.43373
463.311 4.06942 0.0824549 -7.41211
463.45 5.24145 0.100895 -9.13344
463.605 6.25227 0.117169 -10.6122
463.774 7.18925 0.132299 -11.9849
463.959 8.06046 0.146374 -13.2599
464.156 8.87029 0.159456 -14.4451
464.366 9.57234 0.170708 -15.4711
464.583 10.1421 0.179737 -16.3037
464.809 10.657 0.174169 -17.1117
465.042 11.1287 0.195782 -17.7499
465.282 11.5597 0.202849 -18.3816
465.529 11.9645 0.209387 -18.9741
465.783 12.346 0.215537 -19.5326
466.048 13.0284 0.348477 -23.8844
466.366 14.6704 0.1304 -22.9369
466.718 16.4049 0.281121 -25.4844
467.108 18.2928 0.320698 -28.2555
467.54 20.3022 0.354067 -31.2158
468.006 22.2519 0.617347 -35.0832
468.507 24.2443 0.499999 -37.2116
469.049 26.3247 0.440744 -39.9929
469.63 28.3765 0.474562 -42.9925
470.246 30.3302 0.506049 -45.8522
470.894 32.1937 0.536227 -48.5791
471.574 33.9705 0.564957 -51.1793
472.283 35.6675 0.592385 -53.6628
473.02 37.2736 0.618249 -56.0132
473.784 38.7933 0.650534 -58.2605
474.573 40.2288 0.666045 -60.3383
475.385 41.5863 0.687964 -62.3249
476.219 42.8489 0.779376 -64.5495
477.074 44.0415 0.727651 -65.9183
477.948 45.1656 0.745771 -67.5629
478.84 46.2265 0.762949 -69.116
479.75 47.2265 0.77911 -70.5794
480.676 48.1664 0.793979 -71.9559
481.617 49.0521 0.808606 -73.2513
482.573 49.884 0.821984 -74.4683
483.542 50.6652 0.834666 -75.6121
484.524 51.3978 0.846486 -76.6841
485.518 52.0833 0.857474 -77.6867
486.522 52.725 0.867897 -78.6262
487.537 53.3154 0.877393 -79.4902
488.559 53.7699 0.838652 -79.7076
489.581 54.0435 0.889217 -80.5562
490.606 54.2848 0.893107 -80.9092
491.636 54.5022 0.374338 -82.7153
492.669 54.7003 0.452562 -84.6113
491.735 51.3366 0.110736 -78.6971
490.926 47.6062 0.395092 -73.839
490.182 44.0344 0.365789 -68.4095
489.501 40.4836 0.337013 -63.0155
488.882 36.9972 0.308715 -57.7198
488.323 33.5922 0.281036 -52.5477
487.822 30.2733 0.254047 -47.5066
487.377 27.0564 0.227912 -42.6197
486.986 23.9627 0.202782 -37.9201
486.645 21.006 0.179347 -33.4234
486.352 18.1937 0.155918 -29.1567
486.104 15.5582 0.134644 -25.1519
485.896 13.0991 0.114635 -21.4175
485.727 10.8068 0.0959244 -17.9353
485.593 8.66629 0.0786315 -14.683
485.493 6.66733 0.0624598 -11.6463
485.421 4.85971 0.0478211 -8.90049
485.377 3.1787 0.0343318 -6.34895
485.36 1.60397 0.0223855 -3.94635
485.368 0.0871151 -6.5721 -29.3532
485.405 -1.45713 -2.95542 -11.9991
485.465 -2.89606 -0.0150341 2.88311
485.548 -4.22078 -0.0261687 4.89251
485.648 -5.35778 -0.0354049 6.61969
485.762 -6.34462 -0.0434282 8.11868
485.891 -7.2601 -0.0508665 9.50935
486.035 -8.11053 -0.0577761 10.8012
486.191 -8.90064 -0.0641955 12.0014
486.358 -9.52505 -0.0956022 13.0415
486.531 -10.0607 -0.0736357 13.7638
486.711 -10.5417 -0.0775308 14.4942
486.899 -10.9933 -0.0812017 15.1803
487.094 -11.4177 -0.084646 15.825
487.295 -11.8165 -0.0879047 16.4309
487.503 -12.1917 -0.0909356 17.0008
487.717 -12.5452 -0.0938158 17.5378
487.957 -14.0539 -0.182645 23.6055
488.249 -15.6118 -0.11533 22.2082
488.57 -17.3322 -0.0531422 25.021
488.928 -19.1936 -0.149777 27.6541
489.325 -21.113 -0.163112 30.5541
489.753 -22.968 -0.0524638 33.922
490.211 -24.7378 -0.187704 36.0813
490.701 -26.5752 -0.208924 38.8548
491.226 -28.4316 -0.22354 41.6734
491.785 -30.2626 -0.237858 44.4509
492.374 -32.0137 -0.252023 47.1116
492.991 -33.6723 -0.265504 49.6309
493.635 -35.2554 -0.278336 52.0356
494.305 -36.7653 -0.290588 54.3293
495 -38.2008 -0.302266 56.5099
495.717 -39.5571 -0.313343 58.5698
496.456 -40.8457 -0.323807 60.5274
497.216 -42.0693 -0.333723 62.3862
497.995 -43.2235 -0.343064 64.1394
498.793 -44.3052 -0.351896 65.7825
499.607 -45.3328 -0.36028 67.3432
500.439 -46.3063 -0.368109 68.8224
501.286 -47.2292 -0.375623 70.2244
502.148 -48.102 -0.382803 71.5497
503.023 -48.9263 -0.3894 72.8023
503.912 -49.702 -0.395713 73.9807
504.813 -50.4318 -0.401646 75.0894
505.725 -51.118 -0.40724 76.1316
506.649 -51.7632 -0.4125 77.1115
507.582 -52.3701 -0.417448 78.0332
508.525 -52.9414 -0.423398 78.8922
509.477 -53.4809 -0.426415 79.721
510.438 -53.9916 -0.430667 80.496
511.406 -54.4505 -0.434346 81.1935
510.481 -51.0394 -1.0574 74.0949
509.681 -47.3377 -0.315996 70.614
508.948 -43.7285 -0.34711 64.9075
508.282 -40.1732 -0.318333 59.5058
507.681 -36.6872 -0.290009 54.2105
507.141 -33.2722 -0.26229 49.0236
506.663 -29.949 -0.235279 43.9756
506.242 -26.7276 -0.209119 39.0824
505.878 -23.6368 -0.183991 34.3869
505.566 -20.6801 -0.159126 29.8976
505.305 -17.8718 -0.13713 25.6296
505.089 -15.2432 -0.115715 21.636
504.916 -12.7914 -0.0955268 17.9094
504.782 -10.5097 -0.0772795 14.4459
504.686 -8.37613 -0.0594656 11.2016
504.623 -6.41407 -0.0354553 8.17862
504.59 -4.61658 -0.189477 5.13466
504.586 -2.95866 -0.014488 2.97735
504.609 -1.38306 -0.810542 -1.80832
504.659 0.153158 -10.9719 55.7219
504.739 1.70785 -1.34796 1.81403
504.845 3.13973 0.0337166 -6.28899
504.972 4.45275 0.0443116 -8.28297
505.118 5.58324 0.0535095 -10.0003
505.278 6.56556 0.061475 -11.4924
505.455 7.47744 0.0688851 -12.8775
505.646 8.32438 0.0431592 -14.3053
505.85 9.11024 0.0821566 -15.3578
506.066 9.76029 0.15406 -15.8022
506.287 10.3009 0.09183 -17.1665
506.518 10.7903 0.0957016 -17.9092
506.755 11.2364 0.0994318 -18.5877
507 11.655 0.102807 -19.2238
507.252 12.0483 0.106023 -19.821
507.51 12.4188 0.109043 -20.3837
507.776 12.8755 0.366584 -21.892
508.093 14.5018 0.0303765 -23.5671
508.444 16.0953 0.123378 -25.9669
508.829 17.851 0.388303 -29.6111
509.249 19.7278 0.16634 -31.5074
509.709 21.6229 0.197916 -34.4269
510.201 23.4475 0.198638 -37.1369
510.725 25.2146 0.31793 -40.2795
511.284 27.0255 0.227736 -42.5719
511.876 28.8884 0.242153 -45.4084
512.503 30.6869 0.257364 -48.1347
513.161 32.4018 0.271367 -50.7391
513.848 34.0317 0.284659 -53.2146
514.562 35.589 0.297315 -55.5803
515.303 37.0693 0.309268 -57.8287
516.068 38.4724 0.320648 -59.9597
516.857 39.8038 0.331528 -61.9825
517.668 41.0651 0.341806 -63.8987
518.501 42.2617 0.351523 -65.716
519.352 43.3784 0.360609 -67.4127
520.223 44.4393 0.369198 -69.0241
521.111 45.444 0.377407 -70.5504
522.016 46.3969 0.385139 -71.9979
522.937 47.2985 0.392466 -73.3676
523.873 48.1494 0.399224 -74.6603
524.823 48.9522 0.405906 -75.8796
525.786 49.708 0.412015 -77.0275
526.762 50.4194 0.417742 -78.1077
527.749 51.0885 0.423257 -79.1246
528.748 51.7178 0.428312 -80.0801
529.757 52.3095 0.433172 -80.9793
530.775 52.8678 0.437726 -81.8275
531.803 53.3903 0.441896 -82.6208
532.839 53.865 0.44583 -83.3422
533.882 54.2916 0.45125 -84.0018
532.949 50.9586 0.156403 -78.3539
532.142 47.1879 0.393702 -73.2186
531.399 43.6104 0.364073 -67.7774
530.721 40.0607 0.335101 -62.3816
530.106 36.5786 0.306678 -57.0915
529.55 33.1744 0.278879 -51.9202
529.052 29.8581 0.251806 -46.8819
528.611 26.645 0.225568 -42.0007
528.224 23.5615 0.200415 -37.3157
527.888 20.6247 0.199977 -32.9584
527.599 17.8137 0.153552 -28.5834
527.356 15.1933 0.132158 -24.6019
527.153 12.75 0.112641 -20.8864
526.988 10.4737 0.0936319 -17.4317
526.859 8.34561 0.0767823 -14.1951
526.762 6.37792 0.0636037 -11.1913
526.695 4.58266 -0.0569346 -8.24914
526.655 2.91987 0.0330238 -5.95897
526.642 1.35378 -0.438058 -3.90965
526.655 -0.179145 -8.2636 -39.1974
526.696 -1.71066 -2.00834 -7.58828
526.761 -3.12922 -0.0172949 3.23543
526.848 -4.43845 -0.0280637 5.22385
526.952 -5.564 -0.037248 6.93386
527.07 -6.53484 -0.0451735 8.40877
527.203 -7.43576 -0.0525275 9.77749
527.351 -8.27241 -0.0593556 11.0486
527.511 -9.04907 -0.0656975 12.2286
527.682 -9.69617 -0.0712053 13.2076
527.859 -10.2276 -0.0758843 14.0131
528.044 -10.7043 -0.0796151 14.7402
528.236 -11.148 -0.0828252 15.4174
528.435 -11.5648 -0.0862749 16.051
528.64 -11.9564 -0.0894744 16.646
528.852 -12.3249 -0.144683 17.3012
529.07 -12.69 -0.0606611 17.9216
529.33 -14.3054 0.30505 21.1776
529.629 -15.8917 -0.12158 22.6245
529.958 -17.6132 -0.136399 25.2509
530.324 -19.4733 -0.10879 28.2504
530.728 -21.3768 -0.114943 31.1804
531.163 -23.2226 -0.00368988 34.5476
531.629 -24.9784 -0.165737 36.5594
532.127 -26.8036 -0.241285 39.1195
532.659 -28.6461 -0.226054 42.0031
533.226 -30.4599 -0.240545 44.7566
533.822 -32.197 -0.254659 47.3965
534.447 -33.842 -0.268105 49.8953
535.098 -35.4109 -0.28085 52.2789
535.775 -36.9068 -0.293047 54.5516
536.477 -38.331 -0.30468 56.7152
537.201 -39.6777 -0.315835 58.7603
537.948 -40.9574 -0.326125 60.7053
538.715 -42.1712 -0.336052 62.5493
539.502 -43.3196 -0.340101 64.3219
540.306 -44.393 -0.354188 65.9248
541.129 -45.4125 -0.362478 67.4739
541.967 -46.3783 -0.370394 68.9407
542.821 -47.2936 -0.377854 70.3315
543.69 -48.1591 -0.384893 71.6467
544.573 -48.9762 -0.39156 72.8881
545.469 -49.7454 -0.397865 74.0565
546.378 -50.4692 -0.403749 75.1563
547.297 -51.15 -0.409323 76.1904
548.228 -51.7904 -0.414568 77.1632
549.169 -52.3931 -0.419526 78.0786
550.119 -52.9608 -0.427587 78.9178
551.078 -53.4976 -0.428459 79.7571
552.046 -54.0056 -0.432709 80.5282
553.022 -54.4626 -0.436386 81.2227
552.096 -51.0513 -1.05807 74.1284
551.296 -47.3336 -0.37781 70.3972
550.564 -43.7408 -0.348852 64.9341
549.898 -40.1855 -0.319857 59.5325
549.296 -36.6993 -0.291405 54.2362
548.756 -33.2842 -0.263568 49.0484
548.278 -29.9609 -0.236428 43.9994
547.857 -26.7391 -0.210148 39.1051
547.493 -23.6478 -0.184903 34.4083
547.181 -20.6912 -0.158703 29.9238
546.919 -17.8815 -0.137822 25.6477
546.704 -15.2521 -0.116302 21.6523
546.53 -12.7993 -0.0960232 17.9239
546.397 -10.5168 -0.0776827 14.4585
546.3 -8.38243 -0.0597963 11.2127
546.237 -6.41915 -0.0358979 8.18858
546.204 -4.62108 -0.217131 5.08217
546.2 -2.96227 -0.0146297 2.98319
546.223 -1.38616 -0.889783 -2.14561
546.273 0.158756 -7.36004 33.2008
546.353 1.70493 -1.55908 2.7341
546.459 3.13746 0.0338485 -6.28637
546.586 4.45017 0.0444891 -8.28016
546.732 5.57995 0.0537179 -9.99662
546.892 6.56272 0.0617267 -11.4896
547.068 7.47498 0.0691731 -12.8755
547.259 8.32222 0.0760886 -14.1627
547.463 9.10834 0.0825053 -15.357
547.679 9.75037 0.205337 -15.3778
547.901 10.2962 0.0922026 -17.1617
548.131 10.7844 0.0960416 -17.9023
548.368 11.2308 0.0998301 -18.5815
548.613 11.6496 0.103222 -19.2181
548.864 12.0431 0.106455 -19.8157
549.122 12.4138 0.109491 -20.3789
549.388 12.8515 0.235074 -21.4937
549.705 14.4606 0.0478922 -23.5054
550.054 16.0516 0.152694 -25.9556
550.439 17.8077 0.195173 -29.0594
550.858 19.6823 0.166754 -31.4421
551.316 21.5779 0.230468 -34.502
551.808 23.4032 0.199164 -37.0747
552.331 25.1669 0.312942 -40.1877
552.889 26.9781 0.228367 -42.5056
553.48 28.8362 0.242901 -45.3343
554.106 30.6345 0.258084 -48.0615
554.762 32.3507 0.27217 -50.6683
555.448 33.9807 0.285516 -53.1444
556.161 35.5383 0.298229 -55.5107
556.901 37.0191 0.310125 -57.7612
557.665 38.4241 0.321686 -59.8944
558.453 39.7569 0.332628 -61.9197
559.263 41.02 0.342969 -63.8387
560.095 42.2202 0.352749 -65.6618
560.946 43.3378 0.361891 -67.3601
561.815 44.3997 0.37051 -68.973
562.702 45.4051 0.378776 -70.5007
563.607 46.3587 0.386551 -71.9495
564.527 47.261 0.393914 -73.3203
565.462 48.1126 0.400788 -74.6147
566.411 48.9159 0.404802 -75.8179
567.373 49.6726 0.413573 -76.9841
568.348 50.3846 0.419332 -78.0654
569.335 51.0545 0.424843 -79.0833
570.332 51.6845 0.430023 -80.0407
571.34 52.2768 0.434769 -80.94
572.358 52.8358 0.439399 -81.7896
573.385 53.3613 0.443696 -82.5881
574.42 53.8366 0.447586 -83.3102
575.463 54.2843 0.451242 -83.9905
