0.1 -0.0384486 -1.62699e-05
0.2 -0.0769674 -3.26151e-05
0.3 -0.115498 -4.90112e-05
0.4 -0.15404 -6.54589e-05
0.5 -0.192594 -8.19584e-05
0.6 -0.23116 -9.85103e-05
0.7 -0.269738 -0.000115115
0.8 -0.308328 -0.000131773
0.9 -0.34693 -0.000148486
1 -0.385544 -0.000165252
21.7354 -0.823294 -0.000358901
46.7331 -1.17323 -0.000518758
73.203 -1.44128 -0.000644524
103.414 -1.69475 -0.000766305
137.582 -1.93501 -0.000884494
136.87 -1.67081 -0.000772851
136.336 -1.39569 -0.000656591
135.974 -1.10366 -0.000533191
135.878 -0.736913 -0.000378212
136.287 -0.285079 -0.00018728
137.062 0 3.47818e-05
137.952 0 0.00029886
138.903 0 0.000589978
139.979 0 0.000880879
141.183 0 0.00116226
140.45 0 0.000870019
139.884 0 0.000569782
139.478 0 0.000272808
139.315 0 1.79421e-05
139.55 -0.317962 -0.000201176
140.194 -0.745311 -0.000381761
140.956 -1.11181 -0.000536635
141.783 -1.40052 -0.000658636
142.731 -1.67428 -0.000774315
143.817 -1.9377 -0.000885834
143.103 -1.67437 -0.000774556
142.566 -1.40032 -0.000658753
142.201 -1.10895 -0.000535629
142.096 -0.745669 -0.000382115
142.414 -0.317579 -0.000201216
143.166 0 1.76574e-05
144.042 0 0.000275495
144.984 0 0.000569827
146.055 0 0.000870002
147.272 0 0.00116209
146.539 0 0.000869937
145.973 0 0.000569764
145.567 0 0.000272849
145.404 0 1.80073e-05
145.639 -0.317642 -0.000201243
146.283 -0.745102 -0.000381875
147.045 -1.11168 -0.000536783
147.872 -1.40052 -0.000658837
148.82 -1.67437 -0.000774556
149.907 -1.93816 -0.000886061
151.098 -2.16427 -0.000999957
152.4 -2.38065 -0.0011115
153.798 -2.58539 -0.00121953
155.263 -2.77932 -0.00132422
156.774 -2.96465 -0.00142659
155.904 -2.72595 -0.00132572
155.173 -2.48564 -0.00122417
154.536 -2.23834 -0.00111967
153.994 -1.98503 -0.00101263
153.551 -1.72306 -0.000901927
153.21 -1.45151 -0.000787177
152.971 -1.1745 -0.00067012
152.836 -0.890658 -0.000550177
152.854 -0.532003 -0.00039862
153.11 -0.0685511 -0.000202778
153.581 0 3.02825e-05
154.168 0 0.000289856
154.804 0 0.000589242
155.526 0 0.000884637
156.339 0 0.00117269
157.231 0 0.00144663
158.191 0 0.00171784
159.213 0 0.00199515
160.28 0 0.0022943
161.377 0 0.00261574
160.497 0 0.00233741
159.753 0 0.00205731
159.095 0 0.00177363
158.529 0 0.00148662
158.055 0 0.00119637
157.676 0 0.00090229
157.395 0 0.000604219
157.213 0 0.000313482
157.165 0 5.06992e-05
157.328 -0.00965332 -0.00017789
157.648 -0.467741 -0.000371465
158.093 -0.817819 -0.000519397
158.579 -1.10592 -0.000641142
159.152 -1.38499 -0.000759066
159.812 -1.65586 -0.000873529
160.556 -1.91998 -0.00098514
161.38 -2.17577 -0.00109323
162.276 -2.42416 -0.00119819
163.235 -2.66474 -0.00129985
164.247 -2.89723 -0.0013981
163.395 -2.66018 -0.00129793
162.667 -2.4198 -0.00119635
162.032 -2.17528 -0.00109302
161.494 -1.9232 -0.000986502
161.054 -1.6634 -0.000876717
160.715 -1.39487 -0.000763243
160.481 -1.11853 -0.000646469
160.349 -0.839847 -0.000528706
160.36 -0.491849 -0.000381652
160.583 -0.0428811 -0.000191931
160.976 0 3.11645e-05
161.494 0 0.000276968
162.058 0 0.00056599
162.71 0 0.0008608
163.453 0 0.00115131
164.285 0 0.00144106
165.198 0 0.00173209
166.188 0 0.00202676
167.243 0 0.0023317
168.354 0 0.00265408
167.495 0 0.00237377
166.754 0 0.00209334
166.102 0 0.00180834
165.543 0 0.00152015
165.077 0 0.00122774
164.708 0 0.000931583
164.439 0 0.000632668
164.267 0 0.000339049
164.228 0 6.51619e-05
164.393 0 -0.000165724
164.704 -0.443732 -0.000361319
165.152 -0.788412 -0.000506971
165.642 -1.07703 -0.000628931
166.219 -1.35757 -0.000747482
166.885 -1.62926 -0.000862289
167.635 -1.8947 -0.000974458
168.466 -2.15153 -0.00108299
169.37 -2.40067 -0.00118826
170.339 -2.64309 -0.00129071
171.362 -2.87681 -0.00138947
170.512 -2.64088 -0.00128977
169.785 -2.40035 -0.00118813
169.152 -2.15585 -0.00108481
168.615 -1.90419 -0.000978465
168.179 -1.64523 -0.000869038
167.842 -1.37695 -0.000755669
167.611 -1.10089 -0.000639014
167.481 -0.82337 -0.000521743
167.494 -0.478787 -0.000376132
167.717 -0.0289602 -0.000186048
168.091 0 3.80571e-05
168.606 0 0.000288048
169.164 0 0.00057854
169.812 0 0.000873815
170.552 0 0.00116504
171.38 0 0.00145539
172.291 0 0.00174671
173.279 0 0.00204191
174.333 0 0.00234619
175.444 0 0.00266691
174.587 0 0.00238613
173.847 0 0.0021054
173.198 0 0.00182015
172.64 0 0.00153125
172.177 0 0.00123831
171.811 0 0.000941562
171.545 0 0.000642398
171.377 0 0.000348057
171.337 0 7.0372e-05
171.505 0 -0.000161186
171.817 -0.434578 -0.000357451
172.264 -0.777635 -0.000502417
172.754 -1.06523 -0.000623948
173.331 -1.34608 -0.000742624
173.996 -1.61771 -0.000857409
174.747 -1.88315 -0.000969575
175.578 -2.14016 -0.00107818
176.483 -2.38909 -0.00118337
177.453 -2.63184 -0.00128595
178.478 -2.86548 -0.00138468
179.54 -3.06998 -0.00148583
180.616 -3.24283 -0.00158484
181.709 -3.40168 -0.00167789
182.813 -3.54604 -0.0017643
183.926 -3.68578 -0.00184971
183.014 -3.46086 -0.00175466
182.241 -3.22922 -0.00165678
181.547 -2.99646 -0.00155842
180.93 -2.76197 -0.00145933
180.393 -2.52514 -0.00135925
179.935 -2.28354 -0.00125716
179.556 -2.03818 -0.00115348
179.256 -1.78889 -0.00104814
179.032 -1.5405 -0.000943173
178.879 -1.29431 -0.000839142
178.794 -1.04755 -0.000734869
178.776 -0.801167 -0.000630753
178.83 -0.52776 -0.000515219
178.954 -0.185602 -0.000370632
179.184 0 -0.000179301
179.54 0 4.35617e-05
180.001 0 0.000289585
180.531 0 0.000582596
181.136 0 0.000874664
181.813 0 0.00116814
182.559 0 0.00146445
183.368 0 0.00176524
184.234 0 0.0020709
185.154 0 0.00238639
186.12 0 0.00271393
187.12 0 0.00304171
188.131 0 0.0033614
189.158 0 0.00369323
190.195 0 0.00402854
191.241 0 0.00437004
190.325 0 0.00410025
189.544 0 0.00382005
188.839 0 0.00353972
188.21 0 0.0032575
187.656 0 0.00297111
187.179 0 0.00267902
186.779 0 0.00238156
186.453 0 0.00207849
186.202 0 0.00177323
186.019 0 0.00146713
185.902 0 0.0011577
185.849 0 0.00085096
185.863 0 0.000518191
185.931 0 0.00018556
186.084 0 -7.73983e-05
186.349 -0.0104259 -0.000296608
186.699 -0.384264 -0.000454581
187.087 -0.687821 -0.000582856
187.553 -0.968076 -0.000701284
188.083 -1.23975 -0.000816085
188.674 -1.50606 -0.000928622
189.322 -1.76436 -0.00103777
190.024 -2.01617 -0.00114418
190.775 -2.26014 -0.00124727
191.572 -2.49775 -0.00134768
192.412 -2.72849 -0.00144518
193.291 -2.9478 -0.00153786
194.205 -3.16168 -0.00162824
195.152 -3.36934 -0.00171599
196.125 -3.55981 -0.00179648
195.232 -3.33469 -0.00170135
194.468 -3.10528 -0.00160441
193.785 -2.8734 -0.00150642
193.182 -2.63771 -0.00140682
192.662 -2.39956 -0.00130619
192.223 -2.15906 -0.00120456
191.865 -1.91723 -0.00110237
191.586 -1.67475 -0.000999904
191.382 -1.43256 -0.000897563
191.251 -1.19047 -0.000795259
191.188 -0.947961 -0.000692784
191.188 -0.705021 -0.000590124
191.265 -0.423688 -0.000471241
191.391 -0.0958038 -0.000332686
191.597 0 -0.00014658
191.924 0 7.35755e-05
192.334 0 0.000329111
192.787 0 0.000618596
193.325 0 0.000910049
193.929 0 0.00120399
194.597 0 0.00150601
195.325 0 0.00181183
196.111 0 0.00212016
196.947 0 0.00243496
197.833 0 0.00275524
198.763 0 0.00308312
199.733 0 0.00341675
200.742 0 0.00375511
201.786 0 0.00410268
202.857 0 0.00446695
201.96 0 0.00419279
201.186 0 0.00391296
200.49 0 0.00363077
199.872 0 0.00334554
199.332 0 0.00305579
198.871 0 0.00276136
198.488 0 0.00246146
198.181 0 0.00215478
197.947 0 0.00184524
197.781 0 0.00153363
197.681 0 0.0012181
197.642 0 0.000901414
197.675 0 0.000553447
197.754 0 0.000215067
197.904 0 -6.03869e-05
198.174 0 -0.000281188
198.507 -0.342513 -0.000436938
198.894 -0.65123 -0.000567394
199.365 -0.931998 -0.000686038
199.901 -1.20329 -0.000800676
200.498 -1.46937 -0.000913115
201.155 -1.72715 -0.00102205
201.867 -1.97909 -0.00112851
202.629 -2.22265 -0.00123143
203.439 -2.45999 -0.00133172
204.293 -2.68808 -0.00142811
205.186 -2.90868 -0.00152133
206.118 -3.1242 -0.0016124
207.084 -3.33276 -0.00170053
208.079 -3.52518 -0.00178184
207.189 -3.30028 -0.0016868
206.426 -3.07012 -0.00158955
205.745 -2.83877 -0.00149179
205.145 -2.60548 -0.0013932
204.628 -2.36719 -0.00129251
204.192 -2.12645 -0.00119078
203.838 -1.88456 -0.00108856
203.564 -1.64211 -0.000986112
203.364 -1.40282 -0.000884994
203.237 -1.16168 -0.000783095
203.179 -0.921642 -0.000681662
203.184 -0.677874 -0.000578653
203.264 -0.39772 -0.000460268
203.392 -0.070911 -0.000322167
203.591 0 -0.000137693
203.915 0 8.42226e-05
204.313 0 0.000346162
204.761 0 0.000636669
205.294 0 0.00092925
205.894 0 0.00122452
206.558 0 0.00152727
207.283 0 0.0018335
208.065 0 0.00214341
208.898 0 0.00245895
209.781 0 0.00278006
210.708 0 0.00310907
211.677 0 0.00344261
212.685 0 0.00378068
213.728 0 0.00412793
214.802 0 0.00448701
213.907 0 0.0042126
213.135 0 0.00393245
212.441 0 0.00365015
211.825 0 0.00336453
211.288 0 0.00307414
210.83 0 0.00277871
210.45 0 0.00247833
210.146 0 0.00217136
209.916 0 0.00186165
209.753 0 0.00154866
209.657 0 0.00123243
209.622 0 0.000912906
209.659 0 0.000562798
209.742 0 0.000223578
209.893 0 -5.4841e-05
210.163 0 -0.000276488
210.492 -0.329999 -0.000431651
210.878 -0.640071 -0.000562678
211.348 -0.920639 -0.000681238
211.884 -1.19139 -0.00079565
212.481 -1.45686 -0.00090783
213.137 -1.71485 -0.00101685
213.849 -1.96607 -0.00112301
214.611 -2.20978 -0.00122599
215.422 -2.44677 -0.00132614
216.276 -2.67361 -0.001422
217.171 -2.89439 -0.00151529
218.103 -3.11007 -0.00160643
219.071 -3.31699 -0.00169387
220.068 -3.51077 -0.00177575
221.086 -3.70491 -0.00186154
222.112 -3.86057 -0.00195918
223.144 -3.98803 -0.00204099
224.185 -4.09381 -0.00211024
225.233 -4.20806 -0.00218651
224.311 -3.98728 -0.00209292
223.523 -3.75922 -0.00199624
222.808 -3.52964 -0.00189892
222.165 -3.2993 -0.00180127
221.594 -3.06842 -0.0017034
221.094 -2.83733 -0.00160544
220.664 -2.60586 -0.00150731
220.302 -2.3754 -0.00140962
220.007 -2.14589 -0.00131232
219.774 -1.92133 -0.00121713
219.598 -1.70465 -0.00112528
219.474 -1.49423 -0.00103608
219.399 -1.28985 -0.000949437
219.366 -1.0978 -0.000868024
219.371 -0.910886 -0.00078879
219.432 -0.681281 -0.000691458
219.543 -0.422599 -0.000581798
219.679 -0.127154 -0.000456556
219.849 0 -0.000319783
220.064 0 -0.00014236
220.4 0 7.24737e-05
220.789 0 0.000333139
221.23 0 0.000625384
221.746 0 0.000921734
222.318 0 0.00122218
222.948 0 0.00153113
223.63 0 0.00184359
224.36 0 0.00216021
225.137 0 0.00248249
225.956 0 0.00281213
226.814 0 0.00314661
227.709 0 0.00348472
228.639 0 0.00383012
229.601 0 0.00418185
230.591 0 0.00454342
231.6 0 0.0049217
232.615 0 0.00530546
233.639 0 0.00565717
234.67 0 0.00597519
235.706 0 0.00628214
234.782 0 0.00601857
233.988 0 0.00574296
233.264 0 0.00546565
232.612 0 0.00518516
232.028 0 0.00490126
231.514 0 0.00461131
231.068 0 0.00431422
230.687 0 0.00400969
230.371 0 0.0036966
230.114 0 0.0033778
229.913 0 0.00305505
229.763 0 0.00272966
229.662 0 0.00239906
229.606 0 0.00207447
229.588 0 0.00175441
229.611 0 0.00140722
229.681 0 0.00103078
229.776 0 0.000662819
229.899 0 0.000305395
230.056 0 -1.28273e-05
230.319 0 -0.000238697
230.608 0 -0.000402014
230.941 -0.324354 -0.000540151
231.331 -0.632423 -0.000670746
231.785 -0.900166 -0.000784246
232.29 -1.15923 -0.000894066
232.843 -1.41276 -0.00100154
233.441 -1.65663 -0.00110492
234.082 -1.89598 -0.00120639
234.763 -2.12807 -0.00130477
235.482 -2.35229 -0.00139982
236.238 -2.57332 -0.00149352
237.028 -2.79145 -0.00158599
237.851 -2.9986 -0.0016738
238.704 -3.20046 -0.00175937
239.586 -3.39705 -0.00184271
240.493 -3.58258 -0.00192136
241.422 -3.75375 -0.00199392
242.37 -3.91291 -0.00206139
243.335 -4.04492 -0.00211735
242.426 -3.82101 -0.00202243
241.646 -3.59137 -0.00192508
240.942 -3.36053 -0.00182723
240.312 -3.12887 -0.00172903
239.756 -2.89727 -0.00163084
239.272 -2.66578 -0.00153271
238.861 -2.43439 -0.00143463
238.519 -2.20592 -0.00133777
238.244 -1.98011 -0.00124205
238.032 -1.76114 -0.00114922
237.877 -1.55123 -0.00106024
237.775 -1.3491 -0.000974555
237.723 -1.15296 -0.000891407
237.713 -0.966226 -0.00081225
237.744 -0.778018 -0.000732465
237.826 -0.558169 -0.000639269
237.951 -0.300444 -0.000530015
238.101 -0.0178011 -0.000410199
238.278 0 -0.000273484
238.488 0 -0.000107496
238.801 0 0.00012221
239.144 0 0.000392885
239.543 0 0.000676532
239.997 0 0.000969181
240.52 0 0.0012728
241.095 0 0.00157837
241.721 0 0.00188819
242.393 0 0.00220147
243.111 0 0.00252162
243.871 0 0.00284697
244.671 0 0.00317472
245.51 0 0.00350649
246.385 0 0.00384478
247.294 0 0.004187
248.235 0 0.00453294
249.204 0 0.00488448
250.2 0 0.00524598
251.219 0 0.00561701
252.257 0 0.00600743
253.312 0 0.00641147
252.399 0 0.00614318
251.612 0 0.00586884
250.897 0 0.00559058
250.254 0 0.00530921
249.682 0 0.00502308
249.181 0 0.00473097
248.75 0 0.00443086
248.385 0 0.00412379
248.085 0 0.00380774
247.845 0 0.00348678
247.66 0 0.00316145
247.527 0 0.00282977
247.442 0 0.00249514
247.398 0 0.00216282
247.393 0 0.00183141
247.438 0 0.0014499
247.522 0 0.00107088
247.628 0 0.000697286
247.761 0 0.000335189
247.92 0 3.1317e-06
248.176 0 -0.000219513
248.461 0 -0.000382531
248.794 -0.285056 -0.000523492
249.184 -0.598078 -0.000656187
249.635 -0.864485 -0.00076912
250.144 -1.12286 -0.000878649
250.701 -1.37456 -0.000985346
251.305 -1.61887 -0.00108892
251.953 -1.85736 -0.00119001
252.642 -2.0868 -0.00128727
253.371 -2.31203 -0.00138276
254.136 -2.53366 -0.00147671
254.938 -2.74797 -0.00156755
255.773 -2.95482 -0.00165524
256.639 -3.15754 -0.00174118
257.535 -3.35327 -0.00182415
258.456 -3.53545 -0.00190138
259.401 -3.70439 -0.00197299
260.366 -3.85782 -0.00203804
261.348 -3.99207 -0.00209494
260.441 -3.7661 -0.00199916
259.663 -3.53784 -0.00190239
258.961 -3.30676 -0.00180443
258.334 -3.0751 -0.00170623
257.782 -2.84331 -0.00160797
257.303 -2.6116 -0.00150974
256.896 -2.38013 -0.00141162
256.559 -2.15168 -0.00131478
256.29 -1.92599 -0.00121911
256.083 -1.70762 -0.00112654
255.934 -1.49801 -0.00103768
255.838 -1.2963 -0.000952173
255.791 -1.10721 -0.000872012
255.787 -0.925333 -0.000794915
255.824 -0.740388 -0.000716514
255.915 -0.521107 -0.000623557
256.045 -0.262923 -0.00051411
256.198 0 -0.000395368
256.374 0 -0.000259701
256.578 0 -9.78747e-05
256.881 0 0.000138454
257.217 0 0.00041255
257.606 0 0.000696684
258.054 0 0.000989678
258.573 0 0.00129491
259.145 0 0.00160124
259.767 0 0.00191274
260.437 0 0.00222667
261.152 0 0.00254876
261.91 0 0.00287448
262.708 0 0.00320254
263.545 0 0.00353601
264.419 0 0.00387508
265.327 0 0.00421739
266.267 0 0.00456389
267.237 0 0.00491778
268.233 0 0.00527987
269.253 0 0.00565311
270.292 0 0.00604184
271.35 0 0.00644211
270.439 0 0.00617324
269.652 0 0.00589884
268.939 0 0.0056203
268.299 0 0.00533871
267.73 0 0.00505228
267.232 0 0.00475976
266.804 0 0.0044591
266.443 0 0.00415159
266.146 0 0.0038353
265.91 0 0.00351411
265.73 0 0.00318829
265.601 0 0.00285614
265.519 0 0.00252202
265.48 0 0.00218949
265.479 0 0.0018531
265.53 0 0.00146445
265.617 0 0.0010848
265.726 0 0.000708811
265.861 0 0.000345601
266.021 0 9.24123e-06
266.267 0 -0.000213436
266.549 0 -0.000376723
266.881 -0.271048 -0.000517554
267.27 -0.584437 -0.000650404
267.719 -0.85061 -0.000763238
268.227 -1.10944 -0.000872958
268.784 -1.3602 -0.000979261
269.387 -1.60424 -0.00108271
270.035 -1.84129 -0.0011832
270.723 -2.07083 -0.00128051
271.452 -2.29635 -0.00137611
272.218 -2.51809 -0.00147011
273.02 -2.73029 -0.00156006
273.856 -2.93733 -0.00164783
274.723 -3.14025 -0.00173385
275.62 -3.33352 -0.00181578
276.542 -3.51449 -0.00189249
277.488 -3.68362 -0.00196419
278.455 -3.8331 -0.00202755
279.439 -3.96844 -0.00208493
280.437 -4.09531 -0.00213871
281.442 -4.25436 -0.00221787
282.449 -4.37753 -0.00230265
283.461 -4.49853 -0.00238795
284.476 -4.61416 -0.00247148
283.548 -4.38899 -0.00237393
282.755 -4.15851 -0.00227408
282.033 -3.92549 -0.00217314
281.381 -3.69263 -0.00207226
280.797 -3.46079 -0.00197182
280.28 -3.22961 -0.00187167
279.83 -2.9997 -0.00177207
279.443 -2.77168 -0.00167329
279.117 -2.5475 -0.00157618
278.85 -2.32757 -0.0014809
278.636 -2.11541 -0.00138899
278.472 -1.91236 -0.00130103
278.354 -1.71797 -0.00121682
278.278 -1.53003 -0.0011354
278.242 -1.35575 -0.0010599
278.239 -1.19095 -0.000988505
278.269 -1.02983 -0.000918705
278.338 -0.854354 -0.000842689
278.443 -0.680614 -0.000767423
278.576 -0.488065 -0.000684009
278.727 -0.266444 -0.000588001
278.902 -0.0345734 -0.000487552
279.095 0 -0.000370606
279.301 0 -0.000240356
279.523 0 -9.31174e-05
279.811 0 0.000144083
280.146 0 0.000418774
280.529 0 0.000708847
280.965 0 0.00100785
281.459 0 0.00131889
282.007 0 0.00163197
282.6 0 0.00194964
283.237 0 0.00227093
283.915 0 0.00259884
284.632 0 0.00292937
285.387 0 0.00326484
286.177 0 0.00360462
287.001 0 0.00394809
287.857 0 0.0042972
288.742 0 0.0046534
289.654 0 0.0050162
290.59 0 0.00539041
291.547 0 0.00577392
292.523 0 0.00616505
293.517 0 0.00656343
294.528 0 0.0069675
295.55 0 0.00736446
296.575 0 0.00775792
297.607 0 0.00815334
298.643 0 0.00853187
297.714 0 0.00827027
296.915 0 0.00799626
296.184 0 0.00772032
295.521 0 0.00743991
294.925 0 0.0071553
294.393 0 0.0068642
293.926 0 0.00656517
293.52 0 0.00625723
293.173 0 0.00594143
292.881 0 0.00561719
292.642 0 0.00528785
292.451 0 0.00495412
292.304 0 0.00461536
292.199 0 0.00426884
292.132 0 0.00392617
292.097 0 0.00358307
292.095 0 0.00323272
292.13 0 0.00283466
292.199 0 0.00242099
292.291 0 0.00201461
292.402 0 0.00160862
292.534 0 0.00120057
292.679 0 0.000808669
292.84 0 0.000428049
293.012 0 6.15597e-05
293.223 0 -0.000170098
293.492 0 -0.000338031
293.801 -0.0383748 -0.000489199
294.157 -0.35172 -0.000624943
294.553 -0.655445 -0.00075652
294.998 -0.926144 -0.000873789
295.491 -1.17584 -0.00098196
296.026 -1.41941 -0.00108748
296.599 -1.65377 -0.00118901
297.209 -1.8848 -0.00128909
297.855 -2.11231 -0.00138765
298.535 -2.3315 -0.00148261
299.246 -2.54362 -0.0015745
299.988 -2.75231 -0.0016649
300.758 -2.95503 -0.00175272
301.554 -3.14717 -0.00183596
302.374 -3.32937 -0.00191489
303.218 -3.5025 -0.00198989
304.082 -3.66 -0.00205813
304.966 -3.81225 -0.00212408
305.868 -3.95928 -0.00218778
306.788 -4.10187 -0.00224955
307.724 -4.2396 -0.00230921
308.676 -4.37041 -0.00236588
309.639 -4.49052 -0.00241791
308.724 -4.26245 -0.00231911
307.937 -4.03191 -0.00221924
307.223 -3.79868 -0.0021182
306.58 -3.56549 -0.00201718
306.007 -3.33289 -0.00191642
305.503 -3.10139 -0.00181613
305.066 -2.87122 -0.00171642
304.694 -2.64372 -0.00161786
304.384 -2.4196 -0.00152077
304.132 -2.19889 -0.00142516
303.934 -1.98687 -0.00133331
303.785 -1.78467 -0.00124571
303.683 -1.59049 -0.00116159
303.623 -1.40697 -0.00108209
303.601 -1.2356 -0.00100785
303.612 -1.07365 -0.000937689
303.659 -0.907062 -0.000865523
303.748 -0.728553 -0.000788191
303.869 -0.551348 -0.000711424
304.013 -0.342662 -0.000621019
304.177 -0.132293 -0.000529885
304.361 0 -0.000434751
304.559 0 -0.000325079
304.77 0 -0.000200195
304.994 0 -6.25599e-05
305.256 0 0.000187199
305.579 0 0.000468391
305.945 0 0.000756713
306.361 0 0.00105752
306.82 0 0.00136431
307.33 0 0.00168168
307.891 0 0.00200186
308.494 0 0.00232799
309.138 0 0.00265587
309.822 0 0.00298836
310.542 0 0.0033261
311.297 0 0.00366831
312.085 0 0.00401356
312.905 0 0.00436437
313.754 0 0.00472258
314.631 0 0.00508718
315.533 0 0.00545893
316.457 0 0.00584007
317.404 0 0.00622505
318.372 0 0.00661332
319.358 0 0.00700583
320.364 0 0.00740211
321.386 0 0.00780345
322.424 0 0.00821161
323.475 0 0.00863094
322.555 0 0.00836876
321.76 0 0.00809307
321.036 0 0.00781599
320.38 0 0.00753491
319.792 0 0.00724884
319.27 0 0.00695604
318.813 0 0.00665616
318.418 0 0.00634768
318.082 0 0.00603048
317.803 0 0.00570456
317.576 0 0.00537352
317.396 0 0.00503793
317.261 0 0.00469527
317.168 0 0.00434869
317.111 0 0.00400406
317.088 0 0.00365919
317.098 0 0.00329128
317.148 0 0.00287614
317.228 0 0.0024618
317.329 0 0.0020555
317.45 0 0.00164719
317.59 0 0.00124253
317.743 0 0.000845713
317.909 0 0.000458442
318.086 0 8.12024e-05
318.293 0 -0.000157111
318.562 0 -0.000327017
318.872 -0.0151096 -0.00047912
319.23 -0.327353 -0.000614387
319.629 -0.633393 -0.000746967
320.076 -0.903946 -0.000864173
320.574 -1.15355 -0.000972303
321.113 -1.39528 -0.00107703
321.692 -1.63022 -0.0011788
322.309 -1.86155 -0.00127902
322.963 -2.08857 -0.00137736
323.65 -2.30605 -0.00147158
324.37 -2.51861 -0.00156366
325.12 -2.72764 -0.00165422
325.9 -2.92715 -0.00174065
326.706 -3.1177 -0.00182319
327.538 -3.3003 -0.0019023
328.393 -3.46832 -0.00197509
329.269 -3.6265 -0.00204361
330.165 -3.77942 -0.00210986
331.08 -3.92728 -0.00217391
332.013 -4.07071 -0.00223605
332.963 -4.20944 -0.00229615
333.929 -4.3419 -0.00235353
334.908 -4.46466 -0.00240671
333.994 -4.23687 -0.00230803
333.208 -4.00574 -0.0022079
332.495 -3.77245 -0.00210684
331.853 -3.53914 -0.00200577
331.282 -3.3065 -0.00190499
330.779 -3.07492 -0.00180466
330.344 -2.84466 -0.00170491
329.974 -2.61707 -0.00160632
329.666 -2.39068 -0.00150824
329.416 -2.17012 -0.00141269
329.22 -1.95836 -0.00132096
329.074 -1.75638 -0.00123346
328.974 -1.56225 -0.00114936
328.917 -1.37942 -0.00107015
328.896 -1.20861 -0.000996159
328.91 -1.04639 -0.000925879
328.961 -0.8807 -0.000854103
329.053 -0.702602 -0.000776949
329.176 -0.523511 -0.000699365
329.322 -0.312186 -0.000607816
329.488 -0.102414 -0.000516941
329.674 0 -0.000419278
329.873 0 -0.0003093
330.085 0 -0.000189194
330.31 0 -5.5234e-05
330.567 0 0.000194879
330.888 0 0.000478903
331.251 0 0.00076625
331.665 0 0.00106767
332.121 0 0.0013743
332.63 0 0.00169234
333.188 0 0.00201275
333.79 0 0.00233959
334.432 0 0.00266771
335.114 0 0.00300025
335.833 0 0.00333882
336.587 0 0.00368124
337.374 0 0.00402639
338.193 0 0.00437801
339.042 0 0.00473678
339.917 0 0.00510108
340.819 0 0.00547417
341.744 0 0.00585483
342.691 0 0.00623976
343.658 0 0.00662751
344.646 0 0.0070197
345.651 0 0.00741562
346.675 0 0.00781674
347.714 0 0.00822458
348.766 0 0.0086426
347.847 0 0.00837846
347.052 0 0.00810446
346.329 0 0.00782731
345.674 0 0.00754616
345.086 0 0.00725992
344.566 0 0.00696728
344.11 0 0.00666736
343.716 0 0.00635874
343.381 0 0.00604129
343.104 0 0.00571534
342.878 0 0.0053842
342.7 0 0.0050485
342.567 0 0.00470549
342.475 0 0.00435928
342.419 0 0.00401412
342.396 0 0.00366944
342.408 0 0.00329818
342.459 0 0.00288273
342.541 0 0.00246817
342.644 0 0.00206204
342.766 0 0.00165352
342.907 0 0.00124957
343.061 0 0.000853847
343.227 0 0.000466306
343.405 0 8.73619e-05
343.611 0 -0.000155088
343.88 0 -0.000325046
344.19 -0.011204 -0.000477428
344.547 -0.323153 -0.000612568
344.946 -0.629573 -0.000745312
345.394 -0.900003 -0.000862465
345.891 -1.14955 -0.000970572
346.43 -1.39091 -0.00107513
347.009 -1.62592 -0.00117694
347.627 -1.85729 -0.00127717
348.28 -2.08377 -0.00137528
348.968 -2.30131 -0.00146952
349.688 -2.51394 -0.00156164
350.439 -2.72302 -0.00165222
351.219 -2.92191 -0.00173838
352.026 -3.11208 -0.00182076
352.858 -3.29476 -0.0018999
353.714 -3.46173 -0.00197223
354.591 -3.62002 -0.00204081
355.488 -3.77305 -0.0021071
356.404 -3.92109 -0.00217123
357.338 -4.06476 -0.00223347
358.289 -4.20391 -0.00229375
359.256 -4.33718 -0.00235149
360.237 -4.46107 -0.00240516
361.228 -4.59786 -0.00246441
362.217 -4.72821 -0.00255593
363.21 -4.85137 -0.00264964
364.206 -4.96915 -0.00274188
365.205 -5.08068 -0.00283182
364.275 -4.85276 -0.00273021
363.478 -4.62006 -0.00262647
362.748 -4.38562 -0.00252195
362.088 -4.1512 -0.00241744
361.493 -3.91369 -0.00231155
360.961 -3.67738 -0.0022062
360.492 -3.44337 -0.00210188
360.084 -3.21198 -0.00199872
359.734 -2.98537 -0.00189769
359.439 -2.76307 -0.00179859
359.195 -2.54791 -0.00170266
358.999 -2.34137 -0.00161058
358.847 -2.14419 -0.00152268
358.735 -1.95518 -0.00143841
358.662 -1.77274 -0.00135707
358.624 -1.60411 -0.0012819
358.615 -1.44363 -0.00121035
358.636 -1.28809 -0.00114101
358.688 -1.12834 -0.00106979
358.774 -0.962821 -0.000995996
358.888 -0.805347 -0.000925791
359.025 -0.63687 -0.00085068
359.179 -0.446536 -0.000765826
359.351 -0.256717 -0.0006812
359.539 -0.07176 -0.000598743
359.742 0 -0.000507791
359.955 0 -0.000406567
360.177 0 -0.000296614
360.409 0 -0.00018864
360.65 0 -6.32248e-05
360.919 0 0.000177461
361.246 0 0.000460187
361.613 0 0.000753849
362.027 0 0.00105943
362.479 0 0.00137142
362.979 0 0.00169306
363.525 0 0.00201876
364.112 0 0.00234967
364.737 0 0.00268132
365.398 0 0.00301869
366.094 0 0.00336147
366.824 0 0.00370724
367.584 0 0.00405657
368.374 0 0.0044134
369.192 0 0.00477717
370.035 0 0.00514747
370.902 0 0.00552713
371.792 0 0.00591099
372.702 0 0.00629969
373.632 0 0.0066912
374.58 0 0.0070871
375.545 0 0.00748705
376.526 0 0.00789186
377.523 0 0.00830214
378.533 0 0.0087176
379.555 0 0.0091353
380.578 0 0.00953697
381.604 0 0.00993738
382.634 0 0.010342
383.669 0 0.0107361
382.737 0 0.0104762
381.933 0 0.0102048
381.195 0 0.00993231
380.523 0 0.0096544
379.915 0 0.00937166
379.368 0 0.00908206
378.883 0 0.00878435
378.455 0 0.00847736
378.084 0 0.00816228
377.765 0 0.0078371
377.497 0 0.00750505
377.274 0 0.00716786
377.094 0 0.00682621
376.953 0 0.00647877
376.85 0 0.0061237
376.78 0 0.00577472
376.739 0 0.00542353
376.728 0 0.0050657
376.746 0 0.00467738
376.796 0 0.00425583
376.873 0 0.0038313
376.971 0 0.00341149
377.084 0 0.00299502
377.215 0 0.00257476
377.362 0 0.00215048
377.519 0 0.00174081
377.688 0 0.0013441
377.865 0 0.000951844
378.051 0 0.000568803
378.245 0 0.000183918
378.455 0 -0.000132056
378.72 0 -0.000301789
379.018 0 -0.000461573
379.355 -0.091916 -0.000607729
379.735 -0.39018 -0.000740701
380.15 -0.684593 -0.000871956
380.6 -0.963487 -0.000996293
381.091 -1.21438 -0.00110815
381.621 -1.45012 -0.00121325
382.187 -1.68188 -0.00131657
382.785 -1.91053 -0.00141851
383.414 -2.1314 -0.00151697
384.073 -2.34625 -0.00161276
384.761 -2.55702 -0.00170673
385.475 -2.76416 -0.00179907
386.214 -2.95997 -0.00188637
386.977 -3.1489 -0.0019706
387.762 -3.33168 -0.00205208
388.568 -3.50075 -0.00212746
389.394 -3.66116 -0.00219897
390.238 -3.81699 -0.00226844
391.1 -3.96856 -0.00233602
391.979 -4.1158 -0.00240166
392.873 -4.25808 -0.00246509
393.782 -4.39538 -0.0025263
394.705 -4.52714 -0.00258505
395.64 -4.65299 -0.00264115
396.587 -4.7727 -0.00269452
397.544 -4.88654 -0.00274527
398.511 -4.99565 -0.00279392
397.589 -4.76427 -0.00269076
396.796 -4.53338 -0.00258782
396.072 -4.29459 -0.00248137
395.417 -4.05495 -0.00237453
394.828 -3.8168 -0.00226836
394.305 -3.58041 -0.00216297
393.845 -3.34615 -0.00205853
393.447 -3.11457 -0.00195529
393.106 -2.88797 -0.00185427
392.821 -2.66601 -0.00175531
392.587 -2.45174 -0.00165979
392.402 -2.2462 -0.00156816
392.259 -2.04983 -0.00148061
392.158 -1.8609 -0.00139638
392.096 -1.68158 -0.00131644
392.066 -1.51311 -0.00124132
392.068 -1.35413 -0.00117045
392.1 -1.19809 -0.00110088
392.166 -1.03132 -0.00102653
392.263 -0.868847 -0.000954101
392.387 -0.710714 -0.000883602
392.531 -0.529747 -0.000802923
392.692 -0.339601 -0.000718152
392.872 -0.155897 -0.000636253
393.068 0 -0.000554688
393.274 0 -0.000455411
393.491 0 -0.000341606
393.718 0 -0.000219667
393.954 0 -9.31325e-05
394.198 0 3.127e-05
394.458 0 0.00020648
394.775 0 0.000493767
395.127 0 0.000785355
395.52 0 0.00108918
395.957 0 0.00139988
396.431 0 0.00171838
396.942 0 0.00204222
397.496 0 0.00237269
398.091 0 0.00270745
398.722 0 0.00304326
399.388 0 0.0033843
400.085 0 0.00373121
400.814 0 0.00408177
401.571 0 0.00443432
402.357 0 0.004794
403.168 0 0.0051601
404.004 0 0.00553154
404.862 0 0.00591002
405.742 0 0.00629627
406.643 0 0.00668544
407.562 0 0.00707833
408.5 0 0.00747386
409.455 0 0.00787212
410.427 0 0.00827448
411.414 0 0.00868124
412.414 0 0.00909352
413.428 0 0.0095116
414.453 0 0.00993525
415.489 0 0.0103643
416.535 0 0.0107981
415.61 0 0.0105384
414.809 0 0.0102677
414.074 0 0.00999413
413.406 0 0.00971582
412.803 0 0.00943262
412.262 0 0.00914205
411.782 0 0.00884329
411.361 0 0.00853493
410.997 0 0.00821836
410.686 0 0.0078919
410.425 0 0.00755889
410.209 0 0.00722071
410.036 0 0.00687782
409.903 0 0.00652791
409.806 0 0.00617413
409.742 0 0.00582299
409.709 0 0.00547134
409.704 0 0.00510876
409.732 0 0.004702
409.789 0 0.00428129
409.873 0 0.00385601
409.975 0 0.00343666
410.094 0 0.00301906
410.23 0 0.00259744
410.382 0 0.00217578
410.544 0 0.00176874
410.716 0 0.00137351
410.897 0 0.000990344
411.087 0 0.00060668
411.285 0 0.000221336
411.495 0 -0.000124751
411.761 0 -0.000294907
412.06 0 -0.000455651
412.399 -0.0803909 -0.00060259
412.781 -0.377981 -0.000735263
413.198 -0.67264 -0.000866627
413.652 -0.952149 -0.000991239
414.146 -1.20282 -0.00110299
414.68 -1.43879 -0.00120819
415.25 -1.67084 -0.00131165
415.853 -1.89968 -0.00141367
416.487 -2.11938 -0.00151162
417.152 -2.33446 -0.0016075
417.845 -2.54553 -0.0017016
418.566 -2.75148 -0.00179342
419.311 -2.94728 -0.00188071
420.081 -3.13549 -0.00196462
420.874 -3.31853 -0.00204622
421.687 -3.4852 -0.00212052
422.521 -3.64588 -0.00219216
423.373 -3.80193 -0.00226173
424.243 -3.95375 -0.00232941
425.13 -4.10121 -0.00239516
426.034 -4.24368 -0.00245867
426.952 -4.38122 -0.00251999
427.884 -4.51325 -0.00257885
428.828 -4.63947 -0.00263512
429.785 -4.75965 -0.0026887
430.752 -4.87388 -0.00273963
431.728 -4.98356 -0.00278853
430.807 -4.75212 -0.00268534
430.014 -4.52115 -0.00258238
429.29 -4.28122 -0.00247541
428.636 -4.04157 -0.00236857
428.047 -3.80337 -0.00226237
427.525 -3.56696 -0.00215697
427.066 -3.33265 -0.00205252
426.668 -3.10108 -0.00194928
426.328 -2.87448 -0.00184825
426.044 -2.65254 -0.00174931
425.811 -2.43832 -0.00165381
425.626 -2.23289 -0.00156222
425.485 -2.03658 -0.0014747
425.385 -1.84766 -0.00139048
425.323 -1.66861 -0.00131065
425.294 -1.50016 -0.00123555
425.297 -1.34134 -0.00116475
425.33 -1.18549 -0.00109527
425.398 -1.01798 -0.00102059
425.496 -0.855671 -0.000948227
425.621 -0.696575 -0.000877298
425.765 -0.514289 -0.000796031
425.927 -0.324345 -0.00071135
426.108 -0.140872 -0.000629554
426.304 0 -0.000546389
426.512 0 -0.000444571
426.729 0 -0.000330805
426.956 0 -0.000204562
427.192 0 -7.79154e-05
427.436 0 4.66082e-05
427.695 0 0.000211368
428.01 0 0.000498556
428.361 0 0.000790113
428.753 0 0.00109387
429.189 0 0.00140473
429.662 0 0.00172318
430.172 0 0.0020471
430.725 0 0.0023778
431.319 0 0.00271255
431.949 0 0.0030484
432.614 0 0.00338976
433.311 0 0.00373657
434.039 0 0.00408708
434.796 0 0.00443955
435.581 0 0.00479948
436.391 0 0.00516564
437.227 0 0.00553692
438.085 0 0.00591584
438.965 0 0.0063019
439.865 0 0.00669098
440.785 0 0.00708378
441.723 0 0.00747944
442.678 0 0.00787774
443.65 0 0.0082802
444.637 0 0.00868699
445.638 0 0.00909926
446.652 0 0.00951727
447.677 0 0.00994068
448.713 0 0.0103694
449.76 0 0.0108029
448.835 0 0.0105433
448.034 0 0.0102724
447.3 0 0.00999888
446.632 0 0.00972055
446.029 0 0.00943728
445.488 0 0.00914669
445.009 0 0.00884785
444.589 0 0.00853943
444.225 0 0.00822279
443.914 0 0.00789629
443.653 0 0.00756323
443.439 0 0.00722502
443.266 0 0.00688208
443.133 0 0.00653202
443.037 0 0.00617841
442.974 0 0.00582715
442.941 0 0.00547554
442.937 0 0.00511178
442.965 0 0.00470474
443.023 0 0.00428393
443.107 0 0.00385869
443.21 0 0.00343942
443.329 0 0.00302173
443.466 0 0.0026
443.618 0 0.00217871
443.781 0 0.00177234
443.953 0 0.00137702
444.134 0 0.000994995
444.324 0 0.000611274
444.522 0 0.000225886
444.733 0 -0.000122744
444.998 0 -0.000294142
445.298 0 -0.000454993
445.637 -0.0790768 -0.000602005
446.019 -0.376575 -0.000734636
446.436 -0.671235 -0.000866001
446.889 -0.950807 -0.00099064
447.383 -1.20143 -0.00110237
447.918 -1.43742 -0.00120758
448.487 -1.66951 -0.00131106
449.09 -1.89838 -0.00141309
449.725 -2.11792 -0.00151096
450.39 -2.33302 -0.00160686
451.084 -2.54413 -0.00170098
451.804 -2.74989 -0.00179271
452.55 -2.94572 -0.00188001
453.32 -3.13383 -0.00196388
454.113 -3.31692 -0.0020455
454.927 -3.48327 -0.00211967
455.761 -3.644 -0.00219132
456.614 -3.80011 -0.00226092
457.484 -3.95199 -0.00232863
458.372 -4.09953 -0.00239441
459.276 -4.24208 -0.00245796
460.194 -4.37973 -0.00251933
461.127 -4.51189 -0.00257825
462.072 -4.63825 -0.00263458
463.029 -4.75856 -0.00268822
463.997 -4.87291 -0.0027392
464.974 -4.98268 -0.00278813
465.958 -5.10659 -0.00285311
466.942 -5.21179 -0.00294111
467.929 -5.31455 -0.00302972
468.919 -5.40954 -0.00311417
469.912 -5.49872 -0.00319589
468.98 -5.26436 -0.00308817
468.178 -5.02659 -0.00297888
467.441 -4.78727 -0.00286888
466.771 -4.5478 -0.00275881
466.164 -4.31014 -0.00264957
465.619 -4.07477 -0.00254138
465.133 -3.84164 -0.00243423
464.706 -3.61155 -0.00232847
464.334 -3.38563 -0.00222462
464.015 -3.1647 -0.00212307
463.745 -2.94936 -0.00202409
463.522 -2.74193 -0.00192875
463.34 -2.54319 -0.0018374
463.198 -2.35292 -0.00174994
463.093 -2.17018 -0.00166595
463.022 -1.99434 -0.00158512
462.981 -1.83094 -0.00151001
462.968 -1.6747 -0.0014382
462.982 -1.52326 -0.00136859
463.024 -1.37288 -0.00129947
463.095 -1.21307 -0.00122601
463.191 -1.05901 -0.0011552
463.311 -0.911246 -0.00108728
463.45 -0.749968 -0.00101315
463.605 -0.573666 -0.000932115
463.774 -0.402328 -0.00085336
463.959 -0.236287 -0.00077704
464.156 -0.0755125 -0.000703141
464.366 0 -0.00062164
464.583 0 -0.000520316
464.809 0 -0.000414752
465.042 0 -0.000303957
465.282 0 -0.000186381
465.529 0 -7.0525e-05
465.783 0 4.39054e-05
466.048 0 0.000198477
466.366 0 0.000488196
466.718 0 0.000783066
467.108 0 0.00108967
467.54 0 0.0014037
468.006 0 0.00172541
468.507 0 0.00205137
469.049 0 0.00238482
469.63 0 0.00272159
470.246 0 0.00305912
470.894 0 0.00340349
471.574 0 0.00375187
472.283 0 0.00410388
473.02 0 0.00445913
473.784 0 0.00482105
474.573 0 0.00518987
475.385 0 0.00556393
476.219 0 0.00594737
477.074 0 0.00633545
477.948 0 0.0067272
478.84 0 0.00712295
479.75 0 0.00752224
480.676 0 0.00792428
481.617 0 0.00833063
482.573 0 0.0087407
483.542 0 0.00915536
484.524 0 0.00957464
485.518 0 0.009998
486.522 0 0.0104253
487.537 0 0.0108593
488.559 0 0.0112936
489.581 0 0.0117104
490.606 0 0.0121269
491.636 0 0.0125348
492.669 0 0.0129379
491.735 0 0.0126819
490.926 0 0.0124132
490.182 0 0.0121426
489.501 0 0.0118657
488.882 0 0.0115834
488.323 0 0.0112947
487.822 0 0.0109977
487.377 0 0.0106915
486.986 0 0.0103765
486.645 0 0.0100526
486.352 0 0.00971946
486.104 0 0.00938087
485.896 0 0.00903755
485.727 0 0.00868939
485.593 0 0.00833548
485.493 0 0.00797563
485.421 0 0.00762187
485.377 0 0.00726498
485.36 0 0.00690261
485.368 0 0.00652416
485.405 0 0.00610477
485.465 0 0.00567822
485.548 0 0.00524777
485.648 0 0.00482088
485.762 0 0.00439712
485.891 0 0.00396997
486.035 0 0.00353929
486.191 0 0.00310536
486.358 0 0.00269079
486.531 0 0.00228961
486.711 0 0.00189987
486.899 0 0.00150834
487.094 0 0.00111532
487.295 0 0.000721371
487.503 0 0.000326474
487.717 0 -6.92325e-05
487.957 0 -0.000278875
488.249 0 -0.000442071
488.57 0 -0.000595163
488.928 -0.146468 -0.000735755
489.325 -0.429513 -0.000865856
489.753 -0.711816 -0.000995615
490.211 -0.98975 -0.00112337
490.701 -1.24333 -0.00123992
491.226 -1.48211 -0.00134968
491.785 -1.71017 -0.0014545
492.374 -1.93493 -0.00155782
492.991 -2.14982 -0.00165659
493.635 -2.36151 -0.00175389
494.305 -2.56998 -0.00184971
495 -2.77431 -0.00194363
495.717 -2.96784 -0.00203259
496.456 -3.1554 -0.0021188
497.216 -3.33721 -0.00220237
497.995 -3.51008 -0.00228182
498.793 -3.67081 -0.0023557
499.607 -3.82736 -0.00242766
500.439 -3.97936 -0.00249753
501.286 -4.12698 -0.00256538
502.148 -4.27003 -0.00263113
503.023 -4.40849 -0.00269477
503.912 -4.54215 -0.00275621
504.813 -4.67132 -0.00281559
505.725 -4.79612 -0.00287295
506.649 -4.91678 -0.00292841
507.582 -5.03352 -0.00298207
508.525 -5.14655 -0.00303403
509.477 -5.25659 -0.0030846
510.438 -5.36372 -0.00313384
511.406 -5.4552 -0.00317589
510.481 -5.21818 -0.00306695
509.681 -4.9826 -0.00295867
508.948 -4.74189 -0.00284802
508.282 -4.50226 -0.00273788
507.681 -4.26469 -0.00262868
507.141 -4.02877 -0.00252024
506.663 -3.79546 -0.002413
506.242 -3.56507 -0.0023071
505.878 -3.33937 -0.00220336
505.566 -3.11845 -0.00210181
505.305 -2.90337 -0.00200295
505.089 -2.69664 -0.00190793
504.916 -2.49841 -0.00181682
504.782 -2.30859 -0.00172957
504.686 -2.12579 -0.00164554
504.623 -1.9526 -0.00156594
504.59 -1.78914 -0.0014908
504.586 -1.63384 -0.00141942
504.609 -1.4818 -0.00134954
504.659 -1.32896 -0.00127928
504.739 -1.16919 -0.00120584
504.845 -1.01705 -0.00113591
504.972 -0.868232 -0.00106751
505.118 -0.705555 -0.000992737
505.278 -0.530808 -0.000912415
505.455 -0.361632 -0.000834654
505.646 -0.197844 -0.00075937
505.85 -0.0395134 -0.000686594
506.066 0 -0.000601696
506.287 0 -0.000494497
506.518 0 -0.000382798
506.755 0 -0.000263729
507 0 -0.00014645
507.252 0 -3.08738e-05
507.51 0 8.32041e-05
507.776 0 0.000209739
508.093 0 0.000498851
508.444 0 0.000791586
508.829 0 0.00109639
509.249 0 0.00140966
509.709 0 0.00172911
510.201 0 0.0020548
510.725 0 0.00238384
511.284 0 0.00271924
511.876 0 0.00305895
512.503 0 0.00340073
513.161 0 0.00374804
513.848 0 0.00410031
514.562 0 0.00445616
515.303 0 0.00481359
516.068 0 0.00517729
516.857 0 0.00554683
517.668 0 0.00592161
518.501 0 0.00630092
519.352 0 0.00668963
520.223 0 0.00708247
521.111 0 0.00747812
522.016 0 0.00787747
522.937 0 0.00828015
523.873 0 0.00868577
524.823 0 0.00909509
525.786 0 0.00950799
526.762 0 0.00992501
527.749 0 0.0103462
528.748 0 0.0107714
529.757 0 0.0111997
530.775 0 0.0116313
531.803 0 0.0120674
532.839 0 0.0125124
533.882 0 0.0129567
532.949 0 0.0127006
532.142 0 0.0124312
531.399 0 0.01216
530.721 0 0.0118829
530.106 0 0.0116004
529.55 0 0.0113111
529.052 0 0.0110134
528.611 0 0.0107064
528.224 0 0.0103909
527.888 0 0.010066
527.599 0 0.00973224
527.356 0 0.00939304
527.153 0 0.00904903
526.988 0 0.00870007
526.859 0 0.00834462
526.762 0 0.00798658
526.695 0 0.00763128
526.655 0 0.00727406
526.642 0 0.00690915
526.655 0 0.00652125
526.696 0 0.00609873
526.761 0 0.00567131
526.848 0 0.00523971
526.952 0 0.00481132
527.07 0 0.00438694
527.203 0 0.00395894
527.351 0 0.00352742
527.511 0 0.00309294
527.682 0 0.00266954
527.859 0 0.00226456
528.044 0 0.00187088
528.236 0 0.00147813
528.435 0 0.00108407
528.64 0 0.000689097
528.852 0 0.000293111
529.07 0 -0.000100996
529.33 0 -0.000280749
529.629 0 -0.000446286
529.958 0 -0.000599285
530.324 -0.154719 -0.000739548
530.728 -0.437242 -0.000869408
531.163 -0.72026 -0.000999496
531.629 -0.99913 -0.00112768
532.127 -1.2517 -0.00124377
532.659 -1.4896 -0.00135312
533.226 -1.71705 -0.00145767
533.822 -1.94188 -0.00156101
534.447 -2.15713 -0.00165995
535.098 -2.36834 -0.00175703
535.775 -2.57623 -0.00185259
536.477 -2.78054 -0.0019465
537.201 -2.97451 -0.00203565
537.948 -3.16234 -0.00212199
538.715 -3.34367 -0.00220534
539.502 -3.51697 -0.00228499
540.306 -3.67646 -0.0023583
541.129 -3.83185 -0.00242973
541.967 -3.98281 -0.00249912
542.821 -4.12952 -0.00256655
543.69 -4.2718 -0.00263195
544.573 -4.40962 -0.0026953
545.469 -4.54274 -0.00275648
546.378 -4.67139 -0.00281562
547.297 -4.79573 -0.00287277
548.228 -4.91599 -0.00292805
549.169 -5.03239 -0.00298155
550.119 -5.14516 -0.00303338
551.078 -5.25503 -0.00308389
552.046 -5.36185 -0.00313299
553.022 -5.4532 -0.00317497
552.096 -5.21619 -0.00306603
551.296 -4.98004 -0.00295749
550.564 -4.73992 -0.00284712
549.898 -4.50029 -0.00273697
549.296 -4.26271 -0.00262777
548.756 -4.02679 -0.00251933
548.278 -3.79348 -0.00241209
547.857 -3.56307 -0.00230618
547.493 -3.33736 -0.00220243
547.181 -3.11642 -0.00210088
546.919 -2.9013 -0.002002
546.704 -2.69453 -0.00190696
546.53 -2.49626 -0.00181583
546.397 -2.30641 -0.00172856
546.3 -2.12359 -0.00164453
546.237 -1.95033 -0.00156489
546.204 -1.78686 -0.00148975
546.2 -1.63152 -0.00141835
546.223 -1.47948 -0.00134847
546.273 -1.32581 -0.00127783
546.353 -1.16695 -0.00120482
546.459 -1.01479 -0.00113488
546.586 -0.865788 -0.00106639
546.732 -0.702905 -0.000991519
546.892 -0.52815 -0.000911194
547.068 -0.358973 -0.000833432
547.259 -0.195195 -0.000758152
547.463 -0.0368769 -0.000685382
547.679 0 -0.000600057
547.901 0 -0.000492413
548.131 0 -0.000379676
548.368 0 -0.000260553
548.613 0 -0.000143221
548.864 0 -2.75934e-05
549.122 0 8.65516e-05
549.388 0 0.000211368
549.705 0 0.000498971
550.054 0 0.000791646
550.439 0 0.00109643
550.858 0 0.00140954
551.316 0 0.00172888
551.808 0 0.00205458
552.331 0 0.00238338
552.889 0 0.00271876
553.48 0 0.00305845
554.106 0 0.00340015
554.762 0 0.00374712
555.448 0 0.00409932
556.161 0 0.0044551
556.901 0 0.00481254
557.665 0 0.00517572
558.453 0 0.00554492
559.263 0 0.00592003
560.095 0 0.00629898
560.946 0 0.00668785
561.815 0 0.00708083
562.702 0 0.00747658
563.607 0 0.00787599
564.527 0 0.0082786
565.462 0 0.00868415
566.411 0 0.00909334
567.373 0 0.00950612
568.348 0 0.00992299
569.335 0 0.010344
570.332 0 0.0107691
571.34 0 0.0111973
572.358 0 0.0116287
573.385 0 0.012064
574.42 0 0.0125089
575.463 0 0.0129562
