0.1 -0.054086 -1.62699e-05
0.2 -0.108126 -3.26151e-05
0.3 -0.162036 -4.90112e-05
0.4 -0.215816 -6.54589e-05
0.5 -0.269463 -8.19584e-05
0.6 -0.322976 -9.85103e-05
0.7 -0.376355 -0.000115115
0.8 -0.429598 -0.000131773
0.9 -0.482703 -0.000148486
1 -0.53567 -0.000165252
21.7354 -1.23144 -0.000395501
46.7331 -1.78489 -0.000594342
73.203 -2.20962 -0.000758864
103.414 -2.59451 -0.000919165
137.582 -2.94069 -0.00107471
136.87 -2.44265 -0.000925294
136.336 -1.92554 -0.000770162
135.974 -1.38417 -0.00060775
135.878 -0.742588 -0.000415275
136.287 0 -0.00018802
137.062 0 7.18404e-05
137.952 0 0.000375055
138.903 0 0.000704875
139.979 0 0.0010341
141.183 0 0.00135255
140.45 0 0.00102282
139.884 0 0.000683911
139.478 0 0.000347909
139.315 0 5.51211e-05
139.55 -0.0289239 -0.000201176
140.194 -0.75456 -0.000418867
140.956 -1.39864 -0.00061209
141.783 -1.93447 -0.000772839
142.731 -2.44905 -0.000927215
143.817 -2.94425 -0.00107637
143.103 -2.44795 -0.00092748
142.566 -1.93282 -0.000772941
142.201 -1.39222 -0.00061076
142.096 -0.753954 -0.000419281
142.414 -0.0270631 -0.000201214
143.166 0 5.479e-05
144.042 0 0.000350965
144.984 0 0.000683971
146.055 0 0.00102281
147.272 0 0.00135237
146.539 0 0.00102274
145.973 0 0.0006839
145.567 0 0.000347955
145.404 0 5.51956e-05
145.639 -0.027169 -0.000201246
146.283 -0.752981 -0.000418989
147.045 -1.39717 -0.000612247
147.872 -1.9332 -0.000773055
148.82 -2.44796 -0.000927482
149.907 -2.94483 -0.00107664
151.098 -3.2529 -0.00122665
152.4 -3.53072 -0.00137374
153.798 -3.77888 -0.00151743
155.263 -4.00191 -0.00165964
156.774 -4.20223 -0.00180167
155.904 -3.79641 -0.00166545
155.173 -3.38781 -0.0015283
154.536 -2.96883 -0.00138766
153.994 -2.5405 -0.00124388
153.551 -2.09927 -0.00109577
153.21 -1.64348 -0.000942777
152.971 -1.17963 -0.000787077
152.836 -0.709267 -0.000629189
152.854 -0.144217 -0.000439519
153.11 0 -0.000205203
153.581 0 6.59497e-05
154.168 0 0.000363351
154.804 0 0.000701871
155.526 0 0.00103545
156.339 0 0.00136055
157.231 0 0.00167032
158.191 0 0.0019772
159.213 0 0.00229052
160.28 0 0.00262754
161.377 0 0.00298873
160.497 0 0.00267524
159.753 0 0.0023597
159.095 0 0.00204009
158.529 0 0.00171655
158.055 0 0.00138913
157.676 0 0.00105723
157.395 0 0.000720596
157.213 0 0.00039184
157.165 0 9.1019e-05
157.328 0 -0.000176398
157.648 -0.0520921 -0.000408595
158.093 -0.601835 -0.000593128
158.579 -1.07767 -0.000752851
159.152 -1.54356 -0.000909236
159.812 -1.99685 -0.00106139
160.556 -2.4407 -0.00121038
161.38 -2.87335 -0.00135561
162.276 -3.29684 -0.00149776
163.235 -3.7125 -0.00163729
164.247 -4.12179 -0.00177467
163.395 -3.718 -0.00163913
162.667 -3.30929 -0.00150194
162.032 -2.89364 -0.00136242
161.494 -2.46684 -0.00121916
161.054 -2.02837 -0.00107197
160.715 -1.57669 -0.000920357
160.481 -1.11353 -0.000764888
160.349 -0.648836 -0.000608904
160.36 -0.0946321 -0.000422874
160.583 0 -0.000194208
160.976 0 6.76167e-05
161.494 0 0.000349737
162.058 0 0.000676963
162.71 0 0.00101016
163.453 0 0.00133832
164.285 0 0.00166538
165.198 0 0.0019935
166.188 0 0.00232529
167.243 0 0.00266806
168.354 0 0.0030295
167.495 0 0.00271391
166.754 0 0.00239801
166.102 0 0.00207696
165.543 0 0.00175216
165.077 0 0.0014224
164.708 0 0.00108821
164.439 0 0.000750685
164.267 0 0.000418885
164.228 0 0.000106092
164.393 0 -0.000163831
164.704 -0.0215251 -0.000398335
165.152 -0.564698 -0.000580662
165.642 -1.04224 -0.00074096
166.219 -1.51022 -0.000898046
166.885 -1.96481 -0.00105064
167.635 -2.41057 -0.00120027
168.466 -2.84476 -0.00134601
169.37 -3.26941 -0.00148855
170.339 -3.68737 -0.00162885
171.362 -4.09781 -0.00176662
170.512 -3.69535 -0.00163153
169.785 -3.28639 -0.00149425
169.152 -2.87069 -0.00135472
168.615 -2.44425 -0.00121157
168.179 -2.00678 -0.00106473
167.842 -1.55531 -0.000913183
167.611 -1.09242 -0.000757802
167.481 -0.628994 -0.000602244
167.494 -0.0784475 -0.000417442
167.717 0 -0.000188271
168.091 0 7.47175e-05
168.606 0 0.000361333
169.164 0 0.000690101
169.812 0 0.00102383
170.552 0 0.00135275
171.38 0 0.00168048
172.291 0 0.00200894
173.279 0 0.0023413
174.333 0 0.00268337
175.444 0 0.00304301
174.587 0 0.00272694
173.847 0 0.00241071
173.198 0 0.00208937
172.64 0 0.0017638
172.177 0 0.00143349
171.811 0 0.00109866
171.545 0 0.000760874
171.377 0 0.000428307
171.337 0 0.000111454
171.505 0 -0.000159215
171.817 -0.0100903 -0.000394496
172.264 -0.551712 -0.000576303
172.754 -1.02813 -0.000736224
173.331 -1.49657 -0.000893465
173.996 -1.95121 -0.00104607
174.747 -2.39708 -0.00119574
175.578 -2.83163 -0.0013416
176.483 -3.2562 -0.00148412
177.453 -3.67465 -0.00162458
178.478 -4.08493 -0.0017623
179.54 -4.33106 -0.00190269
180.616 -4.48817 -0.00204016
181.709 -4.61936 -0.00217226
182.813 -4.72589 -0.00229757
183.926 -4.81456 -0.00242225
183.014 -4.47434 -0.00229337
182.241 -4.123 -0.00216029
181.547 -3.77039 -0.00202672
180.93 -3.41507 -0.00189212
180.393 -3.05595 -0.00175608
179.935 -2.68989 -0.00161742
179.556 -2.3183 -0.00147666
179.256 -1.94041 -0.00133351
179.032 -1.56332 -0.00119067
178.879 -1.18922 -0.00104896
178.794 -0.813959 -0.000906809
178.776 -0.440036 -0.000765165
178.83 -0.0258888 -0.000608285
178.954 0 -0.000419666
179.184 0 -0.000187077
179.54 0 7.55876e-05
180.001 0 0.000357787
180.531 0 0.000689624
181.136 0 0.00102002
181.813 0 0.00135163
182.559 0 0.00168596
183.368 0 0.00202485
184.234 0 0.00236878
185.154 0 0.00272313
186.12 0 0.00309033
187.12 0 0.00345775
188.131 0 0.00381625
189.158 0 0.00418768
190.195 0 0.00456243
191.241 0 0.00494367
190.325 0 0.00464009
189.544 0 0.00432485
188.839 0 0.00400934
188.21 0 0.00369171
187.656 0 0.00336943
187.179 0 0.00304079
186.779 0 0.00270621
186.453 0 0.00236538
186.202 0 0.00202209
186.019 0 0.00167797
185.902 0 0.00133011
185.849 0 0.000985242
185.863 0 0.000610854
185.931 0 0.000234262
186.084 0 -7.04216e-05
186.349 0 -0.000330519
186.699 0 -0.000526309
187.087 -0.250537 -0.000693383
187.553 -0.663575 -0.000849843
188.083 -1.06657 -0.0010025
188.674 -1.46495 -0.00115341
189.322 -1.85449 -0.00130096
190.024 -2.23694 -0.00144584
190.775 -2.61129 -0.00158764
191.572 -2.97935 -0.00172706
192.412 -3.34057 -0.0018639
193.291 -3.69001 -0.00199627
194.205 -4.03396 -0.00212655
195.152 -4.37205 -0.00225463
196.125 -4.69375 -0.00237649
195.232 -4.35183 -0.00224697
194.468 -4.00327 -0.00211493
193.785 -3.65124 -0.00198158
193.182 -3.29401 -0.00184626
192.662 -2.93269 -0.00170939
192.223 -2.56723 -0.00157095
191.865 -2.19881 -0.0014314
191.586 -1.82805 -0.00129095
191.382 -1.45738 -0.00115054
191.251 -1.08603 -0.00100987
191.188 -0.713643 -0.000868809
191.188 -0.340338 -0.000727399
191.265 0 -0.000565158
191.391 0 -0.000382514
191.597 0 -0.000154085
191.924 0 0.000106704
192.334 0 0.000400539
192.787 0 0.000728794
193.325 0 0.00105833
193.929 0 0.00139025
194.597 0 0.00173079
195.325 0 0.00207515
196.111 0 0.00242197
196.947 0 0.00277557
197.833 0 0.00313489
198.763 0 0.00350211
199.733 0 0.00387536
200.742 0 0.00425358
201.786 0 0.00464151
202.857 0 0.00504704
201.96 0 0.00473859
201.186 0 0.00442379
200.49 0 0.00410633
199.872 0 0.00378547
199.332 0 0.00345956
198.871 0 0.00312833
198.488 0 0.00279106
198.181 0 0.00244636
197.947 0 0.00209866
197.781 0 0.00174865
197.681 0 0.00139432
197.642 0 0.0010387
197.675 0 0.000647519
197.754 0 0.000264885
197.904 0 -5.30855e-05
198.174 0 -0.000315001
198.507 0 -0.000509228
198.894 -0.211859 -0.000678731
199.365 -0.625908 -0.000835574
199.901 -1.02878 -0.000988184
200.498 -1.42709 -0.00113906
201.155 -1.81639 -0.00128653
201.867 -2.19932 -0.00143159
202.629 -2.57346 -0.00157331
203.439 -2.94139 -0.00171269
204.293 -3.29992 -0.0018485
205.186 -3.65092 -0.00198146
206.118 -3.99676 -0.00211247
207.084 -4.33557 -0.00224081
208.079 -4.65856 -0.00236316
207.189 -4.31682 -0.0022337
206.426 -3.96727 -0.00210129
205.745 -3.61574 -0.00196813
205.145 -3.26106 -0.00183378
204.628 -2.89947 -0.00169681
204.192 -2.53357 -0.0015582
203.838 -2.16498 -0.00141858
203.564 -1.79416 -0.00127811
203.364 -1.42666 -0.0011389
203.237 -1.0562 -0.000998569
203.179 -0.68659 -0.000858561
203.184 -0.311167 -0.000716349
203.264 0 -0.000554529
203.392 0 -0.000372221
203.591 0 -0.000145062
203.915 0 0.000117724
204.313 0 0.000418392
204.761 0 0.000747872
205.294 0 0.00107862
205.894 0 0.00141196
206.558 0 0.00175326
207.283 0 0.00209807
208.065 0 0.00244657
208.898 0 0.00280098
209.781 0 0.00316118
210.708 0 0.0035296
211.677 0 0.00390276
212.685 0 0.0042807
213.728 0 0.00466822
214.802 0 0.00506824
213.907 0 0.0047595
213.135 0 0.00444434
212.441 0 0.00412676
211.825 0 0.00380546
211.288 0 0.00347886
210.83 0 0.0031466
210.45 0 0.0028088
210.146 0 0.00246378
209.916 0 0.00211591
209.753 0 0.00176446
209.657 0 0.00140945
209.622 0 0.00105069
209.659 0 0.000657168
209.742 0 0.000273642
209.893 0 -4.74384e-05
210.163 0 -0.00031038
210.492 0 -0.000504267
210.878 -0.200378 -0.000674382
211.348 -0.614355 -0.000831198
211.884 -1.01672 -0.000983615
212.481 -1.4144 -0.00113426
213.137 -1.80402 -0.00128185
213.849 -2.1863 -0.00142666
214.611 -2.56069 -0.00156848
215.422 -2.92831 -0.00170773
216.276 -3.28558 -0.00184307
217.171 -3.63686 -0.00197613
218.103 -3.98295 -0.00210724
219.071 -4.32005 -0.00223493
220.068 -4.64434 -0.00235777
221.086 -4.85318 -0.00248592
222.112 -4.92262 -0.0026268
223.144 -4.96431 -0.00274653
224.185 -4.98715 -0.00284794
225.233 -4.99915 -0.00296088
224.311 -4.70466 -0.0028341
223.523 -4.39972 -0.00270282
222.808 -4.0929 -0.00257072
222.165 -3.78466 -0.00243802
221.594 -3.47505 -0.00230472
221.094 -3.16417 -0.00217088
220.664 -2.85142 -0.00203624
220.302 -2.53826 -0.00190142
220.007 -2.22447 -0.00176633
219.774 -1.9152 -0.00163318
219.598 -1.61437 -0.00150366
219.474 -1.32088 -0.00137731
219.399 -1.03322 -0.00125347
219.366 -0.761891 -0.00113665
219.371 -0.497022 -0.00102262
219.432 -0.171263 -0.000882376
219.543 0 -0.000727645
219.679 0 -0.000557095
219.849 0 -0.000374714
220.064 0 -0.000153002
220.4 0 0.000102231
220.789 0 0.000401713
221.23 0 0.000733465
221.746 0 0.00106827
222.318 0 0.00140718
222.948 0 0.00175517
223.63 0 0.00210672
224.36 0 0.00246243
225.137 0 0.00282408
225.956 0 0.00319335
226.814 0 0.00356771
227.709 0 0.00394585
228.639 0 0.00433153
229.601 0 0.00472383
230.591 0 0.00512658
231.6 0 0.00554755
232.615 0 0.0059756
233.639 0 0.00636779
234.67 0 0.00672189
235.706 0 0.00706313
234.782 0 0.00676636
233.988 0 0.0064562
233.264 0 0.00614407
232.612 0 0.00582847
232.028 0 0.00550913
231.514 0 0.00518316
231.068 0 0.0048494
230.687 0 0.00450757
230.371 0 0.00415648
230.114 0 0.00379938
229.913 0 0.00343828
229.763 0 0.00307453
229.662 0 0.00270519
229.606 0 0.00234271
229.588 0 0.00198539
229.611 0 0.00159773
229.681 0 0.00117641
229.776 0 0.000762947
229.899 0 0.000359643
230.056 0 -3.71182e-06
230.319 0 -0.000271668
230.608 0 -0.000475434
230.941 0 -0.0006522
231.331 -0.0303475 -0.000821709
231.785 -0.383049 -0.000973554
232.29 -0.727334 -0.00112178
232.843 -1.06639 -0.00126775
233.441 -1.39596 -0.00140963
234.082 -1.7217 -0.00154987
234.763 -2.04087 -0.00168728
235.482 -2.35239 -0.0018214
236.238 -2.66125 -0.00195437
237.028 -2.96778 -0.00208633
237.851 -3.26393 -0.00221383
238.704 -3.55534 -0.00233929
239.586 -3.84195 -0.00246268
240.493 -4.11832 -0.00258167
241.422 -4.38154 -0.00269499
242.37 -4.63433 -0.00280382
243.335 -4.86274 -0.00290215
242.426 -4.56377 -0.00277344
241.646 -4.25747 -0.00264157
240.942 -3.94909 -0.00250881
240.312 -3.63908 -0.00237534
239.756 -3.32826 -0.00224153
239.272 -3.01633 -0.00210724
238.861 -2.70282 -0.00197226
238.519 -2.39103 -0.00183803
238.244 -2.08017 -0.0017042
238.032 -1.77556 -0.00157306
237.877 -1.48007 -0.00144584
237.775 -1.19173 -0.00132171
237.723 -0.910464 -0.00120062
237.713 -0.640901 -0.00108456
237.744 -0.369227 -0.000967604
237.826 -0.0517364 -0.000830917
237.951 0 -0.000676508
238.101 0 -0.000511109
238.278 0 -0.000328409
238.488 0 -0.000117049
238.801 0 0.000154617
239.144 0 0.000465207
239.543 0 0.000788315
239.997 0 0.00112022
240.52 0 0.00146262
241.095 0 0.00180673
241.721 0 0.00215523
242.393 0 0.00250722
243.111 0 0.00286649
243.871 0 0.00323111
244.671 0 0.00359818
245.51 0 0.00396954
246.385 0 0.00434758
247.294 0 0.00472973
248.235 0 0.00511576
249.204 0 0.00550744
250.2 0 0.00590952
251.219 0 0.00632161
252.257 0 0.00675393
253.312 0 0.00720059
252.399 0 0.00689856
251.612 0 0.00658978
250.897 0 0.00627661
250.254 0 0.00596001
249.682 0 0.0056382
249.181 0 0.00530987
248.75 0 0.0049728
248.385 0 0.00462822
248.085 0 0.00427395
247.845 0 0.00391459
247.66 0 0.00355077
247.527 0 0.00318031
247.442 0 0.002807
247.398 0 0.00243661
247.393 0 0.00206722
247.438 0 0.00164187
247.522 0 0.00121774
247.628 0 0.000798535
247.761 0 0.00039033
247.92 0 1.25321e-05
248.176 0 -0.000252576
248.461 0 -0.000456268
248.794 0 -0.000636322
249.184 0 -0.000808251
249.635 -0.3506 -0.000959584
250.144 -0.694567 -0.00110767
250.701 -1.03205 -0.00125296
251.305 -1.36235 -0.00139516
251.953 -1.68745 -0.00153512
252.642 -2.00418 -0.00167149
253.371 -2.31696 -0.00180614
254.136 -2.62648 -0.0019394
254.938 -2.92948 -0.00206985
255.773 -3.22552 -0.0021973
256.639 -3.51799 -0.00232321
257.535 -3.80393 -0.00244631
258.456 -4.07732 -0.00256401
259.401 -4.33846 -0.00267644
260.366 -4.58563 -0.00278285
261.348 -4.81581 -0.00288195
260.441 -4.51448 -0.00275222
259.663 -4.20962 -0.00262097
258.961 -3.90092 -0.00248807
258.334 -3.59087 -0.00235459
257.782 -3.27978 -0.00222066
257.303 -2.96748 -0.0020862
256.896 -2.65375 -0.00195114
256.559 -2.34187 -0.00181687
256.29 -2.031 -0.00168303
256.083 -1.72703 -0.00155217
255.934 -1.43172 -0.00142503
255.838 -1.1437 -0.00130103
255.791 -0.869743 -0.00118309
255.787 -0.604966 -0.00106909
255.824 -0.335453 -0.000953063
255.915 -0.0164478 -0.000815725
256.045 0 -0.000661107
256.198 0 -0.000496711
256.374 0 -0.000314969
256.578 0 -0.000107405
256.881 0 0.000171449
257.217 0 0.000485856
257.606 0 0.000809462
258.054 0 0.00114179
258.573 0 0.00148591
259.145 0 0.00183089
259.767 0 0.00218117
260.437 0 0.00253383
261.152 0 0.00289514
261.91 0 0.00326018
262.708 0 0.00362761
263.545 0 0.00400071
264.419 0 0.0043796
265.327 0 0.00476187
266.267 0 0.0051485
267.237 0 0.00554266
268.233 0 0.00594533
269.253 0 0.00635966
270.292 0 0.00679017
271.35 0 0.00723288
270.439 0 0.00693023
269.652 0 0.00662135
268.939 0 0.00630786
268.299 0 0.00599102
267.73 0 0.00566889
267.232 0 0.0053401
266.804 0 0.00500241
266.443 0 0.00465736
266.146 0 0.00430283
265.91 0 0.00394323
265.73 0 0.00357889
265.601 0 0.00320793
265.519 0 0.00283522
265.48 0 0.00246471
265.479 0 0.00208998
265.53 0 0.00165686
265.617 0 0.001232
265.726 0 0.000810354
265.861 0 0.000400982
266.021 0 1.86922e-05
266.267 0 -0.000246832
266.549 0 -0.000450983
266.881 0 -0.000630851
267.27 0 -0.000802989
267.719 -0.338239 -0.000954263
268.227 -0.682747 -0.00110258
268.784 -1.0194 -0.00124752
269.387 -1.34954 -0.00138965
270.035 -1.67332 -0.00152904
270.723 -1.99021 -0.00166547
271.452 -2.30337 -0.00180029
272.218 -2.61304 -0.00193361
273.02 -2.9141 -0.00206322
273.856 -3.2104 -0.00219079
274.723 -3.50314 -0.00231682
275.62 -3.78681 -0.00243894
276.542 -4.05917 -0.0025562
277.488 -4.32055 -0.00266873
278.455 -4.56401 -0.00277354
279.439 -4.79517 -0.00287307
280.437 -4.99949 -0.00296973
281.442 -4.9464 -0.0030938
282.449 -4.87179 -0.00322437
283.461 -4.79653 -0.00335607
284.476 -4.72303 -0.0034847
283.548 -4.47008 -0.00335377
282.755 -4.2101 -0.00321919
282.033 -3.94746 -0.00308324
281.381 -3.68426 -0.00294701
280.797 -3.42127 -0.00281087
280.28 -3.15773 -0.00267446
279.83 -2.894 -0.00253794
279.443 -2.63043 -0.00240152
279.117 -2.36895 -0.00226616
278.85 -2.10974 -0.00213199
278.636 -1.85674 -0.00200103
278.472 -1.61153 -0.0018741
278.354 -1.37358 -0.00175093
278.278 -1.14021 -0.00163013
278.242 -0.920601 -0.00151646
278.239 -0.709836 -0.00140736
278.269 -0.500666 -0.00129909
278.338 -0.269114 -0.00117923
278.443 -0.0357507 -0.00105844
278.576 0 -0.000929168
278.727 0 -0.000786881
278.902 0 -0.000640101
279.095 0 -0.00047646
279.301 0 -0.000299386
279.523 0 -0.000105456
279.811 0 0.00017457
280.146 0 0.00048959
280.529 0 0.000820045
280.965 0 0.00115918
281.459 0 0.00150957
282.007 0 0.00186172
282.6 0 0.00221865
283.237 0 0.00257909
283.915 0 0.00294664
284.632 0 0.0033169
285.387 0 0.00369217
286.177 0 0.00407195
287.001 0 0.00445563
287.857 0 0.00484507
288.742 0 0.00524187
289.654 0 0.00564555
290.59 0 0.00606085
291.547 0 0.00648596
292.523 0 0.00691911
293.517 0 0.00735995
294.528 0 0.00780679
295.55 0 0.00824798
296.575 0 0.00868676
297.607 0 0.00912763
298.643 0 0.00954919
297.714 0 0.00925432
296.915 0 0.00894558
296.184 0 0.0086347
295.521 0 0.00831891
294.925 0 0.00799857
294.393 0 0.00767117
293.926 0 0.00733514
293.52 0 0.00698946
293.173 0 0.00663531
292.881 0 0.00627206
292.642 0 0.00590356
292.451 0 0.00553062
292.304 0 0.00515253
292.199 0 0.00476626
292.132 0 0.00438471
292.097 0 0.00400308
292.095 0 0.00361363
292.13 0 0.00317153
292.199 0 0.00271243
292.291 0 0.00226009
292.402 0 0.00180776
292.534 0 0.0013532
292.679 0 0.000914485
292.84 0 0.000486842
293.012 0 7.33207e-05
293.223 0 -0.000202971
293.492 0 -0.000412848
293.801 0 -0.000604633
294.157 0 -0.000780701
294.553 0 -0.000952654
294.998 -0.135554 -0.0011101
295.491 -0.421153 -0.00125793
296.026 -0.701928 -0.00140327
296.599 -0.975112 -0.00154467
297.209 -1.24584 -0.00168481
297.855 -1.51388 -0.00182356
298.535 -1.77547 -0.00195896
299.246 -2.03113 -0.0020913
299.988 -2.28444 -0.00222242
300.758 -2.53329 -0.00235123
301.554 -2.77377 -0.00247571
302.374 -3.00644 -0.00259615
303.218 -3.23197 -0.00271289
304.082 -3.44502 -0.00282317
304.966 -3.65403 -0.00293136
305.868 -3.85877 -0.00303734
306.788 -4.06016 -0.00314158
307.724 -4.25795 -0.00324396
308.676 -4.45069 -0.00334373
309.639 -4.63542 -0.00343935
308.724 -4.37909 -0.00330667
307.937 -4.11921 -0.00317215
307.223 -3.85617 -0.00303599
306.58 -3.59247 -0.00289949
306.007 -3.3284 -0.0027628
305.503 -3.06418 -0.00262603
305.066 -2.79973 -0.00248915
304.694 -2.53624 -0.00235276
304.384 -2.27432 -0.00221718
304.132 -2.01414 -0.0020825
303.934 -1.76097 -0.00195146
303.785 -1.51611 -0.00182471
303.683 -1.27741 -0.00170115
303.623 -1.04818 -0.00158249
303.601 -0.830552 -0.00146985
303.612 -0.621384 -0.00136158
303.659 -0.403578 -0.00124883
303.748 -0.166346 -0.00112604
303.869 0 -0.00100372
304.013 0 -0.000867173
304.177 0 -0.000729689
304.361 0 -0.000587978
304.559 0 -0.000431452
304.77 0 -0.000259556
304.994 0 -7.48812e-05
305.256 0 0.000219521
305.579 0 0.000542279
305.945 0 0.000871443
306.361 0 0.00121287
306.82 0 0.00156042
307.33 0 0.00191799
307.891 0 0.00227792
308.494 0 0.00264401
309.138 0 0.00301176
309.822 0 0.00338445
310.542 0 0.00376257
311.297 0 0.00414529
312.085 0 0.00453116
312.905 0 0.00492288
313.754 0 0.00532227
314.631 0 0.00572825
315.533 0 0.00614166
316.457 0 0.00656474
317.404 0 0.00699179
318.372 0 0.00742221
319.358 0 0.00785711
320.364 0 0.00829594
321.386 0 0.00874013
322.424 0 0.00919145
323.475 0 0.00965452
322.555 0 0.00935883
321.76 0 0.00904838
321.036 0 0.00873622
320.38 0 0.00841969
319.792 0 0.00809774
319.27 0 0.00776847
318.813 0 0.00743138
318.418 0 0.00708501
318.082 0 0.00672929
317.803 0 0.00636425
317.576 0 0.00599397
317.396 0 0.00561909
317.261 0 0.00523681
317.168 0 0.00485062
317.111 0 0.00446702
317.088 0 0.00408357
317.098 0 0.00367491
317.148 0 0.00321421
317.228 0 0.0027543
317.329 0 0.00230187
317.45 0 0.00184715
317.59 0 0.00139586
317.743 0 0.00095213
317.909 0 0.000517797
318.086 0 9.34188e-05
318.293 0 -0.000190035
318.562 0 -0.000402148
318.872 0 -0.00059502
319.23 0 -0.000770629
319.629 0 -0.000943676
320.076 -0.11818 -0.0011011
320.574 -0.403821 -0.00124896
321.113 -0.683143 -0.00139354
321.692 -0.9569 -0.00153525
322.309 -1.2279 -0.00167552
322.963 -1.49561 -0.0018141
323.65 -1.75587 -0.00194881
324.37 -2.01197 -0.00208138
325.12 -2.26558 -0.00221266
325.9 -2.51186 -0.00234014
326.706 -2.75109 -0.00246397
327.538 -2.9841 -0.00258458
328.393 -3.20552 -0.0026992
329.269 -3.41916 -0.00280978
330.165 -3.62873 -0.00291826
331.08 -3.83423 -0.00302463
332.013 -4.03632 -0.00312924
332.963 -4.23488 -0.00323202
333.929 -4.42888 -0.00333244
334.908 -4.61563 -0.00342911
333.994 -4.35943 -0.00329649
333.208 -4.09907 -0.00316172
332.495 -3.83596 -0.00302553
331.853 -3.57211 -0.00288895
331.282 -3.30798 -0.00275223
330.779 -3.04365 -0.00261541
330.344 -2.77907 -0.00247845
329.974 -2.51547 -0.00234201
329.666 -2.25158 -0.00220541
329.416 -1.9915 -0.00207079
329.22 -1.73858 -0.00193987
329.074 -1.49391 -0.00181322
328.974 -1.25517 -0.00168964
328.917 -1.02668 -0.00157137
328.896 -0.809665 -0.00145903
328.91 -0.600025 -0.00135052
328.961 -0.382038 -0.00123768
329.053 -0.145121 -0.00111505
329.176 0 -0.000991887
329.322 0 -0.00085416
329.488 0 -0.000716945
329.674 0 -0.000572661
329.873 0 -0.000415796
330.085 0 -0.00024867
330.31 0 -6.76159e-05
330.567 0 0.000227457
330.888 0 0.000553418
331.251 0 0.000881496
331.665 0 0.00122357
332.121 0 0.00157096
332.63 0 0.00192929
333.188 0 0.00228944
333.79 0 0.00265627
334.432 0 0.00302429
335.114 0 0.00339704
335.833 0 0.00377601
336.587 0 0.00415897
337.374 0 0.00454474
338.193 0 0.00493728
339.042 0 0.00533725
339.917 0 0.00574292
340.819 0 0.0061577
341.744 0 0.00658028
342.691 0 0.00700729
343.658 0 0.00743717
344.646 0 0.00787174
345.651 0 0.00831019
346.675 0 0.00875414
347.714 0 0.00920514
348.766 0 0.00966683
347.847 0 0.00936901
347.052 0 0.00906037
346.329 0 0.00874814
345.674 0 0.00843154
345.086 0 0.0081094
344.566 0 0.00778027
344.11 0 0.00744312
343.716 0 0.0070966
343.381 0 0.0067406
343.104 0 0.00637554
342.878 0 0.00600516
342.7 0 0.00563017
342.567 0 0.00524751
342.475 0 0.00486174
342.419 0 0.00447757
342.396 0 0.00409434
342.408 0 0.00368196
342.459 0 0.00322096
342.541 0 0.0027608
342.644 0 0.00230852
342.766 0 0.0018536
342.907 0 0.00140299
343.061 0 0.000960344
343.227 0 0.000525735
343.405 0 9.96348e-05
343.611 0 -0.000188075
343.88 0 -0.000400291
344.19 0 -0.00059347
344.547 0 -0.000768948
344.946 0 -0.000942179
345.394 -0.115187 -0.00109955
345.891 -0.40081 -0.0012474
346.43 -0.679827 -0.00139183
347.009 -0.953675 -0.00153358
347.627 -1.2247 -0.00167387
348.28 -1.49199 -0.00181222
348.968 -1.75231 -0.00194697
349.688 -2.00848 -0.00207958
350.439 -2.26214 -0.00221088
351.219 -2.50793 -0.0023381
352.026 -2.74686 -0.00246178
352.858 -2.97993 -0.00258242
353.714 -3.20051 -0.0026966
354.591 -3.41425 -0.00280724
355.488 -3.62392 -0.00291577
356.404 -3.82957 -0.00302222
357.338 -4.03186 -0.00312694
358.289 -4.23075 -0.00322988
359.256 -4.42535 -0.00333061
360.237 -4.61295 -0.00342772
361.228 -4.69629 -0.00353149
362.217 -4.61749 -0.00366939
363.21 -4.53724 -0.00380984
364.206 -4.45771 -0.00394901
365.205 -4.37991 -0.00408516
364.275 -4.16432 -0.00394993
363.478 -3.94322 -0.00381123
362.748 -3.72046 -0.00367149
362.088 -3.497 -0.00353132
361.493 -3.27073 -0.00338938
360.961 -3.04436 -0.00324739
360.492 -2.81863 -0.00310579
360.084 -2.59358 -0.00296461
359.734 -2.37105 -0.00282502
359.439 -2.15038 -0.0026866
359.195 -1.93421 -0.002551
358.999 -1.72398 -0.00241912
358.847 -1.52051 -0.00229148
358.735 -1.3226 -0.00216734
358.662 -1.12866 -0.00204568
358.624 -0.946614 -0.00193149
358.615 -0.770667 -0.00182112
358.636 -0.597436 -0.00171245
358.688 -0.416551 -0.00159898
358.774 -0.225691 -0.00147926
358.888 -0.0406133 -0.00136316
359.025 0 -0.00124181
359.179 0 -0.00111035
359.351 0 -0.000979014
359.539 0 -0.000849725
359.742 0 -0.000711761
359.955 0 -0.000563375
360.177 0 -0.000406154
360.409 0 -0.000250903
360.65 0 -7.8233e-05
360.919 0 0.000207273
361.246 0 0.00053163
361.613 0 0.00086682
362.027 0 0.00121334
362.479 0 0.0015666
362.979 0 0.00192885
363.525 0 0.00229465
364.112 0 0.00266584
364.737 0 0.00303766
365.398 0 0.00341552
366.094 0 0.00379898
366.824 0 0.00418555
367.584 0 0.00457574
368.374 0 0.00497374
369.192 0 0.00537898
370.035 0 0.00579092
370.902 0 0.00621257
371.792 0 0.00663857
372.702 0 0.00706964
373.632 0 0.00750356
374.58 0 0.00794208
375.545 0 0.00838482
376.526 0 0.00883269
377.523 0 0.00928632
378.533 0 0.00974536
379.555 0 0.0102073
380.578 0 0.0106551
381.604 0 0.011102
382.634 0 0.0115533
383.669 0 0.0119927
382.737 0 0.0116993
381.933 0 0.011393
381.195 0 0.0110853
380.523 0 0.0107717
379.915 0 0.0104529
379.368 0 0.0101267
378.883 0 0.00979163
378.455 0 0.00944656
378.084 0 0.00909285
377.765 0 0.00872827
377.497 0 0.00835649
377.274 0 0.00797943
377.094 0 0.00759787
376.953 0 0.0072103
376.85 0 0.00681466
376.78 0 0.00642622
376.739 0 0.00603569
376.728 0 0.00563813
376.746 0 0.00520707
376.796 0 0.00473952
376.873 0 0.00426906
376.971 0 0.00380294
377.084 0 0.0033398
377.215 0 0.00287279
377.362 0 0.00240163
377.519 0 0.00194481
377.688 0 0.00150083
377.865 0 0.00106124
378.051 0 0.000630793
378.245 0 0.000198527
378.455 0 -0.000163613
378.72 0 -0.000375869
379.018 0 -0.000577537
379.355 0 -0.000765237
379.735 0 -0.000939339
380.15 0 -0.0011121
380.6 0 -0.00127801
381.091 -0.148298 -0.00143071
381.621 -0.380871 -0.0015766
382.187 -0.610641 -0.00172073
382.785 -0.838448 -0.00186363
383.414 -1.06103 -0.00200326
384.073 -1.2797 -0.00214043
384.761 -1.49558 -0.00227585
385.475 -1.70907 -0.00240977
386.214 -1.91501 -0.00253895
386.977 -2.11645 -0.00266531
387.762 -2.31381 -0.00278912
388.568 -2.50177 -0.00290702
389.394 -2.68398 -0.00302132
390.238 -2.86308 -0.00313367
391.1 -3.03937 -0.00324426
391.979 -3.21281 -0.00335305
392.873 -3.38279 -0.00345968
393.782 -3.54953 -0.00356427
394.705 -3.71271 -0.00366663
395.64 -3.87217 -0.00376666
396.587 -4.02776 -0.00386426
397.544 -4.17956 -0.00395948
398.511 -4.32842 -0.00405287
397.589 -4.1101 -0.00391592
396.796 -3.89017 -0.00377795
396.072 -3.66408 -0.00363613
395.417 -3.43676 -0.00349353
394.828 -3.20982 -0.00335117
394.305 -2.98324 -0.00320904
393.845 -2.75708 -0.00306717
393.447 -2.53161 -0.00292574
393.106 -2.30881 -0.00278598
392.821 -2.08815 -0.00264756
392.587 -1.87251 -0.00251229
392.402 -1.6629 -0.00238081
392.259 -1.4598 -0.0022534
392.158 -1.26148 -0.002129
392.096 -1.07034 -0.0020091
392.066 -0.887914 -0.00189466
392.068 -0.713042 -0.00178497
392.1 -0.538597 -0.00167554
392.166 -0.348858 -0.00155652
392.263 -0.160438 -0.00143833
392.387 0 -0.00132184
392.531 0 -0.00119473
392.692 0 -0.00106332
392.872 0 -0.000934657
393.068 0 -0.000806192
393.274 0 -0.000659783
393.491 0 -0.000498722
393.718 0 -0.000329448
393.954 0 -0.000155573
394.198 0 1.61124e-05
394.458 0 0.000237446
394.775 0 0.000567127
395.127 0 0.000900522
395.52 0 0.0012462
395.957 0 0.0015981
396.431 0 0.00195853
396.942 0 0.00232387
397.496 0 0.00269522
398.091 0 0.00307085
398.722 0 0.00344744
399.388 0 0.00382956
400.085 0 0.00421774
400.814 0 0.00460977
401.571 0 0.0050038
402.357 0 0.00540523
403.168 0 0.00581337
404.004 0 0.00622704
404.862 0 0.00664793
405.742 0 0.00707688
406.643 0 0.00750882
407.562 0 0.00794466
408.5 0 0.0083832
409.455 0 0.00882454
410.427 0 0.00927017
411.414 0 0.00972038
412.414 0 0.0101764
413.428 0 0.0106385
414.453 0 0.0111065
415.489 0 0.0115801
416.535 0 0.0120588
415.61 0 0.0117654
414.809 0 0.0114597
414.074 0 0.0111508
413.406 0 0.0108368
412.803 0 0.0105175
412.262 0 0.0101901
411.782 0 0.00985399
411.361 0 0.00950742
410.997 0 0.00915209
410.686 0 0.00878614
410.425 0 0.00841335
410.209 0 0.00803528
410.036 0 0.00765241
409.903 0 0.00726217
409.806 0 0.00686806
409.742 0 0.0064773
409.709 0 0.00608635
409.704 0 0.0056836
409.732 0 0.00523219
409.789 0 0.00476569
409.873 0 0.00429441
409.975 0 0.00382864
410.094 0 0.00336436
410.23 0 0.00289595
410.382 0 0.00242733
410.544 0 0.00197313
410.716 0 0.00153061
410.897 0 0.00110008
411.087 0 0.000669033
411.285 0 0.000236346
411.495 0 -0.00015638
411.761 0 -0.000369036
412.06 0 -0.000571717
412.399 0 -0.000760253
412.781 0 -0.000934073
413.198 0 -0.00110696
413.652 0 -0.00127317
414.146 -0.140499 -0.00142582
414.68 -0.373243 -0.00157182
415.25 -0.603253 -0.0017161
415.853 -0.831198 -0.00185909
416.487 -1.05299 -0.00199822
417.152 -1.27183 -0.00213549
417.845 -1.48794 -0.00227106
418.566 -1.70061 -0.00240446
419.311 -1.90654 -0.00253364
420.081 -2.10748 -0.00265969
420.874 -2.30504 -0.00278362
421.687 -2.49134 -0.00290048
422.521 -2.67375 -0.0030149
423.373 -2.85301 -0.00312735
424.243 -3.0295 -0.00323806
425.13 -3.20312 -0.00334697
426.034 -3.37323 -0.00345368
426.952 -3.54016 -0.0035584
427.884 -3.70353 -0.00366088
428.828 -3.86324 -0.00376106
429.785 -4.01915 -0.00385886
430.752 -4.1712 -0.00395424
431.728 -4.32044 -0.00404786
430.807 -4.10207 -0.00391088
430.014 -3.88206 -0.00377287
429.29 -3.65514 -0.00363052
428.636 -3.4278 -0.00348791
428.047 -3.20081 -0.00334552
427.525 -2.9742 -0.00320337
427.066 -2.748 -0.00306148
426.668 -2.52252 -0.00292004
426.328 -2.29971 -0.00278027
426.044 -2.07905 -0.00264185
425.811 -1.86344 -0.0025066
425.626 -1.65391 -0.00237517
425.485 -1.45086 -0.0022478
425.385 -1.25253 -0.00212338
425.323 -1.06163 -0.00200364
425.294 -0.879205 -0.0018892
425.297 -0.704461 -0.00177959
425.33 -0.530196 -0.00167027
425.398 -0.339542 -0.00155068
425.496 -0.151234 -0.00143255
425.621 0 -0.00131563
425.765 0 -0.00118792
425.927 0 -0.0010566
426.108 0 -0.000928037
426.304 0 -0.000797956
426.512 0 -0.000648991
426.729 0 -0.00048797
426.956 0 -0.000314373
427.192 0 -0.000140392
427.436 0 3.14098e-05
427.695 0 0.000242531
428.01 0 0.000572157
428.361 0 0.000905549
428.753 0 0.00125118
429.189 0 0.00160324
429.662 0 0.0019636
430.172 0 0.00232904
430.725 0 0.00270063
431.319 0 0.00307625
431.949 0 0.0034529
432.614 0 0.00383534
433.311 0 0.00422342
434.039 0 0.0046154
434.796 0 0.00500936
435.581 0 0.00541103
436.391 0 0.00581921
437.227 0 0.00623273
438.085 0 0.00665406
438.965 0 0.00708281
439.865 0 0.00751467
440.785 0 0.00795041
441.723 0 0.00838909
442.678 0 0.00883047
443.65 0 0.0092762
444.637 0 0.00972644
445.638 0 0.0101825
446.652 0 0.0106445
447.677 0 0.0111122
448.713 0 0.0115855
449.76 0 0.0120637
448.835 0 0.0117704
448.034 0 0.0114647
447.3 0 0.0111558
446.632 0 0.0108417
446.029 0 0.0105224
445.488 0 0.010195
445.009 0 0.00985877
444.589 0 0.00951213
444.225 0 0.00915673
443.914 0 0.00879073
443.653 0 0.00841789
443.439 0 0.00803978
443.266 0 0.00765686
443.133 0 0.00726647
443.037 0 0.00687255
442.974 0 0.00648167
442.941 0 0.00609076
442.937 0 0.00568672
442.965 0 0.00523499
443.023 0 0.00476839
443.107 0 0.00429714
443.21 0 0.00383144
443.329 0 0.00336707
443.466 0 0.00289855
443.618 0 0.0024303
443.781 0 0.00197676
443.953 0 0.00153415
444.134 0 0.00110475
444.324 0 0.000673653
444.522 0 0.000240925
444.733 0 -0.000154323
444.998 0 -0.000368309
445.298 0 -0.000571105
445.637 0 -0.000759714
446.019 0 -0.000933496
446.436 0 -0.00110638
446.889 0 -0.00127263
447.383 -0.139604 -0.00142526
447.918 -0.372367 -0.00157127
448.487 -0.602407 -0.00171557
449.09 -0.830364 -0.00185856
449.725 -1.05205 -0.00199763
450.39 -1.2709 -0.00213491
451.084 -1.48705 -0.0022705
451.804 -1.69958 -0.00240382
452.55 -1.90553 -0.00253301
453.32 -2.10641 -0.00265902
454.113 -2.304 -0.00278296
454.927 -2.49008 -0.00289969
455.761 -2.67253 -0.00301414
456.614 -2.85183 -0.00312661
457.484 -3.02836 -0.00323735
458.372 -3.20204 -0.00334629
459.276 -3.3722 -0.00345304
460.194 -3.53921 -0.0035578
461.127 -3.70266 -0.00366033
462.072 -3.86245 -0.00376057
463.029 -4.01845 -0.00385842
463.997 -4.17058 -0.00395385
464.974 -4.31987 -0.0040475
465.958 -4.33817 -0.0041582
466.942 -4.26115 -0.00429299
467.929 -4.18369 -0.00442854
468.919 -4.10903 -0.0045592
469.912 -4.03642 -0.00468627
468.98 -3.84693 -0.00454471
468.178 -3.65364 -0.0044003
467.441 -3.45905 -0.00425493
466.771 -3.26366 -0.00410895
466.164 -3.06882 -0.00396339
465.619 -2.87474 -0.00381838
465.133 -2.68113 -0.00367374
464.706 -2.48847 -0.00352981
464.334 -2.29752 -0.00338714
464.015 -2.10881 -0.00324616
463.745 -1.92275 -0.00310715
463.522 -1.74128 -0.00297158
463.34 -1.56513 -0.00283998
463.198 -1.39416 -0.00271225
463.093 -1.22762 -0.00258782
463.022 -1.065 -0.00246633
462.981 -0.911653 -0.00235177
462.968 -0.76287 -0.00224061
462.982 -0.616486 -0.00213125
463.024 -0.468891 -0.00202098
463.095 -0.309404 -0.00190183
463.191 -0.152904 -0.00178491
463.311 -5.86054e-05 -0.00167072
463.45 0 -0.00154999
463.605 0 -0.00142212
463.774 0 -0.00129642
463.959 0 -0.00117306
464.156 0 -0.00105206
464.366 0 -0.000923339
464.583 0 -0.000774624
464.809 0 -0.000621594
465.042 0 -0.000463339
465.282 0 -0.000298318
465.529 0 -0.000135091
465.783 0 2.67368e-05
466.048 0 0.000227802
466.366 0 0.00056006
466.718 0 0.000897115
467.108 0 0.00124589
467.54 0 0.00160133
468.006 0 0.00196521
468.507 0 0.00233286
469.049 0 0.00270744
469.63 0 0.00308524
470.246 0 0.00346368
470.894 0 0.00384927
471.574 0 0.00423904
472.283 0 0.00463264
473.02 0 0.0050295
473.784 0 0.00543327
474.573 0 0.00584423
475.385 0 0.00626064
476.219 0 0.00668665
477.074 0 0.00711754
477.948 0 0.00755222
478.84 0 0.00799108
479.75 0 0.00843361
480.676 0 0.00887894
481.617 0 0.00932878
482.573 0 0.0097825
483.542 0 0.010241
484.524 0 0.0107044
485.518 0 0.0111721
486.522 0 0.0116438
487.537 0 0.0121227
488.559 0 0.0126025
489.581 0 0.013066
490.606 0 0.0135293
491.636 0 0.0139831
492.669 0 0.0144313
491.735 0 0.0141416
490.926 0 0.0138379
490.182 0 0.013532
489.501 0 0.0132192
488.882 0 0.0129006
488.323 0 0.0125751
487.822 0 0.0122405
487.377 0 0.0118962
486.986 0 0.0115423
486.645 0 0.0111788
486.352 0 0.0108056
486.104 0 0.0104268
485.896 0 0.0100431
485.727 0 0.00965447
485.593 0 0.00925988
485.493 0 0.00885909
485.421 0 0.00846546
485.377 0 0.00806869
485.36 0 0.00766618
485.368 0 0.00724613
485.405 0 0.00678101
485.465 0 0.00630832
485.548 0 0.00583154
485.648 0 0.00535803
485.762 0 0.00488736
485.891 0 0.00441325
486.035 0 0.00393548
486.191 0 0.0034544
486.358 0 0.00299246
486.531 0 0.00254381
486.711 0 0.00210654
486.899 0 0.00166746
487.094 0 0.00122691
487.295 0 0.00078549
487.503 0 0.00034319
487.717 0 -9.98499e-05
487.957 0 -0.000353176
488.249 0 -0.000558936
488.57 0 -0.000754106
488.928 0 -0.000936745
489.325 0 -0.00110835
489.753 0 -0.00128023
490.211 0 -0.00145026
490.701 0 -0.00160867
491.226 -0.119617 -0.00176004
491.785 -0.31536 -0.00190628
492.374 -0.509286 -0.00205116
492.991 -0.697397 -0.0021917
493.635 -0.883775 -0.00233094
494.305 -1.06837 -0.00246885
495 -1.25042 -0.00260486
495.717 -1.4262 -0.00273618
496.456 -1.59861 -0.00286499
497.216 -1.76773 -0.00299134
497.995 -1.93163 -0.00311379
498.793 -2.0883 -0.00323084
499.607 -2.24265 -0.00334615
500.439 -2.39432 -0.00345947
501.286 -2.5435 -0.00357091
502.148 -2.69002 -0.00368038
503.023 -2.83391 -0.00378788
503.912 -2.97496 -0.00389326
504.813 -3.11346 -0.00399673
505.725 -3.24951 -0.00409838
506.649 -3.3833 -0.00419833
507.582 -3.51494 -0.00429668
508.525 -3.6445 -0.00439347
509.477 -3.77241 -0.00448903
510.438 -3.89871 -0.00458339
511.406 -4.01578 -0.00467086
510.481 -3.8245 -0.00452795
509.681 -3.63255 -0.00438454
508.948 -3.43688 -0.00423836
508.282 -3.24131 -0.00409225
507.681 -3.0465 -0.00394671
507.141 -2.85188 -0.0038013
506.663 -2.65802 -0.00365648
506.242 -2.46498 -0.00351226
505.878 -2.27406 -0.00336962
505.566 -2.08517 -0.0032285
505.305 -1.89912 -0.0030895
505.089 -1.71803 -0.00295421
504.916 -1.54206 -0.00282274
504.782 -1.3712 -0.00269509
504.686 -1.20427 -0.00257038
504.623 -1.04375 -0.00245045
504.59 -0.889963 -0.00233556
504.586 -0.741655 -0.00222476
504.609 -0.59422 -0.00211461
504.659 -0.443611 -0.00200209
504.739 -0.283407 -0.0018824
504.845 -0.128018 -0.00176631
504.972 0 -0.00165157
505.118 0 -0.00153013
505.278 0 -0.00140294
505.455 0 -0.0012782
505.646 0 -0.00115583
505.85 0 -0.00103595
506.066 0 -0.000903783
506.287 0 -0.000749141
506.518 0 -0.000589962
506.755 0 -0.000423402
507 0 -0.000258711
507.252 0 -9.5795e-05
507.51 0 6.56147e-05
507.776 0 0.000239177
508.093 0 0.000571073
508.444 0 0.000906442
508.829 0 0.00125366
509.249 0 0.00160884
509.709 0 0.00197014
510.201 0 0.00233819
510.725 0 0.00270945
511.284 0 0.00308679
511.876 0 0.00346804
512.503 0 0.00385126
513.161 0 0.00424028
513.848 0 0.00463442
514.562 0 0.00503235
515.303 0 0.00543183
516.068 0 0.00583781
516.857 0 0.00624986
517.668 0 0.00666739
518.501 0 0.00708959
519.352 0 0.0075214
520.223 0 0.00795754
521.111 0 0.00839656
522.016 0 0.00883944
522.937 0 0.00928576
523.873 0 0.00973509
524.823 0 0.0101883
525.786 0 0.0106452
526.762 0 0.0111064
527.749 0 0.011572
528.748 0 0.0120418
529.757 0 0.0125149
530.775 0 0.0129913
531.803 0 0.0134725
532.839 0 0.0139629
533.882 0 0.0144529
532.949 0 0.0141631
532.142 0 0.0138585
531.399 0 0.0135519
530.721 0 0.0132389
530.106 0 0.0129201
529.55 0 0.0125939
529.052 0 0.0122586
528.611 0 0.0119133
528.224 0 0.0115589
527.888 0 0.0111944
527.599 0 0.0108205
527.356 0 0.010441
527.153 0 0.0100566
526.988 0 0.0096671
526.859 0 0.00927083
526.762 0 0.0088721
526.695 0 0.00847681
526.655 0 0.00807972
526.642 0 0.00767443
526.655 0 0.00724395
526.696 0 0.00677542
526.761 0 0.00630183
526.848 0 0.00582387
526.952 0 0.00534883
527.07 0 0.00487755
527.203 0 0.00440256
527.351 0 0.00392394
527.511 0 0.00344231
527.682 0 0.0029716
527.859 0 0.00251917
528.044 0 0.00207795
528.236 0 0.00163768
528.435 0 0.00119614
528.64 0 0.000753751
528.852 0 0.00031041
529.07 0 -0.000130935
529.33 0 -0.000353688
529.629 0 -0.00056189
529.958 0 -0.000757098
530.324 0 -0.000939368
530.728 0 -0.00111072
531.163 0 -0.0012831
531.629 0 -0.00145358
532.127 0 -0.00161156
532.659 -0.122993 -0.00176256
533.226 -0.318399 -0.00190855
533.822 -0.512456 -0.00205353
534.447 -0.700834 -0.00219426
535.098 -0.886986 -0.00233334
535.775 -1.07126 -0.00247101
536.477 -1.25337 -0.00260706
537.201 -1.42947 -0.00273863
537.948 -1.6021 -0.0028676
538.715 -1.77098 -0.00299377
539.502 -1.93516 -0.00311643
540.306 -2.09112 -0.00323295
541.129 -2.24481 -0.00334777
541.967 -2.39588 -0.00346063
542.821 -2.54454 -0.00357169
543.69 -2.69064 -0.00368085
544.573 -2.83417 -0.00378808
545.469 -2.97494 -0.00389324
546.378 -3.11316 -0.00399651
547.297 -3.24898 -0.00409798
548.228 -3.38256 -0.00419778
549.169 -3.51403 -0.004296
550.119 -3.64346 -0.0043927
551.078 -3.77129 -0.0044882
552.046 -3.89743 -0.00458244
553.022 -4.01445 -0.00466986
552.096 -3.82317 -0.00452696
551.296 -3.63083 -0.00438326
550.564 -3.43556 -0.00423738
549.898 -3.24 -0.00409127
549.296 -3.04518 -0.00394572
548.756 -2.85056 -0.00380033
548.278 -2.65671 -0.0036555
547.857 -2.46367 -0.00351127
547.493 -2.27273 -0.00336863
547.181 -2.08384 -0.00322751
546.919 -1.89777 -0.00308849
546.704 -1.71666 -0.00295319
546.53 -1.54067 -0.0028217
546.397 -1.36979 -0.00269404
546.3 -1.20285 -0.00256932
546.237 -1.04229 -0.00244936
546.204 -0.888507 -0.00233447
546.2 -0.740171 -0.00222365
546.223 -0.592743 -0.00211351
546.273 -0.441317 -0.00200038
546.353 -0.282032 -0.00188138
546.459 -0.126634 -0.00176528
546.586 0 -0.00165044
546.732 0 -0.00152892
546.892 0 -0.00140173
547.068 0 -0.00127699
547.259 0 -0.00115463
547.463 0 -0.00103475
547.679 0 -0.00090216
547.901 0 -0.00074707
548.131 0 -0.000586852
548.368 0 -0.000420239
548.613 0 -0.000255496
548.864 0 -9.2528e-05
549.122 0 6.89555e-05
549.388 0 0.000240843
549.705 0 0.000571315
550.054 0 0.000906641
550.439 0 0.00125384
550.858 0 0.00160887
551.316 0 0.00197005
551.808 0 0.00233812
552.331 0 0.00270917
552.889 0 0.00308649
553.48 0 0.00346774
554.106 0 0.0038509
554.762 0 0.00423956
555.448 0 0.00463364
556.161 0 0.0050315
556.901 0 0.00543101
557.665 0 0.00583646
558.453 0 0.00624817
559.263 0 0.00666602
560.095 0 0.00708785
560.946 0 0.00751983
561.815 0 0.00795611
562.702 0 0.00839523
563.607 0 0.00883816
564.527 0 0.00928442
565.462 0 0.00973368
566.411 0 0.0101867
567.373 0 0.0106435
568.348 0 0.0111046
569.335 0 0.0115701
570.332 0 0.0120397
571.34 0 0.0125126
572.358 0 0.012989
573.385 0 0.0134693
574.42 0 0.0139596
575.463 0 0.0144524
