0.1 6.72674e-18 -0.017166 -3.11423e-20
0.2 -2.99528e-17 -0.0345924 1.3867e-19
0.3 -4.90278e-17 -0.0522916 2.26981e-19
0.4 -1.14622e-16 -0.0702767 5.30658e-19
0.5 -6.98177e-17 -0.088562 3.2323e-19
0.6 -2.53835e-16 -0.107163 1.17516e-18
0.7 -2.39097e-16 -0.126097 1.10693e-18
0.8 -9.07098e-17 -0.145383 4.19953e-19
0.9 -1.81092e-16 -0.165043 8.38387e-19
1 -2.22561e-16 -0.185121 1.03037e-18
0.005 -6.71212e-07 -0.185121 2.3306e-09
0.01 -3.35507e-06 -0.185121 1.16496e-08
0.015 -8.72055e-06 -0.185121 3.02797e-08
0.02 -1.67661e-05 -0.185121 5.82156e-08
0.025 -2.74926e-05 -0.185121 9.54606e-08
0.03 -4.09037e-05 -0.185121 1.42027e-07
0.035 -5.70037e-05 -0.185121 1.97929e-07
0.04 -7.57957e-05 -0.185121 2.6318e-07
0.045 -9.728e-05 -0.185121 3.37778e-07
0.05 -0.000121451 -0.185121 4.21705e-07
0.055 -0.0001483 -0.185121 5.14929e-07
0.06 -0.000177818 -0.185121 6.17423e-07
0.065 -0.000210011 -0.185122 7.29205e-07
0.07 -0.000244902 -0.185122 8.50352e-07
0.075 -0.000282527 -0.185122 9.80995e-07
0.08 -0.000322934 -0.185122 1.1213e-06
0.085 -0.000366175 -0.185122 1.27144e-06
0.09 -0.000412292 -0.185122 1.43157e-06
0.095 -0.000461308 -0.185122 1.60176e-06
0.1 -0.000513209 -0.185122 1.78197e-06
0.105 -0.000567972 -0.185122 1.97212e-06
0.11 -0.000625587 -0.185123 2.17217e-06
0.115 -0.000686099 -0.185123 2.38229e-06
0.12 -0.00074964 -0.185123 2.60291e-06
0.125 -0.000816428 -0.185123 2.83481e-06
0.13 -0.000886716 -0.185123 3.07887e-06
0.135 -0.00096072 -0.185123 3.33582e-06
0.14 -0.00103857 -0.185124 3.60613e-06
0.145 -0.00112029 -0.185124 3.88989e-06
0.15 -0.00120589 -0.185124 4.18709e-06
0.155 -0.00129535 -0.185124 4.49773e-06
0.16 -0.00138876 -0.185124 4.82207e-06
0.165 -0.00148628 -0.185125 5.16067e-06
0.17 -0.00158818 -0.185125 5.51448e-06
0.175 -0.00169479 -0.185125 5.88467e-06
0.18 -0.00180646 -0.185126 6.2724e-06
0.185 -0.0019235 -0.185126 6.67877e-06
0.19 -0.00204619 -0.185126 7.1048e-06
0.195 -0.00217488 -0.185126 7.55162e-06
0.2 -0.00230998 -0.185127 8.0207e-06
0.205 -0.00245209 -0.185127 8.51413e-06
0.21 -0.00260221 -0.185128 9.03538e-06
0.215 -0.0027618 -0.185128 9.5895e-06
0.22 -0.00293252 -0.185128 1.01823e-05
0.225 -0.00311583 -0.185129 1.08188e-05
0.23 -0.00331255 -0.185129 1.15018e-05
0.235 -0.00352263 -0.18513 1.22312e-05
0.24 -0.00374508 -0.18513 1.30036e-05
0.245 -0.00397834 -0.185131 1.38135e-05
0.25 -0.00422071 -0.185132 1.46551e-05
0.255 -0.0044709 -0.185132 1.55238e-05
0.26 -0.00472845 -0.185133 1.6418e-05
0.265 -0.00499374 -0.185134 1.73391e-05
0.27 -0.00526783 -0.185134 1.82908e-05
0.275 -0.00555207 -0.185135 1.92777e-05
0.28 -0.00584781 -0.185136 2.03045e-05
0.285 -0.00615615 -0.185136 2.13752e-05
0.29 -0.00647799 -0.185137 2.24926e-05
0.295 -0.00681408 -0.185138 2.36595e-05
0.3 -0.00716522 -0.185139 2.48787e-05
0.305 -0.00753239 -0.18514 2.61536e-05
0.31 -0.00791677 -0.185141 2.74882e-05
0.315 -0.00831989 -0.185142 2.88878e-05
0.32 -0.00874345 -0.185143 3.03584e-05
0.325 -0.00918906 -0.185144 3.19056e-05
0.33 -0.009658 -0.185145 3.35338e-05
0.335 -0.0101512 -0.185146 3.52461e-05
0.34 -0.0106691 -0.185148 3.70442e-05
0.345 -0.011212 -0.185149 3.89292e-05
0.35 -0.0117802 -0.185151 4.0902e-05
0.355 -0.0123737 -0.185152 4.29628e-05
0.36 -0.0129925 -0.185154 4.51111e-05
0.365 -0.0136359 -0.185155 4.73451e-05
0.37 -0.0143034 -0.185157 4.96626e-05
0.375 -0.0149944 -0.185159 5.20618e-05
0.38 -0.0157087 -0.18516 5.45416e-05
0.385 -0.0164459 -0.185162 5.71012e-05
0.39 -0.0172051 -0.185164 5.97368e-05
0.395 -0.0179835 -0.185166 6.24394e-05
0.4 -0.0187763 -0.185168 6.51918e-05
0.405 -0.0195757 -0.18517 6.79672e-05
0.41 -0.0203716 -0.185172 7.07304e-05
0.415 -0.0211519 -0.185174 7.34394e-05
0.42 -0.0219037 -0.185176 7.60497e-05
0.425 -0.022615 -0.185178 7.85191e-05
0.43 -0.0232764 -0.18518 8.08153e-05
0.435 -0.0238835 -0.185181 8.29231e-05
0.44 -0.0244379 -0.185182 8.48478e-05
0.445 -0.0249473 -0.185184 8.66162e-05
0.45 -0.0254246 -0.185185 8.82732e-05
0.455 -0.0258864 -0.185186 8.98766e-05
0.46 -0.0263511 -0.185187 9.14899e-05
0.465 -0.0268359 -0.185189 9.31727e-05
0.47 -0.0273536 -0.18519 9.497e-05
0.475 -0.0279105 -0.185191 9.69034e-05
0.48 -0.0285057 -0.185193 9.89696e-05
0.485 -0.0291317 -0.185194 0.000101143
0.49 -0.0297769 -0.185196 0.000103383
0.495 -0.0304272 -0.185198 0.00010564
0.5 -0.0310678 -0.185199 0.000107864
0.505 -0.0316833 -0.185201 0.000110001
0.51 -0.0322574 -0.185202 0.000111994
0.515 -0.0327722 -0.185204 0.000113781
0.52 -0.0332073 -0.185205 0.000115292
0.525 -0.0335416 -0.185206 0.000116452
0.53 -0.0337558 -0.185206 0.000117196
0.535 -0.0338366 -0.185206 0.000117476
0.54 -0.0337796 -0.185206 0.000117278
0.545 -0.0335897 -0.185206 0.000116619
0.55 -0.0332807 -0.185206 0.000115546
0.555 -0.0328717 -0.185206 0.000114126
0.56 -0.0323844 -0.185206 0.000112434
0.565 -0.0318399 -0.185206 0.000110543
0.57 -0.0312553 -0.185206 0.000108513
0.575 -0.0306409 -0.185206 0.00010638
0.58 -0.0300002 -0.185206 0.000104156
0.585 -0.029333 -0.185206 0.000101839
0.59 -0.0286394 -0.185206 9.94306e-05
0.595 -0.0279242 -0.185206 9.69471e-05
0.6 -0.0271985 -0.185206 9.44273e-05
0.605 -0.0264795 -0.185206 9.19309e-05
0.61 -0.0257867 -0.185206 8.95253e-05
0.615 -0.0251367 -0.185206 8.72683e-05
0.62 -0.0245404 -0.185206 8.51978e-05
0.625 -0.0240026 -0.185206 8.33305e-05
0.63 -0.0235221 -0.185206 8.16621e-05
0.635 -0.0230912 -0.185206 8.01658e-05
0.64 -0.0226956 -0.185206 7.87923e-05
0.645 -0.022315 -0.185206 7.74706e-05
0.65 -0.0219228 -0.185206 7.6109e-05
0.655 -0.0214873 -0.185206 7.45968e-05
0.66 -0.0209726 -0.185206 7.28098e-05
0.665 -0.020343 -0.185206 7.06236e-05
0.67 -0.0195696 -0.185206 6.79382e-05
0.675 -0.0186373 -0.185206 6.47008e-05
0.68 -0.0175476 -0.185206 6.09172e-05
0.685 -0.016319 -0.185206 5.66513e-05
0.69 -0.0149837 -0.185206 5.20148e-05
0.695 -0.0135836 -0.185206 4.71535e-05
0.7 -0.0121661 -0.185206 4.22314e-05
0.705 -0.0107792 -0.185206 3.74158e-05
0.71 -0.00946759 -0.185206 3.28617e-05
0.715 -0.00826838 -0.185206 2.86978e-05
0.72 -0.00720736 -0.185206 2.50137e-05
0.725 -0.00629916 -0.185207 2.18602e-05
0.73 -0.00555176 -0.185207 1.92651e-05
0.735 -0.0049707 -0.185207 1.72475e-05
0.74 -0.00455901 -0.185207 1.5818e-05
0.745 -0.00431385 -0.185207 1.49668e-05
0.75 -0.00422261 -0.185207 1.465e-05
0.755 -0.00426004 -0.185207 1.47799e-05
0.76 -0.00438842 -0.185207 1.52257e-05
0.765 -0.00456079 -0.185207 1.58242e-05
0.77 -0.00472534 -0.185207 1.63956e-05
0.775 -0.00482962 -0.185207 1.67577e-05
0.78 -0.00482483 -0.185207 1.6741e-05
0.785 -0.00467043 -0.185207 1.62049e-05
0.79 -0.00433862 -0.185207 1.50528e-05
0.795 -0.00381703 -0.185207 1.32417e-05
0.8 -0.00310809 -0.185207 1.07801e-05
0.805 -0.00222493 -0.185208 7.71365e-06
0.81 -0.00118608 -0.185209 4.1066e-06
0.815 -1.12613e-05 -0.185212 2.73695e-08
0.82 0.00128042 -0.185215 -4.45769e-06
0.825 0.00267051 -0.185219 -9.2844e-06
0.83 0.00414088 -0.185223 -1.43898e-05
0.835 0.00567349 -0.185227 -1.97113e-05
0.84 0.00725038 -0.185231 -2.51865e-05
0.845 0.00885435 -0.185235 -3.07557e-05
0.85 0.0104704 -0.185239 -3.63668e-05
0.855 0.0120875 -0.185243 -4.19813e-05
0.86 0.0136998 -0.185247 -4.75795e-05
0.865 0.0153089 -0.185251 -5.31661e-05
0.87 0.0169229 -0.185255 -5.87698e-05
0.875 0.0185539 -0.185259 -6.44327e-05
0.88 0.0202122 -0.185263 -7.01903e-05
0.885 0.0219004 -0.185267 -7.60514e-05
0.89 0.0236088 -0.185272 -8.19829e-05
0.895 0.0253133 -0.185276 -8.79007e-05
0.9 0.0269773 -0.18528 -9.36779e-05
0.905 0.0285619 -0.185284 -9.91795e-05
0.91 0.0300407 -0.185287 -0.000104313
0.915 0.0314113 -0.185291 -0.000109072
0.92 0.0327024 -0.185294 -0.000113554
0.925 0.0339716 -0.185297 -0.000117961
0.93 0.0352949 -0.1853 -0.000122555
0.935 0.0367463 -0.185304 -0.000127593
0.94 0.038377 -0.185308 -0.000133255
0.945 0.0402029 -0.185313 -0.000139594
0.95 0.0422016 -0.185318 -0.000146533
0.955 0.0443172 -0.185323 -0.000153877
0.96 0.0464708 -0.185328 -0.000161354
0.965 0.0485708 -0.185333 -0.000168644
0.97 0.0505242 -0.185338 -0.000175425
0.975 0.0522465 -0.185342 -0.000181404
0.98 0.0536683 -0.185346 -0.00018634
0.985 0.054737 -0.185349 -0.00019005
0.99 0.0554131 -0.18535 -0.000192397
0.995 0.0556645 -0.185351 -0.000193269
1 0.0554622 -0.185351 -0.000192567
1.005 0.0547801 -0.18535 -0.000190199
1.01 0.0535987 -0.18535 -0.000186097
1.015 0.0519097 -0.18535 -0.000180232
1.02 0.049714 -0.185351 -0.000172608
1.025 0.0470157 -0.185351 -0.000163239
1.03 0.0438194 -0.185351 -0.000152141
1.035 0.040134 -0.185351 -0.000139344
1.04 0.0359775 -0.185351 -0.000124912
1.045 0.0313794 -0.185351 -0.000108946
1.05 0.026381 -0.185351 -9.15907e-05
1.055 0.0210327 -0.185351 -7.302e-05
1.06 0.0153877 -0.185351 -5.34192e-05
1.065 0.00949597 -0.185351 -3.2962e-05
1.07 0.00340097 -0.185351 -1.17987e-05
1.075 -0.00285888 -0.185351 9.93685e-06
1.08 -0.00924506 -0.185351 3.21111e-05
1.085 -0.015714 -0.185351 5.45726e-05
1.09 -0.0222124 -0.185351 7.71365e-05
1.095 -0.0286751 -0.185352 9.95753e-05
1.1 -0.0350274 -0.185356 0.00012163
1.105 -0.0411916 -0.185369 0.000143031
1.11 -0.047096 -0.185386 0.000163529
1.115 -0.0526843 -0.185402 0.000182929
1.12 -0.0579226 -0.185416 0.000201114
1.125 -0.0628022 -0.18543 0.000218053
1.13 -0.0673369 -0.185442 0.000233794
1.135 -0.071559 -0.185454 0.00024845
1.14 -0.0755109 -0.185464 0.000262168
1.145 -0.0792331 -0.185474 0.000275088
1.15 -0.0827488 -0.185483 0.000287292
1.155 -0.0860505 -0.185492 0.000298752
1.16 -0.0890939 -0.1855 0.000309315
1.165 -0.0918022 -0.185507 0.000318716
1.17 -0.0940783 -0.185513 0.000326616
1.175 -0.0958198 -0.185518 0.00033266
1.18 -0.0969354 -0.185521 0.000336532
1.185 -0.0973604 -0.185522 0.000338007
1.19 -0.0970663 -0.185521 0.000336986
1.195 -0.0960609 -0.185521 0.000333496
1.2 -0.0943807 -0.185521 0.000327661
1.205 -0.0920768 -0.185521 0.000319661
1.21 -0.0891974 -0.185521 0.000309663
1.215 -0.0857731 -0.185522 0.000297773
1.22 -0.0818119 -0.185522 0.000284019
1.225 -0.0773117 -0.185522 0.000268393
1.23 -0.072285 -0.185522 0.000250939
1.235 -0.0667815 -0.185522 0.00023183
1.24 -0.0608964 -0.185522 0.000211395
1.245 -0.0547584 -0.185522 0.000190083
1.25 -0.0485067 -0.185522 0.000168375
1.255 -0.04227 -0.185522 0.00014672
1.26 -0.0361535 -0.185522 0.000125482
1.265 -0.0302336 -0.185522 0.000104927
1.27 -0.0245595 -0.185522 8.52251e-05
1.275 -0.0191606 -0.185522 6.64791e-05
1.28 -0.0140553 -0.185522 4.87523e-05
1.285 -0.00925668 -0.185522 3.20904e-05
1.29 -0.00477513 -0.185522 1.65295e-05
1.295 -0.000615607 -0.185522 2.08666e-06
1.3 0.00323209 -0.185522 -1.12734e-05
1.305 0.00680864 -0.185522 -2.3692e-05
1.31 0.0101957 -0.185522 -3.54525e-05
1.315 0.0135121 -0.185522 -4.6968e-05
1.32 0.016896 -0.185522 -5.87176e-05
1.325 0.0204762 -0.185522 -7.11487e-05
1.33 0.0243423 -0.185522 -8.45727e-05
1.335 0.0285215 -0.185522 -9.9084e-05
1.34 0.0329665 -0.185522 -0.000114518
1.345 0.0375576 -0.185522 -0.000130459
1.35 0.042124 -0.185523 -0.000146315
1.355 0.0464769 -0.185523 -0.000161429
1.36 0.0504458 -0.185524 -0.00017521
1.365 0.0539062 -0.185527 -0.000187224
1.37 0.0567877 -0.185533 -0.000197228
1.375 0.0590654 -0.18554 -0.000205135
1.38 0.0607474 -0.185546 -0.000210973
1.385 0.0618673 -0.185549 -0.000214861
1.39 0.0624754 -0.185551 -0.000216972
1.395 0.062626 -0.185552 -0.000217494
1.4 0.0623672 -0.185552 -0.000216596
1.405 0.0617413 -0.185552 -0.000214423
1.41 0.0607962 -0.185553 -0.00021114
1.415 0.059599 -0.185553 -0.000206983
1.42 0.0582473 -0.185553 -0.000202289
1.425 0.0568714 -0.185553 -0.000197511
1.43 0.0556228 -0.185554 -0.000193176
1.435 0.0546555 -0.185554 -0.000189817
1.44 0.0541056 -0.185554 -0.000187907
1.445 0.0540766 -0.185554 -0.000187806
1.45 0.0546332 -0.185554 -0.000189739
1.455 0.0558016 -0.185554 -0.000193796
1.46 0.057575 -0.185554 -0.000199953
1.465 0.0599174 -0.185554 -0.000208086
1.47 0.062766 -0.185554 -0.000217978
1.475 0.0660276 -0.185559 -0.000229301
1.48 0.0695728 -0.185569 -0.000241608
1.485 0.0732382 -0.185579 -0.000254331
1.49 0.0768416 -0.185588 -0.000266839
1.495 0.0802109 -0.185597 -0.000278535
1.5 0.0832209 -0.185605 -0.000288983
1.505 0.0858244 -0.185612 -0.000298019
1.51 0.0880683 -0.185617 -0.000305808
1.515 0.0900857 -0.185623 -0.00031281
1.52 0.092069 -0.185628 -0.000319694
1.525 0.0942342 -0.185633 -0.000327209
1.53 0.0967892 -0.18564 -0.000336077
1.535 0.0999121 -0.185648 -0.000346916
1.54 0.103736 -0.185658 -0.000360187
1.545 0.108337 -0.185669 -0.000376158
1.55 0.113736 -0.185683 -0.000394897
1.555 0.119905 -0.185699 -0.000416304
1.56 0.12678 -0.185716 -0.000440167
1.565 0.134287 -0.185735 -0.000466217
1.57 0.142341 -0.185756 -0.000494166
1.575 0.15085 -0.185778 -0.000523695
1.58 0.1597 -0.1858 -0.000554407
1.585 0.168742 -0.185824 -0.000585781
1.59 0.177786 -0.185847 -0.000617163
1.595 0.186612 -0.18587 -0.000647786
1.6 0.194986 -0.185891 -0.000676838
1.605 0.202684 -0.185912 -0.000703541
1.61 0.209508 -0.185929 -0.00072721
1.615 0.215294 -0.185945 -0.000747277
1.62 0.219911 -0.185957 -0.000763286
1.625 0.223253 -0.185966 -0.000774868
1.63 0.22523 -0.185971 -0.000781722
1.635 0.225772 -0.185972 -0.000783598
1.64 0.22483 -0.18597 -0.000780333
1.645 0.222396 -0.185969 -0.000771884
1.65 0.218515 -0.185969 -0.000758405
1.655 0.213292 -0.18597 -0.000740268
1.66 0.206886 -0.18597 -0.000718022
1.665 0.199489 -0.185971 -0.000692336
1.67 0.191311 -0.185971 -0.000663939
1.675 0.182566 -0.185971 -0.000633573
1.68 0.173463 -0.185972 -0.000601966
1.685 0.164204 -0.185972 -0.000569815
1.69 0.154975 -0.185972 -0.000537771
1.695 0.145942 -0.185972 -0.000506405
1.7 0.137228 -0.185972 -0.000476148
1.705 0.128899 -0.185972 -0.000447228
1.71 0.120958 -0.185972 -0.000419655
1.715 0.113357 -0.185972 -0.000393264
1.72 0.106032 -0.185972 -0.000367827
1.725 0.0989245 -0.185972 -0.000343149
1.73 0.0919965 -0.185972 -0.000319093
1.735 0.0852175 -0.185972 -0.000295555
1.74 0.0785599 -0.185972 -0.000272438
1.745 0.072 -0.185973 -0.000249661
1.75 0.0655244 -0.185973 -0.000227176
1.755 0.0591292 -0.185973 -0.000204971
1.76 0.0528084 -0.185973 -0.000183023
1.765 0.0465403 -0.185973 -0.000161259
1.77 0.0402777 -0.185973 -0.000139514
1.775 0.0339483 -0.185973 -0.000117537
1.78 0.0274734 -0.185973 -9.50549e-05
1.785 0.0207995 -0.185973 -7.18815e-05
1.79 0.01393 -0.185973 -4.8029e-05
1.795 0.00694227 -0.185973 -2.37661e-05
1.8 -1.97215e-05 -0.185973 4.07466e-07
1.805 -0.00677462 -0.185973 2.38619e-05
1.81 -0.0131427 -0.185973 4.59733e-05
1.815 -0.0189734 -0.185973 6.62188e-05
1.82 -0.024151 -0.185973 8.41967e-05
1.825 -0.0285916 -0.185973 9.96154e-05
1.83 -0.0322444 -0.185973 0.000112299
1.835 -0.0351011 -0.185973 0.000122218
1.84 -0.0372089 -0.185973 0.000129536
1.845 -0.0386802 -0.185973 0.000134645
1.85 -0.0396847 -0.185973 0.000138133
1.855 -0.0404228 -0.185973 0.000140696
1.86 -0.0410895 -0.185973 0.000143011
1.865 -0.0418421 -0.185973 0.000145624
1.87 -0.0427882 -0.185973 0.000148909
1.875 -0.0439935 -0.185973 0.000153094
1.88 -0.0454914 -0.185973 0.000158295
1.885 -0.047287 -0.185973 0.00016453
1.89 -0.0493609 -0.185973 0.000171731
1.895 -0.0516732 -0.185974 0.00017976
1.9 -0.0541745 -0.185974 0.000188445
1.905 -0.0568226 -0.185974 0.000197639
1.91 -0.0595989 -0.185974 0.000207279
1.915 -0.0625113 -0.185974 0.000217392
1.92 -0.0655796 -0.185975 0.000228045
1.925 -0.0688157 -0.185975 0.000239282
1.93 -0.0722179 -0.185976 0.000251095
1.935 -0.0757844 -0.185977 0.000263477
1.94 -0.0795427 -0.185979 0.000276526
1.945 -0.0835806 -0.185982 0.000290546
1.95 -0.0880565 -0.185987 0.000306087
1.955 -0.0931784 -0.185996 0.000323878
1.96 -0.0991616 -0.18601 0.000344654
1.965 -0.106187 -0.18603 0.000369034
1.97 -0.11438 -0.186051 0.000397468
1.975 -0.123816 -0.186076 0.000430214
1.98 -0.134525 -0.186104 0.000467375
1.985 -0.146496 -0.186135 0.000508913
1.99 -0.15968 -0.18617 0.000554661
1.995 -0.17401 -0.186207 0.000604375
2 -0.189413 -0.186247 0.000657808
2.005 -0.20584 -0.186291 0.000714778
2.01 -0.22326 -0.186337 0.000775176
2.015 -0.241655 -0.186386 0.000838924
2.02 -0.260986 -0.186439 0.000905882
2.025 -0.281174 -0.186495 0.00097577
2.03 -0.302085 -0.186554 0.00104812
2.035 -0.323522 -0.186615 0.00112225
2.04 -0.345241 -0.186679 0.00119732
2.045 -0.366963 -0.186743 0.00127239
2.05 -0.388391 -0.186807 0.00134642
2.055 -0.40923 -0.186871 0.00141841
2.06 -0.429218 -0.186932 0.00148747
2.065 -0.448172 -0.186991 0.00155296
2.07 -0.46602 -0.187047 0.00161463
2.075 -0.482799 -0.187101 0.00167262
2.08 -0.498608 -0.187151 0.00172725
2.085 -0.51354 -0.187199 0.00177886
2.09 -0.527636 -0.187245 0.00182758
2.095 -0.540872 -0.187289 0.00187333
2.1 -0.553191 -0.187329 0.00191591
2.105 -0.564544 -0.187367 0.00195515
2.11 -0.574931 -0.187401 0.00199105
2.115 -0.58441 -0.187433 0.0020238
2.12 -0.593087 -0.187462 0.00205379
2.125 -0.601101 -0.187489 0.00208149
2.13 -0.608591 -0.187514 0.00210738
2.135 -0.615692 -0.187539 0.00213191
2.14 -0.622518 -0.187562 0.00215551
2.145 -0.629172 -0.187584 0.0021785
2.15 -0.635734 -0.187607 0.00220117
2.155 -0.642253 -0.187629 0.0022237
2.16 -0.648724 -0.187651 0.00224606
2.165 -0.655065 -0.187673 0.00226797
2.17 -0.661127 -0.187693 0.00228892
2.175 -0.66673 -0.187713 0.00230828
2.18 -0.671722 -0.18773 0.00232553
2.185 -0.676011 -0.187745 0.00234035
2.19 -0.679569 -0.187757 0.00235264
2.195 -0.68241 -0.187767 0.00236245
2.2 -0.684548 -0.187774 0.00236984
2.205 -0.685984 -0.187779 0.0023748
2.21 -0.686692 -0.187782 0.00237725
2.215 -0.68663 -0.187781 0.00237704
2.22 -0.685762 -0.187781 0.00237402
2.225 -0.68407 -0.187781 0.00236815
2.23 -0.681556 -0.187781 0.00235942
2.235 -0.678223 -0.187781 0.00234784
2.24 -0.674081 -0.187781 0.00233346
2.245 -0.669154 -0.187781 0.00231636
2.25 -0.663506 -0.187781 0.00229674
2.255 -0.657253 -0.187782 0.00227503
2.26 -0.650569 -0.187782 0.00225182
2.265 -0.643651 -0.187782 0.0022278
2.27 -0.636678 -0.187782 0.00220359
2.275 -0.629766 -0.187782 0.00217959
2.28 -0.622954 -0.187782 0.00215594
2.285 -0.616228 -0.187782 0.00213258
2.29 -0.609553 -0.187782 0.0021094
2.295 -0.602901 -0.187782 0.00208631
2.3 -0.596256 -0.187782 0.00206323
2.305 -0.589601 -0.187782 0.00204013
2.31 -0.5829 -0.187782 0.00201686
2.315 -0.576085 -0.187782 0.0019932
2.32 -0.569063 -0.187782 0.00196881
2.325 -0.561723 -0.187782 0.00194333
2.33 -0.553952 -0.187782 0.00191634
2.335 -0.545624 -0.187782 0.00188743
2.34 -0.536585 -0.187782 0.00185604
2.345 -0.526632 -0.187782 0.00182148
2.35 -0.515513 -0.187782 0.00178288
2.355 -0.502964 -0.187782 0.0017393
2.36 -0.488755 -0.187782 0.00168997
2.365 -0.472727 -0.187782 0.00163432
2.37 -0.454809 -0.187782 0.0015721
2.375 -0.435012 -0.187782 0.00150336
2.38 -0.413426 -0.187782 0.00142841
2.385 -0.390218 -0.187782 0.00134782
2.39 -0.365622 -0.187782 0.00126242
2.395 -0.339916 -0.187782 0.00117316
2.4 -0.313383 -0.187782 0.00108104
2.405 -0.286276 -0.187782 0.000986914
2.41 -0.258778 -0.187782 0.000891435
2.415 -0.230995 -0.187782 0.000794967
2.42 -0.202975 -0.187782 0.000697674
2.425 -0.174728 -0.187782 0.000599596
2.43 -0.146241 -0.187783 0.000500683
2.435 -0.117477 -0.187783 0.000400807
2.44 -0.0883759 -0.187783 0.000299763
2.445 -0.0588603 -0.187783 0.000197278
2.45 -0.028837 -0.187784 9.30314e-05
2.455 0.00179081 -0.187784 -1.33132e-05
2.46 0.0331081 -0.187785 -0.00012205
2.465 0.0651686 -0.187787 -0.000233364
2.47 0.0979837 -0.187789 -0.000347292
2.475 0.131522 -0.187794 -0.000463719
2.48 0.165715 -0.187807 -0.000582397
2.485 0.200469 -0.187841 -0.000702991
2.49 0.235669 -0.18792 -0.000825018
2.495 0.271172 -0.188031 -0.00094795
2.5 0.306806 -0.188143 -0.00107124
2.505 0.342365 -0.188256 -0.0011942
2.51 0.377626 -0.188369 -0.00131608
2.515 0.412367 -0.188482 -0.00143614
2.52 0.446385 -0.188593 -0.00155369
2.525 0.479508 -0.188703 -0.00166815
2.53 0.511597 -0.18881 -0.00177904
2.535 0.542534 -0.188915 -0.00188594
2.54 0.572213 -0.189017 -0.0019885
2.545 0.600536 -0.189115 -0.00208637
2.55 0.627414 -0.189208 -0.00217924
2.555 0.652775 -0.189297 -0.00226686
2.56 0.676576 -0.189381 -0.00234908
2.565 0.698793 -0.189459 -0.00242582
2.57 0.719429 -0.189533 -0.0024971
2.575 0.738516 -0.189601 -0.00256302
2.58 0.756129 -0.189664 -0.00262384
2.585 0.772392 -0.189723 -0.00268
2.59 0.787475 -0.189777 -0.00273208
2.595 0.80158 -0.189828 -0.00278078
2.6 0.814915 -0.189877 -0.00282682
2.605 0.827662 -0.189923 -0.00287083
2.61 0.839938 -0.189968 -0.0029132
2.615 0.851778 -0.190011 -0.00295407
2.62 0.863138 -0.190052 -0.00299329
2.625 0.873919 -0.190092 -0.0030305
2.63 0.883986 -0.190129 -0.00306525
2.635 0.893196 -0.190163 -0.00309704
2.64 0.901399 -0.190193 -0.00312535
2.645 0.908443 -0.190219 -0.00314966
2.65 0.914167 -0.190241 -0.00316941
2.655 0.918401 -0.190256 -0.00318402
2.66 0.920973 -0.190266 -0.0031929
2.665 0.921719 -0.190269 -0.00319547
2.67 0.920498 -0.190265 -0.00319125
2.675 0.917204 -0.190262 -0.00317984
2.68 0.911795 -0.190263 -0.00316104
2.685 0.904313 -0.190264 -0.00313506
2.69 0.894927 -0.190265 -0.00310246
2.695 0.88394 -0.190266 -0.00306431
2.7 0.871776 -0.190267 -0.00302207
2.705 0.858936 -0.190267 -0.00297748
2.71 0.845932 -0.190267 -0.00293233
2.715 0.833223 -0.190268 -0.0028882
2.72 0.821168 -0.190268 -0.00284634
2.725 0.810012 -0.190268 -0.0028076
2.73 0.79988 -0.190268 -0.00277242
2.735 0.790784 -0.190268 -0.00274083
2.74 0.782638 -0.190269 -0.00271255
2.745 0.775282 -0.190269 -0.00268701
2.75 0.768515 -0.190269 -0.00266351
2.755 0.76213 -0.190269 -0.00264134
2.76 0.755953 -0.190269 -0.00261989
2.765 0.749858 -0.190269 -0.00259873
2.77 0.743775 -0.190269 -0.00257761
2.775 0.737678 -0.190269 -0.00255644
2.78 0.731578 -0.190269 -0.00253526
2.785 0.72551 -0.190269 -0.00251418
2.79 0.719521 -0.190269 -0.00249339
2.795 0.713671 -0.190269 -0.00247308
2.8 0.708023 -0.190269 -0.00245347
2.805 0.702647 -0.190269 -0.0024348
2.81 0.697614 -0.190269 -0.00241733
2.815 0.693007 -0.190269 -0.00240133
2.82 0.68892 -0.190269 -0.00238714
2.825 0.68547 -0.190269 -0.00237516
2.83 0.682803 -0.190269 -0.0023659
2.835 0.681085 -0.190269 -0.00235993
2.84 0.680497 -0.190269 -0.00235789
2.845 0.681216 -0.190269 -0.00236039
2.85 0.683413 -0.190269 -0.00236802
2.855 0.687247 -0.190269 -0.00238133
2.86 0.692865 -0.190269 -0.00240084
2.865 0.700402 -0.190269 -0.002427
2.87 0.709956 -0.190269 -0.00246018
2.875 0.721585 -0.190269 -0.00250056
2.88 0.735311 -0.190269 -0.00254822
2.885 0.751147 -0.190269 -0.0026032
2.89 0.769119 -0.190269 -0.00266561
2.895 0.789291 -0.190269 -0.00273565
2.9 0.811767 -0.190269 -0.00281369
2.905 0.836675 -0.190269 -0.00290018
2.91 0.864137 -0.190269 -0.00299553
2.915 0.89424 -0.190269 -0.00310005
2.92 0.927027 -0.190272 -0.00321387
2.925 0.96249 -0.190347 -0.00333658
2.93 1.00059 -0.190498 -0.00346799
2.935 1.04125 -0.190663 -0.0036082
2.94 1.08442 -0.190837 -0.00375705
2.945 1.13007 -0.191021 -0.00391442
2.95 1.17821 -0.191215 -0.00408036
2.955 1.22892 -0.19142 -0.00425517
2.96 1.28237 -0.191637 -0.00443936
2.965 1.33873 -0.191868 -0.00463363
2.97 1.39824 -0.192114 -0.00483875
2.975 1.46112 -0.192377 -0.00505538
2.98 1.52756 -0.192648 -0.00528343
2.985 1.59768 -0.192928 -0.00552329
2.99 1.67157 -0.193216 -0.00577506
2.995 1.74922 -0.193494 -0.0060374
3 1.83061 -0.193766 -0.00631073
3.005 1.91569 -0.194011 -0.00659464
3.01 2.00441 -0.194209 -0.0068875
3.015 2.09668 -0.194359 -0.00718924
3.02 2.19242 -0.194477 -0.00750068
3.025 2.29155 -0.194508 -0.00781943
3.03 2.39396 -0.194465 -0.00814551
3.035 2.49953 -0.194431 -0.00848159
3.04 2.60813 -0.194317 -0.00882445
3.045 2.71962 -0.194131 -0.00917378
3.05 2.83387 -0.193958 -0.0095317
3.055 2.95074 -0.193729 -0.00989615
3.06 3.0701 -0.193412 -0.0102651
3.065 3.19182 -0.193055 -0.0106386
3.07 3.31577 -0.192644 -0.0110157
3.075 3.44185 -0.192189 -0.0113965
3.08 3.56994 -0.191613 -0.0117789
3.085 3.69996 -0.190866 -0.0121599
3.09 3.83186 -0.190058 -0.0125432
3.095 3.9656 -0.18917 -0.0129295
3.1 4.10118 -0.188117 -0.013315
3.105 4.23862 -0.18696 -0.0137006
3.11 4.37793 -0.185691 -0.014087
3.115 4.51909 -0.184254 -0.0144725
3.12 4.66208 -0.182704 -0.0148593
3.125 4.80685 -0.181108 -0.0152503
3.13 4.95335 -0.179504 -0.0156452
3.135 5.10153 -0.177833 -0.0160425
3.14 5.25134 -0.1761 -0.0164416
3.145 5.40276 -0.174335 -0.0168403
3.15 5.55577 -0.172539 -0.0172379
3.155 5.71038 -0.170736 -0.0176335
3.16 5.8666 -0.168879 -0.0180169
3.165 6.02446 -0.166994 -0.0183814
3.17 6.18399 -0.165199 -0.0187306
3.175 6.34521 -0.163506 -0.019072
3.18 6.50808 -0.161857 -0.0194088
3.185 6.67256 -0.160219 -0.0197421
3.19 6.83855 -0.158607 -0.0200763
3.195 7.00593 -0.157085 -0.0204087
3.2 7.17457 -0.155655 -0.0207401
3.205 7.34432 -0.154211 -0.0210762
3.21 7.5151 -0.152738 -0.0214175
3.215 7.68682 -0.151303 -0.021761
3.22 7.85946 -0.149904 -0.0221061
3.225 8.03299 -0.148553 -0.0224525
3.23 8.20742 -0.147256 -0.0227998
3.235 8.38272 -0.145864 -0.0231583
3.24 8.55883 -0.14438 -0.0235273
3.245 8.73568 -0.142934 -0.0238979
3.25 8.91314 -0.141534 -0.0242696
3.255 9.09106 -0.140189 -0.0246413
3.26 9.26928 -0.13884 -0.0250172
3.265 9.44761 -0.137501 -0.0253964
3.27 9.62584 -0.136238 -0.0257746
3.275 9.8038 -0.134844 -0.0261642
3.28 9.98135 -0.133333 -0.0265641
3.285 10.1583 -0.131906 -0.0269612
3.29 10.3346 -0.130589 -0.0273557
3.295 10.51 -0.12917 -0.0277557
3.3 10.6844 -0.127527 -0.0281621
3.305 10.8577 -0.12586 -0.0285662
3.31 11.0294 -0.124233 -0.0289661
3.315 11.1994 -0.122647 -0.0293614
3.32 11.3673 -0.121104 -0.0297513
3.325 11.5327 -0.119612 -0.0301349
3.33 11.6951 -0.118219 -0.0305107
3.335 11.8539 -0.116927 -0.0308776
3.34 12.0085 -0.115689 -0.0312346
3.345 12.1584 -0.114515 -0.0315805
3.35 12.303 -0.113451 -0.0319137
3.355 12.4416 -0.112487 -0.0322328
3.36 12.5738 -0.111578 -0.0325368
3.365 12.6989 -0.110727 -0.0328245
3.37 12.8164 -0.109937 -0.0330948
3.375 12.926 -0.109211 -0.0333468
3.38 13.0272 -0.108548 -0.0335795
3.385 13.1198 -0.10795 -0.0337922
3.39 13.2032 -0.107416 -0.033984
3.395 13.2773 -0.10691 -0.0341546
3.4 13.3416 -0.106442 -0.0343031
3.405 13.396 -0.10605 -0.0344284
3.41 13.4399 -0.105734 -0.03453
3.415 13.4734 -0.105495 -0.034607
3.42 13.4959 -0.105335 -0.0346592
3.425 13.5076 -0.105253 -0.034686
3.43 13.508 -0.10525 -0.0346871
3.435 13.4973 -0.105334 -0.034662
3.44 13.4754 -0.105547 -0.0346052
3.445 13.4422 -0.105903 -0.0345152
3.45 13.3979 -0.106371 -0.0343957
3.455 13.3425 -0.106956 -0.0342472
3.46 13.276 -0.107669 -0.0340702
3.465 13.1986 -0.108517 -0.0338656
3.47 13.1104 -0.109511 -0.0336344
3.475 13.0114 -0.11066 -0.0333775
3.48 12.9018 -0.111971 -0.0330958
3.485 12.7817 -0.113449 -0.0327903
3.49 12.6514 -0.115096 -0.0324616
3.495 12.511 -0.116912 -0.0321102
3.5 12.3607 -0.118895 -0.0317367
3.505 12.2006 -0.121056 -0.0313414
3.51 12.0311 -0.123394 -0.0309246
3.515 11.8522 -0.12589 -0.0304867
3.52 11.6642 -0.128541 -0.030028
3.525 11.4674 -0.13132 -0.0295484
3.53 11.262 -0.134221 -0.0290484
3.535 11.048 -0.137234 -0.0285288
3.54 10.8259 -0.140182 -0.0279876
3.545 10.5956 -0.143091 -0.0274251
3.55 10.3574 -0.146126 -0.0268439
3.555 10.1116 -0.149285 -0.0262445
3.56 9.85822 -0.152565 -0.0256272
3.565 9.59752 -0.155986 -0.0249927
3.57 9.3297 -0.159552 -0.0243416
3.575 9.05497 -0.163115 -0.023672
3.58 8.77357 -0.166669 -0.0229845
3.585 8.48577 -0.17034 -0.022282
3.59 8.19184 -0.174122 -0.0215657
3.595 7.89208 -0.178009 -0.020836
3.6 7.58676 -0.181852 -0.0200906
3.605 7.27615 -0.185675 -0.0193304
3.61 6.96049 -0.189625 -0.0185585
3.615 6.63996 -0.193678 -0.0177751
3.62 6.31472 -0.197856 -0.0169809
3.625 5.98492 -0.20223 -0.0161772
3.63 5.65069 -0.206697 -0.015363
3.635 5.31216 -0.210813 -0.0145305
3.64 4.96948 -0.214348 -0.0136723
3.645 4.62286 -0.217646 -0.0127958
3.65 4.27249 -0.220467 -0.0118931
3.655 3.9186 -0.222427 -0.0109522
3.66 3.5614 -0.223739 -0.00997717
3.665 3.20106 -0.224414 -0.00896499
3.67 2.83776 -0.22451 -0.00791803
3.675 2.47163 -0.224215 -0.00684133
3.68 2.10279 -0.223714 -0.00574223
3.685 1.73135 -0.223079 -0.00462896
3.69 1.35739 -0.222395 -0.00350741
3.695 0.980938 -0.221652 -0.00237399
3.7 0.601998 -0.220643 -0.00121742
3.705 0.22054 -0.219486 -1.52905e-05
3.71 -0.163468 -0.21867 0.00123618
3.715 -0.550052 -0.218225 0.00250334
3.72 -0.939223 -0.217691 0.00376359
3.725 -1.33097 -0.21668 0.00500377
3.73 -1.72526 -0.215175 0.00622454
3.735 -2.122 -0.213414 0.00743524
3.74 -2.52111 -0.211271 0.00863242
3.745 -2.92245 -0.208545 0.00981007
3.75 -3.32586 -0.205358 0.0109691
3.755 -3.73116 -0.201634 0.012107
3.76 -4.13814 -0.19729 0.0132245
3.765 -4.54656 -0.192605 0.0143336
3.77 -4.95618 -0.187672 0.0154349
3.775 -5.3667 -0.182529 0.0165192
3.78 -5.77784 -0.177205 0.017564
3.785 -6.18923 -0.172023 0.0184765
3.79 -6.60052 -0.167634 0.0192822
3.795 -7.01132 -0.163978 0.0200744
3.8 -7.4212 -0.160619 0.0208594
3.805 -7.82971 -0.157494 0.0216469
3.81 -8.23636 -0.154601 0.0224373
3.815 -8.6406 -0.15172 0.0232475
3.82 -9.04181 -0.148826 0.0240734
3.825 -9.43931 -0.145958 0.0249064
3.83 -9.83234 -0.142849 0.0257669
3.835 -10.2201 -0.139752 0.0266394
3.84 -10.6018 -0.13646 0.027516
3.845 -10.9767 -0.132892 0.0283943
3.85 -11.344 -0.129554 0.0292522
3.855 -11.7031 -0.126537 0.0300878
3.86 -12.0533 -0.123933 0.0308994
3.865 -12.394 -0.121604 0.031687
3.87 -12.7245 -0.119431 0.0324502
3.875 -13.0444 -0.117405 0.0331881
3.88 -13.3532 -0.115369 0.0339012
3.885 -13.6504 -0.113346 0.0345885
3.89 -13.9357 -0.111493 0.0352477
3.895 -14.209 -0.109817 0.0358783
3.9 -14.4699 -0.108323 0.03648
3.905 -14.7185 -0.107033 0.0370527
3.91 -14.9548 -0.106107 0.0375957
3.915 -15.1787 -0.105513 0.0381093
3.92 -15.3903 -0.105081 0.0385944
3.925 -15.5898 -0.10483 0.0390511
3.93 -15.7773 -0.104791 0.0394796
3.935 -15.9528 -0.10508 0.0398799
3.94 -16.1165 -0.105623 0.0402522
3.945 -16.2685 -0.109545 0.0405873
3.95 -16.4088 -0.113803 0.0408949
3.955 -16.5374 -0.114474 0.0411868
3.96 -16.6541 -0.114593 0.0414534
3.965 -16.7588 -0.11465 0.0416919
3.97 -16.8515 -0.114636 0.0419019
3.975 -16.9318 -0.114659 0.042084
3.98 -16.9995 -0.114703 0.0422375
3.985 -17.0544 -0.114752 0.0423619
3.99 -17.0962 -0.114791 0.0424565
3.995 -17.1244 -0.114808 0.0425203
4 -17.1386 -0.114791 0.0425524
4.005 -17.1383 -0.114745 0.0425517
4.01 -17.1231 -0.114851 0.0425145
4.015 -17.0929 -0.115151 0.0424351
4.02 -17.0477 -0.115555 0.0423139
4.025 -16.988 -0.116104 0.0421546
4.03 -16.9143 -0.116798 0.0419593
4.035 -16.8273 -0.117642 0.0417307
4.04 -16.7279 -0.118639 0.0414721
4.045 -16.6172 -0.11979 0.0411869
4.05 -16.4963 -0.121093 0.0408787
4.055 -16.3664 -0.12253 0.0405513
4.06 -16.2286 -0.124097 0.0402077
4.065 -16.0843 -0.125789 0.0398508
4.07 -15.9348 -0.127584 0.0394833
4.075 -15.7811 -0.129484 0.039108
4.08 -15.6246 -0.131496 0.0387276
4.085 -15.4662 -0.133584 0.0383442
4.09 -15.3073 -0.135701 0.0379603
4.095 -15.1487 -0.137831 0.0375781
4.1 -14.9916 -0.139967 0.0372003
4.105 -14.837 -0.142183 0.0368296
4.11 -14.6858 -0.14446 0.0364683
4.115 -14.5388 -0.146698 0.0361176
4.12 -14.3968 -0.14886 0.0357787
4.125 -14.2604 -0.150764 0.0354517
4.13 -14.1301 -0.152434 0.0351379
4.135 -14.0064 -0.154035 0.0348403
4.14 -13.8898 -0.155559 0.0345597
4.145 -13.7805 -0.156997 0.034297
4.15 -13.6788 -0.158345 0.0340527
4.155 -13.5849 -0.159601 0.033827
4.16 -13.4986 -0.160771 0.03362
4.165 -13.4201 -0.161853 0.0334316
4.17 -13.3491 -0.162834 0.0332614
4.175 -13.2856 -0.163714 0.0331091
4.18 -13.2296 -0.164493 0.0329748
4.185 -13.1809 -0.165172 0.0328581
4.19 -13.1396 -0.165749 0.0327592
4.195 -13.1057 -0.166224 0.0326779
4.2 -13.0792 -0.166596 0.0326143
4.205 -13.06 -0.166866 0.0325684
4.21 -13.0481 -0.167033 0.03254
4.215 -13.0436 -0.167097 0.0325292
4.22 -13.0464 -0.167061 0.0325359
4.225 -13.0563 -0.166966 0.0325618
4.23 -13.0734 -0.166832 0.0326076
4.235 -13.0975 -0.166639 0.032672
4.24 -13.1286 -0.166388 0.0327548
4.245 -13.1665 -0.166079 0.0328556
4.25 -13.2111 -0.165723 0.032974
4.255 -13.2625 -0.165319 0.0331098
4.26 -13.3208 -0.164848 0.0332628
4.265 -13.3858 -0.164307 0.0334328
4.27 -13.4577 -0.163691 0.0336194
4.275 -13.5363 -0.162996 0.0338223
4.28 -13.6216 -0.162219 0.0340409
4.285 -13.7134 -0.16136 0.0342744
4.29 -13.8117 -0.16042 0.0345222
4.295 -13.916 -0.159402 0.0347838
4.3 -14.0263 -0.158309 0.0350585
4.305 -14.1423 -0.157143 0.0353458
4.31 -14.2638 -0.15591 0.0356453
4.315 -14.3906 -0.154617 0.0359565
4.32 -14.5225 -0.15327 0.0362791
4.325 -14.6592 -0.15191 0.0366122
4.33 -14.8004 -0.150559 0.0369549
4.335 -14.9458 -0.149182 0.0373069
4.34 -15.0948 -0.147769 0.0376674
4.345 -15.2472 -0.146395 0.0380349
4.35 -15.4025 -0.145059 0.0384088
4.355 -15.5603 -0.143727 0.0387884
4.36 -15.7202 -0.142371 0.0391728
4.365 -15.8818 -0.141026 0.0395605
4.37 -16.0445 -0.139728 0.0399503
4.375 -16.208 -0.138419 0.0403417
4.38 -16.372 -0.137108 0.0407323
4.385 -16.536 -0.135984 0.0411192
4.39 -16.6997 -0.135355 0.0414989
4.395 -16.8628 -0.135094 0.0418716
4.4 -17.0249 -0.134882 0.0422413
4.405 -17.1858 -0.13508 0.0426063
4.41 -17.345 -0.135648 0.0429661
4.415 -17.5022 -0.13615 0.0433218
4.42 -17.6573 -0.136657 0.0436727
4.425 -17.8099 -0.137578 0.0440167
4.43 -17.9601 -0.142798 0.0443395
4.435 -18.1075 -0.150213 0.0446472
4.44 -18.2497 2.03908 0.0617262
