0.1 2.92171e-31 200 7.90479e-14
0.2 7.0121e-31 400 1.19016e-13
0.3 -1.16868e-31 600 1.42109e-13
0.4 4.67473e-31 800 3.55271e-14
0.5 -5.84341e-31 1000 -1.1724e-13
0.6 5.37594e-30 1200 -8.81073e-13
0.7 -4.90847e-30 1400 -7.88702e-13
0.8 -1.51929e-30 1600 2.77112e-13
0.9 -4.67473e-30 1800 -5.54223e-13
1 -2.45423e-30 2000 -1.56319e-13
0.005 1.07231e-05 2000 -0.00464257
0.01 5.35668e-05 2000 -0.0231601
0.015 0.000139204 2000 -0.0601517
0.02 0.000267619 2000 -0.115624
0.025 0.000438827 2000 -0.189583
0.03 0.000652883 2000 -0.282054
0.035 0.000909858 2000 -0.393065
0.04 0.0012098 2000 -0.52264
0.045 0.00155272 2000 -0.670778
0.05 0.00193852 2000 -0.837444
0.055 0.00236705 2000 -1.02257
0.06 0.0028382 2000 -1.2261
0.065 0.00335204 2000 -1.44808
0.07 0.00390893 2000 -1.68866
0.075 0.00450947 2000 -1.94809
0.08 0.00515441 2000 -2.22671
0.085 0.00584458 2000 -2.52486
0.09 0.00658066 2000 -2.84285
0.095 0.00736299 2000 -3.18081
0.1 0.00819139 2000 -3.53868
0.105 0.00906545 2000 -3.91628
0.11 0.00998504 2000 -4.31354
0.115 0.0109509 2000 -4.73077
0.12 0.011965 2000 -5.16889
0.125 0.013031 2000 -5.62939
0.13 0.0141528 2000 -6.11403
0.135 0.015334 2000 -6.62428
0.14 0.0165765 2000 -7.16103
0.145 0.0178808 2000 -7.72452
0.15 0.0192469 2000 -8.31468
0.155 0.0206748 2000 -8.93153
0.16 0.0221656 2000 -9.57556
0.165 0.0237221 2000 -10.2479
0.17 0.0253484 2000 -10.9505
0.175 0.0270499 2000 -11.6856
0.18 0.0288321 2000 -12.4555
0.185 0.0307 2000 -13.2624
0.19 0.0326582 2000 -14.1084
0.195 0.034712 2000 -14.9956
0.2 0.036868 2000 -15.927
0.205 0.0391361 2000 -16.9068
0.21 0.0415319 2000 -17.9418
0.215 0.0440788 2000 -19.042
0.22 0.0468034 2000 -20.2191
0.225 0.0497288 2000 -21.4828
0.23 0.0528682 2000 -22.8391
0.235 0.0562206 2000 -24.2873
0.24 0.0597706 2000 -25.8209
0.245 0.063493 2000 -27.429
0.25 0.0673607 2000 -29.0998
0.255 0.0713532 2000 -30.8246
0.26 0.0754629 2000 -32.6
0.265 0.0796962 2000 -34.4288
0.27 0.0840699 2000 -36.3182
0.275 0.0886055 2000 -38.2776
0.28 0.0933244 2000 -40.3162
0.285 0.0982445 2000 -42.4417
0.29 0.10338 2000 -44.6601
0.295 0.108742 2000 -46.9767
0.3 0.114345 2000 -49.3971
0.305 0.120203 2000 -51.9278
0.31 0.126336 2000 -54.5771
0.315 0.132768 2000 -57.3556
0.32 0.139525 2000 -60.2749
0.325 0.146634 2000 -63.346
0.33 0.154115 2000 -66.5779
0.335 0.161983 2000 -69.9767
0.34 0.170245 2000 -73.5458
0.345 0.178905 2000 -77.2872
0.35 0.187969 2000 -81.2026
0.355 0.197437 2000 -85.2927
0.36 0.207306 2000 -89.5564
0.365 0.217569 2000 -93.9901
0.37 0.228216 2000 -98.5893
0.375 0.239237 2000 -103.35
0.38 0.250628 2000 -108.271
0.385 0.262385 2000 -113.35
0.39 0.274491 2000 -118.58
0.395 0.286904 2000 -123.943
0.4 0.299545 2000 -129.404
0.405 0.312292 2000 -134.91
0.41 0.324982 2000 -140.392
0.415 0.337423 2000 -145.767
0.42 0.34941 2000 -150.945
0.425 0.360749 2000 -155.844
0.43 0.371293 2000 -160.399
0.435 0.380971 2000 -164.58
0.44 0.389809 2000 -168.398
0.445 0.397929 2000 -171.906
0.45 0.405537 2000 -175.192
0.455 0.412899 2000 -178.372
0.46 0.420305 2000 -181.572
0.465 0.428031 2000 -184.91
0.47 0.436283 2000 -188.474
0.475 0.445159 2000 -192.309
0.48 0.454644 2000 -196.406
0.485 0.464621 2000 -200.716
0.49 0.474903 2000 -205.158
0.495 0.485266 2000 -209.635
0.5 0.495473 2000 -214.045
0.505 0.505281 2000 -218.282
0.51 0.51443 2000 -222.234
0.515 0.522631 2000 -225.777
0.52 0.529564 2000 -228.772
0.525 0.534891 2000 -231.073
0.53 0.538304 2000 -232.547
0.535 0.539591 2000 -233.104
0.54 0.538598 2000 -232.674
0.545 0.535292 2000 -231.247
0.55 0.529913 2000 -228.923
0.555 0.522794 2000 -225.847
0.56 0.514312 2000 -222.183
0.565 0.504835 2000 -218.089
0.57 0.494658 2000 -213.692
0.575 0.483963 2000 -209.072
0.58 0.472812 2000 -204.255
0.585 0.461198 2000 -199.237
0.59 0.449125 2000 -194.022
0.595 0.436675 2000 -188.643
0.6 0.424042 2000 -183.186
0.605 0.411528 2000 -177.78
0.61 0.399468 2000 -172.57
0.615 0.388154 2000 -167.682
0.62 0.377774 2000 -163.198
0.625 0.368413 2000 -159.154
0.63 0.360049 2000 -155.541
0.635 0.352547 2000 -152.3
0.64 0.345662 2000 -149.326
0.645 0.339036 2000 -146.464
0.65 0.33221 2000 -143.515
0.655 0.324629 2000 -140.24
0.66 0.315671 2000 -136.37
0.665 0.304711 2000 -131.635
0.67 0.291249 2000 -125.82
0.675 0.27502 2000 -118.808
0.68 0.256053 2000 -110.615
0.685 0.234668 2000 -101.376
0.69 0.211425 2000 -91.3356
0.695 0.187055 2000 -80.8078
0.7 0.162381 2000 -70.1486
0.705 0.138243 2000 -59.7209
0.71 0.115415 2000 -49.8595
0.715 0.0945465 2000 -40.8442
0.72 0.0760882 2000 -32.8702
0.725 0.0602949 2000 -26.0475
0.73 0.0473028 2000 -20.4348
0.735 0.037214 2000 -16.0764
0.74 0.0300772 2000 -12.9932
0.745 0.0258309 2000 -11.1588
0.75 0.0242506 2000 -10.4761
0.755 0.0249022 2000 -10.7576
0.76 0.0271368 2000 -11.723
0.765 0.0301371 2000 -13.0191
0.77 0.0330013 2000 -14.2565
0.775 0.0348166 2000 -15.0407
0.78 0.0347331 2000 -15.0047
0.785 0.0320455 2000 -13.8436
0.79 0.0262697 2000 -11.3485
0.795 0.0172434 2000 -7.44888
0.8 0.00505644 1999.99 -2.18345
0.805 -0.0100346 1999.99 4.33658
0.81 -0.0271657 1999.99 11.7416
0.815 -0.0459641 1999.98 19.8649
0.82 -0.0666264 1999.99 28.7895
0.825 -0.0888626 1999.99 38.3944
0.83 -0.112382 1999.99 48.554
0.835 -0.136897 1999.99 59.1435
0.84 -0.162119 1999.99 70.0387
0.845 -0.187773 1999.99 81.1207
0.85 -0.213619 2000 92.2858
0.855 -0.239479 2000 103.457
0.86 -0.265264 2000 114.596
0.865 -0.290993 2000 125.711
0.87 -0.316801 2000 136.859
0.875 -0.34288 2000 148.125
0.88 -0.369393 2000 159.579
0.885 -0.396382 2000 171.238
0.89 -0.423693 2000 183.037
0.895 -0.450941 2000 194.807
0.9 -0.477539 2000 206.298
0.905 -0.502867 2000 217.24
0.91 -0.526502 2000 227.45
0.915 -0.548408 2000 236.913
0.92 -0.569041 2000 245.826
0.925 -0.589324 2000 254.589
0.93 -0.61047 2000 263.724
0.935 -0.633661 2000 273.742
0.94 -0.659717 2000 284.999
0.945 -0.688891 2000 297.601
0.95 -0.720821 2000 311.396
0.955 -0.754618 2000 325.996
0.96 -0.789019 2000 340.857
0.965 -0.822562 2000 355.348
0.97 -0.85376 2000 368.826
0.975 -0.881265 2000 380.708
0.98 -0.903971 2000 390.516
0.985 -0.921037 2000 397.889
0.99 -0.931834 2000 402.553
0.995 -0.935849 2000 404.287
1 -0.932325 1999.99 402.766
1.005 -0.920449 1999.99 397.636
1.01 -0.899887 1999.99 388.753
1.015 -0.870487 1999.99 376.052
1.02 -0.832268 1999.99 359.541
1.025 -0.7853 2000 339.25
1.03 -0.729663 2000 315.215
1.035 -0.665513 2000 287.502
1.04 -0.593161 2000 256.246
1.045 -0.513123 2000 221.67
1.05 -0.426119 2000 184.084
1.055 -0.333021 2000 143.865
1.06 -0.234759 2000 101.416
1.065 -0.132204 2000 57.1124
1.07 -0.0261097 2000 11.2795
1.075 0.0828527 2000 -35.7923
1.08 0.194012 2000 -83.813
1.085 0.306606 2000 -132.454
1.09 0.419682 2000 -181.303
1.095 0.53162 1999.98 -229.66
1.1 0.635569 1999.89 -274.624
1.105 0.734058 1999.86 -317.191
1.11 0.828352 1999.89 -357.913
1.115 0.917584 1999.91 -396.451
1.12 1.00121 1999.92 -432.57
1.125 1.0791 1999.94 -466.211
1.13 1.15148 1999.95 -497.472
1.135 1.21886 1999.96 -526.574
1.14 1.28191 1999.97 -553.81
1.145 1.3413 1999.97 -579.461
1.15 1.39738 1999.98 -603.687
1.155 1.45005 1999.98 -626.435
1.16 1.49859 1999.99 -647.402
1.165 1.54178 1999.99 -666.059
1.17 1.57807 1999.99 -681.737
1.175 1.60584 1999.99 -693.732
1.18 1.62363 1999.99 -701.415
1.185 1.63041 1999.99 -704.342
1.19 1.62528 1999.99 -702.129
1.195 1.60778 1999.98 -694.568
1.2 1.57854 1999.99 -681.934
1.205 1.53844 1999.99 -664.61
1.21 1.48832 1999.99 -642.958
1.215 1.42872 1999.99 -617.209
1.22 1.35977 1999.99 -587.421
1.225 1.28143 1999.99 -553.582
1.23 1.19394 2000 -515.782
1.235 1.09814 2000 -474.397
1.24 0.995699 2000 -430.143
1.245 0.888857 2000 -383.987
1.25 0.780035 2000 -336.976
1.255 0.671474 2000 -290.078
1.26 0.565006 2000 -244.083
1.265 0.461959 2000 -199.567
1.27 0.363191 2000 -156.899
1.275 0.269215 2000 -116.301
1.28 0.180348 2000 -77.9104
1.285 0.0968191 2000 -41.826
1.29 0.0188097 2000 -8.12593
1.295 -0.0535942 2000 23.1526
1.3 -0.12057 2000 52.0863
1.305 -0.182827 2000 78.981
1.31 -0.241784 2000 104.451
1.315 -0.299513 2000 129.389
1.32 -0.358415 2000 154.835
1.325 -0.420732 2000 181.756
1.33 -0.488026 2000 210.827
1.335 -0.560771 2000 242.253
1.34 -0.638137 2000 275.675
1.345 -0.718042 2000 310.194
1.35 -0.797483 2000 344.513
1.355 -0.873088 1999.99 377.176
1.36 -0.941394 1999.98 406.689
1.365 -0.998508 1999.94 431.386
1.37 -1.04451 1999.93 451.27
1.375 -1.08087 1999.94 466.968
1.38 -1.10771 1999.95 478.559
1.385 -1.12558 1999.96 486.274
1.39 -1.13529 1999.97 490.462
1.395 -1.13769 1999.98 491.496
1.4 -1.13318 1999.97 489.549
1.405 -1.12229 1999.97 484.843
1.41 -1.10585 1999.98 477.738
1.415 -1.08501 1999.98 468.736
1.42 -1.06149 1999.99 458.573
1.425 -1.03755 1999.99 448.227
1.43 -1.01582 1999.99 438.838
1.435 -0.998983 1999.99 431.565
1.44 -0.989413 1999.99 427.43
1.445 -0.988911 1999.99 427.212
1.45 -0.998601 2000 431.398
1.455 -1.01894 2000 440.185
1.46 -1.04981 2000 453.52
1.465 -1.09059 2000 471.134
1.47 -1.13995 1999.99 492.453
1.475 -1.192 1999.96 514.967
1.48 -1.24857 1999.96 539.402
1.485 -1.30706 1999.97 564.663
1.49 -1.36454 1999.98 589.495
1.495 -1.41829 1999.98 612.712
1.5 -1.4663 1999.98 633.45
1.505 -1.50782 1999.99 651.387
1.51 -1.5436 1999.99 666.844
1.515 -1.57578 1999.99 680.741
1.52 -1.6074 1999.99 694.402
1.525 -1.64192 1999.99 709.315
1.53 -1.68266 2000 726.912
1.535 -1.73244 2000 748.418
1.54 -1.79339 2000 774.747
1.545 -1.86672 2000 806.428
1.55 -1.95276 2000 843.595
1.555 -2.05102 2000 886.047
1.56 -2.16053 2000 933.357
1.565 -2.28006 2000 984.993
1.57 -2.40826 2000 1040.38
1.575 -2.54368 2000 1098.88
1.58 -2.68448 2000 1159.71
1.585 -2.82828 2000 1221.83
1.59 -2.97207 2000 1283.95
1.595 -3.11234 2000 1344.55
1.6 -3.24534 2000 1402.02
1.605 -3.36753 2000 1454.81
1.61 -3.47576 2000 1501.57
1.615 -3.5675 2000 1541.21
1.62 -3.64066 2000 1572.81
1.625 -3.69359 2000 1595.67
1.63 -3.72491 2000 1609.2
1.635 -3.73351 2000 1612.91
1.64 -3.71706 1999.97 1605.82
1.645 -3.67465 1999.95 1587.51
1.65 -3.60713 1999.96 1558.33
1.655 -3.51625 1999.97 1519.06
1.66 -3.40476 1999.98 1470.89
1.665 -3.27602 1999.98 1415.27
1.67 -3.13369 1999.98 1353.77
1.675 -2.98148 1999.99 1288.01
1.68 -2.82304 1999.99 1219.57
1.685 -2.66187 1999.99 1149.94
1.69 -2.50124 1999.99 1080.54
1.695 -2.344 1999.99 1012.62
1.7 -2.19233 2000 947.09
1.705 -2.04735 2000 884.462
1.71 -1.90913 2000 824.748
1.715 -1.77683 2000 767.593
1.72 -1.64931 2000 712.506
1.725 -1.5256 2000 659.062
1.73 -1.40501 2000 606.965
1.735 -1.28701 2000 555.989
1.74 -1.17112 2000 505.926
1.745 -1.05694 2000 456.597
1.75 -0.944218 2000 407.903
1.755 -0.832898 2000 359.812
1.76 -0.722873 2000 312.281
1.765 -0.613766 2000 265.147
1.77 -0.504754 2000 218.054
1.775 -0.39458 2000 170.459
1.78 -0.281873 2000 121.769
1.785 -0.165702 2000 71.5832
1.79 -0.0461257 2000 19.9264
1.795 0.0755072 2000 -32.6191
1.8 0.19669 2000 -84.97
1.805 0.314268 2000 -135.763
1.81 0.425112 2000 -183.648
1.815 0.526602 2000 -227.492
1.82 0.616725 2000 -266.425
1.825 0.694019 2000 -299.816
1.83 0.7576 2000 -327.283
1.835 0.807318 2000 -348.761
1.84 0.844004 2000 -364.609
1.845 0.869611 2000 -375.672
1.85 0.887093 2000 -383.224
1.855 0.899939 2000 -388.773
1.86 0.911543 2000 -393.787
1.865 0.924642 2000 -399.445
1.87 0.941108 2000 -406.559
1.875 0.962085 2000 -415.621
1.88 0.988154 2000 -426.883
1.885 1.01941 2000 -440.384
1.89 1.0555 2000 -455.976
1.895 1.09574 2000 -473.359
1.9 1.13926 2000 -492.159
1.905 1.18532 2000 -512.06
1.91 1.23362 2000 -532.925
1.915 1.28427 2000 -554.804
1.92 1.33761 2000 -577.849
1.925 1.39384 2000 -602.14
1.93 1.45288 1999.99 -627.647
1.935 1.51463 1999.99 -654.32
1.94 1.57937 1999.99 -682.287
1.945 1.64852 1999.98 -712.165
1.95 1.72428 1999.97 -744.886
1.955 1.80644 1999.93 -780.429
1.96 1.90166 1999.93 -821.608
1.965 2.01362 1999.94 -869.959
1.97 2.14415 1999.95 -926.337
1.975 2.29442 1999.96 -991.245
1.98 2.46488 1999.97 -1064.88
1.985 2.65532 1999.97 -1147.15
1.99 2.86494 1999.98 -1237.71
1.995 3.09256 1999.98 -1336.06
2 3.33697 1999.98 -1441.67
2.005 3.5972 1999.98 -1554.13
2.01 3.87262 1999.98 -1673.16
2.015 4.1627 1999.98 -1798.55
2.02 4.4667 1999.97 -1929.96
2.025 4.7833 1999.97 -2066.81
2.03 5.11039 1999.96 -2208.17
2.035 5.44501 1999.96 -2352.74
2.04 5.78337 1999.96 -2498.91
2.045 6.12119 1999.96 -2644.82
2.05 6.4539 1999.96 -2788.5
2.055 6.77697 1999.96 -2927.99
2.06 7.08638 1999.96 -3061.59
2.065 7.37931 1999.96 -3188.07
2.07 7.65475 1999.96 -3307.01
2.075 7.91334 1999.97 -3418.68
2.08 8.15667 1999.97 -3523.78
2.085 8.38626 1999.97 -3622.94
2.09 8.60277 1999.97 -3716.46
2.095 8.80589 1999.98 -3804.2
2.1 8.99479 1999.98 -3885.8
2.105 9.16875 1999.98 -3960.94
2.11 9.3278 1999.98 -4029.64
2.115 9.47285 1999.98 -4092.3
2.12 9.60557 1999.99 -4149.64
2.125 9.72807 1999.99 -4202.55
2.13 9.84253 1999.99 -4252
2.135 9.95099 1999.99 -4298.85
2.14 10.0552 1999.99 -4343.88
2.145 10.1568 1999.99 -4387.75
2.15 10.2569 1999.99 -4431
2.155 10.3563 1999.99 -4473.96
2.16 10.455 2000 -4516.58
2.165 10.5517 2000 -4558.33
2.17 10.644 2000 -4598.23
2.175 10.7294 2000 -4635.11
2.18 10.8054 2000 -4667.96
2.185 10.8707 2000 -4696.17
2.19 10.9249 2000 -4719.57
2.195 10.9682 2000 -4738.25
2.2 11.0007 2000 -4752.31
2.205 11.0226 2000 -4761.75
2.21 11.0333 2000 -4766.41
2.215 11.0323 2000 -4765.94
2.22 11.0171 1999.99 -4759.41
2.225 10.9877 1999.99 -4746.69
2.23 10.9439 1999.99 -4727.78
2.235 10.8859 1999.99 -4702.72
2.24 10.8138 2000 -4671.58
2.245 10.7281 2000 -4634.53
2.25 10.6297 2000 -4592.05
2.255 10.5209 2000 -4545.03
2.26 10.4045 2000 -4494.77
2.265 10.2841 2000 -4442.75
2.27 10.1628 2000 -4390.32
2.275 10.0424 2000 -4338.34
2.28 9.92388 2000 -4287.12
2.285 9.80681 2000 -4236.54
2.29 9.69061 2000 -4186.34
2.295 9.57481 2000 -4136.32
2.3 9.45915 2000 -4086.35
2.305 9.34332 2000 -4036.31
2.31 9.22667 2000 -3985.92
2.315 9.10805 2000 -3934.68
2.32 8.98581 2000 -3881.87
2.325 8.85805 2000 -3826.68
2.33 8.72277 2000 -3768.24
2.335 8.57781 2000 -3705.61
2.34 8.42047 2000 -3637.64
2.345 8.24722 2000 -3562.8
2.35 8.05367 2000 -3479.19
2.355 7.83524 2000 -3384.82
2.36 7.5879 2000 -3277.97
2.365 7.30892 2000 -3157.45
2.37 6.99702 2000 -3022.71
2.375 6.65241 2000 -2873.84
2.38 6.27666 2000 -2711.52
2.385 5.87269 2000 -2537
2.39 5.44456 2000 -2352.05
2.395 4.99709 2000 -2158.74
2.4 4.53524 2000 -1959.22
2.405 4.06339 2000 -1755.39
2.41 3.58474 2000 -1548.61
2.415 3.10113 2000 -1339.69
2.42 2.61339 2000 -1128.99
2.425 2.12173 2000 -916.584
2.43 1.62587 2000 -702.376
2.435 1.12519 2000 -486.083
2.44 0.618659 2000 -267.261
2.445 0.104913 2000 -45.3218
2.45 -0.417613 2000 180.416
2.455 -0.950633 1999.99 410.682
2.46 -1.49558 1999.99 646.103
2.465 -2.05313 1999.98 886.987
2.47 -2.62328 1999.97 1133.32
2.475 -3.20408 1999.92 1384.34
2.48 -3.79029 1999.77 1637.76
2.485 -4.36694 1999.45 1886.55
2.49 -4.91921 1999.26 2125.75
2.495 -5.47456 1999.38 2365.86
2.5 -6.0301 1999.47 2605.96
2.505 -6.58289 1999.55 2844.78
2.51 -7.12961 1999.61 3080.89
2.515 -7.66691 1999.66 3312.88
2.52 -8.19171 1999.71 3539.48
2.525 -8.70149 1999.75 3759.59
2.53 -9.19423 1999.78 3972.37
2.535 -9.66831 1999.81 4177.11
2.54 -10.1223 1999.83 4373.18
2.545 -10.5548 1999.85 4560
2.55 -10.9647 1999.87 4737.03
2.555 -11.3509 1999.89 4903.87
2.56 -11.713 1999.91 5060.26
2.565 -12.0507 1999.92 5206.11
2.57 -12.364 1999.93 5341.44
2.575 -12.6535 1999.94 5466.51
2.58 -12.9205 1999.95 5581.83
2.585 -13.1669 1999.96 5688.24
2.59 -13.3952 1999.96 5786.86
2.595 -13.6086 1999.97 5879.03
2.6 -13.8102 1999.97 5966.12
2.605 -14.0028 1999.98 6049.32
2.61 -14.1882 1999.98 6129.41
2.615 -14.367 1999.98 6206.61
2.62 -14.5384 1999.98 6280.64
2.625 -14.7009 1999.99 6350.87
2.63 -14.8527 1999.99 6416.42
2.635 -14.9915 1999.99 6476.36
2.64 -15.115 1999.99 6529.73
2.645 -15.2211 1999.99 6575.54
2.65 -15.3072 1999.99 6612.76
2.655 -15.371 1999.99 6640.28
2.66 -15.4097 2000 6657
2.665 -15.4209 2000 6661.85
2.67 -15.3993 1999.95 6652.62
2.675 -15.3417 1999.92 6627.81
2.68 -15.2477 1999.93 6587.15
2.685 -15.1176 1999.94 6530.91
2.69 -14.9543 1999.96 6460.34
2.695 -14.7631 1999.96 6377.73
2.7 -14.5514 1999.97 6286.27
2.705 -14.3279 1999.98 6189.72
2.71 -14.1016 1999.98 6091.94
2.715 -13.8804 1999.98 5996.37
2.72 -13.6706 1999.99 5905.72
2.725 -13.4764 1999.99 5821.84
2.73 -13.3001 1999.99 5745.65
2.735 -13.1418 1999.99 5677.25
2.74 -13 1999.99 5616
2.745 -12.8719 2000 5560.69
2.75 -12.7541 2000 5509.8
2.755 -12.643 2000 5461.78
2.76 -12.5355 2000 5415.34
2.765 -12.4294 2000 5369.51
2.77 -12.3235 2000 5323.76
2.775 -12.2174 2000 5277.92
2.78 -12.1112 2000 5232.05
2.785 -12.0056 2000 5186.41
2.79 -11.9013 2000 5141.38
2.795 -11.7995 2000 5097.39
2.8 -11.7012 2000 5054.92
2.805 -11.6076 2000 5014.49
2.81 -11.52 2000 4976.65
2.815 -11.4398 2000 4942
2.82 -11.3687 2000 4911.27
2.825 -11.3086 2000 4885.32
2.83 -11.2622 2000 4865.27
2.835 -11.2323 2000 4852.35
2.84 -11.2221 2000 4847.93
2.845 -11.2346 2000 4853.34
2.85 -11.2728 2000 4869.86
2.855 -11.3396 2000 4898.69
2.86 -11.4374 2000 4940.94
2.865 -11.5685 2000 4997.61
2.87 -11.7348 2000 5069.45
2.875 -11.9373 2000 5156.9
2.88 -12.1762 2000 5260.12
2.885 -12.4518 2000 5379.2
2.89 -12.7647 2000 5514.34
2.895 -13.1158 2000 5666.03
2.9 -13.5071 2000 5835.05
2.905 -13.9406 2000 6022.35
2.91 -14.4186 2000 6228.84
2.915 -14.9421 2000 6455.03
2.92 -15.497 1999.79 6695.33
2.925 -16.029 1999.22 6926.75
2.93 -16.6012 1999.31 7173.75
2.935 -17.2109 1999.42 7436.87
2.94 -17.8569 1999.52 7715.69
2.945 -18.5384 1999.59 8009.93
2.95 -19.2556 1999.65 8319.65
2.955 -20.0098 1999.7 8645.28
2.96 -20.8027 1999.73 8987.64
2.965 -21.6368 1999.75 9347.83
2.97 -22.5149 1999.77 9727.1
2.975 -23.4178 1999.87 10120.2
2.98 -24.37 1999.93 10533.2
2.985 -25.353 2000.03 10960.9
2.99 -26.3808 2000.1 11407.2
2.995 -27.4278 2000.19 11862
3 -28.4553 2000.65 12311.2
3.005 -29.5034 2000.96 12769.3
3.01 -30.5242 2001.41 13216.6
3.015 -31.6 2001.4 13679.9
3.02 -32.5745 2002.23 14110.4
3.025 -33.5816 2002.45 14547.9
3.03 -34.6458 2001.91 15000.9
3.035 -35.6472 2002.28 15435.5
3.04 -36.6325 2002.43 15862.3
3.045 -37.6572 2001.9 16299.4
3.05 -38.6875 2001.56 16740.6
3.055 -39.6407 2001.85 17155.1
3.06 -40.5835 2001.74 17564.4
3.065 -41.5185 2001.63 17969.4
3.07 -42.4338 2001.54 18365.6
3.075 -43.2954 2002.03 18741.9
3.08 -44.1068 2002.44 19097.5
3.085 -44.8854 2002.29 19434.5
3.09 -45.6277 2002.36 19756.7
3.095 -46.3202 2002.75 20058.5
3.1 -46.9622 2002.72 20338.7
3.105 -47.5452 2003.15 20593.5
3.11 -48.0878 2003.49 20830.8
3.115 -48.6021 2003.29 21050.7
3.12 -49.0939 2002.9 21256.8
3.125 -49.5681 2002.34 21455.5
3.13 -50.0086 2002.07 21643.9
3.135 -50.4154 2001.97 21817.7
3.14 -50.78 2001.59 21978.1
3.145 -51.1036 2001.31 22122.8
3.15 -51.3943 2000.9 22252.5
3.155 -51.5331 2000.63 22337.8
3.16 -51.5002 2000.25 22359
3.165 -51.2671 1998.8 22296.3
3.17 -51.0652 1998.07 22209.2
3.175 -50.7421 1997.8 22071.7
3.18 -50.4034 1997.93 21916.1
3.185 -50.0464 1998.02 21743.5
3.19 -49.6231 1997.76 21548.9
3.195 -49.1403 1997.5 21330.6
3.2 -48.688 1998.16 21110.4
3.205 -48.2095 1998.64 20883.6
3.21 -47.6852 1998.57 20647.6
3.215 -47.1431 1998.63 20405
3.22 -46.5501 1998.35 20146.2
3.225 -45.9391 1998.19 19879.7
3.23 -45.4039 1998.77 19630.3
3.235 -45.008 1999.62 19434.5
3.24 -44.5402 1999.44 19232.7
3.245 -44.0563 1999.24 19025.5
3.25 -43.552 1998.98 18812.2
3.255 -43.1081 1999.16 18613.3
3.26 -42.7034 1999.3 18431.9
3.265 -42.2527 1998.93 18243.8
3.27 -41.9335 1999.42 18090.1
3.275 -41.8277 2000.36 18018.2
3.28 -41.6149 1999.89 17938.7
3.285 -41.3908 1999.32 17853.1
3.29 -41.3615 2000.35 17819.1
3.295 -41.3986 2001.67 17817.9
3.3 -41.3752 2001.62 17816.7
3.305 -41.3416 2001.21 17813.7
3.31 -41.3127 2000.89 17810.4
3.315 -41.287 2000.61 17806.8
3.32 -41.2638 2000.39 17802.8
3.325 -41.2383 2000.1 17797.2
3.33 -41.2055 1999.73 17788.1
3.335 -41.1797 1999.68 17779.8
3.34 -41.1545 1999.63 17771.2
3.345 -41.1219 1999.34 17760.1
3.35 -41.0901 1999.18 17748.4
3.355 -41.0637 1999.28 17737.7
3.36 -41.0382 1999.36 17727.2
3.365 -41.0137 1999.42 17717
3.37 -40.9903 1999.48 17707.3
3.375 -40.9681 1999.53 17697.9
3.38 -40.9473 1999.58 17689.1
3.385 -40.928 1999.62 17681
3.39 -40.9174 1999.8 17675.4
3.395 -40.9131 1999.98 17672.7
3.4 -40.9053 1999.97 17669.7
3.405 -40.8987 1999.97 17667.1
3.41 -40.8933 1999.97 17665
3.415 -40.8892 1999.97 17663.4
3.42 -40.8864 1999.97 17662.4
3.425 -40.8849 1999.98 17661.8
3.43 -40.8847 1999.98 17661.8
3.435 -40.7966 1999.66 17637.3
3.44 -40.6757 1999.48 17592.6
3.445 -40.5403 1999.57 17529.7
3.45 -40.3555 1999.65 17445.7
3.455 -40.128 1999.66 17343.3
3.46 -39.8663 1999.62 17225.8
3.465 -39.5785 1999.55 17096.7
3.47 -39.2731 1999.45 16959.7
3.475 -38.9575 1999.34 16818.2
3.48 -38.6376 1999.23 16675.1
3.485 -38.3174 1999.13 16532.5
3.49 -37.9994 1999.06 16391.8
3.495 -37.6845 1999.01 16253.5
3.5 -37.372 1998.95 16117.4
3.505 -37.0619 1998.85 15983.3
3.51 -36.7557 1998.89 15851.5
3.515 -36.4507 1998.93 15720.7
3.52 -36.1458 1998.79 15590.4
3.525 -35.832 1999 15457.2
3.53 -35.5176 1999.05 15322.3
3.535 -35.1656 2001.03 15176.3
3.54 -34.7911 2001.82 15018.8
3.545 -34.4036 2001.38 14852
3.55 -34.0103 2001.02 14682.9
3.555 -33.6111 2000.72 14511.2
3.56 -33.2078 2000.34 14337.4
3.565 -32.8017 2000.01 14162.4
3.57 -32.3964 1999.46 13987.3
3.575 -31.9348 2000.17 13792.1
3.58 -31.4662 1999.91 13589.7
3.585 -30.997 1999.78 13385
3.59 -30.5191 1999.52 13177.2
3.595 -29.996 2000.5 12957.4
3.6 -29.4462 2000.95 12723.9
3.605 -28.8957 2000.36 12484.8
3.61 -28.3319 2000.3 12242.1
3.615 -27.7772 1999.89 12001.3
3.62 -27.2313 1999.27 11763.3
3.625 -26.6688 1999.41 11519.2
3.63 -26.0173 2001.33 11249.4
3.635 -25.2217 2002.88 10921.2
3.64 -24.2157 2003.73 10498.2
3.645 -22.789 2008.65 9932.98
3.65 -20.993 2014.52 9221.31
3.655 -18.8969 2017.28 8355.62
3.66 -16.2906 2020.42 7285.98
3.665 -13.469 2021.55 6090.64
3.67 -10.3019 2021.2 4736.22
3.675 -6.80183 2020.35 3236.5
3.68 -3.41123 2017.36 1733.86
3.685 0.0701138 2014.83 188.047
3.69 3.71451 2013.24 -1409.07
3.695 7.65062 2013.7 -3100.93
3.7 12.2022 2013.14 -5000.11
3.705 17.2976 2009.67 -7116.08
3.71 21.8628 2004.44 -9122.54
3.715 26.0407 2003.84 -11018.6
3.72 29.711 2005.78 -12705.8
3.725 32.9314 2007.23 -14185.6
3.73 35.9616 2007.31 -15543.8
3.735 38.6881 2008.98 -16767.5
3.74 41.141 2010.68 -17876
3.745 43.3346 2011.35 -18861.7
3.75 45.2537 2012.72 -19718.9
3.755 46.9025 2013.99 -20451.6
3.76 48.3879 2013.65 -21082.5
3.765 49.6646 2013.12 -21622
3.77 50.6754 2012.02 -22067.5
3.775 51.3565 2011.23 -22393.5
3.78 50.87 2006.77 -22391
3.785 49.7959 1999.49 -22048.8
3.79 48.8487 1995.04 -21569.3
3.795 47.6967 1993.96 -21011.7
3.8 46.4886 1993.64 -20418
3.805 45.0963 1992.35 -19768.5
3.81 44.241 1995 -19263.9
3.815 43.2829 1996.36 -18771.8
3.82 42.4342 1997.79 -18347.7
3.825 41.9154 1999.73 -18036.8
3.83 41.6011 2000.15 -17855.1
3.835 41.6415 2002.76 -17817.9
3.84 41.6987 2004.31 -17820.4
3.845 41.5791 2002.86 -17808.1
3.85 41.4421 2000.91 -17785.2
3.855 41.3136 1999.39 -17758.4
3.86 41.1959 1998.57 -17728.2
3.865 41.0959 1998.45 -17699.3
3.87 40.9995 1998.32 -17669.3
3.875 40.9595 1999.28 -17653.9
3.88 40.9161 1999.71 -17639.3
3.885 40.8571 1999.41 -17621.8
3.89 40.7999 1999.16 -17603.6
3.895 40.7435 1998.93 -17584.6
3.9 40.6869 1998.71 -17564.6
3.905 40.6198 1998.1 -17540.6
3.91 40.5472 1997.61 -17513.2
3.915 40.4806 1997.68 -17486
3.92 40.4127 1997.7 -17458.1
3.925 40.3429 1997.69 -17429.2
3.93 40.2623 1997.27 -17396.6
3.935 40.1801 1997.24 -17362.4
3.94 40.0924 1997.14 -17325.5
3.945 39.8637 1998.24 -17231.5
3.95 39.7112 2004.9 -17160
3.955 39.662 2005.57 -17136
3.96 39.603 2004.7 -17112.5
3.965 39.5407 2004.06 -17087.3
3.97 39.4909 2003.23 -17064.9
3.975 39.4469 2002.57 -17045
3.98 39.409 2002.04 -17028
3.985 39.3778 2001.63 -17014
3.99 39.354 2001.3 -17003.2
3.995 39.3381 2001.04 -16995.9
4 39.3307 2000.84 -16992.4
4.005 39.3224 2000.41 -16989.8
4.01 39.2229 2000.1 -16958.7
4.015 39.0869 2000.28 -16903.7
4.02 38.91 2000.19 -16822.9
4.025 38.6814 2000.09 -16719.7
4.03 38.4126 1999.96 -16598.4
4.035 38.1169 1999.82 -16464.7
4.04 37.8069 1999.66 -16324.4
4.045 37.4934 1999.49 -16182.6
4.05 37.1846 1999.38 -16043.1
4.055 36.883 1999.25 -15907.6
4.06 36.5912 1999.12 -15778.7
4.065 36.3131 1999.07 -15657.2
4.07 36.0496 1998.87 -15542.9
4.075 35.7965 1998.55 -15434.8
4.08 35.5592 1998.51 -15334.1
4.085 35.3359 1998.65 -15239.7
4.09 35.123 1998.79 -15150
4.095 34.9199 1998.92 -15064.6
4.1 34.7317 1998.38 -14984.7
4.105 34.5617 1998.11 -14912.9
4.11 34.4078 1998.3 -14848.6
4.115 34.2644 1998.46 -14788.7
4.12 34.1099 2000.14 -14727.3
4.125 33.9514 2000.95 -14662
4.13 33.7952 2000.71 -14595
4.135 33.6496 2000.52 -14532.6
4.14 33.5144 2000.37 -14474.7
4.145 33.3895 2000.26 -14421.2
4.15 33.2747 2000.17 -14372
4.155 33.17 2000.05 -14327.1
4.16 33.0758 1999.96 -14286.7
4.165 32.9916 1999.95 -14250.6
4.17 32.9161 1999.94 -14218.3
4.175 32.849 1999.94 -14189.5
4.18 32.7901 1999.94 -14164.2
4.185 32.7392 1999.94 -14142.4
4.19 32.6962 1999.95 -14124
4.195 32.661 1999.96 -14108.9
4.2 32.6335 1999.96 -14097.2
4.205 32.6137 1999.97 -14088.7
4.21 32.6014 1999.97 -14083.5
4.215 32.5967 1999.98 -14081.5
4.22 32.6135 1999.88 -14086.7
4.225 32.6617 1999.78 -14105.5
4.23 32.7343 1999.81 -14137.7
4.235 32.8374 1999.85 -14183.1
4.24 32.969 1999.89 -14240.8
4.245 33.1229 1999.8 -14308.8
4.25 33.3019 1999.79 -14387.5
4.255 33.5032 1999.88 -14475.7
4.26 33.7214 1999.97 -14571.6
4.265 33.9528 2000.06 -14673.6
4.27 34.1936 2000.15 -14779.9
4.275 34.4399 2000.24 -14888.7
4.28 34.6882 2000.31 -14998.4
4.285 34.9357 2000.36 -15107.6
4.29 35.1806 2000.4 -15215.3
4.295 35.4216 2000.43 -15320.9
4.3 35.6581 2000.43 -15424
4.305 35.8901 2000.42 -15524.7
4.31 36.1174 2000.38 -15623
4.315 36.3408 2000.33 -15719.1
4.32 36.5554 2000.13 -15811.9
4.325 36.7609 1999.85 -15901
4.33 36.9664 1999.78 -15988.7
4.335 37.1732 1999.85 -16076.2
4.34 37.3595 1999.46 -16157
4.345 37.5399 1999.19 -16234.8
4.35 37.7266 1999.27 -16313.4
4.355 37.9172 1999.51 -16393.1
4.36 38.0988 1999.61 -16470.4
4.365 38.2625 1999.4 -16541.7
4.37 38.4334 1999.52 -16613.7
4.375 38.5629 1999.53 -16674.1
4.38 38.6604 1999.17 -16722.2
4.385 38.6691 1997.84 -16738.3
4.39 38.6104 1996.91 -16723.3
4.395 38.5825 1997.26 -16706.4
4.4 38.5571 1997.73 -16688.6
4.405 38.4823 1997.1 -16653.8
4.41 38.4112 1997.74 -16617.7
4.415 38.3388 1998.17 -16582
4.42 38.2482 1997.49 -16541.3
4.425 38.0986 1994.02 -16480.5
4.43 37.8044 1995 -16352.9
4.435 37.2937 1993.17 -16147.9
4.44 0.0318811 -68.1437 -26.7023
