0.1 1.97805e-17 -0.0155533 -9.15766e-20
0.2 3.99859e-17 -0.0313518 -1.8512e-19
0.3 4.58259e-17 -0.0474074 -2.12157e-19
0.4 4.36496e-17 -0.0637418 -2.02081e-19
0.5 8.04253e-17 -0.0805483 -3.72339e-19
0.6 8.98587e-17 -0.0978412 -4.16012e-19
0.7 1.64486e-16 -0.115484 -7.61508e-19
0.8 1.33988e-16 -0.133487 -6.20317e-19
0.9 1.28605e-16 -0.151873 -5.95393e-19
1 1.87906e-16 -0.170668 -8.69934e-19
0.005 -6.71208e-07 -0.170668 2.33058e-09
0.01 -3.35504e-06 -0.170668 1.16494e-08
0.015 -8.72038e-06 -0.170668 3.02791e-08
0.02 -1.67656e-05 -0.170668 5.82139e-08
0.025 -2.74916e-05 -0.170668 9.5457e-08
0.03 -4.09017e-05 -0.170668 1.4202e-07
0.035 -5.70002e-05 -0.170668 1.97917e-07
0.04 -7.57902e-05 -0.170668 2.6316e-07
0.045 -9.72716e-05 -0.170668 3.37748e-07
0.05 -0.000121439 -0.170668 4.21663e-07
0.055 -0.000148282 -0.170669 5.14869e-07
0.06 -0.000177794 -0.170669 6.1734e-07
0.065 -0.000209979 -0.170669 7.29095e-07
0.07 -0.00024486 -0.170669 8.50208e-07
0.075 -0.000282473 -0.170669 9.8081e-07
0.08 -0.000322866 -0.170669 1.12106e-06
0.085 -0.00036609 -0.170669 1.27115e-06
0.09 -0.000412188 -0.170669 1.43121e-06
0.095 -0.00046118 -0.170669 1.60132e-06
0.1 -0.000513056 -0.17067 1.78144e-06
0.105 -0.000567788 -0.17067 1.97148e-06
0.11 -0.000625369 -0.17067 2.17142e-06
0.115 -0.000685841 -0.17067 2.38139e-06
0.12 -0.000749338 -0.17067 2.60186e-06
0.125 -0.000816076 -0.170671 2.83359e-06
0.13 -0.000886308 -0.170671 3.07745e-06
0.135 -0.00096025 -0.170671 3.33419e-06
0.14 -0.00103803 -0.170671 3.60426e-06
0.145 -0.00111968 -0.170672 3.88776e-06
0.15 -0.00120519 -0.170672 4.18466e-06
0.155 -0.00129456 -0.170672 4.49499e-06
0.16 -0.00138787 -0.170672 4.81896e-06
0.165 -0.00148527 -0.170673 5.15718e-06
0.17 -0.00158705 -0.170673 5.51057e-06
0.175 -0.00169353 -0.170673 5.88029e-06
0.18 -0.00180505 -0.170674 6.26753e-06
0.185 -0.00192194 -0.170674 6.67336e-06
0.19 -0.00204446 -0.170674 7.0988e-06
0.195 -0.00217297 -0.170675 7.54498e-06
0.2 -0.00230786 -0.170675 8.01337e-06
0.205 -0.00244976 -0.170676 8.50606e-06
0.21 -0.00259965 -0.170676 9.02651e-06
0.215 -0.00275899 -0.170677 9.57978e-06
0.22 -0.00292945 -0.170677 1.01716e-05
0.225 -0.00311247 -0.170678 1.08071e-05
0.23 -0.00330889 -0.170678 1.14891e-05
0.235 -0.00351863 -0.170679 1.22174e-05
0.24 -0.00374073 -0.17068 1.29885e-05
0.245 -0.00397361 -0.17068 1.37971e-05
0.25 -0.00421557 -0.170681 1.46373e-05
0.255 -0.00446533 -0.170682 1.55045e-05
0.26 -0.00472241 -0.170683 1.63971e-05
0.265 -0.00498721 -0.170683 1.73165e-05
0.27 -0.00526077 -0.170684 1.82663e-05
0.275 -0.00554445 -0.170685 1.92513e-05
0.28 -0.00583959 -0.170686 2.02761e-05
0.285 -0.00614729 -0.170687 2.13445e-05
0.29 -0.00646845 -0.170688 2.24596e-05
0.295 -0.00680382 -0.170689 2.3624e-05
0.3 -0.0071542 -0.17069 2.48406e-05
0.305 -0.00752055 -0.170691 2.61126e-05
0.31 -0.00790407 -0.170692 2.74442e-05
0.315 -0.00830628 -0.170694 2.88407e-05
0.32 -0.00872887 -0.170695 3.0308e-05
0.325 -0.00917345 -0.170696 3.18516e-05
0.33 -0.00964132 -0.170698 3.34761e-05
0.335 -0.0101333 -0.170699 3.51844e-05
0.34 -0.01065 -0.170701 3.69783e-05
0.345 -0.0111917 -0.170702 3.88589e-05
0.35 -0.0117585 -0.170704 4.08269e-05
0.355 -0.0123506 -0.170706 4.28828e-05
0.36 -0.0129678 -0.170708 4.50259e-05
0.365 -0.0136097 -0.17071 4.72545e-05
0.37 -0.0142755 -0.170712 4.95662e-05
0.375 -0.0149648 -0.170714 5.19592e-05
0.38 -0.0156772 -0.170716 5.44326e-05
0.385 -0.0164124 -0.170718 5.69853e-05
0.39 -0.0171695 -0.170721 5.96138e-05
0.395 -0.0179457 -0.170723 6.23089e-05
0.4 -0.0187362 -0.170726 6.50533e-05
0.405 -0.0195332 -0.170728 6.78204e-05
0.41 -0.0203265 -0.170731 7.05748e-05
0.415 -0.0211041 -0.170733 7.32746e-05
0.42 -0.0218532 -0.170735 7.58753e-05
0.425 -0.0225615 -0.170737 7.83346e-05
0.43 -0.0232199 -0.170739 8.06202e-05
0.435 -0.0238238 -0.170741 8.27168e-05
0.44 -0.0243748 -0.170743 8.463e-05
0.445 -0.0248807 -0.170745 8.63863e-05
0.45 -0.0253543 -0.170746 8.80306e-05
0.455 -0.0258124 -0.170747 8.96209e-05
0.46 -0.0262731 -0.170749 9.12205e-05
0.465 -0.0267537 -0.17075 9.28892e-05
0.47 -0.0272672 -0.170752 9.46717e-05
0.475 -0.0278197 -0.170754 9.65899e-05
0.48 -0.0284103 -0.170755 9.86402e-05
0.485 -0.0290316 -0.170757 0.000100797
0.49 -0.0296718 -0.170759 0.00010302
0.495 -0.0303171 -0.170761 0.00010526
0.5 -0.0309524 -0.170763 0.000107466
0.505 -0.0315624 -0.170765 0.000109584
0.51 -0.032131 -0.170767 0.000111557
0.515 -0.0326399 -0.170769 0.000113324
0.52 -0.033069 -0.17077 0.000114814
0.525 -0.0333971 -0.170771 0.000115953
0.53 -0.033605 -0.170772 0.000116675
0.535 -0.0336792 -0.170772 0.000116933
0.54 -0.0336154 -0.170772 0.000116711
0.545 -0.0334187 -0.170771 0.000116028
0.55 -0.0331026 -0.170771 0.00011493
0.555 -0.0326863 -0.170772 0.000113485
0.56 -0.0321916 -0.170772 0.000111767
0.565 -0.0316396 -0.170772 0.00010985
0.57 -0.0310473 -0.170772 0.000107794
0.575 -0.030425 -0.170772 0.000105633
0.58 -0.0297764 -0.170772 0.000103381
0.585 -0.0291011 -0.170772 0.000101036
0.59 -0.0283994 -0.170772 9.85997e-05
0.595 -0.0276758 -0.170772 9.60874e-05
0.6 -0.0269417 -0.170772 9.35385e-05
0.605 -0.0262143 -0.170772 9.10126e-05
0.61 -0.0255129 -0.170772 8.85773e-05
0.615 -0.0248543 -0.170772 8.62903e-05
0.62 -0.0242492 -0.170772 8.41895e-05
0.625 -0.0237027 -0.170772 8.22917e-05
0.63 -0.0232133 -0.170772 8.05924e-05
0.635 -0.0227734 -0.170772 7.90651e-05
0.64 -0.0223689 -0.170772 7.76604e-05
0.645 -0.0219792 -0.170772 7.63074e-05
0.65 -0.0215779 -0.170772 7.49141e-05
0.655 -0.0211333 -0.170772 7.33702e-05
0.66 -0.0206094 -0.170772 7.15513e-05
0.665 -0.0199706 -0.170772 6.93331e-05
0.67 -0.019188 -0.170772 6.66156e-05
0.675 -0.0182463 -0.170772 6.33461e-05
0.68 -0.0171474 -0.170772 5.95304e-05
0.685 -0.0159096 -0.170772 5.52325e-05
0.69 -0.0145651 -0.170772 5.05641e-05
0.695 -0.0131559 -0.170772 4.56709e-05
0.7 -0.0117293 -0.170772 4.07173e-05
0.705 -0.0103333 -0.170772 3.58704e-05
0.71 -0.00901282 -0.170772 3.12853e-05
0.715 -0.00780477 -0.170772 2.70906e-05
0.72 -0.00673502 -0.170772 2.33762e-05
0.725 -0.00581819 -0.170773 2.01928e-05
0.73 -0.00506226 -0.170773 1.75681e-05
0.735 -0.00447279 -0.170773 1.55213e-05
0.74 -0.0040528 -0.170773 1.4063e-05
0.745 -0.00379945 -0.170774 1.31833e-05
0.75 -0.00370013 -0.170774 1.28384e-05
0.755 -0.00372958 -0.170774 1.29407e-05
0.76 -0.00385008 -0.170774 1.33592e-05
0.765 -0.00401467 -0.170774 1.39307e-05
0.77 -0.00417154 -0.170774 1.44754e-05
0.775 -0.00426825 -0.170774 1.48112e-05
0.78 -0.00425598 -0.170774 1.47686e-05
0.785 -0.00409421 -0.170774 1.4207e-05
0.79 -0.00375514 -0.170774 1.30296e-05
0.795 -0.00322642 -0.170774 1.11937e-05
0.8 -0.00251047 -0.170775 8.70779e-06
0.805 -0.00162045 -0.170776 5.61753e-06
0.81 -0.000574871 -0.170779 1.98725e-06
0.815 0.000606541 -0.170783 -2.11481e-06
0.82 0.00190466 -0.170787 -6.62224e-06
0.825 0.00330102 -0.170791 -1.14707e-05
0.83 0.00477748 -0.170796 -1.65973e-05
0.835 0.006316 -0.170801 -2.19393e-05
0.84 0.00789861 -0.170806 -2.74343e-05
0.845 0.0095081 -0.170811 -3.30226e-05
0.85 0.0111295 -0.170816 -3.8652e-05
0.855 0.0127516 -0.170821 -4.4284e-05
0.86 0.0143688 -0.170826 -4.9899e-05
0.865 0.0159824 -0.170831 -5.55015e-05
0.87 0.0176008 -0.170836 -6.11202e-05
0.875 0.0192359 -0.170841 -6.67971e-05
0.88 0.020898 -0.170847 -7.25679e-05
0.885 0.0225897 -0.170852 -7.84411e-05
0.89 0.0243014 -0.170857 -8.43836e-05
0.895 0.0260088 -0.170862 -9.03116e-05
0.9 0.0276755 -0.170868 -9.60977e-05
0.905 0.0292624 -0.170872 -0.000101607
0.91 0.0307431 -0.170877 -0.000106748
0.915 0.0321155 -0.170881 -0.000111512
0.92 0.0334079 -0.170885 -0.000115999
0.925 0.034678 -0.170889 -0.000120408
0.93 0.036002 -0.170893 -0.000125004
0.935 0.0374536 -0.170898 -0.000130044
0.94 0.0390842 -0.170903 -0.000135705
0.945 0.0409097 -0.170909 -0.000142042
0.95 0.0429074 -0.170915 -0.000148977
0.955 0.0450218 -0.170921 -0.000156317
0.96 0.0471737 -0.170928 -0.000163787
0.965 0.0492715 -0.170934 -0.00017107
0.97 0.0512223 -0.170941 -0.000177842
0.975 0.0529415 -0.170946 -0.000183809
0.98 0.0543598 -0.17095 -0.000188733
0.985 0.0554246 -0.170954 -0.000192429
0.99 0.0560962 -0.170956 -0.00019476
0.995 0.0563428 -0.170957 -0.000195616
1 0.0561352 -0.170956 -0.000194896
1.005 0.0554474 -0.170955 -0.000192508
1.01 0.0542598 -0.170956 -0.000188384
1.015 0.0525643 -0.170956 -0.000182497
1.02 0.0503617 -0.170956 -0.000174849
1.025 0.0476562 -0.170956 -0.000165455
1.03 0.0444525 -0.170956 -0.00015433
1.035 0.0407594 -0.170956 -0.000141507
1.04 0.0365949 -0.170956 -0.000127047
1.045 0.0319888 -0.170956 -0.000111054
1.05 0.0269823 -0.170956 -9.367e-05
1.055 0.0216258 -0.170956 -7.5071e-05
1.06 0.0159727 -0.170956 -5.5442e-05
1.065 0.010073 -0.170957 -3.49569e-05
1.07 0.00397005 -0.170957 -1.37662e-05
1.075 -0.0022975 -0.170957 7.99612e-06
1.08 -0.00869112 -0.170957 3.01962e-05
1.085 -0.0151672 -0.170957 5.26822e-05
1.09 -0.0216723 -0.170957 7.52694e-05
1.095 -0.0281414 -0.170959 9.77311e-05
1.1 -0.0344996 -0.170965 0.000119806
1.105 -0.0406692 -0.170982 0.000141224
1.11 -0.0465785 -0.171003 0.000161738
1.115 -0.0521713 -0.171022 0.000181152
1.12 -0.0574135 -0.171041 0.00019935
1.125 -0.0622964 -0.171058 0.0002163
1.13 -0.066834 -0.171073 0.00023205
1.135 -0.0710583 -0.171087 0.000246713
1.14 -0.0750119 -0.171101 0.000260436
1.145 -0.0787351 -0.171113 0.000273359
1.15 -0.0822513 -0.171125 0.000285563
1.155 -0.0855527 -0.171136 0.000297021
1.16 -0.0885952 -0.171145 0.000307581
1.165 -0.0913019 -0.171154 0.000316975
1.17 -0.0935758 -0.171162 0.000324866
1.175 -0.0953144 -0.171167 0.0003309
1.18 -0.0964264 -0.171171 0.000334759
1.185 -0.0968471 -0.171173 0.000336219
1.19 -0.096548 -0.171172 0.000335181
1.195 -0.095537 -0.171171 0.000331671
1.2 -0.0938506 -0.171171 0.000325815
1.205 -0.0915398 -0.171172 0.000317791
1.21 -0.0886532 -0.171172 0.000307768
1.215 -0.085221 -0.171172 0.000295851
1.22 -0.0812515 -0.171172 0.000282067
1.225 -0.0767427 -0.171173 0.000266412
1.23 -0.0717069 -0.171173 0.000248926
1.235 -0.0661941 -0.171173 0.000229784
1.24 -0.0602995 -0.171173 0.000209317
1.245 -0.0541518 -0.171173 0.000187971
1.25 -0.0478903 -0.171173 0.000166229
1.255 -0.0416437 -0.171173 0.00014454
1.26 -0.0355174 -0.171173 0.000123268
1.265 -0.0295876 -0.171173 0.000102678
1.27 -0.0239038 -0.171173 8.29427e-05
1.275 -0.0184954 -0.171173 6.41635e-05
1.28 -0.0133807 -0.171173 4.64041e-05
1.285 -0.00857287 -0.171173 2.97103e-05
1.29 -0.00408237 -0.171173 1.41183e-05
1.295 8.58178e-05 -0.171173 -3.54534e-07
1.3 0.00394189 -0.171173 -1.37436e-05
1.305 0.00752648 -0.171173 -2.61901e-05
1.31 0.0109212 -0.171173 -3.79774e-05
1.315 0.014245 -0.171173 -4.95182e-05
1.32 0.0176358 -0.171173 -6.12918e-05
1.325 0.0212224 -0.171173 -7.37454e-05
1.33 0.0250945 -0.171173 -8.71902e-05
1.335 0.0292793 -0.171173 -0.000101721
1.34 0.0337292 -0.171174 -0.000117171
1.345 0.0383246 -0.171174 -0.000133128
1.35 0.0428947 -0.171175 -0.000148996
1.355 0.0472506 -0.171176 -0.00016412
1.36 0.0512218 -0.171179 -0.000177907
1.365 0.0546838 -0.171185 -0.000189926
1.37 0.0575663 -0.171193 -0.000199933
1.375 0.0598443 -0.171201 -0.00020784
1.38 0.0615258 -0.171207 -0.000213677
1.385 0.0626446 -0.171212 -0.00021756
1.39 0.0632508 -0.171214 -0.000219665
1.395 0.0633989 -0.171216 -0.000220179
1.4 0.0631369 -0.171215 -0.00021927
1.405 0.0625072 -0.171215 -0.000217083
1.41 0.0615577 -0.171216 -0.000213785
1.415 0.0603553 -0.171216 -0.00020961
1.42 0.058998 -0.171217 -0.000204896
1.425 0.0576157 -0.171217 -0.000200096
1.43 0.0563603 -0.171217 -0.000195736
1.435 0.0553855 -0.171217 -0.000192352
1.44 0.0548275 -0.171218 -0.000190414
1.445 0.0547899 -0.171218 -0.000190283
1.45 0.0553373 -0.171218 -0.000192184
1.455 0.0564959 -0.171218 -0.000196206
1.46 0.0582587 -0.171218 -0.000202327
1.465 0.06059 -0.171218 -0.000210422
1.47 0.0634267 -0.171218 -0.000220272
1.475 0.0666756 -0.171223 -0.000231551
1.48 0.0702075 -0.171234 -0.000243811
1.485 0.0738587 -0.171247 -0.000256484
1.49 0.0774471 -0.171259 -0.000268939
1.495 0.0808007 -0.17127 -0.000280579
1.5 0.0837941 -0.17128 -0.000290969
1.505 0.0863803 -0.171288 -0.000299945
1.51 0.0886059 -0.171295 -0.000307669
1.515 0.0906043 -0.171302 -0.000314605
1.52 0.0925678 -0.171308 -0.00032142
1.525 0.0947122 -0.171315 -0.000328862
1.53 0.0972457 -0.171323 -0.000337655
1.535 0.100346 -0.171333 -0.000348415
1.54 0.104146 -0.171345 -0.000361603
1.545 0.108724 -0.17136 -0.000377488
1.55 0.114098 -0.171377 -0.000396137
1.555 0.12024 -0.171397 -0.000417451
1.56 0.127088 -0.171418 -0.000441216
1.565 0.134566 -0.171442 -0.000467164
1.57 0.14259 -0.171468 -0.000495007
1.575 0.151069 -0.171495 -0.000524426
1.58 0.159887 -0.171523 -0.000555022
1.585 0.168895 -0.171552 -0.000586276
1.59 0.177905 -0.171581 -0.000617532
1.595 0.186695 -0.17161 -0.000648026
1.6 0.195031 -0.171637 -0.000676944
1.605 0.20269 -0.171662 -0.00070351
1.61 0.209473 -0.171684 -0.000727039
1.615 0.215218 -0.171702 -0.000746964
1.62 0.219792 -0.171717 -0.000762828
1.625 0.223088 -0.171728 -0.000774259
1.63 0.225019 -0.171735 -0.000780956
1.635 0.225513 -0.171736 -0.000782668
1.64 0.224522 -0.171733 -0.000779231
1.645 0.222037 -0.171731 -0.000770605
1.65 0.218103 -0.171732 -0.000756946
1.655 0.212827 -0.171733 -0.000738624
1.66 0.206366 -0.171734 -0.000716189
1.665 0.198913 -0.171734 -0.00069031
1.67 0.190679 -0.171735 -0.000661717
1.675 0.181876 -0.171735 -0.000631152
1.68 0.172715 -0.171735 -0.000599343
1.685 0.163397 -0.171735 -0.000566987
1.69 0.154109 -0.171736 -0.000534736
1.695 0.145015 -0.171736 -0.000503161
1.7 0.13624 -0.171736 -0.000472694
1.705 0.127851 -0.171736 -0.000443563
1.71 0.119848 -0.171736 -0.000415777
1.715 0.112186 -0.171736 -0.000389172
1.72 0.104799 -0.171736 -0.000363521
1.725 0.0976297 -0.171736 -0.000338628
1.73 0.0906397 -0.171736 -0.000314357
1.735 0.0837987 -0.171736 -0.000290604
1.74 0.0770792 -0.171736 -0.000267273
1.745 0.0704575 -0.171736 -0.000244281
1.75 0.0639203 -0.171736 -0.000221582
1.755 0.0574636 -0.171736 -0.000199164
1.76 0.0510817 -0.171736 -0.000177004
1.765 0.0447528 -0.171736 -0.000155029
1.77 0.0384298 -0.171736 -0.000133075
1.775 0.0320405 -0.171736 -0.00011089
1.78 0.0255061 -0.171736 -8.82016e-05
1.785 0.0187734 -0.171736 -6.48243e-05
1.79 0.0118457 -0.171737 -4.07704e-05
1.795 0.00480052 -0.171737 -1.63084e-05
1.8 -0.00221814 -0.171737 8.06136e-06
1.805 -0.00902885 -0.171737 3.17091e-05
1.81 -0.0154518 -0.171737 5.40106e-05
1.815 -0.0213365 -0.171737 7.44428e-05
1.82 -0.0265671 -0.171737 9.26039e-05
1.825 -0.0310597 -0.171737 0.000108203
1.83 -0.0347634 -0.171738 0.000121062
1.835 -0.0376699 -0.171738 0.000131154
1.84 -0.0398266 -0.171738 0.000138642
1.845 -0.0413457 -0.171738 0.000143917
1.85 -0.0423969 -0.171738 0.000147567
1.855 -0.0431807 -0.171738 0.000150288
1.86 -0.0438921 -0.171738 0.000152758
1.865 -0.0446883 -0.171738 0.000155522
1.87 -0.0456769 -0.171738 0.000158955
1.875 -0.0469236 -0.171739 0.000163283
1.88 -0.0484617 -0.171739 0.000168624
1.885 -0.0502965 -0.171739 0.000174994
1.89 -0.0524084 -0.171739 0.000182327
1.895 -0.0547575 -0.17174 0.000190483
1.9 -0.0572943 -0.17174 0.000199291
1.905 -0.0599766 -0.171741 0.000208604
1.91 -0.0627859 -0.171742 0.000218358
1.915 -0.0657301 -0.171743 0.00022858
1.92 -0.0688288 -0.171744 0.000239339
1.925 -0.0720939 -0.171746 0.000250675
1.93 -0.0755237 -0.171749 0.000262583
1.935 -0.0791164 -0.171753 0.000275056
1.94 -0.0828995 -0.171758 0.000288191
1.945 -0.0869607 -0.171765 0.000302291
1.95 -0.0914585 -0.171776 0.000317915
1.955 -0.0966008 -0.171792 0.000335772
1.96 -0.102603 -0.171811 0.000356597
1.965 -0.109646 -0.171834 0.000381032
1.97 -0.117855 -0.17186 0.000409514
1.975 -0.127305 -0.17189 0.000442302
1.98 -0.138026 -0.171924 0.000479499
1.985 -0.150006 -0.171963 0.000521063
1.99 -0.1632 -0.172005 0.000566831
1.995 -0.177535 -0.172052 0.00061656
2 -0.192943 -0.172102 0.000670003
2.005 -0.209371 -0.172155 0.000726982
2.01 -0.226792 -0.172212 0.000787395
2.015 -0.245183 -0.172273 0.000851171
2.02 -0.264509 -0.172336 0.000918177
2.025 -0.284689 -0.172403 0.00098814
2.03 -0.305589 -0.172473 0.00106059
2.035 -0.327012 -0.172544 0.00113484
2.04 -0.348714 -0.172617 0.00121005
2.045 -0.370415 -0.172691 0.00128525
2.05 -0.391819 -0.172763 0.00135941
2.055 -0.41263 -0.172835 0.0014315
2.06 -0.432587 -0.172903 0.00150063
2.065 -0.451506 -0.172968 0.00156614
2.07 -0.469314 -0.17303 0.00162781
2.075 -0.486051 -0.173088 0.00168576
2.08 -0.501813 -0.173144 0.00174033
2.085 -0.516693 -0.173196 0.00179184
2.09 -0.530733 -0.173245 0.00184044
2.095 -0.543909 -0.173292 0.00188604
2.1 -0.556163 -0.173335 0.00192845
2.105 -0.567448 -0.173375 0.0019675
2.11 -0.577762 -0.173412 0.00200319
2.115 -0.587162 -0.173446 0.00203571
2.12 -0.595758 -0.173477 0.00206545
2.125 -0.603684 -0.173505 0.00209287
2.13 -0.611083 -0.173532 0.00211847
2.135 -0.618087 -0.173557 0.0021427
2.14 -0.624813 -0.173581 0.00216597
2.145 -0.631361 -0.173605 0.00218861
2.15 -0.637812 -0.173628 0.00221093
2.155 -0.644217 -0.173651 0.00223308
2.16 -0.650568 -0.173674 0.00225505
2.165 -0.656784 -0.173697 0.00227654
2.17 -0.662715 -0.173718 0.00229706
2.175 -0.668185 -0.173738 0.00231597
2.18 -0.673037 -0.173756 0.00233275
2.185 -0.677181 -0.173771 0.00234708
2.19 -0.680591 -0.173783 0.00235887
2.195 -0.683277 -0.173793 0.00236816
2.2 -0.685256 -0.1738 0.002375
2.205 -0.686528 -0.173805 0.0023794
2.21 -0.687067 -0.173807 0.00238127
2.215 -0.686832 -0.173806 0.00238045
2.22 -0.685785 -0.173805 0.00237682
2.225 -0.683911 -0.173806 0.00237031
2.23 -0.681208 -0.173806 0.00236093
2.235 -0.677683 -0.173806 0.00234868
2.24 -0.673344 -0.173806 0.00233362
2.245 -0.668216 -0.173806 0.00231581
2.25 -0.662362 -0.173806 0.00229548
2.255 -0.655899 -0.173807 0.00227304
2.26 -0.649001 -0.173807 0.00224909
2.265 -0.641865 -0.173807 0.00222431
2.27 -0.63467 -0.173807 0.00219933
2.275 -0.627531 -0.173807 0.00217454
2.28 -0.62049 -0.173807 0.00215009
2.285 -0.61353 -0.173807 0.00212593
2.29 -0.606617 -0.173807 0.00210192
2.295 -0.599724 -0.173807 0.00207799
2.3 -0.592835 -0.173807 0.00205407
2.305 -0.585932 -0.173807 0.0020301
2.31 -0.578979 -0.173807 0.00200596
2.315 -0.57191 -0.173807 0.00198141
2.32 -0.56463 -0.173807 0.00195614
2.325 -0.557029 -0.173807 0.00192975
2.33 -0.548994 -0.173807 0.00190184
2.335 -0.540399 -0.173807 0.001872
2.34 -0.53109 -0.173807 0.00183968
2.345 -0.520865 -0.173807 0.00180418
2.35 -0.509471 -0.173807 0.00176462
2.355 -0.496645 -0.173807 0.00172008
2.36 -0.482157 -0.173807 0.00166978
2.365 -0.465848 -0.173807 0.00161315
2.37 -0.447647 -0.173807 0.00154996
2.375 -0.427565 -0.173807 0.00148023
2.38 -0.405693 -0.173807 0.00140429
2.385 -0.382199 -0.173807 0.00132272
2.39 -0.357316 -0.173806 0.00123633
2.395 -0.331321 -0.173806 0.00114608
2.4 -0.3045 -0.173806 0.00105296
2.405 -0.277105 -0.173806 0.000957856
2.41 -0.24932 -0.173805 0.000861395
2.415 -0.22125 -0.173805 0.00076395
2.42 -0.192943 -0.173805 0.000665687
2.425 -0.164412 -0.173804 0.000566647
2.43 -0.135641 -0.173804 0.000466782
2.435 -0.106595 -0.173804 0.000365965
2.44 -0.0772141 -0.173804 0.000263994
2.445 -0.0474209 -0.173803 0.000160599
2.45 -0.0171225 -0.173803 5.54643e-05
2.455 0.0137777 -0.173804 -5.17447e-05
2.46 0.0453642 -0.173805 -0.000161317
2.465 0.0776907 -0.173808 -0.000273434
2.47 0.110768 -0.173815 -0.000388134
2.475 0.144564 -0.173829 -0.000505306
2.48 0.179012 -0.173861 -0.000624726
2.485 0.214017 -0.173928 -0.000746115
2.49 0.249462 -0.174036 -0.000868965
2.495 0.285207 -0.174164 -0.000992752
2.5 0.321077 -0.174292 -0.00111697
2.505 0.356869 -0.17442 -0.0012409
2.51 0.392357 -0.174546 -0.00136376
2.515 0.427318 -0.17467 -0.00148477
2.52 0.461552 -0.174792 -0.00160323
2.525 0.494885 -0.174911 -0.00171855
2.53 0.527177 -0.175026 -0.00183025
2.535 0.558311 -0.175137 -0.00193792
2.54 0.588182 -0.175245 -0.00204119
2.545 0.616689 -0.175347 -0.00213974
2.55 0.643744 -0.175445 -0.00223325
2.555 0.669276 -0.175538 -0.00232148
2.56 0.69324 -0.175625 -0.00240427
2.565 0.715614 -0.175707 -0.00248156
2.57 0.736398 -0.175784 -0.00255336
2.575 0.755626 -0.175855 -0.00261976
2.58 0.773374 -0.175921 -0.00268105
2.585 0.789763 -0.175982 -0.00273764
2.59 0.804965 -0.176038 -0.00279012
2.595 0.819181 -0.176091 -0.0028392
2.6 0.832619 -0.176142 -0.00288559
2.605 0.845461 -0.17619 -0.00292991
2.61 0.857824 -0.176236 -0.00297258
2.615 0.869743 -0.176281 -0.00301372
2.62 0.881175 -0.176324 -0.00305317
2.625 0.892019 -0.176365 -0.00309059
2.63 0.902141 -0.176404 -0.00312552
2.635 0.911398 -0.176439 -0.00315745
2.64 0.919639 -0.17647 -0.00318589
2.645 0.926713 -0.176497 -0.00321029
2.65 0.932459 -0.176519 -0.00323011
2.655 0.936706 -0.176535 -0.00324477
2.66 0.939283 -0.176545 -0.00325365
2.665 0.940026 -0.176548 -0.00325622
2.67 0.938793 -0.176544 -0.00325196
2.675 0.935479 -0.176541 -0.00324047
2.68 0.930042 -0.176543 -0.00322158
2.685 0.922524 -0.176544 -0.00319547
2.69 0.913095 -0.176545 -0.00316272
2.695 0.902056 -0.176545 -0.00312439
2.7 0.889833 -0.176546 -0.00308194
2.705 0.876927 -0.176547 -0.00303713
2.71 0.863849 -0.176547 -0.00299172
2.715 0.851059 -0.176547 -0.0029473
2.72 0.838915 -0.176547 -0.00290514
2.725 0.827665 -0.176548 -0.00286607
2.73 0.817431 -0.176548 -0.00283054
2.735 0.808226 -0.176548 -0.00279858
2.74 0.799965 -0.176548 -0.00276989
2.745 0.792487 -0.176548 -0.00274393
2.75 0.78559 -0.176548 -0.00271998
2.755 0.77907 -0.176548 -0.00269734
2.76 0.772751 -0.176548 -0.0026754
2.765 0.766508 -0.176548 -0.00265373
2.77 0.76027 -0.176548 -0.00263207
2.775 0.754012 -0.176548 -0.00261034
2.78 0.747745 -0.176548 -0.00258858
2.785 0.741502 -0.176548 -0.0025669
2.79 0.735334 -0.176548 -0.00254548
2.795 0.729297 -0.176548 -0.00252453
2.8 0.723458 -0.176548 -0.00250425
2.805 0.717884 -0.176548 -0.0024849
2.81 0.712647 -0.176548 -0.00246672
2.815 0.707831 -0.176548 -0.00244999
2.82 0.703528 -0.176548 -0.00243505
2.825 0.699857 -0.176548 -0.00242231
2.83 0.696963 -0.176548 -0.00241226
2.835 0.695013 -0.176548 -0.00240549
2.84 0.694187 -0.176548 -0.00240262
2.845 0.694662 -0.176548 -0.00240427
2.85 0.69661 -0.176548 -0.00241103
2.855 0.700188 -0.176548 -0.00242346
2.86 0.705545 -0.176548 -0.00244206
2.865 0.712814 -0.176548 -0.0024673
2.87 0.722095 -0.176548 -0.00249953
2.875 0.733445 -0.176548 -0.00253894
2.88 0.746886 -0.176548 -0.00258561
2.885 0.76243 -0.176548 -0.00263958
2.89 0.780104 -0.176548 -0.00270094
2.895 0.799971 -0.176548 -0.00276993
2.9 0.822135 -0.176548 -0.00284688
2.905 0.846724 -0.176548 -0.00293225
2.91 0.873858 -0.176548 -0.00302646
2.915 0.903628 -0.176548 -0.00312981
2.92 0.936072 -0.176548 -0.00324244
2.925 0.971184 -0.176562 -0.00336424
2.93 1.00892 -0.176669 -0.00349469
2.935 1.04921 -0.176858 -0.00363362
2.94 1.092 -0.177055 -0.00378115
2.945 1.13726 -0.177258 -0.00393714
2.95 1.185 -0.177469 -0.00410164
2.955 1.23531 -0.177689 -0.00427494
2.96 1.28834 -0.177919 -0.00445751
2.965 1.34427 -0.178162 -0.00464997
2.97 1.40335 -0.178413 -0.00485266
2.975 1.46577 -0.178667 -0.00506586
2.98 1.53175 -0.178913 -0.00528923
2.985 1.60141 -0.179159 -0.00552368
2.99 1.67481 -0.179416 -0.00577043
2.995 1.75197 -0.179641 -0.00602707
3 1.83286 -0.179814 -0.00629287
3.005 1.91743 -0.179904 -0.00656748
3.01 2.00563 -0.179915 -0.00685025
3.015 2.09737 -0.179924 -0.00714338
3.02 2.19258 -0.179933 -0.00744729
3.025 2.29117 -0.17985 -0.0077586
3.03 2.39303 -0.17969 -0.00807738
3.035 2.49804 -0.17954 -0.00840609
3.04 2.60607 -0.179324 -0.00874251
3.045 2.717 -0.179025 -0.00908507
3.05 2.83067 -0.178702 -0.0094342
3.055 2.94695 -0.178334 -0.00978854
3.06 3.06572 -0.177872 -0.0101471
3.065 3.18683 -0.177292 -0.0105083
3.07 3.31018 -0.176595 -0.01087
3.075 3.43565 -0.175841 -0.0112346
3.08 3.56313 -0.175013 -0.0116012
3.085 3.69254 -0.174016 -0.0119653
3.09 3.82382 -0.172854 -0.012328
3.095 3.95695 -0.17158 -0.0126929
3.1 4.09191 -0.170211 -0.0130596
3.105 4.22874 -0.168761 -0.0134273
3.11 4.36743 -0.167273 -0.013798
3.115 4.50798 -0.165719 -0.0141728
3.12 4.65036 -0.164099 -0.0145504
3.125 4.79452 -0.162466 -0.0149288
3.13 4.94041 -0.16079 -0.0153051
3.135 5.08798 -0.159071 -0.0156749
3.14 5.23719 -0.157316 -0.0160392
3.145 5.38801 -0.155507 -0.0163905
3.15 5.54045 -0.153805 -0.0167192
3.155 5.6945 -0.152226 -0.0170399
3.16 5.85018 -0.150683 -0.017363
3.165 6.00753 -0.149208 -0.0176824
3.17 6.16657 -0.147776 -0.0179996
3.175 6.32732 -0.146375 -0.018319
3.18 6.48975 -0.145004 -0.0186412
3.185 6.65382 -0.143626 -0.0189684
3.19 6.81941 -0.142273 -0.0192992
3.195 6.98642 -0.140821 -0.0196449
3.2 7.1547 -0.139237 -0.0200055
3.205 7.32411 -0.137669 -0.0203685
3.21 7.49456 -0.13612 -0.0207346
3.215 7.66597 -0.134503 -0.0211085
3.22 7.8383 -0.132819 -0.0214891
3.225 8.01153 -0.13117 -0.0218707
3.23 8.18567 -0.129558 -0.0222532
3.235 8.36067 -0.127992 -0.0226367
3.24 8.5365 -0.1265 -0.0230207
3.245 8.71306 -0.124986 -0.0234083
3.25 8.89023 -0.123422 -0.0237997
3.255 9.06788 -0.121904 -0.0241913
3.26 9.24583 -0.120439 -0.0245829
3.265 9.42387 -0.119015 -0.024975
3.27 9.60182 -0.117496 -0.0253743
3.275 9.77951 -0.115889 -0.0257796
3.28 9.95677 -0.114215 -0.0261884
3.285 10.1335 -0.112527 -0.0265997
3.29 10.3095 -0.110969 -0.0270078
3.295 10.4846 -0.109482 -0.027413
3.3 10.6587 -0.108016 -0.0278156
3.305 10.8316 -0.106494 -0.0282161
3.31 11.0031 -0.104937 -0.0286139
3.315 11.1728 -0.103459 -0.0290071
3.32 11.3405 -0.102052 -0.0293948
3.325 11.5055 -0.100682 -0.0297766
3.33 11.6676 -0.0993525 -0.0301511
3.335 11.8261 -0.0980693 -0.0305173
3.34 11.9805 -0.0968368 -0.0308738
3.345 12.1301 -0.0956598 -0.0312193
3.35 12.2744 -0.0945429 -0.0315524
3.355 12.4127 -0.0934902 -0.0318716
3.36 12.5446 -0.0925054 -0.0321757
3.365 12.6694 -0.0915915 -0.0324635
3.37 12.7866 -0.0907506 -0.0327339
3.375 12.8959 -0.089984 -0.0329858
3.38 12.9969 -0.0892924 -0.0332184
3.385 13.0891 -0.088684 -0.0334308
3.39 13.1723 -0.0882047 -0.0336221
3.395 13.246 -0.0878362 -0.0337916
3.4 13.3101 -0.0875225 -0.0339388
3.405 13.3641 -0.0872638 -0.0340628
3.41 13.4078 -0.0870595 -0.0341632
3.415 13.4409 -0.0869093 -0.0342392
3.42 13.4632 -0.0868127 -0.0342904
3.425 13.4745 -0.0867694 -0.0343164
3.43 13.4747 -0.0867794 -0.0343168
3.435 13.4637 -0.0868396 -0.0342909
3.44 13.4415 -0.0870433 -0.0342337
3.445 13.4081 -0.0874293 -0.0341442
3.45 13.3635 -0.0879486 -0.0340265
3.455 13.3077 -0.0886234 -0.0338817
3.46 13.241 -0.0894713 -0.0337112
3.465 13.1633 -0.0905004 -0.0335158
3.47 13.0747 -0.0917133 -0.0332963
3.475 12.9754 -0.0931059 -0.0330526
3.48 12.8655 -0.0946715 -0.0327847
3.485 12.7451 -0.0964033 -0.0324928
3.49 12.6145 -0.0983203 -0.032177
3.495 12.4737 -0.100486 -0.031838
3.5 12.3231 -0.102884 -0.0314762
3.505 12.1626 -0.105441 -0.0310915
3.51 11.9927 -0.108034 -0.0306833
3.515 11.8135 -0.110675 -0.0302518
3.52 11.6251 -0.113461 -0.0297985
3.525 11.4279 -0.116141 -0.0293215
3.53 11.222 -0.118744 -0.0288214
3.535 11.0077 -0.121502 -0.028301
3.54 10.7851 -0.124387 -0.0277606
3.545 10.5544 -0.127396 -0.0272009
3.55 10.3158 -0.130549 -0.0266225
3.555 10.0695 -0.133847 -0.0260258
3.56 9.81567 -0.137338 -0.0254119
3.565 9.5545 -0.141024 -0.0247812
3.57 9.2862 -0.144622 -0.0241305
3.575 9.01098 -0.148129 -0.0234603
3.58 8.72909 -0.151755 -0.0227749
3.585 8.44078 -0.155499 -0.022075
3.59 8.14633 -0.15938 -0.0213607
3.595 7.84604 -0.163236 -0.0206299
3.6 7.54019 -0.167067 -0.0198835
3.605 7.22904 -0.171035 -0.019125
3.61 6.91282 -0.175127 -0.0183545
3.615 6.59172 -0.179369 -0.0175728
3.62 6.26591 -0.183822 -0.0167815
3.625 5.93553 -0.188401 -0.01598
3.63 5.6007 -0.193085 -0.0151679
3.635 5.26157 -0.197439 -0.0143367
3.64 4.91828 -0.200898 -0.0134769
3.645 4.57104 -0.204005 -0.012597
3.65 4.22004 -0.206614 -0.0116905
3.655 3.86552 -0.208246 -0.010746
3.66 3.50768 -0.209233 -0.00976824
3.665 3.14671 -0.209587 -0.00875373
3.67 2.78276 -0.209597 -0.00771587
3.675 2.41598 -0.209311 -0.00665417
3.68 2.04649 -0.208633 -0.00556093
3.685 1.6744 -0.207917 -0.0044551
3.69 1.29979 -0.207208 -0.00333688
3.695 0.922696 -0.206374 -0.0021927
3.7 0.543122 -0.205382 -0.00101318
3.705 0.161047 -0.20424 0.000202076
3.71 -0.223565 -0.203347 0.0014469
3.715 -0.610742 -0.202769 0.0027054
3.72 -1.0005 -0.201834 0.00394993
3.725 -1.39283 -0.200272 0.00516828
3.73 -1.78769 -0.198291 0.0063699
3.735 -2.18501 -0.195994 0.00755878
3.74 -2.58469 -0.193266 0.00873039
3.745 -2.9866 -0.189903 0.00987537
3.75 -3.39059 -0.185971 0.0109971
3.755 -3.79646 -0.181646 0.0121048
3.76 -4.20401 -0.176912 0.0132077
3.765 -4.61301 -0.17191 0.0143012
3.77 -5.02322 -0.166746 0.0153629
3.775 -5.43434 -0.161534 0.0163551
3.78 -5.8461 -0.156959 0.017221
3.785 -6.25816 -0.153253 0.0179991
3.79 -6.67016 -0.15001 0.018767
3.795 -7.08169 -0.146738 0.0195711
3.8 -7.49232 -0.143231 0.0204206
3.805 -7.90158 -0.139556 0.021294
3.81 -8.30898 -0.135867 0.0221779
3.815 -8.71397 -0.132283 0.0230619
3.82 -9.11592 -0.128791 0.0239445
3.825 -9.51414 -0.125352 0.0248336
3.83 -9.90789 -0.121858 0.0257367
3.835 -10.2964 -0.118525 0.0266356
3.84 -10.6788 -0.115275 0.0275208
3.845 -11.0544 -0.1121 0.0283909
3.85 -11.4224 -0.109161 0.029242
3.855 -11.7822 -0.10638 0.0300735
3.86 -12.1331 -0.103781 0.0308837
3.865 -12.4744 -0.10139 0.0316713
3.87 -12.8057 -0.0994591 0.032434
3.875 -13.1263 -0.0979863 0.0331706
3.88 -13.4357 -0.0967607 0.033881
3.885 -13.7336 -0.0958616 0.034564
3.89 -14.0197 -0.0954498 0.0352185
3.895 -14.2936 -0.0951022 0.0358458
3.9 -14.5553 -0.0946953 0.0364458
3.905 -14.8046 -0.0948918 0.0370161
3.91 -15.0415 -0.0972412 0.0375514
3.915 -15.2657 1.07017 0.0415536
