0.1 9.49555e-32 200 2.84217e-14 -9.49555e-32 -200 -2.84217e-14
0.2 -8.76512e-32 400 2.66454e-14 8.76512e-32 -400 -2.66454e-14
0.3 -5.84341e-31 600 1.63425e-13 5.84341e-31 -600 -1.63425e-13
0.4 1.51929e-30 800 2.94875e-13 -1.51929e-30 -800 -2.94875e-13
0.5 -2.92171e-31 1000 2.13163e-14 2.92171e-31 -1000 -2.13163e-14
0.6 4.61995e-31 1200 3.55271e-15 -4.61995e-31 -1200 -3.55271e-15
0.7 0 1400 -1.38556e-13 -0 -1400 1.38556e-13
0.8 -5.84341e-31 1600 -3.69482e-13 5.84341e-31 -1600 3.69482e-13
0.9 2.99475e-31 1800 -1.77636e-14 -2.99475e-31 -1800 1.77636e-14
1 2.10363e-30 2000 -5.7554e-13 -2.10363e-30 -2000 5.7554e-13
0.005 1.15342e-05 2000 -0.00499933 -1.15342e-05 -2000 1.65399e-05
0.01 5.75986e-05 2000 -0.0249141 -5.75986e-05 -2000 3.15164e-05
0.015 0.000149666 2000 -0.0646811 -0.000149666 -2000 2.5335e-05
0.02 0.000287723 2000 -0.124317 -0.000287723 -2000 2.03328e-05
0.025 0.000471782 2000 -0.203826 -0.000471782 -2000 1.63797e-05
0.03 0.000701903 2000 -0.303235 -0.000701903 -2000 1.32012e-05
0.035 0.000978159 2000 -0.422575 -0.000978159 -2000 1.06476e-05
0.04 0.0013006 2000 -0.561868 -0.0013006 -2000 8.59844e-06
0.045 0.00166923 2000 -0.721114 -0.00166923 -2000 6.95649e-06
0.05 0.00208395 2000 -0.900272 -0.00208395 -2000 5.6436e-06
0.055 0.00254459 2000 -1.09927 -0.00254459 -2000 4.59677e-06
0.06 0.00305102 2000 -1.31805 -0.00305102 -2000 3.76524e-06
0.065 0.00360333 2000 -1.55664 -0.00360333 -2000 3.1082e-06
0.07 0.0042019 2000 -1.81522 -0.0042019 -2000 2.59285e-06
0.075 0.00484735 2000 -2.09406 -0.00484735 -2000 2.1929e-06
0.08 0.00554051 2000 -2.3935 -0.00554051 -2000 1.8873e-06
0.085 0.00628223 2000 -2.71393 -0.00628223 -2000 1.6592e-06
0.09 0.00707328 2000 -3.05566 -0.00707328 -2000 1.49508e-06
0.095 0.007914 2000 -3.41885 -0.007914 -2000 1.38399e-06
0.1 0.00880419 2000 -3.80341 -0.00880419 -2000 1.31692e-06
0.105 0.0097434 2000 -4.20915 -0.0097434 -2000 1.28641e-06
0.11 0.0107315 2000 -4.636 -0.0107315 -2000 1.28649e-06
0.115 0.0117692 2000 -5.08429 -0.0117692 -2000 1.31268e-06
0.12 0.0128588 2000 -5.555 -0.0128588 -2000 1.36214e-06
0.125 0.014004 2000 -6.04973 -0.014004 -2000 1.43363e-06
0.13 0.0152092 2000 -6.57037 -0.0152092 -2000 1.52705e-06
0.135 0.016478 2000 -7.1185 -0.016478 -2000 1.64261e-06
0.14 0.0178127 2000 -7.69507 -0.0178127 -2000 1.78008e-06
0.145 0.0192137 2000 -8.30034 -0.0192137 -2000 1.93828e-06
0.15 0.020681 2000 -8.93421 -0.020681 -2000 2.1154e-06
0.155 0.0222147 2000 -9.59673 -0.0222147 -2000 2.3099e-06
0.16 0.0238157 2000 -10.2884 -0.0238157 -2000 2.52103e-06
0.165 0.0254872 2000 -11.0105 -0.0254872 -2000 2.75045e-06
0.17 0.0272336 2000 -11.7649 -0.0272336 -2000 3.00076e-06
0.175 0.0290608 2000 -12.5543 -0.0290608 -2000 3.2756e-06
0.18 0.0309744 2000 -13.381 -0.0309744 -2000 3.57945e-06
0.185 0.03298 2000 -14.2474 -0.03298 -2000 3.91636e-06
0.19 0.0350824 2000 -15.1556 -0.0350824 -2000 4.28976e-06
0.195 0.0372874 2000 -16.1082 -0.0372874 -2000 4.70358e-06
0.2 0.0396021 2000 -17.1081 -0.0396021 -2000 5.16328e-06
0.205 0.0420369 2000 -18.1599 -0.0420369 -2000 5.67722e-06
0.21 0.0446088 2000 -19.271 -0.0446088 -2000 6.26135e-06
0.215 0.0473429 2000 -20.4521 -0.0473429 -2000 6.94229e-06
0.22 0.0502677 2000 -21.7156 -0.0502677 -2000 7.75531e-06
0.225 0.053408 2000 -23.0723 -0.053408 -2000 8.73516e-06
0.23 0.0567781 2000 -24.5281 -0.0567781 -2000 9.9045e-06
0.235 0.0603768 2000 -26.0828 -0.0603768 -2000 1.12626e-05
0.24 0.0641876 2000 -27.7291 -0.0641876 -2000 1.27793e-05
0.245 0.0681833 2000 -29.4552 -0.0681833 -2000 1.44e-05
0.25 0.0723348 2000 -31.2486 -0.0723348 -2000 1.60617e-05
0.255 0.07662 2000 -33.0999 -0.07662 -2000 1.77143e-05
0.26 0.0810307 2000 -35.0053 -0.0810307 -2000 1.93382e-05
0.265 0.0855738 2000 -36.9679 -0.0855738 -2000 2.09505e-05
0.27 0.0902672 2000 -38.9955 -0.0902672 -2000 2.25971e-05
0.275 0.0951342 2000 -41.098 -0.0951342 -2000 2.43373e-05
0.28 0.100198 2000 -43.2854 -0.100198 -2000 2.62292e-05
0.285 0.105477 2000 -45.566 -0.105477 -2000 2.83195e-05
0.29 0.110986 2000 -47.9462 -0.110986 -2000 3.06405e-05
0.295 0.11674 2000 -50.4317 -0.11674 -2000 3.32156e-05
0.3 0.122751 2000 -53.0284 -0.122751 -2000 3.6068e-05
0.305 0.129036 2000 -55.7434 -0.129036 -2000 3.92282e-05
0.31 0.135615 2000 -58.5857 -0.135615 -2000 4.27395e-05
0.315 0.142515 2000 -61.5664 -0.142515 -2000 4.66642e-05
0.32 0.149764 2000 -64.6981 -0.149764 -2000 5.10797e-05
0.325 0.15739 2000 -67.9926 -0.15739 -2000 5.6065e-05
0.33 0.165416 2000 -71.4597 -0.165416 -2000 6.16835e-05
0.335 0.173856 2000 -75.1057 -0.173856 -2000 6.79725e-05
0.34 0.182718 2000 -78.9343 -0.182718 -2000 7.49416e-05
0.345 0.192009 2000 -82.9478 -0.192009 -2000 8.25834e-05
0.35 0.201731 2000 -87.1478 -0.201731 -2000 9.08863e-05
0.355 0.211887 2000 -91.5352 -0.211887 -2000 9.98359e-05
0.36 0.222473 2000 -96.1086 -0.222473 -2000 0.000109402
0.365 0.233482 2000 -100.864 -0.233482 -2000 0.000119526
0.37 0.244901 2000 -105.797 -0.244901 -2000 0.000130134
0.375 0.256721 2000 -110.904 -0.256721 -2000 0.000141159
0.38 0.268938 2000 -116.181 -0.268938 -2000 0.000152568
0.385 0.281547 2000 -121.628 -0.281547 -2000 0.000164341
0.39 0.294529 2000 -127.237 -0.294529 -2000 0.000176409
0.395 0.30784 2000 -132.987 -0.30784 -2000 0.000188555
0.4 0.321394 2000 -138.842 -0.321394 -2000 0.00020033
0.405 0.33506 2000 -144.746 -0.33506 -2000 0.000211016
0.41 0.348662 2000 -150.622 -0.348662 -2000 0.000219679
0.415 0.361995 2000 -156.382 -0.361995 -2000 0.0002253
0.42 0.374837 2000 -161.93 -0.374837 -2000 0.000226971
0.425 0.386982 2000 -167.176 -0.386982 -2000 0.000224156
0.43 0.398268 2000 -172.052 -0.398268 -2000 0.000216747
0.435 0.408621 2000 -176.524 -0.408621 -2000 0.000205381
0.44 0.418068 2000 -180.605 -0.418068 -2000 0.000191149
0.445 0.42674 2000 -184.352 -0.42674 -2000 0.000175498
0.45 0.434859 2000 -187.859 -0.434859 -2000 0.000159904
0.455 0.442711 2000 -191.251 -0.442711 -2000 0.000145681
0.46 0.450609 2000 -194.663 -0.450609 -2000 0.000133908
0.465 0.458848 2000 -198.222 -0.458848 -2000 0.000125419
0.47 0.467648 2000 -202.024 -0.467648 -2000 0.000120751
0.475 0.477119 2000 -206.115 -0.477119 -2000 0.000120034
0.48 0.487241 2000 -210.488 -0.487241 -2000 0.000122872
0.485 0.49789 2000 -215.089 -0.49789 -2000 0.000128326
0.49 0.508863 2000 -219.829 -0.508863 -2000 0.000135044
0.495 0.519922 2000 -224.606 -0.519922 -2000 0.000141512
0.5 0.53081 2000 -229.31 -0.53081 -2000 0.000146307
0.505 0.541265 2000 -233.827 -0.541265 -2000 0.000148258
0.51 0.551008 2000 -238.036 -0.551008 -2000 0.000146493
0.515 0.559729 2000 -241.803 -0.559729 -2000 0.000140453
0.52 0.567084 2000 -244.98 -0.567084 -2000 0.000129979
0.525 0.572707 2000 -247.409 -0.572707 -2000 0.000115503
0.53 0.576268 2000 -248.948 -0.576268 -2000 9.83124e-05
0.535 0.577541 2000 -249.498 -0.577541 -2000 8.06096e-05
0.54 0.576317 2000 -248.969 -0.576317 -2000 0.000232503
0.545 0.572542 2000 -247.339 -0.572542 -2000 0.000361059
0.55 0.56648 2000 -244.719 -0.56648 -2000 0.000291473
0.555 0.558496 2000 -241.271 -0.558496 -2000 0.000235212
0.56 0.549009 2000 -237.172 -0.549009 -2000 0.000189395
0.565 0.538422 2000 -232.598 -0.538422 -2000 0.000152503
0.57 0.527061 2000 -227.691 -0.527061 -2000 0.000122797
0.575 0.515127 2000 -222.535 -0.515127 -2000 9.88775e-05
0.58 0.502688 2000 -217.161 -0.502688 -2000 7.96177e-05
0.585 0.489736 2000 -211.566 -0.489736 -2000 6.41102e-05
0.59 0.476277 2000 -205.752 -0.476277 -2000 5.1624e-05
0.595 0.4624 2000 -199.757 -0.4624 -2000 4.15703e-05
0.6 0.44832 2000 -193.674 -0.44832 -2000 3.34746e-05
0.605 0.434369 2000 -187.647 -0.434369 -2000 2.69552e-05
0.61 0.420917 2000 -181.836 -0.420917 -2000 2.17048e-05
0.615 0.408284 2000 -176.379 -0.408284 -2000 1.74764e-05
0.62 0.39668 2000 -171.366 -0.39668 -2000 1.40711e-05
0.625 0.386197 2000 -166.837 -0.386197 -2000 1.13289e-05
0.63 0.376811 2000 -162.782 -0.376811 -2000 9.12079e-06
0.635 0.368375 2000 -159.138 -0.368375 -2000 4.80552e-07
0.64 0.360616 2000 -155.786 -0.360616 -2000 7.39512e-06
0.645 0.353143 2000 -152.558 -0.353143 -2000 1.15381e-05
0.65 0.345447 2000 -149.233 -0.345447 -2000 9.03334e-06
0.655 0.336919 2000 -145.549 -0.336919 -2000 7.27113e-06
0.66 0.326873 2000 -141.209 -0.326873 -2000 5.85113e-06
0.665 0.314621 2000 -135.916 -0.314621 -2000 4.70578e-06
0.67 0.299611 2000 -129.432 -0.299611 -2000 3.7802e-06
0.675 0.281552 2000 -121.631 -0.281552 -2000 3.02946e-06
0.68 0.260477 2000 -112.526 -0.260477 -2000 2.41749e-06
0.685 0.236738 2000 -102.271 -0.236738 -2000 1.91635e-06
0.69 0.210952 2000 -91.1314 -0.210952 -2000 1.50817e-06
0.695 0.183928 2000 -79.4569 -0.183928 -2000 -1.77136e-05
0.7 0.156572 2000 -67.639 -0.156572 -2000 -1.75557e-05
0.705 0.129806 2000 -56.076 -0.129806 -2000 -1.40443e-05
0.71 0.104498 2000 -45.143 -0.104498 -2000 -7.33386e-05
0.715 0.081357 2000 -35.1461 -0.081357 -2000 -0.000144186
0.72 0.0608898 2000 -26.3042 -0.0608898 -2000 -0.000146705
0.725 0.0433814 2000 -18.7404 -0.0433814 -2000 -0.000312785
0.73 0.028999 2000 -12.527 -0.028999 -2000 -0.000565764
0.735 0.017832 2000 -7.70251 -0.017832 -2000 -0.000915594
0.74 0.00991896 1999.99 -4.28369 -0.00991896 -1999.99 -0.00130172
0.745 0.00516137 2000 -2.22853 -0.00516137 -2000 -0.00118466
0.75 0.00329709 2000 -1.42339 -0.00329709 -2000 -0.000955434
0.755 0.00386201 2000 -1.66744 -0.00386201 -2000 -0.00094957
0.76 0.00617282 2000 -2.6658 -0.00617282 -2000 -0.000855836
0.765 0.00932895 2000 -4.02942 -0.00932895 -2000 -0.000689029
0.77 0.0123372 2000 -5.32912 -0.0123372 -2000 -0.000554814
0.775 0.0141916 2000 -6.13031 -0.0141916 -2000 -0.000446742
0.78 0.0139559 2000 -6.02861 -0.0139559 -2000 -0.000359723
0.785 0.0108531 2000 -4.68826 -0.0108531 -2000 -0.000289655
0.79 0.00434974 2000 -1.87887 -0.00434974 -2000 -0.000218689
0.795 -0.00563663 1999.99 2.43608 0.00563663 -1999.99 -0.00106034
0.8 -0.0190275 1999.99 8.22264 0.0190275 -1999.99 -0.00274057
0.805 -0.0350648 1999.98 15.1562 0.0350648 -1999.98 -0.00823592
0.81 -0.0530843 1999.98 22.9449 0.0530843 -1999.98 -0.0124957
0.815 -0.0733551 1999.98 31.6999 0.0733551 -1999.98 -0.0104752
0.82 -0.0956235 1999.98 41.3179 0.0956235 -1999.98 -0.0085342
0.825 -0.119577 1999.99 51.6642 0.119577 -1999.99 -0.00701728
0.83 -0.144904 1999.99 62.6042 0.144904 -1999.99 -0.00581507
0.835 -0.171294 1999.99 74.0038 0.171294 -1999.99 -0.00486314
0.84 -0.198439 1999.99 85.7298 0.198439 -1999.99 -0.00410904
0.845 -0.226044 1999.99 97.6545 0.226044 -1999.99 -0.0035102
0.85 -0.253851 2000 109.667 0.253851 -2000 -0.00303249
0.855 -0.281669 2000 121.684 0.281669 -2000 -0.00264909
0.86 -0.309402 2000 133.664 0.309402 -2000 -0.00233962
0.865 -0.337071 2000 145.617 0.337071 -2000 -0.0020893
0.87 -0.364819 2000 157.604 0.364819 -2000 -0.00188803
0.875 -0.392854 2000 169.714 0.392854 -2000 -0.00172905
0.88 -0.421349 2000 182.024 0.421349 -2000 -0.00160708
0.885 -0.450349 2000 194.552 0.450349 -2000 -0.00151652
0.89 -0.479689 2000 207.227 0.479689 -2000 -0.00145014
0.895 -0.508956 2000 219.87 0.508956 -2000 -0.00139833
0.9 -0.537521 2000 232.21 0.537521 -2000 -0.00134969
0.905 -0.564718 2000 243.959 0.564718 -2000 -0.00129371
0.91 -0.590093 2000 254.921 0.590093 -2000 -0.00122467
0.915 -0.613609 2000 265.08 0.613609 -2000 -0.00114381
0.92 -0.635754 2000 274.647 0.635754 -2000 -0.00105867
0.925 -0.657518 2000 284.049 0.657518 -2000 -0.000980653
0.93 -0.680201 2000 293.848 0.680201 -2000 -0.000922739
0.935 -0.70507 2000 304.591 0.70507 -2000 -0.000897538
0.94 -0.733004 2000 316.659 0.733004 -2000 -0.000915
0.945 -0.764273 2000 330.167 0.764273 -2000 -0.000978959
0.95 -0.798491 2000 344.949 0.798491 -2000 -0.00108406
0.955 -0.834703 2000 360.593 0.834703 -2000 -0.00121262
0.96 -0.871554 2000 376.512 0.871554 -2000 -0.00133962
0.965 -0.907476 2000 392.031 0.907476 -2000 -0.00144564
0.97 -0.940879 2000 406.461 0.940879 -2000 -0.00149246
0.975 -0.970313 2000 419.176 0.970313 -2000 -0.0014633
0.98 -0.994594 2000 429.666 0.994594 -2000 -0.0013669
0.985 -1.01282 2000 437.54 1.01282 -2000 -0.00121702
0.99 -1.02432 2000 442.507 1.02432 -2000 -0.00103563
0.995 -1.02854 2000 444.33 1.02854 -2000 -0.000849261
1 -1.02456 1999.99 442.61 1.02456 -1999.99 -0.00220065
1.005 -1.01136 1999.99 436.91 1.01136 -1999.99 -0.003343
1.01 -0.988585 1999.99 427.071 0.988585 -1999.99 -0.00269514
1.015 -0.956067 1999.99 413.023 0.956067 -1999.99 -0.00217211
1.02 -0.913825 1999.99 394.774 0.913825 -1999.99 -0.001749
1.025 -0.861936 1999.99 372.358 0.861936 -1999.99 -0.0014083
1.03 -0.800491 2000 345.813 0.800491 -2000 -0.00113391
1.035 -0.729661 2000 315.214 0.729661 -2000 -0.000912883
1.04 -0.64979 2000 280.71 0.64979 -2000 -0.000734737
1.045 -0.561449 2000 242.546 0.561449 -2000 -0.000590989
1.05 -0.465429 2000 201.066 0.465429 -2000 -0.000474756
1.055 -0.362695 2000 156.685 0.362695 -2000 -0.000380441
1.06 -0.254272 2000 109.846 0.254272 -2000 -0.000303495
1.065 -0.141119 2000 60.9638 0.141119 -2000 -0.000240229
1.07 -0.0240727 2000 10.3996 0.0240727 -2000 -0.0001545
1.075 0.096128 2000 -41.5272 -0.096128 -2000 -0.000112155
1.08 0.21874 2000 -94.4958 -0.21874 -2000 -5.06588e-05
1.085 0.342887 2000 -148.126 -0.342887 -2000 -0.00111746
1.09 0.467347 1999.99 -201.892 -0.467347 -1999.99 -0.00131347
1.095 0.58963 1999.95 -254.733 -0.58963 -1999.95 0.0130897
1.1 0.701739 1999.84 -303.259 -0.701739 -1999.84 0.107982
1.105 0.807817 1999.81 -349.108 -0.807817 -1999.81 0.130977
1.11 0.909119 1999.84 -392.848 -0.909119 -1999.84 0.108274
1.115 1.00489 1999.87 -434.202 -1.00489 -1999.87 0.089314
1.12 1.09462 1999.9 -472.949 -1.09462 -1999.9 0.0739984
1.125 1.17817 1999.92 -509.031 -1.17817 -1999.92 0.0614181
1.13 1.2558 1999.93 -542.556 -1.2558 -1999.93 0.05104
1.135 1.32805 1999.95 -573.762 -1.32805 -1999.95 0.0424684
1.14 1.39567 1999.96 -602.964 -1.39567 -1999.96 0.0353909
1.145 1.45933 1999.96 -630.462 -1.45933 -1999.96 0.0296069
1.15 1.51945 1999.97 -656.427 -1.51945 -1999.97 0.0248834
1.155 1.57589 1999.98 -680.805 -1.57589 -1999.98 0.0209628
1.16 1.62789 1999.98 -703.268 -1.62789 -1999.98 0.0176804
1.165 1.67415 1999.98 -723.25 -1.67415 -1999.98 0.0148912
1.17 1.71301 1999.99 -740.034 -1.71301 -1999.99 0.0124777
1.175 1.74272 1999.99 -752.867 -1.74272 -1999.99 0.0103592
1.18 1.76172 1999.99 -761.073 -1.76172 -1999.99 0.00849571
1.185 1.76891 1999.99 -764.177 -1.76891 -1999.99 0.00688504
1.19 1.76317 1999.98 -761.698 -1.76317 -1999.98 0.00938826
1.195 1.74377 1999.98 -753.321 -1.74377 -1999.98 0.0111995
1.2 1.71144 1999.98 -739.349 -1.71144 -1999.98 0.00901798
1.205 1.66712 1999.98 -720.204 -1.66712 -1999.98 0.00726137
1.21 1.61176 1999.99 -696.287 -1.61176 -1999.99 0.00584691
1.215 1.54594 1999.99 -667.851 -1.54594 -1999.99 0.0047079
1.22 1.46981 1999.99 -634.962 -1.46981 -1999.99 0.00379063
1.225 1.38334 1999.99 -597.605 -1.38334 -1999.99 0.00305176
1.23 1.28676 1999.99 -555.881 -1.28676 -1999.99 0.00245631
1.235 1.18103 2000 -510.205 -1.18103 -2000 0.00197604
1.24 1.06797 2000 -461.366 -1.06797 -2000 0.0015881
1.245 0.950065 2000 -410.429 -0.950065 -2000 0.00126686
1.25 0.829974 2000 -358.55 -0.829974 -2000 0.00101816
1.255 0.710171 2000 -306.794 -0.710171 -2000 0.000819182
1.26 0.592673 2000 -256.035 -0.592673 -2000 0.000649461
1.265 0.478945 2000 -206.905 -0.478945 -2000 0.000511299
1.27 0.369933 2000 -159.812 -0.369933 -2000 0.00039892
1.275 0.266205 2000 -115.001 -0.266205 -2000 0.000307694
1.28 0.168109 2000 -72.6231 -0.168109 -2000 0.000233886
1.285 0.0758988 2000 -32.7885 -0.0758988 -2000 0.000174467
1.29 -0.0102248 2000 4.41699 0.0102248 -2000 0.000126971
1.295 -0.0901666 2000 38.9519 0.0901666 -2000 8.93603e-05
1.3 -0.164122 2000 70.9005 0.164122 -2000 5.98876e-05
1.305 -0.232869 2000 100.6 0.232869 -2000 3.69526e-05
1.31 -0.297972 2000 128.724 0.297972 -2000 -6.18754e-05
1.315 -0.361712 2000 156.26 0.361712 -2000 -6.99416e-05
1.32 -0.426732 2000 184.348 0.426732 -2000 -6.84803e-05
1.325 -0.495502 2000 214.057 0.495502 -2000 -6.98013e-05
1.33 -0.569733 2000 246.125 0.569733 -2000 -7.42781e-05
1.335 -0.649924 2000 280.767 0.649924 -2000 -0.000224859
1.34 -0.735143 2000 317.582 0.735143 -2000 -0.000232025
1.345 -0.823031 1999.99 355.55 0.823031 -1999.99 -0.000687774
1.35 -0.910225 1999.99 393.219 0.910225 -1999.99 -0.00188115
1.355 -0.992765 1999.98 428.878 0.992765 -1999.98 -0.00333623
1.36 -1.06681 1999.95 460.872 1.06681 -1999.95 -0.00962422
1.365 -1.12754 1999.91 487.145 1.12754 -1999.91 -0.0497211
1.37 -1.17724 1999.91 508.628 1.17724 -1999.91 -0.0585098
1.375 -1.21645 1999.92 525.556 1.21645 -1999.92 -0.0479194
1.38 -1.24537 1999.94 538.037 1.24537 -1999.94 -0.0389781
1.385 -1.26458 1999.95 546.332 1.26458 -1999.95 -0.0315676
1.39 -1.27499 1999.96 550.821 1.27499 -1999.96 -0.0254816
1.395 -1.27753 1999.97 551.913 1.27753 -1999.97 -0.0205248
1.4 -1.27249 1999.96 549.74 1.27249 -1999.96 -0.0226565
1.405 -1.26042 1999.96 544.524 1.26042 -1999.96 -0.0219239
1.41 -1.24222 1999.97 536.658 1.24222 -1999.97 -0.0176534
1.415 -1.21918 1999.98 526.698 1.21918 -1999.98 -0.0142147
1.42 -1.19315 1999.98 515.453 1.19315 -1999.98 -0.0114458
1.425 -1.16665 1999.98 504.002 1.16665 -1999.98 -0.00921631
1.43 -1.14258 1999.99 493.6 1.14258 -1999.99 -0.00742107
1.435 -1.12389 1999.99 485.525 1.12389 -1999.99 -0.00597553
1.44 -1.11319 1999.99 480.902 1.11319 -1999.99 -0.00481158
1.445 -1.11247 1999.99 480.591 1.11247 -1999.99 -0.00387438
1.45 -1.12297 1999.99 485.127 1.12297 -1999.99 -0.00311975
1.455 -1.14519 2000 494.727 1.14519 -2000 -0.00251214
1.46 -1.17901 2000 509.333 1.17901 -2000 -0.0020229
1.465 -1.22372 2000 528.648 1.22372 -2000 -0.00162741
1.47 -1.27805 1999.99 552.104 1.27805 -1999.99 0.0126996
1.475 -1.33425 1999.94 576.429 1.33425 -1999.94 -0.0319238
1.48 -1.39467 1999.95 602.531 1.39467 -1999.95 -0.0322544
1.485 -1.45711 1999.96 629.497 1.45711 -1999.96 -0.0268039
1.49 -1.51846 1999.96 655.996 1.51846 -1999.96 -0.0226312
1.495 -1.57579 1999.97 680.759 1.57579 -1999.97 -0.0191746
1.5 -1.62695 1999.98 702.86 1.62695 -1999.98 -0.0162268
1.505 -1.67115 1999.98 721.951 1.67115 -1999.98 -0.0136688
1.51 -1.70919 1999.98 738.381 1.70919 -1999.98 -0.0114523
1.515 -1.74334 1999.99 753.132 1.74334 -1999.99 -0.00956658
1.52 -1.77689 1999.99 767.624 1.77689 -1999.99 -0.00801191
1.525 -1.81353 1999.99 783.451 1.81353 -1999.99 -0.00679208
1.53 -1.85681 1999.99 802.148 1.85681 -1999.99 -0.00592129
1.535 -1.90977 1999.99 825.028 1.90977 -1999.99 -0.00543218
1.54 -1.97468 2000 853.067 1.97468 -2000 -0.0053177
1.545 -2.05285 2000 886.835 2.05285 -2000 -0.00561467
1.55 -2.1446 2000 926.472 2.1446 -2000 -0.00639292
1.555 -2.24943 2000 971.762 2.24943 -2000 -0.0076415
1.56 -2.36629 2000 1022.25 2.36629 -2000 -0.00931177
1.565 -2.49386 2000 1077.36 2.49386 -2000 -0.0113269
1.57 -2.63069 2000 1136.47 2.63069 -2000 -0.0135941
1.575 -2.77523 2000 1198.91 2.77523 -2000 -0.0160075
1.58 -2.92549 2000 1263.83 2.92549 -2000 -0.0184402
1.585 -3.07894 2000 1330.12 3.07894 -2000 -0.0207343
1.59 -3.23235 2000 1396.4 3.23235 -2000 -0.0226984
1.595 -3.38197 2000 1461.03 3.38197 -2000 -0.0241195
1.6 -3.52381 2000 1522.31 3.52381 -2000 -0.0248124
1.605 -3.65408 2000 1578.59 3.65408 -2000 -0.0246612
1.61 -3.76942 2000 1628.42 3.76942 -2000 -0.0236537
1.615 -3.86709 2000 1670.6 3.86709 -2000 -0.021883
1.62 -3.94482 2000 1704.18 3.94482 -2000 -0.019527
1.625 -4.00084 2000 1728.38 4.00084 -2000 -0.0168596
1.63 -4.03366 2000 1742.55 4.03366 -2000 -0.0141036
1.635 -4.04206 2000 1746.18 4.04206 -2000 -0.0114713
1.64 -4.02299 1999.96 1737.96 4.02299 -1999.96 -0.0290615
1.645 -3.97529 1999.94 1717.36 3.97529 -1999.94 -0.041197
1.65 -3.89988 1999.95 1684.78 3.89988 -1999.95 -0.0331722
1.655 -3.7987 1999.96 1641.07 3.7987 -1999.96 -0.0267102
1.66 -3.6748 1999.97 1587.54 3.6748 -1999.97 -0.0215059
1.665 -3.53188 1999.97 1525.79 3.53188 -1999.97 -0.017313
1.67 -3.37395 1999.98 1457.56 3.37395 -1999.98 -0.013902
1.675 -3.20514 1999.98 1384.63 3.20514 -1999.98 -0.011178
1.68 -3.02944 1999.99 1308.73 3.02944 -1999.99 -0.00900115
1.685 -2.85073 1999.99 1231.52 2.85073 -1999.99 -0.00721377
1.69 -2.67259 1999.99 1154.57 2.67259 -1999.99 -0.00576365
1.695 -2.49819 1999.99 1079.22 2.49819 -1999.99 -0.00458589
1.7 -2.32991 1999.99 1006.52 2.32991 -1999.99 -0.00362928
1.705 -2.169 2000 937.012 2.169 -2000 -0.00285301
1.71 -2.01553 2000 870.71 2.01553 -2000 -0.00222381
1.715 -1.86858 2000 807.226 1.86858 -2000 -0.00171397
1.72 -1.72689 2000 746.019 1.72689 -2000 -0.00130035
1.725 -1.5894 2000 686.621 1.5894 -2000 -0.000963929
1.73 -1.45534 2000 628.707 1.45534 -2000 -0.000689427
1.735 -1.32414 2000 572.029 1.32414 -2000 -0.000464597
1.74 -1.19527 2000 516.356 1.19527 -2000 -0.000279519
1.745 -1.06827 2000 461.494 1.06827 -2000 -0.000126121
1.75 -0.942901 2000 407.333 0.942901 -2000 1.98904e-06
1.755 -0.819073 2000 353.84 0.819073 -2000 0.000109715
1.76 -0.696678 2000 300.965 0.696678 -2000 0.000200945
1.765 -0.575303 2000 248.531 0.575303 -2000 0.000279226
1.77 -0.45404 2000 196.145 0.45404 -2000 0.000348389
1.775 -0.331507 2000 143.21 0.331507 -2000 0.000412886
1.78 -0.206196 2000 89.0761 0.206196 -2000 0.00074129
1.785 -0.0770844 2000 33.2997 0.0770844 -2000 0.000770232
1.79 0.0557635 2000 -24.0905 -0.0557635 -2000 0.000641284
1.795 0.190861 2000 -82.4527 -0.190861 -2000 0.000717145
1.8 0.325445 2000 -140.593 -0.325445 -2000 0.000791335
1.805 0.456036 2000 -197.008 -0.456036 -2000 0.000843378
1.81 0.579183 2000 -250.208 -0.579183 -2000 0.000865791
1.815 0.691993 2000 -298.942 -0.691993 -2000 0.00141315
1.82 0.792242 2000 -342.25 -0.792242 -2000 0.00105254
1.825 0.878334 2000 -379.441 -0.878334 -2000 0.000590261
1.83 0.949296 2000 -410.096 -0.949296 -2000 0.000555364
1.835 1.00497 2000 -434.149 -1.00497 -2000 0.000501776
1.84 1.04628 2000 -451.994 -1.04628 -2000 0.000438146
1.845 1.07537 2000 -464.561 -1.07537 -2000 0.000488927
1.85 1.09549 2000 -473.254 -1.09549 -2000 0.00118333
1.855 1.1105 2000 -479.735 -1.1105 -2000 0.000916953
1.86 1.12411 2000 -485.617 -1.12411 -2000 0.000581073
1.865 1.13935 2000 -492.199 -1.13935 -2000 0.000514473
1.87 1.15826 2000 -500.37 -1.15826 -2000 0.000745561
1.875 1.18211 2000 -510.673 -1.18211 -2000 0.000482537
1.88 1.21153 2000 -523.383 -1.21153 -2000 0.000243153
1.885 1.24662 2000 -538.541 -1.24662 -2000 0.000214927
1.89 1.287 2000 -555.984 -1.287 -2000 0.000199513
1.895 1.33187 2000 -575.371 -1.33187 -2000 0.00180785
1.9 1.3803 2000 -596.292 -1.3803 -2000 0.00157973
1.905 1.43149 2000 -618.404 -1.43149 -2000 0.00132207
1.91 1.48502 2000 -641.531 -1.48502 -2000 0.00321511
1.915 1.54103 1999.99 -665.729 -1.54103 -1999.99 0.00381986
1.92 1.59979 1999.99 -691.117 -1.59979 -1999.99 0.00615429
1.925 1.6615 1999.98 -717.776 -1.6615 -1999.98 0.00872702
1.93 1.7259 1999.98 -745.603 -1.7259 -1999.98 0.0118412
1.935 1.7931 1999.98 -774.632 -1.7931 -1999.98 0.0116506
1.94 1.86325 1999.97 -804.935 -1.86325 -1999.97 0.010358
1.945 1.93639 1999.95 -836.519 -1.93639 -1999.95 0.000106752
1.95 2.01373 1999.92 -870.013 -2.01373 -1999.92 0.0816863
1.955 2.10205 1999.94 -908.208 -2.10205 -1999.94 0.123846
1.96 2.20518 1999.95 -952.743 -2.20518 -1999.95 0.103587
1.965 2.32595 1999.95 -1004.9 -2.32595 -1999.95 0.0885429
1.97 2.46647 1999.96 -1065.59 -2.46647 -1999.96 0.0778654
1.975 2.62796 1999.96 -1135.35 -2.62796 -1999.96 0.070823
1.98 2.81092 1999.97 -1214.39 -2.81092 -1999.97 0.0668228
1.985 3.01516 1999.97 -1302.61 -3.01516 -1999.97 0.0654474
1.99 3.23985 1999.98 -1399.68 -3.23985 -1999.98 0.0664119
1.995 3.48379 1999.98 -1505.07 -3.48379 -1999.98 0.069483
2 3.74577 1999.98 -1618.25 -3.74577 -1999.98 0.0744358
2.005 4.02489 1999.98 -1738.83 -4.02489 -1999.98 0.0810676
2.01 4.32061 1999.98 -1866.59 -4.32061 -1999.98 0.0892249
2.015 4.63255 1999.98 -2001.36 -4.63255 -1999.98 0.098777
2.02 4.96004 1999.98 -2142.85 -4.96004 -1999.98 0.10956
2.025 5.30169 1999.98 -2290.45 -5.30169 -1999.98 0.121349
2.03 5.65516 1999.98 -2443.16 -5.65516 -1999.98 0.133738
2.035 6.01712 1999.98 -2599.54 -6.01712 -1999.98 0.146157
2.04 6.38341 1999.98 -2757.79 -6.38341 -1999.98 0.157843
2.045 6.7493 1999.98 -2915.87 -6.7493 -1999.98 0.16798
2.05 7.1098 1999.98 -3071.61 -7.1098 -1999.98 0.175766
2.055 7.45996 1999.98 -3222.88 -7.45996 -1999.98 0.180538
2.06 7.79542 1999.98 -3367.8 -7.79542 -1999.98 0.181878
2.065 8.11312 1999.98 -3505.05 -8.11312 -1999.98 0.179752
2.07 8.41191 1999.98 -3634.12 -8.41191 -1999.98 0.174557
2.075 8.69247 1999.98 -3755.32 -8.69247 -1999.98 0.167129
2.08 8.95648 1999.98 -3869.36 -8.95648 -1999.98 0.158363
2.085 9.20554 1999.98 -3976.94 -9.20554 -1999.98 0.148753
2.09 9.44036 1999.99 -4078.37 -9.44036 -1999.99 0.138745
2.095 9.66058 1999.99 -4173.5 -9.66058 -1999.99 0.128567
2.1 9.86526 1999.99 -4261.91 -9.86526 -1999.99 0.118245
2.105 10.0536 1999.99 -4343.27 -10.0536 -1999.99 0.107828
2.11 10.2257 1999.99 -4417.6 -10.2257 -1999.99 0.0974474
2.115 10.3825 1999.99 -4485.31 -10.3825 -1999.99 0.0873208
2.12 10.5257 1999.99 -4547.19 -10.5257 -1999.99 0.0777059
2.125 10.6578 1999.99 -4604.22 -10.6578 -1999.99 0.0688239
2.13 10.781 1999.99 -4657.45 -10.781 -1999.99 0.0608225
2.135 10.8976 1999.99 -4707.81 -10.8976 -1999.99 0.0537725
2.14 11.0095 2000 -4756.15 -11.0095 -2000 0.0476792
2.145 11.1184 2000 -4803.2 -11.1184 -2000 0.0425055
2.15 11.2257 2000 -4849.54 -11.2257 -2000 0.0381895
2.155 11.3322 2000 -4895.52 -11.3322 -2000 0.0346425
2.16 11.4377 2000 -4941.11 -11.4377 -2000 0.0317339
2.165 11.5409 2000 -4985.71 -11.5409 -2000 0.0292763
2.17 11.6394 2000 -5028.26 -11.6394 -2000 0.0270403
2.175 11.7302 2000 -5067.48 -11.7302 -2000 0.0248066
2.18 11.8107 2000 -5102.26 -11.8107 -2000 0.0224388
2.185 11.8795 2000 -5131.96 -11.8795 -2000 0.0199224
2.19 11.9361 2000 -5156.4 -11.9361 -2000 0.0173973
2.195 11.9806 2000 -5175.64 -11.9806 -2000 0.014941
2.2 12.0134 2000 -5189.82 -12.0134 -2000 0.0125714
2.205 12.0345 2000 -5198.93 -12.0345 -2000 0.0103813
2.21 12.0435 2000 -5202.8 -12.0435 -2000 0.00843812
2.215 12.0389 1999.99 -5200.84 -12.0389 -1999.99 0.0220863
2.22 12.0188 1999.98 -5192.16 -12.0188 -1999.98 0.0381599
2.225 11.9829 1999.98 -5176.63 -11.9829 -1999.98 0.0307319
2.23 11.9311 1999.99 -5154.24 -11.9311 -1999.99 0.0247486
2.235 11.8635 1999.99 -5125.04 -11.8635 -1999.99 0.019927
2.24 11.7803 1999.99 -5089.09 -11.7803 -1999.99 0.0160433
2.245 11.6819 1999.99 -5046.6 -11.6819 -1999.99 0.0129132
2.25 11.5696 1999.99 -4998.1 -11.5696 -1999.99 0.0103877
2.255 11.4457 2000 -4944.55 -11.4457 -2000 0.00834656
2.26 11.3134 2000 -4887.4 -11.3134 -2000 0.0066929
2.265 11.1766 2000 -4828.28 -11.1766 -2000 0.00534985
2.27 11.0386 2000 -4768.66 -11.0386 -2000 0.00425695
2.275 10.9016 2000 -4709.51 -10.9016 -2000 0.00336654
2.28 10.7666 2000 -4651.18 -10.7666 -2000 0.00264027
2.285 10.6331 2000 -4593.51 -10.6331 -2000 0.0020465
2.29 10.5005 2000 -4536.24 -10.5005 -2000 0.001559
2.295 10.3683 2000 -4479.12 -10.3683 -2000 0.00115635
2.3 10.2362 2000 -4422.04 -10.2362 -2000 0.000821376
2.305 10.1038 2000 -4364.86 -10.1038 -2000 0.000540092
2.31 9.97049 2000 -4307.25 -9.97049 -2000 0.000300335
2.315 9.83491 2000 -4248.68 -9.83491 -2000 9.16698e-05
2.32 9.69529 2000 -4188.37 -9.69529 -2000 -9.67184e-05
2.325 9.54953 2000 -4125.4 -9.54953 -2000 -0.000276058
2.33 9.39542 2000 -4058.82 -9.39542 -2000 -0.000458347
2.335 9.23059 2000 -3987.61 -9.23059 -2000 -0.000658299
2.34 9.05208 2000 -3910.5 -9.05208 -2000 -0.000892175
2.345 8.85598 2000 -3825.78 -8.85598 -2000 -0.00118491
2.35 8.63749 2000 -3731.39 -8.63749 -2000 -0.0015404
2.355 8.39153 2000 -3625.14 -8.39153 -2000 -0.00200736
2.36 8.1137 2000 -3505.12 -8.1137 -2000 -0.00268027
2.365 7.80098 2000 -3370.02 -7.80098 -2000 -0.00363177
2.37 7.45198 2000 -3219.25 -7.45198 -2000 -0.00494666
2.375 7.06694 2000 -3052.91 -7.06694 -2000 -0.00669502
2.38 6.6476 2000 -2871.75 -6.6476 -2000 -0.00894645
2.385 6.19719 2000 -2677.17 -6.19719 -2000 -0.011754
2.39 5.7202 2000 -2471.11 -5.7202 -2000 -0.0151237
2.395 5.22194 2000 -2255.86 -5.22194 -2000 -0.01902
2.4 4.70791 2000 -2033.79 -4.70791 -2000 -0.0233747
2.405 4.18294 2000 -1807 -4.18294 -2000 -0.028127
2.41 3.65056 2000 -1577.01 -3.65056 -2000 -0.0333151
2.415 3.11283 2000 -1344.7 -3.11283 -2000 -0.0406992
2.42 2.57067 2000 -1110.48 -2.57067 -2000 -0.0471165
2.425 2.02431 2000 -874.449 -2.02431 -2000 -0.0538166
2.43 1.47352 2000 -636.499 -1.47352 -2000 -0.0633896
2.435 0.91763 2000 -396.34 -0.91763 -2000 -0.0760452
2.44 0.355564 2000 -153.511 -0.355564 -2000 -0.0930484
2.445 -0.214047 2000 92.5888 0.214047 -2000 -0.120668
2.45 -0.792869 1999.99 342.669 0.792869 -1999.99 -0.149853
2.455 -1.38262 1999.99 597.479 1.38262 -1999.99 -0.185901
2.46 -1.98442 1999.97 857.513 1.98442 -1999.97 -0.244199
2.465 -2.59896 1999.95 1123.05 2.59896 -1999.95 -0.296131
2.47 -3.22552 1999.91 1393.76 3.22552 -1999.91 -0.336027
2.475 -3.85964 1999.77 1667.75 3.85964 -1999.77 -0.382913
2.48 -4.49567 1999.59 1942.44 4.49567 -1999.59 -0.305729
2.485 -5.09662 1999.18 2202.6 5.09662 -1999.18 -0.862862
2.49 -5.69603 1999.13 2461.9 5.69603 -1999.13 -1.21109
2.495 -6.29977 1999.27 2722.51 6.29977 -1999.27 -1.01243
2.5 -6.90376 1999.4 2983.32 6.90376 -1999.4 -0.889314
2.505 -7.50487 1999.5 3242.92 7.50487 -1999.5 -0.814169
2.51 -8.09956 1999.58 3499.78 8.09956 -1999.58 -0.764132
2.515 -8.68426 1999.65 3752.32 8.68426 -1999.65 -0.725751
2.52 -9.25569 1999.71 3999.15 9.25569 -1999.71 -0.692135
2.525 -9.8111 1999.76 4239.06 9.8111 -1999.76 -0.660001
2.53 -10.3482 1999.79 4471.07 10.3482 -1999.79 -0.627879
2.535 -10.8653 1999.83 4694.39 10.8653 -1999.83 -0.595181
2.54 -11.3605 1999.85 4908.31 11.3605 -1999.85 -0.561715
2.545 -11.8325 1999.87 5112.15 11.8325 -1999.87 -0.527471
2.55 -12.2797 1999.89 5305.33 12.2797 -1999.89 -0.492538
2.555 -12.7012 1999.91 5487.38 12.7012 -1999.91 -0.457115
2.56 -13.0963 1999.92 5658.03 13.0963 -1999.92 -0.421516
2.565 -13.4648 1999.93 5817.16 13.4648 -1999.93 -0.386118
2.57 -13.8067 1999.94 5964.83 13.8067 -1999.94 -0.351324
2.575 -14.1226 1999.95 6101.29 14.1226 -1999.95 -0.317556
2.58 -14.414 1999.96 6227.12 14.414 -1999.96 -0.285252
2.585 -14.6828 1999.96 6343.22 14.6828 -1999.96 -0.254854
2.59 -14.9319 1999.97 6450.81 14.9319 -1999.97 -0.226764
2.595 -15.1647 1999.97 6551.35 15.1647 -1999.97 -0.201304
2.6 -15.3846 1999.98 6646.32 15.3846 -1999.98 -0.178667
2.605 -15.5946 1999.98 6737.01 15.5946 -1999.98 -0.158875
2.61 -15.7966 1999.98 6824.26 15.7966 -1999.98 -0.141764
2.615 -15.9912 1999.98 6908.32 15.9912 -1999.98 -0.127004
2.62 -16.1777 1999.99 6988.89 16.1777 -1999.99 -0.114144
2.625 -16.3546 1999.99 7065.27 16.3546 -1999.99 -0.102696
2.63 -16.5195 1999.99 7136.54 16.5195 -1999.99 -0.092213
2.635 -16.6703 1999.99 7201.67 16.6703 -1999.99 -0.0823478
2.64 -16.8045 1999.99 7259.63 16.8045 -1999.99 -0.0728704
2.645 -16.9197 1999.99 7309.36 16.9197 -1999.99 -0.0636666
2.65 -17.0132 1999.99 7349.74 17.0132 -1999.99 -0.0547244
2.655 -17.0823 1999.99 7379.59 17.0823 -1999.99 -0.0461322
2.66 -17.1242 2000 7397.69 17.1242 -2000 -0.0381158
2.665 -17.1363 2000 7402.91 17.1363 -2000 -0.0309428
2.67 -17.1122 1999.94 7392.64 17.1122 -1999.94 -0.146837
2.675 -17.0484 1999.9 7365.14 17.0484 -1999.9 -0.22998
2.68 -16.9443 1999.92 7320.11 16.9443 -1999.92 -0.18518
2.685 -16.8002 1999.94 7257.84 16.8002 -1999.94 -0.149096
2.69 -16.6195 1999.95 7179.73 16.6195 -1999.95 -0.120013
2.695 -16.4078 1999.96 7088.28 16.4078 -1999.96 -0.0965427
2.7 -16.1735 1999.97 6987.02 16.1735 -1999.97 -0.0775622
2.705 -15.926 1999.97 6880.09 15.926 -1999.97 -0.062176
2.71 -15.6752 1999.98 6771.75 15.6752 -1999.98 -0.0496813
2.715 -15.43 1999.98 6665.78 15.43 -1999.98 -0.0395339
2.72 -15.1971 1999.99 6565.18 15.1971 -1999.99 -0.031312
2.725 -14.9813 1999.99 6471.97 14.9813 -1999.99 -0.0246812
2.73 -14.7851 1999.99 6387.18 14.7851 -1999.99 -0.0193666
2.735 -14.6086 1999.99 6310.93 14.6086 -1999.99 -0.0151227
2.74 -14.4502 1999.99 6242.49 14.4502 -1999.99 -0.0117635
2.745 -14.3068 2000 6180.54 14.3068 -2000 -0.00911671
2.75 -14.1745 2000 6123.41 14.1745 -2000 -0.00702346
2.755 -14.0495 2000 6069.39 14.0495 -2000 -0.005361
2.76 -13.9283 2000 6017.04 13.9283 -2000 -0.00403112
2.765 -13.8086 2000 5965.33 13.8086 -2000 -0.00295755
2.77 -13.689 2000 5913.65 13.689 -2000 -0.00206156
2.775 -13.569 2000 5861.81 13.569 -2000 -0.00133382
2.78 -13.4488 2000 5809.89 13.4488 -2000 -0.000745212
2.785 -13.3291 2000 5758.18 13.3291 -2000 -0.000261965
2.79 -13.2108 2000 5707.09 13.2108 -2000 0.00013315
2.795 -13.0951 2000 5657.09 13.0951 -2000 0.000454268
2.8 -12.9831 2000 5608.72 12.9831 -2000 0.000705328
2.805 -12.8763 2000 5562.55 12.8763 -2000 0.00089201
2.81 -12.7759 2000 5519.18 12.7759 -2000 0.00101799
2.815 -12.6835 2000 5479.28 12.6835 -2000 0.00108569
2.82 -12.601 2000 5443.64 12.601 -2000 0.00109777
2.825 -12.5306 2000 5413.24 12.5306 -2000 0.00105757
2.83 -12.4752 2000 5389.27 12.4752 -2000 0.000970217
2.835 -12.4378 2000 5373.12 12.4378 -2000 0.000845618
2.84 -12.4219 2000 5366.27 12.4219 -2000 0.000701922
2.845 -12.4311 2000 5370.21 12.4311 -2000 0.00119411
2.85 -12.4684 2000 5386.35 12.4684 -2000 0.00171278
2.855 -12.537 2000 5415.99 12.537 -2000 0.00137742
2.86 -12.6398 2000 5460.38 12.6398 -2000 0.00110482
2.865 -12.7792 2000 5520.61 12.7792 -2000 0.000871942
2.87 -12.9572 2000 5597.51 12.9572 -2000 0.000636537
2.875 -13.1749 2000 5691.55 13.1749 -2000 0.0003186
2.88 -13.4327 2000 5802.91 13.4327 -2000 -0.000197489
2.885 -13.7308 2000 5931.69 13.7308 -2000 -0.00113137
2.89 -14.0697 2000 6078.11 14.0697 -2000 -0.0028566
2.895 -14.4507 2000 6242.7 14.4507 -2000 -0.0059116
2.9 -14.8757 2000 6426.29 14.8757 -2000 -0.0110791
2.905 -15.347 2000 6629.94 15.347 -2000 -0.0194636
2.91 -15.8671 2000 6854.63 15.8671 -2000 -0.0328074
2.915 -16.4373 2000 7100.95 16.4373 -2000 -0.0570449
2.92 -17.056 1999.97 7368.31 17.056 -1999.97 -0.112162
2.925 -17.6381 1998.73 7622.84 17.6381 -1998.73 -3.17262
2.93 -18.2526 1998.23 7889.55 18.2526 -1998.23 -4.41372
2.935 -18.9102 1998.55 8172.94 18.9102 -1998.55 -3.72516
2.94 -19.6061 1998.82 8473.07 19.6061 -1998.82 -3.21856
2.945 -20.3397 1999.04 8789.6 20.3397 -1999.04 -2.8415
2.95 -21.1109 1999.21 9122.49 21.1109 -1999.21 -2.56445
2.955 -21.9209 1999.34 9472.18 21.9209 -1999.34 -2.36524
2.96 -22.7714 1999.45 9839.49 22.7714 -1999.45 -2.22768
2.965 -23.6499 1999.6 10221 23.6499 -1999.6 -4.24928
2.97 -24.5677 1999.74 10619.6 24.5677 -1999.74 -6.37809
2.975 -25.5011 1999.96 11027.9 25.5011 -1999.96 -11.4354
2.98 -26.4776 2000.09 11452.3 26.4776 -2000.09 -13.9784
2.985 -27.5211 2000.04 11900.9 27.5211 -2000.04 -11.7637
2.99 -28.515 2000.57 12339.7 28.515 -2000.57 -21.2722
2.995 -29.5394 2000.94 12787.9 29.5394 -2000.94 -26.8401
3 -30.5769 2001.19 13237 30.5769 -2001.19 -27.7596
3.005 -31.5231 2001.76 13654.1 31.5231 -2001.76 -36.1071
3.01 -32.5385 2001.51 14090.1 32.5385 -2001.51 -33.509
3.015 -33.5977 2001.15 14542.1 33.5977 -2001.15 -27.8574
3.02 -34.5354 2002.19 14956.5 34.5354 -2002.19 -37.1588
3.025 -35.511 2002.44 15379.8 35.511 -2002.44 -39.0548
3.03 -36.5382 2001.89 15816.9 36.5382 -2001.89 -32.3999
3.035 -37.5415 2001.92 16248.4 37.5415 -2001.92 -30.5138
3.04 -38.4995 2002.15 16663.7 38.4995 -2002.15 -31.8912
3.045 -39.4607 2001.86 17078.4 39.4607 -2001.86 -31.3612
3.05 -40.397 2001.82 17486.1 40.397 -2001.82 -34.5636
3.055 -41.3236 2001.87 17887.6 41.3236 -2001.87 -35.7405
3.06 -42.1671 2002.43 18259.1 42.1671 -2002.43 -42.9359
3.065 -42.9886 2002.52 18619.3 42.9886 -2002.52 -48.2182
3.07 -43.7913 2002.34 18965.8 43.7913 -2002.34 -47.9664
3.075 -44.5396 2002.51 19294 44.5396 -2002.51 -52.8626
3.08 -45.2252 2003.03 19600.2 45.2252 -2003.03 -62.869
3.085 -45.8828 2003.12 19885.6 45.8828 -2003.12 -64.2409
3.09 -46.494 2003.23 20143.3 46.494 -2003.23 -57.9322
3.095 -47.042 2003.28 20379.4 47.042 -2003.28 -57.2428
3.1 -47.5571 2003.08 20601.1 47.5571 -2003.08 -56.4755
3.105 -48.0543 2002.61 20811.8 48.0543 -2002.61 -52.345
3.11 -48.5339 2002.63 21009.1 48.5339 -2002.63 -42.4309
3.115 -48.9618 2002.52 21191 48.9618 -2002.52 -39.4389
3.12 -49.3449 2001.95 21359.4 49.3449 -2001.95 -42.4148
3.125 -49.6752 2001.68 21509.7 49.6752 -2001.68 -49.9552
3.13 -49.8752 2001.25 21618.7 49.8752 -2001.25 -72.6345
3.135 -50.0492 2000.88 21703.6 50.0492 -2000.88 -82.358
3.14 -50.1373 2000.93 21752.5 50.1373 -2000.93 -93.1846
3.145 -49.9063 1999.6 21695.6 49.9063 -1999.6 -136.095
3.15 -49.5907 1998.33 21567.3 49.5907 -1998.33 -144.154
3.155 -49.3175 1998.38 21426.1 49.3175 -1998.38 -120.911
3.16 -48.902 1997.84 21244.9 48.902 -1997.84 -119.28
3.165 -48.4248 1997.77 21033.5 48.4248 -1997.77 -113.92
3.17 -47.9427 1997.77 20809 47.9427 -1997.77 -97.7397
3.175 -47.4173 1997.76 20569.8 47.4173 -1997.76 -85.5227
3.18 -46.9046 1998.38 20325.4 46.9046 -1998.38 -62.5595
3.185 -46.2845 1998.05 20053.1 46.2845 -1998.05 -58.2048
3.19 -45.9139 1999.28 19846.7 45.9139 -1999.28 -11.9168
3.195 -45.6275 2000.4 19686.6 45.6275 -2000.4 24.5019
3.2 -45.2274 2000.1 19519.6 45.2274 -2000.1 18.5842
3.205 -44.8255 1999.86 19349.4 44.8255 -1999.86 15.2669
3.21 -44.544 2000.43 19212.2 44.544 -2000.43 30.768
3.215 -44.2958 2000.85 19096.1 44.2958 -2000.85 39.6679
3.22 -43.9911 2000.42 18974.2 43.9911 -2000.42 29.9721
3.225 -43.6827 2000.05 18848.9 43.6827 -2000.05 22.0722
3.23 -43.3685 1999.72 18719.7 43.3685 -1999.72 15.5235
3.235 -43.0381 1999.25 18583.7 43.0381 -1999.25 8.76218
3.24 -42.7249 1999.14 18449.6 42.7249 -1999.14 7.60775
3.245 -42.4846 1999.63 18339.5 42.4846 -1999.63 13.8528
3.25 -42.2067 1999.39 18224 42.2067 -1999.39 9.26304
3.255 -41.9228 1999.17 18105.3 41.9228 -1999.17 5.36794
3.26 -41.6313 1998.94 17982.8 41.6313 -1998.94 1.95383
3.265 -41.5814 2000.32 17926.7 41.5814 -2000.32 36.4692
3.27 -41.4937 2000.84 17876.2 41.4937 -2000.84 49.115
3.275 -41.4352 2001.09 17847.7 41.4352 -2001.09 52.342
3.28 -41.4357 2001.22 17844.7 41.4357 -2001.22 55.5663
3.285 -41.3689 2000.2 17831 41.3689 -2000.2 40.3364
3.29 -41.3174 1999.81 17818.6 41.3174 -1999.81 30.5176
3.295 -41.2746 1999.72 17806.6 41.2746 -1999.72 24.0175
3.3 -41.2762 2000.39 17806.3 41.2762 -2000.39 25.036
3.305 -41.2705 2000.64 17805.5 41.2705 -2000.64 23.3636
3.31 -41.238 2000.05 17798.4 41.238 -2000.05 16.4483
3.315 -41.2128 1999.77 17792 41.2128 -1999.77 11.9233
3.32 -41.1936 1999.73 17786.3 41.1936 -1999.73 9.33371
3.325 -41.1751 1999.7 17780.4 41.1751 -1999.7 7.23546
3.33 -41.157 1999.67 17774.3 41.157 -1999.67 5.53785
3.335 -41.1393 1999.64 17768 41.1393 -1999.64 4.16401
3.34 -41.1217 1999.62 17761.5 41.1217 -1999.62 3.05269
3.345 -41.1044 1999.6 17754.9 41.1044 -1999.6 2.15469
3.35 -41.0871 1999.59 17748.2 41.0871 -1999.59 1.43111
3.355 -41.0701 1999.58 17741.4 41.0701 -1999.58 0.850996
3.36 -41.0532 1999.57 17734.6 41.0532 -1999.57 0.389275
3.365 -41.0366 1999.56 17727.8 41.0366 -1999.56 0.0262501
3.37 -41.0205 1999.56 17721.1 41.0205 -1999.56 -0.25385
3.375 -41.0048 1999.57 17714.5 41.0048 -1999.57 -0.463715
3.38 -40.9897 1999.58 17708.2 40.9897 -1999.58 -0.613789
3.385 -40.9656 1999.21 17699.2 40.9656 -1999.21 -2.03958
3.39 -40.9464 1999.12 17691.3 40.9464 -1999.12 -2.47741
3.395 -40.932 1999.26 17684.7 40.932 -1999.26 -2.09457
3.4 -40.9192 1999.37 17678.8 40.9192 -1999.37 -1.76933
3.405 -40.9082 1999.47 17673.8 40.9082 -1999.47 -1.48707
3.41 -40.8992 1999.56 17669.7 40.8992 -1999.56 -1.24141
3.415 -40.8924 1999.64 17666.6 40.8924 -1999.64 -1.0275
3.42 -40.888 1999.7 17664.5 40.888 -1999.7 -0.842212
3.425 -40.886 1999.76 17663.4 40.886 -1999.76 -0.683806
3.43 -40.8864 1999.81 17663.5 40.8864 -1999.81 -0.562552
3.435 -40.7924 1999.18 17636.9 40.7924 -1999.18 -14.603
3.44 -40.6707 1998.79 17591.5 40.6707 -1998.79 -21.7647
3.445 -40.5495 1998.96 17533 40.5495 -1998.96 -15.5841
3.45 -40.4005 1999 17461.6 40.4005 -1999 -8.57008
3.455 -40.2379 1998.96 17383.6 40.2379 -1998.96 -0.819687
3.46 -40.0713 1998.92 17304 40.0713 -1998.92 6.76337
3.465 -39.904 1998.88 17225.6 39.904 -1998.88 12.9701
3.47 -39.7358 1998.89 17148.7 39.7358 -1998.89 17.1369
3.475 -39.5652 1998.95 17072.9 39.5652 -1998.95 19.2549
3.48 -39.3905 1999.03 16997 39.3905 -1999.03 19.7292
3.485 -39.2098 1999.1 16919.6 39.2098 -1999.1 19.0091
3.49 -39.0242 1998.51 16840.4 39.0242 -1998.51 18.0516
3.495 -38.8408 1998.33 16762.5 38.8408 -1998.33 16.6986
3.5 -38.6587 1998.51 16684.9 38.6587 -1998.51 15.655
3.505 -38.461 1999.62 16602.3 38.461 -1999.62 12.8323
3.51 -38.2411 2000.23 16510.2 38.2411 -2000.23 10.0185
3.515 -38.0047 1999.98 16409.4 38.0047 -1999.98 8.58219
3.52 -37.7431 2001.74 16301 37.7431 -2001.74 3.99166
3.525 -37.4409 2002.65 16174.2 37.4409 -2002.65 0.224814
3.53 -37.1139 2001.9 16033.3 37.1139 -2001.9 -0.125827
3.535 -36.7815 2001.47 15889.5 36.7815 -2001.47 0.147465
3.54 -36.439 2001.12 15741.3 36.439 -2001.12 0.333652
3.545 -36.0882 2000.71 15589.4 36.0882 -2000.71 0.72603
3.55 -35.7315 2000.33 15434.9 35.7315 -2000.33 1.10103
3.555 -35.3703 1999.96 15278.4 35.3703 -1999.96 1.54777
3.56 -35.0156 1999.32 15124.1 35.0156 -1999.32 2.66027
3.565 -34.6446 1999.87 14966.4 34.6446 -1999.87 0.0282025
3.57 -34.2119 2001.14 14784.5 34.2119 -2001.14 -4.95937
3.575 -33.7677 2000.73 14590.1 33.7677 -2000.73 -2.46241
3.58 -33.3164 2000.41 14392.2 33.3164 -2000.41 0.471257
3.585 -32.8532 2000.03 14191.8 32.8532 -2000.03 0.771655
3.59 -32.381 1999.4 13988.4 32.381 -1999.4 0.203315
3.595 -31.8442 2000.17 13761.2 31.8442 -2000.17 -4.50147
3.6 -31.3062 1999.72 13527.2 31.3062 -1999.72 -2.87669
3.605 -30.7684 1999.29 13293.4 30.7684 -1999.29 -1.48917
3.61 -30.2225 1998.92 13057 30.2225 -1998.92 -0.851227
3.615 -29.6877 1998.28 12823.8 29.6877 -1998.28 1.27564
3.62 -29.1788 1997.54 12597.1 29.1788 -1997.54 8.10682
3.625 -28.629 1997.48 12359.6 28.629 -1997.48 8.16979
3.63 -27.9296 2000.3 12079.9 27.9296 -2000.3 -14.3089
3.635 -27.0675 2004.27 11734.1 27.0675 -2004.27 -40.924
3.64 -26.0068 2004.86 11288.9 26.0068 -2004.86 -53.933
3.645 -24.4364 2010.58 10668.5 24.4364 -2010.58 -111.93
3.65 -22.5079 2017.4 9897.27 22.5079 -2017.4 -173.842
3.655 -20.3303 2018.97 8980.5 20.3303 -2018.97 -197.803
3.66 -17.6756 2020.23 7865.7 17.6756 -2020.23 -229.823
3.665 -14.7531 2019.8 6605.35 14.7531 -2019.8 -232.002
3.67 -11.324 2020.87 5161.06 11.324 -2020.87 -269.08
3.675 -7.52015 2022.17 3569.28 7.52015 -2022.17 -320.577
3.68 -3.95053 2018.71 1986.74 3.95053 -2018.71 -280.108
3.685 -0.161898 2015.86 327.122 0.161898 -2015.86 -257.183
3.69 3.82617 2013.73 -1403.77 -3.82617 -2013.73 -249.132
3.695 8.25803 2012.13 -3306.87 -8.25803 -2012.13 -260.602
3.7 13.171 2010.89 -5409.06 -13.171 -2010.89 -280.823
3.705 18.4275 2007.62 -7645.19 -18.4275 -2007.62 -315.473
3.71 23.2372 2003.48 -9757.41 -23.2372 -2003.48 -281.077
3.715 27.5539 2004.25 -11714.5 -27.5539 -2004.25 -188.816
3.72 31.1071 2007.36 -13366.3 -31.1071 -2007.36 -71.9497
3.725 34.3575 2007.56 -14843 -34.3575 -2007.56 0.5307
3.73 37.2135 2008.86 -16140.4 -37.2135 -2008.86 64.1972
3.735 39.792 2010.69 -17314.6 -39.792 -2010.69 124.469
3.74 42.0753 2012.55 -18356.9 -42.0753 -2012.55 180.387
3.745 44.0775 2013.03 -19263.3 -44.0775 -2013.03 221.814
3.75 45.8507 2012.96 -20039.3 -45.8507 -2012.96 231.755
3.755 47.4381 2013.47 -20700.9 -47.4381 -2013.47 207.641
3.76 48.7577 2012.4 -21254.7 -48.7577 -2012.4 191.404
3.765 49.642 2011.27 -21671.1 -49.642 -2011.27 225.747
3.77 49.8183 2009.32 -21863.5 -49.8183 -2009.32 341.97
3.775 48.5777 2000.88 -21605.1 -48.5777 -2000.88 619.467
3.78 47.0881 1994.02 -21066.6 -47.0881 -1994.02 724.555
3.785 45.8455 1992.52 -20428.7 -45.8455 -1992.52 623.444
3.79 44.6821 1991.86 -19789.2 -44.6821 -1991.86 486.542
3.795 44.1691 1994.96 -19362 -44.1691 -1994.96 280.928
3.8 43.7906 1998.36 -19054.5 -43.7906 -1998.36 136.942
3.805 43.2393 1999.19 -18753.5 -43.2393 -1999.19 74.1053
3.81 42.5378 1997.79 -18438.9 -42.5378 -1997.79 62.6059
3.815 41.9764 1997.78 -18174.5 -41.9764 -1997.78 40.6618
3.82 41.4814 1997.35 -17937.9 -41.4814 -1997.35 17.8976
3.825 41.3833 1998.17 -17841.4 -41.3833 -1998.17 -36.1736
3.83 41.3649 1997.74 -17818.2 -41.3649 -1997.74 -51.4335
3.835 41.2898 1997.54 -17797.2 -41.2898 -1997.54 -39.9417
3.84 41.2604 1997.86 -17789.4 -41.2604 -1997.86 -35.0361
3.845 41.2007 1997.37 -17774.5 -41.2007 -1997.37 -24.1895
3.85 41.1523 1997.4 -17759.9 -41.1523 -1997.4 -17.8886
3.855 41.1016 1997.36 -17743.3 -41.1016 -1997.36 -12.5962
3.86 41.0475 1997.24 -17724.4 -41.0475 -1997.24 -8.09223
3.865 40.9868 1996.99 -17702.4 -40.9868 -1996.99 -3.94093
3.87 40.8953 1996.11 -17668.5 -40.8953 -1996.11 1.69805
3.875 40.813 1996.17 -17634.6 -40.813 -1996.17 3.38337
3.88 40.7234 1996.08 -17597.7 -40.7234 -1996.08 5.1457
3.885 40.6101 1995.25 -17552.5 -40.6101 -1995.25 8.88461
3.89 40.5511 1996.59 -17520.7 -40.5511 -1996.59 2.65697
3.895 40.4842 1997.45 -17488.5 -40.4842 -1997.45 -0.668951
3.9 40.3951 1997.15 -17452.2 -40.3951 -1997.15 1.57697
3.905 40.1974 1991.45 -17381.3 -40.1974 -1991.45 15.9903
3.91 39.8759 1984.33 -17262.7 -39.8759 -1984.33 36.2555
3.915 0.11367 -21.0844 -39.7002 -0.11367 21.0844 -9.40537
