0.1 -1.11351e-17 -0.0164972 5.15514e-20
0.2 -3.659e-17 -0.0332507 1.69398e-19
0.3 -7.79015e-17 -0.0502727 3.60655e-19
0.4 -9.54384e-17 -0.0675767 4.41844e-19
0.5 -8.75471e-17 -0.085177 4.0531e-19
0.6 -1.28871e-16 -0.10309 5.96623e-19
0.7 -2.4124e-16 -0.121349 1.11685e-18
0.8 -1.57673e-16 -0.140099 7.29966e-19
0.9 -2.04992e-16 -0.159489 9.49037e-19
1 -7.35181e-17 -0.179387 3.40362e-19
0.005 -2.3032e-07 -0.179387 7.99721e-10
0.01 -1.1462e-06 -0.179387 3.97985e-09
0.015 -2.96193e-06 -0.179387 1.02845e-08
0.02 -5.65627e-06 -0.179387 1.96398e-08
0.025 -9.20787e-06 -0.179387 3.19717e-08
0.03 -1.35953e-05 -0.179387 4.72058e-08
0.035 -1.8797e-05 -0.179387 6.52673e-08
0.04 -2.47914e-05 -0.179387 8.60811e-08
0.045 -3.15565e-05 -0.179387 1.09571e-07
0.05 -3.90704e-05 -0.179387 1.35661e-07
0.055 -4.73112e-05 -0.179387 1.64275e-07
0.06 -5.62574e-05 -0.179387 1.95338e-07
0.065 -6.58869e-05 -0.179387 2.28774e-07
0.07 -7.61769e-05 -0.179387 2.64503e-07
0.075 -8.71035e-05 -0.179387 3.02442e-07
0.08 -9.86428e-05 -0.179387 3.42509e-07
0.085 -0.00011077 -0.179387 3.84616e-07
0.09 -0.000123459 -0.179387 4.28677e-07
0.095 -0.000136689 -0.179387 4.74614e-07
0.1 -0.000150439 -0.179387 5.22355e-07
0.105 -0.000164682 -0.179387 5.71812e-07
0.11 -0.000179388 -0.179388 6.22873e-07
0.115 -0.000194522 -0.179388 6.75421e-07
0.12 -0.000210058 -0.179388 7.29367e-07
0.125 -0.000225983 -0.179388 7.8466e-07
0.13 -0.000242276 -0.179388 8.41236e-07
0.135 -0.000258914 -0.179388 8.99004e-07
0.14 -0.000275878 -0.179388 9.57909e-07
0.145 -0.000293173 -0.179388 1.01796e-06
0.15 -0.000310795 -0.179388 1.07915e-06
0.155 -0.000328693 -0.179388 1.14129e-06
0.16 -0.00034676 -0.179388 1.20402e-06
0.165 -0.000364887 -0.179388 1.26697e-06
0.17 -0.000383017 -0.179388 1.32992e-06
0.175 -0.000401132 -0.179388 1.39282e-06
0.18 -0.000419234 -0.179388 1.45567e-06
0.185 -0.000437327 -0.179388 1.51849e-06
0.19 -0.000455395 -0.179388 1.58123e-06
0.195 -0.000473384 -0.179388 1.64369e-06
0.2 -0.000491215 -0.179388 1.7056e-06
0.205 -0.000508838 -0.179389 1.76679e-06
0.21 -0.000526266 -0.179389 1.82731e-06
0.215 -0.000543589 -0.179389 1.88746e-06
0.22 -0.000560952 -0.179389 1.94774e-06
0.225 -0.000578473 -0.179389 2.00858e-06
0.23 -0.00059615 -0.179389 2.06996e-06
0.235 -0.000613858 -0.179389 2.13145e-06
0.24 -0.000631406 -0.179389 2.19238e-06
0.245 -0.00064863 -0.179389 2.25218e-06
0.25 -0.000665517 -0.179389 2.31082e-06
0.255 -0.000682175 -0.179389 2.36866e-06
0.26 -0.000698583 -0.179389 2.42563e-06
0.265 -0.000714381 -0.179389 2.48048e-06
0.27 -0.000728988 -0.179389 2.5312e-06
0.275 -0.000741941 -0.179389 2.57618e-06
0.28 -0.000753024 -0.179389 2.61466e-06
0.285 -0.000762157 -0.179389 2.64637e-06
0.29 -0.000769353 -0.179389 2.67136e-06
0.295 -0.000774657 -0.179389 2.68977e-06
0.3 -0.000777953 -0.179389 2.70122e-06
0.305 -0.000778847 -0.179389 2.70432e-06
0.31 -0.000776762 -0.179389 2.69708e-06
0.315 -0.000771311 -0.179389 2.67816e-06
0.32 -0.000762632 -0.179389 2.64802e-06
0.325 -0.000751105 -0.179389 2.60799e-06
0.33 -0.000736654 -0.179389 2.55782e-06
0.335 -0.000718394 -0.179389 2.49441e-06
0.34 -0.000695112 -0.179389 2.41357e-06
0.345 -0.000666023 -0.179389 2.31257e-06
0.35 -0.000630969 -0.179389 2.19085e-06
0.355 -0.00059024 -0.179389 2.04943e-06
0.36 -0.000544291 -0.179389 1.88989e-06
0.365 -0.000493317 -0.179389 1.7129e-06
0.37 -0.000436991 -0.179389 1.51732e-06
0.375 -0.000374769 -0.179389 1.30127e-06
0.38 -0.000306326 -0.179389 1.06362e-06
0.385 -0.000231527 -0.179389 8.03903e-07
0.39 -0.000150663 -0.179389 5.23128e-07
0.395 -6.49128e-05 -0.179389 2.25382e-07
0.4 2.40883e-05 -0.179389 -8.35832e-08
0.405 0.000115103 -0.17939 -3.99554e-07
0.41 0.000207525 -0.17939 -7.20483e-07
0.415 0.000301253 -0.17939 -1.04594e-06
0.42 0.000396946 -0.17939 -1.37821e-06
0.425 0.000496345 -0.179391 -1.72329e-06
0.43 0.000601666 -0.179391 -2.08876e-06
0.435 0.000714336 -0.179391 -2.47942e-06
0.44 0.000834386 -0.179392 -2.89529e-06
0.445 0.00096107 -0.179392 -3.33388e-06
0.45 0.00109369 -0.179392 -3.79299e-06
0.455 0.0012309 -0.179393 -4.26813e-06
0.46 0.00136978 -0.179393 -4.74927e-06
0.465 0.00150753 -0.179394 -5.2266e-06
0.47 0.00164399 -0.179394 -5.69955e-06
0.475 0.00178145 -0.179394 -6.17602e-06
0.48 0.00192205 -0.179395 -6.66337e-06
0.485 0.00206591 -0.179395 -7.16203e-06
0.49 0.00221168 -0.179396 -7.66732e-06
0.495 0.00235854 -0.179396 -8.1764e-06
0.5 0.00250793 -0.179396 -8.69427e-06
0.505 0.00266383 -0.179397 -9.23475e-06
0.51 0.00283101 -0.179397 -9.8144e-06
0.515 0.0030124 -0.179398 -1.04434e-05
0.52 0.00320783 -0.179399 -1.11212e-05
0.525 0.00341485 -0.179399 -1.18394e-05
0.53 0.00363001 -0.1794 -1.2586e-05
0.535 0.00384927 -0.1794 -1.33469e-05
0.54 0.00406892 -0.179401 -1.41093e-05
0.545 0.00428739 -0.179402 -1.48676e-05
0.55 0.00450614 -0.179402 -1.5627e-05
0.555 0.00472846 -0.179403 -1.63989e-05
0.56 0.00495824 -0.179404 -1.71967e-05
0.565 0.00519894 -0.179405 -1.80323e-05
0.57 0.00545157 -0.179405 -1.89094e-05
0.575 0.0057127 -0.179406 -1.9816e-05
0.58 0.00597628 -0.179407 -2.07311e-05
0.585 0.00624114 -0.179408 -2.16507e-05
0.59 0.00651884 -0.179408 -2.26148e-05
0.595 0.0068323 -0.179409 -2.37031e-05
0.6 0.00720624 -0.179411 -2.50013e-05
0.605 0.00765936 -0.179412 -2.65745e-05
0.61 0.00820195 -0.179414 -2.84584e-05
0.615 0.00883782 -0.179415 -3.06662e-05
0.62 0.00956688 -0.179418 -3.31976e-05
0.625 0.0103832 -0.17942 -3.6032e-05
0.63 0.0112727 -0.179423 -3.91205e-05
0.635 0.012218 -0.179426 -4.24026e-05
0.64 0.0132065 -0.179429 -4.58346e-05
0.645 0.0142338 -0.179432 -4.94015e-05
0.65 0.0153006 -0.179435 -5.31055e-05
0.655 0.0164067 -0.179438 -5.69458e-05
0.66 0.0175457 -0.179442 -6.09004e-05
0.665 0.0187044 -0.179445 -6.49234e-05
0.67 0.0198661 -0.179449 -6.89565e-05
0.675 0.0210146 -0.179452 -7.2944e-05
0.68 0.0221378 -0.179456 -7.68436e-05
0.685 0.0232274 -0.179459 -8.06268e-05
0.69 0.0242781 -0.179462 -8.42746e-05
0.695 0.0252896 -0.179465 -8.77865e-05
0.7 0.0262714 -0.179468 -9.1195e-05
0.705 0.0272406 -0.179471 -9.45599e-05
0.71 0.0282142 -0.179474 -9.79401e-05
0.715 0.0292008 -0.179477 -0.000101365
0.72 0.0301961 -0.17948 -0.000104821
0.725 0.0311847 -0.179483 -0.000108253
0.73 0.0321484 -0.179486 -0.000111599
0.735 0.0330736 -0.179489 -0.000114811
0.74 0.0339537 -0.179491 -0.000117866
0.745 0.0347884 -0.179494 -0.000120764
0.75 0.0355849 -0.179496 -0.000123529
0.755 0.0363575 -0.179499 -0.000126211
0.76 0.0371265 -0.179501 -0.000128881
0.765 0.0379148 -0.179503 -0.000131618
0.77 0.0387422 -0.179506 -0.00013449
0.775 0.0396188 -0.179509 -0.000137533
0.78 0.0405435 -0.179511 -0.000140743
0.785 0.0415098 -0.179514 -0.000144098
0.79 0.0425118 -0.179517 -0.000147577
0.795 0.0435425 -0.179521 -0.000151155
0.8 0.0445897 -0.179524 -0.00015479
0.805 0.0456402 -0.179527 -0.000158437
0.81 0.0466923 -0.17953 -0.00016209
0.815 0.0477636 -0.179533 -0.000165809
0.82 0.0488802 -0.179537 -0.000169685
0.825 0.050059 -0.17954 -0.000173777
0.83 0.0513001 -0.179544 -0.000178085
0.835 0.0525918 -0.179548 -0.00018257
0.84 0.0539185 -0.179552 -0.000187175
0.845 0.0552701 -0.179556 -0.000191867
0.85 0.0566435 -0.17956 -0.000196634
0.855 0.0580405 -0.179565 -0.000201484
0.86 0.0594688 -0.179569 -0.000206442
0.865 0.0609386 -0.179574 -0.000211544
0.87 0.0624575 -0.179578 -0.000216817
0.875 0.0640292 -0.179583 -0.000222273
0.88 0.0656536 -0.179588 -0.000227912
0.885 0.0673253 -0.179593 -0.000233714
0.89 0.069035 -0.179598 -0.000239649
0.895 0.0707755 -0.179604 -0.00024569
0.9 0.0725435 -0.179609 -0.000251828
0.905 0.074336 -0.179615 -0.00025805
0.91 0.0761442 -0.17962 -0.000264326
0.915 0.0779483 -0.179626 -0.000270588
0.92 0.0797183 -0.179631 -0.000276732
0.925 0.081424 -0.179636 -0.000282652
0.93 0.0830457 -0.179641 -0.000288281
0.935 0.0845804 -0.179646 -0.000293608
0.94 0.0860437 -0.179651 -0.000298687
0.945 0.0874666 -0.179655 -0.000303626
0.95 0.0888854 -0.179659 -0.00030855
0.955 0.0903304 -0.179664 -0.000313566
0.96 0.091825 -0.179668 -0.000318753
0.965 0.0933835 -0.179673 -0.000324163
0.97 0.0950004 -0.179678 -0.000329775
0.975 0.09665 -0.179683 -0.0003355
0.98 0.0983034 -0.179688 -0.000341239
0.985 0.0999357 -0.179693 -0.000346904
0.99 0.101501 -0.179698 -0.000352338
0.995 0.102907 -0.179703 -0.000357215
1 0.10401 -0.179706 -0.000361045
1.005 0.104653 -0.179708 -0.000363277
1.01 0.104702 -0.179708 -0.000363444
1.015 0.104072 -0.179706 -0.00036126
1.02 0.102734 -0.179705 -0.000356616
1.025 0.100693 -0.179706 -0.000349528
1.03 0.0979772 -0.179706 -0.000340097
1.035 0.0946376 -0.179707 -0.000328501
1.04 0.0907685 -0.179707 -0.000315067
1.045 0.0865446 -0.179707 -0.0003004
1.05 0.0822089 -0.179707 -0.000285345
1.055 0.0779908 -0.179708 -0.000270699
1.06 0.0740303 -0.179708 -0.000256947
1.065 0.0703691 -0.179708 -0.000244235
1.07 0.0669962 -0.179708 -0.000232523
1.075 0.0639081 -0.179708 -0.000221801
1.08 0.0611411 -0.179708 -0.000212193
1.085 0.0587643 -0.179708 -0.00020394
1.09 0.056845 -0.179708 -0.000197276
1.095 0.0554144 -0.179708 -0.000192308
1.1 0.054451 -0.179708 -0.000188963
1.105 0.0538803 -0.179708 -0.000186982
1.11 0.0535995 -0.179708 -0.000186007
1.115 0.0535357 -0.179708 -0.000185785
1.12 0.0537042 -0.179708 -0.00018637
1.125 0.054191 -0.179708 -0.00018806
1.13 0.055052 -0.179708 -0.00019105
1.135 0.0562113 -0.179708 -0.000195075
1.14 0.0574486 -0.179708 -0.000199372
1.145 0.058493 -0.179708 -0.000202998
1.15 0.0591531 -0.179708 -0.00020529
1.155 0.0593856 -0.179708 -0.000206097
1.16 0.0592636 -0.179708 -0.000205674
1.165 0.0588928 -0.179708 -0.000204386
1.17 0.0583491 -0.179708 -0.000202498
1.175 0.0576768 -0.179708 -0.000200164
1.18 0.0569326 -0.179708 -0.00019758
1.185 0.0562335 -0.179708 -0.000195152
1.19 0.0557772 -0.179708 -0.000193568
1.195 0.055803 -0.179708 -0.000193658
1.2 0.0565077 -0.179708 -0.000196105
1.205 0.0579914 -0.179708 -0.000201256
1.21 0.0602719 -0.179708 -0.000209175
1.215 0.063321 -0.179708 -0.000219762
1.22 0.0670692 -0.179708 -0.000232776
1.225 0.0713748 -0.179708 -0.000247727
1.23 0.0759848 -0.179708 -0.000263733
1.235 0.0805412 -0.179708 -0.000279554
1.24 0.084663 -0.179708 -0.000293866
1.245 0.0880601 -0.179708 -0.000305661
1.25 0.0905924 -0.179708 -0.000314454
1.255 0.0922297 -0.179708 -0.000320139
1.26 0.0929584 -0.179708 -0.000322669
1.265 0.092716 -0.179708 -0.000321828
1.27 0.0914052 -0.179708 -0.000317276
1.275 0.0889744 -0.179708 -0.000308836
1.28 0.085499 -0.179708 -0.000296769
1.285 0.0811882 -0.179708 -0.000281801
1.29 0.0763029 -0.179708 -0.000264838
1.295 0.071038 -0.179708 -0.000246557
1.3 0.0654767 -0.179708 -0.000227247
1.305 0.0596615 -0.179708 -0.000207055
1.31 0.0537077 -0.179708 -0.000186382
1.315 0.0478635 -0.179708 -0.00016609
1.32 0.0424757 -0.179708 -0.000147382
1.325 0.0378996 -0.179709 -0.000131493
1.33 0.0344189 -0.179709 -0.000119407
1.335 0.0322142 -0.179709 -0.000111752
1.34 0.0313584 -0.179709 -0.000108781
1.345 0.031778 -0.179709 -0.000110237
1.35 0.0331992 -0.179709 -0.000115173
1.355 0.0351695 -0.179709 -0.000122014
1.36 0.037185 -0.179709 -0.000129012
1.365 0.0388793 -0.179709 -0.000134895
1.37 0.0401669 -0.179709 -0.000139366
1.375 0.041254 -0.179709 -0.00014314
1.38 0.0425229 -0.179709 -0.000147546
1.385 0.0443808 -0.179709 -0.000153998
1.39 0.0471543 -0.179709 -0.000163628
1.395 0.051046 -0.179709 -0.00017714
1.4 0.0561331 -0.179709 -0.000194804
1.405 0.0623855 -0.179709 -0.000216514
1.41 0.0696904 -0.179709 -0.000241878
1.415 0.0778736 -0.179709 -0.000270292
1.42 0.0867271 -0.179709 -0.000301033
1.425 0.0960393 -0.179709 -0.000333367
1.43 0.105609 -0.17971 -0.000366595
1.435 0.115238 -0.179726 -0.000400017
1.44 0.124733 -0.179757 -0.00043297
1.445 0.13395 -0.179788 -0.000464953
1.45 0.142833 -0.179818 -0.000495779
1.455 0.151429 -0.179847 -0.000525608
1.46 0.159849 -0.179874 -0.000554825
1.465 0.168239 -0.179902 -0.000583934
1.47 0.17679 -0.17993 -0.000613603
1.475 0.185765 -0.179959 -0.000644741
1.48 0.195495 -0.17999 -0.000678499
1.485 0.206328 -0.180025 -0.000716082
1.49 0.218526 -0.180064 -0.000758395
1.495 0.232154 -0.180108 -0.000805669
1.5 0.247043 -0.180156 -0.000857315
1.505 0.262872 -0.180207 -0.000912216
1.51 0.279334 -0.18026 -0.00096931
1.515 0.29626 -0.180315 -0.00102801
1.52 0.313615 -0.180372 -0.00108819
1.525 0.33142 -0.18043 -0.00114992
1.53 0.349681 -0.18049 -0.00121324
1.535 0.368361 -0.180552 -0.001278
1.54 0.387386 -0.180615 -0.00134394
1.545 0.406685 -0.180679 -0.00141084
1.55 0.426219 -0.180745 -0.00147854
1.555 0.445985 -0.180811 -0.00154704
1.56 0.465983 -0.180879 -0.00161634
1.565 0.486178 -0.180947 -0.00168631
1.57 0.506479 -0.181017 -0.00175664
1.575 0.526765 -0.181086 -0.00182692
1.58 0.546937 -0.181156 -0.00189679
1.585 0.566945 -0.181225 -0.00196609
1.59 0.586777 -0.181294 -0.00203477
1.595 0.606421 -0.181363 -0.00210279
1.6 0.625848 -0.181431 -0.00217006
1.605 0.645018 -0.181499 -0.00223643
1.61 0.663872 -0.181566 -0.0023017
1.615 0.682333 -0.181632 -0.00236561
1.62 0.700335 -0.181696 -0.00242792
1.625 0.717867 -0.181759 -0.00248859
1.63 0.734995 -0.181821 -0.00254787
1.635 0.751831 -0.181882 -0.00260612
1.64 0.768488 -0.181943 -0.00266376
1.645 0.785061 -0.182004 -0.0027211
1.65 0.801609 -0.182064 -0.00277834
1.655 0.818136 -0.182125 -0.00283552
1.66 0.834555 -0.182186 -0.00289231
1.665 0.850594 -0.182245 -0.00294778
1.67 0.865758 -0.182302 -0.00300023
1.675 0.879441 -0.182353 -0.00304754
1.68 0.891123 -0.182397 -0.00308793
1.685 0.900558 -0.182432 -0.00312056
1.69 0.907879 -0.18246 -0.00314587
1.695 0.913609 -0.182482 -0.00316568
1.7 0.918557 -0.182501 -0.00318278
1.705 0.923573 -0.18252 -0.00320012
1.71 0.929295 -0.182541 -0.0032199
1.715 0.936021 -0.182567 -0.00324315
1.72 0.943742 -0.182596 -0.00326985
1.725 0.952256 -0.182629 -0.00329928
1.73 0.961288 -0.182663 -0.0033305
1.735 0.970559 -0.182698 -0.00336254
1.74 0.979804 -0.182734 -0.0033945
1.745 0.988768 -0.182768 -0.00342548
1.75 0.997244 -0.1828 -0.00345477
1.755 1.0051 -0.182831 -0.00348193
1.76 1.01228 -0.182858 -0.00350674
1.765 1.01874 -0.182883 -0.00352904
1.77 1.02442 -0.182905 -0.0035487
1.775 1.0293 -0.182924 -0.00356553
1.78 1.03327 -0.18294 -0.00357928
1.785 1.03623 -0.182951 -0.00358949
1.79 1.03799 -0.182958 -0.00359557
1.795 1.0384 -0.18296 -0.00359698
1.8 1.03741 -0.182956 -0.00359356
1.805 1.03516 -0.182954 -0.00358577
1.81 1.03199 -0.182955 -0.00357477
1.815 1.02843 -0.182956 -0.00356238
1.82 1.0251 -0.182957 -0.00355081
1.825 1.02264 -0.182957 -0.00354228
1.83 1.02159 -0.182958 -0.00353862
1.835 1.02226 -0.182958 -0.00354095
1.84 1.02479 -0.182958 -0.00354975
1.845 1.02921 -0.182959 -0.00356508
1.85 1.03544 -0.182959 -0.0035867
1.855 1.04331 -0.182961 -0.00361401
1.86 1.0525 -0.182984 -0.00364582
1.865 1.06252 -0.183029 -0.00368043
1.87 1.07274 -0.183073 -0.00371572
1.875 1.0824 -0.183115 -0.00374907
1.88 1.09062 -0.18315 -0.00377746
1.885 1.09647 -0.183176 -0.00379764
1.89 1.09899 -0.183187 -0.00380635
1.895 1.09743 -0.183184 -0.00380093
1.9 1.09132 -0.183179 -0.00377975
1.905 1.08054 -0.183182 -0.0037423
1.91 1.06519 -0.183185 -0.003689
1.915 1.04557 -0.183187 -0.00362084
1.92 1.02208 -0.183188 -0.00353929
1.925 0.995265 -0.18319 -0.00344617
1.93 0.965683 -0.183191 -0.00334345
1.935 0.933869 -0.183192 -0.00323298
1.94 0.900258 -0.183193 -0.00311627
1.945 0.865204 -0.183193 -0.00299455
1.95 0.829034 -0.183194 -0.00286896
1.955 0.792108 -0.183194 -0.00274074
1.96 0.754857 -0.183195 -0.0026114
1.965 0.717749 -0.183196 -0.00248255
1.97 0.681188 -0.183196 -0.0023556
1.975 0.645429 -0.183197 -0.00223144
1.98 0.610566 -0.183197 -0.00211039
1.985 0.576587 -0.183198 -0.00199241
1.99 0.54345 -0.183198 -0.00187735
1.995 0.511127 -0.183199 -0.00176512
2 0.479589 -0.183199 -0.00165561
2.005 0.448746 -0.1832 -0.00154852
2.01 0.418411 -0.183201 -0.00144319
2.015 0.388303 -0.183202 -0.00133866
2.02 0.358133 -0.183204 -0.00123391
2.025 0.327709 -0.183206 -0.00112827
2.03 0.296972 -0.183209 -0.00102156
2.035 0.265931 -0.183213 -0.000913782
2.04 0.23456 -0.183218 -0.000804865
2.045 0.202727 -0.183226 -0.000694345
2.05 0.170185 -0.18324 -0.000581365
2.055 0.136669 -0.183264 -0.000465019
2.06 0.102043 -0.183299 -0.000344815
2.065 0.0664033 -0.183352 -0.000221052
2.07 0.030089 -0.18344 -9.47886e-05
2.075 -0.0063842 -0.183555 3.19806e-05
2.08 -0.0424255 -0.183674 0.000157053
2.085 -0.0774846 -0.183791 0.000278694
2.09 -0.111182 -0.183903 0.000395589
2.095 -0.143401 -0.184011 0.000507333
2.1 -0.174276 -0.184115 0.000614399
2.105 -0.204101 -0.184215 0.000717806
2.11 -0.233228 -0.184313 0.00081878
2.115 -0.262017 -0.184411 0.000918565
2.12 -0.290788 -0.184508 0.00101828
2.125 -0.319785 -0.184606 0.00111876
2.13 -0.34915 -0.184706 0.0012205
2.135 -0.378925 -0.184808 0.00132364
2.14 -0.409009 -0.184911 0.00142784
2.145 -0.439107 -0.185014 0.00153208
2.15 -0.468752 -0.185117 0.00163472
2.155 -0.497431 -0.185217 0.00173401
2.16 -0.524754 -0.185313 0.00182858
2.165 -0.55054 -0.185404 0.00191783
2.17 -0.574779 -0.18549 0.00200171
2.175 -0.597514 -0.185571 0.00208037
2.18 -0.618757 -0.185647 0.00215386
2.185 -0.638474 -0.185718 0.00222206
2.19 -0.656626 -0.185784 0.00228484
2.195 -0.673215 -0.185844 0.00234221
2.2 -0.688305 -0.185899 0.00239439
2.205 -0.702046 -0.18595 0.0024419
2.21 -0.714727 -0.185996 0.00248574
2.215 -0.726801 -0.18604 0.00252749
2.22 -0.738791 -0.186085 0.00256893
2.225 -0.751119 -0.18613 0.00261155
2.23 -0.764025 -0.186178 0.00265616
2.235 -0.777592 -0.186228 0.00270306
2.24 -0.791852 -0.186281 0.00275234
2.245 -0.806877 -0.186337 0.00280427
2.25 -0.822773 -0.186396 0.0028592
2.255 -0.839587 -0.186459 0.0029173
2.26 -0.857215 -0.186525 0.0029782
2.265 -0.875362 -0.186594 0.0030409
2.27 -0.893613 -0.186663 0.00310394
2.275 -0.911572 -0.186731 0.00316597
2.28 -0.928986 -0.186797 0.00322611
2.285 -0.945794 -0.186862 0.00328415
2.29 -0.962087 -0.186925 0.00334041
2.295 -0.978001 -0.186986 0.00339535
2.3 -0.993624 -0.187046 0.00344928
2.305 -1.00895 -0.187106 0.00350219
2.31 -1.02389 -0.187164 0.00355374
2.315 -1.0382 -0.18722 0.00360314
2.32 -1.05156 -0.187273 0.00364925
2.325 -1.06362 -0.18732 0.00369087
2.33 -1.07421 -0.187362 0.00372739
2.335 -1.08341 -0.187398 0.00375914
2.34 -1.09158 -0.187431 0.00378732
2.345 -1.0992 -0.187461 0.00381359
2.35 -1.10681 -0.187491 0.00383987
2.355 -1.11507 -0.187524 0.00386835
2.36 -1.12468 -0.187562 0.00390149
2.365 -1.13631 -0.187608 0.0039416
2.37 -1.15038 -0.187665 0.00399016
2.375 -1.16697 -0.187731 0.00404735
2.38 -1.1858 -0.187807 0.00411229
2.385 -1.20648 -0.18789 0.00418359
2.39 -1.22865 -0.18798 0.00426003
2.395 -1.2521 -0.188075 0.00434087
2.4 -1.27673 -0.188176 0.00442573
2.405 -1.30242 -0.188282 0.00451427
2.41 -1.32904 -0.188391 0.00460596
2.415 -1.35641 -0.188501 0.0046999
2.42 -1.38437 -0.18861 0.00479559
2.425 -1.41287 -0.188722 0.00489309
2.43 -1.44199 -0.188838 0.00499275
2.435 -1.47202 -0.188954 0.00509516
2.44 -1.5033 -0.189071 0.00520152
2.445 -1.53613 -0.189195 0.0053131
2.45 -1.57063 -0.189316 0.00542962
2.455 -1.60669 -0.189435 0.00555076
2.46 -1.64401 -0.189559 0.00567612
2.465 -1.68209 -0.189685 0.00580397
2.47 -1.72033 -0.189795 0.00593162
2.475 -1.75808 -0.189886 0.00605689
2.48 -1.7947 -0.189967 0.00617775
2.485 -1.82967 -0.190037 0.00629255
2.49 -1.86259 -0.19009 0.00640019
2.495 -1.8932 -0.190129 0.00649983
2.5 -1.92129 -0.190166 0.00659131
2.505 -1.94672 -0.190201 0.00667412
2.51 -1.96937 -0.19023 0.00674783
2.515 -1.98926 -0.190237 0.00681183
2.52 -2.00659 -0.190226 0.00686696
2.525 -2.02181 -0.190217 0.00691535
2.53 -2.03555 -0.190209 0.0069591
2.535 -2.04863 -0.190203 0.00700076
2.54 -2.06187 -0.190198 0.00704294
2.545 -2.07598 -0.190194 0.00708797
2.55 -2.09161 -0.19019 0.00713787
2.555 -2.10934 -0.190187 0.00719449
2.56 -2.12965 -0.190184 0.00725938
2.565 -2.15285 -0.190181 0.00733354
2.57 -2.17906 -0.19018 0.00741728
2.575 -2.20818 -0.190178 0.00751036
2.58 -2.24002 -0.190178 0.00761207
2.585 -2.27423 -0.190178 0.00772133
2.59 -2.31039 -0.190152 0.0078361
2.595 -2.34801 -0.190096 0.00795454
2.6 -2.38658 -0.190036 0.00807566
2.605 -2.42553 -0.189977 0.00819795
2.61 -2.46419 -0.18992 0.00831934
2.615 -2.50196 -0.189866 0.00843788
2.62 -2.53838 -0.189816 0.00855218
2.625 -2.57329 -0.189768 0.00866172
2.63 -2.60673 -0.189724 0.00876659
2.635 -2.63878 -0.189682 0.0088671
2.64 -2.66951 -0.189642 0.00896343
2.645 -2.69898 -0.189585 0.00905538
2.65 -2.72733 -0.189515 0.00914345
2.655 -2.75488 -0.189444 0.00922882
2.66 -2.78203 -0.189371 0.00931278
2.665 -2.80919 -0.189297 0.00939661
2.67 -2.83662 -0.18922 0.00948112
2.675 -2.86437 -0.189143 0.0095666
2.68 -2.89226 -0.189063 0.00965232
2.685 -2.91997 -0.188979 0.00973724
2.69 -2.94705 -0.188899 0.00982022
2.695 -2.973 -0.188822 0.00989975
2.7 -2.99734 -0.18875 0.00997428
2.705 -3.0197 -0.188676 0.0100423
2.71 -3.03983 -0.188602 0.0101032
2.715 -3.05764 -0.188538 0.0101571
2.72 -3.07303 -0.188483 0.0102037
2.725 -3.08592 -0.188437 0.0102427
2.73 -3.09617 -0.1884 0.0102737
2.735 -3.10366 -0.188373 0.0102963
2.74 -3.10831 -0.188356 0.0103104
2.745 -3.11006 -0.18835 0.0103156
2.75 -3.10888 -0.188354 0.010312
2.755 -3.1048 -0.188379 0.0102993
2.76 -3.09785 -0.188432 0.0102777
2.765 -3.08812 -0.188505 0.0102474
2.77 -3.0757 -0.188597 0.0102087
2.775 -3.06071 -0.188709 0.010162
2.78 -3.04323 -0.188838 0.0101077
2.785 -3.0233 -0.188986 0.0100457
2.79 -3.00102 -0.189152 0.00997638
2.795 -2.97659 -0.189333 0.0099004
2.8 -2.95047 -0.18952 0.00981875
2.805 -2.9233 -0.189707 0.00973348
2.81 -2.89584 -0.189897 0.00964733
2.815 -2.86878 -0.190084 0.00956239
2.82 -2.84251 -0.190265 0.00947995
2.825 -2.81712 -0.190436 0.00940007
2.83 -2.79243 -0.190601 0.0093222
2.835 -2.76801 -0.190763 0.00924521
2.84 -2.74334 -0.190925 0.00916732
2.845 -2.71785 -0.191091 0.00908673
2.85 -2.69098 -0.191262 0.00900158
2.855 -2.66224 -0.191425 0.00890993
2.86 -2.6313 -0.191587 0.00881086
2.865 -2.59798 -0.191762 0.00870426
2.87 -2.56226 -0.191952 0.00859005
2.875 -2.52424 -0.192155 0.00846848
2.88 -2.48412 -0.192369 0.00834024
2.885 -2.44225 -0.192594 0.00820647
2.89 -2.39912 -0.192826 0.00806867
2.895 -2.35519 -0.193063 0.00792834
2.9 -2.31082 -0.193298 0.0077865
2.905 -2.26621 -0.193499 0.0076426
2.91 -2.22135 -0.193669 0.00749682
2.915 -2.17614 -0.193844 0.00735003
2.92 -2.13044 -0.194022 0.00720168
2.925 -2.08402 -0.194205 0.00705109
2.93 -2.03669 -0.194393 0.00689761
2.935 -1.98835 -0.194551 0.00673972
2.94 -1.93907 -0.194672 0.00657706
2.945 -1.88918 -0.194787 0.00641179
2.95 -1.83926 -0.194884 0.00624579
2.955 -1.79016 -0.194964 0.00608193
2.96 -1.74285 -0.195041 0.00592404
2.965 -1.69824 -0.195103 0.00577432
2.97 -1.65704 -0.195133 0.00563462
2.975 -1.61971 -0.195145 0.00550746
2.98 -1.58644 -0.195158 0.00539422
2.985 -1.55723 -0.19517 0.00529477
2.99 -1.53186 -0.195174 0.00520793
2.995 -1.50991 -0.195173 0.0051324
3 -1.49085 -0.195172 0.00506682
3.005 -1.47408 -0.195172 0.00500913
3.01 -1.45902 -0.19517 0.0049572
3.015 -1.4451 -0.195168 0.00490911
3.02 -1.43175 -0.195166 0.00486297
3.025 -1.41832 -0.195165 0.00481662
3.03 -1.40421 -0.195164 0.00476798
3.035 -1.38901 -0.195164 0.00471556
3.04 -1.37252 -0.195164 0.00465875
3.045 -1.35483 -0.195165 0.00459783
3.05 -1.33624 -0.195165 0.00453382
3.055 -1.31723 -0.195164 0.00446811
3.06 -1.29831 -0.19516 0.00440258
3.065 -1.28003 -0.195157 0.00433926
3.07 -1.26294 -0.195155 0.00428006
3.075 -1.24763 -0.195152 0.00422707
3.08 -1.23472 -0.19515 0.00418236
3.085 -1.2247 -0.195149 0.00414768
3.09 -1.21795 -0.195148 0.00412428
3.095 -1.21468 -0.195147 0.00411296
3.1 -1.21503 -0.195147 0.00411414
3.105 -1.21902 -0.195147 0.00412795
3.11 -1.22657 -0.195148 0.00415412
3.115 -1.23746 -0.195149 0.00419186
3.12 -1.25131 -0.195151 0.00423982
3.125 -1.26761 -0.195152 0.00429633
3.13 -1.28589 -0.195154 0.00435968
3.135 -1.30572 -0.195157 0.00442838
3.14 -1.32674 -0.195159 0.00450125
3.145 -1.34864 -0.195162 0.00457714
3.15 -1.371 -0.195164 0.00465461
3.155 -1.39328 -0.195164 0.00473154
3.16 -1.41485 -0.195161 0.00480581
3.165 -1.43511 -0.195159 0.00487559
3.17 -1.45361 -0.195157 0.00493933
3.175 -1.47009 -0.195156 0.0049961
3.18 -1.48439 -0.195154 0.00504534
3.185 -1.49634 -0.195152 0.00508642
3.19 -1.50575 -0.195149 0.00511863
3.195 -1.5123 -0.195146 0.00514106
3.2 -1.51567 -0.195145 0.00515258
3.205 -1.51554 -0.195145 0.00515211
3.21 -1.51169 -0.195146 0.00513887
3.215 -1.50394 -0.195148 0.00511228
3.22 -1.49212 -0.195151 0.00507177
3.225 -1.47603 -0.195155 0.00501655
3.23 -1.45543 -0.195158 0.00494565
3.235 -1.43015 -0.195159 0.00485845
3.24 -1.4001 -0.195161 0.00475481
3.245 -1.36523 -0.195163 0.00463459
3.25 -1.32553 -0.195165 0.00449766
3.255 -1.28098 -0.195162 0.0043435
3.26 -1.23151 -0.195155 0.0041719
3.265 -1.17702 -0.195147 0.00398295
3.27 -1.11739 -0.195139 0.00377626
3.275 -1.05254 -0.195131 0.00355148
3.28 -0.982365 -0.195123 0.00330834
3.285 -0.906787 -0.195115 0.00304653
3.29 -0.825735 -0.195106 0.00276584
3.295 -0.739203 -0.195097 0.00246627
3.3 -0.647244 -0.195089 0.00214802
3.305 -0.549933 -0.195081 0.00181137
3.31 -0.447322 -0.195073 0.00145651
3.315 -0.339439 -0.195066 0.00108356
3.32 -0.226315 -0.195061 0.000692643
3.325 -0.108022 -0.195056 0.000284004
3.33 0.0153217 -0.195055 -0.000141929
3.335 0.14354 -0.195058 -0.000584558
3.34 0.276373 -0.195067 -0.001043
3.345 0.413456 -0.195087 -0.00151599
3.35 0.554374 -0.195135 -0.00200211
3.355 0.698762 -0.195236 -0.00250019
3.36 0.846332 -0.195423 -0.00300955
3.365 0.996831 -0.195772 -0.00352985
3.37 1.15001 -0.196288 -0.00405405
3.375 1.30564 -0.196818 -0.00457739
3.38 1.46356 -0.197203 -0.00509959
3.385 1.6237 -0.197415 -0.00562078
3.39 1.78603 -0.19742 -0.00614076
3.395 1.9506 -0.197289 -0.00666208
3.4 2.11741 -0.197039 -0.00718611
3.405 2.28652 -0.196678 -0.00771316
3.41 2.45794 -0.196241 -0.00824521
3.415 2.63173 -0.195689 -0.00878015
3.42 2.80799 -0.195089 -0.00931865
3.425 2.98693 -0.194342 -0.00985911
3.43 3.16884 -0.193411 -0.0104007
3.435 3.35406 -0.192312 -0.010943
3.44 3.54289 -0.191015 -0.0114857
3.445 3.73558 -0.189484 -0.0120307
3.45 3.93228 -0.187679 -0.012578
3.455 4.13308 -0.185644 -0.0131283
3.46 4.33802 -0.183444 -0.0136843
3.465 4.54716 -0.181155 -0.0142479
3.47 4.76055 -0.178734 -0.0148205
3.475 4.97821 -0.176192 -0.0154
3.48 5.19997 -0.173581 -0.0159803
3.485 5.42537 -0.170845 -0.0165567
3.49 5.65365 -0.16806 -0.0171027
3.495 5.88387 -0.165487 -0.0175983
3.5 6.11507 -0.163238 -0.0180627
3.505 6.34638 -0.161076 -0.0185206
3.51 6.57698 -0.159005 -0.0189732
3.515 6.8061 -0.157159 -0.0194153
3.52 7.03297 -0.155368 -0.0198567
3.525 7.2569 -0.153636 -0.0202954
3.53 7.47729 -0.152057 -0.0207256
3.535 7.69366 -0.15042 -0.0211609
3.54 7.90569 -0.148682 -0.0216013
3.545 8.11319 -0.147006 -0.0220341
3.55 8.31604 -0.145423 -0.022458
3.555 8.51411 -0.143837 -0.0228769
3.56 8.70713 -0.142297 -0.0232891
3.565 8.89475 -0.14092 -0.023688
3.57 9.07651 -0.139698 -0.0240724
3.575 9.25184 -0.138657 -0.0244417
3.58 9.42014 -0.137529 -0.0248077
3.585 9.5808 -0.136201 -0.0251708
3.59 9.73326 -0.134924 -0.0255162
3.595 9.87697 -0.133813 -0.0258405
3.6 10.0115 -0.132704 -0.0261488
3.605 10.1363 -0.131549 -0.0264402
3.61 10.2515 -0.1305 -0.0267085
3.615 10.3568 -0.129552 -0.0269536
3.62 10.4524 -0.128702 -0.0271759
3.625 10.5383 -0.127947 -0.0273754
3.63 10.6144 -0.127286 -0.0275521
3.635 10.6807 -0.126716 -0.0277059
3.64 10.7372 -0.126236 -0.0278368
3.645 10.784 -0.125842 -0.0279454
3.65 10.8216 -0.125539 -0.0280325
3.655 10.8507 -0.125317 -0.0280997
3.66 10.8717 -0.125157 -0.0281485
3.665 10.8853 -0.125055 -0.0281801
3.67 10.8917 -0.125009 -0.0281949
3.675 10.8908 -0.125019 -0.0281929
3.68 10.8821 -0.125109 -0.0281704
3.685 10.865 -0.125299 -0.0281244
3.69 10.8389 -0.125588 -0.0280544
3.695 10.8032 -0.125985 -0.0279589
3.7 10.7576 -0.126499 -0.0278376
3.705 10.7021 -0.127136 -0.0276907
3.71 10.6367 -0.127906 -0.0275189
3.715 10.5613 -0.128817 -0.027323
3.72 10.4764 -0.129874 -0.0271043
3.725 10.3821 -0.131088 -0.026864
3.73 10.2792 -0.132455 -0.0266041
3.735 10.1686 -0.133957 -0.0263271
3.74 10.0517 -0.135568 -0.0260363
3.745 9.92981 -0.137265 -0.025735
3.75 9.80467 -0.139028 -0.0254269
3.755 9.67773 -0.140833 -0.0251153
3.76 9.55018 -0.142653 -0.0248027
3.765 9.42285 -0.144436 -0.0244906
3.77 9.29601 -0.146186 -0.0241794
3.775 9.16934 -0.14796 -0.0238692
3.78 9.04202 -0.14968 -0.0235564
3.785 8.91305 -0.151345 -0.0232384
3.79 8.7816 -0.153053 -0.0229145
3.795 8.64721 -0.154807 -0.0225835
3.8 8.5098 -0.15661 -0.0222453
3.805 8.36952 -0.158457 -0.0219002
3.81 8.22665 -0.160346 -0.0215488
3.815 8.08152 -0.162272 -0.021192
3.82 7.93455 -0.16423 -0.0208308
3.825 7.78616 -0.166224 -0.0204664
3.83 7.63674 -0.168238 -0.0200995
3.835 7.48654 -0.170181 -0.0197291
3.84 7.33568 -0.172086 -0.0193561
3.845 7.18415 -0.174026 -0.0189824
3.85 7.03189 -0.175982 -0.0186073
3.855 6.87875 -0.177962 -0.0182303
3.86 6.72454 -0.179968 -0.0178508
3.865 6.5691 -0.181972 -0.0174678
3.87 6.41241 -0.183917 -0.0170801
3.875 6.2547 -0.185849 -0.0166891
3.88 6.09651 -0.187817 -0.0162976
3.885 5.93855 -0.189796 -0.0159069
3.89 5.78159 -0.191755 -0.0155183
3.895 5.6264 -0.193685 -0.0151338
3.9 5.47387 -0.195602 -0.0147563
3.905 5.325 -0.197514 -0.0143885
3.91 5.18098 -0.1994 -0.0140333
3.915 5.04295 -0.201217 -0.0136934
3.92 4.9117 -0.20293 -0.0133701
3.925 4.78752 -0.204545 -0.0130639
3.93 4.67029 -0.206001 -0.012773
3.935 4.55973 -0.207284 -0.0124961
3.94 4.4554 -0.208489 -0.0122344
3.945 4.35676 -0.209629 -0.011987
3.95 4.26321 -0.210631 -0.0117498
3.955 4.17415 -0.21151 -0.0115216
3.96 4.089 -0.212357 -0.0113036
3.965 4.00721 -0.213173 -0.0110943
3.97 3.92831 -0.21388 -0.01089
3.975 3.85192 -0.214472 -0.010689
3.98 3.7777 -0.215036 -0.0104932
3.985 3.70528 -0.215583 -0.0103025
3.99 3.63414 -0.216107 -0.0101157
3.995 3.56362 -0.216562 -0.0099283
4 3.49306 -0.216961 -0.00973831
4.005 3.42191 -0.217369 -0.00954692
4.01 3.34985 -0.217794 -0.00935347
4.015 3.27693 -0.218228 -0.00915781
4.02 3.20355 -0.218588 -0.00895791
4.025 3.13034 -0.218881 -0.00875578
4.03 3.05812 -0.219174 -0.00855647
4.035 2.9877 -0.219438 -0.00836107
4.04 2.9198 -0.21967 -0.00817142
4.045 2.85497 -0.219835 -0.00798799
4.05 2.79363 -0.219945 -0.00781251
4.055 2.73616 -0.220054 -0.00764835
4.06 2.68285 -0.22016 -0.00749628
4.065 2.63403 -0.220261 -0.00735715
4.07 2.59005 -0.22035 -0.0072317
4.075 2.55125 -0.220403 -0.0071196
4.08 2.51804 -0.220424 -0.00702234
4.085 2.49083 -0.220442 -0.00694267
4.09 2.47006 -0.220455 -0.00688181
4.095 2.45609 -0.220462 -0.00684081
4.1 2.44915 -0.220463 -0.00682033
4.105 2.44934 -0.220457 -0.00682061
4.11 2.45663 -0.220447 -0.00684203
4.115 2.47093 -0.220433 -0.00688461
4.12 2.49209 -0.220414 -0.00694772
4.125 2.51994 -0.22039 -0.0070308
4.13 2.55421 -0.220362 -0.00713305
4.135 2.59457 -0.22033 -0.00725337
4.14 2.64053 -0.220293 -0.00739022
4.145 2.69152 -0.220222 -0.00754031
4.15 2.747 -0.220118 -0.00770187
4.155 2.80648 -0.220006 -0.00787476
4.16 2.86944 -0.219887 -0.00805744
4.165 2.9354 -0.21976 -0.00824841
4.17 3.00389 -0.219611 -0.00844624
4.175 3.07458 -0.219441 -0.00864971
4.18 3.14731 -0.21922 -0.00885623
4.185 3.22203 -0.218949 -0.00906587
4.19 3.29878 -0.218638 -0.0092798
4.195 3.37758 -0.21829 -0.0094982
4.2 3.45846 -0.217933 -0.00972191
4.205 3.54143 -0.217502 -0.00994814
4.21 3.62654 -0.217002 -0.0101772
4.215 3.71385 -0.21648 -0.0104124
4.22 3.80344 -0.21594 -0.0106537
4.225 3.8954 -0.215396 -0.010901
4.23 3.98976 -0.214769 -0.0111518
4.235 4.08649 -0.214062 -0.0114062
4.24 4.18553 -0.213343 -0.0116651
4.245 4.28675 -0.21252 -0.0119259
4.25 4.38995 -0.211595 -0.0121897
4.255 4.49486 -0.21066 -0.0124581
4.26 4.60124 -0.209647 -0.012728
4.265 4.70887 -0.208545 -0.0129993
4.27 4.8176 -0.207428 -0.0132737
4.275 4.92731 -0.206301 -0.0135506
4.28 5.03792 -0.205107 -0.0138278
4.285 5.14941 -0.203852 -0.0141054
4.29 5.26183 -0.202594 -0.0143855
4.295 5.37522 -0.201327 -0.014668
4.3 5.48963 -0.200037 -0.0149527
4.305 5.60502 -0.198727 -0.0152395
4.31 5.7213 -0.197409 -0.0155285
4.315 5.83828 -0.196085 -0.0158194
4.32 5.95571 -0.194757 -0.0161114
4.325 6.07333 -0.193429 -0.0164039
4.33 6.19096 -0.192115 -0.0166963
4.335 6.30853 -0.190808 -0.016988
4.34 6.42601 -0.189496 -0.0172792
4.345 6.54336 -0.188186 -0.0175702
4.35 6.66054 -0.186885 -0.017861
4.355 6.77752 -0.185591 -0.0181513
4.36 6.89431 -0.184299 -0.0184412
4.365 7.0109 -0.182978 -0.0187299
4.37 7.12736 -0.181618 -0.0190175
4.375 7.24382 -0.180251 -0.0193049
4.38 7.3604 -0.178883 -0.0195926
4.385 7.47719 -0.177515 -0.0198809
4.39 7.59414 -0.176148 -0.0201695
4.395 7.71101 -0.174816 -0.0204577
4.4 7.82732 -0.173523 -0.0207441
4.405 7.94232 -0.172244 -0.0210273
4.41 8.05508 -0.170987 -0.021305
4.415 8.16458 -0.16972 -0.021574
4.42 8.26985 -0.168458 -0.021832
4.425 8.36993 -0.16726 -0.0220773
4.43 8.46402 -0.166134 -0.022308
4.435 8.55145 -0.165088 -0.0225223
4.44 8.63167 -0.164129 -0.022719
4.445 8.70432 -0.163261 -0.0228971
4.45 8.76924 -0.162485 -0.0230563
4.455 8.82635 -0.161803 -0.0231963
4.46 8.87553 -0.161215 -0.0233169
4.465 8.91651 -0.160726 -0.0234174
4.47 8.94898 -0.160338 -0.023497
4.475 8.9726 -0.160056 -0.0235549
4.48 8.98705 -0.159883 -0.0235903
4.485 8.99203 -0.159823 -0.0236025
4.49 8.98734 -0.159877 -0.0235909
4.495 8.97282 -0.16003 -0.0235527
4.5 8.94844 -0.160273 -0.0234869
4.505 8.91435 -0.160618 -0.0233953
4.51 8.87093 -0.161063 -0.0232791
4.515 8.81887 -0.161606 -0.0231407
4.52 8.75918 -0.162243 -0.0229831
4.525 8.69309 -0.162966 -0.0228101
4.53 8.6219 -0.163765 -0.0226254
4.535 8.54663 -0.164629 -0.0224318
4.54 8.46787 -0.165552 -0.0222308
4.545 8.38592 -0.166529 -0.0220231
4.55 8.30091 -0.167557 -0.0218089
4.555 8.21301 -0.16863 -0.0215884
4.56 8.1224 -0.169746 -0.0213619
4.565 8.02921 -0.170902 -0.0211298
4.57 7.93338 -0.172094 -0.0208915
4.575 7.83472 -0.173296 -0.020646
4.58 7.73297 -0.174511 -0.0203925
4.585 7.62796 -0.175769 -0.0201312
4.59 7.51966 -0.177069 -0.019862
4.595 7.40811 -0.178412 -0.0195849
4.6 7.29337 -0.179806 -0.0193002
4.605 7.1755 -0.181252 -0.019008
4.61 7.05451 -0.18273 -0.0187084
4.615 6.93044 -0.18424 -0.0184017
4.62 6.80335 -0.185784 -0.0180874
4.625 6.67329 -0.187317 -0.0177647
4.63 6.54036 -0.188846 -0.0174339
4.635 6.40482 -0.190408 -0.0170968
4.64 6.26721 -0.191997 -0.0167547
4.645 6.12838 -0.193609 -0.0164096
4.65 5.98942 -0.195216 -0.0160639
4.655 5.85163 -0.196798 -0.0157209
4.66 5.71634 -0.198352 -0.0153841
4.665 5.58463 -0.199865 -0.0150563
4.67 5.45724 -0.201333 -0.0147393
4.675 5.33468 -0.202767 -0.0144345
4.68 5.21744 -0.204156 -0.0141431
4.685 5.1059 -0.205453 -0.0138656
4.69 5.00038 -0.206659 -0.0136029
4.695 4.90111 -0.207795 -0.0133558
4.7 4.80829 -0.20882 -0.0131233
4.705 4.72212 -0.209733 -0.0129059
4.71 4.64278 -0.210575 -0.0127059
4.715 4.57049 -0.21135 -0.0125237
4.72 4.50531 -0.212063 -0.0123595
4.725 4.44688 -0.21266 -0.0122108
4.73 4.39431 -0.21315 -0.0120757
4.735 4.34625 -0.213603 -0.0119522
4.74 4.30141 -0.214027 -0.0118371
4.745 4.25891 -0.214431 -0.011728
4.75 4.21833 -0.214817 -0.0116238
4.755 4.17955 -0.215153 -0.011523
4.76 4.14247 -0.215445 -0.0114255
4.765 4.1069 -0.215716 -0.0113315
4.77 4.07253 -0.215969 -0.0112404
4.775 4.03898 -0.216217 -0.0111515
4.78 4.0057 -0.216465 -0.0110634
4.785 3.97187 -0.216718 -0.0109739
4.79 3.93652 -0.216984 -0.0108803
4.795 3.89882 -0.217268 -0.0107807
4.8 3.85831 -0.217563 -0.0106737
4.805 3.81501 -0.217833 -0.010558
4.81 3.76918 -0.218084 -0.0104343
4.815 3.72121 -0.218352 -0.010305
4.82 3.67152 -0.218633 -0.0101711
4.825 3.62074 -0.218921 -0.0100344
4.83 3.56963 -0.219213 -0.00989673
4.835 3.51895 -0.219503 -0.00976032
4.84 3.46941 -0.219783 -0.00962717
4.845 3.42166 -0.220006 -0.00949732
4.85 3.37636 -0.220175 -0.00937246
4.855 3.33416 -0.220335 -0.00925617
4.86 3.29561 -0.220482 -0.00915001
4.865 3.26124 -0.220614 -0.00905535
4.87 3.23149 -0.220727 -0.0089734
4.875 3.20676 -0.220814 -0.0089049
4.88 3.18737 -0.220874 -0.00885084
4.885 3.17354 -0.220917 -0.00881225
4.89 3.16541 -0.220941 -0.00878951
4.895 3.16305 -0.220946 -0.00878282
4.9 3.16651 -0.220931 -0.00879236
4.905 3.17585 -0.220901 -0.00881896
4.91 3.19112 -0.220856 -0.008863
4.915 3.21235 -0.220793 -0.00892418
4.92 3.23952 -0.220714 -0.00900242
4.925 3.27259 -0.220616 -0.00909754
4.93 3.31149 -0.22049 -0.00920877
4.935 3.3561 -0.220335 -0.00933563
4.94 3.40621 -0.22016 -0.0094778
4.945 3.46141 -0.219964 -0.00963402
4.95 3.52106 -0.21974 -0.00980235
4.955 3.58427 -0.219485 -0.00997996
4.96 3.64995 -0.219167 -0.010162
4.965 3.71691 -0.218797 -0.0103455
4.97 3.7841 -0.218427 -0.0105292
4.975 3.85077 -0.218058 -0.0107111
4.98 3.9166 -0.217676 -0.0108905
4.985 3.98167 -0.217282 -0.0110676
4.99 4.04633 -0.216848 -0.0112418
4.995 4.11101 -0.216373 -0.0114141
5 4.17611 -0.2159 -0.0115875
5.005 4.24194 -0.215427 -0.0117626
5.01 4.30867 -0.214958 -0.0119399
5.015 4.37641 -0.214469 -0.0121187
5.02 4.44518 -0.213893 -0.0122974
5.025 4.51501 -0.213256 -0.0124769
5.03 4.58589 -0.212613 -0.0126591
5.035 4.65778 -0.211962 -0.0128439
5.04 4.73058 -0.211303 -0.013031
5.045 4.80415 -0.210581 -0.0132186
5.05 4.87825 -0.209804 -0.0134061
5.055 4.9526 -0.209028 -0.0135942
5.06 5.02689 -0.208254 -0.0137822
5.065 5.1009 -0.207485 -0.0139695
5.07 5.17443 -0.206709 -0.0141551
5.075 5.24732 -0.205906 -0.0143378
5.08 5.31933 -0.205089 -0.0145173
5.085 5.39014 -0.204288 -0.014694
5.09 5.45941 -0.203505 -0.0148667
5.095 5.52674 -0.202746 -0.0150347
5.1 5.59176 -0.202013 -0.0151969
5.105 5.65415 -0.201303 -0.0153523
5.11 5.71369 -0.20062 -0.0155004
5.115 5.77027 -0.199971 -0.0156411
5.12 5.82384 -0.199357 -0.0157743
5.125 5.87433 -0.198779 -0.0158999
5.13 5.92163 -0.198238 -0.0160176
5.135 5.96561 -0.197735 -0.016127
5.14 6.00616 -0.197271 -0.0162279
5.145 6.04319 -0.196848 -0.01632
5.15 6.07665 -0.196466 -0.0164032
5.155 6.10649 -0.196125 -0.0164775
5.16 6.13274 -0.195825 -0.0165428
5.165 6.15542 -0.195566 -0.0165992
5.17 6.17455 -0.195347 -0.0166468
5.175 6.19011 -0.19517 -0.0166855
5.18 6.20205 -0.195033 -0.0167152
5.185 6.21022 -0.19494 -0.0167355
5.19 6.21437 -0.194892 -0.0167459
5.195 6.21411 -0.194895 -0.0167452
5.2 6.20895 -0.194944 -0.0167315
5.205 6.19837 -0.19504 -0.0167029
5.21 6.18192 -0.19519 -0.0166585
5.215 6.15927 -0.195397 -0.0165975
5.22 6.13017 -0.195665 -0.0165192
5.225 6.09448 -0.195997 -0.0164235
5.23 6.05214 -0.196397 -0.0163105
5.235 6.0031 -0.196868 -0.0161802
5.24 5.94735 -0.197415 -0.0160331
5.245 5.88487 -0.198041 -0.0158694
5.25 5.81559 -0.19875 -0.0156891
5.255 5.73945 -0.199544 -0.0154924
5.26 5.65637 -0.200427 -0.0152792
5.265 5.56625 -0.201399 -0.0150493
5.27 5.46902 -0.202462 -0.0148025
5.275 5.36465 -0.203613 -0.0145387
5.28 5.25316 -0.204841 -0.0142574
5.285 5.13464 -0.206144 -0.0139589
5.29 5.00915 -0.207531 -0.0136436
5.295 4.87673 -0.20898 -0.0133115
5.3 4.73738 -0.210429 -0.0129602
5.305 4.59115 -0.211893 -0.0125897
5.31 4.43822 -0.213342 -0.012199
5.315 4.27902 -0.214771 -0.0117892
5.32 4.11423 -0.216235 -0.0113644
5.325 3.94472 -0.217563 -0.0109197
5.33 3.77137 -0.218747 -0.0104576
5.335 3.59487 -0.219785 -0.00998272
5.34 3.41571 -0.220681 -0.00949643
5.345 3.23418 -0.221429 -0.00899844
5.35 3.05047 -0.22198 -0.0084865
5.355 2.86466 -0.222348 -0.0079602
5.36 2.67673 -0.222592 -0.00742239
5.365 2.4865 -0.222758 -0.00687257
5.37 2.29359 -0.222787 -0.00630623
5.375 2.09743 -0.222732 -0.00572472
5.38 1.89737 -0.222593 -0.00512617
5.385 1.69279 -0.222417 -0.00451175
5.39 1.48323 -0.222261 -0.00388337
5.395 1.26842 -0.222068 -0.00323586
5.4 1.04821 -0.221831 -0.00256912
5.405 0.822544 -0.221518 -0.00188331
5.41 0.59137 -0.221063 -0.00118209
5.415 0.354709 -0.220448 -0.000462955
5.42 0.112697 -0.219737 0.000279815
5.425 -0.134344 -0.218943 0.00105632
5.43 -0.385857 -0.218049 0.0018691
5.435 -0.641036 -0.217147 0.0026982
5.44 -0.898853 -0.216174 0.00353121
5.445 -1.1582 -0.214965 0.00435812
5.45 -1.41805 -0.213477 0.00517511
5.455 -1.67757 -0.211702 0.005981
5.46 -1.93602 -0.209711 0.00677389
5.465 -2.19262 -0.207584 0.00755491
5.47 -2.44658 -0.205304 0.00832004
5.475 -2.69722 -0.202867 0.00906471
5.48 -2.94393 -0.200387 0.00978887
5.485 -3.18628 -0.198226 0.0104901
5.49 -3.42384 -0.196256 0.0111624
5.495 -3.65621 -0.194057 0.011806
5.5 -3.88297 -0.191695 0.0124249
5.505 -4.10373 -0.189295 0.0130217
5.51 -4.31815 -0.186839 0.0135987
5.515 -4.52591 -0.184384 0.0141557
5.52 -4.72674 -0.181985 0.0146892
5.525 -4.92043 -0.179643 0.0151988
5.53 -5.10679 -0.177304 0.0156837
5.535 -5.28569 -0.175002 0.0161394
5.54 -5.457 -0.172863 0.0165508
5.545 -5.62058 -0.17091 0.0169162
5.55 -5.7763 -0.16926 0.0172397
5.555 -5.92398 -0.167878 0.0175288
5.56 -6.06345 -0.166624 0.0177997
5.565 -6.19446 -0.165458 0.0180541
5.57 -6.31676 -0.16439 0.0182917
5.575 -6.43003 -0.163449 0.0185106
5.58 -6.53395 -0.162608 0.0187111
5.585 -6.62823 -0.161864 0.0188928
5.59 -6.7127 -0.161208 0.0190559
5.595 -6.78726 -0.160639 0.0192001
5.6 -6.85192 -0.160157 0.019325
5.605 -6.90682 -0.159732 0.0194318
5.61 -6.9524 -0.159365 0.0195212
5.615 -6.98944 -0.159089 0.0195932
5.62 -7.01906 -0.15889 0.0196502
5.625 -7.04265 -0.158733 0.0196955
5.63 -7.06167 -0.158608 0.019732
5.635 -7.07743 -0.158505 0.0197622
5.64 -7.09089 -0.158417 0.0197881
5.645 -7.10272 -0.158337 0.019811
5.65 -7.11337 -0.158262 0.0198317
5.655 -7.12315 -0.158193 0.0198508
5.66 -7.13233 -0.158128 0.0198687
5.665 -7.1411 -0.158066 0.0198858
5.67 -7.14962 -0.158006 0.0199025
5.675 -7.15796 -0.157947 0.0199188
5.68 -7.16619 -0.157888 0.0199349
5.685 -7.17437 -0.15783 0.019951
5.69 -7.18265 -0.157771 0.0199672
5.695 -7.19121 -0.15771 0.019984
5.7 -7.20027 -0.157646 0.0200018
5.705 -7.21006 -0.157576 0.0200211
5.71 -7.22079 -0.1575 0.0200421
5.715 -7.23258 -0.157417 0.0200653
5.72 -7.24552 -0.157326 0.0200907
5.725 -7.25962 -0.157225 0.0201185
5.73 -7.27481 -0.157103 0.0201495
5.735 -7.29089 -0.156963 0.0201833
5.74 -7.30751 -0.15682 0.020218
5.745 -7.32421 -0.156677 0.0202529
5.75 -7.34056 -0.156538 0.020287
5.755 -7.35624 -0.156405 0.0203197
5.76 -7.37107 -0.15628 0.0203506
5.765 -7.38505 -0.156163 0.0203797
5.77 -7.39838 -0.156052 0.0204074
5.775 -7.41149 -0.155943 0.0204346
5.78 -7.42502 -0.15583 0.0204627
5.785 -7.43963 -0.155709 0.0204931
5.79 -7.4559 -0.155575 0.0205268
5.795 -7.47426 -0.155425 0.0205649
5.8 -7.49496 -0.155255 0.0206078
5.805 -7.51809 -0.155067 0.0206557
5.81 -7.54366 -0.154859 0.0207086
5.815 -7.57152 -0.154634 0.0207663
5.82 -7.60137 -0.154394 0.020828
5.825 -7.63265 -0.154145 0.0208927
5.83 -7.66464 -0.153891 0.0209588
5.835 -7.69654 -0.153645 0.0210246
5.84 -7.72762 -0.153409 0.0210887
5.845 -7.75723 -0.153187 0.0211497
5.85 -7.78482 -0.152977 0.0212066
5.855 -7.80988 -0.152785 0.0212585
5.86 -7.83205 -0.152615 0.0213044
5.865 -7.85108 -0.152469 0.0213439
5.87 -7.86683 -0.152347 0.0213766
5.875 -7.87922 -0.152252 0.0214023
5.88 -7.88822 -0.152182 0.0214211
5.885 -7.89384 -0.152139 0.0214329
5.89 -7.8962 -0.152121 0.0214378
5.895 -7.89559 -0.152126 0.0214365
5.9 -7.8925 -0.152159 0.0214286
5.905 -7.88768 -0.152216 0.0214152
5.91 -7.88194 -0.152284 0.0213993
5.915 -7.87609 -0.152353 0.0213831
5.92 -7.87085 -0.152415 0.0213687
5.925 -7.86683 -0.152463 0.0213576
5.93 -7.86453 -0.15249 0.0213512
5.935 -7.86434 -0.152492 0.0213507
5.94 -7.8666 -0.152466 0.0213568
5.945 -7.87159 -0.152409 0.0213705
5.95 -7.87955 -0.152319 0.0213923
5.955 -7.89067 -0.152192 0.0214228
5.96 -7.90507 -0.152031 0.021462
5.965 -7.92278 -0.151866 0.0215031
5.97 -7.9437 -0.151711 0.0215454
5.975 -7.9676 -0.151541 0.0215938
5.98 -7.99411 -0.15135 0.021648
5.985 -8.02277 -0.151126 0.0217077
5.99 -8.05312 -0.150871 0.0217719
5.995 -8.08474 -0.150607 0.0218389
6 -8.11724 -0.150336 0.0219079
6.005 -8.15035 -0.150061 0.0219782
6.01 -8.1839 -0.149784 0.0220494
6.015 -8.21783 -0.149505 0.0221215
6.02 -8.25217 -0.149225 0.0221945
6.025 -8.28694 -0.148943 0.0222683
6.03 -8.32217 -0.14866 0.0223432
6.035 -8.35782 -0.148376 0.0224189
6.04 -8.39385 -0.148091 0.0224954
6.045 -8.43021 -0.147805 0.0225725
6.05 -8.46688 -0.14752 0.0226503
6.055 -8.50383 -0.147236 0.0227287
6.06 -8.5411 -0.146952 0.0228076
6.065 -8.57872 -0.146669 0.0228873
6.07 -8.61672 -0.146386 0.0229677
6.075 -8.65509 -0.146103 0.0230489
6.08 -8.69377 -0.145822 0.0231307
6.085 -8.73257 -0.145545 0.0232127
6.09 -8.7712 -0.145278 0.0232941
6.095 -8.80925 -0.145025 0.0233741
6.1 -8.84625 -0.144782 0.0234519
6.105 -8.8817 -0.144553 0.0235264
6.11 -8.9151 -0.144341 0.0235965
6.115 -8.94591 -0.144148 0.0236612
6.12 -8.97363 -0.143977 0.0237193
6.125 -8.9978 -0.14383 0.0237699
6.13 -9.01798 -0.143709 0.0238121
6.135 -9.0338 -0.143616 0.0238452
6.14 -9.04498 -0.143551 0.0238686
6.145 -9.05138 -0.143515 0.023882
6.15 -9.05292 -0.143507 0.0238852
6.155 -9.04962 -0.143531 0.023878
6.16 -9.04151 -0.143612 0.0238573
6.165 -9.02861 -0.143762 0.0238218
6.17 -9.01097 -0.143965 0.0237736
6.175 -8.98863 -0.144221 0.0237129
6.18 -8.96169 -0.144531 0.02364
6.185 -8.9303 -0.144895 0.0235555
6.19 -8.89472 -0.145312 0.0234601
6.195 -8.85532 -0.145781 0.023355
6.2 -8.81252 -0.146298 0.0232415
6.205 -8.7667 -0.14686 0.0231208
6.21 -8.7182 -0.147467 0.0229937
6.215 -8.6673 -0.148121 0.0228612
6.22 -8.61437 -0.148819 0.0227243
6.225 -8.55984 -0.149549 0.022584
6.23 -8.50428 -0.150303 0.0224417
6.235 -8.44838 -0.15107 0.0222993
6.24 -8.39299 -0.151839 0.0221586
6.245 -8.33901 -0.152594 0.022022
6.25 -8.28733 -0.153324 0.0218915
6.255 -8.23871 -0.154014 0.0217691
6.26 -8.19371 -0.154657 0.021656
6.265 -8.15259 -0.155246 0.0215528
6.27 -8.11542 -0.155782 0.0214597
6.275 -8.08211 -0.156264 0.0213763
6.28 -8.05255 -0.156694 0.0213024
6.285 -8.02659 -0.157073 0.0212375
6.29 -8.00411 -0.157395 0.0211813
6.295 -7.98503 -0.157664 0.0211335
6.3 -7.9693 -0.157886 0.0210941
6.305 -7.95683 -0.158062 0.0210629
6.31 -7.94744 -0.158195 0.0210394
6.315 -7.94081 -0.158289 0.0210228
6.32 -7.93647 -0.158351 0.0210119
6.325 -7.93386 -0.158388 0.0210054
6.33 -7.93243 -0.158408 0.0210019
6.335 -7.93185 -0.158417 0.0210005
6.34 -7.93202 -0.158415 0.0210009
6.345 -7.93295 -0.158404 0.0210034
6.35 -7.93476 -0.158385 0.0210083
6.355 -7.93757 -0.158355 0.021016
6.36 -7.94156 -0.158312 0.0210268
6.365 -7.94684 -0.158255 0.0210411
6.37 -7.9535 -0.158183 0.0210592
6.375 -7.96161 -0.158096 0.0210812
6.38 -7.97123 -0.157992 0.0211072
6.385 -7.98239 -0.157871 0.0211374
6.39 -7.99508 -0.157734 0.0211718
6.395 -8.00929 -0.157579 0.0212103
6.4 -8.02501 -0.157408 0.0212528
6.405 -8.04224 -0.157219 0.0212993
6.41 -8.06098 -0.157015 0.0213498
6.415 -8.08123 -0.156793 0.0214043
6.42 -8.10303 -0.156552 0.0214628
6.425 -8.12637 -0.156289 0.0215253
6.43 -8.15121 -0.156004 0.0215916
6.435 -8.1775 -0.155699 0.0216615
6.44 -8.20514 -0.155375 0.0217347
6.445 -8.2341 -0.155031 0.0218111
6.45 -8.26431 -0.154668 0.0218906
6.455 -8.29569 -0.154286 0.0219727
6.46 -8.32803 -0.153888 0.0220569
6.465 -8.36109 -0.153475 0.0221427
6.47 -8.39457 -0.153053 0.0222292
6.475 -8.42813 -0.152626 0.0223155
6.48 -8.46138 -0.152199 0.0224007
6.485 -8.49395 -0.151777 0.0224839
6.49 -8.52561 -0.151364 0.0225645
6.495 -8.55623 -0.150966 0.0226422
6.5 -8.58576 -0.150581 0.022717
6.505 -8.61421 -0.150209 0.0227888
6.51 -8.64159 -0.14985 0.0228579
6.515 -8.6679 -0.149504 0.0229241
6.52 -8.69314 -0.149171 0.0229875
6.525 -8.71734 -0.148851 0.0230483
6.53 -8.74054 -0.148544 0.0231065
6.535 -8.76279 -0.148249 0.0231623
6.54 -8.78408 -0.147967 0.0232156
6.545 -8.80441 -0.147697 0.0232665
6.55 -8.82371 -0.14744 0.0233148
6.555 -8.84198 -0.147197 0.0233605
6.56 -8.85923 -0.146968 0.0234036
6.565 -8.87546 -0.146752 0.0234441
6.57 -8.89069 -0.146552 0.0234821
6.575 -8.90495 -0.146368 0.0235176
6.58 -8.9183 -0.146195 0.0235508
6.585 -8.93085 -0.146032 0.0235821
6.59 -8.9428 -0.145877 0.0236118
6.595 -8.95432 -0.145727 0.0236405
6.6 -8.96558 -0.145585 0.0236683
6.605 -8.97674 -0.145448 0.0236958
6.61 -8.98788 -0.145314 0.0237231
6.615 -8.99906 -0.145183 0.0237502
6.62 -9.01029 -0.145063 0.0237765
6.625 -9.02161 -0.14496 0.0238011
6.63 -9.03307 -0.144863 0.0238253
6.635 -9.04478 -0.144763 0.0238501
6.64 -9.05681 -0.14465 0.0238765
6.645 -9.06925 -0.144524 0.0239048
6.65 -9.08221 -0.144391 0.0239342
6.655 -9.09582 -0.144251 0.0239652
6.66 -9.11027 -0.14411 0.0239979
6.665 -9.12576 -0.143967 0.024033
6.67 -9.14244 -0.143813 0.0240707
6.675 -9.16043 -0.143646 0.0241114
6.68 -9.17978 -0.143467 0.0241551
6.685 -9.20052 -0.143274 0.024202
6.69 -9.22269 -0.143068 0.0242521
6.695 -9.2463 -0.142849 0.0243054
6.7 -9.27136 -0.142617 0.024362
6.705 -9.29792 -0.142371 0.0244219
6.71 -9.32601 -0.142111 0.0244853
6.715 -9.35569 -0.141836 0.0245523
6.72 -9.38706 -0.141548 0.024623
6.725 -9.42029 -0.14125 0.0246978
6.73 -9.45564 -0.140941 0.0247772
6.735 -9.49339 -0.14061 0.024862
6.74 -9.53377 -0.140256 0.0249527
6.745 -9.57681 -0.139878 0.0250493
6.75 -9.62238 -0.139482 0.0251516
6.755 -9.67023 -0.139094 0.0252588
6.76 -9.72009 -0.138714 0.0253704
6.765 -9.77173 -0.138272 0.0254883
6.77 -9.82503 -0.137773 0.0256121
6.775 -9.87992 -0.137262 0.0257394
6.78 -9.93632 -0.136738 0.0258701
6.785 -9.9942 -0.136202 0.0260042
6.79 -10.0535 -0.135656 0.0261414
6.795 -10.1141 -0.135109 0.0262816
6.8 -10.176 -0.134558 0.0264248
6.805 -10.2392 -0.133999 0.0265708
6.81 -10.3034 -0.133433 0.0267193
6.815 -10.3685 -0.132862 0.0268697
6.82 -10.4341 -0.132289 0.0270212
6.825 -10.4999 -0.131733 0.027173
6.83 -10.5654 -0.131197 0.027324
6.835 -10.6303 -0.130667 0.0274737
6.84 -10.6944 -0.130149 0.0276214
6.845 -10.7575 -0.129662 0.0277666
6.85 -10.8195 -0.129205 0.0279091
6.855 -10.8803 -0.128755 0.0280491
6.86 -10.94 -0.128315 0.0281861
6.865 -10.9982 -0.127885 0.0283201
6.87 -11.055 -0.127467 0.0284506
6.875 -11.1101 -0.127092 0.0285772
6.88 -11.1633 -0.12676 0.0286992
6.885 -11.2142 -0.126444 0.0288161
6.89 -11.2626 -0.126145 0.0289272
6.895 -11.3083 -0.125865 0.0290319
6.9 -11.3508 -0.125607 0.0291295
6.905 -11.3899 -0.12537 0.0292193
6.91 -11.4255 -0.125157 0.029301
6.915 -11.4575 -0.124964 0.0293744
6.92 -11.4857 -0.124777 0.0294394
6.925 -11.5102 -0.124601 0.0294959
6.93 -11.5309 -0.124452 0.0295435
6.935 -11.5478 -0.124331 0.0295825
6.94 -11.561 -0.124236 0.0296131
6.945 -11.5709 -0.124166 0.0296359
6.95 -11.5777 -0.124117 0.0296516
6.955 -11.5819 -0.124087 0.0296612
6.96 -11.5836 -0.124074 0.0296652
6.965 -11.5832 -0.124077 0.0296641
6.97 -11.5807 -0.124101 0.0296579
6.975 -11.5765 -0.124147 0.0296466
6.98 -11.5707 -0.124209 0.0296311
6.985 -11.5636 -0.124287 0.0296119
6.99 -11.5552 -0.124378 0.0295895
6.995 -11.5458 -0.124481 0.0295643
7 -11.5355 -0.124593 0.0295369
7.005 -11.5245 -0.124714 0.0295075
7.01 -11.5129 -0.124841 0.0294766
7.015 -11.5008 -0.124975 0.0294445
7.02 -11.4884 -0.125113 0.0294116
7.025 -11.4757 -0.125256 0.0293779
7.03 -11.4626 -0.125403 0.0293434
7.035 -11.4491 -0.125556 0.0293078
7.04 -11.435 -0.125718 0.0292706
7.045 -11.4198 -0.125891 0.0292309
7.05 -11.4035 -0.126081 0.029188
7.055 -11.3855 -0.126291 0.029141
7.06 -11.3655 -0.126525 0.029089
7.065 -11.3434 -0.126789 0.0290314
7.07 -11.3189 -0.127082 0.028968
7.075 -11.2921 -0.127407 0.0288988
7.08 -11.2631 -0.127762 0.0288243
7.085 -11.2322 -0.128145 0.028745
7.09 -11.1995 -0.128554 0.0286616
7.095 -11.1654 -0.128986 0.0285749
7.1 -11.1301 -0.129437 0.0284855
7.105 -11.0937 -0.129908 0.0283935
7.11 -11.0562 -0.130402 0.0282991
7.115 -11.0175 -0.130918 0.028202
7.12 -10.9776 -0.131454 0.0281023
7.125 -10.9364 -0.132012 0.0279996
7.13 -10.894 -0.132592 0.0278939
7.135 -10.8501 -0.133195 0.027785
7.14 -10.8047 -0.133822 0.0276725
7.145 -10.7577 -0.134475 0.0275564
7.15 -10.709 -0.135155 0.0274362
7.155 -10.6585 -0.135864 0.0273117
7.16 -10.6061 -0.136603 0.0271827
7.165 -10.5515 -0.137376 0.0270485
7.17 -10.4946 -0.138184 0.026909
7.175 -10.4353 -0.13903 0.0267636
7.18 -10.3734 -0.139913 0.0266123
7.185 -10.3089 -0.140834 0.0264548
7.19 -10.2418 -0.141796 0.0262908
7.195 -10.1718 -0.142777 0.02612
7.2 -10.0991 -0.143776 0.0259422
7.205 -10.0236 -0.144817 0.0257576
7.21 -9.94526 -0.145901 0.0255661
7.215 -9.86406 -0.147026 0.0253679
7.22 -9.78007 -0.148193 0.025163
7.225 -9.69337 -0.14939 0.0249514
7.23 -9.60414 -0.150556 0.0247327
7.235 -9.51267 -0.151696 0.0245078
7.24 -9.41932 -0.152867 0.0242784
7.245 -9.32444 -0.154063 0.0240454
7.25 -9.22832 -0.15528 0.0238095
7.255 -9.13119 -0.156535 0.0235714
7.26 -9.03325 -0.157826 0.0233317
7.265 -8.93469 -0.159132 0.0230906
7.27 -8.83568 -0.160447 0.0228484
7.275 -8.73638 -0.16177 0.0226056
7.28 -8.63695 -0.163097 0.0223625
7.285 -8.53755 -0.164427 0.0221196
7.29 -8.43838 -0.165757 0.0218772
7.295 -8.33958 -0.167084 0.0216358
7.3 -8.24126 -0.168409 0.0213956
7.305 -8.14349 -0.169729 0.0211569
7.31 -8.04637 -0.171041 0.0209197
7.315 -7.94997 -0.172287 0.0206833
7.32 -7.85446 -0.173471 0.0204482
7.325 -7.76002 -0.174647 0.0202158
7.33 -7.66689 -0.17581 0.0199866
7.335 -7.57527 -0.176956 0.0197613
7.34 -7.48537 -0.178084 0.0195401
7.345 -7.3973 -0.179199 0.0193237
7.35 -7.31113 -0.180298 0.0191121
7.355 -7.22691 -0.181374 0.0189052
7.36 -7.14464 -0.182423 0.0187034
7.365 -7.0643 -0.183448 0.0185065
7.37 -6.98585 -0.184475 0.0183147
7.375 -6.90925 -0.185502 0.0181276
7.38 -6.83447 -0.186497 0.0179448
7.385 -6.76149 -0.187429 0.0177656
7.39 -6.69032 -0.188308 0.0175903
7.395 -6.62093 -0.18917 0.0174194
7.4 -6.55329 -0.190012 0.0172529
7.405 -6.48737 -0.190834 0.0170906
7.41 -6.4231 -0.191638 0.0169324
7.415 -6.36044 -0.192423 0.0167782
7.42 -6.29924 -0.193191 0.0166276
7.425 -6.23927 -0.193945 0.0164801
7.43 -6.18015 -0.194689 0.0163346
7.435 -6.12142 -0.195431 0.0161902
7.44 -6.06255 -0.196175 0.0160454
7.445 -6.00303 -0.196927 0.015899
7.45 -5.94249 -0.197684 0.0157499
7.455 -5.8807 -0.198449 0.0155975
7.46 -5.81756 -0.199233 0.0154419
7.465 -5.75308 -0.200036 0.015283
7.47 -5.68725 -0.200873 0.015121
7.475 -5.62009 -0.201744 0.0149561
7.48 -5.55163 -0.202634 0.014788
7.485 -5.48191 -0.203544 0.0146169
7.49 -5.41097 -0.204473 0.0144427
7.495 -5.33883 -0.205428 0.0142658
7.5 -5.26556 -0.206411 0.0140861
7.505 -5.19118 -0.207412 0.0139037
7.51 -5.11571 -0.208432 0.0137187
7.515 -5.03913 -0.20945 0.0135306
7.52 -4.96142 -0.210469 0.0133394
7.525 -4.88256 -0.211509 0.0131454
7.53 -4.80253 -0.212582 0.0129489
7.535 -4.72133 -0.213713 0.01275
7.54 -4.63896 -0.214877 0.0125484
7.545 -4.55543 -0.215952 0.0123422
7.55 -4.47077 -0.216954 0.0121316
7.555 -4.38502 -0.217984 0.0119185
7.56 -4.29828 -0.219038 0.011703
7.565 -4.21066 -0.2201 0.0114852
7.57 -4.12241 -0.221085 0.0112636
7.575 -4.03388 -0.222002 0.0110392
7.58 -3.94557 -0.222927 0.0108156
7.585 -3.85797 -0.223854 0.0105939
7.59 -3.77155 -0.224759 0.010375
7.595 -3.68668 -0.22555 0.0101568
7.6 -3.60373 -0.226214 0.00994011
7.605 -3.523 -0.22684 0.00972889
7.61 -3.44476 -0.227454 0.00952474
7.615 -3.36915 -0.228048 0.00932746
7.62 -3.29624 -0.228565 0.00913498
7.625 -3.22605 -0.22901 0.0089477
7.63 -3.15861 -0.229428 0.00876854
7.635 -3.09399 -0.229819 0.00859746
7.64 -3.0322 -0.230197 0.00843398
7.645 -2.97321 -0.230562 0.00827795
7.65 -2.91692 -0.23091 0.00812898
7.655 -2.8632 -0.231201 0.00798502
7.66 -2.81196 -0.231441 0.00784603
7.665 -2.76307 -0.231667 0.00771362
7.67 -2.71644 -0.231879 0.00758747
7.675 -2.67195 -0.232084 0.00746717
7.68 -2.62937 -0.232281 0.00735199
7.685 -2.58836 -0.232458 0.00724048
7.69 -2.54843 -0.232621 0.00713147
7.695 -2.50903 -0.232784 0.00702397
7.7 -2.46958 -0.232948 0.00691628
7.705 -2.42957 -0.233089 0.00680593
7.71 -2.38875 -0.233212 0.00669225
7.715 -2.34702 -0.233339 0.00657615
7.72 -2.30442 -0.233463 0.00645772
7.725 -2.26099 -0.233586 0.00633708
7.73 -2.21676 -0.233712 0.00621427
7.735 -2.17173 -0.233842 0.00608928
7.74 -2.12589 -0.233975 0.00596207
7.745 -2.07923 -0.234112 0.00583261
7.75 -2.03175 -0.234251 0.0057009
7.755 -1.98345 -0.234394 0.00556695
7.76 -1.93435 -0.234539 0.00543069
7.765 -1.88444 -0.234658 0.0052907
7.77 -1.83371 -0.234755 0.00514707
7.775 -1.78211 -0.234855 0.00500112
7.78 -1.72964 -0.234959 0.00485276
7.785 -1.67626 -0.235065 0.00470189
7.79 -1.62195 -0.235175 0.00454845
7.795 -1.56669 -0.235284 0.00439221
7.8 -1.51046 -0.235377 0.00423218
7.805 -1.45328 -0.235455 0.00406857
7.81 -1.3952 -0.235537 0.00390249
7.815 -1.33636 -0.235621 0.0037343
7.82 -1.27692 -0.235707 0.00356446
7.825 -1.21704 -0.235794 0.00339345
7.83 -1.15687 -0.235881 0.00322154
7.835 -1.09647 -0.235956 0.00304823
7.84 -1.03583 -0.235999 0.00287322
7.845 -0.974892 -0.236023 0.00269703
7.85 -0.913501 -0.23605 0.00251964
7.855 -0.851472 -0.236078 0.00234052
7.86 -0.788643 -0.236102 0.00215976
7.865 -0.724914 -0.23612 0.00197705
7.87 -0.660256 -0.236139 0.00179181
7.875 -0.594679 -0.23615 0.00160489
7.88 -0.528189 -0.236146 0.00141724
7.885 -0.460766 -0.236138 0.00122799
7.89 -0.392369 -0.236133 0.00103595
7.895 -0.322954 -0.236128 0.000840984
7.9 -0.252483 -0.236125 0.00064299
7.905 -0.180923 -0.236122 0.000441885
7.91 -0.108241 -0.23612 0.000237587
7.915 -0.0344203 -0.236118 3.00557e-05
7.92 0.0405303 -0.236117 -0.000180679
7.925 0.116582 -0.236116 -0.000394534
7.93 0.193707 -0.236115 -0.000611425
7.935 0.271893 -0.236114 -0.000831314
7.94 0.351135 -0.236113 -0.00105419
7.945 0.431424 -0.236113 -0.00128001
7.95 0.512755 -0.236113 -0.00150878
7.955 0.595157 -0.236113 -0.00174057
7.96 0.678701 -0.236117 -0.00197558
7.965 0.763495 -0.236111 -0.00221523
7.97 0.849644 -0.236079 -0.00246125
7.975 0.937234 -0.236027 -0.00271383
7.98 1.02632 -0.235967 -0.0029717
7.985 1.11694 -0.235893 -0.00323466
7.99 1.20911 -0.235785 -0.00350147
7.995 1.30283 -0.235639 -0.00377058
8 1.3981 -0.235477 -0.00404324
8.005 1.49489 -0.235316 -0.00432027
8.01 1.59319 -0.235155 -0.0046016
8.015 1.69297 -0.235002 -0.00488692
8.02 1.7942 -0.234823 -0.0051745
8.025 1.89684 -0.23461 -0.00546445
8.03 2.00082 -0.234398 -0.00575831
8.035 2.10611 -0.23418 -0.0060557
8.04 2.21266 -0.233895 -0.00635354
8.045 2.32046 -0.233545 -0.006652
8.05 2.42944 -0.233178 -0.00695398
8.055 2.53956 -0.232807 -0.00725878
8.06 2.65072 -0.232377 -0.00756312
8.065 2.76281 -0.231871 -0.00786702
8.07 2.8757 -0.231314 -0.00817188
8.075 2.98921 -0.230717 -0.00847699
8.08 3.10318 -0.230041 -0.00877971
8.085 3.21741 -0.229268 -0.00908036
8.09 3.33171 -0.228509 -0.00938153
8.095 3.44586 -0.227773 -0.00968189
8.1 3.55963 -0.226945 -0.00997878
8.105 3.67277 -0.226041 -0.010272
8.11 3.7851 -0.225152 -0.0105634
8.115 3.89645 -0.224226 -0.0108516
8.12 4.00676 -0.223193 -0.0111335
8.125 4.11596 -0.222101 -0.0114102
8.13 4.22405 -0.221031 -0.0116843
8.135 4.331 -0.219962 -0.011956
8.14 4.43679 -0.218838 -0.0122229
8.145 4.54143 -0.21768 -0.0124851
8.15 4.64493 -0.216546 -0.0127447
8.155 4.74733 -0.215443 -0.0130017
8.16 4.84865 -0.214318 -0.0132544
8.165 4.94893 -0.213165 -0.0135033
8.17 5.04816 -0.212032 -0.0137497
8.175 5.14633 -0.210915 -0.0139936
8.18 5.24342 -0.209813 -0.014235
8.185 5.33937 -0.208715 -0.0144733
8.19 5.43417 -0.207623 -0.0147085
8.195 5.52777 -0.206546 -0.0149408
8.2 5.62017 -0.205485 -0.0151701
8.205 5.71133 -0.204439 -0.0153965
8.21 5.80124 -0.203408 -0.0156198
8.215 5.88989 -0.202393 -0.01584
8.22 5.97727 -0.201393 -0.016057
8.225 6.06344 -0.200407 -0.0162711
8.23 6.1485 -0.199434 -0.0164824
8.235 6.23265 -0.198463 -0.0166913
8.24 6.31614 -0.197488 -0.0168986
8.245 6.39918 -0.196513 -0.017105
8.25 6.48193 -0.195542 -0.0173107
8.255 6.5644 -0.194576 -0.0175157
8.26 6.64654 -0.193614 -0.0177198
8.265 6.72827 -0.192657 -0.017923
8.27 6.80948 -0.191706 -0.0181248
8.275 6.89004 -0.190763 -0.0183251
8.28 6.96977 -0.189829 -0.0185232
8.285 7.04853 -0.188887 -0.0187184
8.29 7.12622 -0.187942 -0.0189104
8.295 7.20278 -0.187016 -0.0190993
8.3 7.27816 -0.186105 -0.0192854
8.305 7.35231 -0.185217 -0.0194684
8.31 7.42523 -0.184351 -0.0196483
8.315 7.49688 -0.1835 -0.0198252
8.32 7.56723 -0.182665 -0.0199988
8.325 7.63624 -0.181846 -0.0201691
8.33 7.7039 -0.181044 -0.0203361
8.335 7.77016 -0.180276 -0.0204995
8.34 7.835 -0.179542 -0.0206593
8.345 7.89839 -0.178824 -0.0208154
8.35 7.96031 -0.178122 -0.020968
8.355 8.02079 -0.177437 -0.021117
8.36 8.07988 -0.176766 -0.0212626
8.365 8.13768 -0.17611 -0.021405
8.37 8.19431 -0.175442 -0.0215442
8.375 8.24998 -0.174763 -0.0216807
8.38 8.30499 -0.174092 -0.0218156
8.385 8.3596 -0.173427 -0.0219495
8.39 8.41395 -0.172785 -0.0220826
8.395 8.46811 -0.172165 -0.0222148
8.4 8.52208 -0.171547 -0.0223467
8.405 8.57584 -0.170931 -0.022478
8.41 8.62939 -0.170317 -0.0226088
8.415 8.68269 -0.169706 -0.0227391
8.42 8.73571 -0.169097 -0.0228686
8.425 8.78842 -0.168493 -0.0229974
8.43 8.84078 -0.167892 -0.0231254
8.435 8.89277 -0.167295 -0.0232524
8.44 8.94438 -0.166703 -0.0233786
8.445 8.99564 -0.166114 -0.0235038
8.45 9.04659 -0.165526 -0.0236285
8.455 9.09732 -0.164938 -0.0237526
8.46 9.14796 -0.164351 -0.0238766
8.465 9.1987 -0.163763 -0.0240007
8.47 9.24976 -0.163172 -0.0241257
8.475 9.3014 -0.162594 -0.0242516
8.48 9.35385 -0.162027 -0.024379
8.485 9.40728 -0.161448 -0.0245088
8.49 9.46179 -0.160857 -0.0246412
8.495 9.51742 -0.160254 -0.0247764
8.5 9.57418 -0.159638 -0.0249143
8.505 9.63203 -0.15901 -0.0250549
8.51 9.6909 -0.158374 -0.0251978
8.515 9.75065 -0.157762 -0.0253417
8.52 9.81109 -0.157162 -0.0254866
8.525 9.87203 -0.156546 -0.0256328
8.53 9.93329 -0.155964 -0.0257782
8.535 9.99479 -0.155417 -0.0259225
8.54 10.0565 -0.154879 -0.0260668
8.545 10.1185 -0.154363 -0.0262103
8.55 10.1808 -0.153855 -0.0263539
8.555 10.2437 -0.153342 -0.0264988
8.56 10.3071 -0.152821 -0.0266452
8.565 10.3713 -0.152292 -0.0267935
8.57 10.4365 -0.151755 -0.026944
8.575 10.5026 -0.151217 -0.0270968
8.58 10.5699 -0.15075 -0.0272516
8.585 10.6382 -0.150343 -0.0274086
8.59 10.7077 -0.149924 -0.0275684
8.595 10.7784 -0.149492 -0.0277309
8.6 10.8504 -0.149048 -0.0278964
8.605 10.9236 -0.148593 -0.0280648
8.61 10.9981 -0.148128 -0.0282363
8.615 11.074 -0.147652 -0.0284108
8.62 11.1511 -0.147166 -0.0285883
8.625 11.2294 -0.146671 -0.0287685
8.63 11.3089 -0.146176 -0.0289513
8.635 11.3892 -0.145741 -0.0291358
8.64 11.4704 -0.145356 -0.0293219
8.645 11.552 -0.144963 -0.0295092
8.65 11.634 -0.144564 -0.0296973
8.655 11.7162 -0.144162 -0.0298858
8.66 11.7984 -0.143756 -0.0300745
8.665 11.8806 -0.143348 -0.030263
8.67 11.9627 -0.14294 -0.0304514
8.675 12.0446 -0.142531 -0.0306393
8.68 12.1261 -0.142122 -0.0308264
8.685 12.2072 -0.141715 -0.0310124
8.69 12.2877 -0.14131 -0.0311971
8.695 12.3675 -0.140908 -0.0313803
8.7 12.4465 -0.14051 -0.0315616
8.705 12.5246 -0.140116 -0.0317407
8.71 12.6015 -0.139727 -0.0319173
8.715 12.6771 -0.139371 -0.0320907
8.72 12.7512 -0.139406 -0.032259
8.725 12.8237 -0.139759 -0.0324222
8.73 12.8944 -0.140058 -0.0325815
8.735 12.9632 -0.140329 -0.0327368
8.74 13.0303 -0.140496 -0.0328886
8.745 13.0953 -0.140572 -0.0330365
8.75 13.1584 -0.140643 -0.0331798
8.755 13.2194 -0.140708 -0.0333185
8.76 13.2784 -0.140768 -0.0334527
8.765 13.3354 -0.140825 -0.0335823
8.77 13.3905 -0.140878 -0.0337075
8.775 13.4436 -0.140928 -0.0338284
8.78 13.4949 -0.140975 -0.0339449
8.785 13.5442 -0.14102 -0.0340571
8.79 13.5917 -0.141062 -0.034165
8.795 13.6371 -0.141102 -0.0342684
8.8 13.6806 -0.141139 -0.0343672
8.805 13.7219 -0.141175 -0.0344611
8.81 13.761 -0.141209 -0.0345501
8.815 13.7979 -0.14124 -0.0346338
8.82 13.8324 -0.141269 -0.0347123
8.825 13.8645 -0.141296 -0.0347853
8.83 13.8942 -0.141321 -0.0348529
8.835 13.9215 -0.141344 -0.034915
8.84 13.9464 -0.141365 -0.0349717
8.845 13.9691 -0.141384 -0.0350234
8.85 13.9897 -0.141401 -0.0350702
8.855 14.0085 -0.141416 -0.0351128
8.86 14.0255 -0.14143 -0.0351516
8.865 14.0412 -0.141443 -0.0351873
8.87 14.0558 -0.141455 -0.0352203
8.875 14.0694 -0.141467 -0.0352512
8.88 14.0822 -0.141477 -0.0352806
8.885 14.0947 -0.141487 -0.0353089
8.89 14.107 -0.141497 -0.0353369
8.895 14.1194 -0.141508 -0.0353651
8.9 14.1321 -0.141518 -0.0353938
8.905 14.145 -0.141529 -0.0354233
8.91 14.1583 -0.141547 -0.0354535
8.915 14.172 -0.141974 -0.035483
8.92 14.1859 -0.142648 -0.0355121
8.925 14.2002 -0.143008 -0.0355433
8.93 14.2147 -0.143219 -0.0355761
8.935 14.2292 -0.143417 -0.0356089
8.94 14.2437 -0.143602 -0.0356414
8.945 14.258 -0.1438 -0.0356735
8.95 14.2721 -0.144007 -0.035705
8.955 14.2858 -0.144222 -0.0357357
8.96 14.2992 -0.144546 -0.0357651
8.965 14.3122 -0.14497 -0.0357933
8.97 14.3248 -0.145389 -0.0358206
8.975 14.3371 -0.145801 -0.0358472
8.98 14.349 -0.146204 -0.0358729
8.985 14.3606 -0.1466 -0.0358979
8.99 14.3718 -0.146985 -0.035922
8.995 14.3826 -0.147213 -0.0359461
9 14.3929 -0.147275 -0.0359698
9.005 14.4029 -0.147323 -0.0359923
9.01 14.4123 -0.147372 -0.0360138
9.015 14.4213 -0.147422 -0.0360341
9.02 14.4297 -0.147471 -0.0360532
9.025 14.4375 -0.147518 -0.036071
9.03 14.4448 -0.147563 -0.0360874
9.035 14.4515 -0.147605 -0.0361025
9.04 14.4575 -0.147643 -0.0361161
9.045 14.4628 -0.147678 -0.0361283
9.05 14.4675 -0.147709 -0.0361389
9.055 14.4716 -0.147736 -0.0361481
9.06 14.475 -0.147758 -0.0361558
9.065 14.4777 -0.147777 -0.036162
9.07 14.4798 -0.147791 -0.0361668
9.075 14.4813 -0.147801 -0.0361702
9.08 14.4823 -0.147807 -0.0361725
9.085 14.4829 -0.14781 -0.0361737
9.09 14.4829 -0.14781 -0.0361739
9.095 14.4827 -0.147809 -0.0361732
9.1 14.4821 -0.147812 -0.0361719
9.105 14.4815 -0.147818 -0.0361702
9.11 14.4811 -0.147822 -0.0361691
9.115 14.4811 -0.147823 -0.0361691
9.12 14.4818 -0.147817 -0.036171
9.125 14.4834 -0.147804 -0.0361751
9.13 14.4858 -0.147791 -0.0361813
9.135 14.4892 -0.147795 -0.0361894
9.14 14.4936 -0.147817 -0.0361992
9.145 14.4989 -0.147854 -0.0362112
9.15 14.5052 -0.147904 -0.0362252
9.155 14.5122 -0.147959 -0.0362412
9.16 14.52 -0.148017 -0.0362587
9.165 14.5283 -0.148078 -0.0362773
9.17 14.5367 -0.148139 -0.0362963
9.175 14.5449 -0.148198 -0.0363149
9.18 14.5528 -0.148254 -0.0363327
9.185 14.5601 -0.148305 -0.0363493
9.19 14.567 -0.148347 -0.0363648
9.195 14.5732 -0.148383 -0.0363789
9.2 14.5789 -0.148413 -0.0363916
9.205 14.5839 -0.148439 -0.0364029
9.21 14.5882 -0.148462 -0.0364127
9.215 14.5918 -0.148481 -0.0364208
9.22 14.5946 -0.148495 -0.0364272
9.225 14.5967 -0.148506 -0.0364319
9.23 14.598 -0.148513 -0.0364349
9.235 14.5987 -0.148517 -0.0364364
9.24 14.5986 -0.148516 -0.0364363
9.245 14.598 -0.14852 -0.0364346
9.25 14.5967 -0.148531 -0.0364312
9.255 14.5948 -0.148549 -0.0364262
9.26 14.5923 -0.148571 -0.0364194
9.265 14.589 -0.148601 -0.0364107
9.27 14.5847 -0.148638 -0.0363995
9.275 14.5794 -0.148686 -0.0363853
9.28 14.5726 -0.148746 -0.0363674
9.285 14.5642 -0.148821 -0.0363451
9.29 14.5538 -0.148913 -0.0363177
9.295 14.5414 -0.149025 -0.0362848
9.3 14.5267 -0.149157 -0.0362463
9.305 14.5099 -0.14931 -0.0362019
9.31 14.4908 -0.149486 -0.0361518
9.315 14.4694 -0.149686 -0.0360957
9.32 14.4457 -0.149909 -0.036034
9.325 14.4197 -0.150158 -0.0359665
9.33 14.3916 -0.150433 -0.0358937
9.335 14.3613 -0.150733 -0.0358156
9.34 14.329 -0.151061 -0.0357326
9.345 14.2946 -0.151415 -0.0356447
9.35 14.2583 -0.151796 -0.0355525
9.355 14.2203 -0.152201 -0.0354563
9.36 14.1808 -0.15263 -0.0353569
9.365 14.1403 -0.153076 -0.0352553
9.37 14.0991 -0.153539 -0.0351523
9.375 14.0575 -0.154012 -0.035049
9.38 14.016 -0.154491 -0.034946
9.385 13.9745 -0.154974 -0.0348435
9.39 13.9332 -0.15546 -0.0347415
9.395 13.892 -0.155948 -0.0346401
9.4 13.8507 -0.156438 -0.0345389
9.405 13.8095 -0.156932 -0.0344378
9.41 13.7681 -0.15743 -0.0343366
9.415 13.7265 -0.157932 -0.034235
9.42 13.6846 -0.158446 -0.0341328
9.425 13.6424 -0.158972 -0.0340298
9.43 13.5997 -0.159517 -0.0339261
9.435 13.5566 -0.160083 -0.0338214
9.44 13.513 -0.160656 -0.0337156
9.445 13.4689 -0.161236 -0.0336087
9.45 13.4243 -0.161824 -0.0335007
9.455 13.3793 -0.162418 -0.0333918
9.46 13.334 -0.163017 -0.0332822
9.465 13.2884 -0.163621 -0.0331721
9.47 13.2428 -0.164227 -0.0330617
9.475 13.197 -0.164834 -0.0329513
9.48 13.1513 -0.165443 -0.0328408
9.485 13.1055 -0.166053 -0.0327304
9.49 13.0597 -0.166664 -0.0326198
9.495 13.0137 -0.167281 -0.0325091
9.5 12.9677 -0.167959 -0.0323985
9.505 12.9214 -0.168694 -0.0322879
9.51 12.8749 -0.169433 -0.0321768
9.515 12.8282 -0.170176 -0.0320652
9.52 12.7813 -0.170924 -0.0319531
9.525 12.7342 -0.171678 -0.0318405
9.53 12.6868 -0.172444 -0.0317274
9.535 12.6392 -0.173219 -0.0316138
9.54 12.5913 -0.173978 -0.0314994
9.545 12.5431 -0.174717 -0.031384
9.55 12.4946 -0.175407 -0.0312674
9.555 12.4457 -0.176062 -0.0311496
9.56 12.3965 -0.17673 -0.0310309
9.565 12.3469 -0.177407 -0.0309112
9.57 12.2969 -0.178094 -0.0307908
9.575 12.2467 -0.178787 -0.0306699
9.58 12.1964 -0.179484 -0.0305489
9.585 12.1464 -0.180182 -0.0304285
9.59 12.0968 -0.18089 -0.0303092
9.595 12.0478 -0.181605 -0.0301913
9.6 11.9992 -0.182311 -0.0300747
9.605 11.9512 -0.18301 -0.0299593
9.61 11.9037 -0.183702 -0.029845
9.615 11.8565 -0.184389 -0.0297316
9.62 11.8096 -0.185071 -0.029619
9.625 11.763 -0.185749 -0.0295071
9.63 11.7166 -0.186424 -0.0293956
9.635 11.6703 -0.187098 -0.0292844
9.64 11.6241 -0.18777 -0.0291735
9.645 11.578 -0.18844 -0.0290628
9.65 11.532 -0.189109 -0.0289524
9.655 11.4864 -0.189773 -0.0288427
9.66 11.4412 -0.19043 -0.0287342
9.665 11.3967 -0.191077 -0.0286274
9.67 11.3531 -0.191712 -0.0285227
9.675 11.3103 -0.192334 -0.02842
9.68 11.2685 -0.192947 -0.0283196
9.685 11.2275 -0.193624 -0.0282218
9.69 11.1875 -0.194327 -0.0281264
9.695 11.1484 -0.194982 -0.0280331
9.7 11.1102 -0.195624 -0.0279419
9.705 11.0728 -0.196253 -0.0278527
9.71 11.0362 -0.19687 -0.0277654
9.715 11.0004 -0.197476 -0.02768
9.72 10.9653 -0.198071 -0.0275964
9.725 10.9311 -0.198654 -0.0275147
9.73 10.8975 -0.199226 -0.0274348
9.735 10.8648 -0.199785 -0.0273568
9.74 10.8329 -0.200333 -0.0272807
9.745 10.8018 -0.200869 -0.0272065
9.75 10.7714 -0.201393 -0.0271342
9.755 10.7419 -0.201905 -0.0270638
9.76 10.7131 -0.202405 -0.0269952
9.765 10.685 -0.202893 -0.0269284
9.77 10.6577 -0.203369 -0.0268634
9.775 10.6312 -0.203835 -0.0268001
9.78 10.6053 -0.204289 -0.0267385
9.785 10.58 -0.20472 -0.0266783
9.79 10.5554 -0.205131 -0.0266196
9.795 10.5313 -0.205535 -0.0265623
9.8 10.5078 -0.205931 -0.0265063
9.805 10.4849 -0.206319 -0.0264516
9.81 10.4626 -0.206698 -0.0263986
9.815 10.441 -0.207075 -0.0263473
9.82 10.4203 -0.207449 -0.026298
9.825 10.4003 -0.207808 -0.0262506
9.83 10.3813 -0.208152 -0.0262054
9.835 10.3632 -0.208478 -0.0261624
9.84 10.3461 -0.208787 -0.0261217
9.845 10.3299 -0.209079 -0.0260834
9.85 10.3148 -0.209352 -0.0260473
9.855 10.3006 -0.209608 -0.0260136
9.86 10.2874 -0.209847 -0.0259822
9.865 10.2751 -0.21007 -0.025953
9.87 10.2636 -0.210285 -0.0259259
9.875 10.2529 -0.210493 -0.0259004
9.88 10.2427 -0.21069 -0.0258764
9.885 10.233 -0.21088 -0.0258534
9.89 10.2236 -0.211088 -0.0258315
9.895 10.2146 -0.211312 -0.0258104
9.9 10.2059 -0.211528 -0.02579
9.905 10.1975 -0.211735 -0.0257705
9.91 10.1895 -0.211935 -0.0257519
9.915 10.1819 -0.212172 -0.0257345
9.92 10.1749 -0.21243 -0.0257184
9.925 10.1685 -0.212658 -0.0257036
9.93 10.1627 -0.212864 -0.0256903
9.935 10.1575 -0.213048 -0.0256785
9.94 10.153 -0.213209 -0.025668
9.945 10.149 -0.213349 -0.025659
9.95 10.1457 -0.213467 -0.0256514
9.955 10.143 -0.213563 -0.0256453
9.96 10.141 -0.213635 -0.0256407
9.965 10.1398 -0.213681 -0.0256378
9.97 10.1393 -0.213698 -0.0256368
9.975 10.1398 -0.213686 -0.0256379
9.98 10.1413 -0.213667 -0.0256418
9.985 10.1439 -0.213651 -0.0256488
9.99 10.1479 -0.213627 -0.0256592
9.995 10.1531 -0.213595 -0.0256732
10 10.1598 -0.213554 -0.0256908
10.005 10.1678 -0.213504 -0.025712
10.01 10.1772 -0.213447 -0.0257368
10.015 10.1879 -0.213383 -0.0257648
10.02 10.1996 -0.21331 -0.0257957
10.025 10.2123 -0.213231 -0.025829
10.03 10.2257 -0.213146 -0.0258641
10.035 10.2395 -0.213057 -0.0259002
10.04 10.2535 -0.212964 -0.0259369
10.045 10.2677 -0.212869 -0.0259739
10.05 10.2821 -0.212772 -0.0260114
10.055 10.2968 -0.212671 -0.0260495
10.06 10.3117 -0.212566 -0.0260883
10.065 10.327 -0.212457 -0.0261279
10.07 10.3427 -0.212343 -0.0261683
10.075 10.3586 -0.212226 -0.0262095
10.08 10.375 -0.212104 -0.0262514
10.085 10.3916 -0.211976 -0.0262942
10.09 10.4086 -0.211841 -0.0263378
10.095 10.4259 -0.211703 -0.0263821
10.1 10.4435 -0.211561 -0.026427
10.105 10.4614 -0.211415 -0.0264726
10.11 10.4795 -0.211266 -0.0265188
10.115 10.4979 -0.211114 -0.0265655
10.12 10.5166 -0.210959 -0.0266126
10.125 10.5353 -0.210801 -0.02666
10.13 10.554 -0.210642 -0.0267072
10.135 10.5725 -0.210484 -0.0267537
10.14 10.5904 -0.21033 -0.0267987
10.145 10.6074 -0.210182 -0.0268414
10.15 10.6234 -0.210043 -0.0268813
10.155 10.6381 -0.209914 -0.0269182
10.16 10.6516 -0.209795 -0.0269519
10.165 10.6639 -0.209687 -0.0269825
10.17 10.6749 -0.209589 -0.0270099
10.175 10.6847 -0.209502 -0.0270343
10.18 10.6933 -0.209425 -0.0270557
10.185 10.7008 -0.209358 -0.0270744
10.19 10.7074 -0.209298 -0.0270908
10.195 10.7134 -0.209245 -0.0271056
10.2 10.7189 -0.209195 -0.0271193
10.205 10.7241 -0.209148 -0.0271323
10.21 10.7291 -0.209103 -0.0271447
10.215 10.7339 -0.20906 -0.0271566
10.22 10.7386 -0.209018 -0.0271682
10.225 10.7431 -0.208977 -0.0271794
10.23 10.7476 -0.208937 -0.0271905
10.235 10.7521 -0.208897 -0.0272016
10.24 10.7566 -0.208856 -0.0272128
10.245 10.7612 -0.208814 -0.0272242
10.25 10.7659 -0.208772 -0.0272359
10.255 10.7707 -0.208728 -0.0272479
10.26 10.7757 -0.208683 -0.0272602
10.265 10.7807 -0.208637 -0.0272727
10.27 10.7858 -0.208591 -0.0272853
10.275 10.7908 -0.208546 -0.0272977
10.28 10.7956 -0.208506 -0.0273094
10.285 10.7997 -0.208474 -0.0273195
10.29 10.8029 -0.208449 -0.0273274
10.295 10.8048 -0.208434 -0.0273322
10.3 10.8053 -0.208431 -0.0273333
10.305 10.804 -0.208441 -0.0273302
10.31 10.8008 -0.208468 -0.0273218
10.315 10.7955 -0.208513 -0.0273076
10.32 10.7878 -0.208577 -0.0272873
10.325 10.7777 -0.208662 -0.0272605
10.33 10.7651 -0.208769 -0.0272269
10.335 10.7497 -0.208899 -0.0271863
10.34 10.7316 -0.209054 -0.0271386
10.345 10.7108 -0.209235 -0.0270838
10.35 10.6872 -0.209443 -0.027022
10.355 10.6608 -0.209678 -0.0269533
10.36 10.6318 -0.209942 -0.0268782
10.365 10.6004 -0.210234 -0.0267971
10.37 10.5666 -0.210553 -0.0267106
10.375 10.5308 -0.210905 -0.0266192
10.38 10.4929 -0.211291 -0.0265232
10.385 10.453 -0.211708 -0.0264229
10.39 10.4113 -0.212158 -0.0263186
10.395 10.3676 -0.212664 -0.0262103
10.4 10.3221 -0.213262 -0.0260983
10.405 10.2746 -0.213998 -0.025983
10.41 10.2252 -0.214887 -0.0258642
10.415 10.1737 -0.215864 -0.0257412
10.42 10.1203 -0.216846 -0.0256133
10.425 10.0648 -0.217895 -0.0254806
10.43 10.0072 -0.219054 -0.0253436
10.435 9.94761 -0.22029 -0.025202
10.44 9.88596 -0.221821 -0.0250566
10.445 9.82239 -0.223981 -0.0249085
10.45 9.75769 0.701189 -0.0206823
