0.1
0.2
0.3
0.4
0.5
0.6
0.7
0.8
0.9
1
0.0024
0.0048
0.0072
0.0096
0.012
0.0144
0.0168
0.0192
0.0216
0.024
0.0264
0.0288
0.0312
0.0336
0.036
0.0384
0.0408
0.0432
0.0456
0.048
0.0504
0.0528
0.0552
0.0576
0.06
0.0624
0.0648
0.0672
0.0696
0.072
0.0744
0.0768
0.0792
0.0816
0.084
0.0864
0.0888
0.0912
0.0936
0.096
0.0984
0.1008
0.1032
0.1056
0.108
0.1104
0.1128
0.1152
0.1176
0.12
0.1224
0.1248
0.1272
0.1296
0.132
0.1344
0.1368
0.1392
0.1416
0.144
0.1464
0.1488
0.1512
0.1536
0.156
0.1584
0.1608
0.1632
0.1656
0.168
0.1704
0.1728
0.1752
0.1776
0.18
0.1824
0.1848
0.1872
0.1896
0.192
0.1944
0.1968
0.1992
0.2016
0.204
0.2064
0.2088
0.2112
0.2136
0.216
0.2184
0.2208
0.2232
0.2256
0.228
0.2304
0.2328
0.2352
0.2376
0.24
0.2424
0.2448
0.2472
0.2496
0.252
0.2544
0.2568
0.2592
0.2616
0.264
0.2664
0.2688
0.2712
0.2736
0.276
0.2784
0.2808
0.2832
0.2856
0.288
0.2904
0.2928
0.2952
0.2976
0.3
0.3024
0.3048
0.3072
0.3096
0.312
0.3144
0.3168
0.3192
0.3216
0.324
0.3264
0.3288
0.3312
0.3336
0.336
0.3384
0.3408
0.3432
0.3456
0.348
0.3504
0.3528
0.3552
0.3576
0.36
0.3624
0.3648
0.3672
0.3696
0.372
0.3744
0.3768
0.3792
0.3816
0.384
0.3864
0.3888
0.3912
0.3936
0.396
0.3984
0.4008
0.4032
0.4056
0.408
0.4104
0.4128
0.4152
0.4176
0.42
0.4224
0.4248
0.4272
0.4296
0.432
0.4344
0.4368
0.4392
0.4416
0.444
0.4464
0.4488
0.4512
0.4536
0.456
0.4584
0.4608
0.4632
0.4656
0.468
0.4704
0.4728
0.4752
0.4776
0.48
0.4824
0.4848
0.4872
0.4896
0.492
0.4944
0.4968
0.4992
0.5016
0.504
0.5064
0.5088
0.5112
0.5136
0.516
0.5184
0.5208
0.5232
0.5256
0.528
0.5304
0.5328
0.5352
0.5376
0.54
0.5424
0.5448
0.5472
0.5496
0.552
0.5544
0.5568
0.5592
0.5616
0.564
0.5664
0.5688
0.5712
0.5736
0.576
0.5784
0.5808
0.5832
0.5856
0.588
0.5904
0.5928
0.5952
0.5976
0.6
0.6024
0.6048
0.6072
0.6096
0.612
0.6144
0.6168
0.6192
0.6216
0.624
0.6264
0.6288
0.6312
0.6336
0.636
0.6384
0.6408
0.6432
0.6456
0.648
0.6504
0.6528
0.6552
0.6576
0.66
0.6624
0.6648
0.6672
0.6696
0.672
0.6744
0.6768
0.6792
0.6816
0.684
0.6864
0.6888
0.6912
0.6936
0.696
0.6984
0.7008
0.7032
0.7056
0.708
0.7104
0.7128
0.7152
0.7176
0.72
0.7224
0.7248
0.7272
0.7296
0.732
0.7344
0.7368
0.7392
0.7416
0.744
0.7464
0.7488
0.7512
0.7536
0.756
0.7584
0.7608
0.7632
0.7656
0.768
0.7704
0.7728
0.7752
0.7776
0.78
0.7824
0.7848
0.7872
0.7896
0.792
0.7944
0.7968
0.7992
0.8016
0.804
0.8064
0.8088
0.8112
0.8136
0.816
0.8184
0.8208
0.8232
0.8256
0.828
0.8304
0.8328
0.8352
0.8376
0.84
0.8424
0.8448
0.8472
0.8496
0.852
0.8544
0.8568
0.8592
0.8616
0.864
0.8664
0.8688
0.8712
0.8736
0.876
0.8784
0.8808
0.8832
0.8856
0.888
0.8904
0.8928
0.8952
0.8976
0.9
0.9024
0.9048
0.9072
0.9096
0.912
0.9144
0.9168
0.9192
0.9216
0.924
0.9264
0.9288
0.9312
0.9336
0.936
0.9384
0.9408
0.9432
0.9456
0.948
0.9504
0.9528
0.9552
0.9576
0.96
0.9624
0.9648
0.9672
0.9696
0.972
0.9744
0.9768
0.9792
0.9816
0.984
0.9864
0.9888
0.9912
0.9936
0.996
0.9984
1.0008
1.0032
1.0056
1.008
1.0104
1.0128
1.0152
1.0176
1.02
1.0224
1.0248
1.0272
1.0296
1.032
1.0344
1.0368
1.0392
1.0416
1.044
1.0464
1.0488
1.0512
1.0536
1.056
1.0584
1.0608
1.0632
1.0656
1.068
1.0704
1.0728
1.0752
1.0776
1.08
1.0824
1.0848
1.0872
1.0896
1.092
1.0944
1.0968
1.0992
1.1016
1.104
1.1064
1.1088
1.1112
1.1136
1.116
1.1184
1.1208
1.1232
1.1256
1.128
1.1304
1.1328
1.1352
1.1376
1.14
1.1424
1.1448
1.1472
1.1496
1.152
1.1544
1.1568
1.1592
1.1616
1.164
1.1664
1.1688
1.1712
1.1736
1.176
1.1784
1.1808
1.1832
1.1856
1.188
1.1904
1.1928
1.1952
1.1976
1.2
1.2024
1.2048
1.2072
1.2096
1.212
1.2144
1.2168
1.2192
1.2216
1.224
1.2264
1.2288
1.2312
1.2336
1.236
1.2384
1.2408
1.2432
1.2456
1.248
1.2504
1.2528
1.2552
1.2576
1.26
1.2624
1.2648
1.2672
1.2696
1.272
1.2744
1.2768
1.2792
1.2816
1.284
1.2864
1.2888
1.2912
1.2936
1.296
1.2984
1.3008
1.3032
1.3056
1.308
1.3104
1.3128
1.3152
1.3176
1.32
1.3224
1.3248
1.3272
1.3296
1.332
1.3344
1.3368
1.3392
1.3416
1.344
1.3464
1.3488
1.3512
1.3536
1.356
1.3584
1.3608
1.3632
1.3656
1.368
1.3704
1.3728
1.3752
1.3776
1.38
1.3824
1.3848
1.3872
1.3896
1.392
1.3944
1.3968
1.3992
1.4016
1.404
1.4064
1.4088
1.4112
1.4136
1.416
1.4184
1.4208
1.4232
1.4256
1.428
1.4304
1.4328
1.4352
1.4376
1.44
1.4424
1.4448
1.4472
1.4496
1.452
1.4544
1.4568
1.4592
1.4616
1.464
1.4664
1.4688
1.4712
1.4736
1.476
1.4784
1.4808
1.4832
1.4856
1.488
1.4904
1.4928
1.4952
1.4976
1.5
1.5024
1.5048
1.5072
1.5096
1.512
1.5144
1.5168
1.5192
1.5216
1.524
1.5264
1.5288
1.5312
1.5336
1.536
1.5384
1.5408
1.5432
1.5456
1.548
1.5504
1.5528
1.5552
1.5576
1.56
1.5624
1.5648
1.5672
1.5696
1.572
1.5744
1.5768
1.5792
1.5816
1.584
1.5864
1.5888
1.5912
1.5936
1.596
1.5984
1.6008
1.6032
1.6056
1.608
1.6104
1.6128
1.6152
1.6176
1.62
1.6224
1.6248
1.6272
1.6296
1.632
1.6344
1.6368
1.6392
1.6416
1.644
1.6464
1.6488
1.6512
1.6536
1.656
1.6584
1.6608
1.6632
1.6656
1.668
1.6704
1.6728
1.6752
1.6776
1.68
1.6824
1.6848
1.6872
1.6896
1.692
1.6944
1.6968
1.6992
1.7016
1.704
1.7064
1.7088
1.7112
1.7136
1.716
1.7184
1.7208
1.7232
1.7256
1.728
1.7304
1.7328
1.7352
1.7376
1.74
1.7424
1.7448
1.7472
1.7496
1.752
1.7544
1.7568
1.7592
1.7616
1.764
1.7664
1.7688
1.7712
1.7736
1.776
1.7784
1.7808
1.7832
1.7856
1.788
1.7904
1.7928
1.7952
1.7976
1.8
1.8024
1.8048
1.8072
1.8096
1.812
1.8144
1.8168
1.8192
1.8216
1.824
1.8264
1.8288
1.8312
1.8336
1.836
1.8384
1.8408
1.8432
1.8456
1.848
1.8504
1.8528
1.8552
1.8576
1.86
1.8624
1.8648
1.8672
1.8696
1.872
1.8744
1.8768
1.8792
1.8816
1.884
1.8864
1.8888
1.8912
1.8936
1.896
1.8984
1.9008
1.9032
1.9056
1.908
1.9104
1.9128
1.9152
1.9176
1.92
1.9224
1.9248
1.9272
1.9296
1.932
1.9344
1.9368
1.9392
1.9416
1.944
1.9464
1.9488
1.9512
1.9536
1.956
1.9584
1.9608
1.9632
1.9656
1.968
1.9704
1.9728
1.9752
1.9776
1.98
1.9824
1.9848
1.9872
1.9896
1.992
1.9944
1.9968
1.9992
2.0016
2.004
2.0064
2.0088
2.0112
2.0136
2.016
2.0184
2.0208
2.0232
2.0256
2.028
2.0304
2.0328
2.0352
2.0376
2.04
2.0424
2.0448
2.0472
2.0496
2.052
2.0544
2.0568
2.0592
2.0616
2.064
2.0664
2.0688
2.0712
2.0736
2.076
2.0784
2.0808
2.0832
2.0856
2.088
2.0904
2.0928
2.0952
2.0976
2.1
2.1024
2.1048
2.1072
2.1096
2.112
2.1144
2.1168
2.1192
2.1216
2.124
2.1264
2.1288
2.1312
2.1336
2.136
2.1384
2.1408
2.1432
2.1456
2.148
2.1504
2.1528
2.1552
2.1576
2.16
2.1624
2.1648
2.1672
2.1696
2.172
2.1744
2.1768
2.1792
2.1816
2.184
2.1864
2.1888
2.1912
2.1936
2.196
2.1984
2.2008
2.2032
2.2056
2.208
2.2104
2.2128
2.2152
2.2176
2.22
2.2224
2.2248
2.2272
2.2296
2.232
2.2344
2.2368
2.2392
2.2416
2.244
2.2464
2.2488
2.2512
2.2536
2.256
2.2584
2.2608
2.2632
2.2656
2.268
2.2704
2.2728
2.2752
2.2776
2.28
2.2824
2.2848
2.2872
2.2896
2.292
2.2944
2.2968
2.2992
2.3016
2.304
2.3064
2.3088
2.3112
2.3136
2.316
2.3184
2.3208
2.3232
2.3256
2.328
2.3304
2.3328
2.3352
2.3376
2.34
2.3424
2.3448
2.3472
2.3496
2.352
2.3544
2.3568
2.3592
2.3616
2.364
2.3664
2.3688
2.3712
2.3736
2.376
2.3784
2.3808
2.3832
2.3856
2.388
2.3904
2.3928
2.3952
2.3976
2.4
2.4024
2.4048
2.4072
2.4096
2.412
2.4144
2.4168
2.4192
2.4216
2.424
2.4264
2.4288
2.4312
2.4336
2.436
2.4384
2.4408
2.4432
2.4456
2.448
2.4504
2.4528
2.4552
2.4576
2.46
2.4624
2.4648
2.4672
2.4696
2.472
2.4744
2.4768
2.4792
2.4816
2.484
2.4864
2.4888
2.4912
2.4936
2.496
2.4984
2.5008
2.5032
2.5056
2.508
2.5104
2.5128
2.5152
2.5176
2.52
2.5224
2.5248
2.5272
2.5296
2.532
2.5344
2.5368
2.5392
2.5416
2.544
2.5464
2.5488
2.5512
2.5536
2.556
2.5584
2.5608
2.5632
2.5656
2.568
2.5704
2.5728
2.5752
2.5776
2.58
2.5824
2.5848
2.5872
2.5896
2.592
2.5944
2.5968
2.5992
2.6016
2.604
2.6064
2.6088
2.6112
2.6136
2.616
2.6184
2.6208
2.6232
2.6256
2.628
2.6304
2.6328
2.6352
2.6376
2.64
2.6424
2.6448
2.6472
2.6496
2.652
2.6544
2.6568
2.6592
2.6616
2.664
2.6664
2.6688
2.6712
2.6736
2.676
2.6784
2.6808
2.6832
2.6856
2.688
2.6904
2.6928
2.6952
2.6976
2.7
2.7024
2.7048
2.7072
2.7096
2.712
2.7144
2.7168
2.7192
2.7216
2.724
2.7264
2.7288
2.7312
2.7336
2.736
2.7384
2.7408
2.7432
2.7456
2.748
2.7504
2.7528
2.7552
2.7576
2.76
2.7624
2.7648
2.7672
2.7696
2.772
2.7744
2.7768
2.7792
2.7816
2.784
2.7864
2.7888
2.7912
2.7936
2.796
2.7984
2.8008
2.8032
2.8056
2.808
2.8104
2.8128
2.8152
2.8176
2.82
2.8224
2.8248
2.8272
2.8296
2.832
2.8344
2.8368
2.8392
2.8416
2.844
2.8464
2.8488
2.8512
2.8536
2.856
2.8584
2.8608
2.8632
2.8656
2.868
2.8704
2.8728
2.8752
2.8776
2.88
2.8824
2.8848
2.8872
2.8896
2.892
2.8944
2.8968
2.8992
2.9016
2.904
2.9064
2.9088
2.9112
2.9136
2.916
2.9184
2.9208
2.9232
2.9256
2.928
2.9304
2.9328
2.9352
2.9376
2.94
2.9424
2.9448
2.9472
2.9496
2.952
2.9544
2.9568
2.9592
2.9616
2.964
2.9664
2.9688
2.9712
2.9736
2.976
2.9784
2.9808
2.9832
2.9856
2.988
2.9904
2.9928
2.9952
2.9976
3
3.0024
3.0048
3.0072
3.0096
3.012
3.0144
3.0168
3.0192
3.0216
3.024
3.0264
3.0288
3.0312
3.0336
3.036
3.0384
3.0408
3.0432
3.0456
3.048
3.0504
3.0528
3.0552
3.0576
3.06
3.0624
3.0648
3.0672
3.0696
3.072
3.0744
3.0768
3.0792
3.0816
3.084
3.0864
3.0888
3.0912
3.0936
3.096
3.0984
3.1008
3.1032
3.1056
3.108
3.1104
3.1128
3.1152
3.1176
3.12
3.1224
3.1248
3.1272
3.1296
3.132
3.1344
3.1368
3.1392
3.1416
3.144
3.1464
3.1488
3.1512
3.1536
3.156
3.1584
3.1608
3.1632
3.1656
3.168
3.1704
3.1728
3.1752
3.1776
3.18
3.1824
3.1848
3.1872
3.1896
3.192
3.1944
3.1968
3.1992
3.2016
3.204
3.2064
3.2088
3.2112
3.2136
3.216
3.2184
3.2208
3.2232
3.2256
3.228
3.2304
3.2328
3.2352
3.2376
3.24
3.2424
3.2448
3.2472
3.2496
3.252
3.2544
3.2568
3.2592
3.2616
3.264
3.2664
3.2688
3.2712
3.2736
3.276
3.2784
3.2808
3.2832
3.2856
3.288
3.2904
3.2928
3.2952
3.2976
3.3
3.3024
3.3048
3.3072
3.3096
3.312
3.3144
3.3168
3.3192
3.3216
3.324
3.3264
3.3288
3.3312
3.3336
3.336
3.3384
3.3408
3.3432
3.3456
3.348
3.3504
3.3528
3.3552
3.3576
3.36
3.3624
3.3648
3.3672
3.3696
3.372
3.3744
3.3768
3.3792
3.3816
3.384
3.3864
3.3888
3.3912
3.3936
3.396
3.3984
3.4008
3.4032
3.4056
3.408
3.4104
3.4128
3.4152
3.4176
3.42
3.4224
3.4248
3.4272
3.4296
3.432
3.4344
3.4368
3.4392
3.4416
3.444
3.4464
3.4488
3.4512
3.4536
3.456
3.4584
3.4608
3.4632
3.4656
3.468
3.4704
3.4728
3.4752
3.4776
3.48
3.4824
3.4848
3.4872
3.4896
3.492
3.4944
3.4968
3.4992
3.5016
3.504
3.5064
3.5088
3.5112
3.5136
3.516
3.5184
3.5208
3.5232
3.5256
3.528
3.5304
3.5328
3.5352
3.5376
3.54
3.5424
3.5448
3.5472
3.5496
3.552
3.5544
3.5568
3.5592
3.5616
3.564
3.5664
3.5688
3.5712
3.5736
3.576
3.5784
3.5808
3.5832
3.5856
3.588
3.5904
3.5928
3.5952
3.5976
3.6
3.6024
3.6048
3.6072
3.6096
3.612
3.6144
3.6168
3.6192
3.6216
3.624
3.6264
3.6288
3.6312
3.6336
3.636
3.6384
3.6408
3.6432
3.6456
3.648
3.6504
3.6528
3.6552
3.6576
3.66
3.6624
3.6648
3.6672
3.6696
3.672
3.6744
3.6768
3.6792
3.6816
3.684
3.6864
3.6888
3.6912
3.6936
3.696
3.6984
3.7008
3.7032
3.7056
3.708
3.7104
3.7128
3.7152
3.7176
3.72
3.7224
3.7248
3.7272
3.7296
3.732
3.7344
3.7368
3.7392
3.7416
3.744
3.7464
3.7488
3.7512
3.7536
3.756
3.7584
3.7608
3.7632
3.7656
3.768
3.7704
3.7728
3.7752
3.7776
3.78
3.7824
3.7848
3.7872
3.7896
3.792
3.7944
3.7968
3.7992
3.8016
3.804
3.8064
3.8088
3.8112
3.8136
3.816
3.8184
3.8208
3.8232
3.8256
3.828
3.8304
3.8328
3.8352
3.8376
3.84
3.8424
3.8448
3.8472
3.8496
3.852
3.8544
3.8568
3.8592
3.8616
3.864
3.8664
3.8688
3.8712
3.8736
3.876
3.8784
3.8808
3.8832
3.8856
3.888
3.8904
3.8928
3.8952
3.8976
3.9
3.9024
3.9048
3.9072
3.9096
3.912
3.9144
3.9168
3.9192
3.9216
3.924
3.9264
3.9288
3.9312
3.9336
3.936
3.9384
3.9408
3.9432
3.9456
3.948
3.9504
3.9528
3.9552
3.9576
3.96
3.9624
3.9648
3.9672
3.9696
3.972
3.9744
3.9768
3.9792
3.9816
3.984
3.9864
3.9888
3.9912
3.9936
3.996
3.9984
4.0008
4.0032
4.0056
4.008
4.0104
4.0128
4.0152
4.0176
4.02
4.0224
4.0248
4.0272
4.0296
4.032
4.0344
4.0368
4.0392
4.0416
4.044
4.0464
4.0488
4.0512
4.0536
4.056
4.0584
4.0608
4.0632
4.0656
4.068
4.0704
4.0728
4.0752
4.0776
4.08
4.0824
4.0848
4.0872
4.0896
4.092
4.0944
4.0968
4.0992
4.1016
4.104
4.1064
4.1088
4.1112
4.1136
4.116
4.1184
4.1208
4.1232
4.1256
4.128
4.1304
4.1328
4.1352
4.1376
4.14
4.1424
4.1448
4.1472
4.1496
4.152
4.1544
4.1568
4.1592
4.1616
4.164
4.1664
4.1688
4.1712
4.1736
4.176
4.1784
4.1808
4.1832
4.1856
4.188
4.1904
4.1928
4.1952
4.1976
4.2
4.2024
4.2048
4.2072
4.2096
4.212
4.2144
4.2168
4.2192
4.2216
4.224
4.2264
4.2288
4.2312
4.2336
4.236
4.2384
4.2408
4.2432
4.2456
4.248
4.2504
4.2528
4.2552
4.2576
4.26
4.2624
4.2648
4.2672
4.2696
4.272
4.2744
4.2768
4.2792
4.2816
4.284
4.2864
4.2888
4.2912
4.2936
4.296
4.2984
4.3008
4.3032
4.3056
4.308
4.3104
4.3128
4.3152
4.3176
4.32
4.3224
4.3248
4.3272
4.3296
4.332
4.3344
4.3368
4.3392
4.3416
4.344
4.3464
4.3488
4.3512
4.3536
4.356
4.3584
4.3608
4.3632
4.3656
4.368
4.3704
4.3728
4.3752
4.3776
4.38
4.3824
4.3848
4.3872
4.3896
4.392
4.3944
4.3968
4.3992
4.4016
4.404
4.4064
4.4088
4.4112
4.4136
4.416
4.4184
4.4208
4.4232
4.4256
4.428
4.4304
4.4328
4.4352
4.4376
4.44
4.4424
4.4448
4.4472
4.4496
4.452
4.4544
4.4568
4.4592
4.4616
4.464
4.4664
4.4688
4.4712
4.4736
4.476
4.4784
4.4808
4.4832
4.4856
4.488
4.4904
4.4928
4.4952
4.4976
4.5
4.5024
4.5048
4.5072
4.5096
4.512
4.5144
4.5168
4.5192
4.5216
4.524
4.5264
4.5288
4.5312
4.5336
4.536
4.5384
4.5408
4.5432
4.5456
4.548
4.5504
4.5528
4.5552
4.5576
4.56
4.5624
4.5648
4.5672
4.5696
4.572
4.5744
4.5768
4.5792
4.5816
4.584
4.5864
4.5888
4.5912
4.5936
4.596
4.5984
4.6008
4.6032
4.6056
4.608
4.6104
4.6128
4.6152
4.6176
4.62
4.6224
4.6248
4.6272
4.6296
4.632
4.6344
4.6368
4.6392
4.6416
4.644
4.6464
4.6488
4.6512
4.6536
4.656
4.6584
4.6608
4.6632
4.6656
4.668
4.6704
4.6728
4.6752
4.6776
4.68
4.6824
4.6848
4.6872
4.6896
4.692
4.6944
4.6968
4.6992
4.7016
4.704
4.7064
4.7088
4.7112
4.7136
4.716
4.7184
4.7208
4.7232
4.7256
4.728
4.7304
4.7328
4.7352
4.7376
4.74
4.7424
4.7448
4.7472
4.7496
4.752
4.7544
4.7568
4.7592
4.7616
4.764
4.7664
4.7688
4.7712
4.7736
4.776
4.7784
4.7808
4.7832
4.7856
4.788
4.7904
4.7928
4.7952
4.7976
4.8
4.8024
4.8048
4.8072
4.8096
4.812
4.8144
4.8168
4.8192
4.8216
4.824
4.8264
4.8288
4.8312
4.8336
4.836
4.8384
4.8408
4.8432
4.8456
4.848
4.8504
4.8528
4.8552
4.8576
4.86
4.8624
4.8648
4.8672
4.8696
4.872
4.8744
4.8768
4.8792
4.8816
4.884
4.8864
4.8888
4.8912
4.8936
4.896
4.8984
4.9008
4.9032
4.9056
4.908
4.9104
4.9128
4.9152
4.9176
4.92
4.9224
4.9248
4.9272
4.9296
4.932
4.9344
4.9368
4.9392
4.9416
4.944
4.9464
4.9488
4.9512
4.9536
4.956
4.9584
4.9608
4.9632
4.9656
4.968
4.9704
4.9728
4.9752
4.9776
4.98
4.9824
4.9848
4.9872
4.9896
4.992
4.9944
4.9968
4.9992
5.0016
5.004
5.0064
5.0088
5.0112
5.0136
5.016
5.0184
5.0208
5.0232
5.0256
5.028
5.0304
5.0328
5.0352
5.0376
5.04
5.0424
5.0448
5.0472
5.0496
5.052
5.0544
5.0568
5.0592
5.0616
5.064
5.0664
5.0688
5.0712
5.0736
5.076
5.0784
5.0808
5.0832
5.0856
5.088
5.0904
5.0928
5.0952
5.0976
5.1
5.1024
5.1048
5.1072
5.1096
5.112
5.1144
5.1168
5.1192
5.1216
5.124
5.1264
5.1288
5.1312
5.1336
5.136
5.1384
5.1408
5.1432
5.1456
5.148
5.1504
5.1528
5.1552
5.1576
5.16
5.1624
5.1648
5.1672
5.1696
5.172
5.1744
5.1768
5.1792
5.1816
5.184
5.1864
5.1888
5.1912
5.1936
5.196
5.1984
5.2008
5.2032
5.2056
5.208
5.2104
5.2128
5.2152
5.2176
5.22
5.2224
5.2248
5.2272
5.2296
5.232
5.2344
5.2368
5.2392
5.2416
5.244
5.2464
5.2488
5.2512
5.2536
5.256
5.2584
5.2608
5.2632
5.2656
5.268
5.2704
5.2728
5.2752
5.2776
5.28
5.2824
5.2848
5.2872
5.2896
5.292
5.2944
5.2968
5.2992
5.3016
5.304
5.3064
5.3088
5.3112
5.3136
5.316
5.3184
5.3208
5.3232
5.3256
5.328
5.3304
5.3328
5.3352
5.3376
5.34
5.3424
5.3448
5.3472
5.3496
5.352
5.3544
5.3568
5.3592
5.3616
5.364
5.3664
5.3688
5.3712
5.3736
5.376
5.3784
5.3808
5.3832
5.3856
5.388
5.3904
5.3928
5.3952
5.3976
5.4
5.4024
5.4048
5.4072
5.4096
5.412
5.4144
5.4168
5.4192
5.4216
5.424
5.4264
5.4288
5.4312
5.4336
5.436
5.4384
5.4408
5.4432
5.4456
5.448
5.4504
5.4528
5.4552
5.4576
5.46
5.4624
5.4648
5.4672
5.4696
5.472
5.4744
5.4768
5.4792
5.4816
5.484
5.4864
5.4888
5.4912
5.4936
5.496
5.4984
5.5008
5.5032
5.5056
5.508
5.5104
5.5128
5.5152
5.5176
5.52
5.5224
5.5248
5.5272
5.5296
5.532
5.5344
5.5368
5.5392
5.5416
5.544
5.5464
5.5488
5.5512
5.5536
5.556
5.5584
5.5608
5.5632
5.5656
5.568
5.5704
5.5728
5.5752
5.5776
5.58
5.5824
5.5848
5.5872
5.5896
5.592
5.5944
5.5968
5.5992
5.6016
5.604
5.6064
5.6088
5.6112
5.6136
5.616
5.6184
5.6208
5.6232
5.6256
5.628
5.6304
5.6328
5.6352
5.6376
5.64
5.6424
5.6448
5.6472
5.6496
5.652
5.6544
5.6568
5.6592
5.6616
5.664
5.6664
5.6688
5.6712
5.6736
5.676
5.6784
5.6808
5.6832
5.6856
5.688
5.6904
5.6928
5.6952
5.6976
5.7
5.7024
5.7048
5.7072
5.7096
5.712
5.7144
5.7168
5.7192
5.7216
5.724
5.7264
5.7288
5.7312
5.7336
5.736
5.7384
5.7408
5.7432
5.7456
5.748
5.7504
5.7528
5.7552
5.7576
5.76
5.7624
5.7648
5.7672
5.7696
5.772
5.7744
5.7768
5.7792
5.7816
5.784
5.7864
5.7888
5.7912
5.7936
5.796
5.7984
5.8008
5.8032
5.8056
5.808
5.8104
5.8128
5.8152
5.8176
5.82
5.8224
5.8248
5.8272
5.8296
5.832
5.8344
5.8368
5.8392
5.8416
5.844
5.8464
5.8488
5.8512
5.8536
5.856
5.8584
5.8608
5.8632
5.8656
5.868
5.8704
5.8728
5.8752
5.8776
5.88
5.8824
5.8848
5.8872
5.8896
5.892
5.8944
5.8968
5.8992
5.9016
5.904
5.9064
5.9088
5.9112
5.9136
5.916
5.9184
5.9208
5.9232
5.9256
5.928
5.9304
5.9328
5.9352
5.9376
5.94
5.9424
5.9448
5.9472
5.9496
5.952
5.9544
5.9568
5.9592
5.9616
5.964
5.9664
5.9688
5.9712
5.9736
5.976
5.9784
5.9808
5.9832
5.9856
5.988
5.9904
5.9928
5.9952
5.9976
6
6.0024
6.0048
6.0072
6.0096
6.012
6.0144
6.0168
6.0192
6.0216
6.024
6.0264
6.0288
6.0312
6.0336
6.036
6.0384
6.0408
6.0432
6.0456
6.048
6.0504
6.0528
6.0552
6.0576
6.06
6.0624
6.0648
6.0672
6.0696
6.072
6.0744
6.0768
6.0792
6.0816
6.084
6.0864
6.0888
6.0912
6.0936
6.096
6.0984
6.1008
6.1032
6.1056
6.108
6.1104
6.1128
6.1152
6.1176
6.12
6.1224
6.1248
6.1272
6.1296
6.132
6.1344
6.1368
6.1392
6.1416
6.144
6.1464
6.1488
6.1512
6.1536
6.156
6.1584
6.1608
6.1632
6.1656
6.168
6.1704
6.1728
6.1752
6.1776
6.18
6.1824
6.1848
6.1872
6.1896
6.192
6.1944
6.1968
6.1992
6.2016
6.204
6.2064
6.2088
6.2112
6.2136
6.216
6.2184
6.2208
6.2232
6.2256
6.228
6.2304
6.2328
6.2352
6.2376
6.24
6.2424
6.2448
6.2472
6.2496
6.252
6.2544
6.2568
6.2592
6.2616
6.264
6.2664
6.2688
6.2712
6.2736
6.276
6.2784
6.2808
6.2832
6.2856
6.288
6.2904
6.2928
6.2952
6.2976
6.3
6.3024
6.3048
6.3072
6.3096
6.312
6.3144
6.3168
6.3192
6.3216
6.324
6.3264
6.3288
6.3312
6.3336
6.336
6.3384
6.3408
6.3432
6.3456
6.348
6.3504
6.3528
6.3552
6.3576
6.36
6.3624
6.3648
6.3672
6.3696
6.372
6.3744
6.3768
6.3792
6.3816
6.384
6.3864
6.3888
6.3912
6.3936
6.396
6.3984
6.4008
6.4032
6.4056
6.408
6.4104
6.4128
6.4152
6.4176
6.42
6.4224
6.4248
6.4272
6.4296
6.432
6.4344
6.4368
6.4392
6.4416
6.444
6.4464
6.4488
6.4512
6.4536
6.456
6.4584
6.4608
6.4632
6.4656
6.468
6.4704
6.4728
6.4752
6.4776
6.48
6.4824
6.4848
6.4872
6.4896
6.492
6.4944
6.4968
6.4992
6.5016
6.504
6.5064
6.5088
6.5112
6.5136
6.516
6.5184
6.5208
6.5232
6.5256
6.528
6.5304
6.5328
6.5352
6.5376
6.54
6.5424
6.5448
6.5472
6.5496
6.552
6.5544
6.5568
6.5592
6.5616
6.564
6.5664
6.5688
6.5712
6.5736
6.576
6.5784
6.5808
6.5832
6.5856
6.588
6.5904
6.5928
6.5952
6.5976
6.6
6.6024
6.6048
6.6072
6.6096
6.612
6.6144
6.6168
6.6192
6.6216
6.624
6.6264
6.6288
6.6312
6.6336
6.636
6.6384
6.6408
6.6432
6.6456
6.648
6.6504
6.6528
6.6552
6.6576
6.66
6.6624
6.6648
6.6672
6.6696
6.672
6.6744
6.6768
6.6792
6.6816
6.684
6.6864
6.6888
6.6912
6.6936
6.696
6.6984
6.7008
6.7032
6.7056
6.708
6.7104
6.7128
6.7152
6.7176
6.72
6.7224
6.7248
6.7272
6.7296
6.732
6.7344
6.7368
6.7392
6.7416
6.744
6.7464
6.7488
6.7512
6.7536
6.756
6.7584
6.7608
6.7632
6.7656
6.768
6.7704
6.7728
6.7752
6.7776
6.78
6.7824
6.7848
6.7872
6.7896
6.792
6.7944
6.7968
6.7992
6.8016
6.804
6.8064
6.8088
6.8112
6.8136
6.816
6.8184
6.8208
6.8232
6.8256
6.828
6.8304
6.8328
6.8352
6.8376
6.84
6.8424
6.8448
6.8472
6.8496
6.852
6.8544
6.8568
6.8592
6.8616
6.864
6.8664
6.8688
6.8712
6.8736
6.876
6.8784
6.8808
6.8832
6.8856
6.888
6.8904
6.8928
6.8952
6.8976
6.9
6.9024
6.9048
6.9072
6.9096
6.912
6.9144
6.9168
6.9192
6.9216
6.924
6.9264
6.9288
6.9312
6.9336
6.936
6.9384
6.9408
6.9432
6.9456
6.948
6.9504
6.9528
6.9552
6.9576
6.96
6.9624
6.9648
6.9672
6.9696
6.972
6.9744
6.9768
6.9792
6.9816
6.984
6.9864
6.9888
6.9912
6.9936
6.996
6.9984
7.0008
7.0032
7.0056
7.008
7.0104
7.0128
7.0152
7.0176
7.02
7.0224
7.0248
7.0272
7.0296
7.032
7.0344
7.0368
7.0392
7.0416
7.044
7.0464
7.0488
7.0512
7.0536
7.056
7.0584
7.0608
7.0632
7.0656
7.068
7.0704
7.0728
7.0752
7.0776
7.08
7.0824
7.0848
7.0872
7.0896
7.092
7.0944
7.0968
7.0992
7.1016
7.104
7.1064
7.1088
7.1112
7.1136
7.116
7.1184
7.1208
7.1232
7.1256
7.128
7.1304
7.1328
7.1352
7.1376
7.14
7.1424
7.1448
7.1472
7.1496
7.152
7.1544
7.1568
7.1592
7.1616
7.164
7.1664
7.1688
7.1712
7.1736
7.176
7.1784
7.1808
7.1832
7.1856
7.188
7.1904
7.1928
7.1952
7.1976
7.2
7.2024
7.2048
7.2072
7.2096
7.212
7.2144
7.2168
7.2192
7.2216
7.224
7.2264
7.2288
7.2312
7.2336
7.236
7.2384
7.2408
7.2432
7.2456
7.248
7.2504
7.2528
7.2552
7.2576
7.26
7.2624
7.2648
7.2672
7.2696
7.272
7.2744
7.2768
7.2792
7.2816
7.284
7.2864
7.2888
7.2912
7.2936
7.296
7.2984
7.3008
7.3032
7.3056
7.308
7.3104
7.3128
7.3152
7.3176
7.32
7.3224
7.3248
7.3272
7.3296
7.332
7.3344
7.3368
7.3392
7.3416
7.344
7.3464
7.3488
7.3512
7.3536
7.356
7.3584
7.3608
7.3632
7.3656
7.368
7.3704
7.3728
7.3752
7.3776
7.38
7.3824
7.3848
7.3872
7.3896
7.392
7.3944
7.3968
7.3992
7.4016
7.404
7.4064
7.4088
7.4112
7.4136
7.416
7.4184
7.4208
7.4232
7.4256
7.428
7.4304
7.4328
7.4352
7.4376
7.44
7.4424
7.4448
7.4472
7.4496
7.452
7.4544
7.4568
7.4592
7.4616
7.464
7.4664
7.4688
7.4712
7.4736
7.476
7.4784
7.4808
7.4832
7.4856
7.488
7.4904
7.4928
7.4952
7.4976
7.5
7.5024
7.5048
7.5072
7.5096
7.512
7.5144
7.5168
7.5192
7.5216
7.524
7.5264
7.5288
7.5312
7.5336
7.536
7.5384
7.5408
7.5432
7.5456
7.548
7.5504
7.5528
7.5552
7.5576
7.56
7.5624
7.5648
7.5672
7.5696
7.572
7.5744
7.5768
7.5792
7.5816
7.584
7.5864
7.5888
7.5912
7.5936
7.596
7.5984
7.6008
7.6032
7.6056
7.608
7.6104
7.6128
7.6152
7.6176
7.62
7.6224
7.6248
7.6272
7.6296
7.632
7.6344
7.6368
7.6392
7.6416
7.644
7.6464
7.6488
7.6512
7.6536
7.656
7.6584
7.6608
7.6632
7.6656
7.668
7.6704
7.6728
7.6752
7.6776
7.68
7.6824
7.6848
7.6872
7.6896
7.692
7.6944
7.6968
7.6992
7.7016
7.704
7.7064
7.7088
7.7112
7.7136
7.716
7.7184
7.7208
7.7232
7.7256
7.728
7.7304
7.7328
7.7352
7.7376
7.74
7.7424
7.7448
7.7472
7.7496
7.752
7.7544
7.7568
7.7592
7.7616
7.764
7.7664
7.7688
7.7712
7.7736
7.776
7.7784
7.7808
7.7832
7.7856
7.788
7.7904
7.7928
7.7952
7.7976
7.8
7.8024
7.8048
7.8072
7.8096
7.812
7.8144
7.8168
7.8192
7.8216
7.824
7.8264
7.8288
7.8312
7.8336
7.836
7.8384
7.8408
7.8432
7.8456
7.848
7.8504
7.8528
7.8552
7.8576
7.86
7.8624
7.8648
7.8672
7.8696
7.872
7.8744
7.8768
7.8792
7.8816
7.884
7.8864
7.8888
7.8912
7.8936
7.896
7.8984
7.9008
7.9032
7.9056
7.908
7.9104
7.9128
7.9152
7.9176
7.92
7.9224
7.9248
7.9272
7.9296
7.932
7.9344
7.9368
7.9392
7.9416
7.944
7.9464
7.9488
7.9512
7.9536
7.956
7.9584
7.9608
7.9632
7.9656
7.968
7.9704
7.9728
7.9752
7.9776
7.98
7.9824
7.9848
7.9872
7.9896
7.992
7.9944
7.9968
7.9992
8.0016
8.004
8.0064
8.0088
8.0112
8.0136
8.016
8.0184
8.0208
8.0232
8.0256
8.028
8.0304
8.0328
8.0352
8.0376
8.04
8.0424
8.0448
8.0472
8.0496
8.052
8.0544
8.0568
8.0592
8.0616
8.064
8.0664
8.0688
8.0712
8.0736
8.076
8.0784
8.0808
8.0832
8.0856
8.088
8.0904
8.0928
8.0952
8.0976
8.1
8.1024
8.1048
8.1072
8.1096
8.112
8.1144
8.1168
8.1192
8.1216
8.124
8.1264
8.1288
8.1312
8.1336
8.136
8.1384
8.1408
8.1432
8.1456
8.148
8.1504
8.1528
8.1552
8.1576
8.16
8.1624
8.1648
8.1672
8.1696
8.172
8.1744
8.1768
8.1792
8.1816
8.184
8.1864
8.1888
8.1912
8.1936
8.196
8.1984
8.2008
8.2032
8.2056
8.208
8.2104
8.2128
8.2152
8.2176
8.22
8.2224
8.2248
8.2272
8.2296
8.232
8.2344
8.2368
8.2392
8.2416
8.244
8.2464
8.2488
8.2512
8.2536
8.256
8.2584
8.2608
8.2632
8.2656
8.268
8.2704
8.2728
8.2752
8.2776
8.28
8.2824
8.2848
8.2872
8.2896
8.292
8.2944
8.2968
8.2992
8.3016
8.304
8.3064
8.3088
8.3112
8.3136
8.316
8.3184
8.3208
8.3232
8.3256
8.328
8.3304
8.3328
8.3352
8.3376
8.34
8.3424
8.3448
8.3472
8.3496
8.352
8.3544
8.3568
8.3592
8.3616
8.364
8.3664
8.3688
8.3712
8.3736
8.376
8.3784
8.3808
8.3832
8.3856
8.388
8.3904
8.3928
8.3952
8.3976
8.4
8.4024
8.4048
8.4072
8.4096
8.412
8.4144
8.4168
8.4192
8.4216
8.424
8.4264
8.4288
8.4312
8.4336
8.436
8.4384
8.4408
8.4432
8.4456
8.448
8.4504
8.4528
8.4552
8.4576
8.46
8.4624
8.4648
8.4672
8.4696
8.472
8.4744
8.4768
8.4792
8.4816
8.484
8.4864
8.4888
8.4912
8.4936
8.496
8.4984
8.5008
8.5032
8.5056
8.508
8.5104
8.5128
8.5152
8.5176
8.52
8.5224
8.5248
8.5272
8.5296
8.532
8.5344
8.5368
8.5392
8.5416
8.544
8.5464
8.5488
8.5512
8.5536
8.556
8.5584
8.5608
8.5632
8.5656
8.568
8.5704
8.5728
8.5752
8.5776
8.58
8.5824
8.5848
8.5872
8.5896
8.592
8.5944
8.5968
8.5992
8.6016
8.604
8.6064
8.6088
8.6112
8.6136
8.616
8.6184
8.6208
8.6232
8.6256
8.628
8.6304
8.6328
8.6352
8.6376
8.64
8.6424
8.6448
8.6472
8.6496
8.652
8.6544
8.6568
8.6592
8.6616
8.664
8.6664
8.6688
8.6712
8.6736
8.676
8.6784
8.6808
8.6832
8.6856
8.688
8.6904
8.6928
8.6952
8.6976
8.7
8.7024
8.7048
8.7072
8.7096
8.712
8.7144
8.7168
8.7192
8.7216
8.724
8.7264
8.7288
8.7312
8.7336
8.736
8.7384
8.7408
8.7432
8.7456
8.748
8.7504
8.7528
8.7552
8.7576
8.76
8.7624
8.7648
8.7672
8.7696
8.772
8.7744
8.7768
8.7792
8.7816
8.784
8.7864
8.7888
8.7912
8.7936
8.796
8.7984
8.8008
8.8032
8.8056
8.808
8.8104
8.8128
8.8152
8.8176
8.82
8.8224
8.8248
8.8272
8.8296
8.832
8.8344
8.8368
8.8392
8.8416
8.844
8.8464
8.8488
8.8512
8.8536
8.856
8.8584
8.8608
8.8632
8.8656
8.868
8.8704
8.8728
8.8752
8.8776
8.88
8.8824
8.8848
8.8872
8.8896
8.892
8.8944
8.8968
8.8992
8.9016
8.904
8.9064
8.9088
8.9112
8.9136
8.916
8.9184
8.9208
8.9232
8.9256
8.928
8.9304
8.9328
8.9352
8.9376
8.94
8.9424
8.9448
8.9472
8.9496
8.952
8.9544
8.9568
8.9592
8.9616
8.964
8.9664
8.9688
8.9712
8.9736
8.976
8.9784
8.9808
8.9832
8.9856
8.988
8.9904
8.9928
8.9952
8.9976
9
9.0024
9.0048
9.0072
9.0096
9.012
9.0144
9.0168
9.0192
9.0216
9.024
9.0264
9.0288
9.0312
9.0336
9.036
9.0384
9.0408
9.0432
9.0456
9.048
9.0504
9.0528
9.0552
9.0576
9.06
9.0624
9.0648
9.0672
9.0696
9.072
9.0744
9.0768
9.0792
9.0816
9.084
9.0864
9.0888
9.0912
9.0936
9.096
9.0984
9.1008
9.1032
9.1056
9.108
9.1104
9.1128
9.1152
9.1176
9.12
9.1224
9.1248
9.1272
9.1296
9.132
9.1344
9.1368
9.1392
9.1416
9.144
9.1464
9.1488
9.1512
9.1536
9.156
9.1584
9.1608
9.1632
9.1656
9.168
9.1704
9.1728
9.1752
9.1776
9.18
9.1824
9.1848
9.1872
9.1896
9.192
9.1944
9.1968
9.1992
9.2016
9.204
9.2064
9.2088
9.2112
9.2136
9.216
9.2184
9.2208
9.2232
9.2256
9.228
9.2304
9.2328
9.2352
9.2376
9.24
9.2424
9.2448
9.2472
9.2496
9.252
9.2544
9.2568
9.2592
9.2616
9.264
9.2664
9.2688
9.2712
9.2736
9.276
9.2784
9.2808
9.2832
9.2856
9.288
9.2904
9.2928
9.2952
9.2976
9.3
9.3024
9.3048
9.3072
9.3096
9.312
9.3144
9.3168
9.3192
9.3216
9.324
9.3264
9.3288
9.3312
9.3336
9.336
9.3384
9.3408
9.3432
9.3456
9.348
9.3504
9.3528
9.3552
9.3576
9.36
9.3624
9.3648
9.3672
9.3696
9.372
9.3744
9.3768
9.3792
9.3816
9.384
9.3864
9.3888
9.3912
9.3936
9.396
9.3984
9.4008
9.4032
9.4056
9.408
9.4104
9.4128
9.4152
9.4176
9.42
9.4224
9.4248
9.4272
9.4296
9.432
9.4344
9.4368
9.4392
9.4416
9.444
9.4464
9.4488
9.4512
9.4536
9.456
9.4584
9.4608
9.4632
9.4656
9.468
9.4704
9.4728
9.4752
9.4776
9.48
9.4824
9.4848
9.4872
9.4896
9.492
9.4944
9.4968
9.4992
9.5016
9.504
9.5064
9.5088
9.5112
9.5136
9.516
9.5184
9.5208
9.5232
9.5256
9.528
9.5304
9.5328
9.5352
9.5376
9.54
9.5424
9.5448
9.5472
9.5496
9.552
9.5544
9.5568
9.5592
9.5616
9.564
9.5664
9.5688
9.5712
9.5736
9.576
9.5784
9.5808
9.5832
9.5856
9.588
9.5904
9.5928
9.5952
9.5976
9.6
9.6024
9.6048
9.6072
9.6096
9.612
9.6144
9.6168
9.6192
9.6216
9.624
9.6264
9.6288
9.6312
9.6336
9.636
9.6384
9.6408
9.6432
9.6456
9.648
9.6504
9.6528
9.6552
9.6576
9.66
9.6624
9.6648
9.6672
9.6696
9.672
9.6744
9.6768
9.6792
9.6816
9.684
9.6864
9.6888
9.6912
9.6936
9.696
9.6984
9.7008
9.7032
9.7056
9.708
9.7104
9.7128
9.7152
9.7176
9.72
9.7224
9.7248
9.7272
9.7296
9.732
9.7344
9.7368
9.7392
9.7416
9.744
9.7464
9.7488
9.7512
9.7536
9.756
9.7584
9.7608
9.7632
9.7656
9.768
9.7704
9.7728
9.7752
9.7776
9.78
9.7824
9.7848
9.7872
9.7896
9.792
9.7944
9.7968
9.7992
9.8016
9.804
9.8064
9.8088
9.8112
9.8136
9.816
9.8184
9.8208
9.8232
9.8256
9.828
9.8304
9.8328
9.8352
9.8376
9.84
9.8424
9.8448
9.8472
9.8496
9.852
9.8544
9.8568
9.8592
9.8616
9.864
9.8664
9.8688
9.8712
9.8736
9.876
9.8784
9.8808
9.8832
9.8856
9.888
9.8904
9.8928
9.8952
9.8976
9.9
9.9024
9.9048
9.9072
9.9096
9.912
9.9144
9.9168
9.9192
9.9216
9.924
