0.1 -2.19128e-32 200 -1.24345e-14 2.19128e-32 -200 1.24345e-14
0.2 4.38256e-32 400 -3.37508e-14 -4.38256e-32 -400 3.37508e-14
0.3 -7.0121e-31 600 4.05009e-13 7.0121e-31 -600 -4.05009e-13
0.4 -5.25907e-31 800 7.81597e-14 5.25907e-31 -800 -7.81597e-14
0.5 7.0121e-31 1000 -2.55795e-13 -7.0121e-31 -1000 2.55795e-13
0.6 -9.64163e-31 1200 -5.68434e-14 9.64163e-31 -1200 5.68434e-14
0.7 -5.84341e-32 1400 -1.27898e-13 5.84341e-32 -1400 1.27898e-13
0.8 2.92171e-32 1600 -9.9476e-14 -2.92171e-32 -1600 9.9476e-14
0.9 1.63616e-30 1800 3.2685e-13 -1.63616e-30 -1800 -3.2685e-13
1 -6.71993e-31 2000 9.9476e-14 6.71993e-31 -2000 -9.9476e-14
0.005 1.03256e-05 2000 -0.00446914 -1.03256e-05 -2000 8.46597e-06
0.01 5.15862e-05 2000 -0.0223012 -5.15862e-05 -2000 1.59632e-05
0.015 0.000134061 2000 -0.0579274 -0.000134061 -2000 1.29724e-05
0.02 0.000257735 2000 -0.111352 -0.000257735 -2000 1.05438e-05
0.025 0.000422623 2000 -0.182582 -0.000422623 -2000 8.56914e-06
0.03 0.000628778 2000 -0.271639 -0.000628778 -2000 6.96801e-06
0.035 0.000876271 2000 -0.378555 -0.000876271 -2000 5.67128e-06
0.04 0.00116515 2000 -0.50335 -0.00116515 -2000 4.62251e-06
0.045 0.00149542 2000 -0.646025 -0.00149542 -2000 3.77591e-06
0.05 0.001867 2000 -0.806546 -0.001867 -2000 3.09424e-06
0.055 0.00227974 2000 -0.984848 -0.00227974 -2000 2.54725e-06
0.06 0.00273352 2000 -1.18088 -0.00273352 -2000 2.11036e-06
0.065 0.00322844 2000 -1.39469 -0.00322844 -2000 1.76363e-06
0.07 0.00376484 2000 -1.62641 -0.00376484 -2000 1.4909e-06
0.075 0.00434328 2000 -1.8763 -0.00434328 -2000 1.27914e-06
0.08 0.00496451 2000 -2.14467 -0.00496451 -2000 1.11784e-06
0.085 0.0056293 2000 -2.43186 -0.0056293 -2000 9.98502e-07
0.09 0.00633834 2000 -2.73816 -0.00633834 -2000 9.14286e-07
0.095 0.00709194 2000 -3.06372 -0.00709194 -2000 8.5958e-07
0.1 0.00788994 2000 -3.40846 -0.00788994 -2000 8.29698e-07
0.105 0.00873195 2000 -3.7722 -0.00873195 -2000 8.20715e-07
0.11 0.00961783 2000 -4.1549 -0.00961783 -2000 8.29453e-07
0.115 0.0105483 2000 -4.55685 -0.0105483 -2000 8.5355e-07
0.12 0.0115253 2000 -4.97893 -0.0115253 -2000 8.91585e-07
0.125 0.0125523 2000 -5.42259 -0.0125523 -2000 9.43087e-07
0.13 0.0136331 2000 -5.8895 -0.0136331 -2000 1.00827e-06
0.135 0.0147711 2000 -6.38112 -0.0147711 -2000 1.08746e-06
0.14 0.0159682 2000 -6.89827 -0.0159682 -2000 1.18066e-06
0.145 0.017225 2000 -7.44119 -0.017225 -2000 1.28724e-06
0.15 0.0185413 2000 -8.00983 -0.0185413 -2000 1.40632e-06
0.155 0.0199172 2000 -8.60421 -0.0199172 -2000 1.53689e-06
0.16 0.0213537 2000 -9.22479 -0.0213537 -2000 1.67858e-06
0.165 0.0228535 2000 -9.87269 -0.0228535 -2000 1.83231e-06
0.17 0.0244206 2000 -10.5497 -0.0244206 -2000 1.99965e-06
0.175 0.0260604 2000 -11.2581 -0.0260604 -2000 2.18337e-06
0.18 0.0277779 2000 -12 -0.0277779 -2000 2.38658e-06
0.185 0.029578 2000 -12.7777 -0.029578 -2000 2.61169e-06
0.19 0.0314652 2000 -13.593 -0.0314652 -2000 2.86116e-06
0.195 0.0334445 2000 -14.448 -0.0334445 -2000 3.13751e-06
0.2 0.0355225 2000 -15.3457 -0.0355225 -2000 3.44431e-06
0.205 0.0377084 2000 -16.29 -0.0377084 -2000 3.78739e-06
0.21 0.0400175 2000 -17.2876 -0.0400175 -2000 4.17703e-06
0.215 0.0424723 2000 -18.3481 -0.0424723 -2000 4.63076e-06
0.22 0.0450984 2000 -19.4825 -0.0450984 -2000 5.17177e-06
0.225 0.047918 2000 -20.7006 -0.047918 -2000 5.82306e-06
0.23 0.0509439 2000 -22.0078 -0.0509439 -2000 6.59981e-06
0.235 0.0541752 2000 -23.4037 -0.0541752 -2000 7.50205e-06
0.24 0.0575969 2000 -24.8819 -0.0575969 -2000 8.51062e-06
0.245 0.0611849 2000 -26.4319 -0.0611849 -2000 9.59024e-06
0.25 0.064913 2000 -28.0424 -0.064913 -2000 1.06999e-05
0.255 0.0687616 2000 -29.705 -0.0687616 -2000 1.18065e-05
0.26 0.0727233 2000 -31.4165 -0.0727233 -2000 1.28971e-05
0.265 0.0768044 2000 -33.1795 -0.0768044 -2000 1.39822e-05
0.27 0.0810208 2000 -35.001 -0.0810208 -2000 1.50913e-05
0.275 0.0853936 2000 -36.89 -0.0853936 -2000 1.62629e-05
0.28 0.0899432 2000 -38.8555 -0.0899432 -2000 1.75351e-05
0.285 0.0946868 2000 -40.9047 -0.0946868 -2000 1.89388e-05
0.29 0.099638 2000 -43.0436 -0.099638 -2000 2.04955e-05
0.295 0.104809 2000 -45.2773 -0.104809 -2000 2.22213e-05
0.3 0.110211 2000 -47.611 -0.110211 -2000 2.41317e-05
0.305 0.115859 2000 -50.0512 -0.115859 -2000 2.62473e-05
0.31 0.121773 2000 -52.6059 -0.121773 -2000 2.85971e-05
0.315 0.127975 2000 -55.2851 -0.127975 -2000 3.12223e-05
0.32 0.134491 2000 -58.1001 -0.134491 -2000 3.41743e-05
0.325 0.141346 2000 -61.0617 -0.141346 -2000 3.75056e-05
0.33 0.148561 2000 -64.1783 -0.148561 -2000 4.12589e-05
0.335 0.156148 2000 -67.4559 -0.156148 -2000 4.54597e-05
0.34 0.164115 2000 -70.8977 -0.164115 -2000 5.01157e-05
0.345 0.172467 2000 -74.5059 -0.172467 -2000 5.52233e-05
0.35 0.181208 2000 -78.2819 -0.181208 -2000 6.0776e-05
0.355 0.190339 2000 -82.2265 -0.190339 -2000 6.67651e-05
0.36 0.199858 2000 -86.3386 -0.199858 -2000 7.31717e-05
0.365 0.209756 2000 -90.6149 -0.209756 -2000 7.99586e-05
0.37 0.220025 2000 -95.0509 -0.220025 -2000 8.70766e-05
0.375 0.230655 2000 -99.6432 -0.230655 -2000 9.44831e-05
0.38 0.241643 2000 -104.39 -0.241643 -2000 0.000102156
0.385 0.252984 2000 -109.289 -0.252984 -2000 0.000110082
0.39 0.264663 2000 -114.334 -0.264663 -2000 0.000118216
0.395 0.276638 2000 -119.508 -0.276638 -2000 0.000126415
0.4 0.288834 2000 -124.777 -0.288834 -2000 0.000134385
0.405 0.301133 2000 -130.09 -0.301133 -2000 0.000141657
0.41 0.313379 2000 -135.38 -0.313379 -2000 0.000147616
0.415 0.325385 2000 -140.566 -0.325385 -2000 0.000151588
0.42 0.336955 2000 -145.565 -0.336955 -2000 0.000152967
0.425 0.347903 2000 -150.294 -0.347903 -2000 0.00015138
0.43 0.358085 2000 -154.693 -0.358085 -2000 0.000146753
0.435 0.367435 2000 -158.732 -0.367435 -2000 0.000139475
0.44 0.375976 2000 -162.422 -0.375976 -2000 0.000130261
0.445 0.383826 2000 -165.813 -0.383826 -2000 0.00012005
0.45 0.391183 2000 -168.991 -0.391183 -2000 0.000109811
0.455 0.398305 2000 -172.068 -0.398305 -2000 0.000100414
0.46 0.405472 2000 -175.164 -0.405472 -2000 9.25822e-05
0.465 0.412947 2000 -178.393 -0.412947 -2000 8.68812e-05
0.47 0.42093 2000 -181.842 -0.42093 -2000 8.36833e-05
0.475 0.429517 2000 -185.551 -0.429517 -2000 8.30913e-05
0.48 0.438691 2000 -189.515 -0.438691 -2000 8.48611e-05
0.485 0.448341 2000 -193.683 -0.448341 -2000 8.83878e-05
0.49 0.458285 2000 -197.979 -0.458285 -2000 9.27907e-05
0.495 0.46831 2000 -202.31 -0.46831 -2000 9.70753e-05
0.5 0.478187 2000 -206.577 -0.478187 -2000 0.000100301
0.505 0.48768 2000 -210.678 -0.48768 -2000 0.000101685
0.51 0.496538 2000 -214.505 -0.496538 -2000 0.000100637
0.515 0.504485 2000 -217.938 -0.504485 -2000 9.67666e-05
0.52 0.511212 2000 -220.844 -0.511212 -2000 8.99413e-05
0.525 0.516392 2000 -223.081 -0.516392 -2000 8.04139e-05
0.53 0.519728 2000 -224.523 -0.519728 -2000 6.89968e-05
0.535 0.521018 2000 -225.08 -0.521018 -2000 5.71059e-05
0.54 0.520121 2000 -224.693 -0.520121 -2000 0.000138465
0.545 0.517014 2000 -223.35 -0.517014 -2000 0.000216326
0.55 0.511922 2000 -221.15 -0.511922 -2000 0.000176375
0.555 0.505166 2000 -218.232 -0.505166 -2000 0.0001436
0.56 0.497107 2000 -214.75 -0.497107 -2000 0.000116637
0.565 0.488096 2000 -210.858 -0.488096 -2000 9.47367e-05
0.57 0.478418 2000 -206.677 -0.478418 -2000 7.69486e-05
0.575 0.468244 2000 -202.282 -0.468244 -2000 6.25005e-05
0.58 0.457635 2000 -197.698 -0.457635 -2000 5.07651e-05
0.585 0.446584 2000 -192.924 -0.446584 -2000 4.12333e-05
0.59 0.435095 2000 -187.961 -0.435095 -2000 3.34911e-05
0.595 0.423245 2000 -182.842 -0.423245 -2000 2.72027e-05
0.6 0.411222 2000 -177.648 -0.411222 -2000 2.2095e-05
0.605 0.399313 2000 -172.503 -0.399313 -2000 1.79464e-05
0.61 0.38784 2000 -167.547 -0.38784 -2000 1.45767e-05
0.615 0.377081 2000 -162.899 -0.377081 -2000 1.18397e-05
0.62 0.367217 2000 -158.638 -0.367217 -2000 9.61661e-06
0.625 0.35833 2000 -154.799 -0.35833 -2000 7.81095e-06
0.63 0.350397 2000 -151.372 -0.350397 -2000 6.34433e-06
0.635 0.343291 2000 -148.302 -0.343291 -2000 5.15308e-06
0.64 0.336775 2000 -145.487 -0.336775 -2000 4.18552e-06
0.645 0.330508 2000 -142.779 -0.330508 -2000 3.39962e-06
0.65 0.32405 2000 -139.99 -0.32405 -2000 2.76129e-06
0.655 0.31687 2000 -136.888 -0.31687 -2000 2.24282e-06
0.66 0.308372 2000 -133.217 -0.308372 -2000 1.82169e-06
0.665 0.297959 2000 -128.718 -0.297959 -2000 1.47963e-06
0.67 0.28515 2000 -123.185 -0.28515 -2000 1.20179e-06
0.675 0.269694 2000 -116.508 -0.269694 -2000 9.76108e-07
0.68 0.251616 2000 -108.698 -0.251616 -2000 4.71302e-07
0.685 0.231225 2000 -99.8892 -0.231225 -2000 8.50489e-06
0.69 0.209056 2000 -90.3121 -0.209056 -2000 1.93677e-05
0.695 0.185807 2000 -80.2688 -0.185807 -2000 1.57274e-05
0.7 0.162268 2000 -70.0997 -0.162268 -2000 1.27704e-05
0.705 0.139238 2000 -60.1509 -0.139238 -2000 1.03687e-05
0.71 0.117466 2000 -50.7451 -0.117466 -2000 -2.14011e-06
0.715 0.0975647 2000 -42.148 -0.0975647 -2000 -3.43013e-06
0.72 0.0799679 2000 -34.5461 -0.0799679 -2000 -2.21069e-05
0.725 0.064921 2000 -28.0458 -0.064921 -2000 -3.31064e-05
0.73 0.0525548 2000 -22.7036 -0.0525548 -2000 -6.42433e-05
0.735 0.0429607 2000 -18.559 -0.0429607 -2000 -6.06886e-05
0.74 0.0361887 2000 -15.6334 -0.0361887 -2000 -9.8412e-05
0.745 0.0321878 2000 -13.905 -0.0321878 -2000 -9.03182e-05
0.75 0.0307451 2000 -13.2818 -0.0307451 -2000 -9.27869e-05
0.755 0.0314415 2000 -13.5826 -0.0314415 -2000 -8.33959e-05
0.76 0.0336526 2000 -14.5379 -0.0336526 -2000 -7.20232e-05
0.765 0.0365961 2000 -15.8095 -0.0365961 -2000 -5.84999e-05
0.77 0.0394088 2000 -17.0246 -0.0394088 -2000 -4.75157e-05
0.775 0.0412169 2000 -17.8057 -0.0412169 -2000 -3.8594e-05
0.78 0.0412071 2000 -17.8014 -0.0412071 -2000 -3.13475e-05
0.785 0.0387041 2000 -16.7201 -0.0387041 -2000 -2.54615e-05
0.79 0.0332444 2000 -14.3616 -0.0332444 -2000 -2.06808e-05
0.795 0.0246468 2000 -10.6473 -0.0246468 -2000 -0.000127291
0.8 0.0129791 2000 -5.60655 -0.0129791 -2000 -0.000400734
0.805 -0.00147338 2000 0.637595 0.00147338 -2000 -0.00109249
0.81 -0.0182472 1999.99 7.88588 0.0182472 -1999.99 -0.00308765
0.815 -0.0362837 1999.98 15.6822 0.0362837 -1999.98 -0.00760943
0.82 -0.0560779 1999.98 24.2331 0.0560779 -1999.98 -0.0074357
0.825 -0.0773832 1999.99 33.4357 0.0773832 -1999.99 -0.00613238
0.83 -0.0999228 1999.99 43.1717 0.0999228 -1999.99 -0.00508618
0.835 -0.123419 1999.99 53.3214 0.123419 -1999.99 -0.00424681
0.84 -0.147597 1999.99 63.7654 0.147597 -1999.99 -0.00357306
0.845 -0.172191 1999.99 74.3895 0.172191 -1999.99 -0.00303124
0.85 -0.196971 2000 85.094 0.196971 -2000 -0.00259408
0.855 -0.221766 2000 95.8052 0.221766 -2000 -0.00223986
0.86 -0.24649 2000 106.486 0.24649 -2000 -0.00195173
0.865 -0.271164 2000 117.145 0.271164 -2000 -0.00171703
0.87 -0.295914 2000 127.836 0.295914 -2000 -0.00152667
0.875 -0.320926 2000 138.641 0.320926 -2000 -0.00137412
0.88 -0.346358 2000 149.628 0.346358 -2000 -0.00125421
0.885 -0.372249 2000 160.813 0.372249 -2000 -0.00116184
0.89 -0.398452 2000 172.132 0.398452 -2000 -0.00109112
0.895 -0.424596 2000 183.427 0.424596 -2000 -0.00103484
0.9 -0.450119 2000 194.452 0.450119 -2000 -0.000984726
0.905 -0.474423 2000 204.952 0.474423 -2000 -0.000933227
0.91 -0.497103 2000 214.749 0.497103 -2000 -0.000875974
0.915 -0.518124 2000 223.83 0.518124 -2000 -0.000813203
0.92 -0.537925 2000 232.384 0.537925 -2000 -0.000749325
0.925 -0.557392 2000 240.794 0.557392 -2000 -0.000691394
0.93 -0.57769 2000 249.563 0.57769 -2000 -0.000647584
0.935 -0.599957 2000 259.182 0.599957 -2000 -0.000625949
0.94 -0.62498 2000 269.992 0.62498 -2000 -0.000632906
0.945 -0.653 2000 282.097 0.653 -2000 -0.000671012
0.95 -0.683673 2000 295.347 0.683673 -2000 -0.00073656
0.955 -0.716143 2000 309.375 0.716143 -2000 -0.000818542
0.96 -0.749196 2000 323.654 0.749196 -2000 -0.000900183
0.965 -0.781428 2000 337.578 0.781428 -2000 -0.00096261
0.97 -0.811411 2000 350.531 0.811411 -2000 -0.000989958
0.975 -0.837849 2000 361.952 0.837849 -2000 -0.000973427
0.98 -0.859678 2000 371.382 0.859678 -2000 -0.000912971
0.985 -0.876092 2000 378.473 0.876092 -2000 -0.000817198
0.99 -0.886485 2000 382.962 0.886485 -2000 -0.000700127
0.995 -0.890364 2000 384.638 0.890364 -2000 -0.000578817
1 -0.887019 2000 383.193 0.887019 -2000 -0.00128204
1.005 -0.875682 1999.99 378.297 0.875682 -1999.99 -0.00189523
1.01 -0.856033 1999.99 369.808 0.856033 -1999.99 -0.00153937
1.015 -0.82793 1999.99 357.667 0.82793 -1999.99 -0.00125033
1.02 -0.791387 2000 341.88 0.791387 -2000 -0.00101557
1.025 -0.746472 2000 322.477 0.746472 -2000 -0.00082488
1.03 -0.693263 2000 299.49 0.693263 -2000 -0.000669997
1.035 -0.631907 2000 272.984 0.631907 -2000 -0.000544196
1.04 -0.562702 2000 243.088 0.562702 -2000 -0.000439869
1.045 -0.486142 2000 210.014 0.486142 -2000 -0.000357108
1.05 -0.402915 2000 174.06 0.402915 -2000 -0.000290055
1.055 -0.313857 2000 135.586 0.313857 -2000 -0.000235592
1.06 -0.219856 2000 94.9778 0.219856 -2000 -0.000191355
1.065 -0.121745 2000 52.594 0.121745 -2000 -0.000155425
1.07 -0.0202465 2000 8.74659 0.0202465 -2000 -0.00012624
1.075 0.0839993 2000 -36.2876 -0.0839993 -2000 -0.000102535
1.08 0.190348 2000 -82.2301 -0.190348 -2000 -6.79971e-05
1.085 0.298074 2000 -128.768 -0.298074 -2000 -2.34191e-05
1.09 0.406268 2000 -175.508 -0.406268 -2000 8.04151e-05
1.095 0.513436 1999.98 -221.808 -0.513436 -1999.98 0.00366177
1.1 0.613135 1999.9 -264.931 -0.613135 -1999.9 0.0560558
1.105 0.707734 1999.87 -305.814 -0.707734 -1999.87 0.0726262
1.11 0.798309 1999.9 -344.93 -0.798309 -1999.9 0.0606629
1.115 0.884023 1999.92 -381.949 -0.884023 -1999.92 0.0507868
1.12 0.964359 1999.93 -416.646 -0.964359 -1999.93 0.0425916
1.125 1.03918 1999.94 -448.963 -1.03918 -1999.94 0.0357636
1.13 1.10871 1999.95 -478.994 -1.10871 -1999.95 0.0300602
1.135 1.17344 1999.96 -506.952 -1.17344 -1999.96 0.0253347
1.14 1.23402 1999.97 -533.12 -1.23402 -1999.97 0.0214226
1.145 1.29108 1999.98 -557.766 -1.29108 -1999.98 0.0181465
1.15 1.34497 1999.98 -581.045 -1.34497 -1999.98 0.0154043
1.155 1.39558 1999.98 -602.906 -1.39558 -1999.98 0.0131023
1.16 1.44223 1999.99 -623.056 -1.44223 -1999.99 0.0111526
1.165 1.48375 1999.99 -640.989 -1.48375 -1999.99 0.00947589
1.17 1.51864 1999.99 -656.062 -1.51864 -1999.99 0.00800728
1.175 1.54535 1999.99 -667.597 -1.54535 -1999.99 0.00670282
1.18 1.56246 1999.99 -674.99 -1.56246 -1999.99 0.00554281
1.185 1.569 2000 -677.813 -1.569 -2000 0.00453025
1.19 1.56413 1999.99 -675.71 -1.56413 -1999.99 0.00586893
1.195 1.54741 1999.98 -668.489 -1.54741 -1999.98 0.00688104
1.2 1.51947 1999.99 -656.415 -1.51947 -1999.99 0.00558903
1.205 1.48113 1999.99 -639.851 -1.48113 -1999.99 0.00453961
1.21 1.43321 1999.99 -619.149 -1.43321 -1999.99 0.00368724
1.215 1.37621 1999.99 -594.525 -1.37621 -1999.99 0.00299491
1.22 1.31027 1999.99 -566.038 -1.31027 -1999.99 0.00243257
1.225 1.23535 2000 -533.674 -1.23535 -2000 0.00197583
1.23 1.15166 2000 -497.52 -1.15166 -2000 0.00160484
1.235 1.06003 2000 -457.935 -1.06003 -2000 0.00130351
1.24 0.962047 2000 -415.605 -0.962047 -2000 0.00105876
1.245 0.859849 2000 -371.456 -0.859849 -2000 0.00085996
1.25 0.755757 2000 -326.488 -0.755757 -2000 0.000698491
1.255 0.651916 2000 -281.628 -0.651916 -2000 0.00056734
1.26 0.550078 2000 -237.634 -0.550078 -2000 0.000460814
1.265 0.451515 2000 -195.055 -0.451515 -2000 0.00037429
1.27 0.357047 2000 -154.245 -0.357047 -2000 0.000299067
1.275 0.267166 2000 -115.416 -0.267166 -2000 0.000242441
1.28 0.182174 2000 -78.6993 -0.182174 -2000 0.000196919
1.285 0.102291 2000 -44.1899 -0.102291 -2000 0.000159944
1.29 0.0276898 2000 -11.9621 -0.0276898 -2000 0.000129911
1.295 -0.0415474 2000 17.9484 0.0415474 -2000 0.000105518
1.3 -0.105591 2000 45.6152 0.105591 -2000 8.57049e-05
1.305 -0.165118 2000 71.3311 0.165118 -2000 6.96122e-05
1.31 -0.221491 2000 95.6839 0.221491 -2000 5.65411e-05
1.315 -0.276689 2000 119.53 0.276689 -2000 4.59243e-05
1.32 -0.333013 2000 143.862 0.333013 -2000 3.7301e-05
1.325 -0.39261 2000 169.607 0.39261 -2000 -1.32979e-06
1.33 -0.456972 2000 197.412 0.456972 -2000 3.24722e-05
1.335 -0.526555 2000 227.472 0.526555 -2000 7.17892e-05
1.34 -0.600569 2000 259.446 0.600569 -2000 5.82722e-05
1.345 -0.677013 2000 292.469 0.677013 -2000 -2.59884e-05
1.35 -0.753031 2000 325.31 0.753031 -2000 -0.000221844
1.355 -0.825419 1999.99 356.582 0.825419 -1999.99 -0.000896358
1.36 -0.89093 1999.98 384.885 0.89093 -1999.98 -0.0038015
1.365 -0.945997 1999.95 408.694 0.945997 -1999.95 -0.0235769
1.37 -0.990187 1999.94 427.795 0.990187 -1999.94 -0.0339719
1.375 -1.02511 1999.95 442.875 1.02511 -1999.95 -0.0279191
1.38 -1.0509 1999.96 454.011 1.0509 -1999.96 -0.0228667
1.385 -1.06807 1999.97 461.424 1.06807 -1999.97 -0.0186666
1.39 -1.07739 1999.97 465.449 1.07739 -1999.97 -0.0151964
1.395 -1.07971 1999.98 466.445 1.07971 -1999.98 -0.0123497
1.4 -1.0754 1999.98 464.586 1.0754 -1999.98 -0.0133174
1.405 -1.06499 1999.98 460.088 1.06499 -1999.98 -0.0128167
1.41 -1.04927 1999.98 453.295 1.04927 -1999.98 -0.0104102
1.415 -1.02935 1999.98 444.689 1.02935 -1999.98 -0.00845551
1.42 -1.00687 1999.99 434.973 1.00687 -1999.99 -0.00686788
1.425 -0.983977 1999.99 425.084 0.983977 -1999.99 -0.00557834
1.43 -0.963213 1999.99 416.113 0.963213 -1999.99 -0.00453093
1.435 -0.947139 1999.99 409.168 0.947139 -1999.99 -0.00368019
1.44 -0.938024 1999.99 405.229 0.938024 -1999.99 -0.00298918
1.445 -0.937591 2000 405.042 0.937591 -2000 -0.00242792
1.45 -0.946918 2000 409.071 0.946918 -2000 -0.00197205
1.455 -0.966445 2000 417.506 0.966445 -2000 -0.00160177
1.46 -0.996054 2000 430.297 0.996054 -2000 -0.00130101
1.465 -1.03515 2000 447.186 1.03515 -2000 -0.00105646
1.47 -1.08244 1999.99 467.607 1.08244 -1999.99 0.00599344
1.475 -1.13253 1999.96 489.27 1.13253 -1999.96 -0.0182171
1.48 -1.18697 1999.97 512.784 1.18697 -1999.97 -0.0154076
1.485 -1.24325 1999.97 537.095 1.24325 -1999.97 -0.0131936
1.49 -1.29857 1999.98 560.995 1.29857 -1999.98 -0.011399
1.495 -1.35032 1999.98 583.346 1.35032 -1999.98 -0.00988026
1.5 -1.39655 1999.99 603.318 1.39655 -1999.99 -0.0085401
1.505 -1.43656 1999.99 620.6 1.43656 -1999.99 -0.00733191
1.51 -1.47105 1999.99 635.501 1.47105 -1999.99 -0.00624877
1.515 -1.50208 1999.99 648.906 1.50208 -1999.99 -0.00530339
1.52 -1.5326 1999.99 662.086 1.5326 -1999.99 -0.00451205
1.525 -1.5659 1999.99 676.471 1.5659 -1999.99 -0.00389041
1.53 -1.60518 2000 693.44 1.60518 -2000 -0.00345845
1.535 -1.65316 2000 714.167 1.65316 -2000 -0.00324603
1.54 -1.71187 2000 739.533 1.71187 -2000 -0.0032921
1.545 -1.78251 2000 770.046 1.78251 -2000 -0.00358396
1.55 -1.86535 2000 805.835 1.86535 -2000 -0.00413618
1.555 -1.95996 2000 846.708 1.95996 -2000 -0.00498838
1.56 -2.06539 2000 892.254 2.06539 -2000 -0.00611086
1.565 -2.18045 2000 941.962 2.18045 -2000 -0.00745447
1.57 -2.30387 2000 995.281 2.30387 -2000 -0.00895951
1.575 -2.43424 2000 1051.6 2.43424 -2000 -0.0105589
1.58 -2.56979 2000 1110.16 2.56979 -2000 -0.0121703
1.585 -2.70824 2000 1169.97 2.70824 -2000 -0.0136895
1.59 -2.8467 2000 1229.79 2.8467 -2000 -0.0149908
1.595 -2.98179 2000 1288.15 2.98179 -2000 -0.015939
1.6 -3.10996 2000 1343.52 3.10996 -2000 -0.0164137
1.605 -3.22777 2000 1394.41 3.22777 -2000 -0.0163409
1.61 -3.33223 2000 1439.54 3.33223 -2000 -0.0157126
1.615 -3.42085 2000 1477.82 3.42085 -2000 -0.014587
1.62 -3.49162 2000 1508.39 3.49162 -2000 -0.0130779
1.625 -3.54291 2000 1530.55 3.54291 -2000 -0.01136
1.63 -3.5734 2000 1543.72 3.5734 -2000 -0.00957444
1.635 -3.582 2000 1547.43 3.582 -2000 -0.00785629
1.64 -3.56664 1999.98 1540.81 3.56664 -1999.98 -0.0176089
1.645 -3.52643 1999.96 1523.44 3.52643 -1999.96 -0.0246117
1.65 -3.46217 1999.97 1495.68 3.46217 -1999.97 -0.0199905
1.655 -3.37556 1999.97 1458.26 3.37556 -1999.97 -0.016237
1.66 -3.26924 1999.98 1412.32 3.26924 -1999.98 -0.0131883
1.665 -3.14641 1999.98 1359.26 3.14641 -1999.98 -0.010712
1.67 -3.01059 1999.99 1300.58 3.01059 -1999.99 -0.00870071
1.675 -2.86532 1999.99 1237.83 2.86532 -1999.99 -0.00706703
1.68 -2.7141 1999.99 1172.5 2.7141 -1999.99 -0.0057401
1.685 -2.56028 1999.99 1106.04 2.56028 -1999.99 -0.00466232
1.69 -2.40697 1999.99 1039.82 2.40697 -1999.99 -0.0037869
1.695 -2.25692 2000 974.994 2.25692 -2000 -0.00307586
1.7 -2.1122 2000 912.474 2.1122 -2000 -0.00249833
1.705 -1.97391 2000 852.729 1.97391 -2000 -0.00202889
1.71 -1.84207 2000 795.776 1.84207 -2000 -0.00163191
1.715 -1.71591 2000 741.275 1.71591 -2000 -0.0013303
1.72 -1.59434 2000 688.754 1.59434 -2000 -0.00108662
1.725 -1.4764 2000 637.807 1.4764 -2000 -0.00088259
1.73 -1.36146 2000 588.151 1.36146 -2000 -0.00071687
1.735 -1.249 2000 539.568 1.249 -2000 -0.000582266
1.74 -1.13856 2000 491.86 1.13856 -2000 -0.000472936
1.745 -1.02976 2000 444.856 1.02976 -2000 -0.000384134
1.75 -0.922358 2000 398.459 0.922358 -2000 -0.000312006
1.755 -0.816297 2000 352.64 0.816297 -2000 -0.000253421
1.76 -0.711475 2000 307.358 0.711475 -2000 -0.000205837
1.765 -0.607532 2000 262.454 0.607532 -2000 -0.000167187
1.77 -0.503679 2000 217.59 0.503679 -2000 -0.000135794
1.775 -0.398712 2000 172.244 0.398712 -2000 -0.000110295
1.78 -0.29132 2000 125.85 0.29132 -2000 -8.95841e-05
1.785 -0.180608 2000 78.0228 0.180608 -2000 -7.27619e-05
1.79 -0.0666358 2000 28.7867 0.0666358 -2000 -5.90981e-05
1.795 0.0493098 2000 -21.3018 -0.0493098 -2000 -4.79999e-05
1.8 0.16483 2000 -71.2066 -0.16483 -2000 -3.89854e-05
1.805 0.276901 2000 -119.622 -0.276901 -2000 0.000162402
1.81 0.382531 2000 -165.253 -0.382531 -2000 0.000101082
1.815 0.479212 2000 -207.019 -0.479212 -2000 1.27809e-05
1.82 0.565017 2000 -244.087 -0.565017 -2000 1.04396e-05
1.825 0.638547 2000 -275.852 -0.638547 -2000 8.52366e-06
1.83 0.698958 2000 -301.95 -0.698958 -2000 6.95423e-06
1.835 0.746108 2000 -322.319 -0.746108 -2000 5.66827e-06
1.84 0.780789 2000 -337.301 -0.780789 -2000 4.61528e-06
1.845 0.80487 2000 -347.704 -0.80487 -2000 3.75444e-06
1.85 0.821178 2000 -354.749 -0.821178 -2000 5.4419e-05
1.855 0.833052 2000 -359.879 -0.833052 -2000 0.000144482
1.86 0.843745 2000 -364.498 -0.843745 -2000 4.59974e-05
1.865 0.855873 2000 -369.737 -0.855873 -2000 -5.84392e-05
1.87 0.87123 2000 -376.371 -0.87123 -2000 -9.38543e-05
1.875 0.890911 2000 -384.873 -0.890911 -2000 -7.62174e-05
1.88 0.915471 2000 -395.484 -0.915471 -2000 -6.18835e-05
1.885 0.945 2000 -408.24 -0.945 -2000 -5.02298e-05
1.89 0.979169 2000 -423.001 -0.979169 -2000 -4.07514e-05
1.895 1.01732 2000 -439.481 -1.01732 -2000 -3.30397e-05
1.9 1.05862 2000 -457.324 -1.05862 -2000 -2.6764e-05
1.905 1.10237 2000 -476.226 -1.10237 -2000 0.000267218
1.91 1.14826 2000 -496.049 -1.14826 -2000 -0.000317642
1.915 1.19642 2000 -516.851 -1.19642 -2000 -0.00177065
1.92 1.24717 2000 -538.777 -1.24717 -2000 -0.00199358
1.925 1.3007 2000 -561.9 -1.3007 -2000 -0.000750066
1.93 1.35698 2000 -586.216 -1.35698 -2000 0.0002965
1.935 1.41593 2000 -611.683 -1.41593 -2000 -0.000895351
1.94 1.47791 1999.99 -638.458 -1.47791 -1999.99 0.000163366
1.945 1.54412 1999.98 -667.062 -1.54412 -1999.98 0.00371935
1.95 1.61714 1999.98 -698.608 -1.61714 -1999.98 0.0044699
1.955 1.69797 1999.94 -733.529 -1.69797 -1999.94 0.00651001
1.96 1.78935 1999.92 -773.029 -1.78935 -1999.92 0.0312641
1.965 1.89669 1999.94 -819.398 -1.89669 -1999.94 0.0274428
1.97 2.02191 1999.95 -873.489 -2.02191 -1999.95 0.0250981
1.975 2.16612 1999.96 -935.789 -2.16612 -1999.96 0.0241496
1.98 2.32978 1999.97 -1006.49 -2.32978 -1999.97 0.024521
1.985 2.51269 1999.97 -1085.51 -2.51269 -1999.97 0.0261221
1.99 2.71411 1999.98 -1172.52 -2.71411 -1999.98 0.0288363
1.995 2.93294 1999.98 -1267.06 -2.93294 -1999.98 0.0325217
2 3.1681 1999.98 -1368.66 -3.1681 -1999.98 0.0370304
2.005 3.41877 1999.98 -1476.95 -3.41877 -1999.98 0.0422394
2.01 3.6845 1999.98 -1591.75 -3.6845 -1999.98 0.0480684
2.015 3.96494 1999.99 -1712.91 -3.96494 -1999.99 0.0544669
2.02 4.25949 1999.99 -1840.16 -4.25949 -1999.99 0.0613757
2.025 4.56695 1999.99 -1972.99 -4.56695 -1999.99 0.0686778
2.03 4.8852 1999.99 -2110.48 -4.8852 -1999.99 0.0761597
2.035 5.21127 1999.99 -2251.35 -5.21127 -1999.99 0.0834871
2.04 5.54142 1999.99 -2393.99 -5.54142 -1999.99 0.0902654
2.045 5.8714 1999.99 -2536.54 -5.8714 -1999.99 0.0960474
2.05 6.19671 1999.99 -2677.08 -6.19671 -1999.99 0.100425
2.055 6.51289 1999.99 -2813.67 -6.51289 -1999.99 0.103056
2.06 6.81599 1999.99 -2944.61 -6.81599 -1999.99 0.103735
2.065 7.10324 1999.99 -3068.7 -7.10324 -1999.99 0.102466
2.07 7.3736 1999.99 -3185.49 -7.3736 -1999.99 0.0994893
2.075 7.62766 1999.99 -3295.25 -7.62766 -1999.99 0.0952234
2.08 7.86693 1999.99 -3398.61 -7.86693 -1999.99 0.0901498
2.085 8.09285 1999.99 -3496.19 -8.09285 -1999.99 0.0846639
2.09 8.30603 1999.99 -3588.29 -8.30603 -1999.99 0.0789982
2.095 8.50617 1999.99 -3674.74 -8.50617 -1999.99 0.0732485
2.1 8.69239 1999.99 -3755.18 -8.69239 -1999.99 0.0674364
2.105 8.86399 1999.99 -3829.31 -8.86399 -1999.99 0.0615841
2.11 9.02098 1999.99 -3897.12 -9.02098 -1999.99 0.0557618
2.115 9.16423 1999.99 -3959 -9.16423 -1999.99 0.0500881
2.12 9.29539 1999.99 -4015.65 -9.29539 -1999.99 0.044698
2.125 9.41652 1999.99 -4067.97 -9.41652 -1999.99 0.0397099
2.13 9.52976 2000 -4116.89 -9.52976 -2000 0.0352049
2.135 9.63712 2000 -4163.27 -9.63712 -2000 0.0312222
2.14 9.74035 2000 -4207.86 -9.74035 -2000 0.0277662
2.145 9.84097 2000 -4251.32 -9.84097 -2000 0.0248186
2.15 9.94021 2000 -4294.19 -9.94021 -2000 0.0223468
2.155 10.0388 2000 -4336.79 -10.0388 -2000 0.0203037
2.16 10.1367 2000 -4379.07 -10.1367 -2000 0.0186194
2.165 10.2326 2000 -4420.5 -10.2326 -2000 0.0171929
2.17 10.3243 2000 -4460.12 -10.3243 -2000 0.0158982
2.175 10.4092 2000 -4496.77 -10.4092 -2000 0.0146144
2.18 10.4848 2000 -4529.44 -10.4848 -2000 0.0132645
2.185 10.5499 2000 -4557.56 -10.5499 -2000 0.0118367
2.19 10.604 2000 -4580.94 -10.604 -2000 0.0104046
2.195 10.6474 2000 -4599.67 -10.6474 -2000 0.00900815
2.2 10.6802 2000 -4613.84 -10.6802 -2000 0.00765412
2.205 10.7025 2000 -4623.47 -10.7025 -2000 0.00639121
2.21 10.7138 2000 -4628.37 -10.7138 -2000 0.0052549
2.215 10.7136 2000 -4628.29 -10.7136 -2000 0.00472285
2.22 10.7 1999.99 -4622.4 -10.7 -1999.99 0.0106928
2.225 10.6727 1999.99 -4610.61 -10.6727 -1999.99 0.00868506
2.23 10.6317 2000 -4592.9 -10.6317 -2000 0.00705432
2.235 10.5771 2000 -4569.31 -10.5771 -2000 0.00572978
2.24 10.509 2000 -4539.91 -10.509 -2000 0.00465393
2.245 10.4279 2000 -4504.87 -10.4279 -2000 0.00378009
2.25 10.3348 2000 -4464.64 -10.3348 -2000 0.00307033
2.255 10.2316 2000 -4420.07 -10.2316 -2000 0.00249383
2.26 10.1213 2000 -4372.41 -10.1213 -2000 0.00202558
2.265 10.0071 2000 -4323.08 -10.0071 -2000 0.00164525
2.27 9.89202 2000 -4273.35 -9.89202 -2000 0.00133606
2.275 9.77794 2000 -4224.07 -9.77794 -2000 0.00108155
2.28 9.66558 2000 -4175.53 -9.66558 -2000 0.000878475
2.285 9.55466 2000 -4127.61 -9.55466 -2000 0.000713528
2.29 9.44459 2000 -4080.06 -9.44459 -2000 0.000571366
2.295 9.33493 2000 -4032.69 -9.33493 -2000 0.000455833
2.3 9.22541 2000 -3985.38 -9.22541 -2000 0.000370241
2.305 9.11575 2000 -3938 -9.11575 -2000 0.000300721
2.31 9.00532 2000 -3890.3 -9.00532 -2000 0.000244254
2.315 8.89302 2000 -3841.79 -8.89302 -2000 0.000198389
2.32 8.77728 2000 -3791.79 -8.77728 -2000 0.000160971
2.325 8.65627 2000 -3739.51 -8.65627 -2000 0.000144599
2.33 8.52807 2000 -3684.12 -8.52807 -2000 0.000125255
2.335 8.39061 2000 -3624.74 -8.39061 -2000 0.000101983
2.34 8.24132 2000 -3560.25 -8.24132 -2000 8.23499e-05
2.345 8.07681 2000 -3489.18 -8.07681 -2000 6.67311e-05
2.35 7.8929 2000 -3409.73 -7.8929 -2000 7.03309e-05
2.355 7.68516 2000 -3319.99 -7.68516 -2000 6.71243e-05
2.36 7.44977 2000 -3218.3 -7.44977 -2000 5.44542e-05
2.365 7.1841 2000 -3103.53 -7.1841 -2000 4.39487e-05
2.37 6.88693 2000 -2975.15 -6.88693 -2000 3.5708e-05
2.375 6.55845 2000 -2833.25 -6.55845 -2000 2.90111e-05
2.38 6.20016 2000 -2678.47 -6.20016 -2000 2.35742e-05
2.385 5.81487 2000 -2512.02 -5.81487 -2000 1.91637e-05
2.39 5.40645 2000 -2335.58 -5.40645 -2000 1.55601e-05
2.395 4.97951 2000 -2151.15 -4.97951 -2000 1.26365e-05
2.4 4.53881 2000 -1960.77 -4.53881 -2000 1.02536e-05
2.405 4.08853 2000 -1766.25 -4.08853 -2000 8.31194e-06
2.41 3.63174 2000 -1568.91 -3.63174 -2000 6.73827e-06
2.415 3.17018 2000 -1369.52 -3.17018 -2000 5.45402e-06
2.42 2.70466 2000 -1168.41 -2.70466 -2000 4.40364e-06
2.425 2.23535 2000 -965.672 -2.23535 -2000 3.55003e-06
2.43 1.76203 2000 -761.196 -1.76203 -2000 2.85626e-06
2.435 1.28407 2000 -554.718 -1.28407 -2000 -0.000974607
2.44 0.800501 2000 -345.816 -0.800501 -2000 -0.000711629
2.445 0.309995 2000 -133.918 -0.309995 -2000 0.000627091
2.45 -0.188987 2000 81.6417 0.188987 -2000 0.000657469
2.455 -0.698066 2000 301.564 0.698066 -2000 0.000532186
2.46 -1.2186 2000 526.438 1.2186 -2000 -0.0031694
2.465 -1.75154 1999.99 756.669 1.75154 -1999.99 -0.00265286
2.47 -2.29687 1999.98 992.26 2.29687 -1999.98 -0.0112766
2.475 -2.8538 1999.96 1232.87 2.8538 -1999.96 -0.0287529
2.48 -3.41889 1999.88 1477.03 3.41889 -1999.88 -0.0658553
2.485 -3.98294 1999.69 1720.56 3.98294 -1999.69 0.0637107
2.49 -4.51555 1999.44 1951.83 4.51555 -1999.44 -1.10913
2.495 -5.05256 1999.49 2184.58 5.05256 -1999.49 -1.87553
2.5 -5.59456 1999.58 2418.43 5.59456 -1999.58 -1.58393
2.505 -6.13468 1999.65 2651.53 6.13468 -1999.65 -1.34753
2.51 -6.66957 1999.71 2882.41 6.66957 -1999.71 -1.15502
2.515 -7.1959 1999.76 3109.62 7.1959 -1999.76 -0.997402
2.52 -7.71065 1999.79 3331.87 7.71065 -1999.79 -0.867436
2.525 -8.21128 1999.83 3548.03 8.21128 -1999.83 -0.759351
2.53 -8.69573 1999.85 3757.22 8.69573 -1999.85 -0.6686
2.535 -9.16229 1999.87 3958.7 9.16229 -1999.87 -0.591611
2.54 -9.60943 1999.89 4151.8 9.60943 -1999.89 -0.525568
2.545 -10.0357 1999.91 4335.9 10.0357 -1999.91 -0.468245
2.55 -10.4399 1999.92 4510.45 10.4399 -1999.92 -0.417893
2.555 -10.8209 1999.93 4675.01 10.8209 -1999.93 -0.373169
2.56 -11.1782 1999.94 4829.32 11.1782 -1999.94 -0.333078
2.565 -11.5115 1999.95 4973.27 11.5115 -1999.95 -0.296882
2.57 -11.8209 1999.95 5106.87 11.8209 -1999.95 -0.264061
2.575 -12.1068 1999.96 5230.37 12.1068 -1999.96 -0.234247
2.58 -12.3705 1999.97 5344.27 12.3705 -1999.97 -0.207211
2.585 -12.6139 1999.97 5449.39 12.6139 -1999.97 -0.182822
2.59 -12.8395 1999.97 5546.84 12.8395 -1999.97 -0.161006
2.595 -13.0504 1999.98 5637.94 13.0504 -1999.98 -0.141707
2.6 -13.2498 1999.98 5724.04 13.2498 -1999.98 -0.124848
2.605 -13.4403 1999.98 5806.31 13.4403 -1999.98 -0.110304
2.61 -13.6237 1999.99 5885.53 13.6237 -1999.99 -0.0978667
2.615 -13.8005 1999.99 5961.92 13.8005 -1999.99 -0.0872477
2.62 -13.9702 1999.99 6035.21 13.9702 -1999.99 -0.0781014
2.625 -14.1312 1999.99 6104.75 14.1312 -1999.99 -0.0700706
2.63 -14.2815 1999.99 6169.69 14.2815 -1999.99 -0.0628291
2.635 -14.4191 1999.99 6229.09 14.4191 -1999.99 -0.056113
2.64 -14.5416 1999.99 6282.02 14.5416 -1999.99 -0.0497381
2.645 -14.6469 1999.99 6327.48 14.6469 -1999.99 -0.0435968
2.65 -14.7325 1999.99 6364.46 14.7325 -1999.99 -0.0376498
2.655 -14.7959 2000 6391.86 14.7959 -2000 -0.0319325
2.66 -14.8346 2000 6408.59 14.8346 -2000 -0.0265778
2.665 -14.8462 2000 6413.58 14.8462 -2000 -0.0217566
2.67 -14.8262 1999.96 6405 14.8262 -1999.96 -0.0756504
2.675 -14.7718 1999.94 6381.53 14.7718 -1999.94 -0.115309
2.68 -14.6824 1999.95 6342.88 14.6824 -1999.95 -0.0936579
2.685 -14.5585 1999.96 6289.33 14.5585 -1999.96 -0.0760724
2.69 -14.4028 1999.97 6222.09 14.4028 -1999.97 -0.0617888
2.695 -14.2206 1999.97 6143.34 14.2206 -1999.97 -0.0501871
2.7 -14.0188 1999.98 6056.14 14.0188 -1999.98 -0.0407638
2.705 -13.8057 1999.98 5964.09 13.8057 -1999.98 -0.0331098
2.71 -13.5899 1999.99 5870.88 13.5899 -1999.99 -0.026893
2.715 -13.3791 1999.99 5779.8 13.3791 -1999.99 -0.0218435
2.72 -13.1792 1999.99 5693.45 13.1792 -1999.99 -0.0177421
2.725 -12.9944 1999.99 5613.59 12.9944 -1999.99 -0.0144108
2.73 -12.8266 1999.99 5541.11 12.8266 -1999.99 -0.0117049
2.735 -12.6761 1999.99 5476.1 12.6761 -1999.99 -0.00950718
2.74 -12.5415 2000 5417.95 12.5415 -2000 -0.00772207
2.745 -12.4201 2000 5365.5 12.4201 -2000 -0.00627215
2.75 -12.3085 2000 5317.3 12.3085 -2000 -0.00509447
2.755 -12.2034 2000 5271.86 12.2034 -2000 -0.00413791
2.76 -12.1017 2000 5227.94 12.1017 -2000 -0.00336096
2.765 -12.0014 2000 5184.63 12.0014 -2000 -0.0027299
2.77 -11.9014 2000 5141.41 11.9014 -2000 -0.00221732
2.775 -11.8012 2000 5098.11 11.8012 -2000 -0.00180099
2.78 -11.7009 2000 5054.79 11.7009 -2000 -0.00146283
2.785 -11.6012 2000 5011.72 11.6012 -2000 -0.00118816
2.79 -11.5029 2000 4969.24 11.5029 -2000 -0.000965069
2.795 -11.4069 2000 4927.76 11.4069 -2000 -0.000783864
2.8 -11.3143 2000 4887.76 11.3143 -2000 -0.000636683
2.805 -11.2262 2000 4849.72 11.2262 -2000 -0.000517137
2.81 -11.1439 2000 4814.17 11.1439 -2000 -0.000420038
2.815 -11.0687 2000 4781.69 11.0687 -2000 -0.00034117
2.82 -11.0023 2000 4752.97 11.0023 -2000 -0.000277111
2.825 -10.9464 2000 4728.85 10.9464 -2000 -0.000225079
2.83 -10.9036 2000 4710.38 10.9036 -2000 -0.000182818
2.835 -10.8767 2000 4698.75 10.8767 -2000 -0.000148491
2.84 -10.8687 2000 4695.26 10.8687 -2000 -0.000120571
2.845 -10.8824 2000 4701.2 10.8824 -2000 -9.75634e-05
2.85 -10.9208 2000 4717.78 10.9208 -2000 -7.89979e-05
2.855 -10.9865 2000 4746.15 10.9865 -2000 -6.40969e-05
2.86 -11.0819 2000 4787.39 11.0819 -2000 -5.20436e-05
2.865 -11.2094 2000 4842.44 11.2094 -2000 -4.22693e-05
2.87 -11.3704 2000 4912.03 11.3704 -2000 -3.43346e-05
2.875 -11.5661 2000 4996.57 11.5661 -2000 -2.78908e-05
2.88 -11.7968 2000 5096.22 11.7968 -2000 -2.2659e-05
2.885 -12.0626 2000 5211.06 12.0626 -2000 -1.84124e-05
2.89 -12.3641 2000 5341.3 12.3641 -2000 -1.49612e-05
2.895 -12.7023 2000 5487.38 12.7023 -2000 -1.21564e-05
2.9 -13.0789 2000 5650.07 13.0789 -2000 -9.87717e-06
2.905 -13.496 2000 5830.27 13.496 -2000 -8.03131e-06
2.91 -13.9557 2000 6028.88 13.9557 -2000 -6.52747e-06
2.915 -14.4595 2000 6246.52 14.4595 -2000 -5.30552e-06
2.92 -14.9897 1999.73 6476.13 14.9897 -1999.73 -0.561204
2.925 -15.5176 1999.31 6705.08 15.5176 -1999.31 -1.48818
2.93 -16.0861 1999.43 6950.49 16.0861 -1999.43 -1.27961
2.935 -16.692 1999.52 7212.05 16.692 -1999.52 -1.12304
2.94 -17.334 1999.6 7489.3 17.334 -1999.6 -1.00802
2.945 -18.0116 1999.66 7781.93 18.0116 -1999.66 -0.932234
2.95 -18.7246 1999.71 8089.94 18.7246 -1999.71 -0.914362
2.955 -19.4736 1999.75 8413.6 19.4736 -1999.75 -0.993402
2.96 -20.2604 1999.77 8753.64 20.2604 -1999.77 -1.15391
2.965 -21.0874 1999.79 9111.1 21.0874 -1999.79 -1.35071
2.97 -21.9579 1999.8 9487.32 21.9579 -1999.8 -1.50249
2.975 -22.874 1999.8 9883.25 22.874 -1999.8 -1.69173
2.98 -23.8161 1999.87 10293.3 23.8161 -1999.87 -4.76548
2.985 -24.7935 1999.94 10719.2 24.7935 -1999.94 -8.40967
2.99 -25.822 1999.93 11164.5 25.822 -1999.93 -9.43155
2.995 -26.8592 2000.1 11617.8 26.8592 -2000.1 -14.6066
3 -27.9377 2000.21 12086.4 27.9377 -2000.21 -17.3274
3.005 -29.0216 2000.36 12555.6 29.0216 -2000.36 -18.2636
3.01 -30.0678 2000.71 13013.1 30.0678 -2000.71 -23.7898
3.015 -31.1606 2000.72 13484.3 31.1606 -2000.72 -22.9219
3.02 -32.2103 2001.16 13942.4 32.2103 -2001.16 -27.5971
3.025 -33.2188 2001.58 14383.4 33.2188 -2001.58 -32.8664
3.03 -34.2905 2001.21 14840.9 34.2905 -2001.21 -27.3794
3.035 -35.3521 2001.22 15297.9 35.3521 -2001.22 -25.7921
3.04 -36.3367 2001.64 15728 36.3367 -2001.64 -30.5619
3.045 -37.3613 2001.36 16168 37.3613 -2001.36 -27.8898
3.05 -38.4101 2001.02 16616.6 38.4101 -2001.02 -23.4283
3.055 -39.4105 2001.42 17050.2 39.4105 -2001.42 -24.8144
3.06 -40.3858 2001.72 17474.3 40.3858 -2001.72 -27.5939
3.065 -41.3586 2001.58 17895.6 41.3586 -2001.58 -28.7041
3.07 -42.3322 2001.44 18316.4 42.3322 -2001.44 -28.8735
3.075 -43.2783 2001.52 18726.4 43.2783 -2001.52 -30.2099
3.08 -44.183 2001.74 19118.9 44.183 -2001.74 -31.8281
3.085 -45.049 2001.79 19497.4 45.049 -2001.79 -36.2391
3.09 -45.8762 2001.96 19860.9 45.8762 -2001.96 -42.3747
3.095 -46.6973 2001.97 20215.5 46.6973 -2001.97 -42.245
3.1 -47.4537 2002.37 20546.8 47.4537 -2002.37 -46.8284
3.105 -48.1432 2002.93 20856.1 48.1432 -2002.93 -58.2421
3.11 -48.7916 2003.31 21138.5 48.7916 -2003.31 -60.5049
3.115 -49.3913 2003.59 21396.4 49.3913 -2003.59 -59.3406
3.12 -49.958 2003.48 21641.3 49.958 -2003.48 -59.4554
3.125 -50.5007 2003.03 21873.3 50.5007 -2003.03 -56.9371
3.13 -51.015 2002.89 22091.6 51.015 -2002.89 -53.1454
3.135 -51.4878 2002.8 22293.5 51.4878 -2002.8 -50.7441
3.14 -51.9342 2002.27 22484.6 51.9342 -2002.27 -49.0859
3.145 -52.3565 2001.84 22666 52.3565 -2001.84 -47.9565
3.15 -52.7606 2001.43 22838.6 52.7606 -2001.43 -45.9779
3.155 -53.1216 2001.63 22993.2 53.1216 -2001.63 -44.7348
3.16 -53.3722 2001.54 23114.8 53.3722 -2001.54 -58.0324
3.165 -53.5512 2000.94 23207.3 53.5512 -2000.94 -73.2308
3.17 -53.669 2000.77 23269.8 53.669 -2000.77 -84.7548
3.175 -53.7085 2000.49 23298.3 53.7085 -2000.49 -96.2776
3.18 -53.6887 1999.95 23295.4 53.6887 -1999.95 -101.867
3.185 -53.6658 1999.52 23276.4 53.6658 -1999.52 -92.7595
3.19 -53.5549 1999.22 23229.5 53.5549 -1999.22 -93.7896
3.195 -53.3556 1999.19 23145.3 53.3556 -1999.19 -95.6237
3.2 -53.148 1999.42 23046.2 53.148 -1999.42 -86.2531
3.205 -52.907 1999.36 22934 52.907 -1999.36 -78.1653
3.21 -52.6358 1999.13 22809.2 52.6358 -1999.13 -70.5459
3.215 -52.3083 1998.72 22663.8 52.3083 -1998.72 -66.6077
3.22 -51.9807 1998.55 22513.7 51.9807 -1998.55 -58.0703
3.225 -51.643 1998.6 22359.6 51.643 -1998.6 -49.8717
3.23 -51.2887 1998.62 22200.1 51.2887 -1998.62 -43.4144
3.235 -50.9178 1998.62 22034.9 50.9178 -1998.62 -38.3758
3.24 -50.5293 1998.59 21863.2 50.5293 -1998.59 -34.5817
3.245 -50.1211 1998.49 21684.2 50.1211 -1998.49 -31.8827
3.25 -49.7003 1998.62 21497.2 49.7003 -1998.62 -26.6846
3.255 -49.2659 1998.66 21306.5 49.2659 -1998.66 -23.5722
3.26 -48.8213 1998.66 21112 48.8213 -1998.66 -21.1911
3.265 -48.3664 1998.65 20913.7 48.3664 -1998.65 -19.4237
3.27 -48.1014 1999.83 20765.4 48.1014 -1999.83 14.4119
3.275 -47.8214 2000.41 20627.7 47.8214 -2000.41 31.1478
3.28 -47.4778 2000.15 20486.3 47.4778 -2000.15 24.0949
3.285 -47.1595 2000.09 20350.3 47.1595 -2000.09 22.5705
3.29 -47.0418 2000.6 20283.2 47.0418 -2000.6 38.9042
3.295 -46.8617 2000.58 20213.1 46.8617 -2000.58 31.1294
3.3 -46.8057 2001.32 20177 46.8057 -2001.32 43.0293
3.305 -46.8371 2001.97 20178.5 46.8371 -2001.97 55.1356
3.31 -46.802 2001.54 20174.1 46.802 -2001.54 44.313
3.315 -46.772 2001.19 20169.9 46.772 -2001.19 35.6153
3.32 -46.746 2000.9 20165.6 46.746 -2000.9 28.6123
3.325 -46.7228 2000.67 20161.3 46.7228 -2000.67 22.9171
3.33 -46.6961 2000.34 20155.2 46.6961 -2000.34 17.4586
3.335 -46.6711 2000.1 20148.7 46.6711 -2000.1 13.2065
3.34 -46.651 2000.02 20142.8 46.651 -2000.02 10.4499
3.345 -46.6292 1999.91 20135.9 46.6292 -1999.91 7.94553
3.35 -46.6104 1999.89 20129.4 46.6104 -1999.89 6.28622
3.355 -46.5926 1999.87 20123.1 46.5926 -1999.87 4.94545
3.36 -46.5758 1999.86 20116.9 46.5758 -1999.86 3.86578
3.365 -46.5599 1999.86 20110.9 46.5599 -1999.86 2.9996
3.37 -46.545 1999.86 20105.1 46.545 -1999.86 2.30802
3.375 -46.5311 1999.86 20099.7 46.5311 -1999.86 1.75919
3.38 -46.5315 1999.96 20098.3 46.5315 -1999.96 3.31242
3.385 -46.5342 2000.05 20098.6 46.5342 -2000.05 4.1496
3.39 -46.5319 2000.03 20098.4 46.5319 -2000.03 3.33916
3.395 -46.53 2000.02 20098.3 46.53 -2000.02 2.68729
3.4 -46.5284 2000.01 20098.1 46.5284 -2000.01 2.16342
3.405 -46.5271 2000.01 20098 46.5271 -2000.01 1.74304
3.41 -46.5261 2000 20097.9 46.5261 -2000 1.40611
3.415 -46.5253 2000 20097.8 46.5253 -2000 1.13624
3.42 -46.5247 2000 20097.7 46.5247 -2000 0.919956
3.425 -46.5242 2000 20097.7 46.5242 -2000 0.746204
3.43 -46.5157 1999.99 20095.4 46.5157 -1999.99 -0.635595
3.435 -46.4411 1999.96 20067.6 46.4411 -1999.96 -5.04258
3.44 -46.3243 1999.97 20016.1 46.3243 -1999.97 -4.04881
3.445 -46.1504 1999.97 19940.1 46.1504 -1999.97 -3.11623
3.45 -45.9215 1999.96 19840.2 45.9215 -1999.96 -2.10407
3.455 -45.6405 1999.94 19717.4 45.6405 -1999.94 -0.723815
3.46 -45.3122 1999.93 19572.9 45.3122 -1999.93 2.01754
3.465 -44.9361 1999.87 19408.6 44.9361 -1999.87 3.84164
3.47 -44.5224 1999.79 19227.4 44.5224 -1999.79 6.25776
3.475 -44.0777 1999.69 19032.3 44.0777 -1999.69 9.26704
3.48 -43.6091 1999.57 18826.3 43.6091 -1999.57 12.8005
3.485 -43.1235 1999.44 18612.6 43.1235 -1999.44 16.7178
3.49 -42.6277 1999.15 18394.3 42.6277 -1999.15 20.8944
3.495 -42.1296 1998.89 18175 42.1296 -1998.89 25.0107
3.5 -41.6349 1998.78 17957.4 41.6349 -1998.78 28.8269
3.505 -41.1451 1998.68 17742.6 41.1451 -1998.68 32.1014
3.51 -40.6639 1998.74 17530 40.6639 -1998.74 36.7594
3.515 -40.1617 2000.05 17314.6 40.1617 -2000.05 35.2314
3.52 -39.6511 2000.54 17095.6 39.6511 -2000.54 33.6611
3.525 -39.1402 2000.22 16874.6 39.1402 -2000.22 33.951
3.53 -38.6339 1999.97 16656.2 38.6339 -1999.97 33.5833
3.535 -38.1313 1999.79 16440 38.1313 -1999.79 32.6964
3.54 -37.6316 1999.65 16225.4 37.6316 -1999.65 31.4052
3.545 -37.1338 1999.55 16012 37.1338 -1999.55 29.8191
3.55 -36.637 1999.48 15799.2 36.637 -1999.48 28.0362
3.555 -36.1382 1999.51 15585.9 36.1382 -1999.51 25.7909
3.56 -35.6175 2000 15362.8 35.6175 -2000 23.9374
3.565 -35.0705 2000.48 15129.2 35.0705 -2000.48 21.2554
3.57 -34.4783 2001.07 14878.9 34.4783 -2001.07 15.6855
3.575 -33.8803 2000.76 14621.6 33.8803 -2000.76 14.6872
3.58 -33.2775 2000.5 14362.2 33.2775 -2000.5 13.6435
3.585 -32.6701 2000.28 14100.9 32.6701 -2000.28 12.6108
3.59 -32.0594 2000.05 13837.8 32.0594 -2000.05 11.8322
3.595 -31.3934 2001.3 13559 31.3934 -2001.3 2.98281
3.6 -30.7238 2001.88 13268.8 30.7238 -2001.88 3.83927
3.605 -30.0426 2001.44 12971.4 30.0426 -2001.44 6.97512
3.61 -29.3246 2001.52 12665 29.3246 -2001.52 3.27264
3.615 -28.5478 2001.87 12334.7 28.5478 -2001.87 -2.08743
3.62 -27.784 2001.14 12002.1 27.784 -2001.14 0.561752
3.625 -26.9907 2001.22 11661.1 26.9907 -2001.22 -1.10001
3.63 -26.2069 2000.77 11318.1 26.2069 -2000.77 3.32371
3.635 -25.3978 2000.42 10969.4 25.3978 -2000.42 2.50853
3.64 -24.5024 2001.28 10594.4 24.5024 -2001.28 -9.34487
3.645 -23.4034 2003.25 10140.3 23.4034 -2003.25 -30.0164
3.65 -22.0128 2005.42 9565.22 22.0128 -2005.42 -55.7072
3.655 -20.0731 2009.78 8781.46 20.0731 -2009.78 -109.89
3.66 -17.7435 2012.88 7822.5 17.7435 -2012.88 -157.29
3.665 -14.9563 2016.7 6663.18 14.9563 -2016.7 -202.048
3.67 -11.8003 2018.94 5333.75 11.8003 -2018.94 -236.025
3.675 -8.28426 2020.48 3851.4 8.28426 -2020.48 -272.596
3.68 -4.97225 2018.81 2392.37 4.97225 -2018.81 -244.356
3.685 -1.47076 2016.75 863.267 1.47076 -2016.75 -227.898
3.69 2.31977 2015.94 -756.552 -2.31977 -2015.94 -245.589
3.695 6.68893 2015.05 -2579.84 -6.68893 -2015.05 -309.773
3.7 11.9171 2014.4 -4714.6 -11.9171 -2014.4 -433.585
3.705 17.0407 2010.91 -6902.58 -17.0407 -2010.91 -459.02
3.71 21.5842 2005.13 -8944.74 -21.5842 -2005.13 -379.649
3.715 25.9999 2003.24 -10936.4 -25.9999 -2003.24 -295.586
3.72 29.7701 2004.7 -12687.8 -29.7701 -2004.7 -172.931
3.725 33.1556 2006.18 -14247.7 -33.1556 -2006.18 -75.5315
3.73 36.3881 2006.15 -15690.6 -36.3881 -2006.15 -29.0376
3.735 39.3015 2006.48 -16991.7 -39.3015 -2006.48 13.4792
3.74 41.9911 2007.05 -18196.5 -41.9911 -2007.05 56.2977
3.745 44.3639 2008.91 -19256.8 -44.3639 -2008.91 91.5317
3.75 46.4533 2010.46 -20193.9 -46.4533 -2010.46 126.125
3.755 48.1472 2012.83 -20967.8 -48.1472 -2012.83 168.168
3.76 49.6078 2013.4 -21617.5 -49.6078 -2013.4 186.957
3.765 50.9368 2013.24 -22178.7 -50.9368 -2013.24 174.02
3.77 52.0615 2011.33 -22668 -52.0615 -2011.33 177.419
3.775 52.9246 2010.54 -23057.6 -52.9246 -2010.54 194.143
3.78 53.2055 2009.06 -23268.9 -53.2055 -2009.06 284.159
3.785 52.965 2005.46 -23283.2 -52.965 -2005.46 402.367
3.79 52.5144 2001.94 -23133.1 -52.5144 -2001.94 446.837
3.795 51.9475 1999.35 -22869.9 -51.9475 -1999.35 428.576
3.8 51.2473 1997.29 -22532 -51.2473 -1997.29 393.135
3.805 50.4945 1996.43 -22157.8 -50.4945 -1996.43 344.215
3.81 49.7001 1996.06 -21760.1 -49.7001 -1996.06 289.651
3.815 48.7495 1994.94 -21320.6 -48.7495 -1994.94 260.783
3.82 47.7766 1993.98 -20860.5 -47.7766 -1993.98 220.944
3.825 47.3241 1997.39 -20537.5 -47.3241 -1997.39 93.4507
3.83 46.8859 1999.33 -20269.2 -46.8859 -1999.33 14.4369
3.835 46.7293 2000.98 -20140.5 -46.7293 -2000.98 -46.6042
3.84 46.8293 2002.62 -20146 -46.8293 -2002.62 -84.2808
3.845 46.7686 2001.82 -20137.3 -46.7686 -2001.82 -66.7653
3.85 46.6979 2000.79 -20123 -46.6979 -2000.79 -50.4991
3.855 46.6273 1999.93 -20105.8 -46.6273 -1999.93 -37.2403
3.86 46.5685 1999.57 -20089.2 -46.5685 -1999.57 -28.418
3.865 46.5157 1999.42 -20072.7 -46.5157 -1999.42 -22.0624
3.87 46.5153 1999.74 -20069.9 -46.5153 -1999.74 -24.6743
3.875 46.5185 1999.97 -20071.1 -46.5185 -1999.97 -24.8427
3.88 46.5045 1999.86 -20070.2 -46.5045 -1999.86 -19.7298
3.885 46.492 1999.78 -20069 -46.492 -1999.78 -15.5926
3.89 46.4805 1999.71 -20067.3 -46.4805 -1999.71 -12.2434
3.895 46.4697 1999.65 -20065.4 -46.4697 -1999.65 -9.53566
3.9 46.4595 1999.61 -20063.1 -46.4595 -1999.61 -7.35007
3.905 46.4495 1999.58 -20060.6 -46.4495 -1999.58 -5.58974
3.91 46.4398 1999.56 -20057.8 -46.4398 -1999.56 -4.17584
3.915 46.4303 1999.54 -20054.8 -46.4303 -1999.54 -3.04428
3.92 46.4208 1999.54 -20051.7 -46.4208 -1999.54 -2.14293
3.925 46.4063 1999.36 -20046.8 -46.4063 -1999.36 -0.758393
3.93 46.392 1999.26 -20041.5 -46.392 -1999.26 0.185395
3.935 46.3823 1999.37 -20037.4 -46.3823 -1999.37 0.22829
3.94 46.373 1999.46 -20033.4 -46.373 -1999.46 0.256089
3.945 46.3642 1999.54 -20029.6 -46.3642 -1999.54 0.270978
3.95 46.3559 1999.61 -20026 -46.3559 -1999.61 0.274884
3.955 46.3547 1999.8 -20024.6 -46.3547 -1999.8 -0.667351
3.96 46.3593 1999.99 -20025.5 -46.3593 -1999.99 -1.73753
3.965 46.3585 1999.99 -20025.5 -46.3585 -1999.99 -1.39113
3.97 46.3579 1999.98 -20025.5 -46.3579 -1999.98 -1.11432
3.975 46.3574 1999.98 -20025.5 -46.3574 -1999.98 -0.893013
3.98 46.357 1999.98 -20025.5 -46.357 -1999.98 -0.716428
3.985 46.3566 1999.98 -20025.5 -46.3566 -1999.98 -0.575771
3.99 46.3563 1999.99 -20025.5 -46.3563 -1999.99 -0.463851
3.995 46.3561 1999.99 -20025.5 -46.3561 -1999.99 -0.374771
4 46.356 1999.99 -20025.5 -46.356 -1999.99 -0.303662
4.005 46.3559 1999.99 -20025.5 -46.3559 -1999.99 -0.246531
4.01 46.2301 1999.78 -19990.9 -46.2301 -1999.78 19.5368
4.015 46.0587 1999.67 -19927.9 -46.0587 -1999.67 30.5666
4.02 45.8675 1999.72 -19839.2 -45.8675 -1999.72 24.4573
4.025 45.6099 1999.75 -19722.4 -45.6099 -1999.75 18.9878
4.03 45.2935 1999.75 -19580.5 -45.2935 -1999.75 13.7389
4.035 44.9249 1999.87 -19415.3 -44.9249 -1999.87 7.8021
4.04 44.5139 1999.96 -19231.5 -44.5139 -1999.96 1.44469
4.045 44.0762 1999.92 -19034.2 -44.0762 -1999.92 -6.76977
4.05 43.6194 1999.77 -18829.4 -43.6194 -1999.77 -14.175
4.055 43.153 1999.56 -18622.8 -43.153 -1999.56 -19.3401
4.06 42.694 1999.28 -18419.5 -42.694 -1999.28 -24.2684
4.065 42.2494 1999.13 -18223.2 -42.2494 -1999.13 -28.5118
4.07 41.8229 1999 -18035.7 -41.8229 -1999 -31.8149
4.075 41.4176 1998.92 -17858.1 -41.4176 -1998.92 -34.2895
4.08 41.0367 1998.9 -17691 -41.0367 -1998.9 -36.8885
4.085 40.6731 1998.88 -17534.2 -40.6731 -1998.88 -36.5759
4.09 40.3307 1998.8 -17387.5 -40.3307 -1998.8 -35.3275
4.095 40.0099 1998.65 -17251 -40.0099 -1998.65 -33.3249
4.1 39.7144 1998.72 -17125.3 -39.7144 -1998.72 -31.2906
4.105 39.4392 1998.79 -17008.8 -39.4392 -1998.79 -28.962
4.11 39.1834 1998.87 -16900.8 -39.1834 -1998.87 -26.4748
4.115 38.9419 1999.36 -16799.7 -38.9419 -1999.36 -23.1702
4.12 38.696 2000.25 -16697.5 -38.696 -2000.25 -19.1381
4.125 38.4575 2000.16 -16596.6 -38.4575 -2000.16 -17.0635
4.13 38.2356 2000.09 -16502.7 -38.2356 -2000.09 -15.0969
4.135 38.0296 2000.04 -16415.5 -38.0296 -2000.04 -13.2694
4.14 37.8392 2000 -16334.9 -37.8392 -2000 -11.5937
4.145 37.6639 1999.98 -16260.7 -37.6639 -1999.98 -10.0738
4.15 37.5033 1999.96 -16192.7 -37.5033 -1999.96 -8.70803
4.155 37.3569 1999.95 -16130.7 -37.3569 -1999.95 -7.49097
4.16 37.2242 1999.95 -16074.4 -37.2242 -1999.95 -6.45186
4.165 37.1047 1999.97 -16023.4 -37.1047 -1999.97 -5.87859
4.17 36.9964 1999.96 -15977.5 -36.9964 -1999.96 -4.97251
4.175 36.9003 1999.96 -15936.7 -36.9003 -1999.96 -4.19071
4.18 36.8159 1999.96 -15901 -36.8159 -1999.96 -3.51836
4.185 36.743 1999.97 -15870 -36.743 -1999.97 -2.94202
4.19 36.6813 1999.97 -15843.9 -36.6813 -1999.97 -2.44955
4.195 36.6307 1999.97 -15822.4 -36.6307 -1999.97 -2.03019
4.2 36.591 1999.98 -15805.6 -36.591 -1999.98 -1.67453
4.205 36.562 1999.98 -15793.4 -36.562 -1999.98 -1.3744
4.21 36.5437 1999.98 -15785.8 -36.5437 -1999.98 -1.12281
4.215 36.536 1999.99 -15782.6 -36.536 -1999.99 -0.91385
4.22 36.5513 1999.92 -15787.5 -36.5513 -1999.92 -2.62171
4.225 36.6037 1999.84 -15808.2 -36.6037 -1999.84 -4.61366
4.23 36.6852 1999.87 -15844.3 -36.6852 -1999.87 -3.72633
4.235 36.8024 1999.89 -15895.7 -36.8024 -1999.89 -2.98638
4.24 36.9544 1999.92 -15962 -36.9544 -1999.92 -2.32689
4.245 37.14 1999.94 -16042.8 -37.14 -1999.94 -1.68642
4.25 37.3557 2000.03 -16136.4 -37.3557 -2000.03 -1.28539
4.255 37.5991 2000.1 -16242.1 -37.5991 -2000.1 -0.691066
4.26 37.8694 2000.11 -16359.9 -37.8694 -2000.11 0.337298
4.265 38.1661 2000.14 -16489.3 -38.1661 -2000.14 1.57217
4.27 38.4864 2000.17 -16629.2 -38.4864 -2000.17 3.06251
4.275 38.8269 2000.22 -16778.1 -38.8269 -2000.22 4.84147
4.28 39.1836 2000.27 -16934.2 -39.1836 -2000.27 6.9145
4.285 39.552 2000.33 -17095.8 -39.552 -2000.33 9.26999
4.29 39.9279 2000.39 -17260.7 -39.9279 -2000.39 11.8337
4.295 40.3071 2000.45 -17427.2 -40.3071 -2000.45 14.497
4.3 40.6856 2000.51 -17593.3 -40.6856 -2000.51 17.1515
4.305 41.0602 2000.56 -17757.7 -41.0602 -2000.56 19.6725
4.31 41.4279 2000.52 -17917.8 -41.4279 -2000.52 20.9878
4.315 41.7873 2000.52 -18074.1 -41.7873 -2000.52 21.9849
4.32 42.1341 2000.54 -18225.8 -42.1341 -2000.54 23.9047
4.325 42.4708 2000.55 -18372.7 -42.4708 -2000.55 25.2712
4.33 42.7958 2000.5 -18514 -42.7958 -2000.5 26.2742
4.335 43.1076 2000.4 -18649.4 -43.1076 -2000.4 26.9547
4.34 43.4052 2000.22 -18778.6 -43.4052 -2000.22 27.5418
4.345 43.6941 2000.11 -18903.1 -43.6941 -2000.11 27.2972
4.35 43.9776 2000.15 -19024.2 -43.9776 -2000.15 25.9194
4.355 44.2532 2000.18 -19141.4 -44.2532 -2000.18 23.9698
4.36 44.522 2000.22 -19254.8 -44.522 -2000.22 21.2876
4.365 44.7731 2001.42 -19363.5 -44.7731 -2001.42 21.5578
4.37 45.0097 2001.89 -19464 -45.0097 -2001.89 19.8106
4.375 45.2291 2001.55 -19556.7 -45.2291 -2001.55 17.6798
4.38 45.4362 2001.18 -19645 -45.4362 -2001.18 16.5144
4.385 45.6303 2000.84 -19728.2 -45.6303 -2000.84 15.8842
4.39 45.8186 2000.63 -19808.7 -45.8186 -2000.63 15.0222
4.395 45.9495 1999.82 -19870.6 -45.9495 -1999.82 20.443
4.4 45.9305 1998.27 -19884.8 -45.9305 -1998.27 42.8338
4.405 45.9392 1997.91 -19893.9 -45.9392 -1997.91 48.19
4.41 45.9851 1998.3 -19905.4 -45.9851 -1998.3 39.8068
4.415 46.0244 1998.63 -19915.4 -46.0244 -1998.63 32.8805
4.42 46.0581 1998.89 -19924.3 -46.0581 -1998.89 27.1582
4.425 46.0872 1999.1 -19932.1 -46.0872 -1999.1 22.4329
4.43 46.1124 1999.28 -19939.1 -46.1124 -1999.28 18.5324
4.435 46.1344 1999.42 -19945.4 -46.1344 -1999.42 15.3135
4.44 46.1536 1999.53 -19951 -46.1536 -1999.53 12.6576
4.445 46.1705 1999.62 -19956.1 -46.1705 -1999.62 10.4661
4.45 46.1735 1999.15 -19957.1 -46.1735 -1999.15 10.1201
4.455 46.1784 1998.96 -19958.4 -46.1784 -1998.96 9.31243
4.46 46.1883 1999.14 -19961.1 -46.1883 -1999.14 7.70479
4.465 46.1966 1999.29 -19963.3 -46.1966 -1999.29 6.38198
4.47 46.2036 1999.42 -19965.2 -46.2036 -1999.42 5.29146
4.475 46.2094 1999.52 -19966.9 -46.2094 -1999.52 4.39196
4.48 46.2144 1999.6 -19968.3 -46.2144 -1999.6 3.64962
4.485 46.2185 1999.67 -19969.4 -46.2185 -1999.67 3.03664
4.49 46.222 1999.72 -19970.4 -46.222 -1999.72 2.53021
4.495 46.2249 1999.77 -19971.3 -46.2249 -1999.77 2.11151
4.5 46.2274 1999.81 -19972 -46.2274 -1999.81 1.76507
4.505 46.2294 1999.84 -19972.6 -46.2294 -1999.84 1.4781
4.51 46.2288 1999.75 -19972.4 -46.2288 -1999.75 1.50921
4.515 46.2276 1999.67 -19971.8 -46.2276 -1999.67 1.53478
4.52 46.2279 1999.72 -19971.8 -46.2279 -1999.72 1.2919
4.525 46.228 1999.76 -19971.6 -46.228 -1999.76 1.09095
4.53 46.2279 1999.8 -19971.4 -46.2279 -1999.8 0.923435
4.535 46.2276 1999.83 -19971.1 -46.2276 -1999.83 0.783391
4.54 46.2272 1999.85 -19970.8 -46.2272 -1999.85 0.665908
4.545 46.2267 1999.87 -19970.5 -46.2267 -1999.87 0.566939
4.55 46.2261 1999.89 -19970.1 -46.2261 -1999.89 0.48315
4.555 46.2254 1999.91 -19969.8 -46.2254 -1999.91 0.411821
4.56 46.2248 1999.92 -19969.5 -46.2248 -1999.92 0.350768
4.565 46.2242 1999.93 -19969.1 -46.2242 -1999.93 0.298268
4.57 46.2236 1999.94 -19968.8 -46.2236 -1999.94 0.252967
4.575 46.223 1999.95 -19968.6 -46.223 -1999.95 0.213802
4.58 46.2225 1999.96 -19968.3 -46.2225 -1999.96 0.179935
4.585 46.2221 1999.96 -19968.1 -46.2221 -1999.96 0.150695
4.59 46.2218 1999.97 -19967.9 -46.2218 -1999.97 0.125532
4.595 46.2215 1999.97 -19967.8 -46.2215 -1999.97 0.103984
4.6 46.2213 1999.98 -19967.7 -46.2213 -1999.98 0.0856986
4.605 46.2212 1999.98 -19967.6 -46.2212 -1999.98 0.0702877
4.61 46.2211 1999.99 -19967.6 -46.2211 -1999.99 0.0573623
4.615 46.2212 1999.99 -19967.6 -46.2212 -1999.99 0.0466528
4.62 46.2082 1999.96 -19964 -46.2082 -1999.96 2.06826
4.625 46.1844 1999.94 -19955.2 -46.1844 -1999.94 3.60397
4.63 46.1557 1999.95 -19942.2 -46.1557 -1999.95 2.92327
4.635 46.1161 1999.96 -19924.5 -46.1161 -1999.96 2.3644
4.64 46.0666 1999.97 -19902.7 -46.0666 -1999.97 1.90086
4.645 46.0078 1999.97 -19876.9 -46.0078 -1999.97 1.51055
4.65 45.9402 1999.98 -19847.4 -45.9402 -1999.98 1.17595
4.655 45.8646 1999.98 -19814.4 -45.8646 -1999.98 0.882713
4.66 45.7814 1999.98 -19778.2 -45.7814 -1999.98 0.619368
4.665 45.6912 1999.98 -19739 -45.6912 -1999.98 0.376972
4.67 45.5948 1999.98 -19697.1 -45.5948 -1999.98 0.148749
4.675 45.4927 1999.98 -19652.8 -45.4927 -1999.98 -0.0703098
4.68 45.3854 1999.98 -19606.2 -45.3854 -1999.98 -0.283907
4.685 45.2728 2000 -19557.2 -45.2728 -2000 -0.592001
4.69 45.1547 2000.02 -19505.9 -45.1547 -2000.02 -0.882194
4.695 45.0317 2000 -19452.6 -45.0317 -2000 -1.07201
4.7 44.9047 1999.99 -19397.5 -44.9047 -1999.99 -1.27176
4.705 44.7733 2000 -19340.5 -44.7733 -2000 -1.55203
4.71 44.6368 2000.01 -19281.2 -44.6368 -2000.01 -1.87592
4.715 44.4954 1999.99 -19219.9 -44.4954 -1999.99 -2.0958
4.72 44.3498 1999.97 -19156.8 -44.3498 -1999.97 -2.33892
4.725 44.2015 1999.98 -19091.5 -44.2015 -1999.98 -3.58202
4.73 44.0462 1999.97 -19023.7 -44.0462 -1999.97 -4.29207
4.735 43.8832 1999.95 -18953.2 -43.8832 -1999.95 -4.37011
4.74 43.7141 1999.93 -18879.9 -43.7141 -1999.93 -4.54498
4.745 43.5384 1999.91 -18803.8 -43.5384 -1999.91 -4.81369
4.75 43.356 1999.89 -18724.6 -43.356 -1999.89 -5.1742
4.755 43.1663 1999.84 -18642.3 -43.1663 -1999.84 -5.5735
4.76 42.9701 1999.79 -18557 -42.9701 -1999.79 -6.08055
4.765 42.7679 1999.77 -18469 -42.7679 -1999.77 -6.71391
4.77 42.5596 1999.75 -18378.3 -42.5596 -1999.75 -7.41893
4.775 42.3457 1999.73 -18285.2 -42.3457 -1999.73 -8.18505
4.78 42.1267 1999.7 -18189.8 -42.1267 -1999.7 -8.99823
4.785 41.9036 1999.68 -18092.5 -41.9036 -1999.68 -9.83948
4.79 41.6771 1999.65 -17993.8 -41.6771 -1999.65 -10.6848
4.795 41.4482 1999.63 -17894.1 -41.4482 -1999.63 -11.5065
4.8 41.2207 1999.62 -17793.9 -41.2207 -1999.62 -13.4413
4.805 40.9912 1999.62 -17693.4 -40.9912 -1999.62 -14.8088
4.81 40.759 1999.59 -17592.9 -40.759 -1999.59 -15.0055
4.815 40.5279 1999.57 -17492.9 -40.5279 -1999.57 -15.1543
4.82 40.2982 1999.56 -17393.6 -40.2982 -1999.56 -15.2316
4.825 40.0702 1999.25 -17295 -40.0702 -1999.25 -15.3192
4.83 39.8485 1998.93 -17199.3 -39.8485 -1998.93 -15.2696
4.835 39.6304 1999.56 -17106.1 -39.6304 -1999.56 -14.2127
4.84 39.3971 2000.38 -17006.7 -39.3971 -2000.38 -12.844
4.845 39.1539 2000.24 -16901.8 -39.1539 -2000.24 -12.7506
4.85 38.9104 2000.13 -16796.7 -38.9104 -2000.13 -12.5539
4.855 38.666 2000.05 -16691.4 -38.666 -2000.05 -12.2805
4.86 38.4203 1999.98 -16585.6 -38.4203 -1999.98 -11.9452
4.865 38.1727 1999.92 -16479.1 -38.1727 -1999.92 -11.5611
4.87 37.923 1999.88 -16371.6 -37.923 -1999.88 -11.1397
4.875 37.6706 1999.85 -16263 -37.6706 -1999.85 -10.6911
4.88 37.415 1999.82 -16153 -37.415 -1999.82 -10.2243
4.885 37.1568 1999.82 -16041.5 -37.1568 -1999.82 -10.281
4.89 36.8942 1999.84 -15927.8 -36.8942 -1999.84 -10.5268
4.895 36.624 1999.81 -15811.8 -36.624 -1999.81 -9.78451
4.9 36.3491 1999.78 -15693.7 -36.3491 -1999.78 -9.08924
4.905 36.0693 1999.76 -15573.5 -36.0693 -1999.76 -8.4445
4.91 35.7844 1999.44 -15450.9 -35.7844 -1999.44 -7.93539
4.915 35.5039 1998.75 -15330.2 -35.5039 -1998.75 -7.46855
4.92 35.2275 1999.2 -15212 -35.2275 -1999.2 -6.31129
4.925 34.9268 2000.01 -15083.7 -34.9268 -2000.01 -4.6917
4.93 34.6103 1999.81 -14947.1 -34.6103 -1999.81 -4.54263
4.935 34.2659 2002.02 -14802.6 -34.2659 -2002.02 -0.274753
4.94 33.8812 2003.28 -14639.2 -33.8812 -2003.28 2.5453
4.945 33.4728 2002.58 -14461.7 -33.4728 -2002.58 1.46909
4.95 33.058 2002.01 -14281.7 -33.058 -2002.01 0.636814
4.955 32.6372 2001.54 -14099.2 -32.6372 -2001.54 -0.00105379
4.96 32.2105 2001.16 -13914.5 -32.2105 -2001.16 -0.483426
4.965 31.7833 2000.42 -13728.7 -31.7833 -2000.42 -1.64893
4.97 31.3545 1999.97 -13542.9 -31.3545 -1999.97 -2.24587
4.975 30.9436 1998.91 -13360 -30.9436 -1998.91 -7.60447
4.98 30.4571 1999.99 -13153 -30.4571 -1999.99 -4.50524
4.985 29.9586 1999.72 -12937.9 -29.9586 -1999.72 -4.23822
4.99 29.4593 1999.48 -12722.4 -29.4593 -1999.48 -4.017
4.995 28.9603 1999.26 -12507 -28.9603 -1999.26 -3.84014
5 28.4533 1999.39 -12289.5 -28.4533 -1999.39 -2.34141
5.005 27.8699 2000.45 -12043.2 -27.8699 -2000.45 3.41533
5.01 27.3004 1999.45 -11794.5 -27.3004 -1999.45 0.756667
5.015 26.7396 1999.1 -11551.2 -26.7396 -1999.1 -0.31534
5.02 26.1571 1999.7 -11302.4 -26.1571 -1999.7 2.57188
5.025 25.5832 1999.51 -11051.9 -25.5832 -1999.51 -0.00703207
5.03 25.0403 1998.12 -10813.6 -25.0403 -1998.12 -3.78164
5.035 24.4822 1998.52 -10576.9 -24.4822 -1998.52 0.568194
5.04 23.8874 1999.34 -10327.7 -23.8874 -1999.34 8.33884
5.045 23.1096 2001.35 -10006.5 -23.1096 -2001.35 23.1461
5.05 22.1116 2005.17 -9605.02 -22.1116 -2005.17 52.8093
5.055 20.9342 2009.2 -9125.89 -20.9342 -2009.2 82.3122
5.06 19.3446 2012.55 -8475.53 -19.3446 -2012.55 118.673
5.065 17.4098 2015.75 -7688.23 -17.4098 -2015.75 167.182
5.07 15.2822 2018.14 -6803.05 -15.2822 -2018.14 201.137
5.075 12.8233 2019.39 -5764.74 -12.8233 -2019.39 225.076
5.08 10.0174 2019.13 -4562.45 -10.0174 -2019.13 234.933
5.085 7.06894 2017.59 -3283.96 -7.06894 -2017.59 230.175
5.09 4.02423 2016.32 -1956.22 -4.02423 -2016.32 217.754
5.095 0.902592 2015.19 -588.369 -0.902592 -2015.19 198.449
5.1 -2.32487 2015.12 815.814 2.32487 -2015.12 188.53
5.105 -5.24287 2013.79 2137.13 5.24287 -2013.79 127.79
5.11 -7.82046 2012.71 3325.64 7.82046 -2012.71 52.7959
5.115 -10.4276 2011.11 4480.57 10.4276 -2011.11 24.1618
5.12 -12.9945 2009.48 5603.97 12.9945 -2009.48 9.6495
5.125 -15.5482 2007.21 6713.01 15.5482 -2007.21 3.81862
5.13 -18.0067 2007.86 7788.86 18.0067 -2007.86 -9.95286
5.135 -20.2752 2008.65 8786.4 20.2752 -2008.65 -27.4973
5.14 -22.2299 2009.71 9667.47 22.2299 -2009.71 -64.147
5.145 -24.0997 2012.18 10497.9 24.0997 -2012.18 -86.8145
5.15 -25.8678 2013.08 11261.5 25.8678 -2013.08 -86.5725
5.155 -27.4133 2011.95 11938.1 27.4133 -2011.95 -95.5749
5.16 -28.6123 2013.27 12489.5 28.6123 -2013.27 -128.986
5.165 -29.755 2014.82 12991.2 29.755 -2014.82 -137.087
5.17 -30.7955 2014.05 13436.8 30.7955 -2014.05 -133.086
5.175 -31.7369 2012.4 13832 31.7369 -2012.4 -121.716
5.18 -32.6488 2010.47 14208.7 32.6488 -2010.47 -104.396
5.185 -33.5427 2008.93 14576.1 33.5427 -2008.93 -85.6194
5.19 -34.3978 2007.31 14928.7 34.3978 -2007.31 -68.8282
5.195 -35.2123 2006.16 15269.7 35.2123 -2006.16 -58.003
5.2 -36.0118 2005.02 15604.5 36.0118 -2005.02 -47.3319
5.205 -36.7499 2004.63 15921.5 36.7499 -2004.63 -45.509
5.21 -37.4426 2004.21 16219.1 37.4426 -2004.21 -43.8633
5.215 -38.1125 2002.91 16503.5 38.1125 -2002.91 -38.8805
5.22 -38.7728 2002.06 16783.2 38.7728 -2002.06 -33.4149
5.225 -39.3912 2003.04 17048.3 39.3912 -2003.04 -31.2981
5.23 -39.9783 2003.24 17299.9 39.9783 -2003.24 -29.2972
5.235 -40.552 2002.62 17542.3 40.552 -2002.62 -23.861
5.24 -41.1132 2002.13 17780.3 41.1132 -2002.13 -19.4244
5.245 -41.6619 2001.74 18013.8 41.6619 -2001.74 -15.8069
5.25 -42.207 2001.49 18242.7 42.207 -2001.49 -9.27347
5.255 -42.7011 2002.79 18458.2 42.7011 -2002.79 -11.3049
5.26 -43.1642 2003.14 18660 43.1642 -2003.14 -13.0469
5.265 -43.5956 2002.84 18845.7 43.5956 -2002.84 -12.3806
5.27 -44.0174 2002.31 19025.6 44.0174 -2002.31 -10.0773
5.275 -44.4037 2001.48 19194.3 44.4037 -2001.48 -11.936
5.28 -44.7752 2000.84 19355.3 44.7752 -2000.84 -12.4216
5.285 -45.1532 2000.71 19514.8 45.1532 -2000.71 -8.61823
5.29 -45.5152 2000.58 19669.6 45.5152 -2000.58 -7.00046
5.295 -45.7949 1999.76 19799.7 45.7949 -1999.76 -16.3347
5.3 -46.0429 1999.17 19914.8 46.0429 -1999.17 -24.285
5.305 -46.1335 1998.61 19975.3 46.1335 -1998.61 -45.61
5.31 -46.064 1997.39 19969.8 46.064 -1997.39 -70.1856
5.315 -46.0739 1997.53 19968 46.0739 -1997.53 -64.0481
5.32 -46.1012 1997.99 19967.7 46.1012 -1997.99 -51.9819
5.325 -46.1225 1998.37 19967.1 46.1225 -1998.37 -42.1848
5.33 -46.139 1998.68 19966.3 46.139 -1998.68 -34.2307
5.335 -46.1514 1998.93 19965.2 46.1514 -1998.93 -27.8091
5.34 -46.1607 1999.13 19964 46.1607 -1999.13 -22.5922
5.345 -46.1676 1999.29 19962.8 46.1676 -1999.29 -18.3543
5.35 -46.1724 1999.43 19961.4 46.1724 -1999.43 -14.912
5.355 -46.1757 1999.54 19960 46.1757 -1999.54 -12.1155
5.36 -46.1777 1999.62 19958.6 46.1777 -1999.62 -9.84389
5.365 -46.1787 1999.69 19957.2 46.1787 -1999.69 -7.99841
5.37 -46.179 1999.75 19955.8 46.179 -1999.75 -6.49917
5.375 -46.1786 1999.8 19954.4 46.1786 -1999.8 -5.28115
5.38 -46.1778 1999.84 19953.1 46.1778 -1999.84 -4.29153
5.385 -46.1767 1999.87 19951.8 46.1767 -1999.87 -3.4875
5.39 -46.1753 1999.89 19950.5 46.1753 -1999.89 -2.83425
5.395 -46.1737 1999.91 19949.3 46.1737 -1999.91 -2.30346
5.4 -46.1801 2000.08 19950.5 46.1801 -2000.08 -0.710718
5.405 -46.1852 2000.16 19951.8 46.1852 -2000.16 0.188305
5.41 -46.1869 2000.13 19952.6 46.1869 -2000.13 0.152425
5.415 -46.1885 2000.1 19953.3 46.1885 -2000.1 0.12316
5.42 -46.19 2000.08 19954 46.19 -2000.08 0.0993255
5.425 -46.1914 2000.07 19954.6 46.1914 -2000.07 0.0800824
5.43 -46.1926 2000.06 19955.2 46.1926 -2000.06 0.0645576
5.435 -46.1938 2000.05 19955.7 46.1938 -2000.05 0.052042
5.44 -46.1949 2000.04 19956.1 46.1949 -2000.04 0.04196
5.445 -46.1958 2000.03 19956.5 46.1958 -2000.03 0.0338454
5.45 -46.1966 2000.02 19956.9 46.1966 -2000.02 0.0273118
5.455 -46.1972 2000.02 19957.2 46.1972 -2000.02 0.0220525
5.46 -46.1972 1999.99 19957.2 46.1972 -1999.99 -0.0496995
5.465 -46.1962 1999.94 19957 46.1962 -1999.94 -0.180715
5.47 -46.1963 1999.95 19957 46.1963 -1999.95 -0.147107
5.475 -46.1964 1999.96 19957 46.1964 -1999.96 -0.119567
5.48 -46.158 1999.91 19946.3 46.158 -1999.91 -6.07934
5.485 -46.0926 1999.87 19922.1 46.0926 -1999.87 -10.1647
5.49 -46.0122 1999.89 19885.5 46.0122 -1999.89 -8.21804
5.495 -45.8991 1999.91 19835 45.8991 -1999.91 -6.56803
5.5 -45.7538 1999.92 19770.8 45.7538 -1999.92 -5.10226
5.505 -45.5751 1999.95 19692.1 45.5751 -1999.95 -3.63794
5.51 -45.3654 1999.94 19600.1 45.3654 -1999.94 -2.27867
5.515 -45.1269 1999.92 19495.7 45.1269 -1999.92 -0.839959
5.52 -44.8616 1999.89 19379.5 44.8616 -1999.89 0.744306
5.525 -44.5739 1999.87 19252.4 44.5739 -1999.87 3.54283
5.53 -44.2631 1999.84 19115.1 44.2631 -1999.84 6.53802
5.535 -43.929 1999.77 18968.9 43.929 -1999.77 8.39813
5.54 -43.579 1999.69 18815.6 43.579 -1999.69 10.5671
5.545 -43.2161 1999.6 18656.4 43.2161 -1999.6 12.9961
5.55 -42.8437 1999.51 18492.9 42.8437 -1999.51 15.6112
5.555 -42.4651 1999.42 18326.6 42.4651 -1999.42 18.3109
5.56 -42.0837 1999.33 18159.2 42.0837 -1999.33 20.9722
5.565 -41.705 1999.27 17992 41.705 -1999.27 24.5926
5.57 -41.3283 1999.22 17825.8 41.3283 -1999.22 28.0541
5.575 -40.9511 1999.15 17661.6 40.9511 -1999.15 29.3084
5.58 -40.5759 1999.39 17499.3 40.5759 -1999.39 29.4788
5.585 -40.192 1999.83 17334.2 40.192 -1999.83 28.7138
5.59 -39.8075 1999.72 17168 39.8075 -1999.72 28.8191
5.595 -39.4267 1999.64 17003.8 39.4267 -1999.64 28.536
5.6 -39.0491 1999.58 16841.3 39.0491 -1999.58 27.92
5.605 -38.6742 1999.55 16680.3 38.6742 -1999.55 27.0222
5.61 -38.301 1999.51 16520.2 38.301 -1999.51 25.847
5.615 -37.9324 1999.59 16360.2 37.9324 -1999.59 26.5943
5.62 -37.5607 1999.64 16200.3 37.5607 -1999.64 25.8938
5.625 -37.185 1999.62 16040 37.185 -1999.62 23.8704
5.63 -36.8085 1999.58 15879.4 36.8085 -1999.58 21.9027
5.635 -36.4322 1999.38 15718.7 36.4322 -1999.38 19.9486
5.64 -36.0577 1999.41 15558.7 36.0577 -1999.41 18.2148
5.645 -35.6678 2000.28 15394 35.6678 -2000.28 14.4898
5.65 -35.2675 2000.64 15223.4 35.2675 -2000.64 12.1408
5.655 -34.832 2001.8 15040.4 34.832 -2001.8 7.01036
5.66 -34.3709 2002.36 14844.6 34.3709 -2002.36 3.65703
5.665 -33.8982 2001.87 14640 33.8982 -2001.87 4.03652
5.67 -33.4189 2001.51 14432.7 33.4189 -2001.51 4.26608
5.675 -32.9322 2001.21 14222.3 32.9322 -2001.21 4.35307
5.68 -32.4378 2000.97 14008.8 32.4378 -2000.97 4.34599
5.685 -31.9365 2000.02 13790.3 31.9365 -2000.02 6.25641
5.69 -31.3979 2000.55 13562.8 31.3979 -2000.55 1.11137
5.695 -30.8285 2001.44 13320.9 30.8285 -2001.44 -2.96212
5.7 -30.2471 2001.14 13068.6 30.2471 -2001.14 -1.89644
5.705 -29.6559 2000.9 12812.4 29.6559 -2000.9 -1.07953
5.71 -29.035 2001.24 12546.6 29.035 -2001.24 -3.42849
5.715 -28.3542 2001.95 12256.8 28.3542 -2001.95 -7.7293
5.72 -27.6641 2001.57 11956.8 27.6641 -2001.57 -5.93115
5.725 -26.9646 2000.6 11650.6 26.9646 -2000.6 -1.86666
5.73 -26.2382 2000.26 11334.7 26.2382 -2000.26 0.228717
5.735 -25.4986 2000.13 11014.9 25.4986 -2000.13 0.458983
5.74 -24.7511 1999.12 10691.4 24.7511 -1999.12 1.06732
5.745 -23.9943 1998.34 10364.9 23.9943 -1998.34 0.603266
5.75 -23.0764 2001.05 9991.79 23.0764 -2001.05 -22.7726
5.755 -22.0018 2004.68 9555.15 22.0018 -2004.68 -50.3799
5.76 -20.6994 2006.87 9016.61 20.6994 -2006.87 -74.4884
5.765 -18.9883 2008.83 8309.36 18.9883 -2008.83 -106.4
5.77 -16.9905 2009.72 7454.62 16.9905 -2009.72 -114.746
5.775 -14.5517 2013.44 6437.76 14.5517 -2013.44 -151.427
5.78 -11.6637 2017.97 5249.26 11.6637 -2017.97 -210.535
5.785 -8.93825 2017.38 4050.07 8.93825 -2017.38 -188.742
5.79 -6.17034 2018.62 2828.58 6.17034 -2018.62 -162.996
5.795 -3.58562 2018.04 1673.25 3.58562 -2018.04 -124.263
5.8 -0.915555 2014.79 498.612 0.915555 -2014.79 -103.093
5.805 1.88812 2012.48 -722.2 -1.88812 -2012.48 -93.4659
5.81 4.88794 2011.87 -2008.17 -4.88794 -2011.87 -103.423
5.815 8.00236 2013.4 -3338.05 -8.00236 -2013.4 -118.973
5.82 11.2265 2014.26 -4724.36 -11.2265 -2014.26 -125.498
5.825 14.4443 2012.87 -6129.19 -14.4443 -2012.87 -110.763
5.83 17.3025 2013.3 -7432.13 -17.3025 -2013.3 -42.5341
5.835 20.108 2013.26 -8684.47 -20.108 -2013.26 -2.16982
5.84 22.3887 2015.61 -9749.83 -22.3887 -2015.61 77.9081
5.845 24.284 2018.7 -10650.2 -24.284 -2018.7 159.517
5.85 25.9952 2016.74 -11422.6 -25.9952 -2016.74 192.65
5.855 27.5012 2014.9 -12080.2 -27.5012 -2014.9 199.622
5.86 28.7459 2018.11 -12620.7 -28.7459 -2018.11 202.47
5.865 29.8434 2018.09 -13092.3 -29.8434 -2018.09 199.968
5.87 30.7477 2015.43 -13473 -30.7477 -2015.43 190.005
5.875 31.6084 2015.04 -13824.8 -31.6084 -2015.04 170
5.88 32.3942 2014.14 -14146.1 -32.3942 -2014.14 151.814
5.885 33.1516 2012.32 -14448 -33.1516 -2012.32 126.508
5.89 33.8929 2010.71 -14745 -33.8929 -2010.71 103.233
5.895 34.6161 2008.76 -15038.4 -34.6161 -2008.76 84.2831
5.9 35.318 2007.57 -15328.2 -35.318 -2007.57 70.829
5.905 36.0031 2006.54 -15612.9 -36.0031 -2006.54 59.5843
5.91 36.6464 2004.44 -15884.9 -36.6464 -2004.44 53.6521
5.915 37.272 2004.01 -16151.6 -37.272 -2004.01 50.1239
5.92 37.8643 2004.32 -16403.3 -37.8643 -2004.32 45.9368
5.925 38.4185 2002.87 -16637.7 -38.4185 -2002.87 40.9127
5.93 38.9307 2000.95 -16857 -38.9307 -2000.95 38.978
5.935 39.4524 2000.08 -17077.7 -39.4524 -2000.08 34.3029
5.94 39.9793 2000.38 -17299.4 -39.9793 -2000.38 28.3444
5.945 40.4703 2001.59 -17508.1 -40.4703 -2001.59 24.9693
5.95 40.9396 2001.24 -17706.4 -40.9396 -2001.24 20.4626
5.955 41.4033 2001 -17902.2 -41.4033 -2001 15.9865
5.96 41.8614 2000.85 -18095.4 -41.8614 -2000.85 11.2753
5.965 42.3061 2000.69 -18285.4 -42.3061 -2000.69 9.17625
5.97 42.743 2000.57 -18472.4 -42.743 -2000.57 7.46495
5.975 43.143 1999.92 -18648 -43.143 -1999.92 10.2517
5.98 43.5127 1999.22 -18811.3 -43.5127 -1999.22 13.8045
5.985 43.8985 1999.34 -18975.4 -43.8985 -1999.34 11.2771
5.99 44.2754 2001.01 -19136.9 -44.2754 -2001.01 9.97669
5.995 44.5954 2001.4 -19277.1 -44.5954 -2001.4 11.9229
6 44.8536 2000.23 -19392.7 -44.8536 -2000.23 15.922
6.005 45.1128 2000.01 -19505 -45.1128 -2000.01 16.291
6.01 45.2589 1999.2 -19577.8 -45.2589 -1999.2 25.9679
6.015 45.2056 1996.12 -19585.3 -45.2056 -1996.12 56.4422
6.02 45.1268 1994.47 -19569.3 -45.1268 -1994.47 74.4799
6.025 45.1283 1995.26 -19559.2 -45.1283 -1995.26 63.7988
6.03 45.1342 1996.15 -19549.7 -45.1342 -1996.15 51.7708
6.035 45.1345 1996.87 -19540.2 -45.1345 -1996.87 42.0559
6.04 45.1334 1997.74 -19531.6 -45.1334 -1997.74 33.9261
6.045 45.1163 1997.75 -19519 -45.1163 -1997.75 28.7895
6.05 44.9852 1996.32 -19463.6 -44.9852 -1996.32 30.0458
6.055 44.9509 2002.07 -19432.3 -44.9509 -2002.07 13.4602
6.06 44.9558 2006.14 -19422.7 -44.9558 -2006.14 1.73074
6.065 44.9183 2004.99 -19406.1 -44.9183 -2004.99 1.41599
6.07 44.892 2004.35 -19393.3 -44.892 -2004.35 -0.0377996
6.075 44.8955 2004.29 -19391.6 -44.8955 -2004.29 -3.27794
6.08 44.8854 2003.6 -19388.1 -44.8854 -2003.6 -2.41104
6.085 44.8757 2003.01 -19384.5 -44.8757 -2003.01 -1.76382
6.09 44.8666 2002.51 -19381.1 -44.8666 -2002.51 -1.30892
6.095 44.8583 2002.07 -19377.8 -44.8583 -2002.07 -0.988687
6.1 44.8507 2001.7 -19374.8 -44.8507 -2001.7 -0.758524
6.105 44.8439 2001.39 -19372 -44.8439 -2001.39 -0.589095
6.11 44.8378 2001.14 -19369.5 -44.8378 -2001.14 -0.461769
6.115 44.8363 2001.04 -19368.4 -44.8363 -2001.04 -0.879901
6.12 44.8435 2001.1 -19370.5 -44.8435 -2001.1 -1.8551
6.125 44.8452 2000.9 -19371.6 -44.8452 -2000.9 -1.50058
6.13 44.8467 2000.73 -19372.6 -44.8467 -2000.73 -1.21491
6.135 44.848 2000.59 -19373.4 -44.848 -2000.59 -0.984454
6.14 44.849 2000.48 -19374 -44.849 -2000.48 -0.798281
6.145 44.8496 2000.39 -19374.4 -44.8496 -2000.39 -0.647711
6.15 44.8497 2000.32 -19374.5 -44.8497 -2000.32 -0.525801
6.155 44.8494 2000.26 -19374.5 -44.8494 -2000.26 -0.426992
6.16 44.7899 2000.07 -19357.9 -44.7899 -2000.07 8.60987
6.165 44.6654 1999.93 -19311.6 -44.6654 -1999.93 16.1181
6.17 44.5031 1999.94 -19238.2 -44.5031 -1999.94 12.8508
6.175 44.2754 1999.94 -19136.5 -44.2754 -1999.94 9.55062
6.18 43.9881 1999.94 -19008.2 -43.9881 -1999.94 5.32371
6.185 43.6442 1999.89 -18856.2 -43.6442 -1999.89 1.87413
6.19 43.2571 1999.82 -18684.8 -43.2571 -1999.82 -2.25742
6.195 42.8372 1999.73 -18498.5 -42.8372 -1999.73 -7.126
6.2 42.3956 1999.62 -18302.3 -42.3956 -1999.62 -12.6341
6.205 41.9431 1999.49 -18100.9 -41.9431 -1999.49 -18.5331
6.21 41.4889 1999.37 -17898.7 -41.4889 -1999.37 -24.46
6.215 41.0482 1999.32 -17699.5 -41.0482 -1999.32 -33.35
6.22 40.6125 1999.25 -17505.4 -40.6125 -1999.25 -39.2566
6.225 40.1855 1999.16 -17318.1 -40.1855 -1999.16 -42.0753
6.23 39.7736 1999 -17138.4 -39.7736 -1999 -43.7792
6.235 39.3786 1998.89 -16967.1 -39.3786 -1998.89 -44.4895
6.24 39.0008 1998.9 -16804 -39.0008 -1998.9 -44.3888
6.245 38.6378 1998.94 -16648.1 -38.6378 -1998.94 -43.4436
6.25 38.2884 1998.99 -16498.7 -38.2884 -1998.99 -41.9296
6.255 37.9516 1999.11 -16354.4 -37.9516 -1999.11 -40.7554
6.26 37.6223 1999.16 -16214.9 -37.6223 -1999.16 -37.9833
6.265 37.3034 1999.22 -16080 -37.3034 -1999.22 -35.0496
6.27 36.9934 1999.28 -15949.1 -36.9934 -1999.28 -32.0695
6.275 36.6893 1997.91 -15820.6 -36.6893 -1997.91 -29.1911
6.28 36.4029 1997.29 -15700 -36.4029 -1997.29 -26.1026
6.285 36.1358 1997.57 -15587.4 -36.1358 -1997.57 -23.2686
6.29 35.8765 1997.95 -15477.7 -35.8765 -1997.95 -20.8811
6.295 35.6209 1998.28 -15369.6 -35.6209 -1998.28 -18.665
6.3 35.3686 1998.55 -15262.6 -35.3686 -1998.55 -16.6321
6.305 35.119 1998.77 -15156.6 -35.119 -1998.77 -14.7845
6.31 34.851 2000.67 -15046 -34.851 -2000.67 -9.65027
6.315 34.567 2001.54 -14926.6 -34.567 -2001.54 -6.37778
6.32 34.2762 2001.21 -14801.4 -34.2762 -2001.21 -5.95184
6.325 33.9875 2000.97 -14677.1 -33.9875 -2000.97 -5.54507
6.33 33.7005 2000.78 -14553.5 -33.7005 -2000.78 -5.15522
6.335 33.4147 2000.63 -14430.4 -33.4147 -2000.63 -4.76403
6.34 33.1303 2000.5 -14307.9 -33.1303 -2000.5 -4.38147
6.345 32.8475 2000.21 -14186 -32.8475 -2000.21 -4.12165
6.35 32.57 1999.54 -14066.7 -32.57 -1999.54 -3.58648
6.355 32.3017 1999.47 -13951.4 -32.3017 -1999.47 -2.93646
6.36 32.0427 1998.58 -13837.4 -32.0427 -1998.58 -5.00673
6.365 31.803 1998.5 -13735.5 -31.803 -1998.5 -3.40684
6.37 31.5481 2000.99 -13629.1 -31.5481 -2000.99 0.288944
6.375 31.2697 2000.8 -13508.5 -31.2697 -2000.8 0.0234128
6.38 30.9941 2000.65 -13389.3 -30.9941 -2000.65 -0.172352
6.385 30.7213 2000.53 -13271.3 -30.7213 -2000.53 -0.311447
6.39 30.4514 2000.42 -13154.6 -30.4514 -2000.42 -0.406961
6.395 30.1842 2000.34 -13039.1 -30.1842 -2000.34 -0.469251
6.4 29.9156 2000.57 -12923.6 -29.9156 -2000.57 0.115574
6.405 29.6414 1999.94 -12805.3 -29.6414 -1999.94 0.244622
6.41 29.3943 1998.48 -12697.4 -29.3943 -1998.48 -0.933722
6.415 29.1757 1998.34 -12602.6 -29.1757 -1998.34 -1.27884
6.42 28.9662 1998.37 -12512 -28.9662 -1998.37 -1.41461
6.425 28.7623 1998.67 -12424.1 -28.7623 -1998.67 -1.22128
6.43 28.5609 1998.75 -12337 -28.5609 -1998.75 -1.297
6.435 28.3936 1995.99 -12261.3 -28.3936 -1995.99 -4.73923
6.44 28.2502 1996.35 -12198.5 -28.2502 -1996.35 -5.5467
6.445 28.127 1996.68 -12144.4 -28.127 -1996.68 -6.45784
6.45 27.9999 1996.87 -12090.9 -27.9999 -1996.87 -5.02884
6.455 27.727 2001.09 -11987.3 -27.727 -2001.09 9.24699
6.46 27.4368 2001.51 -11862.4 -27.4368 -2001.51 9.70262
6.465 27.1469 2001.21 -11735.1 -27.1469 -2001.21 7.64927
6.47 26.8634 2001.03 -11609 -26.8634 -2001.03 4.00556
6.475 26.4207 2003.18 -11428.5 -26.4207 -2003.18 14.7901
6.48 25.9789 2001.83 -11237 -25.9789 -2001.83 14.0936
6.485 25.5659 2001.04 -11054.6 -25.5659 -2001.04 10.1468
6.49 25.1609 2000.65 -10876.8 -25.1609 -2000.65 7.33076
6.495 24.7521 2000.75 -10700.1 -24.7521 -2000.75 7.16787
6.5 24.1872 2002.65 -10468.8 -24.1872 -2002.65 19.8719
6.505 23.6074 2002.94 -10221.6 -23.6074 -2002.94 23.238
6.51 23.0333 2003.01 -9973.65 -23.0333 -2003.01 23.2801
6.515 22.4821 2002.34 -9730.34 -22.4821 -2002.34 18.091
6.52 21.9611 2001.63 -9497.11 -21.9611 -2001.63 9.93025
6.525 21.3684 2002.62 -9246.99 -21.3684 -2002.62 15.8524
6.53 20.6959 2003.76 -8966.5 -20.6959 -2003.76 25.8641
6.535 20.0679 2003.03 -8690.15 -20.0679 -2003.03 20.8017
6.54 19.4516 2002.46 -8419.8 -19.4516 -2002.46 16.6959
6.545 18.8472 2002 -8155.36 -18.8472 -2002 13.383
6.55 18.2538 2001.75 -7895.09 -18.2538 -2001.75 9.45941
6.555 17.5925 2002.62 -7617.52 -17.5925 -2002.62 17.575
6.56 16.8725 2003.45 -7315.64 -16.8725 -2003.45 26.7365
6.565 16.2046 2002.81 -7020.53 -16.2046 -2002.81 20.1246
6.57 15.5597 2002.12 -6736.21 -15.5597 -2002.12 14.422
6.575 14.8883 2002.2 -6448.33 -14.8883 -2002.2 16.5753
6.58 14.2139 2002.25 -6158.55 -14.2139 -2002.25 18.1328
6.585 13.5708 2001.82 -5877.22 -13.5708 -2001.82 14.6291
6.59 12.8162 2003.14 -5565.95 -12.8162 -2003.14 29.3464
6.595 12.0983 2003.5 -5260.21 -12.0983 -2003.5 33.7608
6.6 11.4319 2002.84 -4965.97 -11.4319 -2002.84 27.3759
6.605 10.786 2002.3 -4681.75 -10.786 -2002.3 22.1959
6.61 10.1616 2001.87 -4407.8 -10.1616 -2001.87 17.9934
6.615 9.55967 2001.52 -4144.36 -9.55967 -2001.52 14.5844
6.62 8.98108 2001.23 -3891.65 -8.98108 -2001.23 11.8194
6.625 8.42655 2001 -3649.85 -8.42655 -2001 9.5768
6.63 7.89674 2000.81 -3419.15 -7.89674 -2000.81 7.75829
6.635 7.39222 2000.66 -3199.72 -7.39222 -2000.66 6.28386
6.64 6.88791 2000.82 -2984.15 -6.88791 -2000.82 8.5762
6.645 6.36375 2001.18 -2762.41 -6.36375 -2001.18 13.2721
6.65 5.88978 2000.95 -2555.16 -5.88978 -2000.95 10.7713
6.655 5.44814 2000.68 -2361.86 -5.44814 -2000.68 8.26069
6.66 5.03629 2000.47 -2181.96 -5.03629 -2000.47 6.28578
6.665 4.65145 2000.38 -2014.52 -4.65145 -2000.38 5.09405
6.67 4.29466 2000.31 -1859.42 -4.29466 -2000.31 4.1278
6.675 3.96538 2000.25 -1716.39 -3.96538 -2000.25 3.3445
6.68 3.66298 2000.2 -1585.12 -3.66298 -2000.2 2.70963
6.685 3.38677 2000.16 -1465.28 -3.38677 -2000.16 2.19514
6.69 3.13603 2000.13 -1356.54 -3.13603 -2000.13 1.77828
6.695 2.90994 2000.11 -1258.53 -2.90994 -2000.11 1.44057
6.7 2.70858 2000.06 -1171.15 -2.70858 -2000.06 1.0389
6.705 2.53021 2000.03 -1093.79 -2.53021 -2000.03 0.738151
6.71 2.3732 2000.02 -1025.82 -2.3732 -2000.02 0.596929
6.715 2.23678 2000.02 -966.762 -2.23678 -2000.02 0.473528
6.72 2.11952 2000.01 -916.008 -2.11952 -2000.01 0.377514
6.725 2.01983 2000.01 -872.873 -2.01983 -2000.01 0.305646
6.73 1.93597 2000.01 -836.589 -1.93597 -2000.01 0.247556
6.735 1.86601 2000.01 -806.316 -1.86601 -2000.01 0.200561
6.74 1.80792 2000 -781.183 -1.80792 -2000 0.162527
6.745 1.75972 2000 -760.329 -1.75972 -2000 0.131752
6.75 1.71958 2000 -742.966 -1.71958 -2000 0.106835
6.755 1.68594 2000 -728.413 -1.68594 -2000 0.0866509
6.76 1.65749 2000 -716.108 -1.65749 -2000 0.0702927
6.765 1.63321 2000 -705.603 -1.63321 -2000 0.0570305
6.77 1.61228 2000 -696.551 -1.61228 -2000 0.0462753
6.775 1.5941 2000 -688.69 -1.5941 -2000 0.0375512
6.78 1.57829 2000 -681.852 -1.57829 -2000 0.0304739
6.785 1.56472 2000 -675.982 -1.56472 -2000 0.0247321
6.79 1.55358 2000 -671.167 -1.55358 -2000 0.0200743
6.795 1.54549 2000 -667.668 -1.54549 -2000 0.0162967
6.8 1.54144 2000 -665.914 -1.54144 -2000 0.0132335
6.805 1.54381 2000 -666.792 -1.54381 -2000 -0.135213
6.81 1.55676 2000 -672.165 -1.55676 -2000 -0.354269
6.815 1.58167 2000 -682.995 -1.58167 -2000 -0.287448
6.82 1.62177 2000 -700.373 -1.62177 -2000 -0.232227
6.825 1.67914 2000 -725.205 -1.67914 -2000 -0.185269
6.83 1.75552 2000 -758.241 -1.75552 -2000 -0.142956
6.835 1.8522 2000 -800.05 -1.8522 -2000 -0.101185
6.84 1.97011 2000 -851.033 -1.97011 -2000 -0.055644
6.845 2.10984 2000 -911.448 -2.10984 -2000 -0.00179375
6.85 2.27173 2000 -981.454 -2.27173 -2000 0.0649926
6.855 2.45599 2000 -1061.14 -2.45599 -2000 0.149299
6.86 2.66271 2000 -1150.55 -2.66271 -2000 0.255536
6.865 2.89189 2000 -1249.69 -2.89189 -2000 0.387811
6.87 3.14347 2000 -1358.53 -3.14347 -2000 0.549755
6.875 3.41725 2000 -1477 -3.41725 -2000 0.744311
6.88 3.71292 2000 -1604.96 -3.71292 -2000 0.973459
6.885 4.03002 1999.99 -1742.21 -4.03002 -1999.99 1.23797
6.89 4.36791 1999.99 -1888.48 -4.36791 -1999.99 1.53708
6.895 4.72582 1999.99 -2043.42 -4.72582 -1999.99 1.8683
6.9 5.10284 1999.99 -2206.65 -5.10284 -1999.99 2.22758
6.905 5.49795 1999.99 -2377.72 -5.49795 -1999.99 2.60924
6.91 5.91005 1999.98 -2556.15 -5.91005 -1999.98 3.00621
6.915 6.33794 1999.98 -2741.4 -6.33794 -1999.98 3.4102
6.92 6.78026 1999.98 -2932.88 -6.78026 -1999.98 3.81186
6.925 7.23537 1999.98 -3129.88 -7.23537 -1999.98 4.20066
6.93 7.70135 1999.98 -3331.55 -7.70135 -1999.98 4.56511
6.935 8.17595 1999.97 -3536.91 -8.17595 -1999.97 4.89318
6.94 8.65666 1999.97 -3744.85 -8.65666 -1999.97 5.17329
6.945 9.14076 1999.97 -3954.2 -9.14076 -1999.97 5.39527
6.95 9.62538 1999.97 -4163.72 -9.62538 -1999.97 5.55123
6.955 10.1076 1999.97 -4372.11 -10.1076 -1999.97 5.63606
6.96 10.5728 2000.09 -4574.67 -10.5728 -2000.09 7.21664
6.965 10.9971 2000.36 -4761.4 -10.9971 -2000.36 10.6476
6.97 11.4218 2000.29 -4943.86 -11.4218 -2000.29 9.6579
6.975 11.8315 2000.24 -5119.95 -11.8315 -2000.24 8.75901
6.98 12.2234 2000.19 -5288.44 -12.2234 -2000.19 7.92545
6.985 12.5949 2000.16 -5448.13 -12.5949 -2000.16 7.14346
6.99 12.9432 2000.13 -5597.86 -12.9432 -2000.13 6.40475
6.995 13.2659 2000.1 -5736.57 -13.2659 -2000.1 5.70523
7 13.5608 2000.08 -5863.32 -13.5608 -2000.08 5.04395
7.005 13.8263 2000.07 -5977.38 -13.8263 -2000.07 4.42205
7.01 14.0609 2000.05 -6078.15 -14.0609 -2000.05 3.84168
7.015 14.2636 2000.04 -6165.16 -14.2636 -2000.04 3.3052
7.02 14.4334 2000.04 -6238.03 -14.4334 -2000.04 2.81456
7.025 14.5694 2000.03 -6296.34 -14.5694 -2000.03 2.37102
7.03 14.6705 2000.02 -6339.65 -14.6705 -2000.02 1.97527
7.035 14.7356 2000.02 -6367.41 -14.7356 -2000.02 1.62772
7.04 14.7633 2000.02 -6379.06 -14.7633 -2000.02 1.32896
7.045 14.7453 2000.01 -6371.97 -14.7453 -2000.01 2.01883
7.05 14.6726 2000.01 -6341.46 -14.6726 -2000.01 2.89468
7.055 14.549 2000.01 -6287.47 -14.549 -2000.01 2.32118
7.06 14.37 2000.01 -6209.63 -14.37 -2000.01 1.78867
7.065 14.1367 2000.01 -6108.3 -14.1367 -2000.01 1.23073
7.07 13.851 2000.01 -5984.22 -13.851 -2000.01 0.582145
7.075 13.5153 2000.01 -5838.4 -13.5153 -2000.01 -0.213604
7.08 13.1325 2000.01 -5672.05 -13.1325 -2000.01 -1.19757
7.085 12.7057 2000.01 -5486.47 -12.7057 -2000.01 -2.39035
7.09 12.2379 2000.01 -5282.98 -12.2379 -2000.01 -3.78931
7.095 11.7319 2000.01 -5062.83 -11.7319 -2000.01 -5.3681
7.1 11.1905 2000.01 -4827.22 -11.1905 -2000.01 -7.07871
7.105 10.6158 2000.01 -4577.16 -10.6158 -2000.01 -8.85614
7.11 10.0095 2000.01 -4313.46 -10.0095 -2000.01 -10.6253
7.115 9.37268 2000.01 -4036.69 -9.37268 -2000.01 -12.3102
7.12 8.62784 2000.84 -3724.05 -8.62784 -2000.84 -3.17814
7.125 7.86089 2001.17 -3395.74 -7.86089 -2001.17 -0.164609
7.13 7.0772 2000.97 -3053.67 -7.0772 -2000.97 -3.67613
7.135 6.25523 2000.8 -2695.8 -6.25523 -2000.8 -6.45578
7.14 5.39418 2000.67 -2321.7 -5.39418 -2000.67 -8.59034
7.145 4.49295 2000.56 -1930.8 -4.49295 -2000.56 -10.1557
7.15 3.55011 2000.47 -1522.42 -3.55011 -2000.47 -11.2269
7.155 2.56387 2000.39 -1095.71 -2.56387 -2000.39 -11.878
7.16 1.5526 1999.71 -655.734 -1.5526 -1999.71 -14.9889
7.165 0.47717 1999.53 -192.038 -0.47717 -1999.53 -14.0994
7.17 -0.68723 1999.95 306.184 0.68723 -1999.95 -9.3003
7.175 -1.89015 1999.96 825.994 1.89015 -1999.96 -9.45004
7.18 -3.19457 2000.44 1382.99 3.19457 -2000.44 -2.94153
7.185 -4.57101 2001.19 1972.89 4.57101 -2001.19 1.78977
7.19 -5.98561 2000.87 2586.86 5.98561 -2000.87 -1.07719
7.195 -7.44941 2000.28 3222.55 7.44941 -2000.28 -4.40774
7.2 -8.97458 2000.16 3881.95 8.97458 -2000.16 -4.93076
7.205 -10.5523 2000.09 4563.68 10.5523 -2000.09 -5.08655
7.21 -12.1767 1999.98 5265.81 12.1767 -1999.98 -5.49177
7.215 -13.8051 1999.22 5975.31 13.8051 -1999.22 -11.4925
7.22 -15.3991 1998.36 6673.03 15.3991 -1998.36 -20.5972
7.225 -17.0232 1997.92 7377.37 17.0232 -1997.92 -23.3534
7.23 -18.4768 1994.96 8031.05 18.4768 -1994.96 -49.0666
7.235 -19.8857 1993.57 8652.39 19.8857 -1993.57 -61.7736
7.24 -21.5777 2010.74 9343.26 21.5777 -2010.74 -21.7065
7.245 -22.9484 2018.51 9938.57 22.9484 -2018.51 -24.8462
7.25 -24.0943 2016.23 10444.8 24.0943 -2016.23 -36.0575
7.255 -25.2118 2011.82 10927.9 25.2118 -2011.82 -36.3824
7.26 -26.2026 2010.87 11375 26.2026 -2010.87 -55.4662
7.265 -27.25 2010.57 11826.2 27.25 -2010.57 -54.1922
7.27 -28.2112 2010.31 12245.9 28.2112 -2010.31 -58.6272
7.275 -29.0585 2010.7 12613.5 29.0585 -2010.7 -60.1884
7.28 -29.9176 2008.82 12970.9 29.9176 -2008.82 -46.4872
7.285 -30.6615 2008.9 13299.1 30.6615 -2008.9 -53.3021
7.29 -31.3881 2008.31 13613 31.3881 -2008.31 -53.3429
7.295 -32.0857 2007.41 13910.2 32.0857 -2007.41 -49.1824
7.3 -32.7211 2006.88 14183.3 32.7211 -2006.88 -47.8371
7.305 -33.3585 2005.6 14449.6 33.3585 -2005.6 -38.7547
7.31 -33.9547 2004.76 14702.6 33.9547 -2004.76 -34.1703
7.315 -34.5334 2003.81 14949.5 34.5334 -2003.81 -31.1182
7.32 -35.113 2003.11 15194.2 35.113 -2003.11 -25.4248
7.325 -35.6826 2002.55 15435.6 35.6826 -2002.55 -20.7682
7.33 -36.2358 2002.09 15671.8 36.2358 -2002.09 -17.8992
7.335 -36.7545 2001.56 15895.5 36.7545 -2001.56 -17.5732
7.34 -37.2644 2001.06 16113.9 37.2644 -2001.06 -15.6229
7.345 -37.7516 2000.48 16323.7 37.7516 -2000.48 -15.0474
7.35 -38.2249 2000.96 16527.8 38.2249 -2000.96 -14.6535
7.355 -38.6695 2001.39 16719.7 38.6695 -2001.39 -14.4786
7.36 -39.1053 2001.21 16903.9 39.1053 -2001.21 -10.4165
7.365 -39.5287 2001.07 17083.5 39.5287 -2001.07 -7.06019
7.37 -39.9374 2000.88 17258.7 39.9374 -2000.88 -5.74098
7.375 -40.3373 2000.71 17430.4 40.3373 -2000.71 -4.66475
7.38 -40.7196 2001.06 17596.2 40.7196 -2001.06 -5.3711
7.385 -41.0773 2001.47 17751.7 41.0773 -2001.47 -6.33401
7.39 -41.4248 2001.19 17900.7 41.4248 -2001.19 -5.14614
7.395 -41.7659 2000.97 18047.1 41.7659 -2000.97 -4.17937
7.4 -42.1073 2000.83 18191.2 42.1073 -2000.83 -0.902564
7.405 -42.4387 2000.7 18332.9 42.4387 -2000.7 0.570249
7.41 -42.7609 2000.57 18472.3 42.7609 -2000.57 0.46705
7.415 -43.0784 2000.47 18609.5 43.0784 -2000.47 0.384296
7.42 -43.3616 1999.86 18736.2 43.3616 -1999.86 -4.0131
7.425 -43.6406 1999.48 18859.3 43.6406 -1999.48 -6.57681
7.43 -43.93 1999.58 18983.1 43.93 -1999.58 -5.33609
7.435 -44.2064 2000.55 19103.1 44.2064 -2000.55 -5.93511
7.44 -44.4679 2001.07 19216.1 44.4679 -2001.07 -5.93231
7.445 -44.7185 2000.87 19323.2 44.7185 -2000.87 -4.80181
7.45 -44.9244 2000.2 19416.6 44.9244 -2000.2 -9.31498
7.455 -45.1148 1999.96 19502.7 45.1148 -1999.96 -13.0469
7.46 -45.3202 1999.97 19588.9 45.3202 -1999.97 -10.5963
7.465 -45.4432 1999.09 19651.8 45.4432 -1999.09 -20.2928
7.47 -45.5462 1998.46 19703.5 45.5462 -1998.46 -27.5303
7.475 -45.5481 1997.83 19714.3 45.5481 -1997.83 -37.5072
7.48 -45.5592 1998 19716.6 45.5592 -1998 -35.0224
7.485 -45.5817 1998.37 19719.8 45.5817 -1998.37 -28.4428
7.49 -45.6007 1998.68 19722.6 45.6007 -1998.68 -23.1039
7.495 -45.6166 1998.93 19725.1 45.6166 -1998.93 -18.7703
7.5 -45.6084 1998.2 19720.9 45.6084 -1998.2 -18.0208
7.505 -45.595 1997.69 19714.2 45.595 -1997.69 -17.1705
7.51 -45.5942 1998.12 19710.6 45.5942 -1998.12 -13.9499
7.515 -45.5915 1998.47 19706.9 45.5915 -1998.47 -11.3339
7.52 -45.5875 1998.76 19703 45.5875 -1998.76 -9.20877
7.525 -45.5824 1998.99 19699.1 45.5824 -1998.99 -7.48247
7.53 -45.5764 1999.18 19695.1 45.5764 -1999.18 -6.08011
7.535 -45.5697 1999.34 19691.1 45.5697 -1999.34 -4.94089
7.54 -45.5625 1999.46 19687 45.5625 -1999.46 -4.0154
7.545 -45.555 1999.56 19683 45.555 -1999.56 -3.26352
7.55 -45.5284 1998.77 19673.2 45.5284 -1998.77 -4.96698
7.555 -45.5065 1998.5 19664.2 45.5065 -1998.5 -5.36361
7.56 -45.491 1998.78 19656.5 45.491 -1998.78 -4.35824
7.565 -45.4753 1999.01 19648.9 45.4753 -1999.01 -3.54153
7.57 -45.4594 1999.19 19641.4 45.4594 -1999.19 -2.87805
7.575 -45.4527 1999.62 19636.7 45.4527 -1999.62 -1.12875
7.58 -45.4454 1999.88 19632.5 45.4454 -1999.88 -0.0936838
7.585 -45.4347 1999.91 19627.9 45.4347 -1999.91 -0.0772382
7.59 -45.4241 1999.92 19623.3 45.4241 -1999.92 -0.063797
7.595 -45.4138 1999.94 19618.8 45.4138 -1999.94 -0.0528041
7.6 -45.4038 1999.95 19614.5 45.4038 -1999.95 -0.0438063
7.605 -45.394 1999.96 19610.2 45.394 -1999.96 -0.036435
7.61 -45.3844 1999.97 19606.1 45.3844 -1999.97 -0.0303899
7.615 -45.375 1999.97 19602 45.375 -1999.97 -0.0254269
7.62 -45.3658 1999.98 19598.1 45.3658 -1999.98 -0.0213469
7.625 -45.3569 1999.98 19594.2 45.3569 -1999.98 -0.0179876
7.63 -45.3481 1999.99 19590.4 45.3481 -1999.99 -0.0152169
7.635 -45.3396 1999.99 19586.7 45.3396 -1999.99 -0.012927
7.64 -45.3313 1999.99 19583.1 45.3313 -1999.99 -0.0110302
7.645 -45.3231 1999.99 19579.6 45.3231 -1999.99 -0.00945531
7.65 -45.3152 1999.99 19576.2 45.3152 -1999.99 -0.00814438
7.655 -45.3075 1999.99 19572.8 45.3075 -1999.99 -0.00705048
7.66 -45.2999 2000 19569.6 45.2999 -2000 -0.00613549
7.665 -45.2925 2000 19566.4 45.2925 -2000 -0.00536836
7.67 -45.2744 1999.41 19559.8 45.2744 -1999.41 -1.26851
7.675 -6.5073 33.9914 2969.94 6.5073 -33.9914 -158.782
7.68 -6.32738 -57.2799 1620.81 6.32738 57.2799 1112.62
7.685 -111.206 2953.56 30633 111.206 -2953.56 17408.1
