0.1 8.76512e-32 200 5.41789e-14 -8.76512e-32 -200 -5.41789e-14
0.2 2.92171e-31 400 1.35003e-13 -2.92171e-31 -400 -1.35003e-13
0.3 1.16868e-31 600 -3.73035e-14 -1.16868e-31 -600 3.73035e-14
0.4 8.18078e-31 800 3.83693e-13 -8.18078e-31 -800 -3.83693e-13
0.5 3.50605e-31 1000 4.29878e-13 -3.50605e-31 -1000 -4.29878e-13
0.6 -1.63616e-30 1200 -5.71987e-13 1.63616e-30 -1200 5.71987e-13
0.7 0 1400 -9.05942e-13 -0 -1400 9.05942e-13
0.8 2.29354e-30 1600 -4.26326e-14 -2.29354e-30 -1600 4.26326e-14
0.9 -1.05181e-30 1800 1.49214e-13 1.05181e-30 -1800 -1.49214e-13
1 -9.34946e-31 2000 -7.24754e-13 9.34946e-31 -2000 7.24754e-13
0.005 -0.00106082 2000 0.45984 0.00106082 -2000 -0.00156729
0.01 -0.00529629 2000 2.29082 0.00529629 -2000 -0.00281958
0.015 -0.0137529 2000 5.94354 0.0137529 -2000 -0.00227388
0.02 -0.0264165 2000 11.4138 0.0264165 -2000 -0.00186522
0.025 -0.0432712 2000 18.6947 0.0432712 -2000 -0.00156342
0.03 -0.0643007 2000 27.7793 0.0643007 -2000 -0.001366
0.035 -0.0894878 2000 38.66 0.0894878 -2000 -0.00125329
0.04 -0.118815 2000 51.3292 0.118815 -2000 -0.0012181
0.045 -0.152263 2000 65.7788 0.152263 -2000 -0.00125449
0.05 -0.189813 2000 82.0005 0.189813 -2000 -0.00135755
0.055 -0.231444 2000 99.9853 0.231444 -2000 -0.00152319
0.06 -0.277136 2000 119.724 0.277136 -2000 -0.00174796
0.065 -0.326868 2000 141.209 0.326868 -2000 -0.00202899
0.07 -0.38062 2000 164.43 0.38062 -2000 -0.00236383
0.075 -0.438374 2000 189.38 0.438374 -2000 -0.00275045
0.08 -0.500111 2000 216.051 0.500111 -2000 -0.00318713
0.085 -0.565814 2000 244.435 0.565814 -2000 -0.00361757
0.09 -0.63546 2000 274.523 0.63546 -2000 -0.00404403
0.095 -0.709029 2000 306.305 0.709029 -2000 -0.00452245
0.1 -0.786499 2000 339.773 0.786499 -2000 -0.00504957
0.105 -0.867845 2000 374.914 0.867845 -2000 -0.00562346
0.11 -0.953038 2000 411.719 0.953038 -2000 -0.00624183
0.115 -1.04204 2000 450.17 1.04204 -2000 -0.00690247
0.12 -1.13483 2000 490.254 1.13483 -2000 -0.00760335
0.125 -1.23136 2000 531.958 1.23136 -2000 -0.00834268
0.13 -1.33163 2000 575.274 1.33163 -2000 -0.00911968
0.135 -1.43562 2000 620.198 1.43562 -2000 -0.00993389
0.14 -1.54332 2000 666.724 1.54332 -2000 -0.010785
0.145 -1.6547 2000 714.842 1.6547 -2000 -0.0116724
0.15 -1.76975 2000 764.544 1.76975 -2000 -0.0125955
0.155 -1.88843 2000 815.815 1.88843 -2000 -0.0135531
0.16 -2.01071 2000 868.639 2.01071 -2000 -0.0145441
0.165 -2.13654 2000 923.002 2.13654 -2000 -0.0155671
0.17 -2.26592 2000 978.894 2.26592 -2000 -0.0166216
0.175 -2.39881 2000 1036.3 2.39881 -2000 -0.0177074
0.18 -2.53518 2000 1095.22 2.53518 -2000 -0.0188234
0.185 -2.67496 2000 1155.6 2.67496 -2000 -0.0199674
0.19 -2.81811 2000 1217.44 2.81811 -2000 -0.0211372
0.195 -2.96457 2000 1280.72 2.96457 -2000 -0.0223312
0.2 -3.11432 2000 1345.41 3.11432 -2000 -0.0235492
0.205 -3.26736 2000 1411.52 3.26736 -2000 -0.0247924
0.21 -3.42369 2000 1479.06 3.42369 -2000 -0.0260628
0.215 -3.58331 2000 1548.02 3.58331 -2000 -0.0273623
0.22 -3.7462 2000 1618.39 3.7462 -2000 -0.0286915
0.225 -3.91234 2000 1690.16 3.91234 -2000 -0.0300501
0.23 -4.0817 2000 1763.33 4.0817 -2000 -0.031437
0.235 -4.25425 2000 1837.87 4.25425 -2000 -0.0328512
0.24 -4.42995 2000 1913.77 4.42995 -2000 -0.0342919
0.245 -4.60879 2000 1991.03 4.60879 -2000 -0.0357583
0.25 -4.79071 2000 2069.62 4.79071 -2000 -0.0372492
0.255 -4.97565 1999.99 2149.52 4.97565 -1999.99 -0.0387613
0.26 -5.16351 1999.99 2230.68 5.16351 -1999.99 -0.0402895
0.265 -5.35424 1999.99 2313.08 5.35424 -1999.99 -0.0418299
0.27 -5.54783 1999.99 2396.71 5.54783 -1999.99 -0.043384
0.275 -5.74431 1999.99 2481.59 5.74431 -1999.99 -0.0449576
0.28 -5.94369 1999.99 2567.72 5.94369 -1999.99 -0.046556
0.285 -6.14595 1999.99 2655.1 6.14595 -1999.99 -0.0481802
0.29 -6.35105 1999.99 2743.7 6.35105 -1999.99 -0.0498284
0.295 -6.55891 1999.99 2833.5 6.55891 -1999.99 -0.0514968
0.3 -6.76945 1999.99 2924.46 6.76945 -1999.99 -0.0531792
0.305 -6.98256 1999.99 3016.52 6.98256 -1999.99 -0.0548678
0.31 -7.19814 1999.99 3109.65 7.19814 -1999.99 -0.0565563
0.315 -7.41613 1999.99 3203.83 7.41613 -1999.99 -0.0582428
0.32 -7.6365 1999.99 3299.03 7.6365 -1999.99 -0.0599285
0.325 -7.85918 1999.99 3395.23 7.85918 -1999.99 -0.0616136
0.33 -8.08408 1999.99 3492.39 8.08408 -1999.99 -0.0632944
0.335 -8.31114 1999.99 3590.48 8.31114 -1999.99 -0.0649676
0.34 -8.54033 1999.99 3689.49 8.54033 -1999.99 -0.0666356
0.345 -8.77167 1999.99 3789.43 8.77167 -1999.99 -0.0683054
0.35 -9.00514 1999.99 3890.29 9.00514 -1999.99 -0.0699824
0.355 -9.24076 1999.99 3992.08 9.24076 -1999.99 -0.0716714
0.36 -9.47858 1999.99 4094.82 9.47858 -1999.99 -0.0733806
0.365 -9.71866 1999.99 4198.53 9.71866 -1999.99 -0.0751199
0.37 -9.96101 1999.99 4303.23 9.96101 -1999.99 -0.076896
0.375 -10.2056 1999.99 4408.92 10.2056 -1999.99 -0.0787096
0.38 -10.4525 1999.99 4515.57 10.4525 -1999.99 -0.0805573
0.385 -10.7016 1999.99 4623.16 10.7016 -1999.99 -0.0824328
0.39 -10.9527 1999.99 4731.64 10.9527 -1999.99 -0.0843254
0.395 -11.2057 1999.99 4840.95 11.2057 -1999.99 -0.0862197
0.4 -11.4605 1999.99 4951.03 11.4605 -1999.99 -0.0881003
0.405 -11.717 1999.99 5061.82 11.717 -1999.99 -0.0899581
0.41 -11.975 1999.99 5173.31 11.975 -1999.99 -0.0917919
0.415 -12.2346 1999.99 5285.46 12.2346 -1999.99 -0.093605
0.42 -12.4958 1999.99 5398.26 12.4958 -1999.99 -0.095401
0.425 -12.7584 1999.99 5511.71 12.7584 -1999.99 -0.097183
0.43 -13.0224 1999.99 5625.79 13.0224 -1999.99 -0.0989589
0.435 -13.2881 1999.99 5740.55 13.2881 -1999.99 -0.100744
0.44 -13.5554 1999.99 5856.03 13.5554 -1999.99 -0.10256
0.445 -13.8244 1999.99 5972.25 13.8244 -1999.99 -0.104416
0.45 -14.095 1999.99 6089.15 14.095 -1999.99 -0.106306
0.455 -14.367 1999.99 6206.67 14.367 -1999.99 -0.108205
0.46 -14.6403 1999.99 6324.7 14.6403 -1999.99 -0.110083
0.465 -14.9144 1999.99 6443.12 14.9144 -1999.99 -0.111907
0.47 -15.1891 1999.99 6561.81 15.1891 -1999.99 -0.113646
0.475 -15.4643 1999.99 6680.7 15.4643 -1999.99 -0.115286
0.48 -15.7399 1999.99 6799.77 15.7399 -1999.99 -0.116831
0.485 -16.0159 1999.99 6918.99 16.0159 -1999.99 -0.118296
0.49 -16.2922 1999.99 7038.34 16.2922 -1999.99 -0.119691
0.495 -16.5687 1999.99 7157.79 16.5687 -1999.99 -0.121022
0.5 -16.8454 1999.99 7277.32 16.8454 -1999.99 -0.122295
0.505 -17.1223 1999.99 7396.97 17.1223 -1999.99 -0.12353
0.51 -17.3997 1999.99 7516.82 17.3997 -1999.99 -0.124762
0.515 -17.6778 1999.99 7636.91 17.6778 -1999.99 -0.126025
0.52 -17.9564 1999.99 7757.3 17.9564 -1999.99 -0.127337
0.525 -18.2358 1999.99 7878.01 18.2358 -1999.99 -0.128706
0.53 -18.516 1999.99 7999.03 18.516 -1999.99 -0.130131
0.535 -18.7968 1999.99 8120.33 18.7968 -1999.99 -0.131597
0.54 -19.078 1999.99 8241.84 19.078 -1999.99 -0.133074
0.545 -19.3596 1999.98 8363.5 19.3596 -1999.98 -0.134539
0.55 -19.6415 1999.98 8485.24 19.6415 -1999.98 -0.135968
0.555 -19.9232 1999.98 8606.97 19.9232 -1999.98 -0.137334
0.56 -20.2047 1999.98 8728.58 20.2047 -1999.98 -0.138602
0.565 -20.4857 1999.98 8849.98 20.4857 -1999.98 -0.13975
0.57 -20.7662 1999.98 8971.13 20.7662 -1999.98 -0.140775
0.575 -21.046 1999.98 9092.02 21.046 -1999.98 -0.141689
0.58 -21.3252 1999.98 9212.61 21.3252 -1999.98 -0.142504
0.585 -21.6036 1999.98 9332.89 21.6036 -1999.98 -0.143226
0.59 -21.8812 1999.98 9452.84 21.8812 -1999.98 -0.143862
0.595 -22.1581 1999.98 9572.44 22.1581 -1999.98 -0.144421
0.6 -22.4342 1999.98 9691.72 22.4342 -1999.98 -0.144922
0.605 -22.7097 1999.98 9810.73 22.7097 -1999.98 -0.145395
0.61 -22.9816 2000 9928.6 22.9816 -2000 -0.548662
0.615 -23.2496 2000.01 10044.9 23.2496 -2000.01 -1.05325
0.62 -23.5193 2000.01 10161.2 23.5193 -2000.01 -0.878858
0.625 -23.7881 2000 10277.2 23.7881 -2000 -0.739989
0.63 -24.0558 2000 10392.7 24.0558 -2000 -0.629339
0.635 -24.3224 2000 10507.8 24.3224 -2000 -0.53971
0.64 -24.5882 2000 10622.6 24.5882 -2000 -0.467138
0.645 -24.8459 2000.03 10734.9 24.8459 -2000.03 -1.43806
0.65 -25.1056 2000.04 10847.4 25.1056 -2000.04 -1.75809
0.655 -25.3677 2000.03 10960.3 25.3677 -2000.03 -1.44916
0.66 -25.63 2000.02 11073.4 25.63 -2000.02 -1.20332
0.665 -25.8922 2000.01 11186.5 25.8922 -2000.01 -1.00773
0.67 -26.1541 2000.01 11299.4 26.1541 -2000.01 -0.849523
0.675 -26.4124 2000.02 11411.2 26.4124 -2000.02 -1.05027
0.68 -26.6593 2000.05 11518.8 26.6593 -2000.05 -1.95092
0.685 -26.9075 2000.04 11625.6 26.9075 -2000.04 -1.61371
0.69 -27.1518 2000.03 11730.9 27.1518 -2000.03 -1.33999
0.695 -27.3918 2000.02 11834.4 27.3918 -2000.02 -1.12098
0.7 -27.6278 2000.02 11936.1 27.6278 -2000.02 -0.942622
0.705 -27.8443 2000.11 12030.9 27.8443 -2000.11 -2.18299
0.71 -28.0585 2000.15 12123.9 28.0585 -2000.15 -2.60671
0.715 -28.273 2000.12 12216.1 28.273 -2000.12 -2.12902
0.72 -28.4847 2000.1 12307.1 28.4847 -2000.1 -1.74872
0.725 -28.6935 2000.08 12397 28.6935 -2000.08 -1.44585
0.73 -28.8993 2000.06 12485.7 28.8993 -2000.06 -1.1999
0.735 -29.0954 2000.08 12571.1 29.0954 -2000.08 -1.8605
0.74 -29.2862 2000.1 12653.9 29.2862 -2000.1 -2.31168
0.745 -29.4763 2000.08 12735.7 29.4763 -2000.08 -1.90213
0.75 -29.6625 2000.06 12815.8 29.6625 -2000.06 -1.56947
0.755 -29.8377 2000.1 12891.8 29.8377 -2000.1 -1.90099
0.76 -30.0056 2000.13 12964.5 30.0056 -2000.13 -2.12685
0.765 -30.1728 2000.1 13036.4 30.1728 -2000.1 -1.74709
0.77 -30.3377 2000.08 13107.3 30.3377 -2000.08 -1.43894
0.775 -30.5009 2000.06 13177.6 30.5009 -2000.06 -1.18892
0.78 -30.6632 2000.05 13247.5 30.6632 -2000.05 -0.986167
0.785 -30.8252 2000.04 13317.3 30.8252 -2000.04 -0.821885
0.79 -30.9872 2000.03 13387.1 30.9872 -2000.03 -0.688886
0.795 -31.1492 2000.02 13457 31.1492 -2000.02 -0.581252
0.8 -31.311 2000.02 13526.8 31.311 -2000.02 -0.494106
0.805 -31.472 2000.01 13596.3 31.472 -2000.01 -0.423428
0.81 -31.6317 2000.01 13665.2 31.6317 -2000.01 -0.365904
0.815 -31.7891 2000.01 13733.2 31.7891 -2000.01 -0.318823
0.82 -31.9304 2000.1 13795.7 31.9304 -2000.1 -1.72722
0.825 -32.0616 2000.18 13853.3 32.0616 -2000.18 -2.66971
0.83 -32.1943 2000.15 13910.1 32.1943 -2000.15 -2.17661
0.835 -32.3232 2000.12 13965.4 32.3232 -2000.12 -1.77619
0.84 -32.4482 2000.09 14019.1 32.4482 -2000.09 -1.45656
0.845 -32.569 2000.08 14071 32.569 -2000.08 -1.19661
0.85 -32.6858 2000.06 14121.3 32.6858 -2000.06 -0.984999
0.855 -32.7985 2000.05 14169.7 32.7985 -2000.05 -0.812564
0.86 -32.9068 2000.04 14216.4 32.9068 -2000.04 -0.671872
0.865 -33.0106 2000.03 14261.1 33.0106 -2000.03 -0.556839
0.87 -33.1092 2000.02 14303.6 33.1092 -2000.02 -0.462524
0.875 -33.2023 2000.02 14343.8 33.2023 -2000.02 -0.38496
0.88 -33.2899 2000.02 14381.6 33.2899 -2000.02 -0.320982
0.885 -33.3718 2000.01 14416.9 33.3718 -2000.01 -0.268055
0.89 -33.4481 2000.01 14449.8 33.4481 -2000.01 -0.224144
0.895 -33.5188 2000.01 14480.3 33.5188 -2000.01 -0.18761
0.9 -33.584 2000.01 14508.5 33.584 -2000.01 -0.157143
0.905 -33.644 2000 14534.3 33.644 -2000 -0.131678
0.91 -33.6986 2000 14557.9 33.6986 -2000 -0.110339
0.915 -33.7479 2000 14579.2 33.7479 -2000 -0.0923957
0.92 -33.7921 2000 14598.3 33.7921 -2000 -0.0772743
0.925 -33.8315 2000 14615.3 33.8315 -2000 -0.0645349
0.93 -33.8666 2000 14630.4 33.8666 -2000 -0.05389
0.935 -33.8977 2000 14643.9 33.8977 -2000 -0.0450001
0.94 -33.9251 2000 14655.7 33.9251 -2000 -0.0375022
0.945 -33.9489 2000 14666 33.9489 -2000 -0.0311827
0.95 -33.9693 2000 14674.8 33.9693 -2000 -0.0258564
0.955 -33.9862 2000 14682.1 33.9862 -2000 -0.0213662
0.96 -33.9995 2000 14687.8 33.9995 -2000 -0.0175816
0.965 -34.0091 2000 14691.9 34.0091 -2000 -0.0143962
0.97 -34.0145 2000 14694.3 34.0145 -2000 -0.0117252
0.975 -34.0152 2000 14694.6 34.0152 -2000 -0.00950807
0.98 -34.0089 1999.98 14692 34.0089 -1999.98 -0.11377
0.985 -33.9957 1999.97 14686.3 33.9957 -1999.97 -0.177213
0.99 -33.9755 1999.97 14677.6 33.9755 -1999.97 -0.143536
0.995 -33.9479 1999.98 14665.6 33.9479 -1999.98 -0.116256
1 -33.9132 1999.98 14650.6 33.9132 -1999.98 -0.0941571
1.005 -33.8717 1999.99 14632.6 33.8717 -1999.99 -0.0762573
1.01 -33.8237 1999.99 14611.9 33.8237 -1999.99 -0.0617596
1.015 -33.7695 1999.99 14588.5 33.7695 -1999.99 -0.0499922
1.02 -33.7091 1999.99 14562.4 33.7091 -1999.99 -0.0404243
1.025 -33.6425 1999.99 14533.6 33.6425 -1999.99 -0.0325993
1.03 -33.5694 2000 14502 33.5694 -2000 -0.0263728
1.035 -33.4896 2000 14467.5 33.4896 -2000 -0.0211974
1.04 -33.4022 2000 14429.8 33.4022 -2000 -0.0169747
1.045 -33.3067 2000 14388.5 33.3067 -2000 -0.0136733
1.05 -33.2024 2000 14343.4 33.2024 -2000 -0.011024
1.055 -33.0887 2000 14294.3 33.0887 -2000 -0.00886313
1.06 -32.9652 2000 14241 32.9652 -2000 -0.00708915
1.065 -32.8315 2000 14183.2 32.8315 -2000 -0.00542291
1.07 -32.6873 2000 14120.9 32.6873 -2000 -0.00410666
1.075 -32.5329 2000 14054.2 32.5329 -2000 -0.00311336
1.08 -32.3687 2000 13983.3 32.3687 -2000 -0.00224696
1.085 -32.1952 2000 13908.3 32.1952 -2000 -0.0010735
1.09 -32.0123 2000 13829.3 32.0123 -2000 -0.000185909
1.095 -31.8204 2000 13746.4 31.8204 -2000 0.000409899
1.1 -31.6197 2000 13659.7 31.6197 -2000 0.0010552
1.105 -31.3924 2000.13 13563.1 31.3924 -2000.13 -1.5981
1.11 -31.1416 2000.26 13456.9 31.1416 -2000.26 -3.74008
1.115 -30.8859 2000.24 13346.4 30.8859 -2000.24 -3.74096
1.12 -30.6218 2000.19 13231.6 30.6218 -2000.19 -3.01493
1.125 -30.3466 2000.15 13112.2 30.3466 -2000.15 -2.43906
1.13 -30.06 2000.12 12987.9 30.06 -2000.12 -1.97298
1.135 -29.7616 2000.1 12858.6 29.7616 -2000.1 -1.59483
1.14 -29.451 2000.08 12724.1 29.451 -2000.08 -1.28823
1.145 -29.1289 2000.07 12584.7 29.1289 -2000.07 -1.04001
1.15 -28.7748 2000.2 12433.6 28.7748 -2000.2 -2.83088
1.155 -28.4126 2000.24 12277.7 28.4126 -2000.24 -3.43689
1.16 -28.0452 2000.2 12118.3 28.0452 -2000.2 -2.7776
1.165 -27.653 2000.24 11950.5 27.653 -2000.24 -4.42668
1.17 -27.2536 2000.24 11778.5 27.2536 -2000.24 -4.93041
1.175 -26.8501 2000.2 11603.2 26.8501 -2000.2 -3.95898
1.18 -26.4157 2000.28 11416.7 26.4157 -2000.28 -5.13359
1.185 -25.963 2000.33 11221.7 25.963 -2000.33 -5.7274
1.19 -25.5027 2000.27 11021.8 25.5027 -2000.27 -4.59454
1.195 -25.0265 2000.22 10815.1 25.0265 -2000.22 -3.69356
1.2 -24.5135 2000.27 10595.5 24.5135 -2000.27 -5.62913
1.205 -23.9815 2000.28 10366.5 23.9815 -2000.28 -6.53494
1.21 -23.4401 2000.23 10131.4 23.4401 -2000.23 -5.26367
1.215 -22.8824 2000.19 9889.42 22.8824 -2000.19 -4.23231
1.22 -22.2968 2000.21 9637.52 22.2968 -2000.21 -5.29096
1.225 -21.7011 2000.21 9380.34 21.7011 -2000.21 -5.45979
1.23 -21.1003 2000.17 9119.73 21.1003 -2000.17 -4.40295
1.235 -20.4834 2000.17 8853.43 20.4834 -2000.17 -4.58279
1.24 -19.8532 2000.17 8581.56 19.8532 -2000.17 -4.97128
1.245 -19.2209 2000.14 8307.45 19.2209 -2000.14 -4.00643
1.25 -18.5804 2000.11 8029.95 18.5804 -2000.11 -3.22388
1.255 -17.9301 2000.09 7748.41 17.9301 -2000.09 -2.58305
1.26 -17.2681 2000.07 7461.88 17.2681 -2000.07 -2.06502
1.265 -16.5921 2000.06 7169.41 16.5921 -2000.06 -1.647
1.27 -15.9 2000.05 6870.1 15.9 -2000.05 -1.30641
1.275 -15.19 2000.04 6563.11 15.19 -2000.04 -1.03239
1.28 -14.4605 2000.03 6247.76 14.4605 -2000.03 -0.806461
1.285 -13.7106 2000.02 5923.59 13.7106 -2000.02 -0.61732
1.29 -12.9398 2000.02 5590.46 12.9398 -2000.02 -0.464297
1.295 -12.1484 2000.01 5248.45 12.1484 -2000.01 -0.325918
1.3 -11.337 2000.01 4897.79 11.337 -2000.01 -0.20287
1.305 -10.5064 2000 4538.87 10.5064 -2000 -0.0971486
1.31 -9.65748 2000 4172.04 9.65748 -2000 -0.0136978
1.315 -8.79082 1999.99 3797.59 8.79082 -1999.99 0.0483842
1.32 -7.90735 1999.99 3415.86 7.90735 -1999.99 0.111791
1.325 -7.00855 1999.97 3027.49 7.00855 -1999.97 0.206464
1.33 -6.09553 1999.96 2633.02 6.09553 -1999.96 0.249434
1.335 -5.1702 1999.95 2233.25 5.1702 -1999.95 0.282024
1.34 -4.2351 1999.93 1829.21 4.2351 -1999.93 0.355806
1.345 -3.29192 1999.89 1421.68 3.29192 -1999.89 0.426471
1.35 -2.3418 1999.84 1011.31 2.3418 -1999.84 0.350814
1.355 -1.38768 1999.75 599.15 1.38768 -1999.75 0.326454
1.36 -0.431429 1999.62 186.175 0.431429 -1999.62 0.202495
1.365 0.529072 1999.57 -228.48 -0.529072 -1999.57 -0.0794732
1.37 1.49155 1999.51 -643.71 -1.49155 -1999.51 -0.638258
1.375 2.44819 1999.24 -1054.37 -2.44819 -1999.24 -3.24519
1.38 3.36229 1998.97 -1450.67 -3.36229 -1998.97 -1.83735
1.385 4.26799 1999.04 -1844.37 -4.26799 -1999.04 0.600966
1.39 5.18648 1999.18 -2241.16 -5.18648 -1999.18 0.604776
1.395 6.10955 1999.3 -2639.98 -6.10955 -1999.3 0.653688
1.4 7.0373 1999.4 -3040.84 -7.0373 -1999.4 0.72807
1.405 7.96978 1999.48 -3443.76 -7.96978 -1999.48 0.813204
1.41 8.90697 1999.55 -3848.71 -8.90697 -1999.55 0.899141
1.415 9.84887 1999.6 -4255.69 -9.84887 -1999.6 0.980324
1.42 10.7956 1999.65 -4664.74 -10.7956 -1999.65 1.05437
1.425 11.7475 1999.68 -5076.05 -11.7475 -1999.68 1.12092
1.43 12.7054 1999.71 -5489.93 -12.7054 -1999.71 1.18082
1.435 13.6701 1999.74 -5906.72 -13.6701 -1999.74 1.23543
1.44 14.6421 1999.75 -6326.67 -14.6421 -1999.75 1.28613
1.445 15.6216 1999.77 -6749.87 -15.6216 -1999.77 1.33405
1.45 16.6088 1999.78 -7176.38 -16.6088 -1999.78 1.38013
1.455 17.604 1999.79 -7606.34 -17.604 -1999.79 1.42523
1.46 18.6077 1999.79 -8039.98 -18.6077 -1999.79 1.47027
1.465 19.6201 1999.8 -8477.41 -19.6201 -1999.8 1.51594
1.47 20.6409 1999.8 -8918.43 -20.6409 -1999.8 1.56228
1.475 21.6369 1999.93 -9353.1 -21.6369 -1999.93 5.93707
1.48 22.6433 2000 -9790.04 -22.6433 -2000 8.13845
1.485 23.6438 2000.04 -10223.3 -23.6438 -2000.04 9.19874
1.49 24.6152 2000.2 -10647.2 -24.6152 -2000.2 13.4176
1.495 25.5875 2000.27 -11069.2 -25.5875 -2000.27 15.3656
1.5 26.5499 2000.37 -11485 -26.5499 -2000.37 15.4288
1.505 27.4361 2000.75 -11874.5 -27.4361 -2000.75 22.1117
1.51 28.3439 2000.71 -12266.5 -28.3439 -2000.71 21.9574
1.515 29.2221 2000.88 -12646.2 -29.2221 -2000.88 22.2752
1.52 30.0101 2001.6 -12993.8 -30.0101 -2001.6 29.409
1.525 30.7796 2001.82 -13328.2 -30.7796 -2001.82 31.4272
1.53 31.5782 2001.43 -13667.6 -31.5782 -2001.43 25.8382
1.535 32.3773 2001.12 -14008.4 -32.3773 -2001.12 21.4122
1.54 33.1432 2001.2 -14338.5 -33.1432 -2001.2 20.6508
1.545 33.8505 2001.47 -14646.7 -33.8505 -2001.47 23.2964
1.55 34.5702 2001.23 -14955.5 -34.5702 -2001.23 21.1266
1.555 35.295 2000.96 -15265.1 -35.295 -2000.96 17.6833
1.56 36.0188 2000.74 -15575 -36.0188 -2000.74 14.9078
1.565 36.7392 2000.59 -15884.2 -36.7392 -2000.59 12.9036
1.57 37.4059 2000.81 -16172.8 -37.4059 -2000.81 13.4608
1.575 38.0782 2000.64 -16461.8 -38.0782 -2000.64 11.9969
1.58 38.7287 2000.61 -16743.8 -38.7287 -2000.61 12.9951
1.585 39.386 2000.49 -17026.6 -39.386 -2000.49 11.8623
1.59 40.0236 2000.52 -17303.6 -40.0236 -2000.52 13.4356
1.595 40.6432 2000.57 -17573.1 -40.6432 -2000.57 15.1799
1.6 41.2636 2000.63 -17839.7 -41.2636 -2000.63 13.7934
1.605 41.8401 2000.97 -18092.1 -41.8401 -2000.97 17.2275
1.61 42.399 2001.07 -18337 -42.399 -2001.07 20.634
1.615 42.9563 2001.02 -18578.1 -42.9563 -2001.02 20.9975
1.62 43.4825 2001.05 -18807 -43.4825 -2001.05 22.5181
1.625 44.0195 2000.81 -19035.7 -44.0195 -2000.81 19.2925
1.63 44.497 2001.15 -19248.2 -44.497 -2001.15 25.501
1.635 44.9769 2001.24 -19457.5 -44.9769 -2001.24 27.4423
1.64 45.4178 2001.64 -19648.8 -45.4178 -2001.64 28.3189
1.645 45.8519 2001.64 -19834.4 -45.8519 -2001.64 26.3775
1.65 46.2476 2001.7 -20007 -46.2476 -2001.7 28.0622
1.655 46.6244 2001.88 -20168.5 -46.6244 -2001.88 26.7358
1.66 46.979 2001.79 -20321.1 -46.979 -2001.79 26.1719
1.665 47.318 2001.59 -20467.3 -47.318 -2001.59 25.9173
1.67 47.6544 2001.33 -20610.1 -47.6544 -2001.33 23.4028
1.675 47.9748 2001.22 -20746.3 -47.9748 -2001.22 21.1662
1.68 48.2868 2000.96 -20879.6 -48.2868 -2000.96 19.6615
1.685 48.5916 2000.92 -21009 -48.5916 -2000.92 17.4683
1.69 48.8806 2001.02 -21130.9 -48.8806 -2001.02 14.4274
1.695 49.1522 2000.84 -21247.4 -49.1522 -2000.84 13.6319
1.7 49.412 2000.63 -21360.4 -49.412 -2000.63 14.4797
1.705 49.6607 2000.48 -21469.4 -49.6607 -2000.48 15.9996
1.71 49.8846 2000.47 -21569.7 -49.8846 -2000.47 19.5471
1.715 50.0981 2000.34 -21663.9 -50.0981 -2000.34 21.4653
1.72 50.2956 2000.2 -21751.1 -50.2956 -2000.2 23.4085
1.725 50.461 2000.36 -21825 -50.461 -2000.36 25.791
1.73 50.5609 2000.47 -21877.2 -50.5609 -2000.47 34.9035
1.735 50.5669 2000.15 -21898.6 -50.5669 -2000.15 53.6672
1.74 50.5281 1999.73 -21894.3 -50.5281 -1999.73 66.1319
1.745 50.4459 1999.18 -21862.4 -50.4459 -1999.18 69.7795
1.75 50.2159 1998.34 -21778.2 -50.2159 -1998.34 84.8991
1.755 49.9973 1998.15 -21679.7 -49.9973 -1998.15 80.8548
1.76 49.7919 1999.03 -21576.5 -49.7919 -1999.03 66.4052
1.765 49.5595 1999.44 -21465.5 -49.5595 -1999.44 55.8215
1.77 49.2961 1999.44 -21345.7 -49.2961 -1999.44 49.7468
1.775 48.9832 1999.19 -21210.2 -48.9832 -1999.19 49.4799
1.78 48.6514 1998.99 -21064.2 -48.6514 -1998.99 46.8533
1.785 48.3169 1998.88 -20913.4 -48.3169 -1998.88 40.4913
1.79 47.9791 1998.89 -20758.7 -47.9791 -1998.89 31.7235
1.795 47.6304 1999.03 -20601.1 -47.6304 -1999.03 24.7474
1.8 47.2865 1999.34 -20445.2 -47.2865 -1999.34 17.4536
1.805 46.9161 1999.28 -20284.2 -46.9161 -1999.28 16.4237
1.81 46.5331 1999.17 -20118 -46.5331 -1999.17 15.7017
1.815 46.1311 1999.01 -19944.5 -46.1311 -1999.01 15.8932
1.82 45.7106 1998.85 -19764.2 -45.7106 -1998.85 17.1945
1.825 45.3428 1999.18 -19595.5 -45.3428 -1999.18 7.42356
1.83 45.0983 1999.83 -19472.3 -45.0983 -1999.83 -10.1659
1.835 44.8081 1999.86 -19348 -44.8081 -1999.86 -9.12205
1.84 44.5199 1999.92 -19223.7 -44.5199 -1999.92 -8.95728
1.845 44.224 1999.84 -19097.1 -44.224 -1999.84 -7.6467
1.85 43.9245 1999.77 -18968.7 -43.9245 -1999.77 -6.68919
1.855 43.6161 1999.66 -18837.9 -43.6161 -1999.66 -4.21123
1.86 43.3434 1999.86 -18716.1 -43.3434 -1999.86 -8.24651
1.865 43.1195 2000.17 -18613.2 -43.1195 -2000.17 -14.431
1.87 42.8659 2000.01 -18507.3 -42.8659 -2000.01 -10.7154
1.875 42.6058 1999.74 -18398.5 -42.6058 -1999.74 -7.20682
1.88 42.3418 1999.53 -18287.3 -42.3418 -1999.53 -4.36638
1.885 42.0742 1999.44 -18173.8 -42.0742 -1999.44 -2.20648
1.89 41.8006 1999.34 -18057.5 -41.8006 -1999.34 -0.318539
1.895 41.5202 1999.23 -17938.1 -41.5202 -1999.23 1.37278
1.9 41.223 1998.95 -17812.6 -41.223 -1998.95 4.2328
1.905 40.9177 1998.76 -17682.6 -40.9177 -1998.76 6.21032
1.91 40.6224 1998.87 -17553.5 -40.6224 -1998.87 4.63993
1.915 40.3671 1999.23 -17438.2 -40.3671 -1999.23 -0.340917
1.92 40.357 2000.86 -17395.4 -40.357 -2000.86 -38.8616
1.925 40.2964 2001.49 -17355.5 -40.2964 -2001.49 -52.5407
1.93 40.1691 2001.07 -17311.4 -40.1691 -2001.07 -41.6649
1.935 40.0378 2000.6 -17264.4 -40.0378 -2000.6 -31.9728
1.94 39.8974 2000.1 -17212.2 -39.8974 -2000.1 -23.4802
1.945 39.8137 2000.33 -17173.8 -39.8137 -2000.33 -25.7311
1.95 39.8345 2000.96 -17173.3 -39.8345 -2000.96 -35.1649
1.955 39.8089 2000.71 -17169.2 -39.8089 -2000.71 -28.1957
1.96 39.7859 2000.51 -17164.9 -39.7859 -2000.51 -22.5497
1.965 39.7647 2000.35 -17160.4 -39.7647 -2000.35 -17.9578
1.97 39.7447 2000.2 -17155.5 -39.7447 -2000.2 -14.217
1.975 39.7151 1999.75 -17147.2 -39.7151 -1999.75 -9.70786
1.98 39.6902 1999.56 -17139.4 -39.6902 -1999.56 -6.82133
1.985 39.669 1999.57 -17131.8 -39.669 -1999.57 -5.22971
1.99 39.635 1999.23 -17120.2 -39.635 -1999.23 -2.1763
1.995 39.6014 1999.07 -17107.5 -39.6014 -1999.07 -0.269158
2 39.5727 1999.18 -17095.4 -39.5727 -1999.18 0.0021086
2.005 39.5435 1999.27 -17083 -39.5435 -1999.27 0.171413
2.01 39.537 1999.65 -17078.1 -39.537 -1999.65 -1.90098
2.015 39.5215 1999.67 -17071.9 -39.5215 -1999.67 -1.38503
2.02 39.5056 1999.68 -17065.5 -39.5056 -1999.68 -0.965393
2.025 39.4895 1999.69 -17058.8 -39.4895 -1999.69 -0.617454
2.03 39.4729 1999.69 -17052 -39.4729 -1999.69 -0.326433
2.035 39.4558 1999.69 -17044.8 -39.4558 -1999.69 -0.080092
2.04 39.4381 1999.68 -17037.4 -39.4381 -1999.68 0.131683
2.045 39.4198 1999.67 -17029.7 -39.4198 -1999.67 0.317276
2.05 39.4006 1999.66 -17021.6 -39.4006 -1999.66 0.483716
2.055 39.3807 1999.65 -17013.1 -39.3807 -1999.65 0.636993
2.06 39.3598 1999.62 -17004.2 -39.3598 -1999.62 0.78227
2.065 39.3378 1999.6 -16994.9 -39.3378 -1999.6 0.924071
2.07 39.3147 1999.57 -16985 -39.3147 -1999.57 1.0666
2.075 39.2904 1999.54 -16974.7 -39.2904 -1999.54 1.21424
2.08 39.2646 1999.5 -16963.7 -39.2646 -1999.5 1.37201
2.085 39.2308 1999.19 -16950.1 -39.2308 -1999.19 2.38312
2.09 39.1911 1998.91 -16933.8 -39.1911 -1998.91 3.27769
2.095 39.1534 1998.98 -16917.3 -39.1534 -1998.98 3.02446
2.1 39.1133 1999.02 -16899.8 -39.1133 -1999.02 2.87522
2.105 39.0596 1998.35 -16877.9 -39.0596 -1998.35 4.11494
2.11 38.9879 1997.75 -16848.6 -38.9879 -1997.75 5.80374
2.115 38.882 1996.8 -16805.9 -38.882 -1996.8 8.88855
2.12 38.7821 1999.9 -16758.7 -38.7821 -1999.9 4.81478
2.125 38.6735 2002.46 -16708.4 -38.6735 -2002.46 1.40706
2.13 38.6338 2004.4 -16685.9 -38.6338 -2004.4 -3.92327
2.135 38.5823 2003.66 -16663 -38.5823 -2003.66 -4.52954
2.14 38.5245 2002.8 -16639.2 -38.5245 -2002.8 -3.39125
2.145 38.4643 2002.1 -16614.3 -38.4643 -2002.1 -2.25529
2.15 38.3907 2001.05 -16584.9 -38.3907 -2001.05 0.156527
2.155 38.3126 2000.36 -16552.6 -38.3126 -2000.36 1.59502
2.16 38.2338 2000.11 -16518.7 -38.2338 -2000.11 1.71978
2.165 38.1445 1999.66 -16480.7 -38.1445 -1999.66 2.32796
2.17 38.0493 1999.41 -16439.9 -38.0493 -1999.41 2.5866
2.175 37.9464 1999.13 -16395.8 -37.9464 -1999.13 2.95258
2.18 37.8149 1997.62 -16341.5 -37.8149 -1997.62 5.47362
2.185 37.7311 1997.59 -16302 -37.7311 -1997.59 2.1864
2.19 37.6118 1996.7 -16252.5 -37.6118 -1996.7 4.158
2.195 37.3634 1994.21 -16155.4 -37.3634 -1994.21 14.3786
2.2 0.0447451 -39.2134 -25.915 -0.0447451 39.2134 6.5851
