0.1 -2.48345e-31 200 -3.19744e-14
0.2 3.50605e-31 400 -5.32907e-14
0.3 -1.46085e-31 600 -6.39488e-14
0.4 -3.50605e-31 800 2.34479e-13
0.5 -6.71993e-31 1000 3.90799e-14
0.6 -4.67473e-31 1200 -1.7053e-13
0.7 -1.86989e-30 1400 2.98428e-13
0.8 2.5711e-30 1600 5.96856e-13
0.9 -1.51929e-30 1800 -3.2685e-13
1 1.28555e-30 2000 -3.33955e-13
0.005 0.00146601 2000 -0.634855
0.01 0.00732257 2000 -3.1661
0.015 0.0190218 2000 -8.21964
0.02 0.0365494 2000 -15.7912
0.025 0.059889 2000 -25.8738
0.03 0.0890231 2000 -38.4597
0.035 0.123933 2000 -53.5411
0.04 0.1646 2000 -71.1092
0.045 0.211001 2000 -91.1549
0.05 0.263114 2000 -113.668
0.055 0.320916 2000 -138.64
0.06 0.38438 2000 -166.057
0.065 0.45348 2000 -195.909
0.07 0.528188 2000 -228.184
0.075 0.608473 2000 -262.869
0.08 0.694302 2000 -299.948
0.085 0.785637 2000 -339.407
0.09 0.882445 2000 -381.23
0.095 0.984693 2000 -425.403
0.1 1.09235 2000 -471.914
0.105 1.20539 2000 -520.748
0.11 1.32378 2000 -571.895
0.115 1.44749 2000 -625.344
0.12 1.57651 2000 -681.082
0.125 1.71079 2000 -739.096
0.13 1.85031 2000 -799.371
0.135 1.99502 2000 -861.891
0.14 2.14489 1999.99 -926.636
0.145 2.29985 1999.99 -993.584
0.15 2.45986 1999.99 -1062.71
0.155 2.62485 1999.99 -1133.99
0.16 2.79475 1999.99 -1207.39
0.165 2.96952 1999.99 -1282.9
0.17 3.1491 1999.99 -1360.48
0.175 3.33346 1999.99 -1440.13
0.18 3.52254 1999.99 -1521.81
0.185 3.71633 1999.99 -1605.53
0.19 3.91482 1999.99 -1691.28
0.195 4.11798 1999.99 -1779.05
0.2 4.32578 1999.99 -1868.82
0.205 4.53817 1999.99 -1960.58
0.21 4.75511 1999.99 -2054.3
0.215 4.97654 1999.99 -2149.96
0.22 5.20238 1999.99 -2247.52
0.225 5.43254 1999.99 -2346.95
0.23 5.66694 1999.99 -2448.21
0.235 5.9055 1999.99 -2551.26
0.24 6.14811 1999.99 -2656.07
0.245 6.39468 1999.99 -2762.59
0.25 6.64515 1999.98 -2870.79
0.255 6.89947 1999.98 -2980.66
0.26 7.15762 1999.98 -3092.18
0.265 7.41964 1999.98 -3205.37
0.27 7.68557 1999.98 -3320.25
0.275 7.95545 1999.98 -3436.84
0.28 8.22929 1999.98 -3555.14
0.285 8.50703 1999.98 -3675.12
0.29 8.78863 1999.98 -3796.77
0.295 9.07405 1999.98 -3920.08
0.3 9.36325 1999.98 -4045.01
0.305 9.65617 1999.98 -4171.55
0.31 9.95275 1999.98 -4299.67
0.315 10.2529 1999.98 -4429.33
0.32 10.5565 1999.98 -4560.48
0.325 10.8634 1999.98 -4693.07
0.33 11.1736 1999.98 -4827.08
0.335 11.4871 1999.98 -4962.5
0.34 11.8038 1999.98 -5099.34
0.345 12.1238 1999.98 -5237.56
0.35 12.4468 1999.98 -5377.14
0.355 12.773 1999.98 -5518.03
0.36 13.102 1999.98 -5660.18
0.365 13.4339 1999.98 -5803.55
0.37 13.7686 1999.98 -5948.13
0.375 14.1059 1999.98 -6093.88
0.38 14.446 1999.98 -6240.78
0.385 14.7886 1999.98 -6388.81
0.39 15.1338 1999.98 -6537.93
0.395 15.4815 1999.98 -6688.13
0.4 15.8316 1999.98 -6839.38
0.405 16.184 1999.98 -6991.65
0.41 16.5388 1999.98 -7144.91
0.415 16.8958 1999.98 -7299.15
0.42 17.2551 1999.98 -7454.33
0.425 17.6164 1999.98 -7610.43
0.43 17.9798 1999.98 -7767.43
0.435 18.3452 1999.98 -7925.29
0.44 18.7126 1999.97 -8083.99
0.445 19.0818 1999.97 -8243.51
0.45 19.4529 1999.97 -8403.81
0.455 19.8257 1999.97 -8564.88
0.46 20.2002 1999.97 -8726.69
0.465 20.5764 1999.97 -8889.2
0.47 20.9542 1999.97 -9052.4
0.475 21.3335 1999.97 -9216.26
0.48 21.7143 1999.97 -9380.77
0.485 22.0967 1999.97 -9545.97
0.49 22.4808 1999.97 -9711.89
0.495 22.8666 1999.97 -9878.57
0.5 23.2475 2000 -10044
0.505 23.6313 2000.01 -10210.2
0.51 24.0191 2000 -10377.5
0.515 24.4018 2000.03 -10543.5
0.52 24.787 2000.03 -10710.1
0.525 25.1758 2000.02 -10877.7
0.53 25.5657 2000.01 -11045.9
0.535 25.9435 2000.07 -11210.6
0.54 26.3186 2000.1 -11373.8
0.545 26.7013 2000.08 -11538.3
0.55 27.0843 2000.06 -11703.2
0.555 27.4675 2000.04 -11868.3
0.56 27.8432 2000.07 -12030.8
0.565 28.2086 2000.12 -12189.2
0.57 28.5715 2000.12 -12346.2
0.575 28.9229 2000.15 -12498.9
0.58 29.2707 2000.17 -12649.1
0.585 29.6107 2000.2 -12796
0.59 29.9525 2000.15 -12942.9
0.595 30.293 2000.12 -13089.4
0.6 30.6325 2000.09 -13235.6
0.605 30.9711 2000.07 -13381.5
0.61 31.2821 2000.26 -13517.8
0.615 31.5754 2000.41 -13646.7
0.62 31.8717 2000.37 -13774.5
0.625 32.1704 2000.29 -13902.5
0.63 32.4681 2000.23 -14030.2
0.635 32.765 2000.18 -14157.7
0.64 33.0612 2000.14 -14285.1
0.645 33.3567 2000.11 -14412.3
0.65 33.6516 2000.08 -14539.4
0.655 33.9459 2000.06 -14666.2
0.66 34.2397 2000.04 -14792.9
0.665 34.5205 2000.14 -14915
0.67 34.7837 2000.27 -15029.8
0.675 35.0463 2000.25 -15143.5
0.68 35.3075 2000.22 -15256.4
0.685 35.5705 2000.17 -15369.4
0.69 35.8332 2000.14 -15482.4
0.695 36.0959 2000.11 -15595.5
0.7 36.3587 2000.08 -15708.7
0.705 36.6218 2000.06 -15822.1
0.71 36.8849 2000.04 -15935.6
0.715 37.1475 2000.03 -16048.9
0.72 37.4088 2000.02 -16161.7
0.725 37.6683 2000.01 -16273.6
0.73 37.9251 2000.01 -16384.5
0.735 38.1634 2000.17 -16488.6
0.74 38.3934 2000.26 -16588.5
0.745 38.6229 2000.21 -16687.3
0.75 38.8487 2000.16 -16784.5
0.755 39.0708 2000.13 -16880.2
0.76 39.2836 2000.15 -16972.8
0.765 39.4932 2000.15 -17063.6
0.77 39.7025 2000.12 -17153.6
0.775 39.9093 2000.09 -17242.7
0.78 40.1098 2000.1 -17329.6
0.785 40.3094 2000.1 -17415.8
0.79 40.5081 2000.08 -17501.3
0.795 40.7048 2000.06 -17586
0.8 40.8995 2000.04 -17669.9
0.805 41.0841 2000.1 -17750.7
0.81 41.2659 2000.13 -17829.8
0.815 41.4496 2000.1 -17908.7
0.82 41.6319 2000.08 -17987.1
0.825 41.8131 2000.06 -18065
0.83 41.9934 2000.05 -18142.6
0.835 42.1725 2000.04 -18219.8
0.84 42.3422 2000.11 -18293.3
0.845 42.5126 2000.08 -18366.7
0.85 42.6757 2000.13 -18438.1
0.855 42.8366 2000.15 -18508.3
0.86 43.0007 2000.12 -18578.7
0.865 43.1637 2000.1 -18648.8
0.87 43.3225 2000.11 -18717.6
0.875 43.4824 2000.09 -18786.3
0.88 43.6417 2000.07 -18854.9
0.885 43.8003 2000.05 -18923.2
0.89 43.9578 2000.04 -18991
0.895 44.0985 2000.17 -19054
0.9 44.241 2000.21 -19116.2
0.905 44.3842 2000.17 -19177.3
0.91 44.5234 2000.13 -19236.9
0.915 44.6582 2000.1 -19294.7
0.92 44.7881 2000.08 -19350.4
0.925 44.9127 2000.07 -19403.9
0.93 45.0319 2000.05 -19455.2
0.935 45.1452 2000.05 -19504
0.94 45.2452 2000.09 -19547.9
0.945 45.344 2000.07 -19590.3
0.95 45.4393 2000.06 -19631.2
0.955 45.5318 2000.05 -19670.9
0.96 45.6219 2000.04 -19709.6
0.965 45.7101 2000.03 -19747.6
0.97 45.7967 2000.02 -19784.9
0.975 45.8823 2000.02 -19821.7
0.98 45.9666 2000.03 -19857.8
0.985 46.047 2000.04 -19892.8
0.99 46.1281 2000.03 -19927.8
0.995 46.2075 2000.04 -19962.3
1 46.2806 2000.08 -19994.5
1.005 46.3557 2000.06 -20026.7
1.01 46.4301 2000.05 -20058.8
1.015 46.5037 2000.04 -20090.4
1.02 46.5759 2000.03 -20121.5
1.025 46.6462 2000.03 -20151.8
1.03 46.7142 2000.02 -20181.1
1.035 46.7797 2000.02 -20209.3
1.04 46.8427 2000.01 -20236.5
1.045 46.9033 2000.01 -20262.6
1.05 46.9619 2000.01 -20287.9
1.055 47.0188 2000.01 -20312.4
1.06 47.074 2000.01 -20336.3
1.065 47.1255 2000.03 -20358.9
1.07 47.174 2000.05 -20380.2
1.075 47.2227 2000.04 -20401.1
1.08 47.2706 2000.04 -20421.6
1.085 47.3173 2000.04 -20441.7
1.09 47.362 2000.06 -20460.8
1.095 47.4048 2000.06 -20479.2
1.1 47.4456 2000.05 -20496.8
1.105 47.4843 2000.04 -20513.5
1.11 47.5204 2000.03 -20529
1.115 47.5534 2000.03 -20543.3
1.12 47.583 2000.02 -20556
1.125 47.6089 2000.02 -20567.2
1.13 47.6311 2000.01 -20576.8
1.135 47.6495 2000.01 -20584.7
1.14 47.6645 2000.01 -20591.2
1.145 47.6762 2000.01 -20596.2
1.15 47.685 2000.01 -20600
1.155 47.6911 2000 -20602.6
1.16 47.6946 2000 -20604.1
1.165 47.6958 2000 -20604.6
1.17 47.6933 2000 -20603.7
1.175 47.6872 1999.99 -20601.2
1.18 47.6787 1999.99 -20597.5
1.185 47.6675 1999.99 -20592.6
1.19 47.6543 1999.99 -20586.8
1.195 47.6397 2000 -20580.5
1.2 47.6242 2000 -20573.8
1.205 47.6083 2000 -20566.9
1.21 47.5922 2000 -20559.9
1.215 47.5761 2000 -20552.9
1.22 47.5598 2000 -20545.9
1.225 47.5428 2000 -20538.5
1.23 47.5246 2000 -20530.7
1.235 47.5043 2000 -20521.9
1.24 47.4813 2000 -20511.9
1.245 47.4548 2000 -20500.5
1.25 47.4244 2000 -20487.3
1.255 47.3897 2000 -20472.4
1.26 47.3507 2000 -20455.5
1.265 47.3074 2000 -20436.8
1.27 47.2596 2000 -20416.2
1.275 47.2064 2000.02 -20393.2
1.28 47.1466 2000.04 -20367.4
1.285 47.0817 2000.03 -20339.4
1.29 47.0118 2000.02 -20309.2
1.295 46.9369 2000.02 -20276.8
1.3 46.8569 2000.02 -20242.2
1.305 46.7722 2000.01 -20205.6
1.31 46.683 2000.01 -20167.1
1.315 46.5896 2000 -20126.7
1.32 46.4922 2000 -20084.6
1.325 46.3876 2000.04 -20040
1.33 46.279 2000.05 -19993.4
1.335 46.1682 2000.04 -19945.3
1.34 46.0543 2000.03 -19896
1.345 45.9376 2000.03 -19845.4
1.35 45.8184 2000.02 -19793.8
1.355 45.6972 2000.02 -19741.4
1.36 45.5754 2000.03 -19688.3
1.365 45.4522 2000.03 -19634.7
1.37 45.3277 2000.02 -19581
1.375 45.2042 2000.01 -19527.7
1.38 45.0824 2000.01 -19475.2
1.385 44.9627 2000.01 -19423.5
1.39 44.8457 2000 -19373.1
1.395 44.7275 2000.04 -19322.7
1.4 44.6104 2000.07 -19272.6
1.405 44.4979 2000.06 -19223.8
1.41 44.3875 2000.05 -19176
1.415 44.2757 2000.06 -19128
1.42 44.165 2000.06 -19080.2
1.425 44.0541 2000.05 -19032.1
1.43 43.9411 2000.04 -18983.1
1.435 43.8253 2000.03 -18933
1.44 43.7063 2000.02 -18881.5
1.445 43.5837 2000.02 -18828.4
1.45 43.457 2000.01 -18773.6
1.455 43.326 2000.01 -18717
1.46 43.1907 2000.01 -18658.4
1.465 43.0472 2000.04 -18597
1.47 42.8941 2000.07 -18531.5
1.475 42.7384 2000.06 -18464
1.48 42.5777 2000.05 -18394.4
1.485 42.4122 2000.04 -18322.7
1.49 42.2419 2000.03 -18249
1.495 42.0666 2000.02 -18173.1
1.5 41.886 2000.02 -18095
1.505 41.7001 2000.01 -18014.6
1.51 41.5089 2000 -17931.9
1.515 41.3072 2000.05 -17845.6
1.52 41.0931 2000.12 -17754.3
1.525 40.8696 2000.17 -17657.7
1.53 40.6439 2000.14 -17559.8
1.535 40.4162 2000.11 -17461.1
1.54 40.1848 2000.11 -17361.2
1.545 39.9496 2000.11 -17259.9
1.55 39.7161 2000.09 -17158.6
1.555 39.4792 2000.1 -17056.5
1.56 39.2326 2000.14 -16951
1.565 38.9892 2000.11 -16845.3
1.57 38.7439 2000.09 -16739
1.575 38.496 2000.07 -16631.5
1.58 38.2449 2000.06 -16522.8
1.585 37.9903 2000.05 -16412.6
1.59 37.7321 2000.04 -16300.9
1.595 37.4698 2000.03 -16187.5
1.6 37.1914 2000.09 -16068.5
1.605 36.9147 2000.07 -15948.6
1.61 36.6357 2000.06 -15827.7
1.615 36.3549 2000.05 -15706.2
1.62 36.0614 2000.15 -15580.4
1.625 35.7513 2000.27 -15447.6
1.63 35.4462 2000.22 -15315.2
1.635 35.1371 2000.2 -15181.7
1.64 34.8212 2000.2 -15045.8
1.645 34.5084 2000.16 -14910
1.65 34.1943 2000.13 -14773.9
1.655 33.8782 2000.11 -14636.9
1.66 33.5589 2000.08 -14498.7
1.665 33.2352 2000.07 -14358.6
1.67 32.9062 2000.05 -14216.3
1.675 32.5714 2000.04 -14071.4
1.68 32.2304 2000.04 -13924
1.685 31.8836 2000.03 -13774.1
1.69 31.4898 2000.37 -13607.5
1.695 31.0966 2000.48 -13438.7
1.7 30.7042 2000.38 -13268.2
1.705 30.3064 2000.31 -13095.5
1.71 29.8935 2000.3 -12917.9
1.715 29.4728 2000.29 -12736.5
1.72 29.0493 2000.23 -12552.7
1.725 28.6189 2000.19 -12366.1
1.73 28.1822 2000.15 -12176.9
1.735 27.722 2000.25 -11979.3
1.74 27.2253 2000.43 -11766.7
1.745 26.7375 2000.34 -11555
1.75 26.2514 2000.28 -11344.1
1.755 25.7546 2000.3 -11130.9
1.76 25.254 2000.37 -10916.2
1.765 24.7585 2000.37 -10702
1.77 24.2778 2000.3 -10493.1
1.775 23.8082 2000.24 -10289.2
1.78 23.3299 2000.32 -10083.6
1.785 22.8644 2000.33 -9882.6
1.79 22.41 2000.28 -9685.74
1.795 21.9462 2000.3 -9486.5
1.8 21.4993 2000.24 -9292.33
1.805 21.0599 2000.19 -9101.62
1.81 20.6269 2000.16 -8913.83
1.815 20.1994 2000.12 -8728.51
1.82 19.7765 2000.1 -8545.33
1.825 19.358 2000.08 -8364.16
1.83 18.9316 2000.12 -8181.32
1.835 18.5007 2000.15 -7996.51
1.84 18.0802 2000.12 -7814.02
1.845 17.6612 2000.1 -7632.36
1.85 17.2435 2000.08 -7451.37
1.855 16.8223 2000.08 -7269.62
1.86 16.3999 2000.08 -7087.29
1.865 15.9801 2000.07 -6905.44
1.87 15.5585 2000.06 -6723.04
1.875 15.1296 2000.06 -6538.04
1.88 14.7019 2000.05 -6352.87
1.885 14.2726 2000.04 -6167.08
1.89 13.8413 2000.03 -5980.5
1.895 13.4076 2000.02 -5792.93
1.9 12.9708 2000.02 -5604.06
1.905 12.5301 2000.01 -5413.53
1.91 12.085 2000.01 -5221.15
1.915 11.6365 2000 -5027.28
1.92 11.186 2000 -4832.56
1.925 10.7354 2000 -4637.84
1.93 10.2867 2000 -4444.01
1.935 9.84197 2000 -4251.83
1.94 9.4027 2000 -4062.04
1.945 8.97035 2000 -3875.23
1.95 8.54548 1999.99 -3691.67
1.955 8.12814 1999.99 -3511.37
1.96 7.71793 1999.99 -3334.13
1.965 7.31396 1999.99 -3159.58
1.97 6.91486 1999.99 -2987.17
1.975 6.51974 1999.99 -2816.48
1.98 6.12805 1999.99 -2647.27
1.985 5.7399 1999.98 -2479.58
1.99 5.35526 1999.98 -2313.4
1.995 4.97402 1999.98 -2148.7
2 4.5966 1999.97 -1985.63
2.005 4.22243 1999.98 -1824.03
2.01 3.85157 1999.98 -1663.83
2.015 3.48336 1999.97 -1504.8
2.02 3.11698 1999.98 -1346.51
2.025 2.752 1999.97 -1188.75
2.03 2.38701 1999.96 -1031.04
2.035 2.02197 1999.96 -873.411
2.04 1.65817 1999.96 -716.282
2.045 1.29723 1999.95 -560.357
2.05 0.940963 1999.93 -406.457
2.055 0.589908 1999.93 -254.827
2.06 0.245164 1999.94 -105.89
2.065 -0.0931269 1999.95 40.2569
2.07 -0.425696 1999.96 183.917
2.075 -0.75366 1999.96 325.508
2.08 -1.07752 1999.96 465.383
2.085 -1.39679 1999.95 603.429
2.09 -1.71322 1999.95 740.121
2.095 -2.02597 1999.94 875.075
2.1 -2.33412 1999.94 1008.05
2.105 -2.63707 1999.95 1138.73
2.11 -2.93118 1999.91 1265.43
2.115 -3.21455 1999.9 1387.84
2.12 -3.48585 1999.89 1504.84
2.125 -3.74315 1999.89 1615.9
2.13 -3.98221 1999.88 1719.43
2.135 -4.20488 1999.88 1815.92
2.14 -4.41222 1999.91 1905.6
2.145 -4.60414 1999.92 1988.61
2.15 -4.77816 1999.91 2064.23
2.155 -4.94052 1999.92 2134.54
2.16 -5.09255 1999.93 2200.22
2.165 -5.23551 1999.94 2261.99
2.17 -5.37093 1999.94 2320.61
2.175 -5.50239 1999.95 2377.44
2.18 -5.63278 1999.96 2433.69
2.185 -5.76425 1999.97 2490.43
2.19 -5.89924 1999.97 2548.69
2.195 -6.03976 1999.98 2609.35
2.2 -6.18711 1999.98 2672.98
2.205 -6.34119 1999.98 2739.61
2.21 -6.50236 1999.98 2809.28
2.215 -6.67017 1999.98 2881.73
2.22 -6.84224 1999.98 2956.05
2.225 -7.0156 1999.98 3030.94
2.23 -7.18652 1999.99 3104.8
2.235 -7.35144 1999.99 3176.05
2.24 -7.50716 1999.99 3243.28
2.245 -7.65081 1999.99 3305.3
2.25 -7.78044 1999.99 3361.28
2.255 -7.89508 1999.99 3410.78
2.26 -7.9948 1999.99 3453.84
2.265 -8.08067 1999.99 3490.92
2.27 -8.15441 1999.99 3522.76
2.275 -8.21786 2000 3550.16
2.28 -8.27233 2000 3573.69
2.285 -8.3181 2000 3593.45
2.29 -8.3544 2000 3609.13
2.295 -8.3799 2000 3620.14
2.3 -8.39327 2000 3625.91
2.305 -8.39342 2000 3625.97
2.31 -8.37758 1999.97 3619.18
2.315 -8.3456 1999.96 3605.4
2.32 -8.29772 1999.96 3584.7
2.325 -8.2344 1999.97 3557.33
2.33 -8.15668 1999.98 3523.74
2.335 -8.06571 1999.98 3484.43
2.34 -7.96266 1999.98 3439.9
2.345 -7.84872 1999.99 3390.67
2.35 -7.72518 1999.99 3337.3
2.355 -7.5937 1999.99 3280.5
2.36 -7.45644 1999.99 3221.2
2.365 -7.31634 1999.99 3160.67
2.37 -7.17719 2000 3100.56
2.375 -7.0433 2000 3042.71
2.38 -6.9188 2000 2988.93
2.385 -6.80714 2000 2940.69
2.39 -6.71097 2000 2899.14
2.395 -6.6323 2000 2865.16
2.4 -6.57256 2000 2839.35
2.405 -6.53236 2000 2821.98
2.41 -6.51144 2000 2812.94
2.415 -6.50894 2000 2811.86
2.42 -6.52372 2000 2818.25
2.425 -6.55456 2000 2831.57
2.43 -6.60034 2000 2851.35
2.435 -6.66042 2000 2877.3
2.44 -6.73482 2000 2909.44
2.445 -6.82386 2000 2947.91
2.45 -6.92777 2000 2992.8
2.455 -7.04686 2000 3044.24
2.46 -7.18175 2000 3102.52
2.465 -7.33341 2000 3168.03
2.47 -7.50298 2000 3241.29
2.475 -7.69144 2000 3322.7
2.48 -7.89931 2000 3412.5
2.485 -8.12655 2000 3510.67
2.49 -8.37283 2000 3617.06
2.495 -8.61528 1999.62 3722.18
2.5 -8.87343 1999.48 3833.83
2.505 -9.15004 1999.58 3953.25
2.51 -9.44651 1999.66 4081.27
2.515 -9.76479 1999.72 4218.72
2.52 -10.1064 1999.76 4366.31
2.525 -10.4721 1999.78 4524.27
2.53 -10.8618 1999.79 4692.67
2.535 -11.2767 1999.8 4872.02
2.54 -11.719 1999.81 5063.19
2.545 -12.1907 1999.83 5267.09
2.55 -12.6944 1999.85 5484.73
2.555 -13.2324 1999.87 5717.18
2.56 -13.8072 1999.89 5965.5
2.565 -14.4213 1999.9 6230.8
2.57 -15.0773 1999.9 6514.17
2.575 -15.7773 1999.91 6816.57
2.58 -16.5229 1999.91 7138.56
2.585 -17.3044 1999.94 7477.42
2.59 -18.1292 1999.97 7834.54
2.595 -18.9923 1999.99 8208.41
2.6 -19.8832 2000.06 8595.39
2.605 -20.7881 2000.14 8988.99
2.61 -21.7418 2000.08 9399.71
2.615 -22.727 2000.04 9824.4
2.62 -23.7384 2000.02 10261.1
2.625 -24.7346 2000.14 10694.8
2.63 -25.7217 2000.4 11124.3
2.635 -26.7176 2000.59 11556.6
2.64 -27.7146 2000.61 11987.4
2.645 -28.5966 2001.44 12380.3
2.65 -29.4888 2001.76 12769.8
2.655 -30.4206 2001.37 13167
2.66 -31.3569 2001.06 13567.2
2.665 -32.2239 2001.48 13944.7
2.67 -33.0546 2001.74 14306.2
2.675 -33.9125 2001.36 14672.4
2.68 -34.7734 2001.05 15040.8
2.685 -35.6337 2000.85 15409.9
2.69 -36.4289 2001.09 15754.2
2.695 -37.2379 2000.83 16101.2
2.7 -38.0341 2000.73 16445.5
2.705 -38.8195 2000.72 16786.4
2.71 -39.6022 2000.67 17125.1
2.715 -40.3191 2001.25 17441.5
2.72 -41.0222 2001.5 17747.1
2.725 -41.7387 2001.16 18052.6
2.73 -42.4011 2001.3 18343.3
2.735 -43.0465 2001.43 18626.1
2.74 -43.6769 2001.48 18900.2
2.745 -44.2863 2001.44 19163.8
2.75 -44.8943 2001.28 19423.2
2.755 -45.4617 2001.36 19667.4
2.76 -46.0062 2001.39 19903
2.765 -46.4951 2001.67 20117.8
2.77 -46.9855 2001.61 20327.1
2.775 -47.4454 2001.65 20525.9
2.78 -47.9007 2001.59 20720.1
2.785 -48.329 2001.57 20906.2
2.79 -48.7573 2001.63 21088.2
2.795 -49.1718 2001.65 21265.2
2.8 -49.6007 2001.45 21442.1
2.805 -50.0094 2001.23 21617.3
2.81 -50.395 2000.93 21788.9
2.815 -50.7729 2000.69 21956.8
2.82 -51.0941 2001.07 22104.9
2.825 -51.3784 2000.81 22238.6
2.83 -51.5554 2000.36 22336.9
2.835 -51.4828 1999.95 22360.3
2.84 -51.3047 1999.02 22312.1
2.845 -51.0179 1997.44 22194
2.85 -50.7099 1997.25 22055.2
2.855 -50.3351 1997.45 21881.6
2.86 -49.8275 1997.29 21654.8
2.865 -49.3392 1997.94 21419.3
2.87 -48.7801 1997.78 21164.4
2.875 -48.179 1997.58 20889.8
2.88 -47.4813 1996.96 20582.7
2.885 -46.8032 1997.35 20273.3
2.89 -46.4788 1999.23 20079.2
2.895 -46.0058 1999.14 19874.1
2.9 -45.5082 1998.95 19661.2
2.905 -45.1199 1999.56 19476.9
2.91 -44.7814 1999.87 19317
2.915 -44.3749 1999.34 19149.5
2.92 -43.9571 1998.89 18976.5
2.925 -43.5268 1998.43 18794.7
2.93 -43.4203 2000.12 18703.5
2.935 -43.3748 2001.97 18652.6
2.94 -43.4133 2002.72 18660.7
2.945 -43.3694 2002.03 18661.1
2.95 -43.3206 2001.18 18657.3
2.955 -43.2813 2000.62 18653.3
2.96 -43.2517 2000.36 18649.7
2.965 -43.2249 2000.14 18645.6
2.97 -43.1999 1999.96 18640.9
2.975 -43.1618 1999.43 18631.4
2.98 -43.1187 1998.99 18618.3
2.985 -43.088 1999.1 18607
2.99 -43.0571 1999.19 18595.3
2.995 -43.0257 1999.26 18583.1
3 -43.0218 1999.8 18578.5
3.005 -43.0206 2000.15 18576.3
3.01 -43.0067 2000.05 18572.2
3.015 -42.9928 1999.96 18567.8
3.02 -42.9788 1999.89 18563
3.025 -42.9643 1999.81 18557.8
3.03 -42.9491 1999.75 18552.1
3.035 -42.933 1999.68 18545.9
3.04 -42.9157 1999.61 18539.1
3.045 -42.8968 1999.53 18531.5
3.05 -42.8762 1999.45 18523.2
3.055 -42.8534 1999.36 18513.8
3.06 -42.8281 1999.26 18503.4
3.065 -42.7969 1999.03 18490.8
3.07 -42.7524 1998.6 18473.2
3.075 -42.7123 1998.66 18455.7
3.08 -42.6686 1998.67 18436.8
3.085 -42.6209 1998.64 18416.2
3.09 -42.5684 1998.56 18393.7
3.095 -42.5077 1998.32 18368.2
3.1 -42.4446 1998.25 18340.7
3.105 -42.4064 1998.88 18321.1
3.11 -42.3526 1998.77 18298.4
3.115 -42.2646 1996.76 18264.6
3.12 -42.1499 1994.99 18219.3
3.125 -41.9431 1991.71 18139.1
3.13 -4.23995 115.297 3072.6
3.135 -5.94327 1.82622 1499.8
3.14 -28.5733 1585.01 15145.2
3.145 8.02453 2306.15 16518.6
3.15 -4.19706 2175.41 17080.4
3.155 -14.7558 2118.32 17253.8
3.16 -20.2554 2102.52 17310.1
3.165 -24.6896 2085.22 17347.2
3.17 -28.0388 2070.1 17376.1
3.175 -30.462 2058.18 17395.1
3.18 -32.4006 2049.81 17397
3.185 -33.9443 2039.88 17392.9
3.19 -35.1668 2032.19 17392.6
3.195 -36.1584 2025.99 17394.9
3.2 -36.9602 2020.97 17398
3.205 -37.6062 2017.31 17400.8
3.21 -38.1313 2013.98 17403.9
3.215 -38.5591 2011.28 17408.3
3.22 -38.9085 2009.11 17413.8
3.225 -39.1948 2007.35 17420.1
3.23 -39.4301 2005.93 17427.2
3.235 -39.6245 2004.79 17435
3.24 -39.7811 2003.49 17441.6
3.245 -39.9124 2002.59 17448.9
3.25 -40.0241 2002.1 17457.1
3.255 -40.1184 2001.69 17465.6
3.26 -40.1987 2001.37 17474.2
3.265 -40.2677 2001.11 17483
3.27 -40.3277 2000.9 17492
3.275 -40.3804 2000.72 17501.1
3.28 -40.4271 2000.59 17510.3
3.285 -40.469 2000.48 17519.6
3.29 -40.5068 2000.45 17528.9
3.295 -40.5408 2000.48 17537.9
3.3 -40.5719 2000.39 17546.6
3.305 -40.6008 2000.31 17555.3
3.31 -40.6268 2000.13 17563.6
3.315 -40.6516 2000.02 17571.9
3.32 -40.6757 2000.02 17580.3
3.325 -40.6987 2000.01 17588.6
3.33 -40.7207 2000.01 17596.8
3.335 -40.7417 2000.01 17604.8
3.34 -40.762 2000.01 17612.8
3.345 -40.7815 2000.01 17620.5
3.35 -40.7983 1999.78 17627.3
3.355 -40.8143 1999.63 17633.8
3.36 -40.8307 1999.7 17640.5
3.365 -40.8464 1999.76 17647
3.37 -40.8615 1999.81 17653.3
3.375 -40.8759 1999.85 17659.3
3.38 -40.8896 1999.88 17665
3.385 -40.9027 1999.9 17670.6
3.39 -40.9152 1999.92 17675.8
3.395 -40.9269 1999.94 17680.8
3.4 -40.9379 1999.95 17685.5
3.405 -40.9482 1999.96 17689.9
3.41 -40.9578 1999.97 17694
3.415 -40.9666 1999.97 17697.7
3.42 -40.9748 1999.98 17701.2
3.425 -40.9822 1999.98 17704.4
3.43 -40.9889 1999.99 17707.3
3.435 -40.9949 1999.99 17709.9
3.44 -41.0004 1999.99 17712.2
3.445 -41.0052 1999.99 17714.3
3.45 -41.0095 1999.99 17716.2
3.455 -41.0134 2000 17717.8
3.46 -41.0169 2000 17719.3
3.465 -41.02 2000 17720.7
3.47 -41.0229 2000 17721.9
3.475 -41.0255 2000 17723
3.48 -41.028 2000 17724.1
3.485 -41.0303 2000 17725.1
3.49 -41.0325 2000 17726
3.495 -41.0347 2000 17727
3.5 -41.0368 2000 17727.9
3.505 -41.0389 2000 17728.8
3.51 -41.0411 2000 17729.8
3.515 -41.0433 2000 17730.7
3.52 -41.0456 2000 17731.7
3.525 -41.0479 2000 17732.7
3.53 -41.0503 2000 17733.7
3.535 -41.0527 2000 17734.8
3.54 -41.0551 2000 17735.8
3.545 -41.0577 2000 17736.9
3.55 -41.0602 2000 17738
3.555 -41.0627 2000 17739.1
3.56 -41.0653 2000 17740.2
3.565 -41.0679 2000 17741.3
3.57 -41.0705 2000 17742.5
3.575 -41.0731 2000 17743.6
3.58 -41.0757 2000 17744.7
3.585 -41.0783 2000 17745.8
3.59 -41.0809 2000 17746.9
3.595 -41.0835 2000 17748.1
3.6 -41.0861 2000 17749.2
3.605 -41.0886 2000 17750.3
3.61 -41.0911 2000 17751.4
3.615 -41.0936 2000 17752.4
3.62 -41.0961 2000 17753.5
3.625 -41.0985 2000 17754.5
3.63 -41.1008 2000 17755.6
3.635 -41.1032 2000 17756.6
3.64 -41.1054 2000 17757.5
3.645 -41.1076 2000 17758.5
3.65 -41.1098 2000 17759.4
3.655 -41.1119 2000 17760.3
3.66 -41.114 2000 17761.2
3.665 -41.116 2000 17762.1
3.67 -41.1181 2000 17763
3.675 -41.1202 2000 17763.9
3.68 -41.1223 2000 17764.8
3.685 -41.1245 2000 17765.8
3.69 -41.1268 2000 17766.8
3.695 -41.1291 2000 17767.8
3.7 -41.1316 2000 17768.9
3.705 -41.1342 2000 17770
3.71 -41.1369 2000 17771.1
3.715 -41.1397 2000 17772.3
3.72 -41.1426 2000 17773.6
3.725 -41.1457 2000 17775
3.73 -41.149 2000 17776.4
3.735 -41.1524 2000 17777.8
3.74 -41.1559 2000 17779.3
3.745 -41.1595 2000 17780.9
3.75 -41.1631 2000 17782.5
3.755 -41.1669 2000 17784.1
3.76 -41.1706 2000 17785.7
3.765 -41.1744 2000 17787.4
3.77 -41.1783 2000 17789
3.775 -41.1821 2000 17790.7
3.78 -41.186 2000 17792.3
3.785 -41.1899 2000 17794
3.79 -41.1939 2000 17795.7
3.795 -41.1979 2000 17797.5
3.8 -41.202 2000 17799.3
3.805 -41.2063 2000 17801.1
3.81 -41.2107 2000 17803
3.815 -41.2152 2000 17805
3.82 -41.22 2000 17807
3.825 -41.225 2000 17809.2
3.83 -41.2302 2000 17811.4
3.835 -41.2357 2000 17813.8
3.84 -41.2414 2000 17816.3
3.845 -41.2475 2000 17818.9
3.85 -41.2539 2000 17821.7
3.855 -41.2607 2000 17824.6
3.86 -41.2678 2000 17827.7
3.865 -41.2753 2000 17830.9
3.87 -41.2832 2000 17834.4
3.875 -41.2915 2000 17837.9
3.88 -41.3003 2000 17841.7
3.885 -41.3095 2000 17845.7
3.89 -41.3191 2000 17849.9
3.895 -41.3292 2000 17854.2
3.9 -41.3398 2000 17858.8
3.905 -41.3508 2000 17863.6
3.91 -41.3622 2000 17868.5
3.915 -41.374 2000 17873.5
3.92 -41.386 2000 17878.8
3.925 -41.3984 2000 17884.1
3.93 -41.411 2000 17889.6
3.935 -41.4238 2000 17895.1
3.94 -41.4368 2000 17900.7
3.945 -41.4498 2000 17906.3
3.95 -41.4629 2000 17912
3.955 -41.4761 2000 17917.7
3.96 -41.4892 2000 17923.3
3.965 -41.5022 2000 17928.9
3.97 -41.5151 2000 17934.5
3.975 -41.5279 2000 17940.1
3.98 -41.5405 2000 17945.5
3.985 -41.5529 2000 17950.9
3.99 -41.5651 2000 17956.1
3.995 -41.577 2000 17961.3
4 -41.5886 2000 17966.3
4.005 -41.5999 2000 17971.2
4.01 -41.6109 2000 17975.9
4.015 -41.6215 2000 17980.5
4.02 -41.6318 2000 17984.9
4.025 -41.6417 2000 17989.2
4.03 -41.6512 2000 17993.3
4.035 -41.6603 2000 17997.3
4.04 -41.669 2000 18001
4.045 -41.6773 2000 18004.6
4.05 -41.6852 2000 18008
4.055 -41.6927 2000 18011.3
4.06 -41.6998 2000 18014.3
4.065 -41.7064 2000 18017.2
4.07 -41.7125 2000 18019.8
4.075 -41.7182 2000 18022.3
4.08 -41.7234 2000 18024.5
4.085 -41.7282 2000 18026.6
4.09 -41.7324 2000 18028.4
4.095 -41.7362 2000 18030
4.1 -41.7395 2000 18031.5
4.105 -41.7424 2000 18032.7
4.11 -41.7448 2000 18033.8
4.115 -41.7468 2000 18034.6
4.12 -41.7484 2000 18035.3
4.125 -41.7495 2000 18035.8
4.13 -41.7502 2000 18036.1
4.135 -41.7505 2000 18036.2
4.14 -41.7386 1999.98 18032.9
4.145 -41.6969 1999.96 18017.3
4.15 -41.6373 1999.97 17990.7
4.155 -41.5523 1999.97 17953.1
4.16 -41.4444 1999.97 17905.5
4.165 -41.317 1999.96 17849.3
4.17 -41.1734 1999.94 17785.9
4.175 -41.0178 1999.91 17717
4.18 -40.8543 1999.88 17644.5
4.185 -40.6868 1999.84 17570.2
4.19 -40.52 1999.81 17495.8
4.195 -40.3587 1999.79 17422.6
4.2 -40.198 1999.75 17352.1
4.205 -40.046 1999.71 17285.6
4.21 -39.9039 1999.67 17223.7
4.215 -39.7723 1999.64 17166.7
4.22 -39.6514 1999.63 17114.7
4.225 -39.5406 1999.63 17067.4
4.23 -39.4396 1999.64 17024.5
4.235 -39.3476 1999.67 16985.7
4.24 -39.264 1999.69 16950.7
4.245 -39.1883 1999.72 16919
4.25 -39.1198 1999.74 16890.5
4.255 -39.0579 1999.77 16864.8
4.26 -39.0022 1999.8 16841.7
4.265 -38.9521 1999.82 16821
4.27 -38.9073 1999.84 16802.5
4.275 -38.8672 1999.84 16785.9
4.28 -38.8318 1999.85 16771.3
4.285 -38.8009 1999.87 16758.6
4.29 -38.7741 1999.89 16747.5
4.295 -38.7512 1999.91 16738.1
4.3 -38.7322 1999.93 16730.3
4.305 -38.7169 1999.94 16724
4.31 -38.7052 1999.95 16719.3
4.315 -38.6973 1999.96 16716.1
4.32 -38.693 1999.97 16714.4
4.325 -38.6923 1999.97 16714.3
4.33 -38.7169 1999.88 16721.8
4.335 -38.7561 1999.82 16736.9
4.34 -38.8057 1999.85 16759.5
4.345 -38.8733 1999.88 16789.6
4.35 -38.9581 1999.91 16827
4.355 -39.059 1999.94 16871.4
4.36 -39.1748 1999.96 16922.1
4.365 -39.3032 1999.99 16978.4
4.37 -39.4417 2000.02 17039.2
4.375 -39.5868 2000.05 17103
4.38 -39.735 2000.08 17168.3
4.385 -39.8824 2000.12 17233.3
4.39 -40.0255 2000.15 17296.5
4.395 -40.1619 2000.18 17356.7
4.4 -40.2899 2000.2 17413.1
4.405 -40.4084 2000.22 17465.2
4.41 -40.5196 2000.24 17512.8
4.415 -40.6201 2000.26 17555.8
4.42 -40.7084 2000.25 17594.4
4.425 -40.7883 2000.24 17629.1
4.43 -40.8605 2000.23 17660.2
4.435 -40.9258 2000.21 17688.1
4.44 -40.9848 2000.2 17713.2
4.445 -41.0384 2000.18 17735.8
4.45 -41.0873 2000.16 17756.4
4.455 -41.1324 2000.14 17775.4
4.46 -41.1746 2000.13 17793
4.465 -41.2145 2000.12 17809.8
4.47 -41.2527 2000.1 17825.9
4.475 -41.29 2000.09 17841.6
4.48 -41.3268 2000.08 17857.1
4.485 -41.3633 2000.07 17872.7
4.49 -41.3999 2000.06 17888.3
4.495 -41.4367 2000.06 17904
4.5 -41.474 2000.05 17919.9
4.505 -41.5117 2000.05 17936.1
4.51 -41.5502 2000.04 17952.6
4.515 -41.5893 2000.02 17969.4
4.52 -41.6253 1999.89 17985.5
4.525 -41.6332 1999.5 17991.6
4.53 -41.6509 1999.58 17998.6
4.535 -41.6678 1999.65 18005.3
4.54 -41.6841 1999.71 18011.7
4.545 -41.6986 1999.68 18017.7
4.55 -41.7126 1999.67 18023.4
4.555 -41.7269 1999.73 18029.1
4.56 -41.7407 1999.79 18034.8
4.565 -41.7543 1999.83 18040.3
4.57 -41.7677 1999.87 18045.8
4.575 -41.7805 1999.85 18051.1
4.58 -41.7933 1999.85 18056.5
4.585 -41.806 1999.85 18061.7
4.59 -41.8178 1999.79 18066.7
4.595 -41.8301 1999.83 18071.9
4.6 -41.8426 1999.87 18077.1
4.605 -41.8551 1999.9 18082.4
4.61 -41.8678 1999.92 18087.8
4.615 -41.8807 1999.94 18093.2
4.62 -41.8938 1999.96 18098.8
4.625 -41.9071 1999.97 18104.4
4.63 -41.9206 1999.98 18110.2
4.635 -41.9344 1999.99 18116.1
4.64 -41.9484 1999.99 18122.1
4.645 -41.9626 2000 18128.2
4.65 -41.977 2000 18134.4
4.655 -41.9915 2000 18140.6
4.66 -42.0062 2000 18146.9
4.665 -42.0209 2000.01 18153.2
4.67 -42.0357 2000.01 18159.6
4.675 -42.0505 2000.01 18166
4.68 -42.0653 2000.01 18172.4
4.685 -42.08 1999.97 18178.7
4.69 -42.094 1999.89 18184.7
4.695 -42.1083 1999.91 18190.9
4.7 -42.1226 1999.93 18197
4.705 -42.1368 1999.94 18203.2
4.71 -42.1509 1999.95 18209.3
4.715 -42.165 1999.96 18215.3
4.72 -42.179 1999.97 18221.4
4.725 -42.193 1999.98 18227.4
4.73 -42.2069 1999.98 18233.4
4.735 -42.2208 1999.99 18239.4
4.74 -42.2346 1999.99 18245.4
4.745 -42.2485 1999.99 18251.4
4.75 -42.2623 1999.99 18257.3
4.755 -42.276 2000 18263.3
4.76 -42.2898 2000 18269.2
4.765 -42.3035 2000 18275.1
4.77 -42.3171 2000 18281
4.775 -42.3307 2000 18286.9
4.78 -42.3442 2000 18292.7
4.785 -42.3577 2000 18298.5
4.79 -42.3711 2000 18304.3
4.795 -42.3844 2000 18310.1
4.8 -42.3975 2000 18315.7
4.805 -42.4106 2000 18321.4
4.81 -42.4235 2000 18327
4.815 -42.4363 2000 18332.5
4.82 -42.4489 2000 18337.9
4.825 -42.4614 2000 18343.3
4.83 -42.4736 2000 18348.6
4.835 -42.4856 2000 18353.8
4.84 -42.4973 2000 18358.9
4.845 -42.5088 2000 18363.8
4.85 -42.52 2000 18368.6
4.855 -42.5309 2000 18373.3
4.86 -42.5414 2000 18377.9
4.865 -42.5517 2000 18382.3
4.87 -42.5616 2000 18386.6
4.875 -42.5711 2000 18390.7
4.88 -42.5803 2000 18394.7
4.885 -42.5892 2000 18398.5
4.89 -42.5977 2000 18402.2
4.895 -42.6058 2000 18405.7
4.9 -42.6135 2000 18409.1
4.905 -42.6208 2000 18412.2
4.91 -42.6277 2000 18415.2
4.915 -42.6341 2000 18417.9
4.92 -42.64 2000 18420.5
4.925 -42.6454 2000 18422.8
4.93 -42.6503 2000 18424.9
4.935 -42.6546 2000 18426.8
4.94 -42.6584 2000 18428.4
4.945 -42.6617 2000 18429.9
4.95 -42.6645 2000 18431.1
4.955 -42.6667 2000 18432
4.96 -42.6685 2000 18432.8
4.965 -42.6698 2000 18433.4
4.97 -42.6706 2000 18433.7
4.975 -42.6711 2000 18433.9
4.98 -42.6711 2000 18433.9
4.985 -42.6239 1999.94 18420.8
4.99 -42.5586 1999.92 18396.6
4.995 -42.4855 1999.93 18362.6
5 -42.3892 1999.94 18318.9
5.005 -42.2732 1999.94 18266.7
5.01 -42.1411 1999.93 18207.6
5.015 -41.9968 1999.92 18143.1
5.02 -41.844 1999.9 18074.9
5.025 -41.6861 1999.87 18004.5
5.03 -41.5263 1999.83 17933.2
5.035 -41.3672 1999.8 17862.3
5.04 -41.2109 1999.76 17792.8
5.045 -41.059 1999.72 17725.4
5.05 -40.9126 1999.69 17660.7
5.055 -40.7724 1999.66 17599
5.06 -40.6388 1999.64 17540.4
5.065 -40.5143 1999.63 17485
5.07 -40.3953 1999.6 17432.4
5.075 -40.2788 1999.56 17382.7
5.08 -40.1683 1999.54 17335.7
5.085 -40.0636 1999.53 17291.2
5.09 -39.9641 1999.54 17249.1
5.095 -39.8693 1999.55 17209
5.1 -39.7787 1999.57 17170.8
5.105 -39.6919 1999.59 17134.2
5.11 -39.608 1999.56 17099
5.115 -39.5276 1999.54 17065.2
5.12 -39.4505 1999.58 17032.8
5.125 -39.3758 1999.61 17001.3
5.13 -39.3031 1999.63 16970.7
5.135 -39.2321 1999.66 16940.8
5.14 -39.1623 1999.69 16911.4
5.145 -39.0936 1999.72 16882.3
5.15 -39.0258 1999.74 16853.6
5.155 -38.9585 1999.76 16825
5.16 -38.8916 1999.79 16796.6
5.165 -38.825 1999.81 16768.3
5.17 -38.7575 1999.75 16739.7
5.175 -38.6908 1999.74 16711.3
5.18 -38.6251 1999.77 16683.2
5.185 -38.5593 1999.8 16655.1
5.19 -38.4935 1999.83 16626.9
5.195 -38.4275 1999.85 16598.6
5.2 -38.3615 1999.87 16570.3
5.205 -38.2952 1999.89 16541.8
5.21 -38.2288 1999.91 16513.3
5.215 -38.1622 1999.92 16484.7
5.22 -38.0954 1999.93 16456
5.225 -38.0285 1999.94 16427.2
5.23 -37.9613 1999.95 16398.3
5.235 -37.8948 1999.96 16369.3
5.24 -37.8274 1999.94 16340.2
5.245 -37.7595 1999.94 16311
5.25 -37.6919 1999.95 16282
5.255 -37.6243 1999.9 16252.8
5.26 -37.5593 1999.75 16224.8
5.265 -37.4977 1999.21 16198
5.27 -37.4521 1998.87 16177.8
5.275 -37.4164 1999.62 16162.5
5.28 -37.367 2000.06 16141.8
5.285 -37.309 1999.89 16117.3
5.29 -37.2536 1999.81 16093.6
5.295 -37.2009 1999.84 16070.8
5.3 -37.1483 1999.87 16048
5.305 -37.0958 1999.9 16025.3
5.31 -37.0434 1999.91 16002.7
5.315 -36.9912 1999.93 15980.1
5.32 -36.9392 1999.94 15957.7
5.325 -36.8873 1999.95 15935.2
5.33 -36.8356 1999.96 15912.9
5.335 -36.784 1999.97 15890.6
5.34 -36.7326 1999.97 15868.4
5.345 -36.6813 1999.98 15846.3
5.35 -36.6302 1999.98 15824.2
5.355 -36.5792 1999.98 15802.2
5.36 -36.5283 1999.99 15780.2
5.365 -36.4808 1999.38 15759
5.37 -36.4451 1999.02 15743.2
5.375 -36.4181 1999.26 15731.8
5.38 -36.3866 1999.53 15718.6
5.385 -36.352 1999.61 15703.7
5.39 -36.3169 1999.67 15688.7
5.395 -36.2814 1999.71 15673.4
5.4 -36.2455 1999.75 15658
5.405 -36.2085 1999.75 15642.2
5.41 -36.1659 2000.05 15625
5.415 -36.1058 2000.85 15600.2
5.42 -36.0328 2000.61 15568.4
5.425 -35.9604 2000.46 15536.8
5.43 -35.8884 2000.37 15505.4
5.435 -35.8158 2000.3 15473.7
5.44 -35.7425 2000.25 15441.8
5.445 -35.6687 2000.2 15409.7
5.45 -35.5944 2000.16 15377.4
5.455 -35.5196 2000.13 15344.9
5.46 -35.4444 2000.11 15312.4
5.465 -35.3698 2000.09 15279.6
5.47 -35.3078 1998.59 15250.3
5.475 -35.2692 1998.04 15232.6
5.48 -35.2472 1998.46 15223.6
5.485 -35.1389 2005.11 15190.7
5.49 -34.9674 2008.15 15126.2
5.495 -34.784 2005.63 15045.6
5.5 -34.6233 2004.66 14970.9
5.505 -34.4635 2003.92 14898
5.51 -34.303 2003.29 14826.1
5.515 -34.1433 2002.76 14755.3
5.52 -33.9844 2002.31 14685.2
5.525 -33.8263 2001.92 14615.8
5.53 -33.6688 2001.6 14547
5.535 -33.512 2001.33 14478.7
5.54 -33.3559 2001.1 14410.8
5.545 -33.2004 2000.92 14343.4
5.55 -33.0605 1999.55 14280.2
5.555 -32.9586 1997.6 14232.2
5.56 -32.8997 1996.33 14204.2
5.565 -32.8753 1995.93 14192.8
5.57 -32.8703 1996.6 14191.3
5.575 -32.8607 1997.04 14189.1
5.58 -32.8076 1999.86 14174.8
5.585 -32.5692 2007.68 14092
5.59 -32.3647 2006.23 13997.8
5.595 -32.1675 2005.29 13907.5
5.6 -31.9691 2004.45 13818.7
5.605 -31.7695 2003.68 13730.5
5.61 -31.5691 2003.01 13642.5
5.615 -31.3679 2002.46 13554.5
5.62 -31.1963 2000.11 13474.6
5.625 -31.0282 1998.9 13399.1
5.63 -30.8646 1998.66 13328.4
5.635 -30.7083 1998.41 13260.7
5.64 -30.5609 1998.2 13196.7
5.645 -30.424 1997.94 13137
5.65 -30.3003 1997.61 13082.8
5.655 -30.1933 1997.02 13035.7
5.66 -30.1145 1996.27 12999.6
5.665 -30.083 1994.97 12982.6
5.67 -30.0923 1995.48 12985.7
5.675 -30.014 2000.66 12967.3
5.68 -29.6644 2011.78 12846.7
5.685 -29.4179 2009.84 12729.8
5.69 -29.1609 2007.91 12613.8
5.695 -28.9003 2006.41 12497.9
5.7 -28.6376 2005.17 12381.9
5.705 -28.3955 2003.04 12271.8
5.71 -28.1459 2002.1 12162.1
5.715 -27.8587 2002.89 12041.2
5.72 -27.5849 2002.17 11921.2
5.725 -27.3118 2001.58 11801.9
5.73 -27.04 2001.1 11683.3
5.735 -26.7698 2000.7 11565.6
5.74 -26.5041 2000.24 11449.7
5.745 -26.2526 1999.53 11339
5.75 -26.0051 1999.18 11231.1
5.755 -25.7657 1998.64 11126.6
5.76 -25.5365 1998.18 11026.4
5.765 -25.3209 1997.8 10931.1
5.77 -25.1183 1997.27 10842.5
5.775 -24.938 1996.59 10763.1
5.78 -24.7903 1995.6 10697
5.785 -24.719 1992.83 10659.3
5.79 -24.209 2013.41 10503.4
5.795 -23.7985 2021.95 10352.5
5.8 -23.5086 2017.14 10213.6
5.805 -23.211 2013.58 10073.9
5.81 -22.9086 2010.86 9933.96
5.815 -22.6068 2008.46 9795.36
5.82 -22.3324 2005.69 9667.69
5.825 -22.0543 2004.15 9542.4
5.83 -21.7775 2003.07 9418.82
5.835 -21.5067 2002.01 9298.2
5.84 -21.243 2001.08 9181.09
5.845 -20.9912 2000.26 9067.86
5.85 -20.749 1999.45 8959.76
5.855 -20.5194 1998.58 8858.49
5.86 -20.313 1997.46 8766.84
5.865 -20.1477 1995.66 8691.83
5.87 -19.8175 2002.79 8573.9
5.875 -19.2508 2013.95 8366.52
5.88 -18.8539 2010.62 8184.28
5.885 -18.4448 2008.34 7998.8
5.89 -18.0207 2006.72 7809.6
5.895 -17.5867 2005.43 7617.26
5.9 -17.1471 2004.29 7422.78
5.905 -16.7576 2001.85 7245.59
5.91 -16.358 2000.81 7069.56
5.915 -15.9671 1999.81 6897.45
5.92 -15.5416 2000.56 6716.59
5.925 -15.0125 2003.44 6498.47
5.93 -14.5349 2002.39 6288.34
5.935 -14.0578 2001.53 6079.15
5.94 -13.5837 2000.78 5871.64
5.945 -13.1306 1999.49 5671.43
5.95 -12.3434 2010.74 5374.36
5.955 -11.6612 2015.19 5096.53
5.96 -11.1039 2011.89 4843.72
5.965 -10.5343 2009.47 4588.18
5.97 -9.95696 2007.56 4331.16
5.975 -9.37378 2006 4073.09
5.98 -8.786 2004.74 3814.21
5.985 -8.19455 2003.71 3554.69
5.99 -7.67133 2000.56 3315.92
5.995 -7.13699 1998.71 3077.76
6 -6.59694 1997.93 2841.97
6.005 -6.08226 1996.85 2616.15
6.01 -5.59179 1995.38 2400.47
6.015 -4.82797 2003.16 2106.28
6.02 -3.96598 2010.34 1766.58
6.025 -3.29427 2007.36 1465.11
6.03 -2.60204 2005.72 1157.44
6.035 -1.89871 2004.52 846.814
6.04 -1.18723 2003.54 533.956
6.045 -0.468614 2002.75 219.059
6.05 0.256242 2002.1 -97.695
6.055 0.970789 2000.88 -411.433
6.06 1.73801 2000.77 -742.466
6.065 2.48986 2000.19 -1070.77
6.07 3.39043 2003 -1442.58
6.075 4.36436 2006.26 -1843.38
6.08 5.27216 2006.13 -2236.18
6.085 6.15398 2004.86 -2625.47
6.09 7.04683 2003.83 -3017.91
6.095 7.93627 2002.7 -3409.41
6.1 8.82957 2001.76 -3801.31
6.105 9.73702 2001.23 -4196.69
6.11 10.5944 1999.64 -4577.47
6.115 11.419 1997.75 -4946.03
6.12 12.2505 1996.47 -5311.64
6.125 13.0656 1995.3 -5668.18
6.13 14.0211 1997.35 -6063.05
6.135 15.2766 2001.99 -6566.77
6.14 16.36 2000.98 -7043.3
6.145 17.4539 2000.42 -7522.37
6.15 18.5515 1999.93 -8002
6.155 19.6854 1999.57 -8491.85
6.16 21.3498 2002.2 -9166.12
6.165 22.819 2001.01 -9812.19
6.17 24.2957 2000.54 -10458.2
6.175 26.8498 2007.13 -11412.6
6.18 29.07 2009.26 -12326.1
6.185 31.6648 2009.4 -13391.8
6.19 34.4892 2009.63 -14564.1
6.195 37.4457 2009.32 -15828.8
6.2 40.3026 2008.29 -17097.2
6.205 42.9844 2007.11 -18313.7
6.21 45.5864 2005.98 -19490.9
6.215 47.9865 2006.87 -20578.5
6.22 49.7194 2008.27 -21406.5
6.225 50.8896 2005.14 -22003.5
6.23 51.6025 2003.37 -22419
6.235 52.0888 2001.22 -22716.6
6.24 51.3947 1995.7 -22659.7
6.245 49.8595 1987.6 -22085.3
6.25 48.8464 1987.32 -21450.6
6.255 47.1657 1981.96 -20704.2
6.26 45.8874 1982.7 -20039.1
6.265 44.8645 1979 -19472.9
6.27 43.6079 1976.3 -18905
6.275 42.8596 1987.62 -18493.9
6.28 42.8008 1992.19 -18323.4
6.285 42.7394 1994.22 -18261.2
6.29 42.5257 1993.84 -18205.8
6.295 42.0192 1980.07 -18053.8
6.3 41.7026 1964.3 -17989.3
6.305 41.3766 1947.92 -17919.3
6.31 41.0214 1935.45 -17805.4
6.315 39.3824 1846.9 -17357.6
6.32 37.9489 1767.69 -16960.1
6.325 38.8216 1811.64 -17244.5
6.33 39.4003 1841.97 -17420.2
6.335 39.675 1860.76 -17500.9
6.34 39.7288 1869.49 -17503.5
6.345 39.3298 1857.65 -17335.4
6.35 4.43185 102.014 -2778.39
6.355 1.29151 -42.0061 -395.456
