0.1 -1.67273e-17 -0.0161789 7.74414e-20
0.2 -3.1779e-17 -0.032612 1.47125e-19
0.3 -8.37564e-17 -0.0493117 3.87761e-19
0.4 -1.0015e-16 -0.0662915 4.63658e-19
0.5 -5.84532e-17 -0.0835729 2.70616e-19
0.6 -1.86657e-16 -0.101302 8.64152e-19
0.7 -2.31156e-16 -0.119619 1.07017e-18
0.8 -1.57814e-16 -0.138354 7.30621e-19
0.9 -1.51914e-16 -0.15749 7.03304e-19
1 2.81113e-17 -0.17705 -1.30145e-19
0.005 -2.37063e-06 -0.17705 8.23135e-09
0.01 -1.18464e-05 -0.17705 4.11332e-08
0.015 -3.07748e-05 -0.17705 1.06856e-07
0.02 -5.91161e-05 -0.17705 2.05263e-07
0.025 -9.68218e-05 -0.17705 3.36186e-07
0.03 -0.000143843 -0.177051 4.99453e-07
0.035 -0.000200141 -0.177051 6.94934e-07
0.04 -0.000265703 -0.177051 9.22579e-07
0.045 -0.000340547 -0.177051 1.18245e-06
0.05 -0.000424736 -0.177051 1.47478e-06
0.055 -0.000518384 -0.177052 1.79994e-06
0.06 -0.000621668 -0.177052 2.15857e-06
0.065 -0.000734829 -0.177052 2.55148e-06
0.07 -0.000858162 -0.177053 2.97972e-06
0.075 -0.000992001 -0.177053 3.44444e-06
0.08 -0.0011367 -0.177054 3.94685e-06
0.085 -0.00129258 -0.177054 4.48812e-06
0.09 -0.00145993 -0.177055 5.06919e-06
0.095 -0.00163891 -0.177055 5.69064e-06
0.1 -0.00182956 -0.177056 6.35263e-06
0.105 -0.00203181 -0.177056 7.05486e-06
0.11 -0.00224547 -0.177057 7.79673e-06
0.115 -0.00247029 -0.177058 8.57734e-06
0.12 -0.00270596 -0.177058 9.39565e-06
0.125 -0.00295216 -0.177059 1.02505e-05
0.13 -0.0032085 -0.17706 1.11406e-05
0.135 -0.00347466 -0.177061 1.20647e-05
0.14 -0.00375032 -0.177062 1.30218e-05
0.145 -0.00403531 -0.177062 1.40114e-05
0.15 -0.00432967 -0.177063 1.50334e-05
0.155 -0.00463365 -0.177064 1.60889e-05
0.16 -0.00494777 -0.177065 1.71796e-05
0.165 -0.00527274 -0.177066 1.83079e-05
0.17 -0.00560944 -0.177067 1.9477e-05
0.175 -0.00595884 -0.177068 2.06902e-05
0.18 -0.00632189 -0.177069 2.19507e-05
0.185 -0.00669928 -0.17707 2.32611e-05
0.19 -0.00709125 -0.177072 2.4622e-05
0.195 -0.00749737 -0.177073 2.60321e-05
0.2 -0.00791637 -0.177074 2.74869e-05
0.205 -0.00834616 -0.177075 2.89792e-05
0.21 -0.00878387 -0.177077 3.0499e-05
0.215 -0.00922613 -0.177078 3.20345e-05
0.22 -0.00966953 -0.177079 3.3574e-05
0.225 -0.0101112 -0.177081 3.51077e-05
0.23 -0.0105495 -0.177082 3.66295e-05
0.235 -0.0109841 -0.177083 3.81385e-05
0.24 -0.0114163 -0.177085 3.96388e-05
0.245 -0.0118486 -0.177086 4.11399e-05
0.25 -0.0122849 -0.177087 4.26547e-05
0.255 -0.0127295 -0.177089 4.41985e-05
0.26 -0.013187 -0.17709 4.5787e-05
0.265 -0.0136618 -0.177092 4.74352e-05
0.27 -0.0141575 -0.177093 4.91563e-05
0.275 -0.0146773 -0.177095 5.09612e-05
0.28 -0.0152234 -0.177096 5.28572e-05
0.285 -0.0157967 -0.177098 5.48479e-05
0.29 -0.0163972 -0.1771 5.69325e-05
0.295 -0.0170235 -0.177102 5.91071e-05
0.3 -0.0176739 -0.177104 6.13652e-05
0.305 -0.0183463 -0.177106 6.36997e-05
0.31 -0.0190388 -0.177108 6.61041e-05
0.315 -0.0197499 -0.17711 6.8573e-05
0.32 -0.0204787 -0.177112 7.11035e-05
0.325 -0.0212253 -0.177114 7.36954e-05
0.33 -0.0219905 -0.177117 7.63522e-05
0.335 -0.0227765 -0.177119 7.9081e-05
0.34 -0.0235859 -0.177122 8.18914e-05
0.345 -0.0244222 -0.177124 8.47946e-05
0.35 -0.0252881 -0.177127 8.78009e-05
0.355 -0.0261855 -0.17713 9.09165e-05
0.36 -0.0271143 -0.177132 9.41413e-05
0.365 -0.0280722 -0.177135 9.74668e-05
0.37 -0.029054 -0.177138 0.000100876
0.375 -0.030052 -0.177141 0.00010434
0.38 -0.031056 -0.177144 0.000107826
0.385 -0.0320545 -0.177147 0.000111293
0.39 -0.0330363 -0.17715 0.000114701
0.395 -0.0339914 -0.177153 0.000118017
0.4 -0.0349116 -0.177156 0.000121212
0.405 -0.035791 -0.177159 0.000124264
0.41 -0.0366261 -0.177161 0.000127164
0.415 -0.0374172 -0.177164 0.00012991
0.42 -0.0381676 -0.177166 0.000132515
0.425 -0.0388835 -0.177168 0.000135
0.43 -0.0395724 -0.17717 0.000137392
0.435 -0.0402421 -0.177172 0.000139717
0.44 -0.0408993 -0.177174 0.000141999
0.445 -0.0415497 -0.177176 0.000144257
0.45 -0.0421989 -0.177178 0.00014651
0.455 -0.0428526 -0.17718 0.00014878
0.46 -0.0435172 -0.177182 0.000151087
0.465 -0.0441995 -0.177184 0.000153456
0.47 -0.0449056 -0.177187 0.000155907
0.475 -0.0456407 -0.177189 0.000158459
0.48 -0.046409 -0.177191 0.000161126
0.485 -0.0472134 -0.177194 0.000163918
0.49 -0.0480556 -0.177196 0.000166842
0.495 -0.0489357 -0.177199 0.000169897
0.5 -0.049852 -0.177202 0.000173078
0.505 -0.0508028 -0.177205 0.000176379
0.51 -0.0517871 -0.177208 0.000179796
0.515 -0.0528061 -0.177211 0.000183333
0.52 -0.053863 -0.177214 0.000187002
0.525 -0.0549635 -0.177217 0.000190822
0.53 -0.0561141 -0.177221 0.000194817
0.535 -0.0573211 -0.177225 0.000199007
0.54 -0.0585877 -0.177228 0.000203403
0.545 -0.0599126 -0.177232 0.000208003
0.55 -0.0612898 -0.177237 0.000212783
0.555 -0.0627093 -0.177241 0.000217711
0.56 -0.0641588 -0.177246 0.000222742
0.565 -0.0656257 -0.17725 0.000227834
0.57 -0.0670983 -0.177255 0.000232946
0.575 -0.068566 -0.177259 0.00023804
0.58 -0.0700201 -0.177264 0.000243088
0.585 -0.071455 -0.177268 0.000248068
0.59 -0.0728688 -0.177272 0.000252976
0.595 -0.0742633 -0.177277 0.000257817
0.6 -0.0756433 -0.177281 0.000262607
0.605 -0.0770154 -0.177285 0.000267369
0.61 -0.0783861 -0.177289 0.000272127
0.615 -0.079759 -0.177294 0.000276892
0.62 -0.0811338 -0.177298 0.000281664
0.625 -0.0825052 -0.177302 0.000286424
0.63 -0.0838641 -0.177306 0.000291141
0.635 -0.0851989 -0.17731 0.000295774
0.64 -0.0864982 -0.177314 0.000300284
0.645 -0.0877545 -0.177318 0.000304644
0.65 -0.088966 -0.177322 0.000308849
0.655 -0.0901374 -0.177326 0.000312915
0.66 -0.0912785 -0.177329 0.000316875
0.665 -0.0924011 -0.177333 0.000320772
0.67 -0.0935174 -0.177336 0.000324646
0.675 -0.094639 -0.177339 0.000328539
0.68 -0.0957752 -0.177343 0.000332482
0.685 -0.0969329 -0.177347 0.000336501
0.69 -0.0981176 -0.17735 0.000340612
0.695 -0.0993354 -0.177354 0.000344839
0.7 -0.100597 -0.177358 0.000349216
0.705 -0.101916 -0.177362 0.000353795
0.71 -0.103313 -0.177366 0.000358642
0.715 -0.104807 -0.177371 0.000363831
0.72 -0.106421 -0.177376 0.000369431
0.725 -0.108171 -0.177381 0.000375503
0.73 -0.110068 -0.177387 0.000382087
0.735 -0.112119 -0.177394 0.000389207
0.74 -0.114327 -0.177401 0.000396867
0.745 -0.116686 -0.177408 0.000405056
0.75 -0.119191 -0.177416 0.000413749
0.755 -0.121832 -0.177424 0.000422914
0.76 -0.124599 -0.177433 0.000432516
0.765 -0.127483 -0.177442 0.000442524
0.77 -0.130476 -0.177451 0.00045291
0.775 -0.133569 -0.177461 0.000463645
0.78 -0.136754 -0.177471 0.000474696
0.785 -0.140018 -0.177481 0.000486022
0.79 -0.143344 -0.177491 0.000497566
0.795 -0.146709 -0.177502 0.000509241
0.8 -0.15008 -0.177512 0.000520937
0.805 -0.153419 -0.177523 0.000532524
0.81 -0.156688 -0.177533 0.000543868
0.815 -0.159855 -0.177543 0.000554855
0.82 -0.162892 -0.177553 0.000565394
0.825 -0.165785 -0.177562 0.000575431
0.83 -0.168531 -0.177571 0.000584959
0.835 -0.171145 -0.177579 0.000594027
0.84 -0.173654 -0.177587 0.000602731
0.845 -0.176096 -0.177594 0.000611205
0.85 -0.178513 -0.177602 0.000619593
0.855 -0.180946 -0.17761 0.000628032
0.86 -0.183423 -0.177618 0.000636627
0.865 -0.185958 -0.177626 0.000645421
0.87 -0.188549 -0.177634 0.000654409
0.875 -0.191182 -0.177642 0.000663543
0.88 -0.193836 -0.177651 0.000672751
0.885 -0.196488 -0.177659 0.000681953
0.89 -0.199116 -0.177667 0.000691071
0.895 -0.201703 -0.177676 0.000700045
0.9 -0.204239 -0.177684 0.000708843
0.905 -0.206722 -0.177692 0.000717456
0.91 -0.209154 -0.177699 0.00072589
0.915 -0.211537 -0.177707 0.000734158
0.92 -0.213873 -0.177715 0.00074226
0.925 -0.216156 -0.177722 0.00075018
0.93 -0.218377 -0.177729 0.000757886
0.935 -0.220523 -0.177736 0.000765328
0.94 -0.222576 -0.177742 0.000772451
0.945 -0.224523 -0.177749 0.000779202
0.95 -0.226347 -0.177754 0.000785532
0.955 -0.228039 -0.17776 0.000791401
0.96 -0.229593 -0.177765 0.000796789
0.965 -0.231008 -0.177769 0.000801696
0.97 -0.232285 -0.177774 0.000806127
0.975 -0.233425 -0.177777 0.000810083
0.98 -0.234426 -0.17778 0.000813553
0.985 -0.23528 -0.177783 0.000816516
0.99 -0.235982 -0.177785 0.000818949
0.995 -0.236523 -0.177787 0.000820828
1 -0.2369 -0.177788 0.000822133
1.005 -0.237108 -0.177789 0.000822858
1.01 -0.237152 -0.177789 0.000823009
1.015 -0.237039 -0.177789 0.000822618
1.02 -0.236789 -0.177789 0.000821748
1.025 -0.236429 -0.177789 0.000820499
1.03 -0.236003 -0.177789 0.000819018
1.035 -0.235563 -0.177789 0.000817492
1.04 -0.235175 -0.177789 0.000816145
1.045 -0.234907 -0.177789 0.000815215
1.05 -0.23483 -0.177789 0.000814945
1.055 -0.235005 -0.177789 0.000815553
1.06 -0.235478 -0.177789 0.000817197
1.065 -0.236269 -0.177789 0.000819941
1.07 -0.237367 -0.177789 0.000823756
1.075 -0.238744 -0.177792 0.000828534
1.08 -0.240353 -0.177797 0.000834113
1.085 -0.242137 -0.177804 0.000840302
1.09 -0.244036 -0.17781 0.000846887
1.095 -0.245989 -0.177817 0.00085366
1.1 -0.247944 -0.177823 0.000860442
1.105 -0.249873 -0.177829 0.000867132
1.11 -0.251769 -0.177836 0.000873707
1.115 -0.253644 -0.177842 0.00088021
1.12 -0.255521 -0.177848 0.000886719
1.125 -0.257429 -0.177854 0.000893339
1.13 -0.259401 -0.177861 0.000900176
1.135 -0.26146 -0.177867 0.000907316
1.14 -0.263617 -0.177874 0.000914799
1.145 -0.265867 -0.177882 0.0009226
1.15 -0.268175 -0.177889 0.000930604
1.155 -0.27048 -0.177897 0.0009386
1.16 -0.272691 -0.177904 0.000946267
1.165 -0.274685 -0.17791 0.000953181
1.17 -0.276314 -0.177916 0.00095883
1.175 -0.27742 -0.177919 0.000962667
1.18 -0.277855 -0.177921 0.000964175
1.185 -0.277483 -0.17792 0.000962886
1.19 -0.276187 -0.177919 0.000958387
1.195 -0.273875 -0.177919 0.000950358
1.2 -0.270488 -0.177919 0.000938599
1.205 -0.265994 -0.17792 0.000922992
1.21 -0.260368 -0.17792 0.000903456
1.215 -0.253592 -0.17792 0.000879929
1.22 -0.245653 -0.17792 0.000852365
1.225 -0.236547 -0.17792 0.000820744
1.23 -0.226276 -0.17792 0.000785082
1.235 -0.214863 -0.17792 0.000745452
1.24 -0.202351 -0.177921 0.000702007
1.245 -0.188813 -0.177921 0.000655
1.25 -0.174353 -0.177921 0.000604793
1.255 -0.159099 -0.177921 0.000551828
1.26 -0.143181 -0.177921 0.000496557
1.265 -0.126711 -0.177921 0.000439368
1.27 -0.109772 -0.177922 0.000380553
1.275 -0.0924271 -0.177922 0.000320328
1.28 -0.0747237 -0.177923 0.000258858
1.285 -0.0567061 -0.177924 0.000196297
1.29 -0.0384317 -0.177928 0.000132848
1.295 -0.0199841 -0.17794 6.88055e-05
1.3 -0.00148239 -0.17797 4.5718e-06
1.305 0.0169166 -0.178022 -5.93137e-05
1.31 0.0350261 -0.178084 -0.00012219
1.315 0.0526455 -0.178144 -0.000183359
1.32 0.0695785 -0.178201 -0.000242139
1.325 0.0856457 -0.178255 -0.000297908
1.33 0.100687 -0.178305 -0.000350111
1.335 0.11455 -0.178351 -0.000398223
1.34 0.127087 -0.178393 -0.000441724
1.345 0.138143 -0.17843 -0.00048009
1.35 0.147574 -0.178461 -0.000512811
1.355 0.155252 -0.178487 -0.00053945
1.36 0.161073 -0.178506 -0.000559644
1.365 0.164959 -0.178519 -0.000573125
1.37 0.166862 -0.178526 -0.000579726
1.375 0.166769 -0.178526 -0.000579403
1.38 0.164701 -0.178525 -0.000572222
1.385 0.160699 -0.178526 -0.000558326
1.39 0.154817 -0.178526 -0.000537901
1.395 0.147108 -0.178527 -0.000511131
1.4 0.137618 -0.178527 -0.000478178
1.405 0.12638 -0.178527 -0.000439158
1.41 0.113409 -0.178528 -0.000394117
1.415 0.0986981 -0.178528 -0.000343039
1.42 0.0822331 -0.178528 -0.000285868
1.425 0.0640008 -0.178528 -0.000222561
1.43 0.044004 -0.178528 -0.000153128
1.435 0.0222741 -0.178528 -7.76762e-05
1.44 -0.00111752 -0.178528 3.54477e-06
1.445 -0.0260507 -0.178529 9.01184e-05
1.45 -0.0523554 -0.178529 0.000181454
1.455 -0.0798217 -0.178529 0.000276823
1.46 -0.108217 -0.178529 0.000375418
1.465 -0.137298 -0.178529 0.000476393
1.47 -0.16681 -0.178529 0.000578863
1.475 -0.196489 -0.178529 0.000681918
1.48 -0.226093 -0.178531 0.000784705
1.485 -0.25541 -0.178535 0.000886498
1.49 -0.28426 -0.178561 0.000986649
1.495 -0.312486 -0.178634 0.00108455
1.5 -0.339961 -0.178736 0.00117979
1.505 -0.366581 -0.178836 0.00127206
1.51 -0.392252 -0.178931 0.00136102
1.515 -0.41689 -0.179021 0.0014464
1.52 -0.440427 -0.179107 0.00152795
1.525 -0.462814 -0.179189 0.00160551
1.53 -0.484023 -0.179266 0.00167897
1.535 -0.504043 -0.179338 0.00174832
1.54 -0.522879 -0.179406 0.00181355
1.545 -0.540546 -0.17947 0.00187473
1.55 -0.55707 -0.179529 0.00193195
1.555 -0.572482 -0.179585 0.00198531
1.56 -0.586822 -0.179637 0.00203496
1.565 -0.600141 -0.179685 0.00208107
1.57 -0.612504 -0.179729 0.00212386
1.575 -0.623994 -0.179771 0.00216364
1.58 -0.634707 -0.179809 0.00220071
1.585 -0.64475 -0.179846 0.00223547
1.59 -0.654242 -0.17988 0.00226832
1.595 -0.663303 -0.179913 0.00229968
1.6 -0.672041 -0.179945 0.00232992
1.605 -0.680537 -0.179975 0.00235932
1.61 -0.688853 -0.180005 0.00238809
1.615 -0.697034 -0.180035 0.0024164
1.62 -0.705124 -0.180064 0.00244439
1.625 -0.713156 -0.180094 0.00247218
1.63 -0.721158 -0.180123 0.00249987
1.635 -0.729142 -0.180152 0.00252749
1.64 -0.737103 -0.180181 0.00255503
1.645 -0.74502 -0.18021 0.00258242
1.65 -0.752865 -0.180239 0.00260956
1.655 -0.7606 -0.180267 0.00263631
1.66 -0.768176 -0.180295 0.00266251
1.665 -0.775519 -0.180322 0.00268791
1.67 -0.782532 -0.180348 0.00271217
1.675 -0.789087 -0.180372 0.00273484
1.68 -0.795038 -0.180394 0.00275542
1.685 -0.800224 -0.180413 0.00277335
1.69 -0.804474 -0.180429 0.00278805
1.695 -0.807621 -0.18044 0.00279893
1.7 -0.809521 -0.180447 0.0028055
1.705 -0.810057 -0.180449 0.00280735
1.71 -0.809133 -0.180446 0.00280416
1.715 -0.806668 -0.180444 0.00279561
1.72 -0.802587 -0.180445 0.00278143
1.725 -0.796814 -0.180446 0.00276138
1.73 -0.789279 -0.180447 0.00273522
1.735 -0.77992 -0.180447 0.00270272
1.74 -0.768694 -0.180448 0.00266374
1.745 -0.7556 -0.180448 0.00261827
1.75 -0.740681 -0.180448 0.00256647
1.755 -0.72403 -0.180449 0.00250865
1.76 -0.705779 -0.180449 0.00244528
1.765 -0.686096 -0.180449 0.00237693
1.77 -0.665174 -0.180449 0.00230429
1.775 -0.643222 -0.180449 0.00222807
1.78 -0.620452 -0.180449 0.002149
1.785 -0.597067 -0.180449 0.0020678
1.79 -0.573269 -0.18045 0.00198517
1.795 -0.549245 -0.18045 0.00190176
1.8 -0.52516 -0.18045 0.00181813
1.805 -0.50115 -0.18045 0.00173476
1.81 -0.477331 -0.18045 0.00165206
1.815 -0.453787 -0.18045 0.00157031
1.82 -0.430564 -0.18045 0.00148968
1.825 -0.407645 -0.18045 0.0014101
1.83 -0.384957 -0.18045 0.00133133
1.835 -0.362393 -0.18045 0.00125298
1.84 -0.339839 -0.180449 0.00117468
1.845 -0.317212 -0.180449 0.00109611
1.85 -0.294479 -0.180449 0.00101718
1.855 -0.27168 -0.180449 0.000938028
1.86 -0.248941 -0.180449 0.000859081
1.865 -0.226456 -0.180449 0.000781016
1.87 -0.204457 -0.180449 0.000704637
1.875 -0.183175 -0.180449 0.000630751
1.88 -0.162833 -0.18045 0.00056013
1.885 -0.14365 -0.18045 0.00049353
1.89 -0.125842 -0.18045 0.000431709
1.895 -0.109617 -0.18045 0.00037538
1.9 -0.0951333 -0.18045 0.0003251
1.905 -0.082481 -0.18045 0.000281178
1.91 -0.0716804 -0.18045 0.000243685
1.915 -0.0627008 -0.180451 0.000212513
1.92 -0.0554705 -0.180451 0.000187414
1.925 -0.0498913 -0.180451 0.000168047
1.93 -0.0458596 -0.180451 0.000154052
1.935 -0.0432877 -0.180451 0.000145125
1.94 -0.0421231 -0.180451 0.000141082
1.945 -0.042361 -0.180451 0.000141908
1.95 -0.0440421 -0.180451 0.000147745
1.955 -0.0472348 -0.180451 0.000158831
1.96 -0.0520193 -0.180451 0.000175444
1.965 -0.0584809 -0.180451 0.000197881
1.97 -0.0667014 -0.180451 0.000226424
1.975 -0.0767414 -0.180451 0.000261285
1.98 -0.0886234 -0.180451 0.000302542
1.985 -0.102328 -0.180451 0.000350129
1.99 -0.117798 -0.180451 0.000403843
1.995 -0.134933 -0.180451 0.000463339
2 -0.153585 -0.180451 0.000528105
2.005 -0.173558 -0.180451 0.000597454
2.01 -0.194608 -0.180451 0.000670546
2.015 -0.216461 -0.180451 0.000746422
2.02 -0.238807 -0.180451 0.000824015
2.025 -0.261311 -0.180451 0.000902152
2.03 -0.283621 -0.180451 0.000979616
2.035 -0.30541 -0.180451 0.00105527
2.04 -0.326394 -0.180451 0.00112813
2.045 -0.346334 -0.180451 0.00119737
2.05 -0.365044 -0.180451 0.00126234
2.055 -0.382392 -0.180451 0.00132257
2.06 -0.398285 -0.180451 0.00137775
2.065 -0.412654 -0.180451 0.00142764
2.07 -0.425464 -0.180451 0.00147213
2.075 -0.436736 -0.180451 0.00151126
2.08 -0.446548 -0.180451 0.00154533
2.085 -0.455036 -0.180451 0.0015748
2.09 -0.462366 -0.180451 0.00160026
2.095 -0.468715 -0.180451 0.0016223
2.1 -0.474241 -0.180451 0.00164149
2.105 -0.479058 -0.180451 0.00165821
2.11 -0.483222 -0.180451 0.00167267
2.115 -0.486754 -0.180451 0.00168493
2.12 -0.489672 -0.180451 0.00169507
2.125 -0.492024 -0.180451 0.00170323
2.13 -0.493898 -0.180451 0.00170974
2.135 -0.495432 -0.180451 0.00171507
2.14 -0.49681 -0.180451 0.00171985
2.145 -0.498242 -0.180451 0.00172482
2.15 -0.499942 -0.180451 0.00173072
2.155 -0.502105 -0.180451 0.00173824
2.16 -0.5049 -0.180451 0.00174794
2.165 -0.50844 -0.180451 0.00176023
2.17 -0.512793 -0.180451 0.00177534
2.175 -0.518005 -0.180451 0.00179344
2.18 -0.524114 -0.180451 0.00181465
2.185 -0.531159 -0.180451 0.00183911
2.19 -0.53919 -0.180451 0.001867
2.195 -0.548283 -0.180451 0.00189857
2.2 -0.558538 -0.180451 0.00193418
2.205 -0.570072 -0.180451 0.00197422
2.21 -0.583015 -0.180451 0.00201916
2.215 -0.597494 -0.180451 0.00206944
2.22 -0.613607 -0.180451 0.00212538
2.225 -0.631406 -0.180451 0.00218718
2.23 -0.650879 -0.180451 0.00225479
2.235 -0.671932 -0.180451 0.00232788
2.24 -0.694364 -0.180451 0.00240576
2.245 -0.717875 -0.180452 0.00248738
2.25 -0.742104 -0.180453 0.00257148
2.255 -0.766688 -0.180455 0.00265682
2.26 -0.791288 -0.180458 0.0027422
2.265 -0.815582 -0.180464 0.00282651
2.27 -0.839274 -0.180514 0.00290855
2.275 -0.862098 -0.180606 0.00298741
2.28 -0.883801 -0.180694 0.0030624
2.285 -0.904098 -0.180776 0.00313254
2.29 -0.922664 -0.180851 0.00319668
2.295 -0.939137 -0.180918 0.00325359
2.3 -0.95313 -0.180976 0.00330193
2.305 -0.964241 -0.181021 0.00334031
2.31 -0.972097 -0.181054 0.00336744
2.315 -0.97637 -0.181073 0.00338219
2.32 -0.976781 -0.181076 0.00338361
2.325 -0.973095 -0.181065 0.00337086
2.33 -0.965107 -0.181059 0.00334315
2.335 -0.95263 -0.181063 0.00329981
2.34 -0.935477 -0.181067 0.00324023
2.345 -0.913471 -0.18107 0.0031638
2.35 -0.886469 -0.181073 0.00307003
2.355 -0.854391 -0.181075 0.00295864
2.36 -0.817225 -0.181076 0.00282958
2.365 -0.775034 -0.181078 0.00268308
2.37 -0.727985 -0.181079 0.00251971
2.375 -0.676381 -0.18108 0.00234053
2.38 -0.620704 -0.18108 0.00214721
2.385 -0.56164 -0.181081 0.00194213
2.39 -0.500065 -0.181081 0.00172833
2.395 -0.43698 -0.181081 0.0015093
2.4 -0.373476 -0.181081 0.00128882
2.405 -0.310708 -0.18108 0.00107091
2.41 -0.249856 -0.18108 0.000859651
2.415 -0.192032 -0.181079 0.000658917
2.42 -0.138192 -0.181079 0.000472024
2.425 -0.0891302 -0.181079 0.000301732
2.43 -0.0455008 -0.18108 0.000150313
2.435 -0.00780241 -0.181085 1.94965e-05
2.44 0.0236076 -0.181091 -8.94825e-05
2.445 0.0484742 -0.181101 -0.000175736
2.45 0.0666355 -0.181115 -0.000238724
2.455 0.0780161 -0.181128 -0.0002782
2.46 0.0825971 -0.181136 -0.000294087
2.465 0.0803921 -0.181136 -0.000286432
2.47 0.0714375 -0.181136 -0.000255343
2.475 0.055789 -0.181138 -0.000201001
2.48 0.0335175 -0.18114 -0.000123663
2.485 0.00470807 -0.181142 -2.3626e-05
2.49 -0.0305364 -0.181144 9.87545e-05
2.495 -0.0720863 -0.181145 0.000243028
2.5 -0.119757 -0.181146 0.000408555
2.505 -0.173266 -0.181146 0.00059435
2.51 -0.232186 -0.181147 0.000798936
2.515 -0.29593 -0.181147 0.00102027
2.52 -0.363753 -0.181148 0.00125576
2.525 -0.434796 -0.181148 0.00150244
2.53 -0.508171 -0.181148 0.0017572
2.535 -0.583058 -0.181148 0.00201722
2.54 -0.658755 -0.181148 0.00228003
2.545 -0.734712 -0.181148 0.00254373
2.55 -0.810517 -0.181148 0.00280686
2.555 -0.885851 -0.18115 0.0030683
2.56 -0.960475 -0.181157 0.0033272
2.565 -1.03421 -0.181189 0.00358287
2.57 -1.10687 -0.181384 0.0038341
2.575 -1.17828 -0.181714 0.00408031
2.58 -1.24821 -0.182037 0.00432142
2.585 -1.31649 -0.182351 0.00455675
2.59 -1.38298 -0.182655 0.0047858
2.595 -1.44757 -0.182949 0.00500823
2.6 -1.51023 -0.183226 0.00522324
2.605 -1.57092 -0.183487 0.00543077
2.61 -1.62961 -0.183733 0.00563075
2.615 -1.6862 -0.183962 0.0058229
2.62 -1.74059 -0.184168 0.00600639
2.625 -1.79261 -0.18435 0.00618074
2.63 -1.84206 -0.184501 0.0063456
2.635 -1.88879 -0.184624 0.00650044
2.64 -1.93266 -0.184728 0.00664499
2.645 -1.97364 -0.1848 0.00677873
2.65 -2.01176 -0.184853 0.00690264
2.655 -2.04714 -0.184905 0.00701769
2.66 -2.07996 -0.184954 0.00712444
2.665 -2.11044 -0.184998 0.00722344
2.67 -2.13883 -0.18501 0.00731458
2.675 -2.16543 -0.184996 0.007399
2.68 -2.19053 -0.184985 0.00747876
2.685 -2.21445 -0.184976 0.0075548
2.69 -2.23745 -0.18497 0.00762798
2.695 -2.25976 -0.184966 0.00769898
2.7 -2.28155 -0.184962 0.00776838
2.705 -2.30295 -0.18496 0.00783656
2.71 -2.32403 -0.184959 0.00790375
2.715 -2.34483 -0.184959 0.00797004
2.72 -2.36536 -0.18496 0.00803549
2.725 -2.38565 -0.184961 0.00810017
2.73 -2.40572 -0.18496 0.00816409
2.735 -2.42561 -0.184941 0.00822685
2.74 -2.44535 -0.184907 0.00828866
2.745 -2.46499 -0.184874 0.00835016
2.75 -2.48455 -0.184843 0.00841145
2.755 -2.50406 -0.184813 0.00847261
2.76 -2.52352 -0.184785 0.00853365
2.765 -2.54292 -0.184757 0.00859447
2.77 -2.56215 -0.18473 0.00865479
2.775 -2.58108 -0.184704 0.00871414
2.78 -2.59947 -0.184679 0.00877182
2.785 -2.61703 -0.184656 0.00882689
2.79 -2.63337 -0.184634 0.00887811
2.795 -2.64801 -0.184616 0.00892403
2.8 -2.66045 -0.1846 0.00896303
2.805 -2.67021 -0.184587 0.0089936
2.81 -2.67686 -0.184579 0.00901443
2.815 -2.68007 -0.184575 0.00902449
2.82 -2.67958 -0.184576 0.00902295
2.825 -2.67517 -0.184595 0.00900889
2.83 -2.66661 -0.184642 0.00898149
2.835 -2.65372 -0.184713 0.00894025
2.84 -2.63634 -0.184808 0.00888461
2.845 -2.6143 -0.184928 0.00881411
2.85 -2.58747 -0.185073 0.00872827
2.855 -2.55572 -0.185245 0.00862672
2.86 -2.519 -0.185444 0.00850925
2.865 -2.47733 -0.18567 0.00837598
2.87 -2.4309 -0.185923 0.00822747
2.875 -2.38004 -0.186195 0.00806464
2.88 -2.32523 -0.186443 0.00788758
2.885 -2.26706 -0.186667 0.00769831
2.89 -2.20612 -0.186905 0.00750013
2.895 -2.1429 -0.187154 0.00729466
2.9 -2.07782 -0.187405 0.00708294
2.905 -2.01119 -0.187599 0.00686361
2.91 -1.94321 -0.187744 0.0066376
2.915 -1.87406 -0.187869 0.00640689
2.92 -1.80399 -0.187958 0.00617115
2.925 -1.7333 -0.18801 0.0059312
2.93 -1.66237 -0.188038 0.00568936
2.935 -1.59154 -0.188053 0.00544671
2.94 -1.52114 -0.188054 0.00520435
2.945 -1.45143 -0.188051 0.00496377
2.95 -1.3826 -0.188035 0.00472504
2.955 -1.31484 -0.188016 0.00448955
2.96 -1.24838 -0.187999 0.00425875
2.965 -1.1835 -0.187985 0.0040336
2.97 -1.12056 -0.187973 0.00381531
2.975 -1.05998 -0.187962 0.00360532
2.98 -1.00223 -0.187953 0.0034052
2.985 -0.947737 -0.187945 0.00321642
2.99 -0.896871 -0.187939 0.00304027
2.995 -0.849941 -0.187934 0.00287778
3 -0.807165 -0.187929 0.00272971
3.005 -0.768661 -0.187926 0.00259644
3.01 -0.73444 -0.187923 0.00247802
3.015 -0.704365 -0.18792 0.00237396
3.02 -0.67813 -0.187919 0.00228319
3.025 -0.655241 -0.187917 0.002204
3.03 -0.635035 -0.187917 0.00213411
3.035 -0.616741 -0.187916 0.00207083
3.04 -0.599539 -0.187916 0.00201133
3.045 -0.582617 -0.187915 0.00195281
3.05 -0.56526 -0.187915 0.00189279
3.055 -0.546943 -0.187915 0.00182945
3.06 -0.527356 -0.187916 0.00176172
3.065 -0.506358 -0.187916 0.00168912
3.07 -0.483936 -0.187917 0.0016116
3.075 -0.460152 -0.187919 0.00152937
3.08 -0.435103 -0.187921 0.00144277
3.085 -0.408899 -0.187924 0.00135218
3.09 -0.381632 -0.187927 0.00125791
3.095 -0.353345 -0.187932 0.00116012
3.1 -0.324022 -0.187938 0.00105875
3.105 -0.293584 -0.187947 0.000953545
3.11 -0.261895 -0.18796 0.000844007
3.115 -0.228775 -0.187978 0.000729512
3.12 -0.194014 -0.188003 0.000609361
3.125 -0.157412 -0.188038 0.000482792
3.13 -0.118817 -0.188082 0.000349254
3.135 -0.0781515 -0.188136 0.00020843
3.14 -0.0354046 -0.188206 6.00714e-05
3.145 0.00941202 -0.188305 -9.60106e-05
3.15 0.056313 -0.188439 -0.000259005
3.155 0.105372 -0.188594 -0.000428695
3.16 0.156738 -0.188758 -0.000606226
3.165 0.210637 -0.188931 -0.000792507
3.17 0.267345 -0.189114 -0.000988474
3.175 0.327118 -0.189309 -0.00119501
3.18 0.390127 -0.189516 -0.00141267
3.185 0.456425 -0.189738 -0.00164165
3.19 0.525971 -0.189973 -0.00188176
3.195 0.598631 -0.190223 -0.00213255
3.2 0.674166 -0.190487 -0.00239317
3.205 0.752213 -0.190765 -0.00266234
3.21 0.832291 -0.191055 -0.0029384
3.215 0.913814 -0.191355 -0.0032193
3.22 0.996111 -0.191653 -0.00350186
3.225 1.07842 -0.191947 -0.00378341
3.23 1.15995 -0.192229 -0.00406113
3.235 1.23995 -0.192481 -0.00433112
3.24 1.31771 -0.192707 -0.00459188
3.245 1.39252 -0.192892 -0.0048411
3.25 1.46376 -0.193022 -0.00507587
3.255 1.53109 -0.193108 -0.00529575
3.26 1.59445 -0.193164 -0.00550161
3.265 1.6539 -0.193162 -0.00569262
3.27 1.7096 -0.193111 -0.00586959
3.275 1.76175 -0.19307 -0.00603543
3.28 1.81065 -0.193036 -0.006191
3.285 1.8566 -0.193009 -0.00633723
3.29 1.89988 -0.192983 -0.00647493
3.295 1.94069 -0.19293 -0.00660396
3.3 1.97915 -0.19285 -0.00672454
3.305 2.01529 -0.192773 -0.00683764
3.31 2.04911 -0.192704 -0.0069435
3.315 2.08058 -0.192642 -0.00704205
3.32 2.1097 -0.192586 -0.00713327
3.325 2.13653 -0.192537 -0.00721733
3.33 2.16121 -0.192492 -0.00729467
3.335 2.184 -0.192453 -0.00736611
3.34 2.20527 -0.192416 -0.00743278
3.345 2.22548 -0.192383 -0.00749617
3.35 2.24521 -0.19235 -0.00755803
3.355 2.26514 -0.192318 -0.00762054
3.36 2.28613 -0.192271 -0.00768609
3.365 2.30915 -0.192208 -0.00775771
3.37 2.33524 -0.192137 -0.00783887
3.375 2.36532 -0.192058 -0.00793248
3.38 2.40008 -0.191967 -0.00804068
3.385 2.44005 -0.191865 -0.00816506
3.39 2.48564 -0.191745 -0.00830666
3.395 2.53717 -0.191599 -0.00846603
3.4 2.59488 -0.191432 -0.00864405
3.405 2.65894 -0.191248 -0.00884159
3.41 2.72952 -0.191035 -0.00905836
3.415 2.80671 -0.190767 -0.00929338
3.42 2.89055 -0.190451 -0.00954722
3.425 2.98097 -0.190071 -0.00982009
3.43 3.0778 -0.189598 -0.0101097
3.435 3.1807 -0.189049 -0.0104145
3.44 3.28913 -0.188413 -0.0107323
3.445 3.4024 -0.187707 -0.0110615
3.45 3.51971 -0.186925 -0.0113993
3.455 3.64019 -0.185986 -0.0117408
3.46 3.763 -0.184945 -0.0120857
3.465 3.88732 -0.183802 -0.0124317
3.47 4.0124 -0.182556 -0.0127763
3.475 4.13754 -0.181279 -0.013118
3.48 4.26207 -0.179954 -0.0134554
3.485 4.38539 -0.178617 -0.013788
3.49 4.507 -0.177257 -0.0141151
3.495 4.62648 -0.175876 -0.0144358
3.5 4.74358 -0.174526 -0.0147488
3.505 4.85816 -0.173214 -0.015053
3.51 4.9702 -0.171915 -0.0153471
3.515 5.07977 -0.170629 -0.0156313
3.52 5.18707 -0.169348 -0.0159071
3.525 5.29243 -0.168076 -0.0161726
3.53 5.39625 -0.166815 -0.016427
3.535 5.49901 -0.165577 -0.0166667
3.54 5.60111 -0.164408 -0.016894
3.545 5.70285 -0.16339 -0.0171078
3.55 5.80438 -0.162489 -0.0173116
3.555 5.90573 -0.161574 -0.0175151
3.56 6.00681 -0.160626 -0.017718
3.565 6.10738 -0.159666 -0.0179201
3.57 6.20712 -0.158763 -0.0181172
3.575 6.30564 -0.157922 -0.0183094
3.58 6.40259 -0.157126 -0.0184981
3.585 6.49774 -0.156376 -0.0186835
3.59 6.59095 -0.155655 -0.0188654
3.595 6.68217 -0.154931 -0.0190447
3.6 6.77139 -0.154204 -0.0192212
3.605 6.85866 -0.153514 -0.0193933
3.61 6.9441 -0.152852 -0.0195618
3.615 7.02786 -0.152232 -0.0197263
3.62 7.11012 -0.151659 -0.0198867
3.625 7.19115 -0.151039 -0.0200499
3.63 7.27126 -0.150368 -0.0202164
3.635 7.3508 -0.149712 -0.0203814
3.64 7.43013 -0.149066 -0.0205458
3.645 7.5096 -0.14841 -0.0207111
3.65 7.58957 -0.147743 -0.0208779
3.655 7.67036 -0.147077 -0.0210467
3.66 7.75219 -0.146411 -0.0212178
3.665 7.83512 -0.145748 -0.021391
3.67 7.91897 -0.145045 -0.0215685
3.675 8.00337 -0.144304 -0.0217494
3.68 8.08774 -0.143575 -0.02193
3.685 8.17136 -0.142865 -0.0221086
3.69 8.25344 -0.142192 -0.0222837
3.695 8.33323 -0.141562 -0.0224535
3.7 8.40998 -0.14097 -0.0226167
3.705 8.48305 -0.140421 -0.0227717
3.71 8.55198 -0.139916 -0.0229178
3.715 8.61648 -0.139457 -0.0230543
3.72 8.67637 -0.139044 -0.0231808
3.725 8.73154 -0.138685 -0.0232969
3.73 8.78187 -0.138377 -0.0234026
3.735 8.82733 -0.138107 -0.023498
3.74 8.86791 -0.137874 -0.0235829
3.745 8.90368 -0.137674 -0.0236578
3.75 8.93475 -0.137502 -0.0237228
3.755 8.96131 -0.137341 -0.0237789
3.76 8.98354 -0.137192 -0.0238263
3.765 9.00158 -0.137073 -0.0238647
3.77 9.01552 -0.136982 -0.0238944
3.775 9.02536 -0.136918 -0.0239154
3.78 9.03104 -0.136882 -0.0239275
3.785 9.0325 -0.136873 -0.0239306
3.79 9.02972 -0.136893 -0.0239246
3.795 9.02278 -0.136965 -0.0239068
3.8 9.01186 -0.137094 -0.0238769
3.805 8.99729 -0.137265 -0.0238373
3.81 8.97953 -0.137473 -0.0237893
3.815 8.9591 -0.137714 -0.0237342
3.82 8.93659 -0.137982 -0.0236739
3.825 8.91257 -0.138272 -0.0236098
3.83 8.8877 -0.138576 -0.0235437
3.835 8.86269 -0.138886 -0.0234777
3.84 8.83839 -0.139192 -0.0234139
3.845 8.81578 -0.13948 -0.0233547
3.85 8.79586 -0.139738 -0.0233029
3.855 8.77951 -0.139952 -0.0232605
3.86 8.76726 -0.140114 -0.0232288
3.865 8.7594 -0.140219 -0.0232086
3.87 8.75596 -0.140266 -0.0231998
3.875 8.75682 -0.140257 -0.0232021
3.88 8.76175 -0.140201 -0.0232154
3.885 8.77036 -0.140107 -0.0232387
3.89 8.78218 -0.139978 -0.0232707
3.895 8.79669 -0.139818 -0.0233099
3.9 8.81344 -0.139633 -0.0233552
3.905 8.83204 -0.139427 -0.0234054
3.91 8.85221 -0.139203 -0.0234599
3.915 8.8738 -0.138963 -0.0235181
3.92 8.89671 -0.138707 -0.0235796
3.925 8.92087 -0.138432 -0.0236441
3.93 8.9462 -0.138137 -0.0237111
3.935 8.97255 -0.137822 -0.0237801
3.94 8.99963 -0.137488 -0.0238499
3.945 9.02705 -0.137145 -0.0239192
3.95 9.05424 -0.136873 -0.023982
3.955 9.08053 -0.136672 -0.0240374
3.96 9.10517 -0.136479 -0.0240891
3.965 9.12746 -0.136316 -0.0241356
3.97 9.14667 -0.136185 -0.0241757
3.975 9.1622 -0.136067 -0.0242091
3.98 9.17359 -0.135969 -0.0242343
3.985 9.18058 -0.13591 -0.0242498
3.99 9.18306 -0.135889 -0.0242551
3.995 9.18101 -0.135909 -0.0242502
4 9.17448 -0.135979 -0.0242332
4.005 9.16357 -0.136103 -0.0242034
4.01 9.14838 -0.136275 -0.0241622
4.015 9.12894 -0.136497 -0.0241098
4.02 9.10527 -0.136768 -0.0240462
4.025 9.0773 -0.137093 -0.0239714
4.03 9.04498 -0.137478 -0.0238856
4.035 9.0083 -0.137927 -0.0237888
4.04 8.96727 -0.138441 -0.0236813
4.045 8.92204 -0.139019 -0.0235637
4.05 8.87285 -0.139662 -0.0234367
4.055 8.82004 -0.140367 -0.0233014
4.06 8.76406 -0.141126 -0.0231588
4.065 8.70541 -0.141934 -0.0230103
4.07 8.64461 -0.142782 -0.022857
4.075 8.58216 -0.143661 -0.0227002
4.08 8.51853 -0.144566 -0.022541
4.085 8.45412 -0.145484 -0.0223803
4.09 8.38924 -0.146408 -0.0222189
4.095 8.32415 -0.147321 -0.0220568
4.1 8.25909 -0.148221 -0.0218947
4.105 8.19428 -0.149122 -0.0217335
4.11 8.12994 -0.15002 -0.0215735
4.115 8.06626 -0.150906 -0.0214152
4.12 8.00343 -0.151745 -0.0212583
4.125 7.94159 -0.152539 -0.0211034
4.13 7.88087 -0.153322 -0.0209513
4.135 7.82135 -0.154093 -0.0208024
4.14 7.7631 -0.154859 -0.0206568
4.145 7.70618 -0.155616 -0.0205147
4.15 7.65063 -0.156356 -0.0203761
4.155 7.59649 -0.157079 -0.0202411
4.16 7.54381 -0.157784 -0.0201097
4.165 7.49263 -0.158469 -0.0199821
4.17 7.44299 -0.159135 -0.0198583
4.175 7.39495 -0.15978 -0.0197386
4.18 7.34855 -0.160404 -0.019623
4.185 7.30386 -0.161006 -0.0195116
4.19 7.26095 -0.161584 -0.0194047
4.195 7.21992 -0.162137 -0.0193025
4.2 7.1809 -0.162664 -0.0192053
4.205 7.14403 -0.163162 -0.0191135
4.21 7.10948 -0.163629 -0.0190275
4.215 7.07742 -0.164063 -0.0189476
4.22 7.048 -0.164462 -0.0188744
4.225 7.02139 -0.164822 -0.0188082
4.23 6.99775 -0.165143 -0.0187493
4.235 6.97731 -0.16542 -0.0186984
4.24 6.96033 -0.165651 -0.0186562
4.245 6.9471 -0.16583 -0.0186232
4.25 6.93788 -0.165956 -0.0186003
4.255 6.93277 -0.166025 -0.0185876
4.26 6.9317 -0.16604 -0.0185849
4.265 6.93434 -0.166005 -0.0185915
4.27 6.94011 -0.165941 -0.0186068
4.275 6.94819 -0.165861 -0.0186288
4.28 6.95759 -0.165766 -0.0186543
4.285 6.96735 -0.165668 -0.0186808
4.29 6.97655 -0.165574 -0.0187056
4.295 6.98445 -0.165493 -0.018727
4.3 6.99055 -0.165431 -0.0187434
4.305 6.99466 -0.165388 -0.0187545
4.31 6.99688 -0.165366 -0.0187605
4.315 6.99748 -0.16536 -0.0187621
4.32 6.99683 -0.165367 -0.0187604
4.325 6.99528 -0.165383 -0.0187562
4.33 6.99313 -0.165405 -0.0187504
4.335 6.99061 -0.165431 -0.0187436
4.34 6.98791 -0.16546 -0.0187363
4.345 6.98518 -0.165488 -0.018729
4.35 6.98266 -0.165515 -0.0187223
4.355 6.98062 -0.165536 -0.0187168
4.36 6.97934 -0.16555 -0.0187134
4.365 6.97906 -0.165553 -0.0187126
4.37 6.98002 -0.165543 -0.0187152
4.375 6.98239 -0.165518 -0.0187216
4.38 6.98632 -0.165478 -0.0187322
4.385 6.99185 -0.165421 -0.0187472
4.39 6.99897 -0.165348 -0.0187664
4.395 7.00758 -0.165259 -0.0187897
4.4 7.01757 -0.165157 -0.0188166
4.405 7.02876 -0.165041 -0.0188467
4.41 7.0409 -0.164914 -0.0188794
4.415 7.05369 -0.16478 -0.0189137
4.42 7.06671 -0.164643 -0.0189485
4.425 7.07947 -0.164507 -0.0189826
4.43 7.09143 -0.164378 -0.0190144
4.435 7.10205 -0.164263 -0.0190426
4.44 7.11084 -0.164167 -0.0190659
4.445 7.11745 -0.164095 -0.0190834
4.45 7.1216 -0.164049 -0.0190943
4.455 7.12311 -0.164032 -0.0190983
4.46 7.12179 -0.164046 -0.0190947
4.465 7.11739 -0.164092 -0.0190829
4.47 7.10964 -0.164171 -0.0190619
4.475 7.09823 -0.164289 -0.0190311
4.48 7.08279 -0.164449 -0.0189895
4.485 7.06294 -0.164659 -0.0189363
4.49 7.03833 -0.164924 -0.0188708
4.495 7.0087 -0.165251 -0.0187926
4.5 6.97384 -0.165645 -0.0187015
4.505 6.93367 -0.166116 -0.0185975
4.51 6.88821 -0.166678 -0.0184811
4.515 6.83763 -0.16731 -0.0183523
4.52 6.78223 -0.167995 -0.0182117
4.525 6.72244 -0.168747 -0.0180606
4.53 6.65877 -0.169558 -0.0179003
4.535 6.59178 -0.170416 -0.017732
4.54 6.52203 -0.171314 -0.017557
4.545 6.44997 -0.172244 -0.0173764
4.55 6.37601 -0.173213 -0.0171913
4.555 6.3005 -0.174213 -0.0170027
4.56 6.22372 -0.175233 -0.0168109
4.565 6.14591 -0.176267 -0.0166166
4.57 6.06731 -0.17731 -0.0164207
4.575 5.98814 -0.178355 -0.0162234
4.58 5.90862 -0.17937 -0.0160244
4.585 5.82892 -0.180355 -0.0158241
4.59 5.7492 -0.181343 -0.0156238
4.595 5.66961 -0.182333 -0.0154239
4.6 5.59033 -0.183322 -0.0152249
4.605 5.51154 -0.184317 -0.0150272
4.61 5.43339 -0.185316 -0.0148314
4.615 5.35603 -0.186307 -0.0146376
4.62 5.27956 -0.187279 -0.0144458
4.625 5.20408 -0.188231 -0.0142563
4.63 5.12968 -0.189174 -0.0140696
4.635 5.05642 -0.190105 -0.0138857
4.64 4.98432 -0.191024 -0.0137049
4.645 4.91337 -0.191934 -0.013527
4.65 4.84354 -0.192842 -0.0133522
4.655 4.77483 -0.193744 -0.0131803
4.66 4.70724 -0.194635 -0.0130114
4.665 4.64081 -0.195501 -0.012845
4.67 4.57557 -0.196344 -0.0126813
4.675 4.51159 -0.197174 -0.0125209
4.68 4.44887 -0.197992 -0.0123637
4.685 4.38741 -0.198797 -0.01221
4.69 4.32713 -0.199579 -0.0120594
4.695 4.26794 -0.200299 -0.0119099
4.7 4.20974 -0.200965 -0.0117617
4.705 4.15246 -0.201624 -0.0116164
4.71 4.09612 -0.202274 -0.011474
4.715 4.04085 -0.202915 -0.0113344
4.72 3.98691 -0.2035 -0.0111967
4.725 3.9347 -0.204026 -0.011062
4.73 3.88469 -0.204533 -0.0109331
4.735 3.83735 -0.205013 -0.0108116
4.74 3.79308 -0.20546 -0.0106986
4.745 3.75224 -0.205875 -0.0105942
4.75 3.71509 -0.206251 -0.0104993
4.755 3.68187 -0.206557 -0.0104132
4.76 3.65275 -0.206798 -0.0103365
4.765 3.62786 -0.207003 -0.0102709
4.77 3.60728 -0.207166 -0.0102164
4.775 3.59105 -0.207289 -0.0101732
4.78 3.57916 -0.207379 -0.0101415
4.785 3.57156 -0.207435 -0.0101212
4.79 3.56822 -0.207458 -0.0101122
4.795 3.56911 -0.207447 -0.0101145
4.8 3.5742 -0.207409 -0.0101284
4.805 3.58343 -0.207347 -0.0101541
4.81 3.59668 -0.207259 -0.0101911
4.815 3.6137 -0.207147 -0.0102385
4.82 3.6341 -0.207013 -0.0102952
4.825 3.65735 -0.206858 -0.0103597
4.83 3.68284 -0.206689 -0.0104304
4.835 3.70997 -0.206503 -0.010505
4.84 3.73814 -0.206305 -0.0105821
4.845 3.76682 -0.206101 -0.0106604
4.85 3.79545 -0.205892 -0.0107381
4.855 3.82344 -0.205667 -0.0108131
4.86 3.85027 -0.205433 -0.0108842
4.865 3.87554 -0.205212 -0.010951
4.87 3.89886 -0.205007 -0.0110124
4.875 3.91995 -0.204824 -0.0110678
4.88 3.9385 -0.204664 -0.0111165
4.885 3.95421 -0.204529 -0.0111576
4.89 3.96666 -0.204421 -0.0111902
4.895 3.9754 -0.204344 -0.011213
4.9 3.97996 -0.204303 -0.011225
4.905 3.9799 -0.204302 -0.0112247
4.91 3.97487 -0.204341 -0.0112109
4.915 3.96462 -0.204419 -0.0111827
4.92 3.949 -0.20454 -0.0111397
4.925 3.92796 -0.204704 -0.0110821
4.93 3.9016 -0.204911 -0.0110104
4.935 3.87027 -0.205162 -0.0109256
4.94 3.83456 -0.205454 -0.0108296
4.945 3.79535 -0.205782 -0.0107249
4.95 3.75367 -0.206139 -0.0106143
4.955 3.71056 -0.206489 -0.0104995
4.96 3.66704 -0.206822 -0.010383
4.965 3.624 -0.207146 -0.0102677
4.97 3.58218 -0.207457 -0.0101556
4.975 3.54214 -0.207768 -0.0100487
4.98 3.50433 -0.208073 -0.00994816
4.985 3.46898 -0.20836 -0.00985431
4.99 3.43613 -0.208628 -0.00976717
4.995 3.40557 -0.208876 -0.00968609
5 3.37693 -0.209086 -0.00960904
5.005 3.34971 -0.209257 -0.00953486
5.01 3.32328 -0.209419 -0.00946296
5.015 3.29693 -0.209581 -0.00939133
5.02 3.26993 -0.209748 -0.00931793
5.025 3.24158 -0.209925 -0.00924094
5.03 3.21133 -0.210114 -0.00915883
5.035 3.17874 -0.210319 -0.00907041
5.04 3.14345 -0.210541 -0.00897466
5.045 3.10509 -0.210783 -0.00887064
5.05 3.06339 -0.211011 -0.00875589
5.055 3.01811 -0.21122 -0.00862971
5.06 2.96905 -0.211443 -0.00849314
5.065 2.91611 -0.211686 -0.00834579
5.07 2.85922 -0.211928 -0.00818654
5.075 2.79836 -0.212169 -0.00801526
5.08 2.73355 -0.212383 -0.0078305
5.085 2.66479 -0.212566 -0.00763226
5.09 2.59207 -0.212749 -0.00742269
5.095 2.51537 -0.212934 -0.00720183
5.1 2.43459 -0.213129 -0.00696905
5.105 2.34962 -0.213274 -0.00672079
5.11 2.26036 -0.213374 -0.0064569
5.115 2.1667 -0.213452 -0.0061783
5.12 2.06863 -0.213486 -0.00588364
5.125 1.9663 -0.21348 -0.00557337
5.13 1.85998 -0.213458 -0.00524989
5.135 1.75016 -0.213445 -0.00491619
5.14 1.63743 -0.213436 -0.00457412
5.145 1.52248 -0.213415 -0.00422672
5.15 1.40597 -0.213357 -0.00387354
5.155 1.28862 -0.213272 -0.00351583
5.16 1.17123 -0.213181 -0.00315989
5.165 1.05471 -0.213081 -0.00280814
5.17 0.940029 -0.212934 -0.0024601
5.175 0.82804 -0.212751 -0.00211862
5.18 0.719447 -0.212576 -0.00178713
5.185 0.614908 -0.212383 -0.00146388
5.19 0.51511 -0.212174 -0.00115183
5.195 0.420702 -0.211963 -0.000857089
5.2 0.332174 -0.211732 -0.000577453
5.205 0.249821 -0.211493 -0.000312167
5.21 0.173785 -0.211267 -6.56457e-05
5.215 0.104124 -0.211058 0.000161541
5.22 0.0408359 -0.210864 0.000369275
5.225 -0.016158 -0.210692 0.000556209
5.23 -0.0670131 -0.210539 0.000722893
5.235 -0.111945 -0.210406 0.00087008
5.24 -0.151201 -0.21029 0.000998621
5.245 -0.184999 -0.210191 0.00110926
5.25 -0.213465 -0.210108 0.00120242
5.255 -0.236615 -0.21004 0.00127819
5.26 -0.254354 -0.209989 0.00133626
5.265 -0.266487 -0.209953 0.00137602
5.27 -0.272741 -0.209934 0.00139659
5.275 -0.272802 -0.209933 0.00139695
5.28 -0.266361 -0.20995 0.00137608
5.285 -0.253149 -0.209986 0.0013329
5.29 -0.232963 -0.210039 0.00126667
5.295 -0.205684 -0.210113 0.00117716
5.3 -0.171296 -0.210206 0.00106432
5.305 -0.129874 -0.210319 0.000928423
5.31 -0.0815792 -0.21045 0.000770008
5.315 -0.0266477 -0.210601 0.000589883
5.32 0.0345872 -0.210771 0.000389169
5.325 0.101669 -0.210957 0.00016939
5.33 0.173991 -0.211159 -6.74402e-05
5.335 0.250773 -0.211374 -0.000318545
5.34 0.331057 -0.211595 -0.00057905
5.345 0.413721 -0.211818 -0.000845306
5.35 0.49754 -0.212038 -0.00111327
5.355 0.58131 -0.21225 -0.00137898
5.36 0.664019 -0.212443 -0.00163797
5.365 0.744879 -0.212606 -0.0018889
5.37 0.82317 -0.212756 -0.00213266
5.375 0.898131 -0.212883 -0.00236347
5.38 0.969062 -0.212987 -0.00257933
5.385 1.03547 -0.213086 -0.00278147
5.39 1.09706 -0.213178 -0.002969
5.395 1.15366 -0.213264 -0.00314137
5.4 1.2052 -0.21334 -0.00329822
5.405 1.2517 -0.213389 -0.00343902
5.41 1.29326 -0.213417 -0.00356433
5.415 1.3301 -0.213442 -0.00367541
5.42 1.36244 -0.213465 -0.00377297
5.425 1.39047 -0.213485 -0.00385754
5.43 1.4143 -0.213502 -0.00392944
5.435 1.43389 -0.213514 -0.00398882
5.44 1.44915 -0.213522 -0.00403526
5.445 1.45988 -0.213526 -0.0040679
5.45 1.46584 -0.213528 -0.00408602
5.455 1.4668 -0.213527 -0.00408888
5.46 1.46254 -0.213523 -0.0040758
5.465 1.45287 -0.213515 -0.0040459
5.47 1.43762 -0.213505 -0.00399859
5.475 1.41668 -0.21349 -0.00393364
5.48 1.38995 -0.213472 -0.00385082
5.485 1.3574 -0.213447 -0.00375041
5.49 1.31905 -0.213414 -0.00363255
5.495 1.27501 -0.213376 -0.00349731
5.5 1.2255 -0.213334 -0.00334542
5.505 1.17081 -0.213287 -0.00317789
5.51 1.11135 -0.213233 -0.00299595
5.515 1.04754 -0.21315 -0.00280012
5.52 0.979791 -0.213039 -0.00259167
5.525 0.908459 -0.212922 -0.00237254
5.53 0.833897 -0.212801 -0.00214376
5.535 0.756463 -0.212674 -0.00190619
5.54 0.676506 -0.212521 -0.00165803
5.545 0.594321 -0.212346 -0.0014004
5.55 0.51012 -0.212166 -0.00113684
5.555 0.424046 -0.211953 -0.000865064
5.56 0.336204 -0.21171 -0.000585228
5.565 0.246677 -0.211457 -0.000298195
5.57 0.155542 -0.211193 -4.10137e-06
5.575 0.0628867 -0.210921 0.000296877
5.58 -0.0311766 -0.21064 0.000604297
5.585 -0.126504 -0.210358 0.000915638
5.59 -0.222917 -0.210075 0.00123036
5.595 -0.320196 -0.20979 0.00154778
5.6 -0.418089 -0.209511 0.00186708
5.605 -0.516341 -0.209237 0.00218743
5.61 -0.614717 -0.208965 0.00250815
5.615 -0.713032 -0.208693 0.00282863
5.62 -0.811136 -0.208419 0.00314819
5.625 -0.908882 -0.208116 0.00346522
5.63 -1.00611 -0.207786 0.00377929
5.635 -1.10266 -0.207424 0.0040899
5.64 -1.19835 -0.20698 0.00439491
5.645 -1.29302 -0.206492 0.00469499
5.65 -1.3865 -0.206002 0.00499062
5.655 -1.47867 -0.205496 0.00528078
5.66 -1.56945 -0.20494 0.00556478
5.665 -1.65878 -0.204357 0.00584318
5.67 -1.74662 -0.203794 0.00611721
5.675 -1.83303 -0.203253 0.00638679
5.68 -1.91812 -0.202677 0.00665062
5.685 -2.00215 -0.202043 0.00690846
5.69 -2.08553 -0.201408 0.00716335
5.695 -2.16882 -0.20079 0.00741819
5.7 -2.25267 -0.200183 0.0076747
5.705 -2.33777 -0.199577 0.00793326
5.71 -2.42478 -0.199016 0.00819463
5.715 -2.51438 -0.198473 0.00846207
5.72 -2.60724 -0.197904 0.00873851
5.725 -2.70395 -0.197302 0.00902295
5.73 -2.80492 -0.196651 0.00931687
5.735 -2.91042 -0.19593 0.00962182
5.74 -3.0206 -0.195136 0.00993808
5.745 -3.13553 -0.194286 0.0102665
5.75 -3.2552 -0.193324 0.0106045
5.755 -3.3795 -0.192223 0.0109519
5.76 -3.50827 -0.191015 0.0113103
5.765 -3.64129 -0.189687 0.0116779
5.77 -3.77833 -0.188263 0.012054
5.775 -3.91913 -0.186799 0.0124387
5.78 -4.06339 -0.185266 0.0128313
5.785 -4.21082 -0.183618 0.0132313
5.79 -4.36108 -0.181885 0.0136372
5.795 -4.5138 -0.180126 0.014048
5.8 -4.66852 -0.178323 0.0144608
5.805 -4.82473 -0.176483 0.0148729
5.81 -4.9819 -0.174581 0.0152853
5.815 -5.13945 -0.172605 0.0156927
5.82 -5.29684 -0.170641 0.0160857
5.825 -5.4535 -0.168748 0.0164533
5.83 -5.60888 -0.16707 0.0167875
5.835 -5.76252 -0.165621 0.017096
5.84 -5.91404 -0.164263 0.0173918
5.845 -6.06314 -0.162981 0.0176798
5.85 -6.20963 -0.161748 0.0179625
5.855 -6.35345 -0.160553 0.0182408
5.86 -6.49479 -0.159411 0.0185146
5.865 -6.63409 -0.158326 0.0187844
5.87 -6.77205 -0.157337 0.0190499
5.875 -6.90958 -0.156398 0.0193145
5.88 -7.04775 -0.155426 0.0195831
5.885 -7.18767 -0.154336 0.0198657
5.89 -7.33028 -0.153159 0.0201622
5.895 -7.47628 -0.151993 0.0204647
5.9 -7.62607 -0.150835 0.0207741
5.905 -7.77977 -0.149651 0.0210933
5.91 -7.9374 -0.148346 0.0214274
5.915 -8.0989 -0.146957 0.021774
5.92 -8.26413 -0.145588 0.0221273
5.925 -8.43284 -0.144249 0.0224868
5.93 -8.6047 -0.142955 0.0228515
5.935 -8.77923 -0.141752 0.0232198
5.94 -8.95593 -0.140709 0.0235908
5.945 -9.13424 -0.139669 0.0239686
5.95 -9.31363 -0.138334 0.0243649
5.955 -9.49356 -0.136843 0.0247732
5.96 -9.67357 -0.135505 0.0251795
5.965 -9.85326 -0.134084 0.0255911
5.97 -10.0322 -0.132501 0.0260078
5.975 -10.2098 -0.131027 0.0264204
5.98 -10.3857 -0.129658 0.0268278
5.985 -10.5594 -0.128345 0.0272294
5.99 -10.7302 -0.127173 0.0276235
5.995 -10.8979 -0.126136 0.0280093
6 -11.0621 -0.12505 0.0283878
6.005 -11.2225 -0.123919 0.0287582
6.01 -11.3787 -0.12284 0.0291189
6.015 -11.5305 -0.121816 0.0294691
6.02 -11.6775 -0.120848 0.0298081
6.025 -11.8194 -0.119939 0.030135
6.03 -11.9555 -0.119093 0.0304487
6.035 -12.0855 -0.118312 0.0307481
6.04 -12.2089 -0.117598 0.031032
6.045 -12.3252 -0.116953 0.0312995
6.05 -12.4341 -0.116376 0.0315499
6.055 -12.5353 -0.115867 0.0317827
6.06 -12.6289 -0.115429 0.0319976
6.065 -12.7145 -0.115134 0.0321939
6.07 -12.7921 -0.114961 0.0323714
6.075 -12.8615 -0.114823 0.0325304
6.08 -12.9229 -0.114719 0.0326706
6.085 -12.9761 -0.114642 0.0327922
6.09 -13.0212 -0.114589 0.0328954
6.095 -13.0583 -0.114556 0.0329801
6.1 -13.0876 -0.114538 0.0330468
6.105 -13.109 -0.114532 0.0330958
6.11 -13.1228 -0.114534 0.0331273
6.115 -13.1292 -0.114543 0.0331419
6.12 -13.1285 -0.114555 0.0331402
6.125 -13.1211 -0.11462 0.0331211
6.13 -13.1074 -0.114768 0.0330848
6.135 -13.0883 -0.114976 0.0330339
6.14 -13.0644 -0.115237 0.0329707
6.145 -13.0365 -0.115545 0.0328975
6.15 -13.0056 -0.115894 0.0328166
6.155 -12.9723 -0.116279 0.03273
6.16 -12.9371 -0.116695 0.0326393
6.165 -12.9007 -0.117137 0.0325462
6.17 -12.8637 -0.117596 0.0324525
6.175 -12.827 -0.118062 0.0323599
6.18 -12.7913 -0.118525 0.0322704
6.185 -12.7572 -0.118973 0.0321853
6.19 -12.7254 -0.119396 0.0321064
6.195 -12.6966 -0.119783 0.0320353
6.2 -12.6716 -0.120122 0.0319737
6.205 -12.6511 -0.120402 0.0319233
6.21 -12.6357 -0.120616 0.0318857
6.215 -12.626 -0.120755 0.0318619
6.22 -12.6222 -0.12081 0.0318528
6.225 -12.6246 -0.120781 0.031859
6.23 -12.6335 -0.120686 0.0318821
6.235 -12.6487 -0.120537 0.0319229
6.24 -12.6705 -0.120322 0.0319807
6.245 -12.6986 -0.120042 0.0320552
6.25 -12.7328 -0.119696 0.0321457
6.255 -12.7728 -0.119281 0.0322512
6.26 -12.8184 -0.118794 0.0323702
6.265 -12.8692 -0.11823 0.0325013
6.27 -12.9251 -0.117585 0.0326435
6.275 -12.9862 -0.116871 0.0327961
6.28 -13.0525 -0.116109 0.0329594
6.285 -13.1245 -0.115308 0.0331341
6.29 -13.2028 -0.114571 0.033318
6.295 -13.2879 -0.113982 0.0335129
6.3 -13.3803 -0.113514 0.0337238
6.305 -13.4804 -0.11346 0.0339511
6.31 -13.5883 -0.114023 0.0341944
6.315 -13.7036 -0.117742 0.0344448
6.32 -13.8254 -0.121606 0.0347094
6.325 -13.9524 -0.12192 0.0349977
6.33 -14.0829 -0.121618 0.0352962
6.335 -14.215 -0.121483 0.0355966
6.34 -14.347 -0.121403 0.0358957
6.345 -14.4771 -0.121455 0.0361904
6.35 -14.6039 -0.121627 0.0364772
6.355 -14.7263 -0.12191 0.0367538
6.36 -14.8434 -0.122497 0.0370172
6.365 -14.9543 -0.123397 0.0372657
6.37 -15.0585 -0.123949 0.0375009
6.375 -15.1555 -0.124139 0.0377218
6.38 -15.2453 -0.124459 0.0379257
6.385 -15.3277 -0.126438 0.0381084
6.39 -15.4029 -0.133701 0.0382537
6.395 -15.4713 -0.140464 0.0383816
6.4 -15.533 -0.142735 0.0385119
6.405 -15.5885 -0.145048 0.0386289
6.41 -15.6381 -0.148516 0.0387258
6.415 -15.6822 -0.148209 0.0388305
6.42 -15.7196 0.924574 0.0468055
