0.1 1.16868e-31 200 8.9706e-14
0.2 -1.75302e-31 400 1.35003e-13
0.3 -2.33737e-31 600 -1.15463e-13
0.4 -4.67473e-31 800 3.8014e-13
0.5 -9.9338e-31 1000 -1.91847e-13
0.6 2.80484e-30 1200 -5.54223e-13
0.7 4.67473e-31 1400 -6.07514e-13
0.8 1.62155e-30 1600 -2.84217e-14
0.9 -3.50605e-31 1800 2.84217e-13
1 1.86989e-30 2000 7.60281e-13
0.005 3.86623e-05 2000 -0.0167594
0.01 0.000193061 2000 -0.0835053
0.015 0.000501386 2000 -0.216681
0.02 0.000963044 2000 -0.416102
0.025 0.00157725 2000 -0.681426
0.03 0.0023432 2000 -1.01231
0.035 0.00326028 2000 -1.40847
0.04 0.00432824 2000 -1.86983
0.045 0.00554741 2000 -2.39651
0.05 0.0069188 2000 -2.98894
0.055 0.00844427 2000 -3.64794
0.06 0.0101267 2000 -4.37475
0.065 0.01197 2000 -5.17105
0.07 0.013979 2000 -6.03894
0.075 0.0161591 2000 -6.98075
0.08 0.0185161 2000 -7.99895
0.085 0.0210553 2000 -9.09589
0.09 0.0237812 2000 -10.2735
0.095 0.0266966 2000 -11.5329
0.1 0.029802 2000 -12.8745
0.105 0.0330963 2000 -14.2976
0.11 0.0365765 2000 -15.801
0.115 0.0402383 2000 -17.383
0.12 0.0440771 2000 -19.0413
0.125 0.048087 2000 -20.7736
0.13 0.0522624 2000 -22.5774
0.135 0.0565973 2000 -24.4501
0.14 0.0610871 2000 -26.3897
0.145 0.0657289 2000 -28.3949
0.15 0.0705231 2000 -30.466
0.155 0.075474 2000 -32.6048
0.16 0.08059 2000 -34.8149
0.165 0.0858826 2000 -37.1013
0.17 0.0913661 2000 -39.4702
0.175 0.0970565 2000 -41.9284
0.18 0.102969 2000 -44.4826
0.185 0.109115 2000 -47.1377
0.19 0.115498 2000 -49.8953
0.195 0.122112 2000 -52.7524
0.2 0.128935 2000 -55.7001
0.205 0.135934 2000 -58.7236
0.21 0.143062 2000 -61.8028
0.215 0.150264 2000 -64.914
0.22 0.157484 2000 -68.0331
0.225 0.164676 2000 -71.1402
0.23 0.171813 2000 -74.2234
0.235 0.17889 2000 -77.2804
0.24 0.185926 2000 -80.32
0.245 0.192965 2000 -83.361
0.25 0.200069 2000 -86.4297
0.255 0.207308 2000 -89.5571
0.26 0.214757 2000 -92.7752
0.265 0.222486 2000 -96.1141
0.27 0.230557 2000 -99.6005
0.275 0.23902 2000 -103.257
0.28 0.24791 2000 -107.097
0.285 0.257244 2000 -111.129
0.29 0.267018 2000 -115.352
0.295 0.277214 2000 -119.757
0.3 0.287801 2000 -124.33
0.305 0.298747 2000 -129.059
0.31 0.310019 2000 -133.928
0.315 0.321594 2000 -138.929
0.32 0.333457 2000 -144.054
0.325 0.345608 2000 -149.303
0.33 0.358063 2000 -154.683
0.335 0.370855 2000 -160.209
0.34 0.384029 2000 -165.901
0.345 0.397637 2000 -171.78
0.35 0.411729 2000 -177.867
0.355 0.426332 2000 -184.176
0.36 0.441447 2000 -190.705
0.365 0.457033 2000 -197.439
0.37 0.473009 2000 -204.34
0.375 0.489247 2000 -211.355
0.38 0.505582 2000 -218.412
0.385 0.521827 2000 -225.43
0.39 0.537799 2000 -232.33
0.395 0.553337 2000 -239.042
0.4 0.568307 2000 -245.509
0.405 0.582611 2000 -251.688
0.41 0.596196 2000 -257.557
0.415 0.609064 2000 -263.116
0.42 0.621269 2000 -268.389
0.425 0.632912 2000 -273.418
0.43 0.644118 2000 -278.259
0.435 0.65501 2000 -282.965
0.44 0.665698 2000 -287.582
0.445 0.676276 2000 -292.152
0.45 0.686833 2000 -296.712
0.455 0.697464 2000 -301.304
0.46 0.708272 2000 -305.974
0.465 0.719368 2000 -310.767
0.47 0.73085 2000 -315.727
0.475 0.742802 2000 -320.891
0.48 0.755294 2000 -326.287
0.485 0.768373 2000 -331.937
0.49 0.782067 2000 -337.853
0.495 0.796376 2000 -344.034
0.5 0.811273 2000 -350.47
0.505 0.826729 2000 -357.147
0.51 0.842731 2000 -364.06
0.515 0.859295 2000 -371.216
0.52 0.876477 2000 -378.638
0.525 0.894364 2000 -386.366
0.53 0.913066 2000 -394.445
0.535 0.932683 2000 -402.92
0.54 0.953268 2000 -411.812
0.545 0.9748 2000 -421.114
0.55 0.99718 2000 -430.782
0.555 1.02025 2000 -440.747
0.56 1.0438 2000 -450.922
0.565 1.06763 2000 -461.218
0.57 1.09156 2000 -471.553
0.575 1.1154 2000 -481.854
0.58 1.13902 2000 -492.058
0.585 1.16233 2000 -502.127
0.59 1.1853 2000 -512.048
0.595 1.20795 2000 -521.833
0.6 1.23036 2000 -531.515
0.605 1.25264 2000 -541.142
0.61 1.2749 2000 -550.758
0.615 1.29719 2000 -560.389
0.62 1.31952 2000 -570.032
0.625 1.34179 2000 -579.652
0.63 1.36385 2000 -589.183
0.635 1.38552 2000 -598.545
0.64 1.40661 2000 -607.657
0.645 1.42701 2000 -616.467
0.65 1.44667 2000 -624.962
0.655 1.46569 2000 -633.177
0.66 1.48421 2000 -641.178
0.665 1.50243 2000 -649.049
0.67 1.52054 2000 -656.876
0.675 1.53875 2000 -664.739
0.68 1.55718 2000 -672.704
0.685 1.57597 2000 -680.82
0.69 1.59519 2000 -689.124
0.695 1.61496 2000 -697.661
0.7 1.63542 2000 -706.501
0.705 1.65682 2000 -715.748
0.71 1.67948 2000 -725.536
0.715 1.70373 2000 -736.012
0.72 1.72991 2000 -747.321
0.725 1.75829 2000 -759.58
0.73 1.78905 2000 -772.872
0.735 1.82232 2000 -787.245
0.74 1.85812 2000 -802.708
0.745 1.89638 2000 -819.237
0.75 1.93699 2000 -836.782
0.755 1.9798 2000 -855.276
0.76 2.02465 2000 -874.651
0.765 2.0714 2000 -894.845
0.77 2.1199 2000 -915.798
0.775 2.17002 2000 -937.451
0.78 2.22162 2000 -959.741
0.785 2.2745 2000 -982.585
0.79 2.32838 2000 -1005.86
0.795 2.38287 2000 -1029.4
0.8 2.43745 2000 -1052.98
0.805 2.49152 2000 -1076.34
0.81 2.54445 2000 -1099.21
0.815 2.5957 2000 -1121.35
0.82 2.64486 2000 -1142.58
0.825 2.69168 2000 -1162.81
0.83 2.73611 2000 -1182
0.835 2.7784 2000 -1200.27
0.84 2.81899 2000 -1217.81
0.845 2.8585 2000 -1234.87
0.85 2.8976 2000 -1251.76
0.855 2.93694 2000 -1268.76
0.86 2.977 2000 -1286.07
0.865 3.01799 2000 -1303.77
0.87 3.05987 2000 -1321.87
0.875 3.10244 2000 -1340.26
0.88 3.14534 2000 -1358.79
0.885 3.18821 2000 -1377.31
0.89 3.23069 2000 -1395.66
0.895 3.27249 2000 -1413.72
0.9 3.31347 2000 -1431.42
0.905 3.35358 2000 -1448.75
0.91 3.39286 2000 -1465.72
0.915 3.43136 2000 -1482.35
0.92 3.46908 2000 -1498.64
0.925 3.50596 2000 -1514.58
0.93 3.54183 2000 -1530.07
0.935 3.57647 2000 -1545.04
0.94 3.60963 2000 -1559.36
0.945 3.64105 2000 -1572.93
0.95 3.6705 2000 -1585.66
0.955 3.69782 2000 -1597.46
0.96 3.72289 2000 -1608.29
0.965 3.74572 2000 -1618.15
0.97 3.76634 2000 -1627.06
0.975 3.78475 2000 -1635.01
0.98 3.80089 2000 -1641.99
0.985 3.81468 2000 -1647.94
0.99 3.826 2000 -1652.83
0.995 3.83474 2000 -1656.61
1 3.84081 2000 -1659.23
1.005 3.84418 2000 -1660.69
1.01 3.84488 2000 -1660.99
1.015 3.84283 2000 -1660.1
1.02 3.83827 1999.99 -1658.14
1.025 3.83174 1999.99 -1655.32
1.03 3.82399 2000 -1651.97
1.035 3.81601 2000 -1648.52
1.04 3.80896 2000 -1645.47
1.045 3.8041 2000 -1643.37
1.05 3.80269 2000 -1642.76
1.055 3.80587 2000 -1644.14
1.06 3.81447 2000 -1647.85
1.065 3.82883 2000 -1654.06
1.07 3.84835 1999.99 -1662.49
1.075 3.87056 1999.97 -1672.11
1.08 3.89652 1999.98 -1683.32
1.085 3.92531 1999.98 -1695.75
1.09 3.95594 1999.98 -1708.98
1.095 3.98744 1999.99 -1722.59
1.1 4.01898 1999.99 -1736.21
1.105 4.05009 1999.99 -1749.65
1.11 4.08066 1999.99 -1762.85
1.115 4.11089 1999.99 -1775.91
1.12 4.14115 2000 -1788.98
1.125 4.17193 2000 -1802.28
1.13 4.20371 2000 -1816.01
1.135 4.2369 2000 -1830.34
1.14 4.27168 2000 -1845.37
1.145 4.30793 2000 -1861.03
1.15 4.34512 2000 -1877.1
1.155 4.38227 2000 -1893.15
1.16 4.4179 2000 -1908.53
1.165 4.45002 2000 -1922.41
1.17 4.47626 2000 -1933.75
1.175 4.49408 2000 -1941.45
1.18 4.50109 2000 -1944.47
1.185 4.49431 1999.99 -1941.55
1.19 4.47074 1999.97 -1931.38
1.195 4.42875 1999.98 -1913.23
1.2 4.36723 1999.98 -1886.65
1.205 4.28558 1999.99 -1851.38
1.21 4.18337 1999.99 -1807.22
1.215 4.06028 1999.99 -1754.05
1.22 3.91606 1999.99 -1691.74
1.225 3.75062 1999.99 -1620.27
1.23 3.56403 2000 -1539.66
1.235 3.35668 2000 -1450.09
1.24 3.12937 2000 -1351.89
1.245 2.88343 2000 -1245.64
1.25 2.62074 2000 -1132.16
1.255 2.34363 2000 -1012.45
1.26 2.05445 2000 -887.524
1.265 1.75524 2000 -758.264
1.27 1.44755 2000 -625.344
1.275 1.1325 1999.99 -489.242
1.28 0.811099 1999.99 -350.393
1.285 0.484391 1999.97 -209.25
1.29 0.154852 1999.92 -66.8868
1.295 -0.171899 1999.8 74.2709
1.3 -0.47832 1999.57 206.769
1.305 -0.778449 1999.54 336.485
1.31 -1.07299 1999.62 463.714
1.315 -1.3592 1999.69 587.341
1.32 -1.63402 1999.74 706.053
1.325 -1.89463 1999.79 818.623
1.33 -2.13845 1999.83 923.94
1.335 -2.36306 1999.86 1020.96
1.34 -2.56606 1999.88 1108.65
1.345 -2.74503 1999.9 1185.95
1.35 -2.89763 1999.92 1251.86
1.355 -3.02183 1999.94 1305.5
1.36 -3.11597 1999.95 1346.16
1.365 -3.1788 1999.96 1373.3
1.37 -3.20958 1999.97 1386.58
1.375 -3.2079 1999.97 1385.85
1.38 -3.17032 1999.96 1369.62
1.385 -3.09765 1999.96 1338.22
1.39 -2.99081 1999.97 1292.06
1.395 -2.85077 1999.98 1231.55
1.4 -2.67837 1999.98 1157.07
1.405 -2.47423 1999.98 1068.88
1.41 -2.23857 1999.99 967.076
1.415 -1.97133 1999.99 851.623
1.42 -1.67221 1999.99 722.401
1.425 -1.34098 1999.99 579.309
1.43 -0.977692 1999.99 422.368
1.435 -0.582919 2000 251.825
1.44 -0.157957 2000 68.2404
1.445 0.295011 2000 -127.442
1.45 0.772897 2000 -333.89
1.455 1.27188 2000 -549.452
1.46 1.78774 2000 -772.304
1.465 2.31605 2000 -1000.53
1.47 2.85212 2000 -1232.12
1.475 3.39103 1999.99 -1464.93
1.48 3.92772 1999.98 -1696.78
1.485 4.45481 1999.86 -1924.53
1.49 4.93595 1999.33 -2133.07
1.495 5.39135 1999.14 -2330.11
1.5 5.83347 1999.28 -2520.96
1.505 6.26091 1999.4 -2705.49
1.51 6.6725 1999.51 -2883.2
1.515 7.06705 1999.6 -3053.56
1.52 7.44357 1999.67 -3216.14
1.525 7.80134 1999.73 -3370.64
1.53 8.13998 1999.78 -3516.87
1.535 8.45935 1999.81 -3654.8
1.54 8.75958 1999.85 -3784.45
1.545 9.04096 1999.87 -3905.97
1.55 9.30393 1999.89 -4019.55
1.555 9.54905 1999.91 -4125.41
1.56 9.77697 1999.93 -4223.85
1.565 9.98853 1999.94 -4315.22
1.57 10.1848 1999.95 -4399.99
1.575 10.3671 1999.96 -4478.73
1.58 10.537 1999.96 -4552.1
1.585 10.6962 1999.97 -4620.87
1.59 10.8466 1999.98 -4685.83
1.595 10.9901 1999.98 -4747.81
1.6 11.1285 1999.98 -4807.56
1.605 11.2629 1999.99 -4865.64
1.61 11.3944 1999.99 -4922.46
1.615 11.5238 1999.99 -4978.34
1.62 11.6517 1999.99 -5033.57
1.625 11.7786 1999.99 -5088.4
1.63 11.905 1999.99 -5142.99
1.635 12.031 1999.99 -5197.45
1.64 12.1567 1999.99 -5251.72
1.645 12.2816 1999.99 -5305.68
1.65 12.4053 2000 -5359.13
1.655 12.5273 2000 -5411.81
1.66 12.6467 2000 -5463.38
1.665 12.7623 2000 -5513.36
1.67 12.8728 2000 -5561.07
1.675 12.976 2000 -5605.66
1.68 13.0697 2000 -5646.12
1.685 13.1513 2000 -5681.38
1.69 13.2181 2000 -5710.26
1.695 13.2677 2000 -5731.64
1.7 13.2976 2000 -5744.56
1.705 13.306 2000 -5748.19
1.71 13.289 1999.96 -5740.91
1.715 13.2441 1999.93 -5721.55
1.72 13.17 1999.95 -5689.53
1.725 13.0652 1999.96 -5644.23
1.73 12.9284 1999.96 -5585.1
1.735 12.7583 1999.97 -5511.65
1.74 12.5544 1999.98 -5423.55
1.745 12.3166 1999.98 -5320.79
1.75 12.0456 1999.98 -5203.71
1.755 11.7431 1999.99 -5073.02
1.76 11.4115 1999.99 -4929.79
1.765 11.0539 1999.99 -4775.31
1.77 10.6738 1999.99 -4611.11
1.775 10.2751 1999.99 -4438.83
1.78 9.86138 2000 -4260.12
1.785 9.43656 2000 -4076.6
1.79 9.00423 2000 -3889.83
1.795 8.5678 2000 -3701.29
1.8 8.13027 2000 -3512.27
1.805 7.69412 2000 -3323.86
1.81 7.26142 2000 -3136.93
1.815 6.83375 2000 -2952.18
1.82 6.41191 2000 -2769.94
1.825 5.99561 2000 -2590.1
1.83 5.58351 2000 -2412.07
1.835 5.17366 2000 -2235.02
1.84 4.76404 2000 -2058.06
1.845 4.35308 2000 -1880.52
1.85 3.94021 2000 -1702.16
1.855 3.5262 2000 -1523.3
1.86 3.11327 2000 -1344.92
1.865 2.70499 2000 -1168.54
1.87 2.30553 2000 -995.978
1.875 1.91915 2000 -829.057
1.88 1.54985 2000 -669.519
1.885 1.20159 2000 -519.074
1.89 0.878358 2000 -379.435
1.895 0.583883 2000 -252.219
1.9 0.321061 2000 -138.679
1.905 0.0914875 2000 -39.5061
1.91 -0.10446 2000 45.1415
1.915 -0.267352 2000 115.509
1.92 -0.398495 2000 172.162
1.925 -0.499682 2000 215.873
1.93 -0.5728 2000 247.459
1.935 -0.619441 2000 267.606
1.94 -0.640563 2000 276.729
1.945 -0.636241 2000 274.862
1.95 -0.605697 2000 261.668
1.955 -0.547698 2000 236.611
1.96 -0.460779 2000 199.061
1.965 -0.343392 2000 148.349
1.97 -0.194049 2000 83.8321
1.975 -0.0116497 2000 5.03499
1.98 0.204215 2000 -88.2189
1.985 0.453197 2000 -195.78
1.99 0.734241 2000 -317.191
1.995 1.04553 2000 -451.67
2 1.3844 2000 -598.061
2.005 1.74725 2000 -754.813
2.01 2.12969 2000 -920.024
2.015 2.52669 2000 -1091.53
2.02 2.93267 2000 -1266.91
2.025 3.34149 2000 -1443.53
2.03 3.7468 2000 -1618.62
2.035 4.14265 2000 -1789.62
2.04 4.52387 2000 -1954.31
2.045 4.88613 2000 -2110.81
2.05 5.22603 2000 -2257.65
2.055 5.54119 2000 -2393.79
2.06 5.8299 2000 -2518.52
2.065 6.09094 2000 -2631.29
2.07 6.32367 2000 -2731.83
2.075 6.52843 2000 -2820.28
2.08 6.70669 2000 -2897.29
2.085 6.86088 2000 -2963.9
2.09 6.99404 2000 -3021.43
2.095 7.10938 2000 -3071.25
2.1 7.20977 2000 -3114.62
2.105 7.29727 2000 -3152.42
2.11 7.37292 2000 -3185.1
2.115 7.43707 2000 -3212.81
2.12 7.49008 2000 -3235.71
2.125 7.53281 2000 -3254.17
2.13 7.56685 2000 -3268.88
2.135 7.59472 2000 -3280.92
2.14 7.61974 2000 -3291.73
2.145 7.64577 2000 -3302.97
2.15 7.67664 2000 -3316.31
2.155 7.71594 2000 -3333.29
2.16 7.76671 2000 -3355.22
2.165 7.83102 2000 -3383
2.17 7.91008 2000 -3417.16
2.175 8.00476 2000 -3458.06
2.18 8.11575 2000 -3506
2.185 8.2437 2000 -3561.28
2.19 8.38959 2000 -3624.3
2.195 8.55477 2000 -3695.66
2.2 8.74103 2000 -3776.13
2.205 8.95053 2000 -3866.63
2.21 9.18562 2000 -3968.19
2.215 9.44859 2000 -4081.79
2.22 9.74122 2000 -4208.21
2.225 10.0644 2000 -4347.84
2.23 10.418 2000 -4500.57
2.235 10.8 2000 -4665.64
2.24 11.207 2000 -4841.43
2.245 11.6331 1999.99 -5025.53
2.25 12.0716 1999.99 -5215
2.255 12.5158 1999.98 -5406.89
2.26 12.9593 1999.97 -5598.48
2.265 13.3833 1999.76 -5782.05
2.27 13.7571 1999.39 -5944.33
2.275 14.1177 1999.48 -6099.89
2.28 14.4595 1999.57 -6247.4
2.285 14.7785 1999.64 -6385.06
2.29 15.0698 1999.7 -6510.77
2.295 15.3279 1999.76 -6622.17
2.3 15.5469 1999.8 -6716.7
2.305 15.7207 1999.84 -6791.71
2.31 15.8435 1999.87 -6844.7
2.315 15.9103 1999.89 -6873.52
2.32 15.9168 1999.91 -6876.28
2.325 15.849 1999.77 -6847.23
2.33 15.7034 1999.69 -6784.47
2.335 15.4772 1999.75 -6686.6
2.34 15.1658 1999.8 -6552.03
2.345 14.7663 1999.84 -6379.35
2.35 14.276 1999.87 -6167.46
2.355 13.6933 1999.89 -5915.73
2.36 13.0183 1999.91 -5624.06
2.365 12.2519 1999.93 -5292.96
2.37 11.3973 1999.94 -4923.73
2.375 10.4599 1999.95 -4518.77
2.38 9.44864 1999.96 -4081.87
2.385 8.37589 1999.97 -3618.42
2.39 7.25762 1999.98 -3135.3
2.395 6.11208 1999.98 -2640.4
2.4 4.95908 1999.99 -2142.28
2.405 3.81963 1999.99 -1650.02
2.41 2.71519 1999.99 -1172.88
2.415 1.66601 2000 -719.606
2.42 0.689529 1999.99 -297.739
2.425 -0.199498 1999.98 86.3672
2.43 -0.989048 1999.95 427.485
2.435 -1.6699 1999.93 721.638
2.44 -2.23518 1999.88 965.883
2.445 -2.68049 1999.83 1158.22
2.45 -3.00328 1999.79 1297.62
2.455 -3.20472 1999.81 1384.62
2.46 -3.28547 1999.83 1419.47
2.465 -3.24538 1999.83 1402.16
2.47 -3.08266 1999.83 1331.87
2.475 -2.79847 1999.86 1209.07
2.48 -2.39394 1999.89 1034.29
2.485 -1.87062 1999.91 808.195
2.49 -1.23038 1999.93 531.593
2.495 -0.475568 1999.94 205.502
2.5 0.390453 1999.95 -168.63
2.505 1.36253 1999.96 -588.576
2.51 2.43291 1999.97 -1050.99
2.515 3.59091 1999.97 -1551.25
2.52 4.82298 1999.98 -2083.52
2.525 6.11346 1999.98 -2641.02
2.53 7.44621 1999.99 -3216.78
2.535 8.80621 1999.99 -3804.33
2.54 10.1805 1999.99 -4398.07
2.545 11.5586 1999.99 -4993.51
2.55 12.9319 1999.98 -5586.95
2.555 14.2929 1999.95 -6175.1
2.56 15.6358 1999.89 -6755.28
2.565 16.8149 1997.7 -7269.56
2.57 17.9429 1996.75 -7759.06
2.575 19.0511 1997.29 -8236.65
2.58 20.1312 1997.75 -8702.38
2.585 21.1814 1998.13 -9155.39
2.59 22.2001 1998.45 -9594.92
2.595 23.1782 1998.74 -10018.1
2.6 24.1091 1999.01 -10421.8
2.605 25.0048 1999.22 -10809.4
2.61 25.8585 1999.41 -11179
2.615 26.6624 1999.61 -11528.3
2.62 27.4198 1999.79 -11857.2
2.625 28.1185 2000.05 -12160.3
2.63 28.7697 2000.21 -12441.9
2.635 29.3642 2000.31 -12700.2
2.64 29.9126 2000.41 -12937.7
2.645 30.4094 2000.46 -13151.2
2.65 30.8757 2000.36 -13350.1
2.655 31.3065 2000.28 -13534.1
2.66 31.7043 2000.22 -13704.3
2.665 32.023 2000.55 -13845.6
2.67 32.3198 2000.67 -13974.6
2.675 32.607 2000.54 -14096.4
2.68 32.8766 2000.43 -14211
2.685 33.1322 2000.35 -14319.9
2.69 33.3768 2000.28 -14424.4
2.695 33.6131 2000.22 -14525.4
2.7 33.8431 2000.18 -14624
2.705 34.0682 2000.14 -14720.6
2.71 34.2893 2000.11 -14815.5
2.715 34.5067 2000.09 -14909
2.72 34.7208 2000.07 -15001.1
2.725 34.9319 2000.05 -15092
2.73 35.115 2000.27 -15173.3
2.735 35.2978 2000.35 -15253
2.74 35.4836 2000.28 -15332.5
2.745 35.6676 2000.23 -15411.3
2.75 35.8502 2000.18 -15489.7
2.755 36.0319 2000.14 -15567.8
2.76 36.2127 2000.11 -15645.5
2.765 36.3924 2000.09 -15722.9
2.77 36.5701 2000.07 -15799.5
2.775 36.7447 2000.06 -15874.7
2.78 36.9141 2000.04 -15947.7
2.785 37.0755 2000.03 -16017.3
2.79 37.2255 2000.02 -16082
2.795 37.3597 2000.02 -16139.9
2.8 37.4737 2000.01 -16189.1
2.805 37.563 2000.01 -16227.6
2.81 37.6239 2000.01 -16253.8
2.815 37.6534 2000.01 -16266.5
2.82 37.6471 1999.98 -16263.9
2.825 37.5926 1999.93 -16240.6
2.83 37.4896 1999.95 -16196
2.835 37.3342 1999.96 -16128.8
2.84 37.1243 1999.96 -16038
2.845 36.8582 1999.97 -15923
2.85 36.5341 1999.98 -15782.9
2.855 36.1506 1999.98 -15617.2
2.86 35.707 1999.98 -15425.5
2.865 35.2037 1999.98 -15208.1
2.87 34.643 1999.98 -14965.8
2.875 33.9726 2000.45 -14681.7
2.88 33.2328 2000.74 -14365.7
2.885 32.4645 2000.6 -14032
2.89 31.6589 2000.48 -13682.5
2.895 30.8228 2000.39 -13320
2.9 29.8432 2001.17 -12907.6
2.905 28.8376 2001.49 -12478
2.91 27.8057 2001.44 -12031.4
2.915 26.7185 2001.46 -11562.6
2.92 25.5715 2001.47 -11069.3
2.925 24.3775 2001.47 -10553.2
2.93 23.1579 2001.35 -10026.9
2.935 21.9225 2001.26 -9493.63
2.94 20.6788 2001.16 -8956.41
2.945 19.4437 2001.05 -8422.19
2.95 18.214 2000.93 -7889.14
2.955 17.0121 2000.75 -7365.86
2.96 15.8317 2000.61 -6852.64
2.965 14.6783 2000.49 -6351.72
2.97 13.5587 2000.4 -5865.89
2.975 12.4807 2000.32 -5398.49
2.98 11.4528 2000.26 -4953.04
2.985 10.4828 2000.2 -4532.87
2.99 9.57742 2000.16 -4140.86
2.995 8.74213 2000.13 -3779.3
3 7.98085 2000.11 -3449.87
3.005 7.29573 2000.08 -3153.46
3.01 6.68695 2000.06 -2890.11
3.015 6.15202 2000.05 -2658.75
3.02 5.68546 2000.04 -2456.97
3.025 5.27855 2000.03 -2281.01
3.03 4.91937 2000.02 -2125.71
3.035 4.59422 2000.02 -1985.13
3.04 4.28849 2000.01 -1852.97
3.045 3.98775 2000.01 -1722.98
3.05 3.67927 2000.01 -1589.66
3.055 3.35383 2000 -1449.03
3.06 3.00585 2000 -1298.67
3.065 2.63293 2000 -1137.53
3.07 2.23496 1999.99 -965.58
3.075 1.81286 1999.99 -783.223
3.08 1.36848 1999.99 -591.242
3.085 0.903935 1999.99 -390.549
3.09 0.421073 1999.98 -181.918
3.095 -0.0794845 1999.97 34.3503
3.1 -0.597557 1999.95 258.182
3.105 -1.13443 1999.93 490.093
3.11 -1.69226 1999.91 731.027
3.115 -2.27332 1999.88 982.008
3.12 -2.88025 1999.82 1244.03
3.125 -3.51768 1999.8 1519.16
3.13 -4.18565 1999.79 1807.67
3.135 -4.8855 1999.73 2109.55
3.14 -5.61176 1999.57 2421.83
3.145 -6.33882 1999.38 2737.32
3.15 -7.07722 1999.34 3059.27
3.155 -7.85582 1999.42 3395.8
3.16 -8.67067 1999.51 3747.51
3.165 -9.52312 1999.57 4115.54
3.17 -10.4172 1999.62 4501.66
3.175 -11.3568 1999.66 4907.49
3.18 -12.3442 1999.69 5334
3.185 -13.3797 1999.71 5781.39
3.19 -14.4624 1999.73 6249.17
3.195 -15.5897 1999.74 6736.26
3.2 -16.7575 1999.74 7240.84
3.205 -17.9597 1999.74 7760.3
3.21 -19.1885 1999.73 8291.27
3.215 -20.4267 1999.76 8827.4
3.22 -21.65 1999.83 9358.52
3.225 -22.8538 1999.93 9881.49
3.23 -24.0012 2000.16 10383.8
3.235 -25.1199 2000.25 10869.4
3.24 -26.1589 2000.56 11321
3.245 -27.0966 2000.96 11733
3.25 -28.0053 2000.91 12124.9
3.255 -28.8226 2000.94 12476.1
3.26 -29.5418 2001.17 12787.9
3.265 -30.1679 2001.39 13059.8
3.27 -30.7726 2001.1 13316.1
3.275 -31.3352 2000.87 13555.1
3.28 -31.8594 2000.69 13778.3
3.285 -32.3494 2000.54 13987.3
3.29 -32.7771 2000.73 14172.5
3.295 -33.1585 2000.88 14338.4
3.3 -33.5236 2000.74 14494.5
3.305 -33.868 2000.59 14641
3.31 -34.1888 2000.47 14777.8
3.315 -34.4861 2000.37 14904.8
3.32 -34.7602 2000.3 15022
3.325 -35.012 2000.24 15129.8
3.33 -35.243 2000.19 15228.8
3.335 -35.4557 2000.15 15320
3.34 -35.6537 2000.12 15405
3.345 -35.8415 2000.09 15485.6
3.35 -36.0243 2000.07 15564.2
3.355 -36.204 2000.11 15641.9
3.36 -36.3823 2000.18 15719.3
3.365 -36.5797 2000.14 15804.2
3.37 -36.8025 2000.11 15900.2
3.375 -37.0587 2000.08 16010.6
3.38 -37.3539 2000.06 16138
3.385 -37.691 2000.05 16283.8
3.39 -38.0619 2000.12 16445.8
3.395 -38.4813 2000.13 16627.6
3.4 -38.9526 2000.08 16830.8
3.405 -39.46 2000.15 17051.8
3.41 -39.9896 2000.39 17285.7
3.415 -40.5686 2000.46 17537.7
3.42 -41.1708 2000.84 17798.1
3.425 -41.7765 2001.25 18065.6
3.43 -42.4042 2001.38 18341.8
3.435 -43.0416 2001.54 18622.4
3.44 -43.6992 2001.51 18908.1
3.445 -44.3389 2001.69 19189
3.45 -44.9732 2001.89 19465.9
3.455 -45.565 2002.07 19721.6
3.46 -46.1231 2002.19 19963.4
3.465 -46.6428 2002.35 20187.7
3.47 -47.1136 2002.26 20394.1
3.475 -47.5728 2002.13 20591.6
3.48 -48.0084 2001.9 20776.4
3.485 -48.4174 2001.83 20948.5
3.49 -48.7942 2001.85 21105.9
3.495 -49.1329 2001.5 21250.8
3.5 -49.4435 2001.13 21385.7
3.505 -49.712 2001.04 21506.1
3.51 -49.9556 2000.89 21614.4
3.515 -50.1785 2000.82 21710
3.52 -50.3294 2000.64 21782.4
3.525 -50.4261 2000.57 21833.7
3.53 -50.4089 2000.16 21847.4
3.535 -50.3624 1999.65 21837.7
3.54 -50.2212 1998.81 21786.2
3.545 -49.9727 1998.15 21686.9
3.55 -49.7663 1998.45 21581.1
3.555 -49.5448 1999.11 21469.9
3.56 -49.298 1999.33 21351.3
3.565 -49.0064 1999.22 21221.5
3.57 -48.6739 1998.99 21075.6
3.575 -48.3492 1998.98 20928.2
3.58 -48.0199 1998.94 20779
3.585 -47.6901 1999.01 20630.2
3.59 -47.3563 1999.09 20481.9
3.595 -47.0435 1999.4 20339.6
3.6 -46.716 1999.36 20196.8
3.605 -46.3855 1999.25 20053.2
3.61 -46.0469 1999.11 19907.1
3.615 -45.7056 1999.02 19760.1
3.62 -45.3734 1999.1 19614.5
3.625 -45.1892 1999.69 19519.2
3.63 -44.9653 1999.68 19423.6
3.635 -44.7412 1999.67 19327.6
3.64 -44.5237 1999.78 19232.4
3.645 -44.3054 1999.87 19137
3.65 -44.0788 1999.83 19039.8
3.655 -43.85 1999.81 18940.8
3.66 -43.6124 1999.76 18839.4
3.665 -43.3848 1999.82 18739.7
3.67 -43.2133 2000.1 18659.7
3.675 -43.0178 2000.01 18577.4
3.68 -42.8212 1999.93 18494.2
3.685 -42.6234 1999.8 18410.5
3.69 -42.4266 1999.68 18326.9
3.695 -42.2343 1999.64 18244.8
3.7 -42.0471 1999.61 18164.7
3.705 -41.8666 1999.59 18087.4
3.71 -41.6943 1999.58 18013.4
3.715 -41.531 1999.57 17943.2
3.72 -41.3756 1999.53 17876.5
3.725 -41.2276 1999.49 17813.1
3.73 -41.0928 1999.53 17754.8
3.735 -40.9698 1999.56 17701.5
3.74 -40.859 1999.6 17653.4
3.745 -40.7605 1999.64 17610.7
3.75 -40.6917 1999.87 17578.2
3.755 -40.6328 1999.99 17551.4
3.76 -40.5792 1999.98 17528.7
3.765 -40.5355 1999.98 17510.2
3.77 -40.5017 1999.98 17495.8
3.775 -40.4778 1999.98 17485.7
3.78 -40.4639 1999.98 17479.8
3.785 -40.4602 1999.98 17478.3
3.79 -40.43 1999.84 17470.9
3.795 -40.3851 1999.74 17455.4
3.8 -40.3384 1999.79 17433.4
3.805 -40.2743 1999.82 17404.2
3.81 -40.196 1999.84 17369
3.815 -40.1072 1999.86 17329.3
3.82 -40.0113 1999.86 17286.6
3.825 -39.9119 1999.86 17242.6
3.83 -39.8121 1999.85 17198.4
3.835 -39.715 1999.85 17155.7
3.84 -39.6236 1999.85 17115.6
3.845 -39.5409 1999.86 17079.5
3.85 -39.4699 1999.86 17048.7
3.855 -39.4126 1999.88 17024
3.86 -39.3702 1999.89 17005.9
3.865 -39.343 1999.91 16994.5
3.87 -39.3309 1999.93 16989.5
3.875 -39.3352 1999.93 16991.4
3.88 -39.3598 1999.92 17001.7
3.885 -39.4011 1999.93 17019.9
3.89 -39.4583 1999.95 17044.9
3.895 -39.5287 1999.96 17075.5
3.9 -39.6099 1999.97 17110.8
3.905 -39.6998 1999.97 17149.8
3.91 -39.7964 1999.98 17191.9
3.915 -39.8973 2000 17235.9
3.92 -40 2000.01 17281.1
3.925 -40.1018 2000.05 17326.3
3.93 -40.1991 2000.09 17369.9
3.935 -40.2879 2000.13 17410.2
3.94 -40.366 2000.16 17446
3.945 -40.3904 1999.9 17464.5
3.95 -40.309 1999.42 17442.1
3.955 -40.2653 1999.55 17419.1
3.96 -40.2211 1999.6 17396.1
3.965 -40.1769 1999.59 17373.8
3.97 -40.1568 1999.74 17359.4
3.975 -40.1579 1999.9 17354.4
3.98 -40.1514 1999.92 17350.4
3.985 -40.1479 1999.93 17348
3.99 -40.1477 1999.95 17347.1
3.995 -40.1308 1999.9 17342.2
4 -40.0932 1999.86 17328.1
4.005 -40.0456 1999.88 17306
4.01 -39.9777 1999.9 17275.3
4.015 -39.8911 1999.9 17236.5
4.02 -39.7876 1999.9 17190.5
4.025 -39.6693 1999.88 17137.9
4.03 -39.5387 1999.83 17080
4.035 -39.3983 1999.8 17017.7
4.04 -39.25 1999.76 16951.9
4.045 -39.0961 1999.72 16883.9
4.05 -38.9388 1999.69 16814.5
4.055 -38.7795 1999.67 16744.6
4.06 -38.6197 1999.65 16674.9
4.065 -38.4605 1999.65 16605.7
4.07 -38.3025 1999.65 16537.4
4.075 -38.1464 1999.66 16470.2
4.08 -37.9929 1999.69 16404.2
4.085 -37.8415 1999.74 16339
4.09 -37.6846 1999.98 16273
4.095 -37.5296 2000.08 16207.2
4.1 -37.3772 2000.04 16141.8
4.105 -37.2277 2000.01 16077.7
4.11 -37.0814 1999.99 16015
4.115 -36.9265 2000.36 15950.4
4.12 -36.7703 2000.54 15884.3
4.125 -36.6176 2000.43 15818.2
4.13 -36.4687 2000.34 15753.8
4.135 -36.3254 2000.18 15691.6
4.14 -36.187 2000.08 15631.6
4.145 -36.0527 2000.06 15573.7
4.15 -35.9223 2000.04 15517.5
4.155 -35.7957 2000.03 15462.9
4.16 -35.673 2000.01 15409.9
4.165 -35.5542 2000.01 15358.7
4.17 -35.4394 2000 15309.2
4.175 -35.3286 1999.99 15261.4
4.18 -35.2218 1999.99 15215.3
4.185 -35.1193 1999.99 15171.1
4.19 -35.0211 1999.99 15128.7
4.195 -34.9273 1999.98 15088.3
4.2 -34.8384 1999.98 15049.9
4.205 -34.7545 1999.98 15013.7
4.21 -34.676 1999.98 14979.8
4.215 -34.6032 1999.99 14948.4
4.22 -34.5366 1999.99 14919.6
4.225 -34.4763 1999.99 14893.6
4.23 -34.4229 1999.99 14870.6
4.235 -34.3767 1999.99 14850.6
4.24 -34.3384 1999.99 14834.1
4.245 -34.3086 1999.99 14821.2
4.25 -34.2878 1999.99 14812.3
4.255 -34.2763 1999.99 14807.3
4.26 -34.2738 2000 14806.2
4.265 -34.2911 1999.93 14812
4.27 -34.3228 1999.88 14824.6
4.275 -34.3622 1999.91 14842.2
4.28 -34.4082 1999.93 14862.6
4.285 -34.4559 1999.94 14883.6
4.29 -34.5006 1999.96 14903.2
4.295 -34.5387 1999.97 14920
4.3 -34.568 1999.98 14932.8
4.305 -34.5877 1999.98 14941.5
4.31 -34.5982 1999.98 14946.1
4.315 -34.601 1999.99 14947.3
4.32 -34.5975 1999.99 14945.9
4.325 -34.5895 1999.99 14942.5
4.33 -34.5787 1999.99 14937.9
4.335 -34.5661 1999.99 14932.5
4.34 -34.5528 1999.99 14926.7
4.345 -34.5396 1999.99 14921
4.35 -34.5275 1999.99 14915.7
4.355 -34.5178 1999.99 14911.5
4.36 -34.5117 2000 14908.9
4.365 -34.5104 2000 14908.4
4.37 -34.5154 1999.99 14910.5
4.375 -34.5275 1999.99 14915.7
4.38 -34.5473 1999.99 14924.2
4.385 -34.5751 2000 14936.3
4.39 -34.6106 2000 14951.7
4.395 -34.6535 2000 14970.3
4.4 -34.7027 2000 14991.7
4.405 -34.7572 2000 15015.3
4.41 -34.8155 2000.01 15040.7
4.415 -34.8759 2000.01 15066.9
4.42 -34.9364 2000.02 15093.2
4.425 -34.9947 2000.02 15118.5
4.43 -35.0484 2000.03 15141.8
4.435 -35.0954 2000.03 15162.1
4.44 -35.134 2000.03 15178.7
4.445 -35.1627 2000.02 15191.1
4.45 -35.1807 2000.02 15198.8
4.455 -35.1875 2000.02 15201.5
4.46 -35.1804 2000.02 15198.6
4.465 -35.1579 2000.02 15189
4.47 -35.1196 2000.02 15172.3
4.475 -35.064 2000.01 15148
4.48 -34.9913 1999.99 15116
4.485 -34.9021 1999.97 15076.6
4.49 -34.7983 1999.94 15030.5
4.495 -34.6824 1999.89 14978.9
4.5 -34.5568 1999.84 14922.9
4.505 -34.4249 1999.66 14864
4.51 -34.2861 1999.61 14802.9
4.515 -34.1333 1999.73 14737.1
4.52 -33.9741 1999.72 14668
4.525 -33.8088 1999.7 14596.6
4.53 -33.6377 1999.72 14523.2
4.535 -33.4613 1999.74 14447.7
4.54 -33.2806 1999.76 14370.4
4.545 -33.0996 1999.68 14292.4
4.55 -32.9168 1999.65 14214
4.555 -32.7321 1999.69 14135
4.56 -32.5459 1999.72 14055.3
4.565 -32.3599 1999.81 13974.6
4.57 -32.1707 1999.86 13892.9
4.575 -31.9692 2000.07 13808.1
4.58 -31.7548 2000.3 13717.7
4.585 -31.5424 2000.23 13625.9
4.59 -31.3307 2000.17 13534.5
4.595 -31.12 2000.12 13443.5
4.6 -30.9118 2000.06 13353.4
4.605 -30.7092 1999.96 13265.5
4.61 -30.5091 1999.94 13179.1
4.615 -30.3079 2000 13092.8
4.62 -30.1065 2000.05 13006.4
4.625 -29.909 2000.02 12920.9
4.63 -29.7151 2000 12837
4.635 -29.5247 1999.98 12754.7
4.64 -29.3382 1999.96 12674
4.645 -29.1588 1999.87 12595.9
4.65 -28.9841 1999.83 12520.2
4.655 -28.8129 1999.83 12446.3
4.66 -28.6428 1999.88 12373.3
4.665 -28.4697 1999.96 12299.2
4.67 -28.3015 1999.94 12226.4
4.675 -28.1375 1999.92 12155.4
4.68 -27.9792 1999.94 12086
4.685 -27.8228 1999.95 12017.9
4.69 -27.6324 2000.48 11941
4.695 -27.443 2000.71 11861.5
4.7 -27.2633 2000.55 11782.5
4.705 -27.1005 2000.46 11709.8
4.71 -26.9361 2000.36 11638.3
4.715 -26.773 2000.31 11567.7
4.72 -26.5707 2000.57 11483.8
4.725 -26.3834 2000.44 11401.7
4.73 -26.2242 2000.41 11329.2
4.735 -26.0685 2000.36 11260.3
4.74 -25.9186 2000.29 11195.8
4.745 -25.7805 2000.23 11136.3
4.75 -25.6395 2000.35 11077.9
4.755 -25.49 2000.53 11016.4
4.76 -25.3662 2000.43 10962
4.765 -25.2495 2000.46 10912.4
4.77 -25.154 2000.42 10871.1
4.775 -25.0804 2000.34 10838.4
4.78 -25.0266 2000.28 10814.5
4.785 -24.9925 2000.22 10799.2
4.79 -24.9781 2000.18 10792.5
4.795 -24.986 2000.13 10795.1
4.8 -25.0224 2000.08 10809.9
4.805 -25.0843 2000.07 10836.6
4.81 -25.1725 2000.05 10874.7
4.815 -25.285 2000.04 10923.5
4.82 -25.4185 2000.04 10981.3
4.825 -25.5685 2000.04 11046.5
4.83 -25.7266 2000.06 11115.7
4.835 -25.8884 2000.09 11186.6
4.84 -26.0555 2000.09 11259
4.845 -26.2226 2000.09 11331.3
4.85 -26.3619 2000.35 11395.2
4.855 -26.4986 2000.44 11455.5
4.86 -26.6311 2000.38 11511.9
4.865 -26.7534 2000.32 11563.9
4.87 -26.863 2000.23 11610.7
4.875 -26.9607 2000.17 11652.3
4.88 -27.0464 2000.14 11688.5
4.885 -27.1183 2000.12 11718.9
4.89 -27.1762 2000.1 11743.1
4.895 -27.219 2000.09 11760.8
4.9 -27.241 2000.08 11769.9
4.905 -27.2414 2000.06 11769.8
4.91 -27.21 2000.06 11756.3
4.915 -27.1479 2000.05 11729.2
4.92 -27.0577 2000.04 11689.2
4.925 -26.9384 2000.03 11636.7
4.93 -26.7924 2000 11572.8
4.935 -26.6264 1999.96 11499.9
4.94 -26.4463 1999.92 11420.6
4.945 -26.2581 1999.88 11337.9
4.95 -26.063 1999.88 11253.1
4.955 -25.8338 2000.07 11156.8
4.96 -25.6137 2000.04 11061.2
4.965 -25.3864 2000.08 10964.1
4.97 -25.1735 1999.98 10871.6
4.975 -24.9766 1999.88 10786
4.98 -24.7917 1999.88 10706.4
4.985 -24.6201 1999.9 10632.6
4.99 -24.4615 1999.91 10564.5
4.995 -24.2973 2000.08 10496.5
5 -24.1269 2000.27 10425.8
5.005 -23.9682 2000.27 10356.3
5.01 -23.8131 2000.22 10288.8
5.015 -23.6585 2000.17 10221.7
5.02 -23.5003 2000.14 10153
5.025 -23.3343 2000.11 10081.1
5.03 -23.1574 2000.09 10004.5
5.035 -22.9671 2000.07 9922.13
5.04 -22.7612 2000.06 9833.04
5.045 -22.5328 2000.08 9734.97
5.05 -22.2316 2000.4 9609.01
5.055 -21.9164 2000.37 9471.78
5.06 -21.5743 2000.3 9323.17
5.065 -21.1976 2000.3 9160.78
5.07 -20.7683 2000.4 8977.3
5.075 -20.3012 2000.44 8776.74
5.08 -19.7392 2000.74 8539.57
5.085 -19.1576 2000.72 8286.11
5.09 -18.5335 2000.68 8014.42
5.095 -17.8774 2000.51 7728.95
5.1 -17.0617 2001.28 7392.14
5.105 -16.2261 2001.53 7036.59
5.11 -15.3221 2001.62 6648.79
5.115 -14.3446 2001.73 6229.75
5.12 -13.2717 2001.87 5770.24
5.125 -12.1497 2001.75 5283.9
5.13 -11.0036 2001.39 4781.69
5.135 -9.81435 2001.12 4262.58
5.14 -8.63071 2001.07 3741.43
5.145 -7.39071 2001.14 3203.81
5.15 -6.0662 2001.2 2637.14
5.155 -4.8183 2001.14 2086.81
5.16 -3.56613 2001 1539.58
5.165 -2.27601 2001.4 986.378
5.17 -0.9709 2001.59 427.808
5.175 0.280551 2001.26 -114.577
5.18 1.62337 2001.39 -678.247
5.185 2.93228 2001.4 -1234.66
5.19 4.10538 2001.3 -1751.6
5.195 5.40702 2001.64 -2294.45
5.2 6.60312 2001.59 -2803.68
5.205 7.72927 2001.38 -3292.68
5.21 8.75888 2001.14 -3744.73
5.215 9.75688 2000.98 -4177.46
5.22 10.6449 2000.79 -4568.19
5.225 11.4459 2000.63 -4920.09
5.23 12.1623 2000.5 -5234.27
5.235 12.7965 2000.41 -5512.01
5.24 13.3513 2000.33 -5754.73
5.245 13.8294 2000.26 -5963.73
5.25 14.2322 2000.21 -6139.77
5.255 14.5598 2000.17 -6282.93
5.26 14.8106 2000.14 -6392.59
5.265 14.9816 2000.11 -6467.52
5.27 15.0687 2000.09 -6506
5.275 15.0673 2000.07 -6506.08
5.28 14.9661 2000.07 -6463.57
5.285 14.764 2000.06 -6377.08
5.29 14.4588 2000.05 -6245.4
5.295 14.0469 2000.04 -6067.58
5.3 13.5283 2000.03 -5843.59
5.305 12.9044 2000.02 -5574.06
5.31 12.1779 2000.01 -5260.17
5.315 11.3529 2000 -4903.65
5.32 10.4348 1999.99 -4506.83
5.325 9.43062 1999.99 -4072.85
5.33 8.34988 1999.98 -3605.76
5.335 7.2664 2000.06 -3129.01
5.34 6.13439 2000.1 -2635.4
5.345 5.00711 2000.17 -2142.63
5.35 3.87559 2000.21 -1650.85
5.355 2.81807 2000.37 -1185.17
5.36 1.77892 2000.62 -734.426
5.365 0.727366 2000.6 -288.64
5.37 -0.273481 2000.49 139.793
5.375 -1.12756 2000.59 514.233
5.38 -1.965 2000.47 871.198
5.385 -2.74605 2000.38 1204.65
5.39 -3.46819 2000.31 1513.33
5.395 -4.13015 2000.25 1796.59
5.4 -4.69572 2000.52 2043.59
5.405 -5.21528 2000.61 2267.52
5.41 -5.68631 2000.49 2468.32
5.415 -6.10292 2000.4 2646.1
5.42 -6.46807 2000.32 2802.05
5.425 -6.78416 2000.26 2937.14
5.43 -7.05867 2000.23 3053.69
5.435 -7.28842 2000.21 3151.23
5.44 -7.46472 2000.17 3226.9
5.445 -7.58884 2000.14 3280.12
5.45 -7.65816 2000.11 3309.73
5.455 -7.66996 2000.09 3314.56
5.46 -7.61634 2000.07 3291.91
5.465 -7.4974 2000.06 3240.8
5.47 -7.31249 2000.05 3160.54
5.475 -7.05804 2000.04 3050.29
5.48 -6.73809 2000.05 2911.11
5.485 -6.35623 2000.07 2744.85
5.49 -5.90359 2000.06 2549.18
5.495 -5.38634 2000.05 2325.45
5.5 -4.80794 2000.04 2075.19
5.505 -4.17294 2000.04 1800.4
5.51 -3.47208 2000.27 1499.11
5.515 -2.70869 2000.45 1171.25
5.52 -1.9123 2000.37 826.092
5.525 -1.07684 2000.31 464.294
5.53 -0.206485 2000.26 87.6469
5.535 0.765458 2000.42 -323.002
5.54 1.79922 2000.55 -762.037
5.545 2.82411 2000.45 -1208.15
5.55 3.84827 2000.52 -1656.81
5.555 5.02871 2000.72 -2158.96
5.56 6.20248 2000.59 -2668
5.565 7.47129 2000.57 -3211.56
5.57 8.76381 2000.5 -3769.25
5.575 10.1299 2000.47 -4355.39
5.58 11.4882 2000.38 -4946.2
5.585 12.8656 2000.3 -5544.48
5.59 14.2591 2000.24 -6149.07
5.595 15.6639 2000.14 -6758.17
5.6 17.0765 2000.05 -7370.22
5.605 18.4946 2000.03 -7984.14
5.61 19.9141 2000.02 -8598.36
5.615 21.3314 2000 -9211.56
5.62 22.6635 2000.46 -9794.77
5.625 23.9957 2000.62 -10373.4
5.63 25.2654 2000.96 -10926.3
5.635 26.4589 2001.53 -11448.7
5.64 27.6018 2001.73 -11944.6
5.645 28.7307 2001.48 -12430.9
5.65 29.8159 2001.44 -12901.2
5.655 30.8231 2001.86 -13339.7
5.66 31.8018 2001.89 -13761.8
5.665 32.7731 2001.49 -14176.8
5.67 33.7235 2001.13 -14583.9
5.675 34.6245 2001.05 -14974.7
5.68 35.4404 2001.35 -15331.1
5.685 36.2318 2001.15 -15672.8
5.69 37.027 2000.87 -16012.3
5.695 37.812 2000.6 -16348.8
5.7 38.5567 2000.47 -16673.8
5.705 39.2427 1999.88 -16975.9
5.71 39.8761 1999.6 -17253
5.715 40.5261 1999.68 -17530.3
5.72 41.1088 1999.88 -17789.7
5.725 41.7004 1999.99 -18048.6
5.73 42.3273 2000.04 -18315.8
5.735 42.9341 2000.28 -18578.3
5.74 43.5605 2000.29 -18846.5
5.745 44.1296 2000.97 -19101.2
5.75 44.7284 2001.18 -19360.1
5.755 45.3116 2001.37 -19608.2
5.76 45.8679 2001.63 -19846.6
5.765 46.3983 2001.69 -20076.1
5.77 46.925 2001.39 -20303
5.775 47.4441 2001.36 -20525.4
5.78 47.9467 2001.6 -20738.8
5.785 48.4096 2001.7 -20938.4
5.79 48.8596 2001.39 -21131
5.795 49.2688 2001.28 -21311.8
5.8 49.6423 2001.06 -21480
5.805 50.0135 2001.27 -21633.9
5.81 50.2965 2001.5 -21762.4
5.815 50.4352 2000.9 -21848.8
5.82 50.4471 2000.16 -21886.9
5.825 50.3356 1999.28 -21865.2
5.83 49.9053 1997.76 -21714.3
5.835 49.5201 1997.7 -21540.8
5.84 49.1214 1997.69 -21351.3
5.845 48.702 1998.21 -21144.7
5.85 48.2379 1998.42 -20925.2
5.855 47.7535 1998.42 -20703.1
5.86 47.2637 1998.46 -20478.9
5.865 46.7334 1997.92 -20245.4
5.87 46.2227 1998.21 -20011.7
5.875 45.682 1998.58 -19767.6
5.88 45.2595 1999.49 -19557.7
5.885 44.9208 2000.1 -19389.3
5.89 44.5034 1999.84 -19214.1
5.895 44.0696 1999.61 -19031.1
5.9 43.6382 1999.67 -18842.3
5.905 43.3031 2000.54 -18677.9
5.91 42.9619 2000.87 -18523.4
5.915 42.562 2000.41 -18359.8
5.92 42.1471 1999.99 -18188.3
5.925 41.7148 1999.59 -18008.3
5.93 41.2515 1998.99 -17815.7
5.935 40.7539 1998.03 -17608.6
5.94 40.3646 1998.75 -17426.6
5.945 40.2505 2001.1 -17325.7
5.95 40.1459 2001.97 -17259.3
5.955 39.9061 2000.66 -17177.7
5.96 39.7151 2000.14 -17104.8
5.965 39.7391 2001.11 -17102.8
5.97 39.6894 2000.69 -17094.5
5.975 39.6331 2000.13 -17081.8
5.98 39.5861 1999.95 -17069.7
5.985 39.5345 1999.61 -17055
5.99 39.472 1999.16 -17035.1
5.995 39.4272 1999.32 -17018.3
6 39.4098 1999.77 -17010.6
6.005 39.381 1999.71 -17001.2
6.01 39.3531 1999.66 -16991.7
6.015 39.3261 1999.62 -16982
6.02 39.2996 1999.58 -16972.2
6.025 39.2736 1999.55 -16962.3
6.03 39.2481 1999.52 -16952.4
6.035 39.223 1999.5 -16942.4
6.04 39.1983 1999.48 -16932.5
6.045 39.1742 1999.47 -16922.6
6.05 39.1508 1999.46 -16912.9
6.055 39.128 1999.46 -16903.5
6.06 39.101 1999.26 -16892.7
6.065 39.0721 1999.09 -16881
6.07 39.0479 1999.2 -16870.4
6.075 39.0255 1999.29 -16860.5
6.08 39.0052 1999.38 -16851.6
6.085 38.9871 1999.45 -16843.6
6.09 38.9714 1999.53 -16836.7
6.095 38.9582 1999.59 -16830.9
6.1 38.9477 1999.65 -16826.2
6.105 38.94 1999.71 -16822.7
6.11 38.935 1999.76 -16820.5
6.115 38.9328 1999.81 -16819.4
6.12 38.9284 1999.84 -16818.2
6.125 38.8888 1999.71 -16803.7
6.13 38.8343 1999.75 -16779.3
6.135 38.7585 1999.78 -16745.7
6.14 38.6667 1999.8 -16704.9
6.145 38.5644 1999.8 -16659.4
6.15 38.4567 1999.78 -16611.5
6.155 38.3477 1999.76 -16563
6.16 38.2402 1999.74 -16515.3
6.165 38.1362 1999.73 -16469.4
6.17 38.0376 1999.72 -16426
6.175 37.9456 1999.72 -16385.9
6.18 37.861 1999.72 -16349.2
6.185 37.7843 1999.74 -16316.3
6.19 37.716 1999.76 -16287.2
6.195 37.6564 1999.79 -16262
6.2 37.6062 1999.81 -16240.9
6.205 37.5658 1999.84 -16224.1
6.21 37.5357 1999.85 -16211.8
6.215 37.5167 1999.87 -16204.2
6.22 37.5088 1999.9 -16201.3
6.225 37.5211 1999.86 -16205.8
6.23 37.5608 1999.81 -16222
6.235 37.6241 1999.84 -16250.2
6.24 37.7146 1999.87 -16290.1
6.245 37.8301 1999.91 -16340.8
6.25 37.9658 1999.97 -16400.8
6.255 38.1143 2000.05 -16467.1
6.26 38.2664 2000.15 -16535.9
6.265 38.4133 2000.26 -16603.4
6.27 38.545 2000.24 -16665.2
6.275 38.6602 2000.12 -16719.7
6.28 38.7628 2000 -16767.4
6.285 38.7861 1999.25 -16789.5
6.29 38.7572 1998.1 -16786.8
6.295 38.7531 1997.6 -16781.2
6.3 38.7394 1997.13 -16771.2
6.305 38.7013 1996.54 -16751.4
6.31 38.6076 1994.44 -16711.8
6.315 38.4452 1998.83 -16636.4
6.32 38.4236 2011.92 -16601.5
6.325 38.3891 2012.04 -16580.5
6.33 38.2986 2009.84 -16547.7
6.335 38.2136 2008.13 -16512.6
6.34 38.1312 2006.47 -16476.5
6.345 38.0463 2005.1 -16439.4
6.35 37.9596 2003.97 -16401.7
6.355 37.8713 2003.01 -16363.4
6.36 37.7669 2001.78 -16319.1
6.365 37.6904 2002.11 -16281.6
6.37 37.6406 2002.51 -16256.2
6.375 37.5843 2001.87 -16233
6.38 37.5162 2000.43 -16206
6.385 37.376 1998.76 -16150.5
6.39 36.6787 1996.09 -15901.9
6.395 36.262 2000.51 -15728.3
6.4 36.1967 2000.1 -15684.2
6.405 36.0929 1999.12 -15631.7
6.41 35.8547 1995.5 -15527.8
6.415 35.9182 1991.28 -15549.1
6.42 0.0662758 -27.996 -29.665
