0.1 -3.43301e-31 200 -2.4869e-14
0.2 6.20863e-31 400 -7.10543e-15
0.3 0 600 -1.04805e-13
0.4 -7.59644e-31 800 3.19744e-14
0.5 -7.59644e-31 1000 -1.74083e-13
0.6 3.50605e-31 1200 -1.38556e-13
0.7 7.0121e-31 1400 -3.16192e-13
0.8 -1.86989e-30 1600 2.66454e-13
0.9 7.59644e-31 1800 -1.84741e-13
1 1.16868e-31 2000 4.26326e-14
0.005 -2.2196e-05 2000 0.00962047
0.01 -0.000110893 2000 0.0479663
0.015 -0.0002883 2000 0.124594
0.02 -0.000554512 2000 0.239588
0.025 -0.000909589 2000 0.392974
0.03 -0.00135358 2000 0.584773
0.035 -0.00188653 2000 0.815003
0.04 -0.00250848 2000 1.08368
0.045 -0.00321944 2000 1.39081
0.05 -0.00401944 2000 1.73641
0.055 -0.00490847 2000 2.12047
0.06 -0.00588653 2000 2.54299
0.065 -0.00695361 2000 3.00397
0.07 -0.0081097 2000 3.5034
0.075 -0.00935479 2000 4.04127
0.08 -0.0106888 2000 4.61757
0.085 -0.0121117 2000 5.23228
0.09 -0.0136235 2000 5.88535
0.095 -0.015224 2000 6.57677
0.1 -0.0169132 2000 7.30649
0.105 -0.0186909 2000 8.07447
0.11 -0.0205571 2000 8.88068
0.115 -0.0225118 2000 9.72509
0.12 -0.0245547 2000 10.6076
0.125 -0.0266858 2000 11.5283
0.13 -0.028905 2000 12.487
0.135 -0.0312121 2000 13.4836
0.14 -0.0336069 2000 14.5182
0.145 -0.0360892 2000 15.5906
0.15 -0.0386589 2000 16.7007
0.155 -0.0413159 2000 17.8485
0.16 -0.0440598 2000 19.0338
0.165 -0.0468906 2000 20.2568
0.17 -0.0498082 2000 21.5172
0.175 -0.0528124 2000 22.815
0.18 -0.0559029 2000 24.1501
0.185 -0.0590795 2000 25.5224
0.19 -0.0623419 2000 26.9317
0.195 -0.0656898 2000 28.378
0.2 -0.0691229 2000 29.8611
0.205 -0.0726408 2000 31.3809
0.21 -0.0762434 2000 32.9372
0.215 -0.0799304 2000 34.5299
0.22 -0.0837016 2000 36.1591
0.225 -0.0875566 2000 37.8245
0.23 -0.091495 2000 39.5258
0.235 -0.0955165 2000 41.2632
0.24 -0.0996211 2000 43.0363
0.245 -0.103808 2000 44.8453
0.25 -0.108078 2000 46.6898
0.255 -0.11243 2000 48.5696
0.26 -0.116863 2000 50.4847
0.265 -0.121377 2000 52.4348
0.27 -0.125971 2000 54.4196
0.275 -0.130646 2000 56.4391
0.28 -0.135401 2000 58.4933
0.285 -0.140236 2000 60.582
0.29 -0.14515 2000 62.7049
0.295 -0.150143 2000 64.8617
0.3 -0.155213 2000 67.0522
0.305 -0.160362 2000 69.2763
0.31 -0.165588 2000 71.534
0.315 -0.170891 2000 73.8249
0.32 -0.176271 2000 76.149
0.325 -0.181726 2000 78.5059
0.33 -0.187258 2000 80.8953
0.335 -0.192863 2000 83.3171
0.34 -0.198544 2000 85.771
0.345 -0.204299 2000 88.257
0.35 -0.210127 2000 90.7748
0.355 -0.216028 2000 93.3241
0.36 -0.222002 2000 95.905
0.365 -0.228049 2000 98.5171
0.37 -0.234167 2000 101.16
0.375 -0.240356 2000 103.834
0.38 -0.246615 2000 106.538
0.385 -0.252944 2000 109.272
0.39 -0.259343 2000 112.036
0.395 -0.26581 2000 114.83
0.4 -0.272346 2000 117.653
0.405 -0.278949 2000 120.506
0.41 -0.28562 2000 123.388
0.415 -0.292358 2000 126.299
0.42 -0.299163 2000 129.238
0.425 -0.306033 2000 132.206
0.43 -0.312967 2000 135.202
0.435 -0.319965 2000 138.225
0.44 -0.327027 2000 141.276
0.445 -0.334152 2000 144.354
0.45 -0.341341 2000 147.459
0.455 -0.348593 2000 150.592
0.46 -0.355905 2000 153.751
0.465 -0.363278 2000 156.936
0.47 -0.370711 2000 160.147
0.475 -0.378203 2000 163.384
0.48 -0.385753 2000 166.645
0.485 -0.393361 2000 169.932
0.49 -0.401026 2000 173.243
0.495 -0.408747 2000 176.579
0.5 -0.416524 2000 179.938
0.505 -0.424355 2000 183.322
0.51 -0.432241 2000 186.728
0.515 -0.440181 2000 190.158
0.52 -0.448173 2000 193.611
0.525 -0.456218 2000 197.086
0.53 -0.464315 2000 200.584
0.535 -0.472462 2000 204.104
0.54 -0.480659 2000 207.645
0.545 -0.488905 2000 211.207
0.55 -0.497199 2000 214.79
0.555 -0.50554 2000 218.393
0.56 -0.513929 2000 222.017
0.565 -0.522363 2000 225.661
0.57 -0.530841 2000 229.324
0.575 -0.539364 2000 233.005
0.58 -0.54793 2000 236.706
0.585 -0.556538 2000 240.424
0.59 -0.565189 2000 244.162
0.595 -0.573881 2000 247.917
0.6 -0.582615 2000 251.69
0.605 -0.591388 2000 255.48
0.61 -0.600199 2000 259.286
0.615 -0.609047 2000 263.109
0.62 -0.617933 2000 266.947
0.625 -0.626855 2000 270.802
0.63 -0.635814 2000 274.672
0.635 -0.644808 2000 278.557
0.64 -0.653834 2000 282.457
0.645 -0.662893 2000 286.37
0.65 -0.671982 2000 290.296
0.655 -0.681101 2000 294.236
0.66 -0.690249 2000 298.188
0.665 -0.699426 2000 302.152
0.67 -0.708632 2000 306.129
0.675 -0.717866 2000 310.118
0.68 -0.727129 2000 314.12
0.685 -0.736417 2000 318.132
0.69 -0.745731 2000 322.156
0.695 -0.75507 2000 326.19
0.7 -0.764435 2000 330.236
0.705 -0.773822 2000 334.291
0.71 -0.783231 2000 338.356
0.715 -0.79266 2000 342.429
0.72 -0.802111 2000 346.512
0.725 -0.811581 2000 350.603
0.73 -0.821067 2000 354.701
0.735 -0.830569 2000 358.806
0.74 -0.840085 2000 362.917
0.745 -0.849616 2000 367.034
0.75 -0.859159 2000 371.157
0.755 -0.868714 2000 375.285
0.76 -0.87828 2000 379.417
0.765 -0.887858 2000 383.555
0.77 -0.897446 2000 387.697
0.775 -0.907042 2000 391.842
0.78 -0.916647 2000 395.992
0.785 -0.926259 2000 400.144
0.79 -0.93588 2000 404.3
0.795 -0.945508 2000 408.459
0.8 -0.955141 2000 412.621
0.805 -0.96478 2000 416.785
0.81 -0.974423 2000 420.951
0.815 -0.98407 2000 425.119
0.82 -0.993719 2000 429.287
0.825 -1.00337 2000 433.455
0.83 -1.01301 2000 437.622
0.835 -1.02266 2000 441.788
0.84 -1.0323 2000 445.953
0.845 -1.04193 2000 450.116
0.85 -1.05157 2000 454.277
0.855 -1.06119 2000 458.435
0.86 -1.07081 2000 462.591
0.865 -1.08043 2000 466.744
0.87 -1.09003 2000 470.893
0.875 -1.09962 2000 475.038
0.88 -1.10921 2000 479.177
0.885 -1.11878 2000 483.311
0.89 -1.12833 2000 487.44
0.895 -1.13788 2000 491.563
0.9 -1.14741 2000 495.681
0.905 -1.15693 2000 499.793
0.91 -1.16643 2000 503.899
0.915 -1.17592 2000 507.997
0.92 -1.18539 2000 512.087
0.925 -1.19483 2000 516.168
0.93 -1.20426 2000 520.242
0.935 -1.21367 2000 524.307
0.94 -1.22306 2000 528.364
0.945 -1.23243 2000 532.411
0.95 -1.24178 2000 536.447
0.955 -1.2511 2000 540.473
0.96 -1.26039 2000 544.488
0.965 -1.26965 2000 548.491
0.97 -1.27889 2000 552.481
0.975 -1.2881 2000 556.46
0.98 -1.29728 2000 560.427
0.985 -1.30643 2000 564.38
0.99 -1.31555 2000 568.32
0.995 -1.32464 2000 572.246
1 -1.3337 2000 576.16
1.005 -1.34273 2000 580.059
1.01 -1.35172 2000 583.944
1.015 -1.36068 2000 587.815
1.02 -1.36961 2000 591.67
1.025 -1.3785 2000 595.51
1.03 -1.38735 2000 599.333
1.035 -1.39616 2000 603.141
1.04 -1.40493 2000 606.931
1.045 -1.41367 2000 610.704
1.05 -1.42236 2000 614.458
1.055 -1.431 2000 618.193
1.06 -1.4396 2000 621.909
1.065 -1.44816 2000 625.605
1.07 -1.45667 2000 629.282
1.075 -1.46514 2000 632.94
1.08 -1.47356 2000 636.578
1.085 -1.48193 2000 640.196
1.09 -1.49026 2000 643.792
1.095 -1.49853 2000 647.365
1.1 -1.50675 2000 650.916
1.105 -1.51492 2000 654.445
1.11 -1.52304 2000 657.952
1.115 -1.5311 2000 661.434
1.12 -1.5391 2000 664.892
1.125 -1.54705 2000 668.325
1.13 -1.55494 2000 671.733
1.135 -1.56277 2000 675.116
1.14 -1.57054 2000 678.473
1.145 -1.57825 2000 681.804
1.15 -1.5859 2000 685.109
1.155 -1.59349 2000 688.387
1.16 -1.60101 2000 691.637
1.165 -1.60847 2000 694.858
1.17 -1.61586 2000 698.051
1.175 -1.62319 2000 701.217
1.18 -1.63046 2000 704.358
1.185 -1.63767 2000 707.472
1.19 -1.64481 2000 710.56
1.195 -1.65189 2000 713.618
1.2 -1.6589 2000 716.645
1.205 -1.66584 2000 719.641
1.21 -1.6727 2000 722.608
1.215 -1.6795 2000 725.544
1.22 -1.68622 2000 728.449
1.225 -1.69288 2000 731.322
1.23 -1.69946 2000 734.165
1.235 -1.70596 2000 736.977
1.24 -1.7124 2000 739.757
1.245 -1.71876 2000 742.505
1.25 -1.72505 2000 745.22
1.255 -1.73125 2000 747.901
1.26 -1.73738 2000 750.548
1.265 -1.74343 2000 753.161
1.27 -1.7494 2000 755.741
1.275 -1.75529 2000 758.285
1.28 -1.7611 2000 760.796
1.285 -1.76683 2000 763.272
1.29 -1.77248 2000 765.713
1.295 -1.77805 2000 768.118
1.3 -1.78354 2000 770.488
1.305 -1.78894 2000 772.824
1.31 -1.79427 2000 775.124
1.315 -1.79951 2000 777.388
1.32 -1.80467 2000 779.615
1.325 -1.80974 2000 781.807
1.33 -1.81473 2000 783.964
1.335 -1.81964 2000 786.086
1.34 -1.82447 2000 788.17
1.345 -1.8292 2000 790.215
1.35 -1.83384 2000 792.22
1.355 -1.8384 2000 794.187
1.36 -1.84286 2000 796.117
1.365 -1.84725 2000 798.01
1.37 -1.85154 2000 799.864
1.375 -1.85574 2000 801.678
1.38 -1.85984 2000 803.452
1.385 -1.86386 2000 805.189
1.39 -1.8678 2000 806.888
1.395 -1.87164 2000 808.549
1.4 -1.87539 2000 810.17
1.405 -1.87906 2000 811.753
1.41 -1.88263 2000 813.297
1.415 -1.88611 2000 814.801
1.42 -1.88951 2000 816.267
1.425 -1.89281 2000 817.693
1.43 -1.89601 2000 819.076
1.435 -1.89911 2000 820.417
1.44 -1.90212 2000 821.717
1.445 -1.90504 2000 822.978
1.45 -1.90786 2000 824.196
1.455 -1.91058 2000 825.372
1.46 -1.9132 2000 826.503
1.465 -1.91573 2000 827.594
1.47 -1.91816 2000 828.643
1.475 -1.92049 2000 829.65
1.48 -1.92271 2000 830.611
1.485 -1.92482 2000 831.524
1.49 -1.92683 2000 832.389
1.495 -1.92872 2000 833.207
1.5 -1.93051 2000 833.982
1.505 -1.93221 2000 834.713
1.51 -1.9338 2000 835.402
1.515 -1.93529 2000 836.046
1.52 -1.93668 2000 836.645
1.525 -1.93796 2000 837.198
1.53 -1.93913 2000 837.703
1.535 -1.94019 2000 838.162
1.54 -1.94115 2000 838.576
1.545 -1.942 2000 838.945
1.55 -1.94276 2000 839.271
1.555 -1.9434 2000 839.551
1.56 -1.94394 2000 839.784
1.565 -1.94438 2000 839.971
1.57 -1.9447 2000 840.11
1.575 -1.94492 2000 840.204
1.58 -1.94503 2000 840.252
1.585 -1.94503 2000 840.254
1.59 -1.94491 2000 840.203
1.595 -1.94468 2000 840.101
1.6 -1.94433 2000 839.95
1.605 -1.94386 2000 839.749
1.61 -1.94327 2000 839.494
1.615 -1.94256 2000 839.185
1.62 -1.94172 2000 838.823
1.625 -1.94076 2000 838.41
1.63 -1.93969 2000 837.945
1.635 -1.93849 2000 837.428
1.64 -1.93717 2000 836.858
1.645 -1.93573 2000 836.234
1.65 -1.93416 2000 835.557
1.655 -1.93247 2000 834.827
1.66 -1.93066 2000 834.044
1.665 -1.92872 2000 833.207
1.67 -1.92666 2000 832.316
1.675 -1.92447 2000 831.372
1.68 -1.92216 2000 830.375
1.685 -1.91973 2000 829.325
1.69 -1.91717 2000 828.22
1.695 -1.91449 2000 827.06
1.7 -1.91168 2000 825.845
1.705 -1.90874 2000 824.575
1.71 -1.90567 2000 823.25
1.715 -1.90247 2000 821.866
1.72 -1.89912 2000 820.422
1.725 -1.89564 2000 818.915
1.73 -1.89201 2000 817.347
1.735 -1.88825 2000 815.723
1.74 -1.88437 2000 814.047
1.745 -1.88037 2000 812.319
1.75 -1.87624 2000 810.536
1.755 -1.87199 2000 808.698
1.76 -1.8676 2000 806.802
1.765 -1.86308 2000 804.851
1.77 -1.85844 2000 802.846
1.775 -1.85367 2000 800.787
1.78 -1.84878 2000 798.674
1.785 -1.84377 2000 796.51
1.79 -1.83864 2000 794.292
1.795 -1.83338 2000 792.022
1.8 -1.82801 2000 789.698
1.805 -1.8225 2000 787.321
1.81 -1.81687 2000 784.887
1.815 -1.8111 2000 782.397
1.82 -1.80522 2000 779.854
1.825 -1.79922 2000 777.262
1.83 -1.79311 2000 774.625
1.835 -1.7869 2000 771.94
1.84 -1.78057 2000 769.205
1.845 -1.77412 2000 766.418
1.85 -1.76755 2000 763.58
1.855 -1.76086 2000 760.691
1.86 -1.75405 2000 757.75
1.865 -1.74712 2000 754.756
1.87 -1.74007 2000 751.712
1.875 -1.73292 2000 748.62
1.88 -1.72565 2000 745.48
1.885 -1.71827 2000 742.291
1.89 -1.71077 2000 739.054
1.895 -1.70317 2000 735.769
1.9 -1.69545 2000 732.434
1.905 -1.68761 2000 729.049
1.91 -1.67966 2000 725.613
1.915 -1.67159 2000 722.127
1.92 -1.66341 2000 718.591
1.925 -1.65512 2000 715.011
1.93 -1.64672 2000 711.383
1.935 -1.6382 2000 707.704
1.94 -1.62956 2000 703.972
1.945 -1.6208 2000 700.187
1.95 -1.61192 2000 696.349
1.955 -1.60291 2000 692.459
1.96 -1.59379 2000 688.517
1.965 -1.58455 2000 684.526
1.97 -1.57521 2000 680.489
1.975 -1.56575 2000 676.404
1.98 -1.55618 2000 672.271
1.985 -1.5465 2000 668.087
1.99 -1.5367 2000 663.855
1.995 -1.5268 2000 659.578
2 -1.5168 2000 655.26
2.005 -1.50671 2000 650.899
2.01 -1.49651 2000 646.494
2.015 -1.48621 2000 642.044
2.02 -1.47581 2000 637.549
2.025 -1.4653 2000 633.009
2.03 -1.45468 2000 628.423
2.035 -1.44397 2000 623.794
2.04 -1.43316 2000 619.124
2.045 -1.42225 2000 614.411
2.05 -1.41123 2000 609.651
2.055 -1.4001 2000 604.842
2.06 -1.38886 2000 599.989
2.065 -1.37754 2000 595.096
2.07 -1.36613 2000 590.166
2.075 -1.35462 2000 585.197
2.08 -1.34303 2000 580.187
2.085 -1.33133 2000 575.137
2.09 -1.31955 2000 570.045
2.095 -1.30766 2000 564.91
2.1 -1.29568 2000 559.733
2.105 -1.2836 2000 554.515
2.11 -1.27143 2000 549.256
2.115 -1.25915 2000 543.954
2.12 -1.24678 2000 538.607
2.125 -1.2343 2000 533.217
2.13 -1.22173 2000 527.786
2.135 -1.20906 2000 522.315
2.14 -1.19631 2000 516.804
2.145 -1.18346 2000 511.254
2.15 -1.17051 2000 505.662
2.155 -1.15747 2000 500.027
2.16 -1.14433 2000 494.352
2.165 -1.13112 2000 488.643
2.17 -1.11782 2000 482.899
2.175 -1.10444 2000 477.12
2.18 -1.09098 2000 471.304
2.185 -1.07744 2000 465.454
2.19 -1.06382 2000 459.569
2.195 -1.05011 2000 453.648
2.2 -1.03631 2000 447.688
2.205 -1.02243 2000 441.69
2.21 -1.00847 2000 435.657
2.215 -0.99443 2000 429.594
2.22 -0.980324 2000 423.5
2.225 -0.966143 2000 417.374
2.23 -0.951889 2000 411.216
2.235 -0.937568 2000 405.029
2.24 -0.92318 2000 398.814
2.245 -0.908722 2000 392.568
2.25 -0.894194 2000 386.292
2.255 -0.879598 2000 379.986
2.26 -0.864935 2000 373.652
2.265 -0.8502 2000 367.286
2.27 -0.835391 2000 360.889
2.275 -0.82051 2000 354.46
2.28 -0.805564 2000 348.003
2.285 -0.790549 2000 341.517
2.29 -0.775463 2000 335
2.295 -0.760307 2000 328.453
2.3 -0.74509 2000 321.879
2.305 -0.729817 2000 315.281
2.31 -0.714491 2000 308.66
2.315 -0.69911 2000 302.015
2.32 -0.683674 2000 295.347
2.325 -0.668176 2000 288.652
2.33 -0.652608 2000 281.927
2.335 -0.636969 2000 275.171
2.34 -0.621263 2000 268.386
2.345 -0.605497 2000 261.575
2.35 -0.589674 2000 254.739
2.355 -0.573797 2000 247.88
2.36 -0.557869 2000 241
2.365 -0.541896 2000 234.099
2.37 -0.525878 2000 227.179
2.375 -0.509814 2000 220.24
2.38 -0.493701 2000 213.279
2.385 -0.477538 2000 206.296
2.39 -0.461323 2000 199.292
2.395 -0.445056 2000 192.264
2.4 -0.428739 2000 185.215
2.405 -0.412383 2000 178.15
2.41 -0.395989 2000 171.068
2.415 -0.379563 2000 163.972
2.42 -0.363104 2000 156.861
2.425 -0.346609 2000 149.735
2.43 -0.330079 2000 142.594
2.435 -0.31351 2000 135.436
2.44 -0.296901 2000 128.261
2.445 -0.280262 2000 121.073
2.45 -0.263599 2000 113.875
2.455 -0.246909 2000 106.665
2.46 -0.230194 2000 99.4441
2.465 -0.213457 2000 92.2139
2.47 -0.196709 2000 84.9785
2.475 -0.179971 2000 77.747
2.48 -0.163221 2000 70.5112
2.485 -0.146452 2000 63.2669
2.49 -0.129675 2000 56.0189
2.495 -0.112934 2000 48.7864
2.5 -0.0961961 2000 41.5557
2.505 -0.0794598 2000 34.3251
2.51 -0.0627671 2000 27.1139
2.515 -0.0460833 2000 19.9065
2.52 -0.0294652 2000 12.7283
2.525 -0.0128577 2000 5.55501
2.53 0.00373825 2000 -1.61456
2.535 0.0202765 2000 -8.75928
2.54 0.0367615 2000 -15.8811
2.545 0.0532157 2000 -22.9886
2.55 0.0695659 2000 -30.0526
2.555 0.0857477 1999.99 -37.0419
2.56 0.10162 1999.99 -43.897
2.565 0.117079 1999.99 -50.5758
2.57 0.13242 1999.99 -57.2045
2.575 0.147753 1999.99 -63.8288
2.58 0.163082 1999.99 -70.4511
2.585 0.178405 1999.99 -77.0708
2.59 0.193721 1999.99 -83.6874
2.595 0.209029 2000 -90.3005
2.6 0.224327 2000 -96.9094
2.605 0.239613 2000 -103.513
2.61 0.254887 2000 -110.112
2.615 0.270138 2000 -116.7
2.62 0.285355 2000 -123.274
2.625 0.300546 2000 -129.836
2.63 0.315723 2000 -136.393
2.635 0.330896 2000 -142.948
2.64 0.346067 2000 -149.502
2.645 0.361232 2000 -156.053
2.65 0.376383 2000 -162.598
2.655 0.391513 2000 -169.134
2.66 0.406624 2000 -175.662
2.665 0.421719 2000 -182.183
2.67 0.436799 2000 -188.698
2.675 0.451863 2000 -195.205
2.68 0.466903 2000 -201.703
2.685 0.481914 2000 -208.187
2.69 0.496895 2000 -214.659
2.695 0.511855 2000 -221.122
2.7 0.526802 2000 -227.579
2.705 0.541733 2000 -234.029
2.71 0.556644 2000 -240.47
2.715 0.571526 2000 -246.899
2.72 0.586374 2000 -253.314
2.725 0.601196 2000 -259.717
2.73 0.616012 2000 -266.118
2.735 0.630831 2000 -272.519
2.74 0.645632 2000 -278.913
2.745 0.660393 2000 -285.29
2.75 0.675118 2000 -291.651
2.755 0.689825 2000 -298.005
2.76 0.704516 2000 -304.351
2.765 0.719176 2000 -310.684
2.77 0.733796 2000 -317
2.775 0.748373 2000 -323.297
2.78 0.762903 2000 -329.574
2.785 0.777387 2000 -335.831
2.79 0.791836 2000 -342.073
2.795 0.80625 2000 -348.3
2.8 0.82062 2000 -354.508
2.805 0.834935 2000 -360.692
2.81 0.849203 2000 -366.856
2.815 0.863434 2000 -373.004
2.82 0.877625 2000 -379.134
2.825 0.891767 2000 -385.243
2.83 0.905857 2000 -391.33
2.835 0.919901 2000 -397.397
2.84 0.933904 2000 -403.447
2.845 0.947867 2000 -409.479
2.85 0.961783 2000 -415.49
2.855 0.975648 2000 -421.48
2.86 0.989453 2000 -427.444
2.865 1.00319 2000 -433.377
2.87 1.01685 2000 -439.279
2.875 1.03046 2000 -445.16
2.88 1.04403 2000 -451.022
2.885 1.05756 2000 -456.866
2.89 1.07103 2000 -462.685
2.895 1.08442 2000 -468.47
2.9 1.09773 2000 -474.221
2.905 1.11097 2000 -479.941
2.91 1.12416 2000 -485.637
2.915 1.13729 2000 -491.31
2.92 1.15037 2000 -496.959
2.925 1.16339 2000 -502.583
2.93 1.17635 2000 -508.182
2.935 1.18925 2000 -513.756
2.94 1.20209 2000 -519.305
2.945 1.21488 2000 -524.827
2.95 1.2276 2000 -530.322
2.955 1.24025 2000 -535.788
2.96 1.25285 2000 -541.23
2.965 1.26538 2000 -546.646
2.97 1.27785 2000 -552.031
2.975 1.29023 2000 -557.378
2.98 1.30252 2000 -562.689
2.985 1.31475 2000 -567.972
2.99 1.32693 2000 -573.232
2.995 1.33905 2000 -578.47
3 1.35111 2000 -583.681
3.005 1.36311 2000 -588.862
3.01 1.37503 2000 -594.014
3.015 1.38689 2000 -599.138
3.02 1.39869 2000 -604.234
3.025 1.4104 2000 -609.295
3.03 1.42203 2000 -614.317
3.035 1.43356 2000 -619.299
3.04 1.44501 2000 -624.246
3.045 1.4564 2000 -629.163
3.05 1.46771 2000 -634.051
3.055 1.47895 2000 -638.906
3.06 1.49011 2000 -643.729
3.065 1.50121 2000 -648.522
3.07 1.51222 2000 -653.281
3.075 1.52314 2000 -657.997
3.08 1.53395 2000 -662.664
3.085 1.54465 2000 -667.288
3.09 1.55527 2000 -671.875
3.095 1.56581 2000 -676.432
3.1 1.57628 2000 -680.955
3.105 1.58667 2000 -685.441
3.11 1.59697 2000 -689.892
3.115 1.6072 2000 -694.311
3.12 1.61735 2000 -698.697
3.125 1.62743 2000 -703.049
3.13 1.63741 2000 -707.363
3.135 1.64733 2000 -711.646
3.14 1.65717 2000 -715.898
3.145 1.66693 2000 -720.114
3.15 1.6766 2000 -724.289
3.155 1.68616 2000 -728.423
3.16 1.69563 2000 -732.513
3.165 1.70499 2000 -736.554
3.17 1.71423 2000 -740.549
3.175 1.72338 2000 -744.5
3.18 1.73242 2000 -748.406
3.185 1.74134 2000 -752.257
3.19 1.75013 2000 -756.055
3.195 1.75882 2000 -759.812
3.2 1.76744 2000 -763.536
3.205 1.77599 2000 -767.227
3.21 1.78444 2000 -770.877
3.215 1.79278 2000 -774.48
3.22 1.801 2000 -778.031
3.225 1.80909 2000 -781.529
3.23 1.81709 2000 -784.983
3.235 1.825 2000 -788.401
3.24 1.83284 2000 -791.788
3.245 1.84061 2000 -795.143
3.25 1.84829 2000 -798.462
3.255 1.85588 2000 -801.74
3.26 1.86336 2000 -804.971
3.265 1.87073 2000 -808.155
3.27 1.878 2000 -811.295
3.275 1.88517 2000 -814.394
3.28 1.89225 2000 -817.453
3.285 1.89923 2000 -820.467
3.29 1.90609 2000 -823.431
3.295 1.91283 2000 -826.343
3.3 1.91946 2000 -829.208
3.305 1.92599 2000 -832.027
3.31 1.9324 2000 -834.798
3.315 1.9387 2000 -837.521
3.32 1.9449 2000 -840.195
3.325 1.95099 2000 -842.826
3.33 1.95699 2000 -845.421
3.335 1.96292 2000 -847.98
3.34 1.96875 2000 -850.5
3.345 1.97448 2000 -852.975
3.35 1.9801 2000 -855.402
3.355 1.98561 2000 -857.785
3.36 1.99103 2000 -860.127
3.365 1.99637 2000 -862.433
3.37 2.00163 2000 -864.706
3.375 2.0068 2000 -866.94
3.38 2.01187 2000 -869.129
3.385 2.01684 2000 -871.273
3.39 2.02169 2000 -873.37
3.395 2.02642 2000 -875.415
3.4 2.03103 2000 -877.406
3.405 2.03552 2000 -879.345
3.41 2.0399 2000 -881.236
3.415 2.04418 2000 -883.085
3.42 2.04838 2000 -884.899
3.425 2.0525 2000 -886.68
3.43 2.05653 2000 -888.423
3.435 2.06047 2000 -890.124
3.44 2.06431 2000 -891.782
3.445 2.06805 2000 -893.398
3.45 2.07169 2000 -894.969
3.455 2.07523 2000 -896.5
3.46 2.07869 2000 -897.995
3.465 2.08205 2000 -899.448
3.47 2.08531 2000 -900.854
3.475 2.08846 2000 -902.216
3.48 2.09153 2000 -903.54
3.485 2.0945 2000 -904.825
3.49 2.09737 2000 -906.063
3.495 2.10011 2000 -907.246
3.5 2.10272 2000 -908.375
3.505 2.10522 2000 -909.454
3.51 2.10761 2000 -910.486
3.515 2.1099 2000 -911.475
3.52 2.11207 2000 -912.416
3.525 2.11414 2000 -913.307
3.53 2.11608 2000 -914.148
3.535 2.11792 2000 -914.941
3.54 2.11964 2000 -915.684
3.545 2.12124 2000 -916.377
3.55 2.12274 2000 -917.022
3.555 2.12413 2000 -917.625
3.56 2.12542 2000 -918.183
3.565 2.12662 2000 -918.698
3.57 2.12773 2000 -919.178
3.575 2.12877 2000 -919.629
3.58 2.12974 2000 -920.048
3.585 2.13062 2000 -920.429
3.59 2.13141 2000 -920.767
3.595 2.13207 2000 -921.056
3.6 2.13261 2000 -921.289
3.605 2.13303 2000 -921.468
3.61 2.13332 2000 -921.595
3.615 2.1335 2000 -921.674
3.62 2.13357 2000 -921.703
3.625 2.13351 2000 -921.676
3.63 2.1333 2000 -921.586
3.635 2.13296 2000 -921.437
3.64 2.13248 2000 -921.232
3.645 2.13189 2000 -920.975
3.65 2.13119 2000 -920.675
3.655 2.13041 2000 -920.336
3.66 2.12952 2000 -919.954
3.665 2.12851 2000 -919.516
3.67 2.12735 2000 -919.015
3.675 2.12606 2000 -918.456
3.68 2.12465 2000 -917.849
3.685 2.12315 2000 -917.199
3.69 2.12152 2000 -916.496
3.695 2.11975 2000 -915.733
3.7 2.11785 2000 -914.909
3.705 2.11582 2000 -914.034
3.71 2.11369 2000 -913.112
3.715 2.11145 2000 -912.144
3.72 2.1091 2000 -911.132
3.725 2.10667 2000 -910.08
3.73 2.10415 2000 -908.993
3.735 2.10154 2000 -907.864
3.74 2.0988 2000 -906.684
3.745 2.09595 2000 -905.451
3.75 2.09299 2000 -904.17
3.755 2.08991 2000 -902.841
3.76 2.08674 2000 -901.47
3.765 2.08348 2000 -900.063
3.77 2.08014 2000 -898.619
3.775 2.07671 2000 -897.137
3.78 2.07318 2000 -895.615
3.785 2.06955 2000 -894.046
3.79 2.0658 2000 -892.426
3.795 2.06193 2000 -890.755
3.8 2.05795 2000 -889.035
3.805 2.05385 2000 -887.264
3.81 2.04963 2000 -885.439
3.815 2.04529 2000 -883.566
3.82 2.04085 2000 -881.645
3.825 2.03628 2000 -879.675
3.83 2.0316 2000 -877.651
3.835 2.0268 2000 -875.579
3.84 2.02191 2000 -873.463
3.845 2.01691 2000 -871.305
3.85 2.01182 2000 -869.107
3.855 2.00665 2000 -866.872
3.86 2.00139 2000 -864.599
3.865 1.99603 2000 -862.285
3.87 1.99058 2000 -859.93
3.875 1.98504 2000 -857.538
3.88 1.97941 2000 -855.107
3.885 1.97369 2000 -852.633
3.89 1.96787 2000 -850.119
3.895 1.96195 2000 -847.563
3.9 1.95592 2000 -844.957
3.905 1.94977 2000 -842.299
3.91 1.94351 2000 -839.597
3.915 1.93718 2000 -836.86
3.92 1.93075 2000 -834.085
3.925 1.92424 2000 -831.273
3.93 1.91765 2000 -828.427
3.935 1.911 2000 -825.551
3.94 1.90427 2000 -822.643
3.945 1.89746 2000 -819.702
3.95 1.89058 2000 -816.732
3.955 1.88365 2000 -813.736
3.96 1.87664 2000 -810.707
3.965 1.86955 2000 -807.646
3.97 1.8624 2000 -804.555
3.975 1.85518 2000 -801.436
3.98 1.84789 2000 -798.289
3.985 1.84053 2000 -795.11
3.99 1.8331 2000 -791.898
3.995 1.82558 2000 -788.652
4 1.81799 2000 -785.37
4.005 1.8103 2000 -782.05
4.01 1.80252 2000 -778.69
4.015 1.79466 2000 -775.294
4.02 1.78671 2000 -771.858
4.025 1.77866 2000 -768.382
4.03 1.77053 2000 -764.868
4.035 1.76232 2000 -761.322
4.04 1.75404 2000 -757.743
4.045 1.74567 2000 -754.13
4.05 1.73722 2000 -750.479
4.055 1.72868 2000 -746.79
4.06 1.72006 2000 -743.067
4.065 1.71139 2000 -739.32
4.07 1.70268 2000 -735.559
4.075 1.69394 2000 -731.781
4.08 1.68513 2000 -727.977
4.085 1.67625 2000 -724.14
4.09 1.66729 2000 -720.268
4.095 1.65826 2000 -716.369
4.1 1.64919 2000 -712.45
4.105 1.64008 2000 -708.512
4.11 1.6309 2000 -704.551
4.115 1.62167 2000 -700.562
4.12 1.61239 2000 -696.551
4.125 1.60306 2000 -692.522
4.13 1.59368 2000 -688.472
4.135 1.58424 2000 -684.392
4.14 1.57473 2000 -680.282
4.145 1.56515 2000 -676.147
4.15 1.55554 2000 -671.993
4.155 1.54589 2000 -667.822
4.16 1.5362 2000 -663.637
4.165 1.52647 2000 -659.433
4.17 1.51669 2000 -655.209
4.175 1.50687 2000 -650.968
4.18 1.49701 2000 -646.709
4.185 1.4871 2000 -642.428
4.19 1.47714 2000 -638.123
4.195 1.46711 2000 -633.791
4.2 1.45702 2000 -629.432
4.205 1.44686 2000 -625.043
4.21 1.43664 2000 -620.628
4.215 1.42636 2000 -616.188
4.22 1.41604 2000 -611.73
4.225 1.40569 2000 -607.257
4.23 1.39531 2000 -602.775
4.235 1.38492 2000 -598.284
4.24 1.37449 2000 -593.78
4.245 1.36403 2000 -589.261
4.25 1.35355 2000 -584.732
4.255 1.34304 2000 -580.194
4.26 1.33251 2000 -575.645
4.265 1.32195 2000 -571.081
4.27 1.31135 2000 -566.501
4.275 1.30071 2000 -561.907
4.28 1.29005 2000 -557.304
4.285 1.27938 2000 -552.69
4.29 1.26867 2000 -548.064
4.295 1.25793 2000 -543.424
4.3 1.24716 2000 -538.772
4.305 1.23637 2000 -534.112
4.31 1.22557 2000 -529.445
4.315 1.21475 2000 -524.77
4.32 1.20389 2000 -520.082
4.325 1.19301 2000 -515.38
4.33 1.18211 2000 -510.67
4.335 1.1712 2000 -505.958
4.34 1.16029 2000 -501.245
4.345 1.14937 2000 -496.53
4.35 1.13843 2000 -491.804
4.355 1.12745 2000 -487.058
4.36 1.11642 2000 -482.294
4.365 1.10538 2000 -477.524
4.37 1.09435 2000 -472.76
4.375 1.08334 2000 -468.002
4.38 1.07232 2000 -463.243
4.385 1.0613 2000 -458.48
4.39 1.05027 2000 -453.718
4.395 1.03926 2000 -448.961
4.4 1.02825 2000 -444.204
4.405 1.01722 2000 -439.438
4.41 1.00616 2000 -434.663
4.415 0.995106 2000 -429.886
4.42 0.984066 2000 -425.116
4.425 0.973039 2000 -420.353
4.43 0.961998 2000 -415.583
4.435 0.950929 2000 -410.801
4.44 0.939849 2000 -406.015
4.445 0.928783 2000 -401.234
4.45 0.917739 2000 -396.463
4.455 0.906714 2000 -391.7
4.46 0.895696 2000 -386.941
4.465 0.884681 2000 -382.182
4.47 0.873674 2000 -377.427
4.475 0.862684 2000 -372.68
4.48 0.851708 2000 -367.938
4.485 0.840716 2000 -363.189
4.49 0.829683 2000 -358.423
4.495 0.81861 2000 -353.639
4.5 0.807522 2000 -348.849
4.505 0.796439 2000 -344.061
4.51 0.785368 2000 -339.279
4.515 0.774307 2000 -334.5
4.52 0.763253 2000 -329.725
4.525 0.752221 2000 -324.96
4.53 0.741232 2000 -320.212
4.535 0.730293 2000 -315.487
4.54 0.719393 2000 -310.778
4.545 0.70852 2000 -306.081
4.55 0.697668 2000 -301.393
4.555 0.686837 2000 -296.713
4.56 0.676027 2000 -292.044
4.565 0.665236 2000 -287.382
4.57 0.654451 2000 -282.723
4.575 0.643661 2000 -278.062
4.58 0.632875 2000 -273.402
4.585 0.622118 2000 -268.755
4.59 0.611406 2000 -264.127
4.595 0.600743 2000 -259.521
4.6 0.590128 2000 -254.935
4.605 0.579568 2000 -250.373
4.61 0.569065 2000 -245.836
4.615 0.558613 2000 -241.321
4.62 0.548203 2000 -236.824
4.625 0.537826 2000 -232.341
4.63 0.527481 2000 -227.872
4.635 0.517163 2000 -223.414
4.64 0.506865 2000 -218.966
4.645 0.4966 2000 -214.531
4.65 0.486385 2000 -210.118
4.655 0.476215 2000 -205.725
4.66 0.466069 2000 -201.342
4.665 0.455943 2000 -196.967
4.67 0.445855 2000 -192.61
4.675 0.435819 2000 -188.274
4.68 0.425844 2000 -183.965
4.685 0.415932 2000 -179.683
4.69 0.406078 2000 -175.426
4.695 0.396281 2000 -171.194
4.7 0.386552 2000 -166.991
4.705 0.376887 2000 -162.815
4.71 0.367268 2000 -158.66
4.715 0.357683 2000 -154.519
4.72 0.348129 2000 -150.392
4.725 0.338623 2000 -146.285
4.73 0.329189 2000 -142.21
4.735 0.319825 2000 -138.164
4.74 0.310507 2000 -134.139
4.745 0.301215 2000 -130.125
4.75 0.291955 2000 -126.125
4.755 0.282764 2000 -122.154
4.76 0.273662 2000 -118.222
4.765 0.264637 2000 -114.323
4.77 0.255673 2000 -110.451
4.775 0.246764 2000 -106.602
4.78 0.237906 2000 -102.775
4.785 0.229099 2000 -98.9706
4.79 0.220355 2000 -95.1936
4.795 0.211683 2000 -91.4468
4.8 0.203056 2000 -87.7201
4.805 0.194457 2000 -84.0053
4.81 0.185907 2000 -80.312
4.815 0.177437 2000 -76.6528
4.82 0.16904 2000 -73.0253
4.825 0.160693 2000 -69.4195
4.83 0.152388 2000 -65.8318
4.835 0.144125 2000 -62.2621
4.84 0.135903 2000 -58.7101
4.845 0.127732 2000 -55.1801
4.85 0.119625 2000 -51.6781
4.855 0.111576 2000 -48.2008
4.86 0.103569 2000 -44.7419
4.865 0.0956165 2000 -41.3063
4.87 0.0877433 2000 -37.9051
4.875 0.0799616 2000 -34.5434
4.88 0.0722666 2000 -31.2192
4.885 0.0646384 2000 -27.9238
4.89 0.0570576 2000 -24.6489
4.895 0.049533 2000 -21.3983
4.9 0.0420917 2000 -18.1836
4.905 0.0347386 2000 -15.0071
4.91 0.0274559 2000 -11.8609
4.915 0.0202343 2000 -8.74121
4.92 0.0130823 2000 -5.65154
4.925 0.00600471 2000 -2.59403
4.93 -0.00101152 2000 0.436979
4.935 -0.0079756 2000 3.44546
4.94 -0.0148689 2000 6.42335
4.945 -0.021664 2000 9.35886
4.95 -0.0283594 2000 12.2513
4.955 -0.0349764 2000 15.1098
4.96 -0.0415241 2000 17.9384
4.965 -0.0479858 2000 20.7298
4.97 -0.0543488 2000 23.4787
4.975 -0.0606289 2000 26.1917
4.98 -0.0668485 2000 28.8785
4.985 -0.0730078 2000 31.5394
4.99 -0.0790867 2000 34.1654
4.995 -0.0850673 2000 36.7491
5 -0.090951 2000 39.2908
5.005 -0.0967537 2000 41.7976
5.01 -0.102485 2000 44.2734
5.015 -0.108131 2000 46.7126
5.02 -0.113674 2000 49.1074
5.025 -0.119119 2000 51.4594
5.03 -0.124484 2000 53.777
5.035 -0.129779 2000 56.0645
5.04 -0.134996 2000 58.3181
5.045 -0.140119 2000 60.5314
5.05 -0.145143 2000 62.7019
5.055 -0.150074 2000 64.8319
5.06 -0.154916 2000 66.9236
5.065 -0.159666 2000 68.9759
5.07 -0.164322 2000 70.9871
5.075 -0.168881 2000 72.9568
5.08 -0.173349 2000 74.8868
5.085 -0.177734 2000 76.7812
5.09 -0.182039 2000 78.6409
5.095 -0.186255 2000 80.4623
5.1 -0.190376 2000 82.2422
5.105 -0.194403 2000 83.9819
5.11 -0.198346 2000 85.6853
5.115 -0.2022 2000 87.3503
5.12 -0.205944 2000 88.968
5.125 -0.209563 2000 90.531
5.13 -0.213057 2000 92.0407
5.135 -0.216455 2000 93.5084
5.14 -0.219783 2000 94.9462
5.145 -0.223051 2000 96.3581
5.15 -0.22625 2000 97.7402
5.155 -0.229367 2000 99.0864
5.16 -0.232394 2000 100.394
5.165 -0.235337 2000 101.666
5.17 -0.238204 2000 102.904
5.175 -0.240996 2000 104.11
5.18 -0.243704 2000 105.28
5.185 -0.246314 2000 106.408
5.19 -0.248825 2000 107.493
5.195 -0.251263 2000 108.546
5.2 -0.253661 2000 109.581
5.205 -0.256021 2000 110.601
5.21 -0.258304 2000 111.587
5.215 -0.26048 2000 112.527
5.22 -0.262559 2000 113.426
5.225 -0.264561 2000 114.29
5.23 -0.266481 2000 115.12
5.235 -0.268319 2000 115.914
5.24 -0.270087 2000 116.678
5.245 -0.27179 2000 117.413
5.25 -0.273424 2000 118.119
5.255 -0.274995 2000 118.798
5.26 -0.276506 2000 119.451
5.265 -0.277935 2000 120.068
5.27 -0.279256 2000 120.639
5.275 -0.280463 2000 121.16
5.28 -0.281562 2000 121.635
5.285 -0.282559 2000 122.065
5.29 -0.28346 2000 122.455
5.295 -0.284268 2000 122.804
5.3 -0.284979 2000 123.111
5.305 -0.285587 2000 123.374
5.31 -0.286098 2000 123.594
5.315 -0.286519 2000 123.776
5.32 -0.286849 2000 123.919
5.325 -0.287084 2000 124.02
5.33 -0.287217 2000 124.078
5.335 -0.287244 2000 124.089
5.34 -0.28716 2000 124.053
5.345 -0.286976 2000 123.973
5.35 -0.286717 2000 123.862
5.355 -0.286405 2000 123.727
5.36 -0.286032 2000 123.566
5.365 -0.285573 2000 123.368
5.37 -0.285021 2000 123.129
5.375 -0.284379 2000 122.852
5.38 -0.283642 2000 122.533
5.385 -0.282798 2000 122.169
5.39 -0.281848 2000 121.758
5.395 -0.280801 2000 121.306
5.4 -0.27967 2000 120.817
5.405 -0.278452 2000 120.291
5.41 -0.277142 2000 119.725
5.415 -0.275734 2000 119.117
5.42 -0.274224 2000 118.465
5.425 -0.272616 2000 117.77
5.43 -0.270926 2000 117.04
5.435 -0.269173 2000 116.283
5.44 -0.267364 2000 115.501
5.445 -0.265483 2000 114.689
5.45 -0.263518 2000 113.84
5.455 -0.261477 2000 112.958
5.46 -0.25937 2000 112.048
5.465 -0.257186 2000 111.104
5.47 -0.254913 2000 110.122
5.475 -0.252557 2000 109.105
5.48 -0.250138 2000 108.06
5.485 -0.247679 2000 106.997
5.49 -0.245182 2000 105.919
5.495 -0.24264 2000 104.821
5.5 -0.240051 2000 103.702
5.505 -0.237401 2000 102.557
5.51 -0.234681 2000 101.382
5.515 -0.231894 2000 100.178
5.52 -0.229032 2000 98.942
5.525 -0.226079 2000 97.6662
5.53 -0.223033 2000 96.3504
5.535 -0.219909 2000 95.0007
5.54 -0.216719 2000 93.6225
5.545 -0.213468 2000 92.218
5.55 -0.210149 2000 90.7843
5.555 -0.206748 2000 89.3149
5.56 -0.203252 2000 87.805
5.565 -0.199665 2000 86.2554
5.57 -0.195994 2000 84.6693
5.575 -0.192243 2000 83.049
5.58 -0.188426 2000 81.4002
5.585 -0.184564 2000 79.7319
5.59 -0.180657 2000 78.0439
5.595 -0.176683 2000 76.3271
5.6 -0.172635 2000 74.5782
5.605 -0.168529 2000 72.8045
5.61 -0.164383 2000 71.0133
5.615 -0.160192 2000 69.2031
5.62 -0.155941 2000 67.3667
5.625 -0.151615 2000 65.4975
5.63 -0.147211 2000 63.595
5.635 -0.142741 2000 61.664
5.64 -0.13821 2000 59.7067
5.645 -0.133609 2000 57.7193
5.65 -0.128933 2000 55.6989
5.655 -0.124185 2000 53.648
5.66 -0.119371 2000 51.5685
5.665 -0.114491 2000 49.4603
5.67 -0.109553 2000 47.3269
5.675 -0.104564 2000 45.1717
5.68 -0.0995144 2000 42.9902
5.685 -0.0943875 2000 40.7754
5.69 -0.0891869 2000 38.5288
5.695 -0.0839327 2000 36.2589
5.7 -0.0786447 2000 33.9745
5.705 -0.0733353 2000 31.6809
5.71 -0.0680055 2000 29.3784
5.715 -0.062642 2000 27.0614
5.72 -0.0572224 2000 24.7201
5.725 -0.0517281 2000 22.3466
5.73 -0.046159 2000 19.9407
5.735 -0.0405302 2000 17.5091
5.74 -0.0348554 2000 15.0575
5.745 -0.0291352 2000 12.5864
5.75 -0.0233681 2000 10.095
5.755 -0.017562 2000 7.58679
5.76 -0.0117277 2000 5.06637
5.765 -0.0058697 2000 2.53571
5.77 1.81873e-05 2000 -0.00785692
5.775 0.00595347 2000 -2.5719
5.78 0.0119478 2000 -5.16144
5.785 0.0179941 2000 -7.77344
5.79 0.0240815 2000 -10.4032
5.795 0.0302137 2000 -13.0523
5.8 0.0363995 2000 -15.7246
5.805 0.0426379 2000 -18.4196
5.81 0.0489215 2000 -21.1341
5.815 0.0552358 2000 -23.8619
5.82 0.0615529 2000 -26.5909
5.825 0.0678515 2000 -29.3118
5.83 0.0741377 2000 -32.0275
5.835 0.080429 2000 -34.7453
5.84 0.086735 2000 -37.4695
5.845 0.0930631 2000 -40.2032
5.85 0.0994167 2000 -42.948
5.855 0.105796 2000 -45.7038
5.86 0.112202 2000 -48.4713
5.865 0.118633 2000 -51.2493
5.87 0.125077 2000 -54.0332
5.875 0.131527 2000 -56.8199
5.88 0.137986 2000 -59.6098
5.885 0.144452 2000 -62.4032
5.89 0.150932 2000 -65.2028
5.895 0.15744 2000 -68.0141
5.9 0.163975 2000 -70.837
5.905 0.170519 2000 -73.6641
5.91 0.177061 2000 -76.4902
5.915 0.183608 2000 -79.3187
5.92 0.190182 2000 -82.1586
5.925 0.196794 2000 -85.0152
5.93 0.203439 2000 -87.8857
5.935 0.2101 2000 -90.7632
5.94 0.21677 2000 -93.6446
5.945 0.223456 2000 -96.5329
5.95 0.230168 2000 -99.4327
5.955 0.236909 2000 -102.345
5.96 0.243673 2000 -105.267
5.965 0.250451 2000 -108.195
5.97 0.257235 2000 -111.125
5.975 0.264025 2000 -114.059
5.98 0.270835 2000 -117.001
5.985 0.277677 2000 -119.956
5.99 0.28455 2000 -122.925
5.995 0.291442 2000 -125.903
6 0.298342 2000 -128.884
6.005 0.305241 2000 -131.864
6.01 0.312144 2000 -134.846
6.015 0.319059 2000 -137.833
6.02 0.325985 2000 -140.826
6.025 0.33292 2000 -143.821
6.03 0.339857 2000 -146.818
6.035 0.346797 2000 -149.816
6.04 0.353749 2000 -152.819
6.045 0.360722 2000 -155.832
6.05 0.367724 2000 -158.857
6.055 0.37476 2000 -161.896
6.06 0.381821 2000 -164.947
6.065 0.388883 2000 -167.997
6.07 0.395923 2000 -171.039
6.075 0.402938 2000 -174.069
6.08 0.409925 2000 -177.088
6.085 0.416867 2000 -180.087
6.09 0.423763 2000 -183.066
6.095 0.430629 2000 -186.032
6.1 0.437473 2000 -188.988
6.105 0.444305 2000 -191.94
6.11 0.451137 2000 -194.891
6.115 0.457971 2000 -197.844
6.12 0.464794 2000 -200.791
6.125 0.471599 2000 -203.731
6.13 0.478397 2000 -206.668
6.135 0.485199 2000 -209.606
6.14 0.492003 2000 -212.545
6.145 0.498807 2000 -215.484
6.15 0.505605 2000 -218.421
6.155 0.512386 2000 -221.351
6.16 0.519143 2000 -224.27
6.165 0.525877 2000 -227.179
6.17 0.532579 2000 -230.074
6.175 0.539232 2000 -232.948
6.18 0.545825 2000 -235.797
6.185 0.552388 2000 -238.632
6.19 0.558948 2000 -241.466
6.195 0.5655 2000 -244.296
6.2 0.572012 2000 -247.109
6.205 0.578467 2000 -249.898
6.21 0.584882 2000 -252.669
6.215 0.591275 2000 -255.431
6.22 0.597641 2000 -258.181
6.225 0.603967 2000 -260.914
6.23 0.61026 2000 -263.632
6.235 0.616534 2000 -266.343
6.24 0.622786 2000 -269.043
6.245 0.629002 2000 -271.729
6.25 0.635188 2000 -274.401
6.255 0.641355 2000 -277.065
6.26 0.647503 2000 -279.721
6.265 0.653611 2000 -282.36
6.27 0.659658 2000 -284.972
6.275 0.665641 2000 -287.557
6.28 0.671581 2000 -290.123
6.285 0.677494 2000 -292.677
6.29 0.68337 2000 -295.216
6.295 0.689178 2000 -297.725
6.3 0.694893 2000 -300.194
6.305 0.700529 2000 -302.629
6.31 0.706123 2000 -305.045
6.315 0.711698 2000 -307.453
6.32 0.717249 2000 -309.851
6.325 0.722774 2000 -312.238
6.33 0.728277 2000 -314.616
6.335 0.733753 2000 -316.981
6.34 0.739186 2000 -319.328
6.345 0.74456 2000 -321.65
6.35 0.74988 2000 -323.948
6.355 0.755168 2000 -326.233
6.36 0.760434 2000 -328.507
6.365 0.765667 2000 -330.768
6.37 0.770863 2000 -333.013
6.375 0.776026 2000 -335.243
6.38 0.781159 2000 -337.461
6.385 0.786271 2000 -339.669
6.39 0.791362 2000 -341.868
6.395 0.796411 2000 -344.05
6.4 0.801395 2000 -346.203
6.405 0.806311 2000 -348.326
6.41 0.811166 2000 -350.424
6.415 0.815965 2000 -352.497
6.42 0.820712 2000 -354.548
6.425 0.825412 2000 -356.578
6.43 0.830067 2000 -358.589
6.435 0.834675 2000 -360.58
6.44 0.839229 2000 -362.547
6.445 0.843728 2000 -364.49
6.45 0.848177 2000 -366.413
6.455 0.852589 2000 -368.319
6.46 0.856969 2000 -370.211
6.465 0.861305 2000 -372.084
6.47 0.865583 2000 -373.932
6.475 0.869806 2000 -375.756
6.48 0.873983 2000 -377.561
6.485 0.878112 2000 -379.344
6.49 0.882187 2000 -381.105
6.495 0.886201 2000 -382.839
6.5 0.89015 2000 -384.545
6.505 0.894029 2000 -386.22
6.51 0.897833 2000 -387.864
6.515 0.901562 2000 -389.475
6.52 0.905219 2000 -391.055
6.525 0.908816 2000 -392.608
6.53 0.912371 2000 -394.144
6.535 0.915897 2000 -395.667
6.54 0.919389 2000 -397.176
6.545 0.922823 2000 -398.659
6.55 0.92617 2000 -400.105
6.555 0.929418 2000 -401.508
6.56 0.932571 2000 -402.871
6.565 0.935643 2000 -404.198
6.57 0.938641 2000 -405.493
6.575 0.941574 2000 -406.76
6.58 0.944454 2000 -408.004
6.585 0.94728 2000 -409.225
6.59 0.95003 2000 -410.413
6.595 0.952685 2000 -411.56
6.6 0.955259 2000 -412.672
6.605 0.957782 2000 -413.762
6.61 0.960265 2000 -414.835
6.615 0.962694 2000 -415.884
6.62 0.965054 2000 -416.903
6.625 0.967344 2000 -417.893
6.63 0.969574 2000 -418.856
6.635 0.97175 2000 -419.796
6.64 0.973888 2000 -420.719
6.645 0.975997 2000 -421.631
6.65 0.978066 2000 -422.525
6.655 0.98008 2000 -423.395
6.66 0.98204 2000 -424.241
6.665 0.983951 2000 -425.067
6.67 0.985811 2000 -425.87
6.675 0.987602 2000 -426.644
6.68 0.989305 2000 -427.38
6.685 0.990926 2000 -428.08
6.69 0.992485 2000 -428.754
6.695 0.993978 2000 -429.399
6.7 0.995374 2000 -430.002
6.705 0.996669 2000 -430.561
6.71 0.997893 2000 -431.09
6.715 0.99907 2000 -431.598
6.72 1.0002 2000 -432.087
6.725 1.00128 2000 -432.553
6.73 1.00231 2000 -432.999
6.735 1.00329 2000 -433.423
6.74 1.00421 2000 -433.818
6.745 1.00503 2000 -434.175
6.75 1.00577 2000 -434.492
6.755 1.00643 2000 -434.779
6.76 1.00705 2000 -435.046
6.765 1.00761 2000 -435.288
6.77 1.00808 2000 -435.491
6.775 1.00845 2000 -435.65
6.78 1.00873 2000 -435.771
6.785 1.00894 2000 -435.861
6.79 1.00909 2000 -435.925
6.795 1.00918 2000 -435.965
6.8 1.0092 2000 -435.974
6.805 1.00911 2000 -435.937
6.81 1.0089 2000 -435.845
6.815 1.00858 2000 -435.708
6.82 1.00819 2000 -435.539
6.825 1.00775 2000 -435.346
6.83 1.00723 2000 -435.122
6.835 1.00663 2000 -434.863
6.84 1.00596 2000 -434.573
6.845 1.00522 2000 -434.254
6.85 1.0044 2000 -433.901
6.855 1.00352 2000 -433.52
6.86 1.00259 2000 -433.12
6.865 1.00163 2000 -432.703
6.87 1.00059 2000 -432.256
6.875 0.999463 2000 -431.768
6.88 0.998242 2000 -431.241
6.885 0.996952 2000 -430.683
6.89 0.99561 2000 -430.104
6.895 0.994213 2000 -429.5
6.9 0.992731 2000 -428.86
6.905 0.991148 2000 -428.176
6.91 0.989477 2000 -427.454
6.915 0.987741 2000 -426.704
6.92 0.985942 2000 -425.927
6.925 0.984067 2000 -425.117
6.93 0.982108 2000 -424.271
6.935 0.980063 2000 -423.387
6.94 0.977933 2000 -422.467
6.945 0.97572 2000 -421.511
6.95 0.973429 2000 -420.521
6.955 0.971071 2000 -419.503
6.96 0.96864 2000 -418.452
6.965 0.966116 2000 -417.362
6.97 0.963487 2000 -416.226
6.975 0.960764 2000 -415.05
6.98 0.957961 2000 -413.839
6.985 0.955072 2000 -412.591
6.99 0.952094 2000 -411.304
6.995 0.94903 2000 -409.981
7 0.945876 2000 -408.619
7.005 0.942627 2000 -407.215
7.01 0.939291 2000 -405.774
7.015 0.935884 2000 -404.302
7.02 0.932417 2000 -402.804
7.025 0.928885 2000 -401.278
7.03 0.925277 2000 -399.72
7.035 0.921582 2000 -398.124
7.04 0.917807 2000 -396.492
7.045 0.913964 2000 -394.833
7.05 0.910065 2000 -393.148
7.055 0.906104 2000 -391.437
7.06 0.902067 2000 -389.693
7.065 0.897943 2000 -387.911
7.07 0.893737 2000 -386.094
7.075 0.889463 2000 -384.248
7.08 0.885139 2000 -382.38
7.085 0.880763 2000 -380.49
7.09 0.876311 2000 -378.566
7.095 0.871768 2000 -376.604
7.1 0.867147 2000 -374.608
7.105 0.862478 2000 -372.59
7.11 0.857775 2000 -370.559
7.115 0.85304 2000 -368.513
7.12 0.848271 2000 -366.453
7.125 0.843463 2000 -364.376
7.13 0.838611 2000 -362.28
7.135 0.833702 2000 -360.159
7.14 0.828719 2000 -358.007
7.145 0.823666 2000 -355.824
7.15 0.818565 2000 -353.62
7.155 0.813434 2000 -351.404
7.16 0.808266 2000 -349.171
7.165 0.80304 2000 -346.913
7.17 0.797752 2000 -344.629
7.175 0.792403 2000 -342.318
7.18 0.786991 2000 -339.98
7.185 0.781508 2000 -337.612
7.19 0.775956 2000 -335.213
7.195 0.77034 2000 -332.787
7.2 0.764669 2000 -330.337
7.205 0.758944 2000 -327.864
7.21 0.753156 2000 -325.363
7.215 0.747302 2000 -322.835
7.22 0.741386 2000 -320.279
7.225 0.735409 2000 -317.697
7.23 0.729376 2000 -315.09
7.235 0.723302 2000 -312.466
7.24 0.717205 2000 -309.832
7.245 0.711096 2000 -307.193
7.25 0.704977 2000 -304.55
7.255 0.698834 2000 -301.896
7.26 0.692653 2000 -299.226
7.265 0.686429 2000 -296.537
7.27 0.680162 2000 -293.83
7.275 0.67384 2000 -291.099
7.28 0.667449 2000 -288.338
7.285 0.660991 2000 -285.548
7.29 0.654484 2000 -282.737
7.295 0.647946 2000 -279.913
7.3 0.641385 2000 -277.078
7.305 0.634798 2000 -274.233
7.31 0.628174 2000 -271.371
7.315 0.621508 2000 -268.491
7.32 0.614797 2000 -265.592
7.325 0.608042 2000 -262.674
7.33 0.601245 2000 -259.738
7.335 0.594415 2000 -256.787
7.34 0.587556 2000 -253.824
7.345 0.580647 2000 -250.84
7.35 0.573666 2000 -247.824
7.355 0.566608 2000 -244.775
7.36 0.559488 2000 -241.699
7.365 0.552322 2000 -238.603
7.37 0.545119 2000 -235.491
7.375 0.537887 2000 -232.367
7.38 0.530629 2000 -229.232
7.385 0.523344 2000 -226.085
7.39 0.516023 2000 -222.922
7.395 0.508666 2000 -219.744
7.4 0.501282 2000 -216.554
7.405 0.493885 2000 -213.359
7.41 0.486485 2000 -210.161
7.415 0.479078 2000 -206.962
7.42 0.471654 2000 -203.754
7.425 0.464201 2000 -200.535
7.43 0.45672 2000 -197.303
7.435 0.449215 2000 -194.061
7.44 0.441692 2000 -190.811
7.445 0.43416 2000 -187.557
7.45 0.426609 2000 -184.295
7.455 0.419018 2000 -181.016
7.46 0.411381 2000 -177.717
7.465 0.403715 2000 -174.405
7.47 0.396026 2000 -171.083
7.475 0.388301 2000 -167.746
7.48 0.380531 2000 -164.389
7.485 0.372727 2000 -161.018
7.49 0.364891 2000 -157.633
7.495 0.357011 2000 -154.229
7.5 0.349081 2000 -150.803
7.505 0.341115 2000 -147.362
7.51 0.33314 2000 -143.916
7.515 0.325166 2000 -140.472
7.52 0.31719 2000 -137.026
7.525 0.309203 2000 -133.576
7.53 0.301209 2000 -130.122
7.535 0.293214 2000 -126.668
7.54 0.285215 2000 -123.213
7.545 0.277186 2000 -119.744
7.55 0.26912 2000 -116.26
7.555 0.261041 2000 -112.77
7.56 0.252965 2000 -109.281
7.565 0.244886 2000 -105.791
7.57 0.236801 2000 -102.298
7.575 0.228718 2000 -98.806
7.58 0.220626 2000 -95.3106
7.585 0.212501 2000 -91.8005
7.59 0.204328 2000 -88.2696
7.595 0.196127 2000 -84.7268
7.6 0.187927 2000 -81.1844
7.605 0.179738 2000 -77.6467
7.61 0.171553 2000 -74.1108
7.615 0.163358 2000 -70.5706
7.62 0.155145 2000 -67.0226
7.625 0.146924 2000 -63.4712
7.63 0.138718 2000 -59.9263
7.635 0.130546 2000 -56.3959
7.64 0.122409 2000 -52.8808
7.645 0.11429 2000 -49.3733
7.65 0.106171 2000 -45.866
7.655 0.0980476 2000 -42.3565
7.66 0.0899147 2000 -38.8431
7.665 0.0817661 2000 -35.3229
7.67 0.0736036 2000 -31.7968
7.675 0.0654427 2000 -28.2713
7.68 0.0572943 2000 -24.7511
7.685 0.0491472 2000 -21.2316
7.69 0.0409826 2000 -17.7045
7.695 0.0327989 2000 -14.1691
7.7 0.0246115 2000 -10.6322
7.705 0.0164344 2000 -7.09965
7.71 0.00826862 2000 -3.57204
7.715 0.000111238 2000 -0.0480548
7.72 -0.00803509 2000 3.47116
7.725 -0.0161686 2000 6.98485
7.73 -0.0242922 2000 10.4942
7.735 -0.0324086 2000 14.0005
7.74 -0.0405186 2000 17.5041
7.745 -0.0486172 2000 21.0026
7.75 -0.0566894 2000 24.4898
7.755 -0.0647271 2000 27.9621
7.76 -0.0727448 2000 31.4258
7.765 -0.0807625 2000 34.8894
7.77 -0.0887852 2000 38.3552
7.775 -0.0968068 2000 41.8205
7.78 -0.104823 2000 45.2835
7.785 -0.11284 2000 48.747
7.79 -0.120868 2000 52.2149
7.795 -0.128904 2000 55.6865
7.8 -0.136938 2000 59.157
7.805 -0.144953 2000 62.6197
7.81 -0.152937 2000 66.0689
7.815 -0.160889 2000 69.5041
7.82 -0.168816 2000 72.9284
7.825 -0.17672 2000 76.3431
7.83 -0.184599 2000 79.7467
7.835 -0.192451 2000 83.139
7.84 -0.20028 2000 86.5211
7.845 -0.208086 2000 89.8933
7.85 -0.215872 2000 93.2567
7.855 -0.223649 2000 96.6166
7.86 -0.231428 2000 99.9768
7.865 -0.239199 2000 103.334
7.87 -0.246947 2000 106.681
7.875 -0.254656 2000 110.011
7.88 -0.262328 2000 113.326
7.885 -0.269992 2000 116.636
7.89 -0.277671 2000 119.954
7.895 -0.285359 2000 123.275
7.9 -0.293028 2000 126.588
7.905 -0.300676 2000 129.892
7.91 -0.308313 2000 133.191
7.915 -0.315932 2000 136.483
7.92 -0.323517 2000 139.759
7.925 -0.331061 2000 143.018
7.93 -0.338579 2000 146.266
7.935 -0.346094 2000 149.513
7.94 -0.353618 2000 152.763
7.945 -0.361143 2000 156.014
7.95 -0.368656 2000 159.259
7.955 -0.37614 2000 162.492
7.96 -0.383589 2000 165.71
7.965 -0.390999 2000 168.912
7.97 -0.398374 2000 172.098
7.975 -0.40572 2000 175.271
7.98 -0.413039 2000 178.433
7.985 -0.420327 2000 181.581
7.99 -0.427584 2000 184.716
7.995 -0.434831 2000 187.847
8 -0.442085 2000 190.981
8.005 -0.44934 2000 194.115
8.01 -0.456571 2000 197.239
8.015 -0.463752 2000 200.341
8.02 -0.470865 2000 203.414
8.025 -0.477916 2000 206.46
8.03 -0.48494 2000 209.494
8.035 -0.491973 2000 212.532
8.04 -0.499018 2000 215.576
8.045 -0.50605 2000 218.613
8.05 -0.513041 2000 221.634
8.055 -0.519984 2000 224.633
8.06 -0.526881 2000 227.613
8.065 -0.53374 2000 230.576
8.07 -0.540561 2000 233.522
8.075 -0.547326 2000 236.445
8.08 -0.554019 2000 239.336
8.085 -0.560636 2000 242.195
8.09 -0.567179 2000 245.021
8.095 -0.573655 2000 247.819
8.1 -0.580079 2000 250.594
8.105 -0.586455 2000 253.349
8.11 -0.592766 2000 256.075
8.115 -0.598998 2000 258.767
8.12 -0.605154 2000 261.427
8.125 -0.611249 2000 264.059
8.13 -0.61729 2000 266.669
8.135 -0.623277 2000 269.256
8.14 -0.629209 2000 271.818
8.145 -0.635085 2000 274.357
8.15 -0.640907 2000 276.872
8.155 -0.646679 2000 279.365
8.16 -0.652409 2000 281.841
8.165 -0.658103 2000 284.301
8.17 -0.66376 2000 286.744
8.175 -0.669377 2000 289.171
8.18 -0.674956 2000 291.581
8.185 -0.680488 2000 293.971
8.19 -0.685955 2000 296.332
8.195 -0.691366 2000 298.67
8.2 -0.69675 2000 300.996
8.205 -0.702122 2000 303.317
8.21 -0.707464 2000 305.625
8.215 -0.712746 2000 307.906
8.22 -0.717953 2000 310.156
8.225 -0.723081 2000 312.371
8.23 -0.728133 2000 314.553
8.235 -0.733117 2000 316.707
8.24 -0.738047 2000 318.836
8.245 -0.742924 2000 320.943
8.25 -0.747736 2000 323.022
8.255 -0.752492 2000 325.077
8.26 -0.757223 2000 327.12
8.265 -0.761942 2000 329.159
8.27 -0.766624 2000 331.181
8.275 -0.771239 2000 333.175
8.28 -0.77578 2000 335.137
8.285 -0.780251 2000 337.068
8.29 -0.78466 2000 338.973
8.295 -0.789009 2000 340.852
8.3 -0.793303 2000 342.707
8.305 -0.797549 2000 344.541
8.31 -0.80174 2000 346.352
8.315 -0.805859 2000 348.131
8.32 -0.809904 2000 349.879
8.325 -0.813886 2000 351.599
8.33 -0.817806 2000 353.292
8.335 -0.821653 2000 354.954
8.34 -0.825416 2000 356.58
8.345 -0.829095 2000 358.169
8.35 -0.832698 2000 359.726
8.355 -0.836231 2000 361.252
8.36 -0.839695 2000 362.748
8.365 -0.843089 2000 364.214
8.37 -0.846421 2000 365.654
8.375 -0.849696 2000 367.069
8.38 -0.852907 2000 368.456
8.385 -0.856041 2000 369.81
8.39 -0.859098 2000 371.13
8.395 -0.862098 2000 372.426
8.4 -0.865054 2000 373.703
8.405 -0.867961 2000 374.959
8.41 -0.870804 2000 376.187
8.415 -0.873574 2000 377.384
8.42 -0.876282 2000 378.554
8.425 -0.878939 2000 379.701
8.43 -0.881543 2000 380.826
8.435 -0.884075 2000 381.92
8.44 -0.886524 2000 382.978
8.445 -0.888898 2000 384.004
8.45 -0.891212 2000 385.004
8.455 -0.893478 2000 385.983
8.46 -0.895707 2000 386.945
8.465 -0.89789 2000 387.888
8.47 -0.900008 2000 388.803
8.475 -0.902043 2000 389.683
8.48 -0.904003 2000 390.53
8.485 -0.905911 2000 391.354
8.49 -0.907766 2000 392.155
8.495 -0.909547 2000 392.924
8.5 -0.911253 2000 393.661
8.505 -0.912898 2000 394.372
8.51 -0.914477 2000 395.054
8.515 -0.915965 2000 395.697
8.52 -0.917359 2000 396.299
8.525 -0.918669 2000 396.865
8.53 -0.919897 2000 397.395
8.535 -0.92104 2000 397.889
8.54 -0.922111 2000 398.352
8.545 -0.923135 2000 398.794
8.55 -0.924117 2000 399.218
8.555 -0.925053 2000 399.623
8.56 -0.925953 2000 400.012
8.565 -0.926822 2000 400.387
8.57 -0.927634 2000 400.738
8.575 -0.928356 2000 401.05
8.58 -0.928981 2000 401.32
8.585 -0.929506 2000 401.547
8.59 -0.929934 2000 401.731
8.595 -0.930282 2000 401.882
8.6 -0.930577 2000 402.009
8.605 -0.930819 2000 402.114
8.61 -0.930989 2000 402.187
8.615 -0.931073 2000 402.224
8.62 -0.931084 2000 402.228
8.625 -0.931042 2000 402.21
8.63 -0.930949 2000 402.17
8.635 -0.930793 2000 402.103
8.64 -0.930563 2000 402.003
8.645 -0.930261 2000 401.873
8.65 -0.929894 2000 401.714
8.655 -0.929469 2000 401.53
8.66 -0.928995 2000 401.326
8.665 -0.928484 2000 401.105
8.67 -0.927936 2000 400.868
8.675 -0.92734 2000 400.611
8.68 -0.92668 2000 400.326
8.685 -0.92594 2000 400.006
8.69 -0.925115 2000 399.65
8.695 -0.924221 2000 399.264
8.7 -0.923278 2000 398.856
8.705 -0.92229 2000 398.429
8.71 -0.921247 2000 397.979
8.715 -0.920146 2000 397.503
8.72 -0.918992 2000 397.005
8.725 -0.917774 2000 396.479
8.73 -0.91647 2000 395.915
8.735 -0.915074 2000 395.312
8.74 -0.913606 2000 394.678
8.745 -0.912086 2000 394.021
8.75 -0.910523 2000 393.346
8.755 -0.908905 2000 392.647
8.76 -0.907214 2000 391.916
8.765 -0.905456 2000 391.157
8.77 -0.90366 2000 390.381
8.775 -0.901828 2000 389.59
8.78 -0.899937 2000 388.773
8.785 -0.897979 2000 387.927
8.79 -0.895964 2000 387.056
8.795 -0.893891 2000 386.161
8.8 -0.891762 2000 385.241
8.805 -0.88959 2000 384.303
8.81 -0.887385 2000 383.35
8.815 -0.885143 2000 382.382
8.82 -0.882848 2000 381.39
8.825 -0.880494 2000 380.373
8.83 -0.878088 2000 379.334
8.835 -0.875635 2000 378.274
8.84 -0.873133 2000 377.193
8.845 -0.870582 2000 376.091
8.85 -0.867974 2000 374.965
8.855 -0.865304 2000 373.811
8.86 -0.86258 2000 372.635
8.865 -0.859824 2000 371.444
8.87 -0.857039 2000 370.241
8.875 -0.854209 2000 369.018
8.88 -0.851312 2000 367.767
8.885 -0.84834 2000 366.483
8.89 -0.8453 2000 365.17
8.895 -0.842208 2000 363.834
8.9 -0.839079 2000 362.482
8.905 -0.835919 2000 361.117
8.91 -0.832722 2000 359.736
8.915 -0.829474 2000 358.333
8.92 -0.826161 2000 356.901
8.925 -0.822786 2000 355.444
8.93 -0.819358 2000 353.963
8.935 -0.815873 2000 352.457
8.94 -0.812321 2000 350.923
8.945 -0.808697 2000 349.357
8.95 -0.805004 2000 347.762
8.955 -0.801249 2000 346.139
8.96 -0.797439 2000 344.494
8.965 -0.793584 2000 342.828
8.97 -0.789687 2000 341.145
8.975 -0.785746 2000 339.442
8.98 -0.781761 2000 337.721
8.985 -0.777736 2000 335.982
8.99 -0.773673 2000 334.227
8.995 -0.769582 2000 332.459
9 -0.765477 2000 330.686
9.005 -0.761363 2000 328.909
9.01 -0.75722 2000 327.119
9.015 -0.753013 2000 325.302
9.02 -0.748731 2000 323.452
9.025 -0.744393 2000 321.578
9.03 -0.740026 2000 319.691
9.035 -0.735627 2000 317.791
9.04 -0.731183 2000 315.871
9.045 -0.726682 2000 313.927
9.05 -0.722131 2000 311.961
9.055 -0.71754 2000 309.977
9.06 -0.712911 2000 307.978
9.065 -0.708238 2000 305.959
9.07 -0.703522 2000 303.922
9.075 -0.698771 2000 301.869
9.08 -0.693987 2000 299.802
9.085 -0.689162 2000 297.718
9.09 -0.6843 2000 295.618
9.095 -0.679412 2000 293.506
9.1 -0.6745 2000 291.384
9.105 -0.669556 2000 289.248
9.11 -0.664585 2000 287.101
9.115 -0.659591 2000 284.943
9.12 -0.654577 2000 282.777
9.125 -0.649539 2000 280.601
9.13 -0.644475 2000 278.413
9.135 -0.639392 2000 276.217
9.14 -0.634286 2000 274.011
9.145 -0.629147 2000 271.792
9.15 -0.623971 2000 269.556
9.155 -0.61876 2000 267.304
9.16 -0.613514 2000 265.038
9.165 -0.608237 2000 262.759
9.17 -0.602932 2000 260.467
9.175 -0.597592 2000 258.16
9.18 -0.592211 2000 255.835
9.185 -0.586796 2000 253.496
9.19 -0.581355 2000 251.145
9.195 -0.575895 2000 248.787
9.2 -0.570417 2000 246.42
9.205 -0.564916 2000 244.044
9.21 -0.559389 2000 241.656
9.215 -0.553841 2000 239.259
9.22 -0.548271 2000 236.853
9.225 -0.542668 2000 234.432
9.23 -0.537024 2000 231.994
9.235 -0.531347 2000 229.542
9.24 -0.525654 2000 227.083
9.245 -0.519948 2000 224.618
9.25 -0.514218 2000 222.142
9.255 -0.508455 2000 219.652
9.26 -0.502666 2000 217.152
9.265 -0.496867 2000 214.647
9.27 -0.491072 2000 212.143
9.275 -0.485291 2000 209.646
9.28 -0.479524 2000 207.154
9.285 -0.473752 2000 204.661
9.29 -0.467962 2000 202.159
9.295 -0.462153 2000 199.65
9.3 -0.456334 2000 197.136
9.305 -0.450502 2000 194.617
9.31 -0.444641 2000 192.085
9.315 -0.438743 2000 189.537
9.32 -0.432814 2000 186.976
9.325 -0.426864 2000 184.405
9.33 -0.420906 2000 181.831
9.335 -0.414949 2000 179.258
9.34 -0.408994 2000 176.685
9.345 -0.403032 2000 174.11
9.35 -0.397043 2000 171.523
9.355 -0.391019 2000 168.92
9.36 -0.384967 2000 166.306
9.365 -0.378895 2000 163.683
9.37 -0.372804 2000 161.051
9.375 -0.366703 2000 158.416
9.38 -0.360608 2000 155.783
9.385 -0.354527 2000 153.156
9.39 -0.348451 2000 150.531
9.395 -0.342367 2000 147.902
9.4 -0.336267 2000 145.267
9.405 -0.330152 2000 142.626
9.41 -0.324029 2000 139.981
9.415 -0.317919 2000 137.341
9.42 -0.311838 2000 134.714
9.425 -0.305773 2000 132.094
9.43 -0.299704 2000 129.472
9.435 -0.293634 2000 126.85
9.44 -0.287575 2000 124.233
9.445 -0.281515 2000 121.614
9.45 -0.275428 2000 118.985
9.455 -0.269317 2000 116.345
9.46 -0.263211 2000 113.707
9.465 -0.257128 2000 111.079
9.47 -0.25105 2000 108.454
9.475 -0.244955 2000 105.821
9.48 -0.23884 2000 103.179
9.485 -0.232732 2000 100.54
9.49 -0.226666 2000 97.9196
9.495 -0.220653 2000 95.3222
9.5 -0.21467 2000 92.7376
9.505 -0.208679 2000 90.1493
9.51 -0.202662 2000 87.55
9.515 -0.196632 2000 84.9452
9.52 -0.190607 2000 82.3422
9.525 -0.184587 2000 79.7418
9.53 -0.178573 2000 77.1435
9.535 -0.172566 2000 74.5485
9.54 -0.166564 2000 71.9555
9.545 -0.16056 2000 69.3621
9.55 -0.154556 2000 66.7681
9.555 -0.148556 2000 64.176
9.56 -0.142569 2000 61.5897
9.565 -0.136608 2000 59.0145
9.57 -0.13068 2000 56.4537
9.575 -0.124773 2000 53.9017
9.58 -0.118865 2000 51.3496
9.585 -0.112951 2000 48.7949
9.59 -0.107038 2000 46.2404
9.595 -0.101131 2000 43.6885
9.6 -0.0952346 2000 41.1413
9.605 -0.089357 2000 38.6022
9.61 -0.0835074 2000 36.0752
9.615 -0.0776912 2000 33.5626
9.62 -0.0719044 2000 31.0627
9.625 -0.0661375 2000 28.5714
9.63 -0.060386 2000 26.0868
9.635 -0.0546594 2000 23.6129
9.64 -0.0489737 2000 21.1566
9.645 -0.0433349 2000 18.7207
9.65 -0.0377359 2000 16.3019
9.655 -0.0321604 2000 13.8933
9.66 -0.0265885 2000 11.4862
9.665 -0.021013 2000 9.07763
9.67 -0.0154533 2000 6.67583
9.675 -0.00994132 2000 4.29465
9.68 -0.00448685 2000 1.93832
9.685 0.000926768 2000 -0.400364
9.69 0.00630904 2000 -2.72551
9.695 0.011656 2000 -5.03541
9.7 0.0169683 2000 -7.33031
9.705 0.0222487 2000 -9.61145
9.71 0.0275035 2000 -11.8815
9.715 0.0327447 2000 -14.1457
9.72 0.0379769 2000 -16.406
9.725 0.0431911 2000 -18.6586
9.73 0.0483713 2000 -20.8964
9.735 0.0535065 2000 -23.1148
9.74 0.0585988 2000 -25.3147
9.745 0.0636561 2000 -27.4994
9.75 0.0686874 2000 -29.673
9.755 0.0736979 2000 -31.8375
9.76 0.078679 2000 -33.9893
9.765 0.0836077 2000 -36.1185
9.77 0.0884662 2000 -38.2174
9.775 0.0932609 2000 -40.2887
9.78 0.0980064 2000 -42.3388
9.785 0.102699 2000 -44.3659
9.79 0.107322 2000 -46.3633
9.795 0.111869 2000 -48.3274
9.8 0.116335 2000 -50.2569
9.805 0.120731 2000 -52.1558
9.81 0.125088 2000 -54.0381
9.815 0.129436 2000 -55.9165
9.82 0.133765 2000 -57.7863
9.825 0.138032 2000 -59.6299
9.83 0.142215 2000 -61.4368
9.835 0.146324 2000 -63.2121
9.84 0.150393 2000 -64.9697
9.845 0.15444 2000 -66.7182
9.85 0.158455 2000 -68.4527
9.855 0.162406 2000 -70.1594
9.86 0.16628 2000 -71.833
9.865 0.170092 2000 -73.4799
9.87 0.173857 2000 -75.1064
9.875 0.177572 2000 -76.7113
9.88 0.181229 2000 -78.2909
9.885 0.184822 2000 -79.843
9.89 0.188346 2000 -81.3657
9.895 0.191806 2000 -82.8602
9.9 0.19521 2000 -84.3305
9.905 0.198557 2000 -85.7767
9.91 0.201836 2000 -87.1932
9.915 0.20504 2000 -88.5772
9.92 0.20818 2000 -89.9336
9.925 0.211277 2000 -91.2716
9.93 0.214348 2000 -92.5985
9.935 0.217399 2000 -93.9162
9.94 0.220413 2000 -95.2183
9.945 0.223362 2000 -96.4926
9.95 0.226227 2000 -97.73
9.955 0.229007 2000 -98.9308
9.96 0.231711 2000 -100.099
9.965 0.234342 2000 -101.236
9.97 0.236899 2000 -102.34
9.975 0.239386 2000 -103.415
9.98 0.241811 2000 -104.462
9.985 0.244176 2000 -105.484
9.99 0.246488 2000 -106.483
9.995 0.248742 2000 -107.456
10 0.250918 2000 -108.397
10.005 0.253015 2000 -109.303
10.01 0.255049 2000 -110.181
10.015 0.257029 2000 -111.037
10.02 0.258951 2000 -111.867
10.025 0.260803 2000 -112.667
10.03 0.26258 2000 -113.434
10.035 0.264283 2000 -114.17
10.04 0.265923 2000 -114.879
10.045 0.267502 2000 -115.561
10.05 0.269012 2000 -116.213
10.055 0.270447 2000 -116.833
10.06 0.271806 2000 -117.42
10.065 0.273085 2000 -117.973
10.07 0.274284 2000 -118.491
10.075 0.275422 2000 -118.982
10.08 0.276515 2000 -119.455
10.085 0.277555 2000 -119.904
10.09 0.278519 2000 -120.32
10.095 0.279397 2000 -120.699
10.1 0.280198 2000 -121.045
10.105 0.280938 2000 -121.365
10.11 0.281621 2000 -121.66
10.115 0.282231 2000 -121.924
10.12 0.282754 2000 -122.15
10.125 0.283208 2000 -122.346
10.13 0.283622 2000 -122.525
10.135 0.284004 2000 -122.69
10.14 0.284338 2000 -122.834
10.145 0.284615 2000 -122.954
10.15 0.284835 2000 -123.049
10.155 0.28501 2000 -123.124
10.16 0.285138 2000 -123.18
10.165 0.285197 2000 -123.205
10.17 0.285159 2000 -123.189
10.175 0.28502 2000 -123.128
10.18 0.284791 2000 -123.03
10.185 0.284489 2000 -122.899
10.19 0.284123 2000 -122.741
10.195 0.283698 2000 -122.558
10.2 0.28323 2000 -122.355
10.205 0.282716 2000 -122.133
10.21 0.282143 2000 -121.886
10.215 0.281501 2000 -121.608
10.22 0.280786 2000 -121.299
10.225 0.279993 2000 -120.957
10.23 0.279119 2000 -120.579
10.235 0.278173 2000 -120.171
10.24 0.277163 2000 -119.734
10.245 0.276094 2000 -119.273
10.25 0.274974 2000 -118.789
10.255 0.273807 2000 -118.285
10.26 0.272586 2000 -117.757
10.265 0.271292 2000 -117.198
10.27 0.269911 2000 -116.602
10.275 0.268447 2000 -115.969
10.28 0.266917 2000 -115.308
10.285 0.265336 2000 -114.625
10.29 0.263708 2000 -113.922
10.295 0.262031 2000 -113.197
10.3 0.260293 2000 -112.447
10.305 0.258488 2000 -111.667
10.31 0.256623 2000 -110.861
10.315 0.254702 2000 -110.031
10.32 0.252722 2000 -109.176
10.325 0.250682 2000 -108.294
10.33 0.248588 2000 -107.39
10.335 0.246449 2000 -106.466
10.34 0.244271 2000 -105.525
10.345 0.242055 2000 -104.568
10.35 0.239801 2000 -103.594
10.355 0.237504 2000 -102.602
10.36 0.235155 2000 -101.587
10.365 0.232736 2000 -100.542
10.37 0.230233 2000 -99.4608
10.375 0.227652 2000 -98.3458
10.38 0.225004 2000 -97.2018
10.385 0.222282 2000 -96.0259
10.39 0.219468 2000 -94.81
10.395 0.216565 2000 -93.5559
10.4 0.213601 2000 -92.2756
10.405 0.210593 2000 -90.976
10.41 0.207531 2000 -89.6534
10.415 0.204407 2000 -88.3037
10.42 0.201226 2000 -86.9297
10.425 0.198002 2000 -85.5369
10.43 0.194745 2000 -84.1297
10.435 0.191465 2000 -82.713
10.44 0.188171 2000 -81.2897
10.445 0.184848 2000 -79.8544
10.45 0.181476 2000 -78.3975
10.455 0.178049 2000 -76.9171
10.46 0.174582 2000 -75.4192
10.465 0.171083 2000 -73.9077
10.47 0.167546 2000 -72.3798
10.475 0.163957 2000 -70.8295
10.48 0.160308 2000 -69.2531
10.485 0.1566 2000 -67.6514
10.49 0.152842 2000 -66.0278
10.495 0.149038 2000 -64.3846
10.5 0.145185 2000 -62.72
10.505 0.141274 2000 -61.0302
10.51 0.137298 2000 -59.3128
10.515 0.13326 2000 -57.5681
10.52 0.129163 2000 -55.7982
10.525 0.125011 2000 -54.0049
10.53 0.12081 2000 -52.19
10.535 0.116563 2000 -50.3551
10.54 0.112267 2000 -48.4995
10.545 0.107913 2000 -46.6183
10.55 0.10349 2000 -44.7076
10.555 0.0990056 2000 -42.7704
10.56 0.0944671 2000 -40.8098
10.565 0.0898745 2000 -38.8258
10.57 0.0852489 2000 -36.8275
10.575 0.0806208 2000 -34.8282
10.58 0.0759904 2000 -32.8279
10.585 0.0713373 2000 -30.8177
10.59 0.0666527 2000 -28.794
10.595 0.0619355 2000 -26.7561
10.6 0.0571792 2000 -24.7014
10.605 0.0523805 2000 -22.6284
10.61 0.0475457 2000 -20.5397
10.615 0.0426854 2000 -18.4401
10.62 0.0378052 2000 -16.3318
10.625 0.0328983 2000 -14.2121
10.63 0.0279514 2000 -12.075
10.635 0.022959 2000 -9.91831
10.64 0.0179277 2000 -7.74477
10.645 0.012863 2000 -5.55681
10.65 0.00776071 2000 -3.35263
10.655 0.00261618 2000 -1.13019
10.66 -0.00256837 2000 1.10954
10.665 -0.00778959 2000 3.3651
10.67 -0.0130443 2000 5.63516
10.675 -0.0183302 2000 7.91866
10.68 -0.0236509 2000 10.2172
10.685 -0.0290122 2000 12.5333
10.69 -0.0344159 2000 14.8677
10.695 -0.0398608 2000 17.2199
10.7 -0.045345 2000 19.589
10.705 -0.0508693 2000 21.9755
10.71 -0.0564408 2000 24.3824
10.715 -0.0620657 2000 26.8124
10.72 -0.0677349 2000 29.2615
10.725 -0.0734199 2000 31.7174
10.73 -0.0790939 2000 34.1686
10.735 -0.0847534 2000 36.6135
10.74 -0.0904141 2000 39.0589
10.745 -0.0960886 2000 41.5103
10.75 -0.101775 2000 43.9669
10.755 -0.10747 2000 46.4269
10.76 -0.113185 2000 48.8958
10.765 -0.11894 2000 51.3819
10.77 -0.124734 2000 53.8853
10.775 -0.130546 2000 56.3957
10.78 -0.136356 2000 58.9057
10.785 -0.142178 2000 61.4211
10.79 -0.14804 2000 63.9535
10.795 -0.153948 2000 66.5057
10.8 -0.159897 2000 69.0756
10.805 -0.165887 2000 71.6631
10.81 -0.171913 2000 74.2666
10.815 -0.177959 2000 76.8782
10.82 -0.184004 2000 79.4897
10.825 -0.190051 2000 82.102
10.83 -0.196122 2000 84.7245
10.835 -0.202224 2000 87.3606
10.84 -0.208346 2000 90.0053
10.845 -0.21448 2000 92.6553
10.85 -0.220631 2000 95.3124
10.855 -0.226794 2000 97.9751
10.86 -0.232955 2000 100.636
10.865 -0.239105 2000 103.294
10.87 -0.245252 2000 105.949
10.875 -0.251398 2000 108.604
10.88 -0.257547 2000 111.26
10.885 -0.263709 2000 113.922
10.89 -0.269887 2000 116.591
10.895 -0.27608 2000 119.266
10.9 -0.282285 2000 121.947
10.905 -0.288513 2000 124.637
10.91 -0.294774 2000 127.342
10.915 -0.301072 2000 130.063
10.92 -0.307401 2000 132.797
10.925 -0.313756 2000 135.543
10.93 -0.320136 2000 138.299
10.935 -0.326539 2000 141.065
10.94 -0.332966 2000 143.841
10.945 -0.339418 2000 146.628
10.95 -0.345889 2000 149.424
10.955 -0.352373 2000 152.225
10.96 -0.358877 2000 155.035
10.965 -0.365413 2000 157.858
10.97 -0.371977 2000 160.694
10.975 -0.378554 2000 163.535
10.98 -0.385144 2000 166.382
10.985 -0.391749 2000 169.236
10.99 -0.398364 2000 172.093
10.995 -0.404983 2000 174.953
11 -0.411614 2000 177.817
11.005 -0.418255 2000 180.686
11.01 -0.424888 2000 183.552
11.015 -0.43151 2000 186.412
11.02 -0.43813 2000 189.272
11.025 -0.44476 2000 192.136
11.03 -0.451399 2000 195.004
11.035 -0.458052 2000 197.878
11.04 -0.464716 2000 200.757
11.045 -0.47138 2000 203.636
11.05 -0.478045 2000 206.515
11.055 -0.484704 2000 209.392
11.06 -0.491345 2000 212.261
11.065 -0.497963 2000 215.12
11.07 -0.504572 2000 217.975
11.075 -0.511184 2000 220.832
11.08 -0.517801 2000 223.69
11.085 -0.524408 2000 226.544
11.09 -0.530988 2000 229.387
11.095 -0.537534 2000 232.215
11.1 -0.544054 2000 235.031
11.105 -0.55056 2000 237.842
11.11 -0.557066 2000 240.653
11.115 -0.563572 2000 243.463
11.12 -0.570066 2000 246.268
11.125 -0.576524 2000 249.058
11.13 -0.582933 2000 251.827
11.135 -0.589301 2000 254.578
11.14 -0.595651 2000 257.321
11.145 -0.601992 2000 260.061
11.15 -0.608319 2000 262.794
11.155 -0.61463 2000 265.52
11.16 -0.620922 2000 268.238
11.165 -0.627179 2000 270.941
11.17 -0.63338 2000 273.62
11.175 -0.639517 2000 276.271
11.18 -0.645601 2000 278.9
11.185 -0.651651 2000 281.513
11.19 -0.657686 2000 284.12
11.195 -0.663707 2000 286.721
11.2 -0.669699 2000 289.31
11.205 -0.675654 2000 291.883
11.21 -0.681582 2000 294.443
11.215 -0.687482 2000 296.992
11.22 -0.693345 2000 299.525
11.225 -0.699159 2000 302.037
11.23 -0.704922 2000 304.526
11.235 -0.71063 2000 306.992
11.24 -0.71629 2000 309.437
11.245 -0.721916 2000 311.868
11.25 -0.727516 2000 314.287
11.255 -0.733096 2000 316.698
11.26 -0.738653 2000 319.098
11.265 -0.744175 2000 321.484
11.27 -0.749671 2000 323.858
11.275 -0.755163 2000 326.23
11.28 -0.760659 2000 328.605
11.285 -0.766149 2000 330.976
11.29 -0.771623 2000 333.341
11.295 -0.77707 2000 335.694
11.3 -0.782477 2000 338.03
11.305 -0.787842 2000 340.348
11.31 -0.793163 2000 342.646
11.315 -0.798441 2000 344.927
11.32 -0.803676 2000 347.188
11.325 -0.808867 2000 349.431
11.33 -0.814021 2000 351.657
11.335 -0.819143 2000 353.87
11.34 -0.824235 2000 356.069
11.345 -0.829303 2000 358.259
11.35 -0.834345 2000 360.437
11.355 -0.839347 2000 362.598
11.36 -0.844295 2000 364.735
11.365 -0.849197 2000 366.853
11.37 -0.854085 2000 368.965
11.375 -0.858975 2000 371.077
11.38 -0.86385 2000 373.183
11.385 -0.868681 2000 375.27
11.39 -0.873463 2000 377.336
11.395 -0.878219 2000 379.391
11.4 -0.882953 2000 381.436
11.405 -0.887645 2000 383.462
11.41 -0.892284 2000 385.466
11.415 -0.896881 2000 387.452
11.42 -0.901442 2000 389.423
11.425 -0.905964 2000 391.377
11.43 -0.91044 2000 393.31
11.435 -0.914871 2000 395.224
11.44 -0.919267 2000 397.123
11.445 -0.92363 2000 399.008
11.45 -0.927946 2000 400.873
11.455 -0.932207 2000 402.713
11.46 -0.936419 2000 404.533
11.465 -0.940595 2000 406.337
11.47 -0.944738 2000 408.127
11.475 -0.948837 2000 409.898
11.48 -0.952878 2000 411.643
11.485 -0.95685 2000 413.359
11.49 -0.960754 2000 415.046
11.495 -0.964594 2000 416.704
11.5 -0.968368 2000 418.335
11.505 -0.972076 2000 419.937
11.51 -0.97571 2000 421.507
11.515 -0.979269 2000 423.044
11.52 -0.982757 2000 424.551
11.525 -0.986182 2000 426.031
11.53 -0.989552 2000 427.486
11.535 -0.992874 2000 428.922
11.54 -0.996152 2000 430.338
11.545 -0.999374 2000 431.73
11.55 -1.00253 2000 433.091
11.555 -1.0056 2000 434.421
11.56 -1.00862 2000 435.724
11.565 -1.01158 2000 437.004
11.57 -1.0145 2000 438.263
11.575 -1.01736 2000 439.5
11.58 -1.02017 2000 440.713
11.585 -1.02291 2000 441.895
11.59 -1.02559 2000 443.055
11.595 -1.02824 2000 444.2
11.6 -1.03085 2000 445.327
11.605 -1.03338 2000 446.421
11.61 -1.03582 2000 447.474
11.615 -1.03818 2000 448.493
11.62 -1.04049 2000 449.493
11.625 -1.04278 2000 450.483
11.63 -1.04505 2000 451.46
11.635 -1.04727 2000 452.419
11.64 -1.04943 2000 453.352
11.645 -1.05151 2000 454.252
11.65 -1.05352 2000 455.119
11.655 -1.05546 2000 455.958
11.66 -1.05734 2000 456.772
11.665 -1.05915 2000 457.554
11.67 -1.0609 2000 458.307
11.675 -1.06259 2000 459.041
11.68 -1.06425 2000 459.758
11.685 -1.06586 2000 460.453
11.69 -1.06742 2000 461.125
11.695 -1.06893 2000 461.777
11.7 -1.07039 2000 462.408
11.705 -1.07177 2000 463.006
11.71 -1.07307 2000 463.565
11.715 -1.07427 2000 464.083
11.72 -1.07538 2000 464.563
11.725 -1.07639 2000 465
11.73 -1.07731 2000 465.4
11.735 -1.07817 2000 465.77
11.74 -1.07898 2000 466.118
11.745 -1.07973 2000 466.443
11.75 -1.08041 2000 466.737
11.755 -1.081 2000 466.994
11.76 -1.08151 2000 467.214
11.765 -1.08195 2000 467.403
11.77 -1.08233 2000 467.565
11.775 -1.08264 2000 467.701
11.78 -1.08289 2000 467.81
11.785 -1.08307 2000 467.886
11.79 -1.08317 2000 467.93
11.795 -1.0832 2000 467.943
11.8 -1.08316 2000 467.926
11.805 -1.08307 2000 467.888
11.81 -1.08294 2000 467.829
11.815 -1.08274 2000 467.745
11.82 -1.08247 2000 467.627
11.825 -1.08211 2000 467.473
11.83 -1.08167 2000 467.283
11.835 -1.08115 2000 467.058
11.84 -1.08056 2000 466.803
11.845 -1.07992 2000 466.523
11.85 -1.07922 2000 466.222
11.855 -1.07847 2000 465.9
11.86 -1.07768 2000 465.556
11.865 -1.07682 2000 465.187
11.87 -1.07591 2000 464.791
11.875 -1.07495 2000 464.379
11.88 -1.07397 2000 463.955
11.885 -1.07295 2000 463.514
11.89 -1.07186 2000 463.043
11.895 -1.07069 2000 462.539
11.9 -1.06946 2000 462.008
11.905 -1.06818 2000 461.455
11.91 -1.06683 2000 460.871
11.915 -1.06539 2000 460.25
11.92 -1.06388 2000 459.598
11.925 -1.06232 2000 458.923
11.93 -1.06072 2000 458.23
11.935 -1.05908 2000 457.523
11.94 -1.0574 2000 456.799
11.945 -1.05568 2000 456.053
11.95 -1.05391 2000 455.288
11.955 -1.0521 2000 454.506
11.96 -1.05023 2000 453.701
11.965 -1.0483 2000 452.866
11.97 -1.0463 2000 452
11.975 -1.04422 2000 451.103
11.98 -1.04208 2000 450.179
11.985 -1.03989 2000 449.232
11.99 -1.03765 2000 448.264
11.995 -1.03536 2000 447.274
12 -1.033 2000 446.257
12.005 -1.03059 2000 445.216
12.01 -1.02813 2000 444.153
12.015 -1.02561 2000 443.064
12.02 -1.02302 2000 441.946
12.025 -1.02037 2000 440.801
12.03 -1.01768 2000 439.637
12.035 -1.01496 2000 438.462
12.04 -1.01221 2000 437.275
12.045 -1.00941 2000 436.063
12.05 -1.00653 2000 434.82
12.055 -1.00359 2000 433.55
12.06 -1.00061 2000 432.262
12.065 -0.997583 2000 430.956
12.07 -0.994508 2000 429.627
12.075 -0.99138 2000 428.276
12.08 -0.988212 2000 426.908
12.085 -0.985004 2000 425.522
12.09 -0.981744 2000 424.114
12.095 -0.978426 2000 422.68
12.1 -0.975062 2000 421.227
12.105 -0.971674 2000 419.763
12.11 -0.96827 2000 418.293
12.115 -0.964844 2000 416.813
12.12 -0.961382 2000 415.317
12.125 -0.957875 2000 413.802
12.13 -0.954318 2000 412.265
12.135 -0.950719 2000 410.71
12.14 -0.94709 2000 409.143
12.145 -0.943436 2000 407.564
12.15 -0.939743 2000 405.969
12.155 -0.935988 2000 404.347
12.16 -0.932167 2000 402.696
12.165 -0.92831 2000 401.03
12.17 -0.924437 2000 399.357
12.175 -0.920541 2000 397.674
12.18 -0.916609 2000 395.975
12.185 -0.912633 2000 394.257
12.19 -0.908602 2000 392.516
12.195 -0.904499 2000 390.744
12.2 -0.900323 2000 388.94
12.205 -0.896085 2000 387.109
12.21 -0.891794 2000 385.255
12.215 -0.887453 2000 383.38
12.22 -0.883078 2000 381.49
12.225 -0.878683 2000 379.591
12.23 -0.874266 2000 377.683
12.235 -0.869817 2000 375.761
12.24 -0.865331 2000 373.823
12.245 -0.860801 2000 371.866
12.25 -0.856216 2000 369.885
12.255 -0.851577 2000 367.881
12.26 -0.846904 2000 365.862
12.265 -0.84221 2000 363.835
12.27 -0.837482 2000 361.792
12.275 -0.832703 2000 359.728
12.28 -0.82787 2000 357.64
12.285 -0.82299 2000 355.532
12.29 -0.818064 2000 353.404
12.295 -0.813078 2000 351.25
12.3 -0.808021 2000 349.065
12.305 -0.802897 2000 346.851
12.31 -0.797715 2000 344.613
12.315 -0.792482 2000 342.352
12.32 -0.787199 2000 340.07
12.325 -0.78186 2000 337.764
12.33 -0.776472 2000 335.436
12.335 -0.771043 2000 333.091
12.34 -0.765579 2000 330.73
12.345 -0.76008 2000 328.355
12.35 -0.75456 2000 325.97
12.355 -0.749042 2000 323.586
12.36 -0.743525 2000 321.203
12.365 -0.737978 2000 318.806
12.37 -0.732367 2000 316.382
12.375 -0.726686 2000 313.929
12.38 -0.720955 2000 311.453
12.385 -0.715191 2000 308.963
12.39 -0.709391 2000 306.457
12.395 -0.703538 2000 303.928
12.4 -0.697632 2000 301.377
12.405 -0.691694 2000 298.812
12.41 -0.68573 2000 296.235
12.415 -0.679725 2000 293.641
12.42 -0.673667 2000 291.024
12.425 -0.667564 2000 288.388
12.43 -0.661441 2000 285.742
12.435 -0.655306 2000 283.092
12.44 -0.649152 2000 280.434
12.445 -0.642974 2000 277.765
12.45 -0.63677 2000 275.085
12.455 -0.630533 2000 272.39
12.46 -0.624261 2000 269.681
12.465 -0.617951 2000 266.955
12.47 -0.611602 2000 264.212
12.475 -0.605217 2000 261.454
12.48 -0.598814 2000 258.688
12.485 -0.592414 2000 255.923
12.49 -0.586022 2000 253.162
12.495 -0.579624 2000 250.397
12.5 -0.573199 2000 247.622
12.505 -0.566742 2000 244.833
12.51 -0.560267 2000 242.035
12.515 -0.553802 2000 239.242
12.52 -0.547356 2000 236.458
12.525 -0.540915 2000 233.675
12.53 -0.534466 2000 230.889
12.535 -0.527993 2000 228.093
12.54 -0.521491 2000 225.284
12.545 -0.51497 2000 222.467
12.55 -0.508441 2000 219.646
12.555 -0.501902 2000 216.822
12.56 -0.495357 2000 213.994
12.565 -0.488821 2000 211.17
12.57 -0.482301 2000 208.354
12.575 -0.475793 2000 205.542
12.58 -0.469288 2000 202.733
12.585 -0.46279 2000 199.925
12.59 -0.456302 2000 197.122
12.595 -0.449826 2000 194.325
12.6 -0.443352 2000 191.528
12.605 -0.436867 2000 188.727
12.61 -0.43037 2000 185.92
12.615 -0.42386 2000 183.108
12.62 -0.417342 2000 180.292
12.625 -0.41082 2000 177.474
12.63 -0.404301 2000 174.658
12.635 -0.397789 2000 171.845
12.64 -0.391299 2000 169.041
12.645 -0.384841 2000 166.251
12.65 -0.378412 2000 163.474
12.655 -0.371999 2000 160.703
12.66 -0.365595 2000 157.937
12.665 -0.359195 2000 155.172
12.67 -0.352799 2000 152.409
12.675 -0.346417 2000 149.652
12.68 -0.340063 2000 146.907
12.685 -0.333724 2000 144.169
12.69 -0.327372 2000 141.425
12.695 -0.320997 2000 138.671
12.7 -0.31461 2000 135.912
12.705 -0.308229 2000 133.155
12.71 -0.30186 2000 130.404
12.715 -0.29551 2000 127.66
12.72 -0.28918 2000 124.926
12.725 -0.282852 2000 122.192
12.73 -0.276502 2000 119.449
12.735 -0.270135 2000 116.698
12.74 -0.263772 2000 113.95
12.745 -0.25742 2000 111.205
12.75 -0.251067 2000 108.461
12.755 -0.244704 2000 105.712
12.76 -0.238326 2000 102.957
12.765 -0.231934 2000 100.196
12.77 -0.225546 2000 97.4359
12.775 -0.219178 2000 94.6849
12.78 -0.212825 2000 91.9406
12.785 -0.206478 2000 89.1984
12.79 -0.20014 2000 86.4605
12.795 -0.193826 2000 83.7329
12.8 -0.187551 2000 81.0222
12.805 -0.181327 2000 78.3331
12.81 -0.175156 2000 75.6672
12.815 -0.169039 2000 73.0248
12.82 -0.162975 2000 70.4053
12.825 -0.156957 2000 67.8053
12.83 -0.150974 2000 65.221
12.835 -0.145026 2000 62.6514
12.84 -0.139109 2000 60.0949
12.845 -0.133213 2000 57.5481
12.85 -0.127341 2000 55.0114
12.855 -0.121503 2000 52.4893
12.86 -0.115698 2000 49.9817
12.865 -0.109919 2000 47.4848
12.87 -0.104164 2000 44.999
12.875 -0.0984437 2000 42.5277
12.88 -0.0927525 2000 40.0691
12.885 -0.0870835 2000 37.6201
12.89 -0.0814434 2000 35.1836
12.895 -0.0758421 2000 32.7638
12.9 -0.0702766 2000 30.3595
12.905 -0.0647318 2000 27.9641
12.91 -0.0591953 2000 25.5724
12.915 -0.0536751 2000 23.1877
12.92 -0.0481829 2000 20.815
12.925 -0.042705 2000 18.4486
12.93 -0.0372232 2000 16.0804
12.935 -0.0317472 2000 13.7148
12.94 -0.0263064 2000 11.3643
12.945 -0.0209178 2000 9.03647
12.95 -0.0155721 2000 6.72715
12.955 -0.0102495 2000 4.42779
12.96 -0.00494695 2000 2.13708
12.965 0.000319772 2000 -0.138142
12.97 0.00554264 2000 -2.39442
12.975 0.0107303 2000 -4.63549
12.98 0.0158918 2000 -6.86526
12.985 0.0210307 2000 -9.08525
12.99 0.0261498 2000 -11.2967
12.995 0.0312468 2000 -13.4986
13 0.0363131 2000 -15.6873
13.005 0.0413432 2000 -17.8603
13.01 0.0463373 2000 -20.0177
13.015 0.0512992 2000 -22.1613
13.02 0.05623 2000 -24.2913
13.025 0.0611179 2000 -26.4029
13.03 0.0659486 2000 -28.4898
13.035 0.0707261 2000 -30.5537
13.04 0.0754767 2000 -32.606
13.045 0.0802268 2000 -34.658
13.05 0.0849673 2000 -36.7059
13.055 0.0896585 2000 -38.7325
13.06 0.094283 2000 -40.7302
13.065 0.0988595 2000 -42.7073
13.07 0.103402 2000 -44.6697
13.075 0.107913 2000 -46.6185
13.08 0.112402 2000 -48.5579
13.085 0.116876 2000 -50.4906
13.09 0.121334 2000 -52.4162
13.095 0.125781 2000 -54.3373
13.1 0.130227 2000 -56.258
13.105 0.134666 2000 -58.1757
13.11 0.139072 2000 -60.079
13.115 0.143421 2000 -61.9577
13.12 0.147705 2000 -63.8088
13.125 0.151932 2000 -65.6346
13.13 0.156108 2000 -67.4385
13.135 0.16024 2000 -69.2237
13.14 0.164337 2000 -70.9934
13.145 0.168396 2000 -72.7472
13.15 0.1724 2000 -74.4768
13.155 0.176326 2000 -76.1728
13.16 0.180181 2000 -77.8383
13.165 0.183994 2000 -79.4853
13.17 0.187774 2000 -81.1185
13.175 0.191512 2000 -82.733
13.18 0.195196 2000 -84.3249
13.185 0.19883 2000 -85.8947
13.19 0.20242 2000 -87.4454
13.195 0.205973 2000 -88.9803
13.2 0.209487 2000 -90.4982
13.205 0.21294 2000 -91.9902
13.21 0.216322 2000 -93.4511
13.215 0.219638 2000 -94.8836
13.22 0.222896 2000 -96.2913
13.225 0.226102 2000 -97.6759
13.23 0.229268 2000 -99.0437
13.235 0.232411 2000 -100.402
13.24 0.235525 2000 -101.747
13.245 0.238585 2000 -103.069
13.25 0.241582 2000 -104.363
13.255 0.244527 2000 -105.636
13.26 0.247446 2000 -106.897
13.265 0.250348 2000 -108.15
13.27 0.253223 2000 -109.392
13.275 0.256055 2000 -110.616
13.28 0.258836 2000 -111.817
13.285 0.261559 2000 -112.993
13.29 0.264223 2000 -114.144
13.295 0.266838 2000 -115.274
13.3 0.269415 2000 -116.387
13.305 0.271953 2000 -117.484
13.31 0.274442 2000 -118.559
13.315 0.276872 2000 -119.609
13.32 0.279243 2000 -120.633
13.325 0.281553 2000 -121.631
13.33 0.283806 2000 -122.604
13.335 0.286006 2000 -123.554
13.34 0.28816 2000 -124.485
13.345 0.290271 2000 -125.397
13.35 0.292334 2000 -126.288
13.355 0.294337 2000 -127.154
13.36 0.296277 2000 -127.992
13.365 0.29816 2000 -128.805
13.37 0.29999 2000 -129.596
13.375 0.301763 2000 -130.362
13.38 0.303482 2000 -131.104
13.385 0.305145 2000 -131.823
13.39 0.306751 2000 -132.516
13.395 0.30831 2000 -133.19
13.4 0.309836 2000 -133.849
13.405 0.311332 2000 -134.495
13.41 0.312787 2000 -135.124
13.415 0.314183 2000 -135.727
13.42 0.315503 2000 -136.297
13.425 0.316747 2000 -136.835
13.43 0.317933 2000 -137.347
13.435 0.319084 2000 -137.844
13.44 0.320204 2000 -138.328
13.445 0.321272 2000 -138.789
13.45 0.322269 2000 -139.22
13.455 0.323191 2000 -139.619
13.46 0.324064 2000 -139.996
13.465 0.324915 2000 -140.363
13.47 0.325748 2000 -140.723
13.475 0.326535 2000 -141.063
13.48 0.327263 2000 -141.378
13.485 0.327938 2000 -141.669
13.49 0.32857 2000 -141.942
13.495 0.329156 2000 -142.196
13.5 0.329693 2000 -142.427
13.505 0.330186 2000 -142.641
13.51 0.330643 2000 -142.838
13.515 0.331053 2000 -143.015
13.52 0.331399 2000 -143.164
13.525 0.331676 2000 -143.284
13.53 0.331906 2000 -143.384
13.535 0.332114 2000 -143.473
13.54 0.332293 2000 -143.551
13.545 0.332429 2000 -143.609
13.55 0.332516 2000 -143.647
13.555 0.33255 2000 -143.661
13.56 0.332526 2000 -143.651
13.565 0.332448 2000 -143.618
13.57 0.332324 2000 -143.564
13.575 0.332163 2000 -143.495
13.58 0.331972 2000 -143.412
13.585 0.331743 2000 -143.313
13.59 0.331451 2000 -143.187
13.595 0.331074 2000 -143.024
13.6 0.330618 2000 -142.827
13.605 0.330115 2000 -142.61
13.61 0.329583 2000 -142.38
13.615 0.329004 2000 -142.13
13.62 0.328356 2000 -141.85
13.625 0.327643 2000 -141.542
13.63 0.326888 2000 -141.216
13.635 0.326101 2000 -140.875
13.64 0.325277 2000 -140.52
13.645 0.324415 2000 -140.147
13.65 0.323512 2000 -139.757
13.655 0.322572 2000 -139.351
13.66 0.321595 2000 -138.929
13.665 0.320578 2000 -138.49
13.67 0.319518 2000 -138.032
13.675 0.318415 2000 -137.555
13.68 0.317261 2000 -137.057
13.685 0.316054 2000 -136.535
13.69 0.314805 2000 -135.996
13.695 0.313526 2000 -135.443
13.7 0.312214 2000 -134.876
13.705 0.310863 2000 -134.293
13.71 0.309478 2000 -133.694
13.715 0.308063 2000 -133.083
13.72 0.306625 2000 -132.462
13.725 0.305176 2000 -131.836
13.73 0.303722 2000 -131.208
13.735 0.302242 2000 -130.568
13.74 0.300699 2000 -129.902
13.745 0.299086 2000 -129.205
13.75 0.297431 2000 -128.49
13.755 0.295765 2000 -127.771
13.76 0.294091 2000 -127.047
13.765 0.29239 2000 -126.313
13.77 0.290648 2000 -125.56
13.775 0.288859 2000 -124.787
13.78 0.287016 2000 -123.991
13.785 0.285103 2000 -123.164
13.79 0.283109 2000 -122.303
13.795 0.281043 2000 -121.411
13.8 0.278918 2000 -120.492
13.805 0.276743 2000 -119.553
13.81 0.274525 2000 -118.595
13.815 0.272271 2000 -117.621
13.82 0.269983 2000 -116.633
13.825 0.267659 2000 -115.629
13.83 0.265285 2000 -114.603
13.835 0.262852 2000 -113.552
13.84 0.260368 2000 -112.479
13.845 0.257841 2000 -111.387
13.85 0.255271 2000 -110.277
13.855 0.25265 2000 -109.145
13.86 0.249968 2000 -107.986
13.865 0.247222 2000 -106.8
13.87 0.244418 2000 -105.589
13.875 0.241561 2000 -104.355
13.88 0.238655 2000 -103.099
13.885 0.235709 2000 -101.826
13.89 0.232724 2000 -100.537
13.895 0.22969 2000 -99.2261
13.9 0.226588 2000 -97.8862
13.905 0.223408 2000 -96.5125
13.91 0.220157 2000 -95.1077
13.915 0.216853 2000 -93.6805
13.92 0.213518 2000 -92.2399
13.925 0.210159 2000 -90.7888
13.93 0.206764 2000 -89.3221
13.935 0.20332 2000 -87.8342
13.94 0.199831 2000 -86.3272
13.945 0.196306 2000 -84.8041
13.95 0.192746 2000 -83.2661
13.955 0.189161 2000 -81.7175
13.96 0.185554 2000 -80.1593
13.965 0.181909 2000 -78.5848
13.97 0.178215 2000 -76.9889
13.975 0.174482 2000 -75.3763
13.98 0.170731 2000 -73.7559
13.985 0.166973 2000 -72.1322
13.99 0.163208 2000 -70.5058
13.995 0.159436 2000 -68.8762
14 0.155647 2000 -67.2395
14.005 0.151823 2000 -65.5876
14.01 0.147954 2000 -63.9161
14.015 0.144041 2000 -62.2258
14.02 0.140084 2000 -60.5165
14.025 0.136077 2000 -58.7852
14.03 0.132022 2000 -57.0337
14.035 0.127932 2000 -55.2665
14.04 0.123813 2000 -53.487
14.045 0.119668 2000 -51.6965
14.05 0.115499 2000 -49.8955
14.055 0.111308 2000 -48.085
14.06 0.107099 2000 -46.267
14.065 0.102878 2000 -44.4432
14.07 0.0986466 2000 -42.6153
14.075 0.094409 2000 -40.7847
14.08 0.0901668 2000 -38.9521
14.085 0.0859152 2000 -37.1154
14.09 0.0816377 2000 -35.2675
14.095 0.0773207 2000 -33.4026
14.1 0.072968 2000 -31.5222
14.105 0.0685982 2000 -29.6344
14.11 0.0642334 2000 -27.7488
14.115 0.0598831 2000 -25.8695
14.12 0.0555383 2000 -23.9926
14.125 0.0511883 2000 -22.1133
14.13 0.0468261 2000 -20.2289
14.135 0.0424372 2000 -18.3329
14.14 0.0380105 2000 -16.4206
14.145 0.0335572 2000 -14.4967
14.15 0.0290889 2000 -12.5664
14.155 0.0245942 2000 -10.6247
14.16 0.0200655 2000 -8.66831
14.165 0.0155185 2000 -6.704
14.17 0.0109637 2000 -4.7363
14.175 0.00639637 2000 -2.76323
14.18 0.00181509 2000 -0.784121
14.185 -0.00277656 2000 1.19948
14.19 -0.00737704 2000 3.18688
14.195 -0.0119896 2000 5.17952
14.2 -0.0166164 2000 7.17826
14.205 -0.02125 2000 9.18
14.21 -0.0258861 2000 11.1828
14.215 -0.0305396 2000 13.1931
14.22 -0.0352323 2000 15.2203
14.225 -0.0399645 2000 17.2647
14.23 -0.0447222 2000 19.32
14.235 -0.0494998 2000 21.3839
14.24 -0.0542922 2000 23.4542
14.245 -0.0590813 2000 25.5231
14.25 -0.0638569 2000 27.5862
14.255 -0.0686354 2000 29.6505
14.26 -0.0734341 2000 31.7235
14.265 -0.0782436 2000 33.8012
14.27 -0.0830416 2000 35.874
14.275 -0.0878189 2000 37.9378
14.28 -0.0925821 2000 39.9955
14.285 -0.0973377 2000 42.0499
14.29 -0.102085 2000 44.1007
14.295 -0.106825 2000 46.1486
14.3 -0.111572 2000 48.1993
14.305 -0.116336 2000 50.2572
14.31 -0.121112 2000 52.3205
14.315 -0.125893 2000 54.3858
14.32 -0.130685 2000 56.4561
14.325 -0.135508 2000 58.5394
14.33 -0.140368 2000 60.6388
14.335 -0.145253 2000 62.7495
14.34 -0.150145 2000 64.8628
14.345 -0.155024 2000 66.9705
14.35 -0.159883 2000 69.0695
14.355 -0.164725 2000 71.1612
14.36 -0.169555 2000 73.2476
14.365 -0.174373 2000 75.3293
14.37 -0.179182 2000 77.4066
14.375 -0.183993 2000 79.4849
14.38 -0.188826 2000 81.5729
14.385 -0.193683 2000 83.6709
14.39 -0.198539 2000 85.7688
14.395 -0.203375 2000 87.8578
14.4 -0.208183 2000 89.9349
14.405 -0.212967 2000 92.0018
14.41 -0.217734 2000 94.0609
14.415 -0.22248 2000 96.1113
14.42 -0.22721 2000 98.1545
14.425 -0.231934 2000 100.195
14.43 -0.23665 2000 102.233
14.435 -0.241344 2000 104.261
14.44 -0.246008 2000 106.275
14.445 -0.250642 2000 108.277
14.45 -0.255247 2000 110.267
14.455 -0.259814 2000 112.24
14.46 -0.264345 2000 114.197
14.465 -0.268852 2000 116.144
14.47 -0.273349 2000 118.087
14.475 -0.277842 2000 120.028
14.48 -0.282318 2000 121.961
14.485 -0.286753 2000 123.877
14.49 -0.291132 2000 125.769
14.495 -0.29546 2000 127.639
14.5 -0.29975 2000 129.492
14.505 -0.30401 2000 131.332
14.51 -0.308248 2000 133.163
14.515 -0.312484 2000 134.993
14.52 -0.31673 2000 136.827
14.525 -0.320973 2000 138.66
14.53 -0.325183 2000 140.479
14.535 -0.329341 2000 142.275
14.54 -0.333451 2000 144.051
14.545 -0.337531 2000 145.813
14.55 -0.341594 2000 147.569
14.555 -0.345644 2000 149.318
14.56 -0.349678 2000 151.061
14.565 -0.353685 2000 152.792
14.57 -0.357665 2000 154.511
14.575 -0.361619 2000 156.219
14.58 -0.365545 2000 157.915
14.585 -0.369441 2000 159.598
14.59 -0.373313 2000 161.271
14.595 -0.377162 2000 162.934
14.6 -0.38097 2000 164.579
14.605 -0.384711 2000 166.195
14.61 -0.388386 2000 167.783
14.615 -0.392019 2000 169.352
14.62 -0.395634 2000 170.914
14.625 -0.399228 2000 172.467
14.63 -0.402781 2000 174.001
14.635 -0.40628 2000 175.513
14.64 -0.409745 2000 177.01
14.645 -0.413198 2000 178.502
14.65 -0.416647 2000 179.992
14.655 -0.4201 2000 181.483
14.66 -0.42356 2000 182.978
14.665 -0.427013 2000 184.47
14.67 -0.430432 2000 185.947
14.675 -0.433804 2000 187.403
14.68 -0.43713 2000 188.84
14.685 -0.440411 2000 190.258
14.69 -0.443646 2000 191.655
14.695 -0.446828 2000 193.03
14.7 -0.449942 2000 194.375
14.705 -0.452978 2000 195.686
14.71 -0.455946 2000 196.969
14.715 -0.458876 2000 198.234
14.72 -0.461791 2000 199.494
14.725 -0.464677 2000 200.74
14.73 -0.467495 2000 201.958
14.735 -0.470238 2000 203.143
14.74 -0.472934 2000 204.308
14.745 -0.475602 2000 205.46
14.75 -0.47823 2000 206.595
14.755 -0.480797 2000 207.704
14.76 -0.483301 2000 208.786
14.765 -0.485763 2000 209.85
14.77 -0.488205 2000 210.904
14.775 -0.490624 2000 211.95
14.78 -0.493009 2000 212.98
14.785 -0.495354 2000 213.993
14.79 -0.49766 2000 214.989
14.795 -0.49992 2000 215.966
14.8 -0.502129 2000 216.92
14.805 -0.50429 2000 217.853
14.81 -0.506411 2000 218.77
14.815 -0.508501 2000 219.672
14.82 -0.510565 2000 220.564
14.825 -0.512596 2000 221.441
14.83 -0.514569 2000 222.294
14.835 -0.516469 2000 223.114
14.84 -0.518308 2000 223.909
14.845 -0.520107 2000 224.686
14.85 -0.521867 2000 225.446
14.855 -0.523581 2000 226.187
14.86 -0.525249 2000 226.907
14.865 -0.526869 2000 227.607
14.87 -0.528442 2000 228.287
14.875 -0.52996 2000 228.943
14.88 -0.531416 2000 229.572
14.885 -0.532817 2000 230.177
14.89 -0.534186 2000 230.768
14.895 -0.535539 2000 231.353
14.9 -0.536881 2000 231.932
14.905 -0.538213 2000 232.508
14.91 -0.539525 2000 233.075
14.915 -0.540806 2000 233.628
14.92 -0.542056 2000 234.168
14.925 -0.543277 2000 234.696
14.93 -0.544466 2000 235.209
14.935 -0.545626 2000 235.71
14.94 -0.546747 2000 236.195
14.945 -0.547804 2000 236.651
14.95 -0.548784 2000 237.075
14.955 -0.549707 2000 237.473
14.96 -0.550596 2000 237.858
14.965 -0.551459 2000 238.23
14.97 -0.552286 2000 238.587
14.975 -0.553065 2000 238.924
14.98 -0.553795 2000 239.239
14.985 -0.554483 2000 239.537
14.99 -0.55512 2000 239.812
14.995 -0.555685 2000 240.056
15 -0.556177 2000 240.268
15.005 -0.556617 2000 240.459
15.01 -0.557017 2000 240.632
15.015 -0.557365 2000 240.782
15.02 -0.557641 2000 240.901
15.025 -0.557842 2000 240.988
15.03 -0.55799 2000 241.052
15.035 -0.558106 2000 241.102
15.04 -0.558191 2000 241.139
15.045 -0.558232 2000 241.156
15.05 -0.558211 2000 241.147
15.055 -0.558114 2000 241.105
15.06 -0.557945 2000 241.032
15.065 -0.557724 2000 240.937
15.07 -0.55746 2000 240.823
15.075 -0.557144 2000 240.686
15.08 -0.556762 2000 240.521
15.085 -0.55631 2000 240.326
15.09 -0.555793 2000 240.102
15.095 -0.555207 2000 239.849
15.1 -0.554535 2000 239.559
15.105 -0.553771 2000 239.229
15.11 -0.552942 2000 238.871
15.115 -0.552082 2000 238.499
15.12 -0.551189 2000 238.114
15.125 -0.550235 2000 237.702
15.13 -0.549196 2000 237.253
15.135 -0.548072 2000 236.767
15.14 -0.546877 2000 236.251
15.145 -0.545627 2000 235.711
15.15 -0.544337 2000 235.154
15.155 -0.543011 2000 234.581
15.16 -0.541634 2000 233.986
15.165 -0.5402 2000 233.366
15.17 -0.538723 2000 232.728
15.175 -0.537223 2000 232.08
15.18 -0.535699 2000 231.422
15.185 -0.534141 2000 230.749
15.19 -0.532547 2000 230.06
15.195 -0.530922 2000 229.358
15.2 -0.529264 2000 228.642
15.205 -0.527552 2000 227.902
15.21 -0.525768 2000 227.132
15.215 -0.523925 2000 226.336
15.22 -0.522049 2000 225.525
15.225 -0.520143 2000 224.702
15.23 -0.518183 2000 223.855
15.235 -0.516145 2000 222.974
15.24 -0.514032 2000 222.062
15.245 -0.511873 2000 221.129
15.25 -0.509686 2000 220.185
15.255 -0.507466 2000 219.225
15.26 -0.505195 2000 218.244
15.265 -0.502868 2000 217.239
15.27 -0.500496 2000 216.214
15.275 -0.498076 2000 215.169
15.28 -0.495593 2000 214.096
15.285 -0.49304 2000 212.993
15.29 -0.490434 2000 211.867
15.295 -0.48779 2000 210.725
15.3 -0.485105 2000 209.565
15.305 -0.482369 2000 208.384
15.31 -0.479575 2000 207.177
15.315 -0.476718 2000 205.942
15.32 -0.473803 2000 204.683
15.325 -0.470847 2000 203.406
15.33 -0.467854 2000 202.113
15.335 -0.464818 2000 200.802
15.34 -0.461737 2000 199.47
15.345 -0.458605 2000 198.118
15.35 -0.455416 2000 196.74
15.355 -0.452158 2000 195.332
15.36 -0.448838 2000 193.898
15.365 -0.445484 2000 192.449
15.37 -0.44212 2000 190.996
15.375 -0.438732 2000 189.532
15.38 -0.435283 2000 188.042
15.385 -0.431774 2000 186.527
15.39 -0.428239 2000 184.999
15.395 -0.424698 2000 183.47
15.4 -0.42114 2000 181.932
15.405 -0.417546 2000 180.38
15.41 -0.413904 2000 178.807
15.415 -0.410207 2000 177.209
15.42 -0.406453 2000 175.588
15.425 -0.402655 2000 173.947
15.43 -0.398831 2000 172.295
15.435 -0.394992 2000 170.636
15.44 -0.391122 2000 168.964
15.445 -0.387202 2000 167.271
15.45 -0.383225 2000 165.553
15.455 -0.379186 2000 163.808
15.46 -0.375091 2000 162.039
15.465 -0.370957 2000 160.254
15.47 -0.366805 2000 158.46
15.475 -0.362631 2000 156.656
15.48 -0.358412 2000 154.834
15.485 -0.354134 2000 152.986
15.49 -0.3498 2000 151.114
15.495 -0.34542 2000 149.221
15.5 -0.340997 2000 147.311
15.505 -0.336526 2000 145.379
15.51 -0.331996 2000 143.422
15.515 -0.327403 2000 141.438
15.52 -0.322747 2000 139.427
15.525 -0.318027 2000 137.388
15.53 -0.313245 2000 135.322
15.535 -0.3084 2000 133.229
15.54 -0.303501 2000 131.112
15.545 -0.298569 2000 128.982
15.55 -0.293633 2000 126.85
15.555 -0.288701 2000 124.719
15.56 -0.28375 2000 122.58
15.565 -0.278746 2000 120.418
15.57 -0.27367 2000 118.226
15.575 -0.268534 2000 116.007
15.58 -0.263359 2000 113.771
15.585 -0.258162 2000 111.526
15.59 -0.252949 2000 109.274
15.595 -0.247723 2000 107.016
15.6 -0.242482 2000 104.752
15.605 -0.237217 2000 102.478
15.61 -0.231911 2000 100.186
15.615 -0.226566 2000 97.8767
15.62 -0.221199 2000 95.5579
15.625 -0.215811 2000 93.2302
15.63 -0.210381 2000 90.8847
15.635 -0.204894 2000 88.5141
15.64 -0.199351 2000 86.1195
15.645 -0.193758 2000 83.7034
15.65 -0.188114 2000 81.2651
15.655 -0.182425 2000 78.8074
15.66 -0.176712 2000 76.3396
15.665 -0.170988 2000 73.867
15.67 -0.165241 2000 71.384
15.675 -0.159451 2000 68.883
15.68 -0.153627 2000 66.3669
15.685 -0.147792 2000 63.846
15.69 -0.141956 2000 61.3251
15.695 -0.136118 2000 58.8032
15.7 -0.130272 2000 56.2776
15.705 -0.124411 2000 53.7455
15.71 -0.118533 2000 51.2061
15.715 -0.112644 2000 48.6623
15.72 -0.106741 2000 46.1122
15.725 -0.100797 2000 43.5443
15.73 -0.0947881 2000 40.9485
15.735 -0.0887275 2000 38.3303
15.74 -0.0826474 2000 35.7037
15.745 -0.0765566 2000 33.0725
15.75 -0.0704373 2000 30.4289
15.755 -0.0642769 2000 27.7676
15.76 -0.0580837 2000 25.0922
15.765 -0.0518674 2000 22.4067
15.77 -0.0456277 2000 19.7112
15.775 -0.0393576 2000 17.0025
15.78 -0.0330433 2000 14.2747
15.785 -0.0266771 2000 11.5245
15.79 -0.020271 2000 8.75706
15.795 -0.0138425 2000 5.97996
15.8 -0.00739663 2000 3.19534
15.805 -0.000935264 2000 0.404034
15.81 0.00553039 2000 -2.38913
15.815 0.0119909 2000 -5.18009
15.82 0.0184542 2000 -7.97222
15.825 0.0249411 2000 -10.7746
15.83 0.0314625 2000 -13.5918
15.835 0.0380056 2000 -16.4184
15.84 0.0445517 2000 -19.2464
15.845 0.0510963 2000 -22.0736
15.85 0.057644 2000 -24.9022
15.855 0.0641998 2000 -27.7343
15.86 0.07077 2000 -30.5727
15.865 0.0773556 2000 -33.4176
15.87 0.0839441 2000 -36.2638
15.875 0.0905267 2000 -39.1075
15.88 0.0971114 2000 -41.9521
15.885 0.103702 2000 -44.7993
15.89 0.110283 2000 -47.6421
15.895 0.116838 2000 -50.4741
15.9 0.123372 2000 -53.2966
15.905 0.129898 2000 -56.1159
15.91 0.136432 2000 -58.9388
15.915 0.142989 2000 -61.7711
15.92 0.149572 2000 -64.6151
15.925 0.156175 2000 -67.4677
15.93 0.162784 2000 -70.3226
15.935 0.169391 2000 -73.177
15.94 0.176002 2000 -76.0329
15.945 0.182623 2000 -78.8932
15.95 0.189256 2000 -81.7585
15.955 0.195899 2000 -84.6282
15.96 0.20255 2000 -87.5017
15.965 0.20921 2000 -90.3787
15.97 0.21588 2000 -93.2603
15.975 0.222565 2000 -96.1483
15.98 0.229262 2000 -99.0413
15.985 0.235961 2000 -101.935
15.99 0.242661 2000 -104.83
15.995 0.249364 2000 -107.725
16 0.256065 2000 -110.62
16.005 0.262759 2000 -113.512
16.01 0.269449 2000 -116.402
16.015 0.276142 2000 -119.293
16.02 0.282839 2000 -122.187
16.025 0.289532 2000 -125.078
16.03 0.296206 2000 -127.961
16.035 0.30286 2000 -130.835
16.04 0.309507 2000 -133.707
16.045 0.316173 2000 -136.587
16.05 0.322865 2000 -139.478
16.055 0.329555 2000 -142.368
16.06 0.336204 2000 -145.24
16.065 0.342811 2000 -148.094
16.07 0.349407 2000 -150.944
16.075 0.356013 2000 -153.797
16.08 0.362625 2000 -156.654
16.085 0.369237 2000 -159.51
16.09 0.375849 2000 -162.367
16.095 0.382463 2000 -165.224
16.1 0.389076 2000 -168.081
16.105 0.395691 2000 -170.939
16.11 0.402304 2000 -173.795
16.115 0.408905 2000 -176.647
16.12 0.415495 2000 -179.494
16.125 0.422084 2000 -182.34
16.13 0.428661 2000 -185.182
16.135 0.435205 2000 -188.009
16.14 0.441714 2000 -190.82
16.145 0.44821 2000 -193.627
16.15 0.454712 2000 -196.436
16.155 0.461219 2000 -199.246
16.16 0.467722 2000 -202.056
16.165 0.474214 2000 -204.861
16.17 0.480689 2000 -207.657
16.175 0.487135 2000 -210.442
16.18 0.493547 2000 -213.212
16.185 0.499929 2000 -215.969
16.19 0.506294 2000 -218.719
16.195 0.512637 2000 -221.459
16.2 0.518932 2000 -224.179
16.205 0.525177 2000 -226.876
16.21 0.531392 2000 -229.561
16.215 0.537605 2000 -232.245
16.22 0.543816 2000 -234.928
16.225 0.550004 2000 -237.602
16.23 0.55616 2000 -240.261
16.235 0.562293 2000 -242.911
16.24 0.568422 2000 -245.558
16.245 0.574553 2000 -248.207
16.25 0.580665 2000 -250.847
16.255 0.586745 2000 -253.474
16.26 0.592798 2000 -256.089
16.265 0.598839 2000 -258.698
16.27 0.604871 2000 -261.304
16.275 0.610874 2000 -263.898
16.28 0.616833 2000 -266.472
16.285 0.62276 2000 -269.032
16.29 0.628676 2000 -271.588
16.295 0.634588 2000 -274.142
16.3 0.64049 2000 -276.692
16.305 0.646365 2000 -279.23
16.31 0.652207 2000 -281.753
16.315 0.658024 2000 -284.266
16.32 0.66382 2000 -286.77
16.325 0.669585 2000 -289.261
16.33 0.675312 2000 -291.735
16.335 0.681006 2000 -294.194
16.34 0.686679 2000 -296.645
16.345 0.692332 2000 -299.087
16.35 0.697959 2000 -301.518
16.355 0.703566 2000 -303.941
16.36 0.709166 2000 -306.36
16.365 0.714767 2000 -308.779
16.37 0.72036 2000 -311.195
16.375 0.725924 2000 -313.599
16.38 0.731446 2000 -315.985
16.385 0.736928 2000 -318.353
16.39 0.74238 2000 -320.708
16.395 0.747813 2000 -323.055
16.4 0.753232 2000 -325.396
16.405 0.758624 2000 -327.726
16.41 0.763979 2000 -330.039
16.415 0.769304 2000 -332.339
16.42 0.774599 2000 -334.627
16.425 0.779856 2000 -336.898
16.43 0.785074 2000 -339.152
16.435 0.790266 2000 -341.395
16.44 0.795441 2000 -343.63
16.445 0.800608 2000 -345.863
16.45 0.805763 2000 -348.09
16.455 0.810889 2000 -350.304
16.46 0.815974 2000 -352.501
16.465 0.821023 2000 -354.682
16.47 0.826049 2000 -356.853
16.475 0.831056 2000 -359.016
16.48 0.836038 2000 -361.168
16.485 0.840974 2000 -363.301
16.49 0.845851 2000 -365.408
16.495 0.85067 2000 -367.49
16.5 0.855436 2000 -369.549
16.505 0.860148 2000 -371.584
16.51 0.864811 2000 -373.598
16.515 0.869426 2000 -375.592
16.52 0.873992 2000 -377.564
16.525 0.878502 2000 -379.513
16.53 0.88295 2000 -381.434
16.535 0.887331 2000 -383.327
16.54 0.891656 2000 -385.195
16.545 0.895951 2000 -387.051
16.55 0.900232 2000 -388.9
16.555 0.904481 2000 -390.736
16.56 0.908667 2000 -392.544
16.565 0.912791 2000 -394.326
16.57 0.916874 2000 -396.09
16.575 0.920926 2000 -397.84
16.58 0.924945 2000 -399.576
16.585 0.928932 2000 -401.298
16.59 0.932884 2000 -403.006
16.595 0.936802 2000 -404.698
16.6 0.940684 2000 -406.375
16.605 0.944521 2000 -408.033
16.61 0.948298 2000 -409.665
16.615 0.952015 2000 -411.271
16.62 0.955694 2000 -412.86
16.625 0.959354 2000 -414.441
16.63 0.962993 2000 -416.013
16.635 0.966594 2000 -417.569
16.64 0.970153 2000 -419.106
16.645 0.973671 2000 -420.626
16.65 0.977149 2000 -422.128
16.655 0.980587 2000 -423.614
16.66 0.983991 2000 -425.084
16.665 0.98736 2000 -426.539
16.67 0.990682 2000 -427.975
16.675 0.993956 2000 -429.389
16.68 0.997187 2000 -430.785
16.685 1.00038 2000 -432.162
16.69 1.00353 2000 -433.526
16.695 1.00666 2000 -434.877
16.7 1.00974 2000 -436.209
16.705 1.01274 2000 -437.505
16.71 1.01563 2000 -438.753
16.715 1.01841 2000 -439.952
16.72 1.0211 2000 -441.116
16.725 1.02375 2000 -442.262
16.73 1.02638 2000 -443.395
16.735 1.02896 2000 -444.512
16.74 1.0315 2000 -445.61
16.745 1.034 2000 -446.688
16.75 1.03645 2000 -447.748
16.755 1.03887 2000 -448.792
16.76 1.04127 2000 -449.828
16.765 1.04364 2000 -450.853
16.77 1.04595 2000 -451.851
16.775 1.04816 2000 -452.805
16.78 1.05028 2000 -453.72
16.785 1.05234 2000 -454.612
16.79 1.05437 2000 -455.486
16.795 1.05635 2000 -456.344
16.8 1.05829 2000 -457.182
16.805 1.06018 2000 -457.997
16.81 1.06201 2000 -458.788
16.815 1.06378 2000 -459.554
16.82 1.06549 2000 -460.29
16.825 1.0671 2000 -460.989
16.83 1.06864 2000 -461.652
16.835 1.0701 2000 -462.284
16.84 1.0715 2000 -462.888
16.845 1.07285 2000 -463.469
16.85 1.07414 2000 -464.029
16.855 1.07539 2000 -464.567
16.86 1.07658 2000 -465.081
16.865 1.0777 2000 -465.565
16.87 1.07875 2000 -466.018
16.875 1.07974 2000 -466.447
16.88 1.0807 2000 -466.862
16.885 1.08164 2000 -467.267
16.89 1.08253 2000 -467.655
16.895 1.08336 2000 -468.01
16.9 1.08409 2000 -468.325
16.905 1.08473 2000 -468.602
16.91 1.0853 2000 -468.851
16.915 1.08584 2000 -469.083
16.92 1.08634 2000 -469.3
16.925 1.0868 2000 -469.496
16.93 1.08718 2000 -469.662
16.935 1.08749 2000 -469.796
16.94 1.08774 2000 -469.903
16.945 1.08793 2000 -469.987
16.95 1.08808 2000 -470.05
16.955 1.08817 2000 -470.089
16.96 1.0882 2000 -470.104
16.965 1.08818 2000 -470.093
16.97 1.0881 2000 -470.058
16.975 1.08796 2000 -470
16.98 1.08778 2000 -469.92
16.985 1.08753 2000 -469.813
16.99 1.08721 2000 -469.677
16.995 1.08685 2000 -469.52
17 1.08646 2000 -469.35
17.005 1.08602 2000 -469.162
17.01 1.08554 2000 -468.951
17.015 1.085 2000 -468.721
17.02 1.08442 2000 -468.471
17.025 1.08379 2000 -468.198
17.03 1.08309 2000 -467.896
17.035 1.08233 2000 -467.566
17.04 1.08152 2000 -467.215
17.045 1.08066 2000 -466.843
17.05 1.07973 2000 -466.442
17.055 1.07871 2000 -466.003
17.06 1.07762 2000 -465.532
17.065 1.07648 2000 -465.038
17.07 1.07527 2000 -464.517
17.075 1.07399 2000 -463.966
17.08 1.07264 2000 -463.383
17.085 1.07123 2000 -462.773
17.09 1.06977 2000 -462.142
17.095 1.06826 2000 -461.488
17.1 1.06667 2000 -460.802
17.105 1.06501 2000 -460.086
17.11 1.0633 2000 -459.348
17.115 1.06156 2000 -458.592
17.12 1.05977 2000 -457.819
17.125 1.05794 2000 -457.031
17.13 1.05608 2000 -456.227
17.135 1.05418 2000 -455.404
17.14 1.05222 2000 -454.559
17.145 1.05021 2000 -453.69
17.15 1.04814 2000 -452.798
17.155 1.04603 2000 -451.884
17.16 1.04387 2000 -450.951
17.165 1.04168 2000 -450.005
17.17 1.03945 2000 -449.044
17.175 1.0372 2000 -448.07
17.18 1.03491 2000 -447.08
17.185 1.03256 2000 -446.066
17.19 1.03014 2000 -445.019
17.195 1.02764 2000 -443.94
17.2 1.02509 2000 -442.838
17.205 1.0225 2000 -441.721
17.21 1.01988 2000 -440.59
17.215 1.01722 2000 -439.44
17.22 1.01453 2000 -438.275
17.225 1.01181 2000 -437.101
17.23 1.00906 2000 -435.914
17.235 1.00626 2000 -434.702
17.24 1.00338 2000 -433.462
17.245 1.00046 2000 -432.201
17.25 0.997523 2000 -430.93
17.255 0.994564 2000 -429.652
17.26 0.991573 2000 -428.359
17.265 0.988543 2000 -427.051
17.27 0.985488 2000 -425.731
17.275 0.982414 2000 -424.403
17.28 0.979318 2000 -423.065
17.285 0.976208 2000 -421.722
17.29 0.973094 2000 -420.377
17.295 0.969976 2000 -419.03
17.3 0.966848 2000 -417.678
17.305 0.963713 2000 -416.324
17.31 0.960573 2000 -414.968
17.315 0.957414 2000 -413.603
17.32 0.954224 2000 -412.225
17.325 0.951003 2000 -410.833
17.33 0.947754 2000 -409.43
17.335 0.944469 2000 -408.011
