0.1 1.80104e-17 -0.0169098 -8.33814e-20
0.2 1.02159e-17 -0.0340743 -4.72958e-20
0.3 4.0275e-17 -0.0515056 -1.86458e-19
0.4 4.30798e-17 -0.0692164 -1.99443e-19
0.5 3.98998e-17 -0.0872206 -1.84721e-19
0.6 1.35783e-16 -0.105533 -6.28624e-19
0.7 8.32027e-17 -0.124171 -3.85198e-19
0.8 1.8598e-16 -0.143152 -8.6102e-19
0.9 1.67958e-16 -0.162495 -7.77585e-19
1 -1.48443e-16 -0.182228 6.87237e-19
0.005 -8.79704e-05 -0.182228 3.05453e-07
0.01 -0.000439637 -0.182229 1.52651e-06
0.015 -0.00114232 -0.182231 3.96637e-06
0.02 -0.00219513 -0.182234 7.62197e-06
0.025 -0.00359718 -0.182237 1.24901e-05
0.03 -0.00534751 -0.182241 1.85676e-05
0.035 -0.00744516 -0.182247 2.58509e-05
0.04 -0.00988908 -0.182253 3.43365e-05
0.045 -0.0126782 -0.18226 4.40205e-05
0.05 -0.0158113 -0.182267 5.48988e-05
0.055 -0.0192874 -0.182276 6.69675e-05
0.06 -0.023105 -0.182286 8.02219e-05
0.065 -0.0272628 -0.182296 9.46574e-05
0.07 -0.0317596 -0.182307 0.000110269
0.075 -0.0365939 -0.182319 0.000127052
0.08 -0.0417639 -0.182332 0.000145001
0.085 -0.0472681 -0.182346 0.000164109
0.09 -0.0531046 -0.182361 0.00018437
0.095 -0.0592722 -0.182376 0.00020578
0.1 -0.0657694 -0.182392 0.000228333
0.105 -0.072595 -0.18241 0.000252026
0.11 -0.0797481 -0.182428 0.000276854
0.115 -0.0872278 -0.182447 0.000302814
0.12 -0.0950329 -0.182467 0.000329904
0.125 -0.103162 -0.182487 0.000358117
0.13 -0.111615 -0.182509 0.00038745
0.135 -0.120388 -0.182532 0.000417897
0.14 -0.129482 -0.182555 0.000449451
0.145 -0.138892 -0.182579 0.000482103
0.15 -0.148617 -0.182605 0.000515845
0.155 -0.158653 -0.182631 0.000550666
0.16 -0.168998 -0.182658 0.000586554
0.165 -0.179649 -0.182686 0.000623501
0.17 -0.190604 -0.182715 0.000661499
0.175 -0.20186 -0.182745 0.000700541
0.18 -0.213417 -0.182775 0.00074062
0.185 -0.225273 -0.182807 0.000781735
0.19 -0.237429 -0.18284 0.000823883
0.195 -0.249883 -0.182874 0.000867064
0.2 -0.262635 -0.182908 0.000911269
0.205 -0.275682 -0.182944 0.000956492
0.21 -0.289022 -0.182981 0.00100272
0.215 -0.302652 -0.183019 0.00104996
0.22 -0.316567 -0.183057 0.00109817
0.225 -0.330763 -0.183097 0.00114735
0.23 -0.345235 -0.183138 0.00119748
0.235 -0.359978 -0.18318 0.00124854
0.24 -0.374987 -0.183223 0.00130051
0.245 -0.390256 -0.183267 0.00135337
0.25 -0.405782 -0.183313 0.00140712
0.255 -0.421562 -0.183359 0.00146173
0.26 -0.437595 -0.183407 0.00151721
0.265 -0.453883 -0.183455 0.00157356
0.27 -0.470431 -0.183505 0.0016308
0.275 -0.48724 -0.183556 0.00168894
0.28 -0.504312 -0.183608 0.00174797
0.285 -0.521644 -0.183662 0.0018079
0.29 -0.539234 -0.183716 0.0018687
0.295 -0.557078 -0.183772 0.00193038
0.3 -0.575176 -0.183829 0.00199292
0.305 -0.593524 -0.183888 0.00205632
0.31 -0.612119 -0.183947 0.00212057
0.315 -0.630955 -0.184008 0.00218564
0.32 -0.650024 -0.184071 0.00225151
0.325 -0.669321 -0.184134 0.00231815
0.33 -0.688843 -0.184199 0.00238557
0.335 -0.708591 -0.184265 0.00245376
0.34 -0.728563 -0.184332 0.00252272
0.345 -0.748757 -0.1844 0.00259244
0.35 -0.769168 -0.18447 0.0026629
0.355 -0.789791 -0.184541 0.00273408
0.36 -0.81062 -0.184613 0.00280597
0.365 -0.831648 -0.184686 0.00287855
0.37 -0.852874 -0.184761 0.00295179
0.375 -0.874293 -0.184837 0.0030257
0.38 -0.895902 -0.184914 0.00310027
0.385 -0.917699 -0.184992 0.00317547
0.39 -0.93968 -0.185071 0.0032513
0.395 -0.961842 -0.185152 0.00332775
0.4 -0.984181 -0.185234 0.0034048
0.405 -1.00669 -0.185317 0.00348245
0.41 -1.02938 -0.185401 0.00356068
0.415 -1.05223 -0.185486 0.00363949
0.42 -1.07525 -0.185573 0.00371885
0.425 -1.09843 -0.185661 0.00379877
0.43 -1.12176 -0.185749 0.00387922
0.435 -1.14525 -0.185839 0.00396019
0.44 -1.16889 -0.185931 0.00404168
0.445 -1.19268 -0.186023 0.00412366
0.45 -1.21661 -0.186117 0.00420614
0.455 -1.24069 -0.186211 0.0042891
0.46 -1.2649 -0.186307 0.00437251
0.465 -1.28924 -0.186404 0.00445639
0.47 -1.31372 -0.186502 0.0045407
0.475 -1.33832 -0.186601 0.00462544
0.48 -1.36305 -0.186701 0.00471061
0.485 -1.38791 -0.186802 0.00479623
0.49 -1.41291 -0.186905 0.00488231
0.495 -1.43806 -0.187009 0.00496888
0.5 -1.46334 -0.187113 0.00505593
0.505 -1.48878 -0.187217 0.0051433
0.51 -1.51436 -0.187321 0.005231
0.515 -1.54009 -0.187425 0.0053192
0.52 -1.56596 -0.187528 0.00540768
0.525 -1.59196 -0.187631 0.00549644
0.53 -1.61809 -0.187735 0.00558563
0.535 -1.64434 -0.18784 0.00567525
0.54 -1.67071 -0.187945 0.00576521
0.545 -1.6972 -0.188044 0.005855
0.55 -1.72379 -0.188137 0.00594462
0.555 -1.75045 -0.188231 0.00603452
0.56 -1.77716 -0.188327 0.00612458
0.565 -1.80388 -0.188423 0.00621466
0.57 -1.83058 -0.188512 0.00630438
0.575 -1.85726 -0.188592 0.00639368
0.58 -1.88391 -0.188667 0.00648238
0.585 -1.91051 -0.188735 0.00657048
0.59 -1.93708 -0.188796 0.0066582
0.595 -1.96362 -0.18885 0.00674561
0.6 -1.99016 -0.188906 0.00683301
0.605 -2.01669 -0.188964 0.00692041
0.61 -2.0432 -0.189023 0.00700777
0.615 -2.0697 -0.189081 0.00709503
0.62 -2.09618 -0.189116 0.00718147
0.625 -2.12265 -0.189126 0.00726688
0.63 -2.14912 -0.189133 0.00735203
0.635 -2.17562 -0.189142 0.00743729
0.64 -2.20213 -0.189153 0.00752263
0.645 -2.22866 -0.189165 0.00760804
0.65 -2.2552 -0.189178 0.00769349
0.655 -2.28175 -0.189193 0.00777899
0.66 -2.30831 -0.189208 0.0078645
0.665 -2.33487 -0.189225 0.00795002
0.67 -2.36142 -0.189242 0.00803553
0.675 -2.38798 -0.18924 0.0081205
0.68 -2.41456 -0.189218 0.00820498
0.685 -2.44117 -0.189194 0.00828934
0.69 -2.46782 -0.189168 0.00837366
0.695 -2.49456 -0.189142 0.00845822
0.7 -2.52139 -0.189118 0.00854309
0.705 -2.54831 -0.189095 0.00862827
0.71 -2.57531 -0.189072 0.00871367
0.715 -2.60232 -0.18905 0.0087991
0.72 -2.62928 -0.189029 0.00888435
0.725 -2.6561 -0.189009 0.00896916
0.73 -2.68271 -0.18899 0.00905328
0.735 -2.70904 -0.188971 0.00913651
0.74 -2.73506 -0.188953 0.00921871
0.745 -2.76073 -0.188918 0.00929943
0.75 -2.78606 -0.188869 0.0093787
0.755 -2.81106 -0.188821 0.00945692
0.76 -2.83575 -0.188775 0.00953416
0.765 -2.86016 -0.18873 0.00961052
0.77 -2.88433 -0.188684 0.00968599
0.775 -2.90829 -0.188634 0.00976055
0.78 -2.93207 -0.188583 0.0098344
0.785 -2.95567 -0.188532 0.0099077
0.79 -2.9791 -0.18848 0.00998033
0.795 -3.00235 -0.188427 0.0100523
0.8 -3.02542 -0.188375 0.0101237
0.805 -3.04833 -0.188323 0.0101945
0.81 -3.07111 -0.188272 0.010265
0.815 -3.09377 -0.188222 0.010335
0.82 -3.11635 -0.188164 0.0104044
0.825 -3.13886 -0.188099 0.0104732
0.83 -3.16133 -0.188035 0.0105419
0.835 -3.18378 -0.187972 0.0106105
0.84 -3.20624 -0.187909 0.0106792
0.845 -3.22874 -0.187847 0.010748
0.85 -3.2513 -0.187775 0.0108168
0.855 -3.27392 -0.187693 0.0108856
0.86 -3.29661 -0.187612 0.0109546
0.865 -3.31936 -0.187523 0.0110233
0.87 -3.34216 -0.187426 0.0110919
0.875 -3.36499 -0.18733 0.0111605
0.88 -3.38782 -0.187235 0.0112292
0.885 -3.41063 -0.187135 0.0112975
0.89 -3.43337 -0.187033 0.0113654
0.895 -3.45595 -0.186931 0.0114329
0.9 -3.47827 -0.186832 0.0114996
0.905 -3.5002 -0.186734 0.011565
0.91 -3.52165 -0.186627 0.0116285
0.915 -3.54251 -0.186514 0.0116898
0.92 -3.56268 -0.186405 0.0117491
0.925 -3.5821 -0.186301 0.0118062
0.93 -3.60075 -0.186201 0.011861
0.935 -3.61866 -0.186105 0.0119135
0.94 -3.63587 -0.186013 0.0119641
0.945 -3.65247 -0.185925 0.0120128
0.95 -3.66854 -0.18584 0.01206
0.955 -3.68419 -0.185757 0.0121059
0.96 -3.69949 -0.185668 0.0121504
0.965 -3.71449 -0.185572 0.0121938
0.97 -3.72928 -0.185479 0.0122365
0.975 -3.7439 -0.185388 0.0122787
0.98 -3.75843 -0.185297 0.0123207
0.985 -3.7729 -0.185207 0.0123625
0.99 -3.78736 -0.185117 0.0124043
0.995 -3.80184 -0.185027 0.0124462
1 -3.81633 -0.184936 0.0124883
1.005 -3.83081 -0.184842 0.0125302
1.01 -3.84525 -0.184746 0.0125719
1.015 -3.85956 -0.184652 0.0126131
1.02 -3.87364 -0.184557 0.0126537
1.025 -3.88742 -0.184457 0.012693
1.03 -3.90079 -0.184353 0.0127309
1.035 -3.9137 -0.184253 0.0127674
1.04 -3.92616 -0.184156 0.0128027
1.045 -3.93819 -0.184064 0.0128368
1.05 -3.94985 -0.183975 0.0128698
1.055 -3.9612 -0.183888 0.012902
1.06 -3.97227 -0.183804 0.0129333
1.065 -3.9831 -0.183722 0.012964
1.07 -3.99373 -0.183641 0.0129941
1.075 -4.00422 -0.183562 0.0130238
1.08 -4.01458 -0.183483 0.0130532
1.085 -4.02478 -0.183406 0.0130821
1.09 -4.0348 -0.183331 0.0131104
1.095 -4.04456 -0.183257 0.013138
1.1 -4.05397 -0.183181 0.0131645
1.105 -4.06291 -0.183105 0.0131894
1.11 -4.07127 -0.183033 0.0132127
1.115 -4.07894 -0.182966 0.0132341
1.12 -4.08584 -0.182904 0.0132534
1.125 -4.09191 -0.182849 0.0132703
1.13 -4.09711 -0.182802 0.0132848
1.135 -4.10146 -0.182762 0.0132969
1.14 -4.10501 -0.18273 0.0133068
1.145 -4.10781 -0.182705 0.0133146
1.15 -4.10993 -0.182686 0.0133205
1.155 -4.11143 -0.182672 0.0133247
1.16 -4.11234 -0.182664 0.0133272
1.165 -4.11269 -0.18266 0.0133282
1.17 -4.11253 -0.182661 0.0133278
1.175 -4.11189 -0.182668 0.0133259
1.18 -4.11084 -0.182681 0.0133228
1.185 -4.10945 -0.182697 0.0133186
1.19 -4.10781 -0.182716 0.0133138
1.195 -4.10598 -0.182737 0.0133084
1.2 -4.10404 -0.18276 0.0133026
1.205 -4.10204 -0.182783 0.0132967
1.21 -4.10003 -0.182807 0.0132907
1.215 -4.09802 -0.18283 0.0132848
1.22 -4.09598 -0.182854 0.0132788
1.225 -4.09386 -0.182879 0.0132725
1.23 -4.09156 -0.182905 0.0132657
1.235 -4.08901 -0.182935 0.0132581
1.24 -4.0861 -0.182969 0.0132495
1.245 -4.08273 -0.183007 0.0132395
1.25 -4.07886 -0.183051 0.013228
1.255 -4.07443 -0.1831 0.0132149
1.26 -4.06944 -0.183155 0.0132001
1.265 -4.06389 -0.183215 0.0131836
1.27 -4.05776 -0.183282 0.0131654
1.275 -4.05105 -0.183355 0.0131455
1.28 -4.04374 -0.183435 0.0131238
1.285 -4.03581 -0.183521 0.0131003
1.29 -4.02726 -0.183614 0.0130749
1.295 -4.01808 -0.183714 0.0130477
1.3 -4.00828 -0.183819 0.0130185
1.305 -3.99789 -0.183927 0.0129874
1.31 -3.98694 -0.184041 0.0129547
1.315 -3.97545 -0.184161 0.0129203
1.32 -3.96347 -0.184287 0.0128845
1.325 -3.95101 -0.184418 0.0128473
1.33 -3.93813 -0.184553 0.0128088
1.335 -3.92484 -0.184693 0.0127691
1.34 -3.91119 -0.184837 0.0127284
1.345 -3.89719 -0.184984 0.0126866
1.35 -3.8829 -0.185135 0.0126439
1.355 -3.86836 -0.185288 0.0126005
1.36 -3.85365 -0.185442 0.0125568
1.365 -3.83885 -0.185597 0.0125129
1.37 -3.82407 -0.185752 0.012469
1.375 -3.80938 -0.185905 0.0124254
1.38 -3.79488 -0.186051 0.0123821
1.385 -3.78062 -0.18619 0.0123393
1.39 -3.76667 -0.186326 0.0122974
1.395 -3.75307 -0.186457 0.0122566
1.4 -3.73981 -0.186583 0.0122166
1.405 -3.72687 -0.186707 0.0121777
1.41 -3.71417 -0.186829 0.0121395
1.415 -3.70163 -0.18695 0.0121018
1.42 -3.68913 -0.187071 0.0120642
1.425 -3.67652 -0.187193 0.0120263
1.43 -3.66369 -0.187317 0.0119878
1.435 -3.65055 -0.187444 0.0119483
1.44 -3.63703 -0.187575 0.0119077
1.445 -3.62309 -0.18771 0.0118658
1.45 -3.60869 -0.18785 0.0118225
1.455 -3.59379 -0.187988 0.0117775
1.46 -3.57837 -0.188126 0.0117306
1.465 -3.56242 -0.18827 0.0116822
1.47 -3.54591 -0.18842 0.0116321
1.475 -3.52884 -0.188575 0.0115803
1.48 -3.51124 -0.188735 0.0115269
1.485 -3.4931 -0.1889 0.0114719
1.49 -3.47443 -0.189071 0.0114154
1.495 -3.4552 -0.189247 0.0113571
1.5 -3.43538 -0.189428 0.011297
1.505 -3.41496 -0.189614 0.0112352
1.51 -3.39394 -0.189799 0.0111711
1.515 -3.37237 -0.18998 0.011105
1.52 -3.35034 -0.190157 0.0110373
1.525 -3.32792 -0.19033 0.0109683
1.53 -3.30521 -0.190506 0.0108985
1.535 -3.2823 -0.19068 0.0108278
1.54 -3.25927 -0.190853 0.0107567
1.545 -3.23618 -0.191027 0.0106855
1.55 -3.21308 -0.191201 0.0106141
1.555 -3.18999 -0.191366 0.0105424
1.56 -3.16688 -0.191526 0.0104703
1.565 -3.14368 -0.191686 0.0103979
1.57 -3.12032 -0.191849 0.0103251
1.575 -3.09673 -0.192014 0.0102516
1.58 -3.07283 -0.192181 0.0101771
1.585 -3.0486 -0.192351 0.0101017
1.59 -3.02404 -0.192523 0.0100252
1.595 -2.99916 -0.192691 0.00994732
1.6 -2.97399 -0.192853 0.00986814
1.605 -2.94854 -0.193019 0.00978817
1.61 -2.9229 -0.193185 0.00970756
1.615 -2.89711 -0.193353 0.00962651
1.62 -2.87123 -0.193503 0.00954469
1.625 -2.84533 -0.193638 0.00946231
1.63 -2.81942 -0.193774 0.00937994
1.635 -2.79352 -0.193905 0.00929731
1.64 -2.76761 -0.194032 0.0092144
1.645 -2.74168 -0.19416 0.00913144
1.65 -2.71567 -0.194289 0.00904825
1.655 -2.6895 -0.19442 0.0089646
1.66 -2.66308 -0.194552 0.00888017
1.665 -2.63631 -0.194686 0.00879461
1.67 -2.60911 -0.194822 0.00870769
1.675 -2.58143 -0.194961 0.00861925
1.68 -2.55324 -0.195103 0.00852922
1.685 -2.52456 -0.195245 0.00843756
1.69 -2.49542 -0.195369 0.0083438
1.695 -2.46584 -0.195477 0.00824813
1.7 -2.43587 -0.195588 0.00815123
1.705 -2.40552 -0.195701 0.00805312
1.71 -2.37476 -0.195811 0.00795343
1.715 -2.34357 -0.19592 0.00785203
1.72 -2.31189 -0.19603 0.00774909
1.725 -2.27972 -0.196143 0.0076446
1.73 -2.2471 -0.196258 0.00753866
1.735 -2.21411 -0.196372 0.00743144
1.74 -2.18089 -0.196462 0.0073226
1.745 -2.14761 -0.19653 0.00721284
1.75 -2.11448 -0.196599 0.00710362
1.755 -2.0817 -0.196668 0.00699555
1.76 -2.04946 -0.196728 0.00688868
1.765 -2.01787 -0.196773 0.00678321
1.77 -1.987 -0.196809 0.00667993
1.775 -1.95689 -0.196847 0.00657925
1.78 -1.92754 -0.196876 0.00648083
1.785 -1.89892 -0.196899 0.00638461
1.79 -1.87097 -0.196921 0.00629067
1.795 -1.84363 -0.196937 0.00619826
1.8 -1.81685 -0.196945 0.00610724
1.805 -1.79056 -0.196955 0.00601791
1.81 -1.76467 -0.196964 0.00593002
1.815 -1.73913 -0.196975 0.0058433
1.82 -1.71388 -0.196985 0.00575763
1.825 -1.68891 -0.196996 0.00567293
1.83 -1.6642 -0.197007 0.00558907
1.835 -1.63971 -0.197012 0.00550543
1.84 -1.61538 -0.197011 0.00542188
1.845 -1.59117 -0.19701 0.00533877
1.85 -1.56705 -0.19701 0.00525602
1.855 -1.54302 -0.197011 0.00517356
1.86 -1.51904 -0.197009 0.00509113
1.865 -1.49508 -0.197006 0.00500861
1.87 -1.47108 -0.197004 0.004926
1.875 -1.44703 -0.197001 0.00484317
1.88 -1.4229 -0.196996 0.00475991
1.885 -1.39869 -0.19699 0.00467622
1.89 -1.37438 -0.196984 0.0045922
1.895 -1.34993 -0.196979 0.00450775
1.9 -1.32532 -0.196973 0.00442272
1.905 -1.30048 -0.196968 0.00433694
1.91 -1.2754 -0.196963 0.00425032
1.915 -1.25011 -0.196958 0.004163
1.92 -1.2247 -0.196953 0.00407528
1.925 -1.19929 -0.196949 0.00398756
1.93 -1.17399 -0.196945 0.00390023
1.935 -1.1489 -0.196941 0.00381363
1.94 -1.12412 -0.196938 0.00372809
1.945 -1.09971 -0.196934 0.00364386
1.95 -1.07572 -0.196931 0.00356107
1.955 -1.05215 -0.196927 0.00347973
1.96 -1.02897 -0.196924 0.00339973
1.965 -1.00613 -0.196922 0.00332089
1.97 -0.983554 -0.19692 0.003243
1.975 -0.9612 -0.196919 0.00316588
1.98 -0.939034 -0.196917 0.0030894
1.985 -0.917047 -0.196916 0.00301354
1.99 -0.89524 -0.196915 0.00293831
1.995 -0.873615 -0.196914 0.00286371
2 -0.852175 -0.196915 0.00278974
2.005 -0.83092 -0.196916 0.00271644
2.01 -0.809839 -0.196918 0.00264374
2.015 -0.788898 -0.19692 0.00257152
2.02 -0.768038 -0.196923 0.00249957
2.025 -0.747202 -0.196926 0.0024277
2.03 -0.72635 -0.196929 0.00235577
2.035 -0.705491 -0.196935 0.00228383
2.04 -0.684678 -0.196941 0.00221206
2.045 -0.663986 -0.196948 0.0021407
2.05 -0.643498 -0.196957 0.00207003
2.055 -0.623293 -0.196966 0.00200034
2.06 -0.603435 -0.196978 0.00193184
2.065 -0.583942 -0.196991 0.0018646
2.07 -0.564772 -0.197003 0.00179847
2.075 -0.545863 -0.197016 0.00173324
2.08 -0.527159 -0.197028 0.00166871
2.085 -0.508632 -0.197041 0.00160477
2.09 -0.490283 -0.197054 0.00154143
2.095 -0.472131 -0.197069 0.00147877
2.1 -0.454212 -0.197084 0.00141691
2.105 -0.436589 -0.1971 0.00135601
2.11 -0.419367 -0.197118 0.0012964
2.115 -0.402672 -0.197136 0.00123854
2.12 -0.386632 -0.197155 0.0011829
2.125 -0.371354 -0.197177 0.00112988
2.13 -0.356933 -0.197198 0.00107977
2.135 -0.343432 -0.19722 0.00103279
2.14 -0.330879 -0.197241 0.000989083
2.145 -0.319252 -0.197263 0.000948627
2.15 -0.308483 -0.197284 0.000911205
2.155 -0.298475 -0.197303 0.000876429
2.16 -0.28911 -0.197321 0.000843895
2.165 -0.280262 -0.197339 0.000813202
2.17 -0.271797 -0.197357 0.00078388
2.175 -0.263572 -0.197375 0.000755387
2.18 -0.255431 -0.197392 0.000727202
2.185 -0.247214 -0.197411 0.000698774
2.19 -0.238771 -0.19743 0.000669597
2.195 -0.229977 -0.19745 0.000639238
2.2 -0.220751 -0.197472 0.000607383
2.205 -0.211058 -0.197494 0.000573914
2.21 -0.200906 -0.197518 0.00053886
2.215 -0.190351 -0.197542 0.000502415
2.22 -0.17951 -0.197567 0.000465007
2.225 -0.168566 -0.197593 0.000427268
2.23 -0.157748 -0.197619 0.00038997
2.235 -0.147296 -0.197644 0.000353941
2.24 -0.137423 -0.197668 0.000319918
2.245 -0.128299 -0.197691 0.000288492
2.25 -0.120049 -0.197711 0.000260085
2.255 -0.112736 -0.197729 0.000234904
2.26 -0.106355 -0.197745 0.000212935
2.265 -0.100843 -0.197758 0.000193956
2.27 -0.0960905 -0.19777 0.000177594
2.275 -0.0919827 -0.19778 0.000163452
2.28 -0.0884373 -0.197789 0.000151247
2.285 -0.0854376 -0.197797 0.00014092
2.29 -0.0830326 -0.197803 0.00013264
2.295 -0.0813062 -0.197807 0.000126697
2.3 -0.0803428 -0.19781 0.000123381
2.305 -0.0802108 -0.19781 0.000122928
2.31 -0.0809587 -0.197808 0.000125505
2.315 -0.0826102 -0.197808 0.000131211
2.32 -0.085158 -0.197809 0.000140027
2.325 -0.0885651 -0.19781 0.000151813
2.33 -0.0927742 -0.197812 0.000166372
2.335 -0.0977201 -0.197813 0.00018348
2.34 -0.103338 -0.197815 0.00020291
2.345 -0.109562 -0.197817 0.000224439
2.35 -0.11632 -0.197818 0.000247811
2.355 -0.123519 -0.19782 0.000272711
2.36 -0.13104 -0.197822 0.000298721
2.365 -0.138717 -0.197824 0.000325272
2.37 -0.146339 -0.197826 0.000351635
2.375 -0.153667 -0.197828 0.000376977
2.38 -0.160469 -0.19783 0.000400501
2.385 -0.166552 -0.197831 0.00042154
2.39 -0.17177 -0.197833 0.000439586
2.395 -0.17601 -0.197834 0.000454249
2.4 -0.179191 -0.197835 0.000465252
2.405 -0.181281 -0.197835 0.000472479
2.41 -0.182292 -0.197835 0.000475978
2.415 -0.182275 -0.197835 0.000475918
2.42 -0.181292 -0.197835 0.000472518
2.425 -0.179411 -0.197835 0.000466013
2.43 -0.176695 -0.197834 0.000456619
2.435 -0.173179 -0.197833 0.000444461
2.44 -0.168863 -0.197832 0.000429533
2.445 -0.163729 -0.197831 0.000411776
2.45 -0.157763 -0.197829 0.000391143
2.455 -0.150948 -0.197828 0.000367576
2.46 -0.143251 -0.197826 0.000340955
2.465 -0.134616 -0.197824 0.000311091
2.47 -0.12498 -0.197821 0.000277765
2.475 -0.114288 -0.197819 0.000240789
2.48 -0.102512 -0.197816 0.000200062
2.485 -0.0896531 -0.197812 0.000155589
2.49 -0.0757302 -0.19781 0.00010744
2.495 -0.0607531 -0.197831 5.56656e-05
2.5 -0.0446995 -0.197876 1.8846e-07
2.505 -0.0275074 -0.197923 -5.92192e-05
2.51 -0.00907535 -0.197972 -0.000122908
2.515 0.0107292 -0.198024 -0.000191333
2.52 0.0320406 -0.19808 -0.000264958
2.525 0.0549672 -0.19814 -0.000344155
2.53 0.0795892 -0.198205 -0.0004292
2.535 0.105977 -0.198274 -0.000520332
2.54 0.134212 -0.198348 -0.000617824
2.545 0.164404 -0.198428 -0.000722033
2.55 0.196691 -0.198516 -0.00083339
2.555 0.231231 -0.198612 -0.000952375
2.56 0.268188 -0.198718 -0.00107953
2.565 0.307736 -0.198835 -0.00121547
2.57 0.350054 -0.198964 -0.00136084
2.575 0.3953 -0.199105 -0.00151625
2.58 0.44358 -0.19926 -0.00168211
2.585 0.49495 -0.19943 -0.00185861
2.59 0.54942 -0.199612 -0.00204568
2.595 0.606948 -0.199803 -0.00224282
2.6 0.667428 -0.200002 -0.00244961
2.605 0.730714 -0.200206 -0.0026654
2.61 0.796663 -0.2004 -0.00288854
2.615 0.865141 -0.20059 -0.00311902
2.62 0.93601 -0.20079 -0.00335753
2.625 1.00912 -0.201 -0.00360342
2.63 1.08429 -0.201198 -0.00385466
2.635 1.16134 -0.201361 -0.00410988
2.64 1.24008 -0.201491 -0.00436908
2.645 1.32036 -0.201604 -0.00463236
2.65 1.40202 -0.201642 -0.00489694
2.655 1.48494 -0.201609 -0.00516254
2.66 1.56902 -0.201586 -0.00543193
2.665 1.6542 -0.201569 -0.00570479
2.67 1.74045 -0.201493 -0.00597924
2.675 1.82778 -0.201348 -0.00625457
2.68 1.91619 -0.201198 -0.0065326
2.685 2.00572 -0.201056 -0.00681415
2.69 2.09637 -0.200916 -0.00709909
2.695 2.18811 -0.200718 -0.00738593
2.7 2.28083 -0.200468 -0.00767447
2.705 2.3744 -0.200216 -0.00796507
2.71 2.46867 -0.199954 -0.00825675
2.715 2.5635 -0.199678 -0.00854903
2.72 2.65878 -0.199361 -0.00884037
2.725 2.75442 -0.198971 -0.00913036
2.73 2.85036 -0.198546 -0.00942045
2.735 2.94659 -0.198095 -0.00970958
2.74 3.04313 -0.197603 -0.00999715
2.745 3.14013 -0.197097 -0.0102849
2.75 3.23778 -0.196545 -0.0105722
2.755 3.33639 -0.195942 -0.0108605
2.76 3.43631 -0.195282 -0.0111508
2.765 3.53798 -0.194562 -0.0114434
2.77 3.64194 -0.193733 -0.0117386
2.775 3.74876 -0.192772 -0.012038
2.78 3.85903 -0.191723 -0.0123451
2.785 3.97334 -0.190579 -0.0126615
2.79 4.09223 -0.189342 -0.0129879
2.795 4.21616 -0.188018 -0.0133255
2.8 4.3455 -0.186578 -0.0136768
2.805 4.48054 -0.185018 -0.0140441
2.81 4.6215 -0.183397 -0.0144274
2.815 4.76849 -0.181716 -0.0148243
2.82 4.92155 -0.179968 -0.015234
2.825 5.0807 -0.178073 -0.0156552
2.83 5.24591 -0.17604 -0.0160863
2.835 5.41712 -0.173944 -0.0165251
2.84 5.59424 -0.171774 -0.016955
2.845 5.77713 -0.16959 -0.017367
2.85 5.96562 -0.16753 -0.0177722
2.855 6.15951 -0.165575 -0.0181807
2.86 6.3586 -0.163565 -0.0185951
2.865 6.56269 -0.16158 -0.0190105
2.87 6.77159 -0.159616 -0.0194315
2.875 6.98513 -0.15761 -0.0198636
2.88 7.20316 -0.155654 -0.0203029
2.885 7.42545 -0.153753 -0.020751
2.89 7.65168 -0.15194 -0.021206
2.895 7.88138 -0.150115 -0.0216703
2.9 8.11394 -0.148068 -0.022158
2.905 8.34866 -0.145888 -0.0226633
2.91 8.58473 -0.143749 -0.023171
2.915 8.82127 -0.141565 -0.0236848
2.92 9.05735 -0.139356 -0.0242029
2.925 9.29201 -0.137251 -0.0247167
2.93 9.52428 -0.135236 -0.0252249
2.935 9.75321 -0.133187 -0.0257351
2.94 9.97798 -0.1311 -0.0262449
2.945 10.1979 -0.1289 -0.0267522
2.95 10.4127 -0.126598 -0.0272548
2.955 10.6219 -0.124416 -0.0277433
2.96 10.8257 -0.122347 -0.028218
2.965 11.0243 -0.120355 -0.0286798
2.97 11.2181 -0.118434 -0.02913
2.975 11.4079 -0.116576 -0.0295707
2.98 11.5949 -0.114772 -0.0300043
2.985 11.7804 -0.113006 -0.0304336
2.99 11.9657 -0.111277 -0.0308619
2.995 12.1519 -0.109676 -0.0312918
3 12.34 -0.108187 -0.0317255
3.005 12.5307 -0.106692 -0.0321651
3.01 12.7246 -0.105128 -0.032612
3.015 12.9222 -0.103492 -0.0330674
3.02 13.1238 -0.10176 -0.0335331
3.025 13.3297 -0.099934 -0.0340094
3.03 13.54 -0.0980887 -0.0344958
3.035 13.7547 -0.0962237 -0.0349925
3.04 13.9741 -0.0943401 -0.0354996
3.045 14.198 -0.0924399 -0.0360173
3.05 14.4266 -0.0905255 -0.0365455
3.055 14.6598 -0.0886005 -0.0370842
3.06 14.8974 -0.0866692 -0.0376332
3.065 15.1396 -0.084737 -0.0381924
3.07 15.3862 -0.0828101 -0.0387617
3.075 15.6372 -0.0808961 -0.0393411
3.08 15.8926 -0.0790058 -0.0399304
3.085 16.1524 -0.0772559 -0.0405292
3.09 16.4164 -0.0756406 -0.0411372
3.095 16.6845 -0.0740515 -0.0417546
3.1 16.9566 -0.0725036 -0.0423808
3.105 17.2323 -0.0710132 -0.0430152
3.11 17.5113 -0.0696012 -0.0436568
3.115 17.7931 -0.0683062 -0.0443046
3.12 18.0772 -0.06719 -0.0449572
3.125 18.3631 -0.0660207 -0.0456146
3.13 18.6503 -0.0647497 -0.0462754
3.135 18.9381 -0.0636576 -0.0469375
3.14 19.2262 -0.0636622 -0.047598
3.145 19.514 -0.0654825 -0.0482539
3.15 19.8008 1.31488 -0.0525847
