0.1 -7.30427e-32 200 -1.5099e-14
0.2 1.67998e-31 400 -2.13163e-14
0.3 -5.58776e-31 600 1.06581e-14
0.4 -2.92171e-32 800 -7.81597e-14
0.5 1.0226e-31 1000 -2.84217e-14
0.6 2.04519e-30 1200 -1.77636e-13
0.7 -1.51929e-30 1400 -2.41585e-13
0.8 -9.34946e-31 1600 -1.84741e-13
0.9 3.73979e-30 1800 5.04485e-13
1 1.86989e-30 2000 -8.31335e-13
0.005 0.00145136 2000 -0.62837
0.01 0.00724976 2000 -3.13438
0.015 0.0188333 2000 -8.13798
0.02 0.0361881 2000 -15.6349
0.025 0.0592986 2000 -25.6185
0.03 0.0881484 2000 -38.0815
0.035 0.12272 2000 -53.0164
0.04 0.162995 2000 -70.4152
0.045 0.208953 2000 -90.2694
0.05 0.260574 2000 -112.57
0.055 0.317836 2000 -137.308
0.06 0.380716 2000 -164.472
0.065 0.449189 2000 -194.053
0.07 0.52323 2000 -226.04
0.075 0.602812 2000 -260.42
0.08 0.687904 2000 -297.18
0.085 0.778473 2000 -336.307
0.09 0.874489 2000 -377.787
0.095 0.975924 2000 -421.608
0.1 1.08275 2000 -467.758
0.105 1.19494 2000 -516.227
0.11 1.31248 2000 -567.005
0.115 1.43534 2000 -620.083
0.12 1.56351 2000 -675.452
0.125 1.69695 2000 -733.1
0.13 1.83564 2000 -793.015
0.135 1.97954 2000 -855.182
0.14 2.12861 2000 -919.583
0.145 2.28281 2000 -986.201
0.15 2.44209 2000 -1055.01
0.155 2.60638 2000 -1125.99
0.16 2.77564 2000 -1199.11
0.165 2.9498 2000 -1274.35
0.17 3.12882 2000 -1351.69
0.175 3.31265 1999.99 -1431.11
0.18 3.50126 1999.99 -1512.6
0.185 3.69462 1999.99 -1596.14
0.19 3.89272 1999.99 -1681.72
0.195 4.09553 1999.99 -1769.34
0.2 4.303 1999.99 -1858.97
0.205 4.5151 1999.99 -1950.6
0.21 4.73175 1999.99 -2044.21
0.215 4.95291 1999.99 -2139.76
0.22 5.17848 1999.99 -2237.21
0.225 5.40835 1999.99 -2336.52
0.23 5.64244 1999.99 -2437.66
0.235 5.88066 1999.99 -2540.57
0.24 6.12288 1999.99 -2645.22
0.245 6.36902 1999.99 -2751.56
0.25 6.61898 1999.99 -2859.55
0.255 6.87273 1999.98 -2969.18
0.26 7.13022 1999.98 -3080.42
0.265 7.39148 1999.98 -3193.29
0.27 7.65656 1999.98 -3307.81
0.275 7.92548 1999.98 -3423.99
0.28 8.19825 1999.98 -3541.82
0.285 8.47481 1999.98 -3661.3
0.29 8.75511 1999.98 -3782.39
0.295 9.03911 1999.98 -3905.08
0.3 9.32676 1999.98 -4029.34
0.305 9.61801 1999.98 -4155.16
0.31 9.9128 1999.98 -4282.51
0.315 10.211 1999.98 -4411.34
0.32 10.5126 1999.98 -4541.6
0.325 10.8173 1999.98 -4673.25
0.33 11.1252 1999.98 -4806.27
0.335 11.4363 1999.98 -4940.66
0.34 11.7506 1999.98 -5076.41
0.345 12.0679 1999.98 -5213.5
0.35 12.3883 1999.98 -5351.89
0.355 12.7116 1999.97 -5491.55
0.36 13.0377 1999.97 -5632.43
0.365 13.3666 1999.97 -5774.5
0.37 13.6981 1999.97 -5917.72
0.375 14.0323 1999.97 -6062.08
0.38 14.369 1999.97 -6207.55
0.385 14.7083 1999.97 -6354.11
0.39 15.05 1999.97 -6501.73
0.395 15.3941 1999.97 -6650.4
0.4 15.7406 1999.97 -6800.08
0.405 16.0894 1999.97 -6950.75
0.41 16.4404 1999.97 -7102.39
0.415 16.7936 1999.97 -7254.98
0.42 17.1489 1999.97 -7408.48
0.425 17.5063 1999.97 -7562.88
0.43 17.8658 1999.97 -7718.16
0.435 18.2271 1999.97 -7874.27
0.44 18.5904 1999.97 -8031.21
0.445 18.9555 1999.97 -8188.94
0.45 19.3224 1999.97 -8347.45
0.455 19.6911 1999.97 -8506.7
0.46 20.0614 1999.97 -8666.68
0.465 20.4333 1999.97 -8827.35
0.47 20.8068 1999.97 -8988.7
0.475 21.1818 1999.97 -9150.69
0.48 21.5582 1999.97 -9313.33
0.485 21.9363 1999.97 -9476.65
0.49 22.316 1999.97 -9640.68
0.495 22.6974 1999.97 -9805.46
0.5 23.0796 1999.97 -9970.7
0.505 23.4584 1999.99 -10134.9
0.51 23.8413 1999.99 -10300.2
0.515 24.225 1999.99 -10465.9
0.52 24.6048 2000 -10630.5
0.525 24.9884 1999.99 -10796
0.53 25.3733 1999.99 -10962.1
0.535 25.7594 1999.99 -11128.8
0.54 26.1308 2000.06 -11291.3
0.545 26.5026 2000.1 -11453
0.55 26.8817 2000.07 -11616.1
0.555 27.2608 2000.05 -11779.3
0.56 27.6397 2000.04 -11942.5
0.565 28.008 2000.09 -12102.2
0.57 28.3685 2000.13 -12258.4
0.575 28.7258 2000.13 -12413
0.58 29.0724 2000.16 -12563.6
0.585 29.4136 2000.19 -12711.1
0.59 29.7487 2000.21 -12855.8
0.595 30.0859 2000.16 -13000.7
0.6 30.4219 2000.13 -13145.2
0.605 30.7568 2000.1 -13289.4
0.61 31.0908 2000.07 -13433.3
0.615 31.4054 2000.2 -13570.5
0.62 31.6957 2000.35 -13697.9
0.625 31.9877 2000.32 -13824
0.63 32.2825 2000.25 -13950.4
0.635 32.5765 2000.2 -14076.6
0.64 32.8697 2000.16 -14202.7
0.645 33.1623 2000.12 -14328.6
0.65 33.4543 2000.09 -14454.3
0.655 33.7457 2000.07 -14579.8
0.66 34.0365 2000.05 -14705.2
0.665 34.3267 2000.04 -14830.4
0.67 34.6149 2000.04 -14954.8
0.675 34.8747 2000.18 -15068.3
0.68 35.1363 2000.16 -15181.4
0.685 35.3946 2000.15 -15293.1
0.69 35.655 2000.12 -15405.2
0.695 35.9154 2000.09 -15517.3
0.7 36.1762 2000.07 -15629.7
0.705 36.4372 2000.05 -15742.2
0.71 36.6984 2000.04 -15854.9
0.715 36.9592 2000.02 -15967.4
0.72 37.2188 2000.01 -16079.4
0.725 37.4767 2000.01 -16190.7
0.73 37.7319 2000 -16300.9
0.735 37.9841 2000 -16409.8
0.74 38.229 2000.03 -16515.8
0.745 38.4539 2000.15 -16613.8
0.75 38.6784 2000.12 -16710.5
0.755 38.8994 2000.09 -16805.8
0.76 39.1171 2000.07 -16899.7
0.765 39.3314 2000.06 -16992.2
0.77 39.5369 2000.09 -17081.7
0.775 39.7418 2000.09 -17170.3
0.78 39.9458 2000.07 -17258.2
0.785 40.1469 2000.06 -17345
0.79 40.3436 2000.06 -17430.1
0.795 40.5395 2000.05 -17514.5
0.8 40.7333 2000.03 -17598
0.805 40.9253 2000.03 -17680.8
0.81 41.1157 2000.02 -17762.9
0.815 41.2988 2000.06 -17842.8
0.82 41.4776 2000.1 -17920.7
0.825 41.6585 2000.08 -17998.5
0.83 41.8385 2000.06 -18076
0.835 42.0179 2000.05 -18153.2
0.84 42.1969 2000.03 -18230.3
0.845 42.3746 2000.04 -18307
0.85 42.5442 2000.1 -18380.4
0.855 42.7145 2000.08 -18453.8
0.86 42.8824 2000.09 -18526.6
0.865 43.0434 2000.12 -18596.9
0.87 43.2075 2000.09 -18667.5
0.875 43.3713 2000.07 -18737.9
0.88 43.5303 2000.1 -18807.1
0.885 43.6885 2000.1 -18875.6
0.89 43.8471 2000.08 -18943.8
0.895 44.004 2000.06 -19011.3
0.9 44.1585 2000.05 -19077.9
0.905 44.3039 2000.09 -19141.5
0.91 44.4404 2000.14 -19201.2
0.915 44.576 2000.11 -19259.3
0.92 44.7066 2000.09 -19315.4
0.925 44.8318 2000.07 -19369.1
0.93 44.9517 2000.06 -19420.7
0.935 45.0665 2000.05 -19470
0.94 45.1764 2000.04 -19517.3
0.945 45.2822 2000.03 -19562.8
0.95 45.3843 2000.02 -19606.8
0.955 45.4786 2000.06 -19648.2
0.96 45.5674 2000.1 -19687.1
0.965 45.6567 2000.08 -19725.4
0.97 45.7443 2000.06 -19762.9
0.975 45.8307 2000.05 -19800
0.98 45.9162 2000.04 -19836.8
0.985 46.0012 2000.03 -19873.3
0.99 46.0861 2000.03 -19909.8
0.995 46.1709 2000.03 -19946
1 46.2543 2000.02 -19982.1
1.005 46.3348 2000.04 -20017.1
1.01 46.4157 2000.03 -20052
1.015 46.4958 2000.02 -20086.6
1.02 46.5652 2000.11 -20118
1.025 46.6352 2000.13 -20148.6
1.03 46.7049 2000.11 -20178.3
1.035 46.7719 2000.08 -20207
1.04 46.8363 2000.07 -20234.5
1.045 46.8983 2000.05 -20261.1
1.05 46.9582 2000.04 -20286.8
1.055 47.0163 2000.03 -20311.8
1.06 47.0728 2000.03 -20336.1
1.065 47.1279 2000.02 -20359.8
1.07 47.182 2000.02 -20383.1
1.075 47.2351 2000.01 -20405.9
1.08 47.2874 2000.01 -20428.5
1.085 47.3389 2000.01 -20450.7
1.09 47.3893 2000.01 -20472.4
1.095 47.436 2000.03 -20492.9
1.1 47.4794 2000.05 -20512
1.105 47.5213 2000.05 -20529.9
1.11 47.5599 2000.05 -20546.5
1.115 47.595 2000.04 -20561.5
1.12 47.626 2000.04 -20574.8
1.125 47.653 2000.03 -20586.4
1.13 47.6761 2000.03 -20596.3
1.135 47.6954 2000.02 -20604.6
1.14 47.7112 2000.02 -20611.4
1.145 47.7236 2000.01 -20616.7
1.15 47.733 2000.01 -20620.8
1.155 47.7397 2000.01 -20623.6
1.16 47.7437 2000.01 -20625.4
1.165 47.7453 2000.01 -20626
1.17 47.7437 2000 -20625.4
1.175 47.7385 1999.99 -20623.3
1.18 47.7306 2000 -20619.8
1.185 47.7202 2000 -20615.3
1.19 47.7077 2000 -20609.9
1.195 47.6939 2000 -20603.9
1.2 47.6792 2000 -20597.5
1.205 47.664 2000 -20590.9
1.21 47.6488 2000 -20584.3
1.215 47.6335 2000 -20577.7
1.22 47.618 2000 -20571
1.225 47.6018 2000 -20564
1.23 47.5843 2000 -20556.5
1.235 47.5649 2000 -20548.1
1.24 47.5424 2000 -20538.4
1.245 47.5161 2000.01 -20527
1.25 47.4856 2000.01 -20513.8
1.255 47.4507 2000.01 -20498.7
1.26 47.4107 2000.01 -20481.5
1.265 47.3661 2000.01 -20462.2
1.27 47.3169 2000.01 -20440.9
1.275 47.263 2000.01 -20417.6
1.28 47.2043 2000.01 -20392.3
1.285 47.1407 2000 -20364.8
1.29 47.072 2000 -20335.1
1.295 46.9949 2000.04 -20302.4
1.3 46.9136 2000.05 -20267.4
1.305 46.8281 2000.04 -20230.3
1.31 46.7378 2000.03 -20191.2
1.315 46.6432 2000.02 -20150.3
1.32 46.5444 2000.02 -20107.5
1.325 46.4418 2000.01 -20063.1
1.33 46.3356 2000.01 -20017.2
1.335 46.226 2000.01 -19969.8
1.34 46.1134 2000.01 -19921.1
1.345 45.9981 2000.01 -19871.3
1.35 45.8803 2000 -19820.3
1.355 45.7619 2000.02 -19768.5
1.36 45.6406 2000.02 -19715.8
1.365 45.5171 2000.02 -19662.6
1.37 45.394 2000.01 -19609.6
1.375 45.2652 2000.07 -19555.1
1.38 45.1386 2000.1 -19500.9
1.385 45.0159 2000.08 -19447.7
1.39 44.8944 2000.08 -19395.3
1.395 44.7751 2000.07 -19343.8
1.4 44.6594 2000.06 -19293.6
1.405 44.5464 2000.05 -19244.6
1.41 44.4356 2000.03 -19196.6
1.415 44.3262 2000.03 -19149.3
1.42 44.2171 2000.02 -19102.1
1.425 44.1071 2000.02 -19054.5
1.43 43.9952 2000.01 -19006.1
1.435 43.8805 2000.01 -18956.5
1.44 43.7626 2000.01 -18905.5
1.445 43.641 2000.01 -18853
1.45 43.5078 2000.07 -18796.6
1.455 43.3712 2000.1 -18738
1.46 43.232 2000.08 -18677.6
1.465 43.0879 2000.06 -18615
1.47 42.9386 2000.05 -18550.3
1.475 42.7843 2000.04 -18483.5
1.48 42.6249 2000.03 -18414.5
1.485 42.4608 2000.02 -18343.5
1.49 42.2919 2000.02 -18270.4
1.495 42.118 2000.01 -18195.2
1.5 41.939 2000.01 -18117.8
1.505 41.747 2000.07 -18035.9
1.51 41.5463 2000.11 -17950.1
1.515 41.3394 2000.14 -17860.6
1.52 41.1217 2000.18 -17766.5
1.525 40.9009 2000.15 -17670.7
1.53 40.6762 2000.13 -17573.5
1.535 40.445 2000.13 -17473.8
1.54 40.2144 2000.1 -17373.9
1.545 39.9831 2000.08 -17273.7
1.55 39.7381 2000.17 -17169.7
1.555 39.4954 2000.2 -17065.5
1.56 39.2562 2000.16 -16961.4
1.565 39.0158 2000.13 -16857
1.57 38.7735 2000.1 -16751.9
1.575 38.5286 2000.08 -16645.8
1.58 38.2805 2000.06 -16538.3
1.585 38.0289 2000.05 -16429.3
1.59 37.768 2000.08 -16317.3
1.595 37.4971 2000.12 -16201.2
1.6 37.2271 2000.1 -16084.1
1.605 36.954 2000.08 -15965.7
1.61 36.6785 2000.06 -15846.4
1.615 36.3928 2000.13 -15723.5
1.62 36.0871 2000.25 -15592.7
1.625 35.7859 2000.2 -15461.9
1.63 35.4813 2000.19 -15330.3
1.635 35.1697 2000.19 -15196.2
1.64 34.8613 2000.15 -15062.4
1.645 34.5523 2000.12 -14928.5
1.65 34.2422 2000.1 -14794.1
1.655 33.9301 2000.08 -14659
1.66 33.6149 2000.06 -14522.6
1.665 33.2954 2000.05 -14384.4
1.67 32.9707 2000.04 -14243.9
1.675 32.6401 2000.03 -14101
1.68 32.3036 2000.03 -13955.5
1.685 31.9368 2000.23 -13799.1
1.69 31.5537 2000.35 -13634.9
1.695 31.171 2000.29 -13468.9
1.7 30.7828 2000.23 -13300.6
1.705 30.3872 2000.2 -13129.5
1.71 29.9773 2000.2 -12953
1.715 29.5653 2000.16 -12774.4
1.72 29.1465 2000.13 -12593.1
1.725 28.7212 2000.1 -12409
1.73 28.2897 2000.08 -12222.3
1.735 27.8107 2000.37 -12018.9
1.74 27.3219 2000.51 -11809.5
1.745 26.8417 2000.41 -11600.7
1.75 26.3629 2000.33 -11392.9
1.755 25.866 2000.39 -11180.6
1.76 25.3684 2000.47 -10967.3
1.765 24.8808 2000.45 -10756.2
1.77 24.4079 2000.36 -10550.3
1.775 23.9444 2000.3 -10349
1.78 23.4733 2000.32 -10145.6
1.785 23.0177 2000.26 -9947.76
1.79 22.5629 2000.25 -9751.77
1.795 22.1058 2000.27 -9555.37
1.8 21.6653 2000.22 -9363.94
1.805 21.2321 2000.18 -9175.92
1.81 20.8051 2000.14 -8990.77
1.815 20.3834 2000.11 -8808.01
1.82 19.9665 2000.09 -8627.39
1.825 19.5538 2000.07 -8448.76
1.83 19.1308 2000.12 -8267.7
1.835 18.7064 2000.15 -8085.57
1.84 18.292 2000.12 -7905.68
1.845 17.8791 2000.1 -7726.62
1.85 17.4674 2000.08 -7548.21
1.855 17.053 2000.08 -7369.24
1.86 16.6363 2000.08 -7189.42
1.865 16.2223 2000.06 -7010.07
1.87 15.8074 2000.05 -6830.44
1.875 15.3822 2000.08 -6647.67
1.88 14.9584 2000.08 -6464.69
1.885 14.5354 2000.06 -6281.44
1.89 14.1103 2000.05 -6097.38
1.895 13.6827 2000.04 -5912.31
1.9 13.2519 2000.03 -5725.91
1.905 12.817 2000.02 -5537.84
1.91 12.3778 2000.02 -5347.92
1.915 11.9348 2000.01 -5156.42
1.92 11.49 2000 -4964.12
1.925 11.0451 2000 -4771.82
1.93 10.602 2000 -4580.34
1.935 10.1627 2000 -4390.48
1.94 9.72867 2000 -4202.94
1.945 9.30129 2000 -4018.28
1.95 8.88132 2000 -3836.82
1.955 8.46875 1999.99 -3658.56
1.96 8.06299 1999.99 -3483.27
1.965 7.66332 1999.99 -3310.58
1.97 7.26868 1999.99 -3140.06
1.975 6.87782 1999.99 -2971.21
1.98 6.49034 1999.99 -2803.8
1.985 6.106 1999.99 -2637.77
1.99 5.72503 1999.99 -2473.17
1.995 5.34751 1999.98 -2310.08
2 4.97335 1999.98 -2148.42
2.005 4.60297 1999.98 -1988.39
2.01 4.2355 1999.98 -1829.68
2.015 3.87057 1999.98 -1672.06
2.02 3.50723 1999.98 -1515.14
2.025 3.14442 1999.97 -1358.44
2.03 2.78225 1999.97 -1201.9
2.035 2.42042 1999.96 -1045.53
2.04 2.05921 1999.96 -889.573
2.045 1.70044 1999.95 -734.642
2.05 1.34592 1999.95 -581.472
2.055 0.997178 1999.94 -430.812
2.06 0.654807 1999.94 -282.944
2.065 0.319001 1999.95 -137.857
2.07 -0.0111565 1999.96 4.78895
2.075 -0.33684 1999.96 145.48
2.08 -0.658961 1999.97 284.584
2.085 -0.9776 1999.97 422.21
2.09 -1.2924 1999.96 558.233
2.095 -1.60345 1999.96 692.62
2.1 -1.91083 1999.95 825.185
2.105 -2.21232 1999.95 955.26
2.11 -2.50652 1999.95 1082.24
2.115 -2.79077 1999.93 1204.77
2.12 -3.06163 1999.92 1321.85
2.125 -3.31906 1999.92 1432.96
2.13 -3.5612 1999.92 1537.5
2.135 -3.7868 1999.92 1634.97
2.14 -3.99342 1999.91 1724.6
2.145 -4.18466 1999.92 1807.49
2.15 -4.3624 1999.93 1884.33
2.155 -4.52756 1999.95 1955.73
2.16 -4.68048 1999.95 2021.99
2.165 -4.8242 1999.95 2084.23
2.17 -4.96225 1999.96 2143.84
2.175 -5.09585 1999.96 2201.58
2.18 -5.22767 1999.96 2258.55
2.185 -5.35959 1999.96 2315.65
2.19 -5.49498 1999.97 2374.19
2.195 -5.63633 1999.97 2435.19
2.2 -5.78452 1999.98 2499.16
2.205 -5.94011 1999.98 2566.33
2.21 -6.10295 1999.98 2636.64
2.215 -6.27185 1999.98 2709.63
2.22 -6.44463 1999.98 2784.32
2.225 -6.61928 1999.99 2859.74
2.23 -6.79169 1999.99 2934.2
2.235 -6.95791 1999.99 3006.01
2.24 -7.1147 1999.99 3073.75
2.245 -7.25938 1999.99 3136.26
2.25 -7.39028 1999.99 3192.78
2.255 -7.50627 1999.99 3242.86
2.26 -7.60742 1999.99 3286.53
2.265 -7.69479 1999.99 3324.25
2.27 -7.77008 1999.99 3356.76
2.275 -7.83514 2000 3384.85
2.28 -7.89128 2000 3409.09
2.285 -7.93877 2000 3429.6
2.29 -7.97684 2000 3446.03
2.295 -8.00417 2000 3457.83
2.3 -8.01943 2000 3464.42
2.305 -8.02153 2000 3465.32
2.31 -8.00816 1999.98 3459.59
2.315 -7.9789 1999.96 3446.97
2.32 -7.93395 1999.97 3427.54
2.325 -7.87381 1999.98 3401.55
2.33 -7.7995 1999.98 3369.43
2.335 -7.71216 1999.98 3331.69
2.34 -7.61294 1999.99 3288.82
2.345 -7.503 1999.99 3241.32
2.35 -7.38364 1999.99 3189.75
2.355 -7.25648 1999.99 3134.81
2.36 -7.12364 1999.99 3077.42
2.365 -6.98802 2000 3018.84
2.37 -6.85338 2000 2960.67
2.375 -6.72394 2000 2904.75
2.38 -6.60378 2000 2852.84
2.385 -6.49632 2000 2806.42
2.39 -6.40415 2000 2766.6
2.395 -6.32926 2000 2734.24
2.4 -6.27306 2000 2709.96
2.405 -6.23615 2000 2694.02
2.41 -6.21827 2000 2686.3
2.415 -6.21858 2000 2686.43
2.42 -6.23595 2000 2693.93
2.425 -6.26918 2000 2708.29
2.43 -6.31716 2000 2729.01
2.435 -6.37927 2000 2755.84
2.44 -6.45552 2000 2788.78
2.445 -6.54622 2000 2827.97
2.45 -6.65161 2000 2873.5
2.455 -6.77199 2000 2925.5
2.46 -6.90797 2000 2984.24
2.465 -7.06051 2000 3050.14
2.47 -7.23073 2000 3123.68
2.475 -7.4196 2000 3205.27
2.48 -7.62763 2000 3295.14
2.485 -7.85479 2000 3393.27
2.49 -8.09358 1999.88 3496.54
2.495 -8.33425 1999.71 3600.67
2.5 -8.59223 1999.76 3712.08
2.505 -8.86832 1999.81 3831.32
2.51 -9.16412 1999.84 3959.09
2.515 -9.48171 1999.87 4096.27
2.52 -9.82319 1999.89 4243.79
2.525 -10.1902 1999.91 4402.34
2.53 -10.584 1999.92 4572.47
2.535 -11.0055 1999.93 4754.58
2.54 -11.4556 1999.94 4949.08
2.545 -11.9349 1999.94 5156.35
2.55 -12.4443 1999.92 5376.76
2.555 -12.986 1999.91 5611.14
2.56 -13.5631 1999.9 5860.69
2.565 -14.1786 1999.89 6126.65
2.57 -14.8353 1999.88 6410.2
2.575 -15.5347 1999.86 6712.1
2.58 -16.2779 1999.85 7032.92
2.585 -17.0654 1999.84 7373
2.59 -17.8809 1999.91 7727.51
2.595 -18.7445 1999.93 8101.33
2.6 -19.6356 2000 8488.32
2.605 -20.5506 2000.11 8886.8
2.61 -21.4858 2000.19 9293.14
2.615 -22.4676 2000.12 9715.57
2.62 -23.4783 2000.06 10150.8
2.625 -24.4925 2000.13 10591
2.63 -25.4741 2000.46 11020.8
2.635 -26.4797 2000.53 11455.5
2.64 -27.4705 2000.57 11883.2
2.645 -28.4333 2000.77 12302
2.65 -29.3152 2001.21 12688.5
2.655 -30.2373 2000.94 13082.8
2.66 -31.1645 2000.72 13480.1
2.665 -32.0785 2000.7 13873.9
2.67 -32.9056 2001.12 14235.7
2.675 -33.7487 2000.96 14598.9
2.68 -34.6035 2000.73 14965
2.685 -35.462 2000.54 15333.5
2.69 -36.2796 2000.89 15688.2
2.695 -37.0751 2001.12 16032.8
2.7 -37.8778 2000.9 16378
2.705 -38.6656 2000.8 16718.9
2.71 -39.4501 2000.69 17057.5
2.715 -40.2203 2000.63 17390.6
2.72 -40.9166 2001.27 17695.9
2.725 -41.6237 2001.3 17999.8
2.73 -42.3142 2001.13 18297.9
2.735 -42.9684 2001.15 18583.3
2.74 -43.6201 2000.99 18863.9
2.745 -44.2213 2001.24 19129.2
2.75 -44.8283 2001.3 19391
2.755 -45.4089 2001.42 19642.1
2.76 -45.9683 2001.41 19885.6
2.765 -46.4831 2001.78 20113.2
2.77 -46.976 2002.06 20328.6
2.775 -47.4578 2002.1 20534.3
2.78 -47.9253 2001.95 20735
2.785 -48.364 2001.96 20926
2.79 -48.8005 2001.76 21115.3
2.795 -49.2339 2002.04 21298.1
2.8 -49.672 2002.12 21479.1
2.805 -50.0941 2001.74 21657.8
2.81 -50.4919 2001.38 21833.6
2.815 -50.8843 2001.05 22007.3
2.82 -51.2547 2001.19 22171.5
2.825 -51.5787 2001.3 22317.9
2.83 -51.8601 2000.86 22447.9
2.835 -51.9076 2000.21 22513.4
2.84 -51.7635 1999.34 22505.1
2.845 -51.6117 1998.23 22446.4
2.85 -51.3547 1997.36 22329.2
2.855 -51.0584 1998.05 22188.3
2.86 -50.657 1998.15 22009.6
2.865 -50.1635 1997.87 21787.4
2.87 -49.6812 1998.25 21556.2
2.875 -49.1326 1998.06 21307.6
2.88 -48.538 1997.78 21040
2.885 -47.8629 1997.18 20742.7
2.89 -47.1794 1997.38 20436.3
2.895 -46.8547 1999.85 20225.3
2.9 -46.4612 2000.73 20024.5
2.905 -45.9551 2000.28 19815.2
2.91 -45.4695 2000.02 19610.2
2.915 -45.1231 2000.28 19451.8
2.92 -44.717 1999.7 19286.8
2.925 -44.3065 1999.29 19118.1
2.93 -44.0615 1999.69 18993.6
2.935 -43.9194 2000.21 18916.3
2.94 -43.8681 2000.93 18881.8
2.945 -43.9162 2001.84 18891.5
2.95 -43.8805 2001.29 18892.9
2.955 -43.8432 2000.73 18891
2.96 -43.8168 2000.47 18889.6
2.965 -43.794 2000.26 18887.9
2.97 -43.7735 2000.09 18885.6
2.975 -43.7545 1999.95 18882.7
2.98 -43.7277 1999.66 18876.7
2.985 -43.7037 1999.61 18870.2
2.99 -43.6745 1999.28 18861
2.995 -43.6415 1998.98 18849.6
3 -43.6147 1999.05 18839
3.005 -43.594 1999.65 18830
3.01 -43.568 1999.89 18819.1
3.015 -43.5588 2000.2 18812.8
3.02 -43.5584 2000.46 18810.7
3.025 -43.5456 2000.3 18806.6
3.03 -43.5327 2000.16 18802.3
3.035 -43.5197 2000.04 18797.7
3.04 -43.5061 1999.94 18792.7
3.045 -43.4917 1999.84 18787.2
3.05 -43.4764 1999.75 18781.2
3.055 -43.4599 1999.66 18774.7
3.06 -43.4419 1999.58 18767.4
3.065 -43.4221 1999.49 18759.3
3.07 -43.4002 1999.39 18750.3
3.075 -43.3758 1999.28 18740.2
3.08 -43.3468 1999.09 18728.4
3.085 -43.3037 1998.65 18711.3
3.09 -43.2653 1998.71 18694.5
3.095 -43.2235 1998.72 18676.4
3.1 -43.1781 1998.69 18656.8
3.105 -43.1285 1998.63 18635.6
3.11 -43.0741 1998.52 18612.3
3.115 -43.0043 1997.96 18583.9
3.12 -42.9718 1998.84 18565.2
3.125 -42.9312 1999.34 18545.3
3.13 -42.8761 1999.14 18522.6
3.135 -42.7911 1997.28 18490
3.14 -42.6791 1995.49 18446
3.145 -42.4802 1992.29 18369.1
3.15 -0.191623 -70.6126 66.7349
