0.1 2.3696e-17 -0.015398 -1.09704e-19
0.2 3.63202e-17 -0.0310401 -1.68149e-19
0.3 5.02221e-17 -0.0469655 -2.3251e-19
0.4 1.22275e-17 -0.0634301 -5.6609e-20
0.5 7.48762e-17 -0.0802462 -3.46649e-19
0.6 1.02511e-16 -0.0973821 -4.74587e-19
0.7 8.2728e-17 -0.114856 -3.83e-19
0.8 2.81631e-16 -0.13269 -1.30385e-18
0.9 1.75401e-16 -0.150905 -8.12043e-19
1 -4.95353e-17 -0.169529 2.2933e-19
0.005 -6.71208e-07 -0.169529 2.33058e-09
0.01 -3.35503e-06 -0.169529 1.16494e-08
0.015 -8.72037e-06 -0.169529 3.0279e-08
0.02 -1.67656e-05 -0.169529 5.82138e-08
0.025 -2.74915e-05 -0.169529 9.54566e-08
0.03 -4.09015e-05 -0.169529 1.42019e-07
0.035 -5.69999e-05 -0.169529 1.97916e-07
0.04 -7.57897e-05 -0.169529 2.63159e-07
0.045 -9.72707e-05 -0.169529 3.37746e-07
0.05 -0.000121438 -0.169529 4.21659e-07
0.055 -0.000148281 -0.16953 5.14863e-07
0.06 -0.000177792 -0.16953 6.17332e-07
0.065 -0.000209976 -0.16953 7.29084e-07
0.07 -0.000244856 -0.16953 8.50194e-07
0.075 -0.000282468 -0.16953 9.80791e-07
0.08 -0.00032286 -0.16953 1.12104e-06
0.085 -0.000366082 -0.16953 1.27112e-06
0.09 -0.000412178 -0.16953 1.43117e-06
0.095 -0.000461167 -0.169531 1.60127e-06
0.1 -0.00051304 -0.169531 1.78139e-06
0.105 -0.000567769 -0.169531 1.97142e-06
0.11 -0.000625346 -0.169531 2.17134e-06
0.115 -0.000685815 -0.169531 2.3813e-06
0.12 -0.000749307 -0.169531 2.60175e-06
0.125 -0.000816039 -0.169532 2.83346e-06
0.13 -0.000886265 -0.169532 3.0773e-06
0.135 -0.000960201 -0.169532 3.33402e-06
0.14 -0.00103797 -0.169532 3.60406e-06
0.145 -0.00111961 -0.169533 3.88753e-06
0.15 -0.00120511 -0.169533 4.18441e-06
0.155 -0.00129448 -0.169533 4.4947e-06
0.16 -0.00138777 -0.169533 4.81864e-06
0.165 -0.00148517 -0.169534 5.15681e-06
0.17 -0.00158693 -0.169534 5.51016e-06
0.175 -0.0016934 -0.169534 5.87983e-06
0.18 -0.00180491 -0.169535 6.26701e-06
0.185 -0.00192177 -0.169535 6.67278e-06
0.19 -0.00204428 -0.169535 7.09816e-06
0.195 -0.00217276 -0.169536 7.54427e-06
0.2 -0.00230764 -0.169536 8.01259e-06
0.205 -0.00244951 -0.169537 8.5052e-06
0.21 -0.00259938 -0.169537 9.02557e-06
0.215 -0.00275869 -0.169538 9.57874e-06
0.22 -0.00292912 -0.169538 1.01705e-05
0.225 -0.00311211 -0.169539 1.08059e-05
0.23 -0.00330849 -0.169539 1.14877e-05
0.235 -0.0035182 -0.16954 1.22159e-05
0.24 -0.00374026 -0.169541 1.29869e-05
0.245 -0.00397311 -0.169541 1.37954e-05
0.25 -0.00421502 -0.169542 1.46354e-05
0.255 -0.00446474 -0.169543 1.55024e-05
0.26 -0.00472176 -0.169544 1.63948e-05
0.265 -0.00498651 -0.169544 1.73141e-05
0.27 -0.00526001 -0.169545 1.82637e-05
0.275 -0.00554363 -0.169546 1.92485e-05
0.28 -0.0058387 -0.169547 2.0273e-05
0.285 -0.00614634 -0.169548 2.13412e-05
0.29 -0.00646742 -0.169549 2.2456e-05
0.295 -0.00680271 -0.16955 2.36202e-05
0.3 -0.00715301 -0.169551 2.48364e-05
0.305 -0.00751927 -0.169552 2.61081e-05
0.31 -0.0079027 -0.169553 2.74394e-05
0.315 -0.00830481 -0.169555 2.88356e-05
0.32 -0.0087273 -0.169556 3.03025e-05
0.325 -0.00917177 -0.169557 3.18457e-05
0.33 -0.00963951 -0.169559 3.34698e-05
0.335 -0.0101314 -0.16956 3.51777e-05
0.34 -0.010648 -0.169562 3.69712e-05
0.345 -0.0111895 -0.169564 3.88513e-05
0.35 -0.0117561 -0.169565 4.08188e-05
0.355 -0.0123481 -0.169567 4.28741e-05
0.36 -0.0129652 -0.169569 4.50166e-05
0.365 -0.0136069 -0.169571 4.72446e-05
0.37 -0.0142725 -0.169573 4.95557e-05
0.375 -0.0149616 -0.169575 5.1948e-05
0.38 -0.0156737 -0.169577 5.44207e-05
0.385 -0.0164088 -0.16958 5.69727e-05
0.39 -0.0171656 -0.169582 5.96004e-05
0.395 -0.0179416 -0.169584 6.22946e-05
0.4 -0.0187318 -0.169587 6.50382e-05
0.405 -0.0195286 -0.169589 6.78044e-05
0.41 -0.0203216 -0.169592 7.05578e-05
0.415 -0.0210989 -0.169594 7.32566e-05
0.42 -0.0218477 -0.169596 7.58561e-05
0.425 -0.0225557 -0.169599 7.83143e-05
0.43 -0.0232137 -0.169601 8.05988e-05
0.435 -0.0238173 -0.169602 8.26942e-05
0.44 -0.024368 -0.169604 8.46061e-05
0.445 -0.0248734 -0.169606 8.6361e-05
0.45 -0.0253467 -0.169607 8.8004e-05
0.455 -0.0258043 -0.169609 8.95928e-05
0.46 -0.0262646 -0.16961 9.11909e-05
0.465 -0.0267448 -0.169612 9.2858e-05
0.47 -0.0272578 -0.169613 9.46389e-05
0.475 -0.0278098 -0.169615 9.65555e-05
0.48 -0.0283999 -0.169617 9.8604e-05
0.485 -0.0290206 -0.169619 0.000100759
0.49 -0.0296604 -0.169621 0.00010298
0.495 -0.030305 -0.169623 0.000105218
0.5 -0.0309398 -0.169625 0.000107422
0.505 -0.0315493 -0.169626 0.000109538
0.51 -0.0321171 -0.169628 0.000111509
0.515 -0.0326254 -0.16963 0.000113274
0.52 -0.0330539 -0.169631 0.000114761
0.525 -0.0333814 -0.169632 0.000115898
0.53 -0.0335885 -0.169633 0.000116617
0.535 -0.033662 -0.169633 0.000116873
0.54 -0.0335975 -0.169633 0.000116649
0.545 -0.0334 -0.169633 0.000115963
0.55 -0.0330831 -0.169633 0.000114862
0.555 -0.032666 -0.169633 0.000113414
0.56 -0.0321705 -0.169633 0.000111694
0.565 -0.0316176 -0.169633 0.000109774
0.57 -0.0310245 -0.169633 0.000107714
0.575 -0.0304014 -0.169633 0.000105551
0.58 -0.0297519 -0.169633 0.000103296
0.585 -0.0290757 -0.169633 0.000100948
0.59 -0.028373 -0.169633 9.8508e-05
0.595 -0.0276485 -0.169633 9.59924e-05
0.6 -0.0269135 -0.169633 9.34402e-05
0.605 -0.0261851 -0.169633 9.0911e-05
0.61 -0.0254828 -0.169633 8.84724e-05
0.615 -0.0248231 -0.169633 8.61819e-05
0.62 -0.0242171 -0.169633 8.40777e-05
0.625 -0.0236695 -0.169633 8.21764e-05
0.63 -0.0231791 -0.169633 8.04736e-05
0.635 -0.0227382 -0.169633 7.89428e-05
0.64 -0.0223326 -0.169633 7.75345e-05
0.645 -0.0219419 -0.169633 7.61778e-05
0.65 -0.0215396 -0.169633 7.47809e-05
0.655 -0.0210939 -0.169633 7.32333e-05
0.66 -0.020569 -0.169633 7.14107e-05
0.665 -0.0199291 -0.169633 6.91888e-05
0.67 -0.0191454 -0.169633 6.64676e-05
0.675 -0.0182027 -0.169633 6.31943e-05
0.68 -0.0171026 -0.169633 5.93748e-05
0.685 -0.0158638 -0.169633 5.50731e-05
0.69 -0.0145182 -0.169633 5.04009e-05
0.695 -0.0131078 -0.169633 4.55039e-05
0.7 -0.0116801 -0.169633 4.05465e-05
0.705 -0.0102831 -0.169633 3.56958e-05
0.71 -0.00896148 -0.169633 3.11069e-05
0.715 -0.00775234 -0.169633 2.69085e-05
0.72 -0.00668151 -0.169633 2.31903e-05
0.725 -0.0057636 -0.169634 2.00031e-05
0.73 -0.0050066 -0.169634 1.73747e-05
0.735 -0.00441607 -0.169634 1.53242e-05
0.74 -0.00399501 -0.169635 1.38622e-05
0.745 -0.00374061 -0.169635 1.29789e-05
0.75 -0.00364023 -0.169635 1.26304e-05
0.755 -0.00366865 -0.169635 1.2729e-05
0.76 -0.00378811 -0.169635 1.31439e-05
0.765 -0.00395167 -0.169635 1.37118e-05
0.77 -0.00410752 -0.169635 1.4253e-05
0.775 -0.0042032 -0.169635 1.45852e-05
0.78 -0.00418992 -0.169635 1.45391e-05
0.785 -0.00402714 -0.169635 1.3974e-05
0.79 -0.00368707 -0.169635 1.27932e-05
0.795 -0.00315735 -0.169635 1.09538e-05
0.8 -0.00244042 -0.169636 8.46435e-06
0.805 -0.00154942 -0.169637 5.37074e-06
0.81 -0.00050288 -0.16964 1.73717e-06
0.815 0.000679488 -0.169644 -2.36817e-06
0.82 0.00197855 -0.169648 -6.87888e-06
0.825 0.00337584 -0.169653 -1.17306e-05
0.83 0.00485323 -0.169658 -1.68604e-05
0.835 0.00639266 -0.169663 -2.22055e-05
0.84 0.00797616 -0.169668 -2.77036e-05
0.845 0.00958652 -0.169673 -3.32949e-05
0.85 0.0112087 -0.169678 -3.89273e-05
0.855 0.0128317 -0.169683 -4.45622e-05
0.86 0.0144497 -0.169688 -5.01799e-05
0.865 0.0160642 -0.169693 -5.57852e-05
0.87 0.0176832 -0.169698 -6.14066e-05
0.875 0.0193191 -0.169703 -6.70861e-05
0.88 0.020982 -0.169708 -7.28593e-05
0.885 0.0226743 -0.169713 -7.87349e-05
0.89 0.0243867 -0.169719 -8.46798e-05
0.895 0.0260948 -0.169724 -9.06099e-05
0.9 0.027762 -0.169729 -9.63982e-05
0.905 0.0293496 -0.169734 -0.00010191
0.91 0.0308308 -0.169739 -0.000107052
0.915 0.0322037 -0.169743 -0.000111818
0.92 0.0334966 -0.169747 -0.000116307
0.925 0.0347672 -0.169751 -0.000120718
0.93 0.0360915 -0.169755 -0.000125315
0.935 0.0375435 -0.16976 -0.000130356
0.94 0.0391745 -0.169765 -0.000136018
0.945 0.0410003 -0.16977 -0.000142356
0.95 0.0429983 -0.169777 -0.000149292
0.955 0.0451129 -0.169783 -0.000156633
0.96 0.0472649 -0.16979 -0.000164104
0.965 0.0493629 -0.169796 -0.000171386
0.97 0.0513138 -0.169802 -0.000178159
0.975 0.0530331 -0.169808 -0.000184127
0.98 0.0544513 -0.169812 -0.00018905
0.985 0.0555161 -0.169816 -0.000192746
0.99 0.0561876 -0.169818 -0.000195077
0.995 0.056434 -0.169818 -0.000195932
1 0.0562263 -0.169818 -0.000195211
1.005 0.0555382 -0.169817 -0.000192822
1.01 0.0543504 -0.169818 -0.000188698
1.015 0.0526545 -0.169818 -0.000182809
1.02 0.0504516 -0.169818 -0.00017516
1.025 0.0477457 -0.169818 -0.000165764
1.03 0.0445415 -0.169818 -0.000154639
1.035 0.0408479 -0.169818 -0.000141814
1.04 0.036683 -0.169818 -0.000127352
1.045 0.0320763 -0.169818 -0.000111357
1.05 0.0270693 -0.169818 -9.39714e-05
1.055 0.0217123 -0.169818 -7.53705e-05
1.06 0.0160586 -0.169818 -5.57395e-05
1.065 0.0101583 -0.169818 -3.52524e-05
1.07 0.00405478 -0.169818 -1.40599e-05
1.075 -0.00221334 -0.169818 7.70434e-06
1.08 -0.00860751 -0.169819 2.99062e-05
1.085 -0.0150841 -0.169819 5.23941e-05
1.09 -0.0215898 -0.169819 7.4983e-05
1.095 -0.0280593 -0.169821 9.74461e-05
1.1 -0.034418 -0.169827 0.000119522
1.105 -0.0405881 -0.169843 0.000140941
1.11 -0.0464978 -0.169865 0.000161456
1.115 -0.0520909 -0.169884 0.000180871
1.12 -0.0573335 -0.169903 0.00019907
1.125 -0.0622167 -0.16992 0.00021602
1.13 -0.0667545 -0.169935 0.000231771
1.135 -0.0709791 -0.169949 0.000246434
1.14 -0.0749327 -0.169963 0.000260156
1.145 -0.078656 -0.169975 0.000273079
1.15 -0.0821722 -0.169987 0.000285283
1.155 -0.0854737 -0.169998 0.000296741
1.16 -0.0885161 -0.170008 0.0003073
1.165 -0.0912227 -0.170016 0.000316693
1.17 -0.0934964 -0.170024 0.000324583
1.175 -0.0952347 -0.170029 0.000330616
1.18 -0.0963463 -0.170033 0.000334473
1.185 -0.0967666 -0.170035 0.000335932
1.19 -0.0964671 -0.170034 0.000334893
1.195 -0.0954556 -0.170033 0.000331381
1.2 -0.0937687 -0.170034 0.000325523
1.205 -0.0914573 -0.170034 0.000317497
1.21 -0.0885699 -0.170034 0.000307471
1.215 -0.0851371 -0.170034 0.000295551
1.22 -0.0811667 -0.170034 0.000281765
1.225 -0.0766571 -0.170035 0.000266107
1.23 -0.0716205 -0.170035 0.000248618
1.235 -0.0661068 -0.170035 0.000229473
1.24 -0.0602113 -0.170035 0.000209003
1.245 -0.0540627 -0.170035 0.000187654
1.25 -0.0478002 -0.170035 0.000165909
1.255 -0.0415527 -0.170035 0.000144216
1.26 -0.0354254 -0.170035 0.000122941
1.265 -0.0294947 -0.170035 0.000102348
1.27 -0.0238099 -0.170035 8.26095e-05
1.275 -0.0184006 -0.170035 6.38272e-05
1.28 -0.0132849 -0.170035 4.60646e-05
1.285 -0.00847613 -0.170035 2.93678e-05
1.29 -0.00398471 -0.170035 1.37729e-05
1.295 0.000184388 -0.170035 -7.02924e-07
1.3 0.00404135 -0.170035 -1.40949e-05
1.305 0.00762681 -0.170035 -2.65441e-05
1.31 0.0110224 -0.170035 -3.8334e-05
1.315 0.014347 -0.170035 -4.98774e-05
1.32 0.0177386 -0.170035 -6.16534e-05
1.325 0.021326 -0.170035 -7.41092e-05
1.33 0.0251988 -0.170035 -8.75561e-05
1.335 0.0293842 -0.170035 -0.000102088
1.34 0.0338347 -0.170036 -0.000117541
1.345 0.0384308 -0.170036 -0.000133498
1.35 0.0430014 -0.170037 -0.000149367
1.355 0.0473578 -0.170038 -0.000164491
1.36 0.0513294 -0.170041 -0.000178278
1.365 0.0547918 -0.170047 -0.000190297
1.37 0.0576747 -0.170055 -0.000200304
1.375 0.0599529 -0.170063 -0.000208211
1.38 0.0616347 -0.17007 -0.000214048
1.385 0.0627536 -0.170074 -0.000217931
1.39 0.0633599 -0.170077 -0.000220036
1.395 0.0635081 -0.170078 -0.00022055
1.4 0.063246 -0.170078 -0.000219641
1.405 0.0626163 -0.170078 -0.000217454
1.41 0.0616666 -0.170078 -0.000214156
1.415 0.0604641 -0.170079 -0.00020998
1.42 0.0591065 -0.170079 -0.000205265
1.425 0.057724 -0.170079 -0.000200464
1.43 0.0564681 -0.170079 -0.000196103
1.435 0.055493 -0.17008 -0.000192717
1.44 0.0549346 -0.17008 -0.000190778
1.445 0.0548965 -0.17008 -0.000190646
1.45 0.0554433 -0.17008 -0.000192544
1.455 0.0566014 -0.17008 -0.000196565
1.46 0.0583636 -0.17008 -0.000202684
1.465 0.0606941 -0.17008 -0.000210776
1.47 0.0635301 -0.17008 -0.000220623
1.475 0.0667782 -0.170085 -0.000231899
1.48 0.0703092 -0.170097 -0.000244155
1.485 0.0739594 -0.170109 -0.000256825
1.49 0.0775468 -0.170121 -0.000269276
1.495 0.0808993 -0.170132 -0.000280913
1.5 0.0838916 -0.170142 -0.000291298
1.505 0.0864765 -0.170151 -0.00030027
1.51 0.0887009 -0.170158 -0.00030799
1.515 0.0906979 -0.170164 -0.000314921
1.52 0.0926599 -0.170171 -0.00032173
1.525 0.0948028 -0.170178 -0.000329167
1.53 0.0973347 -0.170186 -0.000337954
1.535 0.100433 -0.170196 -0.000348708
1.54 0.104232 -0.170208 -0.00036189
1.545 0.108807 -0.170222 -0.000377768
1.55 0.114179 -0.17024 -0.000396411
1.555 0.120319 -0.170259 -0.000417717
1.56 0.127166 -0.170281 -0.000441474
1.565 0.134641 -0.170305 -0.000467414
1.57 0.142663 -0.170331 -0.000495248
1.575 0.151139 -0.170358 -0.000524657
1.58 0.159955 -0.170386 -0.000555243
1.585 0.16896 -0.170415 -0.000586486
1.59 0.177967 -0.170444 -0.000617731
1.595 0.186754 -0.170473 -0.000648213
1.6 0.195088 -0.1705 -0.000677118
1.605 0.202743 -0.170524 -0.000703671
1.61 0.209523 -0.170547 -0.000727186
1.615 0.215264 -0.170565 -0.000747097
1.62 0.219834 -0.17058 -0.000762946
1.625 0.223126 -0.170591 -0.000774364
1.63 0.225053 -0.170597 -0.000781045
1.635 0.225543 -0.170599 -0.000782743
1.64 0.224547 -0.170596 -0.00077929
1.645 0.222058 -0.170594 -0.000770649
1.65 0.21812 -0.170595 -0.000756974
1.655 0.212839 -0.170596 -0.000738636
1.66 0.206373 -0.170597 -0.000716183
1.665 0.198915 -0.170597 -0.000690287
1.67 0.190675 -0.170597 -0.000661676
1.675 0.181868 -0.170598 -0.000631093
1.68 0.172701 -0.170598 -0.000599265
1.685 0.163377 -0.170598 -0.000566891
1.69 0.154084 -0.170598 -0.000534621
1.695 0.144985 -0.170599 -0.000503027
1.7 0.136204 -0.170599 -0.00047254
1.705 0.127809 -0.170599 -0.00044339
1.71 0.119801 -0.170599 -0.000415584
1.715 0.112133 -0.170599 -0.00038896
1.72 0.104739 -0.170599 -0.000363289
1.725 0.0975645 -0.170599 -0.000338377
1.73 0.0905685 -0.170599 -0.000314087
1.735 0.0837216 -0.170599 -0.000290314
1.74 0.076996 -0.170599 -0.000266962
1.745 0.0703683 -0.170599 -0.000243951
1.75 0.063825 -0.170599 -0.000221232
1.755 0.0573623 -0.170599 -0.000198794
1.76 0.0509743 -0.170599 -0.000176615
1.765 0.0446394 -0.170599 -0.000154621
1.77 0.0383103 -0.170599 -0.000132647
1.775 0.031915 -0.170599 -0.000110443
1.78 0.0253746 -0.170599 -8.77356e-05
1.785 0.0186359 -0.170599 -6.43397e-05
1.79 0.0117022 -0.170599 -4.02674e-05
1.795 0.0046511 -0.170599 -1.57874e-05
1.8 -0.00237346 -0.170599 8.60015e-06
1.805 -0.00919004 -0.170599 3.22654e-05
1.81 -0.0156188 -0.170599 5.45842e-05
1.815 -0.0215093 -0.170599 7.50335e-05
1.82 -0.0267456 -0.170599 9.32118e-05
1.825 -0.0312438 -0.170599 0.000108827
1.83 -0.0349531 -0.170599 0.000121704
1.835 -0.0378652 -0.170599 0.000131814
1.84 -0.0400273 -0.170599 0.000139319
1.845 -0.0415519 -0.170599 0.000144611
1.85 -0.0426084 -0.1706 0.000148279
1.855 -0.0433975 -0.1706 0.000151018
1.86 -0.0441141 -0.1706 0.000153505
1.865 -0.0449155 -0.1706 0.000156287
1.87 -0.0459091 -0.1706 0.000159736
1.875 -0.0471608 -0.1706 0.000164081
1.88 -0.0487039 -0.1706 0.000169438
1.885 -0.0505436 -0.1706 0.000175824
1.89 -0.0526602 -0.170601 0.000183171
1.895 -0.055014 -0.170601 0.000191342
1.9 -0.0575555 -0.170602 0.000200164
1.905 -0.0602424 -0.170602 0.000209491
1.91 -0.0630562 -0.170603 0.000219258
1.915 -0.0660047 -0.170604 0.000229493
1.92 -0.0691077 -0.170605 0.000240263
1.925 -0.072377 -0.170607 0.000251611
1.93 -0.0758109 -0.17061 0.00026353
1.935 -0.0794077 -0.170614 0.000276013
1.94 -0.0831947 -0.170619 0.000289157
1.945 -0.0872598 -0.170626 0.000303266
1.95 -0.0917613 -0.170638 0.000318886
1.955 -0.0969073 -0.170654 0.000336739
1.96 -0.102913 -0.170674 0.000357574
1.965 -0.109959 -0.170696 0.000382017
1.97 -0.118171 -0.170722 0.000410506
1.975 -0.127625 -0.170752 0.000443298
1.98 -0.138349 -0.170786 0.000480497
1.985 -0.150333 -0.170824 0.000522063
1.99 -0.163528 -0.170867 0.000567829
1.995 -0.177867 -0.170913 0.000617553
2 -0.193277 -0.170963 0.00067099
2.005 -0.209708 -0.171016 0.000727959
2.01 -0.22713 -0.171072 0.000788361
2.015 -0.245524 -0.171132 0.000852121
2.02 -0.264851 -0.171195 0.00091911
2.025 -0.285033 -0.171261 0.000989051
2.03 -0.305934 -0.17133 0.00106147
2.035 -0.327359 -0.171401 0.0011357
2.04 -0.349062 -0.171473 0.00121088
2.045 -0.370764 -0.171545 0.00128605
2.05 -0.392168 -0.171617 0.00136017
2.055 -0.41298 -0.171687 0.00143223
2.06 -0.432937 -0.171755 0.00150132
2.065 -0.451855 -0.171819 0.00156681
2.07 -0.469663 -0.17188 0.00162844
2.075 -0.486399 -0.171937 0.00168636
2.08 -0.50216 -0.171991 0.0017409
2.085 -0.517039 -0.172043 0.00179238
2.09 -0.531077 -0.172091 0.00184094
2.095 -0.544252 -0.172137 0.00188651
2.1 -0.556504 -0.17218 0.00192889
2.105 -0.567786 -0.172219 0.00196791
2.11 -0.578097 -0.172255 0.00200357
2.115 -0.587495 -0.172288 0.00203607
2.12 -0.596087 -0.172318 0.00206578
2.125 -0.60401 -0.172346 0.00209318
2.13 -0.611405 -0.172372 0.00211875
2.135 -0.618406 -0.172397 0.00214295
2.14 -0.625127 -0.172421 0.00216619
2.145 -0.63167 -0.172444 0.00218881
2.15 -0.638116 -0.172467 0.0022111
2.155 -0.644516 -0.172489 0.00223322
2.16 -0.650861 -0.172512 0.00225515
2.165 -0.657071 -0.172534 0.00227662
2.17 -0.662996 -0.172555 0.0022971
2.175 -0.668459 -0.172574 0.00231598
2.18 -0.673305 -0.172592 0.00233273
2.185 -0.677442 -0.172607 0.00234703
2.19 -0.680844 -0.172619 0.00235879
2.195 -0.683522 -0.172628 0.00236804
2.2 -0.685493 -0.172635 0.00237485
2.205 -0.686757 -0.17264 0.00237922
2.21 -0.687288 -0.172642 0.00238105
2.215 -0.687043 -0.172641 0.00238021
2.22 -0.685987 -0.17264 0.00237655
2.225 -0.684103 -0.17264 0.00237
2.23 -0.681391 -0.172641 0.00236058
2.235 -0.677856 -0.172641 0.00234831
2.24 -0.673506 -0.172641 0.0023332
2.245 -0.668367 -0.172641 0.00231536
2.25 -0.662502 -0.172641 0.00229499
2.255 -0.656028 -0.172642 0.00227251
2.26 -0.649118 -0.172642 0.00224852
2.265 -0.64197 -0.172642 0.0022237
2.27 -0.634763 -0.172642 0.00219868
2.275 -0.627612 -0.172642 0.00217385
2.28 -0.620558 -0.172642 0.00214936
2.285 -0.613586 -0.172642 0.00212515
2.29 -0.60666 -0.172642 0.0021011
2.295 -0.599753 -0.172642 0.00207712
2.3 -0.592851 -0.172642 0.00205315
2.305 -0.585934 -0.172642 0.00202914
2.31 -0.578968 -0.172642 0.00200495
2.315 -0.571885 -0.172642 0.00198036
2.32 -0.56459 -0.172642 0.00195503
2.325 -0.556975 -0.172642 0.00192859
2.33 -0.548925 -0.172642 0.00190064
2.335 -0.540315 -0.172642 0.00187075
2.34 -0.530992 -0.172642 0.00183838
2.345 -0.520751 -0.172642 0.00180282
2.35 -0.509343 -0.172641 0.00176321
2.355 -0.496501 -0.172641 0.00171863
2.36 -0.481998 -0.172641 0.00166828
2.365 -0.465674 -0.172641 0.00161161
2.37 -0.447457 -0.172641 0.00154837
2.375 -0.427359 -0.17264 0.0014786
2.38 -0.405472 -0.17264 0.00140262
2.385 -0.381961 -0.172639 0.00132101
2.39 -0.357063 -0.172639 0.00123459
2.395 -0.331052 -0.172638 0.00114431
2.4 -0.304216 -0.172637 0.00105118
2.405 -0.276805 -0.172636 0.000956057
2.41 -0.249004 -0.172635 0.000859592
2.415 -0.220918 -0.172634 0.000762152
2.42 -0.192596 -0.172633 0.000663906
2.425 -0.164049 -0.172633 0.000564894
2.43 -0.135263 -0.172632 0.000465071
2.435 -0.106201 -0.172632 0.000364309
2.44 -0.076805 -0.172631 0.000262407
2.445 -0.0469964 -0.172631 0.000159093
2.45 -0.0166827 -0.172632 5.40494e-05
2.455 0.0142328 -0.172633 -5.30639e-05
2.46 0.0458345 -0.172635 -0.000162544
2.465 0.0781762 -0.17264 -0.00027458
2.47 0.111269 -0.172648 -0.000389218
2.475 0.14508 -0.172662 -0.000506354
2.48 0.179543 -0.172695 -0.000625762
2.485 0.214563 -0.172762 -0.000747152
2.49 0.250023 -0.172868 -0.000870009
2.495 0.285783 -0.172994 -0.000993804
2.5 0.321669 -0.17312 -0.00111804
2.505 0.357475 -0.173244 -0.00124198
2.51 0.392978 -0.173368 -0.00136485
2.515 0.427954 -0.173489 -0.00148588
2.52 0.462202 -0.173608 -0.00160436
2.525 0.495549 -0.173724 -0.00171971
2.53 0.527856 -0.173836 -0.00183143
2.535 0.559004 -0.173945 -0.00193913
2.54 0.588888 -0.17405 -0.00204243
2.545 0.617409 -0.174151 -0.00214101
2.55 0.644477 -0.174247 -0.00223455
2.555 0.670022 -0.174338 -0.00232281
2.56 0.693999 -0.174423 -0.00240564
2.565 0.716385 -0.174504 -0.00248297
2.57 0.737182 -0.174579 -0.0025548
2.575 0.756423 -0.174648 -0.00262124
2.58 0.774182 -0.174713 -0.00268256
2.585 0.790583 -0.174773 -0.00273919
2.59 0.805796 -0.174828 -0.00279171
2.595 0.820023 -0.174881 -0.00284082
2.6 0.833472 -0.17493 -0.00288724
2.605 0.846325 -0.174977 -0.0029316
2.61 0.858698 -0.175023 -0.00297431
2.615 0.870627 -0.175067 -0.00301548
2.62 0.882068 -0.17511 -0.00305496
2.625 0.892921 -0.17515 -0.00309241
2.63 0.903053 -0.175188 -0.00312737
2.635 0.912318 -0.175222 -0.00315933
2.64 0.920567 -0.175253 -0.0031878
2.645 0.92765 -0.17528 -0.00321223
2.65 0.933403 -0.175301 -0.00323208
2.655 0.937657 -0.175317 -0.00324675
2.66 0.940241 -0.175327 -0.00325567
2.665 0.940991 -0.17533 -0.00325825
2.67 0.939764 -0.175326 -0.00325402
2.675 0.936457 -0.175323 -0.00324255
2.68 0.931025 -0.175325 -0.00322368
2.685 0.923513 -0.175326 -0.00319759
2.69 0.914089 -0.175327 -0.00316486
2.695 0.903055 -0.175327 -0.00312654
2.7 0.890837 -0.175328 -0.00308411
2.705 0.877935 -0.175328 -0.00303931
2.71 0.864861 -0.175329 -0.00299392
2.715 0.852074 -0.175329 -0.00294952
2.72 0.839935 -0.175329 -0.00290737
2.725 0.828687 -0.175329 -0.00286831
2.73 0.818457 -0.175329 -0.00283279
2.735 0.809255 -0.17533 -0.00280084
2.74 0.800996 -0.17533 -0.00277217
2.745 0.793521 -0.17533 -0.00274622
2.75 0.786626 -0.17533 -0.00272228
2.755 0.780108 -0.17533 -0.00269965
2.76 0.773791 -0.17533 -0.00267772
2.765 0.767549 -0.17533 -0.00265605
2.77 0.761312 -0.17533 -0.0026344
2.775 0.755056 -0.17533 -0.00261268
2.78 0.748789 -0.17533 -0.00259093
2.785 0.742547 -0.175329 -0.00256926
2.79 0.736379 -0.175329 -0.00254785
2.795 0.730344 -0.175329 -0.00252689
2.8 0.724504 -0.175329 -0.00250662
2.805 0.71893 -0.175329 -0.00248727
2.81 0.713694 -0.175329 -0.0024691
2.815 0.708877 -0.175329 -0.00245238
2.82 0.704574 -0.175329 -0.00243744
2.825 0.700902 -0.175329 -0.0024247
2.83 0.698007 -0.175329 -0.00241465
2.835 0.696056 -0.175329 -0.00240788
2.84 0.695229 -0.175329 -0.00240501
2.845 0.695703 -0.175329 -0.00240665
2.85 0.697649 -0.175329 -0.00241341
2.855 0.701226 -0.175329 -0.00242583
2.86 0.706581 -0.175329 -0.00244442
2.865 0.713849 -0.175329 -0.00246966
2.87 0.723128 -0.175329 -0.00250188
2.875 0.734475 -0.175329 -0.00254128
2.88 0.747914 -0.175329 -0.00258794
2.885 0.763455 -0.175329 -0.0026419
2.89 0.781125 -0.175329 -0.00270325
2.895 0.800989 -0.175329 -0.00277222
2.9 0.82315 -0.175328 -0.00284916
2.905 0.847735 -0.175328 -0.0029345
2.91 0.874866 -0.175327 -0.00302868
2.915 0.90463 -0.175326 -0.00313199
2.92 0.93707 -0.175325 -0.00324455
2.925 0.972177 -0.175338 -0.00336626
2.93 1.00991 -0.175444 -0.00349661
2.935 1.05019 -0.175632 -0.00363544
2.94 1.09298 -0.175826 -0.00378287
2.945 1.13823 -0.176026 -0.00393876
2.95 1.18597 -0.176234 -0.00410317
2.955 1.23627 -0.176451 -0.00427637
2.96 1.28929 -0.176678 -0.00445885
2.965 1.34521 -0.176912 -0.00465093
2.97 1.40428 -0.177156 -0.00485329
2.975 1.4667 -0.177407 -0.00506647
2.98 1.53267 -0.177649 -0.00528977
2.985 1.60232 -0.17789 -0.00552416
2.99 1.67571 -0.178106 -0.0057689
2.995 1.75286 -0.178295 -0.00602382
3 1.83374 -0.17847 -0.00628999
3.005 1.91831 -0.178543 -0.00656375
3.01 2.00649 -0.17854 -0.00684581
3.015 2.09823 -0.17855 -0.0071393
3.02 2.19343 -0.178493 -0.00744168
3.025 2.29201 -0.178355 -0.0077517
3.03 2.39386 -0.178215 -0.00807116
3.035 2.49886 -0.178077 -0.00840034
3.04 2.60689 -0.177867 -0.00873699
3.045 2.71781 -0.177573 -0.00907965
3.05 2.83147 -0.177252 -0.00942876
3.055 2.94775 -0.176882 -0.00978294
3.06 3.06651 -0.176379 -0.0101395
3.065 3.18762 -0.175761 -0.0104987
3.07 3.31096 -0.175068 -0.0108605
3.075 3.43642 -0.17426 -0.0112226
3.08 3.5639 -0.17336 -0.0115858
3.085 3.6933 -0.172351 -0.0119491
3.09 3.82458 -0.171177 -0.0123119
3.095 3.9577 -0.169881 -0.0126762
3.1 4.09266 -0.168507 -0.013042
3.105 4.22949 -0.167061 -0.0134092
3.11 4.36818 -0.16553 -0.0137802
3.115 4.50873 -0.163932 -0.0141546
3.12 4.6511 -0.162325 -0.0145306
3.125 4.79527 -0.160708 -0.0149073
3.13 4.94116 -0.159044 -0.0152781
3.135 5.08873 -0.157333 -0.0156424
3.14 5.23795 -0.155552 -0.0160025
3.145 5.38878 -0.153752 -0.0163424
3.15 5.54123 -0.152112 -0.0166633
3.155 5.6953 -0.15058 -0.0169835
3.16 5.851 -0.149124 -0.0173015
3.165 6.00837 -0.147734 -0.0176159
3.17 6.16744 -0.146342 -0.0179319
3.175 6.32822 -0.144991 -0.0182496
3.18 6.49068 -0.143625 -0.0185721
3.185 6.65478 -0.142287 -0.0188986
3.19 6.82042 -0.140859 -0.0192398
3.195 6.98746 -0.139292 -0.0195968
3.2 7.15578 -0.137751 -0.0199558
3.205 7.32524 -0.136235 -0.0203178
3.21 7.49573 -0.134634 -0.020689
3.215 7.66718 -0.132951 -0.0210676
3.22 7.83955 -0.131302 -0.0214473
3.225 8.01284 -0.12969 -0.021828
3.23 8.18702 -0.128122 -0.0222096
3.235 8.36207 -0.126626 -0.0225919
3.24 8.53795 -0.125105 -0.0229781
3.245 8.71456 -0.123531 -0.0233684
3.25 8.8918 -0.122 -0.0237593
3.255 9.06951 -0.12052 -0.0241506
3.26 9.24751 -0.119097 -0.0245418
3.265 9.42561 -0.117598 -0.0249398
3.27 9.60363 -0.116021 -0.025344
3.275 9.78137 -0.114489 -0.0257476
3.28 9.95869 -0.112926 -0.0261549
3.285 10.1354 -0.111373 -0.0265646
3.29 10.3115 -0.109888 -0.0269719
3.295 10.4867 -0.108346 -0.0273779
3.3 10.6609 -0.106756 -0.0277822
3.305 10.8339 -0.105202 -0.0281833
3.31 11.0054 -0.103724 -0.0285805
3.315 11.1752 -0.102317 -0.0289732
3.32 11.3429 -0.100944 -0.0293608
3.325 11.5081 -0.0996104 -0.0297424
3.33 11.6702 -0.0983198 -0.0301168
3.335 11.8288 -0.0970777 -0.0304829
3.34 11.9832 -0.095889 -0.0308393
3.345 12.1329 -0.0947585 -0.0311847
3.35 12.2773 -0.0936911 -0.0315177
3.355 12.4158 -0.0926911 -0.0318369
3.36 12.5477 -0.0917621 -0.0321409
3.365 12.6726 -0.090907 -0.0324286
3.37 12.7899 -0.0901385 -0.0326989
3.375 12.8993 -0.0895226 -0.0329504
3.38 13.0003 -0.0890375 -0.0331824
3.385 13.0927 -0.0886071 -0.0333944
3.39 13.1759 -0.0882318 -0.0335855
3.395 13.2498 -0.0879105 -0.0337551
3.4 13.314 -0.0876418 -0.0339023
3.405 13.3681 -0.087424 -0.0340264
3.41 13.4119 -0.0872552 -0.0341269
3.415 13.4451 -0.0871333 -0.0342031
3.42 13.4675 -0.0870567 -0.0342544
3.425 13.479 -0.087024 -0.0342806
3.43 13.4793 -0.0870344 -0.0342813
3.435 13.4684 -0.0870871 -0.0342557
3.44 13.4463 -0.0872853 -0.0341989
3.445 13.4129 -0.0876758 -0.0341104
3.45 13.3684 -0.088212 -0.0339943
3.455 13.3128 -0.0889206 -0.0338522
3.46 13.2462 -0.0898171 -0.0336852
3.465 13.1686 -0.0908991 -0.0334937
3.47 13.0802 -0.0921625 -0.0332779
3.475 12.981 -0.0936334 -0.0330378
3.48 12.8712 -0.0953413 -0.0327735
3.485 12.751 -0.0972595 -0.0324848
3.49 12.6204 -0.0993718 -0.032172
3.495 12.4798 -0.101662 -0.0318352
3.5 12.3292 -0.103996 -0.0314736
3.505 12.1689 -0.106378 -0.0310881
3.51 11.9991 -0.108911 -0.03068
3.515 11.82 -0.111356 -0.0302475
3.52 11.6318 -0.113736 -0.0297909
3.525 11.4347 -0.116271 -0.029313
3.53 11.2289 -0.118933 -0.0288142
3.535 11.0147 -0.121718 -0.028295
3.54 10.7922 -0.124628 -0.0277559
3.545 10.5617 -0.127684 -0.0271977
3.55 10.3232 -0.13089 -0.0266207
3.555 10.077 -0.134296 -0.0260262
3.56 9.8233 -0.137908 -0.0254145
3.565 9.56225 -0.141431 -0.0247823
3.57 9.29407 -0.144857 -0.02413
3.575 9.01897 -0.148435 -0.0234614
3.58 8.7372 -0.152154 -0.0227778
3.585 8.44901 -0.156003 -0.0220798
3.59 8.15469 -0.159975 -0.0213671
3.595 7.85452 -0.163866 -0.0206374
3.6 7.54878 -0.167706 -0.0198922
3.605 7.23775 -0.171703 -0.019135
3.61 6.92165 -0.175854 -0.0183662
3.615 6.60067 -0.180197 -0.0175866
3.62 6.27497 -0.184812 -0.0167979
3.625 5.9447 -0.189636 -0.0159994
3.63 5.60999 -0.194139 -0.015183
3.635 5.27097 -0.198195 -0.0143467
3.64 4.9278 -0.201767 -0.0134884
3.645 4.58067 -0.204456 -0.0125977
3.65 4.22979 -0.20657 -0.0116811
3.655 3.87539 -0.208228 -0.01074
3.66 3.51767 -0.209176 -0.00976433
3.665 3.15683 -0.209422 -0.00875014
3.67 2.79301 -0.20911 -0.00770166
3.675 2.42636 -0.208554 -0.00663218
3.68 2.057 -0.207867 -0.00554462
3.685 1.68505 -0.207131 -0.00444389
3.69 1.31057 -0.206396 -0.00333036
3.695 0.933613 -0.205531 -0.00219067
3.7 0.554174 -0.204504 -0.00101515
3.705 0.172234 -0.203363 0.000198869
3.71 -0.212241 -0.202555 0.00144766
3.715 -0.59928 -0.202009 0.00270698
3.72 -0.988897 -0.201002 0.00394655
3.725 -1.38109 -0.199366 0.00516099
3.73 -1.77581 -0.1972 0.00635367
3.735 -2.17299 -0.194601 0.00752764
3.74 -2.57254 -0.191584 0.00868533
3.745 -2.97432 -0.188121 0.00982457
3.75 -3.37817 -0.184255 0.0109455
3.755 -3.78392 -0.179978 0.012052
3.76 -4.19134 -0.175255 0.0131544
3.765 -4.60022 -0.170243 0.014245
3.77 -5.0103 -0.165069 0.0152942
3.775 -5.4213 -0.159901 0.0162713
3.78 -5.83294 -0.155462 0.0171286
3.785 -6.24489 -0.151934 0.0178983
3.79 -6.65678 -0.148979 0.0186541
3.795 -7.06821 -0.145868 0.0194581
3.8 -7.47874 -0.14211 0.0203303
3.805 -7.8879 -0.138252 0.0212187
3.81 -8.2952 -0.134675 0.0221015
3.815 -8.70009 -0.131189 0.0229847
3.82 -9.10194 -0.127737 0.0238678
3.825 -9.50007 -0.124374 0.0247576
3.83 -9.89372 -0.120968 0.0256612
3.835 -10.2821 -0.117542 0.0265629
3.84 -10.6644 -0.114204 0.0274506
3.845 -11.0399 -0.111125 0.0283206
3.85 -11.4079 -0.108296 0.0291715
3.855 -11.7676 -0.105645 0.0300026
3.86 -12.1184 -0.103206 0.0308123
3.865 -12.4596 -0.101055 0.031599
3.87 -12.7908 -0.0994401 0.0323606
3.875 -13.1113 -0.0983383 0.0330959
3.88 -13.4207 -0.097609 0.0338046
3.885 -13.7185 -0.0970682 0.034487
3.89 -14.0045 -0.0966664 0.0351426
3.895 -14.2784 -0.096767 0.0357691
3.9 -14.54 -0.0986475 0.036362
3.905 -14.7888 1.04859 0.0403838
