0.1 4.09039e-31 200 8.08242e-14
0.2 2.48345e-31 400 1.77636e-14
0.3 -1.4572e-30 600 -1.06581e-14
0.4 1.16868e-31 800 -2.2915e-13
0.5 9.34946e-31 1000 -2.59348e-13
0.6 1.47181e-30 1200 7.10543e-15
0.7 4.67473e-31 1400 4.83169e-13
0.8 -4.67473e-31 1600 5.32907e-13
0.9 1.40242e-30 1800 1.43885e-13
1 -1.63616e-30 2000 -7.67386e-13
0.005 1.16255e-05 2000 -0.00503899
0.01 5.80541e-05 2000 -0.0251113
0.015 0.00015085 2000 -0.0651926
0.02 0.000289997 2000 -0.125299
0.025 0.000475512 2000 -0.205438
0.03 0.000707451 2000 -0.305632
0.035 0.000985889 2000 -0.425915
0.04 0.00131088 2000 -0.566308
0.045 0.00168242 2000 -0.726811
0.05 0.00210041 2000 -0.907383
0.055 0.00256468 2000 -1.10795
0.06 0.00307511 2000 -1.32845
0.065 0.00363178 2000 -1.56893
0.07 0.00423506 2000 -1.82955
0.075 0.00488559 2000 -2.11058
0.08 0.00558421 2000 -2.41238
0.085 0.00633177 2000 -2.73533
0.09 0.00712904 2000 -3.07975
0.095 0.00797637 2000 -3.44579
0.1 0.00887354 2000 -3.83337
0.105 0.00982013 2000 -4.2423
0.11 0.010816 2000 -4.6725
0.115 0.0118618 2000 -5.1243
0.12 0.0129599 2000 -5.5987
0.125 0.0141141 2000 -6.09731
0.13 0.0153287 2000 -6.62201
0.135 0.0166075 2000 -7.17443
0.14 0.0179526 2000 -7.75551
0.145 0.0193646 2000 -8.3655
0.15 0.0208433 2000 -9.00432
0.155 0.0223889 2000 -9.67201
0.16 0.0240025 2000 -10.3691
0.165 0.0256869 2000 -11.0968
0.17 0.027447 2000 -11.8571
0.175 0.0292883 2000 -12.6525
0.18 0.0312168 2000 -13.4857
0.185 0.0332379 2000 -14.3588
0.19 0.0353567 2000 -15.2741
0.195 0.0375788 2000 -16.234
0.2 0.0399114 2000 -17.2417
0.205 0.042365 2000 -18.3017
0.21 0.0449569 2000 -19.4214
0.215 0.0477121 2000 -20.6116
0.22 0.0506595 2000 -21.8849
0.225 0.0538242 2000 -23.252
0.23 0.0572203 2000 -24.7192
0.235 0.0608469 2000 -26.2859
0.24 0.0646872 2000 -27.9449
0.245 0.0687138 2000 -29.6844
0.25 0.0728973 2000 -31.4916
0.255 0.0772155 2000 -33.3571
0.26 0.0816603 2000 -35.2773
0.265 0.0862383 2000 -37.255
0.27 0.0909679 2000 -39.2981
0.275 0.0958723 2000 -41.4169
0.28 0.100975 2000 -43.6211
0.285 0.106294 2000 -45.9192
0.29 0.111846 2000 -48.3176
0.295 0.117644 2000 -50.8222
0.3 0.123701 2000 -53.4388
0.305 0.130034 2000 -56.1746
0.31 0.136663 2000 -59.0387
0.315 0.143616 2000 -62.0422
0.32 0.150921 2000 -65.1978
0.325 0.158605 2000 -68.5176
0.33 0.166692 2000 -72.0112
0.335 0.175197 2000 -75.685
0.34 0.184127 2000 -79.543
0.345 0.193488 2000 -83.5871
0.35 0.203285 2000 -87.8192
0.355 0.213518 2000 -92.2401
0.36 0.224186 2000 -96.8484
0.365 0.235278 2000 -101.64
0.37 0.246784 2000 -106.611
0.375 0.258695 2000 -111.756
0.38 0.271005 2000 -117.074
0.385 0.283709 2000 -122.562
0.39 0.29679 2000 -128.213
0.395 0.310202 2000 -134.007
0.4 0.323859 2000 -139.907
0.405 0.337628 2000 -145.855
0.41 0.351333 2000 -151.776
0.415 0.364766 2000 -157.579
0.42 0.377704 2000 -163.169
0.425 0.389939 2000 -168.454
0.43 0.401309 2000 -173.366
0.435 0.411737 2000 -177.871
0.44 0.421252 2000 -181.981
0.445 0.429986 2000 -185.754
0.45 0.438163 2000 -189.286
0.455 0.446069 2000 -192.702
0.46 0.454022 2000 -196.138
0.465 0.462318 2000 -199.721
0.47 0.47118 2000 -203.55
0.475 0.480717 2000 -207.67
0.48 0.49091 2000 -212.073
0.485 0.501634 2000 -216.706
0.49 0.512685 2000 -221.48
0.495 0.523821 2000 -226.291
0.5 0.534785 2000 -231.027
0.505 0.545312 2000 -235.575
0.51 0.555121 2000 -239.812
0.515 0.5639 2000 -243.605
0.52 0.571301 2000 -246.802
0.525 0.576956 2000 -249.245
0.53 0.580534 2000 -250.791
0.535 0.581804 2000 -251.339
0.54 0.580556 2000 -250.8
0.545 0.576737 2000 -249.151
0.55 0.57061 2000 -246.504
0.555 0.562547 2000 -243.02
0.56 0.552967 2000 -238.882
0.565 0.542279 2000 -234.265
0.57 0.530811 2000 -229.31
0.575 0.518764 2000 -224.106
0.58 0.506207 2000 -218.682
0.585 0.493134 2000 -213.034
0.59 0.479549 2000 -207.165
0.595 0.465543 2000 -201.114
0.6 0.451332 2000 -194.975
0.605 0.437249 2000 -188.892
0.61 0.423671 2000 -183.026
0.615 0.410917 2000 -177.516
0.62 0.399201 2000 -172.455
0.625 0.388614 2000 -167.881
0.63 0.379134 2000 -163.786
0.635 0.37061 2000 -160.103
0.64 0.362769 2000 -156.716
0.645 0.355215 2000 -153.453
0.65 0.347438 2000 -150.093
0.655 0.338821 2000 -146.371
0.66 0.328673 2000 -141.987
0.665 0.316302 2000 -136.642
0.67 0.301151 2000 -130.097
0.675 0.282925 2000 -122.224
0.68 0.261659 2000 -113.037
0.685 0.237708 2000 -102.69
0.69 0.211695 2000 -91.4521
0.695 0.184432 2000 -79.6748
0.7 0.156835 2000 -67.7529
0.705 0.129833 2000 -56.0879
0.71 0.104302 2000 -45.0584
0.715 0.0809555 2000 -34.9726
0.72 0.0603036 2000 -26.051
0.725 0.0426376 2000 -18.4191
0.73 0.0281235 2000 -12.1487
0.735 0.0168528 2000 -7.27944
0.74 0.00886343 1999.99 -3.82764
0.745 0.00404837 1999.99 -1.74765
0.75 0.00214957 2000 -0.927612
0.755 0.00269889 2000 -1.16492
0.76 0.00500822 2000 -2.16264
0.765 0.00816976 2000 -3.5286
0.77 0.0111823 2000 -4.83018
0.775 0.0130319 2000 -5.62929
0.78 0.0127747 2000 -5.51831
0.785 0.0096275 2000 -4.15877
0.79 0.00305243 2000 -1.31844
0.795 -0.00702048 1999.99 3.03426
0.8 -0.0205189 1999.99 8.86761
0.805 -0.0366072 1999.98 15.8241
0.81 -0.0547707 1999.98 23.6746
0.815 -0.0752183 1999.98 32.5054
0.82 -0.0976789 1999.98 42.2063
0.825 -0.121838 1999.99 52.6413
0.83 -0.14738 1999.99 63.6744
0.835 -0.173995 1999.99 75.1708
0.84 -0.20137 1999.99 86.996
0.845 -0.229208 1999.99 99.0214
0.85 -0.257249 2000 111.135
0.855 -0.285301 2000 123.253
0.86 -0.313267 2000 135.334
0.865 -0.341168 2000 147.387
0.87 -0.369149 2000 159.474
0.875 -0.397417 2000 171.686
0.88 -0.42615 2000 184.098
0.885 -0.45539 2000 196.73
0.89 -0.484974 2000 209.51
0.895 -0.514482 2000 222.258
0.9 -0.543282 2000 234.699
0.905 -0.570704 2000 246.545
0.91 -0.596288 2000 257.598
0.915 -0.619998 2000 267.84
0.92 -0.642326 2000 277.486
0.925 -0.664269 2000 286.965
0.93 -0.687137 2000 296.844
0.935 -0.712209 2000 307.675
0.94 -0.740369 2000 319.84
0.945 -0.771889 2000 333.457
0.95 -0.806381 2000 348.358
0.955 -0.842881 2000 364.126
0.96 -0.880024 2000 380.172
0.965 -0.916231 2000 395.813
0.97 -0.949897 2000 410.357
0.975 -0.979563 2000 423.173
0.98 -1.00403 2000 433.744
0.985 -1.0224 2000 441.68
0.99 -1.03399 2000 446.685
0.995 -1.03824 2000 448.522
1 -1.03422 1999.99 446.786
1.005 -1.02091 1999.99 441.038
1.01 -0.997952 1999.99 431.118
1.015 -0.965167 1999.99 416.954
1.02 -0.922578 1999.99 398.555
1.025 -0.870264 1999.99 375.956
1.03 -0.808318 2000 349.194
1.035 -0.736909 2000 318.346
1.04 -0.656387 2000 283.56
1.045 -0.567326 2000 245.085
1.05 -0.470524 2000 203.267
1.055 -0.366955 2000 158.525
1.06 -0.257651 2000 111.305
1.065 -0.14358 2000 62.0268
1.07 -0.0255847 2000 11.0525
1.075 0.0955893 2000 -41.2948
1.08 0.219193 2000 -94.6918
1.085 0.344341 2000 -148.755
1.09 0.469807 1999.99 -202.957
1.095 0.593095 1999.95 -256.232
1.1 0.706136 1999.84 -305.161
1.105 0.813039 1999.81 -351.367
1.11 0.915135 1999.84 -395.449
1.115 1.01166 1999.87 -437.127
1.12 1.10208 1999.9 -476.176
1.125 1.18629 1999.92 -512.539
1.13 1.26452 1999.93 -546.325
1.135 1.33734 1999.95 -577.773
1.14 1.40547 1999.96 -607.201
1.145 1.46963 1999.96 -634.91
1.15 1.53021 1999.97 -661.076
1.155 1.58708 1999.98 -685.64
1.16 1.63948 1999.98 -708.274
1.165 1.68609 1999.98 -728.407
1.17 1.72524 1999.99 -745.318
1.175 1.75518 1999.99 -758.246
1.18 1.77432 1999.99 -766.513
1.185 1.78155 1999.99 -769.638
1.19 1.77575 1999.98 -767.135
1.195 1.75619 1999.97 -758.686
1.2 1.72358 1999.98 -744.598
1.205 1.6789 1999.98 -725.293
1.21 1.62309 1999.99 -701.179
1.215 1.55672 1999.99 -672.508
1.22 1.47996 1999.99 -639.348
1.225 1.39278 1999.99 -601.684
1.23 1.29541 1999.99 -559.619
1.235 1.18881 2000 -513.568
1.24 1.07483 2000 -464.329
1.245 0.955963 2000 -412.977
1.25 0.834891 2000 -360.674
1.255 0.714109 2000 -308.496
1.26 0.595653 2000 -257.322
1.265 0.480997 2000 -207.791
1.27 0.371097 2000 -160.314
1.275 0.266522 2000 -115.137
1.28 0.167626 2000 -72.4141
1.285 0.0746644 2000 -32.2546
1.29 -0.0121617 2000 5.25433
1.295 -0.0927558 2000 40.071
1.3 -0.167315 2000 72.2804
1.305 -0.236623 2000 102.222
1.31 -0.302258 2000 130.576
1.315 -0.366516 2000 158.336
1.32 -0.432065 2000 186.653
1.325 -0.50139 2000 216.601
1.33 -0.576216 2000 248.926
1.335 -0.657046 2000 283.845
1.34 -0.742937 2000 320.951
1.345 -0.831512 1999.99 359.216
1.35 -0.91938 1999.99 397.177
1.355 -1.00255 1999.98 433.108
1.36 -1.07715 1999.95 465.341
1.365 -1.13828 1999.91 491.792
1.37 -1.18835 1999.9 513.427
1.375 -1.22784 1999.92 530.477
1.38 -1.25696 1999.94 543.048
1.385 -1.27632 1999.95 551.403
1.39 -1.28681 1999.96 555.926
1.395 -1.28936 1999.97 557.026
1.4 -1.28429 1999.96 554.836
1.405 -1.27211 1999.96 549.576
1.41 -1.25377 1999.97 541.647
1.415 -1.23053 1999.98 531.605
1.42 -1.2043 1999.98 520.268
1.425 -1.17758 1999.98 508.722
1.43 -1.1533 1999.99 498.234
1.435 -1.13445 1999.99 490.091
1.44 -1.12366 1999.99 485.428
1.445 -1.12293 1999.99 485.11
1.45 -1.1335 1999.99 489.677
1.455 -1.1559 2000 499.35
1.46 -1.18997 2000 514.068
1.465 -1.23503 2000 533.533
1.47 -1.28978 1999.99 557.174
1.475 -1.34635 1999.94 581.661
1.48 -1.40724 1999.95 607.961
1.485 -1.47015 1999.96 635.132
1.49 -1.53196 1999.96 661.831
1.495 -1.58972 1999.97 686.78
1.5 -1.64127 1999.98 709.046
1.505 -1.6858 1999.98 728.278
1.51 -1.72411 1999.98 744.827
1.515 -1.7585 1999.99 759.683
1.52 -1.79229 1999.99 774.278
1.525 -1.82919 1999.99 790.217
1.53 -1.87278 1999.99 809.049
1.535 -1.92613 1999.99 832.095
1.54 -1.99152 2000 860.34
1.545 -2.07026 2000 894.357
1.55 -2.16269 2000 934.289
1.555 -2.26831 2000 979.916
1.56 -2.38604 2000 1030.78
1.565 -2.51455 2000 1086.3
1.57 -2.6524 2000 1145.85
1.575 -2.798 2000 1208.75
1.58 -2.94938 2000 1274.15
1.585 -3.10395 2000 1340.93
1.59 -3.25847 2000 1407.69
1.595 -3.40917 2000 1472.79
1.6 -3.55202 2000 1534.5
1.605 -3.68321 2000 1591.17
1.61 -3.79935 2000 1641.35
1.615 -3.89768 2000 1683.82
1.62 -3.97593 2000 1717.62
1.625 -4.03229 2000 1741.97
1.63 -4.06528 2000 1756.22
1.635 -4.07367 2000 1759.84
1.64 -4.05436 1999.96 1751.51
1.645 -4.00618 1999.94 1730.72
1.65 -3.93008 1999.95 1697.83
1.655 -3.828 1999.96 1653.73
1.66 -3.70301 1999.97 1599.73
1.665 -3.55885 1999.97 1537.44
1.67 -3.39956 1999.98 1468.62
1.675 -3.22929 1999.98 1395.06
1.68 -3.05208 1999.99 1318.51
1.685 -2.87184 1999.99 1240.64
1.69 -2.69218 1999.99 1163.03
1.695 -2.51628 1999.99 1087.04
1.7 -2.34655 1999.99 1013.71
1.705 -2.18426 2000 943.601
1.71 -2.02946 2000 876.727
1.715 -1.88124 2000 812.694
1.72 -1.73833 2000 750.956
1.725 -1.59964 2000 691.044
1.73 -1.46442 2000 632.628
1.735 -1.33208 2000 575.458
1.74 -1.20209 2000 519.303
1.745 -1.074 2000 463.966
1.75 -0.947545 2000 409.337
1.755 -0.822649 2000 355.382
1.76 -0.6992 2000 302.052
1.765 -0.576782 2000 249.167
1.77 -0.454481 2000 196.333
1.775 -0.330904 2000 142.948
1.78 -0.204534 2000 88.3554
1.785 -0.0743382 2000 32.1107
1.79 0.0596156 2000 -25.7573
1.795 0.195829 2000 -84.602
1.8 0.33152 2000 -143.22
1.805 0.463179 2000 -200.098
1.81 0.587334 2000 -253.733
1.815 0.701068 2000 -302.866
1.82 0.802145 2000 -346.532
1.825 0.888958 2000 -384.034
1.83 0.960529 2000 -414.953
1.835 1.0167 2000 -439.22
1.84 1.05841 2000 -457.235
1.845 1.08781 2000 -469.935
1.85 1.10817 2000 -478.733
1.855 1.12338 2000 -485.303
1.86 1.13719 2000 -491.269
1.865 1.15263 2000 -497.939
1.87 1.17178 2000 -506.208
1.875 1.19589 2000 -516.624
1.88 1.2256 2000 -529.461
1.885 1.26102 2000 -544.762
1.89 1.30176 2000 -562.362
1.895 1.34703 2000 -581.918
1.9 1.39587 2000 -603.016
1.905 1.44748 2000 -625.312
1.91 1.50144 2000 -648.624
1.915 1.55789 1999.99 -673.014
1.92 1.6171 1999.99 -698.594
1.925 1.67925 1999.98 -725.446
1.93 1.74411 1999.98 -753.469
1.935 1.81177 1999.97 -782.699
1.94 1.88236 1999.97 -813.192
1.945 1.95559 1999.94 -844.827
1.95 2.03359 1999.92 -878.55
1.955 2.12263 1999.93 -917.009
1.96 2.22637 1999.95 -961.822
1.965 2.34787 1999.95 -1014.31
1.97 2.48926 1999.96 -1075.39
1.975 2.65177 1999.96 -1145.59
1.98 2.83589 1999.97 -1225.14
1.985 3.04141 1999.97 -1313.93
1.99 3.2675 1999.98 -1411.61
1.995 3.51294 1999.98 -1517.64
2 3.77649 1999.98 -1631.51
2.005 4.05725 1999.98 -1752.81
2.01 4.35467 1999.98 -1881.31
2.015 4.66836 1999.98 -2016.84
2.02 4.99764 1999.98 -2159.1
2.025 5.3411 1999.98 -2307.49
2.03 5.69639 1999.98 -2460.99
2.035 6.06016 1999.98 -2618.15
2.04 6.42823 1999.98 -2777.17
2.045 6.79584 1999.98 -2935.99
2.05 7.15798 1999.98 -3092.44
2.055 7.50969 1999.98 -3244.39
2.06 7.84659 1999.98 -3389.92
2.065 8.16561 1999.98 -3527.74
2.07 8.46562 1999.98 -3657.34
2.075 8.74729 1999.98 -3779.01
2.08 9.01232 1999.99 -3893.49
2.085 9.26231 1999.99 -4001.48
2.09 9.49798 1999.99 -4103.28
2.095 9.71899 1999.99 -4198.74
2.1 9.92438 1999.99 -4287.46
2.105 10.1134 1999.99 -4369.1
2.11 10.286 1999.99 -4443.66
2.115 10.4433 1999.99 -4511.59
2.12 10.587 1999.99 -4573.66
2.125 10.7194 1999.99 -4630.87
2.13 10.843 1999.99 -4684.25
2.135 10.9599 2000 -4734.75
2.14 11.0722 2000 -4783.22
2.145 11.1814 2000 -4830.39
2.15 11.2889 2000 -4876.85
2.155 11.3956 2000 -4922.95
2.16 11.5014 2000 -4968.64
2.165 11.6049 2000 -5013.35
2.17 11.7036 2000 -5055.99
2.175 11.7946 2000 -5095.29
2.18 11.8753 2000 -5130.14
2.185 11.9441 2000 -5159.88
2.19 12.0007 2000 -5184.34
2.195 12.0453 2000 -5203.59
2.2 12.0781 2000 -5217.75
2.205 12.0991 2000 -5226.83
2.21 12.108 2000 -5230.65
2.215 12.1032 1999.99 -5228.6
2.22 12.0827 1999.98 -5219.77
2.225 12.0463 1999.98 -5204.04
2.23 11.9939 1999.99 -5181.39
2.235 11.9256 1999.99 -5151.86
2.24 11.8415 1999.99 -5115.54
2.245 11.7422 1999.99 -5072.62
2.25 11.6288 1999.99 -5023.64
2.255 11.5036 2000 -4969.57
2.26 11.37 2000 -4911.86
2.265 11.2318 2000 -4852.16
2.27 11.0925 2000 -4791.97
2.275 10.9543 2000 -4732.25
2.28 10.8179 2000 -4673.34
2.285 10.6831 2000 -4615.12
2.29 10.5493 2000 -4557.28
2.295 10.4158 2000 -4499.61
2.3 10.2823 2000 -4441.96
2.305 10.1486 2000 -4384.21
2.31 10.014 2000 -4326.04
2.315 9.87708 2000 -4266.9
2.32 9.7361 2000 -4205.99
2.325 9.58893 2000 -4142.42
2.33 9.43335 2000 -4075.21
2.335 9.26697 2000 -4003.33
2.34 9.08681 2000 -3925.5
2.345 8.88894 2000 -3840.02
2.35 8.66852 2000 -3744.79
2.355 8.42043 2000 -3637.62
2.36 8.14027 2000 -3516.58
2.365 7.82498 2000 -3380.38
2.37 7.4732 2000 -3228.4
2.375 7.08517 2000 -3060.77
2.38 6.66268 2000 -2878.25
2.385 6.20901 2000 -2682.25
2.39 5.7287 2000 -2474.74
2.395 5.22714 2000 -2258.05
2.4 4.70988 2000 -2034.58
2.405 4.18184 2000 -1806.44
2.41 3.64659 2000 -1575.19
2.415 3.10624 2000 -1341.74
2.42 2.56177 2000 -1106.5
2.425 2.01343 2000 -869.588
2.43 1.46103 2000 -630.921
2.435 0.903897 2000 -390.214
2.44 0.340982 1999.99 -147.01
2.445 -0.229123 1999.99 99.2967
2.45 -0.8081 1999.98 349.42
2.455 -1.39776 1999.98 604.142
2.46 -1.99936 1999.96 864.022
2.465 -2.61375 1999.94 1129.4
2.47 -3.24046 1999.91 1400.08
2.475 -3.87525 1999.78 1674.29
2.48 -4.51224 1999.61 1949.4
2.485 -5.11383 1999.2 2209.96
2.49 -5.71486 1999.15 2469.95
2.495 -6.32069 1999.3 2731.47
2.5 -6.92703 1999.42 2993.29
2.505 -7.53059 1999.52 3253.95
2.51 -8.12774 1999.6 3511.88
2.515 -8.71487 1999.67 3765.48
2.52 -9.28867 1999.72 4013.34
2.525 -9.84639 1999.77 4254.24
2.53 -10.3857 1999.8 4487.22
2.535 -10.9049 1999.83 4711.46
2.54 -11.4022 1999.86 4926.27
2.545 -11.8761 1999.88 5130.97
2.55 -12.3252 1999.89 5324.95
2.555 -12.7485 1999.91 5507.77
2.56 -13.1453 1999.92 5679.14
2.565 -13.5153 1999.93 5838.96
2.57 -13.8586 1999.94 5987.26
2.575 -14.176 1999.95 6124.32
2.58 -14.4686 1999.96 6250.7
2.585 -14.7386 1999.96 6367.32
2.59 -14.9889 1999.97 6475.4
2.595 -15.2227 1999.97 6576.39
2.6 -15.4436 1999.98 6671.8
2.605 -15.6545 1999.98 6762.91
2.61 -15.8575 1999.98 6850.56
2.615 -16.053 1999.98 6935.01
2.62 -16.2404 1999.99 7015.96
2.625 -16.4181 1999.99 7092.7
2.63 -16.5838 1999.99 7164.3
2.635 -16.7353 1999.99 7229.75
2.64 -16.8702 1999.99 7287.99
2.645 -16.9859 1999.99 7337.97
2.65 -17.0799 1999.99 7378.56
2.655 -17.1494 1999.99 7408.57
2.66 -17.1916 2000 7426.8
2.665 -17.2038 2000 7432.08
2.67 -17.1797 1999.94 7421.78
2.675 -17.1155 1999.91 7394.12
2.68 -17.0106 1999.92 7348.77
2.685 -16.8655 1999.94 7286.05
2.69 -16.6834 1999.95 7207.35
2.695 -16.4702 1999.96 7115.21
2.7 -16.234 1999.97 7013.18
2.705 -15.9847 1999.97 6905.44
2.71 -15.732 1999.98 6796.27
2.715 -15.4849 1999.98 6689.51
2.72 -15.2503 1999.99 6588.15
2.725 -15.0329 1999.99 6494.25
2.73 -14.8352 1999.99 6408.84
2.735 -14.6574 1999.99 6332.03
2.74 -14.4979 1999.99 6263.09
2.745 -14.3535 2000 6200.69
2.75 -14.2203 2000 6143.15
2.755 -14.0943 2000 6088.75
2.76 -13.9723 2000 6036.04
2.765 -13.8518 2000 5983.95
2.77 -13.7313 2000 5931.91
2.775 -13.6104 2000 5879.71
2.78 -13.4894 2000 5827.43
2.785 -13.3689 2000 5775.36
2.79 -13.2498 2000 5723.91
2.795 -13.1333 2000 5673.56
2.8 -13.0205 2000 5624.86
2.805 -12.9129 2000 5578.37
2.81 -12.8118 2000 5534.71
2.815 -12.7189 2000 5494.54
2.82 -12.6358 2000 5458.66
2.825 -12.5649 2000 5428.05
2.83 -12.5091 2000 5403.91
2.835 -12.4714 2000 5387.65
2.84 -12.4554 2000 5380.75
2.845 -12.4646 2000 5384.71
2.85 -12.5023 2000 5400.97
2.855 -12.5714 2000 5430.83
2.86 -12.6749 2000 5475.57
2.865 -12.8154 2000 5536.26
2.87 -12.9948 2000 5613.76
2.875 -13.2142 2000 5708.52
2.88 -13.474 2000 5820.75
2.885 -13.7743 2000 5950.52
2.89 -14.1158 2000 6098.04
2.895 -14.4996 2000 6263.83
2.9 -14.9275 2000 6448.73
2.905 -15.4021 2000 6653.75
2.91 -15.9254 2000.01 6879.86
2.915 -16.4986 2000 7127.55
2.92 -17.1197 1999.98 7396.02
2.925 -17.704 1998.73 7651.47
2.93 -18.3209 1998.23 7919.17
2.935 -18.9808 1998.56 8203.55
2.94 -19.6791 1998.83 8504.64
2.945 -20.4149 1999.04 8822.13
2.95 -21.1886 1999.21 9156.01
2.955 -22.001 1999.35 9506.72
2.96 -22.8531 1999.46 9874.82
2.965 -23.7365 1999.58 10257.5
2.97 -24.6575 1999.7 10656.9
2.975 -25.5765 2000.01 11061.4
2.98 -26.5571 2000.13 11487.4
2.985 -27.6024 2000.08 11936.9
2.99 -28.6017 2000.37 12373.6
2.995 -29.6427 2000.48 12823.3
3 -30.6309 2001.17 13257.4
3.005 -31.5869 2001.63 13676.3
3.01 -32.6152 2001.24 14115.2
3.015 -33.647 2001.18 14559.1
3.02 -34.5873 2001.7 14971.8
3.025 -35.5791 2001.41 15398.1
3.03 -36.6035 2001.06 15836.4
3.035 -37.578 2001.55 16259.4
3.04 -38.5277 2001.92 16673.4
3.045 -39.4877 2001.7 17088.7
3.05 -40.4114 2001.82 17493.6
3.055 -41.3212 2002.15 17889.3
3.06 -42.168 2002.49 18258.7
3.065 -42.9856 2002.46 18615.2
3.07 -43.7846 2002.34 18961.5
3.075 -44.5345 2002.23 19286.2
3.08 -45.2076 2002.53 19583.7
3.085 -45.8462 2002.85 19862.4
3.09 -46.4445 2002.98 20116.6
3.095 -46.9706 2003 20346.5
3.1 -47.4786 2002.87 20565
3.105 -47.9705 2002.46 20773.5
3.11 -48.425 2002.31 20963.4
3.115 -48.8306 2001.79 21139.6
3.12 -49.2091 2001.29 21304.9
3.125 -49.4911 2001.23 21441.2
3.13 -49.6841 2000.93 21540.1
3.135 -49.8634 2000.82 21617.4
3.14 -49.859 2000.57 21638.2
3.145 -49.5578 1998.64 21541.8
3.15 -49.2672 1997.97 21403.4
3.155 -48.9385 1997.94 21246.4
3.16 -48.4495 1997.66 21035.8
3.165 -47.9617 1997.99 20811.8
3.17 -47.4294 1997.8 20571.6
3.175 -46.8912 1998.17 20321.3
3.18 -46.287 1998.09 20051.2
3.185 -45.8144 1998.77 19815.5
3.19 -45.5346 2000.03 19654.2
3.195 -45.1313 1999.76 19485.5
3.2 -44.7349 1999.69 19313.7
3.205 -44.4452 2000.36 19170.7
3.21 -44.2037 2000.9 19055.1
3.215 -43.8985 2000.46 18933.2
3.22 -43.5897 2000.09 18807.9
3.225 -43.2753 1999.75 18678.8
3.23 -42.9479 1999.34 18543.8
3.235 -42.6427 1999.29 18412
3.24 -42.4041 1999.78 18302.7
3.245 -42.127 1999.52 18188
3.25 -41.844 1999.28 18069.9
3.255 -41.5535 1999.04 17948.1
3.26 -41.2888 1999 17831.7
3.265 -41.217 1999.75 17781.9
3.27 -41.0741 1999.49 17726.4
3.275 -41.0712 2000.04 17708.8
3.28 -41.0663 2000.14 17700.7
3.285 -41.0126 1999.74 17687.4
3.29 -40.9941 2000.11 17682
3.295 -40.9887 2000.43 17681.7
3.3 -40.9697 2000.24 17678.9
3.305 -40.9454 1999.91 17673.7
3.31 -40.9194 1999.63 17666.7
3.315 -40.8995 1999.61 17660.5
3.32 -40.8799 1999.59 17653.9
3.325 -40.8605 1999.57 17647.1
3.33 -40.8412 1999.55 17640
3.335 -40.8218 1999.53 17632.7
3.34 -40.8024 1999.51 17625.1
3.345 -40.7827 1999.49 17617.3
3.35 -40.763 1999.48 17609.3
3.355 -40.7432 1999.46 17601.2
3.36 -40.7234 1999.45 17593
3.365 -40.7037 1999.45 17584.7
3.37 -40.6713 1998.94 17572.7
3.375 -40.6443 1998.8 17561.7
3.38 -40.6226 1998.97 17551.9
3.385 -40.6021 1999.1 17542.6
3.39 -40.5829 1999.22 17534
3.395 -40.5654 1999.33 17526.2
3.4 -40.5498 1999.42 17519.2
3.405 -40.5365 1999.5 17513.1
3.41 -40.5255 1999.58 17508.2
3.415 -40.5171 1999.65 17504.4
3.42 -40.5116 1999.71 17501.8
3.425 -40.509 1999.76 17500.6
3.43 -40.5094 1999.81 17500.6
3.435 -40.4164 1999.12 17474.4
3.44 -40.2993 1998.67 17430.6
3.445 -40.1917 1998.8 17376.9
3.45 -40.0678 1998.8 17315
3.455 -39.94 1998.75 17251.4
3.46 -39.8117 1998.75 17189.1
3.465 -39.6806 1998.81 17128.2
3.47 -39.5455 1998.76 17067.7
3.475 -39.4059 1998.55 17007.2
3.48 -39.2633 1998.54 16946.7
3.485 -39.118 1998.67 16885.2
3.49 -38.9665 1998.73 16821.3
3.495 -38.8014 1999.85 16753.1
3.5 -38.6182 2000.45 16675.4
3.505 -38.4166 2000.28 16588.6
3.51 -38.1967 2000.95 16496.1
3.515 -37.9296 2001.95 16384.4
3.52 -37.6368 2001.35 16258.5
3.525 -37.3376 2001.04 16129.2
3.53 -37.0273 2000.78 15995.2
3.535 -36.7063 2000.57 15856.5
3.54 -36.3777 2000.14 15714.1
3.545 -36.0416 1999.86 15568.6
3.55 -35.703 1999.39 15421.6
3.555 -35.3685 1998.83 15276.2
3.56 -35.0261 1999.11 15129.7
3.565 -34.6153 2000.56 14957.4
3.57 -34.1892 2000.19 14772.3
3.575 -33.7601 1999.81 14585
3.58 -33.3268 1999.64 14395.3
3.585 -32.8937 1998.72 14206.4
3.59 -32.3915 2000.74 13998.2
3.595 -31.8745 2001.46 13778
3.6 -31.352 2000.7 13550
3.605 -30.8275 2000.01 13321.9
3.61 -30.305 1999.31 13094.6
3.615 -29.7997 1998.35 12873.3
3.62 -29.2989 1997.75 12654.7
3.625 -28.7776 1997.76 12431.2
3.63 -28.0146 2001.41 12123.2
3.635 -27.0606 2005.64 11739.1
3.64 -25.9088 2009.17 11271.1
3.645 -24.3318 2012.57 10621.2
3.65 -22.3336 2016.83 9805.01
3.655 -20.0343 2020.56 8859.02
3.66 -17.2466 2023.41 7709.54
3.665 -14.2719 2022.86 6433.74
3.67 -11.002 2020.9 5009.22
3.675 -7.32986 2019.83 3436
3.68 -3.76982 2016.78 1867.63
3.685 0.00155711 2014.25 222.657
3.69 3.94672 2012.28 -1487.53
3.695 8.32614 2010.81 -3367.98
3.7 13.2362 2009.3 -5463.4
3.705 18.5291 2005.69 -7708.97
3.71 23.3293 2002.5 -9829.79
3.715 27.547 2004.58 -11760.1
3.72 31.0632 2008.26 -13393.3
3.725 34.2735 2008.88 -14852.8
3.73 37.1334 2009.43 -16138.3
3.735 39.7448 2009.82 -17296.7
3.74 42.0497 2010.31 -18323.3
3.745 44.0518 2010.56 -19221.6
3.75 45.8064 2011.42 -19993.2
3.755 47.4018 2012.7 -20652.7
3.76 48.6876 2011.72 -21199.6
3.765 49.5103 2010.53 -21597.5
3.77 49.6583 2008.54 -21766.9
3.775 48.2563 1999.25 -21441.9
3.78 46.6343 1992.3 -20854.5
3.785 45.2904 1991.08 -20173.2
3.79 44.4634 1993.69 -19600.6
3.795 44.0906 1999.14 -19198.9
3.8 43.5952 2000.4 -18905.4
3.805 42.8685 1998.68 -18585.9
3.81 42.284 1998.88 -18301.7
3.815 41.715 1999.17 -18033
3.82 41.2442 1998.6 -17804.3
3.825 41.1371 1998.59 -17706.5
3.83 41.0889 1997.86 -17676.7
3.835 41.0537 1998.15 -17673.2
3.84 40.9736 1997.19 -17657
3.845 40.905 1996.76 -17640.1
3.85 40.8469 1996.81 -17623
3.855 40.7854 1996.75 -17603.1
3.86 40.7188 1996.58 -17580.1
3.865 40.6052 1994.75 -17541.6
3.87 40.5045 1994.15 -17503.3
3.875 40.4059 1994.28 -17462.6
3.88 40.2851 1993.64 -17413.6
3.885 40.2138 1994.51 -17379.7
3.89 40.1226 1994.63 -17341.3
3.895 39.9722 1991.99 -17283.5
3.9 39.6709 1985.54 -17171.6
3.905 0.104749 -14.5897 -36.1614
