0.1 -5.84341e-32 200 -3.64153e-14
0.2 -5.91646e-31 400 1.42109e-14
0.3 -4.09039e-31 600 -1.68754e-13
0.4 -1.08103e-30 800 -1.13687e-13
0.5 8.18078e-31 1000 3.37508e-13
0.6 1.63616e-30 1200 4.90274e-13
0.7 3.50605e-31 1400 3.83693e-13
0.8 8.18078e-31 1600 4.33431e-13
0.9 -1.40242e-30 1800 -4.12115e-13
1 2.92171e-30 2000 -4.12115e-13
0.005 -2.07752e-05 2000 0.00900393
0.01 -0.000103803 2000 0.0448979
0.015 -0.000269872 2000 0.116629
0.02 -0.000519073 2000 0.224276
0.025 -0.000851465 2000 0.367862
0.03 -0.0012671 2000 0.54741
0.035 -0.00176602 2000 0.762938
0.04 -0.00234825 2000 1.01446
0.045 -0.00301384 2000 1.30199
0.05 -0.00376279 2000 1.62554
0.055 -0.00459512 2000 1.9851
0.06 -0.00551082 2000 2.38068
0.065 -0.00650989 2000 2.81228
0.07 -0.00759233 2000 3.27989
0.075 -0.00875812 2000 3.78351
0.08 -0.0100072 2000 4.32313
0.085 -0.0113396 2000 4.89873
0.09 -0.0127553 2000 5.51028
0.095 -0.0142541 2000 6.15776
0.1 -0.0158359 2000 6.84113
0.105 -0.0175008 2000 7.56036
0.11 -0.0192487 2000 8.31543
0.115 -0.0210794 2000 9.1063
0.12 -0.0229929 2000 9.93294
0.125 -0.0249891 2000 10.7953
0.13 -0.0270679 2000 11.6933
0.135 -0.0292291 2000 12.627
0.14 -0.0314727 2000 13.5962
0.145 -0.0337984 2000 14.6009
0.15 -0.036206 2000 15.641
0.155 -0.0386956 2000 16.7165
0.16 -0.0412668 2000 17.8273
0.165 -0.0439196 2000 18.9733
0.17 -0.0466539 2000 20.1545
0.175 -0.0494695 2000 21.3708
0.18 -0.0523662 2000 22.6222
0.185 -0.0553438 2000 23.9086
0.19 -0.0584021 2000 25.2297
0.195 -0.0615408 2000 26.5856
0.2 -0.0647595 2000 27.9761
0.205 -0.0680581 2000 29.4011
0.21 -0.0714362 2000 30.8605
0.215 -0.0748938 2000 32.3541
0.22 -0.0784307 2000 33.8821
0.225 -0.0820464 2000 35.4441
0.23 -0.0857408 2000 37.04
0.235 -0.0895134 2000 38.6698
0.24 -0.0933643 2000 40.3334
0.245 -0.0972931 2000 42.0307
0.25 -0.1013 2000 43.7615
0.255 -0.105383 2000 45.5256
0.26 -0.109544 2000 47.323
0.265 -0.113781 2000 49.1534
0.27 -0.118094 2000 51.0166
0.275 -0.122483 2000 52.9126
0.28 -0.126947 2000 54.8413
0.285 -0.131488 2000 56.8026
0.29 -0.136102 2000 58.7963
0.295 -0.140792 2000 60.822
0.3 -0.145555 2000 62.8797
0.305 -0.150391 2000 64.9691
0.31 -0.155301 2000 67.0903
0.315 -0.160285 2000 69.243
0.32 -0.16534 2000 71.4271
0.325 -0.170468 2000 73.6423
0.33 -0.175667 2000 75.8883
0.335 -0.180938 2000 78.1651
0.34 -0.186279 2000 80.4725
0.345 -0.19169 2000 82.8102
0.35 -0.197171 2000 85.1781
0.355 -0.202722 2000 87.5761
0.36 -0.208342 2000 90.004
0.365 -0.214031 2000 92.4616
0.37 -0.219789 2000 94.9488
0.375 -0.225613 2000 97.465
0.38 -0.231505 2000 100.01
0.385 -0.237463 2000 102.584
0.39 -0.243488 2000 105.187
0.395 -0.249578 2000 107.818
0.4 -0.255734 2000 110.477
0.405 -0.261954 2000 113.164
0.41 -0.268239 2000 115.879
0.415 -0.274588 2000 118.622
0.42 -0.281001 2000 121.393
0.425 -0.287477 2000 124.19
0.43 -0.294014 2000 127.014
0.435 -0.300613 2000 129.865
0.44 -0.307272 2000 132.742
0.445 -0.313993 2000 135.645
0.45 -0.320775 2000 138.575
0.455 -0.327617 2000 141.531
0.46 -0.334518 2000 144.512
0.465 -0.341478 2000 147.518
0.47 -0.348495 2000 150.55
0.475 -0.355568 2000 153.606
0.48 -0.362699 2000 156.686
0.485 -0.369886 2000 159.791
0.49 -0.377127 2000 162.919
0.495 -0.384423 2000 166.071
0.5 -0.391774 2000 169.246
0.505 -0.399177 2000 172.445
0.51 -0.406634 2000 175.666
0.515 -0.414142 2000 178.91
0.52 -0.421703 2000 182.176
0.525 -0.429314 2000 185.464
0.53 -0.436976 2000 188.774
0.535 -0.444688 2000 192.105
0.54 -0.452448 2000 195.458
0.545 -0.460257 2000 198.831
0.55 -0.468112 2000 202.225
0.555 -0.476015 2000 205.638
0.56 -0.483963 2000 209.072
0.565 -0.491957 2000 212.526
0.57 -0.499995 2000 215.998
0.575 -0.508077 2000 219.489
0.58 -0.516201 2000 222.999
0.585 -0.524368 2000 226.527
0.59 -0.532577 2000 230.074
0.595 -0.540829 2000 233.638
0.6 -0.549121 2000 237.22
0.605 -0.557452 2000 240.819
0.61 -0.565822 2000 244.435
0.615 -0.574229 2000 248.067
0.62 -0.582674 2000 251.715
0.625 -0.591157 2000 255.38
0.63 -0.599676 2000 259.06
0.635 -0.60823 2000 262.756
0.64 -0.616819 2000 266.466
0.645 -0.62544 2000 270.19
0.65 -0.634093 2000 273.928
0.655 -0.642776 2000 277.679
0.66 -0.65149 2000 281.444
0.665 -0.660234 2000 285.221
0.67 -0.669008 2000 289.012
0.675 -0.677813 2000 292.815
0.68 -0.686646 2000 296.631
0.685 -0.695507 2000 300.459
0.69 -0.704395 2000 304.299
0.695 -0.71331 2000 308.15
0.7 -0.722252 2000 312.013
0.705 -0.731218 2000 315.886
0.71 -0.740208 2000 319.77
0.715 -0.749221 2000 323.664
0.72 -0.758257 2000 327.567
0.725 -0.767314 2000 331.48
0.73 -0.77639 2000 335.401
0.735 -0.785485 2000 339.329
0.74 -0.794596 2000 343.266
0.745 -0.803725 2000 347.209
0.75 -0.812868 2000 351.159
0.755 -0.822026 2000 355.116
0.76 -0.831199 2000 359.078
0.765 -0.840386 2000 363.047
0.77 -0.849586 2000 367.021
0.775 -0.858798 2000 371.001
0.78 -0.868021 2000 374.985
0.785 -0.877256 2000 378.975
0.79 -0.886501 2000 382.969
0.795 -0.895758 2000 386.967
0.8 -0.905023 2000 390.97
0.805 -0.914298 2000 394.977
0.81 -0.923581 2000 398.987
0.815 -0.932871 2000 403
0.82 -0.942166 2000 407.016
0.825 -0.951465 2000 411.033
0.83 -0.960766 2000 415.051
0.835 -0.97007 2000 419.07
0.84 -0.979374 2000 423.09
0.845 -0.988679 2000 427.109
0.85 -0.997983 2000 431.129
0.855 -1.00729 2000 435.148
0.86 -1.01659 2000 439.166
0.865 -1.02589 2000 443.183
0.87 -1.03518 2000 447.199
0.875 -1.04447 2000 451.212
0.88 -1.05375 2000 455.222
0.885 -1.06303 2000 459.229
0.89 -1.0723 2000 463.233
0.895 -1.08156 2000 467.233
0.9 -1.09081 2000 471.231
0.905 -1.10006 2000 475.225
0.91 -1.10929 2000 479.215
0.915 -1.11852 2000 483.199
0.92 -1.12773 2000 487.178
0.925 -1.13692 2000 491.151
0.93 -1.14611 2000 495.118
0.935 -1.15528 2000 499.08
0.94 -1.16443 2000 503.035
0.945 -1.17357 2000 506.983
0.95 -1.18269 2000 510.924
0.955 -1.1918 2000 514.856
0.96 -1.20088 2000 518.78
0.965 -1.20994 2000 522.695
0.97 -1.21898 2000 526.601
0.975 -1.228 2000 530.497
0.98 -1.237 2000 534.383
0.985 -1.24597 2000 538.26
0.99 -1.25492 2000 542.126
0.995 -1.26385 2000 545.981
1 -1.27275 2000 549.826
1.005 -1.28162 2000 553.66
1.01 -1.29047 2000 557.482
1.015 -1.29929 2000 561.293
1.02 -1.30808 2000 565.092
1.025 -1.31685 2000 568.878
1.03 -1.32558 2000 572.651
1.035 -1.33428 2000 576.411
1.04 -1.34296 2000 580.157
1.045 -1.35159 2000 583.889
1.05 -1.3602 2000 587.605
1.055 -1.36876 2000 591.306
1.06 -1.37729 2000 594.99
1.065 -1.38578 2000 598.658
1.07 -1.39424 2000 602.31
1.075 -1.40265 2000 605.946
1.08 -1.41103 2000 609.566
1.085 -1.41937 2000 613.169
1.09 -1.42767 2000 616.753
1.095 -1.43592 2000 620.319
1.1 -1.44413 2000 623.865
1.105 -1.4523 2000 627.393
1.11 -1.46042 2000 630.902
1.115 -1.4685 2000 634.39
1.12 -1.47652 2000 637.858
1.125 -1.4845 2000 641.304
1.13 -1.49243 2000 644.729
1.135 -1.50031 2000 648.132
1.14 -1.50813 2000 651.513
1.145 -1.51591 2000 654.872
1.15 -1.52363 2000 658.208
1.155 -1.5313 2000 661.521
1.16 -1.53891 2000 664.811
1.165 -1.54647 2000 668.075
1.17 -1.55397 2000 671.315
1.175 -1.56142 2000 674.531
1.18 -1.56881 2000 677.726
1.185 -1.57615 2000 680.898
1.19 -1.58344 2000 684.047
1.195 -1.59067 2000 687.17
1.2 -1.59784 2000 690.267
1.205 -1.60494 2000 693.336
1.21 -1.61199 2000 696.38
1.215 -1.61897 2000 699.397
1.22 -1.6259 2000 702.387
1.225 -1.63275 2000 705.349
1.23 -1.63955 2000 708.284
1.235 -1.64628 2000 711.193
1.24 -1.65295 2000 714.074
1.245 -1.65955 2000 716.926
1.25 -1.66609 2000 719.75
1.255 -1.67255 2000 722.543
1.26 -1.67895 2000 725.306
1.265 -1.68528 2000 728.04
1.27 -1.69154 2000 730.744
1.275 -1.69773 2000 733.418
1.28 -1.70384 2000 736.061
1.285 -1.70989 2000 738.674
1.29 -1.71587 2000 741.256
1.295 -1.72177 2000 743.806
1.3 -1.7276 2000 746.325
1.305 -1.73336 2000 748.813
1.31 -1.73905 2000 751.271
1.315 -1.74467 2000 753.696
1.32 -1.7502 2000 756.088
1.325 -1.75567 2000 758.449
1.33 -1.76106 2000 760.779
1.335 -1.76638 2000 763.078
1.34 -1.77163 2000 765.343
1.345 -1.77679 2000 767.572
1.35 -1.78187 2000 769.767
1.355 -1.78687 2000 771.927
1.36 -1.79179 2000 774.055
1.365 -1.79664 2000 776.15
1.37 -1.80141 2000 778.209
1.375 -1.80609 2000 780.232
1.38 -1.81069 2000 782.22
1.385 -1.81522 2000 784.174
1.39 -1.81966 2000 786.095
1.395 -1.82403 2000 787.981
1.4 -1.82832 2000 789.832
1.405 -1.83252 2000 791.648
1.41 -1.83664 2000 793.429
1.415 -1.84068 2000 795.175
1.42 -1.84464 2000 796.886
1.425 -1.84852 2000 798.561
1.43 -1.85231 2000 800.197
1.435 -1.85601 2000 801.795
1.44 -1.85962 2000 803.356
1.445 -1.86315 2000 804.882
1.45 -1.8666 2000 806.369
1.455 -1.86995 2000 807.817
1.46 -1.87321 2000 809.226
1.465 -1.87638 2000 810.597
1.47 -1.87947 2000 811.931
1.475 -1.88247 2000 813.227
1.48 -1.88537 2000 814.48
1.485 -1.88817 2000 815.69
1.49 -1.89087 2000 816.855
1.495 -1.89347 2000 817.979
1.5 -1.89598 2000 819.062
1.505 -1.89839 2000 820.106
1.51 -1.90072 2000 821.111
1.515 -1.90295 2000 822.075
1.52 -1.90509 2000 822.999
1.525 -1.90713 2000 823.879
1.53 -1.90906 2000 824.716
1.535 -1.9109 2000 825.51
1.54 -1.91265 2000 826.264
1.545 -1.9143 2000 826.976
1.55 -1.91585 2000 827.648
1.555 -1.91731 2000 828.279
1.56 -1.91867 2000 828.866
1.565 -1.91993 2000 829.41
1.57 -1.92109 2000 829.911
1.575 -1.92215 2000 830.369
1.58 -1.92312 2000 830.786
1.585 -1.92398 2000 831.16
1.59 -1.92475 2000 831.49
1.595 -1.92541 2000 831.779
1.6 -1.92599 2000 832.026
1.605 -1.92646 2000 832.233
1.61 -1.92684 2000 832.395
1.615 -1.92711 2000 832.512
1.62 -1.92728 2000 832.586
1.625 -1.92735 2000 832.617
1.63 -1.92732 2000 832.604
1.635 -1.92718 2000 832.543
1.64 -1.92693 2000 832.432
1.645 -1.92656 2000 832.272
1.65 -1.92607 2000 832.062
1.655 -1.92547 2000 831.802
1.66 -1.92475 2000 831.493
1.665 -1.92392 2000 831.134
1.67 -1.92297 2000 830.725
1.675 -1.92191 2000 830.266
1.68 -1.92073 2000 829.757
1.685 -1.91944 2000 829.198
1.69 -1.91803 2000 828.588
1.695 -1.9165 2000 827.927
1.7 -1.91485 2000 827.214
1.705 -1.91308 2000 826.45
1.71 -1.91119 2000 825.633
1.715 -1.90917 2000 824.761
1.72 -1.90702 2000 823.833
1.725 -1.90473 2000 822.845
1.73 -1.90231 2000 821.8
1.735 -1.89977 2000 820.702
1.74 -1.89712 2000 819.555
1.745 -1.89435 2000 818.358
1.75 -1.89146 2000 817.11
1.755 -1.88845 2000 815.809
1.76 -1.88531 2000 814.454
1.765 -1.88205 2000 813.046
1.77 -1.87867 2000 811.587
1.775 -1.87518 2000 810.076
1.78 -1.87156 2000 808.515
1.785 -1.86783 2000 806.904
1.79 -1.86399 2000 805.242
1.795 -1.86002 2000 803.53
1.8 -1.85594 2000 801.767
1.805 -1.85174 2000 799.953
1.81 -1.84742 2000 798.085
1.815 -1.84297 2000 796.162
1.82 -1.8384 2000 794.189
1.825 -1.83373 2000 792.169
1.83 -1.82895 2000 790.106
1.835 -1.82406 2000 787.995
1.84 -1.81907 2000 785.836
1.845 -1.81395 2000 783.628
1.85 -1.80873 2000 781.37
1.855 -1.80339 2000 779.063
1.86 -1.79793 2000 776.706
1.865 -1.79235 2000 774.297
1.87 -1.78666 2000 771.839
1.875 -1.78087 2000 769.335
1.88 -1.77496 2000 766.784
1.885 -1.76895 2000 764.185
1.89 -1.76282 2000 761.54
1.895 -1.75659 2000 758.846
1.9 -1.75024 2000 756.105
1.905 -1.74378 2000 753.315
1.91 -1.73721 2000 750.475
1.915 -1.73052 2000 747.585
1.92 -1.72372 2000 744.647
1.925 -1.71682 2000 741.664
1.93 -1.7098 2000 738.635
1.935 -1.70268 2000 735.556
1.94 -1.69543 2000 732.424
1.945 -1.68806 2000 729.24
1.95 -1.68057 2000 726.005
1.955 -1.67296 2000 722.717
1.96 -1.66523 2000 719.378
1.965 -1.65739 2000 715.992
1.97 -1.64944 2000 712.558
1.975 -1.64138 2000 709.078
1.98 -1.63321 2000 705.548
1.985 -1.62493 2000 701.969
1.99 -1.61653 2000 698.342
1.995 -1.60803 2000 694.67
2 -1.59943 2000 690.955
2.005 -1.59074 2000 687.198
2.01 -1.58194 2000 683.397
2.015 -1.57303 2000 679.55
2.02 -1.56402 2000 675.656
2.025 -1.5549 2000 671.718
2.03 -1.54568 2000 667.734
2.035 -1.53636 2000 663.706
2.04 -1.52693 2000 659.636
2.045 -1.51741 2000 655.522
2.05 -1.50778 2000 651.359
2.055 -1.49803 2000 647.148
2.06 -1.48818 2000 642.892
2.065 -1.47823 2000 638.595
2.07 -1.46819 2000 634.26
2.075 -1.45806 2000 629.883
2.08 -1.44784 2000 625.465
2.085 -1.43751 2000 621.004
2.09 -1.42709 2000 616.501
2.095 -1.41656 2000 611.954
2.1 -1.40593 2000 607.362
2.105 -1.39521 2000 602.729
2.11 -1.38438 2000 598.053
2.115 -1.37345 2000 593.331
2.12 -1.36242 2000 588.564
2.125 -1.35128 2000 583.752
2.13 -1.34004 2000 578.897
2.135 -1.3287 2000 574
2.14 -1.31727 2000 569.062
2.145 -1.30575 2000 564.082
2.15 -1.29412 2000 559.058
2.155 -1.28238 2000 553.989
2.16 -1.27055 2000 548.879
2.165 -1.25864 2000 543.731
2.17 -1.24664 2000 538.546
2.175 -1.23455 2000 533.324
2.18 -1.22237 2000 528.062
2.185 -1.2101 2000 522.763
2.19 -1.19775 2000 517.426
2.195 -1.1853 2000 512.05
2.2 -1.17276 2000 506.633
2.205 -1.16013 2000 501.176
2.21 -1.14741 2000 495.68
2.215 -1.13461 2000 490.15
2.22 -1.12173 2000 484.587
2.225 -1.10877 2000 478.989
2.23 -1.09573 2000 473.355
2.235 -1.08261 2000 467.688
2.24 -1.06942 2000 461.99
2.245 -1.05615 2000 456.257
2.25 -1.0428 2000 450.49
2.255 -1.02938 2000 444.691
2.26 -1.01588 2000 438.858
2.265 -1.00229 2000 432.991
2.27 -0.988631 2000 427.088
2.275 -0.974887 2000 421.151
2.28 -0.961067 2000 415.181
2.285 -0.947171 2000 409.178
2.29 -0.933193 2000 403.139
2.295 -0.919137 2000 397.067
2.3 -0.90501 2000 390.964
2.305 -0.890817 2000 384.833
2.31 -0.876559 2000 378.673
2.315 -0.862236 2000 372.486
2.32 -0.847847 2000 366.27
2.325 -0.833384 2000 360.022
2.33 -0.818842 2000 353.74
2.335 -0.804218 2000 347.422
2.34 -0.789518 2000 341.072
2.345 -0.774746 2000 334.69
2.35 -0.759907 2000 328.28
2.355 -0.745001 2000 321.84
2.36 -0.730034 2000 315.375
2.365 -0.715009 2000 308.884
2.37 -0.699929 2000 302.369
2.375 -0.68479 2000 295.829
2.38 -0.66959 2000 289.263
2.385 -0.654328 2000 282.67
2.39 -0.639003 2000 276.049
2.395 -0.623612 2000 269.401
2.4 -0.608159 2000 262.725
2.405 -0.592649 2000 256.025
2.41 -0.577088 2000 249.302
2.415 -0.561477 2000 242.558
2.42 -0.545818 2000 235.793
2.425 -0.53011 2000 229.007
2.43 -0.514351 2000 222.2
2.435 -0.49854 2000 215.369
2.44 -0.482674 2000 208.515
2.445 -0.466759 2000 201.64
2.45 -0.450798 2000 194.745
2.455 -0.434797 2000 187.832
2.46 -0.418751 2000 180.901
2.465 -0.402672 2000 173.954
2.47 -0.386563 2000 166.995
2.475 -0.370425 2000 160.024
2.48 -0.354253 2000 153.037
2.485 -0.338038 2000 146.032
2.49 -0.321784 2000 139.011
2.495 -0.305507 2000 131.979
2.5 -0.289218 2000 124.942
2.505 -0.272899 2000 117.892
2.51 -0.256546 2000 110.828
2.515 -0.240164 2000 103.751
2.52 -0.223762 2000 96.6647
2.525 -0.207343 2000 89.5714
2.53 -0.190921 2000 82.4775
2.535 -0.174487 2000 75.3787
2.54 -0.158049 2000 68.2771
2.545 -0.141592 2000 61.1667
2.55 -0.125116 2000 54.0501
2.555 -0.108614 2000 46.9223
2.56 -0.0921297 2000 39.7995
2.565 -0.075683 2000 32.6942
2.57 -0.0592438 2000 25.5917
2.575 -0.0428399 2000 18.5056
2.58 -0.0264541 2000 11.4289
2.585 -0.0100621 2000 4.3484
2.59 0.00630408 2000 -2.72285
2.595 0.0226372 2000 -9.77937
2.6 0.0389651 2000 -16.8334
2.605 0.0551756 2000 -23.8369
2.61 0.0712954 2000 -30.8007
2.615 0.0872124 1999.99 -37.6766
2.62 0.102772 1999.99 -44.399
2.625 0.117997 1999.99 -50.9768
2.63 0.133181 1999.99 -57.537
2.635 0.148367 1999.99 -64.0969
2.64 0.163557 1999.99 -70.6584
2.645 0.178746 1999.99 -77.2198
2.65 0.193928 2000 -83.7782
2.655 0.209097 2000 -90.331
2.66 0.224255 2000 -96.8787
2.665 0.239404 2000 -103.423
2.67 0.254547 2000 -109.964
2.675 0.269682 2000 -116.503
2.68 0.284805 2000 -123.036
2.685 0.299908 2000 -129.56
2.69 0.314993 2000 -136.077
2.695 0.330068 2000 -142.589
2.7 0.345142 2000 -149.101
2.705 0.360211 2000 -155.611
2.71 0.375272 2000 -162.117
2.715 0.390317 2000 -168.616
2.72 0.405343 2000 -175.107
2.725 0.420355 2000 -181.593
2.73 0.435375 2000 -188.081
2.735 0.450409 2000 -194.576
2.74 0.465439 2000 -201.069
2.745 0.480443 2000 -207.551
2.75 0.495427 2000 -214.024
2.755 0.510407 2000 -220.496
2.76 0.525384 2000 -226.966
2.765 0.540346 2000 -233.429
2.77 0.555283 2000 -239.882
2.775 0.570193 2000 -246.323
2.78 0.585071 2000 -252.751
2.785 0.59992 2000 -259.166
2.79 0.614749 2000 -265.572
2.795 0.629559 2000 -271.969
2.8 0.644339 2000 -278.355
2.805 0.659082 2000 -284.724
2.81 0.673794 2000 -291.079
2.815 0.688484 2000 -297.425
2.82 0.70315 2000 -303.761
2.825 0.717783 2000 -310.082
2.83 0.73238 2000 -316.388
2.835 0.746947 2000 -322.681
2.84 0.761489 2000 -328.963
2.845 0.776005 2000 -335.234
2.85 0.790491 2000 -341.492
2.855 0.804941 2000 -347.735
2.86 0.819348 2000 -353.959
2.865 0.833701 2000 -360.159
2.87 0.848001 2000 -366.337
2.875 0.862265 2000 -372.499
2.88 0.876504 2000 -378.65
2.885 0.890713 2000 -384.788
2.89 0.904881 2000 -390.909
2.895 0.91899 2000 -397.004
2.9 0.933034 2000 -403.071
2.905 0.947026 2000 -409.115
2.91 0.960977 2000 -415.142
2.915 0.97489 2000 -421.153
2.92 0.988763 2000 -427.146
2.925 1.00259 2000 -433.121
2.93 1.01638 2000 -439.078
2.935 1.03013 2000 -445.016
2.94 1.04383 2000 -450.936
2.945 1.05749 2000 -456.836
2.95 1.0711 2000 -462.715
2.955 1.08466 2000 -468.573
2.96 1.09818 2000 -474.413
2.965 1.11165 2000 -480.234
2.97 1.12507 2000 -486.03
2.975 1.13842 2000 -491.796
2.98 1.15169 2000 -497.532
2.985 1.16492 2000 -503.248
2.99 1.17812 2000 -508.946
2.995 1.19127 2000 -514.629
3 1.20438 2000 -520.291
3.005 1.21743 2000 -525.93
3.01 1.23043 2000 -531.545
3.015 1.24338 2000 -537.14
3.02 1.25628 2000 -542.712
3.025 1.26911 2000 -548.256
3.03 1.28187 2000 -553.768
3.035 1.29455 2000 -559.248
3.04 1.30717 2000 -564.699
3.045 1.31974 2000 -570.126
3.05 1.33224 2000 -575.53
3.055 1.34469 2000 -580.908
3.06 1.35708 2000 -586.26
3.065 1.36941 2000 -591.587
3.07 1.38168 2000 -596.887
3.075 1.39387 2000 -602.151
3.08 1.40596 2000 -607.374
3.085 1.41796 2000 -612.559
3.09 1.42989 2000 -617.714
3.095 1.44177 2000 -622.845
3.1 1.45358 2000 -627.947
3.105 1.46532 2000 -633.02
3.11 1.477 2000 -638.063
3.115 1.48861 2000 -643.079
3.12 1.50016 2000 -648.07
3.125 1.51164 2000 -653.03
3.13 1.52305 2000 -657.96
3.135 1.5344 2000 -662.863
3.14 1.5457 2000 -667.741
3.145 1.55692 2000 -672.589
3.15 1.56806 2000 -677.402
3.155 1.57912 2000 -682.18
3.16 1.59009 2000 -686.919
3.165 1.60096 2000 -691.617
3.17 1.61174 2000 -696.273
3.175 1.62244 2000 -700.893
3.18 1.63304 2000 -705.472
3.185 1.64353 2000 -710.004
3.19 1.65391 2000 -714.489
3.195 1.66421 2000 -718.938
3.2 1.67444 2000 -723.359
3.205 1.68461 2000 -727.752
3.21 1.6947 2000 -732.11
3.215 1.70469 2000 -736.426
3.22 1.71457 2000 -740.695
3.225 1.72435 2000 -744.918
3.23 1.73403 2000 -749.102
3.235 1.74365 2000 -753.256
3.24 1.7532 2000 -757.382
3.245 1.76269 2000 -761.48
3.25 1.7721 2000 -765.547
3.255 1.78143 2000 -769.578
3.26 1.79066 2000 -773.567
3.265 1.7998 2000 -777.514
3.27 1.80885 2000 -781.422
3.275 1.81781 2000 -785.294
3.28 1.82669 2000 -789.13
3.285 1.83548 2000 -792.926
3.29 1.84416 2000 -796.676
3.295 1.85273 2000 -800.38
3.3 1.86121 2000 -804.041
3.305 1.86958 2000 -807.661
3.31 1.87786 2000 -811.237
3.315 1.88604 2000 -814.77
3.32 1.89412 2000 -818.259
3.325 1.9021 2000 -821.709
3.33 1.91001 2000 -825.126
3.335 1.91785 2000 -828.511
3.34 1.9256 2000 -831.86
3.345 1.93326 2000 -835.168
3.35 1.94082 2000 -838.433
3.355 1.94828 2000 -841.656
3.36 1.95565 2000 -844.843
3.365 1.96296 2000 -847.997
3.37 1.97019 2000 -851.12
3.375 1.97733 2000 -854.208
3.38 1.98438 2000 -857.254
3.385 1.99134 2000 -860.259
3.39 1.99819 2000 -863.22
3.395 2.00494 2000 -866.133
3.4 2.01156 2000 -868.996
3.405 2.01808 2000 -871.81
3.41 2.02449 2000 -874.579
3.415 2.03081 2000 -877.309
3.42 2.03705 2000 -880.007
3.425 2.04323 2000 -882.674
3.43 2.04932 2000 -885.305
3.435 2.05532 2000 -887.897
3.44 2.06122 2000 -890.449
3.445 2.06704 2000 -892.96
3.45 2.07275 2000 -895.43
3.455 2.07838 2000 -897.861
3.46 2.08393 2000 -900.258
3.465 2.08939 2000 -902.615
3.47 2.09474 2000 -904.928
3.475 2.1 2000 -907.199
3.48 2.10517 2000 -909.434
3.485 2.11026 2000 -911.631
3.49 2.11524 2000 -913.783
3.495 2.1201 2000 -915.884
3.5 2.12484 2000 -917.932
3.505 2.12947 2000 -919.933
3.51 2.134 2000 -921.888
3.515 2.13843 2000 -923.802
3.52 2.14275 2000 -925.67
3.525 2.14697 2000 -927.489
3.53 2.15106 2000 -929.26
3.535 2.15506 2000 -930.985
3.54 2.15894 2000 -932.662
3.545 2.16271 2000 -934.289
3.55 2.16637 2000 -935.871
3.555 2.16993 2000 -937.41
3.56 2.17339 2000 -938.906
3.565 2.17676 2000 -940.36
3.57 2.18005 2000 -941.78
3.575 2.18326 2000 -943.17
3.58 2.18641 2000 -944.527
3.585 2.18946 2000 -945.847
3.59 2.19242 2000 -947.125
3.595 2.19526 2000 -948.353
3.6 2.19798 2000 -949.528
3.605 2.20058 2000 -950.649
3.61 2.20305 2000 -951.719
3.615 2.20542 2000 -952.741
3.62 2.20767 2000 -953.714
3.625 2.2098 2000 -954.635
3.63 2.21181 2000 -955.5
3.635 2.21369 2000 -956.312
3.64 2.21545 2000 -957.075
3.645 2.21711 2000 -957.793
3.65 2.21868 2000 -958.47
3.655 2.22017 2000 -959.112
3.66 2.22156 2000 -959.715
3.665 2.22284 2000 -960.268
3.67 2.22399 2000 -960.765
3.675 2.22502 2000 -961.209
3.68 2.22595 2000 -961.611
3.685 2.22679 2000 -961.972
3.69 2.22751 2000 -962.286
3.695 2.22812 2000 -962.546
3.7 2.22859 2000 -962.752
3.705 2.22896 2000 -962.91
3.71 2.22922 2000 -963.025
3.715 2.22939 2000 -963.098
3.72 2.22947 2000 -963.129
3.725 2.22945 2000 -963.123
3.73 2.22935 2000 -963.079
3.735 2.22914 2000 -962.99
3.74 2.22882 2000 -962.848
3.745 2.22836 2000 -962.653
3.75 2.22779 2000 -962.406
3.755 2.22711 2000 -962.11
3.76 2.22632 2000 -961.769
3.765 2.22544 2000 -961.388
3.77 2.22446 2000 -960.967
3.775 2.22339 2000 -960.506
3.78 2.22222 2000 -960
3.785 2.22094 2000 -959.445
3.79 2.21953 2000 -958.836
3.795 2.218 2000 -958.174
3.8 2.21634 2000 -957.46
3.805 2.21456 2000 -956.691
3.81 2.21265 2000 -955.866
3.815 2.21062 2000 -954.989
3.82 2.20848 2000 -954.062
3.825 2.20621 2000 -953.082
3.83 2.20381 2000 -952.045
3.835 2.20129 2000 -950.956
3.84 2.19866 2000 -949.819
3.845 2.19592 2000 -948.636
3.85 2.19307 2000 -947.408
3.855 2.19014 2000 -946.139
3.86 2.1871 2000 -944.827
3.865 2.18396 2000 -943.47
3.87 2.18071 2000 -942.067
3.875 2.17737 2000 -940.622
3.88 2.17392 2000 -939.133
3.885 2.17036 2000 -937.597
3.89 2.1667 2000 -936.015
3.895 2.16293 2000 -934.386
3.9 2.15903 2000 -932.702
3.905 2.15501 2000 -930.963
3.91 2.15087 2000 -929.174
3.915 2.14663 2000 -927.344
3.92 2.1423 2000 -925.472
3.925 2.13786 2000 -923.555
3.93 2.13333 2000 -921.599
3.935 2.12872 2000 -919.607
3.94 2.12402 2000 -917.576
3.945 2.11923 2000 -915.506
3.95 2.11435 2000 -913.401
3.955 2.1094 2000 -911.262
3.96 2.10436 2000 -909.084
3.965 2.09923 2000 -906.867
3.97 2.09401 2000 -904.614
3.975 2.08872 2000 -902.325
3.98 2.08333 2000 -900
3.985 2.07787 2000 -897.638
3.99 2.0723 2000 -895.235
3.995 2.06665 2000 -892.791
4 2.06089 2000 -890.304
4.005 2.05503 2000 -887.772
4.01 2.04906 2000 -885.195
4.015 2.04299 2000 -882.573
4.02 2.03682 2000 -879.905
4.025 2.03053 2000 -877.19
4.03 2.02414 2000 -874.43
4.035 2.01766 2000 -871.629
4.04 2.01109 2000 -868.789
4.045 2.00441 2000 -865.907
4.05 1.99764 2000 -862.979
4.055 1.99076 2000 -860.006
4.06 1.98378 2000 -856.992
4.065 1.97672 2000 -853.945
4.07 1.96962 2000 -850.874
4.075 1.96245 2000 -847.778
4.08 1.9552 2000 -844.647
4.085 1.94786 2000 -841.475
4.09 1.94042 2000 -838.26
4.095 1.93289 2000 -835.009
4.1 1.9253 2000 -831.729
4.105 1.91764 2000 -828.422
4.11 1.90991 2000 -825.081
4.115 1.90209 2000 -821.704
4.12 1.8942 2000 -818.296
4.125 1.88625 2000 -814.861
4.13 1.87823 2000 -811.394
4.135 1.87012 2000 -807.89
4.14 1.86191 2000 -804.346
4.145 1.85363 2000 -800.769
4.15 1.84528 2000 -797.162
4.155 1.83687 2000 -793.529
4.16 1.82841 2000 -789.872
4.165 1.81987 2000 -786.185
4.17 1.81127 2000 -782.469
4.175 1.80261 2000 -778.726
4.18 1.79388 2000 -774.955
4.185 1.78508 2000 -771.152
4.19 1.77619 2000 -767.316
4.195 1.76723 2000 -763.443
4.2 1.75818 2000 -759.533
4.205 1.74904 2000 -755.585
4.21 1.73982 2000 -751.6
4.215 1.73051 2000 -747.581
4.22 1.72114 2000 -743.533
4.225 1.71172 2000 -739.461
4.23 1.70224 2000 -735.368
4.235 1.69272 2000 -731.255
4.24 1.68314 2000 -727.118
4.245 1.67351 2000 -722.956
4.25 1.66383 2000 -718.773
4.255 1.6541 2000 -714.57
4.26 1.64432 2000 -710.345
4.265 1.63448 2000 -706.094
4.27 1.62458 2000 -701.817
4.275 1.61462 2000 -697.514
4.28 1.60461 2000 -693.191
4.285 1.59455 2000 -688.847
4.29 1.58444 2000 -684.48
4.295 1.57428 2000 -680.087
4.3 1.56405 2000 -675.672
4.305 1.55379 2000 -671.237
4.31 1.54348 2000 -666.784
4.315 1.53313 2000 -662.311
4.32 1.52272 2000 -657.814
4.325 1.51225 2000 -653.293
4.33 1.50174 2000 -648.752
4.335 1.4912 2000 -644.197
4.34 1.48062 2000 -639.63
4.345 1.47002 2000 -635.048
4.35 1.45936 2000 -630.444
4.355 1.44864 2000 -625.81
4.36 1.43784 2000 -621.147
4.365 1.42701 2000 -616.467
4.37 1.41616 2000 -611.78
4.375 1.40529 2000 -607.087
4.38 1.3944 2000 -602.38
4.385 1.38347 2000 -597.658
4.39 1.37251 2000 -592.925
4.395 1.36154 2000 -588.185
4.4 1.35054 2000 -583.433
4.405 1.33949 2000 -578.66
4.41 1.3284 2000 -573.867
4.415 1.31727 2000 -569.06
4.42 1.30613 2000 -564.249
4.425 1.29498 2000 -559.43
4.43 1.28378 2000 -554.595
4.435 1.27254 2000 -549.736
4.44 1.26125 2000 -544.86
4.445 1.24995 2000 -539.979
4.45 1.23864 2000 -535.095
4.455 1.22733 2000 -530.206
4.46 1.21599 2000 -525.308
4.465 1.20463 2000 -520.4
4.47 1.19325 2000 -515.483
4.475 1.18185 2000 -510.561
4.48 1.17045 2000 -505.633
4.485 1.159 2000 -500.686
4.49 1.14748 2000 -495.712
4.495 1.1359 2000 -490.71
4.5 1.12428 2000 -485.69
4.505 1.11264 2000 -480.66
4.51 1.10098 2000 -475.624
4.515 1.0893 2000 -470.58
4.52 1.07761 2000 -465.527
4.525 1.06591 2000 -460.472
4.53 1.05422 2000 -455.422
4.535 1.04255 2000 -450.381
4.54 1.03089 2000 -445.345
4.545 1.01923 2000 -440.307
4.55 1.00756 2000 -435.267
4.555 0.995889 2000 -430.224
4.56 0.984209 2000 -425.178
4.565 0.972521 2000 -420.129
4.57 0.960812 2000 -415.071
4.575 0.949073 2000 -410
4.58 0.937311 2000 -404.918
4.585 0.92555 2000 -399.838
4.59 0.913807 2000 -394.765
4.595 0.902083 2000 -389.7
4.6 0.890379 2000 -384.644
4.605 0.878701 2000 -379.599
4.61 0.86705 2000 -374.566
4.615 0.855423 2000 -369.543
4.62 0.843809 2000 -364.526
4.625 0.832202 2000 -359.511
4.63 0.820599 2000 -354.499
4.635 0.808997 2000 -349.487
4.64 0.79739 2000 -344.472
4.645 0.785788 2000 -339.46
4.65 0.774209 2000 -334.458
4.655 0.762649 2000 -329.464
4.66 0.751085 2000 -324.469
4.665 0.739518 2000 -319.472
4.67 0.727962 2000 -314.48
4.675 0.71643 2000 -309.498
4.68 0.704932 2000 -304.531
4.685 0.69347 2000 -299.579
4.69 0.682039 2000 -294.641
4.695 0.670638 2000 -289.716
4.7 0.659277 2000 -284.808
4.705 0.647953 2000 -279.916
4.71 0.636651 2000 -275.033
4.715 0.625357 2000 -270.154
4.72 0.614069 2000 -265.278
4.725 0.602805 2000 -260.412
4.73 0.591585 2000 -255.565
4.735 0.58041 2000 -250.737
4.74 0.569256 2000 -245.919
4.745 0.558104 2000 -241.101
4.75 0.546962 2000 -236.287
4.755 0.535862 2000 -231.492
4.76 0.524825 2000 -226.724
4.765 0.513838 2000 -221.978
4.77 0.502888 2000 -217.247
4.775 0.491969 2000 -212.531
4.78 0.481078 2000 -207.825
4.785 0.470213 2000 -203.132
4.79 0.459389 2000 -198.456
4.795 0.44861 2000 -193.8
4.8 0.437856 2000 -189.154
4.805 0.427107 2000 -184.51
4.81 0.416386 2000 -179.879
4.815 0.405721 2000 -175.271
4.82 0.395104 2000 -170.685
4.825 0.384517 2000 -166.111
4.83 0.37395 2000 -161.546
4.835 0.363404 2000 -156.99
4.84 0.352878 2000 -152.443
4.845 0.342382 2000 -147.909
4.85 0.331929 2000 -143.393
4.855 0.321513 2000 -138.893
4.86 0.311119 2000 -134.403
4.865 0.300758 2000 -129.928
4.87 0.290456 2000 -125.477
4.875 0.280222 2000 -121.056
4.88 0.270053 2000 -116.663
4.885 0.259931 2000 -112.29
4.89 0.249837 2000 -107.929
4.895 0.23978 2000 -103.585
4.9 0.229785 2000 -99.2672
4.905 0.219858 2000 -94.9786
4.91 0.209982 2000 -90.712
4.915 0.200148 2000 -86.4638
4.92 0.190365 2000 -82.2375
4.925 0.180637 2000 -78.035
4.93 0.170952 2000 -73.8513
4.935 0.161303 2000 -69.6828
4.94 0.151706 2000 -65.537
4.945 0.142188 2000 -61.4251
4.95 0.13275 2000 -57.3478
4.955 0.123372 2000 -53.2967
4.96 0.114047 2000 -49.2682
4.965 0.10479 2000 -45.2691
4.97 0.0956124 2000 -41.3046
4.975 0.0865011 2000 -37.3685
4.98 0.0774348 2000 -33.4518
4.985 0.0684136 2000 -29.5547
4.99 0.0594565 2000 -25.6852
4.995 0.0505805 2000 -21.8508
5 0.0417846 2000 -18.0509
5.005 0.033054 2000 -14.2793
5.01 0.0243804 2000 -10.5323
5.015 0.0157764 2000 -6.81541
5.02 0.00725901 2000 -3.13589
5.025 -0.00117518 2000 0.507678
5.03 -0.00954396 2000 4.12299
5.035 -0.0178561 2000 7.71384
5.04 -0.0261035 2000 11.2767
5.045 -0.0342719 2000 14.8055
5.05 -0.0423554 2000 18.2975
5.055 -0.0503591 2000 21.7551
5.06 -0.0582873 2000 25.1801
5.065 -0.0661373 2000 28.5713
5.07 -0.0739052 2000 31.927
5.075 -0.0815897 2000 35.2468
5.08 -0.0891949 2000 38.5322
5.085 -0.0967289 2000 41.7869
5.09 -0.104193 2000 45.0116
5.095 -0.111581 2000 48.203
5.1 -0.118884 2000 51.3577
5.105 -0.126104 2000 54.477
5.11 -0.133251 2000 57.5643
5.115 -0.140319 2000 60.6176
5.12 -0.147288 2000 63.6285
5.125 -0.154143 2000 66.5899
5.13 -0.160887 2000 69.5031
5.135 -0.167542 2000 72.3783
5.14 -0.174136 2000 75.2268
5.145 -0.180677 2000 78.0523
5.15 -0.187155 2000 80.851
5.155 -0.193558 2000 83.617
5.16 -0.199879 2000 86.3477
5.165 -0.206123 2000 89.0452
5.17 -0.212297 2000 91.7124
5.175 -0.218403 2000 94.3499
5.18 -0.22443 2000 96.9536
5.185 -0.230366 2000 99.518
5.19 -0.236209 2000 102.042
5.195 -0.241984 2000 104.537
5.2 -0.247721 2000 107.016
5.205 -0.253422 2000 109.478
5.21 -0.25905 2000 111.909
5.215 -0.264576 2000 114.297
5.22 -0.27001 2000 116.644
5.225 -0.275369 2000 118.96
5.23 -0.280651 2000 121.241
5.235 -0.285853 2000 123.488
5.24 -0.290986 2000 125.706
5.245 -0.296056 2000 127.896
5.25 -0.301058 2000 130.057
5.255 -0.305997 2000 132.191
5.26 -0.310876 2000 134.299
5.265 -0.315674 2000 136.371
5.27 -0.320366 2000 138.398
5.275 -0.324947 2000 140.377
5.28 -0.329423 2000 142.311
5.285 -0.333797 2000 144.2
5.29 -0.338076 2000 146.049
5.295 -0.342262 2000 147.857
5.3 -0.346351 2000 149.623
5.305 -0.350337 2000 151.346
5.31 -0.354226 2000 153.025
5.315 -0.358023 2000 154.666
5.32 -0.361728 2000 156.266
5.325 -0.365336 2000 157.825
5.33 -0.36884 2000 159.339
5.335 -0.372238 2000 160.807
5.34 -0.375523 2000 162.226
5.345 -0.378705 2000 163.601
5.35 -0.381809 2000 164.942
5.355 -0.384853 2000 166.257
5.36 -0.38783 2000 167.543
5.365 -0.390718 2000 168.79
5.37 -0.393507 2000 169.995
5.375 -0.396202 2000 171.159
5.38 -0.398797 2000 172.28
5.385 -0.401282 2000 173.354
5.39 -0.403654 2000 174.379
5.395 -0.405926 2000 175.36
5.4 -0.408106 2000 176.302
5.405 -0.410193 2000 177.203
5.41 -0.412181 2000 178.062
5.415 -0.414064 2000 178.876
5.42 -0.41584 2000 179.643
5.425 -0.41751 2000 180.364
5.43 -0.419089 2000 181.046
5.435 -0.420596 2000 181.697
5.44 -0.422036 2000 182.319
5.445 -0.423394 2000 182.906
5.45 -0.424659 2000 183.453
5.455 -0.425838 2000 183.962
5.46 -0.426939 2000 184.438
5.465 -0.427953 2000 184.876
5.47 -0.428868 2000 185.271
5.475 -0.429689 2000 185.626
5.48 -0.430435 2000 185.948
5.485 -0.431126 2000 186.246
5.49 -0.431765 2000 186.522
5.495 -0.432345 2000 186.773
5.5 -0.432862 2000 186.996
5.505 -0.433305 2000 187.188
5.51 -0.433665 2000 187.343
5.515 -0.433944 2000 187.464
5.52 -0.434134 2000 187.546
5.525 -0.43422 2000 187.583
5.53 -0.4342 2000 187.574
5.535 -0.434087 2000 187.526
5.54 -0.433894 2000 187.442
5.545 -0.433623 2000 187.325
5.55 -0.433269 2000 187.172
5.555 -0.432818 2000 186.977
5.56 -0.432258 2000 186.736
5.565 -0.431592 2000 186.448
5.57 -0.430825 2000 186.117
5.575 -0.429964 2000 185.744
5.58 -0.429019 2000 185.336
5.585 -0.428009 2000 184.9
5.59 -0.426936 2000 184.436
5.595 -0.425777 2000 183.936
5.6 -0.424527 2000 183.396
5.605 -0.4232 2000 182.822
5.61 -0.421812 2000 182.223
5.615 -0.42036 2000 181.596
5.62 -0.418828 2000 180.934
5.625 -0.417201 2000 180.231
5.63 -0.415478 2000 179.487
5.635 -0.41367 2000 178.705
5.64 -0.41178 2000 177.889
5.645 -0.4098 2000 177.034
5.65 -0.407724 2000 176.137
5.655 -0.405558 2000 175.201
5.66 -0.403304 2000 174.227
5.665 -0.400962 2000 173.216
5.67 -0.398541 2000 172.17
5.675 -0.396046 2000 171.092
5.68 -0.393469 2000 169.978
5.685 -0.390793 2000 168.822
5.69 -0.388022 2000 167.625
5.695 -0.385174 2000 166.395
5.7 -0.382267 2000 165.139
5.705 -0.379313 2000 163.863
5.71 -0.376313 2000 162.567
5.715 -0.373255 2000 161.246
5.72 -0.370116 2000 159.89
5.725 -0.366879 2000 158.492
5.73 -0.363544 2000 157.051
5.735 -0.360126 2000 155.574
5.74 -0.356636 2000 154.067
5.745 -0.353075 2000 152.529
5.75 -0.349442 2000 150.959
5.755 -0.345743 2000 149.361
5.76 -0.341989 2000 147.739
5.765 -0.338183 2000 146.095
5.77 -0.33432 2000 144.426
5.775 -0.330384 2000 142.726
5.78 -0.326362 2000 140.988
5.785 -0.322262 2000 139.217
5.79 -0.318093 2000 137.416
5.795 -0.313852 2000 135.584
5.8 -0.309531 2000 133.717
5.805 -0.30513 2000 131.816
5.81 -0.300656 2000 129.884
5.815 -0.296123 2000 127.925
5.82 -0.291556 2000 125.952
5.825 -0.286976 2000 123.973
5.83 -0.282375 2000 121.986
5.835 -0.277739 2000 119.983
5.84 -0.273057 2000 117.961
5.845 -0.268323 2000 115.916
5.85 -0.263533 2000 113.846
5.855 -0.258688 2000 111.753
5.86 -0.253785 2000 109.635
5.865 -0.248828 2000 107.494
5.87 -0.243826 2000 105.333
5.875 -0.238785 2000 103.155
5.88 -0.233704 2000 100.96
5.885 -0.228584 2000 98.7483
5.89 -0.223418 2000 96.5164
5.895 -0.218193 2000 94.2594
5.9 -0.212911 2000 91.9774
5.905 -0.207586 2000 89.6772
5.91 -0.202231 2000 87.3637
5.915 -0.196837 2000 85.0336
5.92 -0.191385 2000 82.6785
5.925 -0.185865 2000 80.2935
5.93 -0.18028 2000 77.8811
5.935 -0.174647 2000 75.4476
5.94 -0.168972 2000 72.9959
5.945 -0.163249 2000 70.5234
5.95 -0.157467 2000 68.0256
5.955 -0.151625 2000 65.5018
5.96 -0.145727 2000 62.9542
5.965 -0.139782 2000 60.3859
5.97 -0.133798 2000 57.8008
5.975 -0.127774 2000 55.1986
5.98 -0.121698 2000 52.5733
5.985 -0.115557 2000 49.9207
5.99 -0.109354 2000 47.241
5.995 -0.103098 2000 44.5383
6 -0.0968012 2000 41.8181
6.005 -0.0904705 2000 39.0832
6.01 -0.0841016 2000 36.3319
6.015 -0.0776882 2000 33.5613
6.02 -0.071229 2000 30.7709
6.025 -0.0647279 2000 27.9624
6.03 -0.0581904 2000 25.1382
6.035 -0.0516154 2000 22.2979
6.04 -0.0449947 2000 19.4377
6.045 -0.0383197 2000 16.5541
6.05 -0.0315833 2000 13.644
6.055 -0.0247809 2000 10.7054
6.06 -0.0179206 2000 7.74169
6.065 -0.0110251 2000 4.76284
6.07 -0.00411494 2000 1.77765
6.075 0.00280616 2000 -1.21226
6.08 0.00973482 2000 -4.20544
6.085 0.0166567 2000 -7.19569
6.09 0.0235702 2000 -10.1823
6.095 0.0304893 2000 -13.1714
6.1 0.0374229 2000 -16.1667
6.105 0.0443793 2000 -19.1718
6.11 0.0513708 2000 -22.1922
6.115 0.0583982 2000 -25.228
6.12 0.0654493 2000 -28.2741
6.125 0.0725182 2000 -31.3279
6.13 0.0796148 2000 -34.3936
6.135 0.0867488 2000 -37.4755
6.14 0.0939195 2000 -40.5732
6.145 0.101124 2000 -43.6855
6.15 0.108357 2000 -46.8103
6.155 0.115609 2000 -49.943
6.16 0.122872 2000 -53.0806
6.165 0.130146 2000 -56.2232
6.17 0.137426 2000 -59.3682
6.175 0.144693 2000 -62.5072
6.18 0.151938 2000 -65.6374
6.185 0.159189 2000 -68.7695
6.19 0.16647 2000 -71.9152
6.195 0.173777 2000 -75.0718
6.2 0.181081 2000 -78.2269
6.205 0.188365 2000 -81.3735
6.21 0.195644 2000 -84.518
6.215 0.202936 2000 -87.6682
6.22 0.210236 2000 -90.8218
6.225 0.217531 2000 -93.9736
6.23 0.224829 2000 -97.1261
6.235 0.232142 2000 -100.285
6.24 0.239466 2000 -103.449
6.245 0.24679 2000 -106.613
6.25 0.254118 2000 -109.779
6.255 0.26146 2000 -112.951
6.26 0.268818 2000 -116.129
6.265 0.27617 2000 -119.306
6.27 0.283497 2000 -122.471
6.275 0.290796 2000 -125.624
6.28 0.298087 2000 -128.774
6.285 0.305384 2000 -131.926
6.29 0.312678 2000 -135.077
6.295 0.31994 2000 -138.214
6.3 0.327146 2000 -141.327
6.305 0.33431 2000 -144.422
6.31 0.341465 2000 -147.513
6.315 0.348633 2000 -150.609
6.32 0.355809 2000 -153.71
6.325 0.362992 2000 -156.813
6.33 0.370185 2000 -159.92
6.335 0.377382 2000 -163.029
6.34 0.384569 2000 -166.134
6.345 0.391731 2000 -169.228
6.35 0.398872 2000 -172.313
6.355 0.406013 2000 -175.398
6.36 0.413162 2000 -178.486
6.365 0.42031 2000 -181.574
6.37 0.427452 2000 -184.659
6.375 0.434592 2000 -187.744
6.38 0.441733 2000 -190.829
6.385 0.448882 2000 -193.917
6.39 0.456041 2000 -197.01
6.395 0.463188 2000 -200.097
6.4 0.470302 2000 -203.17
6.405 0.47738 2000 -206.228
6.41 0.484429 2000 -209.273
6.415 0.491453 2000 -212.308
6.42 0.498455 2000 -215.332
6.425 0.50544 2000 -218.35
6.43 0.51241 2000 -221.361
6.435 0.519362 2000 -224.364
6.44 0.52629 2000 -227.357
6.445 0.533192 2000 -230.339
6.45 0.540074 2000 -233.312
6.455 0.546947 2000 -236.281
6.46 0.553815 2000 -239.248
6.465 0.560667 2000 -242.208
6.47 0.567489 2000 -245.155
6.475 0.574286 2000 -248.091
6.48 0.581063 2000 -251.019
6.485 0.58782 2000 -253.938
6.49 0.59455 2000 -256.846
6.495 0.601248 2000 -259.739
6.5 0.607907 2000 -262.616
6.505 0.614525 2000 -265.475
6.51 0.621096 2000 -268.313
6.515 0.627619 2000 -271.131
6.52 0.634097 2000 -273.93
6.525 0.640542 2000 -276.714
6.53 0.646969 2000 -279.491
6.535 0.653391 2000 -282.265
6.54 0.659803 2000 -285.035
6.545 0.666181 2000 -287.79
6.55 0.6725 2000 -290.52
6.555 0.678746 2000 -293.218
6.56 0.684924 2000 -295.887
6.565 0.691047 2000 -298.532
6.57 0.69712 2000 -301.156
6.575 0.703152 2000 -303.762
6.58 0.709155 2000 -306.355
6.585 0.715125 2000 -308.934
6.59 0.721043 2000 -311.491
6.595 0.726891 2000 -314.017
6.6 0.732682 2000 -316.519
6.605 0.738443 2000 -319.007
6.61 0.744184 2000 -321.487
6.615 0.749891 2000 -323.953
6.62 0.755551 2000 -326.398
6.625 0.761164 2000 -328.823
6.63 0.766735 2000 -331.23
6.635 0.772273 2000 -333.622
6.64 0.777791 2000 -336.006
6.645 0.783298 2000 -338.385
6.65 0.788783 2000 -340.754
6.655 0.794231 2000 -343.108
6.66 0.799642 2000 -345.445
6.665 0.805023 2000 -347.77
6.67 0.81037 2000 -350.08
6.675 0.815666 2000 -352.368
6.68 0.820894 2000 -354.626
6.685 0.826058 2000 -356.857
6.69 0.831177 2000 -359.069
6.695 0.836247 2000 -361.259
6.7 0.841238 2000 -363.415
6.705 0.846147 2000 -365.535
6.71 0.851 2000 -367.632
6.715 0.855822 2000 -369.715
6.72 0.860611 2000 -371.784
6.725 0.865362 2000 -373.836
6.73 0.870079 2000 -375.874
6.735 0.87476 2000 -377.897
6.74 0.879388 2000 -379.896
6.745 0.883941 2000 -381.862
6.75 0.888417 2000 -383.796
6.755 0.892839 2000 -385.706
6.76 0.897224 2000 -387.601
6.765 0.901562 2000 -389.475
6.77 0.905825 2000 -391.316
6.775 0.91 2000 -393.12
6.78 0.914098 2000 -394.89
6.785 0.918138 2000 -396.635
6.79 0.922128 2000 -398.359
6.795 0.926071 2000 -400.063
6.8 0.929952 2000 -401.739
6.805 0.933739 2000 -403.375
6.81 0.937414 2000 -404.963
6.815 0.940994 2000 -406.509
6.82 0.944511 2000 -408.029
6.825 0.947978 2000 -409.527
6.83 0.951383 2000 -410.997
6.835 0.954715 2000 -412.437
6.84 0.957983 2000 -413.849
6.845 0.96119 2000 -415.234
6.85 0.964328 2000 -416.59
6.855 0.967405 2000 -417.919
6.86 0.970443 2000 -419.232
6.865 0.973446 2000 -420.529
6.87 0.976385 2000 -421.798
6.875 0.979236 2000 -423.03
6.88 0.982001 2000 -424.225
6.885 0.984702 2000 -425.391
6.89 0.987354 2000 -426.537
6.895 0.989953 2000 -427.66
6.9 0.992472 2000 -428.748
6.905 0.994894 2000 -429.794
6.91 0.997233 2000 -430.804
6.915 0.999508 2000 -431.788
6.92 1.00172 2000 -432.744
6.925 1.00386 2000 -433.669
6.93 1.00592 2000 -434.558
6.935 1.0079 2000 -435.411
6.94 1.00979 2000 -436.228
6.945 1.0116 2000 -437.01
6.95 1.01333 2000 -437.758
6.955 1.01499 2000 -438.477
6.96 1.01658 2000 -439.164
6.965 1.01808 2000 -439.811
6.97 1.01947 2000 -440.413
6.975 1.02077 2000 -440.975
6.98 1.02199 2000 -441.5
6.985 1.02312 2000 -441.989
6.99 1.02416 2000 -442.438
6.995 1.02511 2000 -442.849
7 1.02597 2000 -443.221
7.005 1.02674 2000 -443.55
7.01 1.02741 2000 -443.84
7.015 1.02801 2000 -444.098
7.02 1.02854 2000 -444.328
7.025 1.029 2000 -444.527
7.03 1.02938 2000 -444.691
7.035 1.02967 2000 -444.815
7.04 1.02987 2000 -444.902
7.045 1.02999 2000 -444.958
7.05 1.03006 2000 -444.985
7.055 1.03005 2000 -444.982
7.06 1.02996 2000 -444.943
7.065 1.02978 2000 -444.864
7.07 1.0295 2000 -444.746
7.075 1.02916 2000 -444.595
7.08 1.02875 2000 -444.418
7.085 1.02827 2000 -444.214
7.09 1.02771 2000 -443.973
7.095 1.02706 2000 -443.689
7.1 1.02631 2000 -443.367
7.105 1.02551 2000 -443.019
7.11 1.02465 2000 -442.651
7.115 1.02376 2000 -442.263
7.12 1.02281 2000 -441.854
7.125 1.02181 2000 -441.422
7.13 1.02075 2000 -440.965
7.135 1.01962 2000 -440.478
7.14 1.01841 2000 -439.953
7.145 1.01711 2000 -439.393
7.15 1.01575 2000 -438.805
7.155 1.01435 2000 -438.197
7.16 1.01288 2000 -437.566
7.165 1.01135 2000 -436.904
7.17 1.00974 2000 -436.207
7.175 1.00805 2000 -435.478
7.18 1.00628 2000 -434.715
7.185 1.00443 2000 -433.914
7.19 1.00249 2000 -433.077
7.195 1.00047 2000 -432.205
7.2 0.998382 2000 -431.301
7.205 0.996218 2000 -430.366
7.21 0.993973 2000 -429.396
7.215 0.991646 2000 -428.391
7.22 0.989237 2000 -427.35
7.225 0.986748 2000 -426.275
7.23 0.984184 2000 -425.168
7.235 0.981559 2000 -424.034
7.24 0.978888 2000 -422.88
7.245 0.976183 2000 -421.711
7.25 0.973444 2000 -420.528
7.255 0.970658 2000 -419.324
7.26 0.967812 2000 -418.095
7.265 0.964901 2000 -416.837
7.27 0.961924 2000 -415.551
7.275 0.95887 2000 -414.232
7.28 0.955726 2000 -412.873
7.285 0.952493 2000 -411.477
7.29 0.949187 2000 -410.049
7.295 0.945827 2000 -408.597
7.3 0.942418 2000 -407.124
7.305 0.938957 2000 -405.629
7.31 0.935435 2000 -404.108
7.315 0.931845 2000 -402.557
7.32 0.928186 2000 -400.976
7.325 0.924457 2000 -399.365
7.33 0.920661 2000 -397.725
7.335 0.916805 2000 -396.06
7.34 0.912893 2000 -394.37
7.345 0.908905 2000 -392.647
7.35 0.90482 2000 -390.882
7.355 0.900634 2000 -389.074
7.36 0.896361 2000 -387.228
7.365 0.892014 2000 -385.35
7.37 0.887602 2000 -383.444
7.375 0.883132 2000 -381.513
7.38 0.878608 2000 -379.559
7.385 0.874026 2000 -377.579
7.39 0.86938 2000 -375.572
7.395 0.864669 2000 -373.537
7.4 0.859902 2000 -371.478
7.405 0.85509 2000 -369.399
7.41 0.850242 2000 -367.305
7.415 0.845357 2000 -365.194
7.42 0.840422 2000 -363.062
7.425 0.835428 2000 -360.905
7.43 0.830375 2000 -358.722
7.435 0.825266 2000 -356.515
7.44 0.820107 2000 -354.286
7.445 0.814905 2000 -352.039
7.45 0.809653 2000 -349.77
7.455 0.804329 2000 -347.47
7.46 0.798929 2000 -345.137
7.465 0.793467 2000 -342.778
7.47 0.787949 2000 -340.394
7.475 0.782362 2000 -337.981
7.48 0.7767 2000 -335.534
7.485 0.77097 2000 -333.059
7.49 0.765175 2000 -330.556
7.495 0.759304 2000 -328.019
7.5 0.75335 2000 -325.447
7.505 0.747329 2000 -322.846
7.51 0.741262 2000 -320.225
7.515 0.735161 2000 -317.589
7.52 0.72902 2000 -314.937
7.525 0.722835 2000 -312.265
7.53 0.716605 2000 -309.574
7.535 0.710339 2000 -306.867
7.54 0.704033 2000 -304.142
7.545 0.697662 2000 -301.39
7.55 0.691219 2000 -298.607
7.555 0.684727 2000 -295.802
7.56 0.6782 2000 -292.983
7.565 0.671634 2000 -290.146
7.57 0.665025 2000 -287.291
7.575 0.65838 2000 -284.42
7.58 0.65169 2000 -281.53
7.585 0.64493 2000 -278.61
7.59 0.638088 2000 -275.654
7.595 0.631182 2000 -272.671
7.6 0.624239 2000 -269.671
7.605 0.617268 2000 -266.66
7.61 0.610263 2000 -263.634
7.615 0.603211 2000 -260.587
7.62 0.596103 2000 -257.516
7.625 0.588949 2000 -254.426
7.63 0.581771 2000 -251.325
7.635 0.574586 2000 -248.221
7.64 0.567395 2000 -245.115
7.645 0.560182 2000 -241.999
7.65 0.55293 2000 -238.866
7.655 0.545635 2000 -235.714
7.66 0.538293 2000 -232.543
7.665 0.530897 2000 -229.348
7.67 0.523449 2000 -226.13
7.675 0.515964 2000 -222.896
7.68 0.508451 2000 -219.651
7.685 0.5009 2000 -216.389
7.69 0.493294 2000 -213.103
7.695 0.485631 2000 -209.793
7.7 0.477925 2000 -206.464
7.705 0.47019 2000 -203.122
7.71 0.462426 2000 -199.768
7.715 0.454631 2000 -196.4
7.72 0.446806 2000 -193.02
7.725 0.438954 2000 -189.628
7.73 0.431073 2000 -186.223
7.735 0.423158 2000 -182.804
7.74 0.41521 2000 -179.371
7.745 0.407234 2000 -175.925
7.75 0.399243 2000 -172.473
7.755 0.391245 2000 -169.018
7.76 0.383227 2000 -165.554
7.765 0.375169 2000 -162.073
7.77 0.367067 2000 -158.573
7.775 0.358927 2000 -155.056
7.78 0.350753 2000 -151.525
7.785 0.342538 2000 -147.977
7.79 0.334276 2000 -144.407
7.795 0.325965 2000 -140.817
7.8 0.317619 2000 -137.211
7.805 0.30925 2000 -133.596
7.81 0.300871 2000 -129.976
7.815 0.292484 2000 -126.353
7.82 0.284081 2000 -122.723
7.825 0.275661 2000 -119.085
7.83 0.267225 2000 -115.441
7.835 0.258776 2000 -111.791
7.84 0.25031 2000 -108.134
7.845 0.241826 2000 -104.469
7.85 0.233324 2000 -100.796
7.855 0.22479 2000 -97.1093
7.86 0.216218 2000 -93.406
7.865 0.207613 2000 -89.6889
7.87 0.198993 2000 -85.965
7.875 0.190371 2000 -82.2402
7.88 0.181745 2000 -78.5137
7.885 0.17309 2000 -74.7747
7.89 0.164381 2000 -71.0126
7.895 0.155628 2000 -67.2312
7.9 0.146854 2000 -63.4408
7.905 0.138062 2000 -59.643
7.91 0.129245 2000 -55.8337
7.915 0.120406 2000 -52.0152
7.92 0.111562 2000 -48.1948
7.925 0.102719 2000 -44.3748
7.93 0.0938637 2000 -40.5491
7.935 0.0849746 2000 -36.709
7.94 0.0760412 2000 -32.8498
7.945 0.0670691 2000 -28.9738
7.95 0.0580733 2000 -25.0877
7.955 0.0490674 2000 -21.1971
7.96 0.0400589 2000 -17.3055
7.965 0.0310501 2000 -13.4137
7.97 0.022039 2000 -9.52085
7.975 0.0130196 2000 -5.62447
7.98 0.00398951 2000 -1.72347
7.985 -0.00504607 2000 2.1799
7.99 -0.0140886 2000 6.08627
7.995 -0.0231557 2000 10.0033
8 -0.0322644 2000 13.9382
8.005 -0.041409 2000 17.8887
8.01 -0.0505655 2000 21.8443
8.015 -0.0597088 2000 25.7942
8.02 -0.0688233 2000 29.7316
8.025 -0.0779137 2000 33.6587
8.03 -0.0870121 2000 37.5892
8.035 -0.0961524 2000 41.5378
8.04 -0.105337 2000 45.5057
8.045 -0.114542 2000 49.4821
8.05 -0.123743 2000 53.4568
8.055 -0.13293 2000 57.4259
8.06 -0.142107 2000 61.3904
8.065 -0.151282 2000 65.3536
8.07 -0.160452 2000 69.3153
8.075 -0.169602 2000 73.2681
8.08 -0.178716 2000 77.2053
8.085 -0.187791 2000 81.1256
8.09 -0.196828 2000 85.0295
8.095 -0.205833 2000 88.9197
8.1 -0.21482 2000 92.8022
8.105 -0.223793 2000 96.6784
8.11 -0.232735 2000 100.542
8.115 -0.241633 2000 104.385
8.12 -0.25049 2000 108.212
8.125 -0.259319 2000 112.026
8.13 -0.268128 2000 115.831
8.135 -0.276915 2000 119.627
8.14 -0.285679 2000 123.413
8.145 -0.29442 2000 127.189
8.15 -0.303137 2000 130.955
8.155 -0.311836 2000 134.713
8.16 -0.320524 2000 138.466
8.165 -0.329206 2000 142.217
8.17 -0.337879 2000 145.964
8.175 -0.346542 2000 149.706
8.18 -0.355197 2000 153.445
8.185 -0.363833 2000 157.176
8.19 -0.372435 2000 160.892
8.195 -0.381011 2000 164.597
8.2 -0.389586 2000 168.301
8.205 -0.398176 2000 172.012
8.21 -0.406763 2000 175.721
8.215 -0.415318 2000 179.417
8.22 -0.423826 2000 183.093
8.225 -0.432286 2000 186.747
8.23 -0.440697 2000 190.381
8.235 -0.449069 2000 193.998
8.24 -0.457414 2000 197.603
8.245 -0.465731 2000 201.196
8.25 -0.474011 2000 204.773
8.255 -0.48226 2000 208.336
8.26 -0.490507 2000 211.899
8.265 -0.498765 2000 215.467
8.27 -0.507009 2000 219.028
8.275 -0.515213 2000 222.572
8.28 -0.523367 2000 226.094
8.285 -0.531476 2000 229.597
8.29 -0.539547 2000 233.084
8.295 -0.547582 2000 236.555
8.3 -0.555585 2000 240.013
8.305 -0.563562 2000 243.459
8.31 -0.571505 2000 246.89
8.315 -0.5794 2000 250.301
8.32 -0.587245 2000 253.69
8.325 -0.595047 2000 257.06
8.33 -0.60281 2000 260.414
8.335 -0.61052 2000 263.745
8.34 -0.618169 2000 267.049
8.345 -0.625756 2000 270.326
8.35 -0.633288 2000 273.58
8.355 -0.64077 2000 276.813
8.36 -0.648202 2000 280.023
8.365 -0.655584 2000 283.212
8.37 -0.662923 2000 286.383
8.375 -0.670223 2000 289.536
8.38 -0.677477 2000 292.67
8.385 -0.684671 2000 295.778
8.39 -0.691808 2000 298.861
8.395 -0.698904 2000 301.926
8.4 -0.705971 2000 304.98
8.405 -0.713005 2000 308.018
8.41 -0.71999 2000 311.036
8.415 -0.726919 2000 314.029
8.42 -0.7338 2000 317.002
8.425 -0.740644 2000 319.958
8.43 -0.74745 2000 322.898
8.435 -0.754198 2000 325.813
8.44 -0.760877 2000 328.699
8.445 -0.767496 2000 331.558
8.45 -0.774067 2000 334.397
8.455 -0.780602 2000 337.22
8.46 -0.78711 2000 340.031
8.465 -0.793583 2000 342.828
8.47 -0.800002 2000 345.601
8.475 -0.806351 2000 348.344
8.48 -0.812637 2000 351.059
8.485 -0.818879 2000 353.756
8.49 -0.825078 2000 356.434
8.495 -0.831214 2000 359.084
8.5 -0.837283 2000 361.706
8.505 -0.843301 2000 364.306
8.51 -0.849261 2000 366.881
8.515 -0.85514 2000 369.421
8.52 -0.860935 2000 371.924
8.525 -0.866654 2000 374.395
8.53 -0.8723 2000 376.833
8.535 -0.877867 2000 379.239
8.54 -0.883371 2000 381.616
8.545 -0.888831 2000 383.975
8.55 -0.894253 2000 386.318
8.555 -0.899634 2000 388.642
8.56 -0.904981 2000 390.952
8.565 -0.910299 2000 393.249
8.57 -0.915563 2000 395.523
8.575 -0.920743 2000 397.761
8.58 -0.925831 2000 399.959
8.585 -0.930824 2000 402.116
8.59 -0.935724 2000 404.233
8.595 -0.940548 2000 406.317
8.6 -0.945318 2000 408.377
8.605 -0.950037 2000 410.416
8.61 -0.954684 2000 412.424
8.615 -0.959248 2000 414.395
8.62 -0.963739 2000 416.335
8.625 -0.968176 2000 418.252
8.63 -0.972561 2000 420.146
8.635 -0.97688 2000 422.012
8.64 -0.981125 2000 423.846
8.645 -0.985297 2000 425.648
8.65 -0.989401 2000 427.421
8.655 -0.993444 2000 429.168
8.66 -0.997435 2000 430.892
8.665 -1.00138 2000 432.597
8.67 -1.00529 2000 434.284
8.675 -1.00914 2000 435.948
8.68 -1.01292 2000 437.583
8.685 -1.01662 2000 439.181
8.69 -1.02023 2000 440.74
8.695 -1.02377 2000 442.268
8.7 -1.02725 2000 443.771
8.705 -1.03067 2000 445.251
8.71 -1.03404 2000 446.705
8.715 -1.03734 2000 448.13
8.72 -1.04058 2000 449.529
8.725 -1.04374 2000 450.896
8.73 -1.04681 2000 452.223
8.735 -1.04979 2000 453.508
8.74 -1.05268 2000 454.757
8.745 -1.05551 2000 455.98
8.75 -1.05828 2000 457.179
8.755 -1.061 2000 458.35
8.76 -1.06362 2000 459.485
8.765 -1.06617 2000 460.586
8.77 -1.06867 2000 461.665
8.775 -1.07112 2000 462.723
8.78 -1.0735 2000 463.75
8.785 -1.07579 2000 464.743
8.79 -1.07802 2000 465.705
8.795 -1.08018 2000 466.637
8.8 -1.08226 2000 467.538
8.805 -1.08429 2000 468.413
8.81 -1.08627 2000 469.268
8.815 -1.08819 2000 470.1
8.82 -1.09005 2000 470.902
8.825 -1.09183 2000 471.671
8.83 -1.09355 2000 472.412
8.835 -1.09519 2000 473.124
8.84 -1.09678 2000 473.807
8.845 -1.09829 2000 474.462
8.85 -1.09973 2000 475.085
8.855 -1.10109 2000 475.673
8.86 -1.10239 2000 476.23
8.865 -1.10362 2000 476.764
8.87 -1.10481 2000 477.278
8.875 -1.10593 2000 477.763
8.88 -1.10697 2000 478.21
8.885 -1.10791 2000 478.618
8.89 -1.10877 2000 478.987
8.895 -1.10955 2000 479.325
8.9 -1.11027 2000 479.638
8.905 -1.11094 2000 479.927
8.91 -1.11155 2000 480.191
8.915 -1.11209 2000 480.422
8.92 -1.11254 2000 480.617
8.925 -1.1129 2000 480.775
8.93 -1.11319 2000 480.9
8.935 -1.11341 2000 480.991
8.94 -1.11353 2000 481.043
8.945 -1.11355 2000 481.054
8.95 -1.11348 2000 481.025
8.955 -1.11333 2000 480.959
8.96 -1.1131 2000 480.859
8.965 -1.1128 2000 480.728
8.97 -1.11242 2000 480.567
8.975 -1.11198 2000 480.376
8.98 -1.11147 2000 480.155
8.985 -1.11089 2000 479.905
8.99 -1.11025 2000 479.626
8.995 -1.10954 2000 479.323
9 -1.1088 2000 479.001
9.005 -1.10801 2000 478.662
9.01 -1.10717 2000 478.298
9.015 -1.10624 2000 477.894
9.02 -1.1052 2000 477.447
9.025 -1.10408 2000 476.963
9.03 -1.1029 2000 476.453
9.035 -1.10166 2000 475.916
9.04 -1.10034 2000 475.347
9.045 -1.09894 2000 474.741
9.05 -1.09745 2000 474.1
9.055 -1.0959 2000 473.429
9.06 -1.09428 2000 472.727
9.065 -1.09258 2000 471.993
9.07 -1.0908 2000 471.227
9.075 -1.08896 2000 470.432
9.08 -1.08706 2000 469.608
9.085 -1.08508 2000 468.753
9.09 -1.08303 2000 467.868
9.095 -1.08092 2000 466.957
9.1 -1.07875 2000 466.02
9.105 -1.07652 2000 465.056
9.11 -1.07422 2000 464.064
9.115 -1.07187 2000 463.048
9.12 -1.06946 2000 462.008
9.125 -1.067 2000 460.942
9.13 -1.06447 2000 459.85
9.135 -1.06188 2000 458.734
9.14 -1.05924 2000 457.593
9.145 -1.05653 2000 456.422
9.15 -1.05375 2000 455.22
9.155 -1.05089 2000 453.987
9.16 -1.04797 2000 452.723
9.165 -1.04498 2000 451.431
9.17 -1.04192 2000 450.11
9.175 -1.03879 2000 448.759
9.18 -1.03559 2000 447.374
9.185 -1.03231 2000 445.959
9.19 -1.02897 2000 444.516
9.195 -1.02558 2000 443.049
9.2 -1.02212 2000 441.557
9.205 -1.01861 2000 440.039
9.21 -1.01503 2000 438.493
9.215 -1.01139 2000 436.921
9.22 -1.00769 2000 435.323
9.225 -1.00392 2000 433.694
9.23 -1.00007 2000 432.032
9.235 -0.996154 2000 430.338
9.24 -0.992177 2000 428.621
9.245 -0.988148 2000 426.88
9.25 -0.984056 2000 425.112
9.255 -0.979891 2000 423.313
9.26 -0.975661 2000 421.485
9.265 -0.97138 2000 419.636
9.27 -0.967061 2000 417.771
9.275 -0.962715 2000 415.893
9.28 -0.958338 2000 414.002
9.285 -0.953916 2000 412.092
9.29 -0.949435 2000 410.156
9.295 -0.944894 2000 408.194
9.3 -0.940302 2000 406.211
9.305 -0.935655 2000 404.203
9.31 -0.93094 2000 402.166
9.315 -0.926148 2000 400.096
9.32 -0.921283 2000 397.994
9.325 -0.916356 2000 395.866
9.33 -0.91138 2000 393.716
9.335 -0.906362 2000 391.548
9.34 -0.901303 2000 389.363
9.345 -0.896195 2000 387.156
9.35 -0.891019 2000 384.92
9.355 -0.885766 2000 382.651
9.36 -0.880446 2000 380.352
9.365 -0.875063 2000 378.027
9.37 -0.869619 2000 375.676
9.375 -0.864123 2000 373.301
9.38 -0.85859 2000 370.911
9.385 -0.853027 2000 368.507
9.39 -0.847425 2000 366.088
9.395 -0.841772 2000 363.645
9.4 -0.836061 2000 361.179
9.405 -0.830294 2000 358.687
9.41 -0.824475 2000 356.173
9.415 -0.818625 2000 353.646
9.42 -0.812759 2000 351.112
9.425 -0.806865 2000 348.566
9.43 -0.800924 2000 345.999
9.435 -0.794939 2000 343.414
9.44 -0.78892 2000 340.814
9.445 -0.782857 2000 338.194
9.45 -0.776727 2000 335.546
9.455 -0.77053 2000 332.869
9.46 -0.764296 2000 330.176
9.465 -0.758039 2000 327.473
9.47 -0.751744 2000 324.754
9.475 -0.74539 2000 322.008
9.48 -0.738975 2000 319.237
9.485 -0.732523 2000 316.45
9.49 -0.726067 2000 313.661
9.495 -0.719618 2000 310.875
9.5 -0.713154 2000 308.083
9.505 -0.70664 2000 305.268
9.51 -0.700059 2000 302.425
9.515 -0.693423 2000 299.559
9.52 -0.686749 2000 296.676
9.525 -0.680038 2000 293.777
9.53 -0.673289 2000 290.861
9.535 -0.666505 2000 287.93
9.54 -0.659683 2000 284.983
9.545 -0.652818 2000 282.018
9.55 -0.64591 2000 279.033
9.555 -0.638964 2000 276.032
9.56 -0.631989 2000 273.019
9.565 -0.624995 2000 269.998
9.57 -0.617991 2000 266.972
9.575 -0.610965 2000 263.937
9.58 -0.603897 2000 260.884
9.585 -0.596782 2000 257.81
9.59 -0.589627 2000 254.719
9.595 -0.582436 2000 251.612
9.6 -0.575214 2000 248.492
9.605 -0.567969 2000 245.363
9.61 -0.560709 2000 242.226
9.615 -0.55344 2000 239.086
9.62 -0.546158 2000 235.94
9.625 -0.538854 2000 232.785
9.63 -0.531525 2000 229.619
9.635 -0.524179 2000 226.445
9.64 -0.516831 2000 223.271
9.645 -0.509488 2000 220.099
9.65 -0.502142 2000 216.925
9.655 -0.494779 2000 213.745
9.66 -0.48738 2000 210.548
9.665 -0.479939 2000 207.334
9.67 -0.472474 2000 204.109
9.675 -0.465014 2000 200.886
9.68 -0.45757 2000 197.67
9.685 -0.450126 2000 194.455
9.69 -0.442674 2000 191.235
9.695 -0.435216 2000 188.013
9.7 -0.427753 2000 184.789
9.705 -0.420282 2000 181.562
9.71 -0.412799 2000 178.329
9.715 -0.40529 2000 175.085
9.72 -0.397754 2000 171.83
9.725 -0.390197 2000 168.565
9.73 -0.382636 2000 165.299
9.735 -0.375081 2000 162.035
9.74 -0.36753 2000 158.773
9.745 -0.359976 2000 155.51
9.75 -0.352411 2000 152.242
9.755 -0.34483 2000 148.967
9.76 -0.337241 2000 145.688
9.765 -0.329667 2000 142.416
9.77 -0.322124 2000 139.157
9.775 -0.314605 2000 135.91
9.78 -0.307099 2000 132.667
9.785 -0.299609 2000 129.431
9.79 -0.292149 2000 126.208
9.795 -0.284728 2000 123.003
9.8 -0.277349 2000 119.815
9.805 -0.270003 2000 116.641
9.81 -0.262661 2000 113.47
9.815 -0.255295 2000 110.287
9.82 -0.247916 2000 107.1
9.825 -0.240561 2000 103.922
9.83 -0.233255 2000 100.766
9.835 -0.225986 2000 97.6257
9.84 -0.218724 2000 94.4887
9.845 -0.211451 2000 91.3469
9.85 -0.204179 2000 88.2053
9.855 -0.196937 2000 85.0766
9.86 -0.189736 2000 81.9661
9.865 -0.182564 2000 78.8678
9.87 -0.175407 2000 75.776
9.875 -0.168269 2000 72.692
9.88 -0.161156 2000 69.6194
9.885 -0.154075 2000 66.5603
9.89 -0.147029 2000 63.5167
9.895 -0.140017 2000 60.4875
9.9 -0.13303 2000 57.4692
9.905 -0.126069 2000 54.4618
9.91 -0.119145 2000 51.4707
9.915 -0.112265 2000 48.4986
9.92 -0.105419 2000 45.5412
9.925 -0.0985879 2000 42.59
9.93 -0.0917551 2000 39.6382
9.935 -0.0849172 2000 36.6842
9.94 -0.0780887 2000 33.7343
9.945 -0.0712963 2000 30.8
9.95 -0.0645595 2000 27.8897
9.955 -0.0578784 2000 25.0035
9.96 -0.0512443 2000 22.1375
9.965 -0.0446561 2000 19.2914
9.97 -0.0381153 2000 16.4658
9.975 -0.0316165 2000 13.6583
9.98 -0.0251548 2000 10.8669
9.985 -0.0187274 2000 8.09025
9.99 -0.0123287 2000 5.326
9.995 -0.0059638 2000 2.57636
10 0.000349741 2000 -0.151088
10.005 0.00660867 2000 -2.85494
10.01 0.0128277 2000 -5.54155
10.015 0.0190161 2000 -8.21496
10.02 0.0251689 2000 -10.873
10.025 0.0312753 2000 -13.5109
10.03 0.0373286 2000 -16.126
10.035 0.0433316 2000 -18.7193
10.04 0.0492927 2000 -21.2945
10.045 0.0552132 2000 -23.8521
10.05 0.0610862 2000 -26.3893
10.055 0.0669058 2000 -28.9033
10.06 0.0726696 2000 -31.3933
10.065 0.0783739 2000 -33.8575
10.07 0.0840191 2000 -36.2963
10.075 0.0896216 2000 -38.7165
10.08 0.0951962 2000 -41.1247
10.085 0.100734 2000 -43.5173
10.09 0.106216 2000 -45.8852
10.095 0.11163 2000 -48.2242
10.1 0.116985 2000 -50.5374
10.105 0.122295 2000 -52.8315
10.11 0.127564 2000 -55.1077
10.115 0.132776 2000 -57.3591
10.12 0.137917 2000 -59.5802
10.125 0.143004 2000 -61.7779
10.13 0.148065 2000 -63.9642
10.135 0.153105 2000 -66.1416
10.14 0.158111 2000 -68.3041
10.145 0.163072 2000 -70.4469
10.15 0.167988 2000 -72.5708
10.155 0.17287 2000 -74.6797
10.16 0.177716 2000 -76.7735
10.165 0.182505 2000 -78.8423
10.17 0.187211 2000 -80.8751
10.175 0.191828 2000 -82.8696
10.18 0.196368 2000 -84.8308
10.185 0.200845 2000 -86.7651
10.19 0.205267 2000 -88.6754
10.195 0.20964 2000 -90.5646
10.2 0.213976 2000 -92.4377
10.205 0.218274 2000 -94.2945
10.21 0.222521 2000 -96.1289
10.215 0.226705 2000 -97.9367
10.22 0.230825 2000 -99.7162
10.225 0.234873 2000 -101.465
10.23 0.238849 2000 -103.183
10.235 0.242759 2000 -104.872
10.24 0.24661 2000 -106.535
10.245 0.250406 2000 -108.175
10.25 0.254155 2000 -109.795
10.255 0.25786 2000 -111.396
10.26 0.261514 2000 -112.974
10.265 0.265099 2000 -114.523
10.27 0.268601 2000 -116.036
10.275 0.272023 2000 -117.514
10.28 0.275382 2000 -118.965
10.285 0.27869 2000 -120.394
10.29 0.281952 2000 -121.803
10.295 0.285164 2000 -123.191
10.3 0.288315 2000 -124.552
10.305 0.2914 2000 -125.885
10.31 0.294423 2000 -127.191
10.315 0.297388 2000 -128.472
10.32 0.300293 2000 -129.727
10.325 0.303136 2000 -130.955
10.33 0.305922 2000 -132.158
10.335 0.308659 2000 -133.341
10.34 0.311352 2000 -134.504
10.345 0.314003 2000 -135.649
10.35 0.316609 2000 -136.775
10.355 0.319166 2000 -137.88
10.36 0.321666 2000 -138.96
10.365 0.324091 2000 -140.007
10.37 0.326428 2000 -141.017
10.375 0.328682 2000 -141.991
10.38 0.330863 2000 -142.933
10.385 0.332963 2000 -143.84
10.39 0.334965 2000 -144.705
10.395 0.336873 2000 -145.529
10.4 0.338712 2000 -146.324
10.405 0.340497 2000 -147.095
10.41 0.342219 2000 -147.838
10.415 0.343868 2000 -148.551
10.42 0.345451 2000 -149.235
10.425 0.346979 2000 -149.895
10.43 0.348462 2000 -150.535
10.435 0.349908 2000 -151.16
10.44 0.351325 2000 -151.772
10.445 0.352699 2000 -152.366
10.45 0.354011 2000 -152.933
10.455 0.355255 2000 -153.47
10.46 0.356444 2000 -153.984
10.465 0.357586 2000 -154.477
10.47 0.358675 2000 -154.947
10.475 0.359696 2000 -155.389
10.48 0.360643 2000 -155.798
10.485 0.361516 2000 -156.175
10.49 0.362322 2000 -156.523
10.495 0.363066 2000 -156.845
10.5 0.363743 2000 -157.137
10.505 0.364345 2000 -157.397
10.51 0.364867 2000 -157.622
10.515 0.365308 2000 -157.813
10.52 0.365672 2000 -157.97
10.525 0.365964 2000 -158.096
10.53 0.366187 2000 -158.193
10.535 0.366343 2000 -158.26
10.54 0.366432 2000 -158.298
10.545 0.366441 2000 -158.302
10.55 0.366362 2000 -158.269
10.555 0.366202 2000 -158.199
10.56 0.365967 2000 -158.098
10.565 0.365655 2000 -157.963
10.57 0.365288 2000 -157.804
10.575 0.364892 2000 -157.633
10.58 0.364468 2000 -157.45
10.585 0.363996 2000 -157.246
10.59 0.363468 2000 -157.018
10.595 0.362882 2000 -156.765
10.6 0.362232 2000 -156.484
10.605 0.361514 2000 -156.174
10.61 0.360735 2000 -155.837
10.615 0.359902 2000 -155.478
10.62 0.359023 2000 -155.098
10.625 0.358089 2000 -154.694
10.63 0.357088 2000 -154.262
10.635 0.356015 2000 -153.798
10.64 0.354875 2000 -153.306
10.645 0.353673 2000 -152.787
10.65 0.352405 2000 -152.239
10.655 0.351067 2000 -151.661
10.66 0.349659 2000 -151.053
10.665 0.348186 2000 -150.416
10.67 0.346649 2000 -149.752
10.675 0.34505 2000 -149.062
10.68 0.343386 2000 -148.343
10.685 0.341651 2000 -147.593
10.69 0.339843 2000 -146.812
10.695 0.337963 2000 -146
10.7 0.336012 2000 -145.157
10.705 0.333989 2000 -144.283
10.71 0.331888 2000 -143.376
10.715 0.329702 2000 -142.431
10.72 0.327439 2000 -141.454
10.725 0.325126 2000 -140.455
10.73 0.322788 2000 -139.445
10.735 0.320428 2000 -138.425
10.74 0.31803 2000 -137.389
10.745 0.315582 2000 -136.331
10.75 0.313087 2000 -135.253
10.755 0.310547 2000 -134.156
10.76 0.30795 2000 -133.034
10.765 0.305279 2000 -131.881
10.77 0.302533 2000 -130.694
10.775 0.299733 2000 -129.485
10.78 0.296896 2000 -128.259
10.785 0.294009 2000 -127.012
10.79 0.291046 2000 -125.732
10.795 0.288001 2000 -124.417
10.8 0.284879 2000 -123.068
10.805 0.28168 2000 -121.686
10.81 0.278406 2000 -120.271
10.815 0.275074 2000 -118.832
10.82 0.271703 2000 -117.376
10.825 0.26829 2000 -115.901
10.83 0.264814 2000 -114.4
10.835 0.261268 2000 -112.868
10.84 0.257662 2000 -111.31
10.845 0.254004 2000 -109.73
10.85 0.250289 2000 -108.125
10.855 0.24652 2000 -106.497
10.86 0.242713 2000 -104.852
10.865 0.238872 2000 -103.193
10.87 0.234994 2000 -101.517
10.875 0.231073 2000 -99.8236
10.88 0.227107 2000 -98.1104
10.885 0.223088 2000 -96.3738
10.89 0.219009 2000 -94.6118
10.895 0.214874 2000 -92.8257
10.9 0.210685 2000 -91.0158
10.905 0.20643 2000 -89.1779
10.91 0.202101 2000 -87.3077
10.915 0.197694 2000 -85.4039
10.92 0.193215 2000 -83.4688
10.925 0.188667 2000 -81.5043
10.93 0.184052 2000 -79.5107
10.935 0.179372 2000 -77.4886
10.94 0.174625 2000 -75.438
10.945 0.16981 2000 -73.358
10.95 0.164933 2000 -71.251
10.955 0.159999 2000 -69.1194
10.96 0.155001 2000 -66.9603
10.965 0.149928 2000 -64.7691
10.97 0.144785 2000 -62.5472
10.975 0.139584 2000 -60.3003
10.98 0.134327 2000 -58.0291
10.985 0.129009 2000 -55.7318
10.99 0.123637 2000 -53.4112
10.995 0.118215 2000 -51.069
11 0.112737 2000 -48.7025
11.005 0.107205 2000 -46.3124
11.01 0.101633 2000 -43.9053
11.015 0.0960265 2000 -41.4835
11.02 0.0903748 2000 -39.0419
11.025 0.0846695 2000 -36.5772
11.03 0.078909 2000 -34.0887
11.035 0.0730893 2000 -31.5746
11.04 0.0672134 2000 -29.0362
11.045 0.0612904 2000 -26.4775
11.05 0.0553218 2000 -23.899
11.055 0.0493114 2000 -21.3025
11.06 0.0432721 2000 -18.6936
11.065 0.0372076 2000 -16.0737
11.07 0.0311061 2000 -13.4378
11.075 0.0249542 2000 -10.7802
11.08 0.0187521 2000 -8.10092
11.085 0.0125133 2000 -5.40573
11.09 0.00625265 2000 -2.70114
11.095 -2.32153e-05 2000 0.010029
11.1 -0.00632006 2000 2.73027
11.105 -0.0126513 2000 5.46537
11.11 -0.0190286 2000 8.22036
11.115 -0.0254524 2000 10.9955
11.12 -0.0319105 2000 13.7853
11.125 -0.0383827 2000 16.5813
11.13 -0.0448544 2000 19.3771
11.135 -0.0513345 2000 22.1765
11.14 -0.0578449 2000 24.989
11.145 -0.0643923 2000 27.8175
11.15 -0.0709725 2000 30.6601
11.155 -0.0775849 2000 33.5167
11.16 -0.0842254 2000 36.3854
11.165 -0.090879 2000 39.2597
11.17 -0.0975267 2000 42.1315
11.175 -0.104161 2000 44.9975
11.18 -0.110791 2000 47.8617
11.185 -0.117435 2000 50.732
11.19 -0.124111 2000 53.616
11.195 -0.13082 2000 56.5142
11.2 -0.137547 2000 59.4204
11.205 -0.144286 2000 62.3317
11.21 -0.151045 2000 65.2512
11.215 -0.157823 2000 68.1794
11.22 -0.164611 2000 71.1118
11.225 -0.171399 2000 74.0446
11.23 -0.178184 2000 76.9756
11.235 -0.184963 2000 79.9041
11.24 -0.191743 2000 82.8328
11.245 -0.198535 2000 85.767
11.25 -0.205347 2000 88.7101
11.255 -0.212186 2000 91.6643
11.26 -0.219047 2000 94.6281
11.265 -0.22592 2000 97.5972
11.27 -0.232812 2000 100.575
11.275 -0.239745 2000 103.57
11.28 -0.246725 2000 106.585
11.285 -0.253744 2000 109.617
11.29 -0.260791 2000 112.662
11.295 -0.267856 2000 115.714
11.3 -0.274927 2000 118.769
11.305 -0.282001 2000 121.825
11.31 -0.289078 2000 124.882
11.315 -0.296158 2000 127.94
11.32 -0.303239 2000 130.999
11.325 -0.310323 2000 134.059
11.33 -0.317413 2000 137.123
11.335 -0.324515 2000 140.191
11.34 -0.331632 2000 143.265
11.345 -0.338768 2000 146.348
11.35 -0.345921 2000 149.438
11.355 -0.353078 2000 152.53
11.36 -0.360224 2000 155.617
11.365 -0.36737 2000 158.704
11.37 -0.374542 2000 161.802
11.375 -0.381757 2000 164.919
11.38 -0.388999 2000 168.048
11.385 -0.396239 2000 171.175
11.39 -0.403473 2000 174.3
11.395 -0.410721 2000 177.432
11.4 -0.41799 2000 180.572
11.405 -0.425257 2000 183.711
11.41 -0.432514 2000 186.846
11.415 -0.43977 2000 189.981
11.42 -0.447032 2000 193.118
11.425 -0.454294 2000 196.255
11.43 -0.461551 2000 199.39
11.435 -0.468804 2000 202.523
11.44 -0.476063 2000 205.659
11.445 -0.483326 2000 208.797
11.45 -0.490583 2000 211.932
11.455 -0.497824 2000 215.06
11.46 -0.505057 2000 218.185
11.465 -0.512292 2000 221.31
11.47 -0.519531 2000 224.437
11.475 -0.526766 2000 227.563
11.48 -0.53398 2000 230.68
11.485 -0.541166 2000 233.784
11.49 -0.548322 2000 236.875
11.495 -0.555452 2000 239.955
11.5 -0.562556 2000 243.024
11.505 -0.56963 2000 246.08
11.51 -0.576669 2000 249.121
11.515 -0.583672 2000 252.146
11.52 -0.59064 2000 255.156
11.525 -0.597582 2000 258.155
11.53 -0.604505 2000 261.146
11.535 -0.611414 2000 264.131
11.54 -0.618314 2000 267.112
11.545 -0.625193 2000 270.083
11.55 -0.632036 2000 273.04
11.555 -0.638843 2000 275.98
11.56 -0.645621 2000 278.908
11.565 -0.652377 2000 281.827
11.57 -0.659119 2000 284.739
11.575 -0.665844 2000 287.645
11.58 -0.672543 2000 290.538
11.585 -0.679205 2000 293.417
11.59 -0.685847 2000 296.286
11.595 -0.692485 2000 299.153
11.6 -0.69911 2000 302.016
11.605 -0.705691 2000 304.858
11.61 -0.71221 2000 307.675
11.615 -0.718683 2000 310.471
11.62 -0.725139 2000 313.26
11.625 -0.731599 2000 316.051
11.63 -0.738058 2000 318.841
11.635 -0.744502 2000 321.625
11.64 -0.750913 2000 324.394
11.645 -0.757277 2000 327.144
11.65 -0.763594 2000 329.873
11.655 -0.769873 2000 332.585
11.66 -0.77612 2000 335.284
11.665 -0.782322 2000 337.963
11.67 -0.788483 2000 340.625
11.675 -0.794624 2000 343.277
11.68 -0.800749 2000 345.923
11.685 -0.806848 2000 348.558
11.69 -0.812918 2000 351.181
11.695 -0.818965 2000 353.793
11.7 -0.824986 2000 356.394
11.705 -0.830956 2000 358.973
11.71 -0.836859 2000 361.523
11.715 -0.842694 2000 364.044
11.72 -0.848461 2000 366.535
11.725 -0.854157 2000 368.996
11.73 -0.859787 2000 371.428
11.735 -0.86537 2000 373.84
11.74 -0.870924 2000 376.239
11.745 -0.876442 2000 378.623
11.75 -0.881908 2000 380.984
11.755 -0.88731 2000 383.318
11.76 -0.892648 2000 385.624
11.765 -0.897931 2000 387.906
11.77 -0.903171 2000 390.17
11.775 -0.90837 2000 392.416
11.78 -0.91352 2000 394.641
11.785 -0.918614 2000 396.841
11.79 -0.923651 2000 399.017
11.795 -0.92863 2000 401.168
11.8 -0.933559 2000 403.297
11.805 -0.938451 2000 405.411
11.81 -0.94331 2000 407.51
11.815 -0.948121 2000 409.588
11.82 -0.952872 2000 411.641
11.825 -0.957554 2000 413.663
11.83 -0.962165 2000 415.655
11.835 -0.966709 2000 417.618
11.84 -0.971197 2000 419.557
11.845 -0.975639 2000 421.476
11.85 -0.980039 2000 423.377
11.855 -0.984403 2000 425.262
11.86 -0.988726 2000 427.13
11.865 -0.992998 2000 428.975
11.87 -0.99722 2000 430.799
11.875 -1.00141 2000 432.609
11.88 -1.00558 2000 434.41
11.885 -1.00971 2000 436.197
11.89 -1.01379 2000 437.957
11.895 -1.01779 2000 439.687
11.9 -1.02174 2000 441.393
11.905 -1.02565 2000 443.08
11.91 -1.02949 2000 444.738
11.915 -1.03325 2000 446.363
11.92 -1.03694 2000 447.958
11.925 -1.04058 2000 449.532
11.93 -1.04419 2000 451.09
11.935 -1.04776 2000 452.634
11.94 -1.0513 2000 454.161
11.945 -1.05479 2000 455.668
11.95 -1.05823 2000 457.156
11.955 -1.06163 2000 458.626
11.96 -1.06499 2000 460.074
11.965 -1.06827 2000 461.493
11.97 -1.07148 2000 462.88
11.975 -1.07463 2000 464.238
11.98 -1.0777 2000 465.568
11.985 -1.08073 2000 466.874
11.99 -1.0837 2000 468.158
11.995 -1.08662 2000 469.419
12 -1.08947 2000 470.652
12.005 -1.09227 2000 471.859
12.01 -1.09501 2000 473.043
12.015 -1.09768 2000 474.2
12.02 -1.10029 2000 475.325
12.025 -1.10283 2000 476.421
12.03 -1.10531 2000 477.495
12.035 -1.10777 2000 478.556
12.04 -1.11019 2000 479.6
12.045 -1.11254 2000 480.617
12.05 -1.11481 2000 481.6
12.055 -1.11702 2000 482.553
12.06 -1.11917 2000 483.483
12.065 -1.12128 2000 484.392
12.07 -1.12332 2000 485.274
12.075 -1.1253 2000 486.13
12.08 -1.12723 2000 486.963
12.085 -1.12911 2000 487.774
12.09 -1.13092 2000 488.558
12.095 -1.13266 2000 489.311
12.1 -1.13435 2000 490.04
12.105 -1.136 2000 490.752
12.11 -1.13762 2000 491.451
12.115 -1.1392 2000 492.134
12.12 -1.14073 2000 492.795
12.125 -1.1422 2000 493.43
12.13 -1.1436 2000 494.037
12.135 -1.14495 2000 494.619
12.14 -1.14625 2000 495.181
12.145 -1.14751 2000 495.725
12.15 -1.14871 2000 496.245
12.155 -1.14984 2000 496.73
12.16 -1.15088 2000 497.181
12.165 -1.15187 2000 497.608
12.17 -1.15282 2000 498.019
12.175 -1.15373 2000 498.412
12.18 -1.15458 2000 498.781
12.185 -1.15537 2000 499.122
12.19 -1.15609 2000 499.431
12.195 -1.15672 2000 499.701
12.2 -1.15725 2000 499.932
12.205 -1.1577 2000 500.127
12.21 -1.15808 2000 500.29
12.215 -1.15838 2000 500.422
12.22 -1.15863 2000 500.529
12.225 -1.15884 2000 500.618
12.23 -1.159 2000 500.686
12.235 -1.1591 2000 500.73
12.24 -1.15914 2000 500.748
12.245 -1.15911 2000 500.736
12.25 -1.159 2000 500.69
12.255 -1.15882 2000 500.61
12.26 -1.15857 2000 500.504
12.265 -1.15828 2000 500.377
12.27 -1.15793 2000 500.225
12.275 -1.1575 2000 500.038
12.28 -1.15698 2000 499.817
12.285 -1.1564 2000 499.564
12.29 -1.15574 2000 499.28
12.295 -1.155 2000 498.958
12.3 -1.15415 2000 498.594
12.305 -1.15321 2000 498.189
12.31 -1.15219 2000 497.747
12.315 -1.15109 2000 497.271
12.32 -1.14991 2000 496.76
12.325 -1.14864 2000 496.212
12.33 -1.14729 2000 495.63
12.335 -1.14587 2000 495.018
12.34 -1.14439 2000 494.376
12.345 -1.14284 2000 493.706
12.35 -1.14123 2000 493.012
12.355 -1.13959 2000 492.303
12.36 -1.13792 2000 491.581
12.365 -1.13618 2000 490.83
12.37 -1.13435 2000 490.038
12.375 -1.13241 2000 489.203
12.38 -1.1304 2000 488.331
12.385 -1.12831 2000 487.431
12.39 -1.12616 2000 486.499
12.395 -1.12391 2000 485.531
12.4 -1.12158 2000 484.524
12.405 -1.11919 2000 483.488
12.41 -1.11673 2000 482.425
12.415 -1.11419 2000 481.33
12.42 -1.11156 2000 480.195
12.425 -1.10886 2000 479.026
12.43 -1.10609 2000 477.831
12.435 -1.10328 2000 476.615
12.44 -1.1004 2000 475.374
12.445 -1.09747 2000 474.106
12.45 -1.09447 2000 472.81
12.455 -1.09139 2000 471.483
12.46 -1.08825 2000 470.123
12.465 -1.08503 2000 468.731
12.47 -1.08172 2000 467.305
12.475 -1.07835 2000 465.847
12.48 -1.07491 2000 464.363
12.485 -1.07144 2000 462.862
12.49 -1.06793 2000 461.347
12.495 -1.06437 2000 459.81
12.5 -1.06075 2000 458.243
12.505 -1.05705 2000 456.646
12.51 -1.05329 2000 455.022
12.515 -1.0495 2000 453.383
12.52 -1.04568 2000 451.733
12.525 -1.04182 2000 450.067
12.53 -1.03791 2000 448.377
12.535 -1.03393 2000 446.659
12.54 -1.02988 2000 444.91
12.545 -1.02577 2000 443.134
12.55 -1.02161 2000 441.335
12.555 -1.01739 2000 439.513
12.56 -1.01312 2000 437.669
12.565 -1.00882 2000 435.809
12.57 -1.00448 2000 433.935
12.575 -1.00011 2000 432.046
12.58 -0.995693 2000 430.139
12.585 -0.991238 2000 428.215
12.59 -0.986746 2000 426.274
12.595 -0.982219 2000 424.319
12.6 -0.977647 2000 422.344
12.605 -0.973019 2000 420.344
12.61 -0.968331 2000 418.319
12.615 -0.963585 2000 416.269
12.62 -0.958784 2000 414.195
12.625 -0.953932 2000 412.099
12.63 -0.949035 2000 409.983
12.635 -0.944098 2000 407.85
12.64 -0.939132 2000 405.705
12.645 -0.934149 2000 403.553
12.65 -0.929145 2000 401.391
12.655 -0.924108 2000 399.215
12.66 -0.919032 2000 397.022
12.665 -0.913911 2000 394.81
12.67 -0.908745 2000 392.578
12.675 -0.903544 2000 390.331
12.68 -0.89832 2000 388.074
12.685 -0.893063 2000 385.803
12.69 -0.887744 2000 383.505
12.695 -0.882354 2000 381.177
12.7 -0.876906 2000 378.823
12.705 -0.871413 2000 376.45
12.71 -0.865884 2000 374.062
12.715 -0.860322 2000 371.659
12.72 -0.854731 2000 369.244
12.725 -0.849092 2000 366.808
12.73 -0.843385 2000 364.342
12.735 -0.837611 2000 361.848
12.74 -0.831793 2000 359.334
12.745 -0.825935 2000 356.804
12.75 -0.820027 2000 354.252
12.755 -0.814061 2000 351.674
12.76 -0.808032 2000 349.07
12.765 -0.801941 2000 346.438
12.77 -0.795803 2000 343.787
12.775 -0.789635 2000 341.122
12.78 -0.783433 2000 338.443
12.785 -0.777185 2000 335.744
12.79 -0.770898 2000 333.028
12.795 -0.764584 2000 330.3
12.8 -0.758257 2000 327.567
12.805 -0.751928 2000 324.833
12.81 -0.7456 2000 322.099
12.815 -0.739273 2000 319.366
12.82 -0.732947 2000 316.633
12.825 -0.726614 2000 313.897
12.83 -0.720266 2000 311.155
12.835 -0.713901 2000 308.405
12.84 -0.707515 2000 305.647
12.845 -0.701102 2000 302.876
12.85 -0.694662 2000 300.094
12.855 -0.688204 2000 297.304
12.86 -0.681729 2000 294.507
12.865 -0.675229 2000 291.699
12.87 -0.668705 2000 288.88
12.875 -0.662163 2000 286.054
12.88 -0.655601 2000 283.219
12.885 -0.649011 2000 280.373
12.89 -0.6424 2000 277.517
12.895 -0.635777 2000 274.656
12.9 -0.629141 2000 271.789
12.905 -0.622475 2000 268.909
12.91 -0.61577 2000 266.013
12.915 -0.609033 2000 263.102
12.92 -0.602274 2000 260.182
12.925 -0.595481 2000 257.248
12.93 -0.588638 2000 254.292
12.935 -0.581753 2000 251.317
12.94 -0.574854 2000 248.337
12.945 -0.567958 2000 245.358
12.95 -0.561054 2000 242.375
12.955 -0.554126 2000 239.383
12.96 -0.547171 2000 236.378
12.965 -0.540203 2000 233.368
12.97 -0.53323 2000 230.355
12.975 -0.526244 2000 227.337
12.98 -0.519237 2000 224.31
12.985 -0.512206 2000 221.273
12.99 -0.505148 2000 218.224
12.995 -0.498065 2000 215.164
13 -0.490967 2000 212.098
13.005 -0.483858 2000 209.026
13.01 -0.476738 2000 205.951
13.015 -0.469603 2000 202.869
13.02 -0.462454 2000 199.78
13.025 -0.455301 2000 196.69
13.03 -0.448158 2000 193.604
13.035 -0.441022 2000 190.521
13.04 -0.433867 2000 187.43
13.045 -0.42667 2000 184.321
13.05 -0.419439 2000 181.198
13.055 -0.412211 2000 178.075
13.06 -0.405004 2000 174.962
13.065 -0.3978 2000 171.85
13.07 -0.390585 2000 168.733
13.075 -0.383359 2000 165.611
13.08 -0.376111 2000 162.48
13.085 -0.368837 2000 159.338
13.09 -0.361538 2000 156.184
13.095 -0.354208 2000 153.018
13.1 -0.346838 2000 149.834
13.105 -0.339436 2000 146.636
13.11 -0.332024 2000 143.435
13.115 -0.324627 2000 140.239
13.12 -0.31725 2000 137.052
13.125 -0.309889 2000 133.872
13.13 -0.302537 2000 130.696
13.135 -0.295187 2000 127.521
13.14 -0.287832 2000 124.343
13.145 -0.280474 2000 121.165
13.15 -0.273132 2000 117.993
13.155 -0.265825 2000 114.836
13.16 -0.258547 2000 111.692
13.165 -0.251272 2000 108.55
13.17 -0.243992 2000 105.404
13.175 -0.236715 2000 102.261
13.18 -0.229453 2000 99.1237
13.185 -0.222203 2000 95.9917
13.19 -0.21496 2000 92.8625
13.195 -0.207716 2000 89.7331
13.2 -0.200474 2000 86.605
13.205 -0.193255 2000 83.4863
13.21 -0.18607 2000 80.3823
13.215 -0.178913 2000 77.2904
13.22 -0.171777 2000 74.2076
13.225 -0.164658 2000 71.1323
13.23 -0.157544 2000 68.0589
13.235 -0.150419 2000 64.981
13.24 -0.14329 2000 61.9014
13.245 -0.13618 2000 58.83
13.25 -0.1291 2000 55.7712
13.255 -0.122037 2000 52.7198
13.26 -0.114968 2000 49.6663
13.265 -0.107886 2000 46.6068
13.27 -0.1008 2000 43.5456
13.275 -0.0937247 2000 40.4891
13.28 -0.0866696 2000 37.4413
13.285 -0.0796405 2000 34.4047
13.29 -0.0726382 2000 31.3797
13.295 -0.0656547 2000 28.3628
13.3 -0.0586799 2000 25.3497
13.305 -0.0517144 2000 22.3406
13.31 -0.0447695 2000 19.3404
13.315 -0.0378535 2000 16.3527
13.32 -0.0309682 2000 13.3783
13.325 -0.0241136 2000 10.4171
13.33 -0.0172887 2000 7.46874
13.335 -0.010489 2000 4.53126
13.34 -0.00370843 2000 1.60204
13.345 0.00305524 2000 -1.31986
13.35 0.0097967 2000 -4.23218
13.355 0.016505 2000 -7.13015
13.36 0.0231762 2000 -10.0121
13.365 0.0298162 2000 -12.8806
13.37 0.0364271 2000 -15.7365
13.375 0.0430065 2000 -18.5788
13.38 0.0495549 2000 -21.4077
13.385 0.0560712 2000 -24.2227
13.39 0.062554 2000 -27.0233
13.395 0.0690119 2000 -29.8132
13.4 0.0754573 2000 -32.5975
13.405 0.0818927 2000 -35.3777
13.41 0.0883083 2000 -38.1492
13.415 0.0946854 2000 -40.9041
13.42 0.101009 2000 -43.6358
13.425 0.107278 2000 -46.3439
13.43 0.113509 2000 -49.0357
13.435 0.119723 2000 -51.7201
13.44 0.125921 2000 -54.3981
13.445 0.132088 2000 -57.0619
13.45 0.138201 2000 -59.703
13.455 0.144259 2000 -62.3201
13.46 0.150284 2000 -64.9225
13.465 0.156302 2000 -67.5223
13.47 0.162314 2000 -70.1196
13.475 0.168297 2000 -72.7041
13.48 0.174235 2000 -75.2693
13.485 0.180134 2000 -77.818
13.49 0.186005 2000 -80.3541
13.495 0.191843 2000 -82.8761
13.5 0.197644 2000 -85.3821
13.505 0.203414 2000 -87.8749
13.51 0.209158 2000 -90.3564
13.515 0.214868 2000 -92.8229
13.52 0.220525 2000 -95.2668
13.525 0.226125 2000 -97.6859
13.53 0.231689 2000 -100.09
13.535 0.237237 2000 -102.487
13.54 0.242766 2000 -104.875
13.545 0.248259 2000 -107.248
13.55 0.253712 2000 -109.604
13.555 0.259119 2000 -111.94
13.56 0.264478 2000 -114.254
13.565 0.269789 2000 -116.549
13.57 0.27506 2000 -118.826
13.575 0.2803 2000 -121.089
13.58 0.285513 2000 -123.342
13.585 0.290693 2000 -125.579
13.59 0.295816 2000 -127.792
13.595 0.300859 2000 -129.971
13.6 0.30583 2000 -132.119
13.605 0.310757 2000 -134.247
13.61 0.315656 2000 -136.363
13.615 0.32051 2000 -138.46
13.62 0.325298 2000 -140.529
13.625 0.330024 2000 -142.57
13.63 0.334708 2000 -144.594
13.635 0.339358 2000 -146.603
13.64 0.343972 2000 -148.596
13.645 0.348545 2000 -150.571
13.65 0.353076 2000 -152.529
13.655 0.357569 2000 -154.47
13.66 0.362021 2000 -156.393
13.665 0.366429 2000 -158.297
13.67 0.370792 2000 -160.182
13.675 0.375108 2000 -162.047
13.68 0.379369 2000 -163.887
13.685 0.383573 2000 -165.703
13.69 0.38773 2000 -167.499
13.695 0.39185 2000 -169.279
13.7 0.395931 2000 -171.042
13.705 0.399966 2000 -172.785
13.71 0.403958 2000 -174.51
13.715 0.407913 2000 -176.218
13.72 0.411836 2000 -177.913
13.725 0.415737 2000 -179.598
13.73 0.419621 2000 -181.276
13.735 0.423468 2000 -182.938
13.74 0.427245 2000 -184.57
13.745 0.430943 2000 -186.168
13.75 0.434589 2000 -187.742
13.755 0.43821 2000 -189.307
13.76 0.441808 2000 -190.861
13.765 0.445368 2000 -192.399
13.77 0.448873 2000 -193.913
13.775 0.452319 2000 -195.402
13.78 0.455698 2000 -196.861
13.785 0.458994 2000 -198.285
13.79 0.462199 2000 -199.67
13.795 0.465318 2000 -201.017
13.8 0.468364 2000 -202.333
13.805 0.471345 2000 -203.621
13.81 0.474267 2000 -204.884
13.815 0.477136 2000 -206.123
13.82 0.479955 2000 -207.34
13.825 0.482718 2000 -208.534
13.83 0.485414 2000 -209.699
13.835 0.488035 2000 -210.831
13.84 0.490586 2000 -211.933
13.845 0.493075 2000 -213.009
13.85 0.495502 2000 -214.057
13.855 0.497859 2000 -215.075
13.86 0.500135 2000 -216.058
13.865 0.502327 2000 -217.005
13.87 0.504442 2000 -217.919
13.875 0.506483 2000 -218.801
13.88 0.508453 2000 -219.652
13.885 0.51036 2000 -220.476
13.89 0.512206 2000 -221.273
13.895 0.513979 2000 -222.039
13.9 0.515663 2000 -222.767
13.905 0.517248 2000 -223.451
13.91 0.518737 2000 -224.094
13.915 0.520151 2000 -224.705
13.92 0.521507 2000 -225.291
13.925 0.522812 2000 -225.855
13.93 0.524055 2000 -226.392
13.935 0.525223 2000 -226.896
13.94 0.526319 2000 -227.37
13.945 0.527351 2000 -227.816
13.95 0.528321 2000 -228.234
13.955 0.529236 2000 -228.63
13.96 0.5301 2000 -229.003
13.965 0.530897 2000 -229.347
13.97 0.531615 2000 -229.658
13.975 0.532266 2000 -229.939
13.98 0.532866 2000 -230.198
13.985 0.533427 2000 -230.441
13.99 0.533949 2000 -230.666
13.995 0.53443 2000 -230.874
14 0.534861 2000 -231.06
14.005 0.535225 2000 -231.217
14.01 0.535512 2000 -231.341
14.015 0.535724 2000 -231.433
14.02 0.535858 2000 -231.491
14.025 0.53591 2000 -231.513
14.03 0.535881 2000 -231.501
14.035 0.535783 2000 -231.458
14.04 0.535621 2000 -231.388
14.045 0.535398 2000 -231.292
14.05 0.535114 2000 -231.169
14.055 0.534773 2000 -231.022
14.06 0.534377 2000 -230.851
14.065 0.533931 2000 -230.658
14.07 0.533436 2000 -230.445
14.075 0.532897 2000 -230.212
14.08 0.532314 2000 -229.96
14.085 0.531683 2000 -229.687
14.09 0.530988 2000 -229.387
14.095 0.530215 2000 -229.053
14.1 0.529369 2000 -228.688
14.105 0.528466 2000 -228.297
14.11 0.527527 2000 -227.892
14.115 0.52656 2000 -227.474
14.12 0.525556 2000 -227.04
14.125 0.524506 2000 -226.586
14.13 0.523402 2000 -226.11
14.135 0.52223 2000 -225.604
14.14 0.520981 2000 -225.064
14.145 0.519664 2000 -224.495
14.15 0.51829 2000 -223.901
14.155 0.516847 2000 -223.278
14.16 0.51533 2000 -222.622
14.165 0.513751 2000 -221.94
14.17 0.512121 2000 -221.236
14.175 0.510434 2000 -220.508
14.18 0.50869 2000 -219.754
14.185 0.506892 2000 -218.977
14.19 0.50504 2000 -218.177
14.195 0.503131 2000 -217.353
14.2 0.501164 2000 -216.503
14.205 0.499145 2000 -215.631
14.21 0.497077 2000 -214.737
14.215 0.494947 2000 -213.817
14.22 0.492734 2000 -212.861
14.225 0.490438 2000 -211.869
14.23 0.488071 2000 -210.847
14.235 0.485639 2000 -209.796
14.24 0.483145 2000 -208.719
14.245 0.480608 2000 -207.623
14.25 0.478036 2000 -206.511
14.255 0.475413 2000 -205.378
14.26 0.472724 2000 -204.217
14.265 0.469976 2000 -203.03
14.27 0.467192 2000 -201.827
14.275 0.464378 2000 -200.611
14.28 0.461529 2000 -199.381
14.285 0.458639 2000 -198.132
14.29 0.455708 2000 -196.866
14.295 0.452734 2000 -195.581
14.3 0.449705 2000 -194.273
14.305 0.446612 2000 -192.936
14.31 0.443457 2000 -191.574
14.315 0.440249 2000 -190.188
14.32 0.436981 2000 -188.776
14.325 0.433635 2000 -187.33
14.33 0.430205 2000 -185.848
14.335 0.4267 2000 -184.335
14.34 0.42314 2000 -182.797
14.345 0.419542 2000 -181.242
14.35 0.415913 2000 -179.675
14.355 0.41225 2000 -178.092
14.36 0.408547 2000 -176.492
14.365 0.404805 2000 -174.876
14.37 0.401022 2000 -173.241
14.375 0.397186 2000 -171.584
14.38 0.393278 2000 -169.896
14.385 0.389299 2000 -168.177
14.39 0.385269 2000 -166.436
14.395 0.381207 2000 -164.682
14.4 0.377121 2000 -162.916
14.405 0.373006 2000 -161.139
14.41 0.368857 2000 -159.346
14.415 0.364676 2000 -157.54
14.42 0.36046 2000 -155.719
14.425 0.356198 2000 -153.877
14.43 0.351892 2000 -152.017
14.435 0.347556 2000 -150.144
14.44 0.343198 2000 -148.261
14.445 0.338816 2000 -146.369
14.45 0.334411 2000 -144.466
14.455 0.329989 2000 -142.555
14.46 0.325552 2000 -140.638
14.465 0.321085 2000 -138.709
14.47 0.316577 2000 -136.761
14.475 0.312022 2000 -134.793
14.48 0.307432 2000 -132.81
14.485 0.302829 2000 -130.822
14.49 0.298228 2000 -128.834
14.495 0.293623 2000 -126.845
14.5 0.289003 2000 -124.849
14.505 0.284362 2000 -122.844
14.51 0.279689 2000 -120.826
14.515 0.274968 2000 -118.786
14.52 0.270188 2000 -116.721
14.525 0.265359 2000 -114.635
14.53 0.260511 2000 -112.541
14.535 0.255663 2000 -110.446
14.54 0.250808 2000 -108.349
14.545 0.245931 2000 -106.242
14.55 0.24102 2000 -104.121
14.555 0.236071 2000 -101.983
14.56 0.231088 2000 -99.8302
14.565 0.22608 2000 -97.6666
14.57 0.221048 2000 -95.4927
14.575 0.21599 2000 -93.3078
14.58 0.21091 2000 -91.1131
14.585 0.205808 2000 -88.9091
14.59 0.200679 2000 -86.6933
14.595 0.195523 2000 -84.4659
14.6 0.190357 2000 -82.2341
14.605 0.185203 2000 -80.0078
14.61 0.180064 2000 -77.7876
14.615 0.174915 2000 -75.5633
14.62 0.169735 2000 -73.3254
14.625 0.164525 2000 -71.0749
14.63 0.159307 2000 -68.8208
14.635 0.154091 2000 -66.5672
14.64 0.148859 2000 -64.3071
14.645 0.143591 2000 -62.0314
14.65 0.13828 2000 -59.7368
14.655 0.132918 2000 -57.4204
14.66 0.127501 2000 -55.0805
14.665 0.122045 2000 -52.7237
14.67 0.116575 2000 -50.3604
14.675 0.111101 2000 -47.9958
14.68 0.105625 2000 -45.6301
14.685 0.100145 2000 -43.2626
14.69 0.0946615 2000 -40.8938
14.695 0.0891829 2000 -38.527
14.7 0.0837224 2000 -36.1681
14.705 0.0782893 2000 -33.821
14.71 0.0728749 2000 -31.482
14.715 0.0674512 2000 -29.1389
14.72 0.0619968 2000 -26.7826
14.725 0.0565266 2000 -24.4195
14.73 0.0510754 2000 -22.0646
14.735 0.0456501 2000 -19.7208
14.74 0.0402252 2000 -17.3773
14.745 0.034784 2000 -15.0267
14.75 0.0293372 2000 -12.6737
14.755 0.0239044 2000 -10.3267
14.76 0.0184886 2000 -7.98708
14.765 0.0130698 2000 -5.64616
14.77 0.00762788 2000 -3.29524
14.775 0.00216505 2000 -0.935303
14.78 -0.0033063 2000 1.42832
14.785 -0.00878195 2000 3.7938
14.79 -0.0142612 2000 6.16084
14.795 -0.0197383 2000 8.52695
14.8 -0.0252079 2000 10.8898
14.805 -0.0306722 2000 13.2504
14.81 -0.0361385 2000 15.6118
14.815 -0.0416151 2000 17.9777
14.82 -0.0471069 2000 20.3502
14.825 -0.0526055 2000 22.7256
14.83 -0.0580887 2000 25.0943
14.835 -0.0635417 2000 27.45
14.84 -0.0689756 2000 29.7974
14.845 -0.074409 2000 32.1447
14.85 -0.0798433 2000 34.4923
14.855 -0.0852715 2000 36.8373
14.86 -0.090692 2000 39.179
14.865 -0.0961047 2000 41.5172
14.87 -0.101508 2000 43.8515
14.875 -0.106896 2000 46.1792
14.88 -0.112261 2000 48.4968
14.885 -0.117609 2000 50.8072
14.89 -0.122961 2000 53.1193
14.895 -0.128332 2000 55.4396
14.9 -0.133727 2000 57.7701
14.905 -0.139145 2000 60.1107
14.91 -0.144578 2000 62.4577
14.915 -0.150014 2000 64.806
14.92 -0.155453 2000 67.1555
14.925 -0.160896 2000 69.5069
14.93 -0.16634 2000 71.859
14.935 -0.171788 2000 74.2125
14.94 -0.177231 2000 76.5639
14.945 -0.182644 2000 78.9023
14.95 -0.188015 2000 81.2224
14.955 -0.193362 2000 83.5322
14.96 -0.198706 2000 85.841
14.965 -0.204054 2000 88.1511
14.97 -0.209396 2000 90.4591
14.975 -0.214722 2000 92.7598
14.98 -0.220029 2000 95.0526
14.985 -0.225324 2000 97.3401
14.99 -0.230598 2000 99.6185
14.995 -0.235831 2000 101.879
15 -0.241021 2000 104.121
15.005 -0.246188 2000 106.353
15.01 -0.251342 2000 108.58
15.015 -0.256472 2000 110.796
15.02 -0.261559 2000 112.993
15.025 -0.2666 2000 115.171
15.03 -0.271613 2000 117.337
15.035 -0.276621 2000 119.5
15.04 -0.281621 2000 121.66
15.045 -0.286602 2000 123.812
15.05 -0.291547 2000 125.948
15.055 -0.296442 2000 128.063
15.06 -0.301289 2000 130.157
15.065 -0.306108 2000 132.239
15.07 -0.310908 2000 134.312
15.075 -0.315677 2000 136.373
15.08 -0.320404 2000 138.415
15.085 -0.325084 2000 140.436
15.09 -0.32972 2000 142.439
15.095 -0.33431 2000 144.422
15.1 -0.338837 2000 146.378
15.105 -0.343293 2000 148.303
15.11 -0.347706 2000 150.209
15.115 -0.352105 2000 152.109
15.12 -0.356489 2000 154.003
15.125 -0.360829 2000 155.878
15.13 -0.365105 2000 157.725
15.135 -0.369315 2000 159.544
15.14 -0.373472 2000 161.34
15.145 -0.37759 2000 163.119
15.15 -0.381684 2000 164.888
15.155 -0.385756 2000 166.646
15.16 -0.389791 2000 168.39
15.165 -0.393784 2000 170.115
15.17 -0.397747 2000 171.827
15.175 -0.401699 2000 173.534
15.18 -0.405638 2000 175.236
15.185 -0.409554 2000 176.927
15.19 -0.413446 2000 178.608
15.195 -0.417316 2000 180.28
15.2 -0.421162 2000 181.942
15.205 -0.424966 2000 183.585
15.21 -0.428709 2000 185.202
15.215 -0.432403 2000 186.798
15.22 -0.436072 2000 188.383
15.225 -0.439718 2000 189.958
15.23 -0.443317 2000 191.513
15.235 -0.446849 2000 193.039
15.24 -0.450315 2000 194.536
15.245 -0.45374 2000 196.015
15.25 -0.457142 2000 197.485
15.255 -0.460516 2000 198.943
15.26 -0.463843 2000 200.38
15.265 -0.46712 2000 201.796
15.27 -0.470355 2000 203.193
15.275 -0.473546 2000 204.572
15.28 -0.476678 2000 205.925
15.285 -0.479744 2000 207.249
15.29 -0.482759 2000 208.552
15.295 -0.485737 2000 209.839
15.3 -0.488676 2000 211.108
15.305 -0.491564 2000 212.355
15.31 -0.494394 2000 213.578
15.315 -0.497161 2000 214.774
15.32 -0.499872 2000 215.945
15.325 -0.502539 2000 217.097
15.33 -0.505166 2000 218.232
15.335 -0.507748 2000 219.347
15.34 -0.510282 2000 220.442
15.345 -0.512762 2000 221.513
15.35 -0.515181 2000 222.558
15.355 -0.517529 2000 223.572
15.36 -0.51981 2000 224.558
15.365 -0.522052 2000 225.527
15.37 -0.524276 2000 226.487
15.375 -0.526467 2000 227.434
15.38 -0.528593 2000 228.352
15.385 -0.530652 2000 229.242
15.39 -0.532675 2000 230.116
15.395 -0.534682 2000 230.982
15.4 -0.536661 2000 231.837
15.405 -0.538594 2000 232.673
15.41 -0.54047 2000 233.483
15.415 -0.542281 2000 234.266
15.42 -0.544026 2000 235.019
15.425 -0.545715 2000 235.749
15.43 -0.547365 2000 236.462
15.435 -0.548987 2000 237.162
15.44 -0.550563 2000 237.843
15.445 -0.552078 2000 238.498
15.45 -0.553523 2000 239.122
15.455 -0.554893 2000 239.714
15.46 -0.556193 2000 240.275
15.465 -0.55744 2000 240.814
15.47 -0.558651 2000 241.337
15.475 -0.559822 2000 241.843
15.48 -0.560933 2000 242.323
15.485 -0.561969 2000 242.77
15.49 -0.562932 2000 243.187
15.495 -0.563832 2000 243.575
15.5 -0.564671 2000 243.938
15.505 -0.565443 2000 244.271
15.51 -0.566139 2000 244.572
15.515 -0.566754 2000 244.838
15.52 -0.567286 2000 245.068
15.525 -0.567737 2000 245.262
15.53 -0.568106 2000 245.422
15.535 -0.568391 2000 245.545
15.54 -0.568602 2000 245.636
15.545 -0.568757 2000 245.703
15.55 -0.568883 2000 245.757
15.555 -0.568986 2000 245.802
15.56 -0.569047 2000 245.828
15.565 -0.569031 2000 245.821
15.57 -0.56892 2000 245.774
15.575 -0.568726 2000 245.689
15.58 -0.568468 2000 245.578
15.585 -0.568161 2000 245.445
15.59 -0.56781 2000 245.294
15.595 -0.567418 2000 245.124
15.6 -0.566983 2000 244.937
15.605 -0.566495 2000 244.726
15.61 -0.565939 2000 244.485
15.615 -0.565315 2000 244.216
15.62 -0.564639 2000 243.924
15.625 -0.563913 2000 243.61
15.63 -0.563116 2000 243.266
15.635 -0.562233 2000 242.884
15.64 -0.561265 2000 242.466
15.645 -0.560217 2000 242.014
15.65 -0.559088 2000 241.526
15.655 -0.557884 2000 241.006
15.66 -0.556623 2000 240.461
15.665 -0.555317 2000 239.897
15.67 -0.553954 2000 239.308
15.675 -0.552517 2000 238.687
15.68 -0.551012 2000 238.037
15.685 -0.54946 2000 237.367
15.69 -0.547872 2000 236.681
15.695 -0.546245 2000 235.978
15.7 -0.544573 2000 235.255
15.705 -0.542849 2000 234.511
15.71 -0.541072 2000 233.743
15.715 -0.539247 2000 232.955
15.72 -0.537371 2000 232.144
15.725 -0.535417 2000 231.3
15.73 -0.533363 2000 230.413
15.735 -0.531222 2000 229.488
15.74 -0.529023 2000 228.538
15.745 -0.526774 2000 227.566
15.75 -0.524458 2000 226.566
15.755 -0.522063 2000 225.531
15.76 -0.519596 2000 224.465
15.765 -0.517066 2000 223.373
15.77 -0.514473 2000 222.253
15.775 -0.51181 2000 221.102
15.78 -0.509063 2000 219.915
15.785 -0.506226 2000 218.69
15.79 -0.503308 2000 217.429
15.795 -0.500326 2000 216.141
15.8 -0.497285 2000 214.827
15.805 -0.494186 2000 213.488
15.81 -0.491039 2000 212.129
15.815 -0.487852 2000 210.752
15.82 -0.484619 2000 209.355
15.825 -0.481318 2000 207.93
15.83 -0.477941 2000 206.471
15.835 -0.474498 2000 204.983
15.84 -0.471007 2000 203.475
15.845 -0.467472 2000 201.948
15.85 -0.463888 2000 200.4
15.855 -0.46025 2000 198.828
15.86 -0.456552 2000 197.231
15.865 -0.452794 2000 195.607
15.87 -0.448986 2000 193.962
15.875 -0.445136 2000 192.299
15.88 -0.441237 2000 190.614
15.885 -0.437285 2000 188.907
15.89 -0.433294 2000 187.183
15.895 -0.429279 2000 185.449
15.9 -0.425237 2000 183.702
15.905 -0.421153 2000 181.938
15.91 -0.417013 2000 180.15
15.915 -0.412804 2000 178.331
15.92 -0.408521 2000 176.481
15.925 -0.40417 2000 174.601
15.93 -0.399765 2000 172.699
15.935 -0.395312 2000 170.775
15.94 -0.390806 2000 168.828
15.945 -0.38624 2000 166.856
15.95 -0.381614 2000 164.857
15.955 -0.376929 2000 162.833
15.96 -0.372185 2000 160.784
15.965 -0.367383 2000 158.71
15.97 -0.362521 2000 156.609
15.975 -0.357595 2000 154.481
15.98 -0.352606 2000 152.326
15.985 -0.347565 2000 150.148
15.99 -0.342473 2000 147.948
15.995 -0.337326 2000 145.725
16 -0.33213 2000 143.48
16.005 -0.326889 2000 141.216
16.01 -0.321601 2000 138.932
16.015 -0.316258 2000 136.623
16.02 -0.310859 2000 134.291
16.025 -0.305413 2000 131.939
16.03 -0.299933 2000 129.571
16.035 -0.29442 2000 127.189
16.04 -0.288861 2000 124.788
16.045 -0.283232 2000 122.356
16.05 -0.277527 2000 119.892
16.055 -0.271772 2000 117.406
16.06 -0.266003 2000 114.913
16.065 -0.260221 2000 112.415
16.07 -0.254397 2000 109.9
16.075 -0.248512 2000 107.357
16.08 -0.242567 2000 104.789
16.085 -0.236571 2000 102.199
16.09 -0.230522 2000 99.5855
16.095 -0.224419 2000 96.9492
16.1 -0.218264 2000 94.2902
16.105 -0.212056 2000 91.608
16.11 -0.205796 2000 88.904
16.115 -0.199495 2000 86.182
16.12 -0.193151 2000 83.4414
16.125 -0.186757 2000 80.679
16.13 -0.18032 2000 77.8984
16.135 -0.173862 2000 75.1085
16.14 -0.167385 2000 72.3101
16.145 -0.160866 2000 69.4942
16.15 -0.15429 2000 66.6534
16.155 -0.147657 2000 63.7879
16.16 -0.140975 2000 60.9011
16.165 -0.13425 2000 57.9961
16.17 -0.12749 2000 55.0758
16.175 -0.120704 2000 52.1441
16.18 -0.113898 2000 49.2039
16.185 -0.107067 2000 46.2531
16.19 -0.1002 2000 43.2864
16.195 -0.0933024 2000 40.3066
16.2 -0.0863963 2000 37.3232
16.205 -0.0794863 2000 34.3381
16.21 -0.0725512 2000 31.3421
16.215 -0.065567 2000 28.3249
16.22 -0.0585332 2000 25.2863
16.225 -0.051468 2000 22.2342
16.23 -0.0443823 2000 19.1732
16.235 -0.0372668 2000 16.0993
16.24 -0.0301031 2000 13.0046
16.245 -0.0228875 2000 9.88741
16.25 -0.015637 2000 6.7552
16.255 -0.00836655 2000 3.61435
16.26 -0.00107092 2000 0.462638
16.265 0.00626511 2000 -2.70653
16.27 0.0136434 2000 -5.89394
16.275 0.0210447 2000 -9.09129
16.28 0.0284545 2000 -12.2924
16.285 0.0358848 2000 -15.5022
16.29 0.0433551 2000 -18.7294
16.295 0.0508718 2000 -21.9766
16.3 0.0584281 2000 -25.2409
16.305 0.0660096 2000 -28.5161
16.31 0.0736089 2000 -31.7991
16.315 0.0812337 2000 -35.093
16.32 0.0888884 2000 -38.3998
16.325 0.0965634 2000 -41.7154
16.33 0.10425 2000 -45.0361
16.335 0.111955 2000 -48.3647
16.34 0.119689 2000 -51.7057
16.345 0.127452 2000 -55.0593
16.35 0.135239 2000 -58.4234
16.355 0.143055 2000 -61.7997
16.36 0.150911 2000 -65.1936
16.365 0.158816 2000 -68.6083
16.37 0.166759 2000 -72.04
16.375 0.174723 2000 -75.4802
16.38 0.182694 2000 -78.9237
16.385 0.190674 2000 -82.3711
16.39 0.198672 2000 -85.8261
16.395 0.206698 2000 -89.2934
16.4 0.214756 2000 -92.7746
16.405 0.222835 2000 -96.2647
16.41 0.230924 2000 -99.7592
16.415 0.23903 2000 -103.261
16.42 0.247152 2000 -106.77
16.425 0.255283 2000 -110.282
16.43 0.263423 2000 -113.799
16.435 0.27158 2000 -117.323
16.44 0.279766 2000 -120.859
16.445 0.287988 2000 -124.411
16.45 0.296242 2000 -127.976
