0.1 2.06016e-17 -0.0153718 -9.53777e-20
0.2 -2.55649e-17 -0.0310639 1.18356e-19
0.3 4.36546e-17 -0.0470261 -2.02104e-19
0.4 4.25969e-17 -0.0632726 -1.97208e-19
0.5 7.29179e-17 -0.0798193 -3.37583e-19
0.6 1.20789e-16 -0.0966834 -5.59208e-19
0.7 4.91065e-17 -0.113884 -2.27345e-19
0.8 2.36285e-16 -0.131442 -1.09391e-18
0.9 1.49988e-16 -0.14938 -6.9439e-19
1 1.95806e-16 -0.167725 -9.06511e-19
0.005 -6.71207e-07 -0.167725 2.33058e-09
0.01 -3.35502e-06 -0.167726 1.16494e-08
0.015 -8.72034e-06 -0.167726 3.02789e-08
0.02 -1.67655e-05 -0.167726 5.82135e-08
0.025 -2.74913e-05 -0.167726 9.5456e-08
0.03 -4.09012e-05 -0.167726 1.42018e-07
0.035 -5.69993e-05 -0.167726 1.97914e-07
0.04 -7.57888e-05 -0.167726 2.63155e-07
0.045 -9.72694e-05 -0.167726 3.37741e-07
0.05 -0.000121436 -0.167726 4.21652e-07
0.055 -0.000148278 -0.167726 5.14853e-07
0.06 -0.000177788 -0.167726 6.17318e-07
0.065 -0.000209971 -0.167726 7.29065e-07
0.07 -0.000244849 -0.167726 8.50169e-07
0.075 -0.000282459 -0.167726 9.8076e-07
0.08 -0.000322848 -0.167726 1.121e-06
0.085 -0.000366067 -0.167727 1.27107e-06
0.09 -0.00041216 -0.167727 1.43111e-06
0.095 -0.000461146 -0.167727 1.6012e-06
0.1 -0.000513014 -0.167727 1.78129e-06
0.105 -0.000567738 -0.167727 1.97131e-06
0.11 -0.000625309 -0.167727 2.1712e-06
0.115 -0.000685771 -0.167728 2.38114e-06
0.12 -0.000749255 -0.167728 2.60157e-06
0.125 -0.000815979 -0.167728 2.83325e-06
0.13 -0.000886195 -0.167728 3.07705e-06
0.135 -0.00096012 -0.167728 3.33373e-06
0.14 -0.00103788 -0.167729 3.60373e-06
0.145 -0.00111951 -0.167729 3.88715e-06
0.15 -0.00120499 -0.167729 4.18397e-06
0.155 -0.00129434 -0.167729 4.4942e-06
0.16 -0.00138762 -0.16773 4.81807e-06
0.165 -0.00148499 -0.16773 5.15618e-06
0.17 -0.00158673 -0.16773 5.50945e-06
0.175 -0.00169318 -0.167731 5.87903e-06
0.18 -0.00180466 -0.167731 6.26611e-06
0.185 -0.0019215 -0.167731 6.67178e-06
0.19 -0.00204398 -0.167732 7.09705e-06
0.195 -0.00217243 -0.167732 7.54304e-06
0.2 -0.00230727 -0.167733 8.01122e-06
0.205 -0.0024491 -0.167733 8.50369e-06
0.21 -0.00259893 -0.167733 9.0239e-06
0.215 -0.0027582 -0.167734 9.5769e-06
0.22 -0.00292858 -0.167735 1.01685e-05
0.225 -0.00311152 -0.167735 1.08037e-05
0.23 -0.00330785 -0.167736 1.14853e-05
0.235 -0.00351749 -0.167736 1.22132e-05
0.24 -0.0037395 -0.167737 1.2984e-05
0.245 -0.00397227 -0.167738 1.37922e-05
0.25 -0.00421411 -0.167738 1.46319e-05
0.255 -0.00446375 -0.167739 1.54986e-05
0.26 -0.0047207 -0.16774 1.63907e-05
0.265 -0.00498535 -0.167741 1.73096e-05
0.27 -0.00525876 -0.167742 1.82588e-05
0.275 -0.00554228 -0.167743 1.92432e-05
0.28 -0.00583725 -0.167743 2.02672e-05
0.285 -0.00614477 -0.167744 2.13349e-05
0.29 -0.00646573 -0.167745 2.24492e-05
0.295 -0.0068009 -0.167746 2.36129e-05
0.3 -0.00715106 -0.167747 2.48285e-05
0.305 -0.00751718 -0.167749 2.60996e-05
0.31 -0.00790045 -0.16775 2.74302e-05
0.315 -0.0083024 -0.167751 2.88256e-05
0.32 -0.00872472 -0.167752 3.02918e-05
0.325 -0.00916901 -0.167754 3.18342e-05
0.33 -0.00963657 -0.167755 3.34573e-05
0.335 -0.0101283 -0.167757 3.51642e-05
0.34 -0.0106446 -0.167758 3.69566e-05
0.345 -0.0111859 -0.16776 3.88356e-05
0.35 -0.0117523 -0.167762 4.0802e-05
0.355 -0.012344 -0.167763 4.2856e-05
0.36 -0.0129608 -0.167765 4.49971e-05
0.365 -0.0136023 -0.167767 4.72236e-05
0.37 -0.0142676 -0.167769 4.95331e-05
0.375 -0.0149563 -0.167771 5.19238e-05
0.38 -0.0156682 -0.167774 5.43947e-05
0.385 -0.0164029 -0.167776 5.69447e-05
0.39 -0.0171594 -0.167778 5.95704e-05
0.395 -0.017935 -0.16778 6.22625e-05
0.4 -0.0187248 -0.167783 6.50037e-05
0.405 -0.0195212 -0.167785 6.77675e-05
0.41 -0.0203138 -0.167788 7.05184e-05
0.415 -0.0210907 -0.16779 7.32146e-05
0.42 -0.0218389 -0.167792 7.58115e-05
0.425 -0.0225465 -0.167795 7.82669e-05
0.43 -0.023204 -0.167797 8.05486e-05
0.435 -0.023807 -0.167798 8.26412e-05
0.44 -0.0243571 -0.1678 8.45503e-05
0.445 -0.024862 -0.167802 8.63024e-05
0.45 -0.0253347 -0.167803 8.79425e-05
0.455 -0.0257917 -0.167804 8.95283e-05
0.46 -0.0262513 -0.167806 9.11234e-05
0.465 -0.0267308 -0.167807 9.27873e-05
0.47 -0.0272431 -0.167809 9.45649e-05
0.475 -0.0277944 -0.16781 9.6478e-05
0.48 -0.0283838 -0.167812 9.85229e-05
0.485 -0.0290037 -0.167814 0.000100674
0.49 -0.0296427 -0.167816 0.000102891
0.495 -0.0302865 -0.167818 0.000105125
0.5 -0.0309204 -0.16782 0.000107325
0.505 -0.031529 -0.167822 0.000109436
0.51 -0.032096 -0.167823 0.000111404
0.515 -0.0326033 -0.167825 0.000113164
0.52 -0.0330309 -0.167826 0.000114647
0.525 -0.0333574 -0.167827 0.00011578
0.53 -0.0335635 -0.167828 0.000116495
0.535 -0.033636 -0.167828 0.000116747
0.54 -0.0335704 -0.167828 0.000116519
0.545 -0.0333718 -0.167828 0.00011583
0.55 -0.0330538 -0.167828 0.000114725
0.555 -0.0326356 -0.167828 0.000113273
0.56 -0.0321389 -0.167828 0.000111549
0.565 -0.0315849 -0.167828 0.000109625
0.57 -0.0309905 -0.167828 0.000107561
0.575 -0.0303661 -0.167828 0.000105393
0.58 -0.0297154 -0.167828 0.000103134
0.585 -0.0290379 -0.167828 0.000100782
0.59 -0.028334 -0.167828 9.83374e-05
0.595 -0.0276082 -0.167828 9.58175e-05
0.6 -0.0268718 -0.167828 9.32609e-05
0.605 -0.0261421 -0.167828 9.07274e-05
0.61 -0.0254384 -0.167828 8.82844e-05
0.615 -0.0247774 -0.167828 8.59895e-05
0.62 -0.02417 -0.167828 8.38808e-05
0.625 -0.0236211 -0.167828 8.1975e-05
0.63 -0.0231293 -0.167828 8.02678e-05
0.635 -0.022687 -0.167828 7.87323e-05
0.64 -0.02228 -0.167828 7.73194e-05
0.645 -0.0218878 -0.167828 7.59581e-05
0.65 -0.0214841 -0.167828 7.45565e-05
0.655 -0.0210369 -0.167828 7.30042e-05
0.66 -0.0205105 -0.167828 7.1177e-05
0.665 -0.0198691 -0.167828 6.89506e-05
0.67 -0.019084 -0.167828 6.6225e-05
0.675 -0.0181398 -0.167828 6.29476e-05
0.68 -0.0170383 -0.167828 5.91242e-05
0.685 -0.0157979 -0.167828 5.4819e-05
0.69 -0.0144508 -0.167828 5.01437e-05
0.695 -0.013039 -0.167828 4.52443e-05
0.7 -0.0116098 -0.167828 4.02853e-05
0.705 -0.0102113 -0.167828 3.54339e-05
0.71 -0.00888821 -0.167828 3.08452e-05
0.715 -0.0076776 -0.167828 2.66475e-05
0.72 -0.00660529 -0.167828 2.29303e-05
0.725 -0.00568591 -0.167828 1.97435e-05
0.73 -0.00492743 -0.167829 1.71145e-05
0.735 -0.00433543 -0.167829 1.50624e-05
0.74 -0.0039129 -0.167829 1.35977e-05
0.745 -0.00365703 -0.16783 1.27107e-05
0.75 -0.0035552 -0.16783 1.23577e-05
0.755 -0.00358215 -0.16783 1.24513e-05
0.76 -0.00370016 -0.16783 1.2861e-05
0.765 -0.00386227 -0.16783 1.3424e-05
0.77 -0.00401667 -0.16783 1.39602e-05
0.775 -0.00411091 -0.16783 1.42875e-05
0.78 -0.00409619 -0.16783 1.42365e-05
0.785 -0.00393198 -0.16783 1.36664e-05
0.79 -0.00359048 -0.16783 1.24807e-05
0.795 -0.00305934 -0.16783 1.0636e-05
0.8 -0.00234099 -0.167831 8.14259e-06
0.805 -0.00144858 -0.167833 5.04769e-06
0.81 -0.000400634 -0.167836 1.41173e-06
0.815 0.000783137 -0.16784 -2.69808e-06
0.82 0.00208359 -0.167844 -7.21296e-06
0.825 0.00348227 -0.167848 -1.20686e-05
0.83 0.00496102 -0.167853 -1.72018e-05
0.835 0.0065018 -0.167858 -2.25501e-05
0.84 0.00808664 -0.167863 -2.80509e-05
0.845 0.00969832 -0.167868 -3.36444e-05
0.85 0.0113218 -0.167873 -3.92787e-05
0.855 0.0129461 -0.167878 -4.4915e-05
0.86 0.0145654 -0.167883 -5.05339e-05
0.865 0.016181 -0.167888 -5.61399e-05
0.87 0.0178013 -0.167893 -6.17616e-05
0.875 0.0194384 -0.167898 -6.74412e-05
0.88 0.0211024 -0.167903 -7.32141e-05
0.885 0.0227959 -0.167908 -7.9089e-05
0.89 0.0245094 -0.167913 -8.50327e-05
0.895 0.0262186 -0.167918 -9.09615e-05
0.9 0.0278869 -0.167923 -9.67482e-05
0.905 0.0294754 -0.167928 -0.000102258
0.91 0.0309577 -0.167932 -0.000107399
0.915 0.0323315 -0.167936 -0.000112164
0.92 0.0336253 -0.16794 -0.000116651
0.925 0.0348969 -0.167944 -0.000121061
0.93 0.0362221 -0.167948 -0.000125657
0.935 0.0376749 -0.167952 -0.000130695
0.94 0.0393067 -0.167957 -0.000136354
0.945 0.0411333 -0.167962 -0.000142689
0.95 0.043132 -0.167968 -0.00014962
0.955 0.0452473 -0.167974 -0.000156955
0.96 0.0474 -0.167981 -0.00016442
0.965 0.0494987 -0.167987 -0.000171698
0.97 0.0514502 -0.167992 -0.000178465
0.975 0.05317 -0.167998 -0.000184428
0.98 0.0545888 -0.168002 -0.000189348
0.985 0.055654 -0.168005 -0.000193041
0.99 0.056326 -0.168007 -0.000195371
0.995 0.0565729 -0.168007 -0.000196227
1 0.0563655 -0.168007 -0.000195508
1.005 0.0556777 -0.168006 -0.000193121
1.01 0.0544902 -0.168007 -0.000188997
1.015 0.0527946 -0.168007 -0.000183109
1.02 0.0505919 -0.168007 -0.000175461
1.025 0.0478863 -0.168007 -0.000166067
1.03 0.0446823 -0.168007 -0.000154944
1.035 0.0409889 -0.168007 -0.000142122
1.04 0.0368241 -0.168007 -0.000127666
1.045 0.0322176 -0.168007 -0.000111679
1.05 0.0272108 -0.168006 -9.43051e-05
1.055 0.0218539 -0.168006 -7.57208e-05
1.06 0.0162003 -0.168006 -5.61125e-05
1.065 0.0103001 -0.168005 -3.5655e-05
1.07 0.00419674 -0.168005 -1.44996e-05
1.075 -0.00207128 -0.168005 7.22071e-06
1.08 -0.00846538 -0.168004 2.93737e-05
1.085 -0.0149419 -0.168004 5.18105e-05
1.09 -0.0214476 -0.168005 7.43499e-05
1.095 -0.0279172 -0.168006 9.67695e-05
1.1 -0.034276 -0.168012 0.000118811
1.105 -0.0404463 -0.168027 0.000140206
1.11 -0.0463562 -0.168047 0.000160702
1.115 -0.0519495 -0.168065 0.000180102
1.12 -0.0571924 -0.168082 0.000198287
1.125 -0.0620759 -0.168098 0.000215225
1.13 -0.066614 -0.168112 0.000230964
1.135 -0.0708389 -0.168125 0.000245617
1.14 -0.0747929 -0.168138 0.00025933
1.145 -0.0785167 -0.168149 0.000272244
1.15 -0.0820333 -0.16816 0.000284439
1.155 -0.0853352 -0.16817 0.00029589
1.16 -0.0883781 -0.168179 0.000306442
1.165 -0.0910852 -0.168187 0.00031583
1.17 -0.0933594 -0.168193 0.000323716
1.175 -0.0950982 -0.168199 0.000329746
1.18 -0.0962104 -0.168202 0.000333603
1.185 -0.0966314 -0.168203 0.000335063
1.19 -0.0963324 -0.168203 0.000334026
1.195 -0.0953216 -0.168202 0.000330517
1.2 -0.0936353 -0.168202 0.000324661
1.205 -0.0913245 -0.168203 0.000316638
1.21 -0.0884379 -0.168203 0.000306615
1.215 -0.0850058 -0.168203 0.0002947
1.22 -0.0810362 -0.168203 0.000280921
1.225 -0.0765275 -0.168203 0.000265272
1.23 -0.0714917 -0.168203 0.000247799
1.235 -0.0659789 -0.168203 0.000228676
1.24 -0.0600844 -0.168203 0.000208233
1.245 -0.0539368 -0.168202 0.000186919
1.25 -0.0476753 -0.168202 0.000165216
1.255 -0.0414289 -0.168202 0.00014357
1.26 -0.0353027 -0.168202 0.000122343
1.265 -0.0293731 -0.168202 0.0001018
1.27 -0.0236894 -0.168202 8.21099e-05
1.275 -0.0182812 -0.168202 6.33747e-05
1.28 -0.0131667 -0.168202 4.56569e-05
1.285 -0.00835903 -0.168202 2.9002e-05
1.29 -0.00386873 -0.168202 1.34459e-05
1.295 0.000299267 -0.168202 -9.94158e-07
1.3 0.00415514 -0.168202 -1.43536e-05
1.305 0.00773953 -0.168202 -2.67732e-05
1.31 0.0111341 -0.168202 -3.85358e-05
1.315 0.0144576 -0.168203 -5.00534e-05
1.32 0.0178482 -0.168203 -6.18042e-05
1.325 0.0214347 -0.168203 -7.42349e-05
1.33 0.0253066 -0.168203 -8.76563e-05
1.335 0.0294912 -0.168203 -0.000102163
1.34 0.0339409 -0.168204 -0.000117591
1.345 0.0385362 -0.168204 -0.000133525
1.35 0.0431061 -0.168205 -0.000149374
1.355 0.047462 -0.168206 -0.000164482
1.36 0.0514331 -0.168208 -0.000178256
1.365 0.054895 -0.168212 -0.000190255
1.37 0.0577775 -0.16822 -0.000200244
1.375 0.0600553 -0.168228 -0.000208146
1.38 0.0617368 -0.168234 -0.000213979
1.385 0.0628555 -0.168238 -0.00021786
1.39 0.0634617 -0.16824 -0.000219964
1.395 0.0636097 -0.168241 -0.000220479
1.4 0.0633476 -0.168241 -0.00021957
1.405 0.0627178 -0.168241 -0.000217385
1.41 0.0617681 -0.168242 -0.000214087
1.415 0.0605656 -0.168242 -0.000209911
1.42 0.0592082 -0.168242 -0.000205197
1.425 0.0578258 -0.168243 -0.000200398
1.43 0.0565703 -0.168243 -0.000196038
1.435 0.0555954 -0.168243 -0.000192654
1.44 0.0550374 -0.168243 -0.000190716
1.445 0.0549997 -0.168243 -0.000190585
1.45 0.055547 -0.168243 -0.000192485
1.455 0.0567055 -0.168243 -0.000196508
1.46 0.0584683 -0.168243 -0.000202628
1.465 0.0607994 -0.168243 -0.000210721
1.47 0.0636361 -0.168243 -0.000220566
1.475 0.0668849 -0.168248 -0.00023184
1.48 0.0704166 -0.168259 -0.00024409
1.485 0.0740677 -0.168271 -0.000256751
1.49 0.0776559 -0.168283 -0.000269191
1.495 0.0810093 -0.168293 -0.000280816
1.5 0.0840025 -0.168302 -0.000291191
1.505 0.0865883 -0.16831 -0.000300155
1.51 0.0888137 -0.168317 -0.000307868
1.515 0.0908118 -0.168323 -0.000314794
1.52 0.0927749 -0.168329 -0.000321598
1.525 0.0949189 -0.168336 -0.00032903
1.53 0.0974519 -0.168343 -0.00033781
1.535 0.100552 -0.168352 -0.000348555
1.54 0.104352 -0.168363 -0.000361726
1.545 0.108928 -0.168377 -0.00037759
1.55 0.114302 -0.168393 -0.000396216
1.555 0.120443 -0.16841 -0.000417503
1.56 0.127291 -0.16843 -0.00044124
1.565 0.134768 -0.168452 -0.000467158
1.57 0.142791 -0.168475 -0.000494971
1.575 0.151269 -0.1685 -0.000524358
1.58 0.160087 -0.168526 -0.000554923
1.585 0.169094 -0.168552 -0.000586146
1.59 0.178103 -0.168578 -0.000617373
1.595 0.186892 -0.168604 -0.000647839
1.6 0.195227 -0.168628 -0.000676732
1.605 0.202884 -0.168651 -0.000703275
1.61 0.209666 -0.16867 -0.000726784
1.615 0.21541 -0.168687 -0.000746691
1.62 0.219982 -0.168701 -0.00076254
1.625 0.223277 -0.16871 -0.000773959
1.63 0.225206 -0.168716 -0.000780647
1.635 0.225698 -0.168718 -0.000782353
1.64 0.224705 -0.168715 -0.000778911
1.645 0.222219 -0.168713 -0.00077028
1.65 0.218283 -0.168714 -0.000756615
1.655 0.213005 -0.168715 -0.000738289
1.66 0.206542 -0.168715 -0.000715855
1.665 0.199087 -0.168715 -0.000689986
1.67 0.19085 -0.168716 -0.000661415
1.675 0.182045 -0.168716 -0.000630884
1.68 0.172882 -0.168715 -0.000599121
1.685 0.163562 -0.168715 -0.000566821
1.69 0.154271 -0.168715 -0.00053463
1.695 0.145175 -0.168715 -0.000503118
1.7 0.136398 -0.168715 -0.000472712
1.705 0.128006 -0.168714 -0.000443641
1.71 0.120001 -0.168714 -0.000415912
1.715 0.112337 -0.168714 -0.00038936
1.72 0.104946 -0.168714 -0.000363758
1.725 0.0977747 -0.168714 -0.000338913
1.73 0.0907819 -0.168714 -0.000314686
1.735 0.0839381 -0.168714 -0.000290975
1.74 0.0772157 -0.168714 -0.000267682
1.745 0.070591 -0.168714 -0.000244728
1.75 0.0640507 -0.168714 -0.000222065
1.755 0.0575909 -0.168714 -0.000199679
1.76 0.0512057 -0.168714 -0.000177551
1.765 0.0448734 -0.168714 -0.000155605
1.77 0.0385469 -0.168714 -0.000133678
1.775 0.032154 -0.168713 -0.000111519
1.78 0.025616 -0.168714 -8.88563e-05
1.785 0.0188794 -0.168714 -6.55035e-05
1.79 0.0119478 -0.168714 -4.14729e-05
1.795 0.00489853 -0.168714 -1.70327e-05
1.8 -0.00212436 -0.168714 7.31777e-06
1.805 -0.00893946 -0.168714 3.09496e-05
1.81 -0.015367 -0.168714 5.32391e-05
1.815 -0.0212563 -0.168714 7.36638e-05
1.82 -0.0264918 -0.168714 9.1822e-05
1.825 -0.0309893 -0.168714 0.000107422
1.83 -0.0346982 -0.168715 0.000120287
1.835 -0.03761 -0.168715 0.000130388
1.84 -0.0397721 -0.168715 0.000137888
1.845 -0.0412968 -0.168715 0.000143177
1.85 -0.0423537 -0.168715 0.000146844
1.855 -0.0431434 -0.168715 0.000149584
1.86 -0.0438607 -0.168715 0.000152072
1.865 -0.044663 -0.168715 0.000154856
1.87 -0.0456578 -0.168715 0.000158307
1.875 -0.0469108 -0.168715 0.000162654
1.88 -0.0484554 -0.168715 0.000168012
1.885 -0.0502968 -0.168716 0.0001744
1.89 -0.0524154 -0.168716 0.000181749
1.895 -0.0547714 -0.168716 0.000189923
1.9 -0.0573152 -0.168716 0.000198748
1.905 -0.0600047 -0.168717 0.000208079
1.91 -0.0628214 -0.168717 0.000217851
1.915 -0.065773 -0.168718 0.000228091
1.92 -0.0688793 -0.168719 0.000238868
1.925 -0.0721522 -0.16872 0.000250224
1.93 -0.0755899 -0.168722 0.000262151
1.935 -0.0791906 -0.168725 0.000274644
1.94 -0.0829819 -0.168729 0.000287798
1.945 -0.0870515 -0.168734 0.000301925
1.95 -0.0915578 -0.168744 0.000317562
1.955 -0.0967087 -0.168759 0.000335424
1.96 -0.10272 -0.168777 0.000356269
1.965 -0.109771 -0.168798 0.000380722
1.97 -0.117989 -0.168823 0.000409222
1.975 -0.127448 -0.16885 0.000442025
1.98 -0.138179 -0.168881 0.000479237
1.985 -0.150169 -0.168916 0.000520818
1.99 -0.163372 -0.168954 0.000566601
1.995 -0.177717 -0.168996 0.000616346
2 -0.193135 -0.169041 0.000669806
2.005 -0.209573 -0.169089 0.000726803
2.01 -0.227004 -0.16914 0.000787236
2.015 -0.245405 -0.169194 0.000851032
2.02 -0.264741 -0.169252 0.00091806
2.025 -0.284932 -0.169312 0.000988048
2.03 -0.305842 -0.169374 0.00106052
2.035 -0.327275 -0.169439 0.0011348
2.04 -0.348988 -0.169505 0.00121004
2.045 -0.3707 -0.169571 0.00128527
2.05 -0.392114 -0.169637 0.00135947
2.055 -0.412936 -0.169702 0.0014316
2.06 -0.432904 -0.169764 0.00150076
2.065 -0.451833 -0.169823 0.00156633
2.07 -0.469652 -0.16988 0.00162804
2.075 -0.486399 -0.169933 0.00168603
2.08 -0.502172 -0.169983 0.00174064
2.085 -0.517063 -0.170031 0.0017922
2.09 -0.531113 -0.170076 0.00184084
2.095 -0.5443 -0.170119 0.00188649
2.1 -0.556565 -0.170158 0.00192895
2.105 -0.567859 -0.170195 0.00196804
2.11 -0.578183 -0.170229 0.00200377
2.115 -0.587594 -0.17026 0.00203634
2.12 -0.596199 -0.170288 0.00206612
2.125 -0.604135 -0.170314 0.00209359
2.13 -0.611544 -0.170339 0.00211923
2.135 -0.618558 -0.170362 0.0021435
2.14 -0.625294 -0.170384 0.0021668
2.145 -0.631851 -0.170406 0.00218949
2.15 -0.638311 -0.170427 0.00221185
2.155 -0.644725 -0.170449 0.00223404
2.16 -0.651085 -0.17047 0.00225604
2.165 -0.657309 -0.170491 0.00227758
2.17 -0.66325 -0.17051 0.00229813
2.175 -0.668728 -0.170529 0.00231708
2.18 -0.673588 -0.170545 0.00233389
2.185 -0.67774 -0.170559 0.00234826
2.19 -0.681158 -0.170571 0.00236008
2.195 -0.683852 -0.17058 0.0023694
2.2 -0.685839 -0.170586 0.00237627
2.205 -0.687118 -0.170591 0.00238069
2.21 -0.687665 -0.170592 0.00238259
2.215 -0.687436 -0.170592 0.0023818
2.22 -0.686397 -0.170591 0.00237819
2.225 -0.684529 -0.170591 0.0023717
2.23 -0.681833 -0.170592 0.00236234
2.235 -0.678314 -0.170592 0.00235012
2.24 -0.673982 -0.170592 0.00233508
2.245 -0.66886 -0.170592 0.00231731
2.25 -0.663011 -0.170592 0.00229701
2.255 -0.656554 -0.170592 0.00227462
2.26 -0.649661 -0.170592 0.00225072
2.265 -0.642531 -0.170592 0.002226
2.27 -0.635341 -0.170592 0.00220107
2.275 -0.628208 -0.170592 0.00217635
2.28 -0.621172 -0.170592 0.00215197
2.285 -0.614217 -0.170592 0.00212787
2.29 -0.607309 -0.170592 0.00210393
2.295 -0.60042 -0.170592 0.00208006
2.3 -0.593536 -0.170592 0.00205621
2.305 -0.586637 -0.170592 0.00203231
2.31 -0.579689 -0.170592 0.00200823
2.315 -0.572624 -0.170592 0.00198375
2.32 -0.565347 -0.170592 0.00195853
2.325 -0.55775 -0.170592 0.00193221
2.33 -0.549718 -0.170592 0.00190437
2.335 -0.541127 -0.170592 0.0018746
2.34 -0.531821 -0.170592 0.00184235
2.345 -0.521598 -0.170592 0.00180691
2.35 -0.510208 -0.170592 0.00176743
2.355 -0.497384 -0.170592 0.00172298
2.36 -0.482898 -0.170592 0.00167276
2.365 -0.466591 -0.170592 0.00161622
2.37 -0.448391 -0.170592 0.00155312
2.375 -0.42831 -0.170592 0.00148348
2.38 -0.406439 -0.170592 0.00140763
2.385 -0.382944 -0.170592 0.00132614
2.39 -0.358061 -0.170592 0.00123983
2.395 -0.332065 -0.170592 0.00114965
2.4 -0.305243 -0.170592 0.00105659
2.405 -0.277846 -0.170592 0.000961529
2.41 -0.250058 -0.170592 0.000865104
2.415 -0.221985 -0.170593 0.000767684
2.42 -0.193674 -0.170593 0.000669434
2.425 -0.165138 -0.170593 0.000570395
2.43 -0.136362 -0.170593 0.000470521
2.435 -0.10731 -0.170594 0.000369682
2.44 -0.0779221 -0.170595 0.000267676
2.445 -0.0481211 -0.170595 0.000164232
2.45 -0.0178141 -0.170596 5.9029e-05
2.455 0.0130955 -0.170597 -4.8268e-05
2.46 0.0446922 -0.170598 -0.000157953
2.465 0.0770298 -0.1706 -0.000270208
2.47 0.110119 -0.170604 -0.000385073
2.475 0.143928 -0.170612 -0.000502433
2.48 0.17839 -0.170635 -0.000622057
2.485 0.213408 -0.170685 -0.000743608
2.49 0.248869 -0.170781 -0.000866613
2.495 0.284629 -0.170902 -0.000990582
2.5 0.320516 -0.171023 -0.00111496
2.505 0.356324 -0.171142 -0.00123905
2.51 0.391829 -0.17126 -0.00136206
2.515 0.426808 -0.171376 -0.00148323
2.52 0.461059 -0.171489 -0.00160186
2.525 0.494411 -0.1716 -0.00171734
2.53 0.526722 -0.171707 -0.0018292
2.535 0.557876 -0.171812 -0.00193704
2.54 0.587766 -0.171912 -0.00204048
2.545 0.616293 -0.172009 -0.00213919
2.55 0.643368 -0.172101 -0.00223286
2.555 0.66892 -0.172188 -0.00232125
2.56 0.692905 -0.172271 -0.00240421
2.565 0.7153 -0.172348 -0.00248165
2.57 0.736105 -0.172421 -0.00255359
2.575 0.755355 -0.172488 -0.00262014
2.58 0.773123 -0.17255 -0.00268157
2.585 0.789534 -0.172608 -0.00273829
2.59 0.804757 -0.172662 -0.00279091
2.595 0.818995 -0.172713 -0.00284011
2.6 0.832455 -0.172761 -0.00288663
2.605 0.845319 -0.172807 -0.00293108
2.61 0.857704 -0.172851 -0.00297387
2.615 0.869644 -0.172894 -0.00301513
2.62 0.881098 -0.172935 -0.0030547
2.625 0.891963 -0.172974 -0.00309223
2.63 0.902108 -0.173011 -0.00312728
2.635 0.911386 -0.173044 -0.00315933
2.64 0.919649 -0.173075 -0.00318787
2.645 0.926745 -0.1731 -0.00321238
2.65 0.932512 -0.173121 -0.00323229
2.655 0.936781 -0.173137 -0.00324704
2.66 0.939379 -0.173147 -0.00325601
2.665 0.940144 -0.17315 -0.00325865
2.67 0.938932 -0.173146 -0.00325446
2.675 0.93564 -0.173143 -0.00324304
2.68 0.930224 -0.173144 -0.00322423
2.685 0.922728 -0.173145 -0.00319821
2.69 0.913319 -0.173146 -0.00316556
2.695 0.902302 -0.173147 -0.00312734
2.7 0.8901 -0.173147 -0.00308503
2.705 0.877215 -0.173148 -0.00304037
2.71 0.864159 -0.173148 -0.00299512
2.715 0.851389 -0.173148 -0.00295087
2.72 0.839267 -0.173148 -0.00290886
2.725 0.828038 -0.173149 -0.00286995
2.73 0.817825 -0.173149 -0.00283456
2.735 0.808641 -0.173149 -0.00280274
2.74 0.8004 -0.173149 -0.00277418
2.745 0.792943 -0.173149 -0.00274833
2.75 0.786067 -0.173149 -0.0027245
2.755 0.779567 -0.173149 -0.00270197
2.76 0.773268 -0.173149 -0.00268014
2.765 0.767046 -0.173149 -0.00265857
2.77 0.760828 -0.173149 -0.00263701
2.775 0.754589 -0.173149 -0.00261539
2.78 0.748342 -0.173149 -0.00259373
2.785 0.742119 -0.173149 -0.00257215
2.79 0.73597 -0.173149 -0.00255083
2.795 0.729953 -0.173149 -0.00252997
2.8 0.724133 -0.173149 -0.00250979
2.805 0.718577 -0.173149 -0.00249053
2.81 0.71336 -0.173149 -0.00247244
2.815 0.708562 -0.173149 -0.0024558
2.82 0.704278 -0.173149 -0.00244094
2.825 0.700625 -0.173149 -0.00242828
2.83 0.697749 -0.173149 -0.0024183
2.835 0.695817 -0.173149 -0.0024116
2.84 0.695009 -0.173149 -0.0024088
2.845 0.695502 -0.173149 -0.00241051
2.85 0.697467 -0.173149 -0.00241733
2.855 0.701062 -0.173149 -0.00242981
2.86 0.706437 -0.173149 -0.00244847
2.865 0.713723 -0.173149 -0.00247377
2.87 0.72302 -0.173149 -0.00250603
2.875 0.734386 -0.173148 -0.00254545
2.88 0.747844 -0.173147 -0.00259211
2.885 0.763404 -0.173147 -0.00264604
2.89 0.781093 -0.173146 -0.00270734
2.895 0.800976 -0.173145 -0.00277623
2.9 0.823155 -0.173144 -0.00285309
2.905 0.84776 -0.173144 -0.00293836
2.91 0.87491 -0.173144 -0.00303248
2.915 0.904694 -0.173144 -0.00313578
2.92 0.937154 -0.173144 -0.00324839
2.925 0.972282 -0.173156 -0.00337023
2.93 1.01003 -0.173254 -0.00350074
2.935 1.05034 -0.173433 -0.00363976
2.94 1.09315 -0.173617 -0.00378739
2.945 1.13842 -0.173808 -0.00394351
2.95 1.18618 -0.174007 -0.00410817
2.955 1.2365 -0.174216 -0.00428166
2.96 1.28954 -0.174435 -0.00446443
2.965 1.34549 -0.174662 -0.00465681
2.97 1.40458 -0.174898 -0.00485945
2.975 1.46702 -0.175127 -0.00507174
2.98 1.53301 -0.175349 -0.00529435
2.985 1.60268 -0.175587 -0.00552925
2.99 1.6761 -0.175798 -0.00577433
2.995 1.75327 -0.175982 -0.00602955
3 1.83418 -0.176148 -0.00629581
3.005 1.91876 -0.176208 -0.00656947
3.01 2.00697 -0.176195 -0.00685146
3.015 2.09873 -0.176192 -0.00714482
3.02 2.19396 -0.176107 -0.00744619
3.025 2.29256 -0.175947 -0.0077554
3.03 2.39443 -0.175801 -0.00807499
3.035 2.49946 -0.175595 -0.00840283
3.04 2.60752 -0.175317 -0.0087378
3.045 2.71846 -0.175026 -0.00908038
3.05 2.83215 -0.174683 -0.00942819
3.055 2.94845 -0.174289 -0.00978109
3.06 3.06723 -0.173792 -0.010138
3.065 3.18837 -0.173175 -0.0104972
3.07 3.31174 -0.172475 -0.0108585
3.075 3.43723 -0.171654 -0.0112198
3.08 3.56474 -0.170673 -0.0115792
3.085 3.69417 -0.169584 -0.0119396
3.09 3.82548 -0.168398 -0.0123022
3.095 3.95863 -0.167058 -0.012664
3.1 4.09363 -0.165624 -0.013027
3.105 4.23049 -0.164158 -0.0133932
3.11 4.36922 -0.16263 -0.0137635
3.115 4.50981 -0.161038 -0.0141367
3.12 4.65222 -0.159433 -0.014511
3.125 4.79643 -0.157788 -0.0148834
3.13 4.94236 -0.156099 -0.0152493
3.135 5.08998 -0.154375 -0.0156102
3.14 5.23925 -0.152593 -0.0159645
3.145 5.39014 -0.150883 -0.0162977
3.15 5.54264 -0.14932 -0.0166132
3.155 5.69676 -0.147865 -0.016925
3.16 5.85253 -0.146536 -0.017232
3.165 6.00997 -0.145262 -0.0175356
3.17 6.16912 -0.144005 -0.0178407
3.175 6.32998 -0.142722 -0.018152
3.18 6.49253 -0.141416 -0.01847
3.185 6.65673 -0.139999 -0.0188057
3.19 6.82246 -0.138441 -0.0191588
3.195 6.98961 -0.136899 -0.0195149
3.2 7.15802 -0.135289 -0.0198802
3.205 7.32758 -0.133612 -0.0202538
3.21 7.49818 -0.131964 -0.0206288
3.215 7.66974 -0.130347 -0.0210051
3.22 7.84222 -0.128768 -0.0213825
3.225 8.01562 -0.127235 -0.0217609
3.23 8.18992 -0.125682 -0.0221435
3.235 8.3651 -0.1241 -0.0225302
3.24 8.5411 -0.122553 -0.0229181
3.245 8.71783 -0.121047 -0.023307
3.25 8.8952 -0.119591 -0.0236965
3.255 9.07303 -0.118197 -0.0240863
3.26 9.25117 -0.11686 -0.0244767
3.265 9.42941 -0.115442 -0.0248747
3.27 9.60757 -0.11401 -0.0252788
3.275 9.78545 -0.112546 -0.0256866
3.28 9.96292 -0.110932 -0.0260992
3.285 10.1398 -0.109311 -0.0265105
3.29 10.316 -0.107717 -0.0269197
3.295 10.4914 -0.106153 -0.0273264
3.3 10.6657 -0.104622 -0.0277305
3.305 10.8389 -0.103171 -0.0281311
3.31 11.0106 -0.101794 -0.0285279
3.315 11.1805 -0.100452 -0.0289204
3.32 11.3484 -0.0991488 -0.0293079
3.325 11.5137 -0.0978904 -0.0296894
3.33 11.676 -0.0966821 -0.0300638
3.335 11.8348 -0.0955296 -0.0304298
3.34 11.9894 -0.0944389 -0.0307861
3.345 12.1393 -0.093416 -0.0311314
3.35 12.2838 -0.0924794 -0.0314642
3.355 12.4224 -0.0917267 -0.0317827
3.36 12.5546 -0.0911357 -0.0320858
3.365 12.6796 -0.0906048 -0.0323727
3.37 12.7972 -0.0901375 -0.0326422
3.375 12.9067 -0.0897342 -0.0328933
3.38 13.008 -0.0893944 -0.0331252
3.385 13.1005 -0.0891167 -0.033337
3.39 13.184 -0.0891219 -0.0335275
3.395 13.2581 -0.0895081 -0.0336956
3.4 13.3224 -0.0898611 -0.0338418
3.405 13.3768 -0.0901101 -0.0339658
3.41 13.4208 -0.0904574 -0.0340659
3.415 13.4542 -0.0908761 -0.0341416
3.42 13.4769 -0.0912612 -0.0341926
3.425 13.4885 -0.0914129 -0.034219
3.43 13.4891 -0.0913974 -0.0342203
3.435 13.4784 -0.0914792 -0.0341953
3.44 13.4566 -0.0917506 -0.0341416
3.445 13.4235 -0.0922233 -0.0340604
3.45 13.3792 -0.092888 -0.0339536
3.455 13.3239 -0.0937309 -0.0338205
3.46 13.2575 -0.0947509 -0.0336611
3.465 13.1801 -0.0959378 -0.0334753
3.47 13.0919 -0.0972932 -0.0332636
3.475 12.993 -0.0988185 -0.0330261
3.48 12.8835 -0.100493 -0.0327631
3.485 12.7635 -0.102132 -0.0324734
3.49 12.6332 -0.10376 -0.0321573
3.495 12.4928 -0.105544 -0.0318171
3.5 12.3425 -0.10746 -0.0314532
3.505 12.1824 -0.109511 -0.0310659
3.51 12.0129 -0.111696 -0.0306556
3.515 11.834 -0.114013 -0.0302228
3.52 11.6461 -0.116482 -0.0297684
3.525 11.4492 -0.119104 -0.0292929
3.53 11.2437 -0.121885 -0.0287966
3.535 11.0298 -0.124899 -0.028281
3.54 10.8076 -0.128135 -0.0277465
3.545 10.5773 -0.131534 -0.027193
3.55 10.339 -0.134818 -0.0266175
3.555 10.0931 -0.137977 -0.0260206
3.56 9.83968 -0.141272 -0.0254058
3.565 9.57889 -0.144705 -0.0247736
3.57 9.31098 -0.148285 -0.0241246
3.575 9.03615 -0.152094 -0.0234609
3.58 8.75464 -0.156027 -0.0227816
3.585 8.46672 -0.159788 -0.0220833
3.59 8.17266 -0.163495 -0.0213681
3.595 7.87275 -0.167409 -0.0206399
3.6 7.56729 -0.171565 -0.0198994
3.605 7.25652 -0.175979 -0.0191474
3.61 6.94068 -0.180721 -0.0183857
3.615 6.61996 -0.185664 -0.0176128
3.62 6.29453 -0.190818 -0.0168285
3.625 5.96451 -0.195508 -0.0160253
3.63 5.63006 -0.198724 -0.0151938
3.635 5.2913 -0.201634 -0.0143421
3.64 4.9484 -0.204409 -0.0134622
3.645 4.60155 -0.20651 -0.0125565
3.65 4.25097 -0.208206 -0.0116304
3.655 3.89687 -0.209175 -0.0106715
3.66 3.53946 -0.209687 -0.00968605
3.665 3.17894 -0.209819 -0.00867444
3.67 2.81544 -0.209454 -0.00763124
3.675 2.44913 -0.208679 -0.00656018
3.68 2.08011 -0.207774 -0.00547508
3.685 1.7085 -0.206996 -0.00438715
3.69 1.33437 -0.206189 -0.00328552
3.695 0.957757 -0.205205 -0.00215603
3.7 0.578664 -0.204178 -0.00100485
3.705 0.197061 -0.203202 0.000176597
3.71 -0.187082 -0.202433 0.00141492
3.715 -0.57379 -0.201755 0.002679
3.72 -0.963075 -0.200467 0.00391447
3.725 -1.35493 -0.198417 0.00511632
3.73 -1.74933 -0.195927 0.00629927
3.735 -2.14619 -0.193136 0.00746848
3.74 -2.54542 -0.189931 0.00862069
3.745 -2.94688 -0.186299 0.00975443
3.75 -3.35041 -0.182232 0.01087
3.755 -3.75584 -0.177795 0.0119719
3.76 -4.16295 -0.173055 0.0130722
3.765 -4.57151 -0.167908 0.0141599
3.77 -4.98127 -0.162553 0.0151981
3.775 -5.39198 -0.157521 0.0161195
3.78 -5.80333 -0.153677 0.0169086
3.785 -6.21501 -0.150539 0.017658
3.79 -6.62663 -0.147209 0.0184541
3.795 -7.03778 -0.143706 0.0192999
3.8 -7.44804 -0.139979 0.020175
3.805 -7.85693 -0.136264 0.021063
3.81 -8.26396 -0.132656 0.0219521
3.815 -8.66858 -0.129136 0.0228409
3.82 -9.07017 -0.12587 0.0237218
3.825 -9.46804 -0.122731 0.0246091
3.83 -9.86143 -0.119419 0.0255135
3.835 -10.2496 -0.116038 0.0264171
3.84 -10.6316 -0.112939 0.027304
3.845 -11.0069 -0.110125 0.028173
3.85 -11.3746 -0.107521 0.0290233
3.855 -11.734 -0.105204 0.0298532
3.86 -12.0846 -0.103509 0.0306601
3.865 -12.4256 -0.102457 0.0314426
3.87 -12.7565 -0.101898 0.0322004
3.875 -13.0768 -0.101631 0.0329336
3.88 -13.386 -0.10163 0.0336413
3.885 -13.6836 -0.101751 0.0343215
3.89 -13.9692 0.355375 0.0364128
