0.1 -1.09564e-31 200 1.96509e-14
0.2 -2.33737e-31 400 -7.59393e-14
0.3 -4.74777e-31 600 1.59872e-14
0.4 0 800 -1.40332e-13
0.5 2.92171e-31 1000 8.77076e-14
0.6 -2.92171e-31 1200 -1.96732e-13
0.7 -7.0121e-31 1400 5.71099e-13
0.8 2.10363e-30 1600 8.56426e-13
0.9 -4.67473e-31 1800 -2.25597e-13
1 -3.50605e-31 2000 -3.37952e-13
0.005 1.1777e-05 2000 -0.00510481
0.01 5.88101e-05 2000 -0.0254386
0.015 0.000152813 2000 -0.0660415
0.02 0.000293772 2000 -0.12693
0.025 0.0004817 2000 -0.208111
0.03 0.000716656 2000 -0.309609
0.035 0.000998715 2000 -0.431456
0.04 0.00132793 2000 -0.573674
0.045 0.0017043 2000 -0.736263
0.05 0.00212772 2000 -0.91918
0.055 0.00259802 2000 -1.12235
0.06 0.00311507 2000 -1.34572
0.065 0.00367896 2000 -1.58931
0.07 0.00429006 2000 -1.85331
0.075 0.00494903 2000 -2.13798
0.08 0.00565669 2000 -2.44369
0.085 0.00641392 2000 -2.77082
0.09 0.0072215 2000 -3.11969
0.095 0.00807978 2000 -3.49047
0.1 0.00898854 2000 -3.88305
0.105 0.00994733 2000 -4.29725
0.11 0.010956 2000 -4.73299
0.115 0.0120153 2000 -5.19062
0.12 0.0131276 2000 -5.67111
0.125 0.0142966 2000 -6.17613
0.13 0.0155268 2000 -6.70757
0.135 0.0168219 2000 -7.26707
0.14 0.0181842 2000 -7.85559
0.145 0.0196143 2000 -8.47338
0.15 0.0211119 2000 -9.12037
0.155 0.0226772 2000 -9.79657
0.16 0.0243114 2000 -10.5025
0.165 0.0260172 2000 -11.2395
0.17 0.0277996 2000 -12.0095
0.175 0.0296643 2000 -12.815
0.18 0.0316173 2000 -13.6587
0.185 0.033664 2000 -14.5429
0.19 0.0358095 2000 -15.4697
0.195 0.0380596 2000 -16.4418
0.2 0.0404215 2000 -17.4621
0.205 0.042906 2000 -18.5354
0.21 0.0455304 2000 -19.6691
0.215 0.0483201 2000 -20.8743
0.22 0.0513044 2000 -22.1635
0.225 0.0545085 2000 -23.5477
0.23 0.057947 2000 -25.0331
0.235 0.0616186 2000 -26.6193
0.24 0.0655065 2000 -28.2989
0.245 0.0695829 2000 -30.0599
0.25 0.073818 2000 -31.8894
0.255 0.0781893 2000 -33.7779
0.26 0.0826885 2000 -35.7215
0.265 0.0873224 2000 -37.7233
0.27 0.0921094 2000 -39.7913
0.275 0.0970731 2000 -41.9357
0.28 0.102237 2000 -44.1665
0.285 0.10762 2000 -46.4921
0.29 0.113239 2000 -48.9193
0.295 0.119105 2000 -51.4536
0.3 0.125234 2000 -54.1012
0.305 0.131641 2000 -56.8692
0.31 0.138349 2000 -59.7668
0.315 0.145382 2000 -62.8053
0.32 0.152771 2000 -65.9975
0.325 0.160544 2000 -69.3555
0.33 0.168724 2000 -72.889
0.335 0.177325 2000 -76.6045
0.34 0.186355 2000 -80.5059
0.345 0.195821 2000 -84.5952
0.35 0.205726 2000 -88.8742
0.355 0.216072 2000 -93.3436
0.36 0.226855 2000 -98.0019
0.365 0.238067 2000 -102.845
0.37 0.249695 2000 -107.869
0.375 0.26173 2000 -113.068
0.38 0.274168 2000 -118.441
0.385 0.287002 2000 -123.986
0.39 0.300215 2000 -129.694
0.395 0.313761 2000 -135.545
0.4 0.327551 2000 -141.503
0.405 0.341453 2000 -147.509
0.41 0.355289 2000 -153.486
0.415 0.368846 2000 -159.343
0.42 0.381903 2000 -164.983
0.425 0.394247 2000 -170.316
0.43 0.405716 2000 -175.27
0.435 0.416234 2000 -179.814
0.44 0.425828 2000 -183.958
0.445 0.434632 2000 -187.762
0.45 0.442873 2000 -191.322
0.455 0.450841 2000 -194.764
0.46 0.458854 2000 -198.225
0.465 0.467212 2000 -201.836
0.47 0.47614 2000 -205.693
0.475 0.485748 2000 -209.844
0.48 0.496017 2000 -214.28
0.485 0.506818 2000 -218.946
0.49 0.517949 2000 -223.754
0.495 0.529163 2000 -228.599
0.5 0.540203 2000 -233.368
0.505 0.550801 2000 -237.946
0.51 0.560673 2000 -242.211
0.515 0.569505 2000 -246.027
0.52 0.576948 2000 -249.242
0.525 0.582631 2000 -251.697
0.53 0.586219 2000 -253.247
0.535 0.587481 2000 -253.792
0.54 0.586194 2000 -253.237
0.545 0.582301 2000 -251.556
0.55 0.576073 2000 -248.865
0.555 0.567882 2000 -245.326
0.56 0.558154 2000 -241.124
0.565 0.547303 2000 -236.436
0.57 0.535663 2000 -231.407
0.575 0.523437 2000 -226.125
0.58 0.510694 2000 -220.62
0.585 0.49743 2000 -214.89
0.59 0.483648 2000 -208.936
0.595 0.46944 2000 -202.798
0.6 0.455026 2000 -196.571
0.605 0.440744 2000 -190.401
0.61 0.426974 2000 -184.452
0.615 0.414039 2000 -178.864
0.62 0.402155 2000 -173.73
0.625 0.391416 2000 -169.091
0.63 0.381796 2000 -164.935
0.635 0.373144 2000 -161.198
0.64 0.365184 2000 -157.759
0.645 0.357515 2000 -154.446
0.65 0.349619 2000 -151.035
0.655 0.340876 2000 -147.258
0.66 0.330585 2000 -142.812
0.665 0.318047 2000 -137.396
0.67 0.302701 2000 -130.766
0.675 0.284251 2000 -122.795
0.68 0.262733 2000 -113.499
0.685 0.238513 2000 -103.035
0.69 0.212223 2000 -91.6766
0.695 0.184695 2000 -79.7824
0.7 0.156861 2000 -67.755
0.705 0.129662 2000 -56.0023
0.71 0.103981 2000 -44.9061
0.715 0.0805304 2000 -34.7747
0.72 0.0598111 2000 -25.8248
0.725 0.0420948 2000 -18.1737
0.73 0.0275425 2000 -11.8897
0.735 0.0162385 1999.99 -7.00842
0.74 0.00821822 1999.99 -3.54505
0.745 0.00337263 1999.99 -1.45293
0.75 0.00144407 2000 -0.620672
0.755 0.00197272 2000 -0.848866
0.76 0.00428562 2000 -1.84769
0.765 0.00745862 2000 -3.21916
0.77 0.0104811 2000 -4.52546
0.775 0.0123256 2000 -5.32273
0.78 0.0120359 2000 -5.19796
0.785 0.00881813 2000 -3.8082
0.79 0.00212754 2000 -0.918184
0.795 -0.00807988 1999.99 3.49532
0.8 -0.0215525 1999.99 9.33123
0.805 -0.0375369 1999.98 16.2419
0.81 -0.0559272 1999.98 24.1778
0.815 -0.0766483 1999.98 33.126
0.82 -0.0994021 1999.98 42.9538
0.825 -0.123866 1999.99 53.5208
0.83 -0.14972 1999.99 64.6889
0.835 -0.176647 1999.99 76.3209
0.84 -0.204332 1999.99 88.2803
0.845 -0.232473 2000 100.437
0.85 -0.260808 2000 112.677
0.855 -0.289142 2000 124.918
0.86 -0.317378 2000 137.115
0.865 -0.345539 2000 149.28
0.87 -0.373768 2000 161.475
0.875 -0.402277 2000 173.791
0.88 -0.431243 2000 186.304
0.885 -0.46071 2000 199.034
0.89 -0.490512 2000 211.908
0.895 -0.520228 2000 224.745
0.9 -0.549223 2000 237.27
0.905 -0.576822 2000 249.192
0.91 -0.602566 2000 260.313
0.915 -0.62642 2000 270.618
0.92 -0.648878 2000 280.319
0.925 -0.670945 2000 289.852
0.93 -0.693936 2000 299.784
0.935 -0.719135 2000 310.669
0.94 -0.747429 2000 322.892
0.945 -0.77909 2000 336.57
0.95 -0.813724 2000 351.532
0.955 -0.850365 2000 367.361
0.96 -0.887642 2000 383.464
0.965 -0.92397 2000 399.158
0.97 -0.957742 2000 413.747
0.975 -0.987496 2000 426.601
0.98 -1.01204 2000 437.203
0.985 -1.03046 2000 445.161
0.99 -1.04208 2000 450.182
0.995 -1.04635 2000 452.026
1 -1.04227 1999.99 450.269
1.005 -1.02879 1999.99 444.447
1.01 -1.00554 1999.99 434.399
1.015 -0.972337 1999.99 420.055
1.02 -0.929219 1999.99 401.426
1.025 -0.876276 1999.99 378.552
1.03 -0.813616 2000 351.479
1.035 -0.741437 2000 320.293
1.04 -0.660119 2000 285.158
1.045 -0.570276 2000 246.338
1.05 -0.472758 2000 204.2
1.055 -0.36859 2000 159.187
1.06 -0.258858 2000 111.769
1.065 -0.144575 2000 62.3851
1.07 -0.0266118 2000 11.4147
1.075 0.0942618 2000 -40.8062
1.08 0.217293 2000 -93.9499
1.085 0.341626 1999.99 -147.645
1.09 0.466195 1999.99 -201.43
1.095 0.588965 1999.96 -254.438
1.1 0.701943 1999.85 -303.337
1.105 0.808852 1999.82 -349.528
1.11 0.911073 1999.85 -393.659
1.115 1.00772 1999.88 -435.393
1.12 1.09824 1999.9 -474.488
1.125 1.18251 1999.92 -510.886
1.13 1.2608 1999.94 -544.698
1.135 1.33365 1999.95 -576.164
1.14 1.40181 1999.96 -605.604
1.145 1.46598 1999.97 -633.322
1.15 1.52656 1999.97 -659.492
1.155 1.58344 1999.98 -684.058
1.16 1.63583 1999.98 -706.692
1.165 1.68244 1999.99 -726.825
1.17 1.72159 1999.99 -743.735
1.175 1.75152 1999.99 -756.662
1.18 1.77066 1999.99 -764.93
1.185 1.7779 1999.99 -768.058
1.19 1.77202 1999.99 -765.525
1.195 1.7522 1999.98 -756.969
1.2 1.71919 1999.98 -742.703
1.205 1.67396 1999.99 -723.16
1.21 1.61749 1999.99 -698.757
1.215 1.55039 1999.99 -669.765
1.22 1.47287 1999.99 -636.267
1.225 1.38493 1999.99 -598.267
1.23 1.28687 2000 -555.893
1.235 1.17971 2000 -509.587
1.24 1.06536 2000 -460.172
1.245 0.946325 2000 -408.741
1.25 0.825319 2000 -356.461
1.255 0.704818 2000 -304.404
1.26 0.586832 2000 -253.439
1.265 0.472802 2000 -204.185
1.27 0.363648 2000 -157.04
1.275 0.259908 2000 -112.233
1.28 0.161904 2000 -69.9046
1.285 0.0698649 2000 -30.1522
1.29 -0.0160307 2000 6.94711
1.295 -0.0957061 2000 41.3602
1.3 -0.169371 2000 73.1777
1.305 -0.237813 2000 102.74
1.31 -0.3026 2000 130.724
1.315 -0.366006 2000 158.112
1.32 -0.430662 2000 186.04
1.325 -0.499028 2000 215.571
1.33 -0.57281 2000 247.441
1.335 -0.65252 2000 281.872
1.34 -0.73724 2000 318.466
1.345 -0.824689 2000 356.24
1.35 -0.91155 1999.99 393.763
1.355 -0.994055 1999.98 429.406
1.36 -1.06826 1999.96 461.479
1.365 -1.12942 1999.92 487.938
1.37 -1.17925 1999.91 509.439
1.375 -1.21848 1999.93 526.389
1.38 -1.24744 1999.94 538.896
1.385 -1.26669 1999.95 547.214
1.39 -1.27712 1999.96 551.717
1.395 -1.27965 1999.97 552.81
1.4 -1.27448 1999.97 550.587
1.405 -1.26213 1999.97 545.255
1.41 -1.24354 1999.97 537.221
1.415 -1.22 1999.98 527.049
1.42 -1.19343 1999.98 515.568
1.425 -1.16637 1999.99 503.878
1.43 -1.14181 1999.99 493.264
1.435 -1.12274 1999.99 485.024
1.44 -1.11182 1999.99 480.309
1.445 -1.11109 1999.99 479.99
1.45 -1.12181 2000 484.623
1.455 -1.1445 2000 494.424
1.46 -1.17899 2000 509.324
1.465 -1.22453 2000 529.005
1.47 -1.27981 2000 552.877
1.475 -1.33688 1999.95 577.573
1.48 -1.39814 1999.95 604.047
1.485 -1.46136 1999.96 631.357
1.49 -1.52343 1999.97 658.168
1.495 -1.58139 1999.97 683.201
1.5 -1.63309 1999.98 705.529
1.505 -1.67773 1999.98 724.807
1.51 -1.71613 1999.99 741.39
1.515 -1.75059 1999.99 756.273
1.52 -1.78444 1999.99 770.892
1.525 -1.82139 1999.99 786.852
1.53 -1.86503 2000 805.702
1.535 -1.91841 2000 828.762
1.54 -1.98381 2000 857.014
1.545 -2.06255 2000 891.026
1.55 -2.15494 2000 930.939
1.555 -2.26048 2000 976.529
1.56 -2.37809 2000 1027.33
1.565 -2.50643 2000 1082.78
1.57 -2.64407 2000 1142.24
1.575 -2.78942 2000 1205.03
1.58 -2.9405 2000 1270.3
1.585 -3.09476 2000 1336.94
1.59 -3.24896 2000 1403.55
1.595 -3.39932 2000 1468.51
1.6 -3.54185 2000 1530.08
1.605 -3.67274 2000 1586.63
1.61 -3.78862 2000 1636.69
1.615 -3.88672 2000 1679.07
1.62 -3.9648 2000 1712.8
1.625 -4.02105 2000 1737.1
1.63 -4.05398 2000 1751.32
1.635 -4.06239 2000 1754.95
1.64 -4.04284 1999.96 1746.54
1.645 -3.99407 1999.94 1725.49
1.65 -3.9171 1999.95 1692.22
1.655 -3.81399 1999.96 1647.66
1.66 -3.68796 1999.97 1593.19
1.665 -3.54293 1999.98 1530.5
1.67 -3.38308 1999.98 1461.41
1.675 -3.21262 1999.99 1387.75
1.68 -3.03563 1999.99 1311.27
1.685 -2.85597 1999.99 1233.66
1.69 -2.67722 1999.99 1156.44
1.695 -2.5025 1999.99 1080.97
1.7 -2.33413 1999.99 1008.25
1.705 -2.17334 2000 938.807
1.71 -2.02013 2000 872.633
1.715 -1.87355 2000 809.326
1.72 -1.73234 2000 748.333
1.725 -1.59539 2000 689.182
1.73 -1.46194 2000 631.54
1.735 -1.3314 2000 575.155
1.74 -1.20324 2000 519.796
1.745 -1.077 2000 465.264
1.75 -0.952416 2000 411.448
1.755 -0.829407 2000 358.312
1.76 -0.707857 2000 305.805
1.765 -0.587352 2000 253.75
1.77 -0.466988 2000 201.755
1.775 -0.345392 2000 149.228
1.78 -0.221065 2000 95.5207
1.785 -0.0929894 2000 40.1945
1.79 0.0387631 2000 -16.7202
1.795 0.172721 2000 -74.5877
1.8 0.306152 2000 -132.228
1.805 0.435609 2000 -188.152
1.81 0.557683 2000 -240.887
1.815 0.669516 2000 -289.2
1.82 0.768918 2000 -332.143
1.825 0.854287 2000 -369.025
1.83 0.924676 2000 -399.436
1.835 0.979931 2000 -423.309
1.84 1.02095 2000 -441.035
1.845 1.04988 2000 -453.534
1.85 1.06993 2000 -462.198
1.855 1.08491 2000 -468.67
1.86 1.09851 2000 -474.55
1.865 1.11373 2000 -481.127
1.87 1.13261 2000 -489.282
1.875 1.15638 2000 -499.553
1.88 1.18568 2000 -512.21
1.885 1.22061 2000 -527.298
1.89 1.26078 2000 -544.653
1.895 1.30546 2000 -563.953
1.9 1.35369 2000 -584.791
1.905 1.40465 2000 -606.804
1.91 1.458 2000 -629.853
1.915 1.51388 2000 -653.991
1.92 1.57259 1999.99 -679.357
1.925 1.63428 1999.99 -706.005
1.93 1.6988 1999.98 -733.88
1.935 1.76596 1999.97 -762.899
1.94 1.83636 1999.97 -793.313
1.945 1.91004 1999.95 -825.183
1.95 1.98754 1999.92 -858.721
1.955 2.07603 1999.92 -896.938
1.96 2.17926 1999.94 -941.516
1.965 2.30032 1999.95 -993.797
1.97 2.44133 1999.96 -1054.71
1.975 2.60356 1999.97 -1124.78
1.98 2.7875 1999.97 -1204.24
1.985 2.9929 1999.98 -1292.97
1.99 3.21893 1999.98 -1390.61
1.995 3.46434 1999.98 -1496.63
2 3.72791 1999.98 -1610.5
2.005 4.0087 1999.98 -1731.81
2.01 4.30619 1999.98 -1860.33
2.015 4.62 1999.98 -1995.9
2.02 4.94942 1999.98 -2138.22
2.025 5.2931 1999.98 -2286.7
2.03 5.64867 1999.98 -2440.32
2.035 6.01278 1999.98 -2597.63
2.04 6.38126 1999.98 -2756.82
2.045 6.74935 1999.98 -2915.85
2.05 7.11205 1999.98 -3072.54
2.055 7.46436 1999.98 -3224.74
2.06 7.80191 1999.98 -3370.57
2.065 8.12162 1999.98 -3508.68
2.07 8.42233 1999.98 -3638.58
2.075 8.70472 1999.98 -3760.57
2.08 8.97048 1999.98 -3875.37
2.085 9.22121 1999.98 -3983.68
2.09 9.45762 1999.98 -4085.8
2.095 9.67937 1999.99 -4181.59
2.1 9.88549 1999.99 -4270.62
2.105 10.0752 1999.99 -4352.57
2.11 10.2485 1999.99 -4427.44
2.115 10.4064 1999.99 -4495.65
2.12 10.5508 1999.99 -4558
2.125 10.6838 1999.99 -4615.48
2.13 10.808 1999.99 -4669.11
2.135 10.9255 1999.99 -4719.88
2.14 11.0383 1999.99 -4768.6
2.145 11.1481 2000 -4816.03
2.15 11.2563 2000 -4862.74
2.155 11.3636 2000 -4909.1
2.16 11.47 2000 -4955.05
2.165 11.5741 2000 -5000.02
2.17 11.6734 2000 -5042.92
2.175 11.7649 2000 -5082.46
2.18 11.8461 2000 -5117.55
2.185 11.9155 2000 -5147.51
2.19 11.9726 2000 -5172.17
2.195 12.0176 2000 -5191.6
2.2 12.0507 2000 -5205.93
2.205 12.0721 2000 -5215.16
2.21 12.0812 2000 -5219.1
2.215 12.0767 1999.99 -5217.17
2.22 12.0563 1999.98 -5208.36
2.225 12.0198 1999.98 -5192.56
2.23 11.967 1999.99 -5169.77
2.235 11.8983 1999.99 -5140.06
2.24 11.8137 1999.99 -5103.51
2.245 11.7139 1999.99 -5060.38
2.25 11.6002 1999.99 -5011.23
2.255 11.4749 2000 -4957.09
2.26 11.3414 2000 -4899.41
2.265 11.2036 2000 -4839.87
2.27 11.0649 2000 -4779.94
2.275 10.9275 2000 -4720.59
2.28 10.7921 2000 -4662.13
2.285 10.6585 2000 -4604.42
2.29 10.526 2000 -4547.17
2.295 10.3939 2000 -4490.13
2.3 10.2621 2000 -4433.18
2.305 10.1301 2000 -4376.16
2.31 9.99721 2000 -4318.77
2.315 9.86221 2000 -4260.46
2.32 9.72327 2000 -4200.44
2.325 9.5783 2000 -4137.82
2.33 9.4251 2000 -4071.64
2.335 9.26131 2000 -4000.89
2.34 9.08402 2000 -3924.31
2.345 8.88933 2000 -3840.21
2.35 8.6725 2000 -3746.54
2.355 8.4285 2000 -3641.15
2.36 8.153 2000 -3522.14
2.365 7.84299 2000 -3388.23
2.37 7.49714 2000 -3238.84
2.375 7.11569 2000 -3074.06
2.38 6.70036 2000 -2894.66
2.385 6.25436 2000 -2702
2.39 5.78213 2000 -2498.01
2.395 5.28891 2000 -2284.95
2.4 4.78012 2000 -2065.15
2.405 4.26052 2000 -1840.69
2.41 3.73359 2000 -1613.06
2.415 3.20133 2000 -1383.12
2.42 2.66463 2000 -1151.26
2.425 2.12372 2000 -917.579
2.43 1.57831 2000 -681.957
2.435 1.0277 2000 -444.085
2.44 0.470769 2000 -203.484
2.445 -0.0939678 2000 40.4899
2.45 -0.668203 2000 288.574
2.455 -1.25382 1999.99 541.565
2.46 -1.85237 1999.99 800.15
2.465 -2.46466 1999.97 1064.66
2.47 -3.09045 1999.94 1335.01
2.475 -3.72666 1999.85 1609.9
2.48 -4.36644 1999.66 1886.33
2.485 -4.97584 1999.18 2149.86
2.49 -5.57853 1999.06 2410.61
2.495 -6.18595 1999.23 2672.97
2.5 -6.79457 1999.37 2935.86
2.505 -7.40091 1999.48 3197.78
2.51 -8.00117 1999.57 3457.07
2.515 -8.59162 1999.64 3712.13
2.52 -9.16888 1999.7 3961.49
2.525 -9.73012 1999.75 4203.93
2.53 -10.273 1999.79 4438.45
2.535 -10.7958 1999.82 4664.24
2.54 -11.2966 1999.84 4880.57
2.545 -11.7739 1999.87 5086.76
2.55 -12.2264 1999.88 5282.2
2.555 -12.6528 1999.9 5466.41
2.56 -13.0527 1999.91 5639.12
2.565 -13.4257 1999.93 5800.21
2.57 -13.7718 1999.94 5949.71
2.575 -14.0917 1999.94 6087.9
2.58 -14.3868 1999.95 6215.35
2.585 -14.6591 1999.96 6332.96
2.59 -14.9115 1999.96 6441.97
2.595 -15.1474 1999.97 6543.86
2.6 -15.3703 1999.97 6640.11
2.605 -15.5831 1999.98 6732.05
2.61 -15.7879 1999.98 6820.5
2.615 -15.9852 1999.98 6905.73
2.62 -16.1744 1999.98 6987.44
2.625 -16.3537 1999.99 7064.9
2.63 -16.5211 1999.99 7137.2
2.635 -16.6741 1999.99 7203.28
2.64 -16.8103 1999.99 7262.11
2.645 -16.9272 1999.99 7312.61
2.65 -17.0222 1999.99 7353.65
2.655 -17.0925 1999.99 7384.01
2.66 -17.1353 2000 7402.49
2.665 -17.1479 2000 7407.93
2.67 -17.1239 1999.94 7397.63
2.675 -17.0592 1999.91 7369.75
2.68 -16.9534 1999.93 7324.02
2.685 -16.8074 1999.94 7260.88
2.69 -16.6247 1999.95 7181.86
2.695 -16.4113 1999.96 7089.65
2.7 -16.1758 1999.97 6987.86
2.705 -15.9278 1999.98 6880.69
2.71 -15.677 1999.98 6772.36
2.715 -15.4322 1999.98 6666.63
2.72 -15.2002 1999.99 6566.4
2.725 -14.9855 1999.99 6473.67
2.73 -14.7904 1999.99 6389.42
2.735 -14.6152 1999.99 6313.72
2.74 -14.458 1999.99 6245.83
2.745 -14.3158 2000 6184.42
2.75 -14.1848 2000 6127.82
2.755 -14.061 2000 6074.34
2.76 -13.941 2000 6022.53
2.765 -13.8226 2000 5971.36
2.77 -13.7042 2000 5920.23
2.775 -13.5855 2000 5868.96
2.78 -13.4667 2000 5817.62
2.785 -13.3483 2000 5766.49
2.79 -13.2314 2000 5715.98
2.795 -13.117 2000 5666.56
2.8 -13.0064 2000 5618.76
2.805 -12.9008 2000 5573.15
2.81 -12.8016 2000 5530.32
2.815 -12.7105 2000 5490.93
2.82 -12.6291 2000 5455.76
2.825 -12.5597 2000 5425.79
2.83 -12.505 2000 5402.19
2.835 -12.4683 2000 5386.33
2.84 -12.453 2000 5379.7
2.845 -12.4627 2000 5383.88
2.85 -12.5012 2000 5400.51
2.855 -12.5716 2000 5430.91
2.86 -12.6766 2000 5476.3
2.865 -12.8187 2000 5537.71
2.87 -12.9994 2000 5615.84
2.875 -13.2196 2000 5710.99
2.88 -13.4793 2000 5823.21
2.885 -13.7784 2000 5952.48
2.89 -14.1175 2000 6098.96
2.895 -14.4977 2000 6263.15
2.9 -14.9209 2000 6445.9
2.905 -15.3896 1999.99 6648.28
2.91 -15.9062 1999.99 6871.32
2.915 -16.4723 1999.99 7115.74
2.92 -17.0886 1999.99 7381.9
2.925 -17.6689 1998.73 7635.66
2.93 -18.287 1998.25 7903.87
2.935 -18.9491 1998.57 8189.25
2.94 -19.6503 1998.84 8491.65
2.945 -20.3898 1999.04 8810.74
2.95 -21.1678 1999.21 9146.53
2.955 -21.9853 1999.34 9499.49
2.96 -22.8389 1999.46 9868.89
2.965 -23.7294 1999.57 10254.5
2.97 -24.6434 1999.75 10652.9
2.975 -25.5754 1999.95 11059.9
2.98 -26.5796 1999.91 11491.9
2.985 -27.5923 2000.12 11932.9
2.99 -28.6018 2000.4 12374
2.995 -29.6402 2000.59 12823.7
3 -30.5648 2001.81 13237.5
3.005 -31.5357 2002.14 13661.4
3.01 -32.5795 2001.65 14105.5
3.015 -33.5684 2002.02 14534.9
3.02 -34.5277 2002.28 14952.1
3.025 -35.5416 2001.75 15384.1
3.03 -36.5718 2001.39 15824.8
3.035 -37.5322 2001.62 16240.2
3.04 -38.4963 2001.39 16656.4
3.045 -39.4524 2001.31 17071.6
3.05 -40.3862 2001.32 17478
3.055 -41.2659 2002.06 17861.9
3.06 -42.1052 2002.54 18231.1
3.065 -42.8963 2002.79 18581.5
3.07 -43.6699 2002.93 18921.2
3.075 -44.4112 2002.87 19243.1
3.08 -45.0766 2002.87 19532.8
3.085 -45.6987 2003.09 19799.9
3.09 -46.2629 2003.46 20045.1
3.095 -46.794 2003.2 20272.2
3.1 -47.2983 2002.68 20485.5
3.105 -47.784 2002.54 20686.7
3.11 -48.2218 2002.41 20872
3.115 -48.612 2001.85 21043.3
3.12 -48.9574 2001.49 21198.4
3.125 -49.139 2001.06 21304
3.13 -49.3187 2000.63 21391.7
3.135 -49.4445 2000.7 21449.4
3.14 -49.2338 1999.55 21409
3.145 -48.8341 1997.7 21276.3
3.15 -48.493 1997.24 21114.4
3.155 -47.9957 1996.32 20898.6
3.16 -47.4639 1996.66 20659.4
3.165 -46.9132 1996.9 20401.5
3.17 -46.3766 1997.74 20136.2
3.175 -45.7431 1997.88 19845.2
3.18 -45.4427 1999.57 19647
3.185 -45.145 2000.65 19478.1
3.19 -44.7285 2000.33 19303.6
3.195 -44.3215 1999.99 19128.4
3.2 -44.0887 2000.49 19013.4
3.205 -43.7903 2000.15 18892.8
3.21 -43.4874 1999.85 18768.7
3.215 -43.1785 1999.57 18640.9
3.22 -42.8617 1999.31 18508.9
3.225 -42.5336 1998.92 18371.5
3.23 -42.2991 1999.29 18263.9
3.235 -42.0313 1999.15 18151.8
3.24 -41.7571 1999.01 18036.4
3.245 -41.4751 1998.85 17917.2
3.25 -41.1841 1998.66 17794
3.255 -40.8825 1998.45 17666
3.26 -40.7564 1999.46 17585.6
3.265 -40.6491 1999.65 17525.6
3.27 -40.5387 1999.55 17478
3.275 -40.5518 2000.36 17473.7
3.28 -40.5324 2000.39 17472.3
3.285 -40.5078 2000.21 17469.7
3.29 -40.4862 2000.06 17466.6
3.295 -40.4663 1999.93 17463.1
3.3 -40.4415 1999.66 17457.4
3.305 -40.4128 1999.4 17449.2
3.31 -40.3902 1999.4 17441.6
3.315 -40.3675 1999.4 17433.6
3.32 -40.3446 1999.39 17425.2
3.325 -40.3213 1999.37 17416.3
3.33 -40.2975 1999.35 17407
3.335 -40.273 1999.32 17397.2
3.34 -40.2479 1999.29 17387.1
3.345 -40.222 1999.26 17376.5
3.35 -40.1797 1998.63 17360.8
3.355 -40.1413 1998.39 17345.3
3.36 -40.1088 1998.57 17330.9
3.365 -40.0762 1998.71 17316.5
3.37 -40.044 1998.83 17302.2
3.375 -40.0124 1998.93 17288.4
3.38 -39.9818 1999.02 17274.9
3.385 -39.9521 1999.08 17261.9
3.39 -39.9027 1998.36 17242.4
3.395 -39.8813 1999.03 17229.6
3.4 -39.8564 1999.33 17217.1
3.405 -39.828 1999.24 17205.4
3.41 -39.8011 1999.19 17194.3
3.415 -39.7764 1999.17 17184
3.42 -39.7655 1999.83 17178.5
3.425 -39.7617 2000.23 17176.4
3.43 -39.7603 2000.14 17176.1
3.435 -39.6946 1999.69 17157.5
3.44 -39.6547 1999.41 17140
3.445 -39.6257 1999.35 17122
3.45 -39.5776 1999.37 17099.8
3.455 -39.5162 1999.42 17072.7
3.46 -39.443 1999.52 17040.7
3.465 -39.3573 1999.58 17003.3
3.47 -39.2593 1999.63 16960.8
3.475 -39.1496 1999.65 16913.3
3.48 -39.0194 2000.93 16858.7
3.485 -38.8545 2001.63 16789.1
3.49 -38.6675 2001.22 16706.7
3.495 -38.4679 2001 16619.2
3.5 -38.252 2000.77 16525.7
3.505 -38.0231 2000.59 16426.7
3.51 -37.7817 2000.43 16322.3
3.515 -37.5296 2000.11 16213
3.52 -37.2681 1999.89 16099.7
3.525 -36.9964 1999.63 15982.4
3.53 -36.7207 1999.08 15862.6
3.535 -36.4489 1998.63 15744.3
3.54 -36.1766 1998.59 15626.6
3.545 -35.896 1998.79 15506
3.55 -35.5463 2000.48 15359.5
3.555 -35.1763 2000.17 15198.8
3.56 -34.7991 1999.9 15035
3.565 -34.4154 1999.66 14868.6
3.57 -34.0332 1999.01 14701.7
3.575 -33.6592 1998.48 14537.2
3.58 -33.2058 2001.5 14351.9
3.585 -32.738 2002.14 14152.4
3.59 -32.2619 2001.19 13944.2
3.595 -31.795 1999.72 13739.6
3.6 -31.3267 1998.82 13536.1
3.605 -30.8801 1997.9 13340.3
3.61 -30.4648 1996.78 13157.7
3.615 -30.0212 1996.46 12967.5
3.62 -29.4545 1998.23 12740.6
3.625 -28.7591 2001.02 12456.9
3.63 -27.728 2000.21 12038
3.635 -26.5496 1999.46 11554.3
3.64 -25.0834 2004.48 10944.5
3.645 -23.2401 2009.33 10178.6
3.65 -21.1932 2012.91 9322.12
3.655 -18.8064 2014.39 8308.41
3.66 -15.8778 2017.56 7094.33
3.665 -12.7606 2019.31 5781.77
3.67 -9.43129 2019.32 4350.56
3.675 -5.97546 2017.4 2832.93
3.68 -2.61404 2013.4 1324.11
3.685 1.09712 2012.05 -277.407
3.69 4.91847 2010.62 -1928.71
3.695 9.13364 2009.25 -3743.5
3.7 14.083 2008.69 -5798.95
3.705 19.6705 2006.67 -8055.2
3.71 24.6934 2003.99 -10224.2
3.715 28.5149 2007.59 -12047.4
3.72 31.8202 2010.94 -13615.3
3.725 34.7777 2011.52 -14984.2
3.73 37.4514 2011.71 -16208.3
3.735 39.8868 2012.62 -17314.2
3.74 42.0407 2013.34 -18296.5
3.745 43.9467 2013.59 -19163.2
3.75 45.6678 2013.11 -19921.6
3.755 47.2614 2013.78 -20567.8
3.76 48.4943 2012.75 -21102
3.765 49.1564 2010.57 -21457.3
3.77 49.1295 2006.64 -21571.7
3.775 47.6713 1996.47 -21142.2
3.78 46.0715 1992.28 -20448.8
3.785 44.6058 1991.92 -19709.2
3.79 44.0121 1994.69 -19256
3.795 43.6044 1998.4 -18932.3
3.8 43.0218 1998.95 -18622
3.805 42.3361 1997.92 -18314.9
3.81 41.7622 1998.04 -18048.3
3.815 41.0906 1996.92 -17765
3.82 40.6766 1996.91 -17549.7
3.825 40.6314 1997.24 -17465.3
3.83 40.6761 1998.5 -17464.6
3.835 40.5861 1997.84 -17451.5
3.84 40.4893 1997.13 -17430.9
3.845 40.4072 1996.98 -17409.6
3.85 40.3221 1996.7 -17384.9
3.855 40.2003 1995.1 -17346.6
3.86 40.0724 1994.07 -17301.8
3.865 39.9459 1993.9 -17253
3.87 39.8053 1993.23 -17197
3.875 39.7046 1993.84 -17152.7
3.88 39.5869 1994.5 -17104.4
3.885 39.3473 1988.76 -17018.4
3.89 0.152665 -1.68155 -47.2732
