0.1 9.49555e-32 200 2.84217e-14
0.2 -8.76512e-32 400 2.66454e-14
0.3 -5.84341e-31 600 1.63425e-13
0.4 1.51929e-30 800 2.94875e-13
0.5 -2.92171e-31 1000 2.13163e-14
0.6 4.61995e-31 1200 3.55271e-15
0.7 0 1400 -1.38556e-13
0.8 -5.84341e-31 1600 -3.69482e-13
0.9 2.99475e-31 1800 -1.77636e-14
1 2.10363e-30 2000 -5.7554e-13
0.005 -1.30755e-05 2000 0.00566738
0.01 -6.53871e-05 2000 0.0282829
0.015 -0.000169987 2000 0.0734631
0.02 -0.000326602 2000 0.141115
0.025 -0.000534722 2000 0.231019
0.03 -0.00079374 2000 0.342911
0.035 -0.00110301 2000 0.476514
0.04 -0.00146182 2000 0.631516
0.045 -0.00186914 2000 0.807476
0.05 -0.00232348 2000 1.00375
0.055 -0.00282297 2000 1.21953
0.06 -0.00336546 2000 1.45388
0.065 -0.00394888 2000 1.70592
0.07 -0.0045714 2000 1.97485
0.075 -0.00523115 2000 2.25986
0.08 -0.00592579 2000 2.55994
0.085 -0.00665256 2000 2.87391
0.09 -0.00740857 2000 3.20051
0.095 -0.00819116 2000 3.53858
0.1 -0.00899764 2000 3.88698
0.105 -0.00982494 2000 4.24438
0.11 -0.0106692 2000 4.60909
0.115 -0.0115258 2000 4.97915
0.12 -0.0123902 2000 5.35258
0.125 -0.0132574 2000 5.72719
0.13 -0.0141208 2000 6.10017
0.135 -0.0149733 2000 6.46845
0.14 -0.0158098 2000 6.82985
0.145 -0.0166282 2000 7.18336
0.15 -0.0174276 2000 7.52873
0.155 -0.0182076 2000 7.86568
0.16 -0.0189656 2000 8.19315
0.165 -0.0196974 2000 8.50927
0.17 -0.020398 2000 8.81195
0.175 -0.0210634 2000 9.09938
0.18 -0.021691 2000 9.37052
0.185 -0.0222811 2000 9.62542
0.19 -0.0228346 2000 9.86456
0.195 -0.0233528 2000 10.0884
0.2 -0.0238377 2000 10.2979
0.205 -0.0242887 2000 10.4927
0.21 -0.0246977 2000 10.6694
0.215 -0.0250514 2000 10.8222
0.22 -0.025338 2000 10.946
0.225 -0.0255521 2000 11.0385
0.23 -0.0256932 2000 11.0995
0.235 -0.025767 2000 11.1313
0.24 -0.0257856 2000 11.1394
0.245 -0.0257592 2000 11.128
0.25 -0.0256886 2000 11.0975
0.255 -0.0255589 2000 11.0414
0.26 -0.0253401 2000 10.9469
0.265 -0.0249919 2000 10.7965
0.27 -0.0244682 2000 10.5703
0.275 -0.0237231 2000 10.2484
0.28 -0.0227141 2000 9.81248
0.285 -0.0214021 2000 9.24569
0.29 -0.0197475 2000 8.5309
0.295 -0.017707 2000 7.64944
0.3 -0.0152349 2000 6.58146
0.305 -0.0122942 2000 5.31108
0.31 -0.00887119 2000 3.83236
0.315 -0.00497768 2000 2.15036
0.32 -0.000659771 2000 0.284887
0.325 0.00374976 1999.99 -1.62321
0.33 0.00831887 1999.99 -3.59814
0.335 0.0131561 1999.99 -5.68691
0.34 0.0182348 2000 -7.88022
0.345 0.0235405 2000 -10.1718
0.35 0.0290744 2000 -12.5619
0.355 0.0348443 2000 -15.0542
0.36 0.040859 2000 -17.6523
0.365 0.0471298 2000 -20.361
0.37 0.0536792 2000 -23.1902
0.375 0.0605559 2000 -26.1608
0.38 0.0678512 2000 -29.3122
0.385 0.0757104 2000 -32.7073
0.39 0.0843196 2000 -36.4264
0.395 0.0938249 2000 -40.5327
0.4 0.104232 2000 -45.0284
0.405 0.115406 2000 -49.8558
0.41 0.127158 2000 -54.9325
0.415 0.139302 2000 -60.1785
0.42 0.151686 2000 -65.5284
0.425 0.164207 2000 -70.9379
0.43 0.176819 2000 -76.3858
0.435 0.189522 2000 -81.8737
0.44 0.202348 2000 -87.4147
0.445 0.215326 2000 -93.0212
0.45 0.228469 2000 -98.699
0.455 0.241783 2000 -104.45
0.46 0.255267 2000 -110.275
0.465 0.268911 2000 -116.17
0.47 0.282675 2000 -122.116
0.475 0.296487 2000 -128.082
0.48 0.31026 2000 -134.032
0.485 0.323915 2000 -139.931
0.49 0.337376 2000 -145.747
0.495 0.350579 2000 -151.451
0.5 0.363479 2000 -157.023
0.505 0.376048 2000 -162.453
0.51 0.388258 2000 -167.728
0.515 0.400073 2000 -172.832
0.52 0.411458 2000 -177.75
0.525 0.422389 2000 -182.472
0.53 0.432868 2000 -186.999
0.535 0.44294 2000 -191.35
0.54 0.452721 2000 -195.576
0.545 0.462423 2000 -199.767
0.55 0.472334 2000 -204.048
0.555 0.482674 2000 -208.515
0.56 0.493433 2000 -213.163
0.565 0.504371 2000 -217.888
0.57 0.515148 2000 -222.544
0.575 0.525423 2000 -226.983
0.58 0.53489 2000 -231.073
0.585 0.543294 2000 -234.703
0.59 0.550468 2000 -237.802
0.595 0.556378 2000 -240.355
0.6 0.561142 2000 -242.414
0.605 0.564987 2000 -244.074
0.61 0.568198 2000 -245.461
0.615 0.571093 2000 -246.712
0.62 0.574031 2000 -247.981
0.625 0.577435 2000 -249.452
0.63 0.58182 2000 -251.346
0.635 0.587786 2000 -253.924
0.64 0.595968 2000 -257.458
0.645 0.606909 2000 -262.185
0.65 0.620863 2000 -268.213
0.655 0.637625 2000 -275.454
0.66 0.656549 2000 -283.629
0.665 0.676697 2000 -292.333
0.67 0.697051 2000 -301.127
0.675 0.716725 2000 -309.625
0.68 0.735179 2000 -317.598
0.685 0.752383 2000 -325.03
0.69 0.768745 2000 -332.098
0.695 0.784908 2000 -339.081
0.7 0.801598 2000 -346.291
0.705 0.81951 2000 -354.029
0.71 0.83925 2000 -362.556
0.715 0.861353 2000 -372.105
0.72 0.886299 2000 -382.882
0.725 0.914445 2000 -395.041
0.73 0.945936 2000 -408.645
0.735 0.980698 2000 -423.662
0.74 1.01849 2000 -439.988
0.745 1.05892 2000 -457.456
0.75 1.10144 2000 -475.825
0.755 1.14528 2000 -494.761
0.76 1.18952 2000 -513.876
0.765 1.23334 2000 -532.806
0.77 1.27627 2000 -551.352
0.775 1.31844 2000 -569.567
0.78 1.36037 2000 -587.681
0.785 1.40272 2000 -605.976
0.79 1.44606 2000 -624.7
0.795 1.49087 2000 -644.059
0.8 1.53756 2000 -664.229
0.805 1.58651 2000 -685.376
0.81 1.63802 2000 -707.628
0.815 1.69211 2000 -730.994
0.82 1.74848 2000 -755.348
0.825 1.80665 2000 -780.477
0.83 1.86604 2000 -806.135
0.835 1.92608 2000 -832.07
0.84 1.98643 2000 -858.142
0.845 2.04732 2000 -884.445
0.85 2.1094 2000 -911.265
0.855 2.1735 2000 -938.956
0.86 2.24043 2000 -967.87
0.865 2.31067 2000 -998.216
0.87 2.38416 2000 -1029.96
0.875 2.4604 2000 -1062.9
0.88 2.53885 2000 -1096.79
0.885 2.61904 2000 -1131.43
0.89 2.70063 2000 -1166.68
0.895 2.78367 2000 -1202.55
0.9 2.86859 2000 -1239.24
0.905 2.95604 2000 -1277.02
0.91 3.04662 2000 -1316.15
0.915 3.14084 2000 -1356.85
0.92 3.23911 2000 -1399.31
0.925 3.34183 2000 -1443.68
0.93 3.44946 2000 -1490.18
0.935 3.56263 2000 -1539.07
0.94 3.6822 2000 -1590.73
0.945 3.80924 2000 -1645.61
0.95 3.94481 2000 -1704.18
0.955 4.08951 2000 -1766.69
0.96 4.24307 2000 -1833.03
0.965 4.40441 2000 -1902.73
0.97 4.57216 2000 -1975.2
0.975 4.74497 2000 -2049.86
0.98 4.92178 2000 -2126.24
0.985 5.10195 2000 -2204.08
0.99 5.28564 2000 -2283.43
0.995 5.47368 2000 -2364.67
1 5.66711 1999.99 -2448.23
1.005 5.86685 1999.99 -2534.52
1.01 6.07334 1999.99 -2623.73
1.015 6.28648 1999.99 -2715.81
1.02 6.50583 1999.99 -2810.57
1.025 6.73089 1999.99 -2907.8
1.03 6.96124 1999.99 -3007.32
1.035 7.19656 1999.99 -3108.98
1.04 7.43653 1999.99 -3212.65
1.045 7.68075 1999.99 -3318.16
1.05 7.92878 1999.99 -3425.31
1.055 8.18016 1999.99 -3533.91
1.06 8.43467 1999.99 -3643.86
1.065 8.69256 1999.99 -3755.27
1.07 8.95457 1999.99 -3868.46
1.075 9.22176 1999.99 -3983.9
1.08 9.49517 1999.99 -4102.01
1.085 9.77514 1999.99 -4222.96
1.09 10.0609 1999.99 -4346.41
1.095 10.3507 1999.99 -4471.63
1.1 10.6425 1999.99 -4597.69
1.105 10.9341 1999.99 -4723.66
1.11 11.2236 1999.99 -4848.73
1.115 11.5094 1999.99 -4972.2
1.12 11.7905 1999.99 -5093.62
1.125 12.0664 1999.99 -5212.8
1.13 12.3371 1999.99 -5329.77
1.135 12.6033 1999.99 -5444.74
1.14 12.8655 1999.99 -5558.03
1.145 13.1248 1999.99 -5670.03
1.15 13.3821 1999.99 -5781.2
1.155 13.6385 1999.99 -5891.97
1.16 13.8948 1999.99 -6002.68
1.165 14.1516 1999.99 -6113.62
1.17 14.4095 1999.99 -6225.04
1.175 14.6691 1999.99 -6337.19
1.18 14.9311 1999.99 -6450.34
1.185 15.1959 1999.99 -6564.76
1.19 15.4644 1999.99 -6680.73
1.195 15.7371 1999.99 -6798.56
1.2 16.0149 1999.99 -6918.55
1.205 16.2982 1999.99 -7040.94
1.21 16.587 1999.99 -7165.73
1.215 16.8807 1999.99 -7292.6
1.22 17.1778 1999.99 -7420.97
1.225 17.4769 1999.99 -7550.16
1.23 17.7761 1999.99 -7679.44
1.235 18.0741 1999.99 -7808.15
1.24 18.3695 1999.99 -7935.76
1.245 18.6619 1999.99 -8062.08
1.25 18.9517 1999.99 -8187.31
1.255 19.24 1999.99 -8311.86
1.26 19.5274 1999.99 -8435.99
1.265 19.8133 1999.99 -8559.52
1.27 20.0966 1999.99 -8681.91
1.275 20.3757 1999.99 -8802.48
1.28 20.6497 1999.99 -8920.83
1.285 20.9187 1999.99 -9037.04
1.29 21.1841 1999.99 -9151.69
1.295 21.4477 1999.99 -9265.55
1.3 21.7111 1999.99 -9379.34
1.305 21.9754 1999.99 -9493.5
1.31 22.2403 1999.99 -9607.98
1.315 22.5049 1999.99 -9722.25
1.32 22.7673 1999.99 -9835.64
1.325 23.0243 2000 -9946.91
1.33 23.275 2000.01 -10055.5
1.335 23.5223 2000 -10162.2
1.34 23.7654 2000 -10267.2
1.345 24.0056 2000 -10370.8
1.35 24.241 2000.01 -10472.9
1.355 24.4764 2000.02 -10574.8
1.36 24.714 2000.01 -10677.3
1.365 24.9526 2000.01 -10780.2
1.37 25.1917 2000 -10883.4
1.375 25.4307 2000 -10986.6
1.38 25.6613 2000.04 -11087.2
1.385 25.8903 2000.07 -11187
1.39 26.1251 2000.05 -11287.9
1.395 26.3609 2000.04 -11389.5
1.4 26.5974 2000.03 -11491.4
1.405 26.8339 2000.02 -11593.3
1.41 27.0695 2000.02 -11694.9
1.415 27.3042 2000.01 -11796.1
1.42 27.5384 2000.01 -11897.2
1.425 27.7699 2000.02 -11997.4
1.43 27.9965 2000.06 -12095.8
1.435 28.2279 2000.05 -12195.7
1.44 28.4541 2000.08 -12294.1
1.445 28.6907 2000.06 -12396
1.45 28.9349 2000.05 -12501.3
1.455 29.183 2000.06 -12608.6
1.46 29.4325 2000.09 -12716.6
1.465 29.6903 2000.07 -12827.7
1.47 29.953 2000.05 -12940.9
1.475 30.2195 2000.04 -13055.9
1.48 30.4889 2000.03 -13172.1
1.485 30.7605 2000.02 -13289.3
1.49 31.0104 2000.2 -13399.2
1.495 31.2439 2000.36 -13502.6
1.5 31.4864 2000.32 -13607.3
1.505 31.7334 2000.26 -13713
1.51 31.9813 2000.2 -13819.3
1.515 32.2304 2000.16 -13926.4
1.52 32.4812 2000.13 -14034.2
1.525 32.7345 2000.1 -14143.2
1.53 32.9914 2000.08 -14253.9
1.535 33.2528 2000.06 -14366.6
1.54 33.5197 2000.04 -14481.7
1.545 33.7926 2000.03 -14599.4
1.55 34.0712 2000.02 -14719.6
1.555 34.3219 2000.31 -14830.6
1.56 34.5725 2000.44 -14940.4
1.565 34.8326 2000.35 -15051.8
1.57 35.0932 2000.28 -15163.7
1.575 35.3539 2000.22 -15275.7
1.58 35.6148 2000.17 -15387.9
1.585 35.8764 2000.13 -15500.6
1.59 36.1392 2000.1 -15613.8
1.595 36.4038 2000.08 -15727.9
1.6 36.6706 2000.06 -15842.9
1.605 36.9399 2000.04 -15959.1
1.61 37.2119 2000.03 -16076.5
1.615 37.4868 2000.02 -16195.2
1.62 37.742 2000.26 -16307
1.625 37.9979 2000.36 -16418.3
1.63 38.2591 2000.28 -16530.6
1.635 38.5142 2000.28 -16641.5
1.64 38.7702 2000.26 -16752.4
1.645 39.0308 2000.2 -16864.4
1.65 39.2903 2000.18 -16976.4
1.655 39.5506 2000.16 -17088.8
1.66 39.8144 2000.12 -17202.3
1.665 40.0784 2000.11 -17316.3
1.67 40.3315 2000.16 -17426.7
1.675 40.591 2000.12 -17538.3
1.68 40.8513 2000.09 -17650.3
1.685 41.1117 2000.07 -17762.4
1.69 41.3715 2000.05 -17874.4
1.695 41.6168 2000.21 -17980.9
1.7 41.8425 2000.36 -18080
1.705 42.0703 2000.28 -18177.7
1.71 42.2881 2000.27 -18272.2
1.715 42.5007 2000.25 -18364.1
1.72 42.711 2000.19 -18454.3
1.725 42.9167 2000.15 -18542.7
1.73 43.0997 2000.28 -18624.2
1.735 43.2819 2000.32 -18703.7
1.74 43.4654 2000.25 -18781.9
1.745 43.6452 2000.2 -18858.8
1.75 43.8217 2000.16 -18934.4
1.755 43.9957 2000.12 -19009
1.76 44.1582 2000.19 -19080.3
1.765 44.315 2000.24 -19148.9
1.77 44.4766 2000.19 -19217.9
1.775 44.6396 2000.15 -19287.7
1.78 44.8048 2000.12 -19358.5
1.785 44.9676 2000.14 -19429.3
1.79 45.1275 2000.2 -19499.3
1.795 45.2805 2000.27 -19566.5
1.8 45.4415 2000.21 -19635.2
1.805 45.6061 2000.17 -19705.7
1.81 45.7745 2000.13 -19777.9
1.815 45.9483 2000.12 -19851.9
1.82 46.1081 2000.21 -19921.7
1.825 46.2718 2000.16 -19992.2
1.83 46.4344 2000.21 -20061.8
1.835 46.5932 2000.25 -20130
1.84 46.7483 2000.2 -20197.1
1.845 46.8887 2000.29 -20259.9
1.85 47.0295 2000.29 -20321.3
1.855 47.1702 2000.23 -20381.6
1.86 47.3084 2000.18 -20440.9
1.865 47.4435 2000.19 -20498.6
1.87 47.5721 2000.22 -20554.3
1.875 47.698 2000.19 -20608.8
1.88 47.8225 2000.15 -20662.3
1.885 47.945 2000.11 -20715.1
1.89 48.0653 2000.09 -20767
1.895 48.1844 2000.07 -20818
1.9 48.3015 2000.06 -20868.2
1.905 48.4153 2000.05 -20917.4
1.91 48.5239 2000.13 -20963.7
1.915 48.6278 2000.09 -21008.8
1.92 48.7287 2000.09 -21052.8
1.925 48.8279 2000.08 -21096
1.93 48.9258 2000.06 -21138.3
1.935 49.0213 2000.04 -21179.6
1.94 49.1144 2000.02 -21219.9
1.945 49.2048 2000.01 -21259
1.95 49.2927 2000 -21297
1.955 49.378 2000 -21333.9
1.96 49.4611 1999.99 -21369.8
1.965 49.5412 1999.99 -21404.6
1.97 49.6144 2000.03 -21436.9
1.975 49.6854 2000.03 -21467.7
1.98 49.754 2000.01 -21497.3
1.985 49.8199 2000 -21525.7
1.99 49.8662 1999.97 -21548.8
1.995 49.9129 1999.95 -21570.2
2 49.9634 1999.95 -21591.1
2.005 50.0115 1999.95 -21611.1
2.01 50.0571 1999.96 -21630.3
2.015 50.1003 1999.96 -21648.5
2.02 50.1408 1999.96 -21665.7
2.025 50.1787 1999.96 -21681.8
2.03 50.214 1999.96 -21696.8
2.035 50.2466 1999.96 -21710.8
2.04 50.2719 2000.03 -21722.5
2.045 50.2949 2000.08 -21732.4
2.05 50.3157 2000.08 -21741
2.055 50.3278 2000.04 -21747.1
2.06 50.3198 1999.98 -21746.3
2.065 50.3177 1999.95 -21744.3
2.07 50.2937 1999.83 -21736.2
2.075 50.2662 1999.77 -21725.3
2.08 50.2267 1999.74 -21709.4
2.085 50.1787 1999.74 -21689.2
2.09 50.1367 1999.78 -21668.9
2.095 50.0941 1999.81 -21648.9
2.1 50.0512 1999.84 -21629
2.105 50.0082 1999.86 -21609.3
2.11 49.9651 1999.87 -21589.8
2.115 49.9219 1999.89 -21570.5
2.12 49.8787 1999.9 -21551.2
2.125 49.8354 1999.91 -21532
2.13 49.7917 1999.92 -21512.7
2.135 49.7475 1999.92 -21493.3
2.14 49.7026 1999.93 -21473.7
2.145 49.6563 1999.92 -21453.6
2.15 49.6087 1999.9 -21432.9
2.155 49.5605 1999.91 -21412
2.16 49.511 1999.92 -21390.5
2.165 49.4599 1999.92 -21368.3
2.17 49.4012 1999.89 -21343.8
2.175 49.3336 1999.85 -21315.6
2.18 49.2675 1999.89 -21286.5
2.185 49.1974 1999.95 -21255.9
2.19 49.1245 1999.95 -21224.1
2.195 49.049 1999.95 -21191.1
2.2 48.9715 1999.95 -21157.4
2.205 48.893 1999.95 -21123.3
2.21 48.8147 1999.95 -21089.3
2.215 48.7376 1999.95 -21055.9
2.22 48.6629 1999.95 -21023.5
2.225 48.5911 1999.95 -20992.4
2.23 48.5228 1999.95 -20962.8
2.235 48.4585 1999.95 -20934.9
2.24 48.3979 1999.96 -20908.7
2.245 48.3408 1999.95 -20884
2.25 48.2874 1999.96 -20860.8
2.255 48.2376 1999.96 -20839.2
2.26 48.1913 1999.96 -20819.2
2.265 48.1487 1999.97 -20800.7
2.27 48.1097 1999.98 -20783.8
2.275 48.0742 1999.98 -20768.4
2.28 48.0419 1999.98 -20754.4
2.285 48.0123 1999.99 -20741.6
2.29 47.9851 1999.99 -20729.8
2.295 47.9598 1999.99 -20718.9
2.3 47.9362 1999.99 -20708.6
2.305 47.9142 1999.99 -20699.1
2.31 47.8936 1999.99 -20690.2
2.315 47.8741 1999.99 -20681.7
2.32 47.8553 1999.99 -20673.6
2.325 47.8369 1999.99 -20665.6
2.33 47.8188 2000 -20657.7
2.335 47.8009 2000 -20649.9
2.34 47.7838 2000 -20642.5
2.345 47.7688 2000.02 -20635.8
2.35 47.7549 2000.01 -20629.9
2.355 47.7437 2000.01 -20625.1
2.36 47.7358 2000.01 -20621.7
2.365 47.7319 2000.01 -20620.1
2.37 47.7275 1999.99 -20619
2.375 47.7118 1999.96 -20613.6
2.38 47.6908 1999.97 -20604.1
2.385 47.6584 1999.97 -20589.8
2.39 47.6148 1999.98 -20570.6
2.395 47.5608 1999.98 -20547
2.4 47.4978 1999.98 -20519.5
2.405 47.4272 1999.98 -20488.8
2.41 47.3507 1999.98 -20455.5
2.415 47.2689 1999.99 -20420
2.42 47.1841 1999.98 -20383.1
2.425 47.0974 1999.97 -20345.4
2.43 47.0096 1999.97 -20307.2
2.435 46.9209 1999.96 -20268.7
2.44 46.8311 1999.96 -20229.8
2.445 46.7398 1999.95 -20190.3
2.45 46.6466 1999.95 -20149.9
2.455 46.551 1999.95 -20108.5
2.46 46.4528 1999.94 -20066
2.465 46.3516 1999.96 -20022.1
2.47 46.2467 1999.97 -19976.7
2.475 46.1347 2000.04 -19928.9
2.48 46.017 2000.09 -19878.5
2.485 45.8964 2000.06 -19826.2
2.49 45.7726 2000.04 -19772.6
2.495 45.6462 2000.02 -19717.9
2.5 45.5179 2000.01 -19662.4
2.505 45.3884 2000 -19606.5
2.51 45.2586 1999.99 -19550.4
2.515 45.1291 2000.04 -19493.8
2.52 44.9983 2000.09 -19436.7
2.525 44.8651 2000.09 -19379.3
2.53 44.7334 2000.03 -19322.5
2.535 44.6036 1999.99 -19266.7
2.54 44.476 1999.99 -19211.8
2.545 44.3511 1999.98 -19158.1
2.55 44.2295 1999.98 -19105.7
2.555 44.1117 1999.98 -19055
2.56 43.9979 1999.98 -19006
2.565 43.8884 1999.98 -18958.8
2.57 43.7829 1999.98 -18913.4
2.575 43.6811 1999.98 -18869.5
2.58 43.5829 1999.99 -18827.2
2.585 43.488 1999.99 -18786.3
2.59 43.3966 1999.99 -18746.9
2.595 43.309 1999.99 -18709.1
2.6 43.2255 1999.99 -18673
2.605 43.1466 1999.99 -18639
2.61 43.0725 1999.99 -18607
2.615 43.0032 1999.99 -18577.2
2.62 42.9384 1999.99 -18549.2
2.625 42.8736 2000.04 -18521.6
2.63 42.8129 2000.03 -18495.3
2.635 42.7553 2000.02 -18470.4
2.64 42.7003 2000.02 -18446.6
2.645 42.6475 2000.01 -18423.8
2.65 42.5967 2000.01 -18401.8
2.655 42.5477 2000.01 -18380.6
2.66 42.5007 2000.01 -18360.3
2.665 42.4559 2000.01 -18341
2.67 42.4136 2000 -18322.7
2.675 42.3743 2000 -18305.7
2.68 42.3383 2000 -18290.1
2.685 42.3065 2000 -18276.4
2.69 42.2795 2000 -18264.7
2.695 42.2581 2000 -18255.5
2.7 42.2426 2000 -18248.8
2.705 42.2331 2000 -18244.7
2.71 42.2294 2000 -18243.1
2.715 42.2316 2000 -18243.9
2.72 42.2394 1999.99 -18247.1
2.725 42.2507 1999.99 -18252.1
2.73 42.2642 1999.99 -18257.9
2.735 42.2782 1999.99 -18264
2.74 42.2912 2000 -18269.7
2.745 42.3021 2000 -18274.4
2.75 42.3101 2000 -18277.9
2.755 42.3152 2000 -18280.1
2.76 42.3173 2000 -18281
2.765 42.317 2000 -18280.9
2.77 42.3144 2000 -18279.8
2.775 42.3094 2000 -18277.6
2.78 42.3015 2000 -18274.2
2.785 42.2903 2000 -18269.4
2.79 42.2753 2000 -18262.9
2.795 42.2566 2000 -18254.7
2.8 42.2343 1999.99 -18245
2.805 42.2089 1999.98 -18233.9
2.81 42.1811 1999.98 -18221.7
2.815 42.1511 1999.97 -18208.7
2.82 42.1194 1999.97 -18194.9
2.825 42.0857 1999.97 -18180.3
2.83 42.0496 1999.97 -18164.6
2.835 42.0101 1999.97 -18147.5
2.84 41.9659 1999.97 -18128.4
2.845 41.9157 1999.97 -18106.7
2.85 41.8585 1999.97 -18082
2.855 41.7932 1999.97 -18053.8
2.86 41.719 1999.97 -18021.7
2.865 41.635 1999.97 -17985.4
2.87 41.5402 1999.97 -17944.5
2.875 41.4334 1999.97 -17898.4
2.88 41.3137 1999.98 -17846.7
2.885 41.18 1999.98 -17788.9
2.89 41.0331 1999.93 -17725.2
2.895 40.8708 1999.91 -17655
2.9 40.6919 1999.92 -17577.9
2.905 40.4948 1999.95 -17493
2.91 40.2683 2000.12 -17396.9
2.915 40.0208 2000.19 -17290.7
2.92 39.755 2000.15 -17175.5
2.925 39.4694 2000.11 -17051.8
2.93 39.1641 2000.09 -16919.7
2.935 38.8387 2000.12 -16778
2.94 38.4885 2000.13 -16626
2.945 38.1129 2000.09 -16464.1
2.95 37.7183 2000.05 -16293.7
2.955 37.3042 2000.02 -16114.8
2.96 36.8707 2000 -15927.6
2.965 36.4214 1999.89 -15732.9
2.97 35.9417 1999.91 -15526.3
2.975 35.4428 1999.88 -15310.6
2.98 34.8615 2000.58 -15069.1
2.985 34.2569 2000.88 -14811.9
2.99 33.5303 2001.95 -14506.8
2.995 32.7472 2002.49 -14174.1
3 31.785 2003.13 -13770.9
3.005 30.729 2003.46 -13322.8
3.01 29.5531 2003.84 -12818.5
3.015 28.1172 2005.09 -12217
3.02 26.4942 2005.97 -11536.6
3.025 24.6799 2006.72 -10757.6
3.03 22.5651 2007.46 -9852.17
3.035 20.1809 2007.83 -8831.59
3.04 17.7186 2007.16 -7760.77
3.045 15.1821 2005.85 -6647.76
3.05 12.4459 2005.05 -5459.38
3.055 9.71143 2004.84 -4253.85
3.06 6.86468 2004.98 -3007.47
3.065 3.68777 2004.38 -1646.54
3.07 0.197472 2003.55 -159.539
3.075 -3.33029 2002.59 1366.12
3.08 -6.81913 1999.9 2873.16
3.085 -10.2557 1998.44 4371.48
3.09 -13.6681 1998.62 5869.61
3.095 -17.0372 1998.68 7352.42
3.1 -20.4945 1998.41 8855.63
3.105 -23.9731 1998.33 10366.2
3.11 -27.0315 2000.82 11726.3
3.115 -29.9301 2002.31 12999
3.12 -32.6411 2002.85 14176.8
3.125 -35.251 2003.42 15309
3.13 -37.6989 2004.21 16380.2
3.135 -39.9146 2005.56 17356.5
3.14 -41.9345 2006.71 18252
3.145 -43.7578 2007.37 19067
3.15 -45.2524 2009.86 19746.5
3.155 -46.5585 2011.14 20328.5
3.16 -47.8061 2012.79 20823.7
3.165 -48.8404 2011.41 21256.8
3.17 -49.5761 2010.31 21598.8
3.175 -49.8544 2008.56 21781.6
3.18 -49.0844 2002.73 21635.4
3.185 -47.977 1996.83 21246.1
3.19 -46.8666 1995.4 20713
3.195 -45.5994 1994.06 20104.4
3.2 -44.974 1997.04 19640.9
3.205 -44.5005 2001.18 19266.3
3.21 -43.9646 2001.43 18993.1
3.215 -43.2565 1999.62 18693.8
3.22 -42.5501 1998.17 18388.2
3.225 -41.9495 1997.94 18117.1
3.23 -41.5486 1998.43 17908.1
3.235 -41.5579 2000.63 17844.6
3.24 -41.4962 1999.54 17815.8
3.245 -41.425 1999.64 17802.3
3.25 -41.3542 1999.23 17788.1
3.255 -41.2636 1998.28 17768.7
3.26 -41.1855 1997.91 17748.5
3.265 -41.1022 1997.41 17723.9
3.27 -41.0035 1996.54 17692.2
3.275 -40.8621 1994.94 17642.7
3.28 -40.7222 1994.44 17588.5
3.285 -40.5783 1993.91 17529.4
3.29 -40.37 1988.89 17449.5
3.295 -39.903 1983.06 17277
3.3 -40.0158 2048.64 17202.2
3.305 -39.4822 2053.72 16939.3
3.31 -39.2469 2042.48 16850.7
3.315 -0.111464 -24.5333 39.3798
