0.1 5.84341e-32 200 7.01661e-14
0.2 2.33737e-31 400 -6.92779e-14
0.3 -2.62954e-31 600 9.9476e-14
0.4 6.42776e-31 800 -1.52767e-13
0.5 -5.9895e-31 1000 2.4869e-14
0.6 -3.50605e-31 1200 -1.91847e-13
0.7 4.67473e-31 1400 -3.62377e-13
0.8 -7.0121e-31 1600 -4.61853e-13
0.9 2.33737e-31 1800 4.68958e-13
1 9.34946e-31 2000 -3.19744e-13
0.005 -1.29106e-05 2000 0.00559497
0.01 -6.45654e-05 2000 0.0279258
0.015 -0.000167853 2000 0.0725396
0.02 -0.000322504 2000 0.139344
0.025 -0.000528015 2000 0.22812
0.03 -0.000783786 2000 0.33861
0.035 -0.00108918 2000 0.470539
0.04 -0.0014435 2000 0.623599
0.045 -0.00184571 2000 0.797355
0.05 -0.00229436 2000 0.991171
0.055 -0.0027876 2000 1.20425
0.06 -0.0033233 2000 1.43567
0.065 -0.00389942 2000 1.68455
0.07 -0.00451417 2000 1.95012
0.075 -0.00516567 2000 2.23157
0.08 -0.00585164 2000 2.52791
0.085 -0.00656933 2000 2.83795
0.09 -0.00731591 2000 3.16048
0.095 -0.00808875 2000 3.49434
0.1 -0.00888519 2000 3.8384
0.105 -0.00970219 2000 4.19135
0.11 -0.0105359 2000 4.55152
0.115 -0.0113819 2000 4.91699
0.12 -0.0122356 2000 5.28579
0.125 -0.013092 2000 5.65576
0.13 -0.0139447 2000 6.02412
0.135 -0.0147867 2000 6.38785
0.14 -0.0156129 2000 6.7448
0.145 -0.0164212 2000 7.09396
0.15 -0.0172109 2000 7.43509
0.155 -0.0179813 2000 7.76791
0.16 -0.0187301 2000 8.09139
0.165 -0.0194529 2000 8.40367
0.17 -0.0201451 2000 8.70268
0.175 -0.0208024 2000 8.98664
0.18 -0.0214225 2000 9.25453
0.185 -0.0220055 2000 9.50639
0.19 -0.0225526 2000 9.74271
0.195 -0.0230646 2000 9.96392
0.2 -0.0235439 2000 10.171
0.205 -0.0239897 2000 10.3636
0.21 -0.0243941 2000 10.5383
0.215 -0.0247439 2000 10.6893
0.22 -0.0250275 2000 10.8119
0.225 -0.0252394 2000 10.9034
0.23 -0.0253794 2000 10.9639
0.235 -0.0254529 2000 10.9956
0.24 -0.0254719 2000 11.0039
0.245 -0.0254466 2000 10.9929
0.25 -0.0253779 2000 10.9632
0.255 -0.0252509 2000 10.9084
0.26 -0.0250362 2000 10.8156
0.265 -0.0246939 2000 10.6678
0.27 -0.0241788 2000 10.4452
0.275 -0.0234454 2000 10.1284
0.28 -0.0224521 2000 9.69929
0.285 -0.0211601 2000 9.14118
0.29 -0.0195307 2000 8.43725
0.295 -0.017521 2000 7.56906
0.3 -0.0150858 2000 6.51708
0.305 -0.012189 2000 5.26565
0.31 -0.00881693 2000 3.80891
0.315 -0.00498076 2000 2.15169
0.32 -0.000718431 2000 0.310265
0.325 0.0036938 2000 -1.59816
0.33 0.00830383 1999.99 -3.59051
0.335 0.0131901 2000 -5.70074
0.34 0.0183209 2000 -7.91677
0.345 0.0236811 2000 -10.232
0.35 0.0292716 2000 -12.6467
0.355 0.0351005 2000 -15.1645
0.36 0.0411765 2000 -17.7892
0.365 0.0475112 2000 -20.5256
0.37 0.0541273 2000 -23.3836
0.375 0.061074 2000 -26.3845
0.38 0.0684434 2000 -29.568
0.385 0.0763825 2000 -32.9976
0.39 0.0850793 2000 -36.7546
0.395 0.094681 2000 -40.9025
0.4 0.105192 2000 -45.4435
0.405 0.116474 2000 -50.3178
0.41 0.128323 2000 -55.4391
0.415 0.140543 2000 -60.7219
0.42 0.152971 2000 -66.0955
0.425 0.165499 2000 -71.5123
0.43 0.178089 2000 -76.9544
0.435 0.190758 2000 -82.4279
0.44 0.203538 2000 -87.9478
0.445 0.216455 2000 -93.5264
0.45 0.229526 2000 -99.1704
0.455 0.242758 2000 -104.883
0.46 0.256149 2000 -110.663
0.465 0.269685 2000 -116.506
0.47 0.283324 2000 -122.395
0.475 0.296996 2000 -128.3
0.48 0.31062 2000 -134.184
0.485 0.324118 2000 -140.016
0.49 0.337419 2000 -145.761
0.495 0.350457 2000 -151.394
0.5 0.363189 2000 -156.895
0.505 0.37559 2000 -162.252
0.51 0.387633 2000 -167.455
0.515 0.399285 2000 -172.489
0.52 0.410512 2000 -177.339
0.525 0.42129 2000 -181.996
0.53 0.431622 2000 -186.46
0.535 0.441554 2000 -190.75
0.54 0.451198 2000 -194.917
0.545 0.460765 2000 -199.05
0.55 0.470538 2000 -203.272
0.555 0.480734 2000 -207.677
0.56 0.491344 2000 -212.26
0.565 0.50213 2000 -216.92
0.57 0.512758 2000 -221.511
0.575 0.522891 2000 -225.889
0.58 0.532228 2000 -229.922
0.585 0.540515 2000 -233.502
0.59 0.547589 2000 -236.558
0.595 0.553418 2000 -239.076
0.6 0.558116 2000 -241.106
0.605 0.561908 2000 -242.744
0.61 0.565074 2000 -244.112
0.615 0.56793 2000 -245.346
0.62 0.570828 2000 -246.598
0.625 0.574186 2000 -248.048
0.63 0.578512 2000 -249.917
0.635 0.584397 2000 -252.459
0.64 0.592467 2000 -255.946
0.645 0.603258 2000 -260.607
0.65 0.61702 2000 -266.552
0.655 0.633551 2000 -273.693
0.66 0.652213 2000 -281.754
0.665 0.672082 2000 -290.337
0.67 0.692155 2000 -299.008
0.675 0.711556 2000 -307.388
0.68 0.729754 2000 -315.248
0.685 0.746718 2000 -322.577
0.69 0.762852 2000 -329.546
0.695 0.778789 2000 -336.431
0.7 0.795245 2000 -343.54
0.705 0.812905 2000 -351.169
0.71 0.832367 2000 -359.577
0.715 0.854158 2000 -368.99
0.72 0.878751 2000 -379.615
0.725 0.906498 2000 -391.601
0.73 0.937543 2000 -405.013
0.735 0.971812 2000 -419.816
0.74 1.00906 2000 -435.908
0.745 1.04892 2000 -453.127
0.75 1.09084 2000 -471.233
0.755 1.13404 2000 -489.898
0.76 1.17765 2000 -508.739
0.765 1.22084 2000 -527.399
0.77 1.26316 2000 -545.68
0.775 1.30472 2000 -563.636
0.78 1.34605 2000 -581.493
0.785 1.3878 2000 -599.529
0.79 1.43053 2000 -617.99
0.795 1.47471 2000 -637.075
0.8 1.52074 2000 -656.961
0.805 1.56901 2000 -677.811
0.81 1.61979 2000 -699.75
0.815 1.67312 2000 -722.787
0.82 1.7287 2000 -746.799
0.825 1.78605 2000 -771.575
0.83 1.84461 2000 -796.873
0.835 1.90381 2000 -822.445
0.84 1.96331 2000 -848.152
0.845 2.02335 2000 -874.089
0.85 2.08457 2000 -900.535
0.855 2.14778 2000 -927.842
0.86 2.21377 2000 -956.353
0.865 2.28304 2000 -986.279
0.87 2.35551 2000 -1017.58
0.875 2.43069 2000 -1050.06
0.88 2.50806 2000 -1083.49
0.885 2.58713 2000 -1117.65
0.89 2.6676 2000 -1152.41
0.895 2.7495 2000 -1187.79
0.9 2.83325 2000 -1223.97
0.905 2.9195 2000 -1261.23
0.91 3.00884 2000 -1299.83
0.915 3.10177 2000 -1339.97
0.92 3.1987 2000 -1381.85
0.925 3.30002 2000 -1425.62
0.93 3.40617 2000 -1471.48
0.935 3.5178 2000 -1519.7
0.94 3.63574 2000 -1570.65
0.945 3.76104 2000 -1624.78
0.95 3.89476 2000 -1682.55
0.955 4.03748 2000 -1744.21
0.96 4.18894 2000 -1809.64
0.965 4.34809 2000 -1878.4
0.97 4.51355 2000 -1949.88
0.975 4.68402 2000 -2023.52
0.98 4.85843 2000 -2098.87
0.985 5.03617 2000 -2175.66
0.99 5.21739 2000 -2253.95
0.995 5.4029 2000 -2334.09
1 5.59375 1999.99 -2416.54
1.005 5.79083 1999.99 -2501.68
1.01 5.99458 1999.99 -2589.7
1.015 6.2049 1999.99 -2680.56
1.02 6.42135 1999.99 -2774.07
1.025 6.64346 1999.99 -2870.02
1.03 6.8708 1999.99 -2968.24
1.035 7.10307 1999.99 -3068.58
1.04 7.33993 1999.99 -3170.91
1.045 7.58102 1999.99 -3275.07
1.05 7.82588 1999.99 -3380.85
1.055 8.07407 1999.99 -3488.07
1.06 8.32538 1999.99 -3596.64
1.065 8.58006 1999.99 -3706.66
1.07 8.83882 1999.99 -3818.45
1.075 9.10273 1999.99 -3932.46
1.08 9.37281 1999.99 -4049.14
1.085 9.64939 1999.99 -4168.62
1.09 9.93171 1999.99 -4290.59
1.095 10.2181 1999.99 -4414.32
1.1 10.5065 1999.99 -4538.91
1.105 10.7947 1999.99 -4663.43
1.11 11.0809 1999.99 -4787.06
1.115 11.3635 1999.99 -4909.14
1.12 11.6415 1999.99 -5029.22
1.125 11.9143 1999.99 -5147.11
1.13 12.1822 1999.99 -5262.83
1.135 12.4456 1999.99 -5376.59
1.14 12.7051 1999.99 -5488.71
1.145 12.9618 1999.99 -5599.58
1.15 13.2165 1999.99 -5709.65
1.155 13.4704 1999.99 -5819.33
1.16 13.7243 1999.99 -5928.98
1.165 13.9787 1999.99 -6038.88
1.17 14.2342 1999.99 -6149.27
1.175 14.4915 1999.99 -6260.41
1.18 14.7511 1999.99 -6372.56
1.185 15.0136 1999.99 -6485.99
1.19 15.2798 1999.99 -6600.97
1.195 15.5502 1999.99 -6717.81
1.2 15.8257 1999.99 -6836.82
1.205 16.1068 1999.99 -6958.22
1.21 16.3933 1999.99 -7082.04
1.215 16.6848 1999.99 -7207.93
1.22 16.9797 1999.99 -7335.34
1.225 17.2765 1999.99 -7463.59
1.23 17.5737 1999.98 -7591.96
1.235 17.8696 1999.98 -7719.79
1.24 18.1631 1999.98 -7846.57
1.245 18.4536 1999.98 -7972.09
1.25 18.7417 1999.98 -8096.56
1.255 19.0284 1999.98 -8220.39
1.26 19.3141 1999.98 -8343.83
1.265 19.5985 1999.98 -8466.7
1.27 19.8804 1999.98 -8588.47
1.275 20.1582 1999.98 -8708.46
1.28 20.4309 1999.98 -8826.27
1.285 20.6988 1999.98 -8942
1.29 20.9631 1999.99 -9056.19
1.295 21.2257 1999.99 -9169.63
1.3 21.4882 1999.99 -9283.03
1.305 21.7516 1999.99 -9396.81
1.31 22.0158 1999.99 -9510.94
1.315 22.2795 1999.99 -9624.88
1.32 22.5413 1999.99 -9737.98
1.325 22.7997 1999.99 -9849.59
1.33 23.052 1999.99 -9958.8
1.335 23.2982 2000 -10065.4
1.34 23.5415 2000 -10170.4
1.345 23.7819 2000 -10274.2
1.35 24.0188 2000 -10376.8
1.355 24.2552 2000.01 -10479
1.36 24.4935 2000.01 -10581.9
1.365 24.733 2000 -10685.2
1.37 24.973 2000 -10788.8
1.375 25.213 2000 -10892.4
1.38 25.4487 2000.02 -10994.8
1.385 25.6788 2000.05 -11095
1.39 25.9147 2000.03 -11196.6
1.395 26.1518 2000.03 -11298.8
1.4 26.3896 2000.02 -11401.3
1.405 26.6275 2000.01 -11503.9
1.41 26.8647 2000.01 -11606.2
1.415 27.101 2000 -11708.2
1.42 27.3369 2000 -11810
1.425 27.5734 2000 -11912.1
1.43 27.8091 2000.02 -12014.2
1.435 28.0429 2000.04 -12115.5
1.44 28.277 2000.07 -12217.5
1.445 28.5141 2000.09 -12320.6
1.45 28.763 2000.07 -12427.6
1.455 29.014 2000.1 -12536.2
1.46 29.2701 2000.11 -12646.9
1.465 29.5344 2000.08 -12760.7
1.47 29.8036 2000.06 -12876.7
1.475 30.0766 2000.05 -12994.4
1.48 30.3527 2000.04 -13113.4
1.485 30.631 2000.03 -13233.5
1.49 30.8787 2000.26 -13343.2
1.495 31.1289 2000.36 -13452.3
1.5 31.376 2000.35 -13559.8
1.505 31.627 2000.31 -13668.1
1.51 31.8825 2000.25 -13777.5
1.515 32.139 2000.2 -13887.6
1.52 32.3971 2000.16 -13998.4
1.525 32.6578 2000.12 -14110.6
1.53 32.922 2000.09 -14224.3
1.535 33.1909 2000.07 -14340.2
1.54 33.4653 2000.05 -14458.5
1.545 33.7457 2000.04 -14579.4
1.55 34.032 2000.03 -14702.9
1.555 34.2897 2000.32 -14816.9
1.56 34.555 2000.42 -14932.3
1.565 34.8201 2000.36 -15046.8
1.57 35.0885 2000.29 -15162
1.575 35.357 2000.23 -15277.3
1.58 35.6256 2000.18 -15392.9
1.585 35.8949 2000.14 -15508.8
1.59 36.1653 2000.11 -15625.3
1.595 36.4375 2000.08 -15742.6
1.6 36.7119 2000.06 -15861
1.605 36.9888 2000.05 -15980.4
1.61 37.2684 2000.03 -16101.1
1.615 37.5509 2000.02 -16223
1.62 37.8189 2000.2 -16340
1.625 38.0823 2000.31 -16454.6
1.63 38.351 2000.24 -16570.2
1.635 38.6211 2000.19 -16686.5
1.64 38.8884 2000.18 -16802.3
1.645 39.1545 2000.18 -16917.7
1.65 39.4233 2000.16 -17033.8
1.655 39.6943 2000.13 -17150.6
1.66 39.9649 2000.12 -17267.5
1.665 40.2387 2000.09 -17385.4
1.67 40.5143 2000.07 -17504.2
1.675 40.7757 2000.18 -17619.2
1.68 41.0398 2000.22 -17734.1
1.685 41.3088 2000.17 -17849.5
1.69 41.5766 2000.13 -17964.6
1.695 41.8373 2000.17 -18077
1.7 42.0843 2000.25 -18183.7
1.705 42.3193 2000.27 -18286.2
1.71 42.5451 2000.29 -18384.5
1.715 42.7708 2000.23 -18481.1
1.72 42.9832 2000.26 -18573.5
1.725 43.1932 2000.24 -18664.1
1.73 43.4005 2000.19 -18752.9
1.735 43.6034 2000.15 -18839.9
1.74 43.7828 2000.29 -18919.9
1.745 43.9634 2000.32 -18998.5
1.75 44.1456 2000.26 -19076.1
1.755 44.3247 2000.2 -19152.6
1.76 44.5019 2000.16 -19228.4
1.765 44.6782 2000.13 -19304
1.77 44.851 2000.14 -19378.8
1.775 45.014 2000.2 -19450.2
1.78 45.1837 2000.16 -19522.9
1.785 45.3561 2000.13 -19596.8
1.79 45.5316 2000.1 -19672.3
1.795 45.7077 2000.11 -19748.5
1.8 45.8845 2000.12 -19825.2
1.805 46.0463 2000.35 -19897.4
1.81 46.2155 2000.41 -19971.1
1.815 46.3916 2000.33 -20046.3
1.82 46.5707 2000.27 -20123
1.825 46.7519 2000.21 -20200.7
1.83 46.9148 2000.42 -20273.2
1.835 47.0776 2000.48 -20344.1
1.84 47.2413 2000.42 -20413.8
1.845 47.4016 2000.37 -20482.1
1.85 47.5587 2000.29 -20549.4
1.855 47.7022 2000.35 -20612.8
1.86 47.8432 2000.37 -20673.7
1.865 47.9834 2000.33 -20733
1.87 48.1189 2000.29 -20791
1.875 48.2515 2000.23 -20847.9
1.88 48.3811 2000.19 -20903.8
1.885 48.5069 2000.17 -20958.2
1.89 48.6315 2000.13 -21011.8
1.895 48.7542 2000.1 -21064.6
1.9 48.8751 2000.08 -21116.7
1.905 48.9943 2000.06 -21168
1.91 49.111 2000.16 -21217.5
1.915 49.2225 2000.21 -21265.2
1.92 49.3298 2000.17 -21311.7
1.925 49.4356 2000.13 -21357.6
1.93 49.5397 2000.1 -21402.7
1.935 49.6403 2000.09 -21446.6
1.94 49.7382 2000.08 -21489.1
1.945 49.8342 2000.06 -21530.6
1.95 49.9276 2000.04 -21571
1.955 50.0187 2000.03 -21610.4
1.96 50.1077 2000.02 -21648.8
1.965 50.1945 2000.01 -21686.4
1.97 50.2792 2000 -21723
1.975 50.3616 1999.99 -21758.6
1.98 50.4415 1999.99 -21793.2
1.985 50.5179 2000 -21826.4
1.99 50.5881 2000.04 -21857.3
1.995 50.6564 2000.04 -21886.9
2 50.7228 2000.02 -21915.6
2.005 50.7893 2000.03 -21943.4
2.01 50.8526 2000.04 -21970.2
2.015 50.9111 2000.02 -21995.8
2.02 50.9472 1999.98 -22015.3
2.025 50.9876 1999.96 -22034
2.03 51.0329 2000.02 -22052.1
2.035 51.0742 2000.05 -22068.9
2.04 51.1115 2000.03 -22084.7
2.045 51.1469 2000.02 -22099.7
2.05 51.1803 2000.01 -22113.9
2.055 51.212 2000 -22127.5
2.06 51.2419 1999.99 -22140.3
2.065 51.267 2000.02 -22151.7
2.07 51.2662 2000.01 -22155.9
2.075 51.2708 1999.98 -22158.9
2.08 51.2785 1999.97 -22161.1
2.085 51.2831 1999.96 -22162.2
2.09 51.2655 1999.88 -22157
2.095 51.2506 1999.84 -22150.9
2.1 51.2293 1999.81 -22141.8
2.105 51.1992 1999.77 -22128.9
2.11 51.1745 1999.81 -22116.4
2.115 51.149 1999.84 -22103.8
2.12 51.1229 1999.86 -22091.3
2.125 51.0961 1999.88 -22078.7
2.13 51.0687 1999.89 -22066
2.135 51.0406 1999.91 -22053.2
2.14 51.0118 1999.92 -22040.3
2.145 50.9822 1999.93 -22027.1
2.15 50.9519 1999.93 -22013.6
2.155 50.9206 1999.94 -21999.8
2.16 50.89 1999.98 -21985.9
2.165 50.8576 1999.99 -21971.5
2.17 50.8223 1999.97 -21956.3
2.175 50.7859 1999.97 -21940.6
2.18 50.7478 1999.96 -21924.1
2.185 50.7078 1999.96 -21906.9
2.19 50.6666 1999.97 -21888.7
2.195 50.6235 1999.97 -21869.8
2.2 50.5773 1999.96 -21850
2.205 50.5299 1999.96 -21829.7
2.21 50.4819 1999.95 -21809.1
2.215 50.4235 1999.91 -21785.6
2.22 50.3642 1999.92 -21761
2.225 50.3108 1999.93 -21737.3
2.23 50.26 1999.94 -21714.9
2.235 50.212 1999.95 -21693.7
2.24 50.1669 1999.95 -21673.9
2.245 50.1246 1999.96 -21655.3
2.25 50.0851 1999.96 -21638
2.255 50.0483 1999.97 -21621.9
2.26 50.0142 1999.97 -21607
2.265 49.9829 1999.98 -21593.3
2.27 49.9544 1999.98 -21580.9
2.275 49.9287 1999.98 -21569.7
2.28 49.9054 1999.98 -21559.6
2.285 49.8843 1999.99 -21550.4
2.29 49.8649 1999.99 -21541.9
2.295 49.847 1999.99 -21534.2
2.3 49.8305 1999.99 -21527
2.305 49.8151 1999.99 -21520.3
2.31 49.8008 1999.99 -21514.1
2.315 49.7874 1999.99 -21508.3
2.32 49.7746 2000 -21502.8
2.325 49.7621 2000 -21497.3
2.33 49.7498 2000 -21492
2.335 49.7376 2000 -21486.7
2.34 49.7259 2000 -21481.6
2.345 49.7152 2000 -21477
2.35 49.706 2000 -21473
2.355 49.6988 2000 -21469.9
2.36 49.6943 2000 -21468
2.365 49.6929 2000 -21467.4
2.37 49.6797 1999.95 -21464.2
2.375 49.6589 1999.92 -21457
2.38 49.6356 1999.93 -21446.1
2.385 49.6006 1999.95 -21430.3
2.39 49.5541 1999.96 -21409.6
2.395 49.4968 1999.96 -21384.4
2.4 49.4298 1999.97 -21355.1
2.405 49.3546 1999.97 -21322.3
2.41 49.2725 1999.98 -21286.5
2.415 49.1851 1999.98 -21248.5
2.42 49.0937 1999.98 -21208.8
2.425 48.9994 1999.98 -21167.9
2.43 48.9029 1999.98 -21126.1
2.435 48.8046 1999.98 -21083.5
2.44 48.7042 1999.98 -21040
2.445 48.6014 1999.98 -20995.4
2.45 48.4954 1999.98 -20949.5
2.455 48.386 1999.97 -20902.2
2.46 48.2703 2000.04 -20852.2
2.465 48.1436 2000.14 -20797.5
2.47 48.0115 2000.11 -20740.3
2.475 47.8752 2000.08 -20681.2
2.48 47.7344 2000.05 -20620.3
2.485 47.5892 2000.03 -20557.4
2.49 47.4401 2000.02 -20492.8
2.495 47.2882 2000 -20426.9
2.5 47.1341 2000 -20359.9
2.505 46.9775 1999.99 -20292.3
2.51 46.8203 1999.99 -20224.3
2.515 46.6622 2000 -20156
2.52 46.5046 1999.99 -20087.9
2.525 46.3484 1999.98 -20020.5
2.53 46.1939 1999.97 -19953.8
2.535 46.0414 1999.97 -19888
2.54 45.8914 1999.97 -19823.3
2.545 45.7433 1999.99 -19759.3
2.55 45.5987 1999.98 -19696.9
2.555 45.4588 1999.98 -19636.6
2.56 45.3221 2000 -19577.5
2.565 45.1901 1999.99 -19520.5
2.57 45.0643 1999.97 -19465.9
2.575 44.9419 1999.97 -19413.2
2.58 44.8239 1999.97 -19362.4
2.585 44.7102 1999.97 -19313.5
2.59 44.6006 1999.97 -19266.3
2.595 44.4956 1999.97 -19221
2.6 44.3955 1999.98 -19177.9
2.605 44.3008 1999.98 -19137.1
2.61 44.2118 1999.98 -19098.7
2.615 44.1263 2000.01 -19062.2
2.62 44.0438 2000.05 -19027
2.625 43.9667 2000.04 -18993.6
2.63 43.8937 2000.03 -18962.1
2.635 43.8242 2000.02 -18932
2.64 43.7576 2000.02 -18903.2
2.645 43.6936 2000.01 -18875.5
2.65 43.6317 2000.01 -18848.8
2.655 43.5719 2000.01 -18823
2.66 43.5144 2000.01 -18798.1
2.665 43.4593 2000 -18774.3
2.67 43.407 2000 -18751.8
2.675 43.358 2000 -18730.6
2.68 43.3127 2000 -18711
2.685 43.272 2000 -18693.4
2.69 43.2366 2000 -18678.2
2.695 43.2073 2000 -18665.5
2.7 43.1846 2000 -18655.7
2.705 43.1685 2000 -18648.8
2.71 43.1587 2000 -18644.5
2.715 43.1544 2000 -18642.7
2.72 43.1545 2000 -18642.7
2.725 43.1588 2000 -18644.5
2.73 43.1651 2000 -18647.3
2.735 43.172 2000 -18650.2
2.74 43.1777 2000 -18652.7
2.745 43.1813 2000 -18654.3
2.75 43.1819 2000 -18654.5
2.755 43.1792 2000 -18653.4
2.76 43.1736 2000 -18651
2.765 43.1653 2000 -18647.4
2.77 43.1547 2000 -18642.8
2.775 43.1416 2000 -18637.1
2.78 43.1255 2000 -18630.2
2.785 43.1059 2000 -18621.7
2.79 43.0824 2000 -18611.6
2.795 43.0547 2000 -18599.6
2.8 43.0229 1999.99 -18585.8
2.805 42.9873 1999.99 -18570.3
2.81 42.9483 1999.99 -18553.4
2.815 42.9066 1999.99 -18535.3
2.82 42.8625 1999.98 -18516.2
2.825 42.816 1999.98 -18496
2.83 42.7666 1999.98 -18474.6
2.835 42.7131 1999.98 -18451.4
2.84 42.6542 1999.97 -18425.9
2.845 42.5887 1999.97 -18397.4
2.85 42.5152 1999.96 -18365.5
2.855 42.4329 1999.96 -18329.9
2.86 42.3411 1999.95 -18290
2.865 42.2388 1999.94 -18245.7
2.87 42.1251 1999.94 -18196.5
2.875 41.9991 1999.94 -18141.9
2.88 41.8596 1999.93 -18081.5
2.885 41.7056 1999.93 -18014.9
2.89 41.5362 1999.93 -17941.7
2.895 41.3507 1999.93 -17861.5
2.9 41.1428 2000 -17772.5
2.905 40.9121 2000.06 -17673.6
2.91 40.6636 2000.04 -17565.9
2.915 40.3949 2000.02 -17449.6
2.92 40.1059 2000 -17324.6
2.925 39.7967 1999.99 -17190.9
2.93 39.4676 1999.98 -17048.7
2.935 39.1139 2000.06 -16896
2.94 38.7315 2000.15 -16730.7
2.945 38.3311 2000 -16556.9
2.95 37.91 1999.92 -16374.7
2.955 37.4682 1999.92 -16184
2.96 37.0024 1999.95 -15983.6
2.965 36.5136 1999.97 -15773
2.97 36.0022 1999.98 -15552.4
2.975 35.41 2000.38 -15302.6
2.98 34.805 2000.32 -15040.8
2.985 34.07 2001.3 -14737.2
2.99 33.2609 2002.1 -14396.4
2.995 32.2868 2002.85 -13988.6
3 31.2045 2003.39 -13531.7
3.005 30.0498 2003.46 -13035.5
3.01 28.6479 2004.35 -12437.3
3.015 27.0424 2005.11 -11754.6
3.02 25.3084 2005.13 -11008.5
3.025 23.2288 2005.76 -10118.8
3.03 20.9025 2006.04 -9122.43
3.035 18.4866 2005.54 -8073.07
3.04 15.9811 2004.61 -6978.09
3.045 13.287 2004.1 -5810.37
3.05 10.4302 2003.66 -4576.26
3.055 7.47866 2003.65 -3292.8
3.06 4.4397 2003.8 -1961.82
3.065 0.907473 2003.77 -479.154
3.07 -2.71567 2003.1 1060.64
3.075 -6.111 2001.43 2549.61
3.08 -9.44705 1999.6 4013.6
3.085 -12.8416 1999.02 5498.14
3.09 -16.1739 1998.99 6968.1
3.095 -19.5155 1999.06 8434.79
3.1 -22.9504 1998.78 9923.74
3.105 -26.2488 1999.63 11368.8
3.11 -29.0409 2003.49 12626.4
3.115 -31.7713 2005.8 13830.1
3.12 -34.4621 2006.03 14994.7
3.125 -36.9625 2006 16075.6
3.13 -39.3124 2006.02 17102.1
3.135 -41.4421 2006.93 18040.6
3.14 -43.3896 2007.3 18904.7
3.145 -45.0729 2009.48 19666.1
3.15 -46.5097 2011.38 20311.5
3.155 -47.8038 2012.79 20854.6
3.16 -48.9265 2012.24 21323.4
3.165 -49.8629 2009.8 21731.9
3.17 -50.5406 2008.78 22049.5
3.175 -50.6992 2006.38 22193.4
3.18 -49.998 2001.08 22031.7
3.185 -49.212 1996.53 21722.7
3.19 -48.2812 1995.1 21288.2
3.195 -47.3544 1995.55 20811.4
3.2 -46.2618 1994.41 20282.1
3.205 -45.7921 1996.18 19959.8
3.21 -45.2563 1997.67 19658.8
3.215 -44.8817 1998.98 19435.7
3.22 -44.2979 1997.56 19184.7
3.225 -43.7173 1996.86 18926.5
3.23 -43.5001 1998.8 18775.6
3.235 -43.6083 2001.09 18753.6
3.24 -43.6302 2001.3 18754.1
3.245 -43.5211 1999.5 18733.3
3.25 -43.4029 1998.05 18703
3.255 -43.375 1998.87 18692.4
3.26 -43.3638 1999.67 18688.8
3.265 -43.3173 1999.27 18678.9
3.27 -43.2701 1998.88 18666.9
3.275 -43.2196 1998.46 18652.2
3.28 -43.163 1997.96 18634
3.285 -43.0804 1996.72 18606.3
3.29 -42.9819 1995.63 18570.3
3.295 -42.889 1995.49 18532.6
3.3 -42.7966 1995.46 18493.1
3.305 -42.727 1995.91 18460.8
3.31 -42.6327 1995.66 18422.2
3.315 -42.4847 1992.82 18365.3
3.32 -42.1559 1984.63 18243.1
3.325 -41.9548 1991.8 18141.7
3.33 -42.0104 2016.39 18132.7
3.335 -41.8568 2011.23 18072.3
3.34 -41.7783 2010.6 18031.7
3.345 -41.6982 2009.57 17994.7
3.35 -41.5283 2003.92 17932.5
3.355 -41.3847 2001.24 17873.6
3.36 -41.3502 2001.4 17851.3
3.365 -41.3504 2002.15 17845.3
3.37 -41.3929 2004.02 17856.5
3.375 -41.4236 2004.68 17871.6
3.38 -41.4383 2003.84 17882.6
3.385 -41.456 2003.09 17893.9
3.39 -41.4762 2002.47 17905.6
3.395 -41.4984 2001.97 17917.6
3.4 -41.5221 2001.55 17929.7
3.405 -41.547 2001.2 17942.1
3.41 -41.5727 2000.9 17954.4
3.415 -41.5989 2000.64 17966.8
3.42 -41.6253 2000.4 17979.1
3.425 -41.6515 2000.16 17991.2
3.43 -41.6746 1999.67 18002.1
3.435 -41.6921 1998.93 18010.8
3.44 -41.4538 2000.16 17942.3
3.445 -41.6638 2043.04 18024.9
3.45 -41.7694 2033.41 18066.1
3.455 -41.7679 2027.78 18072
3.46 -41.7928 2022.83 18077.8
3.465 -41.817 2018.79 18084.2
3.47 -41.8408 2015.4 18091
3.475 -41.8645 2012.57 18098.4
3.48 -41.8885 2010.21 18106.3
3.485 -41.9128 2008.28 18114.9
3.49 -41.9374 2006.71 18123.9
3.495 -41.9623 2005.42 18133.3
3.5 -41.9873 2004.38 18143.1
3.505 -42.0125 2003.54 18153.1
3.51 -42.0378 2002.86 18163.3
3.515 -42.0631 2002.31 18173.6
3.52 -42.0883 2001.87 18184.1
3.525 -42.1135 2001.51 18194.6
3.53 -42.1395 2001.29 18205.4
3.535 -42.1668 2001.19 18216.8
3.54 -42.1926 2000.96 18227.8
3.545 -42.2182 2000.78 18238.8
3.55 -42.2438 2000.63 18249.7
3.555 -42.2692 2000.51 18260.6
3.56 -42.2944 2000.41 18271.4
3.565 -42.3194 2000.33 18282.2
3.57 -42.3441 2000.27 18292.8
3.575 -42.3687 2000.22 18303.4
3.58 -42.3931 2000.17 18313.9
3.585 -42.4167 2000.06 18324.1
3.59 -42.4397 1999.93 18334.1
3.595 -42.4632 1999.93 18344.3
3.6 -42.4865 1999.94 18354.3
3.605 -42.5095 1999.94 18364.2
3.61 -42.5377 2000.48 18375.8
3.615 -42.5632 2000.67 18386.6
3.62 -42.5861 2000.54 18396.6
3.625 -42.6088 2000.43 18406.5
3.63 -42.6314 2000.34 18416.4
3.635 -42.6539 2000.28 18426.2
3.64 -42.6762 2000.22 18435.9
3.645 -42.6984 2000.18 18445.4
3.65 -42.7203 2000.15 18454.9
3.655 -42.7418 2000.12 18464.2
3.66 -42.763 2000.1 18473.4
3.665 -42.784 2000.08 18482.5
3.67 -42.8046 2000.06 18491.5
3.675 -42.8249 2000.05 18500.3
3.68 -42.845 2000.04 18508.9
3.685 -42.8647 2000.03 18517.5
3.69 -42.8841 2000.03 18525.9
3.695 -42.9033 2000.02 18534.2
3.7 -42.9221 2000.02 18542.3
3.705 -42.9407 2000.01 18550.4
3.71 -42.959 2000.01 18558.3
3.715 -42.977 2000.01 18566.1
3.72 -42.9948 2000.01 18573.7
3.725 -43.0122 2000.01 18581.3
3.73 -43.0294 2000 18588.7
3.735 -43.0463 2000 18596
3.74 -43.0629 2000 18603.2
3.745 -43.0792 2000 18610.2
3.75 -43.0952 2000 18617.1
3.755 -43.1109 2000 18623.9
3.76 -43.1263 2000 18630.5
3.765 -43.1413 2000 18637
3.77 -43.156 2000 18643.4
3.775 -43.1703 2000 18649.6
3.78 -43.1843 2000 18655.6
3.785 -43.198 2000 18661.5
3.79 -43.2112 2000 18667.3
3.795 -43.2241 2000 18672.8
3.8 -43.2367 2000 18678.2
3.805 -43.2488 2000 18683.5
3.81 -43.2605 2000 18688.5
3.815 -43.2718 2000 18693.4
3.82 -43.2828 2000 18698.2
3.825 -43.2934 2000 18702.7
3.83 -43.3036 2000 18707.1
3.835 -43.3134 2000 18711.4
3.84 -43.3229 2000 18715.5
3.845 -43.332 2000 18719.4
3.85 -43.3408 2000 18723.2
3.855 -43.3493 2000 18726.9
3.86 -43.3575 2000 18730.4
3.865 -43.3654 2000 18733.9
3.87 -43.373 2000 18737.2
3.875 -43.3804 2000 18740.3
3.88 -43.3875 2000 18743.4
3.885 -43.3943 2000 18746.3
3.89 -43.4009 2000 18749.2
3.895 -43.4073 2000 18751.9
3.9 -43.4134 2000 18754.6
3.905 -43.4192 2000 18757.1
3.91 -43.4249 2000 18759.5
3.915 -43.4303 2000 18761.9
3.92 -43.4355 2000 18764.1
3.925 -43.4405 2000 18766.3
3.93 -43.4454 2000 18768.4
3.935 -43.4501 2000 18770.4
3.94 -43.4546 2000 18772.4
3.945 -43.459 2000 18774.3
3.95 -43.4632 2000 18776.1
3.955 -43.4673 2000 18777.9
3.96 -43.4712 2000 18779.6
3.965 -43.4751 2000 18781.2
3.97 -43.4788 2000 18782.9
3.975 -43.4825 2000 18784.4
3.98 -43.486 2000 18786
3.985 -43.4895 2000 18787.5
3.99 -43.4929 2000 18788.9
3.995 -43.4961 2000 18790.3
4 -43.4994 2000 18791.7
4.005 -43.5025 2000 18793.1
4.01 -43.5055 2000 18794.4
4.015 -43.5085 2000 18795.7
4.02 -43.5114 2000 18796.9
4.025 -43.5143 2000 18798.2
4.03 -43.5171 2000 18799.4
4.035 -43.5199 2000 18800.6
4.04 -43.5227 2000 18801.8
4.045 -43.5255 2000 18803
4.05 -43.5284 2000 18804.3
4.055 -43.5313 2000 18805.5
4.06 -43.5344 2000 18806.8
4.065 -43.5375 2000 18808.2
4.07 -43.5407 2000 18809.6
4.075 -43.5441 2000 18811
4.08 -43.5475 2000 18812.5
4.085 -43.551 2000 18814
4.09 -43.5546 2000 18815.6
4.095 -43.5583 2000 18817.2
4.1 -43.5621 2000 18818.8
4.105 -43.5659 2000 18820.5
4.11 -43.5697 2000 18822.1
4.115 -43.5735 2000 18823.7
4.12 -43.5772 2000 18825.4
4.125 -43.581 2000 18827
4.13 -43.5846 2000 18828.6
4.135 -43.5882 2000 18830.1
4.14 -43.5917 2000 18831.6
4.145 -43.5951 2000 18833.1
4.15 -43.5983 2000 18834.5
4.155 -43.6015 2000 18835.9
4.16 -43.6046 2000 18837.2
4.165 -43.6076 2000 18838.5
4.17 -43.6105 2000 18839.7
4.175 -43.6133 2000 18841
4.18 -43.616 2000 18842.1
4.185 -43.6186 2000 18843.2
4.19 -43.6211 2000 18844.3
4.195 -43.6234 2000 18845.3
4.2 -43.6256 2000 18846.3
4.205 -43.6277 2000 18847.1
4.21 -43.6296 2000 18848
4.215 -43.6314 2000 18848.8
4.22 -43.6331 2000 18849.5
4.225 -43.6347 2000 18850.2
4.23 -43.6362 2000 18850.8
4.235 -43.6376 2000 18851.5
4.24 -43.639 2000 18852.1
4.245 -43.6404 2000 18852.7
4.25 -43.6417 2000 18853.2
4.255 -43.643 2000 18853.8
4.26 -43.6443 2000 18854.3
4.265 -43.6455 2000 18854.8
4.27 -43.6466 2000 18855.3
4.275 -43.6477 2000 18855.8
4.28 -43.6488 2000 18856.3
4.285 -43.6497 2000 18856.7
4.29 -43.6505 2000 18857
4.295 -43.6512 2000 18857.3
4.3 -43.6517 2000 18857.5
4.305 -43.652 2000 18857.7
4.31 -43.6521 2000 18857.7
4.315 -43.6386 1999.99 18853.9
4.32 -43.6071 1999.98 18842.1
4.325 -43.5623 1999.98 18821.9
4.33 -43.4963 1999.98 18792.6
4.335 -43.409 1999.98 18754.1
4.34 -43.3011 1999.97 18706.4
4.345 -43.1746 1999.95 18650.4
4.35 -43.0324 1999.92 18587.1
4.355 -42.8785 1999.88 18518.2
4.36 -42.7173 1999.84 18445.8
4.365 -42.5539 1999.82 18371.6
4.37 -42.3912 1999.78 18298
4.375 -42.2326 1999.7 18226.7
4.38 -42.0815 1999.64 18159.1
4.385 -41.9389 1999.54 18096
4.39 -41.8057 1999.47 18037.6
4.395 -41.6815 1999.43 17983.8
4.4 -41.5658 1999.41 17934.3
4.405 -41.4577 1999.43 17888.5
4.41 -41.356 1999.45 17845.9
4.415 -41.2601 1999.47 17806
4.42 -41.169 1999.49 17768.2
4.425 -41.0822 1999.51 17732.3
4.43 -40.9983 1999.48 17697.7
4.435 -40.9177 1999.45 17664.4
4.44 -40.8406 1999.47 17632.4
4.445 -40.7657 1999.49 17601.3
4.45 -40.6927 1999.49 17570.9
4.455 -40.6216 1999.49 17541.2
4.46 -40.5521 1999.49 17512
4.465 -40.4842 1999.48 17483.5
4.47 -40.4179 1999.46 17455.6
4.475 -40.3534 1999.43 17428.3
4.48 -40.2907 1999.39 17401.8
4.485 -40.2303 1999.35 17376.2
4.49 -40.1722 1999.29 17351.5
4.495 -40.1154 1999.1 17327.5
4.5 -40.0629 1998.91 17305.4
4.505 -40.018 1998.82 17286.2
4.51 -39.9786 1998.05 17269.1
4.515 -39.9544 1997.92 17258.8
4.52 -39.9379 1998.09 17252.3
4.525 -39.9245 1998.32 17246.9
4.53 -39.9073 1998.2 17240.4
4.535 -39.8967 1998.2 17236.5
4.54 -39.8944 1998.41 17235.7
4.545 -39.8919 1998.54 17234.8
4.55 -39.8907 1998.61 17234.6
4.555 -39.8828 1998.19 17232.8
4.56 -39.9253 1998.53 17247.8
4.565 -39.9837 1999.14 17269.5
4.57 -40.0086 1998.95 17282.2
4.575 -40.0614 1998.93 17304.8
4.58 -40.1093 2003.51 17327.3
4.585 -40.0746 2009.09 17310.4
4.59 -39.9774 2009.9 17260.8
4.595 -39.8571 2007.84 17206.7
4.6 -39.7536 2006.64 17161
4.605 -39.6532 2005.52 17118.3
4.61 -39.5569 2004.52 17077.9
4.615 -39.4645 2003.72 17039.4
4.62 -39.3749 2003.06 17002.1
4.625 -39.2876 2002.51 16965.5
4.63 -39.2022 2002.06 16929.7
4.635 -39.118 2001.69 16894.2
4.64 -39.0352 2001.12 16859
4.645 -38.9557 2000.66 16825.2
4.65 -38.879 2000.49 16792.6
4.655 -38.8027 2000.34 16760.1
4.66 -38.7268 2000.22 16727.7
4.665 -38.6513 2000.11 16695.4
4.67 -38.5757 1999.98 16663.1
4.675 -38.5005 1999.86 16630.8
4.68 -38.4263 1999.79 16599
4.685 -38.3525 1999.73 16567.2
4.69 -38.2792 1999.66 16535.6
4.695 -38.2063 1999.6 16504.2
4.7 -38.1341 1999.53 16473.1
4.705 -38.0627 1999.45 16442.3
4.71 -37.9924 1999.36 16411.9
4.715 -37.9234 1999.27 16382.2
4.72 -37.8564 1999.15 16353.2
4.725 -37.7921 1999.01 16325.4
4.73 -37.7316 1998.78 16299.2
4.735 -37.678 1998.53 16275.9
4.74 -37.6348 1998.1 16256.7
4.745 -37.6072 1997.74 16244.9
4.75 -37.595 1998.16 16239.9
4.755 -37.5806 1998.49 16234
4.76 -37.5606 1998.47 16226.2
4.765 -37.5439 1998.54 16219.5
4.77 -37.5233 1998.26 16211.9
4.775 -37.5106 1998.01 16207.5
4.78 -37.5119 1998.13 16208.3
4.785 -37.4904 2003.14 16203.6
4.79 -37.427 2004.81 16177.1
4.795 -37.3237 2002.93 16131.5
4.8 -37.2356 2001.77 16092.1
4.805 -37.1598 2001.81 16058.2
4.81 -37.0806 2001.64 16022.9
4.815 -36.9992 2001.06 15986.6
4.82 -36.9237 2000.56 15953.1
4.825 -36.8549 2000.12 15922.6
4.83 -36.7938 1999.72 15895.6
4.835 -36.7426 1999.11 15872.7
4.84 -36.6897 1998.48 15851.3
4.845 -36.6452 1998.11 15833.8
4.85 -36.6138 1998.04 15821.1
4.855 -36.5923 1998.21 15811.7
4.86 -36.5754 1998.49 15803.9
4.865 -36.557 1998.7 15795.6
4.87 -36.5383 1998.95 15787.2
4.875 -36.5086 1999.51 15774.2
4.88 -36.4292 2003.53 15746.1
4.885 -36.2998 2004.94 15695
4.89 -36.1288 2001.95 15623.3
4.895 -36.0126 2000.91 15568.7
4.9 -35.9056 2000.31 15519.8
4.905 -35.808 1999.83 15475.3
4.91 -35.7191 1999.32 15435.1
4.915 -35.6453 1998.97 15401.2
4.92 -35.5863 1998.52 15373.8
4.925 -35.5403 1998.04 15353.6
4.93 -35.505 1998.1 15339.3
4.935 -35.4607 1997.62 15322.6
4.94 -35.2759 2010.49 15268.3
4.945 -34.9948 2013.42 15166.9
4.95 -34.7202 2007.83 15048.5
4.955 -34.5041 2006.55 14944.1
4.96 -34.3047 2004.3 14846.7
4.965 -34.1139 2002.65 14756.1
4.97 -33.9358 2001.61 14673.7
4.975 -33.7657 2000.8 14596.3
4.98 -33.6057 2000.11 14524.1
4.985 -33.4577 1999.53 14457.5
4.99 -33.3226 1998.99 14396.8
4.995 -33.2028 1998.44 14343
5 -33.0994 1997.74 14296.7
5.005 -33.0208 1996.7 14260.6
5.01 -32.9942 1995.91 14246.1
5.015 -32.9953 1996.43 14246.5
5.02 -32.9962 1996.73 14248.7
5.025 -32.8379 2006.32 14207.3
5.03 -32.5706 2013.4 14111.2
5.035 -32.3486 2010.73 14005.6
5.04 -32.1343 2008.84 13905.2
5.045 -31.9201 2007.29 13807.3
5.05 -31.7062 2005.95 13711.1
5.055 -31.5057 2004.1 13619.5
5.06 -31.326 2002.26 13537
5.065 -31.1517 2001.5 13459.8
5.07 -30.9851 2000.82 13386.3
5.075 -30.8275 2000.17 13316.8
5.08 -30.6805 1999.62 13252
5.085 -30.5455 1999.13 13192.4
5.09 -30.4245 1998.63 13138.9
5.095 -30.3207 1998.1 13092.6
5.1 -30.2382 1997.19 13055.4
5.105 -30.191 1996.31 13032.7
5.11 -30.2027 1996.53 13035.6
5.115 -30.2174 1997.08 13044.1
5.12 -30.0031 2006.94 12988.1
5.125 -29.6912 2015.43 12878.6
5.13 -29.4791 2012.71 12772.4
5.135 -29.2558 2010.27 12667.9
5.14 -29.029 2008.3 12564.1
5.145 -28.8008 2006.7 12460.9
5.15 -28.5716 2005.41 12358.2
5.155 -28.3417 2004.36 12256
5.16 -28.0959 2004.22 12149.8
5.165 -27.8363 2004.26 12038.3
5.17 -27.6066 2002.75 11934.3
5.175 -27.3719 2002.09 11831
5.18 -27.1381 2001.56 11728.3
5.185 -26.9053 2001.11 11626.4
5.19 -26.6738 2000.75 11525.3
5.195 -26.4438 2000.45 11425
5.2 -26.2155 2000.19 11325.6
5.205 -25.9892 1999.97 11227.2
5.21 -25.7763 1999.27 11132.8
5.215 -25.5777 1998.53 11044.5
5.22 -25.3838 1998.32 10960.1
5.225 -25.201 1997.8 10880.1
5.23 -25.0328 1997.29 10806.1
5.235 -24.8845 1996.82 10740.4
5.24 -24.7635 1996.12 10685.7
5.245 -24.7106 1993.77 10655.3
5.25 -24.3926 2005.82 10561.6
5.255 -24.0065 2015.66 10427.6
5.26 -23.7512 2012.2 10306.2
5.265 -23.4901 2009.64 10184.5
5.27 -23.2253 2007.74 10062.9
5.275 -22.959 2006.16 9941.89
5.28 -22.6898 2004.94 9821.01
5.285 -22.4179 2004.07 9700.01
5.29 -22.1448 2003.35 9579.15
5.295 -21.8715 2002.71 9458.66
5.3 -21.598 2002.19 9338.56
5.305 -21.3855 1999.15 9235.97
5.31 -21.1685 1997.73 9137.12
5.315 -20.9505 1997.75 9042.88
5.32 -20.7436 1997.68 8953.18
5.325 -20.5493 1997.55 8868.76
5.33 -20.3703 1997.33 8790.72
5.335 -20.2095 1997.06 8720.25
5.34 -20.0718 1996.54 8659.34
5.345 -19.9698 1995.51 8612.77
5.35 -19.8023 1998.68 8553.86
5.355 -19.3772 2008.53 8404.22
5.36 -19.1068 2006.56 8279.74
5.365 -18.8374 2005.08 8157.9
5.37 -18.5685 2004.09 8037.82
5.375 -18.3033 2003.32 7919.98
5.38 -18.0423 2002.72 7804.45
5.385 -17.7858 2002.2 7691.67
5.39 -17.5351 2001.79 7581.73
5.395 -17.2904 2001.45 7474.76
5.4 -17.0521 2001.18 7370.79
5.405 -16.8204 2000.96 7269.87
5.41 -16.5957 2000.81 7171.7
5.415 -16.3769 2000.68 7076.49
5.42 -16.1641 2000.55 6984.24
5.425 -15.9579 2000.45 6894.89
5.43 -15.7583 2000.37 6808.45
5.435 -15.6021 1998.86 6735.72
5.44 -15.4565 1998.01 6669.86
5.445 -15.3103 1998.22 6607.47
5.45 -15.1595 1998.84 6544.78
5.455 -14.9672 2000.36 6467.71
5.46 -14.8034 2000.24 6396.4
5.465 -14.6454 2000.15 6327.71
5.47 -14.4929 2000.09 6261.48
5.475 -14.3455 2000.03 6197.54
5.48 -14.2028 1999.99 6135.72
5.485 -14.0647 1999.96 6075.86
5.49 -13.9306 1999.93 6017.81
5.495 -13.8003 1999.91 5961.41
5.5 -13.6734 1999.89 5906.52
5.505 -13.5496 1999.87 5853
5.51 -13.4287 1999.86 5800.71
5.515 -13.3104 1999.85 5749.57
5.52 -13.1945 1999.85 5699.49
5.525 -13.081 1999.84 5650.41
5.53 -12.9697 1999.84 5602.3
5.535 -12.8604 1999.83 5555.1
5.54 -12.7454 2000.08 5506.46
5.545 -12.5817 2001.4 5441.37
5.55 -12.4484 2001.03 5382.51
5.555 -12.3141 2000.83 5323.54
5.56 -12.1797 2000.67 5264.72
5.565 -12.0452 2000.54 5206.01
5.57 -11.9106 2000.44 5147.35
5.575 -11.7758 2000.35 5088.74
5.58 -11.6409 2000.28 5030.12
5.585 -11.5058 2000.23 4971.5
5.59 -11.3705 2000.18 4912.85
5.595 -11.235 2000.15 4854.16
5.6 -11.0995 2000.12 4795.47
5.605 -10.9639 2000.1 4736.81
5.61 -10.8286 2000.08 4678.26
5.615 -10.6937 2000.06 4619.92
5.62 -10.5596 2000.05 4561.91
5.625 -10.4264 2000.04 4504.34
5.63 -10.2945 2000.03 4447.32
5.635 -10.164 2000.02 4390.93
5.64 -10.04 1999.85 4336.66
5.645 -9.91613 1999.79 4282.9
5.65 -9.79276 1999.83 4229.75
5.655 -9.6718 1999.86 4177.62
5.66 -9.55345 1999.88 4126.59
5.665 -9.43788 1999.9 4076.74
5.67 -9.32532 1999.91 4028.18
5.675 -9.21603 1999.93 3981.02
5.68 -9.11033 1999.94 3935.4
5.685 -9.00858 1999.95 3891.48
5.69 -8.91113 1999.95 3849.41
5.695 -8.81834 1999.96 3809.35
5.7 -8.73056 1999.96 3771.45
5.705 -8.64815 1999.97 3735.87
5.71 -8.57149 1999.97 3702.77
5.715 -8.50096 1999.98 3672.32
5.72 -8.43693 1999.98 3644.67
5.725 -8.37977 1999.98 3619.99
5.73 -8.32983 1999.98 3598.42
5.735 -8.28739 1999.99 3580.1
5.74 -8.2526 1999.99 3565.08
5.745 -8.22544 1999.99 3553.35
5.75 -8.20576 1999.99 3544.86
5.755 -8.19324 1999.99 3539.45
5.76 -8.18741 1999.99 3536.94
5.765 -8.18835 2000 3537.25
5.77 -8.2075 2000.01 3544.85
5.775 -8.23837 2000 3558.35
5.78 -8.28032 2000 3576.62
5.785 -8.33077 2000 3598.57
5.79 -8.38733 2000 3623.15
5.795 -8.4475 2000 3649.3
5.8 -8.50854 1999.99 3675.81
5.805 -8.56757 1999.99 3701.43
5.81 -8.62189 1999.99 3724.98
5.815 -8.66924 1999.99 3745.49
5.82 -8.70774 1999.99 3762.13
5.825 -8.73576 1999.99 3774.2
5.83 -8.75169 1999.99 3781.04
5.835 -8.75389 1999.99 3781.93
5.84 -8.73872 1999.99 3775.6
5.845 -8.70607 1999.98 3761.54
5.85 -8.65727 2000 3739.98
5.855 -8.59465 2000.02 3712.02
5.86 -8.52261 2000.05 3679.48
5.865 -8.44529 2000.09 3644.29
5.87 -8.36518 2000.13 3607.9
5.875 -8.28541 2000.07 3571.67
5.88 -8.20515 1999.94 3535.68
5.885 -8.11886 1999.95 3498.22
5.89 -8.02735 1999.99 3459.06
5.895 -7.93034 2000.01 3417.81
5.9 -7.8271 2000.03 3374.01
5.905 -7.71704 2000.03 3327.3
5.91 -7.59964 2000.04 3277.41
5.915 -7.47459 2000.03 3224.15
5.92 -7.34175 2000.03 3167.46
5.925 -7.2012 2000.02 3107.35
5.93 -7.05322 2000.01 3043.96
5.935 -6.89831 2000 2977.49
5.94 -6.73713 1999.99 2908.25
5.945 -6.57042 1999.99 2836.55
5.95 -6.39899 1999.98 2762.77
5.955 -6.22367 1999.97 2687.26
5.96 -6.04737 1999.88 2611
5.965 -5.86905 1999.82 2533.96
5.97 -5.68849 1999.85 2456.19
5.975 -5.52168 1999.44 2382.42
5.98 -5.37392 1998.85 2316.07
5.985 -5.22102 1998.83 2250.34
5.99 -5.0722 1998.86 2186.39
5.995 -4.92781 1998.97 2124.47
6 -4.78942 1999.05 2065.04
6.005 -4.6575 1999.12 2008.33
6.01 -4.53832 1998.79 1956.25
6.015 -4.27471 2003.07 1862.91
6.02 -4.07615 2004.48 1783.9
6.025 -3.93433 2003.37 1717.9
6.03 -3.79418 2002.68 1653.74
6.035 -3.65901 2002.16 1592.49
6.04 -3.53026 2001.74 1534.57
6.045 -3.40874 2001.4 1480.22
6.05 -3.29517 2001.12 1429.66
6.055 -3.19018 2000.9 1383.1
6.06 -3.09434 2000.73 1340.74
6.065 -3.00817 2000.58 1302.73
6.07 -2.93208 2000.47 1269.24
6.075 -2.8664 2000.38 1240.36
6.08 -2.81134 2000.3 1216.17
6.085 -2.76698 2000.24 1196.68
6.09 -2.73327 2000.2 1181.85
6.095 -2.71007 2000.16 1171.62
6.1 -2.69725 2000.13 1165.91
6.105 -2.69466 2000.1 1164.66
6.11 -2.72268 2000.12 1173.89
6.115 -2.77709 2000.13 1195.49
6.12 -2.85239 2000.1 1228.94
6.125 -2.95463 2000.08 1273.98
6.13 -3.08176 2000.05 1329.84
6.135 -3.23117 2000.01 1395.45
6.14 -3.39981 1999.98 1469.53
6.145 -3.5844 1999.93 1550.65
6.15 -3.78182 1999.89 1637.43
6.155 -3.98948 1999.84 1728.69
6.16 -4.20541 1999.8 1823.49
6.165 -4.42827 1999.76 1921.2
6.17 -4.65722 1999.73 2021.38
6.175 -4.89174 1999.7 2123.77
6.18 -5.13145 1999.68 2228.16
6.185 -5.37598 1999.67 2334.37
6.19 -5.62538 1999.6 2442.34
6.195 -5.87825 1999.53 2551.61
6.2 -6.13286 1999.46 2661.47
6.205 -6.39013 1999.51 2772.24
6.21 -6.6513 1999.56 2884.54
6.215 -6.89089 2000.26 2990.98
6.22 -7.11859 2000.92 3092.11
6.225 -7.36834 2000.69 3197.88
6.23 -7.62034 2000.54 3304.96
6.235 -7.87583 2000.43 3413.76
6.24 -8.13533 2000.34 3524.48
6.245 -8.39927 2000.26 3637.28
6.25 -8.668 2000.21 3752.31
6.255 -8.94193 2000.16 3869.71
6.26 -9.22152 2000.12 3989.68
6.265 -9.50731 2000.1 4112.42
6.27 -9.79978 2000.07 4238.14
6.275 -10.0993 2000.06 4367
6.28 -10.4062 2000.04 4499.09
6.285 -10.7206 2000.03 4634.49
6.29 -11.0426 2000.02 4773.23
6.295 -11.372 1999.91 4915.25
6.3 -11.7084 1999.84 5060.33
6.305 -12.0523 1999.87 5208.62
6.31 -12.4045 1999.9 5360.56
6.315 -12.7654 1999.92 5516.26
6.32 -13.135 1999.97 5675.78
6.325 -13.5139 1999.99 5839.35
6.33 -13.9009 1999.88 6006.57
6.335 -14.2964 1999.84 6177.35
6.34 -14.7007 1999.87 6351.88
6.345 -15.1142 1999.89 6530.35
6.35 -15.5365 1999.91 6712.67
6.355 -15.9675 1999.93 6898.75
6.36 -16.4063 1999.92 7088.29
6.365 -16.8524 1999.91 7280.97
6.37 -17.3056 1999.95 7476.56
6.375 -17.7649 2000.02 7674.59
6.38 -18.1506 2002.54 7852.54
6.385 -18.5369 2003.89 8026.05
6.39 -18.9671 2002.96 8207.92
6.395 -19.3974 2002.41 8390.77
6.4 -19.8306 2001.94 8575.8
6.405 -20.2675 2001.57 8762.85
6.41 -20.7086 2001.58 8949.7
6.415 -21.1364 2001.89 9134.46
6.42 -21.5279 2002.59 9308.07
6.425 -21.9429 2002.07 9485.81
6.43 -22.3605 2001.67 9665
6.435 -22.7787 2001.22 9844.95
6.44 -23.1985 2000.88 10025.7
6.445 -23.6214 2000.71 10207.7
6.45 -24.047 2000.57 10390.9
6.455 -24.4751 2000.46 10575.3
6.46 -24.9053 2000.37 10760.8
6.465 -25.3379 2000.37 10946.8
6.47 -25.6996 2002.67 11112.5
6.475 -26.0141 2004.46 11258.3
6.48 -26.3657 2003.53 11406.2
6.485 -26.7154 2002.84 11554.1
6.49 -27.0636 2002.29 11702
6.495 -27.4103 2001.85 11849.8
6.5 -27.7554 2001.49 11997.2
6.505 -28.0941 2000.97 12142.8
6.51 -28.428 2000.53 12286.6
6.515 -28.7598 2000.34 12429
6.52 -29.09 2000.28 12570.7
6.525 -29.4181 2000.22 12711.7
6.53 -29.7439 2000.18 12851.9
6.535 -30.0547 1999.65 12987.3
6.54 -30.3651 1999.46 13121.6
6.545 -30.6778 1999.73 13253.8
6.55 -30.9071 2003.16 13364.6
6.555 -31.1392 2004.35 13469.8
6.56 -31.3856 2003.37 13572.7
6.565 -31.6284 2002.72 13674.9
6.57 -31.8613 2001.93 13774.2
6.575 -32.0884 2001.32 13871.1
6.58 -32.3148 2001.06 13967.2
6.585 -32.5379 2000.86 14062.1
6.59 -32.7577 2000.7 14156
6.595 -32.973 2000.52 14248.2
6.6 -33.1812 2000.3 14337.8
6.605 -33.3672 2001.26 14421
6.61 -33.5522 2001.5 14501.6
6.615 -33.7266 2000.94 14576.6
6.62 -33.9007 2000.76 14650.5
6.625 -34.0711 2000.62 14723
6.63 -34.21 2002.03 14787
6.635 -34.3315 2002.81 14841.6
6.64 -34.4509 2002.2 14891.3
6.645 -34.5674 2001.79 14940
6.65 -34.6803 2001.49 14987.5
6.655 -34.785 2001.06 15032.3
6.66 -34.8831 2000.68 15074.4
6.665 -34.9809 2000.56 15115.7
6.67 -35.075 2000.47 15155.6
6.675 -35.1652 2000.39 15194
6.68 -35.2517 2000.32 15230.9
6.685 -35.3338 2000.25 15266
6.69 -35.4118 2000.19 15299.4
6.695 -35.4862 2000.16 15331.3
6.7 -35.5567 2000.13 15361.5
6.705 -35.6187 1999.96 15388.7
6.71 -35.6771 1999.87 15414.1
6.715 -35.7332 1999.9 15438
6.72 -35.785 1999.92 15460.2
6.725 -35.8326 1999.94 15480.5
6.73 -35.8758 1999.95 15499
6.735 -35.9146 1999.96 15515.6
6.74 -35.9488 1999.97 15530.3
6.745 -35.9784 1999.98 15543
6.75 -36.0034 1999.98 15553.8
6.755 -36.0238 1999.98 15562.5
6.76 -36.0396 1999.99 15569.3
6.765 -36.0509 1999.99 15574.1
6.77 -36.0579 1999.99 15577.1
6.775 -36.0607 1999.99 15578.3
6.78 -36.0437 2000 15573.3
6.785 -35.9922 2000.01 15553.7
6.79 -35.9201 2000.01 15521.4
6.795 -35.8225 2000 15478
6.8 -35.7054 1999.99 15426
6.805 -35.5745 1999.97 15367.9
6.81 -35.435 1999.95 15305.8
6.815 -35.2911 1999.93 15241.8
6.82 -35.1465 1999.9 15177.4
6.825 -35.0035 1999.87 15113.8
6.83 -34.8639 1999.85 15051.9
6.835 -34.7289 1999.83 14992.2
6.84 -34.5993 1999.81 14935.2
6.845 -34.4756 1999.79 14881
6.85 -34.3579 1999.78 14829.8
6.855 -34.2462 1999.78 14781.4
6.86 -34.1404 1999.78 14735.9
6.865 -34.0399 1999.79 14692.9
6.87 -33.9443 1999.8 14652.1
6.875 -33.853 1999.81 14613.3
6.88 -33.7653 1999.82 14576.2
6.885 -33.6808 1999.83 14540.4
6.89 -33.5987 1999.84 14505.7
6.895 -33.5188 1999.85 14471.9
6.9 -33.4404 1999.86 14438.7
6.905 -33.3633 1999.87 14406
6.91 -33.287 1999.87 14373.7
6.915 -33.2114 1999.88 14341.5
6.92 -33.136 1999.86 14309.5
6.925 -33.061 1999.85 14277.5
6.93 -32.9861 1999.86 14245.6
6.935 -32.9109 1999.87 14213.5
6.94 -32.8354 1999.88 14181.2
6.945 -32.759 1999.88 14148.6
6.95 -32.6818 1999.89 14115.5
6.955 -32.6034 1999.9 14081.9
6.96 -32.5237 1999.84 14047.7
6.965 -32.4431 1999.8 14013.1
6.97 -32.3616 1999.82 13978.1
6.975 -32.2792 1999.82 13942.6
6.98 -32.1958 1999.83 13906.8
6.985 -32.1116 1999.86 13870.6
6.99 -32.0264 1999.88 13833.9
6.995 -31.8944 2002.12 13784.5
7 -31.7642 2002.87 13730.9
7.005 -31.6383 2002.31 13674.7
7.01 -31.5113 2001.87 13618.4
7.015 -31.3834 2001.51 13561.9
7.02 -31.2547 2001.23 13505.4
7.025 -31.1221 2001.16 13448
7.03 -30.978 2001.33 13386.5
7.035 -30.8368 2001.07 13324.6
7.04 -30.696 2000.87 13263.2
7.045 -30.5559 2000.71 13202.1
7.05 -30.4168 2000.55 13141.5
7.055 -30.2798 2000.46 13081.5
7.06 -30.144 2000.4 13022.1
7.065 -30.0082 2000.33 12963.4
7.07 -29.8747 2000.26 12905.7
7.075 -29.7435 2000.22 12849.1
7.08 -29.6149 2000.18 12793.5
7.085 -29.489 2000.14 12739.1
7.09 -29.3657 2000.12 12685.9
7.095 -29.245 2000.09 12633.7
7.1 -29.1271 2000.08 12582.8
7.105 -29.0117 2000.06 12533
7.11 -28.899 2000.05 12484.3
7.115 -28.7888 2000.04 12436.7
7.12 -28.6621 2000.8 12384.9
7.125 -28.517 2001.67 12325.8
7.13 -28.3877 2001.31 12268.6
7.135 -28.2608 2001.04 12212.8
7.14 -28.1365 2000.84 12158.3
7.145 -28.0149 2000.67 12105.1
7.15 -27.8959 2000.54 12053.2
7.155 -27.7795 2000.43 12002.5
7.16 -27.6654 2000.35 11952.9
7.165 -27.5537 2000.28 11904.3
7.17 -27.4439 2000.23 11856.7
7.175 -27.336 2000.19 11809.8
7.18 -27.2295 2000.15 11763.7
7.185 -27.1244 2000.12 11718.2
7.19 -27.0203 2000.1 11673.1
7.195 -26.9169 2000.08 11628.4
7.2 -26.814 2000.06 11583.9
7.205 -26.7111 2000.05 11539.4
7.21 -26.6081 2000.04 11494.9
7.215 -26.5047 2000.03 11450.2
7.22 -26.4007 2000.03 11405.2
7.225 -26.2959 2000.02 11359.9
7.23 -26.1902 2000.02 11314.2
7.235 -26.0835 2000.02 11268.1
7.24 -25.9759 2000.01 11221.6
7.245 -25.8673 2000.01 11174.7
7.25 -25.7575 2000.01 11127.3
7.255 -25.6465 2000.01 11079.3
7.26 -25.534 2000.01 11030.7
7.265 -25.4198 2000.01 10981.4
7.27 -25.3035 2000.01 10931.1
7.275 -25.1849 2000.01 10879.8
7.28 -25.0653 1999.93 10827.4
7.285 -24.9415 1999.86 10773.9
7.29 -24.8144 1999.89 10719.2
7.295 -24.6845 1999.91 10663.2
7.3 -24.5515 1999.93 10605.8
7.305 -24.4155 1999.94 10547.1
7.31 -24.2763 1999.96 10487.1
7.315 -24.1337 1999.96 10425.5
7.32 -23.9878 1999.97 10362.5
7.325 -23.8384 1999.98 10298
7.33 -23.6854 1999.98 10232
7.335 -23.4917 2001.26 10153.8
7.34 -23.2673 2002.54 10062.5
7.345 -23.0642 2002.04 9972.58
7.35 -22.8547 2001.65 9880.38
7.355 -22.6393 2001.34 9785.92
7.36 -22.418 2001.09 9689.18
7.365 -22.1907 2000.88 9590.12
7.37 -21.9576 2000.72 9488.68
7.375 -21.7185 2000.59 9384.78
7.38 -21.473 2000.48 9278.29
7.385 -21.2212 2000.39 9169.11
7.39 -20.9644 2000.2 9057.6
7.395 -20.7016 2000.03 8943.53
7.4 -20.4301 2000.03 8826.18
7.405 -20.1529 2000.18 8704.82
7.41 -19.8708 1999.98 8581.46
7.415 -19.5775 1999.85 8454.97
7.42 -19.2761 1999.88 8325.23
7.425 -18.9432 2000.74 8185.38
7.43 -18.5839 2001.71 8033.79
7.435 -18.2367 2001.39 7882.39
7.44 -17.881 2001.13 7727.92
7.445 -17.5181 2000.92 7570.47
7.45 -17.1484 2000.78 7409.99
7.455 -16.7721 2000.66 7246.69
7.46 -16.4065 1999.9 7086.82
7.465 -15.9995 2000.82 6914.99
7.47 -15.4904 2003.52 6707.07
7.475 -15.0398 2002.71 6509.3
7.48 -14.5805 2002.19 6308.54
7.485 -14.1149 2001.77 6105.5
7.49 -13.6435 2001.43 5900.32
7.495 -13.1667 2001.16 5693.11
7.5 -12.6848 2000.93 5483.96
7.505 -12.1981 2000.76 5272.91
7.51 -11.7068 2000.61 5060.01
7.515 -11.211 2000.49 4845.31
7.52 -10.7109 2000.4 4628.83
7.525 -10.2065 2000.32 4410.61
7.53 -9.69799 2000.26 4190.67
7.535 -9.18544 2000.21 3969.03
7.54 -8.66893 2000.17 3745.73
7.545 -8.14857 2000.14 3520.79
7.55 -7.6245 2000.11 3294.28
7.555 -7.11344 1999.38 3071.09
7.56 -6.60971 1998.59 2850.86
7.565 -6.08747 1998.86 2626.14
7.57 -5.49368 2000.64 2380.01
7.575 -4.83255 2002.48 2105.97
7.58 -4.25089 2001.06 1847.9
7.585 -3.64806 2000.77 1584.94
7.59 -3.0428 2000.54 1321.4
7.595 -2.43569 2000.34 1057.44
7.6 -1.82728 2000.18 793.24
7.605 -1.21819 2000.05 528.994
7.61 -0.611293 1999.85 265.58
7.615 -0.00426787 1999.72 2.46468
7.62 0.691077 2001.74 -286.149
7.625 1.35384 2002.39 -568.826
7.63 1.98739 2001.88 -845.786
7.635 2.621 2001.47 -1122.14
7.64 3.40257 2004.34 -1441.16
7.645 4.10038 2004.09 -1742.4
7.65 4.7582 2002.61 -2035.69
7.655 5.43146 2002.03 -2330.75
7.66 6.10193 2001.55 -2623.81
7.665 6.76867 2001.17 -2914.6
7.67 7.43091 2000.85 -3202.92
7.675 8.08768 2000.58 -3488.51
7.68 8.73665 2000.3 -3770.64
7.685 9.38212 2000.16 -4050.56
7.69 10.0213 2000.01 -4327.65
7.695 10.6375 1999.42 -4597.04
7.7 11.2448 1999.01 -4861.85
7.705 11.8543 1999.02 -5125.26
7.71 12.4138 1998 -5373.04
7.715 12.8904 1996.11 -5589.89
7.72 13.3751 1995.8 -5800.91
7.725 13.9401 1997.34 -6031.88
7.73 14.735 2001.35 -6344.13
7.735 15.3735 2000.33 -6627.46
7.74 16.0105 1999.72 -6907.82
7.745 16.6465 1999.51 -7185.57
7.75 17.2735 1999.33 -7458.91
7.755 17.8904 1999.17 -7727.52
7.76 18.4963 1999.02 -7991.06
7.765 19.0774 1998.53 -8245.43
7.77 20.1647 2005.78 -8644.49
7.775 21.0625 2008.13 -9010.04
7.78 21.7976 2006.22 -9344.36
7.785 22.5339 2004.96 -9675.31
7.79 23.2416 2003.88 -9991.98
7.795 23.8495 2002.06 -10273.9
7.8 24.6355 2002.67 -10598.7
7.805 25.6001 2003.62 -10991.3
7.81 26.4219 2002.47 -11360.4
7.815 27.2378 2002.03 -11722
7.82 28.0213 2001.62 -12067.8
7.825 28.7744 2001.27 -12402.4
7.83 29.7893 2002.54 -12807.1
7.835 30.7927 2003.01 -13223.9
7.84 31.7784 2002.68 -13649.6
7.845 32.7345 2002.73 -14062.5
7.85 33.6811 2002.56 -14477.7
7.855 34.5739 2002.09 -14877.9
7.86 35.451 2001.68 -15268
7.865 36.309 2001.36 -15647.7
7.87 37.1459 2001.11 -16016.3
7.875 37.9432 2001.06 -16365.4
7.88 38.7134 2000.85 -16703.2
7.885 39.4637 2000.67 -17031.4
7.89 40.1884 2000.46 -17348.8
7.895 40.8621 2000.04 -17646.7
7.9 41.5397 2000.03 -17940.5
7.905 42.2024 2000.02 -18227.6
7.91 42.8054 2000.34 -18496.1
7.915 43.3224 2001.13 -18734.2
7.92 43.7927 2001.75 -18944.9
7.925 44.2609 2001.69 -19143.8
7.93 44.7159 2001.48 -19336.5
7.935 45.155 2001.37 -19522.6
7.94 45.565 2001.61 -19699.6
7.945 45.9653 2001.61 -19870.8
7.95 46.3583 2001.3 -20037.9
7.955 46.7467 2001.1 -20202.8
7.96 47.1192 2000.94 -20361.1
7.965 47.4015 2000.44 -20488.5
7.97 47.7059 2000.34 -20617.9
7.975 48.0177 2000.36 -20746.4
7.98 48.3184 2000.35 -20872.6
7.985 48.6049 2000.28 -20996.5
7.99 48.8883 2000.21 -21119
7.995 48.9184 1998.68 -21173.2
8 48.9663 1997.94 -21213.5
8.005 48.8433 1996.97 -21191.4
8.01 48.4607 1995.82 -21060.7
8.015 48.2226 1996.63 -20932.6
8.02 47.976 1997.28 -20806.6
8.025 47.7031 1997.43 -20676.2
8.03 47.3461 1996.77 -20517.7
8.035 47.0169 1997.22 -20360.7
8.04 46.7743 1998.16 -20229.2
8.045 46.639 1999.59 -20140.8
8.05 46.4339 1999.66 -20052
8.055 46.2218 1999.58 -19962.8
8.06 46.0152 1999.59 -19874.6
8.065 45.8845 2000.31 -19808
8.07 45.7067 1998.98 -19734.7
8.075 45.4947 1997.87 -19652.4
8.08 45.3077 1998.28 -19571.9
8.085 45.1236 1998.61 -19492.6
8.09 44.9429 1998.89 -19414.5
8.095 44.7661 1999.13 -19337.9
8.1 44.6227 1999.73 -19271.5
8.105 44.5151 2000.34 -19219.6
8.11 44.3899 2000.28 -19167.3
8.115 44.266 2000.23 -19115.6
8.12 44.144 2000.18 -19064.3
8.125 44.0237 2000.15 -19013.5
8.13 43.9049 2000.12 -18963.1
8.135 43.7874 2000.09 -18913
8.14 43.6628 1999.81 -18861
8.145 43.428 1998.56 -18766.6
8.15 43.1833 1999.13 -18659.9
8.155 42.9815 1999.91 -18566.9
8.16 42.7598 1998.49 -18473.6
8.165 42.4876 1998 -18356.4
8.17 42.4089 2001.54 -18299.7
8.175 42.3548 2002.66 -18273.7
8.18 42.3482 2003.56 -18269
8.185 42.3165 2003.08 -18262
8.19 42.2917 2002.49 -18254.9
8.195 42.2692 2002.01 -18248.1
8.2 42.2486 2001.63 -18241.6
8.205 42.2028 2000.1 -18227.2
8.21 0.133706 -43.8535 -56.7467
