0.1 1.6919e-17 -0.0170623 -7.83285e-20
0.2 2.18926e-17 -0.0343805 -1.01355e-19
0.3 1.91503e-18 -0.0519664 -8.86589e-21
0.4 5.05934e-17 -0.0698328 -2.34229e-19
0.5 6.4921e-17 -0.0879937 -3.0056e-19
0.6 9.5127e-17 -0.106464 -4.40403e-19
0.7 1.00162e-16 -0.12526 -4.63713e-19
0.8 1.43649e-16 -0.1444 -6.65041e-19
0.9 4.70722e-17 -0.163904 -2.17927e-19
1 -9.83483e-17 -0.183794 4.55316e-19
0.005 6.53099e-05 -0.183794 -2.2677e-07
0.01 0.00032631 -0.183795 -1.13302e-06
0.015 0.000847595 -0.183796 -2.94303e-06
0.02 0.00162822 -0.183798 -5.65351e-06
0.025 0.00266722 -0.183801 -9.26115e-06
0.03 0.00396364 -0.183804 -1.37626e-05
0.035 0.00551645 -0.183808 -1.91542e-05
0.04 0.0073246 -0.183812 -2.54323e-05
0.045 0.009387 -0.183817 -3.25932e-05
0.05 0.0117025 -0.183823 -4.06329e-05
0.055 0.0142699 -0.183829 -4.95471e-05
0.06 0.0170881 -0.183836 -5.93318e-05
0.065 0.0201558 -0.183844 -6.99827e-05
0.07 0.0234719 -0.183852 -8.1496e-05
0.075 0.0270353 -0.183861 -9.38678e-05
0.08 0.0308451 -0.18387 -0.000107095
0.085 0.0349001 -0.18388 -0.000121173
0.09 0.0391993 -0.183891 -0.000136098
0.095 0.0437414 -0.183902 -0.000151867
0.1 0.0485251 -0.183914 -0.000168474
0.105 0.0535492 -0.183927 -0.000185915
0.11 0.0588119 -0.18394 -0.000204184
0.115 0.0643114 -0.183954 -0.000223275
0.12 0.0700456 -0.183968 -0.00024318
0.125 0.0760129 -0.183983 -0.000263893
0.13 0.0822124 -0.183998 -0.000285412
0.135 0.0886436 -0.184015 -0.000307734
0.14 0.0953057 -0.184031 -0.000330858
0.145 0.102198 -0.184049 -0.000354779
0.15 0.109318 -0.184067 -0.000379492
0.155 0.116666 -0.184086 -0.000404992
0.16 0.124239 -0.184105 -0.000431272
0.165 0.132034 -0.184125 -0.000458324
0.17 0.140051 -0.184145 -0.000486144
0.175 0.148289 -0.184166 -0.000514729
0.18 0.156744 -0.184188 -0.000544068
0.185 0.165415 -0.184211 -0.000574152
0.19 0.174297 -0.184234 -0.000604968
0.195 0.183387 -0.184257 -0.000636508
0.2 0.192686 -0.184281 -0.000668767
0.205 0.202192 -0.184306 -0.000701744
0.21 0.211906 -0.184332 -0.000735441
0.215 0.221829 -0.184358 -0.000769858
0.22 0.231959 -0.184385 -0.000804992
0.225 0.242295 -0.184412 -0.00084084
0.23 0.252836 -0.18444 -0.000877395
0.235 0.263579 -0.184469 -0.000914651
0.24 0.274524 -0.184498 -0.000952602
0.245 0.285669 -0.184528 -0.000991243
0.25 0.297012 -0.184559 -0.00103056
0.255 0.308547 -0.18459 -0.00107055
0.26 0.320271 -0.184622 -0.00111119
0.265 0.332178 -0.184655 -0.00115246
0.27 0.344271 -0.184688 -0.00119437
0.275 0.356549 -0.184722 -0.00123692
0.28 0.369015 -0.184757 -0.00128011
0.285 0.381668 -0.184792 -0.00132394
0.29 0.394505 -0.184828 -0.00136841
0.295 0.407521 -0.184865 -0.00141349
0.3 0.420712 -0.184903 -0.00145917
0.305 0.434072 -0.184941 -0.00150543
0.31 0.447593 -0.18498 -0.00155224
0.315 0.461273 -0.18502 -0.0015996
0.32 0.475111 -0.18506 -0.00164749
0.325 0.489101 -0.185101 -0.0016959
0.33 0.503239 -0.185143 -0.00174482
0.335 0.517521 -0.185185 -0.00179423
0.34 0.531946 -0.185229 -0.00184412
0.345 0.546514 -0.185273 -0.0018945
0.35 0.561226 -0.185317 -0.00194537
0.355 0.576082 -0.185363 -0.00199674
0.36 0.591086 -0.185409 -0.0020486
0.365 0.606242 -0.185456 -0.00210098
0.37 0.621552 -0.185504 -0.00215389
0.375 0.637015 -0.185552 -0.00220732
0.38 0.65263 -0.185602 -0.00226126
0.385 0.668394 -0.185652 -0.00231571
0.39 0.684299 -0.185703 -0.00237065
0.395 0.700336 -0.185755 -0.00242603
0.4 0.716496 -0.185807 -0.00248183
0.405 0.732773 -0.18586 -0.00253802
0.41 0.749163 -0.185914 -0.0025946
0.415 0.765663 -0.185969 -0.00265155
0.42 0.78227 -0.186024 -0.00270887
0.425 0.798984 -0.18608 -0.00276655
0.43 0.815804 -0.186137 -0.00282459
0.435 0.832737 -0.186195 -0.00288301
0.44 0.849789 -0.186253 -0.00294184
0.445 0.866962 -0.186312 -0.00300108
0.45 0.88425 -0.186372 -0.00306072
0.455 0.901642 -0.186433 -0.0031207
0.46 0.919123 -0.186494 -0.00318099
0.465 0.936676 -0.186556 -0.00324152
0.47 0.954283 -0.186618 -0.00330224
0.475 0.971934 -0.186681 -0.0033631
0.48 0.989625 -0.186745 -0.0034241
0.485 1.00735 -0.186809 -0.00348521
0.49 1.02511 -0.186873 -0.00354644
0.495 1.04291 -0.186938 -0.00360777
0.5 1.06072 -0.187004 -0.00366919
0.505 1.07857 -0.18707 -0.00373071
0.51 1.09647 -0.187136 -0.00379238
0.515 1.11441 -0.187203 -0.00385423
0.52 1.13242 -0.187271 -0.00391627
0.525 1.15049 -0.187339 -0.00397853
0.53 1.16862 -0.187408 -0.004041
0.535 1.18681 -0.187477 -0.00410366
0.54 1.20504 -0.187547 -0.00416648
0.545 1.22332 -0.187617 -0.00422943
0.55 1.24162 -0.187688 -0.00429248
0.555 1.25994 -0.187759 -0.00435557
0.56 1.27825 -0.187831 -0.00441864
0.565 1.29655 -0.187903 -0.00448167
0.57 1.31483 -0.187975 -0.00454461
0.575 1.33309 -0.188047 -0.00460747
0.58 1.35132 -0.18812 -0.00467023
0.585 1.36951 -0.188193 -0.00473287
0.59 1.38767 -0.188266 -0.0047954
0.595 1.4058 -0.188339 -0.00485779
0.6 1.4239 -0.188413 -0.00492008
0.605 1.44197 -0.188486 -0.00498227
0.61 1.46002 -0.18856 -0.00504438
0.615 1.47804 -0.188634 -0.0051064
0.62 1.49604 -0.188707 -0.00516819
0.625 1.514 -0.188778 -0.00522972
0.63 1.53191 -0.18885 -0.00529108
0.635 1.54977 -0.188922 -0.00535227
0.64 1.56759 -0.188992 -0.00541321
0.645 1.58541 -0.189061 -0.00547401
0.65 1.60325 -0.189131 -0.00553487
0.655 1.62112 -0.189201 -0.00559585
0.66 1.63903 -0.189272 -0.00565697
0.665 1.65697 -0.189343 -0.00571819
0.67 1.67492 -0.189414 -0.00577938
0.675 1.69281 -0.18948 -0.00584002
0.68 1.71058 -0.189542 -0.00589992
0.685 1.72816 -0.189603 -0.00595918
0.69 1.74549 -0.189664 -0.00601763
0.695 1.76255 -0.189725 -0.00607518
0.7 1.77935 -0.189785 -0.00613182
0.705 1.79589 -0.189844 -0.00618761
0.71 1.8122 -0.189903 -0.00624261
0.715 1.82831 -0.189955 -0.00629672
0.72 1.84425 -0.190003 -0.00635007
0.725 1.86001 -0.190051 -0.00640283
0.73 1.87556 -0.190098 -0.00645488
0.735 1.89089 -0.19014 -0.00650587
0.74 1.90597 -0.190178 -0.00655579
0.745 1.92078 -0.190215 -0.00660484
0.75 1.93532 -0.190248 -0.00665281
0.755 1.94957 -0.190276 -0.00669971
0.76 1.96356 -0.190304 -0.00674576
0.765 1.97734 -0.190333 -0.00679112
0.77 1.99095 -0.190362 -0.00683596
0.775 2.00445 -0.19039 -0.00688045
0.78 2.0179 -0.19042 -0.00692476
0.785 2.03135 -0.190449 -0.00696908
0.79 2.04482 -0.190479 -0.00701347
0.795 2.05831 -0.190509 -0.00705794
0.8 2.0718 -0.190539 -0.0071024
0.805 2.08525 -0.190569 -0.00714667
0.81 2.09859 -0.190585 -0.0071902
0.815 2.11176 -0.190592 -0.00723284
0.82 2.12471 -0.190596 -0.0072746
0.825 2.13741 -0.190598 -0.0073154
0.83 2.14982 -0.190601 -0.00735531
0.835 2.16191 -0.190605 -0.00739423
0.84 2.17367 -0.190609 -0.00743206
0.845 2.18506 -0.190614 -0.00746874
0.85 2.19609 -0.190618 -0.00750425
0.855 2.20675 -0.190623 -0.00753857
0.86 2.21701 -0.190628 -0.00757165
0.865 2.22685 -0.190632 -0.00760334
0.87 2.23622 -0.190637 -0.00763351
0.875 2.24508 -0.190642 -0.00766205
0.88 2.25341 -0.190646 -0.0076889
0.885 2.26122 -0.190651 -0.00771404
0.89 2.26849 -0.190655 -0.00773746
0.895 2.27523 -0.190659 -0.00775918
0.9 2.28145 -0.190662 -0.00777924
0.905 2.28718 -0.190665 -0.00779768
0.91 2.2924 -0.190669 -0.00781449
0.915 2.29711 -0.190671 -0.00782968
0.92 2.30133 -0.190674 -0.00784328
0.925 2.3051 -0.190676 -0.00785542
0.93 2.30846 -0.190678 -0.00786623
0.935 2.31143 -0.19068 -0.00787581
0.94 2.31405 -0.190682 -0.00788424
0.945 2.31633 -0.190683 -0.00789158
0.95 2.31828 -0.190684 -0.00789786
0.955 2.31989 -0.190685 -0.00790305
0.96 2.32116 -0.190686 -0.00790715
0.965 2.32207 -0.190687 -0.00791008
0.97 2.32258 -0.190687 -0.00791172
0.975 2.32264 -0.190687 -0.00791191
0.98 2.3222 -0.190687 -0.00791048
0.985 2.32121 -0.19069 -0.00790728
0.99 2.31968 -0.190696 -0.00790226
0.995 2.31759 -0.190704 -0.00789542
1 2.31496 -0.190714 -0.00788683
1.005 2.31183 -0.190727 -0.00787659
1.01 2.30821 -0.19074 -0.00786477
1.015 2.30413 -0.190756 -0.00785142
1.02 2.29957 -0.190773 -0.00783654
1.025 2.29455 -0.190792 -0.00782013
1.03 2.28905 -0.190813 -0.00780214
1.035 2.28303 -0.190835 -0.00778248
1.04 2.27646 -0.19086 -0.00776099
1.045 2.26927 -0.190887 -0.00773748
1.05 2.26141 -0.190917 -0.0077118
1.055 2.25285 -0.190949 -0.00768384
1.06 2.24356 -0.190984 -0.00765347
1.065 2.2335 -0.191022 -0.00762057
1.07 2.22264 -0.191063 -0.0075851
1.075 2.21102 -0.191106 -0.00754713
1.08 2.19867 -0.191153 -0.00750676
1.085 2.18561 -0.191202 -0.00746406
1.09 2.17185 -0.191253 -0.00741909
1.095 2.15741 -0.191308 -0.00737191
1.1 2.14231 -0.191365 -0.00732254
1.105 2.12653 -0.191424 -0.007271
1.11 2.11007 -0.191485 -0.00721718
1.115 2.09289 -0.191547 -0.0071608
1.12 2.07499 -0.191594 -0.00710134
1.125 2.05637 -0.191629 -0.00703902
1.13 2.03701 -0.191667 -0.00697426
1.135 2.01688 -0.191707 -0.00690691
1.14 1.99594 -0.191749 -0.00683692
1.145 1.97424 -0.191793 -0.00676437
1.15 1.95183 -0.191839 -0.0066895
1.155 1.9288 -0.191886 -0.00661251
1.16 1.90517 -0.191928 -0.00653329
1.165 1.88099 -0.191964 -0.00645193
1.17 1.85626 -0.191995 -0.0063683
1.175 1.83096 -0.192022 -0.00628234
1.18 1.80505 -0.192043 -0.00619403
1.185 1.77847 -0.192057 -0.00610314
1.19 1.7511 -0.192073 -0.0060096
1.195 1.72283 -0.19209 -0.00591301
1.2 1.69358 -0.192108 -0.00581306
1.205 1.66331 -0.19212 -0.00570911
1.21 1.63207 -0.192125 -0.00560127
1.215 1.59995 -0.192132 -0.00549041
1.22 1.56705 -0.192139 -0.00537689
1.225 1.53351 -0.192144 -0.00526093
1.23 1.49943 -0.192146 -0.00514293
1.235 1.46491 -0.192147 -0.00502318
1.24 1.43001 -0.192145 -0.00490188
1.245 1.39472 -0.192144 -0.00477928
1.25 1.359 -0.192143 -0.00465521
1.255 1.32276 -0.192142 -0.00452935
1.26 1.28588 -0.192142 -0.00440127
1.265 1.24824 -0.192141 -0.00427055
1.27 1.2097 -0.192141 -0.00413676
1.275 1.17018 -0.192141 -0.00399953
1.28 1.12957 -0.192141 -0.00385854
1.285 1.08781 -0.192141 -0.00371359
1.29 1.0449 -0.192142 -0.00356459
1.295 1.00082 -0.192142 -0.00341157
1.3 0.955602 -0.192143 -0.00325461
1.305 0.909299 -0.192144 -0.00309388
1.31 0.86195 -0.192145 -0.00292952
1.315 0.81359 -0.192146 -0.00276165
1.32 0.764257 -0.192149 -0.00259042
1.325 0.714015 -0.192152 -0.00241603
1.33 0.662941 -0.192156 -0.00223876
1.335 0.611124 -0.192161 -0.00205892
1.34 0.558656 -0.192168 -0.00187682
1.345 0.505613 -0.192177 -0.00169274
1.35 0.452047 -0.192189 -0.00150685
1.355 0.397996 -0.192207 -0.00131931
1.36 0.343475 -0.192235 -0.00113017
1.365 0.288476 -0.192278 -0.000939329
1.37 0.232986 -0.192334 -0.000746648
1.375 0.176998 -0.192402 -0.000551952
1.38 0.120519 -0.192506 -0.000354869
1.385 0.0635519 -0.192651 -0.000156413
1.39 0.00610048 -0.192811 4.28565e-05
1.395 -0.0518317 -0.192974 0.000243677
1.4 -0.110241 -0.193139 0.000446084
1.405 -0.169123 -0.193307 0.00065005
1.41 -0.228473 -0.193478 0.000855545
1.415 -0.28829 -0.193654 0.00106254
1.42 -0.348581 -0.193834 0.00127106
1.425 -0.409377 -0.19402 0.00148119
1.43 -0.470726 -0.194212 0.00169309
1.435 -0.532684 -0.19441 0.00190694
1.44 -0.595292 -0.194616 0.00212292
1.445 -0.658571 -0.194829 0.00234109
1.45 -0.722534 -0.19505 0.00256152
1.455 -0.78721 -0.195278 0.00278433
1.46 -0.85264 -0.195515 0.00300967
1.465 -0.918846 -0.195759 0.00323762
1.47 -0.98581 -0.196012 0.00346812
1.475 -1.05347 -0.196272 0.00370091
1.48 -1.12176 -0.196532 0.00393522
1.485 -1.1906 -0.196787 0.00417039
1.49 -1.25994 -0.19704 0.00440656
1.495 -1.32976 -0.197279 0.00464279
1.5 -1.40006 -0.197506 0.00487929
1.505 -1.47088 -0.197715 0.00511648
1.51 -1.54227 -0.197885 0.00535323
1.515 -1.61432 -0.198022 0.00559013
1.52 -1.68711 -0.198085 0.00582687
1.525 -1.7607 -0.198082 0.00606342
1.53 -1.83507 -0.198073 0.00630167
1.535 -1.91018 -0.198073 0.00654238
1.54 -1.98596 -0.198077 0.00678514
1.545 -2.06231 -0.198025 0.00702809
1.55 -2.13919 -0.197913 0.00727049
1.555 -2.21655 -0.197797 0.00751382
1.56 -2.29439 -0.197689 0.00775868
1.565 -2.37275 -0.197588 0.00800514
1.57 -2.45169 -0.197441 0.00825221
1.575 -2.53126 -0.197249 0.00850011
1.58 -2.61155 -0.197061 0.0087501
1.585 -2.69262 -0.196861 0.00900154
1.59 -2.77453 -0.196641 0.00925427
1.595 -2.85734 -0.196413 0.00950911
1.6 -2.94108 -0.196156 0.00976518
1.605 -3.02574 -0.195835 0.010022
1.61 -3.11122 -0.195477 0.0102804
1.615 -3.19741 -0.195089 0.0105392
1.62 -3.28417 -0.194658 0.0107974
1.625 -3.37138 -0.194177 0.0110543
1.63 -3.45895 -0.193663 0.0113104
1.635 -3.54681 -0.193145 0.0115676
1.64 -3.63493 -0.192577 0.0118238
1.645 -3.72327 -0.191951 0.0120776
1.65 -3.81181 -0.191263 0.0123288
1.655 -3.90059 -0.190512 0.0125782
1.66 -3.98969 -0.189694 0.0128265
1.665 -4.07923 -0.188825 0.0130747
1.67 -4.16937 -0.18791 0.0133232
1.675 -4.26028 -0.186951 0.0135719
1.68 -4.35207 -0.185989 0.0138225
1.685 -4.44486 -0.185009 0.0140747
1.69 -4.53868 -0.183974 0.014329
1.695 -4.63351 -0.1829 0.0145855
1.7 -4.72931 -0.181823 0.0148437
1.705 -4.82595 -0.18073 0.0151043
1.71 -4.92329 -0.179624 0.0153664
1.715 -5.0212 -0.178518 0.0156287
1.72 -5.11956 -0.177393 0.0158899
1.725 -5.21828 -0.176214 0.0161496
1.73 -5.31729 -0.175004 0.0164083
1.735 -5.41653 -0.173803 0.0166652
1.74 -5.51598 -0.172609 0.0169191
1.745 -5.61562 -0.171402 0.0171627
1.75 -5.71542 -0.170192 0.0173927
1.755 -5.81534 -0.169018 0.0176173
1.76 -5.9153 -0.167878 0.0178405
1.765 -6.01527 -0.166797 0.0180586
1.77 -6.1153 -0.16576 0.0182726
1.775 -6.21546 -0.164726 0.0184863
1.78 -6.31586 -0.163679 0.0186987
1.785 -6.41659 -0.162623 0.01891
1.79 -6.51777 -0.161583 0.0191209
1.795 -6.61947 -0.160587 0.0193297
1.8 -6.72172 -0.159599 0.0195386
1.805 -6.82448 -0.158589 0.0197495
1.81 -6.92766 -0.157591 0.0199611
1.815 -7.03122 -0.156604 0.0201731
1.82 -7.13506 -0.155621 0.0203867
1.825 -7.23916 -0.154648 0.0206015
1.83 -7.34348 -0.153698 0.020816
1.835 -7.448 -0.152773 0.0210302
1.84 -7.55273 -0.151873 0.021244
1.845 -7.65768 -0.151009 0.0214569
1.85 -7.76291 -0.150139 0.0216709
1.855 -7.8685 -0.149248 0.0218867
1.86 -7.9745 -0.148366 0.0221034
1.865 -8.08096 -0.147418 0.022327
1.87 -8.1879 -0.146404 0.0225574
1.875 -8.2953 -0.14539 0.0227889
1.88 -8.40316 -0.14438 0.0230212
1.885 -8.51144 -0.143382 0.023254
1.89 -8.62011 -0.142395 0.0234873
1.895 -8.72918 -0.14142 0.023721
1.9 -8.83866 -0.140456 0.0239553
1.905 -8.94859 -0.139444 0.0241936
1.91 -9.05902 -0.138389 0.0244361
1.915 -9.16997 -0.13735 0.0246794
1.92 -9.28146 -0.136324 0.0249236
1.925 -9.3935 -0.135311 0.0251686
1.93 -9.50605 -0.134314 0.0254143
1.935 -9.61902 -0.133329 0.025661
1.94 -9.7323 -0.132296 0.0259131
1.945 -9.84578 -0.131216 0.0261701
1.95 -9.95938 -0.130148 0.0264271
1.955 -10.0731 -0.129087 0.0266842
1.96 -10.1868 -0.127971 0.026945
1.965 -10.3008 -0.126803 0.0272091
1.97 -10.4149 -0.12564 0.0274735
1.975 -10.5294 -0.124443 0.0277393
1.98 -10.6442 -0.123219 0.0280067
1.985 -10.7594 -0.122018 0.0282745
1.99 -10.8748 -0.120839 0.0285426
1.995 -10.9905 -0.119665 0.028811
2 -11.1063 -0.118497 0.0290795
2.005 -11.2222 -0.117337 0.029348
2.01 -11.338 -0.116184 0.0296162
2.015 -11.4537 -0.115036 0.0298842
2.02 -11.5693 -0.11385 0.0301519
2.025 -11.685 -0.11263 0.0304194
2.03 -11.8007 -0.111425 0.0306872
2.035 -11.9168 -0.110262 0.0309554
2.04 -12.0332 -0.109136 0.0312242
2.045 -12.15 -0.108017 0.031494
2.05 -12.2673 -0.106906 0.0317649
2.055 -12.3851 -0.105806 0.0320368
2.06 -12.5034 -0.104776 0.0323095
2.065 -12.622 -0.103808 0.0325829
2.07 -12.7409 -0.102848 0.0328568
2.075 -12.8599 -0.101896 0.0331311
2.08 -12.9791 -0.100955 0.0334058
2.085 -13.0985 -0.100026 0.0336809
2.09 -13.218 -0.0991122 0.0339562
2.095 -13.3378 -0.098203 0.0342322
2.1 -13.4579 -0.0971992 0.0345094
2.105 -13.5783 -0.0961091 0.034788
2.11 -13.6991 -0.0950295 0.0350674
2.115 -13.8203 -0.0939597 0.0353478
2.12 -13.9419 -0.0929003 0.035629
2.125 -14.0638 -0.0918525 0.0359109
2.13 -14.186 -0.0908176 0.0361934
2.135 -14.3084 -0.0897978 0.0364763
2.14 -14.4308 -0.0887957 0.0367593
2.145 -14.5532 -0.0878135 0.0370421
2.15 -14.6754 -0.086813 0.0373244
2.155 -14.7973 -0.0857886 0.0376062
2.16 -14.919 -0.0847743 0.0378874
2.165 -15.0405 -0.0837698 0.038168
2.17 -15.1618 -0.0827744 0.0384484
2.175 -15.2832 -0.0817872 0.0387288
2.18 -15.4049 -0.0808069 0.0390097
2.185 -15.5269 -0.0798324 0.0392916
2.19 -15.6496 -0.0788631 0.0395748
2.195 -15.7729 -0.0778987 0.0398596
2.2 -15.897 -0.0769396 0.040146
2.205 -16.0219 -0.0759866 0.0404342
2.21 -16.1474 -0.0750409 0.040724
2.215 -16.2737 -0.074104 0.0410153
2.22 -16.4006 -0.0731796 0.0413081
2.225 -16.528 -0.0723183 0.0416019
2.23 -16.6559 -0.0715154 0.0418963
2.235 -16.784 -0.0707197 0.0421913
2.24 -16.9122 -0.0699336 0.0424866
2.245 -17.0404 -0.0691589 0.0427819
2.25 -17.1686 -0.0683972 0.043077
2.255 -17.2966 -0.06765 0.0433719
2.26 -17.4246 -0.0669183 0.0436664
2.265 -17.5525 -0.0662033 0.0439608
2.27 -17.6804 -0.0655059 0.0442552
2.275 -17.8085 -0.0648272 0.0445499
2.28 -17.9368 -0.0641686 0.0448449
2.285 -18.0653 -0.0635319 0.0451406
2.29 -18.1942 -0.0629248 0.045437
2.295 -18.3235 -0.0623828 0.0457339
2.3 -18.4529 -0.0618885 0.0460312
2.305 -18.5823 -0.061316 0.0463288
2.31 -18.7115 -0.0606756 0.0466263
2.315 -18.8401 -0.0600577 0.0469224
2.32 -18.9679 -0.0594637 0.0472166
2.325 -19.0948 -0.0588949 0.0475087
2.33 -19.2207 -0.0583527 0.0477985
2.335 -19.3457 -0.0578377 0.0480861
2.34 -19.47 -0.0573731 0.048372
2.345 -19.5939 -0.0572399 0.0486563
2.35 -19.7178 -0.057504 0.0489399
2.355 -19.8421 -0.057965 0.0492238
2.36 -19.9669 -0.0587686 0.0495082
2.365 -20.0926 -0.0604873 0.0497921
2.37 -20.2188 1.35138 0.0537997
