0.1 -8.76512e-32 200 8.79297e-14 8.76512e-32 -200 -8.79297e-14
0.2 3.50605e-31 400 1.29674e-13 -3.50605e-31 -400 -1.29674e-13
0.3 1.16868e-31 600 2.2915e-13 -1.16868e-31 -600 -2.2915e-13
0.4 -1.86989e-30 800 -6.03961e-13 1.86989e-30 -800 6.03961e-13
0.5 0 1000 -2.27374e-13 -0 -1000 2.27374e-13
0.6 -4.67473e-31 1200 -9.66338e-13 4.67473e-31 -1200 9.66338e-13
0.7 2.33737e-31 1400 5.64881e-13 -2.33737e-31 -1400 -5.64881e-13
0.8 7.0121e-31 1600 6.78568e-13 -7.0121e-31 -1600 -6.78568e-13
0.9 -2.33737e-31 1800 -7.17648e-13 2.33737e-31 -1800 7.17648e-13
1 2.5711e-30 2000 6.89226e-13 -2.5711e-30 -2000 -6.89226e-13
0.005 0.00143669 2000 -0.622783 -0.00143669 -2000 0.0021319
0.01 0.00717461 1999.99 -3.10327 -0.00717461 -1999.99 0.00383525
0.015 0.0186362 2000 -8.0539 -0.0186362 -2000 0.00308393
0.02 0.0358082 2000 -15.4717 -0.0358082 -2000 0.00254716
0.025 0.0586754 2000 -25.35 -0.0586754 -2000 0.00217564
0.03 0.0872215 2000 -37.6816 -0.0872215 -2000 0.00194559
0.035 0.121429 2000 -52.4593 -0.121429 -2000 0.00184693
0.04 0.161281 2000 -69.6751 -0.161281 -2000 0.00187135
0.045 0.206756 2000 -89.3205 -0.206756 -2000 0.00201201
0.05 0.257834 2000 -111.387 -0.257834 -2000 0.0022632
0.055 0.314495 2000 -135.865 -0.314495 -2000 0.00262019
0.06 0.376715 2000 -162.744 -0.376715 -2000 0.00307893
0.065 0.444471 2000 -192.015 -0.444471 -2000 0.00357795
0.07 0.517736 2000 -223.666 -0.517736 -2000 0.00411553
0.075 0.596486 2000 -257.687 -0.596486 -2000 0.00474741
0.08 0.680689 2000 -294.063 -0.680689 -2000 0.005469
0.085 0.770314 2000 -332.782 -0.770314 -2000 0.00627626
0.09 0.865331 2000 -373.83 -0.865331 -2000 0.00716683
0.095 0.965713 2000 -417.196 -0.965713 -2000 0.00813768
0.1 1.07143 2000 -462.869 -1.07143 -2000 0.00918803
0.105 1.18247 2000 -510.837 -1.18247 -2000 0.0103162
0.11 1.2988 2000 -561.093 -1.2988 -2000 0.011521
0.115 1.4204 2000 -613.627 -1.4204 -2000 0.0128015
0.12 1.54726 2000 -668.432 -1.54726 -2000 0.0141567
0.125 1.67935 2000 -725.496 -1.67935 -2000 0.0155859
0.13 1.81664 2000 -784.807 -1.81664 -2000 0.0170884
0.135 1.95911 2000 -846.352 -1.95911 -2000 0.0186632
0.14 2.1067 2000 -910.115 -2.1067 -2000 0.0203089
0.145 2.25939 2000 -976.078 -2.25939 -2000 0.0220243
0.15 2.41712 2000 -1044.22 -2.41712 -2000 0.0238076
0.155 2.57984 2000 -1114.52 -2.57984 -2000 0.0256566
0.16 2.7475 2000 -1186.95 -2.7475 -2000 0.027569
0.165 2.92004 2000 -1261.49 -2.92004 -2000 0.0295436
0.17 3.09743 2000 -1338.12 -3.09743 -2000 0.0315797
0.175 3.27962 2000 -1416.83 -3.27962 -2000 0.0336769
0.18 3.46659 2000 -1497.6 -3.46659 -2000 0.0358349
0.185 3.65831 1999.99 -1580.43 -3.65831 -1999.99 0.038055
0.19 3.85478 1999.99 -1665.31 -3.85478 -1999.99 0.0403396
0.195 4.05598 1999.99 -1752.23 -4.05598 -1999.99 0.0426905
0.2 4.26188 1999.99 -1841.18 -4.26188 -1999.99 0.0451077
0.205 4.47243 1999.99 -1932.14 -4.47243 -1999.99 0.0475905
0.21 4.68759 1999.99 -2025.09 -4.68759 -1999.99 0.0501379
0.215 4.90732 1999.99 -2120.01 -4.90732 -1999.99 0.0527485
0.22 5.13152 1999.99 -2216.87 -5.13152 -1999.99 0.0554181
0.225 5.36011 1999.99 -2315.62 -5.36011 -1999.99 0.0581413
0.23 5.59301 1999.99 -2416.24 -5.59301 -1999.99 0.0609144
0.235 5.83013 1999.99 -2518.68 -5.83013 -1999.99 0.0637341
0.24 6.07137 1999.99 -2622.9 -6.07137 -1999.99 0.0665958
0.245 6.31665 1999.99 -2728.86 -6.31665 -1999.99 0.0694952
0.25 6.56589 1999.99 -2836.54 -6.56589 -1999.99 0.0724307
0.255 6.81904 1999.99 -2945.9 -6.81904 -1999.99 0.0754039
0.26 7.07609 1999.99 -3056.95 -7.07609 -1999.99 0.0784198
0.265 7.33705 1999.99 -3169.69 -7.33705 -1999.99 0.0814878
0.27 7.60199 1999.99 -3284.14 -7.60199 -1999.99 0.0846216
0.275 7.87093 1999.99 -3400.33 -7.87093 -1999.99 0.087833
0.28 8.14387 1999.99 -3518.24 -8.14387 -1999.99 0.0911272
0.285 8.42076 1999.99 -3637.86 -8.42076 -1999.99 0.0945034
0.29 8.70157 1999.99 -3759.17 -8.70157 -1999.99 0.0979588
0.295 8.98623 1999.99 -3882.15 -8.98623 -1999.99 0.101491
0.3 9.2747 1999.99 -4006.78 -9.2747 -1999.99 0.105098
0.305 9.56693 1999.99 -4133.02 -9.56693 -1999.99 0.10878
0.31 9.86286 1999.99 -4260.87 -9.86286 -1999.99 0.112533
0.315 10.1624 1999.99 -4390.26 -10.1624 -1999.99 0.116351
0.32 10.4654 1999.99 -4521.15 -10.4654 -1999.99 0.120222
0.325 10.7717 1999.98 -4653.49 -10.7717 -1999.98 0.124138
0.33 11.0813 1999.98 -4787.27 -11.0813 -1999.98 0.128101
0.335 11.3943 1999.98 -4922.47 -11.3943 -1999.98 0.132119
0.34 11.7105 1999.98 -5059.09 -11.7105 -1999.98 0.136199
0.345 12.03 1999.98 -5197.09 -12.03 -1999.98 0.140345
0.35 12.3526 1999.98 -5336.46 -12.3526 -1999.98 0.144554
0.355 12.6782 1999.98 -5477.14 -12.6782 -1999.98 0.148819
0.36 13.0068 1999.98 -5619.09 -13.0068 -1999.98 0.15313
0.365 13.3382 1999.98 -5762.27 -13.3382 -1999.98 0.157482
0.37 13.6724 1999.98 -5906.64 -13.6724 -1999.98 0.161872
0.375 14.0093 1999.98 -6052.19 -14.0093 -1999.98 0.166304
0.38 14.3489 1999.98 -6198.88 -14.3489 -1999.98 0.170778
0.385 14.691 1999.98 -6346.7 -14.691 -1999.98 0.175295
0.39 15.0357 1999.98 -6495.61 -15.0357 -1999.98 0.179855
0.395 15.3829 1999.98 -6645.59 -15.3829 -1999.98 0.184455
0.4 15.7325 1999.98 -6796.61 -15.7325 -1999.98 0.189096
0.405 16.0844 1999.98 -6948.64 -16.0844 -1999.98 0.193774
0.41 16.4386 1999.98 -7101.67 -16.4386 -1999.98 0.198487
0.415 16.795 1999.98 -7255.65 -16.795 -1999.98 0.203233
0.42 17.1536 1999.98 -7410.57 -17.1536 -1999.98 0.208007
0.425 17.5143 1999.98 -7566.39 -17.5143 -1999.98 0.212805
0.43 17.877 1999.98 -7723.1 -17.877 -1999.98 0.217623
0.435 18.2417 1999.98 -7880.65 -18.2417 -1999.98 0.222456
0.44 18.6084 1999.98 -8039.04 -18.6084 -1999.98 0.227299
0.445 18.9768 1999.98 -8198.22 -18.9768 -1999.98 0.232146
0.45 19.3471 1999.98 -8358.17 -19.3471 -1999.98 0.236991
0.455 19.719 1999.98 -8518.87 -19.719 -1999.98 0.241827
0.46 20.0927 1999.98 -8680.28 -20.0927 -1999.98 0.246649
0.465 20.4679 1999.97 -8842.39 -20.4679 -1999.97 0.251448
0.47 20.8447 1999.97 -9005.15 -20.8447 -1999.97 0.256218
0.475 21.2229 1999.97 -9168.56 -21.2229 -1999.97 0.260953
0.48 21.6026 1999.97 -9332.59 -21.6026 -1999.97 0.265655
0.485 21.9838 1999.97 -9497.29 -21.9838 -1999.97 0.270345
0.49 22.3667 1999.97 -9662.69 -22.3667 -1999.97 0.275051
0.495 22.7512 1999.97 -9828.81 -22.7512 -1999.97 0.279797
0.5 23.1293 2000.01 -9993.24 -23.1293 -2000.01 1.38288
0.505 23.5087 2000.03 -10157.7 -23.5087 -2000.03 1.99926
0.51 23.8931 2000.02 -10323.5 -23.8931 -2000.02 1.67427
0.515 24.2789 2000.01 -10489.9 -24.2789 -2000.01 1.41667
0.52 24.6638 2000.01 -10656.3 -24.6638 -2000.01 1.52279
0.525 25.043 2000.03 -10820.7 -25.043 -2000.03 2.13439
0.53 25.4269 2000.02 -10986.2 -25.4269 -2000.02 1.79569
0.535 25.8119 2000.01 -11152.3 -25.8119 -2000.01 1.52262
0.54 26.1978 2000 -11318.8 -26.1978 -2000 1.3062
0.545 26.5689 2000.08 -11481 -26.5689 -2000.08 3.26437
0.55 26.9397 2000.12 -11642.3 -26.9397 -2000.12 4.30936
0.555 27.3173 2000.09 -11804.6 -27.3173 -2000.09 3.55658
0.56 27.6905 2000.09 -11965.6 -27.6905 -2000.09 3.30218
0.565 28.0418 2000.17 -12118.2 -28.0418 -2000.17 4.09852
0.57 28.3978 2000.13 -12271.2 -28.3978 -2000.13 3.39277
0.575 28.7523 2000.1 -12423.8 -28.7523 -2000.1 2.82162
0.58 29.0949 2000.13 -12572.8 -29.0949 -2000.13 3.8074
0.585 29.4321 2000.16 -12719.2 -29.4321 -2000.16 4.54685
0.59 29.7697 2000.15 -12864.6 -29.7697 -2000.15 4.08502
0.595 30.0891 2000.21 -13002.9 -30.0891 -2000.21 4.43688
0.6 30.4116 2000.16 -13141.5 -30.4116 -2000.16 3.6698
0.605 30.733 2000.13 -13279.7 -30.733 -2000.13 3.04882
0.61 31.0533 2000.1 -13417.6 -31.0533 -2000.1 2.555
0.615 31.3724 2000.08 -13555 -31.3724 -2000.08 2.15495
0.62 31.6904 2000.06 -13692.1 -31.6904 -2000.06 1.83083
0.625 31.9722 2000.31 -13817.3 -31.9722 -2000.31 5.2602
0.63 32.2467 2000.45 -13937.5 -32.2467 -2000.45 6.90625
0.635 32.5302 2000.36 -14058.7 -32.5302 -2000.36 5.64196
0.64 32.8126 2000.29 -14179.7 -32.8126 -2000.29 4.63715
0.645 33.0939 2000.23 -14300.4 -33.0939 -2000.23 3.83872
0.65 33.3743 2000.18 -14420.9 -33.3743 -2000.18 3.1922
0.655 33.6539 2000.14 -14541.2 -33.6539 -2000.14 2.66868
0.66 33.9327 2000.11 -14661.2 -33.9327 -2000.11 2.24473
0.665 34.2108 2000.09 -14781 -34.2108 -2000.09 1.90139
0.67 34.4881 2000.06 -14900.5 -34.4881 -2000.06 1.62332
0.675 34.7648 2000.05 -15019.8 -34.7648 -2000.05 1.39811
0.68 35.0294 2000.14 -15135 -35.0294 -2000.14 2.34388
0.685 35.2731 2000.29 -15241.8 -35.2731 -2000.29 3.78499
0.69 35.523 2000.23 -15349.1 -35.523 -2000.23 3.14474
0.695 35.7727 2000.18 -15456.5 -35.7727 -2000.18 2.62689
0.7 36.0226 2000.14 -15564 -36.0226 -2000.14 2.20803
0.705 36.2727 2000.11 -15671.7 -36.2727 -2000.11 1.86943
0.71 36.5227 2000.08 -15779.4 -36.5227 -2000.08 1.59573
0.715 36.7722 2000.06 -15886.9 -36.7722 -2000.06 1.3743
0.72 37.0205 2000.05 -15994.1 -37.0205 -2000.05 1.19483
0.725 37.2671 2000.03 -16100.4 -37.2671 -2000.03 1.04887
0.73 37.5112 2000.02 -16205.7 -37.5112 -2000.02 0.929589
0.735 37.7522 2000.01 -16309.8 -37.7522 -2000.01 0.831522
0.74 37.9898 2000.01 -16412.3 -37.9898 -2000.01 0.750348
0.745 38.2238 2000 -16513.4 -38.2238 -2000 0.682712
0.75 38.4416 2000.13 -16608.6 -38.4416 -2000.13 1.82071
0.755 38.6468 2000.24 -16698.2 -38.6468 -2000.24 2.74827
0.76 38.8529 2000.19 -16786.8 -38.8529 -2000.19 2.2914
0.765 39.0524 2000.18 -16873.1 -39.0524 -2000.18 2.50082
0.77 39.2497 2000.16 -16958.3 -39.2497 -2000.16 2.45643
0.775 39.4461 2000.13 -17042.8 -39.4461 -2000.13 2.05187
0.78 39.6354 2000.14 -17125 -39.6354 -2000.14 2.49644
0.785 39.8231 2000.14 -17206.2 -39.8231 -2000.14 2.59332
0.79 40.0106 2000.11 -17286.8 -40.0106 -2000.11 2.16177
0.795 40.1962 2000.08 -17366.6 -40.1962 -2000.08 1.81164
0.8 40.3799 2000.06 -17445.6 -40.3799 -2000.06 1.52732
0.805 40.5587 2000.08 -17523.1 -40.5587 -2000.08 1.78047
0.81 40.7293 2000.11 -17597.5 -40.7293 -2000.11 2.49786
0.815 40.902 2000.09 -17671.7 -40.902 -2000.09 2.08506
0.82 41.0735 2000.07 -17745.5 -41.0735 -2000.07 1.75045
0.825 41.244 2000.05 -17818.9 -41.244 -2000.05 1.47924
0.83 41.4138 2000.04 -17892 -41.4138 -2000.04 1.25946
0.835 41.583 2000.03 -17964.9 -41.583 -2000.03 1.08151
0.84 41.7519 2000.02 -18037.8 -41.7519 -2000.02 0.937603
0.845 41.9207 2000.01 -18110.6 -41.9207 -2000.01 0.821401
0.85 42.078 2000.11 -18180.2 -42.078 -2000.11 2.52316
0.855 42.237 2000.15 -18249.6 -42.237 -2000.15 3.16219
0.86 42.3922 2000.18 -18316.2 -42.3922 -2000.18 2.78462
0.865 42.5433 2000.18 -18381.7 -42.5433 -2000.18 2.96925
0.87 42.6939 2000.17 -18446.7 -42.6939 -2000.17 2.94059
0.875 42.8457 2000.14 -18511.8 -42.8457 -2000.14 2.44909
0.88 42.9971 2000.11 -18576.8 -42.9971 -2000.11 2.05152
0.885 43.1477 2000.08 -18641.5 -43.1477 -2000.08 1.72974
0.89 43.2847 2000.18 -18702.5 -43.2847 -2000.18 3.48302
0.895 43.4219 2000.22 -18762.3 -43.4219 -2000.22 4.09396
0.9 43.5606 2000.17 -18821.6 -43.5606 -2000.17 3.38965
0.905 43.6964 2000.14 -18879.7 -43.6964 -2000.14 2.81746
0.91 43.8286 2000.11 -18936.3 -43.8286 -2000.11 2.35146
0.915 43.9567 2000.09 -18991.3 -43.9567 -2000.09 1.97083
0.92 44.0803 2000.07 -19044.3 -44.0803 -2000.07 1.65879
0.925 44.199 2000.05 -19095.4 -44.199 -2000.05 1.40198
0.93 44.3039 2000.13 -19141.9 -44.3039 -2000.13 2.57368
0.935 44.4039 2000.16 -19185.6 -44.4039 -2000.16 3.08189
0.94 44.5025 2000.13 -19227.6 -44.5025 -2000.13 2.54752
0.945 44.5972 2000.1 -19268.1 -44.5972 -2000.1 2.11147
0.95 44.6885 2000.08 -19307.2 -44.6885 -2000.08 1.75543
0.955 44.7772 2000.06 -19345.2 -44.7772 -2000.06 1.46479
0.96 44.8637 2000.05 -19382.3 -44.8637 -2000.05 1.2276
0.965 44.9483 2000.04 -19418.7 -44.9483 -2000.04 1.03409
0.97 45.0284 2000.06 -19453.6 -45.0284 -2000.06 1.35383
0.975 45.1078 2000.07 -19488 -45.1078 -2000.07 1.41272
0.98 45.1863 2000.06 -19521.8 -45.1863 -2000.06 1.33118
0.985 45.2576 2000.1 -19553.1 -45.2576 -2000.1 1.85451
0.99 45.3306 2000.08 -19584.4 -45.3306 -2000.08 1.54552
0.995 45.4034 2000.06 -19615.6 -45.4034 -2000.06 1.29559
1 45.4761 2000.05 -19646.8 -45.4761 -2000.05 1.09362
1.005 45.5484 2000.04 -19677.9 -45.5484 -2000.04 0.930502
1.01 45.6203 2000.03 -19708.8 -45.6203 -2000.03 0.798397
1.015 45.6914 2000.02 -19739.4 -45.6914 -2000.02 0.691134
1.02 45.7614 2000.02 -19769.4 -45.7614 -2000.02 0.533509
1.025 45.8299 2000.03 -19798.6 -45.8299 -2000.03 0.0866443
1.03 45.895 2000.02 -19826.8 -45.895 -2000.02 0.110445
1.035 45.9579 2000.02 -19853.9 -45.9579 -2000.02 0.127353
1.04 46.0164 2000.03 -19879.5 -46.0164 -2000.03 0.45981
1.045 46.0701 2000.06 -19903.2 -46.0701 -2000.06 0.891043
1.05 46.1232 2000.05 -19926 -46.1232 -2000.05 0.755479
1.055 46.1748 2000.04 -19948.2 -46.1748 -2000.04 0.644169
1.06 46.2251 2000.03 -19969.8 -46.2251 -2000.03 0.552634
1.065 46.2741 2000.02 -19990.9 -46.2741 -2000.02 0.477341
1.07 46.3222 2000.02 -20011.6 -46.3222 -2000.02 0.415454
1.075 46.3689 2000.04 -20031.7 -46.3689 -2000.04 0.271203
1.08 46.4144 2000.04 -20051.2 -46.4144 -2000.04 0.18494
1.085 46.4589 2000.04 -20070.4 -46.4589 -2000.04 0.175738
1.09 46.5024 2000.03 -20089.2 -46.5024 -2000.03 0.167565
1.095 46.5449 2000.02 -20107.5 -46.5449 -2000.02 0.159931
1.1 46.5857 2000.02 -20125.2 -46.5857 -2000.02 0.15242
1.105 46.6246 2000.01 -20142 -46.6246 -2000.01 0.14454
1.11 46.661 2000.01 -20157.7 -46.661 -2000.01 0.135904
1.115 46.6944 2000.01 -20172.1 -46.6944 -2000.01 0.126326
1.12 46.7245 2000.01 -20185.1 -46.7245 -2000.01 0.115837
1.125 46.7509 2000.01 -20196.5 -46.7509 -2000.01 0.146601
1.13 46.7734 2000.01 -20206.3 -46.7734 -2000.01 0.169995
1.135 46.792 2000.01 -20214.4 -46.792 -2000.01 0.240916
1.14 46.8069 2000.02 -20220.9 -46.8069 -2000.02 0.297286
1.145 46.8192 2000.01 -20226.1 -46.8192 -2000.01 0.243766
1.15 46.8287 2000.01 -20230.2 -46.8287 -2000.01 0.199415
1.155 46.8358 2000.01 -20233.2 -46.8358 -2000.01 0.162626
1.16 46.8406 2000.01 -20235.3 -46.8406 -2000.01 0.13224
1.165 46.8431 2000.01 -20236.3 -46.8431 -2000.01 0.107267
1.17 46.8437 2000 -20236.6 -46.8437 -2000 0.0868567
1.175 46.8403 2000 -20235.3 -46.8403 -2000 0.312446
1.18 46.8343 1999.99 -20232.9 -46.8343 -1999.99 0.453274
1.185 46.8265 1999.99 -20229.4 -46.8265 -1999.99 0.366968
1.19 46.8168 1999.99 -20225.2 -46.8168 -1999.99 0.297011
1.195 46.8058 1999.99 -20220.4 -46.8058 -1999.99 0.240336
1.2 46.794 2000 -20215.2 -46.794 -2000 0.194423
1.205 46.7817 2000 -20209.8 -46.7817 -2000 0.157219
1.21 46.7693 2000 -20204.5 -46.7693 -2000 0.127073
1.215 46.757 2000 -20199.1 -46.757 -2000 0.102647
1.22 46.7444 2000 -20193.7 -46.7444 -2000 0.0828464
1.225 46.7312 2000 -20188 -46.7312 -2000 0.0667753
1.23 46.7168 2000 -20181.7 -46.7168 -2000 0.053692
1.235 46.7003 2000 -20174.6 -46.7003 -2000 0.0866596
1.24 46.681 2000 -20166.3 -46.681 -2000 0.109784
1.245 46.6584 2000 -20156.5 -46.6584 -2000 0.0879106
1.25 46.632 2000 -20145.1 -46.632 -2000 0.069733
1.255 46.6014 2000 -20131.9 -46.6014 -2000 0.0728436
1.26 46.5665 2000 -20116.8 -46.5665 -2000 0.077061
1.265 46.5274 2000 -20099.9 -46.5274 -2000 0.056774
1.27 46.4841 2000 -20081.2 -46.4841 -2000 0.0409573
1.275 46.4364 2000 -20060.5 -46.4364 -2000 0.0265371
1.28 46.3842 2000 -20038 -46.3842 -2000 0.0128648
1.285 46.3275 2000 -20013.5 -46.3275 -2000 -0.000651896
1.29 46.2662 2000 -19987 -46.2662 -2000 -0.0145268
1.295 46.2 2000 -19958.4 -46.2 -2000 -0.0194995
1.3 46.1271 2000.02 -19926.9 -46.1271 -2000.02 0.00181285
1.305 46.0497 2000.02 -19893.5 -46.0497 -2000.02 -0.0261991
1.31 45.9681 2000.01 -19858.2 -45.9681 -2000.01 -0.0539028
1.315 45.8826 2000.01 -19821.2 -45.8826 -2000.01 -0.0816505
1.32 45.7934 2000 -19782.7 -45.7934 -2000 -0.109583
1.325 45.7009 2000 -19742.6 -45.7009 -2000 -0.137715
1.33 45.6054 2000 -19701.3 -45.6054 -2000 -0.239825
1.335 45.5072 2000.01 -19658.4 -45.5072 -2000.01 -0.726303
1.34 45.4046 2000.01 -19614.1 -45.4046 -2000.01 -0.650901
1.345 45.2999 2000 -19568.9 -45.2999 -2000 -0.605794
1.35 45.1934 1999.99 -19522.9 -45.1934 -1999.99 -0.581834
1.355 45.0818 2000.03 -19475.3 -45.0818 -2000.03 0.00969581
1.36 44.9679 2000.05 -19426.5 -44.9679 -2000.05 0.422716
1.365 44.8548 2000.04 -19377.6 -44.8548 -2000.04 0.271005
1.37 44.7422 2000.02 -19328.8 -44.7422 -2000.02 0.145494
1.375 44.6306 2000.02 -19280.5 -44.6306 -2000.02 0.051161
1.38 44.5207 2000.01 -19232.9 -44.5207 -2000.01 -0.0231178
1.385 44.4129 2000.01 -19186.3 -44.4129 -2000.01 -0.0804277
1.39 44.3077 2000 -19140.8 -44.3077 -2000 -0.123442
1.395 44.2054 2000 -19096.6 -44.2054 -2000 -0.156335
1.4 44.1063 1999.99 -19053.7 -44.1063 -1999.99 -0.200689
1.405 44.0098 1999.99 -19012 -44.0098 -1999.99 -0.210772
1.41 43.9154 1999.99 -18971.2 -43.9154 -1999.99 -0.215984
1.415 43.8223 1999.99 -18931 -43.8223 -1999.99 -0.217914
1.42 43.7251 2000.04 -18889.7 -43.7251 -2000.04 0.52577
1.425 43.6256 2000.07 -18847.3 -43.6256 -2000.07 1.02191
1.43 43.5261 2000.05 -18804.1 -43.5261 -2000.05 0.796458
1.435 43.4232 2000.05 -18759.6 -43.4232 -2000.05 0.764878
1.44 43.3156 2000.06 -18713.2 -43.3156 -2000.06 0.843243
1.445 43.2054 2000.04 -18665.4 -43.2054 -2000.04 0.651794
1.45 43.0917 2000.03 -18616.1 -43.0917 -2000.03 0.460668
1.455 42.9739 2000.02 -18565 -42.9739 -2000.02 0.319038
1.46 42.852 2000.01 -18512.3 -42.852 -2000.01 0.22313
1.465 42.7258 2000.01 -18457.7 -42.7258 -2000.01 0.143729
1.47 42.5952 2000.01 -18401.2 -42.5952 -2000.01 0.0775556
1.475 42.4603 2000 -18342.9 -42.4603 -2000 0.0224412
1.48 42.3129 2000.07 -18280.4 -42.3129 -2000.07 1.25137
1.485 42.1596 2000.11 -18214.9 -42.1596 -2000.11 1.99075
1.49 42.0048 2000.09 -18147.6 -42.0048 -2000.09 1.55933
1.495 41.8452 2000.07 -18078.4 -41.8452 -2000.07 1.22827
1.5 41.6806 2000.06 -18007 -41.6806 -2000.06 0.959564
1.505 41.5109 2000.04 -17933.4 -41.5109 -2000.04 0.740687
1.51 41.3361 2000.03 -17857.7 -41.3361 -2000.03 0.562142
1.515 41.1567 2000.03 -17780.1 -41.1567 -2000.03 0.416821
1.52 40.9643 2000.13 -17697.6 -40.9643 -2000.13 0.991179
1.525 40.7551 2000.24 -17608.6 -40.7551 -2000.24 2.43355
1.53 40.5479 2000.19 -17518.6 -40.5479 -2000.19 1.94025
1.535 40.3387 2000.16 -17427.9 -40.3387 -2000.16 1.5398
1.54 40.1285 2000.13 -17336.7 -40.1285 -2000.13 1.21545
1.545 39.9128 2000.14 -17244.1 -39.9128 -2000.14 1.71351
1.55 39.6962 2000.14 -17150.7 -39.6962 -2000.14 1.95163
1.555 39.4815 2000.11 -17057.5 -39.4815 -2000.11 1.53837
1.56 39.2544 2000.19 -16961 -39.2544 -2000.19 3.09742
1.565 39.0258 2000.22 -16863 -39.0258 -2000.22 3.82206
1.57 38.7998 2000.18 -16764.6 -38.7998 -2000.18 3.07275
1.575 38.5711 2000.14 -16665.2 -38.5711 -2000.14 2.46612
1.58 38.3392 2000.11 -16564.5 -38.3392 -2000.11 1.9748
1.585 38.104 2000.09 -16462.5 -38.104 -2000.09 1.57676
1.59 37.8653 2000.07 -16359.1 -37.8653 -2000.07 1.25425
1.595 37.6226 2000.06 -16254.1 -37.6226 -2000.06 1.13809
1.6 37.3638 2000.12 -16143.4 -37.3638 -2000.12 2.28201
1.605 37.1069 2000.09 -16032 -37.1069 -2000.09 1.82711
1.61 36.8477 2000.07 -15919.7 -36.8477 -2000.07 1.45822
1.615 36.587 2000.06 -15806.7 -36.587 -2000.06 1.15955
1.62 36.322 2000.08 -15692.3 -36.322 -2000.08 1.24428
1.625 36.0325 2000.22 -15568.7 -36.0325 -2000.22 2.63209
1.63 35.7481 2000.18 -15445.3 -35.7481 -2000.18 2.11115
1.635 35.4591 2000.17 -15320.7 -35.4591 -2000.17 2.37296
1.64 35.1692 2000.17 -15195.6 -35.1692 -2000.17 2.44818
1.645 34.88 2000.14 -15070.2 -34.88 -2000.14 2.08129
1.65 34.5837 2000.14 -14942.5 -34.5837 -2000.14 2.32862
1.655 34.288 2000.11 -14814.3 -34.288 -2000.11 1.86491
1.66 33.9892 2000.09 -14684.8 -33.9892 -2000.09 1.49002
1.665 33.6862 2000.07 -14553.6 -33.6862 -2000.07 1.1864
1.67 33.3782 2000.06 -14420.3 -33.3782 -2000.06 0.939746
1.675 33.0646 2000.05 -14284.6 -33.0646 -2000.05 0.74101
1.68 32.7453 2000.04 -14146.5 -32.7453 -2000.04 0.579701
1.685 32.4203 2000.03 -14006 -32.4203 -2000.03 0.448703
1.69 32.0699 2000.2 -13856.3 -32.0699 -2000.2 2.07989
1.695 31.7019 2000.33 -13698.5 -31.7019 -2000.33 3.30621
1.7 31.3342 2000.27 -13539 -31.3342 -2000.27 2.65778
1.705 30.9616 2000.22 -13377.5 -30.9616 -2000.22 2.13238
1.71 30.5771 2000.22 -13212 -30.5771 -2000.22 2.67901
1.715 30.1841 2000.21 -13042.6 -30.1841 -2000.21 3.09934
1.72 29.7882 2000.17 -12871 -29.7882 -2000.17 2.4885
1.725 29.3858 2000.14 -12696.7 -29.3858 -2000.14 1.99379
1.73 28.9775 2000.11 -12519.9 -28.9775 -2000.11 1.59321
1.735 28.5645 2000.09 -12341.1 -28.5645 -2000.09 1.26891
1.74 28.1005 2000.44 -12144.7 -28.1005 -2000.44 5.25132
1.745 27.6382 2000.57 -11946.4 -27.6382 -2000.57 6.67039
1.75 27.1861 2000.46 -11749.8 -27.1861 -2000.46 5.36493
1.755 26.7358 2000.39 -11554.5 -26.7358 -2000.39 4.66581
1.76 26.2781 2000.37 -11357.5 -26.2781 -2000.37 5.3307
1.765 25.8253 2000.37 -11161.7 -25.8253 -2000.37 5.19755
1.77 25.3654 2000.41 -10963.5 -25.3654 -2000.41 5.66367
1.775 24.9218 2000.33 -10770.8 -24.9218 -2000.33 4.57263
1.78 24.489 2000.27 -10582.9 -24.489 -2000.27 3.69042
1.785 24.0665 2000.22 -10399.7 -24.0665 -2000.22 2.97716
1.79 23.6539 2000.18 -10220.9 -23.6539 -2000.18 2.40056
1.795 23.2241 2000.3 -10037.4 -23.2241 -2000.3 4.56285
1.8 22.7831 2000.41 -9849.28 -22.7831 -2000.41 6.96892
1.805 22.3626 2000.33 -9666.26 -22.3626 -2000.33 5.63425
1.81 21.9478 2000.27 -9486.01 -21.9478 -2000.27 4.55411
1.815 21.5379 2000.22 -9308.07 -21.5379 -2000.22 3.67828
1.82 21.1325 2000.17 -9132.19 -21.1325 -2000.17 2.95861
1.825 20.7311 2000.14 -8958.21 -20.7311 -2000.14 2.38947
1.83 20.3335 2000.11 -8786.01 -20.3335 -2000.11 1.92272
1.835 19.9286 2000.14 -8612.16 -19.9286 -2000.14 3.00839
1.84 19.5178 2000.17 -8435.9 -19.5178 -2000.17 4.21026
1.845 19.1159 2000.14 -8261.46 -19.1159 -2000.14 3.39845
1.85 18.715 2000.11 -8087.61 -18.715 -2000.11 2.74309
1.855 18.315 2000.09 -7914.28 -18.315 -2000.09 2.21642
1.86 17.9155 2000.07 -7741.3 -17.9155 -2000.07 1.79034
1.865 17.5043 2000.11 -7564.92 -17.5043 -2000.11 3.05593
1.87 17.095 2000.11 -7388.4 -17.095 -2000.11 3.37668
1.875 16.6878 2000.09 -7211.87 -16.6878 -2000.09 2.72742
1.88 16.279 2000.07 -7034.74 -16.279 -2000.07 2.19847
1.885 15.8685 2000.06 -6856.95 -15.8685 -2000.06 1.76805
1.89 15.4464 2000.08 -6675.56 -15.4464 -2000.08 2.72012
1.895 15.0215 2000.09 -6492.42 -15.0215 -2000.09 3.14849
1.9 14.597 2000.08 -6308.45 -14.597 -2000.08 2.54723
1.905 14.1683 2000.06 -6122.76 -14.1683 -2000.06 2.06491
1.91 13.7349 2000.05 -5935.15 -13.7349 -2000.05 1.66999
1.915 13.2976 2000.04 -5745.92 -13.2976 -2000.04 1.3507
1.92 12.858 2000.03 -5555.75 -12.858 -2000.03 1.09721
1.925 12.4183 2000.02 -5365.59 -12.4183 -2000.02 0.870888
1.93 11.9804 2000.01 -5176.23 -11.9804 -2000.01 0.694418
1.935 11.546 2000.01 -4988.42 -11.546 -2000.01 0.566733
1.94 11.1167 2000.01 -4802.89 -11.1167 -2000.01 0.46001
1.945 10.6941 2000 -4620.2 -10.6941 -2000 0.367553
1.95 10.2786 2000 -4440.66 -10.2786 -2000 0.290948
1.955 9.87034 2000 -4264.23 -9.87034 -2000 0.238145
1.96 9.46874 2000 -4090.71 -9.46874 -2000 0.209781
1.965 9.07296 1999.99 -3919.7 -9.07296 -1999.99 0.183193
1.97 8.68191 1999.99 -3750.74 -8.68191 -1999.99 0.152365
1.975 8.29494 1999.99 -3583.51 -8.29494 -1999.99 0.0929438
1.98 7.9112 1999.98 -3417.7 -7.9112 -1999.98 0.0613413
1.985 7.53041 1999.98 -3253.2 -7.53041 -1999.98 0.0623295
1.99 7.15272 1999.99 -3090.03 -7.15272 -1999.99 0.0564029
1.995 6.7783 1999.99 -2928.26 -6.7783 -1999.99 0.0316324
2 6.40727 1999.98 -2767.96 -6.40727 -1999.98 0.0169955
2.005 6.03937 1999.98 -2609.03 -6.03937 -1999.98 0.0264283
2.01 5.67458 1999.98 -2451.44 -5.67458 -1999.98 0.0181702
2.015 5.31255 1999.97 -2295.03 -5.31255 -1999.97 0.00789697
2.02 4.95179 1999.97 -2139.22 -4.95179 -1999.97 0.0451165
2.025 4.59147 1999.98 -1983.57 -4.59147 -1999.98 0.0554839
2.03 4.23089 1999.97 -1827.85 -4.23089 -1999.97 0.106145
2.035 3.8705 1999.97 -1672.16 -3.8705 -1999.97 0.107054
2.04 3.51123 1999.96 -1516.94 -3.51123 -1999.96 0.089487
2.045 3.1545 1999.96 -1362.8 -3.1545 -1999.96 0.0525375
2.05 2.8011 1999.96 -1210.17 -2.8011 -1999.96 0.0958786
2.055 2.45268 1999.96 -1059.71 -2.45268 -1999.96 0.147776
2.06 2.11088 1999.96 -912.011 -2.11088 -1999.96 0.11114
2.065 1.77616 1999.95 -767.329 -1.77616 -1999.95 0.0286142
2.07 1.44673 1999.94 -625.078 -1.44673 -1999.94 0.0910035
2.075 1.12255 1999.94 -485.014 -1.12255 -1999.94 0.0737538
2.08 0.802028 1999.94 -346.546 -0.802028 -1999.94 0.0701549
2.085 0.484483 1999.95 -209.367 -0.484483 -1999.95 0.0702051
2.09 0.169918 1999.96 -73.4749 -0.169918 -1999.96 0.0702995
2.095 -0.141398 1999.96 60.9828 0.141398 -1999.96 0.101118
2.1 -0.448578 1999.96 193.606 0.448578 -1999.96 0.179909
2.105 -0.749291 1999.95 323.649 0.749291 -1999.95 0.0447684
2.11 -1.04347 1999.96 450.79 1.04347 -1999.96 -0.0107769
2.115 -1.3291 1999.96 574.076 1.3291 -1999.96 0.0966563
2.12 -1.60327 1999.95 692.359 1.60327 -1999.95 0.254945
2.125 -1.86424 1999.95 804.984 1.86424 -1999.95 0.368499
2.13 -2.11037 1999.95 911.283 2.11037 -1999.95 0.395386
2.135 -2.33947 1999.94 1010.23 2.33947 -1999.94 0.41708
2.14 -2.55264 1999.94 1102.16 2.55264 -1999.94 0.574884
2.145 -2.74968 1999.95 1187.3 2.74968 -1999.95 0.561867
2.15 -2.93245 1999.95 1266.1 2.93245 -1999.95 0.716384
2.155 -3.10167 1999.95 1339.14 3.10167 -1999.95 0.78282
2.16 -3.25915 1999.95 1407.34 3.25915 -1999.95 0.610833
2.165 -3.4065 1999.95 1471.19 3.4065 -1999.95 0.41915
2.17 -3.54785 1999.96 1532.33 3.54785 -1999.96 0.344967
2.175 -3.68518 1999.96 1591.64 3.68518 -1999.96 0.354191
2.18 -3.82095 1999.97 1650.36 3.82095 -1999.97 0.290397
2.185 -3.95809 1999.97 1709.66 3.95809 -1999.97 0.238718
2.19 -4.09812 1999.97 1770.29 4.09812 -1999.97 0.0970984
2.195 -4.24274 1999.97 1832.93 4.24274 -1999.97 -0.0616178
2.2 -4.39501 1999.97 1898.69 4.39501 -1999.97 -0.0472974
2.205 -4.55492 1999.98 1967.76 4.55492 -1999.98 -0.0355614
2.21 -4.72075 1999.97 2039.56 4.72075 -1999.97 -0.18989
2.215 -4.89266 1999.97 2113.97 4.89266 -1999.97 -0.342129
2.22 -5.06783 1999.96 2189.83 5.06783 -1999.96 -0.52798
2.225 -5.24491 1999.96 2266.36 5.24491 -1999.96 -0.553687
2.23 -5.42043 1999.97 2342.07 5.42043 -1999.97 -0.449439
2.235 -5.5901 1999.97 2415.29 5.5901 -1999.97 -0.365151
2.24 -5.75057 1999.98 2484.54 5.75057 -1999.98 -0.296929
2.245 -5.89827 1999.98 2548.42 5.89827 -1999.98 -0.363812
2.25 -6.03239 1999.98 2606.36 6.03239 -1999.98 -0.361609
2.255 -6.15198 1999.98 2657.95 6.15198 -1999.98 -0.29427
2.26 -6.25686 1999.98 2703.2 6.25686 -1999.98 -0.239458
2.265 -6.34806 1999.99 2742.56 6.34806 -1999.99 -0.194813
2.27 -6.42731 1999.99 2776.76 6.42731 -1999.99 -0.15845
2.275 -6.4962 1999.99 2806.52 6.4962 -1999.99 -0.162667
2.28 -6.55638 1999.99 2832.5 6.55638 -1999.99 -0.14867
2.285 -6.6081 1999.99 2854.82 6.6081 -1999.99 -0.120805
2.29 -6.65052 1999.99 2873.12 6.65052 -1999.99 -0.0981143
2.295 -6.68233 2000 2886.85 6.68233 -2000 -0.0796215
2.3 -6.70221 2000 2895.42 6.70221 -2000 -0.0645458
2.305 -6.70908 2000 2898.38 6.70908 -2000 -0.0522711
2.31 -6.70121 1999.98 2894.98 6.70121 -1999.98 -0.0532018
2.315 -6.67731 1999.97 2884.65 6.67731 -1999.97 -0.0542738
2.32 -6.63754 1999.98 2867.46 6.63754 -1999.98 -0.0439293
2.325 -6.58251 1999.98 2843.68 6.58251 -1999.98 -0.0355539
2.33 -6.51326 1999.99 2813.76 6.51326 -1999.99 -0.0287703
2.335 -6.43094 1999.99 2778.19 6.43094 -1999.99 -0.023271
2.34 -6.33672 1999.99 2737.48 6.33672 -1999.99 -0.018807
2.345 -6.23177 1999.99 2692.14 6.23177 -1999.99 -0.015176
2.35 -6.11739 1999.99 2642.72 6.11739 -1999.99 -0.0122143
2.355 -5.99522 1999.99 2589.94 5.99522 -1999.99 -0.00979001
2.36 -5.86742 2000 2534.73 5.86742 -2000 -0.00779815
2.365 -5.73693 2000 2478.36 5.73693 -2000 -0.00615741
2.37 -5.60752 2000 2422.45 5.60752 -2000 -0.0048074
2.375 -5.48349 2000 2368.87 5.48349 -2000 -0.00370505
2.38 -5.36896 2000 2319.39 5.36896 -2000 -0.00281893
2.385 -5.26737 2000 2275.51 5.26737 -2000 -0.00212293
2.39 -5.18136 2000 2238.35 5.18136 -2000 -0.00159162
2.395 -5.11293 2000 2208.79 5.11293 -2000 -0.0011987
2.4 -5.06351 2000 2187.44 5.06351 -2000 -0.000916754
2.405 -5.03371 2000 2174.56 5.03371 -2000 -0.000717729
2.41 -5.02327 2000 2170.05 5.02327 -2000 -0.00057469
2.415 -5.03133 2000 2173.53 5.03133 -2000 -0.000340162
2.42 -5.05674 2000 2184.51 5.05674 -2000 -0.000144824
2.425 -5.09829 2000 2202.46 5.09829 -2000 -0.000124679
2.43 -5.15487 2000 2226.9 5.15487 -2000 -0.000132624
2.435 -5.22583 2000 2257.56 5.22583 -2000 -0.000198287
2.44 -5.31119 2000 2294.44 5.31119 -2000 -0.000369436
2.445 -5.41127 2000 2337.67 5.41127 -2000 -0.000717014
2.45 -5.5263 2000 2387.36 5.5263 -2000 -0.00133785
2.455 -5.65657 2000 2443.64 5.65657 -2000 -0.00228351
2.46 -5.80271 2000 2506.77 5.80271 -2000 -0.00368461
2.465 -5.96567 2000 2577.17 5.96567 -2000 -0.00577652
2.47 -6.14658 2000 2655.33 6.14658 -2000 -0.00877884
2.475 -6.34639 2000 2741.65 6.34639 -2000 -0.01286
2.48 -6.56562 2000 2836.37 6.56562 -2000 -0.0169042
2.485 -6.79585 1999.85 2935.89 6.79585 -1999.85 -0.0814805
2.49 -7.02994 1999.67 3037.13 7.02994 -1999.67 -0.201713
2.495 -7.28057 1999.72 3145.3 7.28057 -1999.72 -0.0938074
2.5 -7.54788 1999.76 3260.62 7.54788 -1999.76 0.058343
2.505 -7.83197 1999.79 3383.35 7.83197 -1999.79 0.0644986
2.51 -8.13441 1999.82 3514.13 8.13441 -1999.82 -0.0646535
2.515 -8.45711 1999.84 3653.75 8.45711 -1999.84 -0.274267
2.52 -8.80213 1999.86 3803.01 8.80213 -1999.86 -0.489572
2.525 -9.1716 1999.87 3962.75 9.1716 -1999.87 -0.623825
2.53 -9.56711 1999.89 4133.66 9.56711 -1999.89 -0.663551
2.535 -9.98972 1999.91 4316.22 9.98972 -1999.91 -0.658159
2.54 -10.4405 1999.92 4510.96 10.4405 -1999.92 -0.642393
2.545 -10.9212 1999.93 4718.57 10.9212 -1999.93 -0.628167
2.55 -11.4336 1999.94 4939.93 11.4336 -1999.94 -0.620414
2.555 -11.9801 1999.94 5176.02 11.9801 -1999.94 -0.621545
2.56 -12.563 1999.95 5427.85 12.563 -1999.95 -0.632
2.565 -13.1849 1999.95 5696.51 13.1849 -1999.95 -0.651265
2.57 -13.8481 1999.95 5983.08 13.8481 -1999.95 -0.679083
2.575 -14.555 1999.94 6288.49 14.555 -1999.94 -0.715383
2.58 -15.3069 1999.94 6613.34 15.3069 -1999.94 -0.760023
2.585 -16.1042 1999.93 6957.83 16.1042 -1999.93 -0.812812
2.59 -16.9216 2000.03 7314.4 16.9216 -2000.03 -4.27941
2.595 -17.7902 2000.06 7690.85 17.7902 -2000.06 -5.48503
2.6 -18.706 2000.03 8085.89 18.706 -2000.03 -4.88201
2.605 -19.6387 2000.06 8490.21 19.6387 -2000.06 -6.29318
2.61 -20.575 2000.15 8897.32 20.575 -2000.15 -8.92749
2.615 -21.5575 2000.09 9320.43 21.5575 -2000.09 -7.58479
2.62 -22.5692 2000.03 9756.43 22.5692 -2000.03 -6.5492
2.625 -23.6033 2000.01 10203 23.6033 -2000.01 -6.33732
2.63 -24.5927 2000.32 10636.1 24.5927 -2000.32 -12.0233
2.635 -25.5821 2000.48 11065.1 25.5821 -2000.48 -13.6676
2.64 -26.5977 2000.37 11502.1 26.5977 -2000.37 -11.9222
2.645 -27.5659 2000.54 11922.1 27.5659 -2000.54 -13.59
2.65 -28.4751 2000.94 12320 28.4751 -2000.94 -18.7353
2.655 -29.3571 2001.2 12702.7 29.3571 -2001.2 -20.4835
2.66 -30.2632 2000.92 13090.8 30.2632 -2000.92 -17.1232
2.665 -31.1743 2000.69 13481.8 31.1743 -2000.69 -14.4851
2.67 -32.0404 2000.99 13858.1 32.0404 -2000.99 -16.6264
2.675 -32.8574 2001.31 14214.4 32.8574 -2001.31 -20.0296
2.68 -33.6998 2001.01 14575.2 33.6998 -2001.01 -16.8757
2.685 -34.5463 2000.76 14938.4 34.5463 -2000.76 -14.3527
2.69 -35.3971 2000.56 15303.9 35.3971 -2000.56 -12.3815
2.695 -36.1794 2001.24 15645.8 36.1794 -2001.24 -16.3542
2.7 -36.9734 2001.38 15989.4 36.9734 -2001.38 -16.8731
2.705 -37.7525 2001.26 16327.5 37.7525 -2001.26 -18.4091
2.71 -38.5275 2001.12 16662.8 38.5275 -2001.12 -18.9103
2.715 -39.2902 2001.02 16992.9 39.2902 -2001.02 -19.549
2.72 -39.9927 2001.37 17300.8 39.9927 -2001.37 -23.9293
2.725 -40.6942 2001.35 17601.2 40.6942 -2001.35 -21.3274
2.73 -41.3668 2001.27 17892.9 41.3668 -2001.27 -22.4317
2.735 -42.0076 2001.33 18173 42.0076 -2001.33 -25.6606
2.74 -42.6406 2001.25 18446.6 42.6406 -2001.25 -25.8033
2.745 -43.2371 2001.25 18705.6 43.2371 -2001.25 -27.1946
2.75 -43.8384 2001.04 18962.7 43.8384 -2001.04 -24.4993
2.755 -44.3935 2001.1 19204.3 44.3935 -2001.1 -26.3437
2.76 -44.9467 2001.22 19439.1 44.9467 -2001.22 -22.1823
2.765 -45.4449 2001.51 19656 45.4449 -2001.51 -23.7515
2.77 -45.9209 2001.7 19861.3 45.9209 -2001.7 -23.4098
2.775 -46.3696 2001.75 20056.4 46.3696 -2001.75 -24.7396
2.78 -46.8067 2001.6 20246.9 46.8067 -2001.6 -26.4361
2.785 -47.2371 2001.5 20434.2 47.2371 -2001.5 -27.7741
2.79 -47.6624 2001.41 20616.7 47.6624 -2001.41 -26.5091
2.795 -48.0813 2001.57 20794.9 48.0813 -2001.57 -23.8244
2.8 -48.4933 2001.59 20969.2 48.4933 -2001.59 -20.077
2.805 -48.8855 2001.31 21139.3 48.8855 -2001.31 -20.798
2.81 -49.2653 2000.99 21307.3 49.2653 -2000.99 -24.6327
2.815 -49.6207 2000.84 21467.8 49.6207 -2000.84 -31.6357
2.82 -49.9673 2001.14 21615.8 49.9673 -2001.14 -29.9254
2.825 -50.2439 2001.06 21741.3 50.2439 -2001.06 -35.9642
2.83 -50.377 2000.69 21824.5 50.377 -2000.69 -61.6144
2.835 -50.2512 1999.71 21827.2 50.2512 -1999.71 -118.685
2.84 -49.8728 1997.36 21723.8 49.8728 -1997.36 -178.789
2.845 -49.3824 1995.93 21528.3 49.3824 -1995.93 -195.098
2.85 -48.9099 1996.47 21300.1 48.9099 -1996.47 -171.028
2.855 -48.3206 1996.61 21024.9 48.3206 -1996.61 -150.408
2.86 -47.6429 1996.08 20716.4 47.6429 -1996.08 -134.632
2.865 -46.9209 1995.93 20384.7 46.9209 -1995.93 -114.846
2.87 -46.1766 1996.59 20036.9 46.1766 -1996.59 -88.6002
2.875 -45.3287 1996.63 19657.1 45.3287 -1996.63 -75.0815
2.88 -44.8495 1998.85 19377.5 44.8495 -1998.85 -2.54743
2.885 -44.2914 1999.82 19103.2 44.2914 -1999.82 30.6738
2.89 -43.6345 1999.76 18820.6 43.6345 -1999.76 29.5015
2.895 -43.1545 2000.99 18584.6 43.1545 -2000.99 58.1531
2.9 -42.6222 2000.95 18351.4 42.6222 -2000.95 61.417
2.905 -42.0073 1999.82 18103.8 42.0073 -1999.82 43.3694
2.91 -41.3659 1998.79 17842.6 41.3659 -1998.79 27.4342
2.915 -40.7013 1997.84 17567.5 40.7013 -1997.84 15.4459
2.92 -40.1641 1998.15 17329.4 40.1641 -1998.15 21.5332
2.925 -40.0581 1999.63 17245.8 40.0581 -1999.63 59.3082
2.93 -39.7922 1998.76 17147.9 39.7922 -1998.76 42.3104
2.935 -39.6288 1998.87 17073.8 39.6288 -1998.87 45.8673
2.94 -39.6683 2000.25 17071.7 39.6683 -2000.25 65.0021
2.945 -39.605 1999.63 17059.2 39.605 -1999.63 50.1247
2.95 -39.5414 1999.12 17043.8 39.5414 -1999.12 38.0562
2.955 -39.4855 1998.99 17028.3 39.4855 -1998.99 29.5022
2.96 -39.4102 1998.51 17004.5 39.4102 -1998.51 20.7337
2.965 -39.3847 1999.33 16992.7 39.3847 -1999.33 21.5398
2.97 -39.3614 1999.81 16983.3 39.3614 -1999.81 20.7892
2.975 -39.3245 1999.7 16971.8 39.3245 -1999.7 16.3691
2.98 -39.2886 1999.6 16959.9 39.2886 -1999.6 12.7793
2.985 -39.2529 1999.51 16947.4 39.2529 -1999.51 9.83529
2.99 -39.2167 1999.42 16934.2 39.2167 -1999.42 7.39988
2.995 -39.1791 1999.32 16920 39.1791 -1999.32 5.35729
3 -39.1395 1999.21 16904.7 39.1395 -1999.21 3.60799
3.005 -39.0968 1999.08 16887.8 39.0968 -1999.08 2.06234
3.01 -39.0482 1998.84 16868.4 39.0482 -1998.84 0.399591
3.015 -38.9776 1998.21 16840.7 38.9776 -1998.21 -2.32762
3.02 -38.9073 1998.15 16810.9 38.9073 -1998.15 -2.97602
3.025 -38.7999 1996.25 16768.8 38.7999 -1996.25 -7.1802
3.03 -38.63 1994.56 16702.2 38.63 -1994.56 -13.9978
3.035 -38.4381 1994.71 16623.3 38.4381 -1994.71 -18.0882
3.04 -38.3678 2003.03 16575.4 38.3678 -2003.03 -0.552518
3.045 -38.2755 2007.66 16526.3 38.2755 -2007.66 8.67875
3.05 -38.122 2005.01 16465 38.122 -2005.01 3.64734
3.055 -37.946 2002.69 16392.6 37.946 -2002.69 0.0340572
3.06 -37.7442 2000.67 16308.6 37.7442 -2000.67 -3.09652
3.065 -37.5471 1998.25 16218.6 37.5471 -1998.25 1.70778
3.07 -37.2502 1992.75 16093.9 37.2502 -1992.75 -1.80346
3.075 -34.7264 1960.56 14483 34.7264 -1960.56 518.819
3.08 -34.1311 2270.5 13644.9 34.1311 -2270.5 1099.68
3.085 -34.88 2098.9 14004.1 34.88 -2098.9 1064.04
3.09 -34.8334 2081.37 14195.6 34.8334 -2081.37 852.432
3.095 -34.5881 2062.84 14312.8 34.5881 -2062.84 629.258
3.1 -34.4594 2048.98 14396.4 34.4594 -2048.98 490.123
3.105 -34.3584 2038.35 14454.9 34.3584 -2038.35 387.935
3.11 -34.2791 2030.1 14499.3 34.2791 -2030.1 309.267
3.115 -34.2106 2023.33 14533.1 34.2106 -2023.33 245.879
3.12 -34.1606 2018.27 14560.6 34.1606 -2018.27 196.817
3.125 -34.1254 2014.54 14583.7 34.1254 -2014.54 158.464
3.13 -34.0974 2011.4 14602.6 34.0974 -2011.4 127.494
3.135 -34.0784 2008.98 14619.1 34.0784 -2008.98 102.768
3.14 -34.0576 2007.62 14631.4 34.0576 -2007.62 81.4715
3.145 -34.0458 2006.33 14642.8 34.0458 -2006.33 64.9636
3.15 -34.0425 2005.08 14653.8 34.0425 -2005.08 52.5251
3.155 -34.043 2004.09 14664.1 34.043 -2004.09 42.4717
3.16 -34.0466 2003.3 14673.8 34.0466 -2003.3 34.3441
3.165 -34.0528 2002.67 14683 34.0528 -2002.67 27.7724
3.17 -34.061 2002.16 14691.9 34.061 -2002.16 22.4582
3.175 -34.0707 2001.63 14700.4 34.0707 -2001.63 18.1987
3.18 -34.0812 2001.26 14708.4 34.0812 -2001.26 14.7367
3.185 -34.0924 2001.02 14716 34.0924 -2001.02 11.9159
3.19 -34.1044 2000.82 14723.5 34.1044 -2000.82 9.63452
3.195 -34.1173 2000.67 14730.9 34.1173 -2000.67 7.78931
3.2 -34.1307 2000.54 14738.2 34.1307 -2000.54 6.29688
3.205 -34.1367 2001.05 14743.5 34.1367 -2001.05 3.52937
3.21 -34.1441 2001.35 14748.7 34.1441 -2001.35 1.57698
3.215 -34.1576 2001.1 14754.8 34.1576 -2001.1 1.26915
3.22 -34.1712 2000.89 14760.9 34.1712 -2000.89 1.02066
3.225 -34.1848 2000.72 14767 34.1848 -2000.72 0.820194
3.23 -34.1986 2000.58 14773.1 34.1986 -2000.58 0.658502
3.235 -34.2124 2000.47 14779.2 34.2124 -2000.47 0.528112
3.24 -34.2264 2000.38 14785.4 34.2264 -2000.38 0.422996
3.245 -34.2406 2000.31 14791.6 34.2406 -2000.31 0.338283
3.25 -34.2549 2000.25 14797.9 34.2549 -2000.25 0.270043
3.255 -34.2694 2000.2 14804.2 34.2694 -2000.2 0.215103
3.26 -34.285 2000 14810.7 34.285 -2000 0.398667
3.265 -34.3001 1999.85 14817.1 34.3001 -1999.85 0.522076
3.27 -34.3143 1999.82 14823.3 34.3143 -1999.82 0.498986
3.275 -34.3286 1999.78 14829.4 34.3286 -1999.78 0.510143
3.28 -34.3423 1999.82 14835.5 34.3423 -1999.82 0.410785
3.285 -34.3561 1999.85 14841.5 34.3561 -1999.85 0.330535
3.29 -34.37 1999.88 14847.6 34.37 -1999.88 0.265735
3.295 -34.3839 1999.91 14853.6 34.3839 -1999.91 0.213432
3.3 -34.3979 1999.92 14859.7 34.3979 -1999.92 0.171235
3.305 -34.4119 1999.94 14865.8 34.4119 -1999.94 0.137209
3.31 -34.4258 1999.95 14871.8 34.4258 -1999.95 0.109787
3.315 -34.4396 1999.96 14877.8 34.4396 -1999.96 0.0877037
3.32 -34.4534 1999.97 14883.8 34.4534 -1999.97 0.0699322
3.325 -34.467 1999.97 14889.7 34.467 -1999.97 0.0556438
3.33 -34.4805 1999.98 14895.5 34.4805 -1999.98 0.0441678
3.335 -34.4938 1999.98 14901.3 34.4938 -1999.98 0.0349617
3.34 -34.5068 1999.99 14906.9 34.5068 -1999.99 0.027587
3.345 -34.5197 1999.99 14912.5 34.5197 -1999.99 0.021689
3.35 -34.5322 1999.99 14917.9 34.5322 -1999.99 0.0169807
3.355 -34.5444 1999.99 14923.2 34.5444 -1999.99 0.0132299
3.36 -34.5563 1999.99 14928.3 34.5563 -1999.99 0.0102489
3.365 -34.5679 2000 14933.3 34.5679 -2000 0.00788612
3.37 -34.5791 2000 14938.2 34.5791 -2000 0.00601921
3.375 -34.5899 2000 14942.8 34.5899 -2000 0.00454962
3.38 -34.6003 2000 14947.3 34.6003 -2000 0.00339801
3.385 -34.6103 2000 14951.7 34.6103 -2000 0.00250058
3.39 -34.6199 2000 14955.8 34.6199 -2000 0.00180604
3.395 -34.6289 2000 14959.7 34.6289 -2000 0.00127305
3.4 -34.6375 2000 14963.4 34.6375 -2000 0.000868193
3.405 -34.6455 2000 14966.9 34.6455 -2000 0.000564446
3.41 -34.653 2000 14970.1 34.653 -2000 0.000339998
3.415 -34.66 2000 14973.1 34.66 -2000 0.00017733
3.42 -34.6665 2000 14975.9 34.6665 -2000 6.23982e-05
3.425 -34.6723 2000 14978.5 34.6723 -2000 -1.604e-05
3.43 -34.6777 2000 14980.8 34.6777 -2000 -6.69887e-05
3.435 -34.6826 2000 14982.9 34.6826 -2000 -9.76447e-05
3.44 -34.687 2000 14984.8 34.687 -2000 -0.000113719
3.445 -34.6909 2000 14986.5 34.6909 -2000 -0.000119666
3.45 -34.6945 2000 14988 34.6945 -2000 -0.00011887
3.455 -34.6977 2000 14989.4 34.6977 -2000 -0.000113825
3.46 -34.7006 2000 14990.7 34.7006 -2000 -0.000106331
3.465 -34.7033 2000 14991.8 34.7033 -2000 -0.00137815
3.47 -34.7057 2000.01 14992.9 34.7057 -2000.01 -0.0176242
3.475 -34.708 2000.01 14993.9 34.708 -2000.01 -0.0142739
3.48 -34.7102 2000.01 14994.8 34.7102 -2000.01 -0.0115608
3.485 -34.7123 2000.01 14995.7 34.7123 -2000.01 -0.009364
3.49 -34.7143 2000.01 14996.6 34.7143 -2000.01 -0.0075853
3.495 -34.7163 2000 14997.4 34.7163 -2000 -0.00614524
3.5 -34.7182 2000 14998.3 34.7182 -2000 -0.00497941
3.505 -34.7201 2000 14999.1 34.7201 -2000 -0.00403569
3.51 -34.7221 2000 15000 34.7221 -2000 -0.00327185
3.515 -34.7241 2000 15000.8 34.7241 -2000 -0.00265369
3.52 -34.7262 2000 15001.7 34.7262 -2000 -0.0021535
3.525 -34.7282 2000 15002.6 34.7282 -2000 -0.00174886
3.53 -34.7304 2000 15003.5 34.7304 -2000 -0.00142154
3.535 -34.7326 2000 15004.5 34.7326 -2000 -0.00115681
3.54 -34.7348 2000 15005.4 34.7348 -2000 -0.0009427
3.545 -34.737 2000 15006.4 34.737 -2000 -0.000769512
3.55 -34.7393 2000 15007.4 34.7393 -2000 -0.000629411
3.555 -34.7416 2000 15008.4 34.7416 -2000 -0.000516069
3.56 -34.7439 2000 15009.4 34.7439 -2000 -0.000424366
3.565 -34.7462 2000 15010.4 34.7462 -2000 -0.000350162
3.57 -34.7485 2000 15011.4 34.7485 -2000 -0.0002901
3.575 -34.7508 2000 15012.4 34.7508 -2000 -0.000241457
3.58 -34.7532 2000 15013.4 34.7532 -2000 -0.000202027
3.585 -34.7555 2000 15014.4 34.7555 -2000 -0.00017004
3.59 -34.7578 2000 15015.4 34.7578 -2000 -0.000144068
3.595 -34.7601 2000 15016.4 34.7601 -2000 -0.000122957
3.6 -34.7625 2000 15017.4 34.7625 -2000 -0.000105766
3.605 -34.7648 2000 15018.4 34.7648 -2000 -9.17263e-05
3.61 -34.767 2000 15019.4 34.767 -2000 -8.02131e-05
3.615 -34.7693 2000 15020.3 34.7693 -2000 -7.07202e-05
3.62 -34.7715 2000 15021.3 34.7715 -2000 -6.28417e-05
3.625 -34.7737 2000 15022.2 34.7737 -2000 -5.62556e-05
3.63 -34.7759 2000 15023.2 34.7759 -2000 -5.07073e-05
3.635 -34.778 2000 15024.1 34.778 -2000 -4.59941e-05
3.64 -34.78 2000 15025 34.78 -2000 -4.19539e-05
3.645 -34.7821 2000 15025.9 34.7821 -2000 -3.84614e-05
3.65 -34.7841 2000 15026.7 34.7841 -2000 -3.5423e-05
3.655 -34.786 2000 15027.6 34.786 -2000 -3.2775e-05
3.66 -34.788 2000 15028.4 34.788 -2000 -3.04802e-05
3.665 -34.7899 2000 15029.2 34.7899 -2000 -2.85243e-05
3.67 -34.7918 2000 15030.1 34.7918 -2000 -2.69057e-05
3.675 -34.7938 2000 15030.9 34.7938 -2000 -0.00552349
3.68 -34.7957 2000.01 15031.8 34.7957 -2000.01 -0.00793214
3.685 -34.7978 2000 15032.7 34.7978 -2000 -0.00642457
3.69 -34.7999 2000 15033.6 34.7999 -2000 -0.00520449
3.695 -34.8021 2000 15034.5 34.8021 -2000 -0.00421716
3.7 -34.8044 2000 15035.5 34.8044 -2000 -0.00341828
3.705 -34.8067 2000 15036.5 34.8067 -2000 -0.00277199
3.71 -34.8092 2000 15037.6 34.8092 -2000 -0.00224925
3.715 -34.8117 2000 15038.7 34.8117 -2000 -0.00182656
3.72 -34.8144 2000 15039.8 34.8144 -2000 -0.0014849
3.725 -34.8172 2000 15041 34.8172 -2000 -0.00120883
3.73 -34.8201 2000 15042.3 34.8201 -2000 -0.000985874
3.735 -34.8231 2000 15043.6 34.8231 -2000 -0.000805893
3.74 -34.8262 2000 15044.9 34.8262 -2000 -0.00066066
3.745 -34.8294 2000 15046.3 34.8294 -2000 -0.000543485
3.75 -34.8326 2000 15047.7 34.8326 -2000 -0.000448919
3.755 -34.8359 2000 15049.1 34.8359 -2000 -0.000372546
3.76 -34.8392 2000 15050.6 34.8392 -2000 -0.000310807
3.765 -34.8426 2000 15052 34.8426 -2000 -0.000260851
3.77 -34.846 2000 15053.5 34.846 -2000 -0.000220399
3.775 -34.8494 2000 15054.9 34.8494 -2000 -0.000187633
3.78 -34.8528 2000 15056.4 34.8528 -2000 -0.000161104
3.785 -34.8562 2000 15057.9 34.8562 -2000 -0.000139661
3.79 -34.8597 2000 15059.4 34.8597 -2000 -0.000122387
3.795 -34.8633 2000 15060.9 34.8633 -2000 -0.000108555
3.8 -34.8669 2000 15062.5 34.8669 -2000 -9.75902e-05
3.805 -34.8706 2000 15064.1 34.8706 -2000 -8.90433e-05
3.81 -34.8744 2000 15065.8 34.8744 -2000 -8.25581e-05
3.815 -34.8784 2000 15067.5 34.8784 -2000 -7.78487e-05
3.82 -34.8826 2000 15069.3 34.8826 -2000 -7.46852e-05
3.825 -34.8869 2000 15071.1 34.8869 -2000 -7.28898e-05
3.83 -34.8914 2000 15073.1 34.8914 -2000 -7.23252e-05
3.835 -34.8961 2000 15075.1 34.8961 -2000 -7.28798e-05
3.84 -34.901 2000 15077.2 34.901 -2000 -7.44544e-05
3.845 -34.9062 2000 15079.5 34.9062 -2000 -7.69636e-05
3.85 -34.9117 2000 15081.9 34.9117 -2000 -8.03351e-05
3.855 -34.9174 2000 15084.3 34.9174 -2000 -8.45068e-05
3.86 -34.9235 2000 15086.9 34.9235 -2000 -8.94106e-05
3.865 -34.9298 2000 15089.7 34.9298 -2000 -9.49645e-05
3.87 -34.9365 2000 15092.6 34.9365 -2000 -0.000101085
3.875 -34.9435 2000 15095.6 34.9435 -2000 -0.00010773
3.88 -34.9508 2000 15098.7 34.9508 -2000 -0.000114908
3.885 -34.9585 2000 15102.1 34.9585 -2000 -0.000122614
3.89 -34.9666 2000 15105.6 34.9666 -2000 -0.000130767
3.895 -34.975 2000 15109.2 34.975 -2000 -0.000139216
3.9 -34.9838 2000 15113 34.9838 -2000 -0.00014775
3.905 -34.993 2000 15117 34.993 -2000 -0.000156092
3.91 -35.0025 2000 15121.1 35.0025 -2000 -0.000163959
3.915 -35.0122 2000 15125.3 35.0122 -2000 -0.00017113
3.92 -35.0222 2000 15129.6 35.0222 -2000 -0.000177433
3.925 -35.0325 2000 15134 35.0325 -2000 -0.000182693
3.93 -35.043 2000 15138.6 35.043 -2000 -0.000186722
3.935 -35.0536 2000 15143.2 35.0536 -2000 -0.000189369
3.94 -35.0643 2000 15147.8 35.0643 -2000 -0.000190555
3.945 -35.0751 2000 15152.5 35.0751 -2000 -0.000190283
3.95 -35.086 2000 15157.2 35.086 -2000 -0.000188607
3.955 -35.0969 2000 15161.9 35.0969 -2000 -0.000185608
3.96 -35.1077 2000 15166.5 35.1077 -2000 -0.000181384
3.965 -35.1185 2000 15171.2 35.1185 -2000 -0.000176065
3.97 -35.1293 2000 15175.8 35.1293 -2000 -0.000169796
3.975 -35.1399 2000 15180.4 35.1399 -2000 -0.000162735
3.98 -35.1504 2000 15185 35.1504 -2000 -0.000155034
3.985 -35.1607 2000 15189.4 35.1607 -2000 -0.000146844
3.99 -35.1708 2000 15193.8 35.1708 -2000 -0.000138306
3.995 -35.1808 2000 15198.1 35.1808 -2000 -0.000129558
4 -35.1905 2000 15202.3 35.1905 -2000 -0.000120722
4.005 -35.1999 2000 15206.4 35.1999 -2000 -0.00011191
4.01 -35.2091 2000 15210.3 35.2091 -2000 -0.000103219
4.015 -35.218 2000 15214.2 35.218 -2000 -9.47395e-05
4.02 -35.2266 2000 15217.9 35.2266 -2000 -8.65495e-05
4.025 -35.2349 2000 15221.5 35.2349 -2000 -7.87144e-05
4.03 -35.2429 2000 15225 35.2429 -2000 -7.1282e-05
4.035 -35.2506 2000 15228.3 35.2506 -2000 -6.42852e-05
4.04 -35.258 2000 15231.5 35.258 -2000 -5.77404e-05
4.045 -35.2651 2000 15234.5 35.2651 -2000 -5.16541e-05
4.05 -35.2718 2000 15237.4 35.2718 -2000 -4.60233e-05
4.055 -35.2782 2000 15240.2 35.2782 -2000 -4.08394e-05
4.06 -35.2843 2000 15242.8 35.2843 -2000 -3.60876e-05
4.065 -35.29 2000 15245.3 35.29 -2000 -3.17506e-05
4.07 -35.2953 2000 15247.6 35.2953 -2000 -2.78084e-05
4.075 -35.3003 2000 15249.7 35.3003 -2000 -2.42413e-05
4.08 -35.3049 2000 15251.7 35.3049 -2000 -2.10282e-05
4.085 -35.3091 2000 15253.5 35.3091 -2000 -1.81488e-05
4.09 -35.3129 2000 15255.2 35.3129 -2000 -1.55823e-05
4.095 -35.3163 2000 15256.7 35.3163 -2000 -1.3309e-05
4.1 -35.3194 2000 15258 35.3194 -2000 -1.13073e-05
4.105 -35.3221 2000 15259.2 35.3221 -2000 -9.55541e-06
4.11 -35.3245 2000 15260.2 35.3245 -2000 -8.03042e-06
4.115 -35.3265 2000 15261 35.3265 -2000 -6.71062e-06
4.12 -35.3282 2000 15261.8 35.3282 -2000 -5.57486e-06
4.125 -35.3295 2000 15262.3 35.3295 -2000 -4.60398e-06
4.13 -35.3305 2000 15262.8 35.3305 -2000 -3.77961e-06
4.135 -35.3311 2000 15263 35.3311 -2000 -3.08551e-06
4.14 -35.3315 2000 15263.2 35.3315 -2000 -2.50681e-06
4.145 -35.3315 2000 15263.2 35.3315 -2000 -2.03043e-06
4.15 -35.296 1999.82 15253.1 35.296 -1999.82 -5.19403
4.155 -35.2435 1999.71 15233.3 35.2435 -1999.71 -8.13459
4.16 -35.1831 1999.76 15205.3 35.1831 -1999.76 -6.22422
4.165 -35.1053 1999.79 15169.7 35.1053 -1999.79 -4.24803
4.17 -35.0147 1999.82 15128.4 35.0147 -1999.82 -2.06567
4.175 -34.9162 1999.83 15083.5 34.9162 -1999.83 0.345516
4.18 -34.8143 1999.84 15036.9 34.8143 -1999.84 2.88176
4.185 -34.7126 1999.84 14990.5 34.7126 -1999.84 5.34992
4.19 -34.6139 1999.83 14945.7 34.6139 -1999.83 7.53036
4.195 -34.5199 1999.82 14903.3 34.5199 -1999.82 9.24256
4.2 -34.4315 1999.82 14864 34.4315 -1999.82 10.3867
4.205 -34.349 1999.82 14827.8 34.349 -1999.82 10.9528
4.21 -34.2726 1999.83 14794.8 34.2726 -1999.83 11.0057
4.215 -34.2019 1999.84 14764.6 34.2019 -1999.84 10.6553
4.22 -34.1366 1999.86 14737 34.1366 -1999.86 10.0233
4.225 -34.0763 1999.88 14711.7 34.0763 -1999.88 9.21962
4.23 -34.0206 1999.89 14688.6 34.0206 -1999.89 8.33107
4.235 -33.9692 1999.91 14667.3 33.9692 -1999.91 7.42137
4.24 -33.922 1999.92 14647.8 33.922 -1999.92 6.53417
4.245 -33.8786 1999.94 14629.9 33.8786 -1999.94 5.69731
4.25 -33.839 1999.95 14613.5 33.839 -1999.95 4.927
4.255 -33.8028 1999.96 14598.6 33.8028 -1999.96 4.23092
4.26 -33.7701 1999.96 14585.1 33.7701 -1999.96 3.61071
4.265 -33.7405 1999.97 14572.9 33.7405 -1999.97 3.06414
4.27 -33.7142 1999.98 14561.9 33.7142 -1999.98 2.58675
4.275 -33.6909 1999.98 14552.3 33.6909 -1999.98 2.17293
4.28 -33.6706 1999.99 14543.9 33.6706 -1999.99 1.81649
4.285 -33.6533 1999.99 14536.7 33.6533 -1999.99 1.51114
4.29 -33.6389 1999.99 14530.7 33.6389 -1999.99 1.25087
4.295 -33.6274 1999.99 14526 33.6274 -1999.99 1.03012
4.3 -33.6188 1999.99 14522.5 33.6188 -1999.99 0.843909
4.305 -33.6131 2000 14520.2 33.6131 -2000 0.687861
4.31 -33.6105 2000 14519.2 33.6105 -2000 0.558245
4.315 -33.6154 1999.99 14520.7 33.6154 -1999.99 1.13574
4.32 -33.6376 1999.97 14529.4 33.6376 -1999.97 2.08084
4.325 -33.6727 1999.98 14545 33.6727 -1999.98 1.66001
4.33 -33.7237 1999.98 14567.4 33.7237 -1999.98 1.24567
4.335 -33.7892 1999.99 14596.2 33.7892 -1999.99 0.746455
4.34 -33.8674 2000 14630.7 33.8674 -2000 0.0581873
4.345 -33.9556 2000 14669.7 33.9556 -2000 -0.912872
4.35 -34.0506 2000.01 14712.1 34.0506 -2000.01 -2.21965
4.355 -34.149 2000.02 14756.2 34.149 -2000.02 -3.84505
4.36 -34.2475 2000.03 14800.6 34.2475 -2000.03 -5.68458
4.365 -34.3434 2000.04 14843.9 34.3434 -2000.04 -7.5525
4.37 -34.4347 2000.04 14885 34.4347 -2000.04 -9.23953
4.375 -34.5203 2000.05 14923.3 34.5203 -2000.05 -10.559
4.38 -34.5999 2000.05 14958.6 34.5999 -2000.05 -11.3948
4.385 -34.6734 2000.04 14990.6 34.6734 -2000.04 -11.7181
4.39 -34.7412 2000.04 15019.8 34.7412 -2000.04 -11.5764
4.395 -34.8038 2000.03 15046.3 34.8038 -2000.03 -11.0663
4.4 -34.8619 2000.02 15070.6 34.8619 -2000.02 -10.3014
4.405 -34.916 2000.01 15093.1 34.916 -2000.01 -9.38786
4.41 -34.9665 2000.01 15113.9 34.9665 -2000.01 -8.41228
4.415 -35.0137 1999.99 15133.4 35.0137 -1999.99 -7.44992
4.42 -35.0582 1999.99 15151.7 35.0582 -1999.99 -6.52093
4.425 -35.1003 1999.99 15169 35.1003 -1999.99 -5.65267
4.43 -35.1396 1999.96 15185.2 35.1396 -1999.96 -4.9315
4.435 -35.1766 1999.92 15200.6 35.1766 -1999.92 -4.31157
4.44 -35.2103 1999.85 15214.8 35.2103 -1999.85 -3.91939
4.445 -35.2386 1999.7 15227.1 35.2386 -1999.7 -3.9857
4.45 -35.2597 1999.54 15236.8 35.2597 -1999.54 -4.56533
4.455 -35.2636 1999.37 15239.9 35.2636 -1999.37 -6.02079
4.46 -35.2708 1999.47 15242.3 35.2708 -1999.47 -5.34209
4.465 -35.2781 1999.56 15244.6 35.2781 -1999.56 -4.40324
4.47 -35.285 1999.64 15246.7 35.285 -1999.64 -3.63246
4.475 -35.2914 1999.71 15248.9 35.2914 -1999.71 -3.00093
4.48 -35.2975 1999.76 15251 35.2975 -1999.76 -2.48439
4.485 -35.3034 1999.8 15253.1 35.3034 -1999.8 -2.06223
4.49 -35.3092 1999.83 15255.3 35.3092 -1999.83 -1.71747
4.495 -35.3148 1999.86 15257.5 35.3148 -1999.86 -1.43609
4.5 -35.3205 1999.89 15259.7 35.3205 -1999.89 -1.20589
4.505 -35.3262 1999.9 15261.9 35.3262 -1999.9 -1.01618
4.51 -35.332 1999.91 15264.3 35.332 -1999.91 -0.855846
4.515 -35.3377 1999.89 15266.6 35.3377 -1999.89 -0.715134
4.52 -35.3433 1999.86 15268.9 35.3433 -1999.86 -0.596134
4.525 -35.3488 1999.86 15271.2 35.3488 -1999.86 -0.506057
4.53 -35.3544 1999.88 15273.5 35.3544 -1999.88 -0.439682
4.535 -35.36 1999.9 15275.9 35.36 -1999.9 -0.387659
4.54 -35.3659 1999.92 15278.4 35.3659 -1999.92 -0.344956
4.545 -35.372 1999.93 15281 35.372 -1999.93 -0.309166
4.55 -35.3784 1999.95 15283.8 35.3784 -1999.95 -0.278772
4.555 -35.3851 1999.96 15286.6 35.3851 -1999.96 -0.252635
4.56 -35.392 1999.95 15289.6 35.392 -1999.95 -0.214444
4.565 -35.3992 1999.95 15292.6 35.3992 -1999.95 -0.187575
4.57 -35.4065 1999.96 15295.8 35.4065 -1999.96 -0.173776
4.575 -35.4142 1999.97 15299.1 35.4142 -1999.97 -0.160924
4.58 -35.4221 1999.97 15302.5 35.4221 -1999.97 -0.148891
4.585 -35.4303 1999.98 15306 35.4303 -1999.98 -0.137588
4.59 -35.4388 1999.98 15309.7 35.4388 -1999.98 -0.12696
4.595 -35.4476 1999.99 15313.5 35.4476 -1999.99 -0.11697
4.6 -35.4567 1999.99 15317.4 35.4567 -1999.99 -0.107594
4.605 -35.4661 1999.99 15321.5 35.4661 -1999.99 -0.0988133
4.61 -35.4758 1999.99 15325.7 35.4758 -1999.99 -0.0906109
4.615 -35.4859 2000 15330 35.4859 -2000 -0.0829699
4.62 -35.4962 2000 15334.4 35.4962 -2000 -0.0758723
4.625 -35.5068 2000 15339 35.5068 -2000 -0.0692964
4.63 -35.5177 2000 15343.7 35.5177 -2000 -0.0632146
4.635 -35.5289 2000 15348.6 35.5289 -2000 -0.0575937
4.64 -35.5404 2000 15353.5 35.5404 -2000 -0.0523991
4.645 -35.5527 1999.9 15358.7 35.5527 -1999.9 0.0819615
4.65 -35.5647 1999.86 15363.8 35.5647 -1999.86 0.147821
4.655 -35.5765 1999.86 15368.9 35.5765 -1999.86 0.147675
4.66 -35.5882 1999.89 15374 35.5882 -1999.89 0.11592
4.665 -35.6001 1999.91 15379.1 35.6001 -1999.91 0.0906239
4.67 -35.6121 1999.93 15384.3 35.6121 -1999.93 0.0705138
4.675 -35.6242 1999.94 15389.6 35.6242 -1999.94 0.0545624
4.68 -35.6363 1999.95 15394.8 35.6363 -1999.95 0.0419409
4.685 -35.6485 1999.96 15400.1 35.6485 -1999.96 0.0319812
4.69 -35.6607 1999.97 15405.4 35.6607 -1999.97 0.0241454
4.695 -35.6729 1999.98 15410.7 35.6729 -1999.98 0.018001
4.7 -35.685 1999.98 15415.9 35.685 -1999.98 0.0132009
4.705 -35.6972 1999.98 15421.2 35.6972 -1999.98 0.00946704
4.71 -35.7093 1999.99 15426.4 35.7093 -1999.99 0.00657678
4.715 -35.7214 1999.99 15431.6 35.7214 -1999.99 0.00435223
4.72 -35.7335 1999.99 15436.9 35.7335 -1999.99 0.00265162
4.725 -35.7455 1999.99 15442.1 35.7455 -1999.99 0.00136233
4.73 -35.7575 1999.99 15447.3 35.7575 -1999.99 0.000395112
4.735 -35.7696 2000 15452.4 35.7696 -2000 -0.000320668
4.74 -35.7815 2000 15457.6 35.7815 -2000 -0.000840846
4.745 -35.7935 2000 15462.8 35.7935 -2000 -0.00120947
4.75 -35.8055 2000 15468 35.8055 -2000 -0.00146114
4.755 -35.8174 2000 15473.1 35.8174 -2000 -0.00162299
4.76 -35.8293 2000 15478.3 35.8293 -2000 -0.00171626
4.765 -35.8412 2000 15483.4 35.8412 -2000 -0.00175752
4.77 -35.8531 2000 15488.5 35.8531 -2000 -0.00175972
4.775 -35.8649 2000 15493.7 35.8649 -2000 -0.001733
4.78 -35.8767 2000 15498.7 35.8767 -2000 -0.00168529
4.785 -35.8884 2000 15503.8 35.8884 -2000 -0.00162286
4.79 -35.9001 2000 15508.8 35.9001 -2000 -0.00155057
4.795 -35.9117 2000 15513.8 35.9117 -2000 -0.00147209
4.8 -35.9232 2000 15518.8 35.9232 -2000 -0.00139016
4.805 -35.9346 2000 15523.7 35.9346 -2000 -0.00130685
4.81 -35.9459 2000 15528.6 35.9459 -2000 -0.00122373
4.815 -35.9571 2000 15533.5 35.9571 -2000 -0.00114195
4.82 -35.9681 2000 15538.2 35.9681 -2000 -0.00106234
4.825 -35.979 2000 15542.9 35.979 -2000 -0.00098542
4.83 -35.9897 2000 15547.6 35.9897 -2000 -0.000911561
4.835 -36.0003 2000 15552.1 36.0003 -2000 -0.000840992
4.84 -36.0106 2000 15556.6 36.0106 -2000 -0.000773854
4.845 -36.0207 2000 15560.9 36.0207 -2000 -0.000710221
4.85 -36.0306 2000 15565.2 36.0306 -2000 -0.000650127
4.855 -36.0402 2000 15569.4 36.0402 -2000 -0.0005936
4.86 -36.0496 2000 15573.4 36.0496 -2000 -0.000540659
4.865 -36.0586 2000 15577.3 36.0586 -2000 -0.000491303
4.87 -36.0675 2000 15581.1 36.0675 -2000 -0.000445494
4.875 -36.076 2000 15584.8 36.076 -2000 -0.000403149
4.88 -36.0842 2000 15588.4 36.0842 -2000 -0.000364132
4.885 -36.0922 2000 15591.8 36.0922 -2000 -0.000328261
4.89 -36.0999 2000 15595.1 36.0999 -2000 -0.000295327
4.895 -36.1072 2000 15598.3 36.1072 -2000 -0.000265101
4.9 -36.1142 2000 15601.4 36.1142 -2000 -0.000237355
4.905 -36.1209 2000 15604.2 36.1209 -2000 -0.000211875
4.91 -36.1272 2000 15607 36.1272 -2000 -0.000188478
4.915 -36.1331 2000 15609.5 36.1331 -2000 -0.000167008
4.92 -36.1386 2000 15611.9 36.1386 -2000 -0.000147331
4.925 -36.1437 2000 15614.1 36.1437 -2000 -0.000129334
4.93 -36.1484 2000 15616.1 36.1484 -2000 -0.000112923
4.935 -36.1526 2000 15617.9 36.1526 -2000 -9.80239e-05
4.94 -36.1564 2000 15619.6 36.1564 -2000 -8.45647e-05
4.945 -36.1598 2000 15621 36.1598 -2000 -7.24775e-05
4.95 -36.1627 2000 15622.3 36.1627 -2000 -6.16937e-05
4.955 -36.1652 2000 15623.4 36.1652 -2000 -5.21448e-05
4.96 -36.1673 2000 15624.3 36.1673 -2000 -4.37587e-05
4.965 -36.169 2000 15625 36.169 -2000 -3.6458e-05
4.97 -36.1703 2000 15625.6 36.1703 -2000 -3.01609e-05
4.975 -36.1713 2000 15626 36.1713 -2000 -2.47823e-05
4.98 -36.1719 2000 15626.3 36.1719 -2000 -2.02369e-05
4.985 -36.1723 2000 15626.4 36.1723 -2000 -1.64412e-05
4.99 -36.1723 2000 15626.4 36.1723 -2000 -1.33162e-05
4.995 -36.1378 1999.84 15616.6 36.1378 -1999.84 -5.05845
5 -36.088 1999.75 15597.9 36.088 -1999.75 -7.85746
5.005 -36.0315 1999.79 15571.7 36.0315 -1999.79 -6.03062
5.01 -35.9597 1999.83 15538.8 35.9597 -1999.83 -4.16986
5.015 -35.8767 1999.85 15500.9 35.8767 -1999.85 -2.16346
5.02 -35.7866 1999.87 15459.8 35.7866 -1999.87 0.00832836
5.025 -35.6933 1999.89 15417.2 35.6933 -1999.89 2.27405
5.03 -35.5998 1999.9 15374.6 35.5998 -1999.9 4.50104
5.035 -35.5082 1999.9 15333 35.5082 -1999.9 6.53746
5.04 -35.4199 1999.9 15293.1 35.4199 -1999.9 8.25406
5.045 -35.3355 1999.9 15255.4 35.3355 -1999.9 9.56933
5.05 -35.2552 1999.9 15219.8 35.2552 -1999.9 10.4557
5.055 -35.1788 1999.91 15186.3 35.1788 -1999.91 10.9326
5.06 -35.1059 1999.91 15154.7 35.1059 -1999.91 11.0524
5.065 -35.036 1999.92 15124.7 35.036 -1999.92 10.8838
5.07 -34.9687 1999.92 15096 34.9687 -1999.92 10.4993
5.075 -34.9033 1999.93 15068.2 34.9033 -1999.93 9.96533
5.08 -34.8392 1999.94 15041.2 34.8392 -1999.94 9.33688
5.085 -34.7762 1999.95 15014.7 34.7762 -1999.95 8.65628
5.09 -34.7137 1999.96 14988.4 34.7137 -1999.96 7.95518
5.095 -34.6516 1999.97 14962.2 34.6516 -1999.97 7.25683
5.1 -34.5894 1999.98 14936 34.5894 -1999.98 6.57789
5.105 -34.5269 1999.98 14909.7 34.5269 -1999.98 5.92979
5.11 -34.4641 1999.99 14883.2 34.4641 -1999.99 5.32021
5.115 -34.4006 1999.99 14856.3 34.4006 -1999.99 4.7538
5.12 -34.3364 2000 14829.1 34.3364 -2000 4.23294
5.125 -34.2712 2000 14801.4 34.2712 -2000 3.75829
5.13 -34.205 2000.01 14773.2 34.205 -2000.01 3.32915
5.135 -34.1376 2000.01 14744.5 34.1376 -2000.01 2.94373
5.14 -34.0688 2000.01 14715.1 34.0688 -2000.01 2.59951
5.145 -33.9985 2000.01 14685 33.9985 -2000.01 2.29345
5.15 -33.9266 2000.01 14654.3 33.9266 -2000.01 2.0222
5.155 -33.853 2000.01 14622.7 33.853 -2000.01 1.78238
5.16 -33.8107 1997.51 14598.7 33.8107 -1997.51 7.55036
5.165 -33.8008 1996.58 14592.1 33.8008 -1996.58 9.87218
5.17 -33.8233 1997.55 14602.3 33.8233 -1997.55 9.41323
5.175 -33.8337 1997.84 14608.6 33.8337 -1997.84 7.60802
5.18 -33.8464 1998.08 14615.7 33.8464 -1998.08 5.98818
5.185 -33.8616 1998.09 14623.7 33.8616 -1998.09 4.4691
5.19 -33.883 1998.17 14634.3 33.883 -1998.17 3.13926
5.195 -33.9116 1998.13 14647.9 33.9116 -1998.13 1.85221
5.2 -33.9578 1998.38 14667.6 33.9578 -1998.38 2.12823
5.205 -33.9794 2000.12 14681.7 33.9794 -2000.12 -2.61446
5.21 -33.9663 2001.25 14679.1 33.9663 -2001.25 -5.70575
5.215 -33.9457 2001.16 14667.2 33.9457 -2001.16 -2.71459
5.22 -33.7251 2011.65 14601.3 33.7251 -2011.65 -32.1135
5.225 -33.567 2012.48 14537.2 33.567 -2012.48 -36.2662
5.23 -33.4478 2010.11 14476.8 33.4478 -2010.11 -27.3825
5.235 -33.3284 2008.38 14418.6 33.3284 -2008.38 -20.7124
5.24 -33.2068 2006.94 14361.3 33.2068 -2006.94 -16.001
5.245 -33.0832 2005.71 14304.5 33.0832 -2005.71 -12.5125
5.25 -32.958 2004.68 14247.7 32.958 -2004.68 -9.86148
5.255 -32.8314 2003.83 14191 32.8314 -2003.83 -7.81207
5.26 -32.7036 2003.13 14134.1 32.7036 -2003.13 -6.20988
5.265 -32.5747 2002.55 14077.2 32.5747 -2002.55 -4.9481
5.27 -32.4451 2002.08 14020.2 32.4451 -2002.08 -3.94948
5.275 -32.3148 2001.69 13963.2 32.3148 -2001.69 -3.1565
5.28 -32.1842 2001.38 13906.1 32.1842 -2001.38 -2.52536
5.285 -32.0547 2001.17 13848.9 32.0547 -2001.17 -1.22945
5.29 -31.9241 2000.99 13791.7 31.9241 -2000.99 -0.501743
5.295 -31.7923 2000.8 13734.6 31.7923 -2000.8 -0.392389
5.3 -31.6607 2000.66 13677.7 31.6607 -2000.66 -0.307163
5.305 -31.5294 2000.54 13620.9 31.5294 -2000.54 -0.240751
5.31 -31.3984 2000.44 13564.3 31.3984 -2000.44 -0.189028
5.315 -31.2662 2000.44 13507.4 31.2662 -2000.44 -0.394153
5.32 -31.1205 2000.99 13446.2 31.1205 -2000.99 -2.11844
5.325 -30.9819 2000.81 13385.9 30.9819 -2000.81 -1.71229
5.33 -30.8435 2000.66 13325.8 30.8435 -2000.66 -1.38452
5.335 -30.7052 2000.54 13265.8 30.7052 -2000.54 -1.12014
5.34 -30.5681 2000.39 13206.2 30.5681 -2000.39 -0.751444
5.345 -30.449 1999.55 13152.5 30.449 -1999.55 1.4506
5.35 -30.3259 1999.53 13099.3 30.3259 -1999.53 1.45223
5.355 -30.2041 1999.5 13046.7 30.2041 -1999.5 1.48851
5.36 -30.0837 1999.47 12994.6 30.0837 -1999.47 1.537
5.365 -29.9647 1999.45 12943.2 29.9647 -1999.45 1.59743
5.37 -29.8471 1999.41 12892.3 29.8471 -1999.41 1.67299
5.375 -29.7309 1999.37 12842 29.7309 -1999.37 1.7645
5.38 -29.6159 1999.33 12792.2 29.6159 -1999.33 1.87514
5.385 -29.5023 1999.28 12743 29.5023 -1999.28 2.00909
5.39 -29.3967 1998.81 12696.1 29.3967 -1998.81 3.2673
5.395 -29.2934 1998.6 12651 29.2934 -1998.6 3.80678
5.4 -29.2059 1997.8 12610.8 29.2059 -1997.8 6.11437
5.405 -29.1392 1996.96 12579.7 29.1392 -1996.96 8.42143
5.41 -29.085 1996.68 12556.2 29.085 -1996.68 8.48707
5.415 -29.0523 1996.08 12541.3 29.0523 -1996.08 9.29406
5.42 -29.0638 1995.77 12543.6 29.0638 -1995.77 11.9905
5.425 -29.1392 1994.42 12570.7 29.1392 -1994.42 17.3962
5.43 -29.2481 1994.06 12618.9 29.2481 -1994.06 16.3147
5.435 -29.3964 1994.7 12686 29.3964 -1994.7 13.1829
5.44 -28.9849 2019.04 12591.2 28.9849 -2019.04 -69.6851
5.445 -28.6706 2028.59 12483.2 28.6706 -2028.59 -97.4952
5.45 -28.5358 2022.76 12402.8 28.5358 -2022.76 -75.3258
5.455 -28.3973 2018.66 12325.6 28.3973 -2018.66 -57.9275
5.46 -28.2476 2015.33 12248.8 28.2476 -2015.33 -45.8978
5.465 -28.0908 2012.53 12172 28.0908 -2012.53 -36.737
5.47 -27.9279 2010.25 12094.5 27.9279 -2010.25 -29.6159
5.475 -27.7597 2008.41 12016.2 27.7597 -2008.41 -24.0197
5.48 -27.5892 2006.81 11937.8 27.5892 -2006.81 -19.2762
5.485 -27.4302 2005 11863.6 27.4302 -2005 -13.7752
5.49 -27.2654 2003.99 11788.8 27.2654 -2003.99 -10.1489
5.495 -27.0988 2003.09 11714.5 27.0988 -2003.09 -7.78245
5.5 -26.9332 2002.3 11640.9 26.9332 -2002.3 -5.76505
5.505 -26.7682 2001.7 11568 26.7682 -2001.7 -4.16244
5.51 -26.6046 2001.18 11496 26.6046 -2001.18 -2.81029
5.515 -26.4429 2000.75 11425 26.4429 -2000.75 -1.65407
5.52 -26.2835 2000.37 11355.1 26.2835 -2000.37 -0.645696
5.525 -26.127 2000.03 11286.6 26.127 -2000.03 0.256935
5.53 -25.9741 1999.72 11219.7 25.9741 -1999.72 1.0924
5.535 -25.8254 1999.42 11154.7 25.8254 -1999.42 1.89864
5.54 -25.6821 1999.16 11092 25.6821 -1999.16 2.7035
5.545 -25.5454 1998.87 11032 25.5454 -1998.87 3.57019
5.55 -25.4179 1998.4 10975.8 25.4179 -1998.4 4.69978
5.555 -25.2996 1998.07 10923.8 25.2996 -1998.07 5.63094
5.56 -25.1901 1997.82 10875.7 25.1901 -1997.82 6.45548
5.565 -25.1001 1997.13 10834.9 25.1001 -1997.13 8.36198
5.57 -25.0697 1994.54 10814.6 25.0697 -1994.54 15.5092
5.575 -25.136 1993.34 10837.7 25.136 -1993.34 21.0772
5.58 -25.2632 1994.1 10893.5 25.2632 -1994.1 20.1998
5.585 -25.3853 1994.38 10951.2 25.3853 -1994.38 15.2037
5.59 -25.2854 2003.85 10944.8 25.2854 -2003.85 -21.4774
5.595 -24.7796 2024.1 10785.3 24.7796 -2024.1 -80.5407
5.6 -24.6213 2019.91 10689.6 24.6213 -2019.91 -53.2158
5.605 -24.4449 2016.31 10599.7 24.4449 -2016.31 -39.5212
5.61 -24.2589 2013.46 10510.6 24.2589 -2013.46 -30.7786
5.615 -24.0673 2011.04 10421.5 24.0673 -2011.04 -24.4087
5.62 -23.8709 2009.02 10331.7 23.8709 -2009.02 -19.503
5.625 -23.6702 2007.35 10241.2 23.6702 -2007.35 -15.6436
5.63 -23.4658 2005.99 10149.8 23.4658 -2005.99 -12.587
5.635 -23.258 2004.88 10057.6 23.258 -2004.88 -10.1451
5.64 -23.0473 2003.97 9964.64 23.0473 -2003.97 -8.18808
5.645 -22.8435 2002.99 9872.51 22.8435 -2002.99 -4.1142
5.65 -22.65 2001.73 9784.89 22.65 -2001.73 -0.0904064
5.655 -22.447 2001.14 9696.46 22.447 -2001.14 0.642839
5.66 -22.245 2000.63 9608.53 22.245 -2000.63 1.31682
5.665 -22.0435 2000.28 9521.03 22.0435 -2000.28 1.77996
5.67 -21.844 1999.97 9434.34 21.844 -1999.97 2.24632
5.675 -21.6468 1999.68 9348.7 21.6468 -1999.68 2.72962
5.68 -21.4529 1999.41 9264.38 21.4529 -1999.41 3.25074
5.685 -21.2629 1999.13 9181.74 21.2629 -1999.13 3.83581
5.69 -21.0781 1998.84 9101.23 21.0781 -1998.84 4.52038
5.695 -20.9002 1998.51 9023.49 20.9002 -1998.51 5.38924
5.7 -20.7143 1999.15 8944.25 20.7143 -1999.15 4.34612
5.705 -20.5395 1999.13 8868.78 20.5395 -1999.13 4.30945
5.71 -20.381 1998.4 8798.63 20.381 -1998.4 5.95576
5.715 -20.2387 1997.72 8735.24 20.2387 -1997.72 7.89448
5.72 -20.0608 1999.3 8664.08 20.0608 -1999.3 2.17435
5.725 -19.7971 2002.89 8562.45 19.7971 -2002.89 -10.1241
5.73 -19.6012 2001.78 8473.95 19.6012 -2001.78 -6.23092
5.735 -19.3969 2001.52 8384.51 19.3969 -2001.52 -5.03692
5.74 -19.192 2001.28 8295.03 19.192 -2001.28 -4.07518
5.745 -18.9866 2001.07 8205.49 18.9866 -2001.07 -3.29909
5.75 -18.806 1999.76 8123.26 18.806 -1999.76 0.930826
5.755 -18.6454 1998.49 8049.81 18.6454 -1998.49 4.99579
5.76 -18.4886 1998.36 7981.14 18.4886 -1998.36 5.95623
5.765 -18.3453 1998.06 7917.97 18.3453 -1998.06 7.17917
5.77 -18.0251 2005.25 7804.52 18.0251 -2005.25 -17.6743
5.775 -17.6328 2012.5 7658.42 17.6328 -2012.5 -41.0435
5.78 -17.3984 2010.04 7548.27 17.3984 -2010.04 -32.1473
5.785 -17.1565 2008.06 7437.21 17.1565 -2008.06 -25.5845
5.79 -16.908 2006.53 7324.87 16.908 -2006.53 -20.625
5.795 -16.6554 2005.28 7211.77 16.6554 -2005.28 -16.6377
5.8 -16.3995 2004.26 7098 16.3995 -2004.26 -13.4168
5.805 -16.1409 2003.44 6983.69 16.1409 -2003.44 -10.8107
5.81 -15.8801 2002.77 6868.92 15.8801 -2002.77 -8.70082
5.815 -15.6175 2002.22 6753.77 15.6175 -2002.22 -6.9919
5.82 -15.3534 2001.78 6638.29 15.3534 -2001.78 -5.60738
5.825 -15.088 2001.42 6522.5 15.088 -2001.42 -4.48538
5.83 -14.8213 2001.13 6406.39 14.8213 -2001.13 -3.57583
5.835 -14.5533 2000.9 6289.87 14.5533 -2000.9 -2.8382
5.84 -14.317 1999.34 6182.52 14.317 -1999.34 2.42724
5.845 -14.0734 1998.48 6074.43 14.0734 -1998.48 5.30079
5.85 -13.8195 1998.38 5964.6 13.8195 -1998.38 5.40576
5.855 -13.5682 1998.21 5855.69 13.5682 -1998.21 5.75057
5.86 -13.317 1998.16 5747.03 13.317 -1998.16 5.9142
5.865 -13.0686 1998.06 5639.34 13.0686 -1998.06 6.2737
5.87 -12.8287 1997.66 5534.46 12.8287 -1997.66 7.54101
5.875 -12.595 1997.28 5432.26 12.595 -1997.28 8.79521
5.88 -12.3654 1997.07 5332.32 12.3654 -1997.07 9.53538
5.885 -12.1469 1996.69 5236.64 12.1469 -1996.69 10.8194
5.89 -11.9489 1995.86 5148.6 11.9489 -1995.86 13.3023
5.895 -11.7906 1994.4 5075.5 11.7906 -1994.4 18.0622
5.9 -11.7323 1991.2 5039.96 11.7323 -1991.2 28.414
5.905 -11.799 1989.73 5065.45 11.799 -1989.73 31.7199
5.91 -10.8192 2023.59 4758.79 10.8192 -2023.59 -84.9092
5.915 -10.531 2019.38 4608.46 10.531 -2019.38 -59.0614
5.92 -10.2125 2015.53 4458.2 10.2125 -2015.53 -46.4117
5.925 -9.87635 2012.75 4303.76 9.87635 -2012.75 -37.1772
5.93 -9.5304 2010.4 4147.06 9.5304 -2010.4 -29.9278
5.935 -9.17579 2008.45 3988.09 9.17579 -2008.45 -24.1495
5.94 -8.81393 2006.86 3827.13 8.81393 -2006.86 -19.5119
5.945 -8.44609 2005.57 3664.49 8.44609 -2005.57 -15.7776
5.95 -8.07332 2004.52 3500.44 8.07332 -2004.52 -12.7652
5.955 -7.75734 2001.45 3352.93 7.75734 -2001.45 -1.75523
5.96 -7.4321 1999.48 3205.58 7.4321 -1999.48 5.0871
5.965 -7.08578 1999.09 3055.08 7.08578 -1999.09 5.97934
5.97 -6.74617 1998.69 2907.27 6.74617 -1998.69 7.07505
5.975 -6.41467 1998.26 2762.79 6.41467 -1998.26 8.34883
5.98 -6.09375 1997.78 2622.6 6.09375 -1997.78 9.8981
5.985 -5.78702 1997.2 2488.12 5.78702 -1997.2 11.8749
5.99 -5.50018 1996.46 2361.54 5.50018 -1996.46 14.5436
5.995 -5.15176 1998.14 2219.72 5.15176 -1998.14 5.84373
6 -4.62859 2003.71 2018.45 4.62859 -2003.71 -18.8949
6.005 -4.23826 2002.5 1844.95 4.23826 -2002.5 -14.0192
6.01 -3.84204 2001.68 1670.11 3.84204 -2001.68 -10.3513
6.015 -3.31619 2005.08 1457.73 3.31619 -2005.08 -25.1385
6.02 -2.83573 2006.1 1254.4 2.83573 -2006.1 -29.3654
6.025 -2.40155 2004.84 1060.95 2.40155 -2004.84 -23.4842
6.03 -1.95954 2003.85 865.304 1.95954 -2003.85 -18.7813
6.035 -1.51084 2003.05 667.677 1.51084 -2003.05 -14.9963
6.04 -1.06294 2002.15 470.182 1.06294 -2002.15 -10.9938
6.045 -0.63927 2000.5 279.855 0.63927 -2000.5 -3.68999
6.05 -0.202235 1999.62 87.0224 0.202235 -1999.62 0.343054
6.055 0.251865 1999.55 -109.707 -0.251865 -1999.55 0.901573
6.06 0.667082 1998.23 -295.196 -0.667082 -1998.23 7.01641
6.065 1.21038 2001.07 -515.725 -1.21038 -2001.07 -7.16017
6.07 1.79975 2004.29 -754.816 -1.79975 -2004.29 -22.6774
6.075 2.29466 2003.26 -973.676 -2.29466 -2003.26 -17.6171
6.08 2.79731 2002.5 -1194.73 -2.79731 -2002.5 -13.7075
6.085 3.30508 2001.89 -1417.29 -3.30508 -2001.89 -10.5003
6.09 3.81744 2001.37 -1641.27 -3.81744 -2001.37 -7.86018
6.095 4.33395 2000.95 -1866.59 -4.33395 -2000.95 -5.67534
6.1 4.8542 2000.59 -2093.16 -4.8542 -2000.59 -3.85478
6.105 5.37782 2000.29 -2320.89 -5.37782 -2000.29 -2.32411
6.11 5.8642 1998.9 -2537.98 -5.8642 -1998.9 4.64026
6.115 6.34109 1997.68 -2750.05 -6.34109 -1997.68 10.6948
6.12 6.83105 1997.32 -2963.25 -6.83105 -1997.32 12.2402
6.125 7.3049 1996.63 -3170.66 -7.3049 -1996.63 14.943
6.13 7.76524 1996 -3372.42 -7.76524 -1996 17.8365
6.135 8.19992 1995.1 -3564.35 -8.19992 -1995.1 21.9833
6.14 8.57306 1993.22 -3734.7 -8.57306 -1993.22 31.1381
6.145 8.91264 1991.7 -3888.77 -8.91264 -1991.7 38.5146
6.15 9.81702 2004.16 -4200.85 -9.81702 -2004.16 -40.1027
6.155 10.6484 2010.88 -4517.63 -10.6484 -2010.88 -82.4689
6.16 11.2154 2006.96 -4782.96 -11.2154 -2006.96 -62.0789
6.165 11.8219 2004.95 -5058.55 -11.8219 -2004.95 -48.5041
6.17 12.4459 2003.67 -5338.56 -12.4459 -2003.67 -38.0554
6.175 12.8724 1997.57 -5560.31 -12.8724 -1997.57 -0.564625
6.18 13.2407 1992.62 -5750.19 -13.2407 -1992.62 30.2178
6.185 13.2521 1979.53 -5814.26 -13.2521 -1979.53 89.3525
6.19 15.2418 2027.77 -6364.2 -15.2418 -2027.77 -220.267
6.195 17.5619 2078.83 -7072.18 -17.5619 -2078.83 -514.568
6.2 17.7662 2052.35 -7301.47 -17.7662 -2052.35 -373.547
6.205 17.9934 2034.55 -7515.71 -17.9934 -2034.55 -257.448
6.21 18.6042 2028.16 -7812.34 -18.6042 -2028.16 -224.666
6.215 20.0719 2030.3 -8393.65 -20.0719 -2030.3 -277.394
6.22 21.085 2021.25 -8893.02 -21.085 -2021.25 -215.678
6.225 22.1954 2016.75 -9414.92 -22.1954 -2016.75 -173.503
6.23 23.2981 2012.74 -9931.67 -23.2981 -2012.74 -133.111
6.235 24.6613 2011.64 -10514.3 -24.6613 -2011.64 -139.352
6.24 26.5107 2012.59 -11266.5 -26.5107 -2012.59 -186.107
6.245 28.0576 2009.8 -11971.5 -28.0576 -2009.8 -149.413
6.25 29.7765 2008.71 -12721.1 -29.7765 -2008.71 -142.309
6.255 31.8821 2009.24 -13598.9 -31.8821 -2009.24 -174.143
6.26 33.7777 2007.14 -14450.9 -33.7777 -2007.14 -141.072
6.265 36.1902 2007.8 -15461 -36.1902 -2007.8 -173.143
6.27 38.1827 2004.31 -16383 -38.1827 -2004.31 -111.917
6.275 40.1401 2001.77 -17274.6 -40.1401 -2001.77 -65.9118
6.28 42.1644 2001.12 -18165.2 -42.1644 -2001.12 -49.7642
6.285 43.9901 1998.88 -18996.3 -43.9901 -1998.88 -7.40813
6.29 45.4813 1995.24 -19699.9 -45.4813 -1995.24 52.0039
6.295 46.1022 1990.17 -20088.1 -46.1022 -1990.17 171.899
6.3 45.7626 1980.54 -20129.7 -45.7626 -1980.54 360.3
6.305 43.3243 1967.18 -19291.7 -43.3243 -1967.18 575.649
6.31 41.0038 1958.95 -18204.5 -41.0038 -1958.95 490.879
6.315 39.6599 1962.82 -17398.2 -39.6599 -1962.82 265.081
6.32 35.6569 1941.8 -15760.7 -35.6569 -1941.8 356.975
6.325 -0.0236084 -26.7854 -9.60809 0.0236084 26.7854 19.8069
