0.1 -8.76512e-32 200 8.79297e-14
0.2 3.50605e-31 400 1.29674e-13
0.3 1.16868e-31 600 2.2915e-13
0.4 -1.86989e-30 800 -6.03961e-13
0.5 0 1000 -2.27374e-13
0.6 -4.67473e-31 1200 -9.66338e-13
0.7 2.33737e-31 1400 5.64881e-13
0.8 7.0121e-31 1600 6.78568e-13
0.9 -2.33737e-31 1800 -7.17648e-13
1 2.5711e-30 2000 6.89226e-13
0.005 0.00143669 2000 -0.622783
0.01 0.00717461 1999.99 -3.10327
0.015 0.0186362 2000 -8.0539
0.02 0.0358082 2000 -15.4717
0.025 0.0586754 2000 -25.35
0.03 0.0872215 2000 -37.6816
0.035 0.121429 2000 -52.4593
0.04 0.161281 2000 -69.6751
0.045 0.206756 2000 -89.3205
0.05 0.257834 2000 -111.387
0.055 0.314495 2000 -135.865
0.06 0.376715 2000 -162.744
0.065 0.444471 2000 -192.015
0.07 0.517736 2000 -223.666
0.075 0.596486 2000 -257.687
0.08 0.680689 2000 -294.063
0.085 0.770314 2000 -332.782
0.09 0.865331 2000 -373.83
0.095 0.965713 2000 -417.196
0.1 1.07143 2000 -462.869
0.105 1.18247 2000 -510.837
0.11 1.2988 2000 -561.093
0.115 1.4204 2000 -613.627
0.12 1.54726 2000 -668.432
0.125 1.67935 2000 -725.496
0.13 1.81664 2000 -784.807
0.135 1.95911 2000 -846.352
0.14 2.1067 2000 -910.115
0.145 2.25939 2000 -976.078
0.15 2.41712 2000 -1044.22
0.155 2.57984 2000 -1114.52
0.16 2.7475 2000 -1186.95
0.165 2.92004 2000 -1261.49
0.17 3.09743 2000 -1338.12
0.175 3.27962 2000 -1416.83
0.18 3.46659 2000 -1497.6
0.185 3.65831 1999.99 -1580.43
0.19 3.85478 1999.99 -1665.31
0.195 4.05598 1999.99 -1752.23
0.2 4.26188 1999.99 -1841.18
0.205 4.47243 1999.99 -1932.14
0.21 4.68759 1999.99 -2025.09
0.215 4.90732 1999.99 -2120.01
0.22 5.13152 1999.99 -2216.87
0.225 5.36011 1999.99 -2315.62
0.23 5.59301 1999.99 -2416.24
0.235 5.83013 1999.99 -2518.68
0.24 6.07137 1999.99 -2622.9
0.245 6.31665 1999.99 -2728.86
0.25 6.56589 1999.99 -2836.54
0.255 6.81904 1999.99 -2945.9
0.26 7.07609 1999.99 -3056.95
0.265 7.33705 1999.99 -3169.69
0.27 7.60199 1999.99 -3284.14
0.275 7.87093 1999.99 -3400.33
0.28 8.14387 1999.99 -3518.24
0.285 8.42076 1999.99 -3637.86
0.29 8.70157 1999.99 -3759.17
0.295 8.98623 1999.99 -3882.15
0.3 9.2747 1999.99 -4006.78
0.305 9.56693 1999.99 -4133.02
0.31 9.86286 1999.99 -4260.87
0.315 10.1624 1999.99 -4390.26
0.32 10.4654 1999.99 -4521.15
0.325 10.7717 1999.98 -4653.49
0.33 11.0813 1999.98 -4787.27
0.335 11.3943 1999.98 -4922.47
0.34 11.7105 1999.98 -5059.09
0.345 12.03 1999.98 -5197.09
0.35 12.3526 1999.98 -5336.46
0.355 12.6782 1999.98 -5477.14
0.36 13.0068 1999.98 -5619.09
0.365 13.3382 1999.98 -5762.27
0.37 13.6724 1999.98 -5906.64
0.375 14.0093 1999.98 -6052.19
0.38 14.3489 1999.98 -6198.88
0.385 14.691 1999.98 -6346.7
0.39 15.0357 1999.98 -6495.61
0.395 15.3829 1999.98 -6645.59
0.4 15.7325 1999.98 -6796.61
0.405 16.0844 1999.98 -6948.64
0.41 16.4386 1999.98 -7101.67
0.415 16.795 1999.98 -7255.65
0.42 17.1536 1999.98 -7410.57
0.425 17.5143 1999.98 -7566.39
0.43 17.877 1999.98 -7723.1
0.435 18.2417 1999.98 -7880.65
0.44 18.6084 1999.98 -8039.04
0.445 18.9768 1999.98 -8198.22
0.45 19.3471 1999.98 -8358.17
0.455 19.719 1999.98 -8518.87
0.46 20.0927 1999.98 -8680.28
0.465 20.4679 1999.97 -8842.39
0.47 20.8447 1999.97 -9005.15
0.475 21.2229 1999.97 -9168.56
0.48 21.6026 1999.97 -9332.59
0.485 21.9838 1999.97 -9497.29
0.49 22.3667 1999.97 -9662.69
0.495 22.7512 1999.97 -9828.81
0.5 23.1293 2000.01 -9993.24
0.505 23.5087 2000.03 -10157.7
0.51 23.8931 2000.02 -10323.5
0.515 24.2789 2000.01 -10489.9
0.52 24.6638 2000.01 -10656.3
0.525 25.043 2000.03 -10820.7
0.53 25.4269 2000.02 -10986.2
0.535 25.8119 2000.01 -11152.3
0.54 26.1978 2000 -11318.8
0.545 26.5689 2000.08 -11481
0.55 26.9397 2000.12 -11642.3
0.555 27.3173 2000.09 -11804.6
0.56 27.6905 2000.09 -11965.6
0.565 28.0418 2000.17 -12118.2
0.57 28.3978 2000.13 -12271.2
0.575 28.7523 2000.1 -12423.8
0.58 29.0949 2000.13 -12572.8
0.585 29.4321 2000.16 -12719.2
0.59 29.7697 2000.15 -12864.6
0.595 30.0891 2000.21 -13002.9
0.6 30.4116 2000.16 -13141.5
0.605 30.733 2000.13 -13279.7
0.61 31.0533 2000.1 -13417.6
0.615 31.3724 2000.08 -13555
0.62 31.6904 2000.06 -13692.1
0.625 31.9722 2000.31 -13817.3
0.63 32.2467 2000.45 -13937.5
0.635 32.5302 2000.36 -14058.7
0.64 32.8126 2000.29 -14179.7
0.645 33.0939 2000.23 -14300.4
0.65 33.3743 2000.18 -14420.9
0.655 33.6539 2000.14 -14541.2
0.66 33.9327 2000.11 -14661.2
0.665 34.2108 2000.09 -14781
0.67 34.4881 2000.06 -14900.5
0.675 34.7648 2000.05 -15019.8
0.68 35.0294 2000.14 -15135
0.685 35.2731 2000.29 -15241.8
0.69 35.523 2000.23 -15349.1
0.695 35.7727 2000.18 -15456.5
0.7 36.0226 2000.14 -15564
0.705 36.2727 2000.11 -15671.7
0.71 36.5227 2000.08 -15779.4
0.715 36.7722 2000.06 -15886.9
0.72 37.0205 2000.05 -15994.1
0.725 37.2671 2000.03 -16100.4
0.73 37.5112 2000.02 -16205.7
0.735 37.7522 2000.01 -16309.8
0.74 37.9898 2000.01 -16412.3
0.745 38.2238 2000 -16513.4
0.75 38.4416 2000.13 -16608.6
0.755 38.6468 2000.24 -16698.2
0.76 38.8529 2000.19 -16786.8
0.765 39.0524 2000.18 -16873.1
0.77 39.2497 2000.16 -16958.3
0.775 39.4461 2000.13 -17042.8
0.78 39.6354 2000.14 -17125
0.785 39.8231 2000.14 -17206.2
0.79 40.0106 2000.11 -17286.8
0.795 40.1962 2000.08 -17366.6
0.8 40.3799 2000.06 -17445.6
0.805 40.5587 2000.08 -17523.1
0.81 40.7293 2000.11 -17597.5
0.815 40.902 2000.09 -17671.7
0.82 41.0735 2000.07 -17745.5
0.825 41.244 2000.05 -17818.9
0.83 41.4138 2000.04 -17892
0.835 41.583 2000.03 -17964.9
0.84 41.7519 2000.02 -18037.8
0.845 41.9207 2000.01 -18110.6
0.85 42.078 2000.11 -18180.2
0.855 42.237 2000.15 -18249.6
0.86 42.3922 2000.18 -18316.2
0.865 42.5433 2000.18 -18381.7
0.87 42.6939 2000.17 -18446.7
0.875 42.8457 2000.14 -18511.8
0.88 42.9971 2000.11 -18576.8
0.885 43.1477 2000.08 -18641.5
0.89 43.2847 2000.18 -18702.5
0.895 43.4219 2000.22 -18762.3
0.9 43.5606 2000.17 -18821.6
0.905 43.6964 2000.14 -18879.7
0.91 43.8286 2000.11 -18936.3
0.915 43.9567 2000.09 -18991.3
0.92 44.0803 2000.07 -19044.3
0.925 44.199 2000.05 -19095.4
0.93 44.3039 2000.13 -19141.9
0.935 44.4039 2000.16 -19185.6
0.94 44.5025 2000.13 -19227.6
0.945 44.5972 2000.1 -19268.1
0.95 44.6885 2000.08 -19307.2
0.955 44.7772 2000.06 -19345.2
0.96 44.8637 2000.05 -19382.3
0.965 44.9483 2000.04 -19418.7
0.97 45.0284 2000.06 -19453.6
0.975 45.1078 2000.07 -19488
0.98 45.1863 2000.06 -19521.8
0.985 45.2576 2000.1 -19553.1
0.99 45.3306 2000.08 -19584.4
0.995 45.4034 2000.06 -19615.6
1 45.4761 2000.05 -19646.8
1.005 45.5484 2000.04 -19677.9
1.01 45.6203 2000.03 -19708.8
1.015 45.6914 2000.02 -19739.4
1.02 45.7614 2000.02 -19769.4
1.025 45.8299 2000.03 -19798.6
1.03 45.895 2000.02 -19826.8
1.035 45.9579 2000.02 -19853.9
1.04 46.0164 2000.03 -19879.5
1.045 46.0701 2000.06 -19903.2
1.05 46.1232 2000.05 -19926
1.055 46.1748 2000.04 -19948.2
1.06 46.2251 2000.03 -19969.8
1.065 46.2741 2000.02 -19990.9
1.07 46.3222 2000.02 -20011.6
1.075 46.3689 2000.04 -20031.7
1.08 46.4144 2000.04 -20051.2
1.085 46.4589 2000.04 -20070.4
1.09 46.5024 2000.03 -20089.2
1.095 46.5449 2000.02 -20107.5
1.1 46.5857 2000.02 -20125.2
1.105 46.6246 2000.01 -20142
1.11 46.661 2000.01 -20157.7
1.115 46.6944 2000.01 -20172.1
1.12 46.7245 2000.01 -20185.1
1.125 46.7509 2000.01 -20196.5
1.13 46.7734 2000.01 -20206.3
1.135 46.792 2000.01 -20214.4
1.14 46.8069 2000.02 -20220.9
1.145 46.8192 2000.01 -20226.1
1.15 46.8287 2000.01 -20230.2
1.155 46.8358 2000.01 -20233.2
1.16 46.8406 2000.01 -20235.3
1.165 46.8431 2000.01 -20236.3
1.17 46.8437 2000 -20236.6
1.175 46.8403 2000 -20235.3
1.18 46.8343 1999.99 -20232.9
1.185 46.8265 1999.99 -20229.4
1.19 46.8168 1999.99 -20225.2
1.195 46.8058 1999.99 -20220.4
1.2 46.794 2000 -20215.2
1.205 46.7817 2000 -20209.8
1.21 46.7693 2000 -20204.5
1.215 46.757 2000 -20199.1
1.22 46.7444 2000 -20193.7
1.225 46.7312 2000 -20188
1.23 46.7168 2000 -20181.7
1.235 46.7003 2000 -20174.6
1.24 46.681 2000 -20166.3
1.245 46.6584 2000 -20156.5
1.25 46.632 2000 -20145.1
1.255 46.6014 2000 -20131.9
1.26 46.5665 2000 -20116.8
1.265 46.5274 2000 -20099.9
1.27 46.4841 2000 -20081.2
1.275 46.4364 2000 -20060.5
1.28 46.3842 2000 -20038
1.285 46.3275 2000 -20013.5
1.29 46.2662 2000 -19987
1.295 46.2 2000 -19958.4
1.3 46.1271 2000.02 -19926.9
1.305 46.0497 2000.02 -19893.5
1.31 45.9681 2000.01 -19858.2
1.315 45.8826 2000.01 -19821.2
1.32 45.7934 2000 -19782.7
1.325 45.7009 2000 -19742.6
1.33 45.6054 2000 -19701.3
1.335 45.5072 2000.01 -19658.4
1.34 45.4046 2000.01 -19614.1
1.345 45.2999 2000 -19568.9
1.35 45.1934 1999.99 -19522.9
1.355 45.0818 2000.03 -19475.3
1.36 44.9679 2000.05 -19426.5
1.365 44.8548 2000.04 -19377.6
1.37 44.7422 2000.02 -19328.8
1.375 44.6306 2000.02 -19280.5
1.38 44.5207 2000.01 -19232.9
1.385 44.4129 2000.01 -19186.3
1.39 44.3077 2000 -19140.8
1.395 44.2054 2000 -19096.6
1.4 44.1063 1999.99 -19053.7
1.405 44.0098 1999.99 -19012
1.41 43.9154 1999.99 -18971.2
1.415 43.8223 1999.99 -18931
1.42 43.7251 2000.04 -18889.7
1.425 43.6256 2000.07 -18847.3
1.43 43.5261 2000.05 -18804.1
1.435 43.4232 2000.05 -18759.6
1.44 43.3156 2000.06 -18713.2
1.445 43.2054 2000.04 -18665.4
1.45 43.0917 2000.03 -18616.1
1.455 42.9739 2000.02 -18565
1.46 42.852 2000.01 -18512.3
1.465 42.7258 2000.01 -18457.7
1.47 42.5952 2000.01 -18401.2
1.475 42.4603 2000 -18342.9
1.48 42.3129 2000.07 -18280.4
1.485 42.1596 2000.11 -18214.9
1.49 42.0048 2000.09 -18147.6
1.495 41.8452 2000.07 -18078.4
1.5 41.6806 2000.06 -18007
1.505 41.5109 2000.04 -17933.4
1.51 41.3361 2000.03 -17857.7
1.515 41.1567 2000.03 -17780.1
1.52 40.9643 2000.13 -17697.6
1.525 40.7551 2000.24 -17608.6
1.53 40.5479 2000.19 -17518.6
1.535 40.3387 2000.16 -17427.9
1.54 40.1285 2000.13 -17336.7
1.545 39.9128 2000.14 -17244.1
1.55 39.6962 2000.14 -17150.7
1.555 39.4815 2000.11 -17057.5
1.56 39.2544 2000.19 -16961
1.565 39.0258 2000.22 -16863
1.57 38.7998 2000.18 -16764.6
1.575 38.5711 2000.14 -16665.2
1.58 38.3392 2000.11 -16564.5
1.585 38.104 2000.09 -16462.5
1.59 37.8653 2000.07 -16359.1
1.595 37.6226 2000.06 -16254.1
1.6 37.3638 2000.12 -16143.4
1.605 37.1069 2000.09 -16032
1.61 36.8477 2000.07 -15919.7
1.615 36.587 2000.06 -15806.7
1.62 36.322 2000.08 -15692.3
1.625 36.0325 2000.22 -15568.7
1.63 35.7481 2000.18 -15445.3
1.635 35.4591 2000.17 -15320.7
1.64 35.1692 2000.17 -15195.6
1.645 34.88 2000.14 -15070.2
1.65 34.5837 2000.14 -14942.5
1.655 34.288 2000.11 -14814.3
1.66 33.9892 2000.09 -14684.8
1.665 33.6862 2000.07 -14553.6
1.67 33.3782 2000.06 -14420.3
1.675 33.0646 2000.05 -14284.6
1.68 32.7453 2000.04 -14146.5
1.685 32.4203 2000.03 -14006
1.69 32.0699 2000.2 -13856.3
1.695 31.7019 2000.33 -13698.5
1.7 31.3342 2000.27 -13539
1.705 30.9616 2000.22 -13377.5
1.71 30.5771 2000.22 -13212
1.715 30.1841 2000.21 -13042.6
1.72 29.7882 2000.17 -12871
1.725 29.3858 2000.14 -12696.7
1.73 28.9775 2000.11 -12519.9
1.735 28.5645 2000.09 -12341.1
1.74 28.1005 2000.44 -12144.7
1.745 27.6382 2000.57 -11946.4
1.75 27.1861 2000.46 -11749.8
1.755 26.7358 2000.39 -11554.5
1.76 26.2781 2000.37 -11357.5
1.765 25.8253 2000.37 -11161.7
1.77 25.3654 2000.41 -10963.5
1.775 24.9218 2000.33 -10770.8
1.78 24.489 2000.27 -10582.9
1.785 24.0665 2000.22 -10399.7
1.79 23.6539 2000.18 -10220.9
1.795 23.2241 2000.3 -10037.4
1.8 22.7831 2000.41 -9849.28
1.805 22.3626 2000.33 -9666.26
1.81 21.9478 2000.27 -9486.01
1.815 21.5379 2000.22 -9308.07
1.82 21.1325 2000.17 -9132.19
1.825 20.7311 2000.14 -8958.21
1.83 20.3335 2000.11 -8786.01
1.835 19.9286 2000.14 -8612.16
1.84 19.5178 2000.17 -8435.9
1.845 19.1159 2000.14 -8261.46
1.85 18.715 2000.11 -8087.61
1.855 18.315 2000.09 -7914.28
1.86 17.9155 2000.07 -7741.3
1.865 17.5043 2000.11 -7564.92
1.87 17.095 2000.11 -7388.4
1.875 16.6878 2000.09 -7211.87
1.88 16.279 2000.07 -7034.74
1.885 15.8685 2000.06 -6856.95
1.89 15.4464 2000.08 -6675.56
1.895 15.0215 2000.09 -6492.42
1.9 14.597 2000.08 -6308.45
1.905 14.1683 2000.06 -6122.76
1.91 13.7349 2000.05 -5935.15
1.915 13.2976 2000.04 -5745.92
1.92 12.858 2000.03 -5555.75
1.925 12.4183 2000.02 -5365.59
1.93 11.9804 2000.01 -5176.23
1.935 11.546 2000.01 -4988.42
1.94 11.1167 2000.01 -4802.89
1.945 10.6941 2000 -4620.2
1.95 10.2786 2000 -4440.66
1.955 9.87034 2000 -4264.23
1.96 9.46874 2000 -4090.71
1.965 9.07296 1999.99 -3919.7
1.97 8.68191 1999.99 -3750.74
1.975 8.29494 1999.99 -3583.51
1.98 7.9112 1999.98 -3417.7
1.985 7.53041 1999.98 -3253.2
1.99 7.15272 1999.99 -3090.03
1.995 6.7783 1999.99 -2928.26
2 6.40727 1999.98 -2767.96
2.005 6.03937 1999.98 -2609.03
2.01 5.67458 1999.98 -2451.44
2.015 5.31255 1999.97 -2295.03
2.02 4.95179 1999.97 -2139.22
2.025 4.59147 1999.98 -1983.57
2.03 4.23089 1999.97 -1827.85
2.035 3.8705 1999.97 -1672.16
2.04 3.51123 1999.96 -1516.94
2.045 3.1545 1999.96 -1362.8
2.05 2.8011 1999.96 -1210.17
2.055 2.45268 1999.96 -1059.71
2.06 2.11088 1999.96 -912.011
2.065 1.77616 1999.95 -767.329
2.07 1.44673 1999.94 -625.078
2.075 1.12255 1999.94 -485.014
2.08 0.802028 1999.94 -346.546
2.085 0.484483 1999.95 -209.367
2.09 0.169918 1999.96 -73.4749
2.095 -0.141398 1999.96 60.9828
2.1 -0.448578 1999.96 193.606
2.105 -0.749291 1999.95 323.649
2.11 -1.04347 1999.96 450.79
2.115 -1.3291 1999.96 574.076
2.12 -1.60327 1999.95 692.359
2.125 -1.86424 1999.95 804.984
2.13 -2.11037 1999.95 911.283
2.135 -2.33947 1999.94 1010.23
2.14 -2.55264 1999.94 1102.16
2.145 -2.74968 1999.95 1187.3
2.15 -2.93245 1999.95 1266.1
2.155 -3.10167 1999.95 1339.14
2.16 -3.25915 1999.95 1407.34
2.165 -3.4065 1999.95 1471.19
2.17 -3.54785 1999.96 1532.33
2.175 -3.68518 1999.96 1591.64
2.18 -3.82095 1999.97 1650.36
2.185 -3.95809 1999.97 1709.66
2.19 -4.09812 1999.97 1770.29
2.195 -4.24274 1999.97 1832.93
2.2 -4.39501 1999.97 1898.69
2.205 -4.55492 1999.98 1967.76
2.21 -4.72075 1999.97 2039.56
2.215 -4.89266 1999.97 2113.97
2.22 -5.06783 1999.96 2189.83
2.225 -5.24491 1999.96 2266.36
2.23 -5.42043 1999.97 2342.07
2.235 -5.5901 1999.97 2415.29
2.24 -5.75057 1999.98 2484.54
2.245 -5.89827 1999.98 2548.42
2.25 -6.03239 1999.98 2606.36
2.255 -6.15198 1999.98 2657.95
2.26 -6.25686 1999.98 2703.2
2.265 -6.34806 1999.99 2742.56
2.27 -6.42731 1999.99 2776.76
2.275 -6.4962 1999.99 2806.52
2.28 -6.55638 1999.99 2832.5
2.285 -6.6081 1999.99 2854.82
2.29 -6.65052 1999.99 2873.12
2.295 -6.68233 2000 2886.85
2.3 -6.70221 2000 2895.42
2.305 -6.70908 2000 2898.38
2.31 -6.70121 1999.98 2894.98
2.315 -6.67731 1999.97 2884.65
2.32 -6.63754 1999.98 2867.46
2.325 -6.58251 1999.98 2843.68
2.33 -6.51326 1999.99 2813.76
2.335 -6.43094 1999.99 2778.19
2.34 -6.33672 1999.99 2737.48
2.345 -6.23177 1999.99 2692.14
2.35 -6.11739 1999.99 2642.72
2.355 -5.99522 1999.99 2589.94
2.36 -5.86742 2000 2534.73
2.365 -5.73693 2000 2478.36
2.37 -5.60752 2000 2422.45
2.375 -5.48349 2000 2368.87
2.38 -5.36896 2000 2319.39
2.385 -5.26737 2000 2275.51
2.39 -5.18136 2000 2238.35
2.395 -5.11293 2000 2208.79
2.4 -5.06351 2000 2187.44
2.405 -5.03371 2000 2174.56
2.41 -5.02327 2000 2170.05
2.415 -5.03133 2000 2173.53
2.42 -5.05674 2000 2184.51
2.425 -5.09829 2000 2202.46
2.43 -5.15487 2000 2226.9
2.435 -5.22583 2000 2257.56
2.44 -5.31119 2000 2294.44
2.445 -5.41127 2000 2337.67
2.45 -5.5263 2000 2387.36
2.455 -5.65657 2000 2443.64
2.46 -5.80271 2000 2506.77
2.465 -5.96567 2000 2577.17
2.47 -6.14658 2000 2655.33
2.475 -6.34639 2000 2741.65
2.48 -6.56562 2000 2836.37
2.485 -6.79585 1999.85 2935.89
2.49 -7.02994 1999.67 3037.13
2.495 -7.28057 1999.72 3145.3
2.5 -7.54788 1999.76 3260.62
2.505 -7.83197 1999.79 3383.35
2.51 -8.13441 1999.82 3514.13
2.515 -8.45711 1999.84 3653.75
2.52 -8.80213 1999.86 3803.01
2.525 -9.1716 1999.87 3962.75
2.53 -9.56711 1999.89 4133.66
2.535 -9.98972 1999.91 4316.22
2.54 -10.4405 1999.92 4510.96
2.545 -10.9212 1999.93 4718.57
2.55 -11.4336 1999.94 4939.93
2.555 -11.9801 1999.94 5176.02
2.56 -12.563 1999.95 5427.85
2.565 -13.1849 1999.95 5696.51
2.57 -13.8481 1999.95 5983.08
2.575 -14.555 1999.94 6288.49
2.58 -15.3069 1999.94 6613.34
2.585 -16.1042 1999.93 6957.83
2.59 -16.9216 2000.03 7314.4
2.595 -17.7902 2000.06 7690.85
2.6 -18.706 2000.03 8085.89
2.605 -19.6387 2000.06 8490.21
2.61 -20.575 2000.15 8897.32
2.615 -21.5575 2000.09 9320.43
2.62 -22.5692 2000.03 9756.43
2.625 -23.6033 2000.01 10203
2.63 -24.5927 2000.32 10636.1
2.635 -25.5821 2000.48 11065.1
2.64 -26.5977 2000.37 11502.1
2.645 -27.5659 2000.54 11922.1
2.65 -28.4751 2000.94 12320
2.655 -29.3571 2001.2 12702.7
2.66 -30.2632 2000.92 13090.8
2.665 -31.1743 2000.69 13481.8
2.67 -32.0404 2000.99 13858.1
2.675 -32.8574 2001.31 14214.4
2.68 -33.6998 2001.01 14575.2
2.685 -34.5463 2000.76 14938.4
2.69 -35.3971 2000.56 15303.9
2.695 -36.1794 2001.24 15645.8
2.7 -36.9734 2001.38 15989.4
2.705 -37.7525 2001.26 16327.5
2.71 -38.5275 2001.12 16662.8
2.715 -39.2902 2001.02 16992.9
2.72 -39.9927 2001.37 17300.8
2.725 -40.6942 2001.35 17601.2
2.73 -41.3668 2001.27 17892.9
2.735 -42.0076 2001.33 18173
2.74 -42.6406 2001.25 18446.6
2.745 -43.2371 2001.25 18705.6
2.75 -43.8384 2001.04 18962.7
2.755 -44.3935 2001.1 19204.3
2.76 -44.9467 2001.22 19439.1
2.765 -45.4449 2001.51 19656
2.77 -45.9209 2001.7 19861.3
2.775 -46.3696 2001.75 20056.4
2.78 -46.8067 2001.6 20246.9
2.785 -47.2371 2001.5 20434.2
2.79 -47.6624 2001.41 20616.7
2.795 -48.0813 2001.57 20794.9
2.8 -48.4933 2001.59 20969.2
2.805 -48.8855 2001.31 21139.3
2.81 -49.2653 2000.99 21307.3
2.815 -49.6207 2000.84 21467.8
2.82 -49.9673 2001.14 21615.8
2.825 -50.2439 2001.06 21741.3
2.83 -50.377 2000.69 21824.5
2.835 -50.2512 1999.71 21827.2
2.84 -49.8728 1997.36 21723.8
2.845 -49.3824 1995.93 21528.3
2.85 -48.9099 1996.47 21300.1
2.855 -48.3206 1996.61 21024.9
2.86 -47.6429 1996.08 20716.4
2.865 -46.9209 1995.93 20384.7
2.87 -46.1766 1996.59 20036.9
2.875 -45.3287 1996.63 19657.1
2.88 -44.8495 1998.85 19377.5
2.885 -44.2914 1999.82 19103.2
2.89 -43.6345 1999.76 18820.6
2.895 -43.1545 2000.99 18584.6
2.9 -42.6222 2000.95 18351.4
2.905 -42.0073 1999.82 18103.8
2.91 -41.3659 1998.79 17842.6
2.915 -40.7013 1997.84 17567.5
2.92 -40.1641 1998.15 17329.4
2.925 -40.0581 1999.63 17245.8
2.93 -39.7922 1998.76 17147.9
2.935 -39.6288 1998.87 17073.8
2.94 -39.6683 2000.25 17071.7
2.945 -39.605 1999.63 17059.2
2.95 -39.5414 1999.12 17043.8
2.955 -39.4855 1998.99 17028.3
2.96 -39.4102 1998.51 17004.5
2.965 -39.3847 1999.33 16992.7
2.97 -39.3614 1999.81 16983.3
2.975 -39.3245 1999.7 16971.8
2.98 -39.2886 1999.6 16959.9
2.985 -39.2529 1999.51 16947.4
2.99 -39.2167 1999.42 16934.2
2.995 -39.1791 1999.32 16920
3 -39.1395 1999.21 16904.7
3.005 -39.0968 1999.08 16887.8
3.01 -39.0482 1998.84 16868.4
3.015 -38.9776 1998.21 16840.7
3.02 -38.9073 1998.15 16810.9
3.025 -38.7999 1996.25 16768.8
3.03 -38.63 1994.56 16702.2
3.035 -38.4381 1994.71 16623.3
3.04 -38.3678 2003.03 16575.4
3.045 -38.2755 2007.66 16526.3
3.05 -38.122 2005.01 16465
3.055 -37.946 2002.69 16392.6
3.06 -37.7442 2000.67 16308.6
3.065 -37.5471 1998.25 16218.6
3.07 -37.2502 1992.75 16093.9
3.075 -34.7264 1960.56 14483
3.08 -34.1311 2270.5 13644.9
3.085 -34.88 2098.9 14004.1
3.09 -34.8334 2081.37 14195.6
3.095 -34.5881 2062.84 14312.8
3.1 -34.4594 2048.98 14396.4
3.105 -34.3584 2038.35 14454.9
3.11 -34.2791 2030.1 14499.3
3.115 -34.2106 2023.33 14533.1
3.12 -34.1606 2018.27 14560.6
3.125 -34.1254 2014.54 14583.7
3.13 -34.0974 2011.4 14602.6
3.135 -34.0784 2008.98 14619.1
3.14 -34.0576 2007.62 14631.4
3.145 -34.0458 2006.33 14642.8
3.15 -34.0425 2005.08 14653.8
3.155 -34.043 2004.09 14664.1
3.16 -34.0466 2003.3 14673.8
3.165 -34.0528 2002.67 14683
3.17 -34.061 2002.16 14691.9
3.175 -34.0707 2001.63 14700.4
3.18 -34.0812 2001.26 14708.4
3.185 -34.0924 2001.02 14716
3.19 -34.1044 2000.82 14723.5
3.195 -34.1173 2000.67 14730.9
3.2 -34.1307 2000.54 14738.2
3.205 -34.1367 2001.05 14743.5
3.21 -34.1441 2001.35 14748.7
3.215 -34.1576 2001.1 14754.8
3.22 -34.1712 2000.89 14760.9
3.225 -34.1848 2000.72 14767
3.23 -34.1986 2000.58 14773.1
3.235 -34.2124 2000.47 14779.2
3.24 -34.2264 2000.38 14785.4
3.245 -34.2406 2000.31 14791.6
3.25 -34.2549 2000.25 14797.9
3.255 -34.2694 2000.2 14804.2
3.26 -34.285 2000 14810.7
3.265 -34.3001 1999.85 14817.1
3.27 -34.3143 1999.82 14823.3
3.275 -34.3286 1999.78 14829.4
3.28 -34.3423 1999.82 14835.5
3.285 -34.3561 1999.85 14841.5
3.29 -34.37 1999.88 14847.6
3.295 -34.3839 1999.91 14853.6
3.3 -34.3979 1999.92 14859.7
3.305 -34.4119 1999.94 14865.8
3.31 -34.4258 1999.95 14871.8
3.315 -34.4396 1999.96 14877.8
3.32 -34.4534 1999.97 14883.8
3.325 -34.467 1999.97 14889.7
3.33 -34.4805 1999.98 14895.5
3.335 -34.4938 1999.98 14901.3
3.34 -34.5068 1999.99 14906.9
3.345 -34.5197 1999.99 14912.5
3.35 -34.5322 1999.99 14917.9
3.355 -34.5444 1999.99 14923.2
3.36 -34.5563 1999.99 14928.3
3.365 -34.5679 2000 14933.3
3.37 -34.5791 2000 14938.2
3.375 -34.5899 2000 14942.8
3.38 -34.6003 2000 14947.3
3.385 -34.6103 2000 14951.7
3.39 -34.6199 2000 14955.8
3.395 -34.6289 2000 14959.7
3.4 -34.6375 2000 14963.4
3.405 -34.6455 2000 14966.9
3.41 -34.653 2000 14970.1
3.415 -34.66 2000 14973.1
3.42 -34.6665 2000 14975.9
3.425 -34.6723 2000 14978.5
3.43 -34.6777 2000 14980.8
3.435 -34.6826 2000 14982.9
3.44 -34.687 2000 14984.8
3.445 -34.6909 2000 14986.5
3.45 -34.6945 2000 14988
3.455 -34.6977 2000 14989.4
3.46 -34.7006 2000 14990.7
3.465 -34.7033 2000 14991.8
3.47 -34.7057 2000.01 14992.9
3.475 -34.708 2000.01 14993.9
3.48 -34.7102 2000.01 14994.8
3.485 -34.7123 2000.01 14995.7
3.49 -34.7143 2000.01 14996.6
3.495 -34.7163 2000 14997.4
3.5 -34.7182 2000 14998.3
3.505 -34.7201 2000 14999.1
3.51 -34.7221 2000 15000
3.515 -34.7241 2000 15000.8
3.52 -34.7262 2000 15001.7
3.525 -34.7282 2000 15002.6
3.53 -34.7304 2000 15003.5
3.535 -34.7326 2000 15004.5
3.54 -34.7348 2000 15005.4
3.545 -34.737 2000 15006.4
3.55 -34.7393 2000 15007.4
3.555 -34.7416 2000 15008.4
3.56 -34.7439 2000 15009.4
3.565 -34.7462 2000 15010.4
3.57 -34.7485 2000 15011.4
3.575 -34.7508 2000 15012.4
3.58 -34.7532 2000 15013.4
3.585 -34.7555 2000 15014.4
3.59 -34.7578 2000 15015.4
3.595 -34.7601 2000 15016.4
3.6 -34.7625 2000 15017.4
3.605 -34.7648 2000 15018.4
3.61 -34.767 2000 15019.4
3.615 -34.7693 2000 15020.3
3.62 -34.7715 2000 15021.3
3.625 -34.7737 2000 15022.2
3.63 -34.7759 2000 15023.2
3.635 -34.778 2000 15024.1
3.64 -34.78 2000 15025
3.645 -34.7821 2000 15025.9
3.65 -34.7841 2000 15026.7
3.655 -34.786 2000 15027.6
3.66 -34.788 2000 15028.4
3.665 -34.7899 2000 15029.2
3.67 -34.7918 2000 15030.1
3.675 -34.7938 2000 15030.9
3.68 -34.7957 2000.01 15031.8
3.685 -34.7978 2000 15032.7
3.69 -34.7999 2000 15033.6
3.695 -34.8021 2000 15034.5
3.7 -34.8044 2000 15035.5
3.705 -34.8067 2000 15036.5
3.71 -34.8092 2000 15037.6
3.715 -34.8117 2000 15038.7
3.72 -34.8144 2000 15039.8
3.725 -34.8172 2000 15041
3.73 -34.8201 2000 15042.3
3.735 -34.8231 2000 15043.6
3.74 -34.8262 2000 15044.9
3.745 -34.8294 2000 15046.3
3.75 -34.8326 2000 15047.7
3.755 -34.8359 2000 15049.1
3.76 -34.8392 2000 15050.6
3.765 -34.8426 2000 15052
3.77 -34.846 2000 15053.5
3.775 -34.8494 2000 15054.9
3.78 -34.8528 2000 15056.4
3.785 -34.8562 2000 15057.9
3.79 -34.8597 2000 15059.4
3.795 -34.8633 2000 15060.9
3.8 -34.8669 2000 15062.5
3.805 -34.8706 2000 15064.1
3.81 -34.8744 2000 15065.8
3.815 -34.8784 2000 15067.5
3.82 -34.8826 2000 15069.3
3.825 -34.8869 2000 15071.1
3.83 -34.8914 2000 15073.1
3.835 -34.8961 2000 15075.1
3.84 -34.901 2000 15077.2
3.845 -34.9062 2000 15079.5
3.85 -34.9117 2000 15081.9
3.855 -34.9174 2000 15084.3
3.86 -34.9235 2000 15086.9
3.865 -34.9298 2000 15089.7
3.87 -34.9365 2000 15092.6
3.875 -34.9435 2000 15095.6
3.88 -34.9508 2000 15098.7
3.885 -34.9585 2000 15102.1
3.89 -34.9666 2000 15105.6
3.895 -34.975 2000 15109.2
3.9 -34.9838 2000 15113
3.905 -34.993 2000 15117
3.91 -35.0025 2000 15121.1
3.915 -35.0122 2000 15125.3
3.92 -35.0222 2000 15129.6
3.925 -35.0325 2000 15134
3.93 -35.043 2000 15138.6
3.935 -35.0536 2000 15143.2
3.94 -35.0643 2000 15147.8
3.945 -35.0751 2000 15152.5
3.95 -35.086 2000 15157.2
3.955 -35.0969 2000 15161.9
3.96 -35.1077 2000 15166.5
3.965 -35.1185 2000 15171.2
3.97 -35.1293 2000 15175.8
3.975 -35.1399 2000 15180.4
3.98 -35.1504 2000 15185
3.985 -35.1607 2000 15189.4
3.99 -35.1708 2000 15193.8
3.995 -35.1808 2000 15198.1
4 -35.1905 2000 15202.3
4.005 -35.1999 2000 15206.4
4.01 -35.2091 2000 15210.3
4.015 -35.218 2000 15214.2
4.02 -35.2266 2000 15217.9
4.025 -35.2349 2000 15221.5
4.03 -35.2429 2000 15225
4.035 -35.2506 2000 15228.3
4.04 -35.258 2000 15231.5
4.045 -35.2651 2000 15234.5
4.05 -35.2718 2000 15237.4
4.055 -35.2782 2000 15240.2
4.06 -35.2843 2000 15242.8
4.065 -35.29 2000 15245.3
4.07 -35.2953 2000 15247.6
4.075 -35.3003 2000 15249.7
4.08 -35.3049 2000 15251.7
4.085 -35.3091 2000 15253.5
4.09 -35.3129 2000 15255.2
4.095 -35.3163 2000 15256.7
4.1 -35.3194 2000 15258
4.105 -35.3221 2000 15259.2
4.11 -35.3245 2000 15260.2
4.115 -35.3265 2000 15261
4.12 -35.3282 2000 15261.8
4.125 -35.3295 2000 15262.3
4.13 -35.3305 2000 15262.8
4.135 -35.3311 2000 15263
4.14 -35.3315 2000 15263.2
4.145 -35.3315 2000 15263.2
4.15 -35.296 1999.82 15253.1
4.155 -35.2435 1999.71 15233.3
4.16 -35.1831 1999.76 15205.3
4.165 -35.1053 1999.79 15169.7
4.17 -35.0147 1999.82 15128.4
4.175 -34.9162 1999.83 15083.5
4.18 -34.8143 1999.84 15036.9
4.185 -34.7126 1999.84 14990.5
4.19 -34.6139 1999.83 14945.7
4.195 -34.5199 1999.82 14903.3
4.2 -34.4315 1999.82 14864
4.205 -34.349 1999.82 14827.8
4.21 -34.2726 1999.83 14794.8
4.215 -34.2019 1999.84 14764.6
4.22 -34.1366 1999.86 14737
4.225 -34.0763 1999.88 14711.7
4.23 -34.0206 1999.89 14688.6
4.235 -33.9692 1999.91 14667.3
4.24 -33.922 1999.92 14647.8
4.245 -33.8786 1999.94 14629.9
4.25 -33.839 1999.95 14613.5
4.255 -33.8028 1999.96 14598.6
4.26 -33.7701 1999.96 14585.1
4.265 -33.7405 1999.97 14572.9
4.27 -33.7142 1999.98 14561.9
4.275 -33.6909 1999.98 14552.3
4.28 -33.6706 1999.99 14543.9
4.285 -33.6533 1999.99 14536.7
4.29 -33.6389 1999.99 14530.7
4.295 -33.6274 1999.99 14526
4.3 -33.6188 1999.99 14522.5
4.305 -33.6131 2000 14520.2
4.31 -33.6105 2000 14519.2
4.315 -33.6154 1999.99 14520.7
4.32 -33.6376 1999.97 14529.4
4.325 -33.6727 1999.98 14545
4.33 -33.7237 1999.98 14567.4
4.335 -33.7892 1999.99 14596.2
4.34 -33.8674 2000 14630.7
4.345 -33.9556 2000 14669.7
4.35 -34.0506 2000.01 14712.1
4.355 -34.149 2000.02 14756.2
4.36 -34.2475 2000.03 14800.6
4.365 -34.3434 2000.04 14843.9
4.37 -34.4347 2000.04 14885
4.375 -34.5203 2000.05 14923.3
4.38 -34.5999 2000.05 14958.6
4.385 -34.6734 2000.04 14990.6
4.39 -34.7412 2000.04 15019.8
4.395 -34.8038 2000.03 15046.3
4.4 -34.8619 2000.02 15070.6
4.405 -34.916 2000.01 15093.1
4.41 -34.9665 2000.01 15113.9
4.415 -35.0137 1999.99 15133.4
4.42 -35.0582 1999.99 15151.7
4.425 -35.1003 1999.99 15169
4.43 -35.1396 1999.96 15185.2
4.435 -35.1766 1999.92 15200.6
4.44 -35.2103 1999.85 15214.8
4.445 -35.2386 1999.7 15227.1
4.45 -35.2597 1999.54 15236.8
4.455 -35.2636 1999.37 15239.9
4.46 -35.2708 1999.47 15242.3
4.465 -35.2781 1999.56 15244.6
4.47 -35.285 1999.64 15246.7
4.475 -35.2914 1999.71 15248.9
4.48 -35.2975 1999.76 15251
4.485 -35.3034 1999.8 15253.1
4.49 -35.3092 1999.83 15255.3
4.495 -35.3148 1999.86 15257.5
4.5 -35.3205 1999.89 15259.7
4.505 -35.3262 1999.9 15261.9
4.51 -35.332 1999.91 15264.3
4.515 -35.3377 1999.89 15266.6
4.52 -35.3433 1999.86 15268.9
4.525 -35.3488 1999.86 15271.2
4.53 -35.3544 1999.88 15273.5
4.535 -35.36 1999.9 15275.9
4.54 -35.3659 1999.92 15278.4
4.545 -35.372 1999.93 15281
4.55 -35.3784 1999.95 15283.8
4.555 -35.3851 1999.96 15286.6
4.56 -35.392 1999.95 15289.6
4.565 -35.3992 1999.95 15292.6
4.57 -35.4065 1999.96 15295.8
4.575 -35.4142 1999.97 15299.1
4.58 -35.4221 1999.97 15302.5
4.585 -35.4303 1999.98 15306
4.59 -35.4388 1999.98 15309.7
4.595 -35.4476 1999.99 15313.5
4.6 -35.4567 1999.99 15317.4
4.605 -35.4661 1999.99 15321.5
4.61 -35.4758 1999.99 15325.7
4.615 -35.4859 2000 15330
4.62 -35.4962 2000 15334.4
4.625 -35.5068 2000 15339
4.63 -35.5177 2000 15343.7
4.635 -35.5289 2000 15348.6
4.64 -35.5404 2000 15353.5
4.645 -35.5527 1999.9 15358.7
4.65 -35.5647 1999.86 15363.8
4.655 -35.5765 1999.86 15368.9
4.66 -35.5882 1999.89 15374
4.665 -35.6001 1999.91 15379.1
4.67 -35.6121 1999.93 15384.3
4.675 -35.6242 1999.94 15389.6
4.68 -35.6363 1999.95 15394.8
4.685 -35.6485 1999.96 15400.1
4.69 -35.6607 1999.97 15405.4
4.695 -35.6729 1999.98 15410.7
4.7 -35.685 1999.98 15415.9
4.705 -35.6972 1999.98 15421.2
4.71 -35.7093 1999.99 15426.4
4.715 -35.7214 1999.99 15431.6
4.72 -35.7335 1999.99 15436.9
4.725 -35.7455 1999.99 15442.1
4.73 -35.7575 1999.99 15447.3
4.735 -35.7696 2000 15452.4
4.74 -35.7815 2000 15457.6
4.745 -35.7935 2000 15462.8
4.75 -35.8055 2000 15468
4.755 -35.8174 2000 15473.1
4.76 -35.8293 2000 15478.3
4.765 -35.8412 2000 15483.4
4.77 -35.8531 2000 15488.5
4.775 -35.8649 2000 15493.7
4.78 -35.8767 2000 15498.7
4.785 -35.8884 2000 15503.8
4.79 -35.9001 2000 15508.8
4.795 -35.9117 2000 15513.8
4.8 -35.9232 2000 15518.8
4.805 -35.9346 2000 15523.7
4.81 -35.9459 2000 15528.6
4.815 -35.9571 2000 15533.5
4.82 -35.9681 2000 15538.2
4.825 -35.979 2000 15542.9
4.83 -35.9897 2000 15547.6
4.835 -36.0003 2000 15552.1
4.84 -36.0106 2000 15556.6
4.845 -36.0207 2000 15560.9
4.85 -36.0306 2000 15565.2
4.855 -36.0402 2000 15569.4
4.86 -36.0496 2000 15573.4
4.865 -36.0586 2000 15577.3
4.87 -36.0675 2000 15581.1
4.875 -36.076 2000 15584.8
4.88 -36.0842 2000 15588.4
4.885 -36.0922 2000 15591.8
4.89 -36.0999 2000 15595.1
4.895 -36.1072 2000 15598.3
4.9 -36.1142 2000 15601.4
4.905 -36.1209 2000 15604.2
4.91 -36.1272 2000 15607
4.915 -36.1331 2000 15609.5
4.92 -36.1386 2000 15611.9
4.925 -36.1437 2000 15614.1
4.93 -36.1484 2000 15616.1
4.935 -36.1526 2000 15617.9
4.94 -36.1564 2000 15619.6
4.945 -36.1598 2000 15621
4.95 -36.1627 2000 15622.3
4.955 -36.1652 2000 15623.4
4.96 -36.1673 2000 15624.3
4.965 -36.169 2000 15625
4.97 -36.1703 2000 15625.6
4.975 -36.1713 2000 15626
4.98 -36.1719 2000 15626.3
4.985 -36.1723 2000 15626.4
4.99 -36.1723 2000 15626.4
4.995 -36.1378 1999.84 15616.6
5 -36.088 1999.75 15597.9
5.005 -36.0315 1999.79 15571.7
5.01 -35.9597 1999.83 15538.8
5.015 -35.8767 1999.85 15500.9
5.02 -35.7866 1999.87 15459.8
5.025 -35.6933 1999.89 15417.2
5.03 -35.5998 1999.9 15374.6
5.035 -35.5082 1999.9 15333
5.04 -35.4199 1999.9 15293.1
5.045 -35.3355 1999.9 15255.4
5.05 -35.2552 1999.9 15219.8
5.055 -35.1788 1999.91 15186.3
5.06 -35.1059 1999.91 15154.7
5.065 -35.036 1999.92 15124.7
5.07 -34.9687 1999.92 15096
5.075 -34.9033 1999.93 15068.2
5.08 -34.8392 1999.94 15041.2
5.085 -34.7762 1999.95 15014.7
5.09 -34.7137 1999.96 14988.4
5.095 -34.6516 1999.97 14962.2
5.1 -34.5894 1999.98 14936
5.105 -34.5269 1999.98 14909.7
5.11 -34.4641 1999.99 14883.2
5.115 -34.4006 1999.99 14856.3
5.12 -34.3364 2000 14829.1
5.125 -34.2712 2000 14801.4
5.13 -34.205 2000.01 14773.2
5.135 -34.1376 2000.01 14744.5
5.14 -34.0688 2000.01 14715.1
5.145 -33.9985 2000.01 14685
5.15 -33.9266 2000.01 14654.3
5.155 -33.853 2000.01 14622.7
5.16 -33.8107 1997.51 14598.7
5.165 -33.8008 1996.58 14592.1
5.17 -33.8233 1997.55 14602.3
5.175 -33.8337 1997.84 14608.6
5.18 -33.8464 1998.08 14615.7
5.185 -33.8616 1998.09 14623.7
5.19 -33.883 1998.17 14634.3
5.195 -33.9116 1998.13 14647.9
5.2 -33.9578 1998.38 14667.6
5.205 -33.9794 2000.12 14681.7
5.21 -33.9663 2001.25 14679.1
5.215 -33.9457 2001.16 14667.2
5.22 -33.7251 2011.65 14601.3
5.225 -33.567 2012.48 14537.2
5.23 -33.4478 2010.11 14476.8
5.235 -33.3284 2008.38 14418.6
5.24 -33.2068 2006.94 14361.3
5.245 -33.0832 2005.71 14304.5
5.25 -32.958 2004.68 14247.7
5.255 -32.8314 2003.83 14191
5.26 -32.7036 2003.13 14134.1
5.265 -32.5747 2002.55 14077.2
5.27 -32.4451 2002.08 14020.2
5.275 -32.3148 2001.69 13963.2
5.28 -32.1842 2001.38 13906.1
5.285 -32.0547 2001.17 13848.9
5.29 -31.9241 2000.99 13791.7
5.295 -31.7923 2000.8 13734.6
5.3 -31.6607 2000.66 13677.7
5.305 -31.5294 2000.54 13620.9
5.31 -31.3984 2000.44 13564.3
5.315 -31.2662 2000.44 13507.4
5.32 -31.1205 2000.99 13446.2
5.325 -30.9819 2000.81 13385.9
5.33 -30.8435 2000.66 13325.8
5.335 -30.7052 2000.54 13265.8
5.34 -30.5681 2000.39 13206.2
5.345 -30.449 1999.55 13152.5
5.35 -30.3259 1999.53 13099.3
5.355 -30.2041 1999.5 13046.7
5.36 -30.0837 1999.47 12994.6
5.365 -29.9647 1999.45 12943.2
5.37 -29.8471 1999.41 12892.3
5.375 -29.7309 1999.37 12842
5.38 -29.6159 1999.33 12792.2
5.385 -29.5023 1999.28 12743
5.39 -29.3967 1998.81 12696.1
5.395 -29.2934 1998.6 12651
5.4 -29.2059 1997.8 12610.8
5.405 -29.1392 1996.96 12579.7
5.41 -29.085 1996.68 12556.2
5.415 -29.0523 1996.08 12541.3
5.42 -29.0638 1995.77 12543.6
5.425 -29.1392 1994.42 12570.7
5.43 -29.2481 1994.06 12618.9
5.435 -29.3964 1994.7 12686
5.44 -28.9849 2019.04 12591.2
5.445 -28.6706 2028.59 12483.2
5.45 -28.5358 2022.76 12402.8
5.455 -28.3973 2018.66 12325.6
5.46 -28.2476 2015.33 12248.8
5.465 -28.0908 2012.53 12172
5.47 -27.9279 2010.25 12094.5
5.475 -27.7597 2008.41 12016.2
5.48 -27.5892 2006.81 11937.8
5.485 -27.4302 2005 11863.6
5.49 -27.2654 2003.99 11788.8
5.495 -27.0988 2003.09 11714.5
5.5 -26.9332 2002.3 11640.9
5.505 -26.7682 2001.7 11568
5.51 -26.6046 2001.18 11496
5.515 -26.4429 2000.75 11425
5.52 -26.2835 2000.37 11355.1
5.525 -26.127 2000.03 11286.6
5.53 -25.9741 1999.72 11219.7
5.535 -25.8254 1999.42 11154.7
5.54 -25.6821 1999.16 11092
5.545 -25.5454 1998.87 11032
5.55 -25.4179 1998.4 10975.8
5.555 -25.2996 1998.07 10923.8
5.56 -25.1901 1997.82 10875.7
5.565 -25.1001 1997.13 10834.9
5.57 -25.0697 1994.54 10814.6
5.575 -25.136 1993.34 10837.7
5.58 -25.2632 1994.1 10893.5
5.585 -25.3853 1994.38 10951.2
5.59 -25.2854 2003.85 10944.8
5.595 -24.7796 2024.1 10785.3
5.6 -24.6213 2019.91 10689.6
5.605 -24.4449 2016.31 10599.7
5.61 -24.2589 2013.46 10510.6
5.615 -24.0673 2011.04 10421.5
5.62 -23.8709 2009.02 10331.7
5.625 -23.6702 2007.35 10241.2
5.63 -23.4658 2005.99 10149.8
5.635 -23.258 2004.88 10057.6
5.64 -23.0473 2003.97 9964.64
5.645 -22.8435 2002.99 9872.51
5.65 -22.65 2001.73 9784.89
5.655 -22.447 2001.14 9696.46
5.66 -22.245 2000.63 9608.53
5.665 -22.0435 2000.28 9521.03
5.67 -21.844 1999.97 9434.34
5.675 -21.6468 1999.68 9348.7
5.68 -21.4529 1999.41 9264.38
5.685 -21.2629 1999.13 9181.74
5.69 -21.0781 1998.84 9101.23
5.695 -20.9002 1998.51 9023.49
5.7 -20.7143 1999.15 8944.25
5.705 -20.5395 1999.13 8868.78
5.71 -20.381 1998.4 8798.63
5.715 -20.2387 1997.72 8735.24
5.72 -20.0608 1999.3 8664.08
5.725 -19.7971 2002.89 8562.45
5.73 -19.6012 2001.78 8473.95
5.735 -19.3969 2001.52 8384.51
5.74 -19.192 2001.28 8295.03
5.745 -18.9866 2001.07 8205.49
5.75 -18.806 1999.76 8123.26
5.755 -18.6454 1998.49 8049.81
5.76 -18.4886 1998.36 7981.14
5.765 -18.3453 1998.06 7917.97
5.77 -18.0251 2005.25 7804.52
5.775 -17.6328 2012.5 7658.42
5.78 -17.3984 2010.04 7548.27
5.785 -17.1565 2008.06 7437.21
5.79 -16.908 2006.53 7324.87
5.795 -16.6554 2005.28 7211.77
5.8 -16.3995 2004.26 7098
5.805 -16.1409 2003.44 6983.69
5.81 -15.8801 2002.77 6868.92
5.815 -15.6175 2002.22 6753.77
5.82 -15.3534 2001.78 6638.29
5.825 -15.088 2001.42 6522.5
5.83 -14.8213 2001.13 6406.39
5.835 -14.5533 2000.9 6289.87
5.84 -14.317 1999.34 6182.52
5.845 -14.0734 1998.48 6074.43
5.85 -13.8195 1998.38 5964.6
5.855 -13.5682 1998.21 5855.69
5.86 -13.317 1998.16 5747.03
5.865 -13.0686 1998.06 5639.34
5.87 -12.8287 1997.66 5534.46
5.875 -12.595 1997.28 5432.26
5.88 -12.3654 1997.07 5332.32
5.885 -12.1469 1996.69 5236.64
5.89 -11.9489 1995.86 5148.6
5.895 -11.7906 1994.4 5075.5
5.9 -11.7323 1991.2 5039.96
5.905 -11.799 1989.73 5065.45
5.91 -10.8192 2023.59 4758.79
5.915 -10.531 2019.38 4608.46
5.92 -10.2125 2015.53 4458.2
5.925 -9.87635 2012.75 4303.76
5.93 -9.5304 2010.4 4147.06
5.935 -9.17579 2008.45 3988.09
5.94 -8.81393 2006.86 3827.13
5.945 -8.44609 2005.57 3664.49
5.95 -8.07332 2004.52 3500.44
5.955 -7.75734 2001.45 3352.93
5.96 -7.4321 1999.48 3205.58
5.965 -7.08578 1999.09 3055.08
5.97 -6.74617 1998.69 2907.27
5.975 -6.41467 1998.26 2762.79
5.98 -6.09375 1997.78 2622.6
5.985 -5.78702 1997.2 2488.12
5.99 -5.50018 1996.46 2361.54
5.995 -5.15176 1998.14 2219.72
6 -4.62859 2003.71 2018.45
6.005 -4.23826 2002.5 1844.95
6.01 -3.84204 2001.68 1670.11
6.015 -3.31619 2005.08 1457.73
6.02 -2.83573 2006.1 1254.4
6.025 -2.40155 2004.84 1060.95
6.03 -1.95954 2003.85 865.304
6.035 -1.51084 2003.05 667.677
6.04 -1.06294 2002.15 470.182
6.045 -0.63927 2000.5 279.855
6.05 -0.202235 1999.62 87.0224
6.055 0.251865 1999.55 -109.707
6.06 0.667082 1998.23 -295.196
6.065 1.21038 2001.07 -515.725
6.07 1.79975 2004.29 -754.816
6.075 2.29466 2003.26 -973.676
6.08 2.79731 2002.5 -1194.73
6.085 3.30508 2001.89 -1417.29
6.09 3.81744 2001.37 -1641.27
6.095 4.33395 2000.95 -1866.59
6.1 4.8542 2000.59 -2093.16
6.105 5.37782 2000.29 -2320.89
6.11 5.8642 1998.9 -2537.98
6.115 6.34109 1997.68 -2750.05
6.12 6.83105 1997.32 -2963.25
6.125 7.3049 1996.63 -3170.66
6.13 7.76524 1996 -3372.42
6.135 8.19992 1995.1 -3564.35
6.14 8.57306 1993.22 -3734.7
6.145 8.91264 1991.7 -3888.77
6.15 9.81702 2004.16 -4200.85
6.155 10.6484 2010.88 -4517.63
6.16 11.2154 2006.96 -4782.96
6.165 11.8219 2004.95 -5058.55
6.17 12.4459 2003.67 -5338.56
6.175 12.8724 1997.57 -5560.31
6.18 13.2407 1992.62 -5750.19
6.185 13.2521 1979.53 -5814.26
6.19 15.2418 2027.77 -6364.2
6.195 17.5619 2078.83 -7072.18
6.2 17.7662 2052.35 -7301.47
6.205 17.9934 2034.55 -7515.71
6.21 18.6042 2028.16 -7812.34
6.215 20.0719 2030.3 -8393.65
6.22 21.085 2021.25 -8893.02
6.225 22.1954 2016.75 -9414.92
6.23 23.2981 2012.74 -9931.67
6.235 24.6613 2011.64 -10514.3
6.24 26.5107 2012.59 -11266.5
6.245 28.0576 2009.8 -11971.5
6.25 29.7765 2008.71 -12721.1
6.255 31.8821 2009.24 -13598.9
6.26 33.7777 2007.14 -14450.9
6.265 36.1902 2007.8 -15461
6.27 38.1827 2004.31 -16383
6.275 40.1401 2001.77 -17274.6
6.28 42.1644 2001.12 -18165.2
6.285 43.9901 1998.88 -18996.3
6.29 45.4813 1995.24 -19699.9
6.295 46.1022 1990.17 -20088.1
6.3 45.7626 1980.54 -20129.7
6.305 43.3243 1967.18 -19291.7
6.31 41.0038 1958.95 -18204.5
6.315 39.6599 1962.82 -17398.2
6.32 35.6569 1941.8 -15760.7
6.325 -0.0236084 -26.7854 -9.60809
