0.1 3.06779e-31 200 -4.26326e-14
0.2 6.86601e-31 400 3.37508e-14
0.3 1.16868e-31 600 -1.20792e-13
0.4 -5.84341e-32 800 -1.1724e-13
0.5 -4.67473e-31 1000 4.40536e-13
0.6 1.16868e-31 1200 -1.77636e-13
0.7 7.0121e-31 1400 -3.12639e-13
0.8 -9.34946e-31 1600 -4.05009e-13
0.9 0 1800 -5.8975e-13
1 -2.33737e-30 2000 -3.90799e-13
0.005 -0.00110723 2000 0.479734
0.01 -0.00552852 2000 2.39085
0.015 -0.0143563 2000 6.20394
0.02 -0.0275748 2000 11.914
0.025 -0.0451672 2000 19.5138
0.03 -0.0671154 2000 28.9954
0.035 -0.0934006 2000 40.3506
0.04 -0.124003 2000 53.571
0.045 -0.158901 2000 68.6475
0.05 -0.198075 2000 85.5707
0.055 -0.241499 2000 104.331
0.06 -0.289152 2000 124.917
0.065 -0.341009 2000 147.32
0.07 -0.397049 2000 171.53
0.075 -0.457249 2000 197.537
0.08 -0.521588 2000 225.333
0.085 -0.590044 2000 254.907
0.09 -0.662593 2000 286.249
0.095 -0.739211 2000 319.349
0.1 -0.81987 2000 354.195
0.105 -0.904545 2000 390.775
0.11 -0.993202 2000 429.076
0.115 -1.0858 2000 469.081
0.12 -1.18231 2000 510.773
0.125 -1.28269 2000 554.138
0.13 -1.38692 2000 599.168
0.135 -1.49499 2000 645.856
0.14 -1.60689 2000 694.196
0.145 -1.72258 2000 744.176
0.15 -1.84205 2000 795.787
0.155 -1.96525 2000 849.012
0.16 -2.09216 2000 903.836
0.165 -2.22272 2000 960.241
0.17 -2.35692 2000 1018.22
0.175 -2.49473 2000 1077.75
0.18 -2.63611 2000 1138.83
0.185 -2.781 2000 1201.42
0.19 -2.92933 2000 1265.5
0.195 -3.08106 2000 1331.05
0.2 -3.23617 2000 1398.06
0.205 -3.39464 1999.99 1466.52
0.21 -3.55649 1999.99 1536.43
0.215 -3.7217 1999.99 1607.81
0.22 -3.89027 1999.99 1680.63
0.225 -4.06216 1999.99 1754.89
0.23 -4.23736 1999.99 1830.57
0.235 -4.41581 1999.99 1907.67
0.24 -4.5975 1999.99 1986.16
0.245 -4.78239 1999.99 2066.03
0.25 -4.97044 1999.99 2147.27
0.255 -5.16158 1999.99 2229.84
0.26 -5.35571 1999.99 2313.71
0.265 -5.55276 1999.99 2398.83
0.27 -5.75274 1999.99 2485.23
0.275 -5.95568 1999.99 2572.9
0.28 -6.16158 1999.99 2661.85
0.285 -6.37043 1999.99 2752.07
0.29 -6.58217 1999.99 2843.54
0.295 -6.79675 1999.99 2936.24
0.3 -7.01405 1999.99 3030.12
0.305 -7.23398 1999.99 3125.13
0.31 -7.45643 1999.99 3221.23
0.315 -7.68134 1999.99 3318.39
0.32 -7.90868 1999.99 3416.6
0.325 -8.13837 1999.99 3515.83
0.33 -8.37032 1999.99 3616.04
0.335 -8.60447 1999.99 3717.19
0.34 -8.8408 1999.99 3819.28
0.345 -9.0793 1999.99 3922.32
0.35 -9.31998 1999.99 4026.29
0.355 -9.56285 1999.99 4131.21
0.36 -9.80795 1999.99 4237.1
0.365 -10.0553 1999.99 4343.98
0.37 -10.3051 1999.99 4451.86
0.375 -10.5571 1999.99 4560.75
0.38 -10.8114 1999.99 4670.61
0.385 -11.068 1999.99 4781.44
0.39 -11.3266 1999.99 4893.17
0.395 -11.5872 1999.99 5005.75
0.4 -11.8496 1999.99 5119.09
0.405 -12.1136 1999.99 5233.17
0.41 -12.3793 1999.99 5347.94
0.415 -12.6465 1999.99 5463.38
0.42 -12.9153 1999.99 5579.49
0.425 -13.1855 1999.99 5696.23
0.43 -13.4573 1999.99 5813.63
0.435 -13.7306 1999.99 5931.71
0.44 -14.0056 1999.99 6050.52
0.445 -14.2823 1999.99 6170.06
0.45 -14.5607 1999.99 6290.31
0.455 -14.8404 1999.99 6411.17
0.46 -15.1214 1999.99 6532.54
0.465 -15.4032 1999.99 6654.3
0.47 -15.6857 1999.99 6776.32
0.475 -15.9686 1999.99 6898.54
0.48 -16.2519 1999.99 7020.91
0.485 -16.5355 1999.99 7143.43
0.49 -16.8193 1999.99 7266.07
0.495 -17.1034 1999.99 7388.79
0.5 -17.3877 1999.99 7511.59
0.505 -17.6722 1999.99 7634.49
0.51 -17.9571 1999.98 7757.56
0.515 -18.2425 1999.98 7880.89
0.52 -18.5287 1999.98 8004.5
0.525 -18.8155 1999.98 8128.41
0.53 -19.1031 1999.98 8252.64
0.535 -19.3912 1999.98 8377.14
0.54 -19.6799 1999.98 8501.84
0.545 -19.9689 1999.98 8626.68
0.55 -20.258 1999.98 8751.59
0.555 -20.5471 1999.98 8876.46
0.56 -20.8358 1999.98 9001.19
0.565 -21.124 1999.98 9125.69
0.57 -21.4116 1999.98 9249.92
0.575 -21.6984 1999.98 9373.86
0.58 -21.9846 1999.98 9497.48
0.585 -22.27 1999.98 9620.75
0.59 -22.5545 1999.98 9743.67
0.595 -22.8381 1999.98 9866.21
0.6 -23.1181 2000 9987.54
0.605 -23.3971 2000 10108.3
0.61 -23.6767 2000 10229
0.615 -23.9542 2000 10348.9
0.62 -24.2289 2000.01 10467.8
0.625 -24.504 2000 10586.5
0.63 -24.7779 2000 10704.7
0.635 -25.0506 2000 10822.4
0.64 -25.3225 1999.99 10939.8
0.645 -25.5813 2000.05 11053.2
0.65 -25.841 2000.08 11166.1
0.655 -26.1054 2000.06 11279.8
0.66 -26.3697 2000.05 11393.6
0.665 -26.6338 2000.03 11507.4
0.67 -26.8975 2000.02 11621
0.675 -27.1599 2000.02 11734.1
0.68 -27.4201 2000.01 11846.4
0.685 -27.677 2000.01 11957.2
0.69 -27.9212 2000.06 12063.4
0.695 -28.1615 2000.08 12167.4
0.7 -28.3862 2000.13 12266
0.705 -28.6106 2000.14 12363.3
0.71 -28.8351 2000.11 12459.7
0.715 -29.048 2000.14 12551.8
0.72 -29.2593 2000.14 12642.9
0.725 -29.4691 2000.11 12733
0.73 -29.6757 2000.09 12821.8
0.735 -29.8787 2000.07 12909.2
0.74 -30.078 2000.05 12995
0.745 -30.2733 2000.04 13079.1
0.75 -30.4645 2000.03 13161.6
0.755 -30.6516 2000.02 13242.2
0.76 -30.8148 2000.17 13314.4
0.765 -30.9747 2000.23 13384.1
0.77 -31.1367 2000.19 13453.5
0.775 -31.2908 2000.18 13520.5
0.78 -31.4445 2000.17 13586.9
0.785 -31.5999 2000.13 13653.5
0.79 -31.7549 2000.11 13720
0.795 -31.9098 2000.08 13786.6
0.8 -32.0643 2000.07 13853
0.805 -32.218 2000.05 13919.2
0.81 -32.3701 2000.04 13984.7
0.815 -32.52 2000.03 14049.3
0.82 -32.667 2000.02 14112.7
0.825 -32.8109 2000.02 14174.8
0.83 -32.9512 2000.01 14235.3
0.835 -33.0877 2000.01 14294.2
0.84 -33.2201 2000.01 14351.4
0.845 -33.3481 2000 14406.7
0.85 -33.4718 2000 14460
0.855 -33.591 2000 14511.5
0.86 -33.7056 2000 14561
0.865 -33.8151 2000 14608.3
0.87 -33.919 2000 14653.2
0.875 -34.017 2000 14695.5
0.88 -34.103 2000.05 14733.1
0.885 -34.1798 2000.09 14766.6
0.89 -34.2525 2000.07 14797.8
0.895 -34.3196 2000.06 14826.7
0.9 -34.3811 2000.05 14853.1
0.905 -34.4372 2000.04 14877.3
0.91 -34.488 2000.03 14899.1
0.915 -34.5333 2000.02 14918.7
0.92 -34.5735 2000.02 14936
0.925 -34.6088 2000.02 14951.2
0.93 -34.6389 2000.02 14964.3
0.935 -34.6654 2000.01 14975.6
0.94 -34.6882 2000.01 14985.4
0.945 -34.7074 2000.01 14993.7
0.95 -34.7232 2000.01 15000.5
0.955 -34.7356 2000.01 15005.8
0.96 -34.7443 2000 15009.6
0.965 -34.7494 2000 15011.8
0.97 -34.7503 2000 15012.2
0.975 -34.7452 1999.99 15010
0.98 -34.7337 1999.97 15005.1
0.985 -34.7154 1999.98 14997.2
0.99 -34.6899 1999.98 14986.1
0.995 -34.6572 1999.99 14972
1 -34.6174 1999.99 14954.8
1.005 -34.5707 1999.99 14934.6
1.01 -34.5167 2000 14911.4
1.015 -34.457 2000 14885.6
1.02 -34.391 2000 14857
1.025 -34.3187 2000 14825.8
1.03 -34.24 2000 14791.8
1.035 -34.1546 2000 14754.8
1.04 -34.0616 2000 14714.7
1.045 -33.9605 2000 14671
1.05 -33.8365 2000.11 14618.7
1.055 -33.7046 2000.15 14562.1
1.06 -33.5642 2000.12 14501.2
1.065 -33.4125 2000.1 14435.3
1.07 -33.2492 2000.08 14364.6
1.075 -33.0746 2000.06 14289
1.08 -32.8893 2000.05 14208.8
1.085 -32.6936 2000.04 14124.1
1.09 -32.4877 2000.03 14035.1
1.095 -32.2719 2000.03 13941.8
1.1 -32.0464 2000.02 13844.3
1.105 -31.8112 2000.02 13742.6
1.11 -31.566 2000.01 13636.7
1.115 -31.3104 2000.01 13526.2
1.12 -31.0443 2000.01 13411.2
1.125 -30.7677 2000.01 13291.7
1.13 -30.4764 2000.03 13166.5
1.135 -30.1679 2000.05 13034
1.14 -29.8141 2000.3 12884.3
1.145 -29.446 2000.4 12726.6
1.15 -29.0745 2000.32 12564.9
1.155 -28.6918 2000.26 12398.7
1.16 -28.2989 2000.21 12228.2
1.165 -27.8929 2000.19 12052.5
1.17 -27.4675 2000.2 11869
1.175 -27.0343 2000.17 11681.4
1.18 -26.5668 2000.23 11481.1
1.185 -26.0831 2000.24 11272.3
1.19 -25.5885 2000.19 11057.8
1.195 -25.0773 2000.16 10836.2
1.2 -24.5481 2000.13 10607.1
1.205 -24.0005 2000.1 10370.1
1.21 -23.4155 2000.17 10119.7
1.215 -22.8092 2000.21 9859.35
1.22 -22.1981 2000.17 9594.2
1.225 -21.5686 2000.16 9322.13
1.23 -20.9275 2000.15 9044.97
1.235 -20.2717 2000.15 8762.02
1.24 -19.6101 2000.14 8475.97
1.245 -18.9436 2000.11 8187.18
1.25 -18.2686 2000.09 7894.88
1.255 -17.5834 2000.08 7598.33
1.26 -16.8861 2000.06 7296.61
1.265 -16.1742 2000.04 6988.71
1.27 -15.4456 2000.04 6673.66
1.275 -14.6983 2000.03 6350.61
1.28 -13.9307 2000.02 6018.83
1.285 -13.1418 2000.02 5677.86
1.29 -12.3312 2000.01 5327.53
1.295 -11.499 2000.01 4967.92
1.3 -10.6458 2000 4599.23
1.305 -9.77256 2000 4221.92
1.31 -8.88007 1999.99 3836.3
1.315 -7.96894 1999.99 3442.65
1.32 -7.04015 1999.98 3041.36
1.325 -6.09533 1999.97 2633.1
1.33 -5.13528 1999.95 2218.35
1.335 -4.16275 1999.93 1798.17
1.34 -3.17978 1999.9 1373.48
1.345 -2.18946 1999.83 945.577
1.35 -1.19351 1999.75 515.253
1.355 -0.195338 1999.63 83.9747
1.36 0.807692 1999.6 -349.21
1.365 1.81203 1999.53 -782.402
1.37 2.80731 1999.23 -1209.35
1.375 3.75557 1998.97 -1621.02
1.38 4.70161 1999.06 -2031.67
1.385 5.65717 1999.18 -2444.59
1.39 6.61639 1999.29 -2859.07
1.395 7.57946 1999.38 -3275.17
1.4 8.54652 1999.45 -3692.99
1.405 9.51773 1999.52 -4112.61
1.41 10.4932 1999.57 -4534.05
1.415 11.4729 1999.62 -4957.35
1.42 12.4572 1999.66 -5382.61
1.425 13.4464 1999.69 -5810.03
1.43 14.4414 1999.71 -6239.95
1.435 15.4431 1999.74 -6672.73
1.44 16.452 1999.75 -7108.64
1.445 17.4684 1999.77 -7547.76
1.45 18.4923 1999.78 -7990.17
1.455 19.5242 1999.78 -8436
1.46 20.5645 1999.79 -8885.48
1.465 21.6031 1999.84 -9335.6
1.47 22.6365 1999.91 -9784.57
1.475 23.6498 2000.08 -10227
1.48 24.6572 2000.18 -10665
1.485 25.6861 2000.1 -11107.4
1.49 26.677 2000.25 -11539.1
1.495 27.6286 2000.47 -11954
1.5 28.5718 2000.58 -12361.4
1.505 29.3969 2001.12 -12723.5
1.51 30.2299 2000.99 -13082.2
1.515 31.0757 2000.76 -13443.7
1.52 31.9235 2000.57 -13806.9
1.525 32.7015 2001.08 -14146.5
1.53 33.4512 2001.41 -14473.8
1.535 34.2137 2001.19 -14801.4
1.54 34.9844 2000.92 -15130.9
1.545 35.7548 2000.7 -15460.9
1.55 36.4927 2000.87 -15779.9
1.555 37.194 2001.08 -16083.6
1.56 37.9015 2000.86 -16387.3
1.565 38.5995 2000.71 -16688
1.57 39.2912 2000.61 -16986.6
1.575 39.9712 2000.61 -17281.7
1.58 40.6247 2000.69 -17566.5
1.585 41.2535 2001.1 -17838.2
1.59 41.8756 2001.23 -18107.4
1.595 42.4721 2001.19 -18366.9
1.6 43.0679 2001.02 -18623.3
1.605 43.6326 2001.12 -18870.6
1.61 44.1885 2001.14 -19112.4
1.615 44.7416 2001.03 -19350.5
1.62 45.2583 2001.09 -19575.6
1.625 45.7739 2001 -19796
1.63 46.2226 2001.33 -19992.3
1.635 46.672 2001.16 -20183.1
1.64 47.0702 2001.37 -20359.3
1.645 47.4615 2001.4 -20528.9
1.65 47.8331 2001.42 -20688.5
1.655 48.1834 2001.4 -20838.9
1.66 48.525 2001.13 -20984.7
1.665 48.8421 2001.18 -21119
1.67 49.1462 2000.91 -21249.2
1.675 49.4481 2000.74 -21377.1
1.68 49.7433 2000.64 -21501.4
1.685 50.0152 2000.5 -21620.4
1.69 50.2801 2000.36 -21736
1.695 50.5348 2000.24 -21847.4
1.7 50.7671 2000.51 -21949.6
1.705 50.9718 2000.67 -22040.4
1.71 51.1408 2000.42 -22118.6
1.715 51.2569 2000.16 -22177
1.72 51.3747 2000.08 -22228.1
1.725 51.3925 2000.1 -22251.1
1.73 51.3377 1999.85 -22245
1.735 51.2285 1999.16 -22205.4
1.74 51.108 1998.85 -22149.2
1.745 50.9925 1998.96 -22088.7
1.75 50.8532 1998.95 -22021.1
1.755 50.6909 1998.88 -21945.6
1.76 50.4809 1999.04 -21855.5
1.765 50.2314 1999.04 -21747.8
1.77 50.014 1999.51 -21640.8
1.775 49.7759 1999.8 -21530.2
1.78 49.5161 1999.75 -21414.9
1.785 49.2466 1999.62 -21295.7
1.79 48.9696 1999.56 -21173.2
1.795 48.6895 1999.55 -21047.5
1.8 48.3887 1999.45 -20917.3
1.805 48.0542 1999.24 -20774.5
1.81 47.7232 1999.26 -20629.7
1.815 47.3972 1999.45 -20484.6
1.82 47.2032 2000.34 -20376.4
1.825 47.0513 2000.8 -20295.5
1.83 46.8438 2000.58 -20212.1
1.835 46.6358 2000.39 -20127.6
1.84 46.4309 2000.28 -20042.6
1.845 46.224 2000.18 -19956.4
1.85 46.014 2000.05 -19868.8
1.855 45.8056 1999.84 -19780.7
1.86 45.6899 2000.13 -19723.5
1.865 45.5448 2000.03 -19664.1
1.87 45.4 1999.97 -19604
1.875 45.2527 1999.89 -19542.6
1.88 45.1037 1999.82 -19480.2
1.885 44.9527 1999.76 -19416.5
1.89 44.7994 1999.7 -19351.6
1.895 44.6426 1999.62 -19284.8
1.9 44.4768 1999.49 -19214.8
1.905 44.3136 1999.52 -19144.2
1.91 44.1473 1999.53 -19072.3
1.915 44.0069 1999.81 -19007.7
1.92 43.8878 2000.09 -18952.2
1.925 43.8602 2000.62 -18925.7
1.93 43.8197 2000.82 -18902.9
1.935 43.749 2000.59 -18878
1.94 43.7511 2000.86 -18872.8
1.945 43.7607 2000.97 -18874.9
1.95 43.7471 2000.74 -18875.1
1.955 43.7361 2000.55 -18875.2
1.96 43.7271 2000.4 -18875.2
1.965 43.7193 2000.27 -18875
1.97 43.711 2000.13 -18874.2
1.975 43.6994 1999.97 -18871.7
1.98 43.6907 1999.92 -18869.5
1.985 43.682 1999.88 -18866.9
1.99 43.6731 1999.84 -18864.1
1.995 43.6537 1999.53 -18857.9
2 43.6379 1999.41 -18852.2
2.005 43.6223 1999.4 -18846
2.01 43.6038 1999.38 -18838.5
2.015 43.5876 1999.46 -18831.3
2.02 43.5709 1999.53 -18823.9
2.025 43.5674 1999.82 -18820.3
2.03 43.5716 2000.08 -18820.2
2.035 43.5669 2000.04 -18818.8
2.04 43.5623 2000.01 -18817.3
2.045 43.5578 1999.98 -18815.7
2.05 43.5533 1999.96 -18814.1
2.055 43.5487 1999.94 -18812.4
2.06 43.544 1999.92 -18810.6
2.065 43.5391 1999.91 -18808.7
2.07 43.5341 1999.9 -18806.6
2.075 43.5288 1999.88 -18804.5
2.08 43.5234 1999.87 -18802.2
2.085 43.5177 1999.86 -18799.9
2.09 43.5117 1999.85 -18797.4
2.095 43.5054 1999.85 -18794.7
2.1 43.4988 1999.84 -18791.9
2.105 43.4918 1999.83 -18788.9
2.11 43.4844 1999.82 -18785.8
2.115 43.4766 1999.81 -18782.5
2.12 43.4684 1999.8 -18779
2.125 43.4597 1999.78 -18775.3
2.13 43.4504 1999.77 -18771.3
2.135 43.4407 1999.76 -18767.2
2.14 43.4304 1999.75 -18762.8
2.145 43.4195 1999.73 -18758.1
2.15 43.4077 1999.71 -18753.1
2.155 43.3883 1999.51 -18745.4
2.16 43.3724 1999.56 -18738.4
2.165 43.356 1999.6 -18731.1
2.17 43.3389 1999.63 -18723.6
2.175 43.3213 1999.65 -18715.9
2.18 43.3031 1999.66 -18708
2.185 43.2843 1999.67 -18699.8
2.19 43.2647 1999.68 -18691.3
2.195 43.2443 1999.68 -18682.5
2.2 43.2231 1999.67 -18673.4
2.205 43.201 1999.66 -18663.9
2.21 43.178 1999.65 -18653.9
2.215 43.1533 1999.61 -18643.4
2.22 43.1421 1999.98 -18636.4
2.225 43.1289 2000.23 -18629.6
2.23 43.1094 2000.14 -18621.7
2.235 43.0898 2000.06 -18613.7
2.24 43.07 2000 -18605.5
2.245 43.0498 1999.94 -18597.1
2.25 43.0294 1999.9 -18588.5
2.255 43.0084 1999.86 -18579.6
2.26 42.987 1999.82 -18570.6
2.265 42.965 1999.79 -18561.2
2.27 42.9404 1999.63 -18550.9
2.275 42.9043 1999.12 -18536.4
2.28 42.865 1998.93 -18520
2.285 42.8165 1998.73 -18499.9
2.29 42.7534 1998.29 -18474.1
2.295 42.6422 1996.45 -18430.7
2.3 0.161108 -52.0257 -56.2901
