0.1 1.46085e-31 200 8.26006e-14 -1.46085e-31 -200 -8.26006e-14
0.2 -5.84341e-32 400 1.13687e-13 5.84341e-32 -400 -1.13687e-13
0.3 -2.33737e-31 600 2.73559e-13 2.33737e-31 -600 -2.73559e-13
0.4 -1.16868e-31 800 2.62901e-13 1.16868e-31 -800 -2.62901e-13
0.5 -2.2205e-30 1000 -2.8777e-13 2.2205e-30 -1000 2.8777e-13
0.6 4.67473e-30 1200 6.60805e-13 -4.67473e-30 -1200 -6.60805e-13
0.7 -2.26432e-31 1400 -7.10543e-15 2.26432e-31 -1400 7.10543e-15
0.8 2.92171e-31 1600 6.39488e-14 -2.92171e-31 -1600 -6.39488e-14
0.9 2.33737e-31 1800 7.03437e-13 -2.33737e-31 -1800 -7.03437e-13
1 1.28555e-30 2000 1.13687e-13 -1.28555e-30 -2000 -1.13687e-13
0.005 -0.00102397 2000 0.443298 0.00102397 -2000 -0.000943648
0.01 -0.00511374 2000 2.21083 0.00511374 -2000 -0.00169532
0.015 -0.0132804 2000 5.73851 0.0132804 -2000 -0.00136917
0.02 -0.0255098 2000 11.0214 0.0255098 -2000 -0.00113718
0.025 -0.0417869 2000 18.0529 0.0417869 -2000 -0.000972781
0.03 -0.0620959 2000 26.8263 0.0620959 -2000 -0.000870875
0.035 -0.0864206 2000 37.3345 0.0864206 -2000 -0.000827099
0.04 -0.114744 2000 49.5701 0.114744 -2000 -0.000837832
0.045 -0.147048 2000 63.5256 0.147048 -2000 -0.000900068
0.05 -0.183314 2000 79.1927 0.183314 -2000 -0.0010113
0.055 -0.223523 2000 96.5633 0.223523 -2000 -0.00116942
0.06 -0.267656 2000 115.629 0.267656 -2000 -0.00137265
0.065 -0.315692 2000 136.381 0.315692 -2000 -0.0016195
0.07 -0.367613 2000 158.811 0.367613 -2000 -0.00190873
0.075 -0.423401 2000 182.912 0.423401 -2000 -0.00223933
0.08 -0.48304 2000 208.676 0.48304 -2000 -0.00261045
0.085 -0.546511 2000 236.096 0.546511 -2000 -0.00302094
0.09 -0.613794 2000 265.163 0.613794 -2000 -0.00341971
0.095 -0.684871 2000 295.868 0.684871 -2000 -0.00381028
0.1 -0.759719 2000 328.203 0.759719 -2000 -0.00424495
0.105 -0.838315 2000 362.157 0.838315 -2000 -0.00472193
0.11 -0.920633 2000 397.719 0.920633 -2000 -0.00523936
0.115 -1.00664 2000 434.874 1.00664 -2000 -0.0057956
0.12 -1.0963 2000 473.609 1.0963 -2000 -0.00638917
0.125 -1.18959 2000 513.912 1.18959 -2000 -0.00701908
0.13 -1.2865 2000 555.775 1.2865 -2000 -0.00768495
0.135 -1.38701 2000 599.195 1.38701 -2000 -0.00838696
0.14 -1.4911 2000 644.165 1.4911 -2000 -0.00912545
0.145 -1.59877 2000 690.677 1.59877 -2000 -0.00990073
0.15 -1.70998 2000 738.723 1.70998 -2000 -0.0107131
0.155 -1.82472 2000 788.289 1.82472 -2000 -0.0115628
0.16 -1.94293 2000 839.359 1.94293 -2000 -0.0124499
0.165 -2.0646 2000 891.921 2.0646 -2000 -0.0133746
0.17 -2.1897 2000 945.965 2.1897 -2000 -0.0143381
0.175 -2.31821 2000 1001.48 2.31821 -2000 -0.0153418
0.18 -2.45008 2000 1058.45 2.45008 -2000 -0.0163869
0.185 -2.58527 2000 1116.85 2.58527 -2000 -0.0174738
0.19 -2.72372 2000 1176.66 2.72372 -2000 -0.0186027
0.195 -2.86538 2000 1237.86 2.86538 -2000 -0.0197753
0.2 -3.01024 2000 1300.45 3.01024 -2000 -0.0209943
0.205 -3.15829 2000 1364.4 3.15829 -2000 -0.0222644
0.21 -3.30953 2000 1429.74 3.30953 -2000 -0.0235915
0.215 -3.46396 2000 1496.46 3.46396 -2000 -0.0249818
0.22 -3.62157 2000 1564.55 3.62157 -2000 -0.026441
0.225 -3.78234 2000 1634 3.78234 -2000 -0.0279746
0.23 -3.94623 2000 1704.8 3.94623 -2000 -0.0295879
0.235 -4.11321 2000 1776.94 4.11321 -2000 -0.0312869
0.24 -4.28326 2000 1850.4 4.28326 -2000 -0.0330787
0.245 -4.45634 2000 1925.18 4.45634 -2000 -0.0349709
0.25 -4.63243 2000 2001.24 4.63243 -2000 -0.0369716
0.255 -4.81143 2000 2078.58 4.81143 -2000 -0.0390873
0.26 -4.99328 2000 2157.14 4.99328 -2000 -0.0413229
0.265 -5.17791 1999.99 2236.9 5.17791 -1999.99 -0.0436852
0.27 -5.36531 1999.99 2317.86 5.36531 -1999.99 -0.0461868
0.275 -5.5555 1999.99 2400.03 5.5555 -1999.99 -0.0488455
0.28 -5.74851 1999.99 2483.41 5.74851 -1999.99 -0.0516804
0.285 -5.94431 1999.99 2568 5.94431 -1999.99 -0.0547053
0.29 -6.14285 1999.99 2653.77 6.14285 -1999.99 -0.0579303
0.295 -6.34406 1999.99 2740.69 6.34406 -1999.99 -0.0613619
0.3 -6.54785 1999.99 2828.74 6.54785 -1999.99 -0.0650018
0.305 -6.75412 1999.99 2917.85 6.75412 -1999.99 -0.0688467
0.31 -6.96277 1999.99 3007.99 6.96277 -1999.99 -0.0728918
0.315 -7.17373 1999.99 3099.13 7.17373 -1999.99 -0.0771339
0.32 -7.38698 1999.99 3191.26 7.38698 -1999.99 -0.0815704
0.325 -7.60244 1999.99 3284.34 7.60244 -1999.99 -0.0861926
0.33 -7.82002 1999.99 3378.34 7.82002 -1999.99 -0.0909805
0.335 -8.03965 1999.99 3473.23 8.03965 -1999.99 -0.0959084
0.34 -8.26131 1999.99 3568.99 8.26131 -1999.99 -0.100954
0.345 -8.48501 1999.99 3665.63 8.48501 -1999.99 -0.106096
0.35 -8.71073 1999.99 3763.15 8.71073 -1999.99 -0.111309
0.355 -8.93848 1999.99 3861.54 8.93848 -1999.99 -0.116559
0.36 -9.1683 1999.99 3960.83 9.1683 -1999.99 -0.121816
0.365 -9.40024 1999.99 4061.03 9.40024 -1999.99 -0.12705
0.37 -9.63432 1999.99 4162.16 9.63432 -1999.99 -0.132223
0.375 -9.87054 1999.99 4264.21 9.87054 -1999.99 -0.137285
0.38 -10.1089 1999.99 4367.17 10.1089 -1999.99 -0.142177
0.385 -10.3492 1999.99 4471 10.3492 -1999.99 -0.146838
0.39 -10.5915 1999.99 4575.66 10.5915 -1999.99 -0.151199
0.395 -10.8355 1999.99 4681.1 10.8355 -1999.99 -0.155188
0.4 -11.0812 1999.99 4787.23 11.0812 -1999.99 -0.158738
0.405 -11.3284 1999.98 4894.02 11.3284 -1999.98 -0.161799
0.41 -11.5771 1999.98 5001.45 11.5771 -1999.98 -0.164349
0.415 -11.8271 1999.98 5109.49 11.8271 -1999.98 -0.166388
0.42 -12.0786 1999.98 5218.13 12.0786 -1999.98 -0.167925
0.425 -12.3314 1999.98 5327.34 12.3314 -1999.98 -0.168987
0.43 -12.5856 1999.98 5437.15 12.5856 -1999.98 -0.169565
0.435 -12.8412 1999.98 5547.58 12.8412 -1999.98 -0.16966
0.44 -13.0984 1999.98 5658.67 13.0984 -1999.98 -0.169325
0.445 -13.3571 1999.98 5770.44 13.3571 -1999.98 -0.168603
0.45 -13.6173 1999.98 5882.84 13.6173 -1999.98 -0.167511
0.455 -13.8788 1999.98 5995.81 13.8788 -1999.98 -0.16605
0.46 -14.1414 1999.98 6109.25 14.1414 -1999.98 -0.164219
0.465 -14.4048 1999.98 6223.04 14.4048 -1999.98 -0.162018
0.47 -14.6688 1999.98 6337.07 14.6688 -1999.98 -0.159461
0.475 -14.9332 1999.98 6451.29 14.9332 -1999.98 -0.156584
0.48 -15.1979 1999.98 6565.65 15.1979 -1999.98 -0.153447
0.485 -15.463 1999.98 6680.15 15.463 -1999.98 -0.150117
0.49 -15.7283 1999.98 6794.76 15.7283 -1999.98 -0.146654
0.495 -15.9938 1999.98 6909.46 15.9938 -1999.98 -0.143108
0.5 -16.2595 1999.98 7024.24 16.2595 -1999.98 -0.139525
0.505 -16.5254 1999.98 7139.12 16.5254 -1999.98 -0.13596
0.51 -16.7918 1999.98 7254.18 16.7918 -1999.98 -0.132475
0.515 -17.0587 1999.98 7369.48 17.0587 -1999.98 -0.129126
0.52 -17.3262 1999.98 7485.06 17.3262 -1999.98 -0.125945
0.525 -17.5945 1999.98 7600.94 17.5945 -1999.98 -0.122953
0.53 -17.8635 1999.98 7717.13 17.8635 -1999.98 -0.120164
0.535 -18.133 1999.98 7833.59 18.133 -1999.98 -0.117574
0.54 -18.4031 1999.98 7950.25 18.4031 -1999.98 -0.11517
0.545 -18.6735 1999.98 8067.07 18.6735 -1999.98 -0.112942
0.55 -18.9441 1999.98 8183.97 18.9441 -1999.98 -0.110882
0.555 -19.2147 1999.98 8300.87 19.2147 -1999.98 -0.108973
0.56 -19.4851 1999.98 8417.66 19.4851 -1999.98 -0.107198
0.565 -19.755 1999.98 8534.27 19.755 -1999.98 -0.105543
0.57 -20.0244 1999.98 8650.66 20.0244 -1999.98 -0.104009
0.575 -20.2933 1999.98 8766.81 20.2933 -1999.98 -0.102601
0.58 -20.5616 1999.98 8882.69 20.5616 -1999.98 -0.101324
0.585 -20.8292 1999.98 8998.3 20.8292 -1999.98 -0.100176
0.59 -21.0961 1999.98 9113.6 21.0961 -1999.98 -0.0991541
0.595 -21.3623 1999.98 9228.6 21.3623 -1999.98 -0.0982554
0.6 -21.6278 1999.98 9343.32 21.6278 -1999.98 -0.0974835
0.605 -21.8928 1999.98 9457.8 21.8928 -1999.98 -0.096846
0.61 -22.1573 1999.98 9572.06 22.1573 -1999.98 -0.0963444
0.615 -22.4213 1999.98 9686.1 22.4213 -1999.98 -0.0959687
0.62 -22.6847 1999.98 9799.88 22.6847 -1999.98 -0.0957007
0.625 -22.9473 1999.98 9913.34 22.9473 -1999.98 -0.0955137
0.63 -23.2078 1999.99 10026 23.2078 -1999.99 -0.264267
0.635 -23.4621 2000.01 10136.4 23.4621 -2000.01 -0.830274
0.64 -23.7182 2000 10246.9 23.7182 -2000 -0.689876
0.645 -23.9739 2000 10357.3 23.9739 -2000 -0.577496
0.65 -24.2296 2000 10467.7 24.2296 -2000 -0.487553
0.655 -24.4856 1999.99 10578.2 24.4856 -1999.99 -0.414816
0.66 -24.742 1999.99 10688.9 24.742 -1999.99 -0.356059
0.665 -24.9947 2000.01 10798.6 24.9947 -2000.01 -0.833045
0.67 -25.2448 2000.02 10907 25.2448 -2000.02 -1.29142
0.675 -25.4964 2000.02 11015.5 25.4964 -2000.02 -1.06453
0.68 -25.746 2000.01 11123.1 25.746 -2000.01 -0.882755
0.685 -25.9926 2000.01 11229.5 25.9926 -2000.01 -0.736854
0.69 -26.2356 2000 11334.4 26.2356 -2000 -0.618152
0.695 -26.4747 2000 11437.6 26.4747 -2000 -0.521426
0.7 -26.7099 2000 11539.1 26.7099 -2000 -0.442497
0.705 -26.9381 2000.01 11638.1 26.9381 -2000.01 -0.823996
0.71 -27.1563 2000.04 11733.1 27.1563 -2000.04 -1.60249
0.715 -27.3754 2000.03 11827.5 27.3754 -2000.03 -1.3173
0.72 -27.5919 2000.02 11920.8 27.5919 -2000.02 -1.08584
0.725 -27.8057 2000.02 12013 27.8057 -2000.02 -0.900096
0.73 -28.0158 2000.02 12103.7 28.0158 -2000.02 -0.820568
0.735 -28.2088 2000.07 12187.7 28.2088 -2000.07 -1.49039
0.74 -28.4018 2000.05 12270.8 28.4018 -2000.05 -1.22355
0.745 -28.5914 2000.04 12352.5 28.5914 -2000.04 -1.00679
0.75 -28.7771 2000.03 12432.6 28.7771 -2000.03 -0.832878
0.755 -28.9592 2000.02 12511.1 28.9592 -2000.02 -0.691303
0.76 -29.1378 2000.02 12588.1 29.1378 -2000.02 -0.57598
0.765 -29.3135 2000.01 12663.9 29.3135 -2000.01 -0.482031
0.77 -29.4871 2000.01 12738.8 29.4871 -2000.01 -0.405528
0.775 -29.6525 2000.04 12811.1 29.6525 -2000.04 -1.28128
0.78 -29.8175 2000.06 12882.9 29.8175 -2000.06 -1.67956
0.785 -29.9849 2000.05 12954.8 29.9849 -2000.05 -1.37496
0.79 -30.1466 2000.08 13025 30.1466 -2000.08 -1.62358
0.795 -30.3033 2000.11 13092.9 30.3033 -2000.11 -1.8952
0.8 -30.4619 2000.09 13161.1 30.4619 -2000.09 -1.54457
0.805 -30.6198 2000.07 13229 30.6198 -2000.07 -1.26419
0.81 -30.7762 2000.05 13296.4 30.7762 -2000.05 -1.03988
0.815 -30.9306 2000.04 13362.9 30.9306 -2000.04 -0.857727
0.82 -31.0822 2000.03 13428.2 31.0822 -2000.03 -0.709644
0.825 -31.2308 2000.03 13492.3 31.2308 -2000.03 -0.589101
0.83 -31.376 2000.02 13554.9 31.376 -2000.02 -0.490833
0.835 -31.5175 2000.01 13616 31.5175 -2000.01 -0.410581
0.84 -31.6551 2000.01 13675.3 31.6551 -2000.01 -0.344893
0.845 -31.7885 2000.01 13732.9 31.7885 -2000.01 -0.290979
0.85 -31.9177 2000.01 13788.7 31.9177 -2000.01 -0.246606
0.855 -32.0426 2000 13842.6 32.0426 -2000 -0.209986
0.86 -32.1632 2000 13894.7 32.1632 -2000 -0.17965
0.865 -32.2788 2000 13944.6 32.2788 -2000 -0.154377
0.87 -32.3891 2000 13992.2 32.3891 -2000 -0.133157
0.875 -32.4913 2000.01 14036.7 32.4913 -2000.01 -0.431449
0.88 -32.5762 2000.11 14074.5 32.5762 -2000.11 -1.56664
0.885 -32.6582 2000.14 14110.1 32.6582 -2000.14 -1.74652
0.89 -32.7365 2000.11 14143.6 32.7365 -2000.11 -1.41803
0.895 -32.8093 2000.09 14174.8 32.8093 -2000.09 -1.15091
0.9 -32.8767 2000.07 14203.7 32.8767 -2000.07 -0.936853
0.905 -32.939 2000.06 14230.4 32.939 -2000.06 -0.762772
0.91 -32.9962 2000.05 14255 32.9962 -2000.05 -0.621147
0.915 -33.0482 2000.04 14277.3 33.0482 -2000.04 -0.505874
0.92 -33.0952 2000.03 14297.5 33.0952 -2000.03 -0.412014
0.925 -33.1377 2000.02 14315.8 33.1377 -2000.02 -0.33565
0.93 -33.176 2000.02 14332.3 33.176 -2000.02 -0.273513
0.935 -33.2104 2000.02 14347.1 33.2104 -2000.02 -0.222873
0.94 -33.2413 2000.01 14360.4 33.2413 -2000.01 -0.181601
0.945 -33.2688 2000.01 14372.3 33.2688 -2000.01 -0.147958
0.95 -33.293 2000.01 14382.7 33.293 -2000.01 -0.120524
0.955 -33.3138 2000.01 14391.7 33.3138 -2000.01 -0.0981457
0.96 -33.3313 2000.01 14399.2 33.3313 -2000.01 -0.0798824
0.965 -33.3451 2000 14405.2 33.3451 -2000 -0.0649716
0.97 -33.355 2000 14409.4 33.355 -2000 -0.0527945
0.975 -33.3604 2000 14411.7 33.3604 -2000 -0.0428531
0.98 -33.3607 2000 14411.9 33.3607 -2000 -0.0347563
0.985 -33.3541 1999.98 14409.1 33.3541 -1999.98 -0.127452
0.99 -33.3407 1999.97 14403.4 33.3407 -1999.97 -0.180525
0.995 -33.3209 1999.97 14394.8 33.3209 -1999.97 -0.146385
1 -33.2943 1999.98 14383.3 33.2943 -1999.98 -0.118701
1.005 -33.2615 1999.98 14369.1 33.2615 -1999.98 -0.0962033
1.01 -33.2226 1999.99 14352.3 33.2226 -1999.99 -0.0779092
1.015 -33.178 1999.99 14332.9 33.178 -1999.99 -0.0631704
1.02 -33.1275 1999.99 14311.1 33.1275 -1999.99 -0.0512198
1.025 -33.0712 1999.99 14286.8 33.0712 -1999.99 -0.0415301
1.03 -33.0089 1999.99 14259.9 33.0089 -1999.99 -0.0336734
1.035 -32.9403 2000 14230.2 32.9403 -2000 -0.0273029
1.04 -32.8646 2000 14197.5 32.8646 -2000 -0.0221376
1.045 -32.7814 2000 14161.6 32.7814 -2000 -0.0179495
1.05 -32.6898 2000 14122 32.6898 -2000 -0.0143884
1.055 -32.5896 2000 14078.7 32.5896 -2000 -0.0115665
1.06 -32.4802 2000 14031.5 32.4802 -2000 -0.00937782
1.065 -32.3592 2000.01 13979.4 32.3592 -2000.01 -0.194099
1.07 -32.2133 2000.09 13917.5 32.2133 -2000.09 -1.33059
1.075 -32.0584 2000.09 13850.7 32.0584 -2000.09 -1.48892
1.08 -31.8948 2000.07 13779.8 31.8948 -2000.07 -1.20725
1.085 -31.7212 2000.06 13704.5 31.7212 -2000.06 -0.97886
1.09 -31.5378 2000.05 13625.1 31.5378 -2000.05 -0.79368
1.095 -31.3449 2000.04 13541.6 31.3449 -2000.04 -0.643532
1.1 -31.1427 2000.03 13454.1 31.1427 -2000.03 -0.521789
1.105 -30.9311 2000.02 13362.7 30.9311 -2000.02 -0.423076
1.11 -30.7099 2000.02 13267 30.7099 -2000.02 -0.343037
1.115 -30.4787 2000.02 13167.1 30.4787 -2000.02 -0.27814
1.12 -30.2375 2000.01 13062.8 30.2375 -2000.01 -0.225519
1.125 -29.9862 2000.01 12954.2 29.9862 -2000.01 -0.182711
1.13 -29.7247 2000.01 12841.2 29.7247 -2000.01 -0.147669
1.135 -29.4378 2000.1 12718.6 29.4378 -2000.1 -1.46638
1.14 -29.136 2000.16 12589 29.136 -2000.16 -2.20714
1.145 -28.8218 2000.15 12453.5 28.8218 -2000.15 -2.45326
1.15 -28.4903 2000.16 12310.8 28.4903 -2000.16 -3.05526
1.155 -28.1531 2000.13 12164.6 28.1531 -2000.13 -2.46415
1.16 -27.8067 2000.11 12014.5 27.8067 -2000.11 -1.99206
1.165 -27.4516 2000.09 11860.7 27.4516 -2000.09 -1.61518
1.17 -27.0719 2000.17 11697.9 27.0719 -2000.17 -2.83506
1.175 -26.6736 2000.23 11526.8 26.6736 -2000.23 -3.79073
1.18 -26.2712 2000.19 11352.2 26.2712 -2000.19 -3.06367
1.185 -25.8575 2000.15 11172.9 25.8575 -2000.15 -2.47483
1.19 -25.4081 2000.23 10981.4 25.4081 -2000.23 -5.10834
1.195 -24.95 2000.24 10784.2 24.95 -2000.24 -5.77923
1.2 -24.4817 2000.19 10580.8 24.4817 -2000.19 -4.66031
1.205 -23.9961 2000.16 10370.1 23.9961 -2000.16 -3.76653
1.21 -23.4939 2000.13 10152.4 23.4939 -2000.13 -3.05432
1.215 -22.9598 2000.17 9923.41 22.9598 -2000.17 -4.78043
1.22 -22.4177 2000.18 9689.51 22.4177 -2000.18 -5.04295
1.225 -21.8691 2000.14 9451.52 21.8691 -2000.14 -4.08877
1.23 -21.3052 2000.14 9207.93 21.3052 -2000.14 -4.08275
1.235 -20.7256 2000.15 8958.02 20.7256 -2000.15 -4.55417
1.24 -20.144 2000.12 8705.91 20.144 -2000.12 -3.69242
1.245 -19.5553 2000.1 8450.9 19.5553 -2000.1 -2.99366
1.25 -18.9589 2000.08 8192.66 18.9589 -2000.08 -2.42679
1.255 -18.3531 2000.06 7930.51 18.3531 -2000.06 -1.96669
1.26 -17.7361 2000.05 7663.6 17.7361 -2000.05 -1.59446
1.265 -17.1058 2000.04 7391 17.1058 -2000.04 -1.29247
1.27 -16.4602 2000.03 7111.85 16.4602 -2000.03 -1.04666
1.275 -15.7975 2000.03 6825.37 15.7975 -2000.03 -0.845287
1.28 -15.1161 2000.02 6530.86 15.1161 -2000.02 -0.684815
1.285 -14.4152 2000.02 6227.9 14.4152 -2000.02 -0.554612
1.29 -13.6942 2000.01 5916.34 13.6942 -2000.01 -0.448938
1.295 -12.9534 2000.01 5596.23 12.9534 -2000.01 -0.365786
1.3 -12.1931 2000.01 5267.74 12.1931 -2000.01 -0.298299
1.305 -11.4143 2000 4931.22 11.4143 -2000 -0.234825
1.31 -10.6176 2000 4586.99 10.6176 -2000 -0.183635
1.315 -9.80372 2000 4235.34 9.80372 -2000 -0.135499
1.32 -8.97325 1999.99 3876.54 8.97325 -1999.99 -0.0951858
1.325 -8.12721 1999.99 3511.03 8.12721 -1999.99 -0.0753096
1.33 -7.26706 1999.98 3139.42 7.26706 -1999.98 -0.0548986
1.335 -6.3945 1999.98 2762.44 6.3945 -1999.98 -0.0132142
1.34 -5.51082 1999.97 2380.67 5.51082 -1999.97 -0.000767707
1.345 -4.61761 1999.97 1994.79 4.61761 -1999.97 0.0226863
1.35 -3.71613 1999.95 1605.31 3.71613 -1999.95 0.060755
1.355 -2.80765 1999.93 1212.78 2.80765 -1999.93 0.126087
1.36 -1.89242 1999.88 817.409 1.89242 -1999.88 0.114108
1.365 -0.972031 1999.81 419.866 0.972031 -1999.81 0.0518858
1.37 -0.0477655 1999.72 20.7156 0.0477655 -1999.72 -0.080935
1.375 0.881861 1999.67 -380.638 -0.881861 -1999.67 -0.325599
1.38 1.81593 1999.53 -782.322 -1.81593 -1999.53 -2.15879
1.385 2.72701 1999.26 -1175.06 -2.72701 -1999.26 -3.00391
1.39 3.60861 1999.17 -1558.8 -3.60861 -1999.17 -0.112797
1.395 4.50149 1999.29 -1945.27 -4.50149 -1999.29 0.626807
1.4 5.40227 1999.4 -2334.49 -5.40227 -1999.4 0.711237
1.405 6.30852 1999.49 -2726.08 -6.30852 -1999.49 0.796384
1.41 7.22 1999.56 -3119.93 -7.22 -1999.56 0.886836
1.415 8.13648 1999.61 -3515.95 -8.13648 -1999.61 0.987717
1.42 9.05784 1999.66 -3914.09 -9.05784 -1999.66 1.10404
1.425 9.98424 1999.69 -4314.43 -9.98424 -1999.69 1.23978
1.43 10.9161 1999.71 -4717.16 -10.9161 -1999.71 1.39642
1.435 11.854 1999.73 -5122.48 -11.854 -1999.73 1.57088
1.44 12.7981 1999.74 -5530.54 -12.7981 -1999.74 1.75384
1.445 13.7486 1999.74 -5941.34 -13.7486 -1999.74 1.92926
1.45 14.7056 1999.74 -6354.89 -14.7056 -1999.74 2.07948
1.455 15.6693 1999.74 -6771.32 -15.6693 -1999.74 2.18859
1.46 16.6404 1999.74 -7190.88 -16.6404 -1999.74 2.24661
1.465 17.6191 1999.74 -7613.71 -17.6191 -1999.74 2.25108
1.47 18.6052 1999.74 -8039.67 -18.6052 -1999.74 2.20761
1.475 19.5978 1999.74 -8468.4 -19.5978 -1999.74 2.12813
1.48 20.5958 1999.74 -8899.41 -20.5958 -1999.74 2.02798
1.485 21.5787 1999.82 -9326.55 -21.5787 -1999.82 4.54104
1.49 22.5604 1999.87 -9752.36 -22.5604 -1999.87 6.24812
1.495 23.5301 1999.96 -10173.7 -23.5301 -1999.96 8.64168
1.5 24.5028 2000 -10594.8 -24.5028 -2000 9.62961
1.505 25.449 2000.15 -11007.3 -25.449 -2000.15 13.3721
1.51 26.3735 2000.37 -11410.5 -26.3735 -2000.37 17.1572
1.515 27.2741 2000.53 -11800.3 -27.2741 -2000.53 17.9246
1.52 28.1617 2000.57 -12185.2 -28.1617 -2000.57 19.366
1.525 29.0114 2000.85 -12555.9 -29.0114 -2000.85 22.9451
1.53 29.8607 2000.91 -12921.9 -29.8607 -2000.91 22.0898
1.535 30.7068 2000.85 -13285.2 -30.7068 -2000.85 19.9272
1.54 31.4611 2001.21 -13615.5 -31.4611 -2001.21 24.2982
1.545 32.2321 2001.04 -13946.8 -32.2321 -2001.04 22.5266
1.55 33.0112 2000.81 -14279.6 -33.0112 -2000.81 18.7742
1.555 33.7894 2000.63 -14612.8 -33.7894 -2000.63 15.7889
1.56 34.5303 2000.83 -14933.5 -34.5303 -2000.83 16.4082
1.565 35.2262 2001.12 -15236.8 -35.2262 -2001.12 19.0687
1.57 35.9319 2000.95 -15540.2 -35.9319 -2000.95 17.5914
1.575 36.6437 2000.73 -15844.9 -36.6437 -2000.73 14.8599
1.58 37.3567 2000.56 -16150.7 -37.3567 -2000.56 12.6603
1.585 38.0715 2000.42 -16457.8 -38.0715 -2000.42 10.8929
1.59 38.7331 2000.96 -16746.5 -38.7331 -2000.96 13.7785
1.595 39.3857 2001.22 -17031.4 -39.3857 -2001.22 16.8081
1.6 40.038 2001.14 -17314.4 -40.038 -2001.14 18.0194
1.605 40.6796 2001.12 -17593.4 -40.6796 -2001.12 19.8308
1.61 41.3255 2001.02 -17872.1 -41.3255 -2001.02 19.5205
1.615 41.9483 2000.98 -18141.7 -41.9483 -2000.98 20.0707
1.62 42.5784 2000.8 -18411.2 -42.5784 -2000.8 17.2719
1.625 43.1569 2001.05 -18663.1 -43.1569 -2001.05 19.3362
1.63 43.7136 2001.11 -18906 -43.7136 -2001.11 21.7736
1.635 44.2703 2000.99 -19145.5 -44.2703 -2000.99 20.6861
1.64 44.789 2001.02 -19370.8 -44.789 -2001.02 21.9622
1.645 45.3244 2000.92 -19594.6 -45.3244 -2000.92 14.4553
1.65 45.8082 2001.15 -19805.1 -45.8082 -2001.15 15.9848
1.655 46.276 2001.15 -20009.6 -46.276 -2001.15 18.3696
1.66 46.7112 2001.31 -20202.1 -46.7112 -2001.31 22.8186
1.665 47.1282 2001.42 -20385 -47.1282 -2001.42 25.5777
1.67 47.5358 2001.37 -20559 -47.5358 -2001.37 23.5432
1.675 47.9138 2001.3 -20722.8 -47.9138 -2001.3 24.042
1.68 48.288 2001.15 -20881.7 -48.288 -2001.15 21.3212
1.685 48.6305 2001.19 -21031.3 -48.6305 -2001.19 22.9136
1.69 48.9693 2001.39 -21174.3 -48.9693 -2001.39 19.5249
1.695 49.2921 2001.29 -21312.5 -49.2921 -2001.29 18.3265
1.7 49.6047 2001.07 -21447.2 -49.6047 -2001.07 17.9841
1.705 49.913 2000.84 -21579.6 -49.913 -2000.84 17.2299
1.71 50.2123 2000.92 -21706.9 -50.2123 -2000.92 15.1779
1.715 50.4922 2000.97 -21826.9 -50.4922 -2000.97 14.2997
1.72 50.7563 2000.78 -21941.8 -50.7563 -2000.78 15.0476
1.725 51.0131 2000.58 -22053.1 -51.0131 -2000.58 15.4588
1.73 51.2578 2000.45 -22159.9 -51.2578 -2000.45 16.5741
1.735 51.4785 2000.44 -22258.2 -51.4785 -2000.44 19.5054
1.74 51.6896 2000.32 -22350.8 -51.6896 -2000.32 20.8642
1.745 51.8861 2000.2 -22437 -51.8861 -2000.2 22.2042
1.75 52.0283 2000.3 -22505.1 -52.0283 -2000.3 28.8286
1.755 52.1131 2000.35 -22551.7 -52.1131 -2000.35 38.8245
1.76 52.1935 2000.31 -22587.2 -52.1935 -2000.31 39.5597
1.765 52.1345 1999.76 -22583.6 -52.1345 -1999.76 61.4402
1.77 52.0441 1999.15 -22552.4 -52.0441 -1999.15 69.3839
1.775 51.9855 1999 -22514.8 -51.9855 -1999 57.0461
1.78 51.8936 1999.02 -22469.1 -51.8936 -1999.02 51.0918
1.785 51.7634 1999.17 -22411.4 -51.7634 -1999.17 49.6034
1.79 51.5617 1999.14 -22328.8 -51.5617 -1999.14 54.1196
1.795 51.3658 1999.22 -22240.2 -51.3658 -1999.22 50.1981
1.8 51.1623 1999.32 -22145.9 -51.1623 -1999.32 43.7754
1.805 50.945 1999.3 -22046.4 -50.945 -1999.3 38.1359
1.81 50.7136 1999.27 -21942 -50.7136 -1999.27 33.709
1.815 50.468 1999.25 -21832.4 -50.468 -1999.25 30.284
1.82 50.183 1999.03 -21710.7 -50.183 -1999.03 31.5952
1.825 49.8915 1998.95 -21583.4 -49.8915 -1998.95 30.2948
1.83 49.5979 1998.91 -21452.7 -49.5979 -1998.91 26.4119
1.835 49.2963 1998.91 -21319.2 -49.2963 -1998.91 23.2125
1.84 49.0168 1999.45 -21188.7 -49.0168 -1999.45 13.402
1.845 48.718 1999.67 -21054.9 -48.718 -1999.67 8.72113
1.85 48.4004 1999.59 -20917.6 -48.4004 -1999.59 8.61828
1.855 48.0765 1999.54 -20777.1 -48.0765 -1999.54 8.02829
1.86 47.7484 1999.51 -20633.6 -47.7484 -1999.51 6.31745
1.865 47.4116 1999.48 -20487.2 -47.4116 -1999.48 5.40752
1.87 47.0512 1999.3 -20333.2 -47.0512 -1999.3 7.07629
1.875 46.6839 1999.17 -20176.1 -46.6839 -1999.17 8.64866
1.88 46.3247 1999.34 -20018.1 -46.3247 -1999.34 5.83525
1.885 45.9554 1999.39 -19857.3 -45.9554 -1999.39 4.63024
1.89 45.5873 1999.44 -19696.7 -45.5873 -1999.44 2.98448
1.895 45.3414 1999.97 -19577.2 -45.3414 -1999.97 -10.3029
1.9 45.0512 1999.85 -19454.7 -45.0512 -1999.85 -7.35941
1.905 44.7569 1999.75 -19330.1 -44.7569 -1999.75 -4.92164
1.91 44.4579 1999.66 -19202.9 -44.4579 -1999.66 -2.87227
1.915 44.1533 1999.57 -19073.1 -44.1533 -1999.57 -1.12057
1.92 43.8487 1999.53 -18940.7 -43.8487 -1999.53 -1.92967
1.925 43.5356 1999.47 -18805.4 -43.5356 -1999.47 -1.96485
1.93 43.2059 1999.21 -18665.5 -43.2059 -1999.21 0.588419
1.935 42.9524 1999.67 -18545.6 -42.9524 -1999.67 -9.86084
1.94 42.8762 2000.99 -18480.7 -42.8762 -2000.99 -41.881
1.945 42.8084 2001.48 -18438.9 -42.8084 -2001.48 -54.3541
1.95 42.678 2001.1 -18393.6 -42.678 -2001.1 -43.3213
1.955 42.5508 2000.79 -18347.5 -42.5508 -2000.79 -34.4374
1.96 42.4255 2000.53 -18300.6 -42.4255 -2000.53 -27.2511
1.965 42.2943 2000.19 -18250.7 -42.2943 -2000.19 -20.4323
1.97 42.2997 2000.79 -18237.4 -42.2997 -2000.79 -36.0904
1.975 42.3041 2001.19 -18232.6 -42.3041 -2001.19 -42.7277
1.98 42.2673 2000.93 -18225 -42.2673 -2000.93 -34.4454
1.985 42.2339 2000.71 -18217.3 -42.2339 -2000.71 -27.7283
1.99 42.2032 2000.53 -18209.5 -42.2032 -2000.53 -22.2716
1.995 42.1744 2000.38 -18201.5 -42.1744 -2000.38 -17.8362
2 42.147 2000.26 -18193.3 -42.147 -2000.26 -14.2287
2.005 42.1206 2000.16 -18184.8 -42.1206 -2000.16 -11.2923
2.01 42.1206 2000.41 -18183.4 -42.1206 -2000.41 -12.6767
2.015 42.1199 2000.51 -18183.2 -42.1199 -2000.51 -12.5968
2.02 42.1106 2000.37 -18181.8 -42.1106 -2000.37 -10.0231
2.025 42.1022 2000.26 -18180.2 -42.1022 -2000.26 -7.93144
2.03 42.0872 1999.98 -18176.4 -42.0872 -1999.98 -5.2225
2.035 42.0721 1999.79 -18171.9 -42.0721 -1999.79 -3.23738
2.04 42.061 1999.79 -18167.9 -42.061 -1999.79 -2.46905
2.045 42.0498 1999.79 -18163.7 -42.0498 -1999.79 -1.83669
2.05 42.0382 1999.78 -18159.2 -42.0382 -1999.78 -1.31602
2.055 42.0263 1999.78 -18154.5 -42.0263 -1999.78 -0.885104
2.06 42.0139 1999.77 -18149.5 -42.0139 -1999.77 -0.52635
2.065 42.0011 1999.76 -18144.2 -42.0011 -1999.76 -0.225515
2.07 41.9877 1999.75 -18138.7 -41.9877 -1999.75 0.0287531
2.075 41.9737 1999.74 -18132.9 -41.9737 -1999.74 0.246132
2.08 41.9565 1999.65 -18126 -41.9565 -1999.65 0.787562
2.085 41.9353 1999.52 -18117.5 -41.9353 -1999.52 1.44857
2.09 41.9169 1999.58 -18109.4 -41.9169 -1999.58 1.28657
2.095 41.898 1999.62 -18101.1 -41.898 -1999.62 1.16141
2.1 41.8786 1999.65 -18092.6 -41.8786 -1999.65 1.06445
2.105 41.8586 1999.68 -18083.9 -41.8586 -1999.68 0.991149
2.11 41.8381 1999.7 -18075 -41.8381 -1999.7 0.937614
2.115 41.817 1999.71 -18065.8 -41.817 -1999.71 0.90068
2.12 41.7953 1999.72 -18056.5 -41.7953 -1999.72 0.877789
2.125 41.7731 1999.72 -18046.8 -41.7731 -1999.72 0.866883
2.13 41.7502 1999.72 -18036.9 -41.7502 -1999.72 0.866281
2.135 41.7391 1999.97 -18030.4 -41.7391 -1999.97 -0.899467
2.14 41.7314 2000.15 -18025.8 -41.7314 -2000.15 -2.19942
2.145 41.7172 2000.08 -18020.2 -41.7172 -2000.08 -1.66159
2.15 41.7031 2000.03 -18014.5 -41.7031 -2000.03 -1.22325
2.155 41.6888 1999.98 -18008.7 -41.6888 -1999.98 -0.86209
2.16 41.6743 1999.94 -18002.7 -41.6743 -1999.94 -0.563214
2.165 41.6596 1999.9 -17996.6 -41.6596 -1999.9 -0.314363
2.17 41.6446 1999.87 -17990.4 -41.6446 -1999.87 -0.105372
2.175 41.6292 1999.84 -17983.9 -41.6292 -1999.84 0.0722837
2.18 41.6134 1999.82 -17977.2 -41.6134 -1999.82 0.225806
2.185 41.597 1999.79 -17970.2 -41.597 -1999.79 0.361296
2.19 41.5799 1999.77 -17963 -41.5799 -1999.77 0.483932
2.195 41.5621 1999.74 -17955.4 -41.5621 -1999.74 0.598128
2.2 41.5435 1999.72 -17947.5 -41.5435 -1999.72 0.707691
2.205 41.524 1999.69 -17939.2 -41.524 -1999.69 0.815992
2.21 41.5034 1999.66 -17930.4 -41.5034 -1999.66 0.926167
2.215 41.4817 1999.63 -17921.1 -41.4817 -1999.63 1.04133
2.22 41.4569 1999.51 -17910.8 -41.4569 -1999.51 1.4157
2.225 41.4255 1999.3 -17897.9 -41.4255 -1999.3 2.08702
2.23 41.3961 1999.35 -17885 -41.3961 -1999.35 1.91504
2.235 41.3654 1999.38 -17871.7 -41.3654 -1999.38 1.79948
2.24 41.3335 1999.4 -17857.8 -41.3335 -1999.4 1.72511
2.245 41.3001 1999.41 -17843.3 -41.3001 -1999.41 1.68728
2.25 41.2653 1999.4 -17828.3 -41.2653 -1999.4 1.68268
2.255 41.2288 1999.39 -17812.6 -41.2288 -1999.39 1.70976
2.26 41.1904 1999.36 -17796 -41.1904 -1999.36 1.76887
2.265 41.1428 1998.88 -17776.4 -41.1428 -1998.88 2.71021
2.27 41.0686 1998.32 -17746.4 -41.0686 -1998.32 4.75788
2.275 40.9761 1998.09 -17707.8 -40.9761 -1998.09 6.08887
2.28 40.8522 1997.07 -17656.4 -40.8522 -1997.07 8.20727
2.285 40.6958 1999.85 -17588.5 -40.6958 -1999.85 7.91008
2.29 40.5723 2001.85 -17533.2 -40.5723 -2001.85 5.92762
2.295 40.531 2005.38 -17508.5 -40.531 -2005.38 -0.842365
2.3 40.4696 2007.65 -17481.4 -40.4696 -2007.65 -1.4896
2.305 40.3986 2006.52 -17454.2 -40.3986 -2006.52 2.02499
2.31 40.3354 2005.21 -17426.7 -40.3354 -2005.21 1.78266
2.315 40.2691 2004.05 -17398.1 -40.2691 -2004.05 1.81824
2.32 40.1984 2003.03 -17367.7 -40.1984 -2003.03 1.97821
2.325 40.1252 2002.32 -17336 -40.1252 -2002.32 1.92659
2.33 40.0499 2001.72 -17303.2 -40.0499 -2001.72 1.666
2.335 39.9709 2001.22 -17269 -39.9709 -2001.22 1.58532
2.34 39.8873 2000.76 -17233.1 -39.8873 -2000.76 1.80117
2.345 39.796 1999.79 -17194 -39.796 -1999.79 2.09658
2.35 39.7263 1999.61 -17162 -39.7263 -1999.61 0.232885
2.355 39.6407 1999.13 -17126 -39.6407 -1999.13 1.26467
2.36 39.5355 1998.42 -17082 -39.5355 -1998.42 2.65887
2.365 39.3765 1997.18 -17017.3 -39.3765 -1997.18 6.60869
2.37 38.9651 1991.73 -16860.4 -38.9651 -1991.73 27.5342
2.375 0.290046 -79.467 -130.612 -0.290046 79.467 5.31221
