0.1 1.46085e-31 200 8.26006e-14
0.2 -5.84341e-32 400 1.13687e-13
0.3 -2.33737e-31 600 2.73559e-13
0.4 -1.16868e-31 800 2.62901e-13
0.5 -2.2205e-30 1000 -2.8777e-13
0.6 4.67473e-30 1200 6.60805e-13
0.7 -2.26432e-31 1400 -7.10543e-15
0.8 2.92171e-31 1600 6.39488e-14
0.9 2.33737e-31 1800 7.03437e-13
1 1.28555e-30 2000 1.13687e-13
0.005 -0.00102397 2000 0.443298
0.01 -0.00511374 2000 2.21083
0.015 -0.0132804 2000 5.73851
0.02 -0.0255098 2000 11.0214
0.025 -0.0417869 2000 18.0529
0.03 -0.0620959 2000 26.8263
0.035 -0.0864206 2000 37.3345
0.04 -0.114744 2000 49.5701
0.045 -0.147048 2000 63.5256
0.05 -0.183314 2000 79.1927
0.055 -0.223523 2000 96.5633
0.06 -0.267656 2000 115.629
0.065 -0.315692 2000 136.381
0.07 -0.367613 2000 158.811
0.075 -0.423401 2000 182.912
0.08 -0.48304 2000 208.676
0.085 -0.546511 2000 236.096
0.09 -0.613794 2000 265.163
0.095 -0.684871 2000 295.868
0.1 -0.759719 2000 328.203
0.105 -0.838315 2000 362.157
0.11 -0.920633 2000 397.719
0.115 -1.00664 2000 434.874
0.12 -1.0963 2000 473.609
0.125 -1.18959 2000 513.912
0.13 -1.2865 2000 555.775
0.135 -1.38701 2000 599.195
0.14 -1.4911 2000 644.165
0.145 -1.59877 2000 690.677
0.15 -1.70998 2000 738.723
0.155 -1.82472 2000 788.289
0.16 -1.94293 2000 839.359
0.165 -2.0646 2000 891.921
0.17 -2.1897 2000 945.965
0.175 -2.31821 2000 1001.48
0.18 -2.45008 2000 1058.45
0.185 -2.58527 2000 1116.85
0.19 -2.72372 2000 1176.66
0.195 -2.86538 2000 1237.86
0.2 -3.01024 2000 1300.45
0.205 -3.15829 2000 1364.4
0.21 -3.30953 2000 1429.74
0.215 -3.46396 2000 1496.46
0.22 -3.62157 2000 1564.55
0.225 -3.78234 2000 1634
0.23 -3.94623 2000 1704.8
0.235 -4.11321 2000 1776.94
0.24 -4.28326 2000 1850.4
0.245 -4.45634 2000 1925.18
0.25 -4.63243 2000 2001.24
0.255 -4.81143 2000 2078.58
0.26 -4.99328 2000 2157.14
0.265 -5.17791 1999.99 2236.9
0.27 -5.36531 1999.99 2317.86
0.275 -5.5555 1999.99 2400.03
0.28 -5.74851 1999.99 2483.41
0.285 -5.94431 1999.99 2568
0.29 -6.14285 1999.99 2653.77
0.295 -6.34406 1999.99 2740.69
0.3 -6.54785 1999.99 2828.74
0.305 -6.75412 1999.99 2917.85
0.31 -6.96277 1999.99 3007.99
0.315 -7.17373 1999.99 3099.13
0.32 -7.38698 1999.99 3191.26
0.325 -7.60244 1999.99 3284.34
0.33 -7.82002 1999.99 3378.34
0.335 -8.03965 1999.99 3473.23
0.34 -8.26131 1999.99 3568.99
0.345 -8.48501 1999.99 3665.63
0.35 -8.71073 1999.99 3763.15
0.355 -8.93848 1999.99 3861.54
0.36 -9.1683 1999.99 3960.83
0.365 -9.40024 1999.99 4061.03
0.37 -9.63432 1999.99 4162.16
0.375 -9.87054 1999.99 4264.21
0.38 -10.1089 1999.99 4367.17
0.385 -10.3492 1999.99 4471
0.39 -10.5915 1999.99 4575.66
0.395 -10.8355 1999.99 4681.1
0.4 -11.0812 1999.99 4787.23
0.405 -11.3284 1999.98 4894.02
0.41 -11.5771 1999.98 5001.45
0.415 -11.8271 1999.98 5109.49
0.42 -12.0786 1999.98 5218.13
0.425 -12.3314 1999.98 5327.34
0.43 -12.5856 1999.98 5437.15
0.435 -12.8412 1999.98 5547.58
0.44 -13.0984 1999.98 5658.67
0.445 -13.3571 1999.98 5770.44
0.45 -13.6173 1999.98 5882.84
0.455 -13.8788 1999.98 5995.81
0.46 -14.1414 1999.98 6109.25
0.465 -14.4048 1999.98 6223.04
0.47 -14.6688 1999.98 6337.07
0.475 -14.9332 1999.98 6451.29
0.48 -15.1979 1999.98 6565.65
0.485 -15.463 1999.98 6680.15
0.49 -15.7283 1999.98 6794.76
0.495 -15.9938 1999.98 6909.46
0.5 -16.2595 1999.98 7024.24
0.505 -16.5254 1999.98 7139.12
0.51 -16.7918 1999.98 7254.18
0.515 -17.0587 1999.98 7369.48
0.52 -17.3262 1999.98 7485.06
0.525 -17.5945 1999.98 7600.94
0.53 -17.8635 1999.98 7717.13
0.535 -18.133 1999.98 7833.59
0.54 -18.4031 1999.98 7950.25
0.545 -18.6735 1999.98 8067.07
0.55 -18.9441 1999.98 8183.97
0.555 -19.2147 1999.98 8300.87
0.56 -19.4851 1999.98 8417.66
0.565 -19.755 1999.98 8534.27
0.57 -20.0244 1999.98 8650.66
0.575 -20.2933 1999.98 8766.81
0.58 -20.5616 1999.98 8882.69
0.585 -20.8292 1999.98 8998.3
0.59 -21.0961 1999.98 9113.6
0.595 -21.3623 1999.98 9228.6
0.6 -21.6278 1999.98 9343.32
0.605 -21.8928 1999.98 9457.8
0.61 -22.1573 1999.98 9572.06
0.615 -22.4213 1999.98 9686.1
0.62 -22.6847 1999.98 9799.88
0.625 -22.9473 1999.98 9913.34
0.63 -23.2078 1999.99 10026
0.635 -23.4621 2000.01 10136.4
0.64 -23.7182 2000 10246.9
0.645 -23.9739 2000 10357.3
0.65 -24.2296 2000 10467.7
0.655 -24.4856 1999.99 10578.2
0.66 -24.742 1999.99 10688.9
0.665 -24.9947 2000.01 10798.6
0.67 -25.2448 2000.02 10907
0.675 -25.4964 2000.02 11015.5
0.68 -25.746 2000.01 11123.1
0.685 -25.9926 2000.01 11229.5
0.69 -26.2356 2000 11334.4
0.695 -26.4747 2000 11437.6
0.7 -26.7099 2000 11539.1
0.705 -26.9381 2000.01 11638.1
0.71 -27.1563 2000.04 11733.1
0.715 -27.3754 2000.03 11827.5
0.72 -27.5919 2000.02 11920.8
0.725 -27.8057 2000.02 12013
0.73 -28.0158 2000.02 12103.7
0.735 -28.2088 2000.07 12187.7
0.74 -28.4018 2000.05 12270.8
0.745 -28.5914 2000.04 12352.5
0.75 -28.7771 2000.03 12432.6
0.755 -28.9592 2000.02 12511.1
0.76 -29.1378 2000.02 12588.1
0.765 -29.3135 2000.01 12663.9
0.77 -29.4871 2000.01 12738.8
0.775 -29.6525 2000.04 12811.1
0.78 -29.8175 2000.06 12882.9
0.785 -29.9849 2000.05 12954.8
0.79 -30.1466 2000.08 13025
0.795 -30.3033 2000.11 13092.9
0.8 -30.4619 2000.09 13161.1
0.805 -30.6198 2000.07 13229
0.81 -30.7762 2000.05 13296.4
0.815 -30.9306 2000.04 13362.9
0.82 -31.0822 2000.03 13428.2
0.825 -31.2308 2000.03 13492.3
0.83 -31.376 2000.02 13554.9
0.835 -31.5175 2000.01 13616
0.84 -31.6551 2000.01 13675.3
0.845 -31.7885 2000.01 13732.9
0.85 -31.9177 2000.01 13788.7
0.855 -32.0426 2000 13842.6
0.86 -32.1632 2000 13894.7
0.865 -32.2788 2000 13944.6
0.87 -32.3891 2000 13992.2
0.875 -32.4913 2000.01 14036.7
0.88 -32.5762 2000.11 14074.5
0.885 -32.6582 2000.14 14110.1
0.89 -32.7365 2000.11 14143.6
0.895 -32.8093 2000.09 14174.8
0.9 -32.8767 2000.07 14203.7
0.905 -32.939 2000.06 14230.4
0.91 -32.9962 2000.05 14255
0.915 -33.0482 2000.04 14277.3
0.92 -33.0952 2000.03 14297.5
0.925 -33.1377 2000.02 14315.8
0.93 -33.176 2000.02 14332.3
0.935 -33.2104 2000.02 14347.1
0.94 -33.2413 2000.01 14360.4
0.945 -33.2688 2000.01 14372.3
0.95 -33.293 2000.01 14382.7
0.955 -33.3138 2000.01 14391.7
0.96 -33.3313 2000.01 14399.2
0.965 -33.3451 2000 14405.2
0.97 -33.355 2000 14409.4
0.975 -33.3604 2000 14411.7
0.98 -33.3607 2000 14411.9
0.985 -33.3541 1999.98 14409.1
0.99 -33.3407 1999.97 14403.4
0.995 -33.3209 1999.97 14394.8
1 -33.2943 1999.98 14383.3
1.005 -33.2615 1999.98 14369.1
1.01 -33.2226 1999.99 14352.3
1.015 -33.178 1999.99 14332.9
1.02 -33.1275 1999.99 14311.1
1.025 -33.0712 1999.99 14286.8
1.03 -33.0089 1999.99 14259.9
1.035 -32.9403 2000 14230.2
1.04 -32.8646 2000 14197.5
1.045 -32.7814 2000 14161.6
1.05 -32.6898 2000 14122
1.055 -32.5896 2000 14078.7
1.06 -32.4802 2000 14031.5
1.065 -32.3592 2000.01 13979.4
1.07 -32.2133 2000.09 13917.5
1.075 -32.0584 2000.09 13850.7
1.08 -31.8948 2000.07 13779.8
1.085 -31.7212 2000.06 13704.5
1.09 -31.5378 2000.05 13625.1
1.095 -31.3449 2000.04 13541.6
1.1 -31.1427 2000.03 13454.1
1.105 -30.9311 2000.02 13362.7
1.11 -30.7099 2000.02 13267
1.115 -30.4787 2000.02 13167.1
1.12 -30.2375 2000.01 13062.8
1.125 -29.9862 2000.01 12954.2
1.13 -29.7247 2000.01 12841.2
1.135 -29.4378 2000.1 12718.6
1.14 -29.136 2000.16 12589
1.145 -28.8218 2000.15 12453.5
1.15 -28.4903 2000.16 12310.8
1.155 -28.1531 2000.13 12164.6
1.16 -27.8067 2000.11 12014.5
1.165 -27.4516 2000.09 11860.7
1.17 -27.0719 2000.17 11697.9
1.175 -26.6736 2000.23 11526.8
1.18 -26.2712 2000.19 11352.2
1.185 -25.8575 2000.15 11172.9
1.19 -25.4081 2000.23 10981.4
1.195 -24.95 2000.24 10784.2
1.2 -24.4817 2000.19 10580.8
1.205 -23.9961 2000.16 10370.1
1.21 -23.4939 2000.13 10152.4
1.215 -22.9598 2000.17 9923.41
1.22 -22.4177 2000.18 9689.51
1.225 -21.8691 2000.14 9451.52
1.23 -21.3052 2000.14 9207.93
1.235 -20.7256 2000.15 8958.02
1.24 -20.144 2000.12 8705.91
1.245 -19.5553 2000.1 8450.9
1.25 -18.9589 2000.08 8192.66
1.255 -18.3531 2000.06 7930.51
1.26 -17.7361 2000.05 7663.6
1.265 -17.1058 2000.04 7391
1.27 -16.4602 2000.03 7111.85
1.275 -15.7975 2000.03 6825.37
1.28 -15.1161 2000.02 6530.86
1.285 -14.4152 2000.02 6227.9
1.29 -13.6942 2000.01 5916.34
1.295 -12.9534 2000.01 5596.23
1.3 -12.1931 2000.01 5267.74
1.305 -11.4143 2000 4931.22
1.31 -10.6176 2000 4586.99
1.315 -9.80372 2000 4235.34
1.32 -8.97325 1999.99 3876.54
1.325 -8.12721 1999.99 3511.03
1.33 -7.26706 1999.98 3139.42
1.335 -6.3945 1999.98 2762.44
1.34 -5.51082 1999.97 2380.67
1.345 -4.61761 1999.97 1994.79
1.35 -3.71613 1999.95 1605.31
1.355 -2.80765 1999.93 1212.78
1.36 -1.89242 1999.88 817.409
1.365 -0.972031 1999.81 419.866
1.37 -0.0477655 1999.72 20.7156
1.375 0.881861 1999.67 -380.638
1.38 1.81593 1999.53 -782.322
1.385 2.72701 1999.26 -1175.06
1.39 3.60861 1999.17 -1558.8
1.395 4.50149 1999.29 -1945.27
1.4 5.40227 1999.4 -2334.49
1.405 6.30852 1999.49 -2726.08
1.41 7.22 1999.56 -3119.93
1.415 8.13648 1999.61 -3515.95
1.42 9.05784 1999.66 -3914.09
1.425 9.98424 1999.69 -4314.43
1.43 10.9161 1999.71 -4717.16
1.435 11.854 1999.73 -5122.48
1.44 12.7981 1999.74 -5530.54
1.445 13.7486 1999.74 -5941.34
1.45 14.7056 1999.74 -6354.89
1.455 15.6693 1999.74 -6771.32
1.46 16.6404 1999.74 -7190.88
1.465 17.6191 1999.74 -7613.71
1.47 18.6052 1999.74 -8039.67
1.475 19.5978 1999.74 -8468.4
1.48 20.5958 1999.74 -8899.41
1.485 21.5787 1999.82 -9326.55
1.49 22.5604 1999.87 -9752.36
1.495 23.5301 1999.96 -10173.7
1.5 24.5028 2000 -10594.8
1.505 25.449 2000.15 -11007.3
1.51 26.3735 2000.37 -11410.5
1.515 27.2741 2000.53 -11800.3
1.52 28.1617 2000.57 -12185.2
1.525 29.0114 2000.85 -12555.9
1.53 29.8607 2000.91 -12921.9
1.535 30.7068 2000.85 -13285.2
1.54 31.4611 2001.21 -13615.5
1.545 32.2321 2001.04 -13946.8
1.55 33.0112 2000.81 -14279.6
1.555 33.7894 2000.63 -14612.8
1.56 34.5303 2000.83 -14933.5
1.565 35.2262 2001.12 -15236.8
1.57 35.9319 2000.95 -15540.2
1.575 36.6437 2000.73 -15844.9
1.58 37.3567 2000.56 -16150.7
1.585 38.0715 2000.42 -16457.8
1.59 38.7331 2000.96 -16746.5
1.595 39.3857 2001.22 -17031.4
1.6 40.038 2001.14 -17314.4
1.605 40.6796 2001.12 -17593.4
1.61 41.3255 2001.02 -17872.1
1.615 41.9483 2000.98 -18141.7
1.62 42.5784 2000.8 -18411.2
1.625 43.1569 2001.05 -18663.1
1.63 43.7136 2001.11 -18906
1.635 44.2703 2000.99 -19145.5
1.64 44.789 2001.02 -19370.8
1.645 45.3244 2000.92 -19594.6
1.65 45.8082 2001.15 -19805.1
1.655 46.276 2001.15 -20009.6
1.66 46.7112 2001.31 -20202.1
1.665 47.1282 2001.42 -20385
1.67 47.5358 2001.37 -20559
1.675 47.9138 2001.3 -20722.8
1.68 48.288 2001.15 -20881.7
1.685 48.6305 2001.19 -21031.3
1.69 48.9693 2001.39 -21174.3
1.695 49.2921 2001.29 -21312.5
1.7 49.6047 2001.07 -21447.2
1.705 49.913 2000.84 -21579.6
1.71 50.2123 2000.92 -21706.9
1.715 50.4922 2000.97 -21826.9
1.72 50.7563 2000.78 -21941.8
1.725 51.0131 2000.58 -22053.1
1.73 51.2578 2000.45 -22159.9
1.735 51.4785 2000.44 -22258.2
1.74 51.6896 2000.32 -22350.8
1.745 51.8861 2000.2 -22437
1.75 52.0283 2000.3 -22505.1
1.755 52.1131 2000.35 -22551.7
1.76 52.1935 2000.31 -22587.2
1.765 52.1345 1999.76 -22583.6
1.77 52.0441 1999.15 -22552.4
1.775 51.9855 1999 -22514.8
1.78 51.8936 1999.02 -22469.1
1.785 51.7634 1999.17 -22411.4
1.79 51.5617 1999.14 -22328.8
1.795 51.3658 1999.22 -22240.2
1.8 51.1623 1999.32 -22145.9
1.805 50.945 1999.3 -22046.4
1.81 50.7136 1999.27 -21942
1.815 50.468 1999.25 -21832.4
1.82 50.183 1999.03 -21710.7
1.825 49.8915 1998.95 -21583.4
1.83 49.5979 1998.91 -21452.7
1.835 49.2963 1998.91 -21319.2
1.84 49.0168 1999.45 -21188.7
1.845 48.718 1999.67 -21054.9
1.85 48.4004 1999.59 -20917.6
1.855 48.0765 1999.54 -20777.1
1.86 47.7484 1999.51 -20633.6
1.865 47.4116 1999.48 -20487.2
1.87 47.0512 1999.3 -20333.2
1.875 46.6839 1999.17 -20176.1
1.88 46.3247 1999.34 -20018.1
1.885 45.9554 1999.39 -19857.3
1.89 45.5873 1999.44 -19696.7
1.895 45.3414 1999.97 -19577.2
1.9 45.0512 1999.85 -19454.7
1.905 44.7569 1999.75 -19330.1
1.91 44.4579 1999.66 -19202.9
1.915 44.1533 1999.57 -19073.1
1.92 43.8487 1999.53 -18940.7
1.925 43.5356 1999.47 -18805.4
1.93 43.2059 1999.21 -18665.5
1.935 42.9524 1999.67 -18545.6
1.94 42.8762 2000.99 -18480.7
1.945 42.8084 2001.48 -18438.9
1.95 42.678 2001.1 -18393.6
1.955 42.5508 2000.79 -18347.5
1.96 42.4255 2000.53 -18300.6
1.965 42.2943 2000.19 -18250.7
1.97 42.2997 2000.79 -18237.4
1.975 42.3041 2001.19 -18232.6
1.98 42.2673 2000.93 -18225
1.985 42.2339 2000.71 -18217.3
1.99 42.2032 2000.53 -18209.5
1.995 42.1744 2000.38 -18201.5
2 42.147 2000.26 -18193.3
2.005 42.1206 2000.16 -18184.8
2.01 42.1206 2000.41 -18183.4
2.015 42.1199 2000.51 -18183.2
2.02 42.1106 2000.37 -18181.8
2.025 42.1022 2000.26 -18180.2
2.03 42.0872 1999.98 -18176.4
2.035 42.0721 1999.79 -18171.9
2.04 42.061 1999.79 -18167.9
2.045 42.0498 1999.79 -18163.7
2.05 42.0382 1999.78 -18159.2
2.055 42.0263 1999.78 -18154.5
2.06 42.0139 1999.77 -18149.5
2.065 42.0011 1999.76 -18144.2
2.07 41.9877 1999.75 -18138.7
2.075 41.9737 1999.74 -18132.9
2.08 41.9565 1999.65 -18126
2.085 41.9353 1999.52 -18117.5
2.09 41.9169 1999.58 -18109.4
2.095 41.898 1999.62 -18101.1
2.1 41.8786 1999.65 -18092.6
2.105 41.8586 1999.68 -18083.9
2.11 41.8381 1999.7 -18075
2.115 41.817 1999.71 -18065.8
2.12 41.7953 1999.72 -18056.5
2.125 41.7731 1999.72 -18046.8
2.13 41.7502 1999.72 -18036.9
2.135 41.7391 1999.97 -18030.4
2.14 41.7314 2000.15 -18025.8
2.145 41.7172 2000.08 -18020.2
2.15 41.7031 2000.03 -18014.5
2.155 41.6888 1999.98 -18008.7
2.16 41.6743 1999.94 -18002.7
2.165 41.6596 1999.9 -17996.6
2.17 41.6446 1999.87 -17990.4
2.175 41.6292 1999.84 -17983.9
2.18 41.6134 1999.82 -17977.2
2.185 41.597 1999.79 -17970.2
2.19 41.5799 1999.77 -17963
2.195 41.5621 1999.74 -17955.4
2.2 41.5435 1999.72 -17947.5
2.205 41.524 1999.69 -17939.2
2.21 41.5034 1999.66 -17930.4
2.215 41.4817 1999.63 -17921.1
2.22 41.4569 1999.51 -17910.8
2.225 41.4255 1999.3 -17897.9
2.23 41.3961 1999.35 -17885
2.235 41.3654 1999.38 -17871.7
2.24 41.3335 1999.4 -17857.8
2.245 41.3001 1999.41 -17843.3
2.25 41.2653 1999.4 -17828.3
2.255 41.2288 1999.39 -17812.6
2.26 41.1904 1999.36 -17796
2.265 41.1428 1998.88 -17776.4
2.27 41.0686 1998.32 -17746.4
2.275 40.9761 1998.09 -17707.8
2.28 40.8522 1997.07 -17656.4
2.285 40.6958 1999.85 -17588.5
2.29 40.5723 2001.85 -17533.2
2.295 40.531 2005.38 -17508.5
2.3 40.4696 2007.65 -17481.4
2.305 40.3986 2006.52 -17454.2
2.31 40.3354 2005.21 -17426.7
2.315 40.2691 2004.05 -17398.1
2.32 40.1984 2003.03 -17367.7
2.325 40.1252 2002.32 -17336
2.33 40.0499 2001.72 -17303.2
2.335 39.9709 2001.22 -17269
2.34 39.8873 2000.76 -17233.1
2.345 39.796 1999.79 -17194
2.35 39.7263 1999.61 -17162
2.355 39.6407 1999.13 -17126
2.36 39.5355 1998.42 -17082
2.365 39.3765 1997.18 -17017.3
2.37 38.9651 1991.73 -16860.4
2.375 0.290046 -79.467 -130.612
