0.1 8.27968e-18 -0.0192147 -3.83319e-20
0.2 3.909e-17 -0.0386994 -1.80972e-19
0.3 6.74843e-17 -0.0584657 -3.12427e-19
0.4 9.16478e-17 -0.0785263 -4.24295e-19
0.5 2.99864e-17 -0.0988948 -1.38826e-19
0.6 1.76782e-16 -0.119586 -8.18434e-19
0.7 5.61046e-17 -0.140615 -2.59743e-19
0.8 1.2494e-16 -0.161999 -5.78425e-19
0.9 1.96136e-16 -0.183758 -9.08035e-19
1 1.24442e-16 -0.205911 -5.76122e-19
0.005 6.53104e-05 -0.205911 -2.26772e-07
0.01 0.000326315 -0.205911 -1.13304e-06
0.015 0.000847613 -0.205912 -2.9431e-06
0.02 0.00162826 -0.205914 -5.65368e-06
0.025 0.00266733 -0.205917 -9.26152e-06
0.03 0.00396384 -0.20592 -1.37633e-05
0.035 0.00551679 -0.205923 -1.91554e-05
0.04 0.00732515 -0.205928 -2.54343e-05
0.045 0.00938784 -0.205932 -3.25963e-05
0.05 0.0117037 -0.205938 -4.06373e-05
0.055 0.0142717 -0.205944 -4.95535e-05
0.06 0.0170905 -0.20595 -5.93405e-05
0.065 0.020159 -0.205958 -6.99944e-05
0.07 0.0234761 -0.205965 -8.15113e-05
0.075 0.0270407 -0.205974 -9.38876e-05
0.08 0.030852 -0.205983 -0.00010712
0.085 0.0349087 -0.205992 -0.000121204
0.09 0.03921 -0.206002 -0.000136137
0.095 0.0437544 -0.206013 -0.000151915
0.1 0.0485409 -0.206024 -0.000168532
0.105 0.0535681 -0.206036 -0.000185985
0.11 0.0588345 -0.206049 -0.000204267
0.115 0.064338 -0.206062 -0.000223373
0.12 0.0700768 -0.206075 -0.000243295
0.125 0.0760492 -0.20609 -0.000264027
0.13 0.0822545 -0.206104 -0.000285568
0.135 0.088692 -0.20612 -0.000307914
0.14 0.0953612 -0.206136 -0.000331064
0.145 0.102261 -0.206152 -0.000355014
0.15 0.109391 -0.206169 -0.00037976
0.155 0.116748 -0.206187 -0.000405296
0.16 0.12433 -0.206205 -0.000431615
0.165 0.132137 -0.206224 -0.00045871
0.17 0.140167 -0.206243 -0.000486577
0.175 0.148417 -0.206263 -0.000515212
0.18 0.156887 -0.206284 -0.000544607
0.185 0.165573 -0.206305 -0.000574751
0.19 0.174472 -0.206327 -0.000605632
0.195 0.183581 -0.206349 -0.000637241
0.2 0.192899 -0.206372 -0.000669575
0.205 0.202427 -0.206395 -0.000702634
0.21 0.212163 -0.206419 -0.000736417
0.215 0.222109 -0.206444 -0.000770928
0.22 0.232265 -0.206469 -0.000806162
0.225 0.242628 -0.206495 -0.000842117
0.23 0.253198 -0.206521 -0.000878787
0.235 0.263972 -0.206548 -0.000916165
0.24 0.27495 -0.206575 -0.000954247
0.245 0.286129 -0.206604 -0.000993027
0.25 0.297508 -0.206632 -0.0010325
0.255 0.309082 -0.206661 -0.00107264
0.26 0.320846 -0.206691 -0.00111345
0.265 0.332797 -0.206722 -0.0011549
0.27 0.344934 -0.206753 -0.00119699
0.275 0.35726 -0.206784 -0.00123974
0.28 0.369776 -0.206816 -0.00128315
0.285 0.382482 -0.206849 -0.0013272
0.29 0.395373 -0.206882 -0.00137191
0.295 0.408448 -0.206916 -0.00141724
0.3 0.421699 -0.206951 -0.00146319
0.305 0.435122 -0.206986 -0.00150973
0.31 0.448709 -0.207021 -0.00155683
0.315 0.462459 -0.207058 -0.0016045
0.32 0.476368 -0.207094 -0.00165272
0.325 0.490434 -0.207131 -0.00170148
0.33 0.504651 -0.207169 -0.00175075
0.335 0.519014 -0.207208 -0.00180054
0.34 0.533524 -0.207246 -0.00185083
0.345 0.54818 -0.207286 -0.00190162
0.35 0.562984 -0.207326 -0.00195293
0.355 0.577936 -0.207366 -0.00200474
0.36 0.593039 -0.207407 -0.00205707
0.365 0.608297 -0.207449 -0.00210994
0.37 0.623714 -0.207491 -0.00216336
0.375 0.639288 -0.207534 -0.00221731
0.38 0.655017 -0.207577 -0.00227181
0.385 0.670899 -0.207621 -0.00232682
0.39 0.686926 -0.207666 -0.00238234
0.395 0.703089 -0.207711 -0.00243833
0.4 0.71938 -0.207756 -0.00249475
0.405 0.735791 -0.207802 -0.00255159
0.41 0.75232 -0.207849 -0.00260883
0.415 0.768964 -0.207896 -0.00266646
0.42 0.785719 -0.207944 -0.00272448
0.425 0.802585 -0.207992 -0.00278288
0.43 0.819563 -0.208041 -0.00284166
0.435 0.836657 -0.20809 -0.00290084
0.44 0.853875 -0.20814 -0.00296045
0.445 0.871219 -0.20819 -0.00302048
0.45 0.888683 -0.208241 -0.00308093
0.455 0.906256 -0.208293 -0.00314175
0.46 0.923923 -0.208345 -0.0032029
0.465 0.941667 -0.208397 -0.0032643
0.47 0.95947 -0.20845 -0.0033259
0.475 0.977322 -0.208503 -0.00338767
0.48 0.995219 -0.208557 -0.00344959
0.485 1.01316 -0.20861 -0.00351166
0.49 1.03114 -0.208665 -0.00357385
0.495 1.04915 -0.208719 -0.00363616
0.5 1.0672 -0.208774 -0.00369857
0.505 1.08528 -0.208829 -0.00376112
0.51 1.10341 -0.208885 -0.00382382
0.515 1.1216 -0.208941 -0.00388673
0.52 1.13986 -0.208997 -0.00394985
0.525 1.15818 -0.209054 -0.0040132
0.53 1.17658 -0.209112 -0.00407678
0.535 1.19503 -0.20917 -0.00414058
0.54 1.21354 -0.209228 -0.00420455
0.545 1.23209 -0.209287 -0.00426868
0.55 1.25068 -0.209346 -0.00433291
0.555 1.26929 -0.209405 -0.00439721
0.56 1.2879 -0.209465 -0.00446152
0.565 1.30651 -0.209525 -0.00452579
0.57 1.32509 -0.209585 -0.00459
0.575 1.34367 -0.209645 -0.00465414
0.58 1.36222 -0.209706 -0.00471821
0.585 1.38074 -0.209766 -0.00478218
0.59 1.39924 -0.209827 -0.00484605
0.595 1.41771 -0.209888 -0.00490981
0.6 1.43615 -0.20995 -0.00497347
0.605 1.45458 -0.210011 -0.00503707
0.61 1.47299 -0.210073 -0.0051006
0.615 1.49138 -0.210135 -0.00516407
0.62 1.50975 -0.210197 -0.00522746
0.625 1.52809 -0.21026 -0.00529072
0.63 1.54639 -0.210322 -0.00535383
0.635 1.56464 -0.210385 -0.00541678
0.64 1.58287 -0.210448 -0.00547962
0.645 1.60109 -0.210511 -0.00554245
0.65 1.61934 -0.210575 -0.00560536
0.655 1.63763 -0.210639 -0.00566838
0.66 1.65597 -0.210701 -0.0057314
0.665 1.67435 -0.210763 -0.00579441
0.67 1.69273 -0.210825 -0.00585744
0.675 1.71107 -0.210887 -0.00592032
0.68 1.72929 -0.210947 -0.00598264
0.685 1.74733 -0.211005 -0.00604419
0.69 1.76513 -0.211063 -0.00610492
0.695 1.78267 -0.211121 -0.00616476
0.7 1.79995 -0.211178 -0.0062237
0.705 1.81698 -0.211234 -0.00628179
0.71 1.83378 -0.21129 -0.00633911
0.715 1.85039 -0.211346 -0.00639576
0.72 1.86684 -0.211401 -0.0064518
0.725 1.88311 -0.211452 -0.00650692
0.73 1.89918 -0.211498 -0.00656108
0.735 1.91504 -0.211544 -0.00661449
0.74 1.93065 -0.211589 -0.00666711
0.745 1.94601 -0.211635 -0.00671886
0.75 1.96109 -0.211679 -0.00676969
0.755 1.97589 -0.211724 -0.00681957
0.76 1.99044 -0.211768 -0.00686859
0.765 2.00478 -0.211806 -0.00691671
0.77 2.01896 -0.211839 -0.00696412
0.775 2.03304 -0.211873 -0.00701119
0.78 2.04707 -0.211907 -0.00705811
0.785 2.0611 -0.211941 -0.00710504
0.79 2.07517 -0.211975 -0.00715206
0.795 2.08926 -0.212007 -0.00719893
0.8 2.10335 -0.212034 -0.00724557
0.805 2.11741 -0.212058 -0.00729193
0.81 2.13137 -0.212077 -0.00733781
0.815 2.14516 -0.212097 -0.00738317
0.82 2.15874 -0.212116 -0.00742782
0.825 2.17207 -0.212136 -0.00747165
0.83 2.18512 -0.212155 -0.00751455
0.835 2.19786 -0.212174 -0.00755644
0.84 2.21026 -0.212193 -0.00759722
0.845 2.22231 -0.212212 -0.00763684
0.85 2.234 -0.21223 -0.00767527
0.855 2.24532 -0.212248 -0.0077125
0.86 2.25626 -0.212266 -0.00774846
0.865 2.26677 -0.212282 -0.00778302
0.87 2.27682 -0.212299 -0.00781604
0.875 2.28636 -0.212314 -0.00784741
0.88 2.29539 -0.212329 -0.00787707
0.885 2.30388 -0.212343 -0.007905
0.89 2.31185 -0.212356 -0.00793118
0.895 2.3193 -0.212368 -0.00795565
0.9 2.32623 -0.212375 -0.00797827
0.905 2.33267 -0.212375 -0.0079991
0.91 2.3386 -0.212375 -0.0080183
0.915 2.34404 -0.212375 -0.00803582
0.92 2.34899 -0.212374 -0.00805172
0.925 2.35349 -0.212372 -0.00806617
0.93 2.35758 -0.212371 -0.00807931
0.935 2.3613 -0.212371 -0.00809125
0.94 2.36466 -0.21237 -0.00810206
0.945 2.36769 -0.212369 -0.0081118
0.95 2.37039 -0.212369 -0.00812048
0.955 2.37277 -0.212369 -0.00812811
0.96 2.3748 -0.212368 -0.00813465
0.965 2.37648 -0.212368 -0.00814005
0.97 2.37776 -0.212368 -0.00814417
0.975 2.3786 -0.212368 -0.00814686
0.98 2.37894 -0.212368 -0.00814795
0.985 2.37874 -0.212368 -0.00814731
0.99 2.37799 -0.21237 -0.00814488
0.995 2.3767 -0.212375 -0.00814064
1 2.37487 -0.212382 -0.00813466
1.005 2.37254 -0.212392 -0.00812704
1.01 2.36973 -0.212403 -0.00811786
1.015 2.36645 -0.212415 -0.00810716
1.02 2.36272 -0.21243 -0.00809494
1.025 2.35851 -0.212446 -0.0080812
1.03 2.35383 -0.212465 -0.0080659
1.035 2.34864 -0.212485 -0.00804894
1.04 2.34289 -0.212507 -0.00803016
1.045 2.33653 -0.212532 -0.00800937
1.05 2.32951 -0.212559 -0.00798642
1.055 2.32179 -0.212588 -0.00796108
1.06 2.31333 -0.212611 -0.00793302
1.065 2.30411 -0.21263 -0.00790219
1.07 2.29411 -0.212652 -0.00786876
1.075 2.28334 -0.212675 -0.00783279
1.08 2.27184 -0.2127 -0.00779439
1.085 2.25963 -0.212727 -0.00775364
1.09 2.24673 -0.212755 -0.00771058
1.095 2.23315 -0.212786 -0.00766528
1.1 2.21891 -0.212817 -0.00761777
1.105 2.20401 -0.212851 -0.00756804
1.11 2.18842 -0.212886 -0.00751602
1.115 2.17211 -0.212922 -0.00746162
1.12 2.15509 -0.21296 -0.00740483
1.125 2.13735 -0.213 -0.00734565
1.13 2.11887 -0.213042 -0.007284
1.135 2.09962 -0.213079 -0.00721953
1.14 2.07957 -0.213112 -0.00715215
1.145 2.05875 -0.213141 -0.00708185
1.15 2.03723 -0.213167 -0.00700887
1.155 2.01508 -0.213195 -0.00693377
1.16 1.99235 -0.213222 -0.00685666
1.165 1.96906 -0.213242 -0.00677732
1.17 1.94522 -0.213255 -0.00669582
1.175 1.92081 -0.21327 -0.00661243
1.18 1.8958 -0.213285 -0.006527
1.185 1.87011 -0.213301 -0.00643926
1.19 1.84363 -0.213312 -0.00634837
1.195 1.81626 -0.213318 -0.00625391
1.2 1.78789 -0.213325 -0.00615607
1.205 1.75851 -0.213332 -0.00605479
1.21 1.72817 -0.21334 -0.00595017
1.215 1.69693 -0.213348 -0.00584247
1.22 1.66492 -0.213353 -0.00573184
1.225 1.63226 -0.213356 -0.00561875
1.23 1.59906 -0.213357 -0.00550357
1.235 1.56542 -0.213355 -0.00538663
1.24 1.53139 -0.213354 -0.00526836
1.245 1.49697 -0.213353 -0.00514877
1.25 1.46212 -0.213352 -0.00502769
1.255 1.42675 -0.213351 -0.00490481
1.26 1.39072 -0.213351 -0.00477969
1.265 1.35393 -0.21335 -0.00465191
1.27 1.31625 -0.21335 -0.00452104
1.275 1.27756 -0.21335 -0.00438671
1.28 1.23779 -0.21335 -0.0042486
1.285 1.19686 -0.21335 -0.00410649
1.29 1.15476 -0.21335 -0.00396032
1.295 1.1115 -0.21335 -0.0038101
1.3 1.06709 -0.21335 -0.00365591
1.305 1.02158 -0.213351 -0.00349792
1.31 0.975023 -0.213351 -0.00333627
1.315 0.927442 -0.213352 -0.00317108
1.32 0.87888 -0.213353 -0.00300247
1.325 0.829397 -0.213354 -0.00283068
1.33 0.779073 -0.213355 -0.00265596
1.335 0.727995 -0.213357 -0.00247863
1.34 0.676254 -0.213359 -0.002299
1.345 0.623926 -0.213362 -0.00211734
1.35 0.571064 -0.213366 -0.00193382
1.355 0.517703 -0.213371 -0.00174858
1.36 0.46386 -0.213379 -0.00156166
1.365 0.409525 -0.213388 -0.00137306
1.37 0.354685 -0.213404 -0.00118272
1.375 0.299333 -0.21343 -0.00099063
1.38 0.243476 -0.213471 -0.000796738
1.385 0.187117 -0.213527 -0.000601021
1.39 0.130259 -0.213601 -0.000403147
1.395 0.0729066 -0.213717 -0.000203223
1.4 0.0150621 -0.213866 -2.06894e-06
1.405 -0.0432708 -0.214022 0.000200347
1.41 -0.102088 -0.214178 0.000404404
1.415 -0.161389 -0.214337 0.000610094
1.42 -0.221181 -0.214498 0.000817447
1.425 -0.281495 -0.214661 0.00102656
1.43 -0.342379 -0.214828 0.00123761
1.435 -0.40389 -0.214997 0.00145079
1.44 -0.466069 -0.215171 0.00166623
1.445 -0.528937 -0.215348 0.00188401
1.45 -0.592507 -0.21553 0.00210417
1.455 -0.656809 -0.215717 0.00232681
1.46 -0.721884 -0.215908 0.00255207
1.465 -0.787755 -0.216104 0.00278002
1.47 -0.854403 -0.216306 0.00301061
1.475 -0.921769 -0.216512 0.00324361
1.48 -0.989778 -0.216724 0.00347877
1.485 -1.05836 -0.216941 0.00371583
1.49 -1.12746 -0.217163 0.00395461
1.495 -1.19706 -0.217389 0.00419493
1.5 -1.26716 -0.217613 0.00443625
1.505 -1.3378 -0.217829 0.00467823
1.51 -1.40903 -0.218044 0.00492159
1.515 -1.48093 -0.218247 0.00516577
1.52 -1.55359 -0.218414 0.00541016
1.525 -1.62707 -0.218563 0.00565621
1.53 -1.70134 -0.218692 0.00590378
1.535 -1.77636 -0.218785 0.00615157
1.54 -1.85206 -0.21887 0.00640039
1.545 -1.92836 -0.218958 0.00665093
1.55 -2.00519 -0.218987 0.00690099
1.555 -2.08251 -0.218951 0.0071498
1.56 -2.16034 -0.218911 0.00739936
1.565 -2.2387 -0.218881 0.00765066
1.57 -2.31764 -0.218852 0.00790361
1.575 -2.39723 -0.218766 0.00815688
1.58 -2.47755 -0.218622 0.00841034
1.585 -2.55866 -0.218478 0.00866572
1.59 -2.64063 -0.218342 0.00892384
1.595 -2.72351 -0.218212 0.00918476
1.6 -2.80733 -0.218035 0.00944743
1.605 -2.89208 -0.217814 0.00971181
1.61 -2.97766 -0.217591 0.00997832
1.615 -3.06396 -0.217348 0.0102457
1.62 -3.15084 -0.217094 0.0105138
1.625 -3.23819 -0.216843 0.0107832
1.63 -3.32589 -0.216567 0.0110522
1.635 -3.4139 -0.216231 0.0113202
1.64 -3.50217 -0.215862 0.0115881
1.645 -3.59067 -0.21547 0.0118553
1.65 -3.67938 -0.215034 0.0121217
1.655 -3.76833 -0.214578 0.0123887
1.66 -3.8576 -0.214088 0.0126547
1.665 -3.94732 -0.213565 0.01292
1.67 -4.03765 -0.213003 0.0131852
1.675 -4.12873 -0.212393 0.0134513
1.68 -4.22071 -0.211734 0.0137193
1.685 -4.31368 -0.210974 0.0139866
1.69 -4.40768 -0.210147 0.0142543
1.695 -4.50269 -0.209261 0.0145228
1.7 -4.59867 -0.20832 0.0147919
1.705 -4.69549 -0.207374 0.0150626
1.71 -4.79301 -0.206395 0.0153333
1.715 -4.8911 -0.20538 0.0156036
1.72 -4.98964 -0.204318 0.0158745
1.725 -5.08853 -0.203209 0.0161452
1.73 -5.18771 -0.202091 0.0164154
1.735 -5.28712 -0.200961 0.0166862
1.74 -5.38673 -0.199817 0.0169575
1.745 -5.48652 -0.198667 0.0172274
1.75 -5.58648 -0.19751 0.0174962
1.755 -5.68653 -0.196321 0.0177642
1.76 -5.78661 -0.195104 0.0180311
1.765 -5.8867 -0.193874 0.0182934
1.77 -5.98682 -0.192632 0.0185515
1.775 -6.08706 -0.191389 0.0188065
1.78 -6.18751 -0.190147 0.0190585
1.785 -6.28828 -0.188909 0.0193094
1.79 -6.38947 -0.18765 0.0195582
1.795 -6.49117 -0.186371 0.0198048
1.8 -6.59339 -0.185102 0.0200497
1.805 -6.69609 -0.183848 0.0202899
1.81 -6.79919 -0.182611 0.0205262
1.815 -6.90263 -0.181391 0.020762
1.82 -7.00634 -0.180189 0.020997
1.825 -7.11027 -0.17898 0.0212297
1.83 -7.21439 -0.177789 0.021458
1.835 -7.31869 -0.176622 0.0216831
1.84 -7.42316 -0.175452 0.0219074
1.845 -7.52782 -0.174292 0.0221313
1.85 -7.63273 -0.173145 0.0223547
1.855 -7.73796 -0.172011 0.0225781
1.86 -7.84358 -0.170882 0.0228017
1.865 -7.94962 -0.169762 0.0230255
1.87 -8.0561 -0.168686 0.0232481
1.875 -8.16303 -0.167646 0.02347
1.88 -8.27038 -0.166611 0.0236926
1.885 -8.37811 -0.165556 0.0239169
1.89 -8.48621 -0.164481 0.0241427
1.895 -8.59468 -0.163417 0.0243689
1.9 -8.70352 -0.162362 0.0245955
1.905 -8.8128 -0.161318 0.0248227
1.91 -8.92253 -0.160275 0.0250515
1.915 -9.03276 -0.159216 0.0252819
1.92 -9.14351 -0.158153 0.0255128
1.925 -9.25477 -0.157116 0.0257442
1.93 -9.36651 -0.156123 0.0259754
1.935 -9.47866 -0.155163 0.0262066
1.94 -9.59108 -0.154213 0.0264383
1.945 -9.70368 -0.153244 0.0266714
1.95 -9.81638 -0.152262 0.0269057
1.955 -9.92915 -0.151302 0.0271397
1.96 -10.042 -0.150363 0.0273736
1.965 -10.155 -0.149366 0.0276118
1.97 -10.2681 -0.148308 0.0278545
1.975 -10.3816 -0.147174 0.0281035
1.98 -10.4954 -0.14596 0.0283588
1.985 -10.6095 -0.144754 0.0286145
1.99 -10.724 -0.143556 0.0288705
1.995 -10.8386 -0.142296 0.0291308
2 -10.9533 -0.140973 0.029395
2.005 -11.0681 -0.139658 0.0296591
2.01 -11.1827 -0.138352 0.0299227
2.015 -11.2973 -0.137055 0.0301859
2.02 -11.4118 -0.135766 0.0304488
2.025 -11.5263 -0.13448 0.0307116
2.03 -11.6409 -0.133157 0.0309761
2.035 -11.7557 -0.131797 0.0312424
2.04 -11.8709 -0.130441 0.0315094
2.045 -11.9865 -0.129103 0.0317771
2.05 -12.1025 -0.127781 0.0320456
2.055 -12.2191 -0.126458 0.032315
2.06 -12.336 -0.125135 0.0325854
2.065 -12.4533 -0.123814 0.0328565
2.07 -12.5708 -0.122495 0.033128
2.075 -12.6885 -0.121179 0.0334
2.08 -12.8064 -0.119866 0.0336721
2.085 -12.9243 -0.118558 0.0339446
2.09 -13.0425 -0.117253 0.0342173
2.095 -13.1608 -0.115961 0.0344904
2.1 -13.2794 -0.114678 0.034764
2.105 -13.3984 -0.113397 0.0350384
2.11 -13.5177 -0.112138 0.0353135
2.115 -13.6374 -0.110895 0.0355893
2.12 -13.7575 -0.109651 0.0358659
2.125 -13.8779 -0.108406 0.0361432
2.13 -13.9985 -0.10716 0.0364212
2.135 -14.1193 -0.105875 0.0367003
2.14 -14.2401 -0.104553 0.0369802
2.145 -14.3609 -0.103236 0.0372599
2.15 -14.4814 -0.101924 0.0375391
2.155 -14.6017 -0.100618 0.0378177
2.16 -14.7217 -0.0993182 0.0380956
2.165 -14.8415 -0.0980243 0.038373
2.17 -14.9612 -0.0967351 0.03865
2.175 -15.0808 -0.0954489 0.0389271
2.18 -15.2007 -0.0941636 0.0392046
2.185 -15.321 -0.0928772 0.0394831
2.19 -15.4419 -0.0915882 0.0397628
2.195 -15.5634 -0.0902956 0.0400441
2.2 -15.6857 -0.0889987 0.0403271
2.205 -15.8087 -0.0876977 0.0406117
2.21 -15.9324 -0.0863929 0.040898
2.215 -16.0568 -0.085085 0.0411859
2.22 -16.1818 -0.0837749 0.0414751
2.225 -16.3073 -0.0824637 0.0417655
2.23 -16.4332 -0.0811531 0.0420567
2.235 -16.5593 -0.0798446 0.0423485
2.24 -16.6855 -0.0785398 0.0426405
2.245 -16.8117 -0.0772401 0.0429325
2.25 -16.9379 -0.0759463 0.0432242
2.255 -17.0639 -0.0746591 0.0435157
2.26 -17.1898 -0.0733787 0.0438068
2.265 -17.3156 -0.0721046 0.0440978
2.27 -17.4415 -0.0708364 0.0443888
2.275 -17.5674 -0.0695733 0.0446799
2.28 -17.6935 -0.0683182 0.0449714
2.285 -17.8199 -0.0670924 0.0452635
2.29 -17.9466 -0.0658886 0.0455562
2.295 -18.0737 -0.0646824 0.0458496
2.3 -18.2009 -0.0634752 0.0461433
2.305 -18.328 -0.0622696 0.0464371
2.31 -18.4549 -0.0610683 0.0467301
2.315 -18.5812 -0.0598693 0.0470219
2.32 -18.7068 -0.0586384 0.0473123
2.325 -18.8313 -0.0573832 0.0476008
2.33 -18.9549 -0.0561415 0.0478871
2.335 -19.0776 -0.0549124 0.0481711
2.34 -19.1994 -0.0536936 0.0484533
2.345 -19.3209 -0.0524817 0.0487346
2.35 -19.4424 -0.0512725 0.0490158
2.355 -19.5641 -0.0500623 0.0492978
2.36 -19.6865 -0.0488486 0.0495811
2.365 -19.8097 -0.0476293 0.0498663
2.37 -19.9338 -0.0464033 0.0501536
2.375 -20.0589 -0.0451699 0.0504432
2.38 -20.185 -0.0439286 0.0507352
2.385 -20.3122 -0.0426792 0.0510296
2.39 -20.4405 -0.0414214 0.0513266
2.395 -20.57 -0.0401548 0.0516263
2.4 -20.7006 -0.0388793 0.0519286
2.405 -20.8324 -0.0375946 0.0522338
2.41 -20.9655 -0.0363017 0.0525418
2.415 -21.0997 -0.0350219 0.0528525
2.42 -21.235 -0.0337563 0.0531656
2.425 -21.3713 -0.0324861 0.0534811
2.43 -21.5085 -0.031213 0.0537985
2.435 -21.6465 -0.0299383 0.0541177
2.44 -21.7851 -0.0286632 0.0544386
2.445 -21.9245 -0.0273885 0.054761
2.45 -22.0644 -0.0261147 0.0550849
2.455 -22.2052 -0.0248418 0.0554105
2.46 -22.3467 -0.0235695 0.055738
2.465 -22.4892 -0.0222974 0.0560677
2.47 -22.6328 -0.0210255 0.0563997
2.475 -22.7774 -0.0197537 0.0567344
2.48 -22.9234 -0.0184819 0.057072
2.485 -23.0707 -0.0172104 0.0574127
2.49 -23.2195 -0.0159397 0.0577567
2.495 -23.3698 -0.0146704 0.0581044
2.5 -23.5218 -0.0134039 0.0584558
2.505 -23.6754 -0.0121419 0.0588111
2.51 -23.8308 -0.0108865 0.0591704
2.515 -23.988 -0.00964046 0.0595338
2.52 -24.147 -0.00840745 0.0599014
2.525 -24.3079 -0.00719232 0.0602731
2.53 -24.4705 -0.00600149 0.0606489
2.535 -24.6349 -0.00484315 0.0610287
2.54 -24.801 -0.00372815 0.0614124
2.545 -24.9688 -0.00267138 0.0617998
2.55 -25.1383 -0.00170976 0.0621909
2.555 -25.3093 -0.00109267 0.0625851
2.56 -25.4819 -0.000853558 0.0629821
2.565 -25.6559 -0.000880902 0.0633819
2.57 -25.8311 -0.00122612 0.0637841
2.575 -26.0075 -0.00202087 0.0641876
2.58 -26.1848 -0.00375336 0.0645911
2.585 -26.3629 -0.00672443 0.0649938
2.59 -26.5413 -0.0108023 0.0653936
2.595 -26.7198 -0.012139 0.0657993
2.6 -26.8981 -0.0103499 0.066213
2.605 -27.0759 -0.00878664 0.066625
2.61 -27.2528 -0.00740668 0.0670344
2.615 -27.4284 -0.00616898 0.0674404
2.62 -27.6022 -0.00505623 0.0678421
2.625 -27.774 -0.00405421 0.0682389
2.63 -27.9435 -0.00314911 0.0686301
2.635 -28.1105 -0.00232098 0.0690152
2.64 -28.2749 -0.00154013 0.0693941
2.645 -28.4366 -0.000787873 0.0697666
2.65 -28.5957 -6.09896e-05 0.0701328
2.655 -28.752 0.000829977 0.0704937
2.66 -28.9058 0.00186906 0.0708494
2.665 -29.0571 0.0028547 0.0711991
2.67 -29.2058 0.0037908 0.0715429
2.675 -29.352 0.00467882 0.0718808
2.68 -29.4957 0.00539099 0.0722128
2.685 -29.6369 0.00591089 0.0725386
2.69 -29.7755 0.00633303 0.0728583
2.695 -29.9114 0.00646274 0.0731714
2.7 -30.0444 0.00670478 0.0734785
2.705 -30.1746 0.00727054 0.0737794
2.71 -30.3015 0.00779296 0.074073
2.715 -30.4251 0.00829139 0.0743588
2.72 -30.5451 0.00898847 0.0746366
2.725 -30.6611 0.00986653 0.0749057
2.73 -30.7728 0.010701 0.075165
2.735 -30.88 0.0114928 0.0754137
2.74 -30.9824 0.0122421 0.0756514
2.745 -31.0799 0.0129494 0.0758775
2.75 -31.1724 0.0136149 0.0760919
2.755 -31.2596 0.0142394 0.0762943
2.76 -31.3417 0.0148235 0.0764848
2.765 -31.4187 0.0153684 0.0766632
2.77 -31.4906 0.0158757 0.0768301
2.775 -31.5578 0.0163476 0.076986
2.78 -31.6207 0.0167874 0.0771318
2.785 -31.6797 0.0171986 0.0772685
2.79 -31.7352 0.017585 0.0773974
2.795 -31.7879 0.0179504 0.0775196
2.8 -31.8382 0.0182985 0.0776363
2.805 -31.8868 0.0186335 0.0777489
2.81 -31.9342 0.0189597 0.0778588
2.815 -31.981 0.0192816 0.0779674
2.82 -32.0279 0.0196034 0.0780762
2.825 -32.0754 0.0199287 0.0781864
2.83 -32.124 0.0202607 0.078299
2.835 -32.174 0.0206023 0.078415
2.84 -32.2259 0.0209562 0.0785354
2.845 -32.2801 0.0213247 0.0786609
2.85 -32.3367 0.0217096 0.0787923
2.855 -32.3961 0.0221127 0.07893
2.86 -32.4585 0.0225357 0.0790747
2.865 -32.5242 0.0229803 0.079227
2.87 -32.5933 0.0234477 0.0793874
2.875 -32.6661 0.0239388 0.0795561
2.88 -32.7427 0.0244545 0.0797337
2.885 -32.8234 0.0249974 0.0799209
2.89 -32.9089 0.025571 0.0801192
2.895 -32.9996 0.0261783 0.0803295
2.9 -33.0957 0.0268203 0.0805523
2.905 -33.1972 0.0274969 0.0807877
2.91 -33.3041 0.0282076 0.0810356
2.915 -33.4162 0.0289505 0.0812955
2.92 -33.533 0.0297224 0.0815664
2.925 -33.654 0.0305191 0.0818469
2.93 -33.7787 0.0313375 0.0821361
2.935 -33.9069 0.0321753 0.0824333
2.94 -34.0382 0.0330303 0.0827379
2.945 -34.1723 0.0338994 0.0830488
2.95 -34.3088 0.0347797 0.0833653
2.955 -34.4472 0.0356682 0.0836862
2.96 -34.5872 0.0365621 0.0840108
2.965 -34.7284 0.0374587 0.0843383
2.97 -34.8704 0.038355 0.0846675
2.975 -35.0128 0.039248 0.0849977
2.98 -35.1551 0.0401342 0.0853275
2.985 -35.2967 0.0410104 0.0856559
2.99 -35.4373 0.0418736 0.0859818
2.995 -35.5764 0.0427213 0.0863044
3 -35.7138 0.0435515 0.086623
3.005 -35.8493 0.044363 0.0869372
3.01 -35.9827 0.0451547 0.0872464
3.015 -36.1138 0.0459255 0.0875505
3.02 -36.2426 0.0466747 0.087849
3.025 -36.369 0.0474022 0.088142
3.03 -36.4929 0.0481078 0.0884293
3.035 -36.6145 0.0487915 0.0887111
3.04 -36.7336 0.0494534 0.0889873
3.045 -36.8503 0.0500933 0.089258
3.05 -36.9647 0.0507111 0.089523
3.055 -37.0766 0.0513068 0.0897824
3.06 -37.186 0.0518799 0.090036
3.065 -37.2928 0.0524302 0.0902838
3.07 -37.3972 0.0529577 0.0905257
3.075 -37.499 0.0534621 0.0907616
3.08 -37.5981 0.0539431 0.0909914
3.085 -37.6945 0.0543999 0.0912148
3.09 -37.788 0.0548551 0.0914315
3.095 -37.8784 0.0554398 0.0916413
3.1 -37.9657 0.0561271 0.0918439
3.105 -38.0495 0.0567809 0.0920384
3.11 -38.1296 0.0574009 0.0922244
3.115 -38.2058 0.0579863 0.0924011
3.12 -38.2777 0.0585362 0.0925681
3.125 -38.3453 0.0590502 0.0927249
3.13 -38.4084 0.0595279 0.0928712
3.135 -38.4669 0.0599691 0.0930069
3.14 -38.5207 0.0603738 0.0931318
3.145 -38.5698 0.0607424 0.0932458
3.15 -38.6142 0.0610748 0.0933489
3.155 -38.6539 0.0613712 0.0934409
3.16 -38.6888 0.0616314 0.0935219
3.165 -38.7188 0.0618546 0.0935914
3.17 -38.7436 0.0620393 0.093649
3.175 -38.7629 0.0621834 0.0936939
3.18 -38.7765 0.0622845 0.0937254
3.185 -38.784 0.062341 0.0937429
3.19 -38.7854 0.0623521 0.0937461
3.195 -38.7808 0.062317 0.0937353
3.2 -38.7707 0.0622334 0.0937088
3.205 -38.756 0.0621073 0.0936681
3.21 -38.7377 0.0619508 0.0936177
3.215 -38.7169 0.0617725 0.0935604
3.22 -38.6944 0.0615793 0.0934986
3.225 -38.6708 0.0613767 0.0934341
3.23 -38.6467 0.0611688 0.0933682
3.235 -38.6225 0.0609606 0.0933022
3.24 -38.5984 0.0607581 0.093237
3.245 -38.5748 0.0605614 0.0931731
3.25 -38.5519 0.0603692 0.0931112
3.255 -38.5299 0.0601833 0.0930517
3.26 -38.5089 0.0600057 0.0929953
3.265 -38.4893 0.0598379 0.0929425
3.27 -38.4711 0.0596815 0.0928935
3.275 -38.4545 0.0595378 0.0928488
3.28 -38.4395 0.0594083 0.0928088
3.285 -38.4265 0.0592944 0.0927737
3.29 -38.4154 0.0591976 0.0927441
3.295 -38.4066 0.0591199 0.0927204
3.3 -38.4001 0.0590632 0.0927032
3.305 -38.3963 0.0590295 0.0926931
3.31 -38.3953 0.0590204 0.0926904
3.315 -38.3973 0.059037 0.0926956
3.32 -38.4022 0.0590781 0.0927091
3.325 -38.4103 0.059143 0.092731
3.33 -38.4213 0.0592323 0.0927611
3.335 -38.4352 0.0593449 0.092799
3.34 -38.4518 0.0594791 0.0928441
3.345 -38.4708 0.0596328 0.0928957
3.35 -38.4918 0.0598032 0.0929529
3.355 -38.5145 0.0599873 0.0930147
3.36 -38.5384 0.0601818 0.0930799
3.365 -38.5633 0.0603837 0.0931476
3.37 -38.5888 0.0605903 0.0932169
3.375 -38.6144 0.0607986 0.0932867
3.38 -38.6399 0.0610063 0.0933561
3.385 -38.6649 0.0612157 0.0934243
3.39 -38.6891 0.0614241 0.0934904
3.395 -38.7122 0.0616254 0.0935535
3.4 -38.7342 0.0618192 0.0936129
3.405 -38.7546 0.0620052 0.0936674
3.41 -38.773 0.0621838 0.0937157
3.415 -38.7892 0.0623501 0.0937565
3.42 -38.8024 0.062469 0.0937884
3.425 -38.812 0.0625374 0.0938108
3.43 -38.8174 0.0625766 0.0938229
3.435 -38.8179 0.062579 0.0938235
3.44 -38.8127 0.0625378 0.0938107
3.445 -38.8014 0.0624428 0.0937804
3.45 -38.7834 0.0622886 0.0937304
3.455 -38.7583 0.0620745 0.0936612
3.46 -38.726 0.0617978 0.0935724
3.465 -38.6862 0.0614564 0.0934634
3.47 -38.6389 0.0610498 0.0933343
3.475 -38.5842 0.0605883 0.0931859
3.48 -38.5224 0.0600717 0.093019
3.485 -38.454 0.0594905 0.0928347
3.49 -38.3794 0.0588441 0.0926349
3.495 -38.2996 0.0581354 0.0924219
3.5 -38.2153 0.0573698 0.0921981
3.505 -38.1273 0.0565517 0.0919657
3.51 -38.0363 0.0556861 0.0917269
3.515 -37.9433 0.0547788 0.091484
3.52 -37.8488 0.0538389 0.0912393
3.525 -37.7535 0.0528724 0.0909946
3.53 -37.6581 0.0518818 0.0907507
3.535 -37.5628 0.0508726 0.0905087
3.54 -37.4682 0.0498504 0.0902695
3.545 -37.3745 0.0488203 0.0900337
3.55 -37.2821 0.0477877 0.0898022
3.555 -37.1913 0.0467563 0.0895756
3.56 -37.1022 0.04571 0.0893543
3.565 -37.0152 0.0446534 0.0891388
3.57 -36.9304 0.0436108 0.0889296
3.575 -36.8482 0.0425876 0.0887273
3.58 -36.7689 0.041589 0.0885326
3.585 -36.6927 0.04062 0.0883459
3.59 -36.6199 0.0396863 0.088168
3.595 -36.5513 0.0387989 0.0880007
3.6 -36.4879 0.0379735 0.0878465
3.605 -36.4309 0.0372243 0.0877077
3.61 -36.3804 0.0365584 0.0875853
3.615 -36.3367 0.0359781 0.0874793
3.62 -36.2997 0.0354845 0.0873897
3.625 -36.2694 0.0350796 0.0873165
3.63 -36.2458 0.0347631 0.0872595
3.635 -36.2289 0.0345315 0.0872186
3.64 -36.2185 0.034386 0.0871936
3.645 -36.2146 0.0343296 0.0871845
3.65 -36.2173 0.0343599 0.0871911
3.655 -36.2263 0.0344368 0.0872151
3.66 -36.2417 0.0345411 0.0872569
3.665 -36.263 0.0346938 0.087315
3.67 -36.2903 0.0348943 0.0873891
3.675 -36.3233 0.0351387 0.0874785
3.68 -36.3617 0.0354259 0.0875828
3.685 -36.4055 0.0357552 0.0877014
3.69 -36.4544 0.036126 0.0878338
3.695 -36.5082 0.0365384 0.0879794
3.7 -36.5668 0.0369931 0.0881376
3.705 -36.63 0.0374912 0.0883077
3.71 -36.6975 0.0380343 0.0884892
3.715 -36.7691 0.0386222 0.0886813
3.72 -36.8446 0.0392398 0.0888828
3.725 -36.9234 0.0398884 0.0890924
3.73 -37.005 0.0405813 0.0893082
3.735 -37.0884 0.0413139 0.0895275
3.74 -37.1726 0.0420823 0.0897481
3.745 -37.2565 0.0428767 0.0899668
3.75 -37.3392 0.0436831 0.0901806
3.755 -37.4196 0.0444899 0.0903871
3.76 -37.4969 0.0452818 0.0905842
3.765 -37.5704 0.0460463 0.09077
3.77 -37.6392 0.0467745 0.0909431
3.775 -37.7028 0.0474567 0.0911022
3.78 -37.7607 0.048085 0.0912462
3.785 -37.8127 0.0486528 0.0913748
3.79 -37.8584 0.0491488 0.0914874
3.795 -37.8978 0.0495719 0.0915842
3.8 -37.9309 0.0499286 0.0916652
3.805 -37.9577 0.0502181 0.0917306
3.81 -37.9781 0.0504401 0.0917804
3.815 -37.9922 0.0505942 0.0918147
3.82 -38.0001 0.0506805 0.0918335
3.825 -38.0016 0.0506993 0.091837
3.83 -37.9969 0.0506524 0.0918251
3.835 -37.986 0.0505587 0.091796
3.84 -37.969 0.0504247 0.0917493
3.845 -37.9459 0.0502403 0.0916861
3.85 -37.9168 0.0500057 0.0916066
3.855 -37.8817 0.0497205 0.0915111
3.86 -37.8406 0.0493837 0.0913995
3.865 -37.7935 0.0489937 0.091272
3.87 -37.7404 0.0485482 0.0911283
3.875 -37.6811 0.0480446 0.0909687
3.88 -37.6157 0.0474799 0.0907931
3.885 -37.544 0.046851 0.0906018
3.89 -37.4662 0.0461543 0.0903951
3.895 -37.3822 0.0453869 0.0901731
3.9 -37.292 0.0445483 0.0899367
3.905 -37.1957 0.0436343 0.0896861
3.91 -37.093 0.0426367 0.0894209
3.915 -36.984 0.0415511 0.0891411
3.92 -36.8685 0.0403727 0.0888464
3.925 -36.7461 0.0390962 0.0885364
3.93 -36.6167 0.0377168 0.0882107
3.935 -36.4799 0.036227 0.0878688
3.94 -36.3357 0.0345792 0.0875106
3.945 -36.1839 0.032769 0.0871359
3.95 -36.0246 0.030778 0.086745
3.955 -35.858 0.0286047 0.0863385
3.96 -35.6842 0.0263065 0.0859166
3.965 -35.5035 0.0239813 0.0854792
3.97 -35.3162 0.0216319 0.085027
3.975 -35.1226 0.0191506 0.084561
3.98 -34.923 0.0165407 0.0840817
3.985 -34.7176 0.0138225 0.0835898
3.99 -34.5065 0.0109993 0.0830854
3.995 -34.2901 0.00807425 0.082569
4 -34.0684 0.00504999 0.0820409
4.005 -33.8417 0.00192445 0.0815015
4.01 -33.61 -0.00136982 0.0809512
4.015 -33.3737 -0.00482989 0.0803902
4.02 -33.1327 -0.00793639 0.0798169
4.025 -32.8872 -0.0106859 0.0792316
4.03 -32.6375 -0.0135358 0.0786366
4.035 -32.3837 -0.016474 0.0780323
4.04 -32.1261 -0.0194775 0.0774194
4.045 -31.865 -0.0225416 0.0767983
4.05 -31.6006 -0.0256617 0.0761698
4.055 -31.3332 -0.0288334 0.0755345
4.06 -31.0632 -0.0320549 0.0748932
4.065 -30.7909 -0.0353485 0.0742468
4.07 -30.5166 -0.038787 0.0735964
4.075 -30.2408 -0.0423441 0.0729429
4.08 -29.9638 -0.0459411 0.072287
4.085 -29.6862 -0.0495743 0.0716298
4.09 -29.4085 -0.0532394 0.0709725
4.095 -29.131 -0.056937 0.0703161
4.1 -28.8542 -0.0607147 0.0696619
4.105 -28.5784 -0.0645735 0.0690106
4.11 -28.304 -0.0684697 0.0683629
4.115 -28.0313 -0.0724037 0.0677195
4.12 -27.7607 -0.0763762 0.0670812
4.125 -27.4924 -0.080389 0.0664488
4.13 -27.2267 -0.0844449 0.0658227
4.135 -26.9638 -0.0885475 0.0652038
4.14 -26.704 -0.0926956 0.0645925
4.145 -26.4476 -0.0968899 0.0639895
4.15 -26.1948 -0.100991 0.0633949
4.155 -25.9459 -0.10437 0.0628061
4.16 -25.7009 -0.107156 0.0622241
4.165 -25.4599 -0.109961 0.061652
4.17 -25.2231 -0.112767 0.06109
4.175 -24.9906 -0.115556 0.0605382
4.18 -24.7623 -0.11833 0.0599968
4.185 -24.5383 -0.121159 0.0594661
4.19 -24.3184 -0.124063 0.0589458
4.195 -24.1024 -0.12703 0.0584352
4.2 -23.8899 -0.130041 0.0579332
4.205 -23.6805 -0.133065 0.0574387
4.21 -23.4734 -0.136124 0.0569499
4.215 -23.268 -0.139235 0.0564654
4.22 -23.0635 -0.142479 0.0559839
4.225 -22.8596 -0.145849 0.0555041
4.23 -22.6558 -0.149267 0.0550246
4.235 -22.4515 -0.15275 0.0545445
4.24 -22.2464 -0.156264 0.0540627
4.245 -22.0404 -0.159219 0.0535754
4.25 -21.8331 -0.161651 0.0530825
4.255 -21.6244 -0.164139 0.0525865
4.26 -21.4143 -0.166675 0.0520872
4.265 -21.2027 -0.169254 0.0515846
4.27 -20.9896 -0.171893 0.0510785
4.275 -20.7748 -0.174678 0.0505696
4.28 -20.5585 -0.177616 0.0500577
4.285 -20.3405 -0.180649 0.0495423
4.29 -20.1208 -0.183787 0.0490232
4.295 -19.8993 -0.187042 0.0485003
4.3 -19.6759 -0.190431 0.0479732
4.305 -19.4502 -0.193972 0.0474412
4.31 -19.2219 -0.197651 0.0469036
4.315 -18.9907 -0.201242 0.0463584
4.32 -18.7563 -0.204849 0.045805
4.325 -18.5182 -0.208694 0.0452437
4.33 -18.276 -0.212765 0.0446738
4.335 -18.0294 -0.217088 0.0440943
4.34 -17.7781 -0.221528 0.0435043
4.345 -17.5219 -0.226111 0.0429033
4.35 -17.2607 -0.230978 0.0422914
4.355 -16.9942 -0.236168 0.0416685
4.36 -16.7224 -0.241658 0.0410342
4.365 -16.4455 -0.247013 0.0403858
4.37 -16.1634 -0.252208 0.0397236
4.375 -15.8765 -0.257724 0.0390516
4.38 -15.5856 -0.26337 0.0383702
4.385 -15.2914 -0.267501 0.0376711
4.39 -14.995 -0.270301 0.036958
4.395 -14.6974 -0.273422 0.0362438
4.4 -14.3995 -0.276888 0.0355311
4.405 -14.1021 -0.280495 0.0348208
4.41 -13.806 -0.283275 0.0341064
4.415 -13.5118 -0.285314 0.03339
4.42 -13.2201 -0.287498 0.0326811
4.425 -12.9316 -0.289822 0.0319817
4.43 -12.6466 -0.292301 0.0312933
4.435 -12.3656 -0.29481 0.0306149
4.44 -12.0888 -0.296641 0.0299384
4.445 -11.8166 -0.297695 0.0292629
4.45 -11.5494 -0.298658 0.028598
4.455 -11.2877 -0.299643 0.027948
4.46 -11.032 -0.300709 0.0273151
4.465 -10.7826 -0.301864 0.0266995
4.47 -10.5394 -0.302671 0.0260934
4.475 -10.3025 -0.303121 0.0254974
4.48 -10.0718 -0.303589 0.0249181
4.485 -9.84756 -0.30408 0.0243553
4.49 -9.62972 -0.304588 0.0238092
4.495 -9.41839 -0.305117 0.0232799
4.5 -9.21364 -0.305717 0.0227686
4.505 -9.01552 -0.306057 0.0222687
4.51 -8.82405 -0.30609 0.0217795
4.515 -8.63926 -0.306148 0.0213078
4.52 -8.46113 -0.306224 0.0208535
4.525 -8.28967 -0.306309 0.0204164
4.53 -8.12489 -0.306307 0.0199944
4.535 -7.96677 -0.306226 0.0195876
4.54 -7.81529 -0.306161 0.0191982
4.545 -7.67042 -0.306089 0.0188254
4.55 -7.53213 -0.305883 0.0184661
4.555 -7.40037 -0.30557 0.018121
4.56 -7.27513 -0.305286 0.0177932
4.565 -7.15633 -0.305026 0.0174824
4.57 -7.04376 -0.304789 0.0171882
4.575 -6.93696 -0.304572 0.0169092
4.58 -6.83533 -0.304371 0.0166438
4.585 -6.73823 -0.304185 0.0163904
4.59 -6.64506 -0.304011 0.0161474
4.595 -6.55522 -0.303857 0.0159133
4.6 -6.46805 -0.303718 0.0156863
4.605 -6.38281 -0.303582 0.0154644
4.61 -6.29874 -0.303358 0.0152431
4.615 -6.21508 -0.303052 0.0150204
4.62 -6.13104 -0.302752 0.0147969
4.625 -6.04587 -0.302453 0.0145706
4.63 -5.95881 -0.302151 0.0143393
4.635 -5.86906 -0.301856 0.0141012
4.64 -5.77592 -0.301566 0.0138545
4.645 -5.67875 -0.301267 0.0135973
4.65 -5.57696 -0.300957 0.0133278
4.655 -5.47001 -0.300633 0.0130448
4.66 -5.35734 -0.300249 0.0127452
4.665 -5.23845 -0.299801 0.0124277
4.67 -5.11292 -0.299329 0.0120925
4.675 -4.98043 -0.298788 0.0117371
4.68 -4.84074 -0.29817 0.0113607
4.685 -4.69367 -0.297476 0.0109629
4.69 -4.53906 -0.29671 0.0105434
4.695 -4.37677 -0.295913 0.0101032
4.7 -4.20662 -0.295087 0.00964204
4.705 -4.02845 -0.29425 0.00915991
4.71 -3.84205 -0.293402 0.00865627
4.715 -3.64723 -0.292523 0.00813008
4.72 -3.44383 -0.291614 0.00758091
4.725 -3.2317 -0.290675 0.00700844
4.73 -3.01072 -0.289728 0.00641301
4.735 -2.78082 -0.288777 0.00579419
4.74 -2.5419 -0.287704 0.00514583
4.745 -2.29391 -0.286509 0.00446807
4.75 -2.0368 -0.285287 0.00376679
4.755 -1.77055 -0.284028 0.00304201
4.76 -1.49508 -0.282562 0.00228133
4.765 -1.21029 -0.280907 0.00148396
4.77 -0.916054 -0.279218 0.000662299
4.775 -0.612234 -0.27721 -0.000196974
4.78 -0.298742 -0.27466 -0.00108538
4.785 0.0244436 -0.271602 -0.00198494
4.79 0.357246 -0.268057 -0.00291865
4.795 0.699483 -0.264134 -0.00389494
4.8 1.05087 -0.26012 -0.00490626
4.805 1.41103 -0.256212 -0.00594473
4.81 1.77951 -0.252346 -0.00700285
4.815 2.15581 -0.248397 -0.00807875
4.82 2.53948 -0.244284 -0.00917329
4.825 2.93005 -0.24004 -0.0102796
4.83 3.32708 -0.23569 -0.0113886
4.835 3.73006 -0.231154 -0.0125049
4.84 4.13848 -0.226401 -0.0136286
4.845 4.55184 -0.221363 -0.0147625
4.85 4.96965 -0.216063 -0.0159001
4.855 5.39143 -0.210551 -0.0170317
4.86 5.81671 -0.20478 -0.0181493
4.865 6.24503 -0.198929 -0.0192224
4.87 6.67598 -0.193051 -0.0202342
4.875 7.10922 -0.187405 -0.0211916
4.88 7.54442 -0.182295 -0.0221113
4.885 7.98133 -0.177647 -0.0230065
4.89 8.41973 -0.17324 -0.0238919
4.895 8.85946 -0.168949 -0.0247804
4.9 9.30041 -0.165061 -0.0256673
4.905 9.74256 -0.161593 -0.0265528
4.91 10.1859 -0.15787 -0.0274693
4.915 10.6304 -0.153507 -0.028441
4.92 11.076 -0.148674 -0.0294534
4.925 11.5227 -0.143584 -0.030487
4.93 11.9703 -0.138463 -0.0315263
4.935 12.4188 -0.133424 -0.0325657
4.94 12.8678 -0.128507 -0.0336045
4.945 13.3171 -0.123667 -0.0346427
4.95 13.7663 -0.118847 -0.0356804
4.955 14.215 -0.114057 -0.0367192
4.96 14.6629 -0.109318 -0.0377581
4.965 15.1097 -0.104643 -0.0387938
4.97 15.5551 -0.100039 -0.0398256
4.975 15.9989 -0.0955145 -0.0408533
4.98 16.441 -0.0910878 -0.0418762
4.985 16.8811 -0.0868238 -0.0428939
4.99 17.3192 -0.0826833 -0.0439064
4.995 17.7551 -0.0785797 -0.0449137
5 18.1888 -0.0743845 -0.045917
5.005 18.6202 -0.0700982 -0.0469162
5.01 19.0492 -0.0658682 -0.0479096
5.015 19.4756 -0.061804 -0.0488969
5.02 19.8994 -0.0578999 -0.0498778
5.025 20.3205 -0.0540609 -0.0508522
5.03 20.7386 -0.0502944 -0.0518197
5.035 21.1538 -0.046607 -0.0527802
5.04 21.5659 -0.0430063 -0.0537334
5.045 21.9749 -0.0395008 -0.0546792
5.05 22.3805 -0.036101 -0.0556172
5.055 22.7828 -0.0328196 -0.0565472
5.06 23.1815 -0.0296773 -0.0574685
5.065 23.5764 -0.0268571 -0.0583805
5.07 23.9672 -0.0243132 -0.0592826
5.075 24.3538 -0.0218354 -0.0601748
5.08 24.7361 -0.0194318 -0.0610569
5.085 25.1138 -0.017108 -0.0619285
5.09 25.4869 -0.0148692 -0.0627893
5.095 25.8554 -0.0127421 -0.0636392
5.1 26.2187 2.39488 -0.0678814
