0.1 2.92171e-32 200 6.12843e-14
0.2 1.16868e-31 400 1.35003e-13
0.3 1.75302e-30 600 -4.26326e-13
0.4 1.97215e-31 800 2.4869e-14
0.5 1.98676e-30 1000 -1.49214e-13
0.6 -7.0121e-31 1200 2.70006e-13
0.7 -1.48277e-30 1400 -1.06581e-14
0.8 -5.84341e-32 1600 -1.27898e-13
0.9 2.33737e-30 1800 -9.80549e-13
1 7.0121e-31 2000 6.07514e-13
0.005 1.10626e-05 2000 -0.00479474
0.01 5.52441e-05 2000 -0.0238954
0.015 0.000143549 2000 -0.0620373
0.02 0.000275964 2000 -0.119236
0.025 0.000452504 2000 -0.195498
0.03 0.000673225 2000 -0.290846
0.035 0.000938199 2000 -0.405313
0.04 0.00124748 2000 -0.538919
0.045 0.00160106 2000 -0.691665
0.05 0.00199886 2000 -0.863513
0.055 0.00244071 2000 -1.05439
0.06 0.0029265 2000 -1.26425
0.065 0.0034563 2000 -1.49313
0.07 0.00403048 2000 -1.74117
0.075 0.00464965 2000 -2.00865
0.08 0.0053146 2000 -2.29591
0.085 0.00602615 2000 -2.6033
0.09 0.00678504 2000 -2.93114
0.095 0.00759159 2000 -3.27957
0.1 0.00844563 2000 -3.64851
0.105 0.00934672 2000 -4.03778
0.11 0.0102947 2000 -4.44732
0.115 0.0112904 2000 -4.87744
0.12 0.0123358 2000 -5.32908
0.125 0.0134347 2000 -5.80378
0.13 0.0145911 2000 -6.30335
0.135 0.0158086 2000 -6.82932
0.14 0.0170893 2000 -7.3826
0.145 0.0184338 2000 -7.96342
0.15 0.0198419 2000 -8.57171
0.155 0.0213137 2000 -9.20752
0.16 0.0228503 2000 -9.87132
0.165 0.0244544 2000 -10.5643
0.17 0.0261306 2000 -11.2884
0.175 0.0278842 2000 -12.046
0.18 0.029721 2000 -12.8395
0.185 0.031646 2000 -13.6711
0.19 0.0336641 2000 -14.5429
0.195 0.0357806 2000 -15.4572
0.2 0.0380025 2000 -16.4171
0.205 0.0403398 2000 -17.4268
0.21 0.0428087 2000 -18.4934
0.215 0.0454333 2000 -19.6272
0.22 0.048241 2000 -20.8401
0.225 0.0512556 2000 -22.1424
0.23 0.0544908 2000 -23.54
0.235 0.0579455 2000 -25.0325
0.24 0.0616038 2000 -26.6129
0.245 0.0654397 2000 -28.27
0.25 0.0694252 2000 -29.9917
0.255 0.0735393 2000 -31.769
0.26 0.0777741 2000 -33.5984
0.265 0.0821361 2000 -35.4828
0.27 0.0866426 2000 -37.4296
0.275 0.0913159 2000 -39.4485
0.28 0.0961779 2000 -41.5489
0.285 0.101247 2000 -43.7388
0.29 0.106538 2000 -46.0245
0.295 0.112063 2000 -48.4113
0.3 0.117835 2000 -50.9049
0.305 0.123871 2000 -53.5123
0.31 0.130189 2000 -56.2418
0.315 0.136816 2000 -59.1044
0.32 0.143778 2000 -62.112
0.325 0.151102 2000 -65.276
0.33 0.158809 2000 -68.6058
0.335 0.166915 2000 -72.1074
0.34 0.175427 2000 -75.7844
0.345 0.18435 2000 -79.6391
0.35 0.193687 2000 -83.6729
0.355 0.203441 2000 -87.8868
0.36 0.21361 2000 -92.2794
0.365 0.224183 2000 -96.8472
0.37 0.235151 2000 -101.585
0.375 0.246505 2000 -106.49
0.38 0.258241 2000 -111.56
0.385 0.270352 2000 -116.792
0.39 0.282824 2000 -122.18
0.395 0.295611 2000 -127.704
0.4 0.308633 2000 -133.33
0.405 0.321763 2000 -139.002
0.41 0.334834 2000 -144.649
0.415 0.347647 2000 -150.184
0.42 0.359991 2000 -155.516
0.425 0.371667 2000 -160.56
0.43 0.382521 2000 -165.249
0.435 0.392481 2000 -169.552
0.44 0.401573 2000 -173.48
0.445 0.409924 2000 -177.087
0.45 0.417746 2000 -180.466
0.455 0.425313 2000 -183.735
0.46 0.432925 2000 -187.024
0.465 0.440866 2000 -190.454
0.47 0.449347 2000 -194.118
0.475 0.458472 2000 -198.06
0.48 0.468224 2000 -202.273
0.485 0.478483 2000 -206.705
0.49 0.489054 2000 -211.272
0.495 0.499709 2000 -215.874
0.5 0.510202 2000 -220.408
0.505 0.520282 2000 -224.762
0.51 0.52968 2000 -228.822
0.515 0.538099 2000 -232.459
0.52 0.54521 2000 -235.531
0.525 0.550662 2000 -237.886
0.53 0.554137 2000 -239.387
0.535 0.55542 2000 -239.941
0.54 0.554319 2000 -239.466
0.545 0.550779 2000 -237.937
0.55 0.54505 2000 -235.462
0.555 0.537484 2000 -232.193
0.56 0.52848 2000 -228.304
0.565 0.518426 2000 -223.96
0.57 0.507633 2000 -219.297
0.575 0.496292 2000 -214.398
0.58 0.484468 2000 -209.29
0.585 0.472156 2000 -203.972
0.59 0.45936 2000 -198.444
0.595 0.446165 2000 -192.743
0.6 0.432777 2000 -186.96
0.605 0.419513 2000 -181.23
0.61 0.406729 2000 -175.707
0.615 0.394729 2000 -170.523
0.62 0.383716 2000 -165.765
0.625 0.373777 2000 -161.472
0.63 0.364889 2000 -157.632
0.635 0.356911 2000 -154.185
0.64 0.349582 2000 -151.019
0.645 0.342527 2000 -147.972
0.65 0.33526 2000 -144.833
0.655 0.327198 2000 -141.349
0.66 0.317682 2000 -137.239
0.665 0.306056 2000 -132.216
0.67 0.291791 2000 -126.054
0.675 0.274607 2000 -118.63
0.68 0.254536 2000 -109.959
0.685 0.231915 2000 -100.187
0.69 0.207336 2000 -89.569
0.695 0.181571 2000 -78.4387
0.7 0.155487 2000 -67.1706
0.705 0.129968 2000 -56.1463
0.71 0.105844 2000 -45.7248
0.715 0.083792 2000 -36.1983
0.72 0.0642951 2000 -27.7756
0.725 0.0476264 2000 -20.5746
0.73 0.033941 2000 -14.6625
0.735 0.0233265 2000 -10.077
0.74 0.0158232 2000 -6.83518
0.745 0.0113541 2000 -4.90443
0.75 0.00966424 2000 -4.17448
0.755 0.0103036 2000 -4.45063
0.76 0.0126136 2000 -5.44858
0.765 0.0157322 2000 -6.79592
0.77 0.0187087 2000 -8.08182
0.775 0.0205799 2000 -8.89026
0.78 0.0204499 2000 -8.83415
0.785 0.0175746 2000 -7.59206
0.79 0.0114435 2000 -4.94343
0.795 0.00194779 2000 -0.841011
0.8 -0.0108488 1999.99 4.68819
0.805 -0.0264812 1999.99 11.436
0.81 -0.0438155 1999.98 18.9251
0.815 -0.0631715 1999.98 27.2899
0.82 -0.0844425 1999.98 36.479
0.825 -0.107332 1999.99 46.3673
0.83 -0.131541 1999.99 56.8258
0.835 -0.156773 1999.99 67.726
0.84 -0.182731 1999.99 78.9401
0.845 -0.209132 1999.99 90.3455
0.85 -0.235729 2000 101.836
0.855 -0.26234 2000 113.331
0.86 -0.28887 2000 124.793
0.865 -0.315342 2000 136.229
0.87 -0.341892 2000 147.698
0.875 -0.368719 2000 159.287
0.88 -0.395991 2000 171.069
0.885 -0.423749 2000 183.06
0.89 -0.451836 2000 195.194
0.895 -0.479855 2000 207.298
0.9 -0.507203 2000 219.113
0.905 -0.533243 2000 230.362
0.91 -0.557537 2000 240.857
0.915 -0.580051 2000 250.583
0.92 -0.601254 2000 259.743
0.925 -0.622093 2000 268.745
0.93 -0.643817 2000 278.13
0.935 -0.667642 2000 288.422
0.94 -0.694409 2000 299.986
0.945 -0.724379 2000 312.933
0.95 -0.757182 2000 327.103
0.955 -0.7919 2000 342.102
0.96 -0.827235 2000 357.367
0.965 -0.861684 2000 372.249
0.97 -0.893719 2000 386.088
0.975 -0.921952 2000 398.284
0.98 -0.945246 2000 408.347
0.985 -0.962737 2000 415.904
0.99 -0.973778 2000 420.673
0.995 -0.977842 2000 422.428
1 -0.974048 1999.99 420.791
1.005 -0.961441 1999.99 415.346
1.01 -0.939671 1999.99 405.94
1.015 -0.908577 1999.99 392.507
1.02 -0.868178 1999.99 375.055
1.025 -0.818549 1999.99 353.615
1.03 -0.759776 2000 328.224
1.035 -0.692021 2000 298.954
1.04 -0.615615 2000 265.946
1.045 -0.531102 2000 229.437
1.05 -0.439241 2000 189.752
1.055 -0.340954 2000 147.293
1.06 -0.237222 2000 102.48
1.065 -0.128964 2000 55.7126
1.07 -0.0169786 2000 7.3349
1.075 0.098028 2000 -42.348
1.08 0.215341 2000 -93.0273
1.085 0.334121 2000 -144.341
1.09 0.453195 1999.99 -195.781
1.095 0.570118 1999.95 -246.305
1.1 0.677108 1999.84 -292.618
1.105 0.778765 1999.81 -336.555
1.11 0.875879 1999.85 -378.486
1.115 0.967705 1999.87 -418.137
1.12 1.05374 1999.9 -455.289
1.125 1.13386 1999.92 -489.888
1.13 1.2083 1999.93 -522.037
1.135 1.2776 1999.95 -551.964
1.14 1.34244 1999.96 -579.97
1.145 1.40351 1999.96 -606.344
1.15 1.46117 1999.97 -631.251
1.155 1.51531 1999.98 -654.637
1.16 1.56521 1999.98 -676.188
1.165 1.6096 1999.98 -695.361
1.17 1.64689 1999.99 -711.471
1.175 1.67542 1999.99 -723.791
1.18 1.69367 1999.99 -731.676
1.185 1.70061 1999.99 -734.669
1.19 1.69516 1999.98 -732.316
1.195 1.67664 1999.98 -724.32
1.2 1.64575 1999.98 -710.971
1.205 1.60339 1999.98 -692.672
1.21 1.55047 1999.99 -669.807
1.215 1.48753 1999.99 -642.618
1.22 1.41473 1999.99 -611.169
1.225 1.33204 1999.99 -575.444
1.23 1.23967 1999.99 -535.541
1.235 1.13855 2000 -491.856
1.24 1.03042 2000 -445.144
1.245 0.91765 2000 -396.426
1.25 0.802788 2000 -346.805
1.255 0.688203 2000 -297.304
1.26 0.575826 2000 -248.757
1.265 0.467057 2000 -201.769
1.27 0.362804 2000 -156.732
1.275 0.263608 2000 -113.879
1.28 0.169802 2000 -73.3548
1.285 0.0816304 2000 -35.2644
1.29 -0.000716963 2000 0.309656
1.295 -0.0771485 2000 33.3281
1.3 -0.147851 2000 63.8717
1.305 -0.21357 2000 92.2624
1.31 -0.275803 2000 119.147
1.315 -0.336735 2000 145.469
1.32 -0.398895 2000 172.323
1.325 -0.464648 2000 200.728
1.33 -0.535633 2000 231.393
1.335 -0.612326 2000 264.525
1.34 -0.693842 2000 299.74
1.345 -0.777918 1999.99 336.061
1.35 -0.861337 1999.99 372.1
1.355 -0.940319 1999.98 406.225
1.36 -1.01122 1999.96 436.862
1.365 -1.06946 1999.91 462.058
1.37 -1.11708 1999.91 482.638
1.375 -1.15465 1999.92 498.857
1.38 -1.18235 1999.94 510.814
1.385 -1.20076 1999.95 518.761
1.39 -1.21073 1999.96 523.062
1.395 -1.21316 1999.97 524.106
1.4 -1.20834 1999.97 522.027
1.405 -1.19679 1999.96 517.036
1.41 -1.17938 1999.97 509.512
1.415 -1.15734 1999.98 499.985
1.42 -1.13245 1999.98 489.23
1.425 -1.10711 1999.98 478.28
1.43 -1.0841 1999.99 468.337
1.435 -1.06624 1999.99 460.623
1.44 -1.05604 1999.99 456.216
1.445 -1.0554 1999.99 455.939
1.45 -1.06551 1999.99 460.303
1.455 -1.08684 2000 469.517
1.46 -1.11927 2000 483.526
1.465 -1.16214 2000 502.045
1.47 -1.21417 1999.99 524.509
1.475 -1.26809 1999.94 547.846
1.48 -1.32613 1999.95 572.917
1.485 -1.3861 1999.96 598.821
1.49 -1.44504 1999.97 624.28
1.495 -1.50013 1999.97 648.076
1.5 -1.54932 1999.98 669.321
1.505 -1.59183 1999.98 687.683
1.51 -1.62843 1999.98 703.494
1.515 -1.66131 1999.99 717.697
1.52 -1.69363 1999.99 731.655
1.525 -1.72891 1999.99 746.897
1.53 -1.77058 1999.99 764.895
1.535 -1.82153 1999.99 786.908
1.54 -1.88396 2000 813.875
1.545 -1.95911 2000 846.341
1.55 -2.0473 2000 884.441
1.555 -2.14806 2000 927.969
1.56 -2.26036 2000 976.485
1.565 -2.38294 2000 1029.44
1.57 -2.51443 2000 1086.25
1.575 -2.65331 2000 1146.25
1.58 -2.79771 2000 1208.63
1.585 -2.94517 2000 1272.33
1.59 -3.09261 2000 1336.03
1.595 -3.23643 2000 1398.16
1.6 -3.3728 2000 1457.07
1.605 -3.49807 2000 1511.19
1.61 -3.60905 2000 1559.13
1.615 -3.70307 2000 1599.75
1.62 -3.77799 2000 1632.11
1.625 -3.83208 2000 1655.47
1.63 -3.86392 2000 1669.23
1.635 -3.87235 2000 1672.87
1.64 -3.85453 1999.96 1665.18
1.645 -3.80931 1999.94 1645.66
1.65 -3.73758 1999.95 1614.67
1.655 -3.64121 1999.96 1573.03
1.66 -3.52308 1999.97 1521.99
1.665 -3.38677 1999.97 1463.1
1.67 -3.2361 1999.98 1398.01
1.675 -3.07502 1999.98 1328.42
1.68 -2.90737 1999.99 1255.99
1.685 -2.73683 1999.99 1182.32
1.69 -2.56686 1999.99 1108.89
1.695 -2.40046 1999.99 1037
1.7 -2.23993 1999.99 967.653
1.705 -2.08647 2000 901.359
1.71 -1.94013 2000 838.139
1.715 -1.80004 2000 777.619
1.72 -1.665 2000 719.28
1.725 -1.53397 2000 662.676
1.73 -1.40623 2000 607.493
1.735 -1.28123 2000 553.493
1.74 -1.15847 2000 500.459
1.745 -1.0375 2000 448.201
1.75 -0.918089 2000 396.614
1.755 -0.800156 2000 345.667
1.76 -0.683596 2000 295.313
1.765 -0.568011 2000 245.38
1.77 -0.452533 2000 195.494
1.775 -0.33584 2000 145.082
1.78 -0.216487 2000 93.5216
1.785 -0.0934914 2000 40.3876
1.79 0.0330818 2000 -14.2921
1.795 0.161812 2000 -69.9037
1.8 0.290055 2000 -125.305
1.805 0.414479 2000 -179.056
1.81 0.531785 2000 -229.732
1.815 0.639197 2000 -276.135
1.82 0.7346 2000 -317.349
1.825 0.816457 2000 -352.711
1.83 0.88384 2000 -381.82
1.835 0.936601 2000 -404.613
1.84 0.975613 2000 -421.466
1.845 1.00293 2000 -433.268
1.85 1.02168 2000 -441.367
1.855 1.03553 2000 -447.351
1.86 1.04806 2000 -452.764
1.865 1.06215 2000 -458.851
1.87 1.07977 2000 -466.463
1.875 1.10213 2000 -476.119
1.88 1.12982 2000 -488.083
1.885 1.16295 2000 -502.395
1.89 1.20115 2000 -518.899
1.895 1.24368 2000 -537.269
1.9 1.28961 2000 -557.115
1.905 1.3382 2000 -578.105
1.91 1.38907 2000 -600.08
1.915 1.44233 2000 -623.089
1.92 1.49828 1999.99 -647.26
1.925 1.55711 1999.99 -672.678
1.93 1.61863 1999.99 -699.258
1.935 1.68275 1999.98 -726.957
1.94 1.74994 1999.98 -755.987
1.945 1.82102 1999.96 -786.695
1.95 1.89603 1999.92 -819.119
1.955 1.98056 1999.91 -855.656
1.96 2.07913 1999.92 -898.232
1.965 2.19465 1999.93 -948.131
1.97 2.32913 1999.94 -1006.22
1.975 2.48375 1999.95 -1073.02
1.98 2.659 1999.96 -1148.73
1.985 2.85467 1999.96 -1233.26
1.99 3.06999 1999.97 -1326.28
1.995 3.3038 1999.97 -1427.29
2 3.55493 1999.98 -1535.79
2.005 3.82252 1999.98 -1651.4
2.01 4.10607 1999.98 -1773.9
2.015 4.40521 1999.98 -1903.14
2.02 4.71929 1999.98 -2038.83
2.025 5.04698 1999.98 -2180.41
2.03 5.38605 1999.98 -2326.9
2.035 5.7333 1999.98 -2476.92
2.04 6.08473 1999.98 -2628.75
2.045 6.43582 1999.98 -2780.43
2.05 6.78177 1999.98 -2929.89
2.055 7.11784 1999.98 -3075.08
2.06 7.43983 1999.98 -3214.18
2.065 7.74482 1999.98 -3345.93
2.07 8.03171 1999.98 -3469.86
2.075 8.30115 1999.98 -3586.25
2.08 8.55473 1999.98 -3695.79
2.085 8.79401 1999.99 -3799.15
2.09 9.01965 1999.99 -3896.62
2.095 9.23133 1999.99 -3988.06
2.1 9.42813 1999.99 -4073.06
2.105 9.60932 1999.99 -4151.33
2.11 9.77489 1999.99 -4222.85
2.115 9.92581 1999.99 -4288.03
2.12 10.0638 1999.99 -4347.64
2.125 10.1911 1999.99 -4402.62
2.13 10.31 1999.99 -4453.96
2.135 10.4225 2000 -4502.56
2.14 10.5306 2000 -4549.25
2.145 10.6358 2000 -4594.7
2.15 10.7395 2000 -4639.49
2.155 10.8424 2000 -4683.96
2.16 10.9445 2000 -4728.06
2.165 11.0445 2000 -4771.24
2.17 11.1399 2000 -4812.46
2.175 11.228 2000 -4850.5
2.18 11.3062 2000 -4884.31
2.185 11.3732 2000 -4913.25
2.19 11.4285 2000 -4937.15
2.195 11.4724 2000 -4956.08
2.2 11.505 2000 -4970.17
2.205 11.5264 2000 -4979.41
2.21 11.5362 2000 -4983.63
2.215 11.5332 1999.99 -4982.37
2.22 11.5154 1999.98 -4974.69
2.225 11.4825 1999.99 -4960.48
2.23 11.4345 1999.99 -4939.71
2.235 11.3714 1999.99 -4912.44
2.24 11.2933 1999.99 -4878.73
2.245 11.2009 1999.99 -4838.78
2.25 11.0951 2000 -4793.09
2.255 10.9782 2000 -4742.59
2.26 10.8533 2000 -4688.65
2.265 10.7242 2000 -4632.84
2.27 10.5939 2000 -4576.58
2.275 10.4648 2000 -4520.79
2.28 10.3375 2000 -4465.78
2.285 10.2117 2000 -4411.44
2.29 10.0868 2000 -4357.48
2.295 9.96225 2000 -4303.69
2.3 9.83786 2000 -4249.95
2.305 9.71325 2000 -4196.12
2.31 9.58775 2000 -4141.91
2.315 9.46015 2000 -4086.79
2.32 9.32871 2000 -4030
2.325 9.19142 2000 -3970.69
2.33 9.04617 2000 -3907.95
2.335 8.89069 2000 -3840.78
2.34 8.72214 2000 -3767.96
2.345 8.53678 2000 -3687.89
2.35 8.33002 2000 -3598.57
2.355 8.09699 2000 -3497.9
2.36 7.83348 2000 -3384.06
2.365 7.53659 2000 -3255.8
2.37 7.20501 2000 -3112.56
2.375 6.83894 2000 -2954.41
2.38 6.44007 2000 -2782.1
2.385 6.01148 2000 -2596.95
2.39 5.55747 2000 -2400.81
2.395 5.08313 2000 -2195.89
2.4 4.59371 2000 -1984.46
2.405 4.09384 2000 -1768.51
2.41 3.5869 2000 -1549.5
2.415 3.07487 2000 -1328.29
2.42 2.5586 2000 -1105.26
2.425 2.03836 2000 -880.508
2.43 1.51391 2000 -653.932
2.435 0.984614 2000 -425.26
2.44 0.449463 2000 -194.054
2.445 -0.0928451 2000 40.2549
2.45 -0.643932 1999.99 278.356
2.455 -1.20544 1999.99 520.962
2.46 -1.77848 1999.97 768.568
2.465 -2.36384 1999.95 1021.48
2.47 -2.96104 1999.92 1279.49
2.475 -3.56675 1999.81 1541.17
2.48 -4.17538 1999.65 1804.03
2.485 -4.75724 1999.22 2055.62
2.49 -5.33066 1999.08 2303.59
2.495 -5.90768 1999.24 2552.74
2.5 -6.48516 1999.37 2802.15
2.505 -7.06005 1999.47 3050.48
2.51 -7.62893 1999.56 3296.23
2.515 -8.18834 1999.64 3537.89
2.52 -8.73514 1999.7 3774.1
2.525 -9.26668 1999.74 4003.72
2.53 -9.78079 1999.79 4225.8
2.535 -10.2757 1999.82 4439.58
2.54 -10.7498 1999.85 4644.37
2.545 -11.2016 1999.87 4839.53
2.55 -11.6298 1999.89 5024.48
2.555 -12.0333 1999.9 5198.78
2.56 -12.4116 1999.92 5362.17
2.565 -12.7643 1999.93 5514.53
2.57 -13.0917 1999.94 5655.9
2.575 -13.3941 1999.95 5786.55
2.58 -13.673 1999.96 5907
2.585 -13.9304 1999.96 6018.14
2.59 -14.1688 1999.97 6121.14
2.595 -14.3917 1999.97 6217.39
2.6 -14.6022 1999.98 6308.32
2.605 -14.8033 1999.98 6395.16
2.61 -14.9968 1999.98 6478.73
2.615 -15.1832 1999.98 6559.26
2.62 -15.362 1999.99 6636.47
2.625 -15.5314 1999.99 6709.68
2.63 -15.6896 1999.99 6778
2.635 -15.8342 1999.99 6840.45
2.64 -15.9629 1999.99 6896.04
2.645 -16.0734 1999.99 6943.75
2.65 -16.1631 1999.99 6982.49
2.655 -16.2294 1999.99 7011.13
2.66 -16.2696 2000 7028.51
2.665 -16.2812 2000 7033.53
2.67 -16.2583 1999.95 7023.73
2.675 -16.1974 1999.91 6997.48
2.68 -16.0979 1999.93 6954.47
2.685 -15.9603 1999.94 6894.99
2.69 -15.7877 1999.95 6820.38
2.695 -15.5855 1999.96 6733.03
2.7 -15.3617 1999.97 6636.31
2.705 -15.1254 1999.97 6534.21
2.71 -14.886 1999.98 6430.78
2.715 -14.6519 1999.98 6329.66
2.72 -14.4298 1999.99 6233.7
2.725 -14.2241 1999.99 6144.84
2.73 -14.0372 1999.99 6064.08
2.735 -13.8692 1999.99 5991.51
2.74 -13.7186 1999.99 5926.45
2.745 -13.5825 2000 5867.63
2.75 -13.457 2000 5813.45
2.755 -13.3386 2000 5762.27
2.76 -13.2239 2000 5712.73
2.765 -13.1107 2000 5663.81
2.77 -12.9976 2000 5614.95
2.775 -12.8842 2000 5565.97
2.78 -12.7707 2000 5516.94
2.785 -12.6577 2000 5468.13
2.79 -12.5461 2000 5419.93
2.795 -12.4371 2000 5372.81
2.8 -12.3317 2000 5327.27
2.805 -12.2312 2000 5283.86
2.81 -12.1369 2000 5243.16
2.815 -12.0505 2000 5205.8
2.82 -11.9735 2000 5172.55
2.825 -11.9082 2000 5144.33
2.83 -11.8571 2000 5122.29
2.835 -11.8235 2000 5107.75
2.84 -11.8105 2000 5102.15
2.845 -11.8215 2000 5106.89
2.85 -11.8596 2000 5123.33
2.855 -11.9276 2000 5152.73
2.86 -12.0284 2000 5196.26
2.865 -12.1643 2000 5254.98
2.87 -12.3372 2000 5329.68
2.875 -12.5482 2000 5420.81
2.88 -12.7976 2000 5528.54
2.885 -13.0856 2000 5652.98
2.89 -13.4128 2000 5794.32
2.895 -13.7802 2000 5953.07
2.9 -14.1899 2000 6130.04
2.905 -14.644 2000 6326.21
2.91 -15.1447 2000 6542.53
2.915 -15.6932 2000 6779.54
2.92 -16.2863 1999.95 7035.88
2.925 -16.841 1999.27 7277.07
2.93 -17.4367 1999.36 7534.24
2.935 -18.0706 1999.47 7807.94
2.94 -18.7417 1999.56 8097.78
2.945 -19.4493 1999.63 8403.44
2.95 -20.1935 1999.69 8724.9
2.955 -20.9751 1999.73 9062.59
2.96 -21.7962 1999.76 9417.33
2.965 -22.6594 1999.79 9790.26
2.97 -23.541 1999.92 10174.8
2.975 -24.4768 1999.97 10580.4
2.98 -25.4465 2000.01 11000.6
2.985 -26.425 2000.22 11428.9
2.99 -27.4554 2000.3 11876.4
2.995 -28.4583 2000.81 12315.8
3 -29.4816 2001.07 12762.4
3.005 -30.5061 2001.34 13206.6
3.01 -31.5029 2001.87 13642.9
3.015 -32.4638 2002.17 14061.4
3.02 -33.4863 2001.69 14496.8
3.025 -34.5081 2001.54 14935.5
3.03 -35.4509 2001.86 15345.5
3.035 -36.439 2001.43 15767.6
3.04 -37.4452 2001.08 16198.5
3.045 -38.3958 2001.6 16612.3
3.05 -39.3101 2002.03 17012.8
3.055 -40.2279 2001.85 17410.5
3.06 -41.1261 2001.69 17799.1
3.065 -41.9914 2001.92 18175.3
3.07 -42.7924 2002.4 18527.7
3.075 -43.554 2002.38 18860
3.08 -44.2911 2002.34 19180.4
3.085 -44.9715 2002.63 19481
3.09 -45.6163 2002.69 19760
3.095 -46.2072 2003.01 20015.1
3.1 -46.7432 2003.4 20249.8
3.105 -47.2575 2003.13 20470
3.11 -47.7526 2002.8 20678.3
3.115 -48.2252 2002.37 20878.2
3.12 -48.6637 2002.23 21065.3
3.125 -49.07 2002.14 21237.8
3.13 -49.4204 2001.86 21392.6
3.135 -49.7252 2001.52 21530.9
3.14 -49.9295 2000.9 21636.2
3.145 -50.0558 2000.76 21709.4
3.15 -49.9373 2000.17 21703.7
3.155 -49.6107 1998.25 21605.9
3.16 -49.22 1996.98 21440.7
3.165 -48.8429 1997.29 21254
3.17 -48.359 1997.08 21034
3.175 -47.814 1996.88 20783.8
3.18 -47.2899 1997.49 20527
3.185 -46.7268 1998 20263.2
3.19 -46.1109 1997.94 19986.4
3.195 -45.4233 1997.46 19686.3
3.2 -44.9809 1998.84 19448.4
3.205 -44.608 2000.24 19246.2
3.21 -44.1193 2000.04 19037.8
3.215 -43.6054 1999.67 18823
3.22 -43.218 2000.3 18641
3.225 -42.8428 2000.62 18471.8
3.23 -42.4071 1999.88 18294.2
3.235 -41.9632 1999.32 18111
3.24 -41.508 1998.93 17921.4
3.245 -41.0223 1998.26 17719.8
3.25 -40.5981 1998.58 17531.1
3.255 -40.1872 1998.91 17349.3
3.26 -39.7949 1998.85 17176.7
3.265 -39.7154 2000.1 17112.1
3.27 -39.5264 1999.75 17040.2
3.275 -39.305 1999.03 16955.5
3.28 -39.2725 2000.3 16921.1
3.285 -39.28 2000.8 16913.2
3.29 -39.2191 2000.2 16899.6
3.295 -39.1679 1999.99 16886.5
3.3 -39.1188 1999.81 16872.6
3.305 -39.0751 1999.57 16858.9
3.31 -39.0457 1999.6 16849.3
3.315 -39.0133 1999.56 16839.2
3.32 -38.9817 1999.52 16828.7
3.325 -38.9506 1999.49 16817.9
3.33 -38.9198 1999.45 16806.7
3.335 -38.8891 1999.41 16795.2
3.34 -38.8583 1999.37 16783.3
3.345 -38.8273 1999.33 16771.1
3.35 -38.7961 1999.29 16758.6
3.355 -38.7646 1999.25 16745.8
3.36 -38.7329 1999.21 16732.7
3.365 -38.6868 1998.59 16715.3
3.37 -38.6443 1998.37 16698
3.375 -38.6065 1998.53 16681.4
3.38 -38.5524 1997.61 16659.9
3.385 -38.4944 1997.32 16636.1
3.39 -38.4281 1997.32 16608
3.395 -38.3785 1997.95 16586
3.4 -38.331 1997.92 16565.5
3.405 -38.2856 1998.05 16545.3
3.41 -38.2429 1998.16 16526.3
3.415 -38.2041 1998.28 16509.1
3.42 -38.1971 1999.94 16502.9
3.425 -38.1944 2000.59 16500.3
3.43 -38.1932 2000.44 16499.8
3.435 -38.1131 1999.96 16477.2
3.44 -38.0067 1999.79 16437.1
3.445 -37.8929 1999.76 16382.6
3.45 -37.7545 1999.68 16316.6
3.455 -37.6038 1999.55 16244.6
3.46 -37.448 1999.41 16170.8
3.465 -37.2895 1999.28 16097.2
3.47 -37.1284 1999.24 16024.3
3.475 -36.9624 1999.25 15951.1
3.48 -36.7897 1999.3 15876.4
3.485 -36.6092 1999.36 15799.2
3.49 -36.4202 1999.43 15718.8
3.495 -36.2219 1999.49 15634.7
3.5 -36.0156 1999.42 15546.9
3.505 -35.8016 1999.38 15455.8
3.51 -35.5794 1999.42 15361.2
3.515 -35.3486 1999.42 15262.7
3.52 -35.1198 1999.11 15164.2
3.525 -34.8876 1998.84 15064.8
3.53 -34.6474 1998.28 14962.4
3.535 -34.3872 1999.76 14853.9
3.54 -34.0894 2001.22 14728.7
3.545 -33.7689 2000.76 14589.7
3.55 -33.4429 2000.4 14448.3
3.555 -33.1104 2000.05 14304.3
3.56 -32.7798 1999.23 14160
3.565 -32.4473 1999.05 14016.8
3.57 -32.0556 2000.55 13852.2
3.575 -31.6474 1999.91 13674.8
3.58 -31.2406 1999.47 13497.9
3.585 -30.8379 1998.49 13322.2
3.59 -30.4291 1997.36 13144.5
3.595 -30.0419 1996.52 12973.9
3.6 -29.6819 1995.42 12816.2
3.605 -29.3171 1995.8 12662.8
3.61 -28.9146 1997.25 12499.7
3.615 -28.3501 2000.41 12269.6
3.62 -27.6048 2004.78 11968.5
3.625 -26.7749 2007.33 11622.6
3.63 -25.5203 2009.27 11105.4
3.635 -24.1211 2009.35 10512.9
3.64 -22.5481 2009.89 9836.69
3.645 -20.6332 2012.22 9035.81
3.65 -18.3855 2015.71 8108.87
3.655 -15.8987 2016 7048.72
3.66 -13.1863 2015.66 5887.72
3.665 -10.17 2016.51 4611.87
3.67 -6.93878 2016.32 3227.02
3.675 -3.82139 2014.14 1844.29
3.68 -0.602912 2012.01 430.406
3.685 2.73072 2010 -1026.52
3.69 6.40534 2009.2 -2593.66
3.695 10.4507 2009.05 -4292.05
3.7 14.8999 2007.94 -6166.16
3.705 19.5902 2003.94 -8145.64
3.71 24.2161 2002.19 -10143.4
3.715 28.1453 2004.64 -11930.4
3.72 31.2619 2008.4 -13408.1
3.725 34.1195 2009.01 -14720.3
3.73 36.6782 2010.06 -15888.5
3.735 39.1138 2009.97 -16974
3.74 41.2641 2010.02 -17933.8
3.745 43.2088 2009.42 -18802.7
3.75 45.0054 2009.34 -19585.7
3.755 46.5998 2009.7 -20274.3
3.76 47.9869 2010.69 -20866.6
3.765 49.1288 2010.73 -21359.1
3.77 49.8932 2010.16 -21723.7
3.775 49.9045 2007.41 -21849.8
3.78 48.4032 1998.6 -21455.9
3.785 46.7747 1990.81 -20821.4
3.79 45.2723 1988.4 -20100.2
3.795 44.0476 1990.63 -19408.6
3.8 43.1985 1993.27 -18884.4
3.805 42.407 1995.07 -18448.6
3.81 41.5708 1996.1 -18019.6
3.815 40.5186 1993.9 -17563.6
3.82 39.6433 1993.79 -17162.5
3.825 39.4115 1995.1 -16995.7
3.83 39.2454 1995.55 -16894.4
3.835 39.2705 1997.1 -16873.2
3.84 39.135 1995.71 -16836.9
3.845 39.0508 1995.94 -16812.9
3.85 38.9558 1995.88 -16785.3
3.855 38.8556 1995.64 -16753.5
3.86 38.726 1994.38 -16710.1
3.865 38.5647 1992.95 -16651.7
3.87 38.3719 1991.76 -16577.5
3.875 38.1726 1994.01 -16494.4
3.88 37.997 1996.93 -16414.8
3.885 37.7746 1995.45 -16325.5
3.89 37.5261 1993.63 -16223.9
3.895 37.2818 1993.89 -16115.3
3.9 37.1448 1996.13 -16045.5
3.905 36.8886 1992.76 -15942.8
3.91 0.0591396 -24.4905 -26.5353
