0.1 -2.43015e-17 -0.0169754 1.12507e-19
0.2 -3.81153e-17 -0.0342101 1.7646e-19
0.3 -6.85137e-17 -0.0517163 3.17193e-19
0.4 -1.30162e-16 -0.0695072 6.026e-19
0.5 -4.40857e-17 -0.0875973 2.04101e-19
0.6 -9.93738e-17 -0.106002 4.60064e-19
0.7 6.62123e-18 -0.124739 -3.06538e-20
0.8 -1.73482e-16 -0.143827 8.03158e-19
0.9 -2.08133e-16 -0.1633 9.63577e-19
1 -2.65025e-16 -0.183256 1.22697e-18
0.005 7.60905e-07 -0.183256 -2.64203e-09
0.01 3.80875e-06 -0.183256 -1.32248e-08
0.015 9.90457e-06 -0.183256 -3.43909e-08
0.02 1.90317e-05 -0.183256 -6.60821e-08
0.025 3.11604e-05 -0.183256 -1.08196e-07
0.03 4.62554e-05 -0.183256 -1.60609e-07
0.035 6.42796e-05 -0.183256 -2.23193e-07
0.04 8.51909e-05 -0.183256 -2.95802e-07
0.045 0.00010893 -0.183256 -3.78229e-07
0.05 0.00013541 -0.183257 -4.70175e-07
0.055 0.000164523 -0.183257 -5.7126e-07
0.06 0.000196143 -0.183257 -6.81051e-07
0.065 0.000230149 -0.183257 -7.99129e-07
0.07 0.000266437 -0.183257 -9.25127e-07
0.075 0.000304896 -0.183257 -1.05866e-06
0.08 0.00034539 -0.183257 -1.19927e-06
0.085 0.000387759 -0.183257 -1.34638e-06
0.09 0.000431836 -0.183257 -1.49943e-06
0.095 0.000477464 -0.183257 -1.65786e-06
0.1 0.000524489 -0.183258 -1.82114e-06
0.105 0.00057273 -0.183258 -1.98864e-06
0.11 0.000621963 -0.183258 -2.15959e-06
0.115 0.000671922 -0.183258 -2.33306e-06
0.12 0.00072234 -0.183258 -2.50812e-06
0.125 0.000772922 -0.183258 -2.68375e-06
0.13 0.000823289 -0.183258 -2.85863e-06
0.135 0.000873028 -0.183258 -3.03134e-06
0.14 0.000921845 -0.183259 -3.20084e-06
0.145 0.000969604 -0.183259 -3.36667e-06
0.15 0.00101627 -0.183259 -3.5287e-06
0.155 0.00106181 -0.183259 -3.68681e-06
0.16 0.00110607 -0.183259 -3.84051e-06
0.165 0.00114881 -0.183259 -3.98892e-06
0.17 0.00118975 -0.183259 -4.13105e-06
0.175 0.00122863 -0.183259 -4.26607e-06
0.18 0.00126533 -0.18326 -4.39348e-06
0.185 0.00129984 -0.18326 -4.51331e-06
0.19 0.00133223 -0.18326 -4.62579e-06
0.195 0.00136257 -0.18326 -4.73113e-06
0.2 0.00139098 -0.18326 -4.82976e-06
0.205 0.00141742 -0.18326 -4.92158e-06
0.21 0.00144143 -0.18326 -5.00492e-06
0.215 0.00146221 -0.18326 -5.07708e-06
0.22 0.0014791 -0.18326 -5.13572e-06
0.225 0.00149176 -0.18326 -5.1797e-06
0.23 0.00150019 -0.18326 -5.20895e-06
0.235 0.00150469 -0.18326 -5.2246e-06
0.24 0.001506 -0.18326 -5.22912e-06
0.245 0.00150484 -0.18326 -5.22511e-06
0.25 0.00150139 -0.18326 -5.21313e-06
0.255 0.00149487 -0.18326 -5.19048e-06
0.26 0.00148371 -0.18326 -5.15174e-06
0.265 0.00146581 -0.18326 -5.08959e-06
0.27 0.00143877 -0.18326 -4.99569e-06
0.275 0.00140018 -0.18326 -4.86172e-06
0.28 0.00134785 -0.18326 -4.68001e-06
0.285 0.00127972 -0.18326 -4.44345e-06
0.29 0.00119374 -0.18326 -4.14489e-06
0.295 0.00108764 -0.18326 -3.77649e-06
0.3 0.000959027 -0.18326 -3.32992e-06
0.305 0.000805982 -0.18326 -2.79851e-06
0.31 0.000627787 -0.18326 -2.17978e-06
0.315 0.000425001 -0.18326 -1.47566e-06
0.32 0.000199074 -0.18326 -6.91194e-07
0.325 -4.79387e-05 -0.18326 1.66443e-07
0.33 -0.000313553 -0.183261 1.08868e-06
0.335 -0.000595233 -0.183262 2.06675e-06
0.34 -0.000891029 -0.183262 3.09383e-06
0.345 -0.00120006 -0.183263 4.16686e-06
0.35 -0.00152239 -0.183264 5.28607e-06
0.355 -0.0018585 -0.183265 6.4531e-06
0.36 -0.00220888 -0.183266 7.6697e-06
0.365 -0.0025742 -0.183267 8.93818e-06
0.37 -0.00295579 -0.183268 1.02631e-05
0.375 -0.00335648 -0.183269 1.16544e-05
0.38 -0.00378159 -0.18327 1.31305e-05
0.385 -0.00423961 -0.183271 1.47208e-05
0.39 -0.00474138 -0.183272 1.6463e-05
0.395 -0.00529543 -0.183274 1.83867e-05
0.4 -0.00590207 -0.183275 2.04931e-05
0.405 -0.00655351 -0.183277 2.2755e-05
0.41 -0.00723866 -0.183278 2.51339e-05
0.415 -0.00794673 -0.18328 2.75924e-05
0.42 -0.0086689 -0.183282 3.00999e-05
0.425 -0.00939916 -0.183284 3.26354e-05
0.43 -0.0101347 -0.183285 3.51893e-05
0.435 -0.0108757 -0.183287 3.77622e-05
0.44 -0.011624 -0.183289 4.03603e-05
0.445 -0.0123812 -0.183291 4.29894e-05
0.45 -0.0131482 -0.183293 4.56523e-05
0.455 -0.0139251 -0.183295 4.83499e-05
0.46 -0.0147122 -0.183297 5.10825e-05
0.465 -0.0155087 -0.183299 5.3848e-05
0.47 -0.0163123 -0.183301 5.66381e-05
0.475 -0.0171188 -0.183303 5.94382e-05
0.48 -0.0179231 -0.183305 6.2231e-05
0.485 -0.0187208 -0.183307 6.50003e-05
0.49 -0.0195072 -0.183309 6.77309e-05
0.495 -0.0202787 -0.183311 7.04096e-05
0.5 -0.0210327 -0.183312 7.30273e-05
0.505 -0.0217675 -0.183314 7.55786e-05
0.51 -0.0224816 -0.183316 7.80575e-05
0.515 -0.0231727 -0.183318 8.04572e-05
0.52 -0.0238389 -0.183319 8.27701e-05
0.525 -0.0244787 -0.183321 8.49915e-05
0.53 -0.0250923 -0.183322 8.71219e-05
0.535 -0.0256824 -0.183324 8.91706e-05
0.54 -0.0262556 -0.183325 9.11608e-05
0.545 -0.0268244 -0.183327 9.31354e-05
0.55 -0.0274055 -0.183328 9.51529e-05
0.555 -0.0280118 -0.18333 9.72579e-05
0.56 -0.0286427 -0.183331 9.94482e-05
0.565 -0.0292842 -0.183333 0.000101675
0.57 -0.0299165 -0.183334 0.000103871
0.575 -0.0305197 -0.183336 0.000105965
0.58 -0.0310759 -0.183337 0.000107896
0.585 -0.0315703 -0.183338 0.000109612
0.59 -0.031993 -0.18334 0.00011108
0.595 -0.0323422 -0.18334 0.000112292
0.6 -0.0326246 -0.183341 0.000113273
0.605 -0.0328536 -0.183342 0.000114068
0.61 -0.0330457 -0.183342 0.000114735
0.615 -0.0332196 -0.183343 0.000115338
0.62 -0.0333961 -0.183343 0.000115951
0.625 -0.0336001 -0.183344 0.000116659
0.63 -0.0338614 -0.183344 0.000117566
0.635 -0.0342152 -0.183345 0.000118795
0.64 -0.0346984 -0.183346 0.000120472
0.645 -0.0353429 -0.183348 0.00012271
0.65 -0.0361634 -0.18335 0.000125558
0.655 -0.037148 -0.183352 0.000128977
0.66 -0.038259 -0.183355 0.000132834
0.665 -0.0394417 -0.183358 0.00013694
0.67 -0.0406367 -0.183361 0.000141089
0.675 -0.0417923 -0.183364 0.0001451
0.68 -0.0428769 -0.183367 0.000148866
0.685 -0.0438888 -0.183369 0.000152379
0.69 -0.0448518 -0.183372 0.000155722
0.695 -0.0458035 -0.183374 0.000159026
0.7 -0.0467861 -0.183376 0.000162437
0.705 -0.0478404 -0.183379 0.000166097
0.71 -0.0490018 -0.183382 0.000170129
0.715 -0.0503014 -0.183385 0.00017464
0.72 -0.0517674 -0.183389 0.00017973
0.725 -0.0534206 -0.183393 0.000185469
0.73 -0.0552697 -0.183397 0.000191888
0.735 -0.0573102 -0.183403 0.000198971
0.74 -0.059528 -0.183408 0.00020667
0.745 -0.061901 -0.183414 0.000214908
0.75 -0.0643963 -0.18342 0.00022357
0.755 -0.0669689 -0.183427 0.000232501
0.76 -0.0695664 -0.183433 0.000241517
0.765 -0.0721395 -0.18344 0.000250449
0.77 -0.0746613 -0.183446 0.000259203
0.775 -0.0771388 -0.183452 0.000267802
0.78 -0.0796034 -0.183459 0.000276357
0.785 -0.0820931 -0.183465 0.000284999
0.79 -0.0846417 -0.183471 0.000293844
0.795 -0.0872768 -0.183478 0.000302989
0.8 -0.0900225 -0.183485 0.000312518
0.805 -0.0929013 -0.183492 0.000322507
0.81 -0.0959305 -0.1835 0.000333017
0.815 -0.0991116 -0.183508 0.000344052
0.82 -0.102427 -0.183516 0.000355552
0.825 -0.105849 -0.183525 0.000367418
0.83 -0.109344 -0.183534 0.000379533
0.835 -0.112877 -0.183544 0.000391778
0.84 -0.11643 -0.183553 0.000404089
0.845 -0.120015 -0.183562 0.000416509
0.85 -0.123671 -0.183572 0.000429172
0.855 -0.127447 -0.183582 0.000442246
0.86 -0.13139 -0.183593 0.000455894
0.865 -0.135529 -0.183604 0.000470219
0.87 -0.139859 -0.183616 0.000485203
0.875 -0.144352 -0.183629 0.00050075
0.88 -0.148977 -0.183641 0.000516748
0.885 -0.153705 -0.183655 0.000533103
0.89 -0.158517 -0.183668 0.000549748
0.895 -0.163416 -0.183682 0.000566691
0.9 -0.168427 -0.183696 0.000584023
0.905 -0.173589 -0.183711 0.000601873
0.91 -0.178936 -0.183726 0.000620368
0.915 -0.1845 -0.183742 0.000639611
0.92 -0.190304 -0.183758 0.000659689
0.925 -0.196372 -0.183776 0.000680682
0.93 -0.202731 -0.183795 0.000702685
0.935 -0.209419 -0.183814 0.000725829
0.94 -0.216487 -0.183835 0.00075029
0.945 -0.223997 -0.183858 0.000776285
0.95 -0.232014 -0.183881 0.000804033
0.955 -0.240572 -0.183907 0.000833657
0.96 -0.249656 -0.183935 0.000865104
0.965 -0.259205 -0.183964 0.000898158
0.97 -0.269136 -0.183994 0.000932537
0.975 -0.279373 -0.184026 0.000967974
0.98 -0.289851 -0.184059 0.00100425
0.985 -0.300535 -0.184092 0.00104123
0.99 -0.311433 -0.184126 0.00107895
0.995 -0.322595 -0.184161 0.00111759
1 -0.334084 -0.184198 0.00115735
1.005 -0.345954 -0.184235 0.00119843
1.01 -0.358232 -0.184275 0.00124092
1.015 -0.370913 -0.184315 0.0012848
1.02 -0.383972 -0.184357 0.00132999
1.025 -0.397379 -0.1844 0.00137638
1.03 -0.411112 -0.184444 0.0014239
1.035 -0.425151 -0.18449 0.00147247
1.04 -0.439477 -0.184537 0.00152203
1.045 -0.454069 -0.184584 0.00157251
1.05 -0.4689 -0.184633 0.00162382
1.055 -0.483943 -0.184683 0.00167586
1.06 -0.499187 -0.184734 0.0017286
1.065 -0.514647 -0.184785 0.00178208
1.07 -0.530367 -0.184838 0.00183646
1.075 -0.546412 -0.184892 0.00189196
1.08 -0.562845 -0.184948 0.00194881
1.085 -0.579686 -0.185005 0.00200708
1.09 -0.59689 -0.185064 0.00206661
1.095 -0.614359 -0.185124 0.00212705
1.1 -0.631963 -0.185185 0.00218796
1.105 -0.649575 -0.185246 0.0022489
1.11 -0.66708 -0.185307 0.00230947
1.115 -0.684382 -0.185368 0.00236934
1.12 -0.701418 -0.185428 0.00242828
1.125 -0.718161 -0.185487 0.00248621
1.13 -0.734614 -0.185546 0.00254313
1.135 -0.750806 -0.185603 0.00259915
1.14 -0.76678 -0.185661 0.00265441
1.145 -0.782593 -0.185717 0.00270911
1.15 -0.798307 -0.185774 0.00276346
1.155 -0.813981 -0.185831 0.00281768
1.16 -0.829666 -0.185888 0.00287193
1.165 -0.845401 -0.185946 0.00292635
1.17 -0.861221 -0.186004 0.00298106
1.175 -0.877162 -0.186062 0.00303619
1.18 -0.893263 -0.186122 0.00309187
1.185 -0.909562 -0.186182 0.00314822
1.19 -0.926098 -0.186244 0.00320539
1.195 -0.942917 -0.186306 0.00326354
1.2 -0.960062 -0.186371 0.0033228
1.205 -0.977567 -0.186436 0.00338331
1.21 -0.995435 -0.186504 0.00344507
1.215 -1.01362 -0.186573 0.00350791
1.22 -1.03204 -0.186643 0.00357157
1.225 -1.0506 -0.186714 0.00363571
1.23 -1.0692 -0.186785 0.00369998
1.235 -1.08775 -0.186857 0.00376404
1.24 -1.10616 -0.186928 0.00382764
1.245 -1.12441 -0.186999 0.00389069
1.25 -1.14254 -0.187069 0.00395328
1.255 -1.16059 -0.18714 0.00401562
1.26 -1.1786 -0.187211 0.00407783
1.265 -1.19656 -0.187282 0.00413982
1.27 -1.21437 -0.187352 0.00420133
1.275 -1.23195 -0.187422 0.00426201
1.28 -1.24923 -0.187491 0.00432167
1.285 -1.26624 -0.187559 0.00438035
1.29 -1.28303 -0.187627 0.00443833
1.295 -1.29974 -0.187695 0.00449599
1.3 -1.31646 -0.187762 0.00455369
1.305 -1.33326 -0.187831 0.00461165
1.31 -1.35013 -0.187899 0.00466984
1.315 -1.36698 -0.187969 0.004728
1.32 -1.38374 -0.188037 0.0047858
1.325 -1.4003 -0.188106 0.00484292
1.33 -1.41659 -0.188173 0.00489912
1.335 -1.43261 -0.18824 0.00495435
1.34 -1.44838 -0.188306 0.00500873
1.345 -1.46399 -0.188371 0.00506257
1.35 -1.47954 -0.188436 0.00511618
1.355 -1.49511 -0.188502 0.00516985
1.36 -1.51076 -0.188566 0.00522363
1.365 -1.5265 -0.188628 0.00527757
1.37 -1.5423 -0.188692 0.00533171
1.375 -1.55813 -0.188755 0.00538593
1.38 -1.57398 -0.188819 0.00544026
1.385 -1.58993 -0.188884 0.00549488
1.39 -1.60599 -0.188949 0.00554992
1.395 -1.62218 -0.189015 0.00560536
1.4 -1.63845 -0.189079 0.00566089
1.405 -1.65475 -0.189142 0.00571636
1.41 -1.67103 -0.189204 0.00577177
1.415 -1.68728 -0.189267 0.00582707
1.42 -1.70353 -0.18933 0.00588236
1.425 -1.71984 -0.189394 0.00593789
1.43 -1.73632 -0.189459 0.00599397
1.435 -1.75306 -0.189524 0.00605094
1.44 -1.77019 -0.189587 0.00610887
1.445 -1.78783 -0.189647 0.00616819
1.45 -1.80605 -0.18971 0.00622952
1.455 -1.8249 -0.189776 0.00629297
1.46 -1.84434 -0.189843 0.00635836
1.465 -1.86429 -0.189903 0.00642507
1.47 -1.88465 -0.189955 0.00649285
1.475 -1.90535 -0.19001 0.00656177
1.48 -1.92631 -0.190066 0.00663158
1.485 -1.94748 -0.190123 0.0067021
1.49 -1.96883 -0.190176 0.00677286
1.495 -1.99034 -0.190225 0.00684383
1.5 -2.01203 -0.190275 0.00691536
1.505 -2.03391 -0.190314 0.00698714
1.51 -2.05596 -0.190346 0.00705921
1.515 -2.0782 -0.19038 0.00713192
1.52 -2.10065 -0.190415 0.00720536
1.525 -2.1234 -0.190451 0.00727976
1.53 -2.14653 -0.190489 0.00735541
1.535 -2.17012 -0.190529 0.00743257
1.54 -2.19424 -0.190569 0.00751146
1.545 -2.21895 -0.190587 0.00759138
1.55 -2.24423 -0.190583 0.0076723
1.555 -2.26999 -0.190581 0.00775483
1.56 -2.29614 -0.190581 0.00783859
1.565 -2.32255 -0.190581 0.00792319
1.57 -2.34912 -0.190583 0.00800833
1.575 -2.3758 -0.190586 0.00809382
1.58 -2.4026 -0.190589 0.00817968
1.585 -2.42955 -0.190594 0.00826602
1.59 -2.4567 -0.190599 0.008353
1.595 -2.48411 -0.190605 0.00844078
1.6 -2.51181 -0.190611 0.00852946
1.605 -2.53984 -0.190596 0.00861861
1.61 -2.56823 -0.190559 0.00870819
1.615 -2.59697 -0.19052 0.00879872
1.62 -2.62607 -0.190482 0.00889036
1.625 -2.65548 -0.190446 0.008983
1.63 -2.68517 -0.19041 0.00907651
1.635 -2.71511 -0.190375 0.00917081
1.64 -2.74531 -0.190341 0.0092659
1.645 -2.77579 -0.190307 0.00936185
1.65 -2.80658 -0.190274 0.00945875
1.655 -2.83771 -0.190242 0.0095567
1.66 -2.8692 -0.190209 0.00965574
1.665 -2.90104 -0.190176 0.00975581
1.67 -2.9332 -0.190121 0.00985641
1.675 -2.96565 -0.190045 0.00995724
1.68 -2.99832 -0.189966 0.0100585
1.685 -3.03113 -0.189885 0.0101601
1.69 -3.06396 -0.189802 0.0102615
1.695 -3.09668 -0.189715 0.0103623
1.7 -3.12912 -0.189625 0.010462
1.705 -3.16117 -0.189538 0.0105605
1.71 -3.19274 -0.189453 0.0106574
1.715 -3.2238 -0.189369 0.0107528
1.72 -3.25434 -0.189276 0.0108459
1.725 -3.28436 -0.189175 0.010937
1.73 -3.31388 -0.189078 0.0110266
1.735 -3.34291 -0.188983 0.0111147
1.74 -3.37149 -0.188891 0.0112014
1.745 -3.39967 -0.1888 0.0112868
1.75 -3.4275 -0.188699 0.0113707
1.755 -3.45505 -0.188578 0.0114531
1.76 -3.48247 -0.18845 0.0115349
1.765 -3.5099 -0.188317 0.0116165
1.77 -3.53753 -0.188181 0.0116985
1.775 -3.56554 -0.188043 0.0117817
1.78 -3.59407 -0.187903 0.0118663
1.785 -3.62322 -0.187747 0.0119521
1.79 -3.65307 -0.187575 0.0120394
1.795 -3.6837 -0.187399 0.0121289
1.8 -3.71517 -0.187221 0.0122209
1.805 -3.74758 -0.187038 0.0123156
1.81 -3.78097 -0.186848 0.0124131
1.815 -3.81534 -0.186636 0.0125126
1.82 -3.85061 -0.186404 0.0126141
1.825 -3.88661 -0.186169 0.0127176
1.83 -3.92311 -0.18593 0.0128225
1.835 -3.95988 -0.185679 0.0129283
1.84 -3.99671 -0.1854 0.0130334
1.845 -4.03344 -0.185106 0.0131374
1.85 -4.06994 -0.184815 0.0132407
1.855 -4.10618 -0.184528 0.0133431
1.86 -4.14215 -0.184241 0.0134446
1.865 -4.17789 -0.183933 0.0135447
1.87 -4.21343 -0.183606 0.0136435
1.875 -4.24877 -0.183281 0.0137416
1.88 -4.28393 -0.182959 0.0138392
1.885 -4.3189 -0.182638 0.0139361
1.89 -4.35371 -0.182307 0.0140319
1.895 -4.38838 -0.181961 0.0141267
1.9 -4.42292 -0.181613 0.0142212
1.905 -4.45737 -0.181267 0.0143153
1.91 -4.49178 -0.180923 0.0144093
1.915 -4.52617 -0.180579 0.0145031
1.92 -4.56053 -0.180225 0.0145966
1.925 -4.5948 -0.179864 0.0146898
1.93 -4.62888 -0.179507 0.0147823
1.935 -4.66269 -0.179153 0.014874
1.94 -4.69614 -0.178803 0.0149647
1.945 -4.72921 -0.178458 0.0150542
1.95 -4.76189 -0.178118 0.0151426
1.955 -4.79425 -0.17778 0.0152303
1.96 -4.82634 -0.177444 0.0153173
1.965 -4.85819 -0.177111 0.0154036
1.97 -4.8898 -0.176779 0.015489
1.975 -4.92111 -0.176448 0.0155734
1.98 -4.95209 -0.176121 0.0156568
1.985 -4.98272 -0.175787 0.0157392
1.99 -5.01308 -0.175446 0.0158209
1.995 -5.04324 -0.175108 0.0159019
2 -5.07329 -0.174772 0.0159825
2.005 -5.10325 -0.174437 0.0160627
2.01 -5.13311 -0.174105 0.0161426
2.015 -5.16282 -0.173774 0.0162219
2.02 -5.1923 -0.173446 0.0163004
2.025 -5.22149 -0.173117 0.0163778
2.03 -5.25037 -0.172786 0.016454
2.035 -5.27896 -0.172458 0.0165292
2.04 -5.30734 -0.172132 0.0166038
2.045 -5.33562 -0.171808 0.0166779
2.05 -5.36392 -0.171484 0.0167519
2.055 -5.39235 -0.171159 0.0168262
2.06 -5.421 -0.170832 0.0169008
2.065 -5.44989 -0.170503 0.0169759
2.07 -5.47894 -0.170172 0.0170512
2.075 -5.50798 -0.169841 0.0171262
2.08 -5.53675 -0.169514 0.0172004
2.085 -5.56504 -0.169192 0.0172731
2.09 -5.59263 -0.168879 0.0173437
2.095 -5.61941 -0.168574 0.0174121
2.1 -5.64536 -0.168272 0.0174777
2.105 -5.67054 -0.167973 0.0175398
2.11 -5.69501 -0.16768 0.0175988
2.115 -5.71884 -0.167396 0.0176555
2.12 -5.74211 -0.16712 0.01771
2.125 -5.76491 -0.16685 0.0177632
2.13 -5.78736 -0.166586 0.0178155
2.135 -5.80956 -0.166325 0.0178671
2.14 -5.83162 -0.166066 0.0179182
2.145 -5.85359 -0.165808 0.017969
2.15 -5.87552 -0.165552 0.0180194
2.155 -5.89749 -0.165303 0.0180688
2.16 -5.91959 -0.165061 0.0181174
2.165 -5.94193 -0.164817 0.0181666
2.17 -5.9646 -0.16457 0.0182164
2.175 -5.9877 -0.16432 0.0182671
2.18 -6.01133 -0.164064 0.0183189
2.185 -6.03557 -0.163804 0.0183719
2.19 -6.06049 -0.163537 0.0184263
2.195 -6.08602 -0.163265 0.0184819
2.2 -6.11197 -0.162991 0.0185383
2.205 -6.13804 -0.162718 0.0185948
2.21 -6.16386 -0.162456 0.0186499
2.215 -6.18907 -0.162207 0.018703
2.22 -6.21339 -0.161968 0.0187542
2.225 -6.2366 -0.161735 0.0188029
2.23 -6.25855 -0.161509 0.0188488
2.235 -6.27917 -0.161297 0.0188918
2.24 -6.29847 -0.1611 0.0189321
2.245 -6.31651 -0.160917 0.0189697
2.25 -6.33335 -0.160746 0.0190048
2.255 -6.34903 -0.160587 0.0190375
2.26 -6.36355 -0.160441 0.0190677
2.265 -6.3769 -0.160307 0.0190955
2.27 -6.38907 -0.160185 0.0191208
2.275 -6.40014 -0.160075 0.0191438
2.28 -6.4102 -0.159975 0.0191647
2.285 -6.4194 -0.159883 0.0191838
2.29 -6.4279 -0.159799 0.0192015
2.295 -6.43579 -0.159719 0.0192178
2.3 -6.44315 -0.159645 0.0192331
2.305 -6.45002 -0.159575 0.0192473
2.31 -6.45646 -0.15951 0.0192606
2.315 -6.46254 -0.159449 0.0192732
2.32 -6.46839 -0.15939 0.0192853
2.325 -6.4741 -0.159332 0.0192971
2.33 -6.47976 -0.159275 0.0193088
2.335 -6.48533 -0.159219 0.0193203
2.34 -6.4907 -0.159166 0.0193314
2.345 -6.49569 -0.159116 0.0193417
2.35 -6.50011 -0.159071 0.0193508
2.355 -6.50372 -0.159035 0.0193583
2.36 -6.50633 -0.159009 0.0193637
2.365 -6.50772 -0.158995 0.0193665
2.37 -6.50766 -0.158996 0.0193664
2.375 -6.50596 -0.159019 0.0193618
2.38 -6.50246 -0.159069 0.0193517
2.385 -6.49706 -0.159146 0.0193363
2.39 -6.48977 -0.15925 0.0193154
2.395 -6.48069 -0.159379 0.0192894
2.4 -6.46998 -0.159532 0.0192587
2.405 -6.45788 -0.159705 0.0192241
2.41 -6.44459 -0.159894 0.0191861
2.415 -6.43036 -0.160097 0.0191454
2.42 -6.4154 -0.16031 0.0191027
2.425 -6.39987 -0.160531 0.0190583
2.43 -6.38391 -0.160756 0.0190126
2.435 -6.36753 -0.160989 0.0189658
2.44 -6.3507 -0.161227 0.0189178
2.445 -6.33333 -0.161474 0.0188682
2.45 -6.3153 -0.161731 0.0188167
2.455 -6.29652 -0.161997 0.0187632
2.46 -6.27693 -0.162265 0.0187073
2.465 -6.2565 -0.162537 0.018649
2.47 -6.2352 -0.162823 0.0185883
2.475 -6.21298 -0.163121 0.0185251
2.48 -6.18979 -0.163433 0.0184594
2.485 -6.16562 -0.163756 0.0183912
2.49 -6.14054 -0.164087 0.0183204
2.495 -6.11467 -0.164425 0.0182472
2.5 -6.08816 -0.164775 0.0181722
2.505 -6.06118 -0.165133 0.0180961
2.51 -6.0339 -0.165498 0.0180192
2.515 -6.00645 -0.165866 0.0179419
2.52 -5.97894 -0.166235 0.0178646
2.525 -5.95143 -0.1666 0.0177873
2.53 -5.92398 -0.166959 0.0177102
2.535 -5.89668 -0.167318 0.0176337
2.54 -5.86963 -0.167675 0.017558
2.545 -5.843 -0.168028 0.0174835
2.55 -5.81693 -0.168371 0.0174106
2.555 -5.79156 -0.168702 0.0173398
2.56 -5.76696 -0.169024 0.0172712
2.565 -5.74315 -0.169338 0.0172049
2.57 -5.72014 -0.169641 0.0171408
2.575 -5.69786 -0.169936 0.0170789
2.58 -5.67629 -0.170223 0.0170189
2.585 -5.65539 -0.170501 0.0169608
2.59 -5.63518 -0.170769 0.0169048
2.595 -5.61575 -0.171023 0.0168509
2.6 -5.59718 -0.171267 0.0167995
2.605 -5.57958 -0.171499 0.0167507
2.61 -5.563 -0.171717 0.0167049
2.615 -5.54745 -0.171923 0.0166619
2.62 -5.53287 -0.172116 0.0166215
2.625 -5.51915 -0.172298 0.0165836
2.63 -5.50617 -0.17247 0.0165478
2.635 -5.49381 -0.172634 0.0165138
2.64 -5.48197 -0.172789 0.0164813
2.645 -5.47057 -0.172936 0.01645
2.65 -5.45957 -0.173075 0.0164196
2.655 -5.44894 -0.173209 0.0163903
2.66 -5.4387 -0.173339 0.016362
2.665 -5.42892 -0.173463 0.0163351
2.67 -5.41964 -0.173581 0.0163095
2.675 -5.41096 -0.173692 0.0162855
2.68 -5.40298 -0.173794 0.0162635
2.685 -5.39584 -0.173885 0.0162439
2.69 -5.38972 -0.173963 0.016227
2.695 -5.38473 -0.174027 0.0162133
2.7 -5.38098 -0.174075 0.0162029
2.705 -5.37848 -0.174107 0.0161961
2.71 -5.37717 -0.174123 0.0161925
2.715 -5.3769 -0.174127 0.0161917
2.72 -5.37745 -0.17412 0.0161932
2.725 -5.37857 -0.174107 0.0161964
2.73 -5.38 -0.174091 0.0162005
2.735 -5.3815 -0.174074 0.0162048
2.74 -5.38284 -0.17406 0.0162086
2.745 -5.38385 -0.174049 0.0162116
2.75 -5.38444 -0.174042 0.0162132
2.755 -5.38457 -0.174041 0.0162136
2.76 -5.38426 -0.174044 0.0162127
2.765 -5.38357 -0.174052 0.0162108
2.77 -5.38253 -0.174064 0.0162078
2.775 -5.38113 -0.174079 0.0162038
2.78 -5.37929 -0.1741 0.0161986
2.785 -5.37693 -0.174126 0.0161918
2.79 -5.37398 -0.174159 0.0161834
2.795 -5.37038 -0.1742 0.0161731
2.8 -5.36614 -0.174248 0.016161
2.805 -5.36128 -0.174304 0.0161472
2.81 -5.35586 -0.174365 0.0161317
2.815 -5.34993 -0.174433 0.0161149
2.82 -5.34354 -0.174506 0.0160967
2.825 -5.33668 -0.174585 0.0160772
2.83 -5.32922 -0.174671 0.016056
2.835 -5.32099 -0.174767 0.0160326
2.84 -5.31173 -0.174875 0.0160064
2.845 -5.30117 -0.174999 0.0159765
2.85 -5.28907 -0.175141 0.0159424
2.855 -5.27522 -0.175306 0.0159033
2.86 -5.25944 -0.175494 0.015859
2.865 -5.24154 -0.175711 0.0158087
2.87 -5.22128 -0.175958 0.0157521
2.875 -5.19845 -0.176239 0.0156884
2.88 -5.1728 -0.176558 0.015617
2.885 -5.14413 -0.176922 0.0155375
2.89 -5.11223 -0.177332 0.0154494
2.895 -5.07691 -0.177789 0.0153521
2.9 -5.03797 -0.178298 0.015245
2.905 -4.99524 -0.17886 0.0151278
2.91 -4.94854 -0.179474 0.0149997
2.915 -4.89774 -0.180131 0.0148602
2.92 -4.84282 -0.180835 0.0147093
2.925 -4.78379 -0.181596 0.0145472
2.93 -4.72067 -0.182411 0.0143741
2.935 -4.65343 -0.183274 0.01419
2.94 -4.58204 -0.18419 0.0139949
2.945 -4.50645 -0.185163 0.0137884
2.95 -4.42668 -0.186187 0.0135704
2.955 -4.34279 -0.187269 0.0133414
2.96 -4.2548 -0.188412 0.0131014
2.965 -4.16263 -0.189615 0.0128502
2.97 -4.06613 -0.190877 0.0125872
2.975 -3.96504 -0.192203 0.0123117
2.98 -3.85907 -0.19355 0.0120213
2.985 -3.74796 -0.194917 0.0117148
2.99 -3.63151 -0.196266 0.0113911
2.995 -3.50961 -0.197516 0.0110461
3 -3.38216 -0.198711 0.0106804
3.005 -3.24906 -0.199849 0.0102932
3.01 -3.11018 -0.200879 0.00988161
3.015 -2.9654 -0.201785 0.00944604
3.02 -2.81458 -0.202576 0.00898589
3.025 -2.65756 -0.20319 0.0084976
3.03 -2.4942 -0.203626 0.0079805
3.035 -2.32439 -0.203938 0.00743606
3.04 -2.14803 -0.204139 0.0068661
3.045 -1.96507 -0.204279 0.0062715
3.05 -1.77551 -0.204407 0.00565366
3.055 -1.5794 -0.204512 0.00501137
3.06 -1.37687 -0.204545 0.00434064
3.065 -1.16806 -0.204545 0.00364498
3.07 -0.953163 -0.204477 0.00292279
3.075 -0.732321 -0.20437 0.00217215
3.08 -0.505659 -0.204289 0.00140323
3.085 -0.273246 -0.204358 0.000616603
3.09 -0.0351262 -0.204643 -0.000189806
3.095 0.208636 -0.204982 -0.00101006
3.1 0.45794 -0.205349 -0.00184299
3.105 0.712683 -0.205781 -0.00269085
3.11 0.972813 -0.206207 -0.00355154
3.115 1.23836 -0.206511 -0.00442081
3.12 1.50944 -0.20646 -0.00529309
3.125 1.78625 -0.206117 -0.00617072
3.13 2.06907 -0.205597 -0.00705909
3.135 2.35816 -0.204786 -0.00795764
3.14 2.65379 -0.203784 -0.0088673
3.145 2.95622 -0.202476 -0.00978254
3.15 3.26563 -0.200762 -0.0106995
3.155 3.58218 -0.198575 -0.0116167
3.16 3.90591 -0.195761 -0.0125302
3.165 4.23678 -0.19235 -0.0134385
3.17 4.57465 -0.188523 -0.0143515
3.175 4.91935 -0.18442 -0.0152757
3.18 5.27068 -0.180077 -0.0162045
3.185 5.62855 -0.175553 -0.0171256
3.19 5.99292 -0.171044 -0.0179844
3.195 6.36388 -0.167046 -0.018751
3.2 6.7416 -0.163585 -0.0194807
3.205 7.12629 -0.160342 -0.020214
3.21 7.51809 -0.15734 -0.0209592
3.215 7.91709 -0.154542 -0.0217266
3.22 8.32331 -0.151542 -0.0225382
3.225 8.73661 -0.148321 -0.0233908
3.23 9.15681 -0.145082 -0.0242689
3.235 9.58371 -0.142021 -0.0251725
3.24 10.0171 -0.138863 -0.0261215
3.245 10.4569 -0.135004 -0.0271332
3.25 10.903 -0.130817 -0.028177
3.255 11.3556 -0.12675 -0.0292325
3.26 11.815 -0.122983 -0.0302993
3.265 12.2813 -0.119646 -0.0313778
3.27 12.7548 -0.116549 -0.0324704
3.275 13.2357 -0.113327 -0.033581
3.28 13.7239 -0.11002 -0.0347096
3.285 14.2196 -0.10691 -0.0358538
3.29 14.7227 -0.104119 -0.0370134
3.295 15.2331 -0.102148 -0.0381866
3.3 15.7509 -0.101269 -0.0393728
3.305 16.276 -0.107684 -0.0405568
3.31 16.8084 -0.113922 -0.0417552
3.315 17.348 -0.115073 -0.0429783
3.32 17.8948 -0.120125 -0.0442093
3.325 18.4488 -0.111335 -0.0454979
3.33 19.0096 -0.0993115 -0.0468134
3.335 19.577 -0.0987387 -0.0481168
3.34 20.1506 -0.0994288 -0.0494284
3.345 20.7295 2.14302 -0.0567965
