0.1 1.60694e-31 200 -4.9738e-14 -1.60694e-31 -200 4.9738e-14
0.2 -1.46085e-31 400 8.17124e-14 1.46085e-31 -400 -8.17124e-14
0.3 -2.48345e-31 600 -7.10543e-15 2.48345e-31 -600 7.10543e-15
0.4 -1.16868e-30 800 -4.83169e-13 1.16868e-30 -800 4.83169e-13
0.5 3.50605e-31 1000 -3.12639e-13 -3.50605e-31 -1000 3.12639e-13
0.6 -1.40242e-30 1200 -6.25278e-13 1.40242e-30 -1200 6.25278e-13
0.7 1.86989e-30 1400 -9.80549e-13 -1.86989e-30 -1400 9.80549e-13
0.8 -1.63616e-30 1600 2.55795e-13 1.63616e-30 -1600 -2.55795e-13
0.9 4.67473e-31 1800 -3.76588e-13 -4.67473e-31 -1800 3.76588e-13
1 2.33737e-31 2000 4.61853e-13 -2.33737e-31 -2000 -4.61853e-13
0.005 -1.21783e-05 2000 0.00527407 1.21783e-05 -2000 -1.30632e-05
0.01 -6.09173e-05 2000 0.0263409 6.09173e-05 -2000 -2.46491e-05
0.015 -0.000158379 2000 0.0684398 0.000158379 -2000 -1.99753e-05
0.02 -0.000304308 2000 0.131477 0.000304308 -2000 -1.61881e-05
0.025 -0.00049823 2000 0.215249 0.00049823 -2000 -1.31259e-05
0.03 -0.000739581 2000 0.31951 0.000739581 -2000 -1.06561e-05
0.035 -0.00102777 2000 0.444003 0.00102777 -2000 -8.66813e-06
0.04 -0.00136211 2000 0.58844 0.00136211 -2000 -7.07235e-06
0.045 -0.00174167 2000 0.752408 0.00174167 -2000 -5.79617e-06
0.05 -0.00216506 2000 0.93531 0.00216506 -2000 -4.78048e-06
0.055 -0.00263053 2000 1.13639 0.00263053 -2000 -3.97704e-06
0.06 -0.00313609 2000 1.35479 0.00313609 -2000 -3.34642e-06
0.065 -0.00367981 2000 1.58968 0.00367981 -2000 -2.85643e-06
0.07 -0.00425999 2000 1.84032 0.00425999 -2000 -2.48085e-06
0.075 -0.00487489 2000 2.10596 0.00487489 -2000 -2.1983e-06
0.08 -0.00552234 2000 2.38565 0.00552234 -2000 -1.99107e-06
0.085 -0.00619976 2000 2.6783 0.00619976 -2000 -1.84432e-06
0.09 -0.00690447 2000 2.98273 0.00690447 -2000 -1.74562e-06
0.095 -0.007634 2000 3.29789 0.007634 -2000 -1.68476e-06
0.1 -0.00838584 2000 3.62268 0.00838584 -2000 -1.6533e-06
0.105 -0.00915713 2000 3.95588 0.00915713 -2000 -1.64407e-06
0.11 -0.00994427 2000 4.29593 0.00994427 -2000 -1.6506e-06
0.115 -0.010743 2000 4.64099 0.010743 -2000 -1.66684e-06
0.12 -0.0115491 2000 4.98921 0.0115491 -2000 -1.68752e-06
0.125 -0.0123578 2000 5.33858 0.0123578 -2000 -1.7081e-06
0.13 -0.0131631 2000 5.68645 0.0131631 -2000 -1.72397e-06
0.135 -0.0139583 2000 6.02999 0.0139583 -2000 -1.73053e-06
0.14 -0.0147388 2000 6.36715 0.0147388 -2000 -1.72502e-06
0.145 -0.0155023 2000 6.69701 0.0155023 -2000 -1.7074e-06
0.15 -0.0162484 2000 7.01931 0.0162484 -2000 -1.67936e-06
0.155 -0.0169764 2000 7.33382 0.0169764 -2000 -1.64258e-06
0.16 -0.0176841 2000 7.63955 0.0176841 -2000 -1.5981e-06
0.165 -0.0183675 2000 7.93474 0.0183675 -2000 -1.54533e-06
0.17 -0.0190219 2000 8.21746 0.0190219 -2000 -1.48334e-06
0.175 -0.0196436 2000 8.48603 0.0196436 -2000 -1.41173e-06
0.18 -0.0202302 2000 8.73946 0.0202302 -2000 -1.33165e-06
0.185 -0.020782 2000 8.97782 0.020782 -2000 -1.24538e-06
0.19 -0.0212999 2000 9.20155 0.0212999 -2000 -1.15595e-06
0.195 -0.0217849 2000 9.41108 0.0217849 -2000 -1.06581e-06
0.2 -0.022239 2000 9.60727 0.022239 -2000 -9.76664e-07
0.205 -0.0226618 2000 9.7899 0.0226618 -2000 -8.8995e-07
0.21 -0.0230456 2000 9.95568 0.0230456 -2000 -8.04381e-07
0.215 -0.0233778 2000 10.0992 0.0233778 -2000 -7.16838e-07
0.22 -0.0236478 2000 10.2159 0.0236478 -2000 -6.26181e-07
0.225 -0.0238503 2000 10.3033 0.0238503 -2000 -5.34768e-07
0.23 -0.0239849 2000 10.3615 0.0239849 -2000 -4.46905e-07
0.235 -0.024057 2000 10.3926 0.024057 -2000 -3.66964e-07
0.24 -0.0240778 2000 10.4016 0.0240778 -2000 -2.98164e-07
0.245 -0.0240575 2000 10.3929 0.0240575 -2000 -1.07273e-06
0.25 -0.023997 2000 10.3667 0.023997 -2000 -5.99295e-07
0.255 -0.0238826 2000 10.3173 0.0238826 -2000 -4.88011e-07
0.26 -0.0236868 2000 10.2327 0.0236868 -2000 -4.03054e-07
0.265 -0.0233727 2000 10.097 0.0233727 -2000 -3.26413e-07
0.27 -0.0228982 2000 9.89202 0.0228982 -2000 -2.64345e-07
0.275 -0.0222211 2000 9.59953 0.0222211 -2000 -2.1408e-07
0.28 -0.0213028 2000 9.20283 0.0213028 -2000 -1.73372e-07
0.285 -0.0201074 2000 8.68639 0.0201074 -2000 -1.40405e-07
0.29 -0.0185986 2000 8.03459 0.0185986 -2000 -1.13707e-07
0.295 -0.0167368 2000 7.23032 0.0167368 -2000 -9.20852e-08
0.3 -0.0144801 2000 6.25539 0.0144801 -2000 -7.45751e-08
0.305 -0.0117946 2000 5.09529 0.0117946 -2000 2.92324e-09
0.31 -0.00866794 2000 3.74455 0.00866794 -2000 2.4379e-08
0.315 -0.00511003 2000 2.20753 0.00511003 -2000 3.30697e-07
0.32 -0.00115178 2000 0.497537 0.00115178 -2000 3.43815e-05
0.325 0.00296866 2000 -1.28457 -0.00296866 -2000 0.00211153
0.33 0.00725239 1999.99 -3.13609 -0.00725239 -1999.99 0.00305447
0.335 0.0117929 2000 -5.09703 -0.0117929 -2000 0.00247696
0.34 0.0165612 2000 -7.15643 -0.0165612 -2000 0.00201105
0.345 0.0215428 2000 -9.30814 -0.0215428 -2000 0.00163423
0.35 0.026739 2000 -11.5526 -0.026739 -2000 0.00132955
0.355 0.0321572 2000 -13.893 -0.0321572 -2000 0.00108334
0.36 0.0378055 2000 -16.3329 -0.0378055 -2000 0.00088452
0.365 0.0436947 2000 -18.8768 -0.0436947 -2000 0.000724129
0.37 0.0498461 2000 -21.5341 -0.0498461 -2000 0.000594933
0.375 0.0563053 2000 -24.3244 -0.0563053 -2000 0.000491134
0.38 0.0631582 2000 -27.2847 -0.0631582 -2000 0.000408157
0.385 0.0705414 2000 -30.4742 -0.0705414 -2000 0.000343061
0.39 0.0786298 2000 -33.9683 -0.0786298 -2000 0.000292522
0.395 0.0875607 2000 -37.8265 -0.0875607 -2000 0.000254101
0.4 0.0973393 2000 -42.0508 -0.0973393 -2000 0.000226572
0.405 0.10784 2000 -46.587 -0.10784 -2000 0.000207823
0.41 0.118883 2000 -51.3578 -0.118883 -2000 0.000195638
0.415 0.130296 2000 -56.288 -0.130296 -2000 0.000188006
0.42 0.141936 2000 -61.3164 -0.141936 -2000 0.000183313
0.425 0.153705 2000 -66.4009 -0.153705 -2000 0.000180408
0.43 0.16556 2000 -71.5222 -0.16556 -2000 0.000178604
0.435 0.177503 2000 -76.6814 -0.177503 -2000 0.000177613
0.44 0.189562 2000 -81.8911 -0.189562 -2000 0.000177401
0.445 0.201765 2000 -87.1627 -0.201765 -2000 0.000177987
0.45 0.214125 2000 -92.502 -0.214125 -2000 0.000179332
0.455 0.226645 2000 -97.9109 -0.226645 -2000 0.000181347
0.46 0.239328 2000 -103.39 -0.239328 -2000 0.000183929
0.465 0.252162 2000 -108.934 -0.252162 -2000 0.000186953
0.47 0.265111 2000 -114.528 -0.265111 -2000 0.000190192
0.475 0.278106 2000 -120.142 -0.278106 -2000 0.000193265
0.48 0.291066 2000 -125.741 -0.291066 -2000 0.000195739
0.485 0.303918 2000 -131.293 -0.303918 -2000 0.000197236
0.49 0.316589 2000 -136.767 -0.316589 -2000 0.000197535
0.495 0.329019 2000 -142.136 -0.329019 -2000 0.000196493
0.5 0.341166 2000 -147.384 -0.341166 -2000 0.00019411
0.505 0.353004 2000 -152.498 -0.353004 -2000 0.00019049
0.51 0.364507 2000 -157.467 -0.364507 -2000 0.000185773
0.515 0.375641 2000 -162.277 -0.375641 -2000 0.000180063
0.52 0.386372 2000 -166.913 -0.386372 -2000 0.000173432
0.525 0.396679 2000 -171.366 -0.396679 -2000 0.000165993
0.53 0.406564 2000 -175.636 -0.406564 -2000 0.000157947
0.535 0.416069 2000 -179.742 -0.416069 -2000 0.000149606
0.54 0.425302 2000 -183.731 -0.425302 -2000 0.000141455
0.545 0.434464 2000 -187.688 -0.434464 -2000 0.00013419
0.55 0.443823 2000 -191.732 -0.443823 -2000 0.000128704
0.555 0.453589 2000 -195.95 -0.453589 -2000 0.000125741
0.56 0.46375 2000 -200.34 -0.46375 -2000 0.000125243
0.565 0.474082 2000 -204.804 -0.474082 -2000 0.000126102
0.57 0.484266 2000 -209.203 -0.484266 -2000 0.000126691
0.575 0.49398 2000 -213.4 -0.49398 -2000 0.000125547
0.58 0.502938 2000 -217.269 -0.502938 -2000 0.000121738
0.585 0.5109 2000 -220.709 -0.5109 -2000 0.000114935
0.59 0.517707 2000 -223.65 -0.517707 -2000 0.000105431
0.595 0.52333 2000 -226.079 -0.52333 -2000 9.40545e-05
0.6 0.527879 2000 -228.044 -0.527879 -2000 8.19346e-05
0.605 0.531566 2000 -229.637 -0.531566 -2000 7.01223e-05
0.61 0.53466 2000 -230.973 -0.53466 -2000 5.93518e-05
0.615 0.537461 2000 -232.183 -0.537461 -2000 5.00267e-05
0.62 0.540304 2000 -233.411 -0.540304 -2000 4.2354e-05
0.625 0.543587 2000 -234.83 -0.543587 -2000 3.65381e-05
0.63 0.547795 2000 -236.648 -0.547795 -2000 3.30334e-05
0.635 0.553493 2000 -239.109 -0.553493 -2000 3.28783e-05
0.64 0.561274 2000 -242.47 -0.561274 -2000 3.80337e-05
0.645 0.571652 2000 -246.954 -0.571652 -2000 5.14426e-05
0.65 0.584863 2000 -252.661 -0.584863 -2000 7.61917e-05
0.655 0.600717 2000 -259.51 -0.600717 -2000 0.000113485
0.66 0.618605 2000 -267.238 -0.618605 -2000 0.000160703
0.665 0.637647 2000 -275.464 -0.637647 -2000 0.000211403
0.67 0.656887 2000 -283.775 -0.656887 -2000 0.000257476
0.675 0.675489 2000 -291.812 -0.675489 -2000 0.000291924
0.68 0.69295 2000 -299.355 -0.69295 -2000 0.00031151
0.685 0.709239 2000 -306.392 -0.709239 -2000 0.000317758
0.69 0.724741 2000 -313.088 -0.724741 -2000 0.000315562
0.695 0.74006 2000 -319.706 -0.74006 -2000 0.000310744
0.7 0.755876 2000 -326.539 -0.755876 -2000 0.000308581
0.705 0.772846 2000 -333.87 -0.772846 -2000 0.000313741
0.71 0.791537 2000 -341.944 -0.791537 -2000 0.000330154
0.715 0.812453 2000 -350.98 -0.812453 -2000 0.000361711
0.72 0.836046 2000 -361.172 -0.836046 -2000 0.000412494
0.725 0.862651 2000 -372.666 -0.862651 -2000 0.000486619
0.73 0.892404 2000 -385.519 -0.892404 -2000 0.000586905
0.735 0.925236 2000 -399.703 -0.925236 -2000 0.000713946
0.74 0.960919 2000 -415.118 -0.960919 -2000 0.000866321
0.745 0.999094 2000 -431.61 -0.999094 -2000 0.0010416
0.75 1.03923 2000 -448.95 -1.03923 -2000 0.00123704
0.755 1.08061 2000 -466.827 -1.08061 -2000 0.00145035
0.76 1.12239 2000 -484.874 -1.12239 -2000 0.00168196
0.765 1.16377 2000 -502.749 -1.16377 -2000 0.00193824
0.77 1.20432 2000 -520.267 -1.20432 -2000 0.00223661
0.775 1.24415 2000 -537.474 -1.24415 -2000 0.00261381
0.78 1.28376 2000 -554.589 -1.28376 -2000 0.00313232
0.785 1.32378 2000 -571.875 -1.32378 -2000 0.0038829
0.79 1.36473 2000 -589.566 -1.36473 -2000 0.00498224
0.795 1.40705 2000 -607.852 -1.40705 -2000 0.00656424
0.8 1.45113 2000 -626.898 -1.45113 -2000 0.00857685
0.805 1.49733 2000 -646.859 -1.49733 -2000 0.0111023
0.81 1.54592 2000 -667.85 -1.54592 -2000 0.0143493
0.815 1.5969 2000 -689.878 -1.5969 -2000 0.0182784
0.82 1.64999 2000 -712.821 -1.64999 -2000 0.0227686
0.825 1.70474 2000 -736.474 -1.70474 -2000 0.0276806
0.83 1.76058 2000 -760.602 -1.76058 -2000 0.0328691
0.835 1.81697 2000 -784.968 -1.81697 -2000 0.0380587
0.84 1.8736 2000 -809.438 -1.8736 -2000 0.0427943
0.845 1.93068 2000 -834.1 -1.93068 -2000 0.0466241
0.85 1.98882 2000 -859.221 -1.98882 -2000 0.0492648
0.855 2.04881 2000 -885.136 -2.04881 -2000 0.0506107
0.86 2.11139 2000 -912.171 -2.11139 -2000 0.0507378
0.865 2.17703 2000 -940.525 -2.17703 -2000 0.049929
0.87 2.24565 2000 -970.168 -2.24565 -2000 0.0485474
0.875 2.3168 2000 -1000.91 -2.3168 -2000 0.0469579
0.88 2.38998 2000 -1032.52 -2.38998 -2000 0.0454086
0.885 2.46473 2000 -1064.81 -2.46473 -2000 0.0437683
0.89 2.54077 2000 -1097.65 -2.54077 -2000 0.0415495
0.895 2.61812 2000 -1131.07 -2.61812 -2000 0.0382128
0.9 2.69721 2000 -1165.23 -2.69721 -2000 0.0334406
0.905 2.77861 2000 -1200.39 -2.77861 -2000 0.0271609
0.91 2.8629 2000 -1236.79 -2.8629 -2000 0.0194747
0.915 2.95053 2000 -1274.64 -2.95053 -2000 0.0106616
0.92 3.04188 2000 -1314.09 -3.04188 -2000 0.0012534
0.925 3.13731 2000 -1355.31 -3.13731 -2000 -0.00791834
0.93 3.23724 2000 -1398.47 -3.23724 -2000 -0.0158044
0.935 3.34225 2000 -1443.83 -3.34225 -2000 -0.0214114
0.94 3.45312 1999.99 -1491.72 -3.45312 -1999.99 -0.024204
0.945 3.57086 1999.99 -1542.59 -3.57086 -1999.99 -0.0243891
0.95 3.69643 1999.99 -1596.84 -3.69643 -1999.99 -0.0228464
0.955 3.8304 1999.99 -1654.71 -3.8304 -1999.99 -0.0206978
0.96 3.97251 1999.99 -1716.1 -3.97251 -1999.99 -0.0186591
0.965 4.12175 1999.99 -1780.58 -4.12175 -1999.99 -0.0165103
0.97 4.27685 1999.99 -1847.59 -4.27685 -1999.99 -0.0133384
0.975 4.43659 1999.99 -1916.6 -4.43659 -1999.99 -0.00859187
0.98 4.59998 1999.99 -1987.19 -4.59998 -1999.99 -0.00267894
0.985 4.76646 1999.99 -2059.12 -4.76646 -1999.99 0.00353465
0.99 4.93621 1999.99 -2132.45 -4.93621 -1999.99 0.0094176
0.995 5.10998 1999.99 -2207.52 -5.10998 -1999.99 0.0147476
1 5.28875 1999.99 -2284.76 -5.28875 -1999.99 0.0195493
1.005 5.47337 1999.99 -2364.52 -5.47337 -1999.99 0.0239202
1.01 5.66424 1999.99 -2446.98 -5.66424 -1999.99 0.027926
1.015 5.86128 1999.99 -2532.11 -5.86128 -1999.99 0.031548
1.02 6.06409 1999.99 -2619.72 -6.06409 -1999.99 0.0346775
1.025 6.2722 1999.99 -2709.63 -6.2722 -1999.99 0.0371408
1.03 6.48523 1999.99 -2801.66 -6.48523 -1999.99 0.0387473
1.035 6.70289 1999.99 -2895.69 -6.70289 -1999.99 0.039373
1.04 6.92487 1999.99 -2991.58 -6.92487 -1999.99 0.0390586
1.045 7.15083 1999.99 -3089.19 -7.15083 -1999.99 0.0380168
1.05 7.38033 1999.99 -3188.34 -7.38033 -1999.99 0.0364467
1.055 7.61298 1999.99 -3288.84 -7.61298 -1999.99 0.0342673
1.06 7.84857 1999.99 -3390.61 -7.84857 -1999.99 0.0310529
1.065 8.08735 1999.99 -3493.76 -8.08735 -1999.99 0.0262719
1.07 8.32999 1999.99 -3598.57 -8.32999 -1999.99 0.0196479
1.075 8.57748 1999.99 -3705.48 -8.57748 -1999.99 0.0114315
1.08 8.83078 1999.99 -3814.9 -8.83078 -1999.99 0.00249743
1.085 9.09019 1999.99 -3926.95 -9.09019 -1999.99 -0.00572158
1.09 9.355 1999.99 -4041.35 -9.355 -1999.99 -0.0115183
1.095 9.62365 1999.99 -4157.4 -9.62365 -1999.99 -0.0135108
1.1 9.89419 1999.99 -4274.28 -9.89419 -1999.99 -0.011312
1.105 10.1646 1999.99 -4391.12 -10.1646 -1999.99 -0.00572183
1.11 10.4332 1999.99 -4507.15 -10.4332 -1999.99 0.00172584
1.115 10.6985 1999.99 -4621.77 -10.6985 -1999.99 0.00945595
1.12 10.9596 1999.99 -4734.54 -10.9596 -1999.99 0.0163492
1.125 11.2159 1999.99 -4845.29 -11.2159 -1999.99 0.0219097
1.13 11.4677 1999.99 -4954.05 -11.4677 -1999.99 0.02618
1.135 11.7152 1999.99 -5061.02 -11.7152 -1999.99 0.0295273
1.14 11.9594 1999.99 -5166.47 -11.9594 -1999.99 0.0324183
1.145 12.2008 1999.99 -5270.79 -12.2008 -1999.99 0.0352578
1.15 12.4406 1999.99 -5374.39 -12.4406 -1999.99 0.0383113
1.155 12.6797 1999.99 -5477.66 -12.6797 -1999.99 0.0416957
1.16 12.9187 1999.99 -5580.94 -12.9187 -1999.99 0.0454099
1.165 13.1584 1999.99 -5684.47 -13.1584 -1999.99 0.0493804
1.17 13.3992 1999.99 -5788.5 -13.3992 -1999.99 0.0535083
1.175 13.6417 1999.99 -5893.26 -13.6417 -1999.99 0.057709
1.18 13.8864 1999.99 -5998.99 -13.8864 -1999.99 0.0619296
1.185 14.134 1999.99 -6105.95 -14.134 -1999.99 0.066147
1.19 14.385 1999.99 -6214.4 -14.385 -1999.99 0.070367
1.195 14.6402 1999.99 -6324.62 -14.6402 -1999.99 0.0746224
1.2 14.9001 1999.99 -6436.9 -14.9001 -1999.99 0.0789645
1.205 15.1652 1999.99 -6551.46 -15.1652 -1999.99 0.0834391
1.21 15.4357 1999.99 -6668.31 -15.4357 -1999.99 0.0880426
1.215 15.7107 1999.99 -6787.13 -15.7107 -1999.99 0.0926781
1.22 15.9892 1999.99 -6907.42 -15.9892 -1999.99 0.097167
1.225 16.2695 1999.99 -7028.52 -16.2695 -1999.99 0.101301
1.23 16.5502 1999.99 -7149.79 -16.5502 -1999.99 0.104882
1.235 16.8298 1999.99 -7270.59 -16.8298 -1999.99 0.107751
1.24 17.1072 1999.99 -7390.44 -17.1072 -1999.99 0.109818
1.245 17.3821 1999.99 -7509.16 -17.3821 -1999.99 0.111091
1.25 17.6547 1999.99 -7626.94 -17.6547 -1999.99 0.111725
1.255 17.926 1999.99 -7744.16 -17.926 -1999.99 0.111958
1.26 18.1966 1999.99 -7861.06 -18.1966 -1999.99 0.111967
1.265 18.4661 1999.99 -7977.48 -18.4661 -1999.99 0.111791
1.27 18.7333 1999.99 -8092.9 -18.7333 -1999.99 0.111321
1.275 18.9968 1999.99 -8206.71 -18.9968 -1999.99 0.110399
1.28 19.2556 1999.99 -8318.52 -19.2556 -1999.99 0.108959
1.285 19.51 1999.99 -8428.42 -19.51 -1999.99 0.107098
1.29 19.7612 1999.99 -8536.94 -19.7612 -1999.99 0.105058
1.295 20.0108 1999.99 -8644.79 -20.0108 -1999.99 0.10313
1.3 20.2605 1999.99 -8752.64 -20.2605 -1999.99 0.101559
1.305 20.5111 1999.99 -8860.91 -20.5111 -1999.99 0.100486
1.31 20.7626 1999.99 -8969.53 -20.7626 -1999.99 0.0998899
1.315 21.0137 1999.99 -9078.03 -21.0137 -1999.99 0.099596
1.32 21.2632 1999.99 -9185.79 -21.2632 -1999.99 0.0993618
1.325 21.5095 1999.99 -9292.2 -21.5095 -1999.99 0.0989724
1.33 21.7517 1999.99 -9396.85 -21.7517 -1999.99 0.0982884
1.335 21.9896 1999.99 -9499.6 -21.9896 -1999.99 0.0972768
1.34 22.2237 1999.99 -9600.74 -22.2237 -1999.99 0.0960325
1.345 22.4553 1999.99 -9700.79 -22.4553 -1999.99 0.0947422
1.35 22.6858 1999.99 -9800.35 -22.6858 -1999.99 0.0936045
1.355 22.9156 1999.99 -9899.74 -22.9156 -1999.99 0.207322
1.36 23.1416 2000.01 -9997.87 -23.1416 -2000.01 0.688933
1.365 23.371 2000 -10096.8 -23.371 -2000 0.574132
1.37 23.6009 2000 -10196.1 -23.6009 -2000 0.482588
1.375 23.831 2000 -10295.4 -23.831 -2000 0.409514
1.38 24.0614 2000 -10394.9 -24.0614 -2000 0.350483
1.385 24.2927 2000 -10494.8 -24.2927 -2000 0.30291
1.39 24.5257 1999.99 -10595.4 -24.5257 -1999.99 0.264732
1.395 24.7553 2000.02 -10695.2 -24.7553 -2000.02 0.897504
1.4 24.9854 2000.03 -10795 -24.9854 -2000.03 1.26291
1.405 25.2179 2000.02 -10895.2 -25.2179 -2000.02 1.04001
1.41 25.4497 2000.01 -10995.1 -25.4497 -2000.01 0.861824
1.415 25.6808 2000.01 -11094.8 -25.6808 -2000.01 0.719279
1.42 25.9115 2000.01 -11194.4 -25.9115 -2000.01 0.60386
1.425 26.143 2000 -11294.3 -26.143 -2000 0.510563
1.43 26.3766 2000 -11395.1 -26.3766 -2000 0.43541
1.435 26.6067 2000.03 -11495.4 -26.6067 -2000.03 1.31876
1.44 26.8388 2000.06 -11596.4 -26.8388 -2000.06 2.03348
1.445 27.0814 2000.05 -11700.8 -27.0814 -2000.05 1.66723
1.45 27.3316 2000.03 -11808.6 -27.3316 -2000.03 1.37626
1.455 27.5899 2000.02 -11920 -27.5899 -2000.02 1.14568
1.46 27.8403 2000.12 -12029.4 -27.8403 -2000.12 2.35825
1.465 28.0951 2000.17 -12140 -28.0951 -2000.17 2.92276
1.47 28.3589 2000.13 -12253.4 -28.3589 -2000.13 2.39106
1.475 28.6263 2000.1 -12368.5 -28.6263 -2000.1 1.96811
1.48 28.8966 2000.08 -12485 -28.8966 -2000.08 1.63171
1.485 29.1675 2000.07 -12601.9 -29.1675 -2000.07 1.57555
1.49 29.4306 2000.09 -12716.4 -29.4306 -2000.09 2.31622
1.495 29.6994 2000.07 -12832.1 -29.6994 -2000.07 1.91876
1.5 29.953 2000.18 -12942.8 -29.953 -2000.18 3.06671
1.505 30.2089 2000.22 -13053.7 -30.2089 -2000.22 3.39462
1.51 30.4699 2000.17 -13165.8 -30.4699 -2000.17 2.77951
1.515 30.7324 2000.14 -13278.7 -30.7324 -2000.14 2.28956
1.52 30.9967 2000.11 -13392.5 -30.9967 -2000.11 1.89961
1.525 31.2639 2000.08 -13507.6 -31.2639 -2000.08 1.5851
1.53 31.535 2000.06 -13624.5 -31.535 -2000.06 1.33206
1.535 31.811 2000.05 -13743.5 -31.811 -2000.05 1.12924
1.54 32.0826 2000.11 -13861.6 -32.0826 -2000.11 1.94516
1.545 32.3327 2000.27 -13971.6 -32.3327 -2000.27 3.86118
1.55 32.5967 2000.21 -14085 -32.5967 -2000.21 3.17651
1.555 32.8651 2000.17 -14200.3 -32.8651 -2000.17 2.62481
1.56 33.1366 2000.13 -14317.2 -33.1366 -2000.13 2.18724
1.565 33.4101 2000.1 -14435 -33.4101 -2000.1 1.83503
1.57 33.6847 2000.08 -14553.3 -33.6847 -2000.08 1.5516
1.575 33.9598 2000.06 -14672 -33.9598 -2000.06 1.32372
1.58 34.2356 2000.04 -14790.9 -34.2356 -2000.04 1.14091
1.585 34.5124 2000.03 -14910.3 -34.5124 -2000.03 0.994949
1.59 34.7907 2000.02 -15030.5 -34.7907 -2000.02 0.879339
1.595 35.0712 2000.01 -15151.5 -35.0712 -2000.01 0.788874
1.6 35.3401 2000.14 -15268.8 -35.3401 -2000.14 1.85487
1.605 35.5956 2000.29 -15380.8 -35.5956 -2000.29 3.46047
1.61 35.8573 2000.25 -15493.8 -35.8573 -2000.25 3.43339
1.615 36.1236 2000.2 -15608.2 -36.1236 -2000.2 2.87066
1.62 36.3921 2000.16 -15723.8 -36.3921 -2000.16 2.4206
1.625 36.6628 2000.12 -15840.4 -36.6628 -2000.12 2.06164
1.63 36.9352 2000.09 -15957.8 -36.9352 -2000.09 1.77631
1.635 37.2092 2000.07 -16075.9 -37.2092 -2000.07 1.55033
1.64 37.4848 2000.05 -16194.8 -37.4848 -2000.05 1.37213
1.645 37.7622 2000.04 -16314.5 -37.7622 -2000.04 1.23234
1.65 38.0417 2000.02 -16435.1 -38.0417 -2000.02 1.12341
1.655 38.3235 2000.01 -16556.8 -38.3235 -2000.01 1.03909
1.66 38.6079 2000.01 -16679.6 -38.6079 -2000.01 0.974201
1.665 38.8812 2000.16 -16798.6 -38.8812 -2000.16 1.94698
1.67 39.1425 2000.32 -16913.2 -39.1425 -2000.32 3.69468
1.675 39.4103 2000.28 -17029 -39.4103 -2000.28 3.69929
1.68 39.6793 2000.23 -17144.8 -39.6793 -2000.23 3.39813
1.685 39.9457 2000.21 -17259.9 -39.9457 -2000.21 3.34588
1.69 40.2092 2000.19 -17373.8 -40.2092 -2000.19 3.42539
1.695 40.4678 2000.19 -17485.7 -40.4678 -2000.19 3.61397
1.7 40.7257 2000.15 -17596.6 -40.7257 -2000.15 3.06746
1.705 40.9796 2000.11 -17705.8 -40.9796 -2000.11 2.61961
1.71 41.2289 2000.09 -17813.1 -41.2289 -2000.09 2.25193
1.715 41.4588 2000.19 -17914.4 -41.4588 -2000.19 4.15662
1.72 41.6868 2000.22 -18013.4 -41.6868 -2000.22 4.7536
1.725 41.9141 2000.17 -18110.9 -41.9141 -2000.17 3.98341
1.73 42.1366 2000.14 -18206.4 -42.1366 -2000.14 3.35745
1.735 42.3545 2000.11 -18300 -42.3545 -2000.11 2.85324
1.74 42.5682 2000.08 -18391.9 -42.5682 -2000.08 2.44219
1.745 42.7742 2000.1 -18481.1 -42.7742 -2000.1 2.6923
1.75 42.9627 2000.24 -18563.6 -42.9627 -2000.24 3.77131
1.755 43.1501 2000.27 -18644.2 -43.1501 -2000.27 3.36814
1.76 43.3324 2000.24 -18723 -43.3324 -2000.24 3.41475
1.765 43.5124 2000.23 -18800.8 -43.5124 -2000.23 3.42922
1.77 43.6946 2000.18 -18879 -43.6946 -2000.18 2.90849
1.775 43.8785 2000.15 -18958 -43.8785 -2000.15 2.48435
1.78 44.0572 2000.19 -19036 -44.0572 -2000.19 3.34088
1.785 44.2326 2000.23 -19112.8 -44.2326 -2000.23 4.27841
1.79 44.4159 2000.19 -19191.3 -44.4159 -2000.19 3.61196
1.795 44.6028 2000.15 -19271.5 -44.6028 -2000.15 3.07293
1.8 44.7939 2000.12 -19353.6 -44.7939 -2000.12 2.63897
1.805 44.9896 2000.09 -19437.8 -44.9896 -2000.09 2.29237
1.81 45.1781 2000.19 -19520.9 -45.1781 -2000.19 3.92161
1.815 45.3677 2000.25 -19603.8 -45.3677 -2000.25 4.97511
1.82 45.5659 2000.2 -19688.7 -45.5659 -2000.2 4.2214
1.825 45.7668 2000.16 -19774.9 -45.7668 -2000.16 3.62041
1.83 45.9682 2000.24 -19860 -45.9682 -2000.24 1.80705
1.835 46.1529 2000.37 -19941.1 -46.1529 -2000.37 3.06931
1.84 46.3294 2000.41 -20018.8 -46.3294 -2000.41 4.48307
1.845 46.5088 2000.33 -20095.7 -46.5088 -2000.33 3.93128
1.85 46.6856 2000.27 -20171.7 -46.6856 -2000.27 3.51091
1.855 46.8594 2000.22 -20246.5 -46.8594 -2000.22 3.20217
1.86 47.0188 2000.31 -20316.9 -47.0188 -2000.31 4.74903
1.865 47.1707 2000.38 -20383.1 -47.1707 -2000.38 5.35918
1.87 47.3223 2000.32 -20448 -47.3223 -2000.32 4.75096
1.875 47.4714 2000.26 -20511.9 -47.4714 -2000.26 4.24333
1.88 47.6182 2000.21 -20574.9 -47.6182 -2000.21 3.81662
1.885 47.7577 2000.22 -20635.6 -47.7577 -2000.22 4.27418
1.89 47.8902 2000.26 -20693.3 -47.8902 -2000.26 4.74157
1.895 48.0215 2000.24 -20749.3 -48.0215 -2000.24 3.99853
1.9 48.1501 2000.19 -20804.4 -48.1501 -2000.19 3.55984
1.905 48.2771 2000.16 -20858.9 -48.2771 -2000.16 3.19706
1.91 48.4029 2000.12 -20912.9 -48.4029 -2000.12 2.90132
1.915 48.5242 2000.16 -20965.3 -48.5242 -2000.16 2.84862
1.92 48.6427 2000.19 -21016.2 -48.6427 -2000.19 2.56001
1.925 48.7589 2000.15 -21066.2 -48.7589 -2000.15 2.38265
1.93 48.8734 2000.12 -21115.5 -48.8734 -2000.12 2.24264
1.935 48.9859 2000.09 -21164 -48.9859 -2000.09 2.13184
1.94 49.0962 2000.07 -21211.6 -49.0962 -2000.07 2.0436
1.945 49.2042 2000.05 -21258.2 -49.2042 -2000.05 1.97293
1.95 49.3126 2000.06 -21303.8 -49.3126 -2000.06 0.783604
1.955 49.4168 2000.06 -21348.4 -49.4168 -2000.06 0.33279
1.96 49.517 2000.05 -21391.9 -49.517 -2000.05 0.591021
1.965 49.6152 2000.04 -21434.6 -49.6152 -2000.04 0.869592
1.97 49.7106 2000.04 -21476.2 -49.7106 -2000.04 1.19455
1.975 49.8046 2000.03 -21516.9 -49.8046 -2000.03 1.3036
1.98 49.8964 2000.06 -21556.4 -49.8964 -2000.06 1.13481
1.985 49.9836 2000.11 -21593.7 -49.9836 -2000.11 0.756036
1.99 50.0667 2000.09 -21629.7 -50.0667 -2000.09 0.929966
1.995 50.1485 2000.06 -21665.2 -50.1485 -2000.06 1.07455
2 50.229 2000.05 -21700.1 -50.229 -2000.05 1.19864
2.005 50.3085 2000.03 -21734.6 -50.3085 -2000.03 1.30763
2.01 50.3867 2000.02 -21768.5 -50.3867 -2000.02 1.40492
2.015 50.4636 2000.01 -21801.8 -50.4636 -2000.01 1.49215
2.02 50.5364 2000.03 -21833.7 -50.5364 -2000.03 2.01623
2.025 50.6056 2000.06 -21864.2 -50.6056 -2000.06 2.5915
2.03 50.674 2000.05 -21893.8 -50.674 -2000.05 2.60865
2.035 50.7408 2000.04 -21922.5 -50.7408 -2000.04 2.50332
2.04 50.8059 2000.02 -21950.6 -50.8059 -2000.02 2.42611
2.045 50.8696 2000.01 -21978 -50.8696 -2000.01 2.37478
2.05 50.932 2000.01 -22005 -50.932 -2000.01 2.34872
2.055 50.9935 2000 -22031.5 -50.9935 -2000 2.3481
2.06 51.054 1999.99 -22057.7 -51.054 -1999.99 2.37301
2.065 51.1135 1999.99 -22083.4 -51.1135 -1999.99 2.42253
2.07 51.1718 1999.99 -22108.7 -51.1718 -1999.99 2.49333
2.075 51.2284 1999.98 -22133.2 -51.2284 -1999.98 2.57884
2.08 51.2829 1999.98 -22156.9 -51.2829 -1999.98 2.67007
2.085 51.3347 1999.98 -22179.4 -51.3347 -1999.98 2.7576
2.09 51.3836 1999.97 -22200.6 -51.3836 -1999.97 2.8336
2.095 51.428 1999.99 -22220.1 -51.428 -1999.99 3.16428
2.1 51.4528 2000 -22233.8 -51.4528 -2000 6.1414
2.105 51.4707 1999.98 -22243.3 -51.4707 -1999.98 7.9541
2.11 51.4909 1999.97 -22251.5 -51.4909 -1999.97 7.4575
2.115 51.4983 1999.96 -22255.4 -51.4983 -1999.96 8.08905
2.12 51.5081 1999.95 -22258.6 -51.5081 -1999.95 7.07805
2.125 51.5159 1999.94 -22261.1 -51.5159 -1999.94 6.24547
2.13 51.5221 1999.95 -22263.1 -51.5221 -1999.95 5.53221
2.135 51.5264 1999.95 -22264.4 -51.5264 -1999.95 4.95884
2.14 51.5291 1999.96 -22265.1 -51.5291 -1999.96 4.50251
2.145 51.5301 1999.96 -22265.1 -51.5301 -1999.96 4.12434
2.15 51.5173 1999.91 -22261.2 -51.5173 -1999.91 5.74253
2.155 51.4933 1999.86 -22252.5 -51.4933 -1999.86 7.35015
2.16 51.475 1999.88 -22243.4 -51.475 -1999.88 6.23482
2.165 51.4549 1999.89 -22233.8 -51.4549 -1999.89 5.34052
2.17 51.4329 1999.9 -22223.6 -51.4329 -1999.9 4.6259
2.175 51.4089 1999.91 -22212.7 -51.4089 -1999.91 4.0603
2.18 51.3828 1999.92 -22201 -51.3828 -1999.92 3.61904
2.185 51.3545 1999.92 -22188.4 -51.3545 -1999.92 3.28255
2.19 51.3237 1999.92 -22174.9 -51.3237 -1999.92 3.0347
2.195 51.2906 1999.92 -22160.4 -51.2906 -1999.92 2.86052
2.2 51.2551 1999.92 -22144.9 -51.2551 -1999.92 2.74364
2.205 51.2101 1999.88 -22126.7 -51.2101 -1999.88 3.89219
2.21 51.1582 1999.84 -22105.3 -51.1582 -1999.84 4.93232
2.215 51.1112 1999.86 -22084.2 -51.1112 -1999.86 4.17869
2.22 51.0642 1999.9 -22063.5 -51.0642 -1999.9 3.71329
2.225 51.0165 1999.95 -22042.6 -51.0165 -1999.95 3.48292
2.23 50.971 1999.96 -22022.4 -50.971 -1999.96 2.95972
2.235 50.9276 1999.96 -22003.3 -50.9276 -1999.96 2.52073
2.24 50.8866 1999.96 -21985.2 -50.8866 -1999.96 2.15018
2.245 50.8478 1999.96 -21968.1 -50.8478 -1999.96 1.83727
2.25 50.8113 1999.96 -21952 -50.8113 -1999.96 1.57539
2.255 50.7769 1999.97 -21937 -50.7769 -1999.97 1.35211
2.26 50.7448 1999.97 -21922.9 -50.7448 -1999.97 1.15932
2.265 50.7151 1999.97 -21909.9 -50.7151 -1999.97 0.993951
2.27 50.6878 1999.98 -21898 -50.6878 -1999.98 0.851398
2.275 50.6628 1999.98 -21887.1 -50.6628 -1999.98 0.728212
2.28 50.64 1999.98 -21877.1 -50.64 -1999.98 0.621906
2.285 50.619 1999.98 -21867.9 -50.619 -1999.98 0.530589
2.29 50.5993 1999.99 -21859.4 -50.5993 -1999.99 0.49098
2.295 50.5808 2000 -21851.4 -50.5808 -2000 0.455885
2.3 50.5635 2000 -21843.8 -50.5635 -2000 0.385892
2.305 50.5472 2000 -21836.7 -50.5472 -2000 0.327102
2.31 50.532 2000 -21830.1 -50.532 -2000 0.277713
2.315 50.5175 2000 -21823.8 -50.5175 -2000 0.236304
2.32 50.5035 2000 -21817.7 -50.5035 -2000 0.201789
2.325 50.4898 2000 -21811.8 -50.4898 -2000 0.173289
2.33 50.4762 2000 -21805.9 -50.4762 -2000 0.149965
2.335 50.4627 2000 -21800 -50.4627 -2000 0.13087
2.34 50.4497 2000 -21794.4 -50.4497 -2000 0.114928
2.345 50.4376 2000 -21789.2 -50.4376 -2000 0.101071
2.35 50.4269 2000 -21784.5 -50.4269 -2000 0.0883923
2.355 50.4181 2000 -21780.7 -50.4181 -2000 0.076293
2.36 50.4117 2000 -21777.9 -50.4117 -2000 0.0646708
2.365 50.4083 2000 -21776.5 -50.4083 -2000 0.0536222
2.37 50.4077 2000 -21776.3 -50.4077 -2000 0.183059
2.375 50.3952 1999.98 -21772 -50.3952 -1999.98 1.25335
2.38 50.3772 1999.98 -21764 -50.3772 -1999.98 1.01549
2.385 50.349 1999.98 -21751.6 -50.349 -1999.98 0.821519
2.39 50.3106 1999.99 -21734.8 -50.3106 -1999.99 0.662569
2.395 50.2625 1999.99 -21713.9 -50.2625 -1999.99 0.530793
2.4 50.2057 1999.99 -21689.3 -50.2057 -1999.99 0.419356
2.405 50.1414 1999.99 -21661.4 -50.1414 -1999.99 0.322962
2.41 50.0709 1999.99 -21630.9 -50.0709 -1999.99 0.237642
2.415 49.9954 1999.99 -21598.2 -49.9954 -1999.99 0.160656
2.42 49.9158 2000 -21563.8 -49.9158 -2000 0.151793
2.425 49.833 2000.01 -21528 -49.833 -2000.01 0.157188
2.43 49.7481 2000 -21491.3 -49.7481 -2000 0.07711
2.435 49.6613 2000 -21453.7 -49.6613 -2000 0.00329174
2.44 49.5722 2000 -21415.1 -49.5722 -2000 -0.0635527
2.445 49.4805 2000 -21375.4 -49.4805 -2000 -0.1256
2.45 49.3855 2000 -21334.4 -49.3855 -2000 -0.184884
2.455 49.2831 2000.1 -21290 -49.2831 -2000.1 -0.311432
2.46 49.1746 2000.14 -21243 -49.1746 -2000.14 -0.407466
2.465 49.0608 2000.11 -21193.8 -49.0608 -2000.11 -0.46082
2.47 48.9427 2000.09 -21142.7 -48.9427 -2000.09 -0.522183
2.475 48.8227 2000.09 -21089.7 -48.8227 -2000.09 -1.68761
2.48 48.6958 2000.08 -21034.4 -48.6958 -2000.08 -2.1972
2.485 48.5583 2000.13 -20975.9 -48.5583 -2000.13 -1.32845
2.49 48.4171 2000.14 -20915.2 -48.4171 -2000.14 -0.928727
2.495 48.273 2000.1 -20853 -48.273 -2000.1 -0.99219
2.5 48.1266 2000.06 -20789.6 -48.1266 -2000.06 -1.0696
2.505 47.9787 2000.04 -20725.7 -47.9787 -2000.04 -1.10809
2.51 47.83 2000.03 -20661.4 -47.83 -2000.03 -1.14704
2.515 47.6813 2000.01 -20597.2 -47.6813 -2000.01 -1.18042
2.52 47.5316 2000.05 -20532.4 -47.5316 -2000.05 -1.30879
2.525 47.3804 2000.08 -20466.9 -47.3804 -2000.08 -1.41722
2.53 47.2295 2000.06 -20401.7 -47.2295 -2000.06 -1.4041
2.535 47.0803 2000.04 -20337.3 -47.0803 -2000.04 -1.38539
2.54 46.9334 2000.02 -20273.9 -46.9334 -2000.02 -1.36072
2.545 46.7887 2000.04 -20211.3 -46.7887 -2000.04 -1.4089
2.55 46.6464 2000.05 -20149.8 -46.6464 -2000.05 -1.43574
2.555 46.508 2000.04 -20090.1 -46.508 -2000.04 -1.36735
2.56 46.3745 2000.02 -20032.5 -46.3745 -2000.02 -1.29497
2.565 46.2461 2000.01 -19977.1 -46.2461 -2000.01 -1.21962
2.57 46.1225 2000.01 -19923.8 -46.1225 -2000.01 -1.14303
2.575 46.0034 2000 -19872.4 -46.0034 -2000 -1.06697
2.58 45.8887 1999.99 -19822.9 -45.8887 -1999.99 -1.00842
2.585 45.7779 2000 -19775.1 -45.7779 -2000 -0.99299
2.59 45.6693 2000.02 -19728.2 -45.6693 -2000.02 -1.00392
2.595 45.5647 2000.01 -19683 -45.5647 -2000.01 -0.915311
2.6 45.465 2000.01 -19640.1 -45.465 -2000.01 -0.832572
2.605 45.3709 2000 -19599.5 -45.3709 -2000 -0.754722
2.61 45.2825 2000 -19561.4 -45.2825 -2000 -0.68118
2.615 45.1999 2000 -19525.7 -45.1999 -2000 -0.611928
2.62 45.1226 2000 -19492.4 -45.1226 -2000 -0.547381
2.625 45.0501 1999.99 -19461.2 -45.0501 -1999.99 -0.488075
2.63 44.983 2000.01 -19431.6 -44.983 -2000.01 -1.02017
2.635 44.9182 2000.01 -19403.4 -44.9182 -2000.01 -1.21842
2.64 44.8523 2000.05 -19375.6 -44.8523 -2000.05 -0.593378
2.645 44.7894 2000.06 -19348.7 -44.7894 -2000.06 -0.281475
2.65 44.7291 2000.05 -19322.7 -44.7291 -2000.05 -0.25091
2.655 44.671 2000.04 -19297.7 -44.671 -2000.04 -0.224489
2.66 44.6152 2000.03 -19273.6 -44.6152 -2000.03 -0.201313
2.665 44.562 2000.03 -19250.6 -44.562 -2000.03 -0.180717
2.67 44.5115 2000.02 -19228.8 -44.5115 -2000.02 -0.162141
2.675 44.4644 2000.02 -19208.5 -44.4644 -2000.02 -0.145116
2.68 44.4211 2000.01 -19189.8 -44.4211 -2000.01 -0.129228
2.685 44.3825 2000.01 -19173.1 -44.3825 -2000.01 -0.114121
2.69 44.3494 2000.01 -19158.8 -44.3494 -2000.01 -0.0995735
2.695 44.3224 2000.01 -19147.2 -44.3224 -2000.01 -0.0855629
2.7 44.3021 2000 -19138.4 -44.3021 -2000 -0.0723909
2.705 44.2886 2000 -19132.6 -44.2886 -2000 -0.0602794
2.71 44.2815 2000 -19129.6 -44.2815 -2000 -0.0494095
2.715 44.28 2000 -19128.9 -44.28 -2000 -0.040115
2.72 44.284 1999.99 -19130.5 -44.284 -1999.99 -0.200953
2.725 44.2917 1999.99 -19133.7 -44.2917 -1999.99 -0.300851
2.73 44.301 1999.99 -19137.8 -44.301 -1999.99 -0.243644
2.735 44.3108 1999.99 -19142.1 -44.3108 -1999.99 -0.197315
2.74 44.3197 1999.99 -19145.9 -44.3197 -1999.99 -0.159795
2.745 44.3263 2000 -19148.8 -44.3263 -2000 -0.129409
2.75 44.3302 2000 -19150.5 -44.3302 -2000 -0.104802
2.755 44.3309 2000 -19150.9 -44.3309 -2000 -0.0848735
2.76 44.3288 2000 -19150 -44.3288 -2000 -0.0686521
2.765 44.3242 2000 -19148 -44.3242 -2000 -0.0555542
2.77 44.3174 2000 -19145.1 -44.3174 -2000 -0.0451279
2.775 44.308 2000 -19141 -44.308 -2000 -0.0369446
2.78 44.2958 2000 -19135.8 -44.2958 -2000 -0.0308678
2.785 44.2802 2000 -19129 -44.2802 -2000 -0.0269948
2.79 44.2606 1999.99 -19120.6 -44.2606 -1999.99 -0.0321565
2.795 44.237 1999.99 -19110.3 -44.237 -1999.99 -0.0364377
2.8 44.2091 1999.99 -19098.3 -44.2091 -1999.99 -0.041
2.805 44.1772 1999.99 -19084.5 -44.1772 -1999.99 -0.0509855
2.81 44.1418 1999.99 -19069.2 -44.1418 -1999.99 -0.066793
2.815 44.1032 1999.99 -19052.5 -44.1032 -1999.99 -0.0883417
2.82 44.0618 1999.99 -19034.6 -44.0618 -1999.99 -0.115284
2.825 44.0175 1999.99 -19015.4 -44.0175 -1999.99 -0.147645
2.83 43.9697 1999.99 -18994.7 -43.9697 -1999.99 -0.18665
2.835 43.9173 1999.99 -18972 -43.9173 -1999.99 -0.235433
2.84 43.8588 1999.99 -18946.7 -43.8588 -1999.99 -0.299254
2.845 43.7928 1999.98 -18918.1 -43.7928 -1999.98 -0.384847
2.85 43.7179 1999.98 -18885.6 -43.7179 -1999.98 -0.498959
2.855 43.6332 1999.98 -18848.9 -43.6332 -1999.98 -0.646608
2.86 43.5381 1999.97 -18807.6 -43.5381 -1999.97 -0.82985
2.865 43.4317 1999.96 -18761.4 -43.4317 -1999.96 -1.04756
2.87 43.3132 1999.95 -18710 -43.3132 -1999.95 -1.29331
2.875 43.1818 1999.94 -18653 -43.1818 -1999.94 -1.56273
2.88 43.0374 1999.9 -18590.2 -43.0374 -1999.9 -1.98904
2.885 42.8786 1999.88 -18521.2 -42.8786 -1999.88 -2.32722
2.89 42.7047 1999.88 -18445.9 -42.7047 -1999.88 -2.56315
2.895 42.5149 1999.87 -18363.7 -42.5149 -1999.87 -2.77041
2.9 42.3084 1999.87 -18274.3 -42.3084 -1999.87 -2.93692
2.905 42.0835 1999.88 -18177.2 -42.0835 -1999.88 -2.89359
2.91 41.8309 2000.01 -18069.4 -41.8309 -2000.01 -1.52866
2.915 41.5591 2000.05 -17952.5 -41.5591 -2000.05 -1.06383
2.92 41.2688 2000.02 -17826.7 -41.2688 -2000.02 -1.40806
2.925 40.9588 2000 -17692.5 -40.9588 -2000 -1.66282
2.93 40.627 2000.05 -17548.7 -40.627 -2000.05 -2.17554
2.935 40.2721 2000.06 -17394.8 -40.2721 -2000.06 -2.80924
2.94 39.8916 2000.06 -17231 -39.8916 -2000.06 -2.1825
2.945 39.4913 2000.07 -17058.5 -39.4913 -2000.07 -1.74845
2.95 39.072 2000.03 -16877.2 -39.072 -2000.03 -1.88875
2.955 38.6345 1999.97 -16687.9 -38.6345 -1999.97 -2.22126
2.96 38.1821 1999.85 -16491.6 -38.1821 -1999.85 -3.05263
2.965 37.7014 1999.86 -16284.5 -37.7014 -1999.86 -2.52014
2.97 37.2024 1999.84 -16068.8 -37.2024 -1999.84 -2.64785
2.975 36.6338 2000.37 -15830.8 -36.6338 -2000.37 5.01564
2.98 36.0457 2000.58 -15579.8 -36.0457 -2000.58 8.05047
2.985 35.3556 2001.41 -15290.5 -35.3556 -2001.41 16.8752
2.99 34.5994 2002.07 -14971.4 -34.5994 -2002.07 24.4331
2.995 33.7117 2002.64 -14598.4 -33.7117 -2002.64 34.9305
3 32.7139 2003.24 -14178.9 -32.7139 -2003.24 46.4867
3.005 31.6395 2003.51 -13721.2 -31.6395 -2003.51 52.9041
3.01 30.3689 2004.39 -13179.7 -30.3689 -2004.39 60.3345
3.015 28.9098 2005.22 -12562.9 -28.9098 -2005.22 73.8829
3.02 27.3357 2005.42 -11890.8 -27.3357 -2005.42 81.7264
3.025 25.498 2005.98 -11104.9 -25.498 -2005.98 89.77
3.03 23.4343 2006.27 -10220.4 -23.4343 -2006.27 96.8258
3.035 21.214 2006.23 -9258.25 -21.214 -2006.23 93.7828
3.04 18.8186 2005.84 -8218.23 -18.8186 -2005.84 88.5906
3.045 16.3117 2005.03 -7125.97 -16.3117 -2005.03 79.3236
3.05 13.6282 2004.55 -5965.96 -13.6282 -2004.55 78.5653
3.055 10.7854 2004.24 -4740.28 -10.7854 -2004.24 80.9785
3.06 7.76376 2003.82 -3434.24 -7.76376 -2003.82 80.2904
3.065 4.50523 2004.13 -2038.61 -4.50523 -2004.13 92.3508
3.07 1.06561 2003.94 -566.785 -1.06561 -2003.94 106.443
3.075 -2.31799 2003.12 915.238 2.31799 -2003.12 86.1354
3.08 -5.65433 2001.49 2373.72 5.65433 -2001.49 68.9499
3.085 -8.95041 1999.27 3810.42 8.95041 -1999.27 56.1595
3.09 -12.2435 1998.73 5252.49 12.2435 -1998.73 36.7082
3.095 -15.4644 1998.69 6670.49 15.4644 -1998.69 10.1468
3.1 -18.7608 1998.39 8105.83 18.7608 -1998.39 -1.16354
3.105 -22.0575 1998.57 9541.73 22.0575 -1998.57 -12.8796
3.11 -25.2058 1999.68 10924.8 25.2058 -1999.68 -35.8865
3.115 -28.1456 2001.59 12220.5 28.1456 -2001.59 -61.5782
3.12 -30.8241 2003.32 13400 30.8241 -2003.32 -83.9734
3.125 -33.3794 2004.44 14515.1 33.3794 -2004.44 -95.2257
3.13 -35.895 2004.82 15603.1 35.895 -2004.82 -96.5135
3.135 -38.2345 2005.08 16618.7 38.2345 -2005.08 -101.349
3.14 -40.4092 2005.52 17577.9 40.4092 -2005.52 -121.073
3.145 -42.3844 2006.74 18454.1 42.3844 -2006.74 -144.064
3.15 -44.1824 2007.88 19251.1 44.1824 -2007.88 -164.291
3.155 -45.7512 2009.3 19950.8 45.7512 -2009.3 -186.232
3.16 -47.0694 2010.81 20538.3 47.0694 -2010.81 -204.354
3.165 -48.2764 2011.2 21048.6 48.2764 -2011.2 -193.191
3.17 -49.3694 2011.05 21496.8 49.3694 -2011.05 -169.205
3.175 -50.2945 2009.78 21887.9 50.2945 -2009.78 -160.679
3.18 -50.9754 2008.68 22193.7 50.9754 -2008.68 -172.293
3.185 -50.9239 2006.19 22294.8 50.9239 -2006.19 -295.655
3.19 -49.9896 1999.67 22072.8 49.9896 -1999.67 -477.312
3.195 -49.0274 1995.74 21680.1 49.0274 -1995.74 -500.278
3.2 -48.0418 1995.11 21192.7 48.0418 -1995.11 -438.669
3.205 -46.9253 1994.12 20635.8 46.9253 -1994.12 -364.083
3.21 -45.6812 1993.79 20026.4 45.6812 -1993.79 -292.099
3.215 -44.6173 1995.75 19455.9 44.6173 -1995.75 -181.261
3.22 -43.6943 1997.37 18970.2 43.6943 -1997.37 -94.2877
3.225 -42.7135 1997.65 18507.8 42.7135 -1997.65 -55.5781
3.23 -41.7494 1996.65 18060.7 41.7494 -1996.65 -24.9399
3.235 -41.456 1998.95 17814.6 41.456 -1998.95 94.358
3.24 -41.3646 2001.47 17683.9 41.3646 -2001.47 185.577
3.245 -41.4126 2002.94 17685.4 41.4126 -2002.94 204.803
3.25 -41.2821 2001.64 17671.8 41.2821 -2001.64 162.038
3.255 -41.1291 1999.64 17644.9 41.1291 -1999.64 122.864
3.26 -40.9489 1997.14 17601.9 40.9489 -1997.14 87.9987
3.265 -40.7984 1996.29 17559 40.7984 -1996.29 65.8861
3.27 -40.7118 1997.2 17529.2 40.7118 -1997.2 58.2694
3.275 -40.6446 1997.9 17506.5 40.6446 -1997.9 51.9674
3.28 -40.5451 1997.38 17476.2 40.5451 -1997.38 39.2958
3.285 -40.436 1996.7 17440.1 40.436 -1996.7 28.2618
3.29 -40.29 1994.92 17389.8 40.29 -1994.92 15.4677
3.295 -40.1145 1993.22 17324.9 40.1145 -1993.22 4.61652
3.3 -39.8675 1989.27 17231.5 39.8675 -1989.27 -8.73538
3.305 -39.3811 1989.4 17037.8 39.3811 -1989.4 -25.1372
3.31 -39.0658 2005.73 16894 39.0658 -2005.73 -17.5248
3.315 -38.6878 1999.09 16736.7 38.6878 -1999.09 -23.5911
3.32 -38.1737 1987.25 16522.3 38.1737 -1987.25 -31.2224
3.325 -37.8 1953.88 16416.4 37.8 -1953.88 -86.7713
3.33 -37.1491 1900.55 16246.9 37.1491 -1900.55 -198.453
3.335 -37.1741 1913.35 16240.5 37.1741 -1913.35 -181.318
3.34 -36.7773 1905.12 16096.6 36.7773 -1905.12 -208.8
3.345 -0.117974 -61.528 41.9984 0.117974 61.528 8.96626
