0.1 8.50878e-18 -0.0161787 -3.93925e-20
0.2 3.99988e-17 -0.032607 -1.8518e-19
0.3 1.9316e-17 -0.0492969 -8.94261e-20
0.4 8.3824e-17 -0.0662613 -3.88074e-19
0.5 7.34522e-17 -0.0835142 -3.40057e-19
0.6 7.94806e-17 -0.101071 -3.67966e-19
0.7 1.58025e-16 -0.11895 -7.31599e-19
0.8 5.54876e-17 -0.137196 -2.56887e-19
0.9 1.61786e-16 -0.15597 -7.49011e-19
1 5.01223e-17 -0.175374 -2.32048e-19
0.005 6.53099e-05 -0.175374 -2.26771e-07
0.01 0.00032631 -0.175374 -1.13301e-06
0.015 0.000847591 -0.175376 -2.943e-06
0.02 0.0016282 -0.175378 -5.65344e-06
0.025 0.00266719 -0.175382 -9.261e-06
0.03 0.00396357 -0.175385 -1.37623e-05
0.035 0.00551634 -0.17539 -1.91537e-05
0.04 0.00732441 -0.175396 -2.54315e-05
0.045 0.00938672 -0.175402 -3.2592e-05
0.05 0.0117021 -0.175409 -4.06311e-05
0.055 0.0142694 -0.175417 -4.95447e-05
0.06 0.0170873 -0.175425 -5.93284e-05
0.065 0.0201548 -0.175435 -6.99783e-05
0.07 0.0234706 -0.175445 -8.14901e-05
0.075 0.0270336 -0.175455 -9.38603e-05
0.08 0.030843 -0.175467 -0.000107085
0.085 0.0348976 -0.175479 -0.000121161
0.09 0.0391962 -0.175493 -0.000136084
0.095 0.0437376 -0.175506 -0.000151849
0.1 0.0485206 -0.175521 -0.000168453
0.105 0.0535439 -0.175536 -0.00018589
0.11 0.0588057 -0.175553 -0.000204155
0.115 0.0643041 -0.175569 -0.000223241
0.12 0.0700371 -0.175587 -0.00024314
0.125 0.076003 -0.175605 -0.000263847
0.13 0.0822011 -0.175625 -0.00028536
0.135 0.0886306 -0.175645 -0.000307675
0.14 0.095291 -0.175665 -0.00033079
0.145 0.102181 -0.175687 -0.000354702
0.15 0.1093 -0.175709 -0.000379406
0.155 0.116645 -0.175732 -0.000404896
0.16 0.124215 -0.175755 -0.000431165
0.165 0.132008 -0.17578 -0.000458205
0.17 0.140022 -0.175805 -0.000486013
0.175 0.148256 -0.175831 -0.000514584
0.18 0.156708 -0.175858 -0.00054391
0.185 0.165375 -0.175885 -0.000573979
0.19 0.174253 -0.175913 -0.00060478
0.195 0.183339 -0.175942 -0.000636303
0.2 0.192634 -0.175972 -0.000668545
0.205 0.202135 -0.176002 -0.000701504
0.21 0.211844 -0.176033 -0.000735182
0.215 0.221761 -0.176065 -0.000769579
0.22 0.231885 -0.176098 -0.000804694
0.225 0.242215 -0.176131 -0.000840521
0.23 0.252749 -0.176165 -0.000877054
0.235 0.263486 -0.1762 -0.000914289
0.24 0.274423 -0.176236 -0.000952218
0.245 0.28556 -0.176272 -0.000990837
0.25 0.296894 -0.17631 -0.00103014
0.255 0.308421 -0.176348 -0.0010701
0.26 0.320135 -0.176386 -0.00111072
0.265 0.332034 -0.176426 -0.00115197
0.27 0.344116 -0.176466 -0.00119385
0.275 0.356384 -0.176507 -0.00123638
0.28 0.368838 -0.176548 -0.00127955
0.285 0.381479 -0.176591 -0.00132336
0.29 0.394304 -0.176634 -0.00136781
0.295 0.407307 -0.176678 -0.00141288
0.3 0.420485 -0.176723 -0.00145854
0.305 0.43383 -0.176768 -0.00150479
0.31 0.447336 -0.176814 -0.00155159
0.315 0.461001 -0.176861 -0.00159893
0.32 0.474822 -0.176908 -0.00164682
0.325 0.488796 -0.176956 -0.00169522
0.33 0.502916 -0.177005 -0.00174414
0.335 0.517179 -0.177055 -0.00179354
0.34 0.531585 -0.177105 -0.00184344
0.345 0.546133 -0.177156 -0.00189383
0.35 0.560823 -0.177208 -0.0019447
0.355 0.575658 -0.17726 -0.00199607
0.36 0.590639 -0.177313 -0.00204795
0.365 0.605771 -0.177367 -0.00210034
0.37 0.621056 -0.177421 -0.00215326
0.375 0.636494 -0.177476 -0.0022067
0.38 0.652082 -0.177532 -0.00226066
0.385 0.667818 -0.177589 -0.00231513
0.39 0.683694 -0.177647 -0.00237008
0.395 0.699701 -0.177705 -0.00242547
0.4 0.71583 -0.177764 -0.00248129
0.405 0.732074 -0.177823 -0.0025375
0.41 0.74843 -0.177883 -0.00259409
0.415 0.764895 -0.177944 -0.00265105
0.42 0.781466 -0.178006 -0.00270838
0.425 0.798142 -0.178068 -0.00276606
0.43 0.814923 -0.17813 -0.0028241
0.435 0.831815 -0.178194 -0.00288252
0.44 0.848825 -0.178258 -0.00294135
0.445 0.865954 -0.178323 -0.00300058
0.45 0.883197 -0.178388 -0.0030602
0.455 0.900542 -0.178454 -0.00312016
0.46 0.917975 -0.178521 -0.00318043
0.465 0.935478 -0.178588 -0.00324093
0.47 0.953033 -0.178656 -0.0033016
0.475 0.970631 -0.178724 -0.00336242
0.48 0.988266 -0.178793 -0.00342336
0.485 1.00594 -0.178862 -0.00348442
0.49 1.02364 -0.178931 -0.00354558
0.495 1.04137 -0.179001 -0.00360683
0.5 1.05912 -0.179071 -0.00366817
0.505 1.07691 -0.179142 -0.0037296
0.51 1.09474 -0.179213 -0.00379117
0.515 1.11261 -0.179285 -0.0038529
0.52 1.13055 -0.179357 -0.00391483
0.525 1.14854 -0.17943 -0.00397696
0.53 1.1666 -0.179503 -0.00403929
0.535 1.18471 -0.179576 -0.00410181
0.54 1.20286 -0.179651 -0.00416447
0.545 1.22105 -0.179725 -0.00422726
0.55 1.23927 -0.1798 -0.00429013
0.555 1.2575 -0.179876 -0.00435303
0.56 1.27573 -0.179951 -0.00441591
0.565 1.29394 -0.180027 -0.00447873
0.57 1.31212 -0.180104 -0.00454146
0.575 1.33028 -0.18018 -0.00460409
0.58 1.34841 -0.180256 -0.00466661
0.585 1.3665 -0.180333 -0.004729
0.59 1.38456 -0.18041 -0.00479127
0.595 1.40257 -0.180487 -0.00485339
0.6 1.42056 -0.180564 -0.00491539
0.605 1.43852 -0.18064 -0.00497717
0.61 1.45645 -0.180715 -0.00503874
0.615 1.47436 -0.18079 -0.00510022
0.62 1.49223 -0.180865 -0.00516159
0.625 1.51007 -0.18094 -0.00522279
0.63 1.52785 -0.181013 -0.00528368
0.635 1.54558 -0.181085 -0.00534428
0.64 1.56327 -0.181158 -0.00540475
0.645 1.58095 -0.181231 -0.00546519
0.65 1.59864 -0.181304 -0.00552567
0.655 1.61637 -0.181373 -0.00558592
0.66 1.63413 -0.181438 -0.00564595
0.665 1.65193 -0.181503 -0.00570608
0.67 1.66972 -0.181569 -0.00576621
0.675 1.68746 -0.181635 -0.00582615
0.68 1.70507 -0.181701 -0.00588568
0.685 1.72249 -0.181766 -0.00594453
0.69 1.73965 -0.181831 -0.00600255
0.695 1.75655 -0.18189 -0.00605945
0.7 1.77318 -0.181943 -0.00611524
0.705 1.78954 -0.181996 -0.00617016
0.71 1.80568 -0.182045 -0.00622401
0.715 1.82161 -0.182088 -0.00627691
0.72 1.83736 -0.182132 -0.00632921
0.725 1.85294 -0.182175 -0.0063809
0.73 1.8683 -0.182213 -0.00643174
0.735 1.88344 -0.182247 -0.00648167
0.74 1.89833 -0.182281 -0.00653079
0.745 1.91295 -0.182315 -0.00657905
0.75 1.92728 -0.182348 -0.00662637
0.755 1.94133 -0.182381 -0.00667274
0.76 1.95512 -0.182414 -0.00671824
0.765 1.96868 -0.182447 -0.00676302
0.77 1.98208 -0.182479 -0.00680724
0.775 1.99537 -0.18251 -0.00685106
0.78 2.0086 -0.18253 -0.00689431
0.785 2.02183 -0.182538 -0.00693719
0.79 2.03508 -0.182545 -0.00697998
0.795 2.04835 -0.18255 -0.00702268
0.8 2.06161 -0.182556 -0.00706539
0.805 2.07482 -0.182562 -0.00710796
0.81 2.08793 -0.182569 -0.00715019
0.815 2.10087 -0.182576 -0.00719189
0.82 2.11359 -0.182584 -0.00723286
0.825 2.12604 -0.182591 -0.007273
0.83 2.13821 -0.182599 -0.00731221
0.835 2.15006 -0.182607 -0.0073504
0.84 2.16156 -0.182614 -0.00738748
0.845 2.17271 -0.182622 -0.00742339
0.85 2.18348 -0.182629 -0.00745811
0.855 2.19388 -0.182636 -0.00749163
0.86 2.20389 -0.182643 -0.00752388
0.865 2.21347 -0.18265 -0.00755474
0.87 2.22257 -0.182657 -0.00758406
0.875 2.23116 -0.182663 -0.00761173
0.88 2.23923 -0.182669 -0.00763771
0.885 2.24676 -0.182675 -0.00766196
0.89 2.25375 -0.18268 -0.00768449
0.895 2.26022 -0.182685 -0.00770531
0.9 2.26617 -0.18269 -0.00772446
0.905 2.27161 -0.182694 -0.00774198
0.91 2.27654 -0.182698 -0.00775786
0.915 2.28097 -0.182701 -0.0077721
0.92 2.2849 -0.182701 -0.00778468
0.925 2.28838 -0.182698 -0.00779571
0.93 2.29144 -0.182695 -0.00780543
0.935 2.29411 -0.182693 -0.00781393
0.94 2.29643 -0.182691 -0.00782129
0.945 2.29841 -0.18269 -0.00782758
0.95 2.30005 -0.182689 -0.00783279
0.955 2.30136 -0.182688 -0.00783694
0.96 2.30232 -0.182687 -0.00784
0.965 2.30292 -0.182686 -0.0078419
0.97 2.30311 -0.182686 -0.00784252
0.975 2.30286 -0.182686 -0.0078417
0.98 2.3021 -0.182689 -0.00783925
0.985 2.30079 -0.182696 -0.00783504
0.99 2.29893 -0.182705 -0.00782903
0.995 2.29652 -0.182718 -0.00782123
1 2.29356 -0.182732 -0.00781169
1.005 2.2901 -0.18275 -0.00780051
1.01 2.28615 -0.182769 -0.00778777
1.015 2.28174 -0.182791 -0.0077735
1.02 2.27685 -0.182815 -0.00775771
1.025 2.27149 -0.182837 -0.00774025
1.03 2.26564 -0.182857 -0.00772111
1.035 2.25929 -0.182879 -0.0077003
1.04 2.25237 -0.182904 -0.00767765
1.045 2.24483 -0.182931 -0.00765299
1.05 2.23662 -0.182961 -0.00762617
1.055 2.22772 -0.182994 -0.00759705
1.06 2.21807 -0.183029 -0.00756552
1.065 2.20766 -0.183067 -0.00753147
1.07 2.19645 -0.183108 -0.00749484
1.075 2.18448 -0.183152 -0.00745569
1.08 2.17177 -0.183199 -0.00741415
1.085 2.15834 -0.183249 -0.00737029
1.09 2.14422 -0.183301 -0.00732414
1.095 2.12943 -0.183356 -0.00727578
1.1 2.11396 -0.183413 -0.00722524
1.105 2.09783 -0.183472 -0.00717251
1.11 2.081 -0.183535 -0.00711751
1.115 2.06346 -0.183599 -0.00706019
1.12 2.04519 -0.183667 -0.0070005
1.125 2.0262 -0.183737 -0.00693844
1.13 2.00647 -0.183806 -0.00687366
1.135 1.98597 -0.183857 -0.00680548
1.14 1.96466 -0.183896 -0.00673411
1.145 1.94258 -0.183937 -0.00666021
1.15 1.91981 -0.18398 -0.006584
1.155 1.8964 -0.184025 -0.00650569
1.16 1.8724 -0.184071 -0.00642544
1.165 1.84785 -0.184113 -0.00634308
1.17 1.82274 -0.18415 -0.00625863
1.175 1.79706 -0.184187 -0.00617225
1.18 1.77079 -0.184219 -0.00608333
1.185 1.74383 -0.184238 -0.00599137
1.19 1.71609 -0.184252 -0.00589647
1.195 1.68744 -0.184267 -0.00579854
1.2 1.65781 -0.184284 -0.00569728
1.205 1.62717 -0.184302 -0.0055926
1.21 1.59557 -0.184313 -0.00548401
1.215 1.56307 -0.184318 -0.00537181
1.22 1.5298 -0.184323 -0.00525699
1.225 1.49589 -0.184329 -0.00513994
1.23 1.46145 -0.184332 -0.00502084
1.235 1.42656 -0.184334 -0.0049
1.24 1.39129 -0.184333 -0.00477761
1.245 1.35564 -0.18433 -0.00465372
1.25 1.31956 -0.184327 -0.00452838
1.255 1.28296 -0.184325 -0.00440127
1.26 1.24573 -0.184323 -0.00427197
1.265 1.20773 -0.184322 -0.00414005
1.27 1.16885 -0.18432 -0.00400508
1.275 1.12897 -0.184319 -0.0038667
1.28 1.08802 -0.184318 -0.00372456
1.285 1.04592 -0.184317 -0.00357849
1.29 1.00267 -0.184316 -0.00342839
1.295 0.958252 -0.184315 -0.00327429
1.3 0.912708 -0.184314 -0.00311628
1.305 0.866078 -0.184314 -0.00295452
1.31 0.818408 -0.184315 -0.00278917
1.315 0.769731 -0.184316 -0.00262033
1.32 0.720086 -0.184317 -0.00244815
1.325 0.669536 -0.18432 -0.00227284
1.33 0.618159 -0.184325 -0.00209469
1.335 0.566046 -0.18433 -0.00191398
1.34 0.513286 -0.184339 -0.00173107
1.345 0.459956 -0.184353 -0.00154621
1.35 0.40611 -0.184376 -0.00135957
1.355 0.351785 -0.18441 -0.00117128
1.36 0.296996 -0.18446 -0.000981367
1.365 0.241736 -0.184526 -0.000789761
1.37 0.185989 -0.184609 -0.000596353
1.375 0.129752 -0.184729 -0.000400627
1.38 0.0730286 -0.184894 -0.000203302
1.385 0.0158229 -0.185078 -5.00907e-06
1.39 -0.0418612 -0.185266 0.000194833
1.395 -0.10002 -0.185459 0.000396259
1.4 -0.15865 -0.185655 0.000599248
1.405 -0.217746 -0.185854 0.000803783
1.41 -0.277305 -0.186058 0.00100985
1.415 -0.337323 -0.186265 0.00121743
1.42 -0.397811 -0.186476 0.00142656
1.425 -0.458796 -0.186691 0.00163734
1.43 -0.520327 -0.18691 0.00184993
1.435 -0.582461 -0.187135 0.00206452
1.44 -0.645239 -0.187364 0.00228126
1.445 -0.70868 -0.187599 0.00250022
1.45 -0.772798 -0.18784 0.00272142
1.455 -0.837622 -0.188086 0.00294498
1.46 -0.903192 -0.188339 0.00317103
1.465 -0.969532 -0.188598 0.00339963
1.47 -1.03662 -0.188858 0.00363025
1.475 -1.1044 -0.189113 0.00386225
1.48 -1.1728 -0.189366 0.00409565
1.485 -1.24174 -0.189605 0.00432932
1.49 -1.31118 -0.189833 0.00456329
1.495 -1.38109 -0.190062 0.00479855
1.5 -1.45147 -0.190253 0.00503303
1.505 -1.52236 -0.190408 0.005267
1.51 -1.59382 -0.190486 0.00550003
1.515 -1.66594 -0.190477 0.00573164
1.52 -1.73879 -0.190464 0.00596487
1.525 -1.81243 -0.190461 0.00620077
1.53 -1.88685 -0.190458 0.006439
1.535 -1.96201 -0.190396 0.00667775
1.54 -2.03782 -0.190273 0.00691634
1.545 -2.1142 -0.190149 0.0071562
1.55 -2.19111 -0.190035 0.00739774
1.555 -2.26849 -0.189924 0.00764073
1.56 -2.34635 -0.189764 0.00788395
1.565 -2.42473 -0.189561 0.00812761
1.57 -2.50367 -0.189358 0.00837258
1.575 -2.58325 -0.189146 0.00861868
1.58 -2.66354 -0.188923 0.00886602
1.585 -2.7446 -0.188669 0.00911387
1.59 -2.8265 -0.188355 0.00936231
1.595 -2.9093 -0.188006 0.00961269
1.6 -2.99303 -0.187628 0.00986423
1.605 -3.07766 -0.18721 0.0101163
1.61 -3.16312 -0.186742 0.0103682
1.615 -3.24929 -0.186238 0.0106202
1.62 -3.33603 -0.185734 0.0108736
1.625 -3.42321 -0.185186 0.0111259
1.63 -3.51075 -0.184578 0.0113763
1.635 -3.59858 -0.183901 0.0116249
1.64 -3.68667 -0.18316 0.0118723
1.645 -3.77498 -0.182368 0.0121182
1.65 -3.86349 -0.181529 0.0123626
1.655 -3.95224 -0.18065 0.012606
1.66 -4.0413 -0.179733 0.0128484
1.665 -4.13082 -0.178803 0.013092
1.67 -4.22094 -0.177858 0.0133367
1.675 -4.31181 -0.176864 0.0135826
1.68 -4.40358 -0.175833 0.0138304
1.685 -4.49634 -0.174799 0.0140799
1.69 -4.59013 -0.173753 0.014331
1.695 -4.68494 -0.17269 0.0145844
1.7 -4.78071 -0.171615 0.01484
1.705 -4.87733 -0.17051 0.015095
1.71 -4.97465 -0.169349 0.0153492
1.715 -5.07254 -0.168161 0.0156027
1.72 -5.17089 -0.166983 0.0158518
1.725 -5.2696 -0.165812 0.0160961
1.73 -5.3686 -0.164622 0.0163323
1.735 -5.46785 -0.163423 0.0165595
1.74 -5.56731 -0.162283 0.01678
1.745 -5.66697 -0.161234 0.0169926
1.75 -5.76681 -0.160235 0.0172019
1.755 -5.86677 -0.159256 0.0174106
1.76 -5.96679 -0.158297 0.0176182
1.765 -6.06683 -0.157345 0.0178235
1.77 -6.16694 -0.156401 0.0180263
1.775 -6.2672 -0.155459 0.0182283
1.78 -6.36771 -0.15451 0.0184318
1.785 -6.46856 -0.153566 0.0186371
1.79 -6.56988 -0.152638 0.0188429
1.795 -6.67174 -0.151734 0.0190492
1.8 -6.77416 -0.150853 0.0192559
1.805 -6.8771 -0.149997 0.0194629
1.81 -6.98048 -0.149182 0.0196692
1.815 -7.08425 -0.14836 0.0198774
1.82 -7.18833 -0.147505 0.0200886
1.825 -7.29268 -0.146576 0.0203073
1.83 -7.39726 -0.145571 0.020533
1.835 -7.50206 -0.144574 0.0207589
1.84 -7.60708 -0.143591 0.0209847
1.845 -7.71233 -0.142621 0.0212105
1.85 -7.81787 -0.141664 0.0214365
1.855 -7.92378 -0.140712 0.0216633
1.86 -8.03012 -0.139717 0.0218943
1.865 -8.13692 -0.138687 0.0221292
1.87 -8.2442 -0.137666 0.0223649
1.875 -8.35197 -0.13665 0.0226018
1.88 -8.4602 -0.135642 0.0228395
1.885 -8.56886 -0.134648 0.0230778
1.89 -8.67793 -0.133668 0.0233166
1.895 -8.78739 -0.132707 0.023556
1.9 -8.89728 -0.131779 0.0237957
1.905 -9.00764 -0.130884 0.0240359
1.91 -9.11849 -0.130006 0.0242769
1.915 -9.22989 -0.129089 0.0245206
1.92 -9.34183 -0.128127 0.0247673
1.925 -9.45434 -0.1271 0.0250196
1.93 -9.56735 -0.126009 0.0252771
1.935 -9.6808 -0.124929 0.0255353
1.94 -9.79456 -0.123856 0.0257942
1.945 -9.90853 -0.122726 0.0260565
1.95 -10.0226 -0.121544 0.026322
1.955 -10.1368 -0.120373 0.0265875
1.96 -10.2511 -0.119214 0.0268529
1.965 -10.3655 -0.118085 0.0271182
1.97 -10.4802 -0.116982 0.0273837
1.975 -10.5952 -0.115885 0.0276498
1.98 -10.7105 -0.114795 0.0279166
1.985 -10.8263 -0.113713 0.0281841
1.99 -10.9423 -0.112672 0.028452
1.995 -11.0585 -0.111667 0.0287202
2 -11.1749 -0.110669 0.0289885
2.005 -11.2913 -0.109707 0.0292567
2.01 -11.4077 -0.108779 0.0295245
2.015 -11.524 -0.107855 0.0297921
2.02 -11.6402 -0.10693 0.0300596
2.025 -11.7565 -0.105953 0.0303279
2.03 -11.8729 -0.104931 0.0305972
2.035 -11.9896 -0.103914 0.0308669
2.04 -12.1066 -0.102901 0.0311375
2.045 -12.2241 -0.101892 0.0314091
2.05 -12.3421 -0.100886 0.0316817
2.055 -12.4605 -0.0998822 0.0319554
2.06 -12.5794 -0.0988826 0.0322301
2.065 -12.6987 -0.0978876 0.0325057
2.07 -12.8183 -0.0968984 0.0327818
2.075 -12.938 -0.0959161 0.0330584
2.08 -13.0579 -0.0949413 0.0333353
2.085 -13.178 -0.0939745 0.0336125
2.09 -13.2982 -0.093016 0.0338901
2.095 -13.4187 -0.0920662 0.0341682
2.1 -13.5395 -0.091125 0.034447
2.105 -13.6607 -0.0901929 0.0347265
2.11 -13.7822 -0.0892705 0.035007
2.115 -13.9042 -0.0883588 0.0352883
2.12 -14.0265 -0.0874593 0.0355705
2.125 -14.1492 -0.0865737 0.0358535
2.13 -14.2722 -0.0857068 0.036137
2.135 -14.3954 -0.0849213 0.0364206
2.14 -14.5186 -0.0842115 0.0367041
2.145 -14.6418 -0.0835143 0.0369875
2.15 -14.7648 -0.0828326 0.0372704
2.155 -14.8875 -0.0821684 0.0375527
2.16 -15.0101 -0.0815235 0.0378344
2.165 -15.1324 -0.0808997 0.0381156
2.17 -15.2546 -0.0802986 0.0383965
2.175 -15.3768 -0.0797218 0.0386774
2.18 -15.4993 -0.0791715 0.0389588
2.185 -15.6223 -0.0786531 0.0392411
2.19 -15.7458 -0.0782178 0.0395245
2.195 -15.87 -0.0778521 0.0398093
2.2 -15.995 -0.0773898 0.0400964
2.205 -16.1208 -0.0768413 0.0403857
2.21 -16.2473 -0.0765503 0.0406762
2.215 -16.3745 -0.0765886 0.0409678
2.22 -16.5023 -0.0768202 0.0412603
2.225 -16.6307 -0.0773544 0.0415532
2.23 -16.7595 -0.0785003 0.0418456
2.235 -16.8886 -0.0812812 0.0421344
2.24 -17.0178 -0.0847008 0.0424204
2.245 -17.147 -0.0860198 0.0427123
2.25 -17.2762 -0.0856132 0.0430102
2.255 -17.4053 -0.084996 0.0433076
2.26 -17.5343 -0.084398 0.0436041
2.265 -17.6633 -0.0838456 0.0439006
2.27 -17.7923 -0.0833321 0.0441971
2.275 -17.9214 -0.0828523 0.0444939
2.28 -18.0508 -0.0824058 0.0447911
2.285 -18.1804 -0.0820207 0.0450889
2.29 -18.3105 -0.0816942 0.0453874
2.295 -18.4408 -0.0813979 0.0456866
2.3 -18.5714 -0.0811325 0.0459862
2.305 -18.702 -0.0808993 0.0462858
2.31 -18.8323 -0.0807 0.0465846
2.315 -18.9621 -0.0805371 0.0468822
2.32 -19.0911 -0.0804132 0.0471779
2.325 -19.2192 -0.0803317 0.0474714
2.33 -19.3463 -0.0803157 0.0477625
2.335 -19.4726 -0.0806223 0.0480508
2.34 -19.5981 -0.0813136 0.0483365
2.345 -19.7233 -0.0817878 0.0486223
2.35 -19.8484 -0.0820599 0.0489092
2.355 -19.974 -0.0829578 0.0491954
2.36 -20.1001 -0.0846586 0.0494814
2.365 -20.2271 -0.087465 0.049767
2.37 -20.3551 -0.0911503 0.0500527
2.375 -20.4841 -0.0984551 0.0503302
2.38 -20.6142 -0.104055 0.0506236
2.385 -20.7453 -0.104189 0.0509369
2.39 -20.8777 -0.103802 0.0512451
2.395 -21.0112 -0.103216 0.0515546
2.4 -21.1459 -0.10253 0.0518671
2.405 -21.2819 -0.101587 0.0521821
2.41 -21.4191 -0.100636 0.0524994
2.415 -21.5575 -0.0997638 0.0528197
2.42 -21.6971 -0.0989626 0.0531426
2.425 -21.8377 -0.0982196 0.053468
2.43 -21.9792 -0.0975239 0.0537957
2.435 -22.1215 -0.0968668 0.0541253
2.44 -22.2645 -0.0962415 0.0544566
2.445 -22.4083 -0.0956424 0.0547897
2.45 -22.5528 -0.0950651 0.0551244
2.455 -22.698 -0.0945059 0.0554609
2.46 -22.8441 -0.093962 0.0557994
2.465 -22.9912 -0.0934314 0.0561402
2.47 -23.1393 -0.0929829 0.0564834
2.475 -23.2887 -0.0927122 0.0568293
2.48 -23.4393 -0.0925498 0.0571781
2.485 -23.5913 -0.0924015 0.0575302
2.49 -23.7449 -0.0922704 0.0578858
2.495 -23.9 -0.0921584 0.058245
2.5 -24.0568 -0.0920682 0.0586082
2.505 -24.2154 -0.0920028 0.0589753
2.51 -24.3757 -0.0919661 0.0593465
2.515 -24.5378 -0.0919629 0.059722
2.52 -24.7019 -0.0919981 0.0601017
2.525 -24.8678 -0.0920662 0.0604858
2.53 -25.0355 -0.0921696 0.0608741
2.535 -25.205 -0.092322 0.0612665
2.54 -25.3762 -0.0925328 0.0616629
2.545 -25.5492 -0.0928148 0.0620632
2.55 -25.7239 -0.0931768 0.0624674
2.555 -25.9001 -0.0931677 0.0628758
2.56 -26.078 -0.0927633 0.0632882
2.565 -26.2573 -0.0923831 0.063704
2.57 -26.4379 -0.0920187 0.0641228
2.575 -26.6197 -0.0916694 0.0645442
2.58 -26.8025 -0.0913344 0.064968
2.585 -26.9859 -0.0910132 0.0653933
2.59 -27.1699 -0.090706 0.0658197
2.595 -27.3539 -0.0904136 0.0662464
2.6 -27.5378 -0.0901376 0.0666727
2.605 -27.7212 -0.0898808 0.0670978
2.61 -27.9037 -0.0896469 0.0675209
2.615 -28.0849 -0.0894413 0.067941
2.62 -28.2645 -0.0892703 0.0683571
2.625 -28.442 -0.0891421 0.0687686
2.63 -28.6172 -0.0890666 0.0691748
2.635 -28.79 -0.0890564 0.0695753
2.64 -28.9602 -0.0891236 0.0699698
2.645 -29.1278 -0.089246 0.0703581
2.65 -29.2928 -0.0894234 0.0707403
2.655 -29.4551 -0.0896925 0.0711164
2.66 -29.6148 -0.0900791 0.0714865
2.665 -29.772 -0.0906301 0.0718506
2.67 -29.9268 -0.091444 0.0722089
2.675 -30.0791 -0.0928055 0.0725612
2.68 -30.2289 -0.0962445 0.072907
2.685 -30.3762 -0.10029 0.0732464
2.69 -30.5209 -0.101721 0.0735819
2.695 -30.663 -0.10167 0.0739129
2.7 -30.8023 -0.101417 0.0742365
2.705 -30.9387 -0.100953 0.0745523
2.71 -31.0719 -0.100549 0.0748609
2.715 -31.2019 -0.100197 0.0751617
2.72 -31.3281 -0.0998837 0.0754542
2.725 -31.4505 -0.0995471 0.0757378
2.73 -31.5687 -0.0991859 0.0760116
2.735 -31.6823 -0.0988537 0.0762751
2.74 -31.7912 -0.0985469 0.0765276
2.745 -31.8952 -0.0982631 0.0767687
2.75 -31.9942 -0.0980001 0.0769981
2.755 -32.0881 -0.0977561 0.0772157
2.76 -32.1768 -0.0975297 0.0774214
2.765 -32.2604 -0.0973195 0.0776152
2.77 -32.339 -0.0971243 0.0777975
2.775 -32.4129 -0.0969427 0.0779689
2.78 -32.4825 -0.0967733 0.0781303
2.785 -32.5483 -0.0966145 0.0782827
2.79 -32.6106 -0.0964648 0.0784273
2.795 -32.6702 -0.0963228 0.0785654
2.8 -32.7274 -0.096187 0.078698
2.805 -32.7828 -0.0960559 0.0788266
2.81 -32.8371 -0.095928 0.0789525
2.815 -32.891 -0.0958015 0.0790773
2.82 -32.9449 -0.0956751 0.0792023
2.825 -32.9994 -0.0955474 0.0793288
2.83 -33.0551 -0.0954173 0.0794578
2.835 -33.1122 -0.0952836 0.0795903
2.84 -33.1712 -0.0951453 0.0797272
2.845 -33.2325 -0.0950017 0.0798693
2.85 -33.2964 -0.0948519 0.0800173
2.855 -33.363 -0.0946952 0.0801718
2.86 -33.4327 -0.0945309 0.0803333
2.865 -33.5056 -0.0943584 0.0805026
2.87 -33.5821 -0.0941771 0.0806799
2.875 -33.6623 -0.0939864 0.0808658
2.88 -33.7462 -0.093786 0.0810604
2.885 -33.8344 -0.0935747 0.0812649
2.89 -33.9274 -0.0933511 0.0814804
2.895 -34.0255 -0.0931139 0.0817081
2.9 -34.1291 -0.0928625 0.0819483
2.905 -34.2382 -0.0925966 0.0822012
2.91 -34.3527 -0.0923162 0.0824667
2.915 -34.4724 -0.0920215 0.0827443
2.92 -34.5969 -0.0917136 0.0830329
2.925 -34.7256 -0.0913936 0.0833312
2.93 -34.858 -0.0910626 0.0836383
2.935 -34.9939 -0.0907212 0.0839535
2.94 -35.1331 -0.0903701 0.084276
2.945 -35.275 -0.0900102 0.0846051
2.95 -35.4193 -0.0896426 0.0849397
2.955 -35.5656 -0.0892683 0.0852789
2.96 -35.7135 -0.0888883 0.0856219
2.965 -35.8627 -0.0885036 0.0859677
2.97 -36.0127 -0.0881153 0.0863155
2.975 -36.163 -0.0877247 0.0866642
2.98 -36.3133 -0.087333 0.0870126
2.985 -36.463 -0.0869418 0.0873598
2.99 -36.6117 -0.0865522 0.0877045
2.995 -36.759 -0.0861653 0.088046
3 -36.9046 -0.085782 0.0883835
3.005 -37.0483 -0.0854029 0.0887167
3.01 -37.1899 -0.0850286 0.089045
3.015 -37.3293 -0.0846599 0.0893683
3.02 -37.4664 -0.0842995 0.0896861
3.025 -37.6011 -0.083947 0.0899984
3.03 -37.7334 -0.0836002 0.0903052
3.035 -37.8634 -0.083259 0.0906064
3.04 -37.9909 -0.0829237 0.0909022
3.045 -38.1161 -0.0825941 0.0911925
3.05 -38.239 -0.0822705 0.0914773
3.055 -38.3594 -0.0819529 0.0917565
3.06 -38.4773 -0.0816416 0.09203
3.065 -38.5928 -0.0813365 0.0922977
3.07 -38.7058 -0.0810378 0.0925596
3.075 -38.8162 -0.0807457 0.0928157
3.08 -38.924 -0.0804603 0.0930657
3.085 -39.0291 -0.0801819 0.0933094
3.09 -39.1314 -0.079911 0.0935464
3.095 -39.2306 -0.0796479 0.0937765
3.1 -39.3267 -0.079393 0.0939993
3.105 -39.4194 -0.0791472 0.0942142
3.11 -39.5084 -0.078911 0.0944206
3.115 -39.5935 -0.0786851 0.0946178
3.12 -39.6744 -0.0784703 0.0948054
3.125 -39.7509 -0.0782669 0.0949829
3.13 -39.823 -0.0780754 0.09515
3.135 -39.8905 -0.077896 0.0953065
3.14 -39.9534 -0.0777288 0.0954524
3.145 -40.0117 -0.077574 0.0955874
3.15 -40.0652 -0.0774316 0.0957116
3.155 -40.1141 -0.0773017 0.0958248
3.16 -40.1582 -0.0771844 0.0959271
3.165 -40.1974 -0.0770801 0.096018
3.17 -40.2315 -0.0769895 0.096097
3.175 -40.2601 -0.0769133 0.0961634
3.18 -40.283 -0.0768523 0.0962165
3.185 -40.2999 -0.0768074 0.0962557
3.19 -40.3107 -0.0767786 0.0962807
3.195 -40.3156 -0.0767657 0.096292
3.2 -40.3149 -0.0767679 0.0962905
3.205 -40.3097 -0.0767952 0.0962772
3.21 -40.301 -0.0768496 0.0962541
3.215 -40.2897 -0.0769197 0.0962245
3.22 -40.2767 -0.0770003 0.0961905
3.225 -40.2628 -0.0770876 0.0961538
3.23 -40.2483 -0.0771787 0.096116
3.235 -40.2337 -0.0772712 0.096078
3.24 -40.2194 -0.0773632 0.0960406
3.245 -40.2055 -0.0774532 0.0960046
3.25 -40.1924 -0.0775395 0.0959704
3.255 -40.1802 -0.0776205 0.0959388
3.26 -40.1691 -0.0776948 0.0959101
3.265 -40.1593 -0.077761 0.0958849
3.27 -40.1509 -0.0778179 0.0958634
3.275 -40.1442 -0.0778642 0.0958461
3.28 -40.1392 -0.0778988 0.0958333
3.285 -40.1361 -0.0779207 0.0958253
3.29 -40.135 -0.0779284 0.0958226
3.295 -40.1362 -0.0779209 0.0958256
3.3 -40.1398 -0.0778987 0.0958351
3.305 -40.146 -0.0778617 0.0958515
3.31 -40.1551 -0.0778076 0.0958754
3.315 -40.1672 -0.0777356 0.095907
3.32 -40.1823 -0.0776451 0.0959468
3.325 -40.2005 -0.077536 0.0959946
3.33 -40.2217 -0.0774087 0.0960504
3.335 -40.2459 -0.0772647 0.0961137
3.34 -40.2727 -0.0771043 0.096184
3.345 -40.3019 -0.0769234 0.0962601
3.35 -40.3332 -0.076723 0.0963386
3.355 -40.3662 -0.0765796 0.0964166
3.36 -40.4006 -0.0764922 0.0964951
3.365 -40.4358 -0.0763937 0.0965757
3.37 -40.4717 -0.0763114 0.096658
3.375 -40.5078 -0.0762435 0.0967409
3.38 -40.5437 -0.0761683 0.0968237
3.385 -40.5792 -0.0760891 0.0969055
3.39 -40.614 -0.0760082 0.0969856
3.395 -40.6477 -0.0759271 0.0970635
3.4 -40.6802 -0.0758472 0.0971386
3.405 -40.7113 -0.0757698 0.0972104
3.41 -40.7404 -0.0756961 0.0972778
3.415 -40.7673 -0.0756276 0.0973399
3.42 -40.7912 -0.0755662 0.0973953
3.425 -40.8116 -0.0755136 0.0974425
3.43 -40.8278 -0.0754719 0.0974801
3.435 -40.8391 -0.0754431 0.0975062
3.44 -40.8449 -0.0754291 0.0975194
3.445 -40.8444 -0.0754317 0.0975183
3.45 -40.8373 -0.07547 0.0975001
3.455 -40.8232 -0.0755567 0.097463
3.46 -40.8019 -0.0756877 0.0974069
3.465 -40.7731 -0.0758655 0.0973315
3.47 -40.7368 -0.0760938 0.0972369
3.475 -40.6932 -0.0763757 0.0971237
3.48 -40.6426 -0.0767142 0.0969929
3.485 -40.5852 -0.077112 0.0968461
3.49 -40.5219 -0.0775705 0.0966852
3.495 -40.4532 -0.0780891 0.0965126
3.5 -40.3801 -0.0786695 0.0963304
3.505 -40.3033 -0.0793081 0.0961406
3.51 -40.2236 -0.079999 0.0959452
3.515 -40.1418 -0.08075 0.095746
3.52 -40.0586 -0.0815519 0.0955446
3.525 -39.9747 -0.0823825 0.0953424
3.53 -39.8906 -0.0832338 0.0951406
3.535 -39.8067 -0.084099 0.09494
3.54 -39.7235 -0.0849727 0.0947414
3.545 -39.6412 -0.0858596 0.0945455
3.55 -39.5602 -0.0867546 0.094353
3.555 -39.4807 -0.0876435 0.0941645
3.56 -39.4031 -0.0885223 0.0939805
3.565 -39.3275 -0.0893872 0.0938015
3.57 -39.2542 -0.0902326 0.0936281
3.575 -39.1835 -0.0910546 0.093461
3.58 -39.1157 -0.0918503 0.0933009
3.585 -39.051 -0.0926158 0.0931481
3.59 -38.9897 -0.0933463 0.0930036
3.595 -38.9326 -0.0940321 0.092869
3.6 -38.8809 -0.0946588 0.0927469
3.605 -38.8353 -0.0952136 0.0926396
3.61 -38.7965 -0.09569 0.0925481
3.615 -38.7644 -0.0960862 0.0924725
3.62 -38.739 -0.0964013 0.0924127
3.625 -38.7203 -0.0966344 0.0923687
3.63 -38.7083 -0.0967851 0.0923406
3.635 -38.703 -0.0968537 0.0923281
3.64 -38.7043 -0.0968419 0.0923311
3.645 -38.7121 -0.0967878 0.0923512
3.65 -38.7264 -0.0967135 0.0923889
3.655 -38.7472 -0.0966035 0.0924435
3.66 -38.7742 -0.0964568 0.0925143
3.665 -38.8073 -0.0962726 0.0926008
3.67 -38.8463 -0.0960422 0.0927025
3.675 -38.8911 -0.0957628 0.0928185
3.68 -38.9413 -0.0954428 0.0929481
3.685 -38.9968 -0.0950792 0.0930903
3.69 -39.0575 -0.0946648 0.0932443
3.695 -39.1231 -0.0941987 0.0934094
3.7 -39.1935 -0.093681 0.0935849
3.705 -39.2685 -0.0931127 0.0937701
3.71 -39.3479 -0.092496 0.0939645
3.715 -39.4314 -0.0918338 0.0941676
3.72 -39.5187 -0.0911313 0.0943787
3.725 -39.6095 -0.0903987 0.0945969
3.73 -39.703 -0.0896443 0.0948208
3.735 -39.7983 -0.0888881 0.0950482
3.74 -39.8945 -0.0881401 0.0952771
3.745 -39.9905 -0.0873947 0.0955049
3.75 -40.0852 -0.0866612 0.0957293
3.755 -40.1777 -0.0859682 0.0959482
3.76 -40.2671 -0.0853238 0.0961595
3.765 -40.3526 -0.0847255 0.0963614
3.77 -40.4336 -0.0841725 0.0965523
3.775 -40.5094 -0.0836683 0.0967309
3.78 -40.5795 -0.083218 0.0968959
3.785 -40.6436 -0.082831 0.0970465
3.79 -40.7016 -0.0825538 0.0971817
3.795 -40.7533 -0.0823618 0.0973015
3.8 -40.7987 -0.0822034 0.0974066
3.805 -40.8378 -0.0820702 0.0974971
3.81 -40.8706 -0.0819577 0.0975731
3.815 -40.8972 -0.0818667 0.0976345
3.82 -40.9174 -0.081798 0.0976813
3.825 -40.9314 -0.0817521 0.0977137
3.83 -40.9392 -0.0817291 0.0977316
3.835 -40.9408 -0.0817294 0.0977352
3.84 -40.9363 -0.0817541 0.0977246
3.845 -40.9258 -0.0818154 0.0976976
3.85 -40.9092 -0.0819181 0.0976539
3.855 -40.8867 -0.0820565 0.0975946
3.86 -40.8583 -0.0822322 0.09752
3.865 -40.8239 -0.0824475 0.0974302
3.87 -40.7834 -0.0827054 0.0973251
3.875 -40.7368 -0.0830098 0.097205
3.88 -40.6841 -0.0833647 0.0970701
3.885 -40.6252 -0.0837742 0.0969206
3.89 -40.5601 -0.0842419 0.096757
3.895 -40.4889 -0.0847708 0.0965793
3.9 -40.4115 -0.085363 0.0963879
3.905 -40.328 -0.0860238 0.0961828
3.91 -40.2382 -0.0867548 0.095964
3.915 -40.1421 -0.0875537 0.095731
3.92 -40.0393 -0.0884237 0.0954833
3.925 -39.9299 -0.0893657 0.0952204
3.93 -39.8133 -0.0903791 0.0949415
3.935 -39.6895 -0.091465 0.094646
3.94 -39.5581 -0.0926243 0.0943333
3.945 -39.4193 -0.0939297 0.0940037
3.95 -39.273 -0.0953923 0.0936571
3.955 -39.1193 -0.0970819 0.093294
3.96 -38.9584 -0.0990134 0.092915
3.965 -38.7907 -0.101116 0.0925201
3.97 -38.6163 -0.103395 0.0921102
3.975 -38.4357 -0.10581 0.0916859
3.98 -38.2491 -0.108368 0.0912477
3.985 -38.0567 -0.111076 0.0907964
3.99 -37.8586 -0.113949 0.0903323
3.995 -37.6552 -0.117098 0.0898561
4 -37.4465 -0.120557 0.0893682
4.005 -37.2328 -0.12425 0.088869
4.01 -37.0142 -0.12827 0.0883592
4.015 -36.7908 -0.132483 0.0878388
4.02 -36.5628 -0.137234 0.0873088
4.025 -36.3304 -0.142526 0.0867694
4.03 -36.0937 -0.147078 0.0862175
4.035 -35.8529 -0.150945 0.0856538
4.04 -35.6084 -0.154907 0.0850812
4.045 -35.3603 -0.159131 0.0845011
4.05 -35.1089 -0.163647 0.083914
4.055 -34.8546 -0.168357 0.0833204
4.06 -34.5976 -0.173504 0.0827213
4.065 -34.3383 -0.179199 0.0821176
4.07 -34.077 -0.185432 0.0815102
4.075 -33.8141 -0.19243 0.0809004
4.08 -33.5502 -0.200649 0.08029
4.085 -33.2856 -0.210148 0.0796811
4.09 -33.0208 -0.219036 0.0790701
4.095 -32.7563 -0.226733 0.0784562
4.1 -32.4924 -0.23275 0.0778386
4.105 -32.2296 -0.236942 0.0772192
4.11 -31.9681 -0.240967 0.0766048
4.115 -31.7083 -0.245077 0.075996
4.12 -31.4506 -0.249341 0.0753927
4.125 -31.1953 -0.253863 0.0747955
4.13 -30.9425 -0.258745 0.074205
4.135 -30.6925 -0.264111 0.0736219
4.14 -30.4456 -0.26975 0.0730467
4.145 -30.2021 -0.274857 0.0724783
4.15 -29.9622 -0.27726 0.0719131
4.155 -29.7261 -0.27816 0.0713507
4.16 -29.4939 -0.279711 0.0707964
4.165 -29.2658 -0.281346 0.0702527
4.17 -29.0419 -0.2831 0.0697201
4.175 -28.8222 -0.284926 0.0691983
4.18 -28.6067 -0.286809 0.0686872
4.185 -28.3955 -0.28874 0.0681867
4.19 -28.1884 -0.290716 0.0676964
4.195 -27.9852 -0.292742 0.067216
4.2 -27.7856 -0.294825 0.0667444
4.205 -27.5889 -0.296976 0.0662804
4.21 -27.3946 -0.299215 0.0658225
4.215 -27.2019 -0.301605 0.065369
4.22 -27.0103 -0.304172 0.0649188
4.225 -26.8191 -0.306911 0.0644705
4.23 -26.628 -0.309757 0.0640226
4.235 -26.4364 -0.311521 0.0635686
4.24 -26.2441 -0.312261 0.0631076
4.245 -26.0508 -0.313123 0.0626449
4.25 -25.8562 -0.314053 0.0621797
4.255 -25.6603 -0.31502 0.0617115
4.26 -25.4629 -0.316153 0.0612408
4.265 -25.264 -0.317478 0.0607674
4.27 -25.0635 -0.318896 0.0602907
4.275 -24.8615 -0.320404 0.0598107
4.28 -24.6578 -0.322009 0.0593273
4.285 -24.4525 -0.323723 0.0588405
4.29 -24.2455 -0.325559 0.0583503
4.295 -24.0367 -0.327534 0.0578565
4.3 -23.8259 -0.329711 0.0573588
4.305 -23.6129 -0.332144 0.0568567
4.31 -23.3973 -0.334823 0.0563495
4.315 -23.1788 -0.337498 0.0558352
4.32 -22.9569 -0.338784 0.0553056
4.325 -22.7315 -0.338914 0.0547605
4.33 -22.5019 -0.339205 0.054206
4.335 -22.268 -0.339574 0.0536413
4.34 -22.0294 -0.339806 0.0530642
4.345 -21.7858 -0.340026 0.052475
4.35 -21.5372 -0.34044 0.0518748
4.355 -21.2834 -0.340926 0.0512624
4.36 -21.0244 -0.341468 0.0506384
4.365 -20.7601 -0.342085 0.0500028
4.37 -20.4907 -0.342911 0.0493561
4.375 -20.2165 -0.343974 0.0486993
4.38 -19.9383 -0.345221 0.0480335
4.385 -19.6568 -0.34669 0.0473614
4.39 -19.3732 -0.3483 0.0466847
4.395 -19.0884 -0.34888 0.045998
4.4 -18.8033 -0.348455 0.0453039
4.405 -18.5186 -0.348118 0.0446113
4.41 -18.2353 -0.347848 0.0439223
4.415 -17.9539 -0.34761 0.0432391
4.42 -17.675 -0.347587 0.0425644
4.425 -17.3993 -0.347848 0.0418991
4.43 -17.1272 -0.348275 0.0412437
4.435 -16.859 -0.348999 0.0405997
4.44 -16.5951 -0.350084 0.0399678
4.445 -16.3358 -0.351437 0.0393485
4.45 -16.0814 -0.352778 0.0387409
4.455 -15.8326 -0.352819 0.0381382
4.46 -15.5898 -0.351764 0.0375428
4.465 -15.3533 -0.350843 0.0369631
4.47 -15.123 -0.350009 0.0363993
4.475 -14.8989 -0.349249 0.035851
4.48 -14.6811 -0.34856 0.0353186
4.485 -14.4697 -0.348085 0.0348031
4.49 -14.2648 -0.347836 0.0343047
4.495 -14.0663 -0.347404 0.0338206
4.5 -13.8745 -0.346773 0.0333508
4.505 -13.6892 -0.346207 0.0328975
4.51 -13.5106 -0.3457 0.0324607
4.515 -13.3387 -0.345248 0.0320404
4.52 -13.1734 -0.344849 0.0316366
4.525 -13.0148 -0.344454 0.031249
4.53 -12.8629 -0.343745 0.0308749
4.535 -12.7176 -0.342787 0.0305147
4.54 -12.5789 -0.341899 0.0301711
4.545 -12.4468 -0.34108 0.029844
4.55 -12.3213 -0.340328 0.0295335
4.555 -12.2023 -0.339624 0.0292391
4.56 -12.0899 -0.338968 0.028961
4.565 -11.9838 -0.338361 0.0286987
4.57 -11.8839 -0.337799 0.0284519
4.575 -11.7899 -0.337273 0.0282194
4.58 -11.7009 -0.336781 0.0279996
4.585 -11.6165 -0.336316 0.027791
4.59 -11.5359 -0.335876 0.0275921
4.595 -11.4587 -0.335457 0.0274014
4.6 -11.3841 -0.335054 0.0272172
4.605 -11.3115 -0.334663 0.0270377
4.61 -11.2399 -0.334281 0.0268611
4.615 -11.1688 -0.333902 0.0266855
4.62 -11.0973 -0.333523 0.0265088
4.625 -11.0245 -0.333139 0.0263294
4.63 -10.9499 -0.332749 0.0261451
4.635 -10.8726 -0.332387 0.0259546
4.64 -10.7918 -0.332053 0.025756
4.645 -10.707 -0.331706 0.0255474
4.65 -10.6175 -0.331348 0.0253274
4.655 -10.5228 -0.330976 0.0250947
4.66 -10.4223 -0.330593 0.024848
4.665 -10.3156 -0.330197 0.0245859
4.67 -10.2022 -0.329792 0.0243076
4.675 -10.0818 -0.329372 0.0240121
4.68 -9.95418 -0.328657 0.023696
4.685 -9.8191 -0.327648 0.0233588
4.69 -9.67643 -0.326609 0.0230027
4.695 -9.52602 -0.325524 0.0226274
4.7 -9.3677 -0.32439 0.0222325
4.705 -9.20128 -0.323207 0.0218175
4.71 -9.02658 -0.321974 0.0213818
4.715 -8.84339 -0.320688 0.0209252
4.72 -8.65154 -0.319349 0.020447
4.725 -8.4509 -0.317957 0.0199469
4.73 -8.24133 -0.316512 0.0194247
4.735 -8.02275 -0.314912 0.0188787
4.74 -7.79508 -0.313155 0.0183085
4.745 -7.55825 -0.311401 0.0177164
4.75 -7.3122 -0.309647 0.0171018
4.755 -7.05692 -0.307686 0.0164617
4.76 -6.79231 -0.305437 0.0157944
4.765 -6.51828 -0.303046 0.0151021
4.77 -6.23468 -0.300594 0.0143861
4.775 -5.94138 -0.29808 0.0136458
4.78 -5.63828 -0.295503 0.0128811
4.785 -5.32535 -0.292886 0.0120922
4.79 -5.00267 -0.290235 0.0112794
4.795 -4.67041 -0.287591 0.0104438
4.8 -4.32885 -0.285004 0.00958678
4.805 -3.97836 -0.282441 0.00870855
4.81 -3.6194 -0.279544 0.00780088
4.815 -3.25245 -0.276306 0.00686497
4.82 -2.87799 -0.273047 0.00591054
4.825 -2.49647 -0.269772 0.00493872
4.83 -2.10834 -0.266443 0.00394867
4.835 -1.71411 -0.26277 0.00292773
4.84 -1.31431 -0.258786 0.0018792
4.845 -0.909449 -0.254512 0.000796346
4.85 -0.500026 -0.249947 -0.00032101
4.855 -0.086535 -0.24524 -0.00147343
4.86 0.330524 -0.240343 -0.00266673
4.865 0.750669 -0.235431 -0.00388395
4.87 1.17347 -0.230924 -0.00511327
4.875 1.59857 -0.226803 -0.00634759
4.88 2.02563 -0.222514 -0.00757884
4.885 2.45438 -0.217772 -0.00878682
4.89 2.88458 -0.212541 -0.00996375
4.895 3.31607 -0.206997 -0.011125
4.9 3.74874 -0.201243 -0.0122871
4.905 4.18255 -0.195173 -0.0134407
4.91 4.61748 -0.188882 -0.0145706
4.915 5.05352 -0.182664 -0.0156477
4.92 5.49065 -0.176952 -0.0165806
4.925 5.92885 -0.172274 -0.0174243
4.93 6.36802 -0.16861 -0.0182744
4.935 6.80803 -0.165335 -0.0191212
4.94 7.24865 -0.162176 -0.0200065
4.945 7.68957 -0.159124 -0.0209303
4.95 8.13045 -0.155847 -0.0218737
4.955 8.57091 -0.152462 -0.0228304
4.96 9.01058 -0.149284 -0.0237903
4.965 9.44917 -0.146558 -0.0247684
4.97 9.88641 -0.143681 -0.025773
4.975 10.3221 -0.140371 -0.0267866
4.98 10.756 -0.137436 -0.0277949
4.985 11.1881 -0.13484 -0.0287978
4.99 11.6181 -0.132438 -0.029794
4.995 12.046 -0.130184 -0.0307837
5 12.4717 -0.127924 -0.0317673
5.005 12.8951 -0.125956 -0.0327441
5.01 13.3161 -0.117152 -0.0337304
5.015 13.7347 -0.10795 -0.0347137
5.02 14.1506 -0.105339 -0.0356775
5.025 14.5637 -0.102888 -0.0366329
5.03 14.9741 -0.102378 -0.0375753
5.035 15.3813 0.364075 -0.0398476
5.04 15.785 0.464717 -0.0335656
5.045 16.1855 0.323631 -0.0212196
