0.1 5.84341e-32 200 -6.21725e-14 -5.84341e-32 -200 6.21725e-14
0.2 -2.55649e-31 400 2.66454e-14 2.55649e-31 -400 -2.66454e-14
0.3 -5.84341e-32 600 -8.34888e-14 5.84341e-32 -600 8.34888e-14
0.4 7.0121e-31 800 2.77112e-13 -7.0121e-31 -800 -2.77112e-13
0.5 8.70246e-32 1000 3.44946e-29 -8.70246e-32 -1000 -7.20892e-29
0.6 2.92171e-31 1200 2.13163e-13 -2.92171e-31 -1200 -2.13163e-13
0.7 -9.34946e-31 1400 1.42109e-13 9.34946e-31 -1400 -1.42109e-13
0.8 -3.50605e-31 1600 -4.12115e-13 3.50605e-31 -1600 4.12115e-13
0.9 8.18078e-31 1800 -8.52651e-14 -8.18078e-31 -1800 8.52651e-14
1 -2.33737e-31 2000 -4.54747e-13 2.33737e-31 -2000 4.54747e-13
0.005 -0.00108921 2000 0.472117 0.00108921 -2000 -0.00157933
0.01 -0.00543811 2000 2.3521 0.00543811 -2000 -0.00283535
0.015 -0.0141212 2000 6.10263 0.0141212 -2000 -0.00228197
0.02 -0.0271236 2000 11.7193 0.0271236 -2000 -0.00188675
0.025 -0.0444291 2000 19.195 0.0444291 -2000 -0.00160554
0.03 -0.0660206 2000 28.5223 0.0660206 -2000 -0.00142855
0.035 -0.0918803 2000 39.6936 0.0918803 -2000 -0.00134719
0.04 -0.121989 2000 52.7008 0.121989 -2000 -0.00135411
0.045 -0.156329 2000 67.5355 0.156329 -2000 -0.00144297
0.05 -0.194878 2000 84.1888 0.194878 -2000 -0.00160818
0.055 -0.237615 2000 102.652 0.237615 -2000 -0.00184475
0.06 -0.28452 2000 122.915 0.28452 -2000 -0.00214812
0.065 -0.335569 2000 144.968 0.335569 -2000 -0.00251418
0.07 -0.390743 2000 168.804 0.390743 -2000 -0.00293908
0.075 -0.450022 2000 194.413 0.450022 -2000 -0.00341933
0.08 -0.513386 2000 221.787 0.513386 -2000 -0.00389155
0.085 -0.580817 2000 250.917 0.580817 -2000 -0.00435655
0.09 -0.652292 2000 281.795 0.652292 -2000 -0.00487433
0.095 -0.727788 2000 314.41 0.727788 -2000 -0.00544091
0.1 -0.807283 2000 348.752 0.807283 -2000 -0.00605234
0.105 -0.890751 2000 384.811 0.890751 -2000 -0.00670516
0.11 -0.978161 2000 422.573 0.978161 -2000 -0.00739581
0.115 -1.06948 2000 462.023 1.06948 -2000 -0.00812158
0.12 -1.16467 2000 503.146 1.16467 -2000 -0.00887967
0.125 -1.2637 2000 545.928 1.2637 -2000 -0.00966794
0.13 -1.36655 2000 590.362 1.36655 -2000 -0.0104851
0.135 -1.47322 2000 636.442 1.47322 -2000 -0.0113306
0.14 -1.58368 2000 684.162 1.58368 -2000 -0.0122041
0.145 -1.69792 2000 733.513 1.69792 -2000 -0.0131051
0.15 -1.81591 2000 784.485 1.81591 -2000 -0.0140332
0.155 -1.93761 2000 837.063 1.93761 -2000 -0.0149875
0.16 -2.063 2000 891.231 2.063 -2000 -0.0159673
0.165 -2.19203 2000 946.974 2.19203 -2000 -0.0169717
0.17 -2.32468 2000 1004.28 2.32468 -2000 -0.018001
0.175 -2.46093 2000 1063.14 2.46093 -2000 -0.0190555
0.18 -2.60073 2000 1123.54 2.60073 -2000 -0.020135
0.185 -2.74403 2000 1185.44 2.74403 -2000 -0.0212381
0.19 -2.89077 2000 1248.83 2.89077 -2000 -0.0223633
0.195 -3.04089 2000 1313.69 3.04089 -2000 -0.0235097
0.2 -3.19439 2000 1380 3.19439 -2000 -0.0246781
0.205 -3.35124 2000 1447.76 3.35124 -2000 -0.0258706
0.21 -3.51145 2000 1516.97 3.51145 -2000 -0.02709
0.215 -3.67502 2000 1587.64 3.67502 -2000 -0.028339
0.22 -3.84195 2000 1659.75 3.84195 -2000 -0.0296189
0.225 -4.01219 2000 1733.3 4.01219 -2000 -0.0309298
0.23 -4.18572 2000 1808.26 4.18572 -2000 -0.0322713
0.235 -4.3625 2000 1884.63 4.3625 -2000 -0.0336427
0.24 -4.54251 2000 1962.4 4.54251 -2000 -0.0350435
0.245 -4.72572 1999.99 2041.55 4.72572 -1999.99 -0.0364734
0.25 -4.91208 1999.99 2122.06 4.91208 -1999.99 -0.0379312
0.255 -5.10152 1999.99 2203.9 5.10152 -1999.99 -0.039414
0.26 -5.29394 1999.99 2287.02 5.29394 -1999.99 -0.0409165
0.265 -5.48929 1999.99 2371.42 5.48929 -1999.99 -0.0424349
0.27 -5.68756 1999.99 2457.07 5.68756 -1999.99 -0.0439707
0.275 -5.88877 1999.99 2543.99 5.88877 -1999.99 -0.04553
0.28 -6.09294 1999.99 2632.2 6.09294 -1999.99 -0.0471178
0.285 -6.30005 1999.99 2721.67 6.30005 -1999.99 -0.0487351
0.29 -6.51005 1999.99 2812.39 6.51005 -1999.99 -0.0503796
0.295 -6.72287 1999.99 2904.33 6.72287 -1999.99 -0.052047
0.3 -6.93842 1999.99 2997.45 6.93842 -1999.99 -0.0537306
0.305 -7.15659 1999.99 3091.7 7.15659 -1999.99 -0.0554215
0.31 -7.37727 1999.99 3187.04 7.37727 -1999.99 -0.0571126
0.315 -7.60041 1999.99 3283.43 7.60041 -1999.99 -0.0588004
0.32 -7.82596 1999.99 3380.87 7.82596 -1999.99 -0.0604852
0.325 -8.05387 1999.99 3479.33 8.05387 -1999.99 -0.0621663
0.33 -8.28404 1999.99 3578.77 8.28404 -1999.99 -0.0638407
0.335 -8.51639 1999.99 3679.15 8.51639 -1999.99 -0.065507
0.34 -8.75092 1999.99 3780.46 8.75092 -1999.99 -0.067171
0.345 -8.98762 1999.99 3882.72 8.98762 -1999.99 -0.0688423
0.35 -9.22649 1999.99 3985.92 9.22649 -1999.99 -0.0705273
0.355 -9.46755 1999.99 4090.05 9.46755 -1999.99 -0.0722296
0.36 -9.71084 1999.99 4195.16 9.71084 -1999.99 -0.0739549
0.365 -9.95642 1999.99 4301.25 9.95642 -1999.99 -0.0757108
0.37 -10.2043 1999.99 4408.34 10.2043 -1999.99 -0.077502
0.375 -10.4545 1999.99 4516.43 10.4545 -1999.99 -0.0793275
0.38 -10.707 1999.99 4625.51 10.707 -1999.99 -0.0811826
0.385 -10.9617 1999.99 4735.53 10.9617 -1999.99 -0.08306
0.39 -11.2185 1999.99 4846.47 11.2185 -1999.99 -0.0849483
0.395 -11.4772 1999.99 4958.24 11.4772 -1999.99 -0.0868312
0.4 -11.7377 1999.99 5070.78 11.7377 -1999.99 -0.0886927
0.405 -11.9999 1999.99 5184.05 11.9999 -1999.99 -0.0905232
0.41 -12.2637 1999.99 5298.02 12.2637 -1999.99 -0.0923212
0.415 -12.5291 1999.99 5412.66 12.5291 -1999.99 -0.09409
0.42 -12.796 1999.99 5527.96 12.796 -1999.99 -0.0958326
0.425 -13.0644 1999.99 5643.9 13.0644 -1999.99 -0.097552
0.43 -13.3342 1999.99 5760.49 13.3342 -1999.99 -0.0992557
0.435 -13.6057 1999.99 5877.77 13.6057 -1999.99 -0.100959
0.44 -13.8788 1999.99 5995.77 13.8788 -1999.99 -0.102683
0.445 -14.1537 1999.99 6114.5 14.1537 -1999.99 -0.104437
0.45 -14.4302 1999.99 6233.94 14.4302 -1999.99 -0.106213
0.455 -14.7081 1999.99 6353.99 14.7081 -1999.99 -0.107986
0.46 -14.9872 1999.99 6474.56 14.9872 -1999.99 -0.109727
0.465 -15.2671 1999.99 6595.51 15.2671 -1999.99 -0.1114
0.47 -15.5477 1999.99 6716.74 15.5477 -1999.99 -0.112974
0.475 -15.8288 1999.99 6838.15 15.8288 -1999.99 -0.114436
0.48 -16.1102 1999.99 6959.73 16.1102 -1999.99 -0.115791
0.485 -16.392 1999.99 7081.46 16.392 -1999.99 -0.117054
0.49 -16.6741 1999.99 7203.31 16.6741 -1999.99 -0.118235
0.495 -16.9563 1999.99 7325.25 16.9563 -1999.99 -0.11934
0.5 -17.2388 1999.99 7447.27 17.2388 -1999.99 -0.120375
0.505 -17.5215 1999.99 7569.4 17.5215 -1999.99 -0.12136
0.51 -17.8046 1999.99 7691.7 17.8046 -1999.99 -0.122331
0.515 -18.0883 1999.98 7814.26 18.0883 -1999.98 -0.123322
0.52 -18.3726 1999.98 7937.11 18.3726 -1999.98 -0.124348
0.525 -18.6577 1999.98 8060.26 18.6577 -1999.98 -0.125418
0.53 -18.9435 1999.98 8183.74 18.9435 -1999.98 -0.126532
0.535 -19.23 1999.98 8307.48 19.23 -1999.98 -0.127674
0.54 -19.5169 1999.98 8431.42 19.5169 -1999.98 -0.128814
0.545 -19.8041 1999.98 8555.52 19.8041 -1999.98 -0.12993
0.55 -20.0916 1999.98 8679.68 20.0916 -1999.98 -0.131002
0.555 -20.3789 1999.98 8803.82 20.3789 -1999.98 -0.132002
0.56 -20.6659 1999.98 8927.82 20.6659 -1999.98 -0.132897
0.565 -20.9525 1999.98 9051.6 20.9525 -1999.98 -0.133669
0.57 -21.2384 1999.98 9175.11 21.2384 -1999.98 -0.134317
0.575 -21.5236 1999.98 9298.34 21.5236 -1999.98 -0.134853
0.58 -21.8082 1999.98 9421.26 21.8082 -1999.98 -0.13529
0.585 -22.0919 1999.98 9543.84 22.0919 -1999.98 -0.135637
0.59 -22.3749 1999.98 9666.07 22.3749 -1999.98 -0.135899
0.595 -22.6569 1999.98 9787.94 22.6569 -1999.98 -0.136088
0.6 -22.9378 1999.99 9909.31 22.9378 -1999.99 -0.206123
0.605 -23.2141 2000 10029.1 23.2141 -2000 -0.577735
0.61 -23.4915 2000 10148.8 23.4915 -2000 -0.492209
0.615 -23.7681 1999.99 10268.3 23.7681 -1999.99 -0.42397
0.62 -24.044 1999.99 10387.4 24.044 -1999.99 -0.369544
0.625 -24.314 2000.01 10504.7 24.314 -2000.01 -0.999935
0.63 -24.5841 2000.02 10621.6 24.5841 -2000.02 -1.21253
0.635 -24.8547 2000.01 10738.2 24.8547 -2000.01 -1.00328
0.64 -25.1243 2000.01 10854.5 25.1243 -2000.01 -0.83638
0.645 -25.3934 2000 10970.7 25.3934 -2000 -0.70329
0.65 -25.6623 2000 11086.7 25.6623 -2000 -0.605177
0.655 -25.9188 2000.04 11198.6 25.9188 -2000.04 -1.63532
0.66 -26.1803 2000.03 11311.2 26.1803 -2000.03 -1.34927
0.665 -26.4418 2000.02 11424 26.4418 -2000.02 -1.11869
0.67 -26.7028 2000.01 11536.5 26.7028 -2000.01 -0.93502
0.675 -26.9626 2000.01 11648.6 26.9626 -2000.01 -0.786741
0.68 -27.2203 2000 11759.8 27.2203 -2000 -0.66683
0.685 -27.4748 2000 11869.7 27.4748 -2000 -0.569586
0.69 -27.7237 2000.01 11977.3 27.7237 -2000.01 -0.642201
0.695 -27.9592 2000.05 12079.5 27.9592 -2000.05 -1.15176
0.7 -28.1932 2000.04 12180.4 28.1932 -2000.04 -0.958293
0.705 -28.4223 2000.03 12279.4 28.4223 -2000.03 -0.935695
0.71 -28.6386 2000.06 12373.6 28.6386 -2000.06 -1.69771
0.715 -28.8556 2000.05 12467 28.8556 -2000.05 -1.39755
0.72 -29.0698 2000.03 12559.3 29.0698 -2000.03 -1.15486
0.725 -29.2723 2000.09 12647.4 29.2723 -2000.09 -1.74871
0.73 -29.4725 2000.11 12734 29.4725 -2000.11 -1.88522
0.735 -29.6712 2000.08 12819.5 29.6712 -2000.08 -1.54181
0.74 -29.8663 2000.07 12903.5 29.8663 -2000.07 -1.26795
0.745 -30.0575 2000.05 12985.9 30.0575 -2000.05 -1.04938
0.75 -30.2447 2000.04 13066.6 30.2447 -2000.04 -0.872171
0.755 -30.428 2000.03 13145.6 30.428 -2000.03 -0.728328
0.76 -30.6075 2000.02 13223 30.6075 -2000.02 -0.611479
0.765 -30.7839 2000.02 13299.2 30.7839 -2000.02 -0.516561
0.77 -30.958 2000.01 13374.3 30.958 -2000.01 -0.439525
0.775 -31.1152 2000.13 13443.5 31.1152 -2000.13 -1.71
0.78 -31.2678 2000.19 13510.1 31.2678 -2000.19 -2.40046
0.785 -31.421 2000.17 13576.3 31.421 -2000.17 -2.37101
0.79 -31.5718 2000.16 13641.4 31.5718 -2000.16 -2.44552
0.795 -31.7243 2000.13 13706.9 31.7243 -2000.13 -1.99768
0.8 -31.8763 2000.1 13772.2 31.8763 -2000.1 -1.6363
0.805 -32.0275 2000.08 13837.2 32.0275 -2000.08 -1.34454
0.81 -32.1771 2000.06 13901.6 32.1771 -2000.06 -1.10885
0.815 -32.3245 2000.05 13965.1 32.3245 -2000.05 -0.918203
0.82 -32.4692 2000.04 14027.4 32.4692 -2000.04 -0.763731
0.825 -32.6106 2000.03 14088.4 32.6106 -2000.03 -0.638321
0.83 -32.7487 2000.02 14148 32.7487 -2000.02 -0.536271
0.835 -32.8829 2000.02 14205.9 32.8829 -2000.02 -0.452993
0.84 -33.0131 2000.01 14262.1 33.0131 -2000.01 -0.384784
0.845 -33.1391 2000.01 14316.4 33.1391 -2000.01 -0.328679
0.85 -33.2608 2000.01 14368.9 33.2608 -2000.01 -0.282327
0.855 -33.3781 2000.01 14419.6 33.3781 -2000.01 -0.243855
0.86 -33.491 2000 14468.3 33.491 -2000 -0.211733
0.865 -33.5989 2000 14514.9 33.5989 -2000 -0.184672
0.87 -33.7013 2000 14559.1 33.7013 -2000 -0.16161
0.875 -33.798 2000 14600.9 33.798 -2000 -0.141724
0.88 -33.8886 2000 14640 33.8886 -2000 -0.124408
0.885 -33.9732 2000 14676.5 33.9732 -2000 -0.10921
0.89 -34.0517 2000 14710.4 34.0517 -2000 -0.0957877
0.895 -34.1243 2000 14741.8 34.1243 -2000 -0.0838794
0.9 -34.191 2000 14770.6 34.191 -2000 -0.0732949
0.905 -34.252 2000 14796.9 34.252 -2000 -0.0638702
0.91 -34.3073 2000 14820.8 34.3073 -2000 -0.0554567
0.915 -34.3545 2000.02 14841.4 34.3545 -2000.02 -0.239269
0.92 -34.3941 2000.04 14858.7 34.3941 -2000.04 -0.421837
0.925 -34.4298 2000.03 14874 34.4298 -2000.03 -0.342555
0.93 -34.4613 2000.03 14887.5 34.4613 -2000.03 -0.278195
0.935 -34.4887 2000.02 14899.4 34.4887 -2000.02 -0.225857
0.94 -34.5125 2000.02 14909.6 34.5125 -2000.02 -0.183302
0.945 -34.5328 2000.01 14918.3 34.5328 -2000.01 -0.1487
0.95 -34.5497 2000.01 14925.6 34.5497 -2000.01 -0.120562
0.955 -34.563 2000.01 14931.3 34.563 -2000.01 -0.0976789
0.96 -34.5729 2000.01 14935.6 34.5729 -2000.01 -0.0790707
0.965 -34.5791 2000.01 14938.2 34.5791 -2000.01 -0.0639462
0.97 -34.5811 2000 14939.1 34.5811 -2000 -0.0516694
0.975 -34.5776 1999.99 14937.6 34.5776 -1999.99 -0.0982657
0.98 -34.5675 1999.98 14933.3 34.5675 -1999.98 -0.135157
0.985 -34.5508 1999.99 14926 34.5508 -1999.99 -0.109169
0.99 -34.5268 1999.99 14915.7 34.5268 -1999.99 -0.0881712
0.995 -34.4956 1999.99 14902.2 34.4956 -1999.99 -0.0712111
1 -34.4574 1999.99 14885.7 34.4574 -1999.99 -0.0575154
1.005 -34.4127 1999.99 14866.3 34.4127 -1999.99 -0.0464536
1.01 -34.3616 1999.99 14844.3 34.3616 -1999.99 -0.037519
1.015 -34.3045 2000 14819.6 34.3045 -2000 -0.030288
1.02 -34.2337 2000.06 14789.7 34.2337 -2000.06 -0.706671
1.025 -34.1572 2000.08 14756.9 34.1572 -2000.08 -0.953048
1.03 -34.0751 2000.06 14721.2 34.0751 -2000.06 -0.769715
1.035 -33.9856 2000.05 14682.4 33.9856 -2000.05 -0.621675
1.04 -33.888 2000.04 14640.1 33.888 -2000.04 -0.502105
1.045 -33.7817 2000.03 14594.1 33.7817 -2000.03 -0.40553
1.05 -33.6659 2000.03 14544 33.6659 -2000.03 -0.327525
1.055 -33.5401 2000.02 14489.6 33.5401 -2000.02 -0.264517
1.06 -33.4038 2000.02 14430.7 33.4038 -2000.02 -0.213621
1.065 -33.2566 2000.01 14367 33.2566 -2000.01 -0.172402
1.07 -33.0981 2000.01 14298.5 33.0981 -2000.01 -0.139075
1.075 -32.9288 2000.01 14225.4 32.9288 -2000.01 -0.111955
1.08 -32.7491 2000.01 14147.7 32.7491 -2000.01 -0.0900813
1.085 -32.5593 2000.01 14065.7 32.5593 -2000.01 -0.0726506
1.09 -32.3596 2000 13979.4 32.3596 -2000 -0.0585318
1.095 -32.1503 2000 13889 32.1503 -2000 -0.047033
1.1 -31.9316 2000 13794.5 31.9316 -2000 -0.0374826
1.105 -31.7034 2000 13695.9 31.7034 -2000 -0.0291026
1.11 -31.4654 2000 13593.1 31.4654 -2000 -0.0216854
1.115 -31.2173 2000 13485.9 31.2173 -2000 -0.0159809
1.12 -30.959 2000 13374.3 30.959 -2000 -0.0120016
1.125 -30.6866 2000.02 13257.2 30.6866 -2000.02 -0.57083
1.13 -30.3838 2000.15 13128.5 30.3838 -2000.15 -2.6943
1.135 -30.0518 2000.27 12986.5 30.0518 -2000.27 -4.12427
1.14 -29.7142 2000.22 12839.8 29.7142 -2000.22 -3.31738
1.145 -29.3638 2000.18 12687.8 29.3638 -2000.18 -2.66979
1.15 -29.0018 2000.14 12530.9 29.0018 -2000.14 -2.15508
1.155 -28.6294 2000.11 12369.6 28.6294 -2000.11 -1.73917
1.16 -28.2448 2000.11 12203.4 28.2448 -2000.11 -1.63708
1.165 -27.8376 2000.15 12028.1 27.8376 -2000.15 -2.20422
1.17 -27.4246 2000.12 11849.2 27.4246 -2000.12 -1.77385
1.175 -26.985 2000.18 11661.3 26.985 -2000.18 -3.76704
1.18 -26.5272 2000.25 11465.2 26.5272 -2000.25 -5.43141
1.185 -26.0521 2000.27 11260 26.0521 -2000.27 -5.51195
1.19 -25.567 2000.22 11049.4 25.567 -2000.22 -4.42435
1.195 -25.0654 2000.18 10831.8 25.0654 -2000.18 -3.55885
1.2 -24.5457 2000.14 10606.6 24.5457 -2000.14 -2.87001
1.205 -24.0045 2000.13 10372.7 24.0045 -2000.13 -2.78482
1.21 -23.4242 2000.18 10123.7 23.4242 -2000.18 -4.49137
1.215 -22.8366 2000.14 9869.03 22.8366 -2000.14 -3.62275
1.22 -22.2345 2000.12 9608.21 22.2345 -2000.12 -2.9202
1.225 -21.6094 2000.14 9339.09 21.6094 -2000.14 -3.82577
1.23 -20.9769 2000.14 9065.92 20.9769 -2000.14 -3.90737
1.235 -20.3301 2000.15 8787 20.3301 -2000.15 -4.38435
1.24 -19.6761 2000.14 8504.48 19.6761 -2000.14 -4.38687
1.245 -19.0181 2000.11 8219.36 19.0181 -2000.11 -3.53297
1.25 -18.3516 2000.09 7930.75 18.3516 -2000.09 -2.84432
1.255 -17.6752 2000.07 7637.96 17.6752 -2000.07 -2.28496
1.26 -16.9866 2000.06 7340.04 16.9866 -2000.06 -1.83083
1.265 -16.2836 2000.05 7035.99 16.2836 -2000.05 -1.46699
1.27 -15.5641 2000.04 6724.87 15.5641 -2000.04 -1.17196
1.275 -14.8262 2000.03 6405.83 14.8262 -2000.03 -0.933799
1.28 -14.0681 2000.02 6078.15 14.0681 -2000.02 -0.741935
1.285 -13.2889 2000.02 5741.37 13.2889 -2000.02 -0.581621
1.29 -12.4881 2000.02 5395.32 12.4881 -2000.02 -0.45266
1.295 -11.6661 2000.01 5040.09 11.6661 -2000.01 -0.335512
1.3 -10.8233 2000.01 4675.9 10.8233 -2000.01 -0.229368
1.305 -9.96067 2000 4303.15 9.96067 -2000 -0.140131
1.31 -9.07896 2000 3922.19 9.07896 -2000 -0.0812664
1.315 -8.17881 1999.99 3533.29 8.17881 -1999.99 -0.0450149
1.32 -7.26123 1999.99 3136.84 7.26123 -1999.99 0.00876307
1.325 -6.3277 1999.98 2733.49 6.3277 -1999.98 0.0784556
1.33 -5.37916 1999.97 2323.73 5.37916 -1999.97 0.0655428
1.335 -4.41844 1999.94 1908.62 4.41844 -1999.94 0.148005
1.34 -3.44733 1999.91 1489.03 3.44733 -1999.91 0.212976
1.345 -2.46875 1999.85 1066.21 2.46875 -1999.85 0.287369
1.35 -1.4843 1999.78 640.883 1.4843 -1999.78 0.333378
1.355 -0.497272 1999.66 214.529 0.497272 -1999.66 0.292414
1.36 0.494049 1999.62 -213.509 -0.494049 -1999.62 0.0799528
1.365 1.48622 1999.58 -641.796 -1.48622 -1999.58 -0.250778
1.37 2.47526 1999.37 -1066.51 -2.47526 -1999.37 -2.80498
1.375 3.42101 1999.03 -1476.09 -3.42101 -1999.03 -1.79067
1.38 4.35081 1999.01 -1880.8 -4.35081 -1999.01 1.24946
1.385 5.2936 1999.14 -2288.27 -5.2936 -1999.14 1.432
1.39 6.24107 1999.26 -2697.55 -6.24107 -1999.26 1.40825
1.395 7.19271 1999.36 -3108.66 -7.19271 -1999.36 1.40618
1.4 8.14874 1999.45 -3521.67 -8.14874 -1999.45 1.41458
1.405 9.10929 1999.52 -3936.64 -9.10929 -1999.52 1.42718
1.41 10.0744 1999.58 -4353.58 -10.0744 -1999.58 1.44115
1.415 11.0441 1999.63 -4772.49 -11.0441 -1999.63 1.45559
1.42 12.0184 1999.67 -5193.43 -12.0184 -1999.67 1.47054
1.425 12.9979 1999.7 -5616.58 -12.9979 -1999.7 1.4865
1.43 13.9833 1999.72 -6042.28 -13.9833 -1999.72 1.50417
1.435 14.9753 1999.75 -6470.87 -14.9753 -1999.75 1.52425
1.44 15.9746 1999.76 -6902.59 -15.9746 -1999.76 1.5472
1.445 16.9814 1999.77 -7337.55 -16.9814 -1999.77 1.57296
1.45 17.9958 1999.78 -7775.8 -17.9958 -1999.78 1.60143
1.455 19.0182 1999.79 -8217.48 -19.0182 -1999.79 1.63278
1.46 20.049 1999.79 -8662.81 -20.049 -1999.79 1.66717
1.465 21.0842 1999.81 -9110.64 -21.0842 -1999.81 2.28425
1.47 22.1155 1999.86 -9557.6 -22.1155 -1999.86 3.70823
1.475 23.1434 1999.89 -10002.8 -23.1434 -1999.89 4.86766
1.48 24.1341 2000.11 -10436.9 -24.1341 -2000.11 10.9295
1.485 25.1329 2000.2 -10871 -25.1329 -2000.2 13.5975
1.49 26.1521 2000.12 -11309.1 -26.1521 -2000.12 11.4209
1.495 27.0858 2000.56 -11721 -27.0858 -2000.56 19.93
1.5 28.0236 2000.75 -12129.3 -28.0236 -2000.75 23.067
1.505 28.9264 2001.02 -12520.7 -28.9264 -2001.02 24.5306
1.51 29.7267 2001.56 -12872.6 -29.7267 -2001.56 30.6475
1.515 30.5488 2001.34 -13225.2 -30.5488 -2001.34 28.0935
1.52 31.3832 2001.04 -13580.7 -31.3832 -2001.04 23.1899
1.525 32.2195 2000.81 -13938.1 -32.2195 -2000.81 19.3144
1.53 32.9728 2001.4 -14267.4 -32.9728 -2001.4 23.2149
1.535 33.7064 2001.7 -14588 -33.7064 -2001.7 26.853
1.54 34.4595 2001.43 -14910.8 -34.4595 -2001.43 24.2919
1.545 35.2193 2001.11 -15235 -35.2193 -2001.11 20.2359
1.55 35.978 2000.86 -15559.5 -35.978 -2000.86 16.9742
1.555 36.6945 2001.11 -15869.5 -36.6945 -2001.11 17.4984
1.56 37.387 2001.26 -16168.8 -37.387 -2001.26 17.5934
1.565 38.0819 2001.03 -16467.2 -38.0819 -2001.03 15.8311
1.57 38.7654 2000.9 -16762.2 -38.7654 -2000.9 15.5865
1.575 39.4461 2000.76 -17055.6 -39.4461 -2000.76 14.8512
1.58 40.1066 2000.77 -17342.4 -40.1066 -2000.77 16.3946
1.585 40.7508 2000.81 -17622.1 -40.7508 -2000.81 17.7732
1.59 41.3735 2000.9 -17889.6 -41.3735 -2000.9 16.2971
1.595 41.9736 2000.92 -18150.8 -41.9736 -2000.92 18.1684
1.6 42.5548 2001.01 -18404.8 -42.5548 -2001.01 21.1821
1.605 43.1431 2000.88 -18657.8 -43.1431 -2000.88 19.9782
1.61 43.6899 2000.95 -18895.9 -43.6899 -2000.95 21.8571
1.615 44.2497 2000.73 -19134.6 -44.2497 -2000.73 18.7594
1.62 44.7631 2000.96 -19360.8 -44.7631 -2000.96 23.1462
1.625 45.2701 2001.04 -19581.5 -45.2701 -2001.04 24.8079
1.63 45.7426 2001.27 -19786.5 -45.7426 -2001.27 25.7476
1.635 46.1898 2001.41 -19979.4 -46.1898 -2001.41 25.3787
1.64 46.6134 2001.4 -20161.6 -46.6134 -2001.4 24.6557
1.645 47.0042 2001.49 -20330.6 -47.0042 -2001.49 24.8347
1.65 47.3887 2001.33 -20494.4 -47.3887 -2001.33 22.5123
1.655 47.7388 2001.26 -20646.3 -47.7388 -2001.26 23.102
1.66 48.0872 2001.1 -20792.9 -48.0872 -2001.1 19.2782
1.665 48.4175 2000.97 -20934.3 -48.4175 -2000.97 17.9072
1.67 48.7335 2001.19 -21068.1 -48.7335 -2001.19 15.1994
1.675 49.0352 2001.18 -21196.5 -49.0352 -2001.18 13.2927
1.68 49.3229 2000.91 -21321 -49.3229 -2000.91 13.557
1.685 49.5995 2000.74 -21441.9 -49.5995 -2000.74 14.9258
1.69 49.8719 2000.62 -21559.4 -49.8719 -2000.62 14.7432
1.695 50.1381 2000.52 -21672.5 -50.1381 -2000.52 12.8481
1.7 50.3774 2000.43 -21778.9 -50.3774 -2000.43 15.876
1.705 50.5921 2000.56 -21874.7 -50.5921 -2000.56 18.8617
1.71 50.7896 2000.57 -21960.7 -50.7896 -2000.57 19.5989
1.715 50.9232 2000.26 -22028.6 -50.9232 -2000.26 29.7726
1.72 51.0331 2000.02 -22083.6 -51.0331 -2000.02 37.2643
1.725 51.1041 2000.04 -22121.8 -51.1041 -2000.04 44.8515
1.73 51.0947 1999.94 -22129.1 -51.0947 -1999.94 56.2053
1.735 51.0115 1999.38 -22103 -51.0115 -1999.38 66.071
1.74 50.8332 1998.6 -22040 -50.8332 -1998.6 80.0736
1.745 50.681 1998.44 -21970.1 -50.681 -1998.44 75.8477
1.75 50.5307 1998.55 -21894.4 -50.5307 -1998.55 65.1881
1.755 50.3588 1998.63 -21811.9 -50.3588 -1998.63 56.9434
1.76 50.1482 1998.94 -21718 -50.1482 -1998.94 53.9599
1.765 49.8963 1999.09 -21607 -49.8963 -1999.09 51.8093
1.77 49.6355 1999.14 -21488.5 -49.6355 -1999.14 45.9959
1.775 49.3718 1999.29 -21366.3 -49.3718 -1999.29 37.6974
1.78 49.103 1999.37 -21241.4 -49.103 -1999.37 28.9036
1.785 48.8149 1999.35 -21113.2 -48.8149 -1999.35 25.1955
1.79 48.5135 1999.24 -20980.5 -48.5135 -1999.24 22.6417
1.795 48.2015 1999.17 -20843.7 -48.2015 -1999.17 20.6009
1.8 47.8782 1999.14 -20702.4 -47.8782 -1999.14 18.9758
1.805 47.5215 1998.89 -20550.3 -47.5215 -1998.89 21.0195
1.81 47.1927 1999.34 -20398.5 -47.1927 -1999.34 11.2797
1.815 46.8515 1999.63 -20244.3 -46.8515 -1999.63 4.52192
1.82 46.6013 2000.16 -20119.1 -46.6013 -2000.16 -12.6424
1.825 46.4249 2000.75 -20026.6 -46.4249 -2000.75 -28.9262
1.83 46.1913 2000.56 -19931.3 -46.1913 -2000.56 -23.3191
1.835 45.9556 2000.36 -19834.7 -45.9556 -2000.36 -18.0937
1.84 45.7191 2000.2 -19736.8 -45.7191 -2000.2 -13.871
1.845 45.4813 2000.06 -19637.5 -45.4813 -2000.06 -10.4165
1.85 45.2429 1999.97 -19536.9 -45.2429 -1999.97 -8.02669
1.855 45.029 2000.05 -19442.3 -45.029 -2000.05 -10.2353
1.86 44.8808 2000.29 -19371.9 -44.8808 -2000.29 -16.6372
1.865 44.7043 2000.15 -19299.1 -44.7043 -2000.15 -13.1052
1.87 44.5282 2000.05 -19225.4 -44.5282 -2000.05 -10.7936
1.875 44.3499 1999.97 -19150.6 -44.3499 -1999.97 -8.55535
1.88 44.1677 1999.87 -19074.3 -44.1677 -1999.87 -6.14343
1.885 43.9829 1999.77 -18996.5 -43.9829 -1999.77 -4.13915
1.89 43.7951 1999.69 -18917 -43.7951 -1999.69 -2.45645
1.895 43.5997 1999.53 -18834.7 -43.5997 -1999.53 -0.41102
1.9 43.3977 1999.38 -18749.2 -43.3977 -1999.38 1.35538
1.905 43.1951 1999.36 -18662.3 -43.1951 -1999.36 2.00605
1.91 42.9903 1999.35 -18574.1 -42.9903 -1999.35 2.27717
1.915 42.8387 1999.71 -18503.5 -42.8387 -1999.71 -2.7569
1.92 42.7127 1999.91 -18443.4 -42.7127 -1999.91 -8.45426
1.925 42.675 2000.35 -18416.3 -42.675 -2000.35 -19.2887
1.93 42.5962 2000.2 -18386.4 -42.5962 -2000.2 -15.1502
1.935 42.5177 2000.09 -18355.9 -42.5177 -2000.09 -11.7923
1.94 42.4851 2000.29 -18337.6 -42.4851 -2000.29 -15.9291
1.945 42.5055 2000.6 -18340.2 -42.5055 -2000.6 -22.1176
1.95 42.4954 2000.43 -18340.4 -42.4954 -2000.43 -17.5911
1.955 42.4869 2000.3 -18340.4 -42.4869 -2000.3 -13.9334
1.96 42.4733 2000.04 -18338.4 -42.4733 -2000.04 -10.0942
1.965 42.4604 1999.87 -18335.7 -42.4604 -1999.87 -7.19809
1.97 42.4511 1999.84 -18333.3 -42.4511 -1999.84 -5.55712
1.975 42.4417 1999.81 -18330.6 -42.4417 -1999.81 -4.21628
1.98 42.4321 1999.79 -18327.5 -42.4321 -1999.79 -3.11826
1.985 42.4181 1999.65 -18322.9 -42.4181 -1999.65 -1.65684
1.99 42.4004 1999.49 -18316.7 -42.4004 -1999.49 -0.297556
1.995 42.3865 1999.54 -18310.9 -42.3865 -1999.54 -0.0344001
2 42.3671 1999.46 -18303.5 -42.3671 -1999.46 0.86819
2.005 42.3446 1999.38 -18294.5 -42.3446 -1999.38 1.654
2.01 42.3253 1999.46 -18286 -42.3253 -1999.46 1.47856
2.015 42.3054 1999.52 -18277.3 -42.3054 -1999.52 1.34422
2.02 42.3109 2000.03 -18275.8 -42.3109 -2000.03 -2.52777
2.025 42.3109 2000.26 -18274.2 -42.3109 -2000.26 -4.14111
2.03 42.3022 2000.18 -18271.3 -42.3022 -2000.18 -3.24924
2.035 42.2937 2000.11 -18268.4 -42.2937 -2000.11 -2.52785
2.04 42.2854 2000.06 -18265.4 -42.2854 -2000.06 -1.94086
2.045 42.2771 2000.02 -18262.3 -42.2771 -2000.02 -1.46205
2.05 42.2688 1999.98 -18259.1 -42.2688 -1999.98 -1.07034
2.055 42.2604 1999.95 -18255.7 -42.2604 -1999.95 -0.74866
2.06 42.2518 1999.92 -18252.3 -42.2518 -1999.92 -0.483133
2.065 42.2429 1999.9 -18248.7 -42.2429 -1999.9 -0.262707
2.07 42.2339 1999.88 -18244.9 -42.2339 -1999.88 -0.0784852
2.075 42.2245 1999.86 -18241.1 -42.2245 -1999.86 0.0767911
2.08 42.2148 1999.84 -18237 -42.2148 -1999.84 0.209057
2.085 42.2047 1999.82 -18232.7 -42.2047 -1999.82 0.323237
2.09 42.1942 1999.81 -18228.3 -42.1942 -1999.81 0.42357
2.095 42.1833 1999.79 -18223.7 -42.1833 -1999.79 0.513574
2.1 42.1718 1999.78 -18218.8 -42.1718 -1999.78 0.596313
2.105 42.1598 1999.76 -18213.7 -42.1598 -1999.76 0.674464
2.11 42.1472 1999.74 -18208.3 -42.1472 -1999.74 0.750309
2.115 42.1339 1999.73 -18202.7 -42.1339 -1999.73 0.825813
2.12 42.1199 1999.71 -18196.7 -42.1199 -1999.71 0.902762
2.125 42.105 1999.68 -18190.4 -42.105 -1999.68 0.982838
2.13 42.0861 1999.53 -18182.7 -42.0861 -1999.53 1.51097
2.135 42.0618 1999.33 -18172.9 -42.0618 -1999.33 2.22661
2.14 42.0409 1999.4 -18163.7 -42.0409 -1999.4 1.97233
2.145 42.0191 1999.45 -18154.1 -42.0191 -1999.45 1.78127
2.15 41.9966 1999.48 -18144.2 -41.9966 -1999.48 1.63657
2.155 41.9732 1999.51 -18133.9 -41.9732 -1999.51 1.5306
2.16 41.9489 1999.53 -18123.4 -41.9489 -1999.53 1.45724
2.165 41.9238 1999.54 -18112.5 -41.9238 -1999.54 1.41193
2.17 41.8977 1999.54 -18101.2 -41.8977 -1999.54 1.39154
2.175 41.8705 1999.53 -18089.5 -41.8705 -1999.53 1.39427
2.18 41.8421 1999.52 -18077.2 -41.8421 -1999.52 1.41954
2.185 41.8098 1999.4 -18063.6 -41.8098 -1999.4 1.78097
2.19 41.774 1999.28 -18048.5 -41.774 -1999.28 2.15262
2.195 41.7488 1999.61 -18036.1 -41.7488 -1999.61 0.592999
2.2 41.7297 1999.94 -18026.3 -41.7297 -1999.94 -0.910615
2.205 41.7021 1999.78 -18015 -41.7021 -1999.78 -0.352731
2.21 41.6627 1999.25 -17999.2 -41.6627 -1999.25 0.894837
2.215 41.6197 1999.06 -17981.3 -41.6197 -1999.06 1.55969
2.22 41.5684 1998.77 -17960 -41.5684 -1998.77 2.47711
2.225 41.5038 1998.3 -17933.4 -41.5038 -1998.3 3.74237
2.23 41.4108 1997.35 -17895.6 -41.4108 -1997.35 6.08934
2.235 41.2662 1998.25 -17835.9 -41.2662 -1998.25 8.90763
2.24 41.0678 1998.58 -17754.8 -41.0678 -1998.58 13.5347
2.245 41.1156 2005.34 -17756.1 -41.1156 -2005.34 -5.89891
2.25 41.0827 2005.39 -17744.7 -41.0827 -2005.39 -2.98893
2.255 41.0475 2004.45 -17731.7 -41.0475 -2004.45 -0.836402
2.26 41.0166 2003.56 -17718.6 -41.0166 -2003.56 -0.622405
2.265 40.986 2002.85 -17705.5 -40.986 -2002.85 -0.427493
2.27 40.9555 2002.26 -17692.5 -40.9555 -2002.26 -0.262548
2.275 40.925 2001.79 -17679.5 -40.925 -2001.79 -0.121954
2.28 40.8921 2001.26 -17665.6 -40.8921 -2001.26 0.247676
2.285 40.8587 2000.86 -17651.5 -40.8587 -2000.86 0.4993
2.29 40.8253 2000.63 -17637.1 -40.8253 -2000.63 0.558202
2.295 40.791 2000.43 -17622.3 -40.791 -2000.43 0.621209
2.3 40.7558 2000.27 -17607.2 -40.7558 -2000.27 0.686571
2.305 40.7196 2000.13 -17591.6 -40.7196 -2000.13 0.754484
2.31 40.6824 2000.01 -17575.6 -40.6824 -2000.01 0.825003
2.315 40.6442 1999.9 -17559.2 -40.6442 -1999.9 0.898409
2.32 40.6048 1999.81 -17542.2 -40.6048 -1999.81 0.974971
2.325 40.5642 1999.72 -17524.8 -40.5642 -1999.72 1.05583
2.33 40.5139 1999.05 -17504.1 -40.5139 -1999.05 2.08276
2.335 40.4546 1998.49 -17479.4 -40.4546 -1998.49 3.00023
2.34 40.4017 1998.83 -17455 -40.4017 -1998.83 1.44215
2.345 40.3699 1999.51 -17438.6 -40.3699 -1999.51 -1.21874
2.35 40.3185 1998.79 -17418.2 -40.3185 -1998.79 0.633141
2.355 40.2511 1998.18 -17390.5 -40.2511 -1998.18 2.06402
2.36 40.1658 1997.76 -17354.4 -40.1658 -1997.76 2.72314
2.365 40.0441 1997.43 -17303.6 -40.0441 -1997.43 4.55924
2.37 39.8903 1996.33 -17239.3 -39.8903 -1996.33 6.71945
2.375 39.6294 2003.65 -17128.1 -39.6294 -2003.65 8.21895
2.38 39.6102 2016.39 -17113.6 -39.6102 -2016.39 2.03404
2.385 39.6283 2014.93 -17138.1 -39.6283 -2014.93 18.6465
2.39 39.6379 2012.95 -17143.7 -39.6379 -2012.95 20.1379
2.395 39.652 2010.59 -17147.3 -39.652 -2010.59 17.6179
2.4 39.6652 2009.6 -17151.7 -39.6652 -2009.6 16.2915
2.405 39.6693 2008.07 -17152.5 -39.6693 -2008.07 15.3148
2.41 39.6769 2006.55 -17153 -39.6769 -2006.55 12.6094
2.415 39.6846 2005.3 -17153.9 -39.6846 -2005.3 10.2177
2.42 39.692 2004.29 -17155.2 -39.692 -2004.29 8.27078
2.425 39.6991 2003.47 -17156.7 -39.6991 -2003.47 6.69936
2.43 39.7061 2002.81 -17158.4 -39.7061 -2002.81 5.43287
2.435 39.7128 2002.27 -17160.3 -39.7128 -2002.27 4.41251
2.44 39.7193 2001.83 -17162.3 -39.7193 -2001.83 3.59054
2.445 39.7256 2001.48 -17164.4 -39.7256 -2001.48 2.92841
2.45 39.7317 2001.19 -17166.5 -39.7317 -2001.19 2.39506
2.455 39.7377 2000.96 -17168.6 -39.7377 -2000.96 1.96549
2.46 39.7435 2000.77 -17170.8 -39.7435 -2000.77 1.61958
2.465 39.749 2000.6 -17172.9 -39.749 -2000.6 1.35621
2.47 39.7513 2000.18 -17173.9 -39.7513 -2000.18 1.36546
2.475 39.7542 2000.01 -17175 -39.7542 -2000.01 1.19124
2.48 39.7572 1999.99 -17176.1 -39.7572 -1999.99 0.974654
2.485 39.76 1999.97 -17177.1 -39.76 -1999.97 0.80109
2.49 39.7627 1999.95 -17178.1 -39.7627 -1999.95 0.661823
2.495 39.7651 1999.94 -17179.1 -39.7651 -1999.94 0.55044
2.5 39.7674 1999.92 -17180 -39.7674 -1999.92 0.461791
2.505 39.7695 1999.9 -17180.8 -39.7695 -1999.9 0.391771
2.51 39.7714 1999.89 -17181.6 -39.7714 -1999.89 0.337134
2.515 39.773 1999.87 -17182.2 -39.773 -1999.87 0.295365
2.52 39.7744 1999.86 -17182.8 -39.7744 -1999.86 0.273886
2.525 39.7754 1999.85 -17183.2 -39.7754 -1999.85 0.258018
2.53 39.7761 1999.83 -17183.5 -39.7761 -1999.83 0.241592
2.535 39.7763 1999.8 -17183.6 -39.7763 -1999.8 0.232412
2.54 39.776 1999.77 -17183.5 -39.776 -1999.77 0.23
2.545 39.7751 1999.73 -17183.1 -39.7751 -1999.73 0.23412
2.55 39.7749 1999.79 -17182.8 -39.7749 -1999.79 0.070479
2.555 39.7869 2000.37 -17187 -39.7869 -2000.37 -0.948347
2.56 39.7948 2000.27 -17190.6 -39.7948 -2000.27 -0.760006
2.565 39.8028 2000.21 -17194.2 -39.8028 -2000.21 -0.604284
2.57 39.8109 2000.15 -17197.8 -39.8109 -2000.15 -0.476272
2.575 39.819 2000.11 -17201.5 -39.819 -2000.11 -0.370413
2.58 39.8272 2000.07 -17205.1 -39.8272 -2000.07 -0.282514
2.585 39.8353 2000.05 -17208.6 -39.8353 -2000.05 -0.209454
2.59 39.8433 2000.02 -17212.2 -39.8433 -2000.02 -0.148882
2.595 39.8513 2000 -17215.7 -39.8513 -2000 -0.0989651
2.6 39.8592 1999.99 -17219.1 -39.8592 -1999.99 -0.0581948
2.605 39.8669 1999.97 -17222.5 -39.8669 -1999.97 -0.0252529
2.61 39.8745 1999.96 -17225.8 -39.8745 -1999.96 0.00107958
2.615 39.8819 1999.94 -17229 -39.8819 -1999.94 0.0219808
2.62 39.8891 1999.92 -17232.1 -39.8891 -1999.92 0.0386303
2.625 39.896 1999.9 -17235.1 -39.896 -1999.9 0.0522479
2.63 39.9026 1999.88 -17238 -39.9026 -1999.88 0.0641497
2.635 39.9089 1999.86 -17240.7 -39.9089 -1999.86 0.0758618
2.64 39.9147 1999.86 -17243.3 -39.9147 -1999.86 0.107695
2.645 39.9201 1999.84 -17245.6 -39.9201 -1999.84 0.133712
2.65 39.925 1999.81 -17247.7 -39.925 -1999.81 0.1433
2.655 39.9292 1999.77 -17249.6 -39.9292 -1999.77 0.155927
2.66 39.9327 1999.73 -17251.1 -39.9327 -1999.73 0.172969
2.665 39.9351 1999.67 -17252.2 -39.9351 -1999.67 0.196385
2.67 39.9359 1999.56 -17252.5 -39.9359 -1999.56 0.230574
2.675 39.9333 1999.35 -17251.5 -39.9333 -1999.35 0.2894
2.68 39.9034 1999.41 -17241.4 -39.9034 -1999.41 3.08464
2.685 39.8745 2001.59 -17231.4 -39.8745 -2001.59 5.60302
2.69 39.9023 2004.33 -17241.1 -39.9023 -2004.33 3.30402
2.695 39.9171 2003.92 -17249.5 -39.9171 -2003.92 5.26752
2.7 39.9165 2003.72 -17251.5 -39.9165 -2003.72 7.58082
2.705 39.924 2003 -17253.3 -39.924 -2003 6.13023
2.71 39.9308 2002.43 -17255.1 -39.9308 -2002.43 4.95155
2.715 39.9371 2001.96 -17256.8 -39.9371 -2001.96 3.99975
2.72 39.9438 2001.65 -17258.9 -39.9438 -2001.65 3.15001
2.725 39.9515 2001.46 -17261.4 -39.9515 -2001.46 2.37999
2.73 39.9582 2001.18 -17263.9 -39.9582 -2001.18 1.92383
2.735 39.9645 2000.95 -17266.2 -39.9645 -2000.95 1.55563
2.74 39.9705 2000.77 -17268.5 -39.9705 -2000.77 1.25832
2.745 39.9762 2000.63 -17270.7 -39.9762 -2000.63 1.0182
2.75 39.9815 2000.51 -17272.8 -39.9815 -2000.51 0.824213
2.755 39.9866 2000.41 -17274.9 -39.9866 -2000.41 0.667459
2.76 39.9913 2000.33 -17276.8 -39.9913 -2000.33 0.540747
2.765 39.9958 2000.27 -17278.6 -39.9958 -2000.27 0.438284
2.77 39.9999 2000.22 -17280.3 -39.9999 -2000.22 0.355397
2.775 40.0038 2000.18 -17281.9 -40.0038 -2000.18 0.288324
2.78 40.0075 2000.15 -17283.5 -40.0075 -2000.15 0.23403
2.785 40.0109 2000.12 -17284.9 -40.0109 -2000.12 0.19007
2.79 40.0142 2000.1 -17286.3 -40.0142 -2000.1 0.154472
2.795 40.0173 2000.08 -17287.6 -40.0173 -2000.08 0.125642
2.8 40.0203 2000.06 -17288.9 -40.0203 -2000.06 0.102295
2.805 40.0232 2000.05 -17290.1 -40.0232 -2000.05 0.0833906
2.81 40.026 2000.04 -17291.3 -40.026 -2000.04 0.068091
2.815 40.0288 2000.04 -17292.5 -40.0288 -2000.04 0.0557197
2.82 40.0316 2000.03 -17293.7 -40.0316 -2000.03 0.0457295
2.825 40.0344 2000.02 -17294.9 -40.0344 -2000.02 0.0376775
2.83 40.0373 2000.02 -17296.1 -40.0373 -2000.02 0.0312043
2.835 40.0402 2000.02 -17297.4 -40.0402 -2000.02 0.0260196
2.84 40.0433 2000.02 -17298.7 -40.0433 -2000.02 0.0218888
2.845 40.0464 2000.01 -17300.1 -40.0464 -2000.01 0.0186224
2.85 40.0497 2000.01 -17301.5 -40.0497 -2000.01 0.0160664
2.855 40.0531 2000.01 -17302.9 -40.0531 -2000.01 0.0140962
2.86 40.0567 2000.01 -17304.5 -40.0567 -2000.01 0.0126117
2.865 40.0604 2000.01 -17306.1 -40.0604 -2000.01 0.0115328
2.87 40.0643 2000.01 -17307.8 -40.0643 -2000.01 0.0107939
2.875 40.0684 2000.01 -17309.5 -40.0684 -2000.01 0.0103395
2.88 40.0727 2000.01 -17311.4 -40.0727 -2000.01 0.0101238
2.885 40.0771 2000.01 -17313.3 -40.0771 -2000.01 0.0101164
2.89 40.0819 2000.01 -17315.4 -40.0819 -2000.01 0.0103019
2.895 40.0868 2000.01 -17317.5 -40.0868 -2000.01 0.0106684
2.9 40.0921 2000.01 -17319.8 -40.0921 -2000.01 0.0111952
2.905 40.0976 2000.01 -17322.2 -40.0976 -2000.01 0.0118527
2.91 40.1033 2000.01 -17324.7 -40.1033 -2000.01 0.012608
2.915 40.1094 2000.01 -17327.3 -40.1094 -2000.01 0.0134234
2.92 40.1156 2000.01 -17330 -40.1156 -2000.01 0.0142521
2.925 40.1221 2000.01 -17332.7 -40.1221 -2000.01 0.0150428
2.93 40.1287 2000.02 -17335.6 -40.1287 -2000.02 0.0157553
2.935 40.1355 2000.02 -17338.5 -40.1355 -2000.02 0.0163654
2.94 40.1424 2000.02 -17341.5 -40.1424 -2000.02 0.0168571
2.945 40.1495 2000.02 -17344.6 -40.1495 -2000.02 0.0172163
2.95 40.1566 2000.02 -17347.7 -40.1566 -2000.02 0.0174316
2.955 40.1639 2000.02 -17350.8 -40.1639 -2000.02 0.0174984
2.96 40.1712 2000.02 -17354 -40.1712 -2000.02 0.0174193
2.965 40.1786 2000.02 -17357.2 -40.1786 -2000.02 0.017202
2.97 40.186 2000.02 -17360.4 -40.186 -2000.02 0.0168567
2.975 40.1934 2000.02 -17363.6 -40.1934 -2000.02 0.0163954
2.98 40.2008 2000.02 -17366.8 -40.2008 -2000.02 0.0158313
2.985 40.2082 2000.02 -17369.9 -40.2082 -2000.02 0.0151789
2.99 40.2155 2000.01 -17373.1 -40.2155 -2000.01 0.0144547
2.995 40.2227 2000.01 -17376.2 -40.2227 -2000.01 0.0136772
3 40.2298 2000.01 -17379.3 -40.2298 -2000.01 0.0128655
3.005 40.2369 2000.01 -17382.3 -40.2369 -2000.01 0.0120381
3.01 40.2438 2000.01 -17385.3 -40.2438 -2000.01 0.0112108
3.015 40.2506 2000 -17388.3 -40.2506 -2000 0.0104965
3.02 40.2573 2000 -17391.2 -40.2573 -2000 0.00972566
3.025 40.2639 2000 -17394 -40.2639 -2000 0.00891704
3.03 40.2703 2000 -17396.8 -40.2703 -2000 0.00815764
3.035 40.2767 2000 -17399.5 -40.2767 -2000 0.00745173
3.04 40.2829 2000 -17402.2 -40.2829 -2000 0.00679847
3.045 40.289 2000 -17404.9 -40.289 -2000 0.0061962
3.05 40.295 2000 -17407.4 -40.295 -2000 0.00564263
3.055 40.3008 2000 -17410 -40.3008 -2000 0.00513497
3.06 40.3066 2000 -17412.5 -40.3066 -2000 0.00467011
3.065 40.3122 2000 -17414.9 -40.3122 -2000 0.00424503
3.07 40.3177 2000 -17417.3 -40.3177 -2000 0.0038569
3.075 40.3231 2000 -17419.6 -40.3231 -2000 0.00350291
3.08 40.3283 2000 -17421.8 -40.3283 -2000 0.00318009
3.085 40.3334 2000 -17424 -40.3334 -2000 0.00288549
3.09 40.3384 2000 -17426.2 -40.3384 -2000 0.00261637
3.095 40.3432 2000 -17428.3 -40.3432 -2000 0.00237027
3.1 40.3479 2000 -17430.3 -40.3479 -2000 0.00214488
3.105 40.3524 2000 -17432.2 -40.3524 -2000 0.00193797
3.11 40.3567 2000 -17434.1 -40.3567 -2000 0.0017475
3.115 40.3608 2000 -17435.9 -40.3608 -2000 0.00157178
3.12 40.3648 2000 -17437.6 -40.3648 -2000 0.00140952
3.125 40.3685 2000 -17439.2 -40.3685 -2000 0.00125974
3.13 40.372 2000 -17440.7 -40.372 -2000 0.00112173
3.135 40.3753 2000 -17442.1 -40.3753 -2000 0.000994884
3.14 40.3783 2000 -17443.4 -40.3783 -2000 0.000878669
3.145 40.3811 2000 -17444.7 -40.3811 -2000 0.000772595
3.15 40.3837 2000 -17445.8 -40.3837 -2000 0.000676143
3.155 40.3861 2000 -17446.8 -40.3861 -2000 0.000588749
3.16 40.3882 2000 -17447.7 -40.3882 -2000 0.000509812
3.165 40.3901 2000 -17448.5 -40.3901 -2000 0.000438687
3.17 40.3918 2000 -17449.3 -40.3918 -2000 0.000374706
3.175 40.3932 2000 -17449.9 -40.3932 -2000 0.000317255
3.18 40.3943 2000 -17450.3 -40.3943 -2000 0.000265885
3.185 40.3951 2000 -17450.7 -40.3951 -2000 0.000220352
3.19 40.3956 2000 -17450.9 -40.3956 -2000 0.000180599
3.195 40.3959 2000 -17451 -40.3959 -2000 0.000146663
3.2 40.3917 1999.99 -17449.8 -40.3917 -1999.99 0.625125
3.205 40.3664 1999.96 -17440.4 -40.3664 -1999.96 2.13555
3.21 40.3323 1999.96 -17425.2 -40.3323 -1999.96 1.69761
3.215 40.2882 1999.97 -17405.8 -40.2882 -1999.97 1.30017
3.22 40.2378 1999.97 -17383.6 -40.2378 -1999.97 0.928927
3.225 40.184 1999.97 -17360.1 -40.184 -1999.97 0.582659
3.23 40.1289 1999.97 -17336 -40.1289 -1999.97 0.267407
3.235 40.0743 1999.97 -17312.1 -40.0743 -1999.97 -0.00879155
3.24 40.0213 1999.97 -17289 -40.0213 -1999.97 -0.239574
3.245 39.971 1999.97 -17267 -39.971 -1999.97 -0.421673
3.25 39.9239 1999.97 -17246.6 -39.9239 -1999.97 -0.55433
3.255 39.8807 1999.98 -17227.8 -39.8807 -1999.98 -0.638581
3.26 39.8422 1999.98 -17211.1 -39.8422 -1999.98 -0.677607
3.265 39.8086 1999.98 -17196.6 -39.8086 -1999.98 -0.676971
3.27 39.7803 1999.98 -17184.4 -39.7803 -1999.98 -0.643952
3.275 39.7575 1999.98 -17174.7 -39.7575 -1999.98 -0.586658
3.28 39.7408 1999.98 -17167.5 -39.7408 -1999.98 -0.513549
3.285 39.7303 1999.99 -17163.1 -39.7303 -1999.99 -0.433299
3.29 39.7266 1999.99 -17161.5 -39.7266 -1999.99 -0.354777
3.295 39.7317 1999.99 -17163.6 -39.7317 -1999.99 -0.506905
3.3 39.7466 1999.98 -17169.9 -39.7466 -1999.98 -0.631214
3.305 39.7717 1999.99 -17180.9 -39.7717 -1999.99 -0.509816
3.31 39.8083 1999.99 -17196.8 -39.8083 -1999.99 -0.411766
3.315 39.8569 1999.99 -17217.9 -39.8569 -1999.99 -0.332573
3.32 39.918 1999.99 -17244.3 -39.918 -1999.99 -0.268605
3.325 39.9917 1999.99 -17276.2 -39.9917 -1999.99 -0.216726
3.33 40.0777 1999.99 -17313.4 -40.0777 -1999.99 -0.168914
3.335 40.1748 1999.99 -17355.5 -40.1748 -1999.99 -0.0526557
3.34 40.2771 2000.01 -17400.5 -40.2771 -2000.01 0.853481
3.345 40.3511 2000.06 -17438.3 -40.3511 -2000.06 6.60929
3.35 40.3467 1999.75 -17449.8 -40.3467 -1999.75 20.08
3.355 40.3404 1999.59 -17451.4 -40.3404 -1999.59 24.3233
3.36 40.3523 1999.69 -17452.5 -40.3523 -1999.69 20.3483
3.365 40.3629 1999.67 -17453.3 -40.3629 -1999.67 16.5679
3.37 40.372 1999.7 -17454.1 -40.372 -1999.7 13.4358
3.375 40.3799 1999.76 -17455 -40.3799 -1999.76 10.8585
3.38 40.3866 1999.81 -17455.8 -40.3866 -1999.81 8.7733
3.385 40.3923 1999.85 -17456.6 -40.3923 -1999.85 7.08746
3.39 40.3973 1999.88 -17457.3 -40.3973 -1999.88 5.72501
3.395 40.4015 1999.9 -17458.1 -40.4015 -1999.9 4.62422
3.4 40.4052 1999.92 -17458.8 -40.4052 -1999.92 3.73498
3.405 40.4084 1999.94 -17459.5 -40.4084 -1999.94 3.0167
3.41 40.4112 1999.95 -17460.1 -40.4112 -1999.95 2.43653
3.415 40.4136 1999.96 -17460.7 -40.4136 -1999.96 1.96794
3.42 40.4157 1999.97 -17461.2 -40.4157 -1999.97 1.58946
3.425 40.4174 1999.97 -17461.6 -40.4174 -1999.97 1.28377
3.43 40.4188 1999.98 -17461.9 -40.4188 -1999.98 1.03687
3.435 40.4198 1999.98 -17462.2 -40.4198 -1999.98 0.837455
3.44 40.4204 1999.99 -17462.3 -40.4204 -1999.99 0.676392
3.445 40.4177 1999.98 -17461.5 -40.4177 -1999.98 1.00042
3.45 40.3844 1999.95 -17448.7 -40.3844 -1999.95 2.69171
3.455 40.3294 1999.96 -17424.4 -40.3294 -1999.96 2.09801
3.46 40.2465 1999.96 -17387.9 -40.2465 -1999.96 1.42566
3.465 40.1375 1999.95 -17339.9 -40.1375 -1999.95 0.509253
3.47 40.0058 1999.93 -17281.7 -40.0058 -1999.93 -0.803086
3.475 39.8561 1999.9 -17215.2 -39.8561 -1999.9 -2.60923
3.48 39.6943 1999.86 -17143 -39.6943 -1999.86 -4.90737
3.485 39.5265 1999.81 -17067.9 -39.5265 -1999.81 -7.56835
3.49 39.3583 1999.75 -16992.4 -39.3583 -1999.75 -10.3485
3.495 39.1943 1999.69 -16919 -39.1943 -1999.69 -12.9453
3.5 39.0375 1999.63 -16849.1 -39.0375 -1999.63 -15.0863
3.505 38.8899 1999.59 -16783.8 -38.8899 -1999.59 -16.6157
3.51 38.7522 1999.52 -16723.5 -38.7522 -1999.52 -17.4939
3.515 38.6253 1999.46 -16668.4 -38.6253 -1999.46 -17.7557
3.52 38.5086 1999.47 -16618.3 -38.5086 -1999.47 -17.4042
3.525 38.4009 1999.49 -16572.6 -38.4009 -1999.49 -16.6259
3.53 38.3016 1999.52 -16530.7 -38.3016 -1999.52 -15.5554
3.535 38.2098 1999.55 -16492.3 -38.2098 -1999.55 -14.3143
3.54 38.1245 1999.55 -16456.8 -38.1245 -1999.55 -12.9601
3.545 38.0455 1999.55 -16424 -38.0455 -1999.55 -11.6067
3.55 37.9726 1999.59 -16393.8 -37.9726 -1999.59 -10.343
3.555 37.9049 1999.63 -16365.8 -37.9049 -1999.63 -9.14995
3.56 37.8419 1999.66 -16339.7 -37.8419 -1999.66 -8.04586
3.565 37.7835 1999.69 -16315.3 -37.7835 -1999.69 -7.14776
3.57 37.7291 1999.73 -16292.6 -37.7291 -1999.73 -6.41004
3.575 37.678 1999.75 -16271.3 -37.678 -1999.75 -5.53682
3.58 37.6306 1999.77 -16251.6 -37.6306 -1999.77 -4.7682
3.585 37.5867 1999.79 -16233.4 -37.5867 -1999.79 -4.09461
3.59 37.5464 1999.81 -16216.5 -37.5464 -1999.81 -3.50623
3.595 37.5098 1999.83 -16201.2 -37.5098 -1999.83 -2.99218
3.6 37.4772 1999.85 -16187.6 -37.4772 -1999.85 -2.54119
3.605 37.4491 1999.87 -16175.9 -37.4491 -1999.87 -2.14436
3.61 37.4255 1999.88 -16166 -37.4255 -1999.88 -1.79641
3.615 37.4062 1999.9 -16158 -37.4062 -1999.9 -1.49392
3.62 37.3911 1999.92 -16151.7 -37.3911 -1999.92 -1.23346
3.625 37.38 1999.93 -16147.1 -37.38 -1999.93 -1.0113
3.63 37.3729 1999.94 -16144.3 -37.3729 -1999.94 -0.823762
3.635 37.3696 1999.95 -16143 -37.3696 -1999.95 -0.66744
3.64 37.3771 1999.92 -16145.3 -37.3771 -1999.92 -1.58608
3.645 37.4131 1999.85 -16159.3 -37.4131 -1999.85 -3.18344
3.65 37.4705 1999.88 -16184.7 -37.4705 -1999.88 -2.52813
3.655 37.5537 1999.91 -16221.3 -37.5537 -1999.91 -1.89827
3.66 37.6605 1999.94 -16268.2 -37.6605 -1999.94 -1.16322
3.665 37.7879 1999.97 -16324.2 -37.7879 -1999.97 -0.192028
3.67 37.9302 2000.04 -16386.7 -37.9302 -2000.04 0.874176
3.675 38.0831 2000.06 -16454.6 -38.0831 -2000.06 2.67532
3.68 38.243 2000.09 -16525.9 -38.243 -2000.09 4.89463
3.685 38.4059 2000.14 -16598.7 -38.4059 -2000.14 7.35973
3.69 38.5671 2000.19 -16671 -38.5671 -2000.19 9.99069
3.695 38.7233 2000.23 -16741 -38.7233 -2000.23 12.5666
3.7 38.8723 2000.26 -16807.7 -38.8723 -2000.26 14.8542
3.705 39.0131 2000.28 -16870.3 -39.0131 -2000.28 16.6614
3.71 39.1454 2000.29 -16928.7 -39.1454 -2000.29 17.8723
3.715 39.2694 2000.28 -16982.8 -39.2694 -2000.28 18.4607
3.72 39.385 2000.23 -17032.9 -39.385 -2000.23 18.5713
3.725 39.4936 2000.19 -17079.4 -39.4936 -2000.19 18.1387
3.73 39.5955 2000.14 -17122.6 -39.5955 -2000.14 17.3343
3.735 39.6895 2000.05 -17162.2 -39.6895 -2000.05 16.3791
3.74 39.7787 2000.04 -17199.4 -39.7787 -2000.04 14.9983
3.745 39.8623 2000.03 -17234 -39.8623 -2000.03 13.5065
3.75 39.9372 1999.91 -17265.3 -39.9372 -1999.91 12.4575
3.755 40.0066 1999.84 -17294.1 -40.0066 -1999.84 11.2811
3.76 40.0694 1999.78 -17320.2 -40.0694 -1999.78 10.2223
3.765 40.1275 1999.76 -17344.1 -40.1275 -1999.76 9.03179
3.77 40.1808 1999.78 -17365.9 -40.1808 -1999.78 7.84339
3.775 40.2264 1999.77 -17384.8 -40.2264 -1999.77 7.01583
3.78 40.2615 1999.69 -17399.9 -40.2615 -1999.69 6.95729
3.785 40.2767 1999.44 -17408.4 -40.2767 -1999.44 8.90961
3.79 40.2823 1999.31 -17412 -40.2823 -1999.31 10.0606
3.795 40.2932 1999.4 -17415.2 -40.2932 -1999.4 8.59547
3.8 40.3032 1999.5 -17418 -40.3032 -1999.5 7.0231
3.805 40.3116 1999.59 -17420.3 -40.3116 -1999.59 5.70936
3.81 40.3184 1999.67 -17422.2 -40.3184 -1999.67 4.63598
3.815 40.324 1999.74 -17423.7 -40.324 -1999.74 3.76002
3.82 40.3282 1999.79 -17424.8 -40.3282 -1999.79 3.04601
3.825 40.3314 1999.83 -17425.6 -40.3314 -1999.83 2.46482
3.83 40.3336 1999.86 -17426.1 -40.3336 -1999.86 1.99254
3.835 40.3348 1999.89 -17426.2 -40.3348 -1999.89 1.60965
3.84 40.3056 1999.87 -17417.8 -40.3056 -1999.87 5.74851
3.845 40.2563 1999.85 -17399.1 -40.2563 -1999.85 8.3492
3.85 40.1952 1999.88 -17370.9 -40.1952 -1999.88 6.59624
3.855 40.1115 1999.89 -17333.1 -40.1115 -1999.89 4.96072
3.86 40.0075 1999.9 -17286.5 -40.0075 -1999.9 3.28978
3.865 39.8861 1999.9 -17232.2 -39.8861 -1999.9 1.45986
3.87 39.7505 1999.88 -17171.6 -39.7505 -1999.88 -0.609206
3.875 39.6046 1999.86 -17106.2 -39.6046 -1999.86 -2.93895
3.88 39.4521 1999.83 -17037.8 -39.4521 -1999.83 -5.48188
3.885 39.2967 1999.79 -16968 -39.2967 -1999.79 -8.12401
3.89 39.1415 1999.76 -16898.4 -39.1415 -1999.76 -10.7049
3.895 38.989 1999.72 -16830.2 -38.989 -1999.72 -13.0505
3.9 38.8405 1999.69 -16764.1 -38.8405 -1999.69 -15.0017
3.905 38.6969 1999.65 -16700.6 -38.6969 -1999.65 -16.4621
3.91 38.5587 1999.65 -16640 -38.5587 -1999.65 -17.409
3.915 38.4253 1999.63 -16581.9 -38.4253 -1999.63 -17.8329
3.92 38.2961 1999.64 -16526.1 -38.2961 -1999.64 -17.8135
3.925 38.1707 1999.65 -16472.3 -38.1707 -1999.65 -17.4335
3.93 38.0479 1999.68 -16419.9 -38.0479 -1999.68 -16.771
3.935 37.9271 1999.7 -16368.6 -37.9271 -1999.7 -15.907
3.94 37.8079 1999.7 -16318 -37.8079 -1999.7 -15.0392
3.945 37.692 1999.46 -16268.6 -37.692 -1999.46 -14.3782
3.95 37.5797 1999.22 -16221 -37.5797 -1999.22 -13.3939
3.955 37.4753 1998.85 -16176.8 -37.4753 -1998.85 -12.5455
3.96 37.3754 1998.74 -16135 -37.3754 -1998.74 -11.1126
3.965 37.2792 1998.7 -16094.7 -37.2792 -1998.7 -9.87413
3.97 37.1875 1998.77 -16056.1 -37.1875 -1998.77 -8.89288
3.975 37.0979 1998.82 -16018.3 -37.0979 -1998.82 -7.99035
3.98 37.0109 1998.84 -15981.5 -37.0109 -1998.84 -7.17176
3.985 36.9266 1998.84 -15945.8 -36.9266 -1998.84 -6.43939
3.99 36.8436 1998.67 -15910.9 -36.8436 -1998.67 -5.54629
3.995 36.7658 1998.45 -15878.1 -36.7658 -1998.45 -4.72201
4 36.6991 1998.43 -15849.5 -36.6991 -1998.43 -4.55836
4.005 36.6388 1998.35 -15823.6 -36.6388 -1998.35 -4.39453
4.01 36.5862 1998.24 -15801.3 -36.5862 -1998.24 -3.95995
4.015 36.5403 1998.19 -15781.5 -36.5403 -1998.19 -3.9109
4.02 36.5026 1997.74 -15766.1 -36.5026 -1997.74 -3.03818
4.025 36.4789 1998.97 -15757.3 -36.4789 -1998.97 -1.54803
4.03 36.4171 2000.6 -15732.6 -36.4171 -2000.6 0.450245
4.035 36.3311 2000.47 -15695.3 -36.3311 -2000.47 0.259511
4.04 36.2475 1999.93 -15658.5 -36.2475 -1999.93 -0.404423
4.045 36.1707 1999.55 -15624.9 -36.1707 -1999.55 -0.85333
4.05 36.1013 1999.42 -15594.8 -36.1013 -1999.42 -0.951981
4.055 36.0335 1999.14 -15565.9 -36.0335 -1999.14 -0.60845
4.06 35.9713 1998.72 -15539.7 -35.9713 -1998.72 0.0532622
4.065 35.9233 1998.47 -15519 -35.9233 -1998.47 0.142631
4.07 35.8861 1998.13 -15503.1 -35.8861 -1998.13 0.345634
4.075 35.8663 1997.73 -15494.7 -35.8663 -1997.73 0.438782
4.08 35.8849 1997.19 -15500.9 -35.8849 -1997.19 -1.33067
4.085 35.9312 1998.66 -15521.9 -35.9312 -1998.66 -0.36903
4.09 35.95 2000.02 -15531.7 -35.95 -2000.02 1.36272
4.095 35.9224 2000.9 -15521.2 -35.9224 -2000.9 2.73176
4.1 35.8231 2003.42 -15480.7 -35.8231 -2003.42 5.08456
4.105 35.7181 2003.11 -15428.2 -35.7181 -2003.11 -1.98288
4.11 35.6155 2002.46 -15380.4 -35.6155 -2002.46 -5.50941
4.115 35.514 2001.86 -15336.3 -35.514 -2001.86 -5.74537
4.12 35.4184 2001.25 -15295.5 -35.4184 -2001.25 -5.29025
4.125 35.3317 2000.7 -15258.6 -35.3317 -2000.7 -4.72133
4.13 35.2549 2000.16 -15226 -35.2549 -2000.16 -4.10706
4.135 35.1923 1999.83 -15199.3 -35.1923 -1999.83 -3.74536
4.14 35.1396 1999.6 -15176.7 -35.1396 -1999.6 -3.55403
4.145 35.0127 2006.13 -15135 -35.0127 -2006.13 9.47843
4.15 34.7822 2008.64 -15051.9 -34.7822 -2008.64 25.9382
4.155 34.537 2004.48 -14949.3 -34.537 -2004.48 29.3448
4.16 34.3474 2003.5 -14860.9 -34.3474 -2003.5 22.7974
4.165 34.1711 2002.5 -14778.8 -34.1711 -2002.5 16.8769
4.17 34.0048 2001.75 -14702.6 -34.0048 -2001.75 12.5475
4.175 33.8457 2001.18 -14630.7 -33.8457 -2001.18 9.35972
4.18 33.6941 2000.74 -14562.7 -33.6941 -2000.74 6.78767
4.185 33.5503 2000.37 -14498.4 -33.5503 -2000.37 4.70732
4.19 33.414 2000.06 -14437.9 -33.414 -2000.06 3.03056
4.195 33.2854 1999.8 -14381 -33.2854 -1999.8 1.67029
4.2 33.1647 1999.57 -14327.7 -33.1647 -1999.57 0.554958
4.205 33.0517 1999.37 -14278 -33.0517 -1999.37 -0.374482
4.21 32.9449 1999 -14231.3 -32.9449 -1999 -0.947462
4.215 32.8485 1998.74 -14189 -32.8485 -1998.74 -1.58517
4.22 32.7634 1998.57 -14151.4 -32.7634 -1998.57 -2.33832
4.225 32.6891 1998.38 -14118.6 -32.6891 -1998.38 -3.08115
4.23 32.5765 2000.78 -14077.4 -32.5765 -2000.78 4.3165
4.235 32.3684 2004.62 -13999.5 -32.3684 -2004.62 16.3411
4.24 32.1745 2003.27 -13911.7 -32.1745 -2003.27 12.2508
4.245 31.9815 2002.49 -13824.9 -31.9815 -2002.49 8.84609
4.25 31.7865 2001.95 -13738.7 -31.7865 -2001.95 6.88424
4.255 31.5925 2001.42 -13653 -31.5925 -2001.42 5.0173
4.26 31.4148 2000.53 -13573.4 -31.4148 -2000.53 2.22452
4.265 31.2398 2000.18 -13496.7 -31.2398 -2000.18 1.11663
4.27 31.0686 1999.9 -13421.8 -31.0686 -1999.9 0.132331
4.275 30.9014 1999.66 -13348.7 -30.9014 -1999.66 -0.731645
4.28 30.7388 1999.43 -13277.7 -30.7388 -1999.43 -1.50905
4.285 30.5818 1999.21 -13209.1 -30.5818 -1999.21 -2.23088
4.29 30.4314 1999 -13143.4 -30.4314 -1999 -2.9259
4.295 30.2879 1998.67 -13080.8 -30.2879 -1998.67 -3.53748
4.3 30.1546 1998.35 -13022.6 -30.1546 -1998.35 -4.22564
4.305 30.033 1998.19 -12969.4 -30.033 -1998.19 -4.80113
4.31 29.9263 1997.92 -12922.4 -29.9263 -1997.92 -5.7622
4.315 29.6498 2005.71 -12830.1 -29.6498 -2005.71 21.3878
4.32 29.3301 2010 -12707.9 -29.3301 -2010 37.3341
4.325 29.0461 2007.65 -12578.4 -29.0461 -2007.65 30.4879
4.33 28.7579 2006.08 -12447.8 -28.7579 -2006.08 24.4216
4.335 28.4578 2005.06 -12314.1 -28.4578 -2005.06 20.3488
4.34 28.1241 2004.55 -12168.2 -28.1241 -2004.55 18.5614
4.345 27.8062 2002.95 -12024.7 -27.8062 -2002.95 12.4118
4.35 27.479 2002.2 -11880.2 -27.479 -2002.2 9.32715
4.355 27.1507 2001.69 -11733.7 -27.1507 -2001.69 4.63478
4.36 26.8154 2001.21 -11585.6 -26.8154 -2001.21 1.38531
4.365 26.489 2000.03 -11441 -26.489 -2000.03 -2.19977
4.37 26.1665 1999.15 -11299.1 -26.1665 -1999.15 -4.80049
4.375 25.8487 1998.67 -11160.6 -25.8487 -1998.67 -6.0733
4.38 25.5416 1998.16 -11026.4 -25.5416 -1998.16 -7.53118
4.385 25.2499 1997.59 -10898.7 -25.2499 -1997.59 -9.23372
4.39 24.8327 2002.3 -10738 -24.8327 -2002.3 10.2379
4.395 24.3011 2007.47 -10529.4 -24.3011 -2007.47 31.3298
4.4 23.8428 2005.74 -10324.9 -23.8428 -2005.74 24.8273
4.405 23.384 2004.44 -10121.5 -23.384 -2004.44 19.5986
4.41 22.9282 2003.55 -9919.02 -22.9282 -2003.55 14.0498
4.415 22.4821 2002.52 -9719.97 -22.4821 -2002.52 7.70209
4.42 22.0732 2000.72 -9537.07 -22.0732 -2000.72 1.45274
4.425 21.6746 1999.87 -9361.53 -21.6746 -1999.87 -1.91259
4.43 21.2966 1998.95 -9195.47 -21.2966 -1998.95 -4.65629
4.435 20.9559 1997.66 -9044.86 -20.9559 -1997.66 -8.10682
4.44 20.6407 1997.02 -8906.81 -20.6407 -1997.02 -9.96283
4.445 20.3618 1996.33 -8783.64 -20.3618 -1996.33 -12.669
4.45 19.7209 2008.89 -8557.12 -19.7209 -2008.89 37.7033
4.455 19.1578 2013.99 -8333.63 -19.1578 -2013.99 57.4579
4.46 18.7064 2011 -8127.11 -18.7064 -2011 45.9572
4.465 18.2611 2008.8 -7925.44 -18.2611 -2008.8 36.6316
4.47 17.8233 2007.04 -7729 -17.8233 -2007.04 29.3425
4.475 17.3947 2005.62 -7537.96 -17.3947 -2005.62 23.4544
4.48 16.9919 2003.96 -7357.05 -16.9919 -2003.96 16.5689
4.485 16.628 2002.17 -7192.47 -16.628 -2002.17 9.15415
4.49 16.2656 2001.47 -7033.51 -16.2656 -2001.47 6.76711
4.495 15.8371 2002.53 -6853.58 -15.8371 -2002.53 11.9316
4.5 15.4501 2001.85 -6683.41 -15.4501 -2001.85 8.95961
4.505 15.0775 2001.32 -6520.09 -15.0775 -2001.32 6.59694
4.51 14.7198 2000.9 -6363.66 -14.7198 -2000.9 4.69401
4.515 14.3773 2000.56 -6214.14 -14.3773 -2000.56 3.15838
4.52 14.0501 2000.27 -6071.54 -14.0501 -2000.27 1.90688
4.525 13.6348 2002.98 -5905.22 -13.6348 -2002.98 14.9943
4.53 13.2252 2004.53 -5736.14 -13.2252 -2004.53 22.8654
4.535 12.8779 2003.57 -5581.63 -12.8779 -2003.57 18.3609
4.54 12.5453 2002.83 -5434.12 -12.5453 -2002.83 14.5543
4.545 12.2305 2002.17 -5294.75 -12.2305 -2002.17 11.1966
4.55 11.9283 2001.73 -5161.95 -11.9283 -2001.73 8.93906
4.555 11.641 2001.38 -5036.03 -11.641 -2001.38 7.12408
4.56 11.37 2001.04 -4917.34 -11.37 -2001.04 5.50427
4.565 11.1135 2000.79 -4805.34 -11.1135 -2000.79 4.2897
4.57 10.8714 2000.63 -4699.84 -10.8714 -2000.63 3.39684
4.575 10.643 2000.49 -4600.46 -10.643 -2000.49 2.68257
4.58 10.427 2000.39 -4506.55 -10.427 -2000.39 2.11169
4.585 10.2217 2000.3 -4417.45 -10.2217 -2000.3 1.65566
4.59 10.026 2000.23 -4332.51 -10.026 -2000.23 1.29154
4.595 9.83817 2000.18 -4251.09 -9.83817 -2000.18 1.0012
4.6 9.65679 2000.14 -4172.5 -9.65679 -2000.14 0.769235
4.605 9.48005 2000.1 -4095.97 -9.48005 -2000.1 0.583621
4.61 9.30614 2000.07 -4020.69 -9.30614 -2000.07 0.434836
4.615 9.13316 2000.05 -3945.84 -9.13316 -2000.05 0.315013
4.62 8.95928 2000.03 -3870.63 -8.95928 -2000.03 0.217796
4.625 8.78266 2000.02 -3794.25 -8.78266 -2000.02 0.138037
4.63 8.60669 1999.86 -3717.44 -8.60669 -1999.86 -0.650949
4.635 8.43254 1999.62 -3641.03 -8.43254 -1999.62 -1.82192
4.64 8.24684 1999.65 -3560.97 -8.24684 -1999.65 -1.66496
4.645 8.05291 1999.67 -3477.29 -8.05291 -1999.67 -1.56729
4.65 7.84959 1999.68 -3389.5 -7.84959 -1999.68 -1.52133
4.655 7.6358 1999.67 -3297.14 -7.6358 -1999.67 -1.52536
4.66 7.4106 1999.66 -3199.8 -7.4106 -1999.66 -1.57954
4.665 7.1732 1999.64 -3097.14 -7.1732 -1999.64 -1.68632
4.67 6.92312 1999.6 -2988.94 -6.92312 -1999.6 -1.85017
4.675 6.63883 2000.06 -2868.82 -6.63883 -2000.06 0.842424
4.68 6.2382 2001.84 -2706.53 -6.2382 -2001.84 11.6229
4.685 5.86582 2001.36 -2543.25 -5.86582 -2001.36 9.21316
4.69 5.46969 2001.08 -2370.24 -5.46969 -2001.08 7.33613
4.695 5.05091 2000.85 -2187.8 -5.05091 -2000.85 5.80574
4.7 4.60933 2000.66 -1995.78 -4.60933 -2000.66 4.55435
4.705 4.1447 2000.5 -1794.04 -4.1447 -2000.5 3.52671
4.71 3.65672 2000.37 -1582.38 -3.65672 -2000.37 2.67797
4.715 3.14508 2000.26 -1360.65 -3.14508 -2000.26 1.97165
4.72 2.6095 2000.16 -1128.68 -2.6095 -2000.16 1.37806
4.725 2.04979 2000.08 -886.381 -2.04979 -2000.08 0.873165
4.73 1.46426 2000.03 -633.211 -1.46426 -2000.03 0.650951
4.735 0.794467 2000.74 -349.016 -0.794467 -2000.74 5.80617
4.74 0.125123 2000.45 -58.0097 -0.125123 -2000.45 3.95665
4.745 -0.538294 1999.68 233.167 0.538294 -1999.68 -0.623988
4.75 -1.34178 2001.38 566.937 1.34178 -2001.38 12.7115
4.755 -2.22707 2003.3 933.888 2.22707 -2003.3 28.2068
4.76 -3.09377 2003.29 1308.17 3.09377 -2003.29 28.3332
4.765 -3.96917 2002.6 1692.15 3.96917 -2002.6 22.5308
4.77 -4.87825 2002.02 2089.59 4.87825 -2002.02 17.8124
4.775 -5.8205 2001.56 2500.5 5.8205 -2001.56 13.9621
4.78 -6.78626 2001 2922.12 6.78626 -2001 9.541
4.785 -7.77852 2000.51 3354.61 7.77852 -2000.51 5.70992
4.79 -8.78039 1999.82 3792.87 8.78039 -1999.82 0.253623
4.795 -9.77202 1998.75 4229.72 9.77202 -1998.75 -8.20568
4.8 -10.7913 1998.22 4674.04 10.7913 -1998.22 -12.1937
4.805 -11.9165 1998.96 5149.94 11.9165 -1998.96 -2.0123
4.81 -13.3269 2001.42 5730.04 13.3269 -2001.42 27.1606
4.815 -14.6428 2000.87 6305.32 14.6428 -2000.87 20.3666
4.82 -15.9838 2000.4 6890.25 15.9838 -2000.4 14.7498
4.825 -17.3464 1999.99 7483.62 17.3464 -1999.99 10.0119
4.83 -19.2945 2003.86 8251.35 19.2945 -2003.86 83.8743
4.835 -21.2035 2005.41 9046.02 21.2035 -2005.41 113.908
4.84 -23.1843 2005.55 9893.89 23.1843 -2005.55 121.737
4.845 -25.7636 2006.96 10957.5 25.7636 -2006.96 172.343
4.85 -28.3474 2006.65 12057 28.3474 -2006.65 189.027
4.855 -31.4748 2006.79 13354.9 31.4748 -2006.79 242.179
4.86 -34.6448 2005.81 14711.7 34.6448 -2005.81 254.816
4.865 -37.5817 2003.76 16010.7 37.5817 -2003.76 224.596
4.87 -40.0908 1999.32 17149.9 40.0908 -1999.32 169.365
4.875 -42.4692 1999.84 18218.3 42.4692 -1999.84 128.438
4.88 -44.4708 2001.95 19168.9 44.4708 -2001.95 42.4436
4.885 -46.0323 2004.26 19943.3 46.0323 -2004.26 -57.3139
4.89 -47.5028 2004.81 20617.8 47.5028 -2004.81 -96.6038
4.895 -48.9109 2005.66 21209.9 48.9109 -2005.66 -80.3896
4.9 -50.08 2005.42 21722.4 50.08 -2005.42 -87.848
4.905 -50.9176 2005.04 22121.1 50.9176 -2005.04 -124.686
4.91 -51.3838 2003.04 22390.5 51.3838 -2003.04 -192.705
4.915 -50.861 1998.67 22355.3 50.861 -1998.67 -383.342
4.92 -49.6302 1990.94 21900.6 49.6302 -1990.94 -460.288
4.925 -48.4726 1986.07 21307.9 48.4726 -1986.07 -367.723
4.93 -47.0246 1985.43 20643.1 47.0246 -1985.43 -328.459
4.935 -45.9834 1988.8 20061.3 45.9834 -1988.8 -196.508
4.94 -45.1643 1989.78 19581.7 45.1643 -1989.78 -70.7162
4.945 -44.6251 1994.97 19246.5 44.6251 -1994.97 31.5516
4.95 -43.8712 1996.66 18888.9 43.8712 -1996.66 63.5003
4.955 -43.0895 1996.32 18548.3 43.0895 -1996.32 66.4306
4.96 -42.6233 1995 18300.5 42.6233 -1995 112.745
4.965 -42.679 1997.91 18238.7 42.679 -1997.91 198.602
4.97 -42.624 2000.43 18209.4 42.624 -2000.43 204.181
4.975 -42.4757 1999.43 18179.7 42.4757 -1999.43 169.83
4.98 -42.3313 1998.41 18148.3 42.3313 -1998.41 138.811
4.985 -42.1968 1998.34 18118 42.1968 -1998.34 110.982
4.99 -42.0658 1998.17 18084.3 42.0658 -1998.17 88.1439
4.995 -41.9516 1998.52 18051.9 41.9516 -1998.52 71.1893
5 -41.845 1998.81 18019.5 41.845 -1998.81 57.4958
5.005 -41.532 1988.41 17922.9 41.532 -1988.41 18.976
5.01 -41.0022 1957.21 17788.5 41.0022 -1957.21 -75.5619
5.015 -40.3988 1922.74 17638.3 40.3988 -1922.74 -186.065
5.02 -40.5652 1933.75 17691.2 40.5652 -1933.75 -166.988
5.025 -40.5738 1937.71 17693.4 40.5738 -1937.71 -165.501
5.03 -40.3063 1929.17 17601.1 40.3063 -1929.17 -188.805
5.035 -2.54791 57.5979 1890.98 2.54791 -57.5979 -790.283
5.04 -7.64378 41.5276 1743.49 7.64378 -41.5276 1558.63
5.045 -88.0919 3270.87 17900 88.0919 -3270.87 20155.7
