0.1 5.84341e-32 200 -6.21725e-14
0.2 -2.55649e-31 400 2.66454e-14
0.3 -5.84341e-32 600 -8.34888e-14
0.4 7.0121e-31 800 2.77112e-13
0.5 8.70246e-32 1000 3.44946e-29
0.6 2.92171e-31 1200 2.13163e-13
0.7 -9.34946e-31 1400 1.42109e-13
0.8 -3.50605e-31 1600 -4.12115e-13
0.9 8.18078e-31 1800 -8.52651e-14
1 -2.33737e-31 2000 -4.54747e-13
0.005 -0.00108921 2000 0.472117
0.01 -0.00543811 2000 2.3521
0.015 -0.0141212 2000 6.10263
0.02 -0.0271236 2000 11.7193
0.025 -0.0444291 2000 19.195
0.03 -0.0660206 2000 28.5223
0.035 -0.0918803 2000 39.6936
0.04 -0.121989 2000 52.7008
0.045 -0.156329 2000 67.5355
0.05 -0.194878 2000 84.1888
0.055 -0.237615 2000 102.652
0.06 -0.28452 2000 122.915
0.065 -0.335569 2000 144.968
0.07 -0.390743 2000 168.804
0.075 -0.450022 2000 194.413
0.08 -0.513386 2000 221.787
0.085 -0.580817 2000 250.917
0.09 -0.652292 2000 281.795
0.095 -0.727788 2000 314.41
0.1 -0.807283 2000 348.752
0.105 -0.890751 2000 384.811
0.11 -0.978161 2000 422.573
0.115 -1.06948 2000 462.023
0.12 -1.16467 2000 503.146
0.125 -1.2637 2000 545.928
0.13 -1.36655 2000 590.362
0.135 -1.47322 2000 636.442
0.14 -1.58368 2000 684.162
0.145 -1.69792 2000 733.513
0.15 -1.81591 2000 784.485
0.155 -1.93761 2000 837.063
0.16 -2.063 2000 891.231
0.165 -2.19203 2000 946.974
0.17 -2.32468 2000 1004.28
0.175 -2.46093 2000 1063.14
0.18 -2.60073 2000 1123.54
0.185 -2.74403 2000 1185.44
0.19 -2.89077 2000 1248.83
0.195 -3.04089 2000 1313.69
0.2 -3.19439 2000 1380
0.205 -3.35124 2000 1447.76
0.21 -3.51145 2000 1516.97
0.215 -3.67502 2000 1587.64
0.22 -3.84195 2000 1659.75
0.225 -4.01219 2000 1733.3
0.23 -4.18572 2000 1808.26
0.235 -4.3625 2000 1884.63
0.24 -4.54251 2000 1962.4
0.245 -4.72572 1999.99 2041.55
0.25 -4.91208 1999.99 2122.06
0.255 -5.10152 1999.99 2203.9
0.26 -5.29394 1999.99 2287.02
0.265 -5.48929 1999.99 2371.42
0.27 -5.68756 1999.99 2457.07
0.275 -5.88877 1999.99 2543.99
0.28 -6.09294 1999.99 2632.2
0.285 -6.30005 1999.99 2721.67
0.29 -6.51005 1999.99 2812.39
0.295 -6.72287 1999.99 2904.33
0.3 -6.93842 1999.99 2997.45
0.305 -7.15659 1999.99 3091.7
0.31 -7.37727 1999.99 3187.04
0.315 -7.60041 1999.99 3283.43
0.32 -7.82596 1999.99 3380.87
0.325 -8.05387 1999.99 3479.33
0.33 -8.28404 1999.99 3578.77
0.335 -8.51639 1999.99 3679.15
0.34 -8.75092 1999.99 3780.46
0.345 -8.98762 1999.99 3882.72
0.35 -9.22649 1999.99 3985.92
0.355 -9.46755 1999.99 4090.05
0.36 -9.71084 1999.99 4195.16
0.365 -9.95642 1999.99 4301.25
0.37 -10.2043 1999.99 4408.34
0.375 -10.4545 1999.99 4516.43
0.38 -10.707 1999.99 4625.51
0.385 -10.9617 1999.99 4735.53
0.39 -11.2185 1999.99 4846.47
0.395 -11.4772 1999.99 4958.24
0.4 -11.7377 1999.99 5070.78
0.405 -11.9999 1999.99 5184.05
0.41 -12.2637 1999.99 5298.02
0.415 -12.5291 1999.99 5412.66
0.42 -12.796 1999.99 5527.96
0.425 -13.0644 1999.99 5643.9
0.43 -13.3342 1999.99 5760.49
0.435 -13.6057 1999.99 5877.77
0.44 -13.8788 1999.99 5995.77
0.445 -14.1537 1999.99 6114.5
0.45 -14.4302 1999.99 6233.94
0.455 -14.7081 1999.99 6353.99
0.46 -14.9872 1999.99 6474.56
0.465 -15.2671 1999.99 6595.51
0.47 -15.5477 1999.99 6716.74
0.475 -15.8288 1999.99 6838.15
0.48 -16.1102 1999.99 6959.73
0.485 -16.392 1999.99 7081.46
0.49 -16.6741 1999.99 7203.31
0.495 -16.9563 1999.99 7325.25
0.5 -17.2388 1999.99 7447.27
0.505 -17.5215 1999.99 7569.4
0.51 -17.8046 1999.99 7691.7
0.515 -18.0883 1999.98 7814.26
0.52 -18.3726 1999.98 7937.11
0.525 -18.6577 1999.98 8060.26
0.53 -18.9435 1999.98 8183.74
0.535 -19.23 1999.98 8307.48
0.54 -19.5169 1999.98 8431.42
0.545 -19.8041 1999.98 8555.52
0.55 -20.0916 1999.98 8679.68
0.555 -20.3789 1999.98 8803.82
0.56 -20.6659 1999.98 8927.82
0.565 -20.9525 1999.98 9051.6
0.57 -21.2384 1999.98 9175.11
0.575 -21.5236 1999.98 9298.34
0.58 -21.8082 1999.98 9421.26
0.585 -22.0919 1999.98 9543.84
0.59 -22.3749 1999.98 9666.07
0.595 -22.6569 1999.98 9787.94
0.6 -22.9378 1999.99 9909.31
0.605 -23.2141 2000 10029.1
0.61 -23.4915 2000 10148.8
0.615 -23.7681 1999.99 10268.3
0.62 -24.044 1999.99 10387.4
0.625 -24.314 2000.01 10504.7
0.63 -24.5841 2000.02 10621.6
0.635 -24.8547 2000.01 10738.2
0.64 -25.1243 2000.01 10854.5
0.645 -25.3934 2000 10970.7
0.65 -25.6623 2000 11086.7
0.655 -25.9188 2000.04 11198.6
0.66 -26.1803 2000.03 11311.2
0.665 -26.4418 2000.02 11424
0.67 -26.7028 2000.01 11536.5
0.675 -26.9626 2000.01 11648.6
0.68 -27.2203 2000 11759.8
0.685 -27.4748 2000 11869.7
0.69 -27.7237 2000.01 11977.3
0.695 -27.9592 2000.05 12079.5
0.7 -28.1932 2000.04 12180.4
0.705 -28.4223 2000.03 12279.4
0.71 -28.6386 2000.06 12373.6
0.715 -28.8556 2000.05 12467
0.72 -29.0698 2000.03 12559.3
0.725 -29.2723 2000.09 12647.4
0.73 -29.4725 2000.11 12734
0.735 -29.6712 2000.08 12819.5
0.74 -29.8663 2000.07 12903.5
0.745 -30.0575 2000.05 12985.9
0.75 -30.2447 2000.04 13066.6
0.755 -30.428 2000.03 13145.6
0.76 -30.6075 2000.02 13223
0.765 -30.7839 2000.02 13299.2
0.77 -30.958 2000.01 13374.3
0.775 -31.1152 2000.13 13443.5
0.78 -31.2678 2000.19 13510.1
0.785 -31.421 2000.17 13576.3
0.79 -31.5718 2000.16 13641.4
0.795 -31.7243 2000.13 13706.9
0.8 -31.8763 2000.1 13772.2
0.805 -32.0275 2000.08 13837.2
0.81 -32.1771 2000.06 13901.6
0.815 -32.3245 2000.05 13965.1
0.82 -32.4692 2000.04 14027.4
0.825 -32.6106 2000.03 14088.4
0.83 -32.7487 2000.02 14148
0.835 -32.8829 2000.02 14205.9
0.84 -33.0131 2000.01 14262.1
0.845 -33.1391 2000.01 14316.4
0.85 -33.2608 2000.01 14368.9
0.855 -33.3781 2000.01 14419.6
0.86 -33.491 2000 14468.3
0.865 -33.5989 2000 14514.9
0.87 -33.7013 2000 14559.1
0.875 -33.798 2000 14600.9
0.88 -33.8886 2000 14640
0.885 -33.9732 2000 14676.5
0.89 -34.0517 2000 14710.4
0.895 -34.1243 2000 14741.8
0.9 -34.191 2000 14770.6
0.905 -34.252 2000 14796.9
0.91 -34.3073 2000 14820.8
0.915 -34.3545 2000.02 14841.4
0.92 -34.3941 2000.04 14858.7
0.925 -34.4298 2000.03 14874
0.93 -34.4613 2000.03 14887.5
0.935 -34.4887 2000.02 14899.4
0.94 -34.5125 2000.02 14909.6
0.945 -34.5328 2000.01 14918.3
0.95 -34.5497 2000.01 14925.6
0.955 -34.563 2000.01 14931.3
0.96 -34.5729 2000.01 14935.6
0.965 -34.5791 2000.01 14938.2
0.97 -34.5811 2000 14939.1
0.975 -34.5776 1999.99 14937.6
0.98 -34.5675 1999.98 14933.3
0.985 -34.5508 1999.99 14926
0.99 -34.5268 1999.99 14915.7
0.995 -34.4956 1999.99 14902.2
1 -34.4574 1999.99 14885.7
1.005 -34.4127 1999.99 14866.3
1.01 -34.3616 1999.99 14844.3
1.015 -34.3045 2000 14819.6
1.02 -34.2337 2000.06 14789.7
1.025 -34.1572 2000.08 14756.9
1.03 -34.0751 2000.06 14721.2
1.035 -33.9856 2000.05 14682.4
1.04 -33.888 2000.04 14640.1
1.045 -33.7817 2000.03 14594.1
1.05 -33.6659 2000.03 14544
1.055 -33.5401 2000.02 14489.6
1.06 -33.4038 2000.02 14430.7
1.065 -33.2566 2000.01 14367
1.07 -33.0981 2000.01 14298.5
1.075 -32.9288 2000.01 14225.4
1.08 -32.7491 2000.01 14147.7
1.085 -32.5593 2000.01 14065.7
1.09 -32.3596 2000 13979.4
1.095 -32.1503 2000 13889
1.1 -31.9316 2000 13794.5
1.105 -31.7034 2000 13695.9
1.11 -31.4654 2000 13593.1
1.115 -31.2173 2000 13485.9
1.12 -30.959 2000 13374.3
1.125 -30.6866 2000.02 13257.2
1.13 -30.3838 2000.15 13128.5
1.135 -30.0518 2000.27 12986.5
1.14 -29.7142 2000.22 12839.8
1.145 -29.3638 2000.18 12687.8
1.15 -29.0018 2000.14 12530.9
1.155 -28.6294 2000.11 12369.6
1.16 -28.2448 2000.11 12203.4
1.165 -27.8376 2000.15 12028.1
1.17 -27.4246 2000.12 11849.2
1.175 -26.985 2000.18 11661.3
1.18 -26.5272 2000.25 11465.2
1.185 -26.0521 2000.27 11260
1.19 -25.567 2000.22 11049.4
1.195 -25.0654 2000.18 10831.8
1.2 -24.5457 2000.14 10606.6
1.205 -24.0045 2000.13 10372.7
1.21 -23.4242 2000.18 10123.7
1.215 -22.8366 2000.14 9869.03
1.22 -22.2345 2000.12 9608.21
1.225 -21.6094 2000.14 9339.09
1.23 -20.9769 2000.14 9065.92
1.235 -20.3301 2000.15 8787
1.24 -19.6761 2000.14 8504.48
1.245 -19.0181 2000.11 8219.36
1.25 -18.3516 2000.09 7930.75
1.255 -17.6752 2000.07 7637.96
1.26 -16.9866 2000.06 7340.04
1.265 -16.2836 2000.05 7035.99
1.27 -15.5641 2000.04 6724.87
1.275 -14.8262 2000.03 6405.83
1.28 -14.0681 2000.02 6078.15
1.285 -13.2889 2000.02 5741.37
1.29 -12.4881 2000.02 5395.32
1.295 -11.6661 2000.01 5040.09
1.3 -10.8233 2000.01 4675.9
1.305 -9.96067 2000 4303.15
1.31 -9.07896 2000 3922.19
1.315 -8.17881 1999.99 3533.29
1.32 -7.26123 1999.99 3136.84
1.325 -6.3277 1999.98 2733.49
1.33 -5.37916 1999.97 2323.73
1.335 -4.41844 1999.94 1908.62
1.34 -3.44733 1999.91 1489.03
1.345 -2.46875 1999.85 1066.21
1.35 -1.4843 1999.78 640.883
1.355 -0.497272 1999.66 214.529
1.36 0.494049 1999.62 -213.509
1.365 1.48622 1999.58 -641.796
1.37 2.47526 1999.37 -1066.51
1.375 3.42101 1999.03 -1476.09
1.38 4.35081 1999.01 -1880.8
1.385 5.2936 1999.14 -2288.27
1.39 6.24107 1999.26 -2697.55
1.395 7.19271 1999.36 -3108.66
1.4 8.14874 1999.45 -3521.67
1.405 9.10929 1999.52 -3936.64
1.41 10.0744 1999.58 -4353.58
1.415 11.0441 1999.63 -4772.49
1.42 12.0184 1999.67 -5193.43
1.425 12.9979 1999.7 -5616.58
1.43 13.9833 1999.72 -6042.28
1.435 14.9753 1999.75 -6470.87
1.44 15.9746 1999.76 -6902.59
1.445 16.9814 1999.77 -7337.55
1.45 17.9958 1999.78 -7775.8
1.455 19.0182 1999.79 -8217.48
1.46 20.049 1999.79 -8662.81
1.465 21.0842 1999.81 -9110.64
1.47 22.1155 1999.86 -9557.6
1.475 23.1434 1999.89 -10002.8
1.48 24.1341 2000.11 -10436.9
1.485 25.1329 2000.2 -10871
1.49 26.1521 2000.12 -11309.1
1.495 27.0858 2000.56 -11721
1.5 28.0236 2000.75 -12129.3
1.505 28.9264 2001.02 -12520.7
1.51 29.7267 2001.56 -12872.6
1.515 30.5488 2001.34 -13225.2
1.52 31.3832 2001.04 -13580.7
1.525 32.2195 2000.81 -13938.1
1.53 32.9728 2001.4 -14267.4
1.535 33.7064 2001.7 -14588
1.54 34.4595 2001.43 -14910.8
1.545 35.2193 2001.11 -15235
1.55 35.978 2000.86 -15559.5
1.555 36.6945 2001.11 -15869.5
1.56 37.387 2001.26 -16168.8
1.565 38.0819 2001.03 -16467.2
1.57 38.7654 2000.9 -16762.2
1.575 39.4461 2000.76 -17055.6
1.58 40.1066 2000.77 -17342.4
1.585 40.7508 2000.81 -17622.1
1.59 41.3735 2000.9 -17889.6
1.595 41.9736 2000.92 -18150.8
1.6 42.5548 2001.01 -18404.8
1.605 43.1431 2000.88 -18657.8
1.61 43.6899 2000.95 -18895.9
1.615 44.2497 2000.73 -19134.6
1.62 44.7631 2000.96 -19360.8
1.625 45.2701 2001.04 -19581.5
1.63 45.7426 2001.27 -19786.5
1.635 46.1898 2001.41 -19979.4
1.64 46.6134 2001.4 -20161.6
1.645 47.0042 2001.49 -20330.6
1.65 47.3887 2001.33 -20494.4
1.655 47.7388 2001.26 -20646.3
1.66 48.0872 2001.1 -20792.9
1.665 48.4175 2000.97 -20934.3
1.67 48.7335 2001.19 -21068.1
1.675 49.0352 2001.18 -21196.5
1.68 49.3229 2000.91 -21321
1.685 49.5995 2000.74 -21441.9
1.69 49.8719 2000.62 -21559.4
1.695 50.1381 2000.52 -21672.5
1.7 50.3774 2000.43 -21778.9
1.705 50.5921 2000.56 -21874.7
1.71 50.7896 2000.57 -21960.7
1.715 50.9232 2000.26 -22028.6
1.72 51.0331 2000.02 -22083.6
1.725 51.1041 2000.04 -22121.8
1.73 51.0947 1999.94 -22129.1
1.735 51.0115 1999.38 -22103
1.74 50.8332 1998.6 -22040
1.745 50.681 1998.44 -21970.1
1.75 50.5307 1998.55 -21894.4
1.755 50.3588 1998.63 -21811.9
1.76 50.1482 1998.94 -21718
1.765 49.8963 1999.09 -21607
1.77 49.6355 1999.14 -21488.5
1.775 49.3718 1999.29 -21366.3
1.78 49.103 1999.37 -21241.4
1.785 48.8149 1999.35 -21113.2
1.79 48.5135 1999.24 -20980.5
1.795 48.2015 1999.17 -20843.7
1.8 47.8782 1999.14 -20702.4
1.805 47.5215 1998.89 -20550.3
1.81 47.1927 1999.34 -20398.5
1.815 46.8515 1999.63 -20244.3
1.82 46.6013 2000.16 -20119.1
1.825 46.4249 2000.75 -20026.6
1.83 46.1913 2000.56 -19931.3
1.835 45.9556 2000.36 -19834.7
1.84 45.7191 2000.2 -19736.8
1.845 45.4813 2000.06 -19637.5
1.85 45.2429 1999.97 -19536.9
1.855 45.029 2000.05 -19442.3
1.86 44.8808 2000.29 -19371.9
1.865 44.7043 2000.15 -19299.1
1.87 44.5282 2000.05 -19225.4
1.875 44.3499 1999.97 -19150.6
1.88 44.1677 1999.87 -19074.3
1.885 43.9829 1999.77 -18996.5
1.89 43.7951 1999.69 -18917
1.895 43.5997 1999.53 -18834.7
1.9 43.3977 1999.38 -18749.2
1.905 43.1951 1999.36 -18662.3
1.91 42.9903 1999.35 -18574.1
1.915 42.8387 1999.71 -18503.5
1.92 42.7127 1999.91 -18443.4
1.925 42.675 2000.35 -18416.3
1.93 42.5962 2000.2 -18386.4
1.935 42.5177 2000.09 -18355.9
1.94 42.4851 2000.29 -18337.6
1.945 42.5055 2000.6 -18340.2
1.95 42.4954 2000.43 -18340.4
1.955 42.4869 2000.3 -18340.4
1.96 42.4733 2000.04 -18338.4
1.965 42.4604 1999.87 -18335.7
1.97 42.4511 1999.84 -18333.3
1.975 42.4417 1999.81 -18330.6
1.98 42.4321 1999.79 -18327.5
1.985 42.4181 1999.65 -18322.9
1.99 42.4004 1999.49 -18316.7
1.995 42.3865 1999.54 -18310.9
2 42.3671 1999.46 -18303.5
2.005 42.3446 1999.38 -18294.5
2.01 42.3253 1999.46 -18286
2.015 42.3054 1999.52 -18277.3
2.02 42.3109 2000.03 -18275.8
2.025 42.3109 2000.26 -18274.2
2.03 42.3022 2000.18 -18271.3
2.035 42.2937 2000.11 -18268.4
2.04 42.2854 2000.06 -18265.4
2.045 42.2771 2000.02 -18262.3
2.05 42.2688 1999.98 -18259.1
2.055 42.2604 1999.95 -18255.7
2.06 42.2518 1999.92 -18252.3
2.065 42.2429 1999.9 -18248.7
2.07 42.2339 1999.88 -18244.9
2.075 42.2245 1999.86 -18241.1
2.08 42.2148 1999.84 -18237
2.085 42.2047 1999.82 -18232.7
2.09 42.1942 1999.81 -18228.3
2.095 42.1833 1999.79 -18223.7
2.1 42.1718 1999.78 -18218.8
2.105 42.1598 1999.76 -18213.7
2.11 42.1472 1999.74 -18208.3
2.115 42.1339 1999.73 -18202.7
2.12 42.1199 1999.71 -18196.7
2.125 42.105 1999.68 -18190.4
2.13 42.0861 1999.53 -18182.7
2.135 42.0618 1999.33 -18172.9
2.14 42.0409 1999.4 -18163.7
2.145 42.0191 1999.45 -18154.1
2.15 41.9966 1999.48 -18144.2
2.155 41.9732 1999.51 -18133.9
2.16 41.9489 1999.53 -18123.4
2.165 41.9238 1999.54 -18112.5
2.17 41.8977 1999.54 -18101.2
2.175 41.8705 1999.53 -18089.5
2.18 41.8421 1999.52 -18077.2
2.185 41.8098 1999.4 -18063.6
2.19 41.774 1999.28 -18048.5
2.195 41.7488 1999.61 -18036.1
2.2 41.7297 1999.94 -18026.3
2.205 41.7021 1999.78 -18015
2.21 41.6627 1999.25 -17999.2
2.215 41.6197 1999.06 -17981.3
2.22 41.5684 1998.77 -17960
2.225 41.5038 1998.3 -17933.4
2.23 41.4108 1997.35 -17895.6
2.235 41.2662 1998.25 -17835.9
2.24 41.0678 1998.58 -17754.8
2.245 41.1156 2005.34 -17756.1
2.25 41.0827 2005.39 -17744.7
2.255 41.0475 2004.45 -17731.7
2.26 41.0166 2003.56 -17718.6
2.265 40.986 2002.85 -17705.5
2.27 40.9555 2002.26 -17692.5
2.275 40.925 2001.79 -17679.5
2.28 40.8921 2001.26 -17665.6
2.285 40.8587 2000.86 -17651.5
2.29 40.8253 2000.63 -17637.1
2.295 40.791 2000.43 -17622.3
2.3 40.7558 2000.27 -17607.2
2.305 40.7196 2000.13 -17591.6
2.31 40.6824 2000.01 -17575.6
2.315 40.6442 1999.9 -17559.2
2.32 40.6048 1999.81 -17542.2
2.325 40.5642 1999.72 -17524.8
2.33 40.5139 1999.05 -17504.1
2.335 40.4546 1998.49 -17479.4
2.34 40.4017 1998.83 -17455
2.345 40.3699 1999.51 -17438.6
2.35 40.3185 1998.79 -17418.2
2.355 40.2511 1998.18 -17390.5
2.36 40.1658 1997.76 -17354.4
2.365 40.0441 1997.43 -17303.6
2.37 39.8903 1996.33 -17239.3
2.375 39.6294 2003.65 -17128.1
2.38 39.6102 2016.39 -17113.6
2.385 39.6283 2014.93 -17138.1
2.39 39.6379 2012.95 -17143.7
2.395 39.652 2010.59 -17147.3
2.4 39.6652 2009.6 -17151.7
2.405 39.6693 2008.07 -17152.5
2.41 39.6769 2006.55 -17153
2.415 39.6846 2005.3 -17153.9
2.42 39.692 2004.29 -17155.2
2.425 39.6991 2003.47 -17156.7
2.43 39.7061 2002.81 -17158.4
2.435 39.7128 2002.27 -17160.3
2.44 39.7193 2001.83 -17162.3
2.445 39.7256 2001.48 -17164.4
2.45 39.7317 2001.19 -17166.5
2.455 39.7377 2000.96 -17168.6
2.46 39.7435 2000.77 -17170.8
2.465 39.749 2000.6 -17172.9
2.47 39.7513 2000.18 -17173.9
2.475 39.7542 2000.01 -17175
2.48 39.7572 1999.99 -17176.1
2.485 39.76 1999.97 -17177.1
2.49 39.7627 1999.95 -17178.1
2.495 39.7651 1999.94 -17179.1
2.5 39.7674 1999.92 -17180
2.505 39.7695 1999.9 -17180.8
2.51 39.7714 1999.89 -17181.6
2.515 39.773 1999.87 -17182.2
2.52 39.7744 1999.86 -17182.8
2.525 39.7754 1999.85 -17183.2
2.53 39.7761 1999.83 -17183.5
2.535 39.7763 1999.8 -17183.6
2.54 39.776 1999.77 -17183.5
2.545 39.7751 1999.73 -17183.1
2.55 39.7749 1999.79 -17182.8
2.555 39.7869 2000.37 -17187
2.56 39.7948 2000.27 -17190.6
2.565 39.8028 2000.21 -17194.2
2.57 39.8109 2000.15 -17197.8
2.575 39.819 2000.11 -17201.5
2.58 39.8272 2000.07 -17205.1
2.585 39.8353 2000.05 -17208.6
2.59 39.8433 2000.02 -17212.2
2.595 39.8513 2000 -17215.7
2.6 39.8592 1999.99 -17219.1
2.605 39.8669 1999.97 -17222.5
2.61 39.8745 1999.96 -17225.8
2.615 39.8819 1999.94 -17229
2.62 39.8891 1999.92 -17232.1
2.625 39.896 1999.9 -17235.1
2.63 39.9026 1999.88 -17238
2.635 39.9089 1999.86 -17240.7
2.64 39.9147 1999.86 -17243.3
2.645 39.9201 1999.84 -17245.6
2.65 39.925 1999.81 -17247.7
2.655 39.9292 1999.77 -17249.6
2.66 39.9327 1999.73 -17251.1
2.665 39.9351 1999.67 -17252.2
2.67 39.9359 1999.56 -17252.5
2.675 39.9333 1999.35 -17251.5
2.68 39.9034 1999.41 -17241.4
2.685 39.8745 2001.59 -17231.4
2.69 39.9023 2004.33 -17241.1
2.695 39.9171 2003.92 -17249.5
2.7 39.9165 2003.72 -17251.5
2.705 39.924 2003 -17253.3
2.71 39.9308 2002.43 -17255.1
2.715 39.9371 2001.96 -17256.8
2.72 39.9438 2001.65 -17258.9
2.725 39.9515 2001.46 -17261.4
2.73 39.9582 2001.18 -17263.9
2.735 39.9645 2000.95 -17266.2
2.74 39.9705 2000.77 -17268.5
2.745 39.9762 2000.63 -17270.7
2.75 39.9815 2000.51 -17272.8
2.755 39.9866 2000.41 -17274.9
2.76 39.9913 2000.33 -17276.8
2.765 39.9958 2000.27 -17278.6
2.77 39.9999 2000.22 -17280.3
2.775 40.0038 2000.18 -17281.9
2.78 40.0075 2000.15 -17283.5
2.785 40.0109 2000.12 -17284.9
2.79 40.0142 2000.1 -17286.3
2.795 40.0173 2000.08 -17287.6
2.8 40.0203 2000.06 -17288.9
2.805 40.0232 2000.05 -17290.1
2.81 40.026 2000.04 -17291.3
2.815 40.0288 2000.04 -17292.5
2.82 40.0316 2000.03 -17293.7
2.825 40.0344 2000.02 -17294.9
2.83 40.0373 2000.02 -17296.1
2.835 40.0402 2000.02 -17297.4
2.84 40.0433 2000.02 -17298.7
2.845 40.0464 2000.01 -17300.1
2.85 40.0497 2000.01 -17301.5
2.855 40.0531 2000.01 -17302.9
2.86 40.0567 2000.01 -17304.5
2.865 40.0604 2000.01 -17306.1
2.87 40.0643 2000.01 -17307.8
2.875 40.0684 2000.01 -17309.5
2.88 40.0727 2000.01 -17311.4
2.885 40.0771 2000.01 -17313.3
2.89 40.0819 2000.01 -17315.4
2.895 40.0868 2000.01 -17317.5
2.9 40.0921 2000.01 -17319.8
2.905 40.0976 2000.01 -17322.2
2.91 40.1033 2000.01 -17324.7
2.915 40.1094 2000.01 -17327.3
2.92 40.1156 2000.01 -17330
2.925 40.1221 2000.01 -17332.7
2.93 40.1287 2000.02 -17335.6
2.935 40.1355 2000.02 -17338.5
2.94 40.1424 2000.02 -17341.5
2.945 40.1495 2000.02 -17344.6
2.95 40.1566 2000.02 -17347.7
2.955 40.1639 2000.02 -17350.8
2.96 40.1712 2000.02 -17354
2.965 40.1786 2000.02 -17357.2
2.97 40.186 2000.02 -17360.4
2.975 40.1934 2000.02 -17363.6
2.98 40.2008 2000.02 -17366.8
2.985 40.2082 2000.02 -17369.9
2.99 40.2155 2000.01 -17373.1
2.995 40.2227 2000.01 -17376.2
3 40.2298 2000.01 -17379.3
3.005 40.2369 2000.01 -17382.3
3.01 40.2438 2000.01 -17385.3
3.015 40.2506 2000 -17388.3
3.02 40.2573 2000 -17391.2
3.025 40.2639 2000 -17394
3.03 40.2703 2000 -17396.8
3.035 40.2767 2000 -17399.5
3.04 40.2829 2000 -17402.2
3.045 40.289 2000 -17404.9
3.05 40.295 2000 -17407.4
3.055 40.3008 2000 -17410
3.06 40.3066 2000 -17412.5
3.065 40.3122 2000 -17414.9
3.07 40.3177 2000 -17417.3
3.075 40.3231 2000 -17419.6
3.08 40.3283 2000 -17421.8
3.085 40.3334 2000 -17424
3.09 40.3384 2000 -17426.2
3.095 40.3432 2000 -17428.3
3.1 40.3479 2000 -17430.3
3.105 40.3524 2000 -17432.2
3.11 40.3567 2000 -17434.1
3.115 40.3608 2000 -17435.9
3.12 40.3648 2000 -17437.6
3.125 40.3685 2000 -17439.2
3.13 40.372 2000 -17440.7
3.135 40.3753 2000 -17442.1
3.14 40.3783 2000 -17443.4
3.145 40.3811 2000 -17444.7
3.15 40.3837 2000 -17445.8
3.155 40.3861 2000 -17446.8
3.16 40.3882 2000 -17447.7
3.165 40.3901 2000 -17448.5
3.17 40.3918 2000 -17449.3
3.175 40.3932 2000 -17449.9
3.18 40.3943 2000 -17450.3
3.185 40.3951 2000 -17450.7
3.19 40.3956 2000 -17450.9
3.195 40.3959 2000 -17451
3.2 40.3917 1999.99 -17449.8
3.205 40.3664 1999.96 -17440.4
3.21 40.3323 1999.96 -17425.2
3.215 40.2882 1999.97 -17405.8
3.22 40.2378 1999.97 -17383.6
3.225 40.184 1999.97 -17360.1
3.23 40.1289 1999.97 -17336
3.235 40.0743 1999.97 -17312.1
3.24 40.0213 1999.97 -17289
3.245 39.971 1999.97 -17267
3.25 39.9239 1999.97 -17246.6
3.255 39.8807 1999.98 -17227.8
3.26 39.8422 1999.98 -17211.1
3.265 39.8086 1999.98 -17196.6
3.27 39.7803 1999.98 -17184.4
3.275 39.7575 1999.98 -17174.7
3.28 39.7408 1999.98 -17167.5
3.285 39.7303 1999.99 -17163.1
3.29 39.7266 1999.99 -17161.5
3.295 39.7317 1999.99 -17163.6
3.3 39.7466 1999.98 -17169.9
3.305 39.7717 1999.99 -17180.9
3.31 39.8083 1999.99 -17196.8
3.315 39.8569 1999.99 -17217.9
3.32 39.918 1999.99 -17244.3
3.325 39.9917 1999.99 -17276.2
3.33 40.0777 1999.99 -17313.4
3.335 40.1748 1999.99 -17355.5
3.34 40.2771 2000.01 -17400.5
3.345 40.3511 2000.06 -17438.3
3.35 40.3467 1999.75 -17449.8
3.355 40.3404 1999.59 -17451.4
3.36 40.3523 1999.69 -17452.5
3.365 40.3629 1999.67 -17453.3
3.37 40.372 1999.7 -17454.1
3.375 40.3799 1999.76 -17455
3.38 40.3866 1999.81 -17455.8
3.385 40.3923 1999.85 -17456.6
3.39 40.3973 1999.88 -17457.3
3.395 40.4015 1999.9 -17458.1
3.4 40.4052 1999.92 -17458.8
3.405 40.4084 1999.94 -17459.5
3.41 40.4112 1999.95 -17460.1
3.415 40.4136 1999.96 -17460.7
3.42 40.4157 1999.97 -17461.2
3.425 40.4174 1999.97 -17461.6
3.43 40.4188 1999.98 -17461.9
3.435 40.4198 1999.98 -17462.2
3.44 40.4204 1999.99 -17462.3
3.445 40.4177 1999.98 -17461.5
3.45 40.3844 1999.95 -17448.7
3.455 40.3294 1999.96 -17424.4
3.46 40.2465 1999.96 -17387.9
3.465 40.1375 1999.95 -17339.9
3.47 40.0058 1999.93 -17281.7
3.475 39.8561 1999.9 -17215.2
3.48 39.6943 1999.86 -17143
3.485 39.5265 1999.81 -17067.9
3.49 39.3583 1999.75 -16992.4
3.495 39.1943 1999.69 -16919
3.5 39.0375 1999.63 -16849.1
3.505 38.8899 1999.59 -16783.8
3.51 38.7522 1999.52 -16723.5
3.515 38.6253 1999.46 -16668.4
3.52 38.5086 1999.47 -16618.3
3.525 38.4009 1999.49 -16572.6
3.53 38.3016 1999.52 -16530.7
3.535 38.2098 1999.55 -16492.3
3.54 38.1245 1999.55 -16456.8
3.545 38.0455 1999.55 -16424
3.55 37.9726 1999.59 -16393.8
3.555 37.9049 1999.63 -16365.8
3.56 37.8419 1999.66 -16339.7
3.565 37.7835 1999.69 -16315.3
3.57 37.7291 1999.73 -16292.6
3.575 37.678 1999.75 -16271.3
3.58 37.6306 1999.77 -16251.6
3.585 37.5867 1999.79 -16233.4
3.59 37.5464 1999.81 -16216.5
3.595 37.5098 1999.83 -16201.2
3.6 37.4772 1999.85 -16187.6
3.605 37.4491 1999.87 -16175.9
3.61 37.4255 1999.88 -16166
3.615 37.4062 1999.9 -16158
3.62 37.3911 1999.92 -16151.7
3.625 37.38 1999.93 -16147.1
3.63 37.3729 1999.94 -16144.3
3.635 37.3696 1999.95 -16143
3.64 37.3771 1999.92 -16145.3
3.645 37.4131 1999.85 -16159.3
3.65 37.4705 1999.88 -16184.7
3.655 37.5537 1999.91 -16221.3
3.66 37.6605 1999.94 -16268.2
3.665 37.7879 1999.97 -16324.2
3.67 37.9302 2000.04 -16386.7
3.675 38.0831 2000.06 -16454.6
3.68 38.243 2000.09 -16525.9
3.685 38.4059 2000.14 -16598.7
3.69 38.5671 2000.19 -16671
3.695 38.7233 2000.23 -16741
3.7 38.8723 2000.26 -16807.7
3.705 39.0131 2000.28 -16870.3
3.71 39.1454 2000.29 -16928.7
3.715 39.2694 2000.28 -16982.8
3.72 39.385 2000.23 -17032.9
3.725 39.4936 2000.19 -17079.4
3.73 39.5955 2000.14 -17122.6
3.735 39.6895 2000.05 -17162.2
3.74 39.7787 2000.04 -17199.4
3.745 39.8623 2000.03 -17234
3.75 39.9372 1999.91 -17265.3
3.755 40.0066 1999.84 -17294.1
3.76 40.0694 1999.78 -17320.2
3.765 40.1275 1999.76 -17344.1
3.77 40.1808 1999.78 -17365.9
3.775 40.2264 1999.77 -17384.8
3.78 40.2615 1999.69 -17399.9
3.785 40.2767 1999.44 -17408.4
3.79 40.2823 1999.31 -17412
3.795 40.2932 1999.4 -17415.2
3.8 40.3032 1999.5 -17418
3.805 40.3116 1999.59 -17420.3
3.81 40.3184 1999.67 -17422.2
3.815 40.324 1999.74 -17423.7
3.82 40.3282 1999.79 -17424.8
3.825 40.3314 1999.83 -17425.6
3.83 40.3336 1999.86 -17426.1
3.835 40.3348 1999.89 -17426.2
3.84 40.3056 1999.87 -17417.8
3.845 40.2563 1999.85 -17399.1
3.85 40.1952 1999.88 -17370.9
3.855 40.1115 1999.89 -17333.1
3.86 40.0075 1999.9 -17286.5
3.865 39.8861 1999.9 -17232.2
3.87 39.7505 1999.88 -17171.6
3.875 39.6046 1999.86 -17106.2
3.88 39.4521 1999.83 -17037.8
3.885 39.2967 1999.79 -16968
3.89 39.1415 1999.76 -16898.4
3.895 38.989 1999.72 -16830.2
3.9 38.8405 1999.69 -16764.1
3.905 38.6969 1999.65 -16700.6
3.91 38.5587 1999.65 -16640
3.915 38.4253 1999.63 -16581.9
3.92 38.2961 1999.64 -16526.1
3.925 38.1707 1999.65 -16472.3
3.93 38.0479 1999.68 -16419.9
3.935 37.9271 1999.7 -16368.6
3.94 37.8079 1999.7 -16318
3.945 37.692 1999.46 -16268.6
3.95 37.5797 1999.22 -16221
3.955 37.4753 1998.85 -16176.8
3.96 37.3754 1998.74 -16135
3.965 37.2792 1998.7 -16094.7
3.97 37.1875 1998.77 -16056.1
3.975 37.0979 1998.82 -16018.3
3.98 37.0109 1998.84 -15981.5
3.985 36.9266 1998.84 -15945.8
3.99 36.8436 1998.67 -15910.9
3.995 36.7658 1998.45 -15878.1
4 36.6991 1998.43 -15849.5
4.005 36.6388 1998.35 -15823.6
4.01 36.5862 1998.24 -15801.3
4.015 36.5403 1998.19 -15781.5
4.02 36.5026 1997.74 -15766.1
4.025 36.4789 1998.97 -15757.3
4.03 36.4171 2000.6 -15732.6
4.035 36.3311 2000.47 -15695.3
4.04 36.2475 1999.93 -15658.5
4.045 36.1707 1999.55 -15624.9
4.05 36.1013 1999.42 -15594.8
4.055 36.0335 1999.14 -15565.9
4.06 35.9713 1998.72 -15539.7
4.065 35.9233 1998.47 -15519
4.07 35.8861 1998.13 -15503.1
4.075 35.8663 1997.73 -15494.7
4.08 35.8849 1997.19 -15500.9
4.085 35.9312 1998.66 -15521.9
4.09 35.95 2000.02 -15531.7
4.095 35.9224 2000.9 -15521.2
4.1 35.8231 2003.42 -15480.7
4.105 35.7181 2003.11 -15428.2
4.11 35.6155 2002.46 -15380.4
4.115 35.514 2001.86 -15336.3
4.12 35.4184 2001.25 -15295.5
4.125 35.3317 2000.7 -15258.6
4.13 35.2549 2000.16 -15226
4.135 35.1923 1999.83 -15199.3
4.14 35.1396 1999.6 -15176.7
4.145 35.0127 2006.13 -15135
4.15 34.7822 2008.64 -15051.9
4.155 34.537 2004.48 -14949.3
4.16 34.3474 2003.5 -14860.9
4.165 34.1711 2002.5 -14778.8
4.17 34.0048 2001.75 -14702.6
4.175 33.8457 2001.18 -14630.7
4.18 33.6941 2000.74 -14562.7
4.185 33.5503 2000.37 -14498.4
4.19 33.414 2000.06 -14437.9
4.195 33.2854 1999.8 -14381
4.2 33.1647 1999.57 -14327.7
4.205 33.0517 1999.37 -14278
4.21 32.9449 1999 -14231.3
4.215 32.8485 1998.74 -14189
4.22 32.7634 1998.57 -14151.4
4.225 32.6891 1998.38 -14118.6
4.23 32.5765 2000.78 -14077.4
4.235 32.3684 2004.62 -13999.5
4.24 32.1745 2003.27 -13911.7
4.245 31.9815 2002.49 -13824.9
4.25 31.7865 2001.95 -13738.7
4.255 31.5925 2001.42 -13653
4.26 31.4148 2000.53 -13573.4
4.265 31.2398 2000.18 -13496.7
4.27 31.0686 1999.9 -13421.8
4.275 30.9014 1999.66 -13348.7
4.28 30.7388 1999.43 -13277.7
4.285 30.5818 1999.21 -13209.1
4.29 30.4314 1999 -13143.4
4.295 30.2879 1998.67 -13080.8
4.3 30.1546 1998.35 -13022.6
4.305 30.033 1998.19 -12969.4
4.31 29.9263 1997.92 -12922.4
4.315 29.6498 2005.71 -12830.1
4.32 29.3301 2010 -12707.9
4.325 29.0461 2007.65 -12578.4
4.33 28.7579 2006.08 -12447.8
4.335 28.4578 2005.06 -12314.1
4.34 28.1241 2004.55 -12168.2
4.345 27.8062 2002.95 -12024.7
4.35 27.479 2002.2 -11880.2
4.355 27.1507 2001.69 -11733.7
4.36 26.8154 2001.21 -11585.6
4.365 26.489 2000.03 -11441
4.37 26.1665 1999.15 -11299.1
4.375 25.8487 1998.67 -11160.6
4.38 25.5416 1998.16 -11026.4
4.385 25.2499 1997.59 -10898.7
4.39 24.8327 2002.3 -10738
4.395 24.3011 2007.47 -10529.4
4.4 23.8428 2005.74 -10324.9
4.405 23.384 2004.44 -10121.5
4.41 22.9282 2003.55 -9919.02
4.415 22.4821 2002.52 -9719.97
4.42 22.0732 2000.72 -9537.07
4.425 21.6746 1999.87 -9361.53
4.43 21.2966 1998.95 -9195.47
4.435 20.9559 1997.66 -9044.86
4.44 20.6407 1997.02 -8906.81
4.445 20.3618 1996.33 -8783.64
4.45 19.7209 2008.89 -8557.12
4.455 19.1578 2013.99 -8333.63
4.46 18.7064 2011 -8127.11
4.465 18.2611 2008.8 -7925.44
4.47 17.8233 2007.04 -7729
4.475 17.3947 2005.62 -7537.96
4.48 16.9919 2003.96 -7357.05
4.485 16.628 2002.17 -7192.47
4.49 16.2656 2001.47 -7033.51
4.495 15.8371 2002.53 -6853.58
4.5 15.4501 2001.85 -6683.41
4.505 15.0775 2001.32 -6520.09
4.51 14.7198 2000.9 -6363.66
4.515 14.3773 2000.56 -6214.14
4.52 14.0501 2000.27 -6071.54
4.525 13.6348 2002.98 -5905.22
4.53 13.2252 2004.53 -5736.14
4.535 12.8779 2003.57 -5581.63
4.54 12.5453 2002.83 -5434.12
4.545 12.2305 2002.17 -5294.75
4.55 11.9283 2001.73 -5161.95
4.555 11.641 2001.38 -5036.03
4.56 11.37 2001.04 -4917.34
4.565 11.1135 2000.79 -4805.34
4.57 10.8714 2000.63 -4699.84
4.575 10.643 2000.49 -4600.46
4.58 10.427 2000.39 -4506.55
4.585 10.2217 2000.3 -4417.45
4.59 10.026 2000.23 -4332.51
4.595 9.83817 2000.18 -4251.09
4.6 9.65679 2000.14 -4172.5
4.605 9.48005 2000.1 -4095.97
4.61 9.30614 2000.07 -4020.69
4.615 9.13316 2000.05 -3945.84
4.62 8.95928 2000.03 -3870.63
4.625 8.78266 2000.02 -3794.25
4.63 8.60669 1999.86 -3717.44
4.635 8.43254 1999.62 -3641.03
4.64 8.24684 1999.65 -3560.97
4.645 8.05291 1999.67 -3477.29
4.65 7.84959 1999.68 -3389.5
4.655 7.6358 1999.67 -3297.14
4.66 7.4106 1999.66 -3199.8
4.665 7.1732 1999.64 -3097.14
4.67 6.92312 1999.6 -2988.94
4.675 6.63883 2000.06 -2868.82
4.68 6.2382 2001.84 -2706.53
4.685 5.86582 2001.36 -2543.25
4.69 5.46969 2001.08 -2370.24
4.695 5.05091 2000.85 -2187.8
4.7 4.60933 2000.66 -1995.78
4.705 4.1447 2000.5 -1794.04
4.71 3.65672 2000.37 -1582.38
4.715 3.14508 2000.26 -1360.65
4.72 2.6095 2000.16 -1128.68
4.725 2.04979 2000.08 -886.381
4.73 1.46426 2000.03 -633.211
4.735 0.794467 2000.74 -349.016
4.74 0.125123 2000.45 -58.0097
4.745 -0.538294 1999.68 233.167
4.75 -1.34178 2001.38 566.937
4.755 -2.22707 2003.3 933.888
4.76 -3.09377 2003.29 1308.17
4.765 -3.96917 2002.6 1692.15
4.77 -4.87825 2002.02 2089.59
4.775 -5.8205 2001.56 2500.5
4.78 -6.78626 2001 2922.12
4.785 -7.77852 2000.51 3354.61
4.79 -8.78039 1999.82 3792.87
4.795 -9.77202 1998.75 4229.72
4.8 -10.7913 1998.22 4674.04
4.805 -11.9165 1998.96 5149.94
4.81 -13.3269 2001.42 5730.04
4.815 -14.6428 2000.87 6305.32
4.82 -15.9838 2000.4 6890.25
4.825 -17.3464 1999.99 7483.62
4.83 -19.2945 2003.86 8251.35
4.835 -21.2035 2005.41 9046.02
4.84 -23.1843 2005.55 9893.89
4.845 -25.7636 2006.96 10957.5
4.85 -28.3474 2006.65 12057
4.855 -31.4748 2006.79 13354.9
4.86 -34.6448 2005.81 14711.7
4.865 -37.5817 2003.76 16010.7
4.87 -40.0908 1999.32 17149.9
4.875 -42.4692 1999.84 18218.3
4.88 -44.4708 2001.95 19168.9
4.885 -46.0323 2004.26 19943.3
4.89 -47.5028 2004.81 20617.8
4.895 -48.9109 2005.66 21209.9
4.9 -50.08 2005.42 21722.4
4.905 -50.9176 2005.04 22121.1
4.91 -51.3838 2003.04 22390.5
4.915 -50.861 1998.67 22355.3
4.92 -49.6302 1990.94 21900.6
4.925 -48.4726 1986.07 21307.9
4.93 -47.0246 1985.43 20643.1
4.935 -45.9834 1988.8 20061.3
4.94 -45.1643 1989.78 19581.7
4.945 -44.6251 1994.97 19246.5
4.95 -43.8712 1996.66 18888.9
4.955 -43.0895 1996.32 18548.3
4.96 -42.6233 1995 18300.5
4.965 -42.679 1997.91 18238.7
4.97 -42.624 2000.43 18209.4
4.975 -42.4757 1999.43 18179.7
4.98 -42.3313 1998.41 18148.3
4.985 -42.1968 1998.34 18118
4.99 -42.0658 1998.17 18084.3
4.995 -41.9516 1998.52 18051.9
5 -41.845 1998.81 18019.5
5.005 -41.532 1988.41 17922.9
5.01 -41.0022 1957.21 17788.5
5.015 -40.3988 1922.74 17638.3
5.02 -40.5652 1933.75 17691.2
5.025 -40.5738 1937.71 17693.4
5.03 -40.3063 1929.17 17601.1
5.035 -2.54791 57.5979 1890.98
5.04 -7.64378 41.5276 1743.49
5.045 -88.0919 3270.87 17900
