0.1 -2.01036e-17 -0.0171471 9.30721e-20
0.2 -6.32554e-17 -0.0345545 2.92849e-19
0.3 -7.46284e-17 -0.0522345 3.45502e-19
0.4 -1.1648e-16 -0.0702003 5.39257e-19
0.5 2.34095e-17 -0.0884663 -1.08377e-19
0.6 -2.34747e-16 -0.107048 1.08679e-18
0.7 -2.27903e-16 -0.125962 1.0551e-18
0.8 -2.5582e-16 -0.145228 1.18435e-18
0.9 -1.69456e-16 -0.164869 7.84519e-19
1 -2.52815e-16 -0.184931 1.17044e-18
0.005 7.60905e-07 -0.184931 -2.64203e-09
0.01 3.80875e-06 -0.184931 -1.32248e-08
0.015 9.90458e-06 -0.184931 -3.43909e-08
0.02 1.90317e-05 -0.184932 -6.60822e-08
0.025 3.11604e-05 -0.184932 -1.08196e-07
0.03 4.62555e-05 -0.184932 -1.60609e-07
0.035 6.42797e-05 -0.184932 -2.23193e-07
0.04 8.51912e-05 -0.184932 -2.95803e-07
0.045 0.00010893 -0.184932 -3.78231e-07
0.05 0.000135411 -0.184932 -4.70177e-07
0.055 0.000164524 -0.184932 -5.71263e-07
0.06 0.000196144 -0.184932 -6.81055e-07
0.065 0.000230151 -0.184932 -7.99134e-07
0.07 0.000266439 -0.184932 -9.25134e-07
0.075 0.000304898 -0.184932 -1.05867e-06
0.08 0.000345393 -0.184932 -1.19928e-06
0.085 0.000387763 -0.184932 -1.3464e-06
0.09 0.00043184 -0.184933 -1.49944e-06
0.095 0.00047747 -0.184933 -1.65788e-06
0.1 0.000524495 -0.184933 -1.82116e-06
0.105 0.000572738 -0.184933 -1.98867e-06
0.11 0.000621971 -0.184933 -2.15962e-06
0.115 0.000671932 -0.184933 -2.33309e-06
0.12 0.000722351 -0.184933 -2.50816e-06
0.125 0.000772935 -0.184933 -2.6838e-06
0.13 0.000823303 -0.184934 -2.85869e-06
0.135 0.000873045 -0.184934 -3.0314e-06
0.14 0.000921863 -0.184934 -3.2009e-06
0.145 0.000969624 -0.184934 -3.36674e-06
0.15 0.00101629 -0.184934 -3.52878e-06
0.155 0.00106183 -0.184934 -3.6869e-06
0.16 0.0011061 -0.184934 -3.84061e-06
0.165 0.00114884 -0.184934 -3.98903e-06
0.17 0.00118978 -0.184934 -4.13117e-06
0.175 0.00122867 -0.184935 -4.2662e-06
0.18 0.00126537 -0.184935 -4.39362e-06
0.185 0.00129988 -0.184935 -4.51347e-06
0.19 0.00133228 -0.184935 -4.62596e-06
0.195 0.00136262 -0.184935 -4.73131e-06
0.2 0.00139103 -0.184935 -4.82996e-06
0.205 0.00141748 -0.184935 -4.92179e-06
0.21 0.00144149 -0.184935 -5.00515e-06
0.215 0.00146228 -0.184935 -5.07733e-06
0.22 0.00147917 -0.184935 -5.13599e-06
0.225 0.00149184 -0.184935 -5.17998e-06
0.23 0.00150027 -0.184935 -5.20924e-06
0.235 0.00150478 -0.184935 -5.22491e-06
0.24 0.00150609 -0.184935 -5.22945e-06
0.245 0.00150494 -0.184935 -5.22546e-06
0.25 0.0015015 -0.184935 -5.2135e-06
0.255 0.00149498 -0.184935 -5.19087e-06
0.26 0.00148383 -0.184935 -5.15215e-06
0.265 0.00146593 -0.184935 -5.09002e-06
0.27 0.0014389 -0.184935 -4.99614e-06
0.275 0.00140032 -0.184935 -4.86219e-06
0.28 0.00134799 -0.184935 -4.68049e-06
0.285 0.00127987 -0.184935 -4.44396e-06
0.29 0.00119389 -0.184935 -4.14542e-06
0.295 0.00108779 -0.184935 -3.77703e-06
0.3 0.000959184 -0.184935 -3.33048e-06
0.305 0.000806143 -0.184935 -2.79908e-06
0.31 0.000627951 -0.184935 -2.18036e-06
0.315 0.000425166 -0.184935 -1.47625e-06
0.32 0.000199239 -0.184935 -6.91776e-07
0.325 -4.77752e-05 -0.184935 1.65867e-07
0.33 -0.000313393 -0.184936 1.08811e-06
0.335 -0.000595078 -0.184937 2.0662e-06
0.34 -0.000890881 -0.184937 3.0933e-06
0.345 -0.00119992 -0.184938 4.16637e-06
0.35 -0.00152227 -0.184939 5.28562e-06
0.355 -0.00185838 -0.18494 6.4527e-06
0.36 -0.00220878 -0.184941 7.66936e-06
0.365 -0.00257413 -0.184942 8.93791e-06
0.37 -0.00295574 -0.184943 1.02629e-05
0.375 -0.00335646 -0.184944 1.16543e-05
0.38 -0.0037816 -0.184945 1.31305e-05
0.385 -0.00423965 -0.184946 1.47209e-05
0.39 -0.00474146 -0.184947 1.64633e-05
0.395 -0.00529555 -0.184949 1.83872e-05
0.4 -0.00590225 -0.18495 2.04937e-05
0.405 -0.00655375 -0.184952 2.27558e-05
0.41 -0.00723896 -0.184953 2.5135e-05
0.415 -0.00794709 -0.184955 2.75937e-05
0.42 -0.00866934 -0.184957 3.01014e-05
0.425 -0.00939969 -0.184959 3.26372e-05
0.43 -0.0101353 -0.18496 3.51915e-05
0.435 -0.0108764 -0.184962 3.77647e-05
0.44 -0.0116248 -0.184964 4.03632e-05
0.445 -0.0123822 -0.184966 4.29927e-05
0.45 -0.0131492 -0.184968 4.5656e-05
0.455 -0.0139264 -0.18497 4.83541e-05
0.46 -0.0147135 -0.184972 5.10873e-05
0.465 -0.0155102 -0.184974 5.38533e-05
0.47 -0.016314 -0.184976 5.6644e-05
0.475 -0.0171206 -0.184978 5.94448e-05
0.48 -0.0179252 -0.18498 6.22382e-05
0.485 -0.018723 -0.184982 6.50082e-05
0.49 -0.0195097 -0.184983 6.77396e-05
0.495 -0.0202815 -0.184985 7.04191e-05
0.5 -0.0210357 -0.184987 7.30378e-05
0.505 -0.0217708 -0.184989 7.55899e-05
0.51 -0.0224851 -0.184991 7.80698e-05
0.515 -0.0231765 -0.184992 8.04705e-05
0.52 -0.023843 -0.184994 8.27844e-05
0.525 -0.0244832 -0.184996 8.5007e-05
0.53 -0.0250971 -0.184997 8.71386e-05
0.535 -0.0256876 -0.184999 8.91885e-05
0.54 -0.0262612 -0.185 9.118e-05
0.545 -0.0268303 -0.185001 9.3156e-05
0.55 -0.0274118 -0.185003 9.51748e-05
0.555 -0.0280185 -0.185004 9.72812e-05
0.56 -0.0286498 -0.185006 9.94731e-05
0.565 -0.0292918 -0.185008 0.000101702
0.57 -0.0299246 -0.185009 0.000103899
0.575 -0.0305283 -0.185011 0.000105995
0.58 -0.031085 -0.185012 0.000107927
0.585 -0.0315799 -0.185013 0.000109646
0.59 -0.0320031 -0.185014 0.000111115
0.595 -0.0323528 -0.185015 0.000112329
0.6 -0.0326359 -0.185016 0.000113312
0.605 -0.0328654 -0.185016 0.000114109
0.61 -0.0330582 -0.185017 0.000114778
0.615 -0.0332327 -0.185017 0.000115384
0.62 -0.0334099 -0.185018 0.000115999
0.625 -0.0336145 -0.185018 0.000116709
0.63 -0.0338765 -0.185019 0.000117619
0.635 -0.034231 -0.18502 0.00011885
0.64 -0.0347149 -0.185021 0.00012053
0.645 -0.0353601 -0.185023 0.00012277
0.65 -0.0361814 -0.185025 0.000125621
0.655 -0.0371668 -0.185027 0.000129042
0.66 -0.0382786 -0.18503 0.000132902
0.665 -0.0394621 -0.185033 0.000137011
0.67 -0.040658 -0.185036 0.000141163
0.675 -0.0418144 -0.185039 0.000145177
0.68 -0.0429 -0.185041 0.000148946
0.685 -0.0439128 -0.185044 0.000152462
0.69 -0.0448767 -0.185046 0.000155808
0.695 -0.0458294 -0.185048 0.000159116
0.7 -0.046813 -0.185051 0.000162531
0.705 -0.0478684 -0.185054 0.000166194
0.71 -0.0490308 -0.185056 0.00017023
0.715 -0.0503315 -0.18506 0.000174745
0.72 -0.0517986 -0.185063 0.000179838
0.725 -0.0534529 -0.185067 0.000185581
0.73 -0.0553032 -0.185072 0.000192004
0.735 -0.0573449 -0.185077 0.000199092
0.74 -0.059564 -0.185083 0.000206795
0.745 -0.0619382 -0.185089 0.000215038
0.75 -0.0644348 -0.185095 0.000223704
0.755 -0.0670089 -0.185101 0.00023264
0.76 -0.0696077 -0.185108 0.000241661
0.765 -0.0721823 -0.185114 0.000250598
0.77 -0.0747056 -0.18512 0.000259357
0.775 -0.0771846 -0.185127 0.000267962
0.78 -0.0796508 -0.185133 0.000276523
0.785 -0.0821421 -0.185139 0.00028517
0.79 -0.0846924 -0.185145 0.000294023
0.795 -0.0873292 -0.185152 0.000303175
0.8 -0.0900766 -0.185159 0.000312711
0.805 -0.0929573 -0.185166 0.00032271
0.81 -0.0959883 -0.185174 0.000333231
0.815 -0.0991713 -0.185182 0.000344279
0.82 -0.102489 -0.18519 0.000355794
0.825 -0.105913 -0.185199 0.000367678
0.83 -0.10941 -0.185208 0.000379814
0.835 -0.112945 -0.185217 0.000392084
0.84 -0.1165 -0.185226 0.000404422
0.845 -0.120087 -0.185235 0.000416873
0.85 -0.123746 -0.185244 0.000429571
0.855 -0.127524 -0.185254 0.000442684
0.86 -0.13147 -0.185264 0.000456376
0.865 -0.135611 -0.185274 0.000470748
0.87 -0.139944 -0.185285 0.000485783
0.875 -0.144439 -0.185297 0.000501385
0.88 -0.149066 -0.185309 0.000517442
0.885 -0.153797 -0.185321 0.000533856
0.89 -0.158611 -0.185333 0.000550564
0.895 -0.163513 -0.185346 0.000567572
0.9 -0.168527 -0.185358 0.00058497
0.905 -0.173691 -0.185372 0.000602889
0.91 -0.179041 -0.185386 0.000621452
0.915 -0.184608 -0.1854 0.000640764
0.92 -0.190414 -0.185415 0.000660909
0.925 -0.196485 -0.185431 0.000681967
0.93 -0.202847 -0.185447 0.000704032
0.935 -0.209537 -0.185465 0.000727233
0.94 -0.216608 -0.185484 0.000751746
0.945 -0.224121 -0.185503 0.000777789
0.95 -0.232139 -0.185525 0.000805578
0.955 -0.2407 -0.185548 0.000835237
0.96 -0.249787 -0.185572 0.000866708
0.965 -0.259337 -0.185599 0.000899775
0.97 -0.269271 -0.185626 0.000934154
0.975 -0.27951 -0.185655 0.000969577
0.98 -0.28999 -0.185684 0.00100583
0.985 -0.300676 -0.185715 0.00104277
0.99 -0.311576 -0.185746 0.00108046
0.995 -0.32274 -0.185779 0.00111905
1 -0.334231 -0.185812 0.00115877
1.005 -0.346103 -0.185847 0.00119979
1.01 -0.358383 -0.185883 0.00124222
1.015 -0.371065 -0.185921 0.00128604
1.02 -0.384125 -0.18596 0.00133116
1.025 -0.397534 -0.186 0.00137749
1.03 -0.411268 -0.186042 0.00142495
1.035 -0.425308 -0.186085 0.00147348
1.04 -0.439636 -0.18613 0.001523
1.045 -0.454229 -0.186175 0.00157345
1.05 -0.469061 -0.186222 0.00162473
1.055 -0.484106 -0.18627 0.00167674
1.06 -0.499352 -0.186319 0.00172945
1.065 -0.514813 -0.186368 0.0017829
1.07 -0.530534 -0.186419 0.00183726
1.075 -0.54658 -0.186472 0.00189273
1.08 -0.563014 -0.186526 0.00194954
1.085 -0.579856 -0.186581 0.00200777
1.09 -0.597062 -0.186639 0.00206725
1.095 -0.614531 -0.186698 0.00212763
1.1 -0.632137 -0.186757 0.00218848
1.105 -0.64975 -0.186817 0.00224936
1.11 -0.667256 -0.186877 0.00230985
1.115 -0.68456 -0.186937 0.00236965
1.12 -0.701598 -0.186995 0.00242852
1.125 -0.718342 -0.187054 0.00248637
1.13 -0.734797 -0.187111 0.00254321
1.135 -0.750991 -0.187167 0.00259915
1.14 -0.766967 -0.187223 0.00265434
1.145 -0.782782 -0.187279 0.00270896
1.15 -0.798497 -0.187335 0.00276324
1.155 -0.814174 -0.18739 0.00281737
1.16 -0.829861 -0.187446 0.00287154
1.165 -0.845599 -0.187502 0.00292588
1.17 -0.861421 -0.187559 0.00298051
1.175 -0.877365 -0.187616 0.00303556
1.18 -0.893469 -0.187675 0.00309115
1.185 -0.909771 -0.187734 0.00314742
1.19 -0.926311 -0.187794 0.00320452
1.195 -0.943132 -0.187856 0.00326258
1.2 -0.960281 -0.187919 0.00332176
1.205 -0.97779 -0.187983 0.00338219
1.21 -0.995662 -0.18805 0.00344386
1.215 -1.01385 -0.188117 0.00350663
1.22 -1.03228 -0.188186 0.00357021
1.225 -1.05084 -0.188256 0.00363427
1.23 -1.06945 -0.188327 0.00369846
1.235 -1.088 -0.188397 0.00376245
1.24 -1.10642 -0.188467 0.00382599
1.245 -1.12468 -0.188537 0.00388897
1.25 -1.1428 -0.188607 0.0039515
1.255 -1.16086 -0.188677 0.00401378
1.26 -1.17888 -0.188747 0.00407594
1.265 -1.19684 -0.188817 0.00413789
1.27 -1.21467 -0.188887 0.00419935
1.275 -1.23225 -0.188956 0.00426001
1.28 -1.24954 -0.189024 0.00431964
1.285 -1.26655 -0.189092 0.0043783
1.29 -1.28336 -0.189159 0.00443626
1.295 -1.30008 -0.189226 0.0044939
1.3 -1.31681 -0.189293 0.00455159
1.305 -1.33361 -0.189361 0.00460955
1.31 -1.35049 -0.189429 0.00466773
1.315 -1.36736 -0.189497 0.00472589
1.32 -1.38412 -0.189566 0.00478369
1.325 -1.40069 -0.189633 0.00484081
1.33 -1.417 -0.1897 0.00489703
1.335 -1.43302 -0.189766 0.00495226
1.34 -1.4488 -0.189832 0.00500666
1.345 -1.46443 -0.189896 0.00506051
1.35 -1.47999 -0.189961 0.00511414
1.355 -1.49557 -0.190026 0.00516784
1.36 -1.51123 -0.190092 0.0052218
1.365 -1.52699 -0.190155 0.0052759
1.37 -1.5428 -0.190218 0.00533004
1.375 -1.55864 -0.190281 0.00538427
1.38 -1.57452 -0.190344 0.00543862
1.385 -1.59048 -0.190408 0.00549325
1.39 -1.60656 -0.190473 0.00554832
1.395 -1.62276 -0.190538 0.0056038
1.4 -1.63905 -0.190602 0.00565939
1.405 -1.65537 -0.190664 0.00571492
1.41 -1.67167 -0.190726 0.00577039
1.415 -1.68793 -0.190789 0.00582575
1.42 -1.7042 -0.190852 0.0058811
1.425 -1.72053 -0.190915 0.00593669
1.43 -1.73703 -0.190979 0.00599282
1.435 -1.75379 -0.191045 0.00604987
1.44 -1.77094 -0.191112 0.00610819
1.445 -1.78859 -0.191176 0.00616785
1.45 -1.80684 -0.191237 0.00622921
1.455 -1.82571 -0.191302 0.00629269
1.46 -1.84517 -0.191369 0.00635815
1.465 -1.86514 -0.191429 0.00642498
1.47 -1.88553 -0.191482 0.00649286
1.475 -1.90625 -0.191537 0.00656187
1.48 -1.92724 -0.191593 0.00663177
1.485 -1.94844 -0.19165 0.00670238
1.49 -1.96981 -0.191708 0.00677355
1.495 -1.99135 -0.191761 0.00684491
1.5 -2.01306 -0.19181 0.0069165
1.505 -2.03496 -0.19185 0.00698839
1.51 -2.05704 -0.191882 0.00706056
1.515 -2.0793 -0.191916 0.00713336
1.52 -2.10179 -0.19195 0.0072069
1.525 -2.12457 -0.191986 0.00728139
1.53 -2.14772 -0.192024 0.00735713
1.535 -2.17134 -0.192063 0.00743439
1.54 -2.19549 -0.192103 0.0075134
1.545 -2.22023 -0.192143 0.00759423
1.55 -2.24554 -0.192159 0.00767598
1.555 -2.27134 -0.192153 0.0077585
1.56 -2.29751 -0.192149 0.00784227
1.565 -2.32395 -0.192147 0.0079269
1.57 -2.35055 -0.192146 0.00801209
1.575 -2.37727 -0.192147 0.00809764
1.58 -2.4041 -0.192148 0.00818356
1.585 -2.43108 -0.192151 0.00826998
1.59 -2.45827 -0.192155 0.00835705
1.595 -2.48571 -0.192159 0.00844493
1.6 -2.51344 -0.192165 0.00853375
1.605 -2.54151 -0.192169 0.00862354
1.61 -2.56993 -0.192151 0.00871386
1.615 -2.59871 -0.192111 0.00880462
1.62 -2.62784 -0.19207 0.00889631
1.625 -2.65729 -0.19203 0.00898901
1.63 -2.68701 -0.191991 0.00908262
1.635 -2.71699 -0.191954 0.00917703
1.64 -2.74723 -0.191918 0.00927225
1.645 -2.77775 -0.191883 0.00936834
1.65 -2.80857 -0.191848 0.0094654
1.655 -2.83974 -0.191814 0.00956351
1.66 -2.87127 -0.191781 0.00966272
1.665 -2.90315 -0.191748 0.00976301
1.67 -2.93535 -0.191712 0.00986422
1.675 -2.96784 -0.191652 0.00996562
1.68 -3.00055 -0.19157 0.0100671
1.685 -3.0334 -0.19149 0.010169
1.69 -3.06627 -0.191408 0.0102708
1.695 -3.09903 -0.191324 0.010372
1.7 -3.13151 -0.191237 0.010472
1.705 -3.16361 -0.191147 0.0105706
1.71 -3.19522 -0.19106 0.0106678
1.715 -3.22633 -0.190976 0.0107633
1.72 -3.25691 -0.190884 0.0108567
1.725 -3.28697 -0.190784 0.0109481
1.73 -3.31653 -0.190688 0.011038
1.735 -3.34561 -0.190594 0.0111263
1.74 -3.37423 -0.190502 0.0112133
1.745 -3.40245 -0.190412 0.011299
1.75 -3.43032 -0.190324 0.0113836
1.755 -3.45793 -0.190224 0.0114669
1.76 -3.48538 -0.190105 0.0115491
1.765 -3.51286 -0.189977 0.0116312
1.77 -3.54053 -0.189845 0.0117136
1.775 -3.56859 -0.189707 0.011797
1.78 -3.59716 -0.189568 0.0118819
1.785 -3.62636 -0.189426 0.0119685
1.79 -3.65626 -0.189267 0.0120566
1.795 -3.68693 -0.189091 0.0121463
1.8 -3.71845 -0.188911 0.0122385
1.805 -3.7509 -0.188727 0.0123334
1.81 -3.78434 -0.188539 0.0124312
1.815 -3.81876 -0.188344 0.0125317
1.82 -3.85407 -0.188126 0.012634
1.825 -3.89012 -0.187889 0.0127376
1.83 -3.92666 -0.18765 0.0128427
1.835 -3.96348 -0.187407 0.0129489
1.84 -4.00036 -0.187152 0.0130553
1.845 -4.03713 -0.186874 0.0131602
1.85 -4.07368 -0.186581 0.0132636
1.855 -4.10996 -0.186292 0.0133662
1.86 -4.14598 -0.186008 0.013468
1.865 -4.18177 -0.185723 0.013569
1.87 -4.21735 -0.185417 0.0136687
1.875 -4.25273 -0.185092 0.0137672
1.88 -4.28793 -0.18477 0.013865
1.885 -4.32296 -0.18445 0.0139623
1.89 -4.35781 -0.184131 0.0140589
1.895 -4.39251 -0.183801 0.0141545
1.9 -4.4271 -0.183456 0.0142491
1.905 -4.46159 -0.183108 0.0143435
1.91 -4.49605 -0.182762 0.0144377
1.915 -4.53048 -0.182416 0.0145317
1.92 -4.56488 -0.182071 0.0146255
1.925 -4.59919 -0.181716 0.0147189
1.93 -4.63331 -0.181356 0.0148117
1.935 -4.66716 -0.180999 0.0149036
1.94 -4.70066 -0.180647 0.0149945
1.945 -4.73376 -0.1803 0.0150842
1.95 -4.76649 -0.179957 0.0151728
1.955 -4.79889 -0.179618 0.0152607
1.96 -4.83101 -0.17928 0.0153479
1.965 -4.8629 -0.178945 0.0154344
1.97 -4.89455 -0.178614 0.0155201
1.975 -4.9259 -0.178285 0.0156049
1.98 -4.95691 -0.177958 0.0156886
1.985 -4.98759 -0.177633 0.0157712
1.99 -5.01798 -0.177301 0.0158529
1.995 -5.04818 -0.176961 0.0159342
2 -5.07826 -0.176623 0.016015
2.005 -5.10826 -0.176287 0.0160955
2.01 -5.13816 -0.175953 0.0161755
2.015 -5.1679 -0.175621 0.0162551
2.02 -5.19742 -0.175292 0.0163339
2.025 -5.22664 -0.174966 0.0164118
2.03 -5.25556 -0.17464 0.0164886
2.035 -5.28418 -0.174312 0.0165642
2.04 -5.3126 -0.173986 0.016639
2.045 -5.34091 -0.173661 0.0167135
2.05 -5.36924 -0.173336 0.0167878
2.055 -5.3977 -0.17301 0.0168624
2.06 -5.42638 -0.172682 0.0169373
2.065 -5.45531 -0.172351 0.0170128
2.07 -5.48439 -0.172019 0.0170884
2.075 -5.51345 -0.171687 0.0171639
2.08 -5.54226 -0.171359 0.0172384
2.085 -5.57057 -0.171036 0.0173115
2.09 -5.59819 -0.170722 0.0173826
2.095 -5.625 -0.170417 0.0174514
2.1 -5.65098 -0.170122 0.0175178
2.105 -5.67618 -0.169834 0.0175819
2.11 -5.70068 -0.169548 0.0176426
2.115 -5.72453 -0.169262 0.0177004
2.12 -5.74782 -0.168984 0.0177567
2.125 -5.77065 -0.168711 0.0178117
2.13 -5.79311 -0.168444 0.0178651
2.135 -5.81534 -0.168182 0.0179171
2.14 -5.83741 -0.167922 0.0179686
2.145 -5.8594 -0.167664 0.0180198
2.15 -5.88135 -0.167407 0.0180707
2.155 -5.90334 -0.167149 0.0181216
2.16 -5.92545 -0.166897 0.0181716
2.165 -5.9478 -0.16665 0.0182211
2.17 -5.97049 -0.1664 0.0182713
2.175 -5.9936 -0.166146 0.0183224
2.18 -6.01724 -0.165887 0.0183746
2.185 -6.04149 -0.165623 0.018428
2.19 -6.06641 -0.165352 0.0184828
2.195 -6.09195 -0.165075 0.0185389
2.2 -6.11791 -0.164796 0.0185958
2.205 -6.14398 -0.164517 0.0186528
2.21 -6.1698 -0.164243 0.018709
2.215 -6.19501 -0.163976 0.0187638
2.22 -6.21933 -0.163722 0.0188165
2.225 -6.24254 -0.163486 0.0188661
2.23 -6.26449 -0.163269 0.0189123
2.235 -6.2851 -0.163061 0.0189556
2.24 -6.30439 -0.162861 0.018996
2.245 -6.32242 -0.162675 0.0190337
2.25 -6.33925 -0.162502 0.019069
2.255 -6.35491 -0.162341 0.0191017
2.26 -6.36942 -0.162193 0.019132
2.265 -6.38275 -0.162057 0.0191599
2.27 -6.39491 -0.161933 0.0191853
2.275 -6.40595 -0.161821 0.0192084
2.28 -6.41599 -0.161719 0.0192293
2.285 -6.42518 -0.161626 0.0192485
2.29 -6.43365 -0.161541 0.0192661
2.295 -6.44152 -0.161461 0.0192826
2.3 -6.44885 -0.161388 0.0192978
2.305 -6.45569 -0.161319 0.0193121
2.31 -6.4621 -0.161254 0.0193255
2.315 -6.46815 -0.161194 0.0193381
2.32 -6.47396 -0.161135 0.0193502
2.325 -6.47964 -0.161078 0.019362
2.33 -6.48526 -0.161021 0.0193737
2.335 -6.49079 -0.160964 0.0193852
2.34 -6.49612 -0.16091 0.0193962
2.345 -6.50107 -0.160859 0.0194065
2.35 -6.50544 -0.160815 0.0194156
2.355 -6.50901 -0.160778 0.019423
2.36 -6.51157 -0.160752 0.0194283
2.365 -6.51291 -0.160738 0.0194311
2.37 -6.5128 -0.16074 0.0194309
2.375 -6.51105 -0.160763 0.0194261
2.38 -6.50749 -0.160814 0.0194159
2.385 -6.50204 -0.160892 0.0194002
2.39 -6.49469 -0.160997 0.0193791
2.395 -6.48555 -0.161127 0.0193529
2.4 -6.47478 -0.161281 0.019322
2.405 -6.46261 -0.161455 0.0192871
2.41 -6.44926 -0.161644 0.0192489
2.415 -6.43497 -0.161846 0.0192079
2.42 -6.41994 -0.162058 0.0191648
2.425 -6.40434 -0.162279 0.0191201
2.43 -6.38831 -0.162506 0.0190741
2.435 -6.37186 -0.162739 0.019027
2.44 -6.35495 -0.162979 0.0189786
2.445 -6.3375 -0.163227 0.0189287
2.45 -6.3194 -0.163485 0.0188769
2.455 -6.30054 -0.163753 0.018823
2.46 -6.28087 -0.164034 0.0187668
2.465 -6.26036 -0.164316 0.0187082
2.47 -6.23898 -0.164603 0.0186471
2.475 -6.21667 -0.164902 0.0185834
2.48 -6.19339 -0.165211 0.0185168
2.485 -6.16913 -0.165529 0.0184474
2.49 -6.14396 -0.165858 0.0183757
2.495 -6.118 -0.166197 0.0183021
2.5 -6.0914 -0.166546 0.0182267
2.505 -6.06433 -0.166902 0.01815
2.51 -6.03695 -0.167264 0.0180726
2.515 -6.0094 -0.167631 0.0179947
2.52 -5.98179 -0.168001 0.0179168
2.525 -5.95418 -0.168372 0.0178389
2.53 -5.92663 -0.168737 0.0177613
2.535 -5.89922 -0.169095 0.0176842
2.54 -5.87207 -0.169452 0.0176078
2.545 -5.84533 -0.169804 0.0175327
2.55 -5.81916 -0.17015 0.0174592
2.555 -5.79367 -0.170484 0.0173878
2.56 -5.76896 -0.170805 0.0173186
2.565 -5.74504 -0.171117 0.0172516
2.57 -5.72191 -0.17142 0.017187
2.575 -5.69952 -0.171714 0.0171244
2.58 -5.67783 -0.172 0.0170638
2.585 -5.65681 -0.172278 0.0170052
2.59 -5.63649 -0.172547 0.0169485
2.595 -5.61694 -0.172806 0.016894
2.6 -5.59825 -0.173051 0.016842
2.605 -5.58052 -0.173282 0.0167927
2.61 -5.56381 -0.1735 0.0167463
2.615 -5.54814 -0.173705 0.0167027
2.62 -5.53343 -0.173898 0.0166619
2.625 -5.51959 -0.17408 0.0166234
2.63 -5.50648 -0.174252 0.0165871
2.635 -5.49398 -0.174413 0.0165523
2.64 -5.48201 -0.174565 0.0165189
2.645 -5.47048 -0.17471 0.0164868
2.65 -5.45934 -0.17485 0.016456
2.655 -5.44857 -0.174986 0.0164262
2.66 -5.4382 -0.175117 0.0163975
2.665 -5.42828 -0.175242 0.01637
2.67 -5.41887 -0.175361 0.016344
2.675 -5.41004 -0.175473 0.0163195
2.68 -5.40192 -0.175576 0.0162971
2.685 -5.39464 -0.175669 0.016277
2.69 -5.38837 -0.175749 0.0162596
2.695 -5.38324 -0.175814 0.0162454
2.7 -5.37934 -0.175863 0.0162347
2.705 -5.37669 -0.175897 0.0162273
2.71 -5.37524 -0.175916 0.0162233
2.715 -5.37482 -0.175921 0.0162222
2.72 -5.37521 -0.175916 0.0162233
2.725 -5.37618 -0.175905 0.016226
2.73 -5.37746 -0.175891 0.0162297
2.735 -5.37881 -0.175876 0.0162335
2.74 -5.37999 -0.175863 0.0162369
2.745 -5.38085 -0.175853 0.0162394
2.75 -5.38128 -0.175849 0.0162406
2.755 -5.38125 -0.175849 0.0162405
2.76 -5.38078 -0.175854 0.0162392
2.765 -5.37993 -0.175864 0.0162368
2.77 -5.37873 -0.175877 0.0162334
2.775 -5.37717 -0.175895 0.0162289
2.78 -5.37516 -0.175917 0.0162232
2.785 -5.37264 -0.175945 0.0162159
2.79 -5.36952 -0.17598 0.016207
2.795 -5.36575 -0.176023 0.0161963
2.8 -5.36135 -0.176073 0.0161837
2.805 -5.35632 -0.176131 0.0161693
2.81 -5.35072 -0.176194 0.0161533
2.815 -5.34462 -0.176264 0.0161359
2.82 -5.33807 -0.176339 0.0161172
2.825 -5.33102 -0.17642 0.0160972
2.83 -5.32339 -0.176508 0.0160754
2.835 -5.31499 -0.176605 0.0160515
2.84 -5.30555 -0.176714 0.0160247
2.845 -5.29481 -0.176839 0.0159942
2.85 -5.28253 -0.176983 0.0159594
2.855 -5.2685 -0.177148 0.0159197
2.86 -5.25255 -0.177337 0.0158746
2.865 -5.23446 -0.177553 0.0158237
2.87 -5.21402 -0.177799 0.0157662
2.875 -5.19101 -0.17808 0.0157017
2.88 -5.16518 -0.178397 0.0156294
2.885 -5.13632 -0.178756 0.0155489
2.89 -5.10423 -0.179161 0.0154598
2.895 -5.06873 -0.179617 0.0153614
2.9 -5.02961 -0.180123 0.0152534
2.905 -4.98669 -0.180681 0.015135
2.91 -4.9398 -0.181284 0.0150056
2.915 -4.88881 -0.181932 0.0148648
2.92 -4.8337 -0.182637 0.0147128
2.925 -4.77448 -0.183398 0.0145498
2.93 -4.71117 -0.184214 0.0143757
2.935 -4.64374 -0.185076 0.0141906
2.94 -4.57216 -0.185986 0.0139942
2.945 -4.49638 -0.186954 0.0137864
2.95 -4.41642 -0.187979 0.0135674
2.955 -4.33234 -0.189061 0.0133372
2.96 -4.24415 -0.190204 0.0130962
2.965 -4.15179 -0.191407 0.0128438
2.97 -4.0551 -0.192668 0.0125796
2.975 -3.95382 -0.193955 0.0123015
2.98 -3.84766 -0.195271 0.0120085
2.985 -3.73635 -0.196599 0.0116993
2.99 -3.61971 -0.197914 0.0113729
2.995 -3.49762 -0.199159 0.0110264
3 -3.36998 -0.200348 0.0106591
3.005 -3.23668 -0.201504 0.0102713
3.01 -3.09762 -0.202544 0.00985877
3.015 -2.95265 -0.203395 0.00941886
3.02 -2.80164 -0.204135 0.0089547
3.025 -2.64443 -0.204765 0.00846585
3.03 -2.48088 -0.20521 0.00794781
3.035 -2.31088 -0.205526 0.0074022
3.04 -2.13434 -0.205727 0.00683086
3.045 -1.9512 -0.205866 0.00623481
3.05 -1.76145 -0.205994 0.00561542
3.055 -1.56516 -0.206096 0.0049714
3.06 -1.36243 -0.206125 0.00429877
3.065 -1.15345 -0.206073 0.00359677
3.07 -0.938367 -0.205963 0.00286901
3.075 -0.717345 -0.205867 0.00211769
3.08 -0.490504 -0.205827 0.00134558
3.085 -0.257914 -0.205919 0.000556477
3.09 -0.0196175 -0.206186 -0.00024938
3.095 0.22432 -0.206552 -0.00107083
3.1 0.473798 -0.206945 -0.00190453
3.105 0.728714 -0.207361 -0.0027512
3.11 0.989017 -0.207775 -0.00361103
3.115 1.25474 -0.208069 -0.00447974
3.12 1.52599 -0.20801 -0.00535181
3.125 1.80298 -0.207661 -0.00622949
3.13 2.08596 -0.207137 -0.00711807
3.135 2.37522 -0.206323 -0.00801699
3.14 2.67103 -0.20532 -0.00892716
3.145 2.97363 -0.204012 -0.00984302
3.15 3.28322 -0.202299 -0.0107608
3.155 3.59994 -0.200116 -0.0116792
3.16 3.92384 -0.197308 -0.012594
3.165 4.25489 -0.193905 -0.0135041
3.17 4.59293 -0.190086 -0.0144191
3.175 4.93779 -0.18599 -0.0153455
3.18 5.2893 -0.181653 -0.0162768
3.185 5.64733 -0.17713 -0.0172019
3.19 6.01187 -0.17258 -0.0180683
3.195 6.383 -0.168515 -0.0188429
3.2 6.76089 -0.164982 -0.0195792
3.205 7.14573 -0.161662 -0.0203182
3.21 7.53769 -0.158575 -0.0210684
3.215 7.93685 -0.155691 -0.0218358
3.22 8.34321 -0.152644 -0.0226449
3.225 8.75666 -0.149442 -0.0234951
3.23 9.17701 -0.146216 -0.0243703
3.235 9.60405 -0.143083 -0.0252732
3.24 10.0376 -0.139851 -0.0262213
3.245 10.4775 -0.136105 -0.0272283
3.25 10.9237 -0.132018 -0.0282682
3.255 11.3765 -0.127867 -0.0293238
3.26 11.836 -0.123976 -0.030391
3.265 12.3025 -0.120494 -0.0314701
3.27 12.7761 -0.117269 -0.0325631
3.275 13.2571 -0.114129 -0.0336719
3.28 13.7455 -0.110866 -0.0347991
3.285 14.2413 -0.107536 -0.0359444
3.29 14.7445 -0.104434 -0.0371053
3.295 15.2551 -0.101711 -0.0382814
3.3 15.773 -0.0998374 -0.039471
3.305 16.2982 -0.0991393 -0.0406735
3.31 16.8307 -0.10718 -0.0418701
3.315 17.3704 -0.115237 -0.0430797
3.32 17.9174 -0.117159 -0.0443162
3.325 18.4714 -0.128296 -0.0455463
3.33 19.0324 -0.149874 -0.0467518
3.335 19.5992 1.42226 -0.0539417
