0.1 -5.84341e-32 200 8.34888e-14
0.2 4.09039e-31 400 -1.42109e-13
0.3 -4.67473e-31 600 -3.55271e-13
0.4 2.10363e-30 800 -2.4869e-13
0.5 -9.34946e-31 1000 -5.54223e-13
0.6 2.33737e-31 1200 4.12115e-13
0.7 -1.28555e-30 1400 2.84217e-13
0.8 -2.33737e-30 1600 -1.01608e-12
0.9 1.16868e-30 1800 3.05533e-13
1 1.05181e-30 2000 -2.84217e-14
0.005 -1.21612e-05 2000 0.0052653
0.01 -6.0836e-05 2000 0.0263032
0.015 -0.000158171 2000 0.0683478
0.02 -0.000303911 2000 0.131304
0.025 -0.000497581 2000 0.214967
0.03 -0.000738618 2000 0.319093
0.035 -0.00102643 2000 0.443425
0.04 -0.00136034 2000 0.587674
0.045 -0.00173941 2000 0.75143
0.05 -0.00216225 2000 0.934096
0.055 -0.00262712 2000 1.13492
0.06 -0.00313203 2000 1.35304
0.065 -0.00367505 2000 1.58762
0.07 -0.00425448 2000 1.83794
0.075 -0.0048686 2000 2.10323
0.08 -0.00551521 2000 2.38257
0.085 -0.00619176 2000 2.67484
0.09 -0.00689558 2000 2.97889
0.095 -0.00762418 2000 3.29365
0.1 -0.00837506 2000 3.61803
0.105 -0.00914538 2000 3.9508
0.11 -0.00993152 2000 4.29042
0.115 -0.0107293 2000 4.63504
0.12 -0.0115343 2000 4.98283
0.125 -0.012342 2000 5.33176
0.13 -0.0131463 2000 5.67919
0.135 -0.0139405 2000 6.0223
0.14 -0.01472 2000 6.35905
0.145 -0.0154826 2000 6.6885
0.15 -0.0162278 2000 7.01041
0.155 -0.0169549 2000 7.32453
0.16 -0.0176618 2000 7.62988
0.165 -0.0183443 2000 7.92472
0.17 -0.0189979 2000 8.2071
0.175 -0.0196189 2000 8.47535
0.18 -0.0202048 2000 8.72848
0.185 -0.0207559 2000 8.96656
0.19 -0.0212732 2000 9.19003
0.195 -0.0217577 2000 9.39932
0.2 -0.0222113 2000 9.59529
0.205 -0.0226336 2000 9.77772
0.21 -0.0230169 2000 9.94332
0.215 -0.0233488 2000 10.0867
0.22 -0.0236186 2000 10.2032
0.225 -0.0238209 2000 10.2906
0.23 -0.0239554 2000 10.3487
0.235 -0.0240275 2000 10.3799
0.24 -0.0240484 2000 10.3889
0.245 -0.0240283 2000 10.3802
0.25 -0.0239684 2000 10.3543
0.255 -0.0238548 2000 10.3053
0.26 -0.0236605 2000 10.2213
0.265 -0.0233488 2000 10.0867
0.27 -0.0228778 2000 9.88322
0.275 -0.0222058 2000 9.59289
0.28 -0.0212942 2000 9.19909
0.285 -0.0201074 2000 8.68642
0.29 -0.0186096 2000 8.03936
0.295 -0.0167614 2000 7.24092
0.3 -0.014521 2000 6.27306
0.305 -0.0118549 2000 5.12133
0.31 -0.00875082 2000 3.78035
0.315 -0.00521854 2000 2.25441
0.32 -0.00128762 2000 0.556223
0.325 0.00281101 2000 -1.21634
0.33 0.0070655 1999.99 -3.05523
0.335 0.0115751 2000 -5.00284
0.34 0.0163109 2000 -7.04825
0.345 0.0212587 2000 -9.18535
0.35 0.0264196 2000 -11.4145
0.355 0.031801 2000 -13.7391
0.36 0.037411 2000 -16.1624
0.365 0.0432603 2000 -18.6892
0.37 0.0493701 2000 -21.3285
0.375 0.0557856 2000 -24.0999
0.38 0.0625922 2000 -27.0402
0.385 0.0699255 2000 -30.2082
0.39 0.0779593 2000 -33.6787
0.395 0.0868299 2000 -37.5108
0.4 0.0965426 2000 -41.7066
0.405 0.106972 2000 -46.2122
0.41 0.117941 2000 -50.9509
0.415 0.129277 2000 -55.8479
0.42 0.140839 2000 -60.8424
0.425 0.152529 2000 -65.8929
0.43 0.164305 2000 -70.9798
0.435 0.176167 2000 -76.1045
0.44 0.188146 2000 -81.2793
0.445 0.200268 2000 -86.5158
0.45 0.212545 2000 -91.8195
0.455 0.224982 2000 -97.1925
0.46 0.237581 2000 -102.635
0.465 0.25033 2000 -108.143
0.47 0.263193 2000 -113.7
0.475 0.276102 2000 -119.276
0.48 0.288977 2000 -124.838
0.485 0.301744 2000 -130.354
0.49 0.314333 2000 -135.792
0.495 0.326682 2000 -141.127
0.5 0.33875 2000 -146.34
0.505 0.350511 2000 -151.421
0.51 0.36194 2000 -156.358
0.515 0.373003 2000 -161.137
0.52 0.383666 2000 -165.744
0.525 0.393908 2000 -170.168
0.53 0.40373 2000 -174.412
0.535 0.413176 2000 -178.492
0.54 0.422352 2000 -182.456
0.545 0.431457 2000 -186.39
0.55 0.440759 2000 -190.408
0.555 0.450465 2000 -194.601
0.56 0.460564 2000 -198.964
0.565 0.470833 2000 -203.4
0.57 0.480955 2000 -207.773
0.575 0.490611 2000 -211.944
0.58 0.499516 2000 -215.791
0.585 0.507431 2000 -219.21
0.59 0.514201 2000 -222.135
0.595 0.519795 2000 -224.551
0.6 0.524322 2000 -226.507
0.605 0.527993 2000 -228.093
0.61 0.531076 2000 -229.425
0.615 0.533867 2000 -230.631
0.62 0.536701 2000 -231.855
0.625 0.539973 2000 -233.268
0.63 0.544163 2000 -235.079
0.635 0.549833 2000 -237.528
0.64 0.557573 2000 -240.872
0.645 0.567892 2000 -245.329
0.65 0.581025 2000 -251.003
0.655 0.596784 2000 -257.811
0.66 0.614563 2000 -265.491
0.665 0.633488 2000 -273.667
0.67 0.65261 2000 -281.928
0.675 0.6711 2000 -289.915
0.68 0.688456 2000 -297.413
0.685 0.704649 2000 -304.409
0.69 0.72006 2000 -311.066
0.695 0.73529 2000 -317.646
0.7 0.751015 2000 -324.439
0.705 0.767885 2000 -331.727
0.71 0.786466 2000 -339.754
0.715 0.807257 2000 -348.735
0.72 0.830707 2000 -358.866
0.725 0.857149 2000 -370.289
0.73 0.886718 2000 -383.063
0.735 0.919346 2000 -397.158
0.74 0.954806 2000 -412.477
0.745 0.992742 2000 -428.866
0.75 1.03263 2000 -446.097
0.755 1.07375 2000 -463.862
0.76 1.11526 2000 -481.796
0.765 1.15639 2000 -499.56
0.77 1.19669 2000 -516.97
0.775 1.23628 2000 -534.073
0.78 1.27566 2000 -551.085
0.785 1.31544 2000 -568.27
0.79 1.35615 2000 -585.859
0.795 1.39825 2000 -604.044
0.8 1.4421 2000 -622.99
0.805 1.48808 2000 -642.853
0.81 1.53645 2000 -663.75
0.815 1.58725 2000 -685.693
0.82 1.64018 2000 -708.562
0.825 1.69481 2000 -732.159
0.83 1.75058 2000 -756.255
0.835 1.80697 2000 -780.615
0.84 1.86367 2000 -805.107
0.845 1.92087 2000 -829.82
0.85 1.97921 2000 -855.021
0.855 2.03944 2000 -881.042
0.86 2.10233 2000 -908.209
0.865 2.16833 2000 -936.721
0.87 2.23736 2000 -966.545
0.875 2.30899 2000 -997.489
0.88 2.3827 2000 -1029.33
0.885 2.45803 2000 -1061.88
0.89 2.5347 2000 -1095
0.895 2.61274 2000 -1128.71
0.9 2.69255 2000 -1163.19
0.905 2.77472 2000 -1198.69
0.91 2.85983 2000 -1235.46
0.915 2.94835 2000 -1273.7
0.92 3.04065 2000 -1313.58
0.925 3.13708 2000 -1355.24
0.93 3.23807 2000 -1398.88
0.935 3.3442 2000 -1444.73
0.94 3.45624 2000 -1493.15
0.945 3.57517 2000 -1544.54
0.95 3.70194 2000 -1599.31
0.955 3.83705 1999.99 -1657.7
0.96 3.98021 1999.99 -1719.57
0.965 4.1304 1999.99 -1784.47
0.97 4.28634 1999.99 -1851.86
0.975 4.44686 1999.99 -1921.21
0.98 4.61099 1999.99 -1992.11
0.985 4.77816 1999.99 -2064.33
0.99 4.94852 1999.99 -2137.92
0.995 5.12281 1999.99 -2213.2
1 5.302 1999.99 -2290.61
1.005 5.48694 1999.99 -2370.5
1.01 5.67804 1999.99 -2453.04
1.015 5.87524 1999.99 -2538.22
1.02 6.07812 1999.99 -2625.84
1.025 6.2862 1999.99 -2715.7
1.03 6.49909 1999.99 -2807.64
1.035 6.71646 1999.98 -2901.52
1.04 6.93801 1999.98 -2997.21
1.045 7.16339 1999.98 -3094.56
1.05 7.39219 1999.98 -3193.4
1.055 7.62404 1999.98 -3293.56
1.06 7.85875 1999.98 -3394.97
1.065 8.09657 1999.98 -3497.71
1.07 8.33816 1999.98 -3602.09
1.075 8.5845 1999.98 -3708.51
1.08 8.83653 1999.98 -3817.4
1.085 9.09456 1999.98 -3928.87
1.09 9.35789 1999.98 -4042.64
1.095 9.62499 1999.98 -4158.04
1.1 9.89395 1999.98 -4274.23
1.105 10.1628 1999.98 -4390.39
1.11 10.4298 1999.98 -4505.75
1.115 10.6936 1999.98 -4619.69
1.12 10.9531 1999.98 -4731.8
1.125 11.2079 1999.98 -4841.9
1.13 11.4582 1999.99 -4950.03
1.135 11.7044 1999.99 -5056.37
1.14 11.9471 1999.99 -5161.21
1.145 12.1871 1999.99 -5264.93
1.15 12.4256 1999.99 -5367.93
1.155 12.6633 1999.99 -5470.61
1.16 12.901 1999.99 -5573.3
1.165 13.1393 1999.99 -5676.24
1.17 13.3787 1999.99 -5779.67
1.175 13.6198 1999.99 -5883.83
1.18 13.8632 1999.99 -5988.96
1.185 14.1093 1999.99 -6095.31
1.19 14.3589 1999.99 -6203.13
1.195 14.6126 1999.99 -6312.71
1.2 14.871 1999.99 -6424.34
1.205 15.1346 1999.99 -6538.22
1.21 15.4035 1999.99 -6654.37
1.215 15.6769 1999.99 -6772.5
1.22 15.9537 1999.99 -6892.06
1.225 16.2323 1999.99 -7012.44
1.23 16.5113 1999.98 -7132.98
1.235 16.7893 1999.98 -7253.06
1.24 17.0651 1999.98 -7372.19
1.245 17.3383 1999.98 -7490.21
1.25 17.6093 1999.98 -7607.28
1.255 17.879 1999.98 -7723.8
1.26 18.148 1999.98 -7840.01
1.265 18.4159 1999.98 -7955.73
1.27 18.6815 1999.98 -8070.46
1.275 18.9434 1999.98 -8183.59
1.28 19.2007 1999.98 -8294.74
1.285 19.4536 1999.99 -8403.98
1.29 19.7033 1999.99 -8511.86
1.295 19.9514 1999.99 -8619.07
1.3 20.1996 1999.99 -8726.29
1.305 20.4488 1999.99 -8833.92
1.31 20.6987 1999.99 -8941.9
1.315 20.9484 1999.99 -9049.77
1.32 21.1964 1999.99 -9156.89
1.325 21.4413 1999.99 -9262.69
1.33 21.6821 1999.99 -9366.73
1.335 21.9186 1999.99 -9468.9
1.34 22.1514 1999.99 -9569.46
1.345 22.3817 1999.99 -9668.94
1.35 22.6108 1999.99 -9767.95
1.355 22.8402 1999.99 -9867.03
1.36 23.0665 2000.01 -9965.36
1.365 23.2927 2000.02 -10063.5
1.37 23.5217 2000.01 -10162.2
1.375 23.7508 2000.01 -10261
1.38 23.98 2000 -10360
1.385 24.2103 2000 -10459.3
1.39 24.4421 2000 -10559.4
1.395 24.6751 2000 -10660
1.4 24.9035 2000.01 -10759.2
1.405 25.1344 2000.01 -10858.8
1.41 25.3647 2000.01 -10958.1
1.415 25.5943 2000 -11057.2
1.42 25.8237 2000 -11156.2
1.425 26.0538 2000 -11255.6
1.43 26.2859 2000 -11355.8
1.435 26.5217 1999.99 -11457.6
1.44 26.7517 2000.05 -11558.4
1.445 26.9894 2000.07 -11661.8
1.45 27.2388 2000.06 -11769.1
1.455 27.4961 2000.04 -11879.9
1.46 27.7587 2000.05 -11993.3
1.465 28.0113 2000.11 -12103.2
1.47 28.2731 2000.08 -12215.9
1.475 28.5387 2000.06 -12330.2
1.48 28.8071 2000.05 -12445.9
1.485 29.0777 2000.04 -12562.6
1.49 29.3433 2000.06 -12678.2
1.495 29.607 2000.09 -12792.7
1.5 29.8713 2000.11 -12906.9
1.505 30.1253 2000.16 -13017.1
1.51 30.3844 2000.12 -13128.5
1.515 30.645 2000.1 -13240.7
1.52 30.9076 2000.07 -13353.8
1.525 31.1731 2000.06 -13468.2
1.53 31.4424 2000.04 -13584.3
1.535 31.7167 2000.03 -13702.6
1.54 31.9967 2000.02 -13823.4
1.545 32.2577 2000.21 -13938.6
1.55 32.5127 2000.34 -14050.4
1.555 32.7807 2000.27 -14165.3
1.56 33.0516 2000.22 -14281.6
1.565 33.3244 2000.17 -14398.9
1.57 33.5981 2000.13 -14516.6
1.575 33.8723 2000.1 -14634.7
1.58 34.147 2000.08 -14753.1
1.585 34.4226 2000.06 -14871.9
1.59 34.6999 2000.04 -14991.5
1.595 34.9791 2000.03 -15112
1.6 35.2608 2000.02 -15233.6
1.605 35.5215 2000.24 -15348
1.61 35.7768 2000.39 -15460.1
1.615 36.041 2000.33 -15574
1.62 36.3094 2000.26 -15689.2
1.625 36.5799 2000.21 -15805.5
1.63 36.852 2000.16 -15922.5
1.635 37.1256 2000.13 -16040.4
1.64 37.4007 2000.1 -16158.9
1.645 37.6777 2000.07 -16278.3
1.65 37.9567 2000.05 -16398.7
1.655 38.238 2000.04 -16520.1
1.66 38.5218 2000.03 -16642.6
1.665 38.808 2000.02 -16766.1
1.67 39.0723 2000.28 -16882.2
1.675 39.3368 2000.39 -16997.5
1.68 39.6071 2000.31 -17113.7
1.685 39.8743 2000.27 -17229.1
1.69 40.1398 2000.24 -17343.7
1.695 40.3984 2000.24 -17455.9
1.7 40.6538 2000.22 -17566.4
1.705 40.9077 2000.18 -17675.5
1.71 41.1568 2000.14 -17782.6
1.715 41.401 2000.11 -17887.7
1.72 41.6279 2000.15 -17986.6
1.725 41.8542 2000.12 -18083.9
1.73 42.076 2000.09 -18179.2
1.735 42.2933 2000.07 -18272.8
1.74 42.5066 2000.05 -18364.7
1.745 42.7162 2000.04 -18455
1.75 42.9193 2000.06 -18543
1.755 43.1041 2000.23 -18624.1
1.76 43.29 2000.25 -18704.1
1.765 43.4727 2000.23 -18783.1
1.77 43.6537 2000.21 -18861.4
1.775 43.838 2000.17 -18940.6
1.78 44.0249 2000.14 -19021
1.785 44.2086 2000.17 -19101.1
1.79 44.3879 2000.22 -19179.6
1.795 44.5753 2000.18 -19260
1.8 44.7669 2000.14 -19342.2
1.805 44.9631 2000.11 -19426.6
1.81 45.1642 2000.09 -19513.2
1.815 45.3567 2000.2 -19598.2
1.82 45.5508 2000.26 -19683.1
1.825 45.7526 2000.21 -19769.5
1.83 45.9577 2000.18 -19856.6
1.835 46.1553 2000.24 -19941.6
1.84 46.3345 2000.37 -20021.6
1.845 46.5115 2000.4 -20099.1
1.85 46.6908 2000.32 -20175.6
1.855 46.8672 2000.26 -20251.1
1.86 47.0407 2000.21 -20325.5
1.865 47.1982 2000.34 -20394.9
1.87 47.3503 2000.41 -20461
1.875 47.5019 2000.34 -20525.8
1.88 47.6508 2000.28 -20589.6
1.885 47.7972 2000.23 -20652.5
1.89 47.9369 2000.24 -20713.2
1.895 48.0686 2000.28 -20770.5
1.9 48.1993 2000.26 -20826.2
1.905 48.3274 2000.21 -20881.1
1.91 48.454 2000.17 -20935.4
1.915 48.5793 2000.14 -20989.3
1.92 48.7001 2000.2 -21041.1
1.925 48.8178 2000.22 -21091.7
1.93 48.9329 2000.18 -21141.3
1.935 49.046 2000.14 -21190
1.94 49.1569 2000.11 -21237.8
1.945 49.2655 2000.08 -21284.7
1.95 49.3732 2000.08 -21330.6
1.955 49.4783 2000.07 -21375.4
1.96 49.5795 2000.06 -21419.3
1.965 49.679 2000.04 -21462.4
1.97 49.7769 2000.03 -21504.8
1.975 49.8712 2000.04 -21545.9
1.98 49.9638 2000.04 -21586.1
1.985 50.0548 2000.05 -21625.3
1.99 50.1413 2000.1 -21662.2
1.995 50.224 2000.08 -21698
2 50.3055 2000.06 -21733.3
2.005 50.386 2000.04 -21768.1
2.01 50.4653 2000.03 -21802.4
2.015 50.5432 2000.02 -21836.2
2.02 50.6196 2000.01 -21869.2
2.025 50.6935 2000.01 -21901.3
2.03 50.7626 2000.04 -21931.7
2.035 50.8304 2000.03 -21961
2.04 50.8969 2000.02 -21989.7
2.045 50.9619 2000.01 -22017.7
2.05 51.0259 2000 -22045.3
2.055 51.0889 2000 -22072.6
2.06 51.1511 1999.99 -22099.5
2.065 51.2125 1999.99 -22126
2.07 51.2727 1999.99 -22152.1
2.075 51.3315 1999.98 -22177.6
2.08 51.3882 1999.98 -22202.2
2.085 51.4424 1999.98 -22225.7
2.09 51.4938 1999.97 -22247.9
2.095 51.5422 1999.97 -22268.9
2.1 51.5877 1999.97 -22288.5
2.105 51.6069 1999.99 -22301.1
2.11 51.6264 2000 -22311.4
2.115 51.6509 1999.99 -22320.8
2.12 51.6729 1999.99 -22329.4
2.125 51.6921 1999.98 -22337
2.13 51.6978 1999.96 -22340.2
2.135 51.706 1999.96 -22342.9
2.14 51.7127 1999.96 -22345.1
2.145 51.7177 1999.96 -22346.7
2.15 51.721 1999.97 -22347.7
2.155 51.7158 1999.94 -22346.3
2.16 51.6941 1999.89 -22338.6
2.165 51.678 1999.9 -22330.7
2.17 51.6601 1999.91 -22322.1
2.175 51.6403 1999.92 -22312.9
2.18 51.6185 1999.93 -22303
2.185 51.5946 1999.93 -22292.3
2.19 51.5684 1999.93 -22280.7
2.195 51.54 1999.93 -22268.2
2.2 51.5094 1999.93 -22254.8
2.205 51.4771 1999.93 -22240.8
2.21 51.4435 1999.93 -22226.2
2.215 51.4092 1999.93 -22211.3
2.22 51.3676 1999.89 -22194.3
2.225 51.3219 1999.86 -22175.5
2.23 51.2814 1999.9 -22157.4
2.235 51.2407 1999.95 -22139.5
2.24 51.2024 1999.95 -22122.4
2.245 51.1661 1999.96 -22106.2
2.25 51.1318 1999.96 -22091
2.255 51.0996 1999.96 -22076.8
2.26 51.0695 1999.97 -22063.5
2.265 51.0416 1999.97 -22051.2
2.27 51.0159 1999.97 -22039.9
2.275 50.9925 1999.98 -22029.6
2.28 50.971 1999.98 -22020.2
2.285 50.9513 1999.98 -22011.6
2.29 50.933 1999.98 -22003.6
2.295 50.9159 1999.99 -21996.1
2.3 50.8999 1999.99 -21989.1
2.305 50.8849 1999.99 -21982.6
2.31 50.8708 1999.99 -21976.5
2.315 50.8575 1999.99 -21970.7
2.32 50.8446 1999.99 -21965.1
2.325 50.8317 2000 -21959.5
2.33 50.8189 2000.01 -21954
2.335 50.8063 2000 -21948.5
2.34 50.7941 2000 -21943.2
2.345 50.7827 2000 -21938.3
2.35 50.7727 2000 -21933.9
2.355 50.7645 2000 -21930.4
2.36 50.7586 2000 -21927.8
2.365 50.7555 2000 -21926.5
2.37 50.7542 2000 -21926.1
2.375 50.7414 1999.97 -21921.7
2.38 50.7232 1999.98 -21913.5
2.385 50.6947 1999.98 -21901
2.39 50.6559 1999.99 -21884.1
2.395 50.6075 1999.99 -21863
2.4 50.5503 1999.99 -21838.2
2.405 50.4852 2000 -21810.1
2.41 50.4137 2000.01 -21779.1
2.415 50.3372 2000.01 -21746
2.42 50.2568 2000 -21711.2
2.425 50.1736 2000 -21675.1
2.43 50.088 2000 -21638.1
2.435 50.0004 2000 -21600.2
2.44 49.9106 2000 -21561.3
2.445 49.8181 1999.99 -21521.3
2.45 49.7223 1999.99 -21479.9
2.455 49.6228 1999.99 -21436.8
2.46 49.5179 2000.03 -21391.4
2.465 49.4041 2000.09 -21342.2
2.47 49.2846 2000.07 -21290.6
2.475 49.1585 2000.09 -21236.4
2.48 49.0268 2000.1 -21179.7
2.485 48.8938 2000.11 -21120.7
2.49 48.7533 2000.1 -21059.3
2.495 48.6064 2000.08 -20996.1
2.5 48.4569 2000.06 -20931.7
2.505 48.3058 2000.04 -20866.5
2.51 48.1539 2000.02 -20800.9
2.515 48.0024 2000 -20735.5
2.52 47.8514 1999.99 -20670.3
2.525 47.7001 2000.02 -20605
2.53 47.547 2000.06 -20538.8
2.535 47.3946 2000.04 -20473
2.54 47.2446 2000.02 -20408.2
2.545 47.0976 2000.01 -20344.8
2.55 46.9534 2000.04 -20282.5
2.555 46.8124 2000.05 -20221.6
2.56 46.6757 2000.04 -20162.6
2.565 46.5442 2000.02 -20105.9
2.57 46.4176 2000.01 -20051.2
2.575 46.2956 2000.01 -19998.6
2.58 46.178 2000 -19947.9
2.585 46.0645 2000 -19898.9
2.59 45.9552 1999.99 -19851.8
2.595 45.849 2000.03 -19805.8
2.6 45.7471 2000.04 -19761.8
2.605 45.6503 2000.03 -19720
2.61 45.5593 2000.02 -19680.8
2.615 45.4742 2000.02 -19644.2
2.62 45.3946 2000.01 -19609.9
2.625 45.3199 2000.01 -19577.7
2.63 45.2474 2000.03 -19546.7
2.635 45.1779 2000.05 -19516.9
2.64 45.1124 2000.05 -19488.3
2.645 45.0492 2000.04 -19460.7
2.65 44.987 2000.03 -19433.9
2.655 44.9271 2000.03 -19408.1
2.66 44.8695 2000.02 -19383.2
2.665 44.8144 2000.02 -19359.5
2.67 44.7623 2000.01 -19337.1
2.675 44.7136 2000.01 -19316
2.68 44.6687 2000.01 -19296.7
2.685 44.6286 2000.01 -19279.4
2.69 44.5941 2000 -19264.5
2.695 44.5658 2000 -19252.3
2.7 44.5444 2000 -19243.1
2.705 44.5298 2000 -19236.8
2.71 44.5218 2000 -19233.3
2.715 44.5194 2000 -19232.3
2.72 44.5223 2000 -19233.5
2.725 44.5289 1999.99 -19236.2
2.73 44.5373 1999.99 -19239.9
2.735 44.5461 1999.99 -19243.8
2.74 44.5539 2000 -19247.2
2.745 44.5596 2000 -19249.6
2.75 44.5624 2000 -19250.9
2.755 44.5622 2000 -19250.8
2.76 44.559 2000 -19249.4
2.765 44.5533 2000 -19247
2.77 44.5454 2000 -19243.6
2.775 44.5349 2000 -19239.1
2.78 44.5216 2000 -19233.3
2.785 44.5048 2000 -19226.1
2.79 44.4842 1999.99 -19217.1
2.795 44.4594 1999.99 -19206.4
2.8 44.4303 2000 -19193.8
2.805 44.3972 2000 -19179.5
2.81 44.3604 2000 -19163.7
2.815 44.3205 2000 -19146.4
2.82 44.2778 2000 -19127.9
2.825 44.232 1999.99 -19108.1
2.83 44.1827 1999.99 -19086.8
2.835 44.1286 1999.99 -19063.4
2.84 44.0683 1999.99 -19037.3
2.845 44.0002 1999.99 -19007.8
2.85 43.923 1999.98 -18974.3
2.855 43.8358 1999.98 -18936.5
2.86 43.7377 1999.97 -18894
2.865 43.6279 1999.96 -18846.4
2.87 43.5057 1999.96 -18793.3
2.875 43.3701 1999.94 -18734.5
2.88 43.2204 1999.93 -18669.5
2.885 43.0561 1999.91 -18598.1
2.89 42.8769 1999.88 -18520.3
2.895 42.6817 1999.87 -18435.7
2.9 42.4698 1999.87 -18343.9
2.905 42.2352 1999.94 -18243.2
2.91 41.9775 2000 -18132.5
2.915 41.7017 1999.97 -18013
2.92 41.406 1999.96 -17885
2.925 41.0906 1999.94 -17748.6
2.93 40.7527 2000.02 -17602.2
2.935 40.3895 2000.08 -17445.2
2.94 40.0038 2000.04 -17278.7
2.945 39.5985 2000.01 -17103.7
2.95 39.1733 1999.98 -16920
2.955 38.7298 1999.94 -16728.3
2.96 38.2685 1999.86 -16528.7
2.965 37.7827 1999.87 -16319.3
2.97 37.2713 1999.92 -16099.4
2.975 36.7024 2000.16 -15857.3
2.98 36.1049 2000.21 -15600.2
2.985 35.4161 2000.76 -15306.5
2.99 34.6378 2001.38 -14977.6
2.995 33.7492 2001.88 -14603.1
3 32.7281 2002.61 -14175.9
3.005 31.6196 2003.24 -13709.6
3.01 30.3205 2004.43 -13159.3
3.015 28.8674 2004.85 -12537.6
3.02 27.2742 2004.91 -11852.8
3.025 25.4017 2005.78 -11058.6
3.03 23.3086 2006.33 -10165.9
3.035 21.078 2006.38 -9200.51
3.04 18.6637 2006.09 -8155.31
3.045 16.1644 2005.23 -7065.43
3.05 13.4547 2004.88 -5897.96
3.055 10.5802 2004.7 -4662.95
3.06 7.53206 2004.34 -3348.92
3.065 4.30782 2004.08 -1953.25
3.07 0.915649 2003.43 -486.966
3.075 -2.49902 2002.59 1001.58
3.08 -5.8216 2001.23 2458.07
3.085 -9.08263 1999.41 3887.77
3.09 -12.3994 1998.69 5334.45
3.095 -15.5957 1998.99 6746.07
3.1 -18.8669 1999 8173.56
3.105 -22.1828 1998.92 9610.49
3.11 -25.3153 2000.02 10984.2
3.115 -28.2423 2001.9 12271.9
3.12 -30.9213 2003.51 13448.2
3.125 -33.4714 2004.54 14559.3
3.13 -35.9823 2004.84 15643.8
3.135 -38.3183 2005.05 16656.2
3.14 -40.4976 2005.36 17615.1
3.145 -42.4753 2006.5 18490.6
3.15 -44.2869 2007.56 19288.7
3.155 -45.8659 2008.84 19990.5
3.16 -47.1965 2010.17 20581.9
3.165 -48.4069 2010.7 21092.5
3.17 -49.5005 2010.49 21543.1
3.175 -50.4308 2009.23 21937.9
3.18 -51.1248 2008.13 22249.6
3.185 -51.1607 2005.9 22375.1
3.19 -50.3307 1999.85 22190.7
3.195 -49.3969 1995.89 21818.1
3.2 -48.469 1995.27 21358.1
3.205 -47.3859 1994.39 20823.2
3.21 -46.1941 1994.09 20240.8
3.215 -44.9102 1994.17 19617.6
3.22 -44.0298 1995.82 19140.9
3.225 -42.9397 1995.53 18646
3.23 -42.0216 1995.55 18210.9
3.235 -41.7026 1997.92 17957
3.24 -41.5251 1999.51 17800.4
3.245 -41.6135 2001.93 17803.6
3.25 -41.5386 2001.78 17796.9
3.255 -41.4085 2000.07 17775.7
3.26 -41.264 1998.29 17742.9
3.265 -41.1214 1997.23 17702.6
3.27 -40.9929 1997.03 17661.2
3.275 -40.9432 1998.42 17639.5
3.28 -40.8761 1998.85 17615
3.285 -40.7758 1998.11 17582.9
3.29 -40.6642 1997.21 17544.6
3.295 -40.5034 1994.8 17488.5
3.3 -40.328 1993.16 17422.1
3.305 -40.0538 1987.79 17319.1
3.31 -39.5737 1992.94 17121.7
3.315 -39.2092 2011.03 16954.6
3.32 -38.8286 2002.31 16789
3.325 -37.8778 1983.66 16419.2
3.33 -36.8533 1969.45 15951.8
3.335 -0.162449 -65.1604 57.4187
