0.1 -1.67273e-17 -0.0161789 7.74414e-20
0.2 -3.1779e-17 -0.032612 1.47125e-19
0.3 -8.37564e-17 -0.0493117 3.87761e-19
0.4 -1.0015e-16 -0.0662915 4.63658e-19
0.5 -5.84532e-17 -0.0835729 2.70616e-19
0.6 -1.86657e-16 -0.101302 8.64152e-19
0.7 -2.31156e-16 -0.119619 1.07017e-18
0.8 -1.57814e-16 -0.138354 7.30621e-19
0.9 -1.51914e-16 -0.15749 7.03304e-19
1 2.81113e-17 -0.17705 -1.30145e-19
0.005 6.53101e-05 -0.17705 -2.26771e-07
0.01 0.000326311 -0.177051 -1.13302e-06
0.015 0.000847595 -0.177052 -2.94302e-06
0.02 0.00162821 -0.177055 -5.65349e-06
0.025 0.00266721 -0.177058 -9.26112e-06
0.03 0.00396363 -0.177062 -1.37625e-05
0.035 0.00551643 -0.177067 -1.91541e-05
0.04 0.00732456 -0.177072 -2.54322e-05
0.045 0.00938694 -0.177078 -3.2593e-05
0.05 0.0117024 -0.177085 -4.06326e-05
0.055 0.0142698 -0.177093 -4.95467e-05
0.06 0.017088 -0.177102 -5.93313e-05
0.065 0.0201556 -0.177111 -6.99821e-05
0.07 0.0234717 -0.177121 -8.14951e-05
0.075 0.0270351 -0.177132 -9.38667e-05
0.08 0.0308448 -0.177144 -0.000107093
0.085 0.0348998 -0.177156 -0.000121171
0.09 0.039199 -0.177169 -0.000136097
0.095 0.043741 -0.177183 -0.000151865
0.1 0.0485248 -0.177198 -0.000168472
0.105 0.0535488 -0.177213 -0.000185913
0.11 0.0588116 -0.177229 -0.000204182
0.115 0.064311 -0.177246 -0.000223272
0.12 0.0700452 -0.177264 -0.000243177
0.125 0.0760125 -0.177282 -0.00026389
0.13 0.0822121 -0.177301 -0.000285409
0.135 0.0886433 -0.177321 -0.000307731
0.14 0.0953055 -0.177341 -0.000330854
0.145 0.102198 -0.177363 -0.000354775
0.15 0.109318 -0.177385 -0.000379489
0.155 0.116666 -0.177408 -0.000404989
0.16 0.124239 -0.177431 -0.000431269
0.165 0.132034 -0.177456 -0.000458322
0.17 0.140052 -0.177481 -0.000486143
0.175 0.14829 -0.177507 -0.000514729
0.18 0.156745 -0.177533 -0.00054407
0.185 0.165416 -0.17756 -0.000574155
0.19 0.174298 -0.177589 -0.000604973
0.195 0.18339 -0.177617 -0.000636515
0.2 0.192689 -0.177647 -0.000668777
0.205 0.202196 -0.177677 -0.000701758
0.21 0.21191 -0.177708 -0.000735458
0.215 0.221833 -0.17774 -0.00076988
0.22 0.231964 -0.177772 -0.00080502
0.225 0.242301 -0.177805 -0.000840875
0.23 0.252843 -0.177839 -0.000877437
0.235 0.263587 -0.177874 -0.000914701
0.24 0.274533 -0.17791 -0.000952663
0.245 0.285679 -0.177946 -0.000991315
0.25 0.297023 -0.177983 -0.00103065
0.255 0.308559 -0.17802 -0.00107065
0.26 0.320284 -0.178059 -0.00111131
0.265 0.332193 -0.178098 -0.0011526
0.27 0.344287 -0.178138 -0.00119453
0.275 0.356567 -0.178179 -0.0012371
0.28 0.369035 -0.17822 -0.00128032
0.285 0.38169 -0.178262 -0.00132418
0.29 0.394528 -0.178305 -0.00136868
0.295 0.407547 -0.178349 -0.0014138
0.3 0.42074 -0.178393 -0.00145953
0.305 0.434101 -0.178438 -0.00150583
0.31 0.447625 -0.178484 -0.00155269
0.315 0.461308 -0.17853 -0.0016001
0.32 0.475147 -0.178578 -0.00164805
0.325 0.48914 -0.178625 -0.00169653
0.33 0.503281 -0.178674 -0.00174552
0.335 0.517566 -0.178723 -0.001795
0.34 0.531993 -0.178773 -0.00184498
0.345 0.546564 -0.178824 -0.00189544
0.35 0.561279 -0.178875 -0.00194641
0.355 0.576138 -0.178927 -0.00199786
0.36 0.591145 -0.178979 -0.00204983
0.365 0.606304 -0.179033 -0.00210232
0.37 0.621617 -0.179087 -0.00215534
0.375 0.637083 -0.179142 -0.00220888
0.38 0.652702 -0.179197 -0.00226295
0.385 0.668468 -0.179254 -0.00231752
0.39 0.684376 -0.179311 -0.00237258
0.395 0.700417 -0.179368 -0.0024281
0.4 0.71658 -0.179427 -0.00248403
0.405 0.73286 -0.179486 -0.00254037
0.41 0.749253 -0.179545 -0.00259708
0.415 0.765756 -0.179606 -0.00265418
0.42 0.782366 -0.179667 -0.00271164
0.425 0.799082 -0.179728 -0.00276946
0.43 0.815906 -0.17979 -0.00282765
0.435 0.832841 -0.179853 -0.00288622
0.44 0.849895 -0.179917 -0.0029452
0.445 0.86707 -0.179981 -0.00300459
0.45 0.88436 -0.180046 -0.00306437
0.455 0.901754 -0.180112 -0.0031245
0.46 0.919238 -0.180178 -0.00318494
0.465 0.936792 -0.180245 -0.00324561
0.47 0.9544 -0.180312 -0.00330647
0.475 0.972052 -0.180379 -0.00336747
0.48 0.989744 -0.180447 -0.0034286
0.485 1.00747 -0.180516 -0.00348986
0.49 1.02523 -0.180585 -0.00355122
0.495 1.04302 -0.180654 -0.00361267
0.5 1.06084 -0.180724 -0.00367422
0.505 1.07869 -0.180794 -0.00373586
0.51 1.09658 -0.180864 -0.00379765
0.515 1.11453 -0.180935 -0.00385961
0.52 1.13253 -0.181006 -0.00392177
0.525 1.1506 -0.181078 -0.00398413
0.53 1.16873 -0.181151 -0.00404671
0.535 1.18691 -0.181224 -0.00410947
0.54 1.20514 -0.181297 -0.00417239
0.545 1.22341 -0.181371 -0.00423543
0.55 1.24171 -0.181445 -0.00429857
0.555 1.26002 -0.18152 -0.00436174
0.56 1.27833 -0.181595 -0.00442489
0.565 1.29663 -0.18167 -0.00448799
0.57 1.3149 -0.181745 -0.004551
0.575 1.33315 -0.181821 -0.00461392
0.58 1.35137 -0.181896 -0.00467674
0.585 1.36955 -0.181972 -0.00473944
0.59 1.38771 -0.182048 -0.00480202
0.595 1.40582 -0.182124 -0.00486446
0.6 1.42391 -0.1822 -0.00492678
0.605 1.44197 -0.182276 -0.00498901
0.61 1.46001 -0.182353 -0.00505113
0.615 1.47802 -0.182427 -0.00511297
0.62 1.496 -0.182499 -0.00517452
0.625 1.51395 -0.182571 -0.00523594
0.63 1.53184 -0.182644 -0.00529719
0.635 1.54969 -0.182716 -0.00535827
0.64 1.5675 -0.182789 -0.00541922
0.645 1.5853 -0.18286 -0.00547995
0.65 1.60311 -0.182929 -0.00554056
0.655 1.62097 -0.182998 -0.00560129
0.66 1.63886 -0.183068 -0.00566216
0.665 1.65678 -0.183138 -0.00572313
0.67 1.6747 -0.183209 -0.00578409
0.675 1.69257 -0.183279 -0.00584485
0.68 1.71032 -0.183344 -0.0059048
0.685 1.72788 -0.183404 -0.00596378
0.69 1.74519 -0.183463 -0.00602195
0.695 1.76223 -0.183522 -0.00607922
0.7 1.779 -0.183581 -0.00613557
0.705 1.79551 -0.183631 -0.00619079
0.71 1.8118 -0.183674 -0.00624497
0.715 1.82788 -0.183717 -0.00629849
0.72 1.84379 -0.18376 -0.00635143
0.725 1.85952 -0.183803 -0.00640378
0.73 1.87505 -0.183846 -0.00645546
0.735 1.89035 -0.183885 -0.00650611
0.74 1.9054 -0.183919 -0.00655569
0.745 1.92019 -0.183953 -0.00660441
0.75 1.9347 -0.183987 -0.0066522
0.755 1.94892 -0.184019 -0.00669903
0.76 1.96288 -0.184045 -0.00674477
0.765 1.97662 -0.184065 -0.00678962
0.77 1.99021 -0.184086 -0.00683396
0.775 2.00368 -0.184106 -0.00687795
0.78 2.0171 -0.184128 -0.00692177
0.785 2.03051 -0.184149 -0.00696559
0.79 2.04395 -0.184171 -0.00700949
0.795 2.05741 -0.184194 -0.00705346
0.8 2.07087 -0.184217 -0.00709742
0.805 2.08429 -0.184239 -0.00714123
0.81 2.0976 -0.184262 -0.0071847
0.815 2.11074 -0.184285 -0.0072276
0.82 2.12366 -0.184294 -0.0072693
0.825 2.13632 -0.184292 -0.00730972
0.83 2.14869 -0.18429 -0.00734925
0.835 2.16076 -0.184288 -0.00738778
0.84 2.17248 -0.184287 -0.00742523
0.845 2.18384 -0.184286 -0.00746154
0.85 2.19483 -0.184286 -0.00749668
0.855 2.20546 -0.184286 -0.00753063
0.86 2.21569 -0.184286 -0.00756335
0.865 2.2255 -0.184286 -0.00759469
0.87 2.23483 -0.184286 -0.00762452
0.875 2.24366 -0.184286 -0.00765273
0.88 2.25196 -0.184287 -0.00767926
0.885 2.25973 -0.184287 -0.0077041
0.89 2.26697 -0.184288 -0.00772722
0.895 2.27368 -0.184288 -0.00774866
0.9 2.27987 -0.184289 -0.00776846
0.905 2.28557 -0.184289 -0.00778665
0.91 2.29075 -0.18429 -0.00780323
0.915 2.29543 -0.18429 -0.00781818
0.92 2.29963 -0.184291 -0.00783158
0.925 2.30336 -0.184291 -0.00784352
0.93 2.30669 -0.184291 -0.00785413
0.935 2.30963 -0.184292 -0.00786354
0.94 2.31222 -0.184292 -0.0078718
0.945 2.31447 -0.184292 -0.00787899
0.95 2.31638 -0.184292 -0.00788511
0.955 2.31797 -0.184293 -0.00789017
0.96 2.31921 -0.184293 -0.00789413
0.965 2.32009 -0.184293 -0.00789695
0.97 2.32057 -0.184293 -0.00789848
0.975 2.3206 -0.184293 -0.00789858
0.98 2.32013 -0.184293 -0.00789706
0.985 2.31911 -0.184296 -0.00789379
0.99 2.31755 -0.184303 -0.0078887
0.995 2.31543 -0.184312 -0.00788181
1 2.31278 -0.184323 -0.00787318
1.005 2.30962 -0.184337 -0.0078629
1.01 2.30597 -0.184352 -0.00785106
1.015 2.30186 -0.184369 -0.00783769
1.02 2.29728 -0.184388 -0.00782281
1.025 2.29223 -0.184408 -0.0078064
1.03 2.2867 -0.184431 -0.00778843
1.035 2.28066 -0.184456 -0.00776879
1.04 2.27406 -0.184483 -0.00774733
1.045 2.26684 -0.184513 -0.00772388
1.05 2.25896 -0.184545 -0.00769826
1.055 2.25037 -0.18458 -0.00767037
1.06 2.24106 -0.184619 -0.00764009
1.065 2.23097 -0.18466 -0.0076073
1.07 2.22009 -0.184705 -0.00757195
1.075 2.20844 -0.184752 -0.00753411
1.08 2.19607 -0.184803 -0.00749389
1.085 2.18298 -0.184857 -0.00745136
1.09 2.16919 -0.184913 -0.00740656
1.095 2.15473 -0.184973 -0.00735956
1.1 2.1396 -0.185035 -0.0073104
1.105 2.12381 -0.185099 -0.00725906
1.11 2.10732 -0.185154 -0.00720504
1.115 2.09012 -0.185198 -0.00714808
1.12 2.07219 -0.185241 -0.00708855
1.125 2.05355 -0.185286 -0.00702666
1.13 2.03417 -0.185334 -0.00696234
1.135 2.01401 -0.185384 -0.00689545
1.14 1.99305 -0.185436 -0.00682593
1.145 1.97133 -0.185491 -0.00675388
1.15 1.9489 -0.185546 -0.00667948
1.155 1.92584 -0.185594 -0.00660262
1.16 1.9022 -0.185635 -0.0065235
1.165 1.878 -0.185677 -0.0064425
1.17 1.85324 -0.185715 -0.00635926
1.175 1.82792 -0.18575 -0.00627376
1.18 1.80199 -0.185785 -0.00618623
1.185 1.77539 -0.18581 -0.00609596
1.19 1.748 -0.185827 -0.00600261
1.195 1.71971 -0.185845 -0.00590625
1.2 1.69044 -0.185864 -0.00580652
1.205 1.66015 -0.185877 -0.00570279
1.21 1.6289 -0.185884 -0.00559523
1.215 1.59675 -0.185892 -0.00548468
1.22 1.56384 -0.185901 -0.00537149
1.225 1.53028 -0.185906 -0.00525576
1.23 1.49618 -0.185908 -0.00513791
1.235 1.46165 -0.185911 -0.00501857
1.24 1.42673 -0.18591 -0.00489757
1.245 1.39142 -0.185907 -0.00477495
1.25 1.35569 -0.185903 -0.00465088
1.255 1.31944 -0.1859 -0.00452505
1.26 1.28255 -0.185897 -0.00439703
1.265 1.24489 -0.185895 -0.00426639
1.27 1.20635 -0.185893 -0.00413271
1.275 1.16682 -0.185891 -0.00399561
1.28 1.1262 -0.185888 -0.00385477
1.285 1.08444 -0.185887 -0.00370999
1.29 1.04151 -0.185885 -0.00356119
1.295 0.997431 -0.185883 -0.0034084
1.3 0.952215 -0.185881 -0.0032517
1.305 0.90591 -0.18588 -0.00309126
1.31 0.858563 -0.18588 -0.00292722
1.315 0.810204 -0.18588 -0.0027597
1.32 0.760875 -0.185881 -0.00258885
1.325 0.710638 -0.185883 -0.00241486
1.33 0.659571 -0.185887 -0.00223804
1.335 0.607763 -0.185892 -0.00205867
1.34 0.555305 -0.1859 -0.00187708
1.345 0.502273 -0.185912 -0.00169353
1.35 0.448721 -0.18593 -0.0015082
1.355 0.394684 -0.185958 -0.00132124
1.36 0.34018 -0.186 -0.00113265
1.365 0.2852 -0.186055 -0.000942335
1.37 0.229729 -0.186122 -0.000750225
1.375 0.173762 -0.186211 -0.00055608
1.38 0.117305 -0.186344 -0.000359658
1.385 0.0603612 -0.186514 -0.000161847
1.39 0.00293391 -0.186697 3.70426e-05
1.395 -0.0549732 -0.186881 0.00023757
1.4 -0.113356 -0.187069 0.000439706
1.405 -0.172211 -0.187259 0.000643427
1.41 -0.231534 -0.187453 0.00084871
1.415 -0.291323 -0.18765 0.00105554
1.42 -0.351585 -0.187851 0.00126395
1.425 -0.412352 -0.188056 0.00147404
1.43 -0.47367 -0.188264 0.00168596
1.435 -0.535597 -0.188478 0.00189992
1.44 -0.598174 -0.188697 0.00211605
1.445 -0.661421 -0.18892 0.00233443
1.45 -0.72535 -0.18915 0.00255508
1.455 -0.789993 -0.189385 0.00277812
1.46 -0.855388 -0.189626 0.00300368
1.465 -0.921559 -0.189873 0.00323183
1.47 -0.988487 -0.190127 0.00346249
1.475 -1.05611 -0.190378 0.00369475
1.48 -1.12436 -0.190627 0.00392834
1.485 -1.19316 -0.190873 0.004163
1.49 -1.26246 -0.191113 0.00439839
1.495 -1.33224 -0.191338 0.00463384
1.5 -1.40251 -0.19155 0.0048695
1.505 -1.47329 -0.191717 0.0051044
1.51 -1.54464 -0.191843 0.00533886
1.515 -1.61664 -0.191974 0.0055754
1.52 -1.6894 -0.192069 0.00581293
1.525 -1.76295 -0.192064 0.00604911
1.53 -1.83728 -0.192 0.00628535
1.535 -1.91235 -0.191948 0.00652417
1.54 -1.98808 -0.1919 0.00676509
1.545 -2.0644 -0.1918 0.00700627
1.55 -2.14124 -0.191644 0.00724708
1.555 -2.21856 -0.191489 0.00748896
1.56 -2.29637 -0.191343 0.00773245
1.565 -2.3747 -0.191204 0.00797753
1.57 -2.4536 -0.191021 0.00822332
1.575 -2.53315 -0.190797 0.00847003
1.58 -2.61341 -0.190562 0.00871792
1.585 -2.69445 -0.190315 0.00896719
1.59 -2.77633 -0.190058 0.00921826
1.595 -2.85913 -0.189764 0.00946996
1.6 -2.94285 -0.189444 0.00972305
1.605 -3.02749 -0.189087 0.00997808
1.61 -3.11295 -0.188666 0.0102333
1.615 -3.19913 -0.188203 0.0104883
1.62 -3.28589 -0.18769 0.0107423
1.625 -3.3731 -0.187145 0.0109958
1.63 -3.46066 -0.186563 0.0112483
1.635 -3.54853 -0.185946 0.0114995
1.64 -3.63666 -0.18527 0.0117488
1.645 -3.72502 -0.184534 0.0119967
1.65 -3.81358 -0.183761 0.0122442
1.655 -3.90238 -0.182923 0.0124903
1.66 -3.99151 -0.182048 0.0127365
1.665 -4.08109 -0.181146 0.0129821
1.67 -4.17127 -0.180221 0.0132278
1.675 -4.26222 -0.179269 0.0134748
1.68 -4.35407 -0.178288 0.0137233
1.685 -4.44691 -0.1773 0.0139737
1.69 -4.54079 -0.176264 0.0142264
1.695 -4.6357 -0.17518 0.0144816
1.7 -4.73157 -0.174086 0.0147385
1.705 -4.82829 -0.172988 0.0149964
1.71 -4.92572 -0.171869 0.0152537
1.715 -5.02372 -0.170729 0.0155097
1.72 -5.12218 -0.169589 0.0157649
1.725 -5.22101 -0.168423 0.0160187
1.73 -5.32013 -0.16722 0.0162675
1.735 -5.41949 -0.166013 0.0165097
1.74 -5.51907 -0.164832 0.016742
1.745 -5.61886 -0.163696 0.0169649
1.75 -5.71882 -0.162692 0.0171767
1.755 -5.8189 -0.1618 0.0173789
1.76 -5.91905 -0.160871 0.0175813
1.765 -6.01922 -0.159908 0.0177837
1.77 -6.11947 -0.158959 0.0179851
1.775 -6.21987 -0.158055 0.0181835
1.78 -6.32051 -0.1572 0.0183799
1.785 -6.42152 -0.156373 0.0185766
1.79 -6.52299 -0.155574 0.0187746
1.795 -6.62501 -0.154783 0.0189741
1.8 -6.72759 -0.153962 0.0191762
1.805 -6.8307 -0.153121 0.0193805
1.81 -6.93426 -0.152312 0.0195848
1.815 -7.03821 -0.15154 0.0197889
1.82 -7.14248 -0.150795 0.019993
1.825 -7.24702 -0.149983 0.0202042
1.83 -7.3518 -0.1491 0.0204224
1.835 -7.45681 -0.148222 0.020641
1.84 -7.56205 -0.147336 0.0208607
1.845 -7.66753 -0.146453 0.0210816
1.85 -7.77331 -0.145583 0.0213032
1.855 -7.87946 -0.144729 0.0215252
1.86 -7.98605 -0.143833 0.0217511
1.865 -8.09312 -0.142896 0.0219807
1.87 -8.20068 -0.141975 0.0222109
1.875 -8.30874 -0.141087 0.0224416
1.88 -8.41727 -0.140233 0.0226727
1.885 -8.52624 -0.139404 0.0229043
1.89 -8.63562 -0.138604 0.0231362
1.895 -8.74543 -0.137837 0.0233683
1.9 -8.85567 -0.137129 0.0236004
1.905 -8.96638 -0.136477 0.0238326
1.91 -9.07762 -0.135793 0.0240675
1.915 -9.1894 -0.135074 0.0243054
1.92 -9.30176 -0.134238 0.0245521
1.925 -9.41468 -0.133278 0.0248074
1.93 -9.52812 -0.132338 0.0250633
1.935 -9.64202 -0.131425 0.0253197
1.94 -9.75624 -0.130586 0.0255758
1.945 -9.87068 -0.129806 0.0258319
1.95 -9.98527 -0.128897 0.0260936
1.955 -10.1 -0.127867 0.0263602
1.96 -10.2148 -0.126855 0.0266266
1.965 -10.3297 -0.125861 0.026893
1.97 -10.4449 -0.124919 0.0271595
1.975 -10.5605 -0.124024 0.0274263
1.98 -10.6764 -0.123139 0.0276938
1.985 -10.7927 -0.122269 0.027962
1.99 -10.9094 -0.12147 0.0282303
1.995 -11.0262 -0.120739 0.0284986
2 -11.1432 -0.120011 0.0287672
2.005 -11.2603 -0.11922 0.0290367
2.01 -11.3773 -0.118375 0.0293067
2.015 -11.4943 -0.117542 0.0295765
2.02 -11.6113 -0.116724 0.0298461
2.025 -11.7282 -0.115918 0.0301157
2.03 -11.8453 -0.115126 0.0303856
2.035 -11.9627 -0.114347 0.0306561
2.04 -12.0805 -0.113582 0.0309274
2.045 -12.1988 -0.112831 0.0311996
2.05 -12.3175 -0.112097 0.0314729
2.055 -12.4368 -0.111381 0.0317474
2.06 -12.5565 -0.110686 0.0320228
2.065 -12.6766 -0.110016 0.032299
2.07 -12.797 -0.109375 0.0325757
2.075 -12.9176 -0.108769 0.0328528
2.08 -13.0384 -0.108311 0.0331298
2.085 -13.1593 -0.107998 0.0334066
2.09 -13.2805 -0.107727 0.0336838
2.095 -13.4019 -0.107529 0.0339613
2.1 -13.5236 -0.107831 0.0342384
2.105 -13.6457 -0.108781 0.0345144
2.11 -13.7682 -0.109687 0.0347909
2.115 -13.8912 -0.110594 0.0350678
2.12 -14.0146 -0.111989 0.0353439
2.125 -14.1383 -0.112631 0.0356233
2.13 -14.2623 -0.112321 0.0359067
2.135 -14.3865 -0.1121 0.0361902
2.14 -14.5109 -0.111964 0.0364736
2.145 -14.6351 -0.112041 0.036756
2.15 -14.7592 -0.112313 0.0370371
2.155 -14.8831 -0.11266 0.0373176
2.16 -15.0068 -0.113214 0.0375968
2.165 -15.1303 -0.114014 0.0378747
2.17 -15.2537 -0.115074 0.0381515
2.175 -15.3772 -0.116293 0.0384291
2.18 -15.501 -0.117978 0.0387073
2.185 -15.6252 -0.122103 0.0389797
2.19 -15.7501 -0.206464 0.0388717
2.195 -15.8758 -0.26787 0.0388264
2.2 -16.0024 -0.251849 0.0392004
2.205 -16.1298 -0.25612 0.0395703
2.21 -16.258 -0.256948 0.0399434
2.215 -16.3869 -0.257829 0.0402978
2.22 -16.5165 -0.258841 0.0406388
2.225 -16.6467 -0.260046 0.0409695
2.23 -16.7773 -0.261374 0.0412937
2.235 -16.9082 -0.262765 0.0416133
2.24 -17.0393 -0.264106 0.0419299
2.245 -17.1705 -0.265336 0.0422441
2.25 -17.3016 -0.266441 0.0425562
2.255 -17.4327 -0.267466 0.0428667
2.26 -17.5637 -0.268424 0.0431757
2.265 -17.6947 -0.269299 0.0434837
2.27 -17.8258 -0.270117 0.0437911
2.275 -17.957 -0.270957 0.0440981
2.28 -18.0885 -0.271814 0.0444052
2.285 -18.2204 -0.272626 0.0447126
2.29 -18.3526 -0.273401 0.0450206
2.295 -18.4852 -0.274146 0.0453292
2.3 -18.618 -0.274867 0.0456381
2.305 -18.7509 -0.275557 0.0459469
2.31 -18.8835 -0.27622 0.0462551
2.315 -19.0157 -0.276868 0.046562
2.32 -19.1471 -0.277503 0.0468671
2.325 -19.2777 -0.278125 0.04717
2.33 -19.4073 -0.278737 0.0474708
2.335 -19.536 -0.279339 0.0477695
2.34 -19.664 -0.279933 0.0480665
2.345 -19.7917 -0.280523 0.0483627
2.35 -19.9195 -0.281111 0.0486589
2.355 -20.0476 -0.281698 0.0489561
2.36 -20.1764 -0.282286 0.0492548
2.365 -20.3061 -0.282878 0.0495555
2.37 -20.4367 -0.283473 0.0498584
2.375 -20.5684 -0.284072 0.0501637
2.38 -20.7012 -0.284675 0.0504716
2.385 -20.8351 -0.285284 0.0507821
2.39 -20.9703 -0.285898 0.0510954
2.395 -21.1066 -0.286518 0.0514114
2.4 -21.2441 -0.287144 0.0517303
2.405 -21.383 -0.287776 0.0520522
2.41 -21.5231 -0.288414 0.052377
2.415 -21.6644 -0.289059 0.0527048
2.42 -21.807 -0.289709 0.0530351
2.425 -21.9505 -0.290365 0.0533679
2.43 -22.095 -0.291025 0.0537029
2.435 -22.2403 -0.291691 0.0540398
2.44 -22.3864 -0.292361 0.0543785
2.445 -22.5333 -0.293035 0.0547189
2.45 -22.6809 -0.293713 0.055061
2.455 -22.8292 -0.294396 0.055405
2.46 -22.9785 -0.295084 0.055751
2.465 -23.1287 -0.295778 0.0560993
2.47 -23.2801 -0.296478 0.0564502
2.475 -23.4327 -0.297185 0.0568039
2.48 -23.5866 -0.297911 0.0571606
2.485 -23.7419 -0.298656 0.0575207
2.49 -23.8988 -0.299408 0.0578843
2.495 -24.0573 -0.300167 0.0582516
2.5 -24.2174 -0.300934 0.058623
2.505 -24.3794 -0.30171 0.0589983
2.51 -24.5431 -0.302494 0.0593779
2.515 -24.7087 -0.303292 0.0597618
2.52 -24.8762 -0.304103 0.06015
2.525 -25.0456 -0.304922 0.0605426
2.53 -25.2168 -0.305751 0.0609396
2.535 -25.3899 -0.306587 0.0613407
2.54 -25.5647 -0.307432 0.061746
2.545 -25.7413 -0.308286 0.0621553
2.55 -25.9196 -0.309147 0.0625686
2.555 -26.0995 -0.310016 0.0629857
2.56 -26.2811 -0.310893 0.0634065
2.565 -26.4641 -0.311777 0.0638307
2.57 -26.6484 -0.312667 0.0642581
2.575 -26.834 -0.313563 0.0646882
2.58 -27.0205 -0.314464 0.0651206
2.585 -27.2078 -0.315368 0.0655547
2.59 -27.3956 -0.316274 0.0659899
2.595 -27.5835 -0.317181 0.0664255
2.6 -27.7713 -0.318088 0.0668608
2.605 -27.9586 -0.318992 0.067295
2.61 -28.145 -0.319892 0.0677272
2.615 -28.3302 -0.320786 0.0681565
2.62 -28.5138 -0.321672 0.0685819
2.625 -28.6953 -0.322548 0.0690027
2.63 -28.8746 -0.323413 0.0694184
2.635 -29.0515 -0.324267 0.0698283
2.64 -29.2258 -0.325108 0.0702324
2.645 -29.3975 -0.325937 0.0706304
2.65 -29.5666 -0.326753 0.0710224
2.655 -29.7331 -0.327556 0.0714083
2.66 -29.8971 -0.328348 0.0717883
2.665 -30.0585 -0.329126 0.0721626
2.67 -30.2175 -0.329884 0.0725311
2.675 -30.3741 -0.330623 0.072894
2.68 -30.5282 -0.331351 0.0732513
2.685 -30.6798 -0.332067 0.0736028
2.69 -30.8289 -0.332771 0.0739484
2.695 -30.9754 -0.333464 0.074288
2.7 -31.1191 -0.334143 0.0746211
2.705 -31.2599 -0.334809 0.0749476
2.71 -31.3977 -0.335461 0.0752668
2.715 -31.5321 -0.336096 0.0755784
2.72 -31.6629 -0.336715 0.0758816
2.725 -31.7898 -0.337315 0.0761758
2.73 -31.9125 -0.337896 0.0764602
2.735 -32.0307 -0.338455 0.0767343
2.74 -32.1443 -0.338993 0.0769975
2.745 -32.2529 -0.339507 0.0772494
2.75 -32.3566 -0.339997 0.0774897
2.755 -32.4551 -0.340464 0.0777181
2.76 -32.5485 -0.340906 0.0779347
2.765 -32.6369 -0.341324 0.0781395
2.77 -32.7203 -0.341719 0.0783328
2.775 -32.799 -0.342091 0.0785153
2.78 -32.8734 -0.342443 0.0786878
2.785 -32.944 -0.342777 0.0788514
2.79 -33.0113 -0.343096 0.0790073
2.795 -33.0757 -0.343401 0.0791567
2.8 -33.1379 -0.343695 0.0793007
2.805 -33.1983 -0.343981 0.0794408
2.81 -33.2576 -0.344261 0.0795782
2.815 -33.3164 -0.34454 0.0797146
2.82 -33.3753 -0.344819 0.0798512
2.825 -33.4349 -0.345101 0.0799894
2.83 -33.4956 -0.345388 0.0801301
2.835 -33.5579 -0.345683 0.0802744
2.84 -33.6221 -0.345986 0.0804232
2.845 -33.6885 -0.346301 0.0805773
2.85 -33.7575 -0.346627 0.0807372
2.855 -33.8294 -0.346967 0.0809038
2.86 -33.9043 -0.347322 0.0810774
2.865 -33.9825 -0.347692 0.0812588
2.87 -34.0643 -0.348079 0.0814484
2.875 -34.1498 -0.348484 0.0816465
2.88 -34.2391 -0.348906 0.0818535
2.885 -34.3326 -0.349349 0.0820703
2.89 -34.431 -0.349815 0.0822983
2.895 -34.5346 -0.350305 0.0825384
2.9 -34.6436 -0.350821 0.0827912
2.905 -34.7582 -0.351363 0.0830568
2.91 -34.8782 -0.351931 0.0833349
2.915 -35.0034 -0.352524 0.0836252
2.92 -35.1334 -0.353139 0.0839266
2.925 -35.2677 -0.353774 0.0842378
2.93 -35.4057 -0.354428 0.0845578
2.935 -35.5473 -0.355098 0.0848859
2.94 -35.692 -0.355783 0.0852215
2.945 -35.8396 -0.356481 0.0855637
2.95 -35.9897 -0.357191 0.0859114
2.955 -36.1417 -0.357911 0.0862639
2.96 -36.2954 -0.358638 0.0866201
2.965 -36.4503 -0.359371 0.0869793
2.97 -36.6061 -0.360108 0.0873404
2.975 -36.7623 -0.360848 0.0877025
2.98 -36.9185 -0.361587 0.0880645
2.985 -37.0741 -0.362323 0.0884252
2.99 -37.2287 -0.363055 0.0887836
2.995 -37.3819 -0.36378 0.0891387
3 -37.5334 -0.364497 0.0894901
3.005 -37.6831 -0.365205 0.089837
3.01 -37.8308 -0.365904 0.0901793
3.015 -37.9762 -0.366592 0.0905164
3.02 -38.1194 -0.36727 0.0908482
3.025 -38.2601 -0.367936 0.0911746
3.03 -38.3986 -0.368591 0.0914955
3.035 -38.5347 -0.369238 0.091811
3.04 -38.6684 -0.369878 0.092121
3.045 -38.7998 -0.370506 0.0924256
3.05 -38.9289 -0.371123 0.0927248
3.055 -39.0555 -0.371728 0.0930184
3.06 -39.1798 -0.372321 0.0933064
3.065 -39.3016 -0.372903 0.0935887
3.07 -39.4209 -0.373473 0.0938652
3.075 -39.5376 -0.374031 0.0941359
3.08 -39.6519 -0.374577 0.0944007
3.085 -39.7634 -0.375109 0.0946591
3.09 -39.872 -0.375628 0.0949111
3.095 -39.9777 -0.376133 0.0951561
3.1 -40.0803 -0.376623 0.0953939
3.105 -40.1795 -0.377097 0.0956238
3.11 -40.275 -0.377553 0.0958453
3.115 -40.3667 -0.377991 0.0960577
3.12 -40.4542 -0.378409 0.0962605
3.125 -40.5373 -0.378806 0.0964533
3.13 -40.6161 -0.379183 0.0966358
3.135 -40.6903 -0.379537 0.0968078
3.14 -40.7598 -0.379869 0.096969
3.145 -40.8248 -0.38018 0.0971196
3.15 -40.8851 -0.380468 0.0972594
3.155 -40.9407 -0.380733 0.0973883
3.16 -40.9916 -0.380976 0.0975063
3.165 -41.0376 -0.381196 0.097613
3.17 -41.0786 -0.381392 0.0977079
3.175 -41.1141 -0.381562 0.0977903
3.18 -41.1439 -0.381704 0.0978593
3.185 -41.1677 -0.381818 0.0979146
3.19 -41.1855 -0.381903 0.0979557
3.195 -41.1973 -0.381959 0.0979831
3.2 -41.2037 -0.38199 0.0979979
3.205 -41.2055 -0.381998 0.0980021
3.21 -41.2038 -0.381993 0.0979981
3.215 -41.1996 -0.382 0.0979876
3.22 -41.1938 -0.382023 0.0979723
3.225 -41.1869 -0.38205 0.0979545
3.23 -41.1796 -0.382078 0.0979354
3.235 -41.1722 -0.382106 0.0979163
3.24 -41.1651 -0.382133 0.0978978
3.245 -41.1585 -0.382159 0.0978806
3.25 -41.1526 -0.382181 0.0978654
3.255 -41.1476 -0.3822 0.0978526
3.26 -41.1438 -0.382215 0.0978428
3.265 -41.1413 -0.382224 0.0978364
3.27 -41.1403 -0.382228 0.0978339
3.275 -41.141 -0.382227 0.0978355
3.28 -41.1434 -0.38222 0.0978417
3.285 -41.1477 -0.38221 0.0978529
3.29 -41.154 -0.382195 0.0978694
3.295 -41.1627 -0.382173 0.0978918
3.3 -41.1738 -0.382146 0.0979206
3.305 -41.1875 -0.382112 0.0979564
3.31 -41.2041 -0.382076 0.0979994
3.315 -41.2238 -0.382126 0.0980479
3.32 -41.2464 -0.382254 0.0981007
3.325 -41.2723 -0.382377 0.0981599
3.33 -41.3011 -0.382509 0.0982263
3.335 -41.3329 -0.382652 0.0982995
3.34 -41.3674 -0.382817 0.0983791
3.345 -41.4044 -0.383004 0.0984644
3.35 -41.4434 -0.383199 0.0985547
3.355 -41.4842 -0.383399 0.098649
3.36 -41.5263 -0.383605 0.0987465
3.365 -41.5694 -0.383814 0.0988462
3.37 -41.6131 -0.384025 0.0989474
3.375 -41.6571 -0.384236 0.0990493
3.38 -41.7009 -0.384447 0.0991509
3.385 -41.7443 -0.384654 0.0992515
3.39 -41.787 -0.384858 0.0993504
3.395 -41.8287 -0.385057 0.099447
3.4 -41.8693 -0.38525 0.0995409
3.405 -41.9083 -0.385436 0.0996314
3.41 -41.9455 -0.385612 0.0997177
3.415 -41.9804 -0.385778 0.0997986
3.42 -42.0125 -0.38593 0.0998729
3.425 -42.041 -0.386066 0.0999391
3.43 -42.0654 -0.386182 0.0999956
3.435 -42.0849 -0.386274 0.100041
3.44 -42.0988 -0.38634 0.100073
3.445 -42.1066 -0.386377 0.100091
3.45 -42.1078 -0.386383 0.100094
3.455 -42.1019 -0.386364 0.10008
3.46 -42.0889 -0.38638 0.100047
3.465 -42.0685 -0.386449 0.0999937
3.47 -42.0406 -0.38655 0.0999214
3.475 -42.0054 -0.386684 0.0998306
3.48 -41.9631 -0.386849 0.0997225
3.485 -41.9142 -0.387045 0.0995986
3.49 -41.8593 -0.387276 0.0994608
3.495 -41.7991 -0.387544 0.0993113
3.5 -41.7345 -0.38785 0.0991523
3.505 -41.6662 -0.388192 0.0989857
3.51 -41.5951 -0.388567 0.0988132
3.515 -41.5219 -0.38897 0.0986367
3.52 -41.4472 -0.389397 0.0984577
3.525 -41.3719 -0.389844 0.0982777
3.53 -41.2964 -0.390305 0.0980977
3.535 -41.2212 -0.39078 0.0979187
3.54 -41.1467 -0.391266 0.0977416
3.545 -41.0731 -0.391758 0.0975671
3.55 -41.0008 -0.392253 0.0973958
3.555 -40.9301 -0.39275 0.0972284
3.56 -40.8612 -0.393245 0.0970656
3.565 -40.7944 -0.393734 0.0969077
3.57 -40.73 -0.394216 0.0967555
3.575 -40.6681 -0.39469 0.0966095
3.58 -40.6091 -0.395153 0.0964704
3.585 -40.5533 -0.395601 0.0963388
3.59 -40.5009 -0.39603 0.0962154
3.595 -40.4527 -0.396434 0.096102
3.6 -40.4099 -0.396801 0.0960011
3.605 -40.3733 -0.397121 0.095915
3.61 -40.3435 -0.397387 0.0958447
3.615 -40.3204 -0.397597 0.0957904
3.62 -40.304 -0.397749 0.0957519
3.625 -40.2944 -0.39784 0.0957293
3.63 -40.2915 -0.397871 0.0957225
3.635 -40.2952 -0.397846 0.0957315
3.64 -40.3056 -0.397809 0.0957579
3.645 -40.3226 -0.397779 0.0958021
3.65 -40.3461 -0.397732 0.095863
3.655 -40.376 -0.397669 0.0959404
3.66 -40.4122 -0.397591 0.0960335
3.665 -40.4546 -0.397488 0.0961417
3.67 -40.5028 -0.39736 0.0962641
3.675 -40.5568 -0.397217 0.0963998
3.68 -40.6163 -0.39706 0.0965478
3.685 -40.6811 -0.396891 0.0967077
3.69 -40.7512 -0.396711 0.0968788
3.695 -40.8261 -0.396521 0.0970607
3.7 -40.9059 -0.396324 0.0972531
3.705 -40.9903 -0.39613 0.0974557
3.71 -41.0791 -0.39594 0.097668
3.715 -41.172 -0.395746 0.0978897
3.72 -41.2689 -0.395563 0.0981201
3.725 -41.3691 -0.395394 0.0983583
3.73 -41.4721 -0.39526 0.0986027
3.735 -41.577 -0.395194 0.0988509
3.74 -41.6828 -0.3952 0.0991006
3.745 -41.7883 -0.395269 0.0993493
3.75 -41.8926 -0.395411 0.0995943
3.755 -41.9947 -0.395721 0.0998321
3.76 -42.0938 -0.396143 0.100061
3.765 -42.1891 -0.396538 0.100282
3.77 -42.2797 -0.396911 0.100491
3.775 -42.3653 -0.397279 0.100689
3.78 -42.4452 -0.397643 0.100874
3.785 -42.5191 -0.397982 0.101046
3.79 -42.5869 -0.39829 0.101202
3.795 -42.6484 -0.398566 0.101345
3.8 -42.7037 -0.398813 0.101473
3.805 -42.7527 -0.39903 0.101587
3.81 -42.7955 -0.399218 0.101686
3.815 -42.832 -0.399378 0.10177
3.82 -42.8622 -0.399511 0.10184
3.825 -42.8862 -0.399616 0.101896
3.83 -42.904 -0.399695 0.101937
3.835 -42.9156 -0.399747 0.101964
3.84 -42.9212 -0.399773 0.101977
3.845 -42.9208 -0.399775 0.101976
3.85 -42.9144 -0.399783 0.10196
3.855 -42.9021 -0.399819 0.101927
3.86 -42.8838 -0.39987 0.10188
3.865 -42.8596 -0.399937 0.101817
3.87 -42.8293 -0.40002 0.101739
3.875 -42.793 -0.400119 0.101646
3.88 -42.7505 -0.400236 0.101539
3.885 -42.7019 -0.400372 0.101416
3.89 -42.6472 -0.400526 0.101279
3.895 -42.5863 -0.400699 0.101129
3.9 -42.5193 -0.400892 0.100964
3.905 -42.4461 -0.401105 0.100786
3.91 -42.3667 -0.401337 0.100593
3.915 -42.281 -0.401587 0.100387
3.92 -42.1887 -0.401857 0.100165
3.925 -42.0897 -0.402146 0.0999279
3.93 -41.9836 -0.402454 0.0996746
3.935 -41.8703 -0.402833 0.0994045
3.94 -41.7495 -0.40331 0.0991173
3.945 -41.6212 -0.403831 0.0988129
3.95 -41.4855 -0.404414 0.0984912
3.955 -41.3424 -0.405456 0.0981537
3.96 -41.1921 -0.406977 0.097801
3.965 -41.0351 -0.408652 0.0974326
3.97 -40.8714 -0.410451 0.097049
3.975 -40.7015 -0.412381 0.0966509
3.98 -40.5255 -0.414551 0.0962394
3.985 -40.3438 -0.417108 0.0958155
3.99 -40.1566 -0.420674 0.0953814
3.995 -39.9639 -0.424915 0.0949369
4 -39.766 -0.429269 0.0944805
4.005 -39.5631 -0.433633 0.0940115
4.01 -39.3553 -0.435556 0.0935223
4.015 -39.1428 -0.435399 0.0930138
4.02 -38.9257 -0.435392 0.0924948
4.025 -38.7041 -0.435379 0.091966
4.03 -38.4784 -0.435375 0.0914277
4.035 -38.2486 -0.435393 0.0908801
4.04 -38.015 -0.435459 0.0903238
4.045 -37.7779 -0.435762 0.0897601
4.05 -37.5375 -0.436295 0.0891895
4.055 -37.2943 -0.436573 0.088611
4.06 -37.0484 -0.436589 0.0880252
4.065 -36.8002 -0.436653 0.0874341
4.07 -36.5501 -0.436765 0.0868386
4.075 -36.2984 -0.436927 0.0862396
4.08 -36.0457 -0.43714 0.0856383
4.085 -35.7923 -0.43742 0.0850357
4.09 -35.5388 -0.437881 0.0844334
4.095 -35.2857 -0.438539 0.0838326
4.1 -35.0332 -0.439328 0.0832339
4.105 -34.7818 -0.440274 0.0826384
4.11 -34.5317 -0.441405 0.0820472
4.115 -34.2835 -0.442774 0.0814613
4.12 -34.0373 -0.444484 0.0808816
4.125 -33.7935 -0.446685 0.0803092
4.13 -33.5523 -0.449762 0.0797461
4.135 -33.3139 -0.45357 0.0791925
4.14 -33.0787 -0.455334 0.0786368
4.145 -32.8469 -0.454797 0.0780809
4.15 -32.6188 -0.454227 0.0775353
4.155 -32.3945 -0.453759 0.076999
4.16 -32.1741 -0.453327 0.0764723
4.165 -31.9579 -0.452928 0.0759554
4.17 -31.7459 -0.452554 0.0754486
4.175 -31.5381 -0.452224 0.0749521
4.18 -31.3346 -0.452106 0.0744666
4.185 -31.1354 -0.452193 0.0739923
4.19 -30.9404 -0.452332 0.073528
4.195 -30.7493 -0.452525 0.0730734
4.2 -30.5619 -0.452778 0.0726275
4.205 -30.3774 -0.453095 0.0721892
4.21 -30.1953 -0.453478 0.0717567
4.215 -30.0149 -0.453936 0.0713285
4.22 -29.8356 -0.454477 0.0709033
4.225 -29.6568 -0.455116 0.07048
4.23 -29.478 -0.455917 0.0700576
4.235 -29.2989 -0.456948 0.069635
4.24 -29.1191 -0.458234 0.0692116
4.245 -28.9383 -0.459845 0.068787
4.25 -28.7562 -0.461935 0.0683612
4.255 -28.5729 -0.464867 0.0679353
4.26 -28.3881 -0.469018 0.067511
4.265 -28.2019 -0.470726 0.067072
4.27 -28.0141 -0.469261 0.0666169
4.275 -27.8248 -0.467885 0.0661605
4.28 -27.6339 -0.466707 0.0657007
4.285 -27.4414 -0.465617 0.0652376
4.29 -27.2472 -0.464599 0.0647708
4.295 -27.0514 -0.463638 0.0643001
4.3 -26.8535 -0.462724 0.0638249
4.305 -26.6534 -0.462012 0.0633453
4.31 -26.4508 -0.461509 0.0628606
4.315 -26.2454 -0.461062 0.0623692
4.32 -26.0367 -0.460679 0.0618704
4.325 -25.8244 -0.460379 0.0613633
4.33 -25.608 -0.460171 0.060847
4.335 -25.3873 -0.460062 0.0603209
4.34 -25.162 -0.460074 0.0597844
4.345 -24.9318 -0.460152 0.0592366
4.35 -24.6965 -0.459734 0.0586743
4.355 -24.4561 -0.458848 0.0580976
4.36 -24.2104 -0.458 0.0575087
4.365 -23.9596 -0.457187 0.0569076
4.37 -23.7037 -0.456426 0.0562948
4.375 -23.4431 -0.455741 0.055671
4.38 -23.1785 -0.455354 0.0550388
4.385 -22.9106 -0.455146 0.0543997
4.39 -22.6407 -0.453936 0.0537509
4.395 -22.3695 -0.451848 0.0530953
4.4 -22.0982 -0.44985 0.0524393
4.405 -21.8273 -0.447917 0.051785
4.41 -21.5578 -0.446035 0.051134
4.415 -21.2902 -0.444202 0.050488
4.42 -21.0253 -0.442419 0.0498484
4.425 -20.7635 -0.440688 0.0492166
4.43 -20.5053 -0.439041 0.0485937
4.435 -20.2511 -0.437634 0.0479816
4.44 -20.0013 -0.43645 0.0473808
4.445 -19.756 -0.435367 0.0467914
4.45 -19.5157 -0.434396 0.0462144
4.455 -19.2811 -0.433576 0.0456512
4.46 -19.0525 -0.432923 0.0451032
4.465 -18.8302 -0.432413 0.0445708
4.47 -18.6141 -0.432066 0.044054
4.475 -18.4043 -0.431905 0.043553
4.48 -18.2009 -0.431967 0.0430679
4.485 -18.0038 -0.432025 0.042598
4.49 -17.8132 -0.431078 0.0421384
4.495 -17.6292 -0.429335 0.0416903
4.5 -17.4517 -0.427736 0.0412585
4.505 -17.2809 -0.426242 0.0408431
4.51 -17.1168 -0.424838 0.0404441
4.515 -16.9594 -0.423517 0.0400615
4.52 -16.8086 -0.42227 0.0396953
4.525 -16.6646 -0.421092 0.0393454
4.53 -16.5272 -0.419981 0.0390118
4.535 -16.3965 -0.418934 0.0386945
4.54 -16.2725 -0.417948 0.0383934
4.545 -16.1551 -0.417022 0.0381084
4.55 -16.0442 -0.416152 0.0378395
4.555 -15.9399 -0.415339 0.0375864
4.56 -15.8422 -0.41458 0.0373492
4.565 -15.7509 -0.413874 0.0371276
4.57 -15.6658 -0.413222 0.0369212
4.575 -15.5864 -0.412665 0.0367291
4.58 -15.5123 -0.412193 0.0365498
4.585 -15.4427 -0.411755 0.0363815
4.59 -15.377 -0.411345 0.0362227
4.595 -15.3146 -0.410961 0.036072
4.6 -15.2549 -0.410596 0.0359278
4.605 -15.1971 -0.410246 0.0357882
4.61 -15.1405 -0.409921 0.0356515
4.615 -15.0843 -0.409616 0.0355157
4.62 -15.0277 -0.409314 0.0353791
4.625 -14.97 -0.40901 0.0352397
4.63 -14.9103 -0.408703 0.0350958
4.635 -14.848 -0.408388 0.0349454
4.64 -14.7822 -0.408063 0.0347867
4.645 -14.7124 -0.407728 0.0346184
4.65 -14.6379 -0.407382 0.0344389
4.655 -14.5583 -0.407026 0.034247
4.66 -14.4729 -0.406654 0.0340413
4.665 -14.3813 -0.40607 0.0338193
4.67 -14.283 -0.405263 0.0335801
4.675 -14.1777 -0.404415 0.0333238
4.68 -14.0651 -0.403522 0.0330501
4.685 -13.9452 -0.402578 0.0327583
4.69 -13.8176 -0.401583 0.0324481
4.695 -13.6824 -0.40052 0.0321191
4.7 -13.5392 -0.399269 0.0317699
4.705 -13.3879 -0.397841 0.0314002
4.71 -13.2284 -0.396349 0.0310103
4.715 -13.0603 -0.394789 0.0305998
4.72 -12.8836 -0.393157 0.0301682
4.725 -12.6982 -0.391455 0.0297151
4.73 -12.5037 -0.389681 0.0292404
4.735 -12.3003 -0.387833 0.0287436
4.74 -12.0878 -0.385911 0.0282247
4.745 -11.8661 -0.383916 0.0276835
4.75 -11.6352 -0.381892 0.0271201
4.755 -11.3951 -0.379619 0.0265326
4.76 -11.1456 -0.377076 0.0259205
4.765 -10.8867 -0.374507 0.0252855
4.77 -10.6182 -0.371889 0.0246275
4.775 -10.34 -0.369196 0.0239457
4.78 -10.052 -0.366426 0.0232401
4.785 -9.75409 -0.363583 0.0225105
4.79 -9.44644 -0.360669 0.0217571
4.795 -9.12919 -0.357689 0.0209803
4.8 -8.8026 -0.354661 0.0201811
4.805 -8.46706 -0.351678 0.019361
4.81 -8.12302 -0.348758 0.0185214
4.815 -7.77096 -0.345851 0.0176629
4.82 -7.41134 -0.342984 0.0167867
4.825 -7.0446 -0.340236 0.0158936
4.83 -6.67122 -0.336923 0.0149775
4.835 -6.29168 -0.333012 0.0140395
4.84 -5.9065 -0.329156 0.013088
4.845 -5.5162 -0.325302 0.0121243
4.85 -5.12124 -0.321494 0.0111501
4.855 -4.72212 -0.318018 0.0101697
4.86 -4.31931 -0.314838 0.00918321
4.865 -3.91328 -0.310772 0.00817335
4.87 -3.50446 -0.305955 0.00714202
4.875 -3.0932 -0.301295 0.00610549
4.88 -2.67985 -0.29664 0.00506341
4.885 -2.26468 -0.291641 0.00399986
4.89 -1.84794 -0.286333 0.00291652
4.895 -1.4298 -0.28103 0.00182712
4.9 -1.01038 -0.275475 0.000707556
4.905 -0.589739 -0.269761 -0.00043684
4.91 -0.167915 -0.264029 -0.00159679
4.915 0.255066 -0.258272 -0.00278894
4.92 0.679161 -0.252976 -0.00399813
4.925 1.1043 -0.248213 -0.00520999
4.93 1.53038 -0.243548 -0.00642248
4.935 1.95723 -0.23888 -0.00762955
4.94 2.38462 -0.234201 -0.00882652
4.945 2.81224 -0.229402 -0.0100135
4.95 3.23973 -0.22423 -0.0111905
4.955 3.66671 -0.2183 -0.0123344
4.96 4.09284 -0.211793 -0.0134365
4.965 4.5178 -0.205415 -0.0144902
4.97 4.94136 -0.199876 -0.0154409
4.975 5.36333 -0.196299 -0.0162429
4.98 5.78355 -0.194417 -0.0169711
4.985 6.2019 -0.195341 -0.0176685
4.99 6.61828 -0.197151 -0.0184167
4.995 7.03258 -0.201562 -0.0192158
5 7.44477 -0.239454 -0.0197114
5.005 7.8548 -0.278299 -0.0203241
5.01 8.2624 0.0837016 -0.0223788
5.015 8.66724 0.315131 -0.019804
