0.1 1.16868e-31 200 8.9706e-14
0.2 -1.75302e-31 400 1.35003e-13
0.3 -2.33737e-31 600 -1.15463e-13
0.4 -4.67473e-31 800 3.8014e-13
0.5 -9.9338e-31 1000 -1.91847e-13
0.6 2.80484e-30 1200 -5.54223e-13
0.7 4.67473e-31 1400 -6.07514e-13
0.8 1.62155e-30 1600 -2.84217e-14
0.9 -3.50605e-31 1800 2.84217e-13
1 1.86989e-30 2000 7.60281e-13
0.005 -0.00106513 2000 0.461716
0.01 -0.00531783 2000 2.30014
0.015 -0.0138089 2000 5.96772
0.02 -0.0265239 2000 11.4602
0.025 -0.043447 2000 18.7707
0.03 -0.064562 2000 27.8921
0.035 -0.0898514 2000 38.8171
0.04 -0.119297 2000 51.5377
0.045 -0.152881 2000 66.0459
0.05 -0.190583 2000 82.3334
0.055 -0.232383 2000 100.391
0.06 -0.27826 2000 120.21
0.065 -0.328194 2000 141.782
0.07 -0.382163 2000 165.097
0.075 -0.440151 2000 190.148
0.08 -0.502138 2000 216.927
0.085 -0.568105 2000 245.425
0.09 -0.638033 2000 275.634
0.095 -0.711898 2000 307.545
0.1 -0.78968 2000 341.147
0.105 -0.871353 2000 376.43
0.11 -0.956888 2000 413.382
0.115 -1.04625 2000 451.988
0.12 -1.13941 2000 492.232
0.125 -1.23633 2000 534.103
0.13 -1.337 2000 577.593
0.135 -1.4414 2000 622.697
0.14 -1.54953 2000 669.408
0.145 -1.66136 2000 717.719
0.15 -1.77686 2000 767.618
0.155 -1.89602 2000 819.093
0.16 -2.01878 2000 872.127
0.165 -2.14511 2000 926.705
0.17 -2.275 2000 982.818
0.175 -2.40842 2000 1040.46
0.18 -2.54532 2000 1099.6
0.185 -2.68566 2000 1160.22
0.19 -2.82936 2000 1222.31
0.195 -2.9764 2000 1285.83
0.2 -3.12674 2000 1350.78
0.205 -3.28038 2000 1417.15
0.21 -3.43732 2000 1484.95
0.215 -3.59755 2000 1554.17
0.22 -3.76108 2000 1624.81
0.225 -3.92786 2000 1696.87
0.23 -4.09788 2000 1770.32
0.235 -4.27109 2000 1845.15
0.24 -4.44748 2000 1921.34
0.245 -4.627 2000 1998.9
0.25 -4.80962 2000 2077.79
0.255 -4.99526 1999.99 2157.99
0.26 -5.18384 1999.99 2239.46
0.265 -5.37529 1999.99 2322.17
0.27 -5.56962 1999.99 2406.12
0.275 -5.76684 1999.99 2491.32
0.28 -5.96697 1999.99 2577.78
0.285 -6.16999 1999.99 2665.48
0.29 -6.37585 1999.99 2754.42
0.295 -6.58449 1999.99 2844.55
0.3 -6.79581 1999.99 2935.84
0.305 -7.0097 1999.99 3028.25
0.31 -7.22608 1999.99 3121.72
0.315 -7.44487 1999.99 3216.24
0.32 -7.66604 1999.99 3311.79
0.325 -7.88953 1999.99 3408.34
0.33 -8.11525 1999.99 3505.85
0.335 -8.34313 1999.99 3604.3
0.34 -8.57315 1999.99 3703.67
0.345 -8.80531 1999.99 3803.96
0.35 -9.03961 1999.99 3905.18
0.355 -9.27607 1999.99 4007.34
0.36 -9.51473 1999.99 4110.44
0.365 -9.75564 1999.99 4214.51
0.37 -9.99884 1999.99 4319.58
0.375 -10.2443 1999.99 4425.63
0.38 -10.492 1999.99 4532.64
0.385 -10.7419 1999.99 4640.6
0.39 -10.9939 1999.99 4749.45
0.395 -11.2478 1999.99 4859.13
0.4 -11.5034 1999.99 4969.58
0.405 -11.7608 1999.99 5080.74
0.41 -12.0197 1999.99 5192.59
0.415 -12.2801 1999.99 5305.11
0.42 -12.5421 1999.99 5418.28
0.425 -12.8055 1999.99 5532.08
0.43 -13.0704 1999.99 5646.53
0.435 -13.3369 1999.99 5761.65
0.44 -13.6051 1999.99 5877.49
0.445 -13.8749 1999.99 5994.06
0.45 -14.1463 1999.99 6111.32
0.455 -14.4192 1999.99 6229.2
0.46 -14.6932 1999.99 6347.58
0.465 -14.9681 1999.99 6466.34
0.47 -15.2437 1999.99 6585.38
0.475 -15.5197 1999.99 6704.61
0.48 -15.796 1999.99 6824.01
0.485 -16.0728 1999.99 6943.56
0.49 -16.3498 1999.99 7063.23
0.495 -16.627 1999.99 7183
0.5 -16.9045 1999.99 7302.86
0.505 -17.1821 1999.99 7422.82
0.51 -17.4603 1999.99 7542.96
0.515 -17.739 1999.99 7663.36
0.52 -18.0183 1999.99 7784.04
0.525 -18.2984 1999.99 7905.04
0.53 -18.5792 1999.99 8026.35
0.535 -18.8606 1999.99 8147.92
0.54 -19.1425 1999.99 8269.71
0.545 -19.4248 1999.99 8391.63
0.55 -19.7072 1999.99 8513.64
0.555 -19.9895 1999.99 8635.62
0.56 -20.2716 1999.99 8757.48
0.565 -20.5532 1999.99 8879.12
0.57 -20.8342 1999.99 9000.5
0.575 -21.1145 1999.99 9121.61
0.58 -21.3942 1999.99 9242.42
0.585 -21.6731 1999.99 9362.92
0.59 -21.9512 1999.99 9483.06
0.595 -22.2285 1999.99 9602.86
0.6 -22.505 1999.99 9722.33
0.605 -22.7809 1999.99 9841.52
0.61 -23.0508 2000.01 9958.83
0.615 -23.3194 2000.02 10075.3
0.62 -23.5897 2000.02 10191.8
0.625 -23.8589 2000.01 10308
0.63 -24.1271 2000.01 10423.7
0.635 -24.3941 2000 10538.9
0.64 -24.6584 2000.01 10653.2
0.645 -24.9178 2000.02 10765.8
0.65 -25.1796 2000.02 10878.6
0.655 -25.4415 2000.01 10991.6
0.66 -25.7036 2000.01 11104.7
0.665 -25.9657 2000 11217.8
0.67 -26.2276 2000 11330.9
0.675 -26.4794 2000.04 11440.8
0.68 -26.7267 2000.07 11548.4
0.685 -26.9754 2000.06 11655.4
0.69 -27.22 2000.04 11760.7
0.695 -27.4603 2000.03 11864.2
0.7 -27.6932 2000.05 11964.9
0.705 -27.9101 2000.1 12059.2
0.71 -28.127 2000.08 12152.6
0.715 -28.3409 2000.06 12244.7
0.72 -28.552 2000.05 12335.6
0.725 -28.7604 2000.04 12425.5
0.73 -28.9646 2000.03 12513.7
0.735 -29.1579 2000.06 12597.8
0.74 -29.351 2000.05 12681
0.745 -29.5404 2000.04 12762.6
0.75 -29.7259 2000.03 12842.5
0.755 -29.8952 2000.11 12916.6
0.76 -30.0629 2000.14 12989.3
0.765 -30.23 2000.11 13061.1
0.77 -30.3947 2000.09 13131.9
0.775 -30.5577 2000.07 13202.1
0.78 -30.7198 2000.06 13271.9
0.785 -30.8816 2000.04 13341.7
0.79 -31.0434 2000.03 13411.4
0.795 -31.2053 2000.03 13481.3
0.8 -31.3669 2000.02 13551
0.805 -31.5278 2000.02 13620.4
0.81 -31.6872 2000.01 13689.2
0.815 -31.8398 2000.04 13755.8
0.82 -31.973 2000.13 13814.4
0.825 -32.1081 2000.1 13872.4
0.83 -32.2398 2000.08 13929
0.835 -32.3679 2000.07 13984.1
0.84 -32.4922 2000.05 14037.6
0.845 -32.6124 2000.04 14089.3
0.85 -32.7286 2000.03 14139.4
0.855 -32.8407 2000.03 14187.7
0.86 -32.9486 2000.02 14234.3
0.865 -33.0519 2000.02 14278.8
0.87 -33.1501 2000.01 14321.1
0.875 -33.2428 2000.01 14361.2
0.88 -33.33 2000.01 14398.8
0.885 -33.4115 2000.01 14434
0.89 -33.4874 2000 14466.7
0.895 -33.5577 2000 14497.1
0.9 -33.6226 2000 14525.1
0.905 -33.6822 2000 14550.8
0.91 -33.7365 2000 14574.2
0.915 -33.7855 2000 14595.4
0.92 -33.8293 2000 14614.3
0.925 -33.8683 2000 14631.2
0.93 -33.9031 2000 14646.2
0.935 -33.9338 2000 14659.4
0.94 -33.9608 2000 14671.1
0.945 -33.9843 2000 14681.3
0.95 -34.0043 2000 14689.9
0.955 -34.0209 2000 14697
0.96 -34.0338 2000 14702.6
0.965 -34.043 2000 14706.6
0.97 -34.048 2000 14708.8
0.975 -34.0484 2000 14708.9
0.98 -34.0416 1999.98 14706.1
0.985 -34.0278 1999.97 14700.2
0.99 -34.007 1999.97 14691.2
0.995 -33.9788 1999.98 14679
1 -33.9435 1999.98 14663.7
1.005 -33.9013 1999.99 14645.5
1.01 -33.8527 1999.99 14624.4
1.015 -33.7978 1999.99 14600.7
1.02 -33.7366 1999.99 14574.3
1.025 -33.6692 1999.99 14545.1
1.03 -33.5953 1999.99 14513.2
1.035 -33.5146 2000 14478.3
1.04 -33.4264 2000 14440.2
1.045 -33.33 2000 14398.6
1.05 -33.2247 2000 14353.1
1.055 -33.1101 2000 14303.6
1.06 -32.9856 2000 14249.8
1.065 -32.8508 2000 14191.5
1.07 -32.7054 2000 14128.8
1.075 -32.5499 2000 14061.5
1.08 -32.3845 2000 13990.1
1.085 -32.2097 2000 13914.6
1.09 -32.0255 2000 13835
1.095 -31.8323 2000 13751.6
1.1 -31.6303 2000 13664.3
1.105 -31.4115 2000.06 13570.5
1.11 -31.1632 2000.17 13464.9
1.115 -30.905 2000.17 13353.6
1.12 -30.6385 2000.14 13238
1.125 -30.361 2000.11 13117.6
1.13 -30.0721 2000.09 12992.5
1.135 -29.7715 2000.07 12862.4
1.14 -29.4587 2000.06 12727.1
1.145 -29.1344 2000.05 12586.8
1.15 -28.7818 2000.16 12436
1.155 -28.4173 2000.21 12279.2
1.16 -28.0476 2000.17 12118.9
1.165 -27.658 2000.19 11951.7
1.17 -27.2559 2000.21 11778.6
1.175 -26.8496 2000.17 11602.3
1.18 -26.4163 2000.24 11416.1
1.185 -25.9608 2000.3 11220
1.19 -25.4979 2000.24 11019.1
1.195 -25.019 2000.19 10811.4
1.2 -24.5079 2000.23 10592
1.205 -23.9728 2000.25 10362
1.21 -23.4284 2000.2 10125.7
1.215 -22.8678 2000.16 9882.58
1.22 -22.2809 2000.19 9629.98
1.225 -21.6822 2000.19 9371.65
1.23 -21.0786 2000.15 9109.9
1.235 -20.46 2000.15 8842.81
1.24 -19.827 2000.16 8569.81
1.245 -19.1919 2000.13 8294.58
1.25 -18.5487 2000.1 8016
1.255 -17.8959 2000.08 7733.38
1.26 -17.2313 2000.07 7445.8
1.265 -16.5528 2000.05 7152.29
1.27 -15.8583 2000.04 6851.96
1.275 -15.146 2000.03 6543.97
1.28 -14.4142 2000.03 6227.63
1.285 -13.662 2000.02 5902.5
1.29 -12.8891 2000.02 5568.44
1.295 -12.0956 2000.01 5225.53
1.3 -11.2821 2000.01 4874
1.305 -10.4496 2000 4514.25
1.31 -9.59885 1999.99 4146.64
1.315 -8.73046 1999.99 3771.44
1.32 -7.84535 1999.98 3389.01
1.325 -6.945 1999.97 2999.97
1.33 -6.03048 1999.95 2604.87
1.335 -5.10375 1999.94 2204.5
1.34 -4.16723 1999.92 1799.88
1.345 -3.22277 1999.88 1391.82
1.35 -2.27126 1999.83 980.884
1.355 -1.3155 1999.76 568.184
1.36 -0.357312 1999.66 154.577
1.365 0.604522 1999.61 -260.659
1.37 1.56824 1999.53 -676.347
1.375 2.52262 1999.26 -1086.38
1.38 3.43383 1999 -1482.26
1.385 4.34213 1999.06 -1876.95
1.39 5.26338 1999.21 -2274.83
1.395 6.18931 1999.32 -2674.78
1.4 7.11998 1999.42 -3076.83
1.405 8.05541 1999.5 -3480.96
1.41 8.99555 1999.56 -3887.14
1.415 9.94039 1999.62 -4295.36
1.42 10.89 1999.66 -4705.65
1.425 11.8449 1999.69 -5118.2
1.43 12.8057 1999.72 -5533.32
1.435 13.7733 1999.74 -5951.35
1.44 14.7482 1999.76 -6372.54
1.445 15.7306 1999.77 -6796.99
1.45 16.7207 1999.78 -7224.73
1.455 17.7188 1999.79 -7655.94
1.46 18.7253 1999.79 -8090.82
1.465 19.7407 1999.79 -8529.49
1.47 20.7596 1999.82 -8970.36
1.475 21.7659 1999.88 -9407.23
1.48 22.776 1999.92 -9844.66
1.485 23.7777 1999.97 -10278.9
1.49 24.737 2000.21 -10699.8
1.495 25.712 2000.28 -11123
1.5 26.6633 2000.47 -11535.3
1.505 27.5547 2000.74 -11924.7
1.51 28.4766 2000.56 -12319.3
1.515 29.3432 2000.84 -12695.9
1.52 30.0989 2001.82 -13033.3
1.525 30.8708 2002 -13368.7
1.53 31.6721 2001.58 -13709
1.535 32.4739 2001.24 -14050.8
1.54 33.217 2001.54 -14373
1.545 33.9211 2001.79 -14680.3
1.55 34.6441 2001.49 -14989.9
1.555 35.3719 2001.17 -15300.4
1.56 36.0984 2000.9 -15611.1
1.565 36.8026 2000.94 -15914.4
1.57 37.472 2001.1 -16203.6
1.575 38.1385 2000.93 -16490.9
1.58 38.792 2000.85 -16773.6
1.585 39.447 2000.72 -17055.7
1.59 40.0749 2000.81 -17330
1.595 40.6979 2000.81 -17600.1
1.6 41.3109 2000.98 -17863.4
1.605 41.8778 2001.36 -18113.1
1.61 42.434 2001.44 -18356.8
1.615 42.9794 2001.45 -18594.3
1.62 43.5089 2001.4 -18823.5
1.625 44.0354 2001.23 -19048.8
1.63 44.5256 2001.23 -19261.4
1.635 45.0051 2001.14 -19467.8
1.64 45.4462 2001.39 -19656.1
1.645 45.8844 2001.19 -19840.6
1.65 46.2704 2001.34 -20008.3
1.655 46.6472 2001.29 -20168.2
1.66 46.9849 2001.27 -20317.1
1.665 47.3211 2001.13 -20462.8
1.67 47.6501 2001.05 -20603.6
1.675 47.9667 2000.99 -20739
1.68 48.2751 2000.77 -20871.5
1.685 48.5753 2000.95 -20998.4
1.69 48.8589 2001.06 -21118.7
1.695 49.1262 2000.87 -21234
1.7 49.3817 2000.66 -21345.8
1.705 49.62 2000.57 -21451.8
1.71 49.8396 2000.51 -21550.1
1.715 50.0481 2000.34 -21642
1.72 50.2401 2000.3 -21726.2
1.725 50.3604 2000.22 -21788.4
1.73 50.4484 2000.08 -21835.2
1.735 50.42 1999.63 -21844.9
1.74 50.3745 1999.28 -21835.8
1.745 50.2367 1998.56 -21786.3
1.75 49.9899 1997.94 -21689.4
1.755 49.7866 1998.3 -21587
1.76 49.5646 1998.84 -21478
1.765 49.3132 1998.86 -21360.8
1.77 49.0319 1998.89 -21233.9
1.775 48.6986 1998.71 -21087.5
1.78 48.3683 1998.76 -20937.4
1.785 48.0282 1998.77 -20782.5
1.79 47.6755 1998.86 -20623.9
1.795 47.3308 1999.29 -20465.7
1.8 46.9731 1999.55 -20305
1.805 46.5873 1999.41 -20138.5
1.81 46.1932 1999.38 -19966.4
1.815 45.7723 1999.27 -19784.6
1.82 45.3654 1999.34 -19605.2
1.825 45.121 1999.97 -19481.7
1.83 44.8252 1999.9 -19356.2
1.835 44.5374 2000 -19231.2
1.84 44.2429 1999.97 -19104.5
1.845 43.9426 1999.87 -18975.9
1.85 43.6337 1999.75 -18845
1.855 43.3565 1999.9 -18722
1.86 43.1346 2000.21 -18619.7
1.865 42.8825 2000.05 -18514.5
1.87 42.6253 1999.82 -18406.8
1.875 42.3631 1999.61 -18296.3
1.88 42.0973 1999.5 -18183.7
1.885 41.8258 1999.4 -18068.2
1.89 41.5476 1999.29 -17949.8
1.895 41.2553 1999.05 -17826
1.9 40.9524 1998.85 -17697.2
1.905 40.6632 1998.98 -17570.2
1.91 40.4117 1999.34 -17456.6
1.915 40.1884 1999.55 -17354
1.92 40.1443 2000.39 -17315.3
1.925 40.0311 2000.19 -17272.3
1.93 39.9177 2000.02 -17228.1
1.935 39.7892 1999.57 -17178.6
1.94 39.6566 1999.25 -17125.8
1.945 39.6349 2000.09 -17102.4
1.95 39.6578 2000.78 -17101.7
1.955 39.6331 2000.56 -17097.2
1.96 39.6105 2000.38 -17092.4
1.965 39.585 2000.09 -17086
1.97 39.5578 1999.83 -17078.1
1.975 39.535 1999.79 -17070.6
1.98 39.5122 1999.76 -17062.7
1.985 39.4829 1999.55 -17052.5
1.99 39.4469 1999.32 -17039.3
1.995 39.4161 1999.38 -17026.5
2 39.4043 1999.81 -17019.1
2.005 39.3951 2000.1 -17013.7
2.01 39.377 2000.03 -17007
2.015 39.3591 1999.97 -17000.1
2.02 39.341 1999.92 -16993.1
2.025 39.3228 1999.88 -16985.8
2.03 39.3042 1999.84 -16978.3
2.035 39.2852 1999.8 -16970.5
2.04 39.2656 1999.77 -16962.4
2.045 39.2453 1999.73 -16953.9
2.05 39.2242 1999.7 -16945.1
2.055 39.2022 1999.66 -16935.8
2.06 39.179 1999.62 -16926
2.065 39.1546 1999.58 -16915.7
2.07 39.1288 1999.54 -16904.7
2.075 39.1003 1999.44 -16892.8
2.08 39.0597 1999.1 -16876.4
2.085 39.0213 1999.14 -16859.7
2.09 38.9807 1999.15 -16842.1
2.095 38.9277 1998.52 -16820.4
2.1 38.8559 1997.89 -16791.1
2.105 38.7534 1997.06 -16749.6
2.11 38.6668 1997.67 -16712
2.115 38.5638 1997.18 -16668.3
2.12 38.4788 1999.49 -16627.5
2.125 38.4513 2003.04 -16607.6
2.13 38.394 2002.24 -16583.9
2.135 38.3345 2001.62 -16559.1
2.14 38.2667 2000.89 -16531.4
2.145 38.1871 2000.19 -16498.5
2.15 38.1073 2000.01 -16464.1
2.155 38.0167 1999.35 -16426
2.16 37.92 1998.93 -16384.9
2.165 37.8152 1998.72 -16339.8
2.17 37.683 1997.34 -16285
2.175 37.5983 1997.32 -16244.9
2.18 37.4758 1996.39 -16194.1
2.185 37.1877 1993.56 -16083.5
2.19 34.8484 1927.59 -14595.3
2.195 36.4228 2027.75 -14380.4
2.2 35.5966 1910.91 -14281.1
2.205 35.836 1948.06 -14519.1
2.21 35.5298 1956.14 -14599.1
2.215 35.2714 1962.76 -14648.7
2.22 35.0333 1967.88 -14671.8
2.225 34.8386 1972.59 -14682.4
2.23 34.6795 1976.93 -14686.6
2.235 34.5497 1980.89 -14687.7
2.24 34.4444 1984.35 -14688
2.245 34.3601 1987.33 -14688.6
2.25 34.2934 1989.57 -14689.5
2.255 34.2403 1991.47 -14690.6
2.26 34.1981 1993.11 -14691.8
2.265 34.1654 1994.44 -14693.4
2.27 34.1416 1995.22 -14695.5
2.275 34.1227 1995.94 -14697.4
2.28 34.1072 1996.72 -14699.1
2.285 34.0959 1997.34 -14701
2.29 34.0879 1997.85 -14703
2.295 34.0827 1998.26 -14705.2
2.3 34.0797 1998.61 -14707.4
2.305 34.0787 1998.9 -14709.9
2.31 34.0792 1999.11 -14712.4
2.315 34.0807 1999.28 -14715
2.32 34.0832 1999.42 -14717.6
2.325 34.0863 1999.53 -14720.1
2.33 34.0899 1999.62 -14722.7
2.335 34.0939 1999.69 -14725.2
2.34 34.0983 1999.75 -14727.8
2.345 34.103 1999.8 -14730.3
2.35 34.1078 1999.83 -14732.8
2.355 34.1129 1999.86 -14735.4
2.36 34.1182 1999.89 -14737.9
2.365 34.1236 1999.91 -14740.5
2.37 34.1292 1999.93 -14743.1
2.375 34.1348 1999.94 -14745.6
2.38 34.1406 1999.95 -14748.3
2.385 34.1464 1999.96 -14750.9
2.39 34.1523 1999.96 -14753.5
2.395 34.1583 1999.97 -14756.2
2.4 34.1644 1999.97 -14758.8
2.405 34.1705 1999.98 -14761.5
2.41 34.1767 1999.98 -14764.2
2.415 34.183 1999.98 -14766.9
2.42 34.1893 1999.98 -14769.7
2.425 34.1956 1999.98 -14772.4
2.43 34.2019 1999.98 -14775.2
2.435 34.2083 1999.99 -14778
2.44 34.2148 1999.99 -14780.7
2.445 34.2212 1999.99 -14783.5
2.45 34.2276 1999.99 -14786.3
2.455 34.2341 1999.99 -14789.1
2.46 34.2406 1999.99 -14791.9
2.465 34.2472 1999.99 -14794.8
2.47 34.2538 1999.99 -14797.6
2.475 34.2605 1999.96 -14800.5
2.48 34.2672 1999.94 -14803.3
2.485 34.2737 1999.95 -14806.2
2.49 34.2802 1999.96 -14809
2.495 34.2869 1999.97 -14811.9
2.5 34.2936 1999.97 -14814.8
2.505 34.3004 1999.98 -14817.8
2.51 34.3073 1999.98 -14820.7
2.515 34.3143 1999.97 -14823.7
2.52 34.3212 1999.98 -14826.8
2.525 34.3283 1999.98 -14829.8
2.53 34.3354 1999.99 -14832.9
2.535 34.3426 1999.99 -14836
2.54 34.3499 1999.99 -14839.1
2.545 34.3573 1999.99 -14842.3
2.55 34.3647 1999.99 -14845.5
2.555 34.3722 2000 -14848.8
2.56 34.3797 2000 -14852
2.565 34.3873 2000 -14855.3
2.57 34.395 2000 -14858.6
2.575 34.4027 2000 -14862
2.58 34.4105 2000 -14865.3
2.585 34.4183 2000 -14868.7
2.59 34.4261 2000 -14872.1
2.595 34.4339 2000 -14875.4
2.6 34.4417 2000 -14878.8
2.605 34.4495 2000 -14882.2
2.61 34.4572 2000 -14885.5
2.615 34.4649 2000 -14888.9
2.62 34.4726 2000 -14892.1
2.625 34.4801 2000 -14895.4
2.63 34.4875 2000 -14898.6
2.635 34.4949 2000 -14901.8
2.64 34.5021 2000 -14904.9
2.645 34.5093 2000 -14908
2.65 34.5163 2000 -14911
2.655 34.5232 2000 -14914
2.66 34.53 2000 -14917
2.665 34.5367 2000.02 -14919.9
2.67 34.5433 2000.03 -14922.7
2.675 34.5501 2000.02 -14925.6
2.68 34.5566 2000.02 -14928.5
2.685 34.5631 2000.02 -14931.3
2.69 34.5695 2000.01 -14934
2.695 34.5758 2000.01 -14936.7
2.7 34.5819 2000.01 -14939.4
2.705 34.5879 2000.01 -14942
2.71 34.5938 2000.01 -14944.5
2.715 34.5995 2000 -14947
2.72 34.6051 2000 -14949.4
2.725 34.6105 2000 -14951.7
2.73 34.6157 2000 -14954
2.735 34.6207 2000 -14956.2
2.74 34.6256 2000 -14958.2
2.745 34.6302 2000 -14960.2
2.75 34.6346 2000 -14962.1
2.755 34.6388 2000 -14964
2.76 34.6428 2000 -14965.7
2.765 34.6465 2000 -14967.3
2.77 34.6501 2000 -14968.8
2.775 34.6534 2000 -14970.3
2.78 34.6566 2000 -14971.7
2.785 34.6596 2000 -14972.9
2.79 34.6625 2000 -14974.2
2.795 34.6652 2000 -14975.4
2.8 34.6678 2000 -14976.5
2.805 34.6704 2000 -14977.6
2.81 34.6729 2000 -14978.7
2.815 34.6754 2000 -14979.8
2.82 34.6779 2000 -14980.9
2.825 34.6805 2000 -14982
2.83 34.6831 2000 -14983.1
2.835 34.6857 2000 -14984.2
2.84 34.6884 2000 -14985.4
2.845 34.6913 2000 -14986.6
2.85 34.6942 2000 -14987.9
2.855 34.6973 2000 -14989.2
2.86 34.7004 2000 -14990.6
2.865 34.7038 2000 -14992
2.87 34.7073 2000 -14993.5
2.875 34.7109 2000 -14995.1
2.88 34.7147 2000 -14996.7
2.885 34.7187 2000 -14998.5
2.89 34.7228 2000 -15000.3
2.895 34.7273 2000 -15002.2
2.9 34.7319 2000 -15004.2
2.905 34.7368 2000 -15006.3
2.91 34.7419 2000 -15008.5
2.915 34.7472 2000 -15010.8
2.92 34.7527 2000 -15013.2
2.925 34.7584 2000 -15015.6
2.93 34.7643 2000 -15018.2
2.935 34.7703 2000 -15020.8
2.94 34.7765 2000 -15023.4
2.945 34.7827 2000 -15026.1
2.95 34.7891 2000 -15028.9
2.955 34.7956 2000 -15031.7
2.96 34.8021 2000 -15034.5
2.965 34.8087 2000 -15037.4
2.97 34.8153 2000 -15040.2
2.975 34.822 2000 -15043.1
2.98 34.8286 2000 -15046
2.985 34.8352 2000 -15048.8
2.99 34.8418 2000 -15051.7
2.995 34.8483 2000 -15054.5
3 34.8547 2000 -15057.2
3.005 34.8611 2000 -15060
3.01 34.8674 2000 -15062.7
3.015 34.8736 2000 -15065.4
3.02 34.8796 2000 -15068
3.025 34.8856 2000 -15070.6
3.03 34.8915 2000 -15073.1
3.035 34.8973 1999.99 -15075.6
3.04 34.903 1999.99 -15078.1
3.045 34.9086 2000 -15080.5
3.05 34.9141 2000 -15082.9
3.055 34.9194 2000 -15085.2
3.06 34.9247 2000 -15087.5
3.065 34.9299 2000 -15089.7
3.07 34.9349 2000 -15091.9
3.075 34.9399 2000 -15094
3.08 34.9447 2000 -15096.1
3.085 34.9495 2000 -15098.2
3.09 34.9541 2000 -15100.2
3.095 34.9586 2000 -15102.1
3.1 34.9629 2000 -15104
3.105 34.9672 2000 -15105.8
3.11 34.9712 2000 -15107.6
3.115 34.9751 2000 -15109.2
3.12 34.9788 2000 -15110.8
3.125 34.9823 2000 -15112.4
3.13 34.9857 2000 -15113.8
3.135 34.9888 2000 -15115.2
3.14 34.9918 2000 -15116.5
3.145 34.9946 2000 -15117.6
3.15 34.9971 2000 -15118.8
3.155 34.9995 2000 -15119.8
3.16 35.0016 2000 -15120.7
3.165 35.0036 2000 -15121.6
3.17 35.0053 2000 -15122.3
3.175 35.0068 2000 -15123
3.18 35.0081 2000 -15123.5
3.185 35.0091 2000 -15123.9
3.19 35.0099 2000 -15124.3
3.195 35.0104 2000 -15124.5
3.2 35.0106 2000 -15124.6
3.205 35.0107 2000 -15124.6
3.21 35.0004 1999.94 -15121.7
3.215 34.9822 1999.89 -15114.9
3.22 34.9625 1999.91 -15105.9
3.225 34.9392 1999.93 -15095.4
3.23 34.9143 1999.94 -15084.2
3.235 34.8892 1999.95 -15073.1
3.24 34.8651 1999.96 -15062.4
3.245 34.8428 1999.97 -15052.6
3.25 34.8231 1999.97 -15044
3.255 34.8068 1999.98 -15036.8
3.26 34.7943 1999.98 -15031.3
3.265 34.7862 1999.98 -15027.8
3.27 34.7831 1999.99 -15026.4
3.275 34.7856 1999.99 -15027.4
3.28 34.7946 1999.98 -15031.2
3.285 34.8104 1999.99 -15038
3.29 34.8338 1999.99 -15048.1
3.295 34.8654 1999.99 -15061.8
3.3 34.9062 1999.99 -15079.5
3.305 34.9566 1999.99 -15101.3
3.31 34.9992 1999.81 -15122.3
3.315 34.9884 1999.63 -15125.7
3.32 34.9871 1999.75 -15126
3.325 34.993 1999.8 -15126.4
3.33 34.9983 1999.84 -15126.9
3.335 35.0032 1999.84 -15127.5
3.34 35.0075 1999.84 -15128.2
3.345 35.0111 1999.87 -15128.8
3.35 35.0144 1999.9 -15129.5
3.355 35.0174 1999.92 -15130.2
3.36 35.0203 1999.93 -15130.9
3.365 35.023 1999.95 -15131.7
3.37 35.0256 1999.96 -15132.4
3.375 35.028 1999.96 -15133.2
3.38 35.0304 1999.97 -15134
3.385 35.0326 1999.98 -15134.8
3.39 35.0347 1999.98 -15135.6
3.395 35.0367 1999.98 -15136.3
3.4 35.0386 1999.99 -15137.1
3.405 35.0404 1999.99 -15137.8
3.41 35.0422 1999.99 -15138.5
3.415 35.0437 1999.99 -15139.1
3.42 35.0452 1999.99 -15139.7
3.425 35.0465 2000 -15140.2
3.43 35.0476 2000 -15140.7
3.435 35.0484 2000 -15141
3.44 35.0491 2000 -15141.3
3.445 35.0494 2000 -15141.4
3.45 35.0495 2000 -15141.4
3.455 35.0145 1999.79 -15131.4
3.46 34.9591 1999.67 -15110.5
3.465 34.8921 1999.71 -15079.6
3.47 34.8037 1999.72 -15039.3
3.475 34.6984 1999.75 -14991.4
3.48 34.5823 1999.77 -14938.4
3.485 34.4616 1999.77 -14883.2
3.49 34.3411 1999.76 -14828.1
3.495 34.2245 1999.74 -14775.1
3.5 34.1137 1999.72 -14725.2
3.505 34.0094 1999.71 -14678.8
3.51 33.9116 1999.71 -14636.1
3.515 33.8203 1999.7 -14596.7
3.52 33.735 1999.71 -14560.4
3.525 33.6553 1999.72 -14526.8
3.53 33.5808 1999.72 -14495.6
3.535 33.511 1999.73 -14466.5
3.54 33.4456 1999.74 -14439.3
3.545 33.3843 1999.75 -14413.9
3.55 33.3269 1999.76 -14390
3.555 33.273 1999.77 -14367.6
3.56 33.2232 1999.79 -14346.6
3.565 33.1761 1999.8 -14326.8
3.57 33.1316 1999.81 -14308.3
3.575 33.0902 1999.81 -14291.1
3.58 33.052 1999.82 -14275.1
3.585 33.0168 1999.83 -14260.4
3.59 32.9846 1999.84 -14246.9
3.595 32.9557 1999.85 -14234.7
3.6 32.9305 1999.86 -14224.2
3.605 32.9095 1999.87 -14215.4
3.61 32.8925 1999.89 -14208.3
3.615 32.8795 1999.9 -14202.9
3.62 32.8703 1999.92 -14199.1
3.625 32.8649 1999.93 -14196.9
3.63 32.8631 1999.94 -14196.3
3.635 32.884 1999.84 -14202.6
3.64 32.9277 1999.76 -14219.5
3.645 32.9874 1999.8 -14246.4
3.65 33.0691 1999.84 -14282.9
3.655 33.1693 1999.87 -14327.7
3.66 33.2829 1999.92 -14378.5
3.665 33.4035 1999.98 -14432.7
3.67 33.5265 1999.98 -14488.5
3.675 33.6486 1999.98 -14544.1
3.68 33.7673 1999.97 -14598
3.685 33.8813 1999.97 -14649.3
3.69 33.9902 1999.96 -14697.8
3.695 34.0944 1999.95 -14743.6
3.7 34.1942 1999.93 -14786.9
3.705 34.29 1999.89 -14828
3.71 34.3836 1999.89 -14867.6
3.715 34.4753 1999.89 -14906.2
3.72 34.5638 1999.84 -14943.4
3.725 34.649 1999.75 -14979.4
3.73 34.7299 1999.63 -15013.6
3.735 34.8033 1999.49 -15044.9
3.74 34.871 1999.43 -15073.5
3.745 34.9281 1999.35 -15098.1
3.75 34.9469 1998.87 -15110.4
3.755 34.9542 1998.7 -15115.2
3.76 34.969 1998.94 -15118.9
3.765 34.9819 1999.14 -15122.2
3.77 34.9932 1999.25 -15125.3
3.775 35.0027 1999.31 -15127.8
3.78 35.0106 1999.42 -15130
3.785 35.0174 1999.53 -15132
3.79 35.0234 1999.62 -15133.7
3.795 35.0286 1999.69 -15135.3
3.8 35.0331 1999.75 -15136.7
3.805 35.037 1999.8 -15137.9
3.81 35.0403 1999.84 -15139
3.815 35.0431 1999.87 -15139.9
3.82 35.0453 1999.89 -15140.6
3.825 35.0471 1999.91 -15141.2
3.83 35.0485 1999.93 -15141.7
3.835 35.0495 1999.94 -15141.9
3.84 35.05 1999.95 -15142
3.845 35.0477 1999.96 -15141.3
3.85 35.0207 1999.91 -15131.1
3.855 34.9776 1999.92 -15111.9
3.86 34.9146 1999.94 -15084.1
3.865 34.8341 1999.95 -15048.5
3.87 34.7391 1999.96 -15006.2
3.875 34.6332 1999.96 -14958.8
3.88 34.5203 1999.96 -14908.1
3.885 34.4039 1999.96 -14855.6
3.89 34.2869 1999.96 -14802.8
3.895 34.171 1999.96 -14750.8
3.9 34.0573 1999.96 -14700.2
3.905 33.946 1999.96 -14651
3.91 33.8369 1999.96 -14603.4
3.915 33.7295 1999.97 -14556.9
3.92 33.623 1999.98 -14511.2
3.925 33.5167 1999.98 -14465.9
3.93 33.4098 1999.99 -14420.5
3.935 33.3063 1999.73 -14376.2
3.94 33.2027 1999.73 -14331.7
3.945 33.096 1999.8 -14286.4
3.95 33.0074 1998.38 -14245.8
3.955 32.9252 1997.73 -14209.8
3.96 32.8492 1997.9 -14178.4
3.965 32.7738 1998.32 -14147.6
3.97 32.7019 1998.43 -14117.8
3.975 32.6341 1998.41 -14089.2
3.98 32.5748 1998.23 -14063.8
3.985 32.5358 1997.27 -14045.7
3.99 32.5345 1997.04 -14044
3.995 32.547 1997.56 -14050.6
4 32.5558 1997.72 -14056.6
4.005 32.4859 2002.14 -14040.4
4.01 32.2361 2009.56 -13956.4
4.015 32.0452 2007.37 -13868.1
4.02 31.86 2006.23 -13781.7
4.025 31.6699 2005.2 -13695.2
4.03 31.4752 2004.3 -13608
4.035 31.2765 2003.52 -13519.8
4.04 31.0935 2001.81 -13435.8
4.045 30.9085 2000.75 -13352.9
4.05 30.713 2000.81 -13268.9
4.055 30.4859 2001.74 -13174.1
4.06 30.2683 2001.28 -13078.8
4.065 30.0499 2000.91 -12983.5
4.07 29.8313 2000.59 -12888.2
4.075 29.6131 2000.32 -12793.3
4.08 29.3958 2000.09 -12698.8
4.085 29.1926 1999.25 -12608.5
4.09 28.9923 1998.75 -12520.5
4.095 28.7965 1998.57 -12435.4
4.1 28.6085 1998.36 -12353.6
4.105 28.4306 1998.12 -12275.7
4.11 28.2649 1997.83 -12202.5
4.115 28.112 1997.38 -12135.7
4.12 27.98 1996.81 -12077.4
4.125 27.8809 1995.89 -12032.2
4.13 27.8271 1995.19 -12006.9
4.135 27.7708 1996.65 -11987.5
4.14 27.4299 2007.57 -11870.7
4.145 27.2068 2006.39 -11766.4
4.15 26.9762 2004.94 -11664.1
4.155 26.7475 2004.01 -11563.3
4.16 26.5218 2003.25 -11464.3
4.165 26.2995 2002.64 -11366.9
4.17 26.0809 2002.14 -11271.5
4.175 25.8883 2000.7 -11184
4.18 25.7011 1999.82 -11100.6
4.185 25.5155 1999.66 -11020.2
4.19 25.3368 1999.52 -10942.8
4.195 25.1649 1999.4 -10868.3
4.2 24.9998 1999.27 -10796.8
4.205 24.8412 1999.17 -10728
4.21 24.6887 1999.07 -10662
4.215 24.5424 1998.97 -10598.5
4.22 24.4034 1998.87 -10537.5
4.225 24.2707 1998.66 -10479.3
4.23 24.145 1998.32 -10424.7
4.235 24.0304 1998.05 -10374.7
4.24 23.9297 1997.75 -10330.5
4.245 23.848 1997.32 -10294
4.25 23.7951 1996.58 -10269.2
4.255 23.8059 1995.08 -10268.8
4.26 23.4354 2013.24 -10172.9
4.265 23.0697 2025.75 -10050.7
4.27 22.9005 2020.81 -9956.77
4.275 22.7078 2016.48 -9861.04
4.28 22.5027 2013.37 -9762.67
4.285 22.2894 2010.85 -9662.61
4.29 22.0689 2008.81 -9560.97
4.295 21.8422 2007.15 -9457.83
4.3 21.6151 2005.57 -9354.77
4.305 21.4036 2003.79 -9257.71
4.31 21.1814 2003.01 -9159.2
4.315 20.9581 2002.28 -9060.51
4.32 20.7343 2001.6 -8961.77
4.325 20.5101 2001.01 -8863.09
4.33 20.2861 2000.49 -8764.68
4.335 20.0636 2000.03 -8666.61
4.34 19.8425 1999.57 -8569.76
4.345 19.5404 2002.32 -8449.45
4.35 19.2228 2004.04 -8318.58
4.355 18.9328 2003.11 -8189.96
4.36 18.6362 2002.4 -8059.16
4.365 18.3352 2001.76 -7926.81
4.37 18.0303 2001.19 -7793.15
4.375 17.7405 2000 -7663.86
4.38 17.4679 1998.67 -7541.73
4.385 16.9629 2006.81 -7353.69
4.39 16.489 2010.85 -7163.99
4.395 16.1126 2008.48 -6993.13
4.4 15.7281 2006.75 -6820.56
4.405 15.3395 2005.42 -6647.5
4.41 14.9496 2004.33 -6474.87
4.415 14.5601 2003.44 -6303.25
4.42 14.1727 2002.72 -6133.14
4.425 13.7913 2002.01 -5965.76
4.43 13.4326 2000.8 -5806.28
4.435 13.0952 1999.65 -5656.06
4.44 12.7564 1999.31 -5508.6
4.445 12.4282 1999.03 -5365.81
4.45 12.1133 1998.66 -5228.68
4.455 11.8129 1998.3 -5097.84
4.46 11.5268 1998.11 -4973.4
4.465 11.2575 1997.89 -4856.19
4.47 11.0066 1997.64 -4746.78
4.475 10.776 1997.34 -4646.01
4.48 10.569 1997 -4555.14
4.485 10.0816 2006.37 -4384.36
4.49 9.67838 2010.5 -4227.39
4.495 9.40244 2008.16 -4098.82
4.5 9.1274 2006.51 -3972.78
4.505 8.85835 2005.21 -3850.68
4.51 8.59605 2004.17 -3732.68
4.515 8.34125 2003.36 -3618.9
4.52 8.09515 2002.71 -3509.59
4.525 7.8583 2002.18 -3404.85
4.53 7.63112 2001.75 -3304.75
4.535 7.41395 2001.4 -3209.35
4.54 7.20703 2001.12 -3118.68
4.545 7.01052 2000.9 -3032.75
4.55 6.82453 2000.72 -2951.57
4.555 6.64915 2000.57 -2875.14
4.56 6.48445 2000.46 -2803.44
4.565 6.33038 2000.36 -2736.45
4.57 6.1931 2000.09 -2675.9
4.575 6.07225 1999.77 -2622.22
4.58 5.95424 1999.78 -2571.3
4.585 5.84384 1999.8 -2523.66
4.59 5.74002 1999.81 -2478.87
4.595 5.6418 1999.82 -2436.49
4.6 5.5481 1999.83 -2396.06
4.605 5.45781 1999.84 -2357.09
4.61 5.371 1999.78 -2319.48
4.615 5.28438 1999.79 -2282.1
4.62 5.19763 1999.8 -2244.65
4.625 5.10964 1999.81 -2206.65
4.63 5.01927 1999.81 -2167.61
4.635 4.92544 1999.81 -2127.06
4.64 4.82721 1999.8 -2084.58
4.645 4.72378 1999.79 -2039.84
4.65 4.61452 1999.77 -1992.55
4.655 4.4989 1999.73 -1942.47
4.66 4.36234 2000.09 -1885.25
4.665 4.17791 2001.04 -1810.33
4.67 4.00578 2000.78 -1734.77
4.675 3.82006 2000.59 -1653.61
4.68 3.6207 2000.45 -1566.75
4.685 3.40789 2000.34 -1474.2
4.69 3.18152 2000.24 -1375.9
4.695 2.89914 2001.28 -1259.35
4.7 2.60801 2001.77 -1136.14
4.705 2.3199 2001.4 -1009.78
4.71 2.01417 2001.11 -876.18
4.715 1.69086 2000.88 -735.276
4.72 1.35002 2000.69 -587.02
4.725 0.991656 2000.52 -431.359
4.73 0.615526 2000.39 -268.184
4.735 0.221746 2000.28 -97.5001
4.74 -0.189688 2000.18 80.7189
4.745 -0.613983 1999.97 265.089
4.75 -1.07019 2000.22 460.468
4.755 -1.60847 2001.38 685.384
4.76 -2.12462 2000.89 910.725
4.765 -2.65168 2000.42 1141.33
4.77 -3.20397 2000.24 1381.2
4.775 -3.77546 2000.08 1629.19
4.78 -4.36595 1999.94 1885.24
4.785 -4.97507 1999.8 2149.23
4.79 -5.60223 1999.68 2420.95
4.795 -6.24661 1999.56 2700.04
4.8 -6.86796 1998.54 2974.63
4.805 -7.50612 1997.91 3254.09
4.81 -8.16374 1997.77 3538.83
4.815 -8.82413 1997.56 3825.19
4.82 -9.48168 1997.16 4111.06
4.825 -10.3292 2000.1 4452.12
4.83 -11.3002 2003.47 4845.72
4.835 -12.1505 2002.17 5221.71
4.84 -13.0221 2001.5 5604.68
4.845 -13.9051 2000.92 5991.51
4.85 -14.6618 1997.89 6341.78
4.855 -15.4131 1995.74 6682.63
4.86 -16.707 2002.7 7173.27
4.865 -18.1103 2007.1 7730.62
4.87 -19.2647 2004.66 8250.16
4.875 -20.4486 2003.51 8777.03
4.88 -21.999 2005.15 9410.16
4.885 -23.8091 2006.97 10151.4
4.89 -25.3893 2005.36 10860.2
4.895 -27.7299 2007.67 11779.8
4.9 -30.0245 2008.26 12733.1
4.905 -32.4521 2007.55 13761.6
4.91 -35.1204 2007.39 14869.1
4.915 -37.5804 2003.74 15950.2
4.92 -39.7129 1999.26 16931
4.925 -41.7939 1998.85 17873
4.93 -43.7962 1998.85 18784.8
4.935 -45.636 1998.39 19632.9
4.94 -47.2902 1999.31 20383.5
4.945 -48.764 2001.99 21043.7
4.95 -49.8991 2004.6 21584.8
4.955 -50.5895 2007.04 21947
4.96 -50.9752 2004.93 22177.6
4.965 -50.6305 1999.25 22180.7
4.97 -48.4465 1983.81 21565.6
4.975 -46.6357 1977.6 20819.5
4.98 -44.8489 1974.38 19935.4
4.985 -43.5134 1978.22 19078.5
4.99 -41.4785 1958.53 18104.3
4.995 -38.7459 1933.44 17030.3
5 -36.0275 1901.46 15346.5
5.005 -36.4187 1906.73 14763.7
5.01 -1.29579 115.842 2095.86
5.015 -0.470734 -22.7858 126.254
