0.1 0 0 0
0.2 0 0 0
0.3 0 0 0
0.4 0 0 0
0.5 0 0 0
0.6 0 0 0
0.7 0 0 0
0.8 0 0 0
0.9 0 0 0
1 0 0 0
0.0024 0 0 0
0.0048 0 0 0
0.0072 0 0 0
0.0096 0 0 0
0.012 0 0 0
0.0144 0 0 0
0.0168 0 0 0
0.0192 0 0 0
0.0216 0 0 0
0.024 0 0 0
0.0264 0 0 0
0.0288 0 0 0
0.0312 0 0 0
0.0336 0 0 0
0.036 0 0 0
0.0384 0 0 0
0.0408 0 0 0
0.0432 0 0 0
0.0456 0 0 0
0.048 0 0 0
0.0504 0 0 0
0.0528 0 0 0
0.0552 0 0 0
0.0576 0 0 0
0.06 0 0 0
0.0624 0 0 0
0.0648 0 0 0
0.0672 0 0 0
0.0696 0 0 0
0.072 0 0 0
0.0744 0 0 0
0.0768 0 0 0
0.0792 0 0 0
0.0816 0 0 0
0.084 0 0 0
0.0864 0 0 0
0.0888 0 0 0
0.0912 0 0 0
0.0936 0 0 0
0.096 0 0 0
0.0984 0 0 0
0.1008 0 0 0
0.1032 0 0 0
0.1056 0 0 0
0.108 0 0 0
0.1104 0 0 0
0.1128 0 0 0
0.1152 0 0 0
0.1176 0 0 0
0.12 0 0 0
0.1224 0 0 0
0.1248 0 0 0
0.1272 0 0 0
0.1296 0 0 0
0.132 0 0 0
0.1344 0 0 0
0.1368 0 0 0
0.1392 0 0 0
0.1416 0 0 0
0.144 0 0 0
0.1464 0 0 0
0.1488 0 0 0
0.1512 0 0 0
0.1536 0 0 0
0.156 0 0 0
0.1584 0 0 0
0.1608 0 0 0
0.1632 0 0 0
0.1656 0 0 0
0.168 0 0 0
0.1704 0 0 0
0.1728 0 0 0
0.1752 0 0 0
0.1776 0 0 0
0.18 0 0 0
0.1824 0 0 0
0.1848 0 0 0
0.1872 0 0 0
0.1896 0 0 0
0.192 0 0 0
0.1944 0 0 0
0.1968 0 0 0
0.1992 0 0 0
0.2016 0 0 0
0.204 0 0 0
0.2064 0 0 0
0.2088 0 0 0
0.2112 0 0 0
0.2136 0 0 0
0.216 0 0 0
0.2184 0 0 0
0.2208 0 0 0
0.2232 0 0 0
0.2256 0 0 0
0.228 0 0 0
0.2304 0 0 0
0.2328 0 0 0
0.2352 0 0 0
0.2376 0 0 0
0.24 0 0 0
0.2424 0 0 0
0.2448 0 0 0
0.2472 0 0 0
0.2496 0 0 0
0.252 0 0 0
0.2544 0 0 0
0.2568 0 0 0
0.2592 0 0 0
0.2616 0 0 0
0.264 0 0 0
0.2664 0 0 0
0.2688 0 0 0
0.2712 0 0 0
0.2736 0 0 0
0.276 0 0 0
0.2784 0 0 0
0.2808 0 0 0
0.2832 0 0 0
0.2856 0 0 0
0.288 0 0 0
0.2904 0 0 0
0.2928 0 0 0
0.2952 0 0 0
0.2976 0 0 0
0.3 0 0 0
0.3024 0 0 0
0.3048 0 0 0
0.3072 0 0 0
0.3096 0 0 0
0.312 0 0 0
0.3144 0 0 0
0.3168 0 0 0
0.3192 0 0 0
0.3216 0 0 0
0.324 0 0 0
0.3264 0 0 0
0.3288 0 0 0
0.3312 0 0 0
0.3336 0 0 0
0.336 0 0 0
0.3384 0 0 0
0.3408 0 0 0
0.3432 0 0 0
0.3456 0 0 0
0.348 0 0 0
0.3504 0 0 0
0.3528 0 0 0
0.3552 0 0 0
0.3576 0 0 0
0.36 0 0 0
0.3624 0 0 0
0.3648 0 0 0
0.3672 0 0 0
0.3696 0 0 0
0.372 0 0 0
0.3744 0 0 0
0.3768 0 0 0
0.3792 0 0 0
0.3816 0 0 0
0.384 0 0 0
0.3864 0 0 0
0.3888 0 0 0
0.3912 0 0 0
0.3936 0 0 0
0.396 0 0 0
0.3984 0 0 0
0.4008 0 0 0
0.4032 0 0 0
0.4056 0 0 0
0.408 0 0 0
0.4104 0 0 0
0.4128 0 0 0
0.4152 0 0 0
0.4176 0 0 0
0.42 0 0 0
0.4224 0 0 0
0.4248 0 0 0
0.4272 0 0 0
0.4296 0 0 0
0.432 0 0 0
0.4344 0 0 0
0.4368 0 0 0
0.4392 0 0 0
0.4416 0 0 0
0.444 0 0 0
0.4464 0 0 0
0.4488 0 0 0
0.4512 0 0 0
0.4536 0 0 0
0.456 0 0 0
0.4584 0 0 0
0.4608 0 0 0
0.4632 0 0 0
0.4656 0 0 0
0.468 0 0 0
0.4704 0 0 0
0.4728 0 0 0
0.4752 0 0 0
0.4776 0 0 0
0.48 0 0 0
0.4824 0 0 0
0.4848 0 0 0
0.4872 0 0 0
0.4896 0 0 0
0.492 0 0 0
0.4944 0 0 0
0.4968 0 0 0
0.4992 0 0 0
0.5016 0 0 0
0.504 0 0 0
0.5064 0 0 0
0.5088 0 0 0
0.5112 0 0 0
0.5136 0 0 0
0.516 0 0 0
0.5184 0 0 0
0.5208 0 0 0
0.5232 0 0 0
0.5256 0 0 0
0.528 0 0 0
0.5304 0 0 0
0.5328 0 0 0
0.5352 0 0 0
0.5376 0 0 0
0.54 0 0 0
0.5424 0 0 0
0.5448 0 0 0
0.5472 0 0 0
0.5496 0 0 0
0.552 0 0 0
0.5544 0 0 0
0.5568 0 0 0
0.5592 0 0 0
0.5616 0 0 0
0.564 0 0 0
0.5664 0 0 0
0.5688 0 0 0
0.5712 0 0 0
0.5736 0 0 0
0.576 0 0 0
0.5784 0 0 0
0.5808 0 0 0
0.5832 0 0 0
0.5856 0 0 0
0.588 0 0 0
0.5904 0 0 0
0.5928 0 0 0
0.5952 0 0 0
0.5976 0 0 0
0.6 0 0 0
0.6024 0 0 0
0.6048 0 0 0
0.6072 0 0 0
0.6096 0 0 0
0.612 0 0 0
0.6144 0 0 0
0.6168 0 0 0
0.6192 0 0 0
0.6216 0 0 0
0.624 0 0 0
0.6264 0 0 0
0.6288 0 0 0
0.6312 0 0 0
0.6336 0 0 0
0.636 0 0 0
0.6384 0 0 0
0.6408 0 0 0
0.6432 0 0 0
0.6456 0 0 0
0.648 0 0 0
0.6504 0 0 0
0.6528 0 0 0
0.6552 0 0 0
0.6576 0 0 0
0.66 0 0 0
0.6624 0 0 0
0.6648 0 0 0
0.6672 0 0 0
0.6696 0 0 0
0.672 0 0 0
0.6744 0 0 0
0.6768 0 0 0
0.6792 0 0 0
0.6816 0 0 0
0.684 0 0 0
0.6864 0 0 0
0.6888 0 0 0
0.6912 0 0 0
0.6936 0 0 0
0.696 0 0 0
0.6984 0 0 0
0.7008 0 0 0
0.7032 0 0 0
0.7056 0 0 0
0.708 0 0 0
0.7104 0 0 0
0.7128 0 0 0
0.7152 0 0 0
0.7176 0 0 0
0.72 0 0 0
0.7224 0 0 0
0.7248 0 0 0
0.7272 0 0 0
0.7296 0 0 0
0.732 0 0 0
0.7344 0 0 0
0.7368 0 0 0
0.7392 0 0 0
0.7416 0 0 0
0.744 0 0 0
0.7464 0 0 0
0.7488 0 0 0
0.7512 0 0 0
0.7536 0 0 0
0.756 0 0 0
0.7584 0 0 0
0.7608 0 0 0
0.7632 0 0 0
0.7656 0 0 0
0.768 0 0 0
0.7704 0 0 0
0.7728 0 0 0
0.7752 0 0 0
0.7776 0 0 0
0.78 0 0 0
0.7824 0 0 0
0.7848 0 0 0
0.7872 0 0 0
0.7896 0 0 0
0.792 0 0 0
0.7944 0 0 0
0.7968 0 0 0
0.7992 0 0 0
0.8016 0 0 0
0.804 0 0 0
0.8064 0 0 0
0.8088 0 0 0
0.8112 0 0 0
0.8136 0 0 0
0.816 0 0 0
0.8184 0 0 0
0.8208 0 0 0
0.8232 0 0 0
0.8256 0 0 0
0.828 0 0 0
0.8304 0 0 0
0.8328 0 0 0
0.8352 0 0 0
0.8376 0 0 0
0.84 0 0 0
0.8424 0 0 0
0.8448 0 0 0
0.8472 0 0 0
0.8496 0 0 0
0.852 0 0 0
0.8544 0 0 0
0.8568 0 0 0
0.8592 0 0 0
0.8616 0 0 0
0.864 0 0 0
0.8664 0 0 0
0.8688 0 0 0
0.8712 0 0 0
0.8736 0 0 0
0.876 0 0 0
0.8784 0 0 0
0.8808 0 0 0
0.8832 0 0 0
0.8856 0 0 0
0.888 0 0 0
0.8904 0 0 0
0.8928 0 0 0
0.8952 0 0 0
0.8976 0 0 0
0.9 0 0 0
0.9024 0 0 0
0.9048 0 0 0
0.9072 0 0 0
0.9096 0 0 0
0.912 0 0 0
0.9144 0 0 0
0.9168 0 0 0
0.9192 0 0 0
0.9216 0 0 0
0.924 0 0 0
0.9264 0 0 0
0.9288 0 0 0
0.9312 0 0 0
0.9336 0 0 0
0.936 0 0 0
0.9384 0 0 0
0.9408 0 0 0
0.9432 0 0 0
0.9456 0 0 0
0.948 0 0 0
0.9504 0 0 0
0.9528 0 0 0
0.9552 0 0 0
0.9576 0 0 0
0.96 0 0 0
0.9624 0 0 0
0.9648 0 0 0
0.9672 0 0 0
0.9696 0 0 0
0.972 0 0 0
0.9744 0 0 0
0.9768 0 0 0
0.9792 0 0 0
0.9816 0 0 0
0.984 0 0 0
0.9864 0 0 0
0.9888 0 0 0
0.9912 0 0 0
0.9936 0 0 0
0.996 0 0 0
0.9984 0 0 0
1.0008 0 0 0
1.0032 0 0 0
1.0056 0 0 0
1.008 0 0 0
1.0104 0 0 0
1.0128 0 0 0
1.0152 0 0 0
1.0176 0 0 0
1.02 0 0 0
1.0224 0 0 0
1.0248 0 0 0
1.0272 0 0 0
1.0296 0 0 0
1.032 0 0 0
1.0344 0 0 0
1.0368 0 0 0
1.0392 0 0 0
1.0416 0 0 0
1.044 0 0 0
1.0464 0 0 0
1.0488 0 0 0
1.0512 0 0 0
1.0536 0 0 0
1.056 0 0 0
1.0584 0 0 0
1.0608 0 0 0
1.0632 0 0 0
1.0656 0 0 0
1.068 0 0 0
1.0704 0 0 0
1.0728 0 0 0
1.0752 0 0 0
1.0776 0 0 0
1.08 0 0 0
1.0824 0 0 0
1.0848 0 0 0
1.0872 0 0 0
1.0896 0 0 0
1.092 0 0 0
1.0944 0 0 0
1.0968 0 0 0
1.0992 0 0 0
1.1016 0 0 0
1.104 0 0 0
1.1064 0 0 0
1.1088 0 0 0
1.1112 0 0 0
1.1136 0 0 0
1.116 0 0 0
1.1184 0 0 0
1.1208 0 0 0
1.1232 0 0 0
1.1256 0 0 0
1.128 0 0 0
1.1304 0 0 0
1.1328 0 0 0
1.1352 0 0 0
1.1376 0 0 0
1.14 0 0 0
1.1424 0 0 0
1.1448 0 0 0
1.1472 0 0 0
1.1496 0 0 0
1.152 0 0 0
1.1544 0 0 0
1.1568 0 0 0
1.1592 0 0 0
1.1616 0 0 0
1.164 0 0 0
1.1664 0 0 0
1.1688 0 0 0
1.1712 0 0 0
1.1736 0 0 0
1.176 0 0 0
1.1784 0 0 0
1.1808 0 0 0
1.1832 0 0 0
1.1856 0 0 0
1.188 0 0 0
1.1904 0 0 0
1.1928 0 0 0
1.1952 0 0 0
1.1976 0 0 0
1.2 0 0 0
1.2024 0 0 0
1.2048 0 0 0
1.2072 0 0 0
1.2096 0 0 0
1.212 0 0 0
1.2144 0 0 0
1.2168 0 0 0
1.2192 0 0 0
1.2216 0 0 0
1.224 0 0 0
1.2264 0 0 0
1.2288 0 0 0
1.2312 0 0 0
1.2336 0 0 0
1.236 0 0 0
1.2384 0 0 0
1.2408 0 0 0
1.2432 0 0 0
1.2456 0 0 0
1.248 0 0 0
1.2504 0 0 0
1.2528 0 0 0
1.2552 0 0 0
1.2576 0 0 0
1.26 0 0 0
1.2624 0 0 0
1.2648 0 0 0
1.2672 0 0 0
1.2696 0 0 0
1.272 0 0 0
1.2744 0 0 0
1.2768 0 0 0
1.2792 0 0 0
1.2816 0 0 0
1.284 0 0 0
1.2864 0 0 0
1.2888 0 0 0
1.2912 0 0 0
1.2936 0 0 0
1.296 0 0 0
1.2984 0 0 0
1.3008 0 0 0
1.3032 0 0 0
1.3056 0 0 0
1.308 0 0 0
1.3104 0 0 0
1.3128 0 0 0
1.3152 0 0 0
1.3176 0 0 0
1.32 0 0 0
1.3224 0 0 0
1.3248 0 0 0
1.3272 0 0 0
1.3296 0 0 0
1.332 0 0 0
1.3344 0 0 0
1.3368 0 0 0
1.3392 0 0 0
1.3416 0 0 0
1.344 0 0 0
1.3464 0 0 0
1.3488 0 0 0
1.3512 0 0 0
1.3536 0 0 0
1.356 0 0 0
1.3584 0 0 0
1.3608 0 0 0
1.3632 0 0 0
1.3656 0 0 0
1.368 0 0 0
1.3704 0 0 0
1.3728 0 0 0
1.3752 0 0 0
1.3776 0 0 0
1.38 0 0 0
1.3824 0 0 0
1.3848 0 0 0
1.3872 0 0 0
1.3896 0 0 0
1.392 0 0 0
1.3944 0 0 0
1.3968 0 0 0
1.3992 0 0 0
1.4016 0 0 0
1.404 0 0 0
1.4064 0 0 0
1.4088 0 0 0
1.4112 0 0 0
1.4136 0 0 0
1.416 0 0 0
1.4184 0 0 0
1.4208 0 0 0
1.4232 0 0 0
1.4256 0 0 0
1.428 0 0 0
1.4304 0 0 0
1.4328 0 0 0
1.4352 0 0 0
1.4376 0 0 0
1.44 0 0 0
1.4424 0 0 0
1.4448 0 0 0
1.4472 0 0 0
1.4496 0 0 0
1.452 0 0 0
1.4544 0 0 0
1.4568 0 0 0
1.4592 0 0 0
1.4616 0 0 0
1.464 0 0 0
1.4664 0 0 0
1.4688 0 0 0
1.4712 0 0 0
1.4736 0 0 0
1.476 0 0 0
1.4784 0 0 0
1.4808 0 0 0
1.4832 0 0 0
1.4856 0 0 0
1.488 0 0 0
1.4904 0 0 0
1.4928 0 0 0
1.4952 0 0 0
1.4976 0 0 0
1.5 0 0 0
1.5024 0 0 0
1.5048 0 0 0
1.5072 0 0 0
1.5096 0 0 0
1.512 0 0 0
1.5144 0 0 0
1.5168 0 0 0
1.5192 0 0 0
1.5216 0 0 0
1.524 0 0 0
1.5264 0 0 0
1.5288 0 0 0
1.5312 0 0 0
1.5336 0 0 0
1.536 0 0 0
1.5384 0 0 0
1.5408 0 0 0
1.5432 0 0 0
1.5456 0 0 0
1.548 0 0 0
1.5504 0 0 0
1.5528 0 0 0
1.5552 0 0 0
1.5576 0 0 0
1.56 0 0 0
1.5624 0 0 0
1.5648 0 0 0
1.5672 0 0 0
1.5696 0 0 0
1.572 0 0 0
1.5744 0 0 0
1.5768 0 0 0
1.5792 0 0 0
1.5816 0 0 0
1.584 0 0 0
1.5864 0 0 0
1.5888 0 0 0
1.5912 0 0 0
1.5936 0 0 0
1.596 0 0 0
1.5984 0 0 0
1.6008 0 0 0
1.6032 0 0 0
1.6056 0 0 0
1.608 0 0 0
1.6104 0 0 0
1.6128 0 0 0
1.6152 0 0 0
1.6176 0 0 0
1.62 0 0 0
1.6224 0 0 0
1.6248 0 0 0
1.6272 0 0 0
1.6296 0 0 0
1.632 0 0 0
1.6344 0 0 0
1.6368 0 0 0
1.6392 0 0 0
1.6416 0 0 0
1.644 0 0 0
1.6464 0 0 0
1.6488 0 0 0
1.6512 0 0 0
1.6536 0 0 0
1.656 0 0 0
1.6584 0 0 0
1.6608 0 0 0
1.6632 0 0 0
1.6656 0 0 0
1.668 0 0 0
1.6704 0 0 0
1.6728 0 0 0
1.6752 0 0 0
1.6776 0 0 0
1.68 0 0 0
1.6824 0 0 0
1.6848 0 0 0
1.6872 0 0 0
1.6896 0 0 0
1.692 0 0 0
1.6944 0 0 0
1.6968 0 0 0
1.6992 0 0 0
1.7016 0 0 0
1.704 0 0 0
1.7064 0 0 0
1.7088 0 0 0
1.7112 0 0 0
1.7136 0 0 0
1.716 0 0 0
1.7184 0 0 0
1.7208 0 0 0
1.7232 0 0 0
1.7256 0 0 0
1.728 0 0 0
1.7304 0 0 0
1.7328 0 0 0
1.7352 0 0 0
1.7376 0 0 0
1.74 0 0 0
1.7424 0 0 0
1.7448 0 0 0
1.7472 0 0 0
1.7496 0 0 0
1.752 0 0 0
1.7544 0 0 0
1.7568 0 0 0
1.7592 0 0 0
1.7616 0 0 0
1.764 0 0 0
1.7664 0 0 0
1.7688 0 0 0
1.7712 0 0 0
1.7736 0 0 0
1.776 0 0 0
1.7784 0 0 0
1.7808 0 0 0
1.7832 0 0 0
1.7856 0 0 0
1.788 0 0 0
1.7904 0 0 0
1.7928 0 0 0
1.7952 0 0 0
1.7976 0 0 0
1.8 0 0 0
1.8024 0 0 0
1.8048 0 0 0
1.8072 0 0 0
1.8096 0 0 0
1.812 0 0 0
1.8144 0 0 0
1.8168 0 0 0
1.8192 0 0 0
1.8216 0 0 0
1.824 0 0 0
1.8264 0 0 0
1.8288 0 0 0
1.8312 0 0 0
1.8336 0 0 0
1.836 0 0 0
1.8384 0 0 0
1.8408 0 0 0
1.8432 0 0 0
1.8456 0 0 0
1.848 0 0 0
1.8504 0 0 0
1.8528 0 0 0
1.8552 0 0 0
1.8576 0 0 0
1.86 0 0 0
1.8624 0 0 0
1.8648 0 0 0
1.8672 0 0 0
1.8696 0 0 0
1.872 0 0 0
1.8744 0 0 0
1.8768 0 0 0
1.8792 0 0 0
1.8816 0 0 0
1.884 0 0 0
1.8864 0 0 0
1.8888 0 0 0
1.8912 0 0 0
1.8936 0 0 0
1.896 0 0 0
1.8984 0 0 0
1.9008 0 0 0
1.9032 0 0 0
1.9056 0 0 0
1.908 0 0 0
1.9104 0 0 0
1.9128 0 0 0
1.9152 0 0 0
1.9176 0 0 0
1.92 0 0 0
1.9224 0 0 0
1.9248 0 0 0
1.9272 0 0 0
1.9296 0 0 0
1.932 0 0 0
1.9344 0 0 0
1.9368 0 0 0
1.9392 0 0 0
1.9416 0 0 0
1.944 0 0 0
1.9464 0 0 0
1.9488 0 0 0
1.9512 0 0 0
1.9536 0 0 0
1.956 0 0 0
1.9584 0 0 0
1.9608 0 0 0
1.9632 0 0 0
1.9656 0 0 0
1.968 0 0 0
1.9704 0 0 0
1.9728 0 0 0
1.9752 0 0 0
1.9776 0 0 0
1.98 0 0 0
1.9824 0 0 0
1.9848 0 0 0
1.9872 0 0 0
1.9896 0 0 0
1.992 0 0 0
1.9944 0 0 0
1.9968 0 0 0
1.9992 0 0 0
2.0016 0 0 0
2.004 0 0 0
2.0064 0 0 0
2.0088 0 0 0
2.0112 0 0 0
2.0136 0 0 0
2.016 0 0 0
2.0184 0 0 0
2.0208 0 0 0
2.0232 0 0 0
2.0256 0 0 0
2.028 0 0 0
2.0304 0 0 0
2.0328 0 0 0
2.0352 0 0 0
2.0376 0 0 0
2.04 0 0 0
2.0424 0 0 0
2.0448 0 0 0
2.0472 0 0 0
2.0496 0 0 0
2.052 0 0 0
2.0544 0 0 0
2.0568 0 0 0
2.0592 0 0 0
2.0616 0 0 0
2.064 0 0 0
2.0664 0 0 0
2.0688 0 0 0
2.0712 0 0 0
2.0736 0 0 0
2.076 0 0 0
2.0784 0 0 0
2.0808 0 0 0
2.0832 0 0 0
2.0856 0 0 0
2.088 0 0 0
2.0904 0 0 0
2.0928 0 0 0
2.0952 0 0 0
2.0976 0 0 0
2.1 0 0 0
2.1024 0 0 0
2.1048 0 0 0
2.1072 0 0 0
2.1096 0 0 0
2.112 0 0 0
2.1144 0 0 0
2.1168 0 0 0
2.1192 0 0 0
2.1216 0 0 0
2.124 0 0 0
2.1264 0 0 0
2.1288 0 0 0
2.1312 0 0 0
2.1336 0 0 0
2.136 0 0 0
2.1384 0 0 0
2.1408 0 0 0
2.1432 0 0 0
2.1456 0 0 0
2.148 0 0 0
2.1504 0 0 0
2.1528 0 0 0
2.1552 0 0 0
2.1576 0 0 0
2.16 0 0 0
2.1624 0 0 0
2.1648 0 0 0
2.1672 0 0 0
2.1696 0 0 0
2.172 0 0 0
2.1744 0 0 0
2.1768 0 0 0
2.1792 0 0 0
2.1816 0 0 0
2.184 0 0 0
2.1864 0 0 0
2.1888 0 0 0
2.1912 0 0 0
2.1936 0 0 0
2.196 0 0 0
2.1984 0 0 0
2.2008 0 0 0
2.2032 0 0 0
2.2056 0 0 0
2.208 0 0 0
2.2104 0 0 0
2.2128 0 0 0
2.2152 0 0 0
2.2176 0 0 0
2.22 0 0 0
2.2224 0 0 0
2.2248 0 0 0
2.2272 0 0 0
2.2296 0 0 0
2.232 0 0 0
2.2344 0 0 0
2.2368 0 0 0
2.2392 0 0 0
2.2416 0 0 0
2.244 0 0 0
2.2464 0 0 0
2.2488 0 0 0
2.2512 0 0 0
2.2536 0 0 0
2.256 0 0 0
2.2584 0 0 0
2.2608 0 0 0
2.2632 0 0 0
2.2656 0 0 0
2.268 0 0 0
2.2704 0 0 0
2.2728 0 0 0
2.2752 0 0 0
2.2776 0 0 0
2.28 0 0 0
2.2824 0 0 0
2.2848 0 0 0
2.2872 0 0 0
2.2896 0 0 0
2.292 0 0 0
2.2944 0 0 0
2.2968 0 0 0
2.2992 0 0 0
2.3016 0 0 0
2.304 0 0 0
2.3064 0 0 0
2.3088 0 0 0
2.3112 0 0 0
2.3136 0 0 0
2.316 0 0 0
2.3184 0 0 0
2.3208 0 0 0
2.3232 0 0 0
2.3256 0 0 0
2.328 0 0 0
2.3304 0 0 0
2.3328 0 0 0
2.3352 0 0 0
2.3376 0 0 0
2.34 0 0 0
2.3424 0 0 0
2.3448 0 0 0
2.3472 0 0 0
2.3496 0 0 0
2.352 0 0 0
2.3544 0 0 0
2.3568 0 0 0
2.3592 0 0 0
2.3616 0 0 0
2.364 0 0 0
2.3664 0 0 0
2.3688 0 0 0
2.3712 0 0 0
2.3736 0 0 0
2.376 0 0 0
2.3784 0 0 0
2.3808 0 0 0
2.3832 0 0 0
2.3856 0 0 0
2.388 0 0 0
2.3904 0 0 0
2.3928 0 0 0
2.3952 0 0 0
2.3976 0 0 0
2.4 0 0 0
2.4024 0 0 0
2.4048 0 0 0
2.4072 0 0 0
2.4096 0 0 0
2.412 0 0 0
2.4144 0 0 0
2.4168 0 0 0
2.4192 0 0 0
2.4216 0 0 0
2.424 0 0 0
2.4264 0 0 0
2.4288 0 0 0
2.4312 0 0 0
2.4336 0 0 0
2.436 0 0 0
2.4384 0 0 0
2.4408 0 0 0
2.4432 0 0 0
2.4456 0 0 0
2.448 0 0 0
2.4504 0 0 0
2.4528 0 0 0
2.4552 0 0 0
2.4576 0 0 0
2.46 0 0 0
2.4624 0 0 0
2.4648 0 0 0
2.4672 0 0 0
2.4696 0 0 0
2.472 0 0 0
2.4744 0 0 0
2.4768 0 0 0
2.4792 0 0 0
2.4816 0 0 0
2.484 0 0 0
2.4864 0 0 0
2.4888 0 0 0
2.4912 0 0 0
2.4936 0 0 0
2.496 0 0 0
2.4984 0 0 0
2.5008 0 0 0
2.5032 0 0 0
2.5056 0 0 0
2.508 0 0 0
2.5104 0 0 0
2.5128 0 0 0
2.5152 0 0 0
2.5176 0 0 0
2.52 0 0 0
2.5224 0 0 0
2.5248 0 0 0
2.5272 0 0 0
2.5296 0 0 0
2.532 0 0 0
2.5344 0 0 0
2.5368 0 0 0
2.5392 0 0 0
2.5416 0 0 0
2.544 0 0 0
2.5464 0 0 0
2.5488 0 0 0
2.5512 0 0 0
2.5536 0 0 0
2.556 0 0 0
2.5584 0 0 0
2.5608 0 0 0
2.5632 0 0 0
2.5656 0 0 0
2.568 0 0 0
2.5704 0 0 0
2.5728 0 0 0
2.5752 0 0 0
2.5776 0 0 0
2.58 0 0 0
2.5824 0 0 0
2.5848 0 0 0
2.5872 0 0 0
2.5896 0 0 0
2.592 0 0 0
2.5944 0 0 0
2.5968 0 0 0
2.5992 0 0 0
2.6016 0 0 0
2.604 0 0 0
2.6064 0 0 0
2.6088 0 0 0
2.6112 0 0 0
2.6136 0 0 0
2.616 0 0 0
2.6184 0 0 0
2.6208 0 0 0
2.6232 0 0 0
2.6256 0 0 0
2.628 0 0 0
2.6304 0 0 0
2.6328 0 0 0
2.6352 0 0 0
2.6376 0 0 0
2.64 0 0 0
2.6424 0 0 0
2.6448 0 0 0
2.6472 0 0 0
2.6496 0 0 0
2.652 0 0 0
2.6544 0 0 0
2.6568 0 0 0
2.6592 0 0 0
2.6616 0 0 0
2.664 0 0 0
2.6664 0 0 0
2.6688 0 0 0
2.6712 0 0 0
2.6736 0 0 0
2.676 0 0 0
2.6784 0 0 0
2.6808 0 0 0
2.6832 0 0 0
2.6856 0 0 0
2.688 0 0 0
2.6904 0 0 0
2.6928 0 0 0
2.6952 0 0 0
2.6976 0 0 0
2.7 0 0 0
2.7024 0 0 0
2.7048 0 0 0
2.7072 0 0 0
2.7096 0 0 0
2.712 0 0 0
2.7144 0 0 0
2.7168 0 0 0
2.7192 0 0 0
2.7216 0 0 0
2.724 0 0 0
2.7264 0 0 0
2.7288 0 0 0
2.7312 0 0 0
2.7336 0 0 0
2.736 0 0 0
2.7384 0 0 0
2.7408 0 0 0
2.7432 0 0 0
2.7456 0 0 0
2.748 0 0 0
2.7504 0 0 0
2.7528 0 0 0
2.7552 0 0 0
2.7576 0 0 0
2.76 0 0 0
2.7624 0 0 0
2.7648 0 0 0
2.7672 0 0 0
2.7696 0 0 0
2.772 0 0 0
2.7744 0 0 0
2.7768 0 0 0
2.7792 0 0 0
2.7816 0 0 0
2.784 0 0 0
2.7864 0 0 0
2.7888 0 0 0
2.7912 0 0 0
2.7936 0 0 0
2.796 0 0 0
2.7984 0 0 0
2.8008 0 0 0
2.8032 0 0 0
2.8056 0 0 0
2.808 0 0 0
2.8104 0 0 0
2.8128 0 0 0
2.8152 0 0 0
2.8176 0 0 0
2.82 0 0 0
2.8224 0 0 0
2.8248 0 0 0
2.8272 0 0 0
2.8296 0 0 0
2.832 0 0 0
2.8344 0 0 0
2.8368 0 0 0
2.8392 0 0 0
2.8416 0 0 0
2.844 0 0 0
2.8464 0 0 0
2.8488 0 0 0
2.8512 0 0 0
2.8536 0 0 0
2.856 0 0 0
2.8584 0 0 0
2.8608 0 0 0
2.8632 0 0 0
2.8656 0 0 0
2.868 0 0 0
2.8704 0 0 0
2.8728 0 0 0
2.8752 0 0 0
2.8776 0 0 0
2.88 0 0 0
2.8824 0 0 0
2.8848 0 0 0
2.8872 0 0 0
2.8896 0 0 0
2.892 0 0 0
2.8944 0 0 0
2.8968 0 0 0
2.8992 0 0 0
2.9016 0 0 0
2.904 0 0 0
2.9064 0 0 0
2.9088 0 0 0
2.9112 0 0 0
2.9136 0 0 0
2.916 0 0 0
2.9184 0 0 0
2.9208 0 0 0
2.9232 0 0 0
2.9256 0 0 0
2.928 0 0 0
2.9304 0 0 0
2.9328 0 0 0
2.9352 0 0 0
2.9376 0 0 0
2.94 0 0 0
2.9424 0 0 0
2.9448 0 0 0
2.9472 0 0 0
2.9496 0 0 0
2.952 0 0 0
2.9544 0 0 0
2.9568 0 0 0
2.9592 0 0 0
2.9616 0 0 0
2.964 0 0 0
2.9664 0 0 0
2.9688 0 0 0
2.9712 0 0 0
2.9736 0 0 0
2.976 0 0 0
2.9784 0 0 0
2.9808 0 0 0
2.9832 0 0 0
2.9856 0 0 0
2.988 0 0 0
2.9904 0 0 0
2.9928 0 0 0
2.9952 0 0 0
2.9976 0 0 0
3 0 0 0
3.0024 0 0 0
3.0048 0 0 0
3.0072 0 0 0
3.0096 0 0 0
3.012 0 0 0
3.0144 0 0 0
3.0168 0 0 0
3.0192 0 0 0
3.0216 0 0 0
3.024 0 0 0
3.0264 0 0 0
3.0288 0 0 0
3.0312 0 0 0
3.0336 0 0 0
3.036 0 0 0
3.0384 0 0 0
3.0408 0 0 0
3.0432 0 0 0
3.0456 0 0 0
3.048 0 0 0
3.0504 0 0 0
3.0528 0 0 0
3.0552 0 0 0
3.0576 0 0 0
3.06 0 0 0
3.0624 0 0 0
3.0648 0 0 0
3.0672 0 0 0
3.0696 0 0 0
3.072 0 0 0
3.0744 0 0 0
3.0768 0 0 0
3.0792 0 0 0
3.0816 0 0 0
3.084 0 0 0
3.0864 0 0 0
3.0888 0 0 0
3.0912 0 0 0
3.0936 0 0 0
3.096 0 0 0
3.0984 0 0 0
3.1008 0 0 0
3.1032 0 0 0
3.1056 0 0 0
3.108 0 0 0
3.1104 0 0 0
3.1128 0 0 0
3.1152 0 0 0
3.1176 0 0 0
3.12 0 0 0
3.1224 0 0 0
3.1248 0 0 0
3.1272 0 0 0
3.1296 0 0 0
3.132 0 0 0
3.1344 0 0 0
3.1368 0 0 0
3.1392 0 0 0
3.1416 0 0 0
3.144 0 0 0
3.1464 0 0 0
3.1488 0 0 0
3.1512 0 0 0
3.1536 0 0 0
3.156 0 0 0
3.1584 0 0 0
3.1608 0 0 0
3.1632 0 0 0
3.1656 0 0 0
3.168 0 0 0
3.1704 0 0 0
3.1728 0 0 0
3.1752 0 0 0
3.1776 0 0 0
3.18 0 0 0
3.1824 0 0 0
3.1848 0 0 0
3.1872 0 0 0
3.1896 0 0 0
3.192 0 0 0
3.1944 0 0 0
3.1968 0 0 0
3.1992 0 0 0
3.2016 0 0 0
3.204 0 0 0
3.2064 0 0 0
3.2088 0 0 0
3.2112 0 0 0
3.2136 0 0 0
3.216 0 0 0
3.2184 0 0 0
3.2208 0 0 0
3.2232 0 0 0
3.2256 0 0 0
3.228 0 0 0
3.2304 0 0 0
3.2328 0 0 0
3.2352 0 0 0
3.2376 0 0 0
3.24 0 0 0
3.2424 0 0 0
3.2448 0 0 0
3.2472 0 0 0
3.2496 0 0 0
3.252 0 0 0
3.2544 0 0 0
3.2568 0 0 0
3.2592 0 0 0
3.2616 0 0 0
3.264 0 0 0
3.2664 0 0 0
3.2688 0 0 0
3.2712 0 0 0
3.2736 0 0 0
3.276 0 0 0
3.2784 0 0 0
3.2808 0 0 0
3.2832 0 0 0
3.2856 0 0 0
3.288 0 0 0
3.2904 0 0 0
3.2928 0 0 0
3.2952 0 0 0
3.2976 0 0 0
3.3 0 0 0
3.3024 0 0 0
3.3048 0 0 0
3.3072 0 0 0
3.3096 0 0 0
3.312 0 0 0
3.3144 0 0 0
3.3168 0 0 0
3.3192 0 0 0
3.3216 0 0 0
3.324 0 0 0
3.3264 0 0 0
3.3288 0 0 0
3.3312 0 0 0
3.3336 0 0 0
3.336 0 0 0
3.3384 0 0 0
3.3408 0 0 0
3.3432 0 0 0
3.3456 0 0 0
3.348 0 0 0
3.3504 0 0 0
3.3528 0 0 0
3.3552 0 0 0
3.3576 0 0 0
3.36 0 0 0
3.3624 0 0 0
3.3648 0 0 0
3.3672 0 0 0
3.3696 0 0 0
3.372 0 0 0
3.3744 0 0 0
3.3768 0 0 0
3.3792 0 0 0
3.3816 0 0 0
3.384 0 0 0
3.3864 0 0 0
3.3888 0 0 0
3.3912 0 0 0
3.3936 0 0 0
3.396 0 0 0
3.3984 0 0 0
3.4008 0 0 0
3.4032 0 0 0
3.4056 0 0 0
3.408 0 0 0
3.4104 0 0 0
3.4128 0 0 0
3.4152 0 0 0
3.4176 0 0 0
3.42 0 0 0
3.4224 0 0 0
3.4248 0 0 0
3.4272 0 0 0
3.4296 0 0 0
3.432 0 0 0
3.4344 0 0 0
3.4368 0 0 0
3.4392 0 0 0
3.4416 0 0 0
3.444 0 0 0
3.4464 0 0 0
3.4488 0 0 0
3.4512 0 0 0
3.4536 0 0 0
3.456 0 0 0
3.4584 0 0 0
3.4608 0 0 0
3.4632 0 0 0
3.4656 0 0 0
3.468 0 0 0
3.4704 0 0 0
3.4728 0 0 0
3.4752 0 0 0
3.4776 0 0 0
3.48 0 0 0
3.4824 0 0 0
3.4848 0 0 0
3.4872 0 0 0
3.4896 0 0 0
3.492 0 0 0
3.4944 0 0 0
3.4968 0 0 0
3.4992 0 0 0
3.5016 0 0 0
3.504 0 0 0
3.5064 0 0 0
3.5088 0 0 0
3.5112 0 0 0
3.5136 0 0 0
3.516 0 0 0
3.5184 0 0 0
3.5208 0 0 0
3.5232 0 0 0
3.5256 0 0 0
3.528 0 0 0
3.5304 0 0 0
3.5328 0 0 0
3.5352 0 0 0
3.5376 0 0 0
3.54 0 0 0
3.5424 0 0 0
3.5448 0 0 0
3.5472 0 0 0
3.5496 0 0 0
3.552 0 0 0
3.5544 0 0 0
3.5568 0 0 0
3.5592 0 0 0
3.5616 0 0 0
3.564 0 0 0
3.5664 0 0 0
3.5688 0 0 0
3.5712 0 0 0
3.5736 0 0 0
3.576 0 0 0
3.5784 0 0 0
3.5808 0 0 0
3.5832 0 0 0
3.5856 0 0 0
3.588 0 0 0
3.5904 0 0 0
3.5928 0 0 0
3.5952 0 0 0
3.5976 0 0 0
3.6 0 0 0
3.6024 0 0 0
3.6048 0 0 0
3.6072 0 0 0
3.6096 0 0 0
3.612 0 0 0
3.6144 0 0 0
3.6168 0 0 0
3.6192 0 0 0
3.6216 0 0 0
3.624 0 0 0
3.6264 0 0 0
3.6288 0 0 0
3.6312 0 0 0
3.6336 0 0 0
3.636 0 0 0
3.6384 0 0 0
3.6408 0 0 0
3.6432 0 0 0
3.6456 0 0 0
3.648 0 0 0
3.6504 0 0 0
3.6528 0 0 0
3.6552 0 0 0
3.6576 0 0 0
3.66 0 0 0
3.6624 0 0 0
3.6648 0 0 0
3.6672 0 0 0
3.6696 0 0 0
3.672 0 0 0
3.6744 0 0 0
3.6768 0 0 0
3.6792 0 0 0
3.6816 0 0 0
3.684 0 0 0
3.6864 0 0 0
3.6888 0 0 0
3.6912 0 0 0
3.6936 0 0 0
3.696 0 0 0
3.6984 0 0 0
3.7008 0 0 0
3.7032 0 0 0
3.7056 0 0 0
3.708 0 0 0
3.7104 0 0 0
3.7128 0 0 0
3.7152 0 0 0
3.7176 0 0 0
3.72 0 0 0
3.7224 0 0 0
3.7248 0 0 0
3.7272 0 0 0
3.7296 0 0 0
3.732 0 0 0
3.7344 0 0 0
3.7368 0 0 0
3.7392 0 0 0
3.7416 0 0 0
3.744 0 0 0
3.7464 0 0 0
3.7488 0 0 0
3.7512 0 0 0
3.7536 0 0 0
3.756 0 0 0
3.7584 0 0 0
3.7608 0 0 0
3.7632 0 0 0
3.7656 0 0 0
3.768 0 0 0
3.7704 0 0 0
3.7728 0 0 0
3.7752 0 0 0
3.7776 0 0 0
3.78 0 0 0
3.7824 0 0 0
3.7848 0 0 0
3.7872 0 0 0
3.7896 0 0 0
3.792 0 0 0
3.7944 0 0 0
3.7968 0 0 0
3.7992 0 0 0
3.8016 0 0 0
3.804 0 0 0
3.8064 0 0 0
3.8088 0 0 0
3.8112 0 0 0
3.8136 0 0 0
3.816 0 0 0
3.8184 0 0 0
3.8208 0 0 0
3.8232 0 0 0
3.8256 0 0 0
3.828 0 0 0
3.8304 0 0 0
3.8328 0 0 0
3.8352 0 0 0
3.8376 0 0 0
3.84 0 0 0
3.8424 0 0 0
3.8448 0 0 0
3.8472 0 0 0
3.8496 0 0 0
3.852 0 0 0
3.8544 0 0 0
3.8568 0 0 0
3.8592 0 0 0
3.8616 0 0 0
3.864 0 0 0
3.8664 0 0 0
3.8688 0 0 0
3.8712 0 0 0
3.8736 0 0 0
3.876 0 0 0
3.8784 0 0 0
3.8808 0 0 0
3.8832 0 0 0
3.8856 0 0 0
3.888 0 0 0
3.8904 0 0 0
3.8928 0 0 0
3.8952 0 0 0
3.8976 0 0 0
3.9 0 0 0
3.9024 0 0 0
3.9048 0 0 0
3.9072 0 0 0
3.9096 0 0 0
3.912 0 0 0
3.9144 0 0 0
3.9168 0 0 0
3.9192 0 0 0
3.9216 0 0 0
3.924 0 0 0
3.9264 0 0 0
3.9288 0 0 0
3.9312 0 0 0
3.9336 0 0 0
3.936 0 0 0
3.9384 0 0 0
3.9408 0 0 0
3.9432 0 0 0
3.9456 0 0 0
3.948 0 0 0
3.9504 0 0 0
3.9528 0 0 0
3.9552 0 0 0
3.9576 0 0 0
3.96 0 0 0
3.9624 0 0 0
3.9648 0 0 0
3.9672 0 0 0
3.9696 0 0 0
3.972 0 0 0
3.9744 0 0 0
3.9768 0 0 0
3.9792 0 0 0
3.9816 0 0 0
3.984 0 0 0
3.9864 0 0 0
3.9888 0 0 0
3.9912 0 0 0
3.9936 0 0 0
3.996 0 0 0
3.9984 0 0 0
4.0008 0 0 0
4.0032 0 0 0
4.0056 0 0 0
4.008 0 0 0
4.0104 0 0 0
4.0128 0 0 0
4.0152 0 0 0
4.0176 0 0 0
4.02 0 0 0
4.0224 0 0 0
4.0248 0 0 0
4.0272 0 0 0
4.0296 0 0 0
4.032 0 0 0
4.0344 0 0 0
4.0368 0 0 0
4.0392 0 0 0
4.0416 0 0 0
4.044 0 0 0
4.0464 0 0 0
4.0488 0 0 0
4.0512 0 0 0
4.0536 0 0 0
4.056 0 0 0
4.0584 0 0 0
4.0608 0 0 0
4.0632 0 0 0
4.0656 0 0 0
4.068 0 0 0
4.0704 0 0 0
4.0728 0 0 0
4.0752 0 0 0
4.0776 0 0 0
4.08 0 0 0
4.0824 0 0 0
4.0848 0 0 0
4.0872 0 0 0
4.0896 0 0 0
4.092 0 0 0
4.0944 0 0 0
4.0968 0 0 0
4.0992 0 0 0
4.1016 0 0 0
4.104 0 0 0
4.1064 0 0 0
4.1088 0 0 0
4.1112 0 0 0
4.1136 0 0 0
4.116 0 0 0
4.1184 0 0 0
4.1208 0 0 0
4.1232 0 0 0
4.1256 0 0 0
4.128 0 0 0
4.1304 0 0 0
4.1328 0 0 0
4.1352 0 0 0
4.1376 0 0 0
4.14 0 0 0
4.1424 0 0 0
4.1448 0 0 0
4.1472 0 0 0
4.1496 0 0 0
4.152 0 0 0
4.1544 0 0 0
4.1568 0 0 0
4.1592 0 0 0
4.1616 0 0 0
4.164 0 0 0
4.1664 0 0 0
4.1688 0 0 0
4.1712 0 0 0
4.1736 0 0 0
4.176 0 0 0
4.1784 0 0 0
4.1808 0 0 0
4.1832 0 0 0
4.1856 0 0 0
4.188 0 0 0
4.1904 0 0 0
4.1928 0 0 0
4.1952 0 0 0
4.1976 0 0 0
4.2 0 0 0
4.2024 0 0 0
4.2048 0 0 0
4.2072 0 0 0
4.2096 0 0 0
4.212 0 0 0
4.2144 0 0 0
4.2168 0 0 0
4.2192 0 0 0
4.2216 0 0 0
4.224 0 0 0
4.2264 0 0 0
4.2288 0 0 0
4.2312 0 0 0
4.2336 0 0 0
4.236 0 0 0
4.2384 0 0 0
4.2408 0 0 0
4.2432 0 0 0
4.2456 0 0 0
4.248 0 0 0
4.2504 0 0 0
4.2528 0 0 0
4.2552 0 0 0
4.2576 0 0 0
4.26 0 0 0
4.2624 0 0 0
4.2648 0 0 0
4.2672 0 0 0
4.2696 0 0 0
4.272 0 0 0
4.2744 0 0 0
4.2768 0 0 0
4.2792 0 0 0
4.2816 0 0 0
4.284 0 0 0
4.2864 0 0 0
4.2888 0 0 0
4.2912 0 0 0
4.2936 0 0 0
4.296 0 0 0
4.2984 0 0 0
4.3008 0 0 0
4.3032 0 0 0
4.3056 0 0 0
4.308 0 0 0
4.3104 0 0 0
4.3128 0 0 0
4.3152 0 0 0
4.3176 0 0 0
4.32 0 0 0
4.3224 0 0 0
4.3248 0 0 0
4.3272 0 0 0
4.3296 0 0 0
4.332 0 0 0
4.3344 0 0 0
4.3368 0 0 0
4.3392 0 0 0
4.3416 0 0 0
4.344 0 0 0
4.3464 0 0 0
4.3488 0 0 0
4.3512 0 0 0
4.3536 0 0 0
4.356 0 0 0
4.3584 0 0 0
4.3608 0 0 0
4.3632 0 0 0
4.3656 0 0 0
4.368 0 0 0
4.3704 0 0 0
4.3728 0 0 0
4.3752 0 0 0
4.3776 0 0 0
4.38 0 0 0
4.3824 0 0 0
4.3848 0 0 0
4.3872 0 0 0
4.3896 0 0 0
4.392 0 0 0
4.3944 0 0 0
4.3968 0 0 0
4.3992 0 0 0
4.4016 0 0 0
4.404 0 0 0
4.4064 0 0 0
4.4088 0 0 0
4.4112 0 0 0
4.4136 0 0 0
4.416 0 0 0
4.4184 0 0 0
4.4208 0 0 0
4.4232 0 0 0
4.4256 0 0 0
4.428 0 0 0
4.4304 0 0 0
4.4328 0 0 0
4.4352 0 0 0
4.4376 0 0 0
4.44 0 0 0
4.4424 0 0 0
4.4448 0 0 0
4.4472 0 0 0
4.4496 0 0 0
4.452 0 0 0
4.4544 0 0 0
4.4568 0 0 0
4.4592 0 0 0
4.4616 0 0 0
4.464 0 0 0
4.4664 0 0 0
4.4688 0 0 0
4.4712 0 0 0
4.4736 0 0 0
4.476 0 0 0
4.4784 0 0 0
4.4808 0 0 0
4.4832 0 0 0
4.4856 0 0 0
4.488 0 0 0
4.4904 0 0 0
4.4928 0 0 0
4.4952 0 0 0
4.4976 0 0 0
4.5 0 0 0
4.5024 0 0 0
4.5048 0 0 0
4.5072 0 0 0
4.5096 0 0 0
4.512 0 0 0
4.5144 0 0 0
4.5168 0 0 0
4.5192 0 0 0
4.5216 0 0 0
4.524 0 0 0
4.5264 0 0 0
4.5288 0 0 0
4.5312 0 0 0
4.5336 0 0 0
4.536 0 0 0
4.5384 0 0 0
4.5408 0 0 0
4.5432 0 0 0
4.5456 0 0 0
4.548 0 0 0
4.5504 0 0 0
4.5528 0 0 0
4.5552 0 0 0
4.5576 0 0 0
4.56 0 0 0
4.5624 0 0 0
4.5648 0 0 0
4.5672 0 0 0
4.5696 0 0 0
4.572 0 0 0
4.5744 0 0 0
4.5768 0 0 0
4.5792 0 0 0
4.5816 0 0 0
4.584 0 0 0
4.5864 0 0 0
4.5888 0 0 0
4.5912 0 0 0
4.5936 0 0 0
4.596 0 0 0
4.5984 0 0 0
4.6008 0 0 0
4.6032 0 0 0
4.6056 0 0 0
4.608 0 0 0
4.6104 0 0 0
4.6128 0 0 0
4.6152 0 0 0
4.6176 0 0 0
4.62 0 0 0
4.6224 0 0 0
4.6248 0 0 0
4.6272 0 0 0
4.6296 0 0 0
4.632 0 0 0
4.6344 0 0 0
4.6368 0 0 0
4.6392 0 0 0
4.6416 0 0 0
4.644 0 0 0
4.6464 0 0 0
4.6488 0 0 0
4.6512 0 0 0
4.6536 0 0 0
4.656 0 0 0
4.6584 0 0 0
4.6608 0 0 0
4.6632 0 0 0
4.6656 0 0 0
4.668 0 0 0
4.6704 0 0 0
4.6728 0 0 0
4.6752 0 0 0
4.6776 0 0 0
4.68 0 0 0
4.6824 0 0 0
4.6848 0 0 0
4.6872 0 0 0
4.6896 0 0 0
4.692 0 0 0
4.6944 0 0 0
4.6968 0 0 0
4.6992 0 0 0
4.7016 0 0 0
4.704 0 0 0
4.7064 0 0 0
4.7088 0 0 0
4.7112 0 0 0
4.7136 0 0 0
4.716 0 0 0
4.7184 0 0 0
4.7208 0 0 0
4.7232 0 0 0
4.7256 0 0 0
4.728 0 0 0
4.7304 0 0 0
4.7328 0 0 0
4.7352 0 0 0
4.7376 0 0 0
4.74 0 0 0
4.7424 0 0 0
4.7448 0 0 0
4.7472 0 0 0
4.7496 0 0 0
4.752 0 0 0
4.7544 0 0 0
4.7568 0 0 0
4.7592 0 0 0
4.7616 0 0 0
4.764 0 0 0
4.7664 0 0 0
4.7688 0 0 0
4.7712 0 0 0
4.7736 0 0 0
4.776 0 0 0
4.7784 0 0 0
4.7808 0 0 0
4.7832 0 0 0
4.7856 0 0 0
4.788 0 0 0
4.7904 0 0 0
4.7928 0 0 0
4.7952 0 0 0
4.7976 0 0 0
4.8 0 0 0
4.8024 0 0 0
4.8048 0 0 0
4.8072 0 0 0
4.8096 0 0 0
4.812 0 0 0
4.8144 0 0 0
4.8168 0 0 0
4.8192 0 0 0
4.8216 0 0 0
4.824 0 0 0
4.8264 0 0 0
4.8288 0 0 0
4.8312 0 0 0
4.8336 0 0 0
4.836 0 0 0
4.8384 0 0 0
4.8408 0 0 0
4.8432 0 0 0
4.8456 0 0 0
4.848 0 0 0
4.8504 0 0 0
4.8528 0 0 0
4.8552 0 0 0
4.8576 0 0 0
4.86 0 0 0
4.8624 0 0 0
4.8648 0 0 0
4.8672 0 0 0
4.8696 0 0 0
4.872 0 0 0
4.8744 0 0 0
4.8768 0 0 0
4.8792 0 0 0
4.8816 0 0 0
4.884 0 0 0
4.8864 0 0 0
4.8888 0 0 0
4.8912 0 0 0
4.8936 0 0 0
4.896 0 0 0
4.8984 0 0 0
4.9008 0 0 0
4.9032 0 0 0
4.9056 0 0 0
4.908 0 0 0
4.9104 0 0 0
4.9128 0 0 0
4.9152 0 0 0
4.9176 0 0 0
4.92 0 0 0
4.9224 0 0 0
4.9248 0 0 0
4.9272 0 0 0
4.9296 0 0 0
4.932 0 0 0
4.9344 0 0 0
4.9368 0 0 0
4.9392 0 0 0
4.9416 0 0 0
4.944 0 0 0
4.9464 0 0 0
4.9488 0 0 0
4.9512 0 0 0
4.9536 0 0 0
4.956 0 0 0
4.9584 0 0 0
4.9608 0 0 0
4.9632 0 0 0
4.9656 0 0 0
4.968 0 0 0
4.9704 0 0 0
4.9728 0 0 0
4.9752 0 0 0
4.9776 0 0 0
4.98 0 0 0
4.9824 0 0 0
4.9848 0 0 0
4.9872 0 0 0
4.9896 0 0 0
4.992 0 0 0
4.9944 0 0 0
4.9968 0 0 0
4.9992 0 0 0
5.0016 0 0 0
5.004 0 0 0
5.0064 0 0 0
5.0088 0 0 0
5.0112 0 0 0
5.0136 0 0 0
5.016 0 0 0
5.0184 0 0 0
5.0208 0 0 0
5.0232 0 0 0
5.0256 0 0 0
5.028 0 0 0
5.0304 0 0 0
5.0328 0 0 0
5.0352 0 0 0
5.0376 0 0 0
5.04 0 0 0
5.0424 0 0 0
5.0448 0 0 0
5.0472 0 0 0
5.0496 0 0 0
5.052 0 0 0
5.0544 0 0 0
5.0568 0 0 0
5.0592 0 0 0
5.0616 0 0 0
5.064 0 0 0
5.0664 0 0 0
5.0688 0 0 0
5.0712 0 0 0
5.0736 0 0 0
5.076 0 0 0
5.0784 0 0 0
5.0808 0 0 0
5.0832 0 0 0
5.0856 0 0 0
5.088 0 0 0
5.0904 0 0 0
5.0928 0 0 0
5.0952 0 0 0
5.0976 0 0 0
5.1 0 0 0
5.1024 0 0 0
5.1048 0 0 0
5.1072 0 0 0
5.1096 0 0 0
5.112 0 0 0
5.1144 0 0 0
5.1168 0 0 0
5.1192 0 0 0
5.1216 0 0 0
5.124 0 0 0
5.1264 0 0 0
5.1288 0 0 0
5.1312 0 0 0
5.1336 0 0 0
5.136 0 0 0
5.1384 0 0 0
5.1408 0 0 0
5.1432 0 0 0
5.1456 0 0 0
5.148 0 0 0
5.1504 0 0 0
5.1528 0 0 0
5.1552 0 0 0
5.1576 0 0 0
5.16 0 0 0
5.1624 0 0 0
5.1648 0 0 0
5.1672 0 0 0
5.1696 0 0 0
5.172 0 0 0
5.1744 0 0 0
5.1768 0 0 0
5.1792 0 0 0
5.1816 0 0 0
5.184 0 0 0
5.1864 0 0 0
5.1888 0 0 0
5.1912 0 0 0
5.1936 0 0 0
5.196 0 0 0
5.1984 0 0 0
5.2008 0 0 0
5.2032 0 0 0
5.2056 0 0 0
5.208 0 0 0
5.2104 0 0 0
5.2128 0 0 0
5.2152 0 0 0
5.2176 0 0 0
5.22 0 0 0
5.2224 0 0 0
5.2248 0 0 0
5.2272 0 0 0
5.2296 0 0 0
5.232 0 0 0
5.2344 0 0 0
5.2368 0 0 0
5.2392 0 0 0
5.2416 0 0 0
5.244 0 0 0
5.2464 0 0 0
5.2488 0 0 0
5.2512 0 0 0
5.2536 0 0 0
5.256 0 0 0
5.2584 0 0 0
5.2608 0 0 0
5.2632 0 0 0
5.2656 0 0 0
5.268 0 0 0
5.2704 0 0 0
5.2728 0 0 0
5.2752 0 0 0
5.2776 0 0 0
5.28 0 0 0
5.2824 0 0 0
5.2848 0 0 0
5.2872 0 0 0
5.2896 0 0 0
5.292 0 0 0
5.2944 0 0 0
5.2968 0 0 0
5.2992 0 0 0
5.3016 0 0 0
5.304 0 0 0
5.3064 0 0 0
5.3088 0 0 0
5.3112 0 0 0
5.3136 0 0 0
5.316 0 0 0
5.3184 0 0 0
5.3208 0 0 0
5.3232 0 0 0
5.3256 0 0 0
5.328 0 0 0
5.3304 0 0 0
5.3328 0 0 0
5.3352 0 0 0
5.3376 0 0 0
5.34 0 0 0
5.3424 0 0 0
5.3448 0 0 0
5.3472 0 0 0
5.3496 0 0 0
5.352 0 0 0
5.3544 0 0 0
5.3568 0 0 0
5.3592 0 0 0
5.3616 0 0 0
5.364 0 0 0
5.3664 0 0 0
5.3688 0 0 0
5.3712 0 0 0
5.3736 0 0 0
5.376 0 0 0
5.3784 0 0 0
5.3808 0 0 0
5.3832 0 0 0
5.3856 0 0 0
5.388 0 0 0
5.3904 0 0 0
5.3928 0 0 0
5.3952 0 0 0
5.3976 0 0 0
5.4 0 0 0
5.4024 0 0 0
5.4048 0 0 0
5.4072 0 0 0
5.4096 0 0 0
5.412 0 0 0
5.4144 0 0 0
5.4168 0 0 0
5.4192 0 0 0
5.4216 0 0 0
5.424 0 0 0
5.4264 0 0 0
5.4288 0 0 0
5.4312 0 0 0
5.4336 0 0 0
5.436 0 0 0
5.4384 0 0 0
5.4408 0 0 0
5.4432 0 0 0
5.4456 0 0 0
5.448 0 0 0
5.4504 0 0 0
5.4528 0 0 0
5.4552 0 0 0
5.4576 0 0 0
5.46 0 0 0
5.4624 0 0 0
5.4648 0 0 0
5.4672 0 0 0
5.4696 0 0 0
5.472 0 0 0
5.4744 0 0 0
5.4768 0 0 0
5.4792 0 0 0
5.4816 0 0 0
5.484 0 0 0
5.4864 0 0 0
5.4888 0 0 0
5.4912 0 0 0
5.4936 0 0 0
5.496 0 0 0
5.4984 0 0 0
5.5008 0 0 0
5.5032 0 0 0
5.5056 0 0 0
5.508 0 0 0
5.5104 0 0 0
5.5128 0 0 0
5.5152 0 0 0
5.5176 0 0 0
5.52 0 0 0
5.5224 0 0 0
5.5248 0 0 0
5.5272 0 0 0
5.5296 0 0 0
5.532 0 0 0
5.5344 0 0 0
5.5368 0 0 0
5.5392 0 0 0
5.5416 0 0 0
5.544 0 0 0
5.5464 0 0 0
5.5488 0 0 0
5.5512 0 0 0
5.5536 0 0 0
5.556 0 0 0
5.5584 0 0 0
5.5608 0 0 0
5.5632 0 0 0
5.5656 0 0 0
5.568 0 0 0
5.5704 0 0 0
5.5728 0 0 0
5.5752 0 0 0
5.5776 0 0 0
5.58 0 0 0
5.5824 0 0 0
5.5848 0 0 0
5.5872 0 0 0
5.5896 0 0 0
5.592 0 0 0
5.5944 0 0 0
5.5968 0 0 0
5.5992 0 0 0
5.6016 0 0 0
5.604 0 0 0
5.6064 0 0 0
5.6088 0 0 0
5.6112 0 0 0
5.6136 0 0 0
5.616 0 0 0
5.6184 0 0 0
5.6208 0 0 0
5.6232 0 0 0
5.6256 0 0 0
5.628 0 0 0
5.6304 0 0 0
5.6328 0 0 0
5.6352 0 0 0
5.6376 0 0 0
5.64 0 0 0
5.6424 0 0 0
5.6448 0 0 0
5.6472 0 0 0
5.6496 0 0 0
5.652 0 0 0
5.6544 0 0 0
5.6568 0 0 0
5.6592 0 0 0
5.6616 0 0 0
5.664 0 0 0
5.6664 0 0 0
5.6688 0 0 0
5.6712 0 0 0
5.6736 0 0 0
5.676 0 0 0
5.6784 0 0 0
5.6808 0 0 0
5.6832 0 0 0
5.6856 0 0 0
5.688 0 0 0
5.6904 0 0 0
5.6928 0 0 0
5.6952 0 0 0
5.6976 0 0 0
5.7 0 0 0
5.7024 0 0 0
5.7048 0 0 0
5.7072 0 0 0
5.7096 0 0 0
5.712 0 0 0
5.7144 0 0 0
5.7168 0 0 0
5.7192 0 0 0
5.7216 0 0 0
5.724 0 0 0
5.7264 0 0 0
5.7288 0 0 0
5.7312 0 0 0
5.7336 0 0 0
5.736 0 0 0
5.7384 0 0 0
5.7408 0 0 0
5.7432 0 0 0
5.7456 0 0 0
5.748 0 0 0
5.7504 0 0 0
5.7528 0 0 0
5.7552 0 0 0
5.7576 0 0 0
5.76 0 0 0
5.7624 0 0 0
5.7648 0 0 0
5.7672 0 0 0
5.7696 0 0 0
5.772 0 0 0
5.7744 0 0 0
5.7768 0 0 0
5.7792 0 0 0
5.7816 0 0 0
5.784 0 0 0
5.7864 0 0 0
5.7888 0 0 0
5.7912 0 0 0
5.7936 0 0 0
5.796 0 0 0
5.7984 0 0 0
5.8008 0 0 0
5.8032 0 0 0
5.8056 0 0 0
5.808 0 0 0
5.8104 0 0 0
5.8128 0 0 0
5.8152 0 0 0
5.8176 0 0 0
5.82 0 0 0
5.8224 0 0 0
5.8248 0 0 0
5.8272 0 0 0
5.8296 0 0 0
5.832 0 0 0
5.8344 0 0 0
5.8368 0 0 0
5.8392 0 0 0
5.8416 0 0 0
5.844 0 0 0
5.8464 0 0 0
5.8488 0 0 0
5.8512 0 0 0
5.8536 0 0 0
5.856 0 0 0
5.8584 0 0 0
5.8608 0 0 0
5.8632 0 0 0
5.8656 0 0 0
5.868 0 0 0
5.8704 0 0 0
5.8728 0 0 0
5.8752 0 0 0
5.8776 0 0 0
5.88 0 0 0
5.8824 0 0 0
5.8848 0 0 0
5.8872 0 0 0
5.8896 0 0 0
5.892 0 0 0
5.8944 0 0 0
5.8968 0 0 0
5.8992 0 0 0
5.9016 0 0 0
5.904 0 0 0
5.9064 0 0 0
5.9088 0 0 0
5.9112 0 0 0
5.9136 0 0 0
5.916 0 0 0
5.9184 0 0 0
5.9208 0 0 0
5.9232 0 0 0
5.9256 0 0 0
5.928 0 0 0
5.9304 0 0 0
5.9328 0 0 0
5.9352 0 0 0
5.9376 0 0 0
5.94 0 0 0
5.9424 0 0 0
5.9448 0 0 0
5.9472 0 0 0
5.9496 0 0 0
5.952 0 0 0
5.9544 0 0 0
5.9568 0 0 0
5.9592 0 0 0
5.9616 0 0 0
5.964 0 0 0
5.9664 0 0 0
5.9688 0 0 0
5.9712 0 0 0
5.9736 0 0 0
5.976 0 0 0
5.9784 0 0 0
5.9808 0 0 0
5.9832 0 0 0
5.9856 0 0 0
5.988 0 0 0
5.9904 0 0 0
5.9928 0 0 0
5.9952 0 0 0
5.9976 0 0 0
6 0 0 0
6.0024 0 0 0
6.0048 0 0 0
6.0072 0 0 0
6.0096 0 0 0
6.012 0 0 0
6.0144 0 0 0
6.0168 0 0 0
6.0192 0 0 0
6.0216 0 0 0
6.024 0 0 0
6.0264 0 0 0
6.0288 0 0 0
6.0312 0 0 0
6.0336 0 0 0
6.036 0 0 0
6.0384 0 0 0
6.0408 0 0 0
6.0432 0 0 0
6.0456 0 0 0
6.048 0 0 0
6.0504 0 0 0
6.0528 0 0 0
6.0552 0 0 0
6.0576 0 0 0
6.06 0 0 0
6.0624 0 0 0
6.0648 0 0 0
6.0672 0 0 0
6.0696 0 0 0
6.072 0 0 0
6.0744 0 0 0
6.0768 0 0 0
6.0792 0 0 0
6.0816 0 0 0
6.084 0 0 0
6.0864 0 0 0
6.0888 0 0 0
6.0912 0 0 0
6.0936 0 0 0
6.096 0 0 0
6.0984 0 0 0
6.1008 0 0 0
6.1032 0 0 0
6.1056 0 0 0
6.108 0 0 0
6.1104 0 0 0
6.1128 0 0 0
6.1152 0 0 0
6.1176 0 0 0
6.12 0 0 0
6.1224 0 0 0
6.1248 0 0 0
6.1272 0 0 0
6.1296 0 0 0
6.132 0 0 0
6.1344 0 0 0
6.1368 0 0 0
6.1392 0 0 0
6.1416 0 0 0
6.144 0 0 0
6.1464 0 0 0
6.1488 0 0 0
6.1512 0 0 0
6.1536 0 0 0
6.156 0 0 0
6.1584 0 0 0
6.1608 0 0 0
6.1632 0 0 0
6.1656 0 0 0
6.168 0 0 0
6.1704 0 0 0
6.1728 0 0 0
6.1752 0 0 0
6.1776 0 0 0
6.18 0 0 0
6.1824 0 0 0
6.1848 0 0 0
6.1872 0 0 0
6.1896 0 0 0
6.192 0 0 0
6.1944 0 0 0
6.1968 0 0 0
6.1992 0 0 0
6.2016 0 0 0
6.204 0 0 0
6.2064 0 0 0
6.2088 0 0 0
6.2112 0 0 0
6.2136 0 0 0
6.216 0 0 0
6.2184 0 0 0
6.2208 0 0 0
6.2232 0 0 0
6.2256 0 0 0
6.228 0 0 0
6.2304 0 0 0
6.2328 0 0 0
6.2352 0 0 0
6.2376 0 0 0
6.24 0 0 0
6.2424 0 0 0
6.2448 0 0 0
6.2472 0 0 0
6.2496 0 0 0
6.252 0 0 0
6.2544 0 0 0
6.2568 0 0 0
6.2592 0 0 0
6.2616 0 0 0
6.264 0 0 0
6.2664 0 0 0
6.2688 0 0 0
6.2712 0 0 0
6.2736 0 0 0
6.276 0 0 0
6.2784 0 0 0
6.2808 0 0 0
6.2832 0 0 0
6.2856 0 0 0
6.288 0 0 0
6.2904 0 0 0
6.2928 0 0 0
6.2952 0 0 0
6.2976 0 0 0
6.3 0 0 0
6.3024 0 0 0
6.3048 0 0 0
6.3072 0 0 0
6.3096 0 0 0
6.312 0 0 0
6.3144 0 0 0
6.3168 0 0 0
6.3192 0 0 0
6.3216 0 0 0
6.324 0 0 0
6.3264 0 0 0
6.3288 0 0 0
6.3312 0 0 0
6.3336 0 0 0
6.336 0 0 0
6.3384 0 0 0
6.3408 0 0 0
6.3432 0 0 0
6.3456 0 0 0
6.348 0 0 0
6.3504 0 0 0
6.3528 0 0 0
6.3552 0 0 0
6.3576 0 0 0
6.36 0 0 0
6.3624 0 0 0
6.3648 0 0 0
6.3672 0 0 0
6.3696 0 0 0
6.372 0 0 0
6.3744 0 0 0
6.3768 0 0 0
6.3792 0 0 0
6.3816 0 0 0
6.384 0 0 0
6.3864 0 0 0
6.3888 0 0 0
6.3912 0 0 0
6.3936 0 0 0
6.396 0 0 0
6.3984 0 0 0
6.4008 0 0 0
6.4032 0 0 0
6.4056 0 0 0
6.408 0 0 0
6.4104 0 0 0
6.4128 0 0 0
6.4152 0 0 0
6.4176 0 0 0
6.42 0 0 0
6.4224 0 0 0
6.4248 0 0 0
6.4272 0 0 0
6.4296 0 0 0
6.432 0 0 0
6.4344 0 0 0
6.4368 0 0 0
6.4392 0 0 0
6.4416 0 0 0
6.444 0 0 0
6.4464 0 0 0
6.4488 0 0 0
6.4512 0 0 0
6.4536 0 0 0
6.456 0 0 0
6.4584 0 0 0
6.4608 0 0 0
6.4632 0 0 0
6.4656 0 0 0
6.468 0 0 0
6.4704 0 0 0
6.4728 0 0 0
6.4752 0 0 0
6.4776 0 0 0
6.48 0 0 0
6.4824 0 0 0
6.4848 0 0 0
6.4872 0 0 0
6.4896 0 0 0
6.492 0 0 0
6.4944 0 0 0
6.4968 0 0 0
6.4992 0 0 0
6.5016 0 0 0
6.504 0 0 0
6.5064 0 0 0
6.5088 0 0 0
6.5112 0 0 0
6.5136 0 0 0
6.516 0 0 0
6.5184 0 0 0
6.5208 0 0 0
6.5232 0 0 0
6.5256 0 0 0
6.528 0 0 0
6.5304 0 0 0
6.5328 0 0 0
6.5352 0 0 0
6.5376 0 0 0
6.54 0 0 0
6.5424 0 0 0
6.5448 0 0 0
6.5472 0 0 0
6.5496 0 0 0
6.552 0 0 0
6.5544 0 0 0
6.5568 0 0 0
6.5592 0 0 0
6.5616 0 0 0
6.564 0 0 0
6.5664 0 0 0
6.5688 0 0 0
6.5712 0 0 0
6.5736 0 0 0
6.576 0 0 0
6.5784 0 0 0
6.5808 0 0 0
6.5832 0 0 0
6.5856 0 0 0
6.588 0 0 0
6.5904 0 0 0
6.5928 0 0 0
6.5952 0 0 0
6.5976 0 0 0
6.6 0 0 0
6.6024 0 0 0
6.6048 0 0 0
6.6072 0 0 0
6.6096 0 0 0
6.612 0 0 0
6.6144 0 0 0
6.6168 0 0 0
6.6192 0 0 0
6.6216 0 0 0
6.624 0 0 0
6.6264 0 0 0
6.6288 0 0 0
6.6312 0 0 0
6.6336 0 0 0
6.636 0 0 0
6.6384 0 0 0
6.6408 0 0 0
6.6432 0 0 0
6.6456 0 0 0
6.648 0 0 0
6.6504 0 0 0
6.6528 0 0 0
6.6552 0 0 0
6.6576 0 0 0
6.66 0 0 0
6.6624 0 0 0
6.6648 0 0 0
6.6672 0 0 0
6.6696 0 0 0
6.672 0 0 0
6.6744 0 0 0
6.6768 0 0 0
6.6792 0 0 0
6.6816 0 0 0
6.684 0 0 0
6.6864 0 0 0
6.6888 0 0 0
6.6912 0 0 0
6.6936 0 0 0
6.696 0 0 0
6.6984 0 0 0
6.7008 0 0 0
6.7032 0 0 0
6.7056 0 0 0
6.708 0 0 0
6.7104 0 0 0
6.7128 0 0 0
6.7152 0 0 0
6.7176 0 0 0
6.72 0 0 0
6.7224 0 0 0
6.7248 0 0 0
6.7272 0 0 0
6.7296 0 0 0
6.732 0 0 0
6.7344 0 0 0
6.7368 0 0 0
6.7392 0 0 0
6.7416 0 0 0
6.744 0 0 0
6.7464 0 0 0
6.7488 0 0 0
6.7512 0 0 0
6.7536 0 0 0
6.756 0 0 0
6.7584 0 0 0
6.7608 0 0 0
6.7632 0 0 0
6.7656 0 0 0
6.768 0 0 0
6.7704 0 0 0
6.7728 0 0 0
6.7752 0 0 0
6.7776 0 0 0
6.78 0 0 0
6.7824 0 0 0
6.7848 0 0 0
6.7872 0 0 0
6.7896 0 0 0
6.792 0 0 0
6.7944 0 0 0
6.7968 0 0 0
6.7992 0 0 0
6.8016 0 0 0
6.804 0 0 0
6.8064 0 0 0
6.8088 0 0 0
6.8112 0 0 0
6.8136 0 0 0
6.816 0 0 0
6.8184 0 0 0
6.8208 0 0 0
6.8232 0 0 0
6.8256 0 0 0
6.828 0 0 0
6.8304 0 0 0
6.8328 0 0 0
6.8352 0 0 0
6.8376 0 0 0
6.84 0 0 0
6.8424 0 0 0
6.8448 0 0 0
6.8472 0 0 0
6.8496 0 0 0
6.852 0 0 0
6.8544 0 0 0
6.8568 0 0 0
6.8592 0 0 0
6.8616 0 0 0
6.864 0 0 0
6.8664 0 0 0
6.8688 0 0 0
6.8712 0 0 0
6.8736 0 0 0
6.876 0 0 0
6.8784 0 0 0
6.8808 0 0 0
6.8832 0 0 0
6.8856 0 0 0
6.888 0 0 0
6.8904 0 0 0
6.8928 0 0 0
6.8952 0 0 0
6.8976 0 0 0
6.9 0 0 0
6.9024 0 0 0
6.9048 0 0 0
6.9072 0 0 0
6.9096 0 0 0
6.912 0 0 0
6.9144 0 0 0
6.9168 0 0 0
6.9192 0 0 0
6.9216 0 0 0
6.924 0 0 0
6.9264 0 0 0
6.9288 0 0 0
6.9312 0 0 0
6.9336 0 0 0
6.936 0 0 0
6.9384 0 0 0
6.9408 0 0 0
6.9432 0 0 0
6.9456 0 0 0
6.948 0 0 0
6.9504 0 0 0
6.9528 0 0 0
6.9552 0 0 0
6.9576 0 0 0
6.96 0 0 0
6.9624 0 0 0
6.9648 0 0 0
6.9672 0 0 0
6.9696 0 0 0
6.972 0 0 0
6.9744 0 0 0
6.9768 0 0 0
6.9792 0 0 0
6.9816 0 0 0
6.984 0 0 0
6.9864 0 0 0
6.9888 0 0 0
6.9912 0 0 0
6.9936 0 0 0
6.996 0 0 0
6.9984 0 0 0
7.0008 0 0 0
7.0032 0 0 0
7.0056 0 0 0
7.008 0 0 0
7.0104 0 0 0
7.0128 0 0 0
7.0152 0 0 0
7.0176 0 0 0
7.02 0 0 0
7.0224 0 0 0
7.0248 0 0 0
7.0272 0 0 0
7.0296 0 0 0
7.032 0 0 0
7.0344 0 0 0
7.0368 0 0 0
7.0392 0 0 0
7.0416 0 0 0
7.044 0 0 0
7.0464 0 0 0
7.0488 0 0 0
7.0512 0 0 0
7.0536 0 0 0
7.056 0 0 0
7.0584 0 0 0
7.0608 0 0 0
7.0632 0 0 0
7.0656 0 0 0
7.068 0 0 0
7.0704 0 0 0
7.0728 0 0 0
7.0752 0 0 0
7.0776 0 0 0
7.08 0 0 0
7.0824 0 0 0
7.0848 0 0 0
7.0872 0 0 0
7.0896 0 0 0
7.092 0 0 0
7.0944 0 0 0
7.0968 0 0 0
7.0992 0 0 0
7.1016 0 0 0
7.104 0 0 0
7.1064 0 0 0
7.1088 0 0 0
7.1112 0 0 0
7.1136 0 0 0
7.116 0 0 0
7.1184 0 0 0
7.1208 0 0 0
7.1232 0 0 0
7.1256 0 0 0
7.128 0 0 0
7.1304 0 0 0
7.1328 0 0 0
7.1352 0 0 0
7.1376 0 0 0
7.14 0 0 0
7.1424 0 0 0
7.1448 0 0 0
7.1472 0 0 0
7.1496 0 0 0
7.152 0 0 0
7.1544 0 0 0
7.1568 0 0 0
7.1592 0 0 0
7.1616 0 0 0
7.164 0 0 0
7.1664 0 0 0
7.1688 0 0 0
7.1712 0 0 0
7.1736 0 0 0
7.176 0 0 0
7.1784 0 0 0
7.1808 0 0 0
7.1832 0 0 0
7.1856 0 0 0
7.188 0 0 0
7.1904 0 0 0
7.1928 0 0 0
7.1952 0 0 0
7.1976 0 0 0
7.2 0 0 0
7.2024 0 0 0
7.2048 0 0 0
7.2072 0 0 0
7.2096 0 0 0
7.212 0 0 0
7.2144 0 0 0
7.2168 0 0 0
7.2192 0 0 0
7.2216 0 0 0
7.224 0 0 0
7.2264 0 0 0
7.2288 0 0 0
7.2312 0 0 0
7.2336 0 0 0
7.236 0 0 0
7.2384 0 0 0
7.2408 0 0 0
7.2432 0 0 0
7.2456 0 0 0
7.248 0 0 0
7.2504 0 0 0
7.2528 0 0 0
7.2552 0 0 0
7.2576 0 0 0
7.26 0 0 0
7.2624 0 0 0
7.2648 0 0 0
7.2672 0 0 0
7.2696 0 0 0
7.272 0 0 0
7.2744 0 0 0
7.2768 0 0 0
7.2792 0 0 0
7.2816 0 0 0
7.284 0 0 0
7.2864 0 0 0
7.2888 0 0 0
7.2912 0 0 0
7.2936 0 0 0
7.296 0 0 0
7.2984 0 0 0
7.3008 0 0 0
7.3032 0 0 0
7.3056 0 0 0
7.308 0 0 0
7.3104 0 0 0
7.3128 0 0 0
7.3152 0 0 0
7.3176 0 0 0
7.32 0 0 0
7.3224 0 0 0
7.3248 0 0 0
7.3272 0 0 0
7.3296 0 0 0
7.332 0 0 0
7.3344 0 0 0
7.3368 0 0 0
7.3392 0 0 0
7.3416 0 0 0
7.344 0 0 0
7.3464 0 0 0
7.3488 0 0 0
7.3512 0 0 0
7.3536 0 0 0
7.356 0 0 0
7.3584 0 0 0
7.3608 0 0 0
7.3632 0 0 0
7.3656 0 0 0
7.368 0 0 0
7.3704 0 0 0
7.3728 0 0 0
7.3752 0 0 0
7.3776 0 0 0
7.38 0 0 0
7.3824 0 0 0
7.3848 0 0 0
7.3872 0 0 0
7.3896 0 0 0
7.392 0 0 0
7.3944 0 0 0
7.3968 0 0 0
7.3992 0 0 0
7.4016 0 0 0
7.404 0 0 0
7.4064 0 0 0
7.4088 0 0 0
7.4112 0 0 0
7.4136 0 0 0
7.416 0 0 0
7.4184 0 0 0
7.4208 0 0 0
7.4232 0 0 0
7.4256 0 0 0
7.428 0 0 0
7.4304 0 0 0
7.4328 0 0 0
7.4352 0 0 0
7.4376 0 0 0
7.44 0 0 0
7.4424 0 0 0
7.4448 0 0 0
7.4472 0 0 0
7.4496 0 0 0
7.452 0 0 0
7.4544 0 0 0
7.4568 0 0 0
7.4592 0 0 0
7.4616 0 0 0
7.464 0 0 0
7.4664 0 0 0
7.4688 0 0 0
7.4712 0 0 0
7.4736 0 0 0
7.476 0 0 0
7.4784 0 0 0
7.4808 0 0 0
7.4832 0 0 0
7.4856 0 0 0
7.488 0 0 0
7.4904 0 0 0
7.4928 0 0 0
7.4952 0 0 0
7.4976 0 0 0
7.5 0 0 0
7.5024 0 0 0
7.5048 0 0 0
7.5072 0 0 0
7.5096 0 0 0
7.512 0 0 0
7.5144 0 0 0
7.5168 0 0 0
7.5192 0 0 0
7.5216 0 0 0
7.524 0 0 0
7.5264 0 0 0
7.5288 0 0 0
7.5312 0 0 0
7.5336 0 0 0
7.536 0 0 0
7.5384 0 0 0
7.5408 0 0 0
7.5432 0 0 0
7.5456 0 0 0
7.548 0 0 0
7.5504 0 0 0
7.5528 0 0 0
7.5552 0 0 0
7.5576 0 0 0
7.56 0 0 0
7.5624 0 0 0
7.5648 0 0 0
7.5672 0 0 0
7.5696 0 0 0
7.572 0 0 0
7.5744 0 0 0
7.5768 0 0 0
7.5792 0 0 0
7.5816 0 0 0
7.584 0 0 0
7.5864 0 0 0
7.5888 0 0 0
7.5912 0 0 0
7.5936 0 0 0
7.596 0 0 0
7.5984 0 0 0
7.6008 0 0 0
7.6032 0 0 0
7.6056 0 0 0
7.608 0 0 0
7.6104 0 0 0
7.6128 0 0 0
7.6152 0 0 0
7.6176 0 0 0
7.62 0 0 0
7.6224 0 0 0
7.6248 0 0 0
7.6272 0 0 0
7.6296 0 0 0
7.632 0 0 0
7.6344 0 0 0
7.6368 0 0 0
7.6392 0 0 0
7.6416 0 0 0
7.644 0 0 0
7.6464 0 0 0
7.6488 0 0 0
7.6512 0 0 0
7.6536 0 0 0
7.656 0 0 0
7.6584 0 0 0
7.6608 0 0 0
7.6632 0 0 0
7.6656 0 0 0
7.668 0 0 0
7.6704 0 0 0
7.6728 0 0 0
7.6752 0 0 0
7.6776 0 0 0
7.68 0 0 0
7.6824 0 0 0
7.6848 0 0 0
7.6872 0 0 0
7.6896 0 0 0
7.692 0 0 0
7.6944 0 0 0
7.6968 0 0 0
7.6992 0 0 0
7.7016 0 0 0
7.704 0 0 0
7.7064 0 0 0
7.7088 0 0 0
7.7112 0 0 0
7.7136 0 0 0
7.716 0 0 0
7.7184 0 0 0
7.7208 0 0 0
7.7232 0 0 0
7.7256 0 0 0
7.728 0 0 0
7.7304 0 0 0
7.7328 0 0 0
7.7352 0 0 0
7.7376 0 0 0
7.74 0 0 0
7.7424 0 0 0
7.7448 0 0 0
7.7472 0 0 0
7.7496 0 0 0
7.752 0 0 0
7.7544 0 0 0
7.7568 0 0 0
7.7592 0 0 0
7.7616 0 0 0
7.764 0 0 0
7.7664 0 0 0
7.7688 0 0 0
7.7712 0 0 0
7.7736 0 0 0
7.776 0 0 0
7.7784 0 0 0
7.7808 0 0 0
7.7832 0 0 0
7.7856 0 0 0
7.788 0 0 0
7.7904 0 0 0
7.7928 0 0 0
7.7952 0 0 0
7.7976 0 0 0
7.8 0 0 0
7.8024 0 0 0
7.8048 0 0 0
7.8072 0 0 0
7.8096 0 0 0
7.812 0 0 0
7.8144 0 0 0
7.8168 0 0 0
7.8192 0 0 0
7.8216 0 0 0
7.824 0 0 0
7.8264 0 0 0
7.8288 0 0 0
7.8312 0 0 0
7.8336 0 0 0
7.836 0 0 0
7.8384 0 0 0
7.8408 0 0 0
7.8432 0 0 0
7.8456 0 0 0
7.848 0 0 0
7.8504 0 0 0
7.8528 0 0 0
7.8552 0 0 0
7.8576 0 0 0
7.86 0 0 0
7.8624 0 0 0
7.8648 0 0 0
7.8672 0 0 0
7.8696 0 0 0
7.872 0 0 0
7.8744 0 0 0
7.8768 0 0 0
7.8792 0 0 0
7.8816 0 0 0
7.884 0 0 0
7.8864 0 0 0
7.8888 0 0 0
7.8912 0 0 0
7.8936 0 0 0
7.896 0 0 0
7.8984 0 0 0
7.9008 0 0 0
7.9032 0 0 0
7.9056 0 0 0
7.908 0 0 0
7.9104 0 0 0
7.9128 0 0 0
7.9152 0 0 0
7.9176 0 0 0
7.92 0 0 0
7.9224 0 0 0
7.9248 0 0 0
7.9272 0 0 0
7.9296 0 0 0
7.932 0 0 0
7.9344 0 0 0
7.9368 0 0 0
7.9392 0 0 0
7.9416 0 0 0
7.944 0 0 0
7.9464 0 0 0
7.9488 0 0 0
7.9512 0 0 0
7.9536 0 0 0
7.956 0 0 0
7.9584 0 0 0
7.9608 0 0 0
7.9632 0 0 0
7.9656 0 0 0
7.968 0 0 0
7.9704 0 0 0
7.9728 0 0 0
7.9752 0 0 0
7.9776 0 0 0
7.98 0 0 0
7.9824 0 0 0
7.9848 0 0 0
7.9872 0 0 0
7.9896 0 0 0
7.992 0 0 0
7.9944 0 0 0
7.9968 0 0 0
7.9992 0 0 0
8.0016 0 0 0
8.004 0 0 0
8.0064 0 0 0
8.0088 0 0 0
8.0112 0 0 0
8.0136 0 0 0
8.016 0 0 0
8.0184 0 0 0
8.0208 0 0 0
8.0232 0 0 0
8.0256 0 0 0
8.028 0 0 0
8.0304 0 0 0
8.0328 0 0 0
8.0352 0 0 0
8.0376 0 0 0
8.04 0 0 0
8.0424 0 0 0
8.0448 0 0 0
8.0472 0 0 0
8.0496 0 0 0
8.052 0 0 0
8.0544 0 0 0
8.0568 0 0 0
8.0592 0 0 0
8.0616 0 0 0
8.064 0 0 0
8.0664 0 0 0
8.0688 0 0 0
8.0712 0 0 0
8.0736 0 0 0
8.076 0 0 0
8.0784 0 0 0
8.0808 0 0 0
8.0832 0 0 0
8.0856 0 0 0
8.088 0 0 0
8.0904 0 0 0
8.0928 0 0 0
8.0952 0 0 0
8.0976 0 0 0
8.1 0 0 0
8.1024 0 0 0
8.1048 0 0 0
8.1072 0 0 0
8.1096 0 0 0
8.112 0 0 0
8.1144 0 0 0
8.1168 0 0 0
8.1192 0 0 0
8.1216 0 0 0
8.124 0 0 0
8.1264 0 0 0
8.1288 0 0 0
8.1312 0 0 0
8.1336 0 0 0
8.136 0 0 0
8.1384 0 0 0
8.1408 0 0 0
8.1432 0 0 0
8.1456 0 0 0
8.148 0 0 0
8.1504 0 0 0
8.1528 0 0 0
8.1552 0 0 0
8.1576 0 0 0
8.16 0 0 0
8.1624 0 0 0
8.1648 0 0 0
8.1672 0 0 0
8.1696 0 0 0
8.172 0 0 0
8.1744 0 0 0
8.1768 0 0 0
8.1792 0 0 0
8.1816 0 0 0
8.184 0 0 0
8.1864 0 0 0
8.1888 0 0 0
8.1912 0 0 0
8.1936 0 0 0
8.196 0 0 0
8.1984 0 0 0
8.2008 0 0 0
8.2032 0 0 0
8.2056 0 0 0
8.208 0 0 0
8.2104 0 0 0
8.2128 0 0 0
8.2152 0 0 0
8.2176 0 0 0
8.22 0 0 0
8.2224 0 0 0
8.2248 0 0 0
8.2272 0 0 0
8.2296 0 0 0
8.232 0 0 0
8.2344 0 0 0
8.2368 0 0 0
8.2392 0 0 0
8.2416 0 0 0
8.244 0 0 0
8.2464 0 0 0
8.2488 0 0 0
8.2512 0 0 0
8.2536 0 0 0
8.256 0 0 0
8.2584 0 0 0
8.2608 0 0 0
8.2632 0 0 0
8.2656 0 0 0
8.268 0 0 0
8.2704 0 0 0
8.2728 0 0 0
8.2752 0 0 0
8.2776 0 0 0
8.28 0 0 0
8.2824 0 0 0
8.2848 0 0 0
8.2872 0 0 0
8.2896 0 0 0
8.292 0 0 0
8.2944 0 0 0
8.2968 0 0 0
8.2992 0 0 0
8.3016 0 0 0
8.304 0 0 0
8.3064 0 0 0
8.3088 0 0 0
8.3112 0 0 0
8.3136 0 0 0
8.316 0 0 0
8.3184 0 0 0
8.3208 0 0 0
8.3232 0 0 0
8.3256 0 0 0
8.328 0 0 0
8.3304 0 0 0
8.3328 0 0 0
8.3352 0 0 0
8.3376 0 0 0
8.34 0 0 0
8.3424 0 0 0
8.3448 0 0 0
8.3472 0 0 0
8.3496 0 0 0
8.352 0 0 0
8.3544 0 0 0
8.3568 0 0 0
8.3592 0 0 0
8.3616 0 0 0
8.364 0 0 0
8.3664 0 0 0
8.3688 0 0 0
8.3712 0 0 0
8.3736 0 0 0
8.376 0 0 0
8.3784 0 0 0
8.3808 0 0 0
8.3832 0 0 0
8.3856 0 0 0
8.388 0 0 0
8.3904 0 0 0
8.3928 0 0 0
8.3952 0 0 0
8.3976 0 0 0
8.4 0 0 0
8.4024 0 0 0
8.4048 0 0 0
8.4072 0 0 0
8.4096 0 0 0
8.412 0 0 0
8.4144 0 0 0
8.4168 0 0 0
8.4192 0 0 0
8.4216 0 0 0
8.424 0 0 0
8.4264 0 0 0
8.4288 0 0 0
8.4312 0 0 0
8.4336 0 0 0
8.436 0 0 0
8.4384 0 0 0
8.4408 0 0 0
8.4432 0 0 0
8.4456 0 0 0
8.448 0 0 0
8.4504 0 0 0
8.4528 0 0 0
8.4552 0 0 0
8.4576 0 0 0
8.46 0 0 0
8.4624 0 0 0
8.4648 0 0 0
8.4672 0 0 0
8.4696 0 0 0
8.472 0 0 0
8.4744 0 0 0
8.4768 0 0 0
8.4792 0 0 0
8.4816 0 0 0
8.484 0 0 0
8.4864 0 0 0
8.4888 0 0 0
8.4912 0 0 0
8.4936 0 0 0
8.496 0 0 0
8.4984 0 0 0
8.5008 0 0 0
8.5032 0 0 0
8.5056 0 0 0
8.508 0 0 0
8.5104 0 0 0
8.5128 0 0 0
8.5152 0 0 0
8.5176 0 0 0
8.52 0 0 0
8.5224 0 0 0
8.5248 0 0 0
8.5272 0 0 0
8.5296 0 0 0
8.532 0 0 0
8.5344 0 0 0
8.5368 0 0 0
8.5392 0 0 0
8.5416 0 0 0
8.544 0 0 0
8.5464 0 0 0
8.5488 0 0 0
8.5512 0 0 0
8.5536 0 0 0
8.556 0 0 0
8.5584 0 0 0
8.5608 0 0 0
8.5632 0 0 0
8.5656 0 0 0
8.568 0 0 0
8.5704 0 0 0
8.5728 0 0 0
8.5752 0 0 0
8.5776 0 0 0
8.58 0 0 0
8.5824 0 0 0
8.5848 0 0 0
8.5872 0 0 0
8.5896 0 0 0
8.592 0 0 0
8.5944 0 0 0
8.5968 0 0 0
8.5992 0 0 0
8.6016 0 0 0
8.604 0 0 0
8.6064 0 0 0
8.6088 0 0 0
8.6112 0 0 0
8.6136 0 0 0
8.616 0 0 0
8.6184 0 0 0
8.6208 0 0 0
8.6232 0 0 0
8.6256 0 0 0
8.628 0 0 0
8.6304 0 0 0
8.6328 0 0 0
8.6352 0 0 0
8.6376 0 0 0
8.64 0 0 0
8.6424 0 0 0
8.6448 0 0 0
8.6472 0 0 0
8.6496 0 0 0
8.652 0 0 0
8.6544 0 0 0
8.6568 0 0 0
8.6592 0 0 0
8.6616 0 0 0
8.664 0 0 0
8.6664 0 0 0
8.6688 0 0 0
8.6712 0 0 0
8.6736 0 0 0
8.676 0 0 0
8.6784 0 0 0
8.6808 0 0 0
8.6832 0 0 0
8.6856 0 0 0
8.688 0 0 0
8.6904 0 0 0
8.6928 0 0 0
8.6952 0 0 0
8.6976 0 0 0
8.7 0 0 0
8.7024 0 0 0
8.7048 0 0 0
8.7072 0 0 0
8.7096 0 0 0
8.712 0 0 0
8.7144 0 0 0
8.7168 0 0 0
8.7192 0 0 0
8.7216 0 0 0
8.724 0 0 0
8.7264 0 0 0
8.7288 0 0 0
8.7312 0 0 0
8.7336 0 0 0
8.736 0 0 0
8.7384 0 0 0
8.7408 0 0 0
8.7432 0 0 0
8.7456 0 0 0
8.748 0 0 0
8.7504 0 0 0
8.7528 0 0 0
8.7552 0 0 0
8.7576 0 0 0
8.76 0 0 0
8.7624 0 0 0
8.7648 0 0 0
8.7672 0 0 0
8.7696 0 0 0
8.772 0 0 0
8.7744 0 0 0
8.7768 0 0 0
8.7792 0 0 0
8.7816 0 0 0
8.784 0 0 0
8.7864 0 0 0
8.7888 0 0 0
8.7912 0 0 0
8.7936 0 0 0
8.796 0 0 0
8.7984 0 0 0
8.8008 0 0 0
8.8032 0 0 0
8.8056 0 0 0
8.808 0 0 0
8.8104 0 0 0
8.8128 0 0 0
8.8152 0 0 0
8.8176 0 0 0
8.82 0 0 0
8.8224 0 0 0
8.8248 0 0 0
8.8272 0 0 0
8.8296 0 0 0
8.832 0 0 0
8.8344 0 0 0
8.8368 0 0 0
8.8392 0 0 0
8.8416 0 0 0
8.844 0 0 0
8.8464 0 0 0
8.8488 0 0 0
8.8512 0 0 0
8.8536 0 0 0
8.856 0 0 0
8.8584 0 0 0
8.8608 0 0 0
8.8632 0 0 0
8.8656 0 0 0
8.868 0 0 0
8.8704 0 0 0
8.8728 0 0 0
8.8752 0 0 0
8.8776 0 0 0
8.88 0 0 0
8.8824 0 0 0
8.8848 0 0 0
8.8872 0 0 0
8.8896 0 0 0
8.892 0 0 0
8.8944 0 0 0
8.8968 0 0 0
8.8992 0 0 0
8.9016 0 0 0
8.904 0 0 0
8.9064 0 0 0
8.9088 0 0 0
8.9112 0 0 0
8.9136 0 0 0
8.916 0 0 0
8.9184 0 0 0
8.9208 0 0 0
8.9232 0 0 0
8.9256 0 0 0
8.928 0 0 0
8.9304 0 0 0
8.9328 0 0 0
8.9352 0 0 0
8.9376 0 0 0
8.94 0 0 0
8.9424 0 0 0
8.9448 0 0 0
8.9472 0 0 0
8.9496 0 0 0
8.952 0 0 0
8.9544 0 0 0
8.9568 0 0 0
8.9592 0 0 0
8.9616 0 0 0
8.964 0 0 0
8.9664 0 0 0
8.9688 0 0 0
8.9712 0 0 0
8.9736 0 0 0
8.976 0 0 0
8.9784 0 0 0
8.9808 0 0 0
8.9832 0 0 0
8.9856 0 0 0
8.988 0 0 0
8.9904 0 0 0
8.9928 0 0 0
8.9952 0 0 0
8.9976 0 0 0
9 0 0 0
9.0024 0 0 0
9.0048 0 0 0
9.0072 0 0 0
9.0096 0 0 0
9.012 0 0 0
9.0144 0 0 0
9.0168 0 0 0
9.0192 0 0 0
9.0216 0 0 0
9.024 0 0 0
9.0264 0 0 0
9.0288 0 0 0
9.0312 0 0 0
9.0336 0 0 0
9.036 0 0 0
9.0384 0 0 0
9.0408 0 0 0
9.0432 0 0 0
9.0456 0 0 0
9.048 0 0 0
9.0504 0 0 0
9.0528 0 0 0
9.0552 0 0 0
9.0576 0 0 0
9.06 0 0 0
9.0624 0 0 0
9.0648 0 0 0
9.0672 0 0 0
9.0696 0 0 0
9.072 0 0 0
9.0744 0 0 0
9.0768 0 0 0
9.0792 0 0 0
9.0816 0 0 0
9.084 0 0 0
9.0864 0 0 0
9.0888 0 0 0
9.0912 0 0 0
9.0936 0 0 0
9.096 0 0 0
9.0984 0 0 0
9.1008 0 0 0
9.1032 0 0 0
9.1056 0 0 0
9.108 0 0 0
9.1104 0 0 0
9.1128 0 0 0
9.1152 0 0 0
9.1176 0 0 0
9.12 0 0 0
9.1224 0 0 0
9.1248 0 0 0
9.1272 0 0 0
9.1296 0 0 0
9.132 0 0 0
9.1344 0 0 0
9.1368 0 0 0
9.1392 0 0 0
9.1416 0 0 0
9.144 0 0 0
9.1464 0 0 0
9.1488 0 0 0
9.1512 0 0 0
9.1536 0 0 0
9.156 0 0 0
9.1584 0 0 0
9.1608 0 0 0
9.1632 0 0 0
9.1656 0 0 0
9.168 0 0 0
9.1704 0 0 0
9.1728 0 0 0
9.1752 0 0 0
9.1776 0 0 0
9.18 0 0 0
9.1824 0 0 0
9.1848 0 0 0
9.1872 0 0 0
9.1896 0 0 0
9.192 0 0 0
9.1944 0 0 0
9.1968 0 0 0
9.1992 0 0 0
9.2016 0 0 0
9.204 0 0 0
9.2064 0 0 0
9.2088 0 0 0
9.2112 0 0 0
9.2136 0 0 0
9.216 0 0 0
9.2184 0 0 0
9.2208 0 0 0
9.2232 0 0 0
9.2256 0 0 0
9.228 0 0 0
9.2304 0 0 0
9.2328 0 0 0
9.2352 0 0 0
9.2376 0 0 0
9.24 0 0 0
9.2424 0 0 0
9.2448 0 0 0
9.2472 0 0 0
9.2496 0 0 0
9.252 0 0 0
9.2544 0 0 0
9.2568 0 0 0
9.2592 0 0 0
9.2616 0 0 0
9.264 0 0 0
9.2664 0 0 0
9.2688 0 0 0
9.2712 0 0 0
9.2736 0 0 0
9.276 0 0 0
9.2784 0 0 0
9.2808 0 0 0
9.2832 0 0 0
9.2856 0 0 0
9.288 0 0 0
9.2904 0 0 0
9.2928 0 0 0
9.2952 0 0 0
9.2976 0 0 0
9.3 0 0 0
9.3024 0 0 0
9.3048 0 0 0
9.3072 0 0 0
9.3096 0 0 0
9.312 0 0 0
9.3144 0 0 0
9.3168 0 0 0
9.3192 0 0 0
9.3216 0 0 0
9.324 0 0 0
9.3264 0 0 0
9.3288 0 0 0
9.3312 0 0 0
9.3336 0 0 0
9.336 0 0 0
9.3384 0 0 0
9.3408 0 0 0
9.3432 0 0 0
9.3456 0 0 0
9.348 0 0 0
9.3504 0 0 0
9.3528 0 0 0
9.3552 0 0 0
9.3576 0 0 0
9.36 0 0 0
9.3624 0 0 0
9.3648 0 0 0
9.3672 0 0 0
9.3696 0 0 0
9.372 0 0 0
9.3744 0 0 0
9.3768 0 0 0
9.3792 0 0 0
9.3816 0 0 0
9.384 0 0 0
9.3864 0 0 0
9.3888 0 0 0
9.3912 0 0 0
9.3936 0 0 0
9.396 0 0 0
9.3984 0 0 0
9.4008 0 0 0
9.4032 0 0 0
9.4056 0 0 0
9.408 0 0 0
9.4104 0 0 0
9.4128 0 0 0
9.4152 0 0 0
9.4176 0 0 0
9.42 0 0 0
9.4224 0 0 0
9.4248 0 0 0
9.4272 0 0 0
9.4296 0 0 0
9.432 0 0 0
9.4344 0 0 0
9.4368 0 0 0
9.4392 0 0 0
9.4416 0 0 0
9.444 0 0 0
9.4464 0 0 0
9.4488 0 0 0
9.4512 0 0 0
9.4536 0 0 0
9.456 0 0 0
9.4584 0 0 0
9.4608 0 0 0
9.4632 0 0 0
9.4656 0 0 0
9.468 0 0 0
9.4704 0 0 0
9.4728 0 0 0
9.4752 0 0 0
9.4776 0 0 0
9.48 0 0 0
9.4824 0 0 0
9.4848 0 0 0
9.4872 0 0 0
9.4896 0 0 0
9.492 0 0 0
9.4944 0 0 0
9.4968 0 0 0
9.4992 0 0 0
9.5016 0 0 0
9.504 0 0 0
9.5064 0 0 0
9.5088 0 0 0
9.5112 0 0 0
9.5136 0 0 0
9.516 0 0 0
9.5184 0 0 0
9.5208 0 0 0
9.5232 0 0 0
9.5256 0 0 0
9.528 0 0 0
9.5304 0 0 0
9.5328 0 0 0
9.5352 0 0 0
9.5376 0 0 0
9.54 0 0 0
9.5424 0 0 0
9.5448 0 0 0
9.5472 0 0 0
9.5496 0 0 0
9.552 0 0 0
9.5544 0 0 0
9.5568 0 0 0
9.5592 0 0 0
9.5616 0 0 0
9.564 0 0 0
9.5664 0 0 0
9.5688 0 0 0
9.5712 0 0 0
9.5736 0 0 0
9.576 0 0 0
9.5784 0 0 0
9.5808 0 0 0
9.5832 0 0 0
9.5856 0 0 0
9.588 0 0 0
9.5904 0 0 0
9.5928 0 0 0
9.5952 0 0 0
9.5976 0 0 0
9.6 0 0 0
9.6024 0 0 0
9.6048 0 0 0
9.6072 0 0 0
9.6096 0 0 0
9.612 0 0 0
9.6144 0 0 0
9.6168 0 0 0
9.6192 0 0 0
9.6216 0 0 0
9.624 0 0 0
9.6264 0 0 0
9.6288 0 0 0
9.6312 0 0 0
9.6336 0 0 0
9.636 0 0 0
9.6384 0 0 0
9.6408 0 0 0
9.6432 0 0 0
9.6456 0 0 0
9.648 0 0 0
9.6504 0 0 0
9.6528 0 0 0
9.6552 0 0 0
9.6576 0 0 0
9.66 0 0 0
9.6624 0 0 0
9.6648 0 0 0
9.6672 0 0 0
9.6696 0 0 0
9.672 0 0 0
9.6744 0 0 0
9.6768 0 0 0
9.6792 0 0 0
9.6816 0 0 0
9.684 0 0 0
9.6864 0 0 0
9.6888 0 0 0
9.6912 0 0 0
9.6936 0 0 0
9.696 0 0 0
9.6984 0 0 0
9.7008 0 0 0
9.7032 0 0 0
9.7056 0 0 0
9.708 0 0 0
9.7104 0 0 0
9.7128 0 0 0
9.7152 0 0 0
9.7176 0 0 0
9.72 0 0 0
9.7224 0 0 0
9.7248 0 0 0
9.7272 0 0 0
9.7296 0 0 0
9.732 0 0 0
9.7344 0 0 0
9.7368 0 0 0
9.7392 0 0 0
9.7416 0 0 0
9.744 0 0 0
9.7464 0 0 0
9.7488 0 0 0
9.7512 0 0 0
9.7536 0 0 0
9.756 0 0 0
9.7584 0 0 0
9.7608 0 0 0
9.7632 0 0 0
9.7656 0 0 0
9.768 0 0 0
9.7704 0 0 0
9.7728 0 0 0
9.7752 0 0 0
9.7776 0 0 0
9.78 0 0 0
9.7824 0 0 0
9.7848 0 0 0
9.7872 0 0 0
9.7896 0 0 0
9.792 0 0 0
9.7944 0 0 0
9.7968 0 0 0
9.7992 0 0 0
9.8016 0 0 0
9.804 0 0 0
9.8064 0 0 0
9.8088 0 0 0
9.8112 0 0 0
9.8136 0 0 0
9.816 0 0 0
9.8184 0 0 0
9.8208 0 0 0
9.8232 0 0 0
9.8256 0 0 0
9.828 0 0 0
9.8304 0 0 0
9.8328 0 0 0
9.8352 0 0 0
9.8376 0 0 0
9.84 0 0 0
9.8424 0 0 0
9.8448 0 0 0
9.8472 0 0 0
9.8496 0 0 0
9.852 0 0 0
9.8544 0 0 0
9.8568 0 0 0
9.8592 0 0 0
9.8616 0 0 0
9.864 0 0 0
9.8664 0 0 0
9.8688 0 0 0
9.8712 0 0 0
9.8736 0 0 0
9.876 0 0 0
9.8784 0 0 0
9.8808 0 0 0
9.8832 0 0 0
9.8856 0 0 0
9.888 0 0 0
9.8904 0 0 0
9.8928 0 0 0
9.8952 0 0 0
9.8976 0 0 0
9.9 0 0 0
9.9024 0 0 0
9.9048 0 0 0
9.9072 0 0 0
9.9096 0 0 0
9.912 0 0 0
9.9144 0 0 0
9.9168 0 0 0
9.9192 0 0 0
9.9216 0 0 0
9.924 0 0 0
9.9264 0 0 0
9.9288 0 0 0
9.9312 0 0 0
9.9336 0 0 0
9.936 0 0 0
9.9384 0 0 0
9.9408 0 0 0
9.9432 0 0 0
9.9456 0 0 0
9.948 0 0 0
9.9504 0 0 0
9.9528 0 0 0
9.9552 0 0 0
9.9576 0 0 0
9.96 0 0 0
9.9624 0 0 0
9.9648 0 0 0
9.9672 0 0 0
9.9696 0 0 0
9.972 0 0 0
9.9744 0 0 0
9.9768 0 0 0
9.9792 0 0 0
9.9816 0 0 0
9.984 0 0 0
9.9864 0 0 0
9.9888 0 0 0
9.9912 0 0 0
9.9936 0 0 0
9.996 0 0 0
9.9984 0 0 0
10.0008 0 0 0
10.0032 0 0 0
10.0056 0 0 0
10.008 0 0 0
10.0104 0 0 0
10.0128 0 0 0
10.0152 0 0 0
10.0176 0 0 0
10.02 0 0 0
10.0224 0 0 0
10.0248 0 0 0
10.0272 0 0 0
10.0296 0 0 0
10.032 0 0 0
10.0344 0 0 0
10.0368 0 0 0
10.0392 0 0 0
10.0416 0 0 0
10.044 0 0 0
10.0464 0 0 0
10.0488 0 0 0
10.0512 0 0 0
10.0536 0 0 0
10.056 0 0 0
10.0584 0 0 0
10.0608 0 0 0
10.0632 0 0 0
10.0656 0 0 0
10.068 0 0 0
10.0704 0 0 0
10.0728 0 0 0
10.0752 0 0 0
10.0776 0 0 0
10.08 0 0 0
10.0824 0 0 0
10.0848 0 0 0
10.0872 0 0 0
10.0896 0 0 0
10.092 0 0 0
10.0944 0 0 0
10.0968 0 0 0
10.0992 0 0 0
10.1016 0 0 0
10.104 0 0 0
10.1064 0 0 0
10.1088 0 0 0
10.1112 0 0 0
10.1136 0 0 0
10.116 0 0 0
10.1184 0 0 0
10.1208 0 0 0
10.1232 0 0 0
10.1256 0 0 0
10.128 0 0 0
10.1304 0 0 0
10.1328 0 0 0
10.1352 0 0 0
10.1376 0 0 0
10.14 0 0 0
10.1424 0 0 0
10.1448 0 0 0
10.1472 0 0 0
10.1496 0 0 0
10.152 0 0 0
10.1544 0 0 0
10.1568 0 0 0
10.1592 0 0 0
10.1616 0 0 0
10.164 0 0 0
10.1664 0 0 0
10.1688 0 0 0
10.1712 0 0 0
10.1736 0 0 0
10.176 0 0 0
10.1784 0 0 0
10.1808 0 0 0
10.1832 0 0 0
10.1856 0 0 0
10.188 0 0 0
10.1904 0 0 0
10.1928 0 0 0
10.1952 0 0 0
10.1976 0 0 0
10.2 0 0 0
10.2024 0 0 0
10.2048 0 0 0
10.2072 0 0 0
10.2096 0 0 0
10.212 0 0 0
10.2144 0 0 0
10.2168 0 0 0
10.2192 0 0 0
10.2216 0 0 0
10.224 0 0 0
10.2264 0 0 0
10.2288 0 0 0
10.2312 0 0 0
10.2336 0 0 0
10.236 0 0 0
10.2384 0 0 0
10.2408 0 0 0
10.2432 0 0 0
10.2456 0 0 0
10.248 0 0 0
10.2504 0 0 0
10.2528 0 0 0
10.2552 0 0 0
10.2576 0 0 0
10.26 0 0 0
10.2624 0 0 0
10.2648 0 0 0
10.2672 0 0 0
10.2696 0 0 0
10.272 0 0 0
10.2744 0 0 0
10.2768 0 0 0
10.2792 0 0 0
10.2816 0 0 0
10.284 0 0 0
10.2864 0 0 0
10.2888 0 0 0
10.2912 0 0 0
10.2936 0 0 0
10.296 0 0 0
10.2984 0 0 0
10.3008 0 0 0
10.3032 0 0 0
10.3056 0 0 0
10.308 0 0 0
10.3104 0 0 0
10.3128 0 0 0
10.3152 0 0 0
10.3176 0 0 0
10.32 0 0 0
10.3224 0 0 0
10.3248 0 0 0
10.3272 0 0 0
10.3296 0 0 0
10.332 0 0 0
10.3344 0 0 0
10.3368 0 0 0
10.3392 0 0 0
10.3416 0 0 0
10.344 0 0 0
10.3464 0 0 0
10.3488 0 0 0
10.3512 0 0 0
10.3536 0 0 0
10.356 0 0 0
10.3584 0 0 0
10.3608 0 0 0
10.3632 0 0 0
10.3656 0 0 0
10.368 0 0 0
10.3704 0 0 0
10.3728 0 0 0
10.3752 0 0 0
10.3776 0 0 0
10.38 0 0 0
