0.1 5.84341e-32 200 8.34888e-14
0.2 -7.59644e-31 400 -8.52651e-14
0.3 7.0121e-31 600 -2.66454e-13
0.4 9.34946e-31 800 -1.7053e-13
0.5 1.16868e-30 1000 5.11591e-13
0.6 8.18078e-31 1200 -4.40536e-13
0.7 6.77836e-30 1400 5.40012e-13
0.8 -9.34946e-31 1600 -5.54223e-13
0.9 -3.03858e-30 1800 7.53175e-13
1 0 2000 9.09495e-13
0.005 -0.000902917 2000 0.390781
0.01 -0.00450949 2000 1.94941
0.015 -0.0117116 2000 5.0605
0.02 -0.0224969 2000 9.71956
0.025 -0.0368522 2000 15.9209
0.03 -0.054764 2000 23.6588
0.035 -0.0762183 2000 32.927
0.04 -0.1012 2000 43.7192
0.045 -0.129695 2000 56.0288
0.05 -0.161686 2000 69.8491
0.055 -0.197157 2000 85.1728
0.06 -0.236092 2000 101.993
0.065 -0.278473 2000 120.301
0.07 -0.324285 2000 140.092
0.075 -0.373512 2000 161.359
0.08 -0.426142 2000 184.095
0.085 -0.482158 2000 208.294
0.09 -0.541544 2000 233.95
0.095 -0.604283 2000 261.053
0.1 -0.670359 2000 289.598
0.105 -0.739751 2000 319.576
0.11 -0.812436 2000 350.976
0.115 -0.888387 2000 383.788
0.12 -0.967576 2000 417.998
0.125 -1.04998 2000 453.597
0.13 -1.13559 2000 490.579
0.135 -1.22439 2000 528.941
0.14 -1.31637 2000 568.679
0.145 -1.41152 2000 609.786
0.15 -1.50983 2000 652.253
0.155 -1.61126 2000 696.072
0.16 -1.71578 2000 741.228
0.165 -1.82338 2000 787.71
0.17 -1.93403 2000 835.511
0.175 -2.04771 2000 884.623
0.18 -2.1644 2000 935.031
0.185 -2.28404 2000 986.716
0.19 -2.40658 2000 1039.66
0.195 -2.53201 2000 1093.84
0.2 -2.66029 2000 1149.26
0.205 -2.79142 2000 1205.91
0.21 -2.92541 2000 1263.79
0.215 -3.06225 2000 1322.91
0.22 -3.20195 2000 1383.26
0.225 -3.34448 2000 1444.84
0.23 -3.48982 2000 1507.62
0.235 -3.63795 2000 1571.61
0.24 -3.78883 2000 1636.8
0.245 -3.94245 2000 1703.16
0.25 -4.09878 2000 1770.7
0.255 -4.25776 2000 1839.38
0.26 -4.41931 2000 1909.17
0.265 -4.58339 2000 1980.05
0.27 -4.74999 2000 2052.02
0.275 -4.91915 2000 2125.1
0.28 -5.09087 2000 2199.28
0.285 -5.26513 2000 2274.57
0.29 -5.44191 2000 2350.94
0.295 -5.62116 2000 2428.37
0.3 -5.80278 2000 2506.84
0.305 -5.9867 2000 2586.29
0.31 -6.17284 2000 2666.7
0.315 -6.36114 2000 2748.05
0.32 -6.55159 2000 2830.32
0.325 -6.74412 2000 2913.5
0.33 -6.93867 1999.99 2997.54
0.335 -7.13517 1999.99 3082.44
0.34 -7.33362 1999.99 3168.17
0.345 -7.53403 1999.99 3254.74
0.35 -7.73639 1999.99 3342.16
0.355 -7.94072 1999.99 3430.43
0.36 -8.14705 1999.99 3519.57
0.365 -8.35546 1999.99 3609.6
0.37 -8.56595 1999.99 3700.54
0.375 -8.77853 1999.99 3792.37
0.38 -8.99317 1999.99 3885.1
0.385 -9.20982 1999.99 3978.69
0.39 -9.42839 1999.99 4073.12
0.395 -9.64875 1999.99 4168.31
0.4 -9.87078 1999.99 4264.23
0.405 -10.0944 1999.99 4360.83
0.41 -10.3195 1999.99 4458.1
0.415 -10.5462 1999.99 4556
0.42 -10.7743 1999.99 4654.54
0.425 -11.0038 1999.99 4753.69
0.43 -11.2348 1999.99 4853.48
0.435 -11.4672 1999.99 4953.91
0.44 -11.7013 1999.99 5055.04
0.445 -11.9371 1999.99 5156.88
0.45 -12.1744 1999.99 5259.39
0.455 -12.4131 1999.99 5362.5
0.46 -12.6529 1999.99 5466.14
0.465 -12.8938 1999.99 5570.19
0.47 -13.1354 1999.99 5674.56
0.475 -13.3776 1999.99 5779.19
0.48 -13.6203 1999.99 5884.05
0.485 -13.8636 1999.99 5989.13
0.49 -14.1073 1999.99 6094.41
0.495 -14.3514 1999.99 6199.86
0.5 -14.5958 1999.99 6305.48
0.505 -14.8408 1999.99 6411.28
0.51 -15.0863 1999.99 6517.35
0.515 -15.3325 1999.99 6623.72
0.52 -15.5795 1999.99 6730.44
0.525 -15.8274 1999.99 6837.52
0.53 -16.0762 1999.99 6944.98
0.535 -16.3257 1999.99 7052.77
0.54 -16.5758 1999.99 7160.84
0.545 -16.8265 1999.99 7269.15
0.55 -17.0776 1999.99 7377.62
0.555 -17.3289 1999.99 7486.18
0.56 -17.5802 1999.99 7594.74
0.565 -17.8313 1999.99 7703.22
0.57 -18.0822 1999.99 7811.59
0.575 -18.3328 1999.99 7919.84
0.58 -18.583 1999.99 8027.94
0.585 -18.8328 1999.99 8135.87
0.59 -19.0822 1999.99 8243.61
0.595 -19.3312 1999.99 8351.17
0.6 -19.5798 1999.99 8458.56
0.605 -19.8281 1999.99 8565.82
0.61 -20.0761 1999.99 8672.97
0.615 -20.3239 1999.99 8780.01
0.62 -20.5713 1999.99 8886.9
0.625 -20.8183 1999.99 8993.58
0.63 -21.0646 1999.99 9100
0.635 -21.3103 1999.99 9206.14
0.64 -21.5556 1999.99 9312.11
0.645 -21.8009 1999.99 9418.06
0.65 -22.0464 1999.99 9524.12
0.655 -22.2924 1999.99 9630.4
0.66 -22.539 1999.99 9736.93
0.665 -22.786 1999.99 9843.65
0.67 -23.0331 1999.99 9950.39
0.675 -23.2796 1999.99 10056.9
0.68 -23.5244 1999.99 10162.6
0.685 -23.7668 1999.99 10267.4
0.69 -24.0061 1999.99 10370.7
0.695 -24.2419 1999.99 10472.6
0.7 -24.4664 2000.02 10570.6
0.705 -24.6894 2000.04 10667.4
0.71 -24.9119 2000.03 10763.2
0.715 -25.1317 2000.02 10858
0.72 -25.3492 2000.02 10951.7
0.725 -25.5643 2000.01 11044.5
0.73 -25.7769 2000.01 11136.2
0.735 -25.9865 2000 11226.7
0.74 -26.1862 2000.03 11313.8
0.745 -26.3835 2000.05 11399.4
0.75 -26.5796 2000.04 11483.8
0.755 -26.7721 2000.03 11566.7
0.76 -26.9612 2000.02 11648.2
0.765 -27.1476 2000.02 11728.6
0.77 -27.3319 2000.01 11808.1
0.775 -27.5148 2000.01 11887
0.78 -27.6971 2000.01 11965.7
0.785 -27.8794 2000 12044.3
0.79 -28.062 2000 12123.1
0.795 -28.2449 2000 12202.1
0.8 -28.4277 2000 12281
0.805 -28.6101 2000 12359.8
0.81 -28.7847 2000.03 12436.1
0.815 -28.9568 2000.05 12510.9
0.82 -29.1289 2000.04 12585
0.825 -29.2979 2000.03 12657.8
0.83 -29.4511 2000.1 12724.9
0.835 -29.6005 2000.14 12789.8
0.84 -29.7487 2000.11 12853.4
0.845 -29.8926 2000.09 12915.2
0.85 -30.0324 2000.07 12975.3
0.855 -30.1678 2000.06 13033.6
0.86 -30.2989 2000.05 13090
0.865 -30.4251 2000.04 13144.4
0.87 -30.546 2000.03 13196.5
0.875 -30.6613 2000.02 13246.2
0.88 -30.7707 2000.02 13293.4
0.885 -30.8742 2000.02 13338
0.89 -30.9718 2000.01 13380.1
0.895 -31.0637 2000.01 13419.8
0.9 -31.1498 2000.01 13456.9
0.905 -31.2304 2000.01 13491.7
0.91 -31.3055 2000 13524.1
0.915 -31.3751 2000 13554.2
0.92 -31.4376 2000.01 13581.4
0.925 -31.4916 2000.04 13605.1
0.93 -31.5411 2000.05 13626.6
0.935 -31.5877 2000.04 13646.6
0.94 -31.6307 2000.04 13665.1
0.945 -31.6704 2000.03 13682.1
0.95 -31.7067 2000.02 13697.7
0.955 -31.7396 2000.02 13711.8
0.96 -31.7692 2000.02 13724.6
0.965 -31.7952 2000.01 13735.7
0.97 -31.8172 2000.01 13745.2
0.975 -31.8348 2000.01 13752.8
0.98 -31.8473 2000.01 13758.2
0.985 -31.8546 2000.01 13761.3
0.99 -31.8562 2000 13762
0.995 -31.8515 1999.99 13760
1 -31.8405 1999.98 13755.3
1.005 -31.8238 1999.99 13748
1.01 -31.8014 1999.99 13738.3
1.015 -31.7735 1999.99 13726.2
1.02 -31.7401 1999.99 13711.8
1.025 -31.7012 1999.99 13695
1.03 -31.6567 2000 13675.7
1.035 -31.6061 2000 13653.9
1.04 -31.5489 2000 13629.1
1.045 -31.4844 2000 13601.3
1.05 -31.4114 2000 13569.8
1.055 -31.3234 2000.03 13532.2
1.06 -31.2251 2000.04 13490
1.065 -31.1179 2000.03 13443.5
1.07 -31.0004 2000.02 13392.7
1.075 -30.8729 2000.02 13337.5
1.08 -30.7359 2000.02 13278.2
1.085 -30.5896 2000.01 13215
1.09 -30.4343 2000.01 13147.8
1.095 -30.2702 2000.01 13076.9
1.1 -30.0975 2000.01 13002.3
1.105 -29.9161 2000.01 12923.9
1.11 -29.7257 2000 12841.6
1.115 -29.526 2000 12755.3
1.12 -29.317 2000 12665
1.125 -29.0987 2000 12570.7
1.13 -28.8494 2000.13 12465
1.135 -28.5926 2000.18 12354.8
1.14 -28.3288 2000.15 12240.3
1.145 -28.0425 2000.17 12117.8
1.15 -27.7474 2000.18 11990.7
1.155 -27.4469 2000.14 11860.2
1.16 -27.1377 2000.12 11726
1.165 -26.82 2000.1 11588.4
1.17 -26.4942 2000.08 11447.2
1.175 -26.1601 2000.07 11302.6
1.18 -25.8172 2000.05 11154.2
1.185 -25.4644 2000.04 11001.6
1.19 -25.0914 2000.07 10841.5
1.195 -24.7035 2000.09 10674.6
1.2 -24.305 2000.08 10501.9
1.205 -23.8914 2000.06 10322.9
1.21 -23.4633 2000.05 10137.6
1.215 -23.0095 2000.09 9943.03
1.22 -22.5448 2000.11 9742.9
1.225 -22.0748 2000.09 9539.22
1.23 -21.5963 2000.07 9332.02
1.235 -21.1109 2000.06 9121.88
1.24 -20.6193 2000.05 8909.17
1.245 -20.1218 2000.04 8693.93
1.25 -19.6175 2000.03 8475.85
1.255 -19.1052 2000.03 8254.34
1.26 -18.5831 2000.02 8028.63
1.265 -18.0493 2000.02 7797.9
1.27 -17.5021 2000.01 7561.39
1.275 -16.9398 2000.01 7318.39
1.28 -16.361 2000.01 7068.3
1.285 -15.765 2000.01 6810.75
1.29 -15.1513 2000.01 6545.59
1.295 -14.5201 2000.01 6272.85
1.3 -13.8717 2000 5992.7
1.305 -13.2067 2000 5705.43
1.31 -12.5259 2000 5411.31
1.315 -11.8298 2000 5110.56
1.32 -11.1189 2000 4803.42
1.325 -10.3941 2000 4490.3
1.33 -9.65658 2000 4171.69
1.335 -8.90769 2000 3848.16
1.34 -8.1488 2000 3520.32
1.345 -7.38113 1999.99 3188.66
1.35 -6.60536 1999.99 2853.52
1.355 -5.82201 1999.98 2515.11
1.36 -5.0315 1999.98 2173.6
1.365 -4.23359 1999.98 1828.91
1.37 -3.42826 1999.97 1480.99
1.375 -2.61569 1999.95 1129.95
1.38 -1.79642 1999.92 776.022
1.385 -0.971598 1999.87 419.635
1.39 -0.143993 1999.76 62.1854
1.395 0.688665 1999.71 -297.323
1.4 1.52351 1999.61 -657.115
1.405 2.33157 1999.28 -1006.06
1.41 3.12339 1999.19 -1350.07
1.415 3.92694 1999.32 -1697.19
1.42 4.7361 1999.42 -2046.75
1.425 5.55125 1999.51 -2398.89
1.43 6.373 1999.58 -2753.89
1.435 7.20209 1999.64 -3112.06
1.44 8.03903 1999.68 -3473.63
1.445 8.88404 1999.72 -3838.69
1.45 9.73725 1999.75 -4207.29
1.455 10.599 1999.78 -4579.59
1.46 11.4698 1999.8 -4955.79
1.465 12.3499 1999.81 -5336.01
1.47 13.239 1999.82 -5720.11
1.475 14.1361 1999.83 -6107.71
1.48 15.0404 1999.84 -6498.35
1.485 15.9506 1999.84 -6891.61
1.49 16.8662 1999.85 -7287.15
1.495 17.7866 1999.85 -7684.82
1.5 18.7121 1999.85 -8084.65
1.505 19.6429 1999.85 -8486.77
1.51 20.5795 1999.86 -8891.43
1.515 21.4966 1999.93 -9290.01
1.52 22.4304 1999.92 -9693.19
1.525 23.345 1999.99 -10090.5
1.53 24.2778 1999.97 -10492.7
1.535 25.2173 1999.94 -10898
1.54 26.098 2000.35 -11284.1
1.545 26.9544 2000.65 -11659.5
1.55 27.8161 2000.63 -12032.6
1.555 28.6238 2000.78 -12382.7
1.56 29.4475 2000.61 -12735.8
1.565 30.2486 2000.6 -13083
1.57 31.0499 2000.55 -13429.4
1.575 31.8634 2000.42 -13778.5
1.58 32.6799 2000.31 -14129.3
1.585 33.4252 2000.81 -14456.9
1.59 34.1553 2001.08 -14775.6
1.595 34.9104 2000.85 -15098.6
1.6 35.6687 2000.66 -15423.7
1.605 36.4302 2000.5 -15750.6
1.61 37.1314 2000.97 -16057.2
1.615 37.8247 2001.15 -16358.7
1.62 38.5325 2000.9 -16661.8
1.625 39.2387 2000.7 -16964.7
1.63 39.9315 2000.61 -17264
1.635 40.607 2000.65 -17556.5
1.64 41.2461 2000.82 -17833.6
1.645 41.8731 2000.76 -18104.9
1.65 42.4975 2000.64 -18373.6
1.655 43.1229 2000.48 -18641.8
1.66 43.7314 2000.48 -18905.3
1.665 44.3286 2000.49 -19164.2
1.67 44.9339 2000.37 -19423.8
1.675 45.5085 2000.72 -19672.6
1.68 46.0656 2001.03 -19912.1
1.685 46.6136 2000.88 -20148.7
1.69 47.1472 2000.87 -20381.3
1.695 47.673 2000.85 -20610.1
1.7 48.2053 2000.69 -20839
1.705 48.6889 2001.22 -21051.9
1.71 49.1675 2001.42 -21259.7
1.715 49.6409 2001.33 -21461.1
1.72 50.0577 2001.56 -21647
1.725 50.4639 2001.64 -21824.2
1.73 50.8567 2001.61 -21992.9
1.735 51.2214 2001.57 -22151.6
1.74 51.5792 2001.32 -22305.4
1.745 51.9186 2001.19 -22452.8
1.75 52.2397 2001.1 -22592.5
1.755 52.5576 2000.91 -22728.4
1.76 52.8605 2001.05 -22857.1
1.765 53.1485 2001.06 -22979.7
1.77 53.4247 2000.85 -23098
1.775 53.6922 2000.68 -23213.1
1.78 53.9496 2000.54 -23324.2
1.785 54.1723 2000.45 -23425.2
1.79 54.3599 2000.36 -23512
1.795 54.5537 2000.3 -23594.9
1.8 54.725 2000.27 -23670
1.805 54.8364 2000.35 -23723.3
1.81 54.9589 2000.28 -23773.3
1.815 55.0743 2000.18 -23820.2
1.82 55.1817 2000.1 -23864.1
1.825 55.2724 2000.13 -23903
1.83 55.348 2000.16 -23935.7
1.835 55.4175 2000.07 -23964.2
1.84 55.4767 2000 -23988.8
1.845 55.5254 1999.94 -24009.1
1.85 55.562 1999.89 -24024.7
1.855 55.5846 1999.82 -24034.9
1.86 55.5811 1999.94 -24036.5
1.865 55.5607 1999.91 -24029.2
1.87 55.5208 1999.78 -24012.5
1.875 55.4256 1999.51 -23978.1
1.88 55.335 1999.39 -23939.2
1.885 55.241 1999.38 -23895.7
1.89 55.1317 1999.37 -23846.5
1.895 55.0063 1999.37 -23790.9
1.9 54.8643 1999.35 -23728.7
1.905 54.6932 1999.24 -23656.2
1.91 54.5056 1999.2 -23574.9
1.915 54.3273 1999.4 -23492.6
1.92 54.1339 1999.41 -23406.6
1.925 53.9296 1999.63 -23317.1
1.93 53.716 1999.74 -23223.5
1.935 53.4941 1999.67 -23126.1
1.94 53.2644 1999.61 -23025.6
1.945 53.0266 1999.55 -22922
1.95 52.7762 1999.45 -22813.9
1.955 52.5109 1999.35 -22699.6
1.96 52.2458 1999.31 -22583.5
1.965 51.9865 1999.45 -22467.5
1.97 51.7263 1999.62 -22351.6
1.975 51.4526 1999.58 -22233.3
1.98 51.1738 1999.54 -22112.8
1.985 50.8895 1999.5 -21990.1
1.99 50.5997 1999.46 -21865.1
1.995 50.3041 1999.41 -21737.6
2 50.0024 1999.36 -21607.5
2.005 49.9013 2000.45 -21531.9
2.01 49.8307 2001.13 -21482.4
2.015 49.6891 2000.87 -21429.5
2.02 49.5499 2000.66 -21376.1
2.025 49.4103 2000.45 -21321.6
2.03 49.2664 2000.22 -21265
2.035 49.2421 2000.83 -21240.3
2.04 49.2357 2001.23 -21229.5
2.045 49.1864 2000.98 -21215.6
2.05 49.1401 2000.78 -21201.6
2.055 49.0961 2000.61 -21187.6
2.06 49.0537 2000.47 -21173.4
2.065 49.0097 2000.29 -21158
2.07 48.9622 2000.08 -21140.8
2.075 48.9189 2000.05 -21124.2
2.08 48.8761 2000.01 -21107.4
2.085 48.8336 1999.99 -21090.4
2.09 48.7913 1999.96 -21073.3
2.095 48.749 1999.94 -21055.9
2.1 48.7353 2000.16 -21046.5
2.105 48.7304 2000.32 -21041.9
2.11 48.7129 2000.24 -21036.1
2.115 48.6959 2000.18 -21030.3
2.12 48.6794 2000.13 -21024.4
2.125 48.6631 2000.08 -21018.4
2.13 48.6471 2000.04 -21012.3
2.135 48.6311 2000.01 -21006
2.14 48.6151 1999.99 -20999.7
2.145 48.5991 1999.97 -20993.3
2.15 48.5831 1999.95 -20986.7
2.155 48.5641 1999.85 -20979.2
2.16 48.5421 1999.73 -20970.5
2.165 48.5231 1999.76 -20962.2
2.17 48.5038 1999.79 -20953.9
2.175 48.4843 1999.81 -20945.5
2.18 48.4648 1999.83 -20937
2.185 48.4445 1999.84 -20928.3
2.19 48.4405 2000.03 -20924.1
2.195 48.4422 2000.18 -20923
2.2 48.4356 2000.13 -20920.9
2.205 48.4293 2000.09 -20918.8
2.21 48.4231 2000.06 -20916.7
2.215 48.417 2000.04 -20914.5
2.22 48.4108 2000.01 -20912.2
2.225 48.4047 1999.99 -20909.8
2.23 48.3985 1999.98 -20907.4
2.235 48.3922 1999.96 -20904.9
2.24 48.3858 1999.95 -20902.3
2.245 48.3793 1999.94 -20899.6
2.25 48.3726 1999.93 -20896.9
2.255 48.3658 1999.92 -20894
2.26 48.3588 1999.92 -20891.1
2.265 48.3517 1999.91 -20888.1
2.27 48.3443 1999.91 -20884.9
2.275 48.3367 1999.9 -20881.7
2.28 48.3277 1999.86 -20878
2.285 48.3184 1999.84 -20874.1
2.29 48.3098 1999.85 -20870.4
2.295 48.3009 1999.86 -20866.5
2.3 48.2919 1999.87 -20862.6
2.305 48.2827 1999.88 -20858.6
2.31 48.2734 1999.89 -20854.5
2.315 48.2639 1999.89 -20850.4
2.32 48.2543 1999.89 -20846.2
2.325 48.2474 1999.94 -20842.8
2.33 48.2505 2000.07 -20843
2.335 48.2487 2000.04 -20842.4
2.34 48.2469 2000.02 -20841.9
2.345 48.2451 2000.01 -20841.3
2.35 48.2434 1999.99 -20840.7
2.355 48.2416 1999.98 -20840
2.36 48.2398 1999.97 -20839.4
2.365 48.2379 1999.96 -20838.6
2.37 48.2359 1999.96 -20837.8
2.375 48.2338 1999.95 -20837
2.38 48.2316 1999.94 -20836.1
2.385 48.2293 1999.94 -20835.1
2.39 48.2268 1999.93 -20834.1
2.395 48.2242 1999.93 -20833
2.4 48.2214 1999.92 -20831.8
2.405 48.2185 1999.92 -20830.6
2.41 48.2154 1999.92 -20829.3
2.415 48.2121 1999.91 -20827.9
2.42 48.2085 1999.91 -20826.4
2.425 48.2048 1999.9 -20824.8
2.43 48.2009 1999.9 -20823.1
2.435 48.1967 1999.89 -20821.3
2.44 48.1924 1999.89 -20819.5
2.445 48.1877 1999.88 -20817.5
2.45 48.1829 1999.88 -20815.4
2.455 48.1777 1999.87 -20813.2
2.46 48.1723 1999.87 -20810.9
2.465 48.1666 1999.86 -20808.4
2.47 48.1605 1999.85 -20805.8
2.475 48.1541 1999.85 -20803
2.48 48.1473 1999.84 -20800.1
2.485 48.1401 1999.83 -20797.1
2.49 48.1315 1999.79 -20793.5
2.495 48.1205 1999.71 -20789
2.5 48.1111 1999.74 -20784.8
2.505 48.1013 1999.77 -20780.5
2.51 48.0911 1999.79 -20776
2.515 48.0807 1999.81 -20771.4
2.52 48.0699 1999.82 -20766.7
2.525 48.0587 1999.83 -20761.9
2.53 48.0472 1999.84 -20756.9
2.535 48.0354 1999.84 -20751.7
2.54 48.0271 1999.81 -20747.5
2.545 48.0217 1999.83 -20744.6
2.55 48.0138 1999.83 -20741.4
2.555 48.0058 1999.82 -20738.1
2.56 47.9974 1999.81 -20734.6
2.565 47.9888 1999.8 -20731
2.57 47.9798 1999.79 -20727.3
2.575 47.9704 1999.78 -20723.3
2.58 47.9606 1999.77 -20719.2
2.585 47.9504 1999.75 -20714.9
2.59 47.9397 1999.73 -20710.4
2.595 47.9285 1999.71 -20705.6
2.6 47.9168 1999.69 -20700.6
2.605 47.9045 1999.67 -20695.4
2.61 47.8916 1999.64 -20689.9
2.615 47.8779 1999.61 -20684.1
2.62 47.8635 1999.58 -20677.9
2.625 47.8483 1999.54 -20671.4
2.63 47.832 1999.5 -20664.5
2.635 47.8146 1999.44 -20657.1
2.64 47.7957 1999.38 -20649.1
2.645 47.775 1999.3 -20640.3
2.65 47.7518 1999.2 -20630.5
2.655 47.7251 1999.06 -20619.3
2.66 47.6929 1998.88 -20605.9
2.665 47.6523 1998.66 -20589.2
2.67 47.5906 1997.87 -20564.5
2.675 47.4969 1997.05 -20526
2.68 47.3551 1998.27 -20468.4
2.685 47.4366 2006.27 -20486.5
2.69 47.4296 2006.31 -20486.9
2.695 47.4225 2005.17 -20484.5
2.7 47.4171 2004.23 -20482.5
2.705 47.4124 2003.45 -20480.8
2.71 47.4084 2002.82 -20479.4
2.715 47.4049 2002.3 -20478.1
2.72 47.4018 2001.87 -20476.9
2.725 47.3989 2001.52 -20475.9
2.73 47.3953 2001.23 -20474.6
2.735 47.3913 2001.04 -20473.1
2.74 47.3871 2000.95 -20471.5
2.745 47.3825 2000.84 -20469.7
2.75 47.3781 2000.71 -20467.8
2.755 47.3738 2000.59 -20465.9
2.76 47.3699 2000.48 -20464.1
2.765 47.3662 2000.39 -20462.5
2.77 47.3628 2000.32 -20461
2.775 47.3596 2000.26 -20459.5
2.78 47.3566 2000.21 -20458.2
2.785 47.3538 2000.17 -20457
2.79 47.3512 2000.14 -20455.9
2.795 47.3488 2000.11 -20454.8
2.8 47.3464 2000.09 -20453.7
2.805 47.3441 2000.07 -20452.7
2.81 47.3419 2000.06 -20451.8
2.815 47.3397 2000.04 -20450.8
2.82 47.3375 2000.03 -20449.9
2.825 47.3352 2000.03 -20448.9
2.83 47.3329 2000.02 -20447.9
2.835 47.3305 2000.01 -20446.8
2.84 47.328 2000.01 -20445.8
2.845 47.3254 2000 -20444.6
2.85 47.3226 2000 -20443.4
2.855 47.3197 2000 -20442.1
2.86 47.3166 1999.99 -20440.8
2.865 47.3133 1999.99 -20439.4
2.87 47.3097 1999.99 -20437.8
2.875 47.306 1999.98 -20436.2
2.88 47.302 1999.98 -20434.5
2.885 47.2999 2000.05 -20433.3
2.89 47.3078 2000.43 -20435.3
2.895 47.3153 2000.62 -20437.8
2.9 47.318 2000.5 -20439.4
2.905 47.3213 2000.41 -20441.2
2.91 47.3251 2000.34 -20443.1
2.915 47.3294 2000.27 -20445.2
2.92 47.3341 2000.22 -20447.4
2.925 47.3391 2000.18 -20449.8
2.93 47.3444 2000.14 -20452.2
2.935 47.35 2000.12 -20454.7
2.94 47.3558 2000.09 -20457.3
2.945 47.3618 2000.07 -20460
2.95 47.3679 2000.05 -20462.7
2.955 47.3742 2000.04 -20465.4
2.96 47.3805 2000.03 -20468.2
2.965 47.3869 2000.02 -20471
2.97 47.3934 2000.01 -20473.8
2.975 47.3999 2000 -20476.7
2.98 47.4063 2000 -20479.5
2.985 47.4128 1999.99 -20482.3
2.99 47.4191 1999.99 -20485.1
2.995 47.4254 1999.99 -20487.8
3 47.4317 1999.98 -20490.5
3.005 47.4378 1999.98 -20493.1
3.01 47.4438 1999.98 -20495.7
3.015 47.4497 1999.98 -20498.3
3.02 47.4554 1999.98 -20500.8
3.025 47.4611 1999.98 -20503.2
3.03 47.4666 1999.98 -20505.6
3.035 47.472 1999.98 -20507.9
3.04 47.4773 1999.98 -20510.2
3.045 47.4824 1999.98 -20512.4
3.05 47.4874 1999.98 -20514.6
3.055 47.4923 1999.98 -20516.7
3.06 47.4971 1999.98 -20518.8
3.065 47.5018 1999.98 -20520.8
3.07 47.5063 1999.98 -20522.8
3.075 47.5107 1999.98 -20524.7
3.08 47.515 1999.98 -20526.5
3.085 47.5191 1999.98 -20528.3
3.09 47.5231 1999.98 -20530
3.095 47.527 1999.98 -20531.7
3.1 47.5307 1999.98 -20533.3
3.105 47.5342 1999.98 -20534.8
3.11 47.5376 1999.98 -20536.3
3.115 47.5408 1999.98 -20537.6
3.12 47.5435 1999.96 -20538.8
3.125 47.5463 1999.96 -20540
3.13 47.5489 1999.97 -20541.1
3.135 47.5512 1999.97 -20542.2
3.14 47.5534 1999.98 -20543.1
3.145 47.5554 1999.98 -20544
3.15 47.5572 1999.98 -20544.7
3.155 47.5587 1999.98 -20545.4
3.16 47.5601 1999.99 -20546
3.165 47.5613 1999.99 -20546.5
3.17 47.5623 1999.99 -20546.9
3.175 47.563 1999.99 -20547.2
3.18 47.5635 1999.99 -20547.5
3.185 47.5638 1999.99 -20547.6
3.19 47.5638 1999.99 -20547.6
3.195 47.52 1999.93 -20535.5
3.2 47.4616 1999.89 -20514.1
3.205 47.4003 1999.91 -20485.7
3.21 47.3231 1999.93 -20450.7
3.215 47.2347 1999.94 -20411.2
3.22 47.1388 1999.95 -20368.7
3.225 47.0384 1999.95 -20324.4
3.23 46.935 1999.99 -20278.8
3.235 46.8293 2000.03 -20232.4
3.24 46.7239 2000.02 -20186.4
3.245 46.6207 2000.01 -20141.4
3.25 46.5205 2000.01 -20097.8
3.255 46.4244 2000 -20056
3.26 46.3332 2000 -20016.3
3.265 46.2475 2000 -19979.1
3.27 46.168 1999.99 -19944.6
3.275 46.0951 1999.99 -19913.1
3.28 46.0293 1999.99 -19884.6
3.285 45.9713 1999.99 -19859.5
3.29 45.9215 1999.99 -19837.9
3.295 45.8807 1999.99 -19820.3
3.3 45.8496 1999.99 -19806.9
3.305 45.8292 2000 -19798.1
3.31 45.8199 2000 -19794.1
3.315 45.8228 2000 -19795.3
3.32 45.8388 1999.99 -19802.2
3.325 45.8679 1999.99 -19814.8
3.33 45.9099 2000 -19832.9
3.335 45.9643 2000 -19856.5
3.34 46.0302 2000 -19884.9
3.345 46.1063 2000 -19917.9
3.35 46.1914 2000 -19954.6
3.355 46.2836 2000 -19994.5
3.36 46.3814 2000 -20036.7
3.365 46.4832 2000 -20080.7
3.37 46.5874 2000 -20125.7
3.375 46.6924 2000 -20171.1
3.38 46.7968 2000 -20216.2
3.385 46.8989 2000 -20260.3
3.39 46.9974 2000.01 -20302.8
3.395 47.0892 2000.04 -20342.5
3.4 47.1746 2000.04 -20379.5
3.405 47.2525 2000.03 -20413.4
3.41 47.3206 2000.04 -20443.2
3.415 47.3763 2000.04 -20467.8
3.42 47.418 2000.04 -20486.3
3.425 47.4454 2000.04 -20498.5
3.43 47.4587 2000.04 -20504.1
3.435 47.4552 2000.04 -20502.6
3.44 47.4276 2000.04 -20490.8
3.445 47.3753 2000.03 -20467.8
3.45 47.2951 2000.03 -20432.9
3.455 47.1856 2000.02 -20385.3
3.46 47.0462 2000.01 -20324.7
3.465 46.8747 2000.09 -20250.1
3.47 46.6709 2000.13 -20161.4
3.475 46.4372 2000.09 -20060
3.48 46.1771 2000.06 -19947
3.485 45.8941 2000.02 -19823.9
3.49 45.5921 1999.97 -19692.5
3.495 45.2758 1999.94 -19554.8
3.5 44.9498 1999.9 -19412.7
3.505 44.6184 1999.86 -19268.3
3.51 44.2895 1999.87 -19123.2
3.515 43.9615 1999.87 -18978.5
3.52 43.6319 1999.83 -18835.7
3.525 43.3108 1999.79 -18696.6
3.53 42.9993 1999.85 -18561.1
3.535 42.6973 1999.87 -18430
3.54 42.4059 1999.82 -18304.2
3.545 42.1278 1999.78 -18184.3
3.55 41.8632 1999.76 -18070.3
3.555 41.6123 1999.74 -17962.2
3.56 41.3748 1999.73 -17860.1
3.565 41.1506 1999.73 -17763.8
3.57 40.9386 1999.65 -17672.9
3.575 40.7402 1999.62 -17587.9
3.58 40.5553 1999.64 -17508.8
3.585 40.3828 1999.67 -17435
3.59 40.2227 1999.69 -17366.5
3.595 40.0756 1999.72 -17303.7
3.6 39.9428 1999.74 -17247.2
3.605 39.8255 1999.77 -17197.3
3.61 39.7234 1999.8 -17154
3.615 39.636 1999.82 -17117
3.62 39.5626 1999.84 -17086.1
3.625 39.5026 1999.87 -17060.9
3.63 39.4556 1999.89 -17041.2
3.635 39.4212 1999.9 -17026.9
3.64 39.3991 1999.92 -17017.9
3.645 39.3889 1999.93 -17013.9
3.65 39.3963 1999.92 -17016.6
3.655 39.4336 1999.89 -17031.7
3.66 39.4945 1999.91 -17058.6
3.665 39.5827 1999.92 -17097.3
3.67 39.6972 1999.94 -17147.2
3.675 39.8373 1999.95 -17208.1
3.68 40.0019 1999.96 -17279.5
3.685 40.1901 1999.97 -17361.1
3.69 40.4009 1999.98 -17452.4
3.695 40.6332 1999.98 -17553
3.7 40.8858 1999.99 -17662.4
3.705 41.1573 2000.01 -17780
3.71 41.4462 2000.02 -17905.2
3.715 41.7504 2000.03 -18037.1
3.72 42.0672 2000.04 -18174.6
3.725 42.3941 2000.07 -18316.6
3.73 42.7265 2000.11 -18461.1
3.735 43.059 2000.16 -18605.9
3.74 43.3845 2000.28 -18747.3
3.745 43.697 2000.37 -18883.2
3.75 43.9933 2000.38 -19012.6
3.755 44.2716 2000.39 -19133.9
3.76 44.5336 2000.42 -19246
3.765 44.7691 2000.4 -19347.4
3.77 44.9772 2000.38 -19438.3
3.775 45.1622 2000.36 -19518.8
3.78 45.3243 2000.33 -19589.1
3.785 45.4644 2000.3 -19649.5
3.79 45.5836 2000.27 -19700.5
3.795 45.6832 2000.24 -19743
3.8 45.7645 2000.21 -19777.3
3.805 45.8287 2000.18 -19804.2
3.81 45.8767 2000.15 -19824.1
3.815 45.909 2000.12 -19837.2
3.82 45.9262 2000.1 -19843.9
3.825 45.9285 2000.08 -19844.2
3.83 45.8967 2000.14 -19833
3.835 45.8412 2000.17 -19810.3
3.84 45.766 2000.14 -19776.6
3.845 45.6644 2000.11 -19731.6
3.85 45.5371 2000.09 -19675.7
3.855 45.3848 2000.07 -19609
3.86 45.2082 2000.05 -19531.9
3.865 45.008 2000.03 -19444.6
3.87 44.7851 2000.01 -19347.4
3.875 44.5405 1999.98 -19240.8
3.88 44.2788 1999.99 -19125.2
3.885 43.9968 2000 -19000.7
3.89 43.692 1999.95 -18868.3
3.895 43.3726 1999.91 -18729.3
3.9 43.0398 1999.93 -18583.9
3.905 42.6942 1999.94 -18432.8
3.91 42.339 1999.86 -18277.9
3.915 41.9785 1999.78 -18120.5
3.92 41.6146 1999.71 -17961.6
3.925 41.249 1999.64 -17801.9
3.93 40.8833 1999.57 -17642.1
3.935 40.5191 1999.43 -17483
3.94 40.1589 1999.34 -17325.8
3.945 39.8045 1999.3 -17171.1
3.95 39.4556 1999.15 -17019.2
3.955 39.1158 1999 -16871.4
3.96 38.7875 1999 -16728.7
3.965 38.4696 1999.01 -16590.8
3.97 38.1625 1999.02 -16458
3.975 37.8665 1999.03 -16330.2
3.98 37.5821 1999 -16206.9
3.985 37.3074 1998.96 -16088.3
3.99 37.0421 1998.99 -15974.9
3.995 36.787 1999.02 -15866
4 36.5414 1999.06 -15761.2
4.005 36.3046 1999.1 -15660.4
4.01 36.0692 1998.6 -15561
4.015 35.8473 1998.4 -15467
4.02 35.6391 1998.54 -15378.2
4.025 35.4374 1998.65 -15292.2
4.03 35.2419 1998.75 -15208.9
4.035 35.0522 1998.83 -15128.1
4.04 34.8652 1999.89 -15049
4.045 34.6713 2000.49 -14966.6
4.05 34.4719 2000.32 -14881.3
4.055 34.2766 2000.18 -14797.7
4.06 34.0851 2000.06 -14715.8
4.065 33.8974 1999.97 -14635.4
4.07 33.7085 2001.1 -14555.4
4.075 33.5005 2002.26 -14467
4.08 33.2792 2001.72 -14371.6
4.085 33.0623 2001.3 -14278.2
4.09 32.8521 2001.07 -14186.6
4.095 32.6437 2000.87 -14096.2
4.1 32.4359 2000.67 -14007.1
4.105 32.2318 2000.51 -13919.4
4.11 32.0312 2000.37 -13833.3
4.115 31.8348 2000.07 -13748.7
4.12 31.6457 1999.76 -13667.4
4.125 31.4637 1999.7 -13589.1
4.13 31.2862 1999.64 -13512.7
4.135 31.1131 1999.59 -13438.2
4.14 30.9445 1999.55 -13365.7
4.145 30.7806 1999.52 -13295.1
4.15 30.6214 1999.48 -13226.5
4.155 30.4669 1999.46 -13160
4.16 30.3171 1999.43 -13095.4
4.165 30.1721 1999.41 -13032.9
4.17 30.0319 1999.39 -12972.5
4.175 29.8964 1999.37 -12914.1
4.18 29.7656 1999.35 -12857.7
4.185 29.6395 1999.34 -12803.3
4.19 29.5054 2000.96 -12747.3
4.195 29.3575 2001.85 -12684.5
4.2 29.2015 2001.47 -12616.7
4.205 29.0492 2001.16 -12550.6
4.21 28.8999 2000.9 -12485.7
4.215 28.7529 2000.69 -12422
4.22 28.6089 2000.48 -12359.3
4.225 28.467 2000.37 -12297.3
4.23 28.325 2000.13 -12235.9
4.235 28.1872 1999.88 -12176.2
4.24 28.0525 1999.81 -12118.1
4.245 27.9189 1999.75 -12060.4
4.25 27.7864 1999.69 -12003.1
4.255 27.6548 1999.64 -11946.3
4.26 27.5243 1999.6 -11890
4.265 27.395 1999.55 -11834.1
4.27 27.2669 1999.5 -11778.8
4.275 27.1402 1999.46 -11724.1
4.28 27.0078 2000.08 -11667.9
4.285 26.8488 2001.1 -11600.7
4.29 26.6792 2000.83 -11527
4.295 26.5098 2000.61 -11453.5
4.3 26.3403 2000.43 -11380
4.305 26.1706 2000.27 -11306.5
4.31 26.0012 2000.08 -11233
4.315 25.8348 1999.65 -11160.5
4.32 25.6711 1999.41 -11089.5
4.325 25.5096 1999.32 -11019.6
4.33 25.3489 1999.17 -10950.1
4.335 25.19 1999.06 -10881.4
4.34 25.0243 1999.6 -10810.9
4.345 24.852 1999.82 -10737
4.35 24.6781 1999.55 -10661.5
4.355 24.5065 1999.44 -10587.1
4.36 24.3379 1999.16 -10513.7
4.365 24.1727 1998.95 -10441.9
4.37 24.0123 1998.84 -10372.3
4.375 23.8565 1998.7 -10304.7
4.38 23.7066 1998.55 -10239.7
4.385 23.5429 1999.45 -10171.7
4.39 23.3726 1999.85 -10099.4
4.395 23.2061 1999.28 -10026.2
4.4 23.056 1998.81 -9960.17
4.405 22.8174 2003 -9870.44
4.41 22.5358 2005.18 -9754.39
4.415 22.2443 2004.02 -9624.74
4.42 21.9766 2002.6 -9504.66
4.425 21.6694 2003.62 -9376.31
4.43 21.2626 2004.82 -9209.74
4.435 20.8688 2003.05 -9036.7
4.44 20.499 2002.38 -8872.42
4.445 20.1635 2001.21 -8720.42
4.45 19.6954 2003.88 -8532.1
4.455 19.1488 2006.33 -8309.8
4.46 18.6134 2005.74 -8076.09
4.465 18.1031 2004.63 -7848.62
4.47 17.6153 2003.59 -7631.15
4.475 17.0507 2004.44 -7395.29
4.48 16.4382 2005.22 -7137.78
4.485 15.8775 2004.12 -6887.69
4.49 15.3337 2003.3 -6646.88
4.495 14.8083 2002.62 -6415.12
4.5 14.3016 2002.07 -6192.3
4.505 13.6401 2004.14 -5926.81
4.51 13.0255 2004.67 -5667.07
4.515 12.4662 2003.76 -5417.71
4.52 11.9177 2003.15 -5175.73
4.525 11.3346 2003.07 -4923.85
4.53 10.7887 2002.48 -4682.82
4.535 10.1996 2002.83 -4432.88
4.54 9.57431 2003.3 -4168.46
4.545 9.01036 2002.65 -3918.47
4.55 8.47862 2002.05 -3683
4.555 7.96889 2001.66 -3458.95
4.56 7.48406 2001.34 -3246.36
4.565 7.02404 2001.08 -3045.07
4.57 6.58809 2000.87 -2854.65
4.575 6.17458 2000.7 -2674.32
4.58 5.70181 2001.43 -2479.51
4.585 5.24462 2001.75 -2286.37
4.59 4.82857 2001.43 -2102.86
4.595 4.42623 2001.16 -1925.96
4.6 4.03487 2000.95 -1754.36
4.605 3.65143 2000.77 -1586.63
4.61 3.27263 2000.63 -1421.28
4.615 2.90238 2000.42 -1258.94
4.62 2.53069 2000.27 -1096.68
4.625 2.15185 2000.21 -932.287
4.63 1.75066 2000.3 -760.288
4.635 1.28067 2000.69 -562.744
4.64 0.787189 2000.74 -350.384
4.645 0.280655 2000.6 -129.657
4.65 -0.250904 2000.49 101.545
4.655 -0.810236 2000.39 344.471
4.66 -1.40004 2000.31 600.335
4.665 -2.0401 2000.4 875.363
4.67 -2.77395 2000.73 1187.02
4.675 -3.52512 2000.59 1513.61
4.68 -4.31835 2000.48 1858.01
4.685 -5.14399 2000.31 2217
4.69 -6.01524 2000.24 2594.49
4.695 -6.92968 2000.18 2990.47
4.7 -7.88801 2000.13 3405.25
4.705 -8.89102 2000.08 3839.22
4.71 -9.93953 2000.03 4292.75
4.715 -11.114 2000.43 4789.75
4.72 -12.3343 2000.6 5312.32
4.725 -13.578 2000.45 5853.36
4.73 -14.8271 2000.07 6401.57
4.735 -16.1098 1999.86 6962.8
4.74 -17.4624 2000.38 7547.54
4.745 -19.0721 2001.27 8224.67
4.75 -20.5074 2002.19 8870.19
4.755 -21.9305 2002.76 9501.99
4.76 -23.8261 2004.19 10262
4.765 -25.6435 2005.09 11023.2
4.77 -27.4916 2006.49 11818
4.775 -29.3585 2007.93 12636.2
4.78 -31.4344 2007.91 13511.8
4.785 -33.752 2007.76 14463.4
4.79 -35.9438 2005.03 15399.6
4.795 -37.8866 2003.2 16273.5
4.8 -39.832 2003.32 17142.7
4.805 -41.7153 2003.49 17982.5
4.81 -43.6129 2003.62 18806.9
4.815 -45.4204 2003.52 19596.4
4.82 -46.954 2003.75 20292.8
4.825 -48.3772 2004.37 20932
4.83 -49.7388 2004.57 21535.1
4.835 -51.0153 2004.36 22094.9
4.84 -52.2059 2003.59 22619.9
4.845 -53.2937 2003.52 23100.3
4.85 -54.2303 2003.7 23522.1
4.855 -54.9303 2003.3 23858.5
4.86 -55.1409 2002.75 24036.6
4.865 -55.2923 2001.7 24140.3
4.87 -55.2669 2001.07 24153.1
4.875 -54.9707 1998.51 24046.4
4.88 -54.4093 1996.7 23819.3
4.885 -53.6306 1994.57 23491
4.89 -52.8321 1993.76 23116.1
4.895 -51.9559 1993.67 22693
4.9 -50.9712 1993.43 22234.6
4.905 -49.9103 1992.59 21748.8
4.91 -49.3382 1994.39 21393.7
4.915 -49.1154 1997.3 21192.6
4.92 -49.0913 1998.57 21141.4
4.925 -48.9053 1998.08 21076.8
4.93 -48.7321 1998.13 21012.2
4.935 -48.7043 1999.32 20986.2
4.94 -48.6578 1999.65 20963.7
4.945 -48.5551 1999.1 20932.3
4.95 -48.4654 1999.09 20902.2
4.955 -48.386 1999.17 20873.5
4.96 -48.3838 1999.73 20870.1
4.965 -48.3522 1999.62 20862.9
4.97 -48.3214 1999.53 20854.7
4.975 -48.2897 1999.43 20845.5
4.98 -48.2454 1998.81 20831.2
4.985 -48.2018 1998.39 20815.9
4.99 -48.1652 1998.49 20802
4.995 -48.1561 1999 20795.4
5 -48.1618 1999.47 20795.4
5.005 -48.1496 1999.4 20792.5
5.01 -48.1368 1999.34 20789
5.015 -48.1232 1999.28 20784.8
5.02 -48.1085 1999.22 20779.8
5.025 -48.0925 1999.15 20774
5.03 -48.0748 1999.08 20767.4
5.035 -48.0553 1999.01 20759.8
5.04 -48.0252 1998.61 20748.6
5.045 -47.9877 1997.92 20734.2
5.05 -47.9564 1997.79 20721
5.055 -47.9281 1998.01 20708.5
5.06 -47.8981 1998.18 20695.3
5.065 -47.8964 1999.01 20690.3
5.07 -47.8857 1999.39 20684
5.075 -47.865 1999.34 20675.9
5.08 -47.8435 1999.29 20667.3
5.085 -47.8211 1999.24 20658.1
5.09 -47.7976 1999.19 20648.5
5.095 -47.7729 1999.13 20638.2
5.1 -47.7467 1999.07 20627.3
5.105 -47.7188 1999 20615.6
5.11 -47.6888 1998.91 20603
5.115 -47.6566 1998.82 20589.4
5.12 -47.6214 1998.7 20574.6
5.125 -47.5813 1998.49 20557.8
5.13 -47.5171 1997.32 20532
5.135 0.0226889 -340.49 73.1011
5.14 0.566342 120.426 -3.96664
