0.1 -1.75302e-31 200 7.99361e-14 1.75302e-31 -200 -7.99361e-14
0.2 5.55124e-31 400 -4.44089e-14 -5.55124e-31 -400 4.44089e-14
0.3 2.04519e-31 600 -8.70415e-14 -2.04519e-31 -600 8.70415e-14
0.4 3.50605e-31 800 -3.05533e-13 -3.50605e-31 -800 3.05533e-13
0.5 1.28555e-30 1000 -2.34479e-13 -1.28555e-30 -1000 2.34479e-13
0.6 -5.84341e-31 1200 4.01457e-13 5.84341e-31 -1200 -4.01457e-13
0.7 4.67473e-31 1400 8.02913e-13 -4.67473e-31 -1400 -8.02913e-13
0.8 -5.84341e-31 1600 3.90799e-13 5.84341e-31 -1600 -3.90799e-13
0.9 1.16868e-31 1800 1.77636e-13 -1.16868e-31 -1800 -1.77636e-13
1 -1.16868e-31 2000 -1.63425e-13 1.16868e-31 -2000 1.63425e-13
0.005 -2.18736e-05 2000 0.0094804 2.18736e-05 -2000 -3.10253e-05
0.01 -0.000109283 2000 0.0472694 0.000109283 -2000 -5.91526e-05
0.015 -0.000284115 2000 0.122786 0.000284115 -2000 -4.78209e-05
0.02 -0.000546465 2000 0.236112 0.000546465 -2000 -3.8585e-05
0.025 -0.000896392 2000 0.387273 0.000896392 -2000 -3.11492e-05
0.03 -0.00133395 2000 0.57629 0.00133395 -2000 -2.51682e-05
0.035 -0.00185917 2000 0.803183 0.00185917 -2000 -2.03646e-05
0.04 -0.0024721 2000 1.06796 0.0024721 -2000 -1.65149e-05
0.045 -0.00317276 2000 1.37065 0.00317276 -2000 -1.34386e-05
0.05 -0.00396117 2000 1.71124 0.00396117 -2000 -1.09901e-05
0.055 -0.00483733 2000 2.08974 0.00483733 -2000 -9.05226e-06
0.06 -0.00580123 2000 2.50614 0.00580123 -2000 -7.53025e-06
0.065 -0.00685288 2000 2.96045 0.00685288 -2000 -6.34775e-06
0.07 -0.00799225 2000 3.45266 0.00799225 -2000 -5.44316e-06
0.075 -0.00921933 2000 3.98276 0.00921933 -2000 -4.76679e-06
0.08 -0.0105341 2000 4.55073 0.0105341 -2000 -4.27855e-06
0.085 -0.0119365 2000 5.15656 0.0119365 -2000 -3.94608e-06
0.09 -0.0134264 2000 5.80021 0.0134264 -2000 -3.74329e-06
0.095 -0.0150038 2000 6.48166 0.0150038 -2000 -3.64908e-06
0.1 -0.0166686 2000 7.20085 0.0166686 -2000 -3.64643e-06
0.105 -0.0184208 2000 7.95777 0.0184208 -2000 -3.7216e-06
0.11 -0.0202601 2000 8.75237 0.0202601 -2000 -3.8635e-06
0.115 -0.0221866 2000 9.58463 0.0221866 -2000 -4.06317e-06
0.12 -0.0242002 2000 10.4545 0.0242002 -2000 -4.31338e-06
0.125 -0.0263007 2000 11.3619 0.0263007 -2000 -4.60823e-06
0.13 -0.028488 2000 12.3068 0.028488 -2000 -4.94296e-06
0.135 -0.030762 2000 13.2892 0.030762 -2000 -5.31368e-06
0.14 -0.0331225 2000 14.3089 0.0331225 -2000 -5.71684e-06
0.145 -0.0355693 2000 15.3659 0.0355693 -2000 -6.14951e-06
0.15 -0.0381022 2000 16.4602 0.0381022 -2000 -6.60949e-06
0.155 -0.0407212 2000 17.5916 0.0407212 -2000 -7.09495e-06
0.16 -0.0434259 2000 18.76 0.0434259 -2000 -7.60436e-06
0.165 -0.0462164 2000 19.9655 0.0462164 -2000 -8.13368e-06
0.17 -0.0490924 2000 21.2079 0.0490924 -2000 -8.67426e-06
0.175 -0.0520538 2000 22.4873 0.0520538 -2000 -9.20422e-06
0.18 -0.0551004 2000 23.8034 0.0551004 -2000 -9.67139e-06
0.185 -0.0582318 2000 25.1562 0.0582318 -2000 -9.98433e-06
0.19 -0.0614479 2000 26.5455 0.0614479 -2000 -1.0082e-05
0.195 -0.0647484 2000 27.9713 0.0647484 -2000 -1.01069e-05
0.2 -0.0681329 2000 29.4334 0.0681329 -2000 -1.03725e-05
0.205 -0.0716011 2000 30.9317 0.0716011 -2000 -1.10169e-05
0.21 -0.0751528 2000 32.466 0.0751528 -2000 -1.19272e-05
0.215 -0.0787877 2000 34.0363 0.0787877 -2000 -1.29493e-05
0.22 -0.0825058 2000 35.6425 0.0825058 -2000 -1.3994e-05
0.225 -0.0863066 2000 37.2844 0.0863066 -2000 -1.50257e-05
0.23 -0.0901896 2000 38.9619 0.0901896 -2000 -1.60347e-05
0.235 -0.0941548 2000 40.6749 0.0941548 -2000 -1.70225e-05
0.24 -0.0982019 2000 42.4232 0.0982019 -2000 -1.79907e-05
0.245 -0.102331 2000 44.2068 0.102331 -2000 -1.89456e-05
0.25 -0.106541 2000 46.0256 0.106541 -2000 -1.98934e-05
0.255 -0.110831 2000 47.8792 0.110831 -2000 -2.08383e-05
0.26 -0.115203 2000 49.7676 0.115203 -2000 -2.17827e-05
0.265 -0.119654 2000 51.6906 0.119654 -2000 -2.27304e-05
0.27 -0.124185 2000 53.6479 0.124185 -2000 -2.36828e-05
0.275 -0.128795 2000 55.6394 0.128795 -2000 -2.46416e-05
0.28 -0.133484 2000 57.6652 0.133484 -2000 -2.56086e-05
0.285 -0.138252 2000 59.725 0.138252 -2000 -2.6585e-05
0.29 -0.143099 2000 61.8186 0.143099 -2000 -2.7571e-05
0.295 -0.148023 2000 63.9458 0.148023 -2000 -2.85663e-05
0.3 -0.153024 2000 66.1062 0.153024 -2000 -2.95709e-05
0.305 -0.158101 2000 68.2999 0.158101 -2000 -3.05853e-05
0.31 -0.163256 2000 70.5266 0.163256 -2000 -3.161e-05
0.315 -0.168487 2000 72.7863 0.168487 -2000 -3.26456e-05
0.32 -0.173793 2000 75.0787 0.173793 -2000 -3.36916e-05
0.325 -0.179175 2000 77.4035 0.179175 -2000 -3.47473e-05
0.33 -0.184631 2000 79.7605 0.184631 -2000 -3.5812e-05
0.335 -0.190161 2000 82.1495 0.190161 -2000 -3.68858e-05
0.34 -0.195764 2000 84.5703 0.195764 -2000 -3.79687e-05
0.345 -0.201441 2000 87.0227 0.201441 -2000 -3.90605e-05
0.35 -0.207191 2000 89.5066 0.207191 -2000 -4.01608e-05
0.355 -0.213013 2000 92.0217 0.213013 -2000 -4.12698e-05
0.36 -0.218907 2000 94.568 0.218907 -2000 -4.23876e-05
0.365 -0.224873 2000 97.1452 0.224873 -2000 -4.35138e-05
0.37 -0.23091 2000 99.753 0.23091 -2000 -4.46476e-05
0.375 -0.237016 2000 102.391 0.237016 -2000 -4.5788e-05
0.38 -0.243192 2000 105.059 0.243192 -2000 -4.69341e-05
0.385 -0.249438 2000 107.757 0.249438 -2000 -4.8086e-05
0.39 -0.255752 2000 110.485 0.255752 -2000 -4.92438e-05
0.395 -0.262134 2000 113.242 0.262134 -2000 -5.04074e-05
0.4 -0.268584 2000 116.028 0.268584 -2000 -5.15761e-05
0.405 -0.275101 2000 118.844 0.275101 -2000 -5.27495e-05
0.41 -0.281685 2000 121.688 0.281685 -2000 -5.39279e-05
0.415 -0.288335 2000 124.561 0.288335 -2000 -5.51117e-05
0.42 -0.295051 2000 127.462 0.295051 -2000 -5.63006e-05
0.425 -0.301832 2000 130.391 0.301832 -2000 -5.74925e-05
0.43 -0.308677 2000 133.348 0.308677 -2000 -5.86856e-05
0.435 -0.315585 2000 136.333 0.315585 -2000 -5.98794e-05
0.44 -0.322556 2000 139.344 0.322556 -2000 -6.10747e-05
0.445 -0.32959 2000 142.383 0.32959 -2000 -6.2273e-05
0.45 -0.336687 2000 145.449 0.336687 -2000 -6.34754e-05
0.455 -0.343846 2000 148.542 0.343846 -2000 -6.46811e-05
0.46 -0.351066 2000 151.661 0.351066 -2000 -6.58876e-05
0.465 -0.358346 2000 154.806 0.358346 -2000 -6.70926e-05
0.47 -0.365685 2000 157.976 0.365685 -2000 -6.8295e-05
0.475 -0.373083 2000 161.172 0.373083 -2000 -6.9495e-05
0.48 -0.380538 2000 164.393 0.380538 -2000 -7.06936e-05
0.485 -0.388052 2000 167.638 0.388052 -2000 -7.18901e-05
0.49 -0.395621 2000 170.908 0.395621 -2000 -7.30825e-05
0.495 -0.403247 2000 174.203 0.403247 -2000 -7.42706e-05
0.5 -0.410927 2000 177.521 0.410927 -2000 -7.54553e-05
0.505 -0.418663 2000 180.862 0.418663 -2000 -7.66368e-05
0.51 -0.426452 2000 184.227 0.426452 -2000 -7.78136e-05
0.515 -0.434295 2000 187.616 0.434295 -2000 -7.89853e-05
0.52 -0.44219 2000 191.026 0.44219 -2000 -8.01525e-05
0.525 -0.450138 2000 194.46 0.450138 -2000 -8.13149e-05
0.53 -0.458137 2000 197.915 0.458137 -2000 -8.24723e-05
0.535 -0.466186 2000 201.393 0.466186 -2000 -8.36238e-05
0.54 -0.474285 2000 204.891 0.474285 -2000 -8.47675e-05
0.545 -0.482433 2000 208.411 0.482433 -2000 -8.59015e-05
0.55 -0.490628 2000 211.951 0.490628 -2000 -8.70263e-05
0.555 -0.498871 2000 215.512 0.498871 -2000 -8.81434e-05
0.56 -0.507161 2000 219.094 0.507161 -2000 -8.92527e-05
0.565 -0.515497 2000 222.695 0.515497 -2000 -9.03522e-05
0.57 -0.523876 2000 226.315 0.523876 -2000 -9.14395e-05
0.575 -0.5323 2000 229.954 0.5323 -2000 -9.25145e-05
0.58 -0.540767 2000 233.611 0.540767 -2000 -9.35778e-05
0.585 -0.549276 2000 237.287 0.549276 -2000 -9.46302e-05
0.59 -0.557828 2000 240.982 0.557828 -2000 -9.5673e-05
0.595 -0.566422 2000 244.694 0.566422 -2000 -9.67083e-05
0.6 -0.575057 2000 248.425 0.575057 -2000 -9.77348e-05
0.605 -0.583731 2000 252.172 0.583731 -2000 -9.87482e-05
0.61 -0.592443 2000 255.936 0.592443 -2000 -9.97454e-05
0.615 -0.601193 2000 259.715 0.601193 -2000 -0.000100726
0.62 -0.60998 2000 263.511 0.60998 -2000 -0.000101693
0.625 -0.618804 2000 267.324 0.618804 -2000 -0.00010265
0.63 -0.627665 2000 271.151 0.627665 -2000 -0.000103598
0.635 -0.636561 2000 274.994 0.636561 -2000 -0.000104531
0.64 -0.645489 2000 278.851 0.645489 -2000 -0.000105445
0.645 -0.65445 2000 282.723 0.65445 -2000 -0.00010634
0.65 -0.663442 2000 286.607 0.663442 -2000 -0.000107216
0.655 -0.672464 2000 290.505 0.672464 -2000 -0.000108068
0.66 -0.681515 2000 294.415 0.681515 -2000 -0.000108899
0.665 -0.690595 2000 298.337 0.690595 -2000 -0.000109713
0.67 -0.699705 2000 302.273 0.699705 -2000 -0.000110516
0.675 -0.708844 2000 306.221 0.708844 -2000 -0.000111307
0.68 -0.718011 2000 310.181 0.718011 -2000 -0.000112085
0.685 -0.727204 2000 314.152 0.727204 -2000 -0.000112847
0.69 -0.736423 2000 318.135 0.736423 -2000 -0.000113592
0.695 -0.745669 2000 322.129 0.745669 -2000 -0.000114324
0.7 -0.754939 2000 326.134 0.754939 -2000 -0.000115044
0.705 -0.764233 2000 330.149 0.764233 -2000 -0.000115746
0.71 -0.773549 2000 334.173 0.773549 -2000 -0.000116425
0.715 -0.782886 2000 338.207 0.782886 -2000 -0.000117084
0.72 -0.792245 2000 342.25 0.792245 -2000 -0.000117725
0.725 -0.801623 2000 346.301 0.801623 -2000 -0.000118346
0.73 -0.811019 2000 350.36 0.811019 -2000 -0.00011894
0.735 -0.82043 2000 354.426 0.82043 -2000 -0.000119504
0.74 -0.829857 2000 358.498 0.829857 -2000 -0.000120041
0.745 -0.839299 2000 362.577 0.839299 -2000 -0.000120553
0.75 -0.848754 2000 366.662 0.848754 -2000 -0.000121039
0.755 -0.858221 2000 370.752 0.858221 -2000 -0.000121496
0.76 -0.867701 2000 374.847 0.867701 -2000 -0.000121929
0.765 -0.877192 2000 378.947 0.877192 -2000 -0.000122343
0.77 -0.886695 2000 383.052 0.886695 -2000 -0.000122738
0.775 -0.896206 2000 387.161 0.896206 -2000 -0.000123111
0.78 -0.905727 2000 391.274 0.905727 -2000 -0.00012346
0.785 -0.915257 2000 395.391 0.915257 -2000 -0.000123788
0.79 -0.924795 2000 399.511 0.924795 -2000 -0.000124102
0.795 -0.934341 2000 403.635 0.934341 -2000 -0.000124399
0.8 -0.943894 2000 407.762 0.943894 -2000 -0.000124679
0.805 -0.953453 2000 411.892 0.953453 -2000 -0.000124939
0.81 -0.963017 2000 416.023 0.963017 -2000 -0.000125182
0.815 -0.972586 2000 420.157 0.972586 -2000 -0.000125407
0.82 -0.982157 2000 424.292 0.982157 -2000 -0.000125607
0.825 -0.991729 2000 428.427 0.991729 -2000 -0.000125778
0.83 -1.0013 2000 432.562 1.0013 -2000 -0.000125916
0.835 -1.01087 2000 436.696 1.01087 -2000 -0.000126025
0.84 -1.02044 2000 440.829 1.02044 -2000 -0.000126108
0.845 -1.03 2000 444.961 1.03 -2000 -0.000126163
0.85 -1.03956 2000 449.091 1.03956 -2000 -0.000126193
0.855 -1.04912 2000 453.219 1.04912 -2000 -0.000126198
0.86 -1.05867 2000 457.346 1.05867 -2000 -0.000126182
0.865 -1.06822 2000 461.469 1.06822 -2000 -0.000126144
0.87 -1.07775 2000 465.589 1.07775 -2000 -0.000126098
0.875 -1.08728 2000 469.705 1.08728 -2000 -0.000126011
0.88 -1.0968 2000 473.817 1.0968 -2000 -0.000125906
0.885 -1.1063 2000 477.923 1.1063 -2000 -0.000125774
0.89 -1.1158 2000 482.025 1.1158 -2000 -0.000125611
0.895 -1.12528 2000 486.122 1.12528 -2000 -0.000125438
0.9 -1.13475 2000 490.214 1.13475 -2000 -0.000125241
0.905 -1.14421 2000 494.301 1.14421 -2000 -0.000125027
0.91 -1.15366 2000 498.382 1.15366 -2000 -0.000124794
0.915 -1.16309 2000 502.456 1.16309 -2000 -0.000124531
0.92 -1.1725 2000 506.522 1.1725 -2000 -0.000124232
0.925 -1.1819 2000 510.58 1.1819 -2000 -0.000123905
0.93 -1.19128 2000 514.632 1.19128 -2000 -0.000123559
0.935 -1.20064 2000 518.675 1.20064 -2000 -0.0001232
0.94 -1.20998 2000 522.71 1.20998 -2000 -0.000122819
0.945 -1.2193 2000 526.737 1.2193 -2000 -0.000122411
0.95 -1.22859 2000 530.753 1.22859 -2000 -0.000121976
0.955 -1.23787 2000 534.76 1.23787 -2000 -0.000121515
0.96 -1.24712 2000 538.755 1.24712 -2000 -0.000121025
0.965 -1.25634 2000 542.74 1.25634 -2000 -0.000120506
0.97 -1.26554 2000 546.713 1.26554 -2000 -0.00011996
0.975 -1.27471 2000 550.675 1.27471 -2000 -0.000119392
0.98 -1.28385 2000 554.625 1.28385 -2000 -0.000118806
0.985 -1.29297 2000 558.562 1.29297 -2000 -0.000118196
0.99 -1.30205 2000 562.487 1.30205 -2000 -0.000117564
0.995 -1.31111 2000 566.4 1.31111 -2000 -0.000116916
1 -1.32014 2000 570.299 1.32014 -2000 -0.000116254
1.005 -1.32913 2000 574.186 1.32913 -2000 -0.000115573
1.01 -1.3381 2000 578.058 1.3381 -2000 -0.000114877
1.015 -1.34703 2000 581.917 1.34703 -2000 -0.000114166
1.02 -1.35593 2000 585.762 1.35593 -2000 -0.000113438
1.025 -1.36479 2000 589.591 1.36479 -2000 -0.000112689
1.03 -1.37362 2000 593.405 1.37362 -2000 -0.000111917
1.035 -1.38242 2000 597.204 1.38242 -2000 -0.000111126
1.04 -1.39117 2000 600.986 1.39117 -2000 -0.000110318
1.045 -1.39989 2000 604.752 1.39989 -2000 -0.000109489
1.05 -1.40856 2000 608.499 1.40856 -2000 -0.000108633
1.055 -1.41719 2000 612.228 1.41719 -2000 -0.000107747
1.06 -1.42578 2000 615.939 1.42578 -2000 -0.000106836
1.065 -1.43433 2000 619.631 1.43433 -2000 -0.000105905
1.07 -1.44283 2000 623.304 1.44283 -2000 -0.000104955
1.075 -1.45129 2000 626.959 1.45129 -2000 -0.000103994
1.08 -1.45971 2000 630.595 1.45971 -2000 -0.000103028
1.085 -1.46808 2000 634.211 1.46808 -2000 -0.000102049
1.09 -1.4764 2000 637.807 1.4764 -2000 -0.000101048
1.095 -1.48468 2000 641.38 1.48468 -2000 -0.000100019
1.1 -1.4929 2000 644.932 1.4929 -2000 -9.89648e-05
1.105 -1.50107 2000 648.463 1.50107 -2000 -9.78994e-05
1.11 -1.50919 2000 651.972 1.50919 -2000 -9.68267e-05
1.115 -1.51726 2000 655.458 1.51726 -2000 -9.57353e-05
1.12 -1.52528 2000 658.921 1.52528 -2000 -9.46171e-05
1.125 -1.53324 2000 662.359 1.53324 -2000 -9.34778e-05
1.13 -1.54114 2000 665.773 1.54114 -2000 -9.23227e-05
1.135 -1.54899 2000 669.162 1.54899 -2000 -9.11513e-05
1.14 -1.55677 2000 672.527 1.55677 -2000 -8.99659e-05
1.145 -1.56451 2000 675.866 1.56451 -2000 -8.877e-05
1.15 -1.57218 2000 679.181 1.57218 -2000 -8.75632e-05
1.155 -1.57979 2000 682.469 1.57979 -2000 -8.63439e-05
1.16 -1.58734 2000 685.73 1.58734 -2000 -8.51098e-05
1.165 -1.59482 2000 688.963 1.59482 -2000 -8.38582e-05
1.17 -1.60224 2000 692.169 1.60224 -2000 -8.25925e-05
1.175 -1.6096 2000 695.349 1.6096 -2000 -8.13256e-05
1.18 -1.61691 2000 698.504 1.61691 -2000 -8.00722e-05
1.185 -1.62415 2000 701.634 1.62415 -2000 -7.88363e-05
1.19 -1.63134 2000 704.737 1.63134 -2000 -7.76078e-05
1.195 -1.63845 2000 707.812 1.63845 -2000 -7.63696e-05
1.2 -1.6455 2000 710.857 1.6455 -2000 -7.51101e-05
1.205 -1.65248 2000 713.873 1.65248 -2000 -7.38331e-05
1.21 -1.6594 2000 716.859 1.6594 -2000 -7.25497e-05
1.215 -1.66624 2000 719.816 1.66624 -2000 -7.12635e-05
1.22 -1.67301 2000 722.742 1.67301 -2000 -6.99697e-05
1.225 -1.67972 2000 725.638 1.67972 -2000 -6.86675e-05
1.23 -1.68635 2000 728.504 1.68635 -2000 -6.73664e-05
1.235 -1.69292 2000 731.34 1.69292 -2000 -6.60723e-05
1.24 -1.69941 2000 734.146 1.69941 -2000 -6.47811e-05
1.245 -1.70583 2000 736.92 1.70583 -2000 -6.34881e-05
1.25 -1.71218 2000 739.662 1.71218 -2000 -6.21898e-05
1.255 -1.71845 2000 742.37 1.71845 -2000 -6.08825e-05
1.26 -1.72464 2000 745.046 1.72464 -2000 -5.95693e-05
1.265 -1.73076 2000 747.689 1.73076 -2000 -5.82586e-05
1.27 -1.7368 2000 750.299 1.7368 -2000 -5.69527e-05
1.275 -1.74277 2000 752.875 1.74277 -2000 -5.56472e-05
1.28 -1.74865 2000 755.418 1.74865 -2000 -5.43432e-05
1.285 -1.75446 2000 757.927 1.75446 -2000 -5.30461e-05
1.29 -1.76019 2000 760.403 1.76019 -2000 -5.17562e-05
1.295 -1.76584 2000 762.843 1.76584 -2000 -5.04705e-05
1.3 -1.77141 2000 765.25 1.77141 -2000 -4.919e-05
1.305 -1.7769 2000 767.622 1.7769 -2000 -4.79204e-05
1.31 -1.78232 2000 769.961 1.78232 -2000 -4.66647e-05
1.315 -1.78765 2000 772.263 1.78765 -2000 -4.54166e-05
1.32 -1.79289 2000 774.53 1.79289 -2000 -4.41705e-05
1.325 -1.79806 2000 776.762 1.79806 -2000 -4.29345e-05
1.33 -1.80315 2000 778.961 1.80315 -2000 -4.17203e-05
1.335 -1.80816 2000 781.126 1.80816 -2000 -4.05265e-05
1.34 -1.81309 2000 783.253 1.81309 -2000 -3.93389e-05
1.345 -1.81792 2000 785.342 1.81792 -2000 -3.81459e-05
1.35 -1.82267 2000 787.392 1.82267 -2000 -3.69494e-05
1.355 -1.82733 2000 789.405 1.82733 -2000 -3.57624e-05
1.36 -1.83191 2000 791.383 1.83191 -2000 -3.45954e-05
1.365 -1.8364 2000 793.324 1.8364 -2000 -3.34479e-05
1.37 -1.8408 2000 795.227 1.8408 -2000 -3.23122e-05
1.375 -1.84512 2000 797.091 1.84512 -2000 -3.11815e-05
1.38 -1.84934 2000 798.915 1.84934 -2000 -3.0059e-05
1.385 -1.85348 2000 800.704 1.85348 -2000 -2.8956e-05
1.39 -1.85754 2000 802.455 1.85754 -2000 -2.7879e-05
1.395 -1.8615 2000 804.17 1.8615 -2000 -2.68226e-05
1.4 -1.86538 2000 805.846 1.86538 -2000 -2.57817e-05
1.405 -1.86917 2000 807.483 1.86917 -2000 -2.4757e-05
1.41 -1.87288 2000 809.083 1.87288 -2000 -2.375e-05
1.415 -1.87649 2000 810.645 1.87649 -2000 -2.27617e-05
1.42 -1.88002 2000 812.168 1.88002 -2000 -2.17933e-05
1.425 -1.88346 2000 813.653 1.88346 -2000 -2.08418e-05
1.43 -1.8868 2000 815.095 1.8868 -2000 -1.98995e-05
1.435 -1.89004 2000 816.497 1.89004 -2000 -1.89657e-05
1.44 -1.89319 2000 817.859 1.89319 -2000 -1.80499e-05
1.445 -1.89625 2000 819.181 1.89625 -2000 -1.71569e-05
1.45 -1.89922 2000 820.463 1.89922 -2000 -1.6283e-05
1.455 -1.90209 2000 821.702 1.90209 -2000 -1.54232e-05
1.46 -1.90486 2000 822.899 1.90486 -2000 -1.45772e-05
1.465 -1.90754 2000 824.055 1.90754 -2000 -1.37512e-05
1.47 -1.91012 2000 825.172 1.91012 -2000 -1.29512e-05
1.475 -1.91261 2000 826.246 1.91261 -2000 -1.2174e-05
1.48 -1.91499 2000 827.275 1.91499 -2000 -1.14109e-05
1.485 -1.91726 2000 828.258 1.91726 -2000 -1.06577e-05
1.49 -1.91943 2000 829.193 1.91943 -2000 -9.91614e-06
1.495 -1.92149 2000 830.082 1.92149 -2000 -9.19279e-06
1.5 -1.92345 2000 830.929 1.92345 -2000 -8.49667e-06
1.505 -1.92531 2000 831.733 1.92531 -2000 -7.83216e-06
1.51 -1.92707 2000 832.495 1.92707 -2000 -7.19778e-06
1.515 -1.92874 2000 833.214 1.92874 -2000 -6.59186e-06
1.52 -1.9303 2000 833.889 1.9303 -2000 -6.01288e-06
1.525 -1.93175 2000 834.518 1.93175 -2000 -5.45765e-06
1.53 -1.9331 2000 835.1 1.9331 -2000 -4.92562e-06
1.535 -1.93435 2000 835.637 1.93435 -2000 -4.41962e-06
1.54 -1.93549 2000 836.13 1.93549 -2000 -3.9427e-06
1.545 -1.93653 2000 836.579 1.93653 -2000 -3.49615e-06
1.55 -1.93747 2000 836.985 1.93747 -2000 -3.07998e-06
1.555 -1.9383 2000 837.346 1.9383 -2000 -2.69285e-06
1.56 -1.93903 2000 837.662 1.93903 -2000 -2.33365e-06
1.565 -1.93966 2000 837.931 1.93966 -2000 -2.00246e-06
1.57 -1.94017 2000 838.154 1.94017 -2000 -1.70006e-06
1.575 -1.94058 2000 838.332 1.94058 -2000 -1.4271e-06
1.58 -1.94089 2000 838.466 1.94089 -2000 -1.1844e-06
1.585 -1.9411 2000 838.554 1.9411 -2000 -9.71754e-07
1.59 -1.94119 2000 838.596 1.94119 -2000 -7.89412e-07
1.595 -1.94119 2000 838.592 1.94119 -2000 -5.76118e-06
1.6 -1.94106 2000 838.54 1.94106 -2000 -1.74352e-05
1.605 -1.94083 2000 838.439 1.94083 -2000 -1.40788e-05
1.61 -1.94047 2000 838.285 1.94047 -2000 -1.13755e-05
1.615 -1.93999 2000 838.077 1.93999 -2000 -9.17545e-06
1.62 -1.93939 2000 837.818 1.93939 -2000 -7.4009e-06
1.625 -1.93868 2000 837.508 1.93868 -2000 -5.96956e-06
1.63 -1.93784 2000 837.148 1.93784 -2000 -4.81503e-06
1.635 -1.93689 2000 836.735 1.93689 -2000 -3.8838e-06
1.64 -1.93581 2000 836.271 1.93581 -2000 -3.13266e-06
1.645 -1.93462 2000 835.754 1.93462 -2000 -2.5268e-06
1.65 -1.9333 2000 835.185 1.9333 -2000 -2.03811e-06
1.655 -1.93186 2000 834.562 1.93186 -2000 -1.64394e-06
1.66 -1.9303 2000 833.888 1.9303 -2000 -1.326e-06
1.665 -1.92861 2000 833.161 1.92861 -2000 -1.06955e-06
1.67 -1.92681 2000 832.38 1.92681 -2000 -8.62693e-07
1.675 -1.92488 2000 831.548 1.92488 -2000 -6.95846e-07
1.68 -1.92283 2000 830.663 1.92283 -2000 -5.61268e-07
1.685 -1.92066 2000 829.725 1.92066 -2000 -4.52716e-07
1.69 -1.91836 2000 828.733 1.91836 -2000 -3.65159e-07
1.695 -1.91594 2000 827.687 1.91594 -2000 -2.94536e-07
1.7 -1.9134 2000 826.587 1.9134 -2000 -2.3757e-07
1.705 -1.91072 2000 825.433 1.91072 -2000 -1.91623e-07
1.71 -1.90793 2000 824.224 1.90793 -2000 -1.54561e-07
1.715 -1.90499 2000 822.957 1.90499 -2000 -1.24669e-07
1.72 -1.90192 2000 821.631 1.90192 -2000 -1.00555e-07
1.725 -1.89871 2000 820.242 1.89871 -2000 -8.11055e-08
1.73 -1.89535 2000 818.793 1.89535 -2000 -6.54182e-08
1.735 -1.89187 2000 817.289 1.89187 -2000 -5.2765e-08
1.74 -1.88827 2000 815.734 1.88827 -2000 -4.25574e-08
1.745 -1.88455 2000 814.126 1.88455 -2000 -3.43256e-08
1.75 -1.88071 2000 812.465 1.88071 -2000 -2.76853e-08
1.755 -1.87673 2000 810.749 1.87673 -2000 -2.23286e-08
1.76 -1.87263 2000 808.976 1.87263 -2000 -1.80063e-08
1.765 -1.8684 2000 807.148 1.8684 -2000 -1.45093e-08
1.77 -1.86404 2000 805.267 1.86404 -2000 -1.16296e-08
1.775 -1.85956 2000 803.332 1.85956 -2000 -9.2532e-09
1.78 -1.85496 2000 801.345 1.85496 -2000 -7.31234e-09
1.785 -1.85024 2000 799.305 1.85024 -2000 -5.82903e-09
1.79 -1.8454 2000 797.214 1.8454 -2000 -4.69503e-09
1.795 -1.84044 2000 795.069 1.84044 -2000 -3.77951e-09
1.8 -1.83535 2000 792.873 1.83535 -2000 -3.05968e-09
1.805 -1.83015 2000 790.623 1.83015 -2000 -2.46818e-09
1.81 -1.82481 2000 788.317 1.82481 -2000 -1.97517e-09
1.815 -1.81934 2000 785.955 1.81934 -2000 -1.58069e-09
1.82 -1.81375 2000 783.54 1.81375 -2000 -1.27135e-09
1.825 -1.80805 2000 781.078 1.80805 -2000 -1.02125e-09
1.83 -1.80225 2000 778.57 1.80225 -2000 -8.15289e-10
1.835 -1.79633 2000 776.014 1.79633 -2000 -6.57514e-10
1.84 -1.7903 2000 773.409 1.7903 -2000 -5.22468e-10
1.845 -1.78415 2000 770.752 1.78415 -2000 -4.10456e-10
1.85 -1.77788 2000 768.045 1.77788 -2000 -3.20257e-10
1.855 -1.7715 2000 765.287 1.7715 -2000 -2.64557e-10
1.86 -1.76499 2000 762.477 1.76499 -2000 -2.19e-10
1.865 -1.75837 2000 759.614 1.75837 -2000 -1.78812e-10
1.87 -1.75162 2000 756.702 1.75162 -2000 -1.45859e-10
1.875 -1.74477 2000 753.742 1.74477 -2000 -1.19435e-10
1.88 -1.73781 2000 750.734 1.73781 -2000 -9.97662e-11
1.885 -1.73073 2000 747.677 1.73073 -2000 -8.3934e-11
1.89 -1.72355 2000 744.572 1.72355 -2000 -7.1507e-11
1.895 -1.71625 2000 741.419 1.71625 -2000 7.91531e-12
1.9 -1.70884 2000 738.217 1.70884 -2000 6.71205e-11
1.905 -1.70131 2000 734.965 1.70131 -2000 4.79468e-11
1.91 -1.69366 2000 731.663 1.69366 -2000 3.18582e-11
1.915 -1.6859 2000 728.309 1.6859 -2000 2.06603e-11
1.92 -1.67803 2000 724.907 1.67803 -2000 1.81802e-11
1.925 -1.67005 2000 721.46 1.67005 -2000 6.35573e-11
1.93 -1.66196 2000 717.966 1.66196 -2000 9.64195e-11
1.935 -1.65375 2000 714.421 1.65375 -2000 2.7709e-11
1.94 -1.64542 2000 710.822 1.64542 -2000 -1.51327e-11
1.945 -1.63697 2000 707.17 1.63697 -2000 7.36619e-11
1.95 -1.6284 2000 703.467 1.6284 -2000 1.38994e-10
1.955 -1.6197 2000 699.71 1.6197 -2000 3.4918e-11
1.96 -1.61088 2000 695.902 1.61088 -2000 -3.89196e-11
1.965 -1.60196 2000 692.046 1.60196 -2000 8.3576e-11
1.97 -1.59292 2000 688.143 1.59292 -2000 1.73335e-10
1.975 -1.58378 2000 684.192 1.58378 -2000 4.0979e-11
1.98 -1.57452 2000 680.192 1.57452 -2000 -5.19291e-11
1.985 -1.56514 2000 676.142 1.56514 -2000 9.28489e-11
1.99 -1.55566 2000 672.044 1.55566 -2000 1.99454e-10
1.995 -1.54607 2000 667.901 1.54607 -2000 4.69589e-11
2 -1.53638 2000 663.716 1.53638 -2000 -5.98135e-11
2.005 -1.52659 2000 659.488 1.52659 -2000 1.00616e-10
2.01 -1.51671 2000 655.217 1.51671 -2000 2.20295e-10
2.015 -1.50671 2000 650.9 1.50671 -2000 5.45164e-11
2.02 -1.49661 2000 646.537 1.49661 -2000 -6.23366e-11
2.025 -1.48641 2000 642.13 1.48641 -2000 1.12131e-10
2.03 -1.4761 2000 637.676 1.4761 -2000 9.27275e-11
2.035 -1.46569 2000 633.18 1.46569 -2000 2.81856e-10
2.04 -1.45519 2000 628.642 1.45519 -2000 4.12632e-10
2.045 -1.44458 2000 624.06 1.44458 -2000 -1.56312e-11
2.05 -1.43387 2000 619.431 1.43387 -2000 -3.21324e-10
2.055 -1.42304 2000 614.753 1.42304 -2000 1.79354e-10
2.06 -1.41211 2000 610.031 1.41211 -2000 5.46551e-10
2.065 -1.40109 2000 605.269 1.40109 -2000 -3.17251e-10
2.07 -1.38997 2000 600.469 1.38997 -2000 -9.39515e-10
2.075 -1.37877 2000 595.63 1.37877 -2000 1.27757e-10
2.08 -1.36747 2000 590.749 1.36747 -2000 9.10808e-10
2.085 -1.35608 2000 585.827 1.35608 -2000 6.95258e-10
2.09 -1.34459 2000 580.864 1.34459 -2000 4.96667e-10
2.095 -1.333 2000 575.857 1.333 -2000 3.7588e-10
2.1 -1.32131 2000 570.808 1.32131 -2000 3.02451e-10
2.105 -1.30953 2000 565.717 1.30953 -2000 2.58249e-10
2.11 -1.29765 2000 560.585 1.29765 -2000 2.32844e-10
2.115 -1.28567 2000 555.409 1.28567 -2000 2.18255e-10
2.12 -1.27358 2000 550.188 1.27358 -2000 2.11222e-10
2.125 -1.2614 2000 544.923 1.2614 -2000 4.7708e-06
2.13 -1.24911 2000 539.617 1.24911 -2000 4.10575e-05
2.135 -1.23674 2000 534.27 1.23674 -2000 2.56996e-05
2.14 -1.22427 2000 528.883 1.22427 -2000 -1.86921e-05
2.145 -1.21171 2000 523.457 1.21171 -2000 -2.66073e-05
2.15 -1.19904 2000 517.987 1.19904 -2000 -7.90452e-06
2.155 -1.18628 2000 512.474 1.18628 -2000 -1.04621e-05
2.16 -1.17343 2000 506.921 1.17343 -2000 -1.84857e-05
2.165 -1.16049 2000 501.333 1.16049 -2000 -1.4909e-05
2.17 -1.14748 2000 495.71 1.14748 -2000 -1.2024e-05
2.175 -1.13437 2000 490.05 1.13437 -2000 -9.69699e-06
2.18 -1.12119 2000 484.353 1.12119 -2000 -7.81999e-06
2.185 -1.10792 2000 478.621 1.10792 -2000 -6.30597e-06
2.19 -1.09457 2000 472.854 1.09457 -2000 -5.08475e-06
2.195 -1.08113 2000 467.049 1.08113 -2000 -4.09968e-06
2.2 -1.06761 2000 461.206 1.06761 -2000 -3.3051e-06
2.205 -1.05399 2000 455.323 1.05399 -2000 -2.66416e-06
2.21 -1.04029 2000 449.405 1.04029 -2000 -2.14715e-06
2.215 -1.02652 2000 443.456 1.02652 -2000 -1.73009e-06
2.22 -1.01267 2000 437.475 1.01267 -2000 -1.39366e-06
2.225 -0.998752 2000 431.461 0.998752 -2000 -1.12225e-06
2.23 -0.984756 2000 425.415 0.984756 -2000 -9.03284e-07
2.235 -0.97069 2000 419.338 0.97069 -2000 -7.26614e-07
2.24 -0.956556 2000 413.232 0.956556 -2000 -5.8405e-07
2.245 -0.94235 2000 407.095 0.94235 -2000 -4.68985e-07
2.25 -0.928071 2000 400.927 0.928071 -2000 -3.76085e-07
2.255 -0.913722 2000 394.728 0.913722 -2000 -3.01043e-07
2.26 -0.899304 2000 388.499 0.899304 -2000 -2.40386e-07
2.265 -0.884812 2000 382.239 0.884812 -2000 -1.91301e-07
2.27 -0.870244 2000 375.945 0.870244 -2000 -1.51512e-07
2.275 -0.855602 2000 369.62 0.855602 -2000 -1.19176e-07
2.28 -0.840892 2000 363.265 0.840892 -2000 -9.27961e-08
2.285 -0.826112 2000 356.88 0.826112 -2000 -7.11511e-08
2.29 -0.811257 2000 350.463 0.811257 -2000 -5.32337e-08
2.295 -0.796331 2000 344.015 0.796331 -2000 -3.82118e-08
2.3 -0.781341 2000 337.539 0.781341 -2000 -2.53961e-08
2.305 -0.766293 2000 331.039 0.766293 -2000 -1.40242e-08
2.31 -0.751189 2000 324.513 0.751189 -2000 -4.10832e-09
2.315 -0.736027 2000 317.964 0.736027 -2000 5.346e-09
2.32 -0.720807 2000 311.389 0.720807 -2000 1.46179e-08
2.325 -0.705522 2000 304.785 0.705522 -2000 2.41156e-08
2.33 -0.690164 2000 298.151 0.690164 -2000 3.42808e-08
2.335 -0.674734 2000 291.485 0.674734 -2000 0.000161285
2.34 -0.659235 2000 284.789 0.659235 -2000 9.99798e-05
2.345 -0.643673 2000 278.067 0.643673 -2000 1.12196e-05
2.35 -0.628052 2000 271.318 0.628052 -2000 9.09393e-06
2.355 -0.612373 2000 264.545 0.612373 -2000 7.38819e-06
2.36 -0.596641 2000 257.749 0.596641 -2000 6.02156e-06
2.365 -0.580861 2000 250.932 0.580861 -2000 4.93039e-06
2.37 -0.565034 2000 244.095 0.565034 -2000 4.06376e-06
2.375 -0.549157 2000 237.236 0.549157 -2000 3.38108e-06
2.38 -0.533228 2000 230.354 0.533228 -2000 2.85021e-06
2.385 -0.517246 2000 223.45 0.517246 -2000 2.44587e-06
2.39 -0.50121 2000 216.523 0.50121 -2000 2.14843e-06
2.395 -0.485118 2000 209.571 0.485118 -2000 1.94299e-06
2.4 -0.468973 2000 202.596 0.468973 -2000 1.81851e-06
2.405 -0.452781 2000 195.601 0.452781 -2000 1.76699e-06
2.41 -0.436548 2000 188.589 0.436548 -2000 1.78319e-06
2.415 -0.420279 2000 181.56 0.420279 -2000 0.00029586
2.42 -0.403975 2000 174.517 0.403975 -2000 8.5425e-05
2.425 -0.387632 2000 167.457 0.387632 -2000 -0.000129432
2.43 -0.371253 2000 160.381 0.371253 -2000 -3.83936e-05
2.435 -0.354832 2000 153.287 0.354832 -2000 -8.75182e-05
2.44 -0.338368 2000 146.175 0.338368 -2000 -6.93534e-05
2.445 -0.321865 2000 139.046 0.321865 -2000 -5.45175e-05
2.45 -0.305328 2000 131.902 0.305328 -2000 -4.23263e-05
2.455 -0.288759 2000 124.744 0.288759 -2000 -3.22433e-05
2.46 -0.272168 2000 117.576 0.272168 -2000 0.000428541
2.465 -0.255556 2000 110.4 0.255556 -2000 0.000406771
2.47 -0.238928 2000 103.216 0.238928 -2000 0.000331689
2.475 -0.222285 2000 96.0267 0.222285 -2000 0.000271416
2.48 -0.20562 2000 88.8278 0.20562 -2000 0.000223271
2.485 -0.188931 2000 81.6176 0.188931 -2000 0.000588909
2.49 -0.172237 2000 74.4066 0.172237 -2000 -0.000138722
2.495 -0.155534 2000 67.1917 0.155534 -2000 -0.000918548
2.5 -0.13884 2000 59.9793 0.13884 -2000 -0.00046477
2.505 -0.122149 2000 52.7681 0.122149 -2000 0.000341534
2.51 -0.105468 2000 45.5616 0.105468 -2000 0.000442158
2.515 -0.0887757 2000 38.3507 0.0887757 -2000 0.000372795
2.52 -0.0721167 2000 31.1534 0.0721167 -2000 0.00101598
2.525 -0.0554855 2000 23.9687 0.0554855 -2000 0.00100961
2.53 -0.038899 2000 16.8029 0.038899 -2000 0.00151266
2.535 -0.0223649 2000 9.66012 0.0223649 -2000 0.00151399
2.54 -0.00583723 2000 2.52042 0.00583723 -2000 0.0012611
2.545 0.0107017 2000 -4.62419 -0.0107017 -2000 0.00105721
2.55 0.0271853 2000 -11.7452 -0.0271853 -2000 0.0011967
2.555 0.0436681 2000 -18.8659 -0.0436681 -2000 0.0012617
2.56 0.0600339 1999.99 -25.9355 -0.0600339 -1999.99 0.000806598
2.565 0.0763059 1999.99 -32.9634 -0.0763059 -1999.99 -0.000768276
2.57 0.0923275 1999.99 -39.8853 -0.0923275 -1999.99 -0.000172291
2.575 0.107916 1999.99 -46.6281 -0.107916 -1999.99 0.00821161
2.58 0.123218 1999.99 -53.2532 -0.123218 -1999.99 0.0229719
2.585 0.138542 1999.99 -59.8735 -0.138542 -1999.99 0.0233785
2.59 0.153874 1999.99 -66.4925 -0.153874 -1999.99 0.0190184
2.595 0.169196 1999.99 -73.1081 -0.169196 -1999.99 0.0154997
2.6 0.184507 1999.99 -79.7196 -0.184507 -1999.99 0.0126581
2.605 0.199806 1999.99 -86.3264 -0.199806 -1999.99 0.0103616
2.61 0.215091 2000 -92.9277 -0.215091 -2000 0.00850384
2.615 0.230352 2000 -99.5192 -0.230352 -2000 0.00699935
2.62 0.245582 2000 -106.097 -0.245582 -2000 0.00577931
2.625 0.260784 2000 -112.664 -0.260784 -2000 0.00478866
2.63 0.275975 2000 -119.225 -0.275975 -2000 0.00398332
2.635 0.291162 2000 -125.785 -0.291162 -2000 0.00332793
2.64 0.306349 2000 -132.345 -0.306349 -2000 0.00279381
2.645 0.32153 2000 -138.903 -0.32153 -2000 0.00235779
2.65 0.3367 2000 -145.456 -0.3367 -2000 0.00200119
2.655 0.351851 2000 -152.001 -0.351851 -2000 0.001709
2.66 0.366984 2000 -158.539 -0.366984 -2000 0.00146915
2.665 0.382104 2000 -165.07 -0.382104 -2000 0.00127197
2.67 0.397212 2000 -171.597 -0.397212 -2000 0.00110962
2.675 0.412306 2000 -178.117 -0.412306 -2000 0.000975721
2.68 0.42738 2000 -184.629 -0.42738 -2000 0.000865053
2.685 0.442427 2000 -191.129 -0.442427 -2000 0.000773353
2.69 0.457446 2000 -197.618 -0.457446 -2000 0.000697198
2.695 0.472449 2000 -204.099 -0.472449 -2000 0.000633891
2.7 0.487441 2000 -210.575 -0.487441 -2000 0.000581245
2.705 0.50242 2000 -217.046 -0.50242 -2000 0.000537399
2.71 0.517382 2000 -223.509 -0.517382 -2000 0.000500773
2.715 0.532318 2000 -229.962 -0.532318 -2000 0.000470062
2.72 0.547224 2000 -236.401 -0.547224 -2000 0.000444197
2.725 0.562108 2000 -242.831 -0.562108 -2000 0.000422371
2.73 0.576988 2000 -249.259 -0.576988 -2000 0.000404035
2.735 0.591874 2000 -255.69 -0.591874 -2000 0.000388728
2.74 0.606745 2000 -262.114 -0.606745 -2000 0.000375855
2.745 0.62158 2000 -268.523 -0.62158 -2000 0.000364805
2.75 0.636383 2000 -274.918 -0.636383 -2000 0.00035524
2.755 0.651171 2000 -281.306 -0.651171 -2000 0.000347041
2.76 0.665945 2000 -287.688 -0.665945 -2000 0.00034005
2.765 0.680692 2000 -294.059 -0.680692 -2000 0.000334002
2.77 0.695404 2000 -300.415 -0.695404 -2000 0.000328654
2.775 0.710075 2000 -306.753 -0.710075 -2000 0.000323854
2.78 0.724703 2000 -313.072 -0.724703 -2000 0.000319494
2.785 0.739289 2000 -319.373 -0.739289 -2000 0.000315506
2.79 0.753843 2000 -325.66 -0.753843 -2000 0.000311876
2.795 0.768366 2000 -331.935 -0.768366 -2000 0.000308606
2.8 0.782848 2000 -338.191 -0.782848 -2000 0.000305591
2.805 0.79728 2000 -344.425 -0.79728 -2000 0.000302713
2.81 0.811667 2000 -350.641 -0.811667 -2000 0.000299963
2.815 0.826021 2000 -356.842 -0.826021 -2000 0.000297367
2.82 0.840339 2000 -363.027 -0.840339 -2000 0.000294971
2.825 0.854612 2000 -369.193 -0.854612 -2000 0.000292677
2.83 0.868836 2000 -375.337 -0.868836 -2000 0.000290426
2.835 0.883017 2000 -381.464 -0.883017 -2000 0.000288239
2.84 0.897162 2000 -387.574 -0.897162 -2000 0.000286157
2.845 0.911269 2000 -393.669 -0.911269 -2000 0.00028418
2.85 0.925333 2000 -399.744 -0.925333 -2000 0.000282258
2.855 0.93935 2000 -405.799 -0.93935 -2000 0.000280346
2.86 0.953311 2000 -411.83 -0.953311 -2000 0.000278401
2.865 0.967203 2000 -417.832 -0.967203 -2000 0.000276349
2.87 0.98103 2000 -423.805 -0.98103 -2000 0.000274183
2.875 0.994808 2000 -429.758 -0.994808 -2000 0.00027202
2.88 1.00855 2000 -435.694 -1.00855 -2000 0.000269973
2.885 1.02225 2000 -441.612 -1.02225 -2000 0.000268039
2.89 1.0359 2000 -447.507 -1.0359 -2000 0.000266122
2.895 1.04947 2000 -453.371 -1.04947 -2000 0.000264098
2.9 1.06297 2000 -459.201 -1.06297 -2000 0.000261908
2.905 1.0764 2000 -465.003 -1.0764 -2000 0.000259642
2.91 1.08977 2000 -470.782 -1.08977 -2000 0.000257418
2.915 1.1031 2000 -476.54 -1.1031 -2000 0.000255278
2.92 1.11638 2000 -482.274 -1.11638 -2000 0.000253196
2.925 1.1296 2000 -487.986 -1.1296 -2000 0.00025114
2.93 1.14276 2000 -493.674 -1.14276 -2000 0.000249104
2.935 1.15587 2000 -499.338 -1.15587 -2000 0.000247102
2.94 1.16893 2000 -504.979 -1.16893 -2000 0.000245111
2.945 1.18193 2000 -510.595 -1.18193 -2000 0.000243133
2.95 1.19487 2000 -516.184 -1.19487 -2000 0.000241124
2.955 1.20775 2000 -521.747 -1.20775 -2000 0.000239082
2.96 1.22057 2000 -527.286 -1.22057 -2000 0.000237049
2.965 1.23334 2000 -532.802 -1.23334 -2000 0.000235043
2.97 1.24603 2000 -538.287 -1.24603 -2000 0.000232999
2.975 1.25865 2000 -543.737 -1.25865 -2000 0.000230823
2.98 1.27118 2000 -549.152 -1.27118 -2000 0.000228518
2.985 1.28366 2000 -554.54 -1.28366 -2000 0.000226201
2.99 1.29608 2000 -559.907 -1.29608 -2000 0.000223982
2.995 1.30846 2000 -565.253 -1.30846 -2000 0.000221881
3 1.32077 2000 -570.573 -1.32077 -2000 0.000219829
3.005 1.33302 2000 -575.866 -1.33302 -2000 0.000217762
3.01 1.34521 2000 -581.13 -1.34521 -2000 0.00021567
3.015 1.35733 2000 -586.368 -1.35733 -2000 0.00021358
3.02 1.36939 2000 -591.578 -1.36939 -2000 0.0002115
3.025 1.38138 2000 -596.756 -1.38138 -2000 0.000209372
3.03 1.39328 2000 -601.896 -1.39328 -2000 0.000207124
3.035 1.40509 2000 -606.997 -1.40509 -2000 0.00020475
3.04 1.41682 2000 -612.066 -1.41682 -2000 0.000202321
3.045 1.42848 2000 -617.105 -1.42848 -2000 0.000199924
3.05 1.44008 2000 -622.116 -1.44008 -2000 0.000197586
3.055 1.45161 2000 -627.097 -1.45161 -2000 0.000195276
3.06 1.46307 2000 -632.047 -1.46307 -2000 0.000192975
3.065 1.47446 2000 -636.967 -1.47446 -2000 0.000190702
3.07 1.48578 2000 -641.855 -1.48578 -2000 0.000188438
3.075 1.49699 2000 -646.702 -1.49699 -2000 0.000186084
3.08 1.5081 2000 -651.501 -1.5081 -2000 0.000183557
3.085 1.51912 2000 -656.258 -1.51912 -2000 0.000180903
3.09 1.53005 2000 -660.981 -1.53005 -2000 0.00017825
3.095 1.54091 2000 -665.673 -1.54091 -2000 0.000175694
3.1 1.5517 2000 -670.334 -1.5517 -2000 0.000173218
3.105 1.5624 2000 -674.959 -1.5624 -2000 0.000170763
3.11 1.57303 2000 -679.55 -1.57303 -2000 0.000168324
3.115 1.58359 2000 -684.11 -1.58359 -2000 0.000165936
3.12 1.59407 2000 -688.64 -1.59407 -2000 0.000163614
3.125 1.60448 2000 -693.135 -1.60448 -2000 0.000161315
3.13 1.6148 2000 -697.595 -1.6148 -2000 0.000159007
3.135 1.62505 2000 -702.023 -1.62505 -2000 0.000156726
3.14 1.63524 2000 -706.422 -1.63524 -2000 0.000154511
3.145 1.64534 2000 -710.787 -1.64534 -2000 0.000152318
3.15 1.65535 2000 -715.113 -1.65535 -2000 0.000150081
3.155 1.66527 2000 -719.398 -1.66527 -2000 0.000147781
3.16 1.67509 2000 -723.64 -1.67509 -2000 0.000145411
3.165 1.6848 2000 -727.835 -1.6848 -2000 0.000142946
3.17 1.69441 2000 -731.985 -1.69441 -2000 0.000140399
3.175 1.70392 2000 -736.093 -1.70392 -2000 0.000137831
3.18 1.71332 2000 -740.156 -1.71332 -2000 0.000135254
3.185 1.72261 2000 -744.166 -1.72261 -2000 0.000132594
3.19 1.73177 2000 -748.125 -1.73177 -2000 0.000129837
3.195 1.74084 2000 -752.043 -1.74084 -2000 0.000127099
3.2 1.74984 2000 -755.93 -1.74984 -2000 0.000124506
3.205 1.75876 2000 -759.784 -1.75876 -2000 0.000122061
3.21 1.76759 2000 -763.598 -1.76759 -2000 0.000119684
3.215 1.77631 2000 -767.367 -1.77631 -2000 0.000117291
3.22 1.78492 2000 -771.085 -1.78492 -2000 0.000114826
3.225 1.79341 2000 -774.751 -1.79341 -2000 0.000112286
3.23 1.80179 2000 -778.375 -1.80179 -2000 0.000109745
3.235 1.8101 2000 -781.964 -1.8101 -2000 0.000107303
3.24 1.81834 2000 -785.522 -1.81834 -2000 0.000105007
3.245 1.8265 2000 -789.049 -1.8265 -2000 0.00010284
3.25 1.83459 2000 -792.541 -1.83459 -2000 0.000100751
3.255 1.84258 2000 -795.993 -1.84258 -2000 9.86842e-05
3.26 1.85046 2000 -799.399 -1.85046 -2000 9.65838e-05
3.265 1.85824 2000 -802.759 -1.85824 -2000 9.44347e-05
3.27 1.86592 2000 -806.076 -1.86592 -2000 9.22725e-05
3.275 1.8735 2000 -809.354 -1.8735 -2000 9.01391e-05
3.28 1.881 2000 -812.592 -1.881 -2000 8.80459e-05
3.285 1.88839 2000 -815.786 -1.88839 -2000 8.59674e-05
3.29 1.89567 2000 -818.931 -1.89567 -2000 8.38568e-05
3.295 1.90284 2000 -822.026 -1.90284 -2000 8.16963e-05
3.3 1.90989 2000 -825.073 -1.90989 -2000 7.95216e-05
3.305 1.91684 2000 -828.076 -1.91684 -2000 7.73669e-05
3.31 1.92368 2000 -831.032 -1.92368 -2000 7.52316e-05
3.315 1.93042 2000 -833.94 -1.93042 -2000 7.3108e-05
3.32 1.93704 2000 -836.801 -1.93704 -2000 7.09958e-05
3.325 1.94356 2000 -839.62 -1.94356 -2000 6.89212e-05
3.33 1.95001 2000 -842.403 -1.95001 -2000 6.69359e-05
3.335 1.95637 2000 -845.151 -1.95637 -2000 6.50575e-05
3.34 1.96264 2000 -847.861 -1.96264 -2000 6.32488e-05
3.345 1.96881 2000 -850.526 -1.96881 -2000 6.14588e-05
3.35 1.97487 2000 -853.144 -1.97487 -2000 5.9662e-05
3.355 1.98083 2000 -855.718 -1.98083 -2000 5.78687e-05
3.36 1.9867 2000 -858.253 -1.9867 -2000 5.61124e-05
3.365 1.99248 2000 -860.753 -1.99248 -2000 5.4428e-05
3.37 1.99819 2000 -863.219 -1.99819 -2000 5.2826e-05
3.375 2.00381 2000 -865.647 -2.00381 -2000 5.12763e-05
3.38 2.00933 2000 -868.032 -2.00933 -2000 4.97338e-05
3.385 2.01475 2000 -870.371 -2.01475 -2000 4.81822e-05
3.39 2.02006 2000 -872.664 -2.02006 -2000 4.66224e-05
3.395 2.02525 2000 -874.906 -2.02525 -2000 4.50384e-05
3.4 2.03031 2000 -877.095 -2.03031 -2000 4.34178e-05
3.405 2.03526 2000 -879.232 -2.03526 -2000 4.17794e-05
3.41 2.0401 2000 -881.322 -2.0401 -2000 4.01543e-05
3.415 2.04484 2000 -883.37 -2.04484 -2000 3.85763e-05
3.42 2.0495 2000 -885.384 -2.0495 -2000 3.70845e-05
3.425 2.05409 2000 -887.366 -2.05409 -2000 3.56918e-05
3.43 2.05859 2000 -889.31 -2.05859 -2000 3.43647e-05
3.435 2.06299 2000 -891.212 -2.06299 -2000 3.3065e-05
3.44 2.0673 2000 -893.072 -2.0673 -2000 3.17862e-05
3.445 2.0715 2000 -894.889 -2.0715 -2000 3.05292e-05
3.45 2.07561 2000 -896.663 -2.07561 -2000 2.92864e-05
3.455 2.07962 2000 -898.397 -2.07962 -2000 2.80682e-05
3.46 2.08355 2000 -900.094 -2.08355 -2000 2.68986e-05
3.465 2.08739 2000 -901.751 -2.08739 -2000 2.57658e-05
3.47 2.09111 2000 -903.361 -2.09111 -2000 2.46365e-05
3.475 2.09474 2000 -904.927 -2.09474 -2000 2.35136e-05
3.48 2.09828 2000 -906.456 -2.09828 -2000 2.24282e-05
3.485 2.10173 2000 -907.945 -2.10173 -2000 2.13859e-05
3.49 2.10506 2000 -909.388 -2.10506 -2000 2.03558e-05
3.495 2.10828 2000 -910.777 -2.10828 -2000 1.93103e-05
3.5 2.11137 2000 -912.112 -2.11137 -2000 1.82499e-05
3.505 2.11434 2000 -913.397 -2.11434 -2000 1.71938e-05
3.51 2.11721 2000 -914.636 -2.11721 -2000 1.6165e-05
3.515 2.11998 2000 -915.831 -2.11998 -2000 1.51761e-05
3.52 2.12264 2000 -916.979 -2.12264 -2000 1.42217e-05
3.525 2.12518 2000 -918.077 -2.12518 -2000 1.32887e-05
3.53 2.12761 2000 -919.125 -2.12761 -2000 1.23761e-05
3.535 2.12992 2000 -920.126 -2.12992 -2000 1.14936e-05
3.54 2.13212 2000 -921.078 -2.13212 -2000 1.06421e-05
3.545 2.13421 2000 -921.978 -2.13421 -2000 9.81614e-06
3.55 2.13619 2000 -922.832 -2.13619 -2000 9.02323e-06
3.555 2.13806 2000 -923.643 -2.13806 -2000 8.27513e-06
3.56 2.13984 2000 -924.409 -2.13984 -2000 7.56864e-06
3.565 2.14151 2000 -925.132 -2.14151 -2000 6.90132e-06
3.57 2.14311 2000 -925.821 -2.14311 -2000 6.28367e-06
3.575 2.14463 2000 -926.481 -2.14463 -2000 5.72327e-06
3.58 2.14608 2000 -927.107 -2.14608 -2000 5.21172e-06
3.585 2.14744 2000 -927.696 -2.14744 -2000 4.73449e-06
3.59 2.14871 2000 -928.242 -2.14871 -2000 4.28064e-06
3.595 2.14986 2000 -928.738 -2.14986 -2000 3.84098e-06
3.6 2.15088 2000 -929.179 -2.15088 -2000 3.41064e-06
3.605 2.15177 2000 -929.566 -2.15177 -2000 2.99393e-06
3.61 2.15255 2000 -929.901 -2.15255 -2000 2.59897e-06
3.615 2.15321 2000 -930.188 -2.15321 -2000 2.23275e-06
3.62 2.15376 2000 -930.425 -2.15376 -2000 1.89765e-06
3.625 2.15419 2000 -930.609 -2.15419 -2000 1.59244e-06
3.63 2.15448 2000 -930.737 -2.15448 -2000 1.3175e-06
3.635 2.15466 2000 -930.812 -2.15466 -2000 1.07648e-06
3.64 2.15471 2000 -930.837 -2.15471 -2000 8.71488e-07
3.645 2.15466 2000 -930.813 -2.15466 -2000 2.72212e-05
3.65 2.1545 2000 -930.746 -2.1545 -2000 4.89216e-05
3.655 2.15426 2000 -930.639 -2.15426 -2000 3.94601e-05
3.66 2.15391 2000 -930.489 -2.15391 -2000 3.18285e-05
3.665 2.15343 2000 -930.283 -2.15343 -2000 2.56728e-05
3.67 2.15281 2000 -930.013 -2.15281 -2000 2.07076e-05
3.675 2.15205 2000 -929.685 -2.15205 -2000 1.67027e-05
3.68 2.15118 2000 -929.31 -2.15118 -2000 1.34724e-05
3.685 2.15021 2000 -928.889 -2.15021 -2000 1.08668e-05
3.69 2.14911 2000 -928.417 -2.14911 -2000 8.76514e-06
3.695 2.14788 2000 -927.883 -2.14788 -2000 7.06995e-06
3.7 2.1465 2000 -927.289 -2.1465 -2000 5.70261e-06
3.705 2.14501 2000 -926.642 -2.14501 -2000 4.59971e-06
3.71 2.1434 2000 -925.949 -2.1434 -2000 3.71012e-06
3.715 2.14169 2000 -925.209 -2.14169 -2000 2.99258e-06
3.72 2.13987 2000 -924.424 -2.13987 -2000 2.41381e-06
3.725 2.13796 2000 -923.599 -2.13796 -2000 1.94697e-06
3.73 2.13597 2000 -922.737 -2.13597 -2000 1.57042e-06
3.735 2.13387 2000 -921.833 -2.13387 -2000 1.2667e-06
3.74 2.13166 2000 -920.877 -2.13166 -2000 1.02172e-06
3.745 2.12932 2000 -919.868 -2.12932 -2000 8.24117e-07
3.75 2.12687 2000 -918.81 -2.12687 -2000 6.64732e-07
3.755 2.12431 2000 -917.703 -2.12431 -2000 5.36171e-07
3.76 2.12165 2000 -916.554 -2.12165 -2000 4.32475e-07
3.765 2.1189 2000 -915.367 -2.1189 -2000 3.48833e-07
3.77 2.11607 2000 -914.142 -2.11607 -2000 2.81369e-07
3.775 2.11315 2000 -912.879 -2.11315 -2000 2.26952e-07
3.78 2.11013 2000 -911.575 -2.11013 -2000 1.83059e-07
3.785 2.107 2000 -910.222 -2.107 -2000 1.47655e-07
3.79 2.10375 2000 -908.819 -2.10375 -2000 1.19098e-07
3.795 2.10038 2000 -907.363 -2.10038 -2000 9.60645e-08
3.8 2.09689 2000 -905.857 -2.09689 -2000 7.74851e-08
3.805 2.09329 2000 -904.299 -2.09329 -2000 6.24998e-08
3.81 2.08955 2000 -902.688 -2.08955 -2000 5.04119e-08
3.815 2.08571 2000 -901.025 -2.08571 -2000 4.06617e-08
3.82 2.08175 2000 -899.316 -2.08175 -2000 3.27975e-08
3.825 2.07767 2000 -897.555 -2.07767 -2000 2.64567e-08
3.83 2.07347 2000 -895.74 -2.07347 -2000 2.13398e-08
3.835 2.06916 2000 -893.876 -2.06916 -2000 1.71391e-08
3.84 2.06474 2000 -891.967 -2.06474 -2000 1.36417e-08
3.845 2.06022 2000 -890.014 -2.06022 -2000 1.07856e-08
3.85 2.0556 2000 -888.02 -2.0556 -2000 8.59108e-09
3.855 2.0509 2000 -885.988 -2.0509 -2000 6.95425e-09
3.86 2.04611 2000 -883.917 -2.04611 -2000 5.60414e-09
3.865 2.04121 2000 -881.804 -2.04121 -2000 4.52819e-09
3.87 2.03622 2000 -879.649 -2.03622 -2000 3.67774e-09
3.875 2.03114 2000 -877.454 -2.03114 -2000 2.94755e-09
3.88 2.02597 2000 -875.22 -2.02597 -2000 2.35296e-09
3.885 2.0207 2000 -872.942 -2.0207 -2000 1.8987e-09
3.89 2.01533 2000 -870.622 -2.01533 -2000 1.53217e-09
3.895 2.00986 2000 -868.258 -2.00986 -2000 1.23577e-09
3.9 2.00427 2000 -865.844 -2.00427 -2000 9.94027e-10
3.905 1.99856 2000 -863.376 -1.99856 -2000 8.04637e-10
3.91 1.99274 2000 -860.864 -1.99274 -2000 6.44744e-10
3.915 1.98684 2000 -858.314 -1.98684 -2000 5.13788e-10
3.92 1.98085 2000 -855.725 -1.98085 -2000 4.10008e-10
3.925 1.97476 2000 -853.097 -1.97476 -2000 3.3596e-10
3.93 1.9686 2000 -850.434 -1.9686 -2000 2.79433e-10
3.935 1.96236 2000 -847.74 -1.96236 -2000 2.29473e-10
3.94 1.95605 2000 -845.011 -1.95605 -2000 1.90616e-10
3.945 1.94965 2000 -842.249 -1.94965 -2000 1.60076e-10
3.95 1.94318 2000 -839.456 -1.94318 -2000 1.35723e-10
3.955 1.93665 2000 -836.633 -1.93665 -2000 1.17406e-10
3.96 1.93004 2000 -833.778 -1.93004 -2000 1.0402e-10
3.965 1.92335 2000 -830.888 -1.92335 -2000 4.28238e-11
3.97 1.91659 2000 -827.967 -1.91659 -2000 -4.04865e-12
3.975 1.90976 2000 -825.016 -1.90976 -2000 -5.50356e-12
3.98 1.90286 2000 -822.034 -1.90286 -2000 -2.7947e-12
3.985 1.89588 2000 -819.02 -1.89588 -2000 2.71498e-11
3.99 1.88882 2000 -815.971 -1.88882 -2000 4.19315e-11
3.995 1.88168 2000 -812.885 -1.88168 -2000 -2.17706e-11
4 1.87445 2000 -809.762 -1.87445 -2000 -6.53686e-11
4.005 1.86713 2000 -806.599 -1.86713 -2000 2.14608e-11
4.01 1.85971 2000 -803.395 -1.85971 -2000 8.13955e-11
4.015 1.85221 2000 -800.153 -1.85221 -2000 -2.63244e-11
4.02 1.8446 2000 -796.869 -1.8446 -2000 -1.04915e-10
4.025 1.83691 2000 -793.543 -1.83691 -2000 2.12027e-11
4.03 1.82912 2000 -790.178 -1.82912 -2000 1.09397e-10
4.035 1.82125 2000 -786.778 -1.82125 -2000 -2.95583e-11
4.04 1.8133 2000 -783.345 -1.8133 -2000 -5.34511e-11
4.045 1.80526 2000 -779.874 -1.80526 -2000 -5.64634e-11
4.05 1.79714 2000 -776.364 -1.79714 -2000 -5.99998e-11
4.055 1.78892 2000 -772.815 -1.78892 -2000 5.83259e-11
4.06 1.78062 2000 -769.229 -1.78062 -2000 1.42756e-10
4.065 1.77226 2000 -765.617 -1.77226 -2000 -1.21332e-10
4.07 1.76386 2000 -761.989 -1.76386 -2000 -3.062e-10
4.075 1.75542 2000 -758.342 -1.75542 -2000 5.4091e-11
4.08 1.74691 2000 -754.667 -1.74691 -2000 3.17709e-10
4.085 1.73832 2000 -750.956 -1.73832 -2000 -5.3116e-11
4.09 1.72965 2000 -747.209 -1.72965 -2000 -3.26478e-10
4.095 1.72091 2000 -743.433 -1.72091 -2000 1.05541e-10
4.1 1.71212 2000 -739.634 -1.71212 -2000 4.20799e-10
4.105 1.70328 2000 -735.815 -1.70328 -2000 -5.44131e-10
4.11 1.69437 2000 -731.97 -1.69437 -2000 -1.23404e-09
4.115 1.6854 2000 -728.095 -1.6854 -2000 -3.22472e-10
4.12 1.67638 2000 -724.195 -1.67638 -2000 3.55541e-10
4.125 1.6673 2000 -720.276 -1.6673 -2000 -1.58751e-07
4.13 1.65818 2000 -716.332 -1.65818 -2000 -4.8954e-07
4.135 1.64898 2000 -712.358 -1.64898 -2000 -7.95562e-07
4.14 1.6397 2000 -708.351 -1.6397 -2000 -1.44175e-06
4.145 1.63036 2000 -704.316 -1.63036 -2000 -1.16294e-06
4.15 1.62097 2000 -700.26 -1.62097 -2000 -9.38056e-07
4.155 1.61154 2000 -696.186 -1.61154 -2000 6.39736e-08
4.16 1.60207 2000 -692.095 -1.60207 -2000 7.67188e-07
4.165 1.59255 2000 -687.982 -1.59255 -2000 6.1879e-07
4.17 1.58298 2000 -683.847 -1.58298 -2000 4.99093e-07
4.175 1.57336 2000 -679.692 -1.57336 -2000 1.4831e-06
4.18 1.5637 2000 -675.518 -1.5637 -2000 1.80812e-06
4.185 1.55398 2000 -671.318 -1.55398 -2000 1.45841e-06
4.19 1.5442 2000 -667.092 -1.5442 -2000 1.17633e-06
4.195 1.53435 2000 -662.838 -1.53435 -2000 9.48798e-07
4.2 1.52443 2000 -658.554 -1.52443 -2000 7.65273e-07
4.205 1.51444 2000 -654.238 -1.51444 -2000 6.17242e-07
4.21 1.50438 2000 -649.893 -1.50438 -2000 4.97839e-07
4.215 1.49426 2000 -645.522 -1.49426 -2000 4.01528e-07
4.22 1.48409 2000 -641.129 -1.48409 -2000 3.23842e-07
4.225 1.47389 2000 -636.72 -1.47389 -2000 2.6118e-07
4.23 1.46365 2000 -632.299 -1.46365 -2000 2.10637e-07
4.235 1.45339 2000 -627.865 -1.45339 -2000 1.69868e-07
4.24 1.44309 2000 -623.417 -1.44309 -2000 1.36982e-07
4.245 1.43276 2000 -618.952 -1.43276 -2000 1.10455e-07
4.25 1.42239 2000 -614.473 -1.42239 -2000 8.90573e-08
4.255 1.412 2000 -609.983 -1.412 -2000 7.17972e-08
4.26 1.40157 2000 -605.48 -1.40157 -2000 5.78734e-08
4.265 1.39111 2000 -600.959 -1.39111 -2000 4.6642e-08
4.27 1.3806 2000 -596.419 -1.3806 -2000 3.75816e-08
4.275 1.37005 2000 -591.863 -1.37005 -2000 3.02723e-08
4.28 1.35948 2000 -587.295 -1.35948 -2000 2.43747e-08
4.285 1.34888 2000 -582.714 -1.34888 -2000 1.96161e-08
4.29 1.33824 2000 -578.119 -1.33824 -2000 1.57763e-08
4.295 1.32756 2000 -573.506 -1.32756 -2000 1.26779e-08
4.3 1.31685 2000 -568.879 -1.31685 -2000 1.01763e-08
4.305 1.30611 2000 -564.241 -1.30611 -2000 8.15767e-09
4.31 1.29536 2000 -559.595 -1.29536 -2000 6.52776e-09
4.315 1.28458 2000 -554.937 -1.28458 -2000 5.21143e-09
4.32 1.27376 2000 -550.263 -1.27376 -2000 3.82318e-09
4.325 1.2629 2000 -545.574 -1.2629 -2000 4.25118e-09
4.33 1.25202 2000 -540.873 -1.25202 -2000 2.01923e-09
4.335 1.24113 2000 -536.168 -1.24113 -2000 1.86846e-09
4.34 1.23023 2000 -531.459 -1.23023 -2000 1.90134e-09
4.345 1.21932 2000 -526.745 -1.21932 -2000 7.99613e-10
4.35 1.20838 2000 -522.018 -1.20838 -2000 2.67555e-10
4.355 1.19738 2000 -517.269 -1.19738 -2000 9.25656e-10
4.36 1.18634 2000 -512.499 -1.18634 -2000 1.40376e-09
4.365 1.17528 2000 -507.72 -1.17528 -2000 3.06065e-10
4.37 1.16422 2000 -502.944 -1.16422 -2000 -4.94478e-10
4.375 1.15318 2000 -498.172 -1.15318 -2000 -6.25197e-10
4.38 1.14212 2000 -493.396 -1.14212 -2000 -6.71026e-10
4.385 1.13105 2000 -488.613 -1.13105 -2000 -6.99517e-10
4.39 1.11997 2000 -483.829 -1.11997 -2000 -7.1635e-10
4.395 1.1089 2000 -479.047 -1.1089 -2000 -4.30027e-10
4.4 1.09783 2000 -474.262 -1.09783 -2000 -2.32561e-10
4.405 1.08673 2000 -469.465 -1.08673 -2000 -1.18504e-10
4.41 1.07559 2000 -464.657 -1.07559 -2000 -5.50607e-11
4.415 1.06445 2000 -459.844 -1.06445 -2000 -3.7153e-10
4.42 1.05332 2000 -455.036 -1.05332 -2000 -6.00984e-10
4.425 1.0422 2000 -450.231 -1.0422 -2000 -7.4082e-10
4.43 1.03106 2000 -445.417 -1.03106 -2000 -4.18444e-10
4.435 1.01988 2000 -440.589 -1.01988 -2000 -1.91682e-10
4.44 1.00869 2000 -435.753 -1.00869 -2000 -6.05079e-11
4.445 0.997501 2000 -430.92 -0.997501 -2000 1.05233e-11
4.45 0.986331 2000 -426.095 -0.986331 -2000 4.43859e-11
4.455 0.975173 2000 -421.275 -0.975173 -2000 -8.84568e-11
4.46 0.964016 2000 -416.455 -0.964016 -2000 -2.90824e-10
4.465 0.952855 2000 -411.634 -0.952855 -2000 -4.30338e-10
4.47 0.941696 2000 -406.813 -0.941696 -2000 -5.1961e-10
4.475 0.930549 2000 -401.997 -0.930549 -2000 -5.79082e-10
4.48 0.919407 2000 -397.184 -0.919407 -2000 -6.20601e-10
4.485 0.908245 2000 -392.362 -0.908245 -2000 -6.49945e-10
4.49 0.897037 2000 -387.52 -0.897037 -2000 -6.7369e-10
4.495 0.885783 2000 -382.658 -0.885783 -2000 -6.94683e-10
4.5 0.874508 2000 -377.787 -0.874508 -2000 -7.14385e-10
4.505 0.863232 2000 -372.916 -0.863232 -2000 -7.3081e-10
4.51 0.851962 2000 -368.048 -0.851962 -2000 -7.46297e-10
4.515 0.840696 2000 -363.181 -0.840696 -2000 -7.62439e-10
4.52 0.829431 2000 -358.314 -0.829431 -2000 -7.77679e-10
4.525 0.818182 2000 -353.455 -0.818182 -2000 -7.94065e-10
4.53 0.806969 2000 -348.611 -0.806969 -2000 -8.74918e-10
4.535 0.7958 2000 -343.785 -0.7958 -2000 -9.34848e-10
4.54 0.784663 2000 -338.974 -0.784663 -2000 -9.76195e-10
4.545 0.773546 2000 -334.172 -0.773546 -2000 -1.00494e-09
4.55 0.762445 2000 -329.376 -0.762445 -2000 -1.0281e-09
4.555 0.751358 2000 -324.587 -0.751358 -2000 -1.04814e-09
4.56 0.740287 2000 -319.804 -0.740287 -2000 -1.06574e-09
4.565 0.729229 2000 -315.027 -0.729229 -2000 -1.08171e-09
4.57 0.718171 2000 -310.25 -0.718171 -2000 -1.09699e-09
4.575 0.707103 2000 -305.468 -0.707103 -2000 -1.11326e-09
4.58 0.696032 2000 -300.686 -0.696032 -2000 -1.13083e-09
4.585 0.684984 2000 -295.913 -0.684984 -2000 -1.14708e-09
4.59 0.673976 2000 -291.158 -0.673976 -2000 -1.16336e-09
4.595 0.66301 2000 -286.42 -0.66301 -2000 -1.17915e-09
4.6 0.652086 2000 -281.701 -0.652086 -2000 -1.19404e-09
4.605 0.64121 2000 -277.003 -0.64121 -2000 -1.20904e-09
4.61 0.630386 2000 -272.327 -0.630386 -2000 -1.22184e-09
4.615 0.619606 2000 -267.67 -0.619606 -2000 -1.23586e-09
4.62 0.608862 2000 -263.028 -0.608862 -2000 -1.25018e-09
4.625 0.598145 2000 -258.399 -0.598145 -2000 -1.26551e-09
4.63 0.587455 2000 -253.78 -0.587455 -2000 -1.28187e-09
4.635 0.576785 2000 -249.171 -0.576785 -2000 -1.29809e-09
4.64 0.566131 2000 -244.569 -0.566131 -2000 -1.31722e-09
4.645 0.555503 2000 -239.977 -0.555503 -2000 -1.41442e-09
4.65 0.54492 2000 -235.406 -0.54492 -2000 -1.48692e-09
4.655 0.534377 2000 -230.851 -0.534377 -2000 -1.53719e-09
4.66 0.52385 2000 -226.303 -0.52385 -2000 -1.57329e-09
4.665 0.51334 2000 -221.763 -0.51334 -2000 -1.6021e-09
4.67 0.502861 2000 -217.236 -0.502861 -2000 -1.62441e-09
4.675 0.492429 2000 -212.729 -0.492429 -2000 -1.7164e-09
4.68 0.482051 2000 -208.246 -0.482051 -2000 -1.78209e-09
4.685 0.471732 2000 -203.788 -0.471732 -2000 -1.82541e-09
4.69 0.461463 2000 -199.352 -0.461463 -2000 -1.85494e-09
4.695 0.451248 2000 -194.939 -0.451248 -2000 -1.8773e-09
4.7 0.441093 2000 -190.552 -0.441093 -2000 -1.89256e-09
4.705 0.430997 2000 -186.191 -0.430997 -2000 -1.90438e-09
4.71 0.420942 2000 -181.847 -0.420942 -2000 -1.91662e-09
4.715 0.410915 2000 -177.515 -0.410915 -2000 -1.92795e-09
4.72 0.400914 2000 -173.195 -0.400914 -2000 -1.94018e-09
4.725 0.390957 2000 -168.893 -0.390957 -2000 -1.95177e-09
4.73 0.381065 2000 -164.62 -0.381065 -2000 -1.9623e-09
4.735 0.371238 2000 -160.375 -0.371238 -2000 -1.97123e-09
4.74 0.361453 2000 -156.147 -0.361453 -2000 -1.98098e-09
4.745 0.351687 2000 -151.929 -0.351687 -2000 -2.06504e-09
4.75 0.34195 2000 -147.722 -0.34195 -2000 -2.1592e-09
4.755 0.332276 2000 -143.543 -0.332276 -2000 -2.22163e-09
4.76 0.322685 2000 -139.4 -0.322685 -2000 -2.10052e-09
4.765 0.313165 2000 -135.287 -0.313165 -2000 -2.09194e-09
4.77 0.303702 2000 -131.199 -0.303702 -2000 -2.15384e-09
4.775 0.294289 2000 -127.133 -0.294289 -2000 -2.19858e-09
4.78 0.284922 2000 -123.086 -0.284922 -2000 -2.25001e-09
4.785 0.275601 2000 -119.06 -0.275601 -2000 -2.32574e-09
4.79 0.266339 2000 -115.058 -0.266339 -2000 -2.37717e-09
4.795 0.257142 2000 -111.085 -0.257142 -2000 -2.44318e-09
4.8 0.247987 2000 -107.131 -0.247987 -2000 -2.5051e-09
4.805 0.238856 2000 -103.186 -0.238856 -2000 -2.54686e-09
4.81 0.229769 2000 -99.2604 -0.229769 -2000 -2.57089e-09
4.815 0.220757 2000 -95.3671 -0.220757 -2000 -2.55453e-09
4.82 0.211813 2000 -91.5034 -0.211813 -2000 -2.24931e-09
4.825 0.202916 2000 -87.6595 -0.202916 -2000 -2.03857e-09
4.83 0.194055 2000 -83.832 -0.194055 -2000 -1.91775e-09
4.835 0.185233 2000 -80.0206 -0.185233 -2000 -2.09898e-09
4.84 0.176447 2000 -76.2251 -0.176447 -2000 -2.23525e-09
4.845 0.167708 2000 -72.4499 -0.167708 -2000 -2.32001e-09
4.85 0.15903 2000 -68.7008 -0.15903 -2000 -2.09129e-09
4.855 0.150404 2000 -64.9746 -0.150404 -2000 -1.92858e-09
4.86 0.141817 2000 -61.2651 -0.141817 -2000 -1.837e-09
4.865 0.13328 2000 -57.5772 -0.13328 -2000 -1.7866e-09
4.87 0.124819 2000 -53.9217 -0.124819 -2000 -1.76155e-09
4.875 0.116444 2000 -50.3039 -0.116444 -2000 -1.82229e-09
4.88 0.108152 2000 -46.7217 -0.108152 -2000 -2.05551e-09
4.885 0.0999227 2000 -43.1666 -0.0999227 -2000 -2.2922e-09
4.89 0.091737 2000 -39.6304 -0.091737 -2000 -2.77115e-09
4.895 0.0836039 2000 -36.1169 -0.0836039 -2000 -3.12447e-09
4.9 0.07555 2000 -32.6376 -0.07555 -2000 -3.35079e-09
4.905 0.0675803 2000 -29.1947 -0.0675803 -2000 -3.12824e-09
4.91 0.0596772 2000 -25.7805 -0.0596772 -2000 -2.19641e-09
4.915 0.0518317 2000 -22.3913 -0.0518317 -2000 -1.81559e-09
4.92 0.0440521 2000 -19.0305 -0.0440521 -2000 -1.61382e-09
4.925 0.0363434 2000 -15.7003 -0.0363434 -2000 -1.63965e-09
4.93 0.0286926 2000 -12.3952 -0.0286926 -2000 -1.6738e-09
4.935 0.0210908 2000 -9.11121 -0.0210908 -2000 -1.93592e-09
4.94 0.0135564 2000 -5.85634 -0.0135564 -2000 -2.22957e-09
4.945 0.0061163 2000 -2.64224 -0.0061163 -2000 -2.78021e-09
4.95 -0.0012277 2000 0.530365 0.0012277 -2000 -3.053e-09
4.955 -0.00849654 2000 3.6705 0.00849654 -2000 -3.20074e-09
4.96 -0.0156994 2000 6.78213 0.0156994 -2000 -2.42667e-09
4.965 -0.0228194 2000 9.85797 0.0228194 -2000 -2.02019e-09
4.97 -0.0298442 2000 12.8927 0.0298442 -2000 -1.7853e-09
4.975 -0.0367893 2000 15.893 0.0367893 -2000 -1.64139e-09
4.98 -0.0436766 2000 18.8683 0.0436766 -2000 -1.79629e-09
4.985 -0.0505064 2000 21.8188 0.0505064 -2000 -2.03473e-09
4.99 -0.0572586 2000 24.7357 0.0572586 -2000 -2.59392e-09
4.995 -0.0639158 2000 27.6116 0.0639158 -2000 -2.86038e-09
5 -0.070479 2000 30.4469 0.070479 -2000 -2.99887e-09
5.005 -0.0769641 2000 33.2485 0.0769641 -2000 -2.18681e-09
5.01 -0.08338 2000 36.0202 0.08338 -2000 -1.61003e-09
5.015 -0.0897138 2000 38.7563 0.0897138 -2000 -1.60262e-09
5.02 -0.0959476 2000 41.4494 0.0959476 -2000 -1.62912e-09
5.025 -0.102085 2000 44.1008 0.102085 -2000 -1.6382e-09
5.03 -0.108146 2000 46.719 0.108146 -2000 -2.02316e-09
5.035 -0.114139 2000 49.3079 0.114139 -2000 -2.4565e-09
5.04 -0.120055 2000 51.8639 0.120055 -2000 -2.29208e-09
5.045 -0.125881 2000 54.3807 0.125881 -2000 -2.14096e-09
5.05 -0.13161 2000 56.8557 0.13161 -2000 -2.58628e-09
5.055 -0.137248 2000 59.2912 0.137248 -2000 -2.19118e-09
5.06 -0.1428 2000 61.6894 0.1428 -2000 -1.87602e-09
5.065 -0.148262 2000 64.0491 0.148262 -2000 -1.67643e-09
5.07 -0.153631 2000 66.3686 0.153631 -2000 -1.54939e-09
5.075 -0.158906 2000 68.6474 0.158906 -2000 -1.46571e-09
5.08 -0.164091 2000 70.8875 0.164091 -2000 -1.40893e-09
5.085 -0.169196 2000 73.0927 0.169196 -2000 -1.36945e-09
5.09 -0.174222 2000 75.2638 0.174222 -2000 -1.34076e-09
5.095 -0.179161 2000 77.3976 0.179161 -2000 -1.50544e-09
5.1 -0.184006 2000 79.4904 0.184006 -2000 -1.79132e-09
5.105 -0.188759 2000 81.5438 0.188759 -2000 -1.62495e-09
5.11 -0.193429 2000 83.5615 0.193429 -2000 -1.48246e-09
5.115 -0.198012 2000 85.5414 0.198012 -2000 -1.39032e-09
5.12 -0.202488 2000 87.4748 0.202488 -2000 -1.32441e-09
5.125 -0.206838 2000 89.3542 0.206838 -2000 -1.27487e-09
5.13 -0.211067 2000 91.1811 0.211067 -2000 -1.23438e-09
5.135 -0.2152 2000 92.9666 0.2152 -2000 -1.20128e-09
5.14 -0.219265 2000 94.7225 0.219265 -2000 -1.17415e-09
5.145 -0.22327 2000 96.4527 0.22327 -2000 -1.48906e-09
5.15 -0.227207 2000 98.1535 0.227207 -2000 -1.27563e-09
5.155 -0.231062 2000 99.8188 0.231062 -2000 -1.09928e-09
5.16 -0.234828 2000 101.446 0.234828 -2000 -9.85228e-10
5.165 -0.238511 2000 103.037 0.238511 -2000 -9.09084e-10
5.17 -0.242119 2000 104.595 0.242119 -2000 -1.09912e-09
5.175 -0.245652 2000 106.122 0.245652 -2000 -1.14656e-09
5.18 -0.249101 2000 107.612 0.249101 -2000 -1.15914e-09
5.185 -0.252453 2000 109.06 0.252453 -2000 -9.87347e-10
5.19 -0.255707 2000 110.466 0.255707 -2000 -1.03488e-09
5.195 -0.258888 2000 111.839 0.258888 -2000 -1.07339e-09
5.2 -0.262028 2000 113.196 0.262028 -2000 -9.29163e-10
5.205 -0.26513 2000 114.536 0.26513 -2000 -8.22707e-10
5.21 -0.268155 2000 115.843 0.268155 -2000 -7.53405e-10
5.215 -0.271073 2000 117.104 0.271073 -2000 -7.05674e-10
5.22 -0.273894 2000 118.322 0.273894 -2000 -6.97389e-11
5.225 -0.276638 2000 119.508 0.276638 -2000 5.60437e-11
5.23 -0.2793 2000 120.658 0.2793 -2000 1.02855e-10
5.235 -0.28188 2000 121.772 0.28188 -2000 -1.38273e-10
5.24 -0.284389 2000 122.856 0.284389 -2000 -3.48173e-10
5.245 -0.286832 2000 123.912 0.286832 -2000 -5.33184e-10
5.25 -0.289206 2000 124.937 0.289206 -2000 -6.4494e-10
5.255 -0.291516 2000 125.935 0.291516 -2000 -5.42123e-10
5.26 -0.293765 2000 126.906 0.293765 -2000 -8.1565e-10
5.265 -0.295931 2000 127.842 0.295931 -2000 -7.20379e-10
5.27 -0.297989 2000 128.731 0.297989 -2000 -6.27086e-10
5.275 -0.299932 2000 129.571 0.299932 -2000 -5.64038e-10
5.28 -0.301767 2000 130.363 0.301767 -2000 -5.18192e-10
5.285 -0.3035 2000 131.112 0.3035 -2000 -4.83982e-10
5.29 -0.305135 2000 131.818 0.305135 -2000 -4.56762e-10
5.295 -0.306677 2000 132.484 0.306677 -2000 -2.97529e-10
5.3 -0.30812 2000 133.108 0.30812 -2000 -1.82994e-10
5.305 -0.309461 2000 133.687 0.309461 -2000 -2.40342e-10
5.31 -0.310702 2000 134.223 0.310702 -2000 -2.83361e-10
5.315 -0.311852 2000 134.72 0.311852 -2000 -3.05931e-10
5.32 -0.312911 2000 135.178 0.312911 -2000 6.56514e-10
5.325 -0.313873 2000 135.593 0.313873 -2000 1.16922e-09
5.33 -0.314732 2000 135.964 0.314732 -2000 1.38912e-10
5.335 -0.315483 2000 136.289 0.315483 -2000 -6.08481e-10
5.34 -0.316123 2000 136.565 0.316123 -2000 -9.38415e-10
5.345 -0.31666 2000 136.797 0.31666 -2000 -8.61717e-10
5.35 -0.317121 2000 136.996 0.317121 -2000 8.58171e-11
5.355 -0.317527 2000 137.172 0.317527 -2000 6.47947e-10
5.36 -0.317869 2000 137.319 0.317869 -2000 9.73012e-10
5.365 -0.318124 2000 137.429 0.318124 -2000 1.06839e-09
5.37 -0.318283 2000 137.498 0.318283 -2000 1.43163e-10
5.375 -0.31835 2000 137.527 0.31835 -2000 -5.07272e-10
5.38 -0.318321 2000 137.515 0.318321 -2000 -8.72564e-10
5.385 -0.318183 2000 137.455 0.318183 -2000 -9.96746e-10
5.39 -0.317936 2000 137.348 0.317936 -2000 -7.98677e-10
5.395 -0.317591 2000 137.199 0.317591 -2000 -6.44247e-10
5.4 -0.317159 2000 137.013 0.317159 -2000 -5.19854e-10
5.405 -0.316638 2000 136.788 0.316638 -2000 -4.19902e-10
5.41 -0.316022 2000 136.522 0.316022 -2000 -3.3916e-10
5.415 -0.315306 2000 136.212 0.315306 -2000 -2.72424e-10
5.42 -0.314486 2000 135.858 0.314486 -2000 -2.20494e-10
5.425 -0.313565 2000 135.46 0.313565 -2000 -1.77777e-10
5.43 -0.312558 2000 135.025 0.312558 -2000 -1.42715e-10
5.435 -0.311486 2000 134.562 0.311486 -2000 -1.14862e-10
5.44 -0.310355 2000 134.073 0.310355 -2000 -9.82525e-11
5.445 -0.309149 2000 133.552 0.309149 -2000 -7.5147e-11
5.45 -0.307855 2000 132.994 0.307855 -2000 -5.95216e-11
5.455 -0.306483 2000 132.401 0.306483 -2000 -4.95682e-11
5.46 -0.305041 2000 131.778 0.305041 -2000 -4.2732e-11
5.465 -0.303518 2000 131.12 0.303518 -2000 -3.23386e-11
5.47 -0.301904 2000 130.423 0.301904 -2000 -2.31768e-11
5.475 -0.300203 2000 129.688 0.300203 -2000 -1.77627e-11
5.48 -0.298436 2000 128.924 0.298436 -2000 -1.36769e-11
5.485 -0.296624 2000 128.142 0.296624 -2000 -1.19897e-11
5.49 -0.29477 2000 127.341 0.29477 -2000 -1.19019e-11
5.495 -0.292868 2000 126.519 0.292868 -2000 -9.99064e-12
5.5 -0.290913 2000 125.674 0.290913 -2000 -8.68755e-12
5.505 -0.288894 2000 124.802 0.288894 -2000 -7.73905e-12
5.51 -0.286802 2000 123.898 0.286802 -2000 -7.73692e-12
5.515 -0.284638 2000 122.963 0.284638 -2000 -5.74509e-12
5.52 -0.282395 2000 121.995 0.282395 -2000 -5.85927e-12
5.525 -0.280057 2000 120.985 0.280057 -2000 -3.84096e-12
5.53 -0.277623 2000 119.933 0.277623 -2000 -3.02154e-12
5.535 -0.275106 2000 118.846 0.275106 -2000 -2.79468e-12
5.54 -0.272519 2000 117.728 0.272519 -2000 -1.98628e-12
5.545 -0.269866 2000 116.582 0.269866 -2000 -2.34797e-12
5.55 -0.267142 2000 115.405 0.267142 -2000 -2.69049e-12
5.555 -0.264331 2000 114.191 0.264331 -2000 -8.29035e-13
5.56 -0.261422 2000 112.934 0.261422 -2000 -9.12805e-13
5.565 -0.258416 2000 111.636 0.258416 -2000 -3.97669e-13
5.57 -0.255322 2000 110.299 0.255322 -2000 -1.28523e-14
5.575 -0.252145 2000 108.926 0.252145 -2000 2.51588e-13
5.58 -0.248896 2000 107.523 0.248896 -2000 -4.6147e-13
5.585 -0.245597 2000 106.098 0.245597 -2000 -6.80608e-13
5.59 -0.242248 2000 104.651 0.242248 -2000 4.14826e-11
5.595 -0.238828 2000 103.173 0.238828 -2000 -9.40041e-10
5.6 -0.235327 2000 101.661 0.235327 -2000 -4.64977e-11
5.605 -0.231765 2000 100.123 0.231765 -2000 6.43645e-10
5.61 -0.228157 2000 98.5637 0.228157 -2000 8.25685e-11
5.615 -0.224499 2000 96.9836 0.224499 -2000 -3.48898e-10
5.62 -0.220776 2000 95.3751 0.220776 -2000 -6.04825e-10
5.625 -0.216971 2000 93.7317 0.216971 -2000 -7.55872e-10
5.63 -0.213085 2000 92.0526 0.213085 -2000 -6.86316e-10
5.635 -0.209127 2000 90.3429 0.209127 -2000 -6.24105e-10
5.64 -0.205103 2000 88.6046 0.205103 -2000 -3.17371e-10
5.645 -0.201004 2000 86.8339 0.201004 -2000 -1.06279e-10
5.65 -0.196824 2000 85.028 0.196824 -2000 2.40097e-11
5.655 -0.192568 2000 83.1892 0.192568 -2000 1.00652e-10
5.66 -0.188239 2000 81.3194 0.188239 -2000 1.46455e-10
5.665 -0.18384 2000 79.4187 0.18384 -2000 1.73252e-10
5.67 -0.179376 2000 77.4902 0.179376 -2000 1.87784e-10
5.675 -0.174855 2000 75.5375 0.174855 -2000 1.94545e-10
5.68 -0.170268 2000 73.556 0.170268 -2000 1.97041e-10
5.685 -0.165599 2000 71.5388 0.165599 -2000 1.9769e-10
5.69 -0.16085 2000 69.4874 0.16085 -2000 1.96899e-10
5.695 -0.156042 2000 67.4102 0.156042 -2000 1.94987e-10
5.7 -0.151194 2000 65.3158 0.151194 -2000 1.91731e-10
5.705 -0.146318 2000 63.2093 0.146318 -2000 -1.45921e-10
5.71 -0.141415 2000 61.0912 0.141415 -2000 -1.10429e-10
5.715 -0.136472 2000 58.9558 0.136472 -2000 -6.14852e-11
5.72 -0.131466 2000 56.7935 0.131466 -2000 -3.18852e-11
5.725 -0.126381 2000 54.5965 0.126381 -2000 -1.24124e-11
5.73 -0.121214 2000 52.3646 0.121214 -2000 -2.33266e-12
5.735 -0.115982 2000 50.1043 0.115982 -2000 3.74091e-12
5.74 -0.110697 2000 47.8213 0.110697 -2000 8.59384e-12
5.745 -0.105361 2000 45.516 0.105361 -2000 1.06015e-11
5.75 -0.0999714 2000 43.1877 0.0999714 -2000 -1.85809e-10
5.755 -0.0945363 2000 40.8397 0.0945363 -2000 -2.42933e-10
5.76 -0.0890662 2000 38.4766 0.0890662 -2000 -2.65973e-10
5.765 -0.0835655 2000 36.1003 0.0835655 -2000 -2.77957e-10
5.77 -0.0780282 2000 33.7082 0.0780282 -2000 -2.85211e-10
5.775 -0.0724369 2000 31.2927 0.0724369 -2000 -2.85983e-10
5.78 -0.0667802 2000 28.8491 0.0667802 -2000 -2.85726e-10
5.785 -0.061065 2000 26.3801 0.061065 -2000 -2.82026e-10
5.79 -0.0553019 2000 23.8904 0.0553019 -2000 -2.78249e-10
5.795 -0.0494874 2000 21.3786 0.0494874 -2000 -1.31481e-10
5.8 -0.0436127 2000 18.8407 0.0436127 -2000 -2.99531e-11
5.805 -0.0376789 2000 16.2773 0.0376789 -2000 3.33885e-11
5.81 -0.0316929 2000 13.6913 0.0316929 -2000 7.11726e-11
5.815 -0.0256694 2000 11.0892 0.0256694 -2000 9.24096e-11
5.82 -0.0196355 2000 8.48256 0.0196355 -2000 1.04555e-10
5.825 -0.0136125 2000 5.88061 0.0136125 -2000 1.10999e-10
5.83 -0.00759413 2000 3.28066 0.00759413 -2000 1.14333e-10
5.835 -0.00156323 2000 0.675317 0.00156323 -2000 1.15279e-10
5.84 0.00448984 2000 -1.93961 -0.00448984 -2000 1.15462e-10
5.845 0.0105721 2000 -4.56714 -0.0105721 -2000 1.14652e-10
5.85 0.0166872 2000 -7.20885 -0.0166872 -2000 1.14039e-10
5.855 0.0228349 2000 -9.86469 -0.0228349 -2000 1.11517e-10
5.86 0.0290172 2000 -12.5354 -0.0290172 -2000 1.09921e-10
5.865 0.035231 2000 -15.2198 -0.035231 -2000 1.08959e-10
5.87 0.0414658 2000 -17.9132 -0.0414658 -2000 1.06163e-10
5.875 0.0477148 2000 -20.6128 -0.0477148 -2000 1.04048e-10
5.88 0.0539787 2000 -23.3188 -0.0539787 -2000 1.02041e-10
5.885 0.0602585 2000 -26.0317 -0.0602585 -2000 9.98297e-11
5.89 0.0665601 2000 -28.7539 -0.0665601 -2000 9.83214e-11
5.895 0.072896 2000 -31.4911 -0.072896 -2000 9.70307e-11
5.9 0.0792662 2000 -34.243 -0.0792662 -2000 9.54328e-11
5.905 0.0856537 2000 -37.0024 -0.0856537 -2000 9.38612e-11
5.91 0.0920467 2000 -39.7642 -0.0920467 -2000 9.28679e-11
5.915 0.0984531 2000 -42.5318 -0.0984531 -2000 9.11918e-11
5.92 0.104893 2000 -45.3138 -0.104893 -2000 8.92591e-11
5.925 0.111379 2000 -48.1157 -0.111379 -2000 8.87525e-11
5.93 0.117904 2000 -50.9347 -0.117904 -2000 8.66932e-11
5.935 0.124454 2000 -53.7641 -0.124454 -2000 8.49432e-11
5.94 0.13102 2000 -56.6006 -0.13102 -2000 8.37658e-11
5.945 0.137609 2000 -59.4473 -0.137609 -2000 8.28414e-11
5.95 0.144233 2000 -62.3086 -0.144233 -2000 8.11699e-11
5.955 0.150892 2000 -65.1854 -0.150892 -2000 8.00119e-11
5.96 0.157582 2000 -68.0754 -0.157582 -2000 7.88518e-11
5.965 0.164294 2000 -70.9751 -0.164294 -2000 7.75985e-11
5.97 0.171019 2000 -73.8803 -0.171019 -2000 7.61602e-11
5.975 0.177758 2000 -76.7916 -0.177758 -2000 7.4503e-11
5.98 0.184526 2000 -79.7151 -0.184526 -2000 7.43846e-11
5.985 0.191332 2000 -82.6553 -0.191332 -2000 7.36367e-11
5.99 0.198176 2000 -85.612 -0.198176 -2000 7.18725e-11
5.995 0.205048 2000 -88.5807 -0.205048 -2000 7.21803e-11
6 0.211934 2000 -91.5556 -0.211934 -2000 7.15539e-11
6.005 0.218828 2000 -94.5338 -0.218828 -2000 7.03851e-11
6.01 0.225734 2000 -97.5172 -0.225734 -2000 6.89244e-11
6.015 0.232659 2000 -100.509 -0.232659 -2000 6.82223e-11
6.02 0.239603 2000 -103.509 -0.239603 -2000 -1.22793e-11
6.025 0.246563 2000 -106.515 -0.246563 -2000 -6.67371e-11
6.03 0.253534 2000 -109.526 -0.253534 -2000 -1.00026e-10
6.035 0.260515 2000 -112.542 -0.260515 -2000 -1.16597e-10
6.04 0.267516 2000 -115.567 -0.267516 -2000 -1.27808e-10
6.045 0.274545 2000 -118.604 -0.274545 -2000 -1.32428e-10
6.05 0.281611 2000 -121.656 -0.281611 -2000 -1.34352e-10
6.055 0.288718 2000 -124.726 -0.288718 -2000 -1.33857e-10
6.06 0.295858 2000 -127.81 -0.295858 -2000 -1.31692e-10
6.065 0.303005 2000 -130.898 -0.303005 -2000 -1.29888e-10
6.07 0.31014 2000 -133.981 -0.31014 -2000 -1.26837e-10
6.075 0.317258 2000 -137.055 -0.317258 -2000 -1.23761e-10
6.08 0.324355 2000 -140.121 -0.324355 -2000 -1.21756e-10
6.085 0.331416 2000 -143.172 -0.331416 -2000 -1.17731e-10
6.09 0.33844 2000 -146.206 -0.33844 -2000 -1.13889e-10
6.095 0.345441 2000 -149.23 -0.345441 -2000 -1.11056e-10
6.1 0.352428 2000 -152.249 -0.352428 -2000 -1.0802e-10
6.105 0.359411 2000 -155.266 -0.359411 -2000 -1.0455e-10
6.11 0.366403 2000 -158.286 -0.366403 -2000 -1.02373e-10
6.115 0.373403 2000 -161.31 -0.373403 -2000 -9.90497e-11
6.12 0.380401 2000 -164.333 -0.380401 -2000 -9.51843e-11
6.125 0.387388 2000 -167.352 -0.387388 -2000 -9.14791e-11
6.13 0.394376 2000 -170.37 -0.394376 -2000 -8.88859e-11
6.135 0.401375 2000 -173.394 -0.401375 -2000 -8.56383e-11
6.14 0.408384 2000 -176.422 -0.408384 -2000 -8.26106e-11
6.145 0.4154 2000 -179.453 -0.4154 -2000 -8.0367e-11
6.15 0.422418 2000 -182.485 -0.422418 -2000 -7.56205e-11
6.155 0.429427 2000 -185.513 -0.429427 -2000 -7.46465e-11
6.16 0.43642 2000 -188.533 -0.43642 -2000 -7.11353e-11
6.165 0.443396 2000 -191.547 -0.443396 -2000 -6.75917e-11
6.17 0.45035 2000 -194.551 -0.45035 -2000 -6.38552e-11
6.175 0.457261 2000 -197.537 -0.457261 -2000 -6.09813e-11
6.18 0.464123 2000 -200.501 -0.464123 -2000 -5.85489e-11
6.185 0.470961 2000 -203.455 -0.470961 -2000 -5.5868e-11
6.19 0.477803 2000 -206.411 -0.477803 -2000 -5.30785e-11
6.195 0.484645 2000 -209.367 -0.484645 -2000 -5.00011e-11
6.2 0.491454 2000 -212.308 -0.491454 -2000 3.20369e-11
6.205 0.498215 2000 -215.229 -0.498215 -2000 8.93702e-11
6.21 0.504943 2000 -218.136 -0.504943 -2000 1.24484e-10
6.215 0.511657 2000 -221.036 -0.511657 -2000 1.46013e-10
6.22 0.518352 2000 -223.928 -0.518352 -2000 1.56993e-10
6.225 0.525014 2000 -226.806 -0.525014 -2000 1.63097e-10
6.23 0.53165 2000 -229.673 -0.53165 -2000 1.68325e-10
6.235 0.538275 2000 -232.535 -0.538275 -2000 1.69614e-10
6.24 0.544885 2000 -235.39 -0.544885 -2000 1.69837e-10
6.245 0.551467 2000 -238.234 -0.551467 -2000 1.68827e-10
6.25 0.558025 2000 -241.067 -0.558025 -2000 1.70308e-10
6.255 0.564572 2000 -243.895 -0.564572 -2000 1.70011e-10
6.26 0.571108 2000 -246.718 -0.571108 -2000 1.68724e-10
6.265 0.57761 2000 -249.528 -0.57761 -2000 1.67373e-10
6.27 0.584059 2000 -252.313 -0.584059 -2000 1.66452e-10
6.275 0.590452 2000 -255.075 -0.590452 -2000 1.65736e-10
6.28 0.596809 2000 -257.822 -0.596809 -2000 1.64715e-10
6.285 0.603146 2000 -260.559 -0.603146 -2000 1.63082e-10
6.29 0.609454 2000 -263.284 -0.609454 -2000 1.61253e-10
6.295 0.6157 2000 -265.982 -0.6157 -2000 1.6167e-10
6.3 0.621862 2000 -268.644 -0.621862 -2000 1.61378e-10
6.305 0.627952 2000 -271.275 -0.627952 -2000 1.59646e-10
6.31 0.634007 2000 -273.891 -0.634007 -2000 1.58444e-10
6.315 0.640049 2000 -276.501 -0.640049 -2000 1.57583e-10
6.32 0.646075 2000 -279.104 -0.646075 -2000 2.56292e-10
6.325 0.652081 2000 -281.699 -0.652081 -2000 3.2389e-10
6.33 0.658072 2000 -284.287 -0.658072 -2000 3.62784e-10
6.335 0.664043 2000 -286.866 -0.664043 -2000 3.84849e-10
6.34 0.669976 2000 -289.43 -0.669976 -2000 3.95933e-10
6.345 0.675858 2000 -291.971 -0.675858 -2000 4.00296e-10
6.35 0.681693 2000 -294.491 -0.681693 -2000 4.02187e-10
6.355 0.687502 2000 -297.001 -0.687502 -2000 3.99722e-10
6.36 0.693296 2000 -299.504 -0.693296 -2000 3.14964e-10
6.365 0.699063 2000 -301.995 -0.699063 -2000 2.5433e-10
6.37 0.704799 2000 -304.473 -0.704799 -2000 2.17099e-10
6.375 0.710508 2000 -306.939 -0.710508 -2000 1.94184e-10
6.38 0.716194 2000 -309.396 -0.716194 -2000 1.79952e-10
6.385 0.721864 2000 -311.845 -0.721864 -2000 1.71549e-10
6.39 0.72752 2000 -314.289 -0.72752 -2000 1.66851e-10
6.395 0.73314 2000 -316.716 -0.73314 -2000 1.6305e-10
6.4 0.738701 2000 -319.119 -0.738701 -2000 1.60135e-10
6.405 0.7442 2000 -321.494 -0.7442 -2000 1.57741e-10
6.41 0.749645 2000 -323.847 -0.749645 -2000 1.56572e-10
6.415 0.75504 2000 -326.177 -0.75504 -2000 1.55966e-10
6.42 0.76039 2000 -328.488 -0.76039 -2000 3.38395e-10
6.425 0.765698 2000 -330.781 -0.765698 -2000 4.64917e-10
6.43 0.770967 2000 -333.058 -0.770967 -2000 5.37977e-10
6.435 0.776194 2000 -335.316 -0.776194 -2000 5.80043e-10
6.44 0.781374 2000 -337.553 -0.781374 -2000 5.99788e-10
6.445 0.786504 2000 -339.77 -0.786504 -2000 6.09331e-10
6.45 0.79159 2000 -341.967 -0.79159 -2000 6.11189e-10
6.455 0.796644 2000 -344.15 -0.796644 -2000 6.08261e-10
6.46 0.801672 2000 -346.322 -0.801672 -2000 6.03753e-10
6.465 0.806661 2000 -348.478 -0.806661 -2000 4.41067e-10
6.47 0.811597 2000 -350.61 -0.811597 -2000 3.26934e-10
6.475 0.816484 2000 -352.721 -0.816484 -2000 2.56109e-10
6.48 0.821331 2000 -354.815 -0.821331 -2000 2.63062e-11
6.485 0.826134 2000 -356.89 -0.826134 -2000 -1.2885e-10
6.49 0.830889 2000 -358.944 -0.830889 -2000 -2.21298e-10
6.495 0.835588 2000 -360.974 -0.835588 -2000 -1.95994e-10
6.5 0.840227 2000 -362.978 -0.840227 -2000 -6.97321e-11
6.505 0.844802 2000 -364.954 -0.844802 -2000 1.77602e-11
6.51 0.849307 2000 -366.901 -0.849307 -2000 7.02459e-11
6.515 0.853742 2000 -368.816 -0.853742 -2000 1.02155e-10
6.52 0.85811 2000 -370.703 -0.85811 -2000 1.21067e-10
6.525 0.862423 2000 -372.567 -0.862423 -2000 1.31965e-10
6.53 0.866698 2000 -374.414 -0.866698 -2000 -2.72829e-12
6.535 0.870949 2000 -376.25 -0.870949 -2000 -9.7084e-11
6.54 0.87517 2000 -378.073 -0.87517 -2000 -1.51816e-10
6.545 0.879337 2000 -379.874 -0.879337 -2000 -3.49009e-10
6.55 0.883423 2000 -381.639 -0.883423 -2000 -4.80931e-10
6.555 0.887414 2000 -383.363 -0.887414 -2000 -4.91044e-10
6.56 0.891316 2000 -385.049 -0.891316 -2000 -4.88208e-10
6.565 0.895141 2000 -386.701 -0.895141 -2000 -4.81627e-10
6.57 0.898897 2000 -388.323 -0.898897 -2000 -4.7398e-10
6.575 0.902592 2000 -389.92 -0.902592 -2000 -3.8696e-10
6.58 0.906238 2000 -391.495 -0.906238 -2000 -3.23033e-10
6.585 0.909834 2000 -393.048 -0.909834 -2000 -2.81159e-10
6.59 0.913357 2000 -394.57 -0.913357 -2000 5.16454e-12
6.595 0.916791 2000 -396.054 -0.916791 -2000 2.02712e-10
6.6 0.920147 2000 -397.504 -0.920147 -2000 3.20201e-10
6.605 0.923457 2000 -398.933 -0.923457 -2000 3.89376e-10
6.61 0.926729 2000 -400.347 -0.926729 -2000 4.27845e-10
6.615 0.929951 2000 -401.739 -0.929951 -2000 4.48026e-10
6.62 0.933107 2000 -403.102 -0.933107 -2000 1.03386e-10
6.625 0.936198 2000 -404.437 -0.936198 -2000 -1.40175e-10
6.63 0.939231 2000 -405.748 -0.939231 -2000 -2.85013e-10
6.635 0.942214 2000 -407.036 -0.942214 -2000 1.26671e-10
6.64 0.945161 2000 -408.31 -0.945161 -2000 1.50055e-10
6.645 0.948083 2000 -409.572 -0.948083 -2000 1.37714e-10
6.65 0.950967 2000 -410.818 -0.950967 -2000 1.28463e-10
6.655 0.9538 2000 -412.041 -0.9538 -2000 1.22535e-10
6.66 0.95658 2000 -413.243 -0.95658 -2000 1.19066e-10
6.665 0.959315 2000 -414.424 -0.959315 -2000 1.14622e-10
6.67 0.962001 2000 -415.584 -0.962001 -2000 1.12023e-10
6.675 0.964621 2000 -416.716 -0.964621 -2000 1.09789e-10
6.68 0.967157 2000 -417.812 -0.967157 -2000 1.07967e-10
6.685 0.969612 2000 -418.873 -0.969612 -2000 1.05576e-10
6.69 0.972009 2000 -419.908 -0.972009 -2000 1.03425e-10
6.695 0.974342 2000 -420.916 -0.974342 -2000 1.00743e-10
6.7 0.976581 2000 -421.883 -0.976581 -2000 9.84463e-11
6.705 0.978722 2000 -422.808 -0.978722 -2000 9.61113e-11
6.71 0.980793 2000 -423.703 -0.980793 -2000 9.39419e-11
6.715 0.98282 2000 -424.578 -0.98282 -2000 9.22313e-11
6.72 0.984803 2000 -425.435 -0.984803 -2000 9.01361e-11
6.725 0.986736 2000 -426.27 -0.986736 -2000 5.15228e-12
6.73 0.988622 2000 -427.085 -0.988622 -2000 -5.40689e-11
6.735 0.990462 2000 -427.88 -0.990462 -2000 1.00684e-11
6.74 0.992235 2000 -428.646 -0.992235 -2000 1.96356e-10
6.745 0.993921 2000 -429.374 -0.993921 -2000 3.21002e-10
6.75 0.995517 2000 -430.063 -0.995517 -2000 3.30736e-10
6.755 0.997047 2000 -430.724 -0.997047 -2000 3.28136e-10
6.76 0.99853 2000 -431.365 -0.99853 -2000 3.24522e-10
6.765 0.999956 2000 -431.981 -0.999956 -2000 3.19703e-10
6.77 1.00129 2000 -432.559 -1.00129 -2000 3.13807e-10
6.775 1.00253 2000 -433.094 -1.00253 -2000 3.1651e-10
6.78 1.00368 2000 -433.591 -1.00368 -2000 4.89685e-10
6.785 1.00476 2000 -434.058 -1.00476 -2000 6.06037e-10
6.79 1.00579 2000 -434.5 -1.00579 -2000 5.18839e-10
6.795 1.00675 2000 -434.918 -1.00675 -2000 4.45763e-10
6.8 1.00765 2000 -435.304 -1.00765 -2000 2.14861e-10
6.805 1.00844 2000 -435.646 -1.00844 -2000 5.78033e-11
6.81 1.00911 2000 -435.934 -1.00911 -2000 -3.83606e-11
6.815 1.00967 2000 -436.176 -1.00967 -2000 -9.48379e-11
6.82 1.01016 2000 -436.388 -1.01016 -2000 -1.29516e-10
6.825 1.01059 2000 -436.575 -1.01059 -2000 -4.03715e-11
6.83 1.01095 2000 -436.731 -1.01095 -2000 -1.14838e-10
6.835 1.01123 2000 -436.853 -1.01123 -2000 -1.72392e-10
6.84 1.01144 2000 -436.943 -1.01144 -2000 -2.05494e-10
6.845 1.01158 2000 -437.005 -1.01158 -2000 -2.2408e-10
6.85 1.01165 2000 -437.033 -1.01165 -2000 -4.3467e-10
6.855 1.01165 2000 -437.033 -1.01165 -2000 -5.74609e-10
6.86 1.0116 2000 -437.013 -1.0116 -2000 -6.50289e-10
6.865 1.01152 2000 -436.976 -1.01152 -2000 -6.97798e-10
6.87 1.01137 2000 -436.91 -1.01137 -2000 -7.21441e-10
6.875 1.01112 2000 -436.802 -1.01112 -2000 -7.29459e-10
6.88 1.01078 2000 -436.655 -1.01078 -2000 -7.2951e-10
6.885 1.01037 2000 -436.478 -1.01037 -2000 -6.45094e-10
6.89 1.0099 2000 -436.278 -1.0099 -2000 -5.82741e-10
6.895 1.00938 2000 -436.053 -1.00938 -2000 -5.40728e-10
6.9 1.00878 2000 -435.792 -1.00878 -2000 -3.56662e-10
6.905 1.00807 2000 -435.487 -1.00807 -2000 -2.29359e-10
6.91 1.00728 2000 -435.144 -1.00728 -2000 -1.51201e-10
6.915 1.00642 2000 -434.772 -1.00642 -2000 -1.02149e-10
6.92 1.00549 2000 -434.373 -1.00549 -2000 -7.41679e-11
6.925 1.00449 2000 -433.94 -1.00449 -2000 -5.43911e-11
6.93 1.0034 2000 -433.471 -1.0034 -2000 -4.37545e-11
6.935 1.00223 2000 -432.964 -1.00223 -2000 -3.50959e-11
6.94 1.00097 2000 -432.419 -1.00097 -2000 -3.12409e-11
6.945 0.999626 2000 -431.839 -0.999626 -2000 -2.80658e-11
6.95 0.998204 2000 -431.224 -0.998204 -2000 1.57542e-10
6.955 0.996711 2000 -430.579 -0.996711 -2000 2.86629e-10
6.96 0.995145 2000 -429.902 -0.995145 -2000 3.61241e-10
6.965 0.993484 2000 -429.185 -0.993484 -2000 4.02501e-10
6.97 0.991716 2000 -428.421 -0.991716 -2000 4.25614e-10
6.975 0.989854 2000 -427.617 -0.989854 -2000 4.36639e-10
6.98 0.987908 2000 -426.776 -0.987908 -2000 4.39838e-10
6.985 0.985875 2000 -425.898 -0.985875 -2000 4.39571e-10
6.99 0.983752 2000 -424.981 -0.983752 -2000 4.33716e-10
6.995 0.981541 2000 -424.026 -0.981541 -2000 4.29304e-10
7 0.979238 2000 -423.031 -0.979238 -2000 3.43225e-10
