0.1 -1.76622e-17 -0.0161475 8.17694e-20
0.2 -3.7643e-17 -0.032549 1.74273e-19
0.3 -2.90995e-17 -0.0492168 1.3472e-19
0.4 -6.70255e-18 -0.0661647 3.10303e-20
0.5 -1.56048e-16 -0.0834217 7.22443e-19
0.6 -2.58959e-16 -0.101184 1.19889e-18
0.7 -7.52597e-17 -0.119491 3.48424e-19
0.8 -2.37832e-16 -0.138194 1.10107e-18
0.9 -2.45498e-16 -0.157295 1.13657e-18
1 6.88464e-17 -0.176821 -3.18734e-19
0.005 1.29337e-06 -0.176821 -4.49086e-09
0.01 6.46798e-06 -0.176821 -2.24583e-08
0.015 1.68205e-05 -0.176821 -5.84044e-08
0.02 3.23549e-05 -0.176821 -1.12343e-07
0.025 5.3075e-05 -0.176821 -1.84288e-07
0.03 7.89838e-05 -0.176822 -2.74249e-07
0.035 0.000110084 -0.176822 -3.82236e-07
0.04 0.000146378 -0.176822 -5.08256e-07
0.045 0.000187867 -0.176822 -6.52315e-07
0.05 0.000234552 -0.176822 -8.14418e-07
0.055 0.000286435 -0.176822 -9.94564e-07
0.06 0.000343514 -0.176822 -1.19276e-06
0.065 0.000405789 -0.176823 -1.40899e-06
0.07 0.000473262 -0.176823 -1.64327e-06
0.075 0.000545929 -0.176823 -1.89559e-06
0.08 0.00062379 -0.176823 -2.16594e-06
0.085 0.000706842 -0.176823 -2.45431e-06
0.09 0.000795081 -0.176824 -2.76069e-06
0.095 0.000888503 -0.176824 -3.08508e-06
0.1 0.000987104 -0.176824 -3.42744e-06
0.105 0.00109088 -0.176825 -3.78776e-06
0.11 0.00119982 -0.176825 -4.16604e-06
0.115 0.00131393 -0.176825 -4.56225e-06
0.12 0.0014332 -0.176826 -4.97638e-06
0.125 0.00155762 -0.176826 -5.4084e-06
0.13 0.00168719 -0.176826 -5.85829e-06
0.135 0.0018219 -0.176827 -6.32601e-06
0.14 0.00196174 -0.176827 -6.81155e-06
0.145 0.00210669 -0.176828 -7.31486e-06
0.15 0.00225675 -0.176828 -7.83591e-06
0.155 0.00241192 -0.176829 -8.37466e-06
0.16 0.00257217 -0.176829 -8.9311e-06
0.165 0.00273751 -0.17683 -9.50518e-06
0.17 0.00290792 -0.17683 -1.00969e-05
0.175 0.0030834 -0.176831 -1.07062e-05
0.18 0.00326394 -0.176831 -1.1333e-05
0.185 0.00344951 -0.176832 -1.19774e-05
0.19 0.00364011 -0.176832 -1.26392e-05
0.195 0.00383572 -0.176833 -1.33184e-05
0.2 0.00403632 -0.176834 -1.40149e-05
0.205 0.00424188 -0.176834 -1.47286e-05
0.21 0.00445241 -0.176835 -1.54596e-05
0.215 0.00466789 -0.176835 -1.62078e-05
0.22 0.0048883 -0.176836 -1.69731e-05
0.225 0.00511363 -0.176837 -1.77554e-05
0.23 0.00534385 -0.176837 -1.85548e-05
0.235 0.00557894 -0.176838 -1.93711e-05
0.24 0.00581891 -0.176839 -2.02043e-05
0.245 0.00606374 -0.17684 -2.10544e-05
0.25 0.0063134 -0.17684 -2.19212e-05
0.255 0.00656787 -0.176841 -2.28048e-05
0.26 0.00682712 -0.176842 -2.37049e-05
0.265 0.00709114 -0.176843 -2.46216e-05
0.27 0.00735989 -0.176844 -2.55548e-05
0.275 0.00763336 -0.176844 -2.65043e-05
0.28 0.00791154 -0.176845 -2.74702e-05
0.285 0.00819443 -0.176846 -2.84524e-05
0.29 0.00848197 -0.176847 -2.94507e-05
0.295 0.00877414 -0.176848 -3.04652e-05
0.3 0.0090709 -0.176849 -3.14956e-05
0.305 0.00937224 -0.17685 -3.25418e-05
0.31 0.00967816 -0.176851 -3.3604e-05
0.315 0.00998862 -0.176852 -3.46819e-05
0.32 0.0103036 -0.176852 -3.57756e-05
0.325 0.0106231 -0.176853 -3.68848e-05
0.33 0.010947 -0.176854 -3.80094e-05
0.335 0.0112753 -0.176855 -3.91494e-05
0.34 0.011608 -0.176856 -4.03046e-05
0.345 0.0119451 -0.176857 -4.14751e-05
0.35 0.0122866 -0.176858 -4.26606e-05
0.355 0.0126324 -0.17686 -4.38612e-05
0.36 0.0129825 -0.176861 -4.50767e-05
0.365 0.0133368 -0.176862 -4.63071e-05
0.37 0.0136954 -0.176863 -4.75522e-05
0.375 0.0140583 -0.176864 -4.88119e-05
0.38 0.0144252 -0.176865 -5.0086e-05
0.385 0.0147964 -0.176866 -5.13745e-05
0.39 0.0151716 -0.176867 -5.26774e-05
0.395 0.0155509 -0.176868 -5.39944e-05
0.4 0.0159343 -0.17687 -5.53255e-05
0.405 0.0163217 -0.176871 -5.66706e-05
0.41 0.0167131 -0.176872 -5.80295e-05
0.415 0.0171085 -0.176873 -5.94024e-05
0.42 0.0175079 -0.176874 -6.0789e-05
0.425 0.0179112 -0.176876 -6.21891e-05
0.43 0.0183182 -0.176877 -6.36025e-05
0.435 0.0187292 -0.176878 -6.50291e-05
0.44 0.0191439 -0.176879 -6.64689e-05
0.445 0.0195624 -0.176881 -6.79219e-05
0.45 0.0199846 -0.176882 -6.93881e-05
0.455 0.0204107 -0.176883 -7.08672e-05
0.46 0.0208404 -0.176884 -7.2359e-05
0.465 0.0212737 -0.176886 -7.38634e-05
0.47 0.0217105 -0.176887 -7.53802e-05
0.475 0.0221509 -0.176888 -7.69093e-05
0.48 0.0225949 -0.17689 -7.84506e-05
0.485 0.0230423 -0.176891 -8.00039e-05
0.49 0.0234931 -0.176892 -8.1569e-05
0.495 0.0239473 -0.176894 -8.31459e-05
0.5 0.0244048 -0.176895 -8.47345e-05
0.505 0.0248657 -0.176897 -8.63346e-05
0.51 0.0253299 -0.176898 -8.7946e-05
0.515 0.0257972 -0.176899 -8.95686e-05
0.52 0.0262678 -0.176901 -9.12024e-05
0.525 0.0267415 -0.176902 -9.28471e-05
0.53 0.0272184 -0.176904 -9.45027e-05
0.535 0.0276984 -0.176905 -9.6169e-05
0.54 0.0281813 -0.176907 -9.78457e-05
0.545 0.0286672 -0.176908 -9.95327e-05
0.55 0.0291561 -0.17691 -0.00010123
0.555 0.0296478 -0.176911 -0.000102937
0.56 0.0301425 -0.176913 -0.000104654
0.565 0.0306399 -0.176914 -0.000106381
0.57 0.03114 -0.176916 -0.000108118
0.575 0.0316428 -0.176917 -0.000109863
0.58 0.0321483 -0.176919 -0.000111618
0.585 0.0326564 -0.17692 -0.000113382
0.59 0.0331671 -0.176922 -0.000115155
0.595 0.0336804 -0.176923 -0.000116937
0.6 0.0341962 -0.176925 -0.000118728
0.605 0.0347144 -0.176927 -0.000120527
0.61 0.035235 -0.176928 -0.000122334
0.615 0.0357579 -0.17693 -0.00012415
0.62 0.0362832 -0.176931 -0.000125973
0.625 0.0368107 -0.176933 -0.000127805
0.63 0.0373405 -0.176935 -0.000129644
0.635 0.0378725 -0.176936 -0.000131491
0.64 0.0384066 -0.176938 -0.000133345
0.645 0.0389426 -0.17694 -0.000135206
0.65 0.0394807 -0.176941 -0.000137074
0.655 0.0400206 -0.176943 -0.000138948
0.66 0.0405623 -0.176944 -0.000140829
0.665 0.0411059 -0.176946 -0.000142716
0.67 0.0416514 -0.176948 -0.00014461
0.675 0.0421987 -0.176949 -0.00014651
0.68 0.0427478 -0.176951 -0.000148416
0.685 0.0432985 -0.176953 -0.000150328
0.69 0.0438509 -0.176955 -0.000152245
0.695 0.044405 -0.176956 -0.000154169
0.7 0.0449607 -0.176958 -0.000156098
0.705 0.0455179 -0.17696 -0.000158032
0.71 0.0460765 -0.176961 -0.000159972
0.715 0.0466365 -0.176963 -0.000161916
0.72 0.047198 -0.176965 -0.000163865
0.725 0.0477607 -0.176966 -0.000165818
0.73 0.0483245 -0.176968 -0.000167776
0.735 0.0488895 -0.17697 -0.000169737
0.74 0.0494554 -0.176972 -0.000171701
0.745 0.0500224 -0.176973 -0.00017367
0.75 0.0505903 -0.176975 -0.000175641
0.755 0.0511591 -0.176977 -0.000177616
0.76 0.0517287 -0.176979 -0.000179593
0.765 0.0522991 -0.17698 -0.000181573
0.77 0.0528704 -0.176982 -0.000183556
0.775 0.0534423 -0.176984 -0.000185542
0.78 0.0540149 -0.176986 -0.000187529
0.785 0.0545882 -0.176987 -0.00018952
0.79 0.0551621 -0.176989 -0.000191512
0.795 0.0557367 -0.176991 -0.000193506
0.8 0.0563117 -0.176993 -0.000195502
0.805 0.0568873 -0.176994 -0.0001975
0.81 0.0574633 -0.176996 -0.0001995
0.815 0.0580398 -0.176998 -0.000201501
0.82 0.0586165 -0.177 -0.000203503
0.825 0.0591934 -0.177001 -0.000205506
0.83 0.0597704 -0.177003 -0.000207509
0.835 0.0603475 -0.177005 -0.000209512
0.84 0.0609246 -0.177007 -0.000211515
0.845 0.0615017 -0.177009 -0.000213518
0.85 0.0620786 -0.17701 -0.000215521
0.855 0.0626555 -0.177012 -0.000217524
0.86 0.0632323 -0.177014 -0.000219526
0.865 0.0638088 -0.177016 -0.000221527
0.87 0.064385 -0.177017 -0.000223527
0.875 0.0649608 -0.177019 -0.000225526
0.88 0.0655361 -0.177021 -0.000227523
0.885 0.0661109 -0.177023 -0.000229518
0.89 0.0666852 -0.177024 -0.000231512
0.895 0.067259 -0.177026 -0.000233503
0.9 0.0678322 -0.177028 -0.000235493
0.905 0.068405 -0.17703 -0.000237481
0.91 0.068977 -0.177032 -0.000239467
0.915 0.0695483 -0.177033 -0.00024145
0.92 0.0701186 -0.177035 -0.00024343
0.925 0.070688 -0.177037 -0.000245406
0.93 0.0712566 -0.177039 -0.00024738
0.935 0.0718244 -0.17704 -0.000249351
0.94 0.0723911 -0.177042 -0.000251318
0.945 0.0729567 -0.177044 -0.000253281
0.95 0.0735212 -0.177046 -0.00025524
0.955 0.0740845 -0.177047 -0.000257196
0.96 0.0746464 -0.177049 -0.000259146
0.965 0.075207 -0.177051 -0.000261092
0.97 0.0757661 -0.177052 -0.000263033
0.975 0.0763239 -0.177054 -0.000264969
0.98 0.0768802 -0.177056 -0.0002669
0.985 0.077435 -0.177058 -0.000268825
0.99 0.0779882 -0.177059 -0.000270745
0.995 0.0785398 -0.177061 -0.00027266
1 0.0790898 -0.177063 -0.000274569
1.005 0.0796382 -0.177064 -0.000276473
1.01 0.0801849 -0.177066 -0.00027837
1.015 0.0807298 -0.177068 -0.000280262
1.02 0.081273 -0.177069 -0.000282147
1.025 0.0818142 -0.177071 -0.000284025
1.03 0.0823534 -0.177073 -0.000285897
1.035 0.0828907 -0.177074 -0.000287762
1.04 0.0834259 -0.177076 -0.00028962
1.045 0.083959 -0.177078 -0.00029147
1.05 0.0844898 -0.177079 -0.000293312
1.055 0.0850182 -0.177081 -0.000295147
1.06 0.0855443 -0.177083 -0.000296972
1.065 0.0860679 -0.177084 -0.00029879
1.07 0.0865891 -0.177086 -0.000300599
1.075 0.087108 -0.177087 -0.0003024
1.08 0.0876244 -0.177089 -0.000304192
1.085 0.0881383 -0.177091 -0.000305976
1.09 0.0886495 -0.177092 -0.00030775
1.095 0.0891579 -0.177094 -0.000309515
1.1 0.0896634 -0.177095 -0.000311269
1.105 0.0901662 -0.177097 -0.000313015
1.11 0.0906662 -0.177098 -0.00031475
1.115 0.0911632 -0.1771 -0.000316475
1.12 0.0916571 -0.177102 -0.000318189
1.125 0.0921478 -0.177103 -0.000319892
1.13 0.0926354 -0.177105 -0.000321584
1.135 0.0931197 -0.177106 -0.000323265
1.14 0.0936008 -0.177108 -0.000324935
1.145 0.0940786 -0.177109 -0.000326594
1.15 0.0945531 -0.17711 -0.00032824
1.155 0.0950241 -0.177112 -0.000329875
1.16 0.0954916 -0.177113 -0.000331498
1.165 0.0959555 -0.177115 -0.000333108
1.17 0.0964157 -0.177116 -0.000334705
1.175 0.0968725 -0.177118 -0.000336291
1.18 0.097326 -0.177119 -0.000337865
1.185 0.0977763 -0.17712 -0.000339427
1.19 0.0982231 -0.177122 -0.000340978
1.195 0.0986661 -0.177123 -0.000342516
1.2 0.0991051 -0.177125 -0.000344039
1.205 0.0995402 -0.177126 -0.000345549
1.21 0.0999715 -0.177127 -0.000347046
1.215 0.100399 -0.177129 -0.00034853
1.22 0.100822 -0.17713 -0.000349999
1.225 0.101242 -0.177131 -0.000351454
1.23 0.101657 -0.177132 -0.000352896
1.235 0.102068 -0.177134 -0.000354323
1.24 0.102476 -0.177135 -0.000355737
1.245 0.102879 -0.177136 -0.000357136
1.25 0.103278 -0.177138 -0.00035852
1.255 0.103672 -0.177139 -0.000359889
1.26 0.104062 -0.17714 -0.000361243
1.265 0.104448 -0.177141 -0.000362582
1.27 0.104829 -0.177142 -0.000363905
1.275 0.105206 -0.177144 -0.000365213
1.28 0.105578 -0.177145 -0.000366505
1.285 0.105946 -0.177146 -0.000367782
1.29 0.106309 -0.177147 -0.000369043
1.295 0.106668 -0.177148 -0.000370288
1.3 0.107022 -0.177149 -0.000371517
1.305 0.107372 -0.17715 -0.00037273
1.31 0.107717 -0.177151 -0.000373928
1.315 0.108057 -0.177152 -0.000375109
1.32 0.108393 -0.177153 -0.000376273
1.325 0.108724 -0.177154 -0.000377422
1.33 0.10905 -0.177155 -0.000378554
1.335 0.109372 -0.177156 -0.000379671
1.34 0.109689 -0.177157 -0.000380771
1.345 0.11 -0.177158 -0.000381852
1.35 0.110307 -0.177159 -0.000382916
1.355 0.110608 -0.17716 -0.000383962
1.36 0.110905 -0.177161 -0.000384992
1.365 0.111197 -0.177162 -0.000386005
1.37 0.111483 -0.177163 -0.000386999
1.375 0.111765 -0.177164 -0.000387976
1.38 0.112041 -0.177165 -0.000388934
1.385 0.112312 -0.177166 -0.000389876
1.39 0.112579 -0.177166 -0.0003908
1.395 0.11284 -0.177167 -0.000391707
1.4 0.113096 -0.177168 -0.000392596
1.405 0.113347 -0.177169 -0.000393467
1.41 0.113593 -0.17717 -0.00039432
1.415 0.113834 -0.17717 -0.000395156
1.42 0.114069 -0.177171 -0.000395973
1.425 0.1143 -0.177172 -0.000396773
1.43 0.114524 -0.177172 -0.000397552
1.435 0.114743 -0.177173 -0.000398313
1.44 0.114957 -0.177174 -0.000399055
1.445 0.115166 -0.177174 -0.000399778
1.45 0.115368 -0.177175 -0.000400482
1.455 0.115566 -0.177176 -0.000401167
1.46 0.115757 -0.177176 -0.000401831
1.465 0.115943 -0.177177 -0.000402476
1.47 0.116123 -0.177177 -0.000403103
1.475 0.116298 -0.177178 -0.000403709
1.48 0.116467 -0.177179 -0.000404295
1.485 0.116629 -0.177179 -0.000404858
1.49 0.116785 -0.17718 -0.000405399
1.495 0.116935 -0.17718 -0.000405919
1.5 0.117079 -0.17718 -0.000406418
1.505 0.117217 -0.177181 -0.000406898
1.51 0.117349 -0.177181 -0.000407357
1.515 0.117476 -0.177182 -0.000407796
1.52 0.117597 -0.177182 -0.000408215
1.525 0.117711 -0.177182 -0.000408611
1.53 0.117819 -0.177183 -0.000408986
1.535 0.11792 -0.177183 -0.000409339
1.54 0.118016 -0.177183 -0.000409671
1.545 0.118106 -0.177184 -0.000409983
1.55 0.11819 -0.177184 -0.000410274
1.555 0.118268 -0.177184 -0.000410544
1.56 0.118339 -0.177184 -0.000410792
1.565 0.118405 -0.177185 -0.000411019
1.57 0.118463 -0.177185 -0.000411223
1.575 0.118516 -0.177185 -0.000411406
1.58 0.118563 -0.177185 -0.000411568
1.585 0.118603 -0.177185 -0.000411709
1.59 0.118638 -0.177185 -0.000411827
1.595 0.118666 -0.177185 -0.000411925
1.6 0.118688 -0.177185 -0.000412001
1.605 0.118704 -0.177186 -0.000412057
1.61 0.118713 -0.177186 -0.00041209
1.615 0.118716 -0.177186 -0.000412101
1.62 0.118713 -0.177186 -0.00041209
1.625 0.118704 -0.177186 -0.000412058
1.63 0.118688 -0.177186 -0.000412003
1.635 0.118666 -0.177186 -0.000411927
1.64 0.118638 -0.177186 -0.000411829
1.645 0.118603 -0.177186 -0.000411709
1.65 0.118562 -0.177186 -0.000411566
1.655 0.118515 -0.177186 -0.0004114
1.66 0.118461 -0.177186 -0.000411213
1.665 0.1184 -0.177186 -0.000411003
1.67 0.118333 -0.177186 -0.00041077
1.675 0.11826 -0.177186 -0.000410515
1.68 0.11818 -0.177186 -0.000410238
1.685 0.118093 -0.177186 -0.000409938
1.69 0.118001 -0.177186 -0.000409615
1.695 0.117901 -0.177186 -0.000409269
1.7 0.117795 -0.177186 -0.0004089
1.705 0.117682 -0.177186 -0.000408508
1.71 0.117562 -0.177186 -0.000408092
1.715 0.117435 -0.177186 -0.000407652
1.72 0.117301 -0.177186 -0.000407186
1.725 0.117159 -0.177186 -0.000406693
1.73 0.11701 -0.177186 -0.000406175
1.735 0.116854 -0.177186 -0.000405633
1.74 0.116691 -0.177186 -0.00040507
1.745 0.116522 -0.177186 -0.000404483
1.75 0.116347 -0.177186 -0.000403874
1.755 0.116165 -0.177186 -0.000403241
1.76 0.115975 -0.177186 -0.000402584
1.765 0.115779 -0.177186 -0.000401903
1.77 0.115577 -0.177186 -0.000401199
1.775 0.115367 -0.177186 -0.000400472
1.78 0.115151 -0.177186 -0.000399723
1.785 0.114929 -0.177186 -0.000398951
1.79 0.1147 -0.177186 -0.000398156
1.795 0.114465 -0.177186 -0.000397339
1.8 0.114223 -0.177186 -0.000396499
1.805 0.113975 -0.177186 -0.000395637
1.81 0.113719 -0.177186 -0.00039475
1.815 0.113457 -0.177186 -0.000393839
1.82 0.113188 -0.177186 -0.000392905
1.825 0.112913 -0.177186 -0.00039195
1.83 0.112632 -0.177186 -0.000390976
1.835 0.112346 -0.177186 -0.000389981
1.84 0.112053 -0.177186 -0.000388964
1.845 0.111754 -0.177186 -0.000387926
1.85 0.111448 -0.177186 -0.000386865
1.855 0.111137 -0.177186 -0.000385782
1.86 0.110818 -0.177186 -0.000384677
1.865 0.110493 -0.177186 -0.000383549
1.87 0.110162 -0.177186 -0.000382399
1.875 0.109825 -0.177186 -0.000381228
1.88 0.109482 -0.177186 -0.000380037
1.885 0.109133 -0.177186 -0.000378824
1.89 0.108777 -0.177186 -0.000377591
1.895 0.108416 -0.177186 -0.000376336
1.9 0.108048 -0.177186 -0.00037506
1.905 0.107675 -0.177186 -0.000373762
1.91 0.107295 -0.177186 -0.000372442
1.915 0.106908 -0.177186 -0.000371099
1.92 0.106515 -0.177186 -0.000369736
1.925 0.106117 -0.177186 -0.000368353
1.93 0.105713 -0.177186 -0.000366949
1.935 0.105302 -0.177186 -0.000365522
1.94 0.104884 -0.177186 -0.000364073
1.945 0.10446 -0.177186 -0.0003626
1.95 0.104029 -0.177186 -0.000361104
1.955 0.103592 -0.177186 -0.000359585
1.96 0.103148 -0.177186 -0.000358044
1.965 0.102698 -0.177186 -0.000356481
1.97 0.102242 -0.177186 -0.000354898
1.975 0.10178 -0.177186 -0.000353293
1.98 0.101312 -0.177186 -0.000351667
1.985 0.100837 -0.177186 -0.00035002
1.99 0.100356 -0.177186 -0.00034835
1.995 0.0998697 -0.177186 -0.000346661
2 0.0993778 -0.177186 -0.000344953
2.005 0.0988806 -0.177186 -0.000343227
2.01 0.0983777 -0.177186 -0.00034148
2.015 0.0978689 -0.177186 -0.000339714
2.02 0.0973543 -0.177186 -0.000337927
2.025 0.096834 -0.177186 -0.000336121
2.03 0.0963079 -0.177186 -0.000334294
2.035 0.0957761 -0.177186 -0.000332447
2.04 0.0952391 -0.177186 -0.000330583
2.045 0.0946965 -0.177186 -0.000328698
2.05 0.0941477 -0.177186 -0.000326793
2.055 0.0935927 -0.177186 -0.000324866
2.06 0.0930321 -0.177186 -0.000322919
2.065 0.0924663 -0.177186 -0.000320955
2.07 0.0918955 -0.177186 -0.000318973
2.075 0.0913197 -0.177186 -0.000316973
2.08 0.0907385 -0.177186 -0.000314955
2.085 0.0901519 -0.177186 -0.000312919
2.09 0.08956 -0.177186 -0.000310864
2.095 0.0889625 -0.177186 -0.000308789
2.1 0.0883595 -0.177186 -0.000306695
2.105 0.0877511 -0.177186 -0.000304583
2.11 0.0871373 -0.177186 -0.000302451
2.115 0.0865178 -0.177186 -0.0003003
2.12 0.0858926 -0.177186 -0.000298129
2.125 0.0852616 -0.177186 -0.000295939
2.13 0.0846252 -0.177186 -0.000293729
2.135 0.0839835 -0.177186 -0.000291501
2.14 0.0833367 -0.177186 -0.000289255
2.145 0.0826846 -0.177186 -0.000286991
2.15 0.0820269 -0.177186 -0.000284707
2.155 0.0813635 -0.177186 -0.000282404
2.16 0.0806949 -0.177186 -0.000280082
2.165 0.0800217 -0.177186 -0.000277744
2.17 0.0793438 -0.177186 -0.000275391
2.175 0.0786612 -0.177186 -0.00027302
2.18 0.0779736 -0.177186 -0.000270633
2.185 0.0772814 -0.177186 -0.000268229
2.19 0.0765844 -0.177186 -0.000265809
2.195 0.0758825 -0.177186 -0.000263372
2.2 0.0751756 -0.177186 -0.000260918
2.205 0.0744635 -0.177186 -0.000258445
2.21 0.0737466 -0.177186 -0.000255956
2.215 0.0730255 -0.177186 -0.000253452
2.22 0.0723002 -0.177186 -0.000250934
2.225 0.0715705 -0.177186 -0.0002484
2.23 0.0708365 -0.177186 -0.000245851
2.235 0.0700983 -0.177186 -0.000243288
2.24 0.0693562 -0.177186 -0.000240711
2.245 0.0686099 -0.177186 -0.00023812
2.25 0.0678593 -0.177186 -0.000235514
2.255 0.0671047 -0.177186 -0.000232894
2.26 0.0663459 -0.177186 -0.000230259
2.265 0.0655829 -0.177186 -0.00022761
2.27 0.0648154 -0.177186 -0.000224945
2.275 0.0640436 -0.177186 -0.000222265
2.28 0.0632678 -0.177186 -0.000219571
2.285 0.0624879 -0.177186 -0.000216863
2.29 0.0617036 -0.177186 -0.00021414
2.295 0.0609152 -0.177186 -0.000211402
2.3 0.0601229 -0.177186 -0.000208651
2.305 0.0593272 -0.177186 -0.000205888
2.31 0.058528 -0.177186 -0.000203113
2.315 0.0577254 -0.177186 -0.000200327
2.32 0.0569192 -0.177186 -0.000197527
2.325 0.0561092 -0.177186 -0.000194715
2.33 0.0552949 -0.177186 -0.000191887
2.335 0.0544762 -0.177186 -0.000189045
2.34 0.0536535 -0.177186 -0.000186188
2.345 0.052827 -0.177186 -0.000183318
2.35 0.0519969 -0.177186 -0.000180436
2.355 0.0511632 -0.177186 -0.000177541
2.36 0.0503264 -0.177186 -0.000174636
2.365 0.0494865 -0.177186 -0.00017172
2.37 0.0486437 -0.177186 -0.000168793
2.375 0.0477978 -0.177186 -0.000165856
2.38 0.0469486 -0.177186 -0.000162907
2.385 0.0460963 -0.177186 -0.000159948
2.39 0.0452405 -0.177186 -0.000156977
2.395 0.0443814 -0.177186 -0.000153993
2.4 0.0435189 -0.177186 -0.000150999
2.405 0.0426536 -0.177186 -0.000147994
2.41 0.0417855 -0.177186 -0.00014498
2.415 0.0409149 -0.177186 -0.000141957
2.42 0.0400418 -0.177186 -0.000138925
2.425 0.0391661 -0.177186 -0.000135885
2.43 0.0382879 -0.177186 -0.000132835
2.435 0.037407 -0.177186 -0.000129777
2.44 0.0365232 -0.177186 -0.000126708
2.445 0.0356368 -0.177186 -0.00012363
2.45 0.0347481 -0.177187 -0.000120545
2.455 0.0338571 -0.177187 -0.000117451
2.46 0.0329639 -0.177187 -0.00011435
2.465 0.0320689 -0.177187 -0.000111242
2.47 0.0311723 -0.177187 -0.000108129
2.475 0.0302744 -0.177187 -0.000105011
2.48 0.0293747 -0.177187 -0.000101887
2.485 0.0284728 -0.177187 -9.87555e-05
2.49 0.027569 -0.177187 -9.56174e-05
2.495 0.026664 -0.177187 -9.2475e-05
2.5 0.025758 -0.177188 -8.93291e-05
2.505 0.0248504 -0.177188 -8.61778e-05
2.51 0.0239411 -0.177188 -8.30203e-05
2.515 0.0230303 -0.177188 -7.9858e-05
2.52 0.0221185 -0.177188 -7.66919e-05
2.525 0.0212056 -0.177189 -7.35223e-05
2.53 0.0202919 -0.177189 -7.03496e-05
2.535 0.0193776 -0.177189 -6.7175e-05
2.54 0.0184626 -0.17719 -6.39978e-05
2.545 0.0175458 -0.17719 -6.08147e-05
2.55 0.0166268 -0.177191 -5.76235e-05
2.555 0.0157062 -0.177192 -5.4427e-05
2.56 0.0147853 -0.177192 -5.12295e-05
2.565 0.0138644 -0.177193 -4.80319e-05
2.57 0.0129429 -0.177194 -4.48323e-05
2.575 0.0120205 -0.177195 -4.16295e-05
2.58 0.011097 -0.177196 -3.8423e-05
2.585 0.0101727 -0.177198 -3.52135e-05
2.59 0.0092475 -0.177199 -3.20011e-05
2.595 0.00832161 -0.1772 -2.87861e-05
2.6 0.00739516 -0.177202 -2.5569e-05
2.605 0.00646824 -0.177204 -2.23502e-05
2.61 0.00554101 -0.177207 -1.91303e-05
2.615 0.00461411 -0.177209 -1.59115e-05
2.62 0.0036881 -0.177212 -1.26958e-05
2.625 0.00276273 -0.177215 -9.48248e-06
2.63 0.00183717 -0.177218 -6.26856e-06
2.635 0.000910919 -0.177221 -3.05227e-06
2.64 -1.60785e-05 -0.177223 1.66541e-07
2.645 -0.000943577 -0.177226 3.38705e-06
2.65 -0.0018711 -0.177229 6.60759e-06
2.655 -0.00279825 -0.177232 9.82681e-06
2.66 -0.00372506 -0.177234 1.30448e-05
2.665 -0.00465172 -0.177237 1.62623e-05
2.67 -0.0055783 -0.17724 1.94795e-05
2.675 -0.00650468 -0.177243 2.26959e-05
2.68 -0.00743049 -0.177246 2.59103e-05
2.685 -0.00835527 -0.177248 2.91212e-05
2.69 -0.00927903 -0.177251 3.23285e-05
2.695 -0.0102023 -0.177254 3.55342e-05
2.7 -0.0111256 -0.177257 3.87396e-05
2.705 -0.0120486 -0.17726 4.19444e-05
2.71 -0.0129712 -0.177262 4.51473e-05
2.715 -0.0138927 -0.177265 4.83469e-05
2.72 -0.0148131 -0.177268 5.15422e-05
2.725 -0.0157325 -0.177271 5.47344e-05
2.73 -0.0166523 -0.177274 5.79279e-05
2.735 -0.017573 -0.177276 6.11243e-05
2.74 -0.0184933 -0.177279 6.43194e-05
2.745 -0.0194119 -0.177282 6.75086e-05
2.75 -0.0203292 -0.177285 7.06932e-05
2.755 -0.0212461 -0.177288 7.38763e-05
2.76 -0.0221626 -0.17729 7.70583e-05
2.765 -0.0230781 -0.177293 8.02366e-05
2.77 -0.0239919 -0.177296 8.3409e-05
2.775 -0.0249038 -0.177299 8.65749e-05
2.78 -0.0258136 -0.177301 8.97335e-05
2.785 -0.0267214 -0.177304 9.28852e-05
2.79 -0.0276278 -0.177307 9.6032e-05
2.795 -0.0285329 -0.17731 9.91741e-05
2.8 -0.029436 -0.177312 0.000102309
2.805 -0.0303366 -0.177315 0.000105436
2.81 -0.031235 -0.177318 0.000108555
2.815 -0.0321319 -0.177321 0.000111669
2.82 -0.0330272 -0.177323 0.000114777
2.825 -0.0339202 -0.177326 0.000117877
2.83 -0.0348108 -0.177329 0.000120969
2.835 -0.0356994 -0.177332 0.000124053
2.84 -0.0365863 -0.177334 0.000127132
2.845 -0.0374713 -0.177337 0.000130205
2.85 -0.0383543 -0.17734 0.00013327
2.855 -0.0392349 -0.177342 0.000136327
2.86 -0.0401127 -0.177345 0.000139374
2.865 -0.0409868 -0.177348 0.000142408
2.87 -0.0418575 -0.17735 0.000145431
2.875 -0.0427258 -0.177353 0.000148445
2.88 -0.0435923 -0.177356 0.000151453
2.885 -0.0444569 -0.177358 0.000154455
2.89 -0.0453186 -0.177361 0.000157446
2.895 -0.0461765 -0.177364 0.000160424
2.9 -0.0470302 -0.177366 0.000163388
2.905 -0.0478804 -0.177369 0.000166339
2.91 -0.048728 -0.177371 0.000169281
2.915 -0.049573 -0.177374 0.000172214
2.92 -0.0504153 -0.177377 0.000175138
2.925 -0.0512548 -0.177379 0.000178053
2.93 -0.0520916 -0.177382 0.000180957
2.935 -0.0529255 -0.177384 0.000183852
2.94 -0.0537566 -0.177387 0.000186737
2.945 -0.0545847 -0.177389 0.000189611
2.95 -0.0554095 -0.177392 0.000192474
2.955 -0.0562311 -0.177395 0.000195326
2.96 -0.0570499 -0.177397 0.000198169
2.965 -0.0578658 -0.1774 0.000201001
2.97 -0.058678 -0.177402 0.00020382
2.975 -0.0594856 -0.177405 0.000206624
2.98 -0.0602889 -0.177407 0.000209412
2.985 -0.0610889 -0.177409 0.000212189
2.99 -0.0618864 -0.177412 0.000214957
2.995 -0.0626813 -0.177414 0.000217716
3 -0.0634732 -0.177417 0.000220465
3.005 -0.0642615 -0.177419 0.000223201
3.01 -0.0650463 -0.177422 0.000225925
3.015 -0.0658279 -0.177424 0.000228638
3.02 -0.0666061 -0.177426 0.00023134
3.025 -0.0673802 -0.177429 0.000234027
3.03 -0.0681494 -0.177431 0.000236697
3.035 -0.0689138 -0.177434 0.00023935
3.04 -0.0696739 -0.177436 0.000241988
3.045 -0.0704304 -0.177438 0.000244614
3.05 -0.0711833 -0.177441 0.000247227
3.055 -0.0719324 -0.177443 0.000249827
3.06 -0.0726776 -0.177445 0.000252414
3.065 -0.0734191 -0.177447 0.000254987
3.07 -0.0741565 -0.17745 0.000257547
3.075 -0.0748885 -0.177452 0.000260088
3.08 -0.0756143 -0.177454 0.000262607
3.085 -0.0763346 -0.177456 0.000265107
3.09 -0.0770505 -0.177459 0.000267592
3.095 -0.0777626 -0.177461 0.000270064
3.1 -0.0784706 -0.177463 0.000272521
3.105 -0.0791741 -0.177465 0.000274963
3.11 -0.0798732 -0.177467 0.000277389
3.115 -0.0805683 -0.17747 0.000279802
3.12 -0.0812595 -0.177472 0.000282201
3.125 -0.0819462 -0.177474 0.000284584
3.13 -0.0826284 -0.177476 0.000286952
3.135 -0.0833066 -0.177478 0.000289306
3.14 -0.083981 -0.17748 0.000291646
3.145 -0.0846509 -0.177482 0.000293972
3.15 -0.0853157 -0.177484 0.000296279
3.155 -0.0859753 -0.177486 0.000298568
3.16 -0.0866291 -0.177488 0.000300837
3.165 -0.0872768 -0.17749 0.000303085
3.17 -0.0879185 -0.177492 0.000305312
3.175 -0.0885546 -0.177494 0.00030752
3.18 -0.0891849 -0.177496 0.000309708
3.185 -0.0898081 -0.177498 0.000311871
3.19 -0.0904245 -0.1775 0.00031401
3.195 -0.0910355 -0.177502 0.000316131
3.2 -0.0916424 -0.177504 0.000318237
3.205 -0.092245 -0.177506 0.000320329
3.21 -0.0928425 -0.177508 0.000322402
3.215 -0.0934339 -0.177509 0.000324455
3.22 -0.0940184 -0.177511 0.000326483
3.225 -0.0945961 -0.177513 0.000328488
3.23 -0.095168 -0.177515 0.000330473
3.235 -0.0957354 -0.177517 0.000332442
3.24 -0.0962988 -0.177518 0.000334398
3.245 -0.096858 -0.17752 0.000336339
3.25 -0.0974126 -0.177522 0.000338263
3.255 -0.0979619 -0.177523 0.00034017
3.26 -0.098505 -0.177525 0.000342055
3.265 -0.099042 -0.177527 0.000343918
3.27 -0.0995732 -0.177528 0.000345762
3.275 -0.100099 -0.17753 0.000347587
3.28 -0.10062 -0.177532 0.000349394
3.285 -0.101135 -0.177533 0.00035118
3.29 -0.101643 -0.177535 0.000352944
3.295 -0.102144 -0.177536 0.000354684
3.3 -0.102639 -0.177538 0.000356401
3.305 -0.103128 -0.17754 0.000358098
3.31 -0.10361 -0.177541 0.000359773
3.315 -0.104087 -0.177543 0.000361426
3.32 -0.104556 -0.177544 0.000363056
3.325 -0.10502 -0.177545 0.000364666
3.33 -0.10548 -0.177547 0.00036626
3.335 -0.105934 -0.177548 0.000367838
3.34 -0.106384 -0.17755 0.000369397
3.345 -0.106827 -0.177551 0.000370935
3.35 -0.107264 -0.177552 0.000372452
3.355 -0.107695 -0.177554 0.000373947
3.36 -0.10812 -0.177555 0.000375424
3.365 -0.108541 -0.177556 0.000376884
3.37 -0.108957 -0.177558 0.000378329
3.375 -0.109368 -0.177559 0.000379755
3.38 -0.109773 -0.17756 0.000381161
3.385 -0.110172 -0.177561 0.000382545
3.39 -0.110565 -0.177563 0.000383908
3.395 -0.11095 -0.177564 0.000385246
3.4 -0.111329 -0.177565 0.000386559
3.405 -0.1117 -0.177566 0.000387847
3.41 -0.112065 -0.177567 0.000389113
3.415 -0.112424 -0.177569 0.000390358
3.42 -0.112778 -0.17757 0.000391588
3.425 -0.113128 -0.177571 0.000392802
3.43 -0.113472 -0.177572 0.000393998
3.435 -0.113811 -0.177573 0.000395173
3.44 -0.114144 -0.177574 0.000396329
3.445 -0.114471 -0.177575 0.000397464
3.45 -0.114792 -0.177576 0.000398579
3.455 -0.115108 -0.177577 0.000399674
3.46 -0.115418 -0.177578 0.000400751
3.465 -0.115723 -0.177579 0.000401809
3.47 -0.116022 -0.17758 0.000402845
3.475 -0.116314 -0.177581 0.000403859
3.48 -0.116601 -0.177582 0.000404855
3.485 -0.116883 -0.177582 0.000405833
3.49 -0.117158 -0.177583 0.000406787
3.495 -0.117425 -0.177584 0.000407716
3.5 -0.117685 -0.177585 0.000408619
3.505 -0.117939 -0.177586 0.000409497
3.51 -0.118185 -0.177587 0.000410353
3.515 -0.118426 -0.177587 0.000411188
3.52 -0.11866 -0.177588 0.000412
3.525 -0.118887 -0.177589 0.000412787
3.53 -0.119107 -0.177589 0.000413551
3.535 -0.11932 -0.17759 0.000414291
3.54 -0.119526 -0.177591 0.000415007
3.545 -0.119726 -0.177591 0.000415699
3.55 -0.119918 -0.177592 0.000416368
3.555 -0.120105 -0.177593 0.000417015
3.56 -0.120285 -0.177593 0.000417641
3.565 -0.12046 -0.177594 0.000418246
3.57 -0.120629 -0.177594 0.000418833
3.575 -0.120794 -0.177595 0.000419406
3.58 -0.120955 -0.177595 0.000419963
3.585 -0.12111 -0.177596 0.000420501
3.59 -0.121259 -0.177596 0.000421018
3.595 -0.121401 -0.177597 0.000421511
3.6 -0.121535 -0.177597 0.000421976
3.605 -0.121661 -0.177597 0.000422415
3.61 -0.12178 -0.177598 0.000422829
3.615 -0.121893 -0.177598 0.000423218
3.62 -0.121998 -0.177598 0.000423584
3.625 -0.122096 -0.177599 0.000423922
3.63 -0.122185 -0.177599 0.000424234
3.635 -0.122267 -0.177599 0.000424519
3.64 -0.122343 -0.1776 0.000424779
3.645 -0.122411 -0.1776 0.000425017
3.65 -0.122474 -0.1776 0.000425235
3.655 -0.122532 -0.1776 0.000425436
3.66 -0.122584 -0.1776 0.000425617
3.665 -0.122629 -0.1776 0.000425774
3.67 -0.122666 -0.177601 0.000425902
3.675 -0.122696 -0.177601 0.000426005
3.68 -0.122719 -0.177601 0.000426086
3.685 -0.122737 -0.177601 0.000426147
3.69 -0.122748 -0.177601 0.000426185
3.695 -0.122751 -0.177601 0.000426196
3.7 -0.122746 -0.177601 0.000426181
3.705 -0.122735 -0.177601 0.000426141
3.71 -0.122718 -0.177601 0.000426081
3.715 -0.122694 -0.177601 0.000426
3.72 -0.122665 -0.177601 0.000425898
3.725 -0.12263 -0.177601 0.000425778
3.73 -0.122591 -0.177601 0.000425641
3.735 -0.122546 -0.177601 0.000425485
3.74 -0.122494 -0.177601 0.000425305
3.745 -0.122436 -0.177601 0.000425102
3.75 -0.122371 -0.177601 0.000424877
3.755 -0.1223 -0.177601 0.000424629
3.76 -0.122223 -0.177601 0.000424363
3.765 -0.122141 -0.177601 0.000424078
3.77 -0.122054 -0.177601 0.000423777
3.775 -0.121962 -0.177601 0.000423457
3.78 -0.121864 -0.177601 0.000423118
3.785 -0.121761 -0.177601 0.000422758
3.79 -0.12165 -0.177601 0.000422374
3.795 -0.121533 -0.177601 0.000421967
3.8 -0.121409 -0.177601 0.000421537
3.805 -0.121278 -0.177601 0.000421083
3.81 -0.12114 -0.177601 0.000420605
3.815 -0.120996 -0.177601 0.000420103
3.82 -0.120845 -0.177601 0.00041958
3.825 -0.120688 -0.177601 0.000419033
3.83 -0.120523 -0.177601 0.000418462
3.835 -0.120352 -0.177601 0.000417868
3.84 -0.120175 -0.177601 0.000417254
3.845 -0.119992 -0.177601 0.000416619
3.85 -0.119804 -0.177601 0.000415965
3.855 -0.119611 -0.177601 0.000415293
3.86 -0.119412 -0.177601 0.000414602
3.865 -0.119207 -0.177601 0.000413892
3.87 -0.118997 -0.177601 0.000413162
3.875 -0.118781 -0.177601 0.000412414
3.88 -0.11856 -0.177601 0.000411646
3.885 -0.118334 -0.177601 0.000410859
3.89 -0.118101 -0.177601 0.000410052
3.895 -0.117863 -0.177601 0.000409224
3.9 -0.117618 -0.177601 0.000408373
3.905 -0.117365 -0.177601 0.000407497
3.91 -0.117107 -0.177601 0.0004066
3.915 -0.116844 -0.177601 0.000405685
3.92 -0.116575 -0.177601 0.000404752
3.925 -0.116301 -0.177601 0.0004038
3.93 -0.116022 -0.177601 0.000402831
3.935 -0.115738 -0.177601 0.000401847
3.94 -0.11545 -0.177601 0.000400846
3.945 -0.115157 -0.177601 0.000399829
3.95 -0.11486 -0.177601 0.000398796
3.955 -0.114558 -0.177601 0.00039775
3.96 -0.114252 -0.177601 0.000396686
3.965 -0.113941 -0.177601 0.000395607
3.97 -0.113626 -0.177601 0.000394511
3.975 -0.113306 -0.177601 0.000393401
3.98 -0.112982 -0.177601 0.000392276
3.985 -0.112653 -0.177601 0.000391134
3.99 -0.112319 -0.177601 0.000389975
3.995 -0.11198 -0.177601 0.000388799
4 -0.111636 -0.177601 0.000387605
4.005 -0.111287 -0.177601 0.000386391
4.01 -0.110932 -0.177601 0.000385158
4.015 -0.110571 -0.177601 0.000383906
4.02 -0.110205 -0.177601 0.000382634
4.025 -0.109833 -0.177601 0.000381342
4.03 -0.109455 -0.177601 0.00038003
4.035 -0.109072 -0.177601 0.000378702
4.04 -0.108685 -0.177601 0.000377357
4.045 -0.108292 -0.177601 0.000375994
4.05 -0.107894 -0.177601 0.000374611
4.055 -0.107491 -0.177601 0.00037321
4.06 -0.107082 -0.177601 0.00037179
4.065 -0.106669 -0.177601 0.000370358
4.07 -0.106254 -0.177601 0.000368915
4.075 -0.105835 -0.177601 0.000367462
4.08 -0.105413 -0.177601 0.000365995
4.085 -0.104985 -0.177601 0.00036451
4.09 -0.104553 -0.177601 0.000363008
4.095 -0.104115 -0.177601 0.00036149
4.1 -0.103675 -0.177601 0.00035996
4.105 -0.103231 -0.177601 0.000358419
4.11 -0.102783 -0.177601 0.000356864
4.115 -0.102331 -0.177601 0.000355295
4.12 -0.101875 -0.177601 0.000353712
4.125 -0.101416 -0.177601 0.000352118
4.13 -0.100953 -0.177601 0.000350511
4.135 -0.100486 -0.177601 0.000348889
4.14 -0.100014 -0.177601 0.00034725
4.145 -0.0995381 -0.177601 0.000345596
4.15 -0.0990585 -0.177601 0.000343931
4.155 -0.098576 -0.177601 0.000342256
4.16 -0.0980906 -0.177601 0.000340571
4.165 -0.0976018 -0.177601 0.000338873
4.17 -0.0971096 -0.177601 0.000337164
4.175 -0.0966141 -0.177601 0.000335444
4.18 -0.0961154 -0.177601 0.000333712
4.185 -0.095613 -0.177601 0.000331968
4.19 -0.0951065 -0.177601 0.000330209
4.195 -0.0945957 -0.177601 0.000328436
4.2 -0.0940805 -0.177601 0.000326647
4.205 -0.0935607 -0.177601 0.000324842
4.21 -0.0930364 -0.177601 0.000323021
4.215 -0.0925081 -0.177601 0.000321187
4.22 -0.0919765 -0.177601 0.000319341
4.225 -0.091442 -0.177601 0.000317485
4.23 -0.0909052 -0.177601 0.000315621
4.235 -0.0903662 -0.177601 0.00031375
4.24 -0.0898246 -0.177601 0.000311869
4.245 -0.08928 -0.177601 0.000309978
4.25 -0.088733 -0.177601 0.000308079
4.255 -0.0881839 -0.177601 0.000306172
4.26 -0.0876323 -0.177601 0.000304257
4.265 -0.0870777 -0.177601 0.000302331
4.27 -0.08652 -0.177601 0.000300395
4.275 -0.0859595 -0.177601 0.000298449
4.28 -0.0853967 -0.177601 0.000296495
4.285 -0.0848316 -0.177601 0.000294532
4.29 -0.0842638 -0.177601 0.000292561
4.295 -0.0836931 -0.177601 0.000290579
4.3 -0.0831198 -0.177601 0.000288589
4.305 -0.0825444 -0.177601 0.000286591
4.31 -0.0819671 -0.177601 0.000284586
4.315 -0.0813876 -0.177601 0.000282574
4.32 -0.0808054 -0.177601 0.000280553
4.325 -0.0802203 -0.177601 0.000278521
4.33 -0.0796332 -0.177601 0.000276482
4.335 -0.0790446 -0.177601 0.000274439
4.34 -0.0784548 -0.177601 0.000272391
4.345 -0.0778635 -0.177601 0.000270337
4.35 -0.0772697 -0.177601 0.000268276
4.355 -0.0766724 -0.177601 0.000266202
4.36 -0.0760718 -0.177601 0.000264116
4.365 -0.0754692 -0.177601 0.000262024
4.37 -0.0748663 -0.177601 0.000259931
4.375 -0.0742629 -0.177601 0.000257836
4.38 -0.0736582 -0.177601 0.000255736
4.385 -0.0730519 -0.177601 0.000253631
4.39 -0.0724445 -0.177601 0.000251522
4.395 -0.0718367 -0.177601 0.000249411
4.4 -0.0712276 -0.177601 0.000247296
4.405 -0.0706163 -0.177601 0.000245174
4.41 -0.0700027 -0.177601 0.000243043
4.415 -0.0693878 -0.177601 0.000240908
4.42 -0.0687726 -0.177601 0.000238772
4.425 -0.068157 -0.177601 0.000236634
4.43 -0.0675395 -0.177601 0.00023449
4.435 -0.0669193 -0.177601 0.000232337
4.44 -0.0662975 -0.177601 0.000230178
4.445 -0.0656752 -0.177601 0.000228017
4.45 -0.0650531 -0.177601 0.000225857
4.455 -0.0644306 -0.177601 0.000223696
4.46 -0.0638075 -0.177601 0.000221532
4.465 -0.0631833 -0.177601 0.000219365
4.47 -0.0625585 -0.177601 0.000217195
4.475 -0.0619334 -0.177601 0.000215025
4.48 -0.0613078 -0.177601 0.000212853
4.485 -0.0606804 -0.177601 0.000210674
4.49 -0.0600496 -0.177601 0.000208484
4.495 -0.0594157 -0.177601 0.000206283
4.5 -0.0587798 -0.177601 0.000204075
4.505 -0.0581431 -0.177601 0.000201864
4.51 -0.057506 -0.177601 0.000199652
4.515 -0.0568682 -0.177601 0.000197437
4.52 -0.0562297 -0.177601 0.00019522
4.525 -0.0555912 -0.177601 0.000193003
4.53 -0.0549539 -0.177601 0.00019079
4.535 -0.054318 -0.177601 0.000188583
4.54 -0.0536832 -0.177601 0.000186378
4.545 -0.0530486 -0.177601 0.000184175
4.55 -0.052414 -0.177601 0.000181971
4.555 -0.0517795 -0.177601 0.000179768
4.56 -0.051145 -0.177601 0.000177565
4.565 -0.0505104 -0.177601 0.000175361
4.57 -0.049875 -0.177601 0.000173155
4.575 -0.0492383 -0.177601 0.000170945
4.58 -0.0486007 -0.177601 0.000168731
4.585 -0.0479636 -0.177601 0.000166519
4.59 -0.0473279 -0.177601 0.000164311
4.595 -0.0466935 -0.177601 0.000162109
4.6 -0.0460607 -0.177601 0.000159911
4.605 -0.0454297 -0.177601 0.00015772
4.61 -0.0448007 -0.177601 0.000155536
4.615 -0.0441733 -0.177601 0.000153358
4.62 -0.043547 -0.177601 0.000151183
4.625 -0.0429214 -0.177601 0.000149011
4.63 -0.0422965 -0.177601 0.000146841
4.635 -0.041672 -0.177601 0.000144673
4.64 -0.0410476 -0.177601 0.000142505
4.645 -0.0404238 -0.177601 0.000140339
4.65 -0.0398017 -0.177601 0.000138179
4.655 -0.039181 -0.177601 0.000136023
4.66 -0.0385605 -0.177601 0.000133869
4.665 -0.0379401 -0.177601 0.000131715
4.67 -0.0373207 -0.177601 0.000129564
4.675 -0.0367031 -0.177601 0.000127419
4.68 -0.0360876 -0.177601 0.000125283
4.685 -0.0354746 -0.177601 0.000123154
4.69 -0.0348636 -0.177601 0.000121032
4.695 -0.0342546 -0.177601 0.000118918
4.7 -0.0336483 -0.177601 0.000116813
4.705 -0.0330443 -0.177601 0.000114716
4.71 -0.032442 -0.177601 0.000112624
4.715 -0.0318404 -0.177601 0.000110535
4.72 -0.0312395 -0.177601 0.000108449
4.725 -0.0306403 -0.177601 0.000106368
4.73 -0.0300439 -0.177601 0.000104297
4.735 -0.0294503 -0.177601 0.000102236
4.74 -0.0288583 -0.177601 0.000100181
4.745 -0.0282666 -0.177601 9.81263e-05
4.75 -0.0276759 -0.177601 9.60751e-05
4.755 -0.0270879 -0.177601 9.40334e-05
4.76 -0.0265037 -0.177601 9.20048e-05
4.765 -0.0259226 -0.177601 8.99873e-05
4.77 -0.0253439 -0.177601 8.79779e-05
4.775 -0.0247673 -0.177601 8.59758e-05
4.78 -0.0241925 -0.177601 8.39801e-05
4.785 -0.0236196 -0.177601 8.19907e-05
4.79 -0.0230492 -0.177601 8.00102e-05
4.795 -0.0224817 -0.177601 7.80397e-05
4.8 -0.0219158 -0.177601 7.60749e-05
4.805 -0.0213506 -0.177601 7.41123e-05
4.81 -0.0207872 -0.177601 7.21562e-05
4.815 -0.0202272 -0.177601 7.02117e-05
4.82 -0.0196703 -0.177601 6.8278e-05
4.825 -0.0191153 -0.177601 6.63508e-05
4.83 -0.0185617 -0.177601 6.44287e-05
4.835 -0.0180096 -0.177601 6.25117e-05
4.84 -0.0174589 -0.177601 6.05995e-05
4.845 -0.0169102 -0.177601 5.86943e-05
4.85 -0.0163642 -0.177601 5.67983e-05
4.855 -0.0158204 -0.177601 5.49103e-05
4.86 -0.0152782 -0.177601 5.30277e-05
4.865 -0.0147382 -0.177601 5.11526e-05
4.87 -0.0142017 -0.177601 4.92897e-05
4.875 -0.0136693 -0.177601 4.7441e-05
4.88 -0.0131408 -0.177601 4.56059e-05
4.885 -0.0126151 -0.177601 4.37807e-05
4.89 -0.0120913 -0.177601 4.1962e-05
4.895 -0.0115698 -0.177601 4.01513e-05
4.9 -0.0110521 -0.177601 3.83537e-05
4.905 -0.0105384 -0.177601 3.657e-05
4.91 -0.0100278 -0.177601 3.4797e-05
4.915 -0.00951983 -0.177601 3.30332e-05
4.92 -0.00901492 -0.177601 3.12801e-05
4.925 -0.00851335 -0.177601 2.95385e-05
4.93 -0.00801444 -0.177601 2.78062e-05
4.935 -0.00751773 -0.177601 2.60815e-05
4.94 -0.0070242 -0.177601 2.43679e-05
4.945 -0.00653529 -0.177601 2.26702e-05
4.95 -0.00605108 -0.177601 2.0989e-05
4.955 -0.00557049 -0.177601 1.93203e-05
4.96 -0.00509303 -0.177601 1.76624e-05
4.965 -0.00461961 -0.177601 1.60186e-05
4.97 -0.00415087 -0.177601 1.4391e-05
4.975 -0.00368603 -0.177601 1.2777e-05
4.98 -0.00322391 -0.177601 1.11724e-05
4.985 -0.00276451 -0.177601 9.57726e-06
4.99 -0.0023089 -0.177601 7.9953e-06
4.995 -0.00185802 -0.177601 6.42974e-06
5 -0.00141182 -0.177601 4.88042e-06
5.005 -0.000969458 -0.177601 3.34445e-06
5.01 -0.000530471 -0.177601 1.82019e-06
5.015 -9.55592e-05 -0.177601 3.10078e-07
5.02 0.00033433 -0.177601 -1.18259e-06
5.025 0.000759388 -0.177601 -2.65849e-06
5.03 0.00118062 -0.177601 -4.12108e-06
5.035 0.00159851 -0.177601 -5.57209e-06
5.04 0.00201261 -0.177601 -7.00995e-06
5.045 0.00242213 -0.177601 -8.4319e-06
5.05 0.00282675 -0.177601 -9.83682e-06
5.055 0.00322674 -0.177601 -1.12257e-05
5.06 0.00362237 -0.177601 -1.25994e-05
5.065 0.00401347 -0.177601 -1.39574e-05
5.07 0.00439983 -0.177601 -1.52989e-05
5.075 0.0047814 -0.177601 -1.66238e-05
5.08 0.00515838 -0.177601 -1.79328e-05
5.085 0.00553126 -0.177601 -1.92275e-05
5.09 0.00590012 -0.177601 -2.05082e-05
5.095 0.00626454 -0.177601 -2.17736e-05
5.1 0.00662409 -0.177601 -2.3022e-05
5.105 0.00697894 -0.177601 -2.42541e-05
5.11 0.00732953 -0.177601 -2.54715e-05
5.115 0.00767561 -0.177601 -2.66731e-05
5.12 0.0080161 -0.177601 -2.78554e-05
5.125 0.00835007 -0.177601 -2.9015e-05
5.13 0.00867769 -0.177601 -3.01526e-05
5.135 0.00900031 -0.177601 -3.12728e-05
5.14 0.00931938 -0.177601 -3.23807e-05
5.145 0.00963537 -0.177601 -3.34779e-05
5.15 0.00994782 -0.177601 -3.45627e-05
5.155 0.0102559 -0.177601 -3.56327e-05
5.16 0.0105594 -0.177601 -3.66864e-05
5.165 0.0108586 -0.177601 -3.7725e-05
5.17 0.0111537 -0.177601 -3.87498e-05
5.175 0.0114449 -0.177601 -3.97609e-05
5.18 0.0117317 -0.177601 -4.07567e-05
5.185 0.0120133 -0.177601 -4.17346e-05
5.19 0.0122897 -0.177601 -4.26944e-05
5.195 0.0125622 -0.177601 -4.36406e-05
5.2 0.0128326 -0.177601 -4.45793e-05
5.205 0.0131009 -0.177601 -4.55108e-05
5.21 0.013365 -0.177601 -4.64281e-05
5.215 0.0136235 -0.177601 -4.73255e-05
5.22 0.0138768 -0.177601 -4.82049e-05
5.225 0.0141258 -0.177601 -4.90697e-05
5.23 0.0143705 -0.177601 -4.99194e-05
5.235 0.0146107 -0.177601 -5.07534e-05
5.24 0.0148471 -0.177601 -5.15742e-05
5.245 0.0150799 -0.177601 -5.23826e-05
5.25 0.0153089 -0.177601 -5.31777e-05
5.255 0.0155344 -0.177601 -5.39607e-05
5.26 0.0157566 -0.177601 -5.47321e-05
5.265 0.0159742 -0.177601 -5.54877e-05
5.27 0.0161859 -0.177601 -5.62228e-05
5.275 0.0163914 -0.177601 -5.69364e-05
5.28 0.016591 -0.177601 -5.76295e-05
5.285 0.016785 -0.177601 -5.83031e-05
5.29 0.0169737 -0.177601 -5.89582e-05
5.295 0.0171572 -0.177601 -5.95955e-05
5.3 0.0173354 -0.177601 -6.02139e-05
5.305 0.0175078 -0.177601 -6.08127e-05
5.31 0.0176748 -0.177601 -6.13925e-05
5.315 0.0178367 -0.177601 -6.19548e-05
5.32 0.0179936 -0.177601 -6.24995e-05
5.325 0.0181451 -0.177601 -6.30254e-05
5.33 0.0182908 -0.177601 -6.35315e-05
5.335 0.0184306 -0.177601 -6.40169e-05
5.34 0.0185642 -0.177601 -6.44809e-05
5.345 0.0186922 -0.177601 -6.49251e-05
5.35 0.0188158 -0.177601 -6.53543e-05
5.355 0.0189362 -0.177601 -6.57723e-05
5.36 0.0190529 -0.177601 -6.61774e-05
5.365 0.0191646 -0.177601 -6.65656e-05
5.37 0.019271 -0.177601 -6.6935e-05
5.375 0.0193722 -0.177601 -6.72863e-05
5.38 0.0194679 -0.177601 -6.76187e-05
5.385 0.0195576 -0.177601 -6.793e-05
5.39 0.0196411 -0.177601 -6.82199e-05
5.395 0.019719 -0.177601 -6.84906e-05
5.4 0.019792 -0.177601 -6.87438e-05
5.405 0.0198599 -0.177601 -6.89796e-05
5.41 0.0199223 -0.177601 -6.91965e-05
5.415 0.0199791 -0.177601 -6.93935e-05
5.42 0.0200299 -0.177601 -6.957e-05
5.425 0.020075 -0.177601 -6.97266e-05
5.43 0.0201151 -0.177601 -6.98659e-05
5.435 0.0201514 -0.177601 -6.99918e-05
5.44 0.020184 -0.177601 -7.01052e-05
5.445 0.0202123 -0.177601 -7.02033e-05
5.45 0.0202355 -0.177601 -7.02838e-05
5.455 0.020254 -0.177601 -7.03481e-05
5.46 0.0202684 -0.177601 -7.0398e-05
5.465 0.020278 -0.177601 -7.04314e-05
5.47 0.0202823 -0.177601 -7.04463e-05
5.475 0.0202815 -0.177601 -7.04435e-05
5.48 0.0202767 -0.177601 -7.04268e-05
5.485 0.020269 -0.177601 -7.04001e-05
5.49 0.0202586 -0.177601 -7.03639e-05
5.495 0.020245 -0.177601 -7.0317e-05
5.5 0.0202282 -0.177601 -7.02585e-05
5.505 0.0202074 -0.177601 -7.01864e-05
5.51 0.0201822 -0.177601 -7.00989e-05
5.515 0.0201527 -0.177601 -6.99963e-05
5.52 0.0201184 -0.177601 -6.98772e-05
5.525 0.0200785 -0.177601 -6.97386e-05
5.53 0.0200329 -0.177601 -6.95803e-05
5.535 0.0199823 -0.177601 -6.94048e-05
5.54 0.0199275 -0.177601 -6.92143e-05
5.545 0.0198685 -0.177601 -6.90097e-05
5.55 0.0198052 -0.177601 -6.87897e-05
5.555 0.0197366 -0.177601 -6.85517e-05
5.56 0.0196623 -0.177601 -6.82934e-05
5.565 0.0195822 -0.177601 -6.80153e-05
5.57 0.0194967 -0.177601 -6.77187e-05
5.575 0.0194062 -0.177601 -6.74044e-05
5.58 0.0193113 -0.177601 -6.70748e-05
5.585 0.0192131 -0.177601 -6.67337e-05
5.59 0.0191115 -0.177601 -6.6381e-05
5.595 0.0190054 -0.177601 -6.60128e-05
5.6 0.0188945 -0.177601 -6.56277e-05
5.605 0.0187796 -0.177601 -6.52287e-05
5.61 0.0186616 -0.177601 -6.48189e-05
5.615 0.0185402 -0.177601 -6.43975e-05
5.62 0.0184147 -0.177601 -6.39616e-05
5.625 0.0182841 -0.177601 -6.35083e-05
5.63 0.0181485 -0.177601 -6.30374e-05
5.635 0.0180084 -0.177601 -6.25509e-05
5.64 0.017864 -0.177601 -6.20496e-05
5.645 0.017715 -0.177601 -6.1532e-05
5.65 0.0175608 -0.177601 -6.09968e-05
5.655 0.0174019 -0.177601 -6.0445e-05
5.66 0.0172384 -0.177601 -5.98774e-05
5.665 0.0170704 -0.177601 -5.9294e-05
5.67 0.0168982 -0.177601 -5.8696e-05
5.675 0.0167222 -0.177601 -5.8085e-05
5.68 0.016542 -0.177601 -5.7459e-05
5.685 0.0163565 -0.177601 -5.68152e-05
5.69 0.0161661 -0.177601 -5.61539e-05
5.695 0.0159717 -0.177601 -5.54789e-05
5.7 0.0157744 -0.177601 -5.47938e-05
5.705 0.0155747 -0.177601 -5.41007e-05
5.71 0.0153729 -0.177601 -5.33998e-05
5.715 0.0151681 -0.177601 -5.26887e-05
5.72 0.0149592 -0.177601 -5.19632e-05
5.725 0.0147451 -0.177601 -5.12201e-05
5.73 0.014526 -0.177601 -5.04592e-05
5.735 0.0143025 -0.177601 -4.96832e-05
5.74 0.0140754 -0.177601 -4.88947e-05
5.745 0.0138447 -0.177601 -4.80937e-05
5.75 0.0136103 -0.177601 -4.72798e-05
5.755 0.0133727 -0.177601 -4.64546e-05
5.76 0.0131323 -0.177601 -4.56199e-05
5.765 0.0128894 -0.177601 -4.47766e-05
5.77 0.0126437 -0.177601 -4.39235e-05
5.775 0.0123943 -0.177601 -4.30573e-05
5.78 0.0121405 -0.177601 -4.2176e-05
5.785 0.0118826 -0.177601 -4.12809e-05
5.79 0.0116214 -0.177601 -4.03738e-05
5.795 0.0113565 -0.177601 -3.94541e-05
5.8 0.0110876 -0.177601 -3.85202e-05
5.805 0.0108146 -0.177601 -3.75722e-05
5.81 0.0105379 -0.177601 -3.66115e-05
5.815 0.0102582 -0.177601 -3.56406e-05
5.82 0.00997717 -0.177601 -3.46647e-05
5.825 0.00969573 -0.177601 -3.36874e-05
5.83 0.00941361 -0.177601 -3.27078e-05
5.835 0.00912988 -0.177601 -3.17227e-05
5.84 0.00884404 -0.177601 -3.07302e-05
5.845 0.0085557 -0.177601 -2.9729e-05
5.85 0.00826468 -0.177601 -2.87185e-05
5.855 0.00797097 -0.177601 -2.76987e-05
5.86 0.00767447 -0.177601 -2.66692e-05
5.865 0.00737535 -0.177601 -2.56306e-05
5.87 0.00707415 -0.177601 -2.45847e-05
5.875 0.00677123 -0.177601 -2.35329e-05
5.88 0.00646655 -0.177601 -2.2475e-05
5.885 0.00616006 -0.177601 -2.14108e-05
5.89 0.00585144 -0.177601 -2.03392e-05
5.895 0.00554002 -0.177601 -1.92579e-05
5.9 0.0052258 -0.177601 -1.81668e-05
5.905 0.00490968 -0.177601 -1.70692e-05
5.91 0.00459228 -0.177601 -1.59671e-05
5.915 0.00427319 -0.177601 -1.48592e-05
5.92 0.00395132 -0.177601 -1.37416e-05
5.925 0.00362602 -0.177601 -1.26121e-05
5.93 0.00329763 -0.177601 -1.14718e-05
5.935 0.00296698 -0.177601 -1.03237e-05
5.94 0.00263444 -0.177601 -9.16907e-06
5.945 0.00229965 -0.177601 -8.00661e-06
5.95 0.00196206 -0.177601 -6.83442e-06
5.955 0.00162157 -0.177601 -5.65216e-06
5.96 0.00127846 -0.177601 -4.46078e-06
5.965 0.000933134 -0.177601 -3.26175e-06
5.97 0.000586117 -0.177601 -2.05683e-06
5.975 0.000237344 -0.177601 -8.45811e-07
5.98 -0.000113932 -0.177601 3.73896e-07
5.985 -0.000468279 -0.177601 1.60427e-06
5.99 -0.000825665 -0.177601 2.84519e-06
5.995 -0.00118555 -0.177601 4.09479e-06
6 -0.00154721 -0.177601 5.35056e-06
6.005 -0.0019103 -0.177601 6.61129e-06
6.01 -0.00227505 -0.177601 7.87777e-06
6.015 -0.0026418 -0.177601 9.15121e-06
6.02 -0.00301063 -0.177601 1.04319e-05
6.025 -0.00338132 -0.177601 1.1719e-05
6.03 -0.00375357 -0.177601 1.30115e-05
6.035 -0.00412742 -0.177601 1.43096e-05
6.04 -0.00450336 -0.177601 1.56149e-05
6.045 -0.00488183 -0.177601 1.69291e-05
6.05 -0.00526325 -0.177601 1.82535e-05
6.055 -0.00564788 -0.177601 1.9589e-05
6.06 -0.00603526 -0.177601 2.09341e-05
6.065 -0.00642411 -0.177601 2.22842e-05
6.07 -0.00681329 -0.177601 2.36356e-05
6.075 -0.0072026 -0.177601 2.49873e-05
6.08 -0.00759184 -0.177601 2.63388e-05
6.085 -0.0079802 -0.177601 2.76873e-05
6.09 -0.00836761 -0.177601 2.90325e-05
6.095 -0.00875483 -0.177601 3.0377e-05
6.1 -0.00914237 -0.177601 3.17227e-05
6.105 -0.0095307 -0.177601 3.3071e-05
6.11 -0.00992049 -0.177601 3.44244e-05
6.115 -0.0103118 -0.177601 3.57831e-05
6.12 -0.0107039 -0.177601 3.71447e-05
6.125 -0.0110966 -0.177601 3.85081e-05
6.13 -0.0114903 -0.177601 3.9875e-05
6.135 -0.0118855 -0.177601 4.12476e-05
6.14 -0.0122824 -0.177601 4.26255e-05
6.145 -0.0126806 -0.177601 4.40083e-05
6.15 -0.01308 -0.177601 4.53949e-05
6.155 -0.0134799 -0.177601 4.67834e-05
6.16 -0.0138799 -0.177601 4.81724e-05
6.165 -0.0142801 -0.177601 4.95619e-05
6.17 -0.0146801 -0.177601 5.09507e-05
6.175 -0.0150788 -0.177601 5.23352e-05
6.18 -0.0154759 -0.177601 5.3714e-05
6.185 -0.0158727 -0.177601 5.50919e-05
6.19 -0.0162708 -0.177601 5.64742e-05
6.195 -0.0166699 -0.177601 5.78598e-05
6.2 -0.0170682 -0.177601 5.92429e-05
6.205 -0.0174649 -0.177601 6.06205e-05
6.21 -0.0178609 -0.177601 6.19954e-05
6.215 -0.0182572 -0.177601 6.33712e-05
6.22 -0.0186533 -0.177601 6.47468e-05
6.225 -0.0190488 -0.177601 6.61199e-05
6.23 -0.0194439 -0.177601 6.74917e-05
6.235 -0.0198393 -0.177601 6.88647e-05
6.24 -0.0202349 -0.177601 7.02382e-05
6.245 -0.02063 -0.177601 7.16101e-05
6.25 -0.0210247 -0.177601 7.29809e-05
6.255 -0.0214199 -0.177601 7.43529e-05
6.26 -0.0218154 -0.177601 7.57262e-05
6.265 -0.0222101 -0.177601 7.70968e-05
6.27 -0.0226029 -0.177601 7.84607e-05
6.275 -0.0229937 -0.177601 7.98177e-05
6.28 -0.0233836 -0.177601 8.11713e-05
6.285 -0.0237733 -0.177601 8.25245e-05
6.29 -0.0241624 -0.177601 8.38754e-05
6.295 -0.0245492 -0.177601 8.52184e-05
6.3 -0.0249324 -0.177601 8.6549e-05
6.305 -0.0253127 -0.177601 8.78696e-05
6.31 -0.0256921 -0.177601 8.91871e-05
6.315 -0.0260717 -0.177601 9.05052e-05
6.32 -0.0264514 -0.177601 9.18235e-05
6.325 -0.026831 -0.177601 9.31414e-05
6.33 -0.0272106 -0.177601 9.44594e-05
6.335 -0.02759 -0.177601 9.5777e-05
6.34 -0.0279684 -0.177601 9.70908e-05
6.345 -0.0283449 -0.177601 9.83981e-05
6.35 -0.0287198 -0.177601 9.96998e-05
6.355 -0.0290942 -0.177601 0.000101
6.36 -0.0294687 -0.177601 0.0001023
6.365 -0.0298426 -0.177601 0.000103598
6.37 -0.0302157 -0.177601 0.000104894
6.375 -0.0305883 -0.177601 0.000106188
6.38 -0.0309604 -0.177601 0.00010748
6.385 -0.0313326 -0.177601 0.000108772
6.39 -0.0317048 -0.177601 0.000110065
6.395 -0.032076 -0.177601 0.000111353
6.4 -0.0324449 -0.177601 0.000112634
6.405 -0.0328113 -0.177601 0.000113906
6.41 -0.0331757 -0.177601 0.000115172
6.415 -0.0335382 -0.177601 0.00011643
6.42 -0.0338991 -0.177601 0.000117684
6.425 -0.0342586 -0.177601 0.000118932
6.43 -0.0346168 -0.177601 0.000120176
6.435 -0.0349736 -0.177601 0.000121414
6.44 -0.0353287 -0.177601 0.000122647
6.445 -0.0356818 -0.177601 0.000123874
6.45 -0.0360335 -0.177601 0.000125095
6.455 -0.0363842 -0.177601 0.000126312
6.46 -0.0367342 -0.177601 0.000127528
6.465 -0.0370829 -0.177601 0.000128738
6.47 -0.0374295 -0.177601 0.000129942
6.475 -0.0377743 -0.177601 0.000131139
6.48 -0.0381176 -0.177601 0.000132331
6.485 -0.0384594 -0.177601 0.000133518
6.49 -0.0387993 -0.177601 0.000134698
6.495 -0.039137 -0.177601 0.000135871
6.5 -0.0394721 -0.177601 0.000137034
6.505 -0.0398045 -0.177601 0.000138189
6.51 -0.040134 -0.177601 0.000139332
6.515 -0.0404603 -0.177601 0.000140466
6.52 -0.0407838 -0.177601 0.000141589
6.525 -0.041105 -0.177601 0.000142704
6.53 -0.0414249 -0.177601 0.000143815
6.535 -0.0417441 -0.177601 0.000144923
6.54 -0.0420624 -0.177601 0.000146028
6.545 -0.0423785 -0.177601 0.000147126
6.55 -0.0426908 -0.177601 0.00014821
6.555 -0.0429987 -0.177601 0.000149279
6.56 -0.0433025 -0.177601 0.000150334
6.565 -0.0436028 -0.177601 0.000151377
6.57 -0.0439001 -0.177601 0.000152409
6.575 -0.0441946 -0.177601 0.000153432
6.58 -0.0444872 -0.177601 0.000154448
6.585 -0.0447777 -0.177601 0.000155456
6.59 -0.0450648 -0.177601 0.000156453
6.595 -0.0453478 -0.177601 0.000157436
6.6 -0.0456272 -0.177601 0.000158406
6.605 -0.0459046 -0.177601 0.000159369
6.61 -0.0461806 -0.177601 0.000160327
6.615 -0.0464544 -0.177601 0.000161278
6.62 -0.0467252 -0.177601 0.000162219
6.625 -0.046993 -0.177601 0.000163149
6.63 -0.0472583 -0.177601 0.00016407
6.635 -0.0475214 -0.177601 0.000164983
6.64 -0.0477831 -0.177601 0.000165892
6.645 -0.0480438 -0.177601 0.000166797
6.65 -0.048303 -0.177601 0.000167697
6.655 -0.0485599 -0.177601 0.000168589
6.66 -0.0488145 -0.177601 0.000169473
6.665 -0.049067 -0.177601 0.00017035
6.67 -0.0493174 -0.177601 0.000171219
6.675 -0.0495647 -0.177601 0.000172078
6.68 -0.0498079 -0.177601 0.000172923
6.685 -0.0500473 -0.177601 0.000173754
6.69 -0.0502839 -0.177601 0.000174575
6.695 -0.0505175 -0.177601 0.000175386
6.7 -0.0507465 -0.177601 0.000176181
6.705 -0.0509705 -0.177601 0.000176959
6.71 -0.0511913 -0.177601 0.000177726
6.715 -0.05141 -0.177601 0.000178485
6.72 -0.0516267 -0.177601 0.000179238
6.725 -0.051841 -0.177601 0.000179982
6.73 -0.0520532 -0.177601 0.000180719
6.735 -0.0522632 -0.177601 0.000181448
6.74 -0.05247 -0.177601 0.000182166
6.745 -0.0526723 -0.177601 0.000182868
6.75 -0.0528702 -0.177601 0.000183556
6.755 -0.0530649 -0.177601 0.000184231
6.76 -0.0532572 -0.177601 0.000184899
6.765 -0.0534468 -0.177601 0.000185557
6.77 -0.053632 -0.177601 0.0001862
6.775 -0.053812 -0.177601 0.000186825
6.78 -0.0539876 -0.177601 0.000187435
6.785 -0.0541597 -0.177601 0.000188033
6.79 -0.0543289 -0.177601 0.00018862
6.795 -0.0544953 -0.177601 0.000189198
6.8 -0.054658 -0.177601 0.000189763
6.805 -0.0548154 -0.177601 0.000190309
6.81 -0.0549663 -0.177601 0.000190833
6.815 -0.0551117 -0.177601 0.000191338
6.82 -0.0552535 -0.177601 0.000191831
6.825 -0.0553924 -0.177601 0.000192313
6.83 -0.0555276 -0.177601 0.000192783
6.835 -0.0556587 -0.177601 0.000193238
6.84 -0.055786 -0.177601 0.00019368
6.845 -0.0559098 -0.177601 0.000194109
6.85 -0.0560296 -0.177601 0.000194526
6.855 -0.0561459 -0.177601 0.000194929
6.86 -0.0562599 -0.177601 0.000195325
6.865 -0.0563718 -0.177601 0.000195714
6.87 -0.0564801 -0.177601 0.00019609
6.875 -0.0565833 -0.177601 0.000196448
6.88 -0.0566817 -0.177601 0.00019679
6.885 -0.0567764 -0.177601 0.000197118
6.89 -0.0568682 -0.177601 0.000197437
6.895 -0.056957 -0.177601 0.000197746
6.9 -0.0570413 -0.177601 0.000198038
6.905 -0.0571201 -0.177601 0.000198312
6.91 -0.0571942 -0.177601 0.000198569
6.915 -0.0572647 -0.177601 0.000198814
6.92 -0.0573317 -0.177601 0.000199047
6.925 -0.0573945 -0.177601 0.000199265
6.93 -0.0574527 -0.177601 0.000199467
6.935 -0.0575062 -0.177601 0.000199653
6.94 -0.057555 -0.177601 0.000199822
6.945 -0.0575991 -0.177601 0.000199975
6.95 -0.057639 -0.177601 0.000200114
6.955 -0.057675 -0.177601 0.000200239
6.96 -0.0577069 -0.177601 0.000200349
6.965 -0.0577336 -0.177601 0.000200442
6.97 -0.0577544 -0.177601 0.000200515
6.975 -0.0577701 -0.177601 0.000200569
6.98 -0.0577811 -0.177601 0.000200607
6.985 -0.0577873 -0.177601 0.000200629
6.99 -0.0577884 -0.177601 0.000200633
6.995 -0.0577847 -0.177601 0.000200619
7 -0.0577758 -0.177601 0.000200589
7.005 -0.0577615 -0.177601 0.000200539
7.01 -0.0577421 -0.177601 0.000200472
7.015 -0.0577186 -0.177601 0.00020039
7.02 -0.0576915 -0.177601 0.000200296
7.025 -0.0576606 -0.177601 0.000200189
7.03 -0.0576251 -0.177601 0.000200065
7.035 -0.0575845 -0.177601 0.000199925
7.04 -0.0575392 -0.177601 0.000199767
7.045 -0.0574898 -0.177601 0.000199596
7.05 -0.0574369 -0.177601 0.000199412
7.055 -0.0573802 -0.177601 0.000199215
7.06 -0.0573189 -0.177601 0.000199002
7.065 -0.0572525 -0.177601 0.000198772
7.07 -0.0571812 -0.177601 0.000198524
7.075 -0.0571056 -0.177601 0.000198262
7.08 -0.0570269 -0.177601 0.000197988
7.085 -0.0569446 -0.177601 0.000197703
7.09 -0.0568578 -0.177601 0.000197401
7.095 -0.0567655 -0.177601 0.000197081
7.1 -0.0566685 -0.177601 0.000196744
7.105 -0.0565681 -0.177601 0.000196395
7.11 -0.0564653 -0.177601 0.000196038
7.115 -0.0563601 -0.177601 0.000195673
7.12 -0.0562524 -0.177601 0.000195299
7.125 -0.0561418 -0.177601 0.000194915
7.13 -0.0560281 -0.177601 0.00019452
7.135 -0.0559106 -0.177601 0.000194112
7.14 -0.0557885 -0.177601 0.000193688
7.145 -0.0556619 -0.177601 0.000193249
7.15 -0.055532 -0.177601 0.000192798
7.155 -0.0553996 -0.177601 0.000192338
7.16 -0.0552644 -0.177601 0.000191868
7.165 -0.0551253 -0.177601 0.000191386
7.17 -0.054982 -0.177601 0.000190888
7.175 -0.0548347 -0.177601 0.000190377
7.18 -0.0546832 -0.177601 0.00018985
7.185 -0.0545271 -0.177601 0.000189308
7.19 -0.0543663 -0.177601 0.00018875
7.195 -0.0542013 -0.177601 0.000188177
7.2 -0.0540325 -0.177601 0.000187591
7.205 -0.0538598 -0.177601 0.000186992
7.21 -0.0536829 -0.177601 0.000186377
7.215 -0.0535016 -0.177601 0.000185748
7.22 -0.0533159 -0.177601 0.000185103
7.225 -0.053126 -0.177601 0.000184444
7.23 -0.0529322 -0.177601 0.000183771
7.235 -0.0527352 -0.177601 0.000183087
7.24 -0.052536 -0.177601 0.000182395
7.245 -0.052335 -0.177601 0.000181697
7.25 -0.0521324 -0.177601 0.000180994
7.255 -0.0519275 -0.177601 0.000180282
7.26 -0.0517195 -0.177601 0.00017956
7.265 -0.0515081 -0.177601 0.000178826
7.27 -0.0512934 -0.177601 0.00017808
7.275 -0.0510746 -0.177601 0.000177321
7.28 -0.050851 -0.177601 0.000176544
7.285 -0.0506229 -0.177601 0.000175752
7.29 -0.0503909 -0.177601 0.000174947
7.295 -0.0501562 -0.177601 0.000174132
7.3 -0.0499191 -0.177601 0.000173308
7.305 -0.0496794 -0.177601 0.000172476
7.31 -0.0494366 -0.177601 0.000171633
7.315 -0.0491903 -0.177601 0.000170778
7.32 -0.0489404 -0.177601 0.00016991
7.325 -0.048687 -0.177601 0.000169031
7.33 -0.0484302 -0.177601 0.000168139
7.335 -0.0481704 -0.177601 0.000167237
7.34 -0.0479078 -0.177601 0.000166325
7.345 -0.0476413 -0.177601 0.0001654
7.35 -0.0473697 -0.177601 0.000164456
7.355 -0.0470928 -0.177601 0.000163495
7.36 -0.0468114 -0.177601 0.000162518
7.365 -0.0465263 -0.177601 0.000161528
7.37 -0.0462378 -0.177601 0.000160526
7.375 -0.0459465 -0.177601 0.000159515
7.38 -0.0456526 -0.177601 0.000158494
7.385 -0.0453558 -0.177601 0.000157464
7.39 -0.0450558 -0.177601 0.000156422
7.395 -0.0447526 -0.177601 0.000155369
7.4 -0.0444466 -0.177601 0.000154307
7.405 -0.0441385 -0.177601 0.000153237
7.41 -0.0438288 -0.177601 0.000152161
7.415 -0.0435174 -0.177601 0.00015108
7.42 -0.0432036 -0.177601 0.000149991
7.425 -0.0428869 -0.177601 0.000148891
7.43 -0.0425673 -0.177601 0.000147782
7.435 -0.0422451 -0.177601 0.000146663
7.44 -0.0419204 -0.177601 0.000145535
7.445 -0.0415938 -0.177601 0.000144401
7.45 -0.0412648 -0.177601 0.000143259
7.455 -0.0409322 -0.177601 0.000142104
7.46 -0.0405958 -0.177601 0.000140936
7.465 -0.0402564 -0.177601 0.000139757
7.47 -0.0399143 -0.177601 0.000138569
7.475 -0.0395687 -0.177601 0.00013737
