0.1 -8.76512e-32 200 8.79297e-14
0.2 3.50605e-31 400 1.29674e-13
0.3 1.16868e-31 600 2.2915e-13
0.4 -1.86989e-30 800 -6.03961e-13
0.5 0 1000 -2.27374e-13
0.6 -4.67473e-31 1200 -9.66338e-13
0.7 2.33737e-31 1400 5.64881e-13
0.8 7.0121e-31 1600 6.78568e-13
0.9 -2.33737e-31 1800 -7.17648e-13
1 2.5711e-30 2000 6.89226e-13
0.005 -2.11265e-05 2000 0.00915646
0.01 -0.000105552 2000 0.0456554
0.015 -0.000274417 2000 0.118594
0.02 -0.000527813 2000 0.228052
0.025 -0.000865799 2000 0.374056
0.03 -0.00128843 2000 0.556625
0.035 -0.00179574 2000 0.775779
0.04 -0.00238777 2000 1.03153
0.045 -0.00306455 2000 1.3239
0.05 -0.00382609 2000 1.65288
0.055 -0.0046724 2000 2.01848
0.06 -0.00560348 2000 2.42071
0.065 -0.00661932 2000 2.85955
0.07 -0.00771993 2000 3.33501
0.075 -0.00890528 2000 3.84709
0.08 -0.0101753 2000 4.39575
0.085 -0.0115301 2000 4.98099
0.09 -0.0129694 2000 5.60279
0.095 -0.0144933 2000 6.26111
0.1 -0.0161016 2000 6.95591
0.105 -0.0177944 2000 7.68717
0.11 -0.0195714 2000 8.45486
0.115 -0.0214327 2000 9.25894
0.12 -0.0233782 2000 10.0994
0.125 -0.0254077 2000 10.9761
0.13 -0.0275211 2000 11.8891
0.135 -0.0297183 2000 12.8383
0.14 -0.0319992 2000 13.8237
0.145 -0.0343635 2000 14.8451
0.15 -0.0368112 2000 15.9025
0.155 -0.0393421 2000 16.9958
0.16 -0.0419559 2000 18.125
0.165 -0.0446527 2000 19.29
0.17 -0.0474322 2000 20.4907
0.175 -0.0502944 2000 21.7272
0.18 -0.053239 2000 22.9992
0.185 -0.0562657 2000 24.3068
0.19 -0.0593744 2000 25.6497
0.195 -0.0625647 2000 27.028
0.2 -0.0658364 2000 28.4413
0.205 -0.0691891 2000 29.8897
0.21 -0.0726227 2000 31.373
0.215 -0.076137 2000 32.8912
0.22 -0.0797317 2000 34.4441
0.225 -0.0834066 2000 36.0317
0.23 -0.0871612 2000 37.6537
0.235 -0.0909954 2000 39.31
0.24 -0.094909 2000 41.0007
0.245 -0.0989017 2000 42.7256
0.25 -0.102973 2000 44.4845
0.255 -0.107123 2000 46.2772
0.26 -0.111351 2000 48.1037
0.265 -0.115657 2000 49.9637
0.27 -0.120039 2000 51.857
0.275 -0.124499 2000 53.7835
0.28 -0.129035 2000 55.7433
0.285 -0.133648 2000 57.7361
0.29 -0.138337 2000 59.7617
0.295 -0.143102 2000 61.8199
0.3 -0.147941 2000 63.9104
0.305 -0.152855 2000 66.0332
0.31 -0.157843 2000 68.1881
0.315 -0.162905 2000 70.3751
0.32 -0.168041 2000 72.5938
0.325 -0.17325 2000 74.8441
0.33 -0.178532 2000 77.1257
0.335 -0.183885 2000 79.4383
0.34 -0.18931 2000 81.782
0.345 -0.194807 2000 84.1565
0.35 -0.200374 2000 86.5615
0.355 -0.206011 2000 88.997
0.36 -0.211719 2000 91.4628
0.365 -0.217497 2000 93.9587
0.37 -0.223344 2000 96.4845
0.375 -0.229259 2000 99.0398
0.38 -0.235242 2000 101.624
0.385 -0.241292 2000 104.238
0.39 -0.247409 2000 106.881
0.395 -0.253593 2000 109.552
0.4 -0.259843 2000 112.252
0.405 -0.266158 2000 114.981
0.41 -0.272539 2000 117.737
0.415 -0.278985 2000 120.522
0.42 -0.285495 2000 123.334
0.425 -0.292068 2000 126.174
0.43 -0.298704 2000 129.04
0.435 -0.305402 2000 131.934
0.44 -0.312162 2000 134.854
0.445 -0.318983 2000 137.801
0.45 -0.325866 2000 140.774
0.455 -0.33281 2000 143.774
0.46 -0.339814 2000 146.8
0.465 -0.346876 2000 149.85
0.47 -0.353996 2000 152.926
0.475 -0.361174 2000 156.027
0.48 -0.368409 2000 159.153
0.485 -0.375701 2000 162.303
0.49 -0.383048 2000 165.477
0.495 -0.39045 2000 168.674
0.5 -0.397907 2000 171.896
0.505 -0.405417 2000 175.14
0.51 -0.412981 2000 178.408
0.515 -0.420597 2000 181.698
0.52 -0.428265 2000 185.011
0.525 -0.435985 2000 188.345
0.53 -0.443755 2000 191.702
0.535 -0.451576 2000 195.081
0.54 -0.459445 2000 198.48
0.545 -0.467363 2000 201.901
0.55 -0.475328 2000 205.342
0.555 -0.48334 2000 208.803
0.56 -0.491399 2000 212.284
0.565 -0.499503 2000 215.785
0.57 -0.507651 2000 219.305
0.575 -0.515843 2000 222.844
0.58 -0.524078 2000 226.402
0.585 -0.532355 2000 229.978
0.59 -0.540675 2000 233.572
0.595 -0.549037 2000 237.184
0.6 -0.55744 2000 240.814
0.605 -0.565882 2000 244.461
0.61 -0.574362 2000 248.125
0.615 -0.58288 2000 251.804
0.62 -0.591436 2000 255.5
0.625 -0.600029 2000 259.213
0.63 -0.608659 2000 262.941
0.635 -0.617323 2000 266.684
0.64 -0.626022 2000 270.441
0.645 -0.634753 2000 274.213
0.65 -0.643516 2000 277.999
0.655 -0.652309 2000 281.798
0.66 -0.661132 2000 285.609
0.665 -0.669985 2000 289.434
0.67 -0.678868 2000 293.271
0.675 -0.687781 2000 297.121
0.68 -0.696722 2000 300.984
0.685 -0.705691 2000 304.859
0.69 -0.714686 2000 308.745
0.695 -0.723709 2000 312.642
0.7 -0.732757 2000 316.551
0.705 -0.74183 2000 320.471
0.71 -0.750926 2000 324.4
0.715 -0.760045 2000 328.339
0.72 -0.769186 2000 332.288
0.725 -0.778347 2000 336.246
0.73 -0.787528 2000 340.212
0.735 -0.796725 2000 344.185
0.74 -0.805939 2000 348.166
0.745 -0.81517 2000 352.154
0.75 -0.824415 2000 356.147
0.755 -0.833674 2000 360.147
0.76 -0.842947 2000 364.153
0.765 -0.852233 2000 368.165
0.77 -0.861532 2000 372.182
0.775 -0.870842 2000 376.204
0.78 -0.880163 2000 380.23
0.785 -0.889494 2000 384.261
0.79 -0.898835 2000 388.297
0.795 -0.908186 2000 392.337
0.8 -0.917546 2000 396.38
0.805 -0.926914 2000 400.427
0.81 -0.936289 2000 404.477
0.815 -0.945671 2000 408.53
0.82 -0.955057 2000 412.585
0.825 -0.964445 2000 416.64
0.83 -0.973835 2000 420.697
0.835 -0.983226 2000 424.754
0.84 -0.992617 2000 428.811
0.845 -1.00201 2000 432.867
0.85 -1.0114 2000 436.923
0.855 -1.02078 2000 440.978
0.86 -1.03017 2000 445.032
0.865 -1.03955 2000 449.085
0.87 -1.04892 2000 453.135
0.875 -1.05829 2000 457.182
0.88 -1.06765 2000 461.226
0.885 -1.077 2000 465.266
0.89 -1.08635 2000 469.302
0.895 -1.09568 2000 473.335
0.9 -1.10501 2000 477.364
0.905 -1.11432 2000 481.389
0.91 -1.12363 2000 485.409
0.915 -1.13292 2000 489.423
0.92 -1.1422 2000 493.431
0.925 -1.15146 2000 497.433
0.93 -1.16071 2000 501.428
0.935 -1.16995 2000 505.418
0.94 -1.17917 2000 509.4
0.945 -1.18837 2000 513.374
0.95 -1.19755 2000 517.34
0.955 -1.20671 2000 521.298
0.96 -1.21585 2000 525.246
0.965 -1.22496 2000 529.185
0.97 -1.23406 2000 533.113
0.975 -1.24313 2000 537.032
0.98 -1.25218 2000 540.94
0.985 -1.2612 2000 544.838
0.99 -1.27019 2000 548.724
0.995 -1.27916 2000 552.599
1 -1.28811 2000 556.463
1.005 -1.29703 2000 560.315
1.01 -1.30591 2000 564.155
1.015 -1.31478 2000 567.983
1.02 -1.32361 2000 571.798
1.025 -1.33241 2000 575.6
1.03 -1.34117 2000 579.387
1.035 -1.34991 2000 583.161
1.04 -1.35861 2000 586.92
1.045 -1.36728 2000 590.664
1.05 -1.37591 2000 594.392
1.055 -1.3845 2000 598.103
1.06 -1.39305 2000 601.798
1.065 -1.40156 2000 605.475
1.07 -1.41004 2000 609.135
1.075 -1.41847 2000 612.779
1.08 -1.42686 2000 616.406
1.085 -1.43522 2000 620.015
1.09 -1.44353 2000 623.604
1.095 -1.45179 2000 627.174
1.1 -1.46001 2000 630.723
1.105 -1.46818 2000 634.254
1.11 -1.47631 2000 637.765
1.115 -1.48439 2000 641.254
1.12 -1.49241 2000 644.722
1.125 -1.50039 2000 648.167
1.13 -1.50831 2000 651.59
1.135 -1.51618 2000 654.991
1.14 -1.524 2000 658.368
1.145 -1.53177 2000 661.723
1.15 -1.53948 2000 665.054
1.155 -1.54713 2000 668.361
1.16 -1.55473 2000 671.643
1.165 -1.56227 2000 674.899
1.17 -1.56974 2000 678.13
1.175 -1.57717 2000 681.337
1.18 -1.58454 2000 684.52
1.185 -1.59185 2000 687.681
1.19 -1.59911 2000 690.817
1.195 -1.60631 2000 693.926
1.2 -1.61344 2000 697.008
1.205 -1.62051 2000 700.062
1.21 -1.62752 2000 703.089
1.215 -1.63447 2000 706.089
1.22 -1.64134 2000 709.06
1.225 -1.64816 2000 712.003
1.23 -1.6549 2000 714.918
1.235 -1.66159 2000 717.805
1.24 -1.6682 2000 720.664
1.245 -1.67475 2000 723.493
1.25 -1.68123 2000 726.293
1.255 -1.68764 2000 729.061
1.26 -1.69398 2000 731.798
1.265 -1.70024 2000 734.505
1.27 -1.70644 2000 737.18
1.275 -1.71256 2000 739.825
1.28 -1.71861 2000 742.438
1.285 -1.72458 2000 745.019
1.29 -1.73048 2000 747.569
1.295 -1.73631 2000 750.086
1.3 -1.74206 2000 752.571
1.305 -1.74774 2000 755.024
1.31 -1.75335 2000 757.445
1.315 -1.75887 2000 759.833
1.32 -1.76432 2000 762.187
1.325 -1.7697 2000 764.508
1.33 -1.775 2000 766.798
1.335 -1.78022 2000 769.056
1.34 -1.78537 2000 771.279
1.345 -1.79043 2000 773.466
1.35 -1.79541 2000 775.616
1.355 -1.8003 2000 777.731
1.36 -1.80512 2000 779.812
1.365 -1.80986 2000 781.86
1.37 -1.81452 2000 783.871
1.375 -1.81909 2000 785.845
1.38 -1.82357 2000 787.782
1.385 -1.82798 2000 789.685
1.39 -1.8323 2000 791.554
1.395 -1.83654 2000 793.387
1.4 -1.8407 2000 795.184
1.405 -1.84478 2000 796.945
1.41 -1.84877 2000 798.669
1.415 -1.85268 2000 800.358
1.42 -1.85651 2000 802.011
1.425 -1.86025 2000 803.627
1.43 -1.8639 2000 805.203
1.435 -1.86745 2000 806.74
1.44 -1.87092 2000 808.239
1.445 -1.87431 2000 809.701
1.45 -1.8776 2000 811.125
1.455 -1.8808 2000 812.508
1.46 -1.88391 2000 813.85
1.465 -1.88693 2000 815.155
1.47 -1.88986 2000 816.421
1.475 -1.8927 2000 817.647
1.48 -1.89544 2000 818.83
1.485 -1.89808 2000 819.969
1.49 -1.90061 2000 821.063
1.495 -1.90304 2000 822.113
1.5 -1.90537 2000 823.122
1.505 -1.90762 2000 824.091
1.51 -1.90977 2000 825.02
1.515 -1.91182 2000 825.907
1.52 -1.91378 2000 826.753
1.525 -1.91563 2000 827.554
1.53 -1.91739 2000 828.311
1.535 -1.91904 2000 829.025
1.54 -1.92059 2000 829.696
1.545 -1.92205 2000 830.326
1.55 -1.92341 2000 830.914
1.555 -1.92468 2000 831.46
1.56 -1.92584 2000 831.962
1.565 -1.9269 2000 832.42
1.57 -1.92785 2000 832.833
1.575 -1.92871 2000 833.203
1.58 -1.92947 2000 833.53
1.585 -1.93013 2000 833.814
1.59 -1.93068 2000 834.054
1.595 -1.93114 2000 834.25
1.6 -1.93149 2000 834.405
1.605 -1.93175 2000 834.518
1.61 -1.93191 2000 834.586
1.615 -1.93196 2000 834.608
1.62 -1.9319 2000 834.583
1.625 -1.93173 2000 834.509
1.63 -1.93145 2000 834.386
1.635 -1.93105 2000 834.214
1.64 -1.93054 2000 833.992
1.645 -1.92991 2000 833.719
1.65 -1.92916 2000 833.395
1.655 -1.92829 2000 833.021
1.66 -1.92731 2000 832.597
1.665 -1.92621 2000 832.121
1.67 -1.92499 2000 831.594
1.675 -1.92365 2000 831.017
1.68 -1.9222 2000 830.39
1.685 -1.92063 2000 829.711
1.69 -1.91894 2000 828.981
1.695 -1.91712 2000 828.198
1.7 -1.91519 2000 827.362
1.705 -1.91313 2000 826.474
1.71 -1.91096 2000 825.533
1.715 -1.90865 2000 824.537
1.72 -1.90621 2000 823.482
1.725 -1.90363 2000 822.367
1.73 -1.90091 2000 821.194
1.735 -1.89807 2000 819.968
1.74 -1.89512 2000 818.691
1.745 -1.89205 2000 817.364
1.75 -1.88885 2000 815.985
1.755 -1.88554 2000 814.552
1.76 -1.88209 2000 813.065
1.765 -1.87853 2000 811.524
1.77 -1.87484 2000 809.93
1.775 -1.87103 2000 808.285
1.78 -1.8671 2000 806.588
1.785 -1.86306 2000 804.841
1.79 -1.8589 2000 803.043
1.795 -1.85461 2000 801.193
1.8 -1.85021 2000 799.293
1.805 -1.84569 2000 797.34
1.81 -1.84105 2000 795.332
1.815 -1.83627 2000 793.27
1.82 -1.83138 2000 791.156
1.825 -1.82638 2000 788.996
1.83 -1.82127 2000 786.791
1.835 -1.81606 2000 784.538
1.84 -1.81073 2000 782.237
1.845 -1.80529 2000 779.886
1.85 -1.79973 2000 777.485
1.855 -1.79406 2000 775.034
1.86 -1.78827 2000 772.532
1.865 -1.78236 2000 769.979
1.87 -1.77633 2000 767.376
1.875 -1.7702 2000 764.727
1.88 -1.76396 2000 762.03
1.885 -1.7576 2000 759.285
1.89 -1.75114 2000 756.493
1.895 -1.74457 2000 753.652
1.9 -1.73788 2000 750.764
1.905 -1.73108 2000 747.826
1.91 -1.72416 2000 744.838
1.915 -1.71713 2000 741.8
1.92 -1.70999 2000 738.714
1.925 -1.70274 2000 735.582
1.93 -1.69538 2000 732.405
1.935 -1.68791 2000 729.176
1.94 -1.68031 2000 725.895
1.945 -1.6726 2000 722.561
1.95 -1.66476 2000 719.176
1.955 -1.6568 2000 715.738
1.96 -1.64872 2000 712.249
1.965 -1.64054 2000 708.711
1.97 -1.63224 2000 705.127
1.975 -1.62383 2000 701.496
1.98 -1.61531 2000 697.815
1.985 -1.60668 2000 694.085
1.99 -1.59793 2000 690.307
1.995 -1.58908 2000 686.483
2 -1.58013 2000 682.618
2.005 -1.57109 2000 678.709
2.01 -1.56194 2000 674.757
2.015 -1.55268 2000 670.758
2.02 -1.54332 2000 666.714
2.025 -1.53385 2000 662.625
2.03 -1.52428 2000 658.49
2.035 -1.51461 2000 654.311
2.04 -1.50484 2000 650.09
2.045 -1.49497 2000 645.825
2.05 -1.48498 2000 641.512
2.055 -1.47488 2000 637.15
2.06 -1.46468 2000 632.744
2.065 -1.45439 2000 628.297
2.07 -1.44401 2000 623.811
2.075 -1.43353 2000 619.285
2.08 -1.42296 2000 614.717
2.085 -1.41229 2000 610.108
2.09 -1.40152 2000 605.455
2.095 -1.39065 2000 600.76
2.1 -1.37968 2000 596.02
2.105 -1.36861 2000 591.238
2.11 -1.35744 2000 586.414
2.115 -1.34617 2000 581.546
2.12 -1.3348 2000 576.632
2.125 -1.32332 2000 571.673
2.13 -1.31174 2000 566.671
2.135 -1.30006 2000 561.628
2.14 -1.2883 2000 556.544
2.145 -1.27643 2000 551.419
2.15 -1.26447 2000 546.251
2.155 -1.2524 2000 541.037
2.16 -1.24024 2000 535.782
2.165 -1.22799 2000 530.491
2.17 -1.21566 2000 525.164
2.175 -1.20324 2000 519.799
2.18 -1.19073 2000 514.395
2.185 -1.17814 2000 508.955
2.19 -1.16546 2000 503.477
2.195 -1.15269 2000 497.961
2.2 -1.13983 2000 492.405
2.205 -1.12687 2000 486.809
2.21 -1.11383 2000 481.175
2.215 -1.10071 2000 475.508
2.22 -1.08752 2000 469.808
2.225 -1.07424 2000 464.073
2.23 -1.06089 2000 458.304
2.235 -1.04746 2000 452.503
2.24 -1.03396 2000 446.67
2.245 -1.02038 2000 440.805
2.25 -1.00673 2000 434.906
2.255 -0.992998 2000 428.975
2.26 -0.979195 2000 423.012
2.265 -0.965313 2000 417.015
2.27 -0.951351 2000 410.984
2.275 -0.937311 2000 404.918
2.28 -0.923197 2000 398.821
2.285 -0.909008 2000 392.692
2.29 -0.89474 2000 386.528
2.295 -0.880396 2000 380.331
2.3 -0.865983 2000 374.105
2.305 -0.851507 2000 367.851
2.31 -0.836968 2000 361.57
2.315 -0.822366 2000 355.262
2.32 -0.807701 2000 348.927
2.325 -0.792964 2000 342.56
2.33 -0.77815 2000 336.161
2.335 -0.763257 2000 329.727
2.34 -0.748289 2000 323.261
2.345 -0.733253 2000 316.765
2.35 -0.718152 2000 310.242
2.355 -0.702989 2000 303.691
2.36 -0.687766 2000 297.115
2.365 -0.672489 2000 290.515
2.37 -0.657157 2000 283.892
2.375 -0.64177 2000 277.245
2.38 -0.626324 2000 270.572
2.385 -0.61082 2000 263.874
2.39 -0.595254 2000 257.15
2.395 -0.579626 2000 250.399
2.4 -0.563939 2000 243.621
2.405 -0.548197 2000 236.821
2.41 -0.532408 2000 230
2.415 -0.516572 2000 223.159
2.42 -0.50069 2000 216.298
2.425 -0.484763 2000 209.418
2.43 -0.468789 2000 202.517
2.435 -0.452767 2000 195.595
2.44 -0.436698 2000 188.653
2.445 -0.420581 2000 181.691
2.45 -0.404424 2000 174.711
2.455 -0.388228 2000 167.714
2.46 -0.371992 2000 160.7
2.465 -0.355721 2000 153.672
2.47 -0.339425 2000 146.632
2.475 -0.323105 2000 139.581
2.48 -0.306755 2000 132.518
2.485 -0.290374 2000 125.442
2.49 -0.273959 2000 118.352
2.495 -0.257528 2000 111.253
2.5 -0.241081 2000 104.148
2.505 -0.224607 2000 97.0309
2.51 -0.20811 2000 89.9034
2.515 -0.191605 2000 82.7731
2.52 -0.175083 2000 75.6359
2.525 -0.158556 2000 68.496
2.53 -0.142031 2000 61.3566
2.535 -0.125526 2000 54.2265
2.54 -0.109014 2000 47.0932
2.545 -0.0924964 2000 39.9572
2.55 -0.0759803 2000 32.8222
2.555 -0.0594623 2000 25.6862
2.56 -0.0429994 2000 18.574
2.565 -0.0265783 2000 11.4803
2.57 -0.0101572 2000 4.3866
2.575 0.00623811 2000 -2.69606
2.58 0.0226007 2000 -9.76471
2.585 0.0389576 2000 -16.83
2.59 0.0551947 2000 -23.8448
2.595 0.0713392 1999.99 -30.818
2.6 0.0872844 1999.99 -37.7044
2.605 0.102881 1999.99 -44.4422
2.61 0.118164 1999.99 -51.0442
2.615 0.133393 1999.99 -57.6249
2.62 0.148597 1999.99 -64.1931
2.625 0.16378 1999.99 -70.7525
2.63 0.178956 1999.99 -77.309
2.635 0.194135 2000 -83.8664
2.64 0.209318 2000 -90.4255
2.645 0.224501 2000 -96.9846
2.65 0.239677 2000 -103.541
2.655 0.25484 2000 -110.091
2.66 0.269992 2000 -116.637
2.665 0.285136 2000 -123.179
2.67 0.300274 2000 -129.719
2.675 0.315404 2000 -136.255
2.68 0.330521 2000 -142.786
2.685 0.345618 2000 -149.307
2.69 0.360695 2000 -155.821
2.695 0.375761 2000 -162.329
2.7 0.390824 2000 -168.836
2.705 0.405881 2000 -175.341
2.71 0.420928 2000 -181.841
2.715 0.435957 2000 -188.334
2.72 0.450964 2000 -194.817
2.725 0.465956 2000 -201.293
2.73 0.480952 2000 -207.772
2.735 0.49596 2000 -214.255
2.74 0.510961 2000 -220.736
2.745 0.525934 2000 -227.204
2.75 0.540883 2000 -233.662
2.755 0.555825 2000 -240.117
2.76 0.570761 2000 -246.569
2.765 0.585678 2000 -253.013
2.77 0.600567 2000 -259.445
2.775 0.615425 2000 -265.864
2.78 0.630248 2000 -272.267
2.785 0.645038 2000 -278.657
2.79 0.659804 2000 -285.035
2.795 0.674547 2000 -291.405
2.8 0.689257 2000 -297.759
2.805 0.703926 2000 -304.096
2.81 0.71856 2000 -310.418
2.815 0.733168 2000 -316.729
2.82 0.747748 2000 -323.028
2.825 0.762291 2000 -329.31
2.83 0.776795 2000 -335.576
2.835 0.791265 2000 -341.827
2.84 0.805706 2000 -348.065
2.845 0.820117 2000 -354.291
2.85 0.834494 2000 -360.502
2.855 0.848832 2000 -366.696
2.86 0.863123 2000 -372.869
2.865 0.877355 2000 -379.017
2.87 0.89153 2000 -385.141
2.875 0.905665 2000 -391.247
2.88 0.91977 2000 -397.341
2.885 0.933844 2000 -403.421
2.89 0.947871 2000 -409.48
2.895 0.961835 2000 -415.513
2.9 0.97573 2000 -421.516
2.905 0.989568 2000 -427.494
2.91 1.00336 2000 -433.453
2.915 1.01711 2000 -439.394
2.92 1.03082 2000 -445.316
2.925 1.04449 2000 -451.218
2.93 1.0581 2000 -457.1
2.935 1.07167 2000 -462.962
2.94 1.08519 2000 -468.804
2.945 1.09867 2000 -474.625
2.95 1.11209 2000 -480.423
2.955 1.12546 2000 -486.198
2.96 1.13878 2000 -491.953
2.965 1.15205 2000 -497.687
2.97 1.16527 2000 -503.395
2.975 1.17841 2000 -509.071
2.98 1.19147 2000 -514.717
2.985 1.20449 2000 -520.338
2.99 1.21746 2000 -525.942
2.995 1.23039 2000 -531.528
3 1.24327 2000 -537.092
3.005 1.25609 2000 -542.632
3.01 1.26886 2000 -548.146
3.015 1.28157 2000 -553.638
3.02 1.29422 2000 -559.105
3.025 1.30681 2000 -564.543
3.03 1.31932 2000 -569.948
3.035 1.33175 2000 -575.317
3.04 1.34411 2000 -580.657
3.045 1.35641 2000 -585.971
3.05 1.36866 2000 -591.26
3.055 1.38084 2000 -596.522
3.06 1.39295 2000 -601.756
3.065 1.40501 2000 -606.965
3.07 1.417 2000 -612.144
3.075 1.4289 2000 -617.285
3.08 1.4407 2000 -622.383
3.085 1.45241 2000 -627.442
3.09 1.46405 2000 -632.469
3.095 1.47563 2000 -637.47
3.1 1.48713 2000 -642.442
3.105 1.49857 2000 -647.382
3.11 1.50993 2000 -652.291
3.115 1.52123 2000 -657.172
3.12 1.53247 2000 -662.025
3.125 1.54363 2000 -666.847
3.13 1.55471 2000 -671.637
3.135 1.56574 2000 -676.399
3.14 1.5767 2000 -681.134
3.145 1.58759 2000 -685.837
3.15 1.59839 2000 -690.504
3.155 1.60911 2000 -695.135
3.16 1.61973 2000 -699.725
3.165 1.63026 2000 -704.272
3.17 1.64068 2000 -708.776
3.175 1.65102 2000 -713.242
3.18 1.66126 2000 -717.666
3.185 1.67139 2000 -722.04
3.19 1.6814 2000 -726.366
3.195 1.69133 2000 -730.655
3.2 1.70119 2000 -734.915
3.205 1.71098 2000 -739.144
3.21 1.72069 2000 -743.338
3.215 1.7303 2000 -747.488
3.22 1.73979 2000 -751.59
3.225 1.74918 2000 -755.644
3.23 1.75847 2000 -759.658
3.235 1.76768 2000 -763.64
3.24 1.77684 2000 -767.593
3.245 1.78592 2000 -771.518
3.25 1.79493 2000 -775.409
3.255 1.80385 2000 -779.263
3.26 1.81267 2000 -783.075
3.265 1.82139 2000 -786.842
3.27 1.83002 2000 -790.57
3.275 1.83856 2000 -794.26
3.28 1.84702 2000 -797.912
3.285 1.85538 2000 -801.524
3.29 1.86363 2000 -805.089
3.295 1.87177 2000 -808.606
3.3 1.87981 2000 -812.079
3.305 1.88775 2000 -815.508
3.31 1.89559 2000 -818.894
3.315 1.90332 2000 -822.235
3.32 1.91095 2000 -825.53
3.325 1.91848 2000 -828.786
3.33 1.92594 2000 -832.007
3.335 1.93332 2000 -835.195
3.34 1.94062 2000 -838.347
3.345 1.94782 2000 -841.456
3.35 1.95491 2000 -844.521
3.355 1.96191 2000 -847.544
3.36 1.96882 2000 -850.528
3.365 1.97565 2000 -853.48
3.37 1.98241 2000 -856.399
3.375 1.98908 2000 -859.282
3.38 1.99566 2000 -862.123
3.385 2.00213 2000 -864.921
3.39 2.00851 2000 -867.675
3.395 2.01477 2000 -870.379
3.4 2.02091 2000 -873.032
3.405 2.02693 2000 -875.635
3.41 2.03285 2000 -878.193
3.415 2.03868 2000 -880.71
3.42 2.04443 2000 -883.194
3.425 2.05011 2000 -885.647
3.43 2.0557 2000 -888.064
3.435 2.0612 2000 -890.44
3.44 2.06661 2000 -892.775
3.445 2.07192 2000 -895.069
3.45 2.07713 2000 -897.321
3.455 2.08225 2000 -899.534
3.46 2.08729 2000 -901.711
3.465 2.09224 2000 -903.849
3.47 2.09708 2000 -905.941
3.475 2.10183 2000 -907.99
3.48 2.10649 2000 -910.003
3.485 2.11106 2000 -911.978
3.49 2.11552 2000 -913.906
3.495 2.11987 2000 -915.783
3.5 2.12409 2000 -917.606
3.505 2.1282 2000 -919.381
3.51 2.1322 2000 -921.111
3.515 2.1361 2000 -922.797
3.52 2.1399 2000 -924.438
3.525 2.14359 2000 -926.029
3.53 2.14716 2000 -927.571
3.535 2.15062 2000 -929.067
3.54 2.15397 2000 -930.514
3.545 2.1572 2000 -931.911
3.55 2.16033 2000 -933.262
3.555 2.16336 2000 -934.57
3.56 2.16628 2000 -935.834
3.565 2.16911 2000 -937.056
3.57 2.17186 2000 -938.243
3.575 2.17454 2000 -939.401
3.58 2.17714 2000 -940.526
3.585 2.17966 2000 -941.613
3.59 2.18208 2000 -942.657
3.595 2.18438 2000 -943.652
3.6 2.18656 2000 -944.593
3.605 2.18861 2000 -945.479
3.61 2.19054 2000 -946.314
3.615 2.19236 2000 -947.101
3.62 2.19407 2000 -947.839
3.625 2.19566 2000 -948.524
3.63 2.19711 2000 -949.153
3.635 2.19845 2000 -949.729
3.64 2.19966 2000 -950.255
3.645 2.20078 2000 -950.736
3.65 2.2018 2000 -951.176
3.655 2.20273 2000 -951.581
3.66 2.20358 2000 -951.947
3.665 2.20431 2000 -952.263
3.67 2.20491 2000 -952.523
3.675 2.20539 2000 -952.73
3.68 2.20577 2000 -952.894
3.685 2.20606 2000 -953.018
3.69 2.20624 2000 -953.095
3.695 2.20629 2000 -953.117
3.7 2.20621 2000 -953.081
3.705 2.206 2000 -952.993
3.71 2.20568 2000 -952.856
3.715 2.20526 2000 -952.672
3.72 2.20472 2000 -952.441
3.725 2.2041 2000 -952.17
3.73 2.20338 2000 -951.861
3.735 2.20256 2000 -951.507
3.74 2.20162 2000 -951.101
3.745 2.20056 2000 -950.641
3.75 2.19938 2000 -950.13
3.755 2.19808 2000 -949.571
3.76 2.19668 2000 -948.966
3.765 2.19519 2000 -948.323
3.77 2.19361 2000 -947.64
3.775 2.19194 2000 -946.917
3.78 2.19016 2000 -946.15
3.785 2.18827 2000 -945.335
3.79 2.18626 2000 -944.466
3.795 2.18413 2000 -943.544
3.8 2.18188 2000 -942.57
3.805 2.1795 2000 -941.543
3.81 2.17699 2000 -940.46
3.815 2.17436 2000 -939.325
3.82 2.17162 2000 -938.141
3.825 2.16876 2000 -936.904
3.83 2.16577 2000 -935.611
3.835 2.16265 2000 -934.267
3.84 2.15943 2000 -932.875
3.845 2.15611 2000 -931.438
3.85 2.15268 2000 -929.958
3.855 2.14916 2000 -928.436
3.86 2.14554 2000 -926.874
3.865 2.14182 2000 -925.266
3.87 2.13799 2000 -923.614
3.875 2.13407 2000 -921.92
3.88 2.13005 2000 -920.183
3.885 2.12593 2000 -918.401
3.89 2.1217 2000 -916.573
3.895 2.11736 2000 -914.7
3.9 2.1129 2000 -912.773
3.905 2.10831 2000 -910.79
3.91 2.10361 2000 -908.76
3.915 2.09882 2000 -906.69
3.92 2.09393 2000 -904.578
3.925 2.08894 2000 -902.423
3.93 2.08387 2000 -900.23
3.935 2.07871 2000 -898.002
3.94 2.07347 2000 -895.737
3.945 2.06813 2000 -893.434
3.95 2.06273 2000 -891.097
3.955 2.05724 2000 -888.728
3.96 2.05167 2000 -886.321
3.965 2.04601 2000 -883.877
3.97 2.04027 2000 -881.398
3.975 2.03446 2000 -878.885
3.98 2.02856 2000 -876.337
3.985 2.02258 2000 -873.754
3.99 2.01651 2000 -871.131
3.995 2.01034 2000 -868.469
4 2.00409 2000 -865.765
4.005 1.99773 2000 -863.018
4.01 1.99126 2000 -860.226
4.015 1.9847 2000 -857.392
4.02 1.97804 2000 -854.513
4.025 1.97127 2000 -851.588
4.03 1.9644 2000 -848.62
4.035 1.95744 2000 -845.613
4.04 1.95039 2000 -842.569
4.045 1.94325 2000 -839.483
4.05 1.936 2000 -836.354
4.055 1.92866 2000 -833.182
4.06 1.92122 2000 -829.969
4.065 1.91372 2000 -826.726
4.07 1.90616 2000 -823.461
4.075 1.89855 2000 -820.172
4.08 1.89086 2000 -816.852
4.085 1.88308 2000 -813.491
4.09 1.87521 2000 -810.089
4.095 1.86725 2000 -806.654
4.1 1.85924 2000 -803.191
4.105 1.85116 2000 -799.703
4.11 1.84302 2000 -796.184
4.115 1.83479 2000 -792.631
4.12 1.8265 2000 -789.048
4.125 1.81815 2000 -785.44
4.13 1.80973 2000 -781.803
4.135 1.80123 2000 -778.131
4.14 1.79264 2000 -774.421
4.145 1.78398 2000 -770.679
4.15 1.77525 2000 -766.91
4.155 1.76648 2000 -763.118
4.16 1.75765 2000 -759.303
4.165 1.74875 2000 -755.461
4.17 1.7398 2000 -751.592
4.175 1.73078 2000 -747.699
4.18 1.72171 2000 -743.779
4.185 1.71257 2000 -739.83
4.19 1.70335 2000 -735.849
4.195 1.69406 2000 -731.835
4.2 1.68469 2000 -727.786
4.205 1.67523 2000 -723.7
4.21 1.66569 2000 -719.58
4.215 1.65608 2000 -715.428
4.22 1.64641 2000 -711.249
4.225 1.63669 2000 -707.049
4.23 1.62692 2000 -702.83
4.235 1.61712 2000 -698.594
4.24 1.60726 2000 -694.337
4.245 1.59735 2000 -690.057
4.25 1.5874 2000 -685.758
4.255 1.57741 2000 -681.442
4.26 1.56738 2000 -677.106
4.265 1.55729 2000 -672.748
4.27 1.54714 2000 -668.365
4.275 1.53694 2000 -663.96
4.28 1.5267 2000 -659.536
4.285 1.51642 2000 -655.095
4.29 1.50609 2000 -650.632
4.295 1.49571 2000 -646.147
4.3 1.48528 2000 -641.642
4.305 1.47481 2000 -637.119
4.31 1.46431 2000 -632.582
4.315 1.45377 2000 -628.027
4.32 1.44317 2000 -623.451
4.325 1.43253 2000 -618.853
4.33 1.42185 2000 -614.239
4.335 1.41114 2000 -609.613
4.34 1.40041 2000 -604.977
4.345 1.38965 2000 -600.33
4.35 1.37885 2000 -595.663
4.355 1.36798 2000 -590.969
4.36 1.35706 2000 -586.248
4.365 1.34609 2000 -581.513
4.37 1.33512 2000 -576.774
4.375 1.32415 2000 -572.032
4.38 1.31315 2000 -567.279
4.385 1.30211 2000 -562.514
4.39 1.29107 2000 -557.74
4.395 1.28001 2000 -552.963
4.4 1.26893 2000 -548.176
4.405 1.2578 2000 -543.371
4.41 1.24664 2000 -538.549
4.415 1.23545 2000 -533.716
4.42 1.22426 2000 -528.881
4.425 1.21306 2000 -524.043
4.43 1.20183 2000 -519.189
4.435 1.19055 2000 -514.315
4.44 1.17923 2000 -509.428
4.445 1.16791 2000 -504.538
4.45 1.15659 2000 -499.648
4.455 1.14527 2000 -494.756
4.46 1.13393 2000 -489.858
4.465 1.12258 2000 -484.953
4.47 1.11121 2000 -480.042
4.475 1.09984 2000 -475.129
4.48 1.08845 2000 -470.213
4.485 1.07704 2000 -465.281
4.49 1.06556 2000 -460.324
4.495 1.05403 2000 -455.342
4.5 1.04246 2000 -450.344
4.505 1.03088 2000 -445.34
4.51 1.01929 2000 -440.332
4.515 1.00768 2000 -435.319
4.52 0.996068 2000 -430.301
4.525 0.984452 2000 -425.283
4.53 0.972857 2000 -420.274
4.535 0.961289 2000 -415.277
4.54 0.949739 2000 -410.287
4.545 0.938194 2000 -405.3
4.55 0.92665 2000 -400.313
4.555 0.915105 2000 -395.325
4.56 0.903561 2000 -390.338
4.565 0.892016 2000 -385.351
4.57 0.880457 2000 -380.357
4.575 0.868874 2000 -375.353
4.58 0.857274 2000 -370.343
4.585 0.845683 2000 -365.335
4.59 0.834117 2000 -360.338
4.595 0.822576 2000 -355.353
4.6 0.811064 2000 -350.38
4.605 0.799584 2000 -345.42
4.61 0.788139 2000 -340.476
4.615 0.776725 2000 -335.545
4.62 0.765331 2000 -330.623
4.625 0.75395 2000 -325.707
4.63 0.742581 2000 -320.795
4.635 0.73122 2000 -315.887
4.64 0.71986 2000 -310.979
4.645 0.708511 2000 -306.077
4.65 0.697194 2000 -301.188
4.655 0.685901 2000 -296.309
4.66 0.674612 2000 -291.432
4.665 0.663325 2000 -286.556
4.67 0.652057 2000 -281.688
4.675 0.640819 2000 -276.834
4.68 0.629623 2000 -271.997
4.685 0.61847 2000 -267.179
4.69 0.607353 2000 -262.377
4.695 0.596275 2000 -257.591
4.7 0.585244 2000 -252.825
4.705 0.574256 2000 -248.079
4.71 0.563297 2000 -243.344
4.715 0.552352 2000 -238.616
4.72 0.541421 2000 -233.894
4.725 0.530519 2000 -229.184
4.73 0.519669 2000 -224.497
4.735 0.50887 2000 -219.832
4.74 0.498099 2000 -215.179
4.745 0.487335 2000 -210.529
4.75 0.476588 2000 -205.886
4.755 0.46589 2000 -201.265
4.76 0.455261 2000 -196.673
4.765 0.44469 2000 -192.106
4.77 0.434162 2000 -187.558
4.775 0.423672 2000 -183.026
4.78 0.413215 2000 -178.509
4.785 0.402791 2000 -174.006
4.79 0.392414 2000 -169.523
4.795 0.382089 2000 -165.063
4.8 0.371795 2000 -160.615
4.805 0.361512 2000 -156.173
4.81 0.351262 2000 -151.745
4.815 0.341074 2000 -147.344
4.82 0.330942 2000 -142.967
4.825 0.320845 2000 -138.605
4.83 0.310774 2000 -134.254
4.835 0.300729 2000 -129.915
4.84 0.29071 2000 -125.587
4.845 0.280727 2000 -121.274
4.85 0.270793 2000 -116.983
4.855 0.260901 2000 -112.709
4.86 0.251037 2000 -108.448
4.865 0.241212 2000 -104.204
4.87 0.231451 2000 -99.9868
4.875 0.221765 2000 -95.8025
4.88 0.21215 2000 -91.6487
4.885 0.202586 2000 -87.5174
4.89 0.193057 2000 -83.4006
4.895 0.18357 2000 -79.3022
4.9 0.174151 2000 -75.2332
4.905 0.164805 2000 -71.1958
4.91 0.155516 2000 -67.1828
4.915 0.146274 2000 -63.1903
4.92 0.137088 2000 -59.2221
4.925 0.127963 2000 -55.2801
4.93 0.118886 2000 -51.359
4.935 0.10985 2000 -47.4551
4.94 0.100871 2000 -43.5763
4.945 0.0919762 2000 -39.7337
4.95 0.083167 2000 -35.9282
4.955 0.0744236 2000 -32.151
4.96 0.0657372 2000 -28.3985
4.965 0.0571241 2000 -24.6776
4.97 0.0485965 2000 -20.9937
4.975 0.0401395 2000 -17.3403
4.98 0.0317322 2000 -13.7083
4.985 0.0233743 2000 -10.0977
4.99 0.0150855 2000 -6.51693
4.995 0.00688259 2000 -2.97328
5 -0.00123524 2000 0.533623
5.005 -0.00928309 2000 4.01029
5.01 -0.0172696 2000 7.46046
5.015 -0.0251819 2000 10.8786
5.02 -0.0330029 2000 14.2573
5.025 -0.040736 2000 17.598
5.03 -0.0483994 2000 20.9085
5.035 -0.0560021 2000 24.1929
5.04 -0.0635359 2000 27.4475
5.045 -0.0709863 2000 30.6661
5.05 -0.0783475 2000 33.8461
5.055 -0.0856246 2000 36.9898
5.06 -0.0928222 2000 40.0992
5.065 -0.0999375 2000 43.173
5.07 -0.106967 2000 46.2096
5.075 -0.113908 2000 49.2085
5.08 -0.120767 2000 52.1713
5.085 -0.127551 2000 55.1019
5.09 -0.134261 2000 58.0009
5.095 -0.140891 2000 60.865
5.1 -0.147433 2000 63.6909
5.105 -0.153888 2000 66.4798
5.11 -0.160267 2000 69.2352
5.115 -0.166563 2000 71.9552
5.12 -0.172757 2000 74.6312
5.125 -0.178833 2000 77.256
5.13 -0.184794 2000 79.8309
5.135 -0.190663 2000 82.3665
5.14 -0.196468 2000 84.8742
5.145 -0.202217 2000 87.3577
5.15 -0.207901 2000 89.8133
5.155 -0.213507 2000 92.235
5.16 -0.219028 2000 94.6203
5.165 -0.22447 2000 96.9711
5.17 -0.22984 2000 99.2907
5.175 -0.235138 2000 101.579
5.18 -0.240355 2000 103.833
5.185 -0.245479 2000 106.047
5.19 -0.250507 2000 108.219
5.195 -0.255465 2000 110.361
5.2 -0.260384 2000 112.486
5.205 -0.265264 2000 114.594
5.21 -0.27007 2000 116.67
5.215 -0.274773 2000 118.702
5.22 -0.27938 2000 120.692
5.225 -0.283912 2000 122.65
5.23 -0.288363 2000 124.573
5.235 -0.292733 2000 126.461
5.24 -0.297034 2000 128.319
5.245 -0.30127 2000 130.149
5.25 -0.305436 2000 131.948
5.255 -0.309539 2000 133.721
5.26 -0.31358 2000 135.467
5.265 -0.317539 2000 137.177
5.27 -0.321391 2000 138.841
5.275 -0.32513 2000 140.456
5.28 -0.328761 2000 142.025
5.285 -0.332291 2000 143.55
5.29 -0.335723 2000 145.032
5.295 -0.339062 2000 146.475
5.3 -0.342303 2000 147.875
5.305 -0.34544 2000 149.23
5.31 -0.348478 2000 150.543
5.315 -0.351424 2000 151.815
5.32 -0.354278 2000 153.048
5.325 -0.357033 2000 154.238
5.33 -0.359685 2000 155.384
5.335 -0.362229 2000 156.483
5.34 -0.36466 2000 157.533
5.345 -0.366987 2000 158.538
5.35 -0.369236 2000 159.51
5.355 -0.371426 2000 160.456
5.36 -0.373549 2000 161.373
5.365 -0.375583 2000 162.252
5.37 -0.377518 2000 163.088
5.375 -0.379359 2000 163.883
5.38 -0.381101 2000 164.636
5.385 -0.382731 2000 165.34
5.39 -0.38425 2000 165.996
5.395 -0.385669 2000 166.609
5.4 -0.386996 2000 167.182
5.405 -0.388231 2000 167.716
5.41 -0.389367 2000 168.207
5.415 -0.3904 2000 168.653
5.42 -0.391325 2000 169.052
5.425 -0.392145 2000 169.407
5.43 -0.392875 2000 169.722
5.435 -0.393534 2000 170.007
5.44 -0.394129 2000 170.264
5.445 -0.394643 2000 170.486
5.45 -0.395064 2000 170.668
5.455 -0.395401 2000 170.813
5.46 -0.395663 2000 170.926
5.465 -0.395838 2000 171.002
5.47 -0.395916 2000 171.036
5.475 -0.395901 2000 171.029
5.48 -0.395814 2000 170.992
5.485 -0.395674 2000 170.931
5.49 -0.395484 2000 170.849
5.495 -0.395238 2000 170.743
5.5 -0.394932 2000 170.611
5.505 -0.394554 2000 170.447
5.51 -0.394096 2000 170.249
5.515 -0.393558 2000 170.017
5.52 -0.392934 2000 169.748
5.525 -0.392208 2000 169.434
5.53 -0.391379 2000 169.076
5.535 -0.390459 2000 168.678
5.54 -0.389461 2000 168.247
5.545 -0.388389 2000 167.784
5.55 -0.387236 2000 167.286
5.555 -0.385989 2000 166.747
5.56 -0.384636 2000 166.163
5.565 -0.383178 2000 165.533
5.57 -0.381624 2000 164.862
5.575 -0.379977 2000 164.15
5.58 -0.378251 2000 163.404
5.585 -0.376464 2000 162.632
5.59 -0.374616 2000 161.834
5.595 -0.372686 2000 161.001
5.6 -0.370668 2000 160.129
5.605 -0.368578 2000 159.226
5.61 -0.36643 2000 158.298
5.615 -0.364223 2000 157.344
5.62 -0.361939 2000 156.357
5.625 -0.359564 2000 155.331
5.63 -0.357096 2000 154.266
5.635 -0.354547 2000 153.164
5.64 -0.351921 2000 152.03
5.645 -0.349209 2000 150.858
5.65 -0.346405 2000 149.647
5.655 -0.343513 2000 148.398
5.66 -0.340539 2000 147.113
5.665 -0.337482 2000 145.792
5.67 -0.334349 2000 144.439
5.675 -0.331148 2000 143.056
5.68 -0.327868 2000 141.639
5.685 -0.324494 2000 140.181
5.69 -0.321029 2000 138.685
5.695 -0.317493 2000 137.157
5.7 -0.313903 2000 135.606
5.705 -0.310271 2000 134.037
5.71 -0.306599 2000 132.451
5.715 -0.302873 2000 130.841
5.72 -0.299072 2000 129.199
5.725 -0.295178 2000 127.517
5.73 -0.291191 2000 125.795
5.735 -0.287126 2000 124.038
5.74 -0.282994 2000 122.253
5.745 -0.278797 2000 120.44
5.75 -0.274533 2000 118.598
5.755 -0.270209 2000 116.73
5.76 -0.265836 2000 114.841
5.765 -0.261417 2000 112.932
5.77 -0.256947 2000 111.001
5.775 -0.252409 2000 109.04
5.78 -0.247791 2000 107.046
5.785 -0.243101 2000 105.02
5.79 -0.238348 2000 102.966
5.795 -0.233529 2000 100.885
5.8 -0.228636 2000 98.7707
5.805 -0.223669 2000 96.6249
5.81 -0.218635 2000 94.4503
5.815 -0.213548 2000 92.2527
5.82 -0.208434 2000 90.0436
5.825 -0.203314 2000 87.8317
5.83 -0.198181 2000 85.6143
5.835 -0.193019 2000 83.3844
5.84 -0.187819 2000 81.1379
5.845 -0.182573 2000 78.8717
5.85 -0.177279 2000 76.5844
5.855 -0.171935 2000 74.276
5.86 -0.166541 2000 71.9458
5.865 -0.161099 2000 69.5948
5.87 -0.155619 2000 67.2276
5.875 -0.150108 2000 64.8468
5.88 -0.144565 2000 62.4522
5.885 -0.138989 2000 60.0434
5.89 -0.133375 2000 57.6178
5.895 -0.127709 2000 55.1702
5.9 -0.121992 2000 52.7007
5.905 -0.116241 2000 50.2162
5.91 -0.110467 2000 47.7216
5.915 -0.104661 2000 45.2137
5.92 -0.0988055 2000 42.684
5.925 -0.0928874 2000 40.1273
5.93 -0.086913 2000 37.5464
5.935 -0.0808974 2000 34.9477
5.94 -0.0748475 2000 32.3341
5.945 -0.0687567 2000 29.7029
5.95 -0.0626149 2000 27.0496
5.955 -0.0564203 2000 24.3736
5.96 -0.0501779 2000 21.6769
5.965 -0.0438955 2000 18.9628
5.97 -0.0375822 2000 16.2355
5.975 -0.0312369 2000 13.4944
5.98 -0.0248461 2000 10.7335
5.985 -0.0183995 2000 7.94857
5.99 -0.0118975 2000 5.13973
5.995 -0.00535014 2000 2.31126
6 0.00122959 2000 -0.531183
6.005 0.00783534 2000 -3.38487
6.01 0.0144712 2000 -6.25155
6.015 0.0211435 2000 -9.13401
6.02 0.0278537 2000 -12.0328
6.025 0.0345978 2000 -14.9462
6.03 0.0413701 2000 -17.8719
6.035 0.0481716 2000 -20.8101
6.04 0.0550109 2000 -23.7647
6.045 0.0618965 2000 -26.7393
6.05 0.0688358 2000 -29.7371
6.055 0.0758334 2000 -32.76
6.06 0.082881 2000 -35.8046
6.065 0.0899554 2000 -38.8607
6.07 0.0970358 2000 -41.9195
6.075 0.104118 2000 -44.9792
6.08 0.1112 2000 -48.0384
6.085 0.118265 2000 -51.0907
6.09 0.125314 2000 -54.1354
6.095 0.132358 2000 -57.1788
6.1 0.139409 2000 -60.2247
6.105 0.146474 2000 -63.2766
6.11 0.153565 2000 -66.3402
6.115 0.160684 2000 -69.4156
6.12 0.167818 2000 -72.4976
6.125 0.174962 2000 -75.5835
6.13 0.182124 2000 -78.6777
6.135 0.189316 2000 -81.7844
6.14 0.196536 2000 -84.9034
6.145 0.203781 2000 -88.0333
6.15 0.211046 2000 -91.1719
6.155 0.218321 2000 -94.3148
6.16 0.225599 2000 -97.4588
6.165 0.232879 2000 -100.604
6.17 0.240157 2000 -103.748
6.175 0.247411 2000 -106.881
6.18 0.254635 2000 -110.002
6.185 0.261855 2000 -113.121
6.19 0.269097 2000 -116.25
6.195 0.276357 2000 -119.386
6.2 0.283604 2000 -122.517
6.205 0.290822 2000 -125.635
6.21 0.298026 2000 -128.747
6.215 0.305235 2000 -131.861
6.22 0.312443 2000 -134.975
6.225 0.319637 2000 -138.083
6.23 0.326825 2000 -141.188
6.235 0.334018 2000 -144.296
6.24 0.341215 2000 -147.405
6.245 0.348403 2000 -150.51
6.25 0.355586 2000 -153.613
6.255 0.362775 2000 -156.719
6.26 0.36997 2000 -159.827
6.265 0.377152 2000 -162.929
6.27 0.384298 2000 -166.017
6.275 0.391408 2000 -169.088
6.28 0.3985 2000 -172.152
6.285 0.40559 2000 -175.215
6.29 0.412669 2000 -178.273
6.295 0.419706 2000 -181.313
6.3 0.426677 2000 -184.325
6.305 0.433597 2000 -187.314
6.31 0.4405 2000 -190.296
6.315 0.447406 2000 -193.28
6.32 0.454314 2000 -196.263
6.325 0.461219 2000 -199.246
6.33 0.468125 2000 -202.23
6.335 0.475028 2000 -205.212
6.34 0.481912 2000 -208.186
6.345 0.488762 2000 -211.145
6.35 0.495582 2000 -214.091
6.355 0.502394 2000 -217.034
6.36 0.509206 2000 -219.977
6.365 0.516009 2000 -222.916
6.37 0.522797 2000 -225.848
6.375 0.529575 2000 -228.777
6.38 0.536346 2000 -231.702
6.385 0.543117 2000 -234.627
6.39 0.549889 2000 -237.552
6.395 0.556642 2000 -240.47
6.4 0.563353 2000 -243.369
6.405 0.57002 2000 -246.248
6.41 0.576649 2000 -249.112
6.415 0.583244 2000 -251.962
6.42 0.58981 2000 -254.798
6.425 0.59635 2000 -257.623
6.43 0.602868 2000 -260.439
6.435 0.609359 2000 -263.243
6.44 0.615818 2000 -266.033
6.445 0.622243 2000 -268.809
6.45 0.628641 2000 -271.573
6.455 0.635021 2000 -274.329
6.46 0.641389 2000 -277.08
6.465 0.647733 2000 -279.821
6.47 0.654039 2000 -282.545
6.475 0.660312 2000 -285.255
6.48 0.666558 2000 -287.953
6.485 0.672776 2000 -290.639
6.49 0.67896 2000 -293.311
6.495 0.685103 2000 -295.964
6.5 0.6912 2000 -298.599
6.505 0.697248 2000 -301.211
6.51 0.703241 2000 -303.8
6.515 0.709179 2000 -306.365
6.52 0.715064 2000 -308.908
6.525 0.720908 2000 -311.432
6.53 0.726728 2000 -313.946
6.535 0.732535 2000 -316.455
6.54 0.738325 2000 -318.957
6.545 0.744075 2000 -321.441
6.55 0.749758 2000 -323.895
6.555 0.75536 2000 -326.316
6.56 0.760887 2000 -328.703
6.565 0.766351 2000 -331.064
6.57 0.771758 2000 -333.399
6.575 0.777117 2000 -335.715
6.58 0.78244 2000 -338.014
6.585 0.787724 2000 -340.297
6.59 0.792949 2000 -342.554
6.595 0.798096 2000 -344.778
6.6 0.803179 2000 -346.973
6.605 0.808226 2000 -349.154
6.61 0.813247 2000 -351.323
6.615 0.818228 2000 -353.475
6.62 0.823156 2000 -355.603
6.625 0.828029 2000 -357.708
6.63 0.832855 2000 -359.793
6.635 0.837641 2000 -361.861
6.64 0.842401 2000 -363.917
6.645 0.847145 2000 -365.967
6.65 0.851861 2000 -368.004
6.655 0.856535 2000 -370.023
6.66 0.861166 2000 -372.024
6.665 0.865761 2000 -374.009
6.67 0.870317 2000 -375.977
6.675 0.874816 2000 -377.92
6.68 0.879241 2000 -379.832
6.685 0.883595 2000 -381.713
6.69 0.8879 2000 -383.573
6.695 0.892149 2000 -385.409
6.7 0.896315 2000 -387.208
6.705 0.900392 2000 -388.969
6.71 0.904408 2000 -390.704
6.715 0.908387 2000 -392.423
6.72 0.912329 2000 -394.126
6.725 0.916229 2000 -395.811
6.73 0.920089 2000 -397.479
6.735 0.92391 2000 -399.129
6.74 0.927671 2000 -400.754
6.745 0.931353 2000 -402.344
6.75 0.934953 2000 -403.9
6.755 0.938494 2000 -405.429
6.76 0.941994 2000 -406.941
6.765 0.945442 2000 -408.431
6.77 0.948811 2000 -409.886
6.775 0.952086 2000 -411.301
6.78 0.955281 2000 -412.681
6.785 0.958412 2000 -414.034
6.79 0.96149 2000 -415.364
6.795 0.964518 2000 -416.672
6.8 0.967479 2000 -417.951
6.805 0.970341 2000 -419.187
6.81 0.973086 2000 -420.373
6.815 0.975732 2000 -421.516
6.82 0.978313 2000 -422.631
6.825 0.980839 2000 -423.722
6.83 0.983299 2000 -424.785
6.835 0.985683 2000 -425.815
6.84 0.988 2000 -426.816
6.845 0.990251 2000 -427.789
6.85 0.992432 2000 -428.73
6.855 0.994547 2000 -429.644
6.86 0.996621 2000 -430.54
6.865 0.998657 2000 -431.42
6.87 1.00063 2000 -432.271
6.875 1.0025 2000 -433.082
6.88 1.0043 2000 -433.855
6.885 1.00602 2000 -434.599
6.89 1.00769 2000 -435.321
6.895 1.0093 2000 -436.019
6.9 1.01084 2000 -436.682
6.905 1.01227 2000 -437.301
6.91 1.01362 2000 -437.883
6.915 1.0149 2000 -438.437
6.92 1.01612 2000 -438.964
6.925 1.01726 2000 -439.458
6.93 1.01832 2000 -439.915
6.935 1.0193 2000 -440.335
6.94 1.02018 2000 -440.719
6.945 1.02099 2000 -441.066
6.95 1.02171 2000 -441.379
6.955 1.02237 2000 -441.662
6.96 1.02295 2000 -441.913
6.965 1.02343 2000 -442.123
6.97 1.02381 2000 -442.287
6.975 1.0241 2000 -442.409
6.98 1.0243 2000 -442.496
6.985 1.02441 2000 -442.545
6.99 1.02443 2000 -442.554
6.995 1.02436 2000 -442.524
7 1.0242 2000 -442.454
7.005 1.02394 2000 -442.342
7.01 1.02359 2000 -442.19
7.015 1.02316 2000 -442.005
7.02 1.02267 2000 -441.792
7.025 1.0221 2000 -441.549
7.03 1.02146 2000 -441.27
7.035 1.02072 2000 -440.951
7.04 1.0199 2000 -440.595
7.045 1.019 2000 -440.207
7.05 1.01804 2000 -439.791
7.055 1.017 2000 -439.346
7.06 1.01589 2000 -438.864
7.065 1.01468 2000 -438.342
7.07 1.01338 2000 -437.781
7.075 1.01201 2000 -437.187
7.08 1.01057 2000 -436.568
7.085 1.00908 2000 -435.922
7.09 1.0075 2000 -435.239
7.095 1.00582 2000 -434.514
7.1 1.00405 2000 -433.752
7.105 1.00223 2000 -432.963
7.11 1.00036 2000 -432.155
7.115 0.998445 2000 -431.328
7.12 0.996484 2000 -430.481
7.125 0.994473 2000 -429.612
7.13 0.992404 2000 -428.719
7.135 0.990267 2000 -427.795
7.14 0.988046 2000 -426.836
7.145 0.985742 2000 -425.841
7.15 0.983378 2000 -424.819
7.155 0.980969 2000 -423.779
7.16 0.978509 2000 -422.716
7.165 0.975979 2000 -421.623
7.17 0.973373 2000 -420.497
7.175 0.970693 2000 -419.339
7.18 0.967936 2000 -418.148
7.185 0.965096 2000 -416.921
7.19 0.962171 2000 -415.658
7.195 0.95917 2000 -414.361
7.2 0.956098 2000 -413.034
7.205 0.952956 2000 -411.677
7.21 0.949738 2000 -410.287
7.215 0.946439 2000 -408.861
7.22 0.943061 2000 -407.402
7.225 0.939607 2000 -405.91
7.23 0.936081 2000 -404.387
7.235 0.932497 2000 -402.839
7.24 0.928872 2000 -401.273
7.245 0.925215 2000 -399.693
7.25 0.92153 2000 -398.101
7.255 0.917802 2000 -396.491
7.26 0.914017 2000 -394.856
7.265 0.910172 2000 -393.194
7.27 0.906265 2000 -391.506
7.275 0.902284 2000 -389.787
7.28 0.898218 2000 -388.03
7.285 0.894066 2000 -386.237
7.29 0.889847 2000 -384.414
7.295 0.885576 2000 -382.569
7.3 0.881262 2000 -380.705
7.305 0.876901 2000 -378.821
7.31 0.872484 2000 -376.913
7.315 0.868003 2000 -374.977
7.32 0.863458 2000 -373.014
7.325 0.858848 2000 -371.022
7.33 0.854175 2000 -369.004
7.335 0.849449 2000 -366.962
7.34 0.844671 2000 -364.898
7.345 0.839823 2000 -362.803
7.35 0.834882 2000 -360.669
7.355 0.829844 2000 -358.493
7.36 0.824725 2000 -356.281
7.365 0.819537 2000 -354.04
7.37 0.814289 2000 -351.773
7.375 0.80899 2000 -349.484
7.38 0.803642 2000 -347.173
7.385 0.798243 2000 -344.841
7.39 0.792785 2000 -342.483
7.395 0.787268 2000 -340.1
7.4 0.781701 2000 -337.695
7.405 0.776095 2000 -335.273
7.41 0.770461 2000 -332.839
7.415 0.764795 2000 -330.392
7.42 0.759086 2000 -327.925
7.425 0.753325 2000 -325.436
7.43 0.747512 2000 -322.925
7.435 0.741649 2000 -320.392
7.44 0.735742 2000 -317.841
7.445 0.729801 2000 -315.274
7.45 0.723815 2000 -312.688
7.455 0.717764 2000 -310.074
7.46 0.711643 2000 -307.43
7.465 0.705468 2000 -304.762
7.47 0.699244 2000 -302.073
7.475 0.692957 2000 -299.358
