0.1 -1.16868e-31 200 -1.10134e-13
0.2 -4.38256e-31 400 -1.04805e-13
0.3 2.62954e-31 600 4.79616e-14
0.4 -5.84341e-32 800 2.20268e-13
0.5 -5.84341e-31 1000 -3.90799e-13
0.6 0 1200 5.79092e-13
0.7 3.50605e-31 1400 3.94351e-13
0.8 -3.50605e-31 1600 -2.27374e-13
0.9 4.67473e-31 1800 5.71987e-13
1 2.10363e-30 2000 8.7752e-13
0.005 0.00143342 2000 -0.621362
0.01 0.0071583 1999.99 -3.0962
0.015 0.0185938 2000 -8.03559
0.02 0.0357269 2000 -15.4365
0.025 0.0585421 2000 -25.2924
0.03 0.0870234 2000 -37.596
0.035 0.121154 2000 -52.3402
0.04 0.160914 2000 -69.5169
0.045 0.206286 2000 -89.1177
0.05 0.257249 2000 -111.134
0.055 0.313782 2000 -135.556
0.06 0.375861 2000 -162.375
0.065 0.443463 2000 -191.58
0.07 0.516563 2000 -223.159
0.075 0.595135 2000 -257.103
0.08 0.679148 2000 -293.397
0.085 0.768571 2000 -332.029
0.09 0.863374 2000 -372.985
0.095 0.96353 2000 -416.253
0.1 1.06901 2000 -461.823
0.105 1.1798 2000 -509.683
0.11 1.29587 2000 -559.826
0.115 1.4172 2000 -612.243
0.12 1.54378 2000 -666.925
0.125 1.67557 2000 -723.861
0.13 1.81255 2000 -783.04
0.135 1.9547 2000 -844.448
0.14 2.10197 2000 -908.069
0.145 2.25431 2000 -973.886
0.15 2.4117 2000 -1041.88
0.155 2.57406 2000 -1112.02
0.16 2.74134 2000 -1184.29
0.165 2.9135 2000 -1258.66
0.17 3.0905 2000 -1335.13
0.175 3.27229 2000 -1413.66
0.18 3.45885 2000 -1494.26
0.185 3.65015 1999.99 -1576.9
0.19 3.84619 1999.99 -1661.6
0.195 4.04695 1999.99 -1748.33
0.2 4.2524 1999.99 -1837.08
0.205 4.4625 1999.99 -1927.85
0.21 4.6772 1999.99 -2020.6
0.215 4.89645 1999.99 -2115.32
0.22 5.12017 1999.99 -2211.97
0.225 5.34827 1999.99 -2310.51
0.23 5.58067 1999.99 -2410.91
0.235 5.81728 1999.99 -2513.13
0.24 6.05802 1999.99 -2617.13
0.245 6.30278 1999.99 -2722.87
0.25 6.55149 1999.99 -2830.32
0.255 6.80411 1999.99 -2939.45
0.26 7.06062 1999.99 -3050.26
0.265 7.32104 1999.99 -3162.77
0.27 7.58543 1999.99 -3276.99
0.275 7.85381 1999.99 -3392.93
0.28 8.12619 1999.99 -3510.61
0.285 8.40252 1999.99 -3629.98
0.29 8.68276 1999.99 -3751.05
0.295 8.96685 1999.99 -3873.78
0.3 9.25474 1999.99 -3998.15
0.305 9.54639 1999.99 -4124.15
0.31 9.84174 1999.99 -4251.74
0.315 10.1407 1999.99 -4380.88
0.32 10.4431 1999.99 -4511.52
0.325 10.7488 1999.98 -4643.6
0.33 11.0579 1999.98 -4777.12
0.335 11.3702 1999.98 -4912.07
0.34 11.6859 1999.98 -5048.43
0.345 12.0047 1999.98 -5186.18
0.35 12.3267 1999.98 -5325.29
0.355 12.6518 1999.98 -5465.72
0.36 12.9798 1999.98 -5607.41
0.365 13.3106 1999.98 -5750.34
0.37 13.6442 1999.98 -5894.46
0.375 13.9805 1999.98 -6039.76
0.38 14.3195 1999.98 -6186.2
0.385 14.6611 1999.98 -6333.77
0.39 15.0052 1999.98 -6482.44
0.395 15.3519 1999.98 -6632.18
0.4 15.7009 1999.98 -6782.96
0.405 16.0523 1999.98 -6934.76
0.41 16.4059 1999.98 -7087.55
0.415 16.7618 1999.98 -7241.31
0.42 17.1199 1999.98 -7396
0.425 17.4801 1999.98 -7551.6
0.43 17.8423 1999.98 -7708.09
0.435 18.2065 1999.98 -7865.44
0.44 18.5727 1999.98 -8023.61
0.445 18.9407 1999.98 -8182.59
0.45 19.3105 1999.98 -8342.35
0.455 19.682 1999.98 -8502.85
0.46 20.0552 1999.97 -8664.08
0.465 20.43 1999.97 -8826
0.47 20.8063 1999.97 -8988.59
0.475 21.1842 1999.97 -9151.82
0.48 21.5635 1999.97 -9315.69
0.485 21.9444 1999.97 -9480.22
0.49 22.3268 1999.97 -9645.46
0.495 22.711 1999.97 -9811.44
0.5 23.0902 2000 -9976.15
0.505 23.4692 2000.02 -10140.5
0.51 23.8531 2000.01 -10306.1
0.515 24.2386 2000 -10472.4
0.52 24.6247 2000 -10639.1
0.525 25.0035 2000.02 -10803.4
0.53 25.387 2000.01 -10968.8
0.535 25.7715 2000.01 -11134.7
0.54 26.1571 2000 -11301
0.545 26.5318 2000.05 -11464.4
0.55 26.9021 2000.1 -11625.5
0.555 27.2792 2000.07 -11787.7
0.56 27.6557 2000.05 -11949.9
0.565 28.0065 2000.14 -12102.4
0.57 28.362 2000.11 -12255.3
0.575 28.7161 2000.08 -12407.8
0.58 29.0622 2000.1 -12557.9
0.585 29.3988 2000.13 -12704.2
0.59 29.7393 2000.1 -12850.6
0.595 30.0581 2000.17 -12988.9
0.6 30.3802 2000.13 -13127.4
0.605 30.7012 2000.1 -13265.5
0.61 31.0211 2000.08 -13403.3
0.615 31.3399 2000.06 -13540.7
0.62 31.6578 2000.04 -13677.8
0.625 31.95 2000.22 -13806.4
0.63 32.224 2000.38 -13926.6
0.635 32.5069 2000.3 -14047.8
0.64 32.7889 2000.24 -14168.8
0.645 33.0699 2000.19 -14289.5
0.65 33.3501 2000.15 -14410
0.655 33.6295 2000.12 -14530.3
0.66 33.9082 2000.09 -14650.3
0.665 34.1862 2000.07 -14770.1
0.67 34.4635 2000.05 -14889.7
0.675 34.7401 2000.04 -15009
0.68 35.0135 2000.05 -15127.2
0.685 35.2568 2000.21 -15234
0.69 35.5065 2000.17 -15341.3
0.695 35.756 2000.13 -15448.7
0.7 36.0058 2000.1 -15556.3
0.705 36.2557 2000.08 -15664
0.71 36.5057 2000.06 -15771.8
0.715 36.7552 2000.04 -15879.4
0.72 37.0035 2000.03 -15986.6
0.725 37.2501 2000.02 -16093
0.73 37.4942 2000.01 -16198.3
0.735 37.7353 2000.01 -16302.4
0.74 37.9729 2000 -16405
0.745 38.207 2000 -16506
0.75 38.4321 2000.05 -16603.8
0.755 38.637 2000.18 -16693.4
0.76 38.843 2000.14 -16782
0.765 39.0439 2000.13 -16868.8
0.77 39.241 2000.12 -16954.1
0.775 39.4372 2000.09 -17038.5
0.78 39.6284 2000.1 -17121.3
0.785 39.8158 2000.1 -17202.5
0.79 40.0032 2000.08 -17283.1
0.795 40.1886 2000.06 -17363
0.8 40.3722 2000.05 -17442.1
0.805 40.5541 2000.03 -17520.4
0.81 40.723 2000.12 -17595
0.815 40.8931 2000.15 -17669.1
0.82 41.0653 2000.12 -17742.9
0.825 41.2364 2000.09 -17816.4
0.83 41.4066 2000.07 -17889.5
0.835 41.5762 2000.06 -17962.5
0.84 41.7455 2000.04 -18035.4
0.845 41.9146 2000.03 -18108.2
0.85 42.0772 2000.08 -18179.3
0.855 42.2362 2000.12 -18248.8
0.86 42.3937 2000.18 -18316.5
0.865 42.5467 2000.22 -18382.7
0.87 42.6972 2000.2 -18447.8
0.875 42.8489 2000.16 -18512.9
0.88 43.0001 2000.13 -18577.8
0.885 43.1506 2000.1 -18642.6
0.89 43.2934 2000.14 -18705.1
0.895 43.4301 2000.18 -18765
0.9 43.5685 2000.15 -18824.3
0.905 43.7039 2000.12 -18882.3
0.91 43.836 2000.09 -18939
0.915 43.9639 2000.07 -18994
0.92 44.0873 2000.06 -19047.1
0.925 44.2059 2000.04 -19098.1
0.93 44.3166 2000.06 -19146.2
0.935 44.4162 2000.11 -19190
0.94 44.5144 2000.08 -19232
0.945 44.6088 2000.07 -19272.5
0.95 44.6999 2000.05 -19311.6
0.955 44.7885 2000.04 -19349.7
0.96 44.8748 2000.03 -19386.8
0.965 44.9593 2000.03 -19423.2
0.97 45.0415 2000.03 -19458.7
0.975 45.1207 2000.04 -19493.1
0.98 45.2 2000.03 -19527.2
0.985 45.2744 2000.07 -19560
0.99 45.3457 2000.1 -19591.2
0.995 45.4187 2000.08 -19622.5
1 45.4915 2000.07 -19653.7
1.005 45.5641 2000.05 -19684.8
1.01 45.6361 2000.04 -19715.8
1.015 45.7074 2000.03 -19746.4
1.02 45.7775 2000.03 -19776.5
1.025 45.8462 2000.03 -19805.7
1.03 45.9114 2000.02 -19833.9
1.035 45.9743 2000.02 -19861.1
1.04 46.035 2000.02 -19887.3
1.045 46.0902 2000.05 -19911.7
1.05 46.1423 2000.07 -19934.5
1.055 46.1941 2000.05 -19956.8
1.06 46.2446 2000.04 -19978.4
1.065 46.2938 2000.03 -19999.5
1.07 46.342 2000.03 -20020.3
1.075 46.3895 2000.02 -20040.7
1.08 46.4355 2000.05 -20060.4
1.085 46.4803 2000.05 -20079.7
1.09 46.524 2000.04 -20098.5
1.095 46.5665 2000.03 -20116.9
1.1 46.6074 2000.03 -20134.6
1.105 46.6463 2000.02 -20151.4
1.11 46.6828 2000.02 -20167.1
1.115 46.7162 2000.01 -20181.5
1.12 46.7464 2000.01 -20194.6
1.125 46.7731 2000.01 -20206.1
1.13 46.7961 2000.01 -20216
1.135 46.8153 2000.01 -20224.3
1.14 46.8311 2000.01 -20231.2
1.145 46.8439 2000.01 -20236.7
1.15 46.8535 2000.01 -20240.9
1.155 46.8605 2000.01 -20243.9
1.16 46.8653 2000.01 -20245.9
1.165 46.8679 2000.01 -20247.1
1.17 46.8685 2000.01 -20247.3
1.175 46.8653 2000 -20246.1
1.18 46.8593 1999.99 -20243.7
1.185 46.8516 1999.99 -20240.2
1.19 46.842 1999.99 -20236
1.195 46.8311 1999.99 -20231.3
1.2 46.8193 2000 -20226.1
1.205 46.8068 2000 -20220.7
1.21 46.7943 2000 -20215.3
1.215 46.7818 2000 -20209.9
1.22 46.7691 2000 -20204.4
1.225 46.7558 2000 -20198.6
1.23 46.7412 2000 -20192.3
1.235 46.7248 2000 -20185.1
1.24 46.7055 2000 -20176.8
1.245 46.6828 2000 -20167
1.25 46.6563 2000 -20155.6
1.255 46.6258 2000 -20142.4
1.26 46.591 2000 -20127.3
1.265 46.5519 2000 -20110.4
1.27 46.5087 2000 -20091.7
1.275 46.4611 2000 -20071.2
1.28 46.409 2000 -20048.7
1.285 46.3523 2000 -20024.2
1.29 46.291 2000 -19997.7
1.295 46.2236 2000.02 -19968.6
1.3 46.1508 2000.04 -19937.2
1.305 46.0734 2000.03 -19903.7
1.31 45.9917 2000.02 -19868.4
1.315 45.9062 2000.02 -19831.4
1.32 45.8169 2000.01 -19792.8
1.325 45.7243 2000.01 -19752.8
1.33 45.6285 2000.01 -19711.4
1.335 45.5317 2000.03 -19668.6
1.34 45.4302 2000.03 -19624.4
1.345 45.3248 2000.02 -19579.1
1.35 45.2163 2000.02 -19532.5
1.355 45.1027 2000.05 -19484.1
1.36 44.9894 2000.03 -19435.1
1.365 44.8757 2000.02 -19386
1.37 44.7625 2000.01 -19337.1
1.375 44.6503 2000.01 -19288.6
1.38 44.5398 2000.01 -19240.9
1.385 44.4315 2000 -19194.1
1.39 44.3259 2000 -19148.5
1.395 44.2232 2000 -19104.1
1.4 44.1237 1999.99 -19061.1
1.405 44.0267 1999.99 -19019.2
1.41 43.9319 1999.99 -18978.3
1.415 43.8374 2000 -18937.7
1.42 43.7382 2000.04 -18895.4
1.425 43.6399 2000.03 -18852.8
1.43 43.5399 2000.02 -18809.5
1.435 43.435 2000.04 -18764.5
1.44 43.3272 2000.05 -18718
1.445 43.2166 2000.04 -18670.1
1.45 43.1026 2000.02 -18620.7
1.455 42.9845 2000.01 -18569.5
1.46 42.8623 2000.01 -18516.7
1.465 42.7358 2000.01 -18462
1.47 42.605 2000 -18405.4
1.475 42.4697 2000 -18346.9
1.48 42.3187 2000.1 -18283.4
1.485 42.1655 2000.14 -18217.8
1.49 42.0107 2000.11 -18150.5
1.495 41.8511 2000.08 -18081.1
1.5 41.6864 2000.07 -18009.7
1.505 41.5165 2000.05 -17936
1.51 41.3416 2000.04 -17860.3
1.515 41.1601 2000.06 -17781.8
1.52 40.9638 2000.14 -17697.9
1.525 40.7551 2000.19 -17608.8
1.53 40.5479 2000.15 -17518.8
1.535 40.3389 2000.12 -17428
1.54 40.1287 2000.1 -17336.9
1.545 39.912 2000.13 -17243.9
1.55 39.6954 2000.13 -17150.6
1.555 39.4809 2000.1 -17057.4
1.56 39.2517 2000.2 -16960.3
1.565 39.0235 2000.23 -16862.3
1.57 38.7976 2000.18 -16763.9
1.575 38.5691 2000.15 -16664.5
1.58 38.3374 2000.12 -16563.9
1.585 38.1022 2000.09 -16461.9
1.59 37.8636 2000.08 -16358.5
1.595 37.6192 2000.08 -16253
1.6 37.3607 2000.13 -16142.4
1.605 37.1039 2000.1 -16030.9
1.61 36.8449 2000.08 -15918.6
1.615 36.5843 2000.07 -15805.7
1.62 36.3138 2000.14 -15689.4
1.625 36.0247 2000.27 -15565.8
1.63 35.7407 2000.22 -15442.5
1.635 35.4512 2000.21 -15317.7
1.64 35.1617 2000.19 -15192.6
1.645 34.8721 2000.17 -15067.2
1.65 34.5761 2000.16 -14939.5
1.655 34.2806 2000.13 -14811.3
1.66 33.982 2000.1 -14681.9
1.665 33.6792 2000.08 -14550.7
1.67 33.3713 2000.07 -14417.5
1.675 33.0579 2000.05 -14281.8
1.68 32.7387 2000.04 -14143.8
1.685 32.4138 2000.03 -14003.3
1.69 32.0582 2000.25 -13851.7
1.695 31.6908 2000.37 -13694.1
1.7 31.3236 2000.3 -13534.8
1.705 30.9514 2000.24 -13373.4
1.71 30.5664 2000.24 -13207.7
1.715 30.1739 2000.23 -13038.5
1.72 29.7784 2000.19 -12867
1.725 29.3765 2000.15 -12692.8
1.73 28.9686 2000.12 -12516.2
1.735 28.556 2000.1 -12337.6
1.74 28.0877 2000.49 -12139.6
1.745 27.6264 2000.6 -11941.6
1.75 27.1752 2000.49 -11745.3
1.755 26.7243 2000.41 -11549.9
1.76 26.2674 2000.4 -11353.2
1.765 25.8137 2000.4 -11157.1
1.77 25.3547 2000.43 -10959.2
1.775 24.9119 2000.35 -10766.8
1.78 24.4799 2000.28 -10579.2
1.785 24.0582 2000.23 -10396.3
1.79 23.6462 2000.19 -10217.7
1.795 23.2142 2000.32 -10033.6
1.8 22.7742 2000.43 -9845.76
1.805 22.3544 2000.35 -9663.05
1.81 21.9405 2000.28 -9483.1
1.815 21.5314 2000.23 -9305.44
1.82 21.1267 2000.18 -9129.84
1.825 20.726 2000.15 -8956.14
1.83 20.3291 2000.12 -8784.21
1.835 19.9234 2000.15 -8610.19
1.84 19.5134 2000.18 -8434.24
1.845 19.1123 2000.14 -8260.1
1.85 18.7122 2000.11 -8086.54
1.855 18.3129 2000.09 -7913.49
1.86 17.9142 2000.08 -7740.8
1.865 17.5032 2000.11 -7564.58
1.87 17.0945 2000.12 -7388.33
1.875 16.6881 2000.09 -7212.09
1.88 16.28 2000.08 -7035.23
1.885 15.8701 2000.06 -6857.71
1.89 15.4483 2000.09 -6676.49
1.895 15.0241 2000.1 -6493.63
1.9 14.6003 2000.08 -6309.94
1.905 14.1722 2000.06 -6124.52
1.91 13.7396 2000.05 -5937.2
1.915 13.3029 2000.04 -5748.24
1.92 12.864 2000.03 -5558.35
1.925 12.425 2000.02 -5368.46
1.93 11.9877 2000.01 -5179.38
1.935 11.5539 2000.01 -4991.84
1.94 11.1253 2000.01 -4806.57
1.945 10.7032 2000 -4624.14
1.95 10.2883 2000 -4444.85
1.955 9.88064 2000 -4268.67
1.96 9.47961 2000 -4095.39
1.965 9.08438 1999.99 -3924.63
1.97 8.69388 2000 -3755.9
1.975 8.30745 1999.99 -3588.9
1.98 7.92424 1999.98 -3423.32
1.985 7.54397 1999.99 -3259.05
1.99 7.16681 1999.99 -3096.11
1.995 6.79288 1999.99 -2934.55
2 6.42235 1999.98 -2774.47
2.005 6.05495 1999.98 -2615.76
2.01 5.69065 1999.98 -2458.37
2.015 5.32911 1999.97 -2302.18
2.02 4.96884 1999.97 -2146.58
2.025 4.609 1999.98 -1991.14
2.03 4.24888 1999.97 -1835.62
2.035 3.88898 1999.97 -1680.14
2.04 3.53016 1999.96 -1525.12
2.045 3.1739 1999.96 -1371.17
2.05 2.82098 1999.96 -1218.75
2.055 2.47303 1999.96 -1068.49
2.06 2.13165 1999.96 -920.984
2.065 1.79736 1999.95 -776.486
2.07 1.4684 1999.94 -634.433
2.075 1.14462 1999.94 -494.546
2.08 0.824481 1999.94 -356.263
2.085 0.507329 1999.95 -219.272
2.09 0.193242 1999.96 -83.58
2.095 -0.117583 1999.96 50.6787
2.1 -0.424466 1999.96 183.135
2.105 -0.724964 1999.95 313.037
2.11 -1.01864 1999.95 439.979
2.115 -1.30377 1999.95 563.073
2.12 -1.57749 1999.95 681.188
2.125 -1.83797 1999.95 793.631
2.13 -2.08377 1999.95 899.783
2.135 -2.3123 1999.94 998.621
2.14 -2.52495 1999.93 1090.39
2.145 -2.72175 1999.94 1175.4
2.15 -2.90429 1999.95 1254.15
2.155 -3.07338 1999.95 1327.09
2.16 -3.23106 1999.96 1395.32
2.165 -3.3783 1999.94 1459.14
2.17 -3.51944 1999.94 1520.22
2.175 -3.65692 1999.95 1579.51
2.18 -3.79278 1999.95 1638.19
2.185 -3.9297 1999.96 1697.39
2.19 -4.0702 1999.97 1758.15
2.195 -4.21457 1999.96 1820.69
2.2 -4.36658 1999.97 1886.36
2.205 -4.52623 1999.97 1955.32
2.21 -4.6922 1999.97 2027.14
2.215 -4.86389 1999.97 2101.47
2.22 -5.03929 1999.96 2177.39
2.225 -5.21605 1999.96 2253.79
2.23 -5.39126 1999.97 2329.4
2.235 -5.56065 1999.97 2402.51
2.24 -5.72086 1999.98 2471.66
2.245 -5.86845 1999.98 2535.48
2.25 -6.00236 1999.98 2593.33
2.255 -6.12176 1999.98 2644.85
2.26 -6.22647 1999.99 2690.04
2.265 -6.31754 1999.99 2729.34
2.27 -6.39667 1999.99 2763.5
2.275 -6.46554 1999.99 2793.25
2.28 -6.52563 1999.99 2819.2
2.285 -6.57728 1999.99 2841.49
2.29 -6.61965 1999.99 2859.77
2.295 -6.65144 2000 2873.49
2.3 -6.67131 2000 2882.06
2.305 -6.67819 2000 2885.02
2.31 -6.67037 1999.98 2881.65
2.315 -6.64655 1999.97 2871.36
2.32 -6.6069 1999.98 2854.22
2.325 -6.55204 1999.98 2830.51
2.33 -6.48298 1999.99 2800.67
2.335 -6.40088 1999.99 2765.2
2.34 -6.30691 1999.99 2724.6
2.345 -6.20224 1999.99 2679.38
2.35 -6.08816 1999.99 2630.1
2.355 -5.96631 1999.99 2577.46
2.36 -5.83885 2000 2522.39
2.365 -5.7087 2000 2466.16
2.37 -5.57964 2000 2410.41
2.375 -5.45593 2000 2356.97
2.38 -5.34172 2000 2307.63
2.385 -5.24042 2000 2263.87
2.39 -5.15467 2000 2226.82
2.395 -5.08646 2000 2197.35
2.4 -5.03723 2000 2176.08
2.405 -5.00757 2000 2163.27
2.41 -4.99724 2000 2158.81
2.415 -5.00536 2000 2162.32
2.42 -5.03081 2000 2173.31
2.425 -5.07236 2000 2191.26
2.43 -5.12891 2000 2215.69
2.435 -5.19981 2000 2246.32
2.44 -5.28509 2000 2283.16
2.445 -5.38506 2000 2326.35
2.45 -5.49994 2000 2375.98
2.455 -5.63004 2000 2432.18
2.46 -5.77598 2000 2495.23
2.465 -5.93871 2000 2565.53
2.47 -6.11936 2000 2643.57
2.475 -6.31889 2000 2729.77
2.48 -6.5378 2000 2824.34
2.485 -6.76749 1999.84 2923.63
2.49 -7.00139 1999.67 3024.78
2.495 -7.25168 1999.72 3132.79
2.5 -7.51867 1999.76 3247.96
2.505 -7.80257 1999.79 3370.59
2.51 -8.10495 1999.82 3501.34
2.515 -8.42772 1999.85 3640.99
2.52 -8.77272 1999.86 3790.27
2.525 -9.14193 1999.87 3949.94
2.53 -9.53708 1999.89 4120.71
2.535 -9.95932 1999.9 4303.12
2.54 -10.4097 1999.92 4497.69
2.545 -10.8899 1999.93 4705.11
2.55 -11.4019 1999.93 4926.26
2.555 -11.9479 1999.94 5162.13
2.56 -12.5302 1999.94 5413.72
2.565 -13.1515 1999.95 5682.12
2.57 -13.8141 1999.95 5968.4
2.575 -14.5202 1999.94 6273.5
2.58 -15.2713 1999.94 6598
2.585 -16.0677 1999.93 6942.11
2.59 -16.8871 2000.02 7299.15
2.595 -17.7544 2000.05 7675.13
2.6 -18.6704 2000.01 8070.1
2.605 -19.5966 2000.11 8473.46
2.61 -20.5204 2000.36 8879.56
2.615 -21.4929 2000.39 9300.87
2.62 -22.5089 2000.28 9737.1
2.625 -23.5504 2000.18 10185
2.63 -24.5378 2000.56 10619.2
2.635 -25.5172 2000.84 11046.5
2.64 -26.5414 2000.63 11485.1
2.645 -27.5049 2001 11904.6
2.65 -28.4168 2001.58 12306.3
2.655 -29.2948 2001.84 12688.2
2.66 -30.2072 2001.44 13076.6
2.665 -31.123 2001.12 13467.6
2.67 -32.0064 2001.2 13848.6
2.675 -32.8202 2001.57 14204.4
2.68 -33.6589 2001.3 14564.3
2.685 -34.5081 2001 14927.4
2.69 -35.3609 2000.76 15292.8
2.695 -36.1534 2001.3 15637.6
2.7 -36.9481 2001.43 15980.9
2.705 -37.7311 2001.27 16319.6
2.71 -38.5058 2001.12 16654.5
2.715 -39.2749 2000.97 16986.1
2.72 -39.9709 2001.47 17295
2.725 -40.6615 2001.66 17594.3
2.73 -41.3438 2001.46 17887.7
2.735 -41.9895 2001.46 18168.5
2.74 -42.6314 2001.28 18444.1
2.745 -43.2279 2001.28 18702.9
2.75 -43.8369 2000.98 18961.8
2.755 -44.3914 2001.05 19203.3
2.76 -44.954 2001.08 19440.9
2.765 -45.453 2001.34 19658.3
2.77 -45.9353 2001.48 19865.7
2.775 -46.3837 2001.57 20061.1
2.78 -46.8252 2001.41 20253
2.785 -47.256 2001.31 20441
2.79 -47.6826 2001.26 20624.2
2.795 -48.1029 2001.34 20803.9
2.8 -48.516 2001.41 20978.8
2.805 -48.9107 2001.16 21149.8
2.81 -49.2926 2000.87 21318.6
2.815 -49.6537 2000.71 21480.9
2.82 -49.9989 2000.92 21630.7
2.825 -50.2961 2000.92 21761.8
2.83 -50.4376 2000.54 21848
2.835 -50.336 1999.67 21858.1
2.84 -50.0029 1997.59 21769.9
2.845 -49.5181 1996.1 21579.3
2.85 -49.0519 1996.53 21355.8
2.855 -48.4857 1996.76 21089.7
2.86 -47.8175 1996.28 20786.5
2.865 -47.1037 1996.11 20460.2
2.87 -46.3627 1996.61 20116.8
2.875 -45.5298 1996.54 19744.6
2.88 -44.9478 1998 19438.9
2.885 -44.4038 1999.1 19167.6
2.89 -43.7495 1999.04 18886.5
2.895 -43.2243 1999.99 18634.6
2.9 -42.7154 2000.3 18404.2
2.905 -42.1123 1999.32 18159.1
2.91 -41.4871 1998.51 17902.1
2.915 -40.8063 1997.16 17623.6
2.92 -40.2532 1997.79 17373.9
2.925 -40.2954 2002.07 17296.4
2.93 -40.1188 2002.53 17201.9
2.935 -39.9076 2001.9 17124.9
2.94 -39.9115 2002.72 17121
2.945 -39.8265 2001.83 17108.9
2.95 -39.7409 2000.93 17092.6
2.955 -39.6696 2000.53 17077.1
2.96 -39.5738 1999.38 17052.3
2.965 -39.5046 1999.09 17032
2.97 -39.4768 1999.62 17023.2
2.975 -39.4368 1999.55 17012.2
2.98 -39.3986 1999.49 17000.8
2.985 -39.3614 1999.43 16988.9
2.99 -39.3244 1999.37 16976.3
2.995 -39.2866 1999.29 16962.8
3 -39.2473 1999.21 16948.3
3.005 -39.2056 1999.1 16932.3
3.01 -39.1605 1998.96 16914.6
3.015 -39.0976 1998.25 16890.8
3.02 -39.0256 1997.71 16862.2
3.025 -38.9496 1997.53 16830.4
3.03 -38.8172 1995.96 16777.8
3.035 -38.6307 1996.05 16701.8
3.04 -38.4701 1999.17 16628.8
3.045 -38.3987 2003.35 16588.5
3.05 -38.2713 2001.47 16536.9
3.055 -38.1188 1999.98 16473.7
3.06 -37.9409 1998.43 16398.9
3.065 -37.7311 1996.88 16310.4
3.07 -37.5122 1997.33 16198.7
3.075 -36.9053 1991.01 15953.4
3.08 -36.2545 1986.28 15674
3.085 -13.0648 769.628 8948.59
3.09 -5.16606 324.573 4987.75
3.095 -14.4971 675.96 8061.31
3.1 -30.5442 1209.46 11950.9
3.105 -32.9083 1402.49 13077.4
3.11 -34.0475 1520.48 13768.5
3.115 -34.8677 1613.22 14307.6
3.12 -35.3258 1685.66 14696.8
3.125 -35.456 1738.92 14920.7
3.13 -35.5453 1783.21 15069.9
3.135 -35.5107 1816.32 15139
3.14 -35.3819 1848.14 15148.2
3.145 -35.2147 1868.8 15107.8
3.15 -34.8212 1868.78 14972.3
3.155 -34.4698 1907.75 14832.8
3.16 -34.3182 1918.83 14748.2
3.165 -34.2375 1913.36 14695.6
3.17 -34.5351 1905.96 14767.4
3.175 -35.1058 1898.06 14871.7
3.18 -34.7161 1914.28 14699.1
3.185 -34.4263 1956.34 14640
3.19 -34.2406 1976.09 14616.6
3.195 -34.4691 1975.13 14701.5
3.2 -34.4914 1977.61 14735.4
3.205 -34.3751 1992.66 14738.4
3.21 -34.3287 1999.69 14755.2
3.215 -34.3363 2000.1 14780.7
3.22 -34.339 2000.64 14797.9
3.225 -34.346 2000.89 14811.4
3.23 -34.3554 2000.91 14822.5
3.235 -34.3657 2000.92 14832
3.24 -34.3772 2000.87 14840.6
3.245 -34.3896 2000.77 14848.5
3.25 -34.4023 2000.69 14855.9
3.255 -34.4156 2000.6 14863.1
3.26 -34.4291 2000.52 14870
3.265 -34.443 2000.45 14876.8
3.27 -34.457 2000.38 14883.5
3.275 -34.4712 2000.32 14890.1
3.28 -34.4854 2000.27 14896.6
3.285 -34.4997 2000.23 14903
3.29 -34.514 2000.19 14909.4
3.295 -34.5283 2000.16 14915.8
3.3 -34.5426 2000.14 14922
3.305 -34.5568 2000.11 14928.3
3.31 -34.5708 2000.09 14934.4
3.315 -34.5848 2000.08 14940.5
3.32 -34.5986 2000.07 14946.5
3.325 -34.6124 2000.1 14952.5
3.33 -34.6263 2000.08 14958.5
3.335 -34.6399 2000.06 14964.4
3.34 -34.6533 2000.05 14970.2
3.345 -34.6664 2000.04 14975.9
3.35 -34.6792 2000.04 14981.4
3.355 -34.6916 2000.03 14986.8
3.36 -34.7037 2000.03 14992
3.365 -34.7155 2000.02 14997.1
3.37 -34.7269 2000.02 15002
3.375 -34.7379 2000.01 15006.8
3.38 -34.7484 2000.01 15011.3
3.385 -34.7585 2000.01 15015.7
3.39 -34.7682 2000.01 15019.9
3.395 -34.7773 2000.01 15023.8
3.4 -34.786 2000.01 15027.6
3.405 -34.7941 2000 15031.1
3.41 -34.8017 2000 15034.3
3.415 -34.8087 2000 15037.4
3.42 -34.8152 2000 15040.2
3.425 -34.8211 2000 15042.7
3.43 -34.8265 2000 15045.1
3.435 -34.8314 2000 15047.2
3.44 -34.8358 2000 15049.1
3.445 -34.8398 2000 15050.8
3.45 -34.8434 2000 15052.3
3.455 -34.8466 2000 15053.7
3.46 -34.8495 2000 15055
3.465 -34.8521 2000 15056.1
3.47 -34.8546 2000 15057.2
3.475 -34.8568 2000 15058.1
3.48 -34.8589 2000 15059.1
3.485 -34.8609 2000 15059.9
3.49 -34.8629 2000 15060.8
3.495 -34.8648 2000 15061.6
3.5 -34.8666 2000 15062.4
3.505 -34.8685 2000 15063.2
3.51 -34.8704 2000 15064
3.515 -34.8724 2000 15064.9
3.52 -34.8743 2000 15065.7
3.525 -34.8764 2000 15066.6
3.53 -34.8784 2000 15067.5
3.535 -34.8805 2000 15068.4
3.54 -34.8827 2000 15069.3
3.545 -34.8849 2000 15070.3
3.55 -34.8871 2000 15071.2
3.555 -34.8893 2000 15072.2
3.56 -34.8915 2000 15073.1
3.565 -34.8938 2000 15074.1
3.57 -34.896 2000 15075.1
3.575 -34.8983 2000 15076.1
3.58 -34.9006 2000 15077
3.585 -34.9028 2000 15078
3.59 -34.9051 2000 15079
3.595 -34.9073 2000 15080
3.6 -34.9096 2000 15080.9
3.605 -34.9118 2000 15081.9
3.61 -34.914 2000 15082.9
3.615 -34.9162 2000 15083.8
3.62 -34.9183 2000 15084.7
3.625 -34.9205 2000 15085.6
3.63 -34.9226 2000 15086.5
3.635 -34.9246 2000 15087.4
3.64 -34.9266 2000 15088.3
3.645 -34.9286 2000 15089.2
3.65 -34.9305 2000 15090
3.655 -34.9324 2000 15090.8
3.66 -34.9343 2000 15091.6
3.665 -34.9362 2000 15092.4
3.67 -34.938 2000 15093.2
3.675 -34.9399 2000 15094
3.68 -34.9418 2000 15094.9
3.685 -34.9438 2000 15095.7
3.69 -34.9458 2000 15096.6
3.695 -34.9479 2000 15097.5
3.7 -34.9501 2000 15098.4
3.705 -34.9524 2000 15099.4
3.71 -34.9547 2000 15100.5
3.715 -34.9572 2000 15101.5
3.72 -34.9598 2000 15102.6
3.725 -34.9625 2000 15103.8
3.73 -34.9653 2000 15105
3.735 -34.9682 2000 15106.3
3.74 -34.9712 2000 15107.6
3.745 -34.9743 2000 15108.9
3.75 -34.9775 2000 15110.3
3.755 -34.9807 2000 15111.6
3.76 -34.9839 2000 15113
3.765 -34.9871 2000 15114.4
3.77 -34.9904 2000 15115.9
3.775 -34.9937 2000 15117.3
3.78 -34.997 2000 15118.7
3.785 -35.0003 2000 15120.1
3.79 -35.0037 2000 15121.6
3.795 -35.0072 2000 15123.1
3.8 -35.0107 2000 15124.6
3.805 -35.0143 2000 15126.2
3.81 -35.018 2000 15127.8
3.815 -35.0219 2000 15129.5
3.82 -35.0259 2000 15131.2
3.825 -35.0301 2000 15133
3.83 -35.0345 2000 15134.9
3.835 -35.0391 2000 15136.9
3.84 -35.0439 2000 15139
3.845 -35.049 2000 15141.2
3.85 -35.0543 2000 15143.5
3.855 -35.0599 2000 15145.9
3.86 -35.0658 2000 15148.4
3.865 -35.072 2000 15151.1
3.87 -35.0785 2000 15153.9
3.875 -35.0853 2000 15156.9
3.88 -35.0925 2000 15159.9
3.885 -35.1 2000 15163.2
3.89 -35.1079 2000 15166.6
3.895 -35.1161 2000 15170.2
3.9 -35.1248 2000 15173.9
3.905 -35.1337 2000 15177.8
3.91 -35.143 2000 15181.8
3.915 -35.1525 2000 15185.9
3.92 -35.1623 2000 15190.1
3.925 -35.1723 2000 15194.5
3.93 -35.1826 2000 15198.9
3.935 -35.193 2000 15203.4
3.94 -35.2035 2000 15207.9
3.945 -35.214 2000 15212.5
3.95 -35.2247 2000 15217.1
3.955 -35.2353 2000 15221.7
3.96 -35.2459 2000 15226.2
3.965 -35.2565 2000 15230.8
3.97 -35.267 2000 15235.3
3.975 -35.2774 2000 15239.8
3.98 -35.2876 2000 15244.2
3.985 -35.2977 2000 15248.6
3.99 -35.3076 2000 15252.9
3.995 -35.3173 2000 15257.1
4 -35.3268 2000 15261.2
4.005 -35.336 2000 15265.2
4.01 -35.345 2000 15269
4.015 -35.3537 2000 15272.8
4.02 -35.3621 2000 15276.4
4.025 -35.3702 2000 15279.9
4.03 -35.3781 2000 15283.3
4.035 -35.3856 2000 15286.6
4.04 -35.3928 2000 15289.7
4.045 -35.3997 2000 15292.7
4.05 -35.4062 2000 15295.5
4.055 -35.4125 2000 15298.2
4.06 -35.4184 2000 15300.7
4.065 -35.4239 2000 15303.1
4.07 -35.4291 2000 15305.4
4.075 -35.4339 2000 15307.5
4.08 -35.4384 2000 15309.4
4.085 -35.4425 2000 15311.1
4.09 -35.4462 2000 15312.8
4.095 -35.4495 2000 15314.2
4.1 -35.4525 2000 15315.5
4.105 -35.4551 2000 15316.6
4.11 -35.4574 2000 15317.6
4.115 -35.4593 2000 15318.4
4.12 -35.4609 2000 15319.1
4.125 -35.4621 2000 15319.6
4.13 -35.463 2000 15320
4.135 -35.4636 2000 15320.3
4.14 -35.4639 2000 15320.4
4.145 -35.4622 1999.99 15319.9
4.15 -35.4322 1999.92 15308.6
4.155 -35.3846 1999.93 15287.5
4.16 -35.3164 1999.94 15257.4
4.165 -35.2314 1999.94 15219.8
4.17 -35.1339 1999.94 15176.3
4.175 -35.0284 1999.93 15129.1
4.18 -34.9195 1999.92 15080
4.185 -34.8106 1999.91 15031
4.19 -34.7047 1999.89 14983.4
4.195 -34.6035 1999.87 14938.3
4.2 -34.5082 1999.86 14896.1
4.205 -34.4192 1999.84 14857.2
4.21 -34.3366 1999.84 14821.6
4.215 -34.2604 1999.83 14789
4.22 -34.1902 1999.83 14759.3
4.225 -34.1255 1999.84 14732.2
4.23 -34.066 1999.84 14707.4
4.235 -34.0114 1999.85 14684.8
4.24 -33.9614 1999.86 14664.1
4.245 -33.9158 1999.87 14645.3
4.25 -33.8742 1999.88 14628.2
4.255 -33.8365 1999.89 14612.6
4.26 -33.8025 1999.9 14598.6
4.265 -33.7719 1999.92 14586
4.27 -33.7441 1999.95 14574.6
4.275 -33.7196 1999.96 14564.4
4.28 -33.6982 1999.96 14555.6
4.285 -33.6799 1999.96 14548
4.29 -33.6646 1999.97 14541.7
4.295 -33.6522 1999.97 14536.6
4.3 -33.6429 1999.98 14532.7
4.305 -33.6364 1999.98 14530.1
4.31 -33.633 1999.98 14528.8
4.315 -33.6326 1999.99 14528.8
4.32 -33.6568 1999.91 14536.1
4.325 -33.694 1999.87 14550.4
4.33 -33.7403 1999.9 14571.5
4.335 -33.8022 1999.92 14599.2
4.34 -33.8783 1999.93 14633.1
4.345 -33.9662 1999.95 14672.3
4.35 -34.0631 1999.96 14715.5
4.355 -34.1657 1999.96 14761.5
4.36 -34.2707 1999.96 14808.7
4.365 -34.375 1999.96 14855.7
4.37 -34.476 1999.96 14901.3
4.375 -34.572 1999.95 14944.4
4.38 -34.6622 1999.95 14984.5
4.385 -34.746 1999.94 15021.4
4.39 -34.8236 1999.93 15055.1
4.395 -34.895 1999.9 15085.8
4.4 -34.9611 1999.88 15113.8
4.405 -35.0226 1999.88 15139.6
4.41 -35.0799 1999.88 15163.5
4.415 -35.133 1999.87 15185.5
4.42 -35.1827 1999.87 15206.1
4.425 -35.2285 1999.85 15225.1
4.43 -35.2696 1999.79 15242.3
4.435 -35.3052 1999.68 15257.5
4.44 -35.3373 1999.63 15271
4.445 -35.3647 1999.6 15282.7
4.45 -35.3816 1999.5 15290.7
4.455 -35.3873 1999.42 15294
4.46 -35.3953 1999.5 15296.6
4.465 -35.4033 1999.59 15299.1
4.47 -35.4106 1999.62 15301.4
4.475 -35.4172 1999.65 15303.5
4.48 -35.4232 1999.71 15305.6
4.485 -35.429 1999.77 15307.6
4.49 -35.4346 1999.81 15309.6
4.495 -35.4401 1999.85 15311.7
4.5 -35.4455 1999.88 15313.8
4.505 -35.451 1999.9 15316
4.51 -35.4565 1999.91 15318.2
4.515 -35.462 1999.92 15320.4
4.52 -35.4676 1999.94 15322.7
4.525 -35.4732 1999.95 15325.1
4.53 -35.479 1999.96 15327.5
4.535 -35.485 1999.97 15330
4.54 -35.4912 1999.98 15332.6
4.545 -35.4976 1999.98 15335.4
4.55 -35.5043 1999.99 15338.2
4.555 -35.5112 1999.99 15341.1
4.56 -35.5183 1999.99 15344.2
4.565 -35.5257 1999.99 15347.4
4.57 -35.5334 2000 15350.7
4.575 -35.5413 2000 15354.1
4.58 -35.5495 2000 15357.6
4.585 -35.558 2000 15361.3
4.59 -35.5673 1999.91 15365.1
4.595 -35.5765 1999.85 15369
4.6 -35.5855 1999.84 15372.9
4.605 -35.5944 1999.87 15376.8
4.61 -35.6037 1999.9 15380.8
4.615 -35.6134 1999.92 15385
4.62 -35.6233 1999.93 15389.3
4.625 -35.6336 1999.95 15393.7
4.63 -35.6441 1999.96 15398.3
4.635 -35.655 1999.97 15403
4.64 -35.6661 1999.99 15407.8
4.645 -35.6775 1999.99 15412.7
4.65 -35.6892 1999.99 15417.8
4.655 -35.701 1999.99 15422.9
4.66 -35.713 2000 15428
4.665 -35.7251 2000 15433.3
4.67 -35.7373 2000 15438.5
4.675 -35.7495 2000 15443.8
4.68 -35.7618 2000 15449.1
4.685 -35.7741 2000 15454.4
4.69 -35.7864 2000 15459.7
4.695 -35.7986 2000 15465
4.7 -35.8109 2000 15470.3
4.705 -35.8231 2000 15475.6
4.71 -35.8353 2000 15480.9
4.715 -35.8475 2000 15486.1
4.72 -35.8596 2000 15491.3
4.725 -35.8717 2000 15496.6
4.73 -35.8837 2000 15501.8
4.735 -35.8958 2000 15507
4.74 -35.9078 2000 15512.2
4.745 -35.9198 2000 15517.4
4.75 -35.9318 2000 15522.6
4.755 -35.9438 2000 15527.7
4.76 -35.9558 2000 15532.9
4.765 -35.9677 2000 15538.1
4.77 -35.9796 2000 15543.2
4.775 -35.9915 2000 15548.3
4.78 -36.0033 2000 15553.4
4.785 -36.015 2000 15558.5
4.79 -36.0267 2000 15563.5
4.795 -36.0383 2000 15568.6
4.8 -36.0499 2000 15573.5
4.805 -36.0613 2000 15578.5
4.81 -36.0726 2000 15583.4
4.815 -36.0838 2000 15588.2
4.82 -36.0949 2000 15593
4.825 -36.1058 2000 15597.7
4.83 -36.1166 2000 15602.4
4.835 -36.1272 2000 15606.9
4.84 -36.1375 2000 15611.4
4.845 -36.1476 2000 15615.8
4.85 -36.1575 2000 15620.1
4.855 -36.1672 2000 15624.2
4.86 -36.1765 2000 15628.3
4.865 -36.1856 2000 15632.2
4.87 -36.1944 2000 15636
4.875 -36.203 2000 15639.7
4.88 -36.2112 2000 15643.3
4.885 -36.2192 2000 15646.7
4.89 -36.2269 2000 15650
4.895 -36.2342 2000 15653.2
4.9 -36.2412 2000 15656.2
4.905 -36.2479 2000 15659.1
4.91 -36.2542 2000 15661.8
4.915 -36.2601 2000 15664.4
4.92 -36.2656 2000 15666.7
4.925 -36.2707 2000 15668.9
4.93 -36.2753 2000 15670.9
4.935 -36.2795 2000 15672.8
4.94 -36.2833 2000 15674.4
4.945 -36.2866 2000 15675.8
4.95 -36.2895 2000 15677.1
4.955 -36.292 2000 15678.1
4.96 -36.294 2000 15679
4.965 -36.2957 2000 15679.7
4.97 -36.297 2000 15680.3
4.975 -36.2979 2000 15680.7
4.98 -36.2985 2000 15681
4.985 -36.2988 2000 15681.1
4.99 -36.2951 1999.98 15680
4.995 -36.2654 1999.92 15668.8
5 -36.2198 1999.93 15648.6
5.005 -36.1556 1999.94 15620.2
5.01 -36.0764 1999.96 15585
5.015 -35.9862 1999.97 15544.9
5.02 -35.889 1999.98 15501.4
5.025 -35.7884 1999.99 15456.2
5.03 -35.6873 2000 15410.7
5.035 -35.5877 2000.01 15366.1
5.04 -35.4912 2000.02 15322.9
5.045 -35.3982 2000.02 15281.7
5.05 -35.3092 2000.03 15242.4
5.055 -35.2239 2000.03 15205.2
5.06 -35.1421 2000.03 15169.8
5.065 -35.0632 2000.03 15135.9
5.07 -34.9868 2000.03 15103.3
5.075 -34.9122 2000.03 15071.6
5.08 -34.839 2000.03 15040.6
5.085 -34.7666 2000.03 15010
5.09 -34.6948 2000.03 14979.7
5.095 -34.6231 2000.03 14949.4
5.1 -34.5513 2000.03 14919.1
5.105 -34.4791 2000.03 14888.6
5.11 -34.4069 1999.98 14857.9
5.115 -34.3429 1999.6 14829.9
5.12 -34.2781 1999.62 14802.6
5.125 -34.2134 1999.62 14775.2
5.13 -34.1488 1999.61 14747.7
5.135 -34.0843 1999.6 14720.2
5.14 -34.0198 1999.58 14692.7
5.145 -33.9556 1999.55 14665.2
5.15 -33.8918 1999.51 14637.8
5.155 -33.8287 1999.45 14610.7
5.16 -33.7669 1999.38 14584.1
5.165 -33.707 1999.25 14558.2
5.17 -33.6502 1999.13 14533.5
5.175 -33.5979 1998.97 14510.7
5.18 -33.5522 1998.75 14490.5
5.185 -33.523 1997.99 14476.2
5.19 -33.5299 1997.71 14477.1
5.195 -33.551 1998.35 14486.5
5.2 -33.5616 1998.46 14492.7
5.205 -33.5752 1998.39 14500.1
5.21 -33.5955 1998.49 14510
5.215 -33.6162 1998.26 14520.4
5.22 -33.6467 1998.2 14534.6
5.225 -33.6927 1998.29 14554.3
5.23 -33.7459 1998.29 14577.5
5.235 -33.776 2000 14596
5.24 -33.5044 2015.86 14522.5
5.245 -33.3131 2017.68 14445.9
5.25 -33.1828 2013.35 14378.6
5.255 -33.0602 2011.11 14314.9
5.26 -32.9336 2009.19 14252.9
5.265 -32.8048 2007.55 14191.7
5.27 -32.6738 2006.18 14131
5.275 -32.5412 2005.06 14070.5
5.28 -32.4073 2004.13 14010.1
5.285 -32.2741 2003.27 13950.2
5.29 -32.1495 2002.23 13893.5
5.295 -32.0223 2001.72 13837.3
5.3 -31.896 2001.3 13781.7
5.305 -31.7707 2000.95 13726.8
5.31 -31.6466 2000.66 13672.5
5.315 -31.5259 2000.46 13618.7
5.32 -31.4051 2000.27 13565.8
5.325 -31.2847 2000.07 13513.6
5.33 -31.1664 1999.91 13462.3
5.335 -31.0331 2000.73 13407.4
5.34 -30.891 2001.52 13348.6
5.345 -30.7593 2001.16 13290.8
5.35 -30.6281 2000.88 13233.4
5.355 -30.4974 2000.64 13176.4
5.36 -30.3673 2000.45 13119.7
5.365 -30.2378 2000.29 13063.3
5.37 -30.1087 2000.15 13007.2
5.375 -29.9801 2000.03 12951.3
5.38 -29.8529 1999.86 12895.9
5.385 -29.7329 1999.48 12843
5.39 -29.6127 1999.36 12790.8
5.395 -29.4944 1999.22 12739.3
5.4 -29.3785 1999.07 12688.8
5.405 -29.2657 1998.9 12639.6
5.41 -29.1572 1998.68 12592.1
5.415 -29.0596 1998.12 12548.3
5.42 -28.9805 1997.5 12512.4
5.425 -28.9103 1997.19 12481.9
5.43 -28.8576 1996.59 12458.4
5.435 -28.8316 1996.14 12445.9
5.44 -28.8559 1995.91 12452.6
5.445 -28.9544 1995.18 12492.3
5.45 -29.0884 1995.74 12552.7
5.455 -29 2005.25 12549.8
5.46 -28.62 2021.64 12429.8
5.465 -28.4719 2018.14 12341.5
5.47 -28.3075 2014.97 12259
5.475 -28.1361 2012.37 12178
5.48 -27.9611 2010.15 12097.5
5.485 -27.7834 2008.29 12017
5.49 -27.6036 2006.76 11936.4
5.495 -27.4221 2005.5 11855.7
5.5 -27.2512 2003.86 11778
5.505 -27.0864 2002.47 11703.1
5.51 -26.9167 2001.88 11628.2
5.515 -26.7431 2001.59 11553.2
5.52 -26.5711 2001.3 11478.7
5.525 -26.4028 2000.85 11405.4
5.53 -26.237 2000.47 11333.2
5.535 -26.0739 2000.14 11262.3
5.54 -25.9143 1999.84 11192.8
5.545 -25.7587 1999.56 11125
5.55 -25.6078 1999.27 11059.3
5.555 -25.4634 1998.96 10996.2
5.56 -25.3261 1998.65 10936.1
5.565 -25.1977 1998.33 10879.8
5.57 -25.0811 1997.92 10828.3
5.575 -24.977 1997.6 10782.3
5.58 -24.8895 1997.07 10743.1
5.585 -24.8712 1994 10726.8
5.59 -24.9499 1993.19 10755.2
5.595 -25.0871 1994.4 10815.2
5.6 -25.2041 1994.67 10871.2
5.605 -24.7915 2017.05 10771.1
5.61 -24.3613 2029.96 10628.5
5.615 -24.2005 2023.46 10536.7
5.62 -24.0359 2019.04 10446.5
5.625 -23.8561 2015.64 10355.9
5.63 -23.6679 2012.79 10264.6
5.635 -23.4726 2010.44 10172.4
5.64 -23.2713 2008.5 10079.2
5.645 -23.0647 2006.93 9984.91
5.65 -22.8543 2005.68 9889.52
5.655 -22.6451 2004.44 9794.38
5.66 -22.448 2002.85 9704.54
5.665 -22.2413 2002.15 9613.37
5.67 -22.0369 2001.38 9523.16
5.675 -21.8329 2000.78 9433.48
5.68 -21.6294 2000.37 9344.44
5.685 -21.4283 2000 9256.5
5.69 -21.2302 1999.66 9169.94
5.695 -21.0362 1999.33 9085.14
5.7 -20.8474 1998.99 9002.58
5.705 -20.6669 1998.65 8922.78
5.71 -20.4948 1998.23 8846.86
5.715 -20.3223 1998.36 8772.75
5.72 -20.1605 1998.24 8702.51
5.725 -20.0203 1997.46 8639.77
5.73 -19.7196 2004.16 8533.25
5.735 -19.4651 2006.68 8432.22
5.74 -19.2716 2004.92 8342.39
5.745 -19.0692 2004.07 8251.68
5.75 -18.865 2003.35 8160.86
5.755 -18.6694 2002.31 8072.8
5.76 -18.506 2000.68 7996.8
5.765 -18.345 2000.12 7925.1
5.77 -18.1957 1999.53 7858.41
5.775 -17.9388 2003.67 7761.86
5.78 -17.5353 2011.15 7612.39
5.785 -17.29 2008.97 7498.33
5.79 -17.0383 2007.21 7383.61
5.795 -16.7807 2005.85 7267.83
5.8 -16.5195 2004.73 7151.41
5.805 -16.2554 2003.82 7034.4
5.81 -15.9888 2003.08 6916.9
5.815 -15.7203 2002.47 6798.99
5.82 -15.4501 2001.98 6680.72
5.825 -15.1784 2001.59 6562.12
5.83 -14.9054 2001.27 6443.16
5.835 -14.631 2001.01 6323.79
5.84 -14.355 2000.79 6203.88
5.845 -14.1106 1999.27 6092.99
5.85 -13.8602 1998.34 5981.74
5.855 -13.599 1998.21 5868.73
5.86 -13.3376 1998.21 5755.79
5.865 -13.0782 1998.14 5643.52
5.87 -12.8214 1998.02 5532.19
5.875 -12.5704 1997.74 5422.82
5.88 -12.3303 1997.28 5317.56
5.885 -12.0945 1997.02 5214.81
5.89 -11.8714 1996.57 5116.88
5.895 -11.6732 1995.65 5028.32
5.9 -11.5286 1993.65 4959.29
5.905 -11.5115 1989.41 4937.77
5.91 -10.0818 2066.07 4596.67
5.915 -8.4175 2140.8 4119.92
5.92 -8.60059 2110.62 4054.6
5.925 -8.62447 2087.26 3979.38
5.93 -8.51086 2070.62 3879.48
5.935 -8.34072 2057.25 3766.87
5.94 -8.13025 2046.35 3644.43
5.945 -7.88723 2037.48 3513.96
5.95 -7.61808 2030.27 3377.04
5.955 -7.35892 2023.11 3243.95
5.96 -7.07582 2017.74 3105.98
5.965 -6.77351 2013.93 2964.45
5.97 -6.47603 2010.48 2825.84
5.975 -6.17244 2007.96 2687.23
5.98 -5.87242 2005.81 2551.1
5.985 -5.59949 2002.93 2424.51
5.99 -5.18542 2005.51 2260.44
5.995 -4.67803 2009.76 2061.18
6 -4.2957 2007.69 1887.55
6.005 -3.89211 2006.47 1708.41
6.01 -3.41344 2006.91 1504.8
6.015 -2.97765 2005.31 1310.15
6.02 -2.53075 2004.23 1112.34
6.025 -2.07736 2003.36 912.663
6.03 -1.61837 2002.66 711.277
6.035 -1.15425 2002.09 508.254
6.04 -0.720726 2000.45 313.864
6.045 -0.280576 1999.36 118.971
6.05 0.181679 1999.33 -80.9338
6.055 0.604964 1998.07 -269.69
6.06 1.18534 2001.75 -501.661
6.065 1.78036 2004.82 -743.456
6.07 2.27977 2003.63 -964.993
6.075 2.78741 2002.74 -1188.8
6.08 3.30163 2002.08 -1414.48
6.085 3.82049 2001.53 -1641.55
6.09 4.34351 2001.08 -1869.9
6.095 4.8703 2000.7 -2099.49
6.1 5.4005 2000.38 -2330.22
6.105 5.88383 1998.71 -2547.56
6.11 6.36691 1997.51 -2762.39
6.115 6.85973 1996.99 -2977.28
6.12 7.33945 1996.33 -3187.19
6.125 7.80522 1995.74 -3391.26
6.13 8.24426 1994.86 -3585.13
6.135 8.60999 1992.53 -3753.97
6.14 8.9506 1991.31 -3907.89
6.145 10.1542 2012.82 -4301.48
6.15 11.023 2021.25 -4628.27
6.155 11.5501 2015.22 -4886.3
6.16 12.1238 2011.44 -5156.16
6.165 12.6816 2008.07 -5420.08
6.17 13.0534 2000.79 -5620.83
6.175 13.3154 1993.55 -5771.15
6.18 13.6869 1997.24 -5901.63
6.185 15.5158 2027.56 -6492.42
6.19 16.1923 2017.19 -6840.59
6.195 16.9758 2012.01 -7215.3
6.2 17.6839 2007.27 -7564.72
6.205 18.074 1998.38 -7800.75
6.21 19.9544 2016.99 -8437.26
6.215 21.6504 2027.12 -9074.79
6.22 22.6809 2018.77 -9580.78
6.225 23.7992 2014.56 -10108.1
6.23 25.1935 2013.38 -10707.4
6.235 27.011 2013.14 -11465.3
6.24 28.4978 2008.83 -12169.2
6.245 30.3267 2008.58 -12949
6.25 32.46 2009.12 -13840.5
6.255 34.5225 2007.89 -14742.3
6.26 36.9353 2008.21 -15760.6
6.265 38.9833 2005.02 -16707.6
6.27 40.9304 2002.21 -17601.3
6.275 42.9558 2001 -18500.4
6.28 44.7769 1998.62 -19333.5
6.285 46.1314 1995.03 -19996.6
6.29 46.6842 1990.21 -20368.4
6.295 45.9905 1977.86 -20302.9
6.3 43.7648 1966.69 -19522.9
6.305 41.017 1948.63 -18337.9
6.31 39.508 1945.65 -17498.9
6.315 35.6324 1922.11 -15908.5
6.32 -0.0326389 -29.6891 -8.21636
