0.1 1.97215e-31 200 9.76996e-15 -1.97215e-31 -200 -9.76996e-15
0.2 3.50605e-31 400 3.4639e-13 -3.50605e-31 -400 -3.4639e-13
0.3 -1.16868e-31 600 -1.98952e-13 1.16868e-31 -600 1.98952e-13
0.4 -2.33737e-31 800 -2.62901e-13 2.33737e-31 -800 2.62901e-13
0.5 2.33737e-31 1000 1.77636e-13 -2.33737e-31 -1000 -1.77636e-13
0.6 0 1200 3.76588e-13 -0 -1200 -3.76588e-13
0.7 1.16868e-30 1400 -7.53175e-13 -1.16868e-30 -1400 7.53175e-13
0.8 1.0226e-30 1600 -9.9476e-14 -1.0226e-30 -1600 9.9476e-14
0.9 -9.34946e-31 1800 -2.70006e-13 9.34946e-31 -1800 2.70006e-13
1 4.67473e-31 2000 2.27374e-13 -4.67473e-31 -2000 -2.27374e-13
0.005 -1.18627e-05 2000 0.0051344 1.18627e-05 -2000 -9.69755e-06
0.01 -5.93487e-05 2000 0.0256569 5.93487e-05 -2000 -1.82718e-05
0.015 -0.000154309 2000 0.0666765 0.000154309 -2000 -1.48264e-05
0.02 -0.000296493 2000 0.128097 0.000296493 -2000 -1.20336e-05
0.025 -0.00048544 2000 0.20972 0.00048544 -2000 -9.76673e-06
0.03 -0.0007206 2000 0.311307 0.0007206 -2000 -7.93171e-06
0.035 -0.00100139 2000 0.432608 0.00100139 -2000 -6.44808e-06
0.04 -0.00132717 2000 0.573342 0.00132717 -2000 -5.25029e-06
0.045 -0.001697 2000 0.733108 0.001697 -2000 -4.28508e-06
0.05 -0.00210954 2000 0.911326 0.00210954 -2000 -3.50915e-06
0.055 -0.00256309 2000 1.10726 0.00256309 -2000 -2.88725e-06
0.06 -0.00305572 2000 1.32007 0.00305572 -2000 -2.39064e-06
0.065 -0.00358553 2000 1.54895 0.00358553 -2000 -1.99592e-06
0.07 -0.00415088 2000 1.79318 0.00415088 -2000 -1.68402e-06
0.075 -0.00475007 2000 2.05203 0.00475007 -2000 -1.43945e-06
0.08 -0.00538098 2000 2.32459 0.00538098 -2000 -1.24949e-06
0.085 -0.00604111 2000 2.60976 0.00604111 -2000 -1.10361e-06
0.09 -0.00672787 2000 2.90644 0.00672787 -2000 -9.93125e-07
0.095 -0.00743881 2000 3.21357 0.00743881 -2000 -9.10921e-07
0.1 -0.00817151 2000 3.53009 0.00817151 -2000 -8.51178e-07
0.105 -0.0089232 2000 3.85482 0.0089232 -2000 -8.09038e-07
0.11 -0.00969034 2000 4.18623 0.00969034 -2000 -7.80297e-07
0.115 -0.0104688 2000 4.52253 0.0104688 -2000 -7.61241e-07
0.12 -0.0112545 2000 4.86194 0.0112545 -2000 -7.48709e-07
0.125 -0.0120427 2000 5.20246 0.0120427 -2000 -7.40032e-07
0.13 -0.0128276 2000 5.54154 0.0128276 -2000 -7.32677e-07
0.135 -0.0136028 2000 5.87642 0.0136028 -2000 -7.24267e-07
0.14 -0.0143636 2000 6.20509 0.0143636 -2000 -7.13237e-07
0.145 -0.015108 2000 6.52667 0.015108 -2000 -6.99177e-07
0.15 -0.0158354 2000 6.8409 0.0158354 -2000 -6.82424e-07
0.155 -0.0165452 2000 7.14755 0.0165452 -2000 -6.63469e-07
0.16 -0.0172353 2000 7.44566 0.0172353 -2000 -6.42412e-07
0.165 -0.0179017 2000 7.73352 0.0179017 -2000 -6.18835e-07
0.17 -0.0185399 2000 8.00925 0.0185399 -2000 -5.92223e-07
0.175 -0.0191463 2000 8.27121 0.0191463 -2000 -5.62371e-07
0.18 -0.0197186 2000 8.51843 0.0197186 -2000 -5.2956e-07
0.185 -0.0202569 2000 8.75099 0.0202569 -2000 -4.946e-07
0.19 -0.0207623 2000 8.96931 0.0207623 -2000 -4.58607e-07
0.195 -0.0212357 2000 9.17382 0.0212357 -2000 -4.22458e-07
0.2 -0.021679 2000 9.36535 0.021679 -2000 -3.8688e-07
0.205 -0.0220919 2000 9.54368 0.0220919 -2000 -3.52409e-07
0.21 -0.0224667 2000 9.70562 0.0224667 -2000 -3.18347e-07
0.215 -0.0227914 2000 9.84589 0.0227914 -2000 -2.83798e-07
0.22 -0.0230555 2000 9.95999 0.0230555 -2000 -2.47972e-07
0.225 -0.0232539 2000 10.0457 0.0232539 -2000 -2.12027e-07
0.23 -0.0233862 2000 10.1028 0.0233862 -2000 -1.77407e-07
0.235 -0.0234576 2000 10.1337 0.0234576 -2000 -1.45855e-07
0.24 -0.0234791 2000 10.143 0.0234791 -2000 -1.18754e-07
0.245 -0.0234609 2000 10.1351 0.0234609 -2000 -8.49147e-07
0.25 -0.0234041 2000 10.1106 0.0234041 -2000 -2.2129e-07
0.255 -0.0232954 2000 10.0636 0.0232954 -2000 -1.84635e-07
0.26 -0.0231086 2000 9.9829 0.0231086 -2000 -1.58119e-07
0.265 -0.022808 2000 9.85304 0.022808 -2000 -1.28246e-07
0.27 -0.022353 2000 9.65651 0.022353 -2000 -1.04017e-07
0.275 -0.0217033 2000 9.37581 0.0217033 -2000 -8.43656e-08
0.28 -0.0208215 2000 8.99488 0.0208215 -2000 -6.84285e-08
0.285 -0.0196731 2000 8.49876 0.0196731 -2000 -5.54998e-08
0.29 -0.0182232 2000 7.87243 0.0182232 -2000 -4.50143e-08
0.295 -0.0164338 2000 7.09941 0.0164338 -2000 -3.651e-08
0.3 -0.0142644 2000 6.16222 0.0142644 -2000 -2.96121e-08
0.305 -0.0116825 2000 5.04684 0.0116825 -2000 -2.40164e-08
0.31 -0.00867611 2000 3.74808 0.00867611 -2000 3.2483e-08
0.315 -0.00525469 2000 2.27003 0.00525469 -2000 2.4064e-07
0.32 -0.00144518 2000 0.624308 0.00144518 -2000 1.0299e-05
0.325 0.00254693 2000 -1.10192 -0.00254693 -2000 0.00163999
0.33 0.00668472 1999.99 -2.89037 -0.00668472 -1999.99 0.0025705
0.335 0.0110709 2000 -4.78472 -0.0110709 -2000 0.00208759
0.34 0.0156772 2000 -6.77424 -0.0156772 -2000 0.00169757
0.345 0.0204898 2000 -8.85298 -0.0204898 -2000 0.00138165
0.35 0.0255098 2000 -11.0214 -0.0255098 -2000 0.00112585
0.355 0.0307444 2000 -13.2825 -0.0307444 -2000 0.000918831
0.36 0.0362017 2000 -15.6399 -0.0362017 -2000 0.000751418
0.365 0.0418918 2000 -18.0979 -0.0418918 -2000 0.000616172
0.37 0.0478354 2000 -20.6654 -0.0478354 -2000 0.000507076
0.375 0.0540767 2000 -23.3616 -0.0540767 -2000 0.000419308
0.38 0.0606987 2000 -26.2222 -0.0606987 -2000 0.000349056
0.385 0.0678333 2000 -29.3043 -0.0678333 -2000 0.000293396
0.39 0.0756496 2000 -32.6809 -0.0756496 -2000 0.000250165
0.395 0.0842803 2000 -36.4093 -0.0842803 -2000 0.000217717
0.4 0.0937305 2000 -40.4918 -0.0937305 -2000 0.000194488
0.405 0.103879 2000 -44.8757 -0.103879 -2000 0.000178701
0.41 0.114552 2000 -49.4866 -0.114552 -2000 0.000168482
0.415 0.125582 2000 -54.2517 -0.125582 -2000 0.000162852
0.42 0.136832 2000 -59.1118 -0.136832 -2000 0.000159227
0.425 0.148209 2000 -64.0265 -0.148209 -2000 0.000156671
0.43 0.159668 2000 -68.9768 -0.159668 -2000 0.000155072
0.435 0.171213 2000 -73.9641 -0.171213 -2000 0.000154182
0.44 0.182871 2000 -79.0004 -0.182871 -2000 0.000153971
0.445 0.194668 2000 -84.0969 -0.194668 -2000 0.000154456
0.45 0.206618 2000 -89.259 -0.206618 -2000 0.000155602
0.455 0.218723 2000 -94.4887 -0.218723 -2000 0.000157331
0.46 0.230987 2000 -99.7864 -0.230987 -2000 0.000159556
0.465 0.243397 2000 -105.148 -0.243397 -2000 0.000162168
0.47 0.255919 2000 -110.557 -0.255919 -2000 0.00016497
0.475 0.268486 2000 -115.986 -0.268486 -2000 0.000167634
0.48 0.281021 2000 -121.401 -0.281021 -2000 0.000169787
0.485 0.293452 2000 -126.771 -0.293452 -2000 0.000171116
0.49 0.305709 2000 -132.066 -0.305709 -2000 0.000171405
0.495 0.317734 2000 -137.261 -0.317734 -2000 0.000170539
0.5 0.329487 2000 -142.339 -0.329487 -2000 0.000168498
0.505 0.340942 2000 -147.287 -0.340942 -2000 0.000165394
0.51 0.352074 2000 -152.096 -0.352074 -2000 0.000161348
0.515 0.362851 2000 -156.752 -0.362851 -2000 0.000156442
0.52 0.37324 2000 -161.24 -0.37324 -2000 0.000150737
0.525 0.38322 2000 -165.551 -0.38322 -2000 0.00014433
0.53 0.392793 2000 -169.687 -0.392793 -2000 0.000137392
0.535 0.402 2000 -173.664 -0.402 -2000 0.000130193
0.54 0.410946 2000 -177.529 -0.410946 -2000 0.000123156
0.545 0.419823 2000 -181.364 -0.419823 -2000 0.000116878
0.55 0.428893 2000 -185.282 -0.428893 -2000 0.000112139
0.555 0.438357 2000 -189.37 -0.438357 -2000 0.000109579
0.56 0.448205 2000 -193.625 -0.448205 -2000 0.000109141
0.565 0.458218 2000 -197.95 -0.458218 -2000 0.00010988
0.57 0.46809 2000 -202.215 -0.46809 -2000 0.000110387
0.575 0.47751 2000 -206.284 -0.47751 -2000 0.000109404
0.58 0.486199 2000 -210.038 -0.486199 -2000 0.000106125
0.585 0.493927 2000 -213.377 -0.493927 -2000 0.000100258
0.59 0.500542 2000 -216.234 -0.500542 -2000 9.20525e-05
0.595 0.506013 2000 -218.598 -0.506013 -2000 8.22166e-05
0.6 0.510447 2000 -220.513 -0.510447 -2000 7.17235e-05
0.605 0.51405 2000 -222.07 -0.51405 -2000 6.14816e-05
0.61 0.517081 2000 -223.379 -0.517081 -2000 5.21283e-05
0.615 0.51983 2000 -224.567 -0.51983 -2000 4.40183e-05
0.62 0.522621 2000 -225.772 -0.522621 -2000 3.73366e-05
0.625 0.52584 2000 -227.163 -0.52584 -2000 3.22665e-05
0.63 0.529953 2000 -228.94 -0.529953 -2000 2.92075e-05
0.635 0.535506 2000 -231.339 -0.535506 -2000 2.90628e-05
0.64 0.543076 2000 -234.609 -0.543076 -2000 3.35312e-05
0.645 0.553155 2000 -238.963 -0.553155 -2000 4.51569e-05
0.65 0.565974 2000 -244.501 -0.565974 -2000 6.66052e-05
0.655 0.581349 2000 -251.143 -0.581349 -2000 9.89151e-05
0.66 0.598691 2000 -258.635 -0.598691 -2000 0.000139795
0.665 0.61715 2000 -266.609 -0.61715 -2000 0.000183759
0.67 0.635801 2000 -274.666 -0.635801 -2000 0.000223737
0.675 0.653839 2000 -282.459 -0.653839 -2000 0.000253703
0.68 0.670776 2000 -289.775 -0.670776 -2000 0.000270839
0.685 0.686582 2000 -296.604 -0.686582 -2000 0.000276441
0.69 0.701628 2000 -303.104 -0.701628 -2000 0.000274721
0.695 0.7165 2000 -309.528 -0.7165 -2000 0.000270703
0.7 0.731855 2000 -316.162 -0.731855 -2000 0.000268944
0.705 0.748326 2000 -323.277 -0.748326 -2000 0.000273478
0.71 0.766464 2000 -331.113 -0.766464 -2000 0.000287693
0.715 0.786753 2000 -339.878 -0.786753 -2000 0.000314925
0.72 0.809631 2000 -349.761 -0.809631 -2000 0.000358629
0.725 0.835422 2000 -360.903 -0.835422 -2000 0.00042221
0.73 0.86426 2000 -373.361 -0.86426 -2000 0.000507775
0.735 0.896074 2000 -387.105 -0.896074 -2000 0.000615169
0.74 0.930647 2000 -402.04 -0.930647 -2000 0.000741817
0.745 0.967632 2000 -418.018 -0.967632 -2000 0.000882983
0.75 1.00652 2000 -434.817 -1.00652 -2000 0.00103141
0.755 1.04661 2000 -452.135 -1.04661 -2000 0.00117685
0.76 1.08708 2000 -469.62 -1.08708 -2000 0.00130715
0.765 1.12718 2000 -486.941 -1.12718 -2000 0.00141138
0.77 1.16647 2000 -503.918 -1.16647 -2000 0.0014846
0.775 1.20508 2000 -520.597 -1.20508 -2000 0.0015312
0.78 1.24349 2000 -537.19 -1.24349 -2000 0.00156241
0.785 1.28229 2000 -553.951 -1.28229 -2000 0.0015906
0.79 1.32201 2000 -571.108 -1.32201 -2000 0.00162578
0.795 1.36306 2000 -588.846 -1.36306 -2000 0.00167501
0.8 1.40584 2000 -607.325 -1.40584 -2000 0.00174339
0.805 1.45069 2000 -626.698 -1.45069 -2000 0.00183527
0.81 1.49787 2000 -647.08 -1.49787 -2000 0.00195402
0.815 1.5474 2000 -668.48 -1.5474 -2000 0.00209945
0.82 1.59903 2000 -690.784 -1.59903 -2000 0.00226549
0.825 1.6523 2000 -713.798 -1.6523 -2000 0.00244155
0.83 1.7067 2000 -737.299 -1.7067 -2000 0.00261562
0.835 1.7617 2000 -761.059 -1.7617 -2000 0.00277618
0.84 1.81701 2000 -784.949 -1.81701 -2000 0.00291627
0.845 1.87281 2000 -809.057 -1.87281 -2000 0.00303986
0.85 1.92972 2000 -833.641 -1.92972 -2000 0.00316157
0.855 1.98848 2000 -859.025 -1.98848 -2000 0.00329982
0.86 2.04982 2000 -885.527 -2.04982 -2000 0.00347229
0.865 2.1142 2000 -913.34 -2.1142 -2000 0.00369089
0.87 2.18155 2000 -942.433 -2.18155 -2000 0.00390758
0.875 2.25142 2000 -972.618 -2.25142 -2000 0.00411364
0.88 2.32332 2000 -1003.68 -2.32332 -2000 0.00434309
0.885 2.39682 2000 -1035.43 -2.39682 -2000 0.00458026
0.89 2.47162 2000 -1067.74 -2.47162 -2000 0.00481461
0.895 2.54775 2000 -1100.63 -2.54775 -2000 0.00504443
0.9 2.62563 2000 -1134.28 -2.62563 -2000 0.00527967
0.905 2.70582 2000 -1168.92 -2.70582 -2000 0.00553717
0.91 2.78889 2000 -1204.8 -2.78889 -2000 0.00583337
0.915 2.87529 2000 -1242.13 -2.87529 -2000 0.00618091
0.92 2.96541 2000 -1281.06 -2.96541 -2000 0.00658887
0.925 3.0596 2000 -1321.75 -3.0596 -2000 0.00706465
0.93 3.15829 2000 -1364.39 -3.15829 -2000 0.00761728
0.935 3.26204 2000 -1409.21 -3.26204 -2000 0.00826133
0.94 3.37166 2000 -1456.57 -3.37166 -2000 0.00902
0.945 3.4881 2000 -1506.87 -3.4881 -2000 0.00992632
0.95 3.61235 2000 -1560.55 -3.61235 -2000 0.0110184
0.955 3.74494 2000 -1617.83 -3.74494 -2000 0.0123233
0.96 3.88564 2000 -1678.61 -3.88564 -2000 0.0138329
0.965 4.03347 2000 -1742.48 -4.03347 -2000 0.0154953
0.97 4.18717 2000 -1808.88 -4.18717 -2000 0.0172334
0.975 4.34555 2000 -1877.3 -4.34555 -2000 0.018972
0.98 4.50761 2000 -1947.31 -4.50761 -2000 0.0206529
0.985 4.67279 2000 -2018.67 -4.67279 -2000 0.0222449
0.99 4.84123 2000 -2091.43 -4.84123 -2000 0.0237611
0.995 5.01368 2000 -2165.94 -5.01368 -2000 0.0252596
1 5.19112 2000 -2242.59 -5.19112 -2000 0.0268165
1.005 5.37436 2000 -2321.75 -5.37436 -2000 0.0284983
1.01 5.56383 2000 -2403.61 -5.56383 -2000 0.030341
1.015 5.75943 2000 -2488.11 -5.75943 -2000 0.0323397
1.02 5.96077 2000 -2575.09 -5.96077 -2000 0.0344586
1.025 6.16739 2000 -2664.35 -6.16739 -2000 0.036655
1.03 6.37892 1999.99 -2755.73 -6.37892 -1999.99 0.0388941
1.035 6.59507 1999.99 -2849.11 -6.59507 -1999.99 0.0411525
1.04 6.81555 1999.99 -2944.36 -6.81555 -1999.99 0.0434126
1.045 7.04001 1999.99 -3041.33 -7.04001 -1999.99 0.0456548
1.05 7.26803 1999.99 -3139.84 -7.26803 -1999.99 0.0478548
1.055 7.49922 1999.99 -3239.71 -7.49922 -1999.99 0.0499887
1.06 7.73337 1999.99 -3340.87 -7.73337 -1999.99 0.0520475
1.065 7.97071 1999.99 -3443.4 -7.97071 -1999.99 0.0540575
1.07 8.21193 1999.99 -3547.61 -8.21193 -1999.99 0.0560868
1.075 8.458 1999.99 -3653.91 -8.458 -1999.99 0.0582323
1.08 8.70987 1999.99 -3762.72 -8.70987 -1999.99 0.0605905
1.085 8.96786 1999.99 -3874.18 -8.96786 -1999.99 0.0632035
1.09 9.23127 1999.99 -3987.97 -9.23127 -1999.99 0.0660092
1.095 9.49856 1999.99 -4103.45 -9.49856 -1999.99 0.0688465
1.1 9.76777 1999.99 -4219.75 -9.76777 -1999.99 0.071509
1.105 10.037 1999.99 -4336.04 -10.037 -1999.99 0.0738032
1.11 10.3044 1999.99 -4451.56 -10.3044 -1999.99 0.0755833
1.115 10.5685 1999.99 -4565.68 -10.5685 -1999.99 0.0767634
1.12 10.8285 1999.99 -4678 -10.8285 -1999.99 0.0773252
1.125 11.0839 1999.99 -4788.31 -11.0839 -1999.99 0.0773171
1.13 11.3347 1999.99 -4896.67 -11.3347 -1999.99 0.0768411
1.135 11.5815 1999.99 -5003.26 -11.5815 -1999.99 0.0760384
1.14 11.8248 1999.99 -5108.37 -11.8248 -1999.99 0.0750396
1.145 12.0655 1999.99 -5212.36 -12.0655 -1999.99 0.0739589
1.15 12.3046 1999.99 -5315.66 -12.3046 -1999.99 0.072915
1.155 12.543 1999.99 -5418.64 -12.543 -1999.99 0.0720039
1.16 12.7814 1999.99 -5521.64 -12.7814 -1999.99 0.0712921
1.165 13.0205 1999.99 -5624.92 -13.0205 -1999.99 0.070818
1.17 13.2607 1999.99 -5728.7 -13.2607 -1999.99 0.0706033
1.175 13.5027 1999.99 -5833.22 -13.5027 -1999.99 0.0706698
1.18 13.7469 1999.99 -5938.73 -13.7469 -1999.99 0.071044
1.185 13.994 1999.99 -6045.48 -13.994 -1999.99 0.0717551
1.19 14.2446 1999.99 -6153.72 -14.2446 -1999.99 0.0728337
1.195 14.4992 1999.99 -6263.74 -14.4992 -1999.99 0.0743245
1.2 14.7587 1999.99 -6375.83 -14.7587 -1999.99 0.076303
1.205 15.0234 1999.99 -6490.21 -15.0234 -1999.99 0.0788485
1.21 15.2935 1999.99 -6606.87 -15.2935 -1999.99 0.0820082
1.215 15.5682 1999.99 -6725.53 -15.5682 -1999.99 0.0857725
1.22 15.8462 1999.99 -6845.65 -15.8462 -1999.99 0.0900808
1.225 16.1262 1999.99 -6966.6 -16.1262 -1999.99 0.0948589
1.23 16.4065 1999.99 -7087.72 -16.4065 -1999.99 0.100035
1.235 16.6859 1999.99 -7208.39 -16.6859 -1999.99 0.105542
1.24 16.963 1999.99 -7328.13 -16.963 -1999.99 0.111324
1.245 17.2375 1999.99 -7446.74 -17.2375 -1999.99 0.117372
1.25 17.5099 1999.99 -7564.41 -17.5099 -1999.99 0.123768
1.255 17.781 1999.99 -7681.52 -17.781 -1999.99 0.130651
1.26 18.0513 1999.99 -7798.31 -18.0513 -1999.99 0.138087
1.265 18.3205 1999.99 -7914.61 -18.3205 -1999.99 0.145891
1.27 18.5874 1999.99 -8029.9 -18.5874 -1999.99 0.153605
1.275 18.8505 1999.99 -8143.57 -18.8505 -1999.99 0.16065
1.28 19.109 1999.99 -8255.24 -19.109 -1999.99 0.166564
1.285 19.363 1999.99 -8364.99 -19.363 -1999.99 0.171217
1.29 19.6138 1999.99 -8473.33 -19.6138 -1999.99 0.174855
1.295 19.863 1999.99 -8580.99 -19.863 -1999.99 0.177932
1.3 20.1122 1999.99 -8688.64 -20.1122 -1999.99 0.180919
1.305 20.3622 1999.99 -8796.66 -20.3622 -1999.99 0.184161
1.31 20.613 1999.99 -8905.01 -20.613 -1999.99 0.187741
1.315 20.8635 1999.99 -9013.2 -20.8635 -1999.99 0.191457
1.32 21.1121 1999.99 -9120.62 -21.1121 -1999.99 0.194968
1.325 21.3575 1999.99 -9226.66 -21.3575 -1999.99 0.197954
1.33 21.5988 1999.99 -9330.9 -21.5988 -1999.99 0.200198
1.335 21.8357 1999.98 -9433.23 -21.8357 -1999.98 0.201646
1.34 22.0688 1999.98 -9533.91 -22.0688 -1999.98 0.202477
1.345 22.2992 1999.98 -9633.46 -22.2992 -1999.98 0.203054
1.35 22.5284 1999.98 -9732.49 -22.5284 -1999.98 0.203758
1.355 22.7577 1999.98 -9831.53 -22.7577 -1999.98 0.204876
1.36 22.9879 1999.98 -9930.97 -22.9879 -1999.98 0.206523
1.365 23.2191 1999.98 -10030.9 -23.2191 -1999.98 0.208571
1.37 23.4509 1999.98 -10131 -23.4509 -1999.98 0.210632
1.375 23.6801 2000 -10230.4 -23.6801 -2000 0.584192
1.38 23.9092 2000 -10329.6 -23.9092 -2000 0.80064
1.385 24.1404 2000 -10429.4 -24.1404 -2000 0.688222
1.39 24.3731 2000 -10529.8 -24.3731 -2000 0.597878
1.395 24.6043 2000.01 -10630 -24.6043 -2000.01 0.90619
1.4 24.8362 2000.01 -10730.3 -24.8362 -2000.01 1.06973
1.405 25.0695 2000.01 -10830.9 -25.0695 -2000.01 0.902991
1.41 25.3021 2000 -10931.3 -25.3021 -2000 0.76795
1.415 25.5338 2000 -11031.3 -25.5338 -2000 0.658149
1.42 25.7653 2000 -11131.2 -25.7653 -2000 0.567574
1.425 25.9974 1999.99 -11231.4 -25.9974 -1999.99 0.492914
1.43 26.2316 1999.99 -11332.5 -26.2316 -1999.99 0.431593
1.435 26.4597 2000.04 -11432.3 -26.4597 -2000.04 1.68321
1.44 26.6922 2000.06 -11533.4 -26.6922 -2000.06 2.38986
1.445 26.9352 2000.05 -11638 -26.9352 -2000.05 1.96505
1.45 27.1857 2000.03 -11745.9 -27.1857 -2000.03 1.62602
1.455 27.4443 2000.02 -11857.3 -27.4443 -2000.02 1.35606
1.46 27.7104 2000.02 -11972 -27.7104 -2000.02 1.13895
1.465 27.983 2000.01 -12089.6 -27.983 -2000.01 0.964671
1.47 28.2608 2000 -12209.5 -28.2608 -2000 0.824966
1.475 28.5379 2000.03 -12329.5 -28.5379 -2000.03 1.15456
1.48 28.812 2000.07 -12448.4 -28.812 -2000.07 1.60422
1.485 29.0909 2000.05 -12568.6 -29.0909 -2000.05 1.34669
1.49 29.3561 2000.12 -12685.1 -29.3561 -2000.12 3.27395
1.495 29.624 2000.16 -12801.7 -29.624 -2000.16 4.10992
1.5 29.891 2000.16 -12916.8 -29.891 -2000.16 3.91757
1.505 30.1617 2000.13 -13033.1 -30.1617 -2000.13 3.21865
1.51 30.4337 2000.1 -13150 -30.4337 -2000.1 2.65935
1.515 30.7073 2000.08 -13267.8 -30.7073 -2000.08 2.20591
1.52 30.983 2000.06 -13386.5 -30.983 -2000.06 1.83814
1.525 31.2615 2000.04 -13506.5 -31.2615 -2000.04 1.53998
1.53 31.5442 2000.03 -13628.4 -31.5442 -2000.03 1.29851
1.535 31.828 2000.05 -13751.1 -31.828 -2000.05 1.44417
1.54 32.0879 2000.18 -13864.9 -32.0879 -2000.18 2.96619
1.545 32.3497 2000.21 -13979.1 -32.3497 -2000.21 4.00176
1.55 32.6191 2000.2 -14095.6 -32.6191 -2000.2 4.18714
1.555 32.8964 2000.16 -14214.7 -32.8964 -2000.16 3.43386
1.56 33.1769 2000.12 -14335.2 -33.1769 -2000.12 2.83139
1.565 33.4593 2000.09 -14456.8 -33.4593 -2000.09 2.34901
1.57 33.7428 2000.07 -14578.9 -33.7428 -2000.07 1.95741
1.575 34.0269 2000.05 -14701.2 -34.0269 -2000.05 1.63921
1.58 34.3115 2000.04 -14823.9 -34.3115 -2000.04 1.38054
1.585 34.5972 2000.03 -14947.2 -34.5972 -2000.03 1.17033
1.59 34.8845 2000.02 -15071.1 -34.8845 -2000.02 0.999659
1.595 35.1739 2000.01 -15196 -35.1739 -2000.01 0.861313
1.6 35.432 2000.3 -15310.2 -35.432 -2000.3 3.61268
1.605 35.696 2000.41 -15425.4 -35.696 -2000.41 4.76509
1.61 35.9638 2000.35 -15540.9 -35.9638 -2000.35 4.53905
1.615 36.2364 2000.28 -15657.8 -36.2364 -2000.28 3.72314
1.62 36.5113 2000.22 -15775.9 -36.5113 -2000.22 3.07196
1.625 36.7883 2000.17 -15895.1 -36.7883 -2000.17 2.54473
1.63 37.0672 2000.14 -16015.1 -37.0672 -2000.14 2.11806
1.635 37.3477 2000.1 -16136 -37.3477 -2000.1 1.77295
1.64 37.63 2000.08 -16257.6 -37.63 -2000.08 1.4941
1.645 37.9141 2000.06 -16380.2 -37.9141 -2000.06 1.26919
1.65 38.2006 2000.04 -16503.7 -38.2006 -2000.04 1.08829
1.655 38.4895 2000.03 -16628.4 -38.4895 -2000.03 0.943384
1.66 38.7812 2000.01 -16754.3 -38.7812 -2000.01 0.82795
1.665 39.0524 2000.25 -16873.2 -39.0524 -2000.25 2.58774
1.67 39.3253 2000.35 -16991.8 -39.3253 -2000.35 3.28103
1.675 39.6038 2000.27 -17111.6 -39.6038 -2000.27 2.7267
1.68 39.8833 2000.21 -17231.9 -39.8833 -2000.21 2.27941
1.685 40.1601 2000.19 -17351.6 -40.1601 -2000.19 2.39448
1.69 40.4323 2000.19 -17469.5 -40.4323 -2000.19 2.76181
1.695 40.7054 2000.14 -17587 -40.7054 -2000.14 2.31611
1.7 40.9718 2000.14 -17702.3 -40.9718 -2000.14 2.51645
1.705 41.2348 2000.12 -17815.9 -41.2348 -2000.12 2.46398
1.71 41.4943 2000.1 -17927.6 -41.4943 -2000.1 2.08062
1.715 41.749 2000.07 -18037.3 -41.749 -2000.07 1.7709
1.72 41.9987 2000.05 -18144.9 -41.9987 -2000.05 1.52088
1.725 42.2339 2000.12 -18247.8 -42.2339 -2000.12 2.78357
1.73 42.4642 2000.15 -18347.9 -42.4642 -2000.15 3.40904
1.735 42.6935 2000.12 -18446.5 -42.6935 -2000.12 2.86998
1.74 42.9184 2000.09 -18543.2 -42.9184 -2000.09 2.43679
1.745 43.1347 2000.13 -18636.6 -43.1347 -2000.13 2.39573
1.75 43.3405 2000.19 -18725.6 -43.3405 -2000.19 2.47949
1.755 43.5448 2000.15 -18813.5 -43.5448 -2000.15 2.12027
1.76 43.7473 2000.12 -18900.6 -43.7473 -2000.12 1.83185
1.765 43.9473 2000.11 -18987.1 -43.9473 -2000.11 1.89005
1.77 44.1404 2000.14 -19071.3 -44.1404 -2000.14 2.64142
1.775 44.3385 2000.11 -19156.5 -44.3385 -2000.11 2.3033
1.78 44.5393 2000.09 -19243 -44.5393 -2000.09 2.03807
1.785 44.738 2000.12 -19329.5 -44.738 -2000.12 2.7086
1.79 44.9416 2000.13 -19417.7 -44.9416 -2000.13 2.89941
1.795 45.151 2000.1 -19507.8 -45.151 -2000.1 2.56516
1.8 45.3651 2000.08 -19600 -45.3651 -2000.08 2.29756
1.805 45.5771 2000.13 -19692.6 -45.5771 -2000.13 3.23034
1.81 45.7874 2000.19 -19784.5 -45.7874 -2000.19 4.34864
1.815 46.0072 2000.16 -19878.9 -46.0072 -2000.16 3.80383
1.82 46.2314 2000.12 -19975.3 -46.2314 -2000.12 3.35692
1.825 46.4588 2000.1 -20073.2 -46.4588 -2000.1 2.99142
1.83 46.6881 2000.08 -20172 -46.6881 -2000.08 2.69675
1.835 46.9103 2000.13 -20268.9 -46.9103 -2000.13 3.63494
1.84 47.1232 2000.22 -20361.7 -47.1232 -2000.22 4.47252
1.845 47.3381 2000.2 -20453.4 -47.3381 -2000.2 3.3348
1.85 47.5475 2000.17 -20543.6 -47.5475 -2000.17 3.10324
1.855 47.7533 2000.14 -20632.4 -47.7533 -2000.14 2.96844
1.86 47.95 2000.16 -20717.8 -47.95 -2000.16 3.4433
1.865 48.1307 2000.28 -20798 -48.1307 -2000.28 5.56643
1.87 48.3069 2000.34 -20875.2 -48.3069 -2000.34 6.63658
1.875 48.4838 2000.32 -20950.7 -48.4838 -2000.32 5.66821
1.88 48.6537 2000.34 -21023.1 -48.6537 -2000.34 4.76269
1.885 48.8202 2000.27 -21094.5 -48.8202 -2000.27 4.1429
1.89 48.986 2000.23 -21165.1 -48.986 -2000.23 3.09006
1.895 49.1342 2000.35 -21230.7 -49.1342 -2000.35 4.7048
1.9 49.2822 2000.36 -21295.2 -49.2822 -2000.36 5.3044
1.905 49.4304 2000.32 -21358.4 -49.4304 -2000.32 4.43937
1.91 49.5767 2000.26 -21421 -49.5767 -2000.26 3.82329
1.915 49.7219 2000.2 -21483.2 -49.7219 -2000.2 3.3237
1.92 49.866 2000.16 -21545 -49.866 -2000.16 2.92245
1.925 50.0006 2000.21 -21604.2 -50.0006 -2000.21 3.93718
1.93 50.1322 2000.23 -21661.6 -50.1322 -2000.23 4.44191
1.935 50.2641 2000.19 -21718 -50.2641 -2000.19 3.8802
1.94 50.3933 2000.15 -21773.3 -50.3933 -2000.15 3.44351
1.945 50.5196 2000.12 -21827.6 -50.5196 -2000.12 3.11063
1.95 50.6431 2000.1 -21880.7 -50.6431 -2000.1 2.86438
1.955 50.7638 2000.09 -21932.6 -50.7638 -2000.09 2.69955
1.96 50.8793 2000.12 -21982.5 -50.8793 -2000.12 2.6184
1.965 50.9895 2000.18 -22029.6 -50.9895 -2000.18 2.11226
1.97 51.0953 2000.15 -22075.3 -51.0953 -2000.15 2.10396
1.975 51.1988 2000.12 -22120 -51.1988 -2000.12 2.09387
1.98 51.3 2000.1 -22163.7 -51.3 -2000.1 2.07258
1.985 51.3989 2000.08 -22206.4 -51.3989 -2000.08 2.03616
1.99 51.4959 2000.07 -22248.2 -51.4959 -2000.07 1.98594
1.995 51.5913 2000.06 -22289.4 -51.5913 -2000.06 1.92636
2 51.6853 2000.04 -22329.9 -51.6853 -2000.04 1.86263
2.005 51.7781 2000.04 -22369.9 -51.7781 -2000.04 1.79911
2.01 51.8697 2000.03 -22409.4 -51.8697 -2000.03 1.73857
2.015 51.9598 2000.02 -22448.3 -51.9598 -2000.02 1.68227
2.02 52.0484 2000.01 -22486.6 -52.0484 -2000.01 1.63058
2.025 52.1343 2000.02 -22523.8 -52.1343 -2000.02 1.76266
2.03 52.2179 2000.02 -22560 -52.2179 -2000.02 1.84474
2.035 52.3002 2000.02 -22595.4 -52.3002 -2000.02 1.75248
2.04 52.381 2000.01 -22630.3 -52.381 -2000.01 1.67661
2.045 52.4607 2000.01 -22664.6 -52.4607 -2000.01 1.6164
2.05 52.5395 2000 -22698.6 -52.5395 -2000 1.57171
2.055 52.6177 2000 -22732.4 -52.6177 -2000 1.54251
2.06 52.6996 2000.03 -22766.1 -52.6996 -2000.03 -0.110111
2.065 52.778 2000.04 -22799.4 -52.778 -2000.04 -0.665149
2.07 52.853 2000.03 -22832.3 -52.853 -2000.03 -0.240485
2.075 52.9272 2000.02 -22864.7 -52.9272 -2000.02 0.111554
2.08 52.9999 2000.01 -22896.4 -52.9999 -2000.01 0.401673
2.085 53.0704 2000.01 -22927.1 -53.0704 -2000.01 0.670841
2.09 53.1352 2000.11 -22955.1 -53.1352 -2000.11 0.697066
2.095 53.1953 2000.14 -22981 -53.1953 -2000.14 0.612634
2.1 53.2514 2000.11 -23005.4 -53.2514 -2000.11 0.77343
2.105 53.3051 2000.08 -23028.7 -53.3051 -2000.08 0.894447
2.11 53.3566 2000.07 -23051.1 -53.3566 -2000.07 0.984603
2.115 53.4062 2000.05 -23072.5 -53.4062 -2000.05 1.05095
2.12 53.4539 2000.04 -23093.2 -53.4539 -2000.04 1.09922
2.125 53.4928 2000.02 -23111.3 -53.4928 -2000.02 2.45128
2.13 53.5314 2000 -23128.6 -53.5314 -2000 3.0477
2.135 53.5715 2000 -23145.6 -53.5715 -2000 2.69665
2.14 53.6105 2000 -23162.1 -53.6105 -2000 2.4146
2.145 53.6485 1999.99 -23178.3 -53.6485 -1999.99 2.18935
2.15 53.6856 1999.99 -23194.2 -53.6856 -1999.99 2.01157
2.155 53.722 1999.99 -23209.8 -53.722 -1999.99 1.87393
2.16 53.7526 1999.98 -23223.8 -53.7526 -1999.98 2.73793
2.165 53.7812 1999.97 -23236.8 -53.7812 -1999.97 3.34388
2.17 53.8122 1999.97 -23249.8 -53.8122 -1999.97 2.9695
2.175 53.8427 1999.97 -23262.7 -53.8427 -1999.97 2.68324
2.18 53.8731 1999.98 -23275.5 -53.8731 -1999.98 2.35631
2.185 53.903 1999.99 -23288.2 -53.903 -1999.99 2.09967
2.19 53.9321 1999.99 -23300.7 -53.9321 -1999.99 2.04909
2.195 53.9584 2000.01 -23312.5 -53.9584 -2000.01 2.5029
2.2 53.9819 2000.04 -23323.1 -53.9819 -2000.04 2.9658
2.205 54.0053 2000.02 -23333.1 -54.0053 -2000.02 2.84343
2.21 54.0271 2000.01 -23342.5 -54.0271 -2000.01 2.75774
2.215 54.0416 1999.99 -23349.7 -54.0416 -1999.99 3.72151
2.22 54.0483 1999.97 -23353.8 -54.0483 -1999.97 4.89148
2.225 54.0588 1999.97 -23357.6 -54.0588 -1999.97 4.17794
2.23 54.0679 1999.97 -23360.9 -54.0679 -1999.97 3.58251
2.235 54.0758 1999.97 -23363.8 -54.0758 -1999.97 3.07995
2.24 54.0827 1999.97 -23366.4 -54.0827 -1999.97 2.65297
2.245 54.0887 1999.98 -23368.6 -54.0887 -1999.98 2.28863
2.25 54.0938 1999.98 -23370.5 -54.0938 -1999.98 1.97676
2.255 54.0982 1999.98 -23372.1 -54.0982 -1999.98 1.70878
2.26 54.102 1999.98 -23373.6 -54.102 -1999.98 1.47725
2.265 54.1052 1999.98 -23374.7 -54.1052 -1999.98 1.27592
2.27 54.108 1999.99 -23375.7 -54.108 -1999.99 1.09986
2.275 54.1103 1999.99 -23376.6 -54.1103 -1999.99 0.945594
2.28 54.1122 1999.99 -23377.3 -54.1122 -1999.99 0.810768
2.285 54.1138 1999.99 -23377.9 -54.1138 -1999.99 0.693673
2.29 54.1152 1999.99 -23378.4 -54.1152 -1999.99 0.592748
2.295 54.1164 1999.99 -23378.8 -54.1164 -1999.99 0.506276
2.3 54.1175 1999.99 -23379.2 -54.1175 -1999.99 0.432395
2.305 54.1184 1999.99 -23379.5 -54.1184 -1999.99 0.3693
2.31 54.1191 2000 -23379.8 -54.1191 -2000 0.315449
2.315 54.1198 2000 -23380 -54.1198 -2000 0.269656
2.32 54.1204 2000 -23380.2 -54.1204 -2000 0.231037
2.325 54.1209 2000 -23380.4 -54.1209 -2000 0.198862
2.33 54.1213 2000 -23380.6 -54.1213 -2000 0.172351
2.335 54.1218 2000 -23380.8 -54.1218 -2000 0.150486
2.34 54.1221 2000 -23380.9 -54.1221 -2000 0.132015
2.345 54.1224 2000 -23381 -54.1224 -2000 0.115662
2.35 54.1227 2000 -23381.1 -54.1227 -2000 0.100381
2.355 54.1228 2000 -23381.2 -54.1228 -2000 0.0857568
2.36 54.123 2000 -23381.2 -54.123 -2000 0.0714621
2.365 54.123 2000 -23381.2 -54.123 -2000 0.0578846
2.37 54.109 1999.96 -23377.4 -54.109 -1999.96 2.34752
2.375 54.0889 1999.93 -23370.2 -54.0889 -1999.93 3.74684
2.38 54.066 1999.94 -23359.5 -54.066 -1999.94 2.97266
2.385 54.0322 1999.95 -23344.3 -54.0322 -1999.95 2.41207
2.39 53.9879 1999.96 -23324.7 -53.9879 -1999.96 1.95604
2.395 53.9336 1999.97 -23300.9 -53.9336 -1999.97 1.58577
2.4 53.8704 1999.97 -23273.3 -53.8704 -1999.97 1.28487
2.405 53.7993 1999.98 -23242.3 -53.7993 -1999.98 1.04004
2.41 53.7198 2000.02 -23207.9 -53.7198 -2000.02 0.9222
2.415 53.6344 2000.04 -23170.9 -53.6344 -2000.04 0.793291
2.42 53.5446 2000.03 -23131.9 -53.5446 -2000.03 0.639316
2.425 53.4515 2000.03 -23091.6 -53.4515 -2000.03 0.511163
2.43 53.3559 2000.02 -23050.2 -53.3559 -2000.02 0.40556
2.435 53.258 2000.02 -23007.8 -53.258 -2000.02 0.318006
2.44 53.1575 2000.01 -22964.3 -53.1575 -2000.01 0.245174
2.445 53.0538 2000.01 -22919.4 -53.0538 -2000.01 0.184011
2.45 52.9466 2000.01 -22873 -52.9466 -2000.01 0.131937
2.455 52.8351 2000.01 -22824.8 -52.8351 -2000.01 0.0867817
2.46 52.7129 2000.14 -22772.3 -52.7129 -2000.14 0.314523
2.465 52.584 2000.2 -22716.7 -52.584 -2000.2 0.381756
2.47 52.4492 2000.16 -22658.3 -52.4492 -2000.16 0.275954
2.475 52.3144 2000.18 -22597.7 -52.3144 -2000.18 -2.15539
2.48 52.1689 2000.18 -22533.8 -52.1689 -2000.18 -3.16149
2.485 52.0126 2000.15 -22466.8 -52.0126 -2000.15 -2.60983
2.49 51.8515 2000.12 -22397.7 -51.8515 -2000.12 -2.17749
2.495 51.6861 2000.09 -22326.6 -51.6861 -2000.09 -1.84072
2.5 51.5174 2000.07 -22254 -51.5174 -2000.07 -1.57573
2.505 51.3464 2000.06 -22180.3 -51.3464 -2000.06 -1.36837
2.51 51.1739 2000.04 -22105.9 -51.1739 -2000.04 -1.20692
2.515 51.0008 2000.03 -22031.3 -51.0008 -2000.03 -1.08175
2.52 50.8278 2000.02 -21956.6 -50.8278 -2000.02 -0.984206
2.525 50.6551 2000.01 -21882.1 -50.6551 -2000.01 -0.905647
2.53 50.4803 2000.05 -21807.2 -50.4803 -2000.05 -0.329057
2.535 50.3071 2000.06 -21732.6 -50.3071 -2000.06 -0.0899267
2.54 50.1351 2000.07 -21658.2 -50.1351 -2000.07 -0.16577
2.545 49.9563 2000.16 -21581 -49.9563 -2000.16 -0.18796
2.55 49.7802 2000.13 -21504.8 -49.7802 -2000.13 -0.278027
2.555 49.6087 2000.1 -21430.6 -49.6087 -2000.1 -0.347694
2.56 49.4425 2000.08 -21358.8 -49.4425 -2000.08 -0.399971
2.565 49.2817 2000.06 -21289.3 -49.2817 -2000.06 -0.437333
2.57 49.1261 2000.05 -21222 -49.1261 -2000.05 -0.462405
2.575 48.9754 2000.03 -21156.9 -48.9754 -2000.03 -0.477663
2.58 48.8294 2000.02 -21093.8 -48.8294 -2000.02 -0.485242
2.585 48.6878 2000.02 -21032.7 -48.6878 -2000.02 -0.486785
2.59 48.5508 2000.01 -20973.5 -48.5508 -2000.01 -0.483351
2.595 48.4188 2000.01 -20916.5 -48.4188 -2000.01 -0.475452
2.6 48.2924 2000 -20861.8 -48.2924 -2000 -0.4633
2.605 48.1713 2000.05 -20809.1 -48.1713 -2000.05 -0.931017
2.61 48.0554 2000.07 -20758.8 -48.0554 -2000.07 -1.16631
2.615 47.9447 2000.05 -20711.1 -47.9447 -2000.05 -1.00626
2.62 47.8402 2000.04 -20666.1 -47.8402 -2000.04 -0.870116
2.625 47.7414 2000.03 -20623.5 -47.7414 -2000.03 -0.759566
2.63 47.6475 2000.02 -20583 -47.6475 -2000.02 -0.668093
2.635 47.5575 2000.02 -20544.3 -47.5575 -2000.02 -0.582509
2.64 47.4709 2000.01 -20506.9 -47.4709 -2000.01 -0.510151
2.645 47.3872 2000.01 -20470.8 -47.3872 -2000.01 -0.449007
2.65 47.3058 2000.01 -20435.7 -47.3058 -2000.01 -0.39858
2.655 47.224 2000.03 -20400.4 -47.224 -2000.03 -0.367663
2.66 47.1445 2000.03 -20366.1 -47.1445 -2000.03 -0.330247
2.665 47.0679 2000.02 -20333 -47.0679 -2000.02 -0.297783
2.67 46.9946 2000.02 -20301.4 -46.9946 -2000.02 -0.269123
2.675 46.9252 2000.01 -20271.5 -46.9252 -2000.01 -0.24331
2.68 46.8603 2000.01 -20243.5 -46.8603 -2000.01 -0.219504
2.685 46.8005 2000.01 -20217.7 -46.8005 -2000.01 -0.127118
2.69 46.7472 2000.01 -20194.7 -46.7472 -2000.01 -0.0848449
2.695 46.7013 2000.01 -20174.9 -46.7013 -2000.01 -0.0803503
2.7 46.6629 2000.01 -20158.3 -46.6629 -2000.01 -0.00892493
2.705 46.6323 2000.02 -20145.2 -46.6323 -2000.02 0.0463287
2.71 46.6096 2000.01 -20135.4 -46.6096 -2000.01 0.0345354
2.715 46.5935 2000.01 -20128.4 -46.5935 -2000.01 0.0263033
2.72 46.5827 2000.01 -20123.7 -46.5827 -2000.01 0.0205269
2.725 46.5755 2000.01 -20120.6 -46.5755 -2000.01 0.0162937
2.73 46.5703 2000.01 -20118.4 -46.5703 -2000.01 0.013048
2.735 46.5655 2000 -20116.3 -46.5655 -2000 0.0104673
2.74 46.5596 2000 -20113.8 -46.5596 -2000 0.00834523
2.745 46.5515 2000 -20110.3 -46.5515 -2000 0.00651194
2.75 46.5405 2000 -20105.5 -46.5405 -2000 0.00480527
2.755 46.5265 2000 -20099.5 -46.5265 -2000 0.00308715
2.76 46.5096 2000 -20092.2 -46.5096 -2000 0.00127757
2.765 46.4902 2000 -20083.8 -46.4902 -2000 -0.000636698
2.77 46.4685 2000 -20074.4 -46.4685 -2000 -0.00264681
2.775 46.4443 2000 -20063.9 -46.4443 -2000 -0.00479002
2.78 46.4172 2000 -20052.2 -46.4172 -2000 -0.00701082
2.785 46.3867 2000 -20039.1 -46.3867 -2000 -0.00946666
2.79 46.3523 2000 -20024.2 -46.3523 -2000 -0.012487
2.795 46.3138 2000 -20007.5 -46.3138 -2000 -0.0162043
2.8 46.271 2000 -19989 -46.271 -2000 -0.0206849
2.805 46.2242 2000 -19968.8 -46.2242 -2000 -0.0258998
2.81 46.1737 2000 -19947 -46.1737 -2000 -0.0317237
2.815 46.1205 2000.01 -19923.8 -46.1205 -2000.01 -0.307321
2.82 46.0638 2000.01 -19899.1 -46.0638 -2000.01 -0.422866
2.825 46.0034 2000.01 -19873.1 -46.0034 -2000.01 -0.358188
2.83 45.9392 2000 -19845.4 -45.9392 -2000 -0.30759
2.835 45.8701 2000 -19815.6 -45.8701 -2000 -0.2691
2.84 45.7943 2000 -19782.9 -45.7943 -2000 -0.241544
2.845 45.7103 2000 -19746.6 -45.7103 -2000 -0.224338
2.85 45.6165 2000 -19706.1 -45.6165 -2000 -0.217267
2.855 45.5115 2000 -19660.8 -45.5115 -2000 -0.220319
2.86 45.3944 2000 -19610.1 -45.3944 -2000 -0.233654
2.865 45.2638 1999.99 -19553.7 -45.2638 -1999.99 -0.257709
2.87 45.1186 1999.99 -19490.9 -45.1186 -1999.99 -0.29332
2.875 44.9573 1999.99 -19421.2 -44.9573 -1999.99 -0.354494
2.88 44.7792 1999.97 -19344.1 -44.7792 -1999.97 -0.465083
2.885 44.5825 1999.97 -19259.1 -44.5825 -1999.97 -0.534816
2.89 44.3663 1999.97 -19165.6 -44.3663 -1999.97 -0.623706
2.895 44.1295 1999.97 -19063.2 -44.1295 -1999.97 -0.732472
2.9 43.8689 1999.99 -18950.9 -43.8689 -1999.99 -0.49089
2.905 43.5858 2000 -18828.6 -43.5858 -2000 -0.482229
2.91 43.2798 1999.99 -18696.1 -43.2798 -1999.99 -0.744168
2.915 42.95 1999.98 -18553.4 -42.95 -1999.98 -1.00781
2.92 42.5965 1999.96 -18400.4 -42.5965 -1999.96 -1.27433
2.925 42.2198 1999.95 -18237.4 -42.2198 -1999.95 -1.54247
2.93 41.8222 1999.9 -18065.1 -41.8222 -1999.9 -2.10705
2.935 41.4026 1999.86 -17883.4 -41.4026 -1999.86 -2.53129
2.94 40.9538 1999.94 -17690.4 -40.9538 -1999.94 -1.65931
2.945 40.4738 2000.14 -17482.7 -40.4738 -2000.14 -1.93382
2.95 39.9709 2000.13 -17264.5 -39.9709 -2000.13 -2.91139
2.955 39.4091 2000.3 -17025.1 -39.4091 -2000.3 0.347249
2.96 38.8309 2000.26 -16775.2 -38.8309 -2000.26 0.239106
2.965 38.1968 2000.52 -16505.8 -38.1968 -2000.52 4.77783
2.97 37.5228 2000.7 -16217.8 -37.5228 -2000.7 7.91035
2.975 36.7814 2001.01 -15903.1 -36.7814 -2001.01 13.5488
2.98 35.9552 2001.38 -15552.9 -35.9552 -2001.38 20.2867
2.985 35.0127 2002.11 -15153.4 -35.0127 -2002.11 27.9402
2.99 33.9971 2002.48 -14718.3 -33.9971 -2002.48 31.5934
2.995 32.8295 2003.03 -14226.7 -32.8295 -2003.03 44.3349
3 31.5455 2003.71 -13687.3 -31.5455 -2003.71 59.6895
3.005 30.1091 2004.47 -13074.6 -30.1091 -2004.47 67.475
3.01 28.5145 2004.97 -12393.2 -28.5145 -2004.97 74.9657
3.015 26.7909 2005.05 -11654.8 -26.7909 -2005.05 81.1231
3.02 24.8082 2005.38 -10801.7 -24.8082 -2005.38 84.554
3.025 22.7558 2004.72 -9902.95 -22.7558 -2004.72 72.4238
3.03 20.4607 2004.75 -8913.38 -20.4607 -2004.75 74.3697
3.035 18.0759 2004.14 -7876.78 -18.0759 -2004.14 67.9854
3.04 15.5039 2003.92 -6768.79 -15.5039 -2003.92 71.1129
3.045 12.7797 2003.8 -5596.56 -12.7797 -2003.8 75.7119
3.05 9.88494 2003.48 -4345.91 -9.88494 -2003.48 75.6105
3.055 6.71183 2003.62 -2992.23 -6.71183 -2003.62 92.7184
3.06 3.39564 2003.48 -1570.77 -3.39564 -2003.48 103.855
3.065 0.0845738 2002.4 -124.789 -0.0845738 -2002.4 88.2527
3.07 -3.25731 2001.35 1337.5 3.25731 -2001.35 69.6557
3.075 -6.6224 1999.67 2796.17 6.6224 -1999.67 64.7022
3.08 -9.82788 1998.9 4212.08 9.82788 -1998.9 33.5636
3.085 -13.0727 1998.99 5637.13 13.0727 -1998.99 10.2759
3.09 -16.3426 1998.87 7065.93 16.3426 -1998.87 -5.93235
3.095 -19.5784 1999.11 8479.9 19.5784 -1999.11 -22.0225
3.1 -22.8993 1998.87 9915.71 22.8993 -1998.87 -23.1986
3.105 -25.9218 2000.69 11258 25.9218 -2000.69 -59.8336
3.11 -28.7473 2003.13 12514 28.7473 -2003.13 -95.1178
3.115 -31.4982 2004.12 13714.9 31.4982 -2004.12 -107.626
3.12 -34.0432 2004.58 14819.8 34.0432 -2004.58 -113.106
3.125 -36.5457 2004.46 15894.6 36.5457 -2004.46 -106.871
3.13 -38.9214 2004.66 16921 38.9214 -2004.66 -106.951
3.135 -41.123 2005.31 17884.9 41.123 -2005.31 -119.772
3.14 -43.1855 2006.21 18783.8 43.1855 -2006.21 -127.678
3.145 -45.0846 2006.86 19614.8 45.0846 -2006.86 -138.295
3.15 -46.8114 2007.65 20378.6 46.8114 -2007.65 -156.049
3.155 -48.2214 2009.8 21021.8 48.2214 -2009.8 -190.178
3.16 -49.5326 2010.88 21582.7 49.5326 -2010.88 -184.634
3.165 -50.6798 2010.48 22061.7 50.6798 -2010.48 -168.052
3.17 -51.6957 2008.34 22499.1 51.6957 -2008.34 -166.591
3.175 -52.5994 2007.72 22886.5 52.5994 -2007.72 -163.587
3.18 -53.225 2007.5 23185.4 53.225 -2007.5 -192.223
3.185 -53.3825 2005.56 23337.2 53.3825 -2005.56 -275.934
3.19 -53.2853 2003.23 23354.2 53.2853 -2003.23 -335
3.195 -52.9806 2000.36 23240.1 52.9806 -2000.36 -352.516
3.2 -52.5068 1999.12 23034 52.5068 -1999.12 -351.072
3.205 -51.8534 1997.03 22739 51.8534 -1997.03 -338.333
3.21 -51.1758 1995.92 22408.8 51.1758 -1995.92 -300.834
3.215 -50.4505 1995.75 22049.9 50.4505 -1995.75 -255.243
3.22 -49.59 1995.02 21647.2 49.59 -1995.02 -224.347
3.225 -48.6933 1994.54 21228.4 48.6933 -1994.54 -192.914
3.23 -48.217 1996.15 20946.6 48.217 -1996.15 -116.831
3.235 -47.6276 1996.84 20661.5 47.6276 -1996.84 -86.3917
3.24 -47.6706 2000.68 20574.1 47.6706 -2000.68 19.5841
3.245 -47.7736 2002.32 20574.9 47.7736 -2002.32 63.3385
3.25 -47.7066 2001.45 20560.1 47.7066 -2001.45 49.1028
3.255 -47.625 2000.34 20538.7 47.625 -2000.34 35.3141
3.26 -47.5381 1999.43 20512.2 47.5381 -1999.43 24.2158
3.265 -47.5488 2000.21 20510.5 47.5488 -2000.21 30.5533
3.27 -47.5551 2000.22 20512.5 47.5551 -2000.22 31.2752
3.275 -47.5309 1999.65 20510.3 47.5309 -1999.65 23.0356
3.28 -47.5143 1999.43 20508.6 47.5143 -1999.43 17.5592
3.285 -47.4965 1999.21 20505.5 47.4965 -1999.21 12.9677
3.29 -47.4766 1998.98 20500.8 47.4766 -1998.98 9.06981
3.295 -47.4529 1998.71 20494 47.4529 -1998.71 5.6125
3.3 -47.4124 1998.17 20480.6 47.4124 -1998.17 1.59427
3.305 -47.4229 1999.05 20480.4 47.4229 -1999.05 6.23505
3.31 -47.4476 1999.79 20487.2 47.4476 -1999.79 10.1387
3.315 -47.4482 1999.68 20489.8 47.4482 -1999.68 7.80241
3.32 -47.4491 1999.58 20492.1 47.4491 -1999.58 5.88361
3.325 -47.4499 1999.48 20494.1 47.4499 -1999.48 4.28594
3.33 -47.4452 1999.07 20493.9 47.4452 -1999.07 2.40086
3.335 -47.4396 1998.71 20493.2 47.4396 -1998.71 0.771265
3.34 -47.4357 1998.58 20492.5 47.4357 -1998.58 -0.312697
3.345 -47.4287 1998.4 20490.6 47.4287 -1998.4 -1.38777
3.35 -47.4177 1998.14 20487 47.4177 -1998.14 -2.5198
3.355 -47.4008 1997.76 20481 47.4008 -1997.76 -3.82527
3.36 -47.375 1997.19 20471.5 47.375 -1997.19 -5.51462
3.365 -47.3121 1995.24 20449.5 47.3121 -1995.24 -10.6027
3.37 -47.2301 1993.46 20418.2 47.2301 -1993.46 -14.7727
3.375 -47.1576 1992.81 20384.4 47.1576 -1992.81 -12.3321
3.38 -46.878 1986.16 20283 46.878 -1986.16 -31.7186
3.385 -0.30234 -124.356 101.814 0.30234 124.356 28.7968
