0.1 -1.31753e-31 200 1.89857e-29
0.2 2.92171e-31 400 1.26121e-13
0.3 1.16868e-31 600 4.40536e-13
0.4 -2.33737e-31 800 -5.43565e-13
0.5 -1.16868e-31 1000 4.22773e-13
0.6 -1.40242e-30 1200 4.76064e-13
0.7 -1.40242e-30 1400 5.40012e-13
0.8 1.40242e-30 1600 -1.0445e-12
0.9 -1.16868e-31 1800 -2.41585e-13
1 1.16868e-31 2000 -3.48166e-13
0.005 1.05732e-05 2000 -0.00457704
0.01 5.28202e-05 2000 -0.0228361
0.015 0.000137266 2000 -0.0593132
0.02 0.000263894 2000 -0.114014
0.025 0.00043272 2000 -0.186945
0.03 0.000643799 2000 -0.278129
0.035 0.000897201 2000 -0.387597
0.04 0.00119298 2000 -0.515371
0.045 0.00153112 2000 -0.66145
0.05 0.00191157 2000 -0.825801
0.055 0.00233415 2000 -1.00835
0.06 0.00279875 2000 -1.20906
0.065 0.00330547 2000 -1.42796
0.07 0.00385464 2000 -1.6652
0.075 0.00444685 2000 -1.92104
0.08 0.00508286 2000 -2.1958
0.085 0.00576346 2000 -2.48982
0.09 0.00648936 2000 -2.80341
0.095 0.00726087 2000 -3.1367
0.1 0.00807782 2000 -3.48962
0.105 0.00893981 2000 -3.862
0.11 0.0098467 2000 -4.25378
0.115 0.0107992 2000 -4.66525
0.12 0.0117994 2000 -5.09733
0.125 0.0128507 2000 -5.55149
0.13 0.0139571 2000 -6.02945
0.135 0.015122 2000 -6.53269
0.14 0.0163474 2000 -7.06206
0.145 0.0176338 2000 -7.61781
0.15 0.0189812 2000 -8.19987
0.155 0.0203895 2000 -8.80826
0.16 0.0218599 2000 -9.44346
0.165 0.023395 2000 -10.1066
0.17 0.024999 2000 -10.7996
0.175 0.0266773 2000 -11.5246
0.18 0.0284352 2000 -12.284
0.185 0.0302776 2000 -13.0799
0.19 0.0322091 2000 -13.9143
0.195 0.0342348 2000 -14.7895
0.2 0.0363615 2000 -15.7082
0.205 0.0385987 2000 -16.6746
0.21 0.0409619 2000 -17.6955
0.215 0.0434742 2000 -18.7808
0.22 0.0461617 2000 -19.9419
0.225 0.0490474 2000 -21.1885
0.23 0.0521441 2000 -22.5263
0.235 0.055451 2000 -23.9548
0.24 0.0589528 2000 -25.4676
0.245 0.0626247 2000 -27.0539
0.25 0.06644 2000 -28.7021
0.255 0.0703784 2000 -30.4035
0.26 0.0744326 2000 -32.1549
0.265 0.0786087 2000 -33.959
0.27 0.0829234 2000 -35.8229
0.275 0.0873979 2000 -37.7559
0.28 0.0920533 2000 -39.7671
0.285 0.0969072 2000 -41.8639
0.29 0.101973 2000 -44.0526
0.295 0.107264 2000 -46.3381
0.3 0.112792 2000 -48.726
0.305 0.118571 2000 -51.2228
0.31 0.124622 2000 -53.8367
0.315 0.130967 2000 -56.578
0.32 0.137635 2000 -59.4582
0.325 0.144649 2000 -62.4883
0.33 0.15203 2000 -65.6771
0.335 0.159793 2000 -69.0305
0.34 0.167944 2000 -72.5521
0.345 0.17649 2000 -76.2437
0.35 0.185433 2000 -80.107
0.355 0.194775 2000 -84.1428
0.36 0.204513 2000 -88.3499
0.365 0.214641 2000 -92.7249
0.37 0.225146 2000 -97.2632
0.375 0.236022 2000 -101.961
0.38 0.247263 2000 -106.818
0.385 0.258865 2000 -111.83
0.39 0.270812 2000 -116.991
0.395 0.283062 2000 -122.283
0.4 0.295538 2000 -127.673
0.405 0.308118 2000 -133.107
0.41 0.320643 2000 -138.518
0.415 0.332923 2000 -143.823
0.42 0.344756 2000 -148.935
0.425 0.35595 2000 -153.771
0.43 0.366361 2000 -158.268
0.435 0.375917 2000 -162.396
0.44 0.384645 2000 -166.167
0.445 0.392666 2000 -169.632
0.45 0.400181 2000 -172.878
0.455 0.407455 2000 -176.02
0.46 0.414773 2000 -179.182
0.465 0.422407 2000 -182.48
0.47 0.430559 2000 -186.002
0.475 0.439329 2000 -189.79
0.48 0.4487 2000 -193.838
0.485 0.458556 2000 -198.096
0.49 0.468714 2000 -202.485
0.495 0.478954 2000 -206.908
0.5 0.48904 2000 -211.265
0.505 0.498732 2000 -215.452
0.51 0.507775 2000 -219.359
0.515 0.515883 2000 -222.862
0.52 0.522741 2000 -225.824
0.525 0.528014 2000 -228.102
0.53 0.5314 2000 -229.565
0.535 0.532689 2000 -230.122
0.54 0.531733 2000 -229.709
0.545 0.528505 2000 -228.315
0.55 0.523239 2000 -226.039
0.555 0.516262 2000 -223.025
0.56 0.507947 2000 -219.433
0.565 0.498653 2000 -215.418
0.57 0.488672 2000 -211.106
0.575 0.478182 2000 -206.575
0.58 0.467244 2000 -201.849
0.585 0.455851 2000 -196.928
0.59 0.444007 2000 -191.811
0.595 0.431793 2000 -186.535
0.6 0.419401 2000 -181.181
0.605 0.407124 2000 -175.878
0.61 0.395295 2000 -170.768
0.615 0.384199 2000 -165.974
0.62 0.374022 2000 -161.577
0.625 0.364847 2000 -157.614
0.63 0.356652 2000 -154.073
0.635 0.349305 2000 -150.9
0.64 0.342564 2000 -147.988
0.645 0.336079 2000 -145.186
0.65 0.329397 2000 -142.3
0.655 0.321973 2000 -139.092
0.66 0.313195 2000 -135.3
0.665 0.30245 2000 -130.658
0.67 0.289244 2000 -124.954
0.675 0.273318 2000 -118.074
0.68 0.254701 2000 -110.031
0.685 0.233707 2000 -100.962
0.69 0.210887 2000 -91.103
0.695 0.186958 2000 -80.7656
0.7 0.16273 2000 -70.2992
0.705 0.139027 2000 -60.0599
0.71 0.116615 2000 -50.3775
0.715 0.0961251 2000 -41.526
0.72 0.0780061 2000 -33.6986
0.725 0.0625043 2000 -27.0018
0.73 0.049757 2000 -21.495
0.735 0.0398607 2000 -17.2197
0.74 0.0328621 2000 -14.1963
0.745 0.0287136 2000 -12.4041
0.75 0.0271866 2000 -11.7444
0.755 0.027854 2000 -12.0328
0.76 0.0300774 2000 -12.9933
0.765 0.0330533 2000 -14.2789
0.77 0.0358952 2000 -15.5066
0.775 0.0377056 2000 -16.2887
0.78 0.0376491 2000 -16.2644
0.785 0.0350322 2000 -15.1339
0.79 0.029379 2000 -12.6917
0.795 0.0205151 2000 -8.86231
0.8 0.00853116 2000 -3.68468
0.805 -0.00631733 1999.99 2.7302
0.81 -0.0233148 1999.99 10.0772
0.815 -0.0417896 1999.98 18.0614
0.82 -0.0620979 1999.99 26.8331
0.825 -0.0839552 1999.99 36.2743
0.83 -0.107076 1999.99 46.2614
0.835 -0.131176 1999.99 56.6718
0.84 -0.155972 1999.99 67.3832
0.845 -0.181194 2000 78.2785
0.85 -0.206605 2000 89.256
0.855 -0.232032 2000 100.24
0.86 -0.257384 2000 111.192
0.865 -0.282683 2000 122.121
0.87 -0.30806 2000 133.083
0.875 -0.333704 2000 144.161
0.88 -0.359777 2000 155.425
0.885 -0.386318 2000 166.89
0.89 -0.413177 2000 178.494
0.895 -0.439975 2000 190.07
0.9 -0.466135 2000 201.371
0.905 -0.491046 2000 212.133
0.91 -0.514292 2000 222.175
0.915 -0.535838 2000 231.483
0.92 -0.556133 2000 240.25
0.925 -0.576084 2000 248.869
0.93 -0.596886 2000 257.856
0.935 -0.619702 2000 267.712
0.94 -0.645337 2000 278.786
0.945 -0.67404 2000 291.186
0.95 -0.705458 2000 304.759
0.955 -0.738713 2000 319.125
0.96 -0.772564 2000 333.749
0.965 -0.805572 2000 348.008
0.97 -0.836275 2000 361.272
0.975 -0.863345 2000 372.966
0.98 -0.885695 2000 382.621
0.985 -0.902498 2000 389.88
0.99 -0.913132 2000 394.474
0.995 -0.917096 2000 396.186
1 -0.913649 1999.99 394.698
1.005 -0.901991 1999.99 389.662
1.01 -0.881795 1999.99 380.937
1.015 -0.852912 1999.99 368.46
1.02 -0.81536 1999.99 352.237
1.025 -0.769208 2000 332.299
1.03 -0.714536 2000 308.68
1.035 -0.651494 2000 281.446
1.04 -0.58039 2000 250.729
1.045 -0.50173 2000 216.748
1.05 -0.416222 2000 179.808
1.055 -0.324724 2000 140.281
1.06 -0.22815 2000 98.5609
1.065 -0.127354 2000 55.0172
1.07 -0.0230794 2000 9.97046
1.075 0.0840154 2000 -36.2946
1.08 0.19327 2000 -83.4926
1.085 0.303937 2000 -131.301
1.09 0.415081 2000 -179.315
1.095 0.525108 1999.98 -226.851
1.1 0.627313 1999.89 -271.063
1.105 0.7242 1999.86 -312.936
1.11 0.816962 1999.89 -352.996
1.115 0.904743 1999.91 -390.906
1.12 0.987014 1999.93 -426.437
1.125 1.06364 1999.94 -459.531
1.13 1.13484 1999.95 -490.283
1.135 1.20112 1999.96 -518.912
1.14 1.26315 1999.97 -545.706
1.145 1.32158 1999.97 -570.941
1.15 1.37675 1999.98 -594.774
1.155 1.42857 1999.98 -617.155
1.16 1.47632 1999.99 -637.784
1.165 1.51882 1999.99 -656.14
1.17 1.55453 1999.99 -671.566
1.175 1.58186 1999.99 -683.369
1.18 1.59936 1999.99 -690.931
1.185 1.60604 1999.99 -693.813
1.19 1.60101 1999.99 -691.641
1.195 1.58381 1999.98 -684.212
1.2 1.55507 1999.99 -671.796
1.205 1.51566 1999.99 -654.77
1.21 1.4664 1999.99 -633.49
1.215 1.40782 1999.99 -608.183
1.22 1.34005 1999.99 -578.906
1.225 1.26307 1999.99 -545.646
1.23 1.17707 2000 -508.494
1.235 1.08291 2000 -467.817
1.24 0.982219 2000 -424.32
1.245 0.877204 2000 -378.953
1.25 0.770243 2000 -332.746
1.255 0.663539 2000 -286.65
1.26 0.558893 2000 -241.442
1.265 0.457609 2000 -197.688
1.27 0.360533 2000 -155.75
1.275 0.268167 2000 -115.848
1.28 0.180824 2000 -78.116
1.285 0.0987282 2000 -42.6508
1.29 0.0220583 2000 -9.52932
1.295 -0.0491014 2000 21.2117
1.3 -0.114926 2000 49.6478
1.305 -0.176111 2000 76.0797
1.31 -0.234053 2000 101.111
1.315 -0.290789 2000 125.621
1.32 -0.348679 2000 150.629
1.325 -0.409927 2000 177.089
1.33 -0.476071 2000 205.662
1.335 -0.547573 2000 236.552
1.34 -0.623621 2000 269.404
1.345 -0.702167 2000 303.336
1.35 -0.780261 2000 337.073
1.355 -0.854599 1999.99 369.187
1.36 -0.921781 1999.98 398.214
1.365 -0.978013 1999.94 422.529
1.37 -1.02327 1999.93 442.092
1.375 -1.05904 1999.94 457.538
1.38 -1.08546 1999.96 468.944
1.385 -1.10305 1999.96 476.537
1.39 -1.1126 1999.97 480.66
1.395 -1.11497 1999.98 481.681
1.4 -1.11055 1999.97 479.771
1.405 -1.09985 1999.97 475.15
1.41 -1.0837 1999.98 468.17
1.415 -1.06324 1999.98 459.327
1.42 -1.04013 1999.99 449.343
1.425 -1.0166 1999.99 439.179
1.43 -0.995262 1999.99 429.958
1.435 -0.978733 1999.99 422.817
1.44 -0.969349 1999.99 418.762
1.445 -0.96888 2000 418.559
1.45 -0.978433 2000 422.685
1.455 -0.998459 2000 431.336
1.46 -1.02884 2000 444.459
1.465 -1.06896 2000 461.79
1.47 -1.1175 1999.99 482.753
1.475 -1.16875 1999.96 504.919
1.48 -1.22444 1999.97 528.977
1.485 -1.28202 1999.97 553.849
1.49 -1.33863 1999.98 578.299
1.495 -1.39155 1999.98 601.161
1.5 -1.43883 1999.98 621.586
1.505 -1.47974 1999.99 639.254
1.51 -1.51499 1999.99 654.484
1.515 -1.5467 1999.99 668.18
1.52 -1.57787 1999.99 681.645
1.525 -1.61189 1999.99 696.342
1.53 -1.65203 2000 713.682
1.535 -1.70108 2000 734.869
1.54 -1.76111 2000 760.803
1.545 -1.83333 2000 792.005
1.55 -1.91806 2000 828.606
1.555 -2.01482 2000 870.408
1.56 -2.12265 2000 916.993
1.565 -2.24034 2000 967.835
1.57 -2.36658 2000 1022.37
1.575 -2.49991 2000 1079.97
1.58 -2.63856 2000 1139.87
1.585 -2.78015 2000 1201.04
1.59 -2.92175 2000 1262.21
1.595 -3.0599 2000 1321.89
1.6 -3.19094 2000 1378.5
1.605 -3.31137 2000 1430.53
1.61 -3.41813 2000 1476.65
1.615 -3.50867 2000 1515.76
1.62 -3.58093 2000 1546.98
1.625 -3.63325 2000 1569.58
1.63 -3.66427 2000 1582.98
1.635 -3.67288 2000 1586.69
1.64 -3.65688 1999.97 1579.79
1.645 -3.61536 1999.96 1561.86
1.65 -3.54913 1999.96 1533.24
1.655 -3.45993 1999.97 1494.71
1.66 -3.35048 1999.98 1447.42
1.665 -3.22408 1999.98 1392.82
1.67 -3.08433 1999.98 1332.44
1.675 -2.93486 1999.99 1267.87
1.68 -2.77928 1999.99 1200.66
1.685 -2.62102 1999.99 1132.29
1.69 -2.46329 1999.99 1064.15
1.695 -2.3089 1999.99 997.448
1.7 -2.15998 2000 933.113
1.705 -2.01765 2000 871.628
1.71 -1.88196 2000 813.008
1.715 -1.75209 2000 756.906
1.72 -1.62693 2000 702.837
1.725 -1.50552 2000 650.384
1.73 -1.38716 2000 599.255
1.735 -1.27136 2000 549.229
1.74 -1.15764 2000 500.101
1.745 -1.04559 2000 451.695
1.75 -0.934983 2000 403.913
1.755 -0.82575 2000 356.724
1.76 -0.717792 2000 310.086
1.765 -0.610736 2000 263.838
1.77 -0.503772 2000 217.63
1.775 -0.395666 2000 170.928
1.78 -0.285069 2000 123.15
1.785 -0.171065 2000 73.9001
1.79 -0.0537131 2000 23.2041
1.795 0.0656632 2000 -28.3665
1.8 0.184598 2000 -79.7461
1.805 0.29999 2000 -129.595
1.81 0.408763 2000 -176.586
1.815 0.508343 2000 -219.604
1.82 0.596749 2000 -257.795
1.825 0.672545 2000 -290.539
1.83 0.734863 2000 -317.461
1.835 0.783554 2000 -338.496
1.84 0.819434 2000 -353.996
1.845 0.844426 2000 -364.792
1.85 0.861431 2000 -372.138
1.855 0.873881 2000 -377.517
1.86 0.885113 2000 -382.369
1.865 0.897816 2000 -387.856
1.87 0.913831 2000 -394.775
1.875 0.934284 2000 -403.611
1.88 0.959746 2000 -414.61
1.885 0.990306 2000 -427.812
1.89 1.02563 2000 -443.071
1.895 1.06503 2000 -460.094
1.9 1.10766 2000 -478.51
1.905 1.1528 2000 -498.01
1.91 1.20013 2000 -518.457
1.915 1.24979 2000 -539.91
1.92 1.30209 2000 -562.504
1.925 1.35726 2000 -586.336
1.93 1.4152 2000 -611.366
1.935 1.47583 1999.99 -637.557
1.94 1.53947 1999.99 -665.054
1.945 1.60743 1999.98 -694.417
1.95 1.68215 1999.97 -726.693
1.955 1.76374 1999.93 -761.953
1.96 1.85743 1999.92 -802.449
1.965 1.96746 1999.93 -849.977
1.97 2.09578 1999.94 -905.408
1.975 2.24354 1999.95 -969.238
1.98 2.41119 1999.96 -1041.66
1.985 2.59854 1999.97 -1122.6
1.99 2.80482 1999.97 -1211.71
1.995 3.02891 1999.98 -1308.53
2 3.26969 1999.98 -1412.55
2.005 3.52633 1999.98 -1523.42
2.01 3.79836 1999.98 -1640.94
2.015 4.08542 1999.98 -1764.96
2.02 4.3869 1999.98 -1895.21
2.025 4.70156 1999.98 -2031.15
2.03 5.02724 1999.98 -2171.85
2.035 5.36088 1999.98 -2315.99
2.04 5.69865 1999.98 -2461.92
2.045 6.0362 1999.98 -2607.75
2.05 6.36891 1999.98 -2751.49
2.055 6.6922 1999.98 -2891.16
2.06 7.00201 1999.98 -3025.01
2.065 7.29551 1999.98 -3151.81
2.07 7.5716 1999.98 -3271.1
2.075 7.83089 1999.98 -3383.12
2.08 8.07494 1999.98 -3488.56
2.085 8.30519 1999.98 -3588.03
2.09 8.52232 1999.98 -3681.84
2.095 8.726 1999.98 -3769.82
2.1 8.91536 1999.99 -3851.62
2.105 9.08971 1999.99 -3926.94
2.11 9.24907 1999.99 -3995.77
2.115 9.39437 1999.99 -4058.53
2.12 9.52729 1999.99 -4115.94
2.125 9.64995 1999.99 -4168.92
2.13 9.76453 1999.99 -4218.4
2.135 9.87307 1999.99 -4265.28
2.14 9.97736 1999.99 -4310.32
2.145 10.0789 1999.99 -4354.19
2.15 10.1791 1999.99 -4397.44
2.155 10.2785 1999.99 -4440.38
2.16 10.3771 1999.99 -4482.98
2.165 10.4737 2000 -4524.69
2.17 10.566 2000 -4564.56
2.175 10.6513 2000 -4601.4
2.18 10.7272 2000 -4634.21
2.185 10.7925 2000 -4662.4
2.19 10.8467 2000 -4685.8
2.195 10.8899 2000 -4704.49
2.2 10.9226 2000 -4718.57
2.205 10.9445 2000 -4728.05
2.21 10.9554 2000 -4732.77
2.215 10.9546 2000 -4732.4
2.22 10.9399 1999.99 -4726.06
2.225 10.9112 1999.99 -4713.64
2.23 10.8684 1999.99 -4695.15
2.235 10.8116 1999.99 -4670.61
2.24 10.7409 2000 -4640.09
2.245 10.6568 2000 -4603.77
2.25 10.5604 2000 -4562.11
2.255 10.4537 2000 -4515.99
2.26 10.3395 2000 -4466.68
2.265 10.2214 2000 -4415.65
2.27 10.1023 2000 -4364.21
2.275 9.98431 2000 -4313.22
2.28 9.86801 2000 -4262.98
2.285 9.75319 2000 -4213.38
2.29 9.63922 2000 -4164.15
2.295 9.52566 2000 -4115.09
2.3 9.41223 2000 -4066.09
2.305 9.29864 2000 -4017.01
2.31 9.18424 2000 -3967.59
2.315 9.06792 2000 -3917.34
2.32 8.94804 2000 -3865.55
2.325 8.82273 2000 -3811.42
2.33 8.69003 2000 -3754.09
2.335 8.54781 2000 -3692.65
2.34 8.39343 2000 -3625.96
2.345 8.2234 2000 -3552.51
2.35 8.03343 2000 -3470.44
2.355 7.81899 2000 -3377.8
2.36 7.57613 2000 -3272.89
2.365 7.30216 2000 -3154.53
2.37 6.99583 2000 -3022.2
2.375 6.65734 2000 -2875.97
2.38 6.28824 2000 -2716.52
2.385 5.89138 2000 -2545.08
2.39 5.47078 2000 -2363.38
2.395 5.03115 2000 -2173.46
2.4 4.57738 2000 -1977.43
2.405 4.11378 2000 -1777.15
2.41 3.64348 2000 -1573.99
2.415 3.1683 2000 -1368.71
2.42 2.68905 2000 -1161.67
2.425 2.20592 2000 -952.957
2.43 1.71868 2000 -742.468
2.435 1.22668 2000 -529.925
2.44 0.728915 2000 -314.891
2.445 0.224041 2000 -96.7853
2.45 -0.289531 2000 125.078
2.455 -0.813417 2000 351.4
2.46 -1.34911 1999.99 582.817
2.465 -1.89742 1999.99 819.694
2.47 -2.4584 1999.98 1062.05
2.475 -3.03103 1999.95 1309.43
2.48 -3.61084 1999.84 1559.9
2.485 -4.1851 1999.57 1807.69
2.49 -4.73324 1999.35 2044.91
2.495 -5.28588 1999.46 2283.69
2.5 -5.83988 1999.56 2523.06
2.505 -6.39198 1999.63 2761.61
2.51 -6.93862 1999.69 2997.81
2.515 -7.47625 1999.74 3230.13
2.52 -8.00166 1999.78 3457.18
2.525 -8.51213 1999.81 3677.78
2.53 -9.00548 1999.83 3890.98
2.535 -9.47996 1999.85 4096.02
2.54 -9.93404 1999.86 4292.23
2.545 -10.3664 1999.88 4479.02
2.55 -10.7757 1999.89 4655.87
2.555 -11.1613 1999.9 4822.4
2.56 -11.5225 1999.91 4978.4
2.565 -11.8591 1999.92 5123.77
2.57 -12.1713 1999.93 5258.6
2.575 -12.4598 1999.94 5383.15
2.58 -12.7257 1999.95 5497.95
2.585 -12.9709 1999.95 5603.84
2.59 -13.1982 1999.96 5701.96
2.595 -13.4105 1999.96 5793.64
2.6 -13.6111 1999.97 5880.26
2.605 -13.8027 1999.97 5962.99
2.61 -13.9871 1999.98 6042.62
2.615 -14.1648 1999.98 6119.37
2.62 -14.3352 1999.98 6192.97
2.625 -14.4969 1999.98 6262.78
2.63 -14.6478 1999.99 6327.95
2.635 -14.7858 1999.99 6387.55
2.64 -14.9087 1999.99 6440.63
2.645 -15.0142 1999.99 6486.21
2.65 -15.1001 1999.99 6523.28
2.655 -15.1636 1999.99 6550.73
2.66 -15.2024 1999.99 6567.48
2.665 -15.214 2000 6572.47
2.67 -15.1932 1999.95 6563.6
2.675 -15.1371 1999.92 6539.43
2.68 -15.0452 1999.94 6499.69
2.685 -14.9178 1999.95 6444.64
2.69 -14.7578 1999.96 6375.51
2.695 -14.5705 1999.97 6294.54
2.7 -14.363 1999.97 6204.88
2.705 -14.1439 1999.98 6110.23
2.71 -13.922 1999.98 6014.37
2.715 -13.7052 1999.99 5920.69
2.72 -13.4996 1999.99 5831.85
2.725 -13.3093 1999.99 5749.67
2.73 -13.1367 1999.99 5675.06
2.735 -12.9817 1999.99 5608.11
2.74 -12.843 2000 5548.2
2.745 -12.7179 2000 5494.12
2.75 -12.6028 2000 5444.41
2.755 -12.4942 2000 5397.52
2.76 -12.3893 2000 5352.18
2.765 -12.2858 2000 5307.45
2.77 -12.1824 2000 5262.81
2.775 -12.0789 2000 5218.08
2.78 -11.9753 2000 5173.32
2.785 -11.8722 2000 5128.81
2.79 -11.7706 2000 5084.88
2.795 -11.6713 2000 5041.99
2.8 -11.5754 2000 5000.59
2.805 -11.4843 2000 4961.21
2.81 -11.399 2000 4924.37
2.815 -11.321 2000 4890.68
2.82 -11.2519 2000 4860.84
2.825 -11.1938 2000 4835.72
2.83 -11.149 2000 4816.38
2.835 -11.1205 2000 4804.07
2.84 -11.1114 2000 4800.11
2.845 -11.1246 2000 4805.83
2.85 -11.1631 2000 4822.47
2.855 -11.2296 2000 4851.21
2.86 -11.3267 2000 4893.15
2.865 -11.4567 2000 4949.27
2.87 -11.6211 2000 5020.32
2.875 -11.8211 2000 5106.71
2.88 -12.057 2000 5208.6
2.885 -12.3289 2000 5326.1
2.89 -12.6375 2000 5459.4
2.895 -12.9837 2000 5608.96
2.9 -13.3694 2000 5775.56
2.905 -13.7966 2000 5960.15
2.91 -14.2676 2000 6163.61
2.915 -14.7834 2000 6386.47
2.92 -15.3255 1999.74 6621.61
2.925 -15.8526 1999.23 6851.1
2.93 -16.4208 1999.34 7096.43
2.935 -17.0268 1999.44 7357.63
2.94 -17.6677 1999.51 7633.96
2.945 -18.3425 1999.58 7925.22
2.95 -19.0521 1999.64 8231.66
2.955 -19.7979 1999.69 8553.79
2.96 -20.5817 1999.72 8892.33
2.965 -21.4056 1999.73 9248.16
2.97 -22.2722 1999.73 9622.53
2.975 -23.1701 1999.81 10012.5
2.98 -24.1086 1999.88 10419.8
2.985 -25.0849 1999.96 10843.7
2.99 -26.1059 2000 11286.2
2.995 -27.1355 2000.21 11736.4
3 -28.1573 2000.67 12185.3
3.005 -29.2125 2000.86 12643.2
3.01 -30.239 2001.18 13091.2
3.015 -31.2971 2001.21 13547.4
3.02 -32.3262 2001.52 13994.8
3.025 -33.316 2001.85 14426.1
3.03 -34.3637 2001.42 14873.1
3.035 -35.4041 2001.36 15320.5
3.04 -36.3728 2001.74 15743.3
3.045 -37.3804 2001.43 16176
3.05 -38.4101 2001.08 16616.8
3.055 -39.3864 2001.54 17041.3
3.06 -40.3359 2001.86 17455.1
3.065 -41.2734 2001.78 17862.9
3.07 -42.1874 2001.89 18263
3.075 -43.1011 2001.89 18658.3
3.08 -43.9418 2002.18 19024.2
3.085 -44.7504 2002.19 19376.3
3.09 -45.5321 2002.13 19715.6
3.095 -46.2769 2002.25 20032
3.1 -46.9457 2002.65 20324.6
3.105 -47.5666 2003.02 20598
3.11 -48.1582 2002.92 20852.5
3.115 -48.6883 2002.94 21084.3
3.12 -49.1866 2003.06 21299.4
3.125 -49.6743 2002.78 21503.3
3.13 -50.1324 2002.2 21698.9
3.135 -50.5627 2002.28 21881.6
3.14 -50.961 2002.12 22052.3
3.145 -51.3092 2001.8 22207.4
3.15 -51.6214 2001.48 22347.6
3.155 -51.8658 2001 22463.7
3.16 -51.966 2000.84 22529.3
3.165 -51.8747 2000.19 22527.3
3.17 -51.7053 1998.95 22466.8
3.175 -51.564 1998.55 22385.9
3.18 -51.2508 1998.53 22259.3
3.185 -50.9128 1998.63 22110.2
3.19 -50.565 1998.63 21945.9
3.195 -50.1777 1998.45 21767
3.2 -49.7011 1997.9 21559.9
3.205 -49.242 1997.98 21348.1
3.21 -48.7784 1998.29 21131.9
3.215 -48.288 1998.36 20908.2
3.22 -47.7711 1998.38 20676.5
3.225 -47.2354 1998.39 20439.3
3.23 -46.6479 1998.05 20185.5
3.235 -46.0527 1997.99 19925.8
3.24 -45.4956 1998.48 19672.2
3.245 -45.0975 1999.32 19476.8
3.25 -44.6346 1999.21 19275.8
3.255 -44.1537 1999.04 19069.4
3.26 -43.6526 1998.81 18857.2
3.265 -43.142 1998.43 18639.7
3.27 -42.735 1998.64 18456.1
3.275 -42.6346 2000.4 18365.6
3.28 -42.5285 2001.28 18298.2
3.285 -42.3212 2000.77 18224.6
3.29 -42.1084 1999.98 18146.5
3.295 -42.1098 2000.41 18137.9
3.3 -42.0586 2000.23 18126.5
3.305 -42.0111 2000.08 18114.6
3.31 -41.9661 1999.95 18102.1
3.315 -41.9564 2000.28 18098.7
3.32 -41.9519 2000.46 18098.5
3.325 -41.9351 2000.29 18096.3
3.33 -41.9197 2000.14 18093.8
3.335 -41.8909 1999.64 18086.8
3.34 -41.868 1999.42 18080.2
3.345 -41.8509 1999.45 18074.4
3.35 -41.8341 1999.48 18068.4
3.355 -41.8177 1999.51 18062.4
3.36 -41.8015 1999.53 18056.2
3.365 -41.7858 1999.55 18050.1
3.37 -41.7677 1999.48 18043.1
3.375 -41.7473 1999.39 18035.2
3.38 -41.7314 1999.48 18028.4
3.385 -41.7166 1999.55 18022
3.39 -41.7031 1999.62 18016.1
3.395 -41.6909 1999.67 18010.9
3.4 -41.6803 1999.72 18006.2
3.405 -41.6712 1999.76 18002.3
3.41 -41.6639 1999.8 17999.1
3.415 -41.6584 1999.83 17996.7
3.42 -41.6547 1999.86 17995
3.425 -41.6529 1999.89 17994.2
3.43 -41.6531 1999.91 17994.3
3.435 -41.5619 1999.59 17968.9
3.44 -41.4375 1999.41 17923.1
3.445 -41.2992 1999.51 17858.8
3.45 -41.1116 1999.58 17773.8
3.455 -40.8782 1999.67 17668.7
3.46 -40.6031 1999.72 17545.5
3.465 -40.2942 1999.66 17407.7
3.47 -39.9613 1999.57 17259.3
3.475 -39.612 1999.46 17103.5
3.48 -39.253 1999.34 16943.5
3.485 -38.8899 1999.23 16782.1
3.49 -38.5267 1999.13 16621.2
3.495 -38.1658 1999.06 16462.1
3.5 -37.8084 1999.01 16305.5
3.505 -37.453 1998.87 16150.9
3.51 -37.102 1998.78 15999.1
3.515 -36.7563 1998.81 15850
3.52 -36.4128 1998.86 15702.5
3.525 -36.0705 1998.91 15555.9
3.53 -35.7253 1999.32 15407.4
3.535 -35.3723 1999.5 15256.3
3.54 -34.9966 2000.24 15098.8
3.545 -34.5866 2001.11 14926.6
3.55 -34.1658 2000.8 14745.9
3.555 -33.74 2000.54 14563
3.56 -33.309 2000.33 14377.9
3.565 -32.873 2000.13 14190.5
3.57 -32.436 1999.86 14002.4
3.575 -31.9913 1999.77 13811.8
3.58 -31.4994 2000.45 13602.6
3.585 -30.9999 2000.24 13384.9
3.59 -30.4898 1999.97 13165
3.595 -29.9753 1999.78 12943.4
3.6 -29.3988 2000.94 12702.2
3.605 -28.821 2001.04 12454.5
3.61 -28.2398 2000.64 12202.2
3.615 -27.6452 2000.28 11944.4
3.62 -27.0693 1999.74 11688.3
3.625 -26.4792 1999.56 11432
3.63 -25.8623 1999.11 11168.2
3.635 -25.0521 2002.56 10846.5
3.64 -24.0552 2007.16 10451.2
3.645 -22.761 2011.16 9933.73
3.65 -21.0698 2014.44 9245.39
3.655 -19.0625 2015.77 8403.37
3.66 -16.5854 2017.85 7372.36
3.665 -13.8234 2018.54 6195.45
3.67 -10.6659 2018.2 4846.1
3.675 -7.13448 2017.81 3340.15
3.68 -3.7196 2015.29 1830.46
3.685 -0.345671 2013.76 316.182
3.69 3.15195 2013.11 -1228.09
3.695 7.11587 2013.19 -2900.72
3.7 11.8576 2012.4 -4837.67
3.705 16.9802 2009.54 -6966.93
3.71 21.553 2003.92 -8979.61
3.715 25.7711 2002.48 -10889.9
3.72 29.5026 2003.87 -12599
3.725 32.7275 2005.57 -14088.6
3.73 35.7982 2005.72 -15462
3.735 38.6018 2006.69 -16710
3.74 41.1216 2008.41 -17848.8
3.745 43.3237 2009.72 -18846.2
3.75 45.3397 2010.45 -19727.5
3.755 47.0112 2012.13 -20479.2
3.76 48.4902 2012.88 -21117
3.765 49.7918 2011.91 -21668.6
3.77 50.842 2010.75 -22129.8
3.775 51.611 2009.62 -22486.2
3.78 51.5415 2006.55 -22597.6
3.785 50.7068 2001.36 -22368.8
3.79 49.8168 1997.31 -21956.5
3.795 48.7731 1995.26 -21466.2
3.8 47.6453 1994.07 -20921.2
3.805 46.4664 1994.29 -20342.9
3.81 45.1314 1993.69 -19716.2
3.815 44.3379 1996.93 -19238.1
3.82 43.3498 1997.69 -18752.2
3.825 42.6308 1999.32 -18376.2
3.83 42.4868 2001.86 -18225
3.835 42.2887 2001.37 -18129.6
3.84 42.2652 2001.97 -18107.1
3.845 42.1916 2001.97 -18096.2
3.85 42.1294 2001.5 -18089.3
3.855 42.0299 2000.31 -18071.7
3.86 41.9499 1999.84 -18055
3.865 41.8685 1999.25 -18035
3.87 41.7796 1998.61 -18009.7
3.875 41.7051 1998.58 -17985.8
3.88 41.6329 1998.54 -17961.5
3.885 41.5624 1998.49 -17936.6
3.89 41.5467 1999.53 -17926.7
3.895 41.5167 1999.89 -17914.8
3.9 41.4736 1999.67 -17900.8
3.905 41.4322 1999.5 -17886.6
3.91 41.3918 1999.35 -17872.2
3.915 41.3521 1999.22 -17857.5
3.92 41.3128 1999.11 -17842.6
3.925 41.2737 1999.02 -17827.3
3.93 41.2209 1998.36 -17807.7
3.935 41.1743 1998.18 -17789
3.94 41.1328 1998.35 -17771.2
3.945 41.0922 1998.48 -17753.8
3.95 41.0527 1998.6 -17736.9
3.955 41.0147 1998.7 -17720.5
3.96 40.9783 1998.8 -17704.7
3.965 40.9413 1998.77 -17689.1
3.97 40.9056 1998.8 -17673.8
3.975 40.8743 1998.97 -17660
3.98 40.847 1999.1 -17648
3.985 40.8243 1999.23 -17637.9
3.99 40.8066 1999.34 -17630
3.995 40.7946 1999.45 -17624.5
4 40.7886 1999.55 -17621.7
4.005 40.7861 1999.67 -17620.9
4.01 40.6565 1997.81 -17581.9
4.015 40.4915 1996.59 -17519
4.02 40.3205 1997.21 -17439.4
4.025 40.0919 1997.64 -17335.1
4.03 39.8175 1997.96 -17210.8
4.035 39.5096 1998.19 -17071.6
4.04 39.1813 1998.22 -16923.1
4.045 38.846 1998.19 -16771.4
4.05 38.5134 1998.13 -16621.4
4.055 38.1922 1998.14 -16477
4.06 37.8855 1998.14 -16340.2
4.065 37.5924 1998.5 -16211.1
4.07 37.3088 1998.86 -16087
4.075 37.0349 1998.84 -15968.6
4.08 36.7765 1998.86 -15857.9
4.085 36.5328 1998.89 -15754.1
4.09 36.2996 1998.87 -15655.9
4.095 36.0545 1999.75 -15554.2
4.1 35.8139 1999.67 -15452.4
4.105 35.5862 1999.67 -15356
4.11 35.3698 1999.68 -15264.4
4.115 35.1647 1999.7 -15177.6
4.12 34.9709 1999.72 -15095.5
4.125 34.7882 1999.74 -15018.1
4.13 34.6167 1999.76 -14945.4
4.135 34.4563 1999.78 -14877.4
4.14 34.307 1999.8 -14813.9
4.145 34.1686 1999.81 -14755.2
4.15 34.0412 1999.83 -14701
4.155 33.9244 1999.83 -14651.2
4.16 33.8184 1999.82 -14606.1
4.165 33.7229 1999.84 -14565.4
4.17 33.6371 1999.87 -14528.8
4.175 33.5612 1999.84 -14496.3
4.18 33.4953 1999.82 -14468.1
4.185 33.4389 1999.85 -14444
4.19 33.391 1999.87 -14423.6
4.195 33.3518 1999.89 -14406.9
4.2 33.3211 1999.91 -14393.8
4.205 33.2989 1999.93 -14384.4
4.21 33.285 1999.94 -14378.5
4.215 33.2795 1999.95 -14376.2
4.22 33.295 1999.88 -14381.1
4.225 33.343 1999.81 -14399.9
4.23 33.4163 1999.84 -14432.4
4.235 33.5209 1999.88 -14478.3
4.24 33.6553 1999.91 -14537.1
4.245 33.8178 1999.94 -14608.1
4.25 34.0052 1999.94 -14690.2
4.255 34.2144 1999.93 -14782.1
4.26 34.4457 2000 -14883.3
4.265 34.6939 2000.07 -14992.3
4.27 34.9554 2000.14 -15107.3
4.275 35.2261 2000.22 -15226.5
4.28 35.5021 2000.3 -15348.2
4.285 35.7799 2000.37 -15470.6
4.29 36.0563 2000.43 -15592.4
4.295 36.3292 2000.47 -15712.3
4.3 36.5972 2000.49 -15829.6
4.305 36.8594 2000.51 -15944
4.31 37.1156 2000.5 -16055.3
4.315 37.366 2000.49 -16163.7
4.32 37.6114 2000.48 -16269.1
4.325 37.8511 2000.47 -16371.5
4.33 38.0842 2000.41 -16471.5
4.335 38.3061 2000.15 -16567.5
4.34 38.5198 1999.82 -16660.1
4.345 38.7334 1999.72 -16751.4
4.35 38.9484 1999.8 -16842.4
4.355 39.1338 1999.2 -16924.6
4.36 39.3244 1998.98 -17006.7
4.365 39.5228 1999.19 -17089.9
4.37 39.7179 1999.36 -17172
4.375 39.8789 1998.82 -17244.1
4.38 40.0485 1998.71 -17317.1
4.385 40.1773 1998.27 -17377.2
4.39 40.2147 1997.1 -17408.6
4.395 40.1723 1996.41 -17404.9
4.4 40.1711 1996.94 -17399.6
4.405 40.1536 1996.48 -17386.8
4.41 40.1138 1995.97 -17365.8
4.415 40.0832 1996.72 -17345.8
4.42 40.0494 1997.34 -17325.7
4.425 40.013 1997.84 -17305.5
4.43 39.9749 1998.25 -17285.4
4.435 39.9355 1998.58 -17265.4
4.44 39.8661 1997.24 -17236.6
4.445 39.7876 1996.73 -17202.7
4.45 39.7083 1997.28 -17166.4
4.455 39.6269 1997.56 -17129.5
4.46 39.5625 1998.29 -17097.6
4.465 39.508 1998.76 -17070.7
4.47 39.4459 1998.77 -17043.8
4.475 39.3818 1998.77 -17016
4.48 39.3044 1998.03 -16983.7
4.485 39.1065 1996.22 -16905.7
4.49 0.0701106 -84.6672 -33.9994
