0.1 0 200 -6.21725e-14 -0 -200 6.21725e-14
0.2 -2.92171e-32 400 -9.05942e-14 2.92171e-32 -400 9.05942e-14
0.3 2.92171e-32 600 7.4607e-14 -2.92171e-32 -600 -7.4607e-14
0.4 7.59644e-31 800 -1.3145e-13 -7.59644e-31 -800 1.3145e-13
0.5 3.50605e-31 1000 -2.45137e-13 -3.50605e-31 -1000 2.45137e-13
0.6 7.59644e-31 1200 -1.35003e-13 -7.59644e-31 -1200 1.35003e-13
0.7 5.84341e-31 1400 -3.55271e-13 -5.84341e-31 -1400 3.55271e-13
0.8 -1.86989e-30 1600 -2.91323e-13 1.86989e-30 -1600 2.91323e-13
0.9 1.86989e-30 1800 5.32907e-13 -1.86989e-30 -1800 -5.32907e-13
1 4.67473e-31 2000 -5.04485e-13 -4.67473e-31 -2000 5.04485e-13
0.005 -0.00109711 2000 0.474999 0.00109711 -2000 -0.00104845
0.01 -0.00547887 2000 2.36875 0.00547887 -2000 -0.00187846
0.015 -0.0142285 2000 6.14821 0.0142285 -2000 -0.00150927
0.02 -0.0273306 2000 11.8081 0.0273306 -2000 -0.00125056
0.025 -0.0447688 2000 19.3412 0.0447688 -2000 -0.00107299
0.03 -0.0665262 2000 28.7403 0.0665262 -2000 -0.000971254
0.035 -0.0925849 2000 39.9976 0.0925849 -2000 -0.000940532
0.04 -0.122926 2000 53.1051 0.122926 -2000 -0.000976947
0.045 -0.157531 2000 68.0544 0.157531 -2000 -0.00107742
0.05 -0.196378 2000 84.8366 0.196378 -2000 -0.00123957
0.055 -0.239447 2000 103.443 0.239447 -2000 -0.00146154
0.06 -0.286717 2000 123.863 0.286717 -2000 -0.00174201
0.065 -0.338164 2000 146.089 0.338164 -2000 -0.00208012
0.07 -0.393769 2000 170.111 0.393769 -2000 -0.00247541
0.075 -0.453512 2000 195.92 0.453512 -2000 -0.00292785
0.08 -0.517375 2000 223.509 0.517375 -2000 -0.00338179
0.085 -0.585336 2000 252.869 0.585336 -2000 -0.00384069
0.09 -0.657375 2000 283.99 0.657375 -2000 -0.00436298
0.095 -0.733468 2000 316.863 0.733468 -2000 -0.00494852
0.1 -0.813591 2000 351.477 0.813591 -2000 -0.00559681
0.105 -0.89772 2000 387.821 0.89772 -2000 -0.0063089
0.11 -0.985824 2000 425.883 0.985824 -2000 -0.00708578
0.115 -1.07787 2000 465.646 1.07787 -2000 -0.00792893
0.12 -1.17381 2000 507.095 1.17381 -2000 -0.00884021
0.125 -1.27362 2000 550.216 1.27362 -2000 -0.0098224
0.13 -1.37729 2000 595.001 1.37729 -2000 -0.0108795
0.135 -1.4848 2000 641.445 1.4848 -2000 -0.0120165
0.14 -1.59613 2000 689.541 1.59613 -2000 -0.0132393
0.145 -1.71126 2000 739.279 1.71126 -2000 -0.0145537
0.15 -1.83017 2000 790.648 1.83017 -2000 -0.0159666
0.155 -1.95282 2000 843.634 1.95282 -2000 -0.0174847
0.16 -2.07917 2000 898.219 2.07917 -2000 -0.019115
0.165 -2.20918 2000 954.387 2.20918 -2000 -0.0208652
0.17 -2.34283 2000 1012.13 2.34283 -2000 -0.0227445
0.175 -2.4801 2000 1071.43 2.4801 -2000 -0.0247632
0.18 -2.62092 2000 1132.27 2.62092 -2000 -0.0269307
0.185 -2.76526 2000 1194.62 2.76526 -2000 -0.029255
0.19 -2.91303 2000 1258.46 2.91303 -2000 -0.0317434
0.195 -3.0642 2000 1323.77 3.0642 -2000 -0.034404
0.2 -3.21873 2000 1390.53 3.21873 -2000 -0.0372466
0.205 -3.37661 2000 1458.74 3.37661 -2000 -0.0402821
0.21 -3.53784 2000 1528.39 3.53784 -2000 -0.0435218
0.215 -3.70243 2000 1599.49 3.70243 -2000 -0.0469749
0.22 -3.87033 1999.99 1672.03 3.87033 -1999.99 -0.0506459
0.225 -4.04153 1999.99 1746 4.04153 -1999.99 -0.0545331
0.23 -4.21599 1999.99 1821.37 4.21599 -1999.99 -0.0586302
0.235 -4.39367 1999.99 1898.13 4.39367 -1999.99 -0.0629251
0.24 -4.57452 1999.99 1976.26 4.57452 -1999.99 -0.0674003
0.245 -4.75853 1999.99 2055.76 4.75853 -1999.99 -0.072032
0.25 -4.94562 1999.99 2136.59 4.94562 -1999.99 -0.0767882
0.255 -5.13573 1999.99 2218.72 5.13573 -1999.99 -0.0816255
0.26 -5.32876 1999.99 2302.11 5.32876 -1999.99 -0.0864891
0.265 -5.52463 1999.99 2386.73 5.52463 -1999.99 -0.0913213
0.27 -5.72334 1999.99 2472.58 5.72334 -1999.99 -0.0960715
0.275 -5.9249 1999.99 2559.66 5.9249 -1999.99 -0.100697
0.28 -6.12933 1999.99 2647.98 6.12933 -1999.99 -0.105153
0.285 -6.3366 1999.99 2737.52 6.3366 -1999.99 -0.109382
0.29 -6.54665 1999.99 2828.26 6.54665 -1999.99 -0.113323
0.295 -6.75941 1999.99 2920.18 6.75941 -1999.99 -0.116915
0.3 -6.97478 1999.99 3013.23 6.97478 -1999.99 -0.120095
0.305 -7.19265 1999.99 3107.35 7.19265 -1999.99 -0.12281
0.31 -7.41292 1999.99 3202.51 7.41292 -1999.99 -0.125026
0.315 -7.63553 1999.99 3298.68 7.63553 -1999.99 -0.126733
0.32 -7.86043 1999.99 3395.83 7.86043 -1999.99 -0.127924
0.325 -8.08756 1999.99 3493.95 8.08756 -1999.99 -0.128578
0.33 -8.31683 1999.99 3593 8.31683 -1999.99 -0.12869
0.335 -8.54816 1999.99 3692.93 8.54816 -1999.99 -0.128281
0.34 -8.78154 1999.99 3793.75 8.78154 -1999.99 -0.127392
0.345 -9.01698 1999.99 3895.46 9.01698 -1999.99 -0.126078
0.35 -9.25447 1999.99 3998.06 9.25447 -1999.99 -0.124394
0.355 -9.49403 1999.98 4101.54 9.49403 -1999.98 -0.122398
0.36 -9.7357 1999.98 4205.94 9.7357 -1999.98 -0.120153
0.365 -9.97955 1999.98 4311.28 9.97955 -1999.98 -0.117722
0.37 -10.2256 1999.98 4417.58 10.2256 -1999.98 -0.115165
0.375 -10.4739 1999.98 4524.82 10.4739 -1999.98 -0.112529
0.38 -10.7243 1999.98 4633 10.7243 -1999.98 -0.109856
0.385 -10.9768 1999.98 4742.09 10.9768 -1999.98 -0.107186
0.39 -11.2313 1999.98 4852.04 11.2313 -1999.98 -0.104548
0.395 -11.4877 1999.98 4962.79 11.4877 -1999.98 -0.101968
0.4 -11.7458 1999.98 5074.27 11.7458 -1999.98 -0.0994693
0.405 -12.0054 1999.98 5186.43 12.0054 -1999.98 -0.097079
0.41 -12.2666 1999.98 5299.26 12.2666 -1999.98 -0.0948269
0.415 -12.5292 1999.98 5412.72 12.5292 -1999.98 -0.0927418
0.42 -12.7933 1999.98 5526.81 12.7933 -1999.98 -0.0908468
0.425 -13.0589 1999.98 5641.51 13.0589 -1999.98 -0.0891593
0.43 -13.3258 1999.98 5756.83 13.3258 -1999.98 -0.0876956
0.435 -13.5942 1999.98 5872.8 13.5942 -1999.98 -0.0864731
0.44 -13.8643 1999.98 5989.46 13.8643 -1999.98 -0.0855079
0.445 -14.136 1999.98 6106.84 14.136 -1999.98 -0.0848052
0.45 -14.4093 1999.98 6224.88 14.4093 -1999.98 -0.0843531
0.455 -14.6839 1999.98 6343.52 14.6839 -1999.98 -0.0841259
0.46 -14.9596 1999.98 6462.64 14.9596 -1999.98 -0.0840921
0.465 -15.2362 1999.98 6582.14 15.2362 -1999.98 -0.084216
0.47 -15.5134 1999.98 6701.88 15.5134 -1999.98 -0.0844628
0.475 -15.791 1999.98 6821.8 15.791 -1999.98 -0.084809
0.48 -16.0689 1999.98 6941.87 16.0689 -1999.98 -0.0852445
0.485 -16.3472 1999.98 7062.07 16.3472 -1999.98 -0.085764
0.49 -16.6257 1999.98 7182.39 16.6257 -1999.98 -0.08636
0.495 -16.9044 1999.98 7302.78 16.9044 -1999.98 -0.0870216
0.5 -17.1832 1999.98 7423.24 17.1832 -1999.98 -0.0877386
0.505 -17.4623 1999.98 7543.8 17.4623 -1999.98 -0.088511
0.51 -17.7418 1999.98 7664.53 17.7418 -1999.98 -0.0893521
0.515 -18.0218 1999.98 7785.51 18.0218 -1999.98 -0.0902749
0.52 -18.3025 1999.98 7906.76 18.3025 -1999.98 -0.0912808
0.525 -18.5838 1999.98 8028.31 18.5838 -1999.98 -0.0923655
0.53 -18.8659 1999.98 8150.17 18.8659 -1999.98 -0.0935207
0.535 -19.1486 1999.98 8272.3 19.1486 -1999.98 -0.0947259
0.54 -19.4318 1999.98 8394.62 19.4318 -1999.98 -0.0959522
0.545 -19.7153 1999.98 8517.09 19.7153 -1999.98 -0.0971755
0.55 -19.9989 1999.98 8639.63 19.9989 -1999.98 -0.0983744
0.555 -20.2825 1999.98 8762.14 20.2825 -1999.98 -0.0995221
0.56 -20.5658 1999.98 8884.51 20.5658 -1999.98 -0.100589
0.565 -20.8485 1999.98 9006.67 20.8485 -1999.98 -0.101557
0.57 -21.1307 1999.98 9128.57 21.1307 -1999.98 -0.10242
0.575 -21.4122 1999.98 9250.18 21.4122 -1999.98 -0.103186
0.58 -21.693 1999.98 9371.5 21.693 -1999.98 -0.103862
0.585 -21.9731 1999.98 9492.49 21.9731 -1999.98 -0.104454
0.59 -22.2524 1999.98 9613.13 22.2524 -1999.98 -0.104965
0.595 -22.5308 1999.98 9733.41 22.5308 -1999.98 -0.105402
0.6 -22.8085 1999.98 9853.37 22.8085 -1999.98 -0.105781
0.605 -23.085 1999.99 9972.9 23.085 -1999.99 -0.174653
0.61 -23.358 2000 10091.1 23.358 -2000 -0.474188
0.615 -23.6317 1999.99 10209.3 23.6317 -1999.99 -0.40222
0.62 -23.9046 1999.99 10327.1 23.9046 -1999.99 -0.344932
0.625 -24.1734 2000 10443.6 24.1734 -2000 -0.740347
0.63 -24.4412 2000.01 10559.5 24.4412 -2000.01 -0.926784
0.635 -24.7093 2000.01 10675.2 24.7093 -2000.01 -0.765457
0.64 -24.9764 2000 10790.4 24.9764 -2000 -0.637174
0.645 -25.2431 2000 10905.5 25.2431 -2000 -0.535171
0.65 -25.5097 2000 11020.6 25.5097 -2000 -0.453159
0.655 -25.7642 2000.05 11132.2 25.7642 -2000.05 -2.05169
0.66 -26.0199 2000.08 11243.4 26.0199 -2000.08 -2.79287
0.665 -26.2802 2000.06 11355.3 26.2802 -2000.06 -2.26418
0.67 -26.5399 2000.04 11467.1 26.5399 -2000.04 -1.84412
0.675 -26.7982 2000.03 11578.4 26.7982 -2000.03 -1.51011
0.68 -27.0544 2000.02 11688.7 27.0544 -2000.02 -1.24103
0.685 -27.3073 2000.02 11797.8 27.3073 -2000.02 -1.02402
0.69 -27.5562 2000.01 11905.1 27.5562 -2000.01 -0.848761
0.695 -27.801 2000.01 12010.7 27.801 -2000.01 -0.707026
0.7 -28.0338 2000.05 12111.9 28.0338 -2000.05 -1.30499
0.705 -28.2621 2000.07 12210.8 28.2621 -2000.07 -1.55758
0.71 -28.4813 2000.1 12306.2 28.4813 -2000.1 -2.31797
0.715 -28.6954 2000.11 12399.2 28.6954 -2000.11 -2.81014
0.72 -28.9103 2000.09 12491.5 28.9103 -2000.09 -2.2801
0.725 -29.1168 2000.11 12580.8 29.1168 -2000.11 -2.35191
0.73 -29.3187 2000.11 12668 29.3187 -2000.11 -2.2981
0.735 -29.5188 2000.09 12754 29.5188 -2000.09 -1.87065
0.74 -29.7152 2000.07 12838.5 29.7152 -2000.07 -1.52599
0.745 -29.9077 2000.05 12921.4 29.9077 -2000.05 -1.24788
0.75 -30.0963 2000.04 13002.6 30.0963 -2000.04 -1.02333
0.755 -30.2807 2000.03 13082.1 30.2807 -2000.03 -0.841874
0.76 -30.4615 2000.02 13160.1 30.4615 -2000.02 -0.695161
0.765 -30.6392 2000.02 13236.7 30.6392 -2000.02 -0.57652
0.77 -30.8146 2000.01 13312.4 30.8146 -2000.01 -0.480607
0.775 -30.9784 2000.08 13383.9 30.9784 -2000.08 -1.27704
0.78 -31.1314 2000.16 13450.8 31.1314 -2000.16 -2.10462
0.785 -31.2883 2000.13 13518.2 31.2883 -2000.13 -1.70855
0.79 -31.4411 2000.12 13584.5 31.4411 -2000.12 -1.95931
0.795 -31.5925 2000.12 13650.1 31.5925 -2000.12 -2.11979
0.8 -31.7455 2000.09 13715.8 31.7455 -2000.09 -1.7222
0.805 -31.8977 2000.07 13781.2 31.8977 -2000.07 -1.40217
0.81 -32.0484 2000.06 13846 32.0484 -2000.06 -1.1444
0.815 -32.1968 2000.05 13910 32.1968 -2000.05 -0.936585
0.82 -32.3425 2000.04 13972.7 32.3425 -2000.04 -0.768863
0.825 -32.4851 2000.03 14034.2 32.4851 -2000.03 -0.633324
0.83 -32.6241 2000.02 14094.2 32.6241 -2000.02 -0.523633
0.835 -32.7595 2000.02 14152.5 32.7595 -2000.02 -0.4347
0.84 -32.8908 2000.01 14209.2 32.8908 -2000.01 -0.362431
0.845 -33.0179 2000.01 14264 33.0179 -2000.01 -0.303547
0.85 -33.1407 2000.01 14317 33.1407 -2000.01 -0.255434
0.855 -33.2591 2000 14368.2 33.2591 -2000 -0.216003
0.86 -33.3731 2000 14417.4 33.3731 -2000 -0.183561
0.865 -33.4821 2000 14464.4 33.4821 -2000 -0.156708
0.87 -33.5857 2000 14509.1 33.5857 -2000 -0.134302
0.875 -33.6834 2000 14551.4 33.6834 -2000 -0.115445
0.88 -33.7752 2000 14591 33.7752 -2000 -0.0994506
0.885 -33.8608 2000 14628 33.8608 -2000 -0.0857895
0.89 -33.9404 2000 14662.3 33.9404 -2000 -0.0740483
0.895 -34.014 2000 14694.1 34.014 -2000 -0.0639049
0.9 -34.0817 2000 14723.4 34.0817 -2000 -0.0551102
0.905 -34.1437 2000 14750.1 34.1437 -2000 -0.0474649
0.91 -34.2 2000 14774.4 34.2 -2000 -0.0407896
0.915 -34.2505 2000 14796.3 34.2505 -2000 -0.0349394
0.92 -34.2942 2000.01 14815.2 34.2942 -2000.01 -0.140744
0.925 -34.3298 2000.03 14830.8 34.3298 -2000.03 -0.329867
0.93 -34.362 2000.03 14844.7 34.362 -2000.03 -0.266591
0.935 -34.3902 2000.02 14856.8 34.3902 -2000.02 -0.215416
0.94 -34.4147 2000.02 14867.3 34.4147 -2000.02 -0.174022
0.945 -34.4357 2000.01 14876.4 34.4357 -2000.01 -0.140542
0.95 -34.4533 2000.01 14883.9 34.4533 -2000.01 -0.113461
0.955 -34.4674 2000.01 14890 34.4674 -2000.01 -0.0915532
0.96 -34.4779 2000.01 14894.5 34.4779 -2000.01 -0.0738293
0.965 -34.4848 2000.01 14897.5 34.4848 -2000.01 -0.0594942
0.97 -34.4875 2000 14898.6 34.4875 -2000 -0.0479093
0.975 -34.4849 1999.99 14897.5 34.4849 -1999.99 -0.0778202
0.98 -34.4757 1999.99 14893.6 34.4757 -1999.99 -0.107954
0.985 -34.4599 1999.99 14886.8 34.4599 -1999.99 -0.0868994
0.99 -34.4369 1999.99 14876.8 34.4369 -1999.99 -0.0699506
0.995 -34.4066 1999.99 14863.7 34.4066 -1999.99 -0.0563093
1 -34.3695 1999.99 14847.7 34.3695 -1999.99 -0.0453261
1.005 -34.3258 2000 14828.8 34.3258 -2000 -0.0364851
1.01 -34.2758 2000 14807.2 34.2758 -2000 -0.0293686
1.015 -34.2153 2000.03 14781.4 34.2153 -2000.03 -0.435233
1.02 -34.1465 2000.06 14752 34.1465 -2000.06 -0.700382
1.025 -34.0723 2000.05 14719.8 34.0723 -2000.05 -0.563771
1.03 -33.9912 2000.04 14684.6 33.9912 -2000.04 -0.453806
1.035 -33.9027 2000.03 14646.3 33.9027 -2000.03 -0.36529
1.04 -33.8063 2000.02 14604.6 33.8063 -2000.02 -0.29404
1.045 -33.7011 2000.02 14559.1 33.7011 -2000.02 -0.236686
1.05 -33.5865 2000.02 14509.6 33.5865 -2000.02 -0.19052
1.055 -33.462 2000.01 14455.7 33.462 -2000.01 -0.153358
1.06 -33.3271 2000.01 14397.4 33.3271 -2000.01 -0.123444
1.065 -33.1812 2000.01 14334.4 33.1812 -2000.01 -0.0991701
1.07 -33.0242 2000.01 14266.5 33.0242 -2000.01 -0.079535
1.075 -32.8563 2000 14194 32.8563 -2000 -0.0640178
1.08 -32.6781 2000 14117 32.6781 -2000 -0.051526
1.085 -32.4898 2000 14035.6 32.4898 -2000 -0.0414692
1.09 -32.2917 2000 13950 32.2917 -2000 -0.033372
1.095 -32.0839 2000 13860.3 32.0839 -2000 -0.0268515
1.1 -31.8668 2000 13766.5 31.8668 -2000 -0.0215998
1.105 -31.6403 2000 13668.6 31.6403 -2000 -0.0173684
1.11 -31.4039 2000 13566.5 31.4039 -2000 -0.013958
1.115 -31.1575 2000 13460.1 31.1575 -2000 -0.0112063
1.12 -30.9009 2000 13349.2 30.9009 -2000 -0.00898339
1.125 -30.6241 2000.05 13231.1 30.6241 -2000.05 -1.44418
1.13 -30.3287 2000.14 13104.9 30.3287 -2000.14 -2.92039
1.135 -29.9982 2000.26 12963.5 29.9982 -2000.26 -4.3234
1.14 -29.6621 2000.21 12817.5 29.6621 -2000.21 -3.45867
1.145 -29.3133 2000.17 12666.1 29.3133 -2000.17 -2.77248
1.15 -28.9529 2000.13 12509.9 28.9529 -2000.13 -2.23089
1.155 -28.582 2000.11 12349.2 28.582 -2000.11 -1.79537
1.16 -28.2014 2000.09 12184.5 28.2014 -2000.09 -1.44473
1.165 -27.7961 2000.17 12010.5 27.7961 -2000.17 -2.62514
1.17 -27.3848 2000.18 11833.1 27.3848 -2000.18 -2.85544
1.175 -26.9452 2000.25 11645.6 26.9452 -2000.25 -5.24962
1.18 -26.4827 2000.36 11448 26.4827 -2000.36 -7.50379
1.185 -26.0169 2000.35 11246.2 26.0169 -2000.35 -6.93402
1.19 -25.5401 2000.28 11038.9 25.5401 -2000.28 -5.56438
1.195 -25.0466 2000.23 10824.6 25.0466 -2000.23 -4.47852
1.2 -24.5352 2000.18 10602.8 24.5352 -2000.18 -3.60512
1.205 -24.0022 2000.16 10372.3 24.0022 -2000.16 -3.37904
1.21 -23.4306 2000.2 10127 23.4306 -2000.2 -4.93248
1.215 -22.8518 2000.16 9875.95 22.8518 -2000.16 -3.96976
1.22 -22.2585 2000.13 9618.85 22.2585 -2000.13 -3.19446
1.225 -21.6448 2000.14 9354.25 21.6448 -2000.14 -3.69459
1.23 -21.0219 2000.13 9085.19 21.0219 -2000.13 -3.74989
1.235 -20.3865 2000.13 8810.68 20.3865 -2000.13 -3.69237
1.24 -19.7465 2000.1 8533.45 19.7465 -2000.1 -2.97075
1.245 -19.099 2000.08 8253.14 19.099 -2000.08 -2.39016
1.25 -18.4433 2000.06 7969.42 18.4433 -2000.06 -1.9201
1.255 -17.7778 2000.05 7681.55 17.7778 -2000.05 -1.5421
1.26 -17.1004 2000.04 7388.61 17.1004 -2000.04 -1.23916
1.265 -16.4088 2000.03 7089.61 16.4088 -2000.03 -0.994218
1.27 -15.7011 2000.02 6783.66 15.7011 -2000.02 -0.793467
1.275 -14.9751 2000.02 6469.87 14.9751 -2000.02 -0.635629
1.28 -14.2292 2000.02 6147.53 14.2292 -2000.02 -0.508177
1.285 -13.4624 2000.01 5816.18 13.4624 -2000.01 -0.405126
1.29 -12.6744 2000.01 5475.67 12.6744 -2000.01 -0.328699
1.295 -11.8652 2000 5126.03 11.8652 -2000 -0.263413
1.3 -11.0354 2000 4767.5 11.0354 -2000 -0.197918
1.305 -10.1858 2000 4400.42 10.1858 -2000 -0.147063
1.31 -9.31747 1999.99 4025.23 9.31747 -1999.99 -0.0838874
1.315 -8.43078 1999.98 3642.13 8.43078 -1999.98 -0.0335173
1.32 -7.5264 1999.98 3251.43 7.5264 -1999.98 -0.0311813
1.325 -6.60577 1999.97 2853.7 6.60577 -1999.97 -0.00778298
1.33 -5.67056 1999.96 2449.66 5.67056 -1999.96 0.0255338
1.335 -4.72193 1999.96 2039.88 4.72193 -1999.96 -0.00897845
1.34 -3.76266 1999.94 1625.41 3.76266 -1999.94 0.0615088
1.345 -2.79415 1999.9 1206.97 2.79415 -1999.9 0.107064
1.35 -1.81844 1999.86 785.51 1.81844 -1999.86 0.0556314
1.355 -0.837907 1999.78 361.923 0.837907 -1999.78 0.0533712
1.36 0.145835 1999.67 -63.0142 -0.145835 -1999.67 0.0134573
1.365 1.13583 1999.62 -490.33 -1.13583 -1999.62 -0.350034
1.37 2.13074 1999.46 -917.644 -2.13074 -1999.46 -2.83601
1.375 3.09293 1999.15 -1333.43 -3.09293 -1999.15 -2.71849
1.38 4.02666 1999.08 -1740.55 -4.02666 -1999.08 1.03136
1.385 4.97605 1999.22 -2151.09 -4.97605 -1999.22 1.43892
1.39 5.9316 1999.34 -2563.96 -5.9316 -1999.34 1.51421
1.395 6.89155 1999.43 -2978.78 -6.89155 -1999.43 1.62767
1.4 7.85541 1999.5 -3395.31 -7.85541 -1999.5 1.77257
1.405 8.82269 1999.55 -3813.33 -8.82269 -1999.55 1.93324
1.41 9.79301 1999.59 -4232.67 -9.79301 -1999.59 2.08503
1.415 10.7662 1999.62 -4653.2 -10.7662 -1999.62 2.19978
1.42 11.7423 1999.64 -5074.94 -11.7423 -1999.64 2.2556
1.425 12.7219 1999.65 -5498.11 -12.7219 -1999.65 2.24529
1.43 13.7058 1999.67 -5923.09 -13.7058 -1999.67 2.1782
1.435 14.695 1999.68 -6350.31 -14.695 -1999.68 2.07489
1.44 15.6902 1999.69 -6780.12 -15.6902 -1999.69 1.95879
1.445 16.6918 1999.7 -7212.7 -16.6918 -1999.7 1.84948
1.45 17.7001 1999.71 -7648.21 -17.7001 -1999.71 1.75964
1.455 18.7157 1999.72 -8086.88 -18.7157 -1999.72 1.69496
1.46 19.7393 1999.73 -8529.01 -19.7393 -1999.73 1.65564
1.465 20.7711 1999.74 -8974.77 -20.7711 -1999.74 1.63838
1.47 21.798 1999.8 -9420.14 -21.798 -1999.8 3.41331
1.475 22.8189 1999.9 -9863.91 -22.8189 -1999.9 6.15726
1.48 23.8257 2000.04 -10302.8 -23.8257 -2000.04 10.0685
1.485 24.8209 2000.14 -10735.5 -24.8209 -2000.14 12.8374
1.49 25.8367 2000.07 -11172.2 -25.8367 -2000.07 10.7245
1.495 26.8112 2000.26 -11596.7 -26.8112 -2000.26 14.2838
1.5 27.7503 2000.47 -12006.2 -27.7503 -2000.47 18.0605
1.505 28.6805 2000.59 -12408.1 -28.6805 -2000.59 18.1492
1.51 29.4884 2001.55 -12766.9 -29.4884 -2001.55 27.9454
1.515 30.29 2001.93 -13119.6 -30.29 -2001.93 34.2971
1.52 31.1268 2001.64 -13477.9 -31.1268 -2001.64 31.0627
1.525 31.9764 2001.28 -13839.3 -31.9764 -2001.28 25.4972
1.53 32.7947 2001.29 -14191.1 -32.7947 -2001.29 23.7993
1.535 33.5547 2001.49 -14520.1 -33.5547 -2001.49 24.5162
1.54 34.3131 2001.25 -14845.6 -34.3131 -2001.25 22.3694
1.545 35.0785 2000.97 -15172.5 -35.0785 -2000.97 18.6048
1.55 35.8428 2000.75 -15499.7 -35.8428 -2000.75 15.5881
1.555 36.6061 2000.57 -15827 -36.6061 -2000.57 13.1719
1.56 37.2938 2001.23 -16128 -37.2938 -2001.23 17.043
1.565 37.9921 2001.36 -16429.9 -37.9921 -2001.36 17.27
1.57 38.689 2001.14 -16729.9 -38.689 -2001.14 16.1996
1.575 39.3777 2001 -17027.3 -39.3777 -2001 16.1412
1.58 40.0626 2000.88 -17322.9 -40.0626 -2000.88 15.8605
1.585 40.7236 2000.94 -17611.3 -40.7236 -2000.94 18.6686
1.59 41.3641 2001.18 -17889.8 -41.3641 -2001.18 20.5302
1.595 41.998 2001.21 -18161.7 -41.998 -2001.21 18.5841
1.6 42.6028 2001.22 -18425.4 -42.6028 -2001.22 21.0166
1.605 43.1932 2001.27 -18683.2 -43.1932 -2001.27 23.7804
1.61 43.7881 2001.13 -18939.2 -43.7881 -2001.13 22.6791
1.615 44.3455 2001.15 -19181.2 -44.3455 -2001.15 23.9278
1.62 44.9142 2000.89 -19423.3 -44.9142 -2000.89 20.4207
1.625 45.4375 2001.11 -19652.7 -45.4375 -2001.11 23.6757
1.63 45.9533 2001.19 -19875.4 -45.9533 -2001.19 23.5653
1.635 46.4265 2001.37 -20083.8 -46.4265 -2001.37 27.5583
1.64 46.8671 2001.68 -20276.6 -46.8671 -2001.68 29.9719
1.645 47.3058 2001.57 -20462.9 -47.3058 -2001.57 26.7986
1.65 47.7051 2001.61 -20633.2 -47.7051 -2001.61 24.6067
1.655 48.0994 2001.33 -20799.5 -48.0994 -2001.33 20.5939
1.66 48.4461 2001.45 -20952.4 -48.4461 -2001.45 23.6393
1.665 48.7882 2001.33 -21100.8 -48.7882 -2001.33 24.3017
1.67 49.1246 2001.28 -21243.4 -49.1246 -2001.28 21.5696
1.675 49.441 2001.3 -21377.5 -49.441 -2001.3 18.9623
1.68 49.751 2001.06 -21508 -49.751 -2001.06 15.5559
1.685 50.0549 2000.9 -21635.6 -50.0549 -2000.9 11.8636
1.69 50.3394 2000.7 -21759.4 -50.3394 -2000.7 12.8098
1.695 50.614 2000.56 -21879.4 -50.614 -2000.56 14.1332
1.7 50.8819 2000.4 -21996 -50.8819 -2000.4 15.0313
1.705 51.1396 2000.27 -22108.5 -51.1396 -2000.27 16.2159
1.71 51.3737 2000.74 -22210.2 -51.3737 -2000.74 16.8262
1.715 51.5821 2000.86 -22302.4 -51.5821 -2000.86 18.9176
1.72 51.7704 2000.6 -22386 -51.7704 -2000.6 21.2199
1.725 51.9171 2000.38 -22456.1 -51.9171 -2000.38 27.8726
1.73 52.0017 2000.14 -22503.5 -52.0017 -2000.14 38.7772
1.735 52.0345 2000.12 -22528 -52.0345 -2000.12 49.0558
1.74 52.0116 2000.02 -22525.3 -52.0116 -2000.02 56.2659
1.745 51.9925 1999.74 -22511.3 -51.9925 -1999.74 50.5511
1.75 51.8874 1999.24 -22471.6 -51.8874 -1999.24 56.2791
1.755 51.7698 1999.03 -22421.1 -51.7698 -1999.03 56.5492
1.76 51.6589 1999.08 -22365.7 -51.6589 -1999.08 49.1046
1.765 51.5324 1999.13 -22304.7 -51.5324 -1999.13 42.7288
1.77 51.3738 1999.37 -22234.3 -51.3738 -1999.37 40.8156
1.775 51.193 1999.46 -22154.5 -51.193 -1999.46 39.0774
1.78 50.9661 1999.22 -22055.9 -50.9661 -1999.22 38.5278
1.785 50.7437 1999.35 -21954.2 -50.7437 -1999.35 32.8845
1.79 50.532 1999.71 -21852.8 -50.532 -1999.71 23.0036
1.795 50.3038 1999.86 -21748.4 -50.3038 -1999.86 17.1634
1.8 50.0573 1999.74 -21640.1 -50.0573 -1999.74 15.3934
1.805 49.8018 1999.63 -21528.5 -49.8018 -1999.63 14.1119
1.81 49.5385 1999.56 -21413.7 -49.5385 -1999.56 13.077
1.815 49.2673 1999.51 -21295.5 -49.2673 -1999.51 12.0559
1.82 48.9901 1999.46 -21173.2 -48.9901 -1999.46 9.43728
1.825 48.6819 1999.29 -21041.9 -48.6819 -1999.29 11.2798
1.83 48.3777 1999.32 -20909.1 -48.3777 -1999.32 9.99959
1.835 48.0682 1999.34 -20774.5 -48.0682 -1999.34 9.03558
1.84 47.7736 1999.67 -20641.5 -47.7736 -1999.67 3.31073
1.845 47.6587 2000.81 -20560.1 -47.6587 -2000.81 -28.4873
1.85 47.5006 2001.11 -20482 -47.5006 -2001.11 -38.2726
1.855 47.2954 2000.82 -20401.5 -47.2954 -2000.82 -30.1614
1.86 47.0916 2000.59 -20319.9 -47.0916 -2000.59 -23.6724
1.865 46.888 2000.4 -20237.1 -46.888 -2000.4 -18.4616
1.87 46.6882 2000.29 -20153.6 -46.6882 -2000.29 -15.6864
1.875 46.4858 2000.19 -20068.9 -46.4858 -2000.19 -12.9993
1.88 46.2786 2000.06 -19982.6 -46.2786 -2000.06 -9.76277
1.885 46.1633 2000.52 -19921.2 -46.1633 -2000.52 -21.3374
1.89 46.036 2000.66 -19862.5 -46.036 -2000.66 -25.0386
1.895 45.8827 2000.45 -19801.7 -45.8827 -2000.45 -19.6122
1.9 45.7306 2000.3 -19740.1 -45.7306 -2000.3 -15.5071
1.905 45.5782 2000.17 -19677.6 -45.5782 -2000.17 -12.2177
1.91 45.4236 2000.04 -19613.8 -45.4236 -2000.04 -9.19273
1.915 45.2673 1999.93 -19548.8 -45.2673 -1999.93 -6.71303
1.92 45.1062 1999.79 -19481.6 -45.1062 -1999.79 -4.29012
1.925 44.9391 1999.64 -19411.6 -44.9391 -1999.64 -2.10462
1.93 44.7959 1999.76 -19347 -44.7959 -1999.76 -4.88772
1.935 44.7417 2000.15 -19313.9 -44.7417 -2000.15 -14.4819
1.94 44.6522 2000.05 -19278.5 -44.6522 -2000.05 -11.2409
1.945 44.5861 2000.17 -19249.1 -44.5861 -2000.17 -12.0836
1.95 44.6198 2000.67 -19254.6 -44.6198 -2000.67 -21.1905
1.955 44.6146 2000.5 -19256.6 -44.6146 -2000.5 -16.8706
1.96 44.6112 2000.37 -19258.7 -44.6112 -2000.37 -13.3949
1.965 44.6091 2000.26 -19260.6 -44.6091 -2000.26 -10.5915
1.97 44.608 2000.17 -19262.3 -44.608 -2000.17 -8.3275
1.975 44.6074 2000.1 -19263.9 -44.6074 -2000.1 -6.49698
1.98 44.6072 2000.04 -19265.3 -44.6072 -2000.04 -5.01477
1.985 44.6024 1999.88 -19265.1 -44.6024 -1999.88 -3.14398
1.99 44.598 1999.79 -19264.5 -44.598 -1999.79 -1.82432
1.995 44.5957 1999.79 -19264.1 -44.5957 -1999.79 -1.27024
2 44.5931 1999.78 -19263.4 -44.5931 -1999.78 -0.815609
2.005 44.5926 2000.05 -19263.3 -44.5926 -2000.05 -0.705656
2.01 44.5899 2000.2 -19262.3 -44.5899 -2000.2 -0.576921
2.015 44.5839 2000.12 -19259.9 -44.5839 -2000.12 -0.287134
2.02 44.5777 2000.05 -19257.5 -44.5777 -2000.05 -0.0483723
2.025 44.5655 1999.82 -19253.3 -44.5655 -1999.82 0.94123
2.03 44.5549 1999.7 -19249.1 -44.5549 -1999.7 1.41869
2.035 44.539 1999.45 -19243.2 -44.539 -1999.45 2.32634
2.04 44.5234 1999.32 -19236.9 -44.5234 -1999.32 2.77888
2.045 44.5116 1999.42 -19231.3 -44.5116 -1999.42 2.34492
2.05 44.499 1999.49 -19225.6 -44.499 -1999.49 2.0055
2.055 44.4858 1999.55 -19219.6 -44.4858 -1999.55 1.73884
2.06 44.472 1999.59 -19213.4 -44.472 -1999.59 1.48871
2.065 44.4577 1999.62 -19207 -44.4577 -1999.62 1.29658
2.07 44.4632 2000.09 -19206.3 -44.4632 -2000.09 -1.73431
2.075 44.468 2000.36 -19206.7 -44.468 -2000.36 -3.451
2.08 44.4636 2000.27 -19205.5 -44.4636 -2000.27 -2.71191
2.085 44.4595 2000.19 -19204.4 -44.4595 -2000.19 -2.11837
2.09 44.4557 2000.13 -19203.2 -44.4557 -2000.13 -1.63675
2.095 44.452 2000.08 -19202 -44.452 -2000.08 -1.24491
2.1 44.4485 2000.04 -19200.8 -44.4485 -2000.04 -0.924987
2.105 44.445 2000 -19199.6 -44.445 -2000 -0.662522
2.11 44.4414 1999.97 -19198.2 -44.4414 -1999.97 -0.445811
2.115 44.4378 1999.94 -19196.9 -44.4378 -1999.94 -0.265391
2.12 44.4341 1999.92 -19195.4 -44.4341 -1999.92 -0.113562
2.125 44.4302 1999.9 -19193.9 -44.4302 -1999.9 0.0159586
2.13 44.4261 1999.88 -19192.2 -44.4261 -1999.88 0.128321
2.135 44.4218 1999.86 -19190.5 -44.4218 -1999.86 0.227776
2.14 44.4173 1999.84 -19188.6 -44.4173 -1999.84 0.317887
2.145 44.4124 1999.82 -19186.6 -44.4124 -1999.82 0.401734
2.15 44.4072 1999.8 -19184.4 -44.4072 -1999.8 0.482125
2.155 44.4016 1999.77 -19182.1 -44.4016 -1999.77 0.561828
2.16 44.3956 1999.75 -19179.5 -44.3956 -1999.75 0.643795
2.165 44.389 1999.72 -19176.8 -44.389 -1999.72 0.73147
2.17 44.3818 1999.69 -19173.7 -44.3818 -1999.69 0.829277
2.175 44.3737 1999.65 -19170.4 -44.3737 -1999.65 0.943044
2.18 44.3646 1999.6 -19166.6 -44.3646 -1999.6 1.08153
2.185 44.3623 2000.12 -19164.8 -44.3623 -2000.12 0.281658
2.19 44.359 2000.54 -19162.7 -44.359 -2000.54 -0.397212
2.195 44.3484 2000.38 -19158.4 -44.3484 -2000.38 -0.139704
2.2 44.3376 2000.25 -19153.9 -44.3376 -2000.25 0.0712529
2.205 44.3219 1999.97 -19147.9 -44.3219 -1999.97 0.857652
2.21 44.3048 1999.76 -19141.1 -44.3048 -1999.76 1.45499
2.215 44.2906 1999.77 -19134.8 -44.2906 -1999.77 1.2807
2.22 44.2759 1999.77 -19128.3 -44.2759 -1999.77 1.14862
2.225 44.2607 1999.78 -19121.7 -44.2607 -1999.78 1.04834
2.23 44.245 1999.78 -19114.8 -44.245 -1999.78 0.973549
2.235 44.2288 1999.77 -19107.7 -44.2288 -1999.77 0.919477
2.24 44.2121 1999.77 -19100.5 -44.2121 -1999.77 0.882538
2.245 44.1949 1999.76 -19093 -44.1949 -1999.76 0.85976
2.25 44.1771 1999.76 -19085.4 -44.1771 -1999.76 0.848729
2.255 44.1589 1999.75 -19077.5 -44.1589 -1999.75 0.847638
2.26 44.1401 1999.74 -19069.4 -44.1401 -1999.74 0.855396
2.265 44.1207 1999.73 -19061 -44.1207 -1999.73 0.871254
2.27 44.1007 1999.71 -19052.4 -44.1007 -1999.71 0.894876
2.275 44.0796 1999.69 -19043.4 -44.0796 -1999.69 0.959181
2.28 44.0703 2000.02 -19037.5 -44.0703 -2000.02 -0.888661
2.285 44.0591 2000.22 -19031.7 -44.0591 -2000.22 -1.86381
2.29 44.0425 2000.14 -19024.9 -44.0425 -2000.14 -1.39944
2.295 44.0257 2000.08 -19018.1 -44.0257 -2000.08 -1.02412
2.3 44.0089 2000.02 -19011.1 -44.0089 -2000.02 -0.716571
2.305 43.9918 1999.97 -19004 -43.9918 -1999.97 -0.463645
2.31 43.9746 1999.93 -18996.8 -43.9746 -1999.93 -0.254737
2.315 43.9571 1999.9 -18989.4 -43.9571 -1999.9 -0.0814318
2.32 43.9394 1999.87 -18981.9 -43.9394 -1999.87 0.0630674
2.325 43.9215 1999.85 -18974.3 -43.9215 -1999.85 0.184355
2.33 43.9033 1999.82 -18966.5 -43.9033 -1999.82 0.287126
2.335 43.8847 1999.8 -18958.6 -43.8847 -1999.8 0.375422
2.34 43.8658 1999.79 -18950.5 -43.8658 -1999.79 0.452869
2.345 43.8463 1999.77 -18942.1 -43.8463 -1999.77 0.522893
2.35 43.8263 1999.75 -18933.5 -43.8263 -1999.75 0.588753
2.355 43.8051 1999.7 -18924.5 -43.8051 -1999.7 0.70682
2.36 43.7712 1999.21 -18910.8 -43.7712 -1999.21 1.70876
2.365 43.7337 1999.05 -18895.1 -43.7337 -1999.05 2.19565
2.37 43.6879 1998.8 -18876.1 -43.6879 -1998.8 2.96686
2.375 43.6288 1998.34 -18851.8 -43.6288 -1998.34 4.10705
2.38 43.5404 1997.07 -18815.7 -43.5404 -1997.07 6.2068
2.385 43.4921 1997.45 -18791.5 -43.4921 -1997.45 2.94658
2.39 43.42 1997.07 -18761.4 -43.42 -1997.07 4.0005
2.395 43.3664 2000.15 -18734.4 -43.3664 -2000.15 0.108372
2.4 43.3281 2003.02 -18716.7 -43.3281 -2003.02 -1.06544
2.405 43.2788 2002.58 -18699.2 -43.2788 -2002.58 2.7651
2.41 43.2353 2001.85 -18680.3 -43.2353 -2001.85 2.68416
2.415 43.1857 2001.23 -18658.9 -43.1857 -2001.23 2.70637
2.42 43.181 2003.34 -18652.9 -43.181 -2003.34 -1.26434
2.425 43.1556 2002.61 -18642.2 -43.1556 -2002.61 -0.98846
2.43 43.1305 2002.06 -18631.6 -43.1305 -2002.06 -0.710493
2.435 43.1053 2001.62 -18621 -43.1053 -2001.62 -0.482609
2.44 43.0799 2001.26 -18610.2 -43.0799 -2001.26 -0.291706
2.445 43.0527 2000.87 -18598.8 -43.0527 -2000.87 0.0507568
2.45 43.0244 2000.54 -18586.9 -43.0244 -2000.54 0.345754
2.455 42.9961 2000.36 -18574.8 -42.9961 -2000.36 0.439808
2.46 42.9669 2000.21 -18562.2 -42.9669 -2000.21 0.531319
2.465 42.9423 2000.29 -18550.9 -42.9423 -2000.29 -0.146048
2.47 42.9318 2000.63 -18544.8 -42.9318 -2000.63 -1.76521
2.475 42.9139 2000.46 -18537.5 -42.9139 -2000.46 -1.30719
2.48 42.8958 2000.32 -18530 -42.8958 -2000.32 -0.932671
2.485 42.8771 2000.21 -18522.3 -42.8771 -2000.21 -0.615767
2.49 42.8636 2000.28 -18515.9 -42.8636 -2000.28 -1.13954
2.495 42.8658 2000.6 -18515.3 -42.8658 -2000.6 -2.77185
2.5 42.8598 2000.52 -18513.4 -42.8598 -2000.52 -2.05466
2.505 42.8533 2000.45 -18511.1 -42.8533 -2000.45 -1.47693
2.51 42.8464 2000.38 -18508.6 -42.8464 -2000.38 -1.04186
2.515 42.8392 2000.3 -18505.8 -42.8392 -2000.3 -0.724664
2.52 42.8317 2000.22 -18502.8 -42.8317 -2000.22 -0.489183
2.525 42.8196 1999.87 -18498.3 -42.8196 -1999.87 0.238525
2.53 42.8191 2000.04 -18497 -42.8191 -2000.04 -0.852805
2.535 42.8336 2000.57 -18501.2 -42.8336 -2000.57 -2.91832
2.54 42.8379 2000.46 -18503.6 -42.8379 -2000.46 -2.34502
2.545 42.8428 2000.37 -18506.2 -42.8428 -2000.37 -1.88492
2.55 42.848 2000.3 -18508.8 -42.848 -2000.3 -1.51525
2.555 42.8535 2000.24 -18511.5 -42.8535 -2000.24 -1.21784
2.56 42.8586 2000.12 -18514 -42.8586 -2000.12 -0.903905
2.565 42.8639 2000.03 -18516.6 -42.8639 -2000.03 -0.651646
2.57 42.8701 2000.02 -18519.3 -42.8701 -2000.02 -0.518618
2.575 42.8763 2000.01 -18522.1 -42.8763 -2000.01 -0.411072
2.58 42.8826 2000 -18524.9 -42.8826 -2000 -0.324287
2.585 42.8889 2000 -18527.8 -42.8889 -2000 -0.254224
2.59 42.8953 1999.99 -18530.6 -42.8953 -1999.99 -0.197634
2.595 42.9017 1999.99 -18533.4 -42.9017 -1999.99 -0.151906
2.6 42.9081 1999.98 -18536.2 -42.9081 -1999.98 -0.114941
2.605 42.9145 1999.98 -18539 -42.9145 -1999.98 -0.0850506
2.61 42.9209 1999.98 -18541.8 -42.9209 -1999.98 -0.0608827
2.615 42.9272 1999.97 -18544.5 -42.9272 -1999.97 -0.0413522
2.62 42.9335 1999.97 -18547.2 -42.9335 -1999.97 -0.0255879
2.625 42.9397 1999.97 -18549.9 -42.9397 -1999.97 -0.0128864
2.63 42.9458 1999.97 -18552.6 -42.9458 -1999.97 -0.00267667
2.635 42.9518 1999.97 -18555.2 -42.9518 -1999.97 0.00550627
2.64 42.9576 1999.97 -18557.7 -42.9576 -1999.97 0.0120428
2.645 42.9634 1999.97 -18560.2 -42.9634 -1999.97 0.0172447
2.65 42.9691 1999.97 -18562.7 -42.9691 -1999.97 0.0213667
2.655 42.9747 1999.97 -18565.1 -42.9747 -1999.97 0.0246171
2.66 42.9802 1999.97 -18567.5 -42.9802 -1999.97 0.0271665
2.665 42.9856 1999.97 -18569.8 -42.9856 -1999.97 0.0291538
2.67 42.9909 1999.97 -18572.1 -42.9909 -1999.97 0.0306903
2.675 42.996 1999.97 -18574.3 -42.996 -1999.97 0.0318634
2.68 43.0017 2000 -18576.7 -43.0017 -2000 -0.0366291
2.685 43.0125 2000.23 -18580.8 -43.0125 -2000.23 -0.586908
2.69 43.0197 2000.18 -18584 -43.0197 -2000.18 -0.47177
2.695 43.0269 2000.15 -18587.3 -43.0269 -2000.15 -0.379289
2.7 43.0341 2000.12 -18590.4 -43.0341 -2000.12 -0.304841
2.705 43.0412 2000.09 -18593.5 -43.0412 -2000.09 -0.244915
2.71 43.0481 2000.08 -18596.6 -43.0481 -2000.08 -0.196683
2.715 43.0549 2000.06 -18599.6 -43.0549 -2000.06 -0.157868
2.72 43.0616 2000.05 -18602.5 -43.0616 -2000.05 -0.126639
2.725 43.068 2000.04 -18605.3 -43.068 -2000.04 -0.101518
2.73 43.0743 2000.03 -18608 -43.0743 -2000.03 -0.0812983
2.735 43.0803 2000.02 -18610.6 -43.0803 -2000.02 -0.0650264
2.74 43.0861 2000.02 -18613.1 -43.0861 -2000.02 -0.0519569
2.745 43.0916 2000.02 -18615.5 -43.0916 -2000.02 -0.0414667
2.75 43.0969 2000.01 -18617.8 -43.0969 -2000.01 -0.0330531
2.755 43.1019 2000.01 -18620 -43.1019 -2000.01 -0.026311
2.76 43.1066 2000.01 -18622 -43.1066 -2000.01 -0.0209138
2.765 43.111 2000.01 -18623.9 -43.111 -2000.01 -0.0165978
2.77 43.1151 2000 -18625.7 -43.1151 -2000 -0.0131503
2.775 43.119 2000 -18627.4 -43.119 -2000 -0.0103995
2.78 43.1227 2000 -18629 -43.1227 -2000 -0.00820669
2.785 43.1261 2000 -18630.5 -43.1261 -2000 -0.00645989
2.79 43.1294 2000 -18631.9 -43.1294 -2000 -0.00506903
2.795 43.1325 2000 -18633.2 -43.1325 -2000 -0.00396188
2.8 43.1355 2000 -18634.5 -43.1355 -2000 -0.00308051
2.805 43.1384 2000 -18635.8 -43.1384 -2000 -0.00237844
2.81 43.1412 2000 -18637 -43.1412 -2000 -0.00181828
2.815 43.144 2000 -18638.2 -43.144 -2000 -0.00136993
2.82 43.1468 2000 -18639.4 -43.1468 -2000 -0.00100931
2.825 43.1496 2000 -18640.6 -43.1496 -2000 -0.000717267
2.83 43.1525 2000 -18641.9 -43.1525 -2000 -0.000478593
2.835 43.1555 2000 -18643.2 -43.1555 -2000 -0.000281108
2.84 43.1586 2000 -18644.5 -43.1586 -2000 -0.000114984
2.845 43.1618 2000 -18645.9 -43.1618 -2000 2.76705e-05
2.85 43.1651 2000 -18647.3 -43.1651 -2000 0.000153126
2.855 43.1686 2000 -18648.9 -43.1686 -2000 0.00026644
2.86 43.1723 2000 -18650.4 -43.1723 -2000 0.000371849
2.865 43.1761 2000 -18652.1 -43.1761 -2000 0.000472956
2.87 43.1802 2000 -18653.8 -43.1802 -2000 0.000572669
2.875 43.1844 2000 -18655.7 -43.1844 -2000 0.000673134
2.88 43.1888 2000 -18657.6 -43.1888 -2000 0.000776209
2.885 43.1935 2000 -18659.6 -43.1935 -2000 0.000884507
2.89 43.1985 2000 -18661.7 -43.1985 -2000 0.00100179
2.895 43.2037 2000 -18664 -43.2037 -2000 0.00113168
2.9 43.2092 2000 -18666.4 -43.2092 -2000 0.00127621
2.905 43.215 2000 -18668.9 -43.215 -2000 0.00143581
2.91 43.2211 2000 -18671.5 -43.2211 -2000 0.00158716
2.915 43.2275 2000 -18674.3 -43.2275 -2000 0.00173117
2.92 43.2342 2000 -18677.2 -43.2342 -2000 0.00188942
2.925 43.2411 2000 -18680.1 -43.2411 -2000 0.00205671
2.93 43.2482 2000 -18683.2 -43.2482 -2000 0.0022288
2.935 43.2554 2000 -18686.4 -43.2554 -2000 0.00240327
2.94 43.2629 2000 -18689.6 -43.2629 -2000 0.00257838
2.945 43.2705 2000 -18692.9 -43.2705 -2000 0.00275184
2.95 43.2783 2000 -18696.2 -43.2783 -2000 0.00292093
2.955 43.2861 2000 -18699.6 -43.2861 -2000 0.00308322
2.96 43.294 2000 -18703 -43.294 -2000 0.00323676
2.965 43.302 2000 -18706.5 -43.302 -2000 0.00337986
2.97 43.3101 2000 -18710 -43.3101 -2000 0.00351074
2.975 43.3182 2000 -18713.4 -43.3182 -2000 0.00362745
2.98 43.3262 2000 -18716.9 -43.3262 -2000 0.00372779
2.985 43.3342 2000 -18720.4 -43.3342 -2000 0.00380962
2.99 43.3422 2000 -18723.8 -43.3422 -2000 0.00387136
2.995 43.3501 2000 -18727.2 -43.3501 -2000 0.00391245
3 43.3579 2000 -18730.6 -43.3579 -2000 0.00393337
3.005 43.3656 2000 -18733.9 -43.3656 -2000 0.00393543
3.01 43.3732 2000 -18737.2 -43.3732 -2000 0.00392033
3.015 43.3806 2000 -18740.4 -43.3806 -2000 0.0038897
3.02 43.3879 2000 -18743.6 -43.3879 -2000 0.00384522
3.025 43.3951 2000 -18746.7 -43.3951 -2000 0.00378894
3.03 43.4022 2000 -18749.8 -43.4022 -2000 0.00372313
3.035 43.4091 2000 -18752.7 -43.4091 -2000 0.00364978
3.04 43.4159 2000 -18755.7 -43.4159 -2000 0.00357048
3.045 43.4226 2000 -18758.6 -43.4226 -2000 0.00348654
3.05 43.4291 2000 -18761.4 -43.4291 -2000 0.00339894
3.055 43.4355 2000 -18764.2 -43.4355 -2000 0.00330834
3.06 43.4418 2000 -18766.9 -43.4418 -2000 0.00321508
3.065 43.4479 2000 -18769.5 -43.4479 -2000 0.00311954
3.07 43.4539 2000 -18772.1 -43.4539 -2000 0.00302219
3.075 43.4598 2000 -18774.6 -43.4598 -2000 0.00292339
3.08 43.4655 2000 -18777.1 -43.4655 -2000 0.00282312
3.085 43.471 2000 -18779.5 -43.471 -2000 0.00272103
3.09 43.4764 2000 -18781.8 -43.4764 -2000 0.00263933
3.095 43.4816 2000 -18784.1 -43.4816 -2000 0.00257205
3.1 43.4867 2000 -18786.3 -43.4867 -2000 0.00249171
3.105 43.4916 2000 -18788.4 -43.4916 -2000 0.00239959
3.11 43.4962 2000 -18790.4 -43.4962 -2000 0.00229656
3.115 43.5007 2000 -18792.3 -43.5007 -2000 0.00218348
3.12 43.5049 2000 -18794.1 -43.5049 -2000 0.00206155
3.125 43.5089 2000 -18795.8 -43.5089 -2000 0.00193235
3.13 43.5126 2000 -18797.5 -43.5126 -2000 0.00179775
3.135 43.5161 2000 -18799 -43.5161 -2000 0.00165973
3.14 43.5193 2000 -18800.4 -43.5193 -2000 0.00152031
3.145 43.5223 2000 -18801.6 -43.5223 -2000 0.00138146
3.15 43.525 2000 -18802.8 -43.525 -2000 0.00124492
3.155 43.5275 2000 -18803.9 -43.5275 -2000 0.00111215
3.16 43.5297 2000 -18804.8 -43.5297 -2000 0.000984304
3.165 43.5316 2000 -18805.7 -43.5316 -2000 0.000862205
3.17 43.5333 2000 -18806.4 -43.5333 -2000 0.000746389
3.175 43.5346 2000 -18806.9 -43.5346 -2000 0.000637365
3.18 43.5356 2000 -18807.4 -43.5356 -2000 0.00053594
3.185 43.5363 2000 -18807.7 -43.5363 -2000 0.00044339
3.19 43.5367 2000 -18807.9 -43.5367 -2000 0.000361366
3.195 43.5367 2000 -18807.9 -43.5367 -2000 0.000291579
3.2 43.5019 1999.96 -18798.1 -43.5019 -1999.96 5.21959
3.205 43.453 1999.95 -18779.9 -43.453 -1999.95 8.19703
3.21 43.4013 1999.95 -18755.9 -43.4013 -1999.95 6.54365
3.215 43.3383 1999.96 -18727.3 -43.3383 -1999.96 5.1614
3.22 43.268 1999.96 -18695.8 -43.268 -1999.96 3.9951
3.225 43.1937 1999.97 -18662.7 -43.1937 -1999.97 3.00876
3.23 43.1178 1999.97 -18629.1 -43.1178 -1999.97 2.17839
3.235 43.0421 1999.97 -18595.7 -43.0421 -1999.97 1.48678
3.24 42.9681 1999.97 -18563.1 -42.9681 -1999.97 0.919732
3.245 42.8968 1999.97 -18531.9 -42.8968 -1999.97 0.464201
3.25 42.8291 1999.97 -18502.3 -42.8291 -1999.97 0.10827
3.255 42.7657 1999.97 -18474.6 -42.7657 -1999.97 -0.158706
3.26 42.7074 1999.97 -18449.2 -42.7074 -1999.97 -0.346283
3.265 42.6546 1999.97 -18426.3 -42.6546 -1999.97 -0.466931
3.27 42.6077 1999.97 -18406 -42.6077 -1999.97 -0.531369
3.275 42.5671 1999.97 -18388.4 -42.5671 -1999.97 -0.549793
3.28 42.5331 1999.98 -18373.7 -42.5331 -1999.98 -0.532424
3.285 42.506 1999.98 -18362.1 -42.506 -1999.98 -0.488953
3.29 42.4864 1999.98 -18353.7 -42.4864 -1999.98 -0.428554
3.295 42.4748 1999.99 -18348.7 -42.4748 -1999.99 -0.360312
3.3 42.4718 1999.99 -18347.5 -42.4718 -1999.99 -0.293306
3.305 42.4808 1999.98 -18351.1 -42.4808 -1999.98 -0.610889
3.31 42.5018 1999.97 -18359.9 -42.5018 -1999.97 -0.817298
3.315 42.5348 1999.98 -18374.4 -42.5348 -1999.98 -0.657882
3.32 42.5813 1999.98 -18394.6 -42.5813 -1999.98 -0.529561
3.325 42.6414 1999.99 -18420.6 -42.6414 -1999.99 -0.426269
3.33 42.7147 1999.99 -18452.4 -42.7147 -1999.99 -0.343124
3.335 42.8007 1999.99 -18489.6 -42.8007 -1999.99 -0.276166
3.34 42.8984 1999.99 -18531.9 -42.8984 -1999.99 -0.221841
3.345 43.0067 1999.99 -18578.7 -43.0067 -1999.99 -0.173403
3.35 43.1236 1999.99 -18629.3 -43.1236 -1999.99 -0.0831215
3.355 43.246 1999.99 -18682.5 -43.246 -1999.99 0.245127
3.36 43.3653 2000.03 -18735.5 -43.3653 -2000.03 1.6488
3.365 43.4565 2000.11 -18779.9 -43.4565 -2000.11 6.64024
3.37 43.4854 2000.01 -18802.7 -43.4854 -2000.01 17.0377
3.375 43.4801 1999.87 -18807.2 -43.4801 -1999.87 23.8294
3.38 43.4894 1999.95 -18809 -43.4894 -1999.95 21.5448
3.385 43.5005 1999.97 -18810 -43.5005 -1999.97 17.7425
3.39 43.5101 1999.97 -18810.7 -43.5101 -1999.97 14.3663
3.395 43.5182 1999.98 -18811.5 -43.5182 -1999.98 11.5812
3.4 43.525 1999.98 -18812.1 -43.525 -1999.98 9.32708
3.405 43.5307 1999.99 -18812.8 -43.5307 -1999.99 7.50937
3.41 43.5355 1999.99 -18813.4 -43.5355 -1999.99 6.04524
3.415 43.5394 1999.99 -18813.9 -43.5394 -1999.99 4.86636
3.42 43.5427 1999.99 -18814.4 -43.5427 -1999.99 3.91728
3.425 43.5454 1999.99 -18814.7 -43.5454 -1999.99 3.15325
3.43 43.5474 2000 -18815 -43.5474 -2000 2.53822
3.435 43.5489 2000 -18815.2 -43.5489 -2000 2.04315
3.44 43.5499 2000 -18815.2 -43.5499 -2000 1.64463
3.445 43.5121 1999.96 -18804.3 -43.5121 -1999.96 7.09809
3.45 43.4513 1999.94 -18781.3 -43.4513 -1999.94 10.3377
3.455 43.3749 1999.95 -18746.2 -43.3749 -1999.95 8.20215
3.46 43.2676 1999.95 -18697.9 -43.2676 -1999.95 6.29069
3.465 43.131 1999.95 -18637 -43.131 -1999.95 4.42494
3.47 42.9678 1999.92 -18564.5 -42.9678 -1999.92 2.45683
3.475 42.7823 1999.88 -18482.2 -42.7823 -1999.88 0.254847
3.48 42.58 1999.84 -18392.3 -42.58 -1999.84 -2.23992
3.485 42.3666 1999.79 -18297.4 -42.3666 -1999.79 -4.97993
3.49 42.1483 1999.73 -18200.2 -42.1483 -1999.73 -7.84829
3.495 41.9308 1999.67 -18103.4 -41.9308 -1999.67 -10.6648
3.5 41.7185 1999.62 -18009.2 -41.7185 -1999.62 -13.2213
3.505 41.5147 1999.57 -17919 -41.5147 -1999.57 -15.3331
3.51 41.3211 1999.47 -17833.9 -41.3211 -1999.47 -16.8396
3.515 41.1405 1999.45 -17754.8 -41.1405 -1999.45 -17.8352
3.52 40.9723 1999.44 -17681.8 -40.9723 -1999.44 -18.2449
3.525 40.8164 1999.44 -17614.6 -40.8164 -1999.44 -18.1326
3.53 40.6723 1999.46 -17552.9 -40.6723 -1999.46 -17.5963
3.535 40.5392 1999.48 -17496.2 -40.5392 -1999.48 -16.7447
3.54 40.4162 1999.51 -17444.1 -40.4162 -1999.51 -15.6801
3.545 40.3024 1999.54 -17396.1 -40.3024 -1999.54 -14.4892
3.55 40.1971 1999.57 -17351.9 -40.1971 -1999.57 -13.2413
3.555 40.0996 1999.61 -17311 -40.0996 -1999.61 -11.9888
3.56 40.0092 1999.64 -17273.2 -40.0092 -1999.64 -10.77
3.565 39.9254 1999.67 -17238.2 -39.9254 -1999.67 -9.61106
3.57 39.8476 1999.7 -17205.6 -39.8476 -1999.7 -8.52766
3.575 39.7742 1999.63 -17175.1 -39.7742 -1999.63 -7.36443
3.58 39.7073 1999.62 -17147.2 -39.7073 -1999.62 -6.39381
3.585 39.6465 1999.66 -17121.7 -39.6465 -1999.66 -5.60543
3.59 39.5906 1999.7 -17098.2 -39.5906 -1999.7 -4.89145
3.595 39.5397 1999.74 -17076.9 -39.5397 -1999.74 -4.24625
3.6 39.4943 1999.77 -17057.9 -39.4943 -1999.77 -3.66134
3.605 39.4548 1999.8 -17041.3 -39.4548 -1999.8 -3.13044
3.61 39.4211 1999.83 -17027.3 -39.4211 -1999.83 -2.65199
3.615 39.3931 1999.85 -17015.6 -39.3931 -1999.85 -2.22636
3.62 39.3703 1999.88 -17006.1 -39.3703 -1999.88 -1.85269
3.625 39.3527 1999.9 -16998.8 -39.3527 -1999.9 -1.5285
3.63 39.34 1999.91 -16993.6 -39.34 -1999.91 -1.25058
3.635 39.3322 1999.93 -16990.5 -39.3322 -1999.93 -1.01547
3.64 39.3291 1999.94 -16989.4 -39.3291 -1999.94 -0.819739
3.645 39.3454 1999.87 -16994.3 -39.3454 -1999.87 -2.91896
3.65 39.3898 1999.78 -17011.5 -39.3898 -1999.78 -4.91183
3.655 39.455 1999.82 -17040.6 -39.455 -1999.82 -3.9147
3.66 39.5475 1999.85 -17081.5 -39.5475 -1999.85 -3.07294
3.665 39.6658 1999.89 -17133.3 -39.6658 -1999.89 -2.28178
3.67 39.8076 1999.92 -17195.4 -39.8076 -1999.92 -1.44755
3.675 39.9704 1999.96 -17266.8 -39.9704 -1999.96 -0.472086
3.68 40.151 2000.01 -17346 -40.151 -2000.01 0.733026
3.685 40.3457 2000.05 -17431.6 -40.3457 -2000.05 2.2293
3.69 40.5504 2000.11 -17521.8 -40.5504 -2000.11 4.04408
3.695 40.7601 2000.14 -17614.6 -40.7601 -2000.14 6.2392
3.7 40.9714 2000.19 -17708.3 -40.9714 -2000.19 8.63369
3.705 41.1804 2000.25 -17801 -41.1804 -2000.25 11.0957
3.71 41.3832 2000.29 -17891.1 -41.3832 -2000.29 13.5716
3.715 41.5775 2000.32 -17977.3 -41.5775 -2000.32 15.8569
3.72 41.7615 2000.34 -18058.7 -41.7615 -2000.34 17.7706
3.725 41.9335 2000.34 -18134.5 -41.9335 -2000.34 19.2346
3.73 42.092 2000.3 -18204 -42.092 -2000.3 20.2357
3.735 42.2391 2000.29 -18267.7 -42.2391 -2000.29 20.4179
3.74 42.3738 2000.28 -18325.5 -42.3738 -2000.28 20.0264
3.745 42.4966 2000.26 -18377.7 -42.4966 -2000.26 19.1582
3.75 42.6081 2000.23 -18424.6 -42.6081 -2000.23 17.9423
3.755 42.7088 2000.19 -18466.7 -42.7088 -2000.19 16.5
3.76 42.7995 2000.15 -18504.3 -42.7995 -2000.15 14.9577
3.765 42.8781 2000.05 -18537 -42.8781 -2000.05 13.6553
3.77 42.9502 2000.04 -18566.4 -42.9502 -2000.04 11.9701
3.775 43.014 2000.03 -18592.5 -43.014 -2000.03 10.4192
3.78 43.0683 1999.96 -18614.8 -43.0683 -1999.96 9.27376
3.785 43.1162 1999.94 -18634.3 -43.1162 -1999.94 8.06794
3.79 43.1589 1999.95 -18651.4 -43.1589 -1999.95 6.76873
3.795 43.1956 1999.97 -18666.1 -43.1956 -1999.97 5.64166
3.8 43.2266 1999.98 -18678.6 -43.2266 -1999.98 4.67455
3.805 43.2509 1999.96 -18688.5 -43.2509 -1999.96 4.07121
3.81 43.2701 1999.94 -18696.2 -43.2701 -1999.94 3.51224
3.815 43.2854 1999.95 -18702.1 -43.2854 -1999.95 2.86074
3.82 43.2962 1999.96 -18706.3 -43.2962 -1999.96 2.31998
3.825 43.3027 1999.97 -18708.6 -43.3027 -1999.97 1.87425
3.83 43.305 1999.98 -18709.2 -43.305 -1999.98 1.51003
3.835 43.2779 2000.02 -18701.1 -43.2779 -2000.02 5.03138
3.84 43.2273 2000.04 -18681.6 -43.2273 -2000.04 7.37215
3.845 43.1605 2000.03 -18651.2 -43.1605 -2000.03 5.84544
3.85 43.0682 2000.02 -18609.9 -43.0682 -2000.02 4.47653
3.855 42.9521 2000.01 -18558.5 -42.9521 -2000.01 3.14395
3.86 42.8142 1999.99 -18497.5 -42.8142 -1999.99 1.74152
3.865 42.657 1999.96 -18428 -42.657 -1999.96 0.183006
3.87 42.4834 1999.93 -18351.2 -42.4834 -1999.93 -1.5914
3.875 42.2965 1999.89 -18268.5 -42.2965 -1999.89 -3.60723
3.88 42.1001 1999.85 -18181.4 -42.1001 -1999.85 -5.84834
3.885 41.8977 1999.8 -18091.6 -41.8977 -1999.8 -8.2542
3.89 41.6928 1999.75 -18000.6 -41.6928 -1999.75 -10.7253
3.895 41.4884 1999.7 -17909.9 -41.4884 -1999.7 -13.1369
3.9 41.287 1999.66 -17820.6 -41.287 -1999.66 -15.3571
3.905 41.0904 1999.62 -17733.8 -41.0904 -1999.62 -17.2687
3.91 40.8996 1999.6 -17649.8 -40.8996 -1999.6 -18.7867
3.915 40.715 1999.59 -17569 -40.715 -1999.59 -19.8675
3.92 40.5367 1999.58 -17491.4 -40.5367 -1999.58 -20.5072
3.925 40.3643 1999.59 -17416.7 -40.3643 -1999.59 -20.7334
3.93 40.1972 1999.6 -17344.6 -40.1972 -1999.6 -20.5949
3.935 40.0348 1999.62 -17274.9 -40.0348 -1999.62 -20.1496
3.94 39.8759 1999.58 -17207 -39.8759 -1999.58 -19.4022
3.945 39.7203 1999.4 -17140.8 -39.7203 -1999.4 -18.3788
3.95 39.5696 1998.44 -17076.6 -39.5696 -1998.44 -17.437
3.955 39.4323 1998.14 -17018.4 -39.4323 -1998.14 -16.4028
3.96 39.3056 1998.35 -16964.8 -39.3056 -1998.35 -15.2681
3.965 39.1823 1998.51 -16912.7 -39.1823 -1998.51 -14.0916
3.97 39.0594 1998.4 -16861.1 -39.0594 -1998.4 -12.5641
3.975 38.9418 1998.28 -16811.7 -38.9418 -1998.28 -11.1095
3.98 38.8322 1998.26 -16765.4 -38.8322 -1998.26 -10.0813
3.985 38.7282 1998.25 -16721.5 -38.7282 -1998.25 -9.10292
3.99 38.6294 1998.28 -16679.8 -38.6294 -1998.28 -8.10281
3.995 38.5352 1998.21 -16640.1 -38.5352 -1998.21 -7.10514
4 38.4493 1998.22 -16603.6 -38.4493 -1998.22 -6.44309
4.005 38.3599 1997.55 -16566.9 -38.3599 -1997.55 -4.56199
4.01 38.2881 1996.95 -16537.3 -38.2881 -1996.95 -3.16778
4.015 38.2425 1995.99 -16518 -38.2425 -1995.99 -2.79989
4.02 38.2445 1995.53 -16519.1 -38.2445 -1995.53 -2.47086
4.025 38.2467 1999.5 -16526.6 -38.2467 -1999.5 3.99209
4.03 38.1704 2006.73 -16497.4 -38.1704 -2006.73 7.81125
4.035 37.983 2004.28 -16417.9 -37.983 -2004.28 9.30948
4.04 37.8115 2002.91 -16343.6 -37.8115 -2002.91 9.01989
4.045 37.653 2002.36 -16273 -37.653 -2002.36 6.96628
4.05 37.4936 2001.92 -16202.6 -37.4936 -2001.92 5.33634
4.055 37.335 2000.79 -16132.4 -37.335 -2000.79 3.64974
4.06 37.1841 2000.06 -16066 -37.1841 -2000.06 2.42053
4.065 37.0405 1999.83 -16003.3 -37.0405 -1999.83 1.7629
4.07 36.8993 1999.61 -15941.8 -36.8993 -1999.61 1.27397
4.075 36.7619 1999.46 -15881.9 -36.7619 -1999.46 0.794052
4.08 36.6279 1999.32 -15823.7 -36.6279 -1999.32 0.417871
4.085 36.4973 1999.13 -15767.1 -36.4973 -1999.13 0.214819
4.09 36.3699 1998.82 -15712.2 -36.3699 -1998.82 0.371411
4.095 36.2522 1998.65 -15661.1 -36.2522 -1998.65 0.135305
4.1 36.1421 1998.48 -15613.3 -36.1421 -1998.48 -0.104929
4.105 36.0406 1998.29 -15569.2 -36.0406 -1998.29 -0.326579
4.11 35.949 1998.06 -15529.5 -35.949 -1998.06 -0.483177
4.115 35.8697 1997.78 -15495.1 -35.8697 -1997.78 -0.632404
4.12 35.8054 1997.43 -15467.2 -35.8054 -1997.43 -0.785824
4.125 35.7406 1997.93 -15442 -35.7406 -1997.93 2.06668
4.13 35.6442 2004.14 -15406.8 -35.6442 -2004.14 8.46142
4.135 35.5026 2005.82 -15346.4 -35.5026 -2005.82 9.25062
4.14 35.3261 2004.12 -15269.5 -35.3261 -2004.12 8.65469
4.145 35.1661 2003.09 -15198.5 -35.1661 -2003.09 6.72934
4.15 35.0188 2002.02 -15133 -35.0188 -2002.02 4.88702
4.155 34.8816 2001.4 -15072.6 -34.8816 -2001.4 3.72972
4.16 34.7521 2000.91 -15015.6 -34.7521 -2000.91 2.72752
4.165 34.6267 2000.35 -14961 -34.6267 -2000.35 2.29178
4.17 34.5101 1999.9 -14910.2 -34.5101 -1999.9 1.85661
4.175 34.4039 1999.63 -14863.7 -34.4039 -1999.63 1.23581
4.18 34.3069 1999.71 -14821.2 -34.3069 -1999.71 0.595971
4.185 34.2125 1999.84 -14779.9 -34.2125 -1999.84 0.0606986
4.19 34.1186 1999.58 -14739 -34.1186 -1999.58 -0.20683
4.195 34.0328 1999.37 -14701.7 -34.0328 -1999.37 -0.460314
4.2 33.9549 1999.18 -14667.8 -33.9549 -1999.18 -0.688097
4.205 33.8836 1999.17 -14637.1 -33.8836 -1999.17 -0.623925
4.21 33.7954 1999.92 -14600.1 -33.7954 -1999.92 0.522758
4.215 33.7009 1999.7 -14559 -33.7009 -1999.7 0.204932
4.22 33.609 1999.37 -14519.5 -33.609 -1999.37 0.362259
4.225 33.5268 1998.72 -14483.5 -33.5268 -1998.72 -0.0555833
4.23 33.4633 1997.92 -14455.2 -33.4633 -1997.92 -0.915153
4.235 33.4208 1997.81 -14436.6 -33.4208 -1997.81 -1.18251
4.24 33.3907 1998.03 -14423.6 -33.3907 -1998.03 -1.19884
4.245 33.3652 1998.17 -14412.5 -33.3652 -1998.17 -1.20444
4.25 33.3444 1998.21 -14403.7 -33.3444 -1998.21 -1.05367
4.255 33.3281 1998.03 -14397.3 -33.3281 -1998.03 -0.385824
4.26 33.3215 1997.57 -14395.7 -33.3215 -1997.57 0.840036
4.265 33.3452 1998.71 -14406 -33.3452 -1998.71 0.884775
4.27 33.3693 1999.22 -14415.1 -33.3693 -1999.22 -0.459903
4.275 33.3268 2002.91 -14404.2 -33.3268 -2002.91 6.99895
4.28 33.2623 2004.36 -14376.5 -33.2623 -2004.36 7.22985
4.285 33.185 2003.6 -14337.6 -33.185 -2003.6 1.67712
4.29 33.1039 2002.8 -14301 -33.1039 -2002.8 0.13989
4.295 33.0239 2001.89 -14266.4 -33.0239 -2001.89 0.0907904
4.3 32.9562 2001.1 -14237.1 -32.9562 -2001.1 0.0604706
4.305 32.9069 2000.51 -14215.3 -32.9069 -2000.51 -0.536415
4.31 32.732 2010.76 -14159.7 -32.732 -2010.76 19.4223
4.315 32.4662 2011.31 -14059.8 -32.4662 -2011.31 34.435
4.32 32.1772 2006.16 -13937.8 -32.1772 -2006.16 37.229
4.325 31.9537 2004.49 -13832.2 -31.9537 -2004.49 28.1408
4.33 31.7387 2002.86 -13731.4 -31.7387 -2002.86 20.2657
4.335 31.5287 2001.9 -13635.2 -31.5287 -2001.9 14.8318
4.34 31.3226 2001.2 -13542.1 -31.3226 -2001.2 10.7179
4.345 31.1207 2000.33 -13451.5 -31.1207 -2000.33 7.34121
4.35 30.9272 1999.67 -13365.1 -30.9272 -1999.67 4.5634
4.355 30.7437 1999.25 -13283.5 -30.7437 -1999.25 2.18539
4.36 30.5156 2001.19 -13191 -30.5156 -2001.19 8.21954
4.365 30.1454 2005.11 -13044.6 -30.1454 -2005.11 21.738
4.37 29.7833 2003.67 -12883.8 -29.7833 -2003.67 17.3868
4.375 29.4211 2002.78 -12723.3 -29.4211 -2002.78 13.383
4.38 29.0845 2001.02 -12570.3 -29.0845 -2001.02 5.85636
4.385 28.7621 1999.67 -12425.4 -28.7621 -1999.67 0.184101
4.39 28.4524 1999.03 -12288.9 -28.4524 -1999.03 -2.52854
4.395 28.1606 1998.26 -12160.3 -28.1606 -1998.26 -5.06851
4.4 27.9007 1997.25 -12045.1 -27.9007 -1997.25 -7.98814
4.405 27.5001 2002.83 -11895.5 -27.5001 -2002.83 15.4725
4.41 26.9823 2008.13 -11689.7 -26.9823 -2008.13 33.3518
4.415 26.4868 2006.93 -11470.6 -26.4868 -2006.93 28.3228
4.42 25.9501 2006.75 -11238.4 -25.9501 -2006.75 28.019
4.425 25.4495 2004.77 -11013.8 -25.4495 -2004.77 19.6278
4.43 24.9722 2003.02 -10800.2 -24.9722 -2003.02 12.2472
4.435 24.5038 2002.07 -10594 -24.5038 -2002.07 8.32261
4.44 24.0688 2000.67 -10400.1 -24.0688 -2000.67 2.36966
4.445 23.6546 1999.62 -10216.8 -23.6546 -1999.62 -1.98866
4.45 23.2614 1999.01 -10044.5 -23.2614 -1999.01 -4.46479
4.455 22.6344 2005.94 -9808.2 -22.6344 -2005.94 30.1541
4.46 22.0522 2008.77 -9567.71 -22.0522 -2008.77 41.1614
4.465 21.5361 2006.78 -9335.88 -21.5361 -2006.78 32.288
4.47 21.0327 2005.33 -9110.51 -21.0327 -2005.33 24.4025
4.475 20.54 2004.22 -8891.96 -20.54 -2004.22 18.6815
4.48 20.0712 2002.93 -8683.73 -20.0712 -2002.93 12.9853
4.485 19.6473 2001.43 -8493.46 -19.6473 -2001.43 5.83409
4.49 19.2374 2000.71 -8313.07 -19.2374 -2000.71 2.49349
4.495 18.8485 2000.11 -8142.71 -18.8485 -2000.11 0.156383
4.5 18.4825 1999.61 -7982.62 -18.4825 -1999.61 -1.81477
4.505 17.9661 2003.72 -7781.12 -17.9661 -2003.72 19.7638
4.51 17.4295 2006.26 -7562.84 -17.4295 -2006.26 33.3117
4.515 16.9699 2004.9 -7357.55 -16.9699 -2004.9 26.553
4.52 16.5255 2003.88 -7160.1 -16.5255 -2003.88 21.1044
4.525 16.0969 2003.05 -6970.6 -16.0969 -2003.05 16.7268
4.53 15.6848 2002.39 -6789.06 -15.6848 -2002.39 13.2132
4.535 15.2895 2001.87 -6615.46 -15.2895 -2001.87 10.3959
4.54 14.9111 2001.44 -6449.75 -14.9111 -2001.44 8.14
4.545 14.5499 2001.11 -6291.89 -14.5499 -2001.11 6.33656
4.55 14.1512 2002.08 -6125.63 -14.1512 -2002.08 12.295
4.555 13.8 2002 -5973.68 -13.8 -2002 12.0974
4.56 13.4752 2001.54 -5830.71 -13.4752 -2001.54 9.41292
4.565 13.1681 2001.17 -5695.88 -13.1681 -2001.17 7.27637
4.57 12.8781 2000.88 -5568.9 -12.8781 -2000.88 5.5765
4.575 12.604 2000.65 -5449.17 -12.604 -2000.65 4.22721
4.58 12.3444 2000.47 -5335.96 -12.3444 -2000.47 3.1581
4.585 12.024 2001.93 -5206.67 -12.024 -2001.93 12.2853
4.59 11.717 2002.59 -5078.29 -11.717 -2002.59 16.5221
4.595 11.4458 2002.06 -4957.82 -11.4458 -2002.06 13.248
4.6 11.1812 2001.66 -4840.92 -11.1812 -2001.66 10.6274
4.605 10.9216 2001.33 -4726.64 -10.9216 -2001.33 8.51925
4.61 10.6645 2001.06 -4613.9 -10.6645 -2001.06 6.82304
4.615 10.4078 2000.85 -4501.63 -10.4078 -2000.85 5.45779
4.62 10.149 2000.68 -4388.73 -10.149 -2000.68 4.35831
4.625 9.88582 2000.54 -4274.15 -9.88582 -2000.54 3.47211
4.63 9.61581 2000.43 -4156.79 -9.61581 -2000.43 2.75687
4.635 9.33652 2000.34 -4035.56 -9.33652 -2000.34 2.17847
4.64 9.0468 2000.23 -3909.77 -9.0468 -2000.23 1.55414
4.645 8.74721 2000.1 -3779.56 -8.74721 -2000.1 0.768259
4.65 8.431 2000.06 -3642.72 -8.431 -2000.06 0.523644
4.655 8.09808 2000.03 -3498.69 -8.09808 -2000.03 0.314463
4.66 7.74677 2000 -3346.74 -7.74677 -2000 0.132208
4.665 7.37554 1999.98 -3186.2 -7.37554 -1999.98 -0.0308137
4.67 6.98315 1999.95 -3016.54 -6.98315 -1999.95 -0.180982
4.675 6.56869 1999.93 -2837.35 -6.56869 -1999.93 -0.323432
4.68 6.13155 1999.91 -2648.37 -6.13155 -1999.91 -0.462865
4.685 5.69444 1999.39 -2456.23 -5.69444 -1999.39 -3.76718
4.69 5.1575 2000.5 -2233.37 -5.1575 -2000.5 5.32656
4.695 4.52036 2002.12 -1970.53 -4.52036 -2002.12 17.7362
4.7 3.90811 2001.64 -1702.31 -3.90811 -2001.64 14.0036
4.705 3.26391 2001.27 -1421.01 -3.26391 -2001.27 11.0014
4.71 2.58774 2000.98 -1126.48 -2.58774 -2000.98 8.57382
4.715 1.8796 2000.74 -818.576 -1.8796 -2000.74 6.58679
4.72 1.13936 2000.54 -497.154 -1.13936 -2000.54 4.95102
4.725 0.310178 2001.2 -145.353 -0.310178 -2001.2 11.3564
4.73 -0.547302 2001.43 222.71 0.547302 -2001.43 13.7248
4.735 -1.45519 2001.55 613.288 1.45519 -2001.55 15.3542
4.74 -2.504 2002.39 1057.3 2.504 -2002.39 24.426
4.745 -3.53999 2001.79 1510.56 3.53999 -2001.79 18.7178
4.75 -4.5959 2001.11 1973.14 4.5959 -2001.11 12.2922
4.755 -5.69991 2000.81 2453.1 5.69991 -2000.81 9.25863
4.76 -6.84184 2000.53 2948.97 6.84184 -2000.53 6.70045
4.765 -8.02179 2000.3 3460.84 8.02179 -2000.3 4.56704
4.77 -9.2275 1999.93 3985.17 9.2275 -1999.93 1.10803
4.775 -10.4559 1999.47 4520.15 10.4559 -1999.47 -3.21896
4.78 -11.6712 1998.74 5052.12 11.6712 -1998.74 -10.1401
4.785 -13.2684 2001.75 5697.14 13.2684 -2001.75 34.7864
4.79 -14.8845 2003.12 6374.22 14.8845 -2003.12 55.8815
4.795 -16.4302 2002.22 7055.14 16.4302 -2002.22 42.7093
4.8 -17.9919 2001.72 7743.36 17.9919 -2001.72 29.1461
4.805 -20.3472 2005.86 8667.45 20.3472 -2005.86 122.527
4.81 -22.4726 2006.16 9569.46 22.4726 -2006.16 138.707
4.815 -25.1482 2007.3 10665.3 25.1482 -2007.3 198.7
4.82 -27.8961 2008.54 11819.4 27.8961 -2008.54 231.66
4.825 -31.2772 2009.57 13195.7 31.2772 -2009.57 316.012
4.83 -34.5798 2010.51 14578.5 34.5798 -2010.51 359.955
4.835 -37.4181 2010.75 15875.2 37.4181 -2010.75 289.448
4.84 -39.6064 2006.68 16931.6 39.6064 -2006.68 178.345
4.845 -41.7084 2005.33 17909.8 41.7084 -2005.33 108.208
4.85 -43.7464 2005.23 18838.2 43.7464 -2005.23 60.2555
4.855 -45.5084 2004.04 19668.5 45.5084 -2004.04 -8.83281
4.86 -47.0843 2004.07 20400 47.0843 -2004.07 -59.6157
4.865 -48.6376 2004.3 21071.8 48.6376 -2004.3 -60.394
4.87 -49.9629 2004.92 21648.7 49.9629 -2004.92 -64.7182
4.875 -51.0286 2004.32 22141.2 51.0286 -2004.32 -96.8209
4.88 -51.8807 2003.88 22539.8 51.8807 -2003.88 -127.338
4.885 -52.2384 2002.33 22784.5 52.2384 -2002.33 -217.49
4.89 -51.3866 1998.4 22651.2 51.3866 -1998.4 -452.167
4.895 -50.3711 1992.22 22290.7 50.3711 -1992.22 -530.44
4.9 -49.3756 1988.35 21810.9 49.3756 -1988.35 -480.651
4.905 -48.3453 1988.51 21298.6 48.3453 -1988.51 -413.391
4.91 -47.0753 1986.09 20707.4 47.0753 -1986.09 -370.835
4.915 -46.5911 1989.86 20317.2 46.5911 -1989.86 -189.874
4.92 -46.1404 1994.63 19980.2 46.1404 -1994.63 -47.5251
4.925 -45.6458 1996.27 19722.6 45.6458 -1996.27 -3.64643
4.93 -44.9984 1995.91 19448.1 44.9984 -1995.91 -8.73927
4.935 -44.6869 1996.66 19263.3 44.6869 -1996.66 41.3889
4.94 -44.8997 2000.32 19259.7 44.8997 -2000.32 136.988
4.945 -44.8611 2000.22 19244.5 44.8611 -2000.22 135.467
4.95 -44.7273 1998.91 19218.5 44.7273 -1998.91 103.724
4.955 -44.6287 1998.88 19196.9 44.6287 -1998.88 82.7389
4.96 -44.5371 1998.83 19174.3 44.5371 -1998.83 65.7476
4.965 -44.4798 1998.37 19158.6 44.4798 -1998.37 56.6994
4.97 -44.4508 1998.54 19152.9 44.4508 -1998.54 49.8505
4.975 -44.4064 1998.38 19144.7 44.4064 -1998.38 38.8583
4.98 -44.3626 1998.18 19134.9 44.3626 -1998.18 29.7987
4.985 -44.3077 1997.49 19120 44.3077 -1997.49 20.9826
4.99 -44.2486 1997.25 19101.2 44.2486 -1997.25 14.1558
4.995 -44.2257 1999.35 19092 44.2257 -1999.35 13.4719
5 -44.1796 1999.34 19075.2 44.1796 -1999.34 10.4094
5.005 -44.1335 1999.31 19057.8 44.1335 -1999.31 7.89675
5.01 -44.0831 1999.17 19038.4 44.0831 -1999.17 5.53162
5.015 -43.9545 1995.15 18994.4 43.9545 -1995.15 -6.00743
5.02 -43.8606 1994.1 18954.2 43.8606 -1994.1 -6.41365
5.025 -43.7724 1994.78 18913.1 43.7724 -1994.78 -3.45311
5.03 -43.6233 1993.16 18854.7 43.6233 -1993.16 -9.42242
5.035 -43.3559 1991.27 18745.6 43.3559 -1991.27 -15.8968
5.04 -43.37 2003.38 18710.5 43.37 -2003.38 25.2936
5.045 -43.3855 2011 18697.5 43.3855 -2011 45.0593
5.05 -43.287 2007.55 18665.8 43.287 -2007.55 34.2176
5.055 -0.366269 -67.2371 119.614 0.366269 67.2371 38.6137
