0.1 0 200 -6.21725e-14
0.2 -2.92171e-32 400 -9.05942e-14
0.3 2.92171e-32 600 7.4607e-14
0.4 7.59644e-31 800 -1.3145e-13
0.5 3.50605e-31 1000 -2.45137e-13
0.6 7.59644e-31 1200 -1.35003e-13
0.7 5.84341e-31 1400 -3.55271e-13
0.8 -1.86989e-30 1600 -2.91323e-13
0.9 1.86989e-30 1800 5.32907e-13
1 4.67473e-31 2000 -5.04485e-13
0.005 -0.00109711 2000 0.474999
0.01 -0.00547887 2000 2.36875
0.015 -0.0142285 2000 6.14821
0.02 -0.0273306 2000 11.8081
0.025 -0.0447688 2000 19.3412
0.03 -0.0665262 2000 28.7403
0.035 -0.0925849 2000 39.9976
0.04 -0.122926 2000 53.1051
0.045 -0.157531 2000 68.0544
0.05 -0.196378 2000 84.8366
0.055 -0.239447 2000 103.443
0.06 -0.286717 2000 123.863
0.065 -0.338164 2000 146.089
0.07 -0.393769 2000 170.111
0.075 -0.453512 2000 195.92
0.08 -0.517375 2000 223.509
0.085 -0.585336 2000 252.869
0.09 -0.657375 2000 283.99
0.095 -0.733468 2000 316.863
0.1 -0.813591 2000 351.477
0.105 -0.89772 2000 387.821
0.11 -0.985824 2000 425.883
0.115 -1.07787 2000 465.646
0.12 -1.17381 2000 507.095
0.125 -1.27362 2000 550.216
0.13 -1.37729 2000 595.001
0.135 -1.4848 2000 641.445
0.14 -1.59613 2000 689.541
0.145 -1.71126 2000 739.279
0.15 -1.83017 2000 790.648
0.155 -1.95282 2000 843.634
0.16 -2.07917 2000 898.219
0.165 -2.20918 2000 954.387
0.17 -2.34283 2000 1012.13
0.175 -2.4801 2000 1071.43
0.18 -2.62092 2000 1132.27
0.185 -2.76526 2000 1194.62
0.19 -2.91303 2000 1258.46
0.195 -3.0642 2000 1323.77
0.2 -3.21873 2000 1390.53
0.205 -3.37661 2000 1458.74
0.21 -3.53784 2000 1528.39
0.215 -3.70243 2000 1599.49
0.22 -3.87033 1999.99 1672.03
0.225 -4.04153 1999.99 1746
0.23 -4.21599 1999.99 1821.37
0.235 -4.39367 1999.99 1898.13
0.24 -4.57452 1999.99 1976.26
0.245 -4.75853 1999.99 2055.76
0.25 -4.94562 1999.99 2136.59
0.255 -5.13573 1999.99 2218.72
0.26 -5.32876 1999.99 2302.11
0.265 -5.52463 1999.99 2386.73
0.27 -5.72334 1999.99 2472.58
0.275 -5.9249 1999.99 2559.66
0.28 -6.12933 1999.99 2647.98
0.285 -6.3366 1999.99 2737.52
0.29 -6.54665 1999.99 2828.26
0.295 -6.75941 1999.99 2920.18
0.3 -6.97478 1999.99 3013.23
0.305 -7.19265 1999.99 3107.35
0.31 -7.41292 1999.99 3202.51
0.315 -7.63553 1999.99 3298.68
0.32 -7.86043 1999.99 3395.83
0.325 -8.08756 1999.99 3493.95
0.33 -8.31683 1999.99 3593
0.335 -8.54816 1999.99 3692.93
0.34 -8.78154 1999.99 3793.75
0.345 -9.01698 1999.99 3895.46
0.35 -9.25447 1999.99 3998.06
0.355 -9.49403 1999.98 4101.54
0.36 -9.7357 1999.98 4205.94
0.365 -9.97955 1999.98 4311.28
0.37 -10.2256 1999.98 4417.58
0.375 -10.4739 1999.98 4524.82
0.38 -10.7243 1999.98 4633
0.385 -10.9768 1999.98 4742.09
0.39 -11.2313 1999.98 4852.04
0.395 -11.4877 1999.98 4962.79
0.4 -11.7458 1999.98 5074.27
0.405 -12.0054 1999.98 5186.43
0.41 -12.2666 1999.98 5299.26
0.415 -12.5292 1999.98 5412.72
0.42 -12.7933 1999.98 5526.81
0.425 -13.0589 1999.98 5641.51
0.43 -13.3258 1999.98 5756.83
0.435 -13.5942 1999.98 5872.8
0.44 -13.8643 1999.98 5989.46
0.445 -14.136 1999.98 6106.84
0.45 -14.4093 1999.98 6224.88
0.455 -14.6839 1999.98 6343.52
0.46 -14.9596 1999.98 6462.64
0.465 -15.2362 1999.98 6582.14
0.47 -15.5134 1999.98 6701.88
0.475 -15.791 1999.98 6821.8
0.48 -16.0689 1999.98 6941.87
0.485 -16.3472 1999.98 7062.07
0.49 -16.6257 1999.98 7182.39
0.495 -16.9044 1999.98 7302.78
0.5 -17.1832 1999.98 7423.24
0.505 -17.4623 1999.98 7543.8
0.51 -17.7418 1999.98 7664.53
0.515 -18.0218 1999.98 7785.51
0.52 -18.3025 1999.98 7906.76
0.525 -18.5838 1999.98 8028.31
0.53 -18.8659 1999.98 8150.17
0.535 -19.1486 1999.98 8272.3
0.54 -19.4318 1999.98 8394.62
0.545 -19.7153 1999.98 8517.09
0.55 -19.9989 1999.98 8639.63
0.555 -20.2825 1999.98 8762.14
0.56 -20.5658 1999.98 8884.51
0.565 -20.8485 1999.98 9006.67
0.57 -21.1307 1999.98 9128.57
0.575 -21.4122 1999.98 9250.18
0.58 -21.693 1999.98 9371.5
0.585 -21.9731 1999.98 9492.49
0.59 -22.2524 1999.98 9613.13
0.595 -22.5308 1999.98 9733.41
0.6 -22.8085 1999.98 9853.37
0.605 -23.085 1999.99 9972.9
0.61 -23.358 2000 10091.1
0.615 -23.6317 1999.99 10209.3
0.62 -23.9046 1999.99 10327.1
0.625 -24.1734 2000 10443.6
0.63 -24.4412 2000.01 10559.5
0.635 -24.7093 2000.01 10675.2
0.64 -24.9764 2000 10790.4
0.645 -25.2431 2000 10905.5
0.65 -25.5097 2000 11020.6
0.655 -25.7642 2000.05 11132.2
0.66 -26.0199 2000.08 11243.4
0.665 -26.2802 2000.06 11355.3
0.67 -26.5399 2000.04 11467.1
0.675 -26.7982 2000.03 11578.4
0.68 -27.0544 2000.02 11688.7
0.685 -27.3073 2000.02 11797.8
0.69 -27.5562 2000.01 11905.1
0.695 -27.801 2000.01 12010.7
0.7 -28.0338 2000.05 12111.9
0.705 -28.2621 2000.07 12210.8
0.71 -28.4813 2000.1 12306.2
0.715 -28.6954 2000.11 12399.2
0.72 -28.9103 2000.09 12491.5
0.725 -29.1168 2000.11 12580.8
0.73 -29.3187 2000.11 12668
0.735 -29.5188 2000.09 12754
0.74 -29.7152 2000.07 12838.5
0.745 -29.9077 2000.05 12921.4
0.75 -30.0963 2000.04 13002.6
0.755 -30.2807 2000.03 13082.1
0.76 -30.4615 2000.02 13160.1
0.765 -30.6392 2000.02 13236.7
0.77 -30.8146 2000.01 13312.4
0.775 -30.9784 2000.08 13383.9
0.78 -31.1314 2000.16 13450.8
0.785 -31.2883 2000.13 13518.2
0.79 -31.4411 2000.12 13584.5
0.795 -31.5925 2000.12 13650.1
0.8 -31.7455 2000.09 13715.8
0.805 -31.8977 2000.07 13781.2
0.81 -32.0484 2000.06 13846
0.815 -32.1968 2000.05 13910
0.82 -32.3425 2000.04 13972.7
0.825 -32.4851 2000.03 14034.2
0.83 -32.6241 2000.02 14094.2
0.835 -32.7595 2000.02 14152.5
0.84 -32.8908 2000.01 14209.2
0.845 -33.0179 2000.01 14264
0.85 -33.1407 2000.01 14317
0.855 -33.2591 2000 14368.2
0.86 -33.3731 2000 14417.4
0.865 -33.4821 2000 14464.4
0.87 -33.5857 2000 14509.1
0.875 -33.6834 2000 14551.4
0.88 -33.7752 2000 14591
0.885 -33.8608 2000 14628
0.89 -33.9404 2000 14662.3
0.895 -34.014 2000 14694.1
0.9 -34.0817 2000 14723.4
0.905 -34.1437 2000 14750.1
0.91 -34.2 2000 14774.4
0.915 -34.2505 2000 14796.3
0.92 -34.2942 2000.01 14815.2
0.925 -34.3298 2000.03 14830.8
0.93 -34.362 2000.03 14844.7
0.935 -34.3902 2000.02 14856.8
0.94 -34.4147 2000.02 14867.3
0.945 -34.4357 2000.01 14876.4
0.95 -34.4533 2000.01 14883.9
0.955 -34.4674 2000.01 14890
0.96 -34.4779 2000.01 14894.5
0.965 -34.4848 2000.01 14897.5
0.97 -34.4875 2000 14898.6
0.975 -34.4849 1999.99 14897.5
0.98 -34.4757 1999.99 14893.6
0.985 -34.4599 1999.99 14886.8
0.99 -34.4369 1999.99 14876.8
0.995 -34.4066 1999.99 14863.7
1 -34.3695 1999.99 14847.7
1.005 -34.3258 2000 14828.8
1.01 -34.2758 2000 14807.2
1.015 -34.2153 2000.03 14781.4
1.02 -34.1465 2000.06 14752
1.025 -34.0723 2000.05 14719.8
1.03 -33.9912 2000.04 14684.6
1.035 -33.9027 2000.03 14646.3
1.04 -33.8063 2000.02 14604.6
1.045 -33.7011 2000.02 14559.1
1.05 -33.5865 2000.02 14509.6
1.055 -33.462 2000.01 14455.7
1.06 -33.3271 2000.01 14397.4
1.065 -33.1812 2000.01 14334.4
1.07 -33.0242 2000.01 14266.5
1.075 -32.8563 2000 14194
1.08 -32.6781 2000 14117
1.085 -32.4898 2000 14035.6
1.09 -32.2917 2000 13950
1.095 -32.0839 2000 13860.3
1.1 -31.8668 2000 13766.5
1.105 -31.6403 2000 13668.6
1.11 -31.4039 2000 13566.5
1.115 -31.1575 2000 13460.1
1.12 -30.9009 2000 13349.2
1.125 -30.6241 2000.05 13231.1
1.13 -30.3287 2000.14 13104.9
1.135 -29.9982 2000.26 12963.5
1.14 -29.6621 2000.21 12817.5
1.145 -29.3133 2000.17 12666.1
1.15 -28.9529 2000.13 12509.9
1.155 -28.582 2000.11 12349.2
1.16 -28.2014 2000.09 12184.5
1.165 -27.7961 2000.17 12010.5
1.17 -27.3848 2000.18 11833.1
1.175 -26.9452 2000.25 11645.6
1.18 -26.4827 2000.36 11448
1.185 -26.0169 2000.35 11246.2
1.19 -25.5401 2000.28 11038.9
1.195 -25.0466 2000.23 10824.6
1.2 -24.5352 2000.18 10602.8
1.205 -24.0022 2000.16 10372.3
1.21 -23.4306 2000.2 10127
1.215 -22.8518 2000.16 9875.95
1.22 -22.2585 2000.13 9618.85
1.225 -21.6448 2000.14 9354.25
1.23 -21.0219 2000.13 9085.19
1.235 -20.3865 2000.13 8810.68
1.24 -19.7465 2000.1 8533.45
1.245 -19.099 2000.08 8253.14
1.25 -18.4433 2000.06 7969.42
1.255 -17.7778 2000.05 7681.55
1.26 -17.1004 2000.04 7388.61
1.265 -16.4088 2000.03 7089.61
1.27 -15.7011 2000.02 6783.66
1.275 -14.9751 2000.02 6469.87
1.28 -14.2292 2000.02 6147.53
1.285 -13.4624 2000.01 5816.18
1.29 -12.6744 2000.01 5475.67
1.295 -11.8652 2000 5126.03
1.3 -11.0354 2000 4767.5
1.305 -10.1858 2000 4400.42
1.31 -9.31747 1999.99 4025.23
1.315 -8.43078 1999.98 3642.13
1.32 -7.5264 1999.98 3251.43
1.325 -6.60577 1999.97 2853.7
1.33 -5.67056 1999.96 2449.66
1.335 -4.72193 1999.96 2039.88
1.34 -3.76266 1999.94 1625.41
1.345 -2.79415 1999.9 1206.97
1.35 -1.81844 1999.86 785.51
1.355 -0.837907 1999.78 361.923
1.36 0.145835 1999.67 -63.0142
1.365 1.13583 1999.62 -490.33
1.37 2.13074 1999.46 -917.644
1.375 3.09293 1999.15 -1333.43
1.38 4.02666 1999.08 -1740.55
1.385 4.97605 1999.22 -2151.09
1.39 5.9316 1999.34 -2563.96
1.395 6.89155 1999.43 -2978.78
1.4 7.85541 1999.5 -3395.31
1.405 8.82269 1999.55 -3813.33
1.41 9.79301 1999.59 -4232.67
1.415 10.7662 1999.62 -4653.2
1.42 11.7423 1999.64 -5074.94
1.425 12.7219 1999.65 -5498.11
1.43 13.7058 1999.67 -5923.09
1.435 14.695 1999.68 -6350.31
1.44 15.6902 1999.69 -6780.12
1.445 16.6918 1999.7 -7212.7
1.45 17.7001 1999.71 -7648.21
1.455 18.7157 1999.72 -8086.88
1.46 19.7393 1999.73 -8529.01
1.465 20.7711 1999.74 -8974.77
1.47 21.798 1999.8 -9420.14
1.475 22.8189 1999.9 -9863.91
1.48 23.8257 2000.04 -10302.8
1.485 24.8209 2000.14 -10735.5
1.49 25.8367 2000.07 -11172.2
1.495 26.8112 2000.26 -11596.7
1.5 27.7503 2000.47 -12006.2
1.505 28.6805 2000.59 -12408.1
1.51 29.4884 2001.55 -12766.9
1.515 30.29 2001.93 -13119.6
1.52 31.1268 2001.64 -13477.9
1.525 31.9764 2001.28 -13839.3
1.53 32.7947 2001.29 -14191.1
1.535 33.5547 2001.49 -14520.1
1.54 34.3131 2001.25 -14845.6
1.545 35.0785 2000.97 -15172.5
1.55 35.8428 2000.75 -15499.7
1.555 36.6061 2000.57 -15827
1.56 37.2938 2001.23 -16128
1.565 37.9921 2001.36 -16429.9
1.57 38.689 2001.14 -16729.9
1.575 39.3777 2001 -17027.3
1.58 40.0626 2000.88 -17322.9
1.585 40.7236 2000.94 -17611.3
1.59 41.3641 2001.18 -17889.8
1.595 41.998 2001.21 -18161.7
1.6 42.6028 2001.22 -18425.4
1.605 43.1932 2001.27 -18683.2
1.61 43.7881 2001.13 -18939.2
1.615 44.3455 2001.15 -19181.2
1.62 44.9142 2000.89 -19423.3
1.625 45.4375 2001.11 -19652.7
1.63 45.9533 2001.19 -19875.4
1.635 46.4265 2001.37 -20083.8
1.64 46.8671 2001.68 -20276.6
1.645 47.3058 2001.57 -20462.9
1.65 47.7051 2001.61 -20633.2
1.655 48.0994 2001.33 -20799.5
1.66 48.4461 2001.45 -20952.4
1.665 48.7882 2001.33 -21100.8
1.67 49.1246 2001.28 -21243.4
1.675 49.441 2001.3 -21377.5
1.68 49.751 2001.06 -21508
1.685 50.0549 2000.9 -21635.6
1.69 50.3394 2000.7 -21759.4
1.695 50.614 2000.56 -21879.4
1.7 50.8819 2000.4 -21996
1.705 51.1396 2000.27 -22108.5
1.71 51.3737 2000.74 -22210.2
1.715 51.5821 2000.86 -22302.4
1.72 51.7704 2000.6 -22386
1.725 51.9171 2000.38 -22456.1
1.73 52.0017 2000.14 -22503.5
1.735 52.0345 2000.12 -22528
1.74 52.0116 2000.02 -22525.3
1.745 51.9925 1999.74 -22511.3
1.75 51.8874 1999.24 -22471.6
1.755 51.7698 1999.03 -22421.1
1.76 51.6589 1999.08 -22365.7
1.765 51.5324 1999.13 -22304.7
1.77 51.3738 1999.37 -22234.3
1.775 51.193 1999.46 -22154.5
1.78 50.9661 1999.22 -22055.9
1.785 50.7437 1999.35 -21954.2
1.79 50.532 1999.71 -21852.8
1.795 50.3038 1999.86 -21748.4
1.8 50.0573 1999.74 -21640.1
1.805 49.8018 1999.63 -21528.5
1.81 49.5385 1999.56 -21413.7
1.815 49.2673 1999.51 -21295.5
1.82 48.9901 1999.46 -21173.2
1.825 48.6819 1999.29 -21041.9
1.83 48.3777 1999.32 -20909.1
1.835 48.0682 1999.34 -20774.5
1.84 47.7736 1999.67 -20641.5
1.845 47.6587 2000.81 -20560.1
1.85 47.5006 2001.11 -20482
1.855 47.2954 2000.82 -20401.5
1.86 47.0916 2000.59 -20319.9
1.865 46.888 2000.4 -20237.1
1.87 46.6882 2000.29 -20153.6
1.875 46.4858 2000.19 -20068.9
1.88 46.2786 2000.06 -19982.6
1.885 46.1633 2000.52 -19921.2
1.89 46.036 2000.66 -19862.5
1.895 45.8827 2000.45 -19801.7
1.9 45.7306 2000.3 -19740.1
1.905 45.5782 2000.17 -19677.6
1.91 45.4236 2000.04 -19613.8
1.915 45.2673 1999.93 -19548.8
1.92 45.1062 1999.79 -19481.6
1.925 44.9391 1999.64 -19411.6
1.93 44.7959 1999.76 -19347
1.935 44.7417 2000.15 -19313.9
1.94 44.6522 2000.05 -19278.5
1.945 44.5861 2000.17 -19249.1
1.95 44.6198 2000.67 -19254.6
1.955 44.6146 2000.5 -19256.6
1.96 44.6112 2000.37 -19258.7
1.965 44.6091 2000.26 -19260.6
1.97 44.608 2000.17 -19262.3
1.975 44.6074 2000.1 -19263.9
1.98 44.6072 2000.04 -19265.3
1.985 44.6024 1999.88 -19265.1
1.99 44.598 1999.79 -19264.5
1.995 44.5957 1999.79 -19264.1
2 44.5931 1999.78 -19263.4
2.005 44.5926 2000.05 -19263.3
2.01 44.5899 2000.2 -19262.3
2.015 44.5839 2000.12 -19259.9
2.02 44.5777 2000.05 -19257.5
2.025 44.5655 1999.82 -19253.3
2.03 44.5549 1999.7 -19249.1
2.035 44.539 1999.45 -19243.2
2.04 44.5234 1999.32 -19236.9
2.045 44.5116 1999.42 -19231.3
2.05 44.499 1999.49 -19225.6
2.055 44.4858 1999.55 -19219.6
2.06 44.472 1999.59 -19213.4
2.065 44.4577 1999.62 -19207
2.07 44.4632 2000.09 -19206.3
2.075 44.468 2000.36 -19206.7
2.08 44.4636 2000.27 -19205.5
2.085 44.4595 2000.19 -19204.4
2.09 44.4557 2000.13 -19203.2
2.095 44.452 2000.08 -19202
2.1 44.4485 2000.04 -19200.8
2.105 44.445 2000 -19199.6
2.11 44.4414 1999.97 -19198.2
2.115 44.4378 1999.94 -19196.9
2.12 44.4341 1999.92 -19195.4
2.125 44.4302 1999.9 -19193.9
2.13 44.4261 1999.88 -19192.2
2.135 44.4218 1999.86 -19190.5
2.14 44.4173 1999.84 -19188.6
2.145 44.4124 1999.82 -19186.6
2.15 44.4072 1999.8 -19184.4
2.155 44.4016 1999.77 -19182.1
2.16 44.3956 1999.75 -19179.5
2.165 44.389 1999.72 -19176.8
2.17 44.3818 1999.69 -19173.7
2.175 44.3737 1999.65 -19170.4
2.18 44.3646 1999.6 -19166.6
2.185 44.3623 2000.12 -19164.8
2.19 44.359 2000.54 -19162.7
2.195 44.3484 2000.38 -19158.4
2.2 44.3376 2000.25 -19153.9
2.205 44.3219 1999.97 -19147.9
2.21 44.3048 1999.76 -19141.1
2.215 44.2906 1999.77 -19134.8
2.22 44.2759 1999.77 -19128.3
2.225 44.2607 1999.78 -19121.7
2.23 44.245 1999.78 -19114.8
2.235 44.2288 1999.77 -19107.7
2.24 44.2121 1999.77 -19100.5
2.245 44.1949 1999.76 -19093
2.25 44.1771 1999.76 -19085.4
2.255 44.1589 1999.75 -19077.5
2.26 44.1401 1999.74 -19069.4
2.265 44.1207 1999.73 -19061
2.27 44.1007 1999.71 -19052.4
2.275 44.0796 1999.69 -19043.4
2.28 44.0703 2000.02 -19037.5
2.285 44.0591 2000.22 -19031.7
2.29 44.0425 2000.14 -19024.9
2.295 44.0257 2000.08 -19018.1
2.3 44.0089 2000.02 -19011.1
2.305 43.9918 1999.97 -19004
2.31 43.9746 1999.93 -18996.8
2.315 43.9571 1999.9 -18989.4
2.32 43.9394 1999.87 -18981.9
2.325 43.9215 1999.85 -18974.3
2.33 43.9033 1999.82 -18966.5
2.335 43.8847 1999.8 -18958.6
2.34 43.8658 1999.79 -18950.5
2.345 43.8463 1999.77 -18942.1
2.35 43.8263 1999.75 -18933.5
2.355 43.8051 1999.7 -18924.5
2.36 43.7712 1999.21 -18910.8
2.365 43.7337 1999.05 -18895.1
2.37 43.6879 1998.8 -18876.1
2.375 43.6288 1998.34 -18851.8
2.38 43.5404 1997.07 -18815.7
2.385 43.4921 1997.45 -18791.5
2.39 43.42 1997.07 -18761.4
2.395 43.3664 2000.15 -18734.4
2.4 43.3281 2003.02 -18716.7
2.405 43.2788 2002.58 -18699.2
2.41 43.2353 2001.85 -18680.3
2.415 43.1857 2001.23 -18658.9
2.42 43.181 2003.34 -18652.9
2.425 43.1556 2002.61 -18642.2
2.43 43.1305 2002.06 -18631.6
2.435 43.1053 2001.62 -18621
2.44 43.0799 2001.26 -18610.2
2.445 43.0527 2000.87 -18598.8
2.45 43.0244 2000.54 -18586.9
2.455 42.9961 2000.36 -18574.8
2.46 42.9669 2000.21 -18562.2
2.465 42.9423 2000.29 -18550.9
2.47 42.9318 2000.63 -18544.8
2.475 42.9139 2000.46 -18537.5
2.48 42.8958 2000.32 -18530
2.485 42.8771 2000.21 -18522.3
2.49 42.8636 2000.28 -18515.9
2.495 42.8658 2000.6 -18515.3
2.5 42.8598 2000.52 -18513.4
2.505 42.8533 2000.45 -18511.1
2.51 42.8464 2000.38 -18508.6
2.515 42.8392 2000.3 -18505.8
2.52 42.8317 2000.22 -18502.8
2.525 42.8196 1999.87 -18498.3
2.53 42.8191 2000.04 -18497
2.535 42.8336 2000.57 -18501.2
2.54 42.8379 2000.46 -18503.6
2.545 42.8428 2000.37 -18506.2
2.55 42.848 2000.3 -18508.8
2.555 42.8535 2000.24 -18511.5
2.56 42.8586 2000.12 -18514
2.565 42.8639 2000.03 -18516.6
2.57 42.8701 2000.02 -18519.3
2.575 42.8763 2000.01 -18522.1
2.58 42.8826 2000 -18524.9
2.585 42.8889 2000 -18527.8
2.59 42.8953 1999.99 -18530.6
2.595 42.9017 1999.99 -18533.4
2.6 42.9081 1999.98 -18536.2
2.605 42.9145 1999.98 -18539
2.61 42.9209 1999.98 -18541.8
2.615 42.9272 1999.97 -18544.5
2.62 42.9335 1999.97 -18547.2
2.625 42.9397 1999.97 -18549.9
2.63 42.9458 1999.97 -18552.6
2.635 42.9518 1999.97 -18555.2
2.64 42.9576 1999.97 -18557.7
2.645 42.9634 1999.97 -18560.2
2.65 42.9691 1999.97 -18562.7
2.655 42.9747 1999.97 -18565.1
2.66 42.9802 1999.97 -18567.5
2.665 42.9856 1999.97 -18569.8
2.67 42.9909 1999.97 -18572.1
2.675 42.996 1999.97 -18574.3
2.68 43.0017 2000 -18576.7
2.685 43.0125 2000.23 -18580.8
2.69 43.0197 2000.18 -18584
2.695 43.0269 2000.15 -18587.3
2.7 43.0341 2000.12 -18590.4
2.705 43.0412 2000.09 -18593.5
2.71 43.0481 2000.08 -18596.6
2.715 43.0549 2000.06 -18599.6
2.72 43.0616 2000.05 -18602.5
2.725 43.068 2000.04 -18605.3
2.73 43.0743 2000.03 -18608
2.735 43.0803 2000.02 -18610.6
2.74 43.0861 2000.02 -18613.1
2.745 43.0916 2000.02 -18615.5
2.75 43.0969 2000.01 -18617.8
2.755 43.1019 2000.01 -18620
2.76 43.1066 2000.01 -18622
2.765 43.111 2000.01 -18623.9
2.77 43.1151 2000 -18625.7
2.775 43.119 2000 -18627.4
2.78 43.1227 2000 -18629
2.785 43.1261 2000 -18630.5
2.79 43.1294 2000 -18631.9
2.795 43.1325 2000 -18633.2
2.8 43.1355 2000 -18634.5
2.805 43.1384 2000 -18635.8
2.81 43.1412 2000 -18637
2.815 43.144 2000 -18638.2
2.82 43.1468 2000 -18639.4
2.825 43.1496 2000 -18640.6
2.83 43.1525 2000 -18641.9
2.835 43.1555 2000 -18643.2
2.84 43.1586 2000 -18644.5
2.845 43.1618 2000 -18645.9
2.85 43.1651 2000 -18647.3
2.855 43.1686 2000 -18648.9
2.86 43.1723 2000 -18650.4
2.865 43.1761 2000 -18652.1
2.87 43.1802 2000 -18653.8
2.875 43.1844 2000 -18655.7
2.88 43.1888 2000 -18657.6
2.885 43.1935 2000 -18659.6
2.89 43.1985 2000 -18661.7
2.895 43.2037 2000 -18664
2.9 43.2092 2000 -18666.4
2.905 43.215 2000 -18668.9
2.91 43.2211 2000 -18671.5
2.915 43.2275 2000 -18674.3
2.92 43.2342 2000 -18677.2
2.925 43.2411 2000 -18680.1
2.93 43.2482 2000 -18683.2
2.935 43.2554 2000 -18686.4
2.94 43.2629 2000 -18689.6
2.945 43.2705 2000 -18692.9
2.95 43.2783 2000 -18696.2
2.955 43.2861 2000 -18699.6
2.96 43.294 2000 -18703
2.965 43.302 2000 -18706.5
2.97 43.3101 2000 -18710
2.975 43.3182 2000 -18713.4
2.98 43.3262 2000 -18716.9
2.985 43.3342 2000 -18720.4
2.99 43.3422 2000 -18723.8
2.995 43.3501 2000 -18727.2
3 43.3579 2000 -18730.6
3.005 43.3656 2000 -18733.9
3.01 43.3732 2000 -18737.2
3.015 43.3806 2000 -18740.4
3.02 43.3879 2000 -18743.6
3.025 43.3951 2000 -18746.7
3.03 43.4022 2000 -18749.8
3.035 43.4091 2000 -18752.7
3.04 43.4159 2000 -18755.7
3.045 43.4226 2000 -18758.6
3.05 43.4291 2000 -18761.4
3.055 43.4355 2000 -18764.2
3.06 43.4418 2000 -18766.9
3.065 43.4479 2000 -18769.5
3.07 43.4539 2000 -18772.1
3.075 43.4598 2000 -18774.6
3.08 43.4655 2000 -18777.1
3.085 43.471 2000 -18779.5
3.09 43.4764 2000 -18781.8
3.095 43.4816 2000 -18784.1
3.1 43.4867 2000 -18786.3
3.105 43.4916 2000 -18788.4
3.11 43.4962 2000 -18790.4
3.115 43.5007 2000 -18792.3
3.12 43.5049 2000 -18794.1
3.125 43.5089 2000 -18795.8
3.13 43.5126 2000 -18797.5
3.135 43.5161 2000 -18799
3.14 43.5193 2000 -18800.4
3.145 43.5223 2000 -18801.6
3.15 43.525 2000 -18802.8
3.155 43.5275 2000 -18803.9
3.16 43.5297 2000 -18804.8
3.165 43.5316 2000 -18805.7
3.17 43.5333 2000 -18806.4
3.175 43.5346 2000 -18806.9
3.18 43.5356 2000 -18807.4
3.185 43.5363 2000 -18807.7
3.19 43.5367 2000 -18807.9
3.195 43.5367 2000 -18807.9
3.2 43.5019 1999.96 -18798.1
3.205 43.453 1999.95 -18779.9
3.21 43.4013 1999.95 -18755.9
3.215 43.3383 1999.96 -18727.3
3.22 43.268 1999.96 -18695.8
3.225 43.1937 1999.97 -18662.7
3.23 43.1178 1999.97 -18629.1
3.235 43.0421 1999.97 -18595.7
3.24 42.9681 1999.97 -18563.1
3.245 42.8968 1999.97 -18531.9
3.25 42.8291 1999.97 -18502.3
3.255 42.7657 1999.97 -18474.6
3.26 42.7074 1999.97 -18449.2
3.265 42.6546 1999.97 -18426.3
3.27 42.6077 1999.97 -18406
3.275 42.5671 1999.97 -18388.4
3.28 42.5331 1999.98 -18373.7
3.285 42.506 1999.98 -18362.1
3.29 42.4864 1999.98 -18353.7
3.295 42.4748 1999.99 -18348.7
3.3 42.4718 1999.99 -18347.5
3.305 42.4808 1999.98 -18351.1
3.31 42.5018 1999.97 -18359.9
3.315 42.5348 1999.98 -18374.4
3.32 42.5813 1999.98 -18394.6
3.325 42.6414 1999.99 -18420.6
3.33 42.7147 1999.99 -18452.4
3.335 42.8007 1999.99 -18489.6
3.34 42.8984 1999.99 -18531.9
3.345 43.0067 1999.99 -18578.7
3.35 43.1236 1999.99 -18629.3
3.355 43.246 1999.99 -18682.5
3.36 43.3653 2000.03 -18735.5
3.365 43.4565 2000.11 -18779.9
3.37 43.4854 2000.01 -18802.7
3.375 43.4801 1999.87 -18807.2
3.38 43.4894 1999.95 -18809
3.385 43.5005 1999.97 -18810
3.39 43.5101 1999.97 -18810.7
3.395 43.5182 1999.98 -18811.5
3.4 43.525 1999.98 -18812.1
3.405 43.5307 1999.99 -18812.8
3.41 43.5355 1999.99 -18813.4
3.415 43.5394 1999.99 -18813.9
3.42 43.5427 1999.99 -18814.4
3.425 43.5454 1999.99 -18814.7
3.43 43.5474 2000 -18815
3.435 43.5489 2000 -18815.2
3.44 43.5499 2000 -18815.2
3.445 43.5121 1999.96 -18804.3
3.45 43.4513 1999.94 -18781.3
3.455 43.3749 1999.95 -18746.2
3.46 43.2676 1999.95 -18697.9
3.465 43.131 1999.95 -18637
3.47 42.9678 1999.92 -18564.5
3.475 42.7823 1999.88 -18482.2
3.48 42.58 1999.84 -18392.3
3.485 42.3666 1999.79 -18297.4
3.49 42.1483 1999.73 -18200.2
3.495 41.9308 1999.67 -18103.4
3.5 41.7185 1999.62 -18009.2
3.505 41.5147 1999.57 -17919
3.51 41.3211 1999.47 -17833.9
3.515 41.1405 1999.45 -17754.8
3.52 40.9723 1999.44 -17681.8
3.525 40.8164 1999.44 -17614.6
3.53 40.6723 1999.46 -17552.9
3.535 40.5392 1999.48 -17496.2
3.54 40.4162 1999.51 -17444.1
3.545 40.3024 1999.54 -17396.1
3.55 40.1971 1999.57 -17351.9
3.555 40.0996 1999.61 -17311
3.56 40.0092 1999.64 -17273.2
3.565 39.9254 1999.67 -17238.2
3.57 39.8476 1999.7 -17205.6
3.575 39.7742 1999.63 -17175.1
3.58 39.7073 1999.62 -17147.2
3.585 39.6465 1999.66 -17121.7
3.59 39.5906 1999.7 -17098.2
3.595 39.5397 1999.74 -17076.9
3.6 39.4943 1999.77 -17057.9
3.605 39.4548 1999.8 -17041.3
3.61 39.4211 1999.83 -17027.3
3.615 39.3931 1999.85 -17015.6
3.62 39.3703 1999.88 -17006.1
3.625 39.3527 1999.9 -16998.8
3.63 39.34 1999.91 -16993.6
3.635 39.3322 1999.93 -16990.5
3.64 39.3291 1999.94 -16989.4
3.645 39.3454 1999.87 -16994.3
3.65 39.3898 1999.78 -17011.5
3.655 39.455 1999.82 -17040.6
3.66 39.5475 1999.85 -17081.5
3.665 39.6658 1999.89 -17133.3
3.67 39.8076 1999.92 -17195.4
3.675 39.9704 1999.96 -17266.8
3.68 40.151 2000.01 -17346
3.685 40.3457 2000.05 -17431.6
3.69 40.5504 2000.11 -17521.8
3.695 40.7601 2000.14 -17614.6
3.7 40.9714 2000.19 -17708.3
3.705 41.1804 2000.25 -17801
3.71 41.3832 2000.29 -17891.1
3.715 41.5775 2000.32 -17977.3
3.72 41.7615 2000.34 -18058.7
3.725 41.9335 2000.34 -18134.5
3.73 42.092 2000.3 -18204
3.735 42.2391 2000.29 -18267.7
3.74 42.3738 2000.28 -18325.5
3.745 42.4966 2000.26 -18377.7
3.75 42.6081 2000.23 -18424.6
3.755 42.7088 2000.19 -18466.7
3.76 42.7995 2000.15 -18504.3
3.765 42.8781 2000.05 -18537
3.77 42.9502 2000.04 -18566.4
3.775 43.014 2000.03 -18592.5
3.78 43.0683 1999.96 -18614.8
3.785 43.1162 1999.94 -18634.3
3.79 43.1589 1999.95 -18651.4
3.795 43.1956 1999.97 -18666.1
3.8 43.2266 1999.98 -18678.6
3.805 43.2509 1999.96 -18688.5
3.81 43.2701 1999.94 -18696.2
3.815 43.2854 1999.95 -18702.1
3.82 43.2962 1999.96 -18706.3
3.825 43.3027 1999.97 -18708.6
3.83 43.305 1999.98 -18709.2
3.835 43.2779 2000.02 -18701.1
3.84 43.2273 2000.04 -18681.6
3.845 43.1605 2000.03 -18651.2
3.85 43.0682 2000.02 -18609.9
3.855 42.9521 2000.01 -18558.5
3.86 42.8142 1999.99 -18497.5
3.865 42.657 1999.96 -18428
3.87 42.4834 1999.93 -18351.2
3.875 42.2965 1999.89 -18268.5
3.88 42.1001 1999.85 -18181.4
3.885 41.8977 1999.8 -18091.6
3.89 41.6928 1999.75 -18000.6
3.895 41.4884 1999.7 -17909.9
3.9 41.287 1999.66 -17820.6
3.905 41.0904 1999.62 -17733.8
3.91 40.8996 1999.6 -17649.8
3.915 40.715 1999.59 -17569
3.92 40.5367 1999.58 -17491.4
3.925 40.3643 1999.59 -17416.7
3.93 40.1972 1999.6 -17344.6
3.935 40.0348 1999.62 -17274.9
3.94 39.8759 1999.58 -17207
3.945 39.7203 1999.4 -17140.8
3.95 39.5696 1998.44 -17076.6
3.955 39.4323 1998.14 -17018.4
3.96 39.3056 1998.35 -16964.8
3.965 39.1823 1998.51 -16912.7
3.97 39.0594 1998.4 -16861.1
3.975 38.9418 1998.28 -16811.7
3.98 38.8322 1998.26 -16765.4
3.985 38.7282 1998.25 -16721.5
3.99 38.6294 1998.28 -16679.8
3.995 38.5352 1998.21 -16640.1
4 38.4493 1998.22 -16603.6
4.005 38.3599 1997.55 -16566.9
4.01 38.2881 1996.95 -16537.3
4.015 38.2425 1995.99 -16518
4.02 38.2445 1995.53 -16519.1
4.025 38.2467 1999.5 -16526.6
4.03 38.1704 2006.73 -16497.4
4.035 37.983 2004.28 -16417.9
4.04 37.8115 2002.91 -16343.6
4.045 37.653 2002.36 -16273
4.05 37.4936 2001.92 -16202.6
4.055 37.335 2000.79 -16132.4
4.06 37.1841 2000.06 -16066
4.065 37.0405 1999.83 -16003.3
4.07 36.8993 1999.61 -15941.8
4.075 36.7619 1999.46 -15881.9
4.08 36.6279 1999.32 -15823.7
4.085 36.4973 1999.13 -15767.1
4.09 36.3699 1998.82 -15712.2
4.095 36.2522 1998.65 -15661.1
4.1 36.1421 1998.48 -15613.3
4.105 36.0406 1998.29 -15569.2
4.11 35.949 1998.06 -15529.5
4.115 35.8697 1997.78 -15495.1
4.12 35.8054 1997.43 -15467.2
4.125 35.7406 1997.93 -15442
4.13 35.6442 2004.14 -15406.8
4.135 35.5026 2005.82 -15346.4
4.14 35.3261 2004.12 -15269.5
4.145 35.1661 2003.09 -15198.5
4.15 35.0188 2002.02 -15133
4.155 34.8816 2001.4 -15072.6
4.16 34.7521 2000.91 -15015.6
4.165 34.6267 2000.35 -14961
4.17 34.5101 1999.9 -14910.2
4.175 34.4039 1999.63 -14863.7
4.18 34.3069 1999.71 -14821.2
4.185 34.2125 1999.84 -14779.9
4.19 34.1186 1999.58 -14739
4.195 34.0328 1999.37 -14701.7
4.2 33.9549 1999.18 -14667.8
4.205 33.8836 1999.17 -14637.1
4.21 33.7954 1999.92 -14600.1
4.215 33.7009 1999.7 -14559
4.22 33.609 1999.37 -14519.5
4.225 33.5268 1998.72 -14483.5
4.23 33.4633 1997.92 -14455.2
4.235 33.4208 1997.81 -14436.6
4.24 33.3907 1998.03 -14423.6
4.245 33.3652 1998.17 -14412.5
4.25 33.3444 1998.21 -14403.7
4.255 33.3281 1998.03 -14397.3
4.26 33.3215 1997.57 -14395.7
4.265 33.3452 1998.71 -14406
4.27 33.3693 1999.22 -14415.1
4.275 33.3268 2002.91 -14404.2
4.28 33.2623 2004.36 -14376.5
4.285 33.185 2003.6 -14337.6
4.29 33.1039 2002.8 -14301
4.295 33.0239 2001.89 -14266.4
4.3 32.9562 2001.1 -14237.1
4.305 32.9069 2000.51 -14215.3
4.31 32.732 2010.76 -14159.7
4.315 32.4662 2011.31 -14059.8
4.32 32.1772 2006.16 -13937.8
4.325 31.9537 2004.49 -13832.2
4.33 31.7387 2002.86 -13731.4
4.335 31.5287 2001.9 -13635.2
4.34 31.3226 2001.2 -13542.1
4.345 31.1207 2000.33 -13451.5
4.35 30.9272 1999.67 -13365.1
4.355 30.7437 1999.25 -13283.5
4.36 30.5156 2001.19 -13191
4.365 30.1454 2005.11 -13044.6
4.37 29.7833 2003.67 -12883.8
4.375 29.4211 2002.78 -12723.3
4.38 29.0845 2001.02 -12570.3
4.385 28.7621 1999.67 -12425.4
4.39 28.4524 1999.03 -12288.9
4.395 28.1606 1998.26 -12160.3
4.4 27.9007 1997.25 -12045.1
4.405 27.5001 2002.83 -11895.5
4.41 26.9823 2008.13 -11689.7
4.415 26.4868 2006.93 -11470.6
4.42 25.9501 2006.75 -11238.4
4.425 25.4495 2004.77 -11013.8
4.43 24.9722 2003.02 -10800.2
4.435 24.5038 2002.07 -10594
4.44 24.0688 2000.67 -10400.1
4.445 23.6546 1999.62 -10216.8
4.45 23.2614 1999.01 -10044.5
4.455 22.6344 2005.94 -9808.2
4.46 22.0522 2008.77 -9567.71
4.465 21.5361 2006.78 -9335.88
4.47 21.0327 2005.33 -9110.51
4.475 20.54 2004.22 -8891.96
4.48 20.0712 2002.93 -8683.73
4.485 19.6473 2001.43 -8493.46
4.49 19.2374 2000.71 -8313.07
4.495 18.8485 2000.11 -8142.71
4.5 18.4825 1999.61 -7982.62
4.505 17.9661 2003.72 -7781.12
4.51 17.4295 2006.26 -7562.84
4.515 16.9699 2004.9 -7357.55
4.52 16.5255 2003.88 -7160.1
4.525 16.0969 2003.05 -6970.6
4.53 15.6848 2002.39 -6789.06
4.535 15.2895 2001.87 -6615.46
4.54 14.9111 2001.44 -6449.75
4.545 14.5499 2001.11 -6291.89
4.55 14.1512 2002.08 -6125.63
4.555 13.8 2002 -5973.68
4.56 13.4752 2001.54 -5830.71
4.565 13.1681 2001.17 -5695.88
4.57 12.8781 2000.88 -5568.9
4.575 12.604 2000.65 -5449.17
4.58 12.3444 2000.47 -5335.96
4.585 12.024 2001.93 -5206.67
4.59 11.717 2002.59 -5078.29
4.595 11.4458 2002.06 -4957.82
4.6 11.1812 2001.66 -4840.92
4.605 10.9216 2001.33 -4726.64
4.61 10.6645 2001.06 -4613.9
4.615 10.4078 2000.85 -4501.63
4.62 10.149 2000.68 -4388.73
4.625 9.88582 2000.54 -4274.15
4.63 9.61581 2000.43 -4156.79
4.635 9.33652 2000.34 -4035.56
4.64 9.0468 2000.23 -3909.77
4.645 8.74721 2000.1 -3779.56
4.65 8.431 2000.06 -3642.72
4.655 8.09808 2000.03 -3498.69
4.66 7.74677 2000 -3346.74
4.665 7.37554 1999.98 -3186.2
4.67 6.98315 1999.95 -3016.54
4.675 6.56869 1999.93 -2837.35
4.68 6.13155 1999.91 -2648.37
4.685 5.69444 1999.39 -2456.23
4.69 5.1575 2000.5 -2233.37
4.695 4.52036 2002.12 -1970.53
4.7 3.90811 2001.64 -1702.31
4.705 3.26391 2001.27 -1421.01
4.71 2.58774 2000.98 -1126.48
4.715 1.8796 2000.74 -818.576
4.72 1.13936 2000.54 -497.154
4.725 0.310178 2001.2 -145.353
4.73 -0.547302 2001.43 222.71
4.735 -1.45519 2001.55 613.288
4.74 -2.504 2002.39 1057.3
4.745 -3.53999 2001.79 1510.56
4.75 -4.5959 2001.11 1973.14
4.755 -5.69991 2000.81 2453.1
4.76 -6.84184 2000.53 2948.97
4.765 -8.02179 2000.3 3460.84
4.77 -9.2275 1999.93 3985.17
4.775 -10.4559 1999.47 4520.15
4.78 -11.6712 1998.74 5052.12
4.785 -13.2684 2001.75 5697.14
4.79 -14.8845 2003.12 6374.22
4.795 -16.4302 2002.22 7055.14
4.8 -17.9919 2001.72 7743.36
4.805 -20.3472 2005.86 8667.45
4.81 -22.4726 2006.16 9569.46
4.815 -25.1482 2007.3 10665.3
4.82 -27.8961 2008.54 11819.4
4.825 -31.2772 2009.57 13195.7
4.83 -34.5798 2010.51 14578.5
4.835 -37.4181 2010.75 15875.2
4.84 -39.6064 2006.68 16931.6
4.845 -41.7084 2005.33 17909.8
4.85 -43.7464 2005.23 18838.2
4.855 -45.5084 2004.04 19668.5
4.86 -47.0843 2004.07 20400
4.865 -48.6376 2004.3 21071.8
4.87 -49.9629 2004.92 21648.7
4.875 -51.0286 2004.32 22141.2
4.88 -51.8807 2003.88 22539.8
4.885 -52.2384 2002.33 22784.5
4.89 -51.3866 1998.4 22651.2
4.895 -50.3711 1992.22 22290.7
4.9 -49.3756 1988.35 21810.9
4.905 -48.3453 1988.51 21298.6
4.91 -47.0753 1986.09 20707.4
4.915 -46.5911 1989.86 20317.2
4.92 -46.1404 1994.63 19980.2
4.925 -45.6458 1996.27 19722.6
4.93 -44.9984 1995.91 19448.1
4.935 -44.6869 1996.66 19263.3
4.94 -44.8997 2000.32 19259.7
4.945 -44.8611 2000.22 19244.5
4.95 -44.7273 1998.91 19218.5
4.955 -44.6287 1998.88 19196.9
4.96 -44.5371 1998.83 19174.3
4.965 -44.4798 1998.37 19158.6
4.97 -44.4508 1998.54 19152.9
4.975 -44.4064 1998.38 19144.7
4.98 -44.3626 1998.18 19134.9
4.985 -44.3077 1997.49 19120
4.99 -44.2486 1997.25 19101.2
4.995 -44.2257 1999.35 19092
5 -44.1796 1999.34 19075.2
5.005 -44.1335 1999.31 19057.8
5.01 -44.0831 1999.17 19038.4
5.015 -43.9545 1995.15 18994.4
5.02 -43.8606 1994.1 18954.2
5.025 -43.7724 1994.78 18913.1
5.03 -43.6233 1993.16 18854.7
5.035 -43.3559 1991.27 18745.6
5.04 -43.37 2003.38 18710.5
5.045 -43.3855 2011 18697.5
5.05 -43.287 2007.55 18665.8
5.055 -0.366269 -67.2371 119.614
