0.1 -1.62248e-17 -0.0157665 7.51149e-20
0.2 -1.813e-17 -0.031792 8.3935e-20
0.3 -6.01577e-17 -0.0483554 2.78508e-19
0.4 -3.49882e-17 -0.0652805 1.61982e-19
0.5 -3.53197e-17 -0.0825181 1.63517e-19
0.6 -5.7423e-17 -0.100086 2.65847e-19
0.7 -1.58412e-16 -0.118004 7.33389e-19
0.8 -2.117e-16 -0.136295 9.80095e-19
0.9 -1.40285e-16 -0.154981 6.49468e-19
1 -3.25045e-16 -0.174091 1.50484e-18
0.005 -2.37062e-06 -0.174091 8.23133e-09
0.01 -1.18464e-05 -0.174091 4.11331e-08
0.015 -3.07746e-05 -0.174091 1.06856e-07
0.02 -5.91157e-05 -0.174091 2.05262e-07
0.025 -9.6821e-05 -0.174091 3.36184e-07
0.03 -0.000143841 -0.174091 4.99449e-07
0.035 -0.000200139 -0.174091 6.94926e-07
0.04 -0.000265699 -0.174092 9.22565e-07
0.045 -0.000340541 -0.174092 1.18243e-06
0.05 -0.000424726 -0.174092 1.47474e-06
0.055 -0.00051837 -0.174092 1.7999e-06
0.06 -0.000621649 -0.174093 2.1585e-06
0.065 -0.000734804 -0.174093 2.5514e-06
0.07 -0.000858129 -0.174093 2.97961e-06
0.075 -0.000991958 -0.174094 3.44429e-06
0.08 -0.00113664 -0.174094 3.94666e-06
0.085 -0.00129251 -0.174095 4.48789e-06
0.09 -0.00145985 -0.174095 5.0689e-06
0.095 -0.00163881 -0.174096 5.69029e-06
0.1 -0.00182944 -0.174096 6.3522e-06
0.105 -0.00203166 -0.174097 7.05435e-06
0.11 -0.00224529 -0.174098 7.79611e-06
0.115 -0.00247008 -0.174098 8.57661e-06
0.12 -0.00270572 -0.174099 9.39479e-06
0.125 -0.00295187 -0.1741 1.02495e-05
0.13 -0.00320817 -0.1741 1.11394e-05
0.135 -0.00347427 -0.174101 1.20633e-05
0.14 -0.00374987 -0.174102 1.30203e-05
0.145 -0.0040348 -0.174103 1.40096e-05
0.15 -0.00432909 -0.174104 1.50314e-05
0.155 -0.00463299 -0.174105 1.60866e-05
0.16 -0.00494702 -0.174106 1.7177e-05
0.165 -0.00527189 -0.174107 1.8305e-05
0.17 -0.00560849 -0.174108 1.94737e-05
0.175 -0.00595778 -0.174109 2.06865e-05
0.18 -0.00632071 -0.17411 2.19466e-05
0.185 -0.00669796 -0.174111 2.32565e-05
0.19 -0.00708979 -0.174112 2.46169e-05
0.195 -0.00749575 -0.174113 2.60265e-05
0.2 -0.00791458 -0.174115 2.74807e-05
0.205 -0.00834419 -0.174116 2.89724e-05
0.21 -0.00878171 -0.174117 3.04915e-05
0.215 -0.00922376 -0.174119 3.20263e-05
0.22 -0.00966694 -0.17412 3.3565e-05
0.225 -0.0101084 -0.174121 3.50978e-05
0.23 -0.0105465 -0.174123 3.66188e-05
0.235 -0.0109808 -0.174124 3.81268e-05
0.24 -0.0114126 -0.174125 3.96261e-05
0.245 -0.0118446 -0.174127 4.11261e-05
0.25 -0.0122806 -0.174128 4.26398e-05
0.255 -0.0127249 -0.174129 4.41824e-05
0.26 -0.0131821 -0.174131 4.57697e-05
0.265 -0.0136564 -0.174132 4.74166e-05
0.27 -0.0141517 -0.174134 4.91363e-05
0.275 -0.0146711 -0.174135 5.09396e-05
0.28 -0.0152167 -0.174137 5.28341e-05
0.285 -0.0157896 -0.174139 5.48231e-05
0.29 -0.0163896 -0.17414 5.6906e-05
0.295 -0.0170153 -0.174142 5.90788e-05
0.3 -0.0176652 -0.174144 6.1335e-05
0.305 -0.018337 -0.174146 6.36675e-05
0.31 -0.0190289 -0.174149 6.60698e-05
0.315 -0.0197394 -0.174151 6.85365e-05
0.32 -0.0204676 -0.174153 7.10647e-05
0.325 -0.0212134 -0.174155 7.36542e-05
0.33 -0.0219779 -0.174158 7.63085e-05
0.335 -0.0227631 -0.17416 7.90345e-05
0.34 -0.0235718 -0.174162 8.18422e-05
0.345 -0.0244072 -0.174165 8.47425e-05
0.35 -0.0252723 -0.174168 8.77458e-05
0.355 -0.0261688 -0.17417 9.08582e-05
0.36 -0.0270966 -0.174173 9.40797e-05
0.365 -0.0280535 -0.174176 9.74018e-05
0.37 -0.0290343 -0.174179 0.000100807
0.375 -0.0300313 -0.174182 0.000104268
0.38 -0.0310342 -0.174185 0.00010775
0.385 -0.0320315 -0.174188 0.000111212
0.39 -0.0330121 -0.174191 0.000114616
0.395 -0.0339659 -0.174194 0.000117928
0.4 -0.0348848 -0.174197 0.000121118
0.405 -0.0357628 -0.1742 0.000124166
0.41 -0.0365966 -0.174202 0.000127061
0.415 -0.0373862 -0.174205 0.000129802
0.42 -0.0381351 -0.174207 0.000132402
0.425 -0.0388493 -0.174209 0.000134881
0.43 -0.0395367 -0.174211 0.000137267
0.435 -0.0402047 -0.174213 0.000139586
0.44 -0.0408601 -0.174215 0.000141862
0.445 -0.0415088 -0.174217 0.000144114
0.45 -0.042156 -0.174219 0.000146361
0.455 -0.0428078 -0.174221 0.000148623
0.46 -0.0434705 -0.174223 0.000150924
0.465 -0.0441508 -0.174225 0.000153285
0.47 -0.0448548 -0.174227 0.000155729
0.475 -0.0455877 -0.17423 0.000158274
0.48 -0.0463537 -0.174232 0.000160933
0.485 -0.0471558 -0.174235 0.000163717
0.49 -0.0479957 -0.174237 0.000166633
0.495 -0.0488734 -0.17424 0.00016968
0.5 -0.0497872 -0.174243 0.000172852
0.505 -0.0507354 -0.174246 0.000176143
0.51 -0.0517171 -0.174249 0.000179551
0.515 -0.0527333 -0.174252 0.000183079
0.52 -0.0537875 -0.174255 0.000186738
0.525 -0.0548851 -0.174258 0.000190549
0.53 -0.0560328 -0.174262 0.000194533
0.535 -0.0572368 -0.174266 0.000198712
0.54 -0.0585003 -0.174269 0.000203098
0.545 -0.0598221 -0.174273 0.000207686
0.55 -0.061196 -0.174278 0.000212455
0.555 -0.0626122 -0.174282 0.000217371
0.56 -0.0640582 -0.174287 0.00022239
0.565 -0.0655216 -0.174291 0.00022747
0.57 -0.0669906 -0.174296 0.000232569
0.575 -0.0684546 -0.1743 0.000237651
0.58 -0.0699049 -0.174305 0.000242685
0.585 -0.0713359 -0.174309 0.000247652
0.59 -0.0727458 -0.174313 0.000252545
0.595 -0.0741362 -0.174318 0.000257371
0.6 -0.075512 -0.174322 0.000262147
0.605 -0.0768799 -0.174326 0.000266895
0.61 -0.0782461 -0.17433 0.000271637
0.615 -0.0796145 -0.174335 0.000276386
0.62 -0.0809847 -0.174339 0.000281142
0.625 -0.0823515 -0.174343 0.000285886
0.63 -0.0837056 -0.174347 0.000290585
0.635 -0.0850354 -0.174351 0.000295201
0.64 -0.0863297 -0.174355 0.000299693
0.645 -0.0875809 -0.174359 0.000304035
0.65 -0.088787 -0.174363 0.000308222
0.655 -0.089953 -0.174367 0.000312269
0.66 -0.0910887 -0.17437 0.00031621
0.665 -0.0922057 -0.174374 0.000320087
0.67 -0.0933163 -0.174377 0.000323941
0.675 -0.0944319 -0.174381 0.000327813
0.68 -0.0955621 -0.174384 0.000331735
0.685 -0.0967138 -0.174388 0.000335732
0.69 -0.0978922 -0.174391 0.000339822
0.695 -0.0991037 -0.174395 0.000344027
0.7 -0.100358 -0.174399 0.000348381
0.705 -0.101671 -0.174403 0.000352937
0.71 -0.103061 -0.174407 0.00035776
0.715 -0.104549 -0.174412 0.000362924
0.72 -0.106156 -0.174417 0.0003685
0.725 -0.107898 -0.174422 0.000374547
0.73 -0.109788 -0.174428 0.000381105
0.735 -0.111832 -0.174435 0.000388199
0.74 -0.114032 -0.174442 0.000395832
0.745 -0.116384 -0.174449 0.000403994
0.75 -0.118881 -0.174457 0.000412659
0.755 -0.121514 -0.174465 0.000421795
0.76 -0.124272 -0.174474 0.000431368
0.765 -0.127148 -0.174483 0.000441346
0.77 -0.130132 -0.174492 0.000451702
0.775 -0.133217 -0.174502 0.000462405
0.78 -0.136393 -0.174511 0.000473425
0.785 -0.139648 -0.174522 0.000484719
0.79 -0.142965 -0.174532 0.000496229
0.795 -0.146321 -0.174543 0.000507871
0.8 -0.149682 -0.174553 0.000519533
0.805 -0.153011 -0.174564 0.000531084
0.81 -0.156271 -0.174574 0.000542392
0.815 -0.159427 -0.174584 0.000553343
0.82 -0.162454 -0.174593 0.000563844
0.825 -0.165337 -0.174603 0.000573843
0.83 -0.168072 -0.174611 0.000583333
0.835 -0.170675 -0.174619 0.000592361
0.84 -0.173172 -0.174627 0.000601026
0.845 -0.175603 -0.174635 0.000609459
0.85 -0.178009 -0.174643 0.000617805
0.855 -0.18043 -0.17465 0.000626202
0.86 -0.182896 -0.174658 0.000634753
0.865 -0.185418 -0.174666 0.000643504
0.87 -0.187996 -0.174674 0.000652447
0.875 -0.190616 -0.174683 0.000661535
0.88 -0.193258 -0.174691 0.000670697
0.885 -0.195897 -0.174699 0.000679851
0.89 -0.198512 -0.174708 0.000688921
0.895 -0.201085 -0.174716 0.000697846
0.9 -0.203608 -0.174724 0.000706594
0.905 -0.206076 -0.174732 0.000715156
0.91 -0.208494 -0.174739 0.00072354
0.915 -0.210862 -0.174747 0.000731755
0.92 -0.213183 -0.174754 0.000739803
0.925 -0.215451 -0.174762 0.00074767
0.93 -0.217657 -0.174769 0.000755321
0.935 -0.219787 -0.174776 0.000762707
0.94 -0.221825 -0.174782 0.000769774
0.945 -0.223755 -0.174788 0.000776468
0.95 -0.225564 -0.174794 0.000782739
0.955 -0.227239 -0.174799 0.000788549
0.96 -0.228776 -0.174804 0.000793878
0.965 -0.230174 -0.174809 0.000798725
0.97 -0.231434 -0.174813 0.000803094
0.975 -0.232557 -0.174816 0.000806988
0.98 -0.233539 -0.17482 0.000810395
0.985 -0.234375 -0.174822 0.000813295
0.99 -0.235059 -0.174824 0.000815664
0.995 -0.235582 -0.174826 0.000817478
1 -0.235939 -0.174827 0.000818718
1.005 -0.236129 -0.174828 0.000819376
1.01 -0.236153 -0.174828 0.000819459
1.015 -0.236021 -0.174828 0.000819001
1.02 -0.23575 -0.174827 0.000818062
1.025 -0.235371 -0.174827 0.000816744
1.03 -0.234924 -0.174827 0.000815192
1.035 -0.234464 -0.174828 0.000813595
1.04 -0.234055 -0.174828 0.000812176
1.045 -0.233767 -0.174828 0.000811173
1.05 -0.233668 -0.174828 0.000810829
1.055 -0.233821 -0.174828 0.000811363
1.06 -0.234273 -0.174828 0.000812932
1.065 -0.235042 -0.174828 0.0008156
1.07 -0.236118 -0.174828 0.000819339
1.075 -0.237473 -0.174828 0.000824041
1.08 -0.239059 -0.174832 0.000829544
1.085 -0.240821 -0.174839 0.000835652
1.09 -0.242696 -0.174846 0.000842157
1.095 -0.244626 -0.174853 0.000848848
1.1 -0.246558 -0.174859 0.000855548
1.105 -0.248463 -0.174866 0.000862154
1.11 -0.250335 -0.174872 0.000868647
1.115 -0.252185 -0.174879 0.000875064
1.12 -0.254037 -0.174885 0.000881488
1.125 -0.255921 -0.174891 0.000888022
1.13 -0.257868 -0.174898 0.000894772
1.135 -0.259901 -0.174904 0.000901824
1.14 -0.262034 -0.174911 0.000909219
1.145 -0.264257 -0.174919 0.00091693
1.15 -0.26654 -0.174926 0.000924845
1.155 -0.268819 -0.174934 0.000932749
1.16 -0.271003 -0.174941 0.000940325
1.165 -0.27297 -0.174947 0.000947146
1.17 -0.274572 -0.174953 0.000952701
1.175 -0.275652 -0.174956 0.000956444
1.18 -0.276059 -0.174957 0.000957856
1.185 -0.27566 -0.174956 0.000956472
1.19 -0.274336 -0.174955 0.000951876
1.195 -0.271996 -0.174956 0.00094375
1.2 -0.268581 -0.174956 0.000931892
1.205 -0.264058 -0.174956 0.000916186
1.21 -0.258403 -0.174957 0.000896551
1.215 -0.251598 -0.174957 0.000872924
1.22 -0.243631 -0.174957 0.000845259
1.225 -0.234495 -0.174957 0.000813538
1.23 -0.224195 -0.174957 0.000777775
1.235 -0.212753 -0.174957 0.000738045
1.24 -0.200211 -0.174957 0.000694499
1.245 -0.186644 -0.174957 0.000647392
1.25 -0.172155 -0.174957 0.000597086
1.255 -0.156872 -0.174958 0.000544023
1.26 -0.140924 -0.174958 0.000488656
1.265 -0.124425 -0.174958 0.000431372
1.27 -0.107457 -0.174958 0.000372466
1.275 -0.0900834 -0.174958 0.000312152
1.28 -0.0723512 -0.174958 0.000250596
1.285 -0.0543051 -0.174959 0.000187955
1.29 -0.0360024 -0.174964 0.000124433
1.295 -0.0175267 -0.174977 6.03225e-05
1.3 0.00100287 -0.175014 -3.96902e-06
1.305 0.0194296 -0.17507 -6.7908e-05
1.31 0.0375665 -0.175131 -0.000130845
1.315 0.055213 -0.175189 -0.000192077
1.32 0.0721728 -0.175245 -0.00025092
1.325 0.0882666 -0.175298 -0.00030675
1.33 0.103334 -0.175347 -0.000359013
1.335 0.117223 -0.175392 -0.000407185
1.34 0.129784 -0.175433 -0.000450746
1.345 0.140866 -0.175468 -0.000489173
1.35 0.150321 -0.175499 -0.000521957
1.355 0.158023 -0.175524 -0.00054866
1.36 0.163868 -0.175543 -0.000568922
1.365 0.167777 -0.175556 -0.000582472
1.37 0.169703 -0.175562 -0.000589147
1.375 0.169632 -0.175562 -0.000588901
1.38 0.167586 -0.175561 -0.000581797
1.385 0.163606 -0.175562 -0.000567974
1.39 0.157745 -0.175562 -0.000547621
1.395 0.150056 -0.175563 -0.000520922
1.4 0.140586 -0.175563 -0.00048804
1.405 0.129368 -0.175563 -0.000449089
1.41 0.116416 -0.175564 -0.000404116
1.415 0.101725 -0.175564 -0.000353105
1.42 0.0852786 -0.175564 -0.000296002
1.425 0.067065 -0.175564 -0.000232762
1.43 0.0470866 -0.175564 -0.000163397
1.435 0.0253749 -0.175564 -8.80164e-05
1.44 0.0020014 -0.175563 -6.86858e-06
1.445 -0.0229138 -0.175563 7.9628e-05
1.45 -0.0492006 -0.175562 0.000170882
1.455 -0.076649 -0.175562 0.00026616
1.46 -0.105026 -0.175561 0.000364654
1.465 -0.134089 -0.17556 0.00046551
1.47 -0.163583 -0.17556 0.000567836
1.475 -0.193245 -0.17556 0.000670711
1.48 -0.22283 -0.175562 0.000773284
1.485 -0.252129 -0.175567 0.000874848
1.49 -0.28096 -0.175593 0.00097478
1.495 -0.309168 -0.175666 0.0010725
1.5 -0.336624 -0.175767 0.00116759
1.505 -0.363226 -0.175863 0.00125972
1.51 -0.388877 -0.175955 0.00134855
1.515 -0.413496 -0.176043 0.0014338
1.52 -0.437013 -0.176126 0.00151521
1.525 -0.45938 -0.176205 0.00159263
1.53 -0.480569 -0.176279 0.00166597
1.535 -0.500569 -0.176348 0.00173518
1.54 -0.519384 -0.176414 0.00180028
1.545 -0.537029 -0.176475 0.00186133
1.55 -0.553532 -0.176532 0.00191841
1.555 -0.568922 -0.176586 0.00197165
1.56 -0.58324 -0.176635 0.00202117
1.565 -0.596536 -0.176681 0.00206715
1.57 -0.608876 -0.176724 0.00210983
1.575 -0.620343 -0.176764 0.00214948
1.58 -0.631031 -0.176801 0.00218643
1.585 -0.64105 -0.176836 0.00222107
1.59 -0.650518 -0.176869 0.00225381
1.595 -0.659554 -0.1769 0.00228505
1.6 -0.668266 -0.17693 0.00231516
1.605 -0.676736 -0.17696 0.00234445
1.61 -0.685025 -0.176989 0.0023731
1.615 -0.69318 -0.177017 0.00240129
1.62 -0.701243 -0.177045 0.00242916
1.625 -0.709248 -0.177073 0.00245682
1.63 -0.717221 -0.177101 0.00248438
1.635 -0.725176 -0.177128 0.00251188
1.64 -0.733108 -0.177156 0.00253929
1.645 -0.740997 -0.177184 0.00256655
1.65 -0.748812 -0.177211 0.00259355
1.655 -0.756516 -0.177238 0.00262018
1.66 -0.764061 -0.177265 0.00264625
1.665 -0.771373 -0.17729 0.00267151
1.67 -0.778354 -0.177315 0.00269563
1.675 -0.784877 -0.177338 0.00271817
1.68 -0.790796 -0.177359 0.00273862
1.685 -0.795949 -0.177377 0.00275642
1.69 -0.800165 -0.177392 0.00277098
1.695 -0.803278 -0.177403 0.00278174
1.7 -0.805144 -0.17741 0.00278818
1.705 -0.805645 -0.177412 0.00278991
1.71 -0.804685 -0.177409 0.00278659
1.715 -0.802185 -0.177407 0.00277792
1.72 -0.798067 -0.177408 0.00276362
1.725 -0.792258 -0.177408 0.00274345
1.73 -0.784686 -0.177409 0.00271715
1.735 -0.775289 -0.17741 0.00268452
1.74 -0.764026 -0.17741 0.00264541
1.745 -0.750893 -0.17741 0.00259981
1.75 -0.735936 -0.177411 0.00254788
1.755 -0.719246 -0.177411 0.00248993
1.76 -0.700957 -0.177411 0.00242642
1.765 -0.681234 -0.177411 0.00235795
1.77 -0.660273 -0.177411 0.00228518
1.775 -0.638282 -0.177411 0.00220884
1.78 -0.615472 -0.17741 0.00212965
1.785 -0.592048 -0.17741 0.00204835
1.79 -0.568211 -0.177409 0.00196561
1.795 -0.544147 -0.177408 0.0018821
1.8 -0.520023 -0.177408 0.00179838
1.805 -0.495975 -0.177407 0.00171494
1.81 -0.472116 -0.177406 0.00163217
1.815 -0.448533 -0.177405 0.00155036
1.82 -0.425272 -0.177404 0.00146968
1.825 -0.402315 -0.177403 0.00139006
1.83 -0.379588 -0.177402 0.00131126
1.835 -0.356986 -0.177402 0.00123289
1.84 -0.334395 -0.177401 0.00115457
1.845 -0.31173 -0.1774 0.00107601
1.85 -0.288959 -0.177399 0.000997084
1.855 -0.266124 -0.177399 0.000917946
1.86 -0.243349 -0.177398 0.000839023
1.865 -0.220828 -0.177398 0.000760987
1.87 -0.198792 -0.177398 0.000684639
1.875 -0.177475 -0.177398 0.000610786
1.88 -0.157098 -0.177399 0.000540192
1.885 -0.13788 -0.177399 0.000473614
1.89 -0.120038 -0.177399 0.000411807
1.895 -0.103778 -0.1774 0.000355481
1.9 -0.0892609 -0.177401 0.000305192
1.905 -0.0765753 -0.177401 0.000261248
1.91 -0.0657417 -0.177402 0.000223719
1.915 -0.0567294 -0.177403 0.000192498
1.92 -0.0494669 -0.177404 0.000167339
1.925 -0.043856 -0.177404 0.000147902
1.93 -0.0397928 -0.177405 0.000133826
1.935 -0.03719 -0.177405 0.000124809
1.94 -0.0359949 -0.177405 0.000120669
1.945 -0.0362027 -0.177405 0.000121389
1.95 -0.0378542 -0.177405 0.000127121
1.955 -0.0410176 -0.177405 0.000138106
1.96 -0.0457734 -0.177405 0.00015462
1.965 -0.0522066 -0.177405 0.000176958
1.97 -0.060399 -0.177405 0.000205405
1.975 -0.0704114 -0.177405 0.00024017
1.98 -0.0822662 -0.177405 0.000281333
1.985 -0.0959442 -0.177405 0.000328825
1.99 -0.111387 -0.177405 0.000382446
1.995 -0.128496 -0.177405 0.000441848
2 -0.147122 -0.177405 0.000506519
2.005 -0.167069 -0.177405 0.000575772
2.01 -0.188094 -0.177405 0.000648766
2.015 -0.20992 -0.177404 0.000724541
2.02 -0.232242 -0.177404 0.000802028
2.025 -0.25472 -0.177403 0.000880053
2.03 -0.277004 -0.177403 0.000957402
2.035 -0.298768 -0.177402 0.00103293
2.04 -0.319727 -0.177402 0.00110567
2.045 -0.339642 -0.177401 0.00117477
2.05 -0.358326 -0.1774 0.0012396
2.055 -0.375649 -0.1774 0.00129969
2.06 -0.391516 -0.177399 0.00135473
2.065 -0.40586 -0.177399 0.00140448
2.07 -0.418645 -0.177398 0.00144882
2.075 -0.429891 -0.177398 0.00148781
2.08 -0.439678 -0.177398 0.00152175
2.085 -0.448139 -0.177397 0.00155109
2.09 -0.455444 -0.177397 0.00157641
2.095 -0.461767 -0.177397 0.00159833
2.1 -0.467267 -0.177397 0.0016174
2.105 -0.472058 -0.177397 0.001634
2.11 -0.476196 -0.177397 0.00164835
2.115 -0.479701 -0.177397 0.00166049
2.12 -0.482593 -0.177396 0.00167052
2.125 -0.484918 -0.177396 0.00167858
2.13 -0.486766 -0.177396 0.00168498
2.135 -0.488273 -0.177396 0.00169021
2.14 -0.489624 -0.177396 0.00169489
2.145 -0.49103 -0.177396 0.00169976
2.15 -0.492702 -0.177396 0.00170556
2.155 -0.494838 -0.177396 0.00171296
2.16 -0.497606 -0.177396 0.00172256
2.165 -0.501119 -0.177396 0.00173473
2.17 -0.505444 -0.177396 0.00174972
2.175 -0.510629 -0.177396 0.00176769
2.18 -0.516711 -0.177396 0.00178877
2.185 -0.523728 -0.177396 0.00181309
2.19 -0.531731 -0.177396 0.00184083
2.195 -0.540797 -0.177396 0.00187225
2.2 -0.551023 -0.177396 0.00190769
2.205 -0.562529 -0.177396 0.00194756
2.21 -0.575445 -0.177396 0.00199231
2.215 -0.589896 -0.177396 0.00204238
2.22 -0.605981 -0.177396 0.00209812
2.225 -0.623751 -0.177397 0.00215968
2.23 -0.643196 -0.177397 0.00222705
2.235 -0.66422 -0.177398 0.00229989
2.24 -0.686624 -0.177399 0.00237751
2.245 -0.710106 -0.177401 0.00245887
2.25 -0.734307 -0.177403 0.00254273
2.255 -0.758862 -0.177406 0.00262782
2.26 -0.783433 -0.177408 0.00271298
2.265 -0.807699 -0.177412 0.00279709
2.27 -0.831361 -0.17746 0.00287894
2.275 -0.854156 -0.177548 0.00295763
2.28 -0.875829 -0.177632 0.00303245
2.285 -0.896098 -0.17771 0.00310242
2.29 -0.914633 -0.177782 0.0031664
2.295 -0.931076 -0.177845 0.00322316
2.3 -0.945039 -0.177899 0.00327136
2.305 -0.95612 -0.177942 0.0033096
2.31 -0.963945 -0.177973 0.00333661
2.315 -0.968187 -0.17799 0.00335124
2.32 -0.968568 -0.177993 0.00335255
2.325 -0.96485 -0.177982 0.00333971
2.33 -0.95683 -0.177976 0.0033119
2.335 -0.944322 -0.17798 0.00326844
2.34 -0.927137 -0.177983 0.00320875
2.345 -0.905099 -0.177986 0.00313221
2.35 -0.878065 -0.177988 0.00303834
2.355 -0.845955 -0.17799 0.00292684
2.36 -0.808757 -0.177991 0.0027977
2.365 -0.766535 -0.177992 0.00265112
2.37 -0.719454 -0.177991 0.00248771
2.375 -0.667819 -0.177991 0.00230852
2.38 -0.612111 -0.177989 0.00211524
2.385 -0.553017 -0.177988 0.00191027
2.39 -0.491411 -0.177986 0.00169666
2.395 -0.428297 -0.177984 0.00147788
2.4 -0.364764 -0.177983 0.00125771
2.405 -0.301967 -0.177982 0.00104014
2.41 -0.241087 -0.177982 0.000829244
2.415 -0.183236 -0.177983 0.000628851
2.42 -0.129368 -0.177985 0.000442263
2.425 -0.0802798 -0.177988 0.000272222
2.43 -0.0366238 -0.177993 0.000120992
2.435 0.00110084 -0.178 -9.70699e-06
2.44 0.0325367 -0.178008 -0.000118637
2.445 0.0574287 -0.17802 -0.00020489
2.45 0.075615 -0.178034 -0.000267911
2.455 0.0870199 -0.178048 -0.000307447
2.46 0.0916249 -0.178056 -0.000323411
2.465 0.0894432 -0.178056 -0.000315848
2.47 0.0805114 -0.178056 -0.000284847
2.475 0.0648851 -0.178058 -0.000230584
2.48 0.0426354 -0.17806 -0.000153324
2.485 0.0138475 -0.178062 -5.33645e-05
2.49 -0.0213759 -0.178063 6.89359e-05
2.495 -0.0629048 -0.178064 0.000213121
2.5 -0.110555 -0.178065 0.000378542
2.505 -0.164043 -0.178064 0.000564201
2.51 -0.222943 -0.178063 0.0007686
2.515 -0.286666 -0.178062 0.000989676
2.52 -0.354468 -0.17806 0.00122482
2.525 -0.42549 -0.178059 0.00147104
2.53 -0.498844 -0.178057 0.00172526
2.535 -0.57371 -0.178057 0.00198464
2.54 -0.649386 -0.178057 0.00224678
2.545 -0.725322 -0.178059 0.00250979
2.55 -0.801106 -0.178062 0.00277229
2.555 -0.876419 -0.178067 0.00303318
2.56 -0.951022 -0.178074 0.00329168
2.565 -1.02473 -0.1781 0.00354707
2.57 -1.09738 -0.178285 0.00379805
2.575 -1.16876 -0.178604 0.00404403
2.58 -1.23868 -0.178913 0.0042849
2.585 -1.30694 -0.179213 0.00452001
2.59 -1.3734 -0.179503 0.00474886
2.595 -1.43797 -0.179784 0.00497107
2.6 -1.50061 -0.180049 0.00518586
2.605 -1.56128 -0.180298 0.00539316
2.61 -1.61994 -0.180532 0.00559292
2.615 -1.67651 -0.18075 0.00578478
2.62 -1.73088 -0.180944 0.00596789
2.625 -1.78287 -0.181095 0.00614111
2.63 -1.8323 -0.181219 0.00630492
2.635 -1.879 -0.181325 0.00645885
2.64 -1.92285 -0.181414 0.00660254
2.645 -1.9638 -0.181481 0.00673615
2.65 -2.0019 -0.18153 0.00685996
2.655 -2.03725 -0.181578 0.0069749
2.66 -2.07005 -0.181612 0.00708096
2.665 -2.1005 -0.181613 0.00717826
2.67 -2.12887 -0.181594 0.0072683
2.675 -2.15544 -0.181579 0.0073527
2.68 -2.18052 -0.181567 0.00743242
2.685 -2.20442 -0.181558 0.00750843
2.69 -2.22739 -0.18155 0.00758155
2.695 -2.24967 -0.181544 0.00765249
2.7 -2.27144 -0.18154 0.00772183
2.705 -2.29281 -0.181537 0.00778995
2.71 -2.31387 -0.181535 0.00785706
2.715 -2.33464 -0.181533 0.00792326
2.72 -2.35515 -0.181514 0.00798805
2.725 -2.37541 -0.181479 0.00805156
2.73 -2.39546 -0.181445 0.00811441
2.735 -2.41532 -0.181413 0.00817671
2.74 -2.43504 -0.181382 0.00823856
2.745 -2.45465 -0.181352 0.00830008
2.75 -2.47418 -0.181322 0.00836136
2.755 -2.49367 -0.181293 0.0084225
2.76 -2.51312 -0.181265 0.00848351
2.765 -2.53248 -0.181238 0.00854427
2.77 -2.55169 -0.181211 0.00860454
2.775 -2.57059 -0.181185 0.00866383
2.78 -2.58896 -0.18116 0.00872144
2.785 -2.6065 -0.181137 0.00877644
2.79 -2.62281 -0.181115 0.0088276
2.795 -2.63743 -0.181096 0.00887344
2.8 -2.64985 -0.18108 0.00891237
2.805 -2.65958 -0.181068 0.00894287
2.81 -2.6662 -0.181059 0.00896363
2.815 -2.66939 -0.181055 0.00897362
2.82 -2.66888 -0.181056 0.00897201
2.825 -2.66444 -0.181076 0.00895787
2.83 -2.65586 -0.181123 0.00893041
2.835 -2.64295 -0.181193 0.0088891
2.84 -2.62554 -0.181287 0.00883341
2.845 -2.60348 -0.181406 0.00876285
2.85 -2.57662 -0.181551 0.00867699
2.855 -2.54485 -0.181722 0.00857544
2.86 -2.5081 -0.18192 0.00845802
2.865 -2.46642 -0.182146 0.00832487
2.87 -2.41996 -0.182397 0.00817657
2.875 -2.36907 -0.182674 0.00801419
2.88 -2.31424 -0.182967 0.00783912
2.885 -2.25605 -0.183229 0.00765164
2.89 -2.19508 -0.183462 0.00745383
2.895 -2.13184 -0.183709 0.00724884
2.9 -2.06673 -0.183964 0.0070379
2.905 -2.00007 -0.184167 0.00681954
2.91 -1.93207 -0.184319 0.00659445
2.915 -1.86289 -0.184452 0.0063647
2.92 -1.79279 -0.184563 0.00613089
2.925 -1.72208 -0.184657 0.00589361
2.93 -1.65111 -0.184706 0.00565305
2.935 -1.58025 -0.184716 0.00541049
2.94 -1.50982 -0.184715 0.00516822
2.945 -1.44007 -0.184709 0.00492777
2.95 -1.37121 -0.184692 0.00468919
2.955 -1.30341 -0.184673 0.00445379
2.96 -1.23691 -0.184656 0.00422306
2.965 -1.172 -0.184642 0.00399793
2.97 -1.10902 -0.18463 0.00377961
2.975 -1.04841 -0.184619 0.00356956
2.98 -0.99062 -0.184611 0.00336934
2.985 -0.936085 -0.184604 0.00318042
2.99 -0.88518 -0.184598 0.0030041
2.995 -0.83821 -0.184593 0.00284142
3 -0.795393 -0.184589 0.00269313
3.005 -0.756848 -0.184585 0.00255965
3.01 -0.722585 -0.184583 0.002441
3.015 -0.692469 -0.184581 0.0023367
3.02 -0.666191 -0.184579 0.0022457
3.025 -0.643259 -0.184578 0.00216629
3.03 -0.623011 -0.184577 0.00209617
3.035 -0.604673 -0.184577 0.00203267
3.04 -0.587428 -0.184576 0.00197296
3.045 -0.570463 -0.184576 0.00191422
3.05 -0.553061 -0.184576 0.00185397
3.055 -0.5347 -0.184576 0.00179041
3.06 -0.515068 -0.184576 0.00172245
3.065 -0.494025 -0.184577 0.0016496
3.07 -0.471559 -0.184578 0.00157183
3.075 -0.447729 -0.184579 0.00148933
3.08 -0.422635 -0.184581 0.00140246
3.085 -0.396386 -0.184583 0.00131159
3.09 -0.369072 -0.184586 0.00121703
3.095 -0.34074 -0.18459 0.00111894
3.1 -0.311371 -0.184596 0.00101728
3.105 -0.280887 -0.184603 0.000911747
3.11 -0.249153 -0.184614 0.000801894
3.115 -0.215986 -0.18463 0.000687091
3.12 -0.181179 -0.184653 0.000566585
3.125 -0.144532 -0.184685 0.000439664
3.13 -0.105891 -0.184726 0.000305777
3.135 -0.0651799 -0.184777 0.000164605
3.14 -0.0223877 -0.184845 1.59198e-05
3.145 0.0224741 -0.184943 -0.000140484
3.15 0.0694199 -0.185076 -0.000303754
3.155 0.118523 -0.185228 -0.000473692
3.16 0.169934 -0.185389 -0.000651456
3.165 0.223877 -0.185558 -0.000837959
3.17 0.280627 -0.185737 -0.00103414
3.175 0.340443 -0.185927 -0.00124087
3.18 0.403495 -0.186129 -0.00145874
3.185 0.469834 -0.186345 -0.00168792
3.19 0.539421 -0.186575 -0.00192824
3.195 0.612122 -0.186819 -0.00217923
3.2 0.687696 -0.187077 -0.00244005
3.205 0.765781 -0.187349 -0.00270944
3.21 0.845896 -0.187633 -0.00298571
3.215 0.927456 -0.187927 -0.00326677
3.22 1.00979 -0.188219 -0.00354943
3.225 1.09213 -0.188497 -0.00383032
3.23 1.17369 -0.188748 -0.00410607
3.235 1.25373 -0.188978 -0.00437504
3.24 1.33152 -0.189173 -0.00463495
3.245 1.40636 -0.189315 -0.0048823
3.25 1.47763 -0.189435 -0.00511652
3.255 1.54499 -0.189522 -0.00533674
3.26 1.60838 -0.18952 -0.0055407
3.265 1.66786 -0.189467 -0.00572996
3.27 1.72358 -0.189423 -0.00590738
3.275 1.77577 -0.189388 -0.00607361
3.28 1.8247 -0.18936 -0.00622949
3.285 1.87067 -0.189304 -0.00637513
3.29 1.91398 -0.189217 -0.00651115
3.295 1.95482 -0.189134 -0.00663916
3.3 1.9933 -0.189058 -0.00675983
3.305 2.02947 -0.18899 -0.00687327
3.31 2.06331 -0.188928 -0.00697943
3.315 2.09481 -0.188872 -0.00707823
3.32 2.12395 -0.188821 -0.00716966
3.325 2.1508 -0.188776 -0.00725391
3.33 2.1755 -0.188736 -0.00733142
3.335 2.19831 -0.188698 -0.00740298
3.34 2.2196 -0.18865 -0.00746947
3.345 2.23984 -0.188592 -0.00753239
3.35 2.25958 -0.188537 -0.0075938
3.355 2.27954 -0.188483 -0.00765588
3.36 2.30055 -0.188426 -0.00772127
3.365 2.32359 -0.188366 -0.00779299
3.37 2.34969 -0.188298 -0.00787426
3.375 2.37979 -0.188221 -0.00796793
3.38 2.41457 -0.188129 -0.00807601
3.385 2.45455 -0.188017 -0.00819976
3.39 2.50016 -0.187885 -0.0083406
3.395 2.55171 -0.187738 -0.00849975
3.4 2.60943 -0.187575 -0.00867786
3.405 2.67351 -0.187383 -0.00887478
3.41 2.7441 -0.187137 -0.00908977
3.415 2.82131 -0.186817 -0.00932316
3.42 2.90516 -0.186441 -0.00957594
3.425 2.9956 -0.186007 -0.00984669
3.43 3.09244 -0.1855 -0.0101339
3.435 3.19535 -0.184904 -0.0104359
3.44 3.3038 -0.184237 -0.0107515
3.445 3.41709 -0.183493 -0.0110783
3.45 3.53441 -0.182646 -0.0114125
3.455 3.65491 -0.181685 -0.0117524
3.46 3.77774 -0.180571 -0.0120942
3.465 3.90208 -0.179356 -0.012437
3.47 4.02719 -0.178078 -0.0127789
3.475 4.15235 -0.176742 -0.0131179
3.48 4.2769 -0.17539 -0.0134538
3.485 4.40025 -0.174012 -0.0137854
3.49 4.52188 -0.17261 -0.0141117
3.495 4.6414 -0.171237 -0.0144309
3.5 4.75852 -0.169902 -0.0147416
3.505 4.87313 -0.168579 -0.0150419
3.51 4.98521 -0.16727 -0.0153317
3.515 5.09482 -0.165967 -0.015611
3.52 5.20216 -0.164656 -0.0158789
3.525 5.30756 -0.163369 -0.016136
3.53 5.41143 -0.162138 -0.0163767
3.535 5.51424 -0.16102 -0.0166003
3.54 5.6164 -0.160068 -0.0168096
3.545 5.71821 -0.159212 -0.0170099
3.55 5.81982 -0.158313 -0.0172111
3.555 5.92125 -0.157378 -0.0174128
3.56 6.02241 -0.156502 -0.01761
3.565 6.12308 -0.155678 -0.017803
3.57 6.22292 -0.154903 -0.0179938
3.575 6.32155 -0.154176 -0.0181822
3.58 6.41862 -0.153479 -0.018368
3.585 6.51389 -0.152768 -0.0185519
3.59 6.60724 -0.152057 -0.0187334
3.595 6.6986 -0.1514 -0.0189102
3.6 6.78797 -0.150779 -0.0190828
3.605 6.87541 -0.150102 -0.0192585
3.61 6.96102 -0.149375 -0.0194367
3.615 7.04494 -0.148675 -0.0196108
3.62 7.12738 -0.147999 -0.0197816
3.625 7.20859 -0.147326 -0.0199503
3.63 7.28889 -0.146655 -0.0201175
3.635 7.36862 -0.145998 -0.0202837
3.64 7.44814 -0.145349 -0.0204499
3.645 7.52782 -0.144661 -0.020619
3.65 7.60799 -0.143936 -0.0207915
3.655 7.689 -0.143216 -0.0209653
3.66 7.77105 -0.142498 -0.021141
3.665 7.8542 -0.141784 -0.0213188
3.67 7.93827 -0.141087 -0.0214981
3.675 8.02291 -0.140412 -0.0216783
3.68 8.10751 -0.139753 -0.0218581
3.685 8.19137 -0.139118 -0.0220359
3.69 8.2737 -0.138514 -0.0222102
3.695 8.35374 -0.137948 -0.0223793
3.7 8.43075 -0.137441 -0.0225413
3.705 8.50408 -0.136982 -0.0226954
3.71 8.57329 -0.136514 -0.0228422
3.715 8.63806 -0.136048 -0.0229807
3.72 8.69823 -0.135628 -0.0231092
3.725 8.75368 -0.135252 -0.0232274
3.73 8.80431 -0.13492 -0.0233351
3.735 8.85007 -0.134628 -0.0234324
3.74 8.89094 -0.134375 -0.0235192
3.745 8.92701 -0.134158 -0.0235956
3.75 8.9584 -0.133975 -0.0236621
3.755 8.98527 -0.133822 -0.0237189
3.76 9.00782 -0.133697 -0.0237666
3.765 9.02618 -0.133598 -0.0238054
3.77 9.04045 -0.13352 -0.0238356
3.775 9.05062 -0.133451 -0.0238578
3.78 9.05664 -0.133399 -0.0238716
3.785 9.05845 -0.133381 -0.0238759
3.79 9.05602 -0.133401 -0.0238705
3.795 9.04943 -0.13347 -0.0238537
3.8 9.03886 -0.133593 -0.0238252
3.805 9.02466 -0.13376 -0.0237872
3.81 9.00726 -0.13397 -0.0237411
3.815 8.98721 -0.134218 -0.0236884
3.82 8.96507 -0.1345 -0.0236308
3.825 8.94143 -0.134811 -0.02357
3.83 8.91694 -0.13514 -0.0235076
3.835 8.89233 -0.135478 -0.0234453
3.84 8.86842 -0.135811 -0.0233851
3.845 8.8462 -0.136124 -0.0233295
3.85 8.82668 -0.136401 -0.0232808
3.855 8.81072 -0.136629 -0.0232411
3.86 8.79888 -0.1368 -0.0232118
3.865 8.79143 -0.136908 -0.0231933
3.87 8.78839 -0.136954 -0.0231859
3.875 8.78967 -0.136938 -0.0231892
3.88 8.79502 -0.136876 -0.0232034
3.885 8.80404 -0.136778 -0.0232277
3.89 8.81628 -0.136643 -0.0232606
3.895 8.83122 -0.136478 -0.0233005
3.9 8.84839 -0.136283 -0.0233461
3.905 8.86743 -0.136062 -0.0233962
3.91 8.88804 -0.135816 -0.0234499
3.915 8.91007 -0.135545 -0.0235066
3.92 8.93342 -0.13525 -0.023566
3.925 8.95803 -0.134933 -0.0236281
3.93 8.98382 -0.134599 -0.0236927
3.935 9.01063 -0.13425 -0.0237594
3.94 9.03818 -0.133895 -0.0238276
3.945 9.06607 -0.133555 -0.0238955
3.95 9.09374 -0.133273 -0.0239592
3.955 9.12051 -0.133039 -0.0240184
3.96 9.14564 -0.132817 -0.0240741
3.965 9.16841 -0.132615 -0.0241246
3.97 9.18812 -0.13244 -0.0241683
3.975 9.20415 -0.132305 -0.0242038
3.98 9.21604 -0.132211 -0.02423
3.985 9.22353 -0.132153 -0.0242465
3.99 9.22652 -0.132133 -0.0242529
3.995 9.22498 -0.13215 -0.0242491
4 9.21897 -0.132216 -0.0242334
4.005 9.20858 -0.132336 -0.0242053
4.01 9.19391 -0.132505 -0.024166
4.015 9.17501 -0.132727 -0.0241158
4.02 9.15186 -0.133005 -0.024055
4.025 9.12443 -0.133348 -0.0239839
4.03 9.09266 -0.133758 -0.0239025
4.035 9.05651 -0.134238 -0.0238108
4.04 9.01603 -0.134794 -0.0237091
4.045 8.97135 -0.135425 -0.0235977
4.05 8.9227 -0.13612 -0.023477
4.055 8.87044 -0.136872 -0.0233478
4.06 8.81501 -0.137673 -0.023211
4.065 8.75691 -0.138517 -0.0230678
4.07 8.69666 -0.139393 -0.0229194
4.075 8.63476 -0.140297 -0.0227672
4.08 8.57168 -0.141219 -0.022612
4.085 8.50782 -0.142129 -0.0224547
4.09 8.44349 -0.143024 -0.0222961
4.095 8.37895 -0.143925 -0.022137
4.1 8.31445 -0.144826 -0.021978
4.105 8.25019 -0.145724 -0.0218196
4.11 8.18641 -0.146578 -0.0216617
4.115 8.12328 -0.147388 -0.0215047
4.12 8.061 -0.148199 -0.02135
4.125 7.99972 -0.149007 -0.0211979
4.13 7.93955 -0.149803 -0.0210486
4.135 7.88059 -0.150583 -0.0209023
4.14 7.8229 -0.151349 -0.0207592
4.145 7.76653 -0.152097 -0.0206194
4.15 7.71153 -0.152829 -0.020483
4.155 7.65794 -0.153543 -0.0203501
4.16 7.60582 -0.154238 -0.0202208
4.165 7.55519 -0.154914 -0.0200953
4.17 7.50611 -0.15557 -0.0199736
4.175 7.45862 -0.156206 -0.0198559
4.18 7.41277 -0.15682 -0.0197422
4.185 7.36862 -0.157412 -0.0196328
4.19 7.32627 -0.15798 -0.0195278
4.195 7.28579 -0.158524 -0.0194275
4.2 7.24732 -0.159041 -0.0193322
4.205 7.211 -0.15953 -0.0192422
4.21 7.177 -0.159987 -0.0191579
4.215 7.14548 -0.160412 -0.0190798
4.22 7.11662 -0.160801 -0.0190083
4.225 7.09055 -0.161153 -0.0189437
4.23 7.06746 -0.161464 -0.0188865
4.235 7.04756 -0.161733 -0.0188372
4.24 7.03113 -0.161955 -0.0187965
4.245 7.01844 -0.162126 -0.018765
4.25 7.00976 -0.162244 -0.0187435
4.255 7.0052 -0.162306 -0.0187322
4.26 7.00467 -0.162313 -0.0187309
4.265 7.00785 -0.162271 -0.0187389
4.27 7.01417 -0.162201 -0.0187555
4.275 7.02278 -0.162115 -0.0187787
4.28 7.03273 -0.162014 -0.0188054
4.285 7.04302 -0.161908 -0.0188329
4.29 7.05276 -0.161805 -0.0188587
4.295 7.06119 -0.161715 -0.018881
4.3 7.06783 -0.161642 -0.0188984
4.305 7.07249 -0.161591 -0.0189106
4.31 7.07524 -0.16156 -0.0189178
4.315 7.07638 -0.161548 -0.0189207
4.32 7.07626 -0.161549 -0.0189204
4.325 7.07525 -0.161559 -0.0189177
4.33 7.07363 -0.161576 -0.0189133
4.335 7.07165 -0.161596 -0.018908
4.34 7.06947 -0.161619 -0.0189022
4.345 7.06728 -0.161642 -0.0188963
4.35 7.06529 -0.161663 -0.018891
4.355 7.06378 -0.161679 -0.018887
4.36 7.06303 -0.161687 -0.018885
4.365 7.06328 -0.161684 -0.0188857
4.37 7.06477 -0.161669 -0.0188896
4.375 7.06767 -0.161639 -0.0188974
4.38 7.07212 -0.161593 -0.0189094
4.385 7.07818 -0.16153 -0.0189256
4.39 7.08582 -0.161449 -0.0189459
4.395 7.09496 -0.161352 -0.0189701
4.4 7.10547 -0.161238 -0.0189978
4.405 7.11718 -0.161108 -0.0190284
4.41 7.12985 -0.160964 -0.0190612
4.415 7.14316 -0.16081 -0.0190955
4.42 7.1567 -0.16065 -0.0191301
4.425 7.16999 -0.160492 -0.0191639
4.43 7.18247 -0.160342 -0.0191956
4.435 7.19362 -0.160207 -0.0192237
4.44 7.20293 -0.160093 -0.0192472
4.445 7.21006 -0.160006 -0.0192651
4.45 7.21474 -0.159948 -0.0192768
4.455 7.21677 -0.159922 -0.0192818
4.46 7.21597 -0.159931 -0.0192797
4.465 7.21209 -0.159973 -0.0192694
4.47 7.20487 -0.160046 -0.01925
4.475 7.19398 -0.160159 -0.0192208
4.48 7.17906 -0.160316 -0.0191811
4.485 7.15974 -0.160524 -0.01913
4.49 7.13565 -0.160792 -0.019067
4.495 7.10653 -0.161125 -0.0189917
4.5 7.0722 -0.161528 -0.0189039
4.505 7.03254 -0.162004 -0.0188034
4.51 6.9876 -0.162552 -0.0186902
4.515 6.93754 -0.163176 -0.0185646
4.52 6.88266 -0.163869 -0.0184271
4.525 6.82338 -0.16462 -0.0182789
4.53 6.76022 -0.165423 -0.0181212
4.535 6.69375 -0.16627 -0.0179553
4.54 6.6245 -0.167156 -0.0177826
4.545 6.55295 -0.168086 -0.0176044
4.55 6.47949 -0.169053 -0.0174216
4.555 6.40449 -0.170041 -0.0172351
4.56 6.32821 -0.171048 -0.0170454
4.565 6.2509 -0.17207 -0.0168531
4.57 6.17279 -0.173105 -0.0166589
4.575 6.09412 -0.174148 -0.0164634
4.58 6.0151 -0.175178 -0.0162668
4.585 5.93589 -0.176166 -0.0160691
4.59 5.85666 -0.177131 -0.0158707
4.595 5.77755 -0.178098 -0.0156727
4.6 5.69876 -0.179067 -0.0154755
4.605 5.62045 -0.180043 -0.0152798
4.61 5.54278 -0.181024 -0.0150859
4.615 5.4659 -0.182001 -0.014894
4.62 5.3899 -0.182969 -0.0147044
4.625 5.31489 -0.183915 -0.014517
4.63 5.24097 -0.184841 -0.0143321
4.635 5.16818 -0.185756 -0.0141501
4.64 5.09654 -0.18666 -0.013971
4.645 5.02605 -0.187555 -0.0137949
4.65 4.95668 -0.188448 -0.0136218
4.655 4.88843 -0.18934 -0.0134517
4.66 4.82129 -0.190222 -0.0132845
4.665 4.75531 -0.191092 -0.0131203
4.67 4.69052 -0.191937 -0.0129587
4.675 4.62698 -0.192757 -0.0127999
4.68 4.56471 -0.193564 -0.0126444
4.685 4.50368 -0.194362 -0.0124921
4.69 4.44384 -0.19515 -0.0123429
4.695 4.38508 -0.195921 -0.0121965
4.7 4.32731 -0.196624 -0.0120513
4.705 4.27045 -0.197271 -0.0119072
4.71 4.21453 -0.197914 -0.0117655
4.715 4.15968 -0.198548 -0.0116266
4.72 4.10616 -0.199169 -0.0114911
4.725 4.05437 -0.199767 -0.0113604
4.73 4.00476 -0.200295 -0.0112342
4.735 3.95782 -0.200754 -0.011114
4.74 3.91396 -0.201184 -0.0110021
4.745 3.87351 -0.201583 -0.0108989
4.75 3.83675 -0.201947 -0.0108052
4.755 3.80393 -0.202273 -0.0107214
4.76 3.77519 -0.202559 -0.0106482
4.765 3.75067 -0.202804 -0.0105857
4.77 3.73047 -0.203002 -0.0105341
4.775 3.71461 -0.203141 -0.0104929
4.78 3.70309 -0.203228 -0.0104624
4.785 3.69585 -0.203282 -0.0104432
4.79 3.69287 -0.203301 -0.0104352
4.795 3.69411 -0.203286 -0.0104383
4.8 3.69954 -0.203243 -0.010453
4.805 3.70912 -0.203176 -0.0104793
4.81 3.72272 -0.203082 -0.0105167
4.815 3.74007 -0.20296 -0.0105643
4.82 3.7608 -0.202814 -0.0106208
4.825 3.78438 -0.202645 -0.0106845
4.83 3.8102 -0.202439 -0.0107532
4.835 3.83764 -0.2022 -0.010825
4.84 3.86614 -0.201948 -0.0108992
4.845 3.89513 -0.20169 -0.0109744
4.85 3.92408 -0.20143 -0.0110492
4.855 3.95238 -0.201175 -0.0111222
4.86 3.97953 -0.200929 -0.0111921
4.865 4.0051 -0.200703 -0.0112578
4.87 4.02874 -0.200499 -0.0113183
4.875 4.05012 -0.200313 -0.0113731
4.88 4.06898 -0.200149 -0.0114216
4.885 4.08499 -0.200008 -0.0114629
4.89 4.09774 -0.199895 -0.0114957
4.895 4.10678 -0.199815 -0.011519
4.9 4.11163 -0.199772 -0.0115315
4.905 4.11187 -0.199769 -0.0115321
4.91 4.10713 -0.19981 -0.0115197
4.915 4.09717 -0.199889 -0.0114929
4.92 4.08184 -0.200008 -0.0114509
4.925 4.06107 -0.200172 -0.0113945
4.93 4.035 -0.200385 -0.0113242
4.935 4.00394 -0.200645 -0.0112417
4.94 3.96852 -0.20095 -0.0111486
4.945 3.92958 -0.201292 -0.0110471
4.95 3.88816 -0.201662 -0.0109398
4.955 3.84532 -0.202049 -0.0108292
4.96 3.80205 -0.202444 -0.0107179
4.965 3.75927 -0.202837 -0.010608
4.97 3.7177 -0.203193 -0.0105
4.975 3.67791 -0.203512 -0.0103955
4.98 3.64033 -0.203813 -0.0102965
4.985 3.60522 -0.20409 -0.0102038
4.99 3.5726 -0.204349 -0.0101177
4.995 3.54227 -0.204591 -0.0100377
5 3.51385 -0.204818 -0.00996276
5.005 3.48685 -0.205034 -0.00989155
5.01 3.46063 -0.205244 -0.00982243
5.015 3.43449 -0.205453 -0.00975352
5.02 3.40768 -0.205665 -0.00968271
5.025 3.37952 -0.205861 -0.00960714
5.03 3.34947 -0.206047 -0.00952547
5.035 3.31707 -0.206243 -0.00943761
5.04 3.28194 -0.20645 -0.00934253
5.045 3.24376 -0.206677 -0.00923923
5.05 3.20223 -0.206926 -0.0091269
5.055 3.1571 -0.207198 -0.00900492
5.06 3.1082 -0.207497 -0.00887287
5.065 3.05541 -0.20777 -0.00872818
5.07 2.99865 -0.208011 -0.0085705
5.075 2.93793 -0.208273 -0.0084019
5.08 2.87324 -0.208551 -0.00822222
5.085 2.8046 -0.208823 -0.00803032
5.09 2.73199 -0.209041 -0.00782362
5.095 2.65538 -0.209222 -0.00760304
5.1 2.57469 -0.209406 -0.00737098
5.105 2.48981 -0.209592 -0.00712705
5.11 2.40062 -0.209734 -0.00686747
5.115 2.30702 -0.209828 -0.00659187
5.12 2.20901 -0.209901 -0.00630162
5.125 2.10672 -0.20995 -0.00599685
5.13 2.00043 -0.209953 -0.00567702
5.135 1.89063 -0.209916 -0.0053438
5.14 1.77791 -0.209886 -0.00500216
5.145 1.66296 -0.209861 -0.00465397
5.15 1.54646 -0.209839 -0.00430124
5.155 1.42909 -0.209815 -0.00394566
5.16 1.31167 -0.20976 -0.00358744
5.165 1.19512 -0.209675 -0.00323107
5.17 1.0804 -0.209588 -0.00288168
5.175 0.96836 -0.209472 -0.00253747
5.18 0.859711 -0.209321 -0.00220193
5.185 0.755108 -0.209168 -0.00188039
5.19 0.655237 -0.208999 -0.00157547
5.195 0.560744 -0.20879 -0.00128512
5.2 0.472121 -0.208571 -0.00100925
5.205 0.389662 -0.208352 -0.000749356
5.21 0.313508 -0.208133 -0.000506121
5.215 0.243719 -0.207934 -0.000283092
5.22 0.180291 -0.207748 -7.88984e-05
5.225 0.123145 -0.207575 0.000106387
5.23 0.072128 -0.20742 0.000272861
5.235 0.0270228 -0.207281 0.000421019
5.24 -0.0124159 -0.207159 0.000550489
5.245 -0.0464067 -0.207055 0.000662025
5.25 -0.0750769 -0.206968 0.000756078
5.255 -0.0984402 -0.206896 0.000832718
5.26 -0.116402 -0.206841 0.00089166
5.265 -0.128769 -0.206803 0.000932291
5.27 -0.135267 -0.206782 0.000953733
5.275 -0.135581 -0.20678 0.000954975
5.28 -0.129404 -0.206797 0.000935009
5.285 -0.116466 -0.206832 0.000892814
5.29 -0.0965637 -0.206887 0.000827695
5.295 -0.0695783 -0.206962 0.000739387
5.3 -0.0354929 -0.207058 0.000627876
5.305 0.00561501 -0.207176 0.000493469
5.31 0.0535868 -0.207314 0.000336737
5.315 0.108185 -0.207472 0.000158498
5.32 0.169077 -0.207651 -4.0063e-05
5.325 0.235807 -0.207843 -0.000255951
5.33 0.307768 -0.208047 -0.000487179
5.335 0.384182 -0.208265 -0.00073239
5.34 0.46409 -0.208486 -0.000986776
5.345 0.546371 -0.208706 -0.00124658
5.35 0.629801 -0.208913 -0.00150633
5.355 0.713176 -0.209104 -0.0017628
5.36 0.795486 -0.209293 -0.0020161
5.365 0.87594 -0.209447 -0.00226167
5.37 0.95382 -0.209558 -0.00249855
5.375 1.02837 -0.209657 -0.00272651
5.38 1.09888 -0.209751 -0.00294236
5.385 1.16485 -0.209831 -0.00314498
5.39 1.22601 -0.209882 -0.00333166
5.395 1.28217 -0.209915 -0.00350157
5.4 1.33326 -0.209947 -0.00365625
5.405 1.3793 -0.209971 -0.00379614
5.41 1.42041 -0.20999 -0.00392149
5.415 1.45678 -0.210007 -0.00403243
5.42 1.48864 -0.210022 -0.00412964
5.425 1.5162 -0.210036 -0.00421371
5.43 1.53953 -0.210048 -0.00428492
5.435 1.55863 -0.210058 -0.00434321
5.44 1.57339 -0.210065 -0.00438823
5.445 1.58361 -0.210069 -0.00441938
5.45 1.58906 -0.21007 -0.00443587
5.455 1.58949 -0.210068 -0.00443708
5.46 1.5847 -0.210065 -0.00442249
5.465 1.5745 -0.210062 -0.0043912
5.47 1.55871 -0.210053 -0.00434232
5.475 1.53722 -0.210038 -0.00427562
5.48 1.50993 -0.21002 -0.0041911
5.485 1.47682 -0.209998 -0.00408874
5.49 1.43791 -0.209972 -0.00396867
5.495 1.3933 -0.209943 -0.0038313
5.5 1.3432 -0.209909 -0.00367733
5.505 1.28794 -0.209872 -0.00350774
5.51 1.22789 -0.209826 -0.0033243
5.515 1.16348 -0.209771 -0.00312827
5.52 1.09513 -0.209712 -0.00292031
5.525 1.02319 -0.20963 -0.0026995
5.53 0.948011 -0.20952 -0.00246767
5.535 0.869957 -0.209398 -0.00222785
5.54 0.789375 -0.209273 -0.00198039
5.545 0.706558 -0.209131 -0.00172705
5.55 0.621716 -0.208944 -0.00146605
5.555 0.534993 -0.208723 -0.00119696
5.56 0.446494 -0.2085 -0.000922259
5.565 0.356301 -0.208257 -0.000638495
5.57 0.26449 -0.207994 -0.000345927
5.575 0.17115 -0.207721 -4.64608e-05
5.58 0.0763934 -0.207439 0.000259663
5.585 -0.0196366 -0.207149 0.000572057
5.59 -0.11676 -0.206852 0.000889863
5.595 -0.214756 -0.206555 0.00121026
5.6 -0.313375 -0.206263 0.00153244
5.605 -0.412359 -0.205976 0.00185563
5.61 -0.511474 -0.20569 0.00217914
5.615 -0.610536 -0.205405 0.00250237
5.62 -0.709394 -0.205122 0.00282483
5.625 -0.807901 -0.204813 0.00314487
5.63 -0.905898 -0.204479 0.00346204
5.635 -1.00322 -0.204121 0.00377595
5.64 -1.09969 -0.203685 0.00408427
5.645 -1.19514 -0.2032 0.00438754
5.65 -1.28941 -0.2027 0.00468578
5.655 -1.38238 -0.202186 0.00497864
5.66 -1.47396 -0.201636 0.00526586
5.665 -1.56408 -0.20105 0.00554734
5.67 -1.65274 -0.200484 0.00582434
5.675 -1.73996 -0.199934 0.00609689
5.68 -1.82587 -0.199379 0.00636437
5.685 -1.91072 -0.19876 0.00662558
5.69 -1.99493 -0.1981 0.00688285
5.695 -2.07905 -0.197459 0.0071402
5.7 -2.16374 -0.196824 0.0073994
5.705 -2.24967 -0.196167 0.00766089
5.71 -2.33752 -0.195502 0.00792587
5.715 -2.42797 -0.194879 0.00819657
5.72 -2.52167 -0.194255 0.00847453
5.725 -2.61923 -0.193606 0.00876239
5.73 -2.72106 -0.192957 0.00906075
5.735 -2.82741 -0.192242 0.00936838
5.74 -2.93844 -0.191452 0.00968727
5.745 -3.05424 -0.190557 0.0100163
5.75 -3.17477 -0.189557 0.0103552
5.755 -3.29993 -0.188476 0.0107047
5.76 -3.42957 -0.187283 0.0110652
5.765 -3.56346 -0.185963 0.0114359
5.77 -3.70138 -0.184546 0.0118148
5.775 -3.84304 -0.183088 0.0122023
5.78 -3.98819 -0.181558 0.0125974
5.785 -4.1365 -0.179903 0.0129996
5.79 -4.28764 -0.178166 0.0134075
5.795 -4.44124 -0.17641 0.0138205
5.8 -4.59685 -0.174598 0.014237
5.805 -4.75395 -0.172693 0.0146544
5.81 -4.91201 -0.170743 0.0150693
5.815 -5.07046 -0.16879 0.0154732
5.82 -5.22875 -0.166836 0.0158633
5.825 -5.38631 -0.164956 0.0162292
5.83 -5.5426 -0.163367 0.0165526
5.835 -5.69715 -0.162027 0.0168511
5.84 -5.84958 -0.160758 0.0171432
5.845 -5.99961 -0.159565 0.0174256
5.85 -6.14703 -0.158418 0.0177031
5.855 -6.29179 -0.157315 0.0179782
5.86 -6.43408 -0.156318 0.0182475
5.865 -6.57433 -0.155435 0.0185103
5.87 -6.71325 -0.154524 0.0187742
5.875 -6.85174 -0.153444 0.0190519
5.88 -6.99088 -0.152283 0.0193403
5.885 -7.13176 -0.151158 0.0196311
5.89 -7.27535 -0.150049 0.0199265
5.895 -7.42234 -0.148838 0.0202347
5.9 -7.5731 -0.147518 0.0205572
5.905 -7.72779 -0.146188 0.0208882
5.91 -7.88641 -0.144858 0.021227
5.915 -8.0489 -0.143546 0.0215728
5.92 -8.21512 -0.142264 0.0219254
5.925 -8.38484 -0.141044 0.0222839
5.93 -8.5577 -0.139803 0.0226509
5.935 -8.73324 -0.138587 0.0230253
5.94 -8.91095 -0.137511 0.0234025
5.945 -9.09028 -0.136511 0.0237836
5.95 -9.27069 -0.135308 0.0241808
5.955 -9.45164 -0.134019 0.0245896
5.96 -9.63269 -0.132997 0.0249958
5.965 -9.8134 -0.131832 0.025409
5.97 -9.99336 -0.13043 0.0258281
5.975 -10.1721 -0.129085 0.0262432
5.98 -10.349 -0.127711 0.0266543
5.985 -10.5237 -0.126391 0.0270599
5.99 -10.6956 -0.125203 0.0274579
5.995 -10.8644 -0.124071 0.0278482
6 -11.0296 -0.123002 0.0282299
6.005 -11.191 -0.121997 0.0286024
6.01 -11.3483 -0.121062 0.0289651
6.015 -11.5012 -0.120202 0.0293172
6.02 -11.6493 -0.11942 0.0296581
6.025 -11.7922 -0.118728 0.0299867
6.03 -11.9295 -0.118274 0.0303014
6.035 -12.0606 -0.118049 0.0306013
6.04 -12.185 -0.117908 0.0308856
6.045 -12.3024 -0.11786 0.0311535
6.05 -12.4124 -0.117909 0.0314042
6.055 -12.5148 -0.118078 0.0316372
6.06 -12.6094 -0.1186 0.031851
6.065 -12.6961 -0.11956 0.0320451
6.07 -12.7749 -0.120974 0.0322195
6.075 -12.8455 -0.121792 0.0323779
6.08 -12.908 -0.121694 0.0325208
6.085 -12.9623 -0.121591 0.0326446
6.09 -13.0086 -0.12152 0.03275
6.095 -13.0469 -0.121469 0.0328371
6.1 -13.0772 -0.121435 0.0329062
6.105 -13.0999 -0.121411 0.0329576
6.11 -13.1148 -0.121395 0.0329917
6.115 -13.1224 -0.121383 0.0330089
6.12 -13.1229 -0.121373 0.03301
6.125 -13.1167 -0.121403 0.0329954
6.13 -13.1042 -0.121514 0.0329636
6.135 -13.0863 -0.121699 0.0329159
6.14 -13.0636 -0.121939 0.0328565
6.145 -13.037 -0.122231 0.0327878
6.15 -13.0073 -0.122572 0.0327122
6.155 -12.9751 -0.122956 0.0326316
6.16 -12.9412 -0.123377 0.0325474
6.165 -12.906 -0.123822 0.0324608
6.17 -12.8703 -0.12428 0.0323734
6.175 -12.8349 -0.124739 0.032287
6.18 -12.8004 -0.125188 0.0322032
6.185 -12.7675 -0.125617 0.0321234
6.19 -12.7369 -0.126017 0.0320494
6.195 -12.7094 -0.126378 0.0319828
6.2 -12.6857 -0.126692 0.0319254
6.205 -12.6664 -0.126949 0.031879
6.21 -12.6523 -0.127137 0.0318449
6.215 -12.6439 -0.127251 0.0318245
6.22 -12.6414 -0.127286 0.0318185
6.225 -12.6451 -0.127241 0.0318277
6.23 -12.6552 -0.127136 0.0318539
6.235 -12.6717 -0.126982 0.0318978
6.24 -12.6948 -0.12676 0.0319583
6.245 -12.7241 -0.126464 0.0320345
6.25 -12.7596 -0.12609 0.0321253
6.255 -12.801 -0.125641 0.0322293
6.26 -12.8479 -0.125121 0.0323454
6.265 -12.9 -0.124532 0.0324733
6.27 -12.9572 -0.12388 0.0326127
6.275 -13.0196 -0.123192 0.0327638
6.28 -13.0873 -0.1225 0.0329269
6.285 -13.1606 -0.121913 0.0330995
6.29 -13.2402 -0.121467 0.0332819
6.295 -13.3267 -0.121243 0.0334783
6.3 -13.4204 -0.121214 0.0336906
6.305 -13.5219 -0.121553 0.0339192
6.31 -13.6311 -0.122251 0.0341642
6.315 -13.7478 -0.123013 0.0344258
6.32 -13.8711 -0.123954 0.0347018
6.325 -13.9995 -0.125484 0.0349877
6.33 -14.1314 -0.126774 0.0352836
6.335 -14.2649 -0.127664 0.035586
6.34 -14.3976 1.57351 0.0405692
