0.1 1.60694e-31 200 5.32907e-14
0.2 2.92171e-31 400 1.88294e-13
0.3 -7.0121e-31 600 -2.02505e-13
0.4 9.34946e-31 800 -2.61124e-13
0.5 -4.67473e-31 1000 -2.8777e-13
0.6 4.67473e-31 1200 -4.88498e-13
0.7 -1.05181e-30 1400 -3.23297e-13
0.8 -2.5711e-30 1600 -8.86402e-13
0.9 2.33737e-30 1800 -3.09086e-13
1 1.75302e-30 2000 2.02505e-13
0.005 3.93794e-05 2000 -0.0170711
0.01 0.000196639 2000 -0.0850545
0.015 0.000510677 2000 -0.220697
0.02 0.000980887 2000 -0.423812
0.025 0.00160647 2000 -0.694048
0.03 0.0023866 2000 -1.03105
0.035 0.00332065 2000 -1.43456
0.04 0.00440838 2000 -1.90445
0.045 0.0056501 2000 -2.44087
0.05 0.00704685 2000 -3.04426
0.055 0.00860052 2000 -3.71544
0.06 0.010314 2000 -4.45568
0.065 0.0121914 2000 -5.2667
0.07 0.0142375 2000 -6.15061
0.075 0.0164579 2000 -7.10981
0.08 0.0188583 2000 -8.14679
0.085 0.0214443 2000 -9.26396
0.09 0.0242205 2000 -10.4633
0.095 0.0271896 2000 -11.7459
0.1 0.0303522 2000 -13.1122
0.105 0.0337071 2000 -14.5615
0.11 0.0372512 2000 -16.0926
0.115 0.0409804 2000 -17.7036
0.12 0.0448897 2000 -19.3923
0.125 0.0489732 2000 -21.1564
0.13 0.0532251 2000 -22.9933
0.135 0.0576395 2000 -24.9003
0.14 0.0622116 2000 -26.8754
0.145 0.0669383 2000 -28.9174
0.15 0.0718201 2000 -31.0263
0.155 0.0768614 2000 -33.2042
0.16 0.0820707 2000 -35.4546
0.165 0.0874597 2000 -37.7826
0.17 0.0930431 2000 -40.1947
0.175 0.098837 2000 -42.6976
0.18 0.104857 2000 -45.2983
0.185 0.111115 2000 -48.0016
0.19 0.117614 2000 -50.8092
0.195 0.124347 2000 -53.7181
0.2 0.131294 2000 -56.7192
0.205 0.13842 2000 -59.7974
0.21 0.145676 2000 -62.9322
0.215 0.153008 2000 -66.0995
0.22 0.160358 2000 -69.2747
0.225 0.16768 2000 -72.4377
0.23 0.174945 2000 -75.5761
0.235 0.182148 2000 -78.6878
0.24 0.189309 2000 -81.7816
0.245 0.196474 2000 -84.8767
0.25 0.203703 2000 -87.9999
0.255 0.211071 2000 -91.1827
0.26 0.218652 2000 -94.4578
0.265 0.226518 2000 -97.8557
0.27 0.234731 2000 -101.404
0.275 0.243343 2000 -105.124
0.28 0.252391 2000 -109.033
0.285 0.26189 2000 -113.136
0.29 0.271837 2000 -117.434
0.295 0.282213 2000 -121.916
0.3 0.292987 2000 -126.57
0.305 0.304125 2000 -131.382
0.31 0.315596 2000 -136.338
0.315 0.327374 2000 -141.426
0.32 0.339446 2000 -146.641
0.325 0.35181 2000 -151.982
0.33 0.364483 2000 -157.457
0.335 0.377498 2000 -163.08
0.34 0.390903 2000 -168.87
0.345 0.404749 2000 -174.852
0.35 0.419087 2000 -181.046
0.355 0.433945 2000 -187.465
0.36 0.449323 2000 -194.108
0.365 0.465181 2000 -200.958
0.37 0.481435 2000 -207.98
0.375 0.497955 2000 -215.117
0.38 0.514573 2000 -222.296
0.385 0.531099 2000 -229.435
0.39 0.547345 2000 -236.454
0.395 0.563149 2000 -243.281
0.4 0.578373 2000 -249.858
0.405 0.592919 2000 -256.141
0.41 0.606731 2000 -262.108
0.415 0.619812 2000 -267.759
0.42 0.632217 2000 -273.118
0.425 0.644049 2000 -278.229
0.43 0.655434 2000 -283.148
0.435 0.666499 2000 -287.928
0.44 0.677355 2000 -292.618
0.445 0.688098 2000 -297.259
0.45 0.698819 2000 -301.89
0.455 0.709613 2000 -306.553
0.46 0.720588 2000 -311.294
0.465 0.731854 2000 -316.161
0.47 0.743512 2000 -321.198
0.475 0.755649 2000 -326.441
0.48 0.768334 2000 -331.92
0.485 0.781616 2000 -337.658
0.49 0.795523 2000 -343.666
0.495 0.810054 2000 -349.944
0.5 0.825184 2000 -356.48
0.505 0.840882 2000 -363.261
0.51 0.857134 2000 -370.282
0.515 0.873958 2000 -377.55
0.52 0.891409 2000 -385.089
0.525 0.909578 2000 -392.938
0.53 0.928575 2000 -401.145
0.535 0.948502 2000 -409.753
0.54 0.969413 2000 -418.787
0.545 0.991288 2000 -428.237
0.55 1.01402 2000 -438.059
0.555 1.03746 2000 -448.183
0.56 1.06139 2000 -458.519
0.565 1.0856 2000 -468.979
0.57 1.1099 2000 -479.477
0.575 1.13412 2000 -489.94
0.58 1.15811 2000 -500.304
0.585 1.18178 2000 -510.53
0.59 1.2051 2000 -520.603
0.595 1.22809 2000 -530.538
0.6 1.25085 2000 -540.367
0.605 1.27347 2000 -550.139
0.61 1.29606 2000 -559.898
0.615 1.31869 2000 -569.673
0.62 1.34134 2000 -579.459
0.625 1.36394 2000 -589.221
0.63 1.38632 2000 -598.891
0.635 1.4083 2000 -608.388
0.64 1.4297 2000 -617.63
0.645 1.45038 2000 -626.564
0.65 1.47031 2000 -635.176
0.655 1.48958 2000 -643.5
0.66 1.50835 2000 -651.608
0.665 1.52681 2000 -659.582
0.67 1.54516 2000 -667.51
0.675 1.56359 2000 -675.473
0.68 1.58227 2000 -683.54
0.685 1.60129 2000 -691.76
0.69 1.62076 2000 -700.17
0.695 1.64078 2000 -708.816
0.7 1.6615 2000 -717.77
0.705 1.68319 2000 -727.137
0.71 1.70614 2000 -737.054
0.715 1.73072 2000 -747.67
0.72 1.75725 2000 -759.133
0.725 1.78602 2000 -771.562
0.73 1.81723 2000 -785.043
0.735 1.85097 2000 -799.621
0.74 1.88729 2000 -815.309
0.745 1.92611 2000 -832.08
0.75 1.96732 2000 -849.883
0.755 2.01076 2000 -868.652
0.76 2.05628 2000 -888.316
0.765 2.10373 2000 -908.812
0.77 2.15295 2000 -930.079
0.775 2.20383 2000 -952.058
0.78 2.2562 2000 -974.682
0.785 2.30987 2000 -997.867
0.79 2.36456 2000 -1021.49
0.795 2.41986 2000 -1045.38
0.8 2.47525 2000 -1069.31
0.805 2.53011 2000 -1093.01
0.81 2.58381 2000 -1116.21
0.815 2.6358 2000 -1138.67
0.82 2.68565 2000 -1160.21
0.825 2.73312 2000 -1180.71
0.83 2.77816 2000 -1200.17
0.835 2.821 2000 -1218.68
0.84 2.86211 2000 -1236.44
0.845 2.90212 2000 -1253.72
0.85 2.94172 2000 -1270.83
0.855 2.98155 2000 -1288.03
0.86 3.02211 2000 -1305.55
0.865 3.06361 2000 -1323.48
0.87 3.10601 2000 -1341.8
0.875 3.1491 2000 -1360.41
0.88 3.19253 2000 -1379.18
0.885 3.23593 2000 -1397.92
0.89 3.27891 2000 -1416.49
0.895 3.32121 2000 -1434.76
0.9 3.36266 2000 -1452.67
0.905 3.40322 2000 -1470.2
0.91 3.44294 2000 -1487.35
0.915 3.48185 2000 -1504.16
0.92 3.51997 2000 -1520.63
0.925 3.55723 2000 -1536.73
0.93 3.59346 2000 -1552.38
0.935 3.62843 2000 -1567.48
0.94 3.66189 2000 -1581.94
0.945 3.69358 2000 -1595.63
0.95 3.72326 2000 -1608.45
0.955 3.75076 2000 -1620.33
0.96 3.77599 2000 -1631.23
0.965 3.79892 2000 -1641.14
0.97 3.8196 2000 -1650.07
0.975 3.83803 2000 -1658.03
0.98 3.85415 2000 -1664.99
0.985 3.86787 2000 -1670.92
0.99 3.87908 2000 -1675.76
0.995 3.88766 2000 -1679.47
1 3.89353 2000 -1682
1.005 3.89664 2000 -1683.35
1.01 3.89704 2000 -1683.52
1.015 3.89458 2000 -1682.46
1.02 3.88957 1999.99 -1680.3
1.025 3.88255 1999.99 -1677.26
1.03 3.87428 1999.99 -1673.69
1.035 3.86577 2000 -1670.01
1.04 3.8582 2000 -1666.74
1.045 3.85286 2000 -1664.44
1.05 3.85102 2000 -1663.64
1.055 3.85387 2000 -1664.87
1.06 3.86224 2000 -1668.49
1.065 3.87646 2000 -1674.63
1.07 3.89637 2000 -1683.23
1.075 3.9187 1999.96 -1692.93
1.08 3.94475 1999.94 -1704.2
1.085 3.97369 1999.95 -1716.69
1.09 4.00451 1999.96 -1729.99
1.095 4.0362 1999.97 -1743.67
1.1 4.06793 1999.97 -1757.37
1.105 4.09922 1999.98 -1770.88
1.11 4.12996 1999.98 -1784.16
1.115 4.16034 1999.99 -1797.28
1.12 4.19075 1999.99 -1810.42
1.125 4.22168 1999.99 -1823.78
1.13 4.25363 1999.99 -1837.58
1.135 4.28701 1999.99 -1852
1.14 4.32201 2000 -1867.11
1.145 4.3585 2000 -1882.88
1.15 4.39594 2000 -1899.05
1.155 4.43334 2000 -1915.21
1.16 4.46918 2000 -1930.69
1.165 4.50144 2000 -1944.63
1.17 4.52772 2000 -1955.98
1.175 4.54542 2000 -1963.63
1.18 4.55211 2000 -1966.51
1.185 4.54469 1999.98 -1963.32
1.19 4.52016 1999.97 -1952.73
1.195 4.47685 1999.98 -1934.01
1.2 4.41365 1999.98 -1906.71
1.205 4.32994 1999.99 -1870.54
1.21 4.22527 1999.99 -1825.33
1.215 4.09933 1999.99 -1770.92
1.22 3.95186 1999.99 -1707.21
1.225 3.78277 1999.99 -1634.16
1.23 3.59215 2000 -1551.81
1.235 3.38039 2000 -1460.33
1.24 3.1483 2000 -1360.06
1.245 2.89726 2000 -1251.61
1.25 2.62919 2000 -1135.8
1.255 2.34647 2000 -1013.66
1.26 2.0515 2000 -886.234
1.265 1.74636 2000 -754.411
1.27 1.43266 2000 -618.89
1.275 1.11154 2000 -480.163
1.28 0.784118 1999.99 -338.706
1.285 0.451652 1999.97 -195.056
1.29 0.117179 1999.9 -50.508
1.295 -0.213026 1999.77 92.2056
1.3 -0.522109 1999.58 225.833
1.305 -0.827254 1999.6 357.628
1.31 -1.12684 1999.67 487.014
1.315 -1.41789 1999.73 612.732
1.32 -1.69733 1999.78 733.435
1.325 -1.96226 1999.82 847.873
1.33 -2.21009 1999.85 954.924
1.335 -2.43838 1999.88 1053.53
1.34 -2.64471 1999.9 1142.65
1.345 -2.82663 1999.92 1221.23
1.35 -2.98177 1999.93 1288.23
1.355 -3.10809 1999.95 1342.79
1.36 -3.20392 1999.96 1384.17
1.365 -3.26801 1999.96 1411.85
1.37 -3.29959 1999.97 1425.47
1.375 -3.2983 1999.97 1424.91
1.38 -3.26041 1999.96 1408.55
1.385 -3.18678 1999.97 1376.73
1.39 -3.07831 1999.97 1329.86
1.395 -2.93601 1999.98 1268.39
1.4 -2.76075 1999.98 1192.67
1.405 -2.55314 1999.99 1102.97
1.41 -2.31343 1999.99 999.415
1.415 -2.04155 1999.99 881.958
1.42 -1.73722 1999.99 750.484
1.425 -1.40023 1999.99 604.895
1.43 -1.03063 2000 445.224
1.435 -0.629046 2000 271.732
1.44 -0.196825 2000 85.0038
1.445 0.263768 2000 -113.984
1.45 0.749529 2000 -323.848
1.455 1.25648 2000 -542.875
1.46 1.78016 2000 -769.145
1.465 2.31583 2000 -1000.61
1.47 2.85838 1999.99 -1235.09
1.475 3.40267 1999.98 -1470.3
1.48 3.94387 1999.96 -1704.12
1.485 4.47608 1999.86 -1933.98
1.49 4.96407 1999.35 -2145.3
1.495 5.4247 1999.17 -2344.46
1.5 5.87213 1999.31 -2537.56
1.505 6.30458 1999.44 -2724.27
1.51 6.72086 1999.54 -2904.02
1.515 7.11978 1999.62 -3076.29
1.52 7.50034 1999.69 -3240.64
1.525 7.86185 1999.75 -3396.76
1.53 8.20392 1999.79 -3544.49
1.535 8.52644 1999.83 -3683.78
1.54 8.82955 1999.86 -3814.68
1.545 9.11354 1999.88 -3937.33
1.55 9.3789 1999.9 -4051.94
1.555 9.62616 1999.92 -4158.73
1.56 9.85602 1999.93 -4258
1.565 10.0693 1999.95 -4350.12
1.57 10.2672 1999.95 -4435.56
1.575 10.4509 1999.96 -4514.91
1.58 10.622 1999.97 -4588.83
1.585 10.7823 1999.97 -4658.08
1.59 10.9338 1999.98 -4723.48
1.595 11.0782 1999.98 -4785.88
1.6 11.2174 1999.98 -4846
1.605 11.3527 1999.99 -4904.44
1.61 11.485 1999.99 -4961.6
1.615 11.6152 1999.99 -5017.81
1.62 11.7438 1999.99 -5073.35
1.625 11.8714 1999.99 -5128.48
1.63 11.9985 1999.99 -5183.37
1.635 12.1252 1999.99 -5238.11
1.64 12.2515 2000 -5292.67
1.645 12.377 2000 -5346.9
1.65 12.5013 2000 -5400.61
1.655 12.6239 2000 -5453.54
1.66 12.7438 2000 -5505.34
1.665 12.86 2000 -5555.54
1.67 12.9709 2000 -5603.44
1.675 13.0744 2000 -5648.18
1.68 13.1684 2000 -5688.77
1.685 13.2502 2000 -5724.09
1.69 13.3171 2000 -5752.99
1.695 13.3664 2000 -5774.32
1.7 13.396 2000 -5787.11
1.705 13.404 2000 -5790.54
1.71 13.386 1999.96 -5782.83
1.715 13.3395 1999.93 -5762.81
1.72 13.2634 1999.95 -5729.9
1.725 13.1559 1999.96 -5683.45
1.73 13.0158 1999.96 -5622.92
1.735 12.842 1999.97 -5547.78
1.74 12.6335 1999.98 -5457.73
1.745 12.3905 1999.98 -5352.75
1.75 12.1138 1999.99 -5233.18
1.755 11.805 1999.99 -5099.77
1.76 11.4667 1999.99 -4953.61
1.765 11.1019 1999.99 -4796.02
1.77 10.7144 2000 -4628.58
1.775 10.3079 2000 -4452.97
1.78 9.88642 2000 -4270.89
1.785 9.45379 2000 -4083.97
1.79 9.01373 2000 -3893.85
1.795 8.56973 2000 -3702.03
1.8 8.12486 2000 -3509.83
1.805 7.68166 2000 -3318.35
1.81 7.24224 2000 -3128.51
1.815 6.8082 2000 -2940.99
1.82 6.38036 2000 -2756.15
1.825 5.95842 2000 -2573.87
1.83 5.54104 2000 -2393.55
1.835 5.12623 2000 -2214.35
1.84 4.71195 2000 -2035.38
1.845 4.29665 2000 -1855.97
1.85 3.87974 2000 -1675.86
1.855 3.46199 2000 -1495.4
1.86 3.04567 2000 -1315.55
1.865 2.63433 1999.99 -1137.86
1.87 2.23218 1999.99 -964.146
1.875 1.84344 1999.99 -796.224
1.88 1.47212 1999.99 -635.829
1.885 1.12215 1999.99 -484.658
1.89 0.797464 1999.99 -344.411
1.895 0.501747 1999.99 -216.676
1.9 0.237892 1999.99 -102.702
1.905 0.00743137 1999.99 -3.15804
1.91 -0.189302 1999.99 81.8181
1.915 -0.3529 1999.99 152.483
1.92 -0.484697 1999.99 209.413
1.925 -0.586501 1999.99 253.387
1.93 -0.66021 2000 285.225
1.935 -0.707425 2000 305.619
1.94 -0.729105 2000 314.983
1.945 -0.725239 2000 313.318
1.95 -0.694627 2000 300.106
1.955 -0.636089 2000 274.812
1.96 -0.548075 2000 236.786
1.965 -0.429009 2000 185.346
1.97 -0.277378 2000 119.839
1.975 -0.0920649 2000 39.7806
1.98 0.127342 2000 -55.0059
1.985 0.380481 2000 -164.365
1.99 0.666263 2000 -287.826
1.995 0.982828 2000 -424.586
2 1.32743 2000 -573.46
2.005 1.69639 2000 -732.857
2.01 2.08519 2000 -900.829
2.015 2.48871 2000 -1075.16
2.02 2.90122 2000 -1253.38
2.025 3.31647 2000 -1432.78
2.03 3.72795 2000 -1610.55
2.035 4.12962 2000 -1784.08
2.04 4.51623 2000 -1951.11
2.045 4.88339 2000 -2109.74
2.05 5.22767 2000 -2258.47
2.055 5.54668 2000 -2396.29
2.06 5.83874 2000 -2522.46
2.065 6.10263 2000 -2636.45
2.07 6.33774 2000 -2738.01
2.075 6.54445 2000 -2827.31
2.08 6.72428 2000 -2904.98
2.085 6.87971 2000 -2972.12
2.09 7.01385 2000 -3030.06
2.095 7.12993 2000 -3080.19
2.1 7.23088 2000 -3123.8
2.105 7.3188 2000 -3161.77
2.11 7.39472 2000 -3194.56
2.115 7.45901 2000 -3222.33
2.12 7.51205 2000 -3245.24
2.125 7.55471 2000 -3263.66
2.13 7.58859 2000 -3278.29
2.135 7.61623 2000 -3290.23
2.14 7.641 2000 -3300.93
2.145 7.66677 2000 -3312.06
2.15 7.69743 2000 -3325.3
2.155 7.73659 2000 -3342.21
2.16 7.78731 2000 -3364.12
2.165 7.85167 2000 -3391.93
2.17 7.9309 2000 -3426.15
2.175 8.02584 2000 -3467.17
2.18 8.1372 2000 -3515.28
2.185 8.26563 2000 -3570.76
2.19 8.41207 2000 -3634.03
2.195 8.57787 2000 -3705.66
2.2 8.76483 2000 -3786.43
2.205 8.97507 2000 -3877.25
2.21 9.21093 2000 -3979.15
2.215 9.47467 2000 -4093.09
2.22 9.76803 2000 -4219.82
2.225 10.0919 2000 -4359.72
2.23 10.4459 1999.99 -4512.67
2.235 10.8284 1999.99 -4677.89
2.24 11.2356 1999.99 -4853.78
2.245 11.662 1999.99 -5037.96
2.25 12.101 1999.99 -5227.58
2.255 12.546 1999.98 -5419.8
2.26 12.9909 1999.98 -5611.97
2.265 13.4252 1999.91 -5799.7
2.27 13.7998 1999.5 -5962.42
2.275 14.162 1999.59 -6118.68
2.28 14.5056 1999.66 -6267.02
2.285 14.8265 1999.72 -6405.55
2.29 15.1196 1999.77 -6532.08
2.295 15.3793 1999.81 -6644.21
2.3 15.5996 1999.85 -6739.34
2.305 15.7744 1999.87 -6814.78
2.31 15.8977 1999.9 -6868.02
2.315 15.9646 1999.92 -6896.87
2.32 15.9706 1999.93 -6899.45
2.325 15.9007 1999.79 -6869.56
2.33 15.7517 1999.71 -6805.35
2.335 15.5206 1999.77 -6705.39
2.34 15.2029 1999.81 -6568.04
2.345 14.7953 1999.85 -6391.89
2.35 14.2954 1999.88 -6175.85
2.355 13.7017 1999.9 -5919.31
2.36 13.0143 1999.92 -5622.26
2.365 12.2345 1999.94 -5285.33
2.37 11.3659 1999.96 -4909.98
2.375 10.4145 1999.97 -4498.82
2.38 9.38949 1999.98 -4055.87
2.385 8.3041 1999.98 -3586.83
2.39 7.1747 1999.98 -3098.79
2.395 6.01988 1999.98 -2599.8
2.4 4.85963 1999.98 -2098.53
2.405 3.71496 1999.97 -1604.05
2.41 2.60718 1999.97 -1125.57
2.415 1.55624 1999.96 -671.668
2.42 0.579135 1999.96 -249.684
2.425 -0.310001 1999.94 134.301
2.43 -1.09961 1999.92 475.279
2.435 -1.78086 1999.9 769.468
2.44 -2.34692 1999.87 1013.98
2.445 -2.79314 1999.82 1206.69
2.45 -3.11684 1999.79 1346.49
2.455 -3.31902 1999.8 1433.84
2.46 -3.40027 1999.83 1468.94
2.465 -3.35969 1999.83 1451.46
2.47 -3.19417 1999.83 1380.01
2.475 -2.90502 1999.86 1255.07
2.48 -2.49329 1999.89 1077.18
2.485 -1.96062 1999.91 847.043
2.49 -1.30904 1999.93 565.531
2.495 -0.541207 1999.94 233.774
2.5 0.33913 1999.96 -146.61
2.505 1.32621 1999.97 -573.147
2.51 2.41154 1999.98 -1042.17
2.515 3.58361 1999.98 -1548.71
2.52 4.82809 1999.99 -2086.53
2.525 6.12874 1999.99 -2648.59
2.53 7.46905 1999.98 -3227.72
2.535 8.83396 1999.97 -3817.37
2.54 10.2107 1999.97 -4412.03
2.545 11.5893 1999.96 -5007.43
2.55 12.9626 1999.95 -5600.48
2.555 14.3253 1999.94 -6188.84
2.56 15.6734 1999.93 -6770.83
2.565 16.859 1997.77 -7287.99
2.57 17.9929 1996.81 -7780.17
2.575 19.1087 1997.37 -8261.09
2.58 20.1967 1997.82 -8730.29
2.585 21.2548 1998.2 -9186.71
2.59 22.2811 1998.5 -9629.55
2.595 23.2576 1998.82 -10053.3
2.6 24.1965 1999.08 -10460.2
2.605 25.0901 1999.32 -10848
2.61 25.9521 1999.48 -11220.8
2.615 26.7357 1999.81 -11564.8
2.62 27.4975 1999.98 -11895.2
2.625 28.1917 2000.15 -12194.8
2.63 28.8394 2000.21 -12474.5
2.635 29.4403 2000.25 -12733.9
2.64 29.977 2000.45 -12965.9
2.645 30.4781 2000.49 -13181.2
2.65 30.9485 2000.38 -13381.7
2.655 31.3789 2000.32 -13566
2.66 31.7184 2000.71 -13716.2
2.665 32.044 2000.77 -13856.2
2.67 32.3528 2000.61 -13987.2
2.675 32.6405 2000.49 -14109.5
2.68 32.9109 2000.39 -14224.6
2.685 33.1673 2000.31 -14334.1
2.69 33.4129 2000.25 -14439.1
2.695 33.6501 2000.2 -14540.8
2.7 33.8812 2000.15 -14639.9
2.705 34.1074 2000.12 -14737
2.71 34.3296 2000.09 -14832.6
2.715 34.5429 2000.12 -14924.9
2.72 34.7322 2000.24 -15007.7
2.725 34.924 2000.19 -15090
2.73 35.1132 2000.15 -15171.2
2.735 35.3002 2000.12 -15251.6
2.74 35.4853 2000.09 -15331.2
2.745 35.6689 2000.07 -15410.3
2.75 35.8515 2000.05 -15489
2.755 36.0333 2000.04 -15567.3
2.76 36.2144 2000.03 -15645.4
2.765 36.3944 2000.02 -15723.1
2.77 36.5727 2000.02 -15800
2.775 36.7479 2000.01 -15875.6
2.78 36.9179 2000.01 -15949
2.785 37.0799 2000 -16018.9
2.79 37.2305 2000 -16083.9
2.795 37.3654 2000 -16142.1
2.8 37.4798 2000 -16191.5
2.805 37.5694 2000 -16230.2
2.81 37.6304 2000 -16256.5
2.815 37.6598 2000 -16269.2
2.82 37.6531 1999.98 -16266.4
2.825 37.5973 1999.93 -16242.6
2.83 37.4921 1999.94 -16197.1
2.835 37.3337 1999.95 -16128.5
2.84 37.12 1999.96 -16036.1
2.845 36.8493 1999.97 -15919.1
2.85 36.52 1999.97 -15776.7
2.855 36.1311 1999.98 -15608.6
2.86 35.6822 1999.98 -15414.5
2.865 35.1741 1999.98 -15194.9
2.87 34.6096 1999.97 -14950.8
2.875 33.9931 1999.97 -14684.3
2.88 33.2502 2000.63 -14371.2
2.885 32.4639 2000.92 -14035
2.89 31.6599 2000.73 -13685.3
2.895 30.8263 2000.59 -13323.3
2.9 29.9319 2000.75 -12938.9
2.905 28.9191 2001.17 -12508
2.91 27.9103 2000.99 -12069.8
2.915 26.8289 2001.05 -11603.5
2.92 25.6922 2001.12 -11117.2
2.925 24.4704 2001.58 -10598
2.93 23.2539 2001.64 -10074.1
2.935 22.0187 2001.49 -9540.04
2.94 20.7802 2001.32 -9003.51
2.945 19.5486 2001.16 -8469.68
2.95 18.3174 2001.01 -7935.71
2.955 17.1138 2000.82 -7411.45
2.96 15.9313 2000.66 -6897.16
2.965 14.7756 2000.53 -6395.1
2.97 13.6533 2000.43 -5908.03
2.975 12.5725 2000.35 -5439.3
2.98 11.5416 2000.28 -4992.44
2.985 10.5683 2000.22 -4570.79
2.99 9.65963 2000.18 -4177.27
2.995 8.82103 2000.14 -3814.21
3 8.05648 2000.11 -3483.28
3.005 7.36819 2000.09 -3185.42
3.01 6.75636 2000.07 -2920.68
3.015 6.21858 2000.05 -2688.01
3.02 5.74936 2000.04 -2485.02
3.025 5.33989 2000.03 -2307.88
3.03 4.97839 2000.02 -2151.52
3.035 4.65095 2000.02 -2009.91
3.04 4.34299 2000.01 -1876.74
3.045 4.04 2000.01 -1745.74
3.05 3.72914 2000.01 -1611.37
3.055 3.40111 2000.01 -1469.6
3.06 3.05038 2000 -1318.03
3.065 2.67442 2000 -1155.58
3.07 2.27314 2000 -982.186
3.075 1.84762 1999.99 -798.335
3.08 1.3995 1999.99 -604.736
3.085 0.930916 1999.99 -402.287
3.09 0.443588 1999.98 -191.739
3.095 -0.0615037 1999.97 26.4872
3.1 -0.584695 1999.96 252.521
3.105 -1.12666 1999.94 486.712
3.11 -1.69047 1999.92 730.229
3.115 -2.27773 1999.89 983.882
3.12 -2.89092 1999.83 1248.79
3.125 -3.53484 1999.8 1526.9
3.13 -4.21001 1999.77 1818.63
3.135 -4.91737 1999.7 2123.82
3.14 -5.65141 1999.53 2439.15
3.145 -6.3836 1999.32 2757.2
3.15 -7.12987 1999.3 3082.61
3.155 -7.91742 1999.4 3422.96
3.16 -8.74188 1999.49 3778.77
3.165 -9.60465 1999.56 4151.22
3.17 -10.5098 1999.62 4542.07
3.175 -11.4612 1999.66 4952.95
3.18 -12.4612 1999.69 5384.85
3.185 -13.51 1999.71 5837.94
3.19 -14.6068 1999.72 6311.73
3.195 -15.7487 1999.73 6805.11
3.2 -16.9317 1999.73 7316.24
3.205 -18.1496 1999.73 7842.48
3.21 -19.3946 1999.72 8380.39
3.215 -20.6327 1999.82 8918.71
3.22 -21.8706 1999.89 9456.12
3.225 -23.0771 1999.99 9980.48
3.23 -24.2344 2000.11 10483.7
3.235 -25.3688 2000.13 10973
3.24 -26.3731 2000.54 11413.5
3.245 -27.3428 2000.54 11832.9
3.25 -28.2355 2000.69 12218.6
3.255 -29.0112 2001.16 12557.6
3.26 -29.6885 2001.42 12852.3
3.265 -30.3438 2001.11 13130.5
3.27 -30.9537 2000.87 13390
3.275 -31.5214 2000.68 13632.1
3.28 -32.0464 2000.58 13856.6
3.285 -32.4899 2000.75 14048.8
3.29 -32.9066 2000.63 14227.5
3.295 -33.3012 2000.5 14395.9
3.3 -33.6715 2000.39 14554.1
3.305 -34.018 2000.31 14702.4
3.31 -34.3411 2000.24 14840.8
3.315 -34.6408 2000.19 14969.3
3.32 -34.9173 2000.14 15088
3.325 -35.1714 2000.11 15197.1
3.33 -35.4046 2000.08 15297.4
3.335 -35.6115 2000.16 15386.9
3.34 -35.7958 2000.23 15466.8
3.345 -35.9727 2000.18 15542.7
3.35 -36.1449 2000.14 15616.6
3.355 -36.3185 2000.11 15691.3
3.36 -36.5008 2000.09 15769.7
3.365 -36.7001 2000.07 15855.6
3.37 -36.9254 2000.05 15952.8
3.375 -37.1813 2000.06 16063.7
3.38 -37.4749 2000.07 16190.9
3.385 -37.8059 2000.08 16334.5
3.39 -38.1852 2000.05 16498.1
3.395 -38.612 2000.03 16682.3
3.4 -39.0758 2000.09 16884.5
3.405 -39.5547 2000.41 17097.7
3.41 -40.0826 2000.63 17328
3.415 -40.6482 2000.71 17571.4
3.42 -41.2214 2000.86 17823.6
3.425 -41.819 2001.03 18086.5
3.43 -42.4374 2001.17 18357.5
3.435 -43.0714 2001.2 18633.5
3.44 -43.7063 2001.31 18910.8
3.445 -44.3364 2001.42 19186.2
3.45 -44.9216 2002.05 19442.9
3.455 -45.4892 2002.42 19690
3.46 -46.0158 2002.71 19916.2
3.465 -46.4993 2002.72 20127.2
3.47 -46.9651 2002.42 20329.3
3.475 -47.4093 2002.12 20517.8
3.48 -47.8279 2002.06 20693.7
3.485 -48.21 2001.98 20855.7
3.49 -48.5597 2001.59 21005.2
3.495 -48.8805 2001.19 21144.4
3.5 -49.1552 2001.11 21268.1
3.505 -49.404 2000.93 21378.9
3.51 -49.5971 2000.92 21466
3.515 -49.7477 2000.84 21534.3
3.52 -49.8536 2000.63 21584
3.525 -49.8491 2000.12 21599.6
3.53 -49.7737 1999.5 21580.1
3.535 -49.5531 1998.44 21499.3
3.54 -49.2838 1998 21386.2
3.545 -49.0376 1998.48 21264.4
3.55 -48.7806 1999.06 21137.4
3.555 -48.4495 1998.81 20992.3
3.56 -48.0844 1998.67 20831.9
3.565 -47.7187 1998.55 20666.1
3.57 -47.352 1998.56 20497.5
3.575 -46.9731 1998.65 20326.8
3.58 -46.6109 1999.11 20159.9
3.585 -46.2466 1999.42 19994.9
3.59 -45.8693 1999.41 19829.2
3.595 -45.4702 1999.31 19656.4
3.6 -45.1786 1999.86 19513.5
3.605 -44.9669 2000.4 19406.1
3.61 -44.7097 2000.24 19299.5
3.615 -44.4567 2000.11 19193.8
3.62 -44.2173 2000.16 19090.7
3.625 -43.9809 2000.19 18989.1
3.63 -43.7399 2000.08 18887.3
3.635 -43.5014 2000 18785.3
3.64 -43.3206 2000.34 18700
3.645 -43.1535 2000.55 18623.6
3.65 -42.9624 2000.38 18545.2
3.655 -42.7695 2000.24 18465.2
3.66 -42.5736 2000.12 18383.3
3.665 -42.3722 1999.93 18298.8
3.67 -42.1666 1999.78 18212
3.675 -41.9586 1999.71 18123.8
3.68 -41.7481 1999.65 18034.2
3.685 -41.5366 1999.59 17943.9
3.69 -41.3256 1999.53 17853.7
3.695 -41.1104 1999.36 17762.5
3.7 -40.8998 1999.25 17672.6
3.705 -40.7564 1999.88 17602.2
3.71 -40.605 2000.1 17534.1
3.715 -40.4498 2000 17469
3.72 -40.3047 1999.93 17407.7
3.725 -40.1699 1999.88 17350.7
3.73 -40.0459 1999.85 17298
3.735 -39.933 1999.82 17249.9
3.74 -39.8314 1999.81 17206.5
3.745 -39.7411 1999.81 17167.9
3.75 -39.662 1999.82 17133.9
3.755 -39.5939 1999.83 17104.7
3.76 -39.5365 1999.85 17079.9
3.765 -39.4895 1999.87 17059.7
3.77 -39.4739 2000.02 17049.8
3.775 -39.4702 2000.13 17046.2
3.78 -39.4625 2000.1 17043.8
3.785 -39.459 2000.08 17043.1
3.79 -39.4348 1999.97 17037
3.795 -39.3953 1999.89 17023.2
3.8 -39.3517 1999.9 17003.2
3.805 -39.2948 1999.89 16977.4
3.81 -39.2295 1999.87 16947.7
3.815 -39.1599 1999.85 16916.1
3.82 -39.089 1999.82 16884.1
3.825 -39.0187 1999.81 16852.6
3.83 -38.9505 1999.8 16822.5
3.835 -38.8856 1999.8 16794.1
3.84 -38.8252 1999.81 16768.1
3.845 -38.7709 1999.83 16744.9
3.85 -38.7244 1999.85 16725.2
3.855 -38.6869 1999.87 16709.5
3.86 -38.6593 1999.89 16698.1
3.865 -38.6417 1999.91 16691
3.87 -38.6342 1999.93 16688.1
3.875 -38.641 1999.91 16690.7
3.88 -38.6673 1999.89 16701.6
3.885 -38.7082 1999.91 16719.8
3.89 -38.7626 1999.93 16744
3.895 -38.8264 1999.96 16772.4
3.9 -38.8951 2000 16803.3
3.905 -38.9649 2000.04 16834.7
3.91 -39.0339 2000.08 16865.8
3.915 -39.101 2000.11 16895.9
3.92 -39.1661 2000.13 16924.8
3.925 -39.2285 2000.1 16952.3
3.93 -39.2903 2000.09 16979.2
3.935 -39.3517 2000.08 17005.6
3.94 -39.4053 2000 17029.3
3.945 -39.3631 1999.47 17024.5
3.95 -39.3319 1999.25 17015.4
3.955 -39.3233 1999.39 17007.3
3.96 -39.3134 1999.51 16999.4
3.965 -39.3033 1999.6 16992.1
3.97 -39.2932 1999.65 16985.4
3.975 -39.2837 1999.66 16979.4
3.98 -39.2778 1999.73 16975.2
3.985 -39.2748 1999.78 16972.5
3.99 -39.2751 1999.82 16971.5
3.995 -39.2645 1999.82 16968.2
4 -39.2323 1999.79 16955.9
4.005 -39.1904 1999.83 16936.1
4.01 -39.1322 1999.84 16909.2
4.015 -39.0618 1999.83 16876.7
4.02 -38.9827 1999.79 16840.3
4.025 -38.8977 1999.75 16801.4
4.03 -38.8083 1999.72 16760.9
4.035 -38.7145 1999.7 16719
4.04 -38.6183 1999.64 16676.4
4.045 -38.5186 1999.66 16633
4.05 -38.4148 1999.68 16588.2
4.055 -38.307 1999.71 16542
4.06 -38.1956 1999.74 16494.4
4.065 -38.0814 1999.77 16445.7
4.07 -37.9649 1999.79 16396
4.075 -37.8466 1999.81 16345.5
4.08 -37.7236 2000.01 16293.5
4.085 -37.5965 2000.16 16239.2
4.09 -37.4671 2000.12 16183.6
4.095 -37.3381 2000.09 16128.2
4.1 -37.2099 2000.07 16073.1
4.105 -37.0787 2000.18 16017.3
4.11 -36.9361 2000.42 15957.1
4.115 -36.7955 2000.3 15896.1
4.12 -36.6595 2000.17 15837.1
4.125 -36.5265 2000.13 15779.5
4.13 -36.3962 2000.1 15723.2
4.135 -36.2688 2000.08 15668.1
4.14 -36.1444 2000.05 15614.3
4.145 -36.023 2000.04 15561.9
4.15 -35.9048 2000.02 15510.8
4.155 -35.7898 2000.01 15461.1
4.16 -35.6781 2000.01 15412.9
4.165 -35.5698 2000 15366.1
4.17 -35.4649 2000 15320.8
4.175 -35.3636 1999.99 15277
4.18 -35.2658 1999.99 15234.8
4.185 -35.1719 1999.99 15194.2
4.19 -35.0818 1999.99 15155.3
4.195 -34.9958 1999.99 15118.1
4.2 -34.9141 1999.98 15082.9
4.205 -34.8371 1999.98 15049.6
4.21 -34.765 1999.99 15018.5
4.215 -34.6983 1999.99 14989.6
4.22 -34.6372 1999.99 14963.3
4.225 -34.5821 1999.99 14939.4
4.23 -34.5333 1999.99 14918.4
4.235 -34.4913 1999.99 14900.2
4.24 -34.4566 1999.99 14885.2
4.245 -34.4299 1999.99 14873.7
4.25 -34.4116 1999.99 14865.8
4.255 -34.4019 1999.99 14861.6
4.26 -34.4008 2000 14861.1
4.265 -34.4209 1999.91 14867.8
4.27 -34.454 1999.87 14881
4.275 -34.4931 1999.9 14898.7
4.28 -34.5372 1999.93 14918.5
4.285 -34.5814 1999.95 14938.3
4.29 -34.6219 1999.97 14956.3
4.295 -34.6559 1999.99 14971.4
4.3 -34.6822 2000 14982.9
4.305 -34.7004 2000 14990.9
4.31 -34.7111 2000 14995.5
4.315 -34.7156 2000 14997.4
4.32 -34.7151 2000 14997.1
4.325 -34.71 2000 14995
4.33 -34.7023 2000 14991.6
4.335 -34.6929 2000 14987.5
4.34 -34.6827 2000 14983
4.345 -34.6725 2000 14978.6
4.35 -34.6635 2000 14974.6
4.355 -34.6566 2000 14971.6
4.36 -34.6532 2000 14970.2
4.365 -34.6545 2000 14970.7
4.37 -34.6619 2000 14973.8
4.375 -34.6759 2000 14979.9
4.38 -34.6971 2000 14989.2
4.385 -34.725 2000 15001.4
4.39 -34.7588 2000.01 15016.2
4.395 -34.7972 2000.02 15033.2
4.4 -34.8388 2000.03 15051.6
4.405 -34.8825 2000.05 15070.9
4.41 -34.9269 2000.06 15090.4
4.415 -34.9713 2000.06 15109.8
4.42 -35.0144 2000.07 15128.6
4.425 -35.0551 2000.07 15146.1
4.43 -35.0922 2000.06 15162.1
4.435 -35.1247 2000.05 15175.9
4.44 -35.1514 2000.05 15187.2
4.445 -35.1717 2000.04 15195.7
4.45 -35.185 2000.03 15201.2
4.455 -35.1911 2000.03 15203.6
4.46 -35.1866 2000.03 15201.9
4.465 -35.1669 2000.04 15193.7
4.47 -35.1332 2000.03 15178.7
4.475 -35.084 2000.01 15156.9
4.48 -35.0204 1999.99 15128.5
4.485 -34.9447 1999.95 15094.5
4.49 -34.8592 1999.91 15055.9
4.495 -34.7654 1999.86 15013.7
4.5 -34.6639 1999.83 14968.4
4.505 -34.5545 1999.81 14920.3
4.51 -34.4349 1999.69 14868.5
4.515 -34.3029 1999.67 14812.1
4.52 -34.1642 1999.7 14752.5
4.525 -34.0172 1999.74 14689.6
4.53 -33.8628 1999.77 14623.5
4.535 -33.7019 1999.79 14554.6
4.54 -33.5393 1999.67 14484.4
4.545 -33.3734 1999.64 14413.1
4.55 -33.2044 1999.69 14340.7
4.555 -33.0329 1999.73 14267.2
4.56 -32.8595 1999.76 14192.7
4.565 -32.6846 1999.78 14117.6
4.57 -32.5088 1999.8 14041.9
4.575 -32.3314 1999.95 13964.6
4.58 -32.1313 2000.43 13880.9
4.585 -31.9287 2000.54 13794.7
4.59 -31.7277 2000.42 13707.5
4.595 -31.5277 2000.33 13620.8
4.6 -31.3309 2000.19 13535.3
4.605 -31.1386 2000.06 13451.7
4.61 -30.9487 2000.02 13369.6
4.615 -30.7613 1999.98 13288.7
4.62 -30.5705 2000.1 13207.2
4.625 -30.3822 2000.14 13126.2
4.63 -30.1978 2000.09 13046.3
4.635 -30.0168 2000.05 12967.8
4.64 -29.8392 2000.01 12891
4.645 -29.6678 1999.92 12816.3
4.65 -29.502 1999.84 12744.3
4.655 -29.3397 1999.84 12674.2
4.66 -29.181 1999.84 12605.6
4.665 -29.0237 1999.88 12538
4.67 -28.8628 1999.96 12469.2
4.675 -28.7067 1999.94 12401.6
4.68 -28.5553 1999.91 12335.9
4.685 -28.4083 1999.88 12272.1
4.69 -28.265 1999.88 12210
4.695 -28.1024 2000.27 12142.3
4.7 -27.9233 2000.56 12067.6
4.705 -27.7519 2000.42 11992.6
4.71 -27.5838 2000.32 11919.3
4.715 -27.4193 2000.25 11847.5
4.72 -27.2703 2000.22 11781
4.725 -27.1085 2000.45 11712.7
4.73 -26.9405 2000.73 11641.3
4.735 -26.7895 2000.6 11574.1
4.74 -26.6443 2000.47 11511.2
4.745 -26.5107 2000.38 11453.3
4.75 -26.3895 2000.3 11400.8
4.755 -26.2814 2000.24 11353.9
4.76 -26.1868 2000.19 11313
4.765 -26.1062 2000.15 11278.1
4.77 -26.0124 2000.43 11241.5
4.775 -25.9429 2000.48 11212.5
4.78 -25.8958 2000.39 11191.2
4.785 -25.8665 2000.31 11177.7
4.79 -25.8551 2000.25 11172.1
4.795 -25.8657 2000.18 11175.6
4.8 -25.903 2000.12 11190.6
4.805 -25.9633 2000.1 11216.7
4.81 -26.0467 2000.09 11253
4.815 -26.1495 2000.08 11298
4.82 -26.2672 2000.07 11349.6
4.825 -26.377 2000.28 11400.6
4.83 -26.4922 2000.39 11452.3
4.835 -26.6131 2000.34 11504.4
4.84 -26.7342 2000.3 11556.4
4.845 -26.8539 2000.27 11607.6
4.85 -26.9706 2000.23 11657.5
4.855 -27.0827 2000.2 11705.2
4.86 -27.1871 2000.13 11749.9
4.865 -27.2832 2000.06 11791
4.87 -27.3725 2000.05 11828.9
4.875 -27.4547 2000.05 11863.5
4.88 -27.5313 2000.06 11895.4
4.885 -27.5943 2000.05 11922.4
4.89 -27.6445 2000.04 11943.7
4.895 -27.68 2000.03 11958.9
4.9 -27.6993 2000.02 11967
4.905 -27.7006 2000.02 11967.4
4.91 -27.6664 2000.05 11954.8
4.915 -27.6044 2000.06 11929.1
4.92 -27.5195 2000.04 11891.1
4.925 -27.41 2000 11842.1
4.93 -27.2809 1999.95 11784.3
4.935 -27.1448 1999.92 11722.7
4.94 -26.9955 1999.88 11656.8
4.945 -26.8382 1999.86 11587.9
4.95 -26.6759 1999.86 11517.5
4.955 -26.5117 1999.84 11446.8
4.96 -26.3488 1999.85 11376.9
4.965 -26.188 1999.87 11308.3
4.97 -25.9921 2000.09 11228
4.975 -25.818 1999.97 11152.4
4.98 -25.6396 2000.03 11076.5
4.985 -25.4782 2000 11006.4
4.99 -25.3285 2000 10941.7
4.995 -25.1894 2000 10881.6
5 -25.0593 1999.99 10825.4
5.005 -24.9358 1999.99 10772.1
5.01 -24.8162 1999.99 10720.4
5.015 -24.697 1999.99 10668.9
5.02 -24.5431 2000.29 10607.1
5.025 -24.3827 2000.43 10539.9
5.03 -24.2155 2000.45 10465.9
5.035 -24.0324 2000.43 10385.6
5.04 -23.8322 2000.34 10298.4
5.045 -23.6142 2000.28 10203.7
5.05 -23.377 2000.22 10100.7
5.055 -23.1215 2000.15 9989.67
5.06 -22.8338 2000.22 9866.13
5.065 -22.4534 2000.63 9707.53
5.07 -22.0635 2000.5 9537.62
5.075 -21.6457 2000.4 9355.95
5.08 -21.1614 2000.64 9151.13
5.085 -20.647 2000.74 8930.97
5.09 -20.0226 2001.03 8666.95
5.095 -19.3738 2001.05 8383.57
5.1 -18.6902 2000.95 8085.31
5.105 -17.9566 2000.84 7767.89
5.11 -17.0752 2001.21 7395.41
5.115 -16.1741 2001.05 7004.13
5.12 -15.1734 2001.12 6574.38
5.125 -14.0878 2001.29 6109.97
5.13 -12.9056 2001.5 5604.82
5.135 -11.7221 2001.17 5087.56
5.14 -10.5026 2000.94 4556.22
5.145 -9.25633 2000.76 4014.21
5.15 -7.99126 2000.61 3464.76
5.155 -6.61152 2001.02 2880.63
5.16 -5.25997 2001.07 2298.95
5.165 -3.98491 2000.92 1738.88
5.17 -2.69965 2000.79 1182.11
5.175 -1.36742 2001.09 609.654
5.18 -0.122046 2000.96 63.9706
5.185 1.03155 2000.91 -444.942
5.19 2.28698 2001.51 -970.251
5.195 3.46105 2001.53 -1467.44
5.2 4.51674 2001.23 -1928.68
5.205 5.6385 2001.22 -2405.01
5.21 6.63088 2000.98 -2839.6
5.215 7.61764 2000.94 -3260.27
5.22 8.49825 2000.83 -3641.29
5.225 9.30157 2000.69 -3990.35
5.23 10.0399 2000.6 -4310.42
5.235 10.679 2000.48 -4591.64
5.24 11.2389 2000.39 -4837.68
5.245 11.7222 2000.32 -5049.82
5.25 12.1303 2000.26 -5228.81
5.255 12.4628 2000.21 -5374.67
5.26 12.7182 2000.17 -5486.76
5.265 12.8933 2000.13 -5563.85
5.27 12.9839 2000.11 -5604.18
5.275 12.9854 2000.09 -5605.74
5.28 12.8871 2000.08 -5564.48
5.285 12.6868 2000.07 -5478.8
5.29 12.3823 2000.05 -5347.54
5.295 11.971 2000.04 -5170
5.3 11.4533 2000.02 -4946.38
5.305 10.8312 2000.01 -4677.54
5.31 10.1079 2000 -4364.85
5.315 9.28723 1999.98 -4010.13
5.32 8.39498 2000 -3621.73
5.325 7.4545 2000.04 -3210.83
5.33 6.42318 2000.03 -2766.58
5.335 5.40958 2000.15 -2319.15
5.34 4.335 2000.19 -1851.87
5.345 3.34462 2000.44 -1409.09
5.35 2.33059 2000.54 -965.881
5.355 1.27913 2000.43 -519.268
5.36 0.292573 2000.57 -93.0114
5.365 -0.656294 2000.88 314.477
5.37 -1.61032 2000.8 717.134
5.375 -2.50745 2000.65 1100.62
5.38 -3.38655 2000.65 1472.56
5.385 -4.13224 2000.86 1799.94
5.39 -4.81733 2000.87 2099.01
5.395 -5.4655 2000.7 2375.59
5.4 -6.06433 2000.61 2630.06
5.405 -6.60955 2000.54 2862.1
5.41 -7.09067 2000.44 3068.64
5.415 -7.51598 2000.35 3251.32
5.42 -7.88832 2000.28 3411.32
5.425 -8.21006 2000.23 3549.62
5.43 -8.48242 2000.19 3666.73
5.435 -8.70532 2000.15 3762.57
5.44 -8.87753 2000.12 3836.61
5.445 -8.98971 2000.13 3885.77
5.45 -9.04972 2000.13 3911.77
5.455 -9.05588 2000.1 3913.99
5.46 -8.99684 2000.08 3888.98
5.465 -8.87356 2000.07 3835.95
5.47 -8.6768 2000.08 3751.09
5.475 -8.41284 2000.07 3636.31
5.48 -8.07917 2000.06 3491.38
5.485 -7.67662 2000.05 3316.64
5.49 -7.20653 2000.04 3112.73
5.495 -6.6709 2000.04 2880.58
5.5 -6.0726 2000.03 2621.51
5.505 -5.42099 2000.05 2338.85
5.51 -4.73046 2000.1 2038.68
5.515 -3.98584 2000.08 1717.37
5.52 -3.18696 2000.11 1374.2
5.525 -2.28445 2000.28 991.005
5.53 -1.39838 2000.3 604.628
5.535 -0.469516 2000.24 203.125
5.54 0.467574 2000.27 -204.663
5.545 1.47325 2000.69 -633.545
5.55 2.53808 2000.88 -1085.95
5.555 3.59425 2000.71 -1544.2
5.56 4.72429 2000.68 -2026.82
5.565 5.96542 2000.75 -2552.75
5.57 7.22913 2000.68 -3096.41
5.575 8.54377 2000.64 -3662.05
5.58 9.93243 2000.62 -4256.32
5.585 11.3404 2000.57 -4863.4
5.59 12.7378 2000.46 -5473.76
5.595 14.1494 2000.3 -6089.22
5.6 15.573 2000.19 -6708.72
5.605 17.0047 2000.14 -7330.69
5.61 18.44 2000.11 -7953.54
5.615 19.8753 2000.08 -8575.96
5.62 21.2978 2000.1 -9193.33
5.625 22.6479 2000.34 -9781.82
5.63 23.9968 2000.31 -10365.6
5.635 25.2715 2000.52 -10920.1
5.64 26.4291 2000.92 -11425.3
5.645 27.5754 2000.87 -11921.5
5.65 28.678 2000.88 -12400.4
5.655 29.7503 2000.94 -12863.7
5.66 30.7452 2001.19 -13295.3
5.665 31.734 2000.92 -13719.8
5.67 32.7043 2000.69 -14136.9
5.675 33.633 2000.66 -14540
5.68 34.4718 2001.22 -14910.5
5.685 35.2796 2001.43 -15262.3
5.69 36.0958 2001.04 -15610.6
5.695 36.9086 2000.78 -15958.2
5.7 37.6818 2000.76 -16295.6
5.705 38.4405 2000.57 -16626.6
5.71 39.1429 1999.95 -16933.4
5.715 39.7987 1999.52 -17218.4
5.72 40.4449 1999.59 -17497.5
5.725 41.0698 1999.37 -17770
5.73 41.6905 1999.49 -18041.4
5.735 42.3138 1999.83 -18311
5.74 42.9528 1999.96 -18585.2
5.745 43.5492 2000.36 -18846.4
5.75 44.1661 2000.35 -19110.8
5.755 44.7671 2000.84 -19364.9
5.76 45.3413 2001.25 -19610.2
5.765 45.8794 2001.38 -19845
5.77 46.4134 2001.14 -20076.7
5.775 46.9412 2001.11 -20304.5
5.78 47.4482 2001.7 -20518.9
5.785 47.9183 2001.74 -20722
5.79 48.3717 2001.35 -20917.5
5.795 48.7856 2001.36 -21099.7
5.8 49.168 2001.25 -21268.2
5.805 49.4993 2001.17 -21415.6
5.81 49.7001 2000.86 -21526
5.815 49.8516 2000.57 -21608.4
5.82 49.8827 1999.94 -21645
5.825 49.6661 1998.39 -21590.2
5.83 49.1849 1996.93 -21405.1
5.835 48.7674 1997.2 -21203
5.84 48.2498 1997.05 -20971.7
5.845 47.7234 1997.3 -20726.2
5.85 47.1992 1997.57 -20477.3
5.855 46.6467 1997.66 -20225.1
5.86 46.0485 1997.32 -19961
5.865 45.4702 1997.99 -19693.4
5.87 45.0871 1999.67 -19481.5
5.875 44.7466 2000.37 -19308.9
5.88 44.3198 1999.99 -19131.1
5.885 43.8833 1999.73 -18947.7
5.89 43.4555 1999.81 -18761.6
5.895 43.1649 2000.48 -18619
5.9 42.8111 2000.32 -18469.4
5.905 42.4348 2000.06 -18312.5
5.91 42.0389 1999.74 -18147.6
5.915 41.625 1999.42 -17974.2
5.92 41.1817 1998.94 -17788.8
5.925 40.7747 1999.11 -17608.9
5.93 40.3799 1998.98 -17434.8
5.935 39.9366 1998.28 -17249.9
5.94 39.4734 1997.85 -17055.2
5.945 39.4789 2000.82 -16988
5.95 39.3441 2001.43 -16910.2
5.955 39.072 2000.01 -16816
5.96 39.0077 2000.99 -16772.9
5.965 39.0085 2002.09 -16763
5.97 38.929 2001.48 -16746.7
5.975 38.8863 2001.58 -16738.4
5.98 38.8327 2001 -16726.9
5.985 38.7759 2000.33 -16713.9
5.99 38.7304 2000.13 -16701.8
5.995 38.6875 1999.96 -16689.4
6 38.6464 1999.81 -16676.7
6.005 38.6066 1999.67 -16663.6
6.01 38.5675 1999.55 -16650.1
6.015 38.5287 1999.44 -16636
6.02 38.4897 1999.33 -16621.4
6.025 38.4469 1999.09 -16605.3
6.03 38.3915 1998.63 -16584.1
6.035 38.3411 1998.68 -16563.1
6.04 38.2901 1998.69 -16541.7
6.045 38.2385 1998.69 -16520.1
6.05 38.1863 1998.69 -16498.1
6.055 38.1166 1997.84 -16470.5
6.06 38.0378 1997.38 -16438.3
6.065 37.9492 1997.1 -16400.6
6.07 37.8532 1997.45 -16358.8
6.075 37.8417 2001.33 -16347.7
6.08 37.809 2001.15 -16335.3
6.085 37.7838 2000.88 -16324.1
6.09 37.7619 2000.68 -16314.5
6.095 37.7435 2000.52 -16306.3
6.1 37.7287 2000.41 -16299.8
6.105 37.7177 2000.32 -16294.8
6.11 37.7103 2000.25 -16291.5
6.115 37.7067 2000.2 -16289.8
6.12 37.7066 2000.16 -16289.7
6.125 37.6577 1999.82 -16276.1
6.13 37.5973 1999.69 -16253.5
6.135 37.5389 1999.71 -16225
6.14 37.4716 1999.7 -16192.5
6.145 37.4017 1999.67 -16158.8
6.15 37.3326 1999.65 -16126.1
6.155 37.2655 1999.62 -16095.1
6.16 37.2011 1999.63 -16066
6.165 37.1391 1999.66 -16038.7
6.17 37.0796 1999.69 -16012.9
6.175 37.023 1999.73 -15988.7
6.18 36.9698 1999.77 -15966.2
6.185 36.9205 1999.8 -15945.4
6.19 36.8755 1999.84 -15926.6
6.195 36.8357 1999.86 -15909.9
6.2 36.8018 1999.87 -15895.7
6.205 36.7747 1999.89 -15884.5
6.21 36.7548 1999.91 -15876.3
6.215 36.7427 1999.93 -15871.4
6.22 36.7389 1999.94 -15870
6.225 36.7594 1999.86 -15876.6
6.23 36.8046 1999.8 -15894.7
6.235 36.8672 1999.85 -15923.2
6.24 36.9466 1999.93 -15959.7
6.245 37.0338 2000.02 -16000.7
6.25 37.1219 2000.1 -16042.4
6.255 37.208 2000.13 -16082.9
6.26 37.2948 2000.17 -16122.4
6.265 37.3831 2000.17 -16161.2
6.27 37.4699 2000.03 -16199
6.275 37.5496 1999.67 -16234.6
6.28 37.6078 1999.16 -16263.5
6.285 37.5648 1998.14 -16257.1
6.29 37.5448 1997.63 -16247.7
6.295 37.5136 1997.31 -16231.4
6.3 37.4638 1996.71 -16207.8
6.305 37.3945 1996.49 -16175.8
6.31 37.3149 1997.02 -16138
6.315 37.2233 1997.26 -16095.7
6.32 37.1106 1996.96 -16045.7
6.325 37.0405 1998.97 -16004.2
6.33 36.9667 2000.26 -15965.6
6.335 36.8314 1996.86 -15913.3
6.34 0.080626 -12.5702 -28.7091
