0.1 -4.67473e-31 200 9.76996e-14
0.2 7.0121e-31 400 -1.1724e-13
0.3 -6.13558e-31 600 5.86198e-14
0.4 1.16868e-31 800 -2.38032e-13
0.5 -1.86989e-30 1000 -3.48166e-13
0.6 -9.34946e-31 1200 5.18696e-13
0.7 0 1400 1.16529e-12
0.8 4.67473e-31 1600 -5.29354e-13
0.9 -5.37594e-30 1800 -5.08038e-13
1 4.20726e-30 2000 4.93827e-13
0.005 -1.33585e-05 2000 0.0057901
0.01 -6.68013e-05 2000 0.0288948
0.015 -0.000173663 2000 0.0750518
0.02 -0.000333665 2000 0.144167
0.025 -0.000546283 2000 0.236013
0.03 -0.000810899 2000 0.350323
0.035 -0.00112685 2000 0.486813
0.04 -0.00149341 2000 0.645164
0.045 -0.00190952 2000 0.824923
0.05 -0.00237367 2000 1.02543
0.055 -0.00288394 2000 1.24587
0.06 -0.00343813 2000 1.48528
0.065 -0.00403412 2000 1.74274
0.07 -0.00467006 2000 2.01747
0.075 -0.00534402 2000 2.30862
0.08 -0.00605361 2000 2.61516
0.085 -0.006796 2000 2.93587
0.09 -0.00756826 2000 3.26949
0.095 -0.00836766 2000 3.61483
0.1 -0.00919144 2000 3.9707
0.105 -0.0100365 2000 4.33576
0.11 -0.0108988 2000 4.70828
0.115 -0.0117737 2000 5.08626
0.12 -0.0126566 2000 5.46766
0.125 -0.0135423 2000 5.85027
0.13 -0.014424 2000 6.23119
0.135 -0.0152947 2000 6.6073
0.14 -0.016149 2000 6.97637
0.145 -0.0169846 2000 7.33737
0.15 -0.017801 2000 7.69003
0.155 -0.0185974 2000 8.03407
0.16 -0.0193713 2000 8.36842
0.165 -0.0201184 2000 8.69115
0.17 -0.0208336 2000 9.00013
0.175 -0.0215128 2000 9.29353
0.18 -0.0221534 2000 9.57025
0.185 -0.0227555 2000 9.83037
0.19 -0.0233203 2000 10.0744
0.195 -0.0238489 2000 10.3027
0.2 -0.0243435 2000 10.5164
0.205 -0.0248034 2000 10.7151
0.21 -0.0252204 2000 10.8952
0.215 -0.0255807 2000 11.0509
0.22 -0.0258726 2000 11.177
0.225 -0.0260902 2000 11.271
0.23 -0.0262333 2000 11.3328
0.235 -0.0263076 2000 11.3649
0.24 -0.0263254 2000 11.3726
0.245 -0.026297 2000 11.3603
0.25 -0.0262235 2000 11.3285
0.255 -0.0260894 2000 11.2706
0.26 -0.0258642 2000 11.1733
0.265 -0.0255066 2000 11.0189
0.27 -0.0249696 2000 10.7869
0.275 -0.024206 2000 10.457
0.28 -0.0231726 2000 10.0106
0.285 -0.0218294 2000 9.43031
0.29 -0.0201359 2000 8.69872
0.295 -0.0180479 2000 7.79668
0.3 -0.0155184 2000 6.70393
0.305 -0.0125098 2000 5.40423
0.31 -0.0090081 2000 3.8915
0.315 -0.00502531 2000 2.17093
0.32 -0.000609356 2000 0.263081
0.325 0.00389492 1999.99 -1.68612
0.33 0.00856433 1999.99 -3.70438
0.335 0.0135077 1999.99 -5.83895
0.34 0.0186977 2000 -8.08031
0.345 0.0241196 2000 -10.422
0.35 0.0297744 2000 -12.8644
0.355 0.0356704 2000 -15.4111
0.36 0.0418163 2000 -18.0659
0.365 0.0482237 2000 -20.8336
0.37 0.0549157 2000 -23.7244
0.375 0.0619419 2000 -26.7596
0.38 0.0693955 2000 -29.9794
0.385 0.0774251 2000 -33.4481
0.39 0.0862208 2000 -37.2478
0.395 0.0959318 2000 -41.4429
0.4 0.106564 2000 -46.0358
0.405 0.117979 2000 -50.9673
0.41 0.129984 2000 -56.1535
0.415 0.14239 2000 -61.5125
0.42 0.15504 2000 -66.9776
0.425 0.167831 2000 -72.5033
0.43 0.180713 2000 -78.0682
0.435 0.193688 2000 -83.6736
0.44 0.206789 2000 -89.3333
0.445 0.220045 2000 -95.0595
0.45 0.233468 2000 -100.858
0.455 0.247065 2000 -106.732
0.46 0.260836 2000 -112.681
0.465 0.27477 2000 -118.701
0.47 0.288826 2000 -124.773
0.475 0.30293 2000 -130.866
0.48 0.316994 2000 -136.941
0.485 0.330936 2000 -142.965
0.49 0.344681 2000 -148.902
0.495 0.35816 2000 -154.725
0.5 0.371329 2000 -160.414
0.505 0.384159 2000 -165.957
0.51 0.396622 2000 -171.341
0.515 0.408681 2000 -176.55
0.52 0.420299 2000 -181.569
0.525 0.431453 2000 -186.388
0.53 0.442144 2000 -191.006
0.535 0.452419 2000 -195.445
0.54 0.462396 2000 -199.755
0.545 0.47229 2000 -204.03
0.55 0.482398 2000 -208.396
0.555 0.492943 2000 -212.951
0.56 0.503915 2000 -217.691
0.565 0.515068 2000 -222.51
0.57 0.526057 2000 -227.257
0.575 0.536532 2000 -231.782
0.58 0.546181 2000 -235.95
0.585 0.554742 2000 -239.649
0.59 0.562045 2000 -242.804
0.595 0.568057 2000 -245.401
0.6 0.572897 2000 -247.492
0.605 0.576797 2000 -249.176
0.61 0.580048 2000 -250.581
0.615 0.582975 2000 -251.845
0.62 0.585946 2000 -253.129
0.625 0.589391 2000 -254.617
0.63 0.593838 2000 -256.538
0.635 0.599899 2000 -259.156
0.64 0.608222 2000 -262.752
0.645 0.619364 2000 -267.565
0.65 0.633581 2000 -273.707
0.655 0.650667 2000 -281.088
0.66 0.66996 2000 -289.423
0.665 0.690501 2000 -298.297
0.67 0.711254 2000 -307.262
0.675 0.731308 2000 -315.926
0.68 0.750116 2000 -324.051
0.685 0.767646 2000 -331.623
0.69 0.784313 2000 -338.824
0.695 0.800777 2000 -345.936
0.7 0.817777 2000 -353.28
0.705 0.836024 2000 -361.163
0.71 0.856137 2000 -369.852
0.715 0.878662 2000 -379.583
0.72 0.904091 2000 -390.568
0.725 0.932786 2000 -402.964
0.73 0.964898 2000 -416.837
0.735 1.00035 2000 -432.152
0.74 1.03889 2000 -448.802
0.745 1.08013 2000 -466.619
0.75 1.1235 2000 -485.355
0.755 1.16821 2000 -504.67
0.76 1.21334 2000 -524.166
0.765 1.25803 2000 -543.473
0.77 1.30182 2000 -562.387
0.775 1.34481 2000 -580.96
0.78 1.38756 2000 -599.43
0.785 1.43074 2000 -618.084
0.79 1.47494 2000 -637.175
0.795 1.52063 2000 -656.913
0.8 1.56823 2000 -677.478
0.805 1.61814 2000 -699.041
0.81 1.67067 2000 -721.73
0.815 1.72582 2000 -745.557
0.82 1.7833 2000 -770.391
0.825 1.84262 2000 -796.016
0.83 1.90318 2000 -822.179
0.835 1.9644 2000 -848.624
0.84 2.02593 2000 -875.207
0.845 2.08801 2000 -902.025
0.85 2.1513 2000 -929.368
0.855 2.21666 2000 -957.601
0.86 2.28489 2000 -987.079
0.865 2.35652 2000 -1018.02
0.87 2.43144 2000 -1050.39
0.875 2.50918 2000 -1083.97
0.88 2.58917 2000 -1118.53
0.885 2.67092 2000 -1153.85
0.89 2.75411 2000 -1189.78
0.895 2.83877 2000 -1226.36
0.9 2.92535 2000 -1263.76
0.905 3.0145 2000 -1302.27
0.91 3.10684 2000 -1342.17
0.915 3.2029 2000 -1383.66
0.92 3.30309 2000 -1426.95
0.925 3.40782 2000 -1472.19
0.93 3.51755 2000 -1519.59
0.935 3.63294 2000 -1569.44
0.94 3.75485 2000 -1622.11
0.945 3.88439 2000 -1678.07
0.95 4.02263 2000 -1737.79
0.955 4.17018 2000 -1801.54
0.96 4.32678 2000 -1869.19
0.965 4.49131 2000 -1940.27
0.97 4.66237 2000 -2014.17
0.975 4.8386 2000 -2090.31
0.98 5.01889 2000 -2168.2
0.985 5.20261 2000 -2247.56
0.99 5.38991 2000 -2328.48
0.995 5.58163 2000 -2411.3
1 5.77884 1999.99 -2496.5
1.005 5.98249 1999.99 -2584.48
1.01 6.19301 1999.99 -2675.43
1.015 6.4103 1999.99 -2769.3
1.02 6.63392 1999.99 -2865.91
1.025 6.86334 1999.99 -2965.02
1.03 7.09816 1999.99 -3066.47
1.035 7.33802 1999.99 -3170.09
1.04 7.58261 1999.99 -3275.76
1.045 7.83152 1999.99 -3383.3
1.05 8.08429 1999.99 -3492.5
1.055 8.34046 1999.99 -3603.16
1.06 8.5998 1999.99 -3715.2
1.065 8.86257 1999.99 -3828.72
1.07 9.12951 1999.99 -3944.05
1.075 9.40172 1999.99 -4061.65
1.08 9.68025 1999.99 -4181.97
1.085 9.96543 1999.99 -4305.18
1.09 10.2565 1999.99 -4430.92
1.095 10.5517 1999.99 -4558.45
1.1 10.8488 1999.99 -4686.83
1.105 11.1458 1999.99 -4815.11
1.11 11.4405 1999.99 -4942.44
1.115 11.7315 1999.99 -5068.13
1.12 12.0176 1999.99 -5191.72
1.125 12.2983 1999.99 -5313.01
1.13 12.5738 1999.99 -5432.03
1.135 12.8446 1999.99 -5548.99
1.14 13.1113 1999.99 -5664.23
1.145 13.375 1999.99 -5778.14
1.15 13.6367 1999.99 -5891.18
1.155 13.8974 1999.99 -6003.8
1.16 14.1579 1999.99 -6116.35
1.165 14.419 1999.99 -6229.12
1.17 14.6811 1999.99 -6342.36
1.175 14.9449 1999.99 -6456.33
1.18 15.2111 1999.99 -6571.31
1.185 15.4802 1999.99 -6687.57
1.19 15.7529 1999.99 -6805.4
1.195 16.03 1999.99 -6925.09
1.2 16.3121 1999.99 -7046.99
1.205 16.5999 1999.99 -7171.31
1.21 16.8933 1999.99 -7298.06
1.215 17.1916 1999.99 -7426.91
1.22 17.4933 1999.99 -7557.28
1.225 17.797 1999.99 -7688.46
1.23 18.1008 1999.99 -7819.73
1.235 18.4033 1999.99 -7950.39
1.24 18.7031 1999.99 -8079.92
1.245 18.9999 1999.99 -8208.11
1.25 19.294 1999.99 -8335.18
1.255 19.5865 1999.99 -8461.54
1.26 19.878 1999.99 -8587.45
1.265 20.168 1999.99 -8712.75
1.27 20.4553 1999.99 -8836.85
1.275 20.7383 1999.99 -8959.09
1.28 21.016 1999.99 -9079.06
1.285 21.2886 1999.99 -9196.83
1.29 21.5575 1999.99 -9312.99
1.295 21.8245 1999.99 -9428.34
1.3 22.0913 1999.99 -9543.6
1.305 22.359 1999.99 -9659.22
1.31 22.6273 1999.99 -9775.14
1.315 22.8951 1999.99 -9890.85
1.32 23.1579 2000 -10004.8
1.325 23.4172 2000.01 -10117
1.33 23.6729 2000 -10227.3
1.335 23.9233 2000 -10335.4
1.34 24.1667 2000.01 -10440.7
1.345 24.4082 2000 -10545
1.35 24.6483 2000 -10648.6
1.355 24.8883 2000 -10752.2
1.36 25.1291 2000 -10856.2
1.365 25.3637 2000.03 -10958.5
1.37 25.5948 2000.06 -11059.1
1.375 25.8302 2000.05 -11160.4
1.38 26.0654 2000.03 -11261.7
1.385 26.3012 2000.03 -11363.3
1.39 26.5384 2000.02 -11465.6
1.395 26.777 2000.01 -11568.5
1.4 27.0163 2000.01 -11671.7
1.405 27.2556 2000 -11775
1.41 27.4941 2000 -11877.9
1.415 27.7317 2000 -11980.5
1.42 27.9606 2000.05 -12080.1
1.425 28.1766 2000.14 -12175.6
1.43 28.4001 2000.15 -12272.5
1.435 28.6309 2000.12 -12371.5
1.44 28.8662 2000.09 -12472.6
1.445 29.0994 2000.13 -12573.7
1.45 29.3412 2000.14 -12678.1
1.455 29.5926 2000.11 -12786.2
1.46 29.8513 2000.08 -12897.6
1.465 30.1163 2000.06 -13011.7
1.47 30.3863 2000.05 -13128.1
1.475 30.6413 2000.18 -13239.7
1.48 30.8829 2000.31 -13345.7
1.485 31.1256 2000.28 -13450.7
1.49 31.373 2000.22 -13556.7
1.495 31.6214 2000.17 -13663.4
1.5 31.871 2000.14 -13770.7
1.505 32.122 2000.11 -13878.7
1.51 32.3744 2000.08 -13987.4
1.515 32.6282 2000.06 -14096.8
1.52 32.8839 2000.05 -14207
1.525 33.1425 2000.03 -14318.6
1.53 33.4048 2000.02 -14431.8
1.535 33.672 2000.01 -14547.1
1.54 33.9279 2000.16 -14658.9
1.545 34.1728 2000.31 -14766.4
1.55 34.4249 2000.27 -14875.4
1.555 34.6838 2000.22 -14986.5
1.56 34.9456 2000.17 -15099.1
1.565 35.2092 2000.13 -15212.5
1.57 35.4736 2000.1 -15326.4
1.575 35.7384 2000.08 -15440.5
1.58 36.0036 2000.06 -15554.9
1.585 36.2696 2000.04 -15669.6
1.59 36.537 2000.03 -15785
1.595 36.8062 2000.02 -15901.2
1.6 37.0778 2000.01 -16018.4
1.605 37.3444 2000.08 -16134.1
1.61 37.5961 2000.22 -16243.8
1.615 37.8541 2000.17 -16354.9
1.62 38.1137 2000.14 -16466.9
1.625 38.3716 2000.13 -16578.5
1.63 38.6301 2000.12 -16690.3
1.635 38.8899 2000.1 -16802.6
1.64 39.151 2000.09 -16915.2
1.645 39.4117 2000.08 -17027.9
1.65 39.6756 2000.06 -17141.6
1.655 39.9395 2000.06 -17255.7
1.66 40.1931 2000.12 -17366.5
1.665 40.4538 2000.09 -17478.6
1.67 40.7164 2000.06 -17591.7
1.675 40.9803 2000.04 -17705.4
1.68 41.2416 2000.08 -17818.2
1.685 41.4902 2000.18 -17925.9
1.69 41.7226 2000.28 -18028.7
1.695 41.9566 2000.3 -18130.5
1.7 42.1879 2000.27 -18230.3
1.705 42.413 2000.25 -18327.3
1.71 42.6358 2000.2 -18422.8
1.715 42.8538 2000.15 -18516.3
1.72 43.0488 2000.28 -18602.8
1.725 43.2414 2000.32 -18686.8
1.73 43.435 2000.25 -18769.3
1.735 43.6242 2000.2 -18850
1.74 43.8093 2000.15 -18929.3
1.745 43.9907 2000.12 -19007
1.75 44.1572 2000.2 -19080.3
1.755 44.3176 2000.25 -19150.5
1.76 44.4809 2000.2 -19220.1
1.765 44.6433 2000.16 -19289.5
1.77 44.806 2000.12 -19359.2
1.775 44.9651 2000.14 -19428.3
1.78 45.1223 2000.18 -19496.8
1.785 45.2697 2000.25 -19561.6
1.79 45.4244 2000.19 -19627.6
1.795 45.582 2000.15 -19695.1
1.8 45.743 2000.12 -19764.1
1.805 45.9076 2000.09 -19834.9
1.81 46.0651 2000.24 -19903.7
1.815 46.2189 2000.34 -19970.7
1.82 46.377 2000.27 -20038.5
1.825 46.5366 2000.23 -20107
1.83 46.6954 2000.21 -20175.2
1.835 46.8456 2000.24 -20241.2
1.84 46.9891 2000.28 -20304.1
1.845 47.1339 2000.22 -20366.2
1.85 47.2759 2000.19 -20427
1.855 47.414 2000.17 -20486.2
1.86 47.5473 2000.15 -20543.8
1.865 47.6766 2000.14 -20599.7
1.87 47.8046 2000.11 -20654.7
1.875 47.9306 2000.09 -20708.6
1.88 48.0532 2000.07 -20761.5
1.885 48.1735 2000.05 -20813.5
1.89 48.2911 2000.12 -20863.7
1.895 48.4029 2000.18 -20911.4
1.9 48.5096 2000.14 -20957.7
1.905 48.6148 2000.1 -21003.3
1.91 48.7177 2000.09 -21048.1
1.915 48.8179 2000.08 -21091.7
1.92 48.9169 2000.05 -21134.6
1.925 49.0141 2000.04 -21176.6
1.93 49.109 2000.02 -21217.7
1.935 49.2013 2000.01 -21257.7
1.94 49.2909 2000 -21296.5
1.945 49.3776 1999.99 -21334
1.95 49.4614 1999.99 -21370.3
1.955 49.5425 1999.98 -21405.4
1.96 49.6166 2000.03 -21438.2
1.965 49.6862 2000.07 -21468.9
1.97 49.7421 2000.03 -21495.1
1.975 49.7899 2000 -21517.3
1.98 49.8421 1999.99 -21538.9
1.985 49.8914 1999.99 -21559.4
1.99 49.938 1999.98 -21578.9
1.995 49.982 1999.98 -21597.5
2 50.0236 1999.97 -21615.1
2.005 50.0628 1999.97 -21631.7
2.01 50.0994 1999.97 -21647.4
2.015 50.1335 1999.97 -21661.9
2.02 50.1648 1999.96 -21675.4
2.025 50.1945 2000 -21687.7
2.03 50.218 2000.05 -21698.1
2.035 50.234 2000.07 -21705.8
2.04 50.2485 2000.04 -21712
2.045 50.2539 2000.01 -21715.6
2.05 50.2258 1999.86 -21706.4
2.055 50.2091 1999.82 -21696.7
2.06 50.1868 1999.83 -21686.4
2.065 50.1441 1999.77 -21670.3
2.07 50.099 1999.79 -21651.3
2.075 50.0586 1999.86 -21632
2.08 50.0148 1999.88 -21612.1
2.085 49.9701 1999.89 -21592
2.09 49.925 1999.9 -21571.9
2.095 49.8797 1999.9 -21551.8
2.1 49.8337 1999.88 -21531.6
2.105 49.7883 1999.89 -21511.6
2.11 49.7431 1999.9 -21491.8
2.115 49.698 1999.91 -21472
2.12 49.6528 1999.91 -21452.3
2.125 49.6076 1999.92 -21432.5
2.13 49.562 1999.92 -21412.7
2.135 49.5159 1999.93 -21392.7
2.14 49.4677 1999.92 -21371.9
2.145 49.4071 1999.88 -21346.9
2.15 49.3501 1999.9 -21321.8
2.155 49.2924 1999.91 -21296.5
2.16 49.2338 1999.92 -21270.8
2.165 49.1738 1999.93 -21244.7
2.17 49.1124 1999.94 -21217.9
2.175 49.0491 1999.94 -21190.4
2.18 48.9837 1999.94 -21162.1
2.185 48.9159 1999.95 -21132.7
2.19 48.8437 2000.01 -21101.8
2.195 48.7687 2000.04 -21069.5
2.2 48.692 2000.02 -21036.2
2.205 48.6143 2000 -21002.6
2.21 48.5367 1999.99 -20969
2.215 48.4603 1999.98 -20935.9
2.22 48.3862 1999.98 -20903.8
2.225 48.3151 1999.97 -20873.1
2.23 48.2475 1999.97 -20843.8
2.235 48.1838 1999.97 -20816.2
2.24 48.1239 1999.97 -20790.3
2.245 48.0677 1999.97 -20765.9
2.25 48.0151 1999.97 -20743.2
2.255 47.9661 1999.97 -20721.9
2.26 47.9206 1999.97 -20702.2
2.265 47.8788 1999.97 -20684.1
2.27 47.8406 1999.98 -20667.6
2.275 47.8061 1999.98 -20652.6
2.28 47.7747 1999.98 -20639
2.285 47.7461 1999.98 -20626.6
2.29 47.7197 1999.98 -20615.2
2.295 47.6952 1999.99 -20604.6
2.3 47.6725 1999.99 -20594.7
2.305 47.6513 1999.99 -20585.5
2.31 47.6315 1999.99 -20577
2.315 47.6128 1999.99 -20568.9
2.32 47.5949 1999.99 -20561.1
2.325 47.5785 2000.01 -20553.7
2.33 47.5621 2000.02 -20546.4
2.335 47.5452 2000.02 -20539.2
2.34 47.529 2000.01 -20532.3
2.345 47.514 2000.01 -20525.9
2.35 47.5008 2000.01 -20520.2
2.355 47.4904 2000.01 -20515.7
2.36 47.4832 2000 -20512.7
2.365 47.4801 2000 -20511.4
2.37 47.4724 1999.98 -20509.5
2.375 47.4545 1999.95 -20503.3
2.38 47.432 1999.96 -20493
2.385 47.398 1999.97 -20477.7
2.39 47.3523 1999.97 -20457.5
2.395 47.2955 1999.98 -20432.6
2.4 47.2295 1999.98 -20403.7
2.405 47.1559 1999.97 -20371.6
2.41 47.0764 1999.97 -20336.9
2.415 46.9926 1999.96 -20300.4
2.42 46.906 1999.96 -20262.8
2.425 46.8178 1999.95 -20224.4
2.43 46.7287 1999.95 -20185.6
2.435 46.6389 1999.95 -20146.7
2.44 46.5482 1999.94 -20107.4
2.445 46.4563 1999.94 -20067.5
2.45 46.3625 1999.94 -20026.9
2.455 46.2664 1999.95 -19985.3
2.46 46.1672 1999.95 -19942.3
2.465 46.0599 2000.06 -19896.8
2.47 45.9491 2000.1 -19849.3
2.475 45.8357 2000.07 -19800.1
2.48 45.7187 2000.05 -19749.4
2.485 45.5982 2000.03 -19697.2
2.49 45.4746 2000.01 -19643.7
2.495 45.3486 1999.99 -19589.2
2.5 45.2216 1999.99 -19533.7
2.505 45.0923 1999.99 -19477.6
2.51 44.9614 1999.98 -19421.3
2.515 44.8309 1999.98 -19365
2.52 44.7005 2000.01 -19308.6
2.525 44.5699 2000.03 -19252.2
2.53 44.4396 2000.02 -19196.1
2.535 44.3107 2000.01 -19140.7
2.54 44.1837 2000 -19086
2.545 44.0594 2000 -19032.4
2.55 43.9382 1999.99 -18980.2
2.555 43.8207 1999.99 -18929.6
2.56 43.7073 1999.99 -18880.7
2.565 43.5979 1999.99 -18833.5
2.57 43.4924 1999.99 -18788.1
2.575 43.3907 1999.99 -18744.2
2.58 43.2925 1999.99 -18701.9
2.585 43.1976 1999.99 -18660.9
2.59 43.1061 1999.99 -18621.5
2.595 43.0183 1999.99 -18583.6
2.6 42.9346 1999.99 -18547.5
2.605 42.8555 1999.99 -18513.3
2.61 42.7812 1999.99 -18481.2
2.615 42.7064 2000.09 -18449.8
2.62 42.6369 2000.12 -18420.1
2.625 42.5722 2000.09 -18391.9
2.63 42.511 2000.07 -18365.3
2.635 42.4529 2000.06 -18340.1
2.64 42.3974 2000.05 -18316
2.645 42.3441 2000.04 -18292.9
2.65 42.2927 2000.03 -18270.7
2.655 42.2431 2000.02 -18249.2
2.66 42.1956 2000.02 -18228.6
2.665 42.1502 2000.02 -18209
2.67 42.1074 2000.01 -18190.5
2.675 42.0674 2000.01 -18173.2
2.68 42.0309 2000.01 -18157.4
2.685 41.9985 2000.01 -18143.4
2.69 41.9709 2000 -18131.5
2.695 41.9489 2000 -18121.9
2.7 41.9328 2000 -18115
2.705 41.9228 2000 -18110.7
2.71 41.9185 2000 -18108.8
2.715 41.9198 2000 -18109.3
2.72 41.9268 1999.99 -18112.2
2.725 41.9375 1999.99 -18116.8
2.73 41.9505 2000 -18122.5
2.735 41.9639 2000 -18128.3
2.74 41.9764 2000 -18133.7
2.745 41.9867 2000 -18138.2
2.75 41.9941 2000 -18141.4
2.755 41.9985 2000 -18143.3
2.76 42 2000 -18144
2.765 41.9989 2000 -18143.5
2.77 41.9955 2000 -18142.1
2.775 41.9897 2000 -18139.5
2.78 41.9811 2000 -18135.8
2.785 41.9691 2000 -18130.6
2.79 41.9535 2000 -18123.8
2.795 41.9342 1999.99 -18115.4
2.8 41.9116 1999.98 -18105.5
2.805 41.8862 1999.97 -18094.4
2.81 41.8583 1999.97 -18082.2
2.815 41.8285 1999.97 -18069.2
2.82 41.7969 1999.97 -18055.5
2.825 41.7634 1999.97 -18041
2.83 41.7275 1999.97 -18025.5
2.835 41.6882 1999.97 -18008.5
2.84 41.6443 1999.97 -17989.5
2.845 41.5943 1999.97 -17967.9
2.85 41.5373 1999.97 -17943.3
2.855 41.4722 1999.97 -17915.2
2.86 41.3982 1999.98 -17883.2
2.865 41.3152 1999.95 -17847.3
2.87 41.2217 1999.94 -17806.8
2.875 41.1164 1999.95 -17761.4
2.88 40.9982 1999.96 -17710.4
2.885 40.8661 1999.96 -17653.4
2.89 40.7193 1999.97 -17590
2.895 40.5568 1999.97 -17519.9
2.9 40.3778 1999.97 -17442.6
2.905 40.1766 2000.05 -17356.5
2.91 39.947 2000.16 -17258.6
2.915 39.6998 2000.12 -17151.4
2.92 39.4326 2000.09 -17035.8
2.925 39.1458 2000.06 -16911.6
2.93 38.8406 2000.03 -16779.5
2.935 38.5151 2000.08 -16637.5
2.94 38.1646 2000.12 -16485.8
2.945 37.7863 2000.15 -16323.2
2.95 37.3894 2000.1 -16151.8
2.955 36.9729 2000.06 -15971.8
2.96 36.5397 1999.98 -15784.3
2.965 36.0879 1999.93 -15589
2.97 35.6043 2000.01 -15381.3
2.975 35.1051 1999.92 -15164.9
2.98 34.5168 2000.63 -14920.8
2.985 33.9037 2000.95 -14660
2.99 33.161 2001.91 -14349.2
2.995 32.3657 2002.28 -14011.5
3 31.3824 2002.97 -13599.3
3.005 30.3102 2003.24 -13142.7
3.01 29.0922 2003.79 -12620.8
3.015 27.6263 2004.99 -12004.7
3.02 25.9505 2006.13 -11306.5
3.025 24.043 2007.37 -10494
3.03 21.8005 2008.91 -9548.59
3.035 19.339 2009.41 -8501.65
3.04 16.8674 2008.04 -7415.9
3.045 14.3065 2006.53 -6287.26
3.05 11.6606 2005.96 -5116.89
3.055 8.9435 2005.62 -3920.71
3.06 5.93087 2005.27 -2632.12
3.065 2.66991 2004.79 -1236.29
3.07 -0.848398 2004.17 268.294
3.075 -4.45453 2002.39 1821.02
3.08 -7.91117 1999.57 3332.62
3.085 -11.3139 1998.89 4836.9
3.09 -14.742 1998.92 6343.61
3.095 -18.198 1998.52 7854.77
3.1 -21.7188 1998.28 9384.31
3.105 -25.1186 1999.11 10877.5
3.11 -28.0518 2002.63 12193.2
3.115 -30.8891 2004.84 13443.1
3.12 -33.662 2005.1 14644.3
3.125 -36.2123 2005.32 15750.3
3.13 -38.5969 2005.67 16796.6
3.135 -40.7474 2006.94 17750
3.14 -42.7111 2007.63 18626.1
3.145 -44.3995 2009.44 19385.6
3.15 -45.8525 2010.79 20031.2
3.155 -47.1597 2012.49 20566.2
3.16 -48.2953 2011.29 21031.6
3.165 -49.1759 2009.26 21423.1
3.17 -49.5967 2007.63 21668.7
3.175 -49.4603 2004.74 21723.5
3.18 -48.5058 1998.17 21424.8
3.185 -47.3922 1992.9 20946.1
3.19 -46.2673 1992.99 20407.8
3.195 -45.3043 1993.66 19881.4
3.2 -44.8178 1996.03 19530
3.205 -44.4853 1998.89 19278.2
3.21 -44.0445 1999.39 19042.2
3.215 -43.4108 1997.69 18775.8
3.22 -43.0326 1999.23 18573.5
3.225 -42.5496 1999.41 18353.2
3.23 -42.2794 1999.91 18201.8
3.235 -42.3806 2001.68 18177.1
3.24 -42.3334 2001.18 18156.8
3.245 -42.2739 2000.94 18152.9
3.25 -42.179 1999.84 18137.6
3.255 -42.101 1999.31 18122.3
3.26 -42.0237 1998.75 18104.1
3.265 -41.9429 1998.13 18082
3.27 -41.8371 1996.75 18049.7
3.275 -41.7075 1995.3 18005.4
3.28 -41.583 1994.94 17957.9
3.285 -41.4956 1995.64 17918.1
3.29 -41.3921 1995.62 17874.1
3.295 -41.145 1990.19 17783.3
3.3 -40.8871 2001.14 17660.9
3.305 -40.9876 2031.69 17655.5
3.31 -40.8039 2023.43 17588.4
3.315 -40.6337 2018.32 17522.5
3.32 -40.5192 2014.54 17475.4
3.325 -40.3429 2008.22 17411.6
3.33 -40.1508 2005.42 17331.6
3.335 -39.7861 1994.52 17186.8
3.34 -39.6246 1978.71 17135.3
3.345 -39.2402 1946.25 17028.2
3.35 -39.3965 1960.53 17068.2
3.355 -39.4198 1964.4 17073.8
3.36 -39.4933 1967.64 17091.2
3.365 -39.5017 1967.96 17092.4
3.37 -0.578005 -17.1229 173.919
