0.1 -1.63801e-17 -0.020023 7.58336e-20
0.2 -3.33513e-17 -0.0403247 1.54404e-19
0.3 -3.66984e-17 -0.060917 1.699e-19
0.4 -1.28359e-16 -0.0818127 5.94252e-19
0.5 -1.76228e-16 -0.103026 8.15871e-19
0.6 -2.074e-16 -0.124571 9.60184e-19
0.7 -2.5714e-16 -0.146465 1.19046e-18
0.8 -1.62685e-16 -0.168724 7.53172e-19
0.9 -7.59533e-17 -0.191368 3.51636e-19
1 -1.89057e-16 -0.214418 8.75263e-19
0.005 7.60912e-07 -0.214418 -2.64206e-09
0.01 3.80881e-06 -0.214418 -1.3225e-08
0.015 9.90481e-06 -0.214418 -3.43917e-08
0.02 1.90323e-05 -0.214418 -6.60844e-08
0.025 3.11618e-05 -0.214418 -1.08201e-07
0.03 4.62581e-05 -0.214418 -1.60619e-07
0.035 6.42843e-05 -0.214418 -2.23209e-07
0.04 8.51986e-05 -0.214418 -2.95828e-07
0.045 0.000108942 -0.214418 -3.7827e-07
0.05 0.000135427 -0.214418 -4.70234e-07
0.055 0.000164547 -0.214418 -5.71343e-07
0.06 0.000196176 -0.214418 -6.81165e-07
0.065 0.000230193 -0.214418 -7.99281e-07
0.07 0.000266494 -0.214418 -9.25326e-07
0.075 0.000304969 -0.214419 -1.05892e-06
0.08 0.000345483 -0.214419 -1.19959e-06
0.085 0.000387875 -0.214419 -1.34679e-06
0.09 0.000431978 -0.214419 -1.49992e-06
0.095 0.000477638 -0.214419 -1.65846e-06
0.1 0.000524698 -0.214419 -1.82187e-06
0.105 0.000572979 -0.214419 -1.98951e-06
0.11 0.000622258 -0.214419 -2.16061e-06
0.115 0.000672268 -0.214419 -2.33426e-06
0.12 0.000722743 -0.21442 -2.50952e-06
0.125 0.00077339 -0.21442 -2.68538e-06
0.13 0.000823827 -0.21442 -2.86051e-06
0.135 0.000873645 -0.21442 -3.03348e-06
0.14 0.000922547 -0.21442 -3.20328e-06
0.145 0.0009704 -0.21442 -3.36944e-06
0.15 0.00101717 -0.21442 -3.53183e-06
0.155 0.00106281 -0.21442 -3.69032e-06
0.16 0.0011072 -0.21442 -3.84444e-06
0.165 0.00115007 -0.214421 -3.99329e-06
0.17 0.00119114 -0.214421 -4.1359e-06
0.175 0.00123018 -0.214421 -4.27143e-06
0.18 0.00126703 -0.214421 -4.39939e-06
0.185 0.00130171 -0.214421 -4.51981e-06
0.19 0.00133428 -0.214421 -4.63291e-06
0.195 0.00136481 -0.214421 -4.7389e-06
0.2 0.00139341 -0.214421 -4.83823e-06
0.205 0.00142007 -0.214421 -4.93078e-06
0.21 0.00144429 -0.214421 -5.01489e-06
0.215 0.00146531 -0.214421 -5.08786e-06
0.22 0.00148244 -0.214421 -5.14735e-06
0.225 0.00149536 -0.214421 -5.19221e-06
0.23 0.00150405 -0.214421 -5.22238e-06
0.235 0.00150884 -0.214421 -5.239e-06
0.24 0.00151043 -0.214421 -5.24452e-06
0.245 0.00150957 -0.214421 -5.24155e-06
0.25 0.00150643 -0.214421 -5.23066e-06
0.255 0.00150023 -0.214421 -5.20912e-06
0.26 0.0014894 -0.214421 -5.17153e-06
0.265 0.00147185 -0.214421 -5.11057e-06
0.27 0.00144516 -0.214421 -5.0179e-06
0.275 0.00140693 -0.214421 -4.88518e-06
0.28 0.00135497 -0.214421 -4.70475e-06
0.285 0.00128722 -0.214421 -4.46951e-06
0.29 0.00120162 -0.214421 -4.17228e-06
0.295 0.00109591 -0.214421 -3.80523e-06
0.3 0.000967692 -0.214421 -3.36003e-06
0.305 0.000815042 -0.214421 -2.82999e-06
0.31 0.000637241 -0.214421 -2.21263e-06
0.315 0.000434847 -0.214421 -1.50987e-06
0.32 0.000209306 -0.214421 -7.26742e-07
0.325 -3.73285e-05 -0.214421 1.29576e-07
0.33 -0.000302575 -0.214422 1.05053e-06
0.335 -0.000583899 -0.214423 2.02736e-06
0.34 -0.000879354 -0.214423 3.05326e-06
0.345 -0.00118806 -0.214424 4.12518e-06
0.35 -0.00151009 -0.214425 5.24334e-06
0.355 -0.00184592 -0.214426 6.4094e-06
0.36 -0.00219605 -0.214427 7.62513e-06
0.365 -0.00256115 -0.214428 8.89284e-06
0.37 -0.00294255 -0.214428 1.02171e-05
0.375 -0.00334309 -0.214429 1.16079e-05
0.38 -0.00376809 -0.21443 1.30836e-05
0.385 -0.00422604 -0.214432 1.46737e-05
0.39 -0.00472779 -0.214433 1.64158e-05
0.395 -0.00528188 -0.214434 1.83397e-05
0.4 -0.00588862 -0.214435 2.04464e-05
0.405 -0.00654023 -0.214437 2.27089e-05
0.41 -0.00722562 -0.214439 2.50887e-05
0.415 -0.00793401 -0.21444 2.75483e-05
0.42 -0.00865658 -0.214442 3.00571e-05
0.425 -0.00938734 -0.214444 3.25944e-05
0.43 -0.0101235 -0.214445 3.51504e-05
0.435 -0.0108652 -0.214447 3.77257e-05
0.44 -0.0116143 -0.214449 4.03267e-05
0.445 -0.0123724 -0.214451 4.2959e-05
0.45 -0.0131404 -0.214452 4.56255e-05
0.455 -0.0139186 -0.214454 4.83273e-05
0.46 -0.0147069 -0.214456 5.10645e-05
0.465 -0.0155049 -0.214458 5.3835e-05
0.47 -0.0163101 -0.21446 5.66307e-05
0.475 -0.0171183 -0.214462 5.9437e-05
0.48 -0.0179246 -0.214464 6.22364e-05
0.485 -0.0187243 -0.214466 6.5013e-05
0.49 -0.019513 -0.214467 6.77515e-05
0.495 -0.020287 -0.214469 7.04387e-05
0.5 -0.0210436 -0.214471 7.30656e-05
0.505 -0.0217813 -0.214473 7.56267e-05
0.51 -0.0224983 -0.214474 7.81162e-05
0.515 -0.0231927 -0.214476 8.0527e-05
0.52 -0.0238623 -0.214478 8.28518e-05
0.525 -0.0245057 -0.214479 8.5086e-05
0.53 -0.0251232 -0.214481 8.72298e-05
0.535 -0.0257174 -0.214482 8.92926e-05
0.54 -0.0262949 -0.214483 9.12978e-05
0.545 -0.0268682 -0.214485 9.32882e-05
0.55 -0.027454 -0.214486 9.53221e-05
0.555 -0.0280653 -0.214488 9.74445e-05
0.56 -0.0287015 -0.214489 9.96531e-05
0.565 -0.0293485 -0.214491 0.000101899
0.57 -0.0299865 -0.214492 0.000104115
0.575 -0.0305957 -0.214494 0.00010623
0.58 -0.0311582 -0.214495 0.000108182
0.585 -0.031659 -0.214496 0.000109921
0.59 -0.0320885 -0.214497 0.000111413
0.595 -0.0324447 -0.214498 0.000112649
0.6 -0.0327345 -0.214499 0.000113655
0.605 -0.0329711 -0.214499 0.000114477
0.61 -0.033171 -0.2145 0.000115171
0.615 -0.033353 -0.2145 0.000115803
0.62 -0.033538 -0.2145 0.000116445
0.625 -0.0337506 -0.214501 0.000117183
0.63 -0.0340208 -0.214502 0.000118121
0.635 -0.0343838 -0.214502 0.000119381
0.64 -0.0348765 -0.214504 0.000121092
0.645 -0.0355308 -0.214505 0.000123363
0.65 -0.0363613 -0.214507 0.000126247
0.655 -0.0373563 -0.214509 0.000129701
0.66 -0.038478 -0.214512 0.000133596
0.665 -0.0396717 -0.214515 0.00013774
0.67 -0.0408781 -0.214518 0.000141928
0.675 -0.0420453 -0.214521 0.00014598
0.68 -0.043142 -0.214523 0.000149788
0.685 -0.0441663 -0.214526 0.000153344
0.69 -0.045142 -0.214528 0.000156731
0.695 -0.0461068 -0.21453 0.000160081
0.7 -0.047103 -0.214533 0.000163539
0.705 -0.0481712 -0.214535 0.000167248
0.71 -0.0493468 -0.214538 0.000171329
0.715 -0.0506611 -0.214541 0.000175892
0.72 -0.0521422 -0.214544 0.000181034
0.725 -0.053811 -0.214548 0.000186827
0.73 -0.055676 -0.214553 0.000193302
0.735 -0.057733 -0.214558 0.000200443
0.74 -0.0599678 -0.214563 0.000208201
0.745 -0.0623583 -0.214569 0.0002165
0.75 -0.0648716 -0.214575 0.000225224
0.755 -0.0674628 -0.214581 0.00023422
0.76 -0.0700793 -0.214587 0.000243303
0.765 -0.0726722 -0.214593 0.000252304
0.77 -0.0752143 -0.214599 0.000261129
0.775 -0.0777128 -0.214605 0.000269802
0.78 -0.080199 -0.214611 0.000278432
0.785 -0.082711 -0.214617 0.000287152
0.79 -0.0852825 -0.214623 0.000296078
0.795 -0.0879413 -0.21463 0.000305308
0.8 -0.0907113 -0.214636 0.000314923
0.805 -0.0936154 -0.214643 0.000325003
0.81 -0.0966705 -0.214651 0.000335608
0.815 -0.0998783 -0.214658 0.000346743
0.82 -0.103222 -0.214666 0.000358347
0.825 -0.106672 -0.214675 0.000370323
0.83 -0.110196 -0.214683 0.000382554
0.835 -0.113759 -0.214692 0.000394922
0.84 -0.117343 -0.2147 0.000407362
0.845 -0.12096 -0.214709 0.000419917
0.85 -0.12465 -0.214718 0.000432723
0.855 -0.12846 -0.214727 0.000445946
0.86 -0.132438 -0.214737 0.000459753
0.865 -0.136613 -0.214747 0.000474243
0.87 -0.14098 -0.214758 0.0004894
0.875 -0.145512 -0.214769 0.000505127
0.88 -0.150175 -0.21478 0.000521313
0.885 -0.154944 -0.214791 0.000537862
0.89 -0.159798 -0.214803 0.000554708
0.895 -0.16474 -0.214815 0.000571858
0.9 -0.169796 -0.214828 0.000589403
0.905 -0.175003 -0.21484 0.000607473
0.91 -0.180397 -0.214854 0.000626194
0.915 -0.186009 -0.214867 0.000645668
0.92 -0.191863 -0.214882 0.000665982
0.925 -0.197983 -0.214897 0.000687215
0.93 -0.204395 -0.214913 0.000709464
0.935 -0.211137 -0.214929 0.000732858
0.94 -0.21826 -0.214947 0.000757575
0.945 -0.225828 -0.214966 0.000783833
0.95 -0.233904 -0.214986 0.000811851
0.955 -0.242523 -0.215007 0.000841755
0.96 -0.25167 -0.21503 0.00087349
0.965 -0.261283 -0.215054 0.00090684
0.97 -0.27128 -0.215079 0.000941523
0.975 -0.281585 -0.215105 0.000977272
0.98 -0.292134 -0.215132 0.00101386
0.985 -0.30289 -0.215159 0.00105117
0.99 -0.313863 -0.215187 0.00108924
0.995 -0.325102 -0.215215 0.00112822
1 -0.33667 -0.215245 0.00116834
1.005 -0.348622 -0.215275 0.00120979
1.01 -0.360984 -0.215307 0.00125267
1.015 -0.373751 -0.21534 0.00129694
1.02 -0.386899 -0.215374 0.00134254
1.025 -0.400398 -0.215408 0.00138935
1.03 -0.414225 -0.215444 0.00143729
1.035 -0.428361 -0.215481 0.0014863
1.04 -0.442787 -0.215519 0.00153632
1.045 -0.457482 -0.215558 0.00158727
1.05 -0.472419 -0.215597 0.00163905
1.055 -0.487572 -0.215637 0.00169158
1.06 -0.502929 -0.215678 0.00174481
1.065 -0.518505 -0.215719 0.0017988
1.07 -0.534344 -0.215762 0.0018537
1.075 -0.550512 -0.215805 0.00190974
1.08 -0.567071 -0.21585 0.00196712
1.085 -0.584042 -0.215896 0.00202593
1.09 -0.60138 -0.215943 0.00208602
1.095 -0.618986 -0.215991 0.00214702
1.1 -0.636732 -0.216039 0.00220851
1.105 -0.65449 -0.216088 0.00227003
1.11 -0.672145 -0.216137 0.00233119
1.115 -0.689601 -0.216186 0.00239166
1.12 -0.706796 -0.216233 0.00245122
1.125 -0.723701 -0.216281 0.00250978
1.13 -0.740321 -0.216328 0.00256734
1.135 -0.756685 -0.216374 0.00262401
1.14 -0.772836 -0.216419 0.00267994
1.145 -0.78883 -0.216465 0.00273533
1.15 -0.80473 -0.21651 0.00279038
1.155 -0.820595 -0.216556 0.00284531
1.16 -0.836476 -0.216601 0.00290029
1.165 -0.852412 -0.216647 0.00295546
1.17 -0.868438 -0.216694 0.00301094
1.175 -0.88459 -0.216741 0.00306686
1.18 -0.900908 -0.216788 0.00312334
1.185 -0.917428 -0.216837 0.00318052
1.19 -0.934192 -0.216886 0.00323854
1.195 -0.951243 -0.216936 0.00329755
1.2 -0.968626 -0.216988 0.0033577
1.205 -0.986375 -0.217041 0.00341912
1.21 -1.00449 -0.217095 0.00348181
1.215 -1.02293 -0.21715 0.00354561
1.22 -1.04162 -0.217206 0.00361024
1.225 -1.06044 -0.217263 0.00367538
1.23 -1.07932 -0.21732 0.00374067
1.235 -1.09814 -0.217378 0.00380577
1.24 -1.11684 -0.217435 0.00387044
1.245 -1.13539 -0.217492 0.00393458
1.25 -1.15381 -0.217549 0.00399828
1.255 -1.17216 -0.217606 0.00406175
1.26 -1.19049 -0.217663 0.00412512
1.265 -1.20876 -0.21772 0.00418829
1.27 -1.2269 -0.217777 0.004251
1.275 -1.24481 -0.217833 0.00431292
1.28 -1.26243 -0.217889 0.00437383
1.285 -1.27978 -0.217944 0.00443378
1.29 -1.29693 -0.217998 0.00449306
1.295 -1.314 -0.218053 0.00455204
1.3 -1.33108 -0.218108 0.00461109
1.305 -1.34825 -0.218163 0.00467042
1.31 -1.3655 -0.218219 0.00473
1.315 -1.38274 -0.218275 0.00478959
1.32 -1.39989 -0.21833 0.00484884
1.325 -1.41685 -0.218386 0.00490742
1.33 -1.43356 -0.218441 0.00496513
1.335 -1.44999 -0.218495 0.00502188
1.34 -1.46618 -0.218548 0.00507781
1.345 -1.48223 -0.218601 0.00513322
1.35 -1.49822 -0.218654 0.00518843
1.355 -1.51423 -0.218708 0.00524374
1.36 -1.53034 -0.218762 0.00529935
1.365 -1.54654 -0.218816 0.0053553
1.37 -1.56281 -0.218871 0.00541148
1.375 -1.57912 -0.218926 0.00546776
1.38 -1.59546 -0.218981 0.00552418
1.385 -1.6119 -0.219037 0.00558091
1.39 -1.62847 -0.219094 0.00563809
1.395 -1.64516 -0.219151 0.00569571
1.4 -1.66195 -0.219209 0.00575364
1.405 -1.67878 -0.219267 0.0058117
1.41 -1.69559 -0.219325 0.00586971
1.415 -1.71238 -0.219383 0.00592762
1.42 -1.72917 -0.219439 0.00598533
1.425 -1.74604 -0.219493 0.00604311
1.43 -1.76308 -0.219548 0.00610148
1.435 -1.7804 -0.219604 0.00616079
1.44 -1.79811 -0.219661 0.00622144
1.445 -1.81633 -0.219721 0.00628385
1.45 -1.83515 -0.219783 0.0063483
1.455 -1.85461 -0.219847 0.00641489
1.46 -1.87465 -0.219909 0.00648322
1.465 -1.89522 -0.219971 0.00655307
1.47 -1.91621 -0.220034 0.00662437
1.475 -1.93754 -0.220099 0.00669683
1.48 -1.95914 -0.220165 0.00677021
1.485 -1.98096 -0.220233 0.00684433
1.49 -2.00297 -0.220301 0.00691905
1.495 -2.02514 -0.220371 0.00699434
1.5 -2.0475 -0.220436 0.00706984
1.505 -2.07005 -0.220496 0.00714559
1.51 -2.09278 -0.220558 0.00722195
1.515 -2.11571 -0.220608 0.00729851
1.52 -2.13886 -0.220648 0.00737539
1.525 -2.16231 -0.220689 0.00745326
1.53 -2.18615 -0.220732 0.00753241
1.535 -2.21045 -0.220777 0.00761311
1.54 -2.2353 -0.220823 0.00769562
1.545 -2.26074 -0.220871 0.00778003
1.55 -2.28675 -0.220914 0.0078659
1.555 -2.31326 -0.220938 0.00795255
1.56 -2.34015 -0.220951 0.00804003
1.565 -2.36731 -0.220965 0.0081284
1.57 -2.39464 -0.220982 0.00821734
1.575 -2.42208 -0.220999 0.00830666
1.58 -2.44965 -0.221019 0.00839636
1.585 -2.47737 -0.221039 0.00848656
1.59 -2.50531 -0.221061 0.00857744
1.595 -2.5335 -0.221084 0.00866914
1.6 -2.562 -0.221102 0.00876145
1.605 -2.59083 -0.221095 0.00885392
1.61 -2.62002 -0.22107 0.00894698
1.615 -2.64957 -0.221046 0.00904124
1.62 -2.67948 -0.221023 0.00913663
1.625 -2.70971 -0.221002 0.00923304
1.63 -2.74023 -0.220982 0.00933036
1.635 -2.771 -0.220964 0.00942851
1.64 -2.80204 -0.220946 0.00952748
1.645 -2.83336 -0.220929 0.00962734
1.65 -2.865 -0.220913 0.0097282
1.655 -2.89698 -0.220898 0.00983015
1.66 -2.92933 -0.220881 0.00993314
1.665 -2.96203 -0.220837 0.0100365
1.67 -2.99506 -0.22077 0.0101401
1.675 -3.02838 -0.220705 0.0102447
1.68 -3.06193 -0.220642 0.0103501
1.685 -3.09563 -0.22058 0.0104558
1.69 -3.12935 -0.22052 0.0105617
1.695 -3.16296 -0.220463 0.0106672
1.7 -3.1963 -0.220407 0.0107719
1.705 -3.22925 -0.220352 0.0108753
1.71 -3.26174 -0.2203 0.0109773
1.715 -3.29371 -0.22025 0.0110776
1.72 -3.32516 -0.220196 0.011176
1.725 -3.35611 -0.220139 0.0112726
1.73 -3.38655 -0.220066 0.0113672
1.735 -3.41651 -0.21998 0.0114601
1.74 -3.44603 -0.219897 0.0115515
1.745 -3.47514 -0.219813 0.0116416
1.75 -3.50391 -0.219724 0.0117302
1.755 -3.53242 -0.219632 0.0118178
1.76 -3.56078 -0.219541 0.011905
1.765 -3.58917 -0.219452 0.0119922
1.77 -3.61776 -0.219363 0.01208
1.775 -3.64673 -0.219274 0.012169
1.78 -3.67622 -0.219185 0.0122597
1.785 -3.70635 -0.219093 0.0123522
1.79 -3.73717 -0.21899 0.0124464
1.795 -3.76877 -0.218877 0.0125426
1.8 -3.80122 -0.218763 0.0126414
1.805 -3.83461 -0.218647 0.012743
1.81 -3.86898 -0.218528 0.0128477
1.815 -3.90433 -0.218407 0.0129553
1.82 -3.94059 -0.218282 0.0130656
1.825 -3.97757 -0.218131 0.0131773
1.83 -4.01506 -0.217956 0.01329
1.835 -4.05282 -0.217781 0.0134033
1.84 -4.09064 -0.2176 0.0135166
1.845 -4.12836 -0.217417 0.0136293
1.85 -4.16585 -0.217235 0.0137413
1.855 -4.20307 -0.217041 0.0138518
1.86 -4.24004 -0.216836 0.0139609
1.865 -4.27677 -0.216633 0.0140692
1.87 -4.31329 -0.21643 0.0141768
1.875 -4.34962 -0.216228 0.0142837
1.88 -4.38576 -0.216026 0.0143899
1.885 -4.42172 -0.215823 0.0144953
1.89 -4.45751 -0.215604 0.0145996
1.895 -4.49314 -0.215368 0.0147032
1.9 -4.52866 -0.21513 0.0148068
1.905 -4.56409 -0.214892 0.01491
1.91 -4.59946 -0.21465 0.0150127
1.915 -4.63482 -0.21439 0.0151149
1.92 -4.67014 -0.214104 0.0152162
1.925 -4.70537 -0.213807 0.0153165
1.93 -4.74041 -0.213511 0.0154161
1.935 -4.77516 -0.213218 0.0155148
1.94 -4.80957 -0.212927 0.0156123
1.945 -4.84358 -0.212638 0.0157085
1.95 -4.8772 -0.21234 0.015803
1.955 -4.9105 -0.212034 0.015896
1.96 -4.94351 -0.21173 0.0159881
1.965 -4.97629 -0.211423 0.0160794
1.97 -5.00882 -0.211105 0.0161699
1.975 -5.04105 -0.210781 0.0162596
1.98 -5.07294 -0.210461 0.0163481
1.985 -5.10448 -0.210137 0.0164353
1.99 -5.13574 -0.209809 0.0165213
1.995 -5.16681 -0.209484 0.0166068
2 -5.19774 -0.209161 0.0166918
2.005 -5.22859 -0.20884 0.0167765
2.01 -5.25934 -0.208521 0.0168609
2.015 -5.28992 -0.208204 0.0169448
2.02 -5.32028 -0.207886 0.0170283
2.025 -5.35033 -0.207567 0.017111
2.03 -5.38007 -0.207253 0.0171927
2.035 -5.40952 -0.206942 0.0172736
2.04 -5.43875 -0.206633 0.0173538
2.045 -5.46787 -0.206325 0.0174336
2.05 -5.49701 -0.206017 0.0175132
2.055 -5.52627 -0.205707 0.0175932
2.06 -5.55574 -0.205394 0.0176735
2.065 -5.58545 -0.205078 0.0177544
2.07 -5.61531 -0.204748 0.0178356
2.075 -5.64515 -0.204408 0.0179166
2.08 -5.67473 -0.204071 0.0179968
2.085 -5.7038 -0.20374 0.0180754
2.09 -5.73217 -0.203417 0.018152
2.095 -5.75973 -0.203101 0.0182262
2.1 -5.78645 -0.202793 0.0182979
2.105 -5.81238 -0.202494 0.0183674
2.11 -5.8376 -0.202203 0.0184349
2.115 -5.86218 -0.20192 0.0185006
2.12 -5.88618 -0.201643 0.0185646
2.125 -5.90971 -0.201372 0.0186273
2.13 -5.93287 -0.201105 0.0186889
2.135 -5.95578 -0.200842 0.0187498
2.14 -5.97853 -0.20058 0.0188101
2.145 -6.00119 -0.200319 0.0188702
2.15 -6.0238 -0.200059 0.01893
2.155 -6.04643 -0.199799 0.0189892
2.16 -6.06919 -0.199537 0.0190479
2.165 -6.09217 -0.199272 0.0191072
2.17 -6.11547 -0.198999 0.0191671
2.175 -6.13919 -0.198716 0.0192277
2.18 -6.16342 -0.198427 0.0192895
2.185 -6.18826 -0.198131 0.0193529
2.19 -6.21376 -0.197828 0.0194178
2.195 -6.23985 -0.197518 0.0194842
2.2 -6.26636 -0.197203 0.0195515
2.205 -6.29297 -0.196887 0.019619
2.21 -6.31931 -0.196575 0.0196856
2.215 -6.34503 -0.196271 0.0197506
2.22 -6.36984 -0.195978 0.0198122
2.225 -6.39353 -0.195698 0.0198703
2.23 -6.41594 -0.195433 0.0199251
2.235 -6.437 -0.195185 0.0199767
2.24 -6.45672 -0.194953 0.0200249
2.245 -6.47517 -0.194736 0.02007
2.25 -6.49241 -0.194533 0.020112
2.255 -6.50846 -0.194344 0.0201512
2.26 -6.52334 -0.194169 0.0201875
2.265 -6.53703 -0.194008 0.0202208
2.27 -6.54953 -0.193858 0.0202511
2.275 -6.5609 -0.193719 0.0202785
2.28 -6.57125 -0.193592 0.0203034
2.285 -6.58072 -0.193477 0.0203262
2.29 -6.58947 -0.19337 0.0203472
2.295 -6.5976 -0.193271 0.0203668
2.3 -6.60517 -0.193179 0.020385
2.305 -6.61224 -0.193093 0.020402
2.31 -6.61886 -0.193012 0.0204179
2.315 -6.6251 -0.192936 0.0204329
2.32 -6.63109 -0.192864 0.0204473
2.325 -6.63693 -0.192793 0.0204613
2.33 -6.64269 -0.192723 0.0204752
2.335 -6.64835 -0.192654 0.0204887
2.34 -6.65379 -0.192588 0.0205018
2.345 -6.65883 -0.192527 0.0205139
2.35 -6.66328 -0.192473 0.0205246
2.355 -6.66691 -0.19243 0.0205333
2.36 -6.66951 -0.192398 0.0205395
2.365 -6.67087 -0.192382 0.0205428
2.37 -6.67077 -0.192383 0.0205425
2.375 -6.66901 -0.192407 0.0205375
2.38 -6.66543 -0.192458 0.020527
2.385 -6.65993 -0.192536 0.0205108
2.39 -6.65252 -0.192641 0.0204891
2.395 -6.6433 -0.192772 0.020462
2.4 -6.63244 -0.192927 0.0204302
2.405 -6.62016 -0.193101 0.0203941
2.41 -6.60669 -0.193292 0.0203546
2.415 -6.59225 -0.193497 0.0203122
2.42 -6.57705 -0.193713 0.0202677
2.425 -6.56128 -0.193937 0.0202214
2.43 -6.54505 -0.194168 0.0201738
2.435 -6.52839 -0.194405 0.020125
2.44 -6.51126 -0.194649 0.0200747
2.445 -6.49357 -0.1949 0.0200229
2.45 -6.4752 -0.195162 0.019969
2.455 -6.45606 -0.195434 0.0199129
2.46 -6.4361 -0.195718 0.0198544
2.465 -6.41528 -0.196013 0.0197933
2.47 -6.39357 -0.196318 0.0197295
2.475 -6.37091 -0.196636 0.0196629
2.48 -6.34727 -0.196968 0.0195935
2.485 -6.32263 -0.197314 0.0195211
2.49 -6.29707 -0.197674 0.0194461
2.495 -6.27069 -0.198046 0.0193686
2.5 -6.24366 -0.198426 0.0192892
2.505 -6.21614 -0.198799 0.0192083
2.51 -6.1883 -0.199163 0.0191263
2.515 -6.16027 -0.199529 0.0190437
2.52 -6.13216 -0.199898 0.0189609
2.525 -6.10404 -0.200267 0.0188781
2.53 -6.07596 -0.200635 0.0187955
2.535 -6.04801 -0.200999 0.0187136
2.54 -6.0203 -0.201358 0.0186328
2.545 -5.99298 -0.201712 0.0185531
2.55 -5.96621 -0.202059 0.018475
2.555 -5.94012 -0.202398 0.0183989
2.56 -5.91478 -0.202728 0.018325
2.565 -5.89022 -0.203048 0.0182534
2.57 -5.86643 -0.203358 0.0181841
2.575 -5.84337 -0.203659 0.0181169
2.58 -5.82098 -0.203943 0.0180515
2.585 -5.79926 -0.204211 0.0179881
2.59 -5.77821 -0.204467 0.0179266
2.595 -5.75792 -0.204711 0.0178673
2.6 -5.73848 -0.204944 0.0178105
2.605 -5.71999 -0.205166 0.0177564
2.61 -5.7025 -0.205375 0.0177053
2.615 -5.68603 -0.20557 0.0176571
2.62 -5.67051 -0.205755 0.0176116
2.625 -5.65583 -0.205929 0.0175687
2.63 -5.64188 -0.206096 0.0175279
2.635 -5.62853 -0.206255 0.0174888
2.64 -5.61568 -0.206408 0.0174513
2.645 -5.60326 -0.206557 0.017415
2.65 -5.59122 -0.206701 0.0173798
2.655 -5.57953 -0.206841 0.0173456
2.66 -5.56823 -0.206977 0.0173126
2.665 -5.55736 -0.207108 0.0172808
2.67 -5.54699 -0.207232 0.0172505
2.675 -5.53718 -0.20735 0.0172219
2.68 -5.52807 -0.207457 0.0171952
2.685 -5.51979 -0.207552 0.017171
2.69 -5.5125 -0.207635 0.0171497
2.695 -5.50633 -0.207706 0.0171316
2.7 -5.50138 -0.207763 0.0171172
2.705 -5.49767 -0.207805 0.0171063
2.71 -5.49514 -0.207834 0.0170989
2.715 -5.49363 -0.207852 0.0170945
2.72 -5.49292 -0.20786 0.0170924
2.725 -5.49277 -0.207861 0.017092
2.73 -5.49291 -0.207859 0.0170924
2.735 -5.49311 -0.207857 0.017093
2.74 -5.49313 -0.207857 0.0170931
2.745 -5.49281 -0.20786 0.0170921
2.75 -5.49205 -0.207869 0.0170899
2.755 -5.49081 -0.207883 0.0170862
2.76 -5.48913 -0.207901 0.0170813
2.765 -5.48704 -0.207925 0.0170751
2.77 -5.4846 -0.207952 0.0170679
2.775 -5.48177 -0.207984 0.0170596
2.78 -5.47849 -0.208021 0.0170499
2.785 -5.47468 -0.208064 0.0170387
2.79 -5.47026 -0.208113 0.0170257
2.795 -5.46518 -0.20817 0.0170107
2.8 -5.45944 -0.208235 0.0169938
2.805 -5.45307 -0.208306 0.016975
2.81 -5.44612 -0.208384 0.0169546
2.815 -5.43866 -0.208467 0.0169327
2.82 -5.43071 -0.208555 0.0169095
2.825 -5.42228 -0.208648 0.0168849
2.83 -5.41324 -0.208747 0.0168585
2.835 -5.40341 -0.208856 0.0168298
2.84 -5.39253 -0.208976 0.016798
2.845 -5.38035 -0.20911 0.0167624
2.85 -5.3666 -0.209262 0.0167222
2.855 -5.3511 -0.209433 0.016677
2.86 -5.33366 -0.209626 0.016626
2.865 -5.31407 -0.209843 0.0165688
2.87 -5.29212 -0.210086 0.0165047
2.875 -5.26758 -0.210358 0.016433
2.88 -5.24022 -0.210661 0.0163531
2.885 -5.20981 -0.210998 0.0162644
2.89 -5.17616 -0.21137 0.0161661
2.895 -5.13909 -0.211782 0.016058
2.9 -5.09839 -0.212235 0.0159393
2.905 -5.05388 -0.212732 0.0158096
2.91 -5.00538 -0.213275 0.0156684
2.915 -4.95279 -0.213867 0.0155154
2.92 -4.89606 -0.214509 0.0153507
2.925 -4.83521 -0.215203 0.0151742
2.93 -4.77026 -0.215937 0.0149861
2.935 -4.7012 -0.216711 0.0147863
2.94 -4.62796 -0.217536 0.0145747
2.945 -4.55052 -0.218414 0.0143514
2.95 -4.4689 -0.219352 0.0141167
2.955 -4.38316 -0.22033 0.0138699
2.96 -4.2933 -0.221345 0.013611
2.965 -4.19926 -0.22242 0.0133408
2.97 -4.10089 -0.223526 0.0130574
2.975 -3.99793 -0.224657 0.01276
2.98 -3.89008 -0.225772 0.0124465
2.985 -3.77709 -0.226853 0.0121151
2.99 -3.65877 -0.227918 0.0117651
2.995 -3.535 -0.228979 0.0113965
3 -3.40568 -0.230016 0.011008
3.005 -3.27071 -0.230897 0.0105944
3.01 -3.12997 -0.231685 0.0101582
3.015 -2.98333 -0.232448 0.00970048
3.02 -2.83065 -0.233044 0.00921531
3.025 -2.67178 -0.233497 0.00870341
3.03 -2.50657 -0.233876 0.00816758
3.035 -2.33491 -0.234118 0.0076051
3.04 -2.15672 -0.234288 0.00701754
3.045 -1.97192 -0.234439 0.00640595
3.05 -1.78052 -0.234566 0.00576985
3.055 -1.58257 -0.234651 0.0051079
3.06 -1.3782 -0.234648 0.0044163
3.065 -1.16756 -0.234578 0.00369638
3.07 -0.950818 -0.234475 0.00295021
3.075 -0.728137 -0.23441 0.00218163
3.08 -0.499633 -0.23445 0.00139344
3.085 -0.265375 -0.234643 0.000584269
3.09 -0.0254075 -0.23498 -0.000240817
3.095 0.220206 -0.235393 -0.00107944
3.1 0.471364 -0.235864 -0.00193343
3.105 0.727964 -0.236335 -0.00279877
3.11 0.989956 -0.236789 -0.00367642
3.115 1.25737 -0.237093 -0.00456168
3.12 1.53032 -0.237132 -0.00545107
3.125 1.80901 -0.236866 -0.00634528
3.13 2.0937 -0.236411 -0.00724885
3.135 2.38467 -0.235791 -0.00816423
3.14 2.68218 -0.235 -0.00909191
3.145 2.98649 -0.234039 -0.0100326
3.15 3.29778 -0.23281 -0.0109827
3.155 3.61621 -0.231249 -0.0119455
3.16 3.94181 -0.229277 -0.0129169
3.165 4.27454 -0.226716 -0.0138882
3.17 4.61426 -0.223534 -0.0148565
3.175 4.96079 -0.219881 -0.0158237
3.18 5.31395 -0.215827 -0.0167906
3.185 5.67363 -0.21149 -0.0177597
3.19 6.03979 -0.20694 -0.0187323
3.195 6.41251 -0.202191 -0.0196881
3.2 6.79194 -0.197284 -0.0206062
3.205 7.17828 -0.192451 -0.0214936
3.21 7.57168 -0.187872 -0.0223539
3.215 7.97222 -0.18357 -0.0231894
3.22 8.37991 -0.179453 -0.0240154
3.225 8.79465 -0.175539 -0.0248412
3.23 9.21624 -0.17184 -0.0256734
3.235 9.64449 -0.168235 -0.026521
3.24 10.0792 -0.16485 -0.0273806
3.245 10.5203 -0.16187 -0.0282514
3.25 10.9677 -0.158422 -0.0291864
3.255 11.4216 -0.15377 -0.0302143
3.26 11.8822 -0.148702 -0.0312853
3.265 12.3498 -0.14378 -0.0323684
3.27 12.8246 -0.138886 -0.0334657
3.275 13.3066 -0.133864 -0.0345826
3.28 13.796 -0.128835 -0.0357184
3.285 14.2928 -0.123947 -0.0368689
3.29 14.797 -0.119129 -0.0380348
3.295 15.3086 -0.114373 -0.0392161
3.3 15.8274 -0.109615 -0.0404136
3.305 16.3535 -0.104682 -0.0416303
3.31 16.8868 -0.099598 -0.0428656
3.315 17.4274 -0.0945486 -0.0441169
3.32 17.9752 -0.0895501 -0.0453839
3.325 18.5299 -0.0846275 -0.0466663
3.33 19.0916 -0.0798457 -0.0479637
3.335 19.6598 -0.0755439 -0.0492744
3.34 20.2342 -0.0717236 -0.0505981
3.345 20.8146 -0.0678322 -0.0519367
3.35 21.4006 -0.0639415 -0.0532897
3.355 21.9922 -0.0604838 -0.0546543
3.36 22.589 -0.0578046 -0.0560293
3.365 23.1907 -0.0570954 -0.0574119
3.37 23.7964 2.31554 -0.0633893
3.375 24.4052 32.1775 0.607305
