0.1 5.25907e-31 200 1.00364e-13
0.2 -5.84341e-32 400 -1.04805e-13
0.3 6.42776e-31 600 -7.10543e-14
0.4 -5.84341e-31 800 -2.02505e-13
0.5 -1.40242e-30 1000 -3.69482e-13
0.6 4.67473e-31 1200 -3.05533e-13
0.7 -8.03469e-31 1400 -3.55271e-14
0.8 1.16868e-30 1600 5.96856e-13
0.9 9.34946e-31 1800 1.18661e-12
1 2.10363e-30 2000 7.24754e-13
0.005 -1.26532e-05 2000 0.0054775
0.01 -6.32997e-05 2000 0.0273668
0.015 -0.000164579 2000 0.0711152
0.02 -0.000316222 2000 0.136622
0.025 -0.000517736 2000 0.223673
0.03 -0.000768534 2000 0.332016
0.035 -0.001068 2000 0.461382
0.04 -0.00141542 2000 0.611469
0.045 -0.00180983 2000 0.781851
0.05 -0.00224977 2000 0.971906
0.055 -0.00273344 2000 1.18085
0.06 -0.00325876 2000 1.40779
0.065 -0.00382371 2000 1.65185
0.07 -0.00442655 2000 1.91227
0.075 -0.00506545 2000 2.18828
0.08 -0.00573815 2000 2.47888
0.085 -0.00644198 2000 2.78294
0.09 -0.00717415 2000 3.09924
0.095 -0.00793208 2000 3.42666
0.1 -0.00871318 2000 3.76409
0.105 -0.00951446 2000 4.11025
0.11 -0.0103322 2000 4.4635
0.115 -0.0111619 2000 4.82195
0.12 -0.0119992 2000 5.18368
0.125 -0.0128393 2000 5.54657
0.13 -0.0136757 2000 5.90789
0.135 -0.0145016 2000 6.26469
0.14 -0.0153121 2000 6.61484
0.145 -0.0161051 2000 6.95739
0.15 -0.0168798 2000 7.29206
0.155 -0.0176357 2000 7.6186
0.16 -0.0183704 2000 7.936
0.165 -0.0190797 2000 8.24243
0.17 -0.0197589 2000 8.53586
0.175 -0.0204041 2000 8.81456
0.18 -0.0210128 2000 9.07751
0.185 -0.0215851 2000 9.32477
0.19 -0.0221222 2000 9.55679
0.195 -0.0226251 2000 9.77403
0.2 -0.0230958 2000 9.97737
0.205 -0.0235338 2000 10.1666
0.21 -0.0239312 2000 10.3383
0.215 -0.024275 2000 10.4868
0.22 -0.024554 2000 10.6073
0.225 -0.0247629 2000 10.6976
0.23 -0.0249011 2000 10.7573
0.235 -0.0249742 2000 10.7889
0.24 -0.024994 2000 10.7974
0.245 -0.0249711 2000 10.7875
0.25 -0.0249066 2000 10.7597
0.255 -0.0247865 2000 10.7078
0.26 -0.0245826 2000 10.6197
0.265 -0.0242569 2000 10.479
0.27 -0.0237658 2000 10.2668
0.275 -0.0230661 2000 9.96457
0.28 -0.022118 2000 9.55499
0.285 -0.0208845 2000 9.02209
0.29 -0.0193282 2000 8.34979
0.295 -0.0174085 2000 7.52047
0.3 -0.015082 2000 6.51543
0.305 -0.012314 2000 5.31966
0.31 -0.00909175 2000 3.92764
0.315 -0.00542536 2000 2.34375
0.32 -0.00134482 2000 0.580942
0.325 0.0029093 2000 -1.25885
0.33 0.00732748 1999.99 -3.16849
0.335 0.0120103 2000 -5.19091
0.34 0.0169278 2000 -7.3148
0.345 0.0220653 2000 -9.53382
0.35 0.0274238 2000 -11.8484
0.355 0.0330111 2000 -14.2618
0.36 0.0388355 2000 -16.7778
0.365 0.0449081 2000 -19.401
0.37 0.0512509 2000 -22.1409
0.375 0.0579107 2000 -25.0179
0.38 0.0649762 2000 -28.0701
0.385 0.0725882 2000 -31.3584
0.39 0.0809268 2000 -34.9607
0.395 0.0901337 2000 -38.938
0.4 0.100214 2000 -43.2927
0.405 0.111038 2000 -47.9687
0.41 0.122422 2000 -52.8865
0.415 0.134186 2000 -57.9684
0.42 0.146183 2000 -63.1513
0.425 0.158314 2000 -68.392
0.43 0.170533 2000 -73.6704
0.435 0.182841 2000 -78.9876
0.44 0.19527 2000 -84.3567
0.445 0.207846 2000 -89.7895
0.45 0.220582 2000 -95.2917
0.455 0.233485 2000 -100.866
0.46 0.246553 2000 -106.511
0.465 0.259778 2000 -112.224
0.47 0.27312 2000 -117.988
0.475 0.286508 2000 -123.772
0.48 0.299861 2000 -129.54
0.485 0.3131 2000 -135.259
0.49 0.326152 2000 -140.898
0.495 0.338956 2000 -146.429
0.5 0.351467 2000 -151.834
0.505 0.363658 2000 -157.101
0.51 0.375503 2000 -162.218
0.515 0.386967 2000 -167.17
0.52 0.398016 2000 -171.943
0.525 0.408625 2000 -176.526
0.53 0.418799 2000 -180.921
0.535 0.42858 2000 -185.147
0.54 0.43808 2000 -189.251
0.545 0.447505 2000 -193.322
0.55 0.457133 2000 -197.481
0.555 0.467178 2000 -201.821
0.56 0.477631 2000 -206.337
0.565 0.488258 2000 -210.927
0.57 0.498731 2000 -215.452
0.575 0.508719 2000 -219.767
0.58 0.517926 2000 -223.744
0.585 0.526105 2000 -227.277
0.59 0.533093 2000 -230.296
0.595 0.53886 2000 -232.787
0.6 0.543517 2000 -234.799
0.605 0.547286 2000 -236.427
0.61 0.550441 2000 -237.791
0.615 0.553293 2000 -239.023
0.62 0.556187 2000 -240.273
0.625 0.559535 2000 -241.719
0.63 0.563833 2000 -243.576
0.635 0.569666 2000 -246.096
0.64 0.577646 2000 -249.543
0.645 0.5883 2000 -254.146
0.65 0.601874 2000 -260.009
0.655 0.61817 2000 -267.049
0.66 0.636561 2000 -274.994
0.665 0.65614 2000 -283.453
0.67 0.675922 2000 -291.998
0.675 0.695045 2000 -300.26
0.68 0.71299 2000 -308.012
0.685 0.729725 2000 -315.242
0.69 0.745647 2000 -322.12
0.695 0.761379 2000 -328.916
0.7 0.777623 2000 -335.933
0.705 0.795053 2000 -343.463
0.71 0.814256 2000 -351.759
0.715 0.83575 2000 -361.044
0.72 0.860001 2000 -371.521
0.725 0.887355 2000 -383.338
0.73 0.917953 2000 -396.556
0.735 0.951721 2000 -411.144
0.74 0.988425 2000 -427.001
0.745 1.0277 2000 -443.966
0.75 1.06899 2000 -461.806
0.755 1.11156 2000 -480.196
0.76 1.15454 2000 -498.762
0.765 1.1971 2000 -517.15
0.77 1.23881 2000 -535.168
0.775 1.27978 2000 -552.866
0.78 1.32053 2000 -570.469
0.785 1.36168 2000 -588.249
0.79 1.40381 2000 -606.447
0.795 1.44736 2000 -625.262
0.8 1.49274 2000 -644.864
0.805 1.54031 2000 -665.416
0.81 1.59037 2000 -687.04
0.815 1.64293 2000 -709.747
0.82 1.69771 2000 -733.413
0.825 1.75424 2000 -757.832
0.83 1.81195 2000 -782.767
0.835 1.8703 2000 -807.974
0.84 1.92896 2000 -833.315
0.845 1.98815 2000 -858.884
0.85 2.0485 2000 -884.956
0.855 2.11082 2000 -911.876
0.86 2.17588 2000 -939.984
0.865 2.24417 2000 -969.484
0.87 2.3156 2000 -1000.34
0.875 2.38972 2000 -1032.36
0.88 2.46598 2000 -1065.31
0.885 2.54393 2000 -1098.99
0.89 2.62327 2000 -1133.26
0.895 2.70401 2000 -1168.14
0.9 2.78658 2000 -1203.81
0.905 2.87162 2000 -1240.55
0.91 2.9597 2000 -1278.6
0.915 3.05132 2000 -1318.18
0.92 3.14689 2000 -1359.46
0.925 3.24678 2000 -1402.62
0.93 3.35145 2000 -1447.83
0.935 3.4615 2000 -1495.38
0.94 3.57777 2000 -1545.61
0.945 3.70131 2000 -1598.98
0.95 3.83313 2000 -1655.93
0.955 3.97383 2000 -1716.71
0.96 4.12315 2000 -1781.22
0.965 4.28004 2000 -1848.99
0.97 4.44316 2000 -1919.46
0.975 4.61123 2000 -1992.07
0.98 4.7832 2000 -2066.37
0.985 4.95846 2000 -2142.08
0.99 5.13716 2000 -2219.28
0.995 5.32011 2000 -2298.32
1 5.50833 2000 -2379.63
1.005 5.70271 2000 -2463.6
1.01 5.90367 2000 -2550.42
1.015 6.11112 1999.99 -2640.04
1.02 6.32463 1999.99 -2732.28
1.025 6.5437 1999.99 -2826.93
1.03 6.76793 1999.99 -2923.8
1.035 6.99698 1999.99 -3022.76
1.04 7.23051 1999.99 -3123.66
1.045 7.46811 1999.99 -3226.33
1.05 7.70932 1999.99 -3330.55
1.055 7.95368 1999.99 -3436.14
1.06 8.20095 1999.99 -3542.98
1.065 8.45134 1999.99 -3651.17
1.07 8.7055 1999.99 -3761
1.075 8.96443 1999.98 -3872.88
1.08 9.22907 1999.98 -3987.23
1.085 9.4997 1999.98 -4104.18
1.09 9.77559 1999.98 -4223.39
1.095 10.0551 1999.98 -4344.18
1.1 10.3364 1999.98 -4465.68
1.105 10.6173 1999.98 -4587.04
1.11 10.8961 1999.98 -4707.47
1.115 11.1714 1999.98 -4826.35
1.12 11.442 1999.98 -4943.23
1.125 11.7075 1999.98 -5057.94
1.13 11.9681 1999.98 -5170.5
1.135 12.2242 1999.98 -5281.12
1.14 12.4766 1999.98 -5390.11
1.145 12.726 1999.98 -5497.85
1.15 12.9736 1999.98 -5604.78
1.155 13.2202 1999.98 -5711.32
1.16 13.4668 1999.98 -5817.81
1.165 13.7138 1999.98 -5924.52
1.17 13.9619 1999.98 -6031.69
1.175 14.2117 1999.98 -6139.56
1.18 14.4637 1999.98 -6248.4
1.185 14.7184 1999.98 -6358.44
1.19 14.9766 1999.98 -6469.97
1.195 15.239 1999.98 -6583.27
1.2 15.506 1999.98 -6698.64
1.205 15.7784 1999.98 -6816.29
1.21 16.0561 1999.98 -6936.24
1.215 16.3383 1999.98 -7058.17
1.22 16.6239 1999.98 -7181.54
1.225 16.9113 1999.98 -7305.69
1.23 17.1989 1999.98 -7429.95
1.235 17.4853 1999.98 -7553.69
1.24 17.7694 1999.98 -7676.39
1.245 18.0506 1999.98 -7797.89
1.25 18.3294 1999.98 -7918.37
1.255 18.6069 1999.98 -8038.24
1.26 18.8835 1999.98 -8157.73
1.265 19.1588 1999.98 -8276.67
1.27 19.4317 1999.98 -8394.54
1.275 19.7006 1999.98 -8510.71
1.28 19.9646 1999.98 -8624.77
1.285 20.2239 1999.98 -8736.82
1.29 20.4799 1999.98 -8847.39
1.295 20.7342 1999.98 -8957.24
1.3 20.9883 1999.98 -9067.04
1.305 21.2434 1999.98 -9177.22
1.31 21.4992 1999.98 -9287.73
1.315 21.7546 1999.98 -9398.08
1.32 22.0082 1999.98 -9507.61
1.325 22.2584 1999.98 -9615.74
1.33 22.5045 1999.98 -9722.01
1.335 22.7459 1999.98 -9826.32
1.34 22.9834 1999.99 -9928.92
1.345 23.2167 1999.99 -10029.9
1.35 23.4475 2000 -10129.9
1.355 23.6795 2000 -10230
1.36 23.9125 2000 -10330.6
1.365 24.1449 2000 -10431.2
1.37 24.3767 2000.01 -10531.5
1.375 24.6098 2000 -10632
1.38 24.843 2000 -10732.7
1.385 25.0772 2000 -10833.8
1.39 25.3129 2000 -10935.5
1.395 25.5501 2000 -11038
1.4 25.7818 2000.03 -11138.9
1.405 26.0095 2000.05 -11238.1
1.41 26.2409 2000.04 -11337.7
1.415 26.4713 2000.03 -11436.9
1.42 26.7012 2000.02 -11536
1.425 26.9317 2000.02 -11635.4
1.43 27.1641 2000.01 -11735.6
1.435 27.4001 2000.01 -11837.4
1.44 27.6412 2000 -11941.5
1.445 27.8892 2000 -12048.6
1.45 28.1367 2000.05 -12156.2
1.455 28.3921 2000.08 -12266.9
1.46 28.6461 2000.12 -12377.9
1.465 28.9067 2000.14 -12491.1
1.47 29.1722 2000.14 -12605.6
1.475 29.4367 2000.15 -12719.7
1.48 29.7059 2000.11 -12835.5
1.485 29.9772 2000.09 -12952.2
1.49 30.2501 2000.07 -13069.7
1.495 30.5245 2000.05 -13188
1.5 30.8006 2000.04 -13307
1.505 31.0733 2000.07 -13425.1
1.51 31.3204 2000.2 -13533.4
1.515 31.5708 2000.18 -13641.7
1.52 31.8196 2000.18 -13749.5
1.525 32.0742 2000.14 -13858.9
1.53 32.3324 2000.11 -13969.9
1.535 32.5951 2000.08 -14083
1.54 32.8631 2000.06 -14198.5
1.545 33.1371 2000.05 -14316.6
1.55 33.4169 2000.03 -14437.2
1.555 33.7016 2000.02 -14560.1
1.56 33.99 2000.01 -14684.5
1.565 34.2807 2000 -14810
1.57 34.5527 2000.18 -14929.1
1.575 34.8157 2000.3 -15043.8
1.58 35.0796 2000.27 -15158
1.585 35.343 2000.24 -15271.8
1.59 35.6101 2000.19 -15386.5
1.595 35.8788 2000.15 -15502.1
1.6 36.1496 2000.11 -15618.7
1.605 36.423 2000.09 -15736.5
1.61 36.6991 2000.06 -15855.5
1.615 36.9782 2000.05 -15975.8
1.62 37.2599 2000.03 -16097.4
1.625 37.5441 2000.02 -16220
1.63 37.8303 2000.01 -16343.6
1.635 38.1101 2000.09 -16465
1.64 38.3756 2000.22 -16580.7
1.645 38.6467 2000.17 -16697.4
1.65 38.9198 2000.13 -16815.1
1.655 39.1951 2000.1 -16933.8
1.66 39.4691 2000.1 -17052.6
1.665 39.7408 2000.13 -17170.8
1.67 40.0172 2000.12 -17290.1
1.675 40.2937 2000.11 -17409.6
1.68 40.5702 2000.1 -17529.1
1.685 40.8482 2000.08 -17648.8
1.69 41.1253 2000.06 -17768.2
1.695 41.3891 2000.13 -17883.7
1.7 41.6481 2000.18 -17996.4
1.705 41.9075 2000.14 -18107.8
1.71 42.1619 2000.11 -18217.1
1.715 42.3996 2000.24 -18320
1.72 42.6305 2000.29 -18419.7
1.725 42.8579 2000.23 -18517.4
1.73 43.0701 2000.27 -18610.3
1.735 43.2769 2000.28 -18700.2
1.74 43.4835 2000.22 -18788.7
1.745 43.6805 2000.23 -18874
1.75 43.8744 2000.21 -18957.7
1.755 44.0674 2000.17 -19040.4
1.76 44.2583 2000.13 -19122.4
1.765 44.4435 2000.15 -19202.8
1.77 44.6198 2000.2 -19279.9
1.775 44.802 2000.16 -19358
1.78 44.9865 2000.13 -19437.2
1.785 45.1741 2000.11 -19517.8
1.79 45.3651 2000.08 -19600.1
1.795 45.5603 2000.07 -19684.1
1.8 45.7464 2000.18 -19766.4
1.805 45.9345 2000.24 -19848.7
1.81 46.1324 2000.19 -19933.4
1.815 46.336 2000.17 -20020.2
1.82 46.5398 2000.17 -20107.7
1.825 46.7388 2000.2 -20194.4
1.83 46.9233 2000.27 -20275.6
1.835 47.1134 2000.21 -20357.1
1.84 47.3025 2000.17 -20438.2
1.845 47.4895 2000.13 -20518.6
1.85 47.6703 2000.15 -20596.3
1.855 47.8319 2000.25 -20667.1
1.86 47.9934 2000.23 -20736.4
1.865 48.1522 2000.2 -20804.4
1.87 48.3081 2000.17 -20871.2
1.875 48.4597 2000.14 -20936.7
1.88 48.6029 2000.21 -20999.3
1.885 48.7365 2000.27 -21058
1.89 48.8699 2000.22 -21115.3
1.895 49.0011 2000.18 -21171.8
1.9 49.1304 2000.15 -21227.4
1.905 49.2579 2000.12 -21282.3
1.91 49.3822 2000.11 -21336.1
1.915 49.5043 2000.11 -21388.9
1.92 49.6257 2000.08 -21441.1
1.925 49.7454 2000.07 -21492.6
1.93 49.8627 2000.1 -21542.8
1.935 49.9742 2000.16 -21590.4
1.94 50.0807 2000.12 -21636.4
1.945 50.1849 2000.09 -21681.4
1.95 50.287 2000.07 -21725.5
1.955 50.387 2000.05 -21768.8
1.96 50.4851 2000.04 -21811.2
1.965 50.5813 2000.03 -21852.8
1.97 50.6742 2000.03 -21893.1
1.975 50.7656 2000.02 -21932.6
1.98 50.8549 2000.01 -21971.1
1.985 50.9421 2000.01 -22008.8
1.99 51.0275 2000 -22045.7
1.995 51.1111 2000 -22081.8
2 51.1933 1999.99 -22117.3
2.005 51.2741 1999.99 -22152.3
2.01 51.3535 1999.99 -22186.6
2.015 51.4353 2000.02 -22220.3
2.02 51.512 2000.03 -22252.9
2.025 51.5805 2000.06 -22283.6
2.03 51.6456 2000.09 -22312.6
2.035 51.7101 2000.08 -22340.7
2.04 51.7732 2000.06 -22368
2.045 51.8347 2000.04 -22394.7
2.05 51.895 2000.03 -22420.7
2.055 51.9534 2000.07 -22445.6
2.06 52.0088 2000.05 -22469.7
2.065 52.0633 2000.03 -22493.4
2.07 52.1166 2000.02 -22516.5
2.075 52.1683 2000.01 -22539
2.08 52.2179 2000 -22560.6
2.085 52.2624 1999.98 -22580.5
2.09 52.2939 1999.96 -22595.7
2.095 52.3136 1999.93 -22606.5
2.1 52.335 1999.93 -22616.3
2.105 52.3587 1999.93 -22625.5
2.11 52.3783 1999.96 -22633.4
2.115 52.3934 2000 -22639.7
2.12 52.3954 1999.97 -22642.1
2.125 52.3974 1999.96 -22643.3
2.13 52.4023 1999.96 -22644.2
2.135 52.4058 1999.96 -22644.7
2.14 52.4078 1999.96 -22644.8
2.145 52.4085 1999.96 -22644.5
2.15 52.4081 1999.96 -22643.8
2.155 52.4064 1999.96 -22642.7
2.16 52.4035 1999.96 -22641.1
2.165 52.3993 1999.96 -22639.1
2.17 52.3937 1999.96 -22636.5
2.175 52.3867 1999.96 -22633.3
2.18 52.3781 1999.95 -22629.5
2.185 52.3655 1999.94 -22624.4
2.19 52.3395 1999.9 -22614.5
2.195 52.3168 1999.91 -22604.2
2.2 52.2927 1999.92 -22593.3
2.205 52.2673 1999.93 -22582
2.21 52.2413 1999.94 -22570.5
2.215 52.2151 1999.94 -22559
2.22 52.1891 1999.95 -22547.5
2.225 52.1637 1999.95 -22536.4
2.23 52.1391 1999.95 -22525.6
2.235 52.1156 1999.96 -22515.3
2.24 52.0933 1999.96 -22505.5
2.245 52.0722 1999.96 -22496.3
2.25 52.0522 1999.97 -22487.5
2.255 52.0334 1999.97 -22479.3
2.26 52.0158 1999.97 -22471.6
2.265 51.9995 1999.97 -22464.5
2.27 51.9843 1999.97 -22457.9
2.275 51.9707 1999.97 -22451.9
2.28 51.9583 1999.98 -22446.5
2.285 51.9471 1999.98 -22441.5
2.29 51.9362 2000 -22436.9
2.295 51.9258 2000.01 -22432.4
2.3 51.9161 2000.01 -22428.2
2.305 51.9072 2000.01 -22424.3
2.31 51.8989 2000 -22420.6
2.315 51.8912 2000 -22417.2
2.32 51.8838 2000 -22414
2.325 51.8765 2000 -22410.8
2.33 51.8693 2000 -22407.7
2.335 51.8622 2000 -22404.6
2.34 51.8555 2000 -22401.7
2.345 51.8493 2000 -22399
2.35 51.844 2000 -22396.7
2.355 51.8401 2000 -22395
2.36 51.8377 2000 -22394
2.365 51.8374 2000 -22393.8
2.37 51.8213 1999.94 -22389.8
2.375 51.7997 1999.91 -22382.3
2.38 51.7771 1999.93 -22371.6
2.385 51.7434 1999.94 -22356.3
2.39 51.6979 1999.98 -22336
2.395 51.6395 2000.02 -22310.3
2.4 51.5708 2000.01 -22280.3
2.405 51.4938 2000.01 -22246.6
2.41 51.4097 2000.01 -22210
2.415 51.3181 2000.04 -22170.6
2.42 51.2223 2000.06 -22129.1
2.425 51.1276 2000.09 -22086.1
2.43 51.0263 2000.1 -22041.5
2.435 50.9189 2000.07 -21995.5
2.44 50.8094 2000.06 -21948.4
2.445 50.6969 2000.05 -21900
2.45 50.5809 2000.03 -21850
2.455 50.4608 2000.03 -21798.2
2.46 50.3363 2000.02 -21744.5
2.465 50.2072 2000.01 -21688.8
2.47 50.0733 2000.01 -21631
2.475 49.9346 2000 -21571
2.48 49.7906 2000 -21508.8
2.485 49.6415 1999.99 -21444.4
2.49 49.4878 1999.99 -21377.9
2.495 49.3301 1999.98 -21309.8
2.5 49.1695 1999.98 -21240.4
2.505 49.0028 2000.09 -21168.1
2.51 48.8299 2000.17 -21093.3
2.515 48.6551 2000.13 -21017.7
2.52 48.481 2000.09 -20942.5
2.525 48.3082 2000.06 -20867.8
2.53 48.1368 2000.04 -20793.7
2.535 47.9673 2000.02 -20720.5
2.54 47.8003 2000.01 -20648.4
2.545 47.6367 2000 -20577.7
2.55 47.478 2000 -20508.8
2.555 47.3216 2000.03 -20440.8
2.56 47.1686 2000.02 -20374.9
2.565 47.0211 2000.01 -20311.4
2.57 46.879 2000 -20250.2
2.575 46.7419 1999.99 -20191.1
2.58 46.6095 1999.99 -20134
2.585 46.4812 2000 -20078.6
2.59 46.3563 2000.01 -20024.7
2.595 46.2317 2000.07 -19971.6
2.6 46.1107 2000.12 -19919.7
2.605 45.9962 2000.09 -19870.1
2.61 45.8881 2000.07 -19823.4
2.615 45.7865 2000.05 -19779.5
2.62 45.691 2000.04 -19738.2
2.625 45.6008 2000.03 -19699.3
2.63 45.5152 2000.02 -19662.3
2.635 45.4337 2000.02 -19627
2.64 45.3554 2000.02 -19593
2.645 45.2792 2000.01 -19560.2
2.65 45.2055 2000.01 -19528.4
2.655 45.1342 2000.01 -19497.6
2.66 45.0655 2000 -19467.9
2.665 44.9998 1999.99 -19439.6
2.67 44.9371 1999.99 -19412.5
2.675 44.8781 1999.99 -19387.1
2.68 44.8231 1999.99 -19363.4
2.685 44.7733 1999.99 -19341.8
2.69 44.7293 1999.99 -19322.9
2.695 44.692 2000 -19306.8
2.7 44.6618 2000 -19293.8
2.705 44.639 2000 -19283.9
2.71 44.6231 2000 -19277.1
2.715 44.6132 2000 -19272.8
2.72 44.608 2000 -19270.6
2.725 44.6061 2000 -19269.8
2.73 44.6061 2000 -19269.8
2.735 44.6065 2000 -19270
2.74 44.6058 2000 -19269.7
2.745 44.6028 2000 -19268.4
2.75 44.5967 2000 -19265.8
2.755 44.5874 2000 -19261.7
2.76 44.575 2000 -19256.4
2.765 44.5599 2000 -19249.8
2.77 44.5423 2000 -19242.3
2.775 44.5222 2000 -19233.6
2.78 44.4989 2000 -19223.5
2.785 44.4721 2000 -19211.9
2.79 44.4411 2000 -19198.5
2.795 44.4056 2000 -19183.2
2.8 44.3657 2000 -19165.9
2.805 44.3215 2000 -19146.8
2.81 44.2736 2000 -19126.1
2.815 44.2224 2000 -19104
2.82 44.1682 1999.99 -19080.5
2.825 44.111 1999.99 -19055.7
2.83 44.0501 1999.99 -19029.4
2.835 43.9843 1999.99 -19000.9
2.84 43.912 1999.99 -18969.6
2.845 43.8316 1999.98 -18934.8
2.85 43.7419 1999.98 -18895.9
2.855 43.6417 1999.97 -18852.5
2.86 43.5302 1999.97 -18804.2
2.865 43.4067 1999.96 -18750.6
2.87 43.2702 1999.95 -18691.4
2.875 43.1199 1999.94 -18626.1
2.88 42.9543 1999.93 -18554.4
2.885 42.7699 1999.96 -18474.9
2.89 42.5661 1999.99 -18386.9
2.895 42.3454 1999.96 -18291.1
2.9 42.106 1999.94 -18187.3
2.905 41.8473 1999.92 -18075.2
2.91 41.5684 1999.91 -17954.5
2.915 41.269 1999.9 -17825
2.92 40.9498 1999.87 -17686.8
2.925 40.6112 1999.85 -17540.4
2.93 40.248 1999.89 -17384
2.935 39.8639 1999.92 -17217.9
2.94 39.4507 2000 -17039
2.945 39.0151 1999.95 -16850.7
2.95 38.5635 1999.83 -16654.9
2.955 38.0837 1999.88 -16448.7
2.96 37.5814 1999.94 -16232.7
2.965 37.0459 2000.05 -16003.5
2.97 36.4555 2000.29 -15752.2
2.975 35.8333 2000.36 -15484.7
2.98 35.1308 2000.64 -15186.1
2.985 34.3398 2001.24 -14850
2.99 33.4003 2002.05 -14454.2
2.995 32.3345 2002.64 -14005.8
3 31.187 2003.05 -13519
3.005 29.8734 2003.55 -12958.9
3.01 28.3142 2004.51 -12299.7
3.015 26.6602 2004.53 -11590.1
3.02 24.724 2005.49 -10764.7
3.025 22.5338 2006.44 -9832.92
3.03 20.2264 2006.32 -8834.01
3.035 17.8214 2005.57 -7785.19
3.04 15.2638 2004.84 -6672.76
3.045 12.53 2004.38 -5491.11
3.05 9.6247 2004.07 -4238.42
3.055 6.50759 2003.65 -2892.52
3.06 3.14196 2003.71 -1451.65
3.065 -0.284912 2003.64 29.8493
3.07 -3.66772 2002.62 1512.05
3.075 -7.07871 2000.29 2991.24
3.08 -10.3845 1999.16 4445.17
3.085 -13.6843 1999.23 5894.15
3.09 -17.0164 1998.77 7348.9
3.095 -20.338 1998.83 8800
3.1 -23.6521 1998.92 10243.8
3.105 -26.8298 1999.91 11633.6
3.11 -29.6116 2002.16 12868
3.115 -32.2893 2003.43 14039.5
3.12 -34.9143 2003.88 15176.1
3.125 -37.3628 2004.09 16233.1
3.13 -39.7104 2003.92 17254
3.135 -41.8242 2004.88 18182.8
3.14 -43.7709 2005.35 19044.2
3.145 -45.5533 2006.72 19830.1
3.15 -47.0367 2009.2 20494
3.155 -48.3438 2010.56 21061.4
3.16 -49.4899 2010.46 21541
3.165 -50.4868 2008.2 21974.1
3.17 -51.3403 2007.68 22347.5
3.175 -51.925 2007.01 22626.4
3.18 -51.6807 2004.25 22658.3
3.185 -51.1377 2000.02 22507.3
3.19 -50.5576 1997.54 22246.3
3.195 -49.7695 1996.63 21876.3
3.2 -48.9789 1996.53 21470.3
3.205 -47.9975 1995.37 21007.5
3.21 -47.1945 1995.79 20584.4
3.215 -46.7325 1997.89 20280.9
3.22 -46.1445 1998.41 19987.7
3.225 -45.6959 1998.95 19760
3.23 -45.1484 1997.87 19520.6
3.235 -45.0553 1999.06 19427
3.24 -45.1715 2001.13 19437.8
3.245 -45.1752 2001.4 19445.3
3.25 -45.1278 2001.35 19442.1
3.255 -45.0774 2000.54 19432.9
3.26 -45.0101 1999.32 19415.8
3.265 -44.9203 1997.55 19389.4
3.27 -44.8463 1996.85 19364.6
3.275 -44.866 1998.16 19368.3
3.28 -44.8511 1998.15 19365.5
3.285 -44.8346 1998.09 19361.4
3.29 -44.8148 1997.93 19355.7
3.295 -44.79 1997.64 19347.6
3.3 -44.7566 1997.13 19336
3.305 -44.7068 1996.18 19318.2
3.31 -44.5744 1992.04 19272.7
3.315 -44.6839 2010.59 19294.3
3.32 -44.7126 2022.22 19289
3.325 -44.6101 2017.67 19248.9
3.33 -44.5027 2013.75 19208.3
3.335 -44.394 2010.44 19166.2
3.34 -44.2711 2007.05 19118.5
3.345 -44.0545 2000.71 19036.6
