0.1 2.1451e-17 -0.0204074 -9.93101e-20
0.2 4.08044e-17 -0.0410904 -1.88909e-19
0.3 4.35993e-17 -0.0620605 -2.01849e-19
0.4 7.50529e-17 -0.08333 -3.47467e-19
0.5 7.55543e-17 -0.104912 -3.49789e-19
0.6 4.75265e-17 -0.126821 -2.2003e-19
0.7 1.20672e-16 -0.149072 -5.58665e-19
0.8 1.11699e-16 -0.171682 -5.17124e-19
0.9 2.56188e-16 -0.194668 -1.18606e-18
1 1.53284e-17 -0.21805 -7.09649e-20
0.005 -8.79715e-05 -0.21805 3.05457e-07
0.01 -0.000439646 -0.218051 1.52655e-06
0.015 -0.00114235 -0.218052 3.9665e-06
0.02 -0.00219523 -0.218055 7.62232e-06
0.025 -0.00359739 -0.218058 1.24909e-05
0.03 -0.00534792 -0.218062 1.85691e-05
0.035 -0.00744586 -0.218067 2.58535e-05
0.04 -0.00989022 -0.218072 3.43406e-05
0.045 -0.0126799 -0.218079 4.40268e-05
0.05 -0.0158139 -0.218086 5.49082e-05
0.055 -0.019291 -0.218094 6.69808e-05
0.06 -0.0231099 -0.218102 8.02403e-05
0.065 -0.0272694 -0.218112 9.46821e-05
0.07 -0.0317683 -0.218122 0.000110302
0.075 -0.0366051 -0.218133 0.000127094
0.08 -0.0417781 -0.218145 0.000145054
0.085 -0.0472858 -0.218158 0.000164176
0.09 -0.0531266 -0.218171 0.000184453
0.095 -0.059299 -0.218185 0.000205882
0.1 -0.0658018 -0.2182 0.000228457
0.105 -0.0726339 -0.218216 0.000252175
0.11 -0.0797944 -0.218232 0.000277031
0.115 -0.0872823 -0.218249 0.000303025
0.12 -0.0950969 -0.218268 0.000330151
0.125 -0.103237 -0.218286 0.000358407
0.13 -0.111701 -0.218306 0.000387787
0.135 -0.120488 -0.218326 0.000418286
0.14 -0.129596 -0.218348 0.000449898
0.145 -0.139022 -0.21837 0.000482615
0.15 -0.148765 -0.218393 0.000516429
0.155 -0.15882 -0.218416 0.000551329
0.16 -0.169187 -0.218441 0.000587304
0.165 -0.179861 -0.218466 0.000624347
0.17 -0.190841 -0.218492 0.00066245
0.175 -0.202124 -0.218519 0.000701607
0.18 -0.213711 -0.218546 0.000741811
0.185 -0.225599 -0.218575 0.000783062
0.19 -0.237789 -0.218604 0.000825359
0.195 -0.250281 -0.218634 0.0008687
0.2 -0.263072 -0.218665 0.00091308
0.205 -0.276162 -0.218696 0.000958492
0.21 -0.289548 -0.218729 0.00100493
0.215 -0.303226 -0.218762 0.00105238
0.22 -0.317194 -0.218796 0.00110083
0.225 -0.331445 -0.218831 0.00115027
0.23 -0.345976 -0.218867 0.00120067
0.235 -0.360782 -0.218904 0.00125202
0.24 -0.375857 -0.218941 0.00130431
0.245 -0.391197 -0.218979 0.0013575
0.25 -0.406797 -0.219018 0.0014116
0.255 -0.422655 -0.219058 0.00146659
0.26 -0.438771 -0.219099 0.00152248
0.265 -0.455146 -0.21914 0.00157926
0.27 -0.471786 -0.219182 0.00163695
0.275 -0.488692 -0.219225 0.00169556
0.28 -0.505865 -0.219269 0.0017551
0.285 -0.523304 -0.219314 0.00181555
0.29 -0.541005 -0.21936 0.00187691
0.295 -0.558966 -0.219406 0.00193917
0.3 -0.577186 -0.219454 0.00200232
0.305 -0.595662 -0.219502 0.00206635
0.31 -0.61439 -0.219551 0.00213125
0.315 -0.633365 -0.219601 0.00219701
0.32 -0.65258 -0.219652 0.00226359
0.325 -0.672028 -0.219704 0.00233098
0.33 -0.691708 -0.219756 0.00239916
0.335 -0.711621 -0.21981 0.00246815
0.34 -0.731763 -0.219864 0.00253792
0.345 -0.752135 -0.219919 0.00260849
0.35 -0.77273 -0.219975 0.00267983
0.355 -0.793545 -0.220032 0.00275192
0.36 -0.814571 -0.22009 0.00282474
0.365 -0.835806 -0.220149 0.00289827
0.37 -0.857244 -0.220208 0.00297251
0.375 -0.878884 -0.220269 0.00304743
0.38 -0.900722 -0.22033 0.00312304
0.385 -0.922755 -0.220392 0.00319932
0.39 -0.94498 -0.220455 0.00327626
0.395 -0.967394 -0.220519 0.00335384
0.4 -0.989994 -0.220583 0.00343206
0.405 -1.01278 -0.220649 0.00351091
0.41 -1.03574 -0.220715 0.00359037
0.415 -1.05888 -0.220782 0.00367044
0.42 -1.08219 -0.22085 0.0037511
0.425 -1.10567 -0.220919 0.00383234
0.43 -1.12932 -0.220989 0.00391415
0.435 -1.15313 -0.221059 0.00399652
0.44 -1.1771 -0.221131 0.00407944
0.445 -1.20123 -0.221203 0.0041629
0.45 -1.22552 -0.221276 0.00424688
0.455 -1.24995 -0.22135 0.00433137
0.46 -1.27453 -0.221425 0.00441636
0.465 -1.29926 -0.2215 0.00450185
0.47 -1.32413 -0.221577 0.00458781
0.475 -1.34913 -0.221654 0.00467424
0.48 -1.37427 -0.221732 0.00476114
0.485 -1.39956 -0.221811 0.00484853
0.49 -1.42499 -0.221891 0.00493642
0.495 -1.45058 -0.221971 0.00502483
0.5 -1.47632 -0.222053 0.00511378
0.505 -1.50223 -0.222136 0.00520325
0.51 -1.52829 -0.222219 0.00529327
0.515 -1.5545 -0.222304 0.00538383
0.52 -1.58087 -0.222389 0.00547489
0.525 -1.60739 -0.222476 0.00556644
0.53 -1.63404 -0.222563 0.00565846
0.535 -1.66082 -0.222651 0.00575093
0.54 -1.68775 -0.222741 0.00584386
0.545 -1.71479 -0.222831 0.0059372
0.55 -1.74195 -0.222919 0.00603071
0.555 -1.76919 -0.223007 0.00612435
0.56 -1.79649 -0.223094 0.00621814
0.565 -1.82382 -0.223181 0.00631182
0.57 -1.85114 -0.223265 0.00640532
0.575 -1.87845 -0.22335 0.00649876
0.58 -1.90573 -0.223436 0.00659212
0.585 -1.93298 -0.223523 0.00668537
0.59 -1.96021 -0.223609 0.00677846
0.595 -1.98743 -0.223688 0.00687093
0.6 -2.01465 -0.223761 0.00696291
0.605 -2.04188 -0.223835 0.00705492
0.61 -2.06909 -0.223911 0.00714692
0.615 -2.09631 -0.223986 0.00723887
0.62 -2.12351 -0.224054 0.00733047
0.625 -2.15071 -0.224114 0.00742178
0.63 -2.17794 -0.224175 0.00751311
0.635 -2.20519 -0.224222 0.00760376
0.64 -2.23247 -0.224256 0.0076938
0.645 -2.25977 -0.224292 0.00778394
0.65 -2.2871 -0.224329 0.00787418
0.655 -2.31444 -0.224367 0.00796448
0.66 -2.3418 -0.224407 0.00805484
0.665 -2.36916 -0.224448 0.00814523
0.67 -2.39654 -0.224489 0.00823565
0.675 -2.42394 -0.22453 0.00832602
0.68 -2.45135 -0.224546 0.00841568
0.685 -2.4788 -0.224537 0.00850442
0.69 -2.50632 -0.224525 0.00859307
0.695 -2.53392 -0.224515 0.00868202
0.7 -2.56162 -0.224507 0.00877135
0.705 -2.58943 -0.2245 0.00886102
0.71 -2.61732 -0.224495 0.00895096
0.715 -2.64523 -0.224491 0.00904097
0.72 -2.67309 -0.224489 0.00913083
0.725 -2.70083 -0.224487 0.00922027
0.73 -2.72837 -0.224487 0.00930905
0.735 -2.75563 -0.224487 0.00939695
0.74 -2.78259 -0.224468 0.00948331
0.745 -2.80922 -0.224431 0.00956805
0.75 -2.83551 -0.224392 0.00965152
0.755 -2.86147 -0.224351 0.00973376
0.76 -2.88713 -0.224311 0.00981505
0.765 -2.91253 -0.224273 0.00989549
0.77 -2.93769 -0.224236 0.00997519
0.775 -2.96265 -0.224201 0.0100543
0.78 -2.98743 -0.224166 0.0101327
0.785 -3.01205 -0.224133 0.0102107
0.79 -3.0365 -0.2241 0.0102881
0.795 -3.06079 -0.224068 0.010365
0.8 -3.0849 -0.224037 0.0104413
0.805 -3.10886 -0.224007 0.0105172
0.81 -3.13269 -0.223977 0.0105926
0.815 -3.15641 -0.223948 0.0106677
0.82 -3.18006 -0.22392 0.0107425
0.825 -3.20365 -0.223877 0.0108168
0.83 -3.22719 -0.223821 0.0108906
0.835 -3.25073 -0.223765 0.0109644
0.84 -3.2743 -0.22371 0.0110383
0.845 -3.2979 -0.223655 0.0111123
0.85 -3.32157 -0.223601 0.0111864
0.855 -3.34531 -0.223545 0.0112607
0.86 -3.36913 -0.223485 0.011335
0.865 -3.39301 -0.223424 0.0114094
0.87 -3.41695 -0.223361 0.0114839
0.875 -3.44092 -0.223296 0.0115584
0.88 -3.46491 -0.223232 0.0116329
0.885 -3.48888 -0.223169 0.0117074
0.89 -3.51278 -0.223106 0.0117816
0.895 -3.53653 -0.223045 0.0118554
0.9 -3.56002 -0.222984 0.0119283
0.905 -3.58314 -0.222925 0.0120002
0.91 -3.60578 -0.222867 0.0120704
0.915 -3.62783 -0.222805 0.0121386
0.92 -3.64919 -0.222739 0.0122043
0.925 -3.66982 -0.222676 0.0122678
0.93 -3.68968 -0.222616 0.0123289
0.935 -3.7088 -0.222558 0.0123877
0.94 -3.72723 -0.222503 0.0124445
0.945 -3.74505 -0.22245 0.0124993
0.95 -3.76235 -0.222391 0.0125524
0.955 -3.77923 -0.222327 0.0126041
0.96 -3.79576 -0.222264 0.0126547
0.965 -3.81201 -0.222203 0.0127045
0.97 -3.82803 -0.222142 0.0127535
0.975 -3.84391 -0.222083 0.0128022
0.98 -3.85969 -0.222024 0.0128505
0.985 -3.87542 -0.221966 0.0128986
0.99 -3.89113 -0.221902 0.0129465
0.995 -3.90687 -0.221835 0.0129942
1 -3.92263 -0.221768 0.0130421
1.005 -3.93839 -0.221701 0.0130899
1.01 -3.95409 -0.221635 0.0131376
1.015 -3.96968 -0.22157 0.0131849
1.02 -3.98505 -0.221504 0.0132314
1.025 -4.0001 -0.221437 0.0132769
1.03 -4.01475 -0.221373 0.0133212
1.035 -4.02896 -0.22131 0.0133642
1.04 -4.0427 -0.22125 0.0134057
1.045 -4.05603 -0.221192 0.013446
1.05 -4.06899 -0.221135 0.0134851
1.055 -4.08163 -0.22108 0.0135233
1.06 -4.094 -0.221026 0.0135607
1.065 -4.10613 -0.220973 0.0135973
1.07 -4.11807 -0.220921 0.0136334
1.075 -4.12986 -0.22087 0.013669
1.08 -4.14152 -0.220815 0.013704
1.085 -4.15304 -0.220757 0.0137384
1.09 -4.16436 -0.2207 0.0137722
1.095 -4.17543 -0.220644 0.0138053
1.1 -4.18615 -0.22059 0.0138373
1.105 -4.19641 -0.220539 0.0138679
1.11 -4.20609 -0.22049 0.0138968
1.115 -4.21507 -0.220445 0.0139236
1.12 -4.22329 -0.220403 0.0139481
1.125 -4.23068 -0.220366 0.0139702
1.13 -4.2372 -0.220333 0.0139896
1.135 -4.24286 -0.220305 0.0140065
1.14 -4.24773 -0.22028 0.014021
1.145 -4.25185 -0.220259 0.0140333
1.15 -4.2553 -0.220242 0.0140435
1.155 -4.25811 -0.220228 0.0140519
1.16 -4.26034 -0.220217 0.0140586
1.165 -4.26203 -0.220208 0.0140636
1.17 -4.26319 -0.220202 0.0140671
1.175 -4.26387 -0.220199 0.0140691
1.18 -4.26414 -0.220197 0.0140699
1.185 -4.26408 -0.220198 0.0140697
1.19 -4.26376 -0.2202 0.0140687
1.195 -4.26326 -0.220205 0.0140672
1.2 -4.26265 -0.22021 0.0140653
1.205 -4.26198 -0.220216 0.0140633
1.21 -4.26129 -0.220223 0.0140612
1.215 -4.26061 -0.220229 0.0140591
1.22 -4.2599 -0.220235 0.0140569
1.225 -4.2591 -0.220242 0.0140544
1.23 -4.25813 -0.220251 0.0140515
1.235 -4.25691 -0.220262 0.0140477
1.24 -4.25532 -0.220276 0.0140429
1.245 -4.25328 -0.220295 0.0140366
1.25 -4.25073 -0.220318 0.0140288
1.255 -4.24764 -0.220346 0.0140194
1.26 -4.24397 -0.220379 0.0140081
1.265 -4.23974 -0.220417 0.0139952
1.27 -4.23494 -0.22046 0.0139805
1.275 -4.22956 -0.220508 0.013964
1.28 -4.22357 -0.220562 0.0139457
1.285 -4.21697 -0.220622 0.0139255
1.29 -4.20974 -0.220687 0.0139033
1.295 -4.20189 -0.220757 0.0138793
1.3 -4.19341 -0.220834 0.0138533
1.305 -4.18435 -0.220916 0.0138256
1.31 -4.17471 -0.221002 0.0137961
1.315 -4.16455 -0.221094 0.013765
1.32 -4.15389 -0.22119 0.0137323
1.325 -4.14276 -0.221291 0.0136983
1.33 -4.13119 -0.221395 0.0136628
1.335 -4.11922 -0.221499 0.013626
1.34 -4.10688 -0.221603 0.0135879
1.345 -4.09421 -0.221709 0.0135487
1.35 -4.08123 -0.221819 0.0135086
1.355 -4.06801 -0.221931 0.0134678
1.36 -4.05461 -0.222044 0.0134264
1.365 -4.04113 -0.222158 0.0133847
1.37 -4.02766 -0.222272 0.0133431
1.375 -4.01428 -0.222385 0.0133018
1.38 -4.00109 -0.222497 0.0132611
1.385 -3.98814 -0.222607 0.0132211
1.39 -3.9755 -0.222712 0.013182
1.395 -3.9632 -0.222814 0.0131439
1.4 -3.95125 -0.222913 0.0131068
1.405 -3.93961 -0.223009 0.0130707
1.41 -3.92822 -0.223103 0.0130354
1.415 -3.91698 -0.223196 0.0130006
1.42 -3.90577 -0.223288 0.0129659
1.425 -3.89447 -0.223382 0.0129309
1.43 -3.88294 -0.223477 0.0128951
1.435 -3.87108 -0.223571 0.0128582
1.44 -3.85886 -0.223665 0.01282
1.445 -3.84621 -0.223763 0.0127804
1.45 -3.83309 -0.223865 0.0127395
1.455 -3.81948 -0.223971 0.0126969
1.46 -3.80535 -0.224081 0.0126528
1.465 -3.79068 -0.224189 0.0126068
1.47 -3.77545 -0.224295 0.012559
1.475 -3.75966 -0.224405 0.0125094
1.48 -3.74333 -0.224519 0.0124582
1.485 -3.72647 -0.224637 0.0124052
1.49 -3.70907 -0.224759 0.0123506
1.495 -3.69111 -0.224886 0.0122943
1.5 -3.67256 -0.225016 0.012236
1.505 -3.6534 -0.225151 0.0121759
1.51 -3.63365 -0.225289 0.0121139
1.515 -3.61334 -0.225426 0.0120498
1.52 -3.59257 -0.225561 0.0119841
1.525 -3.57141 -0.225699 0.0119171
1.53 -3.54995 -0.225839 0.0118491
1.535 -3.52829 -0.225981 0.0117806
1.54 -3.50651 -0.226123 0.0117117
1.545 -3.48467 -0.226267 0.0116426
1.55 -3.46282 -0.22641 0.0115734
1.555 -3.44096 -0.226553 0.0115043
1.56 -3.41909 -0.226695 0.011435
1.565 -3.39712 -0.226835 0.0113653
1.57 -3.37499 -0.226975 0.011295
1.575 -3.35262 -0.227114 0.0112237
1.58 -3.32994 -0.227254 0.0111515
1.585 -3.30693 -0.227395 0.0110781
1.59 -3.28358 -0.227538 0.0110036
1.595 -3.25992 -0.227669 0.0109278
1.6 -3.23594 -0.227788 0.0108506
1.605 -3.2117 -0.227909 0.0107726
1.61 -3.18725 -0.228031 0.0106939
1.615 -3.16265 -0.228155 0.0106148
1.62 -3.13797 -0.228279 0.0105354
1.625 -3.11324 -0.228404 0.0104559
1.63 -3.08851 -0.228529 0.0103763
1.635 -3.06378 -0.228654 0.0102968
1.64 -3.03904 -0.228779 0.0102172
1.645 -3.01427 -0.228904 0.0101376
1.65 -2.98941 -0.22903 0.0100576
1.655 -2.96439 -0.229157 0.0099772
1.66 -2.93911 -0.229286 0.00989592
1.665 -2.91348 -0.229416 0.00981349
1.67 -2.8874 -0.229548 0.00972964
1.675 -2.86083 -0.229681 0.00964415
1.68 -2.83376 -0.229793 0.00955618
1.685 -2.80618 -0.229887 0.00946585
1.69 -2.77814 -0.229983 0.009374
1.695 -2.74965 -0.230082 0.00928076
1.7 -2.72076 -0.230183 0.00918623
1.705 -2.69148 -0.230286 0.00909045
1.71 -2.66179 -0.230391 0.00899336
1.715 -2.63165 -0.230498 0.00889479
1.72 -2.60101 -0.230608 0.00879463
1.725 -2.56988 -0.230719 0.00869286
1.73 -2.53828 -0.230832 0.00858959
1.735 -2.50631 -0.230944 0.00848496
1.74 -2.4741 -0.231024 0.00837819
1.745 -2.44181 -0.231077 0.00827004
1.75 -2.40966 -0.231131 0.0081624
1.755 -2.37785 -0.231186 0.00805598
1.76 -2.34657 -0.231241 0.00795134
1.765 -2.31593 -0.231296 0.00784889
1.77 -2.286 -0.23135 0.00774882
1.775 -2.25681 -0.231395 0.00765095
1.78 -2.22836 -0.231432 0.00755529
1.785 -2.20063 -0.231462 0.0074616
1.79 -2.17357 -0.231479 0.00736942
1.795 -2.1471 -0.231488 0.00727901
1.8 -2.12117 -0.231499 0.00719049
1.805 -2.09571 -0.23151 0.0071036
1.81 -2.07065 -0.231521 0.00701808
1.815 -2.04591 -0.231533 0.00693369
1.82 -2.02145 -0.231544 0.00685028
1.825 -1.99726 -0.231557 0.00676778
1.83 -1.97331 -0.231568 0.00668606
1.835 -1.94956 -0.231574 0.00660456
1.84 -1.92595 -0.231575 0.00652315
1.845 -1.90245 -0.231576 0.00644213
1.85 -1.87903 -0.231578 0.00636139
1.855 -1.85566 -0.23158 0.00628089
1.86 -1.83234 -0.231582 0.00620055
1.865 -1.80901 -0.231585 0.0061202
1.87 -1.78563 -0.231586 0.00603954
1.875 -1.76218 -0.231585 0.00595846
1.88 -1.73863 -0.231584 0.00587709
1.885 -1.71498 -0.231582 0.00579522
1.89 -1.69121 -0.231579 0.0057128
1.895 -1.66728 -0.231575 0.00562985
1.9 -1.64316 -0.231572 0.00554626
1.905 -1.6188 -0.231569 0.00546183
1.91 -1.59418 -0.231566 0.00537649
1.915 -1.56933 -0.231563 0.00529036
1.92 -1.54433 -0.23156 0.00520376
1.925 -1.51931 -0.231557 0.00511707
1.93 -1.49438 -0.231554 0.00503069
1.935 -1.46964 -0.231552 0.00494497
1.94 -1.44519 -0.231549 0.00486023
1.945 -1.42108 -0.231547 0.00477672
1.95 -1.39737 -0.231545 0.00469458
1.955 -1.37406 -0.231543 0.00461382
1.96 -1.35111 -0.231541 0.00453431
1.965 -1.32847 -0.231539 0.00445588
1.97 -1.30608 -0.231537 0.00437832
1.975 -1.28389 -0.231535 0.00430143
1.98 -1.26186 -0.231533 0.00422511
1.985 -1.23998 -0.231532 0.00414932
1.99 -1.21826 -0.23153 0.00407407
1.995 -1.19669 -0.231528 0.00399937
2 -1.17529 -0.231527 0.00392521
2.005 -1.15404 -0.231525 0.00385161
2.01 -1.13294 -0.231524 0.00377853
2.015 -1.11196 -0.231523 0.00370583
2.02 -1.09103 -0.231522 0.00363333
2.025 -1.07009 -0.231521 0.00356082
2.03 -1.04912 -0.231521 0.00348817
2.035 -1.02811 -0.23152 0.0034154
2.04 -1.00712 -0.23152 0.00334269
2.045 -0.986227 -0.231519 0.00327031
2.05 -0.965508 -0.231519 0.00319854
2.055 -0.945045 -0.231518 0.00312766
2.06 -0.924902 -0.231518 0.00305788
2.065 -0.905094 -0.231518 0.00298927
2.07 -0.885584 -0.231519 0.00292169
2.075 -0.866305 -0.23152 0.00285492
2.08 -0.847205 -0.231521 0.00278877
2.085 -0.828252 -0.231522 0.00272312
2.09 -0.809449 -0.231523 0.002658
2.095 -0.790815 -0.231524 0.00259346
2.1 -0.772385 -0.231526 0.00252963
2.105 -0.754224 -0.231528 0.00246673
2.11 -0.736433 -0.231531 0.00240513
2.115 -0.719142 -0.231534 0.00234525
2.12 -0.702476 -0.231538 0.00228754
2.125 -0.686544 -0.231542 0.00223236
2.13 -0.67144 -0.231545 0.00218004
2.135 -0.657227 -0.231549 0.00213081
2.14 -0.643934 -0.231553 0.00208477
2.145 -0.631536 -0.231558 0.00204184
2.15 -0.619969 -0.231562 0.00200178
2.155 -0.609134 -0.231567 0.00196425
2.16 -0.598913 -0.231571 0.00192885
2.165 -0.58918 -0.231576 0.00189514
2.17 -0.579801 -0.23158 0.00186265
2.175 -0.570634 -0.231585 0.0018309
2.18 -0.561522 -0.231591 0.00179933
2.185 -0.552305 -0.231597 0.0017674
2.19 -0.542834 -0.231604 0.00173459
2.195 -0.532984 -0.231611 0.00170047
2.2 -0.522674 -0.231618 0.00166475
2.205 -0.511867 -0.231625 0.00162732
2.21 -0.500574 -0.231633 0.0015882
2.215 -0.488849 -0.231641 0.00154758
2.22 -0.47681 -0.231649 0.00150587
2.225 -0.464639 -0.231658 0.00146368
2.23 -0.452568 -0.231667 0.00142184
2.235 -0.440834 -0.231676 0.00138116
2.24 -0.42965 -0.231685 0.00134239
2.245 -0.419189 -0.231694 0.00130612
2.25 -0.409574 -0.231703 0.00127277
2.255 -0.400867 -0.231711 0.00124254
2.26 -0.393065 -0.231719 0.00121545
2.265 -0.386104 -0.231726 0.00119127
2.27 -0.379876 -0.231733 0.0011696
2.275 -0.374265 -0.23174 0.00115006
2.28 -0.369189 -0.231746 0.00113237
2.285 -0.364631 -0.231751 0.00111648
2.29 -0.360641 -0.231756 0.00110257
2.295 -0.357303 -0.23176 0.00109093
2.3 -0.354701 -0.231763 0.00108187
2.305 -0.352904 -0.231766 0.0010756
2.31 -0.35196 -0.231767 0.0010723
2.315 -0.351893 -0.231768 0.00107206
2.32 -0.352696 -0.231767 0.00107486
2.325 -0.354333 -0.231766 0.00108054
2.33 -0.356745 -0.231767 0.00108889
2.335 -0.359869 -0.231768 0.00109971
2.34 -0.36364 -0.231769 0.00111276
2.345 -0.367992 -0.231769 0.00112784
2.35 -0.372852 -0.23177 0.00114467
2.355 -0.378129 -0.231771 0.00116295
2.36 -0.383703 -0.231772 0.00118226
2.365 -0.389409 -0.231773 0.00120203
2.37 -0.395037 -0.231774 0.00122153
2.375 -0.400346 -0.231774 0.00123992
2.38 -0.405105 -0.231775 0.00125641
2.385 -0.409123 -0.231776 0.00127033
2.39 -0.412253 -0.231776 0.00128117
2.395 -0.414381 -0.231776 0.00128854
2.4 -0.415428 -0.231777 0.00129217
2.405 -0.415361 -0.231777 0.00129194
2.41 -0.414194 -0.231776 0.00128789
2.415 -0.411975 -0.231776 0.00128021
2.42 -0.408769 -0.231776 0.0012691
2.425 -0.404643 -0.231775 0.0012548
2.43 -0.39966 -0.231775 0.00123754
2.435 -0.393856 -0.231774 0.00121743
2.44 -0.387229 -0.231773 0.00119447
2.445 -0.379763 -0.231772 0.0011686
2.45 -0.371444 -0.231771 0.00113978
2.455 -0.362255 -0.23177 0.00110795
2.46 -0.352162 -0.231768 0.00107298
2.465 -0.341111 -0.231768 0.00103467
2.47 -0.329037 -0.23178 0.000992636
2.475 -0.315887 -0.231804 0.00094665
2.48 -0.30163 -0.231829 0.000896764
2.485 -0.28627 -0.231857 0.000843046
2.49 -0.269824 -0.231887 0.000785602
2.495 -0.252303 -0.231919 0.000724454
2.5 -0.233685 -0.231956 0.000659555
2.505 -0.213907 -0.231997 0.000590742
2.51 -0.192868 -0.232043 0.000517666
2.515 -0.170436 -0.232093 0.000439824
2.52 -0.146477 -0.232147 0.000356722
2.525 -0.120881 -0.232205 0.000267993
2.53 -0.0935691 -0.232268 0.000173377
2.535 -0.0644702 -0.232336 7.26307e-05
2.54 -0.033503 -0.232408 -3.45825e-05
2.545 -0.000558084 -0.232485 -0.000148638
2.55 0.0345042 -0.232568 -0.000270016
2.555 0.0718403 -0.232657 -0.000399256
2.56 0.111615 -0.232753 -0.000536923
2.565 0.154001 -0.232855 -0.000683616
2.57 0.19918 -0.232966 -0.000839951
2.575 0.247307 -0.233085 -0.00100647
2.58 0.298492 -0.233214 -0.00118354
2.585 0.352787 -0.233351 -0.00137133
2.59 0.410204 -0.233499 -0.00156989
2.595 0.470701 -0.233656 -0.00177906
2.6 0.534172 -0.233824 -0.00199847
2.605 0.600471 -0.234002 -0.00222761
2.61 0.669454 -0.23419 -0.00246597
2.615 0.740988 -0.234388 -0.00271307
2.62 0.814934 -0.234596 -0.00296839
2.625 0.891138 -0.234806 -0.00323088
2.63 0.969426 -0.235015 -0.00349958
2.635 1.04961 -0.235228 -0.00377432
2.64 1.13151 -0.235449 -0.00405483
2.645 1.21496 -0.235657 -0.004339
2.65 1.29981 -0.235829 -0.00462548
2.655 1.38594 -0.235961 -0.00491445
2.66 1.47324 -0.236075 -0.00520627
2.665 1.56165 -0.236175 -0.00550025
2.67 1.65116 -0.236255 -0.00579618
2.675 1.74174 -0.236265 -0.00609307
2.68 1.83342 -0.236196 -0.00639017
2.685 1.92624 -0.236121 -0.00668989
2.69 2.0202 -0.236051 -0.00699309
2.695 2.11525 -0.235914 -0.0072977
2.7 2.21129 -0.235719 -0.00760358
2.705 2.3082 -0.235522 -0.00791136
2.71 2.40581 -0.235324 -0.00822048
2.715 2.504 -0.235137 -0.00853118
2.72 2.60264 -0.234899 -0.00884169
2.725 2.70166 -0.234612 -0.00915178
2.73 2.801 -0.234337 -0.00946261
2.735 2.90062 -0.234063 -0.00977366
2.74 3.00057 -0.233769 -0.0100841
2.745 3.10097 -0.233463 -0.0103947
2.75 3.20205 -0.23316 -0.0107073
2.755 3.30408 -0.232772 -0.0110211
2.76 3.40742 -0.232305 -0.0113373
2.765 3.51253 -0.23184 -0.0116587
2.77 3.61993 -0.231328 -0.011986
2.775 3.73018 -0.230752 -0.0123201
2.78 3.84389 -0.230147 -0.0126631
2.785 3.96163 -0.229475 -0.0130154
2.79 4.08396 -0.228728 -0.0133783
2.795 4.21132 -0.227869 -0.0137526
2.8 4.34408 -0.226835 -0.0141385
2.805 4.48254 -0.225625 -0.0145358
2.81 4.62692 -0.224292 -0.0149454
2.815 4.77731 -0.222856 -0.0153687
2.82 4.93377 -0.221284 -0.0158083
2.825 5.0963 -0.219518 -0.0162635
2.83 5.26489 -0.217581 -0.0167314
2.835 5.43947 -0.215582 -0.0172133
2.84 5.61994 -0.213518 -0.0177082
2.845 5.80617 -0.211296 -0.0182141
2.85 5.99796 -0.208923 -0.0187295
2.855 6.19513 -0.206463 -0.0192515
2.86 6.39745 -0.203895 -0.0197755
2.865 6.60474 -0.201257 -0.0203035
2.87 6.81679 -0.198537 -0.0208363
2.875 7.03343 -0.195704 -0.0213727
2.88 7.25451 -0.192836 -0.0219111
2.885 7.4798 -0.190006 -0.0224436
2.89 7.70896 -0.187148 -0.0229681
2.895 7.94154 -0.18427 -0.0234888
2.9 8.17692 -0.181489 -0.0240049
2.905 8.4144 -0.178796 -0.0245171
2.91 8.65318 -0.176119 -0.0250294
2.915 8.89238 -0.173486 -0.0255398
2.92 9.13107 -0.170977 -0.0260442
2.925 9.36829 -0.168511 -0.0265417
2.93 9.60307 -0.16606 -0.027033
2.935 9.83446 -0.163679 -0.0275172
2.94 10.0616 -0.161382 -0.0279925
2.945 10.284 -0.159197 -0.0284566
2.95 10.5011 -0.157106 -0.0289095
2.955 10.7126 -0.155098 -0.0293512
2.96 10.9187 -0.15318 -0.0297821
2.965 11.1195 -0.151203 -0.0302128
2.97 11.3155 -0.149144 -0.0306443
2.975 11.5075 -0.146947 -0.0310792
2.98 11.6967 -0.144617 -0.0315184
2.985 11.8843 -0.142326 -0.031953
2.99 12.0717 -0.140056 -0.0323863
2.995 12.2599 -0.137793 -0.032821
3 12.45 -0.135523 -0.0332594
3.005 12.6427 -0.13324 -0.0337032
3.01 12.8385 -0.130935 -0.0341538
3.015 13.038 -0.128604 -0.0346124
3.02 13.2414 -0.12626 -0.0350799
3.025 13.4491 -0.123828 -0.0355595
3.03 13.6612 -0.12129 -0.0360516
3.035 13.8777 -0.118713 -0.0365537
3.04 14.0988 -0.116097 -0.0370659
3.045 14.3244 -0.113442 -0.0375885
3.05 14.5546 -0.110752 -0.0381213
3.055 14.7893 -0.10805 -0.0386643
3.06 15.0286 -0.105333 -0.0392172
3.065 15.2722 -0.10258 -0.0397803
3.07 15.5203 -0.0998073 -0.0403531
3.075 15.7728 -0.0970133 -0.0409359
3.08 16.0296 -0.0941802 -0.0415286
3.085 16.2907 -0.0912988 -0.0421315
3.09 16.5561 -0.0883 -0.0427459
3.095 16.8255 -0.0851964 -0.0433715
3.1 17.0989 -0.0820618 -0.0440058
3.105 17.3758 -0.0788994 -0.0446483
3.11 17.6559 -0.0757135 -0.0452982
3.115 17.9389 -0.0725093 -0.0459545
3.12 18.2241 -0.069293 -0.0466159
3.125 18.5111 -0.0660715 -0.0472812
3.13 18.7992 -0.0628514 -0.0479492
3.135 19.088 -0.0596393 -0.0486186
3.14 19.377 -0.0564411 -0.0492883
3.145 19.6658 -0.0532622 -0.0499573
3.15 19.9539 -0.050107 -0.0506249
3.155 20.2412 -0.0469798 -0.0512903
3.16 20.5272 -0.0438845 -0.0519528
3.165 20.8118 -0.0408248 -0.0526118
3.17 21.0947 -0.0378035 -0.0532669
3.175 21.3759 -0.0348264 -0.0539178
3.18 21.6554 -0.0319247 -0.0545645
3.185 21.9335 -0.0290191 -0.0552086
3.19 22.2106 -0.0260641 -0.0558512
3.195 22.4876 -0.0231156 -0.0564934
3.2 22.765 -0.020166 -0.0571367
3.205 23.0436 -0.0172086 -0.0577827
3.21 23.324 -0.0142378 -0.0584327
3.215 23.6065 -0.0112488 -0.0590877
3.22 23.8916 -0.00823768 -0.0597488
3.225 24.1798 -0.00520076 -0.0604168
3.23 24.4712 -0.00213507 -0.0610925
3.235 24.7663 0.000962039 -0.0617765
3.24 25.0653 0.00409277 -0.0624695
3.245 25.3683 0.00725863 -0.0631718
3.25 25.6754 0.0104602 -0.0638839
3.255 25.9868 0.0136971 -0.0646056
3.26 26.3023 0.0169676 -0.0653369
3.265 26.6217 0.0202683 -0.066077
3.27 26.9444 0.0235935 -0.0668249
3.275 27.2698 0.0269357 -0.067579
3.28 27.5972 0.0302866 -0.0683378
3.285 27.9259 0.0336386 -0.0690995
3.29 28.2552 0.0369846 -0.0698627
3.295 28.5847 0.0403183 -0.0706262
3.3 28.9138 0.0436332 -0.0713886
3.305 29.2418 0.0469228 -0.0721486
3.31 29.5682 0.0501807 -0.0729048
3.315 29.8924 0.0534007 -0.0736559
3.32 30.2138 0.0565764 -0.0744005
3.325 30.5318 0.0597011 -0.0751372
3.33 30.8458 0.0627679 -0.0758644
3.335 31.1551 0.0657699 -0.0765807
3.34 31.4589 0.0687003 -0.0772843
3.345 31.7566 0.0715522 -0.0779738
3.35 32.0476 0.0743198 -0.0786476
3.355 32.3313 0.076998 -0.0793046
3.36 32.6073 0.0795827 -0.0799436
3.365 32.8751 0.0820702 -0.0805636
3.37 33.1343 0.0844568 -0.0811636
3.375 33.3844 0.0867377 -0.0817425
3.38 33.6249 0.0887982 -0.0822989
3.385 33.8552 0.0905506 -0.0828314
3.39 34.0746 0.0921246 -0.0833387
3.395 34.2827 0.0936944 -0.08382
3.4 34.4789 0.0952389 -0.0842739
3.405 34.6627 0.0966685 -0.0846995
3.41 34.834 0.097984 -0.0850959
3.415 34.9926 0.0991861 -0.0854628
3.42 35.1383 0.100277 -0.0857999
3.425 35.2713 0.101258 -0.0861075
3.43 35.3917 0.102136 -0.0863861
3.435 35.5001 0.102915 -0.0866368
3.44 35.5971 0.103605 -0.0868613
3.445 35.6838 0.104213 -0.0870618
3.45 35.7611 0.104754 -0.0872406
3.455 35.8301 0.105305 -0.0874005
3.46 35.8919 0.105864 -0.0875439
3.465 35.9476 0.106366 -0.0876729
3.47 35.9981 0.106819 -0.08779
3.475 36.0443 0.107234 -0.0878974
3.48 36.0873 0.107617 -0.087997
3.485 36.1278 0.107978 -0.088091
3.49 36.1666 0.108322 -0.0881809
3.495 36.2043 0.108657 -0.0882683
3.5 36.2415 0.108985 -0.0883546
3.505 36.2786 0.109313 -0.0884407
3.51 36.3162 0.109643 -0.0885277
3.515 36.3544 0.109979 -0.0886163
3.52 36.3935 0.110322 -0.088707
3.525 36.4337 0.110674 -0.0888002
3.53 36.4749 0.111034 -0.0888958
3.535 36.5171 0.111402 -0.0889935
3.54 36.56 0.111775 -0.089093
3.545 36.6034 0.112153 -0.0891938
3.55 36.6474 0.112535 -0.0892957
3.555 36.6917 0.112919 -0.0893984
3.56 36.7363 0.113305 -0.0895019
3.565 36.7812 0.113692 -0.0896059
3.57 36.8262 0.11408 -0.0897103
3.575 36.8712 0.114468 -0.0898147
3.58 36.9162 0.114854 -0.089919
3.585 36.9611 0.115238 -0.090023
3.59 37.0058 0.11562 -0.0901266
3.595 37.0502 0.116 -0.0902297
3.6 37.0944 0.116377 -0.0903321
3.605 37.1382 0.116749 -0.0904336
3.61 37.1815 0.117116 -0.090534
3.615 37.2241 0.117477 -0.0906328
3.62 37.266 0.117831 -0.0907298
3.625 37.307 0.118177 -0.0908249
3.63 37.3471 0.118515 -0.0909179
3.635 37.3862 0.118843 -0.0910086
3.64 37.4243 0.119163 -0.091097
3.645 37.4614 0.119474 -0.091183
3.65 37.4976 0.119775 -0.0912667
3.655 37.5328 0.120069 -0.0913484
3.66 37.5674 0.120357 -0.0914285
3.665 37.6016 0.120641 -0.0915079
3.67 37.6359 0.120926 -0.0915874
3.675 37.6706 0.121213 -0.0916679
3.68 37.7061 0.121506 -0.0917501
3.685 37.7426 0.121807 -0.0918347
3.69 37.7804 0.122118 -0.0919223
3.695 37.8197 0.12244 -0.0920135
3.7 37.8608 0.122777 -0.0921088
3.705 37.9039 0.123129 -0.0922087
3.71 37.9493 0.123499 -0.0923139
3.715 37.9971 0.123886 -0.0924246
3.72 38.0473 0.124293 -0.092541
3.725 38.1001 0.124719 -0.0926633
3.73 38.1554 0.125163 -0.0927915
3.735 38.213 0.125625 -0.0929252
3.74 38.2729 0.126102 -0.093064
3.745 38.3346 0.126591 -0.093207
3.75 38.3977 0.127089 -0.0933532
3.755 38.4618 0.127592 -0.0935017
3.76 38.5265 0.128099 -0.0936518
3.765 38.5917 0.128673 -0.093803
3.77 38.6573 0.129309 -0.0939553
3.775 38.7233 0.129947 -0.0941084
3.78 38.7897 0.130586 -0.0942627
3.785 38.8568 0.131231 -0.0944186
3.79 38.9249 0.131882 -0.0945767
3.795 38.9943 0.132544 -0.0947377
3.8 39.0654 0.13322 -0.0949027
3.805 39.1385 0.133915 -0.0950726
3.81 39.2143 0.134632 -0.0952485
3.815 39.2931 0.135377 -0.0954314
3.82 39.3754 0.136153 -0.0956224
3.825 39.4616 0.136954 -0.0958227
3.83 39.5523 0.137785 -0.0960332
3.835 39.6479 0.138659 -0.0962552
3.84 39.7488 0.139581 -0.0964894
3.845 39.8554 0.140554 -0.0967367
3.85 39.968 0.141581 -0.0969981
3.855 40.087 0.142664 -0.0972744
3.86 40.2127 0.143806 -0.0975661
3.865 40.3453 0.145009 -0.0978739
3.87 40.485 0.146274 -0.0981981
3.875 40.6322 0.147603 -0.0985398
3.88 40.7873 0.149002 -0.0988999
3.885 40.9508 0.150472 -0.0992794
3.89 41.1229 0.152014 -0.0996788
3.895 41.3035 0.153628 -0.100098
3.9 41.4923 0.15531 -0.100536
3.905 41.6889 0.157054 -0.100993
3.91 41.8927 0.158854 -0.101466
3.915 42.1032 0.160705 -0.101954
3.92 42.3198 0.1626 -0.102457
3.925 42.5418 0.164531 -0.102972
3.93 42.7682 0.166489 -0.103498
3.935 42.9982 0.168464 -0.104032
3.94 43.2307 0.170457 -0.104571
3.945 43.4651 0.172667 -0.105116
3.95 43.7005 0.175081 -0.105663
3.955 43.9362 0.177489 -0.10621
3.96 44.1713 0.179884 -0.106756
3.965 44.4051 0.18226 -0.107299
3.97 44.637 0.184611 -0.107838
3.975 44.8663 0.186932 -0.108371
3.98 45.0924 0.189216 -0.108896
3.985 45.3147 0.191459 -0.109413
3.99 45.5327 0.193655 -0.109919
3.995 45.7458 0.195798 -0.110414
4 45.9536 0.197886 -0.110897
4.005 46.1556 0.199913 -0.111366
4.01 46.3514 0.201875 -0.111821
4.015 46.5406 0.20377 -0.112261
4.02 46.7231 0.205596 -0.112684
4.025 46.8987 0.207351 -0.113092
4.03 47.0672 0.209034 -0.113484
4.035 47.2285 0.210643 -0.113858
4.04 47.3824 0.212177 -0.114216
4.045 47.5288 0.213636 -0.114556
4.05 47.6675 0.215017 -0.114878
4.055 47.7984 0.216318 -0.115182
4.06 47.9212 0.217539 -0.115468
4.065 48.0358 0.218677 -0.115734
4.07 48.1418 0.21973 -0.11598
4.075 48.2393 0.220697 -0.116207
4.08 48.3279 0.221576 -0.116413
4.085 48.4077 0.222367 -0.116598
4.09 48.4787 0.22307 -0.116763
4.095 48.5409 0.223686 -0.116907
4.1 48.5945 0.224217 -0.117032
4.105 48.6397 0.224663 -0.117137
4.11 48.6765 0.225027 -0.117222
4.115 48.705 0.22531 -0.117289
4.12 48.7256 0.225513 -0.117336
4.125 48.7382 0.225638 -0.117366
4.13 48.7431 0.225686 -0.117377
4.135 48.7404 0.225659 -0.117371
4.14 48.7304 0.225554 -0.117344
4.145 48.7131 0.225374 -0.117295
4.15 48.6889 0.22512 -0.117227
4.155 48.6579 0.224795 -0.11714
4.16 48.6205 0.224403 -0.117035
4.165 48.5769 0.223944 -0.116914
4.17 48.5273 0.223422 -0.116775
4.175 48.4722 0.22284 -0.116622
4.18 48.4118 0.222199 -0.116454
4.185 48.3467 0.221502 -0.116273
4.19 48.2773 0.220757 -0.116082
4.195 48.2043 0.219981 -0.115882
4.2 48.1283 0.219212 -0.115675
4.205 48.0502 0.218443 -0.115464
4.21 47.9708 0.217649 -0.11525
4.215 47.8909 0.216837 -0.115035
4.22 47.8111 0.216015 -0.114822
4.225 47.7319 0.215189 -0.114611
4.23 47.654 0.214364 -0.114405
4.235 47.5777 0.213547 -0.114203
4.24 47.5035 0.212742 -0.114008
4.245 47.4317 0.211955 -0.11382
4.25 47.3627 0.21119 -0.11364
4.255 47.2967 0.210452 -0.113468
4.26 47.2339 0.209755 -0.113306
4.265 47.1745 0.2091 -0.113153
4.27 47.1186 0.208479 -0.113009
4.275 47.0664 0.207893 -0.112875
4.28 47.018 0.207339 -0.112751
4.285 46.9734 0.20682 -0.112637
4.29 46.9327 0.206343 -0.112534
4.295 46.8961 0.205911 -0.112441
4.3 46.8637 0.205526 -0.112359
4.305 46.8355 0.205189 -0.112287
4.31 46.8116 0.204904 -0.112227
4.315 46.7923 0.204673 -0.112178
4.32 46.7776 0.204497 -0.112141
4.325 46.7674 0.204374 -0.112115
4.33 46.7618 0.204306 -0.112101
4.335 46.7606 0.204291 -0.112098
4.34 46.7639 0.204328 -0.112107
4.345 46.7715 0.204397 -0.112127
4.35 46.7834 0.204493 -0.112161
4.355 46.7996 0.204624 -0.112206
4.36 46.8198 0.204793 -0.112262
4.365 46.8439 0.204998 -0.112328
4.37 46.8715 0.205234 -0.112405
4.375 46.9023 0.205497 -0.11249
4.38 46.9358 0.205783 -0.112583
4.385 46.9713 0.206087 -0.112681
4.39 47.0081 0.206403 -0.112783
4.395 47.0458 0.206726 -0.112887
4.4 47.0838 0.207054 -0.112992
4.405 47.1218 0.207396 -0.113097
4.41 47.1593 0.207746 -0.113201
4.415 47.1962 0.20809 -0.113303
4.42 47.2322 0.208427 -0.113402
4.425 47.267 0.208754 -0.113499
4.43 47.3007 0.20907 -0.113591
4.435 47.3331 0.209376 -0.113681
4.44 47.3641 0.20967 -0.113766
4.445 47.3939 0.209954 -0.113848
4.45 47.4228 0.21023 -0.113927
4.455 47.4508 0.2105 -0.114004
4.46 47.4786 0.210765 -0.11408
4.465 47.5065 0.211032 -0.114157
4.47 47.5352 0.211307 -0.114235
4.475 47.5651 0.211597 -0.114317
4.48 47.597 0.211908 -0.114403
4.485 47.6311 0.212245 -0.114496
4.49 47.668 0.212612 -0.114596
4.495 47.708 0.213014 -0.114705
4.5 47.7515 0.213456 -0.114822
4.505 47.7987 0.213944 -0.114949
4.51 47.8502 0.214483 -0.115087
4.515 47.9062 0.215098 -0.115236
4.52 47.9671 0.215795 -0.115398
4.525 48.0332 0.216559 -0.115573
4.53 48.1049 0.217398 -0.115763
4.535 48.1825 0.218321 -0.115966
4.54 48.2666 0.219335 -0.116183
4.545 48.3574 0.220446 -0.116416
4.55 48.4552 0.221659 -0.116662
4.555 48.5603 0.222977 -0.116924
4.56 48.6727 0.224391 -0.1172
4.565 48.7924 0.22588 -0.11749
4.57 48.9194 0.227301 -0.117791
4.575 49.0538 0.228629 -0.118105
4.58 49.1956 0.230017 -0.118435
4.585 49.3447 0.231506 -0.118781
4.59 49.5011 0.233093 -0.119144
4.595 49.6649 0.234774 -0.119524
4.6 49.8361 0.236545 -0.119921
4.605 50.0146 0.238403 -0.120335
4.61 50.2005 0.240341 -0.120766
4.615 50.3937 0.242258 -0.121215
4.62 50.5943 0.244157 -0.12168
4.625 50.8021 0.246138 -0.122162
4.63 51.0172 0.248196 -0.122662
4.635 51.2391 0.250325 -0.123177
4.64 51.4674 0.252519 -0.123707
4.645 51.7015 0.25477 -0.12425
4.65 51.9406 0.257069 -0.124806
4.655 52.1839 0.259406 -0.125371
4.66 52.4308 0.261775 -0.125944
4.665 52.6806 0.264167 -0.126524
4.67 52.9325 0.266574 -0.127109
4.675 53.1859 0.26899 -0.127698
4.68 53.4403 0.271409 -0.128289
4.685 53.6952 0.273824 -0.128881
4.69 53.9502 0.276232 -0.129473
4.695 54.2049 0.278627 -0.130065
4.7 54.4592 0.281008 -0.130655
4.705 54.7128 0.283371 -0.131244
4.71 54.9656 0.285716 -0.131832
4.715 55.2177 0.28804 -0.132417
4.72 55.4692 0.290343 -0.133001
4.725 55.72 0.292623 -0.133584
4.73 55.9702 0.294881 -0.134165
4.735 56.22 0.297114 -0.134745
4.74 56.4693 0.29932 -0.135325
4.745 56.7183 0.301496 -0.135903
4.75 56.9668 0.303638 -0.13648
4.755 57.215 0.30574 -0.137057
4.76 57.4626 0.307794 -0.137632
4.765 57.7096 0.30979 -0.138205
4.77 57.9557 0.311711 -0.138777
4.775 58.2009 0.313535 -0.139346
4.78 58.4449 0.315223 -0.139913
4.785 58.6875 0.316706 -0.140476
4.79 58.9286 0.317819 -0.141036
4.795 59.168 0.317883 -0.141592
4.8 59.4053 5.55325 -0.143485
