0.1 -4.38256e-32 200 5.15143e-14 4.38256e-32 -200 -5.15143e-14
0.2 2.33737e-31 400 1.20792e-13 -2.33737e-31 -400 -1.20792e-13
0.3 -1.46085e-31 600 -4.26326e-14 1.46085e-31 -600 4.26326e-14
0.4 -6.13558e-31 800 2.84217e-14 6.13558e-31 -800 -2.84217e-14
0.5 9.9338e-31 1000 1.27898e-13 -9.9338e-31 -1000 -1.27898e-13
0.6 -3.50605e-31 1200 -2.55795e-13 3.50605e-31 -1200 2.55795e-13
0.7 -4.67473e-31 1400 3.83693e-13 4.67473e-31 -1400 -3.83693e-13
0.8 1.69459e-30 1600 -1.27898e-13 -1.69459e-30 -1600 1.27898e-13
0.9 -1.63616e-30 1800 -5.11591e-13 1.63616e-30 -1800 5.11591e-13
1 -4.67473e-31 2000 -2.70006e-13 4.67473e-31 -2000 2.70006e-13
0.005 0.00126605 2000 -0.547897 -0.00126605 -2000 0.000965188
0.01 0.00632467 2000 -2.73401 -0.00632467 -2000 0.00175591
0.015 0.016431 2000 -7.09965 -0.016431 -2000 0.00144821
0.02 0.0315733 2000 -13.6409 -0.0315733 -2000 0.00122002
0.025 0.0517381 2000 -22.3519 -0.0517381 -2000 0.00106506
0.03 0.076912 2000 -33.227 -0.076912 -2000 0.000980315
0.035 0.10708 2000 -46.2596 -0.10708 -2000 0.000962952
0.04 0.142228 2000 -61.4434 -0.142228 -2000 0.00101064
0.045 0.182338 2000 -78.7711 -0.182338 -2000 0.00112137
0.05 0.227394 2000 -98.2356 -0.227394 -2000 0.00129339
0.055 0.277379 2000 -119.829 -0.277379 -2000 0.00152519
0.06 0.332272 2000 -143.543 -0.332272 -2000 0.00181543
0.065 0.392055 2000 -169.37 -0.392055 -2000 0.00216293
0.07 0.456706 2000 -197.3 -0.456706 -2000 0.00256659
0.075 0.526205 2000 -227.323 -0.526205 -2000 0.00298077
0.08 0.600525 2000 -259.43 -0.600525 -2000 0.00340622
0.085 0.679642 2000 -293.609 -0.679642 -2000 0.00388729
0.09 0.763529 2000 -329.849 -0.763529 -2000 0.00442146
0.095 0.852166 2000 -368.141 -0.852166 -2000 0.00500707
0.1 0.94553 2000 -408.475 -0.94553 -2000 0.00564312
0.105 1.0436 2000 -450.843 -1.0436 -2000 0.00632847
0.11 1.14637 2000 -495.239 -1.14637 -2000 0.00706222
0.115 1.25382 2000 -541.656 -1.25382 -2000 0.00784362
0.12 1.36592 2000 -590.088 -1.36592 -2000 0.00867182
0.125 1.48267 2000 -640.525 -1.48267 -2000 0.00954634
0.13 1.60405 2000 -692.959 -1.60405 -2000 0.0104665
0.135 1.73002 2000 -747.378 -1.73002 -2000 0.0114316
0.14 1.86055 2000 -803.771 -1.86055 -2000 0.0124407
0.145 1.99562 2000 -862.121 -1.99562 -2000 0.0134927
0.15 2.13518 2000 -922.414 -2.13518 -2000 0.0145866
0.155 2.27919 2000 -984.627 -2.27919 -2000 0.0157208
0.16 2.4276 2000 -1048.74 -2.4276 -2000 0.0168938
0.165 2.58037 2000 -1114.74 -2.58037 -2000 0.0181045
0.17 2.73748 2000 -1182.61 -2.73748 -2000 0.0193524
0.175 2.89888 2000 -1252.34 -2.89888 -2000 0.020637
0.18 3.06456 2000 -1323.91 -3.06456 -2000 0.021958
0.185 3.2345 2000 -1397.33 -3.2345 -2000 0.0233158
0.19 3.40869 2000 -1472.58 -3.40869 -2000 0.0247115
0.195 3.58713 2000 -1549.67 -3.58713 -2000 0.026146
0.2 3.76979 2000 -1628.58 -3.76979 -2000 0.027619
0.205 3.95663 2000 -1709.29 -3.95663 -2000 0.0291297
0.21 4.14763 2000 -1791.81 -4.14763 -2000 0.0306772
0.215 4.34274 2000 -1876.1 -4.34274 -2000 0.0322603
0.22 4.54189 2000 -1962.13 -4.54189 -2000 0.0338762
0.225 4.745 2000 -2049.88 -4.745 -2000 0.0355211
0.23 4.95202 2000 -2139.31 -4.95202 -2000 0.0371924
0.235 5.16286 1999.99 -2230.4 -5.16286 -1999.99 0.0388876
0.24 5.37745 1999.99 -2323.1 -5.37745 -1999.99 0.0406035
0.245 5.5957 1999.99 -2417.39 -5.5957 -1999.99 0.0423369
0.25 5.81757 1999.99 -2513.23 -5.81757 -1999.99 0.0440863
0.255 6.043 1999.99 -2610.62 -6.043 -1999.99 0.0458521
0.26 6.27199 1999.99 -2709.55 -6.27199 -1999.99 0.0476362
0.265 6.50457 1999.99 -2810.02 -6.50457 -1999.99 0.0494437
0.27 6.74078 1999.99 -2912.07 -6.74078 -1999.99 0.0512817
0.275 6.98066 1999.99 -3015.7 -6.98066 -1999.99 0.0531563
0.28 7.22421 1999.99 -3120.92 -7.22421 -1999.99 0.0550698
0.285 7.4714 1999.99 -3227.7 -7.4714 -1999.99 0.0570211
0.29 7.72219 1999.99 -3336.04 -7.72219 -1999.99 0.0590075
0.295 7.97653 1999.99 -3445.92 -7.97653 -1999.99 0.0610267
0.3 8.2344 1999.99 -3557.32 -8.2344 -1999.99 0.0630771
0.305 8.49575 1999.99 -3670.23 -8.49575 -1999.99 0.0651571
0.31 8.76053 1999.99 -3784.61 -8.76053 -1999.99 0.0672641
0.315 9.02865 1999.99 -3900.44 -9.02865 -1999.99 0.069393
0.32 9.3 1999.99 -4017.67 -9.3 -1999.99 0.0715365
0.325 9.5745 1999.99 -4136.26 -9.5745 -1999.99 0.0736891
0.33 9.85211 1999.99 -4256.19 -9.85211 -1999.99 0.0758506
0.335 10.1328 1999.99 -4377.46 -10.1328 -1999.99 0.078025
0.34 10.4166 1999.99 -4500.07 -10.4166 -1999.99 0.080216
0.345 10.7035 1999.99 -4624 -10.7035 -1999.99 0.0824244
0.35 10.9933 1999.99 -4749.21 -10.9933 -1999.99 0.0846483
0.355 11.2861 1999.99 -4875.68 -11.2861 -1999.99 0.0868834
0.36 11.5816 1999.99 -5003.36 -11.5816 -1999.99 0.0891239
0.365 11.8799 1999.99 -5132.21 -11.8799 -1999.99 0.091366
0.37 12.1809 1999.99 -5262.23 -12.1809 -1999.99 0.0936094
0.375 12.4844 1999.99 -5393.38 -12.4844 -1999.99 0.0958554
0.38 12.7906 1999.99 -5525.64 -12.7906 -1999.99 0.0981053
0.385 13.0993 1999.99 -5659.01 -13.0993 -1999.99 0.10036
0.39 13.4105 1999.99 -5793.44 -13.4105 -1999.99 0.10262
0.395 13.7241 1999.99 -5928.93 -13.7241 -1999.99 0.104886
0.4 14.0401 1999.99 -6065.45 -14.0401 -1999.99 0.107159
0.405 14.3585 1999.99 -6202.97 -14.3585 -1999.99 0.10944
0.41 14.6791 1999.99 -6341.49 -14.6791 -1999.99 0.111731
0.415 15.002 1999.99 -6480.97 -15.002 -1999.99 0.114031
0.42 15.3271 1999.99 -6621.4 -15.3271 -1999.99 0.116344
0.425 15.6543 1999.99 -6762.76 -15.6543 -1999.99 0.118669
0.43 15.9835 1999.98 -6905.01 -15.9835 -1999.98 0.121011
0.435 16.3149 1999.98 -7048.15 -16.3149 -1999.98 0.12337
0.44 16.6482 1999.98 -7192.14 -16.6482 -1999.98 0.125751
0.445 16.9834 1999.98 -7336.97 -16.9834 -1999.98 0.128156
0.45 17.3206 1999.98 -7482.62 -17.3206 -1999.98 0.13059
0.455 17.6595 1999.98 -7629.06 -17.6595 -1999.98 0.133057
0.46 18.0003 1999.98 -7776.27 -18.0003 -1999.98 0.135564
0.465 18.3428 1999.98 -7924.22 -18.3428 -1999.98 0.138116
0.47 18.687 1999.98 -8072.91 -18.687 -1999.98 0.140723
0.475 19.0328 1999.98 -8222.3 -19.0328 -1999.98 0.143392
0.48 19.3802 1999.98 -8372.39 -19.3802 -1999.98 0.146138
0.485 19.7293 1999.98 -8523.22 -19.7293 -1999.98 0.148987
0.49 20.0802 1999.98 -8674.81 -20.0802 -1999.98 0.151973
0.495 20.433 1999.98 -8827.2 -20.433 -1999.98 0.155125
0.5 20.7876 1999.98 -8980.38 -20.7876 -1999.98 0.158468
0.505 21.144 1999.98 -9134.37 -21.144 -1999.98 0.162025
0.51 21.5023 1999.98 -9289.18 -21.5023 -1999.98 0.165822
0.515 21.8625 1999.98 -9444.79 -21.8625 -1999.98 0.169883
0.52 22.2245 1999.98 -9601.16 -22.2245 -1999.98 0.174221
0.525 22.5881 1999.98 -9758.23 -22.5881 -1999.98 0.178845
0.53 22.9532 1999.98 -9915.98 -22.9532 -1999.98 0.183775
0.535 23.3199 1999.98 -10074.4 -23.3199 -1999.98 0.18904
0.54 23.6881 1999.98 -10233.4 -23.6881 -1999.98 0.194674
0.545 24.0536 1999.99 -10391.9 -24.0536 -1999.99 0.744084
0.55 24.4191 2000.01 -10550.2 -24.4191 -2000.01 1.13987
0.555 24.7874 2000 -10709.1 -24.7874 -2000 0.975272
0.56 25.1487 2000.03 -10866.1 -25.1487 -2000.03 1.83864
0.565 25.512 2000.03 -11023.3 -25.512 -2000.03 2.05786
0.57 25.877 2000.02 -11180.6 -25.877 -2000.02 1.73006
0.575 26.241 2000.01 -11337.6 -26.241 -2000.01 1.46699
0.58 26.6042 2000.01 -11494.2 -26.6042 -2000.01 1.25619
0.585 26.9663 2000 -11650.5 -26.9663 -2000 1.08558
0.59 27.3089 2000.08 -11800.9 -27.3089 -2000.08 3.49746
0.595 27.655 2000.11 -11951.3 -27.655 -2000.11 4.35817
0.6 28.0062 2000.09 -12102.3 -28.0062 -2000.09 3.6222
0.605 28.3564 2000.07 -12253 -28.3564 -2000.07 3.02954
0.61 28.7058 2000.05 -12403.4 -28.7058 -2000.05 2.55235
0.615 29.0425 2000.11 -12549.6 -29.0425 -2000.11 3.25074
0.62 29.376 2000.14 -12694 -29.376 -2000.14 3.55658
0.625 29.7121 2000.11 -12838.6 -29.7121 -2000.11 2.98365
0.63 30.034 2000.16 -12978.9 -30.034 -2000.16 4.2096
0.635 30.3426 2000.23 -13113.5 -30.3426 -2000.23 5.48157
0.64 30.6584 2000.18 -13249 -30.6584 -2000.18 4.54644
0.645 30.9735 2000.14 -13384.3 -30.9735 -2000.14 3.79207
0.65 31.2878 2000.11 -13519.5 -31.2878 -2000.11 3.18332
0.655 31.6014 2000.09 -13654.5 -31.6014 -2000.09 2.68578
0.66 31.9144 2000.07 -13789.3 -31.9144 -2000.07 2.27912
0.665 32.2267 2000.05 -13923.9 -32.2267 -2000.05 1.94671
0.67 32.5384 2000.03 -14058.3 -32.5384 -2000.03 1.67499
0.675 32.8228 2000.23 -14183.3 -32.8228 -2000.23 3.8406
0.68 33.0946 2000.37 -14302.7 -33.0946 -2000.37 5.87154
0.685 33.3699 2000.33 -14421.6 -33.3699 -2000.33 5.75309
0.69 33.6481 2000.26 -14540.8 -33.6481 -2000.26 4.77296
0.695 33.9261 2000.21 -14660.1 -33.9261 -2000.21 3.9827
0.7 34.2042 2000.17 -14779.6 -34.2042 -2000.17 3.33714
0.705 34.4825 2000.13 -14899.2 -34.4825 -2000.13 2.80992
0.71 34.7607 2000.1 -15019 -34.7607 -2000.1 2.37929
0.715 35.0384 2000.08 -15138.6 -35.0384 -2000.08 2.02733
0.72 35.3149 2000.06 -15257.8 -35.3149 -2000.06 1.73922
0.725 35.5895 2000.04 -15376.2 -35.5895 -2000.04 1.50281
0.73 35.8615 2000.03 -15493.5 -35.8615 -2000.03 1.30815
0.735 36.1278 2000.04 -15608.6 -36.1278 -2000.04 1.35801
0.74 36.367 2000.16 -15713 -36.367 -2000.16 2.46305
0.745 36.6055 2000.14 -15815.9 -36.6055 -2000.14 2.36271
0.75 36.8368 2000.13 -15916 -36.8368 -2000.13 2.53446
0.755 37.0666 2000.1 -16014.9 -37.0666 -2000.1 2.1362
0.76 37.2932 2000.08 -16112.5 -37.2932 -2000.08 1.80858
0.765 37.5169 2000.06 -16208.8 -37.5169 -2000.06 1.53882
0.77 37.7381 2000.05 -16304.2 -37.7381 -2000.05 1.31655
0.775 37.957 2000.03 -16398.6 -37.957 -2000.03 1.13331
0.78 38.174 2000.02 -16492.1 -38.174 -2000.02 0.982111
0.785 38.389 2000.02 -16584.9 -38.389 -2000.02 0.857218
0.79 38.6023 2000.01 -16676.9 -38.6023 -2000.01 0.753879
0.795 38.8137 2000 -16768.2 -38.8137 -2000 0.668185
0.8 39.0233 2000 -16858.7 -39.0233 -2000 0.59695
0.805 39.2312 2000 -16948.4 -39.2312 -2000 0.537605
0.81 39.4376 1999.99 -17037.5 -39.4376 -1999.99 0.488107
0.815 39.6429 1999.99 -17126.2 -39.6429 -1999.99 0.446813
0.82 39.8472 1999.99 -17214.4 -39.8472 -1999.99 0.412983
0.825 40.0344 2000.08 -17296 -40.0344 -2000.08 1.11945
0.83 40.2235 2000.07 -17377.5 -40.2235 -2000.07 0.958264
0.835 40.4122 2000.05 -17458.9 -40.4122 -2000.05 0.826081
0.84 40.6008 2000.04 -17540.3 -40.6008 -2000.04 0.717793
0.845 40.7895 2000.03 -17621.7 -40.7895 -2000.03 0.629154
0.85 40.9755 2000.04 -17702.4 -40.9755 -2000.04 0.984002
0.855 41.1607 2000.06 -17782.8 -41.1607 -2000.06 1.3501
0.86 41.3461 2000.06 -17863 -41.3461 -2000.06 1.43774
0.865 41.5321 2000.05 -17943.2 -41.5321 -2000.05 1.30713
0.87 41.7162 2000.05 -18022.8 -41.7162 -2000.05 1.36952
0.875 41.9012 2000.04 -18102.5 -41.9012 -2000.04 1.16244
0.88 42.0858 2000.03 -18182.1 -42.0858 -2000.03 0.993096
0.885 42.27 2000.02 -18261.5 -42.27 -2000.02 0.854558
0.89 42.4533 2000.01 -18340.6 -42.4533 -2000.01 0.741087
0.895 42.6352 2000.01 -18419 -42.6352 -2000.01 0.647881
0.9 42.8148 2000 -18496.6 -42.8148 -2000 0.57093
0.905 42.9913 2000 -18572.7 -42.9913 -2000 0.5069
0.91 43.1599 2000.03 -18646.1 -43.1599 -2000.03 1.0632
0.915 43.321 2000.06 -18716.3 -43.321 -2000.06 1.6045
0.92 43.4793 2000.05 -18784.4 -43.4793 -2000.05 1.34742
0.925 43.6317 2000.04 -18850 -43.6317 -2000.04 1.13517
0.93 43.7783 2000.03 -18913.2 -43.7783 -2000.03 0.959475
0.935 43.9192 2000.02 -18973.9 -43.9192 -2000.02 0.813788
0.94 44.0547 2000.02 -19032.3 -44.0547 -2000.02 0.692809
0.945 44.185 2000.02 -19088.6 -44.185 -2000.02 0.635786
0.95 44.3053 2000.06 -19140.7 -44.3053 -2000.06 0.789896
0.955 44.4231 2000.05 -19191.5 -44.4231 -2000.05 0.66784
0.96 44.5384 2000.04 -19241.2 -44.5384 -2000.04 0.567275
0.965 44.6516 2000.03 -19290 -44.6516 -2000.03 0.484513
0.97 44.763 2000.02 -19338 -44.763 -2000.02 0.416486
0.975 44.8733 2000.02 -19385.6 -44.8733 -2000.02 0.360683
0.98 44.9828 2000.01 -19432.9 -44.9828 -2000.01 0.315047
0.985 45.0873 2000.05 -19478.7 -45.0873 -2000.05 0.973129
0.99 45.1919 2000.07 -19524.2 -45.1919 -2000.07 1.27722
0.995 45.2979 2000.05 -19569.8 -45.2979 -2000.05 1.06726
1 45.4038 2000.04 -19615.4 -45.4038 -2000.04 0.896333
1.005 45.5096 2000.03 -19660.9 -45.5096 -2000.03 0.757284
1.01 45.6147 2000.03 -19706.2 -45.6147 -2000.03 0.644227
1.015 45.7187 2000.02 -19751.1 -45.7187 -2000.02 0.586938
1.02 45.8193 2000.03 -19794.6 -45.8193 -2000.03 0.712699
1.025 45.9183 2000.02 -19837.3 -45.9183 -2000.02 0.610106
1.03 46.0145 2000.02 -19878.8 -46.0145 -2000.02 0.525859
1.035 46.1076 2000.01 -19919 -46.1076 -2000.01 0.456332
1.04 46.1976 2000.01 -19957.8 -46.1976 -2000.01 0.398694
1.045 46.2847 2000.01 -19995.3 -46.2847 -2000.01 0.350799
1.05 46.3693 2000.01 -20031.8 -46.3693 -2000.01 0.311001
1.055 46.4517 2000.01 -20067.4 -46.4517 -2000.01 0.277966
1.06 46.5321 2000 -20102.1 -46.5321 -2000 0.250564
1.065 46.611 2000 -20136.2 -46.611 -2000 0.227867
1.07 46.6885 2000 -20169.6 -46.6885 -2000 0.209146
1.075 46.7645 2000.01 -20202.5 -46.7645 -2000.01 0.253631
1.08 46.836 2000.03 -20233.8 -46.836 -2000.03 0.627925
1.085 46.9077 2000.02 -20264.7 -46.9077 -2000.02 0.542309
1.09 46.9781 2000.02 -20295 -46.9781 -2000.02 0.472385
1.095 47.0468 2000.02 -20324.6 -47.0468 -2000.02 0.414834
1.1 47.1132 2000.01 -20353.3 -47.1132 -2000.01 0.366899
1.105 47.1766 2000.01 -20380.6 -47.1766 -2000.01 0.326201
1.11 47.2363 2000.01 -20406.4 -47.2363 -2000.01 0.290776
1.115 47.2916 2000.01 -20430.2 -47.2916 -2000.01 0.259145
1.12 47.3422 2000.01 -20452.1 -47.3422 -2000.01 0.230297
1.125 47.3876 2000.01 -20471.6 -47.3876 -2000.01 0.203591
1.13 47.4276 2000 -20488.9 -47.4276 -2000 0.178689
1.135 47.4624 2000 -20503.9 -47.4624 -2000 0.155537
1.14 47.4922 2000 -20516.7 -47.4922 -2000 0.134243
1.145 47.5174 2000 -20527.6 -47.5174 -2000 0.11493
1.15 47.5385 2000 -20536.7 -47.5385 -2000 0.0976399
1.155 47.5557 2000 -20544.2 -47.5557 -2000 0.0824465
1.16 47.5694 2000 -20550 -47.5694 -2000 0.0692094
1.165 47.5797 2000 -20554.5 -47.5797 -2000 0.05766
1.17 47.5868 2000 -20557.5 -47.5868 -2000 0.0477016
1.175 47.591 2000 -20559.3 -47.591 -2000 0.0392302
1.18 47.5926 2000 -20560.1 -47.5926 -2000 0.0321324
1.185 47.592 2000 -20559.8 -47.592 -2000 0.0481668
1.19 47.5893 1999.99 -20558.7 -47.5893 -1999.99 0.0746454
1.195 47.5852 2000 -20556.9 -47.5852 -2000 0.0610301
1.2 47.5802 2000 -20554.7 -47.5802 -2000 0.0499024
1.205 47.5746 2000 -20552.3 -47.5746 -2000 0.0407975
1.21 47.569 2000 -20549.8 -47.569 -2000 0.0333534
1.215 47.5634 2000 -20547.4 -47.5634 -2000 0.0272675
1.22 47.5575 2000 -20544.9 -47.5575 -2000 0.0222921
1.225 47.5509 2000 -20542 -47.5509 -2000 0.0182246
1.23 47.5429 2000 -20538.5 -47.5429 -2000 0.0148992
1.235 47.5327 2000 -20534.2 -47.5327 -2000 0.0121838
1.24 47.5196 2000 -20528.5 -47.5196 -2000 0.0099623
1.245 47.5027 2000 -20521.2 -47.5027 -2000 0.00814449
1.25 47.4816 2000 -20512.1 -47.4816 -2000 0.00665835
1.255 47.4559 2000 -20501 -47.4559 -2000 0.00544336
1.26 47.4256 2000 -20487.9 -47.4256 -2000 0.00445002
1.265 47.3905 2000 -20472.7 -47.3905 -2000 0.0036379
1.27 47.3507 2000 -20455.5 -47.3507 -2000 0.00297391
1.275 47.3061 2000 -20436.3 -47.3061 -2000 0.00243103
1.28 47.2565 2000 -20414.8 -47.2565 -2000 0.00198715
1.285 47.2018 2000 -20391.2 -47.2018 -2000 0.00162419
1.29 47.1419 2000 -20365.3 -47.1419 -2000 -0.00216054
1.295 47.0769 2000 -20337.2 -47.0769 -2000 -0.00365808
1.3 47.0067 2000 -20306.9 -47.0067 -2000 -0.00299471
1.305 46.9316 2000 -20274.4 -46.9316 -2000 -0.002453
1.31 46.8518 2000 -20240 -46.8518 -2000 -0.00189047
1.315 46.7676 2000 -20203.6 -46.7676 -2000 -0.00128509
1.32 46.6792 2000 -20165.4 -46.6792 -2000 -0.000881267
1.325 46.587 2000 -20125.6 -46.587 -2000 -0.00157693
1.33 46.4887 2000.02 -20083.5 -46.4887 -2000.02 0.397224
1.335 46.385 2000.04 -20039.1 -46.385 -2000.04 0.783047
1.34 46.2796 2000.03 -19993.4 -46.2796 -2000.03 0.637811
1.345 46.1712 2000.03 -19946.5 -46.1712 -2000.03 0.521421
1.35 46.0602 2000.02 -19898.4 -46.0602 -2000.02 0.426268
1.355 45.9471 2000.02 -19849.5 -45.9471 -2000.02 0.348477
1.36 45.8323 2000.01 -19799.9 -45.8323 -2000.01 0.28488
1.365 45.7169 2000.01 -19749.9 -45.7169 -2000.01 0.232886
1.37 45.6015 2000.01 -19700 -45.6015 -2000.01 0.19038
1.375 45.4869 2000.01 -19650.5 -45.4869 -2000.01 0.15563
1.38 45.3738 2000.01 -19601.6 -45.3738 -2000.01 0.12722
1.385 45.2627 2000.01 -19553.6 -45.2627 -2000.01 0.130059
1.39 45.1524 2000.02 -19506.1 -45.1524 -2000.02 0.308002
1.395 45.0456 2000.01 -19460 -45.0456 -2000.01 0.249345
1.4 44.9419 2000.01 -19415.1 -44.9419 -2000.01 0.203834
1.405 44.8408 2000.01 -19371.4 -44.8408 -2000.01 0.166628
1.41 44.7418 2000.01 -19328.6 -44.7418 -2000.01 0.136212
1.415 44.6442 2000.01 -19286.4 -44.6442 -2000.01 0.111345
1.42 44.5469 2000 -19244.3 -44.5469 -2000 0.0910163
1.425 44.4487 2000 -19201.9 -44.4487 -2000 0.0743966
1.43 44.3438 2000.04 -19157.3 -44.3438 -2000.04 0.790637
1.435 44.2369 2000.05 -19111.4 -44.2369 -2000.05 1.06371
1.44 44.128 2000.04 -19064.2 -44.128 -2000.04 0.869686
1.445 44.0152 2000.03 -19015.3 -44.0152 -2000.03 0.710994
1.45 43.8981 2000.03 -18964.6 -43.8981 -2000.03 0.581258
1.455 43.7765 2000.02 -18911.9 -43.7765 -2000.02 0.475193
1.46 43.6498 2000.02 -18857.1 -43.6498 -2000.02 0.419347
1.465 43.5114 2000.06 -18797.6 -43.5114 -2000.06 0.659506
1.47 43.3686 2000.05 -18735.8 -43.3686 -2000.05 0.536871
1.475 43.2205 2000.04 -18671.7 -43.2205 -2000.04 0.43716
1.48 43.0672 2000.03 -18605.4 -43.0672 -2000.03 0.357372
1.485 42.9088 2000.03 -18536.9 -42.9088 -2000.03 0.292141
1.49 42.7454 2000.02 -18466.3 -42.7454 -2000.02 0.238811
1.495 42.5768 2000.02 -18393.4 -42.5768 -2000.02 0.195211
1.5 42.4025 2000.02 -18318.1 -42.4025 -2000.02 0.159563
1.505 42.2225 2000.01 -18240.3 -42.2225 -2000.01 0.130418
1.51 42.0298 2000.06 -18158.1 -42.0298 -2000.06 1.19753
1.515 41.8317 2000.09 -18073 -41.8317 -2000.09 1.74265
1.52 41.6315 2000.07 -17986.2 -41.6315 -2000.07 1.42466
1.525 41.4274 2000.06 -17897.8 -41.4274 -2000.06 1.1647
1.53 41.2203 2000.05 -17808.1 -41.2203 -2000.05 0.952169
1.535 41.0111 2000.04 -17717.6 -41.0111 -2000.04 0.778417
1.54 40.8007 2000.03 -17626.5 -40.8007 -2000.03 0.636368
1.545 40.5896 2000.03 -17535.2 -40.5896 -2000.03 0.520238
1.55 40.3783 2000.02 -17443.8 -40.3783 -2000.02 0.424275
1.555 40.1646 2000.03 -17351.8 -40.1646 -2000.03 0.712291
1.56 39.9503 2000.04 -17259.4 -39.9503 -2000.04 0.864625
1.565 39.7353 2000.04 -17166.5 -39.7353 -2000.04 0.831381
1.57 39.5161 2000.05 -17072 -39.5161 -2000.05 1.00178
1.575 39.2931 2000.05 -16975.8 -39.2931 -2000.05 1.1898
1.58 39.0672 2000.05 -16878.2 -39.0672 -2000.05 1.21931
1.585 38.8386 2000.04 -16779.3 -38.8386 -2000.04 0.99681
1.59 38.6064 2000.04 -16678.8 -38.6064 -2000.04 0.83708
1.595 38.3514 2000.14 -16569.5 -38.3514 -2000.14 1.682
1.6 38.0962 2000.11 -16458.9 -38.0962 -2000.11 1.37515
1.605 37.838 2000.09 -16347.1 -37.838 -2000.09 1.12426
1.61 37.5774 2000.07 -16234.3 -37.5774 -2000.07 0.919102
1.615 37.3151 2000.06 -16120.9 -37.3151 -2000.06 0.751374
1.62 37.0518 2000.05 -16007 -37.0518 -2000.05 0.61425
1.625 36.7881 2000.04 -15892.9 -36.7881 -2000.04 0.502145
1.63 36.5242 2000.03 -15778.9 -36.5242 -2000.03 0.410493
1.635 36.2602 2000.03 -15664.8 -36.2602 -2000.03 0.335563
1.64 35.9962 2000.02 -15550.6 -35.9962 -2000.02 0.274304
1.645 35.7317 2000.02 -15436.3 -35.7317 -2000.02 0.224221
1.65 35.4663 2000.01 -15321.6 -35.4663 -2000.01 0.183274
1.655 35.1992 2000.01 -15206.2 -35.1992 -2000.01 0.148928
1.66 34.9293 2000.01 -15089.6 -34.9293 -2000.01 0.120907
1.665 34.6555 2000.01 -14971.3 -34.6555 -2000.01 0.0987967
1.67 34.377 2000.01 -14851 -34.377 -2000.01 0.0807166
1.675 34.0684 2000.19 -14720.3 -34.0684 -2000.19 2.73971
1.68 33.7434 2000.32 -14581.6 -33.7434 -2000.32 4.47581
1.685 33.4201 2000.26 -14441.1 -33.4201 -2000.26 3.65889
1.69 33.0908 2000.21 -14298.2 -33.0908 -2000.21 2.99089
1.695 32.7559 2000.17 -14153 -32.7559 -2000.17 2.44506
1.7 32.416 2000.14 -14005.7 -32.416 -2000.14 1.99883
1.705 32.0712 2000.12 -13856.4 -32.0712 -2000.12 1.63401
1.71 31.7214 2000.1 -13705 -31.7214 -2000.1 1.33574
1.715 31.366 2000.08 -13551.2 -31.366 -2000.08 1.09189
1.72 31.0048 2000.06 -13395 -31.0048 -2000.06 0.892528
1.725 30.6375 2000.05 -13236.1 -30.6375 -2000.05 0.725681
1.73 30.2648 2000.04 -13075 -30.2648 -2000.04 0.587609
1.735 29.8402 2000.36 -12896 -29.8402 -2000.36 5.044
1.74 29.4035 2000.52 -12710.1 -29.4035 -2000.52 7.80049
1.745 28.9794 2000.43 -12525.5 -28.9794 -2000.43 6.36086
1.75 28.5563 2000.35 -12341.5 -28.5563 -2000.35 5.18309
1.755 28.137 2000.28 -12159.4 -28.137 -2000.28 4.23728
1.76 27.7241 2000.23 -11980.3 -27.7241 -2000.23 3.46386
1.765 27.3192 2000.19 -11804.7 -27.3192 -2000.19 2.83157
1.77 26.9138 2000.22 -11630 -26.9138 -2000.22 3.22256
1.775 26.5119 2000.24 -11456.7 -26.5119 -2000.24 3.54114
1.78 26.1213 2000.21 -11287.6 -26.1213 -2000.21 3.17914
1.785 25.7229 2000.24 -11116.7 -25.7229 -2000.24 4.39301
1.79 25.3264 2000.26 -10945.6 -25.3264 -2000.26 4.55015
1.795 24.942 2000.21 -10778.7 -24.942 -2000.21 3.71968
1.8 24.5651 2000.17 -10615.1 -24.5651 -2000.17 3.03435
1.805 24.1946 2000.14 -10454.5 -24.1946 -2000.14 2.47678
1.81 23.8295 2000.11 -10296.4 -23.8295 -2000.11 2.02486
1.815 23.4688 2000.09 -10140.2 -23.4688 -2000.09 1.6554
1.82 23.1121 2000.07 -9985.79 -23.1121 -2000.07 1.35079
1.825 22.7591 2000.06 -9833.02 -22.7591 -2000.06 1.10291
1.83 22.3942 2000.11 -9677.28 -22.3942 -2000.11 2.99288
1.835 22.033 2000.14 -9522.12 -22.033 -2000.14 3.84957
1.84 21.6795 2000.11 -9368.68 -21.6795 -2000.11 3.14696
1.845 21.327 2000.09 -9215.84 -21.327 -2000.09 2.57254
1.85 20.9753 2000.08 -9063.44 -20.9753 -2000.08 2.10293
1.855 20.6243 2000.06 -8911.41 -20.6243 -2000.06 1.71901
1.86 20.2736 2000.05 -8759.61 -20.2736 -2000.05 1.40513
1.865 19.9207 2000.05 -8607.17 -19.9207 -2000.05 1.42087
1.87 19.5637 2000.05 -8453.16 -19.5637 -2000.05 1.6406
1.875 19.2073 2000.04 -8298.89 -19.2073 -2000.04 1.34103
1.88 18.8487 2000.04 -8143.82 -18.8487 -2000.04 1.17307
1.885 18.4838 2000.04 -7986.42 -18.4838 -2000.04 1.43443
1.89 18.1188 2000.04 -7828.47 -18.1188 -2000.04 1.17248
1.895 17.7512 2000.03 -7669.49 -17.7512 -2000.03 0.958315
1.9 17.3806 2000.02 -7509.21 -17.3806 -2000.02 0.780138
1.905 17.0062 2000.02 -7347.31 -17.0062 -2000.02 0.635489
1.91 16.6276 2000.02 -7183.63 -16.6276 -2000.02 0.519265
1.915 16.2453 2000.01 -7018.41 -16.2453 -2000.01 0.424235
1.92 15.8609 2000.01 -6852.27 -15.8609 -2000.01 0.348347
1.925 15.4761 2000.01 -6685.96 -15.4761 -2000.01 0.284004
1.93 15.0926 2000.01 -6520.23 -15.0926 -2000.01 0.230838
1.935 14.712 2000 -6355.75 -14.712 -2000 0.1884
1.94 14.3356 2000 -6193.15 -14.3356 -2000 0.153639
1.945 13.9649 2000 -6032.94 -13.9649 -2000 0.120637
1.95 13.6001 2000 -5875.34 -13.6001 -2000 0.0982874
1.955 13.2414 2000 -5720.37 -13.2414 -2000 0.0800196
1.96 12.8883 2000 -5567.81 -12.8883 -2000 0.0655053
1.965 12.54 2000 -5417.33 -12.54 -2000 0.0521414
1.97 12.1955 2000 -5268.52 -12.1955 -2000 0.0422942
1.975 11.8541 2000 -5121 -11.8541 -2000 0.0342432
1.98 11.5151 2000 -4974.55 -11.5151 -2000 0.0276559
1.985 11.1785 2000 -4829.14 -11.1785 -2000 0.0215128
1.99 10.8443 2000 -4684.77 -10.8443 -2000 0.0132072
1.995 10.5126 2000 -4541.44 -10.5126 -2000 0.0104278
2 10.1832 2000 -4399.17 -10.1832 -2000 0.00815366
2.005 9.85637 2000 -4257.96 -9.85637 -2000 0.00992074
2.01 9.5318 2000 -4117.75 -9.5318 -2000 0.0111249
2.015 9.20903 2000 -3978.31 -9.20903 -2000 0.00449501
2.02 8.88722 1999.99 -3839.28 -8.88722 -1999.99 -0.0033723
2.025 8.56532 1999.99 -3700.22 -8.56532 -1999.99 -0.00152711
2.03 8.24279 2000 -3560.89 -8.24279 -2000 -0.00167517
2.035 7.91973 2000 -3421.32 -7.91973 -2000 0.00193305
2.04 7.59695 2000 -3281.89 -7.59695 -2000 0.00377997
2.045 7.27566 2000 -3143.09 -7.27566 -2000 0.00351086
2.05 6.95713 2000 -3005.47 -6.95713 -2000 -0.0057744
2.055 6.64254 2000 -2869.57 -6.64254 -2000 -0.0122712
2.06 6.33286 1999.99 -2735.8 -6.33286 -1999.99 0.00228725
2.065 6.02843 1999.99 -2604.28 -6.02843 -1999.99 0.00305766
2.07 5.72877 1999.99 -2474.82 -5.72877 -1999.99 -0.0128003
2.075 5.43263 1999.99 -2346.88 -5.43263 -1999.99 -0.0109459
2.08 5.13923 1999.99 -2220.14 -5.13923 -1999.99 -0.00649016
2.085 4.84813 1999.99 -2094.39 -4.84813 -1999.99 -0.00446162
2.09 4.55938 1999.99 -1969.64 -4.55938 -1999.99 -0.00982029
2.095 4.27338 1999.99 -1846.09 -4.27338 -1999.99 -0.0128895
2.1 3.99059 1999.99 -1723.93 -3.99059 -1999.99 -0.0103854
2.105 3.71218 1999.98 -1603.62 -3.71218 -1999.98 -0.0350779
2.11 3.43951 1999.98 -1485.83 -3.43951 -1999.98 -0.0363543
2.115 3.17448 1999.98 -1371.36 -3.17448 -1999.98 -0.0156854
2.12 2.91908 1999.99 -1261.03 -2.91908 -1999.99 -0.0110338
2.125 2.67499 1999.98 -1155.61 -2.67499 -1999.98 0.0148127
2.13 2.44365 1999.99 -1055.67 -2.44365 -1999.99 0.0168092
2.135 2.22621 1999.99 -961.718 -2.22621 -1999.99 -0.00474589
2.14 2.0232 1999.98 -873.978 -2.0232 -1999.98 -0.0440924
2.145 1.83373 1999.99 -792.135 -1.83373 -1999.99 -0.0362049
2.15 1.65702 1999.99 -715.823 -1.65702 -1999.99 -0.0109596
2.155 1.49154 1999.99 -644.348 -1.49154 -1999.99 0.00328126
2.16 1.33557 1999.99 -576.97 -1.33557 -1999.99 0.00253568
2.165 1.18721 1999.99 -512.869 -1.18721 -1999.99 -0.00596301
2.17 1.04421 1999.99 -451.108 -1.04421 -1999.99 0.00831238
2.175 0.904879 1999.98 -390.902 -0.904879 -1999.98 -0.00538932
2.18 0.766488 1999.98 -331.12 -0.766488 -1999.98 -0.00299712
2.185 0.626525 1999.98 -270.66 -0.626525 -1999.98 0.000907078
2.19 0.482714 1999.98 -208.533 -0.482714 -1999.98 0.000345454
2.195 0.333154 1999.99 -143.922 -0.333154 -1999.99 -0.000143738
2.2 0.1766 1999.99 -76.2904 -0.1766 -1999.99 -0.000561982
2.205 0.0125224 1999.99 -5.40874 -0.0125224 -1999.99 -0.0009271
2.21 -0.158945 1999.99 68.6653 0.158945 -1999.99 -0.00127187
2.215 -0.337038 1999.99 145.575 0.337038 -1999.99 0.0248829
2.22 -0.519843 1999.99 224.497 0.519843 -1999.99 0.0753383
2.225 -0.704441 1999.99 304.233 0.704441 -1999.99 0.0856566
2.23 -0.887438 1999.99 383.304 0.887438 -1999.99 0.0695249
2.235 -1.06519 1999.99 460.082 1.06519 -1999.99 0.0796179
2.24 -1.23434 1999.99 533.164 1.23434 -1999.99 0.0686107
2.245 -1.39252 1999.98 601.453 1.39252 -1999.98 0.11453
2.25 -1.53798 1999.98 664.201 1.53798 -1999.98 0.205625
2.255 -1.6693 1999.98 720.941 1.6693 -1999.98 0.197374
2.26 -1.78684 1999.98 771.755 1.78684 -1999.98 0.15782
2.265 -1.89188 1999.99 817.102 1.89188 -1999.99 0.189549
2.27 -1.98553 1999.99 857.542 1.98553 -1999.99 0.204383
2.275 -2.06982 1999.99 893.957 2.06982 -1999.99 0.204325
2.28 -2.14602 1999.99 926.886 2.14602 -1999.99 0.193035
2.285 -2.21434 1999.99 956.436 2.21434 -1999.99 0.157892
2.29 -2.2741 1999.99 982.288 2.2741 -1999.99 0.12321
2.295 -2.3239 1999.99 1003.84 2.3239 -1999.99 0.0831565
2.3 -2.36275 1999.99 1020.6 2.36275 -1999.99 0.104157
2.305 -2.3895 1999.99 1032.16 2.3895 -1999.99 0.105438
2.31 -2.40348 1999.99 1038.22 2.40348 -1999.99 0.0862097
2.315 -2.40442 1999.99 1038.64 2.40442 -1999.99 0.070481
2.32 -2.39222 1999.98 1033.32 2.39222 -1999.98 0.119895
2.325 -2.36712 1999.98 1022.45 2.36712 -1999.98 0.145948
2.33 -2.32988 1999.98 1006.39 2.32988 -1999.98 0.119318
2.335 -2.28171 1999.99 985.603 2.28171 -1999.99 0.0975465
2.34 -2.22361 1999.99 960.518 2.22361 -1999.99 0.0797476
2.345 -2.15656 1999.99 931.568 2.15656 -1999.99 0.0651964
2.35 -2.08169 1999.99 899.239 2.08169 -1999.99 0.0533003
2.355 -2.00042 1999.99 864.136 2.00042 -1999.99 0.0435749
2.36 -1.91458 1999.99 827.062 1.91458 -1999.99 0.035624
2.365 -1.82671 2000 789.108 1.82671 -2000 0.0291238
2.37 -1.74005 2000 751.678 1.74005 -2000 0.0238097
2.375 -1.6583 2000 716.366 1.6583 -2000 0.0194653
2.38 -1.58501 2000 684.709 1.58501 -2000 0.0159135
2.385 -1.52314 2000 657.985 1.52314 -2000 0.0130099
2.39 -1.47496 2000 637.171 1.47496 -2000 0.010636
2.395 -1.44219 2000 623.016 1.44219 -2000 0.00869531
2.4 -1.42605 2000 616.048 1.42605 -2000 0.00710871
2.405 -1.42708 2000 616.493 1.42708 -2000 0.00581162
2.41 -1.44505 2000 624.256 1.44505 -2000 0.00475288
2.415 -1.4792 2000 639.011 1.4792 -2000 0.0038866
2.42 -1.52856 2000 660.336 1.52856 -2000 0.00317743
2.425 -1.59208 2000 687.777 1.59208 -2000 0.00259766
2.43 -1.6688 2000 720.918 1.6688 -2000 0.00212367
2.435 -1.75815 2000 759.52 1.75815 -2000 0.00173618
2.44 -1.86017 2000 803.592 1.86017 -2000 0.00141938
2.445 -1.97511 2000 853.248 1.97511 -2000 0.0011604
2.45 -2.10319 2000 908.576 2.10319 -2000 0.000948663
2.455 -2.24465 2000 969.687 2.24465 -2000 0.000775564
2.46 -2.40003 2000 1036.81 2.40003 -2000 0.000639285
2.465 -2.56756 1999.86 1108.42 2.56756 -1999.86 0.76915
2.47 -2.74823 1999.8 1186.02 2.74823 -1999.8 1.21435
2.475 -2.94248 1999.83 1270.02 2.94248 -1999.83 1.13212
2.48 -3.15262 1999.86 1361 3.15262 -1999.86 0.927546
2.485 -3.37663 1999.87 1458.21 3.37663 -1999.87 0.493817
2.49 -3.61721 1999.88 1562.36 3.61721 -1999.88 0.278946
2.495 -3.87299 1999.9 1673.02 3.87299 -1999.9 0.114461
2.5 -4.14238 1999.9 1789.64 4.14238 -1999.9 -0.13256
2.505 -4.42529 1999.9 1912.21 4.42529 -1999.9 -0.479999
2.51 -4.72565 1999.9 2042.11 4.72565 -1999.9 -0.627304
2.515 -5.04645 1999.92 2180.61 5.04645 -1999.92 -0.547174
2.52 -5.3876 1999.93 2328.03 5.3876 -1999.93 -0.587926
2.525 -5.75077 1999.93 2485.04 5.75077 -1999.93 -0.710368
2.53 -6.13776 1999.94 2652.29 6.13776 -1999.94 -0.776671
2.535 -6.55036 1999.94 2830.42 6.55036 -1999.94 -0.665992
2.54 -6.98898 1999.95 3019.82 6.98898 -1999.95 -0.579914
2.545 -7.4551 1999.95 3221.12 7.4551 -1999.95 -0.514677
2.55 -7.95062 1999.96 3435.14 7.95062 -1999.96 -0.466862
2.555 -8.47768 1999.96 3662.79 8.47768 -1999.96 -0.434111
2.56 -9.03849 1999.96 3905.04 9.03849 -1999.96 -0.414622
2.565 -9.63539 1999.96 4162.9 9.63539 -1999.96 -0.407062
2.57 -10.2708 1999.95 4437.38 10.2708 -1999.95 -0.410495
2.575 -10.9467 1999.95 4729.39 10.9467 -1999.95 -0.42426
2.58 -11.6644 1999.95 5039.49 11.6644 -1999.95 -0.447807
2.585 -12.4247 1999.94 5367.93 12.4247 -1999.94 -0.480581
2.59 -13.2272 1999.94 5714.69 13.2272 -1999.94 -0.522011
2.595 -14.0714 1999.93 6079.41 14.0714 -1999.93 -0.57146
2.6 -14.9554 1999.92 6461.36 14.9554 -1999.92 -0.628117
2.605 -15.877 1999.91 6859.56 15.877 -1999.91 -0.691017
2.61 -16.834 1999.91 7273.04 16.834 -1999.91 -0.759243
2.615 -17.8242 1999.9 7700.9 17.8242 -1999.9 -0.832055
2.62 -18.8286 1999.96 8137.17 18.8286 -1999.96 -3.21674
2.625 -19.8531 2000.03 8582.44 19.8531 -2000.03 -5.89519
2.63 -20.9083 2000.03 9038.74 20.9083 -2000.03 -6.36508
2.635 -21.9911 1999.99 9505.64 21.9911 -1999.99 -5.48547
2.64 -23.0762 2000.04 9976.07 23.0762 -2000.04 -7.14235
2.645 -24.1316 2000.26 10436.9 24.1316 -2000.26 -12.0355
2.65 -25.1872 2000.39 10894.2 25.1872 -2000.39 -13.2709
2.655 -26.228 2000.45 11344.1 26.228 -2000.45 -13.641
2.66 -27.241 2000.57 11786.2 27.241 -2000.57 -18.0585
2.665 -28.271 2000.56 12232.1 28.271 -2000.56 -19.0702
2.67 -29.2228 2001.16 12649.3 29.2228 -2001.16 -25.0564
2.675 -30.1695 2001.41 13060.5 30.1695 -2001.41 -27.3363
2.68 -31.1142 2001.22 13467.3 31.1142 -2001.22 -25.9794
2.685 -32.074 2000.96 13878.1 32.074 -2000.96 -22.0949
2.69 -32.9736 2001.3 14269.1 32.9736 -2001.3 -24.4726
2.695 -33.852 2001.49 14649.5 33.852 -2001.49 -25.4325
2.7 -34.7459 2001.18 15032.3 34.7459 -2001.18 -22.0965
2.705 -35.6206 2001 15409.3 35.6206 -2001 -21.1672
2.71 -36.5004 2000.75 15786.7 36.5004 -2000.75 -18.4905
2.715 -37.3658 2000.66 16159.2 37.3658 -2000.66 -17.2391
2.72 -38.1699 2000.88 16507.8 38.1699 -2000.88 -18.4185
2.725 -38.98 2000.65 16855.6 38.98 -2000.65 -16.2134
2.73 -39.7776 2000.54 17199.5 39.7776 -2000.54 -15.5727
2.735 -40.5596 2000.51 17538.1 40.5596 -2000.51 -16.3088
2.74 -41.3266 2000.49 17870 41.3266 -2000.49 -16.8937
2.745 -42.0996 2000.36 18201.8 42.0996 -2000.36 -14.8219
2.75 -42.8494 2000.67 18523.5 42.8494 -2000.67 -12.5067
2.755 -43.5464 2001.03 18826.1 43.5464 -2001.03 -14.0461
2.76 -44.2536 2000.8 19130.1 44.2536 -2000.8 -12.5685
2.765 -44.9642 2000.78 19434 44.9642 -2000.78 -9.4908
2.77 -45.6452 2000.89 19729.7 45.6452 -2000.89 -10.9675
2.775 -46.3262 2000.78 20025.2 46.3262 -2000.78 -12.2275
2.78 -46.9906 2000.92 20317.4 46.9906 -2000.92 -17.4662
2.785 -47.66 2001 20610.4 47.66 -2001 -21.2338
2.79 -48.3248 2001.28 20900.1 48.3248 -2001.28 -23.8364
2.795 -48.9694 2001.66 21182.4 48.9694 -2001.66 -27.5837
2.8 -49.5821 2002.03 21451.5 49.5821 -2002.03 -32.004
2.805 -50.1767 2002.03 21713 50.1767 -2002.03 -36.6024
2.81 -50.7749 2001.91 21972.9 50.7749 -2001.91 -38.1269
2.815 -51.3895 2002.04 22230.5 51.3895 -2002.04 -30.242
2.82 -51.9531 2002.78 22471.3 51.9531 -2002.78 -27.585
2.825 -52.4909 2002.83 22706.2 52.4909 -2002.83 -30.0896
2.83 -53.0244 2002.32 22937.3 53.0244 -2002.32 -30.7536
2.835 -53.5518 2001.88 23166.7 53.5518 -2001.88 -32.3429
2.84 -54.0547 2001.79 23387.6 54.0547 -2001.79 -35.9286
2.845 -54.5164 2001.89 23590.8 54.5164 -2001.89 -39.7553
2.85 -54.9036 2001.5 23770.3 54.9036 -2001.5 -51.9389
2.855 -55.1977 2001.42 23918.9 55.1977 -2001.42 -73.4581
2.86 -55.5088 2001.11 24058.9 55.5088 -2001.11 -79.1593
2.865 -55.8068 2000.8 24186.7 55.8068 -2000.8 -78.1537
2.87 -56.0439 2000.84 24291.1 56.0439 -2000.84 -80.1443
2.875 -56.2278 2000.55 24372.5 56.2278 -2000.55 -82.0811
2.88 -56.2603 1999.7 24409.2 56.2603 -1999.7 -104.736
2.885 -56.2526 1999.46 24419.7 56.2526 -1999.46 -118.522
2.89 -56.202 1999.38 24398.5 56.202 -1999.38 -119.298
2.895 -56.0162 1998.55 24326.2 56.0162 -1998.55 -127.242
2.9 -55.8072 1998.18 24233.2 55.8072 -1998.18 -124.53
2.905 -55.5827 1998.12 24124.2 55.5827 -1998.12 -112.51
2.91 -55.3281 1998.2 24001.3 55.3281 -1998.2 -99.5002
2.915 -54.984 1997.69 23850.7 54.984 -1997.69 -97.6084
2.92 -54.6389 1998.01 23694.1 54.6389 -1998.01 -90.0872
2.925 -54.2911 1998.41 23532 54.2911 -1998.41 -78.2145
2.93 -53.9322 1998.44 23365 53.9322 -1998.44 -66.2817
2.935 -53.5653 1998.51 23196.2 53.5653 -1998.51 -55.9674
2.94 -53.1823 1998.42 23024.2 53.1823 -1998.42 -49.437
2.945 -52.7993 1998.52 22850.6 52.7993 -1998.52 -41.2645
2.95 -52.4088 1998.62 22674.8 52.4088 -1998.62 -34.2335
2.955 -52.0141 1998.53 22500 52.0141 -1998.53 -29.8818
2.96 -51.8032 1999.49 22376.8 51.8032 -1999.49 2.18882
2.965 -51.6321 2000.19 22282 51.6321 -2000.19 23.0336
2.97 -51.5918 2001.17 22239.4 51.5918 -2001.17 48.2545
2.975 -51.611 2001.91 22230.9 51.611 -2001.91 65.1061
2.98 -51.5491 2001.51 22216.4 51.5491 -2001.51 52.8119
2.985 -51.4929 2001.18 22202.1 51.4929 -2001.18 42.851
2.99 -51.441 2000.91 22187.8 51.441 -2000.91 34.7647
2.995 -51.3921 2000.69 22173.2 51.3921 -2000.69 28.1413
3 -51.3451 2000.51 22158.4 51.3451 -2000.51 22.7104
3.005 -51.2993 2000.35 22143 51.2993 -2000.35 18.2499
3.01 -51.254 2000.22 22127.2 51.254 -2000.22 14.5794
3.015 -51.2064 2000.06 22109.9 51.2064 -2000.06 11.2461
3.02 -51.2054 2000.32 22104.6 51.2054 -2000.32 16.0661
3.025 -51.2141 2000.55 22105.5 51.2141 -2000.55 19.0179
3.03 -51.202 2000.4 22104 51.202 -2000.4 15.3078
3.035 -51.191 2000.27 22102.3 51.191 -2000.27 12.26
3.04 -51.1807 2000.16 22100.3 51.1807 -2000.16 9.74771
3.045 -51.1705 2000.07 22098 51.1705 -2000.07 7.67102
3.05 -51.1541 1999.82 22093.4 51.1541 -1999.82 5.1384
3.055 -51.1392 1999.68 22088.7 51.1392 -1999.68 3.39101
3.06 -51.1266 1999.67 22084.2 51.1266 -1999.67 2.47078
3.065 -51.1131 1999.65 22079.1 51.1131 -1999.65 1.69209
3.07 -51.0953 1999.58 22072.4 51.0953 -1999.58 0.760766
3.075 -51.0793 1999.61 22065.8 51.0793 -1999.61 0.449683
3.08 -51.0625 1999.63 22058.8 51.0625 -1999.63 0.18332
3.085 -51.093 2000.23 22065.1 51.093 -2000.23 7.13134
3.09 -51.1116 2000.47 22070.5 51.1116 -2000.47 9.67329
3.095 -51.1153 2000.34 22074 51.1153 -2000.34 7.75917
3.1 -51.1197 2000.23 22077.5 51.1197 -2000.23 6.1887
3.105 -51.1247 2000.14 22081 51.1247 -2000.14 4.89637
3.11 -51.1301 2000.06 22084.4 51.1301 -2000.06 3.82998
3.115 -51.1355 2000 22087.6 51.1355 -2000 2.94816
3.12 -51.141 1999.94 22090.7 51.141 -1999.94 2.21717
3.125 -51.1463 1999.89 22093.6 51.1463 -1999.89 1.60952
3.13 -51.1514 1999.84 22096.3 51.1514 -1999.84 1.10278
3.135 -51.1561 1999.8 22098.7 51.1561 -1999.8 0.67861
3.14 -51.1604 1999.77 22101 51.1604 -1999.77 0.321991
3.145 -51.1641 1999.74 22102.9 51.1641 -1999.74 0.0205767
3.15 -51.1673 1999.71 22104.5 51.1673 -1999.71 -0.235829
3.155 -51.1698 1999.68 22105.8 51.1698 -1999.68 -0.455658
3.16 -51.1716 1999.65 22106.8 51.1716 -1999.65 -0.645856
3.165 -51.1727 1999.63 22107.4 51.1727 -1999.63 -0.812176
3.17 -51.1729 1999.6 22107.7 51.1729 -1999.6 -0.95947
3.175 -51.1668 1999.39 22105.8 51.1668 -1999.39 -1.75078
3.18 -51.1702 1999.46 22106.4 51.1702 -1999.46 -0.882233
3.185 -51.1875 1999.79 22111.9 51.1875 -1999.79 1.13298
3.19 -51.1961 1999.8 22115.8 51.1961 -1999.8 0.881971
3.195 -51.2047 1999.82 22119.7 51.2047 -1999.82 0.677148
3.2 -51.2132 1999.83 22123.6 51.2132 -1999.83 0.508733
3.205 -51.2217 1999.84 22127.4 51.2217 -1999.84 0.369812
3.21 -51.2301 1999.85 22131.2 51.2301 -1999.85 0.254743
3.215 -51.2385 1999.85 22134.9 51.2385 -1999.85 0.158922
3.22 -51.2469 1999.85 22138.6 51.2469 -1999.85 0.0785837
3.225 -51.2553 1999.85 22142.3 51.2553 -1999.85 0.0106468
3.23 -51.2636 1999.85 22145.9 51.2636 -1999.85 -0.0474135
3.235 -51.2719 1999.85 22149.5 51.2719 -1999.85 -0.0976739
3.24 -51.2801 1999.85 22153.1 51.2801 -1999.85 -0.141846
3.245 -51.2883 1999.84 22156.7 51.2883 -1999.84 -0.181336
3.25 -51.2964 1999.84 22160.3 51.2964 -1999.84 -0.21729
3.255 -51.3044 1999.83 22163.8 51.3044 -1999.83 -0.250635
3.26 -51.3124 1999.83 22167.2 51.3124 -1999.83 -0.282102
3.265 -51.3202 1999.82 22170.6 51.3202 -1999.82 -0.312241
3.27 -51.3278 1999.81 22174 51.3278 -1999.81 -0.341408
3.275 -51.3353 1999.8 22177.2 51.3353 -1999.8 -0.369786
3.28 -51.3426 1999.79 22180.4 51.3426 -1999.79 -0.397443
3.285 -51.3496 1999.78 22183.5 51.3496 -1999.78 -0.424411
3.29 -51.3564 1999.77 22186.4 51.3564 -1999.77 -0.450732
3.295 -51.3629 1999.76 22189.2 51.3629 -1999.76 -0.476455
3.3 -51.3691 1999.75 22191.9 51.3691 -1999.75 -0.501607
3.305 -51.3749 1999.74 22194.5 51.3749 -1999.74 -0.526177
3.31 -51.3804 1999.73 22196.9 51.3804 -1999.73 -0.550132
3.315 -51.3855 1999.72 22199.1 51.3855 -1999.72 -0.573423
3.32 -51.3901 1999.71 22201.1 51.3901 -1999.71 -0.595971
3.325 -51.3944 1999.7 22203 51.3944 -1999.7 -0.617646
3.33 -51.3982 1999.69 22204.7 51.3982 -1999.69 -0.638272
3.335 -51.4016 1999.68 22206.2 51.4016 -1999.68 -0.657641
3.34 -51.4045 1999.67 22207.4 51.4045 -1999.67 -0.675512
3.345 -51.407 1999.66 22208.5 51.407 -1999.66 -0.69162
3.35 -51.409 1999.66 22209.4 51.409 -1999.66 -0.705717
3.355 -51.4105 1999.65 22210.1 51.4105 -1999.65 -0.717612
3.36 -51.4116 1999.65 22210.5 51.4116 -1999.65 -0.727167
3.365 -51.4122 1999.64 22210.8 51.4122 -1999.64 -0.734246
3.37 -51.4124 1999.64 22210.9 51.4124 -1999.64 -0.738689
3.375 -51.4115 1999.6 22210.6 51.4115 -1999.6 -0.787604
3.38 -51.3996 1999.03 22206.3 51.3996 -1999.03 -1.71796
3.385 -51.3927 1998.95 22203.5 51.3927 -1998.95 -1.89056
3.39 -51.3992 1999.44 22204.8 51.3992 -1999.44 -0.318732
3.395 -51.4018 1999.68 22205.2 51.4018 -1999.68 0.354371
3.4 -51.4005 1999.7 22204.8 51.4005 -1999.7 0.230397
3.405 -51.3992 1999.71 22204.3 51.3992 -1999.71 0.135092
3.41 -51.3978 1999.73 22203.8 51.3978 -1999.73 0.0612131
3.415 -51.3963 1999.75 22203.2 51.3963 -1999.75 0.00517134
3.42 -51.3949 1999.76 22202.6 51.3949 -1999.76 -0.0360707
3.425 -51.3935 1999.78 22202 51.3935 -1999.78 -0.065102
3.43 -51.3921 1999.8 22201.5 51.3921 -1999.8 -0.0841771
3.435 -51.3907 1999.82 22200.9 51.3907 -1999.82 -0.0952972
3.44 -51.3894 1999.83 22200.3 51.3894 -1999.83 -0.100252
3.445 -51.3882 1999.85 22199.8 51.3882 -1999.85 -0.100618
3.45 -51.39 1999.97 22200.2 51.39 -1999.97 0.252454
3.455 -51.3949 2000.12 22201.9 51.3949 -2000.12 0.725413
3.46 -51.3964 2000.1 22202.7 51.3964 -2000.1 0.589943
3.465 -51.3979 2000.08 22203.4 51.3979 -2000.08 0.480097
3.47 -51.3993 2000.06 22204.1 51.3993 -2000.06 0.390656
3.475 -51.4005 2000.05 22204.7 51.4005 -2000.05 0.317811
3.48 -51.4018 2000.04 22205.3 51.4018 -2000.04 0.258463
3.485 -51.4029 2000.03 22205.9 51.4029 -2000.03 0.21009
3.49 -51.4041 2000.02 22206.4 51.4041 -2000.02 0.170639
3.495 -51.4052 2000.02 22206.9 51.4052 -2000.02 0.138444
3.5 -51.4063 2000.01 22207.4 51.4063 -2000.01 0.112149
3.505 -51.4075 2000.01 22207.9 51.4075 -2000.01 0.0906492
3.51 -51.4087 2000.01 22208.5 51.4087 -2000.01 0.073047
3.515 -51.4099 2000.01 22209 51.4099 -2000.01 0.0586103
3.52 -51.4111 2000 22209.6 51.4111 -2000 0.046744
3.525 -51.4124 2000 22210.1 51.4124 -2000 0.036967
3.53 -51.4137 2000 22210.7 51.4137 -2000 0.0288928
3.535 -51.4151 2000 22211.3 51.4151 -2000 0.022212
3.54 -51.4164 2000 22211.9 51.4164 -2000 0.016678
3.545 -51.4178 2000 22212.5 51.4178 -2000 0.0120915
3.55 -51.4192 2000 22213.1 51.4192 -2000 0.0082881
3.555 -51.4206 2000 22213.7 51.4206 -2000 0.0051303
3.56 -51.422 2000 22214.3 51.422 -2000 0.00250409
3.565 -51.4234 1999.99 22214.9 51.4234 -1999.99 0.000316315
3.57 -51.4249 1999.99 22215.5 51.4249 -1999.99 -0.00150734
3.575 -51.4263 1999.99 22216.2 51.4263 -1999.99 -0.00302511
3.58 -51.4277 1999.99 22216.8 51.4277 -1999.99 -0.00428445
3.585 -51.4291 1999.99 22217.4 51.4291 -1999.99 -0.00532703
3.59 -51.4305 1999.99 22218 51.4305 -1999.99 -0.00618953
3.595 -51.4318 1999.99 22218.6 51.4318 -1999.99 -0.00690164
3.6 -51.4332 1999.99 22219.1 51.4332 -1999.99 -0.00748511
3.605 -51.4345 1999.99 22219.7 51.4345 -1999.99 -0.00795502
3.61 -51.4359 1999.99 22220.3 51.4359 -1999.99 -0.00832191
3.615 -51.4372 1999.99 22220.9 51.4372 -1999.99 -0.00859369
3.62 -51.4384 1999.99 22221.4 51.4384 -1999.99 -0.00877757
3.625 -51.4396 1999.99 22221.9 51.4396 -1999.99 -0.00888156
3.63 -51.4409 1999.99 22222.5 51.4409 -1999.99 -0.0089142
3.635 -51.442 1999.99 22223 51.442 -1999.99 -0.00888346
3.64 -51.4431 1999.99 22223.4 51.4431 -1999.99 -0.0087968
3.645 -51.4442 1999.99 22223.9 51.4442 -1999.99 -0.00866235
3.65 -51.4453 1999.99 22224.4 51.4453 -1999.99 -0.00849046
3.655 -51.4463 1999.99 22224.8 51.4463 -1999.99 -0.00829472
3.66 -51.4473 1999.99 22225.3 51.4473 -1999.99 -0.00809299
3.665 -51.4483 1999.99 22225.7 51.4483 -1999.99 -0.00790735
3.67 -51.4493 1999.99 22226.1 51.4493 -1999.99 -0.00776166
3.675 -51.4503 1999.99 22226.5 51.4503 -1999.99 -0.00767788
3.68 -51.4513 1999.99 22227 51.4513 -1999.99 -0.00767383
3.685 -51.4524 1999.99 22227.4 51.4524 -1999.99 -0.00776298
3.69 -51.4534 1999.99 22227.9 51.4534 -1999.99 -0.00795536
3.695 -51.4545 1999.99 22228.4 51.4545 -1999.99 -0.00826016
3.7 -51.4557 1999.99 22228.9 51.4557 -1999.99 -0.00868941
3.705 -51.4569 1999.99 22229.4 51.4569 -1999.99 -0.00925889
3.71 -51.4581 1999.99 22229.9 51.4581 -1999.99 -0.00998477
3.715 -51.4594 1999.99 22230.5 51.4594 -1999.99 -0.0108802
3.72 -51.4608 1999.99 22231.1 51.4608 -1999.99 -0.0119547
3.725 -51.4622 1999.99 22231.7 51.4622 -1999.99 -0.0132141
3.73 -51.4636 1999.99 22232.3 51.4636 -1999.99 -0.0146593
3.735 -51.4651 1999.99 22232.9 51.4651 -1999.99 -0.0162828
3.74 -51.4666 1999.99 22233.6 51.4666 -1999.99 -0.0180631
3.745 -51.4682 1999.98 22234.3 51.4682 -1999.98 -0.0199592
3.75 -51.4698 1999.98 22235 51.4698 -1999.98 -0.0219138
3.755 -51.4713 1999.98 22235.6 51.4713 -1999.98 -0.0238673
3.76 -51.4741 2000.02 22236.7 51.4741 -2000.02 0.109995
3.765 -51.4797 2000.13 22238.8 51.4797 -2000.13 0.431344
3.77 -51.4831 2000.11 22240.4 51.4831 -2000.11 0.35092
3.775 -51.4867 2000.09 22242 51.4867 -2000.09 0.285362
3.78 -51.4903 2000.07 22243.6 51.4903 -2000.07 0.231694
3.785 -51.494 2000.05 22245.2 51.494 -2000.05 0.187741
3.79 -51.4978 2000.04 22246.9 51.4978 -2000.04 0.15172
3.795 -51.5017 2000.03 22248.6 51.5017 -2000.03 0.122166
3.8 -51.5057 2000.03 22250.4 51.5057 -2000.03 0.0978788
3.805 -51.5099 2000.02 22252.2 51.5099 -2000.02 0.0778667
3.81 -51.5142 2000.01 22254.1 51.5142 -2000.01 0.0613145
3.815 -51.5187 2000.01 22256 51.5187 -2000.01 0.0475503
3.82 -51.5234 2000 22258.1 51.5234 -2000 0.0305076
3.825 -51.528 1999.98 22260.1 51.528 -1999.98 -0.000674939
3.83 -51.5331 1999.98 22262.3 51.5331 -1999.98 -0.00209386
3.835 -51.5385 1999.99 22264.6 51.5385 -1999.99 -0.00348481
3.84 -51.5442 1999.99 22267.1 51.5442 -1999.99 -0.00484519
3.845 -51.5502 1999.99 22269.7 51.5502 -1999.99 -0.00621631
3.85 -51.5565 1999.99 22272.4 51.5565 -1999.99 -0.00763633
3.855 -51.5631 1999.99 22275.3 51.5631 -1999.99 -0.00914125
3.86 -51.5702 1999.98 22278.3 51.5702 -1999.98 -0.0107642
3.865 -51.5776 1999.98 22281.5 51.5776 -1999.98 -0.0125347
3.87 -51.5853 1999.98 22284.9 51.5853 -1999.98 -0.0144816
3.875 -51.5935 1999.98 22288.4 51.5935 -1999.98 -0.0166425
3.88 -51.6021 1999.98 22292.1 51.6021 -1999.98 -0.0190696
3.885 -51.6112 1999.98 22296.1 51.6112 -1999.98 -0.0218186
3.89 -51.6207 1999.97 22300.2 51.6207 -1999.97 -0.0249365
3.895 -51.6306 1999.97 22304.5 51.6306 -1999.97 -0.0284592
3.9 -51.641 1999.97 22308.9 51.641 -1999.97 -0.0324101
3.905 -51.6517 1999.96 22313.6 51.6517 -1999.96 -0.0367925
3.91 -51.6628 1999.96 22318.4 51.6628 -1999.96 -0.0416004
3.915 -51.6743 1999.95 22323.3 51.6743 -1999.95 -0.0468374
3.92 -51.686 1999.94 22328.4 51.686 -1999.94 -0.0525145
3.925 -51.6979 1999.94 22333.6 51.6979 -1999.94 -0.0586296
3.93 -51.7101 1999.93 22338.8 51.7101 -1999.93 -0.0651578
3.935 -51.7223 1999.92 22344.1 51.7223 -1999.92 -0.0720638
3.94 -51.7384 2000.08 22350.7 51.7384 -2000.08 0.314445
3.945 -51.7599 2000.38 22359.3 51.7599 -2000.38 1.01204
3.95 -51.7758 2000.31 22366.3 51.7758 -2000.31 0.824896
3.955 -51.7918 2000.25 22373.4 51.7918 -2000.25 0.672514
3.96 -51.808 2000.2 22380.5 51.808 -2000.2 0.547808
3.965 -51.8242 2000.16 22387.6 51.8242 -2000.16 0.445758
3.97 -51.8404 2000.13 22394.7 51.8404 -2000.13 0.362255
3.975 -51.8565 2000.1 22401.7 51.8565 -2000.1 0.293938
3.98 -51.8725 2000.08 22408.7 51.8725 -2000.08 0.23806
3.985 -51.8882 2000.07 22415.5 51.8882 -2000.07 0.192371
3.99 -51.9037 2000.05 22422.2 51.9037 -2000.05 0.155032
3.995 -51.9189 2000.04 22428.8 51.9189 -2000.04 0.124537
4 -51.9337 2000.03 22435.2 51.9337 -2000.03 0.0996538
4.005 -51.9481 2000.02 22441.5 51.9481 -2000.02 0.0793731
4.01 -51.9621 2000.02 22447.5 51.9621 -2000.02 0.062868
4.015 -51.9756 2000.01 22453.4 51.9756 -2000.01 0.0494603
4.02 -51.9887 2000.01 22459.1 51.9887 -2000.01 0.0385927
4.025 -52.0012 2000 22464.5 52.0012 -2000 0.0298074
4.03 -52.0133 2000 22469.7 52.0133 -2000 0.0227283
4.035 -52.0249 2000 22474.7 52.0249 -2000 0.0170473
4.04 -52.0359 2000 22479.5 52.0359 -2000 0.0125117
4.045 -52.0464 2000 22484 52.0464 -2000 0.00891431
4.05 -52.0564 2000 22488.4 52.0564 -2000 0.00608515
4.055 -52.0658 2000 22492.4 52.0658 -2000 0.00388455
4.06 -52.0746 2000 22496.2 52.0746 -2000 0.00219773
4.065 -52.0828 1999.99 22499.8 52.0828 -1999.99 0.000930142
4.07 -52.0904 2000 22503.1 52.0904 -2000 3.43425e-06
4.075 -52.0974 2000 22506.1 52.0974 -2000 -0.000647785
4.08 -52.1038 2000 22508.8 52.1038 -2000 -0.00107836
4.085 -52.1095 2000 22511.3 52.1095 -2000 -0.00133464
4.09 -52.1146 2000 22513.5 52.1146 -2000 -0.00147293
4.095 -52.1191 2000 22515.4 52.1191 -2000 -0.00152015
4.1 -52.1229 2000 22517.1 52.1229 -2000 -0.00148285
4.105 -52.1262 2000 22518.5 52.1262 -2000 -0.00138727
4.11 -52.1288 2000 22519.7 52.1288 -2000 -0.00125464
4.115 -52.1309 2000 22520.5 52.1309 -2000 -0.00110222
4.12 -52.1324 2000 22521.2 52.1324 -2000 -0.00094399
4.125 -52.1333 2000 22521.6 52.1333 -2000 -0.000791054
4.13 -52.1336 2000 22521.7 52.1336 -2000 -0.000652068
4.135 -52.1128 1999.99 22516.1 52.1128 -1999.99 -3.39503
4.14 -52.0609 1999.98 22497.1 52.0609 -1999.98 -6.85648
4.145 -51.9922 1999.98 22466.2 51.9922 -1999.98 -5.58674
4.15 -51.894 1999.98 22422.7 51.894 -1999.98 -4.5137
4.155 -51.7676 1999.99 22367.2 51.7676 -1999.99 -3.57545
4.16 -51.6147 1999.98 22300.3 51.6147 -1999.98 -2.71803
4.165 -51.4371 1999.98 22222.7 51.4371 -1999.98 -1.89564
4.17 -51.2368 1999.98 22135.4 51.2368 -1999.98 -1.07098
4.175 -51.0158 1999.97 22039.1 51.0158 -1999.97 -0.216107
4.18 -50.7768 1999.96 21934.9 50.7768 -1999.96 0.683372
4.185 -50.5225 1999.94 21824.1 50.5225 -1999.94 1.64603
4.19 -50.2656 2000.03 21707.7 50.2656 -2000.03 6.99245
4.195 -49.9883 2000.24 21584.4 49.9883 -2000.24 10.5385
4.2 -49.6907 2000.33 21455.3 49.6907 -2000.33 11.0542
4.205 -49.3894 2000.22 21325.1 49.3894 -2000.22 11.1198
4.21 -49.0918 2000.14 21196.3 49.0918 -2000.14 11.3037
4.215 -48.8008 2000.06 21070.4 48.8008 -2000.06 11.5301
4.22 -48.5189 2000 20948.4 48.5189 -2000 11.7378
4.225 -48.2477 1999.95 20831.1 48.2477 -1999.95 11.8817
4.23 -47.9887 1999.91 20719.2 47.9887 -1999.91 11.9308
4.235 -47.7429 1999.88 20613.1 47.7429 -1999.88 11.8666
4.24 -47.5109 1999.86 20513 47.5109 -1999.86 11.6817
4.245 -47.2932 1999.85 20419.3 47.2932 -1999.85 11.3783
4.25 -47.0898 1999.84 20331.8 47.0898 -1999.84 10.9666
4.255 -46.9006 1999.86 20250.4 46.9006 -1999.86 10.6498
4.26 -46.7235 1999.92 20174 46.7235 -1999.92 10.55
4.265 -46.5582 1999.91 20103.3 46.5582 -1999.91 9.81455
4.27 -46.4067 1999.9 20038.6 46.4067 -1999.9 9.0525
4.275 -46.2683 1999.88 19979.6 46.2683 -1999.88 8.26682
4.28 -46.1427 1999.85 19926.2 46.1427 -1999.85 7.47382
4.285 -46.0298 1999.86 19878.2 46.0298 -1999.86 6.73061
4.29 -45.9289 1999.88 19835.3 45.9289 -1999.88 6.01044
4.295 -45.8396 1999.89 19797.4 45.8396 -1999.89 5.32049
4.3 -45.7616 1999.9 19764.3 45.7616 -1999.9 4.66713
4.305 -45.6946 1999.91 19736 45.6946 -1999.91 4.05531
4.31 -45.6387 1999.93 19712.3 45.6387 -1999.93 3.58714
4.315 -45.5935 1999.95 19693.3 45.5935 -1999.95 3.11232
4.32 -45.5588 1999.95 19678.8 45.5588 -1999.95 2.61536
4.325 -45.5348 1999.96 19668.9 45.5348 -1999.96 2.17518
4.33 -45.5212 1999.97 19663.4 45.5212 -1999.97 1.79271
4.335 -45.5179 1999.97 19662.3 45.5179 -1999.97 1.46827
4.34 -45.5377 1999.92 19669 45.5377 -1999.92 3.25719
4.345 -45.5763 1999.88 19684.6 45.5763 -1999.88 4.38745
4.35 -45.6303 1999.9 19708.7 45.6303 -1999.9 3.58687
4.355 -45.7041 1999.93 19741.2 45.7041 -1999.93 2.9497
4.36 -45.7965 1999.96 19781.7 45.7965 -1999.96 2.43718
4.365 -45.9068 1999.96 19829.8 45.9068 -1999.96 1.99128
4.37 -46.0338 1999.97 19885 46.0338 -1999.97 1.62488
4.375 -46.1757 1999.98 19946.6 46.1757 -1999.98 1.32153
4.38 -46.3298 1999.98 20013.4 46.3298 -1999.98 1.06689
4.385 -46.4932 1999.99 20084.2 46.4932 -1999.99 0.848437
4.39 -46.663 1999.99 20157.8 46.663 -1999.99 0.655563
4.395 -46.8364 1999.99 20232.9 46.8364 -1999.99 0.479619
4.4 -47.0088 2000.07 20307.3 47.0088 -2000.07 0.470834
4.405 -47.1776 2000.13 20380.3 47.1776 -2000.13 0.428349
4.41 -47.3431 2000.11 20452 47.3431 -2000.11 0.233493
4.415 -47.5051 2000.09 20522.2 47.5051 -2000.09 0.0524142
4.42 -47.6627 2000.08 20590.4 47.6627 -2000.08 -0.115619
4.425 -47.8149 2000.07 20656.3 47.8149 -2000.07 -0.270538
4.43 -47.9611 2000.07 20719.6 47.9611 -2000.07 -0.411476
4.435 -48.1009 2000.06 20780.1 48.1009 -2000.06 -0.537366
4.44 -48.2344 2000.06 20837.9 48.2344 -2000.06 -0.647762
4.445 -48.3619 2000.05 20893.1 48.3619 -2000.05 -0.74346
4.45 -48.4842 2000.05 20946 48.4842 -2000.05 -0.826767
4.455 -48.6023 2000.03 20997.1 48.6023 -2000.03 -0.952732
4.46 -48.7182 2000.02 21047.3 48.7182 -2000.02 -1.04142
4.465 -48.8342 2000.03 21097.5 48.8342 -2000.03 -1.10407
4.47 -48.952 2000.03 21148.5 48.952 -2000.03 -1.18527
4.475 -49.074 2000.04 21201.3 49.074 -2000.04 -1.29749
4.48 -49.202 2000.04 21256.7 49.202 -2000.04 -1.45563
4.485 -49.3374 2000.05 21315.5 49.3374 -2000.05 -1.67694
4.49 -49.4812 2000.06 21377.9 49.4812 -2000.06 -1.98121
4.495 -49.6339 2000.07 21444.3 49.6339 -2000.07 -2.39211
4.5 -49.7958 2000.09 21514.7 49.7958 -2000.09 -2.93972
4.505 -49.9667 2000.1 21589.3 49.9667 -2000.1 -3.66543
4.51 -50.1458 2000.15 21667.5 50.1458 -2000.15 -4.48453
4.515 -50.3282 2000.25 21747 50.3282 -2000.25 -5.16884
4.52 -50.5159 2000.23 21828.5 50.5159 -2000.23 -5.59538
4.525 -50.7074 2000.23 21911.6 50.7074 -2000.23 -6.01897
4.53 -50.8946 2000.24 21995.4 50.8946 -2000.24 -8.9331
4.535 -51.0795 2000.26 22078.6 51.0795 -2000.26 -12.2773
4.54 -51.2577 2000.27 22159.4 51.2577 -2000.27 -16.0718
4.545 -51.4253 2000.27 22235.9 51.4253 -2000.27 -20.1774
4.55 -51.579 2000.28 22306.4 51.579 -2000.28 -24.2615
4.555 -51.7164 2000.29 22369.5 51.7164 -2000.29 -27.9754
4.56 -51.8346 2000.23 22423.8 51.8346 -2000.23 -31.1911
4.565 -51.8781 1999.43 22453.2 51.8781 -1999.43 -41.9148
4.57 -51.9143 1999.03 22473.2 51.9143 -1999.03 -46.195
4.575 -51.964 1999.13 22490.4 51.964 -1999.13 -41.9084
4.58 -52.0088 1999.33 22504.8 52.0088 -1999.33 -36.9408
4.585 -52.0479 1999.5 22516.8 52.0479 -1999.5 -32.0483
4.59 -52.0824 1999.62 22527.1 52.0824 -1999.62 -27.4953
4.595 -52.1133 1999.72 22536.3 52.1133 -1999.72 -23.3971
4.6 -52.1412 1999.79 22544.8 52.1412 -1999.79 -19.7878
4.605 -52.1668 1999.84 22552.7 52.1668 -1999.84 -16.6563
4.61 -52.1885 1999.72 22559.6 52.1885 -1999.72 -14.1131
4.615 -52.2095 1999.65 22566.4 52.2095 -1999.65 -11.9119
4.62 -52.2313 1999.72 22573.8 52.2313 -1999.72 -9.93037
4.625 -52.2522 1999.77 22581.2 52.2522 -1999.77 -8.26536
4.63 -52.2726 1999.81 22588.6 52.2726 -1999.81 -6.87095
4.635 -52.2925 1999.85 22596.1 52.2925 -1999.85 -5.70615
4.64 -52.3121 1999.87 22603.6 52.3121 -1999.87 -4.73517
4.645 -52.3316 1999.89 22611.2 52.3316 -1999.89 -3.92716
4.65 -52.3509 1999.91 22618.9 52.3509 -1999.91 -3.25578
4.655 -52.3701 1999.92 22626.6 52.3701 -1999.92 -2.69868
4.66 -52.3892 1999.93 22634.4 52.3892 -1999.93 -2.23699
4.665 -52.4082 1999.93 22642.2 52.4082 -1999.93 -1.85481
4.67 -52.4272 1999.94 22650.1 52.4272 -1999.94 -1.53881
4.675 -52.446 1999.94 22658 52.446 -1999.94 -1.27776
4.68 -52.4648 1999.94 22665.8 52.4648 -1999.94 -1.06238
4.685 -52.4834 1999.94 22673.7 52.4834 -1999.94 -0.884896
4.69 -52.5019 1999.94 22681.6 52.5019 -1999.94 -0.738783
4.695 -52.5203 1999.94 22689.4 52.5203 -1999.94 -0.618652
4.7 -52.5386 1999.94 22697.2 52.5386 -1999.94 -0.520039
4.705 -52.5567 1999.94 22704.9 52.5567 -1999.94 -0.43925
4.71 -52.5747 1999.94 22712.7 52.5747 -1999.94 -0.373239
4.715 -52.5926 1999.94 22720.3 52.5926 -1999.94 -0.319499
4.72 -52.6104 1999.93 22728 52.6104 -1999.93 -0.27598
4.725 -52.6281 1999.93 22735.6 52.6281 -1999.93 -0.241008
4.73 -52.6456 1999.93 22743.1 52.6456 -1999.93 -0.213225
4.735 -52.6631 1999.92 22750.6 52.6631 -1999.92 -0.191549
4.74 -52.6804 1999.92 22758.1 52.6804 -1999.92 -0.175134
4.745 -52.6977 1999.91 22765.5 52.6977 -1999.91 -0.163348
4.75 -52.7148 1999.9 22772.9 52.7148 -1999.9 -0.15576
4.755 -52.7318 1999.89 22780.3 52.7318 -1999.89 -0.152147
4.76 -52.7486 1999.88 22787.5 52.7486 -1999.88 -0.152524
4.765 -52.7652 1999.87 22794.7 52.7652 -1999.87 -0.157224
4.77 -52.7816 1999.85 22801.8 52.7816 -1999.85 -0.167073
4.775 -52.7976 1999.82 22808.7 52.7976 -1999.82 -0.183784
4.78 -52.8131 1999.79 22815.5 52.8131 -1999.79 -0.210932
4.785 -52.8279 1999.73 22821.9 52.8279 -1999.73 -0.256832
4.79 -52.8411 1999.63 22827.7 52.8411 -1999.63 -0.345864
4.795 -52.8494 1999.32 22831.5 52.8494 -1999.32 -0.615645
4.8 -0.570151 -200.866 172.483 0.570151 200.866 73.8226
