0.1 -4.38256e-32 200 5.15143e-14
0.2 2.33737e-31 400 1.20792e-13
0.3 -1.46085e-31 600 -4.26326e-14
0.4 -6.13558e-31 800 2.84217e-14
0.5 9.9338e-31 1000 1.27898e-13
0.6 -3.50605e-31 1200 -2.55795e-13
0.7 -4.67473e-31 1400 3.83693e-13
0.8 1.69459e-30 1600 -1.27898e-13
0.9 -1.63616e-30 1800 -5.11591e-13
1 -4.67473e-31 2000 -2.70006e-13
0.005 0.00126605 2000 -0.547897
0.01 0.00632467 2000 -2.73401
0.015 0.016431 2000 -7.09965
0.02 0.0315733 2000 -13.6409
0.025 0.0517381 2000 -22.3519
0.03 0.076912 2000 -33.227
0.035 0.10708 2000 -46.2596
0.04 0.142228 2000 -61.4434
0.045 0.182338 2000 -78.7711
0.05 0.227394 2000 -98.2356
0.055 0.277379 2000 -119.829
0.06 0.332272 2000 -143.543
0.065 0.392055 2000 -169.37
0.07 0.456706 2000 -197.3
0.075 0.526205 2000 -227.323
0.08 0.600525 2000 -259.43
0.085 0.679642 2000 -293.609
0.09 0.763529 2000 -329.849
0.095 0.852166 2000 -368.141
0.1 0.94553 2000 -408.475
0.105 1.0436 2000 -450.843
0.11 1.14637 2000 -495.239
0.115 1.25382 2000 -541.656
0.12 1.36592 2000 -590.088
0.125 1.48267 2000 -640.525
0.13 1.60405 2000 -692.959
0.135 1.73002 2000 -747.378
0.14 1.86055 2000 -803.771
0.145 1.99562 2000 -862.121
0.15 2.13518 2000 -922.414
0.155 2.27919 2000 -984.627
0.16 2.4276 2000 -1048.74
0.165 2.58037 2000 -1114.74
0.17 2.73748 2000 -1182.61
0.175 2.89888 2000 -1252.34
0.18 3.06456 2000 -1323.91
0.185 3.2345 2000 -1397.33
0.19 3.40869 2000 -1472.58
0.195 3.58713 2000 -1549.67
0.2 3.76979 2000 -1628.58
0.205 3.95663 2000 -1709.29
0.21 4.14763 2000 -1791.81
0.215 4.34274 2000 -1876.1
0.22 4.54189 2000 -1962.13
0.225 4.745 2000 -2049.88
0.23 4.95202 2000 -2139.31
0.235 5.16286 1999.99 -2230.4
0.24 5.37745 1999.99 -2323.1
0.245 5.5957 1999.99 -2417.39
0.25 5.81757 1999.99 -2513.23
0.255 6.043 1999.99 -2610.62
0.26 6.27199 1999.99 -2709.55
0.265 6.50457 1999.99 -2810.02
0.27 6.74078 1999.99 -2912.07
0.275 6.98066 1999.99 -3015.7
0.28 7.22421 1999.99 -3120.92
0.285 7.4714 1999.99 -3227.7
0.29 7.72219 1999.99 -3336.04
0.295 7.97653 1999.99 -3445.92
0.3 8.2344 1999.99 -3557.32
0.305 8.49575 1999.99 -3670.23
0.31 8.76053 1999.99 -3784.61
0.315 9.02865 1999.99 -3900.44
0.32 9.3 1999.99 -4017.67
0.325 9.5745 1999.99 -4136.26
0.33 9.85211 1999.99 -4256.19
0.335 10.1328 1999.99 -4377.46
0.34 10.4166 1999.99 -4500.07
0.345 10.7035 1999.99 -4624
0.35 10.9933 1999.99 -4749.21
0.355 11.2861 1999.99 -4875.68
0.36 11.5816 1999.99 -5003.36
0.365 11.8799 1999.99 -5132.21
0.37 12.1809 1999.99 -5262.23
0.375 12.4844 1999.99 -5393.38
0.38 12.7906 1999.99 -5525.64
0.385 13.0993 1999.99 -5659.01
0.39 13.4105 1999.99 -5793.44
0.395 13.7241 1999.99 -5928.93
0.4 14.0401 1999.99 -6065.45
0.405 14.3585 1999.99 -6202.97
0.41 14.6791 1999.99 -6341.49
0.415 15.002 1999.99 -6480.97
0.42 15.3271 1999.99 -6621.4
0.425 15.6543 1999.99 -6762.76
0.43 15.9835 1999.98 -6905.01
0.435 16.3149 1999.98 -7048.15
0.44 16.6482 1999.98 -7192.14
0.445 16.9834 1999.98 -7336.97
0.45 17.3206 1999.98 -7482.62
0.455 17.6595 1999.98 -7629.06
0.46 18.0003 1999.98 -7776.27
0.465 18.3428 1999.98 -7924.22
0.47 18.687 1999.98 -8072.91
0.475 19.0328 1999.98 -8222.3
0.48 19.3802 1999.98 -8372.39
0.485 19.7293 1999.98 -8523.22
0.49 20.0802 1999.98 -8674.81
0.495 20.433 1999.98 -8827.2
0.5 20.7876 1999.98 -8980.38
0.505 21.144 1999.98 -9134.37
0.51 21.5023 1999.98 -9289.18
0.515 21.8625 1999.98 -9444.79
0.52 22.2245 1999.98 -9601.16
0.525 22.5881 1999.98 -9758.23
0.53 22.9532 1999.98 -9915.98
0.535 23.3199 1999.98 -10074.4
0.54 23.6881 1999.98 -10233.4
0.545 24.0536 1999.99 -10391.9
0.55 24.4191 2000.01 -10550.2
0.555 24.7874 2000 -10709.1
0.56 25.1487 2000.03 -10866.1
0.565 25.512 2000.03 -11023.3
0.57 25.877 2000.02 -11180.6
0.575 26.241 2000.01 -11337.6
0.58 26.6042 2000.01 -11494.2
0.585 26.9663 2000 -11650.5
0.59 27.3089 2000.08 -11800.9
0.595 27.655 2000.11 -11951.3
0.6 28.0062 2000.09 -12102.3
0.605 28.3564 2000.07 -12253
0.61 28.7058 2000.05 -12403.4
0.615 29.0425 2000.11 -12549.6
0.62 29.376 2000.14 -12694
0.625 29.7121 2000.11 -12838.6
0.63 30.034 2000.16 -12978.9
0.635 30.3426 2000.23 -13113.5
0.64 30.6584 2000.18 -13249
0.645 30.9735 2000.14 -13384.3
0.65 31.2878 2000.11 -13519.5
0.655 31.6014 2000.09 -13654.5
0.66 31.9144 2000.07 -13789.3
0.665 32.2267 2000.05 -13923.9
0.67 32.5384 2000.03 -14058.3
0.675 32.8228 2000.23 -14183.3
0.68 33.0946 2000.37 -14302.7
0.685 33.3699 2000.33 -14421.6
0.69 33.6481 2000.26 -14540.8
0.695 33.9261 2000.21 -14660.1
0.7 34.2042 2000.17 -14779.6
0.705 34.4825 2000.13 -14899.2
0.71 34.7607 2000.1 -15019
0.715 35.0384 2000.08 -15138.6
0.72 35.3149 2000.06 -15257.8
0.725 35.5895 2000.04 -15376.2
0.73 35.8615 2000.03 -15493.5
0.735 36.1278 2000.04 -15608.6
0.74 36.367 2000.16 -15713
0.745 36.6055 2000.14 -15815.9
0.75 36.8368 2000.13 -15916
0.755 37.0666 2000.1 -16014.9
0.76 37.2932 2000.08 -16112.5
0.765 37.5169 2000.06 -16208.8
0.77 37.7381 2000.05 -16304.2
0.775 37.957 2000.03 -16398.6
0.78 38.174 2000.02 -16492.1
0.785 38.389 2000.02 -16584.9
0.79 38.6023 2000.01 -16676.9
0.795 38.8137 2000 -16768.2
0.8 39.0233 2000 -16858.7
0.805 39.2312 2000 -16948.4
0.81 39.4376 1999.99 -17037.5
0.815 39.6429 1999.99 -17126.2
0.82 39.8472 1999.99 -17214.4
0.825 40.0344 2000.08 -17296
0.83 40.2235 2000.07 -17377.5
0.835 40.4122 2000.05 -17458.9
0.84 40.6008 2000.04 -17540.3
0.845 40.7895 2000.03 -17621.7
0.85 40.9755 2000.04 -17702.4
0.855 41.1607 2000.06 -17782.8
0.86 41.3461 2000.06 -17863
0.865 41.5321 2000.05 -17943.2
0.87 41.7162 2000.05 -18022.8
0.875 41.9012 2000.04 -18102.5
0.88 42.0858 2000.03 -18182.1
0.885 42.27 2000.02 -18261.5
0.89 42.4533 2000.01 -18340.6
0.895 42.6352 2000.01 -18419
0.9 42.8148 2000 -18496.6
0.905 42.9913 2000 -18572.7
0.91 43.1599 2000.03 -18646.1
0.915 43.321 2000.06 -18716.3
0.92 43.4793 2000.05 -18784.4
0.925 43.6317 2000.04 -18850
0.93 43.7783 2000.03 -18913.2
0.935 43.9192 2000.02 -18973.9
0.94 44.0547 2000.02 -19032.3
0.945 44.185 2000.02 -19088.6
0.95 44.3053 2000.06 -19140.7
0.955 44.4231 2000.05 -19191.5
0.96 44.5384 2000.04 -19241.2
0.965 44.6516 2000.03 -19290
0.97 44.763 2000.02 -19338
0.975 44.8733 2000.02 -19385.6
0.98 44.9828 2000.01 -19432.9
0.985 45.0873 2000.05 -19478.7
0.99 45.1919 2000.07 -19524.2
0.995 45.2979 2000.05 -19569.8
1 45.4038 2000.04 -19615.4
1.005 45.5096 2000.03 -19660.9
1.01 45.6147 2000.03 -19706.2
1.015 45.7187 2000.02 -19751.1
1.02 45.8193 2000.03 -19794.6
1.025 45.9183 2000.02 -19837.3
1.03 46.0145 2000.02 -19878.8
1.035 46.1076 2000.01 -19919
1.04 46.1976 2000.01 -19957.8
1.045 46.2847 2000.01 -19995.3
1.05 46.3693 2000.01 -20031.8
1.055 46.4517 2000.01 -20067.4
1.06 46.5321 2000 -20102.1
1.065 46.611 2000 -20136.2
1.07 46.6885 2000 -20169.6
1.075 46.7645 2000.01 -20202.5
1.08 46.836 2000.03 -20233.8
1.085 46.9077 2000.02 -20264.7
1.09 46.9781 2000.02 -20295
1.095 47.0468 2000.02 -20324.6
1.1 47.1132 2000.01 -20353.3
1.105 47.1766 2000.01 -20380.6
1.11 47.2363 2000.01 -20406.4
1.115 47.2916 2000.01 -20430.2
1.12 47.3422 2000.01 -20452.1
1.125 47.3876 2000.01 -20471.6
1.13 47.4276 2000 -20488.9
1.135 47.4624 2000 -20503.9
1.14 47.4922 2000 -20516.7
1.145 47.5174 2000 -20527.6
1.15 47.5385 2000 -20536.7
1.155 47.5557 2000 -20544.2
1.16 47.5694 2000 -20550
1.165 47.5797 2000 -20554.5
1.17 47.5868 2000 -20557.5
1.175 47.591 2000 -20559.3
1.18 47.5926 2000 -20560.1
1.185 47.592 2000 -20559.8
1.19 47.5893 1999.99 -20558.7
1.195 47.5852 2000 -20556.9
1.2 47.5802 2000 -20554.7
1.205 47.5746 2000 -20552.3
1.21 47.569 2000 -20549.8
1.215 47.5634 2000 -20547.4
1.22 47.5575 2000 -20544.9
1.225 47.5509 2000 -20542
1.23 47.5429 2000 -20538.5
1.235 47.5327 2000 -20534.2
1.24 47.5196 2000 -20528.5
1.245 47.5027 2000 -20521.2
1.25 47.4816 2000 -20512.1
1.255 47.4559 2000 -20501
1.26 47.4256 2000 -20487.9
1.265 47.3905 2000 -20472.7
1.27 47.3507 2000 -20455.5
1.275 47.3061 2000 -20436.3
1.28 47.2565 2000 -20414.8
1.285 47.2018 2000 -20391.2
1.29 47.1419 2000 -20365.3
1.295 47.0769 2000 -20337.2
1.3 47.0067 2000 -20306.9
1.305 46.9316 2000 -20274.4
1.31 46.8518 2000 -20240
1.315 46.7676 2000 -20203.6
1.32 46.6792 2000 -20165.4
1.325 46.587 2000 -20125.6
1.33 46.4887 2000.02 -20083.5
1.335 46.385 2000.04 -20039.1
1.34 46.2796 2000.03 -19993.4
1.345 46.1712 2000.03 -19946.5
1.35 46.0602 2000.02 -19898.4
1.355 45.9471 2000.02 -19849.5
1.36 45.8323 2000.01 -19799.9
1.365 45.7169 2000.01 -19749.9
1.37 45.6015 2000.01 -19700
1.375 45.4869 2000.01 -19650.5
1.38 45.3738 2000.01 -19601.6
1.385 45.2627 2000.01 -19553.6
1.39 45.1524 2000.02 -19506.1
1.395 45.0456 2000.01 -19460
1.4 44.9419 2000.01 -19415.1
1.405 44.8408 2000.01 -19371.4
1.41 44.7418 2000.01 -19328.6
1.415 44.6442 2000.01 -19286.4
1.42 44.5469 2000 -19244.3
1.425 44.4487 2000 -19201.9
1.43 44.3438 2000.04 -19157.3
1.435 44.2369 2000.05 -19111.4
1.44 44.128 2000.04 -19064.2
1.445 44.0152 2000.03 -19015.3
1.45 43.8981 2000.03 -18964.6
1.455 43.7765 2000.02 -18911.9
1.46 43.6498 2000.02 -18857.1
1.465 43.5114 2000.06 -18797.6
1.47 43.3686 2000.05 -18735.8
1.475 43.2205 2000.04 -18671.7
1.48 43.0672 2000.03 -18605.4
1.485 42.9088 2000.03 -18536.9
1.49 42.7454 2000.02 -18466.3
1.495 42.5768 2000.02 -18393.4
1.5 42.4025 2000.02 -18318.1
1.505 42.2225 2000.01 -18240.3
1.51 42.0298 2000.06 -18158.1
1.515 41.8317 2000.09 -18073
1.52 41.6315 2000.07 -17986.2
1.525 41.4274 2000.06 -17897.8
1.53 41.2203 2000.05 -17808.1
1.535 41.0111 2000.04 -17717.6
1.54 40.8007 2000.03 -17626.5
1.545 40.5896 2000.03 -17535.2
1.55 40.3783 2000.02 -17443.8
1.555 40.1646 2000.03 -17351.8
1.56 39.9503 2000.04 -17259.4
1.565 39.7353 2000.04 -17166.5
1.57 39.5161 2000.05 -17072
1.575 39.2931 2000.05 -16975.8
1.58 39.0672 2000.05 -16878.2
1.585 38.8386 2000.04 -16779.3
1.59 38.6064 2000.04 -16678.8
1.595 38.3514 2000.14 -16569.5
1.6 38.0962 2000.11 -16458.9
1.605 37.838 2000.09 -16347.1
1.61 37.5774 2000.07 -16234.3
1.615 37.3151 2000.06 -16120.9
1.62 37.0518 2000.05 -16007
1.625 36.7881 2000.04 -15892.9
1.63 36.5242 2000.03 -15778.9
1.635 36.2602 2000.03 -15664.8
1.64 35.9962 2000.02 -15550.6
1.645 35.7317 2000.02 -15436.3
1.65 35.4663 2000.01 -15321.6
1.655 35.1992 2000.01 -15206.2
1.66 34.9293 2000.01 -15089.6
1.665 34.6555 2000.01 -14971.3
1.67 34.377 2000.01 -14851
1.675 34.0684 2000.19 -14720.3
1.68 33.7434 2000.32 -14581.6
1.685 33.4201 2000.26 -14441.1
1.69 33.0908 2000.21 -14298.2
1.695 32.7559 2000.17 -14153
1.7 32.416 2000.14 -14005.7
1.705 32.0712 2000.12 -13856.4
1.71 31.7214 2000.1 -13705
1.715 31.366 2000.08 -13551.2
1.72 31.0048 2000.06 -13395
1.725 30.6375 2000.05 -13236.1
1.73 30.2648 2000.04 -13075
1.735 29.8402 2000.36 -12896
1.74 29.4035 2000.52 -12710.1
1.745 28.9794 2000.43 -12525.5
1.75 28.5563 2000.35 -12341.5
1.755 28.137 2000.28 -12159.4
1.76 27.7241 2000.23 -11980.3
1.765 27.3192 2000.19 -11804.7
1.77 26.9138 2000.22 -11630
1.775 26.5119 2000.24 -11456.7
1.78 26.1213 2000.21 -11287.6
1.785 25.7229 2000.24 -11116.7
1.79 25.3264 2000.26 -10945.6
1.795 24.942 2000.21 -10778.7
1.8 24.5651 2000.17 -10615.1
1.805 24.1946 2000.14 -10454.5
1.81 23.8295 2000.11 -10296.4
1.815 23.4688 2000.09 -10140.2
1.82 23.1121 2000.07 -9985.79
1.825 22.7591 2000.06 -9833.02
1.83 22.3942 2000.11 -9677.28
1.835 22.033 2000.14 -9522.12
1.84 21.6795 2000.11 -9368.68
1.845 21.327 2000.09 -9215.84
1.85 20.9753 2000.08 -9063.44
1.855 20.6243 2000.06 -8911.41
1.86 20.2736 2000.05 -8759.61
1.865 19.9207 2000.05 -8607.17
1.87 19.5637 2000.05 -8453.16
1.875 19.2073 2000.04 -8298.89
1.88 18.8487 2000.04 -8143.82
1.885 18.4838 2000.04 -7986.42
1.89 18.1188 2000.04 -7828.47
1.895 17.7512 2000.03 -7669.49
1.9 17.3806 2000.02 -7509.21
1.905 17.0062 2000.02 -7347.31
1.91 16.6276 2000.02 -7183.63
1.915 16.2453 2000.01 -7018.41
1.92 15.8609 2000.01 -6852.27
1.925 15.4761 2000.01 -6685.96
1.93 15.0926 2000.01 -6520.23
1.935 14.712 2000 -6355.75
1.94 14.3356 2000 -6193.15
1.945 13.9649 2000 -6032.94
1.95 13.6001 2000 -5875.34
1.955 13.2414 2000 -5720.37
1.96 12.8883 2000 -5567.81
1.965 12.54 2000 -5417.33
1.97 12.1955 2000 -5268.52
1.975 11.8541 2000 -5121
1.98 11.5151 2000 -4974.55
1.985 11.1785 2000 -4829.14
1.99 10.8443 2000 -4684.77
1.995 10.5126 2000 -4541.44
2 10.1832 2000 -4399.17
2.005 9.85637 2000 -4257.96
2.01 9.5318 2000 -4117.75
2.015 9.20903 2000 -3978.31
2.02 8.88722 1999.99 -3839.28
2.025 8.56532 1999.99 -3700.22
2.03 8.24279 2000 -3560.89
2.035 7.91973 2000 -3421.32
2.04 7.59695 2000 -3281.89
2.045 7.27566 2000 -3143.09
2.05 6.95713 2000 -3005.47
2.055 6.64254 2000 -2869.57
2.06 6.33286 1999.99 -2735.8
2.065 6.02843 1999.99 -2604.28
2.07 5.72877 1999.99 -2474.82
2.075 5.43263 1999.99 -2346.88
2.08 5.13923 1999.99 -2220.14
2.085 4.84813 1999.99 -2094.39
2.09 4.55938 1999.99 -1969.64
2.095 4.27338 1999.99 -1846.09
2.1 3.99059 1999.99 -1723.93
2.105 3.71218 1999.98 -1603.62
2.11 3.43951 1999.98 -1485.83
2.115 3.17448 1999.98 -1371.36
2.12 2.91908 1999.99 -1261.03
2.125 2.67499 1999.98 -1155.61
2.13 2.44365 1999.99 -1055.67
2.135 2.22621 1999.99 -961.718
2.14 2.0232 1999.98 -873.978
2.145 1.83373 1999.99 -792.135
2.15 1.65702 1999.99 -715.823
2.155 1.49154 1999.99 -644.348
2.16 1.33557 1999.99 -576.97
2.165 1.18721 1999.99 -512.869
2.17 1.04421 1999.99 -451.108
2.175 0.904879 1999.98 -390.902
2.18 0.766488 1999.98 -331.12
2.185 0.626525 1999.98 -270.66
2.19 0.482714 1999.98 -208.533
2.195 0.333154 1999.99 -143.922
2.2 0.1766 1999.99 -76.2904
2.205 0.0125224 1999.99 -5.40874
2.21 -0.158945 1999.99 68.6653
2.215 -0.337038 1999.99 145.575
2.22 -0.519843 1999.99 224.497
2.225 -0.704441 1999.99 304.233
2.23 -0.887438 1999.99 383.304
2.235 -1.06519 1999.99 460.082
2.24 -1.23434 1999.99 533.164
2.245 -1.39252 1999.98 601.453
2.25 -1.53798 1999.98 664.201
2.255 -1.6693 1999.98 720.941
2.26 -1.78684 1999.98 771.755
2.265 -1.89188 1999.99 817.102
2.27 -1.98553 1999.99 857.542
2.275 -2.06982 1999.99 893.957
2.28 -2.14602 1999.99 926.886
2.285 -2.21434 1999.99 956.436
2.29 -2.2741 1999.99 982.288
2.295 -2.3239 1999.99 1003.84
2.3 -2.36275 1999.99 1020.6
2.305 -2.3895 1999.99 1032.16
2.31 -2.40348 1999.99 1038.22
2.315 -2.40442 1999.99 1038.64
2.32 -2.39222 1999.98 1033.32
2.325 -2.36712 1999.98 1022.45
2.33 -2.32988 1999.98 1006.39
2.335 -2.28171 1999.99 985.603
2.34 -2.22361 1999.99 960.518
2.345 -2.15656 1999.99 931.568
2.35 -2.08169 1999.99 899.239
2.355 -2.00042 1999.99 864.136
2.36 -1.91458 1999.99 827.062
2.365 -1.82671 2000 789.108
2.37 -1.74005 2000 751.678
2.375 -1.6583 2000 716.366
2.38 -1.58501 2000 684.709
2.385 -1.52314 2000 657.985
2.39 -1.47496 2000 637.171
2.395 -1.44219 2000 623.016
2.4 -1.42605 2000 616.048
2.405 -1.42708 2000 616.493
2.41 -1.44505 2000 624.256
2.415 -1.4792 2000 639.011
2.42 -1.52856 2000 660.336
2.425 -1.59208 2000 687.777
2.43 -1.6688 2000 720.918
2.435 -1.75815 2000 759.52
2.44 -1.86017 2000 803.592
2.445 -1.97511 2000 853.248
2.45 -2.10319 2000 908.576
2.455 -2.24465 2000 969.687
2.46 -2.40003 2000 1036.81
2.465 -2.56756 1999.86 1108.42
2.47 -2.74823 1999.8 1186.02
2.475 -2.94248 1999.83 1270.02
2.48 -3.15262 1999.86 1361
2.485 -3.37663 1999.87 1458.21
2.49 -3.61721 1999.88 1562.36
2.495 -3.87299 1999.9 1673.02
2.5 -4.14238 1999.9 1789.64
2.505 -4.42529 1999.9 1912.21
2.51 -4.72565 1999.9 2042.11
2.515 -5.04645 1999.92 2180.61
2.52 -5.3876 1999.93 2328.03
2.525 -5.75077 1999.93 2485.04
2.53 -6.13776 1999.94 2652.29
2.535 -6.55036 1999.94 2830.42
2.54 -6.98898 1999.95 3019.82
2.545 -7.4551 1999.95 3221.12
2.55 -7.95062 1999.96 3435.14
2.555 -8.47768 1999.96 3662.79
2.56 -9.03849 1999.96 3905.04
2.565 -9.63539 1999.96 4162.9
2.57 -10.2708 1999.95 4437.38
2.575 -10.9467 1999.95 4729.39
2.58 -11.6644 1999.95 5039.49
2.585 -12.4247 1999.94 5367.93
2.59 -13.2272 1999.94 5714.69
2.595 -14.0714 1999.93 6079.41
2.6 -14.9554 1999.92 6461.36
2.605 -15.877 1999.91 6859.56
2.61 -16.834 1999.91 7273.04
2.615 -17.8242 1999.9 7700.9
2.62 -18.8286 1999.96 8137.17
2.625 -19.8531 2000.03 8582.44
2.63 -20.9083 2000.03 9038.74
2.635 -21.9911 1999.99 9505.64
2.64 -23.0762 2000.04 9976.07
2.645 -24.1316 2000.26 10436.9
2.65 -25.1872 2000.39 10894.2
2.655 -26.228 2000.45 11344.1
2.66 -27.241 2000.57 11786.2
2.665 -28.271 2000.56 12232.1
2.67 -29.2228 2001.16 12649.3
2.675 -30.1695 2001.41 13060.5
2.68 -31.1142 2001.22 13467.3
2.685 -32.074 2000.96 13878.1
2.69 -32.9736 2001.3 14269.1
2.695 -33.852 2001.49 14649.5
2.7 -34.7459 2001.18 15032.3
2.705 -35.6206 2001 15409.3
2.71 -36.5004 2000.75 15786.7
2.715 -37.3658 2000.66 16159.2
2.72 -38.1699 2000.88 16507.8
2.725 -38.98 2000.65 16855.6
2.73 -39.7776 2000.54 17199.5
2.735 -40.5596 2000.51 17538.1
2.74 -41.3266 2000.49 17870
2.745 -42.0996 2000.36 18201.8
2.75 -42.8494 2000.67 18523.5
2.755 -43.5464 2001.03 18826.1
2.76 -44.2536 2000.8 19130.1
2.765 -44.9642 2000.78 19434
2.77 -45.6452 2000.89 19729.7
2.775 -46.3262 2000.78 20025.2
2.78 -46.9906 2000.92 20317.4
2.785 -47.66 2001 20610.4
2.79 -48.3248 2001.28 20900.1
2.795 -48.9694 2001.66 21182.4
2.8 -49.5821 2002.03 21451.5
2.805 -50.1767 2002.03 21713
2.81 -50.7749 2001.91 21972.9
2.815 -51.3895 2002.04 22230.5
2.82 -51.9531 2002.78 22471.3
2.825 -52.4909 2002.83 22706.2
2.83 -53.0244 2002.32 22937.3
2.835 -53.5518 2001.88 23166.7
2.84 -54.0547 2001.79 23387.6
2.845 -54.5164 2001.89 23590.8
2.85 -54.9036 2001.5 23770.3
2.855 -55.1977 2001.42 23918.9
2.86 -55.5088 2001.11 24058.9
2.865 -55.8068 2000.8 24186.7
2.87 -56.0439 2000.84 24291.1
2.875 -56.2278 2000.55 24372.5
2.88 -56.2603 1999.7 24409.2
2.885 -56.2526 1999.46 24419.7
2.89 -56.202 1999.38 24398.5
2.895 -56.0162 1998.55 24326.2
2.9 -55.8072 1998.18 24233.2
2.905 -55.5827 1998.12 24124.2
2.91 -55.3281 1998.2 24001.3
2.915 -54.984 1997.69 23850.7
2.92 -54.6389 1998.01 23694.1
2.925 -54.2911 1998.41 23532
2.93 -53.9322 1998.44 23365
2.935 -53.5653 1998.51 23196.2
2.94 -53.1823 1998.42 23024.2
2.945 -52.7993 1998.52 22850.6
2.95 -52.4088 1998.62 22674.8
2.955 -52.0141 1998.53 22500
2.96 -51.8032 1999.49 22376.8
2.965 -51.6321 2000.19 22282
2.97 -51.5918 2001.17 22239.4
2.975 -51.611 2001.91 22230.9
2.98 -51.5491 2001.51 22216.4
2.985 -51.4929 2001.18 22202.1
2.99 -51.441 2000.91 22187.8
2.995 -51.3921 2000.69 22173.2
3 -51.3451 2000.51 22158.4
3.005 -51.2993 2000.35 22143
3.01 -51.254 2000.22 22127.2
3.015 -51.2064 2000.06 22109.9
3.02 -51.2054 2000.32 22104.6
3.025 -51.2141 2000.55 22105.5
3.03 -51.202 2000.4 22104
3.035 -51.191 2000.27 22102.3
3.04 -51.1807 2000.16 22100.3
3.045 -51.1705 2000.07 22098
3.05 -51.1541 1999.82 22093.4
3.055 -51.1392 1999.68 22088.7
3.06 -51.1266 1999.67 22084.2
3.065 -51.1131 1999.65 22079.1
3.07 -51.0953 1999.58 22072.4
3.075 -51.0793 1999.61 22065.8
3.08 -51.0625 1999.63 22058.8
3.085 -51.093 2000.23 22065.1
3.09 -51.1116 2000.47 22070.5
3.095 -51.1153 2000.34 22074
3.1 -51.1197 2000.23 22077.5
3.105 -51.1247 2000.14 22081
3.11 -51.1301 2000.06 22084.4
3.115 -51.1355 2000 22087.6
3.12 -51.141 1999.94 22090.7
3.125 -51.1463 1999.89 22093.6
3.13 -51.1514 1999.84 22096.3
3.135 -51.1561 1999.8 22098.7
3.14 -51.1604 1999.77 22101
3.145 -51.1641 1999.74 22102.9
3.15 -51.1673 1999.71 22104.5
3.155 -51.1698 1999.68 22105.8
3.16 -51.1716 1999.65 22106.8
3.165 -51.1727 1999.63 22107.4
3.17 -51.1729 1999.6 22107.7
3.175 -51.1668 1999.39 22105.8
3.18 -51.1702 1999.46 22106.4
3.185 -51.1875 1999.79 22111.9
3.19 -51.1961 1999.8 22115.8
3.195 -51.2047 1999.82 22119.7
3.2 -51.2132 1999.83 22123.6
3.205 -51.2217 1999.84 22127.4
3.21 -51.2301 1999.85 22131.2
3.215 -51.2385 1999.85 22134.9
3.22 -51.2469 1999.85 22138.6
3.225 -51.2553 1999.85 22142.3
3.23 -51.2636 1999.85 22145.9
3.235 -51.2719 1999.85 22149.5
3.24 -51.2801 1999.85 22153.1
3.245 -51.2883 1999.84 22156.7
3.25 -51.2964 1999.84 22160.3
3.255 -51.3044 1999.83 22163.8
3.26 -51.3124 1999.83 22167.2
3.265 -51.3202 1999.82 22170.6
3.27 -51.3278 1999.81 22174
3.275 -51.3353 1999.8 22177.2
3.28 -51.3426 1999.79 22180.4
3.285 -51.3496 1999.78 22183.5
3.29 -51.3564 1999.77 22186.4
3.295 -51.3629 1999.76 22189.2
3.3 -51.3691 1999.75 22191.9
3.305 -51.3749 1999.74 22194.5
3.31 -51.3804 1999.73 22196.9
3.315 -51.3855 1999.72 22199.1
3.32 -51.3901 1999.71 22201.1
3.325 -51.3944 1999.7 22203
3.33 -51.3982 1999.69 22204.7
3.335 -51.4016 1999.68 22206.2
3.34 -51.4045 1999.67 22207.4
3.345 -51.407 1999.66 22208.5
3.35 -51.409 1999.66 22209.4
3.355 -51.4105 1999.65 22210.1
3.36 -51.4116 1999.65 22210.5
3.365 -51.4122 1999.64 22210.8
3.37 -51.4124 1999.64 22210.9
3.375 -51.4115 1999.6 22210.6
3.38 -51.3996 1999.03 22206.3
3.385 -51.3927 1998.95 22203.5
3.39 -51.3992 1999.44 22204.8
3.395 -51.4018 1999.68 22205.2
3.4 -51.4005 1999.7 22204.8
3.405 -51.3992 1999.71 22204.3
3.41 -51.3978 1999.73 22203.8
3.415 -51.3963 1999.75 22203.2
3.42 -51.3949 1999.76 22202.6
3.425 -51.3935 1999.78 22202
3.43 -51.3921 1999.8 22201.5
3.435 -51.3907 1999.82 22200.9
3.44 -51.3894 1999.83 22200.3
3.445 -51.3882 1999.85 22199.8
3.45 -51.39 1999.97 22200.2
3.455 -51.3949 2000.12 22201.9
3.46 -51.3964 2000.1 22202.7
3.465 -51.3979 2000.08 22203.4
3.47 -51.3993 2000.06 22204.1
3.475 -51.4005 2000.05 22204.7
3.48 -51.4018 2000.04 22205.3
3.485 -51.4029 2000.03 22205.9
3.49 -51.4041 2000.02 22206.4
3.495 -51.4052 2000.02 22206.9
3.5 -51.4063 2000.01 22207.4
3.505 -51.4075 2000.01 22207.9
3.51 -51.4087 2000.01 22208.5
3.515 -51.4099 2000.01 22209
3.52 -51.4111 2000 22209.6
3.525 -51.4124 2000 22210.1
3.53 -51.4137 2000 22210.7
3.535 -51.4151 2000 22211.3
3.54 -51.4164 2000 22211.9
3.545 -51.4178 2000 22212.5
3.55 -51.4192 2000 22213.1
3.555 -51.4206 2000 22213.7
3.56 -51.422 2000 22214.3
3.565 -51.4234 1999.99 22214.9
3.57 -51.4249 1999.99 22215.5
3.575 -51.4263 1999.99 22216.2
3.58 -51.4277 1999.99 22216.8
3.585 -51.4291 1999.99 22217.4
3.59 -51.4305 1999.99 22218
3.595 -51.4318 1999.99 22218.6
3.6 -51.4332 1999.99 22219.1
3.605 -51.4345 1999.99 22219.7
3.61 -51.4359 1999.99 22220.3
3.615 -51.4372 1999.99 22220.9
3.62 -51.4384 1999.99 22221.4
3.625 -51.4396 1999.99 22221.9
3.63 -51.4409 1999.99 22222.5
3.635 -51.442 1999.99 22223
3.64 -51.4431 1999.99 22223.4
3.645 -51.4442 1999.99 22223.9
3.65 -51.4453 1999.99 22224.4
3.655 -51.4463 1999.99 22224.8
3.66 -51.4473 1999.99 22225.3
3.665 -51.4483 1999.99 22225.7
3.67 -51.4493 1999.99 22226.1
3.675 -51.4503 1999.99 22226.5
3.68 -51.4513 1999.99 22227
3.685 -51.4524 1999.99 22227.4
3.69 -51.4534 1999.99 22227.9
3.695 -51.4545 1999.99 22228.4
3.7 -51.4557 1999.99 22228.9
3.705 -51.4569 1999.99 22229.4
3.71 -51.4581 1999.99 22229.9
3.715 -51.4594 1999.99 22230.5
3.72 -51.4608 1999.99 22231.1
3.725 -51.4622 1999.99 22231.7
3.73 -51.4636 1999.99 22232.3
3.735 -51.4651 1999.99 22232.9
3.74 -51.4666 1999.99 22233.6
3.745 -51.4682 1999.98 22234.3
3.75 -51.4698 1999.98 22235
3.755 -51.4713 1999.98 22235.6
3.76 -51.4741 2000.02 22236.7
3.765 -51.4797 2000.13 22238.8
3.77 -51.4831 2000.11 22240.4
3.775 -51.4867 2000.09 22242
3.78 -51.4903 2000.07 22243.6
3.785 -51.494 2000.05 22245.2
3.79 -51.4978 2000.04 22246.9
3.795 -51.5017 2000.03 22248.6
3.8 -51.5057 2000.03 22250.4
3.805 -51.5099 2000.02 22252.2
3.81 -51.5142 2000.01 22254.1
3.815 -51.5187 2000.01 22256
3.82 -51.5234 2000 22258.1
3.825 -51.528 1999.98 22260.1
3.83 -51.5331 1999.98 22262.3
3.835 -51.5385 1999.99 22264.6
3.84 -51.5442 1999.99 22267.1
3.845 -51.5502 1999.99 22269.7
3.85 -51.5565 1999.99 22272.4
3.855 -51.5631 1999.99 22275.3
3.86 -51.5702 1999.98 22278.3
3.865 -51.5776 1999.98 22281.5
3.87 -51.5853 1999.98 22284.9
3.875 -51.5935 1999.98 22288.4
3.88 -51.6021 1999.98 22292.1
3.885 -51.6112 1999.98 22296.1
3.89 -51.6207 1999.97 22300.2
3.895 -51.6306 1999.97 22304.5
3.9 -51.641 1999.97 22308.9
3.905 -51.6517 1999.96 22313.6
3.91 -51.6628 1999.96 22318.4
3.915 -51.6743 1999.95 22323.3
3.92 -51.686 1999.94 22328.4
3.925 -51.6979 1999.94 22333.6
3.93 -51.7101 1999.93 22338.8
3.935 -51.7223 1999.92 22344.1
3.94 -51.7384 2000.08 22350.7
3.945 -51.7599 2000.38 22359.3
3.95 -51.7758 2000.31 22366.3
3.955 -51.7918 2000.25 22373.4
3.96 -51.808 2000.2 22380.5
3.965 -51.8242 2000.16 22387.6
3.97 -51.8404 2000.13 22394.7
3.975 -51.8565 2000.1 22401.7
3.98 -51.8725 2000.08 22408.7
3.985 -51.8882 2000.07 22415.5
3.99 -51.9037 2000.05 22422.2
3.995 -51.9189 2000.04 22428.8
4 -51.9337 2000.03 22435.2
4.005 -51.9481 2000.02 22441.5
4.01 -51.9621 2000.02 22447.5
4.015 -51.9756 2000.01 22453.4
4.02 -51.9887 2000.01 22459.1
4.025 -52.0012 2000 22464.5
4.03 -52.0133 2000 22469.7
4.035 -52.0249 2000 22474.7
4.04 -52.0359 2000 22479.5
4.045 -52.0464 2000 22484
4.05 -52.0564 2000 22488.4
4.055 -52.0658 2000 22492.4
4.06 -52.0746 2000 22496.2
4.065 -52.0828 1999.99 22499.8
4.07 -52.0904 2000 22503.1
4.075 -52.0974 2000 22506.1
4.08 -52.1038 2000 22508.8
4.085 -52.1095 2000 22511.3
4.09 -52.1146 2000 22513.5
4.095 -52.1191 2000 22515.4
4.1 -52.1229 2000 22517.1
4.105 -52.1262 2000 22518.5
4.11 -52.1288 2000 22519.7
4.115 -52.1309 2000 22520.5
4.12 -52.1324 2000 22521.2
4.125 -52.1333 2000 22521.6
4.13 -52.1336 2000 22521.7
4.135 -52.1128 1999.99 22516.1
4.14 -52.0609 1999.98 22497.1
4.145 -51.9922 1999.98 22466.2
4.15 -51.894 1999.98 22422.7
4.155 -51.7676 1999.99 22367.2
4.16 -51.6147 1999.98 22300.3
4.165 -51.4371 1999.98 22222.7
4.17 -51.2368 1999.98 22135.4
4.175 -51.0158 1999.97 22039.1
4.18 -50.7768 1999.96 21934.9
4.185 -50.5225 1999.94 21824.1
4.19 -50.2656 2000.03 21707.7
4.195 -49.9883 2000.24 21584.4
4.2 -49.6907 2000.33 21455.3
4.205 -49.3894 2000.22 21325.1
4.21 -49.0918 2000.14 21196.3
4.215 -48.8008 2000.06 21070.4
4.22 -48.5189 2000 20948.4
4.225 -48.2477 1999.95 20831.1
4.23 -47.9887 1999.91 20719.2
4.235 -47.7429 1999.88 20613.1
4.24 -47.5109 1999.86 20513
4.245 -47.2932 1999.85 20419.3
4.25 -47.0898 1999.84 20331.8
4.255 -46.9006 1999.86 20250.4
4.26 -46.7235 1999.92 20174
4.265 -46.5582 1999.91 20103.3
4.27 -46.4067 1999.9 20038.6
4.275 -46.2683 1999.88 19979.6
4.28 -46.1427 1999.85 19926.2
4.285 -46.0298 1999.86 19878.2
4.29 -45.9289 1999.88 19835.3
4.295 -45.8396 1999.89 19797.4
4.3 -45.7616 1999.9 19764.3
4.305 -45.6946 1999.91 19736
4.31 -45.6387 1999.93 19712.3
4.315 -45.5935 1999.95 19693.3
4.32 -45.5588 1999.95 19678.8
4.325 -45.5348 1999.96 19668.9
4.33 -45.5212 1999.97 19663.4
4.335 -45.5179 1999.97 19662.3
4.34 -45.5377 1999.92 19669
4.345 -45.5763 1999.88 19684.6
4.35 -45.6303 1999.9 19708.7
4.355 -45.7041 1999.93 19741.2
4.36 -45.7965 1999.96 19781.7
4.365 -45.9068 1999.96 19829.8
4.37 -46.0338 1999.97 19885
4.375 -46.1757 1999.98 19946.6
4.38 -46.3298 1999.98 20013.4
4.385 -46.4932 1999.99 20084.2
4.39 -46.663 1999.99 20157.8
4.395 -46.8364 1999.99 20232.9
4.4 -47.0088 2000.07 20307.3
4.405 -47.1776 2000.13 20380.3
4.41 -47.3431 2000.11 20452
4.415 -47.5051 2000.09 20522.2
4.42 -47.6627 2000.08 20590.4
4.425 -47.8149 2000.07 20656.3
4.43 -47.9611 2000.07 20719.6
4.435 -48.1009 2000.06 20780.1
4.44 -48.2344 2000.06 20837.9
4.445 -48.3619 2000.05 20893.1
4.45 -48.4842 2000.05 20946
4.455 -48.6023 2000.03 20997.1
4.46 -48.7182 2000.02 21047.3
4.465 -48.8342 2000.03 21097.5
4.47 -48.952 2000.03 21148.5
4.475 -49.074 2000.04 21201.3
4.48 -49.202 2000.04 21256.7
4.485 -49.3374 2000.05 21315.5
4.49 -49.4812 2000.06 21377.9
4.495 -49.6339 2000.07 21444.3
4.5 -49.7958 2000.09 21514.7
4.505 -49.9667 2000.1 21589.3
4.51 -50.1458 2000.15 21667.5
4.515 -50.3282 2000.25 21747
4.52 -50.5159 2000.23 21828.5
4.525 -50.7074 2000.23 21911.6
4.53 -50.8946 2000.24 21995.4
4.535 -51.0795 2000.26 22078.6
4.54 -51.2577 2000.27 22159.4
4.545 -51.4253 2000.27 22235.9
4.55 -51.579 2000.28 22306.4
4.555 -51.7164 2000.29 22369.5
4.56 -51.8346 2000.23 22423.8
4.565 -51.8781 1999.43 22453.2
4.57 -51.9143 1999.03 22473.2
4.575 -51.964 1999.13 22490.4
4.58 -52.0088 1999.33 22504.8
4.585 -52.0479 1999.5 22516.8
4.59 -52.0824 1999.62 22527.1
4.595 -52.1133 1999.72 22536.3
4.6 -52.1412 1999.79 22544.8
4.605 -52.1668 1999.84 22552.7
4.61 -52.1885 1999.72 22559.6
4.615 -52.2095 1999.65 22566.4
4.62 -52.2313 1999.72 22573.8
4.625 -52.2522 1999.77 22581.2
4.63 -52.2726 1999.81 22588.6
4.635 -52.2925 1999.85 22596.1
4.64 -52.3121 1999.87 22603.6
4.645 -52.3316 1999.89 22611.2
4.65 -52.3509 1999.91 22618.9
4.655 -52.3701 1999.92 22626.6
4.66 -52.3892 1999.93 22634.4
4.665 -52.4082 1999.93 22642.2
4.67 -52.4272 1999.94 22650.1
4.675 -52.446 1999.94 22658
4.68 -52.4648 1999.94 22665.8
4.685 -52.4834 1999.94 22673.7
4.69 -52.5019 1999.94 22681.6
4.695 -52.5203 1999.94 22689.4
4.7 -52.5386 1999.94 22697.2
4.705 -52.5567 1999.94 22704.9
4.71 -52.5747 1999.94 22712.7
4.715 -52.5926 1999.94 22720.3
4.72 -52.6104 1999.93 22728
4.725 -52.6281 1999.93 22735.6
4.73 -52.6456 1999.93 22743.1
4.735 -52.6631 1999.92 22750.6
4.74 -52.6804 1999.92 22758.1
4.745 -52.6977 1999.91 22765.5
4.75 -52.7148 1999.9 22772.9
4.755 -52.7318 1999.89 22780.3
4.76 -52.7486 1999.88 22787.5
4.765 -52.7652 1999.87 22794.7
4.77 -52.7816 1999.85 22801.8
4.775 -52.7976 1999.82 22808.7
4.78 -52.8131 1999.79 22815.5
4.785 -52.8279 1999.73 22821.9
4.79 -52.8411 1999.63 22827.7
4.795 -52.8494 1999.32 22831.5
4.8 -0.570151 -200.866 172.483
