0.1 -2.92171e-32 200 4.44089e-14 2.92171e-32 -200 -4.44089e-14
0.2 -2.33737e-31 400 -3.19744e-14 2.33737e-31 -400 3.19744e-14
0.3 1.28555e-30 600 1.77636e-13 -1.28555e-30 -600 -1.77636e-13
0.4 -1.16868e-31 800 -1.56319e-13 1.16868e-31 -800 1.56319e-13
0.5 5.25907e-31 1000 1.20792e-13 -5.25907e-31 -1000 -1.20792e-13
0.6 -1.34819e-31 1200 -4.95522e-29 1.34819e-31 -1200 1.07794e-28
0.7 5.84341e-31 1400 -1.20792e-13 -5.84341e-31 -1400 1.20792e-13
0.8 9.34946e-31 1600 -1.42109e-13 -9.34946e-31 -1600 1.42109e-13
0.9 0 1800 2.27374e-13 -0 -1800 -2.27374e-13
1 5.25907e-31 2000 -1.27898e-13 -5.25907e-31 -2000 1.27898e-13
0.005 0.00128466 2000 -0.555974 -0.00128466 -2000 0.000998962
0.01 0.00641763 2000 -2.77423 -0.00641763 -2000 0.00181619
0.015 0.0166724 2000 -7.20399 -0.0166724 -2000 0.00149592
0.02 0.0320371 2000 -13.8413 -0.0320371 -2000 0.00125875
0.025 0.0524981 2000 -22.6803 -0.0524981 -2000 0.00109799
0.03 0.0780415 2000 -33.7149 -0.0780415 -2000 0.00101038
0.035 0.108653 2000 -46.9389 -0.108653 -2000 0.000992869
0.04 0.144316 2000 -62.3454 -0.144316 -2000 0.00104296
0.045 0.185014 2000 -79.9273 -0.185014 -2000 0.00115849
0.05 0.230731 2000 -99.6771 -0.230731 -2000 0.00133758
0.055 0.281448 2000 -121.587 -0.281448 -2000 0.00157864
0.06 0.337145 2000 -145.649 -0.337145 -2000 0.00188025
0.065 0.397803 2000 -171.853 -0.397803 -2000 0.00224113
0.07 0.4634 2000 -200.191 -0.4634 -2000 0.00266013
0.075 0.533914 2000 -230.654 -0.533914 -2000 0.00308947
0.08 0.609321 2000 -263.23 -0.609321 -2000 0.00352998
0.085 0.689592 2000 -297.908 -0.689592 -2000 0.00402804
0.09 0.774703 2000 -334.676 -0.774703 -2000 0.00458125
0.095 0.864632 2000 -373.526 -0.864632 -2000 0.00518759
0.1 0.959356 2000 -414.448 -0.959356 -2000 0.00584623
0.105 1.05886 2000 -457.432 -1.05886 -2000 0.00655584
0.11 1.16312 2000 -502.474 -1.16312 -2000 0.00731549
0.115 1.27212 2000 -549.565 -1.27212 -2000 0.00812434
0.12 1.38586 2000 -598.699 -1.38586 -2000 0.00898161
0.125 1.5043 2000 -649.867 -1.5043 -2000 0.00988675
0.13 1.62743 2000 -703.06 -1.62743 -2000 0.0108391
0.135 1.75522 2000 -758.267 -1.75522 -2000 0.0118378
0.14 1.88764 2000 -815.474 -1.88764 -2000 0.0128819
0.145 2.02466 2000 -874.667 -2.02466 -2000 0.0139705
0.15 2.16623 2000 -935.828 -2.16623 -2000 0.0151023
0.155 2.31231 2000 -998.936 -2.31231 -2000 0.0162756
0.16 2.46286 2000 -1063.97 -2.46286 -2000 0.0174891
0.165 2.61782 2000 -1130.92 -2.61782 -2000 0.0187415
0.17 2.77718 2000 -1199.76 -2.77718 -2000 0.0200324
0.175 2.94089 2000 -1270.49 -2.94089 -2000 0.0213611
0.18 3.10893 2000 -1343.08 -3.10893 -2000 0.0227274
0.185 3.2813 2000 -1417.54 -3.2813 -2000 0.0241317
0.19 3.45797 2000 -1493.87 -3.45797 -2000 0.0255752
0.195 3.63895 2000 -1572.05 -3.63895 -2000 0.0270589
0.2 3.8242 2000 -1652.08 -3.8242 -2000 0.0285823
0.205 4.01369 2000 -1733.94 -4.01369 -2000 0.0301447
0.21 4.20739 2000 -1817.63 -4.20739 -2000 0.0317452
0.215 4.40526 2000 -1903.1 -4.40526 -2000 0.0333825
0.22 4.60721 2000 -1990.35 -4.60721 -2000 0.0350536
0.225 4.81318 2000 -2079.33 -4.81318 -2000 0.0367547
0.23 5.0231 1999.99 -2170.02 -5.0231 -1999.99 0.0384831
0.235 5.2369 1999.99 -2262.38 -5.2369 -1999.99 0.0402362
0.24 5.45449 1999.99 -2356.38 -5.45449 -1999.99 0.0420106
0.245 5.67579 1999.99 -2451.98 -5.67579 -1999.99 0.0438031
0.25 5.90074 1999.99 -2549.17 -5.90074 -1999.99 0.0456122
0.255 6.1293 1999.99 -2647.91 -6.1293 -1999.99 0.0474381
0.26 6.36147 1999.99 -2748.2 -6.36147 -1999.99 0.0492832
0.265 6.59726 1999.99 -2850.07 -6.59726 -1999.99 0.0511525
0.27 6.83673 1999.99 -2953.52 -6.83673 -1999.99 0.0530535
0.275 7.07991 1999.99 -3058.58 -7.07991 -1999.99 0.0549925
0.28 7.3268 1999.99 -3165.24 -7.3268 -1999.99 0.0569722
0.285 7.57738 1999.99 -3273.49 -7.57738 -1999.99 0.058991
0.29 7.83158 1999.99 -3383.31 -7.83158 -1999.99 0.0610465
0.295 8.08939 1999.99 -3494.68 -8.08939 -1999.99 0.0631363
0.3 8.35076 1999.99 -3607.59 -8.35076 -1999.99 0.0652586
0.305 8.61565 1999.99 -3722.03 -8.61565 -1999.99 0.0674119
0.31 8.88401 1999.99 -3837.96 -8.88401 -1999.99 0.0695936
0.315 9.15574 1999.99 -3955.35 -9.15574 -1999.99 0.0717984
0.32 9.43074 1999.99 -4074.15 -9.43074 -1999.99 0.074019
0.325 9.70892 1999.99 -4194.33 -9.70892 -1999.99 0.0762497
0.33 9.99024 1999.99 -4315.86 -9.99024 -1999.99 0.0784903
0.335 10.2747 1999.99 -4438.75 -10.2747 -1999.99 0.0807453
0.34 10.5623 1999.99 -4562.98 -10.5623 -1999.99 0.0830188
0.345 10.8529 1999.99 -4688.55 -10.8529 -1999.99 0.0853116
0.35 11.1466 1999.99 -4815.41 -11.1466 -1999.99 0.0876223
0.355 11.4432 1999.99 -4943.54 -11.4432 -1999.99 0.0899467
0.36 11.7426 1999.99 -5072.89 -11.7426 -1999.99 0.0922789
0.365 12.0448 1999.99 -5203.43 -12.0448 -1999.99 0.0946155
0.37 12.3496 1999.99 -5335.13 -12.3496 -1999.99 0.0969567
0.375 12.6571 1999.99 -5467.98 -12.6571 -1999.99 0.0993044
0.38 12.9673 1999.99 -5601.96 -12.9673 -1999.99 0.101661
0.385 13.2799 1999.99 -5737.03 -13.2799 -1999.99 0.104027
0.39 13.5951 1999.99 -5873.19 -13.5951 -1999.99 0.106405
0.395 13.9127 1999.99 -6010.41 -13.9127 -1999.99 0.108797
0.4 14.2328 1999.99 -6148.66 -14.2328 -1999.99 0.111205
0.405 14.5551 1999.99 -6287.93 -14.5551 -1999.99 0.113631
0.41 14.8798 1999.99 -6428.19 -14.8798 -1999.99 0.116078
0.415 15.2067 1999.99 -6569.42 -15.2067 -1999.99 0.118549
0.42 15.5358 1999.98 -6711.61 -15.5358 -1999.98 0.121048
0.425 15.8671 1999.98 -6854.72 -15.8671 -1999.98 0.123579
0.43 16.2005 1999.98 -6998.73 -16.2005 -1999.98 0.126147
0.435 16.5359 1999.98 -7143.63 -16.5359 -1999.98 0.128759
0.44 16.8733 1999.98 -7289.39 -16.8733 -1999.98 0.131421
0.445 17.2126 1999.98 -7435.98 -17.2126 -1999.98 0.134142
0.45 17.5538 1999.98 -7583.39 -17.5538 -1999.98 0.13693
0.455 17.8969 1999.98 -7731.6 -17.8969 -1999.98 0.139796
0.46 18.2417 1999.98 -7880.57 -18.2417 -1999.98 0.142752
0.465 18.5883 1999.98 -8030.29 -18.5883 -1999.98 0.145813
0.47 18.9365 1999.98 -8180.73 -18.9365 -1999.98 0.148994
0.475 19.2864 1999.98 -8331.88 -19.2864 -1999.98 0.152311
0.48 19.6379 1999.98 -8483.73 -19.6379 -1999.98 0.15579
0.485 19.9911 1999.98 -8636.3 -19.9911 -1999.98 0.159469
0.49 20.346 1999.98 -8789.64 -20.346 -1999.98 0.163395
0.495 20.7028 1999.98 -8943.77 -20.7028 -1999.98 0.167611
0.5 21.0614 1999.98 -9098.69 -21.0614 -1999.98 0.172154
0.505 21.4218 1999.98 -9254.41 -21.4218 -1999.98 0.177061
0.51 21.7842 1999.98 -9410.94 -21.7842 -1999.98 0.182372
0.515 22.1483 1999.98 -9568.26 -22.1483 -1999.98 0.188119
0.52 22.5142 1999.98 -9726.33 -22.5142 -1999.98 0.194323
0.525 22.8817 1999.98 -9885.1 -22.8817 -1999.98 0.200994
0.53 23.2507 1999.98 -10044.5 -23.2507 -1999.98 0.20815
0.535 23.6213 1999.98 -10204.6 -23.6213 -1999.98 0.215815
0.54 23.9895 1999.99 -10364.2 -23.9895 -1999.99 0.723053
0.545 24.3577 2000 -10523.7 -24.3577 -2000 1.12516
0.55 24.7289 2000 -10683.9 -24.7289 -2000 0.969754
0.555 25.0936 2000.02 -10842.3 -25.0936 -2000.02 1.817
0.56 25.4606 2000.03 -11001 -25.4606 -2000.03 2.04378
0.565 25.8295 2000.02 -11160.1 -25.8295 -2000.02 1.72584
0.57 26.1976 2000.01 -11318.8 -26.1976 -2000.01 1.47148
0.575 26.5648 2000 -11477.3 -26.5648 -2000 1.26822
0.58 26.9285 2000.01 -11634.6 -26.9285 -2000.01 1.46336
0.585 27.2774 2000.05 -11786.6 -27.2774 -2000.05 2.73693
0.59 27.6314 2000.04 -11939.1 -27.6314 -2000.04 2.31062
0.595 27.9845 2000.03 -12091.3 -27.9845 -2000.03 1.96416
0.6 28.3369 2000.02 -12243.2 -28.3369 -2000.02 1.68589
0.605 28.6885 2000.01 -12394.9 -28.6885 -2000.01 1.45962
0.61 29.0256 2000.09 -12541.6 -29.0256 -2000.09 2.54757
0.615 29.3619 2000.12 -12687.3 -29.3619 -2000.12 2.96444
0.62 29.7006 2000.1 -12833.2 -29.7006 -2000.1 2.49244
0.625 30.0155 2000.2 -12971.7 -30.0155 -2000.2 4.98054
0.63 30.3269 2000.26 -13107.3 -30.3269 -2000.26 6.13153
0.635 30.6456 2000.21 -13244 -30.6456 -2000.21 5.07188
0.64 30.9633 2000.16 -13380.4 -30.9633 -2000.16 4.21789
0.645 31.2803 2000.13 -13516.6 -31.2803 -2000.13 3.5295
0.65 31.5965 2000.1 -13652.6 -31.5965 -2000.1 2.96748
0.655 31.912 2000.07 -13788.5 -31.912 -2000.07 2.50862
0.66 32.2268 2000.06 -13924.1 -32.2268 -2000.06 2.13394
0.665 32.5352 2000.08 -14057.6 -32.5352 -2000.08 2.34193
0.67 32.8137 2000.22 -14179.4 -32.8137 -2000.22 3.85948
0.675 33.0895 2000.21 -14298.8 -33.0895 -2000.21 4.12768
0.68 33.368 2000.16 -14418.4 -33.368 -2000.16 3.45083
0.685 33.646 2000.13 -14538 -33.646 -2000.13 2.89818
0.69 33.9237 2000.1 -14657.5 -33.9237 -2000.1 2.44684
0.695 34.2016 2000.08 -14777.2 -34.2016 -2000.08 2.0783
0.7 34.4797 2000.06 -14897 -34.4797 -2000.06 1.77741
0.705 34.7583 2000.04 -15017.1 -34.7583 -2000.04 1.53172
0.71 35.0369 2000.03 -15137.3 -35.0369 -2000.03 1.33093
0.715 35.3152 2000.02 -15257.3 -35.3152 -2000.02 1.16646
0.72 35.5924 2000.01 -15377 -35.5924 -2000.01 1.03123
0.725 35.8678 2000 -15495.8 -35.8678 -2000 0.91941
0.73 36.1181 2000.2 -15605.8 -36.1181 -2000.2 2.73592
0.735 36.362 2000.29 -15712 -36.362 -2000.29 3.62203
0.74 36.5999 2000.28 -15815.3 -36.5999 -2000.28 4.09853
0.745 36.8363 2000.25 -15917.2 -36.8363 -2000.25 3.96435
0.75 37.0709 2000.2 -16017.9 -37.0709 -2000.2 3.2984
0.755 37.3019 2000.16 -16117.2 -37.3019 -2000.16 2.75258
0.76 37.5295 2000.12 -16215.1 -37.5295 -2000.12 2.30493
0.765 37.7542 2000.1 -16311.8 -37.7542 -2000.1 1.93765
0.77 37.9763 2000.08 -16407.4 -37.9763 -2000.08 1.63621
0.775 38.1961 2000.06 -16502.1 -38.1961 -2000.06 1.38872
0.78 38.4139 2000.04 -16596 -38.4139 -2000.04 1.18546
0.785 38.6298 2000.03 -16689.1 -38.6298 -2000.03 1.01841
0.79 38.8438 2000.02 -16781.4 -38.8438 -2000.02 0.880993
0.795 39.0559 2000.01 -16872.9 -39.0559 -2000.01 0.767797
0.8 39.2662 2000.01 -16963.7 -39.2662 -2000.01 0.67441
0.805 39.4748 2000 -17053.7 -39.4748 -2000 0.597263
0.81 39.68 2000.02 -17142.4 -39.68 -2000.02 0.693305
0.815 39.8694 2000.11 -17224.9 -39.8694 -2000.11 1.36241
0.82 40.0605 2000.09 -17307.3 -40.0605 -2000.09 1.15405
0.825 40.2506 2000.07 -17389.2 -40.2506 -2000.07 0.983478
0.83 40.4401 2000.05 -17471 -40.4401 -2000.05 0.843826
0.835 40.6292 2000.04 -17552.6 -40.6292 -2000.04 0.729587
0.84 40.8158 2000.05 -17633.4 -40.8158 -2000.05 1.00038
0.845 41.0004 2000.07 -17713.6 -41.0004 -2000.07 1.45648
0.85 41.1857 2000.07 -17793.7 -41.1857 -2000.07 1.52377
0.855 41.3719 2000.05 -17874 -41.3719 -2000.05 1.3186
0.86 41.556 2000.05 -17953.6 -41.556 -2000.05 1.37166
0.865 41.7412 2000.04 -18033.4 -41.7412 -2000.04 1.16126
0.87 41.9265 2000.03 -18113.2 -41.9265 -2000.03 0.989666
0.875 42.1117 2000.02 -18193.1 -42.1117 -2000.02 0.849728
0.88 42.2967 2000.01 -18272.9 -42.2967 -2000.01 0.735576
0.885 42.4812 2000.01 -18352.5 -42.4812 -2000.01 0.642398
0.89 42.6649 2000 -18431.8 -42.6649 -2000 0.566228
0.895 42.8471 2000 -18510.4 -42.8471 -2000 0.503738
0.9 43.02 2000.06 -18586.2 -43.02 -2000.06 1.52845
0.905 43.19 2000.08 -18660.1 -43.19 -2000.08 2.02787
0.91 43.3585 2000.07 -18732.6 -43.3585 -2000.07 1.69556
0.915 43.5223 2000.05 -18803.1 -43.5223 -2000.05 1.42284
0.92 43.6807 2000.04 -18871.2 -43.6807 -2000.04 1.19844
0.925 43.8332 2000.03 -18936.9 -43.8332 -2000.03 1.01331
0.93 43.9789 2000.03 -18999.8 -43.9789 -2000.03 0.920122
0.935 44.1123 2000.08 -19057.6 -44.1123 -2000.08 1.0578
0.94 44.2414 2000.07 -19113.2 -44.2414 -2000.07 0.891026
0.945 44.3659 2000.05 -19166.8 -44.3659 -2000.05 0.753214
0.95 44.4867 2000.04 -19218.9 -44.4867 -2000.04 0.639571
0.955 44.6043 2000.03 -19269.6 -44.6043 -2000.03 0.545943
0.96 44.7192 2000.02 -19319.2 -44.7192 -2000.02 0.4689
0.965 44.8307 2000.03 -19367.5 -44.8307 -2000.03 0.617972
0.97 44.9372 2000.05 -19413.9 -44.9372 -2000.05 1.00764
0.975 45.0441 2000.04 -19459.9 -45.0441 -2000.04 0.848146
0.98 45.1501 2000.03 -19505.5 -45.1501 -2000.03 0.718376
0.985 45.2555 2000.03 -19551 -45.2555 -2000.03 0.61307
0.99 45.3608 2000.02 -19596.4 -45.3608 -2000.02 0.527916
0.995 45.4659 2000.02 -19641.7 -45.4659 -2000.02 0.459379
1 45.5692 2000.03 -19686.6 -45.5692 -2000.03 0.689264
1.005 45.6721 2000.04 -19731.2 -45.6721 -2000.04 0.810005
1.01 45.7752 2000.03 -19775.6 -45.7752 -2000.03 0.695542
1.015 45.8773 2000.02 -19819.6 -45.8773 -2000.02 0.603019
1.02 45.9777 2000.02 -19862.9 -45.9777 -2000.02 0.527982
1.025 46.0759 2000.01 -19905.3 -46.0759 -2000.01 0.466691
1.03 46.1713 2000.01 -19946.4 -46.1713 -2000.01 0.416099
1.035 46.2635 2000.01 -19986.2 -46.2635 -2000.01 0.373817
1.04 46.3526 2000.01 -20024.7 -46.3526 -2000.01 0.338091
1.045 46.4387 2000.01 -20061.8 -46.4387 -2000.01 0.307717
1.05 46.5224 2000 -20097.9 -46.5224 -2000 0.281865
1.055 46.5989 2000.05 -20131.8 -46.5989 -2000.05 1.02631
1.06 46.6744 2000.07 -20164.6 -46.6744 -2000.07 1.31089
1.065 46.7495 2000.05 -20196.9 -46.7495 -2000.05 1.10709
1.07 46.8232 2000.04 -20228.6 -46.8232 -2000.04 0.940343
1.075 46.8957 2000.04 -20259.8 -46.8957 -2000.04 0.803886
1.08 46.9673 2000.03 -20290.5 -46.9673 -2000.03 0.692231
1.085 47.0377 2000.02 -20320.9 -47.0377 -2000.02 0.600713
1.09 47.1068 2000.02 -20350.6 -47.1068 -2000.02 0.525347
1.095 47.1741 2000.02 -20379.7 -47.1741 -2000.02 0.462738
1.1 47.2391 2000.01 -20407.7 -47.2391 -2000.01 0.409973
1.105 47.3012 2000.01 -20434.5 -47.3012 -2000.01 0.36457
1.11 47.3595 2000.01 -20459.6 -47.3595 -2000.01 0.324525
1.115 47.4135 2000.01 -20482.9 -47.4135 -2000.01 0.288386
1.12 47.4627 2000.01 -20504.2 -47.4627 -2000.01 0.255217
1.125 47.5068 2000.01 -20523.2 -47.5068 -2000.01 0.224467
1.13 47.5455 2000 -20539.9 -47.5455 -2000 0.19588
1.135 47.579 2000 -20554.3 -47.579 -2000 0.169462
1.14 47.6076 2000 -20566.6 -47.6076 -2000 0.117898
1.145 47.6317 2000.01 -20576.9 -47.6317 -2000.01 0.0167019
1.15 47.6513 2000 -20585.4 -47.6513 -2000 0.0172427
1.155 47.6672 2000 -20592.2 -47.6672 -2000 0.0166174
1.16 47.6795 2000 -20597.6 -47.6795 -2000 0.0151539
1.165 47.6885 2000 -20601.5 -47.6885 -2000 0.0132707
1.17 47.6944 2000 -20604 -47.6944 -2000 0.0112635
1.175 47.6974 2000 -20605.3 -47.6974 -2000 0.00934369
1.18 47.6979 2000 -20605.5 -47.6979 -2000 0.00765116
1.185 47.6955 1999.99 -20604.5 -47.6955 -1999.99 0.093428
1.19 47.6911 1999.99 -20602.7 -47.6911 -1999.99 0.145108
1.195 47.6855 1999.99 -20600.2 -47.6855 -1999.99 0.118468
1.2 47.6789 1999.99 -20597.4 -47.6789 -1999.99 0.0967316
1.205 47.6718 1999.99 -20594.3 -47.6718 -1999.99 0.0789796
1.21 47.6646 1999.99 -20591.2 -47.6646 -1999.99 0.0644772
1.215 47.6574 2000 -20588 -47.6574 -2000 0.052637
1.22 47.6499 2000 -20584.8 -47.6499 -2000 0.042971
1.225 47.6417 2000 -20581.2 -47.6417 -2000 0.0350801
1.23 47.6321 2000 -20577.1 -47.6321 -2000 0.0286382
1.235 47.6203 2000 -20572 -47.6203 -2000 0.0233792
1.24 47.6055 2000 -20565.6 -47.6055 -2000 0.019086
1.245 47.5871 2000 -20557.6 -47.5871 -2000 -0.0324375
1.25 47.5643 2000 -20547.7 -47.5643 -2000 -0.0864474
1.255 47.5366 2000 -20535.8 -47.5366 -2000 -0.0705438
1.26 47.5043 2000 -20521.8 -47.5043 -2000 -0.0575705
1.265 47.4671 2000 -20505.7 -47.4671 -2000 -0.0469988
1.27 47.4252 2000 -20487.6 -47.4252 -2000 -0.0383684
1.275 47.3784 2000 -20467.4 -47.3784 -2000 -0.031323
1.28 47.3265 2000 -20445 -47.3265 -2000 -0.0255713
1.285 47.2695 2000 -20420.4 -47.2695 -2000 -0.020876
1.29 47.2072 2000 -20393.5 -47.2072 -2000 -0.0170429
1.295 47.1397 2000 -20364.3 -47.1397 -2000 -0.0139139
1.3 47.067 2000 -20332.9 -47.067 -2000 -0.0138428
1.305 46.9893 2000 -20299.4 -46.9893 -2000 -0.0135964
1.31 46.9069 2000 -20263.8 -46.9069 -2000 -0.0110009
1.315 46.8201 2000 -20226.3 -46.8201 -2000 -0.00880444
1.32 46.729 2000 -20186.9 -46.729 -2000 -0.00719469
1.325 46.6341 2000 -20145.9 -46.6341 -2000 -0.0058812
1.33 46.5354 2000 -20103.3 -46.5354 -2000 -0.00480954
1.335 46.4335 2000 -20059.3 -46.4335 -2000 -0.00432287
1.34 46.3284 2000 -20013.9 -46.3284 -2000 -0.0054025
1.345 46.2205 2000 -19967.3 -46.2205 -2000 -0.00996773
1.35 46.1065 2000.03 -19918.6 -46.1065 -2000.03 0.56358
1.355 45.9888 2000.05 -19868.2 -45.9888 -2000.05 0.998745
1.36 45.8712 2000.04 -19817.2 -45.8712 -2000.04 0.815382
1.365 45.7528 2000.03 -19765.9 -45.7528 -2000.03 0.665636
1.37 45.6345 2000.03 -19714.6 -45.6345 -2000.03 0.543389
1.375 45.5169 2000.02 -19663.7 -45.5169 -2000.02 0.443591
1.38 45.4008 2000.02 -19613.5 -45.4008 -2000.02 0.362119
1.385 45.2869 2000.02 -19564.2 -45.2869 -2000.02 0.295609
1.39 45.1755 2000.01 -19516.1 -45.1755 -2000.01 0.241312
1.395 45.0671 2000.01 -19469.2 -45.0671 -2000.01 0.196987
1.4 44.9617 2000.01 -19423.6 -44.9617 -2000.01 0.15596
1.405 44.8578 2000.02 -19378.9 -44.8578 -2000.02 0.320379
1.41 44.7554 2000.02 -19334.8 -44.7554 -2000.02 0.453796
1.415 44.6549 2000.02 -19291.3 -44.6549 -2000.02 0.37045
1.42 44.5547 2000.01 -19247.9 -44.5547 -2000.01 0.30241
1.425 44.4536 2000.01 -19204.2 -44.4536 -2000.01 0.246863
1.43 44.3504 2000.01 -19159.6 -44.3504 -2000.01 0.201517
1.435 44.2445 2000.01 -19113.8 -44.2445 -2000.01 0.164496
1.44 44.1352 2000.01 -19066.5 -44.1352 -2000.01 0.134273
1.445 44.019 2000.03 -19016.8 -44.019 -2000.03 0.594829
1.45 43.8972 2000.05 -18964.6 -43.8972 -2000.05 0.965379
1.455 43.7724 2000.04 -18910.5 -43.7724 -2000.04 0.788123
1.46 43.6428 2000.03 -18854.3 -43.6428 -2000.03 0.643329
1.465 43.5082 2000.03 -18796.1 -43.5082 -2000.03 0.525185
1.47 43.3671 2000.04 -18735.1 -43.3671 -2000.04 0.545857
1.475 43.2143 2000.08 -18669.4 -43.2143 -2000.08 0.795498
1.48 43.0571 2000.06 -18601.3 -43.0571 -2000.06 0.647769
1.485 42.8949 2000.05 -18531.1 -42.8949 -2000.05 0.528791
1.49 42.7275 2000.04 -18458.7 -42.7275 -2000.04 0.431659
1.495 42.5547 2000.03 -18384 -42.5547 -2000.03 0.352362
1.5 42.3762 2000.03 -18306.8 -42.3762 -2000.03 0.287624
1.505 42.1919 2000.02 -18227.2 -42.1919 -2000.02 0.234772
1.51 42.0019 2000.02 -18145 -42.0019 -2000.02 0.191622
1.515 41.8062 2000.02 -18060.5 -41.8062 -2000.02 0.241826
1.52 41.5981 2000.05 -17971.4 -41.5981 -2000.05 1.00874
1.525 41.389 2000.04 -17880.9 -41.389 -2000.04 0.823487
1.53 41.1769 2000.04 -17789.1 -41.1769 -2000.04 0.672248
1.535 40.9627 2000.03 -17696.4 -40.9627 -2000.03 0.548781
1.54 40.7473 2000.02 -17603.3 -40.7473 -2000.02 0.447986
1.545 40.5312 2000.02 -17509.8 -40.5312 -2000.02 0.365699
1.55 40.315 2000.02 -17416.4 -40.315 -2000.02 0.297594
1.555 40.0987 2000.01 -17322.9 -40.0987 -2000.01 0.24222
1.56 39.8801 2000.02 -17228.7 -39.8801 -2000.02 0.519531
1.565 39.6599 2000.03 -17133.8 -39.6599 -2000.03 0.709603
1.57 39.4391 2000.03 -17038.3 -39.4391 -2000.03 0.579271
1.575 39.2118 2000.05 -16940.6 -39.2118 -2000.05 1.08863
1.58 38.9796 2000.07 -16840.8 -38.9796 -2000.07 1.63197
1.585 38.7454 2000.07 -16739.6 -38.7454 -2000.07 1.58508
1.59 38.5086 2000.06 -16637 -38.5086 -2000.06 1.29398
1.595 38.2603 2000.12 -16530.2 -38.2603 -2000.12 1.7742
1.6 37.9966 2000.21 -16417 -37.9966 -2000.21 2.4879
1.605 37.7331 2000.17 -16302.7 -37.7331 -2000.17 2.03104
1.61 37.4671 2000.14 -16187.5 -37.4671 -2000.14 1.65806
1.615 37.1994 2000.11 -16071.5 -37.1994 -2000.11 1.35354
1.62 36.9306 2000.09 -15955.1 -36.9306 -2000.09 1.10494
1.625 36.6612 2000.08 -15838.6 -36.6612 -2000.08 0.901988
1.63 36.3917 2000.06 -15721.9 -36.3917 -2000.06 0.736302
1.635 36.1221 2000.05 -15605.3 -36.1221 -2000.05 0.601038
1.64 35.8523 2000.04 -15488.7 -35.8523 -2000.04 0.490611
1.645 35.5821 2000.03 -15371.9 -35.5821 -2000.03 0.400458
1.65 35.3109 2000.03 -15254.6 -35.3109 -2000.03 0.326857
1.655 35.038 2000.02 -15136.7 -35.038 -2000.02 0.265225
1.66 34.7623 2000.02 -15017.5 -34.7623 -2000.02 0.215602
1.665 34.4827 2000.01 -14896.7 -34.4827 -2000.01 0.175924
1.67 34.1983 2000.01 -14773.8 -34.1983 -2000.01 0.143013
1.675 33.8974 2000.09 -14644.9 -33.8974 -2000.09 1.25055
1.68 33.5644 2000.25 -14503.1 -33.5644 -2000.25 3.32786
1.685 33.2334 2000.2 -14359.5 -33.2334 -2000.2 2.71618
1.69 32.8964 2000.16 -14213.4 -32.8964 -2000.16 2.21725
1.695 32.5538 2000.13 -14065.1 -32.5538 -2000.13 1.80993
1.7 32.2062 2000.11 -13914.6 -32.2062 -2000.11 1.4774
1.705 31.8538 2000.09 -13762.1 -31.8538 -2000.09 1.20591
1.71 31.4963 2000.07 -13607.4 -31.4963 -2000.07 0.984262
1.715 31.1333 2000.06 -13450.4 -31.1333 -2000.06 0.803299
1.72 30.7644 2000.05 -13290.9 -30.7644 -2000.05 0.654795
1.725 30.3894 2000.04 -13128.7 -30.3894 -2000.04 0.529759
1.73 30.0088 2000.03 -12964.2 -30.0088 -2000.03 0.431128
1.735 29.5792 2000.34 -12782.7 -29.5792 -2000.34 4.46972
1.74 29.1328 2000.51 -12592.8 -29.1328 -2000.51 7.42575
1.745 28.6995 2000.42 -12404.2 -28.6995 -2000.42 6.04839
1.75 28.2671 2000.34 -12216.3 -28.2671 -2000.34 4.92407
1.755 27.8388 2000.28 -12030.4 -27.8388 -2000.28 4.01945
1.76 27.4169 2000.23 -11847.4 -27.4169 -2000.23 3.28093
1.765 27.0034 2000.18 -11668.1 -27.0034 -2000.18 2.67802
1.77 26.5827 2000.25 -11487.5 -26.5827 -2000.25 3.71923
1.775 26.1729 2000.27 -11310.6 -26.1729 -2000.27 3.94348
1.78 25.7746 2000.23 -11138.1 -25.7746 -2000.23 3.47589
1.785 25.3595 2000.31 -10960.8 -25.3595 -2000.31 5.48772
1.79 24.9555 2000.31 -10786.2 -24.9555 -2000.31 5.4408
1.795 24.5637 2000.26 -10616 -24.5637 -2000.26 4.43736
1.8 24.1793 2000.21 -10449.1 -24.1793 -2000.21 3.62235
1.805 23.8015 2000.17 -10285.2 -23.8015 -2000.17 2.95529
1.81 23.4291 2000.14 -10123.8 -23.4291 -2000.14 2.41079
1.815 23.0612 2000.11 -9964.43 -23.0612 -2000.11 1.9678
1.82 22.6973 2000.09 -9806.85 -22.6973 -2000.09 1.60612
1.825 22.3371 2000.07 -9650.94 -22.3371 -2000.07 1.31075
1.83 21.9606 2000.15 -9490.75 -21.9606 -2000.15 3.78252
1.835 21.5924 2000.16 -9332.43 -21.5924 -2000.16 4.52719
1.84 21.2319 2000.13 -9175.86 -21.2319 -2000.13 3.6955
1.845 20.8724 2000.11 -9019.9 -20.8724 -2000.11 3.01652
1.85 20.5137 2000.09 -8864.4 -20.5137 -2000.09 2.46222
1.855 20.1557 2000.07 -8709.28 -20.1557 -2000.07 2.00969
1.86 19.7981 2000.06 -8554.4 -19.7981 -2000.06 1.64026
1.865 19.4345 2000.07 -8397.83 -19.4345 -2000.07 2.11148
1.87 19.0708 2000.07 -8240.8 -19.0708 -2000.07 2.20317
1.875 18.7077 2000.06 -8083.51 -18.7077 -2000.06 1.79821
1.88 18.3384 2000.07 -7924.26 -18.3384 -2000.07 2.08807
1.885 17.9669 2000.07 -7763.89 -17.9669 -2000.07 2.18133
1.89 17.5953 2000.05 -7602.96 -17.5953 -2000.05 1.77831
1.895 17.2211 2000.04 -7440.98 -17.2211 -2000.04 1.45134
1.9 16.8438 2000.04 -7277.7 -16.8438 -2000.04 1.1844
1.905 16.4625 2000.03 -7112.78 -16.4625 -2000.03 0.966486
1.91 16.077 2000.02 -6946.07 -16.077 -2000.02 0.790378
1.915 15.6879 2000.02 -6777.81 -15.6879 -2000.02 0.645223
1.92 15.2965 2000.01 -6608.63 -15.2965 -2000.01 0.526274
1.925 14.9048 2000.01 -6439.29 -14.9048 -2000.01 0.429152
1.93 14.5144 2000.01 -6270.57 -14.5144 -2000.01 0.345311
1.935 14.127 2000 -6103.16 -14.127 -2000 0.276421
1.94 13.7441 2000 -5937.66 -13.7441 -2000 0.22514
1.945 13.3667 2000 -5774.58 -13.3667 -2000 0.183275
1.95 12.9954 2000 -5614.18 -12.9954 -2000 0.147157
1.955 12.6304 2000 -5456.47 -12.6304 -2000 0.118438
1.96 12.2711 2000 -5301.23 -12.2711 -2000 0.0961718
1.965 11.9167 2000 -5148.11 -11.9167 -2000 0.077997
1.97 11.5663 2000 -4996.69 -11.5663 -2000 0.0631602
1.975 11.2189 2000 -4846.62 -11.2189 -2000 0.0474946
1.98 10.8742 2000 -4697.67 -10.8742 -2000 0.0339722
1.985 10.5318 2000 -4549.78 -10.5318 -2000 0.0271866
1.99 10.192 2000 -4402.97 -10.192 -2000 0.0216431
1.995 9.85466 2000 -4257.24 -9.85466 -2000 0.0238661
2 9.51986 2000 -4112.6 -9.51986 -2000 0.0224979
2.005 9.1878 1999.99 -3969.13 -9.1878 -1999.99 0.000348451
2.01 8.85808 1999.99 -3826.68 -8.85808 -1999.99 -0.00764265
2.015 8.53014 1999.99 -3685.02 -8.53014 -1999.99 -0.0068372
2.02 8.20314 1999.99 -3543.75 -8.20314 -1999.99 -0.00554329
2.025 7.87612 1999.99 -3402.48 -7.87612 -1999.99 -0.00242024
2.03 7.54853 2000 -3260.96 -7.54853 -2000 -0.00260368
2.035 7.22045 2000 -3119.24 -7.22045 -2000 -0.00099271
2.04 6.89281 2000 -2977.68 -6.89281 -2000 -0.00770052
2.045 6.56668 1999.99 -2836.8 -6.56668 -1999.99 -0.000276015
2.05 6.24338 1999.99 -2697.15 -6.24338 -1999.99 0.00641751
2.055 5.92446 1999.99 -2559.34 -5.92446 -1999.99 -0.0252313
2.06 5.61053 1999.99 -2423.71 -5.61053 -1999.99 -0.0373377
2.065 5.30185 1999.99 -2290.37 -5.30185 -1999.99 -0.0279722
2.07 4.99787 1999.99 -2159.06 -4.99787 -1999.99 -0.0221553
2.075 4.69762 1999.99 -2029.35 -4.69762 -1999.99 -0.0226006
2.08 4.40031 1999.99 -1900.91 -4.40031 -1999.99 -0.0190757
2.085 4.10551 1999.99 -1773.57 -4.10551 -1999.99 -0.0156384
2.09 3.81333 1999.99 -1647.32 -3.81333 -1999.99 -0.0370338
2.095 3.52398 1999.98 -1522.31 -3.52398 -1999.98 -0.0439866
2.1 3.23782 1999.98 -1398.72 -3.23782 -1999.98 -0.0207901
2.105 2.95595 1999.99 -1276.96 -2.95595 -1999.99 -0.0149371
2.11 2.67998 1999.98 -1157.76 -2.67998 -1999.98 0.0150247
2.115 2.4119 1999.99 -1041.96 -2.4119 -1999.99 0.0240299
2.12 2.15416 1999.98 -930.568 -2.15416 -1999.98 -0.0306136
2.125 1.90807 1999.98 -824.211 -1.90807 -1999.98 -0.0749179
2.13 1.67467 1999.98 -723.434 -1.67467 -1999.98 -0.0223506
2.135 1.45522 1999.97 -628.68 -1.45522 -1999.97 0.0272049
2.14 1.25046 1999.97 -540.214 -1.25046 -1999.97 0.0141824
2.145 1.05975 1999.97 -457.819 -1.05975 -1999.97 0.00688723
2.15 0.882397 1999.97 -381.193 -0.882397 -1999.97 -0.00225401
2.155 0.716522 1999.96 -309.532 -0.716522 -1999.96 -0.00570704
2.16 0.560247 1999.97 -242.01 -0.560247 -1999.97 -0.0170696
2.165 0.411501 1999.98 -177.754 -0.411501 -1999.98 -0.0144488
2.17 0.26828 1999.98 -115.885 -0.26828 -1999.98 -0.0122937
2.175 0.128368 1999.98 -55.4444 -0.128368 -1999.98 -0.010508
2.18 -0.0106301 1999.99 4.60123 0.0106301 -1999.99 -0.00903993
2.185 -0.151171 1999.99 65.3137 0.151171 -1999.99 -0.00784735
2.19 -0.295627 1999.99 127.7 0.295627 -1999.99 0.0113265
2.195 -0.445826 1999.99 192.556 0.445826 -1999.99 0.0401668
2.2 -0.602899 1999.99 260.399 0.602899 -1999.99 0.0532985
2.205 -0.767453 1999.99 331.496 0.767453 -1999.99 0.0430266
2.21 -0.939449 1999.99 405.805 0.939449 -1999.99 0.0371613
2.215 -1.11775 1999.99 482.841 1.11775 -1999.99 0.02862
2.22 -1.30055 1999.99 561.84 1.30055 -1999.99 -0.00385955
2.225 -1.48533 1999.98 641.585 1.48533 -1999.98 0.0769837
2.23 -1.66836 1999.99 720.609 1.66836 -1999.99 0.123729
2.235 -1.84592 1999.99 797.306 1.84592 -1999.99 0.128986
2.24 -2.01508 1999.98 870.235 2.01508 -1999.98 0.278657
2.245 -2.17278 1999.98 938.241 2.17278 -1999.98 0.399564
2.25 -2.317 1999.98 1000.57 2.317 -1999.98 0.37377
2.255 -2.44643 1999.97 1056.52 2.44643 -1999.97 0.332566
2.26 -2.56183 1999.97 1106.4 2.56183 -1999.97 0.30862
2.265 -2.66434 1999.97 1150.7 2.66434 -1999.97 0.29269
2.27 -2.75562 1999.97 1190.12 2.75562 -1999.97 0.306588
2.275 -2.83731 1999.97 1225.43 2.83731 -1999.97 0.283381
2.28 -2.91081 1999.98 1257.24 2.91081 -1999.98 0.231689
2.285 -2.97651 1999.98 1285.66 2.97651 -1999.98 0.189423
2.29 -3.03367 1999.99 1310.39 3.03367 -1999.99 0.154855
2.295 -3.08102 1999.99 1330.87 3.08102 -1999.99 0.126574
2.3 -3.11729 1999.99 1346.56 3.11729 -1999.99 0.103429
2.305 -3.14145 1999.99 1357.02 3.14145 -1999.99 0.0844863
2.31 -3.15278 1999.99 1361.93 3.15278 -1999.99 0.0689889
2.315 -3.15087 1999.99 1361.11 3.15087 -1999.99 0.0689913
2.32 -3.13538 1999.99 1354.4 3.13538 -1999.99 0.086743
2.325 -3.10669 1999.99 1342.02 3.10669 -1999.99 0.070814
2.33 -3.06584 1999.99 1324.38 3.06584 -1999.99 0.0578102
2.335 -3.01382 1999.99 1301.92 3.01382 -1999.99 0.0471943
2.34 -2.95166 2000 1275.08 2.95166 -2000 0.0385278
2.345 -2.88037 2000 1244.29 2.88037 -2000 0.0314528
2.35 -2.80108 2000 1210.04 2.80108 -2000 0.025677
2.355 -2.71523 2000 1172.96 2.71523 -2000 0.0209618
2.36 -2.62469 2000 1133.85 2.62469 -2000 0.0171125
2.365 -2.53204 2000 1093.83 2.53204 -2000 0.0139701
2.37 -2.44056 2000 1054.31 2.44056 -2000 0.0114047
2.375 -2.35401 2000 1016.92 2.35401 -2000 0.00931042
2.38 -2.276 2000 983.224 2.276 -2000 0.00760071
2.385 -2.20952 2000 954.509 2.20952 -2000 0.00620496
2.39 -2.15688 2000 931.769 2.15688 -2000 0.00506552
2.395 -2.11984 2000 915.766 2.11984 -2000 0.00413532
2.4 -2.09963 2000 907.036 2.09963 -2000 0.00337594
2.405 -2.09679 2000 905.809 2.09679 -2000 0.002756
2.41 -2.11108 2000 911.986 2.11108 -2000 0.00224991
2.415 -2.14176 2000 925.239 2.14176 -2000 0.00183675
2.42 -2.18782 2000 945.138 2.18782 -2000 0.00149946
2.425 -2.24821 2000 971.224 2.24821 -2000 0.00122411
2.43 -2.32193 2000 1003.07 2.32193 -2000 0.000999319
2.435 -2.40844 2000 1040.45 2.40844 -2000 0.00081581
2.44 -2.50775 2000 1083.35 2.50775 -2000 0.000666
2.445 -2.62013 2000 1131.9 2.62013 -2000 0.000543699
2.45 -2.74579 2000 1186.18 2.74579 -2000 0.000443856
2.455 -2.88499 2000 1246.32 2.88499 -2000 0.000362347
2.46 -3.03827 2000 1312.53 3.03827 -2000 0.000295802
2.465 -3.20558 1999.95 1384.48 3.20558 -1999.95 0.331896
2.47 -3.38265 1999.87 1460.67 3.38265 -1999.87 0.633635
2.475 -3.57317 1999.88 1543.22 3.57317 -1999.88 0.388836
2.48 -3.78067 1999.9 1632.93 3.78067 -1999.9 0.318539
2.485 -4.0031 1999.91 1729.23 4.0031 -1999.91 0.106706
2.49 -4.23994 1999.91 1831.77 4.23994 -1999.91 -0.114186
2.495 -4.49021 1999.91 1940.2 4.49021 -1999.91 -0.427666
2.5 -4.755 1999.91 2054.83 4.755 -1999.91 -0.669382
2.505 -5.03763 1999.92 2176.81 5.03763 -1999.92 -0.555681
2.51 -5.33759 1999.93 2306.4 5.33759 -1999.93 -0.559609
2.515 -5.65678 1999.94 2444.33 5.65678 -1999.94 -0.603003
2.52 -5.99694 1999.94 2591.34 5.99694 -1999.94 -0.663276
2.525 -6.36031 1999.95 2748.3 6.36031 -1999.95 -0.647947
2.53 -6.74829 1999.95 2915.82 6.74829 -1999.95 -0.556475
2.535 -7.16149 1999.96 3094.25 7.16149 -1999.96 -0.48609
2.54 -7.60103 1999.96 3284.08 7.60103 -1999.96 -0.433319
2.545 -8.0684 1999.96 3485.94 8.0684 -1999.96 -0.395232
2.55 -8.56554 1999.96 3700.68 8.56554 -1999.96 -0.369842
2.555 -9.09459 1999.96 3929.22 9.09459 -1999.96 -0.355673
2.56 -9.6578 1999.96 4172.52 9.6578 -1999.96 -0.351648
2.565 -10.2575 1999.96 4431.61 10.2575 -1999.96 -0.357039
2.57 -10.8962 1999.96 4707.52 10.8962 -1999.96 -0.371413
2.575 -11.5758 1999.95 5001.16 11.5758 -1999.95 -0.39453
2.58 -12.2979 1999.95 5313.1 12.2979 -1999.95 -0.426188
2.585 -13.0628 1999.94 5643.6 13.0628 -1999.94 -0.466127
2.59 -13.8706 1999.94 5992.61 13.8706 -1999.94 -0.514025
2.595 -14.7204 1999.93 6359.8 14.7204 -1999.93 -0.569477
2.6 -15.6106 1999.92 6744.4 15.6106 -1999.92 -0.631902
2.605 -16.5387 1999.91 7145.42 16.5387 -1999.91 -0.700611
2.61 -17.5026 1999.9 7561.89 17.5026 -1999.9 -0.775094
2.615 -18.4904 1999.93 7990.03 18.4904 -1999.93 -2.15533
2.62 -19.5015 1999.98 8428.53 19.5015 -1999.98 -3.89748
2.625 -20.5376 1999.99 8876.95 20.5376 -1999.99 -4.68924
2.63 -21.6043 1999.96 9337.21 21.6043 -1999.96 -4.12991
2.635 -22.6918 1999.94 9806.81 22.6918 -1999.94 -3.94494
2.64 -23.7543 2000.05 10269.6 23.7543 -2000.05 -7.71002
2.645 -24.8059 2000.29 10727 24.8059 -2000.29 -10.8352
2.65 -25.843 2000.57 11178.8 25.843 -2000.57 -14.6079
2.655 -26.859 2000.76 11622.3 26.859 -2000.76 -19.2467
2.66 -27.8858 2000.71 12066.8 27.8858 -2000.71 -20.1391
2.665 -28.8827 2000.93 12499 28.8827 -2000.93 -21.7335
2.67 -29.8264 2001.21 12909.3 29.8264 -2001.21 -24.3036
2.675 -30.765 2001.13 13315.7 30.765 -2001.13 -25.2295
2.68 -31.7118 2000.99 13723.8 31.7118 -2000.99 -24.3264
2.685 -32.64 2001.06 14124.1 32.64 -2001.06 -23.5984
2.69 -33.5146 2001.29 14503 33.5146 -2001.29 -24.7027
2.695 -34.4069 2001 14885 34.4069 -2001 -21.2351
2.7 -35.2778 2000.84 15260.6 35.2778 -2000.84 -20.5736
2.705 -36.1549 2000.62 15637 36.1549 -2000.62 -18.0807
2.71 -37.0296 2000.44 16012.8 37.0296 -2000.44 -16.0418
2.715 -37.828 2001.08 16361.9 37.828 -2001.08 -20.2069
2.72 -38.6319 2001.23 16709.6 38.6319 -2001.23 -20.651
2.725 -39.4396 2000.97 17056.2 39.4396 -2000.97 -18.2694
2.73 -40.2336 2000.81 17398.2 40.2336 -2000.81 -17.2608
2.735 -41.0032 2000.74 17731 41.0032 -2000.74 -17.6644
2.74 -41.7777 2000.56 18063.4 41.7777 -2000.56 -15.4333
2.745 -42.5343 2000.59 18389.6 42.5343 -2000.59 -14.787
2.75 -43.229 2000.98 18690.9 43.229 -2000.98 -15.9994
2.755 -43.932 2000.76 18992.7 43.932 -2000.76 -14.1139
2.76 -44.6346 2000.6 19295.2 44.6346 -2000.6 -13.0723
2.765 -45.3157 2000.79 19587.7 45.3157 -2000.79 -11.3761
2.77 -45.9896 2000.78 19877.8 45.9896 -2000.78 -10.268
2.775 -46.6427 2000.86 20164.2 46.6427 -2000.86 -14.5799
2.78 -47.2908 2000.95 20448.3 47.2908 -2000.95 -18.6813
2.785 -47.9493 2000.98 20733.9 47.9493 -2000.98 -19.8274
2.79 -48.5787 2001.21 21009.8 48.5787 -2001.21 -23.8229
2.795 -49.1876 2001.77 21275.6 49.1876 -2001.77 -26.5701
2.8 -49.7625 2002.14 21529.1 49.7625 -2002.14 -31.6432
2.805 -50.3486 2001.89 21782.5 50.3486 -2001.89 -31.8657
2.81 -50.9341 2001.91 22031.9 50.9341 -2001.91 -28.3714
2.815 -51.4989 2002.24 22272.4 51.4989 -2002.24 -24.9072
2.82 -52.0228 2002.37 22501.2 52.0228 -2002.37 -27.4075
2.825 -52.5431 2001.97 22727.4 52.5431 -2001.97 -28.8174
2.83 -53.0573 2001.65 22952.1 53.0573 -2001.65 -31.3172
2.835 -53.5567 2001.38 23171.5 53.5567 -2001.38 -35.0158
2.84 -54.0255 2001.79 23376.9 54.0255 -2001.79 -37.8971
2.845 -54.4556 2001.79 23567.4 54.4556 -2001.79 -42.6285
2.85 -54.7923 2001.73 23726.7 54.7923 -2001.73 -56.4449
2.855 -55.0932 2001.51 23864.7 55.0932 -2001.51 -64.4673
2.86 -55.3874 2001.02 23991.8 55.3874 -2001.02 -64.407
2.865 -55.6033 2001.01 24095.5 55.6033 -2001.01 -74.8328
2.87 -55.7755 2000.97 24176.5 55.7755 -2000.97 -81.5118
2.875 -55.7982 2000.22 24208.8 55.7982 -2000.22 -103.987
2.88 -55.7918 1999.69 24218 55.7918 -1999.69 -115.915
2.885 -55.7335 1999.43 24192.9 55.7335 -1999.43 -116.035
2.89 -55.524 1998.5 24112.4 55.524 -1998.5 -126.091
2.895 -55.3098 1998.25 24015.6 55.3098 -1998.25 -121.813
2.9 -55.0819 1998.36 23903.3 55.0819 -1998.36 -107.958
2.905 -54.7875 1998.06 23769 54.7875 -1998.06 -100.787
2.91 -54.4368 1997.66 23611 54.4368 -1997.66 -94.3253
2.915 -54.0889 1997.7 23447.7 54.0889 -1997.7 -81.2884
2.92 -53.7212 1998.18 23277.8 53.7212 -1998.18 -70.2396
2.925 -53.3405 1998.27 23102.4 53.3405 -1998.27 -59.3241
2.93 -52.9389 1998.2 22922 52.9389 -1998.2 -52.4418
2.935 -52.545 1998.47 22741.2 52.545 -1998.47 -41.7704
2.94 -52.1163 1998.34 22551.7 52.1163 -1998.34 -37.4391
2.945 -51.6846 1998.15 22362.6 51.6846 -1998.15 -34.799
2.95 -51.2623 1998.2 22175.6 51.2623 -1998.2 -30.3172
2.955 -50.9812 1999.03 22028.6 50.9812 -1999.03 -4.71902
2.96 -50.8675 2000.31 21945.1 50.8675 -2000.31 29.6896
2.965 -50.9011 2001.61 21928.4 50.9011 -2001.61 60.8416
2.97 -50.8741 2001.78 21914.4 50.8741 -2001.78 63.2432
2.975 -50.8071 2001.39 21897.5 50.8071 -2001.39 51.182
2.98 -50.7459 2001.07 21880.8 50.7459 -2001.07 41.4203
2.985 -50.689 2000.82 21864.2 50.689 -2000.82 33.5087
2.99 -50.6351 2000.61 21847.3 50.6351 -2000.61 27.038
2.995 -50.583 2000.43 21830.1 50.583 -2000.43 21.7394
3 -50.532 2000.28 21812.4 50.532 -2000.28 17.3929
3.005 -50.5292 2000.57 21807.4 50.5292 -2000.57 21.1863
3.01 -50.5313 2000.63 21807.1 50.5313 -2000.63 22.4206
3.015 -50.5137 2000.37 21804.4 50.5137 -2000.37 17.5519
3.02 -50.5002 2000.25 21802 50.5002 -2000.25 14.0899
3.025 -50.4875 2000.14 21799.4 50.4875 -2000.14 11.2435
3.03 -50.4753 2000.06 21796.4 50.4753 -2000.06 8.89832
3.035 -50.463 1999.98 21793.1 50.463 -1999.98 6.96008
3.04 -50.4496 1999.88 21789 50.4496 -1999.88 5.22151
3.045 -50.4312 1999.72 21782.9 50.4312 -1999.72 3.41202
3.05 -50.4142 1999.67 21776.6 50.4142 -1999.67 2.32047
3.055 -50.3942 1999.6 21769 50.3942 -1999.6 1.28448
3.06 -50.3758 1999.63 21761.5 50.3758 -1999.63 0.876528
3.065 -50.3567 1999.64 21753.6 50.3567 -1999.64 0.531014
3.07 -50.3795 2000.18 21757.3 50.3795 -2000.18 6.60585
3.075 -50.3969 2000.44 21762.1 50.3969 -2000.44 9.31482
3.08 -50.3991 2000.31 21765 50.3991 -2000.31 7.45569
3.085 -50.4021 2000.21 21767.8 50.4021 -2000.21 5.93178
3.09 -50.4055 2000.12 21770.5 50.4055 -2000.12 4.67825
3.095 -50.4092 2000.05 21773.2 50.4092 -2000.05 3.64362
3.1 -50.4131 1999.98 21775.7 50.4131 -1999.98 2.78708
3.105 -50.4169 1999.92 21778 50.4169 -1999.92 2.07536
3.11 -50.4206 1999.87 21780.2 50.4206 -1999.87 1.48134
3.115 -50.4239 1999.83 21782.1 50.4239 -1999.83 0.982959
3.12 -50.4269 1999.79 21783.8 50.4269 -1999.79 0.562279
3.125 -50.4293 1999.75 21785.3 50.4293 -1999.75 0.20475
3.13 -50.4312 1999.71 21786.4 50.4312 -1999.71 -0.101482
3.135 -50.4324 1999.68 21787.1 50.4324 -1999.68 -0.366132
3.14 -50.4328 1999.64 21787.6 50.4328 -1999.64 -0.597212
3.145 -50.4324 1999.61 21787.6 50.4324 -1999.61 -0.801395
3.15 -50.4311 1999.58 21787.2 50.4311 -1999.58 -0.984327
3.155 -50.4224 1999.33 21784.4 50.4224 -1999.33 -1.92004
3.16 -50.4151 1999.23 21781.6 50.4151 -1999.23 -2.30976
3.165 -50.4402 1999.87 21788.1 50.4402 -1999.87 2.08592
3.17 -50.4552 2000.15 21792.9 50.4552 -2000.15 3.72759
3.175 -50.4612 2000.09 21796.2 50.4612 -2000.09 2.99263
3.18 -50.4673 2000.05 21799.5 50.4673 -2000.05 2.39328
3.185 -50.4736 2000.02 21802.7 50.4736 -2000.02 1.90326
3.19 -50.4801 1999.99 21805.9 50.4801 -1999.99 1.50235
3.195 -50.4866 1999.97 21809 50.4866 -1999.97 1.17392
3.2 -50.4932 1999.95 21812.1 50.4932 -1999.95 0.904343
3.205 -50.4998 1999.93 21815.2 50.4998 -1999.93 0.682492
3.21 -50.5064 1999.92 21818.3 50.5064 -1999.92 0.499277
3.215 -50.513 1999.9 21821.3 50.513 -1999.9 0.347283
3.22 -50.5196 1999.89 21824.2 50.5196 -1999.89 0.220449
3.225 -50.5261 1999.88 21827.2 50.5261 -1999.88 0.113813
3.23 -50.5326 1999.87 21830.1 50.5326 -1999.87 0.0233089
3.235 -50.539 1999.86 21832.9 50.539 -1999.86 -0.0544063
3.24 -50.5453 1999.85 21835.7 50.5453 -1999.85 -0.12209
3.245 -50.5515 1999.83 21838.4 50.5515 -1999.83 -0.182013
3.25 -50.5576 1999.82 21841.1 50.5576 -1999.82 -0.236039
3.255 -50.5635 1999.81 21843.7 50.5635 -1999.81 -0.285688
3.26 -50.5692 1999.8 21846.2 50.5692 -1999.8 -0.332186
3.265 -50.5747 1999.78 21848.7 50.5747 -1999.78 -0.376484
3.27 -50.58 1999.77 21851 50.58 -1999.77 -0.41926
3.275 -50.585 1999.75 21853.2 50.585 -1999.75 -0.460939
3.28 -50.5897 1999.74 21855.2 50.5897 -1999.74 -0.501779
3.285 -50.594 1999.72 21857.1 50.594 -1999.72 -0.541971
3.29 -50.5979 1999.71 21858.9 50.5979 -1999.71 -0.581708
3.295 -50.6014 1999.69 21860.4 50.6014 -1999.69 -0.621187
3.3 -50.6044 1999.67 21861.8 50.6044 -1999.67 -0.660566
3.305 -50.607 1999.66 21862.9 50.607 -1999.66 -0.699957
3.31 -50.6091 1999.64 21863.9 50.6091 -1999.64 -0.739437
3.315 -50.6106 1999.62 21864.6 50.6106 -1999.62 -0.779067
3.32 -50.6115 1999.6 21865 50.6115 -1999.6 -0.818867
3.325 -50.6119 1999.58 21865.2 50.6119 -1999.58 -0.858788
3.33 -50.6054 1999.15 21862.9 50.6054 -1999.15 -1.37638
3.335 -50.599 1998.87 21860.5 50.599 -1998.87 -1.73203
3.34 -50.5896 1998.64 21857 50.5896 -1998.64 -2.26241
3.345 -50.5777 1998.46 21852.2 50.5777 -1998.46 -2.64317
3.35 -50.5721 1998.7 21849.1 50.5721 -1998.7 -1.97781
3.355 -50.5749 1999.1 21849.1 50.5749 -1999.1 -0.758825
3.36 -50.5716 1999.15 21847.7 50.5716 -1999.15 -0.775552
3.365 -50.5677 1999.19 21846 50.5677 -1999.19 -0.789476
3.37 -50.5631 1999.22 21844.1 50.5631 -1999.22 -0.807901
3.375 -50.5577 1999.24 21841.8 50.5577 -1999.24 -0.830757
3.38 -50.5517 1999.25 21839.2 50.5517 -1999.25 -0.858236
3.385 -50.5448 1999.25 21836.2 50.5448 -1999.25 -0.890651
3.39 -50.5371 1999.24 21832.9 50.5371 -1999.24 -0.928488
3.395 -50.5284 1999.22 21829.3 50.5284 -1999.22 -0.972596
3.4 -50.5207 1999.26 21825.8 50.5207 -1999.26 -0.805278
3.405 -50.533 1999.82 21829.3 50.533 -1999.82 0.971
3.41 -50.5357 1999.8 21830.7 50.5357 -1999.8 0.726801
3.415 -50.5381 1999.79 21831.9 50.5381 -1999.79 0.539839
3.42 -50.5401 1999.79 21832.9 50.5401 -1999.79 0.390595
3.425 -50.5419 1999.79 21833.8 50.5419 -1999.79 0.272722
3.43 -50.5427 1999.76 21834.3 50.5427 -1999.76 0.131401
3.435 -50.5427 1999.73 21834.5 50.5427 -1999.73 4.99641e-05
3.44 -50.5432 1999.76 21834.7 50.5432 -1999.76 -0.0226736
3.445 -50.5434 1999.78 21834.8 50.5434 -1999.78 -0.0387618
3.45 -50.5436 1999.81 21834.9 50.5436 -1999.81 -0.0489339
3.455 -50.5437 1999.83 21834.9 50.5437 -1999.83 -0.0546626
3.46 -50.5436 1999.85 21834.9 50.5436 -1999.85 -0.0571476
3.465 -50.5435 1999.87 21834.9 50.5435 -1999.87 -0.0573618
3.47 -50.5434 1999.88 21834.8 50.5434 -1999.88 -0.0560757
3.475 -50.5432 1999.9 21834.7 50.5432 -1999.9 -0.0538823
3.48 -50.5429 1999.91 21834.6 50.5429 -1999.91 -0.0512317
3.485 -50.5427 1999.92 21834.5 50.5427 -1999.92 -0.0484637
3.49 -50.5423 1999.93 21834.3 50.5423 -1999.93 -0.0458297
3.495 -50.542 1999.94 21834.2 50.542 -1999.94 -0.0435093
3.5 -50.5416 1999.94 21834 50.5416 -1999.94 -0.0416282
3.505 -50.5411 1999.95 21833.8 50.5411 -1999.95 -0.0402778
3.51 -50.5406 1999.95 21833.6 50.5406 -1999.95 -0.0395326
3.515 -50.5399 1999.95 21833.3 50.5399 -1999.95 -0.0394602
3.52 -50.5392 1999.95 21833 50.5392 -1999.95 -0.0401199
3.525 -50.5384 1999.95 21832.6 50.5384 -1999.95 -0.0415561
3.53 -50.5426 2000.16 21833.9 50.5426 -2000.16 0.517778
3.535 -50.546 2000.25 21835.1 50.546 -2000.25 0.77585
3.54 -50.5474 2000.2 21835.8 50.5474 -2000.2 0.632322
3.545 -50.5489 2000.17 21836.6 50.5489 -2000.17 0.515364
3.55 -50.5505 2000.13 21837.4 50.5505 -2000.13 0.419765
3.555 -50.5522 2000.11 21838.2 50.5522 -2000.11 0.341612
3.56 -50.554 2000.09 21839.1 50.554 -2000.09 0.277713
3.565 -50.5559 2000.07 21839.9 50.5559 -2000.07 0.225458
3.57 -50.5578 2000.06 21840.8 50.5578 -2000.06 0.182718
3.575 -50.5597 2000.04 21841.6 50.5597 -2000.04 0.147758
3.58 -50.5617 2000.03 21842.5 50.5617 -2000.03 0.119159
3.585 -50.5637 2000.03 21843.4 50.5637 -2000.03 0.0957623
3.59 -50.5656 2000.02 21844.3 50.5656 -2000.02 0.0766172
3.595 -50.5676 2000.01 21845.2 50.5676 -2000.01 0.0609483
3.6 -50.5696 2000.01 21846 50.5696 -2000.01 0.0481242
3.605 -50.5716 2000.01 21846.9 50.5716 -2000.01 0.0376318
3.61 -50.5735 2000 21847.7 50.5735 -2000 0.0290538
3.615 -50.5754 2000 21848.6 50.5754 -2000 0.0220501
3.62 -50.5773 2000 21849.4 50.5773 -2000 0.0163428
3.625 -50.5791 2000 21850.2 50.5791 -2000 0.0117029
3.63 -50.5809 2000 21850.9 50.5809 -2000 0.00794206
3.635 -50.5827 2000 21851.7 50.5827 -2000 0.00490532
3.64 -50.5844 1999.99 21852.4 50.5844 -1999.99 0.00246555
3.645 -50.586 1999.99 21853.1 50.586 -1999.99 0.00051693
3.65 -50.5876 1999.99 21853.8 50.5876 -1999.99 -0.00103064
3.655 -50.5891 1999.99 21854.5 50.5891 -1999.99 -0.00225616
3.66 -50.5907 1999.99 21855.2 50.5907 -1999.99 -0.00323157
3.665 -50.5922 1999.99 21855.8 50.5922 -1999.99 -0.00402416
3.67 -50.5936 1999.99 21856.5 50.5936 -1999.99 -0.00469616
3.675 -50.5951 1999.99 21857.1 50.5951 -1999.99 -0.0053024
3.68 -50.5967 1999.99 21857.8 50.5967 -1999.99 -0.00588907
3.685 -50.5982 1999.99 21858.4 50.5982 -1999.99 -0.00649448
3.69 -50.5998 1999.99 21859.1 50.5998 -1999.99 -0.00715076
3.695 -50.6015 1999.99 21859.9 50.6015 -1999.99 -0.00788757
3.7 -50.6032 1999.99 21860.6 50.6032 -1999.99 -0.0087372
3.705 -50.605 1999.99 21861.4 50.605 -1999.99 -0.00973679
3.71 -50.6069 1999.99 21862.2 50.6069 -1999.99 -0.0109256
3.715 -50.6088 1999.99 21863 50.6088 -1999.99 -0.0123421
3.72 -50.6108 1999.99 21863.9 50.6108 -1999.99 -0.0140242
3.725 -50.6129 1999.98 21864.8 50.6129 -1999.98 -0.0160104
3.73 -50.6151 1999.98 21865.7 50.6151 -1999.98 -0.0183398
3.735 -50.6173 1999.98 21866.7 50.6173 -1999.98 -0.0210484
3.74 -50.6195 1999.98 21867.6 50.6195 -1999.98 -0.0241616
3.745 -50.6218 1999.97 21868.6 50.6218 -1999.97 -0.0276866
3.75 -50.624 1999.97 21869.6 50.624 -1999.97 -0.0316135
3.755 -50.6262 1999.96 21870.5 50.6262 -1999.96 -0.0359343
3.76 -50.6283 1999.96 21871.5 50.6283 -1999.96 -0.0406744
3.765 -50.637 2000.25 21874.6 50.637 -2000.25 0.621676
3.77 -50.643 2000.36 21876.9 50.643 -2000.36 0.849563
3.775 -50.6466 2000.29 21878.7 50.6466 -2000.29 0.693125
3.78 -50.6504 2000.24 21880.4 50.6504 -2000.24 0.565547
3.785 -50.6544 2000.19 21882.3 50.6544 -2000.19 0.461324
3.79 -50.6586 2000.16 21884.2 50.6586 -2000.16 0.376171
3.795 -50.663 2000.13 21886.1 50.663 -2000.13 0.306567
3.8 -50.6676 2000.1 21888.1 50.6676 -2000.1 0.249653
3.805 -50.6723 2000.08 21890.2 50.6723 -2000.08 0.203089
3.81 -50.6773 2000.07 21892.4 50.6773 -2000.07 0.164964
3.815 -50.6826 2000.05 21894.8 50.6826 -2000.05 0.133713
3.82 -50.6881 2000.04 21897.2 50.6881 -2000.04 0.108056
3.825 -50.694 2000.03 21899.7 50.694 -2000.03 0.0869414
3.83 -50.7001 2000.03 21902.4 50.7001 -2000.03 0.0695076
3.835 -50.7066 2000.02 21905.2 50.7066 -2000.02 0.0550451
3.84 -50.7135 2000.01 21908.2 50.7135 -2000.01 0.0429698
3.845 -50.7207 2000.01 21911.3 50.7207 -2000.01 0.0327984
3.85 -50.7284 2000 21914.7 50.7284 -2000 0.024128
3.855 -50.7366 2000 21918.2 50.7366 -2000 0.0166197
3.86 -50.7451 2000 21921.9 50.7451 -2000 0.00998683
3.865 -50.7542 1999.99 21925.8 50.7542 -1999.99 0.00398479
3.87 -50.7637 1999.99 21929.9 50.7637 -1999.99 -0.00160169
3.875 -50.7737 1999.98 21934.2 50.7737 -1999.98 -0.00697822
3.88 -50.7842 1999.98 21938.8 50.7842 -1999.98 -0.0123571
3.885 -50.7953 1999.97 21943.6 50.7953 -1999.97 -0.0179566
3.89 -50.8069 1999.97 21948.6 50.8069 -1999.97 -0.0239964
3.895 -50.819 1999.96 21953.9 50.819 -1999.96 -0.0307085
3.9 -50.8317 1999.95 21959.3 50.8317 -1999.95 -0.0383521
3.905 -50.8448 1999.94 21965 50.8448 -1999.94 -0.047227
3.91 -50.8583 1999.93 21970.8 50.8583 -1999.93 -0.0577258
3.915 -50.8721 1999.92 21976.8 50.8721 -1999.92 -0.0704347
3.92 -50.8862 1999.9 21982.9 50.8862 -1999.9 -0.0862648
3.925 -50.9004 1999.88 21989.1 50.9004 -1999.88 -0.106679
3.93 -50.9146 1999.85 21995.2 50.9146 -1999.85 -0.134244
3.935 -50.9286 1999.8 22001.3 50.9286 -1999.8 -0.174134
3.94 -50.9418 1999.73 22007.1 50.9418 -1999.73 -0.238932
3.945 -50.9531 1999.58 22012.1 50.9531 -1999.58 -0.372872
3.95 -50.951 1999.67 22013.3 50.951 -1999.67 -2.45396
3.955 -50.9237 1999.03 22004.7 50.9237 -1999.03 -5.63355
3.96 -50.7621 1998.36 21949.9 50.7621 -1998.36 -20.6382
3.965 -50.9766 2017.66 22032.1 50.9766 -2017.66 -10.2369
3.97 -50.9506 2016.33 22043.1 50.9506 -2016.33 -32.4394
3.975 -50.9438 2014.39 22047.6 50.9438 -2014.39 -39.8911
3.98 -50.9667 2011.75 22050 50.9667 -2011.75 -32.4194
3.985 -50.9889 2009.59 22053.7 50.9889 -2009.59 -26.4699
3.99 -51.0103 2007.86 22058.2 51.0103 -2007.86 -21.7133
3.995 -51.0279 2006.65 22062.7 51.0279 -2006.65 -18.6044
4 -51.0396 2005.85 22065.8 51.0396 -2005.85 -16.7001
4.005 -51.0494 2004.96 22067.7 51.0494 -2004.96 -14.3079
4.01 -51.059 2004.07 22069.3 51.059 -2004.07 -11.7784
4.015 -51.0685 2003.33 22071.2 51.0685 -2003.33 -9.6273
4.02 -51.0778 2002.72 22073.5 51.0778 -2002.72 -7.86117
4.025 -51.0868 2002.22 22075.9 51.0868 -2002.22 -6.41794
4.03 -51.0955 2001.81 22078.5 51.0955 -2001.81 -5.23947
4.035 -51.104 2001.48 22081.2 51.104 -2001.48 -4.27735
4.04 -51.1121 2001.21 22083.9 51.1121 -2001.21 -3.49189
4.045 -51.1199 2000.99 22086.7 51.1199 -2000.99 -2.85067
4.05 -51.1273 2000.8 22089.3 51.1273 -2000.8 -2.32719
4.055 -51.1344 2000.66 22091.9 51.1344 -2000.66 -1.89984
4.06 -51.141 2000.54 22094.5 51.141 -2000.54 -1.55096
4.065 -51.1472 2000.44 22096.9 51.1472 -2000.44 -1.26615
4.07 -51.1529 2000.36 22099.1 51.1529 -2000.36 -1.03365
4.075 -51.1582 2000.29 22101.2 51.1582 -2000.29 -0.843833
4.08 -51.1631 2000.24 22103.1 51.1631 -2000.24 -0.688877
4.085 -51.1674 2000.19 22104.9 51.1674 -2000.19 -0.562376
4.09 -51.1713 2000.16 22106.5 51.1713 -2000.16 -0.459105
4.095 -51.1747 2000.13 22107.9 51.1747 -2000.13 -0.374797
4.1 -51.1777 2000.11 22109.1 51.1777 -2000.11 -0.305972
4.105 -51.1802 2000.09 22110.1 51.1802 -2000.09 -0.249785
4.11 -51.1822 2000.07 22110.9 51.1822 -2000.07 -0.203916
4.115 -51.1838 2000.06 22111.6 51.1838 -2000.06 -0.16647
4.12 -51.1849 2000.05 22112 51.1849 -2000.05 -0.135901
4.125 -51.1856 2000.04 22112.3 51.1856 -2000.04 -0.110945
4.13 -51.1859 2000.03 22112.4 51.1859 -2000.03 -0.0905715
4.135 -51.1696 2000 22108 51.1696 -2000 -2.71817
4.14 -51.1209 1999.96 22090.1 51.1209 -1999.96 -5.9177
4.145 -51.0549 1999.96 22060.5 51.0549 -1999.96 -4.81262
4.15 -50.9596 1999.97 22018.4 50.9596 -1999.97 -3.87406
4.155 -50.8366 1999.97 21964.4 50.8366 -1999.97 -3.04349
4.16 -50.6874 1999.98 21899.2 50.6874 -1999.98 -2.2694
4.165 -50.5138 1999.98 21823.5 50.5138 -1999.98 -1.508
4.17 -50.3179 1999.97 21738 50.3179 -1999.97 -0.723746
4.175 -50.1056 2000.01 21643.8 50.1056 -2000.01 1.78699
4.18 -49.8722 2000.13 21539.9 49.8722 -2000.13 4.83032
4.185 -49.6091 2000.24 21425.5 49.6091 -2000.24 5.60378
4.19 -49.3315 2000.16 21305.1 49.3315 -2000.16 6.09354
4.195 -49.0464 2000.1 21181.3 49.0464 -2000.1 6.74896
4.2 -48.7574 2000.05 21055.7 48.7574 -2000.05 7.51497
4.205 -48.4686 2000 20930.1 48.4686 -2000 8.32418
4.21 -48.1834 1999.96 20806.1 48.1834 -1999.96 9.11145
4.215 -47.905 1999.92 20685.1 47.905 -1999.92 9.81837
4.22 -47.6354 1999.89 20568.1 47.6354 -1999.89 10.4061
4.225 -47.3766 1999.87 20455.8 47.3766 -1999.87 10.8442
4.23 -47.1297 1999.85 20348.9 47.1297 -1999.85 11.1164
4.235 -46.8956 1999.86 20247.6 46.8956 -1999.86 11.3426
4.24 -46.6737 1999.91 20151.3 46.6737 -1999.91 11.7006
4.245 -46.4634 1999.94 20060.5 46.4634 -1999.94 11.7157
4.25 -46.2661 1999.91 19975.7 46.2661 -1999.91 11.2579
4.255 -46.0832 1999.9 19897.2 46.0832 -1999.9 10.6996
4.26 -45.9142 1999.89 19824.9 45.9142 -1999.89 10.0636
4.265 -45.7588 1999.89 19758.4 45.7588 -1999.89 9.37184
4.27 -45.6167 1999.92 19697.5 45.6167 -1999.92 8.9092
4.275 -45.4865 1999.93 19641.9 45.4865 -1999.93 8.28148
4.28 -45.3679 1999.93 19591.5 45.3679 -1999.93 7.47312
4.285 -45.2612 1999.93 19546.2 45.2612 -1999.93 6.6897
4.29 -45.1659 1999.93 19505.7 45.1659 -1999.93 5.93989
4.295 -45.0817 1999.94 19470.1 45.0817 -1999.94 5.23009
4.3 -45.0083 1999.94 19439 45.0083 -1999.94 4.56491
4.305 -44.9456 1999.95 19412.5 44.9456 -1999.95 3.9475
4.31 -44.8933 1999.95 19390.5 44.8933 -1999.95 3.37985
4.315 -44.8516 1999.96 19373 44.8516 -1999.96 2.86346
4.32 -44.8201 1999.97 19359.9 44.8201 -1999.97 2.39988
4.325 -44.7988 1999.97 19351.1 44.7988 -1999.97 1.99054
4.33 -44.7874 1999.98 19346.5 44.7874 -1999.98 1.63632
4.335 -44.7858 1999.98 19346.1 44.7858 -1999.98 1.33747
4.34 -44.8105 1999.93 19354.5 44.8105 -1999.93 3.69806
4.345 -44.8529 1999.89 19371.4 44.8529 -1999.89 5.03657
4.35 -44.9094 1999.91 19396.8 44.9094 -1999.91 4.11166
4.355 -44.986 1999.93 19430.6 44.986 -1999.93 3.35641
4.36 -45.0819 1999.94 19472.6 45.0819 -1999.94 2.7393
4.365 -45.196 1999.95 19522.4 45.196 -1999.95 2.23401
4.37 -45.327 1999.96 19579.4 45.327 -1999.96 1.81809
4.375 -45.4728 1999.97 19642.8 45.4728 -1999.97 1.47202
4.38 -45.6309 1999.98 19711.4 45.6309 -1999.98 1.17846
4.385 -45.7976 2000.01 19783.6 45.7976 -2000.01 0.985619
4.39 -45.9693 2000.04 19857.9 45.9693 -2000.04 0.805312
4.395 -46.1441 2000.03 19933.7 46.1441 -2000.03 0.570905
4.4 -46.3199 2000.03 20009.9 46.3199 -2000.03 0.349344
4.405 -46.495 2000.03 20085.7 46.495 -2000.03 0.135873
4.41 -46.6676 2000.03 20160.5 46.6676 -2000.03 -0.0715998
4.415 -46.8349 2000.09 20232.8 46.8349 -2000.09 -0.134861
4.42 -46.9956 2000.14 20302.3 46.9956 -2000.14 -0.190978
4.425 -47.1486 2000.15 20368.5 47.1486 -2000.15 -0.332842
4.43 -47.295 2000.13 20432 47.295 -2000.13 -0.540855
4.435 -47.4348 2000.11 20492.6 47.4348 -2000.11 -0.723117
4.44 -47.568 2000.09 20550.3 47.568 -2000.09 -0.900942
4.445 -47.695 2000.06 20605.3 47.695 -2000.06 -1.07039
4.45 -47.817 2000.06 20658.1 47.817 -2000.06 -1.16786
4.455 -47.9349 2000.06 20709.1 47.9349 -2000.06 -1.25448
4.46 -48.0504 2000.06 20759.1 48.0504 -2000.06 -1.33802
4.465 -48.1653 2000.05 20808.8 48.1653 -2000.05 -1.42864
4.47 -48.2817 2000.05 20859.2 48.2817 -2000.05 -1.53923
4.475 -48.4016 2000.06 20911.2 48.4016 -2000.06 -1.6854
4.48 -48.5268 2000.06 20965.5 48.5268 -2000.06 -1.88524
4.485 -48.6585 2000.06 21022.6 48.6585 -2000.06 -2.15879
4.49 -48.7975 2000.07 21083 48.7975 -2000.07 -2.52791
4.495 -48.9439 2000.08 21146.8 48.9439 -2000.08 -3.01748
4.5 -49.098 2000.09 21214 49.098 -2000.09 -3.65783
4.505 -49.2593 2000.1 21284.5 49.2593 -2000.1 -4.48646
4.51 -49.427 2000.12 21358 49.427 -2000.12 -5.5477
4.515 -49.5998 2000.14 21434 49.5998 -2000.14 -6.88981
4.52 -49.7756 2000.16 21511.6 49.7756 -2000.16 -8.5601
4.525 -49.952 2000.21 21589.6 49.952 -2000.21 -10.3354
4.53 -50.1237 2000.31 21665.4 50.1237 -2000.31 -11.9877
4.535 -50.2945 2000.34 21739 50.2945 -2000.34 -11.8126
4.54 -50.4524 2000.34 21809.2 50.4524 -2000.34 -13.7585
4.545 -50.5955 2000.31 21874.9 50.5955 -2000.31 -17.5993
4.55 -50.7277 2000.29 21935.4 50.7277 -2000.29 -21.0262
4.555 -50.8479 2000.3 21990.1 50.8479 -2000.3 -23.8463
4.56 -50.9483 2000.22 22036.6 50.9483 -2000.22 -26.9505
4.565 -50.9779 1999.51 22056.4 50.9779 -1999.51 -33.9488
4.57 -51.0247 1999.57 22074.6 51.0247 -1999.57 -31.8722
4.575 -51.0566 1999.09 22086.1 51.0566 -1999.09 -29.6726
4.58 -51.0871 1998.95 22096.3 51.0871 -1998.95 -26.6745
4.585 -51.1222 1999.37 22107.5 51.1222 -1999.37 -22.7225
4.59 -51.1526 1999.64 22117.2 51.1526 -1999.64 -19.2809
4.595 -51.1782 1999.73 22125.5 51.1782 -1999.73 -16.4915
4.6 -51.2017 1999.79 22133.2 51.2017 -1999.79 -14.0182
4.605 -51.2236 1999.84 22140.4 51.2236 -1999.84 -11.8576
4.61 -51.2442 1999.88 22147.5 51.2442 -1999.88 -9.99108
4.615 -51.2639 1999.91 22154.4 51.2639 -1999.91 -8.39219
4.62 -51.2829 1999.93 22161.3 51.2829 -1999.93 -7.03139
4.625 -51.3015 1999.95 22168.1 51.3015 -1999.95 -5.8791
4.63 -51.3197 1999.96 22175 51.3197 -1999.96 -4.90723
4.635 -51.3378 1999.97 22182 51.3378 -1999.97 -4.09009
4.64 -51.3558 1999.98 22189.1 51.3558 -1999.98 -3.40476
4.645 -51.3737 1999.99 22196.2 51.3737 -1999.99 -2.83116
4.65 -51.3915 1999.99 22203.5 51.3915 -1999.99 -2.3519
4.655 -51.4094 1999.99 22210.8 51.4094 -1999.99 -1.95209
4.66 -51.4272 2000 22218.2 51.4272 -2000 -1.61901
4.665 -51.4451 2000 22225.6 51.4451 -2000 -1.34189
4.67 -51.4629 2000 22233.1 51.4629 -2000 -1.11157
4.675 -51.4807 2000 22240.6 51.4807 -2000 -0.920341
4.68 -51.4984 2000 22248.1 51.4984 -2000 -0.761716
4.685 -51.5161 2000 22255.6 51.5161 -2000 -0.630236
4.69 -51.5337 2000 22263.1 51.5337 -2000 -0.521332
4.695 -51.5512 2000 22270.5 51.5512 -2000 -0.431181
4.7 -51.5686 2000 22278 51.5686 -2000 -0.356594
4.705 -51.5859 2000 22285.4 51.5859 -2000 -0.294911
4.71 -51.6032 2000 22292.8 51.6032 -2000 -0.243919
4.715 -51.6204 2000 22300.2 51.6204 -2000 -0.201778
4.72 -51.6375 2000 22307.5 51.6375 -2000 -0.16696
4.725 -51.6545 2000 22314.9 51.6545 -2000 -0.138197
4.73 -51.6715 2000 22322.2 51.6715 -2000 -0.114438
4.735 -51.6884 2000 22329.5 51.6884 -2000 -0.0948124
4.74 -51.7053 2000 22336.8 51.7053 -2000 -0.0785999
4.745 -51.7222 2000 22344 51.7222 -2000 -0.0652048
4.75 -51.739 2000 22351.3 51.739 -2000 -0.0541348
4.755 -51.7558 2000 22358.5 51.7558 -2000 -0.0449834
4.76 -51.7725 2000 22365.8 51.7725 -2000 -0.0374147
4.765 -51.7892 2000 22373 51.7892 -2000 -0.0311517
4.77 -51.8059 2000 22380.2 51.8059 -2000 -0.025966
4.775 -51.8224 2000 22387.3 51.8224 -2000 -0.0216693
4.78 -51.8389 2000 22394.4 51.8389 -2000 -0.0181064
4.785 -51.8553 2000 22401.5 51.8553 -2000 -0.0151498
4.79 -51.8716 2000 22408.5 51.8716 -2000 -0.0126942
4.795 -51.8886 2000.05 22415.8 51.8886 -2000.05 0.0701442
4.8 -51.9059 2000.09 22423.2 51.9059 -2000.09 0.151619
4.805 -51.9222 2000.07 22430.3 51.9222 -2000.07 0.123547
4.81 -51.9384 2000.06 22437.3 51.9384 -2000.06 0.100655
4.815 -51.9544 2000.05 22444.2 51.9544 -2000.05 0.0819902
4.82 -51.9702 2000.04 22451.1 51.9702 -2000.04 0.066773
4.825 -51.9858 2000.03 22457.8 51.9858 -2000.03 0.0543683
4.83 -52.0011 2000.03 22464.4 52.0011 -2000.03 0.0442578
4.835 -52.0161 2000.02 22470.9 52.0161 -2000.02 0.0360186
4.84 -52.0309 2000.02 22477.3 52.0309 -2000.02 0.0293054
4.845 -52.0452 2000.01 22483.5 52.0452 -2000.01 0.0238367
4.85 -52.0592 2000.01 22489.5 52.0592 -2000.01 0.0193828
4.855 -52.0727 2000.01 22495.4 52.0727 -2000.01 0.0157562
4.86 -52.0859 2000.01 22501.1 52.0859 -2000.01 0.0128038
4.865 -52.0986 2000.01 22506.6 52.0986 -2000.01 0.0103985
4.87 -52.1108 2000.01 22511.9 52.1108 -2000.01 0.00843924
4.875 -52.1226 2000 22517 52.1226 -2000 0.006846
4.88 -52.134 2000 22521.9 52.134 -2000 0.00555085
4.885 -52.1449 2000 22526.6 52.1449 -2000 0.00449843
4.89 -52.1553 2000 22531.1 52.1553 -2000 0.00364364
4.895 -52.1652 2000 22535.4 52.1652 -2000 0.00294974
4.9 -52.1745 2000 22539.4 52.1745 -2000 0.00238682
4.905 -52.1833 2000 22543.2 52.1833 -2000 0.0019305
4.91 -52.1915 2000 22546.7 52.1915 -2000 0.00156088
4.915 -52.1991 2000 22550 52.1991 -2000 0.00126177
4.92 -52.206 2000 22553 52.206 -2000 0.00101992
4.925 -52.2122 2000 22555.7 52.2122 -2000 0.000824556
4.93 -52.2177 2000 22558.1 52.2177 -2000 0.000666878
4.935 -52.2225 2000 22560.1 52.2225 -2000 0.000539702
4.94 -52.2267 2000 22561.9 52.2267 -2000 0.000437176
4.945 -52.2301 2000 22563.4 52.2301 -2000 0.000354538
4.95 -52.2328 2000 22564.6 52.2328 -2000 0.000287912
4.955 -52.2348 2000 22565.4 52.2348 -2000 0.000234153
4.96 -52.2361 2000 22566 52.2361 -2000 0.000190711
4.965 -52.2369 2000 22566.3 52.2369 -2000 0.000155526
4.97 -52.237 2000 22566.4 52.237 -2000 0.000126938
4.975 -52.1882 1999.97 22553.3 52.1882 -1999.97 -7.95153
4.98 -52.1159 1999.94 22527 52.1159 -1999.94 -12.9045
4.985 -52.0342 1999.95 22489.3 52.0342 -1999.95 -10.4927
4.99 -51.923 1999.96 22439.2 51.923 -1999.96 -8.46574
4.995 -51.7843 1999.97 22377.5 51.7843 -1999.97 -6.71966
5 -51.6204 1999.97 22305.2 51.6204 -1999.97 -5.16862
5.005 -51.4336 1999.97 22223.1 51.4336 -1999.97 -3.7433
5.01 -51.2265 1999.97 22132.2 51.2265 -1999.97 -2.38994
5.015 -51.0013 1999.96 22033.6 51.0013 -1999.96 -1.06863
5.02 -50.7605 1999.96 21928.3 50.7605 -1999.96 0.249139
5.025 -50.5064 1999.95 21817.2 50.5064 -1999.95 1.58242
5.03 -50.2409 1999.94 21701.1 50.2409 -1999.94 2.94218
5.035 -49.9765 2000.02 21580.9 49.9765 -2000.02 8.97255
5.04 -49.6911 2000.38 21452.9 49.6911 -2000.38 13.6796
5.045 -49.3871 2000.44 21320.7 49.3871 -2000.44 14.5319
5.05 -49.0765 2000.31 21186.2 49.0765 -2000.31 14.8218
5.055 -48.7647 2000.19 21051 48.7647 -2000.19 15.3365
5.06 -48.453 2000.1 20915.7 48.453 -2000.1 16.0211
5.065 -48.1425 2000.02 20780.8 48.1425 -2000.02 16.8267
5.07 -47.8341 1999.94 20646.6 47.8341 -1999.94 17.7123
5.075 -47.5284 1999.88 20513.6 47.5284 -1999.88 18.6429
5.08 -47.2263 1999.83 20382.2 47.2263 -1999.83 19.5859
5.085 -46.9286 1999.8 20252.5 46.9286 -1999.8 20.6436
5.09 -46.6355 1999.85 20124.2 46.6355 -1999.85 22.3505
5.095 -46.3455 1999.84 19997.8 46.3455 -1999.84 23.4763
5.1 -46.0609 1999.77 19874.4 46.0609 -1999.77 23.9
5.105 -45.7845 1999.66 19754.7 45.7845 -1999.66 24.1858
5.11 -45.5185 1999.69 19638.9 45.5185 -1999.69 25.0501
5.115 -45.2599 1999.68 19527 45.2599 -1999.68 25.2918
5.12 -45.009 1999.64 19419 45.009 -1999.64 24.9313
5.125 -44.7672 1999.62 19315 44.7672 -1999.62 24.4397
5.13 -44.534 1999.6 19214.9 44.534 -1999.6 23.827
5.135 -44.3092 1999.59 19118.4 44.3092 -1999.59 23.1171
5.14 -44.0921 1999.59 19025.5 44.0921 -1999.59 22.3228
5.145 -43.8823 1999.59 18935.7 43.8823 -1999.59 21.4624
5.15 -43.6794 1999.59 18848.9 43.6794 -1999.59 20.5525
5.155 -43.4852 1999.62 18765 43.4852 -1999.62 20.5872
5.16 -43.2955 1999.63 18683.6 43.2955 -1999.63 20.0735
5.165 -43.1096 1999.64 18604.5 43.1096 -1999.64 18.8009
5.17 -42.9291 1999.65 18527.8 42.9291 -1999.65 17.5831
5.175 -42.7496 1999.32 18451.9 42.7496 -1999.32 15.9503
5.18 -42.5783 1999.18 18379.2 42.5783 -1999.18 14.6383
5.185 -42.4152 1999.26 18309.7 42.4152 -1999.26 13.6871
5.19 -42.2563 1999.33 18242 42.2563 -1999.33 12.7639
5.195 -42.1015 1999.39 18176 42.1015 -1999.39 11.8731
5.2 -41.9504 1999.43 18111.6 41.9504 -1999.43 11.0196
5.205 -41.8029 1999.47 18048.6 41.8029 -1999.47 10.2072
5.21 -41.6586 1999.51 17987.1 41.6586 -1999.51 9.43801
5.215 -41.5174 1999.54 17926.8 41.5174 -1999.54 8.71318
5.22 -41.379 1999.56 17867.7 41.379 -1999.56 8.03285
5.225 -41.2434 1999.58 17809.8 41.2434 -1999.58 7.41029
5.23 -41.1114 1999.6 17752.9 41.1114 -1999.6 7.24993
5.235 -40.9806 1999.61 17697 40.9806 -1999.61 6.59778
5.24 -40.8522 1999.62 17642.1 40.8522 -1999.62 6.00392
5.245 -40.726 1999.62 17588.2 40.726 -1999.62 5.46293
5.25 -40.6022 1999.63 17535.2 40.6022 -1999.63 4.97
5.255 -40.4804 1999.63 17483 40.4804 -1999.63 4.52077
5.26 -40.3592 1999.53 17431.3 40.3592 -1999.53 3.90995
5.265 -40.2409 1999.45 17380.7 40.2409 -1999.45 3.39741
5.27 -40.1264 1999.47 17331.5 40.1264 -1999.47 3.10822
5.275 -40.0139 1999.49 17283.2 40.0139 -1999.49 2.83833
5.28 -39.9033 1999.5 17235.6 39.9033 -1999.5 2.58731
5.285 -39.7948 1999.5 17189 39.7948 -1999.5 2.35406
5.29 -39.6883 1999.5 17143.2 39.6883 -1999.5 2.13732
5.295 -39.5839 1999.5 17098.3 39.5839 -1999.5 1.93604
5.3 -39.4815 1999.49 17054.2 39.4815 -1999.49 1.74923
5.305 -39.3811 1999.49 17011.1 39.3811 -1999.49 1.57591
5.31 -39.2828 1999.47 16968.8 39.2828 -1999.47 1.41511
5.315 -39.1866 1999.46 16927.3 39.1866 -1999.46 1.26582
5.32 -39.0937 1999.46 16886.8 39.0937 -1999.46 1.67713
5.325 -39.0019 1999.44 16847.1 39.0019 -1999.44 1.75566
5.33 -38.9035 1998.93 16805.9 38.9035 -1998.93 0.40248
5.335 -38.8138 1998.65 16767.9 38.8138 -1998.65 -0.344654
5.34 -38.7354 1998.72 16733.9 38.7354 -1998.72 -0.215621
5.345 -38.6589 1998.72 16700.9 38.6589 -1998.72 -0.25444
5.35 -38.5859 1998.69 16669.4 38.5859 -1998.69 -0.311991
5.355 -38.5168 1998.65 16639.7 38.5168 -1998.65 -0.38906
5.36 -38.4522 1998.57 16611.8 38.4522 -1998.57 -0.487913
5.365 -38.3969 2000.04 16587.7 38.3969 -2000.04 -0.200185
5.37 -38.3229 2001.44 16555.3 38.3229 -2001.44 0.197722
5.375 -38.223 2001.17 16512.1 38.223 -2001.17 0.233295
5.38 -38.1238 2000.95 16469.2 38.1238 -2000.95 0.259853
5.385 -38.0249 2000.78 16426.5 38.0249 -2000.78 0.279107
5.39 -37.9261 2000.63 16383.8 37.9261 -2000.63 0.292332
5.395 -37.8273 2000.51 16341.1 37.8273 -2000.51 0.300831
5.4 -37.7266 2000.03 16297.7 37.7266 -2000.03 0.166458
5.405 -37.6307 1999.69 16256.4 37.6307 -1999.69 0.0717831
5.41 -37.5406 1999.65 16217.5 37.5406 -1999.65 0.0820065
5.415 -37.4598 2002.97 16181.8 37.4598 -2002.97 0.764557
5.42 -37.3434 2004.97 16131.4 37.3434 -2004.97 0.983295
5.425 -37.1881 2003.84 16065 37.1881 -2003.84 0.307796
5.43 -37.0382 2003.11 16000.2 37.0382 -2003.11 0.327269
5.435 -36.8896 2002.55 15935.9 36.8896 -2002.55 0.428054
5.44 -36.7414 2002.1 15871.8 36.7414 -2002.1 0.515629
5.445 -36.5935 2001.72 15807.8 36.5935 -2001.72 0.587681
5.45 -36.4459 2001.42 15744 36.4459 -2001.42 0.642891
5.455 -36.2985 2001.17 15680.2 36.2985 -2001.17 0.683218
5.46 -36.1513 2000.97 15616.6 36.1513 -2000.97 0.710268
5.465 -36.0044 2000.8 15553.2 36.0044 -2000.8 0.724687
5.47 -35.8567 2000.08 15489.4 35.8567 -2000.08 0.70733
5.475 -35.7143 1999.71 15427.9 35.7143 -1999.71 0.680701
5.48 -35.577 1999.69 15368.6 35.577 -1999.69 0.649886
5.485 -35.4407 1999.67 15309.8 35.4407 -1999.67 0.614566
5.49 -35.3055 1999.65 15251.4 35.3055 -1999.65 0.577313
5.495 -35.1716 1999.62 15193.6 35.1716 -1999.62 0.538453
5.5 -35.039 1999.6 15136.3 35.039 -1999.6 0.499385
5.505 -34.9078 1999.57 15079.7 34.9078 -1999.57 0.460695
5.51 -34.778 1999.55 15023.7 34.778 -1999.55 0.422408
5.515 -34.6498 1999.52 14968.3 34.6498 -1999.52 0.384865
5.52 -34.5231 1999.49 14913.6 34.5231 -1999.49 0.348306
5.525 -34.398 1999.46 14859.6 34.398 -1999.46 0.312878
5.53 -34.2747 1999.43 14806.4 34.2747 -1999.43 0.278651
5.535 -34.1518 1999.31 14753.5 34.1518 -1999.31 0.0577944
5.54 -34.034 1999.41 14702.5 34.034 -1999.41 0.233851
5.545 -33.9175 1999.46 14652 33.9175 -1999.46 0.361692
5.55 -33.8012 1999.4 14601.8 33.8012 -1999.4 0.294193
5.555 -33.6873 1999.33 14552.7 33.6873 -1999.33 0.234323
5.56 -33.5758 1999.27 14504.6 33.5758 -1999.27 0.180349
5.565 -33.4669 1999.2 14457.6 33.4669 -1999.2 0.131101
5.57 -33.3608 1999.13 14411.8 33.3608 -1999.13 0.0855324
5.575 -33.2577 1999.06 14367.3 33.2577 -1999.06 0.0426904
5.58 -33.1578 1998.97 14324.2 33.1578 -1998.97 0.00167762
5.585 -33.0614 1998.85 14282.6 33.0614 -1998.85 -0.0465179
5.59 -32.9701 1998.7 14243.2 32.9701 -1998.7 -0.0993595
5.595 -32.8745 1998 14203.3 32.8745 -1998 -1.50228
5.6 -32.7932 1997.57 14168.5 32.7932 -1997.57 -1.82338
5.605 -32.7277 1998.41 14139.9 32.7277 -1998.41 -1.51103
5.61 -32.6185 2002.07 14093.4 32.6185 -2002.07 -2.24322
5.615 -32.4609 2001.45 14025.3 32.4609 -2001.45 -2.22168
5.62 -32.308 2001.02 13958.9 32.308 -2001.02 -1.7823
5.625 -32.1593 2000.77 13894 32.1593 -2000.77 -1.18548
5.63 -32.012 2000.67 13829.9 32.012 -2000.67 -0.743851
5.635 -31.8646 2000.5 13765.9 31.8646 -2000.5 -0.373412
5.64 -31.7225 2000 13704.1 31.7225 -2000 -0.00232755
5.645 -31.5863 1999.89 13645.1 31.5863 -1999.89 0.141882
5.65 -31.4516 1999.78 13586.9 31.4516 -1999.78 0.236367
5.655 -31.3187 1999.68 13529.4 31.3187 -1999.68 0.298163
5.66 -31.1877 1999.59 13472.8 31.1877 -1999.59 0.337173
5.665 -31.0588 1999.5 13417.1 31.0588 -1999.5 0.360708
5.67 -30.9301 1999.29 13361.7 30.9301 -1999.29 0.0819258
5.675 -30.8039 1999.05 13307.6 30.8039 -1999.05 -0.282829
5.68 -30.6844 1998.97 13255.9 30.6844 -1998.97 -0.210951
5.685 -30.5685 1998.88 13205.7 30.5685 -1998.88 -0.156056
5.69 -30.4569 1998.77 13157.5 30.4569 -1998.77 -0.113233
5.695 -30.3512 1998.68 13111.6 30.3512 -1998.68 0.0560517
5.7 -30.2514 1998.59 13068.4 30.2514 -1998.59 0.241924
5.705 -30.1554 1998.86 13027.2 30.1554 -1998.86 -0.0347069
5.71 -30.0353 2001.72 12977.6 30.0353 -2001.72 -2.3533
5.715 -29.874 2003.35 12908.8 29.874 -2003.35 -3.21731
5.72 -29.694 2002.68 12829.9 29.694 -2002.68 -2.09158
5.725 -29.5177 2002.21 12752.8 29.5177 -2002.21 -1.13974
5.73 -29.3435 2001.68 12677 29.3435 -2001.68 -0.583454
5.735 -29.1743 2000.76 12603.2 29.1743 -2000.76 0.141634
5.74 -29.0124 2000.11 12532.8 29.0124 -2000.11 0.570126
5.745 -28.8582 1999.78 12466.1 28.8582 -1999.78 0.678531
5.75 -28.7095 1999.35 12401.7 28.7095 -1999.35 0.807909
5.755 -28.5667 1998.88 12340.2 28.5667 -1998.88 0.572077
5.76 -28.433 1998.72 12282.6 28.433 -1998.72 0.442669
5.765 -28.3065 1998.67 12227.8 28.3065 -1998.67 0.588894
5.77 -28.1808 1998.34 12174 28.1808 -1998.34 0.0818612
5.775 -28.0644 1997.97 12124.1 28.0644 -1997.97 -0.307926
5.78 -27.9535 1999.51 12077.4 27.9535 -1999.51 -1.50554
5.785 -27.8306 2000.77 12024.5 27.8306 -2000.77 -1.72484
5.79 -27.6963 2000.66 11965.4 27.6963 -2000.66 -0.54575
5.795 -27.5654 1999.94 11907.8 27.5654 -1999.94 0.484477
5.8 -27.444 1999.32 11854.9 27.444 -1999.32 0.957663
5.805 -27.3398 1999.03 11809.1 27.3398 -1999.03 1.75361
5.81 -27.2484 1998.68 11768.6 27.2484 -1998.68 2.74184
5.815 -27.1694 1997.98 11734.3 27.1694 -1997.98 2.88499
5.82 -27.1128 1997.69 11709.9 27.1128 -1997.69 2.85116
5.825 -27.0718 1997.87 11692.4 27.0718 -1997.87 2.58373
5.83 -27.0368 1998.01 11677.5 27.0368 -1998.01 2.37506
5.835 -26.9725 2000.72 11654.6 26.9725 -2000.72 -2.50921
5.84 -26.8782 2002.29 11615.9 26.8782 -2002.29 -4.55461
5.845 -26.7667 2001.32 11565.7 26.7667 -2001.32 -2.48874
5.85 -26.6666 2000.5 11520.9 26.6666 -2000.5 -0.942991
5.855 -26.5757 2000.44 11480.7 26.5757 -2000.44 -0.0129589
5.86 -26.4501 2002.13 11430.8 26.4501 -2002.13 -4.31961
5.865 -26.1765 2007.09 11325.4 26.1765 -2007.09 -17.163
5.87 -25.8672 2005.73 11192.3 25.8672 -2005.73 -17.6292
5.875 -25.5753 2004.22 11061.7 25.5753 -2004.22 -13.1831
5.88 -25.3078 2002.71 10940.4 25.3078 -2002.71 -7.44346
5.885 -25.049 2001.74 10825.2 25.049 -2001.74 -3.97469
5.89 -24.7991 2001.01 10714.7 24.7991 -2001.01 -1.55674
5.895 -24.5591 2000.33 10609 24.5591 -2000.33 0.46923
5.9 -24.1469 2007.09 10455.5 24.1469 -2007.09 -24.0014
5.905 -23.711 2009.58 10277.7 23.711 -2009.58 -34.4883
5.91 -23.2845 2007.24 10087 23.2845 -2007.24 -28.1145
5.915 -22.8886 2004.81 9906.25 22.8886 -2004.81 -18.3853
5.92 -22.5162 2002.95 9734.71 22.5162 -2002.95 -7.69919
5.925 -22.1495 2001.65 9570.95 22.1495 -2001.65 -2.35898
5.93 -21.7363 2002.35 9397.57 21.7363 -2002.35 -7.47269
5.935 -21.1008 2006.25 9142.92 21.1008 -2006.25 -27.3975
5.94 -20.4517 2006.03 8865 20.4517 -2006.03 -29.877
5.945 -19.7794 2006.08 8575.13 19.7794 -2006.08 -30.4455
5.95 -19.1426 2004.2 8290.91 19.1426 -2004.2 -21.2935
5.955 -18.5311 2002.47 8017.12 18.5311 -2002.47 -11.6968
5.96 -17.9446 2000.86 7755.62 17.9446 -2000.86 -3.5343
5.965 -17.1555 2005.05 7438.61 17.1555 -2005.05 -27.4383
5.97 -16.2919 2008.02 7082.31 16.2919 -2008.02 -44.2251
5.975 -15.4923 2006.16 6727.67 15.4923 -2006.16 -34.9973
5.98 -14.6945 2004.74 6375.31 14.6945 -2004.74 -27.3053
5.985 -13.9365 2002.65 6036.47 13.9365 -2002.65 -15.8814
5.99 -13.2191 2000.63 5715.62 13.2191 -2000.63 -4.96235
5.995 -12.0756 2008.7 5275.31 12.0756 -2008.7 -58.655
6 -11.013 2011.38 4834.38 11.013 -2011.38 -76.778
6.005 -10.042 2008.95 4399.35 10.042 -2008.95 -61.2112
6.01 -8.9425 2009.3 3928.55 8.9425 -2009.3 -65.391
6.015 -7.85088 2008.49 3452.63 7.85088 -2008.49 -61.0467
6.02 -6.53625 2010.97 2906.97 6.53625 -2010.97 -83.3141
6.025 -5.19099 2012.11 2336.34 5.19099 -2012.11 -93.8321
6.03 -3.92898 2009.65 1772.66 3.92898 -2009.65 -75.3424
6.035 -2.66069 2007.57 1208.77 2.66069 -2007.57 -59.3541
6.04 -1.39737 2005.71 648.883 1.39737 -2005.71 -45.2171
6.045 0.286399 2010.15 -32.7813 -0.286399 -2010.15 -90.943
6.05 1.84841 2010.43 -701.401 -1.84841 -2010.43 -97.112
6.055 3.32294 2007.9 -1361.04 -3.32294 -2007.9 -74.4708
6.06 4.98654 2008.27 -2072.45 -4.98654 -2008.27 -81.7317
6.065 6.89035 2010.72 -2862.61 -6.89035 -2010.72 -114.015
6.07 8.73948 2010.54 -3660.47 -8.73948 -2010.54 -114.984
6.075 10.5138 2008.4 -4450.33 -10.5138 -2008.4 -91.6367
6.08 12.2694 2006.32 -5230.83 -12.2694 -2006.32 -69.5545
6.085 14.053 2004.98 -6015.76 -14.053 -2004.98 -55.1282
6.09 15.8256 2003.6 -6796.52 -15.8256 -2003.6 -40.154
6.095 17.7926 2003.71 -7631.8 -17.7926 -2003.71 -54.5931
6.1 19.8537 2004.03 -8508.87 -19.8537 -2004.03 -67.9031
6.105 21.8113 2003.29 -9368.1 -21.8113 -2003.29 -54.3822
6.11 24.0503 2004.22 -10307.6 -24.0503 -2004.22 -82.1483
6.115 26.5106 2006.82 -11339.1 -26.5106 -2006.82 -113.495
6.12 28.6578 2008.62 -12301.4 -28.6578 -2008.62 -78.7968
6.125 31.0142 2012.33 -13333.5 -31.0142 -2012.33 -64.5892
6.13 33.1735 2015.12 -14302.1 -33.1735 -2015.12 -28.8609
6.135 35.7686 2016.4 -15389.6 -35.7686 -2016.4 -62.4583
6.14 38.3919 2016.15 -16505.3 -38.3919 -2016.15 -79.9646
6.145 40.9015 2014.02 -17596.7 -40.9015 -2014.02 -72.7567
6.15 43.3542 2012.61 -18656.2 -43.3542 -2012.61 -72.8354
6.155 45.7848 2010.67 -19700.9 -45.7848 -2010.67 -78.1155
6.16 48.1421 2008.44 -20728.8 -48.1421 -2008.44 -68.6106
6.165 50.1376 2004.33 -21620.1 -50.1376 -2004.33 -39.3733
6.17 51.742 2001.93 -22343.7 -51.742 -2001.93 -8.84987
6.175 52.9715 2002.36 -22932.5 -52.9715 -2002.36 48.8467
6.18 54.1489 2002.47 -23461.3 -54.1489 -2002.47 68.9976
6.185 55.0813 2003.69 -23899.6 -55.0813 -2003.69 104.486
6.19 55.603 2003.33 -24200.5 -55.603 -2003.33 180.013
6.195 55.8642 2002.34 -24376.9 -55.8642 -2002.34 243.521
6.2 55.5956 2000.39 -24366.4 -55.5956 -2000.39 349.074
6.205 55.1201 1996.65 -24206.3 -55.1201 -1996.65 394.383
6.21 54.5582 1994.18 -23947.2 -54.5582 -1994.18 378.038
6.215 53.8323 1993.07 -23605.8 -53.8323 -1993.07 350.261
6.22 53.1194 1992.87 -23245.2 -53.1194 -1992.87 297.623
6.225 52.3227 1992.97 -22860.7 -52.3227 -1992.97 257.33
6.23 51.3859 1991.43 -22428.7 -51.3859 -1991.43 230.037
6.235 50.4872 1991.16 -21996.9 -50.4872 -1991.16 186.466
6.24 50.6255 1997.11 -21886.1 -50.6255 -1997.11 15.9033
6.245 50.7196 1999.88 -21854.4 -50.7196 -1999.88 -56.5027
6.25 50.5584 1999.21 -21799 -50.5584 -1999.21 -42.2623
6.255 50.5367 2000.09 -21779.2 -50.5367 -2000.09 -52.6491
6.26 50.5219 2000.25 -21769.9 -50.5219 -2000.25 -55.5798
6.265 50.4529 1999.57 -21753.5 -50.4529 -1999.57 -42.1578
6.27 50.3955 1999.35 -21737.9 -50.3955 -1999.35 -32.9603
6.275 50.3444 1999.33 -21722.5 -50.3444 -1999.33 -26.3132
6.28 50.3294 1999.71 -21716.2 -50.3294 -1999.71 -26.1527
6.285 50.3582 2000.25 -21725.9 -50.3582 -2000.25 -28.8104
6.29 50.3579 2000.08 -21731.6 -50.3579 -2000.08 -23.047
6.295 50.359 1999.94 -21736.7 -50.359 -1999.94 -18.334
6.3 50.3609 1999.82 -21741.4 -50.3609 -1999.82 -14.4718
6.305 50.3631 1999.72 -21745.6 -50.3631 -1999.72 -11.3028
6.31 50.3509 1998.96 -21744.4 -50.3509 -1998.96 -7.20838
6.315 50.3298 1998.08 -21739.4 -50.3298 -1998.08 -3.0754
6.32 50.3152 1997.95 -21735.2 -50.3152 -1997.95 -0.94561
6.325 50.3083 1998.24 -21732.6 -50.3083 -1998.24 -0.557674
6.33 50.3143 1998.73 -21733.6 -50.3143 -1998.73 -2.18786
6.335 50.3425 1999.38 -21742.7 -50.3425 -1999.38 -5.2272
6.34 50.3543 1999.43 -21749 -50.3543 -1999.43 -4.11628
6.345 50.3661 1999.46 -21754.9 -50.3661 -1999.46 -3.21033
6.35 50.3776 1999.49 -21760.7 -50.3776 -1999.49 -2.46777
6.355 50.389 1999.52 -21766.2 -50.389 -1999.52 -1.85834
6.36 50.4 1999.53 -21771.4 -50.4 -1999.53 -1.35728
6.365 50.4107 1999.55 -21776.5 -50.4107 -1999.55 -0.944392
6.37 50.421 1999.55 -21781.3 -50.421 -1999.55 -0.603148
6.375 50.4309 1999.56 -21785.8 -50.4309 -1999.56 -0.320055
6.38 50.4403 1999.56 -21790.1 -50.4403 -1999.56 -0.0840844
6.385 50.443 1999.21 -21792.1 -50.443 -1999.21 0.692296
6.39 50.4427 1998.84 -21792.7 -50.4427 -1998.84 1.48432
6.395 50.4468 1998.88 -21794.6 -50.4468 -1998.88 1.56295
6.4 50.4495 1998.9 -21795.8 -50.4495 -1998.9 1.66159
6.405 50.4507 1998.9 -21796.5 -50.4507 -1998.9 1.77374
6.41 50.4502 1998.87 -21796.4 -50.4502 -1998.87 1.90291
6.415 50.4478 1998.83 -21795.5 -50.4478 -1998.83 2.05354
6.42 50.4416 1998.69 -21793.2 -50.4416 -1998.69 2.40522
6.425 50.4282 1998.42 -21788 -50.4282 -1998.42 2.99959
6.43 50.4202 1998.62 -21784.1 -50.4202 -1998.62 2.61374
6.435 50.411 1998.77 -21779.9 -50.411 -1998.77 2.3081
6.44 50.4008 1998.9 -21775.2 -50.4008 -1998.9 2.06344
6.445 50.4007 1999.36 -21773.6 -50.4007 -1999.36 0.521462
6.45 50.4048 1999.77 -21774 -50.4048 -1999.77 -0.839539
6.455 50.4009 1999.73 -21772.7 -50.4009 -1999.73 -0.550542
6.46 50.3968 1999.7 -21771.1 -50.3968 -1999.7 -0.314518
6.465 50.3922 1999.67 -21769.3 -50.3922 -1999.67 -0.117446
6.47 50.3872 1999.65 -21767.3 -50.3872 -1999.65 0.0480467
6.475 50.3797 1999.52 -21764.4 -50.3797 -1999.52 0.365798
6.48 50.4027 2000.47 -21770.8 -50.4027 -2000.47 -3.12392
6.485 50.4266 2001.15 -21779 -50.4266 -2001.15 -5.33453
6.49 50.435 2000.94 -21783.6 -50.435 -2000.94 -4.35347
6.495 50.444 2000.77 -21788.3 -50.444 -2000.77 -3.55261
6.5 50.4536 2000.63 -21793 -50.4536 -2000.63 -2.89915
6.505 50.4635 2000.51 -21797.9 -50.4635 -2000.51 -2.36573
6.51 50.4737 2000.42 -21802.7 -50.4737 -2000.42 -1.93032
6.515 50.5079 2001.18 -21815 -50.5079 -2001.18 -4.37852
6.52 50.535 2001.46 -21825.9 -50.535 -2001.46 -5.23612
6.525 50.5522 2001.19 -21834.3 -50.5522 -2001.19 -4.27355
6.53 50.5699 2000.97 -21842.7 -50.5699 -2000.97 -3.48775
6.535 50.5882 2000.8 -21851.2 -50.5882 -2000.8 -2.84637
6.54 50.5929 1999.65 -21854.8 -50.5929 -1999.65 -1.35131
6.545 50.6022 1999.11 -21859.6 -50.6022 -1999.11 -0.506965
6.55 50.621 1999.35 -21867.4 -50.621 -1999.35 -0.856356
6.555 50.6564 2000.13 -21881.2 -50.6564 -2000.13 -2.40253
6.56 50.679 2000.08 -21891.4 -50.679 -2000.08 -1.9331
6.565 50.7017 2000.04 -21901.6 -50.7017 -2000.04 -1.55748
6.57 50.7243 2000.01 -21911.6 -50.7243 -2000.01 -1.24896
6.575 50.7468 1999.98 -21921.6 -50.7468 -1999.98 -0.995094
6.58 50.7692 1999.95 -21931.5 -50.7692 -1999.95 -0.785452
6.585 50.7915 1999.93 -21941.3 -50.7915 -1999.93 -0.611405
6.59 50.8136 1999.91 -21951 -50.8136 -1999.91 -0.465729
6.595 50.8355 1999.88 -21960.6 -50.8355 -1999.88 -0.342249
6.6 50.8572 1999.85 -21970.1 -50.8572 -1999.85 -0.235485
6.605 50.8785 1999.82 -21979.4 -50.8785 -1999.82 -0.140211
6.61 50.8994 1999.78 -21988.5 -50.8994 -1999.78 -0.0507735
6.615 50.9198 1999.73 -21997.4 -50.9198 -1999.73 0.0402817
6.62 50.9392 1999.66 -22005.9 -50.9392 -1999.66 0.146142
6.625 50.9568 1999.52 -22013.6 -50.9568 -1999.52 0.300108
6.63 50.9687 1999.13 -22019.1 -50.9687 -1999.13 0.668179
6.635 0.42664 -206.054 -131.39 -0.42664 206.054 -52.9183
