0.1 -2.92171e-32 200 4.44089e-14
0.2 -2.33737e-31 400 -3.19744e-14
0.3 1.28555e-30 600 1.77636e-13
0.4 -1.16868e-31 800 -1.56319e-13
0.5 5.25907e-31 1000 1.20792e-13
0.6 -1.34819e-31 1200 -4.95522e-29
0.7 5.84341e-31 1400 -1.20792e-13
0.8 9.34946e-31 1600 -1.42109e-13
0.9 0 1800 2.27374e-13
1 5.25907e-31 2000 -1.27898e-13
0.005 0.00128466 2000 -0.555974
0.01 0.00641763 2000 -2.77423
0.015 0.0166724 2000 -7.20399
0.02 0.0320371 2000 -13.8413
0.025 0.0524981 2000 -22.6803
0.03 0.0780415 2000 -33.7149
0.035 0.108653 2000 -46.9389
0.04 0.144316 2000 -62.3454
0.045 0.185014 2000 -79.9273
0.05 0.230731 2000 -99.6771
0.055 0.281448 2000 -121.587
0.06 0.337145 2000 -145.649
0.065 0.397803 2000 -171.853
0.07 0.4634 2000 -200.191
0.075 0.533914 2000 -230.654
0.08 0.609321 2000 -263.23
0.085 0.689592 2000 -297.908
0.09 0.774703 2000 -334.676
0.095 0.864632 2000 -373.526
0.1 0.959356 2000 -414.448
0.105 1.05886 2000 -457.432
0.11 1.16312 2000 -502.474
0.115 1.27212 2000 -549.565
0.12 1.38586 2000 -598.699
0.125 1.5043 2000 -649.867
0.13 1.62743 2000 -703.06
0.135 1.75522 2000 -758.267
0.14 1.88764 2000 -815.474
0.145 2.02466 2000 -874.667
0.15 2.16623 2000 -935.828
0.155 2.31231 2000 -998.936
0.16 2.46286 2000 -1063.97
0.165 2.61782 2000 -1130.92
0.17 2.77718 2000 -1199.76
0.175 2.94089 2000 -1270.49
0.18 3.10893 2000 -1343.08
0.185 3.2813 2000 -1417.54
0.19 3.45797 2000 -1493.87
0.195 3.63895 2000 -1572.05
0.2 3.8242 2000 -1652.08
0.205 4.01369 2000 -1733.94
0.21 4.20739 2000 -1817.63
0.215 4.40526 2000 -1903.1
0.22 4.60721 2000 -1990.35
0.225 4.81318 2000 -2079.33
0.23 5.0231 1999.99 -2170.02
0.235 5.2369 1999.99 -2262.38
0.24 5.45449 1999.99 -2356.38
0.245 5.67579 1999.99 -2451.98
0.25 5.90074 1999.99 -2549.17
0.255 6.1293 1999.99 -2647.91
0.26 6.36147 1999.99 -2748.2
0.265 6.59726 1999.99 -2850.07
0.27 6.83673 1999.99 -2953.52
0.275 7.07991 1999.99 -3058.58
0.28 7.3268 1999.99 -3165.24
0.285 7.57738 1999.99 -3273.49
0.29 7.83158 1999.99 -3383.31
0.295 8.08939 1999.99 -3494.68
0.3 8.35076 1999.99 -3607.59
0.305 8.61565 1999.99 -3722.03
0.31 8.88401 1999.99 -3837.96
0.315 9.15574 1999.99 -3955.35
0.32 9.43074 1999.99 -4074.15
0.325 9.70892 1999.99 -4194.33
0.33 9.99024 1999.99 -4315.86
0.335 10.2747 1999.99 -4438.75
0.34 10.5623 1999.99 -4562.98
0.345 10.8529 1999.99 -4688.55
0.35 11.1466 1999.99 -4815.41
0.355 11.4432 1999.99 -4943.54
0.36 11.7426 1999.99 -5072.89
0.365 12.0448 1999.99 -5203.43
0.37 12.3496 1999.99 -5335.13
0.375 12.6571 1999.99 -5467.98
0.38 12.9673 1999.99 -5601.96
0.385 13.2799 1999.99 -5737.03
0.39 13.5951 1999.99 -5873.19
0.395 13.9127 1999.99 -6010.41
0.4 14.2328 1999.99 -6148.66
0.405 14.5551 1999.99 -6287.93
0.41 14.8798 1999.99 -6428.19
0.415 15.2067 1999.99 -6569.42
0.42 15.5358 1999.98 -6711.61
0.425 15.8671 1999.98 -6854.72
0.43 16.2005 1999.98 -6998.73
0.435 16.5359 1999.98 -7143.63
0.44 16.8733 1999.98 -7289.39
0.445 17.2126 1999.98 -7435.98
0.45 17.5538 1999.98 -7583.39
0.455 17.8969 1999.98 -7731.6
0.46 18.2417 1999.98 -7880.57
0.465 18.5883 1999.98 -8030.29
0.47 18.9365 1999.98 -8180.73
0.475 19.2864 1999.98 -8331.88
0.48 19.6379 1999.98 -8483.73
0.485 19.9911 1999.98 -8636.3
0.49 20.346 1999.98 -8789.64
0.495 20.7028 1999.98 -8943.77
0.5 21.0614 1999.98 -9098.69
0.505 21.4218 1999.98 -9254.41
0.51 21.7842 1999.98 -9410.94
0.515 22.1483 1999.98 -9568.26
0.52 22.5142 1999.98 -9726.33
0.525 22.8817 1999.98 -9885.1
0.53 23.2507 1999.98 -10044.5
0.535 23.6213 1999.98 -10204.6
0.54 23.9895 1999.99 -10364.2
0.545 24.3577 2000 -10523.7
0.55 24.7289 2000 -10683.9
0.555 25.0936 2000.02 -10842.3
0.56 25.4606 2000.03 -11001
0.565 25.8295 2000.02 -11160.1
0.57 26.1976 2000.01 -11318.8
0.575 26.5648 2000 -11477.3
0.58 26.9285 2000.01 -11634.6
0.585 27.2774 2000.05 -11786.6
0.59 27.6314 2000.04 -11939.1
0.595 27.9845 2000.03 -12091.3
0.6 28.3369 2000.02 -12243.2
0.605 28.6885 2000.01 -12394.9
0.61 29.0256 2000.09 -12541.6
0.615 29.3619 2000.12 -12687.3
0.62 29.7006 2000.1 -12833.2
0.625 30.0155 2000.2 -12971.7
0.63 30.3269 2000.26 -13107.3
0.635 30.6456 2000.21 -13244
0.64 30.9633 2000.16 -13380.4
0.645 31.2803 2000.13 -13516.6
0.65 31.5965 2000.1 -13652.6
0.655 31.912 2000.07 -13788.5
0.66 32.2268 2000.06 -13924.1
0.665 32.5352 2000.08 -14057.6
0.67 32.8137 2000.22 -14179.4
0.675 33.0895 2000.21 -14298.8
0.68 33.368 2000.16 -14418.4
0.685 33.646 2000.13 -14538
0.69 33.9237 2000.1 -14657.5
0.695 34.2016 2000.08 -14777.2
0.7 34.4797 2000.06 -14897
0.705 34.7583 2000.04 -15017.1
0.71 35.0369 2000.03 -15137.3
0.715 35.3152 2000.02 -15257.3
0.72 35.5924 2000.01 -15377
0.725 35.8678 2000 -15495.8
0.73 36.1181 2000.2 -15605.8
0.735 36.362 2000.29 -15712
0.74 36.5999 2000.28 -15815.3
0.745 36.8363 2000.25 -15917.2
0.75 37.0709 2000.2 -16017.9
0.755 37.3019 2000.16 -16117.2
0.76 37.5295 2000.12 -16215.1
0.765 37.7542 2000.1 -16311.8
0.77 37.9763 2000.08 -16407.4
0.775 38.1961 2000.06 -16502.1
0.78 38.4139 2000.04 -16596
0.785 38.6298 2000.03 -16689.1
0.79 38.8438 2000.02 -16781.4
0.795 39.0559 2000.01 -16872.9
0.8 39.2662 2000.01 -16963.7
0.805 39.4748 2000 -17053.7
0.81 39.68 2000.02 -17142.4
0.815 39.8694 2000.11 -17224.9
0.82 40.0605 2000.09 -17307.3
0.825 40.2506 2000.07 -17389.2
0.83 40.4401 2000.05 -17471
0.835 40.6292 2000.04 -17552.6
0.84 40.8158 2000.05 -17633.4
0.845 41.0004 2000.07 -17713.6
0.85 41.1857 2000.07 -17793.7
0.855 41.3719 2000.05 -17874
0.86 41.556 2000.05 -17953.6
0.865 41.7412 2000.04 -18033.4
0.87 41.9265 2000.03 -18113.2
0.875 42.1117 2000.02 -18193.1
0.88 42.2967 2000.01 -18272.9
0.885 42.4812 2000.01 -18352.5
0.89 42.6649 2000 -18431.8
0.895 42.8471 2000 -18510.4
0.9 43.02 2000.06 -18586.2
0.905 43.19 2000.08 -18660.1
0.91 43.3585 2000.07 -18732.6
0.915 43.5223 2000.05 -18803.1
0.92 43.6807 2000.04 -18871.2
0.925 43.8332 2000.03 -18936.9
0.93 43.9789 2000.03 -18999.8
0.935 44.1123 2000.08 -19057.6
0.94 44.2414 2000.07 -19113.2
0.945 44.3659 2000.05 -19166.8
0.95 44.4867 2000.04 -19218.9
0.955 44.6043 2000.03 -19269.6
0.96 44.7192 2000.02 -19319.2
0.965 44.8307 2000.03 -19367.5
0.97 44.9372 2000.05 -19413.9
0.975 45.0441 2000.04 -19459.9
0.98 45.1501 2000.03 -19505.5
0.985 45.2555 2000.03 -19551
0.99 45.3608 2000.02 -19596.4
0.995 45.4659 2000.02 -19641.7
1 45.5692 2000.03 -19686.6
1.005 45.6721 2000.04 -19731.2
1.01 45.7752 2000.03 -19775.6
1.015 45.8773 2000.02 -19819.6
1.02 45.9777 2000.02 -19862.9
1.025 46.0759 2000.01 -19905.3
1.03 46.1713 2000.01 -19946.4
1.035 46.2635 2000.01 -19986.2
1.04 46.3526 2000.01 -20024.7
1.045 46.4387 2000.01 -20061.8
1.05 46.5224 2000 -20097.9
1.055 46.5989 2000.05 -20131.8
1.06 46.6744 2000.07 -20164.6
1.065 46.7495 2000.05 -20196.9
1.07 46.8232 2000.04 -20228.6
1.075 46.8957 2000.04 -20259.8
1.08 46.9673 2000.03 -20290.5
1.085 47.0377 2000.02 -20320.9
1.09 47.1068 2000.02 -20350.6
1.095 47.1741 2000.02 -20379.7
1.1 47.2391 2000.01 -20407.7
1.105 47.3012 2000.01 -20434.5
1.11 47.3595 2000.01 -20459.6
1.115 47.4135 2000.01 -20482.9
1.12 47.4627 2000.01 -20504.2
1.125 47.5068 2000.01 -20523.2
1.13 47.5455 2000 -20539.9
1.135 47.579 2000 -20554.3
1.14 47.6076 2000 -20566.6
1.145 47.6317 2000.01 -20576.9
1.15 47.6513 2000 -20585.4
1.155 47.6672 2000 -20592.2
1.16 47.6795 2000 -20597.6
1.165 47.6885 2000 -20601.5
1.17 47.6944 2000 -20604
1.175 47.6974 2000 -20605.3
1.18 47.6979 2000 -20605.5
1.185 47.6955 1999.99 -20604.5
1.19 47.6911 1999.99 -20602.7
1.195 47.6855 1999.99 -20600.2
1.2 47.6789 1999.99 -20597.4
1.205 47.6718 1999.99 -20594.3
1.21 47.6646 1999.99 -20591.2
1.215 47.6574 2000 -20588
1.22 47.6499 2000 -20584.8
1.225 47.6417 2000 -20581.2
1.23 47.6321 2000 -20577.1
1.235 47.6203 2000 -20572
1.24 47.6055 2000 -20565.6
1.245 47.5871 2000 -20557.6
1.25 47.5643 2000 -20547.7
1.255 47.5366 2000 -20535.8
1.26 47.5043 2000 -20521.8
1.265 47.4671 2000 -20505.7
1.27 47.4252 2000 -20487.6
1.275 47.3784 2000 -20467.4
1.28 47.3265 2000 -20445
1.285 47.2695 2000 -20420.4
1.29 47.2072 2000 -20393.5
1.295 47.1397 2000 -20364.3
1.3 47.067 2000 -20332.9
1.305 46.9893 2000 -20299.4
1.31 46.9069 2000 -20263.8
1.315 46.8201 2000 -20226.3
1.32 46.729 2000 -20186.9
1.325 46.6341 2000 -20145.9
1.33 46.5354 2000 -20103.3
1.335 46.4335 2000 -20059.3
1.34 46.3284 2000 -20013.9
1.345 46.2205 2000 -19967.3
1.35 46.1065 2000.03 -19918.6
1.355 45.9888 2000.05 -19868.2
1.36 45.8712 2000.04 -19817.2
1.365 45.7528 2000.03 -19765.9
1.37 45.6345 2000.03 -19714.6
1.375 45.5169 2000.02 -19663.7
1.38 45.4008 2000.02 -19613.5
1.385 45.2869 2000.02 -19564.2
1.39 45.1755 2000.01 -19516.1
1.395 45.0671 2000.01 -19469.2
1.4 44.9617 2000.01 -19423.6
1.405 44.8578 2000.02 -19378.9
1.41 44.7554 2000.02 -19334.8
1.415 44.6549 2000.02 -19291.3
1.42 44.5547 2000.01 -19247.9
1.425 44.4536 2000.01 -19204.2
1.43 44.3504 2000.01 -19159.6
1.435 44.2445 2000.01 -19113.8
1.44 44.1352 2000.01 -19066.5
1.445 44.019 2000.03 -19016.8
1.45 43.8972 2000.05 -18964.6
1.455 43.7724 2000.04 -18910.5
1.46 43.6428 2000.03 -18854.3
1.465 43.5082 2000.03 -18796.1
1.47 43.3671 2000.04 -18735.1
1.475 43.2143 2000.08 -18669.4
1.48 43.0571 2000.06 -18601.3
1.485 42.8949 2000.05 -18531.1
1.49 42.7275 2000.04 -18458.7
1.495 42.5547 2000.03 -18384
1.5 42.3762 2000.03 -18306.8
1.505 42.1919 2000.02 -18227.2
1.51 42.0019 2000.02 -18145
1.515 41.8062 2000.02 -18060.5
1.52 41.5981 2000.05 -17971.4
1.525 41.389 2000.04 -17880.9
1.53 41.1769 2000.04 -17789.1
1.535 40.9627 2000.03 -17696.4
1.54 40.7473 2000.02 -17603.3
1.545 40.5312 2000.02 -17509.8
1.55 40.315 2000.02 -17416.4
1.555 40.0987 2000.01 -17322.9
1.56 39.8801 2000.02 -17228.7
1.565 39.6599 2000.03 -17133.8
1.57 39.4391 2000.03 -17038.3
1.575 39.2118 2000.05 -16940.6
1.58 38.9796 2000.07 -16840.8
1.585 38.7454 2000.07 -16739.6
1.59 38.5086 2000.06 -16637
1.595 38.2603 2000.12 -16530.2
1.6 37.9966 2000.21 -16417
1.605 37.7331 2000.17 -16302.7
1.61 37.4671 2000.14 -16187.5
1.615 37.1994 2000.11 -16071.5
1.62 36.9306 2000.09 -15955.1
1.625 36.6612 2000.08 -15838.6
1.63 36.3917 2000.06 -15721.9
1.635 36.1221 2000.05 -15605.3
1.64 35.8523 2000.04 -15488.7
1.645 35.5821 2000.03 -15371.9
1.65 35.3109 2000.03 -15254.6
1.655 35.038 2000.02 -15136.7
1.66 34.7623 2000.02 -15017.5
1.665 34.4827 2000.01 -14896.7
1.67 34.1983 2000.01 -14773.8
1.675 33.8974 2000.09 -14644.9
1.68 33.5644 2000.25 -14503.1
1.685 33.2334 2000.2 -14359.5
1.69 32.8964 2000.16 -14213.4
1.695 32.5538 2000.13 -14065.1
1.7 32.2062 2000.11 -13914.6
1.705 31.8538 2000.09 -13762.1
1.71 31.4963 2000.07 -13607.4
1.715 31.1333 2000.06 -13450.4
1.72 30.7644 2000.05 -13290.9
1.725 30.3894 2000.04 -13128.7
1.73 30.0088 2000.03 -12964.2
1.735 29.5792 2000.34 -12782.7
1.74 29.1328 2000.51 -12592.8
1.745 28.6995 2000.42 -12404.2
1.75 28.2671 2000.34 -12216.3
1.755 27.8388 2000.28 -12030.4
1.76 27.4169 2000.23 -11847.4
1.765 27.0034 2000.18 -11668.1
1.77 26.5827 2000.25 -11487.5
1.775 26.1729 2000.27 -11310.6
1.78 25.7746 2000.23 -11138.1
1.785 25.3595 2000.31 -10960.8
1.79 24.9555 2000.31 -10786.2
1.795 24.5637 2000.26 -10616
1.8 24.1793 2000.21 -10449.1
1.805 23.8015 2000.17 -10285.2
1.81 23.4291 2000.14 -10123.8
1.815 23.0612 2000.11 -9964.43
1.82 22.6973 2000.09 -9806.85
1.825 22.3371 2000.07 -9650.94
1.83 21.9606 2000.15 -9490.75
1.835 21.5924 2000.16 -9332.43
1.84 21.2319 2000.13 -9175.86
1.845 20.8724 2000.11 -9019.9
1.85 20.5137 2000.09 -8864.4
1.855 20.1557 2000.07 -8709.28
1.86 19.7981 2000.06 -8554.4
1.865 19.4345 2000.07 -8397.83
1.87 19.0708 2000.07 -8240.8
1.875 18.7077 2000.06 -8083.51
1.88 18.3384 2000.07 -7924.26
1.885 17.9669 2000.07 -7763.89
1.89 17.5953 2000.05 -7602.96
1.895 17.2211 2000.04 -7440.98
1.9 16.8438 2000.04 -7277.7
1.905 16.4625 2000.03 -7112.78
1.91 16.077 2000.02 -6946.07
1.915 15.6879 2000.02 -6777.81
1.92 15.2965 2000.01 -6608.63
1.925 14.9048 2000.01 -6439.29
1.93 14.5144 2000.01 -6270.57
1.935 14.127 2000 -6103.16
1.94 13.7441 2000 -5937.66
1.945 13.3667 2000 -5774.58
1.95 12.9954 2000 -5614.18
1.955 12.6304 2000 -5456.47
1.96 12.2711 2000 -5301.23
1.965 11.9167 2000 -5148.11
1.97 11.5663 2000 -4996.69
1.975 11.2189 2000 -4846.62
1.98 10.8742 2000 -4697.67
1.985 10.5318 2000 -4549.78
1.99 10.192 2000 -4402.97
1.995 9.85466 2000 -4257.24
2 9.51986 2000 -4112.6
2.005 9.1878 1999.99 -3969.13
2.01 8.85808 1999.99 -3826.68
2.015 8.53014 1999.99 -3685.02
2.02 8.20314 1999.99 -3543.75
2.025 7.87612 1999.99 -3402.48
2.03 7.54853 2000 -3260.96
2.035 7.22045 2000 -3119.24
2.04 6.89281 2000 -2977.68
2.045 6.56668 1999.99 -2836.8
2.05 6.24338 1999.99 -2697.15
2.055 5.92446 1999.99 -2559.34
2.06 5.61053 1999.99 -2423.71
2.065 5.30185 1999.99 -2290.37
2.07 4.99787 1999.99 -2159.06
2.075 4.69762 1999.99 -2029.35
2.08 4.40031 1999.99 -1900.91
2.085 4.10551 1999.99 -1773.57
2.09 3.81333 1999.99 -1647.32
2.095 3.52398 1999.98 -1522.31
2.1 3.23782 1999.98 -1398.72
2.105 2.95595 1999.99 -1276.96
2.11 2.67998 1999.98 -1157.76
2.115 2.4119 1999.99 -1041.96
2.12 2.15416 1999.98 -930.568
2.125 1.90807 1999.98 -824.211
2.13 1.67467 1999.98 -723.434
2.135 1.45522 1999.97 -628.68
2.14 1.25046 1999.97 -540.214
2.145 1.05975 1999.97 -457.819
2.15 0.882397 1999.97 -381.193
2.155 0.716522 1999.96 -309.532
2.16 0.560247 1999.97 -242.01
2.165 0.411501 1999.98 -177.754
2.17 0.26828 1999.98 -115.885
2.175 0.128368 1999.98 -55.4444
2.18 -0.0106301 1999.99 4.60123
2.185 -0.151171 1999.99 65.3137
2.19 -0.295627 1999.99 127.7
2.195 -0.445826 1999.99 192.556
2.2 -0.602899 1999.99 260.399
2.205 -0.767453 1999.99 331.496
2.21 -0.939449 1999.99 405.805
2.215 -1.11775 1999.99 482.841
2.22 -1.30055 1999.99 561.84
2.225 -1.48533 1999.98 641.585
2.23 -1.66836 1999.99 720.609
2.235 -1.84592 1999.99 797.306
2.24 -2.01508 1999.98 870.235
2.245 -2.17278 1999.98 938.241
2.25 -2.317 1999.98 1000.57
2.255 -2.44643 1999.97 1056.52
2.26 -2.56183 1999.97 1106.4
2.265 -2.66434 1999.97 1150.7
2.27 -2.75562 1999.97 1190.12
2.275 -2.83731 1999.97 1225.43
2.28 -2.91081 1999.98 1257.24
2.285 -2.97651 1999.98 1285.66
2.29 -3.03367 1999.99 1310.39
2.295 -3.08102 1999.99 1330.87
2.3 -3.11729 1999.99 1346.56
2.305 -3.14145 1999.99 1357.02
2.31 -3.15278 1999.99 1361.93
2.315 -3.15087 1999.99 1361.11
2.32 -3.13538 1999.99 1354.4
2.325 -3.10669 1999.99 1342.02
2.33 -3.06584 1999.99 1324.38
2.335 -3.01382 1999.99 1301.92
2.34 -2.95166 2000 1275.08
2.345 -2.88037 2000 1244.29
2.35 -2.80108 2000 1210.04
2.355 -2.71523 2000 1172.96
2.36 -2.62469 2000 1133.85
2.365 -2.53204 2000 1093.83
2.37 -2.44056 2000 1054.31
2.375 -2.35401 2000 1016.92
2.38 -2.276 2000 983.224
2.385 -2.20952 2000 954.509
2.39 -2.15688 2000 931.769
2.395 -2.11984 2000 915.766
2.4 -2.09963 2000 907.036
2.405 -2.09679 2000 905.809
2.41 -2.11108 2000 911.986
2.415 -2.14176 2000 925.239
2.42 -2.18782 2000 945.138
2.425 -2.24821 2000 971.224
2.43 -2.32193 2000 1003.07
2.435 -2.40844 2000 1040.45
2.44 -2.50775 2000 1083.35
2.445 -2.62013 2000 1131.9
2.45 -2.74579 2000 1186.18
2.455 -2.88499 2000 1246.32
2.46 -3.03827 2000 1312.53
2.465 -3.20558 1999.95 1384.48
2.47 -3.38265 1999.87 1460.67
2.475 -3.57317 1999.88 1543.22
2.48 -3.78067 1999.9 1632.93
2.485 -4.0031 1999.91 1729.23
2.49 -4.23994 1999.91 1831.77
2.495 -4.49021 1999.91 1940.2
2.5 -4.755 1999.91 2054.83
2.505 -5.03763 1999.92 2176.81
2.51 -5.33759 1999.93 2306.4
2.515 -5.65678 1999.94 2444.33
2.52 -5.99694 1999.94 2591.34
2.525 -6.36031 1999.95 2748.3
2.53 -6.74829 1999.95 2915.82
2.535 -7.16149 1999.96 3094.25
2.54 -7.60103 1999.96 3284.08
2.545 -8.0684 1999.96 3485.94
2.55 -8.56554 1999.96 3700.68
2.555 -9.09459 1999.96 3929.22
2.56 -9.6578 1999.96 4172.52
2.565 -10.2575 1999.96 4431.61
2.57 -10.8962 1999.96 4707.52
2.575 -11.5758 1999.95 5001.16
2.58 -12.2979 1999.95 5313.1
2.585 -13.0628 1999.94 5643.6
2.59 -13.8706 1999.94 5992.61
2.595 -14.7204 1999.93 6359.8
2.6 -15.6106 1999.92 6744.4
2.605 -16.5387 1999.91 7145.42
2.61 -17.5026 1999.9 7561.89
2.615 -18.4904 1999.93 7990.03
2.62 -19.5015 1999.98 8428.53
2.625 -20.5376 1999.99 8876.95
2.63 -21.6043 1999.96 9337.21
2.635 -22.6918 1999.94 9806.81
2.64 -23.7543 2000.05 10269.6
2.645 -24.8059 2000.29 10727
2.65 -25.843 2000.57 11178.8
2.655 -26.859 2000.76 11622.3
2.66 -27.8858 2000.71 12066.8
2.665 -28.8827 2000.93 12499
2.67 -29.8264 2001.21 12909.3
2.675 -30.765 2001.13 13315.7
2.68 -31.7118 2000.99 13723.8
2.685 -32.64 2001.06 14124.1
2.69 -33.5146 2001.29 14503
2.695 -34.4069 2001 14885
2.7 -35.2778 2000.84 15260.6
2.705 -36.1549 2000.62 15637
2.71 -37.0296 2000.44 16012.8
2.715 -37.828 2001.08 16361.9
2.72 -38.6319 2001.23 16709.6
2.725 -39.4396 2000.97 17056.2
2.73 -40.2336 2000.81 17398.2
2.735 -41.0032 2000.74 17731
2.74 -41.7777 2000.56 18063.4
2.745 -42.5343 2000.59 18389.6
2.75 -43.229 2000.98 18690.9
2.755 -43.932 2000.76 18992.7
2.76 -44.6346 2000.6 19295.2
2.765 -45.3157 2000.79 19587.7
2.77 -45.9896 2000.78 19877.8
2.775 -46.6427 2000.86 20164.2
2.78 -47.2908 2000.95 20448.3
2.785 -47.9493 2000.98 20733.9
2.79 -48.5787 2001.21 21009.8
2.795 -49.1876 2001.77 21275.6
2.8 -49.7625 2002.14 21529.1
2.805 -50.3486 2001.89 21782.5
2.81 -50.9341 2001.91 22031.9
2.815 -51.4989 2002.24 22272.4
2.82 -52.0228 2002.37 22501.2
2.825 -52.5431 2001.97 22727.4
2.83 -53.0573 2001.65 22952.1
2.835 -53.5567 2001.38 23171.5
2.84 -54.0255 2001.79 23376.9
2.845 -54.4556 2001.79 23567.4
2.85 -54.7923 2001.73 23726.7
2.855 -55.0932 2001.51 23864.7
2.86 -55.3874 2001.02 23991.8
2.865 -55.6033 2001.01 24095.5
2.87 -55.7755 2000.97 24176.5
2.875 -55.7982 2000.22 24208.8
2.88 -55.7918 1999.69 24218
2.885 -55.7335 1999.43 24192.9
2.89 -55.524 1998.5 24112.4
2.895 -55.3098 1998.25 24015.6
2.9 -55.0819 1998.36 23903.3
2.905 -54.7875 1998.06 23769
2.91 -54.4368 1997.66 23611
2.915 -54.0889 1997.7 23447.7
2.92 -53.7212 1998.18 23277.8
2.925 -53.3405 1998.27 23102.4
2.93 -52.9389 1998.2 22922
2.935 -52.545 1998.47 22741.2
2.94 -52.1163 1998.34 22551.7
2.945 -51.6846 1998.15 22362.6
2.95 -51.2623 1998.2 22175.6
2.955 -50.9812 1999.03 22028.6
2.96 -50.8675 2000.31 21945.1
2.965 -50.9011 2001.61 21928.4
2.97 -50.8741 2001.78 21914.4
2.975 -50.8071 2001.39 21897.5
2.98 -50.7459 2001.07 21880.8
2.985 -50.689 2000.82 21864.2
2.99 -50.6351 2000.61 21847.3
2.995 -50.583 2000.43 21830.1
3 -50.532 2000.28 21812.4
3.005 -50.5292 2000.57 21807.4
3.01 -50.5313 2000.63 21807.1
3.015 -50.5137 2000.37 21804.4
3.02 -50.5002 2000.25 21802
3.025 -50.4875 2000.14 21799.4
3.03 -50.4753 2000.06 21796.4
3.035 -50.463 1999.98 21793.1
3.04 -50.4496 1999.88 21789
3.045 -50.4312 1999.72 21782.9
3.05 -50.4142 1999.67 21776.6
3.055 -50.3942 1999.6 21769
3.06 -50.3758 1999.63 21761.5
3.065 -50.3567 1999.64 21753.6
3.07 -50.3795 2000.18 21757.3
3.075 -50.3969 2000.44 21762.1
3.08 -50.3991 2000.31 21765
3.085 -50.4021 2000.21 21767.8
3.09 -50.4055 2000.12 21770.5
3.095 -50.4092 2000.05 21773.2
3.1 -50.4131 1999.98 21775.7
3.105 -50.4169 1999.92 21778
3.11 -50.4206 1999.87 21780.2
3.115 -50.4239 1999.83 21782.1
3.12 -50.4269 1999.79 21783.8
3.125 -50.4293 1999.75 21785.3
3.13 -50.4312 1999.71 21786.4
3.135 -50.4324 1999.68 21787.1
3.14 -50.4328 1999.64 21787.6
3.145 -50.4324 1999.61 21787.6
3.15 -50.4311 1999.58 21787.2
3.155 -50.4224 1999.33 21784.4
3.16 -50.4151 1999.23 21781.6
3.165 -50.4402 1999.87 21788.1
3.17 -50.4552 2000.15 21792.9
3.175 -50.4612 2000.09 21796.2
3.18 -50.4673 2000.05 21799.5
3.185 -50.4736 2000.02 21802.7
3.19 -50.4801 1999.99 21805.9
3.195 -50.4866 1999.97 21809
3.2 -50.4932 1999.95 21812.1
3.205 -50.4998 1999.93 21815.2
3.21 -50.5064 1999.92 21818.3
3.215 -50.513 1999.9 21821.3
3.22 -50.5196 1999.89 21824.2
3.225 -50.5261 1999.88 21827.2
3.23 -50.5326 1999.87 21830.1
3.235 -50.539 1999.86 21832.9
3.24 -50.5453 1999.85 21835.7
3.245 -50.5515 1999.83 21838.4
3.25 -50.5576 1999.82 21841.1
3.255 -50.5635 1999.81 21843.7
3.26 -50.5692 1999.8 21846.2
3.265 -50.5747 1999.78 21848.7
3.27 -50.58 1999.77 21851
3.275 -50.585 1999.75 21853.2
3.28 -50.5897 1999.74 21855.2
3.285 -50.594 1999.72 21857.1
3.29 -50.5979 1999.71 21858.9
3.295 -50.6014 1999.69 21860.4
3.3 -50.6044 1999.67 21861.8
3.305 -50.607 1999.66 21862.9
3.31 -50.6091 1999.64 21863.9
3.315 -50.6106 1999.62 21864.6
3.32 -50.6115 1999.6 21865
3.325 -50.6119 1999.58 21865.2
3.33 -50.6054 1999.15 21862.9
3.335 -50.599 1998.87 21860.5
3.34 -50.5896 1998.64 21857
3.345 -50.5777 1998.46 21852.2
3.35 -50.5721 1998.7 21849.1
3.355 -50.5749 1999.1 21849.1
3.36 -50.5716 1999.15 21847.7
3.365 -50.5677 1999.19 21846
3.37 -50.5631 1999.22 21844.1
3.375 -50.5577 1999.24 21841.8
3.38 -50.5517 1999.25 21839.2
3.385 -50.5448 1999.25 21836.2
3.39 -50.5371 1999.24 21832.9
3.395 -50.5284 1999.22 21829.3
3.4 -50.5207 1999.26 21825.8
3.405 -50.533 1999.82 21829.3
3.41 -50.5357 1999.8 21830.7
3.415 -50.5381 1999.79 21831.9
3.42 -50.5401 1999.79 21832.9
3.425 -50.5419 1999.79 21833.8
3.43 -50.5427 1999.76 21834.3
3.435 -50.5427 1999.73 21834.5
3.44 -50.5432 1999.76 21834.7
3.445 -50.5434 1999.78 21834.8
3.45 -50.5436 1999.81 21834.9
3.455 -50.5437 1999.83 21834.9
3.46 -50.5436 1999.85 21834.9
3.465 -50.5435 1999.87 21834.9
3.47 -50.5434 1999.88 21834.8
3.475 -50.5432 1999.9 21834.7
3.48 -50.5429 1999.91 21834.6
3.485 -50.5427 1999.92 21834.5
3.49 -50.5423 1999.93 21834.3
3.495 -50.542 1999.94 21834.2
3.5 -50.5416 1999.94 21834
3.505 -50.5411 1999.95 21833.8
3.51 -50.5406 1999.95 21833.6
3.515 -50.5399 1999.95 21833.3
3.52 -50.5392 1999.95 21833
3.525 -50.5384 1999.95 21832.6
3.53 -50.5426 2000.16 21833.9
3.535 -50.546 2000.25 21835.1
3.54 -50.5474 2000.2 21835.8
3.545 -50.5489 2000.17 21836.6
3.55 -50.5505 2000.13 21837.4
3.555 -50.5522 2000.11 21838.2
3.56 -50.554 2000.09 21839.1
3.565 -50.5559 2000.07 21839.9
3.57 -50.5578 2000.06 21840.8
3.575 -50.5597 2000.04 21841.6
3.58 -50.5617 2000.03 21842.5
3.585 -50.5637 2000.03 21843.4
3.59 -50.5656 2000.02 21844.3
3.595 -50.5676 2000.01 21845.2
3.6 -50.5696 2000.01 21846
3.605 -50.5716 2000.01 21846.9
3.61 -50.5735 2000 21847.7
3.615 -50.5754 2000 21848.6
3.62 -50.5773 2000 21849.4
3.625 -50.5791 2000 21850.2
3.63 -50.5809 2000 21850.9
3.635 -50.5827 2000 21851.7
3.64 -50.5844 1999.99 21852.4
3.645 -50.586 1999.99 21853.1
3.65 -50.5876 1999.99 21853.8
3.655 -50.5891 1999.99 21854.5
3.66 -50.5907 1999.99 21855.2
3.665 -50.5922 1999.99 21855.8
3.67 -50.5936 1999.99 21856.5
3.675 -50.5951 1999.99 21857.1
3.68 -50.5967 1999.99 21857.8
3.685 -50.5982 1999.99 21858.4
3.69 -50.5998 1999.99 21859.1
3.695 -50.6015 1999.99 21859.9
3.7 -50.6032 1999.99 21860.6
3.705 -50.605 1999.99 21861.4
3.71 -50.6069 1999.99 21862.2
3.715 -50.6088 1999.99 21863
3.72 -50.6108 1999.99 21863.9
3.725 -50.6129 1999.98 21864.8
3.73 -50.6151 1999.98 21865.7
3.735 -50.6173 1999.98 21866.7
3.74 -50.6195 1999.98 21867.6
3.745 -50.6218 1999.97 21868.6
3.75 -50.624 1999.97 21869.6
3.755 -50.6262 1999.96 21870.5
3.76 -50.6283 1999.96 21871.5
3.765 -50.637 2000.25 21874.6
3.77 -50.643 2000.36 21876.9
3.775 -50.6466 2000.29 21878.7
3.78 -50.6504 2000.24 21880.4
3.785 -50.6544 2000.19 21882.3
3.79 -50.6586 2000.16 21884.2
3.795 -50.663 2000.13 21886.1
3.8 -50.6676 2000.1 21888.1
3.805 -50.6723 2000.08 21890.2
3.81 -50.6773 2000.07 21892.4
3.815 -50.6826 2000.05 21894.8
3.82 -50.6881 2000.04 21897.2
3.825 -50.694 2000.03 21899.7
3.83 -50.7001 2000.03 21902.4
3.835 -50.7066 2000.02 21905.2
3.84 -50.7135 2000.01 21908.2
3.845 -50.7207 2000.01 21911.3
3.85 -50.7284 2000 21914.7
3.855 -50.7366 2000 21918.2
3.86 -50.7451 2000 21921.9
3.865 -50.7542 1999.99 21925.8
3.87 -50.7637 1999.99 21929.9
3.875 -50.7737 1999.98 21934.2
3.88 -50.7842 1999.98 21938.8
3.885 -50.7953 1999.97 21943.6
3.89 -50.8069 1999.97 21948.6
3.895 -50.819 1999.96 21953.9
3.9 -50.8317 1999.95 21959.3
3.905 -50.8448 1999.94 21965
3.91 -50.8583 1999.93 21970.8
3.915 -50.8721 1999.92 21976.8
3.92 -50.8862 1999.9 21982.9
3.925 -50.9004 1999.88 21989.1
3.93 -50.9146 1999.85 21995.2
3.935 -50.9286 1999.8 22001.3
3.94 -50.9418 1999.73 22007.1
3.945 -50.9531 1999.58 22012.1
3.95 -50.951 1999.67 22013.3
3.955 -50.9237 1999.03 22004.7
3.96 -50.7621 1998.36 21949.9
3.965 -50.9766 2017.66 22032.1
3.97 -50.9506 2016.33 22043.1
3.975 -50.9438 2014.39 22047.6
3.98 -50.9667 2011.75 22050
3.985 -50.9889 2009.59 22053.7
3.99 -51.0103 2007.86 22058.2
3.995 -51.0279 2006.65 22062.7
4 -51.0396 2005.85 22065.8
4.005 -51.0494 2004.96 22067.7
4.01 -51.059 2004.07 22069.3
4.015 -51.0685 2003.33 22071.2
4.02 -51.0778 2002.72 22073.5
4.025 -51.0868 2002.22 22075.9
4.03 -51.0955 2001.81 22078.5
4.035 -51.104 2001.48 22081.2
4.04 -51.1121 2001.21 22083.9
4.045 -51.1199 2000.99 22086.7
4.05 -51.1273 2000.8 22089.3
4.055 -51.1344 2000.66 22091.9
4.06 -51.141 2000.54 22094.5
4.065 -51.1472 2000.44 22096.9
4.07 -51.1529 2000.36 22099.1
4.075 -51.1582 2000.29 22101.2
4.08 -51.1631 2000.24 22103.1
4.085 -51.1674 2000.19 22104.9
4.09 -51.1713 2000.16 22106.5
4.095 -51.1747 2000.13 22107.9
4.1 -51.1777 2000.11 22109.1
4.105 -51.1802 2000.09 22110.1
4.11 -51.1822 2000.07 22110.9
4.115 -51.1838 2000.06 22111.6
4.12 -51.1849 2000.05 22112
4.125 -51.1856 2000.04 22112.3
4.13 -51.1859 2000.03 22112.4
4.135 -51.1696 2000 22108
4.14 -51.1209 1999.96 22090.1
4.145 -51.0549 1999.96 22060.5
4.15 -50.9596 1999.97 22018.4
4.155 -50.8366 1999.97 21964.4
4.16 -50.6874 1999.98 21899.2
4.165 -50.5138 1999.98 21823.5
4.17 -50.3179 1999.97 21738
4.175 -50.1056 2000.01 21643.8
4.18 -49.8722 2000.13 21539.9
4.185 -49.6091 2000.24 21425.5
4.19 -49.3315 2000.16 21305.1
4.195 -49.0464 2000.1 21181.3
4.2 -48.7574 2000.05 21055.7
4.205 -48.4686 2000 20930.1
4.21 -48.1834 1999.96 20806.1
4.215 -47.905 1999.92 20685.1
4.22 -47.6354 1999.89 20568.1
4.225 -47.3766 1999.87 20455.8
4.23 -47.1297 1999.85 20348.9
4.235 -46.8956 1999.86 20247.6
4.24 -46.6737 1999.91 20151.3
4.245 -46.4634 1999.94 20060.5
4.25 -46.2661 1999.91 19975.7
4.255 -46.0832 1999.9 19897.2
4.26 -45.9142 1999.89 19824.9
4.265 -45.7588 1999.89 19758.4
4.27 -45.6167 1999.92 19697.5
4.275 -45.4865 1999.93 19641.9
4.28 -45.3679 1999.93 19591.5
4.285 -45.2612 1999.93 19546.2
4.29 -45.1659 1999.93 19505.7
4.295 -45.0817 1999.94 19470.1
4.3 -45.0083 1999.94 19439
4.305 -44.9456 1999.95 19412.5
4.31 -44.8933 1999.95 19390.5
4.315 -44.8516 1999.96 19373
4.32 -44.8201 1999.97 19359.9
4.325 -44.7988 1999.97 19351.1
4.33 -44.7874 1999.98 19346.5
4.335 -44.7858 1999.98 19346.1
4.34 -44.8105 1999.93 19354.5
4.345 -44.8529 1999.89 19371.4
4.35 -44.9094 1999.91 19396.8
4.355 -44.986 1999.93 19430.6
4.36 -45.0819 1999.94 19472.6
4.365 -45.196 1999.95 19522.4
4.37 -45.327 1999.96 19579.4
4.375 -45.4728 1999.97 19642.8
4.38 -45.6309 1999.98 19711.4
4.385 -45.7976 2000.01 19783.6
4.39 -45.9693 2000.04 19857.9
4.395 -46.1441 2000.03 19933.7
4.4 -46.3199 2000.03 20009.9
4.405 -46.495 2000.03 20085.7
4.41 -46.6676 2000.03 20160.5
4.415 -46.8349 2000.09 20232.8
4.42 -46.9956 2000.14 20302.3
4.425 -47.1486 2000.15 20368.5
4.43 -47.295 2000.13 20432
4.435 -47.4348 2000.11 20492.6
4.44 -47.568 2000.09 20550.3
4.445 -47.695 2000.06 20605.3
4.45 -47.817 2000.06 20658.1
4.455 -47.9349 2000.06 20709.1
4.46 -48.0504 2000.06 20759.1
4.465 -48.1653 2000.05 20808.8
4.47 -48.2817 2000.05 20859.2
4.475 -48.4016 2000.06 20911.2
4.48 -48.5268 2000.06 20965.5
4.485 -48.6585 2000.06 21022.6
4.49 -48.7975 2000.07 21083
4.495 -48.9439 2000.08 21146.8
4.5 -49.098 2000.09 21214
4.505 -49.2593 2000.1 21284.5
4.51 -49.427 2000.12 21358
4.515 -49.5998 2000.14 21434
4.52 -49.7756 2000.16 21511.6
4.525 -49.952 2000.21 21589.6
4.53 -50.1237 2000.31 21665.4
4.535 -50.2945 2000.34 21739
4.54 -50.4524 2000.34 21809.2
4.545 -50.5955 2000.31 21874.9
4.55 -50.7277 2000.29 21935.4
4.555 -50.8479 2000.3 21990.1
4.56 -50.9483 2000.22 22036.6
4.565 -50.9779 1999.51 22056.4
4.57 -51.0247 1999.57 22074.6
4.575 -51.0566 1999.09 22086.1
4.58 -51.0871 1998.95 22096.3
4.585 -51.1222 1999.37 22107.5
4.59 -51.1526 1999.64 22117.2
4.595 -51.1782 1999.73 22125.5
4.6 -51.2017 1999.79 22133.2
4.605 -51.2236 1999.84 22140.4
4.61 -51.2442 1999.88 22147.5
4.615 -51.2639 1999.91 22154.4
4.62 -51.2829 1999.93 22161.3
4.625 -51.3015 1999.95 22168.1
4.63 -51.3197 1999.96 22175
4.635 -51.3378 1999.97 22182
4.64 -51.3558 1999.98 22189.1
4.645 -51.3737 1999.99 22196.2
4.65 -51.3915 1999.99 22203.5
4.655 -51.4094 1999.99 22210.8
4.66 -51.4272 2000 22218.2
4.665 -51.4451 2000 22225.6
4.67 -51.4629 2000 22233.1
4.675 -51.4807 2000 22240.6
4.68 -51.4984 2000 22248.1
4.685 -51.5161 2000 22255.6
4.69 -51.5337 2000 22263.1
4.695 -51.5512 2000 22270.5
4.7 -51.5686 2000 22278
4.705 -51.5859 2000 22285.4
4.71 -51.6032 2000 22292.8
4.715 -51.6204 2000 22300.2
4.72 -51.6375 2000 22307.5
4.725 -51.6545 2000 22314.9
4.73 -51.6715 2000 22322.2
4.735 -51.6884 2000 22329.5
4.74 -51.7053 2000 22336.8
4.745 -51.7222 2000 22344
4.75 -51.739 2000 22351.3
4.755 -51.7558 2000 22358.5
4.76 -51.7725 2000 22365.8
4.765 -51.7892 2000 22373
4.77 -51.8059 2000 22380.2
4.775 -51.8224 2000 22387.3
4.78 -51.8389 2000 22394.4
4.785 -51.8553 2000 22401.5
4.79 -51.8716 2000 22408.5
4.795 -51.8886 2000.05 22415.8
4.8 -51.9059 2000.09 22423.2
4.805 -51.9222 2000.07 22430.3
4.81 -51.9384 2000.06 22437.3
4.815 -51.9544 2000.05 22444.2
4.82 -51.9702 2000.04 22451.1
4.825 -51.9858 2000.03 22457.8
4.83 -52.0011 2000.03 22464.4
4.835 -52.0161 2000.02 22470.9
4.84 -52.0309 2000.02 22477.3
4.845 -52.0452 2000.01 22483.5
4.85 -52.0592 2000.01 22489.5
4.855 -52.0727 2000.01 22495.4
4.86 -52.0859 2000.01 22501.1
4.865 -52.0986 2000.01 22506.6
4.87 -52.1108 2000.01 22511.9
4.875 -52.1226 2000 22517
4.88 -52.134 2000 22521.9
4.885 -52.1449 2000 22526.6
4.89 -52.1553 2000 22531.1
4.895 -52.1652 2000 22535.4
4.9 -52.1745 2000 22539.4
4.905 -52.1833 2000 22543.2
4.91 -52.1915 2000 22546.7
4.915 -52.1991 2000 22550
4.92 -52.206 2000 22553
4.925 -52.2122 2000 22555.7
4.93 -52.2177 2000 22558.1
4.935 -52.2225 2000 22560.1
4.94 -52.2267 2000 22561.9
4.945 -52.2301 2000 22563.4
4.95 -52.2328 2000 22564.6
4.955 -52.2348 2000 22565.4
4.96 -52.2361 2000 22566
4.965 -52.2369 2000 22566.3
4.97 -52.237 2000 22566.4
4.975 -52.1882 1999.97 22553.3
4.98 -52.1159 1999.94 22527
4.985 -52.0342 1999.95 22489.3
4.99 -51.923 1999.96 22439.2
4.995 -51.7843 1999.97 22377.5
5 -51.6204 1999.97 22305.2
5.005 -51.4336 1999.97 22223.1
5.01 -51.2265 1999.97 22132.2
5.015 -51.0013 1999.96 22033.6
5.02 -50.7605 1999.96 21928.3
5.025 -50.5064 1999.95 21817.2
5.03 -50.2409 1999.94 21701.1
5.035 -49.9765 2000.02 21580.9
5.04 -49.6911 2000.38 21452.9
5.045 -49.3871 2000.44 21320.7
5.05 -49.0765 2000.31 21186.2
5.055 -48.7647 2000.19 21051
5.06 -48.453 2000.1 20915.7
5.065 -48.1425 2000.02 20780.8
5.07 -47.8341 1999.94 20646.6
5.075 -47.5284 1999.88 20513.6
5.08 -47.2263 1999.83 20382.2
5.085 -46.9286 1999.8 20252.5
5.09 -46.6355 1999.85 20124.2
5.095 -46.3455 1999.84 19997.8
5.1 -46.0609 1999.77 19874.4
5.105 -45.7845 1999.66 19754.7
5.11 -45.5185 1999.69 19638.9
5.115 -45.2599 1999.68 19527
5.12 -45.009 1999.64 19419
5.125 -44.7672 1999.62 19315
5.13 -44.534 1999.6 19214.9
5.135 -44.3092 1999.59 19118.4
5.14 -44.0921 1999.59 19025.5
5.145 -43.8823 1999.59 18935.7
5.15 -43.6794 1999.59 18848.9
5.155 -43.4852 1999.62 18765
5.16 -43.2955 1999.63 18683.6
5.165 -43.1096 1999.64 18604.5
5.17 -42.9291 1999.65 18527.8
5.175 -42.7496 1999.32 18451.9
5.18 -42.5783 1999.18 18379.2
5.185 -42.4152 1999.26 18309.7
5.19 -42.2563 1999.33 18242
5.195 -42.1015 1999.39 18176
5.2 -41.9504 1999.43 18111.6
5.205 -41.8029 1999.47 18048.6
5.21 -41.6586 1999.51 17987.1
5.215 -41.5174 1999.54 17926.8
5.22 -41.379 1999.56 17867.7
5.225 -41.2434 1999.58 17809.8
5.23 -41.1114 1999.6 17752.9
5.235 -40.9806 1999.61 17697
5.24 -40.8522 1999.62 17642.1
5.245 -40.726 1999.62 17588.2
5.25 -40.6022 1999.63 17535.2
5.255 -40.4804 1999.63 17483
5.26 -40.3592 1999.53 17431.3
5.265 -40.2409 1999.45 17380.7
5.27 -40.1264 1999.47 17331.5
5.275 -40.0139 1999.49 17283.2
5.28 -39.9033 1999.5 17235.6
5.285 -39.7948 1999.5 17189
5.29 -39.6883 1999.5 17143.2
5.295 -39.5839 1999.5 17098.3
5.3 -39.4815 1999.49 17054.2
5.305 -39.3811 1999.49 17011.1
5.31 -39.2828 1999.47 16968.8
5.315 -39.1866 1999.46 16927.3
5.32 -39.0937 1999.46 16886.8
5.325 -39.0019 1999.44 16847.1
5.33 -38.9035 1998.93 16805.9
5.335 -38.8138 1998.65 16767.9
5.34 -38.7354 1998.72 16733.9
5.345 -38.6589 1998.72 16700.9
5.35 -38.5859 1998.69 16669.4
5.355 -38.5168 1998.65 16639.7
5.36 -38.4522 1998.57 16611.8
5.365 -38.3969 2000.04 16587.7
5.37 -38.3229 2001.44 16555.3
5.375 -38.223 2001.17 16512.1
5.38 -38.1238 2000.95 16469.2
5.385 -38.0249 2000.78 16426.5
5.39 -37.9261 2000.63 16383.8
5.395 -37.8273 2000.51 16341.1
5.4 -37.7266 2000.03 16297.7
5.405 -37.6307 1999.69 16256.4
5.41 -37.5406 1999.65 16217.5
5.415 -37.4598 2002.97 16181.8
5.42 -37.3434 2004.97 16131.4
5.425 -37.1881 2003.84 16065
5.43 -37.0382 2003.11 16000.2
5.435 -36.8896 2002.55 15935.9
5.44 -36.7414 2002.1 15871.8
5.445 -36.5935 2001.72 15807.8
5.45 -36.4459 2001.42 15744
5.455 -36.2985 2001.17 15680.2
5.46 -36.1513 2000.97 15616.6
5.465 -36.0044 2000.8 15553.2
5.47 -35.8567 2000.08 15489.4
5.475 -35.7143 1999.71 15427.9
5.48 -35.577 1999.69 15368.6
5.485 -35.4407 1999.67 15309.8
5.49 -35.3055 1999.65 15251.4
5.495 -35.1716 1999.62 15193.6
5.5 -35.039 1999.6 15136.3
5.505 -34.9078 1999.57 15079.7
5.51 -34.778 1999.55 15023.7
5.515 -34.6498 1999.52 14968.3
5.52 -34.5231 1999.49 14913.6
5.525 -34.398 1999.46 14859.6
5.53 -34.2747 1999.43 14806.4
5.535 -34.1518 1999.31 14753.5
5.54 -34.034 1999.41 14702.5
5.545 -33.9175 1999.46 14652
5.55 -33.8012 1999.4 14601.8
5.555 -33.6873 1999.33 14552.7
5.56 -33.5758 1999.27 14504.6
5.565 -33.4669 1999.2 14457.6
5.57 -33.3608 1999.13 14411.8
5.575 -33.2577 1999.06 14367.3
5.58 -33.1578 1998.97 14324.2
5.585 -33.0614 1998.85 14282.6
5.59 -32.9701 1998.7 14243.2
5.595 -32.8745 1998 14203.3
5.6 -32.7932 1997.57 14168.5
5.605 -32.7277 1998.41 14139.9
5.61 -32.6185 2002.07 14093.4
5.615 -32.4609 2001.45 14025.3
5.62 -32.308 2001.02 13958.9
5.625 -32.1593 2000.77 13894
5.63 -32.012 2000.67 13829.9
5.635 -31.8646 2000.5 13765.9
5.64 -31.7225 2000 13704.1
5.645 -31.5863 1999.89 13645.1
5.65 -31.4516 1999.78 13586.9
5.655 -31.3187 1999.68 13529.4
5.66 -31.1877 1999.59 13472.8
5.665 -31.0588 1999.5 13417.1
5.67 -30.9301 1999.29 13361.7
5.675 -30.8039 1999.05 13307.6
5.68 -30.6844 1998.97 13255.9
5.685 -30.5685 1998.88 13205.7
5.69 -30.4569 1998.77 13157.5
5.695 -30.3512 1998.68 13111.6
5.7 -30.2514 1998.59 13068.4
5.705 -30.1554 1998.86 13027.2
5.71 -30.0353 2001.72 12977.6
5.715 -29.874 2003.35 12908.8
5.72 -29.694 2002.68 12829.9
5.725 -29.5177 2002.21 12752.8
5.73 -29.3435 2001.68 12677
5.735 -29.1743 2000.76 12603.2
5.74 -29.0124 2000.11 12532.8
5.745 -28.8582 1999.78 12466.1
5.75 -28.7095 1999.35 12401.7
5.755 -28.5667 1998.88 12340.2
5.76 -28.433 1998.72 12282.6
5.765 -28.3065 1998.67 12227.8
5.77 -28.1808 1998.34 12174
5.775 -28.0644 1997.97 12124.1
5.78 -27.9535 1999.51 12077.4
5.785 -27.8306 2000.77 12024.5
5.79 -27.6963 2000.66 11965.4
5.795 -27.5654 1999.94 11907.8
5.8 -27.444 1999.32 11854.9
5.805 -27.3398 1999.03 11809.1
5.81 -27.2484 1998.68 11768.6
5.815 -27.1694 1997.98 11734.3
5.82 -27.1128 1997.69 11709.9
5.825 -27.0718 1997.87 11692.4
5.83 -27.0368 1998.01 11677.5
5.835 -26.9725 2000.72 11654.6
5.84 -26.8782 2002.29 11615.9
5.845 -26.7667 2001.32 11565.7
5.85 -26.6666 2000.5 11520.9
5.855 -26.5757 2000.44 11480.7
5.86 -26.4501 2002.13 11430.8
5.865 -26.1765 2007.09 11325.4
5.87 -25.8672 2005.73 11192.3
5.875 -25.5753 2004.22 11061.7
5.88 -25.3078 2002.71 10940.4
5.885 -25.049 2001.74 10825.2
5.89 -24.7991 2001.01 10714.7
5.895 -24.5591 2000.33 10609
5.9 -24.1469 2007.09 10455.5
5.905 -23.711 2009.58 10277.7
5.91 -23.2845 2007.24 10087
5.915 -22.8886 2004.81 9906.25
5.92 -22.5162 2002.95 9734.71
5.925 -22.1495 2001.65 9570.95
5.93 -21.7363 2002.35 9397.57
5.935 -21.1008 2006.25 9142.92
5.94 -20.4517 2006.03 8865
5.945 -19.7794 2006.08 8575.13
5.95 -19.1426 2004.2 8290.91
5.955 -18.5311 2002.47 8017.12
5.96 -17.9446 2000.86 7755.62
5.965 -17.1555 2005.05 7438.61
5.97 -16.2919 2008.02 7082.31
5.975 -15.4923 2006.16 6727.67
5.98 -14.6945 2004.74 6375.31
5.985 -13.9365 2002.65 6036.47
5.99 -13.2191 2000.63 5715.62
5.995 -12.0756 2008.7 5275.31
6 -11.013 2011.38 4834.38
6.005 -10.042 2008.95 4399.35
6.01 -8.9425 2009.3 3928.55
6.015 -7.85088 2008.49 3452.63
6.02 -6.53625 2010.97 2906.97
6.025 -5.19099 2012.11 2336.34
6.03 -3.92898 2009.65 1772.66
6.035 -2.66069 2007.57 1208.77
6.04 -1.39737 2005.71 648.883
6.045 0.286399 2010.15 -32.7813
6.05 1.84841 2010.43 -701.401
6.055 3.32294 2007.9 -1361.04
6.06 4.98654 2008.27 -2072.45
6.065 6.89035 2010.72 -2862.61
6.07 8.73948 2010.54 -3660.47
6.075 10.5138 2008.4 -4450.33
6.08 12.2694 2006.32 -5230.83
6.085 14.053 2004.98 -6015.76
6.09 15.8256 2003.6 -6796.52
6.095 17.7926 2003.71 -7631.8
6.1 19.8537 2004.03 -8508.87
6.105 21.8113 2003.29 -9368.1
6.11 24.0503 2004.22 -10307.6
6.115 26.5106 2006.82 -11339.1
6.12 28.6578 2008.62 -12301.4
6.125 31.0142 2012.33 -13333.5
6.13 33.1735 2015.12 -14302.1
6.135 35.7686 2016.4 -15389.6
6.14 38.3919 2016.15 -16505.3
6.145 40.9015 2014.02 -17596.7
6.15 43.3542 2012.61 -18656.2
6.155 45.7848 2010.67 -19700.9
6.16 48.1421 2008.44 -20728.8
6.165 50.1376 2004.33 -21620.1
6.17 51.742 2001.93 -22343.7
6.175 52.9715 2002.36 -22932.5
6.18 54.1489 2002.47 -23461.3
6.185 55.0813 2003.69 -23899.6
6.19 55.603 2003.33 -24200.5
6.195 55.8642 2002.34 -24376.9
6.2 55.5956 2000.39 -24366.4
6.205 55.1201 1996.65 -24206.3
6.21 54.5582 1994.18 -23947.2
6.215 53.8323 1993.07 -23605.8
6.22 53.1194 1992.87 -23245.2
6.225 52.3227 1992.97 -22860.7
6.23 51.3859 1991.43 -22428.7
6.235 50.4872 1991.16 -21996.9
6.24 50.6255 1997.11 -21886.1
6.245 50.7196 1999.88 -21854.4
6.25 50.5584 1999.21 -21799
6.255 50.5367 2000.09 -21779.2
6.26 50.5219 2000.25 -21769.9
6.265 50.4529 1999.57 -21753.5
6.27 50.3955 1999.35 -21737.9
6.275 50.3444 1999.33 -21722.5
6.28 50.3294 1999.71 -21716.2
6.285 50.3582 2000.25 -21725.9
6.29 50.3579 2000.08 -21731.6
6.295 50.359 1999.94 -21736.7
6.3 50.3609 1999.82 -21741.4
6.305 50.3631 1999.72 -21745.6
6.31 50.3509 1998.96 -21744.4
6.315 50.3298 1998.08 -21739.4
6.32 50.3152 1997.95 -21735.2
6.325 50.3083 1998.24 -21732.6
6.33 50.3143 1998.73 -21733.6
6.335 50.3425 1999.38 -21742.7
6.34 50.3543 1999.43 -21749
6.345 50.3661 1999.46 -21754.9
6.35 50.3776 1999.49 -21760.7
6.355 50.389 1999.52 -21766.2
6.36 50.4 1999.53 -21771.4
6.365 50.4107 1999.55 -21776.5
6.37 50.421 1999.55 -21781.3
6.375 50.4309 1999.56 -21785.8
6.38 50.4403 1999.56 -21790.1
6.385 50.443 1999.21 -21792.1
6.39 50.4427 1998.84 -21792.7
6.395 50.4468 1998.88 -21794.6
6.4 50.4495 1998.9 -21795.8
6.405 50.4507 1998.9 -21796.5
6.41 50.4502 1998.87 -21796.4
6.415 50.4478 1998.83 -21795.5
6.42 50.4416 1998.69 -21793.2
6.425 50.4282 1998.42 -21788
6.43 50.4202 1998.62 -21784.1
6.435 50.411 1998.77 -21779.9
6.44 50.4008 1998.9 -21775.2
6.445 50.4007 1999.36 -21773.6
6.45 50.4048 1999.77 -21774
6.455 50.4009 1999.73 -21772.7
6.46 50.3968 1999.7 -21771.1
6.465 50.3922 1999.67 -21769.3
6.47 50.3872 1999.65 -21767.3
6.475 50.3797 1999.52 -21764.4
6.48 50.4027 2000.47 -21770.8
6.485 50.4266 2001.15 -21779
6.49 50.435 2000.94 -21783.6
6.495 50.444 2000.77 -21788.3
6.5 50.4536 2000.63 -21793
6.505 50.4635 2000.51 -21797.9
6.51 50.4737 2000.42 -21802.7
6.515 50.5079 2001.18 -21815
6.52 50.535 2001.46 -21825.9
6.525 50.5522 2001.19 -21834.3
6.53 50.5699 2000.97 -21842.7
6.535 50.5882 2000.8 -21851.2
6.54 50.5929 1999.65 -21854.8
6.545 50.6022 1999.11 -21859.6
6.55 50.621 1999.35 -21867.4
6.555 50.6564 2000.13 -21881.2
6.56 50.679 2000.08 -21891.4
6.565 50.7017 2000.04 -21901.6
6.57 50.7243 2000.01 -21911.6
6.575 50.7468 1999.98 -21921.6
6.58 50.7692 1999.95 -21931.5
6.585 50.7915 1999.93 -21941.3
6.59 50.8136 1999.91 -21951
6.595 50.8355 1999.88 -21960.6
6.6 50.8572 1999.85 -21970.1
6.605 50.8785 1999.82 -21979.4
6.61 50.8994 1999.78 -21988.5
6.615 50.9198 1999.73 -21997.4
6.62 50.9392 1999.66 -22005.9
6.625 50.9568 1999.52 -22013.6
6.63 50.9687 1999.13 -22019.1
6.635 0.42664 -206.054 -131.39
