0.1 -1.76622e-17 -0.0161475 8.17694e-20
0.2 -3.7643e-17 -0.032549 1.74273e-19
0.3 -2.90995e-17 -0.0492168 1.3472e-19
0.4 -6.70255e-18 -0.0661647 3.10303e-20
0.5 -1.56048e-16 -0.0834217 7.22443e-19
0.6 -2.58959e-16 -0.101184 1.19889e-18
0.7 -7.52597e-17 -0.119491 3.48424e-19
0.8 -2.37832e-16 -0.138194 1.10107e-18
0.9 -2.45498e-16 -0.157295 1.13657e-18
1 6.88464e-17 -0.176821 -3.18734e-19
0.005 -6.71212e-07 -0.176821 2.3306e-09
0.01 -3.35506e-06 -0.176821 1.16495e-08
0.015 -8.72049e-06 -0.176821 3.02795e-08
0.02 -1.67659e-05 -0.176821 5.82149e-08
0.025 -2.74923e-05 -0.176821 9.54591e-08
0.03 -4.09029e-05 -0.176821 1.42024e-07
0.035 -5.70024e-05 -0.176822 1.97924e-07
0.04 -7.57937e-05 -0.176822 2.63172e-07
0.045 -9.72768e-05 -0.176822 3.37766e-07
0.05 -0.000121447 -0.176822 4.21689e-07
0.055 -0.000148293 -0.176822 5.14906e-07
0.06 -0.000177809 -0.176822 6.17392e-07
0.065 -0.00021 -0.176822 7.29165e-07
0.07 -0.000244887 -0.176822 8.503e-07
0.075 -0.000282508 -0.176822 9.80928e-07
0.08 -0.00032291 -0.176822 1.12121e-06
0.085 -0.000366145 -0.176822 1.27133e-06
0.09 -0.000412255 -0.176823 1.43144e-06
0.095 -0.000461263 -0.176823 1.60161e-06
0.1 -0.000513156 -0.176823 1.78179e-06
0.105 -0.000567908 -0.176823 1.9719e-06
0.11 -0.000625512 -0.176823 2.17191e-06
0.115 -0.00068601 -0.176823 2.38198e-06
0.12 -0.000749536 -0.176824 2.60255e-06
0.125 -0.000816308 -0.176824 2.8344e-06
0.13 -0.000886577 -0.176824 3.07839e-06
0.135 -0.00096056 -0.176824 3.33527e-06
0.14 -0.00103838 -0.176824 3.60549e-06
0.145 -0.00112008 -0.176825 3.88917e-06
0.15 -0.00120565 -0.176825 4.18628e-06
0.155 -0.00129509 -0.176825 4.49682e-06
0.16 -0.00138846 -0.176826 4.82103e-06
0.165 -0.00148594 -0.176826 5.15951e-06
0.17 -0.0015878 -0.176826 5.51319e-06
0.175 -0.00169437 -0.176826 5.88322e-06
0.18 -0.00180599 -0.176827 6.27079e-06
0.185 -0.00192298 -0.176827 6.67699e-06
0.19 -0.00204562 -0.176828 7.10283e-06
0.195 -0.00217425 -0.176828 7.54944e-06
0.2 -0.00230928 -0.176828 8.0183e-06
0.205 -0.00245132 -0.176829 8.5115e-06
0.21 -0.00260137 -0.176829 9.03249e-06
0.215 -0.00276088 -0.17683 9.58634e-06
0.22 -0.00293152 -0.17683 1.01788e-05
0.225 -0.00311474 -0.176831 1.0815e-05
0.23 -0.00331136 -0.176831 1.14977e-05
0.235 -0.00352133 -0.176832 1.22267e-05
0.24 -0.00374367 -0.176833 1.29987e-05
0.245 -0.00397681 -0.176833 1.38082e-05
0.25 -0.00421905 -0.176834 1.46493e-05
0.255 -0.0044691 -0.176835 1.55176e-05
0.26 -0.0047265 -0.176836 1.64113e-05
0.265 -0.00499163 -0.176836 1.73319e-05
0.27 -0.00526555 -0.176837 1.8283e-05
0.275 -0.00554962 -0.176838 1.92693e-05
0.28 -0.00584516 -0.176839 2.02954e-05
0.285 -0.0061533 -0.17684 2.13654e-05
0.29 -0.00647492 -0.176841 2.24821e-05
0.295 -0.00681078 -0.176842 2.36482e-05
0.3 -0.00716169 -0.176843 2.48666e-05
0.305 -0.00752859 -0.176844 2.61405e-05
0.31 -0.0079127 -0.176845 2.74742e-05
0.315 -0.00831554 -0.176846 2.88729e-05
0.32 -0.00873879 -0.176848 3.03424e-05
0.325 -0.00918407 -0.176849 3.18885e-05
0.33 -0.00965268 -0.176851 3.35155e-05
0.335 -0.0101455 -0.176852 3.52266e-05
0.34 -0.010663 -0.176854 3.70234e-05
0.345 -0.0112055 -0.176855 3.89071e-05
0.35 -0.0117733 -0.176857 4.08783e-05
0.355 -0.0123664 -0.176859 4.29376e-05
0.36 -0.0129846 -0.176861 4.50843e-05
0.365 -0.0136276 -0.176863 4.73167e-05
0.37 -0.0142946 -0.176865 4.96324e-05
0.375 -0.014985 -0.176867 5.20296e-05
0.38 -0.0156987 -0.176869 5.45075e-05
0.385 -0.0164353 -0.176871 5.70649e-05
0.39 -0.0171938 -0.176873 5.96983e-05
0.395 -0.0179715 -0.176876 6.23987e-05
0.4 -0.0187636 -0.176878 6.51486e-05
0.405 -0.0195622 -0.176881 6.79215e-05
0.41 -0.0203573 -0.176883 7.0682e-05
0.415 -0.0211368 -0.176885 7.33881e-05
0.42 -0.0218877 -0.176888 7.59954e-05
0.425 -0.0225981 -0.17689 7.84617e-05
0.43 -0.0232585 -0.176892 8.07547e-05
0.435 -0.0238646 -0.176894 8.2859e-05
0.44 -0.024418 -0.176895 8.47802e-05
0.445 -0.0249263 -0.176897 8.65449e-05
0.45 -0.0254024 -0.176898 8.8198e-05
0.455 -0.0258631 -0.1769 8.97973e-05
0.46 -0.0263266 -0.176901 9.14064e-05
0.465 -0.02681 -0.176903 9.30849e-05
0.47 -0.0273264 -0.176904 9.48776e-05
0.475 -0.027882 -0.176906 9.68064e-05
0.48 -0.0284757 -0.176908 9.88678e-05
0.485 -0.0291003 -0.17691 0.000101036
0.49 -0.0297439 -0.176911 0.000103271
0.495 -0.0303927 -0.176913 0.000105523
0.5 -0.0310316 -0.176915 0.000107741
0.505 -0.0316455 -0.176917 0.000109872
0.51 -0.0322179 -0.176919 0.00011186
0.515 -0.0327308 -0.176921 0.00011364
0.52 -0.0331641 -0.176922 0.000115145
0.525 -0.0334965 -0.176923 0.000116299
0.53 -0.0337087 -0.176924 0.000117035
0.535 -0.0337875 -0.176924 0.000117309
0.54 -0.0337284 -0.176924 0.000117104
0.545 -0.0335364 -0.176923 0.000116437
0.55 -0.0332252 -0.176924 0.000115357
0.555 -0.032814 -0.176924 0.000113929
0.56 -0.0323244 -0.176924 0.000112229
0.565 -0.0317777 -0.176924 0.00011033
0.57 -0.0311907 -0.176924 0.000108292
0.575 -0.030574 -0.176924 0.000106151
0.58 -0.0299309 -0.176924 0.000103918
0.585 -0.0292613 -0.176924 0.000101593
0.59 -0.0285653 -0.176924 9.91763e-05
0.595 -0.0278476 -0.176924 9.66843e-05
0.6 -0.0271194 -0.176924 9.41559e-05
0.605 -0.026398 -0.176924 9.16509e-05
0.61 -0.0257027 -0.176924 8.92367e-05
0.615 -0.0250502 -0.176924 8.69711e-05
0.62 -0.0244514 -0.176924 8.48919e-05
0.625 -0.0239111 -0.176924 8.30159e-05
0.63 -0.0234281 -0.176924 8.13388e-05
0.635 -0.0229946 -0.176924 7.98337e-05
0.64 -0.0225966 -0.176924 7.84515e-05
0.645 -0.0222134 -0.176924 7.71212e-05
0.65 -0.0218188 -0.176924 7.57508e-05
0.655 -0.0213807 -0.176924 7.42299e-05
0.66 -0.0208636 -0.176924 7.24343e-05
0.665 -0.0202315 -0.176924 7.02395e-05
0.67 -0.0194556 -0.176924 6.75455e-05
0.675 -0.0185208 -0.176924 6.42996e-05
0.68 -0.0174287 -0.176924 6.05076e-05
0.685 -0.0161978 -0.176924 5.62335e-05
0.69 -0.0148601 -0.176924 5.15889e-05
0.695 -0.0134578 -0.176924 4.67195e-05
0.7 -0.012038 -0.176924 4.17898e-05
0.705 -0.0106489 -0.176924 3.69666e-05
0.71 -0.00933521 -0.176924 3.24052e-05
0.715 -0.00813396 -0.176924 2.82341e-05
0.72 -0.00707097 -0.176924 2.45432e-05
0.725 -0.00616088 -0.176924 2.13832e-05
0.73 -0.00541165 -0.176925 1.87817e-05
0.735 -0.00482885 -0.176925 1.67581e-05
0.74 -0.00441548 -0.176925 1.53228e-05
0.745 -0.00416871 -0.176925 1.4466e-05
0.75 -0.00407593 -0.176926 1.41439e-05
0.755 -0.00411189 -0.176926 1.42688e-05
0.76 -0.00423885 -0.176926 1.47096e-05
0.765 -0.00440987 -0.176926 1.53034e-05
0.77 -0.00457313 -0.176926 1.58703e-05
0.775 -0.00467619 -0.176926 1.62282e-05
0.78 -0.00467024 -0.176926 1.62075e-05
0.785 -0.00451474 -0.176926 1.56676e-05
0.79 -0.0041819 -0.176926 1.45119e-05
0.795 -0.00365936 -0.176926 1.26975e-05
0.8 -0.00294954 -0.176926 1.02329e-05
0.805 -0.00206559 -0.176927 7.16367e-06
0.81 -0.00102603 -0.176929 3.55424e-06
0.815 0.000149428 -0.176933 -5.27094e-07
0.82 0.00144166 -0.176937 -5.01405e-06
0.825 0.00283221 -0.176942 -9.84241e-06
0.83 0.00430296 -0.176946 -1.49492e-05
0.835 0.00583586 -0.176951 -2.02716e-05
0.84 0.00741295 -0.176956 -2.57475e-05
0.845 0.00901702 -0.176961 -3.1317e-05
0.85 0.0106331 -0.176966 -3.69281e-05
0.855 0.01225 -0.176971 -4.25422e-05
0.86 0.0138622 -0.176976 -4.81396e-05
0.865 0.0154709 -0.176981 -5.37251e-05
0.87 0.0170845 -0.176986 -5.93273e-05
0.875 0.018715 -0.176991 -6.49883e-05
0.88 0.0203727 -0.176996 -7.07436e-05
0.885 0.0220601 -0.177001 -7.6602e-05
0.89 0.0237676 -0.177006 -8.25303e-05
0.895 0.0254711 -0.177011 -8.84446e-05
0.9 0.027134 -0.177017 -9.42178e-05
0.905 0.0287174 -0.177021 -9.9715e-05
0.91 0.0301948 -0.177026 -0.000104844
0.915 0.0315639 -0.17703 -0.000109597
0.92 0.0328534 -0.177034 -0.000114074
0.925 0.0341208 -0.177038 -0.000118474
0.93 0.0354422 -0.177042 -0.000123062
0.935 0.0368916 -0.177046 -0.000128093
0.94 0.0385202 -0.177051 -0.000133747
0.945 0.0403438 -0.177057 -0.000140078
0.95 0.04234 -0.177063 -0.000147008
0.955 0.0444531 -0.177069 -0.000154343
0.96 0.0466039 -0.177076 -0.00016181
0.965 0.048701 -0.177082 -0.00016909
0.97 0.0506514 -0.177088 -0.00017586
0.975 0.0523704 -0.177094 -0.000181828
0.98 0.0537888 -0.177098 -0.000186752
0.985 0.054854 -0.177101 -0.000190449
0.99 0.0555264 -0.177103 -0.000192783
0.995 0.055774 -0.177104 -0.000193643
1 0.0555677 -0.177104 -0.000192927
1.005 0.0548815 -0.177103 -0.000190544
1.01 0.0536958 -0.177103 -0.000186427
1.015 0.0520024 -0.177103 -0.000180547
1.02 0.0498022 -0.177104 -0.000172908
1.025 0.0470994 -0.177104 -0.000163523
1.03 0.0438984 -0.177104 -0.000152408
1.035 0.0402084 -0.177104 -0.000139596
1.04 0.0360471 -0.177104 -0.000125147
1.045 0.0314444 -0.177104 -0.000109165
1.05 0.0264414 -0.177104 -9.17934e-05
1.055 0.0210884 -0.177104 -7.32068e-05
1.06 0.0154389 -0.177104 -5.35904e-05
1.065 0.00954283 -0.177104 -3.31178e-05
1.07 0.00344357 -0.177104 -1.19398e-05
1.075 -0.00282038 -0.177104 9.81e-06
1.08 -0.00921046 -0.177104 3.19978e-05
1.085 -0.0156831 -0.177104 5.44721e-05
1.09 -0.0221849 -0.177105 7.7048e-05
1.095 -0.0286508 -0.177107 9.94987e-05
1.1 -0.035006 -0.177113 0.000121563
1.105 -0.0411729 -0.177129 0.000142972
1.11 -0.0470798 -0.17715 0.000163477
1.115 -0.0526702 -0.17717 0.000182884
1.12 -0.0579105 -0.177188 0.000201075
1.125 -0.0627917 -0.177204 0.000218019
1.13 -0.0673279 -0.17722 0.000233765
1.135 -0.0715511 -0.177234 0.000248424
1.14 -0.0755039 -0.177247 0.000262145
1.145 -0.0792267 -0.177259 0.000275067
1.15 -0.0827429 -0.177271 0.000287271
1.155 -0.0860447 -0.177281 0.000298731
1.16 -0.0890879 -0.177291 0.000309293
1.165 -0.0917957 -0.1773 0.000318691
1.17 -0.0940711 -0.177307 0.000326588
1.175 -0.0958116 -0.177313 0.000332629
1.18 -0.0969259 -0.177316 0.000336496
1.185 -0.0973493 -0.177318 0.000337966
1.19 -0.0970533 -0.177317 0.000336939
1.195 -0.0960459 -0.177316 0.000333441
1.2 -0.0943633 -0.177317 0.000327598
1.205 -0.0920567 -0.177317 0.000319589
1.21 -0.0891746 -0.177317 0.000309581
1.215 -0.0857474 -0.177317 0.000297681
1.22 -0.081783 -0.177318 0.000283915
1.225 -0.0772796 -0.177318 0.000268278
1.23 -0.0722495 -0.177318 0.000250813
1.235 -0.0667426 -0.177318 0.000231691
1.24 -0.060854 -0.177318 0.000211245
1.245 -0.0547125 -0.177318 0.00018992
1.25 -0.0484573 -0.177318 0.000168201
1.255 -0.0422171 -0.177318 0.000146533
1.26 -0.0360972 -0.177318 0.000125284
1.265 -0.0301739 -0.177318 0.000104717
1.27 -0.0244966 -0.177318 8.50034e-05
1.275 -0.0190946 -0.177318 6.62466e-05
1.28 -0.0139862 -0.177318 4.85092e-05
1.285 -0.00918473 -0.177318 3.18373e-05
1.29 -0.00470045 -0.177318 1.62669e-05
1.295 -0.000538363 -0.177318 1.81517e-06
1.3 0.00331173 -0.177318 -1.15532e-05
1.305 0.00689049 -0.177318 -2.39795e-05
1.31 0.0102795 -0.177318 -3.5747e-05
1.315 0.0135978 -0.177318 -4.72688e-05
1.32 0.0169833 -0.177318 -5.90239e-05
1.325 0.0205648 -0.177318 -7.14598e-05
1.33 0.0244321 -0.177319 -8.48877e-05
1.335 0.0286122 -0.177319 -9.94019e-05
1.34 0.0330577 -0.177319 -0.000114838
1.345 0.037649 -0.177319 -0.00013078
1.35 0.0422153 -0.17732 -0.000146635
1.355 0.0465679 -0.177321 -0.000161748
1.36 0.050536 -0.177324 -0.000175525
1.365 0.0539953 -0.17733 -0.000187535
1.37 0.0568755 -0.177337 -0.000197533
1.375 0.0591515 -0.177346 -0.000205434
1.38 0.0608315 -0.177352 -0.000211266
1.385 0.0619491 -0.177356 -0.000215145
1.39 0.0625545 -0.177359 -0.000217247
1.395 0.0627022 -0.17736 -0.00021776
1.4 0.0624401 -0.17736 -0.00021685
1.405 0.0618107 -0.17736 -0.000214664
1.41 0.0608618 -0.17736 -0.000211369
1.415 0.0596605 -0.177361 -0.000207197
1.42 0.0583045 -0.177361 -0.000202488
1.425 0.056924 -0.177361 -0.000197694
1.43 0.0556705 -0.177361 -0.000193341
1.435 0.0546981 -0.177362 -0.000189964
1.44 0.0541428 -0.177362 -0.000188036
1.445 0.0541082 -0.177362 -0.000187916
1.45 0.0546589 -0.177362 -0.000189828
1.455 0.0558212 -0.177362 -0.000193863
1.46 0.057588 -0.177362 -0.000199998
1.465 0.0599237 -0.177362 -0.000208108
1.47 0.0627652 -0.177362 -0.000217975
1.475 0.0660193 -0.177367 -0.000229272
1.48 0.0695568 -0.177378 -0.000241551
1.485 0.073214 -0.177391 -0.000254246
1.49 0.0768089 -0.177402 -0.000266724
1.495 0.0801694 -0.177413 -0.000278389
1.5 0.0831703 -0.177423 -0.000288804
1.505 0.0857643 -0.177431 -0.000297808
1.51 0.0879983 -0.177439 -0.000305562
1.515 0.0900056 -0.177445 -0.000312528
1.52 0.0919784 -0.177452 -0.000319375
1.525 0.0941327 -0.177458 -0.000326852
1.53 0.0966765 -0.177466 -0.000335681
1.535 0.0997878 -0.177476 -0.000346479
1.54 0.103599 -0.177488 -0.000359708
1.545 0.108189 -0.177502 -0.000375635
1.55 0.113575 -0.177519 -0.000394329
1.555 0.11973 -0.177539 -0.000415689
1.56 0.126593 -0.17756 -0.000439503
1.565 0.134085 -0.177584 -0.000465503
1.57 0.142125 -0.177609 -0.0004934
1.575 0.150619 -0.177635 -0.000522875
1.58 0.159454 -0.177663 -0.000553531
1.585 0.16848 -0.177692 -0.000584847
1.59 0.177508 -0.17772 -0.00061617
1.595 0.186318 -0.177748 -0.000646732
1.6 0.194674 -0.177775 -0.000675723
1.605 0.202354 -0.1778 -0.000702364
1.61 0.20916 -0.177821 -0.000725972
1.615 0.214928 -0.17784 -0.000745979
1.62 0.219526 -0.177855 -0.000761927
1.625 0.222847 -0.177865 -0.000773447
1.63 0.224804 -0.177872 -0.000780235
1.635 0.225325 -0.177873 -0.000782042
1.64 0.224362 -0.177871 -0.000778702
1.645 0.221906 -0.177869 -0.000770177
1.65 0.218003 -0.17787 -0.000756622
1.655 0.212758 -0.17787 -0.000738408
1.66 0.206328 -0.177871 -0.000716083
1.665 0.198908 -0.177871 -0.000690317
1.67 0.190707 -0.177872 -0.00066184
1.675 0.181938 -0.177872 -0.000631392
1.68 0.172812 -0.177872 -0.000599703
1.685 0.163528 -0.177873 -0.000567469
1.69 0.154276 -0.177873 -0.000535342
1.695 0.145218 -0.177873 -0.000503892
1.7 0.13648 -0.177873 -0.000473552
1.705 0.128128 -0.177873 -0.00044455
1.71 0.120163 -0.177873 -0.000416894
1.715 0.112538 -0.177873 -0.00039042
1.72 0.105189 -0.177873 -0.0003649
1.725 0.0980581 -0.177873 -0.000340141
1.73 0.0911066 -0.177873 -0.000316003
1.735 0.0843043 -0.177873 -0.000292384
1.74 0.0776236 -0.177873 -0.000269187
1.745 0.0710409 -0.177873 -0.000246331
1.75 0.0645427 -0.177873 -0.000223768
1.755 0.0581252 -0.177874 -0.000201484
1.76 0.0517823 -0.177874 -0.000179461
1.765 0.0454926 -0.177874 -0.000157621
1.77 0.0392086 -0.177874 -0.000135802
1.775 0.0328583 -0.177874 -0.000113752
1.78 0.0263628 -0.177874 -9.11986e-05
1.785 0.0196688 -0.177874 -6.79555e-05
1.79 0.0127796 -0.177874 -4.40349e-05
1.795 0.00577272 -0.177874 -1.97054e-05
1.8 -0.00120792 -0.177874 4.53282e-06
1.805 -0.0079809 -0.177874 2.80501e-05
1.81 -0.0143665 -0.177874 5.02222e-05
1.815 -0.0202141 -0.177874 7.05263e-05
1.82 -0.0254081 -0.177874 8.85608e-05
1.825 -0.0298644 -0.177875 0.000104034
1.83 -0.0335323 -0.177875 0.00011677
1.835 -0.0364034 -0.177875 0.000126739
1.84 -0.0385251 -0.177875 0.000134106
1.845 -0.0400097 -0.177875 0.000139261
1.85 -0.0410268 -0.177875 0.000142792
1.855 -0.041777 -0.177875 0.000145397
1.86 -0.0424552 -0.177875 0.000147752
1.865 -0.0432187 -0.177875 0.000150403
1.87 -0.044175 -0.177875 0.000153723
1.875 -0.0453899 -0.177876 0.000157941
1.88 -0.0468967 -0.177876 0.000163174
1.885 -0.0487007 -0.177876 0.000169437
1.89 -0.0507823 -0.177876 0.000176665
1.895 -0.0531017 -0.177877 0.000184718
1.9 -0.0556093 -0.177877 0.000193425
1.905 -0.058263 -0.177878 0.000202639
1.91 -0.0610443 -0.177878 0.000212296
1.915 -0.063961 -0.177879 0.000222424
1.92 -0.0670328 -0.17788 0.000233089
1.925 -0.0702717 -0.177882 0.000244334
1.93 -0.0736759 -0.177884 0.000256154
1.935 -0.0772437 -0.177888 0.000268542
1.94 -0.0810026 -0.177892 0.000281593
1.945 -0.0850403 -0.177897 0.000295613
1.95 -0.0895152 -0.177905 0.000311149
1.955 -0.0946354 -0.177919 0.000328922
1.96 -0.100616 -0.177939 0.000349679
1.965 -0.107638 -0.177961 0.000374049
1.97 -0.115827 -0.177986 0.000402469
1.975 -0.125258 -0.178016 0.000435196
1.98 -0.135962 -0.17805 0.000472337
1.985 -0.147925 -0.178088 0.000513849
1.99 -0.161103 -0.17813 0.000559569
1.995 -0.175423 -0.178176 0.000609253
2 -0.190818 -0.178225 0.000662658
2.005 -0.207234 -0.178278 0.000719604
2.01 -0.224643 -0.178334 0.000779991
2.015 -0.243025 -0.178393 0.000843745
2.02 -0.262342 -0.178456 0.000910738
2.025 -0.282516 -0.178522 0.000980694
2.03 -0.303411 -0.17859 0.00105314
2.035 -0.324831 -0.178661 0.0011274
2.04 -0.346531 -0.178733 0.00120263
2.045 -0.368233 -0.178805 0.00127785
2.05 -0.38964 -0.178877 0.00135204
2.055 -0.410456 -0.178947 0.00142418
2.06 -0.430419 -0.179014 0.00149335
2.065 -0.449347 -0.179079 0.00155893
2.07 -0.467167 -0.179139 0.00162066
2.075 -0.483917 -0.179197 0.00167868
2.08 -0.499695 -0.179251 0.00173333
2.085 -0.514593 -0.179303 0.00178493
2.09 -0.528654 -0.179352 0.00183362
2.095 -0.541854 -0.179398 0.00187933
2.1 -0.554134 -0.179441 0.00192185
2.105 -0.565447 -0.17948 0.00196102
2.11 -0.575792 -0.179517 0.00199683
2.115 -0.585226 -0.17955 0.0020295
2.12 -0.593858 -0.17958 0.00205938
2.125 -0.601823 -0.179609 0.00208695
2.13 -0.609264 -0.179635 0.0021127
2.135 -0.616313 -0.17966 0.0021371
2.14 -0.623086 -0.179684 0.00216054
2.145 -0.629683 -0.179708 0.00218338
2.15 -0.636187 -0.179731 0.00220589
2.155 -0.642648 -0.179754 0.00222825
2.16 -0.649057 -0.179777 0.00225043
2.165 -0.655334 -0.179799 0.00227215
2.17 -0.66133 -0.179821 0.0022929
2.175 -0.666866 -0.179841 0.00231205
2.18 -0.671788 -0.179858 0.00232909
2.185 -0.676004 -0.179873 0.00234368
2.19 -0.679489 -0.179886 0.00235574
2.195 -0.682254 -0.179896 0.0023653
2.2 -0.684314 -0.179903 0.00237243
2.205 -0.68567 -0.179908 0.00237712
2.21 -0.686297 -0.179911 0.00237929
2.215 -0.686151 -0.17991 0.00237878
2.22 -0.685197 -0.179909 0.00237547
2.225 -0.683418 -0.17991 0.00236929
2.23 -0.680813 -0.17991 0.00236025
2.235 -0.677389 -0.17991 0.00234836
2.24 -0.673154 -0.17991 0.00233365
2.245 -0.668132 -0.17991 0.00231622
2.25 -0.662386 -0.17991 0.00229627
2.255 -0.656035 -0.17991 0.00227421
2.26 -0.649251 -0.17991 0.00225065
2.265 -0.642231 -0.17991 0.00222628
2.27 -0.635155 -0.17991 0.00220171
2.275 -0.628137 -0.179911 0.00217734
2.28 -0.62122 -0.179911 0.00215332
2.285 -0.614386 -0.179911 0.0021296
2.29 -0.607601 -0.179911 0.00210604
2.295 -0.600838 -0.179911 0.00208255
2.3 -0.594081 -0.179911 0.00205909
2.305 -0.587313 -0.179911 0.00203559
2.31 -0.580497 -0.179911 0.00201192
2.315 -0.573566 -0.179911 0.00198786
2.32 -0.566426 -0.179911 0.00196307
2.325 -0.558968 -0.179911 0.00193717
2.33 -0.551077 -0.179911 0.00190977
2.335 -0.542628 -0.179911 0.00188044
2.34 -0.533468 -0.179911 0.00184863
2.345 -0.523392 -0.179911 0.00181364
2.35 -0.512149 -0.179911 0.00177461
2.355 -0.499476 -0.179911 0.0017306
2.36 -0.485141 -0.179911 0.00168083
2.365 -0.468988 -0.179911 0.00162474
2.37 -0.450944 -0.179911 0.00156209
2.375 -0.43102 -0.179911 0.00149291
2.38 -0.409306 -0.179911 0.00141752
2.385 -0.385971 -0.179911 0.00133649
2.39 -0.361248 -0.179911 0.00125065
2.395 -0.335414 -0.179911 0.00116095
2.4 -0.308754 -0.179911 0.00106839
2.405 -0.281521 -0.179911 0.000973829
2.41 -0.253896 -0.179911 0.000877916
2.415 -0.225988 -0.179911 0.000781016
2.42 -0.197842 -0.179911 0.000683295
2.425 -0.169471 -0.179911 0.000584792
2.43 -0.140861 -0.179911 0.000485459
2.435 -0.111974 -0.179911 0.000385168
2.44 -0.082752 -0.179911 0.000283715
2.445 -0.0531165 -0.179911 0.000180827
2.45 -0.0229747 -0.179912 7.61856e-05
2.455 0.00777007 -0.179913 -3.05467e-05
2.46 0.0392026 -0.179914 -0.000139661
2.465 0.0713767 -0.179916 -0.000251344
2.47 0.104303 -0.179922 -0.000365631
2.475 0.137951 -0.179933 -0.000482405
2.48 0.172251 -0.17996 -0.000601424
2.485 0.207111 -0.180014 -0.000722369
2.49 0.242414 -0.180112 -0.000844792
2.495 0.278018 -0.180239 -0.000968196
2.5 0.313751 -0.180366 -0.00109203
2.505 0.349407 -0.180493 -0.00121557
2.51 0.384762 -0.180619 -0.00133805
2.515 0.419594 -0.180742 -0.00145869
2.52 0.453701 -0.180863 -0.0015768
2.525 0.48691 -0.180982 -0.00169177
2.53 0.519082 -0.181096 -0.00180313
2.535 0.550099 -0.181207 -0.00191047
2.54 0.579856 -0.181313 -0.00201343
2.545 0.608254 -0.181415 -0.00211167
2.55 0.635202 -0.181512 -0.00220488
2.555 0.660632 -0.181604 -0.00229282
2.56 0.684497 -0.181691 -0.00237533
2.565 0.706776 -0.181772 -0.00245236
2.57 0.72747 -0.181848 -0.00252389
2.575 0.746611 -0.181918 -0.00259005
2.58 0.764276 -0.181983 -0.00265109
2.585 0.780587 -0.182043 -0.00270746
2.59 0.795715 -0.182099 -0.00275972
2.595 0.809861 -0.182152 -0.0028086
2.6 0.823234 -0.182201 -0.00285479
2.605 0.836015 -0.182249 -0.00289894
2.61 0.848321 -0.182295 -0.00294145
2.615 0.860187 -0.182339 -0.00298243
2.62 0.871571 -0.182382 -0.00302175
2.625 0.882371 -0.182422 -0.00305905
2.63 0.892455 -0.18246 -0.00309387
2.635 0.901677 -0.182495 -0.00312571
2.64 0.909889 -0.182526 -0.00315406
2.645 0.916938 -0.182552 -0.0031784
2.65 0.922663 -0.182574 -0.00319817
2.655 0.926894 -0.18259 -0.00321278
2.66 0.92946 -0.1826 -0.00322163
2.665 0.930197 -0.182603 -0.00322417
2.67 0.928962 -0.182599 -0.00321991
2.675 0.925651 -0.182596 -0.00320843
2.68 0.920221 -0.182597 -0.00318956
2.685 0.912715 -0.182598 -0.0031635
2.69 0.903302 -0.182599 -0.0031308
2.695 0.892284 -0.1826 -0.00309254
2.7 0.880085 -0.182601 -0.00305018
2.705 0.867208 -0.182601 -0.00300547
2.71 0.854164 -0.182601 -0.00296018
2.715 0.841411 -0.182602 -0.00291589
2.72 0.829309 -0.182602 -0.00287387
2.725 0.818104 -0.182602 -0.00283496
2.73 0.807919 -0.182602 -0.0027996
2.735 0.798768 -0.182603 -0.00276782
2.74 0.790564 -0.182603 -0.00273933
2.745 0.783146 -0.182603 -0.00271358
2.75 0.776314 -0.182603 -0.00268986
2.755 0.769863 -0.182603 -0.00266745
2.76 0.763616 -0.182603 -0.00264576
2.765 0.757448 -0.182603 -0.00262435
2.77 0.75129 -0.182603 -0.00260296
2.775 0.745115 -0.182603 -0.00258152
2.78 0.738934 -0.182603 -0.00256006
2.785 0.732781 -0.182603 -0.0025387
2.79 0.726706 -0.182603 -0.0025176
2.795 0.720767 -0.182603 -0.00249698
2.8 0.715028 -0.182603 -0.00247705
2.805 0.709557 -0.182603 -0.00245806
2.81 0.704428 -0.182603 -0.00244025
2.815 0.699721 -0.182603 -0.00242391
2.82 0.695532 -0.182603 -0.00240936
2.825 0.691979 -0.182603 -0.00239702
2.83 0.689204 -0.182603 -0.00238739
2.835 0.687378 -0.182603 -0.00238105
2.84 0.686678 -0.182603 -0.00237862
2.845 0.687283 -0.182603 -0.00238072
2.85 0.689364 -0.182603 -0.00238795
2.855 0.693078 -0.182603 -0.00240084
2.86 0.698575 -0.182603 -0.00241993
2.865 0.705987 -0.182603 -0.00244566
2.87 0.715414 -0.182603 -0.0024784
2.875 0.726913 -0.182603 -0.00251833
2.88 0.740507 -0.182603 -0.00256553
2.885 0.756207 -0.182603 -0.00262004
2.89 0.774041 -0.182603 -0.00268196
2.895 0.794072 -0.182603 -0.00275151
2.9 0.816404 -0.182603 -0.00282906
2.905 0.841164 -0.182603 -0.00291503
2.91 0.868474 -0.182603 -0.00300985
2.915 0.898423 -0.182603 -0.00311384
2.92 0.931052 -0.182604 -0.00322712
2.925 0.966352 -0.182678 -0.00334935
2.93 1.00428 -0.182834 -0.00348033
2.935 1.04478 -0.183003 -0.00362015
2.94 1.08777 -0.183181 -0.00376858
2.945 1.13324 -0.18337 -0.0039255
2.95 1.1812 -0.183569 -0.00409096
2.955 1.23173 -0.183779 -0.00426524
2.96 1.28498 -0.184002 -0.00444883
2.965 1.34114 -0.184238 -0.00464239
2.97 1.40045 -0.184488 -0.00484662
2.975 1.46312 -0.184745 -0.00506163
2.98 1.52935 -0.185012 -0.00528801
2.985 1.59926 -0.185285 -0.005526
2.99 1.67292 -0.185546 -0.00577444
2.995 1.75035 -0.185802 -0.0060339
3 1.83151 -0.186034 -0.00630413
3.005 1.91636 -0.186219 -0.00658347
3.01 2.00483 -0.18636 -0.00687195
3.015 2.09686 -0.186389 -0.00716747
3.02 2.19235 -0.186343 -0.00747095
3.025 2.29124 -0.186311 -0.00778531
3.03 2.39339 -0.186279 -0.00810974
3.035 2.49871 -0.186158 -0.00844103
3.04 2.60705 -0.185961 -0.00877912
3.045 2.71829 -0.185773 -0.00912621
3.05 2.83228 -0.185508 -0.00947946
3.055 2.94889 -0.185156 -0.00983768
3.06 3.06798 -0.184778 -0.0102015
3.065 3.18943 -0.184344 -0.0105691
3.07 3.31311 -0.18378 -0.0109384
3.075 3.43892 -0.183103 -0.0113096
3.08 3.56674 -0.182345 -0.0116824
3.085 3.6965 -0.181469 -0.0120549
3.09 3.82813 -0.180502 -0.0124282
3.095 3.96161 -0.179423 -0.0128028
3.1 4.09693 -0.17818 -0.0131773
3.105 4.23411 -0.176789 -0.0135517
3.11 4.37316 -0.17533 -0.0139282
3.115 4.51407 -0.173828 -0.0143081
3.12 4.6568 -0.172284 -0.0146908
3.125 4.80133 -0.170673 -0.0150763
3.13 4.94758 -0.168992 -0.0154648
3.135 5.09552 -0.167274 -0.015854
3.14 5.24509 -0.165522 -0.0162418
3.145 5.39627 -0.163767 -0.0166248
3.15 5.54906 -0.161971 -0.0169987
3.155 5.70345 -0.160141 -0.0173562
3.16 5.85946 -0.158425 -0.0176923
3.165 6.01714 -0.156884 -0.0180158
3.17 6.17649 -0.155387 -0.0183358
3.175 6.33755 -0.153889 -0.0186552
3.18 6.50028 -0.152474 -0.0189724
3.185 6.66464 -0.151094 -0.019293
3.19 6.83053 -0.149704 -0.0196198
3.195 6.99783 -0.148362 -0.0199481
3.2 7.16639 -0.147064 -0.0202785
3.205 7.3361 -0.145834 -0.0206105
3.21 7.50684 -0.144508 -0.0209557
3.215 7.67855 -0.143036 -0.0213161
3.22 7.85118 -0.141582 -0.021679
3.225 8.02473 -0.140168 -0.0220428
3.23 8.19918 -0.138701 -0.022413
3.235 8.3745 -0.13721 -0.022789
3.24 8.55065 -0.135793 -0.0231654
3.245 8.72755 -0.134446 -0.0235419
3.25 8.90507 -0.133185 -0.0239181
3.255 9.08307 -0.132054 -0.0242932
3.26 9.26137 -0.130949 -0.0246703
3.265 9.43979 -0.129808 -0.0250514
3.27 9.61812 -0.128487 -0.0254452
3.275 9.7962 -0.127011 -0.0258494
3.28 9.97386 -0.125673 -0.0262508
3.285 10.151 -0.124251 -0.0266571
3.29 10.3274 -0.122678 -0.0270682
3.295 10.5029 -0.12116 -0.0274764
3.3 10.6775 -0.119746 -0.0278812
3.305 10.8509 -0.118427 -0.0282823
3.31 11.0228 -0.117163 -0.0286795
3.315 11.193 -0.116032 -0.0290716
3.32 11.3611 -0.11492 -0.0294592
3.325 11.5266 -0.113749 -0.0298416
3.33 11.6892 -0.112622 -0.0302169
3.335 11.8482 -0.111541 -0.0305837
3.34 12.0031 -0.110511 -0.0309409
3.345 12.1532 -0.109538 -0.031287
3.35 12.298 -0.108626 -0.0316207
3.355 12.4369 -0.107779 -0.0319405
3.36 12.5693 -0.107001 -0.0322453
3.365 12.6947 -0.106293 -0.0325338
3.37 12.8125 -0.105658 -0.0328048
3.375 12.9223 -0.105096 -0.0330574
3.38 13.0239 -0.104611 -0.0332907
3.385 13.1167 -0.104282 -0.0335036
3.39 13.2005 -0.104088 -0.0336954
3.395 13.2749 -0.103936 -0.0338656
3.4 13.3396 -0.103822 -0.0340136
3.405 13.3942 -0.103751 -0.0341385
3.41 13.4386 -0.103834 -0.0342396
3.415 13.4723 -0.104022 -0.0343162
3.42 13.4953 -0.104173 -0.0343682
3.425 13.5073 -0.104288 -0.0343953
3.43 13.5082 -0.104343 -0.0343971
3.435 13.4978 -0.104297 -0.0343724
3.44 13.4763 -0.104408 -0.0343167
3.445 13.4436 -0.104802 -0.0342296
3.45 13.3997 -0.105321 -0.0341139
3.455 13.3447 -0.105989 -0.0339706
3.46 13.2787 -0.106821 -0.033801
3.465 13.2017 -0.107829 -0.0336063
3.47 13.1139 -0.109023 -0.0333871
3.475 13.0154 -0.110382 -0.0331437
3.48 12.9063 -0.111902 -0.0328761
3.485 12.7867 -0.113603 -0.032585
3.49 12.6569 -0.115479 -0.0322702
3.495 12.5169 -0.117523 -0.0319321
3.5 12.3671 -0.119562 -0.0315691
3.505 12.2075 -0.121583 -0.0311814
3.51 12.0384 -0.123741 -0.0307711
3.515 11.86 -0.126033 -0.0303387
3.52 11.6726 -0.128451 -0.0298844
3.525 11.4762 -0.130994 -0.029409
3.53 11.2712 -0.133674 -0.0289129
3.535 11.0578 -0.136494 -0.0283968
3.54 10.8361 -0.139437 -0.0278615
3.545 10.6063 -0.142593 -0.027308
3.55 10.3687 -0.145976 -0.0267364
3.555 10.1233 -0.149261 -0.0261439
3.56 9.87041 -0.152449 -0.0255306
3.565 9.6102 -0.155778 -0.0249001
3.57 9.34286 -0.15924 -0.0242526
3.575 9.06862 -0.162865 -0.0235891
3.58 8.78771 -0.166733 -0.0229107
3.585 8.50039 -0.17053 -0.0222142
3.59 8.20694 -0.1742 -0.0215002
3.595 7.90766 -0.178025 -0.0207735
3.6 7.60282 -0.181982 -0.0200346
3.605 7.29269 -0.186147 -0.0192838
3.61 6.97749 -0.190607 -0.0185225
3.615 6.65742 -0.195493 -0.0177524
3.62 6.33265 -0.200587 -0.0169709
3.625 6.0033 -0.205076 -0.0161682
3.63 5.66952 -0.208494 -0.0153379
3.635 5.33145 -0.211637 -0.0144898
3.64 4.98924 -0.214424 -0.0136172
3.645 4.64308 -0.216258 -0.0127086
3.65 4.2932 -0.217822 -0.0117805
3.655 3.93981 -0.21908 -0.0108308
3.66 3.58312 -0.219602 -0.00984372
3.665 3.22331 -0.219551 -0.00882156
3.67 2.86055 -0.219193 -0.00777621
3.675 2.49496 -0.218602 -0.00671162
3.68 2.12668 -0.217899 -0.00563287
3.685 1.7558 -0.217177 -0.00454184
3.69 1.3824 -0.216455 -0.00343902
3.695 1.00653 -0.215687 -0.00231786
3.7 0.628163 -0.214765 -0.00116116
3.705 0.247292 -0.213763 3.5642e-05
3.71 -0.136121 -0.213037 0.00127564
3.715 -0.522104 -0.212436 0.00253014
3.72 -0.910671 -0.211491 0.00376986
3.725 -1.30181 -0.210005 0.0049878
3.73 -1.69549 -0.208011 0.00618464
3.735 -2.09163 -0.205574 0.00736553
3.74 -2.49014 -0.202719 0.00853066
3.745 -2.89088 -0.199513 0.00968219
3.75 -3.2937 -0.195769 0.0108116
3.755 -3.69841 -0.19156 0.0119239
3.76 -4.10481 -0.187103 0.0130298
3.765 -4.51265 -0.182319 0.0141301
3.77 -4.92169 -0.177236 0.0152207
3.775 -5.33165 -0.171956 0.0162823
3.78 -5.74223 -0.166767 0.0172499
3.785 -6.15309 -0.162415 0.0180811
3.79 -6.56387 -0.158952 0.0188425
3.795 -6.97418 -0.155927 0.0196
3.8 -7.3836 -0.153072 0.0203689
3.805 -7.79166 -0.150088 0.0211744
3.81 -8.19787 -0.146844 0.0220192
3.815 -8.60168 -0.143683 0.0228728
3.82 -9.00247 -0.140997 0.023716
3.825 -9.39955 -0.138527 0.0245567
3.83 -9.79217 -0.135791 0.0254218
3.835 -10.1795 -0.132671 0.0263144
3.84 -10.5608 -0.129635 0.0272051
3.845 -10.9353 -0.127146 0.028075
3.85 -11.3023 -0.124816 0.0289262
3.855 -11.661 -0.122471 0.0297588
3.86 -12.0108 -0.120372 0.0305691
3.865 -12.3512 -0.118573 0.0313556
3.87 -12.6814 -0.117489 0.0321158
3.875 -13.0009 -0.117198 0.0328485
3.88 -13.3094 -0.117607 0.0335532
3.885 -13.6063 -0.119103 0.034227
3.89 -13.8913 -0.124078 0.0348605
3.895 -14.1643 -0.128146 0.035468
3.9 -14.425 -0.128995 0.0360578
3.905 -14.6734 -0.130669 0.0366168
3.91 -14.9094 -0.1324 0.0371495
3.915 -15.1331 -0.136082 0.0376502
3.92 -15.3446 -0.145849 0.0380959
3.925 -15.544 -0.165289 0.0384578
3.93 -15.7308 0.818871 0.0428245
