0.1 -8.76512e-32 200 8.79297e-14
0.2 3.50605e-31 400 1.29674e-13
0.3 1.16868e-31 600 2.2915e-13
0.4 -1.86989e-30 800 -6.03961e-13
0.5 0 1000 -2.27374e-13
0.6 -4.67473e-31 1200 -9.66338e-13
0.7 2.33737e-31 1400 5.64881e-13
0.8 7.0121e-31 1600 6.78568e-13
0.9 -2.33737e-31 1800 -7.17648e-13
1 2.5711e-30 2000 6.89226e-13
0.005 1.09639e-05 2000 -0.00475188
0.01 5.47519e-05 2000 -0.0236823
0.015 0.00014227 2000 -0.0614846
0.02 0.000273506 2000 -0.118174
0.025 0.000448475 2000 -0.193757
0.03 0.000667232 2000 -0.288257
0.035 0.000929849 2000 -0.401705
0.04 0.00123638 2000 -0.534123
0.045 0.00158682 2000 -0.685511
0.05 0.00198108 2000 -0.855831
0.055 0.002419 2000 -1.04501
0.06 0.00290047 2000 -1.25301
0.065 0.00342557 2000 -1.47985
0.07 0.00399465 2000 -1.72569
0.075 0.00460833 2000 -1.9908
0.08 0.00526738 2000 -2.27551
0.085 0.00597263 2000 -2.58018
0.09 0.00672479 2000 -2.90511
0.095 0.0075242 2000 -3.25046
0.1 0.00837068 2000 -3.61613
0.105 0.0092638 2000 -4.00196
0.11 0.0102034 2000 -4.40788
0.115 0.0111903 2000 -4.8342
0.12 0.0122265 2000 -5.28185
0.125 0.0133157 2000 -5.75237
0.13 0.0144619 2000 -6.24753
0.135 0.0156687 2000 -6.76887
0.14 0.0169381 2000 -7.31727
0.145 0.0182708 2000 -7.89298
0.15 0.0196665 2000 -8.49593
0.155 0.0211253 2000 -9.12614
0.16 0.0226484 2000 -9.78411
0.165 0.0242385 2000 -10.471
0.17 0.0258999 2000 -11.1888
0.175 0.0276382 2000 -11.9397
0.18 0.0294589 2000 -12.7262
0.185 0.0313671 2000 -13.5506
0.19 0.0333675 2000 -14.4148
0.195 0.0354655 2000 -15.3211
0.2 0.037668 2000 -16.2726
0.205 0.0399848 2000 -17.2735
0.21 0.0424322 2000 -18.3307
0.215 0.0450339 2000 -19.4547
0.22 0.0478171 2000 -20.657
0.225 0.0508055 2000 -21.948
0.23 0.0540124 2000 -23.3334
0.235 0.057437 2000 -24.8128
0.24 0.0610634 2000 -26.3794
0.245 0.0648658 2000 -28.0221
0.25 0.0688167 2000 -29.7288
0.255 0.0728949 2000 -31.4906
0.26 0.0770929 2000 -33.3041
0.265 0.0814169 2000 -35.1721
0.27 0.0858843 2000 -37.1021
0.275 0.0905171 2000 -39.1034
0.28 0.095337 2000 -41.1856
0.285 0.100362 2000 -43.3566
0.29 0.105607 2000 -45.6224
0.295 0.111085 2000 -47.9886
0.3 0.116807 2000 -50.4607
0.305 0.12279 2000 -53.0455
0.31 0.129054 2000 -55.7515
0.315 0.135623 2000 -58.5893
0.32 0.142525 2000 -61.5709
0.325 0.149786 2000 -64.7076
0.33 0.157427 2000 -68.0086
0.335 0.165463 2000 -71.48
0.34 0.173901 2000 -75.1254
0.345 0.182747 2000 -78.9468
0.35 0.192004 2000 -82.9458
0.355 0.201674 2000 -87.1234
0.36 0.211755 2000 -91.4782
0.365 0.222237 2000 -96.0066
0.37 0.233111 2000 -100.704
0.375 0.244367 2000 -105.567
0.38 0.256002 2000 -110.593
0.385 0.26801 2000 -115.78
0.39 0.280374 2000 -121.122
0.395 0.293052 2000 -126.599
0.4 0.305963 2000 -132.176
0.405 0.318981 2000 -137.8
0.41 0.33194 2000 -143.398
0.415 0.344644 2000 -148.887
0.42 0.356884 2000 -154.174
0.425 0.368461 2000 -159.176
0.43 0.379225 2000 -163.825
0.435 0.389103 2000 -168.093
0.44 0.398121 2000 -171.988
0.445 0.406404 2000 -175.567
0.45 0.414163 2000 -178.919
0.455 0.42167 2000 -182.162
0.46 0.429222 2000 -185.424
0.465 0.437101 2000 -188.828
0.47 0.445515 2000 -192.463
0.475 0.454567 2000 -196.373
0.48 0.464242 2000 -200.553
0.485 0.474418 2000 -204.949
0.49 0.484905 2000 -209.479
0.495 0.495475 2000 -214.045
0.5 0.505885 2000 -218.543
0.505 0.515886 2000 -222.863
0.51 0.525211 2000 -226.891
0.515 0.533567 2000 -230.501
0.52 0.540626 2000 -233.551
0.525 0.546042 2000 -235.89
0.53 0.549499 2000 -237.384
0.535 0.550783 2000 -237.938
0.54 0.549707 2000 -237.473
0.545 0.546214 2000 -235.965
0.55 0.540552 2000 -233.519
0.555 0.53307 2000 -230.287
0.56 0.524165 2000 -226.439
0.565 0.514217 2000 -222.142
0.57 0.503539 2000 -217.529
0.575 0.492318 2000 -212.682
0.58 0.480619 2000 -207.628
0.585 0.468437 2000 -202.365
0.59 0.455775 2000 -196.895
0.595 0.442717 2000 -191.254
0.6 0.42947 2000 -185.531
0.605 0.416345 2000 -179.861
0.61 0.403695 2000 -174.396
0.615 0.391824 2000 -169.268
0.62 0.38093 2000 -164.562
0.625 0.371101 2000 -160.316
0.63 0.362314 2000 -156.519
0.635 0.354428 2000 -153.113
0.64 0.347186 2000 -149.984
0.645 0.340216 2000 -146.973
0.65 0.333036 2000 -143.872
0.655 0.325067 2000 -140.429
0.66 0.315659 2000 -136.365
0.665 0.30416 2000 -131.397
0.67 0.290045 2000 -125.299
0.675 0.273038 2000 -117.953
0.68 0.253171 2000 -109.37
0.685 0.230777 2000 -99.6956
0.69 0.206442 2000 -89.1829
0.695 0.180932 2000 -78.1628
0.7 0.155107 2000 -67.0061
0.705 0.129841 2000 -56.0911
0.71 0.105956 2000 -45.7731
0.715 0.0841249 2000 -36.3418
0.72 0.0648254 2000 -28.0044
0.725 0.048326 2000 -20.8766
0.73 0.0347822 2000 -15.0255
0.735 0.0242798 2000 -10.4882
0.74 0.0168585 2000 -7.28202
0.745 0.0124457 2000 -5.37591
0.75 0.0107904 2000 -4.66117
0.755 0.0114448 2000 -4.94381
0.76 0.0137547 2000 -5.94169
0.765 0.0168658 2000 -7.28575
0.77 0.0198359 2000 -8.56888
0.775 0.0217107 2000 -9.37884
0.78 0.0216022 2000 -9.33202
0.785 0.0187733 2000 -8.10993
0.79 0.0127178 2000 -5.49399
0.795 0.00332394 2000 -1.43555
0.8 -0.00934786 1999.99 4.03968
0.805 -0.0248634 1999.99 10.7453
0.81 -0.0420623 1999.98 18.1826
0.815 -0.0612396 1999.98 26.4676
0.82 -0.0823125 1999.98 35.5687
0.825 -0.104988 1999.99 45.3626
0.83 -0.12897 1999.99 55.7216
0.835 -0.153965 1999.99 66.5183
0.84 -0.179679 1999.99 77.6261
0.845 -0.205833 1999.99 88.9236
0.85 -0.23218 2000 100.305
0.855 -0.25854 2000 111.692
0.86 -0.284821 2000 123.045
0.865 -0.311045 2000 134.374
0.87 -0.337346 2000 145.735
0.875 -0.363921 2000 157.216
0.88 -0.390938 2000 168.887
0.885 -0.418436 2000 180.766
0.89 -0.446262 2000 192.787
0.895 -0.47402 2000 204.778
0.9 -0.501114 2000 216.483
0.905 -0.526912 2000 227.627
0.91 -0.550981 2000 238.025
0.915 -0.573285 2000 247.66
0.92 -0.59429 2000 256.734
0.925 -0.614936 2000 265.653
0.93 -0.636459 2000 274.951
0.935 -0.660065 2000 285.149
0.94 -0.686588 2000 296.607
0.945 -0.716286 2000 309.437
0.95 -0.748792 2000 323.479
0.955 -0.783198 2000 338.343
0.96 -0.818215 2000 353.47
0.965 -0.852356 2000 368.219
0.97 -0.884104 2000 381.934
0.975 -0.912085 2000 394.022
0.98 -0.935172 2000 403.996
0.985 -0.952509 2000 411.485
0.99 -0.963452 2000 416.212
0.995 -0.967482 2000 417.953
1 -0.963726 1999.99 416.331
1.005 -0.951237 1999.99 410.937
1.01 -0.929668 1999.99 401.619
1.015 -0.898862 1999.99 388.31
1.02 -0.858835 1999.99 371.018
1.025 -0.809663 1999.99 349.776
1.03 -0.751429 2000 324.619
1.035 -0.684297 2000 295.617
1.04 -0.608592 2000 262.912
1.045 -0.524854 2000 226.737
1.05 -0.433835 2000 187.417
1.055 -0.336449 2000 145.346
1.06 -0.233667 2000 100.944
1.065 -0.126399 2000 54.6047
1.07 -0.0154383 2000 6.66952
1.075 0.0985165 2000 -42.559
1.08 0.214757 2000 -92.775
1.085 0.332451 2000 -143.619
1.09 0.450431 1999.99 -194.587
1.095 0.566268 1999.95 -244.641
1.1 0.672255 1999.84 -290.52
1.105 0.773011 1999.82 -334.068
1.11 0.869262 1999.85 -375.626
1.115 0.96027 1999.88 -414.924
1.12 1.04554 1999.9 -451.745
1.125 1.12495 1999.92 -486.037
1.13 1.19873 1999.93 -517.9
1.135 1.26741 1999.95 -547.562
1.14 1.33168 1999.96 -575.32
1.145 1.3922 1999.96 -601.461
1.15 1.44936 1999.97 -626.148
1.155 1.50303 1999.98 -649.328
1.16 1.55248 1999.98 -670.691
1.165 1.59649 1999.98 -689.697
1.17 1.63346 1999.99 -705.667
1.175 1.66174 1999.99 -717.881
1.18 1.67984 1999.99 -725.7
1.185 1.68672 1999.99 -728.67
1.19 1.68133 1999.98 -726.343
1.195 1.66299 1999.98 -718.424
1.2 1.63239 1999.98 -705.202
1.205 1.59043 1999.98 -687.074
1.21 1.538 1999.99 -664.423
1.215 1.47565 1999.99 -637.487
1.22 1.40353 1999.99 -606.33
1.225 1.32161 1999.99 -570.937
1.23 1.2301 1999.99 -531.404
1.235 1.12991 2000 -488.122
1.24 1.02278 2000 -441.842
1.245 0.911047 2000 -393.574
1.25 0.797246 2000 -344.412
1.255 0.68372 2000 -295.368
1.26 0.572381 2000 -247.269
1.265 0.464618 2000 -200.716
1.27 0.36133 2000 -156.095
1.275 0.263052 2000 -113.639
1.28 0.170116 2000 -73.4903
1.285 0.082762 2000 -35.7534
1.29 0.00117966 2000 -0.509806
1.295 -0.0745408 2000 32.2015
1.3 -0.144585 2000 62.4605
1.305 -0.209691 2000 90.5864
1.31 -0.271343 2000 117.22
1.315 -0.331706 2000 143.297
1.32 -0.393287 2000 169.9
1.325 -0.45843 2000 198.042
1.33 -0.528756 2000 228.423
1.335 -0.604742 2000 261.248
1.34 -0.685506 2000 296.139
1.345 -0.768809 1999.99 332.126
1.35 -0.851462 1999.99 367.833
1.355 -0.929729 1999.98 401.65
1.36 -0.999999 1999.96 432.012
1.365 -1.05778 1999.92 457.007
1.37 -1.10499 1999.91 477.411
1.375 -1.14223 1999.93 493.489
1.38 -1.16969 1999.94 505.342
1.385 -1.18794 1999.95 513.219
1.39 -1.19782 1999.96 517.482
1.395 -1.20022 1999.97 518.516
1.4 -1.19545 1999.97 516.456
1.405 -1.184 1999.96 511.51
1.41 -1.16675 1999.97 504.054
1.415 -1.14491 1999.98 494.614
1.42 -1.12025 1999.98 483.958
1.425 -1.09514 1999.98 473.109
1.43 -1.07234 1999.99 463.258
1.435 -1.05465 1999.99 455.616
1.44 -1.04455 1999.99 451.252
1.445 -1.04393 1999.99 450.981
1.45 -1.05395 1999.99 455.309
1.455 -1.0751 2000 464.445
1.46 -1.10724 2000 478.331
1.465 -1.14974 2000 496.688
1.47 -1.2013 1999.99 518.952
1.475 -1.25479 1999.95 542.099
1.48 -1.31233 1999.95 566.955
1.485 -1.37179 1999.96 592.637
1.49 -1.43022 1999.97 617.877
1.495 -1.48484 1999.97 641.47
1.5 -1.53361 1999.98 662.536
1.505 -1.57577 1999.98 680.744
1.51 -1.61207 1999.98 696.424
1.515 -1.64468 1999.99 710.512
1.52 -1.67673 1999.99 724.357
1.525 -1.71173 1999.99 739.475
1.53 -1.75306 1999.99 757.326
1.535 -1.80359 1999.99 779.157
1.54 -1.8655 2000 805.899
1.545 -1.94001 2000 838.092
1.55 -2.02746 2000 875.87
1.555 -2.12737 2000 919.029
1.56 -2.23872 2000 967.134
1.565 -2.36025 2000 1019.64
1.57 -2.49063 2000 1075.96
1.575 -2.62833 2000 1135.45
1.58 -2.77151 2000 1197.31
1.585 -2.91773 2000 1260.48
1.59 -3.06393 2000 1323.64
1.595 -3.20653 2000 1385.24
1.6 -3.34177 2000 1443.67
1.605 -3.46601 2000 1497.34
1.61 -3.57608 2000 1544.89
1.615 -3.66934 2000 1585.18
1.62 -3.74367 2000 1617.29
1.625 -3.79736 2000 1640.48
1.63 -3.829 2000 1654.14
1.635 -3.83743 2000 1657.78
1.64 -3.81986 1999.96 1650.2
1.645 -3.77514 1999.94 1630.9
1.65 -3.70415 1999.95 1600.22
1.655 -3.60874 1999.96 1559
1.66 -3.49179 1999.97 1508.47
1.665 -3.3568 1999.97 1450.15
1.67 -3.2076 1999.98 1385.7
1.675 -3.04808 1999.98 1316.78
1.68 -2.88205 1999.99 1245.05
1.685 -2.71317 1999.99 1172.1
1.69 -2.54484 1999.99 1099.38
1.695 -2.38006 1999.99 1028.19
1.7 -2.2211 1999.99 959.517
1.705 -2.06914 2000 893.871
1.71 -1.92423 2000 831.272
1.715 -1.78552 2000 771.348
1.72 -1.65182 2000 713.586
1.725 -1.52209 2000 657.542
1.73 -1.39562 2000 602.908
1.735 -1.27186 2000 549.446
1.74 -1.15032 2000 496.94
1.745 -1.03056 2000 445.204
1.75 -0.912343 2000 394.133
1.755 -0.795589 2000 343.695
1.76 -0.680194 2000 293.844
1.765 -0.565766 2000 244.411
1.77 -0.451442 2000 195.023
1.775 -0.335912 2000 145.114
1.78 -0.217745 2000 94.0659
1.785 -0.0959658 2000 41.4574
1.79 0.0293609 2000 -12.6837
1.795 0.156828 2000 -67.7495
1.8 0.283814 2000 -122.608
1.805 0.407018 2000 -175.832
1.81 0.52317 2000 -226.009
1.815 0.629518 2000 -271.952
1.82 0.723965 2000 -312.753
1.825 0.804988 2000 -347.755
1.83 0.871667 2000 -376.56
1.835 0.923853 2000 -399.105
1.84 0.962413 2000 -415.762
1.845 0.989386 2000 -427.416
1.85 1.00786 2000 -435.397
1.855 1.02149 2000 -441.284
1.86 1.03381 2000 -446.605
1.865 1.04767 2000 -452.595
1.87 1.06504 2000 -460.096
1.875 1.08709 2000 -469.625
1.88 1.11445 2000 -481.442
1.885 1.14719 2000 -495.587
1.89 1.18496 2000 -511.905
1.895 1.22703 2000 -530.077
1.9 1.27248 2000 -549.71
1.905 1.32056 2000 -570.479
1.91 1.3709 2000 -592.229
1.915 1.42362 2000 -615.003
1.92 1.47902 1999.99 -638.939
1.925 1.5373 1999.99 -664.115
1.93 1.59825 1999.99 -690.446
1.935 1.66175 1999.98 -717.882
1.94 1.72833 1999.98 -746.647
1.945 1.79892 1999.96 -777.143
1.95 1.87366 1999.93 -809.44
1.955 1.95745 1999.91 -845.662
1.96 2.05517 1999.93 -887.873
1.965 2.1697 1999.94 -937.345
1.97 2.30303 1999.95 -994.942
1.975 2.45633 1999.95 -1061.17
1.98 2.63009 1999.96 -1136.24
1.985 2.82411 1999.96 -1220.06
1.99 3.03762 1999.97 -1312.3
1.995 3.26949 1999.97 -1412.47
2 3.51856 1999.98 -1520.07
2.005 3.78397 1999.98 -1634.74
2.01 4.06524 1999.98 -1756.25
2.015 4.362 1999.98 -1884.46
2.02 4.67361 1999.98 -2019.09
2.025 4.99877 1999.98 -2159.57
2.03 5.33526 1999.98 -2304.94
2.035 5.6799 1999.98 -2453.84
2.04 6.02874 1999.98 -2604.54
2.045 6.37728 1999.98 -2755.12
2.05 6.72076 1999.98 -2903.51
2.055 7.05448 1999.98 -3047.68
2.06 7.37425 1999.98 -3185.83
2.065 7.67718 1999.98 -3316.69
2.07 7.96216 1999.98 -3439.8
2.075 8.22984 1999.98 -3555.43
2.08 8.4818 1999.98 -3664.27
2.085 8.71956 1999.98 -3766.97
2.09 8.94381 1999.99 -3863.84
2.095 9.1542 1999.99 -3954.72
2.1 9.34983 1999.99 -4039.22
2.105 9.52995 1999.99 -4117.03
2.11 9.69459 1999.99 -4188.14
2.115 9.84466 1999.99 -4252.97
2.12 9.98192 1999.99 -4312.25
2.125 10.1085 1999.99 -4366.94
2.13 10.2268 1999.99 -4418.01
2.135 10.3387 1999.99 -4466.37
2.14 10.4463 2000 -4512.83
2.145 10.551 2000 -4558.07
2.15 10.6542 2000 -4602.65
2.155 10.7567 2000 -4646.92
2.16 10.8583 2000 -4690.83
2.165 10.9579 2000 -4733.82
2.17 11.0529 2000 -4774.87
2.175 11.1406 2000 -4812.76
2.18 11.2186 2000 -4846.45
2.185 11.2854 2000 -4875.3
2.19 11.3406 2000 -4899.14
2.195 11.3843 2000 -4918.04
2.2 11.417 2000 -4932.14
2.205 11.4384 2000 -4941.41
2.21 11.4483 2000 -4945.69
2.215 11.4457 1999.99 -4944.55
2.22 11.4283 1999.98 -4937.04
2.225 11.3959 1999.99 -4923.06
2.23 11.3486 1999.99 -4902.59
2.235 11.2863 1999.99 -4875.68
2.24 11.2092 1999.99 -4842.4
2.245 11.1179 1999.99 -4802.93
2.25 11.0133 2000 -4757.77
2.255 10.8978 2000 -4707.86
2.26 10.7744 2000 -4654.53
2.265 10.6467 2000 -4599.37
2.27 10.5179 2000 -4543.75
2.275 10.3903 2000 -4488.6
2.28 10.2644 2000 -4434.23
2.285 10.1401 2000 -4380.52
2.29 10.0167 2000 -4327.2
2.295 9.89361 2000 -4274.04
2.3 9.77069 2000 -4220.94
2.305 9.64755 2000 -4167.74
2.31 9.52355 2000 -4114.17
2.315 9.39746 2000 -4059.7
2.32 9.26757 2000 -4003.59
2.325 9.13189 2000 -3944.98
2.33 8.98832 2000 -3882.96
2.335 8.83461 2000 -3816.55
2.34 8.66796 2000 -3744.56
2.345 8.48465 2000 -3665.37
2.35 8.28012 2000 -3577.01
2.355 8.04956 2000 -3477.41
2.36 7.78878 2000 -3364.75
2.365 7.49492 2000 -3237.8
2.37 7.16665 2000 -3095.99
2.375 6.80419 2000 -2939.41
2.38 6.40918 2000 -2768.76
2.385 5.98468 2000 -2585.38
2.39 5.53495 2000 -2391.09
2.395 5.06501 2000 -2188.08
2.4 4.58007 2000 -1978.58
2.405 4.0847 2000 -1764.58
2.41 3.58226 2000 -1547.52
2.415 3.07467 2000 -1328.25
2.42 2.5628 2000 -1107.12
2.425 2.04686 2000 -884.229
2.43 1.5266 2000 -659.475
2.435 1.00135 2000 -432.566
2.44 0.470064 2000 -203.045
2.445 -0.0686194 2000 29.6749
2.45 -0.616395 1999.99 266.318
2.455 -1.17495 1999.99 507.622
2.46 -1.74546 1999.98 754.101
2.465 -2.32864 1999.96 1006.06
2.47 -2.92384 1999.93 1263.23
2.475 -3.52753 1999.82 1524.1
2.48 -4.13395 1999.66 1786.1
2.485 -4.71454 1999.24 2037.12
2.49 -5.2852 1999.09 2283.98
2.495 -5.85904 1999.24 2531.8
2.5 -6.43321 1999.36 2779.8
2.505 -7.00479 1999.47 3026.69
2.51 -7.57041 1999.56 3271.01
2.515 -8.12666 1999.63 3511.3
2.52 -8.67044 1999.69 3746.19
2.525 -9.19907 1999.74 3974.54
2.53 -9.7104 1999.78 4195.42
2.535 -10.2027 1999.81 4408.06
2.54 -10.6743 1999.84 4611.76
2.545 -11.1237 1999.87 4805.89
2.55 -11.5496 1999.88 4989.88
2.555 -11.9511 1999.9 5163.28
2.56 -12.3274 1999.92 5325.82
2.565 -12.6783 1999.93 5477.39
2.57 -13.004 1999.94 5618.03
2.575 -13.3049 1999.95 5748
2.58 -13.5823 1999.95 5867.83
2.585 -13.8383 1999.96 5978.39
2.59 -14.0755 1999.97 6080.84
2.595 -14.2972 1999.97 6176.58
2.6 -14.5066 1999.97 6267.03
2.605 -14.7066 1999.98 6353.42
2.61 -14.8991 1999.98 6436.54
2.615 -15.0846 1999.98 6516.65
2.62 -15.2624 1999.99 6593.46
2.625 -15.431 1999.99 6666.28
2.63 -15.5883 1999.99 6734.24
2.635 -15.7322 1999.99 6796.37
2.64 -15.8602 1999.99 6851.66
2.645 -15.97 1999.99 6899.11
2.65 -16.0592 1999.99 6937.63
2.655 -16.1251 1999.99 6966.1
2.66 -16.1651 2000 6983.36
2.665 -16.1766 2000 6988.31
2.67 -16.1538 1999.95 6978.56
2.675 -16.0933 1999.91 6952.5
2.68 -15.9946 1999.93 6909.84
2.685 -15.8582 1999.94 6850.87
2.69 -15.687 1999.95 6776.9
2.695 -15.4866 1999.96 6690.31
2.7 -15.2648 1999.97 6594.45
2.705 -15.0305 1999.97 6493.25
2.71 -14.7933 1999.98 6390.74
2.715 -14.5613 1999.98 6290.51
2.72 -14.3411 1999.99 6195.4
2.725 -14.1373 1999.99 6107.34
2.73 -13.952 1999.99 6027.3
2.735 -13.7856 1999.99 5955.37
2.74 -13.6363 1999.99 5890.9
2.745 -13.5014 2000 5832.6
2.75 -13.3771 2000 5778.91
2.755 -13.2597 2000 5728.21
2.76 -13.1461 2000 5679.11
2.765 -13.0339 2000 5630.64
2.77 -12.9218 2000 5582.24
2.775 -12.8095 2000 5533.71
2.78 -12.6971 2000 5485.13
2.785 -12.5851 2000 5436.78
2.79 -12.4746 2000 5389.04
2.795 -12.3666 2000 5342.36
2.8 -12.2622 2000 5297.26
2.805 -12.1626 2000 5254.26
2.81 -12.0693 2000 5213.96
2.815 -11.9837 2000 5176.97
2.82 -11.9075 2000 5144.05
2.825 -11.8429 2000 5116.12
2.83 -11.7924 2000 5094.32
2.835 -11.7592 2000 5079.96
2.84 -11.7464 2000 5074.46
2.845 -11.7575 2000 5079.22
2.85 -11.7953 2000 5095.57
2.855 -11.8629 2000 5124.76
2.86 -11.9629 2000 5167.96
2.865 -12.0977 2000 5226.22
2.87 -12.2692 2000 5300.31
2.875 -12.4784 2000 5390.68
2.88 -12.7258 2000 5497.52
2.885 -13.0114 2000 5620.92
2.89 -13.3358 2000 5761.08
2.895 -13.7002 2000 5918.51
2.9 -14.1065 2000 6094.01
2.905 -14.5569 2000 6288.6
2.91 -15.0537 2000 6503.21
2.915 -15.5982 2000 6738.42
2.92 -16.1865 1999.93 6992.71
2.925 -16.7382 1999.27 7232.54
2.93 -17.3305 1999.35 7488.23
2.935 -17.961 1999.46 7760.49
2.94 -18.6289 1999.55 8048.94
2.945 -19.3335 1999.62 8353.25
2.95 -20.0746 1999.67 8673.41
2.955 -20.8533 1999.72 9009.84
2.96 -21.6715 1999.75 9363.35
2.965 -22.5317 1999.77 9735.04
2.97 -23.4175 1999.87 10120.4
2.975 -24.3496 1999.93 10524.7
2.98 -25.3152 2000.02 10944.4
2.985 -26.304 2000.2 11376.4
2.99 -27.3308 2000.29 11822.4
2.995 -28.3578 2000.62 12269.5
3 -29.3709 2001.04 12715.1
3.005 -30.3942 2001.36 13161.7
3.01 -31.4448 2001.46 13615.1
3.015 -32.4013 2001.83 14032.2
3.02 -33.4185 2001.42 14465.8
3.025 -34.4604 2001.09 14911.3
3.03 -35.3965 2002.02 15324.3
3.035 -36.3612 2002.26 15742.9
3.04 -37.3689 2001.75 16172.7
3.045 -38.357 2001.75 16597.9
3.05 -39.2786 2002.08 16999.7
3.055 -40.2009 2001.9 17399.4
3.06 -41.0852 2002.06 17787.9
3.065 -41.9743 2002.05 18174
3.07 -42.7867 2002.42 18528.4
3.075 -43.5564 2002.55 18866
3.08 -44.3044 2002.62 19192.4
3.085 -45.0192 2002.52 19501.5
3.09 -45.6511 2002.96 19781.9
3.095 -46.2577 2003.31 20045.8
3.1 -46.8206 2003.33 20287.9
3.105 -47.3443 2003.05 20510.6
3.11 -47.8462 2002.69 20722.7
3.115 -48.3244 2002.36 20925.1
3.12 -48.7757 2001.89 21118.3
3.125 -49.1913 2001.87 21294
3.13 -49.5653 2001.53 21455.5
3.135 -49.886 2001.26 21599.5
3.14 -50.1633 2000.83 21725.5
3.145 -50.3199 2000.6 21810.2
3.15 -50.2783 2000.18 21829.1
3.155 -50.1061 1999.1 21783.5
3.16 -49.6963 1997.34 21631.4
3.165 -49.3269 1997.4 21462.3
3.17 -48.9263 1997.74 21272.4
3.175 -48.4036 1997.25 21042.1
3.18 -47.8687 1996.91 20794
3.185 -47.3555 1997.44 20545.6
3.19 -46.7786 1997.46 20285.4
3.195 -46.1819 1997.6 20014.9
3.2 -45.5032 1997.16 19719.5
3.205 -45.056 1998.55 19482.4
3.21 -44.6905 2000.02 19283.1
3.215 -44.2076 1999.86 19076.9
3.22 -43.6997 1999.53 18864.5
3.225 -43.2741 1999.89 18672.3
3.23 -42.8997 2000.24 18502.9
3.235 -42.4679 1999.69 18325.2
3.24 -42.0269 1999.3 18142
3.245 -41.5718 1998.9 17951.8
3.25 -41.0861 1998.23 17749.7
3.255 -40.6165 1998.06 17547.7
3.26 -40.2034 1998.43 17363.9
3.265 -40.1493 2000.7 17285.4
3.27 -40.0471 2001.65 17219.9
3.275 -39.8153 2000.49 17140.2
3.28 -39.6689 2000.36 17080
3.285 -39.6884 2001.25 17077.9
3.29 -39.6385 2000.84 17070
3.295 -39.5794 2000.06 17057.4
3.3 -39.5278 1999.63 17044.8
3.305 -39.4839 1999.54 17032.4
3.31 -39.4164 1998.78 17012.1
3.315 -39.3701 1998.73 16995.8
3.32 -39.3547 1999.3 16988.5
3.325 -39.327 1999.33 16979.3
3.33 -39.2998 1999.35 16969.8
3.335 -39.2731 1999.36 16960.1
3.34 -39.2466 1999.36 16950.1
3.345 -39.2203 1999.36 16940
3.35 -39.1942 1999.36 16929.7
3.355 -39.1682 1999.36 16919.3
3.36 -39.1425 1999.35 16908.8
3.365 -39.1172 1999.35 16898.4
3.37 -39.0923 1999.35 16888.1
3.375 -39.068 1999.36 16877.9
3.38 -39.0396 1999.17 16866.6
3.385 -39.0084 1998.98 16853.9
3.39 -38.9825 1999.1 16842.5
3.395 -38.9586 1999.21 16832
3.4 -38.9373 1999.3 16822.6
3.405 -38.9148 1999.15 16813.1
3.41 -38.892 1999.04 16803.6
3.415 -38.8738 1999.19 16795.5
3.42 -38.8607 1999.29 16789.6
3.425 -38.8536 1999.41 16786.3
3.43 -38.8521 1999.54 16785.5
3.435 -38.7602 1998.06 16758.2
3.44 -38.6412 1997.01 16713.3
3.445 -38.5271 1997.47 16658.9
3.45 -38.3807 1997.78 16590.1
3.455 -38.2149 1997.97 16512.1
3.46 -38.0413 1998.1 16430.2
3.465 -37.8664 1998.17 16348.2
3.47 -37.6905 1998.29 16267.6
3.475 -37.5101 1998.51 16186.9
3.48 -37.329 1998.58 16106.8
3.485 -37.1464 1998.66 16027.4
3.49 -36.9612 1998.71 15947.8
3.495 -36.7659 1999.39 15865.8
3.5 -36.5407 2000.42 15771.8
3.505 -36.2968 2000.22 15667.7
3.51 -36.0453 2000.1 15560.3
3.515 -35.7856 2000.03 15449.3
3.52 -35.5171 1999.97 15334.4
3.525 -35.2396 1999.91 15215.6
3.53 -34.9572 1999.75 15094.3
3.535 -34.6715 1999.78 14969.9
3.54 -34.3766 1999.31 14842
3.545 -34.0812 1998.73 14715
3.55 -33.7793 1999.22 14587.1
3.555 -33.4238 2000.59 14438.1
3.56 -33.0502 2000.2 14276.7
3.565 -32.6727 1999.94 14113.4
3.57 -32.2899 1999.51 13947.8
3.575 -31.9087 1998.56 13782.3
3.58 -31.4933 2000.21 13609.3
3.585 -31.0511 2001.45 13422.3
3.59 -30.5986 2000.72 13223.9
3.595 -30.1479 2000.17 13025.2
3.6 -29.6816 1999.41 12823.5
3.605 -29.2276 1998.46 12625.9
3.61 -28.7991 1997.16 12438.2
3.615 -28.3577 1997.5 12252.4
3.62 -27.8253 2001.25 12041
3.625 -27.1799 2003.75 11775
3.63 -26.2767 2003.8 11395.7
3.635 -25.1439 2005.51 10931.4
3.64 -23.748 2009.27 10356.8
3.645 -22.0642 2009.73 9638.29
3.65 -20.0945 2011.46 8807
3.655 -17.6457 2015.9 7807.3
3.66 -15.0381 2016.35 6696.11
3.665 -12.1489 2015.15 5442.14
3.67 -8.95616 2014.75 4064.79
3.675 -5.65983 2013.45 2629.79
3.68 -2.36901 2010.89 1179.4
3.685 1.12605 2009.2 -342.651
3.69 4.86783 2008.21 -1947.3
3.695 9.04182 2008.2 -3700.66
3.7 13.6377 2007.52 -5632.66
3.705 18.5126 2004.25 -7682.96
3.71 23.0211 2002.95 -9668.65
3.715 27.032 2004.44 -11505.4
3.72 30.496 2007.3 -13100.4
3.725 33.4911 2009.9 -14484.6
3.73 36.2641 2011.17 -15739.1
3.735 38.7896 2011.92 -16874.2
3.74 41.0892 2012.47 -17897.3
3.745 43.1 2013.4 -18805.6
3.75 44.9327 2013.25 -19608
3.755 46.5687 2012.71 -20303
3.76 47.9953 2012.64 -20905.8
3.765 49.1702 2012.04 -21408
3.77 50.0056 2010.87 -21791.7
3.775 50.1286 2008.03 -21959.7
3.78 48.8279 1999.85 -21647.7
3.785 47.3443 1992.65 -21069.3
3.79 45.9751 1990.72 -20396.2
3.795 44.4764 1990.04 -19658.4
3.8 43.7704 1994.25 -19130.7
3.805 42.9407 1996.61 -18642.9
3.81 42.1031 1997.08 -18224.8
3.815 41.0321 1994.75 -17769.8
3.82 40.0604 1994.53 -17335.9
3.825 40.094 2000.35 -17187.4
3.83 40.0541 2002.94 -17088.4
3.835 39.9834 2002.02 -17060.6
3.84 39.7673 1999.42 -17017.7
3.845 39.6226 1999.07 -16984.9
3.85 39.5266 1999.59 -16963.2
3.855 39.4092 1998.97 -16936
3.86 39.2948 1998.35 -16906
3.865 39.172 1997.39 -16870
3.87 39.0181 1995.9 -16819.5
3.875 38.8622 1995.27 -16762.9
3.88 38.6595 1993.49 -16688.4
3.885 38.4612 1995.21 -16608.8
3.89 38.272 2006.2 -16510.3
3.895 38.0302 2012.16 -16399
3.9 37.7925 2008.43 -16305.3
3.905 37.6473 2008.67 -16233.8
3.91 37.4622 2006.44 -16155
3.915 36.9764 1991.08 -15981.1
3.92 36.3329 1988.54 -15717.5
3.925 34.9648 1967.73 -15131.8
3.93 0.138927 -26.1284 -49.036
