0.1 2.04519e-31 200 6.66134e-14
0.2 5.84341e-32 400 1.19016e-13
0.3 6.42776e-31 600 1.97176e-13
0.4 -2.33737e-31 800 -4.76064e-13
0.5 2.33737e-31 1000 -2.98428e-13
0.6 -1.45355e-30 1200 2.66454e-14
0.7 -7.0121e-31 1400 6.60805e-13
0.8 4.67473e-31 1600 5.41789e-13
0.9 1.40242e-30 1800 -7.70939e-13
1 3.15544e-30 2000 -3.0731e-13
0.005 -0.00108161 2000 0.468879
0.01 -0.00540004 2000 2.33574
0.015 -0.0140223 2000 6.05997
0.02 -0.0269337 2000 11.6373
0.025 -0.0441182 2000 19.0607
0.03 -0.0655592 2000 28.323
0.035 -0.0912389 2000 39.4165
0.04 -0.121139 2000 52.3334
0.045 -0.155241 2000 67.0654
0.05 -0.193524 2000 83.6039
0.055 -0.235968 2000 101.94
0.06 -0.282551 2000 122.064
0.065 -0.333253 2000 143.967
0.07 -0.388052 2000 167.641
0.075 -0.446931 2000 193.077
0.08 -0.509869 2000 220.267
0.085 -0.576848 2000 249.202
0.09 -0.647847 2000 279.874
0.095 -0.722843 2000 312.273
0.1 -0.801813 2000 346.389
0.105 -0.884733 2000 382.211
0.11 -0.971572 2000 419.726
0.115 -1.0623 2000 458.919
0.12 -1.15687 2000 499.775
0.125 -1.25526 2000 542.281
0.13 -1.35745 2000 586.43
0.135 -1.46344 2000 632.215
0.14 -1.57319 2000 679.631
0.145 -1.6867 2000 728.668
0.15 -1.80394 2000 779.316
0.155 -1.92488 2000 831.561
0.16 -2.04947 2000 885.387
0.165 -2.17769 2000 940.778
0.17 -2.3095 2000 997.723
0.175 -2.44489 2000 1056.21
0.18 -2.58381 2000 1116.23
0.185 -2.7262 2000 1177.74
0.19 -2.87201 2000 1240.73
0.195 -3.02118 2000 1305.18
0.2 -3.1737 2000 1371.07
0.205 -3.32955 2000 1438.39
0.21 -3.48874 2000 1507.17
0.215 -3.65126 2000 1577.38
0.22 -3.8171 2000 1649.02
0.225 -3.98624 2000 1722.09
0.23 -4.15863 2000 1796.57
0.235 -4.33425 2000 1872.44
0.24 -4.51307 2000 1949.69
0.245 -4.69505 2000 2028.3
0.25 -4.88014 2000 2108.27
0.255 -5.06829 2000 2189.55
0.26 -5.25939 2000 2272.1
0.265 -5.45337 1999.99 2355.91
0.27 -5.65024 1999.99 2440.96
0.275 -5.85002 1999.99 2527.26
0.28 -6.05272 1999.99 2614.83
0.285 -6.25832 1999.99 2703.65
0.29 -6.46676 1999.99 2793.7
0.295 -6.67799 1999.99 2884.96
0.3 -6.8919 1999.99 2977.37
0.305 -7.10838 1999.99 3070.89
0.31 -7.32734 1999.99 3165.48
0.315 -7.5487 1999.99 3261.11
0.32 -7.77244 1999.99 3357.77
0.325 -7.99849 1999.99 3455.43
0.33 -8.22675 1999.99 3554.04
0.335 -8.45714 1999.99 3653.57
0.34 -8.68967 1999.99 3754.02
0.345 -8.92431 1999.99 3855.39
0.35 -9.16108 1999.99 3957.68
0.355 -9.39998 1999.99 4060.88
0.36 -9.64106 1999.99 4165.03
0.365 -9.88437 1999.99 4270.14
0.37 -10.1299 1999.99 4376.23
0.375 -10.3778 1999.99 4483.3
0.38 -10.6278 1999.99 4591.32
0.385 -10.88 1999.99 4700.27
0.39 -11.1342 1999.99 4810.1
0.395 -11.3903 1999.99 4920.74
0.4 -11.6482 1999.99 5032.13
0.405 -11.9077 1999.99 5144.22
0.41 -12.1687 1999.99 5256.99
0.415 -12.4312 1999.99 5370.41
0.42 -12.6952 1999.99 5484.46
0.425 -12.9607 1999.99 5599.13
0.43 -13.2275 1999.99 5714.42
0.435 -13.496 1999.99 5830.38
0.44 -13.766 1999.99 5947.03
0.445 -14.0377 1999.99 6064.4
0.45 -14.3109 1999.99 6182.44
0.455 -14.5855 1999.99 6301.07
0.46 -14.8613 1999.99 6420.19
0.465 -15.1379 1999.99 6539.68
0.47 -15.415 1999.99 6659.42
0.475 -15.6926 1999.99 6779.34
0.48 -15.9705 1999.99 6899.41
0.485 -16.2488 1999.99 7019.6
0.49 -16.5272 1999.99 7139.9
0.495 -16.8059 1999.99 7260.28
0.5 -17.0847 1999.99 7380.72
0.505 -17.3637 1999.99 7501.25
0.51 -17.6431 1999.99 7621.95
0.515 -17.923 1999.99 7742.88
0.52 -18.2036 1999.99 7864.08
0.525 -18.4848 1999.99 7985.58
0.53 -18.7667 1999.99 8107.37
0.535 -19.0493 1999.99 8229.43
0.54 -19.3322 1999.99 8351.67
0.545 -19.6155 1999.99 8474.04
0.55 -19.8989 1999.99 8596.48
0.555 -20.1823 1999.99 8718.88
0.56 -20.4653 1999.99 8841.13
0.565 -20.7477 1999.99 8963.16
0.57 -21.0296 1999.99 9084.92
0.575 -21.3107 1999.99 9206.38
0.58 -21.5912 1999.99 9327.54
0.585 -21.8709 1999.99 9448.36
0.59 -22.1497 1999.99 9568.82
0.595 -22.4277 1999.99 9688.92
0.6 -22.705 1999.99 9808.69
0.605 -22.9744 2000.02 9926.04
0.61 -23.2444 2000.03 10043.1
0.615 -23.5161 2000.02 10160.2
0.62 -23.7869 2000.01 10277
0.625 -24.0567 2000.01 10393.3
0.63 -24.3253 2000 10509.2
0.635 -24.5884 2000.02 10623.4
0.64 -24.849 2000.03 10736.4
0.645 -25.1115 2000.02 10849.5
0.65 -25.3738 2000.02 10962.6
0.655 -25.6362 2000.01 11075.7
0.66 -25.8988 2000.01 11189
0.665 -26.1582 2000.02 11301.4
0.67 -26.4082 2000.05 11410.4
0.675 -26.6617 2000.04 11519.5
0.68 -26.9129 2000.03 11627.8
0.685 -27.161 2000.02 11734.7
0.69 -27.4051 2000.02 11840
0.695 -27.6338 2000.09 11939.6
0.7 -27.8547 2000.13 12035.6
0.705 -28.0753 2000.1 12130.4
0.71 -28.2922 2000.08 12223.8
0.715 -28.5061 2000.06 12315.9
0.72 -28.7146 2000.06 12406.1
0.725 -28.9138 2000.08 12492.8
0.73 -29.1136 2000.07 12578.7
0.735 -29.3099 2000.05 12663.3
0.74 -29.5028 2000.04 12746.3
0.745 -29.6823 2000.1 12824.5
0.75 -29.8567 2000.13 12900.2
0.755 -30.0297 2000.1 12974.5
0.76 -30.1991 2000.08 13047.4
0.765 -30.3656 2000.07 13119.1
0.77 -30.5298 2000.05 13189.8
0.775 -30.6923 2000.04 13259.9
0.78 -30.854 2000.03 13329.6
0.785 -31.0155 2000.02 13399.2
0.79 -31.177 2000.02 13468.9
0.795 -31.3386 2000.01 13538.7
0.8 -31.4966 2000.03 13607.3
0.805 -31.6398 2000.15 13670.6
0.81 -31.779 2000.2 13731.1
0.815 -31.9192 2000.16 13791.2
0.82 -32.0566 2000.13 13850.2
0.825 -32.1909 2000.1 13907.9
0.83 -32.3219 2000.08 13964.2
0.835 -32.4493 2000.06 14019
0.84 -32.5729 2000.05 14072.3
0.845 -32.6924 2000.04 14123.8
0.85 -32.808 2000.03 14173.6
0.855 -32.9195 2000.02 14221.7
0.86 -33.0267 2000.02 14267.9
0.865 -33.1293 2000.01 14312.2
0.87 -33.2269 2000.01 14354.3
0.875 -33.319 2000.01 14394
0.88 -33.4055 2000.01 14431.3
0.885 -33.4863 2000 14466.2
0.89 -33.5615 2000 14498.7
0.895 -33.6311 2000 14528.7
0.9 -33.6953 2000 14556.4
0.905 -33.7541 2000 14581.9
0.91 -33.8076 2000 14605
0.915 -33.8558 2000 14625.8
0.92 -33.8988 2000 14644.3
0.925 -33.937 2000 14660.8
0.93 -33.9709 2000 14675.5
0.935 -34.0008 2000 14688.4
0.94 -34.0269 2000 14699.7
0.945 -34.0495 2000 14709.4
0.95 -34.0686 2000 14717.7
0.955 -34.0842 2000 14724.4
0.96 -34.0962 2000 14729.6
0.965 -34.1044 2000 14733.1
0.97 -34.1085 2000 14734.9
0.975 -34.1075 2000 14734.5
0.98 -34.0996 1999.99 14731.1
0.985 -34.0846 1999.99 14724.6
0.99 -34.0621 1999.99 14714.9
0.995 -34.032 1999.99 14701.9
1 -33.9947 2000 14685.7
1.005 -33.9504 2000 14666.6
1.01 -33.8997 2000 14644.7
1.015 -33.8425 2000 14620
1.02 -33.779 2000 14592.5
1.025 -33.7091 2000 14562.4
1.03 -33.6327 2000 14529.3
1.035 -33.5494 2000 14493.3
1.04 -33.4584 2000 14454
1.045 -33.3591 2000 14411.1
1.05 -33.2508 2000 14364.3
1.055 -33.133 2000 14313.4
1.06 -33.0052 2000 14258.3
1.065 -32.867 2000 14198.5
1.07 -32.7182 2000 14134.2
1.075 -32.5589 2000 14065.4
1.08 -32.3898 2000 13992.4
1.085 -32.2111 2000 13915.2
1.09 -32.0231 2000 13833.9
1.095 -31.8259 2000 13748.7
1.1 -31.6198 2000 13659.7
1.105 -31.4048 2000 13566.8
1.11 -31.1806 2000 13469.9
1.115 -30.927 2000.15 13362.2
1.12 -30.6494 2000.28 13244.4
1.125 -30.3653 2000.26 13121.7
1.13 -30.0729 2000.21 12994.6
1.135 -29.7684 2000.17 12862.4
1.14 -29.4517 2000.13 12725.1
1.145 -29.1233 2000.11 12582.8
1.15 -28.7843 2000.09 12436
1.155 -28.4132 2000.22 12277.5
1.16 -28.0356 2000.26 12114.9
1.165 -27.6534 2000.21 11949.1
1.17 -27.2479 2000.24 11775.4
1.175 -26.8323 2000.25 11596.4
1.18 -26.4125 2000.2 11414.1
1.185 -25.9508 2000.35 11216.7
1.19 -25.4788 2000.39 11013.2
1.195 -24.9975 2000.31 10804
1.2 -24.4986 2000.25 10587.4
1.205 -23.9508 2000.35 10354.2
1.21 -23.3956 2000.35 10115.1
1.215 -22.833 2000.29 9870.41
1.22 -22.2479 2000.27 9617.45
1.225 -21.6461 2000.25 9357.44
1.23 -21.0393 2000.2 9094.07
1.235 -20.4207 2000.18 8826.3
1.24 -19.7841 2000.18 8551.71
1.245 -19.1458 2000.15 8274.97
1.25 -18.4994 2000.12 7994.95
1.255 -17.8435 2000.09 7710.95
1.26 -17.176 2000.07 7422.08
1.265 -16.4947 2000.06 7127.35
1.27 -15.7975 2000.04 6825.85
1.275 -15.0826 2000.03 6516.75
1.28 -14.3484 2000.03 6199.35
1.285 -13.5938 2000.02 5873.21
1.29 -12.8186 2000.01 5538.18
1.295 -12.0229 2000.01 5194.33
1.3 -11.2071 2000 4841.86
1.305 -10.3725 1999.99 4481.2
1.31 -9.5195 1999.98 4112.65
1.315 -8.64879 1999.98 3736.49
1.32 -7.76119 1999.97 3353.04
1.325 -6.85813 1999.96 2962.88
1.33 -5.94072 1999.95 2566.57
1.335 -5.01075 1999.94 2164.84
1.34 -4.07062 1999.92 1758.68
1.345 -3.12221 1999.88 1348.93
1.35 -2.16634 1999.82 936.104
1.355 -1.20575 1999.75 521.31
1.36 -0.241809 1999.65 105.214
1.365 0.726036 1999.6 -312.715
1.37 1.69604 1999.49 -730.915
1.375 2.64852 1999.13 -1140.74
1.38 3.56018 1998.91 -1537.77
1.385 4.47856 1999.03 -1936.24
1.39 5.40866 1999.19 -2337.92
1.395 6.34398 1999.31 -2741.9
1.4 7.28445 1999.41 -3148.13
1.405 8.22997 1999.49 -3556.57
1.41 9.18042 1999.56 -3967.15
1.415 10.1357 1999.61 -4379.84
1.42 11.096 1999.65 -4794.67
1.425 12.0615 1999.69 -5211.81
1.43 13.0331 1999.71 -5631.57
1.435 14.0116 1999.73 -6054.28
1.44 14.9974 1999.75 -6480.2
1.445 15.9909 1999.76 -6909.4
1.45 16.9921 1999.77 -7341.95
1.455 18.0014 1999.78 -7777.99
1.46 19.0192 1999.78 -8217.75
1.465 20.0459 1999.78 -8661.32
1.47 21.0585 1999.88 -9101.87
1.475 22.0779 1999.93 -9543.94
1.48 23.0828 2000.03 -9981.18
1.485 24.0619 2000.24 -10409.9
1.49 25.0459 2000.31 -10836.6
1.495 26.0437 2000.24 -11265.3
1.5 26.941 2000.63 -11659.7
1.505 27.8572 2000.62 -12055.6
1.51 28.7621 2000.66 -12445.3
1.515 29.5548 2001.42 -12795.5
1.52 30.3287 2001.68 -13132.3
1.525 31.133 2001.32 -13474.3
1.53 31.9386 2001.02 -13818.1
1.535 32.6942 2001.28 -14145.3
1.54 33.4029 2001.58 -14454.9
1.545 34.1309 2001.32 -14767
1.55 34.8644 2001.02 -15080.1
1.555 35.5968 2000.78 -15393.5
1.56 36.3027 2000.89 -15698
1.565 36.9762 2001.06 -15989.2
1.57 37.6528 2000.85 -16279.9
1.575 38.3094 2000.78 -16564.2
1.58 38.9731 2000.61 -16849.3
1.585 39.6059 2000.69 -17125.5
1.59 40.2304 2000.71 -17396.6
1.595 40.8407 2000.97 -17659.3
1.6 41.4123 2001.32 -17910.7
1.605 41.9719 2001.39 -18156
1.61 42.5238 2001.38 -18395.9
1.615 43.0563 2001.35 -18626.7
1.62 43.5897 2001.15 -18854.8
1.625 44.0834 2001.17 -19069.2
1.63 44.5692 2001.07 -19278.2
1.635 45.0092 2001.31 -19468.1
1.64 45.4509 2001.12 -19654
1.645 45.8391 2001.31 -19822.6
1.65 46.2182 2001.26 -19983.5
1.655 46.5559 2001.27 -20132.6
1.66 46.8931 2001.13 -20278.6
1.665 47.2223 2001.02 -20419.6
1.67 47.539 2000.95 -20555
1.675 47.8471 2000.74 -20687.3
1.68 48.1459 2001.06 -20812.4
1.685 48.4237 2001.13 -20931.8
1.69 48.69 2000.92 -21046.6
1.695 48.9445 2000.69 -21157.8
1.7 49.1784 2000.63 -21262.5
1.705 49.3962 2000.55 -21359.9
1.71 49.6024 2000.37 -21450.7
1.715 49.7501 2000.31 -21522.8
1.72 49.875 2000.34 -21582.4
1.725 49.9724 2000.24 -21628.1
1.73 49.9626 1999.85 -21640.7
1.735 49.8991 1999.38 -21624.9
1.74 49.69 1998.27 -21553.6
1.745 49.4224 1997.69 -21446.8
1.75 49.197 1998.26 -21333.7
1.755 48.9474 1998.81 -21212.7
1.76 48.6577 1998.77 -21080.5
1.765 48.3039 1998.64 -20925.3
1.77 47.9528 1998.65 -20765.3
1.775 47.5933 1998.66 -20600.2
1.78 47.217 1998.73 -20430.8
1.785 46.8499 1999.19 -20261.9
1.79 46.4705 1999.49 -20090.8
1.795 46.0646 1999.37 -19913.9
1.8 45.6236 1999.06 -19725.5
1.805 45.2205 1999.13 -19545.3
1.81 44.9761 1999.86 -19419.2
1.815 44.6709 1999.76 -19290.4
1.82 44.3735 1999.86 -19161.5
1.825 44.0744 1999.93 -19032
1.83 43.7691 1999.85 -18900.3
1.835 43.4566 1999.77 -18766.4
1.84 43.2485 2000.44 -18662.2
1.845 43.023 2000.68 -18560.2
1.85 42.7666 2000.43 -18455.3
1.855 42.5074 2000.17 -18348.3
1.86 42.2437 1999.9 -18238.6
1.865 41.9771 1999.74 -18126.8
1.87 41.7054 1999.6 -18012.2
1.875 41.4276 1999.46 -17894.6
1.88 41.1357 1999.19 -17771.6
1.885 40.8446 1999.08 -17646.8
1.89 40.6073 1999.46 -17539.2
1.895 40.3449 1999.35 -17427.9
1.9 40.0761 1999.23 -17313.6
1.905 39.7997 1999.11 -17195.8
1.91 39.5819 1999.42 -17093.1
1.915 39.5356 2000.32 -17052.4
1.92 39.4171 2000.1 -17007.2
1.925 39.2976 1999.92 -16960.5
1.93 39.157 1999.49 -16905.7
1.935 39.0212 1999.39 -16849.9
1.94 39.0189 2000.29 -16830.7
1.945 39.0266 2000.76 -16824.9
1.95 38.9908 2000.54 -16816.4
1.955 38.9575 2000.37 -16807.7
1.96 38.9259 2000.22 -16798.6
1.965 38.8954 2000.09 -16789.1
1.97 38.8841 2000.35 -16784.5
1.975 38.8644 2000.17 -16778.3
1.98 38.8386 1999.86 -16770.6
1.985 38.8183 1999.83 -16763.5
1.99 38.7982 1999.81 -16756.1
1.995 38.7781 1999.78 -16748.5
2 38.7577 1999.75 -16740.6
2.005 38.7371 1999.73 -16732.5
2.01 38.716 1999.7 -16723.9
2.015 38.6943 1999.68 -16715.1
2.02 38.6719 1999.65 -16705.9
2.025 38.6486 1999.62 -16696.2
2.03 38.6243 1999.58 -16686
2.035 38.5988 1999.54 -16675.3
2.04 38.5717 1999.5 -16663.9
2.045 38.5423 1999.42 -16651.5
2.05 38.4984 1999.04 -16633.9
2.055 38.4566 1999.07 -16615.8
2.06 38.4035 1998.54 -16593.9
2.065 38.3286 1997.86 -16563.4
2.07 38.2431 1998.26 -16526.9
2.075 38.1494 1998.52 -16486.9
2.08 38.0372 1997.71 -16439.3
2.085 37.9988 2003.45 -16411.6
2.09 37.9656 2006.46 -16390.6
2.095 37.9027 2004.96 -16365.9
2.1 37.8387 2003.82 -16340.3
2.105 37.7726 2002.9 -16313.4
2.11 37.6872 2001.46 -16280.1
2.115 37.5995 2000.61 -16244
2.12 37.5002 1999.99 -16202
2.125 37.3923 1999.55 -16155.9
2.13 37.272 1999.04 -16104.6
2.135 37.1555 1997.88 -16051.5
2.14 37.0389 1997.09 -15999.1
2.145 36.747 1993.79 -15888
2.15 0.0535967 -16.1676 -24.6171
