0.1 -1.38781e-31 200 -1.59872e-14 1.38781e-31 -200 1.59872e-14
0.2 -4.9669e-31 400 -1.08358e-13 4.9669e-31 -400 1.08358e-13
0.3 6.13558e-31 600 7.01661e-14 -6.13558e-31 -600 -7.01661e-14
0.4 1.38781e-30 800 -5.50671e-14 -1.38781e-30 -800 5.50671e-14
0.5 -1.16868e-31 1000 1.29674e-13 1.16868e-31 -1000 -1.29674e-13
0.6 -1.05181e-30 1200 -4.12115e-13 1.05181e-30 -1200 4.12115e-13
0.7 -1.40242e-30 1400 -3.57936e-13 1.40242e-30 -1400 3.57936e-13
0.8 -4.67473e-31 1600 5.51559e-13 4.67473e-31 -1600 -5.51559e-13
0.9 8.18078e-31 1800 -3.54383e-13 -8.18078e-31 -1800 3.54383e-13
1 -4.67473e-30 2000 -6.66134e-13 4.67473e-30 -2000 6.66134e-13
0.005 -0.00116362 2000 0.50447 0.00116362 -2000 -0.0017842
0.01 -0.00580941 2000 2.51286 0.00580941 -2000 -0.00319016
0.015 -0.0150851 2000 6.5193 0.0150851 -2000 -0.00253405
0.02 -0.0289748 2000 12.5192 0.0289748 -2000 -0.00206826
0.025 -0.0474609 2000 20.5049 0.0474609 -2000 -0.0017389
0.03 -0.0705254 2000 30.4685 0.0705254 -2000 -0.00152643
0.035 -0.0981488 2000 42.4017 0.0981488 -2000 -0.00142186
0.04 -0.130311 2000 56.2958 0.130311 -2000 -0.00141868
0.045 -0.166991 2000 72.1417 0.166991 -2000 -0.00151246
0.05 -0.208167 2000 89.9299 0.208167 -2000 -0.0017004
0.055 -0.253816 2000 109.65 0.253816 -2000 -0.00198102
0.06 -0.303913 2000 131.293 0.303913 -2000 -0.00235387
0.065 -0.358436 2000 154.847 0.358436 -2000 -0.00281939
0.07 -0.417361 2000 180.303 0.417361 -2000 -0.00337826
0.075 -0.480666 2000 207.652 0.480666 -2000 -0.00395954
0.08 -0.548331 2000 236.883 0.548331 -2000 -0.00456757
0.085 -0.620332 2000 267.989 0.620332 -2000 -0.00527542
0.09 -0.696646 2000 300.957 0.696646 -2000 -0.0060829
0.095 -0.777245 2000 335.777 0.777245 -2000 -0.00698937
0.1 -0.862105 2000 372.437 0.862105 -2000 -0.00799457
0.105 -0.951195 2000 410.925 0.951195 -2000 -0.00909724
0.11 -1.04448 2000 451.227 1.04448 -2000 -0.0102961
0.115 -1.14193 2000 493.324 1.14193 -2000 -0.0115892
0.12 -1.24349 2000 537.199 1.24349 -2000 -0.0129735
0.125 -1.34913 2000 582.837 1.34913 -2000 -0.0144461
0.13 -1.45882 2000 630.228 1.45882 -2000 -0.0160044
0.135 -1.57257 2000 679.366 1.57257 -2000 -0.0176452
0.14 -1.69033 2000 730.242 1.69033 -2000 -0.0193653
0.145 -1.8121 2000 782.846 1.8121 -2000 -0.0211601
0.15 -1.93783 2000 837.164 1.93783 -2000 -0.0230233
0.155 -2.06749 2000 893.181 2.06749 -2000 -0.0249476
0.16 -2.20104 2000 950.876 2.20104 -2000 -0.0269246
0.165 -2.33843 2000 1010.23 2.33843 -2000 -0.028945
0.17 -2.47964 2000 1071.24 2.47964 -2000 -0.0310006
0.175 -2.62464 2000 1133.88 2.62464 -2000 -0.0330835
0.18 -2.77337 2000 1198.13 2.77337 -2000 -0.035184
0.185 -2.92577 2000 1263.97 2.92577 -2000 -0.0372901
0.19 -3.08177 2000 1331.36 3.08177 -2000 -0.0393898
0.195 -3.24132 2000 1400.29 3.24132 -2000 -0.0414727
0.2 -3.4044 2000 1470.74 3.4044 -2000 -0.0435318
0.205 -3.57098 2000 1542.71 3.57098 -2000 -0.0455628
0.21 -3.74107 2000 1616.19 3.74107 -2000 -0.0475638
0.215 -3.91467 2000 1691.19 3.91467 -2000 -0.0495327
0.22 -4.09175 2000 1767.69 4.09175 -2000 -0.0514663
0.225 -4.27228 2000 1845.68 4.27228 -2000 -0.0533597
0.23 -4.45623 2000 1925.15 4.45623 -2000 -0.0552083
0.235 -4.64356 2000 2006.07 4.64356 -2000 -0.0570086
0.24 -4.83423 2000 2088.44 4.83423 -2000 -0.058758
0.245 -5.0282 2000 2172.24 5.0282 -2000 -0.0604555
0.25 -5.22544 2000 2257.45 5.22544 -2000 -0.0621011
0.255 -5.42585 2000 2344.03 5.42585 -2000 -0.0636901
0.26 -5.62934 2000 2431.94 5.62934 -2000 -0.0652162
0.265 -5.83583 2000 2521.15 5.83583 -2000 -0.0666748
0.27 -6.04532 2000 2611.65 6.04532 -2000 -0.0680741
0.275 -6.25784 2000 2703.46 6.25784 -2000 -0.0694275
0.28 -6.4734 2000 2796.58 6.4734 -2000 -0.0707512
0.285 -6.69197 2000 2891 6.69197 -2000 -0.0720503
0.29 -6.9135 2000 2986.71 6.9135 -2000 -0.0733356
0.295 -7.13792 2000 3083.66 7.13792 -2000 -0.0746042
0.3 -7.36513 2000 3181.81 7.36513 -2000 -0.0758319
0.305 -7.59499 2000 3281.11 7.59499 -2000 -0.0770383
0.31 -7.82742 1999.99 3381.52 7.82742 -1999.99 -0.0782301
0.315 -8.06233 1999.99 3483.01 8.06233 -1999.99 -0.0793892
0.32 -8.2997 1999.99 3585.55 8.2997 -1999.99 -0.0805114
0.325 -8.53945 1999.99 3689.12 8.53945 -1999.99 -0.0816034
0.33 -8.78148 1999.99 3793.68 8.78148 -1999.99 -0.0826681
0.335 -9.02572 1999.99 3899.19 9.02572 -1999.99 -0.0837041
0.34 -9.27214 1999.99 4005.65 9.27214 -1999.99 -0.0847218
0.345 -9.52075 1999.99 4113.05 9.52075 -1999.99 -0.0857358
0.35 -9.77155 1999.99 4221.4 9.77155 -1999.99 -0.0867581
0.355 -10.0245 1999.99 4330.69 10.0245 -1999.99 -0.0877987
0.36 -10.2798 1999.99 4440.95 10.2798 -1999.99 -0.0888707
0.365 -10.5373 1999.99 4552.21 10.5373 -1999.99 -0.0899884
0.37 -10.7972 1999.99 4664.48 10.7972 -1999.99 -0.0911618
0.375 -11.0594 1999.99 4777.76 11.0594 -1999.99 -0.0923927
0.38 -11.3239 1999.99 4892.02 11.3239 -1999.99 -0.0936777
0.385 -11.5906 1999.99 5007.24 11.5906 -1999.99 -0.0950102
0.39 -11.8594 1999.99 5123.36 11.8594 -1999.99 -0.0963785
0.395 -12.1302 1999.99 5240.33 12.1302 -1999.99 -0.0977654
0.4 -12.4027 1999.99 5358.05 12.4027 -1999.99 -0.099154
0.405 -12.6768 1999.99 5476.49 12.6768 -1999.99 -0.100535
0.41 -12.9526 1999.99 5595.62 12.9526 -1999.99 -0.101907
0.415 -13.2299 1999.99 5715.41 13.2299 -1999.99 -0.103274
0.42 -13.5087 1999.99 5835.85 13.5087 -1999.99 -0.104642
0.425 -13.7889 1999.99 5956.91 13.7889 -1999.99 -0.106012
0.43 -14.0706 1999.99 6078.61 14.0706 -1999.99 -0.107394
0.435 -14.3538 1999.99 6200.97 14.3538 -1999.99 -0.108803
0.44 -14.6388 1999.99 6324.05 14.6388 -1999.99 -0.110262
0.445 -14.9253 1999.99 6447.86 14.9253 -1999.99 -0.11178
0.45 -15.2135 1999.99 6572.35 15.2135 -1999.99 -0.113348
0.455 -15.5031 1999.99 6697.44 15.5031 -1999.99 -0.114938
0.46 -15.7938 1999.99 6823.02 15.7938 -1999.99 -0.116515
0.465 -16.0853 1999.99 6948.96 16.0853 -1999.99 -0.118042
0.47 -16.3773 1999.99 7075.13 16.3773 -1999.99 -0.119485
0.475 -16.6698 1999.99 7201.46 16.6698 -1999.99 -0.120828
0.48 -16.9625 1999.99 7327.91 16.9625 -1999.99 -0.122077
0.485 -17.2554 1999.99 7454.46 17.2554 -1999.99 -0.123247
0.49 -17.5485 1999.99 7581.09 17.5485 -1999.99 -0.124347
0.495 -17.8418 1999.99 7707.77 17.8418 -1999.99 -0.125382
0.5 -18.1351 1999.99 7834.48 18.1351 -1999.99 -0.12636
0.505 -18.4285 1999.99 7961.25 18.4285 -1999.99 -0.127301
0.51 -18.7223 1999.99 8088.17 18.7223 -1999.99 -0.128243
0.515 -19.0166 1999.98 8215.29 19.0166 -1999.98 -0.129222
0.52 -19.3114 1999.98 8342.67 19.3114 -1999.98 -0.130255
0.525 -19.6069 1999.98 8470.32 19.6069 -1999.98 -0.131348
0.53 -19.9031 1999.98 8598.26 19.9031 -1999.98 -0.132501
0.535 -20.1997 1999.98 8726.43 20.1997 -1999.98 -0.133693
0.54 -20.4968 1999.98 8854.76 20.4968 -1999.98 -0.134887
0.545 -20.7941 1999.98 8983.19 20.7941 -1999.98 -0.136059
0.55 -21.0915 1999.98 9111.65 21.0915 -1999.98 -0.137192
0.555 -21.3886 1999.98 9240.03 21.3886 -1999.98 -0.138254
0.56 -21.6854 1999.98 9368.21 21.6854 -1999.98 -0.139209
0.565 -21.9814 1999.98 9496.11 21.9814 -1999.98 -0.140032
0.57 -22.2767 1999.98 9623.69 22.2767 -1999.98 -0.140719
0.575 -22.5712 1999.98 9750.91 22.5712 -1999.98 -0.141285
0.58 -22.8639 1999.99 9877.48 22.8639 -1999.99 -0.267515
0.585 -23.1532 2000 10002.8 23.1532 -2000 -0.55236
0.59 -23.4429 1999.99 10127.8 23.4429 -1999.99 -0.47023
0.595 -23.7314 1999.99 10252.4 23.7314 -1999.99 -0.420105
0.6 -24.0156 2000 10375.4 24.0156 -2000 -0.673368
0.605 -24.3002 2000 10498.3 24.3002 -2000 -0.568733
0.61 -24.5841 1999.99 10620.8 24.5841 -1999.99 -0.484874
0.615 -24.8671 1999.99 10743 24.8671 -1999.99 -0.418726
0.62 -25.1408 2000.03 10862.3 25.1408 -2000.03 -1.48563
0.625 -25.4085 2000.06 10978.9 25.4085 -2000.06 -2.4675
0.63 -25.6801 2000.05 11095.8 25.6801 -2000.05 -2.0013
0.635 -25.9501 2000.03 11212.1 25.9501 -2000.03 -1.63346
0.64 -26.219 2000.02 11327.9 26.219 -2000.02 -1.34313
0.645 -26.4871 2000.02 11443.5 26.4871 -2000.02 -1.11026
0.65 -26.7549 2000.01 11559.1 26.7549 -2000.01 -0.923586
0.655 -27.0228 2000.01 11674.6 27.0228 -2000.01 -0.774051
0.66 -27.2908 2000 11790.3 27.2908 -2000 -0.654352
0.665 -27.5587 2000 11905.9 27.5587 -2000 -0.558581
0.67 -27.8087 2000.1 12015.8 27.8087 -2000.1 -2.39735
0.675 -28.0542 2000.16 12123 28.0542 -2000.16 -3.59506
0.68 -28.304 2000.12 12230.2 28.304 -2000.12 -2.90303
0.685 -28.5502 2000.1 12336.1 28.5502 -2000.1 -2.35687
0.69 -28.7877 2000.11 12438.6 28.7877 -2000.11 -2.3272
0.695 -29.0178 2000.11 12538 29.0178 -2000.11 -2.30262
0.7 -29.2452 2000.09 12635.8 29.2452 -2000.09 -1.87918
0.705 -29.4685 2000.07 12731.9 29.4685 -2000.07 -1.53862
0.71 -29.688 2000.05 12826.5 29.688 -2000.05 -1.26459
0.715 -29.9043 2000.04 12919.7 29.9043 -2000.04 -1.04404
0.72 -30.1176 2000.03 13011.7 30.1176 -2000.03 -0.8665
0.725 -30.3159 2000.11 13098.3 30.3159 -2000.11 -1.78789
0.73 -30.498 2000.21 13177.9 30.498 -2000.21 -2.80193
0.735 -30.6753 2000.2 13255 30.6753 -2000.2 -3.24234
0.74 -30.849 2000.19 13330.1 30.849 -2000.19 -3.31612
0.745 -31.0215 2000.15 13404 31.0215 -2000.15 -2.68068
0.75 -31.1901 2000.12 13476.3 31.1901 -2000.12 -2.17376
0.755 -31.3546 2000.09 13547 31.3546 -2000.09 -1.76631
0.76 -31.5156 2000.07 13616.2 31.5156 -2000.07 -1.43862
0.765 -31.6735 2000.06 13684.1 31.6735 -2000.06 -1.17504
0.77 -31.8292 2000.04 13751.2 31.8292 -2000.04 -0.963069
0.775 -31.9831 2000.03 13817.5 31.9831 -2000.03 -0.792663
0.78 -32.1361 2000.03 13883.5 32.1361 -2000.03 -0.655775
0.785 -32.2888 2000.02 13949.3 32.2888 -2000.02 -0.545946
0.79 -32.4415 2000.01 14015.2 32.4415 -2000.01 -0.457935
0.795 -32.5942 2000.01 14081.1 32.5942 -2000.01 -0.387444
0.8 -32.7466 2000.01 14146.9 32.7466 -2000.01 -0.330961
0.805 -32.8982 2000 14212.3 32.8982 -2000 -0.285602
0.81 -33.0484 2000 14277.2 33.0484 -2000 -0.248999
0.815 -33.1963 2000 14341 33.1963 -2000 -0.219226
0.82 -33.3414 2000 14403.7 33.3414 -2000 -0.194753
0.825 -33.4833 2000 14465 33.4833 -2000 -0.17441
0.83 -33.6057 2000.14 14519.1 33.6057 -2000.14 -1.46782
0.835 -33.7256 2000.19 14571.4 33.7256 -2000.19 -1.93288
0.84 -33.8412 2000.17 14621.4 33.8412 -2000.17 -2.003
0.845 -33.9525 2000.15 14669.4 33.9525 -2000.15 -1.95485
0.85 -34.0608 2000.12 14715.8 34.0608 -2000.12 -1.58077
0.855 -34.1649 2000.09 14760.5 34.1649 -2000.09 -1.27985
0.86 -34.2646 2000.08 14803.3 34.2646 -2000.08 -1.0376
0.865 -34.3596 2000.06 14844.2 34.3596 -2000.06 -0.842367
0.87 -34.4494 2000.05 14882.8 34.4494 -2000.05 -0.684797
0.875 -34.5337 2000.04 14919.1 34.5337 -2000.04 -0.557406
0.88 -34.6125 2000.03 14953 34.6125 -2000.03 -0.454237
0.885 -34.6855 2000.02 14984.5 34.6855 -2000.02 -0.370542
0.89 -34.7528 2000.02 15013.5 34.7528 -2000.02 -0.302525
0.895 -34.8146 2000.01 15040.2 34.8146 -2000.01 -0.247154
0.9 -34.8709 2000.01 15064.4 34.8709 -2000.01 -0.202009
0.905 -34.9219 2000.01 15086.4 34.9219 -2000.01 -0.165144
0.91 -34.9675 2000.01 15106.1 34.9675 -2000.01 -0.134987
0.915 -35.0079 2000.01 15123.5 35.0079 -2000.01 -0.110269
0.92 -35.043 2000 15138.7 35.043 -2000 -0.0900582
0.925 -35.0734 2000 15151.8 35.0734 -2000 -0.0735254
0.93 -35.0994 2000 15163 35.0994 -2000 -0.0599259
0.935 -35.1214 2000 15172.5 35.1214 -2000 -0.0487555
0.94 -35.1397 2000 15180.4 35.1397 -2000 -0.0395899
0.945 -35.1544 2000 15186.7 35.1544 -2000 -0.0320772
0.95 -35.1656 2000 15191.6 35.1656 -2000 -0.0259263
0.955 -35.1733 2000 15194.9 35.1733 -2000 -0.0208988
0.96 -35.1774 2000 15196.6 35.1774 -2000 -0.016802
0.965 -35.1776 2000 15196.8 35.1776 -2000 -0.0134828
0.97 -35.172 1999.98 15194.4 35.172 -1999.98 -0.120422
0.975 -35.1604 1999.97 15189.5 35.1604 -1999.97 -0.182627
0.98 -35.1421 1999.98 15181.5 35.1421 -1999.98 -0.146423
0.985 -35.1164 1999.98 15170.4 35.1164 -1999.98 -0.117249
0.99 -35.0829 1999.99 15155.9 35.0829 -1999.99 -0.0935634
0.995 -35.0418 1999.99 15138.1 35.0418 -1999.99 -0.0740988
1 -34.9933 1999.99 15117.2 34.9933 -1999.99 -0.0578044
1.005 -34.9378 1999.99 15093.2 34.9378 -1999.99 -0.0439688
1.01 -34.8755 1999.99 15066.3 34.8755 -1999.99 -0.0319302
1.015 -34.8068 2000 15036.6 34.8068 -2000 -0.0210201
1.02 -34.7317 2000 15004.1 34.7317 -2000 -0.0105337
1.025 -34.6502 2000 14968.9 34.6502 -2000 -0.000471715
1.03 -34.562 2000 14930.8 34.562 -2000 0.00928138
1.035 -34.4668 2000 14889.7 34.4668 -2000 0.0193227
1.04 -34.364 2000 14845.2 34.364 -2000 0.0300093
1.045 -34.2529 2000 14797.2 34.2529 -2000 0.0417736
1.05 -34.1327 2000 14745.3 34.1327 -2000 0.0545898
1.055 -34.0031 2000 14689.3 34.0031 -2000 0.0684493
1.06 -33.8636 2000 14629 33.8636 -2000 0.0835727
1.065 -33.7137 2000 14564.2 33.7137 -2000 0.0999881
1.07 -33.5533 2000 14494.9 33.5533 -2000 0.117522
1.075 -33.3807 2000.01 14420.6 33.3807 -2000.01 -0.157341
1.08 -33.1957 2000.02 14341.1 33.1957 -2000.02 -0.535722
1.085 -32.9813 2000.19 14250.2 32.9813 -2000.19 -2.33352
1.09 -32.7562 2000.26 14153.7 32.7562 -2000.26 -3.0368
1.095 -32.5253 2000.21 14053.3 32.5253 -2000.21 -2.38001
1.1 -32.2842 2000.16 13948.6 32.2842 -2000.16 -1.85302
1.105 -32.0329 2000.13 13839.7 32.0329 -2000.13 -1.43803
1.11 -31.7714 2000.1 13726.3 31.7714 -2000.1 -1.1051
1.115 -31.4992 2000.08 13608.5 31.4992 -2000.08 -0.838141
1.12 -31.2164 2000.07 13486.1 31.2164 -2000.07 -0.624761
1.125 -30.923 2000.05 13359.2 30.923 -2000.05 -0.45541
1.13 -30.6188 2000.04 13227.6 30.6188 -2000.04 -0.321942
1.135 -30.3031 2000.03 13091.2 30.3031 -2000.03 -0.21728
1.14 -29.9758 2000.03 12949.7 29.9758 -2000.03 -0.135518
1.145 -29.6374 2000.02 12803.4 29.6374 -2000.02 -0.0712538
1.15 -29.2585 2000.19 12643.4 29.2585 -2000.19 -3.67682
1.155 -28.8401 2000.4 12465.7 28.8401 -2000.4 -6.78221
1.16 -28.4266 2000.32 12285.7 28.4266 -2000.32 -5.39048
1.165 -28.0029 2000.25 12101.5 28.0029 -2000.25 -4.29361
1.17 -27.5694 2000.2 11913.4 27.5694 -2000.2 -3.43478
1.175 -27.1105 2000.26 11716 27.1105 -2000.26 -4.20266
1.18 -26.6435 2000.26 11514.1 26.6435 -2000.26 -4.1461
1.185 -26.1573 2000.26 11304.5 26.1573 -2000.26 -4.54069
1.19 -25.6266 2000.35 11077.5 25.6266 -2000.35 -6.78693
1.195 -25.0917 2000.28 10845.1 25.0917 -2000.28 -5.45596
1.2 -24.5381 2000.22 10604.8 24.5381 -2000.22 -4.391
1.205 -23.9655 2000.18 10356.6 23.9655 -2000.18 -3.53928
1.21 -23.3748 2000.14 10100.8 23.3748 -2000.14 -2.85815
1.215 -22.7461 2000.21 9831.58 22.7461 -2000.21 -5.26714
1.22 -22.0957 2000.25 9552.35 22.0957 -2000.25 -7.0166
1.225 -21.4427 2000.21 9269.08 21.4427 -2000.21 -5.83957
1.23 -20.7728 2000.19 8979.25 20.7728 -2000.19 -5.39761
1.235 -20.0914 2000.17 8684.6 20.0914 -2000.17 -5.1119
1.24 -19.4003 2000.16 8385.76 19.4003 -2000.16 -4.84321
1.245 -18.7044 2000.12 8084.21 18.7044 -2000.12 -3.91789
1.25 -17.9999 2000.1 7779.12 17.9999 -2000.1 -3.17936
1.255 -17.2851 2000.08 7469.77 17.2851 -2000.08 -2.58857
1.26 -16.558 2000.06 7155.17 16.558 -2000.06 -2.11193
1.265 -15.8161 2000.05 6834.31 15.8161 -2000.05 -1.73127
1.27 -15.0573 2000.04 6506.18 15.0573 -2000.04 -1.43333
1.275 -14.2794 2000.03 6169.9 14.2794 -2000.03 -1.19694
1.28 -13.4808 2000.02 5824.72 13.4808 -2000.02 -1.01657
1.285 -12.6604 2000.01 5470.16 12.6604 -2000.01 -0.872893
1.29 -11.8178 2000.01 5106.06 11.8178 -2000.01 -0.758428
1.295 -10.9533 2000.01 4732.49 10.9533 -2000.01 -0.66278
1.3 -10.0674 2000 4349.68 10.0674 -2000 -0.572298
1.305 -9.161 1999.99 3958.05 9.161 -1999.99 -0.495248
1.31 -8.23486 1999.98 3557.92 8.23486 -1999.98 -0.466531
1.315 -7.28972 1999.98 3149.61 7.28972 -1999.98 -0.453159
1.32 -6.3268 1999.96 2733.57 6.3268 -1999.96 -0.394388
1.325 -5.347 1999.95 2310.28 5.347 -1999.95 -0.370516
1.33 -4.35211 1999.94 1880.46 4.35211 -1999.94 -0.350166
1.335 -3.34481 1999.91 1445.24 3.34481 -1999.91 -0.278526
1.34 -2.32811 1999.85 1005.9 2.32811 -1999.85 -0.157274
1.345 -1.30413 1999.76 563.456 1.30413 -1999.76 -0.0706796
1.35 -0.276434 1999.65 119.465 0.276434 -1999.65 -0.0451979
1.355 0.757311 1999.62 -326.951 -0.757311 -1999.62 -0.207365
1.36 1.7929 1999.53 -773.386 -1.7929 -1999.53 -1.14497
1.365 2.81198 1999.19 -1210.82 -2.81198 -1999.19 -3.95177
1.37 3.78367 1998.97 -1633.58 -3.78367 -1998.97 -0.968621
1.375 4.76121 1999.08 -2057.76 -4.76121 -1999.08 0.91792
1.38 5.75074 1999.23 -2485.28 -5.75074 -1999.23 0.962219
1.385 6.74589 1999.35 -2915.23 -6.74589 -1999.35 1.00782
1.39 7.74651 1999.44 -3347.55 -7.74651 -1999.44 1.05324
1.395 8.75246 1999.52 -3782.16 -8.75246 -1999.52 1.09835
1.4 9.76356 1999.58 -4219 -9.76356 -1999.58 1.14309
1.405 10.7797 1999.62 -4658.01 -10.7797 -1999.62 1.18748
1.41 11.8006 1999.66 -5099.1 -11.8006 -1999.66 1.23158
1.415 12.8263 1999.69 -5542.23 -12.8263 -1999.69 1.27547
1.42 13.8567 1999.71 -5987.42 -13.8567 -1999.71 1.31931
1.425 14.8923 1999.73 -6434.84 -14.8923 -1999.73 1.36345
1.43 15.9338 1999.74 -6884.81 -15.9338 -1999.74 1.4084
1.435 16.982 1999.75 -7337.68 -16.982 -1999.75 1.45475
1.44 18.0375 1999.76 -7793.69 -18.0375 -1999.76 1.50298
1.445 19.1005 1999.76 -8252.95 -19.1005 -1999.76 1.55329
1.45 20.171 1999.77 -8715.49 -20.171 -1999.77 1.60575
1.455 21.2362 1999.82 -9177.51 -21.2362 -1999.82 3.45915
1.46 22.2872 1999.95 -9635.65 -22.2872 -1999.95 7.56411
1.465 23.3131 2000.11 -10083.4 -23.3131 -2000.11 12.1455
1.47 24.3695 2000.04 -10537.8 -24.3695 -2000.04 10.1679
1.475 25.4106 2000.09 -10988.8 -25.4106 -2000.09 11.3954
1.48 26.4216 2000.23 -11428.7 -26.4216 -2000.23 14.6161
1.485 27.4241 2000.27 -11861.3 -27.4241 -2000.27 14.057
1.49 28.2855 2001.27 -12244.4 -28.2855 -2001.27 25.0461
1.495 29.1202 2001.76 -12611.3 -29.1202 -2001.76 31.41
1.5 29.9965 2001.36 -12984.1 -29.9965 -2001.36 25.6105
1.505 30.8711 2001.04 -13357.4 -30.8711 -2001.04 21.0666
1.51 31.647 2001.67 -13697.2 -31.647 -2001.67 25.7071
1.515 32.4013 2001.98 -14027.5 -32.4013 -2001.98 30.0926
1.52 33.1822 2001.63 -14361.6 -33.1822 -2001.63 26.9273
1.525 33.9725 2001.26 -14698.3 -33.9725 -2001.26 22.1623
1.53 34.7639 2000.97 -15036.4 -34.7639 -2000.97 18.4277
1.535 35.4749 2001.6 -15347 -35.4749 -2001.6 21.8253
1.54 36.1977 2001.69 -15658.8 -36.1977 -2001.69 21.4272
1.545 36.919 2001.39 -15968.7 -36.919 -2001.39 19.6747
1.55 37.6391 2001.13 -16277.9 -37.6391 -2001.13 17.7636
1.555 38.3543 2000.92 -16585.3 -38.3543 -2000.92 16.2029
1.56 39.0307 2001.03 -16881.6 -39.0307 -2001.03 20.3529
1.565 39.667 2001.51 -17160.1 -39.667 -2001.51 23.9794
1.57 40.3112 2001.48 -17435.9 -40.3112 -2001.48 21.4315
1.575 40.9221 2001.44 -17702 -40.9221 -2001.44 23.6352
1.58 41.5161 2001.46 -17961.3 -41.5161 -2001.46 26.3237
1.585 42.1122 2001.31 -18217.8 -42.1122 -2001.31 25.3577
1.59 42.6725 2001.29 -18460.9 -42.6725 -2001.29 26.3966
1.595 43.2478 2000.99 -18705.3 -43.2478 -2000.99 22.2851
1.6 43.7668 2001.27 -18935 -43.7668 -2001.27 27.772
1.605 44.2868 2001.33 -19161.3 -44.2868 -2001.33 29.4485
1.61 44.7537 2001.73 -19367.3 -44.7537 -2001.73 33.7134
1.615 45.2071 2001.83 -19562.9 -45.2071 -2001.83 33.4254
1.62 45.6366 2001.77 -19747.3 -45.6366 -2001.77 32.3208
1.625 46.0422 2001.7 -19922.2 -46.0422 -2001.7 32.0125
1.63 46.4248 2001.63 -20086.7 -46.4248 -2001.63 31.1544
1.635 46.7835 2001.52 -20241.3 -46.7835 -2001.52 30.8124
1.64 47.1325 2001.42 -20388 -47.1325 -2001.42 26.7812
1.645 47.4574 2001.45 -20523.2 -47.4574 -2001.45 21.6548
1.65 47.7651 2001.16 -20652.8 -47.7651 -2001.16 18.3043
1.655 48.0632 2000.96 -20777.7 -48.0632 -2000.96 14.4185
1.66 48.3361 2000.75 -20896.9 -48.3361 -2000.75 15.682
1.665 48.5959 2000.58 -21010.7 -48.5959 -2000.58 17.2289
1.67 48.845 2000.41 -21119.5 -48.845 -2000.41 18.4205
1.675 49.0797 2000.27 -21222.6 -49.0797 -2000.27 20.1389
1.68 49.2354 2000.44 -21300.7 -49.2354 -2000.44 31.0467
1.685 49.3682 2000.41 -21363.9 -49.3682 -2000.41 36.8451
1.69 49.499 2000.22 -21419.8 -49.499 -2000.22 36.1731
1.695 49.606 2000.06 -21466.7 -49.606 -2000.06 36.9336
1.7 49.6719 2000.04 -21499.7 -49.6719 -2000.04 41.4528
1.705 49.5904 1999.68 -21488.7 -49.5904 -1999.68 65.6268
1.71 49.4334 1998.94 -21434.5 -49.4334 -1998.94 79.2845
1.715 49.2469 1998.58 -21350.3 -49.2469 -1998.58 75.6151
1.72 49.047 1998.43 -21255.6 -49.047 -1998.43 67.3208
1.725 48.7934 1998.17 -21143.9 -48.7934 -1998.17 65.1276
1.73 48.5064 1998.54 -21011.8 -48.5064 -1998.54 57.0623
1.735 48.2164 1998.94 -20874.2 -48.2164 -1998.94 44.7332
1.74 47.8891 1999.14 -20728.7 -47.8891 -1999.14 40.6099
1.745 47.545 1999.26 -20576.3 -47.545 -1999.26 36.8641
1.75 47.1874 1999.19 -20417.1 -47.1874 -1999.19 32.1682
1.755 46.8227 1999.17 -20252.9 -46.8227 -1999.17 25.4996
1.76 46.3963 1998.74 -20072.4 -46.3963 -1998.74 29.1832
1.765 46.0198 1999.21 -19897.3 -46.0198 -1999.21 16.7441
1.77 45.8963 2000.6 -19808.8 -45.8963 -2000.6 -18.397
1.775 45.672 2000.51 -19715.8 -45.672 -2000.51 -14.447
1.78 45.4441 2000.32 -19621.1 -45.4441 -2000.32 -10.7871
1.785 45.2114 2000.03 -19523.9 -45.2114 -2000.03 -7.42863
1.79 44.9775 1999.84 -19425.3 -44.9775 -1999.84 -5.02944
1.795 44.7434 1999.78 -19325.5 -44.7434 -1999.78 -3.67191
1.8 44.6557 2000.73 -19266.2 -44.6557 -2000.73 -25.0568
1.805 44.535 2001.05 -19206.6 -44.535 -2001.05 -32.4784
1.81 44.374 2000.76 -19143.9 -44.374 -2000.76 -25.6429
1.815 44.2133 2000.52 -19080.3 -44.2133 -2000.52 -19.8847
1.82 44.053 2000.32 -19015.6 -44.053 -2000.32 -15.2791
1.825 43.8922 2000.16 -18949.9 -43.8922 -2000.16 -11.5395
1.83 43.7303 2000.02 -18883 -43.7303 -2000.02 -8.49044
1.835 43.5668 1999.9 -18814.9 -43.5668 -1999.9 -5.99023
1.84 43.3972 1999.72 -18744.2 -43.3972 -1999.72 -3.40376
1.845 43.2254 1999.59 -18671.4 -43.2254 -1999.59 -1.98053
1.85 43.1203 1999.99 -18620.5 -43.1203 -1999.99 -7.50887
1.855 42.9918 1999.91 -18566.9 -42.9918 -1999.91 -5.52724
1.86 42.8621 1999.84 -18512.5 -42.8621 -1999.84 -3.91665
1.865 42.7309 1999.78 -18457.2 -42.7309 -1999.78 -2.59088
1.87 42.5978 1999.73 -18400.8 -42.5978 -1999.73 -1.48977
1.875 42.4625 1999.68 -18343.2 -42.4625 -1999.68 -0.564214
1.88 42.3248 1999.63 -18284.6 -42.3248 -1999.63 0.225616
1.885 42.1845 1999.58 -18224.6 -42.1845 -1999.58 0.912476
1.89 42.0412 1999.53 -18163.3 -42.0412 -1999.53 1.52384
1.895 41.8946 1999.47 -18100.5 -41.8946 -1999.47 2.08564
1.9 41.7444 1999.41 -18036.2 -41.7444 -1999.41 2.61612
1.905 41.7022 2000.09 -18001.5 -41.7022 -2000.09 -13.8051
1.91 41.6464 2000.23 -17971 -41.6464 -2000.23 -20.2629
1.915 41.5504 1999.84 -17935.4 -41.5504 -1999.84 -14.3895
1.92 41.5543 2000.48 -17926.3 -41.5543 -2000.48 -25.1417
1.925 41.5517 2000.76 -17921.6 -41.5517 -2000.76 -28.7313
1.93 41.5385 2000.82 -17919.4 -41.5385 -2000.82 -25.2087
1.935 41.5364 2000.9 -17921.1 -41.5364 -2000.9 -22.5876
1.94 41.518 2000.49 -17919 -41.518 -2000.49 -16.7453
1.945 41.5045 2000.25 -17917.3 -41.5045 -2000.25 -12.6471
1.95 41.4954 2000.16 -17916 -41.4954 -2000.16 -9.98153
1.955 41.4872 2000.09 -17914.6 -41.4872 -2000.09 -7.83502
1.96 41.4796 2000.03 -17913.1 -41.4796 -2000.03 -6.10597
1.965 41.4723 1999.98 -17911.3 -41.4723 -1999.98 -4.7112
1.97 41.4599 1999.79 -17907.8 -41.4599 -1999.79 -2.838
1.975 41.4475 1999.68 -17903.8 -41.4475 -1999.68 -1.50946
1.98 41.4379 1999.7 -17900.1 -41.4379 -1999.7 -1.05998
1.985 41.428 1999.71 -17896.2 -41.428 -1999.71 -0.689848
1.99 41.4177 1999.72 -17892.1 -41.4177 -1999.72 -0.384577
1.995 41.4071 1999.72 -17887.7 -41.4071 -1999.72 -0.130757
2 41.396 1999.72 -17883.1 -41.396 -1999.72 0.0824151
2.005 41.3844 1999.72 -17878.3 -41.3844 -1999.72 0.263678
2.01 41.3723 1999.71 -17873.3 -41.3723 -1999.71 0.420253
2.015 41.3597 1999.71 -17868 -41.3597 -1999.71 0.557798
2.02 41.3465 1999.7 -17862.4 -41.3465 -1999.7 0.681401
2.025 41.3325 1999.68 -17856.5 -41.3325 -1999.68 0.79599
2.03 41.3179 1999.67 -17850.2 -41.3179 -1999.67 0.905265
2.035 41.3023 1999.65 -17843.6 -41.3023 -1999.65 1.01318
2.04 41.2858 1999.63 -17836.6 -41.2858 -1999.63 1.12377
2.045 41.2535 1999.05 -17824.8 -41.2535 -1999.05 3.23103
2.05 41.2263 1998.87 -17813.6 -41.2263 -1998.87 3.86909
2.055 41.2026 1999.01 -17802.9 -41.2026 -1999.01 3.35115
2.06 41.1775 1999.12 -17791.7 -41.1775 -1999.12 2.96022
2.065 41.151 1999.2 -17779.9 -41.151 -1999.2 2.66468
2.07 41.123 1999.26 -17767.6 -41.123 -1999.26 2.44951
2.075 41.0936 1999.29 -17754.7 -41.0936 -1999.29 2.30178
2.08 41.0626 1999.31 -17741.3 -41.0626 -1999.31 2.21244
2.085 41.0309 1999.34 -17727.4 -41.0309 -1999.34 2.03009
2.09 41.014 1999.58 -17718.6 -41.014 -1999.58 0.559938
2.095 40.9881 1999.45 -17708 -40.9881 -1999.45 1.10407
2.1 40.9636 1999.48 -17697.4 -40.9636 -1999.48 1.09054
2.105 40.9271 1998.82 -17683 -40.9271 -1998.82 2.43707
2.11 40.8858 1998.35 -17666.1 -40.8858 -1998.35 3.44249
2.115 40.839 1998.26 -17646.4 -40.839 -1998.26 3.95225
2.12 40.7795 1997.92 -17621.7 -40.7795 -1997.92 4.96235
2.125 40.6942 1996.99 -17586.9 -40.6942 -1996.99 6.95105
2.13 40.614 2000.2 -17548.1 -40.614 -2000.2 2.84455
2.135 40.4589 1999.47 -17486.3 -40.4589 -1999.47 8.05382
2.14 40.4664 2003.43 -17483.4 -40.4664 -2003.43 1.93942
2.145 40.4333 2003.03 -17472.4 -40.4333 -2003.03 5.22029
2.15 40.4083 2002.44 -17460.7 -40.4083 -2002.44 4.33619
2.155 40.3829 2001.97 -17449 -40.3829 -2001.97 3.6306
2.16 40.357 2001.58 -17437.2 -40.357 -2001.58 3.04257
2.165 40.3307 2001.26 -17425.4 -40.3307 -2001.26 2.55184
2.17 40.304 2000.98 -17413.5 -40.304 -2000.98 2.14785
2.175 40.277 2000.76 -17401.5 -40.277 -2000.76 1.81989
2.18 40.2495 2000.57 -17389.3 -40.2495 -2000.57 1.55709
2.185 40.2215 2000.42 -17377.1 -40.2215 -2000.42 1.34878
2.19 40.1915 2000.19 -17364.1 -40.1915 -2000.19 1.3546
2.195 40.1601 1999.99 -17350.5 -40.1601 -1999.99 1.38659
2.2 40.1285 1999.92 -17336.8 -40.1285 -1999.92 1.27106
2.205 40.0958 1999.86 -17322.6 -40.0958 -1999.86 1.19378
2.21 40.062 1999.8 -17308 -40.062 -1999.8 1.14657
2.215 40.027 1999.74 -17292.8 -40.027 -1999.74 1.12594
2.22 39.9907 1999.69 -17277.1 -39.9907 -1999.69 1.12935
2.225 39.953 1999.63 -17260.8 -39.953 -1999.63 1.15517
2.23 39.9136 1999.58 -17243.9 -39.9136 -1999.58 1.20282
2.235 39.908 2000.83 -17236.8 -39.908 -2000.83 -3.44435
2.24 39.8928 2001.22 -17228.6 -39.8928 -2001.22 -5.05447
2.245 39.8645 2000.7 -17217.8 -39.8645 -2000.7 -3.65228
2.25 39.8369 2000.45 -17206.8 -39.8369 -2000.45 -2.71648
2.255 39.8084 2000.21 -17195.3 -39.8084 -2000.21 -1.91678
2.26 39.7783 1999.99 -17183 -39.7783 -1999.99 -1.22075
2.265 39.7461 1999.77 -17169.8 -39.7461 -1999.77 -0.58486
2.27 39.7009 1998.98 -17152 -39.7009 -1998.98 1.21906
2.275 39.6563 1998.91 -17132.3 -39.6563 -1998.91 0.823119
2.28 39.6153 1999.17 -17113.3 -39.6153 -1999.17 -0.540777
2.285 39.5649 1998.82 -17092.2 -39.5649 -1998.82 0.134901
2.29 39.5 1998.22 -17065.1 -39.5 -1998.22 1.06313
2.295 39.3688 1996.7 -17013.4 -39.3688 -1996.7 6.04881
2.3 -0.0903741 -75.5677 -24.3922 0.0903741 75.5677 63.4338
