0.1 -1.38781e-31 200 -1.59872e-14
0.2 -4.9669e-31 400 -1.08358e-13
0.3 6.13558e-31 600 7.01661e-14
0.4 1.38781e-30 800 -5.50671e-14
0.5 -1.16868e-31 1000 1.29674e-13
0.6 -1.05181e-30 1200 -4.12115e-13
0.7 -1.40242e-30 1400 -3.57936e-13
0.8 -4.67473e-31 1600 5.51559e-13
0.9 8.18078e-31 1800 -3.54383e-13
1 -4.67473e-30 2000 -6.66134e-13
0.005 -0.00116362 2000 0.50447
0.01 -0.00580941 2000 2.51286
0.015 -0.0150851 2000 6.5193
0.02 -0.0289748 2000 12.5192
0.025 -0.0474609 2000 20.5049
0.03 -0.0705254 2000 30.4685
0.035 -0.0981488 2000 42.4017
0.04 -0.130311 2000 56.2958
0.045 -0.166991 2000 72.1417
0.05 -0.208167 2000 89.9299
0.055 -0.253816 2000 109.65
0.06 -0.303913 2000 131.293
0.065 -0.358436 2000 154.847
0.07 -0.417361 2000 180.303
0.075 -0.480666 2000 207.652
0.08 -0.548331 2000 236.883
0.085 -0.620332 2000 267.989
0.09 -0.696646 2000 300.957
0.095 -0.777245 2000 335.777
0.1 -0.862105 2000 372.437
0.105 -0.951195 2000 410.925
0.11 -1.04448 2000 451.227
0.115 -1.14193 2000 493.324
0.12 -1.24349 2000 537.199
0.125 -1.34913 2000 582.837
0.13 -1.45882 2000 630.228
0.135 -1.57257 2000 679.366
0.14 -1.69033 2000 730.242
0.145 -1.8121 2000 782.846
0.15 -1.93783 2000 837.164
0.155 -2.06749 2000 893.181
0.16 -2.20104 2000 950.876
0.165 -2.33843 2000 1010.23
0.17 -2.47964 2000 1071.24
0.175 -2.62464 2000 1133.88
0.18 -2.77337 2000 1198.13
0.185 -2.92577 2000 1263.97
0.19 -3.08177 2000 1331.36
0.195 -3.24132 2000 1400.29
0.2 -3.4044 2000 1470.74
0.205 -3.57098 2000 1542.71
0.21 -3.74107 2000 1616.19
0.215 -3.91467 2000 1691.19
0.22 -4.09175 2000 1767.69
0.225 -4.27228 2000 1845.68
0.23 -4.45623 2000 1925.15
0.235 -4.64356 2000 2006.07
0.24 -4.83423 2000 2088.44
0.245 -5.0282 2000 2172.24
0.25 -5.22544 2000 2257.45
0.255 -5.42585 2000 2344.03
0.26 -5.62934 2000 2431.94
0.265 -5.83583 2000 2521.15
0.27 -6.04532 2000 2611.65
0.275 -6.25784 2000 2703.46
0.28 -6.4734 2000 2796.58
0.285 -6.69197 2000 2891
0.29 -6.9135 2000 2986.71
0.295 -7.13792 2000 3083.66
0.3 -7.36513 2000 3181.81
0.305 -7.59499 2000 3281.11
0.31 -7.82742 1999.99 3381.52
0.315 -8.06233 1999.99 3483.01
0.32 -8.2997 1999.99 3585.55
0.325 -8.53945 1999.99 3689.12
0.33 -8.78148 1999.99 3793.68
0.335 -9.02572 1999.99 3899.19
0.34 -9.27214 1999.99 4005.65
0.345 -9.52075 1999.99 4113.05
0.35 -9.77155 1999.99 4221.4
0.355 -10.0245 1999.99 4330.69
0.36 -10.2798 1999.99 4440.95
0.365 -10.5373 1999.99 4552.21
0.37 -10.7972 1999.99 4664.48
0.375 -11.0594 1999.99 4777.76
0.38 -11.3239 1999.99 4892.02
0.385 -11.5906 1999.99 5007.24
0.39 -11.8594 1999.99 5123.36
0.395 -12.1302 1999.99 5240.33
0.4 -12.4027 1999.99 5358.05
0.405 -12.6768 1999.99 5476.49
0.41 -12.9526 1999.99 5595.62
0.415 -13.2299 1999.99 5715.41
0.42 -13.5087 1999.99 5835.85
0.425 -13.7889 1999.99 5956.91
0.43 -14.0706 1999.99 6078.61
0.435 -14.3538 1999.99 6200.97
0.44 -14.6388 1999.99 6324.05
0.445 -14.9253 1999.99 6447.86
0.45 -15.2135 1999.99 6572.35
0.455 -15.5031 1999.99 6697.44
0.46 -15.7938 1999.99 6823.02
0.465 -16.0853 1999.99 6948.96
0.47 -16.3773 1999.99 7075.13
0.475 -16.6698 1999.99 7201.46
0.48 -16.9625 1999.99 7327.91
0.485 -17.2554 1999.99 7454.46
0.49 -17.5485 1999.99 7581.09
0.495 -17.8418 1999.99 7707.77
0.5 -18.1351 1999.99 7834.48
0.505 -18.4285 1999.99 7961.25
0.51 -18.7223 1999.99 8088.17
0.515 -19.0166 1999.98 8215.29
0.52 -19.3114 1999.98 8342.67
0.525 -19.6069 1999.98 8470.32
0.53 -19.9031 1999.98 8598.26
0.535 -20.1997 1999.98 8726.43
0.54 -20.4968 1999.98 8854.76
0.545 -20.7941 1999.98 8983.19
0.55 -21.0915 1999.98 9111.65
0.555 -21.3886 1999.98 9240.03
0.56 -21.6854 1999.98 9368.21
0.565 -21.9814 1999.98 9496.11
0.57 -22.2767 1999.98 9623.69
0.575 -22.5712 1999.98 9750.91
0.58 -22.8639 1999.99 9877.48
0.585 -23.1532 2000 10002.8
0.59 -23.4429 1999.99 10127.8
0.595 -23.7314 1999.99 10252.4
0.6 -24.0156 2000 10375.4
0.605 -24.3002 2000 10498.3
0.61 -24.5841 1999.99 10620.8
0.615 -24.8671 1999.99 10743
0.62 -25.1408 2000.03 10862.3
0.625 -25.4085 2000.06 10978.9
0.63 -25.6801 2000.05 11095.8
0.635 -25.9501 2000.03 11212.1
0.64 -26.219 2000.02 11327.9
0.645 -26.4871 2000.02 11443.5
0.65 -26.7549 2000.01 11559.1
0.655 -27.0228 2000.01 11674.6
0.66 -27.2908 2000 11790.3
0.665 -27.5587 2000 11905.9
0.67 -27.8087 2000.1 12015.8
0.675 -28.0542 2000.16 12123
0.68 -28.304 2000.12 12230.2
0.685 -28.5502 2000.1 12336.1
0.69 -28.7877 2000.11 12438.6
0.695 -29.0178 2000.11 12538
0.7 -29.2452 2000.09 12635.8
0.705 -29.4685 2000.07 12731.9
0.71 -29.688 2000.05 12826.5
0.715 -29.9043 2000.04 12919.7
0.72 -30.1176 2000.03 13011.7
0.725 -30.3159 2000.11 13098.3
0.73 -30.498 2000.21 13177.9
0.735 -30.6753 2000.2 13255
0.74 -30.849 2000.19 13330.1
0.745 -31.0215 2000.15 13404
0.75 -31.1901 2000.12 13476.3
0.755 -31.3546 2000.09 13547
0.76 -31.5156 2000.07 13616.2
0.765 -31.6735 2000.06 13684.1
0.77 -31.8292 2000.04 13751.2
0.775 -31.9831 2000.03 13817.5
0.78 -32.1361 2000.03 13883.5
0.785 -32.2888 2000.02 13949.3
0.79 -32.4415 2000.01 14015.2
0.795 -32.5942 2000.01 14081.1
0.8 -32.7466 2000.01 14146.9
0.805 -32.8982 2000 14212.3
0.81 -33.0484 2000 14277.2
0.815 -33.1963 2000 14341
0.82 -33.3414 2000 14403.7
0.825 -33.4833 2000 14465
0.83 -33.6057 2000.14 14519.1
0.835 -33.7256 2000.19 14571.4
0.84 -33.8412 2000.17 14621.4
0.845 -33.9525 2000.15 14669.4
0.85 -34.0608 2000.12 14715.8
0.855 -34.1649 2000.09 14760.5
0.86 -34.2646 2000.08 14803.3
0.865 -34.3596 2000.06 14844.2
0.87 -34.4494 2000.05 14882.8
0.875 -34.5337 2000.04 14919.1
0.88 -34.6125 2000.03 14953
0.885 -34.6855 2000.02 14984.5
0.89 -34.7528 2000.02 15013.5
0.895 -34.8146 2000.01 15040.2
0.9 -34.8709 2000.01 15064.4
0.905 -34.9219 2000.01 15086.4
0.91 -34.9675 2000.01 15106.1
0.915 -35.0079 2000.01 15123.5
0.92 -35.043 2000 15138.7
0.925 -35.0734 2000 15151.8
0.93 -35.0994 2000 15163
0.935 -35.1214 2000 15172.5
0.94 -35.1397 2000 15180.4
0.945 -35.1544 2000 15186.7
0.95 -35.1656 2000 15191.6
0.955 -35.1733 2000 15194.9
0.96 -35.1774 2000 15196.6
0.965 -35.1776 2000 15196.8
0.97 -35.172 1999.98 15194.4
0.975 -35.1604 1999.97 15189.5
0.98 -35.1421 1999.98 15181.5
0.985 -35.1164 1999.98 15170.4
0.99 -35.0829 1999.99 15155.9
0.995 -35.0418 1999.99 15138.1
1 -34.9933 1999.99 15117.2
1.005 -34.9378 1999.99 15093.2
1.01 -34.8755 1999.99 15066.3
1.015 -34.8068 2000 15036.6
1.02 -34.7317 2000 15004.1
1.025 -34.6502 2000 14968.9
1.03 -34.562 2000 14930.8
1.035 -34.4668 2000 14889.7
1.04 -34.364 2000 14845.2
1.045 -34.2529 2000 14797.2
1.05 -34.1327 2000 14745.3
1.055 -34.0031 2000 14689.3
1.06 -33.8636 2000 14629
1.065 -33.7137 2000 14564.2
1.07 -33.5533 2000 14494.9
1.075 -33.3807 2000.01 14420.6
1.08 -33.1957 2000.02 14341.1
1.085 -32.9813 2000.19 14250.2
1.09 -32.7562 2000.26 14153.7
1.095 -32.5253 2000.21 14053.3
1.1 -32.2842 2000.16 13948.6
1.105 -32.0329 2000.13 13839.7
1.11 -31.7714 2000.1 13726.3
1.115 -31.4992 2000.08 13608.5
1.12 -31.2164 2000.07 13486.1
1.125 -30.923 2000.05 13359.2
1.13 -30.6188 2000.04 13227.6
1.135 -30.3031 2000.03 13091.2
1.14 -29.9758 2000.03 12949.7
1.145 -29.6374 2000.02 12803.4
1.15 -29.2585 2000.19 12643.4
1.155 -28.8401 2000.4 12465.7
1.16 -28.4266 2000.32 12285.7
1.165 -28.0029 2000.25 12101.5
1.17 -27.5694 2000.2 11913.4
1.175 -27.1105 2000.26 11716
1.18 -26.6435 2000.26 11514.1
1.185 -26.1573 2000.26 11304.5
1.19 -25.6266 2000.35 11077.5
1.195 -25.0917 2000.28 10845.1
1.2 -24.5381 2000.22 10604.8
1.205 -23.9655 2000.18 10356.6
1.21 -23.3748 2000.14 10100.8
1.215 -22.7461 2000.21 9831.58
1.22 -22.0957 2000.25 9552.35
1.225 -21.4427 2000.21 9269.08
1.23 -20.7728 2000.19 8979.25
1.235 -20.0914 2000.17 8684.6
1.24 -19.4003 2000.16 8385.76
1.245 -18.7044 2000.12 8084.21
1.25 -17.9999 2000.1 7779.12
1.255 -17.2851 2000.08 7469.77
1.26 -16.558 2000.06 7155.17
1.265 -15.8161 2000.05 6834.31
1.27 -15.0573 2000.04 6506.18
1.275 -14.2794 2000.03 6169.9
1.28 -13.4808 2000.02 5824.72
1.285 -12.6604 2000.01 5470.16
1.29 -11.8178 2000.01 5106.06
1.295 -10.9533 2000.01 4732.49
1.3 -10.0674 2000 4349.68
1.305 -9.161 1999.99 3958.05
1.31 -8.23486 1999.98 3557.92
1.315 -7.28972 1999.98 3149.61
1.32 -6.3268 1999.96 2733.57
1.325 -5.347 1999.95 2310.28
1.33 -4.35211 1999.94 1880.46
1.335 -3.34481 1999.91 1445.24
1.34 -2.32811 1999.85 1005.9
1.345 -1.30413 1999.76 563.456
1.35 -0.276434 1999.65 119.465
1.355 0.757311 1999.62 -326.951
1.36 1.7929 1999.53 -773.386
1.365 2.81198 1999.19 -1210.82
1.37 3.78367 1998.97 -1633.58
1.375 4.76121 1999.08 -2057.76
1.38 5.75074 1999.23 -2485.28
1.385 6.74589 1999.35 -2915.23
1.39 7.74651 1999.44 -3347.55
1.395 8.75246 1999.52 -3782.16
1.4 9.76356 1999.58 -4219
1.405 10.7797 1999.62 -4658.01
1.41 11.8006 1999.66 -5099.1
1.415 12.8263 1999.69 -5542.23
1.42 13.8567 1999.71 -5987.42
1.425 14.8923 1999.73 -6434.84
1.43 15.9338 1999.74 -6884.81
1.435 16.982 1999.75 -7337.68
1.44 18.0375 1999.76 -7793.69
1.445 19.1005 1999.76 -8252.95
1.45 20.171 1999.77 -8715.49
1.455 21.2362 1999.82 -9177.51
1.46 22.2872 1999.95 -9635.65
1.465 23.3131 2000.11 -10083.4
1.47 24.3695 2000.04 -10537.8
1.475 25.4106 2000.09 -10988.8
1.48 26.4216 2000.23 -11428.7
1.485 27.4241 2000.27 -11861.3
1.49 28.2855 2001.27 -12244.4
1.495 29.1202 2001.76 -12611.3
1.5 29.9965 2001.36 -12984.1
1.505 30.8711 2001.04 -13357.4
1.51 31.647 2001.67 -13697.2
1.515 32.4013 2001.98 -14027.5
1.52 33.1822 2001.63 -14361.6
1.525 33.9725 2001.26 -14698.3
1.53 34.7639 2000.97 -15036.4
1.535 35.4749 2001.6 -15347
1.54 36.1977 2001.69 -15658.8
1.545 36.919 2001.39 -15968.7
1.55 37.6391 2001.13 -16277.9
1.555 38.3543 2000.92 -16585.3
1.56 39.0307 2001.03 -16881.6
1.565 39.667 2001.51 -17160.1
1.57 40.3112 2001.48 -17435.9
1.575 40.9221 2001.44 -17702
1.58 41.5161 2001.46 -17961.3
1.585 42.1122 2001.31 -18217.8
1.59 42.6725 2001.29 -18460.9
1.595 43.2478 2000.99 -18705.3
1.6 43.7668 2001.27 -18935
1.605 44.2868 2001.33 -19161.3
1.61 44.7537 2001.73 -19367.3
1.615 45.2071 2001.83 -19562.9
1.62 45.6366 2001.77 -19747.3
1.625 46.0422 2001.7 -19922.2
1.63 46.4248 2001.63 -20086.7
1.635 46.7835 2001.52 -20241.3
1.64 47.1325 2001.42 -20388
1.645 47.4574 2001.45 -20523.2
1.65 47.7651 2001.16 -20652.8
1.655 48.0632 2000.96 -20777.7
1.66 48.3361 2000.75 -20896.9
1.665 48.5959 2000.58 -21010.7
1.67 48.845 2000.41 -21119.5
1.675 49.0797 2000.27 -21222.6
1.68 49.2354 2000.44 -21300.7
1.685 49.3682 2000.41 -21363.9
1.69 49.499 2000.22 -21419.8
1.695 49.606 2000.06 -21466.7
1.7 49.6719 2000.04 -21499.7
1.705 49.5904 1999.68 -21488.7
1.71 49.4334 1998.94 -21434.5
1.715 49.2469 1998.58 -21350.3
1.72 49.047 1998.43 -21255.6
1.725 48.7934 1998.17 -21143.9
1.73 48.5064 1998.54 -21011.8
1.735 48.2164 1998.94 -20874.2
1.74 47.8891 1999.14 -20728.7
1.745 47.545 1999.26 -20576.3
1.75 47.1874 1999.19 -20417.1
1.755 46.8227 1999.17 -20252.9
1.76 46.3963 1998.74 -20072.4
1.765 46.0198 1999.21 -19897.3
1.77 45.8963 2000.6 -19808.8
1.775 45.672 2000.51 -19715.8
1.78 45.4441 2000.32 -19621.1
1.785 45.2114 2000.03 -19523.9
1.79 44.9775 1999.84 -19425.3
1.795 44.7434 1999.78 -19325.5
1.8 44.6557 2000.73 -19266.2
1.805 44.535 2001.05 -19206.6
1.81 44.374 2000.76 -19143.9
1.815 44.2133 2000.52 -19080.3
1.82 44.053 2000.32 -19015.6
1.825 43.8922 2000.16 -18949.9
1.83 43.7303 2000.02 -18883
1.835 43.5668 1999.9 -18814.9
1.84 43.3972 1999.72 -18744.2
1.845 43.2254 1999.59 -18671.4
1.85 43.1203 1999.99 -18620.5
1.855 42.9918 1999.91 -18566.9
1.86 42.8621 1999.84 -18512.5
1.865 42.7309 1999.78 -18457.2
1.87 42.5978 1999.73 -18400.8
1.875 42.4625 1999.68 -18343.2
1.88 42.3248 1999.63 -18284.6
1.885 42.1845 1999.58 -18224.6
1.89 42.0412 1999.53 -18163.3
1.895 41.8946 1999.47 -18100.5
1.9 41.7444 1999.41 -18036.2
1.905 41.7022 2000.09 -18001.5
1.91 41.6464 2000.23 -17971
1.915 41.5504 1999.84 -17935.4
1.92 41.5543 2000.48 -17926.3
1.925 41.5517 2000.76 -17921.6
1.93 41.5385 2000.82 -17919.4
1.935 41.5364 2000.9 -17921.1
1.94 41.518 2000.49 -17919
1.945 41.5045 2000.25 -17917.3
1.95 41.4954 2000.16 -17916
1.955 41.4872 2000.09 -17914.6
1.96 41.4796 2000.03 -17913.1
1.965 41.4723 1999.98 -17911.3
1.97 41.4599 1999.79 -17907.8
1.975 41.4475 1999.68 -17903.8
1.98 41.4379 1999.7 -17900.1
1.985 41.428 1999.71 -17896.2
1.99 41.4177 1999.72 -17892.1
1.995 41.4071 1999.72 -17887.7
2 41.396 1999.72 -17883.1
2.005 41.3844 1999.72 -17878.3
2.01 41.3723 1999.71 -17873.3
2.015 41.3597 1999.71 -17868
2.02 41.3465 1999.7 -17862.4
2.025 41.3325 1999.68 -17856.5
2.03 41.3179 1999.67 -17850.2
2.035 41.3023 1999.65 -17843.6
2.04 41.2858 1999.63 -17836.6
2.045 41.2535 1999.05 -17824.8
2.05 41.2263 1998.87 -17813.6
2.055 41.2026 1999.01 -17802.9
2.06 41.1775 1999.12 -17791.7
2.065 41.151 1999.2 -17779.9
2.07 41.123 1999.26 -17767.6
2.075 41.0936 1999.29 -17754.7
2.08 41.0626 1999.31 -17741.3
2.085 41.0309 1999.34 -17727.4
2.09 41.014 1999.58 -17718.6
2.095 40.9881 1999.45 -17708
2.1 40.9636 1999.48 -17697.4
2.105 40.9271 1998.82 -17683
2.11 40.8858 1998.35 -17666.1
2.115 40.839 1998.26 -17646.4
2.12 40.7795 1997.92 -17621.7
2.125 40.6942 1996.99 -17586.9
2.13 40.614 2000.2 -17548.1
2.135 40.4589 1999.47 -17486.3
2.14 40.4664 2003.43 -17483.4
2.145 40.4333 2003.03 -17472.4
2.15 40.4083 2002.44 -17460.7
2.155 40.3829 2001.97 -17449
2.16 40.357 2001.58 -17437.2
2.165 40.3307 2001.26 -17425.4
2.17 40.304 2000.98 -17413.5
2.175 40.277 2000.76 -17401.5
2.18 40.2495 2000.57 -17389.3
2.185 40.2215 2000.42 -17377.1
2.19 40.1915 2000.19 -17364.1
2.195 40.1601 1999.99 -17350.5
2.2 40.1285 1999.92 -17336.8
2.205 40.0958 1999.86 -17322.6
2.21 40.062 1999.8 -17308
2.215 40.027 1999.74 -17292.8
2.22 39.9907 1999.69 -17277.1
2.225 39.953 1999.63 -17260.8
2.23 39.9136 1999.58 -17243.9
2.235 39.908 2000.83 -17236.8
2.24 39.8928 2001.22 -17228.6
2.245 39.8645 2000.7 -17217.8
2.25 39.8369 2000.45 -17206.8
2.255 39.8084 2000.21 -17195.3
2.26 39.7783 1999.99 -17183
2.265 39.7461 1999.77 -17169.8
2.27 39.7009 1998.98 -17152
2.275 39.6563 1998.91 -17132.3
2.28 39.6153 1999.17 -17113.3
2.285 39.5649 1998.82 -17092.2
2.29 39.5 1998.22 -17065.1
2.295 39.3688 1996.7 -17013.4
2.3 -0.0903741 -75.5677 -24.3922
