0.1 -5.96679e-18 -0.0158338 2.7624e-20
0.2 -1.22977e-17 -0.0319198 5.69337e-20
0.3 1.88593e-17 -0.0483403 -8.73114e-20
0.4 -1.36151e-16 -0.0653189 6.30327e-19
0.5 -1.15249e-16 -0.0826282 5.33562e-19
0.6 -1.49613e-16 -0.100268 6.92652e-19
0.7 -1.35079e-16 -0.118259 6.25364e-19
0.8 -7.67789e-17 -0.136623 3.55458e-19
0.9 -2.21166e-16 -0.155382 1.02392e-18
1 -2.16301e-16 -0.174565 1.00139e-18
0.005 7.60904e-07 -0.174565 -2.64203e-09
0.01 3.80873e-06 -0.174565 -1.32248e-08
0.015 9.90448e-06 -0.174565 -3.43905e-08
0.02 1.90314e-05 -0.174565 -6.60812e-08
0.025 3.11598e-05 -0.174565 -1.08194e-07
0.03 4.62543e-05 -0.174565 -1.60605e-07
0.035 6.42777e-05 -0.174565 -2.23186e-07
0.04 8.51879e-05 -0.174566 -2.95791e-07
0.045 0.000108925 -0.174566 -3.78213e-07
0.05 0.000135404 -0.174566 -4.70152e-07
0.055 0.000164513 -0.174566 -5.71227e-07
0.06 0.00019613 -0.174566 -6.81007e-07
0.065 0.000230132 -0.174566 -7.9907e-07
0.07 0.000266414 -0.174566 -9.25049e-07
0.075 0.000304867 -0.174566 -1.05856e-06
0.08 0.000345354 -0.174566 -1.19914e-06
0.085 0.000387714 -0.174566 -1.34623e-06
0.09 0.000431781 -0.174567 -1.49924e-06
0.095 0.000477398 -0.174567 -1.65763e-06
0.1 0.000524409 -0.174567 -1.82086e-06
0.105 0.000572635 -0.174567 -1.98831e-06
0.11 0.000621851 -0.174567 -2.1592e-06
0.115 0.00067179 -0.174567 -2.3326e-06
0.12 0.000722186 -0.174567 -2.50759e-06
0.125 0.000772745 -0.174568 -2.68314e-06
0.13 0.000823086 -0.174568 -2.85793e-06
0.135 0.000872796 -0.174568 -3.03054e-06
0.14 0.000921581 -0.174568 -3.19993e-06
0.145 0.000969305 -0.174568 -3.36564e-06
0.15 0.00101593 -0.174568 -3.52754e-06
0.155 0.00106143 -0.174569 -3.68551e-06
0.16 0.00110565 -0.174569 -3.83906e-06
0.165 0.00114835 -0.174569 -3.9873e-06
0.17 0.00118923 -0.174569 -4.12926e-06
0.175 0.00122806 -0.174569 -4.26409e-06
0.18 0.0012647 -0.174569 -4.3913e-06
0.185 0.00129915 -0.174569 -4.51092e-06
0.19 0.00133148 -0.174569 -4.62317e-06
0.195 0.00136175 -0.174569 -4.72828e-06
0.2 0.00139008 -0.17457 -4.82666e-06
0.205 0.00141645 -0.17457 -4.91821e-06
0.21 0.00144037 -0.17457 -5.00128e-06
0.215 0.00146107 -0.17457 -5.07314e-06
0.22 0.00147787 -0.17457 -5.13148e-06
0.225 0.00149044 -0.17457 -5.17514e-06
0.23 0.00149877 -0.17457 -5.20405e-06
0.235 0.00150318 -0.17457 -5.21936e-06
0.24 0.00150438 -0.17457 -5.22351e-06
0.245 0.00150311 -0.17457 -5.21913e-06
0.25 0.00149955 -0.17457 -5.20677e-06
0.255 0.00149292 -0.17457 -5.18372e-06
0.26 0.00148164 -0.17457 -5.14456e-06
0.265 0.00146362 -0.17457 -5.08199e-06
0.27 0.00143645 -0.17457 -4.98766e-06
0.275 0.00139774 -0.17457 -4.85323e-06
0.28 0.00134527 -0.17457 -4.67107e-06
0.285 0.00127701 -0.17457 -4.43405e-06
0.29 0.00119089 -0.17457 -4.13502e-06
0.295 0.00108466 -0.17457 -3.76615e-06
0.3 0.00095591 -0.17457 -3.31911e-06
0.305 0.000802731 -0.17457 -2.78724e-06
0.31 0.000624405 -0.17457 -2.16805e-06
0.315 0.000421491 -0.17457 -1.46349e-06
0.32 0.000195439 -0.17457 -6.78591e-07
0.325 -5.16912e-05 -0.17457 1.79245e-07
0.33 -0.000317418 -0.174571 1.10167e-06
0.335 -0.000599205 -0.174572 2.08016e-06
0.34 -0.000895103 -0.174573 3.10766e-06
0.345 -0.00120423 -0.174574 4.18108e-06
0.35 -0.00152665 -0.174575 5.30064e-06
0.355 -0.00186284 -0.174576 6.46799e-06
0.36 -0.00221329 -0.174577 7.68487e-06
0.365 -0.00257868 -0.174578 8.95359e-06
0.37 -0.00296032 -0.174579 1.02787e-05
0.375 -0.00336105 -0.17458 1.16702e-05
0.38 -0.00378619 -0.174582 1.31464e-05
0.385 -0.00424423 -0.174583 1.47367e-05
0.39 -0.004746 -0.174585 1.6479e-05
0.395 -0.00530003 -0.174586 1.84027e-05
0.4 -0.00590665 -0.174588 2.05089e-05
0.405 -0.00655805 -0.17459 2.27707e-05
0.41 -0.00724313 -0.174592 2.51494e-05
0.415 -0.00795111 -0.174594 2.76075e-05
0.42 -0.00867316 -0.174597 3.01146e-05
0.425 -0.00940329 -0.174599 3.26497e-05
0.43 -0.0101387 -0.174601 3.5203e-05
0.435 -0.0108795 -0.174603 3.77752e-05
0.44 -0.0116276 -0.174606 4.03725e-05
0.445 -0.0123846 -0.174608 4.30007e-05
0.45 -0.0131512 -0.17461 4.56626e-05
0.455 -0.0139279 -0.174613 4.83591e-05
0.46 -0.0147146 -0.174615 5.10905e-05
0.465 -0.0155107 -0.174617 5.38546e-05
0.47 -0.0163139 -0.17462 5.66433e-05
0.475 -0.0171199 -0.174622 5.94417e-05
0.48 -0.0179237 -0.174625 6.22327e-05
0.485 -0.0187208 -0.174627 6.50001e-05
0.49 -0.0195067 -0.17463 6.77286e-05
0.495 -0.0202776 -0.174632 7.0405e-05
0.5 -0.0210309 -0.174634 7.30204e-05
0.505 -0.0217649 -0.174636 7.5569e-05
0.51 -0.0224782 -0.174639 7.80452e-05
0.515 -0.0231685 -0.174641 8.04419e-05
0.52 -0.0238338 -0.174643 8.27517e-05
0.525 -0.0244727 -0.174645 8.49698e-05
0.53 -0.0250853 -0.174647 8.70968e-05
0.535 -0.0256743 -0.174648 8.91417e-05
0.54 -0.0262464 -0.17465 9.1128e-05
0.545 -0.026814 -0.174652 9.30986e-05
0.55 -0.0273939 -0.174654 9.51118e-05
0.555 -0.0279989 -0.174655 9.72123e-05
0.56 -0.0286285 -0.174657 9.9398e-05
0.565 -0.0292686 -0.174659 0.00010162
0.57 -0.0298994 -0.174661 0.00010381
0.575 -0.0305011 -0.174663 0.000105899
0.58 -0.0310557 -0.174665 0.000107825
0.585 -0.0315484 -0.174666 0.000109535
0.59 -0.0319694 -0.174668 0.000110997
0.595 -0.0323167 -0.174669 0.000112203
0.6 -0.0325973 -0.174669 0.000113177
0.605 -0.0328244 -0.17467 0.000113965
0.61 -0.0330145 -0.174671 0.000114625
0.615 -0.0331863 -0.174671 0.000115222
0.62 -0.0333607 -0.174672 0.000115827
0.625 -0.0335625 -0.174672 0.000116527
0.63 -0.0338215 -0.174673 0.000117427
0.635 -0.034173 -0.174674 0.000118647
0.64 -0.0346538 -0.174676 0.000120316
0.645 -0.0352958 -0.174678 0.000122545
0.65 -0.0361138 -0.17468 0.000125385
0.655 -0.0370958 -0.174683 0.000128794
0.66 -0.0382041 -0.174687 0.000132641
0.665 -0.039384 -0.17469 0.000136738
0.67 -0.0405762 -0.174694 0.000140876
0.675 -0.0417288 -0.174697 0.000144878
0.68 -0.0428104 -0.174701 0.000148633
0.685 -0.0438191 -0.174704 0.000152135
0.69 -0.0447789 -0.174707 0.000155466
0.695 -0.0457273 -0.17471 0.000158759
0.7 -0.0467065 -0.174713 0.000162158
0.705 -0.0477573 -0.174716 0.000165806
0.71 -0.0489151 -0.174719 0.000169825
0.715 -0.050211 -0.174723 0.000174324
0.72 -0.0516732 -0.174728 0.0001794
0.725 -0.0533226 -0.174733 0.000185125
0.73 -0.0551676 -0.174739 0.00019153
0.735 -0.057204 -0.174745 0.000198599
0.74 -0.0594176 -0.174752 0.000206283
0.745 -0.0617862 -0.174759 0.000214505
0.75 -0.064277 -0.174767 0.000223151
0.755 -0.066845 -0.174775 0.000232065
0.76 -0.0694377 -0.174783 0.000241065
0.765 -0.0720059 -0.174791 0.000249979
0.77 -0.0745226 -0.174798 0.000258715
0.775 -0.0769949 -0.174806 0.000267296
0.78 -0.0794542 -0.174814 0.000275832
0.785 -0.0819383 -0.174821 0.000284454
0.79 -0.0844812 -0.174829 0.00029328
0.795 -0.0871104 -0.174837 0.000302406
0.8 -0.08985 -0.174846 0.000311915
0.805 -0.0927227 -0.174855 0.000321885
0.81 -0.0957454 -0.174864 0.000332376
0.815 -0.0989198 -0.174874 0.000343393
0.82 -0.102229 -0.174884 0.000354877
0.825 -0.105644 -0.174895 0.000366728
0.83 -0.109131 -0.174906 0.00037883
0.835 -0.112656 -0.174917 0.000391066
0.84 -0.116202 -0.174928 0.000403368
0.845 -0.119779 -0.174939 0.000415783
0.85 -0.123427 -0.17495 0.000428443
0.855 -0.127194 -0.174962 0.000441516
0.86 -0.131129 -0.174975 0.000455168
0.865 -0.135258 -0.174988 0.000469498
0.87 -0.139579 -0.175001 0.00048449
0.875 -0.144062 -0.175015 0.000500048
0.88 -0.148677 -0.17503 0.000516058
0.885 -0.153394 -0.175045 0.000532426
0.89 -0.158196 -0.17506 0.000549085
0.895 -0.163083 -0.175075 0.000566043
0.9 -0.168083 -0.175091 0.000583389
0.905 -0.173233 -0.175107 0.000601255
0.91 -0.178568 -0.175124 0.000619763
0.915 -0.184118 -0.175142 0.00063902
0.92 -0.189909 -0.17516 0.000659108
0.925 -0.195963 -0.17518 0.000680109
0.93 -0.202308 -0.1752 0.000702118
0.935 -0.208981 -0.175221 0.000725265
0.94 -0.216033 -0.175244 0.000749726
0.945 -0.223528 -0.175268 0.000775719
0.95 -0.231527 -0.175293 0.000803464
0.955 -0.240068 -0.175321 0.000833084
0.96 -0.249134 -0.17535 0.000864526
0.965 -0.258664 -0.175381 0.000897572
0.97 -0.268575 -0.175413 0.000931942
0.975 -0.278792 -0.175446 0.000967365
0.98 -0.289249 -0.17548 0.00100362
0.985 -0.29991 -0.175515 0.00104058
0.99 -0.310785 -0.17555 0.00107828
0.995 -0.321923 -0.175587 0.00111689
1 -0.333387 -0.175625 0.00115663
1.005 -0.345231 -0.175664 0.00119768
1.01 -0.357482 -0.175704 0.00124014
1.015 -0.370135 -0.175746 0.00128399
1.02 -0.383163 -0.175789 0.00132914
1.025 -0.39654 -0.175834 0.00137549
1.03 -0.41024 -0.175879 0.00142295
1.035 -0.424245 -0.175926 0.00147147
1.04 -0.438537 -0.175974 0.00152098
1.045 -0.453093 -0.176023 0.0015714
1.05 -0.467886 -0.176073 0.00162263
1.055 -0.48289 -0.176124 0.00167459
1.06 -0.498093 -0.176176 0.00172724
1.065 -0.51351 -0.176229 0.00178062
1.07 -0.529186 -0.176282 0.00183489
1.075 -0.545185 -0.176337 0.00189027
1.08 -0.56157 -0.176394 0.00194698
1.085 -0.578361 -0.176452 0.0020051
1.09 -0.595514 -0.176511 0.00206446
1.095 -0.612929 -0.176572 0.00212472
1.1 -0.630478 -0.176633 0.00218543
1.105 -0.648032 -0.176694 0.00224616
1.11 -0.665477 -0.176756 0.00230651
1.115 -0.682718 -0.176816 0.00236613
1.12 -0.69969 -0.176877 0.00242483
1.125 -0.716366 -0.176936 0.00248249
1.13 -0.73275 -0.176994 0.00253914
1.135 -0.748872 -0.177052 0.00259487
1.14 -0.764773 -0.177109 0.00264984
1.145 -0.78051 -0.177166 0.00270423
1.15 -0.796145 -0.177222 0.00275827
1.155 -0.811739 -0.177278 0.00281216
1.16 -0.827341 -0.177335 0.00286606
1.165 -0.84299 -0.177392 0.00292013
1.17 -0.858721 -0.17745 0.00297448
1.175 -0.874572 -0.177508 0.00302923
1.18 -0.890579 -0.177566 0.00308452
1.185 -0.906781 -0.177626 0.00314048
1.19 -0.923218 -0.177687 0.00319724
1.195 -0.939935 -0.177749 0.00325496
1.2 -0.956975 -0.177812 0.0033138
1.205 -0.974372 -0.177877 0.00337386
1.21 -0.992129 -0.177944 0.00343515
1.215 -1.0102 -0.178012 0.00349752
1.22 -1.0285 -0.178081 0.0035607
1.225 -1.04695 -0.178151 0.00362434
1.23 -1.06542 -0.178221 0.00368809
1.235 -1.08384 -0.178291 0.00375163
1.24 -1.10213 -0.178361 0.0038147
1.245 -1.12025 -0.178431 0.0038772
1.25 -1.13823 -0.1785 0.00393924
1.255 -1.15615 -0.178569 0.004001
1.26 -1.17402 -0.178639 0.00406263
1.265 -1.19183 -0.178708 0.00412402
1.27 -1.20949 -0.178777 0.00418492
1.275 -1.22692 -0.178846 0.00424499
1.28 -1.24404 -0.178913 0.00430402
1.285 -1.26089 -0.17898 0.00436205
1.29 -1.27752 -0.179046 0.00441938
1.295 -1.29406 -0.179112 0.00447637
1.3 -1.31061 -0.179178 0.00453339
1.305 -1.32724 -0.179244 0.00459065
1.31 -1.34392 -0.179311 0.00464813
1.315 -1.3606 -0.179379 0.00470557
1.32 -1.37717 -0.179446 0.00476263
1.325 -1.39354 -0.179512 0.00481899
1.33 -1.40964 -0.179578 0.00487444
1.335 -1.42546 -0.179642 0.00492889
1.34 -1.44103 -0.179704 0.00498233
1.345 -1.45644 -0.179764 0.00503505
1.35 -1.47178 -0.179824 0.00508755
1.355 -1.48713 -0.179884 0.0051401
1.36 -1.50257 -0.179944 0.00519291
1.365 -1.51809 -0.180005 0.00524602
1.37 -1.53367 -0.180067 0.00529932
1.375 -1.54927 -0.180128 0.00535267
1.38 -1.5649 -0.180188 0.00540594
1.385 -1.58061 -0.180246 0.00545933
1.39 -1.59643 -0.180305 0.00551313
1.395 -1.61238 -0.180365 0.00556734
1.4 -1.6284 -0.180426 0.00562182
1.405 -1.64445 -0.180487 0.00567638
1.41 -1.66048 -0.180547 0.00573084
1.415 -1.67647 -0.180603 0.00578482
1.42 -1.69246 -0.180655 0.00583847
1.425 -1.70851 -0.180708 0.00589236
1.43 -1.72471 -0.180761 0.00594679
1.435 -1.74119 -0.180816 0.00600212
1.44 -1.75804 -0.180872 0.00605872
1.445 -1.77539 -0.180922 0.00611667
1.45 -1.79334 -0.180967 0.00617632
1.455 -1.8119 -0.181014 0.00623805
1.46 -1.83105 -0.181064 0.00630173
1.465 -1.8507 -0.181114 0.00636706
1.47 -1.87077 -0.181161 0.00643338
1.475 -1.89117 -0.181204 0.00650046
1.48 -1.91182 -0.181248 0.00656841
1.485 -1.93269 -0.181284 0.00663675
1.49 -1.95373 -0.181314 0.00670539
1.495 -1.97493 -0.181344 0.00677456
1.5 -1.9963 -0.181376 0.00684432
1.505 -2.01785 -0.181409 0.00691468
1.51 -2.03958 -0.181442 0.00698561
1.515 -2.06149 -0.181477 0.00705713
1.52 -2.08362 -0.181506 0.007129
1.525 -2.10604 -0.181513 0.00720095
1.53 -2.12883 -0.181504 0.00727362
1.535 -2.15208 -0.181497 0.0073478
1.54 -2.17586 -0.181491 0.00742371
1.545 -2.20023 -0.181486 0.00750148
1.55 -2.22516 -0.181482 0.00758107
1.555 -2.25058 -0.18148 0.00766222
1.56 -2.27637 -0.181478 0.00774456
1.565 -2.30243 -0.181477 0.00782773
1.57 -2.32864 -0.181477 0.0079114
1.575 -2.35497 -0.181478 0.0079954
1.58 -2.3814 -0.181476 0.00807967
1.585 -2.40798 -0.181451 0.00816362
1.59 -2.43477 -0.181404 0.00824754
1.595 -2.46181 -0.181359 0.00833227
1.6 -2.48914 -0.181316 0.00841795
1.605 -2.5168 -0.181273 0.00850466
1.61 -2.54482 -0.181232 0.00859248
1.615 -2.57319 -0.181191 0.00868144
1.62 -2.6019 -0.181151 0.00877147
1.625 -2.63093 -0.181111 0.00886247
1.63 -2.66024 -0.181072 0.00895433
1.635 -2.6898 -0.181033 0.00904697
1.64 -2.71961 -0.180995 0.00914039
1.645 -2.7497 -0.180955 0.00923458
1.65 -2.7801 -0.18089 0.00932905
1.655 -2.81084 -0.180804 0.00942397
1.66 -2.84193 -0.180715 0.00951982
1.665 -2.87338 -0.180625 0.00961659
1.67 -2.90515 -0.18053 0.00971413
1.675 -2.9372 -0.180432 0.00981229
1.68 -2.96948 -0.180335 0.00991114
1.685 -3.00189 -0.180239 0.0100104
1.69 -3.03432 -0.180132 0.0101091
1.695 -3.06663 -0.180016 0.0102069
1.7 -3.09868 -0.179903 0.010304
1.705 -3.13032 -0.179793 0.0103998
1.71 -3.1615 -0.179686 0.0104942
1.715 -3.19215 -0.17958 0.0105869
1.72 -3.22229 -0.179464 0.0106775
1.725 -3.25191 -0.179329 0.0107658
1.73 -3.28102 -0.179181 0.0108523
1.735 -3.30964 -0.179032 0.0109371
1.74 -3.33782 -0.178888 0.0110205
1.745 -3.36559 -0.178746 0.0111027
1.75 -3.39301 -0.178594 0.0111833
1.755 -3.42017 -0.178432 0.0112625
1.76 -3.44718 -0.178272 0.0113413
1.765 -3.4742 -0.178113 0.0114202
1.77 -3.50143 -0.177954 0.0114996
1.775 -3.52904 -0.177794 0.0115802
1.78 -3.55717 -0.177618 0.0116616
1.785 -3.58592 -0.177425 0.0117442
1.79 -3.61538 -0.177229 0.0118288
1.795 -3.6456 -0.177028 0.0119156
1.8 -3.67668 -0.176822 0.0120048
1.805 -3.70869 -0.176603 0.0120963
1.81 -3.74168 -0.176354 0.0121896
1.815 -3.77566 -0.176081 0.0122848
1.82 -3.81054 -0.175803 0.0123826
1.825 -3.84615 -0.17552 0.0124824
1.83 -3.88226 -0.175232 0.0125838
1.835 -3.91864 -0.174923 0.0126855
1.84 -3.95509 -0.174599 0.0127866
1.845 -3.99143 -0.174271 0.0128874
1.85 -4.02756 -0.17394 0.0129876
1.855 -4.06341 -0.17361 0.0130868
1.86 -4.09901 -0.173271 0.0131847
1.865 -4.13438 -0.172918 0.0132814
1.87 -4.16955 -0.172564 0.0133774
1.875 -4.20452 -0.172213 0.0134729
1.88 -4.23931 -0.171865 0.0135678
1.885 -4.27393 -0.171517 0.013662
1.89 -4.30838 -0.171168 0.0137555
1.895 -4.34269 -0.170815 0.0138485
1.9 -4.37687 -0.170458 0.0139412
1.905 -4.41098 -0.170103 0.0140336
1.91 -4.44504 -0.169749 0.0141257
1.915 -4.47908 -0.169396 0.0142177
1.92 -4.5131 -0.169044 0.0143094
1.925 -4.54703 -0.168693 0.0144008
1.93 -4.58078 -0.168344 0.0144916
1.935 -4.61425 -0.167996 0.0145814
1.94 -4.64737 -0.16765 0.01467
1.945 -4.68011 -0.167307 0.0147574
1.95 -4.71248 -0.166955 0.0148439
1.955 -4.74451 -0.166597 0.0149294
1.96 -4.77628 -0.166243 0.0150141
1.965 -4.80782 -0.165892 0.015098
1.97 -4.83912 -0.165544 0.0151814
1.975 -4.87013 -0.165199 0.0152639
1.98 -4.9008 -0.164854 0.0153452
1.985 -4.93114 -0.164506 0.0154251
1.99 -4.9612 -0.164161 0.0155041
1.995 -4.99107 -0.163819 0.0155823
2 -5.02083 -0.163479 0.0156601
2.005 -5.05051 -0.16314 0.0157375
2.01 -5.08009 -0.162803 0.0158145
2.015 -5.10952 -0.162468 0.0158908
2.02 -5.13873 -0.162136 0.0159663
2.025 -5.16766 -0.161809 0.0160401
2.03 -5.19628 -0.161485 0.0161124
2.035 -5.22461 -0.161166 0.0161838
2.04 -5.25274 -0.160848 0.0162545
2.045 -5.28077 -0.160533 0.0163247
2.05 -5.30883 -0.16021 0.0163944
2.055 -5.33702 -0.159879 0.0164639
2.06 -5.36544 -0.159546 0.0165337
2.065 -5.39411 -0.159211 0.0166038
2.07 -5.42294 -0.158875 0.016674
2.075 -5.45176 -0.158539 0.0167436
2.08 -5.48033 -0.158206 0.0168104
2.085 -5.50841 -0.157879 0.0168742
2.09 -5.53581 -0.157565 0.0169364
2.095 -5.5624 -0.157264 0.0169966
2.1 -5.58818 -0.156974 0.0170548
2.105 -5.61319 -0.156696 0.017111
2.11 -5.63749 -0.156435 0.0171648
2.115 -5.66117 -0.156198 0.0172151
2.12 -5.6843 -0.155977 0.0172628
2.125 -5.70696 -0.155761 0.0173097
2.13 -5.72928 -0.155549 0.0173558
2.135 -5.75137 -0.155339 0.0174015
2.14 -5.77332 -0.155131 0.0174469
2.145 -5.79519 -0.154925 0.0174921
2.15 -5.81704 -0.15472 0.0175373
2.155 -5.83893 -0.154515 0.0175825
2.16 -5.86097 -0.15431 0.0176279
2.165 -5.88325 -0.154103 0.0176738
2.17 -5.90588 -0.153887 0.0177201
2.175 -5.92895 -0.153664 0.0177672
2.18 -5.95256 -0.153437 0.0178153
2.185 -5.97679 -0.153205 0.0178647
2.19 -6.00171 -0.152969 0.0179153
2.195 -6.02725 -0.15273 0.0179671
2.2 -6.05323 -0.152488 0.0180197
2.205 -6.07934 -0.152247 0.0180724
2.21 -6.10521 -0.152012 0.0181244
2.215 -6.13048 -0.15179 0.0181745
2.22 -6.15488 -0.15158 0.0182224
2.225 -6.17818 -0.151379 0.0182684
2.23 -6.20023 -0.15119 0.0183119
2.235 -6.22096 -0.151013 0.0183527
2.24 -6.24039 -0.150851 0.0183909
2.245 -6.25857 -0.150704 0.0184266
2.25 -6.27556 -0.150566 0.01846
2.255 -6.29141 -0.150439 0.0184911
2.26 -6.30611 -0.150321 0.0185199
2.265 -6.31965 -0.150212 0.0185465
2.27 -6.33204 -0.150107 0.018571
2.275 -6.34333 -0.150007 0.0185936
2.28 -6.35362 -0.149915 0.0186142
2.285 -6.36308 -0.149832 0.0186331
2.29 -6.37184 -0.149755 0.0186506
2.295 -6.38001 -0.149683 0.018667
2.3 -6.38766 -0.149617 0.0186822
2.305 -6.39484 -0.149554 0.0186965
2.31 -6.40159 -0.149495 0.01871
2.315 -6.40801 -0.14944 0.0187228
2.32 -6.4142 -0.149386 0.0187351
2.325 -6.42028 -0.149334 0.0187472
2.33 -6.42631 -0.149282 0.0187592
2.335 -6.43227 -0.14923 0.0187711
2.34 -6.43804 -0.149181 0.0187826
2.345 -6.44345 -0.149135 0.0187934
2.35 -6.44829 -0.149093 0.018803
2.355 -6.45236 -0.149058 0.0188111
2.36 -6.45543 -0.149032 0.0188172
2.365 -6.45729 -0.149016 0.0188209
2.37 -6.45772 -0.149013 0.0188217
2.375 -6.45652 -0.149024 0.0188192
2.38 -6.45354 -0.14906 0.0188114
2.385 -6.44867 -0.149127 0.0187975
2.39 -6.44193 -0.149218 0.0187784
2.395 -6.4334 -0.149334 0.0187543
2.4 -6.42327 -0.149471 0.0187258
2.405 -6.41175 -0.149628 0.0186936
2.41 -6.39907 -0.149801 0.0186581
2.415 -6.38545 -0.149989 0.0186203
2.42 -6.37111 -0.150188 0.0185805
2.425 -6.35623 -0.150396 0.0185394
2.43 -6.34092 -0.150612 0.0184972
2.435 -6.32522 -0.150836 0.0184541
2.44 -6.30907 -0.151067 0.0184099
2.445 -6.29239 -0.151308 0.0183645
2.45 -6.27507 -0.15156 0.0183173
2.455 -6.25702 -0.151825 0.0182683
2.46 -6.23817 -0.152096 0.0182172
2.465 -6.21849 -0.152375 0.0181639
2.47 -6.19795 -0.152669 0.0181084
2.475 -6.17651 -0.152978 0.0180506
2.48 -6.1541 -0.153303 0.0179902
2.485 -6.13073 -0.153643 0.0179274
2.49 -6.10646 -0.153997 0.0178622
2.495 -6.08141 -0.154364 0.017795
2.5 -6.05574 -0.15473 0.0177259
2.505 -6.02961 -0.155094 0.0176554
2.51 -6.00319 -0.155459 0.0175841
2.515 -5.9766 -0.155825 0.0175124
2.52 -5.94997 -0.156192 0.0174407
2.525 -5.92335 -0.15656 0.0173691
2.53 -5.89681 -0.156928 0.0172977
2.535 -5.87042 -0.157294 0.0172267
2.54 -5.84429 -0.157652 0.0171567
2.545 -5.81859 -0.158001 0.0170881
2.55 -5.79347 -0.158343 0.017021
2.555 -5.76905 -0.158675 0.0169558
2.56 -5.74541 -0.158997 0.0168927
2.565 -5.72258 -0.159309 0.0168318
2.57 -5.70055 -0.15961 0.016773
2.575 -5.67927 -0.159901 0.0167162
2.58 -5.65869 -0.160182 0.0166613
2.585 -5.6388 -0.160457 0.0166083
2.59 -5.61962 -0.160724 0.0165572
2.595 -5.60122 -0.16098 0.0165082
2.6 -5.58369 -0.161225 0.0164616
2.605 -5.56713 -0.161456 0.0164175
2.61 -5.55161 -0.161672 0.0163762
2.615 -5.53713 -0.161874 0.0163376
2.62 -5.52363 -0.162063 0.0163017
2.625 -5.51099 -0.162239 0.016268
2.63 -5.49911 -0.162405 0.0162364
2.635 -5.48785 -0.162562 0.0162064
2.64 -5.47712 -0.162712 0.0161779
2.645 -5.46684 -0.162856 0.0161505
2.65 -5.45696 -0.162993 0.0161242
2.655 -5.44747 -0.163123 0.0160988
2.66 -5.43838 -0.163243 0.0160744
2.665 -5.42975 -0.163357 0.0160513
2.67 -5.42163 -0.163465 0.0160295
2.675 -5.41412 -0.163565 0.0160093
2.68 -5.40731 -0.163655 0.0159911
2.685 -5.40136 -0.163734 0.0159751
2.69 -5.39643 -0.1638 0.0159619
2.695 -5.39265 -0.16385 0.0159517
2.7 -5.3901 -0.163884 0.0159449
2.705 -5.38882 -0.163901 0.0159415
2.71 -5.38874 -0.163902 0.0159413
2.715 -5.3897 -0.163889 0.0159438
2.72 -5.39149 -0.163868 0.0159488
2.725 -5.39386 -0.163843 0.0159555
2.73 -5.39655 -0.163813 0.0159631
2.735 -5.39931 -0.163783 0.0159709
2.74 -5.40193 -0.163754 0.0159783
2.745 -5.40422 -0.163729 0.0159848
2.75 -5.4061 -0.163708 0.0159901
2.755 -5.40752 -0.163692 0.0159941
2.76 -5.40852 -0.163681 0.0159969
2.765 -5.40914 -0.163674 0.0159986
2.77 -5.40942 -0.163671 0.0159994
2.775 -5.40934 -0.163672 0.0159992
2.78 -5.40884 -0.163678 0.0159978
2.785 -5.40782 -0.163689 0.0159949
2.79 -5.40621 -0.163707 0.0159904
2.795 -5.40397 -0.163732 0.0159841
2.8 -5.40109 -0.163765 0.015976
2.805 -5.3976 -0.163805 0.0159663
2.81 -5.39355 -0.163852 0.015955
2.815 -5.38901 -0.163905 0.0159424
2.82 -5.38402 -0.163966 0.0159287
2.825 -5.37855 -0.164035 0.0159137
2.83 -5.3725 -0.164113 0.0158972
2.835 -5.36568 -0.164201 0.0158787
2.84 -5.35783 -0.164303 0.0158575
2.845 -5.34869 -0.164423 0.0158328
2.85 -5.33802 -0.164563 0.0158041
2.855 -5.32561 -0.164728 0.0157707
2.86 -5.31128 -0.164918 0.0157321
2.865 -5.29482 -0.165138 0.015688
2.87 -5.27602 -0.165389 0.0156375
2.875 -5.25464 -0.165674 0.0155802
2.88 -5.23046 -0.165998 0.0155154
2.885 -5.20325 -0.166362 0.0154426
2.89 -5.17282 -0.16677 0.0153611
2.895 -5.13898 -0.167224 0.0152705
2.9 -5.10153 -0.167726 0.0151702
2.905 -5.06029 -0.168279 0.0150598
2.91 -5.01507 -0.168886 0.0149387
2.915 -4.96577 -0.169548 0.0148067
2.92 -4.91235 -0.170255 0.0146633
2.925 -4.85482 -0.171005 0.0145084
2.93 -4.7932 -0.17181 0.0143425
2.935 -4.72747 -0.172668 0.0141656
2.94 -4.65759 -0.173572 0.0139776
2.945 -4.58351 -0.174523 0.0137785
2.95 -4.50526 -0.175526 0.013568
2.955 -4.42289 -0.176589 0.0133465
2.96 -4.33642 -0.177715 0.0131143
2.965 -4.24577 -0.178898 0.0128708
2.97 -4.15079 -0.180141 0.0126158
2.975 -4.05123 -0.181443 0.0123483
2.98 -3.94679 -0.182807 0.0120675
2.985 -3.8372 -0.184193 0.0117709
2.99 -3.72228 -0.185585 0.0114582
2.995 -3.6019 -0.186958 0.011128
3 -3.47597 -0.18832 0.0107794
3.005 -3.34439 -0.189611 0.0104093
3.01 -3.20703 -0.190756 0.0100137
3.015 -3.06376 -0.191822 0.00959663
3.02 -2.91443 -0.192791 0.00915655
3.025 -2.75891 -0.193598 0.00868753
3.03 -2.59703 -0.194253 0.00819186
3.035 -2.42869 -0.194732 0.00766883
3.04 -2.2538 -0.195004 0.00711343
3.045 -2.07229 -0.19515 0.00652996
3.05 -1.88418 -0.195276 0.00592456
3.055 -1.6895 -0.195389 0.00529589
3.06 -1.48839 -0.195441 0.00464065
3.065 -1.281 -0.195458 0.00396458
3.07 -1.0675 -0.195398 0.00326884
3.075 -0.848042 -0.195217 0.00254624
3.08 -0.622747 -0.195 0.00179184
3.085 -0.391691 -0.194867 0.00101119
3.09 -0.15492 -0.194938 0.000212294
3.095 0.087502 -0.195164 -0.000604374
3.1 0.335473 -0.195451 -0.001436
3.105 0.588888 -0.195756 -0.00227886
3.11 0.847698 -0.196074 -0.00313433
3.115 1.11193 -0.196342 -0.00400155
3.12 1.3817 -0.196244 -0.00486986
3.125 1.65721 -0.195868 -0.00574342
3.13 1.93872 -0.195352 -0.00662932
3.135 2.22651 -0.194543 -0.00752475
3.14 2.52084 -0.1935 -0.00842866
3.145 2.82198 -0.192154 -0.00933785
3.15 3.1301 -0.190322 -0.0102444
3.155 3.44537 -0.188048 -0.0111479
3.16 3.76782 -0.185114 -0.0120478
3.165 4.09742 -0.181572 -0.0129444
3.17 4.43402 -0.177685 -0.0138505
3.175 4.77745 -0.173527 -0.0147695
3.18 5.12753 -0.169167 -0.0156877
3.185 5.48415 -0.164626 -0.0165733
3.19 5.84729 -0.160772 -0.0173393
3.195 6.21704 -0.157656 -0.0180234
3.2 6.59359 -0.154793 -0.0187166
3.205 6.97712 -0.152256 -0.0194227
3.21 7.36778 -0.149428 -0.0201871
3.215 7.76566 -0.146242 -0.021005
3.22 8.17076 -0.142936 -0.0218553
3.225 8.58296 -0.139728 -0.0227318
3.23 9.00206 -0.136837 -0.0236229
3.235 9.42786 -0.133702 -0.0245585
3.24 9.86016 -0.130611 -0.025532
3.245 10.2988 -0.127564 -0.0265343
3.25 10.7439 -0.124122 -0.0275694
3.255 11.1955 -0.120845 -0.0286179
3.26 11.6538 -0.117919 -0.0296784
3.265 12.119 -0.115247 -0.0307528
3.27 12.5915 -0.113067 -0.0318411
3.275 13.0714 -0.112305 -0.0329407
3.28 13.5586 -0.136955 -0.0339842
3.285 14.0503 6.35864 -0.0569269
