0.1 2.04519e-31 200 6.66134e-14
0.2 5.84341e-32 400 1.19016e-13
0.3 6.42776e-31 600 1.97176e-13
0.4 -2.33737e-31 800 -4.76064e-13
0.5 2.33737e-31 1000 -2.98428e-13
0.6 -1.45355e-30 1200 2.66454e-14
0.7 -7.0121e-31 1400 6.60805e-13
0.8 4.67473e-31 1600 5.41789e-13
0.9 1.40242e-30 1800 -7.70939e-13
1 3.15544e-30 2000 -3.0731e-13
0.005 -1.2603e-05 2000 0.00546273
0.01 -6.3029e-05 2000 0.0272628
0.015 -0.000163857 2000 0.0708141
0.02 -0.000314827 2000 0.136027
0.025 -0.000515445 2000 0.22269
0.03 -0.000765129 2000 0.33055
0.035 -0.00106326 2000 0.45934
0.04 -0.00140914 2000 0.60876
0.045 -0.0018018 2000 0.778384
0.05 -0.00223978 2000 0.967593
0.055 -0.0027213 2000 1.17561
0.06 -0.00324428 2000 1.40153
0.065 -0.00380673 2000 1.64451
0.07 -0.00440688 2000 1.90378
0.075 -0.00504294 2000 2.17855
0.08 -0.00571265 2000 2.46787
0.085 -0.00641334 2000 2.77057
0.09 -0.00714226 2000 3.08546
0.095 -0.00789682 2000 3.41143
0.1 -0.00867444 2000 3.74736
0.105 -0.00947216 2000 4.09197
0.11 -0.0102862 2000 4.44366
0.115 -0.0111123 2000 4.80051
0.12 -0.0119459 2000 5.16063
0.125 -0.0127822 2000 5.52191
0.13 -0.0136149 2000 5.88163
0.135 -0.0144371 2000 6.23684
0.14 -0.0152441 2000 6.58544
0.145 -0.0160335 2000 6.92647
0.15 -0.0168048 2000 7.25966
0.155 -0.0175573 2000 7.58476
0.16 -0.0182888 2000 7.90075
0.165 -0.018995 2000 8.20582
0.17 -0.0196712 2000 8.49797
0.175 -0.0203135 2000 8.77544
0.18 -0.0209195 2000 9.03723
0.185 -0.0214894 2000 9.28341
0.19 -0.0220241 2000 9.51442
0.195 -0.0225248 2000 9.73071
0.2 -0.0229934 2000 9.93317
0.205 -0.0234296 2000 10.1216
0.21 -0.0238253 2000 10.2925
0.215 -0.0241676 2000 10.4404
0.22 -0.0244455 2000 10.5605
0.225 -0.0246535 2000 10.6503
0.23 -0.0247912 2000 10.7098
0.235 -0.0248642 2000 10.7413
0.24 -0.024884 2000 10.7499
0.245 -0.0248607 2000 10.7398
0.25 -0.024795 2000 10.7114
0.255 -0.0246725 2000 10.6585
0.26 -0.0244644 2000 10.5686
0.265 -0.0241318 2000 10.4249
0.27 -0.0236305 2000 10.2084
0.275 -0.0229161 2000 9.89975
0.28 -0.021948 2000 9.48152
0.285 -0.0206883 2000 8.93736
0.29 -0.0190991 2000 8.25083
0.295 -0.0171388 2000 7.40395
0.3 -0.014763 2000 6.37764
0.305 -0.0119365 2000 5.15658
0.31 -0.00864601 2000 3.73508
0.315 -0.00490275 2000 2.11799
0.32 -0.000750082 2000 0.323905
0.325 0.00350132 1999.99 -1.51507
0.33 0.00790465 1999.99 -3.41782
0.335 0.0125643 1999.99 -5.43014
0.34 0.0174569 2000 -7.54331
0.345 0.0225687 2000 -9.75122
0.35 0.0279005 2000 -12.0543
0.355 0.0334601 2000 -14.4558
0.36 0.0392559 2000 -16.9594
0.365 0.0452987 2000 -19.5697
0.37 0.0516104 2000 -22.2963
0.375 0.0582378 2000 -25.1592
0.38 0.0652689 2000 -28.1965
0.385 0.0728439 2000 -31.4689
0.39 0.0811422 2000 -35.0537
0.395 0.0903046 2000 -39.0119
0.4 0.100336 2000 -43.3456
0.405 0.111109 2000 -47.9992
0.41 0.122438 2000 -52.8933
0.415 0.134145 2000 -57.9508
0.42 0.146085 2000 -63.1087
0.425 0.158157 2000 -68.3242
0.43 0.170317 2000 -73.5772
0.435 0.182566 2000 -78.8687
0.44 0.194935 2000 -84.2119
0.445 0.20745 2000 -89.6185
0.45 0.220125 2000 -95.0941
0.455 0.232965 2000 -100.641
0.46 0.24597 2000 -106.259
0.465 0.259131 2000 -111.945
0.47 0.272408 2000 -117.68
0.475 0.285731 2000 -123.436
0.48 0.299019 2000 -129.176
0.485 0.312194 2000 -134.868
0.49 0.325183 2000 -140.479
0.495 0.337924 2000 -145.984
0.5 0.350375 2000 -151.362
0.505 0.362507 2000 -156.603
0.51 0.374294 2000 -161.695
0.515 0.385702 2000 -166.623
0.52 0.396696 2000 -171.373
0.525 0.407254 2000 -175.934
0.53 0.417378 2000 -180.307
0.535 0.427111 2000 -184.512
0.54 0.436565 2000 -188.596
0.545 0.445943 2000 -192.648
0.55 0.455524 2000 -196.787
0.555 0.465521 2000 -201.105
0.56 0.475923 2000 -205.599
0.565 0.486498 2000 -210.167
0.57 0.496921 2000 -214.67
0.575 0.506861 2000 -218.964
0.58 0.516023 2000 -222.922
0.585 0.524163 2000 -226.438
0.59 0.531117 2000 -229.443
0.595 0.536856 2000 -231.922
0.6 0.541491 2000 -233.924
0.605 0.545242 2000 -235.544
0.61 0.548383 2000 -236.901
0.615 0.551221 2000 -238.127
0.62 0.554102 2000 -239.372
0.625 0.557434 2000 -240.812
0.63 0.561713 2000 -242.66
0.635 0.567519 2000 -245.168
0.64 0.575462 2000 -248.599
0.645 0.586066 2000 -253.181
0.65 0.599576 2000 -259.017
0.655 0.615795 2000 -266.024
0.66 0.634099 2000 -273.931
0.665 0.653586 2000 -282.349
0.67 0.673274 2000 -290.855
0.675 0.692307 2000 -299.077
0.68 0.710167 2000 -306.792
0.685 0.726824 2000 -313.988
0.69 0.742671 2000 -320.834
0.695 0.758329 2000 -327.599
0.7 0.774497 2000 -334.583
0.705 0.791845 2000 -342.077
0.71 0.810957 2000 -350.334
0.715 0.83235 2000 -359.576
0.72 0.856486 2000 -370.002
0.725 0.883709 2000 -381.763
0.73 0.91416 2000 -394.918
0.735 0.947766 2000 -409.436
0.74 0.984293 2000 -425.216
0.745 1.02338 2000 -442.099
0.75 1.06447 2000 -459.852
0.755 1.10683 2000 -478.153
0.76 1.1496 2000 -496.627
0.765 1.19195 2000 -514.926
0.77 1.23346 2000 -532.855
0.775 1.27422 2000 -550.466
0.78 1.31477 2000 -567.983
0.785 1.35572 2000 -585.675
0.79 1.39764 2000 -603.783
0.795 1.44098 2000 -622.504
0.8 1.48612 2000 -642.008
0.805 1.53346 2000 -662.458
0.81 1.58326 2000 -683.973
0.815 1.63556 2000 -706.565
0.82 1.69006 2000 -730.11
0.825 1.7463 2000 -754.406
0.83 1.80372 2000 -779.213
0.835 1.86177 2000 -804.29
0.84 1.92013 2000 -829.5
0.845 1.97901 2000 -854.936
0.85 2.03905 2000 -880.873
0.855 2.10104 2000 -907.652
0.86 2.16576 2000 -935.612
0.865 2.23368 2000 -964.955
0.87 2.30473 2000 -995.651
0.875 2.37845 2000 -1027.5
0.88 2.4543 2000 -1060.27
0.885 2.53183 2000 -1093.76
0.89 2.61073 2000 -1127.84
0.895 2.69102 2000 -1162.53
0.9 2.77314 2000 -1198
0.905 2.85769 2000 -1234.53
0.91 2.94528 2000 -1272.37
0.915 3.03638 2000 -1311.72
0.92 3.13139 2000 -1352.77
0.925 3.2307 2000 -1395.67
0.93 3.33475 2000 -1440.62
0.935 3.44415 2000 -1487.88
0.94 3.55972 2000 -1537.81
0.945 3.6825 2000 -1590.85
0.95 3.8135 2000 -1647.45
0.955 3.95332 2000 -1707.85
0.96 4.10167 2000 -1771.94
0.965 4.25754 2000 -1839.28
0.97 4.41958 2000 -1909.29
0.975 4.58652 2000 -1981.41
0.98 4.7573 2000 -2055.19
0.985 4.93134 2000 -2130.37
0.99 5.10877 2000 -2207.03
0.995 5.29039 2000 -2285.49
1 5.47722 2000 -2366.21
1.005 5.67014 2000 -2449.55
1.01 5.86956 2000 -2535.7
1.015 6.07539 1999.99 -2624.62
1.02 6.2872 1999.99 -2716.13
1.025 6.50452 1999.99 -2810.02
1.03 6.72695 1999.99 -2906.11
1.035 6.95416 1999.99 -3004.27
1.04 7.18584 1999.99 -3104.36
1.045 7.42164 1999.99 -3206.23
1.05 7.66109 1999.99 -3309.67
1.055 7.90378 1999.99 -3414.52
1.06 8.14949 1999.99 -3520.67
1.065 8.39846 1999.99 -3628.23
1.07 8.65139 1999.99 -3737.5
1.075 8.90932 1999.99 -3848.93
1.08 9.17324 1999.99 -3962.94
1.085 9.44347 1999.99 -4079.69
1.09 9.71928 1999.99 -4198.84
1.095 9.99903 1999.99 -4319.7
1.1 10.2807 1999.99 -4441.37
1.105 10.5621 1999.99 -4562.97
1.11 10.8416 1999.99 -4683.69
1.115 11.1175 1999.99 -4802.89
1.12 11.3889 1999.99 -4920.12
1.125 11.6553 1999.99 -5035.21
1.13 11.9168 1999.99 -5148.18
1.135 12.1739 1999.99 -5259.23
1.14 12.4272 1999.99 -5368.68
1.145 12.6777 1999.99 -5476.9
1.15 12.9264 1999.99 -5584.34
1.155 13.1742 1999.99 -5691.39
1.16 13.422 1999.99 -5798.41
1.165 13.6702 1999.99 -5905.66
1.17 13.9196 1999.99 -6013.39
1.175 14.1706 1999.99 -6121.84
1.18 14.4239 1999.99 -6231.26
1.185 14.6801 1999.99 -6341.92
1.19 14.9397 1999.99 -6454.09
1.195 15.2036 1999.99 -6568.05
1.2 15.4722 1999.99 -6684.12
1.205 15.7463 1999.99 -6802.51
1.21 16.0257 1999.99 -6923.24
1.215 16.3098 1999.99 -7045.97
1.22 16.5973 1999.99 -7170.18
1.225 16.8867 1999.99 -7295.19
1.23 17.1763 1999.99 -7420.32
1.235 17.4648 1999.99 -7544.91
1.24 17.7508 1999.99 -7668.48
1.245 18.034 1999.99 -7790.83
1.25 18.3148 1999.99 -7912.15
1.255 18.5942 1999.99 -8032.85
1.26 18.8728 1999.99 -8153.17
1.265 19.15 1999.99 -8272.95
1.27 19.4248 1999.99 -8391.64
1.275 19.6956 1999.99 -8508.62
1.28 19.9615 1999.99 -8623.49
1.285 20.2227 1999.99 -8736.33
1.29 20.4805 1999.99 -8847.7
1.295 20.7366 1999.99 -8958.33
1.3 20.9926 1999.99 -9068.93
1.305 21.2495 1999.99 -9179.92
1.31 21.5072 1999.99 -9291.23
1.315 21.7645 1999.99 -9402.38
1.32 22.0199 1999.99 -9512.71
1.325 22.272 1999.99 -9621.61
1.33 22.5197 1999.99 -9728.64
1.335 22.7626 1999.99 -9833.6
1.34 22.9961 2000.01 -9934.96
1.345 23.229 2000 -10035.5
1.35 23.4607 2000 -10135.5
1.355 23.6924 2000 -10235.5
1.36 23.925 2000 -10335.9
1.365 24.1587 1999.99 -10436.8
1.37 24.393 1999.99 -10538
1.375 24.6219 2000.02 -10637.6
1.38 24.8514 2000.03 -10737.1
1.385 25.0839 2000.02 -10837.3
1.39 25.3177 2000.02 -10938.1
1.395 25.553 2000.01 -11039.6
1.4 25.7891 2000.01 -11141.5
1.405 26.0252 2000 -11243.4
1.41 26.2513 2000.05 -11342.3
1.415 26.4757 2000.07 -11439.9
1.42 26.7037 2000.06 -11538
1.425 26.9321 2000.04 -11636.3
1.43 27.1623 2000.03 -11735.4
1.435 27.3957 2000.02 -11836.1
1.44 27.6237 2000.09 -11935.3
1.445 27.8533 2000.13 -12035
1.45 28.0939 2000.1 -12138.5
1.455 28.3422 2000.08 -12245.5
1.46 28.5977 2000.06 -12355.6
1.465 28.8484 2000.11 -12465.2
1.47 29.1043 2000.13 -12576.3
1.475 29.368 2000.1 -12689.6
1.48 29.6287 2000.12 -12802.3
1.485 29.8811 2000.16 -12911.7
1.49 30.1383 2000.13 -13022.2
1.495 30.3968 2000.1 -13133.5
1.5 30.6567 2000.08 -13245.4
1.505 30.9183 2000.06 -13358.1
1.51 31.1814 2000.04 -13471.6
1.515 31.4454 2000.04 -13585.6
1.52 31.684 2000.22 -13690.9
1.525 31.9197 2000.31 -13793.5
1.53 32.1639 2000.25 -13898.2
1.535 32.4121 2000.2 -14004.8
1.54 32.6651 2000.16 -14113.6
1.545 32.9236 2000.12 -14224.9
1.55 33.1874 2000.09 -14338.6
1.555 33.4557 2000.07 -14454.2
1.56 33.7273 2000.05 -14571.4
1.565 34.0011 2000.04 -14689.5
1.57 34.2761 2000.03 -14808.2
1.575 34.5516 2000.02 -14927.1
1.58 34.8016 2000.24 -15037.6
1.585 35.0464 2000.37 -15144.6
1.59 35.2991 2000.3 -15253
1.595 35.5532 2000.23 -15362.1
1.6 35.8091 2000.18 -15472.1
1.605 36.0673 2000.14 -15583.2
1.61 36.3281 2000.11 -15695.6
1.615 36.5914 2000.08 -15809.1
1.62 36.8574 2000.06 -15923.7
1.625 37.1255 2000.04 -16039.4
1.63 37.3956 2000.03 -16155.9
1.635 37.6673 2000.02 -16273.2
1.64 37.9408 2000.01 -16391.3
1.645 38.1907 2000.28 -16501.5
1.65 38.4417 2000.39 -16610.9
1.655 38.6955 2000.34 -16720.5
1.66 38.9511 2000.29 -16830.7
1.665 39.2087 2000.24 -16941.6
1.67 39.463 2000.23 -17051.6
1.675 39.721 2000.18 -17162.5
1.68 39.9799 2000.13 -17273.9
1.685 40.232 2000.16 -17383.5
1.69 40.4765 2000.2 -17490.1
1.695 40.7242 2000.16 -17596.4
1.7 40.9688 2000.12 -17701.5
1.705 41.2095 2000.09 -17805
1.71 41.4459 2000.07 -17906.8
1.715 41.6682 2000.13 -18004
1.72 41.8787 2000.23 -18095.9
1.725 42.0812 2000.28 -18183.1
1.73 42.2747 2000.25 -18266.6
1.735 42.4662 2000.2 -18348.7
1.74 42.6539 2000.16 -18429.3
1.745 42.8328 2000.17 -18507
1.75 42.9998 2000.22 -18580.1
1.755 43.169 2000.18 -18652.5
1.76 43.3365 2000.14 -18724.3
1.765 43.5035 2000.11 -18796
1.77 43.671 2000.08 -18868
1.775 43.8399 2000.06 -18940.7
1.78 43.9966 2000.14 -19009.6
1.785 44.1605 2000.11 -19080
1.79 44.3275 2000.08 -19151.8
1.795 44.4981 2000.06 -19225.2
1.8 44.6679 2000.09 -19299.1
1.805 44.8333 2000.19 -19372
1.81 44.9953 2000.25 -19443.1
1.815 45.1655 2000.2 -19515.9
1.82 45.3389 2000.16 -19590.2
1.825 45.5151 2000.13 -19665.7
1.83 45.6825 2000.23 -19738.4
1.835 45.8428 2000.28 -19808.7
1.84 46.0049 2000.26 -19878
1.845 46.1624 2000.26 -19945.5
1.85 46.3166 2000.2 -20011.8
1.855 46.4581 2000.27 -20074.3
1.86 46.5966 2000.31 -20134.7
1.865 46.7338 2000.28 -20193.1
1.87 46.8678 2000.22 -20250.6
1.875 46.9997 2000.18 -20307.2
1.88 47.1277 2000.16 -20362.6
1.885 47.2535 2000.14 -20416.8
1.89 47.3775 2000.14 -20470
1.895 47.4977 2000.16 -20521.4
1.9 47.6147 2000.12 -20571.9
1.905 47.7303 2000.09 -20621.7
1.91 47.8446 2000.07 -20671.1
1.915 47.9576 2000.05 -20719.8
1.92 48.0693 2000.04 -20768.1
1.925 48.1793 2000.02 -20815.6
1.93 48.2857 2000.04 -20861.9
1.935 48.3901 2000.04 -20907.1
1.94 48.4923 2000.02 -20951.2
1.945 48.5918 2000.14 -20993.2
1.95 48.6856 2000.19 -21033.2
1.955 48.7742 2000.15 -21071.7
1.96 48.861 2000.11 -21109.4
1.965 48.9472 2000.09 -21146.3
1.97 49.0312 2000.08 -21182.4
1.975 49.1096 2000.08 -21216.9
1.98 49.1832 2000.1 -21249.5
1.985 49.2557 2000.08 -21281
1.99 49.3265 2000.06 -21311.6
1.995 49.3955 2000.04 -21341.4
2 49.4626 2000.03 -21370.5
2.005 49.5281 2000.01 -21398.8
2.01 49.5917 2000 -21426.4
2.015 49.6534 2000 -21453.1
2.02 49.7032 1999.97 -21476.4
2.025 49.7491 1999.95 -21497.5
2.03 49.7975 1999.95 -21517.8
2.035 49.8435 1999.95 -21537.3
2.04 49.8871 1999.95 -21555.8
2.045 49.9256 1999.99 -21572.7
2.05 49.96 2000.02 -21587.9
2.055 49.9933 2000.01 -21602
2.06 50.0244 2000 -21615.3
2.065 50.0531 1999.99 -21627.6
2.07 50.0793 1999.98 -21638.9
2.075 50.0679 1999.92 -21640.3
2.08 50.0595 1999.88 -21639.2
2.085 50.0596 1999.86 -21636.9
2.09 50.0557 1999.86 -21633.6
2.095 50.0482 1999.86 -21629.3
2.1 50.038 1999.86 -21624.1
2.105 50.0134 1999.8 -21614.6
2.11 49.9831 1999.76 -21602.2
2.115 49.9253 1999.71 -21579.2
2.12 49.877 1999.76 -21556.3
2.125 49.8282 1999.79 -21533.6
2.13 49.7788 1999.82 -21511
2.135 49.7285 1999.85 -21488.2
2.14 49.6774 1999.87 -21465.3
2.145 49.6254 1999.88 -21442.1
2.15 49.5723 1999.9 -21418.6
2.155 49.5181 1999.91 -21394.8
2.16 49.4625 1999.91 -21370.4
2.165 49.4028 2000 -21344.8
2.17 49.3412 2000.03 -21318.2
2.175 49.2776 2000.01 -21290.4
2.18 49.2114 2000 -21261.6
2.185 49.1424 1999.98 -21231.6
2.19 49.0703 1999.97 -21200.4
2.195 48.9952 1999.96 -21167.8
2.2 48.9175 1999.95 -21134.2
2.205 48.8381 1999.94 -21099.9
2.21 48.7422 1999.84 -21061
2.215 48.6521 1999.83 -21022.4
2.22 48.5685 1999.87 -20985
2.225 48.4867 1999.88 -20949.2
2.23 48.4087 1999.9 -20915
2.235 48.3348 1999.9 -20882.8
2.24 48.264 1999.89 -20852
2.245 48.1979 1999.91 -20823.1
2.25 48.1358 1999.92 -20796.1
2.255 48.0775 1999.93 -20770.7
2.26 48.0232 1999.94 -20747.1
2.265 47.9774 2000.01 -20726.1
2.27 47.9345 2000.05 -20706.9
2.275 47.8935 2000.04 -20689.4
2.28 47.8561 2000.03 -20673.4
2.285 47.8217 2000.02 -20658.6
2.29 47.7898 2000.02 -20644.9
2.295 47.76 2000.01 -20632.1
2.3 47.7321 2000.01 -20620.1
2.305 47.7059 2000.01 -20608.9
2.31 47.6812 2000 -20598.2
2.315 47.6578 2000 -20588.1
2.32 47.6351 2000 -20578.3
2.325 47.6128 2000 -20568.7
2.33 47.5907 2000 -20559.2
2.335 47.5688 2000 -20549.7
2.34 47.5476 2000 -20540.6
2.345 47.5276 2000 -20532
2.35 47.5098 2000 -20524.3
2.355 47.4948 2000 -20517.8
2.36 47.4835 2000 -20512.9
2.365 47.4766 2000 -20509.9
2.37 47.475 2000 -20509.2
2.375 47.4579 1999.93 -20505.2
2.38 47.4345 1999.88 -20497.4
2.385 47.411 1999.9 -20486.1
2.39 47.3767 1999.92 -20470.4
2.395 47.3326 1999.93 -20450.5
2.4 47.28 1999.94 -20427.1
2.405 47.2204 1999.94 -20400.7
2.41 47.1554 1999.95 -20372.1
2.415 47.0865 1999.95 -20341.9
2.42 47.0151 1999.94 -20310.6
2.425 46.9422 1999.94 -20278.7
2.43 46.8684 1999.94 -20246.5
2.435 46.7938 1999.94 -20214
2.44 46.7184 1999.94 -20181.2
2.445 46.6417 1999.94 -20148
2.45 46.5633 1999.94 -20114
2.455 46.4821 1999.97 -20078.7
2.46 46.3955 2000.01 -20041.4
2.465 46.3058 1999.99 -20002.6
2.47 46.2136 1999.98 -19962.7
2.475 46.1185 1999.97 -19921.7
2.48 46.0203 1999.97 -19879.2
2.485 45.9188 1999.96 -19835.4
2.49 45.8144 1999.96 -19790.4
2.495 45.7068 1999.98 -19744.1
2.5 45.5908 2000.05 -19694.7
2.505 45.4737 2000.08 -19643.8
2.51 45.3548 2000.09 -19592.3
2.515 45.2349 2000.07 -19540.5
2.52 45.1153 2000.05 -19488.9
2.525 44.9963 2000.04 -19437.6
2.53 44.878 2000.03 -19386.6
2.535 44.7614 2000.05 -19335.7
2.54 44.6446 2000.08 -19284.6
2.545 44.5271 2000.06 -19234.1
2.55 44.4125 2000.05 -19184.9
2.555 44.3016 2000.04 -19137.2
2.56 44.1944 2000.03 -19091.1
2.565 44.0912 2000.02 -19046.6
2.57 43.9918 2000.02 -19003.8
2.575 43.8959 2000.01 -18962.5
2.58 43.8036 2000 -18922.6
2.585 43.7154 1999.98 -18884.5
2.59 43.6305 1999.98 -18847.9
2.595 43.5491 1999.99 -18812.8
2.6 43.4716 1999.99 -18779.4
2.605 43.3986 1999.99 -18747.9
2.61 43.3302 1999.99 -18718.4
2.615 43.2664 1999.99 -18690.9
2.62 43.2069 1999.99 -18665.2
2.625 43.1513 1999.99 -18641.2
2.63 43.0991 2000 -18618.7
2.635 43.0496 2000 -18597.3
2.64 43.0025 2000 -18577
2.645 42.9574 2000 -18557.5
2.65 42.9134 2000.01 -18538.6
2.655 42.8691 2000.03 -18519.7
2.66 42.8271 2000.03 -18501.5
2.665 42.7871 2000.02 -18484.2
2.67 42.7496 2000.02 -18468
2.675 42.7148 2000.01 -18452.9
2.68 42.6833 2000.01 -18439.3
2.685 42.6558 2000.01 -18427.4
2.69 42.633 2000.01 -18417.5
2.695 42.6155 2000.01 -18409.9
2.7 42.6037 2000 -18404.9
2.705 42.5978 2000 -18402.3
2.71 42.5975 2000 -18402.1
2.715 42.6046 1999.98 -18404.8
2.72 42.6167 1999.97 -18409.8
2.725 42.6317 1999.98 -18416.4
2.73 42.6488 1999.98 -18423.9
2.735 42.6663 1999.99 -18431.5
2.74 42.683 1999.99 -18438.8
2.745 42.6976 1999.99 -18445.2
2.75 42.7095 1999.99 -18450.4
2.755 42.7185 1999.99 -18454.3
2.76 42.7248 2000 -18457
2.765 42.7288 2000 -18458.7
2.77 42.7305 2000 -18459.5
2.775 42.73 2000 -18459.3
2.78 42.7267 2000 -18457.9
2.785 42.7201 2000 -18455.1
2.79 42.7099 2000 -18450.6
2.795 42.6958 2000 -18444.5
2.8 42.678 2000 -18436.8
2.805 42.657 1999.99 -18427.6
2.81 42.6333 1999.99 -18417.3
2.815 42.6076 1999.98 -18406
2.82 42.5802 1999.97 -18394.1
2.825 42.551 1999.96 -18381.4
2.83 42.5195 1999.96 -18367.7
2.835 42.4846 1999.96 -18352.6
2.84 42.4452 1999.97 -18335.5
2.845 42.4001 1999.97 -18316
2.85 42.348 1999.97 -18293.5
2.855 42.2881 1999.97 -18267.6
2.86 42.2194 1999.97 -18238
2.865 42.1412 1999.97 -18204.2
2.87 42.0524 1999.97 -18165.9
2.875 41.9519 1999.98 -18122.5
2.88 41.8386 1999.98 -18073.6
2.885 41.7116 1999.98 -18018.8
2.89 41.57 1999.98 -17957.7
2.895 41.4128 1999.98 -17889.8
2.9 41.2392 1999.98 -17814.9
2.905 41.0485 1999.99 -17732.6
2.91 40.8398 1999.98 -17642.5
2.915 40.6107 1999.98 -17543.9
2.92 40.3538 2000.06 -17433.9
2.925 40.0798 2000.04 -17315.3
2.93 39.7867 2000.03 -17188.5
2.935 39.4712 2000.15 -17051.1
2.94 39.1329 2000.19 -16904.5
2.945 38.7702 2000.16 -16748.3
2.95 38.3875 2000.1 -16583.1
2.955 37.9894 2000.01 -16410.6
2.96 37.572 1999.98 -16230.4
2.965 37.1356 1999.96 -16041.9
2.97 36.6759 1999.97 -15843.8
2.975 36.1938 1999.97 -15636
2.98 35.6675 2000.21 -15412
2.985 35.089 2000.49 -15165.8
2.99 34.4384 2000.93 -14888.1
2.995 33.7121 2001.24 -14579.3
3 32.8498 2002.18 -14221.5
3.005 31.895 2002.88 -13820.5
3.01 30.8155 2003.17 -13357.8
3.015 29.556 2003.89 -12821.7
3.02 28.1152 2004.61 -12215.9
3.025 26.4833 2005.32 -11519.6
3.03 24.6 2006.24 -10718.8
3.035 22.434 2007.16 -9803.69
3.04 20.0325 2007.69 -8775.47
3.045 17.6217 2006.68 -7715.51
3.05 14.9969 2006.1 -6579.75
3.055 12.286 2005.31 -5401.61
3.06 9.44673 2004.79 -4160.98
3.065 6.45437 2004.89 -2863.26
3.07 3.28772 2005.5 -1505.23
3.075 -0.210561 2005.07 -27.181
3.08 -3.76545 2003.59 1499.83
3.085 -7.1012 2000.89 2962.33
3.09 -10.4429 1999.36 4428.36
3.095 -13.8186 1998.95 5909.47
3.1 -17.1261 1998.97 7371.72
3.105 -20.4776 1999.03 8840.23
3.11 -23.8472 1999.06 10307.9
3.115 -26.9328 2000.7 11671
3.12 -29.6796 2002.6 12886.6
3.125 -32.3274 2003.73 14042
3.13 -34.9012 2004.54 15161.8
3.135 -37.2884 2005.07 16205.6
3.14 -39.4806 2005.95 17177.6
3.145 -41.4538 2007.59 18062
3.15 -43.2407 2008.34 18862.4
3.155 -44.7965 2010.59 19550.5
3.16 -46.0975 2012.02 20126.8
3.165 -47.2815 2011.7 20627.1
3.17 -48.3521 2011.01 21064.5
3.175 -49.1656 2009.46 21424.3
3.18 -49.5519 2007.66 21652.4
3.185 -48.9872 2002.51 21592.6
3.19 -47.7373 1996.71 21148.4
3.195 -46.5063 1995.53 20544.1
3.2 -45.0582 1993.46 19857.9
3.205 -44.1402 1997.24 19268.9
3.21 -43.2486 1999.56 18762.6
3.215 -42.5426 2001.81 18368.7
3.22 -41.6177 2001.04 17939.8
3.225 -40.5352 1998.13 17488.2
3.23 -39.6066 1997.03 17075.9
3.235 -39.329 1997.71 16898.5
3.24 -39.2053 1998.15 16809.5
3.245 -39.202 1999.53 16782.5
3.25 -39.0607 1998.18 16754
3.255 -38.9131 1996.84 16720.4
3.26 -38.7807 1996.31 16683.9
3.265 -38.6344 1995.42 16638.9
3.27 -38.4081 1991.8 16565.1
3.275 -38.0708 1984.15 16447.5
3.28 -37.2178 2030.57 16072.2
3.285 -0.0216632 -28.2582 24.7112
