0.1 2.04519e-31 200 -4.08562e-14 -2.04519e-31 -200 4.08562e-14
0.2 2.04519e-31 400 -3.01981e-14 -2.04519e-31 -400 3.01981e-14
0.3 0 600 -1.40332e-13 -0 -600 1.40332e-13
0.4 2.77562e-31 800 4.44089e-14 -2.77562e-31 -800 -4.44089e-14
0.5 5.84341e-31 1000 4.1922e-13 -5.84341e-31 -1000 -4.1922e-13
0.6 -9.34946e-31 1200 5.15143e-13 9.34946e-31 -1200 -5.15143e-13
0.7 5.84341e-31 1400 -4.51195e-13 -5.84341e-31 -1400 4.51195e-13
0.8 -4.32413e-30 1600 2.62901e-13 4.32413e-30 -1600 -2.62901e-13
0.9 -1.25633e-30 1800 2.84217e-14 1.25633e-30 -1800 -2.84217e-14
1 3.50605e-31 2000 -4.26326e-13 -3.50605e-31 -2000 4.26326e-13
0.005 -1.34607e-05 2000 0.00583451 1.34607e-05 -2000 -1.94967e-05
0.01 -6.73121e-05 2000 0.0291159 6.73121e-05 -2000 -3.71145e-05
0.015 -0.000174991 2000 0.0756257 0.000174991 -2000 -2.97389e-05
0.02 -0.000336215 2000 0.145269 0.000336215 -2000 -2.38021e-05
0.025 -0.000550458 2000 0.237817 0.000550458 -2000 -1.91169e-05
0.03 -0.000817095 2000 0.353 0.000817095 -2000 -1.53622e-05
0.035 -0.00113546 2000 0.490532 0.00113546 -2000 -1.23558e-05
0.04 -0.00150482 2000 0.650092 0.00150482 -2000 -9.95149e-06
0.045 -0.00192411 2000 0.831223 0.00192411 -2000 -8.03174e-06
0.05 -0.0023918 2000 1.03326 0.0023918 -2000 -6.50199e-06
0.055 -0.00290595 2000 1.25538 0.00290595 -2000 -5.28609e-06
0.06 -0.00346437 2000 1.49661 0.00346437 -2000 -4.32264e-06
0.065 -0.00406491 2000 1.75604 0.00406491 -2000 -3.5622e-06
0.07 -0.00470569 2000 2.03286 0.00470569 -2000 -2.96501e-06
0.075 -0.00538477 2000 2.32622 0.00538477 -2000 -2.49909e-06
0.08 -0.00609976 2000 2.6351 0.00609976 -2000 -2.13853e-06
0.085 -0.00684779 2000 2.95825 0.00684779 -2000 -1.86222e-06
0.09 -0.00762592 2000 3.2944 0.00762592 -2000 -1.65298e-06
0.095 -0.00843139 2000 3.64236 0.00843139 -2000 -1.49689e-06
0.1 -0.00926142 2000 4.00093 0.00926142 -2000 -1.38269e-06
0.105 -0.0101129 2000 4.36875 0.0101129 -2000 -1.30114e-06
0.11 -0.0109817 2000 4.74409 0.0109817 -2000 -1.24437e-06
0.115 -0.0118633 2000 5.12493 0.0118633 -2000 -1.20559e-06
0.12 -0.0127528 2000 5.50922 0.0127528 -2000 -1.1791e-06
0.125 -0.0136452 2000 5.89471 0.0136452 -2000 -1.16016e-06
0.13 -0.0145335 2000 6.27849 0.0145335 -2000 -1.14436e-06
0.135 -0.0154107 2000 6.65743 0.0154107 -2000 -1.12767e-06
0.14 -0.0162714 2000 7.02927 0.0162714 -2000 -1.10741e-06
0.145 -0.0171133 2000 7.39297 0.0171133 -2000 -1.08282e-06
0.15 -0.0179358 2000 7.74826 0.0179358 -2000 -1.05439e-06
0.155 -0.0187381 2000 8.09486 0.0187381 -2000 -1.02271e-06
0.16 -0.0195178 2000 8.43169 0.0195178 -2000 -9.87809e-07
0.165 -0.0202704 2000 8.75681 0.0202704 -2000 -9.4927e-07
0.17 -0.0209909 2000 9.06807 0.0209909 -2000 -9.06119e-07
0.175 -0.021675 2000 9.36361 0.021675 -2000 -8.58213e-07
0.18 -0.0223203 2000 9.64235 0.0223203 -2000 -8.05865e-07
0.185 -0.0229268 2000 9.90436 0.0229268 -2000 -7.50499e-07
0.19 -0.0234956 2000 10.1501 0.0234956 -2000 -6.93795e-07
0.195 -0.024028 2000 10.3801 0.024028 -2000 -6.37e-07
0.2 -0.024526 2000 10.5952 0.024526 -2000 -5.8139e-07
0.205 -0.0249892 2000 10.7953 0.0249892 -2000 -5.27916e-07
0.21 -0.025409 2000 10.9767 0.025409 -2000 -4.75234e-07
0.215 -0.0257718 2000 11.1334 0.0257718 -2000 -4.21596e-07
0.22 -0.0260655 2000 11.2603 0.0260655 -2000 -3.66148e-07
0.225 -0.0262845 2000 11.3549 0.0262845 -2000 -3.1085e-07
0.23 -0.0264282 2000 11.417 0.0264282 -2000 -2.57775e-07
0.235 -0.0265027 2000 11.4492 0.0265027 -2000 -2.10144e-07
0.24 -0.0265202 2000 11.4567 0.0265202 -2000 -1.699e-07
0.245 -0.0264911 2000 11.4442 0.0264911 -2000 3.48387e-06
0.25 -0.0264164 2000 11.4119 0.0264164 -2000 -4.05883e-07
0.255 -0.0262808 2000 11.3533 0.0262808 -2000 -3.26247e-07
0.26 -0.0260533 2000 11.255 0.0260533 -2000 -2.74933e-07
0.265 -0.0256924 2000 11.0991 0.0256924 -2000 -2.20699e-07
0.27 -0.0251506 2000 10.8651 0.0251506 -2000 -1.77177e-07
0.275 -0.0243805 2000 10.5324 0.0243805 -2000 -1.42288e-07
0.28 -0.0233385 2000 10.0822 0.0233385 -2000 -1.14354e-07
0.285 -0.0219843 2000 9.4972 0.0219843 -2000 -9.19857e-08
0.29 -0.020277 2000 8.75965 0.020277 -2000 -7.39996e-08
0.295 -0.0181721 2000 7.85033 0.0181721 -2000 -5.9434e-08
0.3 -0.0156223 2000 6.74882 0.0156223 -2000 2.21952e-08
0.305 -0.0125897 2000 5.43875 0.0125897 -2000 4.94661e-08
0.31 -0.00906018 2000 3.914 0.00906018 -2000 4.15557e-08
0.315 -0.00504585 2000 2.1798 0.00504585 -2000 2.18402e-06
0.32 -0.000595222 2000 0.257005 0.000595222 -2000 0.000130476
0.325 0.00394206 1999.99 -1.70647 -0.00394206 -1999.99 0.00350243
0.33 0.00864752 1999.99 -3.74033 -0.00864752 -1999.99 0.0046002
0.335 0.0136292 1999.99 -5.89143 -0.0136292 -1999.99 0.00362731
0.34 0.0188593 1999.99 -8.15015 -0.0188593 -1999.99 0.00290891
0.345 0.0243232 2000 -10.5099 -0.0243232 -2000 0.00234269
0.35 0.0300217 2000 -12.9713 -0.0300217 -2000 0.00188904
0.355 0.0359632 2000 -15.5376 -0.0359632 -2000 0.00152563
0.36 0.0421565 2000 -18.2128 -0.0421565 -2000 0.00123472
0.365 0.0486133 2000 -21.0019 -0.0486133 -2000 0.00100356
0.37 0.0553568 2000 -23.9149 -0.0553568 -2000 0.000818742
0.375 0.0624369 2000 -26.9734 -0.0624369 -2000 0.00067026
0.38 0.0699478 2000 -30.218 -0.0699478 -2000 0.000552635
0.385 0.0780389 2000 -33.7133 -0.0780389 -2000 0.000460353
0.39 0.0869019 2000 -37.542 -0.0869019 -2000 0.000389371
0.395 0.0966872 2000 -41.7692 -0.0966872 -2000 0.000336624
0.4 0.1074 2000 -46.3972 -0.1074 -2000 0.000299285
0.405 0.118903 2000 -51.3664 -0.118903 -2000 0.000274261
0.41 0.131 2000 -56.5921 -0.131 -2000 0.000258364
0.415 0.143499 2000 -61.9919 -0.143499 -2000 0.000248734
0.42 0.156246 2000 -67.4985 -0.156246 -2000 0.00024309
0.425 0.169134 2000 -73.0662 -0.169134 -2000 0.000239823
0.43 0.182114 2000 -78.6733 -0.182114 -2000 0.000237979
0.435 0.195187 2000 -84.3212 -0.195187 -2000 0.000237168
0.44 0.208387 2000 -90.0236 -0.208387 -2000 0.000237355
0.445 0.221743 2000 -95.7931 -0.221743 -2000 0.000238582
0.45 0.235268 2000 -101.636 -0.235268 -2000 0.000240801
0.455 0.248967 2000 -107.554 -0.248967 -2000 0.000243894
0.46 0.262841 2000 -113.548 -0.262841 -2000 0.000247728
0.465 0.27688 2000 -119.612 -0.27688 -2000 0.000252132
0.47 0.291041 2000 -125.73 -0.291041 -2000 0.000256749
0.475 0.30525 2000 -131.868 -0.30525 -2000 0.000261044
0.48 0.319419 2000 -137.989 -0.319419 -2000 0.000264487
0.485 0.333465 2000 -144.057 -0.333465 -2000 0.000266579
0.49 0.347311 2000 -150.039 -0.347311 -2000 0.000267001
0.495 0.36089 2000 -155.905 -0.36089 -2000 0.000265566
0.5 0.374157 2000 -161.636 -0.374157 -2000 0.00026226
0.505 0.387081 2000 -167.219 -0.387081 -2000 0.000257238
0.51 0.399635 2000 -172.642 -0.399635 -2000 0.000250712
0.515 0.411781 2000 -177.89 -0.411781 -2000 0.000242824
0.52 0.423484 2000 -182.945 -0.423484 -2000 0.000233677
0.525 0.434717 2000 -187.798 -0.434717 -2000 0.000223426
0.53 0.445485 2000 -192.45 -0.445485 -2000 0.000212361
0.535 0.455833 2000 -196.92 -0.455833 -2000 0.000200904
0.54 0.46588 2000 -201.26 -0.46588 -2000 0.000189741
0.545 0.475845 2000 -205.565 -0.475845 -2000 0.000179828
0.55 0.486022 2000 -209.962 -0.486022 -2000 0.00017243
0.555 0.496641 2000 -214.549 -0.496641 -2000 0.000168575
0.56 0.50769 2000 -219.322 -0.50769 -2000 0.000168161
0.565 0.518921 2000 -224.174 -0.518921 -2000 0.000169664
0.57 0.529986 2000 -228.954 -0.529986 -2000 0.000170717
0.575 0.540533 2000 -233.51 -0.540533 -2000 0.000169304
0.58 0.550247 2000 -237.707 -0.550247 -2000 0.000164071
0.585 0.558865 2000 -241.43 -0.558865 -2000 0.000154598
0.59 0.566214 2000 -244.605 -0.566214 -2000 0.000141326
0.595 0.572263 2000 -247.218 -0.572263 -2000 0.000125473
0.6 0.57713 2000 -249.32 -0.57713 -2000 0.000108641
0.605 0.581049 2000 -251.013 -0.581049 -2000 9.23204e-05
0.61 0.584314 2000 -252.424 -0.584314 -2000 7.75336e-05
0.615 0.587253 2000 -253.693 -0.587253 -2000 6.48232e-05
0.62 0.590235 2000 -254.981 -0.590235 -2000 5.4453e-05
0.625 0.593695 2000 -256.476 -0.593695 -2000 4.66775e-05
0.63 0.598163 2000 -258.407 -0.598163 -2000 4.21045e-05
0.635 0.604258 2000 -261.04 -0.604258 -2000 4.21766e-05
0.64 0.612632 2000 -264.657 -0.612632 -2000 4.96182e-05
0.645 0.623845 2000 -269.501 -0.623845 -2000 6.86161e-05
0.65 0.638158 2000 -275.684 -0.638158 -2000 0.000103537
0.655 0.65536 2000 -283.115 -0.65536 -2000 0.00015609
0.66 0.674784 2000 -291.507 -0.674784 -2000 0.00022247
0.665 0.695468 2000 -300.442 -0.695468 -2000 0.000293641
0.67 0.716362 2000 -309.469 -0.716362 -2000 0.00035797
0.675 0.736554 2000 -318.192 -0.736554 -2000 0.000405591
0.68 0.755488 2000 -326.371 -0.755488 -2000 0.000431985
0.685 0.773134 2000 -333.995 -0.773134 -2000 0.000439454
0.69 0.789912 2000 -341.242 -0.789912 -2000 0.000435083
0.695 0.806483 2000 -348.401 -0.806483 -2000 0.000427254
0.7 0.823594 2000 -355.793 -0.823594 -2000 0.000423457
0.705 0.84196 2000 -363.727 -0.84196 -2000 0.000430329
0.71 0.862207 2000 -372.474 -0.862207 -2000 0.000453314
0.715 0.884884 2000 -382.27 -0.884884 -2000 0.000497935
0.72 0.910485 2000 -393.33 -0.910485 -2000 0.000569866
0.725 0.939377 2000 -405.812 -0.939377 -2000 0.000674806
0.73 0.971711 2000 -419.78 -0.971711 -2000 0.000816289
0.735 1.00741 2000 -435.201 -1.00741 -2000 0.000994108
0.74 1.04622 2000 -451.968 -1.04622 -2000 0.00120403
0.745 1.08775 2000 -469.91 -1.08775 -2000 0.00143822
0.75 1.13142 2000 -488.777 -1.13142 -2000 0.0016846
0.755 1.17645 2000 -508.227 -1.17645 -2000 0.00192597
0.76 1.22189 2000 -527.859 -1.22189 -2000 0.0021419
0.765 1.26689 2000 -547.3 -1.26689 -2000 0.00231396
0.77 1.31098 2000 -566.345 -1.31098 -2000 0.00243387
0.775 1.35427 2000 -585.046 -1.35427 -2000 0.00250927
0.78 1.39731 2000 -603.642 -1.39731 -2000 0.00255948
0.785 1.44079 2000 -622.423 -1.44079 -2000 0.00260571
0.79 1.48528 2000 -641.645 -1.48528 -2000 0.00266507
0.795 1.53128 2000 -661.517 -1.53128 -2000 0.00274959
0.8 1.57921 2000 -682.222 -1.57921 -2000 0.00286797
0.805 1.62946 2000 -703.932 -1.62946 -2000 0.00302772
0.81 1.68234 2000 -726.776 -1.68234 -2000 0.00323463
0.815 1.73787 2000 -750.765 -1.73787 -2000 0.00348838
0.82 1.79575 2000 -775.768 -1.79575 -2000 0.00377842
0.825 1.85547 2000 -801.567 -1.85547 -2000 0.00408643
0.83 1.91644 2000 -827.907 -1.91644 -2000 0.00439154
0.835 1.97807 2000 -854.531 -1.97807 -2000 0.00467375
0.84 2.04002 2000 -881.293 -2.04002 -2000 0.00492094
0.845 2.10251 2000 -908.29 -2.10251 -2000 0.00514032
0.85 2.16623 2000 -935.816 -2.16623 -2000 0.0052962
0.855 2.23202 2000 -964.237 -2.23202 -2000 0.00542949
0.86 2.30071 2000 -993.912 -2.30071 -2000 0.00563827
0.865 2.37281 2000 -1025.06 -2.37281 -2000 0.00593843
0.87 2.44823 2000 -1057.64 -2.44823 -2000 0.00632524
0.875 2.52648 2000 -1091.45 -2.52648 -2000 0.0067736
0.88 2.607 2000 -1126.23 -2.607 -2000 0.00725267
0.885 2.68929 2000 -1161.78 -2.68929 -2000 0.00773678
0.89 2.77302 2000 -1197.95 -2.77302 -2000 0.00820901
0.895 2.85823 2000 -1234.77 -2.85823 -2000 0.00866831
0.9 2.94537 2000 -1272.41 -2.94537 -2000 0.00913469
0.905 3.0351 2000 -1311.17 -3.0351 -2000 0.00964077
0.91 3.12804 2000 -1351.32 -3.12804 -2000 0.0102184
0.915 3.22471 2000 -1393.08 -3.22471 -2000 0.0108923
0.92 3.32554 2000 -1436.64 -3.32554 -2000 0.011681
0.925 3.43093 2000 -1482.17 -3.43093 -2000 0.0125996
0.93 3.54136 2000 -1529.88 -3.54136 -2000 0.013667
0.935 3.65747 2000 -1580.04 -3.65747 -2000 0.0149126
0.94 3.78015 2000 -1633.04 -3.78015 -2000 0.016383
0.945 3.91049 2000 -1689.35 -3.91049 -2000 0.0181444
0.95 4.04959 2000 -1749.44 -4.04959 -2000 0.020274
0.955 4.19805 2000 -1813.58 -4.19805 -2000 0.0228285
0.96 4.3556 2000 -1881.64 -4.3556 -2000 0.0257965
0.965 4.52113 2000 -1953.16 -4.52113 -2000 0.0290804
0.97 4.69321 2000 -2027.5 -4.69321 -2000 0.0325312
0.975 4.87049 2000 -2104.09 -4.87049 -2000 0.0360021
0.98 5.05183 2000 -2182.43 -5.05183 -2000 0.0393774
0.985 5.2366 2000 -2262.25 -5.2366 -2000 0.0425939
0.99 5.42495 2000 -2343.62 -5.42495 -2000 0.0456771
0.995 5.61773 2000 -2426.91 -5.61773 -2000 0.0487429
1 5.81603 2000 -2512.58 -5.81603 -2000 0.0519441
1.005 6.02076 2000 -2601.02 -6.02076 -2000 0.055414
1.01 6.23239 2000 -2692.45 -6.23239 -2000 0.0592238
1.015 6.4508 1999.99 -2786.81 -6.4508 -1999.99 0.0633592
1.02 6.67554 1999.99 -2883.9 -6.67554 -1999.99 0.0677432
1.025 6.90609 1999.99 -2983.51 -6.90609 -1999.99 0.0722825
1.03 7.14204 1999.99 -3085.44 -7.14204 -1999.99 0.0769
1.035 7.38302 1999.99 -3189.55 -7.38302 -1999.99 0.081542
1.04 7.62872 1999.99 -3295.69 -7.62872 -1999.99 0.086166
1.045 7.87873 1999.99 -3403.7 -7.87873 -1999.99 0.0907253
1.05 8.13259 1999.99 -3513.37 -8.13259 -1999.99 0.0951637
1.055 8.38982 1999.99 -3624.5 -8.38982 -1999.99 0.0994255
1.06 8.6502 1999.99 -3736.99 -8.6502 -1999.99 0.103487
1.065 8.91399 1999.99 -3850.95 -8.91399 -1999.99 0.1074
1.07 9.18193 1999.99 -3966.71 -9.18193 -1999.99 0.111299
1.075 9.45513 1999.99 -4084.73 -9.45513 -1999.99 0.115379
1.08 9.73462 1999.99 -4205.48 -9.73462 -1999.99 0.119828
1.085 10.0208 1999.99 -4329.1 -10.0208 -1999.99 0.124721
1.09 10.3128 1999.99 -4455.24 -10.3128 -1999.99 0.129916
1.095 10.6089 1999.99 -4583.17 -10.6089 -1999.99 0.135075
1.1 10.9069 1999.99 -4711.93 -10.9069 -1999.99 0.139777
1.105 11.2047 1999.99 -4840.58 -11.2047 -1999.99 0.143638
1.11 11.5003 1999.99 -4968.26 -11.5003 -1999.99 0.146383
1.115 11.792 1999.99 -5094.28 -11.792 -1999.99 0.147866
1.12 12.0788 1999.99 -5218.17 -12.0788 -1999.99 0.148076
1.125 12.3602 1999.99 -5339.74 -12.3602 -1999.99 0.147248
1.13 12.6363 1999.99 -5459.03 -12.6363 -1999.99 0.145587
1.135 12.9076 1999.99 -5576.24 -12.9076 -1999.99 0.143231
1.14 13.1749 1999.99 -5691.71 -13.1749 -1999.99 0.14046
1.145 13.4391 1999.99 -5805.84 -13.4391 -1999.99 0.137536
1.15 13.7013 1999.99 -5919.09 -13.7013 -1999.99 0.134693
1.155 13.9624 1999.99 -6031.91 -13.9624 -1999.99 0.132112
1.16 14.2234 1999.99 -6144.65 -14.2234 -1999.99 0.129909
1.165 14.4849 1999.99 -6257.61 -14.4849 -1999.99 0.128146
1.17 14.7474 1999.99 -6371.02 -14.7474 -1999.99 0.126846
1.175 15.0117 1999.99 -6485.17 -15.0117 -1999.99 0.12603
1.18 15.2782 1999.99 -6600.32 -15.2782 -1999.99 0.125721
1.185 15.5477 1999.99 -6716.75 -15.5477 -1999.99 0.12594
1.19 15.8208 1999.99 -6834.73 -15.8208 -1999.99 0.12671
1.195 16.0983 1999.99 -6954.59 -16.0983 -1999.99 0.128067
1.2 16.3808 1999.99 -7076.65 -16.3808 -1999.99 0.130049
1.205 16.669 1999.99 -7201.13 -16.669 -1999.99 0.132676
1.21 16.9628 1999.99 -7328.05 -16.9628 -1999.99 0.13589
1.215 17.2614 1999.99 -7457.07 -17.2614 -1999.99 0.139502
1.22 17.5636 1999.99 -7587.61 -17.5636 -1999.99 0.143215
1.225 17.8676 1999.99 -7718.95 -17.8676 -1999.99 0.146702
1.23 18.1718 1999.99 -7850.38 -18.1718 -1999.99 0.149664
1.235 18.4747 1999.99 -7981.2 -18.4747 -1999.99 0.151868
1.24 18.7748 1999.99 -8110.89 -18.7748 -1999.99 0.153181
1.245 19.0719 1999.99 -8239.23 -19.0719 -1999.99 0.153628
1.25 19.3664 1999.99 -8366.44 -19.3664 -1999.99 0.153416
1.255 19.6592 1999.99 -8492.95 -19.6592 -1999.99 0.152857
1.26 19.9511 1999.99 -8619.01 -19.9511 -1999.99 0.152191
1.265 20.2414 1999.99 -8744.44 -20.2414 -1999.99 0.15144
1.27 20.529 1999.99 -8868.68 -20.529 -1999.99 0.150426
1.275 20.8123 1999.99 -8991.06 -20.8123 -1999.99 0.148908
1.28 21.0903 1999.99 -9111.15 -21.0903 -1999.99 0.146753
1.285 21.3632 1999.99 -9229.05 -21.3632 -1999.99 0.144056
1.29 21.6324 1999.99 -9345.33 -21.6324 -1999.99 0.141122
1.295 21.8997 1999.99 -9460.79 -21.8997 -1999.99 0.138326
1.3 22.1667 1999.99 -9576.17 -22.1667 -1999.99 0.13598
1.305 22.4347 1999.99 -9691.91 -22.4347 -1999.99 0.134246
1.31 22.7033 1999.99 -9807.95 -22.7033 -1999.99 0.133069
1.315 22.9704 1999.99 -9923.48 -22.9704 -1999.99 0.268944
1.32 23.2333 2000 -10037.3 -23.2333 -2000 0.524421
1.325 23.4938 2000 -10149.8 -23.4938 -2000 0.444272
1.33 23.7496 1999.99 -10260.2 -23.7496 -1999.99 0.380271
1.335 23.9977 2000.01 -10367.7 -23.9977 -2000.01 0.696818
1.34 24.2415 2000.01 -10473.2 -24.2415 -2000.01 0.84596
1.345 24.4834 2000.01 -10577.5 -24.4834 -2000.01 0.698465
1.35 24.7238 2000 -10681.2 -24.7238 -2000 0.581691
1.355 24.964 2000 -10785 -24.964 -2000 0.489434
1.36 25.2018 2000.01 -10888 -25.2018 -2000.01 0.872607
1.365 25.4322 2000.05 -10988.5 -25.4322 -2000.05 1.78389
1.37 25.6675 2000.03 -11089.8 -25.6675 -2000.03 1.45013
1.375 25.9026 2000.03 -11191.1 -25.9026 -2000.03 1.18672
1.38 26.1376 2000.02 -11292.4 -26.1376 -2000.02 0.978817
1.385 26.3734 2000.01 -11394.1 -26.3734 -2000.01 0.812117
1.39 26.6105 2000.01 -11496.4 -26.6105 -2000.01 0.678667
1.395 26.8491 2000 -11599.4 -26.8491 -2000 0.57197
1.4 27.0885 2000 -11702.7 -27.0885 -2000 0.486665
1.405 27.3279 2000 -11806.1 -27.3279 -2000 0.418366
1.41 27.5666 2000 -11909.1 -27.5666 -2000 0.363543
1.415 27.7995 2000.03 -12010.1 -27.7995 -2000.03 0.763436
1.42 28.0175 2000.11 -12106.2 -28.0175 -2000.11 2.63214
1.425 28.2388 2000.13 -12202.3 -28.2388 -2000.13 3.16269
1.43 28.466 2000.1 -12299.9 -28.466 -2000.1 2.55502
1.435 28.6962 2000.08 -12398.8 -28.6962 -2000.08 2.07648
1.44 28.9261 2000.09 -12498.2 -28.9261 -2000.09 2.14672
1.445 29.1601 2000.1 -12599.3 -29.1601 -2000.1 2.15788
1.45 29.4033 2000.08 -12704 -29.4033 -2000.08 1.76903
1.455 29.6544 2000.06 -12812.2 -29.6544 -2000.06 1.45961
1.46 29.9131 2000.05 -12923.7 -29.9131 -2000.05 1.21394
1.465 30.1781 2000.03 -13037.9 -30.1781 -2000.03 1.01927
1.47 30.4417 2000.07 -13152.3 -30.4417 -2000.07 1.43449
1.475 30.6822 2000.21 -13257.6 -30.6822 -2000.21 2.92036
1.48 30.9204 2000.23 -13361.7 -30.9204 -2000.23 4.07792
1.485 31.1632 2000.22 -13466.7 -31.1632 -2000.22 4.25262
1.49 31.4108 2000.17 -13572.9 -31.4108 -2000.17 3.44531
1.495 31.6594 2000.13 -13679.6 -31.6594 -2000.13 2.80978
1.5 31.9091 2000.1 -13787 -31.9091 -2000.1 2.30897
1.505 32.1603 2000.08 -13895.2 -32.1603 -2000.08 1.90792
1.51 32.4129 2000.06 -14004 -32.4129 -2000.06 1.587
1.515 32.667 2000.04 -14113.5 -32.667 -2000.04 1.3304
1.52 32.923 2000.03 -14223.9 -32.923 -2000.03 1.12559
1.525 33.1819 2000.02 -14335.5 -33.1819 -2000.02 0.962708
1.53 33.4446 2000.01 -14448.9 -33.4446 -2000.01 0.833982
1.535 33.7066 2000.06 -14562.4 -33.7066 -2000.06 1.19378
1.54 33.9485 2000.2 -14668.3 -33.9485 -2000.2 2.58259
1.545 34.1948 2000.19 -14775 -34.1948 -2000.19 2.85455
1.55 34.4488 2000.15 -14884.2 -34.4488 -2000.15 2.36132
1.555 34.7071 2000.11 -14995.4 -34.7071 -2000.11 1.96854
1.56 34.9685 2000.09 -15108 -34.9685 -2000.09 1.65592
1.565 35.2318 2000.06 -15221.5 -35.2318 -2000.06 1.40699
1.57 35.4961 2000.05 -15335.5 -35.4961 -2000.05 1.2086
1.575 35.7609 2000.03 -15449.7 -35.7609 -2000.03 1.05039
1.58 36.0261 2000.02 -15564.2 -36.0261 -2000.02 0.924327
1.585 36.2923 2000.01 -15679.1 -36.2923 -2000.01 0.824279
1.59 36.5599 2000 -15794.6 -36.5599 -2000 0.745457
1.595 36.8295 2000 -15911 -36.8295 -2000 0.684037
1.6 37.1014 1999.99 -16028.4 -37.1014 -1999.99 0.63692
1.605 37.3486 2000.28 -16137.3 -37.3486 -2000.28 2.70708
1.61 37.6013 2000.38 -16247.1 -37.6013 -2000.38 3.37735
1.615 37.8603 2000.3 -16358.4 -37.8603 -2000.3 2.79091
1.62 38.1167 2000.27 -16469.5 -38.1167 -2000.27 3.07847
1.625 38.3746 2000.24 -16581 -38.3746 -2000.24 3.19691
1.63 38.6338 2000.2 -16692.8 -38.6338 -2000.2 2.98981
1.635 38.8954 2000.16 -16805.3 -38.8954 -2000.16 2.49944
1.64 39.1546 2000.15 -16917.5 -39.1546 -2000.15 2.7018
1.645 39.4162 2000.13 -17030.4 -39.4162 -2000.13 2.60866
1.65 39.6809 2000.1 -17144.3 -39.6809 -2000.1 2.20196
1.655 39.9329 2000.19 -17255.2 -39.9329 -2000.19 4.1449
1.66 40.1883 2000.22 -17366.2 -40.1883 -2000.22 4.91508
1.665 40.4506 2000.17 -17478.7 -40.4506 -2000.17 4.0622
1.67 40.7145 2000.13 -17592 -40.7145 -2000.13 3.38137
1.675 40.9796 2000.1 -17706.1 -40.9796 -2000.1 2.84546
1.68 41.2296 2000.3 -17814.5 -41.2296 -2000.3 3.37263
1.685 41.4693 2000.44 -17919.7 -41.4693 -2000.44 4.95269
1.69 41.7053 2000.43 -18022.3 -41.7053 -2000.43 5.63101
1.695 41.9428 2000.35 -18124.2 -41.9428 -2000.35 4.89369
1.7 42.1715 2000.32 -18222.9 -42.1715 -2000.32 4.78872
1.705 42.3987 2000.25 -18320.2 -42.3987 -2000.25 3.98215
1.71 42.6213 2000.19 -18415.7 -42.6213 -2000.19 3.33123
1.715 42.8265 2000.26 -18505.8 -42.8265 -2000.26 4.81298
1.72 43.0227 2000.31 -18591.6 -43.0227 -2000.31 5.80461
1.725 43.2201 2000.24 -18675.9 -43.2201 -2000.24 4.79783
1.73 43.413 2000.19 -18758.4 -43.413 -2000.19 3.98647
1.735 43.6016 2000.15 -18839.2 -43.6016 -2000.15 3.33175
1.74 43.7863 2000.11 -18918.5 -43.7863 -2000.11 2.80297
1.745 43.9583 2000.17 -18993.8 -43.9583 -2000.17 3.81957
1.75 44.1206 2000.23 -19064.9 -44.1206 -2000.23 4.82499
1.755 44.2851 2000.18 -19135.2 -44.2851 -2000.18 4.01002
1.76 44.4478 2000.14 -19204.8 -44.4478 -2000.14 3.35542
1.765 44.6098 2000.11 -19274.3 -44.6098 -2000.11 2.83066
1.77 44.7678 2000.13 -19342.8 -44.7678 -2000.13 3.08551
1.775 44.9246 2000.15 -19410.8 -44.9246 -2000.15 3.40451
1.78 45.0688 2000.22 -19474.3 -45.0688 -2000.22 4.58421
1.785 45.22 2000.17 -19538.9 -45.22 -2000.17 3.87429
1.79 45.3739 2000.13 -19604.8 -45.3739 -2000.13 3.3127
1.795 45.5308 2000.1 -19672.2 -45.5308 -2000.1 2.87553
1.8 45.691 2000.08 -19741.1 -45.691 -2000.08 2.54028
1.805 45.8466 2000.17 -19809.1 -45.8466 -2000.17 3.32464
1.81 45.9964 2000.28 -19874.3 -45.9964 -2000.28 3.85197
1.815 46.1508 2000.22 -19940.6 -46.1508 -2000.22 3.40044
1.82 46.308 2000.17 -20008.1 -46.308 -2000.17 3.06194
1.825 46.4652 2000.16 -20075.7 -46.4652 -2000.16 2.67651
1.83 46.6185 2000.17 -20142.4 -46.6185 -2000.17 3.18614
1.835 46.7619 2000.22 -20205.5 -46.7619 -2000.22 4.32281
1.84 46.9075 2000.17 -20267.9 -46.9075 -2000.17 3.89685
1.845 47.051 2000.13 -20329.6 -47.051 -2000.13 3.55225
1.85 47.1906 2000.13 -20389.5 -47.1906 -2000.13 3.1299
1.855 47.3258 2000.11 -20447.9 -47.3258 -2000.11 3.11294
1.86 47.4564 2000.1 -20504.4 -47.4564 -2000.1 3.25897
1.865 47.5853 2000.08 -20559.9 -47.5853 -2000.08 3.07776
1.87 47.7127 2000.06 -20614.5 -47.7127 -2000.06 2.55977
1.875 47.8374 2000.05 -20667.9 -47.8374 -2000.05 2.17175
1.88 47.9585 2000.04 -20720.3 -47.9585 -2000.04 2.23308
1.885 48.0769 2000.09 -20771 -48.0769 -2000.09 1.79457
1.89 48.1894 2000.16 -20819.1 -48.1894 -2000.16 1.2412
1.895 48.2967 2000.12 -20865.7 -48.2967 -2000.12 1.47969
1.9 48.4024 2000.09 -20911.5 -48.4024 -2000.09 1.68416
1.905 48.5056 2000.07 -20956.4 -48.5056 -2000.07 1.9861
1.91 48.606 2000.07 -21000.1 -48.606 -2000.07 2.3468
1.915 48.7052 2000.05 -21043.1 -48.7052 -2000.05 2.44149
1.92 48.8026 2000.03 -21085.3 -48.8026 -2000.03 2.54063
1.925 48.8981 2000.02 -21126.6 -48.8981 -2000.02 2.64329
1.93 48.9911 2000.01 -21166.9 -48.9911 -2000.01 2.74745
1.935 49.0816 2000 -21206.1 -49.0816 -2000 2.85074
1.94 49.1691 1999.99 -21244 -49.1691 -1999.99 2.95134
1.945 49.2536 1999.98 -21280.6 -49.2536 -1999.98 3.04874
1.95 49.335 1999.98 -21315.9 -49.335 -1999.98 3.14438
1.955 49.4083 2000.04 -21348.6 -49.4083 -2000.04 4.17653
1.96 49.4692 2000.06 -21377 -49.4692 -2000.06 6.30981
1.965 49.5186 2000.02 -21400.1 -49.5186 -2000.02 8.07331
1.97 49.573 2000.01 -21422.6 -49.573 -2000.01 7.09654
1.975 49.6244 2000 -21444.1 -49.6244 -2000 6.32953
1.98 49.673 1999.99 -21464.4 -49.673 -1999.99 5.73045
1.985 49.7187 1999.99 -21483.7 -49.7187 -1999.99 5.26205
1.99 49.7617 1999.98 -21501.9 -49.7617 -1999.98 4.90093
1.995 49.8021 1999.98 -21519.1 -49.8021 -1999.98 4.63053
2 49.8399 1999.97 -21535.3 -49.8399 -1999.97 4.43863
2.005 49.8753 1999.97 -21550.4 -49.8753 -1999.97 4.31447
2.01 49.908 1999.97 -21564.5 -49.908 -1999.97 4.2473
2.015 49.9379 1999.97 -21577.4 -49.9379 -1999.97 4.22607
2.02 49.9649 1999.96 -21589.1 -49.9649 -1999.96 4.24046
2.025 49.985 2000.08 -21598.2 -49.985 -2000.08 4.71068
2.03 50.0004 2000.12 -21605.2 -50.0004 -2000.12 5.04815
2.035 50.005 2000.06 -21608.6 -50.005 -2000.06 6.4884
2.04 49.9893 1999.95 -21604.7 -49.9893 -1999.95 9.35851
2.045 49.9649 1999.87 -21594.8 -49.9649 -1999.87 9.96955
2.05 49.9441 1999.87 -21584.3 -49.9441 -1999.87 8.41179
2.055 49.9216 1999.91 -21573 -49.9216 -1999.91 6.88538
2.06 49.8772 1999.87 -21555.7 -49.8772 -1999.87 8.73867
2.065 49.8281 1999.84 -21535.3 -49.8281 -1999.84 9.58965
2.07 49.7831 1999.85 -21514.3 -49.7831 -1999.85 8.04887
2.075 49.736 1999.87 -21492.8 -49.736 -1999.87 6.82232
2.08 49.6874 1999.88 -21470.8 -49.6874 -1999.88 5.84085
2.085 49.637 1999.86 -21448.4 -49.637 -1999.86 5.18414
2.09 49.5859 1999.85 -21425.8 -49.5859 -1999.85 4.64951
2.095 49.5354 1999.86 -21403.4 -49.5354 -1999.86 4.08921
2.1 49.485 1999.88 -21381.2 -49.485 -1999.88 3.62533
2.105 49.4348 1999.89 -21359.1 -49.4348 -1999.89 3.23911
2.11 49.3847 1999.89 -21337.1 -49.3847 -1999.89 2.91682
2.115 49.3347 1999.9 -21315.3 -49.3347 -1999.9 2.64758
2.12 49.2847 1999.91 -21293.4 -49.2847 -1999.91 2.42262
2.125 49.2295 1999.88 -21270.2 -49.2295 -1999.88 3.03773
2.13 49.1656 1999.84 -21243.6 -49.1656 -1999.84 4.03477
2.135 49.106 1999.87 -21217.1 -49.106 -1999.87 3.34938
2.14 49.046 1999.89 -21190.7 -49.046 -1999.89 2.79956
2.145 48.9856 1999.9 -21164.2 -48.9856 -1999.9 2.35856
2.15 48.9247 1999.91 -21137.5 -48.9247 -1999.91 2.00556
2.155 48.863 1999.92 -21110.5 -48.863 -1999.92 1.72658
2.16 48.8002 1999.93 -21083.2 -48.8002 -1999.93 1.50646
2.165 48.7362 1999.94 -21055.4 -48.7362 -1999.94 1.33002
2.17 48.6703 1999.94 -21026.8 -48.6703 -1999.94 1.22811
2.175 48.6022 1999.93 -20997.3 -48.6022 -1999.93 1.17461
2.18 48.532 1999.93 -20966.9 -48.532 -1999.93 1.08845
2.185 48.4579 2000.02 -20935.1 -48.4579 -2000.02 1.32206
2.19 48.3809 2000.05 -20901.9 -48.3809 -2000.05 1.36942
2.195 48.3011 2000.03 -20867.3 -48.3011 -2000.03 1.26606
2.2 48.2191 2000.01 -20831.9 -48.2191 -2000.01 1.19326
2.205 48.1361 2000 -20795.9 -48.1361 -2000 1.14191
2.21 48.0532 1999.98 -20760.1 -48.0532 -1999.98 1.10284
2.215 47.9715 1999.98 -20724.8 -47.9715 -1999.98 1.06827
2.22 47.8922 1999.97 -20690.5 -47.8922 -1999.97 1.03259
2.225 47.816 1999.96 -20657.5 -47.816 -1999.96 0.992387
2.23 47.7436 1999.96 -20626.2 -47.7436 -1999.96 0.946173
2.235 47.6751 1999.96 -20596.5 -47.6751 -1999.96 0.894046
2.24 47.6108 1999.96 -20568.7 -47.6108 -1999.96 0.837357
2.245 47.5504 1999.96 -20542.5 -47.5504 -1999.96 0.778062
2.25 47.4938 1999.96 -20518 -47.4938 -1999.96 0.717965
2.255 47.4409 1999.96 -20495.1 -47.4409 -1999.96 0.658468
2.26 47.3949 2000.01 -20474.4 -47.3949 -2000.01 -0.15381
2.265 47.3527 2000.04 -20455.7 -47.3527 -2000.04 -0.675559
2.27 47.3124 2000.03 -20438.5 -47.3124 -2000.03 -0.497455
2.275 47.2761 2000.02 -20422.8 -47.2761 -2000.02 -0.425555
2.28 47.2432 2000.02 -20408.7 -47.2432 -2000.02 -0.401768
2.285 47.213 2000.01 -20395.7 -47.213 -2000.01 -0.29792
2.29 47.1852 2000.01 -20383.8 -47.1852 -2000.01 -0.218362
2.295 47.1594 2000.01 -20372.7 -47.1594 -2000.01 -0.15742
2.3 47.1354 2000 -20362.4 -47.1354 -2000 -0.110869
2.305 47.1131 2000 -20352.8 -47.1131 -2000 -0.0755097
2.31 47.0922 2000 -20343.8 -47.0922 -2000 -0.0488216
2.315 47.0724 2000 -20335.3 -47.0724 -2000 -0.0287329
2.32 47.0534 2000 -20327.1 -47.0534 -2000 -0.0135163
2.325 47.0348 2000 -20319 -47.0348 -2000 -0.00178309
2.33 47.0163 2000 -20311 -47.0163 -2000 0.00745735
2.335 46.9963 1999.98 -20302.7 -46.9963 -1999.98 0.263664
2.34 46.9769 1999.98 -20294.4 -46.9769 -1999.98 0.396597
2.345 46.9594 1999.98 -20286.8 -46.9594 -1999.98 0.322075
2.35 46.944 1999.98 -20280.1 -46.944 -1999.98 0.261705
2.355 46.9316 1999.99 -20274.7 -46.9316 -1999.99 0.212441
2.36 46.923 1999.99 -20270.9 -46.923 -1999.99 0.171864
2.365 46.919 1999.99 -20269.1 -46.919 -1999.99 0.138436
2.37 46.9136 1999.97 -20267.8 -46.9136 -1999.97 1.17617
2.375 46.897 1999.94 -20262.1 -46.897 -1999.94 2.61649
2.38 46.8756 1999.95 -20252.4 -46.8756 -1999.95 2.09018
2.385 46.8427 1999.96 -20237.7 -46.8427 -1999.96 1.64196
2.39 46.7987 1999.97 -20218.3 -46.7987 -1999.97 1.23373
2.395 46.7445 1999.97 -20194.5 -46.7445 -1999.97 0.834325
2.4 46.6817 1999.97 -20166.9 -46.6817 -1999.97 0.425546
2.405 46.6122 1999.96 -20136.5 -46.6122 -1999.96 0.00548735
2.41 46.5376 1999.95 -20103.8 -46.5376 -1999.95 -0.412376
2.415 46.4596 1999.95 -20069.8 -46.4596 -1999.95 -0.806731
2.42 46.3796 1999.94 -20034.8 -46.3796 -1999.94 -1.15493
2.425 46.2985 1999.94 -19999.5 -46.2985 -1999.94 -1.43909
2.43 46.2169 1999.93 -19964.1 -46.2169 -1999.93 -1.6512
2.435 46.1349 1999.94 -19928.4 -46.1349 -1999.94 -1.87295
2.44 46.0517 1999.95 -19892.3 -46.0517 -1999.95 -2.0143
2.445 45.9672 1999.94 -19855.8 -45.9672 -1999.94 -2.03733
2.45 45.8811 1999.94 -19818.6 -45.8811 -1999.94 -2.03264
2.455 45.7931 1999.94 -19780.6 -45.7931 -1999.94 -2.00865
2.46 45.7001 2000 -19740.9 -45.7001 -2000 -1.51856
2.465 45.6012 2000.06 -19698.7 -45.6012 -2000.06 -0.97363
2.47 45.4998 2000.04 -19654.8 -45.4998 -2000.04 -1.05948
2.475 45.3958 1999.99 -19609.7 -45.3958 -1999.99 -1.24019
2.48 45.2886 1999.97 -19563.4 -45.2886 -1999.97 -1.33056
2.485 45.1778 1999.99 -19515.3 -45.1778 -1999.99 -1.47929
2.49 45.0641 2000.01 -19465.7 -45.0641 -2000.01 -2.01873
2.495 44.9463 2000.01 -19414.7 -44.9463 -2000.01 -2.1143
2.5 44.8254 2000 -19362.7 -44.8254 -2000 -1.87257
2.505 44.7032 1999.99 -19310.1 -44.7032 -1999.99 -1.66323
2.51 44.5801 2000.03 -19256.8 -44.5801 -2000.03 -1.83078
2.515 44.4557 2000.04 -19203.1 -44.4557 -2000.04 -1.78647
2.52 44.3308 2000.03 -19149.4 -44.3308 -2000.03 -1.54629
2.525 44.2065 2000.02 -19095.9 -44.2065 -2000.02 -1.33954
2.53 44.0832 2000.01 -19042.8 -44.0832 -2000.01 -1.16162
2.535 43.9609 2000.01 -18990.1 -43.9609 -2000.01 -1.00781
2.54 43.8403 2000 -18938.1 -43.8403 -2000 -0.874572
2.545 43.7219 2000 -18887.1 -43.7219 -2000 -0.758803
2.55 43.6064 2000 -18837.3 -43.6064 -2000 -0.657908
2.555 43.4943 2000 -18789 -43.4943 -2000 -0.569148
2.56 43.3859 2000 -18742.2 -43.3859 -2000 -0.49168
2.565 43.2813 2000 -18697.1 -43.2813 -2000 -0.424915
2.57 43.1805 1999.99 -18653.6 -43.1805 -1999.99 -0.366908
2.575 43.0831 1999.99 -18611.6 -43.0831 -1999.99 -0.316705
2.58 42.989 1999.99 -18571 -42.989 -1999.99 -0.273404
2.585 42.8981 1999.99 -18531.7 -42.8981 -1999.99 -0.236137
2.59 42.8104 1999.99 -18493.9 -42.8104 -1999.99 -0.204062
2.595 42.7263 2000 -18457.6 -42.7263 -2000 -0.176382
2.6 42.6461 2000 -18422.9 -42.6461 -2000 -0.152394
2.605 42.5702 2000 -18390.2 -42.5702 -2000 -0.131513
2.61 42.4975 2000.02 -18359.1 -42.4975 -2000.02 0.126799
2.615 42.426 2000.07 -18328.6 -42.426 -2000.07 0.550263
2.62 42.3598 2000.06 -18299.9 -42.3598 -2000.06 0.438031
2.625 42.2977 2000.04 -18272.9 -42.2977 -2000.04 0.347796
2.63 42.2391 2000.04 -18247.6 -42.2391 -2000.04 0.275936
2.635 42.1834 2000.03 -18223.5 -42.1834 -2000.03 0.218698
2.64 42.1303 2000.02 -18200.5 -42.1303 -2000.02 0.173102
2.645 42.0793 2000.02 -18178.4 -42.0793 -2000.02 0.137063
2.65 42.0303 2000.01 -18157.2 -42.0303 -2000.01 0.108261
2.655 41.983 2000.01 -18136.7 -41.983 -2000.01 0.0851557
2.66 41.9377 2000.01 -18117.2 -41.9377 -2000.01 0.0667911
2.665 41.8945 2000.01 -18098.5 -41.8945 -2000.01 0.0522273
2.67 41.8538 2000.01 -18080.9 -41.8538 -2000.01 0.0407135
2.675 41.816 2000 -18064.5 -41.816 -2000 0.0316482
2.68 41.7814 2000 -18049.6 -41.7814 -2000 0.0245513
2.685 41.751 2000 -18036.4 -41.751 -2000 0.0190059
2.69 41.7252 2000 -18025.3 -41.7252 -2000 0.0147147
2.695 41.7049 2000 -18016.5 -41.7049 -2000 0.0114583
2.7 41.6904 2000 -18010.3 -41.6904 -2000 0.00900148
2.705 41.6819 2000 -18006.6 -41.6819 -2000 0.00714254
2.71 41.679 2000 -18005.3 -41.679 -2000 0.00571357
2.715 41.6824 1999.99 -18006.6 -41.6824 -1999.99 -0.206842
2.72 41.6914 1999.99 -18010.3 -41.6914 -1999.99 -0.3903
2.725 41.7037 1999.99 -18015.7 -41.7037 -1999.99 -0.311737
2.73 41.7184 1999.99 -18022.1 -41.7184 -1999.99 -0.24688
2.735 41.7335 1999.99 -18028.7 -41.7335 -1999.99 -0.193478
2.74 41.7477 1999.99 -18034.8 -41.7477 -1999.99 -0.148143
2.745 41.7597 1999.99 -18040.1 -41.7597 -1999.99 -0.111756
2.75 41.7689 2000 -18044.1 -41.7689 -2000 -0.0856491
2.755 41.7751 2000 -18046.8 -41.7751 -2000 -0.0669135
2.76 41.7785 2000 -18048.2 -41.7785 -2000 -0.0530083
2.765 41.7793 2000 -18048.6 -41.7793 -2000 -0.0424131
2.77 41.7779 2000 -18048 -41.7779 -2000 -0.0302864
2.775 41.774 2000 -18046.4 -41.774 -2000 -0.022379
2.78 41.7673 2000 -18043.5 -41.7673 -2000 -0.0256767
2.785 41.7573 2000 -18039.1 -41.7573 -2000 -0.0448948
2.79 41.7438 2000 -18033.2 -41.7438 -2000 -0.0937461
2.795 41.7266 1999.99 -18025.7 -41.7266 -1999.99 -0.184078
2.8 41.7062 1999.99 -18016.8 -41.7062 -1999.99 -0.314835
2.805 41.6831 1999.98 -18006.6 -41.6831 -1999.98 -0.486857
2.81 41.6578 1999.97 -17995.5 -41.6578 -1999.97 -0.650476
2.815 41.6308 1999.96 -17983.7 -41.6308 -1999.96 -0.762226
2.82 41.602 1999.96 -17971.3 -41.602 -1999.96 -0.827167
2.825 41.5715 1999.97 -17958 -41.5715 -1999.97 -0.847848
2.83 41.5385 1999.97 -17943.8 -41.5385 -1999.97 -0.837276
2.835 41.5022 1999.97 -17928.1 -41.5022 -1999.97 -0.809743
2.84 41.4613 1999.97 -17910.5 -41.4613 -1999.97 -0.774759
2.845 41.4151 1999.96 -17890.5 -41.4151 -1999.96 -0.81271
2.85 41.362 1999.96 -17867.6 -41.362 -1999.96 -0.81427
2.855 41.3011 1999.96 -17841.3 -41.3011 -1999.96 -0.753165
2.86 41.2314 1999.97 -17811.3 -41.2314 -1999.97 -0.693292
2.865 41.1521 1999.97 -17777.1 -41.1521 -1999.97 -0.633885
2.87 41.0622 1999.98 -17738.3 -41.0622 -1999.98 -0.574976
2.875 40.9605 1999.98 -17694.4 -40.9605 -1999.98 -0.514002
2.88 40.8461 1999.98 -17645.1 -40.8461 -1999.98 -0.452643
2.885 40.718 1999.98 -17589.8 -40.718 -1999.98 -0.39722
2.89 40.5752 1999.98 -17528.2 -40.5752 -1999.98 -0.346399
2.895 40.417 1999.98 -17459.9 -40.417 -1999.98 -0.299319
2.9 40.2425 1999.98 -17384.5 -40.2425 -1999.98 -0.255376
2.905 40.0495 2000.01 -17301.4 -40.0495 -2000.01 -0.00050947
2.91 39.8267 2000.18 -17207 -39.8267 -2000.18 1.81977
2.915 39.5834 2000.24 -17102.5 -39.5834 -2000.24 2.50844
2.92 39.3222 2000.19 -16989.2 -39.3222 -2000.19 2.01573
2.925 39.0422 2000.12 -16867.7 -39.0422 -2000.12 1.45128
2.93 38.7431 2000.09 -16737.9 -38.7431 -2000.09 0.928485
2.935 38.4218 2000.06 -16597.8 -38.4218 -2000.06 -0.42181
2.94 38.0786 1999.98 -16449.2 -38.0786 -1999.98 -0.753458
2.945 37.7076 2000.03 -16289.7 -37.7076 -2000.03 0.0240499
2.95 37.318 2000.01 -16121.3 -37.318 -2000.01 -0.045969
2.955 36.9088 1999.99 -15944.5 -36.9088 -1999.99 -0.111009
2.96 36.4827 1999.93 -15760 -36.4827 -1999.93 -0.571477
2.965 36.0412 1999.85 -15568.7 -36.0412 -1999.85 -1.13855
2.97 35.5663 2000.01 -15365.6 -35.5663 -2000.01 0.926152
2.975 35.0715 2000.04 -15152.4 -35.0715 -2000.04 1.54082
2.98 34.5235 2000.36 -14920.5 -34.5235 -2000.36 6.34692
2.985 33.9144 2000.79 -14661.9 -33.9144 -2000.79 10.8595
2.99 33.2237 2001.28 -14367.3 -33.2237 -2001.28 14.6965
2.995 32.4445 2001.64 -14036.5 -32.4445 -2001.64 20.4746
3 31.5136 2002.61 -13650.3 -31.5136 -2002.61 36.469
3.005 30.484 2003.26 -13216.5 -30.484 -2003.26 47.3731
3.01 29.2727 2003.74 -12698.1 -29.2727 -2003.74 52.2657
3.015 27.8946 2004.26 -12108.5 -27.8946 -2004.26 58.0406
3.02 26.326 2004.75 -11443.8 -26.326 -2004.75 70.9375
3.025 24.386 2006.87 -10636.4 -24.386 -2006.87 101.624
3.03 22.2102 2008.55 -9722.35 -22.2102 -2008.55 127.519
3.035 19.8008 2008.94 -8694.72 -19.8008 -2008.94 140.762
3.04 17.3143 2007.88 -7608.68 -17.3143 -2007.88 128.912
3.045 14.7856 2006.23 -6489.7 -14.7856 -2006.23 102.32
3.05 12.1838 2006.16 -5340.09 -12.1838 -2006.16 76.6927
3.055 9.51201 2005.94 -4164.87 -9.51201 -2005.94 55.6811
3.06 6.56712 2005.24 -2895.31 -6.56712 -2005.24 58.315
3.065 3.32859 2005.24 -1520.12 -3.32859 -2005.24 82.1714
3.07 -0.285284 2005.45 -16.1217 0.285284 -2005.45 139.364
3.075 -4.00458 2004.33 1560.53 4.00458 -2004.33 169.446
3.08 -7.51569 2001.06 3090.45 7.51569 -2001.06 156.329
3.085 -10.9079 1999.78 4595.84 10.9079 -1999.78 116.386
3.09 -14.33 1999.66 6110.58 14.33 -1999.66 79.967
3.095 -17.7765 1999.11 7628.38 17.7765 -1999.11 51.0525
3.1 -21.2894 1998.74 9164.11 21.2894 -1998.74 32.895
3.105 -24.7017 1999.39 10669.2 24.7017 -1999.39 1.97028
3.11 -27.6706 2002.91 12007.5 27.6706 -2002.91 -53.7799
3.115 -30.5293 2005.21 13273.7 30.5293 -2005.21 -85.0259
3.12 -33.3297 2005.21 14488.4 33.3297 -2005.21 -89.9741
3.125 -35.8659 2006.89 15601.1 35.8659 -2006.89 -107.045
3.13 -38.2616 2008.18 16660.4 38.2616 -2008.18 -131.402
3.135 -40.4402 2008.87 17622.9 40.4402 -2008.87 -152.691
3.14 -42.4356 2009.02 18509.3 42.4356 -2009.02 -177.093
3.145 -44.1079 2011.44 19277.6 44.1079 -2011.44 -222.935
3.15 -45.5688 2013.35 19933.4 45.5688 -2013.35 -247.697
3.155 -46.9114 2014.58 20473.9 46.9114 -2014.58 -208.155
3.16 -48.0571 2012.96 20940.9 48.0571 -2012.96 -180.269
3.165 -48.9434 2010.54 21333.4 48.9434 -2010.54 -189.859
3.17 -49.3461 2008.58 21573.7 49.3461 -2008.58 -256.141
3.175 -49.1834 2005.42 21620 49.1834 -2005.42 -372.77
3.18 -48.1928 1998.43 21304.8 48.1928 -1998.43 -485.553
3.185 -47.0088 1993.15 20796.2 47.0088 -1993.15 -488.372
3.19 -45.8228 1993.51 20226.7 45.8228 -1993.51 -431.295
3.195 -45.1031 1996.37 19744 45.1031 -1996.37 -259.497
3.2 -44.6729 2000.08 19386.8 44.6729 -2000.08 -88.1329
3.205 -44.3309 2001.28 19163.5 44.3309 -2001.28 -12.5589
3.21 -43.7476 1999.73 18915.6 43.7476 -1999.73 -16.6256
3.215 -43.1772 1998.6 18664.8 43.1772 -1998.6 -12.25
3.22 -42.7274 1998.57 18456.4 42.7274 -1998.57 1.87729
3.225 -42.1775 1997.36 18228.1 42.1775 -1997.36 -7.39823
3.23 -41.9098 1998.15 18071.7 41.9098 -1998.15 33.3572
3.235 -42.0007 1999.72 18038.9 42.0007 -1999.72 105.375
3.24 -42.0251 2000.62 18035.6 42.0251 -2000.62 119.284
3.245 -41.9669 2000.44 18030 41.9669 -2000.44 99.7306
3.25 -41.8718 1999.37 18013 41.8718 -1999.37 75.6026
3.255 -41.7919 1998.86 17995.6 41.7919 -1998.86 58.5102
3.26 -41.7104 1998.29 17974.7 41.7104 -1998.29 44.2467
3.265 -41.6226 1997.6 17948.9 41.6226 -1997.6 32.0481
3.27 -41.4796 1995.1 17903.9 41.4796 -1995.1 15.3161
3.275 -41.3428 1993.84 17855.3 41.3428 -1993.84 4.84452
3.28 -41.235 1994.23 17809.9 41.235 -1994.23 3.5692
3.285 -41.14 1994.68 17768.5 41.14 -1994.68 3.95208
3.29 -40.9405 1989.85 17696 40.9405 -1989.85 -9.69709
3.295 -40.5469 1983.13 17549.5 40.5469 -1983.13 -33.2319
3.3 -40.5188 1999.6 17508.8 40.5188 -1999.6 -4.71876
3.305 -40.4397 2004.99 17467.4 40.4397 -2004.99 2.50255
3.31 -40.2885 2002.28 17405.7 40.2885 -2002.28 -1.08013
3.315 -40.1694 2002.29 17351.1 40.1694 -2002.29 2.06718
3.32 -40.0893 2002.34 17311.4 40.0893 -2002.34 7.20227
3.325 -39.9198 1997.53 17247 39.9198 -1997.53 -1.6591
3.33 -39.7336 1994.6 17171.4 39.7336 -1994.6 -6.46638
3.335 -39.3905 1985.05 17033.9 39.3905 -1985.05 -17.1953
3.34 -39.2966 2015.5 16956.7 39.2966 -2015.5 19.41
3.345 -39.3377 2018.57 16933.1 39.3377 -2018.57 60.8271
3.35 -39.3792 2013.13 16955.6 39.3792 -2013.13 56.2429
3.355 -39.3564 2008.82 16960 39.3564 -2008.82 42.0121
3.36 -39.3553 2007.38 16968.3 39.3553 -2007.38 33.1655
3.365 -39.3593 2006.01 16976.7 39.3593 -2006.01 26.5114
3.37 -39.3673 2004.86 16985.5 39.3673 -2004.86 21.2358
3.375 -39.3788 2003.92 16994.6 39.3788 -2003.92 17.0243
3.38 -39.3905 2002.8 17003.2 39.3905 -2002.8 13.4597
3.385 -39.3941 2001.46 17008 39.3941 -2001.46 10.2723
3.39 -39.3783 1999.07 17004.2 39.3783 -1999.07 7.25
3.395 -1.33198 -5.50407 382.085 1.33198 5.50407 193.33
