0.1 2.04519e-31 200 6.66134e-14 -2.04519e-31 -200 -6.66134e-14
0.2 5.84341e-32 400 1.19016e-13 -5.84341e-32 -400 -1.19016e-13
0.3 6.42776e-31 600 1.97176e-13 -6.42776e-31 -600 -1.97176e-13
0.4 -2.33737e-31 800 -4.76064e-13 2.33737e-31 -800 4.76064e-13
0.5 2.33737e-31 1000 -2.98428e-13 -2.33737e-31 -1000 2.98428e-13
0.6 -1.45355e-30 1200 2.66454e-14 1.45355e-30 -1200 -2.66454e-14
0.7 -7.0121e-31 1400 6.60805e-13 7.0121e-31 -1400 -6.60805e-13
0.8 4.67473e-31 1600 5.41789e-13 -4.67473e-31 -1600 -5.41789e-13
0.9 1.40242e-30 1800 -7.70939e-13 -1.40242e-30 -1800 7.70939e-13
1 3.15544e-30 2000 -3.0731e-13 -3.15544e-30 -2000 3.0731e-13
0.005 0.0014569 2000 -0.631566 -0.0014569 -2000 0.00218675
0.01 0.00727544 1999.99 -3.14692 -0.00727544 -1999.99 0.00393069
0.015 0.018898 2000 -8.16708 -0.018898 -2000 0.00315593
0.02 0.0363112 2000 -15.689 -0.0363112 -2000 0.00260477
0.025 0.0594994 2000 -25.706 -0.0594994 -2000 0.00222377
0.03 0.0884462 2000 -38.2107 -0.0884462 -2000 0.00198948
0.035 0.123134 2000 -53.1958 -0.123134 -2000 0.0018915
0.04 0.163544 2000 -70.6529 -0.163544 -2000 0.00192137
0.045 0.209657 2000 -90.5737 -0.209657 -2000 0.00207224
0.05 0.261451 2000 -112.949 -0.261451 -2000 0.00233858
0.055 0.318905 2000 -137.77 -0.318905 -2000 0.00271598
0.06 0.381995 2000 -165.025 -0.381995 -2000 0.00320089
0.065 0.450698 2000 -194.705 -0.450698 -2000 0.00372905
0.07 0.524986 2000 -226.798 -0.524986 -2000 0.0042995
0.075 0.604834 2000 -261.293 -0.604834 -2000 0.00497225
0.08 0.690211 2000 -298.177 -0.690211 -2000 0.00574309
0.085 0.781084 2000 -337.435 -0.781084 -2000 0.00660952
0.09 0.877421 2000 -379.054 -0.877421 -2000 0.00756944
0.095 0.979197 2000 -423.022 -0.979197 -2000 0.00862296
0.1 1.08638 2000 -469.327 -1.08638 -2000 0.00976965
0.105 1.19895 2000 -517.959 -1.19895 -2000 0.011009
0.11 1.31689 2000 -568.909 -1.31689 -2000 0.0123423
0.115 1.44017 2000 -622.167 -1.44017 -2000 0.0137706
0.12 1.56877 2000 -677.725 -1.56877 -2000 0.0152951
0.125 1.70267 2000 -735.571 -1.70267 -2000 0.0169169
0.13 1.84184 2000 -795.694 -1.84184 -2000 0.0186376
0.135 1.98624 2000 -858.078 -1.98624 -2000 0.0204581
0.14 2.13585 2000 -922.708 -2.13585 -2000 0.0223793
0.145 2.2906 2000 -989.564 -2.2906 -2000 0.0244017
0.15 2.45046 2000 -1058.63 -2.45046 -2000 0.0265254
0.155 2.61537 2000 -1129.87 -2.61537 -2000 0.0287502
0.16 2.78526 2000 -1203.26 -2.78526 -2000 0.0310755
0.165 2.9601 2000 -1278.8 -2.9601 -2000 0.0335013
0.17 3.13984 2000 -1356.44 -3.13984 -2000 0.0360287
0.175 3.32443 2000 -1436.19 -3.32443 -2000 0.0386583
0.18 3.51384 2000 -1518.02 -3.51384 -2000 0.0413909
0.185 3.70805 2000 -1601.92 -3.70805 -2000 0.0442286
0.19 3.90706 1999.99 -1687.9 -3.90706 -1999.99 0.0471747
0.195 4.11084 1999.99 -1775.93 -4.11084 -1999.99 0.0502315
0.2 4.31935 1999.99 -1866.01 -4.31935 -1999.99 0.0533984
0.205 4.53255 1999.99 -1958.12 -4.53255 -1999.99 0.0566737
0.21 4.7504 1999.99 -2052.23 -4.7504 -1999.99 0.0600551
0.215 4.97284 1999.99 -2148.33 -4.97284 -1999.99 0.0635379
0.22 5.19979 1999.99 -2246.38 -5.19979 -1999.99 0.0671147
0.225 5.43115 1999.99 -2346.33 -5.43115 -1999.99 0.0707758
0.23 5.66683 1999.99 -2448.15 -5.66683 -1999.99 0.0745126
0.235 5.90676 1999.99 -2551.8 -5.90676 -1999.99 0.0783165
0.24 6.15082 1999.99 -2657.24 -6.15082 -1999.99 0.0821766
0.245 6.39892 1999.99 -2764.42 -6.39892 -1999.99 0.0860815
0.25 6.65099 1999.99 -2873.32 -6.65099 -1999.99 0.0900232
0.255 6.90697 1999.99 -2983.91 -6.90697 -1999.99 0.0939971
0.26 7.16685 1999.99 -3096.18 -7.16685 -1999.99 0.0980021
0.265 7.43064 1999.99 -3210.14 -7.43064 -1999.99 0.102043
0.27 7.6984 1999.99 -3325.81 -7.6984 -1999.99 0.10613
0.275 7.97015 1999.99 -3443.22 -7.97015 -1999.99 0.110269
0.28 8.2459 1999.99 -3562.34 -8.2459 -1999.99 0.11446
0.285 8.52558 1999.99 -3683.17 -8.52558 -1999.99 0.118692
0.29 8.80916 1999.99 -3805.68 -8.80916 -1999.99 0.122954
0.295 9.09657 1999.99 -3929.85 -9.09657 -1999.99 0.127234
0.3 9.38778 1999.99 -4055.65 -9.38778 -1999.99 0.131523
0.305 9.68272 1999.99 -4183.07 -9.68272 -1999.99 0.135811
0.31 9.98132 1999.99 -4312.07 -9.98132 -1999.99 0.140087
0.315 10.2835 1999.99 -4442.61 -10.2835 -1999.99 0.144335
0.32 10.5891 1999.99 -4574.63 -10.5891 -1999.99 0.148535
0.325 10.898 1999.99 -4708.08 -10.898 -1999.99 0.15267
0.33 11.2102 1999.99 -4842.95 -11.2102 -1999.99 0.156738
0.335 11.5256 1999.99 -4979.23 -11.5256 -1999.99 0.160744
0.34 11.8443 1999.99 -5116.9 -11.8443 -1999.99 0.164695
0.345 12.1662 1999.99 -5255.95 -12.1662 -1999.99 0.16859
0.35 12.4911 1999.99 -5396.34 -12.4911 -1999.99 0.172425
0.355 12.8191 1999.99 -5538.02 -12.8191 -1999.99 0.17619
0.36 13.1499 1999.98 -5680.95 -13.1499 -1999.98 0.179873
0.365 13.4836 1999.98 -5825.08 -13.4836 -1999.98 0.183467
0.37 13.8199 1999.98 -5970.39 -13.8199 -1999.98 0.186977
0.375 14.1589 1999.98 -6116.85 -14.1589 -1999.98 0.190406
0.38 14.5006 1999.98 -6264.44 -14.5006 -1999.98 0.193756
0.385 14.8447 1999.98 -6413.12 -14.8447 -1999.98 0.197031
0.39 15.1914 1999.98 -6562.88 -15.1914 -1999.98 0.200236
0.395 15.5405 1999.98 -6713.69 -15.5405 -1999.98 0.203375
0.4 15.8919 1999.98 -6865.52 -15.8919 -1999.98 0.206462
0.405 16.2457 1999.98 -7018.34 -16.2457 -1999.98 0.2095
0.41 16.6016 1999.98 -7172.12 -16.6016 -1999.98 0.212481
0.415 16.9598 1999.98 -7326.85 -16.9598 -1999.98 0.215411
0.42 17.3201 1999.98 -7482.49 -17.3201 -1999.98 0.218301
0.425 17.6824 1999.98 -7639.02 -17.6824 -1999.98 0.221155
0.43 18.0467 1999.98 -7796.41 -18.0467 -1999.98 0.223988
0.435 18.413 1999.98 -7954.64 -18.413 -1999.98 0.226802
0.44 18.7811 1999.98 -8113.68 -18.7811 -1999.98 0.229578
0.445 19.1511 1999.98 -8273.49 -19.1511 -1999.98 0.232321
0.45 19.5228 1999.98 -8434.07 -19.5228 -1999.98 0.235036
0.455 19.8961 1999.98 -8595.37 -19.8961 -1999.98 0.237727
0.46 20.2711 1999.98 -8757.37 -20.2711 -1999.98 0.240398
0.465 20.6477 1999.98 -8920.05 -20.6477 -1999.98 0.243053
0.47 21.0258 1999.98 -9083.39 -21.0258 -1999.98 0.245694
0.475 21.4053 1999.98 -9247.35 -21.4053 -1999.98 0.248323
0.48 21.7863 1999.98 -9411.93 -21.7863 -1999.98 0.250953
0.485 22.1688 1999.97 -9577.16 -22.1688 -1999.97 0.253609
0.49 22.5528 1999.97 -9743.08 -22.5528 -1999.97 0.256325
0.495 22.9328 2000 -9908 -22.9328 -2000 1.0428
0.5 23.3114 2000.02 -10072.3 -23.3114 -2000.02 1.71682
0.505 23.6952 2000.01 -10237.7 -23.6952 -2000.01 1.43714
0.51 24.0803 2000 -10403.9 -24.0803 -2000 1.21559
0.515 24.4666 2000 -10570.7 -24.4666 -2000 1.09859
0.52 24.8454 2000.02 -10735 -24.8454 -2000.02 1.78147
0.525 25.2289 2000.01 -10900.4 -25.2289 -2000.01 1.49895
0.53 25.6136 2000 -11066.4 -25.6136 -2000 1.27148
0.535 25.9994 2000 -11232.8 -25.9994 -2000 1.09132
0.54 26.3688 2000.08 -11394.6 -26.3688 -2000.08 3.29299
0.545 26.7397 2000.12 -11555.9 -26.7397 -2000.12 4.36224
0.55 27.1177 2000.09 -11718.4 -27.1177 -2000.09 3.5809
0.555 27.4957 2000.07 -11881.1 -27.4957 -2000.07 2.96041
0.56 27.8435 2000.25 -12033.5 -27.8435 -2000.25 5.13468
0.565 28.1971 2000.29 -12186.7 -28.1971 -2000.29 5.54853
0.57 28.5551 2000.23 -12340.3 -28.5551 -2000.23 4.52993
0.575 28.897 2000.26 -12489.2 -28.897 -2000.26 5.70577
0.58 29.237 2000.26 -12636.5 -29.237 -2000.26 6.11996
0.585 29.5787 2000.22 -12783.2 -29.5787 -2000.22 5.21413
0.59 29.9005 2000.27 -12922.3 -29.9005 -2000.27 5.33999
0.595 30.225 2000.21 -13061.6 -30.225 -2000.21 4.39139
0.6 30.5484 2000.16 -13200.5 -30.5484 -2000.16 3.62486
0.605 30.8706 2000.13 -13339.1 -30.8706 -2000.13 3.00536
0.61 31.1917 2000.1 -13477.3 -31.1917 -2000.1 2.50471
0.615 31.5076 2000.1 -13614 -31.5076 -2000.1 2.67407
0.62 31.782 2000.4 -13735.9 -31.782 -2000.4 6.0579
0.625 32.0606 2000.48 -13856.8 -32.0606 -2000.48 6.5604
0.63 32.3444 2000.38 -13978.1 -32.3444 -2000.38 5.34276
0.635 32.627 2000.31 -14099.2 -32.627 -2000.31 4.37739
0.64 32.9087 2000.24 -14220.2 -32.9087 -2000.24 3.61223
0.645 33.1897 2000.19 -14340.9 -33.1897 -2000.19 2.994
0.65 33.4699 2000.15 -14461.5 -33.4699 -2000.15 2.49454
0.655 33.7494 2000.12 -14581.8 -33.7494 -2000.12 2.09109
0.66 34.0283 2000.09 -14702 -34.0283 -2000.09 1.76526
0.665 34.3065 2000.07 -14821.9 -34.3065 -2000.07 1.50216
0.67 34.5841 2000.05 -14941.6 -34.5841 -2000.05 1.28976
0.675 34.8302 2000.31 -15050.8 -34.8302 -2000.31 4.13058
0.68 35.0748 2000.43 -15157.6 -35.0748 -2000.43 5.28168
0.685 35.3254 2000.34 -15264.9 -35.3254 -2000.34 4.34115
0.69 35.5756 2000.27 -15372.2 -35.5756 -2000.27 3.58159
0.695 35.8256 2000.22 -15479.6 -35.8256 -2000.22 2.968
0.7 36.0757 2000.17 -15587.2 -36.0757 -2000.17 2.47277
0.705 36.326 2000.13 -15694.9 -36.326 -2000.13 2.07328
0.71 36.5763 2000.1 -15802.7 -36.5763 -2000.1 1.7511
0.715 36.8261 2000.08 -15910.4 -36.8261 -2000.08 1.49117
0.72 37.0747 2000.06 -16017.6 -37.0747 -2000.06 1.28121
0.725 37.3216 2000.04 -16124.1 -37.3216 -2000.04 1.11122
0.73 37.566 2000.03 -16229.5 -37.566 -2000.03 0.973103
0.735 37.8074 2000.02 -16333.7 -37.8074 -2000.02 0.860371
0.74 38.0397 2000.07 -16434.4 -38.0397 -2000.07 1.26133
0.745 38.2508 2000.2 -16526.7 -38.2508 -2000.2 2.35139
0.75 38.4628 2000.16 -16617.9 -38.4628 -2000.16 1.96568
0.755 38.668 2000.15 -16706.8 -38.668 -2000.15 2.19372
0.76 38.8701 2000.14 -16794.1 -38.8701 -2000.14 2.2192
0.765 39.0707 2000.11 -16880.4 -39.0707 -2000.11 1.85536
0.77 39.2654 2000.11 -16964.7 -39.2654 -2000.11 2.10927
0.775 39.4565 2000.11 -17047.5 -39.4565 -2000.11 2.2786
0.78 39.6475 2000.09 -17129.6 -39.6475 -2000.09 1.90218
0.785 39.8366 2000.07 -17211 -39.8366 -2000.07 1.59735
0.79 40.0239 2000.05 -17291.7 -40.0239 -2000.05 1.35033
0.795 40.2045 2000.08 -17370.2 -40.2045 -2000.08 1.88537
0.8 40.3782 2000.11 -17446 -40.3782 -2000.11 2.61113
0.805 40.5536 2000.09 -17521.3 -40.5536 -2000.09 2.17121
0.81 40.7275 2000.07 -17596.1 -40.7275 -2000.07 1.81513
0.815 40.9 2000.05 -17670.3 -40.9 -2000.05 1.52698
0.82 41.0715 2000.04 -17744.2 -41.0715 -2000.04 1.29386
0.825 41.2421 2000.03 -17817.7 -41.2421 -2000.03 1.10532
0.83 41.4119 2000.02 -17890.9 -41.4119 -2000.02 0.952925
0.835 41.5798 2000.03 -17963.5 -41.5798 -2000.03 1.05172
0.84 41.7383 2000.08 -18032.9 -41.7383 -2000.08 1.96735
0.845 41.8967 2000.12 -18101.2 -41.8967 -2000.12 1.80195
0.85 42.0509 2000.16 -18167.7 -42.0509 -2000.16 1.68487
0.855 42.1996 2000.17 -18232.6 -42.1996 -2000.17 2.32422
0.86 42.3498 2000.16 -18297.5 -42.3498 -2000.16 2.4178
0.865 42.5015 2000.13 -18362.7 -42.5015 -2000.13 2.01933
0.87 42.6531 2000.1 -18427.8 -42.6531 -2000.1 1.69805
0.875 42.8026 2000.1 -18492.5 -42.8026 -2000.1 1.73524
0.88 42.9414 2000.15 -18553.4 -42.9414 -2000.15 2.70197
0.885 43.0833 2000.11 -18614.3 -43.0833 -2000.11 2.26002
0.89 43.2243 2000.09 -18674.8 -43.2243 -2000.09 1.90161
0.895 43.3639 2000.07 -18734.8 -43.3639 -2000.07 1.61163
0.9 43.5015 2000.05 -18794 -43.5015 -2000.05 1.37632
0.905 43.6364 2000.04 -18852.1 -43.6364 -2000.04 1.18447
0.91 43.7679 2000.03 -18908.8 -43.7679 -2000.03 1.027
0.915 43.8894 2000.08 -18962.1 -43.8894 -2000.08 1.85749
0.92 44.0021 2000.13 -19011.5 -44.0021 -2000.13 2.64952
0.925 44.1133 2000.1 -19059.2 -44.1133 -2000.1 2.20877
0.93 44.2199 2000.08 -19104.8 -44.2199 -2000.08 1.84672
0.935 44.3218 2000.06 -19148.6 -44.3218 -2000.06 1.54966
0.94 44.4195 2000.05 -19190.5 -44.4195 -2000.05 1.30552
0.945 44.5135 2000.04 -19230.9 -44.5135 -2000.04 1.10468
0.95 44.6025 2000.05 -19269.5 -44.6025 -2000.05 1.21641
0.955 44.6877 2000.06 -19306.4 -44.6877 -2000.06 1.33356
0.96 44.7717 2000.04 -19342.5 -44.7717 -2000.04 1.12205
0.965 44.8451 2000.12 -19375.4 -44.8451 -2000.12 2.33013
0.97 44.9184 2000.15 -19407.4 -44.9184 -2000.15 2.70551
0.975 44.9927 2000.12 -19439.1 -44.9927 -2000.12 2.23274
0.98 45.0662 2000.1 -19470.4 -45.0662 -2000.1 1.85019
0.985 45.1391 2000.08 -19501.6 -45.1391 -2000.08 1.54091
0.99 45.2116 2000.06 -19532.7 -45.2116 -2000.06 1.29099
0.995 45.284 2000.05 -19563.8 -45.284 -2000.05 1.08932
1 45.3562 2000.04 -19594.8 -45.3562 -2000.04 0.926749
1.005 45.4281 2000.03 -19625.7 -45.4281 -2000.03 0.795687
1.01 45.4996 2000.02 -19656.5 -45.4996 -2000.02 0.689873
1.015 45.5718 2000.04 -19686.9 -45.5718 -2000.04 -0.109299
1.02 45.6365 2000.09 -19715.3 -45.6365 -2000.09 0.343338
1.025 45.6976 2000.11 -19742.3 -45.6976 -2000.11 0.891688
1.03 45.7583 2000.09 -19768.4 -45.7583 -2000.09 0.766165
1.035 45.8168 2000.07 -19793.5 -45.8168 -2000.07 0.662233
1.04 45.8731 2000.06 -19817.8 -45.8731 -2000.06 0.575564
1.045 45.9274 2000.04 -19841.1 -45.9274 -2000.04 0.503049
1.05 45.9794 2000.06 -19863.5 -45.9794 -2000.06 0.357814
1.055 46.0292 2000.06 -19884.9 -46.0292 -2000.06 0.255139
1.06 46.0774 2000.05 -19905.7 -46.0774 -2000.05 0.237254
1.065 46.1244 2000.04 -19926 -46.1244 -2000.04 0.221578
1.07 46.1705 2000.03 -19945.9 -46.1705 -2000.03 0.20796
1.075 46.216 2000.02 -19965.5 -46.216 -2000.02 0.196278
1.08 46.2608 2000.02 -19984.9 -46.2608 -2000.02 0.186307
1.085 46.3049 2000.02 -20003.9 -46.3049 -2000.02 0.177703
1.09 46.3476 2000.02 -20022.4 -46.3476 -2000.02 0.256351
1.095 46.3876 2000.03 -20040 -46.3876 -2000.03 0.55052
1.1 46.4254 2000.04 -20056.5 -46.4254 -2000.04 0.707102
1.105 46.4618 2000.03 -20072.1 -46.4618 -2000.03 0.595213
1.11 46.4959 2000.03 -20086.7 -46.4959 -2000.03 0.502279
1.115 46.5272 2000.02 -20100.2 -46.5272 -2000.02 0.424252
1.12 46.5554 2000.02 -20112.3 -46.5554 -2000.02 0.358114
1.125 46.5801 2000.02 -20122.9 -46.5801 -2000.02 0.263718
1.13 46.6012 2000.02 -20131.9 -46.6012 -2000.02 0.188051
1.135 46.6188 2000.02 -20139.5 -46.6188 -2000.02 0.158482
1.14 46.6333 2000.01 -20145.7 -46.6333 -2000.01 0.132607
1.145 46.645 2000.01 -20150.8 -46.645 -2000.01 0.110311
1.15 46.6541 2000.01 -20154.7 -46.6541 -2000.01 0.0912485
1.155 46.6608 2000.01 -20157.5 -46.6608 -2000.01 0.0749499
1.16 46.6653 2000.01 -20159.5 -46.6653 -2000.01 0.0611707
1.165 46.6677 2000.01 -20160.5 -46.6677 -2000.01 0.0496586
1.17 46.6681 2000 -20160.6 -46.6681 -2000 0.0401702
1.175 46.6645 1999.99 -20159.4 -46.6645 -1999.99 0.291542
1.18 46.6584 1999.99 -20156.9 -46.6584 -1999.99 0.442849
1.185 46.6506 1999.99 -20153.4 -46.6506 -1999.99 0.356862
1.19 46.6411 1999.99 -20149.2 -46.6411 -1999.99 0.288166
1.195 46.6302 1999.99 -20144.5 -46.6302 -1999.99 0.23267
1.2 46.6184 1999.99 -20139.3 -46.6184 -1999.99 0.187456
1.205 46.6063 2000 -20134.1 -46.6063 -2000 0.150517
1.21 46.5941 2000 -20128.8 -46.5941 -2000 0.120513
1.215 46.5819 2000 -20123.5 -46.5819 -2000 0.0961566
1.22 46.5695 2000 -20118.1 -46.5695 -2000 0.0763532
1.225 46.5565 2000 -20112.5 -46.5565 -2000 0.0601479
1.23 46.5424 2000 -20106.4 -46.5424 -2000 0.0467
1.235 46.5261 2000.01 -20099.3 -46.5261 -2000.01 0.0452065
1.24 46.507 2000.01 -20091.1 -46.507 -2000.01 0.0385376
1.245 46.4847 2000.01 -20081.4 -46.4847 -2000.01 0.0260372
1.25 46.4586 2000.01 -20070.1 -46.4586 -2000.01 0.013943
1.255 46.4286 2000 -20057.2 -46.4286 -2000 0.00119588
1.26 46.3945 2000 -20042.4 -46.3945 -2000 -0.0129064
1.265 46.3563 2000 -20025.9 -46.3563 -2000 -0.0289409
1.27 46.314 2000 -20007.6 -46.314 -2000 -0.0473557
1.275 46.2677 2000 -19987.6 -46.2677 -2000 -0.0764829
1.28 46.2173 1999.99 -19965.7 -46.2173 -1999.99 -0.104512
1.285 46.1625 1999.99 -19942.1 -46.1625 -1999.99 -0.130694
1.29 46.1034 1999.99 -19916.5 -46.1034 -1999.99 -0.160949
1.295 46.0401 1999.99 -19889.1 -46.0401 -1999.99 -0.194997
1.3 45.971 2000.01 -19859.5 -45.971 -2000.01 0.0512709
1.305 45.8973 2000.02 -19827.9 -45.8973 -2000.02 0.228492
1.31 45.8201 2000.02 -19794.5 -45.8201 -2000.02 0.169352
1.315 45.7388 2000.02 -19759.2 -45.7388 -2000.02 0.06771
1.32 45.6523 2000.04 -19721.8 -45.6523 -2000.04 -0.0127888
1.325 45.5626 2000.03 -19682.9 -45.5626 -2000.03 -0.113562
1.33 45.47 2000.02 -19642.9 -45.47 -2000.02 -0.197982
1.335 45.3749 2000.01 -19601.7 -45.3749 -2000.01 -0.267902
1.34 45.2787 2000.02 -19559.5 -45.2787 -2000.02 -0.918498
1.345 45.1793 2000.02 -19516.1 -45.1793 -2000.02 -1.32191
1.35 45.0765 2000.01 -19471.9 -45.0765 -2000.01 -1.18381
1.355 44.9726 2000 -19427.1 -44.9726 -2000 -1.08162
1.36 44.8679 2000 -19382 -44.8679 -2000 -0.973841
1.365 44.7631 1999.99 -19336.8 -44.7631 -1999.99 -0.880926
1.37 44.6576 2000 -19291.5 -44.6576 -2000 -0.601248
1.375 44.5484 2000.03 -19244.9 -44.5484 -2000.03 0.0313011
1.38 44.4423 2000.02 -19199.1 -44.4423 -2000.02 -0.0352147
1.385 44.3384 2000.02 -19154.1 -44.3384 -2000.02 -0.0839146
1.39 44.237 2000.01 -19110.3 -44.237 -2000.01 -0.117765
1.395 44.1384 2000.01 -19067.7 -44.1384 -2000.01 -0.139888
1.4 44.0429 2000 -19026.3 -44.0429 -2000 -0.193793
1.405 43.9499 1999.99 -18986.1 -43.9499 -1999.99 -0.221136
1.41 43.8588 1999.99 -18946.8 -43.8588 -1999.99 -0.211868
1.415 43.7692 1999.99 -18908.1 -43.7692 -1999.99 -0.201676
1.42 43.6799 1999.99 -18869.5 -43.6799 -1999.99 -0.191477
1.425 43.59 1999.99 -18830.7 -43.59 -1999.99 -0.182008
1.43 43.4987 1999.99 -18791.2 -43.4987 -1999.99 -0.173763
1.435 43.3965 2000.07 -18748.5 -43.3965 -2000.07 1.17811
1.44 43.2927 2000.11 -18704.2 -43.2927 -2000.11 1.70781
1.445 43.1879 2000.08 -18658.5 -43.1879 -2000.08 1.34182
1.45 43.0755 2000.1 -18610.3 -43.0755 -2000.1 1.66404
1.455 42.9601 2000.1 -18560.4 -42.9601 -2000.1 1.64809
1.46 42.8414 2000.08 -18508.8 -42.8414 -2000.08 1.31152
1.465 42.7184 2000.06 -18455.4 -42.7184 -2000.06 1.03905
1.47 42.591 2000.05 -18400.1 -42.591 -2000.05 0.818372
1.475 42.4592 2000.04 -18343 -42.4592 -2000.04 0.636364
1.48 42.3232 2000.03 -18284.1 -42.3232 -2000.03 0.478933
1.485 42.1794 2000.05 -18222.4 -42.1794 -2000.05 0.943574
1.49 42.0236 2000.1 -18156.1 -42.0236 -2000.1 1.88398
1.495 41.8665 2000.08 -18087.8 -41.8665 -2000.08 1.50548
1.5 41.7044 2000.07 -18017.5 -41.7044 -2000.07 1.19739
1.505 41.5372 2000.05 -17945 -41.5372 -2000.05 0.948063
1.51 41.365 2000.04 -17870.4 -41.365 -2000.04 0.747203
1.515 41.1884 2000.03 -17794 -41.1884 -2000.03 0.567686
1.52 41.0081 2000.02 -17715.9 -41.0081 -2000.02 0.411374
1.525 40.8201 2000.05 -17635.3 -40.8201 -2000.05 1.0323
1.53 40.6145 2000.19 -17548.1 -40.6145 -2000.19 2.61485
1.535 40.4073 2000.22 -17458.3 -40.4073 -2000.22 2.38478
1.54 40.1992 2000.17 -17368 -40.1992 -2000.17 1.91117
1.545 39.9906 2000.14 -17277.5 -39.9906 -2000.14 1.52602
1.55 39.7753 2000.16 -17185.2 -39.7753 -2000.16 2.2205
1.555 39.5608 2000.16 -17092.6 -39.5608 -2000.16 2.4019
1.56 39.3478 2000.13 -17000.2 -39.3478 -2000.13 1.92717
1.565 39.1176 2000.24 -16902.9 -39.1176 -2000.24 4.09539
1.57 38.8894 2000.26 -16804.9 -38.8894 -2000.26 4.6799
1.575 38.6629 2000.21 -16706.1 -38.6629 -2000.21 3.76939
1.58 38.4331 2000.17 -16606.1 -38.4331 -2000.17 3.03369
1.585 38.1998 2000.14 -16504.8 -38.1998 -2000.14 2.43926
1.59 37.9631 2000.11 -16402 -37.9631 -2000.11 1.95707
1.595 37.7231 2000.09 -16298 -37.7231 -2000.09 1.56629
1.6 37.4736 2000.12 -16190.9 -37.4736 -2000.12 2.25876
1.605 37.2142 2000.16 -16079.8 -37.2142 -2000.16 3.23335
1.61 36.9571 2000.13 -15968.1 -36.9571 -2000.13 2.60128
1.615 36.6984 2000.1 -15855.8 -36.6984 -2000.1 2.09074
1.62 36.4387 2000.08 -15743.2 -36.4387 -2000.08 1.67862
1.625 36.1739 2000.1 -15629.2 -36.1739 -2000.1 2.06861
1.63 35.891 2000.28 -15508.6 -35.891 -2000.28 3.67144
1.635 35.6056 2000.35 -15385.6 -35.6056 -2000.35 3.9356
1.64 35.3163 2000.33 -15260.8 -35.3163 -2000.33 4.13766
1.645 35.0276 2000.29 -15135.8 -35.0276 -2000.29 3.88913
1.65 34.7351 2000.26 -15009.4 -34.7351 -2000.26 3.79812
1.655 34.4387 2000.24 -14881.2 -34.4387 -2000.24 3.7176
1.66 34.1413 2000.19 -14752 -34.1413 -2000.19 2.99493
1.665 33.8396 2000.15 -14621.1 -33.8396 -2000.15 2.41113
1.67 33.5326 2000.12 -14488 -33.5326 -2000.12 1.94151
1.675 33.2199 2000.1 -14352.6 -33.2199 -2000.1 1.56386
1.68 32.9013 2000.08 -14214.6 -32.9013 -2000.08 1.25894
1.685 32.5769 2000.07 -14074.3 -32.5769 -2000.07 1.01277
1.69 32.2471 2000.05 -13931.6 -32.2471 -2000.05 0.814188
1.695 31.8903 2000.24 -13779.2 -31.8903 -2000.24 2.55471
1.7 31.5165 2000.37 -13618.9 -31.5165 -2000.37 3.79023
1.705 31.1433 2000.3 -13457 -31.1433 -2000.3 3.0638
1.71 30.7649 2000.24 -13292.9 -30.7649 -2000.24 2.4658
1.715 30.3692 2000.26 -13123.2 -30.3692 -2000.26 3.6644
1.72 29.9692 2000.25 -12950.6 -29.9692 -2000.25 3.95257
1.725 29.5661 2000.21 -12775.8 -29.5661 -2000.21 3.196
1.73 29.1569 2000.17 -12598.4 -29.1569 -2000.17 2.58509
1.735 28.7427 2000.13 -12418.9 -28.7427 -2000.13 2.09184
1.74 28.3149 2000.19 -12234.6 -28.3149 -2000.19 2.62292
1.745 27.8476 2000.37 -12034.8 -27.8476 -2000.37 4.66342
1.75 27.3913 2000.3 -11836.8 -27.3913 -2000.3 3.7728
1.755 26.9394 2000.24 -11640.9 -26.9394 -2000.24 3.0566
1.76 26.4834 2000.26 -11444.9 -26.4834 -2000.26 4.07636
1.765 26.0315 2000.27 -11250.5 -26.0315 -2000.27 4.86079
1.77 25.5685 2000.4 -11052 -25.5685 -2000.4 6.40949
1.775 25.1175 2000.43 -10857.4 -25.1175 -2000.43 6.6413
1.78 24.6827 2000.35 -10668.3 -24.6827 -2000.35 5.37538
1.785 24.2582 2000.28 -10483.9 -24.2582 -2000.28 4.35209
1.79 23.8432 2000.23 -10303.8 -23.8432 -2000.23 3.5253
1.795 23.4303 2000.23 -10125.4 -23.4303 -2000.23 3.46435
1.8 22.9913 2000.36 -9938.52 -22.9913 -2000.36 6.27966
1.805 22.5609 2000.36 -9753.22 -22.5609 -2000.36 6.91316
1.81 22.1437 2000.29 -9571.69 -22.1437 -2000.29 5.59878
1.815 21.7313 2000.23 -9392.44 -21.7313 -2000.23 4.53521
1.82 21.3232 2000.18 -9215.26 -21.3232 -2000.18 3.649
1.825 20.919 2000.15 -9039.96 -20.919 -2000.15 2.94363
1.83 20.5186 2000.12 -8866.42 -20.5186 -2000.12 2.3826
1.835 20.1214 2000.1 -8694.36 -20.1214 -2000.1 1.92682
1.84 19.7077 2000.16 -8517.88 -19.7077 -2000.16 4.15579
1.845 19.2962 2000.19 -8341.12 -19.2962 -2000.19 5.16214
1.85 18.893 2000.15 -8165.97 -18.893 -2000.15 4.17507
1.855 18.4906 2000.12 -7991.31 -18.4906 -2000.12 3.37808
1.86 18.0885 2000.1 -7816.97 -18.0885 -2000.1 2.73765
1.865 17.6817 2000.1 -7641.32 -17.6817 -2000.1 2.84376
1.87 17.2688 2000.11 -7463.33 -17.2688 -2000.11 3.20824
1.875 16.8582 2000.08 -7285.34 -16.8582 -2000.08 2.59543
1.88 16.4459 2000.07 -7106.73 -16.4459 -2000.07 2.09768
1.885 16.0318 2000.05 -6927.45 -16.0318 -2000.05 1.69422
1.89 15.6133 2000.05 -6746.64 -15.6133 -2000.05 1.69633
1.895 15.1843 2000.07 -6561.93 -15.1843 -2000.07 2.32313
1.9 14.7558 2000.05 -6376.4 -14.7558 -2000.05 1.88596
1.905 14.3231 2000.04 -6189.11 -14.3231 -2000.04 1.53288
1.91 13.8858 2000.03 -5999.9 -13.8858 -2000.03 1.25247
1.915 13.4445 2000.03 -5809.06 -13.4445 -2000.03 1.02688
1.92 13.001 2000.02 -5617.27 -13.001 -2000.02 0.839432
1.925 12.5572 2000.02 -5425.42 -12.5572 -2000.02 0.690488
1.93 12.1155 2000.01 -5234.44 -12.1155 -2000.01 0.556845
1.935 11.6772 2000.01 -5045.01 -11.6772 -2000.01 0.463479
1.94 11.2441 2000 -4857.85 -11.2441 -2000 0.388529
1.945 10.8176 2000 -4673.54 -10.8176 -2000 0.316331
1.95 10.3984 2000 -4492.38 -10.3984 -2000 0.257867
1.955 9.98639 2000 -4314.34 -9.98639 -2000 0.220032
1.96 9.58104 2000 -4139.2 -9.58104 -2000 0.187553
1.965 9.18148 2000 -3966.58 -9.18148 -2000 0.174006
1.97 8.78666 1999.99 -3796 -8.78666 -1999.99 0.160893
1.975 8.3957 1999.99 -3627.08 -8.3957 -1999.99 0.131725
1.98 8.00827 1999.99 -3459.66 -8.00827 -1999.99 0.0881725
1.985 7.62371 1999.99 -3293.54 -7.62371 -1999.99 0.0937118
1.99 7.24225 1999.99 -3128.74 -7.24225 -1999.99 0.0933835
1.995 6.86403 1999.99 -2965.33 -6.86403 -1999.99 0.0688404
2 6.48909 1999.99 -2803.32 -6.48909 -1999.99 0.0386899
2.005 6.11732 1999.98 -2642.75 -6.11732 -1999.98 0.0622371
2.01 5.74856 1999.98 -2483.46 -5.74856 -1999.98 0.0785662
2.015 5.38269 1999.97 -2325.35 -5.38269 -1999.97 0.0277024
2.02 5.0182 1999.97 -2167.88 -5.0182 -1999.97 0.0169513
2.025 4.65396 1999.97 -2010.54 -4.65396 -1999.97 0.03408
2.03 4.28941 1999.97 -1853.08 -4.28941 -1999.97 0.059519
2.035 3.92508 1999.97 -1695.68 -3.92508 -1999.97 0.0483304
2.04 3.56158 1999.97 -1538.63 -3.56158 -1999.97 0.0316599
2.045 3.2008 1999.96 -1382.75 -3.2008 -1999.96 0.00247549
2.05 2.84334 1999.97 -1228.35 -2.84334 -1999.97 0.0293728
2.055 2.49091 1999.96 -1076.15 -2.49091 -1999.96 0.0782897
2.06 2.14483 1999.96 -926.654 -2.14483 -1999.96 0.0891833
2.065 1.80591 1999.95 -780.182 -1.80591 -1999.95 0.026813
2.07 1.47248 1999.94 -636.203 -1.47248 -1999.94 0.0899225
2.075 1.14411 1999.94 -494.358 -1.14411 -1999.94 0.102307
2.08 0.819575 1999.94 -354.16 -0.819575 -1999.94 0.103312
2.085 0.497992 1999.95 -215.244 -0.497992 -1999.95 0.110968
2.09 0.179456 1999.96 -77.6216 -0.179456 -1999.96 0.096534
2.095 -0.135835 1999.96 58.5588 0.135835 -1999.96 0.122034
2.1 -0.446996 1999.96 192.908 0.446996 -1999.96 0.194428
2.105 -0.751621 1999.96 324.656 0.751621 -1999.96 0.0442229
2.11 -1.04971 1999.96 453.49 1.04971 -1999.96 -0.0152553
2.115 -1.33901 1999.96 578.4 1.33901 -1999.96 0.0545111
2.12 -1.61646 1999.96 698.205 1.61646 -1999.96 0.104214
2.125 -1.88101 1999.96 812.392 1.88101 -1999.96 0.203367
2.13 -2.13044 1999.96 920.123 2.13044 -1999.96 0.226161
2.135 -2.36316 1999.94 1020.42 2.36316 -1999.94 0.462468
2.14 -2.57951 1999.94 1113.72 2.57951 -1999.94 0.627555
2.145 -2.77941 1999.94 1200.08 2.77941 -1999.94 0.627737
2.15 -2.96445 1999.94 1279.85 2.96445 -1999.94 0.796079
2.155 -3.13589 1999.95 1353.98 3.13589 -1999.95 0.721121
2.16 -3.29477 1999.95 1422.83 3.29477 -1999.95 0.508916
2.165 -3.44443 1999.94 1487.67 3.44443 -1999.94 0.319353
2.17 -3.58797 1999.95 1549.7 3.58797 -1999.95 0.307495
2.175 -3.72747 1999.96 1610.02 3.72747 -1999.96 0.250431
2.18 -3.86569 1999.97 1669.78 3.86569 -1999.97 0.204227
2.185 -4.00502 1999.97 1730.03 4.00502 -1999.97 0.137947
2.19 -4.14619 1999.97 1791.19 4.14619 -1999.97 -0.0334095
2.195 -4.29376 1999.97 1854.93 4.29376 -1999.97 -0.0265814
2.2 -4.44846 1999.98 1921.76 4.44846 -1999.98 -0.0210601
2.205 -4.60979 1999.97 1991.56 4.60979 -1999.97 -0.129764
2.21 -4.77841 1999.97 2064.47 4.77841 -1999.97 -0.194169
2.215 -4.95208 1999.97 2139.65 4.95208 -1999.97 -0.347582
2.22 -5.13007 1999.97 2216.6 5.13007 -1999.97 -0.405947
2.225 -5.31018 1999.97 2294.33 5.31018 -1999.97 -0.331791
2.23 -5.48823 1999.98 2371.19 5.48823 -1999.98 -0.271896
2.235 -5.66041 1999.98 2445.52 5.66041 -1999.98 -0.223354
2.24 -5.82332 1999.98 2515.86 5.82332 -1999.98 -0.185359
2.245 -5.97346 1999.98 2580.76 5.97346 -1999.98 -0.228189
2.25 -6.10999 1999.99 2639.7 6.10999 -1999.99 -0.187682
2.255 -6.23161 1999.99 2692.21 6.23161 -1999.99 -0.154334
2.26 -6.3384 1999.99 2738.32 6.3384 -1999.99 -0.126812
2.265 -6.43141 1999.99 2778.47 6.43141 -1999.99 -0.104085
2.27 -6.51226 1999.99 2813.4 6.51226 -1999.99 -0.0983438
2.275 -6.58283 1999.99 2843.88 6.58283 -1999.99 -0.099227
2.28 -6.6446 1999.99 2870.55 6.6446 -1999.99 -0.0810489
2.285 -6.69776 2000 2893.5 6.69776 -2000 -0.0661872
2.29 -6.74155 2000 2912.4 6.74155 -2000 -0.0539776
2.295 -6.77463 2000 2926.68 6.77463 -2000 -0.0439267
2.3 -6.79566 2000 2935.76 6.79566 -2000 -0.0356489
2.305 -6.80357 2000 2939.17 6.80357 -2000 -0.0288536
2.31 -6.79671 1999.99 2936.21 6.79671 -1999.99 -0.0295756
2.315 -6.7736 1999.98 2926.22 6.7736 -1999.98 -0.0307783
2.32 -6.73438 1999.98 2909.28 6.73438 -1999.98 -0.024862
2.325 -6.67971 1999.98 2885.65 6.67971 -1999.98 -0.0200486
2.33 -6.61061 1999.99 2855.8 6.61061 -1999.99 -0.0160966
2.335 -6.52827 1999.99 2820.23 6.52827 -1999.99 -0.0128034
2.34 -6.43387 1999.99 2779.44 6.43387 -1999.99 -0.0100022
2.345 -6.32858 1999.99 2733.96 6.32858 -1999.99 -0.00755813
2.35 -6.21375 1999.99 2684.34 6.21375 -1999.99 -0.00536669
2.355 -6.09102 2000 2631.32 6.09102 -2000 -0.00335463
2.36 -5.96258 2000 2575.84 5.96258 -2000 -0.00154728
2.365 -5.83141 2000 2519.17 5.83141 -2000 5.54355e-05
2.37 -5.70134 2000 2462.98 5.70134 -2000 0.00147718
2.375 -5.57671 2000 2409.14 5.57671 -2000 0.00264819
2.38 -5.46171 2000 2359.46 5.46171 -2000 0.00349791
2.385 -5.35982 2000 2315.44 5.35982 -2000 0.00404344
2.39 -5.27369 2000 2278.23 5.27369 -2000 0.0042657
2.395 -5.20536 2000 2248.71 5.20536 -2000 0.00413544
2.4 -5.15628 2000 2227.51 5.15628 -2000 0.00374324
2.405 -5.12705 2000 2214.88 5.12705 -2000 0.00320254
2.41 -5.11743 2000 2210.73 5.11743 -2000 0.00263168
2.415 -5.12653 2000 2214.66 5.12653 -2000 0.00336448
2.42 -5.15321 2000 2226.18 5.15321 -2000 0.00394006
2.425 -5.19623 2000 2244.77 5.19623 -2000 0.00307772
2.43 -5.25446 2000 2269.92 5.25446 -2000 0.00212548
2.435 -5.32725 2000 2301.37 5.32725 -2000 0.000845607
2.44 -5.41461 2000 2339.11 5.41461 -2000 -0.000946172
2.445 -5.51685 2000 2383.28 5.51685 -2000 -0.00353079
2.45 -5.6342 2000 2433.98 5.6342 -2000 -0.00728534
2.455 -5.76693 2000 2491.33 5.76693 -2000 -0.0124803
2.46 -5.91565 2000 2555.58 5.91565 -2000 -0.0193232
2.465 -6.08132 2000 2627.16 6.08132 -2000 -0.0279395
2.47 -6.26504 2000 2706.54 6.26504 -2000 -0.0383294
2.475 -6.46776 2000 2794.12 6.46776 -2000 -0.0503258
2.48 -6.68996 2000 2890.13 6.68996 -2000 -0.0633981
2.485 -6.91985 1999.79 2989.56 6.91985 -1999.79 -0.185253
2.49 -7.15532 1999.62 3091.52 7.15532 -1999.62 -0.4251
2.495 -7.40678 1999.68 3200.2 7.40678 -1999.68 -0.470864
2.5 -7.67422 1999.73 3315.73 7.67422 -1999.73 -0.470092
2.505 -7.9584 1999.76 3438.47 7.9584 -1999.76 -0.439801
2.51 -8.26122 1999.79 3569.23 8.26122 -1999.79 -0.380042
2.515 -8.58502 1999.82 3709.07 8.58502 -1999.82 -0.340449
2.52 -8.93211 1999.85 3858.99 8.93211 -1999.85 -0.316577
2.525 -9.30425 1999.88 4019.74 9.30425 -1999.88 -0.300545
2.53 -9.70264 1999.9 4191.83 9.70264 -1999.9 -0.290216
2.535 -10.1283 1999.92 4375.71 10.1283 -1999.92 -0.284834
2.54 -10.5824 1999.93 4571.88 10.5824 -1999.93 -0.284183
2.545 -11.0665 1999.94 4781.03 11.0665 -1999.94 -0.288426
2.55 -11.5828 1999.94 5004.05 11.5828 -1999.94 -0.298015
2.555 -12.1334 1999.95 5241.94 12.1334 -1999.95 -0.3136
2.56 -12.7208 1999.95 5495.72 12.7208 -1999.95 -0.335943
2.565 -13.3475 1999.95 5766.49 13.3475 -1999.95 -0.365911
2.57 -14.0161 1999.95 6055.36 14.0161 -1999.95 -0.404467
2.575 -14.7287 1999.94 6363.27 14.7287 -1999.94 -0.45257
2.58 -15.4868 1999.93 6690.81 15.4868 -1999.93 -0.511001
2.585 -16.2732 2000 7033 16.2732 -2000 -2.97493
2.59 -17.1052 2000.03 7393.74 17.1052 -2000.03 -4.28581
2.595 -17.988 2000 7774.51 17.988 -2000 -3.67693
2.6 -18.8933 2000.06 8167.71 18.8933 -2000.06 -5.81923
2.605 -19.7878 2000.32 8561.77 19.7878 -2000.32 -13.4282
2.61 -20.7378 2000.35 8973.47 20.7378 -2000.35 -14.7287
2.615 -21.7338 2000.25 9401.25 21.7338 -2000.25 -12.2441
2.62 -22.7585 2000.16 9841.97 22.7585 -2000.16 -10.3065
2.625 -23.762 2000.35 10280.5 23.762 -2000.35 -15.2658
2.63 -24.7301 2000.84 10705.9 24.7301 -2000.84 -22.4917
2.635 -25.7368 2000.89 11140.4 25.7368 -2000.89 -22.1303
2.64 -26.7324 2000.97 11570.3 26.7324 -2000.97 -21.9186
2.645 -27.6748 2001.31 11982.4 27.6748 -2001.31 -26.856
2.65 -28.5526 2001.62 12364.8 28.5526 -2001.62 -30.0686
2.655 -29.4666 2001.25 12754.4 29.4666 -2001.25 -24.7969
2.66 -30.3853 2000.96 13147.1 30.3853 -2000.96 -20.6437
2.665 -31.29 2000.9 13536.2 31.29 -2000.9 -18.9017
2.67 -32.1127 2001.28 13895.4 32.1127 -2001.28 -22.7083
2.675 -32.9538 2001.06 14257 32.9538 -2001.06 -20.9619
2.68 -33.8057 2000.8 14621.7 33.8057 -2000.8 -17.6714
2.685 -34.6617 2000.59 14988.9 34.6617 -2000.59 -15.0427
2.69 -35.469 2001.03 15339.6 35.469 -2001.03 -17.0197
2.695 -36.2677 2001.21 15685.1 36.2677 -2001.21 -17.4438
2.7 -37.0714 2000.97 16030.8 37.0714 -2000.97 -15.9531
2.705 -37.8523 2000.88 16369.1 37.8523 -2000.88 -16.8763
2.71 -38.6401 2000.68 16707.6 38.6401 -2000.68 -15.1305
2.715 -39.3559 2001.11 17024.3 39.3559 -2001.11 -22.5916
2.72 -40.0539 2001.37 17327.8 40.0539 -2001.37 -24.576
2.725 -40.7514 2001.16 17627.5 40.7514 -2001.16 -22.9302
2.73 -41.408 2001.19 17913.4 41.408 -2001.19 -25.1199
2.735 -42.0621 2001.02 18194.2 42.0621 -2001.02 -23.4352
2.74 -42.6544 2001.35 18456.8 42.6544 -2001.35 -30.1334
2.745 -43.2574 2001.34 18718.1 43.2574 -2001.34 -30.929
2.75 -43.8153 2001.59 18963.6 43.8153 -2001.59 -35.4343
2.755 -44.3749 2001.71 19204.2 44.3749 -2001.71 -34.1922
2.76 -44.8705 2002.2 19421.9 44.8705 -2002.2 -37.8866
2.765 -45.3552 2002.33 19631.8 45.3552 -2002.33 -38.2963
2.77 -45.8065 2002.25 19825 45.8065 -2002.25 -36.5934
2.775 -46.2534 2001.9 20015.6 46.2534 -2001.9 -34.0818
2.78 -46.6806 2001.7 20200 46.6806 -2001.7 -33.991
2.785 -47.1093 2001.61 20381.8 47.1093 -2001.61 -30.5428
2.79 -47.527 2001.85 20557.8 47.527 -2001.85 -26.1324
2.795 -47.9288 2001.78 20728.6 47.9288 -2001.78 -23.3168
2.8 -48.3242 2001.47 20897.1 48.3242 -2001.47 -21.0482
2.805 -48.7076 2001.17 21063.5 48.7076 -2001.17 -21.8415
2.81 -49.0832 2000.99 21225.8 49.0832 -2000.99 -21.9029
2.815 -49.4184 2001.08 21374 49.4184 -2001.08 -25.2323
2.82 -49.6888 2000.92 21500.7 49.6888 -2000.92 -35.1641
2.825 -49.8593 2000.47 21594.6 49.8593 -2000.47 -55.4064
2.83 -49.9156 2000.05 21645.5 49.9156 -2000.05 -82.0077
2.835 -49.7226 1998.69 21603.3 49.7226 -1998.69 -123.077
2.84 -49.1483 1996.11 21412.1 49.1483 -1996.11 -180.011
2.845 -48.597 1995.93 21184.3 48.597 -1995.93 -190.427
2.85 -47.9906 1996.66 20906.3 47.9906 -1996.66 -174.381
2.855 -47.3242 1996.84 20587.9 47.3242 -1996.84 -143.863
2.86 -46.5888 1996.62 20242 46.5888 -1996.62 -115.659
2.865 -45.7956 1996.91 19876.3 45.7956 -1996.91 -92.6111
2.87 -45.0208 1997.54 19509.3 45.0208 -1997.54 -60.3274
2.875 -44.5139 1998.75 19244.1 44.5139 -1998.75 -14.1546
2.88 -43.8633 1998.42 18965.1 43.8633 -1998.42 -16.1965
2.885 -43.2651 1998.8 18694.8 43.2651 -1998.8 -4.23572
2.89 -42.815 1999.65 18474.6 42.815 -1999.65 21.5103
2.895 -42.2584 1999.06 18240.5 42.2584 -1999.06 15.1414
2.9 -41.664 1998.26 17992.9 41.664 -1998.26 5.88737
2.905 -41.0298 1997.39 17728.8 41.0298 -1997.39 -3.96159
2.91 -40.484 1997.87 17482.7 40.484 -1997.87 6.43097
2.915 -39.9267 1998.08 17237.1 39.9267 -1998.08 11.2862
2.92 -39.5925 1999.13 17059 39.5925 -1999.13 45.0089
2.925 -39.4601 2000.45 16967.9 39.4601 -2000.45 78.8218
2.93 -39.1301 1998.55 16851.9 39.1301 -1998.55 52.2539
2.935 -39.1305 1999.79 16822.2 39.1305 -1999.79 82.2011
2.94 -39.1272 2000.68 16809.4 39.1272 -2000.68 93.5854
2.945 -39.0401 2000.25 16791.1 39.0401 -2000.25 74.2714
2.95 -38.9924 2000.48 16781.2 38.9924 -2000.48 63.5224
2.955 -38.9368 2000.28 16768.2 38.9368 -2000.28 52.4558
2.96 -38.8812 2000.05 16754.8 38.8812 -2000.05 41.8564
2.965 -38.8295 1999.86 16741.1 38.8295 -1999.86 33.26
2.97 -38.7806 1999.69 16727 38.7806 -1999.69 26.2739
2.975 -38.7334 1999.53 16712.3 38.7334 -1999.53 20.5786
2.98 -38.6868 1999.39 16696.8 38.6868 -1999.39 15.9103
2.985 -38.6395 1999.24 16680.2 38.6395 -1999.24 12.0467
2.99 -38.5904 1999.07 16662.3 38.5904 -1999.07 8.79571
2.995 -38.5277 1998.46 16639.3 38.5277 -1998.46 4.62411
3 -38.4518 1997.86 16610.3 38.4518 -1997.86 0.928841
3.005 -38.3598 1996.83 16573.8 38.3598 -1996.83 -2.39473
3.01 -38.2174 1995.54 16517.6 38.2174 -1995.54 -7.70742
3.015 -38.0489 1995.63 16448.8 38.0489 -1995.63 -11.709
3.02 -37.9371 2000.29 16392.1 37.9371 -2000.29 -3.21548
3.025 -37.871 2005.2 16353.3 37.871 -2005.2 6.9708
3.03 -37.7519 2003.29 16305.5 37.7519 -2003.29 3.3626
3.035 -37.5976 2001.43 16242.9 37.5976 -2001.43 -0.709289
3.04 -37.4157 1999.49 16167.5 37.4157 -1999.49 -3.90681
3.045 -37.1911 1997.05 16074.3 37.1911 -1997.05 -7.7466
3.05 -37.0108 1995.31 15992.2 37.0108 -1995.31 -3.58978
3.055 -36.4958 1987.98 15795.6 36.4958 -1987.98 -29.3512
3.06 -35.8578 1986.56 15531.4 35.8578 -1986.56 -40.7755
3.065 -0.0391128 -18.1452 24.0437 0.0391128 18.1452 -7.14699
