0.1 3.21388e-31 200 1.08358e-13 -3.21388e-31 -200 -1.08358e-13
0.2 5.84341e-32 400 2.07834e-13 -5.84341e-32 -400 -2.07834e-13
0.3 -4.09039e-31 600 -1.06581e-13 4.09039e-31 -600 1.06581e-13
0.4 1.75302e-30 800 -7.4607e-14 -1.75302e-30 -800 7.4607e-14
0.5 9.34946e-31 1000 -1.63425e-13 -9.34946e-31 -1000 1.63425e-13
0.6 7.0121e-31 1200 -4.26326e-13 -7.0121e-31 -1200 4.26326e-13
0.7 5.84341e-31 1400 3.83693e-13 -5.84341e-31 -1400 -3.83693e-13
0.8 3.38918e-30 1600 2.91323e-13 -3.38918e-30 -1600 -2.91323e-13
0.9 1.34399e-30 1800 2.06057e-13 -1.34399e-30 -1800 -2.06057e-13
1 9.34946e-31 2000 5.32907e-13 -9.34946e-31 -2000 -5.32907e-13
0.005 -0.00110669 2000 0.47959 0.00110669 -2000 -0.001499
0.01 -0.00552563 2000 2.38976 0.00552563 -2000 -0.00268817
0.015 -0.0143486 2000 6.20075 0.0143486 -2000 -0.00216779
0.02 -0.0275601 2000 11.9078 0.0275601 -2000 -0.00181681
0.025 -0.0451433 2000 19.5035 0.0451433 -2000 -0.00159487
0.03 -0.0670805 2000 28.9803 0.0670805 -2000 -0.00149597
0.035 -0.0933529 2000 40.33 0.0933529 -2000 -0.00151412
0.04 -0.123941 2000 53.5441 0.123941 -2000 -0.00164367
0.045 -0.158824 2000 68.6139 0.158824 -2000 -0.00187913
0.05 -0.197981 2000 85.5301 0.197981 -2000 -0.00221496
0.055 -0.241389 2000 104.283 0.241389 -2000 -0.00264553
0.06 -0.289026 2000 124.862 0.289026 -2000 -0.00316496
0.065 -0.340868 2000 147.259 0.340868 -2000 -0.00376723
0.07 -0.396893 2000 171.462 0.396893 -2000 -0.00437408
0.075 -0.45708 2000 197.464 0.45708 -2000 -0.00498237
0.08 -0.521409 2000 225.254 0.521409 -2000 -0.00566026
0.085 -0.589858 2000 254.825 0.589858 -2000 -0.00640015
0.09 -0.662405 2000 286.166 0.662405 -2000 -0.00719391
0.095 -0.739024 2000 319.266 0.739024 -2000 -0.0080334
0.1 -0.819691 2000 354.115 0.819691 -2000 -0.00891147
0.105 -0.904379 2000 390.702 0.904379 -2000 -0.00982078
0.11 -0.993057 2000 429.011 0.993057 -2000 -0.0107542
0.115 -1.08569 2000 469.028 1.08569 -2000 -0.0117045
0.12 -1.18223 2000 510.736 1.18223 -2000 -0.0126654
0.125 -1.28266 2000 554.122 1.28266 -2000 -0.013631
0.13 -1.38695 2000 599.177 1.38695 -2000 -0.0145974
0.135 -1.49509 2000 645.895 1.49509 -2000 -0.0155615
0.14 -1.60707 2000 694.27 1.60707 -2000 -0.0165207
0.145 -1.72286 2000 744.291 1.72286 -2000 -0.0174731
0.15 -1.84243 2000 795.949 1.84243 -2000 -0.0184168
0.155 -1.96576 2000 849.227 1.96576 -2000 -0.0193514
0.16 -2.0928 2000 904.111 2.0928 -2000 -0.0202757
0.165 -2.22352 2000 960.582 2.22352 -2000 -0.0211882
0.17 -2.35789 2000 1018.63 2.35789 -2000 -0.0220902
0.175 -2.49589 2000 1078.25 2.49589 -2000 -0.0229842
0.18 -2.63747 2000 1139.41 2.63747 -2000 -0.0238723
0.185 -2.78258 2000 1202.1 2.78258 -2000 -0.0247554
0.19 -2.93115 2000 1266.28 2.93115 -2000 -0.0256345
0.195 -3.08314 2000 1331.94 3.08314 -2000 -0.026512
0.2 -3.23852 2000 1399.07 3.23852 -2000 -0.0273923
0.205 -3.39729 2000 1467.66 3.39729 -2000 -0.0282811
0.21 -3.55944 2000 1537.71 3.55944 -2000 -0.0291849
0.215 -3.72498 2000 1609.22 3.72498 -2000 -0.03011
0.22 -3.8939 2000 1682.19 3.8939 -2000 -0.0310608
0.225 -4.06616 1999.99 1756.61 4.06616 -1999.99 -0.0320407
0.23 -4.24173 1999.99 1832.46 4.24173 -1999.99 -0.033052
0.235 -4.42058 1999.99 1909.73 4.42058 -1999.99 -0.0340964
0.24 -4.60269 1999.99 1988.4 4.60269 -1999.99 -0.035176
0.245 -4.78801 1999.99 2068.46 4.78801 -1999.99 -0.0362931
0.25 -4.9765 1999.99 2149.89 4.9765 -1999.99 -0.0374489
0.255 -5.1681 1999.99 2232.66 5.1681 -1999.99 -0.0386418
0.26 -5.36271 1999.99 2316.73 5.36271 -1999.99 -0.0398686
0.265 -5.56026 1999.99 2402.07 5.56026 -1999.99 -0.0411267
0.27 -5.76075 1999.99 2488.69 5.76075 -1999.99 -0.0424184
0.275 -5.9642 1999.99 2576.58 5.9642 -1999.99 -0.0437498
0.28 -6.17064 1999.99 2665.76 6.17064 -1999.99 -0.045125
0.285 -6.38004 1999.99 2756.22 6.38004 -1999.99 -0.0465457
0.29 -6.59234 1999.99 2847.94 6.59234 -1999.99 -0.0480112
0.295 -6.80749 1999.99 2940.89 6.80749 -1999.99 -0.0495173
0.3 -7.02539 1999.99 3035.02 7.02539 -1999.99 -0.0510575
0.305 -7.24591 1999.99 3130.29 7.24591 -1999.99 -0.0526234
0.31 -7.46897 1999.99 3226.65 7.46897 -1999.99 -0.0542081
0.315 -7.69451 1999.99 3324.08 7.69451 -1999.99 -0.0558086
0.32 -7.92247 1999.99 3422.56 7.92247 -1999.99 -0.0574251
0.325 -8.1528 1999.99 3522.07 8.1528 -1999.99 -0.0590566
0.33 -8.3854 1999.99 3622.56 8.3854 -1999.99 -0.0606983
0.335 -8.62021 1999.99 3723.99 8.62021 -1999.99 -0.0623457
0.34 -8.8572 1999.99 3826.37 8.8572 -1999.99 -0.0639999
0.345 -9.09637 1999.99 3929.7 9.09637 -1999.99 -0.0656663
0.35 -9.33773 1999.99 4033.97 9.33773 -1999.99 -0.0673484
0.355 -9.58129 1999.99 4139.19 9.58129 -1999.99 -0.0690496
0.36 -9.82709 1999.99 4245.37 9.82709 -1999.99 -0.0707771
0.365 -10.0752 1999.99 4352.55 10.0752 -1999.99 -0.0725399
0.37 -10.3256 1999.99 4460.74 10.3256 -1999.99 -0.0743433
0.375 -10.5784 1999.99 4569.93 10.5784 -1999.99 -0.0761871
0.38 -10.8334 1999.99 4680.12 10.8334 -1999.99 -0.0780664
0.385 -11.0907 1999.99 4791.25 11.0907 -1999.99 -0.0799741
0.39 -11.3501 1999.99 4903.3 11.3501 -1999.99 -0.0818986
0.395 -11.6114 1999.99 5016.2 11.6114 -1999.99 -0.0838233
0.4 -11.8745 1999.99 5129.86 11.8745 -1999.99 -0.0857319
0.405 -12.1393 1999.99 5244.26 12.1393 -1999.99 -0.0876144
0.41 -12.4057 1999.99 5359.35 12.4057 -1999.99 -0.0894688
0.415 -12.6737 1999.99 5475.12 12.6737 -1999.99 -0.0912975
0.42 -12.9432 1999.99 5591.55 12.9432 -1999.99 -0.0931031
0.425 -13.2142 1999.99 5708.63 13.2142 -1999.99 -0.0948881
0.43 -13.4867 1999.99 5826.35 13.4867 -1999.99 -0.0966592
0.435 -13.7608 1999.99 5944.76 13.7608 -1999.99 -0.0984318
0.44 -14.0366 1999.99 6063.89 14.0366 -1999.99 -0.100225
0.445 -14.314 1999.99 6183.77 14.314 -1999.99 -0.102049
0.45 -14.5932 1999.99 6304.35 14.5932 -1999.99 -0.103895
0.455 -14.8737 1999.99 6425.54 14.8737 -1999.99 -0.105739
0.46 -15.1554 1999.99 6547.24 15.1554 -1999.99 -0.107549
0.465 -15.438 1999.99 6669.33 15.438 -1999.99 -0.109293
0.47 -15.7212 1999.99 6791.69 15.7212 -1999.99 -0.110938
0.475 -16.0049 1999.99 6914.24 16.0049 -1999.99 -0.11247
0.48 -16.289 1999.99 7036.94 16.289 -1999.99 -0.113896
0.485 -16.5733 1999.99 7159.79 16.5733 -1999.99 -0.115228
0.49 -16.858 1999.99 7282.75 16.858 -1999.99 -0.116477
0.495 -17.1428 1999.99 7405.8 17.1428 -1999.99 -0.117649
0.5 -17.4278 1999.99 7528.92 17.4278 -1999.99 -0.11875
0.505 -17.713 1999.99 7652.14 17.713 -1999.99 -0.119799
0.51 -17.9986 1999.98 7775.54 17.9986 -1999.98 -0.120833
0.515 -18.2849 1999.98 7899.18 18.2849 -1999.98 -0.121883
0.52 -18.5717 1999.98 8023.11 18.5717 -1999.98 -0.122968
0.525 -18.8593 1999.98 8147.34 18.8593 -1999.98 -0.124093
0.53 -19.1476 1999.98 8271.89 19.1476 -1999.98 -0.12526
0.535 -19.4365 1999.98 8396.7 19.4365 -1999.98 -0.126452
0.54 -19.7259 1999.98 8521.71 19.7259 -1999.98 -0.12764
0.545 -20.0156 1999.98 8646.86 20.0156 -1999.98 -0.128801
0.55 -20.3054 1999.98 8772.08 20.3054 -1999.98 -0.129915
0.555 -20.5952 1999.98 8897.26 20.5952 -1999.98 -0.130953
0.56 -20.8846 1999.98 9022.3 20.8846 -1999.98 -0.131884
0.565 -21.1735 1999.98 9147.1 21.1735 -1999.98 -0.132688
0.57 -21.4618 1999.98 9271.63 21.4618 -1999.98 -0.133364
0.575 -21.7494 1999.98 9395.86 21.7494 -1999.98 -0.133925
0.58 -22.0362 1999.98 9519.77 22.0362 -1999.98 -0.134382
0.585 -22.3222 1999.98 9643.34 22.3222 -1999.98 -0.134746
0.59 -22.6074 1999.98 9766.54 22.6074 -1999.98 -0.135023
0.595 -22.8917 1999.98 9889.36 22.8917 -1999.98 -0.135222
0.6 -23.1715 2000 10010.7 23.1715 -2000 -0.640768
0.605 -23.4512 2000.01 10131.8 23.4512 -2000.01 -0.850196
0.61 -23.7315 2000 10252.7 23.7315 -2000 -0.709729
0.615 -24.0088 2000.01 10372.7 24.0088 -2000.01 -0.899603
0.62 -24.2843 2000.01 10491.9 24.2843 -2000.01 -1.05591
0.625 -24.5601 2000.01 10610.8 24.5601 -2000.01 -0.875349
0.63 -24.8347 2000 10729.3 24.8347 -2000 -0.731581
0.635 -25.1081 2000 10847.3 25.1081 -2000 -0.617056
0.64 -25.3806 2000 10964.9 25.3806 -2000 -0.5247
0.645 -25.6359 2000.07 11077.4 25.6359 -2000.07 -2.69564
0.65 -25.8965 2000.1 11190.6 25.8965 -2000.1 -3.33804
0.655 -26.1617 2000.07 11304.6 26.1617 -2000.07 -2.70922
0.66 -26.4269 2000.06 11418.6 26.4269 -2000.06 -2.20903
0.665 -26.6918 2000.04 11532.7 26.6918 -2000.04 -1.81111
0.67 -26.9561 2000.03 11646.5 26.9561 -2000.03 -1.49053
0.675 -27.2192 2000.02 11759.9 27.2192 -2000.02 -1.23214
0.68 -27.48 2000.02 11872.4 27.48 -2000.02 -1.02366
0.685 -27.7371 2000.01 11983.3 27.7371 -2000.01 -0.889132
0.69 -27.9815 2000.04 12089.3 27.9815 -2000.04 -1.24476
0.695 -28.2207 2000.05 12192.8 28.2207 -2000.05 -1.46667
0.7 -28.4481 2000.07 12291.8 28.4481 -2000.07 -2.20025
0.705 -28.6755 2000.06 12389.6 28.6755 -2000.06 -1.80211
0.71 -28.8974 2000.06 12485.3 28.8974 -2000.06 -1.63547
0.715 -29.1107 2000.07 12577.6 29.1107 -2000.07 -1.73255
0.72 -29.3228 2000.06 12668.9 29.3228 -2000.06 -1.42275
0.725 -29.532 2000.04 12759 29.532 -2000.04 -1.17266
0.73 -29.7381 2000.03 12847.8 29.7381 -2000.03 -0.970616
0.735 -29.9408 2000.02 12935.2 29.9408 -2000.02 -0.807209
0.74 -30.1399 2000.02 13021.1 30.1399 -2000.02 -0.674889
0.745 -30.3351 2000.01 13105.3 30.3351 -2000.01 -0.567586
0.75 -30.5262 2000.01 13187.8 30.5262 -2000.01 -0.4804
0.755 -30.709 2000.04 13267.1 30.709 -2000.04 -0.786954
0.76 -30.8708 2000.13 13338 30.8708 -2000.13 -1.7846
0.765 -31.0342 2000.1 13408.2 31.0342 -2000.1 -1.45733
0.77 -31.1938 2000.09 13477.1 31.1938 -2000.09 -1.4065
0.775 -31.3475 2000.09 13543.8 31.3475 -2000.09 -1.69582
0.78 -31.5024 2000.07 13610.4 31.5024 -2000.07 -1.38642
0.785 -31.6569 2000.06 13676.9 31.6569 -2000.06 -1.13726
0.79 -31.8113 2000.04 13743.4 31.8113 -2000.04 -0.936718
0.795 -31.9658 2000.03 13810 31.9658 -2000.03 -0.77541
0.8 -32.1199 2000.03 13876.4 32.1199 -2000.03 -0.645687
0.805 -32.2732 2000.02 13942.6 32.2732 -2000.02 -0.541319
0.81 -32.4251 2000.02 14008.1 32.4251 -2000.02 -0.457227
0.815 -32.5748 2000.01 14072.7 32.5748 -2000.01 -0.389279
0.82 -32.7217 2000.01 14136.1 32.7217 -2000.01 -0.334151
0.825 -32.8654 2000 14198.2 32.8654 -2000 -0.289216
0.83 -33.0057 2000 14258.7 33.0057 -2000 -0.252393
0.835 -33.1421 2000 14317.6 33.1421 -2000 -0.222015
0.84 -33.2743 2000 14374.7 33.2743 -2000 -0.196738
0.845 -33.4023 2000 14430 33.4023 -2000 -0.175502
0.85 -33.5258 2000 14483.3 33.5258 -2000 -0.157489
0.855 -33.6449 2000 14534.8 33.6449 -2000 -0.142066
0.86 -33.7594 2000 14584.2 33.7594 -2000 -0.128702
0.865 -33.8688 2000 14631.4 33.8688 -2000 -0.11692
0.87 -33.9726 2000 14676.3 33.9726 -2000 -0.106313
0.875 -34.0683 2000.02 14717.8 34.0683 -2000.02 -0.273816
0.88 -34.1503 2000.07 14753.6 34.1503 -2000.07 -0.708917
0.885 -34.2284 2000.05 14787.3 34.2284 -2000.05 -0.578889
0.89 -34.3008 2000.04 14818.4 34.3008 -2000.04 -0.473115
0.895 -34.3675 2000.03 14847.1 34.3675 -2000.03 -0.386913
0.9 -34.4287 2000.03 14873.5 34.4287 -2000.03 -0.316599
0.905 -34.4845 2000.02 14897.6 34.4845 -2000.02 -0.259171
0.91 -34.535 2000.02 14919.3 34.535 -2000.02 -0.212194
0.915 -34.58 2000.01 14938.8 34.58 -2000.01 -0.173701
0.92 -34.6188 2000.02 14955.6 34.6188 -2000.02 -0.303533
0.925 -34.653 2000.02 14970.4 34.653 -2000.02 -0.342062
0.93 -34.6832 2000.01 14983.4 34.6832 -2000.01 -0.27725
0.935 -34.7095 2000.01 14994.7 34.7095 -2000.01 -0.224644
0.94 -34.732 2000.01 15004.4 34.732 -2000.01 -0.181944
0.945 -34.751 2000.01 15012.6 34.751 -2000.01 -0.147283
0.95 -34.7665 2000.01 15019.3 34.7665 -2000.01 -0.119148
0.955 -34.7786 2000 15024.4 34.7786 -2000 -0.0963099
0.96 -34.787 2000 15028.1 34.787 -2000 -0.0777757
0.965 -34.7918 2000 15030.1 34.7918 -2000 -0.0627516
0.97 -34.7924 2000 15030.4 34.7924 -2000 -0.0505891
0.975 -34.7868 1999.98 15028 34.7868 -1999.98 -0.131038
0.98 -34.7748 1999.97 15022.9 34.7748 -1999.97 -0.178695
0.985 -34.7561 1999.98 15014.8 34.7561 -1999.98 -0.144029
0.99 -34.7302 1999.98 15003.5 34.7302 -1999.98 -0.115918
0.995 -34.6969 1999.99 14989.2 34.6969 -1999.99 -0.093279
1 -34.6566 1999.99 14971.7 34.6566 -1999.99 -0.0751683
1.005 -34.6097 1999.99 14951.4 34.6097 -1999.99 -0.0605821
1.01 -34.5564 1999.99 14928.4 34.5564 -1999.99 -0.0488261
1.015 -34.4952 2000 14902.2 34.4952 -2000 -0.29745
1.02 -34.4282 2000.01 14873.4 34.4282 -2000.01 -0.387568
1.025 -34.3554 2000.01 14841.8 34.3554 -2000.01 -0.312361
1.03 -34.2762 2000.01 14807.6 34.2762 -2000.01 -0.251748
1.035 -34.1901 2000 14770.3 34.1901 -2000 -0.202896
1.04 -34.0965 2000 14729.8 34.0965 -2000 -0.163521
1.045 -33.9946 2000 14685.8 33.9946 -2000 -0.131782
1.05 -33.8763 2000.06 14635.4 33.8763 -2000.06 -0.800132
1.055 -33.7432 2000.11 14578.4 33.7432 -2000.11 -1.33589
1.06 -33.6016 2000.09 14517 33.6016 -2000.09 -1.07668
1.065 -33.4487 2000.07 14450.7 33.4487 -2000.07 -0.867617
1.07 -33.2842 2000.06 14379.5 33.2842 -2000.06 -0.698865
1.075 -33.1084 2000.05 14303.4 33.1084 -2000.05 -0.562948
1.08 -32.9219 2000.04 14222.7 32.9219 -2000.04 -0.453648
1.085 -32.7249 2000.03 14137.5 32.7249 -2000.03 -0.365545
1.09 -32.5178 2000.02 14048 32.5178 -2000.02 -0.294516
1.095 -32.3007 2000.02 13954.2 32.3007 -2000.02 -0.237234
1.1 -32.074 2000.02 13856.1 32.074 -2000.02 -0.190987
1.105 -31.8375 2000.01 13753.9 31.8375 -2000.01 -0.153488
1.11 -31.5909 2000.01 13647.4 31.5909 -2000.01 -0.122749
1.115 -31.3339 2000.01 13536.3 31.3339 -2000.01 -0.0972752
1.12 -31.0664 2000.01 13420.8 31.0664 -2000.01 -0.076671
1.125 -30.7884 2000 13300.7 30.7884 -2000 -0.0606428
1.13 -30.4979 2000.01 13175.4 30.4979 -2000.01 -0.303073
1.135 -30.1875 2000.04 13042.2 30.1875 -2000.04 -1.19614
1.14 -29.8372 2000.25 12893.6 29.8372 -2000.25 -3.90493
1.145 -29.4668 2000.37 12735 29.4668 -2000.37 -5.38617
1.15 -29.093 2000.3 12572.5 29.093 -2000.3 -4.31466
1.155 -28.7082 2000.24 12405.4 28.7082 -2000.24 -3.46505
1.16 -28.3131 2000.19 12234 28.3131 -2000.19 -2.79138
1.165 -27.9056 2000.17 12057.7 27.9056 -2000.17 -2.5123
1.17 -27.478 2000.19 11873.3 27.478 -2000.19 -2.76593
1.175 -27.0435 2000.15 11685 27.0435 -2000.15 -2.22255
1.18 -26.5695 2000.27 11483.6 26.5695 -2000.27 -5.58386
1.185 -26.0783 2000.34 11273.1 26.0783 -2000.34 -7.22461
1.19 -25.5834 2000.27 11057.9 25.5834 -2000.27 -5.80631
1.195 -25.0715 2000.22 10835.5 25.0715 -2000.22 -4.66263
1.2 -24.5411 2000.18 10605.5 24.5411 -2000.18 -3.75438
1.205 -23.9921 2000.14 10367.6 23.9921 -2000.14 -3.02186
1.21 -23.4068 2000.19 10116.7 23.4068 -2000.19 -4.9437
1.215 -22.7985 2000.23 9855.3 22.7985 -2000.23 -6.36757
1.22 -22.185 2000.19 9589.07 22.185 -2000.19 -5.12758
1.225 -21.5533 2000.17 9315.93 21.5533 -2000.17 -4.89119
1.23 -20.9098 2000.16 9037.63 20.9098 -2000.16 -4.60079
1.235 -20.2516 2000.16 8753.55 20.2516 -2000.16 -4.8828
1.24 -19.5873 2000.15 8466.33 19.5873 -2000.15 -4.61445
1.245 -18.9182 2000.12 8176.37 18.9182 -2000.12 -3.71022
1.25 -18.2405 2000.1 7882.88 18.2405 -2000.1 -2.98273
1.255 -17.5526 2000.08 7585.13 17.5526 -2000.08 -2.39578
1.26 -16.8525 2000.06 7282.2 16.8525 -2000.06 -1.91785
1.265 -16.1378 2000.05 6973.07 16.1378 -2000.05 -1.53608
1.27 -15.4064 2000.04 6656.78 15.4064 -2000.04 -1.22747
1.275 -14.6562 2000.03 6332.46 14.6562 -2000.03 -0.977702
1.28 -13.8857 2000.02 5999.4 13.8857 -2000.02 -0.782832
1.285 -13.0937 2000.02 5657.12 13.0937 -2000.02 -0.620643
1.29 -12.28 2000.02 5305.46 12.28 -2000.02 -0.485645
1.295 -11.4448 2000.01 4944.5 11.4448 -2000.01 -0.365534
1.3 -10.5885 2000 4574.47 10.5885 -2000 -0.257669
1.305 -9.71205 2000 4195.77 9.71205 -2000 -0.167069
1.31 -8.81633 2000 3808.76 8.81633 -2000 -0.109425
1.315 -7.90193 1999.99 3413.71 7.90193 -1999.99 -0.0760903
1.32 -6.96996 1999.98 3011.04 6.96996 -1999.98 -0.0145234
1.325 -6.02178 1999.97 2601.35 6.02178 -1999.97 0.0546175
1.33 -5.05844 1999.96 2185.21 5.05844 -1999.96 0.0378435
1.335 -4.08286 1999.94 1763.68 4.08286 -1999.94 0.113112
1.34 -3.09693 1999.9 1337.7 3.09693 -1999.9 0.167328
1.345 -2.1038 1999.82 908.601 2.1038 -1999.82 0.242297
1.35 -1.10572 1999.73 477.284 1.10572 -1999.73 0.388283
1.355 -0.105349 1999.61 45.061 0.105349 -1999.61 0.449819
1.36 0.89979 1999.57 -388.956 -0.89979 -1999.57 0.246983
1.365 1.90562 1999.49 -822.626 -1.90562 -1999.49 -0.602961
1.37 2.89783 1999.19 -1248.56 -2.89783 -1999.19 -3.30435
1.375 3.84384 1998.97 -1659.8 -3.84384 -1998.97 -0.742742
1.38 4.79143 1999.05 -2070.95 -4.79143 -1999.05 1.05121
1.385 5.74849 1999.18 -2484.4 -5.74849 -1999.18 1.05811
1.39 6.70924 1999.29 -2899.47 -6.70924 -1999.29 1.07709
1.395 7.67395 1999.38 -3316.25 -7.67395 -1999.38 1.1079
1.4 8.64283 1999.46 -3734.85 -8.64283 -1999.46 1.14896
1.405 9.61603 1999.53 -4155.32 -9.61603 -1999.53 1.196
1.41 10.5936 1999.58 -4577.69 -10.5936 -1999.58 1.24502
1.415 11.5757 1999.63 -5001.98 -11.5757 -1999.63 1.29336
1.42 12.5623 1999.67 -5428.27 -12.5623 -1999.67 1.33975
1.425 13.5541 1999.7 -5856.74 -13.5541 -1999.7 1.38399
1.43 14.5516 1999.72 -6287.72 -14.5516 -1999.72 1.42658
1.435 15.5558 1999.74 -6721.58 -15.5558 -1999.74 1.4683
1.44 16.5673 1999.76 -7158.57 -16.5673 -1999.76 1.50994
1.445 17.5862 1999.77 -7598.78 -17.5862 -1999.77 1.55197
1.45 18.6126 1999.78 -8042.26 -18.6126 -1999.78 1.59462
1.455 19.6471 1999.79 -8489.16 -19.6471 -1999.79 1.63799
1.46 20.6899 1999.79 -8939.72 -20.6899 -1999.79 1.68264
1.465 21.7286 1999.85 -9390.22 -21.7286 -1999.85 3.46249
1.47 22.7624 1999.93 -9839.57 -22.7624 -1999.93 6.21696
1.475 23.768 2000.14 -10280 -23.768 -2000.14 12.2038
1.48 24.7788 2000.23 -10719.1 -24.7788 -2000.23 14.6884
1.485 25.811 2000.14 -11162.6 -25.811 -2000.14 12.2759
1.49 26.7895 2000.38 -11590.6 -26.7895 -2000.38 17.5083
1.495 27.7448 2000.57 -12006.6 -27.7448 -2000.57 20.8022
1.5 28.6666 2000.85 -12406.4 -28.6666 -2000.85 22.4716
1.505 29.4886 2001.38 -12767.5 -29.4886 -2001.38 28.3871
1.51 30.3258 2001.2 -13127.2 -30.3258 -2001.2 26.4225
1.515 31.1753 2000.93 -13489.6 -31.1753 -2000.93 21.8222
1.52 32.0265 2000.71 -13853.6 -32.0265 -2000.71 18.1829
1.525 32.7864 2001.38 -14186.8 -32.7864 -2001.38 23.0241
1.53 33.5336 2001.69 -14513.2 -33.5336 -2001.69 26.676
1.535 34.2993 2001.41 -14841.5 -34.2993 -2001.41 24.1906
1.54 35.073 2001.1 -15171.6 -35.073 -2001.1 20.0775
1.545 35.8458 2000.85 -15502.2 -35.8458 -2000.85 16.8284
1.55 36.5702 2001.16 -15816.2 -36.5702 -2001.16 17.8957
1.555 37.2738 2001.32 -16120.4 -37.2738 -2001.32 18.079
1.56 37.98 2001.07 -16423.6 -37.98 -2001.07 16.2065
1.565 38.6794 2000.89 -16724.6 -38.6794 -2000.89 15.0454
1.57 39.3737 2000.73 -17023.2 -39.3737 -2000.73 13.8274
1.575 40.049 2000.7 -17316.1 -40.049 -2000.7 14.8928
1.58 40.6985 2000.83 -17598.6 -40.6985 -2000.83 16.8769
1.585 41.3288 2000.93 -17869.7 -41.3288 -2000.93 15.6734
1.59 41.9431 2000.88 -18136.1 -41.9431 -2000.88 16.6369
1.595 42.5349 2000.95 -18394.4 -42.5349 -2000.95 19.3674
1.6 43.1313 2000.82 -18651 -43.1313 -2000.82 18.331
1.605 43.6832 2001.08 -18894.9 -43.6832 -2001.08 23.7021
1.61 44.2404 2001.11 -19136.9 -44.2404 -2001.11 25.0216
1.615 44.7812 2001.13 -19371.4 -44.7812 -2001.13 25.9051
1.62 45.2995 2001.17 -19596.4 -45.2995 -2001.17 27.0672
1.625 45.798 2001.26 -19811.7 -45.798 -2001.26 26.9961
1.63 46.2464 2001.6 -20006.8 -46.2464 -2001.6 28.3742
1.635 46.6936 2001.41 -20196.4 -46.6936 -2001.41 24.7822
1.64 47.0933 2001.43 -20369.7 -47.0933 -2001.43 25.352
1.645 47.492 2001.2 -20538.6 -47.492 -2001.2 22.1004
1.65 47.8507 2001.38 -20694.9 -47.8507 -2001.38 23.412
1.655 48.1988 2001.38 -20844.7 -48.1988 -2001.38 22.8278
1.66 48.5349 2001.25 -20988 -48.5349 -2001.25 20.8875
1.665 48.8497 2001.28 -21121.5 -48.8497 -2001.28 18.4471
1.67 49.1514 2000.99 -21250.9 -49.1514 -2000.99 17.4592
1.675 49.4532 2000.82 -21377.9 -49.4532 -2000.82 14.1038
1.68 49.7435 2000.72 -21500.8 -49.7435 -2000.72 11.5859
1.685 50.0118 2000.57 -21618.5 -50.0118 -2000.57 13.3986
1.69 50.2729 2000.41 -21732.6 -50.2729 -2000.41 14.7558
1.695 50.5231 2000.28 -21842.4 -50.5231 -2000.28 16.4278
1.7 50.7453 2000.7 -21940.8 -50.7453 -2000.7 18.7751
1.705 50.9438 2000.82 -22029.1 -50.9438 -2000.82 21.3472
1.71 51.0802 2000.48 -22098.2 -51.0802 -2000.48 31.5291
1.715 51.1926 2000.21 -22154 -51.1926 -2000.21 38.8151
1.72 51.3035 2000.14 -22201.7 -51.3035 -2000.14 38.5997
1.725 51.2968 2000.01 -22215.3 -51.2968 -2000.01 55.1161
1.73 51.2219 1999.5 -22199.5 -51.2219 -1999.5 71.6433
1.735 51.0745 1998.74 -22147.8 -51.0745 -1998.74 83.6497
1.74 50.9535 1998.62 -22089.5 -50.9535 -1998.62 77.641
1.745 50.8337 1998.77 -22025.9 -50.8337 -1998.77 65.8032
1.75 50.6862 1998.72 -21954.2 -50.6862 -1998.72 57.7628
1.755 50.516 1998.69 -21874.6 -50.516 -1998.69 51.6636
1.76 50.2727 1998.62 -21772.4 -50.2727 -1998.62 54.5816
1.765 50.0314 1998.67 -21662.9 -50.0314 -1998.67 49.3229
1.77 49.8033 1999.03 -21553.4 -49.8033 -1999.03 38.3364
1.775 49.552 1999.23 -21439.6 -49.552 -1999.23 33.1711
1.78 49.2886 1999.28 -21321.7 -49.2886 -1999.28 28.969
1.785 49.0152 1999.27 -21199.9 -49.0152 -1999.27 25.266
1.79 48.7426 1999.34 -21074.8 -48.7426 -1999.34 17.9947
1.795 48.4547 1999.37 -20945.8 -48.4547 -1999.37 13.41
1.8 48.1285 1999.13 -20807.4 -48.1285 -1999.13 15.8999
1.805 47.7893 1998.99 -20662 -47.7893 -1998.99 16.9793
1.81 47.4523 1999.05 -20514.3 -47.4523 -1999.05 14.8622
1.815 47.1744 1999.76 -20379.5 -47.1744 -1999.76 0.145804
1.82 47.0427 2000.6 -20299.7 -47.0427 -2000.6 -22.7707
1.825 46.8389 2000.42 -20216.2 -46.8389 -2000.42 -18.2199
1.83 46.6336 2000.26 -20131.7 -46.6336 -2000.26 -14.0512
1.835 46.4299 2000.16 -20046.4 -46.4299 -2000.16 -11.2847
1.84 46.2249 2000.08 -19960.2 -46.2249 -2000.08 -8.93787
1.845 46.0166 1999.98 -19872.6 -46.0166 -1999.98 -6.50641
1.85 45.8031 1999.76 -19782.8 -45.8031 -1999.76 -4.11865
1.855 45.6825 2000.28 -19718.2 -45.6825 -2000.28 -16.597
1.86 45.5624 2000.59 -19660.5 -45.5624 -2000.59 -22.4696
1.865 45.4124 2000.41 -19600.3 -45.4124 -2000.41 -17.8813
1.87 45.2613 2000.25 -19539 -45.2613 -2000.25 -13.8449
1.875 45.1094 2000.11 -19476.7 -45.1094 -2000.11 -10.555
1.88 44.9562 2000 -19413.2 -44.9562 -2000 -7.86298
1.885 44.8022 1999.9 -19348.6 -44.8022 -1999.9 -5.94974
1.89 44.6462 1999.82 -19282.7 -44.6462 -1999.82 -4.46125
1.895 44.4782 1999.58 -19213 -44.4782 -1999.58 -1.58858
1.9 44.3107 1999.47 -19142.2 -44.3107 -1999.47 -0.0365781
1.905 44.1451 1999.49 -19070.8 -44.1451 -1999.49 0.119408
1.91 43.9892 1999.62 -19002 -43.9892 -1999.62 -1.31771
1.915 43.8727 1999.94 -18947.2 -43.8727 -1999.94 -5.77348
1.92 43.7418 1999.89 -18891.5 -43.7418 -1999.89 -4.92742
1.925 43.7105 2000.22 -18869.5 -43.7105 -2000.22 -13.4406
1.93 43.6474 2000.11 -18845.2 -43.6474 -2000.11 -10.4791
1.935 43.5846 2000.02 -18820.4 -43.5846 -2000.02 -8.07969
1.94 43.6144 2000.54 -18821.4 -43.6144 -2000.54 -19.9948
1.945 43.6275 2000.72 -18823.5 -43.6275 -2000.72 -23.6156
1.95 43.6166 2000.53 -18823.6 -43.6166 -2000.53 -18.7583
1.955 43.6076 2000.38 -18823.6 -43.6076 -2000.38 -14.8408
1.96 43.6 2000.26 -18823.5 -43.6 -2000.26 -11.704
1.965 43.5932 2000.15 -18823.1 -43.5932 -2000.15 -9.16362
1.97 43.5827 1999.98 -18821.2 -43.5827 -1999.98 -6.51019
1.975 43.5717 1999.84 -18818.6 -43.5717 -1999.84 -4.42406
1.98 43.5633 1999.81 -18816 -43.5633 -1999.81 -3.29852
1.985 43.5545 1999.79 -18813.2 -43.5545 -1999.79 -2.37548
1.99 43.5355 1999.49 -18807.1 -43.5355 -1999.49 -0.23766
1.995 43.5195 1999.38 -18801.3 -43.5195 -1999.38 0.823403
2 43.5072 1999.46 -18795.9 -43.5072 -1999.46 0.846638
2.005 43.4869 1999.34 -18788.2 -43.4869 -1999.34 1.88782
2.01 43.4681 1999.32 -18780.5 -43.4681 -1999.32 2.2781
2.015 43.4514 1999.42 -18773 -43.4514 -1999.42 1.96629
2.02 43.4511 1999.78 -18770.1 -43.4511 -1999.78 -0.7294
2.025 43.4553 2000.05 -18770 -43.4553 -2000.05 -2.73758
2.03 43.4505 2000.02 -18768.5 -43.4505 -2000.02 -2.12255
2.035 43.4458 1999.99 -18767 -43.4458 -1999.99 -1.62641
2.04 43.4411 1999.97 -18765.3 -43.4411 -1999.97 -1.22337
2.045 43.4364 1999.95 -18763.6 -43.4364 -1999.95 -0.895174
2.05 43.4317 1999.93 -18761.9 -43.4317 -1999.93 -0.627049
2.055 43.4268 1999.91 -18760 -43.4268 -1999.91 -0.407039
2.06 43.4217 1999.9 -18758 -43.4217 -1999.9 -0.225601
2.065 43.4165 1999.89 -18755.9 -43.4165 -1999.89 -0.075114
2.07 43.411 1999.88 -18753.6 -43.411 -1999.88 0.0505164
2.075 43.4054 1999.87 -18751.3 -43.4054 -1999.87 0.156239
2.08 43.3994 1999.86 -18748.8 -43.3994 -1999.86 0.246134
2.085 43.3932 1999.85 -18746.2 -43.3932 -1999.85 0.323579
2.09 43.3866 1999.84 -18743.4 -43.3866 -1999.84 0.391375
2.095 43.3797 1999.83 -18740.5 -43.3797 -1999.83 0.451922
2.1 43.3725 1999.82 -18737.4 -43.3725 -1999.82 0.507151
2.105 43.3648 1999.81 -18734.1 -43.3648 -1999.81 0.558804
2.11 43.3567 1999.8 -18730.7 -43.3567 -1999.8 0.608396
2.115 43.3481 1999.79 -18727.1 -43.3481 -1999.79 0.657088
2.12 43.3391 1999.78 -18723.2 -43.3391 -1999.78 0.705863
2.125 43.3295 1999.77 -18719.1 -43.3295 -1999.77 0.755568
2.13 43.3194 1999.75 -18714.8 -43.3194 -1999.75 0.806918
2.135 43.3086 1999.74 -18710.2 -43.3086 -1999.74 0.860513
2.14 43.2972 1999.72 -18705.3 -43.2972 -1999.72 0.916887
2.145 43.2814 1999.56 -18699.1 -43.2814 -1999.56 1.48933
2.15 43.2619 1999.38 -18691.2 -43.2619 -1999.38 2.11836
2.155 43.2457 1999.46 -18684 -43.2457 -1999.46 1.84433
2.16 43.2289 1999.51 -18676.5 -43.2289 -1999.51 1.63225
2.165 43.2115 1999.56 -18668.8 -43.2115 -1999.56 1.46645
2.17 43.1935 1999.59 -18660.9 -43.1935 -1999.59 1.33908
2.175 43.1748 1999.61 -18652.7 -43.1748 -1999.61 1.24392
2.18 43.1554 1999.63 -18644.3 -43.1554 -1999.63 1.17607
2.185 43.1353 1999.64 -18635.6 -43.1353 -1999.64 1.1318
2.19 43.1143 1999.64 -18626.5 -43.1143 -1999.64 1.10831
2.195 43.0925 1999.64 -18617.1 -43.0925 -1999.64 1.10354
2.2 43.0697 1999.63 -18607.2 -43.0697 -1999.63 1.11599
2.205 43.0459 1999.62 -18597 -43.0459 -1999.62 1.14469
2.21 43.0253 1999.68 -18587.5 -43.0253 -1999.68 0.564272
2.215 43.0113 1999.84 -18580.5 -43.0113 -1999.84 -0.430607
2.22 42.993 1999.83 -18572.7 -42.993 -1999.83 -0.219244
2.225 42.9742 1999.81 -18564.8 -42.9742 -1999.81 -0.0444657
2.23 42.955 1999.8 -18556.7 -42.955 -1999.8 0.104096
2.235 42.9353 1999.78 -18548.3 -42.9353 -1999.78 0.231945
2.24 42.9151 1999.76 -18539.7 -42.9151 -1999.76 0.343592
2.245 42.8944 1999.75 -18530.8 -42.8944 -1999.75 0.442858
2.25 42.873 1999.73 -18521.7 -42.873 -1999.73 0.53281
2.255 42.851 1999.71 -18512.3 -42.851 -1999.71 0.616153
2.26 42.8254 1999.51 -18501.6 -42.8254 -1999.51 1.06192
2.265 42.7891 1999.01 -18487 -42.7891 -1999.01 2.09684
2.27 42.7494 1998.84 -18470.3 -42.7494 -1998.84 2.57126
2.275 42.7009 1998.57 -18450.2 -42.7009 -1998.57 3.37633
2.28 42.638 1998.08 -18424.2 -42.638 -1998.08 4.63319
2.285 42.5272 1996.33 -18380.8 -42.5272 -1996.33 9.06637
2.29 0.266306 -47.563 -91.0368 -0.266306 47.563 -24.0074
2.295 -1.92673 3.331 235.115 1.92673 -3.331 597.234
